# JRE version: OpenJDK Runtime Environment (13.0.7+5) (build 13.0.7+5-Ubuntu-0ubuntu120.04)
# Java VM: OpenJDK 64-Bit Server VM (13.0.7+5-Ubuntu-0ubuntu120.04, mixed mode, tiered, compressed oops, serial gc, linux-amd64)
Heap:
 def new generation   total 1993088K, used 0K [0x0000000080200000, 0x00000001074a0000, 0x0000000300150000)
  eden space 1771648K,   0% used [0x0000000080200000, 0x0000000080200000, 0x00000000ec420000)
  from space 221440K,   0% used [0x00000000f9c60000, 0x00000000f9c60000, 0x00000001074a0000)
  to   space 221440K,   0% used [0x00000000ec420000, 0x00000000ec420000, 0x00000000f9c60000)
 tenured generation   total 4516752K, used 3019105K [0x0000000300150000, 0x0000000413c34000, 0x0000000800000000)
   the space 4516752K,  66% used [0x0000000300150000, 0x00000003b85a8478, 0x00000003b85a8600, 0x0000000413c34000)
 Metaspace       used 22742K, capacity 23297K, committed 23680K, reserved 1071104K
  class space    used 2354K, capacity 2568K, committed 2688K, reserved 1048576K
GC Heap History (20 events):
Event: 576.199 GC heap after
{Heap after GC invocations=704 (full 24):
 def new generation   total 1993088K, used 210042K [0x0000000080200000, 0x00000001074a0000, 0x0000000300150000)
  eden space 1771648K,   0% used [0x0000000080200000, 0x0000000080200000, 0x00000000ec420000)
  from space 221440K,  94% used [0x00000000ec420000, 0x00000000f913eb40, 0x00000000f9c60000)
  to   space 221440K,   0% used [0x00000000f9c60000, 0x00000000f9c60000, 0x00000001074a0000)
 tenured generation   total 4428964K, used 4074754K [0x0000000300150000, 0x000000040e679000, 0x0000000800000000)
   the space 4428964K,  92% used [0x0000000300150000, 0x00000003f8c908c8, 0x00000003f8c90a00, 0x000000040e679000)
 Metaspace       used 22742K, capacity 23297K, committed 23680K, reserved 1071104K
  class space    used 2354K, capacity 2568K, committed 2688K, reserved 1048576K
}
Event: 577.442 GC heap before
{Heap before GC invocations=704 (full 24):
 def new generation   total 1993088K, used 1981690K [0x0000000080200000, 0x00000001074a0000, 0x0000000300150000)
  eden space 1771648K, 100% used [0x0000000080200000, 0x00000000ec420000, 0x00000000ec420000)
  from space 221440K,  94% used [0x00000000ec420000, 0x00000000f913eb40, 0x00000000f9c60000)
  to   space 221440K,   0% used [0x00000000f9c60000, 0x00000000f9c60000, 0x00000001074a0000)
 tenured generation   total 4428964K, used 4074754K [0x0000000300150000, 0x000000040e679000, 0x0000000800000000)
   the space 4428964K,  92% used [0x0000000300150000, 0x00000003f8c908c8, 0x00000003f8c90a00, 0x000000040e679000)
 Metaspace       used 22742K, capacity 23297K, committed 23680K, reserved 1071104K
  class space    used 2354K, capacity 2568K, committed 2688K, reserved 1048576K
}
Event: 577.568 GC heap after
{Heap after GC invocations=705 (full 24):
 def new generation   total 1993088K, used 203630K [0x0000000080200000, 0x00000001074a0000, 0x0000000300150000)
  eden space 1771648K,   0% used [0x0000000080200000, 0x0000000080200000, 0x00000000ec420000)
  from space 221440K,  91% used [0x00000000f9c60000, 0x000000010633bbc8, 0x00000001074a0000)
  to   space 221440K,   0% used [0x00000000ec420000, 0x00000000ec420000, 0x00000000f9c60000)
 tenured generation   total 4428964K, used 4165781K [0x0000000300150000, 0x000000040e679000, 0x0000000800000000)
   the space 4428964K,  94% used [0x0000000300150000, 0x00000003fe575580, 0x00000003fe575600, 0x000000040e679000)
 Metaspace       used 22742K, capacity 23297K, committed 23680K, reserved 1071104K
  class space    used 2354K, capacity 2568K, committed 2688K, reserved 1048576K
}
Event: 578.826 GC heap before
{Heap before GC invocations=705 (full 24):
 def new generation   total 1993088K, used 1975278K [0x0000000080200000, 0x00000001074a0000, 0x0000000300150000)
  eden space 1771648K, 100% used [0x0000000080200000, 0x00000000ec420000, 0x00000000ec420000)
  from space 221440K,  91% used [0x00000000f9c60000, 0x000000010633bbc8, 0x00000001074a0000)
  to   space 221440K,   0% used [0x00000000ec420000, 0x00000000ec420000, 0x00000000f9c60000)
 tenured generation   total 4428964K, used 4165781K [0x0000000300150000, 0x000000040e679000, 0x0000000800000000)
   the space 4428964K,  94% used [0x0000000300150000, 0x00000003fe575580, 0x00000003fe575600, 0x000000040e679000)
 Metaspace       used 22742K, capacity 23297K, committed 23680K, reserved 1071104K
  class space    used 2354K, capacity 2568K, committed 2688K, reserved 1048576K
}
Event: 578.877 GC heap after
{Heap after GC invocations=706 (full 24):
 def new generation   total 1993088K, used 147841K [0x0000000080200000, 0x00000001074a0000, 0x0000000300150000)
  eden space 1771648K,   0% used [0x0000000080200000, 0x0000000080200000, 0x00000000ec420000)
  from space 221440K,  66% used [0x00000000ec420000, 0x00000000f54804b0, 0x00000000f9c60000)
  to   space 221440K,   0% used [0x00000000f9c60000, 0x00000000f9c60000, 0x00000001074a0000)
 tenured generation   total 4428964K, used 4176628K [0x0000000300150000, 0x000000040e679000, 0x0000000800000000)
   the space 4428964K,  94% used [0x0000000300150000, 0x00000003ff00d2b0, 0x00000003ff00d400, 0x000000040e679000)
 Metaspace       used 22742K, capacity 23297K, committed 23680K, reserved 1071104K
  class space    used 2354K, capacity 2568K, committed 2688K, reserved 1048576K
}
Event: 580.151 GC heap before
{Heap before GC invocations=706 (full 24):
 def new generation   total 1993088K, used 1919489K [0x0000000080200000, 0x00000001074a0000, 0x0000000300150000)
  eden space 1771648K, 100% used [0x0000000080200000, 0x00000000ec420000, 0x00000000ec420000)
  from space 221440K,  66% used [0x00000000ec420000, 0x00000000f54804b0, 0x00000000f9c60000)
  to   space 221440K,   0% used [0x00000000f9c60000, 0x00000000f9c60000, 0x00000001074a0000)
 tenured generation   total 4428964K, used 4176628K [0x0000000300150000, 0x000000040e679000, 0x0000000800000000)
   the space 4428964K,  94% used [0x0000000300150000, 0x00000003ff00d2b0, 0x00000003ff00d400, 0x000000040e679000)
 Metaspace       used 22742K, capacity 23297K, committed 23680K, reserved 1071104K
  class space    used 2354K, capacity 2568K, committed 2688K, reserved 1048576K
}
Event: 580.252 GC heap after
{Heap after GC invocations=707 (full 24):
 def new generation   total 1993088K, used 102586K [0x0000000080200000, 0x00000001074a0000, 0x0000000300150000)
  eden space 1771648K,   0% used [0x0000000080200000, 0x0000000080200000, 0x00000000ec420000)
  from space 221440K,  46% used [0x00000000f9c60000, 0x000000010008ebc0, 0x00000001074a0000)
  to   space 221440K,   0% used [0x00000000ec420000, 0x00000000ec420000, 0x00000000f9c60000)
 tenured generation   total 4428964K, used 4323941K [0x0000000300150000, 0x000000040e679000, 0x0000000800000000)
   the space 4428964K,  97% used [0x0000000300150000, 0x0000000407fe9498, 0x0000000407fe9600, 0x000000040e679000)
 Metaspace       used 22742K, capacity 23297K, committed 23680K, reserved 1071104K
  class space    used 2354K, capacity 2568K, committed 2688K, reserved 1048576K
}
Event: 581.521 GC heap before
{Heap before GC invocations=707 (full 24):
 def new generation   total 1993088K, used 1874234K [0x0000000080200000, 0x00000001074a0000, 0x0000000300150000)
  eden space 1771648K, 100% used [0x0000000080200000, 0x00000000ec420000, 0x00000000ec420000)
  from space 221440K,  46% used [0x00000000f9c60000, 0x000000010008ebc0, 0x00000001074a0000)
  to   space 221440K,   0% used [0x00000000ec420000, 0x00000000ec420000, 0x00000000f9c60000)
 tenured generation   total 4428964K, used 4323941K [0x0000000300150000, 0x000000040e679000, 0x0000000800000000)
   the space 4428964K,  97% used [0x0000000300150000, 0x0000000407fe9498, 0x0000000407fe9600, 0x000000040e679000)
 Metaspace       used 22742K, capacity 23297K, committed 23680K, reserved 1071104K
  class space    used 2354K, capacity 2568K, committed 2688K, reserved 1048576K
}
Event: 581.558 GC heap after
{Heap after GC invocations=708 (full 24):
 def new generation   total 1993088K, used 95485K [0x0000000080200000, 0x00000001074a0000, 0x0000000300150000)
  eden space 1771648K,   0% used [0x0000000080200000, 0x0000000080200000, 0x00000000ec420000)
  from space 221440K,  43% used [0x00000000ec420000, 0x00000000f215f5e0, 0x00000000f9c60000)
  to   space 221440K,   0% used [0x00000000f9c60000, 0x00000000f9c60000, 0x00000001074a0000)
 tenured generation   total 4428964K, used 4323941K [0x0000000300150000, 0x000000040e679000, 0x0000000800000000)
   the space 4428964K,  97% used [0x0000000300150000, 0x0000000407fe9498, 0x0000000407fe9600, 0x000000040e679000)
 Metaspace       used 22742K, capacity 23297K, committed 23680K, reserved 1071104K
  class space    used 2354K, capacity 2568K, committed 2688K, reserved 1048576K
}
Event: 582.809 GC heap before
{Heap before GC invocations=708 (full 24):
 def new generation   total 1993088K, used 1867133K [0x0000000080200000, 0x00000001074a0000, 0x0000000300150000)
  eden space 1771648K, 100% used [0x0000000080200000, 0x00000000ec420000, 0x00000000ec420000)
  from space 221440K,  43% used [0x00000000ec420000, 0x00000000f215f5e0, 0x00000000f9c60000)
  to   space 221440K,   0% used [0x00000000f9c60000, 0x00000000f9c60000, 0x00000001074a0000)
 tenured generation   total 4428964K, used 4323941K [0x0000000300150000, 0x000000040e679000, 0x0000000800000000)
   the space 4428964K,  97% used [0x0000000300150000, 0x0000000407fe9498, 0x0000000407fe9600, 0x000000040e679000)
 Metaspace       used 22742K, capacity 23297K, committed 23680K, reserved 1071104K
  class space    used 2354K, capacity 2568K, committed 2688K, reserved 1048576K
}
Event: 582.900 GC heap after
{Heap after GC invocations=709 (full 24):
 def new generation   total 1993088K, used 198051K [0x0000000080200000, 0x00000001074a0000, 0x0000000300150000)
  eden space 1771648K,   0% used [0x0000000080200000, 0x0000000080200000, 0x00000000ec420000)
  from space 221440K,  89% used [0x00000000f9c60000, 0x0000000105dc8d40, 0x00000001074a0000)
  to   space 221440K,   0% used [0x00000000ec420000, 0x00000000ec420000, 0x00000000f9c60000)
 tenured generation   total 4428964K, used 4323941K [0x0000000300150000, 0x000000040e679000, 0x0000000800000000)
   the space 4428964K,  97% used [0x0000000300150000, 0x0000000407fe9498, 0x0000000407fe9600, 0x000000040e679000)
 Metaspace       used 22742K, capacity 23297K, committed 23680K, reserved 1071104K
  class space    used 2354K, capacity 2568K, committed 2688K, reserved 1048576K
}
Event: 584.178 GC heap before
{Heap before GC invocations=709 (full 24):
 def new generation   total 1993088K, used 1969699K [0x0000000080200000, 0x00000001074a0000, 0x0000000300150000)
  eden space 1771648K, 100% used [0x0000000080200000, 0x00000000ec420000, 0x00000000ec420000)
  from space 221440K,  89% used [0x00000000f9c60000, 0x0000000105dc8d40, 0x00000001074a0000)
  to   space 221440K,   0% used [0x00000000ec420000, 0x00000000ec420000, 0x00000000f9c60000)
 tenured generation   total 4428964K, used 4323941K [0x0000000300150000, 0x000000040e679000, 0x0000000800000000)
   the space 4428964K,  97% used [0x0000000300150000, 0x0000000407fe9498, 0x0000000407fe9600, 0x000000040e679000)
 Metaspace       used 22742K, capacity 23297K, committed 23680K, reserved 1071104K
  class space    used 2354K, capacity 2568K, committed 2688K, reserved 1048576K
}
Event: 584.363 GC heap after
{Heap after GC invocations=710 (full 24):
 def new generation   total 1993088K, used 204150K [0x0000000080200000, 0x00000001074a0000, 0x0000000300150000)
  eden space 1771648K,   0% used [0x0000000080200000, 0x0000000080200000, 0x00000000ec420000)
  from space 221440K,  92% used [0x00000000ec420000, 0x00000000f8b7d918, 0x00000000f9c60000)
  to   space 221440K,   0% used [0x00000000f9c60000, 0x00000000f9c60000, 0x00000001074a0000)
 tenured generation   total 4428964K, used 4418897K [0x0000000300150000, 0x000000040e679000, 0x0000000800000000)
   the space 4428964K,  99% used [0x0000000300150000, 0x000000040dca4508, 0x000000040dca4600, 0x000000040e679000)
 Metaspace       used 22742K, capacity 23297K, committed 23680K, reserved 1071104K
  class space    used 2354K, capacity 2568K, committed 2688K, reserved 1048576K
}
Event: 585.647 GC heap before
{Heap before GC invocations=710 (full 24):
 def new generation   total 1993088K, used 1975798K [0x0000000080200000, 0x00000001074a0000, 0x0000000300150000)
  eden space 1771648K, 100% used [0x0000000080200000, 0x00000000ec420000, 0x00000000ec420000)
  from space 221440K,  92% used [0x00000000ec420000, 0x00000000f8b7d918, 0x00000000f9c60000)
  to   space 221440K,   0% used [0x00000000f9c60000, 0x00000000f9c60000, 0x00000001074a0000)
 tenured generation   total 4428964K, used 4418897K [0x0000000300150000, 0x000000040e679000, 0x0000000800000000)
   the space 4428964K,  99% used [0x0000000300150000, 0x000000040dca4508, 0x000000040dca4600, 0x000000040e679000)
 Metaspace       used 22742K, capacity 23297K, committed 23680K, reserved 1071104K
  class space    used 2354K, capacity 2568K, committed 2688K, reserved 1048576K
}
Event: 585.694 GC heap after
{Heap after GC invocations=711 (full 24):
 def new generation   total 1993088K, used 110557K [0x0000000080200000, 0x00000001074a0000, 0x0000000300150000)
  eden space 1771648K,   0% used [0x0000000080200000, 0x0000000080200000, 0x00000000ec420000)
  from space 221440K,  49% used [0x00000000f9c60000, 0x0000000100857400, 0x00000001074a0000)
  to   space 221440K,   0% used [0x00000000ec420000, 0x00000000ec420000, 0x00000000f9c60000)
 tenured generation   total 4428964K, used 4423554K [0x0000000300150000, 0x000000040e679000, 0x0000000800000000)
   the space 4428964K,  99% used [0x0000000300150000, 0x000000040e130a48, 0x000000040e130c00, 0x000000040e679000)
 Metaspace       used 22742K, capacity 23297K, committed 23680K, reserved 1071104K
  class space    used 2354K, capacity 2568K, committed 2688K, reserved 1048576K
}
Event: 586.945 GC heap before
{Heap before GC invocations=711 (full 24):
 def new generation   total 1993088K, used 1882205K [0x0000000080200000, 0x00000001074a0000, 0x0000000300150000)
  eden space 1771648K, 100% used [0x0000000080200000, 0x00000000ec420000, 0x00000000ec420000)
  from space 221440K,  49% used [0x00000000f9c60000, 0x0000000100857400, 0x00000001074a0000)
  to   space 221440K,   0% used [0x00000000ec420000, 0x00000000ec420000, 0x00000000f9c60000)
 tenured generation   total 4428964K, used 4423554K [0x0000000300150000, 0x000000040e679000, 0x0000000800000000)
   the space 4428964K,  99% used [0x0000000300150000, 0x000000040e130a48, 0x000000040e130c00, 0x000000040e679000)
 Metaspace       used 22742K, capacity 23297K, committed 23680K, reserved 1071104K
  class space    used 2354K, capacity 2568K, committed 2688K, reserved 1048576K
}
Event: 587.036 GC heap after
{Heap after GC invocations=712 (full 24):
 def new generation   total 1993088K, used 212112K [0x0000000080200000, 0x00000001074a0000, 0x0000000300150000)
  eden space 1771648K,   0% used [0x0000000080200000, 0x0000000080200000, 0x00000000ec420000)
  from space 221440K,  95% used [0x00000000ec420000, 0x00000000f9344028, 0x00000000f9c60000)
  to   space 221440K,   0% used [0x00000000f9c60000, 0x00000000f9c60000, 0x00000001074a0000)
 tenured generation   total 4428964K, used 4423554K [0x0000000300150000, 0x000000040e679000, 0x0000000800000000)
   the space 4428964K,  99% used [0x0000000300150000, 0x000000040e130a48, 0x000000040e130c00, 0x000000040e679000)
 Metaspace       used 22742K, capacity 23297K, committed 23680K, reserved 1071104K
  class space    used 2354K, capacity 2568K, committed 2688K, reserved 1048576K
}
Event: 588.272 GC heap before
{Heap before GC invocations=712 (full 24):
 def new generation   total 1993088K, used 1968440K [0x0000000080200000, 0x00000001074a0000, 0x0000000300150000)
  eden space 1771648K,  99% used [0x0000000080200000, 0x00000000eb52a380, 0x00000000ec420000)
  from space 221440K,  95% used [0x00000000ec420000, 0x00000000f9344028, 0x00000000f9c60000)
  to   space 221440K,   0% used [0x00000000f9c60000, 0x00000000f9c60000, 0x00000001074a0000)
 tenured generation   total 4428964K, used 4423554K [0x0000000300150000, 0x000000040e679000, 0x0000000800000000)
   the space 4428964K,  99% used [0x0000000300150000, 0x000000040e130a48, 0x000000040e130c00, 0x000000040e679000)
 Metaspace       used 22742K, capacity 23297K, committed 23680K, reserved 1071104K
  class space    used 2354K, capacity 2568K, committed 2688K, reserved 1048576K
}
Event: 588.463 GC heap after
{Heap after GC invocations=713 (full 24):
 def new generation   total 1993088K, used 219019K [0x0000000080200000, 0x00000001074a0000, 0x0000000300150000)
  eden space 1771648K,   0% used [0x0000000080200000, 0x0000000080200000, 0x00000000ec420000)
  from space 221440K,  98% used [0x00000000f9c60000, 0x0000000107242de0, 0x00000001074a0000)
  to   space 221440K,   0% used [0x00000000ec420000, 0x00000000ec420000, 0x00000000f9c60000)
 tenured generation   total 4516752K, used 4516650K [0x0000000300150000, 0x0000000413c34000, 0x0000000800000000)
   the space 4516752K,  99% used [0x0000000300150000, 0x0000000413c1a8e0, 0x0000000413c1aa00, 0x0000000413c34000)
 Metaspace       used 22742K, capacity 23297K, committed 23680K, reserved 1071104K
  class space    used 2354K, capacity 2568K, committed 2688K, reserved 1048576K
}
Event: 588.463 GC heap before
{Heap before GC invocations=713 (full 24):
 def new generation   total 1993088K, used 219019K [0x0000000080200000, 0x00000001074a0000, 0x0000000300150000)
  eden space 1771648K,   0% used [0x0000000080200000, 0x0000000080200000, 0x00000000ec420000)
  from space 221440K,  98% used [0x00000000f9c60000, 0x0000000107242de0, 0x00000001074a0000)
  to   space 221440K,   0% used [0x00000000ec420000, 0x00000000ec420000, 0x00000000f9c60000)
 tenured generation   total 4516752K, used 4516650K [0x0000000300150000, 0x0000000413c34000, 0x0000000800000000)
   the space 4516752K,  99% used [0x0000000300150000, 0x0000000413c1a8e0, 0x0000000413c1aa00, 0x0000000413c34000)
 Metaspace       used 22742K, capacity 23297K, committed 23680K, reserved 1071104K
  class space    used 2354K, capacity 2568K, committed 2688K, reserved 1048576K
}

