# JRE version: OpenJDK Runtime Environment (13.0.7+5) (build 13.0.7+5-Ubuntu-0ubuntu120.04)
# Java VM: OpenJDK 64-Bit Server VM (13.0.7+5-Ubuntu-0ubuntu120.04, mixed mode, tiered, serial gc, linux-amd64)
Heap:
 def new generation   total 4859136K, used 81552K [0x00007f2b24600000, 0x00007f2c6de80000, 0x00007f3079b50000)
  eden space 4319232K,   1% used [0x00007f2b24600000, 0x00007f2b295a40e0, 0x00007f2c2c000000)
  from space 539904K,   0% used [0x00007f2c4cf40000, 0x00007f2c4cf40000, 0x00007f2c6de80000)
  to   space 539904K,   0% used [0x00007f2c2c000000, 0x00007f2c2c000000, 0x00007f2c4cf40000)
 tenured generation   total 10798388K, used 10798387K [0x00007f3079b50000, 0x00007f330cc9d000, 0x00007f3b24600000)
   the space 10798388K,  99% used [0x00007f3079b50000, 0x00007f330cc9cff0, 0x00007f330cc9d000, 0x00007f330cc9d000)
 Metaspace       used 24317K, capacity 24707K, committed 24832K, reserved 26624K
GC Heap History (20 events):
Event: 7167.465 GC heap after
{Heap after GC invocations=5310 (full 5):
 def new generation   total 4859136K, used 79742K [0x00007f2b24600000, 0x00007f2c6de80000, 0x00007f3079b50000)
  eden space 4319232K,   0% used [0x00007f2b24600000, 0x00007f2b24600000, 0x00007f2c2c000000)
  from space 539904K,  14% used [0x00007f2c2c000000, 0x00007f2c30ddfa10, 0x00007f2c4cf40000)
  to   space 539904K,   0% used [0x00007f2c4cf40000, 0x00007f2c4cf40000, 0x00007f2c6de80000)
 tenured generation   total 10798004K, used 10750831K [0x00007f3079b50000, 0x00007f330cc3d000, 0x00007f3b24600000)
   the space 10798004K,  99% used [0x00007f3079b50000, 0x00007f3309e2bc68, 0x00007f3309e2be00, 0x00007f330cc3d000)
 Metaspace       used 24317K, capacity 24707K, committed 24832K, reserved 26624K
}
Event: 7170.800 GC heap before
{Heap before GC invocations=5310 (full 5):
 def new generation   total 4859136K, used 4398974K [0x00007f2b24600000, 0x00007f2c6de80000, 0x00007f3079b50000)
  eden space 4319232K, 100% used [0x00007f2b24600000, 0x00007f2c2c000000, 0x00007f2c2c000000)
  from space 539904K,  14% used [0x00007f2c2c000000, 0x00007f2c30ddfa10, 0x00007f2c4cf40000)
  to   space 539904K,   0% used [0x00007f2c4cf40000, 0x00007f2c4cf40000, 0x00007f2c6de80000)
 tenured generation   total 10798004K, used 10750831K [0x00007f3079b50000, 0x00007f330cc3d000, 0x00007f3b24600000)
   the space 10798004K,  99% used [0x00007f3079b50000, 0x00007f3309e2bc68, 0x00007f3309e2be00, 0x00007f330cc3d000)
 Metaspace       used 24317K, capacity 24707K, committed 24832K, reserved 26624K
}
Event: 7170.949 GC heap after
{Heap after GC invocations=5311 (full 5):
 def new generation   total 4859136K, used 80226K [0x00007f2b24600000, 0x00007f2c6de80000, 0x00007f3079b50000)
  eden space 4319232K,   0% used [0x00007f2b24600000, 0x00007f2b24600000, 0x00007f2c2c000000)
  from space 539904K,  14% used [0x00007f2c4cf40000, 0x00007f2c51d98920, 0x00007f2c6de80000)
  to   space 539904K,   0% used [0x00007f2c2c000000, 0x00007f2c2c000000, 0x00007f2c4cf40000)
 tenured generation   total 10798004K, used 10755229K [0x00007f3079b50000, 0x00007f330cc3d000, 0x00007f3b24600000)
   the space 10798004K,  99% used [0x00007f3079b50000, 0x00007f330a2777c8, 0x00007f330a277800, 0x00007f330cc3d000)
 Metaspace       used 24317K, capacity 24707K, committed 24832K, reserved 26624K
}
Event: 7174.183 GC heap before
{Heap before GC invocations=5311 (full 5):
 def new generation   total 4859136K, used 4399458K [0x00007f2b24600000, 0x00007f2c6de80000, 0x00007f3079b50000)
  eden space 4319232K, 100% used [0x00007f2b24600000, 0x00007f2c2c000000, 0x00007f2c2c000000)
  from space 539904K,  14% used [0x00007f2c4cf40000, 0x00007f2c51d98920, 0x00007f2c6de80000)
  to   space 539904K,   0% used [0x00007f2c2c000000, 0x00007f2c2c000000, 0x00007f2c4cf40000)
 tenured generation   total 10798004K, used 10755229K [0x00007f3079b50000, 0x00007f330cc3d000, 0x00007f3b24600000)
   the space 10798004K,  99% used [0x00007f3079b50000, 0x00007f330a2777c8, 0x00007f330a277800, 0x00007f330cc3d000)
 Metaspace       used 24317K, capacity 24707K, committed 24832K, reserved 26624K
}
Event: 7174.343 GC heap after
{Heap after GC invocations=5312 (full 5):
 def new generation   total 4859136K, used 79778K [0x00007f2b24600000, 0x00007f2c6de80000, 0x00007f3079b50000)
  eden space 4319232K,   0% used [0x00007f2b24600000, 0x00007f2b24600000, 0x00007f2c2c000000)
  from space 539904K,  14% used [0x00007f2c2c000000, 0x00007f2c30de8938, 0x00007f2c4cf40000)
  to   space 539904K,   0% used [0x00007f2c4cf40000, 0x00007f2c4cf40000, 0x00007f2c6de80000)
 tenured generation   total 10798004K, used 10760132K [0x00007f3079b50000, 0x00007f330cc3d000, 0x00007f3b24600000)
   the space 10798004K,  99% used [0x00007f3079b50000, 0x00007f330a7412c8, 0x00007f330a741400, 0x00007f330cc3d000)
 Metaspace       used 24317K, capacity 24707K, committed 24832K, reserved 26624K
}
Event: 7177.586 GC heap before
{Heap before GC invocations=5312 (full 5):
 def new generation   total 4859136K, used 4399010K [0x00007f2b24600000, 0x00007f2c6de80000, 0x00007f3079b50000)
  eden space 4319232K, 100% used [0x00007f2b24600000, 0x00007f2c2c000000, 0x00007f2c2c000000)
  from space 539904K,  14% used [0x00007f2c2c000000, 0x00007f2c30de8938, 0x00007f2c4cf40000)
  to   space 539904K,   0% used [0x00007f2c4cf40000, 0x00007f2c4cf40000, 0x00007f2c6de80000)
 tenured generation   total 10798004K, used 10760132K [0x00007f3079b50000, 0x00007f330cc3d000, 0x00007f3b24600000)
   the space 10798004K,  99% used [0x00007f3079b50000, 0x00007f330a7412c8, 0x00007f330a741400, 0x00007f330cc3d000)
 Metaspace       used 24317K, capacity 24707K, committed 24832K, reserved 26624K
}
Event: 7177.729 GC heap after
{Heap after GC invocations=5313 (full 5):
 def new generation   total 4859136K, used 79779K [0x00007f2b24600000, 0x00007f2c6de80000, 0x00007f3079b50000)
  eden space 4319232K,   0% used [0x00007f2b24600000, 0x00007f2b24600000, 0x00007f2c2c000000)
  from space 539904K,  14% used [0x00007f2c4cf40000, 0x00007f2c51d28f68, 0x00007f2c6de80000)
  to   space 539904K,   0% used [0x00007f2c2c000000, 0x00007f2c2c000000, 0x00007f2c4cf40000)
 tenured generation   total 10798004K, used 10765035K [0x00007f3079b50000, 0x00007f330cc3d000, 0x00007f3b24600000)
   the space 10798004K,  99% used [0x00007f3079b50000, 0x00007f330ac0adc8, 0x00007f330ac0ae00, 0x00007f330cc3d000)
 Metaspace       used 24317K, capacity 24707K, committed 24832K, reserved 26624K
}
Event: 7181.039 GC heap before
{Heap before GC invocations=5313 (full 5):
 def new generation   total 4859136K, used 4399011K [0x00007f2b24600000, 0x00007f2c6de80000, 0x00007f3079b50000)
  eden space 4319232K, 100% used [0x00007f2b24600000, 0x00007f2c2c000000, 0x00007f2c2c000000)
  from space 539904K,  14% used [0x00007f2c4cf40000, 0x00007f2c51d28f68, 0x00007f2c6de80000)
  to   space 539904K,   0% used [0x00007f2c2c000000, 0x00007f2c2c000000, 0x00007f2c4cf40000)
 tenured generation   total 10798004K, used 10765035K [0x00007f3079b50000, 0x00007f330cc3d000, 0x00007f3b24600000)
   the space 10798004K,  99% used [0x00007f3079b50000, 0x00007f330ac0adc8, 0x00007f330ac0ae00, 0x00007f330cc3d000)
 Metaspace       used 24317K, capacity 24707K, committed 24832K, reserved 26624K
}
Event: 7181.205 GC heap after
{Heap after GC invocations=5314 (full 5):
 def new generation   total 4859136K, used 82649K [0x00007f2b24600000, 0x00007f2c6de80000, 0x00007f3079b50000)
  eden space 4319232K,   0% used [0x00007f2b24600000, 0x00007f2b24600000, 0x00007f2c2c000000)
  from space 539904K,  15% used [0x00007f2c2c000000, 0x00007f2c310b6690, 0x00007f2c4cf40000)
  to   space 539904K,   0% used [0x00007f2c4cf40000, 0x00007f2c4cf40000, 0x00007f2c6de80000)
 tenured generation   total 10798004K, used 10769908K [0x00007f3079b50000, 0x00007f330cc3d000, 0x00007f3b24600000)
   the space 10798004K,  99% used [0x00007f3079b50000, 0x00007f330b0cd340, 0x00007f330b0cd400, 0x00007f330cc3d000)
 Metaspace       used 24317K, capacity 24707K, committed 24832K, reserved 26624K
}
Event: 7184.479 GC heap before
{Heap before GC invocations=5314 (full 5):
 def new generation   total 4859136K, used 4401881K [0x00007f2b24600000, 0x00007f2c6de80000, 0x00007f3079b50000)
  eden space 4319232K, 100% used [0x00007f2b24600000, 0x00007f2c2c000000, 0x00007f2c2c000000)
  from space 539904K,  15% used [0x00007f2c2c000000, 0x00007f2c310b6690, 0x00007f2c4cf40000)
  to   space 539904K,   0% used [0x00007f2c4cf40000, 0x00007f2c4cf40000, 0x00007f2c6de80000)
 tenured generation   total 10798004K, used 10769908K [0x00007f3079b50000, 0x00007f330cc3d000, 0x00007f3b24600000)
   the space 10798004K,  99% used [0x00007f3079b50000, 0x00007f330b0cd340, 0x00007f330b0cd400, 0x00007f330cc3d000)
 Metaspace       used 24317K, capacity 24707K, committed 24832K, reserved 26624K
}
Event: 7184.629 GC heap after
{Heap after GC invocations=5315 (full 5):
 def new generation   total 4859136K, used 84315K [0x00007f2b24600000, 0x00007f2c6de80000, 0x00007f3079b50000)
  eden space 4319232K,   0% used [0x00007f2b24600000, 0x00007f2b24600000, 0x00007f2c2c000000)
  from space 539904K,  15% used [0x00007f2c4cf40000, 0x00007f2c52196ec0, 0x00007f2c6de80000)
  to   space 539904K,   0% used [0x00007f2c2c000000, 0x00007f2c2c000000, 0x00007f2c4cf40000)
 tenured generation   total 10798004K, used 10774509K [0x00007f3079b50000, 0x00007f330cc3d000, 0x00007f3b24600000)
   the space 10798004K,  99% used [0x00007f3079b50000, 0x00007f330b54b4c8, 0x00007f330b54b600, 0x00007f330cc3d000)
 Metaspace       used 24317K, capacity 24707K, committed 24832K, reserved 26624K
}
Event: 7187.998 GC heap before
{Heap before GC invocations=5315 (full 5):
 def new generation   total 4859136K, used 4403547K [0x00007f2b24600000, 0x00007f2c6de80000, 0x00007f3079b50000)
  eden space 4319232K, 100% used [0x00007f2b24600000, 0x00007f2c2c000000, 0x00007f2c2c000000)
  from space 539904K,  15% used [0x00007f2c4cf40000, 0x00007f2c52196ec0, 0x00007f2c6de80000)
  to   space 539904K,   0% used [0x00007f2c2c000000, 0x00007f2c2c000000, 0x00007f2c4cf40000)
 tenured generation   total 10798004K, used 10774509K [0x00007f3079b50000, 0x00007f330cc3d000, 0x00007f3b24600000)
   the space 10798004K,  99% used [0x00007f3079b50000, 0x00007f330b54b4c8, 0x00007f330b54b600, 0x00007f330cc3d000)
 Metaspace       used 24317K, capacity 24707K, committed 24832K, reserved 26624K
}
Event: 7188.161 GC heap after
{Heap after GC invocations=5316 (full 5):
 def new generation   total 4859136K, used 84249K [0x00007f2b24600000, 0x00007f2c6de80000, 0x00007f3079b50000)
  eden space 4319232K,   0% used [0x00007f2b24600000, 0x00007f2b24600000, 0x00007f2c2c000000)
  from space 539904K,  15% used [0x00007f2c2c000000, 0x00007f2c31246740, 0x00007f2c4cf40000)
  to   space 539904K,   0% used [0x00007f2c4cf40000, 0x00007f2c4cf40000, 0x00007f2c6de80000)
 tenured generation   total 10798004K, used 10779411K [0x00007f3079b50000, 0x00007f330cc3d000, 0x00007f3b24600000)
   the space 10798004K,  99% used [0x00007f3079b50000, 0x00007f330ba14e18, 0x00007f330ba15000, 0x00007f330cc3d000)
 Metaspace       used 24317K, capacity 24707K, committed 24832K, reserved 26624K
}
Event: 7191.720 GC heap before
{Heap before GC invocations=5316 (full 5):
 def new generation   total 4859136K, used 4403481K [0x00007f2b24600000, 0x00007f2c6de80000, 0x00007f3079b50000)
  eden space 4319232K, 100% used [0x00007f2b24600000, 0x00007f2c2c000000, 0x00007f2c2c000000)
  from space 539904K,  15% used [0x00007f2c2c000000, 0x00007f2c31246740, 0x00007f2c4cf40000)
  to   space 539904K,   0% used [0x00007f2c4cf40000, 0x00007f2c4cf40000, 0x00007f2c6de80000)
 tenured generation   total 10798004K, used 10779411K [0x00007f3079b50000, 0x00007f330cc3d000, 0x00007f3b24600000)
   the space 10798004K,  99% used [0x00007f3079b50000, 0x00007f330ba14e18, 0x00007f330ba15000, 0x00007f330cc3d000)
 Metaspace       used 24317K, capacity 24707K, committed 24832K, reserved 26624K
}
Event: 7191.883 GC heap after
{Heap after GC invocations=5317 (full 5):
 def new generation   total 4859136K, used 80078K [0x00007f2b24600000, 0x00007f2c6de80000, 0x00007f3079b50000)
  eden space 4319232K,   0% used [0x00007f2b24600000, 0x00007f2b24600000, 0x00007f2c2c000000)
  from space 539904K,  14% used [0x00007f2c4cf40000, 0x00007f2c51d73b10, 0x00007f2c6de80000)
  to   space 539904K,   0% used [0x00007f2c2c000000, 0x00007f2c2c000000, 0x00007f2c4cf40000)
 tenured generation   total 10798004K, used 10788486K [0x00007f3079b50000, 0x00007f330cc3d000, 0x00007f3b24600000)
   the space 10798004K,  99% used [0x00007f3079b50000, 0x00007f330c2f1a58, 0x00007f330c2f1c00, 0x00007f330cc3d000)
 Metaspace       used 24317K, capacity 24707K, committed 24832K, reserved 26624K
}
Event: 7195.420 GC heap before
{Heap before GC invocations=5317 (full 5):
 def new generation   total 4859136K, used 4399310K [0x00007f2b24600000, 0x00007f2c6de80000, 0x00007f3079b50000)
  eden space 4319232K, 100% used [0x00007f2b24600000, 0x00007f2c2c000000, 0x00007f2c2c000000)
  from space 539904K,  14% used [0x00007f2c4cf40000, 0x00007f2c51d73b10, 0x00007f2c6de80000)
  to   space 539904K,   0% used [0x00007f2c2c000000, 0x00007f2c2c000000, 0x00007f2c4cf40000)
 tenured generation   total 10798004K, used 10788486K [0x00007f3079b50000, 0x00007f330cc3d000, 0x00007f3b24600000)
   the space 10798004K,  99% used [0x00007f3079b50000, 0x00007f330c2f1a58, 0x00007f330c2f1c00, 0x00007f330cc3d000)
 Metaspace       used 24317K, capacity 24707K, committed 24832K, reserved 26624K
}
Event: 7195.573 GC heap after
{Heap after GC invocations=5318 (full 5):
 def new generation   total 4859136K, used 81648K [0x00007f2b24600000, 0x00007f2c6de80000, 0x00007f3079b50000)
  eden space 4319232K,   0% used [0x00007f2b24600000, 0x00007f2b24600000, 0x00007f2c2c000000)
  from space 539904K,  15% used [0x00007f2c2c000000, 0x00007f2c30fbc1c8, 0x00007f2c4cf40000)
  to   space 539904K,   0% used [0x00007f2c4cf40000, 0x00007f2c4cf40000, 0x00007f2c6de80000)
 tenured generation   total 10798004K, used 10793389K [0x00007f3079b50000, 0x00007f330cc3d000, 0x00007f3b24600000)
   the space 10798004K,  99% used [0x00007f3079b50000, 0x00007f330c7bb438, 0x00007f330c7bb600, 0x00007f330cc3d000)
 Metaspace       used 24317K, capacity 24707K, committed 24832K, reserved 26624K
}
Event: 7199.142 GC heap before
{Heap before GC invocations=5318 (full 5):
 def new generation   total 4859136K, used 4400880K [0x00007f2b24600000, 0x00007f2c6de80000, 0x00007f3079b50000)
  eden space 4319232K, 100% used [0x00007f2b24600000, 0x00007f2c2c000000, 0x00007f2c2c000000)
  from space 539904K,  15% used [0x00007f2c2c000000, 0x00007f2c30fbc1c8, 0x00007f2c4cf40000)
  to   space 539904K,   0% used [0x00007f2c4cf40000, 0x00007f2c4cf40000, 0x00007f2c6de80000)
 tenured generation   total 10798004K, used 10793389K [0x00007f3079b50000, 0x00007f330cc3d000, 0x00007f3b24600000)
   the space 10798004K,  99% used [0x00007f3079b50000, 0x00007f330c7bb438, 0x00007f330c7bb600, 0x00007f330cc3d000)
 Metaspace       used 24317K, capacity 24707K, committed 24832K, reserved 26624K
}
Event: 7199.303 GC heap after
{Heap after GC invocations=5319 (full 5):
 def new generation   total 4859136K, used 81648K [0x00007f2b24600000, 0x00007f2c6de80000, 0x00007f3079b50000)
  eden space 4319232K,   0% used [0x00007f2b24600000, 0x00007f2b24600000, 0x00007f2c2c000000)
  from space 539904K,  15% used [0x00007f2c4cf40000, 0x00007f2c51efc228, 0x00007f2c6de80000)
  to   space 539904K,   0% used [0x00007f2c2c000000, 0x00007f2c2c000000, 0x00007f2c4cf40000)
 tenured generation   total 10798388K, used 10798291K [0x00007f3079b50000, 0x00007f330cc9d000, 0x00007f3b24600000)
   the space 10798388K,  99% used [0x00007f3079b50000, 0x00007f330cc84ea8, 0x00007f330cc85000, 0x00007f330cc9d000)
 Metaspace       used 24317K, capacity 24707K, committed 24832K, reserved 26624K
}
Event: 7199.303 GC heap before
{Heap before GC invocations=5319 (full 5):
 def new generation   total 4859136K, used 81648K [0x00007f2b24600000, 0x00007f2c6de80000, 0x00007f3079b50000)
  eden space 4319232K,   0% used [0x00007f2b24600000, 0x00007f2b24600000, 0x00007f2c2c000000)
  from space 539904K,  15% used [0x00007f2c4cf40000, 0x00007f2c51efc228, 0x00007f2c6de80000)
  to   space 539904K,   0% used [0x00007f2c2c000000, 0x00007f2c2c000000, 0x00007f2c4cf40000)
 tenured generation   total 10798388K, used 10798291K [0x00007f3079b50000, 0x00007f330cc9d000, 0x00007f3b24600000)
   the space 10798388K,  99% used [0x00007f3079b50000, 0x00007f330cc84ea8, 0x00007f330cc85000, 0x00007f330cc9d000)
 Metaspace       used 24317K, capacity 24707K, committed 24832K, reserved 26624K
}

