# JRE version: OpenJDK Runtime Environment (13.0.7+5) (build 13.0.7+5-Ubuntu-0ubuntu120.04)
# Java VM: OpenJDK 64-Bit Server VM (13.0.7+5-Ubuntu-0ubuntu120.04, mixed mode, tiered, serial gc, linux-amd64)
Heap:
 def new generation   total 4579200K, used 0K [0x00007f4508600000, 0x00007f463eeb0000, 0x00007f4fb30a0000)
  eden space 4070464K,   0% used [0x00007f4508600000, 0x00007f4508600000, 0x00007f4600d10000)
  from space 508736K,   0% used [0x00007f4600d10000, 0x00007f4600d10000, 0x00007f461fde0000)
  to   space 508736K,   0% used [0x00007f461fde0000, 0x00007f461fde0000, 0x00007f463eeb0000)
 tenured generation   total 10192196K, used 10116096K [0x00007f4fb30a0000, 0x00007f52211f1000, 0x00007f6508600000)
   the space 10192196K,  99% used [0x00007f4fb30a0000, 0x00007f521c7a0258, 0x00007f521c7a0400, 0x00007f52211f1000)
 Metaspace       used 24313K, capacity 24706K, committed 24832K, reserved 26624K
GC Heap History (20 events):
Event: 2643.990 GC heap after
{Heap after GC invocations=1677 (full 7):
 def new generation   total 4579200K, used 220472K [0x00007f4508600000, 0x00007f463eeb0000, 0x00007f4fb30a0000)
  eden space 4070464K,   0% used [0x00007f4508600000, 0x00007f4508600000, 0x00007f4600d10000)
  from space 508736K,  43% used [0x00007f461fde0000, 0x00007f462d52e118, 0x00007f463eeb0000)
  to   space 508736K,   0% used [0x00007f4600d10000, 0x00007f4600d10000, 0x00007f461fde0000)
 tenured generation   total 10175808K, used 10068157K [0x00007f4fb30a0000, 0x00007f52201f0000, 0x00007f6508600000)
   the space 10175808K,  98% used [0x00007f4fb30a0000, 0x00007f52198cf440, 0x00007f52198cf600, 0x00007f52201f0000)
 Metaspace       used 24313K, capacity 24706K, committed 24832K, reserved 26624K
}
Event: 2648.219 GC heap before
{Heap before GC invocations=1677 (full 7):
 def new generation   total 4579200K, used 4290936K [0x00007f4508600000, 0x00007f463eeb0000, 0x00007f4fb30a0000)
  eden space 4070464K, 100% used [0x00007f4508600000, 0x00007f4600d10000, 0x00007f4600d10000)
  from space 508736K,  43% used [0x00007f461fde0000, 0x00007f462d52e118, 0x00007f463eeb0000)
  to   space 508736K,   0% used [0x00007f4600d10000, 0x00007f4600d10000, 0x00007f461fde0000)
 tenured generation   total 10175808K, used 10068157K [0x00007f4fb30a0000, 0x00007f52201f0000, 0x00007f6508600000)
   the space 10175808K,  98% used [0x00007f4fb30a0000, 0x00007f52198cf440, 0x00007f52198cf600, 0x00007f52201f0000)
 Metaspace       used 24313K, capacity 24706K, committed 24832K, reserved 26624K
}
Event: 2648.363 GC heap after
{Heap after GC invocations=1678 (full 7):
 def new generation   total 4579200K, used 236397K [0x00007f4508600000, 0x00007f463eeb0000, 0x00007f4fb30a0000)
  eden space 4070464K,   0% used [0x00007f4508600000, 0x00007f4508600000, 0x00007f4600d10000)
  from space 508736K,  46% used [0x00007f4600d10000, 0x00007f460f3eb510, 0x00007f461fde0000)
  to   space 508736K,   0% used [0x00007f461fde0000, 0x00007f461fde0000, 0x00007f463eeb0000)
 tenured generation   total 10175808K, used 10068157K [0x00007f4fb30a0000, 0x00007f52201f0000, 0x00007f6508600000)
   the space 10175808K,  98% used [0x00007f4fb30a0000, 0x00007f52198cf440, 0x00007f52198cf600, 0x00007f52201f0000)
 Metaspace       used 24313K, capacity 24706K, committed 24832K, reserved 26624K
}
Event: 2652.347 GC heap before
{Heap before GC invocations=1678 (full 7):
 def new generation   total 4579200K, used 4306861K [0x00007f4508600000, 0x00007f463eeb0000, 0x00007f4fb30a0000)
  eden space 4070464K, 100% used [0x00007f4508600000, 0x00007f4600d10000, 0x00007f4600d10000)
  from space 508736K,  46% used [0x00007f4600d10000, 0x00007f460f3eb510, 0x00007f461fde0000)
  to   space 508736K,   0% used [0x00007f461fde0000, 0x00007f461fde0000, 0x00007f463eeb0000)
 tenured generation   total 10175808K, used 10068157K [0x00007f4fb30a0000, 0x00007f52201f0000, 0x00007f6508600000)
   the space 10175808K,  98% used [0x00007f4fb30a0000, 0x00007f52198cf440, 0x00007f52198cf600, 0x00007f52201f0000)
 Metaspace       used 24313K, capacity 24706K, committed 24832K, reserved 26624K
}
Event: 2652.511 GC heap after
{Heap after GC invocations=1679 (full 7):
 def new generation   total 4579200K, used 230758K [0x00007f4508600000, 0x00007f463eeb0000, 0x00007f4fb30a0000)
  eden space 4070464K,   0% used [0x00007f4508600000, 0x00007f4508600000, 0x00007f4600d10000)
  from space 508736K,  45% used [0x00007f461fde0000, 0x00007f462df39aa8, 0x00007f463eeb0000)
  to   space 508736K,   0% used [0x00007f4600d10000, 0x00007f4600d10000, 0x00007f461fde0000)
 tenured generation   total 10175808K, used 10085116K [0x00007f4fb30a0000, 0x00007f52201f0000, 0x00007f6508600000)
   the space 10175808K,  99% used [0x00007f4fb30a0000, 0x00007f521a95f048, 0x00007f521a95f200, 0x00007f52201f0000)
 Metaspace       used 24313K, capacity 24706K, committed 24832K, reserved 26624K
}
Event: 2656.592 GC heap before
{Heap before GC invocations=1679 (full 7):
 def new generation   total 4579200K, used 4301222K [0x00007f4508600000, 0x00007f463eeb0000, 0x00007f4fb30a0000)
  eden space 4070464K, 100% used [0x00007f4508600000, 0x00007f4600d10000, 0x00007f4600d10000)
  from space 508736K,  45% used [0x00007f461fde0000, 0x00007f462df39aa8, 0x00007f463eeb0000)
  to   space 508736K,   0% used [0x00007f4600d10000, 0x00007f4600d10000, 0x00007f461fde0000)
 tenured generation   total 10175808K, used 10085116K [0x00007f4fb30a0000, 0x00007f52201f0000, 0x00007f6508600000)
   the space 10175808K,  99% used [0x00007f4fb30a0000, 0x00007f521a95f048, 0x00007f521a95f200, 0x00007f52201f0000)
 Metaspace       used 24313K, capacity 24706K, committed 24832K, reserved 26624K
}
Event: 2656.749 GC heap after
{Heap after GC invocations=1680 (full 7):
 def new generation   total 4579200K, used 225105K [0x00007f4508600000, 0x00007f463eeb0000, 0x00007f4fb30a0000)
  eden space 4070464K,   0% used [0x00007f4508600000, 0x00007f4508600000, 0x00007f4600d10000)
  from space 508736K,  44% used [0x00007f4600d10000, 0x00007f460e8e4660, 0x00007f461fde0000)
  to   space 508736K,   0% used [0x00007f461fde0000, 0x00007f461fde0000, 0x00007f463eeb0000)
 tenured generation   total 10175808K, used 10102075K [0x00007f4fb30a0000, 0x00007f52201f0000, 0x00007f6508600000)
   the space 10175808K,  99% used [0x00007f4fb30a0000, 0x00007f521b9eec50, 0x00007f521b9eee00, 0x00007f52201f0000)
 Metaspace       used 24313K, capacity 24706K, committed 24832K, reserved 26624K
}
Event: 2660.750 GC heap before
{Heap before GC invocations=1680 (full 7):
 def new generation   total 4579200K, used 4295569K [0x00007f4508600000, 0x00007f463eeb0000, 0x00007f4fb30a0000)
  eden space 4070464K, 100% used [0x00007f4508600000, 0x00007f4600d10000, 0x00007f4600d10000)
  from space 508736K,  44% used [0x00007f4600d10000, 0x00007f460e8e4660, 0x00007f461fde0000)
  to   space 508736K,   0% used [0x00007f461fde0000, 0x00007f461fde0000, 0x00007f463eeb0000)
 tenured generation   total 10175808K, used 10102075K [0x00007f4fb30a0000, 0x00007f52201f0000, 0x00007f6508600000)
   the space 10175808K,  99% used [0x00007f4fb30a0000, 0x00007f521b9eec50, 0x00007f521b9eee00, 0x00007f52201f0000)
 Metaspace       used 24313K, capacity 24706K, committed 24832K, reserved 26624K
}
Event: 2660.898 GC heap after
{Heap after GC invocations=1681 (full 7):
 def new generation   total 4579200K, used 203524K [0x00007f4508600000, 0x00007f463eeb0000, 0x00007f4fb30a0000)
  eden space 4070464K,   0% used [0x00007f4508600000, 0x00007f4508600000, 0x00007f4600d10000)
  from space 508736K,  40% used [0x00007f461fde0000, 0x00007f462c4a13f0, 0x00007f463eeb0000)
  to   space 508736K,   0% used [0x00007f4600d10000, 0x00007f4600d10000, 0x00007f461fde0000)
 tenured generation   total 10175808K, used 10119034K [0x00007f4fb30a0000, 0x00007f52201f0000, 0x00007f6508600000)
   the space 10175808K,  99% used [0x00007f4fb30a0000, 0x00007f521ca7ebd8, 0x00007f521ca7ec00, 0x00007f52201f0000)
 Metaspace       used 24313K, capacity 24706K, committed 24832K, reserved 26624K
}
Event: 2665.167 GC heap before
{Heap before GC invocations=1681 (full 7):
 def new generation   total 4579200K, used 4273988K [0x00007f4508600000, 0x00007f463eeb0000, 0x00007f4fb30a0000)
  eden space 4070464K, 100% used [0x00007f4508600000, 0x00007f4600d10000, 0x00007f4600d10000)
  from space 508736K,  40% used [0x00007f461fde0000, 0x00007f462c4a13f0, 0x00007f463eeb0000)
  to   space 508736K,   0% used [0x00007f4600d10000, 0x00007f4600d10000, 0x00007f461fde0000)
 tenured generation   total 10175808K, used 10119034K [0x00007f4fb30a0000, 0x00007f52201f0000, 0x00007f6508600000)
   the space 10175808K,  99% used [0x00007f4fb30a0000, 0x00007f521ca7ebd8, 0x00007f521ca7ec00, 0x00007f52201f0000)
 Metaspace       used 24313K, capacity 24706K, committed 24832K, reserved 26624K
}
Event: 2665.314 GC heap after
{Heap after GC invocations=1682 (full 7):
 def new generation   total 4579200K, used 220961K [0x00007f4508600000, 0x00007f463eeb0000, 0x00007f4fb30a0000)
  eden space 4070464K,   0% used [0x00007f4508600000, 0x00007f4508600000, 0x00007f4600d10000)
  from space 508736K,  43% used [0x00007f4600d10000, 0x00007f460e4d8788, 0x00007f461fde0000)
  to   space 508736K,   0% used [0x00007f461fde0000, 0x00007f461fde0000, 0x00007f463eeb0000)
 tenured generation   total 10175808K, used 10135993K [0x00007f4fb30a0000, 0x00007f52201f0000, 0x00007f6508600000)
   the space 10175808K,  99% used [0x00007f4fb30a0000, 0x00007f521db0e7e0, 0x00007f521db0e800, 0x00007f52201f0000)
 Metaspace       used 24313K, capacity 24706K, committed 24832K, reserved 26624K
}
Event: 2669.286 GC heap before
{Heap before GC invocations=1682 (full 7):
 def new generation   total 4579200K, used 4291425K [0x00007f4508600000, 0x00007f463eeb0000, 0x00007f4fb30a0000)
  eden space 4070464K, 100% used [0x00007f4508600000, 0x00007f4600d10000, 0x00007f4600d10000)
  from space 508736K,  43% used [0x00007f4600d10000, 0x00007f460e4d8788, 0x00007f461fde0000)
  to   space 508736K,   0% used [0x00007f461fde0000, 0x00007f461fde0000, 0x00007f463eeb0000)
 tenured generation   total 10175808K, used 10135993K [0x00007f4fb30a0000, 0x00007f52201f0000, 0x00007f6508600000)
   the space 10175808K,  99% used [0x00007f4fb30a0000, 0x00007f521db0e7e0, 0x00007f521db0e800, 0x00007f52201f0000)
 Metaspace       used 24313K, capacity 24706K, committed 24832K, reserved 26624K
}
Event: 2669.505 GC heap after
{Heap after GC invocations=1683 (full 7):
 def new generation   total 4579200K, used 251291K [0x00007f4508600000, 0x00007f463eeb0000, 0x00007f4fb30a0000)
  eden space 4070464K,   0% used [0x00007f4508600000, 0x00007f4508600000, 0x00007f4600d10000)
  from space 508736K,  49% used [0x00007f461fde0000, 0x00007f462f346dc0, 0x00007f463eeb0000)
  to   space 508736K,   0% used [0x00007f4600d10000, 0x00007f4600d10000, 0x00007f461fde0000)
 tenured generation   total 10175808K, used 10135993K [0x00007f4fb30a0000, 0x00007f52201f0000, 0x00007f6508600000)
   the space 10175808K,  99% used [0x00007f4fb30a0000, 0x00007f521db0e7e0, 0x00007f521db0e800, 0x00007f52201f0000)
 Metaspace       used 24313K, capacity 24706K, committed 24832K, reserved 26624K
}
Event: 2673.227 GC heap before
{Heap before GC invocations=1683 (full 7):
 def new generation   total 4579200K, used 4321755K [0x00007f4508600000, 0x00007f463eeb0000, 0x00007f4fb30a0000)
  eden space 4070464K, 100% used [0x00007f4508600000, 0x00007f4600d10000, 0x00007f4600d10000)
  from space 508736K,  49% used [0x00007f461fde0000, 0x00007f462f346dc0, 0x00007f463eeb0000)
  to   space 508736K,   0% used [0x00007f4600d10000, 0x00007f4600d10000, 0x00007f461fde0000)
 tenured generation   total 10175808K, used 10135993K [0x00007f4fb30a0000, 0x00007f52201f0000, 0x00007f6508600000)
   the space 10175808K,  99% used [0x00007f4fb30a0000, 0x00007f521db0e7e0, 0x00007f521db0e800, 0x00007f52201f0000)
 Metaspace       used 24313K, capacity 24706K, committed 24832K, reserved 26624K
}
Event: 2673.447 GC heap after
{Heap after GC invocations=1684 (full 7):
 def new generation   total 4579200K, used 229210K [0x00007f4508600000, 0x00007f463eeb0000, 0x00007f4fb30a0000)
  eden space 4070464K,   0% used [0x00007f4508600000, 0x00007f4508600000, 0x00007f4600d10000)
  from space 508736K,  45% used [0x00007f4600d10000, 0x00007f460ece69e0, 0x00007f461fde0000)
  to   space 508736K,   0% used [0x00007f461fde0000, 0x00007f461fde0000, 0x00007f463eeb0000)
 tenured generation   total 10175808K, used 10152952K [0x00007f4fb30a0000, 0x00007f52201f0000, 0x00007f6508600000)
   the space 10175808K,  99% used [0x00007f4fb30a0000, 0x00007f521eb9e3e8, 0x00007f521eb9e400, 0x00007f52201f0000)
 Metaspace       used 24313K, capacity 24706K, committed 24832K, reserved 26624K
}
Event: 2677.054 GC heap before
{Heap before GC invocations=1684 (full 7):
 def new generation   total 4579200K, used 4293070K [0x00007f4508600000, 0x00007f463eeb0000, 0x00007f4fb30a0000)
  eden space 4070464K,  99% used [0x00007f4508600000, 0x00007f460069ce70, 0x00007f4600d10000)
  from space 508736K,  45% used [0x00007f4600d10000, 0x00007f460ece69e0, 0x00007f461fde0000)
  to   space 508736K,   0% used [0x00007f461fde0000, 0x00007f461fde0000, 0x00007f463eeb0000)
 tenured generation   total 10175808K, used 10152952K [0x00007f4fb30a0000, 0x00007f52201f0000, 0x00007f6508600000)
   the space 10175808K,  99% used [0x00007f4fb30a0000, 0x00007f521eb9e3e8, 0x00007f521eb9e400, 0x00007f52201f0000)
 Metaspace       used 24313K, capacity 24706K, committed 24832K, reserved 26624K
}
Event: 2677.206 GC heap after
{Heap after GC invocations=1685 (full 7):
 def new generation   total 4579200K, used 223043K [0x00007f4508600000, 0x00007f463eeb0000, 0x00007f4fb30a0000)
  eden space 4070464K,   0% used [0x00007f4508600000, 0x00007f4508600000, 0x00007f4600d10000)
  from space 508736K,  43% used [0x00007f461fde0000, 0x00007f462d7b0eb0, 0x00007f463eeb0000)
  to   space 508736K,   0% used [0x00007f4600d10000, 0x00007f4600d10000, 0x00007f461fde0000)
 tenured generation   total 10175808K, used 10169911K [0x00007f4fb30a0000, 0x00007f52201f0000, 0x00007f6508600000)
   the space 10175808K,  99% used [0x00007f4fb30a0000, 0x00007f521fc2dff0, 0x00007f521fc2e000, 0x00007f52201f0000)
 Metaspace       used 24313K, capacity 24706K, committed 24832K, reserved 26624K
}
Event: 2681.107 GC heap before
{Heap before GC invocations=1685 (full 7):
 def new generation   total 4579200K, used 4293507K [0x00007f4508600000, 0x00007f463eeb0000, 0x00007f4fb30a0000)
  eden space 4070464K, 100% used [0x00007f4508600000, 0x00007f4600d10000, 0x00007f4600d10000)
  from space 508736K,  43% used [0x00007f461fde0000, 0x00007f462d7b0eb0, 0x00007f463eeb0000)
  to   space 508736K,   0% used [0x00007f4600d10000, 0x00007f4600d10000, 0x00007f461fde0000)
 tenured generation   total 10175808K, used 10169911K [0x00007f4fb30a0000, 0x00007f52201f0000, 0x00007f6508600000)
   the space 10175808K,  99% used [0x00007f4fb30a0000, 0x00007f521fc2dff0, 0x00007f521fc2e000, 0x00007f52201f0000)
 Metaspace       used 24313K, capacity 24706K, committed 24832K, reserved 26624K
}
Event: 2681.290 GC heap after
{Heap after GC invocations=1686 (full 7):
 def new generation   total 4579200K, used 220466K [0x00007f4508600000, 0x00007f463eeb0000, 0x00007f4fb30a0000)
  eden space 4070464K,   0% used [0x00007f4508600000, 0x00007f4508600000, 0x00007f4600d10000)
  from space 508736K,  43% used [0x00007f4600d10000, 0x00007f460e45c8f8, 0x00007f461fde0000)
  to   space 508736K,   0% used [0x00007f461fde0000, 0x00007f461fde0000, 0x00007f463eeb0000)
 tenured generation   total 10192196K, used 10186870K [0x00007f4fb30a0000, 0x00007f52211f1000, 0x00007f6508600000)
   the space 10192196K,  99% used [0x00007f4fb30a0000, 0x00007f5220cbdbf8, 0x00007f5220cbdc00, 0x00007f52211f1000)
 Metaspace       used 24313K, capacity 24706K, committed 24832K, reserved 26624K
}
Event: 2681.290 GC heap before
{Heap before GC invocations=1686 (full 7):
 def new generation   total 4579200K, used 220466K [0x00007f4508600000, 0x00007f463eeb0000, 0x00007f4fb30a0000)
  eden space 4070464K,   0% used [0x00007f4508600000, 0x00007f4508600000, 0x00007f4600d10000)
  from space 508736K,  43% used [0x00007f4600d10000, 0x00007f460e45c8f8, 0x00007f461fde0000)
  to   space 508736K,   0% used [0x00007f461fde0000, 0x00007f461fde0000, 0x00007f463eeb0000)
 tenured generation   total 10192196K, used 10186870K [0x00007f4fb30a0000, 0x00007f52211f1000, 0x00007f6508600000)
   the space 10192196K,  99% used [0x00007f4fb30a0000, 0x00007f5220cbdbf8, 0x00007f5220cbdc00, 0x00007f52211f1000)
 Metaspace       used 24313K, capacity 24706K, committed 24832K, reserved 26624K
}

