# JRE version: OpenJDK Runtime Environment (13.0.7+5) (build 13.0.7+5-Ubuntu-0ubuntu120.04)
# Java VM: OpenJDK 64-Bit Server VM (13.0.7+5-Ubuntu-0ubuntu120.04, mixed mode, tiered, serial gc, linux-amd64)
Heap:
 def new generation   total 1048960K, used 6892K [0x00007ef3ac600000, 0x00007ef3f3830000, 0x00007ef901b50000)
  eden space 932416K,   0% used [0x00007ef3ac600000, 0x00007ef3accbb2c0, 0x00007ef3e5490000)
  from space 116544K,   0% used [0x00007ef3ec660000, 0x00007ef3ec660000, 0x00007ef3f3830000)
  to   space 116544K,   0% used [0x00007ef3e5490000, 0x00007ef3e5490000, 0x00007ef3ec660000)
 tenured generation   total 2331072K, used 2331071K [0x00007ef901b50000, 0x00007ef98ffc0000, 0x00007f03ac600000)
   the space 2331072K,  99% used [0x00007ef901b50000, 0x00007ef98ffbfed8, 0x00007ef98ffc0000, 0x00007ef98ffc0000)
 Metaspace       used 24157K, capacity 24510K, committed 24576K, reserved 24576K
GC Heap History (20 events):
Event: 4321.160 GC heap after
{Heap after GC invocations=6245 (full 2):
 def new generation   total 1048960K, used 7393K [0x00007ef3ac600000, 0x00007ef3f3830000, 0x00007ef901b50000)
  eden space 932416K,   0% used [0x00007ef3ac600000, 0x00007ef3ac600000, 0x00007ef3e5490000)
  from space 116544K,   6% used [0x00007ef3e5490000, 0x00007ef3e5bc8628, 0x00007ef3ec660000)
  to   space 116544K,   0% used [0x00007ef3ec660000, 0x00007ef3ec660000, 0x00007ef3f3830000)
 tenured generation   total 2330880K, used 2326571K [0x00007ef901b50000, 0x00007ef98ff90000, 0x00007f03ac600000)
   the space 2330880K,  99% used [0x00007ef901b50000, 0x00007ef98fb5ae48, 0x00007ef98fb5b000, 0x00007ef98ff90000)
 Metaspace       used 24157K, capacity 24510K, committed 24576K, reserved 24576K
}
Event: 4322.073 GC heap before
{Heap before GC invocations=6245 (full 2):
 def new generation   total 1048960K, used 939809K [0x00007ef3ac600000, 0x00007ef3f3830000, 0x00007ef901b50000)
  eden space 932416K, 100% used [0x00007ef3ac600000, 0x00007ef3e5490000, 0x00007ef3e5490000)
  from space 116544K,   6% used [0x00007ef3e5490000, 0x00007ef3e5bc8628, 0x00007ef3ec660000)
  to   space 116544K,   0% used [0x00007ef3ec660000, 0x00007ef3ec660000, 0x00007ef3f3830000)
 tenured generation   total 2330880K, used 2326571K [0x00007ef901b50000, 0x00007ef98ff90000, 0x00007f03ac600000)
   the space 2330880K,  99% used [0x00007ef901b50000, 0x00007ef98fb5ae48, 0x00007ef98fb5b000, 0x00007ef98ff90000)
 Metaspace       used 24157K, capacity 24510K, committed 24576K, reserved 24576K
}
Event: 4322.089 GC heap after
{Heap after GC invocations=6246 (full 2):
 def new generation   total 1048960K, used 7398K [0x00007ef3ac600000, 0x00007ef3f3830000, 0x00007ef901b50000)
  eden space 932416K,   0% used [0x00007ef3ac600000, 0x00007ef3ac600000, 0x00007ef3e5490000)
  from space 116544K,   6% used [0x00007ef3ec660000, 0x00007ef3ecd99ac0, 0x00007ef3f3830000)
  to   space 116544K,   0% used [0x00007ef3e5490000, 0x00007ef3e5490000, 0x00007ef3ec660000)
 tenured generation   total 2330880K, used 2327050K [0x00007ef901b50000, 0x00007ef98ff90000, 0x00007f03ac600000)
   the space 2330880K,  99% used [0x00007ef901b50000, 0x00007ef98fbd2878, 0x00007ef98fbd2a00, 0x00007ef98ff90000)
 Metaspace       used 24157K, capacity 24510K, committed 24576K, reserved 24576K
}
Event: 4322.993 GC heap before
{Heap before GC invocations=6246 (full 2):
 def new generation   total 1048960K, used 939814K [0x00007ef3ac600000, 0x00007ef3f3830000, 0x00007ef901b50000)
  eden space 932416K, 100% used [0x00007ef3ac600000, 0x00007ef3e5490000, 0x00007ef3e5490000)
  from space 116544K,   6% used [0x00007ef3ec660000, 0x00007ef3ecd99ac0, 0x00007ef3f3830000)
  to   space 116544K,   0% used [0x00007ef3e5490000, 0x00007ef3e5490000, 0x00007ef3ec660000)
 tenured generation   total 2330880K, used 2327050K [0x00007ef901b50000, 0x00007ef98ff90000, 0x00007f03ac600000)
   the space 2330880K,  99% used [0x00007ef901b50000, 0x00007ef98fbd2878, 0x00007ef98fbd2a00, 0x00007ef98ff90000)
 Metaspace       used 24157K, capacity 24510K, committed 24576K, reserved 24576K
}
Event: 4323.011 GC heap after
{Heap after GC invocations=6247 (full 2):
 def new generation   total 1048960K, used 7415K [0x00007ef3ac600000, 0x00007ef3f3830000, 0x00007ef901b50000)
  eden space 932416K,   0% used [0x00007ef3ac600000, 0x00007ef3ac600000, 0x00007ef3e5490000)
  from space 116544K,   6% used [0x00007ef3e5490000, 0x00007ef3e5bcdf50, 0x00007ef3ec660000)
  to   space 116544K,   0% used [0x00007ef3ec660000, 0x00007ef3ec660000, 0x00007ef3f3830000)
 tenured generation   total 2330880K, used 2327528K [0x00007ef901b50000, 0x00007ef98ff90000, 0x00007f03ac600000)
   the space 2330880K,  99% used [0x00007ef901b50000, 0x00007ef98fc4a2a8, 0x00007ef98fc4a400, 0x00007ef98ff90000)
 Metaspace       used 24157K, capacity 24510K, committed 24576K, reserved 24576K
}
Event: 4323.911 GC heap before
{Heap before GC invocations=6247 (full 2):
 def new generation   total 1048960K, used 939831K [0x00007ef3ac600000, 0x00007ef3f3830000, 0x00007ef901b50000)
  eden space 932416K, 100% used [0x00007ef3ac600000, 0x00007ef3e5490000, 0x00007ef3e5490000)
  from space 116544K,   6% used [0x00007ef3e5490000, 0x00007ef3e5bcdf50, 0x00007ef3ec660000)
  to   space 116544K,   0% used [0x00007ef3ec660000, 0x00007ef3ec660000, 0x00007ef3f3830000)
 tenured generation   total 2330880K, used 2327528K [0x00007ef901b50000, 0x00007ef98ff90000, 0x00007f03ac600000)
   the space 2330880K,  99% used [0x00007ef901b50000, 0x00007ef98fc4a2a8, 0x00007ef98fc4a400, 0x00007ef98ff90000)
 Metaspace       used 24157K, capacity 24510K, committed 24576K, reserved 24576K
}
Event: 4323.928 GC heap after
{Heap after GC invocations=6248 (full 2):
 def new generation   total 1048960K, used 7380K [0x00007ef3ac600000, 0x00007ef3f3830000, 0x00007ef901b50000)
  eden space 932416K,   0% used [0x00007ef3ac600000, 0x00007ef3ac600000, 0x00007ef3e5490000)
  from space 116544K,   6% used [0x00007ef3ec660000, 0x00007ef3ecd95210, 0x00007ef3f3830000)
  to   space 116544K,   0% used [0x00007ef3e5490000, 0x00007ef3e5490000, 0x00007ef3ec660000)
 tenured generation   total 2330880K, used 2328060K [0x00007ef901b50000, 0x00007ef98ff90000, 0x00007f03ac600000)
   the space 2330880K,  99% used [0x00007ef901b50000, 0x00007ef98fccf188, 0x00007ef98fccf200, 0x00007ef98ff90000)
 Metaspace       used 24157K, capacity 24510K, committed 24576K, reserved 24576K
}
Event: 4324.864 GC heap before
{Heap before GC invocations=6248 (full 2):
 def new generation   total 1048960K, used 939796K [0x00007ef3ac600000, 0x00007ef3f3830000, 0x00007ef901b50000)
  eden space 932416K, 100% used [0x00007ef3ac600000, 0x00007ef3e5490000, 0x00007ef3e5490000)
  from space 116544K,   6% used [0x00007ef3ec660000, 0x00007ef3ecd95210, 0x00007ef3f3830000)
  to   space 116544K,   0% used [0x00007ef3e5490000, 0x00007ef3e5490000, 0x00007ef3ec660000)
 tenured generation   total 2330880K, used 2328060K [0x00007ef901b50000, 0x00007ef98ff90000, 0x00007f03ac600000)
   the space 2330880K,  99% used [0x00007ef901b50000, 0x00007ef98fccf188, 0x00007ef98fccf200, 0x00007ef98ff90000)
 Metaspace       used 24157K, capacity 24510K, committed 24576K, reserved 24576K
}
Event: 4324.885 GC heap after
{Heap after GC invocations=6249 (full 2):
 def new generation   total 1048960K, used 7383K [0x00007ef3ac600000, 0x00007ef3f3830000, 0x00007ef901b50000)
  eden space 932416K,   0% used [0x00007ef3ac600000, 0x00007ef3ac600000, 0x00007ef3e5490000)
  from space 116544K,   6% used [0x00007ef3e5490000, 0x00007ef3e5bc5f90, 0x00007ef3ec660000)
  to   space 116544K,   0% used [0x00007ef3ec660000, 0x00007ef3ec660000, 0x00007ef3f3830000)
 tenured generation   total 2330880K, used 2328538K [0x00007ef901b50000, 0x00007ef98ff90000, 0x00007f03ac600000)
   the space 2330880K,  99% used [0x00007ef901b50000, 0x00007ef98fd46bb8, 0x00007ef98fd46c00, 0x00007ef98ff90000)
 Metaspace       used 24157K, capacity 24510K, committed 24576K, reserved 24576K
}
Event: 4325.811 GC heap before
{Heap before GC invocations=6249 (full 2):
 def new generation   total 1048960K, used 939799K [0x00007ef3ac600000, 0x00007ef3f3830000, 0x00007ef901b50000)
  eden space 932416K, 100% used [0x00007ef3ac600000, 0x00007ef3e5490000, 0x00007ef3e5490000)
  from space 116544K,   6% used [0x00007ef3e5490000, 0x00007ef3e5bc5f90, 0x00007ef3ec660000)
  to   space 116544K,   0% used [0x00007ef3ec660000, 0x00007ef3ec660000, 0x00007ef3f3830000)
 tenured generation   total 2330880K, used 2328538K [0x00007ef901b50000, 0x00007ef98ff90000, 0x00007f03ac600000)
   the space 2330880K,  99% used [0x00007ef901b50000, 0x00007ef98fd46bb8, 0x00007ef98fd46c00, 0x00007ef98ff90000)
 Metaspace       used 24157K, capacity 24510K, committed 24576K, reserved 24576K
}
Event: 4325.828 GC heap after
{Heap after GC invocations=6250 (full 2):
 def new generation   total 1048960K, used 7382K [0x00007ef3ac600000, 0x00007ef3f3830000, 0x00007ef901b50000)
  eden space 932416K,   0% used [0x00007ef3ac600000, 0x00007ef3ac600000, 0x00007ef3e5490000)
  from space 116544K,   6% used [0x00007ef3ec660000, 0x00007ef3ecd958d0, 0x00007ef3f3830000)
  to   space 116544K,   0% used [0x00007ef3e5490000, 0x00007ef3e5490000, 0x00007ef3ec660000)
 tenured generation   total 2330880K, used 2329017K [0x00007ef901b50000, 0x00007ef98ff90000, 0x00007f03ac600000)
   the space 2330880K,  99% used [0x00007ef901b50000, 0x00007ef98fdbe5e8, 0x00007ef98fdbe600, 0x00007ef98ff90000)
 Metaspace       used 24157K, capacity 24510K, committed 24576K, reserved 24576K
}
Event: 4326.699 GC heap before
{Heap before GC invocations=6250 (full 2):
 def new generation   total 1048960K, used 939798K [0x00007ef3ac600000, 0x00007ef3f3830000, 0x00007ef901b50000)
  eden space 932416K, 100% used [0x00007ef3ac600000, 0x00007ef3e5490000, 0x00007ef3e5490000)
  from space 116544K,   6% used [0x00007ef3ec660000, 0x00007ef3ecd958d0, 0x00007ef3f3830000)
  to   space 116544K,   0% used [0x00007ef3e5490000, 0x00007ef3e5490000, 0x00007ef3ec660000)
 tenured generation   total 2330880K, used 2329017K [0x00007ef901b50000, 0x00007ef98ff90000, 0x00007f03ac600000)
   the space 2330880K,  99% used [0x00007ef901b50000, 0x00007ef98fdbe5e8, 0x00007ef98fdbe600, 0x00007ef98ff90000)
 Metaspace       used 24157K, capacity 24510K, committed 24576K, reserved 24576K
}
Event: 4326.717 GC heap after
{Heap after GC invocations=6251 (full 2):
 def new generation   total 1048960K, used 7354K [0x00007ef3ac600000, 0x00007ef3f3830000, 0x00007ef901b50000)
  eden space 932416K,   0% used [0x00007ef3ac600000, 0x00007ef3ac600000, 0x00007ef3e5490000)
  from space 116544K,   6% used [0x00007ef3e5490000, 0x00007ef3e5bbe928, 0x00007ef3ec660000)
  to   space 116544K,   0% used [0x00007ef3ec660000, 0x00007ef3ec660000, 0x00007ef3f3830000)
 tenured generation   total 2330880K, used 2329496K [0x00007ef901b50000, 0x00007ef98ff90000, 0x00007f03ac600000)
   the space 2330880K,  99% used [0x00007ef901b50000, 0x00007ef98fe36018, 0x00007ef98fe36200, 0x00007ef98ff90000)
 Metaspace       used 24157K, capacity 24510K, committed 24576K, reserved 24576K
}
Event: 4327.617 GC heap before
{Heap before GC invocations=6251 (full 2):
 def new generation   total 1048960K, used 939770K [0x00007ef3ac600000, 0x00007ef3f3830000, 0x00007ef901b50000)
  eden space 932416K, 100% used [0x00007ef3ac600000, 0x00007ef3e5490000, 0x00007ef3e5490000)
  from space 116544K,   6% used [0x00007ef3e5490000, 0x00007ef3e5bbe928, 0x00007ef3ec660000)
  to   space 116544K,   0% used [0x00007ef3ec660000, 0x00007ef3ec660000, 0x00007ef3f3830000)
 tenured generation   total 2330880K, used 2329496K [0x00007ef901b50000, 0x00007ef98ff90000, 0x00007f03ac600000)
   the space 2330880K,  99% used [0x00007ef901b50000, 0x00007ef98fe36018, 0x00007ef98fe36200, 0x00007ef98ff90000)
 Metaspace       used 24157K, capacity 24510K, committed 24576K, reserved 24576K
}
Event: 4327.635 GC heap after
{Heap after GC invocations=6252 (full 2):
 def new generation   total 1048960K, used 7343K [0x00007ef3ac600000, 0x00007ef3f3830000, 0x00007ef901b50000)
  eden space 932416K,   0% used [0x00007ef3ac600000, 0x00007ef3ac600000, 0x00007ef3e5490000)
  from space 116544K,   6% used [0x00007ef3ec660000, 0x00007ef3ecd8bf68, 0x00007ef3f3830000)
  to   space 116544K,   0% used [0x00007ef3e5490000, 0x00007ef3e5490000, 0x00007ef3ec660000)
 tenured generation   total 2330880K, used 2329978K [0x00007ef901b50000, 0x00007ef98ff90000, 0x00007f03ac600000)
   the space 2330880K,  99% used [0x00007ef901b50000, 0x00007ef98feaeb88, 0x00007ef98feaec00, 0x00007ef98ff90000)
 Metaspace       used 24157K, capacity 24510K, committed 24576K, reserved 24576K
}
Event: 4328.529 GC heap before
{Heap before GC invocations=6252 (full 2):
 def new generation   total 1048960K, used 939759K [0x00007ef3ac600000, 0x00007ef3f3830000, 0x00007ef901b50000)
  eden space 932416K, 100% used [0x00007ef3ac600000, 0x00007ef3e5490000, 0x00007ef3e5490000)
  from space 116544K,   6% used [0x00007ef3ec660000, 0x00007ef3ecd8bf68, 0x00007ef3f3830000)
  to   space 116544K,   0% used [0x00007ef3e5490000, 0x00007ef3e5490000, 0x00007ef3ec660000)
 tenured generation   total 2330880K, used 2329978K [0x00007ef901b50000, 0x00007ef98ff90000, 0x00007f03ac600000)
   the space 2330880K,  99% used [0x00007ef901b50000, 0x00007ef98feaeb88, 0x00007ef98feaec00, 0x00007ef98ff90000)
 Metaspace       used 24157K, capacity 24510K, committed 24576K, reserved 24576K
}
Event: 4328.543 GC heap after
{Heap after GC invocations=6253 (full 2):
 def new generation   total 1048960K, used 7231K [0x00007ef3ac600000, 0x00007ef3f3830000, 0x00007ef901b50000)
  eden space 932416K,   0% used [0x00007ef3ac600000, 0x00007ef3ac600000, 0x00007ef3e5490000)
  from space 116544K,   6% used [0x00007ef3e5490000, 0x00007ef3e5b9fc68, 0x00007ef3ec660000)
  to   space 116544K,   0% used [0x00007ef3ec660000, 0x00007ef3ec660000, 0x00007ef3f3830000)
 tenured generation   total 2330880K, used 2330457K [0x00007ef901b50000, 0x00007ef98ff90000, 0x00007f03ac600000)
   the space 2330880K,  99% used [0x00007ef901b50000, 0x00007ef98ff265b8, 0x00007ef98ff26600, 0x00007ef98ff90000)
 Metaspace       used 24157K, capacity 24510K, committed 24576K, reserved 24576K
}
Event: 4329.447 GC heap before
{Heap before GC invocations=6253 (full 2):
 def new generation   total 1048960K, used 939647K [0x00007ef3ac600000, 0x00007ef3f3830000, 0x00007ef901b50000)
  eden space 932416K, 100% used [0x00007ef3ac600000, 0x00007ef3e5490000, 0x00007ef3e5490000)
  from space 116544K,   6% used [0x00007ef3e5490000, 0x00007ef3e5b9fc68, 0x00007ef3ec660000)
  to   space 116544K,   0% used [0x00007ef3ec660000, 0x00007ef3ec660000, 0x00007ef3f3830000)
 tenured generation   total 2330880K, used 2330457K [0x00007ef901b50000, 0x00007ef98ff90000, 0x00007f03ac600000)
   the space 2330880K,  99% used [0x00007ef901b50000, 0x00007ef98ff265b8, 0x00007ef98ff26600, 0x00007ef98ff90000)
 Metaspace       used 24157K, capacity 24510K, committed 24576K, reserved 24576K
}
Event: 4329.464 GC heap after
{Heap after GC invocations=6254 (full 2):
 def new generation   total 1048960K, used 7081K [0x00007ef3ac600000, 0x00007ef3f3830000, 0x00007ef901b50000)
  eden space 932416K,   0% used [0x00007ef3ac600000, 0x00007ef3ac600000, 0x00007ef3e5490000)
  from space 116544K,   6% used [0x00007ef3ec660000, 0x00007ef3ecd4a720, 0x00007ef3f3830000)
  to   space 116544K,   0% used [0x00007ef3e5490000, 0x00007ef3e5490000, 0x00007ef3ec660000)
 tenured generation   total 2331072K, used 2330935K [0x00007ef901b50000, 0x00007ef98ffc0000, 0x00007f03ac600000)
   the space 2331072K,  99% used [0x00007ef901b50000, 0x00007ef98ff9dfe8, 0x00007ef98ff9e000, 0x00007ef98ffc0000)
 Metaspace       used 24157K, capacity 24510K, committed 24576K, reserved 24576K
}
Event: 4329.464 GC heap before
{Heap before GC invocations=6254 (full 2):
 def new generation   total 1048960K, used 7081K [0x00007ef3ac600000, 0x00007ef3f3830000, 0x00007ef901b50000)
  eden space 932416K,   0% used [0x00007ef3ac600000, 0x00007ef3ac600000, 0x00007ef3e5490000)
  from space 116544K,   6% used [0x00007ef3ec660000, 0x00007ef3ecd4a720, 0x00007ef3f3830000)
  to   space 116544K,   0% used [0x00007ef3e5490000, 0x00007ef3e5490000, 0x00007ef3ec660000)
 tenured generation   total 2331072K, used 2330935K [0x00007ef901b50000, 0x00007ef98ffc0000, 0x00007f03ac600000)
   the space 2331072K,  99% used [0x00007ef901b50000, 0x00007ef98ff9dfe8, 0x00007ef98ff9e000, 0x00007ef98ffc0000)
 Metaspace       used 24157K, capacity 24510K, committed 24576K, reserved 24576K
}

