# JRE version: OpenJDK Runtime Environment (13.0.7+5) (build 13.0.7+5-Ubuntu-0ubuntu120.04)
# Java VM: OpenJDK 64-Bit Server VM (13.0.7+5-Ubuntu-0ubuntu120.04, mixed mode, tiered, serial gc, linux-amd64)
Heap:
 def new generation   total 2911424K, used 29589K [0x00007f0384600000, 0x00007f0449d10000, 0x00007f08d9b50000)
  eden space 2587968K,   1% used [0x00007f0384600000, 0x00007f03862e56a0, 0x00007f0422550000)
  from space 323456K,   0% used [0x00007f0436130000, 0x00007f0436130000, 0x00007f0449d10000)
  to   space 323456K,   0% used [0x00007f0422550000, 0x00007f0422550000, 0x00007f0436130000)
 tenured generation   total 6470228K, used 6470227K [0x00007f08d9b50000, 0x00007f0a649e5000, 0x00007f1384600000)
   the space 6470228K,  99% used [0x00007f08d9b50000, 0x00007f0a649e4fe8, 0x00007f0a649e5000, 0x00007f0a649e5000)
 Metaspace       used 24288K, capacity 24722K, committed 24832K, reserved 26624K
GC Heap History (20 events):
Event: 5333.145 GC heap after
{Heap after GC invocations=8643 (full 4):
 def new generation   total 2911424K, used 19350K [0x00007f0384600000, 0x00007f0449d10000, 0x00007f08d9b50000)
  eden space 2587968K,   0% used [0x00007f0384600000, 0x00007f0384600000, 0x00007f0422550000)
  from space 323456K,   5% used [0x00007f0422550000, 0x00007f0423835810, 0x00007f0436130000)
  to   space 323456K,   0% used [0x00007f0436130000, 0x00007f0436130000, 0x00007f0449d10000)
 tenured generation   total 6469652K, used 6456897K [0x00007f08d9b50000, 0x00007f0a64955000, 0x00007f1384600000)
   the space 6469652K,  99% used [0x00007f08d9b50000, 0x00007f0a63ce0450, 0x00007f0a63ce0600, 0x00007f0a64955000)
 Metaspace       used 24288K, capacity 24722K, committed 24832K, reserved 26624K
}
Event: 5334.453 GC heap before
{Heap before GC invocations=8643 (full 4):
 def new generation   total 2911424K, used 2607318K [0x00007f0384600000, 0x00007f0449d10000, 0x00007f08d9b50000)
  eden space 2587968K, 100% used [0x00007f0384600000, 0x00007f0422550000, 0x00007f0422550000)
  from space 323456K,   5% used [0x00007f0422550000, 0x00007f0423835810, 0x00007f0436130000)
  to   space 323456K,   0% used [0x00007f0436130000, 0x00007f0436130000, 0x00007f0449d10000)
 tenured generation   total 6469652K, used 6456897K [0x00007f08d9b50000, 0x00007f0a64955000, 0x00007f1384600000)
   the space 6469652K,  99% used [0x00007f08d9b50000, 0x00007f0a63ce0450, 0x00007f0a63ce0600, 0x00007f0a64955000)
 Metaspace       used 24288K, capacity 24722K, committed 24832K, reserved 26624K
}
Event: 5334.465 GC heap after
{Heap after GC invocations=8644 (full 4):
 def new generation   total 2911424K, used 19097K [0x00007f0384600000, 0x00007f0449d10000, 0x00007f08d9b50000)
  eden space 2587968K,   0% used [0x00007f0384600000, 0x00007f0384600000, 0x00007f0422550000)
  from space 323456K,   5% used [0x00007f0436130000, 0x00007f04373d66d8, 0x00007f0449d10000)
  to   space 323456K,   0% used [0x00007f0422550000, 0x00007f0422550000, 0x00007f0436130000)
 tenured generation   total 6469652K, used 6458281K [0x00007f08d9b50000, 0x00007f0a64955000, 0x00007f1384600000)
   the space 6469652K,  99% used [0x00007f08d9b50000, 0x00007f0a63e3a578, 0x00007f0a63e3a600, 0x00007f0a64955000)
 Metaspace       used 24288K, capacity 24722K, committed 24832K, reserved 26624K
}
Event: 5335.734 GC heap before
{Heap before GC invocations=8644 (full 4):
 def new generation   total 2911424K, used 2607065K [0x00007f0384600000, 0x00007f0449d10000, 0x00007f08d9b50000)
  eden space 2587968K, 100% used [0x00007f0384600000, 0x00007f0422550000, 0x00007f0422550000)
  from space 323456K,   5% used [0x00007f0436130000, 0x00007f04373d66d8, 0x00007f0449d10000)
  to   space 323456K,   0% used [0x00007f0422550000, 0x00007f0422550000, 0x00007f0436130000)
 tenured generation   total 6469652K, used 6458281K [0x00007f08d9b50000, 0x00007f0a64955000, 0x00007f1384600000)
   the space 6469652K,  99% used [0x00007f08d9b50000, 0x00007f0a63e3a578, 0x00007f0a63e3a600, 0x00007f0a64955000)
 Metaspace       used 24288K, capacity 24722K, committed 24832K, reserved 26624K
}
Event: 5335.751 GC heap after
{Heap after GC invocations=8645 (full 4):
 def new generation   total 2911424K, used 19314K [0x00007f0384600000, 0x00007f0449d10000, 0x00007f08d9b50000)
  eden space 2587968K,   0% used [0x00007f0384600000, 0x00007f0384600000, 0x00007f0422550000)
  from space 323456K,   5% used [0x00007f0422550000, 0x00007f042382cb00, 0x00007f0436130000)
  to   space 323456K,   0% used [0x00007f0436130000, 0x00007f0436130000, 0x00007f0449d10000)
 tenured generation   total 6469652K, used 6459770K [0x00007f08d9b50000, 0x00007f0a64955000, 0x00007f1384600000)
   the space 6469652K,  99% used [0x00007f08d9b50000, 0x00007f0a63faeb58, 0x00007f0a63faec00, 0x00007f0a64955000)
 Metaspace       used 24288K, capacity 24722K, committed 24832K, reserved 26624K
}
Event: 5337.059 GC heap before
{Heap before GC invocations=8645 (full 4):
 def new generation   total 2911424K, used 2607282K [0x00007f0384600000, 0x00007f0449d10000, 0x00007f08d9b50000)
  eden space 2587968K, 100% used [0x00007f0384600000, 0x00007f0422550000, 0x00007f0422550000)
  from space 323456K,   5% used [0x00007f0422550000, 0x00007f042382cb00, 0x00007f0436130000)
  to   space 323456K,   0% used [0x00007f0436130000, 0x00007f0436130000, 0x00007f0449d10000)
 tenured generation   total 6469652K, used 6459770K [0x00007f08d9b50000, 0x00007f0a64955000, 0x00007f1384600000)
   the space 6469652K,  99% used [0x00007f08d9b50000, 0x00007f0a63faeb58, 0x00007f0a63faec00, 0x00007f0a64955000)
 Metaspace       used 24288K, capacity 24722K, committed 24832K, reserved 26624K
}
Event: 5337.078 GC heap after
{Heap after GC invocations=8646 (full 4):
 def new generation   total 2911424K, used 19803K [0x00007f0384600000, 0x00007f0449d10000, 0x00007f08d9b50000)
  eden space 2587968K,   0% used [0x00007f0384600000, 0x00007f0384600000, 0x00007f0422550000)
  from space 323456K,   6% used [0x00007f0436130000, 0x00007f0437486c20, 0x00007f0449d10000)
  to   space 323456K,   0% used [0x00007f0422550000, 0x00007f0422550000, 0x00007f0436130000)
 tenured generation   total 6469652K, used 6461260K [0x00007f08d9b50000, 0x00007f0a64955000, 0x00007f1384600000)
   the space 6469652K,  99% used [0x00007f08d9b50000, 0x00007f0a64123138, 0x00007f0a64123200, 0x00007f0a64955000)
 Metaspace       used 24288K, capacity 24722K, committed 24832K, reserved 26624K
}
Event: 5338.364 GC heap before
{Heap before GC invocations=8646 (full 4):
 def new generation   total 2911424K, used 2607771K [0x00007f0384600000, 0x00007f0449d10000, 0x00007f08d9b50000)
  eden space 2587968K, 100% used [0x00007f0384600000, 0x00007f0422550000, 0x00007f0422550000)
  from space 323456K,   6% used [0x00007f0436130000, 0x00007f0437486c20, 0x00007f0449d10000)
  to   space 323456K,   0% used [0x00007f0422550000, 0x00007f0422550000, 0x00007f0436130000)
 tenured generation   total 6469652K, used 6461260K [0x00007f08d9b50000, 0x00007f0a64955000, 0x00007f1384600000)
   the space 6469652K,  99% used [0x00007f08d9b50000, 0x00007f0a64123138, 0x00007f0a64123200, 0x00007f0a64955000)
 Metaspace       used 24288K, capacity 24722K, committed 24832K, reserved 26624K
}
Event: 5338.378 GC heap after
{Heap after GC invocations=8647 (full 4):
 def new generation   total 2911424K, used 20417K [0x00007f0384600000, 0x00007f0449d10000, 0x00007f08d9b50000)
  eden space 2587968K,   0% used [0x00007f0384600000, 0x00007f0384600000, 0x00007f0422550000)
  from space 323456K,   6% used [0x00007f0422550000, 0x00007f04239405d0, 0x00007f0436130000)
  to   space 323456K,   0% used [0x00007f0436130000, 0x00007f0436130000, 0x00007f0449d10000)
 tenured generation   total 6469652K, used 6462749K [0x00007f08d9b50000, 0x00007f0a64955000, 0x00007f1384600000)
   the space 6469652K,  99% used [0x00007f08d9b50000, 0x00007f0a64297718, 0x00007f0a64297800, 0x00007f0a64955000)
 Metaspace       used 24288K, capacity 24722K, committed 24832K, reserved 26624K
}
Event: 5339.657 GC heap before
{Heap before GC invocations=8647 (full 4):
 def new generation   total 2911424K, used 2608385K [0x00007f0384600000, 0x00007f0449d10000, 0x00007f08d9b50000)
  eden space 2587968K, 100% used [0x00007f0384600000, 0x00007f0422550000, 0x00007f0422550000)
  from space 323456K,   6% used [0x00007f0422550000, 0x00007f04239405d0, 0x00007f0436130000)
  to   space 323456K,   0% used [0x00007f0436130000, 0x00007f0436130000, 0x00007f0449d10000)
 tenured generation   total 6469652K, used 6462749K [0x00007f08d9b50000, 0x00007f0a64955000, 0x00007f1384600000)
   the space 6469652K,  99% used [0x00007f08d9b50000, 0x00007f0a64297718, 0x00007f0a64297800, 0x00007f0a64955000)
 Metaspace       used 24288K, capacity 24722K, committed 24832K, reserved 26624K
}
Event: 5339.674 GC heap after
{Heap after GC invocations=8648 (full 4):
 def new generation   total 2911424K, used 21730K [0x00007f0384600000, 0x00007f0449d10000, 0x00007f08d9b50000)
  eden space 2587968K,   0% used [0x00007f0384600000, 0x00007f0384600000, 0x00007f0422550000)
  from space 323456K,   6% used [0x00007f0436130000, 0x00007f0437668bc0, 0x00007f0449d10000)
  to   space 323456K,   0% used [0x00007f0422550000, 0x00007f0422550000, 0x00007f0436130000)
 tenured generation   total 6469652K, used 6464239K [0x00007f08d9b50000, 0x00007f0a64955000, 0x00007f1384600000)
   the space 6469652K,  99% used [0x00007f08d9b50000, 0x00007f0a6440bcf8, 0x00007f0a6440be00, 0x00007f0a64955000)
 Metaspace       used 24288K, capacity 24722K, committed 24832K, reserved 26624K
}
Event: 5340.961 GC heap before
{Heap before GC invocations=8648 (full 4):
 def new generation   total 2911424K, used 2609698K [0x00007f0384600000, 0x00007f0449d10000, 0x00007f08d9b50000)
  eden space 2587968K, 100% used [0x00007f0384600000, 0x00007f0422550000, 0x00007f0422550000)
  from space 323456K,   6% used [0x00007f0436130000, 0x00007f0437668bc0, 0x00007f0449d10000)
  to   space 323456K,   0% used [0x00007f0422550000, 0x00007f0422550000, 0x00007f0436130000)
 tenured generation   total 6469652K, used 6464239K [0x00007f08d9b50000, 0x00007f0a64955000, 0x00007f1384600000)
   the space 6469652K,  99% used [0x00007f08d9b50000, 0x00007f0a6440bcf8, 0x00007f0a6440be00, 0x00007f0a64955000)
 Metaspace       used 24288K, capacity 24722K, committed 24832K, reserved 26624K
}
Event: 5340.986 GC heap after
{Heap after GC invocations=8649 (full 4):
 def new generation   total 2911424K, used 24001K [0x00007f0384600000, 0x00007f0449d10000, 0x00007f08d9b50000)
  eden space 2587968K,   0% used [0x00007f0384600000, 0x00007f0384600000, 0x00007f0422550000)
  from space 323456K,   7% used [0x00007f0422550000, 0x00007f0423cc0660, 0x00007f0436130000)
  to   space 323456K,   0% used [0x00007f0436130000, 0x00007f0436130000, 0x00007f0449d10000)
 tenured generation   total 6469652K, used 6465733K [0x00007f08d9b50000, 0x00007f0a64955000, 0x00007f1384600000)
   the space 6469652K,  99% used [0x00007f08d9b50000, 0x00007f0a64581418, 0x00007f0a64581600, 0x00007f0a64955000)
 Metaspace       used 24288K, capacity 24722K, committed 24832K, reserved 26624K
}
Event: 5342.257 GC heap before
{Heap before GC invocations=8649 (full 4):
 def new generation   total 2911424K, used 2611969K [0x00007f0384600000, 0x00007f0449d10000, 0x00007f08d9b50000)
  eden space 2587968K, 100% used [0x00007f0384600000, 0x00007f0422550000, 0x00007f0422550000)
  from space 323456K,   7% used [0x00007f0422550000, 0x00007f0423cc0660, 0x00007f0436130000)
  to   space 323456K,   0% used [0x00007f0436130000, 0x00007f0436130000, 0x00007f0449d10000)
 tenured generation   total 6469652K, used 6465733K [0x00007f08d9b50000, 0x00007f0a64955000, 0x00007f1384600000)
   the space 6469652K,  99% used [0x00007f08d9b50000, 0x00007f0a64581418, 0x00007f0a64581600, 0x00007f0a64955000)
 Metaspace       used 24288K, capacity 24722K, committed 24832K, reserved 26624K
}
Event: 5342.279 GC heap after
{Heap after GC invocations=8650 (full 4):
 def new generation   total 2911424K, used 26269K [0x00007f0384600000, 0x00007f0449d10000, 0x00007f08d9b50000)
  eden space 2587968K,   0% used [0x00007f0384600000, 0x00007f0384600000, 0x00007f0422550000)
  from space 323456K,   8% used [0x00007f0436130000, 0x00007f0437ad7518, 0x00007f0449d10000)
  to   space 323456K,   0% used [0x00007f0422550000, 0x00007f0422550000, 0x00007f0436130000)
 tenured generation   total 6469652K, used 6467222K [0x00007f08d9b50000, 0x00007f0a64955000, 0x00007f1384600000)
   the space 6469652K,  99% used [0x00007f08d9b50000, 0x00007f0a646f59f8, 0x00007f0a646f5a00, 0x00007f0a64955000)
 Metaspace       used 24288K, capacity 24722K, committed 24832K, reserved 26624K
}
Event: 5343.539 GC heap before
{Heap before GC invocations=8650 (full 4):
 def new generation   total 2911424K, used 2614237K [0x00007f0384600000, 0x00007f0449d10000, 0x00007f08d9b50000)
  eden space 2587968K, 100% used [0x00007f0384600000, 0x00007f0422550000, 0x00007f0422550000)
  from space 323456K,   8% used [0x00007f0436130000, 0x00007f0437ad7518, 0x00007f0449d10000)
  to   space 323456K,   0% used [0x00007f0422550000, 0x00007f0422550000, 0x00007f0436130000)
 tenured generation   total 6469652K, used 6467222K [0x00007f08d9b50000, 0x00007f0a64955000, 0x00007f1384600000)
   the space 6469652K,  99% used [0x00007f08d9b50000, 0x00007f0a646f59f8, 0x00007f0a646f5a00, 0x00007f0a64955000)
 Metaspace       used 24288K, capacity 24722K, committed 24832K, reserved 26624K
}
Event: 5343.559 GC heap after
{Heap after GC invocations=8651 (full 4):
 def new generation   total 2911424K, used 28497K [0x00007f0384600000, 0x00007f0449d10000, 0x00007f08d9b50000)
  eden space 2587968K,   0% used [0x00007f0384600000, 0x00007f0384600000, 0x00007f0422550000)
  from space 323456K,   8% used [0x00007f0422550000, 0x00007f0424124670, 0x00007f0436130000)
  to   space 323456K,   0% used [0x00007f0436130000, 0x00007f0436130000, 0x00007f0449d10000)
 tenured generation   total 6469652K, used 6468711K [0x00007f08d9b50000, 0x00007f0a64955000, 0x00007f1384600000)
   the space 6469652K,  99% used [0x00007f08d9b50000, 0x00007f0a64869fd8, 0x00007f0a6486a000, 0x00007f0a64955000)
 Metaspace       used 24288K, capacity 24722K, committed 24832K, reserved 26624K
}
Event: 5344.848 GC heap before
{Heap before GC invocations=8651 (full 4):
 def new generation   total 2911424K, used 2616465K [0x00007f0384600000, 0x00007f0449d10000, 0x00007f08d9b50000)
  eden space 2587968K, 100% used [0x00007f0384600000, 0x00007f0422550000, 0x00007f0422550000)
  from space 323456K,   8% used [0x00007f0422550000, 0x00007f0424124670, 0x00007f0436130000)
  to   space 323456K,   0% used [0x00007f0436130000, 0x00007f0436130000, 0x00007f0449d10000)
 tenured generation   total 6469652K, used 6468711K [0x00007f08d9b50000, 0x00007f0a64955000, 0x00007f1384600000)
   the space 6469652K,  99% used [0x00007f08d9b50000, 0x00007f0a64869fd8, 0x00007f0a6486a000, 0x00007f0a64955000)
 Metaspace       used 24288K, capacity 24722K, committed 24832K, reserved 26624K
}
Event: 5344.870 GC heap after
{Heap after GC invocations=8652 (full 4):
 def new generation   total 2911424K, used 29657K [0x00007f0384600000, 0x00007f0449d10000, 0x00007f08d9b50000)
  eden space 2587968K,   0% used [0x00007f0384600000, 0x00007f0384600000, 0x00007f0422550000)
  from space 323456K,   9% used [0x00007f0436130000, 0x00007f0437e26658, 0x00007f0449d10000)
  to   space 323456K,   0% used [0x00007f0422550000, 0x00007f0422550000, 0x00007f0436130000)
 tenured generation   total 6470228K, used 6470201K [0x00007f08d9b50000, 0x00007f0a649e5000, 0x00007f1384600000)
   the space 6470228K,  99% used [0x00007f08d9b50000, 0x00007f0a649de5b8, 0x00007f0a649de600, 0x00007f0a649e5000)
 Metaspace       used 24288K, capacity 24722K, committed 24832K, reserved 26624K
}
Event: 5344.870 GC heap before
{Heap before GC invocations=8652 (full 4):
 def new generation   total 2911424K, used 29657K [0x00007f0384600000, 0x00007f0449d10000, 0x00007f08d9b50000)
  eden space 2587968K,   0% used [0x00007f0384600000, 0x00007f0384600000, 0x00007f0422550000)
  from space 323456K,   9% used [0x00007f0436130000, 0x00007f0437e26658, 0x00007f0449d10000)
  to   space 323456K,   0% used [0x00007f0422550000, 0x00007f0422550000, 0x00007f0436130000)
 tenured generation   total 6470228K, used 6470201K [0x00007f08d9b50000, 0x00007f0a649e5000, 0x00007f1384600000)
   the space 6470228K,  99% used [0x00007f08d9b50000, 0x00007f0a649de5b8, 0x00007f0a649de600, 0x00007f0a649e5000)
 Metaspace       used 24288K, capacity 24722K, committed 24832K, reserved 26624K
}

