# JRE version: OpenJDK Runtime Environment (13.0.7+5) (build 13.0.7+5-Ubuntu-0ubuntu120.04)
# Java VM: OpenJDK 64-Bit Server VM (13.0.7+5-Ubuntu-0ubuntu120.04, mixed mode, tiered, serial gc, linux-amd64)
Heap:
 def new generation   total 808768K, used 0K [0x00007f90c0600000, 0x00007f90f7390000, 0x00007f9b6b0a0000)
  eden space 718912K,   0% used [0x00007f90c0600000, 0x00007f90c0600000, 0x00007f90ec410000)
  from space 89856K,   0% used [0x00007f90ec410000, 0x00007f90ec410000, 0x00007f90f1bd0000)
  to   space 89856K,   0% used [0x00007f90f1bd0000, 0x00007f90f1bd0000, 0x00007f90f7390000)
 tenured generation   total 1829980K, used 1365876K [0x00007f9b6b0a0000, 0x00007f9bdabb7000, 0x00007fb0c0600000)
   the space 1829980K,  74% used [0x00007f9b6b0a0000, 0x00007f9bbe67d300, 0x00007f9bbe67d400, 0x00007f9bdabb7000)
 Metaspace       used 24211K, capacity 24644K, committed 24832K, reserved 26624K
GC Heap History (20 events):
Event: 394.403 GC heap after
{Heap after GC invocations=773 (full 3):
 def new generation   total 808768K, used 9790K [0x00007f90c0600000, 0x00007f90f7390000, 0x00007f9b6b0a0000)
  eden space 718912K,   0% used [0x00007f90c0600000, 0x00007f90c0600000, 0x00007f90ec410000)
  from space 89856K,  10% used [0x00007f90f1bd0000, 0x00007f90f255f980, 0x00007f90f7390000)
  to   space 89856K,   0% used [0x00007f90ec410000, 0x00007f90ec410000, 0x00007f90f1bd0000)
 tenured generation   total 1797204K, used 1780592K [0x00007f9b6b0a0000, 0x00007f9bd8bb5000, 0x00007fb0c0600000)
   the space 1797204K,  99% used [0x00007f9b6b0a0000, 0x00007f9bd7b7c198, 0x00007f9bd7b7c200, 0x00007f9bd8bb5000)
 Metaspace       used 24211K, capacity 24644K, committed 24832K, reserved 26624K
}
Event: 395.037 GC heap before
{Heap before GC invocations=773 (full 3):
 def new generation   total 808768K, used 728447K [0x00007f90c0600000, 0x00007f90f7390000, 0x00007f9b6b0a0000)
  eden space 718912K,  99% used [0x00007f90c0600000, 0x00007f90ec3d0648, 0x00007f90ec410000)
  from space 89856K,  10% used [0x00007f90f1bd0000, 0x00007f90f255f980, 0x00007f90f7390000)
  to   space 89856K,   0% used [0x00007f90ec410000, 0x00007f90ec410000, 0x00007f90f1bd0000)
 tenured generation   total 1797204K, used 1780592K [0x00007f9b6b0a0000, 0x00007f9bd8bb5000, 0x00007fb0c0600000)
   the space 1797204K,  99% used [0x00007f9b6b0a0000, 0x00007f9bd7b7c198, 0x00007f9bd7b7c200, 0x00007f9bd8bb5000)
 Metaspace       used 24211K, capacity 24644K, committed 24832K, reserved 26624K
}
Event: 395.054 GC heap after
{Heap after GC invocations=774 (full 3):
 def new generation   total 808768K, used 15933K [0x00007f90c0600000, 0x00007f90f7390000, 0x00007f9b6b0a0000)
  eden space 718912K,   0% used [0x00007f90c0600000, 0x00007f90c0600000, 0x00007f90ec410000)
  from space 89856K,  17% used [0x00007f90ec410000, 0x00007f90ed39f7a0, 0x00007f90f1bd0000)
  to   space 89856K,   0% used [0x00007f90f1bd0000, 0x00007f90f1bd0000, 0x00007f90f7390000)
 tenured generation   total 1797204K, used 1780592K [0x00007f9b6b0a0000, 0x00007f9bd8bb5000, 0x00007fb0c0600000)
   the space 1797204K,  99% used [0x00007f9b6b0a0000, 0x00007f9bd7b7c198, 0x00007f9bd7b7c200, 0x00007f9bd8bb5000)
 Metaspace       used 24211K, capacity 24644K, committed 24832K, reserved 26624K
}
Event: 395.648 GC heap before
{Heap before GC invocations=774 (full 3):
 def new generation   total 808768K, used 734845K [0x00007f90c0600000, 0x00007f90f7390000, 0x00007f9b6b0a0000)
  eden space 718912K, 100% used [0x00007f90c0600000, 0x00007f90ec410000, 0x00007f90ec410000)
  from space 89856K,  17% used [0x00007f90ec410000, 0x00007f90ed39f7a0, 0x00007f90f1bd0000)
  to   space 89856K,   0% used [0x00007f90f1bd0000, 0x00007f90f1bd0000, 0x00007f90f7390000)
 tenured generation   total 1797204K, used 1780592K [0x00007f9b6b0a0000, 0x00007f9bd8bb5000, 0x00007fb0c0600000)
   the space 1797204K,  99% used [0x00007f9b6b0a0000, 0x00007f9bd7b7c198, 0x00007f9bd7b7c200, 0x00007f9bd8bb5000)
 Metaspace       used 24211K, capacity 24644K, committed 24832K, reserved 26624K
}
Event: 395.665 GC heap after
{Heap after GC invocations=775 (full 3):
 def new generation   total 808768K, used 16441K [0x00007f90c0600000, 0x00007f90f7390000, 0x00007f9b6b0a0000)
  eden space 718912K,   0% used [0x00007f90c0600000, 0x00007f90c0600000, 0x00007f90ec410000)
  from space 89856K,  18% used [0x00007f90f1bd0000, 0x00007f90f2bde780, 0x00007f90f7390000)
  to   space 89856K,   0% used [0x00007f90ec410000, 0x00007f90ec410000, 0x00007f90f1bd0000)
 tenured generation   total 1797204K, used 1780592K [0x00007f9b6b0a0000, 0x00007f9bd8bb5000, 0x00007fb0c0600000)
   the space 1797204K,  99% used [0x00007f9b6b0a0000, 0x00007f9bd7b7c198, 0x00007f9bd7b7c200, 0x00007f9bd8bb5000)
 Metaspace       used 24211K, capacity 24644K, committed 24832K, reserved 26624K
}
Event: 396.198 GC heap before
{Heap before GC invocations=775 (full 3):
 def new generation   total 808768K, used 735353K [0x00007f90c0600000, 0x00007f90f7390000, 0x00007f9b6b0a0000)
  eden space 718912K, 100% used [0x00007f90c0600000, 0x00007f90ec410000, 0x00007f90ec410000)
  from space 89856K,  18% used [0x00007f90f1bd0000, 0x00007f90f2bde780, 0x00007f90f7390000)
  to   space 89856K,   0% used [0x00007f90ec410000, 0x00007f90ec410000, 0x00007f90f1bd0000)
 tenured generation   total 1797204K, used 1780592K [0x00007f9b6b0a0000, 0x00007f9bd8bb5000, 0x00007fb0c0600000)
   the space 1797204K,  99% used [0x00007f9b6b0a0000, 0x00007f9bd7b7c198, 0x00007f9bd7b7c200, 0x00007f9bd8bb5000)
 Metaspace       used 24211K, capacity 24644K, committed 24832K, reserved 26624K
}
Event: 396.232 GC heap after
{Heap after GC invocations=776 (full 3):
 def new generation   total 808768K, used 16457K [0x00007f90c0600000, 0x00007f90f7390000, 0x00007f9b6b0a0000)
  eden space 718912K,   0% used [0x00007f90c0600000, 0x00007f90c0600000, 0x00007f90ec410000)
  from space 89856K,  18% used [0x00007f90ec410000, 0x00007f90ed422588, 0x00007f90f1bd0000)
  to   space 89856K,   0% used [0x00007f90f1bd0000, 0x00007f90f1bd0000, 0x00007f90f7390000)
 tenured generation   total 1797204K, used 1780592K [0x00007f9b6b0a0000, 0x00007f9bd8bb5000, 0x00007fb0c0600000)
   the space 1797204K,  99% used [0x00007f9b6b0a0000, 0x00007f9bd7b7c198, 0x00007f9bd7b7c200, 0x00007f9bd8bb5000)
 Metaspace       used 24211K, capacity 24644K, committed 24832K, reserved 26624K
}
Event: 396.766 GC heap before
{Heap before GC invocations=776 (full 3):
 def new generation   total 808768K, used 735369K [0x00007f90c0600000, 0x00007f90f7390000, 0x00007f9b6b0a0000)
  eden space 718912K, 100% used [0x00007f90c0600000, 0x00007f90ec410000, 0x00007f90ec410000)
  from space 89856K,  18% used [0x00007f90ec410000, 0x00007f90ed422588, 0x00007f90f1bd0000)
  to   space 89856K,   0% used [0x00007f90f1bd0000, 0x00007f90f1bd0000, 0x00007f90f7390000)
 tenured generation   total 1797204K, used 1780592K [0x00007f9b6b0a0000, 0x00007f9bd8bb5000, 0x00007fb0c0600000)
   the space 1797204K,  99% used [0x00007f9b6b0a0000, 0x00007f9bd7b7c198, 0x00007f9bd7b7c200, 0x00007f9bd8bb5000)
 Metaspace       used 24211K, capacity 24644K, committed 24832K, reserved 26624K
}
Event: 396.793 GC heap after
{Heap after GC invocations=777 (full 3):
 def new generation   total 808768K, used 16444K [0x00007f90c0600000, 0x00007f90f7390000, 0x00007f9b6b0a0000)
  eden space 718912K,   0% used [0x00007f90c0600000, 0x00007f90c0600000, 0x00007f90ec410000)
  from space 89856K,  18% used [0x00007f90f1bd0000, 0x00007f90f2bdf0e0, 0x00007f90f7390000)
  to   space 89856K,   0% used [0x00007f90ec410000, 0x00007f90ec410000, 0x00007f90f1bd0000)
 tenured generation   total 1797204K, used 1780592K [0x00007f9b6b0a0000, 0x00007f9bd8bb5000, 0x00007fb0c0600000)
   the space 1797204K,  99% used [0x00007f9b6b0a0000, 0x00007f9bd7b7c198, 0x00007f9bd7b7c200, 0x00007f9bd8bb5000)
 Metaspace       used 24211K, capacity 24644K, committed 24832K, reserved 26624K
}
Event: 397.352 GC heap before
{Heap before GC invocations=777 (full 3):
 def new generation   total 808768K, used 728919K [0x00007f90c0600000, 0x00007f90f7390000, 0x00007f9b6b0a0000)
  eden space 718912K,  99% used [0x00007f90c0600000, 0x00007f90ebdc6bb8, 0x00007f90ec410000)
  from space 89856K,  18% used [0x00007f90f1bd0000, 0x00007f90f2bdf0e0, 0x00007f90f7390000)
  to   space 89856K,   0% used [0x00007f90ec410000, 0x00007f90ec410000, 0x00007f90f1bd0000)
 tenured generation   total 1797204K, used 1780592K [0x00007f9b6b0a0000, 0x00007f9bd8bb5000, 0x00007fb0c0600000)
   the space 1797204K,  99% used [0x00007f9b6b0a0000, 0x00007f9bd7b7c198, 0x00007f9bd7b7c200, 0x00007f9bd8bb5000)
 Metaspace       used 24211K, capacity 24644K, committed 24832K, reserved 26624K
}
Event: 397.385 GC heap after
{Heap after GC invocations=778 (full 3):
 def new generation   total 808768K, used 37006K [0x00007f90c0600000, 0x00007f90f7390000, 0x00007f9b6b0a0000)
  eden space 718912K,   0% used [0x00007f90c0600000, 0x00007f90c0600000, 0x00007f90ec410000)
  from space 89856K,  41% used [0x00007f90ec410000, 0x00007f90ee8339d8, 0x00007f90f1bd0000)
  to   space 89856K,   0% used [0x00007f90f1bd0000, 0x00007f90f1bd0000, 0x00007f90f7390000)
 tenured generation   total 1797204K, used 1780592K [0x00007f9b6b0a0000, 0x00007f9bd8bb5000, 0x00007fb0c0600000)
   the space 1797204K,  99% used [0x00007f9b6b0a0000, 0x00007f9bd7b7c198, 0x00007f9bd7b7c200, 0x00007f9bd8bb5000)
 Metaspace       used 24211K, capacity 24644K, committed 24832K, reserved 26624K
}
Event: 397.920 GC heap before
{Heap before GC invocations=778 (full 3):
 def new generation   total 808768K, used 745498K [0x00007f90c0600000, 0x00007f90f7390000, 0x00007f9b6b0a0000)
  eden space 718912K,  98% used [0x00007f90c0600000, 0x00007f90eb9e31e0, 0x00007f90ec410000)
  from space 89856K,  41% used [0x00007f90ec410000, 0x00007f90ee8339d8, 0x00007f90f1bd0000)
  to   space 89856K,   0% used [0x00007f90f1bd0000, 0x00007f90f1bd0000, 0x00007f90f7390000)
 tenured generation   total 1797204K, used 1780592K [0x00007f9b6b0a0000, 0x00007f9bd8bb5000, 0x00007fb0c0600000)
   the space 1797204K,  99% used [0x00007f9b6b0a0000, 0x00007f9bd7b7c198, 0x00007f9bd7b7c200, 0x00007f9bd8bb5000)
 Metaspace       used 24211K, capacity 24644K, committed 24832K, reserved 26624K
}
Event: 397.939 GC heap after
{Heap after GC invocations=779 (full 3):
 def new generation   total 808768K, used 39582K [0x00007f90c0600000, 0x00007f90f7390000, 0x00007f9b6b0a0000)
  eden space 718912K,   0% used [0x00007f90c0600000, 0x00007f90c0600000, 0x00007f90ec410000)
  from space 89856K,  44% used [0x00007f90f1bd0000, 0x00007f90f42778b0, 0x00007f90f7390000)
  to   space 89856K,   0% used [0x00007f90ec410000, 0x00007f90ec410000, 0x00007f90f1bd0000)
 tenured generation   total 1797204K, used 1780592K [0x00007f9b6b0a0000, 0x00007f9bd8bb5000, 0x00007fb0c0600000)
   the space 1797204K,  99% used [0x00007f9b6b0a0000, 0x00007f9bd7b7c198, 0x00007f9bd7b7c200, 0x00007f9bd8bb5000)
 Metaspace       used 24211K, capacity 24644K, committed 24832K, reserved 26624K
}
Event: 398.590 GC heap before
{Heap before GC invocations=779 (full 3):
 def new generation   total 808768K, used 758494K [0x00007f90c0600000, 0x00007f90f7390000, 0x00007f9b6b0a0000)
  eden space 718912K, 100% used [0x00007f90c0600000, 0x00007f90ec410000, 0x00007f90ec410000)
  from space 89856K,  44% used [0x00007f90f1bd0000, 0x00007f90f42778b0, 0x00007f90f7390000)
  to   space 89856K,   0% used [0x00007f90ec410000, 0x00007f90ec410000, 0x00007f90f1bd0000)
 tenured generation   total 1797204K, used 1780592K [0x00007f9b6b0a0000, 0x00007f9bd8bb5000, 0x00007fb0c0600000)
   the space 1797204K,  99% used [0x00007f9b6b0a0000, 0x00007f9bd7b7c198, 0x00007f9bd7b7c200, 0x00007f9bd8bb5000)
 Metaspace       used 24211K, capacity 24644K, committed 24832K, reserved 26624K
}
Event: 398.615 GC heap after
{Heap after GC invocations=780 (full 3):
 def new generation   total 808768K, used 44213K [0x00007f90c0600000, 0x00007f90f7390000, 0x00007f9b6b0a0000)
  eden space 718912K,   0% used [0x00007f90c0600000, 0x00007f90c0600000, 0x00007f90ec410000)
  from space 89856K,  49% used [0x00007f90ec410000, 0x00007f90eef3d5e0, 0x00007f90f1bd0000)
  to   space 89856K,   0% used [0x00007f90f1bd0000, 0x00007f90f1bd0000, 0x00007f90f7390000)
 tenured generation   total 1797204K, used 1780592K [0x00007f9b6b0a0000, 0x00007f9bd8bb5000, 0x00007fb0c0600000)
   the space 1797204K,  99% used [0x00007f9b6b0a0000, 0x00007f9bd7b7c198, 0x00007f9bd7b7c200, 0x00007f9bd8bb5000)
 Metaspace       used 24211K, capacity 24644K, committed 24832K, reserved 26624K
}
Event: 399.160 GC heap before
{Heap before GC invocations=780 (full 3):
 def new generation   total 808768K, used 763125K [0x00007f90c0600000, 0x00007f90f7390000, 0x00007f9b6b0a0000)
  eden space 718912K, 100% used [0x00007f90c0600000, 0x00007f90ec410000, 0x00007f90ec410000)
  from space 89856K,  49% used [0x00007f90ec410000, 0x00007f90eef3d5e0, 0x00007f90f1bd0000)
  to   space 89856K,   0% used [0x00007f90f1bd0000, 0x00007f90f1bd0000, 0x00007f90f7390000)
 tenured generation   total 1797204K, used 1780592K [0x00007f9b6b0a0000, 0x00007f9bd8bb5000, 0x00007fb0c0600000)
   the space 1797204K,  99% used [0x00007f9b6b0a0000, 0x00007f9bd7b7c198, 0x00007f9bd7b7c200, 0x00007f9bd8bb5000)
 Metaspace       used 24211K, capacity 24644K, committed 24832K, reserved 26624K
}
Event: 399.183 GC heap after
{Heap after GC invocations=781 (full 3):
 def new generation   total 808768K, used 48315K [0x00007f90c0600000, 0x00007f90f7390000, 0x00007f9b6b0a0000)
  eden space 718912K,   0% used [0x00007f90c0600000, 0x00007f90c0600000, 0x00007f90ec410000)
  from space 89856K,  53% used [0x00007f90f1bd0000, 0x00007f90f4afee98, 0x00007f90f7390000)
  to   space 89856K,   0% used [0x00007f90ec410000, 0x00007f90ec410000, 0x00007f90f1bd0000)
 tenured generation   total 1797204K, used 1780592K [0x00007f9b6b0a0000, 0x00007f9bd8bb5000, 0x00007fb0c0600000)
   the space 1797204K,  99% used [0x00007f9b6b0a0000, 0x00007f9bd7b7c198, 0x00007f9bd7b7c200, 0x00007f9bd8bb5000)
 Metaspace       used 24211K, capacity 24644K, committed 24832K, reserved 26624K
}
Event: 399.746 GC heap before
{Heap before GC invocations=781 (full 3):
 def new generation   total 808768K, used 766599K [0x00007f90c0600000, 0x00007f90f7390000, 0x00007f9b6b0a0000)
  eden space 718912K,  99% used [0x00007f90c0600000, 0x00007f90ec372df0, 0x00007f90ec410000)
  from space 89856K,  53% used [0x00007f90f1bd0000, 0x00007f90f4afee98, 0x00007f90f7390000)
  to   space 89856K,   0% used [0x00007f90ec410000, 0x00007f90ec410000, 0x00007f90f1bd0000)
 tenured generation   total 1797204K, used 1780592K [0x00007f9b6b0a0000, 0x00007f9bd8bb5000, 0x00007fb0c0600000)
   the space 1797204K,  99% used [0x00007f9b6b0a0000, 0x00007f9bd7b7c198, 0x00007f9bd7b7c200, 0x00007f9bd8bb5000)
 Metaspace       used 24211K, capacity 24644K, committed 24832K, reserved 26624K
}
Event: 400.198 GC heap after
{Heap after GC invocations=782 (full 3):
 def new generation   total 808768K, used 15415K [0x00007f90c0600000, 0x00007f90f7390000, 0x00007f9b6b0a0000)
  eden space 718912K,   0% used [0x00007f90c0600000, 0x00007f90c0600000, 0x00007f90ec410000)
  from space 89856K,  17% used [0x00007f90ec410000, 0x00007f90ed31dcf0, 0x00007f90f1bd0000)
  to   space 89856K,   0% used [0x00007f90f1bd0000, 0x00007f90f1bd0000, 0x00007f90f7390000)
 tenured generation   total 1829980K, used 1817068K [0x00007f9b6b0a0000, 0x00007f9bdabb7000, 0x00007fb0c0600000)
   the space 1829980K,  99% used [0x00007f9b6b0a0000, 0x00007f9bd9f1b3c0, 0x00007f9bd9f1b400, 0x00007f9bdabb7000)
 Metaspace       used 24211K, capacity 24644K, committed 24832K, reserved 26624K
}
Event: 400.272 GC heap before
{Heap before GC invocations=782 (full 3):
 def new generation   total 808768K, used 15415K [0x00007f90c0600000, 0x00007f90f7390000, 0x00007f9b6b0a0000)
  eden space 718912K,   0% used [0x00007f90c0600000, 0x00007f90c0600000, 0x00007f90ec410000)
  from space 89856K,  17% used [0x00007f90ec410000, 0x00007f90ed31dcf0, 0x00007f90f1bd0000)
  to   space 89856K,   0% used [0x00007f90f1bd0000, 0x00007f90f1bd0000, 0x00007f90f7390000)
 tenured generation   total 1829980K, used 1817068K [0x00007f9b6b0a0000, 0x00007f9bdabb7000, 0x00007fb0c0600000)
   the space 1829980K,  99% used [0x00007f9b6b0a0000, 0x00007f9bd9f1b3c0, 0x00007f9bd9f1b400, 0x00007f9bdabb7000)
 Metaspace       used 24211K, capacity 24644K, committed 24832K, reserved 26624K
}

