# JRE version: OpenJDK Runtime Environment (13.0.7+5) (build 13.0.7+5-Ubuntu-0ubuntu120.04)
# Java VM: OpenJDK 64-Bit Server VM (13.0.7+5-Ubuntu-0ubuntu120.04, mixed mode, tiered, compressed oops, serial gc, linux-amd64)
Heap:
 def new generation   total 2274624K, used 0K [0x0000000080200000, 0x000000011a620000, 0x0000000300150000)
  eden space 2021888K,   0% used [0x0000000080200000, 0x0000000080200000, 0x00000000fb880000)
  from space 252736K,   0% used [0x00000000fb880000, 0x00000000fb880000, 0x000000010af50000)
  to   space 252736K,   0% used [0x000000010af50000, 0x000000010af50000, 0x000000011a620000)
 tenured generation   total 5101608K, used 3904086K [0x0000000300150000, 0x000000043775a000, 0x0000000800000000)
   the space 5101608K,  76% used [0x0000000300150000, 0x00000003ee5e5a20, 0x00000003ee5e5c00, 0x000000043775a000)
 Metaspace       used 22748K, capacity 23297K, committed 23424K, reserved 1071104K
  class space    used 2351K, capacity 2568K, committed 2688K, reserved 1048576K
GC Heap History (20 events):
Event: 734.297 GC heap after
{Heap after GC invocations=772 (full 24):
 def new generation   total 2274624K, used 121243K [0x0000000080200000, 0x000000011a620000, 0x0000000300150000)
  eden space 2021888K,   0% used [0x0000000080200000, 0x0000000080200000, 0x00000000fb880000)
  from space 252736K,  47% used [0x000000010af50000, 0x00000001125b6de8, 0x000000011a620000)
  to   space 252736K,   0% used [0x00000000fb880000, 0x00000000fb880000, 0x000000010af50000)
 tenured generation   total 5054708K, used 4698543K [0x0000000300150000, 0x000000043498d000, 0x0000000800000000)
   the space 5054708K,  92% used [0x0000000300150000, 0x000000041edbbcd8, 0x000000041edbbe00, 0x000000043498d000)
 Metaspace       used 22748K, capacity 23297K, committed 23424K, reserved 1071104K
  class space    used 2351K, capacity 2568K, committed 2688K, reserved 1048576K
}
Event: 735.626 GC heap before
{Heap before GC invocations=772 (full 24):
 def new generation   total 2274624K, used 2143131K [0x0000000080200000, 0x000000011a620000, 0x0000000300150000)
  eden space 2021888K, 100% used [0x0000000080200000, 0x00000000fb880000, 0x00000000fb880000)
  from space 252736K,  47% used [0x000000010af50000, 0x00000001125b6de8, 0x000000011a620000)
  to   space 252736K,   0% used [0x00000000fb880000, 0x00000000fb880000, 0x000000010af50000)
 tenured generation   total 5054708K, used 4698543K [0x0000000300150000, 0x000000043498d000, 0x0000000800000000)
   the space 5054708K,  92% used [0x0000000300150000, 0x000000041edbbcd8, 0x000000041edbbe00, 0x000000043498d000)
 Metaspace       used 22748K, capacity 23297K, committed 23424K, reserved 1071104K
  class space    used 2351K, capacity 2568K, committed 2688K, reserved 1048576K
}
Event: 735.666 GC heap after
{Heap after GC invocations=773 (full 24):
 def new generation   total 2274624K, used 146777K [0x0000000080200000, 0x000000011a620000, 0x0000000300150000)
  eden space 2021888K,   0% used [0x0000000080200000, 0x0000000080200000, 0x00000000fb880000)
  from space 252736K,  58% used [0x00000000fb880000, 0x00000001047d64b0, 0x000000010af50000)
  to   space 252736K,   0% used [0x000000010af50000, 0x000000010af50000, 0x000000011a620000)
 tenured generation   total 5054708K, used 4698543K [0x0000000300150000, 0x000000043498d000, 0x0000000800000000)
   the space 5054708K,  92% used [0x0000000300150000, 0x000000041edbbcd8, 0x000000041edbbe00, 0x000000043498d000)
 Metaspace       used 22748K, capacity 23297K, committed 23424K, reserved 1071104K
  class space    used 2351K, capacity 2568K, committed 2688K, reserved 1048576K
}
Event: 737.052 GC heap before
{Heap before GC invocations=773 (full 24):
 def new generation   total 2274624K, used 2168665K [0x0000000080200000, 0x000000011a620000, 0x0000000300150000)
  eden space 2021888K, 100% used [0x0000000080200000, 0x00000000fb880000, 0x00000000fb880000)
  from space 252736K,  58% used [0x00000000fb880000, 0x00000001047d64b0, 0x000000010af50000)
  to   space 252736K,   0% used [0x000000010af50000, 0x000000010af50000, 0x000000011a620000)
 tenured generation   total 5054708K, used 4698543K [0x0000000300150000, 0x000000043498d000, 0x0000000800000000)
   the space 5054708K,  92% used [0x0000000300150000, 0x000000041edbbcd8, 0x000000041edbbe00, 0x000000043498d000)
 Metaspace       used 22748K, capacity 23297K, committed 23424K, reserved 1071104K
  class space    used 2351K, capacity 2568K, committed 2688K, reserved 1048576K
}
Event: 737.119 GC heap after
{Heap after GC invocations=774 (full 24):
 def new generation   total 2274624K, used 121240K [0x0000000080200000, 0x000000011a620000, 0x0000000300150000)
  eden space 2021888K,   0% used [0x0000000080200000, 0x0000000080200000, 0x00000000fb880000)
  from space 252736K,  47% used [0x000000010af50000, 0x00000001125b6008, 0x000000011a620000)
  to   space 252736K,   0% used [0x00000000fb880000, 0x00000000fb880000, 0x000000010af50000)
 tenured generation   total 5054708K, used 4844790K [0x0000000300150000, 0x000000043498d000, 0x0000000800000000)
   the space 5054708K,  95% used [0x0000000300150000, 0x0000000427c8d8f0, 0x0000000427c8da00, 0x000000043498d000)
 Metaspace       used 22748K, capacity 23297K, committed 23424K, reserved 1071104K
  class space    used 2351K, capacity 2568K, committed 2688K, reserved 1048576K
}
Event: 738.496 GC heap before
{Heap before GC invocations=774 (full 24):
 def new generation   total 2274624K, used 2143128K [0x0000000080200000, 0x000000011a620000, 0x0000000300150000)
  eden space 2021888K, 100% used [0x0000000080200000, 0x00000000fb880000, 0x00000000fb880000)
  from space 252736K,  47% used [0x000000010af50000, 0x00000001125b6008, 0x000000011a620000)
  to   space 252736K,   0% used [0x00000000fb880000, 0x00000000fb880000, 0x000000010af50000)
 tenured generation   total 5054708K, used 4844790K [0x0000000300150000, 0x000000043498d000, 0x0000000800000000)
   the space 5054708K,  95% used [0x0000000300150000, 0x0000000427c8d8f0, 0x0000000427c8da00, 0x000000043498d000)
 Metaspace       used 22748K, capacity 23297K, committed 23424K, reserved 1071104K
  class space    used 2351K, capacity 2568K, committed 2688K, reserved 1048576K
}
Event: 738.523 GC heap after
{Heap after GC invocations=775 (full 24):
 def new generation   total 2274624K, used 114123K [0x0000000080200000, 0x000000011a620000, 0x0000000300150000)
  eden space 2021888K,   0% used [0x0000000080200000, 0x0000000080200000, 0x00000000fb880000)
  from space 252736K,  45% used [0x00000000fb880000, 0x00000001027f2c48, 0x000000010af50000)
  to   space 252736K,   0% used [0x000000010af50000, 0x000000010af50000, 0x000000011a620000)
 tenured generation   total 5054708K, used 4844790K [0x0000000300150000, 0x000000043498d000, 0x0000000800000000)
   the space 5054708K,  95% used [0x0000000300150000, 0x0000000427c8d8f0, 0x0000000427c8da00, 0x000000043498d000)
 Metaspace       used 22748K, capacity 23297K, committed 23424K, reserved 1071104K
  class space    used 2351K, capacity 2568K, committed 2688K, reserved 1048576K
}
Event: 739.807 GC heap before
{Heap before GC invocations=775 (full 24):
 def new generation   total 2274624K, used 2136011K [0x0000000080200000, 0x000000011a620000, 0x0000000300150000)
  eden space 2021888K, 100% used [0x0000000080200000, 0x00000000fb880000, 0x00000000fb880000)
  from space 252736K,  45% used [0x00000000fb880000, 0x00000001027f2c48, 0x000000010af50000)
  to   space 252736K,   0% used [0x000000010af50000, 0x000000010af50000, 0x000000011a620000)
 tenured generation   total 5054708K, used 4844790K [0x0000000300150000, 0x000000043498d000, 0x0000000800000000)
   the space 5054708K,  95% used [0x0000000300150000, 0x0000000427c8d8f0, 0x0000000427c8da00, 0x000000043498d000)
 Metaspace       used 22748K, capacity 23297K, committed 23424K, reserved 1071104K
  class space    used 2351K, capacity 2568K, committed 2688K, reserved 1048576K
}
Event: 739.960 GC heap after
{Heap after GC invocations=776 (full 24):
 def new generation   total 2274624K, used 233816K [0x0000000080200000, 0x000000011a620000, 0x0000000300150000)
  eden space 2021888K,   0% used [0x0000000080200000, 0x0000000080200000, 0x00000000fb880000)
  from space 252736K,  92% used [0x000000010af50000, 0x00000001193a6020, 0x000000011a620000)
  to   space 252736K,   0% used [0x00000000fb880000, 0x00000000fb880000, 0x000000010af50000)
 tenured generation   total 5054708K, used 4844790K [0x0000000300150000, 0x000000043498d000, 0x0000000800000000)
   the space 5054708K,  95% used [0x0000000300150000, 0x0000000427c8d8f0, 0x0000000427c8da00, 0x000000043498d000)
 Metaspace       used 22748K, capacity 23297K, committed 23424K, reserved 1071104K
  class space    used 2351K, capacity 2568K, committed 2688K, reserved 1048576K
}
Event: 741.290 GC heap before
{Heap before GC invocations=776 (full 24):
 def new generation   total 2274624K, used 2255704K [0x0000000080200000, 0x000000011a620000, 0x0000000300150000)
  eden space 2021888K, 100% used [0x0000000080200000, 0x00000000fb880000, 0x00000000fb880000)
  from space 252736K,  92% used [0x000000010af50000, 0x00000001193a6020, 0x000000011a620000)
  to   space 252736K,   0% used [0x00000000fb880000, 0x00000000fb880000, 0x000000010af50000)
 tenured generation   total 5054708K, used 4844790K [0x0000000300150000, 0x000000043498d000, 0x0000000800000000)
   the space 5054708K,  95% used [0x0000000300150000, 0x0000000427c8d8f0, 0x0000000427c8da00, 0x000000043498d000)
 Metaspace       used 22748K, capacity 23297K, committed 23424K, reserved 1071104K
  class space    used 2351K, capacity 2568K, committed 2688K, reserved 1048576K
}
Event: 741.319 GC heap after
{Heap after GC invocations=777 (full 24):
 def new generation   total 2274624K, used 57713K [0x0000000080200000, 0x000000011a620000, 0x0000000300150000)
  eden space 2021888K,   0% used [0x0000000080200000, 0x0000000080200000, 0x00000000fb880000)
  from space 252736K,  22% used [0x00000000fb880000, 0x00000000ff0dc628, 0x000000010af50000)
  to   space 252736K,   0% used [0x000000010af50000, 0x000000010af50000, 0x000000011a620000)
 tenured generation   total 5054708K, used 4888099K [0x0000000300150000, 0x000000043498d000, 0x0000000800000000)
   the space 5054708K,  96% used [0x0000000300150000, 0x000000042a6d8cc8, 0x000000042a6d8e00, 0x000000043498d000)
 Metaspace       used 22748K, capacity 23297K, committed 23424K, reserved 1071104K
  class space    used 2351K, capacity 2568K, committed 2688K, reserved 1048576K
}
Event: 742.688 GC heap before
{Heap before GC invocations=777 (full 24):
 def new generation   total 2274624K, used 2079601K [0x0000000080200000, 0x000000011a620000, 0x0000000300150000)
  eden space 2021888K, 100% used [0x0000000080200000, 0x00000000fb880000, 0x00000000fb880000)
  from space 252736K,  22% used [0x00000000fb880000, 0x00000000ff0dc628, 0x000000010af50000)
  to   space 252736K,   0% used [0x000000010af50000, 0x000000010af50000, 0x000000011a620000)
 tenured generation   total 5054708K, used 4888099K [0x0000000300150000, 0x000000043498d000, 0x0000000800000000)
   the space 5054708K,  96% used [0x0000000300150000, 0x000000042a6d8cc8, 0x000000042a6d8e00, 0x000000043498d000)
 Metaspace       used 22748K, capacity 23297K, committed 23424K, reserved 1071104K
  class space    used 2351K, capacity 2568K, committed 2688K, reserved 1048576K
}
Event: 742.729 GC heap after
{Heap after GC invocations=778 (full 24):
 def new generation   total 2274624K, used 177924K [0x0000000080200000, 0x000000011a620000, 0x0000000300150000)
  eden space 2021888K,   0% used [0x0000000080200000, 0x0000000080200000, 0x00000000fb880000)
  from space 252736K,  70% used [0x000000010af50000, 0x0000000115d11330, 0x000000011a620000)
  to   space 252736K,   0% used [0x00000000fb880000, 0x00000000fb880000, 0x000000010af50000)
 tenured generation   total 5054708K, used 4888099K [0x0000000300150000, 0x000000043498d000, 0x0000000800000000)
   the space 5054708K,  96% used [0x0000000300150000, 0x000000042a6d8cc8, 0x000000042a6d8e00, 0x000000043498d000)
 Metaspace       used 22748K, capacity 23297K, committed 23424K, reserved 1071104K
  class space    used 2351K, capacity 2568K, committed 2688K, reserved 1048576K
}
Event: 744.089 GC heap before
{Heap before GC invocations=778 (full 24):
 def new generation   total 2274624K, used 2199812K [0x0000000080200000, 0x000000011a620000, 0x0000000300150000)
  eden space 2021888K, 100% used [0x0000000080200000, 0x00000000fb880000, 0x00000000fb880000)
  from space 252736K,  70% used [0x000000010af50000, 0x0000000115d11330, 0x000000011a620000)
  to   space 252736K,   0% used [0x00000000fb880000, 0x00000000fb880000, 0x000000010af50000)
 tenured generation   total 5054708K, used 4888099K [0x0000000300150000, 0x000000043498d000, 0x0000000800000000)
   the space 5054708K,  96% used [0x0000000300150000, 0x000000042a6d8cc8, 0x000000042a6d8e00, 0x000000043498d000)
 Metaspace       used 22748K, capacity 23297K, committed 23424K, reserved 1071104K
  class space    used 2351K, capacity 2568K, committed 2688K, reserved 1048576K
}
Event: 744.184 GC heap after
{Heap after GC invocations=779 (full 24):
 def new generation   total 2274624K, used 241457K [0x0000000080200000, 0x000000011a620000, 0x0000000300150000)
  eden space 2021888K,   0% used [0x0000000080200000, 0x0000000080200000, 0x00000000fb880000)
  from space 252736K,  95% used [0x00000000fb880000, 0x000000010a44c488, 0x000000010af50000)
  to   space 252736K,   0% used [0x000000010af50000, 0x000000010af50000, 0x000000011a620000)
 tenured generation   total 5054708K, used 4944784K [0x0000000300150000, 0x000000043498d000, 0x0000000800000000)
   the space 5054708K,  97% used [0x0000000300150000, 0x000000042de341b0, 0x000000042de34200, 0x000000043498d000)
 Metaspace       used 22748K, capacity 23297K, committed 23424K, reserved 1071104K
  class space    used 2351K, capacity 2568K, committed 2688K, reserved 1048576K
}
Event: 745.542 GC heap before
{Heap before GC invocations=779 (full 24):
 def new generation   total 2274624K, used 2263345K [0x0000000080200000, 0x000000011a620000, 0x0000000300150000)
  eden space 2021888K, 100% used [0x0000000080200000, 0x00000000fb880000, 0x00000000fb880000)
  from space 252736K,  95% used [0x00000000fb880000, 0x000000010a44c488, 0x000000010af50000)
  to   space 252736K,   0% used [0x000000010af50000, 0x000000010af50000, 0x000000011a620000)
 tenured generation   total 5054708K, used 4944784K [0x0000000300150000, 0x000000043498d000, 0x0000000800000000)
   the space 5054708K,  97% used [0x0000000300150000, 0x000000042de341b0, 0x000000042de34200, 0x000000043498d000)
 Metaspace       used 22748K, capacity 23297K, committed 23424K, reserved 1071104K
  class space    used 2351K, capacity 2568K, committed 2688K, reserved 1048576K
}
Event: 745.588 GC heap after
{Heap after GC invocations=780 (full 24):
 def new generation   total 2274624K, used 153575K [0x0000000080200000, 0x000000011a620000, 0x0000000300150000)
  eden space 2021888K,   0% used [0x0000000080200000, 0x0000000080200000, 0x00000000fb880000)
  from space 252736K,  60% used [0x000000010af50000, 0x0000000114549eb0, 0x000000011a620000)
  to   space 252736K,   0% used [0x00000000fb880000, 0x00000000fb880000, 0x000000010af50000)
 tenured generation   total 5054708K, used 4948409K [0x0000000300150000, 0x000000043498d000, 0x0000000800000000)
   the space 5054708K,  97% used [0x0000000300150000, 0x000000042e1be500, 0x000000042e1be600, 0x000000043498d000)
 Metaspace       used 22748K, capacity 23297K, committed 23424K, reserved 1071104K
  class space    used 2351K, capacity 2568K, committed 2688K, reserved 1048576K
}
Event: 746.926 GC heap before
{Heap before GC invocations=780 (full 24):
 def new generation   total 2274624K, used 2175463K [0x0000000080200000, 0x000000011a620000, 0x0000000300150000)
  eden space 2021888K, 100% used [0x0000000080200000, 0x00000000fb880000, 0x00000000fb880000)
  from space 252736K,  60% used [0x000000010af50000, 0x0000000114549eb0, 0x000000011a620000)
  to   space 252736K,   0% used [0x00000000fb880000, 0x00000000fb880000, 0x000000010af50000)
 tenured generation   total 5054708K, used 4948409K [0x0000000300150000, 0x000000043498d000, 0x0000000800000000)
   the space 5054708K,  97% used [0x0000000300150000, 0x000000042e1be500, 0x000000042e1be600, 0x000000043498d000)
 Metaspace       used 22748K, capacity 23297K, committed 23424K, reserved 1071104K
  class space    used 2351K, capacity 2568K, committed 2688K, reserved 1048576K
}
Event: 747.088 GC heap after
{Heap after GC invocations=781 (full 24):
 def new generation   total 2274624K, used 121240K [0x0000000080200000, 0x000000011a620000, 0x0000000300150000)
  eden space 2021888K,   0% used [0x0000000080200000, 0x0000000080200000, 0x00000000fb880000)
  from space 252736K,  47% used [0x00000000fb880000, 0x0000000102ee61a0, 0x000000010af50000)
  to   space 252736K,   0% used [0x000000010af50000, 0x000000010af50000, 0x000000011a620000)
 tenured generation   total 5101608K, used 5101467K [0x0000000300150000, 0x000000043775a000, 0x0000000800000000)
   the space 5101608K,  99% used [0x0000000300150000, 0x0000000437736f48, 0x0000000437737000, 0x000000043775a000)
 Metaspace       used 22748K, capacity 23297K, committed 23424K, reserved 1071104K
  class space    used 2351K, capacity 2568K, committed 2688K, reserved 1048576K
}
Event: 747.088 GC heap before
{Heap before GC invocations=781 (full 24):
 def new generation   total 2274624K, used 121240K [0x0000000080200000, 0x000000011a620000, 0x0000000300150000)
  eden space 2021888K,   0% used [0x0000000080200000, 0x0000000080200000, 0x00000000fb880000)
  from space 252736K,  47% used [0x00000000fb880000, 0x0000000102ee61a0, 0x000000010af50000)
  to   space 252736K,   0% used [0x000000010af50000, 0x000000010af50000, 0x000000011a620000)
 tenured generation   total 5101608K, used 5101467K [0x0000000300150000, 0x000000043775a000, 0x0000000800000000)
   the space 5101608K,  99% used [0x0000000300150000, 0x0000000437736f48, 0x0000000437737000, 0x000000043775a000)
 Metaspace       used 22748K, capacity 23297K, committed 23424K, reserved 1071104K
  class space    used 2351K, capacity 2568K, committed 2688K, reserved 1048576K
}

