# JRE version: OpenJDK Runtime Environment (13.0.7+5) (build 13.0.7+5-Ubuntu-0ubuntu120.04)
# Java VM: OpenJDK 64-Bit Server VM (13.0.7+5-Ubuntu-0ubuntu120.04, mixed mode, tiered, serial gc, linux-amd64)
Heap:
 def new generation   total 2898688K, used 16138K [0x00007f3568600000, 0x00007f362cf40000, 0x00007f3abdb50000)
  eden space 2576640K,   0% used [0x00007f3568600000, 0x00007f35695c2820, 0x00007f3605a40000)
  from space 322048K,   0% used [0x00007f3605a40000, 0x00007f3605a40000, 0x00007f36194c0000)
  to   space 322048K,   0% used [0x00007f36194c0000, 0x00007f36194c0000, 0x00007f362cf40000)
 tenured generation   total 6442032K, used 6442031K [0x00007f3abdb50000, 0x00007f3c46e5c000, 0x00007f4568600000)
   the space 6442032K,  99% used [0x00007f3abdb50000, 0x00007f3c46e5bfe0, 0x00007f3c46e5c000, 0x00007f3c46e5c000)
 Metaspace       used 24331K, capacity 24775K, committed 24832K, reserved 26624K
GC Heap History (20 events):
Event: 6577.226 GC heap after
{Heap after GC invocations=14591 (full 4):
 def new generation   total 2898688K, used 13930K [0x00007f3568600000, 0x00007f362cf40000, 0x00007f3abdb50000)
  eden space 2576640K,   0% used [0x00007f3568600000, 0x00007f3568600000, 0x00007f3605a40000)
  from space 322048K,   4% used [0x00007f36194c0000, 0x00007f361a25a940, 0x00007f362cf40000)
  to   space 322048K,   0% used [0x00007f3605a40000, 0x00007f3605a40000, 0x00007f36194c0000)
 tenured generation   total 6441456K, used 6433992K [0x00007f3abdb50000, 0x00007f3c46dcc000, 0x00007f4568600000)
   the space 6441456K,  99% used [0x00007f3abdb50000, 0x00007f3c466821a0, 0x00007f3c46682200, 0x00007f3c46dcc000)
 Metaspace       used 24331K, capacity 24775K, committed 24832K, reserved 26624K
}
Event: 6578.198 GC heap before
{Heap before GC invocations=14591 (full 4):
 def new generation   total 2898688K, used 2590570K [0x00007f3568600000, 0x00007f362cf40000, 0x00007f3abdb50000)
  eden space 2576640K, 100% used [0x00007f3568600000, 0x00007f3605a40000, 0x00007f3605a40000)
  from space 322048K,   4% used [0x00007f36194c0000, 0x00007f361a25a940, 0x00007f362cf40000)
  to   space 322048K,   0% used [0x00007f3605a40000, 0x00007f3605a40000, 0x00007f36194c0000)
 tenured generation   total 6441456K, used 6433992K [0x00007f3abdb50000, 0x00007f3c46dcc000, 0x00007f4568600000)
   the space 6441456K,  99% used [0x00007f3abdb50000, 0x00007f3c466821a0, 0x00007f3c46682200, 0x00007f3c46dcc000)
 Metaspace       used 24331K, capacity 24775K, committed 24832K, reserved 26624K
}
Event: 6578.205 GC heap after
{Heap after GC invocations=14592 (full 4):
 def new generation   total 2898688K, used 14032K [0x00007f3568600000, 0x00007f362cf40000, 0x00007f3abdb50000)
  eden space 2576640K,   0% used [0x00007f3568600000, 0x00007f3568600000, 0x00007f3605a40000)
  from space 322048K,   4% used [0x00007f3605a40000, 0x00007f36067f40a8, 0x00007f36194c0000)
  to   space 322048K,   0% used [0x00007f36194c0000, 0x00007f36194c0000, 0x00007f362cf40000)
 tenured generation   total 6441456K, used 6434879K [0x00007f3abdb50000, 0x00007f3c46dcc000, 0x00007f4568600000)
   the space 6441456K,  99% used [0x00007f3abdb50000, 0x00007f3c4675fe60, 0x00007f3c46760000, 0x00007f3c46dcc000)
 Metaspace       used 24331K, capacity 24775K, committed 24832K, reserved 26624K
}
Event: 6579.181 GC heap before
{Heap before GC invocations=14592 (full 4):
 def new generation   total 2898688K, used 2590672K [0x00007f3568600000, 0x00007f362cf40000, 0x00007f3abdb50000)
  eden space 2576640K, 100% used [0x00007f3568600000, 0x00007f3605a40000, 0x00007f3605a40000)
  from space 322048K,   4% used [0x00007f3605a40000, 0x00007f36067f40a8, 0x00007f36194c0000)
  to   space 322048K,   0% used [0x00007f36194c0000, 0x00007f36194c0000, 0x00007f362cf40000)
 tenured generation   total 6441456K, used 6434879K [0x00007f3abdb50000, 0x00007f3c46dcc000, 0x00007f4568600000)
   the space 6441456K,  99% used [0x00007f3abdb50000, 0x00007f3c4675fe60, 0x00007f3c46760000, 0x00007f3c46dcc000)
 Metaspace       used 24331K, capacity 24775K, committed 24832K, reserved 26624K
}
Event: 6579.188 GC heap after
{Heap after GC invocations=14593 (full 4):
 def new generation   total 2898688K, used 14133K [0x00007f3568600000, 0x00007f362cf40000, 0x00007f3abdb50000)
  eden space 2576640K,   0% used [0x00007f3568600000, 0x00007f3568600000, 0x00007f3605a40000)
  from space 322048K,   4% used [0x00007f36194c0000, 0x00007f361a28d6e0, 0x00007f362cf40000)
  to   space 322048K,   0% used [0x00007f3605a40000, 0x00007f3605a40000, 0x00007f36194c0000)
 tenured generation   total 6441456K, used 6435766K [0x00007f3abdb50000, 0x00007f3c46dcc000, 0x00007f4568600000)
   the space 6441456K,  99% used [0x00007f3abdb50000, 0x00007f3c4683db20, 0x00007f3c4683dc00, 0x00007f3c46dcc000)
 Metaspace       used 24331K, capacity 24775K, committed 24832K, reserved 26624K
}
Event: 6580.165 GC heap before
{Heap before GC invocations=14593 (full 4):
 def new generation   total 2898688K, used 2590773K [0x00007f3568600000, 0x00007f362cf40000, 0x00007f3abdb50000)
  eden space 2576640K, 100% used [0x00007f3568600000, 0x00007f3605a40000, 0x00007f3605a40000)
  from space 322048K,   4% used [0x00007f36194c0000, 0x00007f361a28d6e0, 0x00007f362cf40000)
  to   space 322048K,   0% used [0x00007f3605a40000, 0x00007f3605a40000, 0x00007f36194c0000)
 tenured generation   total 6441456K, used 6435766K [0x00007f3abdb50000, 0x00007f3c46dcc000, 0x00007f4568600000)
   the space 6441456K,  99% used [0x00007f3abdb50000, 0x00007f3c4683db20, 0x00007f3c4683dc00, 0x00007f3c46dcc000)
 Metaspace       used 24331K, capacity 24775K, committed 24832K, reserved 26624K
}
Event: 6580.173 GC heap after
{Heap after GC invocations=14594 (full 4):
 def new generation   total 2898688K, used 14235K [0x00007f3568600000, 0x00007f362cf40000, 0x00007f3abdb50000)
  eden space 2576640K,   0% used [0x00007f3568600000, 0x00007f3568600000, 0x00007f3605a40000)
  from space 322048K,   4% used [0x00007f3605a40000, 0x00007f3606826e78, 0x00007f36194c0000)
  to   space 322048K,   0% used [0x00007f36194c0000, 0x00007f36194c0000, 0x00007f362cf40000)
 tenured generation   total 6441456K, used 6436653K [0x00007f3abdb50000, 0x00007f3c46dcc000, 0x00007f4568600000)
   the space 6441456K,  99% used [0x00007f3abdb50000, 0x00007f3c4691b7e0, 0x00007f3c4691b800, 0x00007f3c46dcc000)
 Metaspace       used 24331K, capacity 24775K, committed 24832K, reserved 26624K
}
Event: 6581.145 GC heap before
{Heap before GC invocations=14594 (full 4):
 def new generation   total 2898688K, used 2590875K [0x00007f3568600000, 0x00007f362cf40000, 0x00007f3abdb50000)
  eden space 2576640K, 100% used [0x00007f3568600000, 0x00007f3605a40000, 0x00007f3605a40000)
  from space 322048K,   4% used [0x00007f3605a40000, 0x00007f3606826e78, 0x00007f36194c0000)
  to   space 322048K,   0% used [0x00007f36194c0000, 0x00007f36194c0000, 0x00007f362cf40000)
 tenured generation   total 6441456K, used 6436653K [0x00007f3abdb50000, 0x00007f3c46dcc000, 0x00007f4568600000)
   the space 6441456K,  99% used [0x00007f3abdb50000, 0x00007f3c4691b7e0, 0x00007f3c4691b800, 0x00007f3c46dcc000)
 Metaspace       used 24331K, capacity 24775K, committed 24832K, reserved 26624K
}
Event: 6581.152 GC heap after
{Heap after GC invocations=14595 (full 4):
 def new generation   total 2898688K, used 14436K [0x00007f3568600000, 0x00007f362cf40000, 0x00007f3abdb50000)
  eden space 2576640K,   0% used [0x00007f3568600000, 0x00007f3568600000, 0x00007f3605a40000)
  from space 322048K,   4% used [0x00007f36194c0000, 0x00007f361a2d9078, 0x00007f362cf40000)
  to   space 322048K,   0% used [0x00007f3605a40000, 0x00007f3605a40000, 0x00007f36194c0000)
 tenured generation   total 6441456K, used 6437541K [0x00007f3abdb50000, 0x00007f3c46dcc000, 0x00007f4568600000)
   the space 6441456K,  99% used [0x00007f3abdb50000, 0x00007f3c469f94a0, 0x00007f3c469f9600, 0x00007f3c46dcc000)
 Metaspace       used 24331K, capacity 24775K, committed 24832K, reserved 26624K
}
Event: 6582.127 GC heap before
{Heap before GC invocations=14595 (full 4):
 def new generation   total 2898688K, used 2591076K [0x00007f3568600000, 0x00007f362cf40000, 0x00007f3abdb50000)
  eden space 2576640K, 100% used [0x00007f3568600000, 0x00007f3605a40000, 0x00007f3605a40000)
  from space 322048K,   4% used [0x00007f36194c0000, 0x00007f361a2d9078, 0x00007f362cf40000)
  to   space 322048K,   0% used [0x00007f3605a40000, 0x00007f3605a40000, 0x00007f36194c0000)
 tenured generation   total 6441456K, used 6437541K [0x00007f3abdb50000, 0x00007f3c46dcc000, 0x00007f4568600000)
   the space 6441456K,  99% used [0x00007f3abdb50000, 0x00007f3c469f94a0, 0x00007f3c469f9600, 0x00007f3c46dcc000)
 Metaspace       used 24331K, capacity 24775K, committed 24832K, reserved 26624K
}
Event: 6582.135 GC heap after
{Heap after GC invocations=14596 (full 4):
 def new generation   total 2898688K, used 14796K [0x00007f3568600000, 0x00007f362cf40000, 0x00007f3abdb50000)
  eden space 2576640K,   0% used [0x00007f3568600000, 0x00007f3568600000, 0x00007f3605a40000)
  from space 322048K,   4% used [0x00007f3605a40000, 0x00007f36068b3320, 0x00007f36194c0000)
  to   space 322048K,   0% used [0x00007f36194c0000, 0x00007f36194c0000, 0x00007f362cf40000)
 tenured generation   total 6441456K, used 6438427K [0x00007f3abdb50000, 0x00007f3c46dcc000, 0x00007f4568600000)
   the space 6441456K,  99% used [0x00007f3abdb50000, 0x00007f3c46ad6e00, 0x00007f3c46ad6e00, 0x00007f3c46dcc000)
 Metaspace       used 24331K, capacity 24775K, committed 24832K, reserved 26624K
}
Event: 6583.107 GC heap before
{Heap before GC invocations=14596 (full 4):
 def new generation   total 2898688K, used 2591436K [0x00007f3568600000, 0x00007f362cf40000, 0x00007f3abdb50000)
  eden space 2576640K, 100% used [0x00007f3568600000, 0x00007f3605a40000, 0x00007f3605a40000)
  from space 322048K,   4% used [0x00007f3605a40000, 0x00007f36068b3320, 0x00007f36194c0000)
  to   space 322048K,   0% used [0x00007f36194c0000, 0x00007f36194c0000, 0x00007f362cf40000)
 tenured generation   total 6441456K, used 6438427K [0x00007f3abdb50000, 0x00007f3c46dcc000, 0x00007f4568600000)
   the space 6441456K,  99% used [0x00007f3abdb50000, 0x00007f3c46ad6e00, 0x00007f3c46ad6e00, 0x00007f3c46dcc000)
 Metaspace       used 24331K, capacity 24775K, committed 24832K, reserved 26624K
}
Event: 6583.115 GC heap after
{Heap after GC invocations=14597 (full 4):
 def new generation   total 2898688K, used 15193K [0x00007f3568600000, 0x00007f362cf40000, 0x00007f3abdb50000)
  eden space 2576640K,   0% used [0x00007f3568600000, 0x00007f3568600000, 0x00007f3605a40000)
  from space 322048K,   4% used [0x00007f36194c0000, 0x00007f361a396458, 0x00007f362cf40000)
  to   space 322048K,   0% used [0x00007f3605a40000, 0x00007f3605a40000, 0x00007f36194c0000)
 tenured generation   total 6441456K, used 6439314K [0x00007f3abdb50000, 0x00007f3c46dcc000, 0x00007f4568600000)
   the space 6441456K,  99% used [0x00007f3abdb50000, 0x00007f3c46bb4ac0, 0x00007f3c46bb4c00, 0x00007f3c46dcc000)
 Metaspace       used 24331K, capacity 24775K, committed 24832K, reserved 26624K
}
Event: 6584.107 GC heap before
{Heap before GC invocations=14597 (full 4):
 def new generation   total 2898688K, used 2591833K [0x00007f3568600000, 0x00007f362cf40000, 0x00007f3abdb50000)
  eden space 2576640K, 100% used [0x00007f3568600000, 0x00007f3605a40000, 0x00007f3605a40000)
  from space 322048K,   4% used [0x00007f36194c0000, 0x00007f361a396458, 0x00007f362cf40000)
  to   space 322048K,   0% used [0x00007f3605a40000, 0x00007f3605a40000, 0x00007f36194c0000)
 tenured generation   total 6441456K, used 6439314K [0x00007f3abdb50000, 0x00007f3c46dcc000, 0x00007f4568600000)
   the space 6441456K,  99% used [0x00007f3abdb50000, 0x00007f3c46bb4ac0, 0x00007f3c46bb4c00, 0x00007f3c46dcc000)
 Metaspace       used 24331K, capacity 24775K, committed 24832K, reserved 26624K
}
Event: 6584.115 GC heap after
{Heap after GC invocations=14598 (full 4):
 def new generation   total 2898688K, used 15462K [0x00007f3568600000, 0x00007f362cf40000, 0x00007f3abdb50000)
  eden space 2576640K,   0% used [0x00007f3568600000, 0x00007f3568600000, 0x00007f3605a40000)
  from space 322048K,   4% used [0x00007f3605a40000, 0x00007f36069598a0, 0x00007f36194c0000)
  to   space 322048K,   0% used [0x00007f36194c0000, 0x00007f36194c0000, 0x00007f362cf40000)
 tenured generation   total 6441456K, used 6440201K [0x00007f3abdb50000, 0x00007f3c46dcc000, 0x00007f4568600000)
   the space 6441456K,  99% used [0x00007f3abdb50000, 0x00007f3c46c92780, 0x00007f3c46c92800, 0x00007f3c46dcc000)
 Metaspace       used 24331K, capacity 24775K, committed 24832K, reserved 26624K
}
Event: 6585.118 GC heap before
{Heap before GC invocations=14598 (full 4):
 def new generation   total 2898688K, used 2592102K [0x00007f3568600000, 0x00007f362cf40000, 0x00007f3abdb50000)
  eden space 2576640K, 100% used [0x00007f3568600000, 0x00007f3605a40000, 0x00007f3605a40000)
  from space 322048K,   4% used [0x00007f3605a40000, 0x00007f36069598a0, 0x00007f36194c0000)
  to   space 322048K,   0% used [0x00007f36194c0000, 0x00007f36194c0000, 0x00007f362cf40000)
 tenured generation   total 6441456K, used 6440201K [0x00007f3abdb50000, 0x00007f3c46dcc000, 0x00007f4568600000)
   the space 6441456K,  99% used [0x00007f3abdb50000, 0x00007f3c46c92780, 0x00007f3c46c92800, 0x00007f3c46dcc000)
 Metaspace       used 24331K, capacity 24775K, committed 24832K, reserved 26624K
}
Event: 6585.126 GC heap after
{Heap after GC invocations=14599 (full 4):
 def new generation   total 2898688K, used 15821K [0x00007f3568600000, 0x00007f362cf40000, 0x00007f3abdb50000)
  eden space 2576640K,   0% used [0x00007f3568600000, 0x00007f3568600000, 0x00007f3605a40000)
  from space 322048K,   4% used [0x00007f36194c0000, 0x00007f361a433550, 0x00007f362cf40000)
  to   space 322048K,   0% used [0x00007f3605a40000, 0x00007f3605a40000, 0x00007f36194c0000)
 tenured generation   total 6441456K, used 6441089K [0x00007f3abdb50000, 0x00007f3c46dcc000, 0x00007f4568600000)
   the space 6441456K,  99% used [0x00007f3abdb50000, 0x00007f3c46d70440, 0x00007f3c46d70600, 0x00007f3c46dcc000)
 Metaspace       used 24331K, capacity 24775K, committed 24832K, reserved 26624K
}
Event: 6586.116 GC heap before
{Heap before GC invocations=14599 (full 4):
 def new generation   total 2898688K, used 2592461K [0x00007f3568600000, 0x00007f362cf40000, 0x00007f3abdb50000)
  eden space 2576640K, 100% used [0x00007f3568600000, 0x00007f3605a40000, 0x00007f3605a40000)
  from space 322048K,   4% used [0x00007f36194c0000, 0x00007f361a433550, 0x00007f362cf40000)
  to   space 322048K,   0% used [0x00007f3605a40000, 0x00007f3605a40000, 0x00007f36194c0000)
 tenured generation   total 6441456K, used 6441089K [0x00007f3abdb50000, 0x00007f3c46dcc000, 0x00007f4568600000)
   the space 6441456K,  99% used [0x00007f3abdb50000, 0x00007f3c46d70440, 0x00007f3c46d70600, 0x00007f3c46dcc000)
 Metaspace       used 24331K, capacity 24775K, committed 24832K, reserved 26624K
}
Event: 6586.125 GC heap after
{Heap after GC invocations=14600 (full 4):
 def new generation   total 2898688K, used 16193K [0x00007f3568600000, 0x00007f362cf40000, 0x00007f3abdb50000)
  eden space 2576640K,   0% used [0x00007f3568600000, 0x00007f3568600000, 0x00007f3605a40000)
  from space 322048K,   5% used [0x00007f3605a40000, 0x00007f3606a10700, 0x00007f36194c0000)
  to   space 322048K,   0% used [0x00007f36194c0000, 0x00007f36194c0000, 0x00007f362cf40000)
 tenured generation   total 6442032K, used 6441976K [0x00007f3abdb50000, 0x00007f3c46e5c000, 0x00007f4568600000)
   the space 6442032K,  99% used [0x00007f3abdb50000, 0x00007f3c46e4e100, 0x00007f3c46e4e200, 0x00007f3c46e5c000)
 Metaspace       used 24331K, capacity 24775K, committed 24832K, reserved 26624K
}
Event: 6586.125 GC heap before
{Heap before GC invocations=14600 (full 4):
 def new generation   total 2898688K, used 16193K [0x00007f3568600000, 0x00007f362cf40000, 0x00007f3abdb50000)
  eden space 2576640K,   0% used [0x00007f3568600000, 0x00007f3568600000, 0x00007f3605a40000)
  from space 322048K,   5% used [0x00007f3605a40000, 0x00007f3606a10700, 0x00007f36194c0000)
  to   space 322048K,   0% used [0x00007f36194c0000, 0x00007f36194c0000, 0x00007f362cf40000)
 tenured generation   total 6442032K, used 6441976K [0x00007f3abdb50000, 0x00007f3c46e5c000, 0x00007f4568600000)
   the space 6442032K,  99% used [0x00007f3abdb50000, 0x00007f3c46e4e100, 0x00007f3c46e4e200, 0x00007f3c46e5c000)
 Metaspace       used 24331K, capacity 24775K, committed 24832K, reserved 26624K
}

