# JRE version: OpenJDK Runtime Environment (13.0.7+5) (build 13.0.7+5-Ubuntu-0ubuntu120.04)
# Java VM: OpenJDK 64-Bit Server VM (13.0.7+5-Ubuntu-0ubuntu120.04, mixed mode, tiered, serial gc, linux-amd64)
Heap:
 def new generation   total 10927360K, used 1214143K [0x00007f2908600000, 0x00007f2bed6f0000, 0x00007f2e5db50000)
  eden space 9713216K,  12% used [0x00007f2908600000, 0x00007f29527afc18, 0x00007f2b59390000)
  from space 1214144K,   0% used [0x00007f2b59390000, 0x00007f2b59390000, 0x00007f2ba3540000)
  to   space 1214144K,   0% used [0x00007f2ba3540000, 0x00007f2ba3540000, 0x00007f2bed6f0000)
 tenured generation   total 27866844K, used 27866783K [0x00007f2e5db50000, 0x00007f3502907000, 0x00007f3908600000)
   the space 27866844K,  99% used [0x00007f2e5db50000, 0x00007f35028f7ed8, 0x00007f35028f8000, 0x00007f3502907000)
 Metaspace       used 30747K, capacity 31213K, committed 31488K, reserved 32768K
GC Heap History (20 events):
Event: 13.042 GC heap after
{Heap after GC invocations=7 (full 2):
 def new generation   total 1421952K, used 157951K [0x00007f2908600000, 0x00007f2968ce0000, 0x00007f2e5db50000)
  eden space 1264000K,   0% used [0x00007f2908600000, 0x00007f2908600000, 0x00007f2955860000)
  from space 157952K,  99% used [0x00007f2955860000, 0x00007f295f29fcd0, 0x00007f295f2a0000)
  to   space 157952K,   0% used [0x00007f295f2a0000, 0x00007f295f2a0000, 0x00007f2968ce0000)
 tenured generation   total 4253312K, used 4253129K [0x00007f2e5db50000, 0x00007f2f614f0000, 0x00007f3908600000)
   the space 4253312K,  99% used [0x00007f2e5db50000, 0x00007f2f614c24f8, 0x00007f2f614c2600, 0x00007f2f614f0000)
 Metaspace       used 30747K, capacity 31213K, committed 31488K, reserved 32768K
}
Event: 13.042 GC heap before
{Heap before GC invocations=7 (full 2):
 def new generation   total 1421952K, used 157951K [0x00007f2908600000, 0x00007f2968ce0000, 0x00007f2e5db50000)
  eden space 1264000K,   0% used [0x00007f2908600000, 0x00007f2908600000, 0x00007f2955860000)
  from space 157952K,  99% used [0x00007f2955860000, 0x00007f295f29fcd0, 0x00007f295f2a0000)
  to   space 157952K,   0% used [0x00007f295f2a0000, 0x00007f295f2a0000, 0x00007f2968ce0000)
 tenured generation   total 4253312K, used 4253129K [0x00007f2e5db50000, 0x00007f2f614f0000, 0x00007f3908600000)
   the space 4253312K,  99% used [0x00007f2e5db50000, 0x00007f2f614c24f8, 0x00007f2f614c2600, 0x00007f2f614f0000)
 Metaspace       used 30747K, capacity 31213K, committed 31488K, reserved 32768K
}
Event: 14.552 GC heap after
{Heap after GC invocations=7 (full 3):
 def new generation   total 3190016K, used 157769K [0x00007f2908600000, 0x00007f29e0b60000, 0x00007f2e5db50000)
  eden space 2835584K,   5% used [0x00007f2908600000, 0x00007f2912012420, 0x00007f29b5720000)
  from space 354432K,   0% used [0x00007f29b5720000, 0x00007f29b5720000, 0x00007f29cb140000)
  to   space 354432K,   0% used [0x00007f29cb140000, 0x00007f29cb140000, 0x00007f29e0b60000)
 tenured generation   total 7088856K, used 4253311K [0x00007f2e5db50000, 0x00007f300e606000, 0x00007f3908600000)
   the space 7088856K,  59% used [0x00007f2e5db50000, 0x00007f2f614efda8, 0x00007f2f614efe00, 0x00007f300e606000)
 Metaspace       used 30747K, capacity 31213K, committed 31488K, reserved 32768K
}
Event: 22.208 GC heap before
{Heap before GC invocations=7 (full 3):
 def new generation   total 3190016K, used 2835584K [0x00007f2908600000, 0x00007f29e0b60000, 0x00007f2e5db50000)
  eden space 2835584K, 100% used [0x00007f2908600000, 0x00007f29b5720000, 0x00007f29b5720000)
  from space 354432K,   0% used [0x00007f29b5720000, 0x00007f29b5720000, 0x00007f29cb140000)
  to   space 354432K,   0% used [0x00007f29cb140000, 0x00007f29cb140000, 0x00007f29e0b60000)
 tenured generation   total 7088856K, used 4253311K [0x00007f2e5db50000, 0x00007f300e606000, 0x00007f3908600000)
   the space 7088856K,  59% used [0x00007f2e5db50000, 0x00007f2f614efda8, 0x00007f2f614efe00, 0x00007f300e606000)
 Metaspace       used 30747K, capacity 31213K, committed 31488K, reserved 32768K
}
Event: 23.619 GC heap after
{Heap after GC invocations=8 (full 3):
 def new generation   total 3190016K, used 354431K [0x00007f2908600000, 0x00007f29e0b60000, 0x00007f2e5db50000)
  eden space 2835584K,   0% used [0x00007f2908600000, 0x00007f2908600000, 0x00007f29b5720000)
  from space 354432K,  99% used [0x00007f29cb140000, 0x00007f29e0b5fd70, 0x00007f29e0b60000)
  to   space 354432K,   0% used [0x00007f29b5720000, 0x00007f29b5720000, 0x00007f29cb140000)
 tenured generation   total 7088856K, used 5096022K [0x00007f2e5db50000, 0x00007f300e606000, 0x00007f3908600000)
   the space 7088856K,  71% used [0x00007f2e5db50000, 0x00007f2f94be5888, 0x00007f2f94be5a00, 0x00007f300e606000)
 Metaspace       used 30747K, capacity 31213K, committed 31488K, reserved 32768K
}
Event: 24.419 GC heap before
{Heap before GC invocations=8 (full 3):
 def new generation   total 3190016K, used 3190015K [0x00007f2908600000, 0x00007f29e0b60000, 0x00007f2e5db50000)
  eden space 2835584K, 100% used [0x00007f2908600000, 0x00007f29b5720000, 0x00007f29b5720000)
  from space 354432K,  99% used [0x00007f29cb140000, 0x00007f29e0b5fd70, 0x00007f29e0b60000)
  to   space 354432K,   0% used [0x00007f29b5720000, 0x00007f29b5720000, 0x00007f29cb140000)
 tenured generation   total 7088856K, used 5096022K [0x00007f2e5db50000, 0x00007f300e606000, 0x00007f3908600000)
   the space 7088856K,  71% used [0x00007f2e5db50000, 0x00007f2f94be5888, 0x00007f2f94be5a00, 0x00007f300e606000)
 Metaspace       used 30747K, capacity 31213K, committed 31488K, reserved 32768K
}
Event: 27.715 GC heap after
{Heap after GC invocations=9 (full 3):
 def new generation   total 3190016K, used 354431K [0x00007f2908600000, 0x00007f29e0b60000, 0x00007f2e5db50000)
  eden space 2835584K,   0% used [0x00007f2908600000, 0x00007f2908600000, 0x00007f29b5720000)
  from space 354432K,  99% used [0x00007f29b5720000, 0x00007f29cb13ff08, 0x00007f29cb140000)
  to   space 354432K,   0% used [0x00007f29cb140000, 0x00007f29cb140000, 0x00007f29e0b60000)
 tenured generation   total 7931736K, used 7931544K [0x00007f2e5db50000, 0x00007f3041d26000, 0x00007f3908600000)
   the space 7931736K,  99% used [0x00007f2e5db50000, 0x00007f3041cf6178, 0x00007f3041cf6200, 0x00007f3041d26000)
 Metaspace       used 30747K, capacity 31213K, committed 31488K, reserved 32768K
}
Event: 27.716 GC heap before
{Heap before GC invocations=9 (full 3):
 def new generation   total 3190016K, used 354431K [0x00007f2908600000, 0x00007f29e0b60000, 0x00007f2e5db50000)
  eden space 2835584K,   0% used [0x00007f2908600000, 0x00007f2908600000, 0x00007f29b5720000)
  from space 354432K,  99% used [0x00007f29b5720000, 0x00007f29cb13ff08, 0x00007f29cb140000)
  to   space 354432K,   0% used [0x00007f29cb140000, 0x00007f29cb140000, 0x00007f29e0b60000)
 tenured generation   total 7931736K, used 7931544K [0x00007f2e5db50000, 0x00007f3041d26000, 0x00007f3908600000)
   the space 7931736K,  99% used [0x00007f2e5db50000, 0x00007f3041cf6178, 0x00007f3041cf6200, 0x00007f3041d26000)
 Metaspace       used 30747K, capacity 31213K, committed 31488K, reserved 32768K
}
Event: 32.311 GC heap after
{Heap after GC invocations=9 (full 4):
 def new generation   total 5948864K, used 348835K [0x00007f2908600000, 0x00007f2a9bce0000, 0x00007f2e5db50000)
  eden space 5287936K,   6% used [0x00007f2908600000, 0x00007f291daa8e68, 0x00007f2a4b200000)
  from space 660928K,   0% used [0x00007f2a4b200000, 0x00007f2a4b200000, 0x00007f2a73770000)
  to   space 660928K,   0% used [0x00007f2a73770000, 0x00007f2a73770000, 0x00007f2a9bce0000)
 tenured generation   total 13219560K, used 7931735K [0x00007f2e5db50000, 0x00007f318490a000, 0x00007f3908600000)
   the space 13219560K,  59% used [0x00007f2e5db50000, 0x00007f3041d25c30, 0x00007f3041d25e00, 0x00007f318490a000)
 Metaspace       used 30747K, capacity 31213K, committed 31488K, reserved 32768K
}
Event: 40.782 GC heap before
{Heap before GC invocations=9 (full 4):
 def new generation   total 5948864K, used 5287936K [0x00007f2908600000, 0x00007f2a9bce0000, 0x00007f2e5db50000)
  eden space 5287936K, 100% used [0x00007f2908600000, 0x00007f2a4b200000, 0x00007f2a4b200000)
  from space 660928K,   0% used [0x00007f2a4b200000, 0x00007f2a4b200000, 0x00007f2a73770000)
  to   space 660928K,   0% used [0x00007f2a73770000, 0x00007f2a73770000, 0x00007f2a9bce0000)
 tenured generation   total 13219560K, used 7931735K [0x00007f2e5db50000, 0x00007f318490a000, 0x00007f3908600000)
   the space 13219560K,  59% used [0x00007f2e5db50000, 0x00007f3041d25c30, 0x00007f3041d25e00, 0x00007f318490a000)
 Metaspace       used 30747K, capacity 31213K, committed 31488K, reserved 32768K
}
Event: 45.749 GC heap after
{Heap after GC invocations=10 (full 4):
 def new generation   total 5948864K, used 660927K [0x00007f2908600000, 0x00007f2a9bce0000, 0x00007f2e5db50000)
  eden space 5287936K,   0% used [0x00007f2908600000, 0x00007f2908600000, 0x00007f2a4b200000)
  from space 660928K,  99% used [0x00007f2a73770000, 0x00007f2a9bcdfd68, 0x00007f2a9bce0000)
  to   space 660928K,   0% used [0x00007f2a4b200000, 0x00007f2a4b200000, 0x00007f2a73770000)
 tenured generation   total 13219560K, used 10920292K [0x00007f2e5db50000, 0x00007f318490a000, 0x00007f3908600000)
   the space 13219560K,  82% used [0x00007f2e5db50000, 0x00007f30f83a9128, 0x00007f30f83a9200, 0x00007f318490a000)
 Metaspace       used 30747K, capacity 31213K, committed 31488K, reserved 32768K
}
Event: 53.559 GC heap before
{Heap before GC invocations=10 (full 4):
 def new generation   total 5948864K, used 5948863K [0x00007f2908600000, 0x00007f2a9bce0000, 0x00007f2e5db50000)
  eden space 5287936K, 100% used [0x00007f2908600000, 0x00007f2a4b200000, 0x00007f2a4b200000)
  from space 660928K,  99% used [0x00007f2a73770000, 0x00007f2a9bcdfd68, 0x00007f2a9bce0000)
  to   space 660928K,   0% used [0x00007f2a4b200000, 0x00007f2a4b200000, 0x00007f2a73770000)
 tenured generation   total 13219560K, used 10920292K [0x00007f2e5db50000, 0x00007f318490a000, 0x00007f3908600000)
   the space 13219560K,  82% used [0x00007f2e5db50000, 0x00007f30f83a9128, 0x00007f30f83a9200, 0x00007f318490a000)
 Metaspace       used 30747K, capacity 31213K, committed 31488K, reserved 32768K
}
Event: 57.584 GC heap after
{Heap after GC invocations=11 (full 4):
 def new generation   total 5948864K, used 660927K [0x00007f2908600000, 0x00007f2a9bce0000, 0x00007f2e5db50000)
  eden space 5287936K,   0% used [0x00007f2908600000, 0x00007f2908600000, 0x00007f2a4b200000)
  from space 660928K,  99% used [0x00007f2a4b200000, 0x00007f2a7376fd68, 0x00007f2a73770000)
  to   space 660928K,   0% used [0x00007f2a73770000, 0x00007f2a73770000, 0x00007f2a9bce0000)
 tenured generation   total 14569896K, used 14569780K [0x00007f2e5db50000, 0x00007f31d6fba000, 0x00007f3908600000)
   the space 14569896K,  99% used [0x00007f2e5db50000, 0x00007f31d6f9d3e8, 0x00007f31d6f9d400, 0x00007f31d6fba000)
 Metaspace       used 30747K, capacity 31213K, committed 31488K, reserved 32768K
}
Event: 57.584 GC heap before
{Heap before GC invocations=11 (full 4):
 def new generation   total 5948864K, used 660927K [0x00007f2908600000, 0x00007f2a9bce0000, 0x00007f2e5db50000)
  eden space 5287936K,   0% used [0x00007f2908600000, 0x00007f2908600000, 0x00007f2a4b200000)
  from space 660928K,  99% used [0x00007f2a4b200000, 0x00007f2a7376fd68, 0x00007f2a73770000)
  to   space 660928K,   0% used [0x00007f2a73770000, 0x00007f2a73770000, 0x00007f2a9bce0000)
 tenured generation   total 14569896K, used 14569780K [0x00007f2e5db50000, 0x00007f31d6fba000, 0x00007f3908600000)
   the space 14569896K,  99% used [0x00007f2e5db50000, 0x00007f31d6f9d3e8, 0x00007f31d6f9d400, 0x00007f31d6fba000)
 Metaspace       used 30747K, capacity 31213K, committed 31488K, reserved 32768K
}
Event: 62.940 GC heap after
{Heap after GC invocations=11 (full 5):
 def new generation   total 10927360K, used 660927K [0x00007f2908600000, 0x00007f2bed6f0000, 0x00007f2e5db50000)
  eden space 9713216K,   6% used [0x00007f2908600000, 0x00007f2930b6fd68, 0x00007f2b59390000)
  from space 1214144K,   0% used [0x00007f2b59390000, 0x00007f2b59390000, 0x00007f2ba3540000)
  to   space 1214144K,   0% used [0x00007f2ba3540000, 0x00007f2ba3540000, 0x00007f2bed6f0000)
 tenured generation   total 24282972K, used 14569780K [0x00007f2e5db50000, 0x00007f3427d27000, 0x00007f3908600000)
   the space 24282972K,  59% used [0x00007f2e5db50000, 0x00007f31d6f9d3e8, 0x00007f31d6f9d400, 0x00007f3427d27000)
 Metaspace       used 30747K, capacity 31213K, committed 31488K, reserved 32768K
}
Event: 76.668 GC heap before
{Heap before GC invocations=11 (full 5):
 def new generation   total 10927360K, used 9713216K [0x00007f2908600000, 0x00007f2bed6f0000, 0x00007f2e5db50000)
  eden space 9713216K, 100% used [0x00007f2908600000, 0x00007f2b59390000, 0x00007f2b59390000)
  from space 1214144K,   0% used [0x00007f2b59390000, 0x00007f2b59390000, 0x00007f2ba3540000)
  to   space 1214144K,   0% used [0x00007f2ba3540000, 0x00007f2ba3540000, 0x00007f2bed6f0000)
 tenured generation   total 24282972K, used 14569780K [0x00007f2e5db50000, 0x00007f3427d27000, 0x00007f3908600000)
   the space 24282972K,  59% used [0x00007f2e5db50000, 0x00007f31d6f9d3e8, 0x00007f31d6f9d400, 0x00007f3427d27000)
 Metaspace       used 30747K, capacity 31213K, committed 31488K, reserved 32768K
}
Event: 85.462 GC heap after
{Heap after GC invocations=12 (full 5):
 def new generation   total 10927360K, used 1214143K [0x00007f2908600000, 0x00007f2bed6f0000, 0x00007f2e5db50000)
  eden space 9713216K,   0% used [0x00007f2908600000, 0x00007f2908600000, 0x00007f2b59390000)
  from space 1214144K,  99% used [0x00007f2ba3540000, 0x00007f2bed6efd28, 0x00007f2bed6f0000)
  to   space 1214144K,   0% used [0x00007f2b59390000, 0x00007f2b59390000, 0x00007f2ba3540000)
 tenured generation   total 24282972K, used 20694960K [0x00007f2e5db50000, 0x00007f3427d27000, 0x00007f3908600000)
   the space 24282972K,  85% used [0x00007f2e5db50000, 0x00007f334cd3c108, 0x00007f334cd3c200, 0x00007f3427d27000)
 Metaspace       used 30747K, capacity 31213K, committed 31488K, reserved 32768K
}
Event: 99.486 GC heap before
{Heap before GC invocations=12 (full 5):
 def new generation   total 10927360K, used 10927359K [0x00007f2908600000, 0x00007f2bed6f0000, 0x00007f2e5db50000)
  eden space 9713216K, 100% used [0x00007f2908600000, 0x00007f2b59390000, 0x00007f2b59390000)
  from space 1214144K,  99% used [0x00007f2ba3540000, 0x00007f2bed6efd28, 0x00007f2bed6f0000)
  to   space 1214144K,   0% used [0x00007f2b59390000, 0x00007f2b59390000, 0x00007f2ba3540000)
 tenured generation   total 24282972K, used 20694960K [0x00007f2e5db50000, 0x00007f3427d27000, 0x00007f3908600000)
   the space 24282972K,  85% used [0x00007f2e5db50000, 0x00007f334cd3c108, 0x00007f334cd3c200, 0x00007f3427d27000)
 Metaspace       used 30747K, capacity 31213K, committed 31488K, reserved 32768K
}
Event: 107.586 GC heap after
{Heap after GC invocations=13 (full 5):
 def new generation   total 10927360K, used 1214143K [0x00007f2908600000, 0x00007f2bed6f0000, 0x00007f2e5db50000)
  eden space 9713216K,   0% used [0x00007f2908600000, 0x00007f2908600000, 0x00007f2b59390000)
  from space 1214144K,  99% used [0x00007f2b59390000, 0x00007f2ba353fc18, 0x00007f2ba3540000)
  to   space 1214144K,   0% used [0x00007f2ba3540000, 0x00007f2ba3540000, 0x00007f2bed6f0000)
 tenured generation   total 27866844K, used 27866783K [0x00007f2e5db50000, 0x00007f3502907000, 0x00007f3908600000)
   the space 27866844K,  99% used [0x00007f2e5db50000, 0x00007f35028f7ed8, 0x00007f35028f8000, 0x00007f3502907000)
 Metaspace       used 30747K, capacity 31213K, committed 31488K, reserved 32768K
}
Event: 107.586 GC heap before
{Heap before GC invocations=13 (full 5):
 def new generation   total 10927360K, used 1214143K [0x00007f2908600000, 0x00007f2bed6f0000, 0x00007f2e5db50000)
  eden space 9713216K,   0% used [0x00007f2908600000, 0x00007f2908600000, 0x00007f2b59390000)
  from space 1214144K,  99% used [0x00007f2b59390000, 0x00007f2ba353fc18, 0x00007f2ba3540000)
  to   space 1214144K,   0% used [0x00007f2ba3540000, 0x00007f2ba3540000, 0x00007f2bed6f0000)
 tenured generation   total 27866844K, used 27866783K [0x00007f2e5db50000, 0x00007f3502907000, 0x00007f3908600000)
   the space 27866844K,  99% used [0x00007f2e5db50000, 0x00007f35028f7ed8, 0x00007f35028f8000, 0x00007f3502907000)
 Metaspace       used 30747K, capacity 31213K, committed 31488K, reserved 32768K
}

