# JRE version: OpenJDK Runtime Environment (13.0.7+5) (build 13.0.7+5-Ubuntu-0ubuntu120.04)
# Java VM: OpenJDK 64-Bit Server VM (13.0.7+5-Ubuntu-0ubuntu120.04, mixed mode, tiered, serial gc, linux-amd64)
Heap:
 def new generation   total 797760K, used 0K [0x00007fbd2c600000, 0x00007fbd627a0000, 0x00007fc281b50000)
  eden space 709120K,   0% used [0x00007fbd2c600000, 0x00007fbd2c600000, 0x00007fbd57a80000)
  from space 88640K,   0% used [0x00007fbd5d110000, 0x00007fbd5d110000, 0x00007fbd627a0000)
  to   space 88640K,   0% used [0x00007fbd57a80000, 0x00007fbd57a80000, 0x00007fbd5d110000)
 tenured generation   total 4384648K, used 2630787K [0x00007fc281b50000, 0x00007fc38d532000, 0x00007fcd2c600000)
   the space 4384648K,  59% used [0x00007fc281b50000, 0x00007fc322470c98, 0x00007fc322470e00, 0x00007fc38d532000)
 Metaspace       used 23218K, capacity 23554K, committed 23808K, reserved 24576K
GC Heap History (19 events):
Event: 3.424 GC heap before
{Heap before GC invocations=0 (full 0):
 def new generation   total 629120K, used 100662K [0x00007fbd2c600000, 0x00007fbd570a0000, 0x00007fc281b50000)
  eden space 559232K,  18% used [0x00007fbd2c600000, 0x00007fbd3284da38, 0x00007fbd4e820000)
  from space 69888K,   0% used [0x00007fbd4e820000, 0x00007fbd4e820000, 0x00007fbd52c60000)
  to   space 69888K,   0% used [0x00007fbd52c60000, 0x00007fbd52c60000, 0x00007fbd570a0000)
 tenured generation   total 1398144K, used 0K [0x00007fc281b50000, 0x00007fc2d70b0000, 0x00007fcd2c600000)
   the space 1398144K,   0% used [0x00007fc281b50000, 0x00007fc281b50000, 0x00007fc281b50200, 0x00007fc2d70b0000)
 Metaspace       used 20933K, capacity 21223K, committed 21248K, reserved 22528K
}
Event: 3.570 GC heap after
{Heap after GC invocations=1 (full 1):
 def new generation   total 629248K, used 0K [0x00007fbd2c600000, 0x00007fbd570c0000, 0x00007fc281b50000)
  eden space 559360K,   0% used [0x00007fbd2c600000, 0x00007fbd2c600000, 0x00007fbd4e840000)
  from space 69888K,   0% used [0x00007fbd4e840000, 0x00007fbd4e840000, 0x00007fbd52c80000)
  to   space 69888K,   0% used [0x00007fbd52c80000, 0x00007fbd52c80000, 0x00007fbd570c0000)
 tenured generation   total 1398144K, used 13985K [0x00007fc281b50000, 0x00007fc2d70b0000, 0x00007fcd2c600000)
   the space 1398144K,   1% used [0x00007fc281b50000, 0x00007fc2828f86a0, 0x00007fc2828f8800, 0x00007fc2d70b0000)
 Metaspace       used 20933K, capacity 21223K, committed 21248K, reserved 22528K
}
Event: 7.371 GC heap before
{Heap before GC invocations=1 (full 1):
 def new generation   total 629248K, used 559360K [0x00007fbd2c600000, 0x00007fbd570c0000, 0x00007fc281b50000)
  eden space 559360K, 100% used [0x00007fbd2c600000, 0x00007fbd4e840000, 0x00007fbd4e840000)
  from space 69888K,   0% used [0x00007fbd4e840000, 0x00007fbd4e840000, 0x00007fbd52c80000)
  to   space 69888K,   0% used [0x00007fbd52c80000, 0x00007fbd52c80000, 0x00007fbd570c0000)
 tenured generation   total 1398144K, used 13985K [0x00007fc281b50000, 0x00007fc2d70b0000, 0x00007fcd2c600000)
   the space 1398144K,   1% used [0x00007fc281b50000, 0x00007fc2828f86a0, 0x00007fc2828f8800, 0x00007fc2d70b0000)
 Metaspace       used 22923K, capacity 23328K, committed 23552K, reserved 24576K
}
Event: 7.394 GC heap after
{Heap after GC invocations=2 (full 1):
 def new generation   total 629248K, used 782K [0x00007fbd2c600000, 0x00007fbd570c0000, 0x00007fc281b50000)
  eden space 559360K,   0% used [0x00007fbd2c600000, 0x00007fbd2c600000, 0x00007fbd4e840000)
  from space 69888K,   1% used [0x00007fbd52c80000, 0x00007fbd52d439d0, 0x00007fbd570c0000)
  to   space 69888K,   0% used [0x00007fbd4e840000, 0x00007fbd4e840000, 0x00007fbd52c80000)
 tenured generation   total 1398144K, used 13985K [0x00007fc281b50000, 0x00007fc2d70b0000, 0x00007fcd2c600000)
   the space 1398144K,   1% used [0x00007fc281b50000, 0x00007fc2828f86a0, 0x00007fc2828f8800, 0x00007fc2d70b0000)
 Metaspace       used 22923K, capacity 23328K, committed 23552K, reserved 24576K
}
Event: 9.627 GC heap before
{Heap before GC invocations=2 (full 1):
 def new generation   total 629248K, used 560142K [0x00007fbd2c600000, 0x00007fbd570c0000, 0x00007fc281b50000)
  eden space 559360K, 100% used [0x00007fbd2c600000, 0x00007fbd4e840000, 0x00007fbd4e840000)
  from space 69888K,   1% used [0x00007fbd52c80000, 0x00007fbd52d439d0, 0x00007fbd570c0000)
  to   space 69888K,   0% used [0x00007fbd4e840000, 0x00007fbd4e840000, 0x00007fbd52c80000)
 tenured generation   total 1398144K, used 13985K [0x00007fc281b50000, 0x00007fc2d70b0000, 0x00007fcd2c600000)
   the space 1398144K,   1% used [0x00007fc281b50000, 0x00007fc2828f86a0, 0x00007fc2828f8800, 0x00007fc2d70b0000)
 Metaspace       used 23192K, capacity 23553K, committed 23808K, reserved 24576K
}
Event: 9.630 GC heap after
{Heap after GC invocations=3 (full 1):
 def new generation   total 629248K, used 1002K [0x00007fbd2c600000, 0x00007fbd570c0000, 0x00007fc281b50000)
  eden space 559360K,   0% used [0x00007fbd2c600000, 0x00007fbd2c600000, 0x00007fbd4e840000)
  from space 69888K,   1% used [0x00007fbd4e840000, 0x00007fbd4e93a950, 0x00007fbd52c80000)
  to   space 69888K,   0% used [0x00007fbd52c80000, 0x00007fbd52c80000, 0x00007fbd570c0000)
 tenured generation   total 1398144K, used 13985K [0x00007fc281b50000, 0x00007fc2d70b0000, 0x00007fcd2c600000)
   the space 1398144K,   1% used [0x00007fc281b50000, 0x00007fc2828f86a0, 0x00007fc2828f8800, 0x00007fc2d70b0000)
 Metaspace       used 23192K, capacity 23553K, committed 23808K, reserved 24576K
}
Event: 11.618 GC heap before
{Heap before GC invocations=3 (full 1):
 def new generation   total 629248K, used 500741K [0x00007fbd2c600000, 0x00007fbd570c0000, 0x00007fc281b50000)
  eden space 559360K,  89% used [0x00007fbd2c600000, 0x00007fbd4ae06bc8, 0x00007fbd4e840000)
  from space 69888K,   1% used [0x00007fbd4e840000, 0x00007fbd4e93a950, 0x00007fbd52c80000)
  to   space 69888K,   0% used [0x00007fbd52c80000, 0x00007fbd52c80000, 0x00007fbd570c0000)
 tenured generation   total 1398144K, used 1062561K [0x00007fc281b50000, 0x00007fc2d70b0000, 0x00007fcd2c600000)
   the space 1398144K,  75% used [0x00007fc281b50000, 0x00007fc2c28f86b8, 0x00007fc2c28f8800, 0x00007fc2d70b0000)
 Metaspace       used 23218K, capacity 23554K, committed 23808K, reserved 24576K
}
Event: 11.637 GC heap after
{Heap after GC invocations=4 (full 1):
 def new generation   total 629248K, used 9303K [0x00007fbd2c600000, 0x00007fbd570c0000, 0x00007fc281b50000)
  eden space 559360K,   0% used [0x00007fbd2c600000, 0x00007fbd2c600000, 0x00007fbd4e840000)
  from space 69888K,  13% used [0x00007fbd52c80000, 0x00007fbd53595cf8, 0x00007fbd570c0000)
  to   space 69888K,   0% used [0x00007fbd4e840000, 0x00007fbd4e840000, 0x00007fbd52c80000)
 tenured generation   total 1398144K, used 1062561K [0x00007fc281b50000, 0x00007fc2d70b0000, 0x00007fcd2c600000)
   the space 1398144K,  75% used [0x00007fc281b50000, 0x00007fc2c28f86b8, 0x00007fc2c28f8800, 0x00007fc2d70b0000)
 Metaspace       used 23218K, capacity 23554K, committed 23808K, reserved 24576K
}
Event: 13.151 GC heap before
{Heap before GC invocations=4 (full 1):
 def new generation   total 629248K, used 544693K [0x00007fbd2c600000, 0x00007fbd570c0000, 0x00007fc281b50000)
  eden space 559360K,  95% used [0x00007fbd2c600000, 0x00007fbd4d0d7a38, 0x00007fbd4e840000)
  from space 69888K,  13% used [0x00007fbd52c80000, 0x00007fbd53595cf8, 0x00007fbd570c0000)
  to   space 69888K,   0% used [0x00007fbd4e840000, 0x00007fbd4e840000, 0x00007fbd52c80000)
 tenured generation   total 1398144K, used 1062561K [0x00007fc281b50000, 0x00007fc2d70b0000, 0x00007fcd2c600000)
   the space 1398144K,  75% used [0x00007fc281b50000, 0x00007fc2c28f86b8, 0x00007fc2c28f8800, 0x00007fc2d70b0000)
 Metaspace       used 23218K, capacity 23554K, committed 23808K, reserved 24576K
}
Event: 14.496 GC heap after
{Heap after GC invocations=5 (full 1):
 def new generation   total 629248K, used 1108K [0x00007fbd2c600000, 0x00007fbd570c0000, 0x00007fc281b50000)
  eden space 559360K,   0% used [0x00007fbd2c600000, 0x00007fbd2c600000, 0x00007fbd4e840000)
  from space 69888K,   1% used [0x00007fbd4e840000, 0x00007fbd4e955220, 0x00007fbd52c80000)
  to   space 69888K,   0% used [0x00007fbd52c80000, 0x00007fbd52c80000, 0x00007fbd570c0000)
 tenured generation   total 1922436K, used 1586849K [0x00007fc281b50000, 0x00007fc2f70b1000, 0x00007fcd2c600000)
   the space 1922436K,  82% used [0x00007fc281b50000, 0x00007fc2e28f86d0, 0x00007fc2e28f8800, 0x00007fc2f70b1000)
 Metaspace       used 23218K, capacity 23554K, committed 23808K, reserved 24576K
}
Event: 14.496 GC heap before
{Heap before GC invocations=5 (full 1):
 def new generation   total 629248K, used 1108K [0x00007fbd2c600000, 0x00007fbd570c0000, 0x00007fc281b50000)
  eden space 559360K,   0% used [0x00007fbd2c600000, 0x00007fbd2c600000, 0x00007fbd4e840000)
  from space 69888K,   1% used [0x00007fbd4e840000, 0x00007fbd4e955220, 0x00007fbd52c80000)
  to   space 69888K,   0% used [0x00007fbd52c80000, 0x00007fbd52c80000, 0x00007fbd570c0000)
 tenured generation   total 1922436K, used 1586849K [0x00007fc281b50000, 0x00007fc2f70b1000, 0x00007fcd2c600000)
   the space 1922436K,  82% used [0x00007fc281b50000, 0x00007fc2e28f86d0, 0x00007fc2e28f8800, 0x00007fc2f70b1000)
 Metaspace       used 23218K, capacity 23554K, committed 23808K, reserved 24576K
}
Event: 14.770 GC heap after
{Heap after GC invocations=5 (full 2):
 def new generation   total 629248K, used 0K [0x00007fbd2c600000, 0x00007fbd570c0000, 0x00007fc281b50000)
  eden space 559360K,   0% used [0x00007fbd2c600000, 0x00007fbd2c600000, 0x00007fbd4e840000)
  from space 69888K,   0% used [0x00007fbd4e840000, 0x00007fbd4e840000, 0x00007fbd52c80000)
  to   space 69888K,   0% used [0x00007fbd52c80000, 0x00007fbd52c80000, 0x00007fbd570c0000)
 tenured generation   total 1398144K, used 539368K [0x00007fc281b50000, 0x00007fc2d70b0000, 0x00007fcd2c600000)
   the space 1398144K,  38% used [0x00007fc281b50000, 0x00007fc2a2a0a3d8, 0x00007fc2a2a0a400, 0x00007fc2d70b0000)
 Metaspace       used 23218K, capacity 23554K, committed 23808K, reserved 24576K
}
Event: 14.966 GC heap before
{Heap before GC invocations=5 (full 2):
 def new generation   total 629248K, used 535406K [0x00007fbd2c600000, 0x00007fbd570c0000, 0x00007fc281b50000)
  eden space 559360K,  95% used [0x00007fbd2c600000, 0x00007fbd4d0db9d0, 0x00007fbd4e840000)
  from space 69888K,   0% used [0x00007fbd4e840000, 0x00007fbd4e840000, 0x00007fbd52c80000)
  to   space 69888K,   0% used [0x00007fbd52c80000, 0x00007fbd52c80000, 0x00007fbd570c0000)
 tenured generation   total 1398144K, used 539368K [0x00007fc281b50000, 0x00007fc2d70b0000, 0x00007fcd2c600000)
   the space 1398144K,  38% used [0x00007fc281b50000, 0x00007fc2a2a0a3d8, 0x00007fc2a2a0a400, 0x00007fc2d70b0000)
 Metaspace       used 23218K, capacity 23554K, committed 23808K, reserved 24576K
}
Event: 15.087 GC heap after
{Heap after GC invocations=6 (full 2):
 def new generation   total 629248K, used 0K [0x00007fbd2c600000, 0x00007fbd570c0000, 0x00007fc281b50000)
  eden space 559360K,   0% used [0x00007fbd2c600000, 0x00007fbd2c600000, 0x00007fbd4e840000)
  from space 69888K,   0% used [0x00007fbd52c80000, 0x00007fbd52c80278, 0x00007fbd570c0000)
  to   space 69888K,   0% used [0x00007fbd4e840000, 0x00007fbd4e840000, 0x00007fbd52c80000)
 tenured generation   total 1398144K, used 1063656K [0x00007fc281b50000, 0x00007fc2d70b0000, 0x00007fcd2c600000)
   the space 1398144K,  76% used [0x00007fc281b50000, 0x00007fc2c2a0a3f0, 0x00007fc2c2a0a400, 0x00007fc2d70b0000)
 Metaspace       used 23218K, capacity 23554K, committed 23808K, reserved 24576K
}
Event: 15.087 GC heap before
{Heap before GC invocations=6 (full 2):
 def new generation   total 629248K, used 0K [0x00007fbd2c600000, 0x00007fbd570c0000, 0x00007fc281b50000)
  eden space 559360K,   0% used [0x00007fbd2c600000, 0x00007fbd2c600000, 0x00007fbd4e840000)
  from space 69888K,   0% used [0x00007fbd52c80000, 0x00007fbd52c80278, 0x00007fbd570c0000)
  to   space 69888K,   0% used [0x00007fbd4e840000, 0x00007fbd4e840000, 0x00007fbd52c80000)
 tenured generation   total 1398144K, used 1063656K [0x00007fc281b50000, 0x00007fc2d70b0000, 0x00007fcd2c600000)
   the space 1398144K,  76% used [0x00007fc281b50000, 0x00007fc2c2a0a3f0, 0x00007fc2c2a0a400, 0x00007fc2d70b0000)
 Metaspace       used 23218K, capacity 23554K, committed 23808K, reserved 24576K
}
Event: 15.119 GC heap after
{Heap after GC invocations=6 (full 3):
 def new generation   total 797760K, used 0K [0x00007fbd2c600000, 0x00007fbd627a0000, 0x00007fc281b50000)
  eden space 709120K,   0% used [0x00007fbd2c600000, 0x00007fbd2c600000, 0x00007fbd57a80000)
  from space 88640K,   0% used [0x00007fbd57a80000, 0x00007fbd57a80000, 0x00007fbd5d110000)
  to   space 88640K,   0% used [0x00007fbd5d110000, 0x00007fbd5d110000, 0x00007fbd627a0000)
 tenured generation   total 1772764K, used 1063657K [0x00007fc281b50000, 0x00007fc2ede87000, 0x00007fcd2c600000)
   the space 1772764K,  59% used [0x00007fc281b50000, 0x00007fc2c2a0a668, 0x00007fc2c2a0a800, 0x00007fc2ede87000)
 Metaspace       used 23218K, capacity 23554K, committed 23808K, reserved 24576K
}
Event: 17.173 GC heap before
{Heap before GC invocations=6 (full 3):
 def new generation   total 797760K, used 14022K [0x00007fbd2c600000, 0x00007fbd627a0000, 0x00007fc281b50000)
  eden space 709120K,   1% used [0x00007fbd2c600000, 0x00007fbd2d3b1ae8, 0x00007fbd57a80000)
  from space 88640K,   0% used [0x00007fbd57a80000, 0x00007fbd57a80000, 0x00007fbd5d110000)
  to   space 88640K,   0% used [0x00007fbd5d110000, 0x00007fbd5d110000, 0x00007fbd627a0000)
 tenured generation   total 3869920K, used 3160809K [0x00007fc281b50000, 0x00007fc36de88000, 0x00007fcd2c600000)
   the space 3869920K,  81% used [0x00007fc281b50000, 0x00007fc342a0a680, 0x00007fc342a0a800, 0x00007fc36de88000)
 Metaspace       used 23218K, capacity 23554K, committed 23808K, reserved 24576K
}
Event: 17.176 GC heap after
{Heap after GC invocations=7 (full 3):
 def new generation   total 797760K, used 0K [0x00007fbd2c600000, 0x00007fbd627a0000, 0x00007fc281b50000)
  eden space 709120K,   0% used [0x00007fbd2c600000, 0x00007fbd2c600000, 0x00007fbd57a80000)
  from space 88640K,   0% used [0x00007fbd5d110000, 0x00007fbd5d1102f0, 0x00007fbd627a0000)
  to   space 88640K,   0% used [0x00007fbd57a80000, 0x00007fbd57a80000, 0x00007fbd5d110000)
 tenured generation   total 3869920K, used 3160809K [0x00007fc281b50000, 0x00007fc36de88000, 0x00007fcd2c600000)
   the space 3869920K,  81% used [0x00007fc281b50000, 0x00007fc342a0a680, 0x00007fc342a0a800, 0x00007fc36de88000)
 Metaspace       used 23218K, capacity 23554K, committed 23808K, reserved 24576K
}
Event: 17.176 GC heap before
{Heap before GC invocations=7 (full 3):
 def new generation   total 797760K, used 0K [0x00007fbd2c600000, 0x00007fbd627a0000, 0x00007fc281b50000)
  eden space 709120K,   0% used [0x00007fbd2c600000, 0x00007fbd2c600000, 0x00007fbd57a80000)
  from space 88640K,   0% used [0x00007fbd5d110000, 0x00007fbd5d1102f0, 0x00007fbd627a0000)
  to   space 88640K,   0% used [0x00007fbd57a80000, 0x00007fbd57a80000, 0x00007fbd5d110000)
 tenured generation   total 3869920K, used 3160809K [0x00007fc281b50000, 0x00007fc36de88000, 0x00007fcd2c600000)
   the space 3869920K,  81% used [0x00007fc281b50000, 0x00007fc342a0a680, 0x00007fc342a0a800, 0x00007fc36de88000)
 Metaspace       used 23218K, capacity 23554K, committed 23808K, reserved 24576K
}

