# JRE version: OpenJDK Runtime Environment (13.0.7+5) (build 13.0.7+5-Ubuntu-0ubuntu120.04)
# Java VM: OpenJDK 64-Bit Server VM (13.0.7+5-Ubuntu-0ubuntu120.04, mixed mode, tiered, serial gc, linux-amd64)
Heap:
 def new generation   total 4497920K, used 0K [0x00007fb510600000, 0x00007fb641680000, 0x00007fbfbb0a0000)
  eden space 3998208K,   0% used [0x00007fb510600000, 0x00007fb510600000, 0x00007fb604680000)
  from space 499712K,   0% used [0x00007fb622e80000, 0x00007fb622e80000, 0x00007fb641680000)
  to   space 499712K,   0% used [0x00007fb604680000, 0x00007fb604680000, 0x00007fb622e80000)
 tenured generation   total 10011620K, used 9981460K [0x00007fbfbb0a0000, 0x00007fc21e199000, 0x00007fd510600000)
   the space 10011620K,  99% used [0x00007fbfbb0a0000, 0x00007fc21c425280, 0x00007fc21c425400, 0x00007fc21e199000)
 Metaspace       used 24258K, capacity 24633K, committed 24832K, reserved 26624K
GC Heap History (20 events):
Event: 2898.915 GC heap after
{Heap after GC invocations=1732 (full 7):
 def new generation   total 4497920K, used 224587K [0x00007fb510600000, 0x00007fb641680000, 0x00007fbfbb0a0000)
  eden space 3998208K,   0% used [0x00007fb510600000, 0x00007fb510600000, 0x00007fb604680000)
  from space 499712K,  44% used [0x00007fb604680000, 0x00007fb6121d2e98, 0x00007fb622e80000)
  to   space 499712K,   0% used [0x00007fb622e80000, 0x00007fb622e80000, 0x00007fb641680000)
 tenured generation   total 9995232K, used 9889419K [0x00007fbfbb0a0000, 0x00007fc21d198000, 0x00007fd510600000)
   the space 9995232K,  98% used [0x00007fbfbb0a0000, 0x00007fc216a42df0, 0x00007fc216a42e00, 0x00007fc21d198000)
 Metaspace       used 24258K, capacity 24633K, committed 24832K, reserved 26624K
}
Event: 2903.394 GC heap before
{Heap before GC invocations=1732 (full 7):
 def new generation   total 4497920K, used 4222795K [0x00007fb510600000, 0x00007fb641680000, 0x00007fbfbb0a0000)
  eden space 3998208K, 100% used [0x00007fb510600000, 0x00007fb604680000, 0x00007fb604680000)
  from space 499712K,  44% used [0x00007fb604680000, 0x00007fb6121d2e98, 0x00007fb622e80000)
  to   space 499712K,   0% used [0x00007fb622e80000, 0x00007fb622e80000, 0x00007fb641680000)
 tenured generation   total 9995232K, used 9889419K [0x00007fbfbb0a0000, 0x00007fc21d198000, 0x00007fd510600000)
   the space 9995232K,  98% used [0x00007fbfbb0a0000, 0x00007fc216a42df0, 0x00007fc216a42e00, 0x00007fc21d198000)
 Metaspace       used 24258K, capacity 24633K, committed 24832K, reserved 26624K
}
Event: 2903.593 GC heap after
{Heap after GC invocations=1733 (full 7):
 def new generation   total 4497920K, used 220962K [0x00007fb510600000, 0x00007fb641680000, 0x00007fbfbb0a0000)
  eden space 3998208K,   0% used [0x00007fb510600000, 0x00007fb510600000, 0x00007fb604680000)
  from space 499712K,  44% used [0x00007fb622e80000, 0x00007fb630648bf0, 0x00007fb641680000)
  to   space 499712K,   0% used [0x00007fb604680000, 0x00007fb604680000, 0x00007fb622e80000)
 tenured generation   total 9995232K, used 9906378K [0x00007fbfbb0a0000, 0x00007fc21d198000, 0x00007fd510600000)
   the space 9995232K,  99% used [0x00007fbfbb0a0000, 0x00007fc217ad29f8, 0x00007fc217ad2a00, 0x00007fc21d198000)
 Metaspace       used 24258K, capacity 24633K, committed 24832K, reserved 26624K
}
Event: 2908.527 GC heap before
{Heap before GC invocations=1733 (full 7):
 def new generation   total 4497920K, used 4219170K [0x00007fb510600000, 0x00007fb641680000, 0x00007fbfbb0a0000)
  eden space 3998208K, 100% used [0x00007fb510600000, 0x00007fb604680000, 0x00007fb604680000)
  from space 499712K,  44% used [0x00007fb622e80000, 0x00007fb630648bf0, 0x00007fb641680000)
  to   space 499712K,   0% used [0x00007fb604680000, 0x00007fb604680000, 0x00007fb622e80000)
 tenured generation   total 9995232K, used 9906378K [0x00007fbfbb0a0000, 0x00007fc21d198000, 0x00007fd510600000)
   the space 9995232K,  99% used [0x00007fbfbb0a0000, 0x00007fc217ad29f8, 0x00007fc217ad2a00, 0x00007fc21d198000)
 Metaspace       used 24258K, capacity 24633K, committed 24832K, reserved 26624K
}
Event: 2908.736 GC heap after
{Heap after GC invocations=1734 (full 7):
 def new generation   total 4497920K, used 220458K [0x00007fb510600000, 0x00007fb641680000, 0x00007fbfbb0a0000)
  eden space 3998208K,   0% used [0x00007fb510600000, 0x00007fb510600000, 0x00007fb604680000)
  from space 499712K,  44% used [0x00007fb604680000, 0x00007fb611dcaaa8, 0x00007fb622e80000)
  to   space 499712K,   0% used [0x00007fb622e80000, 0x00007fb622e80000, 0x00007fb641680000)
 tenured generation   total 9995232K, used 9923337K [0x00007fbfbb0a0000, 0x00007fc21d198000, 0x00007fd510600000)
   the space 9995232K,  99% used [0x00007fbfbb0a0000, 0x00007fc218b62600, 0x00007fc218b62600, 0x00007fc21d198000)
 Metaspace       used 24258K, capacity 24633K, committed 24832K, reserved 26624K
}
Event: 2913.261 GC heap before
{Heap before GC invocations=1734 (full 7):
 def new generation   total 4497920K, used 4218666K [0x00007fb510600000, 0x00007fb641680000, 0x00007fbfbb0a0000)
  eden space 3998208K, 100% used [0x00007fb510600000, 0x00007fb604680000, 0x00007fb604680000)
  from space 499712K,  44% used [0x00007fb604680000, 0x00007fb611dcaaa8, 0x00007fb622e80000)
  to   space 499712K,   0% used [0x00007fb622e80000, 0x00007fb622e80000, 0x00007fb641680000)
 tenured generation   total 9995232K, used 9923337K [0x00007fbfbb0a0000, 0x00007fc21d198000, 0x00007fd510600000)
   the space 9995232K,  99% used [0x00007fbfbb0a0000, 0x00007fc218b62600, 0x00007fc218b62600, 0x00007fc21d198000)
 Metaspace       used 24258K, capacity 24633K, committed 24832K, reserved 26624K
}
Event: 2913.459 GC heap after
{Heap after GC invocations=1735 (full 7):
 def new generation   total 4497920K, used 214824K [0x00007fb510600000, 0x00007fb641680000, 0x00007fbfbb0a0000)
  eden space 3998208K,   0% used [0x00007fb510600000, 0x00007fb510600000, 0x00007fb604680000)
  from space 499712K,  42% used [0x00007fb622e80000, 0x00007fb63004a340, 0x00007fb641680000)
  to   space 499712K,   0% used [0x00007fb604680000, 0x00007fb604680000, 0x00007fb622e80000)
 tenured generation   total 9995232K, used 9940296K [0x00007fbfbb0a0000, 0x00007fc21d198000, 0x00007fd510600000)
   the space 9995232K,  99% used [0x00007fbfbb0a0000, 0x00007fc219bf2208, 0x00007fc219bf2400, 0x00007fc21d198000)
 Metaspace       used 24258K, capacity 24633K, committed 24832K, reserved 26624K
}
Event: 2917.773 GC heap before
{Heap before GC invocations=1735 (full 7):
 def new generation   total 4497920K, used 4210060K [0x00007fb510600000, 0x00007fb641680000, 0x00007fbfbb0a0000)
  eden space 3998208K,  99% used [0x00007fb510600000, 0x00007fb604398fb8, 0x00007fb604680000)
  from space 499712K,  42% used [0x00007fb622e80000, 0x00007fb63004a340, 0x00007fb641680000)
  to   space 499712K,   0% used [0x00007fb604680000, 0x00007fb604680000, 0x00007fb622e80000)
 tenured generation   total 9995232K, used 9940296K [0x00007fbfbb0a0000, 0x00007fc21d198000, 0x00007fd510600000)
   the space 9995232K,  99% used [0x00007fbfbb0a0000, 0x00007fc219bf2208, 0x00007fc219bf2400, 0x00007fc21d198000)
 Metaspace       used 24258K, capacity 24633K, committed 24832K, reserved 26624K
}
Event: 2917.987 GC heap after
{Heap after GC invocations=1736 (full 7):
 def new generation   total 4497920K, used 225106K [0x00007fb510600000, 0x00007fb641680000, 0x00007fbfbb0a0000)
  eden space 3998208K,   0% used [0x00007fb510600000, 0x00007fb510600000, 0x00007fb604680000)
  from space 499712K,  45% used [0x00007fb604680000, 0x00007fb612254838, 0x00007fb622e80000)
  to   space 499712K,   0% used [0x00007fb622e80000, 0x00007fb622e80000, 0x00007fb641680000)
 tenured generation   total 9995232K, used 9940296K [0x00007fbfbb0a0000, 0x00007fc21d198000, 0x00007fd510600000)
   the space 9995232K,  99% used [0x00007fbfbb0a0000, 0x00007fc219bf2208, 0x00007fc219bf2400, 0x00007fc21d198000)
 Metaspace       used 24258K, capacity 24633K, committed 24832K, reserved 26624K
}
Event: 2922.074 GC heap before
{Heap before GC invocations=1736 (full 7):
 def new generation   total 4497920K, used 4223314K [0x00007fb510600000, 0x00007fb641680000, 0x00007fbfbb0a0000)
  eden space 3998208K, 100% used [0x00007fb510600000, 0x00007fb604680000, 0x00007fb604680000)
  from space 499712K,  45% used [0x00007fb604680000, 0x00007fb612254838, 0x00007fb622e80000)
  to   space 499712K,   0% used [0x00007fb622e80000, 0x00007fb622e80000, 0x00007fb641680000)
 tenured generation   total 9995232K, used 9940296K [0x00007fbfbb0a0000, 0x00007fc21d198000, 0x00007fd510600000)
   the space 9995232K,  99% used [0x00007fbfbb0a0000, 0x00007fc219bf2208, 0x00007fc219bf2400, 0x00007fc21d198000)
 Metaspace       used 24258K, capacity 24633K, committed 24832K, reserved 26624K
}
Event: 2922.271 GC heap after
{Heap after GC invocations=1737 (full 7):
 def new generation   total 4497920K, used 220453K [0x00007fb510600000, 0x00007fb641680000, 0x00007fbfbb0a0000)
  eden space 3998208K,   0% used [0x00007fb510600000, 0x00007fb510600000, 0x00007fb604680000)
  from space 499712K,  44% used [0x00007fb622e80000, 0x00007fb6305c9428, 0x00007fb641680000)
  to   space 499712K,   0% used [0x00007fb604680000, 0x00007fb604680000, 0x00007fb622e80000)
 tenured generation   total 9995232K, used 9957255K [0x00007fbfbb0a0000, 0x00007fc21d198000, 0x00007fd510600000)
   the space 9995232K,  99% used [0x00007fbfbb0a0000, 0x00007fc21ac81e10, 0x00007fc21ac82000, 0x00007fc21d198000)
 Metaspace       used 24258K, capacity 24633K, committed 24832K, reserved 26624K
}
Event: 2926.997 GC heap before
{Heap before GC invocations=1737 (full 7):
 def new generation   total 4497920K, used 4218661K [0x00007fb510600000, 0x00007fb641680000, 0x00007fbfbb0a0000)
  eden space 3998208K, 100% used [0x00007fb510600000, 0x00007fb604680000, 0x00007fb604680000)
  from space 499712K,  44% used [0x00007fb622e80000, 0x00007fb6305c9428, 0x00007fb641680000)
  to   space 499712K,   0% used [0x00007fb604680000, 0x00007fb604680000, 0x00007fb622e80000)
 tenured generation   total 9995232K, used 9957255K [0x00007fbfbb0a0000, 0x00007fc21d198000, 0x00007fd510600000)
   the space 9995232K,  99% used [0x00007fbfbb0a0000, 0x00007fc21ac81e10, 0x00007fc21ac82000, 0x00007fc21d198000)
 Metaspace       used 24258K, capacity 24633K, committed 24832K, reserved 26624K
}
Event: 2927.186 GC heap after
{Heap after GC invocations=1738 (full 7):
 def new generation   total 4497920K, used 220456K [0x00007fb510600000, 0x00007fb641680000, 0x00007fbfbb0a0000)
  eden space 3998208K,   0% used [0x00007fb510600000, 0x00007fb510600000, 0x00007fb604680000)
  from space 499712K,  44% used [0x00007fb604680000, 0x00007fb611dca0a0, 0x00007fb622e80000)
  to   space 499712K,   0% used [0x00007fb622e80000, 0x00007fb622e80000, 0x00007fb641680000)
 tenured generation   total 9995232K, used 9974214K [0x00007fbfbb0a0000, 0x00007fc21d198000, 0x00007fd510600000)
   the space 9995232K,  99% used [0x00007fbfbb0a0000, 0x00007fc21bd11a18, 0x00007fc21bd11c00, 0x00007fc21d198000)
 Metaspace       used 24258K, capacity 24633K, committed 24832K, reserved 26624K
}
Event: 2931.470 GC heap before
{Heap before GC invocations=1738 (full 7):
 def new generation   total 4497920K, used 4218664K [0x00007fb510600000, 0x00007fb641680000, 0x00007fbfbb0a0000)
  eden space 3998208K, 100% used [0x00007fb510600000, 0x00007fb604680000, 0x00007fb604680000)
  from space 499712K,  44% used [0x00007fb604680000, 0x00007fb611dca0a0, 0x00007fb622e80000)
  to   space 499712K,   0% used [0x00007fb622e80000, 0x00007fb622e80000, 0x00007fb641680000)
 tenured generation   total 9995232K, used 9974214K [0x00007fbfbb0a0000, 0x00007fc21d198000, 0x00007fd510600000)
   the space 9995232K,  99% used [0x00007fbfbb0a0000, 0x00007fc21bd11a18, 0x00007fc21bd11c00, 0x00007fc21d198000)
 Metaspace       used 24258K, capacity 24633K, committed 24832K, reserved 26624K
}
Event: 2931.644 GC heap after
{Heap after GC invocations=1739 (full 7):
 def new generation   total 4497920K, used 217371K [0x00007fb510600000, 0x00007fb641680000, 0x00007fbfbb0a0000)
  eden space 3998208K,   0% used [0x00007fb510600000, 0x00007fb510600000, 0x00007fb604680000)
  from space 499712K,  43% used [0x00007fb622e80000, 0x00007fb6302c6f90, 0x00007fb641680000)
  to   space 499712K,   0% used [0x00007fb604680000, 0x00007fb604680000, 0x00007fb622e80000)
 tenured generation   total 9995232K, used 9991173K [0x00007fbfbb0a0000, 0x00007fc21d198000, 0x00007fd510600000)
   the space 9995232K,  99% used [0x00007fbfbb0a0000, 0x00007fc21cda1620, 0x00007fc21cda1800, 0x00007fc21d198000)
 Metaspace       used 24258K, capacity 24633K, committed 24832K, reserved 26624K
}
Event: 2935.808 GC heap before
{Heap before GC invocations=1739 (full 7):
 def new generation   total 4497920K, used 4215579K [0x00007fb510600000, 0x00007fb641680000, 0x00007fbfbb0a0000)
  eden space 3998208K, 100% used [0x00007fb510600000, 0x00007fb604680000, 0x00007fb604680000)
  from space 499712K,  43% used [0x00007fb622e80000, 0x00007fb6302c6f90, 0x00007fb641680000)
  to   space 499712K,   0% used [0x00007fb604680000, 0x00007fb604680000, 0x00007fb622e80000)
 tenured generation   total 9995232K, used 9991173K [0x00007fbfbb0a0000, 0x00007fc21d198000, 0x00007fd510600000)
   the space 9995232K,  99% used [0x00007fbfbb0a0000, 0x00007fc21cda1620, 0x00007fc21cda1800, 0x00007fc21d198000)
 Metaspace       used 24258K, capacity 24633K, committed 24832K, reserved 26624K
}
Event: 2935.959 GC heap after
{Heap after GC invocations=1740 (full 7):
 def new generation   total 4497920K, used 226126K [0x00007fb510600000, 0x00007fb641680000, 0x00007fbfbb0a0000)
  eden space 3998208K,   0% used [0x00007fb510600000, 0x00007fb510600000, 0x00007fb604680000)
  from space 499712K,  45% used [0x00007fb604680000, 0x00007fb612353a90, 0x00007fb622e80000)
  to   space 499712K,   0% used [0x00007fb622e80000, 0x00007fb622e80000, 0x00007fb641680000)
 tenured generation   total 9995232K, used 9991173K [0x00007fbfbb0a0000, 0x00007fc21d198000, 0x00007fd510600000)
   the space 9995232K,  99% used [0x00007fbfbb0a0000, 0x00007fc21cda1620, 0x00007fc21cda1800, 0x00007fc21d198000)
 Metaspace       used 24258K, capacity 24633K, committed 24832K, reserved 26624K
}
Event: 2940.141 GC heap before
{Heap before GC invocations=1740 (full 7):
 def new generation   total 4497920K, used 4218393K [0x00007fb510600000, 0x00007fb641680000, 0x00007fbfbb0a0000)
  eden space 3998208K,  99% used [0x00007fb510600000, 0x00007fb6040b2d48, 0x00007fb604680000)
  from space 499712K,  45% used [0x00007fb604680000, 0x00007fb612353a90, 0x00007fb622e80000)
  to   space 499712K,   0% used [0x00007fb622e80000, 0x00007fb622e80000, 0x00007fb641680000)
 tenured generation   total 9995232K, used 9991173K [0x00007fbfbb0a0000, 0x00007fc21d198000, 0x00007fd510600000)
   the space 9995232K,  99% used [0x00007fbfbb0a0000, 0x00007fc21cda1620, 0x00007fc21cda1800, 0x00007fc21d198000)
 Metaspace       used 24258K, capacity 24633K, committed 24832K, reserved 26624K
}
Event: 2940.308 GC heap after
{Heap after GC invocations=1741 (full 7):
 def new generation   total 4497920K, used 221498K [0x00007fb510600000, 0x00007fb641680000, 0x00007fbfbb0a0000)
  eden space 3998208K,   0% used [0x00007fb510600000, 0x00007fb510600000, 0x00007fb604680000)
  from space 499712K,  44% used [0x00007fb622e80000, 0x00007fb6306ce990, 0x00007fb641680000)
  to   space 499712K,   0% used [0x00007fb604680000, 0x00007fb604680000, 0x00007fb622e80000)
 tenured generation   total 10011620K, used 10008132K [0x00007fbfbb0a0000, 0x00007fc21e199000, 0x00007fd510600000)
   the space 10011620K,  99% used [0x00007fbfbb0a0000, 0x00007fc21de31228, 0x00007fc21de31400, 0x00007fc21e199000)
 Metaspace       used 24258K, capacity 24633K, committed 24832K, reserved 26624K
}
Event: 2940.308 GC heap before
{Heap before GC invocations=1741 (full 7):
 def new generation   total 4497920K, used 221498K [0x00007fb510600000, 0x00007fb641680000, 0x00007fbfbb0a0000)
  eden space 3998208K,   0% used [0x00007fb510600000, 0x00007fb510600000, 0x00007fb604680000)
  from space 499712K,  44% used [0x00007fb622e80000, 0x00007fb6306ce990, 0x00007fb641680000)
  to   space 499712K,   0% used [0x00007fb604680000, 0x00007fb604680000, 0x00007fb622e80000)
 tenured generation   total 10011620K, used 10008132K [0x00007fbfbb0a0000, 0x00007fc21e199000, 0x00007fd510600000)
   the space 10011620K,  99% used [0x00007fbfbb0a0000, 0x00007fc21de31228, 0x00007fc21de31400, 0x00007fc21e199000)
 Metaspace       used 24258K, capacity 24633K, committed 24832K, reserved 26624K
}

