# JRE version: OpenJDK Runtime Environment (13.0.7+5) (build 13.0.7+5-Ubuntu-0ubuntu120.04)
# Java VM: OpenJDK 64-Bit Server VM (13.0.7+5-Ubuntu-0ubuntu120.04, mixed mode, tiered, serial gc, linux-amd64)
Heap:
 def new generation   total 3939264K, used 0K [0x00007f3b0c600000, 0x00007f3c17860000, 0x00007f4061b50000)
  eden space 3501568K,   0% used [0x00007f3b0c600000, 0x00007f3b0c600000, 0x00007f3be2180000)
  from space 437696K,   0% used [0x00007f3bfccf0000, 0x00007f3bfccf0000, 0x00007f3c17860000)
  to   space 437696K,   0% used [0x00007f3be2180000, 0x00007f3be2180000, 0x00007f3bfccf0000)
 tenured generation   total 8753864K, used 4203830K [0x00007f4061b50000, 0x00007f4278002000, 0x00007f4b0c600000)
   the space 8753864K,  48% used [0x00007f4061b50000, 0x00007f416249d850, 0x00007f416249da00, 0x00007f4278002000)
 Metaspace       used 23209K, capacity 23546K, committed 23552K, reserved 24576K
GC Heap History (20 events):
Event: 11.102 GC heap before
{Heap before GC invocations=6 (full 3):
 def new generation   total 1572992K, used 0K [0x00007f3b0c600000, 0x00007f3b770c0000, 0x00007f4061b50000)
  eden space 1398272K,   0% used [0x00007f3b0c600000, 0x00007f3b0c600000, 0x00007f3b61b80000)
  from space 174720K,   0% used [0x00007f3b6c620000, 0x00007f3b6c620248, 0x00007f3b770c0000)
  to   space 174720K,   0% used [0x00007f3b61b80000, 0x00007f3b61b80000, 0x00007f3b6c620000)
 tenured generation   total 3495300K, used 2111916K [0x00007f4061b50000, 0x00007f41370b1000, 0x00007f4b0c600000)
   the space 3495300K,  60% used [0x00007f4061b50000, 0x00007f40e29bb1f8, 0x00007f40e29bb200, 0x00007f41370b1000)
 Metaspace       used 23209K, capacity 23546K, committed 23552K, reserved 24576K
}
Event: 12.351 GC heap after
{Heap after GC invocations=6 (full 4):
 def new generation   total 1579968K, used 0K [0x00007f3b0c600000, 0x00007f3b77860000, 0x00007f4061b50000)
  eden space 1404416K,   0% used [0x00007f3b0c600000, 0x00007f3b0c600000, 0x00007f3b62180000)
  from space 175552K,   0% used [0x00007f3b62180000, 0x00007f3b62180000, 0x00007f3b6ccf0000)
  to   space 175552K,   0% used [0x00007f3b6ccf0000, 0x00007f3b6ccf0000, 0x00007f3b77860000)
 tenured generation   total 3510984K, used 2106588K [0x00007f4061b50000, 0x00007f4138002000, 0x00007f4b0c600000)
   the space 3510984K,  59% used [0x00007f4061b50000, 0x00007f40e2487350, 0x00007f40e2487400, 0x00007f4138002000)
 Metaspace       used 23209K, capacity 23546K, committed 23552K, reserved 24576K
}
Event: 17.658 GC heap before
{Heap before GC invocations=6 (full 4):
 def new generation   total 1579968K, used 27422K [0x00007f3b0c600000, 0x00007f3b77860000, 0x00007f4061b50000)
  eden space 1404416K,   1% used [0x00007f3b0c600000, 0x00007f3b0e0c7920, 0x00007f3b62180000)
  from space 175552K,   0% used [0x00007f3b62180000, 0x00007f3b62180000, 0x00007f3b6ccf0000)
  to   space 175552K,   0% used [0x00007f3b6ccf0000, 0x00007f3b6ccf0000, 0x00007f3b77860000)
 tenured generation   total 7705292K, used 6300892K [0x00007f4061b50000, 0x00007f4238003000, 0x00007f4b0c600000)
   the space 7705292K,  81% used [0x00007f4061b50000, 0x00007f41e2487368, 0x00007f41e2487400, 0x00007f4238003000)
 Metaspace       used 23209K, capacity 23546K, committed 23552K, reserved 24576K
}
Event: 17.666 GC heap after
{Heap after GC invocations=7 (full 4):
 def new generation   total 1579968K, used 0K [0x00007f3b0c600000, 0x00007f3b77860000, 0x00007f4061b50000)
  eden space 1404416K,   0% used [0x00007f3b0c600000, 0x00007f3b0c600000, 0x00007f3b62180000)
  from space 175552K,   0% used [0x00007f3b6ccf0000, 0x00007f3b6ccf0158, 0x00007f3b77860000)
  to   space 175552K,   0% used [0x00007f3b62180000, 0x00007f3b62180000, 0x00007f3b6ccf0000)
 tenured generation   total 7705292K, used 6300892K [0x00007f4061b50000, 0x00007f4238003000, 0x00007f4b0c600000)
   the space 7705292K,  81% used [0x00007f4061b50000, 0x00007f41e2487368, 0x00007f41e2487400, 0x00007f4238003000)
 Metaspace       used 23209K, capacity 23546K, committed 23552K, reserved 24576K
}
Event: 17.666 GC heap before
{Heap before GC invocations=7 (full 4):
 def new generation   total 1579968K, used 0K [0x00007f3b0c600000, 0x00007f3b77860000, 0x00007f4061b50000)
  eden space 1404416K,   0% used [0x00007f3b0c600000, 0x00007f3b0c600000, 0x00007f3b62180000)
  from space 175552K,   0% used [0x00007f3b6ccf0000, 0x00007f3b6ccf0158, 0x00007f3b77860000)
  to   space 175552K,   0% used [0x00007f3b62180000, 0x00007f3b62180000, 0x00007f3b6ccf0000)
 tenured generation   total 7705292K, used 6300892K [0x00007f4061b50000, 0x00007f4238003000, 0x00007f4b0c600000)
   the space 7705292K,  81% used [0x00007f4061b50000, 0x00007f41e2487368, 0x00007f41e2487400, 0x00007f4238003000)
 Metaspace       used 23209K, capacity 23546K, committed 23552K, reserved 24576K
}
Event: 20.278 GC heap after
{Heap after GC invocations=7 (full 5):
 def new generation   total 3939264K, used 0K [0x00007f3b0c600000, 0x00007f3c17860000, 0x00007f4061b50000)
  eden space 3501568K,   0% used [0x00007f3b0c600000, 0x00007f3b0c600000, 0x00007f3be2180000)
  from space 437696K,   0% used [0x00007f3be2180000, 0x00007f3be2180000, 0x00007f3bfccf0000)
  to   space 437696K,   0% used [0x00007f3bfccf0000, 0x00007f3bfccf0000, 0x00007f3c17860000)
 tenured generation   total 8753864K, used 5252316K [0x00007f4061b50000, 0x00007f4278002000, 0x00007f4b0c600000)
   the space 8753864K,  59% used [0x00007f4061b50000, 0x00007f41a2487358, 0x00007f41a2487400, 0x00007f4278002000)
 Metaspace       used 23209K, capacity 23546K, committed 23552K, reserved 24576K
}
Event: 22.880 GC heap before
{Heap before GC invocations=7 (full 5):
 def new generation   total 3939264K, used 2165522K [0x00007f3b0c600000, 0x00007f3c17860000, 0x00007f4061b50000)
  eden space 3501568K,  61% used [0x00007f3b0c600000, 0x00007f3b908c4ad8, 0x00007f3be2180000)
  from space 437696K,   0% used [0x00007f3be2180000, 0x00007f3be2180000, 0x00007f3bfccf0000)
  to   space 437696K,   0% used [0x00007f3bfccf0000, 0x00007f3bfccf0000, 0x00007f3c17860000)
 tenured generation   total 8753864K, used 5252316K [0x00007f4061b50000, 0x00007f4278002000, 0x00007f4b0c600000)
   the space 8753864K,  59% used [0x00007f4061b50000, 0x00007f41a2487358, 0x00007f41a2487400, 0x00007f4278002000)
 Metaspace       used 23209K, capacity 23546K, committed 23552K, reserved 24576K
}
Event: 24.299 GC heap after
{Heap after GC invocations=8 (full 5):
 def new generation   total 3939264K, used 0K [0x00007f3b0c600000, 0x00007f3c17860000, 0x00007f4061b50000)
  eden space 3501568K,   0% used [0x00007f3b0c600000, 0x00007f3b0c600000, 0x00007f3be2180000)
  from space 437696K,   0% used [0x00007f3bfccf0000, 0x00007f3bfccf0108, 0x00007f3c17860000)
  to   space 437696K,   0% used [0x00007f3be2180000, 0x00007f3be2180000, 0x00007f3bfccf0000)
 tenured generation   total 8753864K, used 7349468K [0x00007f4061b50000, 0x00007f4278002000, 0x00007f4b0c600000)
   the space 8753864K,  83% used [0x00007f4061b50000, 0x00007f4222487370, 0x00007f4222487400, 0x00007f4278002000)
 Metaspace       used 23209K, capacity 23546K, committed 23552K, reserved 24576K
}
Event: 25.053 GC heap before
{Heap before GC invocations=8 (full 5):
 def new generation   total 3939264K, used 2165330K [0x00007f3b0c600000, 0x00007f3c17860000, 0x00007f4061b50000)
  eden space 3501568K,  61% used [0x00007f3b0c600000, 0x00007f3b90894878, 0x00007f3be2180000)
  from space 437696K,   0% used [0x00007f3bfccf0000, 0x00007f3bfccf0108, 0x00007f3c17860000)
  to   space 437696K,   0% used [0x00007f3be2180000, 0x00007f3be2180000, 0x00007f3bfccf0000)
 tenured generation   total 8753864K, used 7349468K [0x00007f4061b50000, 0x00007f4278002000, 0x00007f4b0c600000)
   the space 8753864K,  83% used [0x00007f4061b50000, 0x00007f4222487370, 0x00007f4222487400, 0x00007f4278002000)
 Metaspace       used 23209K, capacity 23546K, committed 23552K, reserved 24576K
}
Event: 27.244 GC heap after
{Heap after GC invocations=9 (full 5):
 def new generation   total 3939264K, used 0K [0x00007f3b0c600000, 0x00007f3c17860000, 0x00007f4061b50000)
  eden space 3501568K,   0% used [0x00007f3b0c600000, 0x00007f3b0c600000, 0x00007f3be2180000)
  from space 437696K,   0% used [0x00007f3be2180000, 0x00007f3be2180338, 0x00007f3bfccf0000)
  to   space 437696K,   0% used [0x00007f3bfccf0000, 0x00007f3bfccf0000, 0x00007f3c17860000)
 tenured generation   total 10851020K, used 9446620K [0x00007f4061b50000, 0x00007f42f8003000, 0x00007f4b0c600000)
   the space 10851020K,  87% used [0x00007f4061b50000, 0x00007f42a2487388, 0x00007f42a2487400, 0x00007f42f8003000)
 Metaspace       used 23209K, capacity 23546K, committed 23552K, reserved 24576K
}
Event: 27.244 GC heap before
{Heap before GC invocations=9 (full 5):
 def new generation   total 3939264K, used 0K [0x00007f3b0c600000, 0x00007f3c17860000, 0x00007f4061b50000)
  eden space 3501568K,   0% used [0x00007f3b0c600000, 0x00007f3b0c600000, 0x00007f3be2180000)
  from space 437696K,   0% used [0x00007f3be2180000, 0x00007f3be2180338, 0x00007f3bfccf0000)
  to   space 437696K,   0% used [0x00007f3bfccf0000, 0x00007f3bfccf0000, 0x00007f3c17860000)
 tenured generation   total 10851020K, used 9446620K [0x00007f4061b50000, 0x00007f42f8003000, 0x00007f4b0c600000)
   the space 10851020K,  87% used [0x00007f4061b50000, 0x00007f42a2487388, 0x00007f42a2487400, 0x00007f42f8003000)
 Metaspace       used 23209K, capacity 23546K, committed 23552K, reserved 24576K
}
Event: 28.835 GC heap after
{Heap after GC invocations=9 (full 6):
 def new generation   total 3939264K, used 0K [0x00007f3b0c600000, 0x00007f3c17860000, 0x00007f4061b50000)
  eden space 3501568K,   0% used [0x00007f3b0c600000, 0x00007f3b0c600000, 0x00007f3be2180000)
  from space 437696K,   0% used [0x00007f3be2180000, 0x00007f3be2180000, 0x00007f3bfccf0000)
  to   space 437696K,   0% used [0x00007f3bfccf0000, 0x00007f3bfccf0000, 0x00007f3c17860000)
 tenured generation   total 8753864K, used 4203740K [0x00007f4061b50000, 0x00007f4278002000, 0x00007f4b0c600000)
   the space 8753864K,  48% used [0x00007f4061b50000, 0x00007f4162487160, 0x00007f4162487200, 0x00007f4278002000)
 Metaspace       used 23209K, capacity 23546K, committed 23552K, reserved 24576K
}
Event: 31.406 GC heap before
{Heap before GC invocations=9 (full 6):
 def new generation   total 3939264K, used 2427351K [0x00007f3b0c600000, 0x00007f3c17860000, 0x00007f4061b50000)
  eden space 3501568K,  69% used [0x00007f3b0c600000, 0x00007f3ba0875c30, 0x00007f3be2180000)
  from space 437696K,   0% used [0x00007f3be2180000, 0x00007f3be2180000, 0x00007f3bfccf0000)
  to   space 437696K,   0% used [0x00007f3bfccf0000, 0x00007f3bfccf0000, 0x00007f3c17860000)
 tenured generation   total 8753864K, used 4203740K [0x00007f4061b50000, 0x00007f4278002000, 0x00007f4b0c600000)
   the space 8753864K,  48% used [0x00007f4061b50000, 0x00007f4162487160, 0x00007f4162487200, 0x00007f4278002000)
 Metaspace       used 23209K, capacity 23546K, committed 23552K, reserved 24576K
}
Event: 31.833 GC heap after
{Heap after GC invocations=10 (full 6):
 def new generation   total 3939264K, used 271068K [0x00007f3b0c600000, 0x00007f3c17860000, 0x00007f4061b50000)
  eden space 3501568K,   0% used [0x00007f3b0c600000, 0x00007f3b0c600000, 0x00007f3be2180000)
  from space 437696K,  61% used [0x00007f3bfccf0000, 0x00007f3c0d5a7190, 0x00007f3c17860000)
  to   space 437696K,   0% used [0x00007f3be2180000, 0x00007f3be2180000, 0x00007f3bfccf0000)
 tenured generation   total 8753864K, used 4203740K [0x00007f4061b50000, 0x00007f4278002000, 0x00007f4b0c600000)
   the space 8753864K,  48% used [0x00007f4061b50000, 0x00007f4162487160, 0x00007f4162487200, 0x00007f4278002000)
 Metaspace       used 23209K, capacity 23546K, committed 23552K, reserved 24576K
}
Event: 33.649 GC heap before
{Heap before GC invocations=10 (full 6):
 def new generation   total 3939264K, used 2436279K [0x00007f3b0c600000, 0x00007f3c17860000, 0x00007f4061b50000)
  eden space 3501568K,  61% used [0x00007f3b0c600000, 0x00007f3b90876e30, 0x00007f3be2180000)
  from space 437696K,  61% used [0x00007f3bfccf0000, 0x00007f3c0d5a7190, 0x00007f3c17860000)
  to   space 437696K,   0% used [0x00007f3be2180000, 0x00007f3be2180000, 0x00007f3bfccf0000)
 tenured generation   total 8753864K, used 4203740K [0x00007f4061b50000, 0x00007f4278002000, 0x00007f4b0c600000)
   the space 8753864K,  48% used [0x00007f4061b50000, 0x00007f4162487160, 0x00007f4162487200, 0x00007f4278002000)
 Metaspace       used 23209K, capacity 23546K, committed 23552K, reserved 24576K
}
Event: 34.403 GC heap after
{Heap after GC invocations=11 (full 6):
 def new generation   total 3939264K, used 0K [0x00007f3b0c600000, 0x00007f3c17860000, 0x00007f4061b50000)
  eden space 3501568K,   0% used [0x00007f3b0c600000, 0x00007f3b0c600000, 0x00007f3be2180000)
  from space 437696K,   0% used [0x00007f3be2180000, 0x00007f3be2180280, 0x00007f3bfccf0000)
  to   space 437696K,   0% used [0x00007f3bfccf0000, 0x00007f3bfccf0000, 0x00007f3c17860000)
 tenured generation   total 8753864K, used 6309815K [0x00007f4061b50000, 0x00007f4278002000, 0x00007f4b0c600000)
   the space 8753864K,  72% used [0x00007f4061b50000, 0x00007f41e2d3de00, 0x00007f41e2d3de00, 0x00007f4278002000)
 Metaspace       used 23209K, capacity 23546K, committed 23552K, reserved 24576K
}
Event: 35.024 GC heap before
{Heap before GC invocations=11 (full 6):
 def new generation   total 3939264K, used 2165765K [0x00007f3b0c600000, 0x00007f3c17860000, 0x00007f4061b50000)
  eden space 3501568K,  61% used [0x00007f3b0c600000, 0x00007f3b90901348, 0x00007f3be2180000)
  from space 437696K,   0% used [0x00007f3be2180000, 0x00007f3be2180280, 0x00007f3bfccf0000)
  to   space 437696K,   0% used [0x00007f3bfccf0000, 0x00007f3bfccf0000, 0x00007f3c17860000)
 tenured generation   total 8753864K, used 6309815K [0x00007f4061b50000, 0x00007f4278002000, 0x00007f4b0c600000)
   the space 8753864K,  72% used [0x00007f4061b50000, 0x00007f41e2d3de00, 0x00007f41e2d3de00, 0x00007f4278002000)
 Metaspace       used 23209K, capacity 23546K, committed 23552K, reserved 24576K
}
Event: 35.673 GC heap after
{Heap after GC invocations=12 (full 6):
 def new generation   total 3939264K, used 1K [0x00007f3b0c600000, 0x00007f3c17860000, 0x00007f4061b50000)
  eden space 3501568K,   0% used [0x00007f3b0c600000, 0x00007f3b0c600000, 0x00007f3be2180000)
  from space 437696K,   0% used [0x00007f3bfccf0000, 0x00007f3bfccf04f8, 0x00007f3c17860000)
  to   space 437696K,   0% used [0x00007f3be2180000, 0x00007f3be2180000, 0x00007f3bfccf0000)
 tenured generation   total 8753864K, used 8406967K [0x00007f4061b50000, 0x00007f4278002000, 0x00007f4b0c600000)
   the space 8753864K,  96% used [0x00007f4061b50000, 0x00007f4262d3de18, 0x00007f4262d3e000, 0x00007f4278002000)
 Metaspace       used 23209K, capacity 23546K, committed 23552K, reserved 24576K
}
Event: 35.673 GC heap before
{Heap before GC invocations=12 (full 6):
 def new generation   total 3939264K, used 1K [0x00007f3b0c600000, 0x00007f3c17860000, 0x00007f4061b50000)
  eden space 3501568K,   0% used [0x00007f3b0c600000, 0x00007f3b0c600000, 0x00007f3be2180000)
  from space 437696K,   0% used [0x00007f3bfccf0000, 0x00007f3bfccf04f8, 0x00007f3c17860000)
  to   space 437696K,   0% used [0x00007f3be2180000, 0x00007f3be2180000, 0x00007f3bfccf0000)
 tenured generation   total 8753864K, used 8406967K [0x00007f4061b50000, 0x00007f4278002000, 0x00007f4b0c600000)
   the space 8753864K,  96% used [0x00007f4061b50000, 0x00007f4262d3de18, 0x00007f4262d3e000, 0x00007f4278002000)
 Metaspace       used 23209K, capacity 23546K, committed 23552K, reserved 24576K
}
Event: 37.063 GC heap after
{Heap after GC invocations=12 (full 7):
 def new generation   total 3939264K, used 0K [0x00007f3b0c600000, 0x00007f3c17860000, 0x00007f4061b50000)
  eden space 3501568K,   0% used [0x00007f3b0c600000, 0x00007f3b0c600000, 0x00007f3be2180000)
  from space 437696K,   0% used [0x00007f3bfccf0000, 0x00007f3bfccf0000, 0x00007f3c17860000)
  to   space 437696K,   0% used [0x00007f3be2180000, 0x00007f3be2180000, 0x00007f3bfccf0000)
 tenured generation   total 8753864K, used 4203830K [0x00007f4061b50000, 0x00007f4278002000, 0x00007f4b0c600000)
   the space 8753864K,  48% used [0x00007f4061b50000, 0x00007f416249d850, 0x00007f416249da00, 0x00007f4278002000)
 Metaspace       used 23209K, capacity 23546K, committed 23552K, reserved 24576K
}

