# JRE version: OpenJDK Runtime Environment (13.0.7+5) (build 13.0.7+5-Ubuntu-0ubuntu120.04)
# Java VM: OpenJDK 64-Bit Server VM (13.0.7+5-Ubuntu-0ubuntu120.04, mixed mode, tiered, serial gc, linux-amd64)
Heap:
 def new generation   total 1748160K, used 0K [0x00007f14e8600000, 0x00007f155eed0000, 0x00007f1a3db50000)
  eden space 1553984K,   0% used [0x00007f14e8600000, 0x00007f14e8600000, 0x00007f1547390000)
  from space 194176K,   0% used [0x00007f1547390000, 0x00007f1547390000, 0x00007f1553130000)
  to   space 194176K,   0% used [0x00007f1553130000, 0x00007f1553130000, 0x00007f155eed0000)
 tenured generation   total 3884780K, used 3858803K [0x00007f1a3db50000, 0x00007f1b2ad0b000, 0x00007f24e8600000)
   the space 3884780K,  99% used [0x00007f1a3db50000, 0x00007f1b293acce8, 0x00007f1b293ace00, 0x00007f1b2ad0b000)
 Metaspace       used 24278K, capacity 24713K, committed 24832K, reserved 26624K
GC Heap History (20 events):
Event: 12138.122 GC heap after
{Heap after GC invocations=15540 (full 3):
 def new generation   total 1748160K, used 6518K [0x00007f14e8600000, 0x00007f155eed0000, 0x00007f1a3db50000)
  eden space 1553984K,   0% used [0x00007f14e8600000, 0x00007f14e8600000, 0x00007f1547390000)
  from space 194176K,   3% used [0x00007f1553130000, 0x00007f155378da10, 0x00007f155eed0000)
  to   space 194176K,   0% used [0x00007f1547390000, 0x00007f1547390000, 0x00007f1553130000)
 tenured generation   total 3884588K, used 3880777K [0x00007f1a3db50000, 0x00007f1b2acdb000, 0x00007f24e8600000)
   the space 3884588K,  99% used [0x00007f1a3db50000, 0x00007f1b2a9226f8, 0x00007f1b2a922800, 0x00007f1b2acdb000)
 Metaspace       used 24278K, capacity 24713K, committed 24832K, reserved 26624K
}
Event: 12139.577 GC heap before
{Heap before GC invocations=15540 (full 3):
 def new generation   total 1748160K, used 1560502K [0x00007f14e8600000, 0x00007f155eed0000, 0x00007f1a3db50000)
  eden space 1553984K, 100% used [0x00007f14e8600000, 0x00007f1547390000, 0x00007f1547390000)
  from space 194176K,   3% used [0x00007f1553130000, 0x00007f155378da10, 0x00007f155eed0000)
  to   space 194176K,   0% used [0x00007f1547390000, 0x00007f1547390000, 0x00007f1553130000)
 tenured generation   total 3884588K, used 3880777K [0x00007f1a3db50000, 0x00007f1b2acdb000, 0x00007f24e8600000)
   the space 3884588K,  99% used [0x00007f1a3db50000, 0x00007f1b2a9226f8, 0x00007f1b2a922800, 0x00007f1b2acdb000)
 Metaspace       used 24278K, capacity 24713K, committed 24832K, reserved 26624K
}
Event: 12139.595 GC heap after
{Heap after GC invocations=15541 (full 3):
 def new generation   total 1748160K, used 6481K [0x00007f14e8600000, 0x00007f155eed0000, 0x00007f1a3db50000)
  eden space 1553984K,   0% used [0x00007f14e8600000, 0x00007f14e8600000, 0x00007f1547390000)
  from space 194176K,   3% used [0x00007f1547390000, 0x00007f15479e46a8, 0x00007f1553130000)
  to   space 194176K,   0% used [0x00007f1553130000, 0x00007f1553130000, 0x00007f155eed0000)
 tenured generation   total 3884588K, used 3881208K [0x00007f1a3db50000, 0x00007f1b2acdb000, 0x00007f24e8600000)
   the space 3884588K,  99% used [0x00007f1a3db50000, 0x00007f1b2a98e0f8, 0x00007f1b2a98e200, 0x00007f1b2acdb000)
 Metaspace       used 24278K, capacity 24713K, committed 24832K, reserved 26624K
}
Event: 12140.994 GC heap before
{Heap before GC invocations=15541 (full 3):
 def new generation   total 1748160K, used 1560465K [0x00007f14e8600000, 0x00007f155eed0000, 0x00007f1a3db50000)
  eden space 1553984K, 100% used [0x00007f14e8600000, 0x00007f1547390000, 0x00007f1547390000)
  from space 194176K,   3% used [0x00007f1547390000, 0x00007f15479e46a8, 0x00007f1553130000)
  to   space 194176K,   0% used [0x00007f1553130000, 0x00007f1553130000, 0x00007f155eed0000)
 tenured generation   total 3884588K, used 3881208K [0x00007f1a3db50000, 0x00007f1b2acdb000, 0x00007f24e8600000)
   the space 3884588K,  99% used [0x00007f1a3db50000, 0x00007f1b2a98e0f8, 0x00007f1b2a98e200, 0x00007f1b2acdb000)
 Metaspace       used 24278K, capacity 24713K, committed 24832K, reserved 26624K
}
Event: 12141.014 GC heap after
{Heap after GC invocations=15542 (full 3):
 def new generation   total 1748160K, used 6464K [0x00007f14e8600000, 0x00007f155eed0000, 0x00007f1a3db50000)
  eden space 1553984K,   0% used [0x00007f14e8600000, 0x00007f14e8600000, 0x00007f1547390000)
  from space 194176K,   3% used [0x00007f1553130000, 0x00007f1553780210, 0x00007f155eed0000)
  to   space 194176K,   0% used [0x00007f1547390000, 0x00007f1547390000, 0x00007f1553130000)
 tenured generation   total 3884588K, used 3881656K [0x00007f1a3db50000, 0x00007f1b2acdb000, 0x00007f24e8600000)
   the space 3884588K,  99% used [0x00007f1a3db50000, 0x00007f1b2a9fe108, 0x00007f1b2a9fe200, 0x00007f1b2acdb000)
 Metaspace       used 24278K, capacity 24713K, committed 24832K, reserved 26624K
}
Event: 12142.435 GC heap before
{Heap before GC invocations=15542 (full 3):
 def new generation   total 1748160K, used 1560448K [0x00007f14e8600000, 0x00007f155eed0000, 0x00007f1a3db50000)
  eden space 1553984K, 100% used [0x00007f14e8600000, 0x00007f1547390000, 0x00007f1547390000)
  from space 194176K,   3% used [0x00007f1553130000, 0x00007f1553780210, 0x00007f155eed0000)
  to   space 194176K,   0% used [0x00007f1547390000, 0x00007f1547390000, 0x00007f1553130000)
 tenured generation   total 3884588K, used 3881656K [0x00007f1a3db50000, 0x00007f1b2acdb000, 0x00007f24e8600000)
   the space 3884588K,  99% used [0x00007f1a3db50000, 0x00007f1b2a9fe108, 0x00007f1b2a9fe200, 0x00007f1b2acdb000)
 Metaspace       used 24278K, capacity 24713K, committed 24832K, reserved 26624K
}
Event: 12142.456 GC heap after
{Heap after GC invocations=15543 (full 3):
 def new generation   total 1748160K, used 6501K [0x00007f14e8600000, 0x00007f155eed0000, 0x00007f1a3db50000)
  eden space 1553984K,   0% used [0x00007f14e8600000, 0x00007f14e8600000, 0x00007f1547390000)
  from space 194176K,   3% used [0x00007f1547390000, 0x00007f15479e9758, 0x00007f1553130000)
  to   space 194176K,   0% used [0x00007f1553130000, 0x00007f1553130000, 0x00007f155eed0000)
 tenured generation   total 3884588K, used 3882087K [0x00007f1a3db50000, 0x00007f1b2acdb000, 0x00007f24e8600000)
   the space 3884588K,  99% used [0x00007f1a3db50000, 0x00007f1b2aa69cb8, 0x00007f1b2aa69e00, 0x00007f1b2acdb000)
 Metaspace       used 24278K, capacity 24713K, committed 24832K, reserved 26624K
}
Event: 12143.881 GC heap before
{Heap before GC invocations=15543 (full 3):
 def new generation   total 1748160K, used 1560485K [0x00007f14e8600000, 0x00007f155eed0000, 0x00007f1a3db50000)
  eden space 1553984K, 100% used [0x00007f14e8600000, 0x00007f1547390000, 0x00007f1547390000)
  from space 194176K,   3% used [0x00007f1547390000, 0x00007f15479e9758, 0x00007f1553130000)
  to   space 194176K,   0% used [0x00007f1553130000, 0x00007f1553130000, 0x00007f155eed0000)
 tenured generation   total 3884588K, used 3882087K [0x00007f1a3db50000, 0x00007f1b2acdb000, 0x00007f24e8600000)
   the space 3884588K,  99% used [0x00007f1a3db50000, 0x00007f1b2aa69cb8, 0x00007f1b2aa69e00, 0x00007f1b2acdb000)
 Metaspace       used 24278K, capacity 24713K, committed 24832K, reserved 26624K
}
Event: 12143.897 GC heap after
{Heap after GC invocations=15544 (full 3):
 def new generation   total 1748160K, used 6481K [0x00007f14e8600000, 0x00007f155eed0000, 0x00007f1a3db50000)
  eden space 1553984K,   0% used [0x00007f14e8600000, 0x00007f14e8600000, 0x00007f1547390000)
  from space 194176K,   3% used [0x00007f1553130000, 0x00007f1553784720, 0x00007f155eed0000)
  to   space 194176K,   0% used [0x00007f1547390000, 0x00007f1547390000, 0x00007f1553130000)
 tenured generation   total 3884588K, used 3882517K [0x00007f1a3db50000, 0x00007f1b2acdb000, 0x00007f24e8600000)
   the space 3884588K,  99% used [0x00007f1a3db50000, 0x00007f1b2aad56b8, 0x00007f1b2aad5800, 0x00007f1b2acdb000)
 Metaspace       used 24278K, capacity 24713K, committed 24832K, reserved 26624K
}
Event: 12145.301 GC heap before
{Heap before GC invocations=15544 (full 3):
 def new generation   total 1748160K, used 1560465K [0x00007f14e8600000, 0x00007f155eed0000, 0x00007f1a3db50000)
  eden space 1553984K, 100% used [0x00007f14e8600000, 0x00007f1547390000, 0x00007f1547390000)
  from space 194176K,   3% used [0x00007f1553130000, 0x00007f1553784720, 0x00007f155eed0000)
  to   space 194176K,   0% used [0x00007f1547390000, 0x00007f1547390000, 0x00007f1553130000)
 tenured generation   total 3884588K, used 3882517K [0x00007f1a3db50000, 0x00007f1b2acdb000, 0x00007f24e8600000)
   the space 3884588K,  99% used [0x00007f1a3db50000, 0x00007f1b2aad56b8, 0x00007f1b2aad5800, 0x00007f1b2acdb000)
 Metaspace       used 24278K, capacity 24713K, committed 24832K, reserved 26624K
}
Event: 12145.319 GC heap after
{Heap after GC invocations=15545 (full 3):
 def new generation   total 1748160K, used 6465K [0x00007f14e8600000, 0x00007f155eed0000, 0x00007f1a3db50000)
  eden space 1553984K,   0% used [0x00007f14e8600000, 0x00007f14e8600000, 0x00007f1547390000)
  from space 194176K,   3% used [0x00007f1547390000, 0x00007f15479e04a8, 0x00007f1553130000)
  to   space 194176K,   0% used [0x00007f1553130000, 0x00007f1553130000, 0x00007f155eed0000)
 tenured generation   total 3884588K, used 3882965K [0x00007f1a3db50000, 0x00007f1b2acdb000, 0x00007f24e8600000)
   the space 3884588K,  99% used [0x00007f1a3db50000, 0x00007f1b2ab456c8, 0x00007f1b2ab45800, 0x00007f1b2acdb000)
 Metaspace       used 24278K, capacity 24713K, committed 24832K, reserved 26624K
}
Event: 12146.732 GC heap before
{Heap before GC invocations=15545 (full 3):
 def new generation   total 1748160K, used 1560449K [0x00007f14e8600000, 0x00007f155eed0000, 0x00007f1a3db50000)
  eden space 1553984K, 100% used [0x00007f14e8600000, 0x00007f1547390000, 0x00007f1547390000)
  from space 194176K,   3% used [0x00007f1547390000, 0x00007f15479e04a8, 0x00007f1553130000)
  to   space 194176K,   0% used [0x00007f1553130000, 0x00007f1553130000, 0x00007f155eed0000)
 tenured generation   total 3884588K, used 3882965K [0x00007f1a3db50000, 0x00007f1b2acdb000, 0x00007f24e8600000)
   the space 3884588K,  99% used [0x00007f1a3db50000, 0x00007f1b2ab456c8, 0x00007f1b2ab45800, 0x00007f1b2acdb000)
 Metaspace       used 24278K, capacity 24713K, committed 24832K, reserved 26624K
}
Event: 12146.750 GC heap after
{Heap after GC invocations=15546 (full 3):
 def new generation   total 1748160K, used 6462K [0x00007f14e8600000, 0x00007f155eed0000, 0x00007f1a3db50000)
  eden space 1553984K,   0% used [0x00007f14e8600000, 0x00007f14e8600000, 0x00007f1547390000)
  from space 194176K,   3% used [0x00007f1553130000, 0x00007f155377fba0, 0x00007f155eed0000)
  to   space 194176K,   0% used [0x00007f1547390000, 0x00007f1547390000, 0x00007f1553130000)
 tenured generation   total 3884588K, used 3883396K [0x00007f1a3db50000, 0x00007f1b2acdb000, 0x00007f24e8600000)
   the space 3884588K,  99% used [0x00007f1a3db50000, 0x00007f1b2abb1278, 0x00007f1b2abb1400, 0x00007f1b2acdb000)
 Metaspace       used 24278K, capacity 24713K, committed 24832K, reserved 26624K
}
Event: 12148.147 GC heap before
{Heap before GC invocations=15546 (full 3):
 def new generation   total 1748160K, used 1560446K [0x00007f14e8600000, 0x00007f155eed0000, 0x00007f1a3db50000)
  eden space 1553984K, 100% used [0x00007f14e8600000, 0x00007f1547390000, 0x00007f1547390000)
  from space 194176K,   3% used [0x00007f1553130000, 0x00007f155377fba0, 0x00007f155eed0000)
  to   space 194176K,   0% used [0x00007f1547390000, 0x00007f1547390000, 0x00007f1553130000)
 tenured generation   total 3884588K, used 3883396K [0x00007f1a3db50000, 0x00007f1b2acdb000, 0x00007f24e8600000)
   the space 3884588K,  99% used [0x00007f1a3db50000, 0x00007f1b2abb1278, 0x00007f1b2abb1400, 0x00007f1b2acdb000)
 Metaspace       used 24278K, capacity 24713K, committed 24832K, reserved 26624K
}
Event: 12148.166 GC heap after
{Heap after GC invocations=15547 (full 3):
 def new generation   total 1748160K, used 6493K [0x00007f14e8600000, 0x00007f155eed0000, 0x00007f1a3db50000)
  eden space 1553984K,   0% used [0x00007f14e8600000, 0x00007f14e8600000, 0x00007f1547390000)
  from space 194176K,   3% used [0x00007f1547390000, 0x00007f15479e7788, 0x00007f1553130000)
  to   space 194176K,   0% used [0x00007f1553130000, 0x00007f1553130000, 0x00007f155eed0000)
 tenured generation   total 3884588K, used 3883827K [0x00007f1a3db50000, 0x00007f1b2acdb000, 0x00007f24e8600000)
   the space 3884588K,  99% used [0x00007f1a3db50000, 0x00007f1b2ac1cc78, 0x00007f1b2ac1ce00, 0x00007f1b2acdb000)
 Metaspace       used 24278K, capacity 24713K, committed 24832K, reserved 26624K
}
Event: 12149.582 GC heap before
{Heap before GC invocations=15547 (full 3):
 def new generation   total 1748160K, used 1560477K [0x00007f14e8600000, 0x00007f155eed0000, 0x00007f1a3db50000)
  eden space 1553984K, 100% used [0x00007f14e8600000, 0x00007f1547390000, 0x00007f1547390000)
  from space 194176K,   3% used [0x00007f1547390000, 0x00007f15479e7788, 0x00007f1553130000)
  to   space 194176K,   0% used [0x00007f1553130000, 0x00007f1553130000, 0x00007f155eed0000)
 tenured generation   total 3884588K, used 3883827K [0x00007f1a3db50000, 0x00007f1b2acdb000, 0x00007f24e8600000)
   the space 3884588K,  99% used [0x00007f1a3db50000, 0x00007f1b2ac1cc78, 0x00007f1b2ac1ce00, 0x00007f1b2acdb000)
 Metaspace       used 24278K, capacity 24713K, committed 24832K, reserved 26624K
}
Event: 12149.599 GC heap after
{Heap after GC invocations=15548 (full 3):
 def new generation   total 1748160K, used 6482K [0x00007f14e8600000, 0x00007f155eed0000, 0x00007f1a3db50000)
  eden space 1553984K,   0% used [0x00007f14e8600000, 0x00007f14e8600000, 0x00007f1547390000)
  from space 194176K,   3% used [0x00007f1553130000, 0x00007f1553784bb0, 0x00007f155eed0000)
  to   space 194176K,   0% used [0x00007f1547390000, 0x00007f1547390000, 0x00007f1553130000)
 tenured generation   total 3884588K, used 3884257K [0x00007f1a3db50000, 0x00007f1b2acdb000, 0x00007f24e8600000)
   the space 3884588K,  99% used [0x00007f1a3db50000, 0x00007f1b2ac88678, 0x00007f1b2ac88800, 0x00007f1b2acdb000)
 Metaspace       used 24278K, capacity 24713K, committed 24832K, reserved 26624K
}
Event: 12151.035 GC heap before
{Heap before GC invocations=15548 (full 3):
 def new generation   total 1748160K, used 1560466K [0x00007f14e8600000, 0x00007f155eed0000, 0x00007f1a3db50000)
  eden space 1553984K, 100% used [0x00007f14e8600000, 0x00007f1547390000, 0x00007f1547390000)
  from space 194176K,   3% used [0x00007f1553130000, 0x00007f1553784bb0, 0x00007f155eed0000)
  to   space 194176K,   0% used [0x00007f1547390000, 0x00007f1547390000, 0x00007f1553130000)
 tenured generation   total 3884588K, used 3884257K [0x00007f1a3db50000, 0x00007f1b2acdb000, 0x00007f24e8600000)
   the space 3884588K,  99% used [0x00007f1a3db50000, 0x00007f1b2ac88678, 0x00007f1b2ac88800, 0x00007f1b2acdb000)
 Metaspace       used 24278K, capacity 24713K, committed 24832K, reserved 26624K
}
Event: 12151.057 GC heap after
{Heap after GC invocations=15549 (full 3):
 def new generation   total 1748160K, used 6461K [0x00007f14e8600000, 0x00007f155eed0000, 0x00007f1a3db50000)
  eden space 1553984K,   0% used [0x00007f14e8600000, 0x00007f14e8600000, 0x00007f1547390000)
  from space 194176K,   3% used [0x00007f1547390000, 0x00007f15479df678, 0x00007f1553130000)
  to   space 194176K,   0% used [0x00007f1553130000, 0x00007f1553130000, 0x00007f155eed0000)
 tenured generation   total 3884780K, used 3884709K [0x00007f1a3db50000, 0x00007f1b2ad0b000, 0x00007f24e8600000)
   the space 3884780K,  99% used [0x00007f1a3db50000, 0x00007f1b2acf97c8, 0x00007f1b2acf9800, 0x00007f1b2ad0b000)
 Metaspace       used 24278K, capacity 24713K, committed 24832K, reserved 26624K
}
Event: 12151.057 GC heap before
{Heap before GC invocations=15549 (full 3):
 def new generation   total 1748160K, used 6461K [0x00007f14e8600000, 0x00007f155eed0000, 0x00007f1a3db50000)
  eden space 1553984K,   0% used [0x00007f14e8600000, 0x00007f14e8600000, 0x00007f1547390000)
  from space 194176K,   3% used [0x00007f1547390000, 0x00007f15479df678, 0x00007f1553130000)
  to   space 194176K,   0% used [0x00007f1553130000, 0x00007f1553130000, 0x00007f155eed0000)
 tenured generation   total 3884780K, used 3884709K [0x00007f1a3db50000, 0x00007f1b2ad0b000, 0x00007f24e8600000)
   the space 3884780K,  99% used [0x00007f1a3db50000, 0x00007f1b2acf97c8, 0x00007f1b2acf9800, 0x00007f1b2ad0b000)
 Metaspace       used 24278K, capacity 24713K, committed 24832K, reserved 26624K
}

