# JRE version: OpenJDK Runtime Environment (13.0.7+5) (build 13.0.7+5-Ubuntu-0ubuntu120.04)
# Java VM: OpenJDK 64-Bit Server VM (13.0.7+5-Ubuntu-0ubuntu120.04, mixed mode, tiered, serial gc, linux-amd64)
Heap:
 def new generation   total 1049088K, used 13623K [0x00007ef734600000, 0x00007ef77b850000, 0x00007efc89b50000)
  eden space 932544K,   1% used [0x00007ef734600000, 0x00007ef73534dce8, 0x00007ef76d4b0000)
  from space 116544K,   0% used [0x00007ef774680000, 0x00007ef774680000, 0x00007ef77b850000)
  to   space 116544K,   0% used [0x00007ef76d4b0000, 0x00007ef76d4b0000, 0x00007ef774680000)
 tenured generation   total 2331968K, used 2331967K [0x00007efc89b50000, 0x00007efd180a0000, 0x00007f0734600000)
   the space 2331968K,  99% used [0x00007efc89b50000, 0x00007efd1809ffd8, 0x00007efd180a0000, 0x00007efd180a0000)
 Metaspace       used 24237K, capacity 24651K, committed 24832K, reserved 26624K
GC Heap History (20 events):
Event: 2165.280 GC heap after
{Heap after GC invocations=3579 (full 2):
 def new generation   total 1049088K, used 13691K [0x00007ef734600000, 0x00007ef77b850000, 0x00007efc89b50000)
  eden space 932544K,   0% used [0x00007ef734600000, 0x00007ef734600000, 0x00007ef76d4b0000)
  from space 116544K,  11% used [0x00007ef76d4b0000, 0x00007ef76e20ee88, 0x00007ef774680000)
  to   space 116544K,   0% used [0x00007ef774680000, 0x00007ef774680000, 0x00007ef77b850000)
 tenured generation   total 2331200K, used 2323703K [0x00007efc89b50000, 0x00007efd17fe0000, 0x00007f0734600000)
   the space 2331200K,  99% used [0x00007efc89b50000, 0x00007efd1788dc70, 0x00007efd1788de00, 0x00007efd17fe0000)
 Metaspace       used 24237K, capacity 24651K, committed 24832K, reserved 26624K
}
Event: 2166.064 GC heap before
{Heap before GC invocations=3579 (full 2):
 def new generation   total 1049088K, used 946235K [0x00007ef734600000, 0x00007ef77b850000, 0x00007efc89b50000)
  eden space 932544K, 100% used [0x00007ef734600000, 0x00007ef76d4b0000, 0x00007ef76d4b0000)
  from space 116544K,  11% used [0x00007ef76d4b0000, 0x00007ef76e20ee88, 0x00007ef774680000)
  to   space 116544K,   0% used [0x00007ef774680000, 0x00007ef774680000, 0x00007ef77b850000)
 tenured generation   total 2331200K, used 2323703K [0x00007efc89b50000, 0x00007efd17fe0000, 0x00007f0734600000)
   the space 2331200K,  99% used [0x00007efc89b50000, 0x00007efd1788dc70, 0x00007efd1788de00, 0x00007efd17fe0000)
 Metaspace       used 24237K, capacity 24651K, committed 24832K, reserved 26624K
}
Event: 2166.100 GC heap after
{Heap after GC invocations=3580 (full 2):
 def new generation   total 1049088K, used 13687K [0x00007ef734600000, 0x00007ef77b850000, 0x00007efc89b50000)
  eden space 932544K,   0% used [0x00007ef734600000, 0x00007ef734600000, 0x00007ef76d4b0000)
  from space 116544K,  11% used [0x00007ef774680000, 0x00007ef7753ddca0, 0x00007ef77b850000)
  to   space 116544K,   0% used [0x00007ef76d4b0000, 0x00007ef76d4b0000, 0x00007ef774680000)
 tenured generation   total 2331200K, used 2324624K [0x00007efc89b50000, 0x00007efd17fe0000, 0x00007f0734600000)
   the space 2331200K,  99% used [0x00007efc89b50000, 0x00007efd17974040, 0x00007efd17974200, 0x00007efd17fe0000)
 Metaspace       used 24237K, capacity 24651K, committed 24832K, reserved 26624K
}
Event: 2166.908 GC heap before
{Heap before GC invocations=3580 (full 2):
 def new generation   total 1049088K, used 946231K [0x00007ef734600000, 0x00007ef77b850000, 0x00007efc89b50000)
  eden space 932544K, 100% used [0x00007ef734600000, 0x00007ef76d4b0000, 0x00007ef76d4b0000)
  from space 116544K,  11% used [0x00007ef774680000, 0x00007ef7753ddca0, 0x00007ef77b850000)
  to   space 116544K,   0% used [0x00007ef76d4b0000, 0x00007ef76d4b0000, 0x00007ef774680000)
 tenured generation   total 2331200K, used 2324624K [0x00007efc89b50000, 0x00007efd17fe0000, 0x00007f0734600000)
   the space 2331200K,  99% used [0x00007efc89b50000, 0x00007efd17974040, 0x00007efd17974200, 0x00007efd17fe0000)
 Metaspace       used 24237K, capacity 24651K, committed 24832K, reserved 26624K
}
Event: 2166.942 GC heap after
{Heap after GC invocations=3581 (full 2):
 def new generation   total 1049088K, used 13682K [0x00007ef734600000, 0x00007ef77b850000, 0x00007efc89b50000)
  eden space 932544K,   0% used [0x00007ef734600000, 0x00007ef734600000, 0x00007ef76d4b0000)
  from space 116544K,  11% used [0x00007ef76d4b0000, 0x00007ef76e20c8d0, 0x00007ef774680000)
  to   space 116544K,   0% used [0x00007ef774680000, 0x00007ef774680000, 0x00007ef77b850000)
 tenured generation   total 2331200K, used 2325545K [0x00007efc89b50000, 0x00007efd17fe0000, 0x00007f0734600000)
   the space 2331200K,  99% used [0x00007efc89b50000, 0x00007efd17a5a410, 0x00007efd17a5a600, 0x00007efd17fe0000)
 Metaspace       used 24237K, capacity 24651K, committed 24832K, reserved 26624K
}
Event: 2167.711 GC heap before
{Heap before GC invocations=3581 (full 2):
 def new generation   total 1049088K, used 946226K [0x00007ef734600000, 0x00007ef77b850000, 0x00007efc89b50000)
  eden space 932544K, 100% used [0x00007ef734600000, 0x00007ef76d4b0000, 0x00007ef76d4b0000)
  from space 116544K,  11% used [0x00007ef76d4b0000, 0x00007ef76e20c8d0, 0x00007ef774680000)
  to   space 116544K,   0% used [0x00007ef774680000, 0x00007ef774680000, 0x00007ef77b850000)
 tenured generation   total 2331200K, used 2325545K [0x00007efc89b50000, 0x00007efd17fe0000, 0x00007f0734600000)
   the space 2331200K,  99% used [0x00007efc89b50000, 0x00007efd17a5a410, 0x00007efd17a5a600, 0x00007efd17fe0000)
 Metaspace       used 24237K, capacity 24651K, committed 24832K, reserved 26624K
}
Event: 2167.742 GC heap after
{Heap after GC invocations=3582 (full 2):
 def new generation   total 1049088K, used 13677K [0x00007ef734600000, 0x00007ef77b850000, 0x00007efc89b50000)
  eden space 932544K,   0% used [0x00007ef734600000, 0x00007ef734600000, 0x00007ef76d4b0000)
  from space 116544K,  11% used [0x00007ef774680000, 0x00007ef7753db4f8, 0x00007ef77b850000)
  to   space 116544K,   0% used [0x00007ef76d4b0000, 0x00007ef76d4b0000, 0x00007ef774680000)
 tenured generation   total 2331200K, used 2326470K [0x00007efc89b50000, 0x00007efd17fe0000, 0x00007f0734600000)
   the space 2331200K,  99% used [0x00007efc89b50000, 0x00007efd17b41920, 0x00007efd17b41a00, 0x00007efd17fe0000)
 Metaspace       used 24237K, capacity 24651K, committed 24832K, reserved 26624K
}
Event: 2168.509 GC heap before
{Heap before GC invocations=3582 (full 2):
 def new generation   total 1049088K, used 946221K [0x00007ef734600000, 0x00007ef77b850000, 0x00007efc89b50000)
  eden space 932544K, 100% used [0x00007ef734600000, 0x00007ef76d4b0000, 0x00007ef76d4b0000)
  from space 116544K,  11% used [0x00007ef774680000, 0x00007ef7753db4f8, 0x00007ef77b850000)
  to   space 116544K,   0% used [0x00007ef76d4b0000, 0x00007ef76d4b0000, 0x00007ef774680000)
 tenured generation   total 2331200K, used 2326470K [0x00007efc89b50000, 0x00007efd17fe0000, 0x00007f0734600000)
   the space 2331200K,  99% used [0x00007efc89b50000, 0x00007efd17b41920, 0x00007efd17b41a00, 0x00007efd17fe0000)
 Metaspace       used 24237K, capacity 24651K, committed 24832K, reserved 26624K
}
Event: 2168.547 GC heap after
{Heap after GC invocations=3583 (full 2):
 def new generation   total 1049088K, used 13619K [0x00007ef734600000, 0x00007ef77b850000, 0x00007efc89b50000)
  eden space 932544K,   0% used [0x00007ef734600000, 0x00007ef734600000, 0x00007ef76d4b0000)
  from space 116544K,  11% used [0x00007ef76d4b0000, 0x00007ef76e1fcc00, 0x00007ef774680000)
  to   space 116544K,   0% used [0x00007ef774680000, 0x00007ef774680000, 0x00007ef77b850000)
 tenured generation   total 2331200K, used 2327378K [0x00007efc89b50000, 0x00007efd17fe0000, 0x00007f0734600000)
   the space 2331200K,  99% used [0x00007efc89b50000, 0x00007efd17c24b28, 0x00007efd17c24c00, 0x00007efd17fe0000)
 Metaspace       used 24237K, capacity 24651K, committed 24832K, reserved 26624K
}
Event: 2169.365 GC heap before
{Heap before GC invocations=3583 (full 2):
 def new generation   total 1049088K, used 946163K [0x00007ef734600000, 0x00007ef77b850000, 0x00007efc89b50000)
  eden space 932544K, 100% used [0x00007ef734600000, 0x00007ef76d4b0000, 0x00007ef76d4b0000)
  from space 116544K,  11% used [0x00007ef76d4b0000, 0x00007ef76e1fcc00, 0x00007ef774680000)
  to   space 116544K,   0% used [0x00007ef774680000, 0x00007ef774680000, 0x00007ef77b850000)
 tenured generation   total 2331200K, used 2327378K [0x00007efc89b50000, 0x00007efd17fe0000, 0x00007f0734600000)
   the space 2331200K,  99% used [0x00007efc89b50000, 0x00007efd17c24b28, 0x00007efd17c24c00, 0x00007efd17fe0000)
 Metaspace       used 24237K, capacity 24651K, committed 24832K, reserved 26624K
}
Event: 2169.393 GC heap after
{Heap after GC invocations=3584 (full 2):
 def new generation   total 1049088K, used 13678K [0x00007ef734600000, 0x00007ef77b850000, 0x00007efc89b50000)
  eden space 932544K,   0% used [0x00007ef734600000, 0x00007ef734600000, 0x00007ef76d4b0000)
  from space 116544K,  11% used [0x00007ef774680000, 0x00007ef7753dba50, 0x00007ef77b850000)
  to   space 116544K,   0% used [0x00007ef76d4b0000, 0x00007ef76d4b0000, 0x00007ef774680000)
 tenured generation   total 2331200K, used 2328236K [0x00007efc89b50000, 0x00007efd17fe0000, 0x00007f0734600000)
   the space 2331200K,  99% used [0x00007efc89b50000, 0x00007efd17cfb3c8, 0x00007efd17cfb400, 0x00007efd17fe0000)
 Metaspace       used 24237K, capacity 24651K, committed 24832K, reserved 26624K
}
Event: 2170.205 GC heap before
{Heap before GC invocations=3584 (full 2):
 def new generation   total 1049088K, used 946222K [0x00007ef734600000, 0x00007ef77b850000, 0x00007efc89b50000)
  eden space 932544K, 100% used [0x00007ef734600000, 0x00007ef76d4b0000, 0x00007ef76d4b0000)
  from space 116544K,  11% used [0x00007ef774680000, 0x00007ef7753dba50, 0x00007ef77b850000)
  to   space 116544K,   0% used [0x00007ef76d4b0000, 0x00007ef76d4b0000, 0x00007ef774680000)
 tenured generation   total 2331200K, used 2328236K [0x00007efc89b50000, 0x00007efd17fe0000, 0x00007f0734600000)
   the space 2331200K,  99% used [0x00007efc89b50000, 0x00007efd17cfb3c8, 0x00007efd17cfb400, 0x00007efd17fe0000)
 Metaspace       used 24237K, capacity 24651K, committed 24832K, reserved 26624K
}
Event: 2170.237 GC heap after
{Heap after GC invocations=3585 (full 2):
 def new generation   total 1049088K, used 13680K [0x00007ef734600000, 0x00007ef77b850000, 0x00007efc89b50000)
  eden space 932544K,   0% used [0x00007ef734600000, 0x00007ef734600000, 0x00007ef76d4b0000)
  from space 116544K,  11% used [0x00007ef76d4b0000, 0x00007ef76e20c220, 0x00007ef774680000)
  to   space 116544K,   0% used [0x00007ef774680000, 0x00007ef774680000, 0x00007ef77b850000)
 tenured generation   total 2331200K, used 2329157K [0x00007efc89b50000, 0x00007efd17fe0000, 0x00007f0734600000)
   the space 2331200K,  99% used [0x00007efc89b50000, 0x00007efd17de1798, 0x00007efd17de1800, 0x00007efd17fe0000)
 Metaspace       used 24237K, capacity 24651K, committed 24832K, reserved 26624K
}
Event: 2171.011 GC heap before
{Heap before GC invocations=3585 (full 2):
 def new generation   total 1049088K, used 946224K [0x00007ef734600000, 0x00007ef77b850000, 0x00007efc89b50000)
  eden space 932544K, 100% used [0x00007ef734600000, 0x00007ef76d4b0000, 0x00007ef76d4b0000)
  from space 116544K,  11% used [0x00007ef76d4b0000, 0x00007ef76e20c220, 0x00007ef774680000)
  to   space 116544K,   0% used [0x00007ef774680000, 0x00007ef774680000, 0x00007ef77b850000)
 tenured generation   total 2331200K, used 2329157K [0x00007efc89b50000, 0x00007efd17fe0000, 0x00007f0734600000)
   the space 2331200K,  99% used [0x00007efc89b50000, 0x00007efd17de1798, 0x00007efd17de1800, 0x00007efd17fe0000)
 Metaspace       used 24237K, capacity 24651K, committed 24832K, reserved 26624K
}
Event: 2171.045 GC heap after
{Heap after GC invocations=3586 (full 2):
 def new generation   total 1049088K, used 13688K [0x00007ef734600000, 0x00007ef77b850000, 0x00007efc89b50000)
  eden space 932544K,   0% used [0x00007ef734600000, 0x00007ef734600000, 0x00007ef76d4b0000)
  from space 116544K,  11% used [0x00007ef774680000, 0x00007ef7753de2f8, 0x00007ef77b850000)
  to   space 116544K,   0% used [0x00007ef76d4b0000, 0x00007ef76d4b0000, 0x00007ef774680000)
 tenured generation   total 2331200K, used 2330066K [0x00007efc89b50000, 0x00007efd17fe0000, 0x00007f0734600000)
   the space 2331200K,  99% used [0x00007efc89b50000, 0x00007efd17ec49a0, 0x00007efd17ec4a00, 0x00007efd17fe0000)
 Metaspace       used 24237K, capacity 24651K, committed 24832K, reserved 26624K
}
Event: 2171.853 GC heap before
{Heap before GC invocations=3586 (full 2):
 def new generation   total 1049088K, used 946232K [0x00007ef734600000, 0x00007ef77b850000, 0x00007efc89b50000)
  eden space 932544K, 100% used [0x00007ef734600000, 0x00007ef76d4b0000, 0x00007ef76d4b0000)
  from space 116544K,  11% used [0x00007ef774680000, 0x00007ef7753de2f8, 0x00007ef77b850000)
  to   space 116544K,   0% used [0x00007ef76d4b0000, 0x00007ef76d4b0000, 0x00007ef774680000)
 tenured generation   total 2331200K, used 2330066K [0x00007efc89b50000, 0x00007efd17fe0000, 0x00007f0734600000)
   the space 2331200K,  99% used [0x00007efc89b50000, 0x00007efd17ec49a0, 0x00007efd17ec4a00, 0x00007efd17fe0000)
 Metaspace       used 24237K, capacity 24651K, committed 24832K, reserved 26624K
}
Event: 2171.890 GC heap after
{Heap after GC invocations=3587 (full 2):
 def new generation   total 1049088K, used 13682K [0x00007ef734600000, 0x00007ef77b850000, 0x00007efc89b50000)
  eden space 932544K,   0% used [0x00007ef734600000, 0x00007ef734600000, 0x00007ef76d4b0000)
  from space 116544K,  11% used [0x00007ef76d4b0000, 0x00007ef76e20cab0, 0x00007ef774680000)
  to   space 116544K,   0% used [0x00007ef774680000, 0x00007ef774680000, 0x00007ef77b850000)
 tenured generation   total 2331200K, used 2330987K [0x00007efc89b50000, 0x00007efd17fe0000, 0x00007f0734600000)
   the space 2331200K,  99% used [0x00007efc89b50000, 0x00007efd17faad70, 0x00007efd17faae00, 0x00007efd17fe0000)
 Metaspace       used 24237K, capacity 24651K, committed 24832K, reserved 26624K
}
Event: 2172.704 GC heap before
{Heap before GC invocations=3587 (full 2):
 def new generation   total 1049088K, used 946226K [0x00007ef734600000, 0x00007ef77b850000, 0x00007efc89b50000)
  eden space 932544K, 100% used [0x00007ef734600000, 0x00007ef76d4b0000, 0x00007ef76d4b0000)
  from space 116544K,  11% used [0x00007ef76d4b0000, 0x00007ef76e20cab0, 0x00007ef774680000)
  to   space 116544K,   0% used [0x00007ef774680000, 0x00007ef774680000, 0x00007ef77b850000)
 tenured generation   total 2331200K, used 2330987K [0x00007efc89b50000, 0x00007efd17fe0000, 0x00007f0734600000)
   the space 2331200K,  99% used [0x00007efc89b50000, 0x00007efd17faad70, 0x00007efd17faae00, 0x00007efd17fe0000)
 Metaspace       used 24237K, capacity 24651K, committed 24832K, reserved 26624K
}
Event: 2172.741 GC heap after
{Heap after GC invocations=3588 (full 2):
 def new generation   total 1049088K, used 13682K [0x00007ef734600000, 0x00007ef77b850000, 0x00007efc89b50000)
  eden space 932544K,   0% used [0x00007ef734600000, 0x00007ef734600000, 0x00007ef76d4b0000)
  from space 116544K,  11% used [0x00007ef774680000, 0x00007ef7753dcb80, 0x00007ef77b850000)
  to   space 116544K,   0% used [0x00007ef76d4b0000, 0x00007ef76d4b0000, 0x00007ef774680000)
 tenured generation   total 2331968K, used 2331908K [0x00007efc89b50000, 0x00007efd180a0000, 0x00007f0734600000)
   the space 2331968K,  99% used [0x00007efc89b50000, 0x00007efd18091140, 0x00007efd18091200, 0x00007efd180a0000)
 Metaspace       used 24237K, capacity 24651K, committed 24832K, reserved 26624K
}
Event: 2172.741 GC heap before
{Heap before GC invocations=3588 (full 2):
 def new generation   total 1049088K, used 13682K [0x00007ef734600000, 0x00007ef77b850000, 0x00007efc89b50000)
  eden space 932544K,   0% used [0x00007ef734600000, 0x00007ef734600000, 0x00007ef76d4b0000)
  from space 116544K,  11% used [0x00007ef774680000, 0x00007ef7753dcb80, 0x00007ef77b850000)
  to   space 116544K,   0% used [0x00007ef76d4b0000, 0x00007ef76d4b0000, 0x00007ef774680000)
 tenured generation   total 2331968K, used 2331908K [0x00007efc89b50000, 0x00007efd180a0000, 0x00007f0734600000)
   the space 2331968K,  99% used [0x00007efc89b50000, 0x00007efd18091140, 0x00007efd18091200, 0x00007efd180a0000)
 Metaspace       used 24237K, capacity 24651K, committed 24832K, reserved 26624K
}

