# JRE version: OpenJDK Runtime Environment (13.0.7+5) (build 13.0.7+5-Ubuntu-0ubuntu120.04)
# Java VM: OpenJDK 64-Bit Server VM (13.0.7+5-Ubuntu-0ubuntu120.04, mixed mode, tiered, serial gc, linux-amd64)
Heap:
 def new generation   total 1049280K, used 18728K [0x00007fbc84600000, 0x00007fbccb880000, 0x00007fc1d9b50000)
  eden space 932736K,   2% used [0x00007fbc84600000, 0x00007fbc8584a370, 0x00007fbcbd4e0000)
  from space 116544K,   0% used [0x00007fbcbd4e0000, 0x00007fbcbd4e0000, 0x00007fbcc46b0000)
  to   space 116544K,   0% used [0x00007fbcc46b0000, 0x00007fbcc46b0000, 0x00007fbccb880000)
 tenured generation   total 2332096K, used 2332092K [0x00007fc1d9b50000, 0x00007fc2680c0000, 0x00007fcc84600000)
   the space 2332096K,  99% used [0x00007fc1d9b50000, 0x00007fc2680bf388, 0x00007fc2680bf400, 0x00007fc2680c0000)
 Metaspace       used 24339K, capacity 24753K, committed 24832K, reserved 26624K
GC Heap History (20 events):
Event: 641.527 GC heap after
{Heap after GC invocations=2460 (full 2):
 def new generation   total 1049280K, used 21013K [0x00007fbc84600000, 0x00007fbccb880000, 0x00007fc1d9b50000)
  eden space 932736K,   0% used [0x00007fbc84600000, 0x00007fbc84600000, 0x00007fbcbd4e0000)
  from space 116544K,  18% used [0x00007fbcc46b0000, 0x00007fbcc5b35510, 0x00007fbccb880000)
  to   space 116544K,   0% used [0x00007fbcbd4e0000, 0x00007fbcbd4e0000, 0x00007fbcc46b0000)
 tenured generation   total 2331520K, used 2318259K [0x00007fc1d9b50000, 0x00007fc268030000, 0x00007fcc84600000)
   the space 2331520K,  99% used [0x00007fc1d9b50000, 0x00007fc26733ce48, 0x00007fc26733d000, 0x00007fc268030000)
 Metaspace       used 24339K, capacity 24753K, committed 24832K, reserved 26624K
}
Event: 641.855 GC heap before
{Heap before GC invocations=2460 (full 2):
 def new generation   total 1049280K, used 953749K [0x00007fbc84600000, 0x00007fbccb880000, 0x00007fc1d9b50000)
  eden space 932736K, 100% used [0x00007fbc84600000, 0x00007fbcbd4e0000, 0x00007fbcbd4e0000)
  from space 116544K,  18% used [0x00007fbcc46b0000, 0x00007fbcc5b35510, 0x00007fbccb880000)
  to   space 116544K,   0% used [0x00007fbcbd4e0000, 0x00007fbcbd4e0000, 0x00007fbcc46b0000)
 tenured generation   total 2331520K, used 2318259K [0x00007fc1d9b50000, 0x00007fc268030000, 0x00007fcc84600000)
   the space 2331520K,  99% used [0x00007fc1d9b50000, 0x00007fc26733ce48, 0x00007fc26733d000, 0x00007fc268030000)
 Metaspace       used 24339K, capacity 24753K, committed 24832K, reserved 26624K
}
Event: 641.877 GC heap after
{Heap after GC invocations=2461 (full 2):
 def new generation   total 1049280K, used 20408K [0x00007fbc84600000, 0x00007fbccb880000, 0x00007fc1d9b50000)
  eden space 932736K,   0% used [0x00007fbc84600000, 0x00007fbc84600000, 0x00007fbcbd4e0000)
  from space 116544K,  17% used [0x00007fbcbd4e0000, 0x00007fbcbe8ce098, 0x00007fbcc46b0000)
  to   space 116544K,   0% used [0x00007fbcc46b0000, 0x00007fbcc46b0000, 0x00007fbccb880000)
 tenured generation   total 2331520K, used 2319924K [0x00007fc1d9b50000, 0x00007fc268030000, 0x00007fcc84600000)
   the space 2331520K,  99% used [0x00007fc1d9b50000, 0x00007fc2674dd0b8, 0x00007fc2674dd200, 0x00007fc268030000)
 Metaspace       used 24339K, capacity 24753K, committed 24832K, reserved 26624K
}
Event: 642.213 GC heap before
{Heap before GC invocations=2461 (full 2):
 def new generation   total 1049280K, used 953144K [0x00007fbc84600000, 0x00007fbccb880000, 0x00007fc1d9b50000)
  eden space 932736K, 100% used [0x00007fbc84600000, 0x00007fbcbd4e0000, 0x00007fbcbd4e0000)
  from space 116544K,  17% used [0x00007fbcbd4e0000, 0x00007fbcbe8ce098, 0x00007fbcc46b0000)
  to   space 116544K,   0% used [0x00007fbcc46b0000, 0x00007fbcc46b0000, 0x00007fbccb880000)
 tenured generation   total 2331520K, used 2319924K [0x00007fc1d9b50000, 0x00007fc268030000, 0x00007fcc84600000)
   the space 2331520K,  99% used [0x00007fc1d9b50000, 0x00007fc2674dd0b8, 0x00007fc2674dd200, 0x00007fc268030000)
 Metaspace       used 24339K, capacity 24753K, committed 24832K, reserved 26624K
}
Event: 642.236 GC heap after
{Heap after GC invocations=2462 (full 2):
 def new generation   total 1049280K, used 19384K [0x00007fbc84600000, 0x00007fbccb880000, 0x00007fc1d9b50000)
  eden space 932736K,   0% used [0x00007fbc84600000, 0x00007fbc84600000, 0x00007fbcbd4e0000)
  from space 116544K,  16% used [0x00007fbcc46b0000, 0x00007fbcc599e070, 0x00007fbccb880000)
  to   space 116544K,   0% used [0x00007fbcbd4e0000, 0x00007fbcbd4e0000, 0x00007fbcc46b0000)
 tenured generation   total 2331520K, used 2322004K [0x00007fc1d9b50000, 0x00007fc268030000, 0x00007fcc84600000)
   the space 2331520K,  99% used [0x00007fc1d9b50000, 0x00007fc2676e5308, 0x00007fc2676e5400, 0x00007fc268030000)
 Metaspace       used 24339K, capacity 24753K, committed 24832K, reserved 26624K
}
Event: 642.563 GC heap before
{Heap before GC invocations=2462 (full 2):
 def new generation   total 1049280K, used 952120K [0x00007fbc84600000, 0x00007fbccb880000, 0x00007fc1d9b50000)
  eden space 932736K, 100% used [0x00007fbc84600000, 0x00007fbcbd4e0000, 0x00007fbcbd4e0000)
  from space 116544K,  16% used [0x00007fbcc46b0000, 0x00007fbcc599e070, 0x00007fbccb880000)
  to   space 116544K,   0% used [0x00007fbcbd4e0000, 0x00007fbcbd4e0000, 0x00007fbcc46b0000)
 tenured generation   total 2331520K, used 2322004K [0x00007fc1d9b50000, 0x00007fc268030000, 0x00007fcc84600000)
   the space 2331520K,  99% used [0x00007fc1d9b50000, 0x00007fc2676e5308, 0x00007fc2676e5400, 0x00007fc268030000)
 Metaspace       used 24339K, capacity 24753K, committed 24832K, reserved 26624K
}
Event: 642.582 GC heap after
{Heap after GC invocations=2463 (full 2):
 def new generation   total 1049280K, used 19490K [0x00007fbc84600000, 0x00007fbccb880000, 0x00007fc1d9b50000)
  eden space 932736K,   0% used [0x00007fbc84600000, 0x00007fbc84600000, 0x00007fbcbd4e0000)
  from space 116544K,  16% used [0x00007fbcbd4e0000, 0x00007fbcbe7e8a28, 0x00007fbcc46b0000)
  to   space 116544K,   0% used [0x00007fbcc46b0000, 0x00007fbcc46b0000, 0x00007fbccb880000)
 tenured generation   total 2331520K, used 2323405K [0x00007fc1d9b50000, 0x00007fc268030000, 0x00007fcc84600000)
   the space 2331520K,  99% used [0x00007fc1d9b50000, 0x00007fc267843448, 0x00007fc267843600, 0x00007fc268030000)
 Metaspace       used 24339K, capacity 24753K, committed 24832K, reserved 26624K
}
Event: 642.915 GC heap before
{Heap before GC invocations=2463 (full 2):
 def new generation   total 1049280K, used 952226K [0x00007fbc84600000, 0x00007fbccb880000, 0x00007fc1d9b50000)
  eden space 932736K, 100% used [0x00007fbc84600000, 0x00007fbcbd4e0000, 0x00007fbcbd4e0000)
  from space 116544K,  16% used [0x00007fbcbd4e0000, 0x00007fbcbe7e8a28, 0x00007fbcc46b0000)
  to   space 116544K,   0% used [0x00007fbcc46b0000, 0x00007fbcc46b0000, 0x00007fbccb880000)
 tenured generation   total 2331520K, used 2323405K [0x00007fc1d9b50000, 0x00007fc268030000, 0x00007fcc84600000)
   the space 2331520K,  99% used [0x00007fc1d9b50000, 0x00007fc267843448, 0x00007fc267843600, 0x00007fc268030000)
 Metaspace       used 24339K, capacity 24753K, committed 24832K, reserved 26624K
}
Event: 642.936 GC heap after
{Heap after GC invocations=2464 (full 2):
 def new generation   total 1049280K, used 19238K [0x00007fbc84600000, 0x00007fbccb880000, 0x00007fc1d9b50000)
  eden space 932736K,   0% used [0x00007fbc84600000, 0x00007fbc84600000, 0x00007fbcbd4e0000)
  from space 116544K,  16% used [0x00007fbcc46b0000, 0x00007fbcc5979998, 0x00007fbccb880000)
  to   space 116544K,   0% used [0x00007fbcbd4e0000, 0x00007fbcbd4e0000, 0x00007fbcc46b0000)
 tenured generation   total 2331520K, used 2324720K [0x00007fc1d9b50000, 0x00007fc268030000, 0x00007fcc84600000)
   the space 2331520K,  99% used [0x00007fc1d9b50000, 0x00007fc26798c3e8, 0x00007fc26798c400, 0x00007fc268030000)
 Metaspace       used 24339K, capacity 24753K, committed 24832K, reserved 26624K
}
Event: 643.261 GC heap before
{Heap before GC invocations=2464 (full 2):
 def new generation   total 1049280K, used 951974K [0x00007fbc84600000, 0x00007fbccb880000, 0x00007fc1d9b50000)
  eden space 932736K, 100% used [0x00007fbc84600000, 0x00007fbcbd4e0000, 0x00007fbcbd4e0000)
  from space 116544K,  16% used [0x00007fbcc46b0000, 0x00007fbcc5979998, 0x00007fbccb880000)
  to   space 116544K,   0% used [0x00007fbcbd4e0000, 0x00007fbcbd4e0000, 0x00007fbcc46b0000)
 tenured generation   total 2331520K, used 2324720K [0x00007fc1d9b50000, 0x00007fc268030000, 0x00007fcc84600000)
   the space 2331520K,  99% used [0x00007fc1d9b50000, 0x00007fc26798c3e8, 0x00007fc26798c400, 0x00007fc268030000)
 Metaspace       used 24339K, capacity 24753K, committed 24832K, reserved 26624K
}
Event: 643.280 GC heap after
{Heap after GC invocations=2465 (full 2):
 def new generation   total 1049280K, used 19338K [0x00007fbc84600000, 0x00007fbccb880000, 0x00007fc1d9b50000)
  eden space 932736K,   0% used [0x00007fbc84600000, 0x00007fbc84600000, 0x00007fbcbd4e0000)
  from space 116544K,  16% used [0x00007fbcbd4e0000, 0x00007fbcbe7c2ba8, 0x00007fbcc46b0000)
  to   space 116544K,   0% used [0x00007fbcc46b0000, 0x00007fbcc46b0000, 0x00007fbccb880000)
 tenured generation   total 2331520K, used 2326155K [0x00007fc1d9b50000, 0x00007fc268030000, 0x00007fcc84600000)
   the space 2331520K,  99% used [0x00007fc1d9b50000, 0x00007fc267af2ee0, 0x00007fc267af3000, 0x00007fc268030000)
 Metaspace       used 24339K, capacity 24753K, committed 24832K, reserved 26624K
}
Event: 643.635 GC heap before
{Heap before GC invocations=2465 (full 2):
 def new generation   total 1049280K, used 952074K [0x00007fbc84600000, 0x00007fbccb880000, 0x00007fc1d9b50000)
  eden space 932736K, 100% used [0x00007fbc84600000, 0x00007fbcbd4e0000, 0x00007fbcbd4e0000)
  from space 116544K,  16% used [0x00007fbcbd4e0000, 0x00007fbcbe7c2ba8, 0x00007fbcc46b0000)
  to   space 116544K,   0% used [0x00007fbcc46b0000, 0x00007fbcc46b0000, 0x00007fbccb880000)
 tenured generation   total 2331520K, used 2326155K [0x00007fc1d9b50000, 0x00007fc268030000, 0x00007fcc84600000)
   the space 2331520K,  99% used [0x00007fc1d9b50000, 0x00007fc267af2ee0, 0x00007fc267af3000, 0x00007fc268030000)
 Metaspace       used 24339K, capacity 24753K, committed 24832K, reserved 26624K
}
Event: 643.658 GC heap after
{Heap after GC invocations=2466 (full 2):
 def new generation   total 1049280K, used 20263K [0x00007fbc84600000, 0x00007fbccb880000, 0x00007fc1d9b50000)
  eden space 932736K,   0% used [0x00007fbc84600000, 0x00007fbc84600000, 0x00007fbcbd4e0000)
  from space 116544K,  17% used [0x00007fbcc46b0000, 0x00007fbcc5a79ca8, 0x00007fbccb880000)
  to   space 116544K,   0% used [0x00007fbcbd4e0000, 0x00007fbcbd4e0000, 0x00007fbcc46b0000)
 tenured generation   total 2331520K, used 2327218K [0x00007fc1d9b50000, 0x00007fc268030000, 0x00007fcc84600000)
   the space 2331520K,  99% used [0x00007fc1d9b50000, 0x00007fc267bfc880, 0x00007fc267bfca00, 0x00007fc268030000)
 Metaspace       used 24339K, capacity 24753K, committed 24832K, reserved 26624K
}
Event: 643.990 GC heap before
{Heap before GC invocations=2466 (full 2):
 def new generation   total 1049280K, used 952999K [0x00007fbc84600000, 0x00007fbccb880000, 0x00007fc1d9b50000)
  eden space 932736K, 100% used [0x00007fbc84600000, 0x00007fbcbd4e0000, 0x00007fbcbd4e0000)
  from space 116544K,  17% used [0x00007fbcc46b0000, 0x00007fbcc5a79ca8, 0x00007fbccb880000)
  to   space 116544K,   0% used [0x00007fbcbd4e0000, 0x00007fbcbd4e0000, 0x00007fbcc46b0000)
 tenured generation   total 2331520K, used 2327218K [0x00007fc1d9b50000, 0x00007fc268030000, 0x00007fcc84600000)
   the space 2331520K,  99% used [0x00007fc1d9b50000, 0x00007fc267bfc880, 0x00007fc267bfca00, 0x00007fc268030000)
 Metaspace       used 24339K, capacity 24753K, committed 24832K, reserved 26624K
}
Event: 644.010 GC heap after
{Heap after GC invocations=2467 (full 2):
 def new generation   total 1049280K, used 19463K [0x00007fbc84600000, 0x00007fbccb880000, 0x00007fc1d9b50000)
  eden space 932736K,   0% used [0x00007fbc84600000, 0x00007fbc84600000, 0x00007fbcbd4e0000)
  from space 116544K,  16% used [0x00007fbcbd4e0000, 0x00007fbcbe7e1c08, 0x00007fbcc46b0000)
  to   space 116544K,   0% used [0x00007fbcc46b0000, 0x00007fbcc46b0000, 0x00007fbccb880000)
 tenured generation   total 2331520K, used 2329083K [0x00007fc1d9b50000, 0x00007fc268030000, 0x00007fcc84600000)
   the space 2331520K,  99% used [0x00007fc1d9b50000, 0x00007fc267dced20, 0x00007fc267dcee00, 0x00007fc268030000)
 Metaspace       used 24339K, capacity 24753K, committed 24832K, reserved 26624K
}
Event: 644.337 GC heap before
{Heap before GC invocations=2467 (full 2):
 def new generation   total 1049280K, used 952199K [0x00007fbc84600000, 0x00007fbccb880000, 0x00007fc1d9b50000)
  eden space 932736K, 100% used [0x00007fbc84600000, 0x00007fbcbd4e0000, 0x00007fbcbd4e0000)
  from space 116544K,  16% used [0x00007fbcbd4e0000, 0x00007fbcbe7e1c08, 0x00007fbcc46b0000)
  to   space 116544K,   0% used [0x00007fbcc46b0000, 0x00007fbcc46b0000, 0x00007fbccb880000)
 tenured generation   total 2331520K, used 2329083K [0x00007fc1d9b50000, 0x00007fc268030000, 0x00007fcc84600000)
   the space 2331520K,  99% used [0x00007fc1d9b50000, 0x00007fc267dced20, 0x00007fc267dcee00, 0x00007fc268030000)
 Metaspace       used 24339K, capacity 24753K, committed 24832K, reserved 26624K
}
Event: 644.357 GC heap after
{Heap after GC invocations=2468 (full 2):
 def new generation   total 1049280K, used 18571K [0x00007fbc84600000, 0x00007fbccb880000, 0x00007fc1d9b50000)
  eden space 932736K,   0% used [0x00007fbc84600000, 0x00007fbc84600000, 0x00007fbcbd4e0000)
  from space 116544K,  15% used [0x00007fbcc46b0000, 0x00007fbcc58d2cd8, 0x00007fbccb880000)
  to   space 116544K,   0% used [0x00007fbcbd4e0000, 0x00007fbcbd4e0000, 0x00007fbcc46b0000)
 tenured generation   total 2331520K, used 2331026K [0x00007fc1d9b50000, 0x00007fc268030000, 0x00007fcc84600000)
   the space 2331520K,  99% used [0x00007fc1d9b50000, 0x00007fc267fb49d0, 0x00007fc267fb4a00, 0x00007fc268030000)
 Metaspace       used 24339K, capacity 24753K, committed 24832K, reserved 26624K
}
Event: 644.691 GC heap before
{Heap before GC invocations=2468 (full 2):
 def new generation   total 1049280K, used 951307K [0x00007fbc84600000, 0x00007fbccb880000, 0x00007fc1d9b50000)
  eden space 932736K, 100% used [0x00007fbc84600000, 0x00007fbcbd4e0000, 0x00007fbcbd4e0000)
  from space 116544K,  15% used [0x00007fbcc46b0000, 0x00007fbcc58d2cd8, 0x00007fbccb880000)
  to   space 116544K,   0% used [0x00007fbcbd4e0000, 0x00007fbcbd4e0000, 0x00007fbcc46b0000)
 tenured generation   total 2331520K, used 2331026K [0x00007fc1d9b50000, 0x00007fc268030000, 0x00007fcc84600000)
   the space 2331520K,  99% used [0x00007fc1d9b50000, 0x00007fc267fb49d0, 0x00007fc267fb4a00, 0x00007fc268030000)
 Metaspace       used 24339K, capacity 24753K, committed 24832K, reserved 26624K
}
Event: 644.710 GC heap after
{Heap after GC invocations=2469 (full 2):
 def new generation   total 1049280K, used 18732K [0x00007fbc84600000, 0x00007fbccb880000, 0x00007fc1d9b50000)
  eden space 932736K,   0% used [0x00007fbc84600000, 0x00007fbc84600000, 0x00007fbcbd4e0000)
  from space 116544K,  16% used [0x00007fbcbd4e0000, 0x00007fbcbe72b388, 0x00007fbcc46b0000)
  to   space 116544K,   0% used [0x00007fbcc46b0000, 0x00007fbcc46b0000, 0x00007fbccb880000)
 tenured generation   total 2332096K, used 2332088K [0x00007fc1d9b50000, 0x00007fc2680c0000, 0x00007fcc84600000)
   the space 2332096K,  99% used [0x00007fc1d9b50000, 0x00007fc2680be370, 0x00007fc2680be400, 0x00007fc2680c0000)
 Metaspace       used 24339K, capacity 24753K, committed 24832K, reserved 26624K
}
Event: 644.710 GC heap before
{Heap before GC invocations=2469 (full 2):
 def new generation   total 1049280K, used 18732K [0x00007fbc84600000, 0x00007fbccb880000, 0x00007fc1d9b50000)
  eden space 932736K,   0% used [0x00007fbc84600000, 0x00007fbc84600000, 0x00007fbcbd4e0000)
  from space 116544K,  16% used [0x00007fbcbd4e0000, 0x00007fbcbe72b388, 0x00007fbcc46b0000)
  to   space 116544K,   0% used [0x00007fbcc46b0000, 0x00007fbcc46b0000, 0x00007fbccb880000)
 tenured generation   total 2332096K, used 2332088K [0x00007fc1d9b50000, 0x00007fc2680c0000, 0x00007fcc84600000)
   the space 2332096K,  99% used [0x00007fc1d9b50000, 0x00007fc2680be370, 0x00007fc2680be400, 0x00007fc2680c0000)
 Metaspace       used 24339K, capacity 24753K, committed 24832K, reserved 26624K
}

