# JRE version: OpenJDK Runtime Environment (13.0.7+5) (build 13.0.7+5-Ubuntu-0ubuntu120.04)
# Java VM: OpenJDK 64-Bit Server VM (13.0.7+5-Ubuntu-0ubuntu120.04, mixed mode, tiered, serial gc, linux-amd64)
Heap:
 def new generation   total 6031872K, used 670106K [0x00007f00a0600000, 0x00007f02396f0000, 0x00007f05f5b50000)
  eden space 5361728K,  12% used [0x00007f00a0600000, 0x00007f00c9466bd8, 0x00007f01e7a10000)
  from space 670144K,   0% used [0x00007f01e7a10000, 0x00007f01e7a10000, 0x00007f0210880000)
  to   space 670144K,   0% used [0x00007f0210880000, 0x00007f0210880000, 0x00007f02396f0000)
 tenured generation   total 15832212K, used 15832211K [0x00007f05f5b50000, 0x00007f09bc075000, 0x00007f10a0600000)
   the space 15832212K,  99% used [0x00007f05f5b50000, 0x00007f09bc074da8, 0x00007f09bc074e00, 0x00007f09bc075000)
 Metaspace       used 30691K, capacity 31138K, committed 31488K, reserved 32768K
GC Heap History (20 events):
Event: 6.793 GC heap after
{Heap after GC invocations=5 (full 1):
 def new generation   total 629248K, used 69887K [0x00007f00a0600000, 0x00007f00cb0c0000, 0x00007f05f5b50000)
  eden space 559360K,   0% used [0x00007f00a0600000, 0x00007f00a0600000, 0x00007f00c2840000)
  from space 69888K,  99% used [0x00007f00c2840000, 0x00007f00c6c7fde8, 0x00007f00c6c80000)
  to   space 69888K,   0% used [0x00007f00c6c80000, 0x00007f00c6c80000, 0x00007f00cb0c0000)
 tenured generation   total 1895808K, used 1895633K [0x00007f05f5b50000, 0x00007f06696b0000, 0x00007f10a0600000)
   the space 1895808K,  99% used [0x00007f05f5b50000, 0x00007f0669684730, 0x00007f0669684800, 0x00007f06696b0000)
 Metaspace       used 30689K, capacity 31138K, committed 31488K, reserved 32768K
}
Event: 6.793 GC heap before
{Heap before GC invocations=5 (full 1):
 def new generation   total 629248K, used 69887K [0x00007f00a0600000, 0x00007f00cb0c0000, 0x00007f05f5b50000)
  eden space 559360K,   0% used [0x00007f00a0600000, 0x00007f00a0600000, 0x00007f00c2840000)
  from space 69888K,  99% used [0x00007f00c2840000, 0x00007f00c6c7fde8, 0x00007f00c6c80000)
  to   space 69888K,   0% used [0x00007f00c6c80000, 0x00007f00c6c80000, 0x00007f00cb0c0000)
 tenured generation   total 1895808K, used 1895633K [0x00007f05f5b50000, 0x00007f06696b0000, 0x00007f10a0600000)
   the space 1895808K,  99% used [0x00007f05f5b50000, 0x00007f0669684730, 0x00007f0669684800, 0x00007f06696b0000)
 Metaspace       used 30689K, capacity 31138K, committed 31488K, reserved 32768K
}
Event: 7.081 GC heap after
{Heap after GC invocations=5 (full 2):
 def new generation   total 1421952K, used 69713K [0x00007f00a0600000, 0x00007f0100ce0000, 0x00007f05f5b50000)
  eden space 1264000K,   5% used [0x00007f00a0600000, 0x00007f00a4a145f8, 0x00007f00ed860000)
  from space 157952K,   0% used [0x00007f00ed860000, 0x00007f00ed860000, 0x00007f00f72a0000)
  to   space 157952K,   0% used [0x00007f00f72a0000, 0x00007f00f72a0000, 0x00007f0100ce0000)
 tenured generation   total 3159680K, used 1895807K [0x00007f05f5b50000, 0x00007f06b68f0000, 0x00007f10a0600000)
   the space 3159680K,  59% used [0x00007f05f5b50000, 0x00007f06696aff20, 0x00007f06696b0000, 0x00007f06b68f0000)
 Metaspace       used 30689K, capacity 31138K, committed 31488K, reserved 32768K
}
Event: 7.278 GC heap before
{Heap before GC invocations=5 (full 2):
 def new generation   total 1421952K, used 1264000K [0x00007f00a0600000, 0x00007f0100ce0000, 0x00007f05f5b50000)
  eden space 1264000K, 100% used [0x00007f00a0600000, 0x00007f00ed860000, 0x00007f00ed860000)
  from space 157952K,   0% used [0x00007f00ed860000, 0x00007f00ed860000, 0x00007f00f72a0000)
  to   space 157952K,   0% used [0x00007f00f72a0000, 0x00007f00f72a0000, 0x00007f0100ce0000)
 tenured generation   total 3159680K, used 1895807K [0x00007f05f5b50000, 0x00007f06b68f0000, 0x00007f10a0600000)
   the space 3159680K,  59% used [0x00007f05f5b50000, 0x00007f06696aff20, 0x00007f06696b0000, 0x00007f06b68f0000)
 Metaspace       used 30691K, capacity 31138K, committed 31488K, reserved 32768K
}
Event: 7.824 GC heap after
{Heap after GC invocations=6 (full 2):
 def new generation   total 1421952K, used 157951K [0x00007f00a0600000, 0x00007f0100ce0000, 0x00007f05f5b50000)
  eden space 1264000K,   0% used [0x00007f00a0600000, 0x00007f00a0600000, 0x00007f00ed860000)
  from space 157952K,  99% used [0x00007f00f72a0000, 0x00007f0100cdfcd0, 0x00007f0100ce0000)
  to   space 157952K,   0% used [0x00007f00ed860000, 0x00007f00ed860000, 0x00007f00f72a0000)
 tenured generation   total 3159680K, used 3001785K [0x00007f05f5b50000, 0x00007f06b68f0000, 0x00007f10a0600000)
   the space 3159680K,  95% used [0x00007f05f5b50000, 0x00007f06acebe610, 0x00007f06acebe800, 0x00007f06b68f0000)
 Metaspace       used 30691K, capacity 31138K, committed 31488K, reserved 32768K
}
Event: 8.031 GC heap before
{Heap before GC invocations=6 (full 2):
 def new generation   total 1421952K, used 1421951K [0x00007f00a0600000, 0x00007f0100ce0000, 0x00007f05f5b50000)
  eden space 1264000K, 100% used [0x00007f00a0600000, 0x00007f00ed860000, 0x00007f00ed860000)
  from space 157952K,  99% used [0x00007f00f72a0000, 0x00007f0100cdfcd0, 0x00007f0100ce0000)
  to   space 157952K,   0% used [0x00007f00ed860000, 0x00007f00ed860000, 0x00007f00f72a0000)
 tenured generation   total 3159680K, used 3001785K [0x00007f05f5b50000, 0x00007f06b68f0000, 0x00007f10a0600000)
   the space 3159680K,  95% used [0x00007f05f5b50000, 0x00007f06acebe610, 0x00007f06acebe800, 0x00007f06b68f0000)
 Metaspace       used 30691K, capacity 31138K, committed 31488K, reserved 32768K
}
Event: 8.834 GC heap after
{Heap after GC invocations=7 (full 2):
 def new generation   total 1421952K, used 157951K [0x00007f00a0600000, 0x00007f0100ce0000, 0x00007f05f5b50000)
  eden space 1264000K,   0% used [0x00007f00a0600000, 0x00007f00a0600000, 0x00007f00ed860000)
  from space 157952K,  99% used [0x00007f00ed860000, 0x00007f00f729fcd0, 0x00007f00f72a0000)
  to   space 157952K,   0% used [0x00007f00f72a0000, 0x00007f00f72a0000, 0x00007f0100ce0000)
 tenured generation   total 4265792K, used 4265731K [0x00007f05f5b50000, 0x00007f06fa120000, 0x00007f10a0600000)
   the space 4265792K,  99% used [0x00007f05f5b50000, 0x00007f06fa110f68, 0x00007f06fa111000, 0x00007f06fa120000)
 Metaspace       used 30691K, capacity 31138K, committed 31488K, reserved 32768K
}
Event: 8.834 GC heap before
{Heap before GC invocations=7 (full 2):
 def new generation   total 1421952K, used 157951K [0x00007f00a0600000, 0x00007f0100ce0000, 0x00007f05f5b50000)
  eden space 1264000K,   0% used [0x00007f00a0600000, 0x00007f00a0600000, 0x00007f00ed860000)
  from space 157952K,  99% used [0x00007f00ed860000, 0x00007f00f729fcd0, 0x00007f00f72a0000)
  to   space 157952K,   0% used [0x00007f00f72a0000, 0x00007f00f72a0000, 0x00007f0100ce0000)
 tenured generation   total 4265792K, used 4265731K [0x00007f05f5b50000, 0x00007f06fa120000, 0x00007f10a0600000)
   the space 4265792K,  99% used [0x00007f05f5b50000, 0x00007f06fa110f68, 0x00007f06fa111000, 0x00007f06fa120000)
 Metaspace       used 30691K, capacity 31138K, committed 31488K, reserved 32768K
}
Event: 9.465 GC heap after
{Heap after GC invocations=7 (full 3):
 def new generation   total 3199424K, used 157891K [0x00007f00a0600000, 0x00007f0179590000, 0x00007f05f5b50000)
  eden space 2843968K,   5% used [0x00007f00a0600000, 0x00007f00aa030f60, 0x00007f014df50000)
  from space 355456K,   0% used [0x00007f014df50000, 0x00007f014df50000, 0x00007f0163a70000)
  to   space 355456K,   0% used [0x00007f0163a70000, 0x00007f0163a70000, 0x00007f0179590000)
 tenured generation   total 7109656K, used 4265791K [0x00007f05f5b50000, 0x00007f07a7a56000, 0x00007f10a0600000)
   the space 7109656K,  59% used [0x00007f05f5b50000, 0x00007f06fa11fcd8, 0x00007f06fa11fe00, 0x00007f07a7a56000)
 Metaspace       used 30691K, capacity 31138K, committed 31488K, reserved 32768K
}
Event: 9.849 GC heap before
{Heap before GC invocations=7 (full 3):
 def new generation   total 3199424K, used 2843968K [0x00007f00a0600000, 0x00007f0179590000, 0x00007f05f5b50000)
  eden space 2843968K, 100% used [0x00007f00a0600000, 0x00007f014df50000, 0x00007f014df50000)
  from space 355456K,   0% used [0x00007f014df50000, 0x00007f014df50000, 0x00007f0163a70000)
  to   space 355456K,   0% used [0x00007f0163a70000, 0x00007f0163a70000, 0x00007f0179590000)
 tenured generation   total 7109656K, used 4265791K [0x00007f05f5b50000, 0x00007f07a7a56000, 0x00007f10a0600000)
   the space 7109656K,  59% used [0x00007f05f5b50000, 0x00007f06fa11fcd8, 0x00007f06fa11fe00, 0x00007f07a7a56000)
 Metaspace       used 30691K, capacity 31138K, committed 31488K, reserved 32768K
}
Event: 11.282 GC heap after
{Heap after GC invocations=8 (full 3):
 def new generation   total 3199424K, used 355455K [0x00007f00a0600000, 0x00007f0179590000, 0x00007f05f5b50000)
  eden space 2843968K,   0% used [0x00007f00a0600000, 0x00007f00a0600000, 0x00007f014df50000)
  from space 355456K,  99% used [0x00007f0163a70000, 0x00007f017958fcc8, 0x00007f0179590000)
  to   space 355456K,   0% used [0x00007f014df50000, 0x00007f014df50000, 0x00007f0163a70000)
 tenured generation   total 7109656K, used 6754249K [0x00007f05f5b50000, 0x00007f07a7a56000, 0x00007f10a0600000)
   the space 7109656K,  95% used [0x00007f05f5b50000, 0x00007f0791f42740, 0x00007f0791f42800, 0x00007f07a7a56000)
 Metaspace       used 30691K, capacity 31138K, committed 31488K, reserved 32768K
}
Event: 16.917 GC heap before
{Heap before GC invocations=8 (full 3):
 def new generation   total 3199424K, used 3199423K [0x00007f00a0600000, 0x00007f0179590000, 0x00007f05f5b50000)
  eden space 2843968K, 100% used [0x00007f00a0600000, 0x00007f014df50000, 0x00007f014df50000)
  from space 355456K,  99% used [0x00007f0163a70000, 0x00007f017958fcc8, 0x00007f0179590000)
  to   space 355456K,   0% used [0x00007f014df50000, 0x00007f014df50000, 0x00007f0163a70000)
 tenured generation   total 7109656K, used 6754249K [0x00007f05f5b50000, 0x00007f07a7a56000, 0x00007f10a0600000)
   the space 7109656K,  95% used [0x00007f05f5b50000, 0x00007f0791f42740, 0x00007f0791f42800, 0x00007f07a7a56000)
 Metaspace       used 30691K, capacity 31138K, committed 31488K, reserved 32768K
}
Event: 17.986 GC heap after
{Heap after GC invocations=9 (full 3):
 def new generation   total 3199424K, used 355455K [0x00007f00a0600000, 0x00007f0179590000, 0x00007f05f5b50000)
  eden space 2843968K,   0% used [0x00007f00a0600000, 0x00007f00a0600000, 0x00007f014df50000)
  from space 355456K,  99% used [0x00007f014df50000, 0x00007f0163a6fd90, 0x00007f0163a70000)
  to   space 355456K,   0% used [0x00007f0163a70000, 0x00007f0163a70000, 0x00007f0179590000)
 tenured generation   total 8042392K, used 8042221K [0x00007f05f5b50000, 0x00007f07e0936000, 0x00007f10a0600000)
   the space 8042392K,  99% used [0x00007f05f5b50000, 0x00007f07e090b560, 0x00007f07e090b600, 0x00007f07e0936000)
 Metaspace       used 30691K, capacity 31138K, committed 31488K, reserved 32768K
}
Event: 17.986 GC heap before
{Heap before GC invocations=9 (full 3):
 def new generation   total 3199424K, used 355455K [0x00007f00a0600000, 0x00007f0179590000, 0x00007f05f5b50000)
  eden space 2843968K,   0% used [0x00007f00a0600000, 0x00007f00a0600000, 0x00007f014df50000)
  from space 355456K,  99% used [0x00007f014df50000, 0x00007f0163a6fd90, 0x00007f0163a70000)
  to   space 355456K,   0% used [0x00007f0163a70000, 0x00007f0163a70000, 0x00007f0179590000)
 tenured generation   total 8042392K, used 8042221K [0x00007f05f5b50000, 0x00007f07e0936000, 0x00007f10a0600000)
   the space 8042392K,  99% used [0x00007f05f5b50000, 0x00007f07e090b560, 0x00007f07e090b600, 0x00007f07e0936000)
 Metaspace       used 30691K, capacity 31138K, committed 31488K, reserved 32768K
}
Event: 23.919 GC heap after
{Heap after GC invocations=9 (full 4):
 def new generation   total 6031872K, used 349846K [0x00007f00a0600000, 0x00007f02396f0000, 0x00007f05f5b50000)
  eden space 5361728K,   6% used [0x00007f00a0600000, 0x00007f00b5ba5b80, 0x00007f01e7a10000)
  from space 670144K,   0% used [0x00007f01e7a10000, 0x00007f01e7a10000, 0x00007f0210880000)
  to   space 670144K,   0% used [0x00007f0210880000, 0x00007f0210880000, 0x00007f02396f0000)
 tenured generation   total 13403988K, used 8042391K [0x00007f05f5b50000, 0x00007f0927d25000, 0x00007f10a0600000)
   the space 13403988K,  59% used [0x00007f05f5b50000, 0x00007f07e0935d20, 0x00007f07e0935e00, 0x00007f0927d25000)
 Metaspace       used 30691K, capacity 31138K, committed 31488K, reserved 32768K
}
Event: 32.492 GC heap before
{Heap before GC invocations=9 (full 4):
 def new generation   total 6031872K, used 5361728K [0x00007f00a0600000, 0x00007f02396f0000, 0x00007f05f5b50000)
  eden space 5361728K, 100% used [0x00007f00a0600000, 0x00007f01e7a10000, 0x00007f01e7a10000)
  from space 670144K,   0% used [0x00007f01e7a10000, 0x00007f01e7a10000, 0x00007f0210880000)
  to   space 670144K,   0% used [0x00007f0210880000, 0x00007f0210880000, 0x00007f02396f0000)
 tenured generation   total 13403988K, used 8042391K [0x00007f05f5b50000, 0x00007f0927d25000, 0x00007f10a0600000)
   the space 13403988K,  59% used [0x00007f05f5b50000, 0x00007f07e0935d20, 0x00007f07e0935e00, 0x00007f0927d25000)
 Metaspace       used 30691K, capacity 31138K, committed 31488K, reserved 32768K
}
Event: 35.682 GC heap after
{Heap after GC invocations=10 (full 4):
 def new generation   total 6031872K, used 670143K [0x00007f00a0600000, 0x00007f02396f0000, 0x00007f05f5b50000)
  eden space 5361728K,   0% used [0x00007f00a0600000, 0x00007f00a0600000, 0x00007f01e7a10000)
  from space 670144K,  99% used [0x00007f0210880000, 0x00007f02396effb0, 0x00007f02396f0000)
  to   space 670144K,   0% used [0x00007f01e7a10000, 0x00007f01e7a10000, 0x00007f0210880000)
 tenured generation   total 13403988K, used 11217881K [0x00007f05f5b50000, 0x00007f0927d25000, 0x00007f10a0600000)
   the space 13403988K,  83% used [0x00007f05f5b50000, 0x00007f08a26465b8, 0x00007f08a2646600, 0x00007f0927d25000)
 Metaspace       used 30691K, capacity 31138K, committed 31488K, reserved 32768K
}
Event: 39.744 GC heap before
{Heap before GC invocations=10 (full 4):
 def new generation   total 6031872K, used 6031871K [0x00007f00a0600000, 0x00007f02396f0000, 0x00007f05f5b50000)
  eden space 5361728K, 100% used [0x00007f00a0600000, 0x00007f01e7a10000, 0x00007f01e7a10000)
  from space 670144K,  99% used [0x00007f0210880000, 0x00007f02396effb0, 0x00007f02396f0000)
  to   space 670144K,   0% used [0x00007f01e7a10000, 0x00007f01e7a10000, 0x00007f0210880000)
 tenured generation   total 13403988K, used 11217881K [0x00007f05f5b50000, 0x00007f0927d25000, 0x00007f10a0600000)
   the space 13403988K,  83% used [0x00007f05f5b50000, 0x00007f08a26465b8, 0x00007f08a2646600, 0x00007f0927d25000)
 Metaspace       used 30691K, capacity 31138K, committed 31488K, reserved 32768K
}
Event: 49.891 GC heap after
{Heap after GC invocations=11 (full 4):
 def new generation   total 6031872K, used 670144K [0x00007f00a0600000, 0x00007f02396f0000, 0x00007f05f5b50000)
  eden space 5361728K,   0% used [0x00007f00a0600000, 0x00007f00a0600000, 0x00007f01e7a10000)
  from space 670144K, 100% used [0x00007f01e7a10000, 0x00007f0210880000, 0x00007f0210880000)
  to   space 670144K,   0% used [0x00007f0210880000, 0x00007f0210880000, 0x00007f02396f0000)
 tenured generation   total 15832212K, used 15832174K [0x00007f05f5b50000, 0x00007f09bc075000, 0x00007f10a0600000)
   the space 15832212K,  99% used [0x00007f05f5b50000, 0x00007f09bc06b980, 0x00007f09bc06ba00, 0x00007f09bc075000)
 Metaspace       used 30691K, capacity 31138K, committed 31488K, reserved 32768K
}
Event: 49.891 GC heap before
{Heap before GC invocations=11 (full 4):
 def new generation   total 6031872K, used 670144K [0x00007f00a0600000, 0x00007f02396f0000, 0x00007f05f5b50000)
  eden space 5361728K,   0% used [0x00007f00a0600000, 0x00007f00a0600000, 0x00007f01e7a10000)
  from space 670144K, 100% used [0x00007f01e7a10000, 0x00007f0210880000, 0x00007f0210880000)
  to   space 670144K,   0% used [0x00007f0210880000, 0x00007f0210880000, 0x00007f02396f0000)
 tenured generation   total 15832212K, used 15832174K [0x00007f05f5b50000, 0x00007f09bc075000, 0x00007f10a0600000)
   the space 15832212K,  99% used [0x00007f05f5b50000, 0x00007f09bc06b980, 0x00007f09bc06ba00, 0x00007f09bc075000)
 Metaspace       used 30691K, capacity 31138K, committed 31488K, reserved 32768K
}

