# JRE version: OpenJDK Runtime Environment (13.0.7+5) (build 13.0.7+5-Ubuntu-0ubuntu120.04)
# Java VM: OpenJDK 64-Bit Server VM (13.0.7+5-Ubuntu-0ubuntu120.04, mixed mode, tiered, serial gc, linux-amd64)
Heap:
 def new generation   total 7088448K, used 396274K [0x00007fb174600000, 0x00007fb355170000, 0x00007fbc1f0a0000)
  eden space 6300864K,   6% used [0x00007fb174600000, 0x00007fb18c8fc928, 0x00007fb2f4f30000)
  from space 787584K,   0% used [0x00007fb325050000, 0x00007fb325050000, 0x00007fb355170000)
  to   space 787584K,   0% used [0x00007fb2f4f30000, 0x00007fb2f4f30000, 0x00007fb325050000)
 tenured generation   total 15801140K, used 15795885K [0x00007fbc1f0a0000, 0x00007fbfe376d000, 0x00007fd174600000)
   the space 15801140K,  99% used [0x00007fbc1f0a0000, 0x00007fbfe324b500, 0x00007fbfe324b600, 0x00007fbfe376d000)
 Metaspace       used 24303K, capacity 24701K, committed 24832K, reserved 26624K
GC Heap History (20 events):
Event: 1738.307 GC heap after
{Heap after GC invocations=1551 (full 8):
 def new generation   total 7088448K, used 407043K [0x00007fb174600000, 0x00007fb355170000, 0x00007fbc1f0a0000)
  eden space 6300864K,   0% used [0x00007fb174600000, 0x00007fb174600000, 0x00007fb2f4f30000)
  from space 787584K,  51% used [0x00007fb2f4f30000, 0x00007fb30dcb0cc0, 0x00007fb325050000)
  to   space 787584K,   0% used [0x00007fb325050000, 0x00007fb325050000, 0x00007fb355170000)
 tenured generation   total 15751976K, used 15456702K [0x00007fbc1f0a0000, 0x00007fbfe076a000, 0x00007fd174600000)
   the space 15751976K,  98% used [0x00007fbc1f0a0000, 0x00007fbfce70f890, 0x00007fbfce70fa00, 0x00007fbfe076a000)
 Metaspace       used 24303K, capacity 24701K, committed 24832K, reserved 26624K
}
Event: 1741.090 GC heap before
{Heap before GC invocations=1551 (full 8):
 def new generation   total 7088448K, used 6707907K [0x00007fb174600000, 0x00007fb355170000, 0x00007fbc1f0a0000)
  eden space 6300864K, 100% used [0x00007fb174600000, 0x00007fb2f4f30000, 0x00007fb2f4f30000)
  from space 787584K,  51% used [0x00007fb2f4f30000, 0x00007fb30dcb0cc0, 0x00007fb325050000)
  to   space 787584K,   0% used [0x00007fb325050000, 0x00007fb325050000, 0x00007fb355170000)
 tenured generation   total 15751976K, used 15456702K [0x00007fbc1f0a0000, 0x00007fbfe076a000, 0x00007fd174600000)
   the space 15751976K,  98% used [0x00007fbc1f0a0000, 0x00007fbfce70f890, 0x00007fbfce70fa00, 0x00007fbfe076a000)
 Metaspace       used 24303K, capacity 24701K, committed 24832K, reserved 26624K
}
Event: 1741.306 GC heap after
{Heap after GC invocations=1552 (full 8):
 def new generation   total 7088448K, used 456886K [0x00007fb174600000, 0x00007fb355170000, 0x00007fbc1f0a0000)
  eden space 6300864K,   0% used [0x00007fb174600000, 0x00007fb174600000, 0x00007fb2f4f30000)
  from space 787584K,  58% used [0x00007fb325050000, 0x00007fb340e7d840, 0x00007fb355170000)
  to   space 787584K,   0% used [0x00007fb2f4f30000, 0x00007fb2f4f30000, 0x00007fb325050000)
 tenured generation   total 15751976K, used 15473661K [0x00007fbc1f0a0000, 0x00007fbfe076a000, 0x00007fd174600000)
   the space 15751976K,  98% used [0x00007fbc1f0a0000, 0x00007fbfcf79f7f8, 0x00007fbfcf79f800, 0x00007fbfe076a000)
 Metaspace       used 24303K, capacity 24701K, committed 24832K, reserved 26624K
}
Event: 1744.173 GC heap before
{Heap before GC invocations=1552 (full 8):
 def new generation   total 7088448K, used 6757750K [0x00007fb174600000, 0x00007fb355170000, 0x00007fbc1f0a0000)
  eden space 6300864K, 100% used [0x00007fb174600000, 0x00007fb2f4f30000, 0x00007fb2f4f30000)
  from space 787584K,  58% used [0x00007fb325050000, 0x00007fb340e7d840, 0x00007fb355170000)
  to   space 787584K,   0% used [0x00007fb2f4f30000, 0x00007fb2f4f30000, 0x00007fb325050000)
 tenured generation   total 15751976K, used 15473661K [0x00007fbc1f0a0000, 0x00007fbfe076a000, 0x00007fd174600000)
   the space 15751976K,  98% used [0x00007fbc1f0a0000, 0x00007fbfcf79f7f8, 0x00007fbfcf79f800, 0x00007fbfe076a000)
 Metaspace       used 24303K, capacity 24701K, committed 24832K, reserved 26624K
}
Event: 1744.319 GC heap after
{Heap after GC invocations=1553 (full 8):
 def new generation   total 7088448K, used 382907K [0x00007fb174600000, 0x00007fb355170000, 0x00007fbc1f0a0000)
  eden space 6300864K,   0% used [0x00007fb174600000, 0x00007fb174600000, 0x00007fb2f4f30000)
  from space 787584K,  48% used [0x00007fb2f4f30000, 0x00007fb30c51eff8, 0x00007fb325050000)
  to   space 787584K,   0% used [0x00007fb325050000, 0x00007fb325050000, 0x00007fb355170000)
 tenured generation   total 15751976K, used 15558457K [0x00007fbc1f0a0000, 0x00007fbfe076a000, 0x00007fd174600000)
   the space 15751976K,  98% used [0x00007fbc1f0a0000, 0x00007fbfd4a6e780, 0x00007fbfd4a6e800, 0x00007fbfe076a000)
 Metaspace       used 24303K, capacity 24701K, committed 24832K, reserved 26624K
}
Event: 1747.418 GC heap before
{Heap before GC invocations=1553 (full 8):
 def new generation   total 7088448K, used 6683771K [0x00007fb174600000, 0x00007fb355170000, 0x00007fbc1f0a0000)
  eden space 6300864K, 100% used [0x00007fb174600000, 0x00007fb2f4f30000, 0x00007fb2f4f30000)
  from space 787584K,  48% used [0x00007fb2f4f30000, 0x00007fb30c51eff8, 0x00007fb325050000)
  to   space 787584K,   0% used [0x00007fb325050000, 0x00007fb325050000, 0x00007fb355170000)
 tenured generation   total 15751976K, used 15558457K [0x00007fbc1f0a0000, 0x00007fbfe076a000, 0x00007fd174600000)
   the space 15751976K,  98% used [0x00007fbc1f0a0000, 0x00007fbfd4a6e780, 0x00007fbfd4a6e800, 0x00007fbfe076a000)
 Metaspace       used 24303K, capacity 24701K, committed 24832K, reserved 26624K
}
Event: 1747.498 GC heap after
{Heap after GC invocations=1554 (full 8):
 def new generation   total 7088448K, used 392671K [0x00007fb174600000, 0x00007fb355170000, 0x00007fbc1f0a0000)
  eden space 6300864K,   0% used [0x00007fb174600000, 0x00007fb174600000, 0x00007fb2f4f30000)
  from space 787584K,  49% used [0x00007fb325050000, 0x00007fb33cfc7c48, 0x00007fb355170000)
  to   space 787584K,   0% used [0x00007fb2f4f30000, 0x00007fb2f4f30000, 0x00007fb325050000)
 tenured generation   total 15751976K, used 15558457K [0x00007fbc1f0a0000, 0x00007fbfe076a000, 0x00007fd174600000)
   the space 15751976K,  98% used [0x00007fbc1f0a0000, 0x00007fbfd4a6e780, 0x00007fbfd4a6e800, 0x00007fbfe076a000)
 Metaspace       used 24303K, capacity 24701K, committed 24832K, reserved 26624K
}
Event: 1750.470 GC heap before
{Heap before GC invocations=1554 (full 8):
 def new generation   total 7088448K, used 6693535K [0x00007fb174600000, 0x00007fb355170000, 0x00007fbc1f0a0000)
  eden space 6300864K, 100% used [0x00007fb174600000, 0x00007fb2f4f30000, 0x00007fb2f4f30000)
  from space 787584K,  49% used [0x00007fb325050000, 0x00007fb33cfc7c48, 0x00007fb355170000)
  to   space 787584K,   0% used [0x00007fb2f4f30000, 0x00007fb2f4f30000, 0x00007fb325050000)
 tenured generation   total 15751976K, used 15558457K [0x00007fbc1f0a0000, 0x00007fbfe076a000, 0x00007fd174600000)
   the space 15751976K,  98% used [0x00007fbc1f0a0000, 0x00007fbfd4a6e780, 0x00007fbfd4a6e800, 0x00007fbfe076a000)
 Metaspace       used 24303K, capacity 24701K, committed 24832K, reserved 26624K
}
Event: 1750.549 GC heap after
{Heap after GC invocations=1555 (full 8):
 def new generation   total 7088448K, used 407569K [0x00007fb174600000, 0x00007fb355170000, 0x00007fbc1f0a0000)
  eden space 6300864K,   0% used [0x00007fb174600000, 0x00007fb174600000, 0x00007fb2f4f30000)
  from space 787584K,  51% used [0x00007fb2f4f30000, 0x00007fb30dd34650, 0x00007fb325050000)
  to   space 787584K,   0% used [0x00007fb325050000, 0x00007fb325050000, 0x00007fb355170000)
 tenured generation   total 15751976K, used 15558457K [0x00007fbc1f0a0000, 0x00007fbfe076a000, 0x00007fd174600000)
   the space 15751976K,  98% used [0x00007fbc1f0a0000, 0x00007fbfd4a6e780, 0x00007fbfd4a6e800, 0x00007fbfe076a000)
 Metaspace       used 24303K, capacity 24701K, committed 24832K, reserved 26624K
}
Event: 1753.419 GC heap before
{Heap before GC invocations=1555 (full 8):
 def new generation   total 7088448K, used 6708433K [0x00007fb174600000, 0x00007fb355170000, 0x00007fbc1f0a0000)
  eden space 6300864K, 100% used [0x00007fb174600000, 0x00007fb2f4f30000, 0x00007fb2f4f30000)
  from space 787584K,  51% used [0x00007fb2f4f30000, 0x00007fb30dd34650, 0x00007fb325050000)
  to   space 787584K,   0% used [0x00007fb325050000, 0x00007fb325050000, 0x00007fb355170000)
 tenured generation   total 15751976K, used 15558457K [0x00007fbc1f0a0000, 0x00007fbfe076a000, 0x00007fd174600000)
   the space 15751976K,  98% used [0x00007fbc1f0a0000, 0x00007fbfd4a6e780, 0x00007fbfd4a6e800, 0x00007fbfe076a000)
 Metaspace       used 24303K, capacity 24701K, committed 24832K, reserved 26624K
}
Event: 1753.561 GC heap after
{Heap after GC invocations=1556 (full 8):
 def new generation   total 7088448K, used 288348K [0x00007fb174600000, 0x00007fb355170000, 0x00007fbc1f0a0000)
  eden space 6300864K,   0% used [0x00007fb174600000, 0x00007fb174600000, 0x00007fb2f4f30000)
  from space 787584K,  36% used [0x00007fb325050000, 0x00007fb3369e71f8, 0x00007fb355170000)
  to   space 787584K,   0% used [0x00007fb2f4f30000, 0x00007fb2f4f30000, 0x00007fb325050000)
 tenured generation   total 15751976K, used 15694127K [0x00007fbc1f0a0000, 0x00007fbfe076a000, 0x00007fd174600000)
   the space 15751976K,  99% used [0x00007fbc1f0a0000, 0x00007fbfdceebde8, 0x00007fbfdceebe00, 0x00007fbfe076a000)
 Metaspace       used 24303K, capacity 24701K, committed 24832K, reserved 26624K
}
Event: 1756.553 GC heap before
{Heap before GC invocations=1556 (full 8):
 def new generation   total 7088448K, used 6589212K [0x00007fb174600000, 0x00007fb355170000, 0x00007fbc1f0a0000)
  eden space 6300864K, 100% used [0x00007fb174600000, 0x00007fb2f4f30000, 0x00007fb2f4f30000)
  from space 787584K,  36% used [0x00007fb325050000, 0x00007fb3369e71f8, 0x00007fb355170000)
  to   space 787584K,   0% used [0x00007fb2f4f30000, 0x00007fb2f4f30000, 0x00007fb325050000)
 tenured generation   total 15751976K, used 15694127K [0x00007fbc1f0a0000, 0x00007fbfe076a000, 0x00007fd174600000)
   the space 15751976K,  99% used [0x00007fbc1f0a0000, 0x00007fbfdceebde8, 0x00007fbfdceebe00, 0x00007fbfe076a000)
 Metaspace       used 24303K, capacity 24701K, committed 24832K, reserved 26624K
}
Event: 1756.623 GC heap after
{Heap after GC invocations=1557 (full 8):
 def new generation   total 7088448K, used 356151K [0x00007fb174600000, 0x00007fb355170000, 0x00007fbc1f0a0000)
  eden space 6300864K,   0% used [0x00007fb174600000, 0x00007fb174600000, 0x00007fb2f4f30000)
  from space 787584K,  45% used [0x00007fb2f4f30000, 0x00007fb30aafddd8, 0x00007fb325050000)
  to   space 787584K,   0% used [0x00007fb325050000, 0x00007fb325050000, 0x00007fb355170000)
 tenured generation   total 15751976K, used 15694127K [0x00007fbc1f0a0000, 0x00007fbfe076a000, 0x00007fd174600000)
   the space 15751976K,  99% used [0x00007fbc1f0a0000, 0x00007fbfdceebde8, 0x00007fbfdceebe00, 0x00007fbfe076a000)
 Metaspace       used 24303K, capacity 24701K, committed 24832K, reserved 26624K
}
Event: 1759.671 GC heap before
{Heap before GC invocations=1557 (full 8):
 def new generation   total 7088448K, used 6657015K [0x00007fb174600000, 0x00007fb355170000, 0x00007fbc1f0a0000)
  eden space 6300864K, 100% used [0x00007fb174600000, 0x00007fb2f4f30000, 0x00007fb2f4f30000)
  from space 787584K,  45% used [0x00007fb2f4f30000, 0x00007fb30aafddd8, 0x00007fb325050000)
  to   space 787584K,   0% used [0x00007fb325050000, 0x00007fb325050000, 0x00007fb355170000)
 tenured generation   total 15751976K, used 15694127K [0x00007fbc1f0a0000, 0x00007fbfe076a000, 0x00007fd174600000)
   the space 15751976K,  99% used [0x00007fbc1f0a0000, 0x00007fbfdceebde8, 0x00007fbfdceebe00, 0x00007fbfe076a000)
 Metaspace       used 24303K, capacity 24701K, committed 24832K, reserved 26624K
}
Event: 1759.759 GC heap after
{Heap after GC invocations=1558 (full 8):
 def new generation   total 7088448K, used 423995K [0x00007fb174600000, 0x00007fb355170000, 0x00007fbc1f0a0000)
  eden space 6300864K,   0% used [0x00007fb174600000, 0x00007fb174600000, 0x00007fb2f4f30000)
  from space 787584K,  53% used [0x00007fb325050000, 0x00007fb33ee5ecd0, 0x00007fb355170000)
  to   space 787584K,   0% used [0x00007fb2f4f30000, 0x00007fb2f4f30000, 0x00007fb325050000)
 tenured generation   total 15751976K, used 15694127K [0x00007fbc1f0a0000, 0x00007fbfe076a000, 0x00007fd174600000)
   the space 15751976K,  99% used [0x00007fbc1f0a0000, 0x00007fbfdceebde8, 0x00007fbfdceebe00, 0x00007fbfe076a000)
 Metaspace       used 24303K, capacity 24701K, committed 24832K, reserved 26624K
}
Event: 1762.668 GC heap before
{Heap before GC invocations=1558 (full 8):
 def new generation   total 7088448K, used 6724859K [0x00007fb174600000, 0x00007fb355170000, 0x00007fbc1f0a0000)
  eden space 6300864K, 100% used [0x00007fb174600000, 0x00007fb2f4f30000, 0x00007fb2f4f30000)
  from space 787584K,  53% used [0x00007fb325050000, 0x00007fb33ee5ecd0, 0x00007fb355170000)
  to   space 787584K,   0% used [0x00007fb2f4f30000, 0x00007fb2f4f30000, 0x00007fb325050000)
 tenured generation   total 15751976K, used 15694127K [0x00007fbc1f0a0000, 0x00007fbfe076a000, 0x00007fd174600000)
   the space 15751976K,  99% used [0x00007fbc1f0a0000, 0x00007fbfdceebde8, 0x00007fbfdceebe00, 0x00007fbfe076a000)
 Metaspace       used 24303K, capacity 24701K, committed 24832K, reserved 26624K
}
Event: 1762.812 GC heap after
{Heap after GC invocations=1559 (full 8):
 def new generation   total 7088448K, used 454341K [0x00007fb174600000, 0x00007fb355170000, 0x00007fbc1f0a0000)
  eden space 6300864K,   0% used [0x00007fb174600000, 0x00007fb174600000, 0x00007fb2f4f30000)
  from space 787584K,  57% used [0x00007fb2f4f30000, 0x00007fb310ae1538, 0x00007fb325050000)
  to   space 787584K,   0% used [0x00007fb325050000, 0x00007fb325050000, 0x00007fb355170000)
 tenured generation   total 15751976K, used 15728047K [0x00007fbc1f0a0000, 0x00007fbfe076a000, 0x00007fd174600000)
   the space 15751976K,  99% used [0x00007fbc1f0a0000, 0x00007fbfdf00bdd8, 0x00007fbfdf00be00, 0x00007fbfe076a000)
 Metaspace       used 24303K, capacity 24701K, committed 24832K, reserved 26624K
}
Event: 1766.032 GC heap before
{Heap before GC invocations=1559 (full 8):
 def new generation   total 7088448K, used 6755205K [0x00007fb174600000, 0x00007fb355170000, 0x00007fbc1f0a0000)
  eden space 6300864K, 100% used [0x00007fb174600000, 0x00007fb2f4f30000, 0x00007fb2f4f30000)
  from space 787584K,  57% used [0x00007fb2f4f30000, 0x00007fb310ae1538, 0x00007fb325050000)
  to   space 787584K,   0% used [0x00007fb325050000, 0x00007fb325050000, 0x00007fb355170000)
 tenured generation   total 15751976K, used 15728047K [0x00007fbc1f0a0000, 0x00007fbfe076a000, 0x00007fd174600000)
   the space 15751976K,  99% used [0x00007fbc1f0a0000, 0x00007fbfdf00bdd8, 0x00007fbfdf00be00, 0x00007fbfe076a000)
 Metaspace       used 24303K, capacity 24701K, committed 24832K, reserved 26624K
}
Event: 1766.155 GC heap after
{Heap after GC invocations=1560 (full 8):
 def new generation   total 7088448K, used 396274K [0x00007fb174600000, 0x00007fb355170000, 0x00007fbc1f0a0000)
  eden space 6300864K,   0% used [0x00007fb174600000, 0x00007fb174600000, 0x00007fb2f4f30000)
  from space 787584K,  50% used [0x00007fb325050000, 0x00007fb33d34ca90, 0x00007fb355170000)
  to   space 787584K,   0% used [0x00007fb2f4f30000, 0x00007fb2f4f30000, 0x00007fb325050000)
 tenured generation   total 15801140K, used 15795884K [0x00007fbc1f0a0000, 0x00007fbfe376d000, 0x00007fd174600000)
   the space 15801140K,  99% used [0x00007fbc1f0a0000, 0x00007fbfe324b398, 0x00007fbfe324b400, 0x00007fbfe376d000)
 Metaspace       used 24303K, capacity 24701K, committed 24832K, reserved 26624K
}
Event: 1766.155 GC heap before
{Heap before GC invocations=1560 (full 8):
 def new generation   total 7088448K, used 396274K [0x00007fb174600000, 0x00007fb355170000, 0x00007fbc1f0a0000)
  eden space 6300864K,   0% used [0x00007fb174600000, 0x00007fb174600000, 0x00007fb2f4f30000)
  from space 787584K,  50% used [0x00007fb325050000, 0x00007fb33d34ca90, 0x00007fb355170000)
  to   space 787584K,   0% used [0x00007fb2f4f30000, 0x00007fb2f4f30000, 0x00007fb325050000)
 tenured generation   total 15801140K, used 15795884K [0x00007fbc1f0a0000, 0x00007fbfe376d000, 0x00007fd174600000)
   the space 15801140K,  99% used [0x00007fbc1f0a0000, 0x00007fbfe324b398, 0x00007fbfe324b400, 0x00007fbfe376d000)
 Metaspace       used 24303K, capacity 24701K, committed 24832K, reserved 26624K
}

