# JRE version: OpenJDK Runtime Environment (13.0.7+5) (build 13.0.7+5-Ubuntu-0ubuntu120.04)
# Java VM: OpenJDK 64-Bit Server VM (13.0.7+5-Ubuntu-0ubuntu120.04, mixed mode, tiered, serial gc, linux-amd64)
Heap:
 def new generation   total 3550016K, used 0K [0x00007f581c600000, 0x00007f590d200000, 0x00007f5d71b50000)
  eden space 3155584K,   0% used [0x00007f581c600000, 0x00007f581c600000, 0x00007f58dcfa0000)
  from space 394432K,   0% used [0x00007f58f50d0000, 0x00007f58f50d0000, 0x00007f590d200000)
  to   space 394432K,   0% used [0x00007f58dcfa0000, 0x00007f58dcfa0000, 0x00007f58f50d0000)
 tenured generation   total 7888764K, used 43063K [0x00007f5d71b50000, 0x00007f5f5332f000, 0x00007f681c600000)
   the space 7888764K,   0% used [0x00007f5d71b50000, 0x00007f5d7455de90, 0x00007f5d7455e000, 0x00007f5f5332f000)
 Metaspace       used 23282K, capacity 23612K, committed 23808K, reserved 24576K
GC Heap History (20 events):
Event: 9.942 GC heap before
{Heap before GC invocations=7 (full 1):
 def new generation   total 629248K, used 1K [0x00007f581c600000, 0x00007f58470c0000, 0x00007f5d71b50000)
  eden space 559360K,   0% used [0x00007f581c600000, 0x00007f581c600000, 0x00007f583e840000)
  from space 69888K,   0% used [0x00007f583e840000, 0x00007f583e840458, 0x00007f5842c80000)
  to   space 69888K,   0% used [0x00007f5842c80000, 0x00007f5842c80000, 0x00007f58470c0000)
 tenured generation   total 1922436K, used 1629183K [0x00007f5d71b50000, 0x00007f5de70b1000, 0x00007f681c600000)
   the space 1922436K,  84% used [0x00007f5d71b50000, 0x00007f5dd524fd90, 0x00007f5dd524fe00, 0x00007f5de70b1000)
 Metaspace       used 23186K, capacity 23587K, committed 23808K, reserved 24576K
}
Event: 10.366 GC heap after
{Heap after GC invocations=7 (full 2):
 def new generation   total 797504K, used 0K [0x00007f581c600000, 0x00007f5852750000, 0x00007f5d71b50000)
  eden space 708928K,   0% used [0x00007f581c600000, 0x00007f581c600000, 0x00007f5847a50000)
  from space 88576K,   0% used [0x00007f5847a50000, 0x00007f5847a50000, 0x00007f584d0d0000)
  to   space 88576K,   0% used [0x00007f584d0d0000, 0x00007f584d0d0000, 0x00007f5852750000)
 tenured generation   total 1772072K, used 1063241K [0x00007f5d71b50000, 0x00007f5ddddda000, 0x00007f681c600000)
   the space 1772072K,  59% used [0x00007f5d71b50000, 0x00007f5db29a2488, 0x00007f5db29a2600, 0x00007f5ddddda000)
 Metaspace       used 23186K, capacity 23587K, committed 23808K, reserved 24576K
}
Event: 13.909 GC heap before
{Heap before GC invocations=7 (full 2):
 def new generation   total 797504K, used 13898K [0x00007f581c600000, 0x00007f5852750000, 0x00007f5d71b50000)
  eden space 708928K,   1% used [0x00007f581c600000, 0x00007f581d3928d0, 0x00007f5847a50000)
  from space 88576K,   0% used [0x00007f5847a50000, 0x00007f5847a50000, 0x00007f584d0d0000)
  to   space 88576K,   0% used [0x00007f584d0d0000, 0x00007f584d0d0000, 0x00007f5852750000)
 tenured generation   total 5966380K, used 5257545K [0x00007f5d71b50000, 0x00007f5eddddb000, 0x00007f681c600000)
   the space 5966380K,  88% used [0x00007f5d71b50000, 0x00007f5eb29a24a0, 0x00007f5eb29a2600, 0x00007f5eddddb000)
 Metaspace       used 23186K, capacity 23587K, committed 23808K, reserved 24576K
}
Event: 13.912 GC heap after
{Heap after GC invocations=8 (full 2):
 def new generation   total 797504K, used 0K [0x00007f581c600000, 0x00007f5852750000, 0x00007f5d71b50000)
  eden space 708928K,   0% used [0x00007f581c600000, 0x00007f581c600000, 0x00007f5847a50000)
  from space 88576K,   0% used [0x00007f584d0d0000, 0x00007f584d0d0160, 0x00007f5852750000)
  to   space 88576K,   0% used [0x00007f5847a50000, 0x00007f5847a50000, 0x00007f584d0d0000)
 tenured generation   total 5966380K, used 5257545K [0x00007f5d71b50000, 0x00007f5eddddb000, 0x00007f681c600000)
   the space 5966380K,  88% used [0x00007f5d71b50000, 0x00007f5eb29a24a0, 0x00007f5eb29a2600, 0x00007f5eddddb000)
 Metaspace       used 23186K, capacity 23587K, committed 23808K, reserved 24576K
}
Event: 13.912 GC heap before
{Heap before GC invocations=8 (full 2):
 def new generation   total 797504K, used 0K [0x00007f581c600000, 0x00007f5852750000, 0x00007f5d71b50000)
  eden space 708928K,   0% used [0x00007f581c600000, 0x00007f581c600000, 0x00007f5847a50000)
  from space 88576K,   0% used [0x00007f584d0d0000, 0x00007f584d0d0160, 0x00007f5852750000)
  to   space 88576K,   0% used [0x00007f5847a50000, 0x00007f5847a50000, 0x00007f584d0d0000)
 tenured generation   total 5966380K, used 5257545K [0x00007f5d71b50000, 0x00007f5eddddb000, 0x00007f681c600000)
   the space 5966380K,  88% used [0x00007f5d71b50000, 0x00007f5eb29a24a0, 0x00007f5eb29a2600, 0x00007f5eddddb000)
 Metaspace       used 23186K, capacity 23587K, committed 23808K, reserved 24576K
}
Event: 15.418 GC heap after
{Heap after GC invocations=8 (full 3):
 def new generation   total 3550016K, used 0K [0x00007f581c600000, 0x00007f590d200000, 0x00007f5d71b50000)
  eden space 3155584K,   0% used [0x00007f581c600000, 0x00007f581c600000, 0x00007f58dcfa0000)
  from space 394432K,   0% used [0x00007f58dcfa0000, 0x00007f58dcfa0000, 0x00007f58f50d0000)
  to   space 394432K,   0% used [0x00007f58f50d0000, 0x00007f58f50d0000, 0x00007f590d200000)
 tenured generation   total 7888764K, used 4733257K [0x00007f5d71b50000, 0x00007f5f5332f000, 0x00007f681c600000)
   the space 7888764K,  59% used [0x00007f5d71b50000, 0x00007f5e929a2428, 0x00007f5e929a2600, 0x00007f5f5332f000)
 Metaspace       used 23186K, capacity 23587K, committed 23808K, reserved 24576K
}
Event: 17.415 GC heap before
{Heap before GC invocations=8 (full 3):
 def new generation   total 3550016K, used 2159015K [0x00007f581c600000, 0x00007f590d200000, 0x00007f5d71b50000)
  eden space 3155584K,  68% used [0x00007f581c600000, 0x00007f58a0269eb0, 0x00007f58dcfa0000)
  from space 394432K,   0% used [0x00007f58dcfa0000, 0x00007f58dcfa0000, 0x00007f58f50d0000)
  to   space 394432K,   0% used [0x00007f58f50d0000, 0x00007f58f50d0000, 0x00007f590d200000)
 tenured generation   total 7888764K, used 4733257K [0x00007f5d71b50000, 0x00007f5f5332f000, 0x00007f681c600000)
   the space 7888764K,  59% used [0x00007f5d71b50000, 0x00007f5e929a2428, 0x00007f5e929a2600, 0x00007f5f5332f000)
 Metaspace       used 23186K, capacity 23587K, committed 23808K, reserved 24576K
}
Event: 18.571 GC heap after
{Heap after GC invocations=9 (full 3):
 def new generation   total 3550016K, used 0K [0x00007f581c600000, 0x00007f590d200000, 0x00007f5d71b50000)
  eden space 3155584K,   0% used [0x00007f581c600000, 0x00007f581c600000, 0x00007f58dcfa0000)
  from space 394432K,   0% used [0x00007f58f50d0000, 0x00007f58f50d00a8, 0x00007f590d200000)
  to   space 394432K,   0% used [0x00007f58dcfa0000, 0x00007f58dcfa0000, 0x00007f58f50d0000)
 tenured generation   total 7888764K, used 6830409K [0x00007f5d71b50000, 0x00007f5f5332f000, 0x00007f681c600000)
   the space 7888764K,  86% used [0x00007f5d71b50000, 0x00007f5f129a2440, 0x00007f5f129a2600, 0x00007f5f5332f000)
 Metaspace       used 23186K, capacity 23587K, committed 23808K, reserved 24576K
}
Event: 19.707 GC heap before
{Heap before GC invocations=9 (full 3):
 def new generation   total 3550016K, used 2158819K [0x00007f581c600000, 0x00007f590d200000, 0x00007f5d71b50000)
  eden space 3155584K,  68% used [0x00007f581c600000, 0x00007f58a0238e60, 0x00007f58dcfa0000)
  from space 394432K,   0% used [0x00007f58f50d0000, 0x00007f58f50d00a8, 0x00007f590d200000)
  to   space 394432K,   0% used [0x00007f58dcfa0000, 0x00007f58dcfa0000, 0x00007f58f50d0000)
 tenured generation   total 7888764K, used 6830409K [0x00007f5d71b50000, 0x00007f5f5332f000, 0x00007f681c600000)
   the space 7888764K,  86% used [0x00007f5d71b50000, 0x00007f5f129a2440, 0x00007f5f129a2600, 0x00007f5f5332f000)
 Metaspace       used 23186K, capacity 23587K, committed 23808K, reserved 24576K
}
Event: 20.874 GC heap after
{Heap after GC invocations=10 (full 3):
 def new generation   total 3550016K, used 0K [0x00007f581c600000, 0x00007f590d200000, 0x00007f5d71b50000)
  eden space 3155584K,   0% used [0x00007f581c600000, 0x00007f581c600000, 0x00007f58dcfa0000)
  from space 394432K,   0% used [0x00007f58dcfa0000, 0x00007f58dcfa02f0, 0x00007f58f50d0000)
  to   space 394432K,   0% used [0x00007f58f50d0000, 0x00007f58f50d0000, 0x00007f590d200000)
 tenured generation   total 9985920K, used 8927561K [0x00007f5d71b50000, 0x00007f5fd3330000, 0x00007f681c600000)
   the space 9985920K,  89% used [0x00007f5d71b50000, 0x00007f5f929a2458, 0x00007f5f929a2600, 0x00007f5fd3330000)
 Metaspace       used 23186K, capacity 23587K, committed 23808K, reserved 24576K
}
Event: 20.874 GC heap before
{Heap before GC invocations=10 (full 3):
 def new generation   total 3550016K, used 0K [0x00007f581c600000, 0x00007f590d200000, 0x00007f5d71b50000)
  eden space 3155584K,   0% used [0x00007f581c600000, 0x00007f581c600000, 0x00007f58dcfa0000)
  from space 394432K,   0% used [0x00007f58dcfa0000, 0x00007f58dcfa02f0, 0x00007f58f50d0000)
  to   space 394432K,   0% used [0x00007f58f50d0000, 0x00007f58f50d0000, 0x00007f590d200000)
 tenured generation   total 9985920K, used 8927561K [0x00007f5d71b50000, 0x00007f5fd3330000, 0x00007f681c600000)
   the space 9985920K,  89% used [0x00007f5d71b50000, 0x00007f5f929a2458, 0x00007f5f929a2600, 0x00007f5fd3330000)
 Metaspace       used 23186K, capacity 23587K, committed 23808K, reserved 24576K
}
Event: 21.740 GC heap after
{Heap after GC invocations=10 (full 4):
 def new generation   total 3550016K, used 0K [0x00007f581c600000, 0x00007f590d200000, 0x00007f5d71b50000)
  eden space 3155584K,   0% used [0x00007f581c600000, 0x00007f581c600000, 0x00007f58dcfa0000)
  from space 394432K,   0% used [0x00007f58dcfa0000, 0x00007f58dcfa0000, 0x00007f58f50d0000)
  to   space 394432K,   0% used [0x00007f58f50d0000, 0x00007f58f50d0000, 0x00007f590d200000)
 tenured generation   total 7888764K, used 4203619K [0x00007f5d71b50000, 0x00007f5f5332f000, 0x00007f681c600000)
   the space 7888764K,  53% used [0x00007f5d71b50000, 0x00007f5e72468fc0, 0x00007f5e72469000, 0x00007f5f5332f000)
 Metaspace       used 23186K, capacity 23587K, committed 23808K, reserved 24576K
}
Event: 25.044 GC heap before
{Heap before GC invocations=10 (full 4):
 def new generation   total 3550016K, used 3141734K [0x00007f581c600000, 0x00007f590d200000, 0x00007f5d71b50000)
  eden space 3155584K,  99% used [0x00007f581c600000, 0x00007f58dc2198c0, 0x00007f58dcfa0000)
  from space 394432K,   0% used [0x00007f58dcfa0000, 0x00007f58dcfa0000, 0x00007f58f50d0000)
  to   space 394432K,   0% used [0x00007f58f50d0000, 0x00007f58f50d0000, 0x00007f590d200000)
 tenured generation   total 7888764K, used 4203619K [0x00007f5d71b50000, 0x00007f5f5332f000, 0x00007f681c600000)
   the space 7888764K,  53% used [0x00007f5d71b50000, 0x00007f5e72468fc0, 0x00007f5e72469000, 0x00007f5f5332f000)
 Metaspace       used 23187K, capacity 23588K, committed 23808K, reserved 24576K
}
Event: 25.189 GC heap after
{Heap after GC invocations=11 (full 4):
 def new generation   total 3550016K, used 349283K [0x00007f581c600000, 0x00007f590d200000, 0x00007f5d71b50000)
  eden space 3155584K,   0% used [0x00007f581c600000, 0x00007f581c600000, 0x00007f58dcfa0000)
  from space 394432K,  88% used [0x00007f58f50d0000, 0x00007f590a5e8c38, 0x00007f590d200000)
  to   space 394432K,   0% used [0x00007f58dcfa0000, 0x00007f58dcfa0000, 0x00007f58f50d0000)
 tenured generation   total 7888764K, used 4203619K [0x00007f5d71b50000, 0x00007f5f5332f000, 0x00007f681c600000)
   the space 7888764K,  53% used [0x00007f5d71b50000, 0x00007f5e72468fc0, 0x00007f5e72469000, 0x00007f5f5332f000)
 Metaspace       used 23187K, capacity 23588K, committed 23808K, reserved 24576K
}
Event: 26.610 GC heap before
{Heap before GC invocations=11 (full 4):
 def new generation   total 3550016K, used 3504867K [0x00007f581c600000, 0x00007f590d200000, 0x00007f5d71b50000)
  eden space 3155584K, 100% used [0x00007f581c600000, 0x00007f58dcfa0000, 0x00007f58dcfa0000)
  from space 394432K,  88% used [0x00007f58f50d0000, 0x00007f590a5e8c38, 0x00007f590d200000)
  to   space 394432K,   0% used [0x00007f58dcfa0000, 0x00007f58dcfa0000, 0x00007f58f50d0000)
 tenured generation   total 7888764K, used 4203619K [0x00007f5d71b50000, 0x00007f5f5332f000, 0x00007f681c600000)
   the space 7888764K,  53% used [0x00007f5d71b50000, 0x00007f5e72468fc0, 0x00007f5e72469000, 0x00007f5f5332f000)
 Metaspace       used 23263K, capacity 23598K, committed 23808K, reserved 24576K
}
Event: 26.675 GC heap after
{Heap after GC invocations=12 (full 4):
 def new generation   total 3550016K, used 623K [0x00007f581c600000, 0x00007f590d200000, 0x00007f5d71b50000)
  eden space 3155584K,   0% used [0x00007f581c600000, 0x00007f581c600000, 0x00007f58dcfa0000)
  from space 394432K,   0% used [0x00007f58dcfa0000, 0x00007f58dd03bef0, 0x00007f58f50d0000)
  to   space 394432K,   0% used [0x00007f58f50d0000, 0x00007f58f50d0000, 0x00007f590d200000)
 tenured generation   total 7888764K, used 4536426K [0x00007f5d71b50000, 0x00007f5f5332f000, 0x00007f681c600000)
   the space 7888764K,  57% used [0x00007f5d71b50000, 0x00007f5e8696a9d0, 0x00007f5e8696aa00, 0x00007f5f5332f000)
 Metaspace       used 23263K, capacity 23598K, committed 23808K, reserved 24576K
}
Event: 28.050 GC heap before
{Heap before GC invocations=12 (full 4):
 def new generation   total 3550016K, used 1642621K [0x00007f581c600000, 0x00007f590d200000, 0x00007f5d71b50000)
  eden space 3155584K,  52% used [0x00007f581c600000, 0x00007f5880983750, 0x00007f58dcfa0000)
  from space 394432K,   0% used [0x00007f58dcfa0000, 0x00007f58dd03bef0, 0x00007f58f50d0000)
  to   space 394432K,   0% used [0x00007f58f50d0000, 0x00007f58f50d0000, 0x00007f590d200000)
 tenured generation   total 7888764K, used 4536426K [0x00007f5d71b50000, 0x00007f5f5332f000, 0x00007f681c600000)
   the space 7888764K,  57% used [0x00007f5d71b50000, 0x00007f5e8696a9d0, 0x00007f5e8696aa00, 0x00007f5f5332f000)
 Metaspace       used 23282K, capacity 23612K, committed 23808K, reserved 24576K
}
Event: 28.058 GC heap after
{Heap after GC invocations=13 (full 4):
 def new generation   total 3550016K, used 33802K [0x00007f581c600000, 0x00007f590d200000, 0x00007f5d71b50000)
  eden space 3155584K,   0% used [0x00007f581c600000, 0x00007f581c600000, 0x00007f58dcfa0000)
  from space 394432K,   8% used [0x00007f58f50d0000, 0x00007f58f71d2b08, 0x00007f590d200000)
  to   space 394432K,   0% used [0x00007f58dcfa0000, 0x00007f58dcfa0000, 0x00007f58f50d0000)
 tenured generation   total 7888764K, used 4536426K [0x00007f5d71b50000, 0x00007f5f5332f000, 0x00007f681c600000)
   the space 7888764K,  57% used [0x00007f5d71b50000, 0x00007f5e8696a9d0, 0x00007f5e8696aa00, 0x00007f5f5332f000)
 Metaspace       used 23282K, capacity 23612K, committed 23808K, reserved 24576K
}
Event: 28.058 GC heap before
{Heap before GC invocations=13 (full 4):
 def new generation   total 3550016K, used 33802K [0x00007f581c600000, 0x00007f590d200000, 0x00007f5d71b50000)
  eden space 3155584K,   0% used [0x00007f581c600000, 0x00007f581c600000, 0x00007f58dcfa0000)
  from space 394432K,   8% used [0x00007f58f50d0000, 0x00007f58f71d2b08, 0x00007f590d200000)
  to   space 394432K,   0% used [0x00007f58dcfa0000, 0x00007f58dcfa0000, 0x00007f58f50d0000)
 tenured generation   total 7888764K, used 4536426K [0x00007f5d71b50000, 0x00007f5f5332f000, 0x00007f681c600000)
   the space 7888764K,  57% used [0x00007f5d71b50000, 0x00007f5e8696a9d0, 0x00007f5e8696aa00, 0x00007f5f5332f000)
 Metaspace       used 23282K, capacity 23612K, committed 23808K, reserved 24576K
}
Event: 28.163 GC heap after
{Heap after GC invocations=13 (full 5):
 def new generation   total 3550016K, used 0K [0x00007f581c600000, 0x00007f590d200000, 0x00007f5d71b50000)
  eden space 3155584K,   0% used [0x00007f581c600000, 0x00007f581c600000, 0x00007f58dcfa0000)
  from space 394432K,   0% used [0x00007f58f50d0000, 0x00007f58f50d0000, 0x00007f590d200000)
  to   space 394432K,   0% used [0x00007f58dcfa0000, 0x00007f58dcfa0000, 0x00007f58f50d0000)
 tenured generation   total 7888764K, used 43063K [0x00007f5d71b50000, 0x00007f5f5332f000, 0x00007f681c600000)
   the space 7888764K,   0% used [0x00007f5d71b50000, 0x00007f5d7455de90, 0x00007f5d7455e000, 0x00007f5f5332f000)
 Metaspace       used 23282K, capacity 23612K, committed 23808K, reserved 24576K
}

