# JRE version: OpenJDK Runtime Environment (13.0.7+5) (build 13.0.7+5-Ubuntu-0ubuntu120.04)
# Java VM: OpenJDK 64-Bit Server VM (13.0.7+5-Ubuntu-0ubuntu120.04, mixed mode, tiered, serial gc, linux-amd64)
Heap:
 def new generation   total 2917120K, used 79163K [0x00007f73b4600000, 0x00007f747a340000, 0x00007f7909b50000)
  eden space 2593024K,   3% used [0x00007f73b4600000, 0x00007f73b934ecf0, 0x00007f7452a40000)
  from space 324096K,   0% used [0x00007f7452a40000, 0x00007f7452a40000, 0x00007f74666c0000)
  to   space 324096K,   0% used [0x00007f74666c0000, 0x00007f74666c0000, 0x00007f747a340000)
 tenured generation   total 6485992K, used 6485991K [0x00007f7909b50000, 0x00007f7a9594a000, 0x00007f83b4600000)
   the space 6485992K,  99% used [0x00007f7909b50000, 0x00007f7a95949fc8, 0x00007f7a9594a000, 0x00007f7a9594a000)
 Metaspace       used 24270K, capacity 24722K, committed 24832K, reserved 26624K
GC Heap History (20 events):
Event: 3412.330 GC heap after
{Heap after GC invocations=2735 (full 4):
 def new generation   total 2917120K, used 77736K [0x00007f73b4600000, 0x00007f747a340000, 0x00007f7909b50000)
  eden space 2593024K,   0% used [0x00007f73b4600000, 0x00007f73b4600000, 0x00007f7452a40000)
  from space 324096K,  23% used [0x00007f74666c0000, 0x00007f746b2aa098, 0x00007f747a340000)
  to   space 324096K,   0% used [0x00007f7452a40000, 0x00007f7452a40000, 0x00007f74666c0000)
 tenured generation   total 6482344K, used 6436193K [0x00007f7909b50000, 0x00007f7a955ba000, 0x00007f83b4600000)
   the space 6482344K,  99% used [0x00007f7909b50000, 0x00007f7a928a87e0, 0x00007f7a928a8800, 0x00007f7a955ba000)
 Metaspace       used 24270K, capacity 24722K, committed 24832K, reserved 26624K
}
Event: 3414.924 GC heap before
{Heap before GC invocations=2735 (full 4):
 def new generation   total 2917120K, used 2670760K [0x00007f73b4600000, 0x00007f747a340000, 0x00007f7909b50000)
  eden space 2593024K, 100% used [0x00007f73b4600000, 0x00007f7452a40000, 0x00007f7452a40000)
  from space 324096K,  23% used [0x00007f74666c0000, 0x00007f746b2aa098, 0x00007f747a340000)
  to   space 324096K,   0% used [0x00007f7452a40000, 0x00007f7452a40000, 0x00007f74666c0000)
 tenured generation   total 6482344K, used 6436193K [0x00007f7909b50000, 0x00007f7a955ba000, 0x00007f83b4600000)
   the space 6482344K,  99% used [0x00007f7909b50000, 0x00007f7a928a87e0, 0x00007f7a928a8800, 0x00007f7a955ba000)
 Metaspace       used 24270K, capacity 24722K, committed 24832K, reserved 26624K
}
Event: 3415.102 GC heap after
{Heap after GC invocations=2736 (full 4):
 def new generation   total 2917120K, used 80247K [0x00007f73b4600000, 0x00007f747a340000, 0x00007f7909b50000)
  eden space 2593024K,   0% used [0x00007f73b4600000, 0x00007f73b4600000, 0x00007f7452a40000)
  from space 324096K,  24% used [0x00007f7452a40000, 0x00007f745789ddb0, 0x00007f74666c0000)
  to   space 324096K,   0% used [0x00007f74666c0000, 0x00007f74666c0000, 0x00007f747a340000)
 tenured generation   total 6482344K, used 6440648K [0x00007f7909b50000, 0x00007f7a955ba000, 0x00007f83b4600000)
   the space 6482344K,  99% used [0x00007f7909b50000, 0x00007f7a92d023f8, 0x00007f7a92d02400, 0x00007f7a955ba000)
 Metaspace       used 24270K, capacity 24722K, committed 24832K, reserved 26624K
}
Event: 3417.799 GC heap before
{Heap before GC invocations=2736 (full 4):
 def new generation   total 2917120K, used 2673271K [0x00007f73b4600000, 0x00007f747a340000, 0x00007f7909b50000)
  eden space 2593024K, 100% used [0x00007f73b4600000, 0x00007f7452a40000, 0x00007f7452a40000)
  from space 324096K,  24% used [0x00007f7452a40000, 0x00007f745789ddb0, 0x00007f74666c0000)
  to   space 324096K,   0% used [0x00007f74666c0000, 0x00007f74666c0000, 0x00007f747a340000)
 tenured generation   total 6482344K, used 6440648K [0x00007f7909b50000, 0x00007f7a955ba000, 0x00007f83b4600000)
   the space 6482344K,  99% used [0x00007f7909b50000, 0x00007f7a92d023f8, 0x00007f7a92d02400, 0x00007f7a955ba000)
 Metaspace       used 24270K, capacity 24722K, committed 24832K, reserved 26624K
}
Event: 3417.993 GC heap after
{Heap after GC invocations=2737 (full 4):
 def new generation   total 2917120K, used 86814K [0x00007f73b4600000, 0x00007f747a340000, 0x00007f7909b50000)
  eden space 2593024K,   0% used [0x00007f73b4600000, 0x00007f73b4600000, 0x00007f7452a40000)
  from space 324096K,  26% used [0x00007f74666c0000, 0x00007f746bb87b28, 0x00007f747a340000)
  to   space 324096K,   0% used [0x00007f7452a40000, 0x00007f7452a40000, 0x00007f74666c0000)
 tenured generation   total 6482344K, used 6443415K [0x00007f7909b50000, 0x00007f7a955ba000, 0x00007f83b4600000)
   the space 6482344K,  99% used [0x00007f7909b50000, 0x00007f7a92fb5cc8, 0x00007f7a92fb5e00, 0x00007f7a955ba000)
 Metaspace       used 24270K, capacity 24722K, committed 24832K, reserved 26624K
}
Event: 3420.630 GC heap before
{Heap before GC invocations=2737 (full 4):
 def new generation   total 2917120K, used 2679838K [0x00007f73b4600000, 0x00007f747a340000, 0x00007f7909b50000)
  eden space 2593024K, 100% used [0x00007f73b4600000, 0x00007f7452a40000, 0x00007f7452a40000)
  from space 324096K,  26% used [0x00007f74666c0000, 0x00007f746bb87b28, 0x00007f747a340000)
  to   space 324096K,   0% used [0x00007f7452a40000, 0x00007f7452a40000, 0x00007f74666c0000)
 tenured generation   total 6482344K, used 6443415K [0x00007f7909b50000, 0x00007f7a955ba000, 0x00007f83b4600000)
   the space 6482344K,  99% used [0x00007f7909b50000, 0x00007f7a92fb5cc8, 0x00007f7a92fb5e00, 0x00007f7a955ba000)
 Metaspace       used 24270K, capacity 24722K, committed 24832K, reserved 26624K
}
Event: 3420.833 GC heap after
{Heap after GC invocations=2738 (full 4):
 def new generation   total 2917120K, used 86750K [0x00007f73b4600000, 0x00007f747a340000, 0x00007f7909b50000)
  eden space 2593024K,   0% used [0x00007f73b4600000, 0x00007f73b4600000, 0x00007f7452a40000)
  from space 324096K,  26% used [0x00007f7452a40000, 0x00007f7457ef7838, 0x00007f74666c0000)
  to   space 324096K,   0% used [0x00007f74666c0000, 0x00007f74666c0000, 0x00007f747a340000)
 tenured generation   total 6482344K, used 6448318K [0x00007f7909b50000, 0x00007f7a955ba000, 0x00007f83b4600000)
   the space 6482344K,  99% used [0x00007f7909b50000, 0x00007f7a9347f908, 0x00007f7a9347fa00, 0x00007f7a955ba000)
 Metaspace       used 24270K, capacity 24722K, committed 24832K, reserved 26624K
}
Event: 3423.456 GC heap before
{Heap before GC invocations=2738 (full 4):
 def new generation   total 2917120K, used 2679774K [0x00007f73b4600000, 0x00007f747a340000, 0x00007f7909b50000)
  eden space 2593024K, 100% used [0x00007f73b4600000, 0x00007f7452a40000, 0x00007f7452a40000)
  from space 324096K,  26% used [0x00007f7452a40000, 0x00007f7457ef7838, 0x00007f74666c0000)
  to   space 324096K,   0% used [0x00007f74666c0000, 0x00007f74666c0000, 0x00007f747a340000)
 tenured generation   total 6482344K, used 6448318K [0x00007f7909b50000, 0x00007f7a955ba000, 0x00007f83b4600000)
   the space 6482344K,  99% used [0x00007f7909b50000, 0x00007f7a9347f908, 0x00007f7a9347fa00, 0x00007f7a955ba000)
 Metaspace       used 24270K, capacity 24722K, committed 24832K, reserved 26624K
}
Event: 3423.659 GC heap after
{Heap after GC invocations=2739 (full 4):
 def new generation   total 2917120K, used 80375K [0x00007f73b4600000, 0x00007f747a340000, 0x00007f7909b50000)
  eden space 2593024K,   0% used [0x00007f73b4600000, 0x00007f73b4600000, 0x00007f7452a40000)
  from space 324096K,  24% used [0x00007f74666c0000, 0x00007f746b53de90, 0x00007f747a340000)
  to   space 324096K,   0% used [0x00007f7452a40000, 0x00007f7452a40000, 0x00007f74666c0000)
 tenured generation   total 6482344K, used 6457498K [0x00007f7909b50000, 0x00007f7a955ba000, 0x00007f83b4600000)
   the space 6482344K,  99% used [0x00007f7909b50000, 0x00007f7a93d76ac8, 0x00007f7a93d76c00, 0x00007f7a955ba000)
 Metaspace       used 24270K, capacity 24722K, committed 24832K, reserved 26624K
}
Event: 3426.292 GC heap before
{Heap before GC invocations=2739 (full 4):
 def new generation   total 2917120K, used 2673399K [0x00007f73b4600000, 0x00007f747a340000, 0x00007f7909b50000)
  eden space 2593024K, 100% used [0x00007f73b4600000, 0x00007f7452a40000, 0x00007f7452a40000)
  from space 324096K,  24% used [0x00007f74666c0000, 0x00007f746b53de90, 0x00007f747a340000)
  to   space 324096K,   0% used [0x00007f7452a40000, 0x00007f7452a40000, 0x00007f74666c0000)
 tenured generation   total 6482344K, used 6457498K [0x00007f7909b50000, 0x00007f7a955ba000, 0x00007f83b4600000)
   the space 6482344K,  99% used [0x00007f7909b50000, 0x00007f7a93d76ac8, 0x00007f7a93d76c00, 0x00007f7a955ba000)
 Metaspace       used 24270K, capacity 24722K, committed 24832K, reserved 26624K
}
Event: 3426.473 GC heap after
{Heap after GC invocations=2740 (full 4):
 def new generation   total 2917120K, used 81750K [0x00007f73b4600000, 0x00007f747a340000, 0x00007f7909b50000)
  eden space 2593024K,   0% used [0x00007f73b4600000, 0x00007f73b4600000, 0x00007f7452a40000)
  from space 324096K,  25% used [0x00007f7452a40000, 0x00007f7457a15ab8, 0x00007f74666c0000)
  to   space 324096K,   0% used [0x00007f74666c0000, 0x00007f74666c0000, 0x00007f747a340000)
 tenured generation   total 6482344K, used 6463300K [0x00007f7909b50000, 0x00007f7a955ba000, 0x00007f83b4600000)
   the space 6482344K,  99% used [0x00007f7909b50000, 0x00007f7a94321370, 0x00007f7a94321400, 0x00007f7a955ba000)
 Metaspace       used 24270K, capacity 24722K, committed 24832K, reserved 26624K
}
Event: 3429.166 GC heap before
{Heap before GC invocations=2740 (full 4):
 def new generation   total 2917120K, used 2674774K [0x00007f73b4600000, 0x00007f747a340000, 0x00007f7909b50000)
  eden space 2593024K, 100% used [0x00007f73b4600000, 0x00007f7452a40000, 0x00007f7452a40000)
  from space 324096K,  25% used [0x00007f7452a40000, 0x00007f7457a15ab8, 0x00007f74666c0000)
  to   space 324096K,   0% used [0x00007f74666c0000, 0x00007f74666c0000, 0x00007f747a340000)
 tenured generation   total 6482344K, used 6463300K [0x00007f7909b50000, 0x00007f7a955ba000, 0x00007f83b4600000)
   the space 6482344K,  99% used [0x00007f7909b50000, 0x00007f7a94321370, 0x00007f7a94321400, 0x00007f7a955ba000)
 Metaspace       used 24270K, capacity 24722K, committed 24832K, reserved 26624K
}
Event: 3429.356 GC heap after
{Heap after GC invocations=2741 (full 4):
 def new generation   total 2917120K, used 88915K [0x00007f73b4600000, 0x00007f747a340000, 0x00007f7909b50000)
  eden space 2593024K,   0% used [0x00007f73b4600000, 0x00007f73b4600000, 0x00007f7452a40000)
  from space 324096K,  27% used [0x00007f74666c0000, 0x00007f746bd94d70, 0x00007f747a340000)
  to   space 324096K,   0% used [0x00007f7452a40000, 0x00007f7452a40000, 0x00007f74666c0000)
 tenured generation   total 6482344K, used 6465520K [0x00007f7909b50000, 0x00007f7a955ba000, 0x00007f83b4600000)
   the space 6482344K,  99% used [0x00007f7909b50000, 0x00007f7a9454c060, 0x00007f7a9454c200, 0x00007f7a955ba000)
 Metaspace       used 24270K, capacity 24722K, committed 24832K, reserved 26624K
}
Event: 3431.988 GC heap before
{Heap before GC invocations=2741 (full 4):
 def new generation   total 2917120K, used 2681939K [0x00007f73b4600000, 0x00007f747a340000, 0x00007f7909b50000)
  eden space 2593024K, 100% used [0x00007f73b4600000, 0x00007f7452a40000, 0x00007f7452a40000)
  from space 324096K,  27% used [0x00007f74666c0000, 0x00007f746bd94d70, 0x00007f747a340000)
  to   space 324096K,   0% used [0x00007f7452a40000, 0x00007f7452a40000, 0x00007f74666c0000)
 tenured generation   total 6482344K, used 6465520K [0x00007f7909b50000, 0x00007f7a955ba000, 0x00007f83b4600000)
   the space 6482344K,  99% used [0x00007f7909b50000, 0x00007f7a9454c060, 0x00007f7a9454c200, 0x00007f7a955ba000)
 Metaspace       used 24270K, capacity 24722K, committed 24832K, reserved 26624K
}
Event: 3432.207 GC heap after
{Heap after GC invocations=2742 (full 4):
 def new generation   total 2917120K, used 88929K [0x00007f73b4600000, 0x00007f747a340000, 0x00007f7909b50000)
  eden space 2593024K,   0% used [0x00007f73b4600000, 0x00007f73b4600000, 0x00007f7452a40000)
  from space 324096K,  27% used [0x00007f7452a40000, 0x00007f7458118608, 0x00007f74666c0000)
  to   space 324096K,   0% used [0x00007f74666c0000, 0x00007f74666c0000, 0x00007f747a340000)
 tenured generation   total 6482344K, used 6471071K [0x00007f7909b50000, 0x00007f7a955ba000, 0x00007f83b4600000)
   the space 6482344K,  99% used [0x00007f7909b50000, 0x00007f7a94ab7dd0, 0x00007f7a94ab7e00, 0x00007f7a955ba000)
 Metaspace       used 24270K, capacity 24722K, committed 24832K, reserved 26624K
}
Event: 3434.856 GC heap before
{Heap before GC invocations=2742 (full 4):
 def new generation   total 2917120K, used 2681953K [0x00007f73b4600000, 0x00007f747a340000, 0x00007f7909b50000)
  eden space 2593024K, 100% used [0x00007f73b4600000, 0x00007f7452a40000, 0x00007f7452a40000)
  from space 324096K,  27% used [0x00007f7452a40000, 0x00007f7458118608, 0x00007f74666c0000)
  to   space 324096K,   0% used [0x00007f74666c0000, 0x00007f74666c0000, 0x00007f747a340000)
 tenured generation   total 6482344K, used 6471071K [0x00007f7909b50000, 0x00007f7a955ba000, 0x00007f83b4600000)
   the space 6482344K,  99% used [0x00007f7909b50000, 0x00007f7a94ab7dd0, 0x00007f7a94ab7e00, 0x00007f7a955ba000)
 Metaspace       used 24270K, capacity 24722K, committed 24832K, reserved 26624K
}
Event: 3435.060 GC heap after
{Heap after GC invocations=2743 (full 4):
 def new generation   total 2917120K, used 81540K [0x00007f73b4600000, 0x00007f747a340000, 0x00007f7909b50000)
  eden space 2593024K,   0% used [0x00007f73b4600000, 0x00007f73b4600000, 0x00007f7452a40000)
  from space 324096K,  25% used [0x00007f74666c0000, 0x00007f746b6612e8, 0x00007f747a340000)
  to   space 324096K,   0% used [0x00007f7452a40000, 0x00007f7452a40000, 0x00007f74666c0000)
 tenured generation   total 6482344K, used 6480450K [0x00007f7909b50000, 0x00007f7a955ba000, 0x00007f83b4600000)
   the space 6482344K,  99% used [0x00007f7909b50000, 0x00007f7a953e0b90, 0x00007f7a953e0c00, 0x00007f7a955ba000)
 Metaspace       used 24270K, capacity 24722K, committed 24832K, reserved 26624K
}
Event: 3437.659 GC heap before
{Heap before GC invocations=2743 (full 4):
 def new generation   total 2917120K, used 2674564K [0x00007f73b4600000, 0x00007f747a340000, 0x00007f7909b50000)
  eden space 2593024K, 100% used [0x00007f73b4600000, 0x00007f7452a40000, 0x00007f7452a40000)
  from space 324096K,  25% used [0x00007f74666c0000, 0x00007f746b6612e8, 0x00007f747a340000)
  to   space 324096K,   0% used [0x00007f7452a40000, 0x00007f7452a40000, 0x00007f74666c0000)
 tenured generation   total 6482344K, used 6480450K [0x00007f7909b50000, 0x00007f7a955ba000, 0x00007f83b4600000)
   the space 6482344K,  99% used [0x00007f7909b50000, 0x00007f7a953e0b90, 0x00007f7a953e0c00, 0x00007f7a955ba000)
 Metaspace       used 24270K, capacity 24722K, committed 24832K, reserved 26624K
}
Event: 3437.837 GC heap after
{Heap after GC invocations=2744 (full 4):
 def new generation   total 2917120K, used 79349K [0x00007f73b4600000, 0x00007f747a340000, 0x00007f7909b50000)
  eden space 2593024K,   0% used [0x00007f73b4600000, 0x00007f73b4600000, 0x00007f7452a40000)
  from space 324096K,  24% used [0x00007f7452a40000, 0x00007f74577bd6f0, 0x00007f74666c0000)
  to   space 324096K,   0% used [0x00007f74666c0000, 0x00007f74666c0000, 0x00007f747a340000)
 tenured generation   total 6485992K, used 6485805K [0x00007f7909b50000, 0x00007f7a9594a000, 0x00007f83b4600000)
   the space 6485992K,  99% used [0x00007f7909b50000, 0x00007f7a9591b5c8, 0x00007f7a9591b600, 0x00007f7a9594a000)
 Metaspace       used 24270K, capacity 24722K, committed 24832K, reserved 26624K
}
Event: 3437.837 GC heap before
{Heap before GC invocations=2744 (full 4):
 def new generation   total 2917120K, used 79349K [0x00007f73b4600000, 0x00007f747a340000, 0x00007f7909b50000)
  eden space 2593024K,   0% used [0x00007f73b4600000, 0x00007f73b4600000, 0x00007f7452a40000)
  from space 324096K,  24% used [0x00007f7452a40000, 0x00007f74577bd6f0, 0x00007f74666c0000)
  to   space 324096K,   0% used [0x00007f74666c0000, 0x00007f74666c0000, 0x00007f747a340000)
 tenured generation   total 6485992K, used 6485805K [0x00007f7909b50000, 0x00007f7a9594a000, 0x00007f83b4600000)
   the space 6485992K,  99% used [0x00007f7909b50000, 0x00007f7a9591b5c8, 0x00007f7a9591b600, 0x00007f7a9594a000)
 Metaspace       used 24270K, capacity 24722K, committed 24832K, reserved 26624K
}

