# JRE version: OpenJDK Runtime Environment (13.0.7+5) (build 13.0.7+5-Ubuntu-0ubuntu120.04)
# Java VM: OpenJDK 64-Bit Server VM (13.0.7+5-Ubuntu-0ubuntu120.04, mixed mode, tiered, serial gc, linux-amd64)
Heap:
 def new generation   total 5913984K, used 656997K [0x00007f32fc600000, 0x00007f348d710000, 0x00007f3851b50000)
  eden space 5256896K,  12% used [0x00007f32fc600000, 0x00007f33247996a0, 0x00007f343d3b0000)
  from space 657088K,   0% used [0x00007f343d3b0000, 0x00007f343d3b0000, 0x00007f3465560000)
  to   space 657088K,   0% used [0x00007f3465560000, 0x00007f3465560000, 0x00007f348d710000)
 tenured generation   total 17741764K, used 17741762K [0x00007f3851b50000, 0x00007f3c8c941000, 0x00007f42fc600000)
   the space 17741764K,  99% used [0x00007f3851b50000, 0x00007f3c8c940978, 0x00007f3c8c940a00, 0x00007f3c8c941000)
 Metaspace       used 30323K, capacity 30763K, committed 30976K, reserved 32768K
GC Heap History (20 events):
Event: 294.528 GC heap after
{Heap after GC invocations=67 (full 6):
 def new generation   total 4874496K, used 512188K [0x00007f32fc600000, 0x00007f3446f20000, 0x00007f3851b50000)
  eden space 4332928K,   0% used [0x00007f32fc600000, 0x00007f32fc600000, 0x00007f3404d60000)
  from space 541568K,  94% used [0x00007f3425e40000, 0x00007f344526f280, 0x00007f3446f20000)
  to   space 541568K,   0% used [0x00007f3404d60000, 0x00007f3404d60000, 0x00007f3425e40000)
 tenured generation   total 10832092K, used 7508417K [0x00007f3851b50000, 0x00007f3ae6d87000, 0x00007f42fc600000)
   the space 10832092K,  69% used [0x00007f3851b50000, 0x00007f3a1bfc0528, 0x00007f3a1bfc0600, 0x00007f3ae6d87000)
 Metaspace       used 30321K, capacity 30763K, committed 30976K, reserved 32768K
}
Event: 347.746 GC heap before
{Heap before GC invocations=67 (full 6):
 def new generation   total 4874496K, used 4845116K [0x00007f32fc600000, 0x00007f3446f20000, 0x00007f3851b50000)
  eden space 4332928K, 100% used [0x00007f32fc600000, 0x00007f3404d60000, 0x00007f3404d60000)
  from space 541568K,  94% used [0x00007f3425e40000, 0x00007f344526f280, 0x00007f3446f20000)
  to   space 541568K,   0% used [0x00007f3404d60000, 0x00007f3404d60000, 0x00007f3425e40000)
 tenured generation   total 10832092K, used 7508417K [0x00007f3851b50000, 0x00007f3ae6d87000, 0x00007f42fc600000)
   the space 10832092K,  69% used [0x00007f3851b50000, 0x00007f3a1bfc0528, 0x00007f3a1bfc0600, 0x00007f3ae6d87000)
 Metaspace       used 30321K, capacity 30763K, committed 30976K, reserved 32768K
}
Event: 355.610 GC heap after
{Heap after GC invocations=68 (full 6):
 def new generation   total 4874496K, used 541567K [0x00007f32fc600000, 0x00007f3446f20000, 0x00007f3851b50000)
  eden space 4332928K,   0% used [0x00007f32fc600000, 0x00007f32fc600000, 0x00007f3404d60000)
  from space 541568K,  99% used [0x00007f3404d60000, 0x00007f3425e3fff0, 0x00007f3425e40000)
  to   space 541568K,   0% used [0x00007f3425e40000, 0x00007f3425e40000, 0x00007f3446f20000)
 tenured generation   total 10832092K, used 9903406K [0x00007f3851b50000, 0x00007f3ae6d87000, 0x00007f42fc600000)
   the space 10832092K,  91% used [0x00007f3851b50000, 0x00007f3aae29b9a8, 0x00007f3aae29ba00, 0x00007f3ae6d87000)
 Metaspace       used 30321K, capacity 30763K, committed 30976K, reserved 32768K
}
Event: 450.409 GC heap before
{Heap before GC invocations=68 (full 6):
 def new generation   total 4874496K, used 4874495K [0x00007f32fc600000, 0x00007f3446f20000, 0x00007f3851b50000)
  eden space 4332928K, 100% used [0x00007f32fc600000, 0x00007f3404d60000, 0x00007f3404d60000)
  from space 541568K,  99% used [0x00007f3404d60000, 0x00007f3425e3fff0, 0x00007f3425e40000)
  to   space 541568K,   0% used [0x00007f3425e40000, 0x00007f3425e40000, 0x00007f3446f20000)
 tenured generation   total 10832092K, used 9903406K [0x00007f3851b50000, 0x00007f3ae6d87000, 0x00007f42fc600000)
   the space 10832092K,  91% used [0x00007f3851b50000, 0x00007f3aae29b9a8, 0x00007f3aae29ba00, 0x00007f3ae6d87000)
 Metaspace       used 30321K, capacity 30763K, committed 30976K, reserved 32768K
}
Event: 453.053 GC heap after
{Heap after GC invocations=69 (full 6):
 def new generation   total 4874496K, used 541567K [0x00007f32fc600000, 0x00007f3446f20000, 0x00007f3851b50000)
  eden space 4332928K,   0% used [0x00007f32fc600000, 0x00007f32fc600000, 0x00007f3404d60000)
  from space 541568K,  99% used [0x00007f3425e40000, 0x00007f3446f1fff0, 0x00007f3446f20000)
  to   space 541568K,   0% used [0x00007f3404d60000, 0x00007f3404d60000, 0x00007f3425e40000)
 tenured generation   total 10832092K, used 10815595K [0x00007f3851b50000, 0x00007f3ae6d87000, 0x00007f42fc600000)
   the space 10832092K,  99% used [0x00007f3851b50000, 0x00007f3ae5d6aef8, 0x00007f3ae5d6b000, 0x00007f3ae6d87000)
 Metaspace       used 30321K, capacity 30763K, committed 30976K, reserved 32768K
}
Event: 493.469 GC heap before
{Heap before GC invocations=69 (full 6):
 def new generation   total 4874496K, used 4874495K [0x00007f32fc600000, 0x00007f3446f20000, 0x00007f3851b50000)
  eden space 4332928K, 100% used [0x00007f32fc600000, 0x00007f3404d60000, 0x00007f3404d60000)
  from space 541568K,  99% used [0x00007f3425e40000, 0x00007f3446f1fff0, 0x00007f3446f20000)
  to   space 541568K,   0% used [0x00007f3404d60000, 0x00007f3404d60000, 0x00007f3425e40000)
 tenured generation   total 10832092K, used 10815595K [0x00007f3851b50000, 0x00007f3ae6d87000, 0x00007f42fc600000)
   the space 10832092K,  99% used [0x00007f3851b50000, 0x00007f3ae5d6aef8, 0x00007f3ae5d6b000, 0x00007f3ae6d87000)
 Metaspace       used 30321K, capacity 30763K, committed 30976K, reserved 32768K
}
Event: 496.067 GC heap after
{Heap after GC invocations=70 (full 6):
 def new generation   total 4874496K, used 541567K [0x00007f32fc600000, 0x00007f3446f20000, 0x00007f3851b50000)
  eden space 4332928K,   0% used [0x00007f32fc600000, 0x00007f32fc600000, 0x00007f3404d60000)
  from space 541568K,  99% used [0x00007f3404d60000, 0x00007f3425e3fff8, 0x00007f3425e40000)
  to   space 541568K,   0% used [0x00007f3425e40000, 0x00007f3425e40000, 0x00007f3446f20000)
 tenured generation   total 12341980K, used 12341814K [0x00007f3851b50000, 0x00007f3b43007000, 0x00007f42fc600000)
   the space 12341980K,  99% used [0x00007f3851b50000, 0x00007f3b42fddb60, 0x00007f3b42fddc00, 0x00007f3b43007000)
 Metaspace       used 30321K, capacity 30763K, committed 30976K, reserved 32768K
}
Event: 496.067 GC heap before
{Heap before GC invocations=70 (full 6):
 def new generation   total 4874496K, used 541567K [0x00007f32fc600000, 0x00007f3446f20000, 0x00007f3851b50000)
  eden space 4332928K,   0% used [0x00007f32fc600000, 0x00007f32fc600000, 0x00007f3404d60000)
  from space 541568K,  99% used [0x00007f3404d60000, 0x00007f3425e3fff8, 0x00007f3425e40000)
  to   space 541568K,   0% used [0x00007f3425e40000, 0x00007f3425e40000, 0x00007f3446f20000)
 tenured generation   total 12341980K, used 12341814K [0x00007f3851b50000, 0x00007f3b43007000, 0x00007f42fc600000)
   the space 12341980K,  99% used [0x00007f3851b50000, 0x00007f3b42fddb60, 0x00007f3b42fddc00, 0x00007f3b43007000)
 Metaspace       used 30321K, capacity 30763K, committed 30976K, reserved 32768K
}
Event: 508.092 GC heap after
{Heap after GC invocations=70 (full 7):
 def new generation   total 4874496K, used 0K [0x00007f32fc600000, 0x00007f3446f20000, 0x00007f3851b50000)
  eden space 4332928K,   0% used [0x00007f32fc600000, 0x00007f32fc600000, 0x00007f3404d60000)
  from space 541568K,   0% used [0x00007f3404d60000, 0x00007f3404d60000, 0x00007f3425e40000)
  to   space 541568K,   0% used [0x00007f3425e40000, 0x00007f3425e40000, 0x00007f3446f20000)
 tenured generation   total 10832092K, used 6304324K [0x00007f3851b50000, 0x00007f3ae6d87000, 0x00007f42fc600000)
   the space 10832092K,  58% used [0x00007f3851b50000, 0x00007f39d27e10d8, 0x00007f39d27e1200, 0x00007f3ae6d87000)
 Metaspace       used 30321K, capacity 30763K, committed 30976K, reserved 32768K
}
Event: 512.207 GC heap before
{Heap before GC invocations=70 (full 7):
 def new generation   total 4874496K, used 4332928K [0x00007f32fc600000, 0x00007f3446f20000, 0x00007f3851b50000)
  eden space 4332928K, 100% used [0x00007f32fc600000, 0x00007f3404d60000, 0x00007f3404d60000)
  from space 541568K,   0% used [0x00007f3404d60000, 0x00007f3404d60000, 0x00007f3425e40000)
  to   space 541568K,   0% used [0x00007f3425e40000, 0x00007f3425e40000, 0x00007f3446f20000)
 tenured generation   total 10832092K, used 6304324K [0x00007f3851b50000, 0x00007f3ae6d87000, 0x00007f42fc600000)
   the space 10832092K,  58% used [0x00007f3851b50000, 0x00007f39d27e10d8, 0x00007f39d27e1200, 0x00007f3ae6d87000)
 Metaspace       used 30321K, capacity 30763K, committed 30976K, reserved 32768K
}
Event: 515.140 GC heap after
{Heap after GC invocations=71 (full 7):
 def new generation   total 4874496K, used 541567K [0x00007f32fc600000, 0x00007f3446f20000, 0x00007f3851b50000)
  eden space 4332928K,   0% used [0x00007f32fc600000, 0x00007f32fc600000, 0x00007f3404d60000)
  from space 541568K,  99% used [0x00007f3425e40000, 0x00007f3446f1fff8, 0x00007f3446f20000)
  to   space 541568K,   0% used [0x00007f3404d60000, 0x00007f3404d60000, 0x00007f3425e40000)
 tenured generation   total 10832092K, used 8460050K [0x00007f3851b50000, 0x00007f3ae6d87000, 0x00007f42fc600000)
   the space 10832092K,  78% used [0x00007f3851b50000, 0x00007f3a56114878, 0x00007f3a56114a00, 0x00007f3ae6d87000)
 Metaspace       used 30321K, capacity 30763K, committed 30976K, reserved 32768K
}
Event: 516.624 GC heap before
{Heap before GC invocations=71 (full 7):
 def new generation   total 4874496K, used 4874495K [0x00007f32fc600000, 0x00007f3446f20000, 0x00007f3851b50000)
  eden space 4332928K, 100% used [0x00007f32fc600000, 0x00007f3404d60000, 0x00007f3404d60000)
  from space 541568K,  99% used [0x00007f3425e40000, 0x00007f3446f1fff8, 0x00007f3446f20000)
  to   space 541568K,   0% used [0x00007f3404d60000, 0x00007f3404d60000, 0x00007f3425e40000)
 tenured generation   total 10832092K, used 8460050K [0x00007f3851b50000, 0x00007f3ae6d87000, 0x00007f42fc600000)
   the space 10832092K,  78% used [0x00007f3851b50000, 0x00007f3a56114878, 0x00007f3a56114a00, 0x00007f3ae6d87000)
 Metaspace       used 30323K, capacity 30763K, committed 30976K, reserved 32768K
}
Event: 519.662 GC heap after
{Heap after GC invocations=72 (full 7):
 def new generation   total 4874496K, used 541567K [0x00007f32fc600000, 0x00007f3446f20000, 0x00007f3851b50000)
  eden space 4332928K,   0% used [0x00007f32fc600000, 0x00007f32fc600000, 0x00007f3404d60000)
  from space 541568K,  99% used [0x00007f3404d60000, 0x00007f3425e3fff8, 0x00007f3425e40000)
  to   space 541568K,   0% used [0x00007f3425e40000, 0x00007f3425e40000, 0x00007f3446f20000)
 tenured generation   total 11957212K, used 11957159K [0x00007f3851b50000, 0x00007f3b2b847000, 0x00007f42fc600000)
   the space 11957212K,  99% used [0x00007f3851b50000, 0x00007f3b2b839e80, 0x00007f3b2b83a000, 0x00007f3b2b847000)
 Metaspace       used 30323K, capacity 30763K, committed 30976K, reserved 32768K
}
Event: 519.662 GC heap before
{Heap before GC invocations=72 (full 7):
 def new generation   total 4874496K, used 541567K [0x00007f32fc600000, 0x00007f3446f20000, 0x00007f3851b50000)
  eden space 4332928K,   0% used [0x00007f32fc600000, 0x00007f32fc600000, 0x00007f3404d60000)
  from space 541568K,  99% used [0x00007f3404d60000, 0x00007f3425e3fff8, 0x00007f3425e40000)
  to   space 541568K,   0% used [0x00007f3425e40000, 0x00007f3425e40000, 0x00007f3446f20000)
 tenured generation   total 11957212K, used 11957159K [0x00007f3851b50000, 0x00007f3b2b847000, 0x00007f42fc600000)
   the space 11957212K,  99% used [0x00007f3851b50000, 0x00007f3b2b839e80, 0x00007f3b2b83a000, 0x00007f3b2b847000)
 Metaspace       used 30323K, capacity 30763K, committed 30976K, reserved 32768K
}
Event: 530.230 GC heap after
{Heap after GC invocations=72 (full 8):
 def new generation   total 5913984K, used 0K [0x00007f32fc600000, 0x00007f348d710000, 0x00007f3851b50000)
  eden space 5256896K,   0% used [0x00007f32fc600000, 0x00007f32fc600000, 0x00007f343d3b0000)
  from space 657088K,   0% used [0x00007f343d3b0000, 0x00007f343d3b0000, 0x00007f3465560000)
  to   space 657088K,   0% used [0x00007f3465560000, 0x00007f3465560000, 0x00007f348d710000)
 tenured generation   total 13142020K, used 7885211K [0x00007f3851b50000, 0x00007f3b73d51000, 0x00007f42fc600000)
   the space 13142020K,  59% used [0x00007f3851b50000, 0x00007f3a32fb6c78, 0x00007f3a32fb6e00, 0x00007f3b73d51000)
 Metaspace       used 30323K, capacity 30763K, committed 30976K, reserved 32768K
}
Event: 530.925 GC heap before
{Heap before GC invocations=72 (full 8):
 def new generation   total 5913984K, used 5256896K [0x00007f32fc600000, 0x00007f348d710000, 0x00007f3851b50000)
  eden space 5256896K, 100% used [0x00007f32fc600000, 0x00007f343d3b0000, 0x00007f343d3b0000)
  from space 657088K,   0% used [0x00007f343d3b0000, 0x00007f343d3b0000, 0x00007f3465560000)
  to   space 657088K,   0% used [0x00007f3465560000, 0x00007f3465560000, 0x00007f348d710000)
 tenured generation   total 13142020K, used 7885211K [0x00007f3851b50000, 0x00007f3b73d51000, 0x00007f42fc600000)
   the space 13142020K,  59% used [0x00007f3851b50000, 0x00007f3a32fb6c78, 0x00007f3a32fb6e00, 0x00007f3b73d51000)
 Metaspace       used 30323K, capacity 30763K, committed 30976K, reserved 32768K
}
Event: 532.749 GC heap after
{Heap after GC invocations=73 (full 8):
 def new generation   total 5913984K, used 657087K [0x00007f32fc600000, 0x00007f348d710000, 0x00007f3851b50000)
  eden space 5256896K,   0% used [0x00007f32fc600000, 0x00007f32fc600000, 0x00007f343d3b0000)
  from space 657088K,  99% used [0x00007f3465560000, 0x00007f348d70fc20, 0x00007f348d710000)
  to   space 657088K,   0% used [0x00007f343d3b0000, 0x00007f343d3b0000, 0x00007f3465560000)
 tenured generation   total 13142020K, used 12484895K [0x00007f3851b50000, 0x00007f3b73d51000, 0x00007f42fc600000)
   the space 13142020K,  94% used [0x00007f3851b50000, 0x00007f3b4bb97df8, 0x00007f3b4bb97e00, 0x00007f3b73d51000)
 Metaspace       used 30323K, capacity 30763K, committed 30976K, reserved 32768K
}
Event: 533.447 GC heap before
{Heap before GC invocations=73 (full 8):
 def new generation   total 5913984K, used 5913983K [0x00007f32fc600000, 0x00007f348d710000, 0x00007f3851b50000)
  eden space 5256896K, 100% used [0x00007f32fc600000, 0x00007f343d3b0000, 0x00007f343d3b0000)
  from space 657088K,  99% used [0x00007f3465560000, 0x00007f348d70fc20, 0x00007f348d710000)
  to   space 657088K,   0% used [0x00007f343d3b0000, 0x00007f343d3b0000, 0x00007f3465560000)
 tenured generation   total 13142020K, used 12484895K [0x00007f3851b50000, 0x00007f3b73d51000, 0x00007f42fc600000)
   the space 13142020K,  94% used [0x00007f3851b50000, 0x00007f3b4bb97df8, 0x00007f3b4bb97e00, 0x00007f3b73d51000)
 Metaspace       used 30323K, capacity 30763K, committed 30976K, reserved 32768K
}
Event: 536.415 GC heap after
{Heap after GC invocations=74 (full 8):
 def new generation   total 5913984K, used 657087K [0x00007f32fc600000, 0x00007f348d710000, 0x00007f3851b50000)
  eden space 5256896K,   0% used [0x00007f32fc600000, 0x00007f32fc600000, 0x00007f343d3b0000)
  from space 657088K,  99% used [0x00007f343d3b0000, 0x00007f346555fc20, 0x00007f3465560000)
  to   space 657088K,   0% used [0x00007f3465560000, 0x00007f3465560000, 0x00007f348d710000)
 tenured generation   total 17741764K, used 17741672K [0x00007f3851b50000, 0x00007f3c8c941000, 0x00007f42fc600000)
   the space 17741764K,  99% used [0x00007f3851b50000, 0x00007f3c8c92a3f8, 0x00007f3c8c92a400, 0x00007f3c8c941000)
 Metaspace       used 30323K, capacity 30763K, committed 30976K, reserved 32768K
}
Event: 536.415 GC heap before
{Heap before GC invocations=74 (full 8):
 def new generation   total 5913984K, used 657087K [0x00007f32fc600000, 0x00007f348d710000, 0x00007f3851b50000)
  eden space 5256896K,   0% used [0x00007f32fc600000, 0x00007f32fc600000, 0x00007f343d3b0000)
  from space 657088K,  99% used [0x00007f343d3b0000, 0x00007f346555fc20, 0x00007f3465560000)
  to   space 657088K,   0% used [0x00007f3465560000, 0x00007f3465560000, 0x00007f348d710000)
 tenured generation   total 17741764K, used 17741672K [0x00007f3851b50000, 0x00007f3c8c941000, 0x00007f42fc600000)
   the space 17741764K,  99% used [0x00007f3851b50000, 0x00007f3c8c92a3f8, 0x00007f3c8c92a400, 0x00007f3c8c941000)
 Metaspace       used 30323K, capacity 30763K, committed 30976K, reserved 32768K
}

