# JRE version: OpenJDK Runtime Environment (13.0.7+5) (build 13.0.7+5-Ubuntu-0ubuntu120.04)
# Java VM: OpenJDK 64-Bit Server VM (13.0.7+5-Ubuntu-0ubuntu120.04, mixed mode, tiered, serial gc, linux-amd64)
Heap:
 def new generation   total 7505280K, used 0K [0x00007f5308600000, 0x00007f55055b0000, 0x00007f585db50000)
  eden space 6671424K,   0% used [0x00007f5308600000, 0x00007f5308600000, 0x00007f549f910000)
  from space 833856K,   0% used [0x00007f549f910000, 0x00007f549f910000, 0x00007f54d2760000)
  to   space 833856K,   0% used [0x00007f54d2760000, 0x00007f54d2760000, 0x00007f55055b0000)
 tenured generation   total 16873608K, used 16561048K [0x00007f585db50000, 0x00007f5c63972000, 0x00007f6308600000)
   the space 16873608K,  98% used [0x00007f585db50000, 0x00007f5c50836320, 0x00007f5c50836400, 0x00007f5c63972000)
 Metaspace       used 31217K, capacity 31660K, committed 31744K, reserved 32768K
GC Heap History (20 events):
Event: 494.043 GC heap after
{Heap after GC invocations=187 (full 6):
 def new generation   total 7505280K, used 626258K [0x00007f5308600000, 0x00007f55055b0000, 0x00007f585db50000)
  eden space 6671424K,   0% used [0x00007f5308600000, 0x00007f5308600000, 0x00007f549f910000)
  from space 833856K,  75% used [0x00007f54d2760000, 0x00007f54f8af4930, 0x00007f55055b0000)
  to   space 833856K,   0% used [0x00007f549f910000, 0x00007f549f910000, 0x00007f54d2760000)
 tenured generation   total 16678152K, used 11236597K [0x00007f585db50000, 0x00007f5c57a92000, 0x00007f6308600000)
   the space 16678152K,  67% used [0x00007f585db50000, 0x00007f5b0b88d698, 0x00007f5b0b88d800, 0x00007f5c57a92000)
 Metaspace       used 31217K, capacity 31660K, committed 31744K, reserved 32768K
}
Event: 496.037 GC heap before
{Heap before GC invocations=187 (full 6):
 def new generation   total 7505280K, used 7297682K [0x00007f5308600000, 0x00007f55055b0000, 0x00007f585db50000)
  eden space 6671424K, 100% used [0x00007f5308600000, 0x00007f549f910000, 0x00007f549f910000)
  from space 833856K,  75% used [0x00007f54d2760000, 0x00007f54f8af4930, 0x00007f55055b0000)
  to   space 833856K,   0% used [0x00007f549f910000, 0x00007f549f910000, 0x00007f54d2760000)
 tenured generation   total 16678152K, used 11236597K [0x00007f585db50000, 0x00007f5c57a92000, 0x00007f6308600000)
   the space 16678152K,  67% used [0x00007f585db50000, 0x00007f5b0b88d698, 0x00007f5b0b88d800, 0x00007f5c57a92000)
 Metaspace       used 31217K, capacity 31660K, committed 31744K, reserved 32768K
}
Event: 498.739 GC heap after
{Heap after GC invocations=188 (full 6):
 def new generation   total 7505280K, used 616435K [0x00007f5308600000, 0x00007f55055b0000, 0x00007f585db50000)
  eden space 6671424K,   0% used [0x00007f5308600000, 0x00007f5308600000, 0x00007f549f910000)
  from space 833856K,  73% used [0x00007f549f910000, 0x00007f54c530cc80, 0x00007f54d2760000)
  to   space 833856K,   0% used [0x00007f54d2760000, 0x00007f54d2760000, 0x00007f55055b0000)
 tenured generation   total 16678152K, used 11862855K [0x00007f585db50000, 0x00007f5c57a92000, 0x00007f6308600000)
   the space 16678152K,  71% used [0x00007f585db50000, 0x00007f5b31c21ec8, 0x00007f5b31c22000, 0x00007f5c57a92000)
 Metaspace       used 31217K, capacity 31660K, committed 31744K, reserved 32768K
}
Event: 500.812 GC heap before
{Heap before GC invocations=188 (full 6):
 def new generation   total 7505280K, used 7287859K [0x00007f5308600000, 0x00007f55055b0000, 0x00007f585db50000)
  eden space 6671424K, 100% used [0x00007f5308600000, 0x00007f549f910000, 0x00007f549f910000)
  from space 833856K,  73% used [0x00007f549f910000, 0x00007f54c530cc80, 0x00007f54d2760000)
  to   space 833856K,   0% used [0x00007f54d2760000, 0x00007f54d2760000, 0x00007f55055b0000)
 tenured generation   total 16678152K, used 11862855K [0x00007f585db50000, 0x00007f5c57a92000, 0x00007f6308600000)
   the space 16678152K,  71% used [0x00007f585db50000, 0x00007f5b31c21ec8, 0x00007f5b31c22000, 0x00007f5c57a92000)
 Metaspace       used 31217K, capacity 31660K, committed 31744K, reserved 32768K
}
Event: 503.464 GC heap after
{Heap after GC invocations=189 (full 6):
 def new generation   total 7505280K, used 620049K [0x00007f5308600000, 0x00007f55055b0000, 0x00007f585db50000)
  eden space 6671424K,   0% used [0x00007f5308600000, 0x00007f5308600000, 0x00007f549f910000)
  from space 833856K,  74% used [0x00007f54d2760000, 0x00007f54f84e4680, 0x00007f55055b0000)
  to   space 833856K,   0% used [0x00007f549f910000, 0x00007f549f910000, 0x00007f54d2760000)
 tenured generation   total 16678152K, used 12479290K [0x00007f585db50000, 0x00007f5c57a92000, 0x00007f6308600000)
   the space 16678152K,  74% used [0x00007f585db50000, 0x00007f5b5761e958, 0x00007f5b5761ea00, 0x00007f5c57a92000)
 Metaspace       used 31217K, capacity 31660K, committed 31744K, reserved 32768K
}
Event: 505.504 GC heap before
{Heap before GC invocations=189 (full 6):
 def new generation   total 7505280K, used 7291473K [0x00007f5308600000, 0x00007f55055b0000, 0x00007f585db50000)
  eden space 6671424K, 100% used [0x00007f5308600000, 0x00007f549f910000, 0x00007f549f910000)
  from space 833856K,  74% used [0x00007f54d2760000, 0x00007f54f84e4680, 0x00007f55055b0000)
  to   space 833856K,   0% used [0x00007f549f910000, 0x00007f549f910000, 0x00007f54d2760000)
 tenured generation   total 16678152K, used 12479290K [0x00007f585db50000, 0x00007f5c57a92000, 0x00007f6308600000)
   the space 16678152K,  74% used [0x00007f585db50000, 0x00007f5b5761e958, 0x00007f5b5761ea00, 0x00007f5c57a92000)
 Metaspace       used 31217K, capacity 31660K, committed 31744K, reserved 32768K
}
Event: 508.024 GC heap after
{Heap after GC invocations=190 (full 6):
 def new generation   total 7505280K, used 627351K [0x00007f5308600000, 0x00007f55055b0000, 0x00007f585db50000)
  eden space 6671424K,   0% used [0x00007f5308600000, 0x00007f5308600000, 0x00007f549f910000)
  from space 833856K,  75% used [0x00007f549f910000, 0x00007f54c5db5f28, 0x00007f54d2760000)
  to   space 833856K,   0% used [0x00007f54d2760000, 0x00007f54d2760000, 0x00007f55055b0000)
 tenured generation   total 16678152K, used 13099339K [0x00007f585db50000, 0x00007f5c57a92000, 0x00007f6308600000)
   the space 16678152K,  78% used [0x00007f585db50000, 0x00007f5b7d3a2db8, 0x00007f5b7d3a2e00, 0x00007f5c57a92000)
 Metaspace       used 31217K, capacity 31660K, committed 31744K, reserved 32768K
}
Event: 510.024 GC heap before
{Heap before GC invocations=190 (full 6):
 def new generation   total 7505280K, used 7298775K [0x00007f5308600000, 0x00007f55055b0000, 0x00007f585db50000)
  eden space 6671424K, 100% used [0x00007f5308600000, 0x00007f549f910000, 0x00007f549f910000)
  from space 833856K,  75% used [0x00007f549f910000, 0x00007f54c5db5f28, 0x00007f54d2760000)
  to   space 833856K,   0% used [0x00007f54d2760000, 0x00007f54d2760000, 0x00007f55055b0000)
 tenured generation   total 16678152K, used 13099339K [0x00007f585db50000, 0x00007f5c57a92000, 0x00007f6308600000)
   the space 16678152K,  78% used [0x00007f585db50000, 0x00007f5b7d3a2db8, 0x00007f5b7d3a2e00, 0x00007f5c57a92000)
 Metaspace       used 31217K, capacity 31660K, committed 31744K, reserved 32768K
}
Event: 512.468 GC heap after
{Heap after GC invocations=191 (full 6):
 def new generation   total 7505280K, used 622793K [0x00007f5308600000, 0x00007f55055b0000, 0x00007f585db50000)
  eden space 6671424K,   0% used [0x00007f5308600000, 0x00007f5308600000, 0x00007f549f910000)
  from space 833856K,  74% used [0x00007f54d2760000, 0x00007f54f8792590, 0x00007f55055b0000)
  to   space 833856K,   0% used [0x00007f549f910000, 0x00007f549f910000, 0x00007f54d2760000)
 tenured generation   total 16678152K, used 13726691K [0x00007f585db50000, 0x00007f5c57a92000, 0x00007f6308600000)
   the space 16678152K,  82% used [0x00007f585db50000, 0x00007f5ba3848ce0, 0x00007f5ba3848e00, 0x00007f5c57a92000)
 Metaspace       used 31217K, capacity 31660K, committed 31744K, reserved 32768K
}
Event: 514.928 GC heap before
{Heap before GC invocations=191 (full 6):
 def new generation   total 7505280K, used 7294217K [0x00007f5308600000, 0x00007f55055b0000, 0x00007f585db50000)
  eden space 6671424K, 100% used [0x00007f5308600000, 0x00007f549f910000, 0x00007f549f910000)
  from space 833856K,  74% used [0x00007f54d2760000, 0x00007f54f8792590, 0x00007f55055b0000)
  to   space 833856K,   0% used [0x00007f549f910000, 0x00007f549f910000, 0x00007f54d2760000)
 tenured generation   total 16678152K, used 13726691K [0x00007f585db50000, 0x00007f5c57a92000, 0x00007f6308600000)
   the space 16678152K,  82% used [0x00007f585db50000, 0x00007f5ba3848ce0, 0x00007f5ba3848e00, 0x00007f5c57a92000)
 Metaspace       used 31217K, capacity 31660K, committed 31744K, reserved 32768K
}
Event: 517.520 GC heap after
{Heap after GC invocations=192 (full 6):
 def new generation   total 7505280K, used 609842K [0x00007f5308600000, 0x00007f55055b0000, 0x00007f585db50000)
  eden space 6671424K,   0% used [0x00007f5308600000, 0x00007f5308600000, 0x00007f549f910000)
  from space 833856K,  73% used [0x00007f549f910000, 0x00007f54c4c9cad8, 0x00007f54d2760000)
  to   space 833856K,   0% used [0x00007f54d2760000, 0x00007f54d2760000, 0x00007f55055b0000)
 tenured generation   total 16678152K, used 14349484K [0x00007f585db50000, 0x00007f5c57a92000, 0x00007f6308600000)
   the space 16678152K,  86% used [0x00007f585db50000, 0x00007f5bc987b170, 0x00007f5bc987b200, 0x00007f5c57a92000)
 Metaspace       used 31217K, capacity 31660K, committed 31744K, reserved 32768K
}
Event: 519.630 GC heap before
{Heap before GC invocations=192 (full 6):
 def new generation   total 7505280K, used 7281266K [0x00007f5308600000, 0x00007f55055b0000, 0x00007f585db50000)
  eden space 6671424K, 100% used [0x00007f5308600000, 0x00007f549f910000, 0x00007f549f910000)
  from space 833856K,  73% used [0x00007f549f910000, 0x00007f54c4c9cad8, 0x00007f54d2760000)
  to   space 833856K,   0% used [0x00007f54d2760000, 0x00007f54d2760000, 0x00007f55055b0000)
 tenured generation   total 16678152K, used 14349484K [0x00007f585db50000, 0x00007f5c57a92000, 0x00007f6308600000)
   the space 16678152K,  86% used [0x00007f585db50000, 0x00007f5bc987b170, 0x00007f5bc987b200, 0x00007f5c57a92000)
 Metaspace       used 31217K, capacity 31660K, committed 31744K, reserved 32768K
}
Event: 522.336 GC heap after
{Heap after GC invocations=193 (full 6):
 def new generation   total 7505280K, used 595567K [0x00007f5308600000, 0x00007f55055b0000, 0x00007f585db50000)
  eden space 6671424K,   0% used [0x00007f5308600000, 0x00007f5308600000, 0x00007f549f910000)
  from space 833856K,  71% used [0x00007f54d2760000, 0x00007f54f6cfbe88, 0x00007f55055b0000)
  to   space 833856K,   0% used [0x00007f549f910000, 0x00007f549f910000, 0x00007f54d2760000)
 tenured generation   total 16678152K, used 14959326K [0x00007f585db50000, 0x00007f5c57a92000, 0x00007f6308600000)
   the space 16678152K,  89% used [0x00007f585db50000, 0x00007f5beec07aa8, 0x00007f5beec07c00, 0x00007f5c57a92000)
 Metaspace       used 31217K, capacity 31660K, committed 31744K, reserved 32768K
}
Event: 524.357 GC heap before
{Heap before GC invocations=193 (full 6):
 def new generation   total 7505280K, used 7266991K [0x00007f5308600000, 0x00007f55055b0000, 0x00007f585db50000)
  eden space 6671424K, 100% used [0x00007f5308600000, 0x00007f549f910000, 0x00007f549f910000)
  from space 833856K,  71% used [0x00007f54d2760000, 0x00007f54f6cfbe88, 0x00007f55055b0000)
  to   space 833856K,   0% used [0x00007f549f910000, 0x00007f549f910000, 0x00007f54d2760000)
 tenured generation   total 16678152K, used 14959326K [0x00007f585db50000, 0x00007f5c57a92000, 0x00007f6308600000)
   the space 16678152K,  89% used [0x00007f585db50000, 0x00007f5beec07aa8, 0x00007f5beec07c00, 0x00007f5c57a92000)
 Metaspace       used 31217K, capacity 31660K, committed 31744K, reserved 32768K
}
Event: 527.022 GC heap after
{Heap after GC invocations=194 (full 6):
 def new generation   total 7505280K, used 612669K [0x00007f5308600000, 0x00007f55055b0000, 0x00007f585db50000)
  eden space 6671424K,   0% used [0x00007f5308600000, 0x00007f5308600000, 0x00007f549f910000)
  from space 833856K,  73% used [0x00007f549f910000, 0x00007f54c4f5f428, 0x00007f54d2760000)
  to   space 833856K,   0% used [0x00007f54d2760000, 0x00007f54d2760000, 0x00007f55055b0000)
 tenured generation   total 16678152K, used 15554894K [0x00007f585db50000, 0x00007f5c57a92000, 0x00007f6308600000)
   the space 16678152K,  93% used [0x00007f585db50000, 0x00007f5c131a3930, 0x00007f5c131a3a00, 0x00007f5c57a92000)
 Metaspace       used 31217K, capacity 31660K, committed 31744K, reserved 32768K
}
Event: 528.990 GC heap before
{Heap before GC invocations=194 (full 6):
 def new generation   total 7505280K, used 7284093K [0x00007f5308600000, 0x00007f55055b0000, 0x00007f585db50000)
  eden space 6671424K, 100% used [0x00007f5308600000, 0x00007f549f910000, 0x00007f549f910000)
  from space 833856K,  73% used [0x00007f549f910000, 0x00007f54c4f5f428, 0x00007f54d2760000)
  to   space 833856K,   0% used [0x00007f54d2760000, 0x00007f54d2760000, 0x00007f55055b0000)
 tenured generation   total 16678152K, used 15554894K [0x00007f585db50000, 0x00007f5c57a92000, 0x00007f6308600000)
   the space 16678152K,  93% used [0x00007f585db50000, 0x00007f5c131a3930, 0x00007f5c131a3a00, 0x00007f5c57a92000)
 Metaspace       used 31217K, capacity 31660K, committed 31744K, reserved 32768K
}
Event: 531.600 GC heap after
{Heap after GC invocations=195 (full 6):
 def new generation   total 7505280K, used 611287K [0x00007f5308600000, 0x00007f55055b0000, 0x00007f585db50000)
  eden space 6671424K,   0% used [0x00007f5308600000, 0x00007f5308600000, 0x00007f549f910000)
  from space 833856K,  73% used [0x00007f54d2760000, 0x00007f54f7c55f50, 0x00007f55055b0000)
  to   space 833856K,   0% used [0x00007f549f910000, 0x00007f549f910000, 0x00007f54d2760000)
 tenured generation   total 16678152K, used 16167562K [0x00007f585db50000, 0x00007f5c57a92000, 0x00007f6308600000)
   the space 16678152K,  96% used [0x00007f585db50000, 0x00007f5c387f2b68, 0x00007f5c387f2c00, 0x00007f5c57a92000)
 Metaspace       used 31217K, capacity 31660K, committed 31744K, reserved 32768K
}
Event: 535.057 GC heap before
{Heap before GC invocations=195 (full 6):
 def new generation   total 7505280K, used 7282711K [0x00007f5308600000, 0x00007f55055b0000, 0x00007f585db50000)
  eden space 6671424K, 100% used [0x00007f5308600000, 0x00007f549f910000, 0x00007f549f910000)
  from space 833856K,  73% used [0x00007f54d2760000, 0x00007f54f7c55f50, 0x00007f55055b0000)
  to   space 833856K,   0% used [0x00007f549f910000, 0x00007f549f910000, 0x00007f54d2760000)
 tenured generation   total 16678152K, used 16167562K [0x00007f585db50000, 0x00007f5c57a92000, 0x00007f6308600000)
   the space 16678152K,  96% used [0x00007f585db50000, 0x00007f5c387f2b68, 0x00007f5c387f2c00, 0x00007f5c57a92000)
 Metaspace       used 31217K, capacity 31660K, committed 31744K, reserved 32768K
}
Event: 538.216 GC heap after
{Heap after GC invocations=196 (full 6):
 def new generation   total 7505280K, used 833855K [0x00007f5308600000, 0x00007f55055b0000, 0x00007f585db50000)
  eden space 6671424K,   0% used [0x00007f5308600000, 0x00007f5308600000, 0x00007f549f910000)
  from space 833856K,  99% used [0x00007f549f910000, 0x00007f54d275fff8, 0x00007f54d2760000)
  to   space 833856K,   0% used [0x00007f54d2760000, 0x00007f54d2760000, 0x00007f55055b0000)
 tenured generation   total 16873608K, used 16873541K [0x00007f585db50000, 0x00007f5c63972000, 0x00007f6308600000)
   the space 16873608K,  99% used [0x00007f585db50000, 0x00007f5c63961668, 0x00007f5c63961800, 0x00007f5c63972000)
 Metaspace       used 31217K, capacity 31660K, committed 31744K, reserved 32768K
}
Event: 538.216 GC heap before
{Heap before GC invocations=196 (full 6):
 def new generation   total 7505280K, used 833855K [0x00007f5308600000, 0x00007f55055b0000, 0x00007f585db50000)
  eden space 6671424K,   0% used [0x00007f5308600000, 0x00007f5308600000, 0x00007f549f910000)
  from space 833856K,  99% used [0x00007f549f910000, 0x00007f54d275fff8, 0x00007f54d2760000)
  to   space 833856K,   0% used [0x00007f54d2760000, 0x00007f54d2760000, 0x00007f55055b0000)
 tenured generation   total 16873608K, used 16873541K [0x00007f585db50000, 0x00007f5c63972000, 0x00007f6308600000)
   the space 16873608K,  99% used [0x00007f585db50000, 0x00007f5c63961668, 0x00007f5c63961800, 0x00007f5c63972000)
 Metaspace       used 31217K, capacity 31660K, committed 31744K, reserved 32768K
}

