# JRE version: OpenJDK Runtime Environment (13.0.7+5) (build 13.0.7+5-Ubuntu-0ubuntu120.04)
# Java VM: OpenJDK 64-Bit Server VM (13.0.7+5-Ubuntu-0ubuntu120.04, mixed mode, tiered, serial gc, linux-amd64)
Heap:
 def new generation   total 5081280K, used 434805K [0x00007f3b10600000, 0x00007f3c68f80000, 0x00007f4065b50000)
  eden space 4516736K,   9% used [0x00007f3b10600000, 0x00007f3b2ae9d658, 0x00007f3c240e0000)
  from space 564544K,   0% used [0x00007f3c46830000, 0x00007f3c46830000, 0x00007f3c68f80000)
  to   space 564544K,   0% used [0x00007f3c240e0000, 0x00007f3c240e0000, 0x00007f3c46830000)
 tenured generation   total 11557488K, used 11557487K [0x00007f4065b50000, 0x00007f43271ec000, 0x00007f4b10600000)
   the space 11557488K,  99% used [0x00007f4065b50000, 0x00007f43271ebff8, 0x00007f43271ec000, 0x00007f43271ec000)
 Metaspace       used 30509K, capacity 30974K, committed 31232K, reserved 32768K
GC Heap History (20 events):
Event: 209.136 GC heap after
{Heap after GC invocations=66 (full 5):
 def new generation   total 5081280K, used 382879K [0x00007f3b10600000, 0x00007f3c68f80000, 0x00007f4065b50000)
  eden space 4516736K,   0% used [0x00007f3b10600000, 0x00007f3b10600000, 0x00007f3c240e0000)
  from space 564544K,  67% used [0x00007f3c240e0000, 0x00007f3c3b6c7fb0, 0x00007f3c46830000)
  to   space 564544K,   0% used [0x00007f3c46830000, 0x00007f3c46830000, 0x00007f3c68f80000)
 tenured generation   total 11291568K, used 8053089K [0x00007f4065b50000, 0x00007f4316e3c000, 0x00007f4b10600000)
   the space 11291568K,  71% used [0x00007f4065b50000, 0x00007f42513a86d8, 0x00007f42513a8800, 0x00007f4316e3c000)
 Metaspace       used 30509K, capacity 30974K, committed 31232K, reserved 32768K
}
Event: 210.355 GC heap before
{Heap before GC invocations=66 (full 5):
 def new generation   total 5081280K, used 4899615K [0x00007f3b10600000, 0x00007f3c68f80000, 0x00007f4065b50000)
  eden space 4516736K, 100% used [0x00007f3b10600000, 0x00007f3c240e0000, 0x00007f3c240e0000)
  from space 564544K,  67% used [0x00007f3c240e0000, 0x00007f3c3b6c7fb0, 0x00007f3c46830000)
  to   space 564544K,   0% used [0x00007f3c46830000, 0x00007f3c46830000, 0x00007f3c68f80000)
 tenured generation   total 11291568K, used 8053089K [0x00007f4065b50000, 0x00007f4316e3c000, 0x00007f4b10600000)
   the space 11291568K,  71% used [0x00007f4065b50000, 0x00007f42513a86d8, 0x00007f42513a8800, 0x00007f4316e3c000)
 Metaspace       used 30509K, capacity 30974K, committed 31232K, reserved 32768K
}
Event: 211.448 GC heap after
{Heap after GC invocations=67 (full 5):
 def new generation   total 5081280K, used 356428K [0x00007f3b10600000, 0x00007f3c68f80000, 0x00007f4065b50000)
  eden space 4516736K,   0% used [0x00007f3b10600000, 0x00007f3b10600000, 0x00007f3c240e0000)
  from space 564544K,  63% used [0x00007f3c46830000, 0x00007f3c5c4431e0, 0x00007f3c68f80000)
  to   space 564544K,   0% used [0x00007f3c240e0000, 0x00007f3c240e0000, 0x00007f3c46830000)
 tenured generation   total 11291568K, used 8435968K [0x00007f4065b50000, 0x00007f4316e3c000, 0x00007f4b10600000)
   the space 11291568K,  74% used [0x00007f4065b50000, 0x00007f4268990228, 0x00007f4268990400, 0x00007f4316e3c000)
 Metaspace       used 30509K, capacity 30974K, committed 31232K, reserved 32768K
}
Event: 212.673 GC heap before
{Heap before GC invocations=67 (full 5):
 def new generation   total 5081280K, used 4873164K [0x00007f3b10600000, 0x00007f3c68f80000, 0x00007f4065b50000)
  eden space 4516736K, 100% used [0x00007f3b10600000, 0x00007f3c240e0000, 0x00007f3c240e0000)
  from space 564544K,  63% used [0x00007f3c46830000, 0x00007f3c5c4431e0, 0x00007f3c68f80000)
  to   space 564544K,   0% used [0x00007f3c240e0000, 0x00007f3c240e0000, 0x00007f3c46830000)
 tenured generation   total 11291568K, used 8435968K [0x00007f4065b50000, 0x00007f4316e3c000, 0x00007f4b10600000)
   the space 11291568K,  74% used [0x00007f4065b50000, 0x00007f4268990228, 0x00007f4268990400, 0x00007f4316e3c000)
 Metaspace       used 30509K, capacity 30974K, committed 31232K, reserved 32768K
}
Event: 213.781 GC heap after
{Heap after GC invocations=68 (full 5):
 def new generation   total 5081280K, used 365189K [0x00007f3b10600000, 0x00007f3c68f80000, 0x00007f4065b50000)
  eden space 4516736K,   0% used [0x00007f3b10600000, 0x00007f3b10600000, 0x00007f3c240e0000)
  from space 564544K,  64% used [0x00007f3c240e0000, 0x00007f3c3a5817b8, 0x00007f3c46830000)
  to   space 564544K,   0% used [0x00007f3c46830000, 0x00007f3c46830000, 0x00007f3c68f80000)
 tenured generation   total 11291568K, used 8792396K [0x00007f4065b50000, 0x00007f4316e3c000, 0x00007f4b10600000)
   the space 11291568K,  77% used [0x00007f4065b50000, 0x00007f427e5a30c8, 0x00007f427e5a3200, 0x00007f4316e3c000)
 Metaspace       used 30509K, capacity 30974K, committed 31232K, reserved 32768K
}
Event: 215.008 GC heap before
{Heap before GC invocations=68 (full 5):
 def new generation   total 5081280K, used 4881925K [0x00007f3b10600000, 0x00007f3c68f80000, 0x00007f4065b50000)
  eden space 4516736K, 100% used [0x00007f3b10600000, 0x00007f3c240e0000, 0x00007f3c240e0000)
  from space 564544K,  64% used [0x00007f3c240e0000, 0x00007f3c3a5817b8, 0x00007f3c46830000)
  to   space 564544K,   0% used [0x00007f3c46830000, 0x00007f3c46830000, 0x00007f3c68f80000)
 tenured generation   total 11291568K, used 8792396K [0x00007f4065b50000, 0x00007f4316e3c000, 0x00007f4b10600000)
   the space 11291568K,  77% used [0x00007f4065b50000, 0x00007f427e5a30c8, 0x00007f427e5a3200, 0x00007f4316e3c000)
 Metaspace       used 30509K, capacity 30974K, committed 31232K, reserved 32768K
}
Event: 216.152 GC heap after
{Heap after GC invocations=69 (full 5):
 def new generation   total 5081280K, used 382872K [0x00007f3b10600000, 0x00007f3c68f80000, 0x00007f4065b50000)
  eden space 4516736K,   0% used [0x00007f3b10600000, 0x00007f3b10600000, 0x00007f3c240e0000)
  from space 564544K,  67% used [0x00007f3c46830000, 0x00007f3c5de16130, 0x00007f3c68f80000)
  to   space 564544K,   0% used [0x00007f3c240e0000, 0x00007f3c240e0000, 0x00007f3c46830000)
 tenured generation   total 11291568K, used 9157584K [0x00007f4065b50000, 0x00007f4316e3c000, 0x00007f4b10600000)
   the space 11291568K,  81% used [0x00007f4065b50000, 0x00007f4294a443d0, 0x00007f4294a44400, 0x00007f4316e3c000)
 Metaspace       used 30509K, capacity 30974K, committed 31232K, reserved 32768K
}
Event: 217.335 GC heap before
{Heap before GC invocations=69 (full 5):
 def new generation   total 5081280K, used 4899608K [0x00007f3b10600000, 0x00007f3c68f80000, 0x00007f4065b50000)
  eden space 4516736K, 100% used [0x00007f3b10600000, 0x00007f3c240e0000, 0x00007f3c240e0000)
  from space 564544K,  67% used [0x00007f3c46830000, 0x00007f3c5de16130, 0x00007f3c68f80000)
  to   space 564544K,   0% used [0x00007f3c240e0000, 0x00007f3c240e0000, 0x00007f3c46830000)
 tenured generation   total 11291568K, used 9157584K [0x00007f4065b50000, 0x00007f4316e3c000, 0x00007f4b10600000)
   the space 11291568K,  81% used [0x00007f4065b50000, 0x00007f4294a443d0, 0x00007f4294a44400, 0x00007f4316e3c000)
 Metaspace       used 30509K, capacity 30974K, committed 31232K, reserved 32768K
}
Event: 218.316 GC heap after
{Heap after GC invocations=70 (full 5):
 def new generation   total 5081280K, used 361751K [0x00007f3b10600000, 0x00007f3c68f80000, 0x00007f4065b50000)
  eden space 4516736K,   0% used [0x00007f3b10600000, 0x00007f3b10600000, 0x00007f3c240e0000)
  from space 564544K,  64% used [0x00007f3c240e0000, 0x00007f3c3a225de8, 0x00007f3c46830000)
  to   space 564544K,   0% used [0x00007f3c46830000, 0x00007f3c46830000, 0x00007f3c68f80000)
 tenured generation   total 11291568K, used 9540456K [0x00007f4065b50000, 0x00007f4316e3c000, 0x00007f4b10600000)
   the space 11291568K,  84% used [0x00007f4065b50000, 0x00007f42ac02a2f0, 0x00007f42ac02a400, 0x00007f4316e3c000)
 Metaspace       used 30509K, capacity 30974K, committed 31232K, reserved 32768K
}
Event: 219.522 GC heap before
{Heap before GC invocations=70 (full 5):
 def new generation   total 5081280K, used 4878487K [0x00007f3b10600000, 0x00007f3c68f80000, 0x00007f4065b50000)
  eden space 4516736K, 100% used [0x00007f3b10600000, 0x00007f3c240e0000, 0x00007f3c240e0000)
  from space 564544K,  64% used [0x00007f3c240e0000, 0x00007f3c3a225de8, 0x00007f3c46830000)
  to   space 564544K,   0% used [0x00007f3c46830000, 0x00007f3c46830000, 0x00007f3c68f80000)
 tenured generation   total 11291568K, used 9540456K [0x00007f4065b50000, 0x00007f4316e3c000, 0x00007f4b10600000)
   the space 11291568K,  84% used [0x00007f4065b50000, 0x00007f42ac02a2f0, 0x00007f42ac02a400, 0x00007f4316e3c000)
 Metaspace       used 30509K, capacity 30974K, committed 31232K, reserved 32768K
}
Event: 220.656 GC heap after
{Heap after GC invocations=71 (full 5):
 def new generation   total 5081280K, used 418972K [0x00007f3b10600000, 0x00007f3c68f80000, 0x00007f4065b50000)
  eden space 4516736K,   0% used [0x00007f3b10600000, 0x00007f3b10600000, 0x00007f3c240e0000)
  from space 564544K,  74% used [0x00007f3c46830000, 0x00007f3c60157338, 0x00007f3c68f80000)
  to   space 564544K,   0% used [0x00007f3c240e0000, 0x00007f3c240e0000, 0x00007f3c46830000)
 tenured generation   total 11291568K, used 9902206K [0x00007f4065b50000, 0x00007f4316e3c000, 0x00007f4b10600000)
   the space 11291568K,  87% used [0x00007f4065b50000, 0x00007f42c216fbe8, 0x00007f42c216fc00, 0x00007f4316e3c000)
 Metaspace       used 30509K, capacity 30974K, committed 31232K, reserved 32768K
}
Event: 221.845 GC heap before
{Heap before GC invocations=71 (full 5):
 def new generation   total 5081280K, used 4935708K [0x00007f3b10600000, 0x00007f3c68f80000, 0x00007f4065b50000)
  eden space 4516736K, 100% used [0x00007f3b10600000, 0x00007f3c240e0000, 0x00007f3c240e0000)
  from space 564544K,  74% used [0x00007f3c46830000, 0x00007f3c60157338, 0x00007f3c68f80000)
  to   space 564544K,   0% used [0x00007f3c240e0000, 0x00007f3c240e0000, 0x00007f3c46830000)
 tenured generation   total 11291568K, used 9902206K [0x00007f4065b50000, 0x00007f4316e3c000, 0x00007f4b10600000)
   the space 11291568K,  87% used [0x00007f4065b50000, 0x00007f42c216fbe8, 0x00007f42c216fc00, 0x00007f4316e3c000)
 Metaspace       used 30509K, capacity 30974K, committed 31232K, reserved 32768K
}
Event: 222.962 GC heap after
{Heap after GC invocations=72 (full 5):
 def new generation   total 5081280K, used 415816K [0x00007f3b10600000, 0x00007f3c68f80000, 0x00007f4065b50000)
  eden space 4516736K,   0% used [0x00007f3b10600000, 0x00007f3b10600000, 0x00007f3c240e0000)
  from space 564544K,  73% used [0x00007f3c240e0000, 0x00007f3c3d6f21a8, 0x00007f3c46830000)
  to   space 564544K,   0% used [0x00007f3c46830000, 0x00007f3c46830000, 0x00007f3c68f80000)
 tenured generation   total 11291568K, used 10321178K [0x00007f4065b50000, 0x00007f4316e3c000, 0x00007f4b10600000)
   the space 11291568K,  91% used [0x00007f4065b50000, 0x00007f42dba969c0, 0x00007f42dba96a00, 0x00007f4316e3c000)
 Metaspace       used 30509K, capacity 30974K, committed 31232K, reserved 32768K
}
Event: 224.137 GC heap before
{Heap before GC invocations=72 (full 5):
 def new generation   total 5081280K, used 4932552K [0x00007f3b10600000, 0x00007f3c68f80000, 0x00007f4065b50000)
  eden space 4516736K, 100% used [0x00007f3b10600000, 0x00007f3c240e0000, 0x00007f3c240e0000)
  from space 564544K,  73% used [0x00007f3c240e0000, 0x00007f3c3d6f21a8, 0x00007f3c46830000)
  to   space 564544K,   0% used [0x00007f3c46830000, 0x00007f3c46830000, 0x00007f3c68f80000)
 tenured generation   total 11291568K, used 10321178K [0x00007f4065b50000, 0x00007f4316e3c000, 0x00007f4b10600000)
   the space 11291568K,  91% used [0x00007f4065b50000, 0x00007f42dba969c0, 0x00007f42dba96a00, 0x00007f4316e3c000)
 Metaspace       used 30509K, capacity 30974K, committed 31232K, reserved 32768K
}
Event: 225.274 GC heap after
{Heap after GC invocations=73 (full 5):
 def new generation   total 5081280K, used 408005K [0x00007f3b10600000, 0x00007f3c68f80000, 0x00007f4065b50000)
  eden space 4516736K,   0% used [0x00007f3b10600000, 0x00007f3b10600000, 0x00007f3c240e0000)
  from space 564544K,  72% used [0x00007f3c46830000, 0x00007f3c5f6a14f0, 0x00007f3c68f80000)
  to   space 564544K,   0% used [0x00007f3c240e0000, 0x00007f3c240e0000, 0x00007f3c46830000)
 tenured generation   total 11291568K, used 10736993K [0x00007f4065b50000, 0x00007f4316e3c000, 0x00007f4b10600000)
   the space 11291568K,  95% used [0x00007f4065b50000, 0x00007f42f50a8708, 0x00007f42f50a8800, 0x00007f4316e3c000)
 Metaspace       used 30509K, capacity 30974K, committed 31232K, reserved 32768K
}
Event: 226.447 GC heap before
{Heap before GC invocations=73 (full 5):
 def new generation   total 5081280K, used 4924741K [0x00007f3b10600000, 0x00007f3c68f80000, 0x00007f4065b50000)
  eden space 4516736K, 100% used [0x00007f3b10600000, 0x00007f3c240e0000, 0x00007f3c240e0000)
  from space 564544K,  72% used [0x00007f3c46830000, 0x00007f3c5f6a14f0, 0x00007f3c68f80000)
  to   space 564544K,   0% used [0x00007f3c240e0000, 0x00007f3c240e0000, 0x00007f3c46830000)
 tenured generation   total 11291568K, used 10736993K [0x00007f4065b50000, 0x00007f4316e3c000, 0x00007f4b10600000)
   the space 11291568K,  95% used [0x00007f4065b50000, 0x00007f42f50a8708, 0x00007f42f50a8800, 0x00007f4316e3c000)
 Metaspace       used 30509K, capacity 30974K, committed 31232K, reserved 32768K
}
Event: 227.585 GC heap after
{Heap after GC invocations=74 (full 5):
 def new generation   total 5081280K, used 412348K [0x00007f3b10600000, 0x00007f3c68f80000, 0x00007f4065b50000)
  eden space 4516736K,   0% used [0x00007f3b10600000, 0x00007f3b10600000, 0x00007f3c240e0000)
  from space 564544K,  73% used [0x00007f3c240e0000, 0x00007f3c3d38f2a0, 0x00007f3c46830000)
  to   space 564544K,   0% used [0x00007f3c46830000, 0x00007f3c46830000, 0x00007f3c68f80000)
 tenured generation   total 11291568K, used 11144998K [0x00007f4065b50000, 0x00007f4316e3c000, 0x00007f4b10600000)
   the space 11291568K,  98% used [0x00007f4065b50000, 0x00007f430df19bf8, 0x00007f430df19c00, 0x00007f4316e3c000)
 Metaspace       used 30509K, capacity 30974K, committed 31232K, reserved 32768K
}
Event: 228.756 GC heap before
{Heap before GC invocations=74 (full 5):
 def new generation   total 5081280K, used 4929084K [0x00007f3b10600000, 0x00007f3c68f80000, 0x00007f4065b50000)
  eden space 4516736K, 100% used [0x00007f3b10600000, 0x00007f3c240e0000, 0x00007f3c240e0000)
  from space 564544K,  73% used [0x00007f3c240e0000, 0x00007f3c3d38f2a0, 0x00007f3c46830000)
  to   space 564544K,   0% used [0x00007f3c46830000, 0x00007f3c46830000, 0x00007f3c68f80000)
 tenured generation   total 11291568K, used 11144998K [0x00007f4065b50000, 0x00007f4316e3c000, 0x00007f4b10600000)
   the space 11291568K,  98% used [0x00007f4065b50000, 0x00007f430df19bf8, 0x00007f430df19c00, 0x00007f4316e3c000)
 Metaspace       used 30509K, capacity 30974K, committed 31232K, reserved 32768K
}
Event: 230.077 GC heap after
{Heap after GC invocations=75 (full 5):
 def new generation   total 5081280K, used 434946K [0x00007f3b10600000, 0x00007f3c68f80000, 0x00007f4065b50000)
  eden space 4516736K,   0% used [0x00007f3b10600000, 0x00007f3b10600000, 0x00007f3c240e0000)
  from space 564544K,  77% used [0x00007f3c46830000, 0x00007f3c610f08c8, 0x00007f3c68f80000)
  to   space 564544K,   0% used [0x00007f3c240e0000, 0x00007f3c240e0000, 0x00007f3c46830000)
 tenured generation   total 11557488K, used 11557347K [0x00007f4065b50000, 0x00007f43271ec000, 0x00007f4b10600000)
   the space 11557488K,  99% used [0x00007f4065b50000, 0x00007f43271c8d88, 0x00007f43271c8e00, 0x00007f43271ec000)
 Metaspace       used 30509K, capacity 30974K, committed 31232K, reserved 32768K
}
Event: 230.077 GC heap before
{Heap before GC invocations=75 (full 5):
 def new generation   total 5081280K, used 434946K [0x00007f3b10600000, 0x00007f3c68f80000, 0x00007f4065b50000)
  eden space 4516736K,   0% used [0x00007f3b10600000, 0x00007f3b10600000, 0x00007f3c240e0000)
  from space 564544K,  77% used [0x00007f3c46830000, 0x00007f3c610f08c8, 0x00007f3c68f80000)
  to   space 564544K,   0% used [0x00007f3c240e0000, 0x00007f3c240e0000, 0x00007f3c46830000)
 tenured generation   total 11557488K, used 11557347K [0x00007f4065b50000, 0x00007f43271ec000, 0x00007f4b10600000)
   the space 11557488K,  99% used [0x00007f4065b50000, 0x00007f43271c8d88, 0x00007f43271c8e00, 0x00007f43271ec000)
 Metaspace       used 30509K, capacity 30974K, committed 31232K, reserved 32768K
}

