# JRE version: OpenJDK Runtime Environment (13.0.7+5) (build 13.0.7+5-Ubuntu-0ubuntu120.04)
# Java VM: OpenJDK 64-Bit Server VM (13.0.7+5-Ubuntu-0ubuntu120.04, mixed mode, tiered, serial gc, linux-amd64)
Heap:
 def new generation   total 629248K, used 0K [0x00007fc2c8600000, 0x00007fc2f30c0000, 0x00007fc81db50000)
  eden space 559360K,   0% used [0x00007fc2c8600000, 0x00007fc2c8600000, 0x00007fc2ea840000)
  from space 69888K,   0% used [0x00007fc2ea840000, 0x00007fc2ea840000, 0x00007fc2eec80000)
  to   space 69888K,   0% used [0x00007fc2eec80000, 0x00007fc2eec80000, 0x00007fc2f30c0000)
 tenured generation   total 1398144K, used 14603K [0x00007fc81db50000, 0x00007fc8730b0000, 0x00007fd2c8600000)
   the space 1398144K,   1% used [0x00007fc81db50000, 0x00007fc81e992ce8, 0x00007fc81e992e00, 0x00007fc8730b0000)
 Metaspace       used 23101K, capacity 23460K, committed 23552K, reserved 24576K
GC Heap History (16 events):
Event: 2.783 GC heap before
{Heap before GC invocations=0 (full 0):
 def new generation   total 629120K, used 89478K [0x00007fc2c8600000, 0x00007fc2f30a0000, 0x00007fc81db50000)
  eden space 559232K,  16% used [0x00007fc2c8600000, 0x00007fc2cdd61a00, 0x00007fc2ea820000)
  from space 69888K,   0% used [0x00007fc2ea820000, 0x00007fc2ea820000, 0x00007fc2eec60000)
  to   space 69888K,   0% used [0x00007fc2eec60000, 0x00007fc2eec60000, 0x00007fc2f30a0000)
 tenured generation   total 1398144K, used 0K [0x00007fc81db50000, 0x00007fc8730b0000, 0x00007fd2c8600000)
   the space 1398144K,   0% used [0x00007fc81db50000, 0x00007fc81db50000, 0x00007fc81db50200, 0x00007fc8730b0000)
 Metaspace       used 20926K, capacity 21223K, committed 21248K, reserved 22528K
}
Event: 2.924 GC heap after
{Heap after GC invocations=1 (full 1):
 def new generation   total 629248K, used 0K [0x00007fc2c8600000, 0x00007fc2f30c0000, 0x00007fc81db50000)
  eden space 559360K,   0% used [0x00007fc2c8600000, 0x00007fc2c8600000, 0x00007fc2ea840000)
  from space 69888K,   0% used [0x00007fc2ea840000, 0x00007fc2ea840000, 0x00007fc2eec80000)
  to   space 69888K,   0% used [0x00007fc2eec80000, 0x00007fc2eec80000, 0x00007fc2f30c0000)
 tenured generation   total 1398144K, used 13577K [0x00007fc81db50000, 0x00007fc8730b0000, 0x00007fd2c8600000)
   the space 1398144K,   0% used [0x00007fc81db50000, 0x00007fc81e892748, 0x00007fc81e892800, 0x00007fc8730b0000)
 Metaspace       used 20926K, capacity 21223K, committed 21248K, reserved 22528K
}
Event: 4.768 GC heap before
{Heap before GC invocations=1 (full 1):
 def new generation   total 629248K, used 559360K [0x00007fc2c8600000, 0x00007fc2f30c0000, 0x00007fc81db50000)
  eden space 559360K, 100% used [0x00007fc2c8600000, 0x00007fc2ea840000, 0x00007fc2ea840000)
  from space 69888K,   0% used [0x00007fc2ea840000, 0x00007fc2ea840000, 0x00007fc2eec80000)
  to   space 69888K,   0% used [0x00007fc2eec80000, 0x00007fc2eec80000, 0x00007fc2f30c0000)
 tenured generation   total 1398144K, used 13577K [0x00007fc81db50000, 0x00007fc8730b0000, 0x00007fd2c8600000)
   the space 1398144K,   0% used [0x00007fc81db50000, 0x00007fc81e892748, 0x00007fc81e892800, 0x00007fc8730b0000)
 Metaspace       used 22942K, capacity 23319K, committed 23552K, reserved 24576K
}
Event: 4.776 GC heap after
{Heap after GC invocations=2 (full 1):
 def new generation   total 629248K, used 725K [0x00007fc2c8600000, 0x00007fc2f30c0000, 0x00007fc81db50000)
  eden space 559360K,   0% used [0x00007fc2c8600000, 0x00007fc2c8600000, 0x00007fc2ea840000)
  from space 69888K,   1% used [0x00007fc2eec80000, 0x00007fc2eed35690, 0x00007fc2f30c0000)
  to   space 69888K,   0% used [0x00007fc2ea840000, 0x00007fc2ea840000, 0x00007fc2eec80000)
 tenured generation   total 1398144K, used 13577K [0x00007fc81db50000, 0x00007fc8730b0000, 0x00007fd2c8600000)
   the space 1398144K,   0% used [0x00007fc81db50000, 0x00007fc81e892748, 0x00007fc81e892800, 0x00007fc8730b0000)
 Metaspace       used 22942K, capacity 23319K, committed 23552K, reserved 24576K
}
Event: 5.234 GC heap before
{Heap before GC invocations=2 (full 1):
 def new generation   total 629248K, used 268136K [0x00007fc2c8600000, 0x00007fc2f30c0000, 0x00007fc81db50000)
  eden space 559360K,  47% used [0x00007fc2c8600000, 0x00007fc2d8b24b48, 0x00007fc2ea840000)
  from space 69888K,   1% used [0x00007fc2eec80000, 0x00007fc2eed35690, 0x00007fc2f30c0000)
  to   space 69888K,   0% used [0x00007fc2ea840000, 0x00007fc2ea840000, 0x00007fc2eec80000)
 tenured generation   total 1398144K, used 13577K [0x00007fc81db50000, 0x00007fc8730b0000, 0x00007fd2c8600000)
   the space 1398144K,   0% used [0x00007fc81db50000, 0x00007fc81e892748, 0x00007fc81e892800, 0x00007fc8730b0000)
 Metaspace       used 23092K, capacity 23459K, committed 23552K, reserved 24576K
}
Event: 5.248 GC heap after
{Heap after GC invocations=3 (full 1):
 def new generation   total 629248K, used 9501K [0x00007fc2c8600000, 0x00007fc2f30c0000, 0x00007fc81db50000)
  eden space 559360K,   0% used [0x00007fc2c8600000, 0x00007fc2c8600000, 0x00007fc2ea840000)
  from space 69888K,  13% used [0x00007fc2ea840000, 0x00007fc2eb187600, 0x00007fc2eec80000)
  to   space 69888K,   0% used [0x00007fc2eec80000, 0x00007fc2eec80000, 0x00007fc2f30c0000)
 tenured generation   total 1398144K, used 13577K [0x00007fc81db50000, 0x00007fc8730b0000, 0x00007fd2c8600000)
   the space 1398144K,   0% used [0x00007fc81db50000, 0x00007fc81e892748, 0x00007fc81e892800, 0x00007fc8730b0000)
 Metaspace       used 23092K, capacity 23459K, committed 23552K, reserved 24576K
}
Event: 6.066 GC heap before
{Heap before GC invocations=3 (full 1):
 def new generation   total 629248K, used 550405K [0x00007fc2c8600000, 0x00007fc2f30c0000, 0x00007fc81db50000)
  eden space 559360K,  96% used [0x00007fc2c8600000, 0x00007fc2e9639f98, 0x00007fc2ea840000)
  from space 69888K,  13% used [0x00007fc2ea840000, 0x00007fc2eb187600, 0x00007fc2eec80000)
  to   space 69888K,   0% used [0x00007fc2eec80000, 0x00007fc2eec80000, 0x00007fc2f30c0000)
 tenured generation   total 1398144K, used 13577K [0x00007fc81db50000, 0x00007fc8730b0000, 0x00007fd2c8600000)
   the space 1398144K,   0% used [0x00007fc81db50000, 0x00007fc81e892748, 0x00007fc81e892800, 0x00007fc8730b0000)
 Metaspace       used 23094K, capacity 23459K, committed 23552K, reserved 24576K
}
Event: 6.443 GC heap after
{Heap after GC invocations=4 (full 1):
 def new generation   total 629248K, used 988K [0x00007fc2c8600000, 0x00007fc2f30c0000, 0x00007fc81db50000)
  eden space 559360K,   0% used [0x00007fc2c8600000, 0x00007fc2c8600000, 0x00007fc2ea840000)
  from space 69888K,   1% used [0x00007fc2eec80000, 0x00007fc2eed770d0, 0x00007fc2f30c0000)
  to   space 69888K,   0% used [0x00007fc2ea840000, 0x00007fc2ea840000, 0x00007fc2eec80000)
 tenured generation   total 1398144K, used 537865K [0x00007fc81db50000, 0x00007fc8730b0000, 0x00007fd2c8600000)
   the space 1398144K,  38% used [0x00007fc81db50000, 0x00007fc83e892760, 0x00007fc83e892800, 0x00007fc8730b0000)
 Metaspace       used 23094K, capacity 23459K, committed 23552K, reserved 24576K
}
Event: 7.100 GC heap before
{Heap before GC invocations=4 (full 1):
 def new generation   total 629248K, used 536264K [0x00007fc2c8600000, 0x00007fc2f30c0000, 0x00007fc81db50000)
  eden space 559360K,  95% used [0x00007fc2c8600000, 0x00007fc2e90bb108, 0x00007fc2ea840000)
  from space 69888K,   1% used [0x00007fc2eec80000, 0x00007fc2eed770d0, 0x00007fc2f30c0000)
  to   space 69888K,   0% used [0x00007fc2ea840000, 0x00007fc2ea840000, 0x00007fc2eec80000)
 tenured generation   total 1398144K, used 537865K [0x00007fc81db50000, 0x00007fc8730b0000, 0x00007fd2c8600000)
   the space 1398144K,  38% used [0x00007fc81db50000, 0x00007fc83e892760, 0x00007fc83e892800, 0x00007fc8730b0000)
 Metaspace       used 23094K, capacity 23459K, committed 23552K, reserved 24576K
}
Event: 7.418 GC heap after
{Heap after GC invocations=5 (full 1):
 def new generation   total 629248K, used 988K [0x00007fc2c8600000, 0x00007fc2f30c0000, 0x00007fc81db50000)
  eden space 559360K,   0% used [0x00007fc2c8600000, 0x00007fc2c8600000, 0x00007fc2ea840000)
  from space 69888K,   1% used [0x00007fc2ea840000, 0x00007fc2ea937188, 0x00007fc2eec80000)
  to   space 69888K,   0% used [0x00007fc2eec80000, 0x00007fc2eec80000, 0x00007fc2f30c0000)
 tenured generation   total 1398144K, used 1062153K [0x00007fc81db50000, 0x00007fc8730b0000, 0x00007fd2c8600000)
   the space 1398144K,  75% used [0x00007fc81db50000, 0x00007fc85e892790, 0x00007fc85e892800, 0x00007fc8730b0000)
 Metaspace       used 23094K, capacity 23459K, committed 23552K, reserved 24576K
}
Event: 8.248 GC heap before
{Heap before GC invocations=5 (full 1):
 def new generation   total 629248K, used 499390K [0x00007fc2c8600000, 0x00007fc2f30c0000, 0x00007fc81db50000)
  eden space 559360K,  89% used [0x00007fc2c8600000, 0x00007fc2e6cb86c0, 0x00007fc2ea840000)
  from space 69888K,   1% used [0x00007fc2ea840000, 0x00007fc2ea937188, 0x00007fc2eec80000)
  to   space 69888K,   0% used [0x00007fc2eec80000, 0x00007fc2eec80000, 0x00007fc2f30c0000)
 tenured generation   total 1398144K, used 1062153K [0x00007fc81db50000, 0x00007fc8730b0000, 0x00007fd2c8600000)
   the space 1398144K,  75% used [0x00007fc81db50000, 0x00007fc85e892790, 0x00007fc85e892800, 0x00007fc8730b0000)
 Metaspace       used 23098K, capacity 23459K, committed 23552K, reserved 24576K
}
Event: 8.362 GC heap after
{Heap after GC invocations=6 (full 1):
 def new generation   total 629248K, used 986K [0x00007fc2c8600000, 0x00007fc2f30c0000, 0x00007fc81db50000)
  eden space 559360K,   0% used [0x00007fc2c8600000, 0x00007fc2c8600000, 0x00007fc2ea840000)
  from space 69888K,   1% used [0x00007fc2eec80000, 0x00007fc2eed76998, 0x00007fc2f30c0000)
  to   space 69888K,   0% used [0x00007fc2ea840000, 0x00007fc2ea840000, 0x00007fc2eec80000)
 tenured generation   total 1398144K, used 1193225K [0x00007fc81db50000, 0x00007fc8730b0000, 0x00007fd2c8600000)
   the space 1398144K,  85% used [0x00007fc81db50000, 0x00007fc8668927a8, 0x00007fc866892800, 0x00007fc8730b0000)
 Metaspace       used 23098K, capacity 23459K, committed 23552K, reserved 24576K
}
Event: 8.827 GC heap before
{Heap before GC invocations=6 (full 1):
 def new generation   total 629248K, used 364207K [0x00007fc2c8600000, 0x00007fc2f30c0000, 0x00007fc81db50000)
  eden space 559360K,  64% used [0x00007fc2c8600000, 0x00007fc2de8b53a0, 0x00007fc2ea840000)
  from space 69888K,   1% used [0x00007fc2eec80000, 0x00007fc2eed76998, 0x00007fc2f30c0000)
  to   space 69888K,   0% used [0x00007fc2ea840000, 0x00007fc2ea840000, 0x00007fc2eec80000)
 tenured generation   total 1398144K, used 1193225K [0x00007fc81db50000, 0x00007fc8730b0000, 0x00007fd2c8600000)
   the space 1398144K,  85% used [0x00007fc81db50000, 0x00007fc8668927a8, 0x00007fc866892800, 0x00007fc8730b0000)
 Metaspace       used 23101K, capacity 23460K, committed 23552K, reserved 24576K
}
Event: 8.831 GC heap after
{Heap after GC invocations=7 (full 1):
 def new generation   total 629248K, used 1025K [0x00007fc2c8600000, 0x00007fc2f30c0000, 0x00007fc81db50000)
  eden space 559360K,   0% used [0x00007fc2c8600000, 0x00007fc2c8600000, 0x00007fc2ea840000)
  from space 69888K,   1% used [0x00007fc2ea840000, 0x00007fc2ea940790, 0x00007fc2eec80000)
  to   space 69888K,   0% used [0x00007fc2eec80000, 0x00007fc2eec80000, 0x00007fc2f30c0000)
 tenured generation   total 1398144K, used 1193225K [0x00007fc81db50000, 0x00007fc8730b0000, 0x00007fd2c8600000)
   the space 1398144K,  85% used [0x00007fc81db50000, 0x00007fc8668927a8, 0x00007fc866892800, 0x00007fc8730b0000)
 Metaspace       used 23101K, capacity 23460K, committed 23552K, reserved 24576K
}
Event: 8.831 GC heap before
{Heap before GC invocations=7 (full 1):
 def new generation   total 629248K, used 1025K [0x00007fc2c8600000, 0x00007fc2f30c0000, 0x00007fc81db50000)
  eden space 559360K,   0% used [0x00007fc2c8600000, 0x00007fc2c8600000, 0x00007fc2ea840000)
  from space 69888K,   1% used [0x00007fc2ea840000, 0x00007fc2ea940790, 0x00007fc2eec80000)
  to   space 69888K,   0% used [0x00007fc2eec80000, 0x00007fc2eec80000, 0x00007fc2f30c0000)
 tenured generation   total 1398144K, used 1193225K [0x00007fc81db50000, 0x00007fc8730b0000, 0x00007fd2c8600000)
   the space 1398144K,  85% used [0x00007fc81db50000, 0x00007fc8668927a8, 0x00007fc866892800, 0x00007fc8730b0000)
 Metaspace       used 23101K, capacity 23460K, committed 23552K, reserved 24576K
}
Event: 8.876 GC heap after
{Heap after GC invocations=7 (full 2):
 def new generation   total 629248K, used 0K [0x00007fc2c8600000, 0x00007fc2f30c0000, 0x00007fc81db50000)
  eden space 559360K,   0% used [0x00007fc2c8600000, 0x00007fc2c8600000, 0x00007fc2ea840000)
  from space 69888K,   0% used [0x00007fc2ea840000, 0x00007fc2ea840000, 0x00007fc2eec80000)
  to   space 69888K,   0% used [0x00007fc2eec80000, 0x00007fc2eec80000, 0x00007fc2f30c0000)
 tenured generation   total 1398144K, used 14603K [0x00007fc81db50000, 0x00007fc8730b0000, 0x00007fd2c8600000)
   the space 1398144K,   1% used [0x00007fc81db50000, 0x00007fc81e992ce8, 0x00007fc81e992e00, 0x00007fc8730b0000)
 Metaspace       used 23101K, capacity 23460K, committed 23552K, reserved 24576K
}

