# JRE version: OpenJDK Runtime Environment (13.0.7+5) (build 13.0.7+5-Ubuntu-0ubuntu120.04)
# Java VM: OpenJDK 64-Bit Server VM (13.0.7+5-Ubuntu-0ubuntu120.04, mixed mode, tiered, serial gc, linux-amd64)
Heap:
 def new generation   total 8815488K, used 979300K [0x00007fd91c600000, 0x00007fdb72360000, 0x00007fde71b50000)
  eden space 7836032K,  12% used [0x00007fd91c600000, 0x00007fd9582592a0, 0x00007fdafaa60000)
  from space 979456K,   0% used [0x00007fdafaa60000, 0x00007fdafaa60000, 0x00007fdb366e0000)
  to   space 979456K,   0% used [0x00007fdb366e0000, 0x00007fdb366e0000, 0x00007fdb72360000)
 tenured generation   total 20672696K, used 20672695K [0x00007fde71b50000, 0x00007fe35f77e000, 0x00007fe91c600000)
   the space 20672696K,  99% used [0x00007fde71b50000, 0x00007fe35f77dff8, 0x00007fe35f77e000, 0x00007fe35f77e000)
 Metaspace       used 30647K, capacity 31076K, committed 31488K, reserved 32768K
GC Heap History (20 events):
Event: 119.006 GC heap after
{Heap after GC invocations=55 (full 7):
 def new generation   total 5205568K, used 480742K [0x00007fd91c600000, 0x00007fda7d660000, 0x00007fde71b50000)
  eden space 4627200K,   0% used [0x00007fd91c600000, 0x00007fd91c600000, 0x00007fda36cc0000)
  from space 578368K,  83% used [0x00007fda36cc0000, 0x00007fda54239800, 0x00007fda5a190000)
  to   space 578368K,   0% used [0x00007fda5a190000, 0x00007fda5a190000, 0x00007fda7d660000)
 tenured generation   total 11567776K, used 9444164K [0x00007fde71b50000, 0x00007fe133bf8000, 0x00007fe91c600000)
   the space 11567776K,  81% used [0x00007fde71b50000, 0x00007fe0b2221378, 0x00007fe0b2221400, 0x00007fe133bf8000)
 Metaspace       used 30647K, capacity 31076K, committed 31488K, reserved 32768K
}
Event: 122.681 GC heap before
{Heap before GC invocations=55 (full 7):
 def new generation   total 5205568K, used 5107942K [0x00007fd91c600000, 0x00007fda7d660000, 0x00007fde71b50000)
  eden space 4627200K, 100% used [0x00007fd91c600000, 0x00007fda36cc0000, 0x00007fda36cc0000)
  from space 578368K,  83% used [0x00007fda36cc0000, 0x00007fda54239800, 0x00007fda5a190000)
  to   space 578368K,   0% used [0x00007fda5a190000, 0x00007fda5a190000, 0x00007fda7d660000)
 tenured generation   total 11567776K, used 9444164K [0x00007fde71b50000, 0x00007fe133bf8000, 0x00007fe91c600000)
   the space 11567776K,  81% used [0x00007fde71b50000, 0x00007fe0b2221378, 0x00007fe0b2221400, 0x00007fe133bf8000)
 Metaspace       used 30647K, capacity 31076K, committed 31488K, reserved 32768K
}
Event: 133.830 GC heap after
{Heap after GC invocations=56 (full 7):
 def new generation   total 5205568K, used 465620K [0x00007fd91c600000, 0x00007fda7d660000, 0x00007fde71b50000)
  eden space 4627200K,   0% used [0x00007fd91c600000, 0x00007fd91c600000, 0x00007fda36cc0000)
  from space 578368K,  80% used [0x00007fda5a190000, 0x00007fda768453b8, 0x00007fda7d660000)
  to   space 578368K,   0% used [0x00007fda36cc0000, 0x00007fda36cc0000, 0x00007fda5a190000)
 tenured generation   total 11567776K, used 9924906K [0x00007fde71b50000, 0x00007fe133bf8000, 0x00007fe91c600000)
   the space 11567776K,  85% used [0x00007fde71b50000, 0x00007fe0cf79a988, 0x00007fe0cf79aa00, 0x00007fe133bf8000)
 Metaspace       used 30647K, capacity 31076K, committed 31488K, reserved 32768K
}
Event: 314.107 GC heap before
{Heap before GC invocations=56 (full 7):
 def new generation   total 5205568K, used 5092820K [0x00007fd91c600000, 0x00007fda7d660000, 0x00007fde71b50000)
  eden space 4627200K, 100% used [0x00007fd91c600000, 0x00007fda36cc0000, 0x00007fda36cc0000)
  from space 578368K,  80% used [0x00007fda5a190000, 0x00007fda768453b8, 0x00007fda7d660000)
  to   space 578368K,   0% used [0x00007fda36cc0000, 0x00007fda36cc0000, 0x00007fda5a190000)
 tenured generation   total 11567776K, used 9924906K [0x00007fde71b50000, 0x00007fe133bf8000, 0x00007fe91c600000)
   the space 11567776K,  85% used [0x00007fde71b50000, 0x00007fe0cf79a988, 0x00007fe0cf79aa00, 0x00007fe133bf8000)
 Metaspace       used 30647K, capacity 31076K, committed 31488K, reserved 32768K
}
Event: 320.045 GC heap after
{Heap after GC invocations=57 (full 7):
 def new generation   total 5205568K, used 578368K [0x00007fd91c600000, 0x00007fda7d660000, 0x00007fde71b50000)
  eden space 4627200K,   0% used [0x00007fd91c600000, 0x00007fd91c600000, 0x00007fda36cc0000)
  from space 578368K, 100% used [0x00007fda36cc0000, 0x00007fda5a190000, 0x00007fda5a190000)
  to   space 578368K,   0% used [0x00007fda5a190000, 0x00007fda5a190000, 0x00007fda7d660000)
 tenured generation   total 11997664K, used 11997536K [0x00007fde71b50000, 0x00007fe14dfc8000, 0x00007fe91c600000)
   the space 11997664K,  99% used [0x00007fde71b50000, 0x00007fe14dfa8138, 0x00007fe14dfa8200, 0x00007fe14dfc8000)
 Metaspace       used 30647K, capacity 31076K, committed 31488K, reserved 32768K
}
Event: 320.045 GC heap before
{Heap before GC invocations=57 (full 7):
 def new generation   total 5205568K, used 578368K [0x00007fd91c600000, 0x00007fda7d660000, 0x00007fde71b50000)
  eden space 4627200K,   0% used [0x00007fd91c600000, 0x00007fd91c600000, 0x00007fda36cc0000)
  from space 578368K, 100% used [0x00007fda36cc0000, 0x00007fda5a190000, 0x00007fda5a190000)
  to   space 578368K,   0% used [0x00007fda5a190000, 0x00007fda5a190000, 0x00007fda7d660000)
 tenured generation   total 11997664K, used 11997536K [0x00007fde71b50000, 0x00007fe14dfc8000, 0x00007fe91c600000)
   the space 11997664K,  99% used [0x00007fde71b50000, 0x00007fe14dfa8138, 0x00007fe14dfa8200, 0x00007fe14dfc8000)
 Metaspace       used 30647K, capacity 31076K, committed 31488K, reserved 32768K
}
Event: 346.479 GC heap after
{Heap after GC invocations=57 (full 8):
 def new generation   total 8815488K, used 0K [0x00007fd91c600000, 0x00007fdb72360000, 0x00007fde71b50000)
  eden space 7836032K,   0% used [0x00007fd91c600000, 0x00007fd91c600000, 0x00007fdafaa60000)
  from space 979456K,   0% used [0x00007fdafaa60000, 0x00007fdafaa60000, 0x00007fdb366e0000)
  to   space 979456K,   0% used [0x00007fdb366e0000, 0x00007fdb366e0000, 0x00007fdb72360000)
 tenured generation   total 19589816K, used 11753888K [0x00007fde71b50000, 0x00007fe31d5fe000, 0x00007fe91c600000)
   the space 19589816K,  59% used [0x00007fde71b50000, 0x00007fe13f1b8128, 0x00007fe13f1b8200, 0x00007fe31d5fe000)
 Metaspace       used 30647K, capacity 31076K, committed 31488K, reserved 32768K
}
Event: 837.143 GC heap before
{Heap before GC invocations=57 (full 8):
 def new generation   total 8815488K, used 7836032K [0x00007fd91c600000, 0x00007fdb72360000, 0x00007fde71b50000)
  eden space 7836032K, 100% used [0x00007fd91c600000, 0x00007fdafaa60000, 0x00007fdafaa60000)
  from space 979456K,   0% used [0x00007fdafaa60000, 0x00007fdafaa60000, 0x00007fdb366e0000)
  to   space 979456K,   0% used [0x00007fdb366e0000, 0x00007fdb366e0000, 0x00007fdb72360000)
 tenured generation   total 19589816K, used 11753888K [0x00007fde71b50000, 0x00007fe31d5fe000, 0x00007fe91c600000)
   the space 19589816K,  59% used [0x00007fde71b50000, 0x00007fe13f1b8128, 0x00007fe13f1b8200, 0x00007fe31d5fe000)
 Metaspace       used 30647K, capacity 31076K, committed 31488K, reserved 32768K
}
Event: 840.092 GC heap after
{Heap after GC invocations=58 (full 8):
 def new generation   total 8815488K, used 979455K [0x00007fd91c600000, 0x00007fdb72360000, 0x00007fde71b50000)
  eden space 7836032K,   0% used [0x00007fd91c600000, 0x00007fd91c600000, 0x00007fdafaa60000)
  from space 979456K,  99% used [0x00007fdb366e0000, 0x00007fdb7235fff0, 0x00007fdb72360000)
  to   space 979456K,   0% used [0x00007fdafaa60000, 0x00007fdafaa60000, 0x00007fdb366e0000)
 tenured generation   total 19589816K, used 12424117K [0x00007fde71b50000, 0x00007fe31d5fe000, 0x00007fe91c600000)
   the space 19589816K,  63% used [0x00007fde71b50000, 0x00007fe16803d4c8, 0x00007fe16803d600, 0x00007fe31d5fe000)
 Metaspace       used 30647K, capacity 31076K, committed 31488K, reserved 32768K
}
Event: 1285.071 GC heap before
{Heap before GC invocations=58 (full 8):
 def new generation   total 8815488K, used 8815487K [0x00007fd91c600000, 0x00007fdb72360000, 0x00007fde71b50000)
  eden space 7836032K, 100% used [0x00007fd91c600000, 0x00007fdafaa60000, 0x00007fdafaa60000)
  from space 979456K,  99% used [0x00007fdb366e0000, 0x00007fdb7235fff0, 0x00007fdb72360000)
  to   space 979456K,   0% used [0x00007fdafaa60000, 0x00007fdafaa60000, 0x00007fdb366e0000)
 tenured generation   total 19589816K, used 12424117K [0x00007fde71b50000, 0x00007fe31d5fe000, 0x00007fe91c600000)
   the space 19589816K,  63% used [0x00007fde71b50000, 0x00007fe16803d4c8, 0x00007fe16803d600, 0x00007fe31d5fe000)
 Metaspace       used 30647K, capacity 31076K, committed 31488K, reserved 32768K
}
Event: 1288.568 GC heap after
{Heap after GC invocations=59 (full 8):
 def new generation   total 8815488K, used 979455K [0x00007fd91c600000, 0x00007fdb72360000, 0x00007fde71b50000)
  eden space 7836032K,   0% used [0x00007fd91c600000, 0x00007fd91c600000, 0x00007fdafaa60000)
  from space 979456K,  99% used [0x00007fdafaa60000, 0x00007fdb366dfff0, 0x00007fdb366e0000)
  to   space 979456K,   0% used [0x00007fdb366e0000, 0x00007fdb366e0000, 0x00007fdb72360000)
 tenured generation   total 19589816K, used 14073801K [0x00007fde71b50000, 0x00007fe31d5fe000, 0x00007fe91c600000)
   the space 19589816K,  71% used [0x00007fde71b50000, 0x00007fe1ccb426a8, 0x00007fe1ccb42800, 0x00007fe31d5fe000)
 Metaspace       used 30647K, capacity 31076K, committed 31488K, reserved 32768K
}
Event: 1716.576 GC heap before
{Heap before GC invocations=59 (full 8):
 def new generation   total 8815488K, used 8815487K [0x00007fd91c600000, 0x00007fdb72360000, 0x00007fde71b50000)
  eden space 7836032K, 100% used [0x00007fd91c600000, 0x00007fdafaa60000, 0x00007fdafaa60000)
  from space 979456K,  99% used [0x00007fdafaa60000, 0x00007fdb366dfff0, 0x00007fdb366e0000)
  to   space 979456K,   0% used [0x00007fdb366e0000, 0x00007fdb366e0000, 0x00007fdb72360000)
 tenured generation   total 19589816K, used 14073801K [0x00007fde71b50000, 0x00007fe31d5fe000, 0x00007fe91c600000)
   the space 19589816K,  71% used [0x00007fde71b50000, 0x00007fe1ccb426a8, 0x00007fe1ccb42800, 0x00007fe31d5fe000)
 Metaspace       used 30647K, capacity 31076K, committed 31488K, reserved 32768K
}
Event: 1719.869 GC heap after
{Heap after GC invocations=60 (full 8):
 def new generation   total 8815488K, used 979455K [0x00007fd91c600000, 0x00007fdb72360000, 0x00007fde71b50000)
  eden space 7836032K,   0% used [0x00007fd91c600000, 0x00007fd91c600000, 0x00007fdafaa60000)
  from space 979456K,  99% used [0x00007fdb366e0000, 0x00007fdb7235fff0, 0x00007fdb72360000)
  to   space 979456K,   0% used [0x00007fdafaa60000, 0x00007fdafaa60000, 0x00007fdb366e0000)
 tenured generation   total 19589816K, used 15723486K [0x00007fde71b50000, 0x00007fe31d5fe000, 0x00007fe91c600000)
   the space 19589816K,  80% used [0x00007fde71b50000, 0x00007fe231647948, 0x00007fe231647a00, 0x00007fe31d5fe000)
 Metaspace       used 30647K, capacity 31076K, committed 31488K, reserved 32768K
}
Event: 2032.687 GC heap before
{Heap before GC invocations=60 (full 8):
 def new generation   total 8815488K, used 8815487K [0x00007fd91c600000, 0x00007fdb72360000, 0x00007fde71b50000)
  eden space 7836032K, 100% used [0x00007fd91c600000, 0x00007fdafaa60000, 0x00007fdafaa60000)
  from space 979456K,  99% used [0x00007fdb366e0000, 0x00007fdb7235fff0, 0x00007fdb72360000)
  to   space 979456K,   0% used [0x00007fdafaa60000, 0x00007fdafaa60000, 0x00007fdb366e0000)
 tenured generation   total 19589816K, used 15723486K [0x00007fde71b50000, 0x00007fe31d5fe000, 0x00007fe91c600000)
   the space 19589816K,  80% used [0x00007fde71b50000, 0x00007fe231647948, 0x00007fe231647a00, 0x00007fe31d5fe000)
 Metaspace       used 30647K, capacity 31076K, committed 31488K, reserved 32768K
}
Event: 2035.907 GC heap after
{Heap after GC invocations=61 (full 8):
 def new generation   total 8815488K, used 979456K [0x00007fd91c600000, 0x00007fdb72360000, 0x00007fde71b50000)
  eden space 7836032K,   0% used [0x00007fd91c600000, 0x00007fd91c600000, 0x00007fdafaa60000)
  from space 979456K, 100% used [0x00007fdafaa60000, 0x00007fdb366e0000, 0x00007fdb366e0000)
  to   space 979456K,   0% used [0x00007fdb366e0000, 0x00007fdb366e0000, 0x00007fdb72360000)
 tenured generation   total 19589816K, used 17373171K [0x00007fde71b50000, 0x00007fe31d5fe000, 0x00007fe91c600000)
   the space 19589816K,  88% used [0x00007fde71b50000, 0x00007fe29614cc28, 0x00007fe29614ce00, 0x00007fe31d5fe000)
 Metaspace       used 30647K, capacity 31076K, committed 31488K, reserved 32768K
}
Event: 2316.413 GC heap before
{Heap before GC invocations=61 (full 8):
 def new generation   total 8815488K, used 8815488K [0x00007fd91c600000, 0x00007fdb72360000, 0x00007fde71b50000)
  eden space 7836032K, 100% used [0x00007fd91c600000, 0x00007fdafaa60000, 0x00007fdafaa60000)
  from space 979456K, 100% used [0x00007fdafaa60000, 0x00007fdb366e0000, 0x00007fdb366e0000)
  to   space 979456K,   0% used [0x00007fdb366e0000, 0x00007fdb366e0000, 0x00007fdb72360000)
 tenured generation   total 19589816K, used 17373171K [0x00007fde71b50000, 0x00007fe31d5fe000, 0x00007fe91c600000)
   the space 19589816K,  88% used [0x00007fde71b50000, 0x00007fe29614cc28, 0x00007fe29614ce00, 0x00007fe31d5fe000)
 Metaspace       used 30647K, capacity 31076K, committed 31488K, reserved 32768K
}
Event: 2319.577 GC heap after
{Heap after GC invocations=62 (full 8):
 def new generation   total 8815488K, used 979455K [0x00007fd91c600000, 0x00007fdb72360000, 0x00007fde71b50000)
  eden space 7836032K,   0% used [0x00007fd91c600000, 0x00007fd91c600000, 0x00007fdafaa60000)
  from space 979456K,  99% used [0x00007fdb366e0000, 0x00007fdb7235fff0, 0x00007fdb72360000)
  to   space 979456K,   0% used [0x00007fdafaa60000, 0x00007fdafaa60000, 0x00007fdb366e0000)
 tenured generation   total 19589816K, used 19022855K [0x00007fde71b50000, 0x00007fe31d5fe000, 0x00007fe91c600000)
   the space 19589816K,  97% used [0x00007fde71b50000, 0x00007fe2fac51fc8, 0x00007fe2fac52000, 0x00007fe31d5fe000)
 Metaspace       used 30647K, capacity 31076K, committed 31488K, reserved 32768K
}
Event: 2579.944 GC heap before
{Heap before GC invocations=62 (full 8):
 def new generation   total 8815488K, used 8815487K [0x00007fd91c600000, 0x00007fdb72360000, 0x00007fde71b50000)
  eden space 7836032K, 100% used [0x00007fd91c600000, 0x00007fdafaa60000, 0x00007fdafaa60000)
  from space 979456K,  99% used [0x00007fdb366e0000, 0x00007fdb7235fff0, 0x00007fdb72360000)
  to   space 979456K,   0% used [0x00007fdafaa60000, 0x00007fdafaa60000, 0x00007fdb366e0000)
 tenured generation   total 19589816K, used 19022855K [0x00007fde71b50000, 0x00007fe31d5fe000, 0x00007fe91c600000)
   the space 19589816K,  97% used [0x00007fde71b50000, 0x00007fe2fac51fc8, 0x00007fe2fac52000, 0x00007fe31d5fe000)
 Metaspace       used 30647K, capacity 31076K, committed 31488K, reserved 32768K
}
Event: 2583.388 GC heap after
{Heap after GC invocations=63 (full 8):
 def new generation   total 8815488K, used 979455K [0x00007fd91c600000, 0x00007fdb72360000, 0x00007fde71b50000)
  eden space 7836032K,   0% used [0x00007fd91c600000, 0x00007fd91c600000, 0x00007fdafaa60000)
  from space 979456K,  99% used [0x00007fdafaa60000, 0x00007fdb366dfff0, 0x00007fdb366e0000)
  to   space 979456K,   0% used [0x00007fdb366e0000, 0x00007fdb366e0000, 0x00007fdb72360000)
 tenured generation   total 20672696K, used 20672540K [0x00007fde71b50000, 0x00007fe35f77e000, 0x00007fe91c600000)
   the space 20672696K,  99% used [0x00007fde71b50000, 0x00007fe35f7572a8, 0x00007fe35f757400, 0x00007fe35f77e000)
 Metaspace       used 30647K, capacity 31076K, committed 31488K, reserved 32768K
}
Event: 2583.388 GC heap before
{Heap before GC invocations=63 (full 8):
 def new generation   total 8815488K, used 979455K [0x00007fd91c600000, 0x00007fdb72360000, 0x00007fde71b50000)
  eden space 7836032K,   0% used [0x00007fd91c600000, 0x00007fd91c600000, 0x00007fdafaa60000)
  from space 979456K,  99% used [0x00007fdafaa60000, 0x00007fdb366dfff0, 0x00007fdb366e0000)
  to   space 979456K,   0% used [0x00007fdb366e0000, 0x00007fdb366e0000, 0x00007fdb72360000)
 tenured generation   total 20672696K, used 20672540K [0x00007fde71b50000, 0x00007fe35f77e000, 0x00007fe91c600000)
   the space 20672696K,  99% used [0x00007fde71b50000, 0x00007fe35f7572a8, 0x00007fe35f757400, 0x00007fe35f77e000)
 Metaspace       used 30647K, capacity 31076K, committed 31488K, reserved 32768K
}

