# JRE version: OpenJDK Runtime Environment (13.0.7+5) (build 13.0.7+5-Ubuntu-0ubuntu120.04)
# Java VM: OpenJDK 64-Bit Server VM (13.0.7+5-Ubuntu-0ubuntu120.04, mixed mode, tiered, serial gc, linux-amd64)
Heap:
 def new generation   total 9523008K, used 0K [0x00007fb53c600000, 0x00007fb7c2320000, 0x00007fba91b50000)
  eden space 8464896K,   0% used [0x00007fb53c600000, 0x00007fb53c600000, 0x00007fb741080000)
  from space 1058112K,   0% used [0x00007fb7819d0000, 0x00007fb7819d0000, 0x00007fb7c2320000)
  to   space 1058112K,   0% used [0x00007fb741080000, 0x00007fb741080000, 0x00007fb7819d0000)
 tenured generation   total 21497340K, used 21099495K [0x00007fba91b50000, 0x00007fbfb1ccf000, 0x00007fc53c600000)
   the space 21497340K,  98% used [0x00007fba91b50000, 0x00007fbf99849cf8, 0x00007fbf99849e00, 0x00007fbfb1ccf000)
 Metaspace       used 30471K, capacity 30902K, committed 31232K, reserved 32768K
GC Heap History (20 events):
Event: 1382.714 GC heap after
{Heap after GC invocations=37 (full 9):
 def new generation   total 9523008K, used 613618K [0x00007fb53c600000, 0x00007fb7c2320000, 0x00007fba91b50000)
  eden space 8464896K,   0% used [0x00007fb53c600000, 0x00007fb53c600000, 0x00007fb741080000)
  from space 1058112K,  57% used [0x00007fb741080000, 0x00007fb7667bc920, 0x00007fb7819d0000)
  to   space 1058112K,   0% used [0x00007fb7819d0000, 0x00007fb7819d0000, 0x00007fb7c2320000)
 tenured generation   total 21162108K, used 15555438K [0x00007fba91b50000, 0x00007fbf9d56f000, 0x00007fc53c600000)
   the space 21162108K,  73% used [0x00007fba91b50000, 0x00007fbe4722bbb8, 0x00007fbe4722bc00, 0x00007fbf9d56f000)
 Metaspace       used 30471K, capacity 30902K, committed 31232K, reserved 32768K
}
Event: 1384.892 GC heap before
{Heap before GC invocations=37 (full 9):
 def new generation   total 9523008K, used 9078514K [0x00007fb53c600000, 0x00007fb7c2320000, 0x00007fba91b50000)
  eden space 8464896K, 100% used [0x00007fb53c600000, 0x00007fb741080000, 0x00007fb741080000)
  from space 1058112K,  57% used [0x00007fb741080000, 0x00007fb7667bc920, 0x00007fb7819d0000)
  to   space 1058112K,   0% used [0x00007fb7819d0000, 0x00007fb7819d0000, 0x00007fb7c2320000)
 tenured generation   total 21162108K, used 15555438K [0x00007fba91b50000, 0x00007fbf9d56f000, 0x00007fc53c600000)
   the space 21162108K,  73% used [0x00007fba91b50000, 0x00007fbe4722bbb8, 0x00007fbe4722bc00, 0x00007fbf9d56f000)
 Metaspace       used 30471K, capacity 30902K, committed 31232K, reserved 32768K
}
Event: 1386.617 GC heap after
{Heap after GC invocations=38 (full 9):
 def new generation   total 9523008K, used 617759K [0x00007fb53c600000, 0x00007fb7c2320000, 0x00007fba91b50000)
  eden space 8464896K,   0% used [0x00007fb53c600000, 0x00007fb53c600000, 0x00007fb741080000)
  from space 1058112K,  58% used [0x00007fb7819d0000, 0x00007fb7a7517ee0, 0x00007fb7c2320000)
  to   space 1058112K,   0% used [0x00007fb741080000, 0x00007fb741080000, 0x00007fb7819d0000)
 tenured generation   total 21162108K, used 16169056K [0x00007fba91b50000, 0x00007fbf9d56f000, 0x00007fc53c600000)
   the space 21162108K,  76% used [0x00007fba91b50000, 0x00007fbe6c968148, 0x00007fbe6c968200, 0x00007fbf9d56f000)
 Metaspace       used 30471K, capacity 30902K, committed 31232K, reserved 32768K
}
Event: 1388.715 GC heap before
{Heap before GC invocations=38 (full 9):
 def new generation   total 9523008K, used 9082655K [0x00007fb53c600000, 0x00007fb7c2320000, 0x00007fba91b50000)
  eden space 8464896K, 100% used [0x00007fb53c600000, 0x00007fb741080000, 0x00007fb741080000)
  from space 1058112K,  58% used [0x00007fb7819d0000, 0x00007fb7a7517ee0, 0x00007fb7c2320000)
  to   space 1058112K,   0% used [0x00007fb741080000, 0x00007fb741080000, 0x00007fb7819d0000)
 tenured generation   total 21162108K, used 16169056K [0x00007fba91b50000, 0x00007fbf9d56f000, 0x00007fc53c600000)
   the space 21162108K,  76% used [0x00007fba91b50000, 0x00007fbe6c968148, 0x00007fbe6c968200, 0x00007fbf9d56f000)
 Metaspace       used 30471K, capacity 30902K, committed 31232K, reserved 32768K
}
Event: 1390.446 GC heap after
{Heap after GC invocations=39 (full 9):
 def new generation   total 9523008K, used 609124K [0x00007fb53c600000, 0x00007fb7c2320000, 0x00007fba91b50000)
  eden space 8464896K,   0% used [0x00007fb53c600000, 0x00007fb53c600000, 0x00007fb741080000)
  from space 1058112K,  57% used [0x00007fb741080000, 0x00007fb766359120, 0x00007fb7819d0000)
  to   space 1058112K,   0% used [0x00007fb7819d0000, 0x00007fb7819d0000, 0x00007fb7c2320000)
 tenured generation   total 21162108K, used 16786815K [0x00007fba91b50000, 0x00007fbf9d56f000, 0x00007fc53c600000)
   the space 21162108K,  79% used [0x00007fba91b50000, 0x00007fbe924afe88, 0x00007fbe924b0000, 0x00007fbf9d56f000)
 Metaspace       used 30471K, capacity 30902K, committed 31232K, reserved 32768K
}
Event: 1392.712 GC heap before
{Heap before GC invocations=39 (full 9):
 def new generation   total 9523008K, used 9074020K [0x00007fb53c600000, 0x00007fb7c2320000, 0x00007fba91b50000)
  eden space 8464896K, 100% used [0x00007fb53c600000, 0x00007fb741080000, 0x00007fb741080000)
  from space 1058112K,  57% used [0x00007fb741080000, 0x00007fb766359120, 0x00007fb7819d0000)
  to   space 1058112K,   0% used [0x00007fb7819d0000, 0x00007fb7819d0000, 0x00007fb7c2320000)
 tenured generation   total 21162108K, used 16786815K [0x00007fba91b50000, 0x00007fbf9d56f000, 0x00007fc53c600000)
   the space 21162108K,  79% used [0x00007fba91b50000, 0x00007fbe924afe88, 0x00007fbe924b0000, 0x00007fbf9d56f000)
 Metaspace       used 30471K, capacity 30902K, committed 31232K, reserved 32768K
}
Event: 1394.894 GC heap after
{Heap after GC invocations=40 (full 9):
 def new generation   total 9523008K, used 718648K [0x00007fb53c600000, 0x00007fb7c2320000, 0x00007fba91b50000)
  eden space 8464896K,   0% used [0x00007fb53c600000, 0x00007fb53c600000, 0x00007fb741080000)
  from space 1058112K,  67% used [0x00007fb7819d0000, 0x00007fb7ad79e350, 0x00007fb7c2320000)
  to   space 1058112K,   0% used [0x00007fb741080000, 0x00007fb741080000, 0x00007fb7819d0000)
 tenured generation   total 21162108K, used 17395939K [0x00007fba91b50000, 0x00007fbf9d56f000, 0x00007fc53c600000)
   the space 21162108K,  82% used [0x00007fba91b50000, 0x00007fbeb7788c88, 0x00007fbeb7788e00, 0x00007fbf9d56f000)
 Metaspace       used 30471K, capacity 30902K, committed 31232K, reserved 32768K
}
Event: 1397.205 GC heap before
{Heap before GC invocations=40 (full 9):
 def new generation   total 9523008K, used 9183544K [0x00007fb53c600000, 0x00007fb7c2320000, 0x00007fba91b50000)
  eden space 8464896K, 100% used [0x00007fb53c600000, 0x00007fb741080000, 0x00007fb741080000)
  from space 1058112K,  67% used [0x00007fb7819d0000, 0x00007fb7ad79e350, 0x00007fb7c2320000)
  to   space 1058112K,   0% used [0x00007fb741080000, 0x00007fb741080000, 0x00007fb7819d0000)
 tenured generation   total 21162108K, used 17395939K [0x00007fba91b50000, 0x00007fbf9d56f000, 0x00007fc53c600000)
   the space 21162108K,  82% used [0x00007fba91b50000, 0x00007fbeb7788c88, 0x00007fbeb7788e00, 0x00007fbf9d56f000)
 Metaspace       used 30471K, capacity 30902K, committed 31232K, reserved 32768K
}
Event: 1399.536 GC heap after
{Heap after GC invocations=41 (full 9):
 def new generation   total 9523008K, used 731577K [0x00007fb53c600000, 0x00007fb7c2320000, 0x00007fba91b50000)
  eden space 8464896K,   0% used [0x00007fb53c600000, 0x00007fb53c600000, 0x00007fb741080000)
  from space 1058112K,  69% used [0x00007fb741080000, 0x00007fb76daee580, 0x00007fb7819d0000)
  to   space 1058112K,   0% used [0x00007fb7819d0000, 0x00007fb7819d0000, 0x00007fb7c2320000)
 tenured generation   total 21162108K, used 18114587K [0x00007fba91b50000, 0x00007fbf9d56f000, 0x00007fc53c600000)
   the space 21162108K,  85% used [0x00007fba91b50000, 0x00007fbee3556c48, 0x00007fbee3556e00, 0x00007fbf9d56f000)
 Metaspace       used 30471K, capacity 30902K, committed 31232K, reserved 32768K
}
Event: 1401.816 GC heap before
{Heap before GC invocations=41 (full 9):
 def new generation   total 9523008K, used 9196473K [0x00007fb53c600000, 0x00007fb7c2320000, 0x00007fba91b50000)
  eden space 8464896K, 100% used [0x00007fb53c600000, 0x00007fb741080000, 0x00007fb741080000)
  from space 1058112K,  69% used [0x00007fb741080000, 0x00007fb76daee580, 0x00007fb7819d0000)
  to   space 1058112K,   0% used [0x00007fb7819d0000, 0x00007fb7819d0000, 0x00007fb7c2320000)
 tenured generation   total 21162108K, used 18114587K [0x00007fba91b50000, 0x00007fbf9d56f000, 0x00007fc53c600000)
   the space 21162108K,  85% used [0x00007fba91b50000, 0x00007fbee3556c48, 0x00007fbee3556e00, 0x00007fbf9d56f000)
 Metaspace       used 30471K, capacity 30902K, committed 31232K, reserved 32768K
}
Event: 1404.170 GC heap after
{Heap after GC invocations=42 (full 9):
 def new generation   total 9523008K, used 758759K [0x00007fb53c600000, 0x00007fb7c2320000, 0x00007fba91b50000)
  eden space 8464896K,   0% used [0x00007fb53c600000, 0x00007fb53c600000, 0x00007fb741080000)
  from space 1058112K,  71% used [0x00007fb7819d0000, 0x00007fb7afec9d60, 0x00007fb7c2320000)
  to   space 1058112K,   0% used [0x00007fb741080000, 0x00007fb741080000, 0x00007fb7819d0000)
 tenured generation   total 21162108K, used 18846163K [0x00007fba91b50000, 0x00007fbf9d56f000, 0x00007fc53c600000)
   the space 21162108K,  89% used [0x00007fba91b50000, 0x00007fbf0ffc4de8, 0x00007fbf0ffc4e00, 0x00007fbf9d56f000)
 Metaspace       used 30471K, capacity 30902K, committed 31232K, reserved 32768K
}
Event: 1406.387 GC heap before
{Heap before GC invocations=42 (full 9):
 def new generation   total 9523008K, used 9223655K [0x00007fb53c600000, 0x00007fb7c2320000, 0x00007fba91b50000)
  eden space 8464896K, 100% used [0x00007fb53c600000, 0x00007fb741080000, 0x00007fb741080000)
  from space 1058112K,  71% used [0x00007fb7819d0000, 0x00007fb7afec9d60, 0x00007fb7c2320000)
  to   space 1058112K,   0% used [0x00007fb741080000, 0x00007fb741080000, 0x00007fb7819d0000)
 tenured generation   total 21162108K, used 18846163K [0x00007fba91b50000, 0x00007fbf9d56f000, 0x00007fc53c600000)
   the space 21162108K,  89% used [0x00007fba91b50000, 0x00007fbf0ffc4de8, 0x00007fbf0ffc4e00, 0x00007fbf9d56f000)
 Metaspace       used 30471K, capacity 30902K, committed 31232K, reserved 32768K
}
Event: 1408.701 GC heap after
{Heap after GC invocations=43 (full 9):
 def new generation   total 9523008K, used 660986K [0x00007fb53c600000, 0x00007fb7c2320000, 0x00007fba91b50000)
  eden space 8464896K,   0% used [0x00007fb53c600000, 0x00007fb53c600000, 0x00007fb741080000)
  from space 1058112K,  62% used [0x00007fb741080000, 0x00007fb7695fe9c0, 0x00007fb7819d0000)
  to   space 1058112K,   0% used [0x00007fb7819d0000, 0x00007fb7819d0000, 0x00007fb7c2320000)
 tenured generation   total 21162108K, used 19604922K [0x00007fba91b50000, 0x00007fbf9d56f000, 0x00007fc53c600000)
   the space 21162108K,  92% used [0x00007fba91b50000, 0x00007fbf3e4be808, 0x00007fbf3e4bea00, 0x00007fbf9d56f000)
 Metaspace       used 30471K, capacity 30902K, committed 31232K, reserved 32768K
}
Event: 1410.961 GC heap before
{Heap before GC invocations=43 (full 9):
 def new generation   total 9523008K, used 9125882K [0x00007fb53c600000, 0x00007fb7c2320000, 0x00007fba91b50000)
  eden space 8464896K, 100% used [0x00007fb53c600000, 0x00007fb741080000, 0x00007fb741080000)
  from space 1058112K,  62% used [0x00007fb741080000, 0x00007fb7695fe9c0, 0x00007fb7819d0000)
  to   space 1058112K,   0% used [0x00007fb7819d0000, 0x00007fb7819d0000, 0x00007fb7c2320000)
 tenured generation   total 21162108K, used 19604922K [0x00007fba91b50000, 0x00007fbf9d56f000, 0x00007fc53c600000)
   the space 21162108K,  92% used [0x00007fba91b50000, 0x00007fbf3e4be808, 0x00007fbf3e4bea00, 0x00007fbf9d56f000)
 Metaspace       used 30471K, capacity 30902K, committed 31232K, reserved 32768K
}
Event: 1413.078 GC heap after
{Heap after GC invocations=44 (full 9):
 def new generation   total 9523008K, used 618435K [0x00007fb53c600000, 0x00007fb7c2320000, 0x00007fba91b50000)
  eden space 8464896K,   0% used [0x00007fb53c600000, 0x00007fb53c600000, 0x00007fb741080000)
  from space 1058112K,  58% used [0x00007fb7819d0000, 0x00007fb7a75c0e00, 0x00007fb7c2320000)
  to   space 1058112K,   0% used [0x00007fb741080000, 0x00007fb741080000, 0x00007fb7819d0000)
 tenured generation   total 21162108K, used 20265907K [0x00007fba91b50000, 0x00007fbf9d56f000, 0x00007fc53c600000)
   the space 21162108K,  95% used [0x00007fba91b50000, 0x00007fbf66a3cfd8, 0x00007fbf66a3d000, 0x00007fbf9d56f000)
 Metaspace       used 30471K, capacity 30902K, committed 31232K, reserved 32768K
}
Event: 1415.386 GC heap before
{Heap before GC invocations=44 (full 9):
 def new generation   total 9523008K, used 9083331K [0x00007fb53c600000, 0x00007fb7c2320000, 0x00007fba91b50000)
  eden space 8464896K, 100% used [0x00007fb53c600000, 0x00007fb741080000, 0x00007fb741080000)
  from space 1058112K,  58% used [0x00007fb7819d0000, 0x00007fb7a75c0e00, 0x00007fb7c2320000)
  to   space 1058112K,   0% used [0x00007fb741080000, 0x00007fb741080000, 0x00007fb7819d0000)
 tenured generation   total 21162108K, used 20265907K [0x00007fba91b50000, 0x00007fbf9d56f000, 0x00007fc53c600000)
   the space 21162108K,  95% used [0x00007fba91b50000, 0x00007fbf66a3cfd8, 0x00007fbf66a3d000, 0x00007fbf9d56f000)
 Metaspace       used 30471K, capacity 30902K, committed 31232K, reserved 32768K
}
Event: 1417.411 GC heap after
{Heap after GC invocations=45 (full 9):
 def new generation   total 9523008K, used 612868K [0x00007fb53c600000, 0x00007fb7c2320000, 0x00007fba91b50000)
  eden space 8464896K,   0% used [0x00007fb53c600000, 0x00007fb53c600000, 0x00007fb741080000)
  from space 1058112K,  57% used [0x00007fb741080000, 0x00007fb7667010d0, 0x00007fb7819d0000)
  to   space 1058112K,   0% used [0x00007fb7819d0000, 0x00007fb7819d0000, 0x00007fb7c2320000)
 tenured generation   total 21162108K, used 20884342K [0x00007fba91b50000, 0x00007fbf9d56f000, 0x00007fc53c600000)
   the space 21162108K,  98% used [0x00007fba91b50000, 0x00007fbf8c62db98, 0x00007fbf8c62dc00, 0x00007fbf9d56f000)
 Metaspace       used 30471K, capacity 30902K, committed 31232K, reserved 32768K
}
Event: 1419.725 GC heap before
{Heap before GC invocations=45 (full 9):
 def new generation   total 9523008K, used 9077764K [0x00007fb53c600000, 0x00007fb7c2320000, 0x00007fba91b50000)
  eden space 8464896K, 100% used [0x00007fb53c600000, 0x00007fb741080000, 0x00007fb741080000)
  from space 1058112K,  57% used [0x00007fb741080000, 0x00007fb7667010d0, 0x00007fb7819d0000)
  to   space 1058112K,   0% used [0x00007fb7819d0000, 0x00007fb7819d0000, 0x00007fb7c2320000)
 tenured generation   total 21162108K, used 20884342K [0x00007fba91b50000, 0x00007fbf9d56f000, 0x00007fc53c600000)
   the space 21162108K,  98% used [0x00007fba91b50000, 0x00007fbf8c62db98, 0x00007fbf8c62dc00, 0x00007fbf9d56f000)
 Metaspace       used 30471K, capacity 30902K, committed 31232K, reserved 32768K
}
Event: 1421.774 GC heap after
{Heap after GC invocations=46 (full 9):
 def new generation   total 9523008K, used 610853K [0x00007fb53c600000, 0x00007fb7c2320000, 0x00007fba91b50000)
  eden space 8464896K,   0% used [0x00007fb53c600000, 0x00007fb53c600000, 0x00007fb741080000)
  from space 1058112K,  57% used [0x00007fb7819d0000, 0x00007fb7a6e59510, 0x00007fb7c2320000)
  to   space 1058112K,   0% used [0x00007fb741080000, 0x00007fb741080000, 0x00007fb7819d0000)
 tenured generation   total 21497340K, used 21497210K [0x00007fba91b50000, 0x00007fbfb1ccf000, 0x00007fc53c600000)
   the space 21497340K,  99% used [0x00007fba91b50000, 0x00007fbfb1caea28, 0x00007fbfb1caec00, 0x00007fbfb1ccf000)
 Metaspace       used 30471K, capacity 30902K, committed 31232K, reserved 32768K
}
Event: 1421.774 GC heap before
{Heap before GC invocations=46 (full 9):
 def new generation   total 9523008K, used 610853K [0x00007fb53c600000, 0x00007fb7c2320000, 0x00007fba91b50000)
  eden space 8464896K,   0% used [0x00007fb53c600000, 0x00007fb53c600000, 0x00007fb741080000)
  from space 1058112K,  57% used [0x00007fb7819d0000, 0x00007fb7a6e59510, 0x00007fb7c2320000)
  to   space 1058112K,   0% used [0x00007fb741080000, 0x00007fb741080000, 0x00007fb7819d0000)
 tenured generation   total 21497340K, used 21497210K [0x00007fba91b50000, 0x00007fbfb1ccf000, 0x00007fc53c600000)
   the space 21497340K,  99% used [0x00007fba91b50000, 0x00007fbfb1caea28, 0x00007fbfb1caec00, 0x00007fbfb1ccf000)
 Metaspace       used 30471K, capacity 30902K, committed 31232K, reserved 32768K
}

