# JRE version: OpenJDK Runtime Environment (13.0.7+5) (build 13.0.7+5-Ubuntu-0ubuntu120.04)
# Java VM: OpenJDK 64-Bit Server VM (13.0.7+5-Ubuntu-0ubuntu120.04, mixed mode, tiered, serial gc, linux-amd64)
Heap:
 def new generation   total 4389632K, used 0K [0x00007fd648600000, 0x00007fd772100000, 0x00007fe0f30a0000)
  eden space 3901952K,   0% used [0x00007fd648600000, 0x00007fd648600000, 0x00007fd736880000)
  from space 487680K,   0% used [0x00007fd7544c0000, 0x00007fd7544c0000, 0x00007fd772100000)
  to   space 487680K,   0% used [0x00007fd736880000, 0x00007fd736880000, 0x00007fd7544c0000)
 tenured generation   total 9770972K, used 9709597K [0x00007fe0f30a0000, 0x00007fe347697000, 0x00007ff648600000)
   the space 9770972K,  99% used [0x00007fe0f30a0000, 0x00007fe343aa7650, 0x00007fe343aa7800, 0x00007fe347697000)
 Metaspace       used 24228K, capacity 24583K, committed 24832K, reserved 26624K
GC Heap History (20 events):
Event: 2524.121 GC heap after
{Heap after GC invocations=1716 (full 7):
 def new generation   total 4389632K, used 220462K [0x00007fd648600000, 0x00007fd772100000, 0x00007fe0f30a0000)
  eden space 3901952K,   0% used [0x00007fd648600000, 0x00007fd648600000, 0x00007fd736880000)
  from space 487680K,  45% used [0x00007fd736880000, 0x00007fd743fcb930, 0x00007fd7544c0000)
  to   space 487680K,   0% used [0x00007fd7544c0000, 0x00007fd7544c0000, 0x00007fd772100000)
 tenured generation   total 9754584K, used 9637623K [0x00007fe0f30a0000, 0x00007fe346696000, 0x00007ff648600000)
   the space 9754584K,  98% used [0x00007fe0f30a0000, 0x00007fe33f45de68, 0x00007fe33f45e000, 0x00007fe346696000)
 Metaspace       used 24228K, capacity 24583K, committed 24832K, reserved 26624K
}
Event: 2528.313 GC heap before
{Heap before GC invocations=1716 (full 7):
 def new generation   total 4389632K, used 4122414K [0x00007fd648600000, 0x00007fd772100000, 0x00007fe0f30a0000)
  eden space 3901952K, 100% used [0x00007fd648600000, 0x00007fd736880000, 0x00007fd736880000)
  from space 487680K,  45% used [0x00007fd736880000, 0x00007fd743fcb930, 0x00007fd7544c0000)
  to   space 487680K,   0% used [0x00007fd7544c0000, 0x00007fd7544c0000, 0x00007fd772100000)
 tenured generation   total 9754584K, used 9637623K [0x00007fe0f30a0000, 0x00007fe346696000, 0x00007ff648600000)
   the space 9754584K,  98% used [0x00007fe0f30a0000, 0x00007fe33f45de68, 0x00007fe33f45e000, 0x00007fe346696000)
 Metaspace       used 24228K, capacity 24583K, committed 24832K, reserved 26624K
}
Event: 2528.447 GC heap after
{Heap after GC invocations=1717 (full 7):
 def new generation   total 4389632K, used 220455K [0x00007fd648600000, 0x00007fd772100000, 0x00007fe0f30a0000)
  eden space 3901952K,   0% used [0x00007fd648600000, 0x00007fd648600000, 0x00007fd736880000)
  from space 487680K,  45% used [0x00007fd7544c0000, 0x00007fd761c09f20, 0x00007fd772100000)
  to   space 487680K,   0% used [0x00007fd736880000, 0x00007fd736880000, 0x00007fd7544c0000)
 tenured generation   total 9754584K, used 9654582K [0x00007fe0f30a0000, 0x00007fe346696000, 0x00007ff648600000)
   the space 9754584K,  98% used [0x00007fe0f30a0000, 0x00007fe3404eda70, 0x00007fe3404edc00, 0x00007fe346696000)
 Metaspace       used 24228K, capacity 24583K, committed 24832K, reserved 26624K
}
Event: 2532.378 GC heap before
{Heap before GC invocations=1717 (full 7):
 def new generation   total 4389632K, used 4122407K [0x00007fd648600000, 0x00007fd772100000, 0x00007fe0f30a0000)
  eden space 3901952K, 100% used [0x00007fd648600000, 0x00007fd736880000, 0x00007fd736880000)
  from space 487680K,  45% used [0x00007fd7544c0000, 0x00007fd761c09f20, 0x00007fd772100000)
  to   space 487680K,   0% used [0x00007fd736880000, 0x00007fd736880000, 0x00007fd7544c0000)
 tenured generation   total 9754584K, used 9654582K [0x00007fe0f30a0000, 0x00007fe346696000, 0x00007ff648600000)
   the space 9754584K,  98% used [0x00007fe0f30a0000, 0x00007fe3404eda70, 0x00007fe3404edc00, 0x00007fe346696000)
 Metaspace       used 24228K, capacity 24583K, committed 24832K, reserved 26624K
}
Event: 2532.550 GC heap after
{Heap after GC invocations=1718 (full 7):
 def new generation   total 4389632K, used 214824K [0x00007fd648600000, 0x00007fd772100000, 0x00007fe0f30a0000)
  eden space 3901952K,   0% used [0x00007fd648600000, 0x00007fd648600000, 0x00007fd736880000)
  from space 487680K,  44% used [0x00007fd736880000, 0x00007fd743a4a220, 0x00007fd7544c0000)
  to   space 487680K,   0% used [0x00007fd7544c0000, 0x00007fd7544c0000, 0x00007fd772100000)
 tenured generation   total 9754584K, used 9671541K [0x00007fe0f30a0000, 0x00007fe346696000, 0x00007ff648600000)
   the space 9754584K,  99% used [0x00007fe0f30a0000, 0x00007fe34157d678, 0x00007fe34157d800, 0x00007fe346696000)
 Metaspace       used 24228K, capacity 24583K, committed 24832K, reserved 26624K
}
Event: 2536.351 GC heap before
{Heap before GC invocations=1718 (full 7):
 def new generation   total 4389632K, used 4116776K [0x00007fd648600000, 0x00007fd772100000, 0x00007fe0f30a0000)
  eden space 3901952K, 100% used [0x00007fd648600000, 0x00007fd736880000, 0x00007fd736880000)
  from space 487680K,  44% used [0x00007fd736880000, 0x00007fd743a4a220, 0x00007fd7544c0000)
  to   space 487680K,   0% used [0x00007fd7544c0000, 0x00007fd7544c0000, 0x00007fd772100000)
 tenured generation   total 9754584K, used 9671541K [0x00007fe0f30a0000, 0x00007fe346696000, 0x00007ff648600000)
   the space 9754584K,  99% used [0x00007fe0f30a0000, 0x00007fe34157d678, 0x00007fe34157d800, 0x00007fe346696000)
 Metaspace       used 24228K, capacity 24583K, committed 24832K, reserved 26624K
}
Event: 2536.489 GC heap after
{Heap after GC invocations=1719 (full 7):
 def new generation   total 4389632K, used 242030K [0x00007fd648600000, 0x00007fd772100000, 0x00007fe0f30a0000)
  eden space 3901952K,   0% used [0x00007fd648600000, 0x00007fd648600000, 0x00007fd736880000)
  from space 487680K,  49% used [0x00007fd7544c0000, 0x00007fd76311b840, 0x00007fd772100000)
  to   space 487680K,   0% used [0x00007fd736880000, 0x00007fd736880000, 0x00007fd7544c0000)
 tenured generation   total 9754584K, used 9671541K [0x00007fe0f30a0000, 0x00007fe346696000, 0x00007ff648600000)
   the space 9754584K,  99% used [0x00007fe0f30a0000, 0x00007fe34157d678, 0x00007fe34157d800, 0x00007fe346696000)
 Metaspace       used 24228K, capacity 24583K, committed 24832K, reserved 26624K
}
Event: 2540.231 GC heap before
{Heap before GC invocations=1719 (full 7):
 def new generation   total 4389632K, used 4143982K [0x00007fd648600000, 0x00007fd772100000, 0x00007fe0f30a0000)
  eden space 3901952K, 100% used [0x00007fd648600000, 0x00007fd736880000, 0x00007fd736880000)
  from space 487680K,  49% used [0x00007fd7544c0000, 0x00007fd76311b840, 0x00007fd772100000)
  to   space 487680K,   0% used [0x00007fd736880000, 0x00007fd736880000, 0x00007fd7544c0000)
 tenured generation   total 9754584K, used 9671541K [0x00007fe0f30a0000, 0x00007fe346696000, 0x00007ff648600000)
   the space 9754584K,  99% used [0x00007fe0f30a0000, 0x00007fe34157d678, 0x00007fe34157d800, 0x00007fe346696000)
 Metaspace       used 24228K, capacity 24583K, committed 24832K, reserved 26624K
}
Event: 2540.416 GC heap after
{Heap after GC invocations=1720 (full 7):
 def new generation   total 4389632K, used 220964K [0x00007fd648600000, 0x00007fd772100000, 0x00007fe0f30a0000)
  eden space 3901952K,   0% used [0x00007fd648600000, 0x00007fd648600000, 0x00007fd736880000)
  from space 487680K,  45% used [0x00007fd736880000, 0x00007fd7440490e8, 0x00007fd7544c0000)
  to   space 487680K,   0% used [0x00007fd7544c0000, 0x00007fd7544c0000, 0x00007fd772100000)
 tenured generation   total 9754584K, used 9688501K [0x00007fe0f30a0000, 0x00007fe346696000, 0x00007ff648600000)
   the space 9754584K,  99% used [0x00007fe0f30a0000, 0x00007fe34260d4e0, 0x00007fe34260d600, 0x00007fe346696000)
 Metaspace       used 24228K, capacity 24583K, committed 24832K, reserved 26624K
}
Event: 2544.452 GC heap before
{Heap before GC invocations=1720 (full 7):
 def new generation   total 4389632K, used 4122916K [0x00007fd648600000, 0x00007fd772100000, 0x00007fe0f30a0000)
  eden space 3901952K, 100% used [0x00007fd648600000, 0x00007fd736880000, 0x00007fd736880000)
  from space 487680K,  45% used [0x00007fd736880000, 0x00007fd7440490e8, 0x00007fd7544c0000)
  to   space 487680K,   0% used [0x00007fd7544c0000, 0x00007fd7544c0000, 0x00007fd772100000)
 tenured generation   total 9754584K, used 9688501K [0x00007fe0f30a0000, 0x00007fe346696000, 0x00007ff648600000)
   the space 9754584K,  99% used [0x00007fe0f30a0000, 0x00007fe34260d4e0, 0x00007fe34260d600, 0x00007fe346696000)
 Metaspace       used 24228K, capacity 24583K, committed 24832K, reserved 26624K
}
Event: 2544.655 GC heap after
{Heap after GC invocations=1721 (full 7):
 def new generation   total 4389632K, used 220456K [0x00007fd648600000, 0x00007fd772100000, 0x00007fe0f30a0000)
  eden space 3901952K,   0% used [0x00007fd648600000, 0x00007fd648600000, 0x00007fd736880000)
  from space 487680K,  45% used [0x00007fd7544c0000, 0x00007fd761c0a048, 0x00007fd772100000)
  to   space 487680K,   0% used [0x00007fd736880000, 0x00007fd736880000, 0x00007fd7544c0000)
 tenured generation   total 9754584K, used 9705460K [0x00007fe0f30a0000, 0x00007fe346696000, 0x00007ff648600000)
   the space 9754584K,  99% used [0x00007fe0f30a0000, 0x00007fe34369d0e8, 0x00007fe34369d200, 0x00007fe346696000)
 Metaspace       used 24228K, capacity 24583K, committed 24832K, reserved 26624K
}
Event: 2548.405 GC heap before
{Heap before GC invocations=1721 (full 7):
 def new generation   total 4389632K, used 4122408K [0x00007fd648600000, 0x00007fd772100000, 0x00007fe0f30a0000)
  eden space 3901952K, 100% used [0x00007fd648600000, 0x00007fd736880000, 0x00007fd736880000)
  from space 487680K,  45% used [0x00007fd7544c0000, 0x00007fd761c0a048, 0x00007fd772100000)
  to   space 487680K,   0% used [0x00007fd736880000, 0x00007fd736880000, 0x00007fd7544c0000)
 tenured generation   total 9754584K, used 9705460K [0x00007fe0f30a0000, 0x00007fe346696000, 0x00007ff648600000)
   the space 9754584K,  99% used [0x00007fe0f30a0000, 0x00007fe34369d0e8, 0x00007fe34369d200, 0x00007fe346696000)
 Metaspace       used 24228K, capacity 24583K, committed 24832K, reserved 26624K
}
Event: 2548.560 GC heap after
{Heap after GC invocations=1722 (full 7):
 def new generation   total 4389632K, used 214823K [0x00007fd648600000, 0x00007fd772100000, 0x00007fe0f30a0000)
  eden space 3901952K,   0% used [0x00007fd648600000, 0x00007fd648600000, 0x00007fd736880000)
  from space 487680K,  44% used [0x00007fd736880000, 0x00007fd743a49fc0, 0x00007fd7544c0000)
  to   space 487680K,   0% used [0x00007fd7544c0000, 0x00007fd7544c0000, 0x00007fd772100000)
 tenured generation   total 9754584K, used 9722419K [0x00007fe0f30a0000, 0x00007fe346696000, 0x00007ff648600000)
   the space 9754584K,  99% used [0x00007fe0f30a0000, 0x00007fe34472ccf0, 0x00007fe34472ce00, 0x00007fe346696000)
 Metaspace       used 24228K, capacity 24583K, committed 24832K, reserved 26624K
}
Event: 2552.210 GC heap before
{Heap before GC invocations=1722 (full 7):
 def new generation   total 4389632K, used 4116775K [0x00007fd648600000, 0x00007fd772100000, 0x00007fe0f30a0000)
  eden space 3901952K, 100% used [0x00007fd648600000, 0x00007fd736880000, 0x00007fd736880000)
  from space 487680K,  44% used [0x00007fd736880000, 0x00007fd743a49fc0, 0x00007fd7544c0000)
  to   space 487680K,   0% used [0x00007fd7544c0000, 0x00007fd7544c0000, 0x00007fd772100000)
 tenured generation   total 9754584K, used 9722419K [0x00007fe0f30a0000, 0x00007fe346696000, 0x00007ff648600000)
   the space 9754584K,  99% used [0x00007fe0f30a0000, 0x00007fe34472ccf0, 0x00007fe34472ce00, 0x00007fe346696000)
 Metaspace       used 24228K, capacity 24583K, committed 24832K, reserved 26624K
}
Event: 2552.356 GC heap after
{Heap after GC invocations=1723 (full 7):
 def new generation   total 4389632K, used 242029K [0x00007fd648600000, 0x00007fd772100000, 0x00007fe0f30a0000)
  eden space 3901952K,   0% used [0x00007fd648600000, 0x00007fd648600000, 0x00007fd736880000)
  from space 487680K,  49% used [0x00007fd7544c0000, 0x00007fd76311b5e0, 0x00007fd772100000)
  to   space 487680K,   0% used [0x00007fd736880000, 0x00007fd736880000, 0x00007fd7544c0000)
 tenured generation   total 9754584K, used 9722419K [0x00007fe0f30a0000, 0x00007fe346696000, 0x00007ff648600000)
   the space 9754584K,  99% used [0x00007fe0f30a0000, 0x00007fe34472ccf0, 0x00007fe34472ce00, 0x00007fe346696000)
 Metaspace       used 24228K, capacity 24583K, committed 24832K, reserved 26624K
}
Event: 2556.015 GC heap before
{Heap before GC invocations=1723 (full 7):
 def new generation   total 4389632K, used 4143981K [0x00007fd648600000, 0x00007fd772100000, 0x00007fe0f30a0000)
  eden space 3901952K, 100% used [0x00007fd648600000, 0x00007fd736880000, 0x00007fd736880000)
  from space 487680K,  49% used [0x00007fd7544c0000, 0x00007fd76311b5e0, 0x00007fd772100000)
  to   space 487680K,   0% used [0x00007fd736880000, 0x00007fd736880000, 0x00007fd7544c0000)
 tenured generation   total 9754584K, used 9722419K [0x00007fe0f30a0000, 0x00007fe346696000, 0x00007ff648600000)
   the space 9754584K,  99% used [0x00007fe0f30a0000, 0x00007fe34472ccf0, 0x00007fe34472ce00, 0x00007fe346696000)
 Metaspace       used 24228K, capacity 24583K, committed 24832K, reserved 26624K
}
Event: 2556.179 GC heap after
{Heap after GC invocations=1724 (full 7):
 def new generation   total 4389632K, used 220472K [0x00007fd648600000, 0x00007fd772100000, 0x00007fe0f30a0000)
  eden space 3901952K,   0% used [0x00007fd648600000, 0x00007fd648600000, 0x00007fd736880000)
  from space 487680K,  45% used [0x00007fd736880000, 0x00007fd743fce258, 0x00007fd7544c0000)
  to   space 487680K,   0% used [0x00007fd7544c0000, 0x00007fd7544c0000, 0x00007fd772100000)
 tenured generation   total 9754584K, used 9739378K [0x00007fe0f30a0000, 0x00007fe346696000, 0x00007ff648600000)
   the space 9754584K,  99% used [0x00007fe0f30a0000, 0x00007fe3457bc8f8, 0x00007fe3457bca00, 0x00007fe346696000)
 Metaspace       used 24228K, capacity 24583K, committed 24832K, reserved 26624K
}
Event: 2560.186 GC heap before
{Heap before GC invocations=1724 (full 7):
 def new generation   total 4389632K, used 4122424K [0x00007fd648600000, 0x00007fd772100000, 0x00007fe0f30a0000)
  eden space 3901952K, 100% used [0x00007fd648600000, 0x00007fd736880000, 0x00007fd736880000)
  from space 487680K,  45% used [0x00007fd736880000, 0x00007fd743fce258, 0x00007fd7544c0000)
  to   space 487680K,   0% used [0x00007fd7544c0000, 0x00007fd7544c0000, 0x00007fd772100000)
 tenured generation   total 9754584K, used 9739378K [0x00007fe0f30a0000, 0x00007fe346696000, 0x00007ff648600000)
   the space 9754584K,  99% used [0x00007fe0f30a0000, 0x00007fe3457bc8f8, 0x00007fe3457bca00, 0x00007fe346696000)
 Metaspace       used 24228K, capacity 24583K, committed 24832K, reserved 26624K
}
Event: 2560.347 GC heap after
{Heap after GC invocations=1725 (full 7):
 def new generation   total 4389632K, used 220962K [0x00007fd648600000, 0x00007fd772100000, 0x00007fe0f30a0000)
  eden space 3901952K,   0% used [0x00007fd648600000, 0x00007fd648600000, 0x00007fd736880000)
  from space 487680K,  45% used [0x00007fd7544c0000, 0x00007fd761c88870, 0x00007fd772100000)
  to   space 487680K,   0% used [0x00007fd736880000, 0x00007fd736880000, 0x00007fd7544c0000)
 tenured generation   total 9770972K, used 9756337K [0x00007fe0f30a0000, 0x00007fe347697000, 0x00007ff648600000)
   the space 9770972K,  99% used [0x00007fe0f30a0000, 0x00007fe34684c500, 0x00007fe34684c600, 0x00007fe347697000)
 Metaspace       used 24228K, capacity 24583K, committed 24832K, reserved 26624K
}
Event: 2560.347 GC heap before
{Heap before GC invocations=1725 (full 7):
 def new generation   total 4389632K, used 220962K [0x00007fd648600000, 0x00007fd772100000, 0x00007fe0f30a0000)
  eden space 3901952K,   0% used [0x00007fd648600000, 0x00007fd648600000, 0x00007fd736880000)
  from space 487680K,  45% used [0x00007fd7544c0000, 0x00007fd761c88870, 0x00007fd772100000)
  to   space 487680K,   0% used [0x00007fd736880000, 0x00007fd736880000, 0x00007fd7544c0000)
 tenured generation   total 9770972K, used 9756337K [0x00007fe0f30a0000, 0x00007fe347697000, 0x00007ff648600000)
   the space 9770972K,  99% used [0x00007fe0f30a0000, 0x00007fe34684c500, 0x00007fe34684c600, 0x00007fe347697000)
 Metaspace       used 24228K, capacity 24583K, committed 24832K, reserved 26624K
}

