# JRE version: OpenJDK Runtime Environment (13.0.7+5) (build 13.0.7+5-Ubuntu-0ubuntu120.04)
# Java VM: OpenJDK 64-Bit Server VM (13.0.7+5-Ubuntu-0ubuntu120.04, mixed mode, tiered, serial gc, linux-amd64)
Heap:
 def new generation   total 8085312K, used 72897K [0x00007fcc60600000, 0x00007fce84b20000, 0x00007fd1b5b50000)
  eden space 7186944K,   1% used [0x00007fcc60600000, 0x00007fcc64d307b0, 0x00007fce17080000)
  from space 898368K,   0% used [0x00007fce17080000, 0x00007fce17080000, 0x00007fce4ddd0000)
  to   space 898368K,   0% used [0x00007fce4ddd0000, 0x00007fce4ddd0000, 0x00007fce84b20000)
 tenured generation   total 17970312K, used 17970311K [0x00007fd1b5b50000, 0x00007fd5fe872000, 0x00007fdc60600000)
   the space 17970312K,  99% used [0x00007fd1b5b50000, 0x00007fd5fe871fb8, 0x00007fd5fe872000, 0x00007fd5fe872000)
 Metaspace       used 24319K, capacity 24771K, committed 25088K, reserved 26624K
GC Heap History (20 events):
Event: 21645.621 GC heap after
{Heap after GC invocations=10799 (full 6):
 def new generation   total 8085312K, used 77118K [0x00007fcc60600000, 0x00007fce84b20000, 0x00007fd1b5b50000)
  eden space 7186944K,   0% used [0x00007fcc60600000, 0x00007fcc60600000, 0x00007fce17080000)
  from space 898368K,   8% used [0x00007fce4ddd0000, 0x00007fce5291fbf8, 0x00007fce84b20000)
  to   space 898368K,   0% used [0x00007fce17080000, 0x00007fce17080000, 0x00007fce4ddd0000)
 tenured generation   total 17967240K, used 17920608K [0x00007fd1b5b50000, 0x00007fd5fe572000, 0x00007fdc60600000)
   the space 17967240K,  99% used [0x00007fd1b5b50000, 0x00007fd5fb7e8308, 0x00007fd5fb7e8400, 0x00007fd5fe572000)
 Metaspace       used 24319K, capacity 24771K, committed 25088K, reserved 26624K
}
Event: 21651.816 GC heap before
{Heap before GC invocations=10799 (full 6):
 def new generation   total 8085312K, used 7264062K [0x00007fcc60600000, 0x00007fce84b20000, 0x00007fd1b5b50000)
  eden space 7186944K, 100% used [0x00007fcc60600000, 0x00007fce17080000, 0x00007fce17080000)
  from space 898368K,   8% used [0x00007fce4ddd0000, 0x00007fce5291fbf8, 0x00007fce84b20000)
  to   space 898368K,   0% used [0x00007fce17080000, 0x00007fce17080000, 0x00007fce4ddd0000)
 tenured generation   total 17967240K, used 17920608K [0x00007fd1b5b50000, 0x00007fd5fe572000, 0x00007fdc60600000)
   the space 17967240K,  99% used [0x00007fd1b5b50000, 0x00007fd5fb7e8308, 0x00007fd5fb7e8400, 0x00007fd5fe572000)
 Metaspace       used 24319K, capacity 24771K, committed 25088K, reserved 26624K
}
Event: 21651.935 GC heap after
{Heap after GC invocations=10800 (full 6):
 def new generation   total 8085312K, used 73897K [0x00007fcc60600000, 0x00007fce84b20000, 0x00007fd1b5b50000)
  eden space 7186944K,   0% used [0x00007fcc60600000, 0x00007fcc60600000, 0x00007fce17080000)
  from space 898368K,   8% used [0x00007fce17080000, 0x00007fce1b8aa640, 0x00007fce4ddd0000)
  to   space 898368K,   0% used [0x00007fce4ddd0000, 0x00007fce4ddd0000, 0x00007fce84b20000)
 tenured generation   total 17967240K, used 17927793K [0x00007fd1b5b50000, 0x00007fd5fe572000, 0x00007fdc60600000)
   the space 17967240K,  99% used [0x00007fd1b5b50000, 0x00007fd5fbeec678, 0x00007fd5fbeec800, 0x00007fd5fe572000)
 Metaspace       used 24319K, capacity 24771K, committed 25088K, reserved 26624K
}
Event: 21657.409 GC heap before
{Heap before GC invocations=10800 (full 6):
 def new generation   total 8085312K, used 7260841K [0x00007fcc60600000, 0x00007fce84b20000, 0x00007fd1b5b50000)
  eden space 7186944K,  99% used [0x00007fcc60600000, 0x00007fce1707fed0, 0x00007fce17080000)
  from space 898368K,   8% used [0x00007fce17080000, 0x00007fce1b8aa640, 0x00007fce4ddd0000)
  to   space 898368K,   0% used [0x00007fce4ddd0000, 0x00007fce4ddd0000, 0x00007fce84b20000)
 tenured generation   total 17967240K, used 17927793K [0x00007fd1b5b50000, 0x00007fd5fe572000, 0x00007fdc60600000)
   the space 17967240K,  99% used [0x00007fd1b5b50000, 0x00007fd5fbeec678, 0x00007fd5fbeec800, 0x00007fd5fe572000)
 Metaspace       used 24319K, capacity 24771K, committed 25088K, reserved 26624K
}
Event: 21657.548 GC heap after
{Heap after GC invocations=10801 (full 6):
 def new generation   total 8085312K, used 70637K [0x00007fcc60600000, 0x00007fce84b20000, 0x00007fd1b5b50000)
  eden space 7186944K,   0% used [0x00007fcc60600000, 0x00007fcc60600000, 0x00007fce17080000)
  from space 898368K,   7% used [0x00007fce4ddd0000, 0x00007fce522cb468, 0x00007fce84b20000)
  to   space 898368K,   0% used [0x00007fce17080000, 0x00007fce17080000, 0x00007fce4ddd0000)
 tenured generation   total 17967240K, used 17935487K [0x00007fd1b5b50000, 0x00007fd5fe572000, 0x00007fdc60600000)
   the space 17967240K,  99% used [0x00007fd1b5b50000, 0x00007fd5fc66fdf8, 0x00007fd5fc66fe00, 0x00007fd5fe572000)
 Metaspace       used 24319K, capacity 24771K, committed 25088K, reserved 26624K
}
Event: 21662.730 GC heap before
{Heap before GC invocations=10801 (full 6):
 def new generation   total 8085312K, used 7257581K [0x00007fcc60600000, 0x00007fce84b20000, 0x00007fd1b5b50000)
  eden space 7186944K, 100% used [0x00007fcc60600000, 0x00007fce17080000, 0x00007fce17080000)
  from space 898368K,   7% used [0x00007fce4ddd0000, 0x00007fce522cb468, 0x00007fce84b20000)
  to   space 898368K,   0% used [0x00007fce17080000, 0x00007fce17080000, 0x00007fce4ddd0000)
 tenured generation   total 17967240K, used 17935487K [0x00007fd1b5b50000, 0x00007fd5fe572000, 0x00007fdc60600000)
   the space 17967240K,  99% used [0x00007fd1b5b50000, 0x00007fd5fc66fdf8, 0x00007fd5fc66fe00, 0x00007fd5fe572000)
 Metaspace       used 24319K, capacity 24771K, committed 25088K, reserved 26624K
}
Event: 21662.838 GC heap after
{Heap after GC invocations=10802 (full 6):
 def new generation   total 8085312K, used 67361K [0x00007fcc60600000, 0x00007fce84b20000, 0x00007fd1b5b50000)
  eden space 7186944K,   0% used [0x00007fcc60600000, 0x00007fcc60600000, 0x00007fce17080000)
  from space 898368K,   7% used [0x00007fce17080000, 0x00007fce1b2487d0, 0x00007fce4ddd0000)
  to   space 898368K,   0% used [0x00007fce4ddd0000, 0x00007fce4ddd0000, 0x00007fce84b20000)
 tenured generation   total 17967240K, used 17943186K [0x00007fd1b5b50000, 0x00007fd5fe572000, 0x00007fdc60600000)
   the space 17967240K,  99% used [0x00007fd1b5b50000, 0x00007fd5fcdf4868, 0x00007fd5fcdf4a00, 0x00007fd5fe572000)
 Metaspace       used 24319K, capacity 24771K, committed 25088K, reserved 26624K
}
Event: 21668.186 GC heap before
{Heap before GC invocations=10802 (full 6):
 def new generation   total 8085312K, used 7254305K [0x00007fcc60600000, 0x00007fce84b20000, 0x00007fd1b5b50000)
  eden space 7186944K, 100% used [0x00007fcc60600000, 0x00007fce17080000, 0x00007fce17080000)
  from space 898368K,   7% used [0x00007fce17080000, 0x00007fce1b2487d0, 0x00007fce4ddd0000)
  to   space 898368K,   0% used [0x00007fce4ddd0000, 0x00007fce4ddd0000, 0x00007fce84b20000)
 tenured generation   total 17967240K, used 17943186K [0x00007fd1b5b50000, 0x00007fd5fe572000, 0x00007fdc60600000)
   the space 17967240K,  99% used [0x00007fd1b5b50000, 0x00007fd5fcdf4868, 0x00007fd5fcdf4a00, 0x00007fd5fe572000)
 Metaspace       used 24319K, capacity 24771K, committed 25088K, reserved 26624K
}
Event: 21668.271 GC heap after
{Heap after GC invocations=10803 (full 6):
 def new generation   total 8085312K, used 65997K [0x00007fcc60600000, 0x00007fce84b20000, 0x00007fd1b5b50000)
  eden space 7186944K,   0% used [0x00007fcc60600000, 0x00007fcc60600000, 0x00007fce17080000)
  from space 898368K,   7% used [0x00007fce4ddd0000, 0x00007fce51e43498, 0x00007fce84b20000)
  to   space 898368K,   0% used [0x00007fce17080000, 0x00007fce17080000, 0x00007fce4ddd0000)
 tenured generation   total 17967240K, used 17949436K [0x00007fd1b5b50000, 0x00007fd5fe572000, 0x00007fdc60600000)
   the space 17967240K,  99% used [0x00007fd1b5b50000, 0x00007fd5fd40f368, 0x00007fd5fd40f400, 0x00007fd5fe572000)
 Metaspace       used 24319K, capacity 24771K, committed 25088K, reserved 26624K
}
Event: 21673.573 GC heap before
{Heap before GC invocations=10803 (full 6):
 def new generation   total 8085312K, used 7252941K [0x00007fcc60600000, 0x00007fce84b20000, 0x00007fd1b5b50000)
  eden space 7186944K, 100% used [0x00007fcc60600000, 0x00007fce17080000, 0x00007fce17080000)
  from space 898368K,   7% used [0x00007fce4ddd0000, 0x00007fce51e43498, 0x00007fce84b20000)
  to   space 898368K,   0% used [0x00007fce17080000, 0x00007fce17080000, 0x00007fce4ddd0000)
 tenured generation   total 17967240K, used 17949436K [0x00007fd1b5b50000, 0x00007fd5fe572000, 0x00007fdc60600000)
   the space 17967240K,  99% used [0x00007fd1b5b50000, 0x00007fd5fd40f368, 0x00007fd5fd40f400, 0x00007fd5fe572000)
 Metaspace       used 24319K, capacity 24771K, committed 25088K, reserved 26624K
}
Event: 21673.697 GC heap after
{Heap after GC invocations=10804 (full 6):
 def new generation   total 8085312K, used 68288K [0x00007fcc60600000, 0x00007fce84b20000, 0x00007fd1b5b50000)
  eden space 7186944K,   0% used [0x00007fcc60600000, 0x00007fcc60600000, 0x00007fce17080000)
  from space 898368K,   7% used [0x00007fce17080000, 0x00007fce1b330230, 0x00007fce4ddd0000)
  to   space 898368K,   0% used [0x00007fce4ddd0000, 0x00007fce4ddd0000, 0x00007fce84b20000)
 tenured generation   total 17967240K, used 17953309K [0x00007fd1b5b50000, 0x00007fd5fe572000, 0x00007fdc60600000)
   the space 17967240K,  99% used [0x00007fd1b5b50000, 0x00007fd5fd7d7540, 0x00007fd5fd7d7600, 0x00007fd5fe572000)
 Metaspace       used 24319K, capacity 24771K, committed 25088K, reserved 26624K
}
Event: 21678.932 GC heap before
{Heap before GC invocations=10804 (full 6):
 def new generation   total 8085312K, used 7255232K [0x00007fcc60600000, 0x00007fce84b20000, 0x00007fd1b5b50000)
  eden space 7186944K, 100% used [0x00007fcc60600000, 0x00007fce17080000, 0x00007fce17080000)
  from space 898368K,   7% used [0x00007fce17080000, 0x00007fce1b330230, 0x00007fce4ddd0000)
  to   space 898368K,   0% used [0x00007fce4ddd0000, 0x00007fce4ddd0000, 0x00007fce84b20000)
 tenured generation   total 17967240K, used 17953309K [0x00007fd1b5b50000, 0x00007fd5fe572000, 0x00007fdc60600000)
   the space 17967240K,  99% used [0x00007fd1b5b50000, 0x00007fd5fd7d7540, 0x00007fd5fd7d7600, 0x00007fd5fe572000)
 Metaspace       used 24319K, capacity 24771K, committed 25088K, reserved 26624K
}
Event: 21679.050 GC heap after
{Heap after GC invocations=10805 (full 6):
 def new generation   total 8085312K, used 71667K [0x00007fcc60600000, 0x00007fce84b20000, 0x00007fd1b5b50000)
  eden space 7186944K,   0% used [0x00007fcc60600000, 0x00007fcc60600000, 0x00007fce17080000)
  from space 898368K,   7% used [0x00007fce4ddd0000, 0x00007fce523cce18, 0x00007fce84b20000)
  to   space 898368K,   0% used [0x00007fce17080000, 0x00007fce17080000, 0x00007fce4ddd0000)
 tenured generation   total 17967240K, used 17957181K [0x00007fd1b5b50000, 0x00007fd5fe572000, 0x00007fdc60600000)
   the space 17967240K,  99% used [0x00007fd1b5b50000, 0x00007fd5fdb9f718, 0x00007fd5fdb9f800, 0x00007fd5fe572000)
 Metaspace       used 24319K, capacity 24771K, committed 25088K, reserved 26624K
}
Event: 21685.003 GC heap before
{Heap before GC invocations=10805 (full 6):
 def new generation   total 8085312K, used 7258611K [0x00007fcc60600000, 0x00007fce84b20000, 0x00007fd1b5b50000)
  eden space 7186944K, 100% used [0x00007fcc60600000, 0x00007fce17080000, 0x00007fce17080000)
  from space 898368K,   7% used [0x00007fce4ddd0000, 0x00007fce523cce18, 0x00007fce84b20000)
  to   space 898368K,   0% used [0x00007fce17080000, 0x00007fce17080000, 0x00007fce4ddd0000)
 tenured generation   total 17967240K, used 17957181K [0x00007fd1b5b50000, 0x00007fd5fe572000, 0x00007fdc60600000)
   the space 17967240K,  99% used [0x00007fd1b5b50000, 0x00007fd5fdb9f718, 0x00007fd5fdb9f800, 0x00007fd5fe572000)
 Metaspace       used 24319K, capacity 24771K, committed 25088K, reserved 26624K
}
Event: 21685.088 GC heap after
{Heap after GC invocations=10806 (full 6):
 def new generation   total 8085312K, used 74148K [0x00007fcc60600000, 0x00007fce84b20000, 0x00007fd1b5b50000)
  eden space 7186944K,   0% used [0x00007fcc60600000, 0x00007fcc60600000, 0x00007fce17080000)
  from space 898368K,   8% used [0x00007fce17080000, 0x00007fce1b8e91e0, 0x00007fce4ddd0000)
  to   space 898368K,   0% used [0x00007fce4ddd0000, 0x00007fce4ddd0000, 0x00007fce84b20000)
 tenured generation   total 17967240K, used 17961309K [0x00007fd1b5b50000, 0x00007fd5fe572000, 0x00007fdc60600000)
   the space 17967240K,  99% used [0x00007fd1b5b50000, 0x00007fd5fdfa7538, 0x00007fd5fdfa7600, 0x00007fd5fe572000)
 Metaspace       used 24319K, capacity 24771K, committed 25088K, reserved 26624K
}
Event: 21691.098 GC heap before
{Heap before GC invocations=10806 (full 6):
 def new generation   total 8085312K, used 7261092K [0x00007fcc60600000, 0x00007fce84b20000, 0x00007fd1b5b50000)
  eden space 7186944K, 100% used [0x00007fcc60600000, 0x00007fce17080000, 0x00007fce17080000)
  from space 898368K,   8% used [0x00007fce17080000, 0x00007fce1b8e91e0, 0x00007fce4ddd0000)
  to   space 898368K,   0% used [0x00007fce4ddd0000, 0x00007fce4ddd0000, 0x00007fce84b20000)
 tenured generation   total 17967240K, used 17961309K [0x00007fd1b5b50000, 0x00007fd5fe572000, 0x00007fdc60600000)
   the space 17967240K,  99% used [0x00007fd1b5b50000, 0x00007fd5fdfa7538, 0x00007fd5fdfa7600, 0x00007fd5fe572000)
 Metaspace       used 24319K, capacity 24771K, committed 25088K, reserved 26624K
}
Event: 21691.205 GC heap after
{Heap after GC invocations=10807 (full 6):
 def new generation   total 8085312K, used 73558K [0x00007fcc60600000, 0x00007fce84b20000, 0x00007fd1b5b50000)
  eden space 7186944K,   0% used [0x00007fcc60600000, 0x00007fcc60600000, 0x00007fce17080000)
  from space 898368K,   8% used [0x00007fce4ddd0000, 0x00007fce525a5a30, 0x00007fce84b20000)
  to   space 898368K,   0% used [0x00007fce17080000, 0x00007fce17080000, 0x00007fce4ddd0000)
 tenured generation   total 17967240K, used 17965775K [0x00007fd1b5b50000, 0x00007fd5fe572000, 0x00007fdc60600000)
   the space 17967240K,  99% used [0x00007fd1b5b50000, 0x00007fd5fe403ff8, 0x00007fd5fe404000, 0x00007fd5fe572000)
 Metaspace       used 24319K, capacity 24771K, committed 25088K, reserved 26624K
}
Event: 21696.915 GC heap before
{Heap before GC invocations=10807 (full 6):
 def new generation   total 8085312K, used 7260502K [0x00007fcc60600000, 0x00007fce84b20000, 0x00007fd1b5b50000)
  eden space 7186944K, 100% used [0x00007fcc60600000, 0x00007fce17080000, 0x00007fce17080000)
  from space 898368K,   8% used [0x00007fce4ddd0000, 0x00007fce525a5a30, 0x00007fce84b20000)
  to   space 898368K,   0% used [0x00007fce17080000, 0x00007fce17080000, 0x00007fce4ddd0000)
 tenured generation   total 17967240K, used 17965775K [0x00007fd1b5b50000, 0x00007fd5fe572000, 0x00007fdc60600000)
   the space 17967240K,  99% used [0x00007fd1b5b50000, 0x00007fd5fe403ff8, 0x00007fd5fe404000, 0x00007fd5fe572000)
 Metaspace       used 24319K, capacity 24771K, committed 25088K, reserved 26624K
}
Event: 21697.054 GC heap after
{Heap after GC invocations=10808 (full 6):
 def new generation   total 8085312K, used 73052K [0x00007fcc60600000, 0x00007fce84b20000, 0x00007fd1b5b50000)
  eden space 7186944K,   0% used [0x00007fcc60600000, 0x00007fcc60600000, 0x00007fce17080000)
  from space 898368K,   8% used [0x00007fce17080000, 0x00007fce1b7d70f8, 0x00007fce4ddd0000)
  to   space 898368K,   0% used [0x00007fce4ddd0000, 0x00007fce4ddd0000, 0x00007fce84b20000)
 tenured generation   total 17970312K, used 17970157K [0x00007fd1b5b50000, 0x00007fd5fe872000, 0x00007fdc60600000)
   the space 17970312K,  99% used [0x00007fd1b5b50000, 0x00007fd5fe84b670, 0x00007fd5fe84b800, 0x00007fd5fe872000)
 Metaspace       used 24319K, capacity 24771K, committed 25088K, reserved 26624K
}
Event: 21697.054 GC heap before
{Heap before GC invocations=10808 (full 6):
 def new generation   total 8085312K, used 73052K [0x00007fcc60600000, 0x00007fce84b20000, 0x00007fd1b5b50000)
  eden space 7186944K,   0% used [0x00007fcc60600000, 0x00007fcc60600000, 0x00007fce17080000)
  from space 898368K,   8% used [0x00007fce17080000, 0x00007fce1b7d70f8, 0x00007fce4ddd0000)
  to   space 898368K,   0% used [0x00007fce4ddd0000, 0x00007fce4ddd0000, 0x00007fce84b20000)
 tenured generation   total 17970312K, used 17970157K [0x00007fd1b5b50000, 0x00007fd5fe872000, 0x00007fdc60600000)
   the space 17970312K,  99% used [0x00007fd1b5b50000, 0x00007fd5fe84b670, 0x00007fd5fe84b800, 0x00007fd5fe872000)
 Metaspace       used 24319K, capacity 24771K, committed 25088K, reserved 26624K
}

