# JRE version: OpenJDK Runtime Environment (13.0.7+5) (build 13.0.7+5-Ubuntu-0ubuntu120.04)
# Java VM: OpenJDK 64-Bit Server VM (13.0.7+5-Ubuntu-0ubuntu120.04, mixed mode, tiered, serial gc, linux-amd64)
Heap:
 def new generation   total 4110208K, used 0K [0x00007f353c600000, 0x00007f36531d0000, 0x00007f3a91b50000)
  eden space 3653568K,   0% used [0x00007f353c600000, 0x00007f353c600000, 0x00007f361b5f0000)
  from space 456640K,   0% used [0x00007f36373e0000, 0x00007f36373e0000, 0x00007f36531d0000)
  to   space 456640K,   0% used [0x00007f361b5f0000, 0x00007f361b5f0000, 0x00007f36373e0000)
 tenured generation   total 9257676K, used 9023026K [0x00007f3a91b50000, 0x00007f3cc6c03000, 0x00007f453c600000)
   the space 9257676K,  97% used [0x00007f3a91b50000, 0x00007f3cb86dc928, 0x00007f3cb86dca00, 0x00007f3cc6c03000)
 Metaspace       used 30615K, capacity 31051K, committed 31232K, reserved 32768K
GC Heap History (20 events):
Event: 245.888 GC heap after
{Heap after GC invocations=50 (full 6):
 def new generation   total 4110208K, used 342042K [0x00007f353c600000, 0x00007f36531d0000, 0x00007f3a91b50000)
  eden space 3653568K,   0% used [0x00007f353c600000, 0x00007f353c600000, 0x00007f361b5f0000)
  from space 456640K,  74% used [0x00007f361b5f0000, 0x00007f36303f6bc0, 0x00007f36373e0000)
  to   space 456640K,   0% used [0x00007f36373e0000, 0x00007f36373e0000, 0x00007f36531d0000)
 tenured generation   total 9133644K, used 5847267K [0x00007f3a91b50000, 0x00007f3cbf2e3000, 0x00007f453c600000)
   the space 9133644K,  64% used [0x00007f3a91b50000, 0x00007f3bf6988c68, 0x00007f3bf6988e00, 0x00007f3cbf2e3000)
 Metaspace       used 30615K, capacity 31051K, committed 31232K, reserved 32768K
}
Event: 246.914 GC heap before
{Heap before GC invocations=50 (full 6):
 def new generation   total 4110208K, used 3995610K [0x00007f353c600000, 0x00007f36531d0000, 0x00007f3a91b50000)
  eden space 3653568K, 100% used [0x00007f353c600000, 0x00007f361b5f0000, 0x00007f361b5f0000)
  from space 456640K,  74% used [0x00007f361b5f0000, 0x00007f36303f6bc0, 0x00007f36373e0000)
  to   space 456640K,   0% used [0x00007f36373e0000, 0x00007f36373e0000, 0x00007f36531d0000)
 tenured generation   total 9133644K, used 5847267K [0x00007f3a91b50000, 0x00007f3cbf2e3000, 0x00007f453c600000)
   the space 9133644K,  64% used [0x00007f3a91b50000, 0x00007f3bf6988c68, 0x00007f3bf6988e00, 0x00007f3cbf2e3000)
 Metaspace       used 30615K, capacity 31051K, committed 31232K, reserved 32768K
}
Event: 247.886 GC heap after
{Heap after GC invocations=51 (full 6):
 def new generation   total 4110208K, used 337168K [0x00007f353c600000, 0x00007f36531d0000, 0x00007f3a91b50000)
  eden space 3653568K,   0% used [0x00007f353c600000, 0x00007f353c600000, 0x00007f361b5f0000)
  from space 456640K,  73% used [0x00007f36373e0000, 0x00007f364bd24260, 0x00007f36531d0000)
  to   space 456640K,   0% used [0x00007f361b5f0000, 0x00007f361b5f0000, 0x00007f36373e0000)
 tenured generation   total 9133644K, used 6189309K [0x00007f3a91b50000, 0x00007f3cbf2e3000, 0x00007f453c600000)
   the space 9133644K,  67% used [0x00007f3a91b50000, 0x00007f3c0b78f598, 0x00007f3c0b78f600, 0x00007f3cbf2e3000)
 Metaspace       used 30615K, capacity 31051K, committed 31232K, reserved 32768K
}
Event: 248.991 GC heap before
{Heap before GC invocations=51 (full 6):
 def new generation   total 4110208K, used 3990736K [0x00007f353c600000, 0x00007f36531d0000, 0x00007f3a91b50000)
  eden space 3653568K, 100% used [0x00007f353c600000, 0x00007f361b5f0000, 0x00007f361b5f0000)
  from space 456640K,  73% used [0x00007f36373e0000, 0x00007f364bd24260, 0x00007f36531d0000)
  to   space 456640K,   0% used [0x00007f361b5f0000, 0x00007f361b5f0000, 0x00007f36373e0000)
 tenured generation   total 9133644K, used 6189309K [0x00007f3a91b50000, 0x00007f3cbf2e3000, 0x00007f453c600000)
   the space 9133644K,  67% used [0x00007f3a91b50000, 0x00007f3c0b78f598, 0x00007f3c0b78f600, 0x00007f3cbf2e3000)
 Metaspace       used 30615K, capacity 31051K, committed 31232K, reserved 32768K
}
Event: 250.011 GC heap after
{Heap after GC invocations=52 (full 6):
 def new generation   total 4110208K, used 370657K [0x00007f353c600000, 0x00007f36531d0000, 0x00007f3a91b50000)
  eden space 3653568K,   0% used [0x00007f353c600000, 0x00007f353c600000, 0x00007f361b5f0000)
  from space 456640K,  81% used [0x00007f361b5f0000, 0x00007f3631fe86f8, 0x00007f36373e0000)
  to   space 456640K,   0% used [0x00007f36373e0000, 0x00007f36373e0000, 0x00007f36531d0000)
 tenured generation   total 9133644K, used 6526477K [0x00007f3a91b50000, 0x00007f3cbf2e3000, 0x00007f453c600000)
   the space 9133644K,  71% used [0x00007f3a91b50000, 0x00007f3c200d3618, 0x00007f3c200d3800, 0x00007f3cbf2e3000)
 Metaspace       used 30615K, capacity 31051K, committed 31232K, reserved 32768K
}
Event: 251.262 GC heap before
{Heap before GC invocations=52 (full 6):
 def new generation   total 4110208K, used 4024225K [0x00007f353c600000, 0x00007f36531d0000, 0x00007f3a91b50000)
  eden space 3653568K, 100% used [0x00007f353c600000, 0x00007f361b5f0000, 0x00007f361b5f0000)
  from space 456640K,  81% used [0x00007f361b5f0000, 0x00007f3631fe86f8, 0x00007f36373e0000)
  to   space 456640K,   0% used [0x00007f36373e0000, 0x00007f36373e0000, 0x00007f36531d0000)
 tenured generation   total 9133644K, used 6526477K [0x00007f3a91b50000, 0x00007f3cbf2e3000, 0x00007f453c600000)
   the space 9133644K,  71% used [0x00007f3a91b50000, 0x00007f3c200d3618, 0x00007f3c200d3800, 0x00007f3cbf2e3000)
 Metaspace       used 30615K, capacity 31051K, committed 31232K, reserved 32768K
}
Event: 252.419 GC heap after
{Heap after GC invocations=53 (full 6):
 def new generation   total 4110208K, used 456639K [0x00007f353c600000, 0x00007f36531d0000, 0x00007f3a91b50000)
  eden space 3653568K,   0% used [0x00007f353c600000, 0x00007f353c600000, 0x00007f361b5f0000)
  from space 456640K,  99% used [0x00007f36373e0000, 0x00007f36531cfff8, 0x00007f36531d0000)
  to   space 456640K,   0% used [0x00007f361b5f0000, 0x00007f361b5f0000, 0x00007f36373e0000)
 tenured generation   total 9133644K, used 6907035K [0x00007f3a91b50000, 0x00007f3cbf2e3000, 0x00007f453c600000)
   the space 9133644K,  75% used [0x00007f3a91b50000, 0x00007f3c37476fe0, 0x00007f3c37477000, 0x00007f3cbf2e3000)
 Metaspace       used 30615K, capacity 31051K, committed 31232K, reserved 32768K
}
Event: 253.514 GC heap before
{Heap before GC invocations=53 (full 6):
 def new generation   total 4110208K, used 4110207K [0x00007f353c600000, 0x00007f36531d0000, 0x00007f3a91b50000)
  eden space 3653568K, 100% used [0x00007f353c600000, 0x00007f361b5f0000, 0x00007f361b5f0000)
  from space 456640K,  99% used [0x00007f36373e0000, 0x00007f36531cfff8, 0x00007f36531d0000)
  to   space 456640K,   0% used [0x00007f361b5f0000, 0x00007f361b5f0000, 0x00007f36373e0000)
 tenured generation   total 9133644K, used 6907035K [0x00007f3a91b50000, 0x00007f3cbf2e3000, 0x00007f453c600000)
   the space 9133644K,  75% used [0x00007f3a91b50000, 0x00007f3c37476fe0, 0x00007f3c37477000, 0x00007f3cbf2e3000)
 Metaspace       used 30615K, capacity 31051K, committed 31232K, reserved 32768K
}
Event: 254.575 GC heap after
{Heap after GC invocations=54 (full 6):
 def new generation   total 4110208K, used 358643K [0x00007f353c600000, 0x00007f36531d0000, 0x00007f3a91b50000)
  eden space 3653568K,   0% used [0x00007f353c600000, 0x00007f353c600000, 0x00007f361b5f0000)
  from space 456640K,  78% used [0x00007f361b5f0000, 0x00007f363142ce58, 0x00007f36373e0000)
  to   space 456640K,   0% used [0x00007f36373e0000, 0x00007f36373e0000, 0x00007f36531d0000)
 tenured generation   total 9133644K, used 7363675K [0x00007f3a91b50000, 0x00007f3cbf2e3000, 0x00007f453c600000)
   the space 9133644K,  80% used [0x00007f3a91b50000, 0x00007f3c53266d28, 0x00007f3c53266e00, 0x00007f3cbf2e3000)
 Metaspace       used 30615K, capacity 31051K, committed 31232K, reserved 32768K
}
Event: 255.718 GC heap before
{Heap before GC invocations=54 (full 6):
 def new generation   total 4110208K, used 4012211K [0x00007f353c600000, 0x00007f36531d0000, 0x00007f3a91b50000)
  eden space 3653568K, 100% used [0x00007f353c600000, 0x00007f361b5f0000, 0x00007f361b5f0000)
  from space 456640K,  78% used [0x00007f361b5f0000, 0x00007f363142ce58, 0x00007f36373e0000)
  to   space 456640K,   0% used [0x00007f36373e0000, 0x00007f36373e0000, 0x00007f36531d0000)
 tenured generation   total 9133644K, used 7363675K [0x00007f3a91b50000, 0x00007f3cbf2e3000, 0x00007f453c600000)
   the space 9133644K,  80% used [0x00007f3a91b50000, 0x00007f3c53266d28, 0x00007f3c53266e00, 0x00007f3cbf2e3000)
 Metaspace       used 30615K, capacity 31051K, committed 31232K, reserved 32768K
}
Event: 256.715 GC heap after
{Heap after GC invocations=55 (full 6):
 def new generation   total 4110208K, used 371135K [0x00007f353c600000, 0x00007f36531d0000, 0x00007f3a91b50000)
  eden space 3653568K,   0% used [0x00007f353c600000, 0x00007f353c600000, 0x00007f361b5f0000)
  from space 456640K,  81% used [0x00007f36373e0000, 0x00007f364de4fe28, 0x00007f36531d0000)
  to   space 456640K,   0% used [0x00007f361b5f0000, 0x00007f361b5f0000, 0x00007f36373e0000)
 tenured generation   total 9133644K, used 7722318K [0x00007f3a91b50000, 0x00007f3cbf2e3000, 0x00007f453c600000)
   the space 9133644K,  84% used [0x00007f3a91b50000, 0x00007f3c690a3b40, 0x00007f3c690a3c00, 0x00007f3cbf2e3000)
 Metaspace       used 30615K, capacity 31051K, committed 31232K, reserved 32768K
}
Event: 257.853 GC heap before
{Heap before GC invocations=55 (full 6):
 def new generation   total 4110208K, used 4024703K [0x00007f353c600000, 0x00007f36531d0000, 0x00007f3a91b50000)
  eden space 3653568K, 100% used [0x00007f353c600000, 0x00007f361b5f0000, 0x00007f361b5f0000)
  from space 456640K,  81% used [0x00007f36373e0000, 0x00007f364de4fe28, 0x00007f36531d0000)
  to   space 456640K,   0% used [0x00007f361b5f0000, 0x00007f361b5f0000, 0x00007f36373e0000)
 tenured generation   total 9133644K, used 7722318K [0x00007f3a91b50000, 0x00007f3cbf2e3000, 0x00007f453c600000)
   the space 9133644K,  84% used [0x00007f3a91b50000, 0x00007f3c690a3b40, 0x00007f3c690a3c00, 0x00007f3cbf2e3000)
 Metaspace       used 30615K, capacity 31051K, committed 31232K, reserved 32768K
}
Event: 258.901 GC heap after
{Heap after GC invocations=56 (full 6):
 def new generation   total 4110208K, used 399576K [0x00007f353c600000, 0x00007f36531d0000, 0x00007f3a91b50000)
  eden space 3653568K,   0% used [0x00007f353c600000, 0x00007f353c600000, 0x00007f361b5f0000)
  from space 456640K,  87% used [0x00007f361b5f0000, 0x00007f3633c26140, 0x00007f36373e0000)
  to   space 456640K,   0% used [0x00007f36373e0000, 0x00007f36373e0000, 0x00007f36531d0000)
 tenured generation   total 9133644K, used 8093454K [0x00007f3a91b50000, 0x00007f3cbf2e3000, 0x00007f453c600000)
   the space 9133644K,  88% used [0x00007f3a91b50000, 0x00007f3c7fb13838, 0x00007f3c7fb13a00, 0x00007f3cbf2e3000)
 Metaspace       used 30615K, capacity 31051K, committed 31232K, reserved 32768K
}
Event: 260.034 GC heap before
{Heap before GC invocations=56 (full 6):
 def new generation   total 4110208K, used 4053144K [0x00007f353c600000, 0x00007f36531d0000, 0x00007f3a91b50000)
  eden space 3653568K, 100% used [0x00007f353c600000, 0x00007f361b5f0000, 0x00007f361b5f0000)
  from space 456640K,  87% used [0x00007f361b5f0000, 0x00007f3633c26140, 0x00007f36373e0000)
  to   space 456640K,   0% used [0x00007f36373e0000, 0x00007f36373e0000, 0x00007f36531d0000)
 tenured generation   total 9133644K, used 8093454K [0x00007f3a91b50000, 0x00007f3cbf2e3000, 0x00007f453c600000)
   the space 9133644K,  88% used [0x00007f3a91b50000, 0x00007f3c7fb13838, 0x00007f3c7fb13a00, 0x00007f3cbf2e3000)
 Metaspace       used 30615K, capacity 31051K, committed 31232K, reserved 32768K
}
Event: 261.092 GC heap after
{Heap after GC invocations=57 (full 6):
 def new generation   total 4110208K, used 375513K [0x00007f353c600000, 0x00007f36531d0000, 0x00007f3a91b50000)
  eden space 3653568K,   0% used [0x00007f353c600000, 0x00007f353c600000, 0x00007f361b5f0000)
  from space 456640K,  82% used [0x00007f36373e0000, 0x00007f364e2965b0, 0x00007f36531d0000)
  to   space 456640K,   0% used [0x00007f361b5f0000, 0x00007f361b5f0000, 0x00007f36373e0000)
 tenured generation   total 9133644K, used 8493029K [0x00007f3a91b50000, 0x00007f3cbf2e3000, 0x00007f453c600000)
   the space 9133644K,  92% used [0x00007f3a91b50000, 0x00007f3c98149768, 0x00007f3c98149800, 0x00007f3cbf2e3000)
 Metaspace       used 30615K, capacity 31051K, committed 31232K, reserved 32768K
}
Event: 262.294 GC heap before
{Heap before GC invocations=57 (full 6):
 def new generation   total 4110208K, used 4029081K [0x00007f353c600000, 0x00007f36531d0000, 0x00007f3a91b50000)
  eden space 3653568K, 100% used [0x00007f353c600000, 0x00007f361b5f0000, 0x00007f361b5f0000)
  from space 456640K,  82% used [0x00007f36373e0000, 0x00007f364e2965b0, 0x00007f36531d0000)
  to   space 456640K,   0% used [0x00007f361b5f0000, 0x00007f361b5f0000, 0x00007f36373e0000)
 tenured generation   total 9133644K, used 8493029K [0x00007f3a91b50000, 0x00007f3cbf2e3000, 0x00007f453c600000)
   the space 9133644K,  92% used [0x00007f3a91b50000, 0x00007f3c98149768, 0x00007f3c98149800, 0x00007f3cbf2e3000)
 Metaspace       used 30615K, capacity 31051K, committed 31232K, reserved 32768K
}
Event: 263.364 GC heap after
{Heap after GC invocations=58 (full 6):
 def new generation   total 4110208K, used 389019K [0x00007f353c600000, 0x00007f36531d0000, 0x00007f3a91b50000)
  eden space 3653568K,   0% used [0x00007f353c600000, 0x00007f353c600000, 0x00007f361b5f0000)
  from space 456640K,  85% used [0x00007f361b5f0000, 0x00007f36331d6d40, 0x00007f36373e0000)
  to   space 456640K,   0% used [0x00007f36373e0000, 0x00007f36373e0000, 0x00007f36531d0000)
 tenured generation   total 9133644K, used 8868542K [0x00007f3a91b50000, 0x00007f3cbf2e3000, 0x00007f453c600000)
   the space 9133644K,  97% used [0x00007f3a91b50000, 0x00007f3caefffa88, 0x00007f3caefffc00, 0x00007f3cbf2e3000)
 Metaspace       used 30615K, capacity 31051K, committed 31232K, reserved 32768K
}
Event: 264.539 GC heap before
{Heap before GC invocations=58 (full 6):
 def new generation   total 4110208K, used 4042587K [0x00007f353c600000, 0x00007f36531d0000, 0x00007f3a91b50000)
  eden space 3653568K, 100% used [0x00007f353c600000, 0x00007f361b5f0000, 0x00007f361b5f0000)
  from space 456640K,  85% used [0x00007f361b5f0000, 0x00007f36331d6d40, 0x00007f36373e0000)
  to   space 456640K,   0% used [0x00007f36373e0000, 0x00007f36373e0000, 0x00007f36531d0000)
 tenured generation   total 9133644K, used 8868542K [0x00007f3a91b50000, 0x00007f3cbf2e3000, 0x00007f453c600000)
   the space 9133644K,  97% used [0x00007f3a91b50000, 0x00007f3caefffa88, 0x00007f3caefffc00, 0x00007f3cbf2e3000)
 Metaspace       used 30615K, capacity 31051K, committed 31232K, reserved 32768K
}
Event: 265.651 GC heap after
{Heap after GC invocations=59 (full 6):
 def new generation   total 4110208K, used 397952K [0x00007f353c600000, 0x00007f36531d0000, 0x00007f3a91b50000)
  eden space 3653568K,   0% used [0x00007f353c600000, 0x00007f353c600000, 0x00007f361b5f0000)
  from space 456640K,  87% used [0x00007f36373e0000, 0x00007f364f8801b0, 0x00007f36531d0000)
  to   space 456640K,   0% used [0x00007f361b5f0000, 0x00007f361b5f0000, 0x00007f36373e0000)
 tenured generation   total 9257676K, used 9257561K [0x00007f3a91b50000, 0x00007f3cc6c03000, 0x00007f453c600000)
   the space 9257676K,  99% used [0x00007f3a91b50000, 0x00007f3cc6be65f8, 0x00007f3cc6be6600, 0x00007f3cc6c03000)
 Metaspace       used 30615K, capacity 31051K, committed 31232K, reserved 32768K
}
Event: 265.651 GC heap before
{Heap before GC invocations=59 (full 6):
 def new generation   total 4110208K, used 397952K [0x00007f353c600000, 0x00007f36531d0000, 0x00007f3a91b50000)
  eden space 3653568K,   0% used [0x00007f353c600000, 0x00007f353c600000, 0x00007f361b5f0000)
  from space 456640K,  87% used [0x00007f36373e0000, 0x00007f364f8801b0, 0x00007f36531d0000)
  to   space 456640K,   0% used [0x00007f361b5f0000, 0x00007f361b5f0000, 0x00007f36373e0000)
 tenured generation   total 9257676K, used 9257561K [0x00007f3a91b50000, 0x00007f3cc6c03000, 0x00007f453c600000)
   the space 9257676K,  99% used [0x00007f3a91b50000, 0x00007f3cc6be65f8, 0x00007f3cc6be6600, 0x00007f3cc6c03000)
 Metaspace       used 30615K, capacity 31051K, committed 31232K, reserved 32768K
}

