# JRE version: OpenJDK Runtime Environment (13.0.7+5) (build 13.0.7+5-Ubuntu-0ubuntu120.04)
# Java VM: OpenJDK 64-Bit Server VM (13.0.7+5-Ubuntu-0ubuntu120.04, mixed mode, tiered, serial gc, linux-amd64)
Heap:
 def new generation   total 4631232K, used 0K [0x00007f91e4600000, 0x00007f931e730000, 0x00007f9c8f0a0000)
  eden space 4116672K,   0% used [0x00007f91e4600000, 0x00007f91e4600000, 0x00007f92dfa30000)
  from space 514560K,   0% used [0x00007f92ff0b0000, 0x00007f92ff0b0000, 0x00007f931e730000)
  to   space 514560K,   0% used [0x00007f92dfa30000, 0x00007f92dfa30000, 0x00007f92ff0b0000)
 tenured generation   total 10307896K, used 10285641K [0x00007f9c8f0a0000, 0x00007f9f042ee000, 0x00007fb1e4600000)
   the space 10307896K,  99% used [0x00007f9c8f0a0000, 0x00007f9f02d32680, 0x00007f9f02d32800, 0x00007f9f042ee000)
 Metaspace       used 24222K, capacity 24572K, committed 24832K, reserved 26624K
GC Heap History (20 events):
Event: 2307.757 GC heap after
{Heap after GC invocations=1578 (full 7):
 def new generation   total 4631232K, used 237421K [0x00007f91e4600000, 0x00007f931e730000, 0x00007f9c8f0a0000)
  eden space 4116672K,   0% used [0x00007f91e4600000, 0x00007f91e4600000, 0x00007f92dfa30000)
  from space 514560K,  46% used [0x00007f92dfa30000, 0x00007f92ee20b780, 0x00007f92ff0b0000)
  to   space 514560K,   0% used [0x00007f92ff0b0000, 0x00007f92ff0b0000, 0x00007f931e730000)
 tenured generation   total 10291508K, used 10158177K [0x00007f9c8f0a0000, 0x00007f9f032ed000, 0x00007fb1e4600000)
   the space 10291508K,  98% used [0x00007f9c8f0a0000, 0x00007f9efb0b8648, 0x00007f9efb0b8800, 0x00007f9f032ed000)
 Metaspace       used 24222K, capacity 24572K, committed 24832K, reserved 26624K
}
Event: 2312.248 GC heap before
{Heap before GC invocations=1578 (full 7):
 def new generation   total 4631232K, used 4354093K [0x00007f91e4600000, 0x00007f931e730000, 0x00007f9c8f0a0000)
  eden space 4116672K, 100% used [0x00007f91e4600000, 0x00007f92dfa30000, 0x00007f92dfa30000)
  from space 514560K,  46% used [0x00007f92dfa30000, 0x00007f92ee20b780, 0x00007f92ff0b0000)
  to   space 514560K,   0% used [0x00007f92ff0b0000, 0x00007f92ff0b0000, 0x00007f931e730000)
 tenured generation   total 10291508K, used 10158177K [0x00007f9c8f0a0000, 0x00007f9f032ed000, 0x00007fb1e4600000)
   the space 10291508K,  98% used [0x00007f9c8f0a0000, 0x00007f9efb0b8648, 0x00007f9efb0b8800, 0x00007f9f032ed000)
 Metaspace       used 24222K, capacity 24572K, committed 24832K, reserved 26624K
}
Event: 2312.410 GC heap after
{Heap after GC invocations=1579 (full 7):
 def new generation   total 4631232K, used 235368K [0x00007f91e4600000, 0x00007f931e730000, 0x00007f9c8f0a0000)
  eden space 4116672K,   0% used [0x00007f91e4600000, 0x00007f91e4600000, 0x00007f92dfa30000)
  from space 514560K,  45% used [0x00007f92ff0b0000, 0x00007f930d68a148, 0x00007f931e730000)
  to   space 514560K,   0% used [0x00007f92dfa30000, 0x00007f92dfa30000, 0x00007f92ff0b0000)
 tenured generation   total 10291508K, used 10175136K [0x00007f9c8f0a0000, 0x00007f9f032ed000, 0x00007fb1e4600000)
   the space 10291508K,  98% used [0x00007f9c8f0a0000, 0x00007f9efc148250, 0x00007f9efc148400, 0x00007f9f032ed000)
 Metaspace       used 24222K, capacity 24572K, committed 24832K, reserved 26624K
}
Event: 2316.534 GC heap before
{Heap before GC invocations=1579 (full 7):
 def new generation   total 4631232K, used 4352040K [0x00007f91e4600000, 0x00007f931e730000, 0x00007f9c8f0a0000)
  eden space 4116672K, 100% used [0x00007f91e4600000, 0x00007f92dfa30000, 0x00007f92dfa30000)
  from space 514560K,  45% used [0x00007f92ff0b0000, 0x00007f930d68a148, 0x00007f931e730000)
  to   space 514560K,   0% used [0x00007f92dfa30000, 0x00007f92dfa30000, 0x00007f92ff0b0000)
 tenured generation   total 10291508K, used 10175136K [0x00007f9c8f0a0000, 0x00007f9f032ed000, 0x00007fb1e4600000)
   the space 10291508K,  98% used [0x00007f9c8f0a0000, 0x00007f9efc148250, 0x00007f9efc148400, 0x00007f9f032ed000)
 Metaspace       used 24222K, capacity 24572K, committed 24832K, reserved 26624K
}
Event: 2316.803 GC heap after
{Heap after GC invocations=1580 (full 7):
 def new generation   total 4631232K, used 247682K [0x00007f91e4600000, 0x00007f931e730000, 0x00007f9c8f0a0000)
  eden space 4116672K,   0% used [0x00007f91e4600000, 0x00007f91e4600000, 0x00007f92dfa30000)
  from space 514560K,  48% used [0x00007f92dfa30000, 0x00007f92eec10850, 0x00007f92ff0b0000)
  to   space 514560K,   0% used [0x00007f92ff0b0000, 0x00007f92ff0b0000, 0x00007f931e730000)
 tenured generation   total 10291508K, used 10192095K [0x00007f9c8f0a0000, 0x00007f9f032ed000, 0x00007fb1e4600000)
   the space 10291508K,  99% used [0x00007f9c8f0a0000, 0x00007f9efd1d7e58, 0x00007f9efd1d8000, 0x00007f9f032ed000)
 Metaspace       used 24222K, capacity 24572K, committed 24832K, reserved 26624K
}
Event: 2320.818 GC heap before
{Heap before GC invocations=1580 (full 7):
 def new generation   total 4631232K, used 4364354K [0x00007f91e4600000, 0x00007f931e730000, 0x00007f9c8f0a0000)
  eden space 4116672K, 100% used [0x00007f91e4600000, 0x00007f92dfa30000, 0x00007f92dfa30000)
  from space 514560K,  48% used [0x00007f92dfa30000, 0x00007f92eec10850, 0x00007f92ff0b0000)
  to   space 514560K,   0% used [0x00007f92ff0b0000, 0x00007f92ff0b0000, 0x00007f931e730000)
 tenured generation   total 10291508K, used 10192095K [0x00007f9c8f0a0000, 0x00007f9f032ed000, 0x00007fb1e4600000)
   the space 10291508K,  99% used [0x00007f9c8f0a0000, 0x00007f9efd1d7e58, 0x00007f9efd1d8000, 0x00007f9f032ed000)
 Metaspace       used 24222K, capacity 24572K, committed 24832K, reserved 26624K
}
Event: 2320.994 GC heap after
{Heap after GC invocations=1581 (full 7):
 def new generation   total 4631232K, used 241520K [0x00007f91e4600000, 0x00007f931e730000, 0x00007f9c8f0a0000)
  eden space 4116672K,   0% used [0x00007f91e4600000, 0x00007f91e4600000, 0x00007f92dfa30000)
  from space 514560K,  46% used [0x00007f92ff0b0000, 0x00007f930dc8c378, 0x00007f931e730000)
  to   space 514560K,   0% used [0x00007f92dfa30000, 0x00007f92dfa30000, 0x00007f92ff0b0000)
 tenured generation   total 10291508K, used 10209054K [0x00007f9c8f0a0000, 0x00007f9f032ed000, 0x00007fb1e4600000)
   the space 10291508K,  99% used [0x00007f9c8f0a0000, 0x00007f9efe267a60, 0x00007f9efe267c00, 0x00007f9f032ed000)
 Metaspace       used 24222K, capacity 24572K, committed 24832K, reserved 26624K
}
Event: 2325.003 GC heap before
{Heap before GC invocations=1581 (full 7):
 def new generation   total 4631232K, used 4358192K [0x00007f91e4600000, 0x00007f931e730000, 0x00007f9c8f0a0000)
  eden space 4116672K, 100% used [0x00007f91e4600000, 0x00007f92dfa30000, 0x00007f92dfa30000)
  from space 514560K,  46% used [0x00007f92ff0b0000, 0x00007f930dc8c378, 0x00007f931e730000)
  to   space 514560K,   0% used [0x00007f92dfa30000, 0x00007f92dfa30000, 0x00007f92ff0b0000)
 tenured generation   total 10291508K, used 10209054K [0x00007f9c8f0a0000, 0x00007f9f032ed000, 0x00007fb1e4600000)
   the space 10291508K,  99% used [0x00007f9c8f0a0000, 0x00007f9efe267a60, 0x00007f9efe267c00, 0x00007f9f032ed000)
 Metaspace       used 24222K, capacity 24572K, committed 24832K, reserved 26624K
}
Event: 2325.177 GC heap after
{Heap after GC invocations=1582 (full 7):
 def new generation   total 4631232K, used 220452K [0x00007f91e4600000, 0x00007f931e730000, 0x00007f9c8f0a0000)
  eden space 4116672K,   0% used [0x00007f91e4600000, 0x00007f91e4600000, 0x00007f92dfa30000)
  from space 514560K,  42% used [0x00007f92dfa30000, 0x00007f92ed1790a8, 0x00007f92ff0b0000)
  to   space 514560K,   0% used [0x00007f92ff0b0000, 0x00007f92ff0b0000, 0x00007f931e730000)
 tenured generation   total 10291508K, used 10226013K [0x00007f9c8f0a0000, 0x00007f9f032ed000, 0x00007fb1e4600000)
   the space 10291508K,  99% used [0x00007f9c8f0a0000, 0x00007f9eff2f7668, 0x00007f9eff2f7800, 0x00007f9f032ed000)
 Metaspace       used 24222K, capacity 24572K, committed 24832K, reserved 26624K
}
Event: 2329.519 GC heap before
{Heap before GC invocations=1582 (full 7):
 def new generation   total 4631232K, used 4337124K [0x00007f91e4600000, 0x00007f931e730000, 0x00007f9c8f0a0000)
  eden space 4116672K, 100% used [0x00007f91e4600000, 0x00007f92dfa30000, 0x00007f92dfa30000)
  from space 514560K,  42% used [0x00007f92dfa30000, 0x00007f92ed1790a8, 0x00007f92ff0b0000)
  to   space 514560K,   0% used [0x00007f92ff0b0000, 0x00007f92ff0b0000, 0x00007f931e730000)
 tenured generation   total 10291508K, used 10226013K [0x00007f9c8f0a0000, 0x00007f9f032ed000, 0x00007fb1e4600000)
   the space 10291508K,  99% used [0x00007f9c8f0a0000, 0x00007f9eff2f7668, 0x00007f9eff2f7800, 0x00007f9f032ed000)
 Metaspace       used 24222K, capacity 24572K, committed 24832K, reserved 26624K
}
Event: 2329.674 GC heap after
{Heap after GC invocations=1583 (full 7):
 def new generation   total 4631232K, used 237920K [0x00007f91e4600000, 0x00007f931e730000, 0x00007f9c8f0a0000)
  eden space 4116672K,   0% used [0x00007f91e4600000, 0x00007f91e4600000, 0x00007f92dfa30000)
  from space 514560K,  46% used [0x00007f92ff0b0000, 0x00007f930d908390, 0x00007f931e730000)
  to   space 514560K,   0% used [0x00007f92dfa30000, 0x00007f92dfa30000, 0x00007f92ff0b0000)
 tenured generation   total 10291508K, used 10226013K [0x00007f9c8f0a0000, 0x00007f9f032ed000, 0x00007fb1e4600000)
   the space 10291508K,  99% used [0x00007f9c8f0a0000, 0x00007f9eff2f7668, 0x00007f9eff2f7800, 0x00007f9f032ed000)
 Metaspace       used 24222K, capacity 24572K, committed 24832K, reserved 26624K
}
Event: 2334.032 GC heap before
{Heap before GC invocations=1583 (full 7):
 def new generation   total 4631232K, used 4354592K [0x00007f91e4600000, 0x00007f931e730000, 0x00007f9c8f0a0000)
  eden space 4116672K, 100% used [0x00007f91e4600000, 0x00007f92dfa30000, 0x00007f92dfa30000)
  from space 514560K,  46% used [0x00007f92ff0b0000, 0x00007f930d908390, 0x00007f931e730000)
  to   space 514560K,   0% used [0x00007f92dfa30000, 0x00007f92dfa30000, 0x00007f92ff0b0000)
 tenured generation   total 10291508K, used 10226013K [0x00007f9c8f0a0000, 0x00007f9f032ed000, 0x00007fb1e4600000)
   the space 10291508K,  99% used [0x00007f9c8f0a0000, 0x00007f9eff2f7668, 0x00007f9eff2f7800, 0x00007f9f032ed000)
 Metaspace       used 24222K, capacity 24572K, committed 24832K, reserved 26624K
}
Event: 2334.192 GC heap after
{Heap after GC invocations=1584 (full 7):
 def new generation   total 4631232K, used 235357K [0x00007f91e4600000, 0x00007f931e730000, 0x00007f9c8f0a0000)
  eden space 4116672K,   0% used [0x00007f91e4600000, 0x00007f91e4600000, 0x00007f92dfa30000)
  from space 514560K,  45% used [0x00007f92dfa30000, 0x00007f92ee007438, 0x00007f92ff0b0000)
  to   space 514560K,   0% used [0x00007f92ff0b0000, 0x00007f92ff0b0000, 0x00007f931e730000)
 tenured generation   total 10291508K, used 10242972K [0x00007f9c8f0a0000, 0x00007f9f032ed000, 0x00007fb1e4600000)
   the space 10291508K,  99% used [0x00007f9c8f0a0000, 0x00007f9f00387270, 0x00007f9f00387400, 0x00007f9f032ed000)
 Metaspace       used 24222K, capacity 24572K, committed 24832K, reserved 26624K
}
Event: 2338.361 GC heap before
{Heap before GC invocations=1584 (full 7):
 def new generation   total 4631232K, used 4348456K [0x00007f91e4600000, 0x00007f931e730000, 0x00007f9c8f0a0000)
  eden space 4116672K,  99% used [0x00007f91e4600000, 0x00007f92df6b2db0, 0x00007f92dfa30000)
  from space 514560K,  45% used [0x00007f92dfa30000, 0x00007f92ee007438, 0x00007f92ff0b0000)
  to   space 514560K,   0% used [0x00007f92ff0b0000, 0x00007f92ff0b0000, 0x00007f931e730000)
 tenured generation   total 10291508K, used 10242972K [0x00007f9c8f0a0000, 0x00007f9f032ed000, 0x00007fb1e4600000)
   the space 10291508K,  99% used [0x00007f9c8f0a0000, 0x00007f9f00387270, 0x00007f9f00387400, 0x00007f9f032ed000)
 Metaspace       used 24222K, capacity 24572K, committed 24832K, reserved 26624K
}
Event: 2338.530 GC heap after
{Heap after GC invocations=1585 (full 7):
 def new generation   total 4631232K, used 246157K [0x00007f91e4600000, 0x00007f931e730000, 0x00007f9c8f0a0000)
  eden space 4116672K,   0% used [0x00007f91e4600000, 0x00007f91e4600000, 0x00007f92dfa30000)
  from space 514560K,  47% used [0x00007f92ff0b0000, 0x00007f930e1136d0, 0x00007f931e730000)
  to   space 514560K,   0% used [0x00007f92dfa30000, 0x00007f92dfa30000, 0x00007f92ff0b0000)
 tenured generation   total 10291508K, used 10259931K [0x00007f9c8f0a0000, 0x00007f9f032ed000, 0x00007fb1e4600000)
   the space 10291508K,  99% used [0x00007f9c8f0a0000, 0x00007f9f01416e78, 0x00007f9f01417000, 0x00007f9f032ed000)
 Metaspace       used 24222K, capacity 24572K, committed 24832K, reserved 26624K
}
Event: 2342.779 GC heap before
{Heap before GC invocations=1585 (full 7):
 def new generation   total 4631232K, used 4362829K [0x00007f91e4600000, 0x00007f931e730000, 0x00007f9c8f0a0000)
  eden space 4116672K, 100% used [0x00007f91e4600000, 0x00007f92dfa30000, 0x00007f92dfa30000)
  from space 514560K,  47% used [0x00007f92ff0b0000, 0x00007f930e1136d0, 0x00007f931e730000)
  to   space 514560K,   0% used [0x00007f92dfa30000, 0x00007f92dfa30000, 0x00007f92ff0b0000)
 tenured generation   total 10291508K, used 10259931K [0x00007f9c8f0a0000, 0x00007f9f032ed000, 0x00007fb1e4600000)
   the space 10291508K,  99% used [0x00007f9c8f0a0000, 0x00007f9f01416e78, 0x00007f9f01417000, 0x00007f9f032ed000)
 Metaspace       used 24222K, capacity 24572K, committed 24832K, reserved 26624K
}
Event: 2342.949 GC heap after
{Heap after GC invocations=1586 (full 7):
 def new generation   total 4631232K, used 232311K [0x00007f91e4600000, 0x00007f931e730000, 0x00007f9c8f0a0000)
  eden space 4116672K,   0% used [0x00007f91e4600000, 0x00007f91e4600000, 0x00007f92dfa30000)
  from space 514560K,  45% used [0x00007f92dfa30000, 0x00007f92edd0dcb8, 0x00007f92ff0b0000)
  to   space 514560K,   0% used [0x00007f92ff0b0000, 0x00007f92ff0b0000, 0x00007f931e730000)
 tenured generation   total 10291508K, used 10276890K [0x00007f9c8f0a0000, 0x00007f9f032ed000, 0x00007fb1e4600000)
   the space 10291508K,  99% used [0x00007f9c8f0a0000, 0x00007f9f024a6a80, 0x00007f9f024a6c00, 0x00007f9f032ed000)
 Metaspace       used 24222K, capacity 24572K, committed 24832K, reserved 26624K
}
Event: 2347.359 GC heap before
{Heap before GC invocations=1586 (full 7):
 def new generation   total 4631232K, used 4348983K [0x00007f91e4600000, 0x00007f931e730000, 0x00007f9c8f0a0000)
  eden space 4116672K, 100% used [0x00007f91e4600000, 0x00007f92dfa30000, 0x00007f92dfa30000)
  from space 514560K,  45% used [0x00007f92dfa30000, 0x00007f92edd0dcb8, 0x00007f92ff0b0000)
  to   space 514560K,   0% used [0x00007f92ff0b0000, 0x00007f92ff0b0000, 0x00007f931e730000)
 tenured generation   total 10291508K, used 10276890K [0x00007f9c8f0a0000, 0x00007f9f032ed000, 0x00007fb1e4600000)
   the space 10291508K,  99% used [0x00007f9c8f0a0000, 0x00007f9f024a6a80, 0x00007f9f024a6c00, 0x00007f9f032ed000)
 Metaspace       used 24222K, capacity 24572K, committed 24832K, reserved 26624K
}
Event: 2347.534 GC heap after
{Heap after GC invocations=1587 (full 7):
 def new generation   total 4631232K, used 220457K [0x00007f91e4600000, 0x00007f931e730000, 0x00007f9c8f0a0000)
  eden space 4116672K,   0% used [0x00007f91e4600000, 0x00007f91e4600000, 0x00007f92dfa30000)
  from space 514560K,  42% used [0x00007f92ff0b0000, 0x00007f930c7fa558, 0x00007f931e730000)
  to   space 514560K,   0% used [0x00007f92dfa30000, 0x00007f92dfa30000, 0x00007f92ff0b0000)
 tenured generation   total 10307896K, used 10293849K [0x00007f9c8f0a0000, 0x00007f9f042ee000, 0x00007fb1e4600000)
   the space 10307896K,  99% used [0x00007f9c8f0a0000, 0x00007f9f03536688, 0x00007f9f03536800, 0x00007f9f042ee000)
 Metaspace       used 24222K, capacity 24572K, committed 24832K, reserved 26624K
}
Event: 2347.534 GC heap before
{Heap before GC invocations=1587 (full 7):
 def new generation   total 4631232K, used 220457K [0x00007f91e4600000, 0x00007f931e730000, 0x00007f9c8f0a0000)
  eden space 4116672K,   0% used [0x00007f91e4600000, 0x00007f91e4600000, 0x00007f92dfa30000)
  from space 514560K,  42% used [0x00007f92ff0b0000, 0x00007f930c7fa558, 0x00007f931e730000)
  to   space 514560K,   0% used [0x00007f92dfa30000, 0x00007f92dfa30000, 0x00007f92ff0b0000)
 tenured generation   total 10307896K, used 10293849K [0x00007f9c8f0a0000, 0x00007f9f042ee000, 0x00007fb1e4600000)
   the space 10307896K,  99% used [0x00007f9c8f0a0000, 0x00007f9f03536688, 0x00007f9f03536800, 0x00007f9f042ee000)
 Metaspace       used 24222K, capacity 24572K, committed 24832K, reserved 26624K
}

