# JRE version: OpenJDK Runtime Environment (13.0.7+5) (build 13.0.7+5-Ubuntu-0ubuntu120.04)
# Java VM: OpenJDK 64-Bit Server VM (13.0.7+5-Ubuntu-0ubuntu120.04, mixed mode, tiered, serial gc, linux-amd64)
Heap:
 def new generation   total 1579968K, used 0K [0x00007ef840600000, 0x00007ef8ab860000, 0x00007efd95b50000)
  eden space 1404416K,   0% used [0x00007ef840600000, 0x00007ef840600000, 0x00007ef896180000)
  from space 175552K,   0% used [0x00007ef8a0cf0000, 0x00007ef8a0cf0000, 0x00007ef8ab860000)
  to   space 175552K,   0% used [0x00007ef896180000, 0x00007ef896180000, 0x00007ef8a0cf0000)
 tenured generation   total 11899540K, used 9446587K [0x00007efd95b50000, 0x00007f006bff5000, 0x00007f0840600000)
   the space 11899540K,  79% used [0x00007efd95b50000, 0x00007effd647ec90, 0x00007effd647ee00, 0x00007f006bff5000)
 Metaspace       used 23274K, capacity 23613K, committed 23808K, reserved 24576K
GC Heap History (20 events):
Event: 11.031 GC heap after
{Heap after GC invocations=4 (full 1):
 def new generation   total 629248K, used 0K [0x00007ef840600000, 0x00007ef86b0c0000, 0x00007efd95b50000)
  eden space 559360K,   0% used [0x00007ef840600000, 0x00007ef840600000, 0x00007ef862840000)
  from space 69888K,   0% used [0x00007ef866c80000, 0x00007ef866c800f0, 0x00007ef86b0c0000)
  to   space 69888K,   0% used [0x00007ef862840000, 0x00007ef862840000, 0x00007ef866c80000)
 tenured generation   total 1922436K, used 1587613K [0x00007efd95b50000, 0x00007efe0b0b1000, 0x00007f0840600000)
   the space 1922436K,  82% used [0x00007efd95b50000, 0x00007efdf69b7448, 0x00007efdf69b7600, 0x00007efe0b0b1000)
 Metaspace       used 23272K, capacity 23612K, committed 23808K, reserved 24576K
}
Event: 11.032 GC heap before
{Heap before GC invocations=4 (full 1):
 def new generation   total 629248K, used 0K [0x00007ef840600000, 0x00007ef86b0c0000, 0x00007efd95b50000)
  eden space 559360K,   0% used [0x00007ef840600000, 0x00007ef840600000, 0x00007ef862840000)
  from space 69888K,   0% used [0x00007ef866c80000, 0x00007ef866c800f0, 0x00007ef86b0c0000)
  to   space 69888K,   0% used [0x00007ef862840000, 0x00007ef862840000, 0x00007ef866c80000)
 tenured generation   total 1922436K, used 1587613K [0x00007efd95b50000, 0x00007efe0b0b1000, 0x00007f0840600000)
   the space 1922436K,  82% used [0x00007efd95b50000, 0x00007efdf69b7448, 0x00007efdf69b7600, 0x00007efe0b0b1000)
 Metaspace       used 23272K, capacity 23612K, committed 23808K, reserved 24576K
}
Event: 11.485 GC heap after
{Heap after GC invocations=4 (full 2):
 def new generation   total 629248K, used 0K [0x00007ef840600000, 0x00007ef86b0c0000, 0x00007efd95b50000)
  eden space 559360K,   0% used [0x00007ef840600000, 0x00007ef840600000, 0x00007ef862840000)
  from space 69888K,   0% used [0x00007ef866c80000, 0x00007ef866c80000, 0x00007ef86b0c0000)
  to   space 69888K,   0% used [0x00007ef862840000, 0x00007ef862840000, 0x00007ef866c80000)
 tenured generation   total 1398144K, used 539027K [0x00007efd95b50000, 0x00007efdeb0b0000, 0x00007f0840600000)
   the space 1398144K,  38% used [0x00007efd95b50000, 0x00007efdb69b4fe8, 0x00007efdb69b5000, 0x00007efdeb0b0000)
 Metaspace       used 23272K, capacity 23612K, committed 23808K, reserved 24576K
}
Event: 12.178 GC heap before
{Heap before GC invocations=4 (full 2):
 def new generation   total 629248K, used 535341K [0x00007ef840600000, 0x00007ef86b0c0000, 0x00007efd95b50000)
  eden space 559360K,  95% used [0x00007ef840600000, 0x00007ef8610cb6a0, 0x00007ef862840000)
  from space 69888K,   0% used [0x00007ef866c80000, 0x00007ef866c80000, 0x00007ef86b0c0000)
  to   space 69888K,   0% used [0x00007ef862840000, 0x00007ef862840000, 0x00007ef866c80000)
 tenured generation   total 1398144K, used 539027K [0x00007efd95b50000, 0x00007efdeb0b0000, 0x00007f0840600000)
   the space 1398144K,  38% used [0x00007efd95b50000, 0x00007efdb69b4fe8, 0x00007efdb69b5000, 0x00007efdeb0b0000)
 Metaspace       used 23272K, capacity 23612K, committed 23808K, reserved 24576K
}
Event: 12.555 GC heap after
{Heap after GC invocations=5 (full 2):
 def new generation   total 629248K, used 0K [0x00007ef840600000, 0x00007ef86b0c0000, 0x00007efd95b50000)
  eden space 559360K,   0% used [0x00007ef840600000, 0x00007ef840600000, 0x00007ef862840000)
  from space 69888K,   0% used [0x00007ef862840000, 0x00007ef862840230, 0x00007ef866c80000)
  to   space 69888K,   0% used [0x00007ef866c80000, 0x00007ef866c80000, 0x00007ef86b0c0000)
 tenured generation   total 1398144K, used 1063316K [0x00007efd95b50000, 0x00007efdeb0b0000, 0x00007f0840600000)
   the space 1398144K,  76% used [0x00007efd95b50000, 0x00007efdd69b5000, 0x00007efdd69b5000, 0x00007efdeb0b0000)
 Metaspace       used 23272K, capacity 23612K, committed 23808K, reserved 24576K
}
Event: 14.143 GC heap before
{Heap before GC invocations=5 (full 2):
 def new generation   total 629248K, used 551692K [0x00007ef840600000, 0x00007ef86b0c0000, 0x00007efd95b50000)
  eden space 559360K,  98% used [0x00007ef840600000, 0x00007ef8620c2e58, 0x00007ef862840000)
  from space 69888K,   0% used [0x00007ef862840000, 0x00007ef862840230, 0x00007ef866c80000)
  to   space 69888K,   0% used [0x00007ef866c80000, 0x00007ef866c80000, 0x00007ef86b0c0000)
 tenured generation   total 1398144K, used 1063316K [0x00007efd95b50000, 0x00007efdeb0b0000, 0x00007f0840600000)
   the space 1398144K,  76% used [0x00007efd95b50000, 0x00007efdd69b5000, 0x00007efdd69b5000, 0x00007efdeb0b0000)
 Metaspace       used 23274K, capacity 23613K, committed 23808K, reserved 24576K
}
Event: 14.174 GC heap after
{Heap after GC invocations=6 (full 2):
 def new generation   total 629248K, used 18658K [0x00007ef840600000, 0x00007ef86b0c0000, 0x00007efd95b50000)
  eden space 559360K,   0% used [0x00007ef840600000, 0x00007ef840600000, 0x00007ef862840000)
  from space 69888K,  26% used [0x00007ef866c80000, 0x00007ef867eb8838, 0x00007ef86b0c0000)
  to   space 69888K,   0% used [0x00007ef862840000, 0x00007ef862840000, 0x00007ef866c80000)
 tenured generation   total 1398144K, used 1063316K [0x00007efd95b50000, 0x00007efdeb0b0000, 0x00007f0840600000)
   the space 1398144K,  76% used [0x00007efd95b50000, 0x00007efdd69b5000, 0x00007efdd69b5000, 0x00007efdeb0b0000)
 Metaspace       used 23274K, capacity 23613K, committed 23808K, reserved 24576K
}
Event: 14.174 GC heap before
{Heap before GC invocations=6 (full 2):
 def new generation   total 629248K, used 18658K [0x00007ef840600000, 0x00007ef86b0c0000, 0x00007efd95b50000)
  eden space 559360K,   0% used [0x00007ef840600000, 0x00007ef840600000, 0x00007ef862840000)
  from space 69888K,  26% used [0x00007ef866c80000, 0x00007ef867eb8838, 0x00007ef86b0c0000)
  to   space 69888K,   0% used [0x00007ef862840000, 0x00007ef862840000, 0x00007ef866c80000)
 tenured generation   total 1398144K, used 1063316K [0x00007efd95b50000, 0x00007efdeb0b0000, 0x00007f0840600000)
   the space 1398144K,  76% used [0x00007efd95b50000, 0x00007efdd69b5000, 0x00007efdd69b5000, 0x00007efdeb0b0000)
 Metaspace       used 23274K, capacity 23613K, committed 23808K, reserved 24576K
}
Event: 14.238 GC heap after
{Heap after GC invocations=6 (full 3):
 def new generation   total 629248K, used 0K [0x00007ef840600000, 0x00007ef86b0c0000, 0x00007efd95b50000)
  eden space 559360K,   0% used [0x00007ef840600000, 0x00007ef840600000, 0x00007ef862840000)
  from space 69888K,   0% used [0x00007ef866c80000, 0x00007ef866c80000, 0x00007ef86b0c0000)
  to   space 69888K,   0% used [0x00007ef862840000, 0x00007ef862840000, 0x00007ef866c80000)
 tenured generation   total 1398144K, used 31130K [0x00007efd95b50000, 0x00007efdeb0b0000, 0x00007f0840600000)
   the space 1398144K,   2% used [0x00007efd95b50000, 0x00007efd979b6bb8, 0x00007efd979b6c00, 0x00007efdeb0b0000)
 Metaspace       used 23274K, capacity 23613K, committed 23808K, reserved 24576K
}
Event: 15.680 GC heap before
{Heap before GC invocations=6 (full 3):
 def new generation   total 629248K, used 11000K [0x00007ef840600000, 0x00007ef86b0c0000, 0x00007efd95b50000)
  eden space 559360K,   1% used [0x00007ef840600000, 0x00007ef8410be020, 0x00007ef862840000)
  from space 69888K,   0% used [0x00007ef866c80000, 0x00007ef866c80000, 0x00007ef86b0c0000)
  to   space 69888K,   0% used [0x00007ef862840000, 0x00007ef862840000, 0x00007ef866c80000)
 tenured generation   total 1398144K, used 1079706K [0x00007efd95b50000, 0x00007efdeb0b0000, 0x00007f0840600000)
   the space 1398144K,  77% used [0x00007efd95b50000, 0x00007efdd79b6bd0, 0x00007efdd79b6c00, 0x00007efdeb0b0000)
 Metaspace       used 23274K, capacity 23613K, committed 23808K, reserved 24576K
}
Event: 15.682 GC heap after
{Heap after GC invocations=7 (full 3):
 def new generation   total 629248K, used 0K [0x00007ef840600000, 0x00007ef86b0c0000, 0x00007efd95b50000)
  eden space 559360K,   0% used [0x00007ef840600000, 0x00007ef840600000, 0x00007ef862840000)
  from space 69888K,   0% used [0x00007ef862840000, 0x00007ef8628400c8, 0x00007ef866c80000)
  to   space 69888K,   0% used [0x00007ef866c80000, 0x00007ef866c80000, 0x00007ef86b0c0000)
 tenured generation   total 1398144K, used 1079706K [0x00007efd95b50000, 0x00007efdeb0b0000, 0x00007f0840600000)
   the space 1398144K,  77% used [0x00007efd95b50000, 0x00007efdd79b6bd0, 0x00007efdd79b6c00, 0x00007efdeb0b0000)
 Metaspace       used 23274K, capacity 23613K, committed 23808K, reserved 24576K
}
Event: 15.682 GC heap before
{Heap before GC invocations=7 (full 3):
 def new generation   total 629248K, used 0K [0x00007ef840600000, 0x00007ef86b0c0000, 0x00007efd95b50000)
  eden space 559360K,   0% used [0x00007ef840600000, 0x00007ef840600000, 0x00007ef862840000)
  from space 69888K,   0% used [0x00007ef862840000, 0x00007ef8628400c8, 0x00007ef866c80000)
  to   space 69888K,   0% used [0x00007ef866c80000, 0x00007ef866c80000, 0x00007ef86b0c0000)
 tenured generation   total 1398144K, used 1079706K [0x00007efd95b50000, 0x00007efdeb0b0000, 0x00007f0840600000)
   the space 1398144K,  77% used [0x00007efd95b50000, 0x00007efdd79b6bd0, 0x00007efdd79b6c00, 0x00007efdeb0b0000)
 Metaspace       used 23274K, capacity 23613K, committed 23808K, reserved 24576K
}
Event: 16.981 GC heap after
{Heap after GC invocations=7 (full 4):
 def new generation   total 793536K, used 0K [0x00007ef840600000, 0x00007ef876300000, 0x00007efd95b50000)
  eden space 705408K,   0% used [0x00007ef840600000, 0x00007ef840600000, 0x00007ef86b6e0000)
  from space 88128K,   0% used [0x00007ef86b6e0000, 0x00007ef86b6e0000, 0x00007ef870cf0000)
  to   space 88128K,   0% used [0x00007ef870cf0000, 0x00007ef870cf0000, 0x00007ef876300000)
 tenured generation   total 1763300K, used 1057978K [0x00007efd95b50000, 0x00007efe01549000, 0x00007f0840600000)
   the space 1763300K,  59% used [0x00007efd95b50000, 0x00007efdd647e9e0, 0x00007efdd647ea00, 0x00007efe01549000)
 Metaspace       used 23274K, capacity 23613K, committed 23808K, reserved 24576K
}
Event: 18.802 GC heap before
{Heap before GC invocations=7 (full 4):
 def new generation   total 793536K, used 13872K [0x00007ef840600000, 0x00007ef876300000, 0x00007efd95b50000)
  eden space 705408K,   1% used [0x00007ef840600000, 0x00007ef84138c098, 0x00007ef86b6e0000)
  from space 88128K,   0% used [0x00007ef86b6e0000, 0x00007ef86b6e0000, 0x00007ef870cf0000)
  to   space 88128K,   0% used [0x00007ef870cf0000, 0x00007ef870cf0000, 0x00007ef876300000)
 tenured generation   total 2811880K, used 2106554K [0x00007efd95b50000, 0x00007efe4154a000, 0x00007f0840600000)
   the space 2811880K,  74% used [0x00007efd95b50000, 0x00007efe1647e9f8, 0x00007efe1647ea00, 0x00007efe4154a000)
 Metaspace       used 23274K, capacity 23613K, committed 23808K, reserved 24576K
}
Event: 18.806 GC heap after
{Heap after GC invocations=8 (full 4):
 def new generation   total 793536K, used 0K [0x00007ef840600000, 0x00007ef876300000, 0x00007efd95b50000)
  eden space 705408K,   0% used [0x00007ef840600000, 0x00007ef840600000, 0x00007ef86b6e0000)
  from space 88128K,   0% used [0x00007ef870cf0000, 0x00007ef870cf02c0, 0x00007ef876300000)
  to   space 88128K,   0% used [0x00007ef86b6e0000, 0x00007ef86b6e0000, 0x00007ef870cf0000)
 tenured generation   total 2811880K, used 2106554K [0x00007efd95b50000, 0x00007efe4154a000, 0x00007f0840600000)
   the space 2811880K,  74% used [0x00007efd95b50000, 0x00007efe1647e9f8, 0x00007efe1647ea00, 0x00007efe4154a000)
 Metaspace       used 23274K, capacity 23613K, committed 23808K, reserved 24576K
}
Event: 18.806 GC heap before
{Heap before GC invocations=8 (full 4):
 def new generation   total 793536K, used 0K [0x00007ef840600000, 0x00007ef876300000, 0x00007efd95b50000)
  eden space 705408K,   0% used [0x00007ef840600000, 0x00007ef840600000, 0x00007ef86b6e0000)
  from space 88128K,   0% used [0x00007ef870cf0000, 0x00007ef870cf02c0, 0x00007ef876300000)
  to   space 88128K,   0% used [0x00007ef86b6e0000, 0x00007ef86b6e0000, 0x00007ef870cf0000)
 tenured generation   total 2811880K, used 2106554K [0x00007efd95b50000, 0x00007efe4154a000, 0x00007f0840600000)
   the space 2811880K,  74% used [0x00007efd95b50000, 0x00007efe1647e9f8, 0x00007efe1647ea00, 0x00007efe4154a000)
 Metaspace       used 23274K, capacity 23613K, committed 23808K, reserved 24576K
}
Event: 18.881 GC heap after
{Heap after GC invocations=8 (full 5):
 def new generation   total 1579968K, used 0K [0x00007ef840600000, 0x00007ef8ab860000, 0x00007efd95b50000)
  eden space 1404416K,   0% used [0x00007ef840600000, 0x00007ef840600000, 0x00007ef896180000)
  from space 175552K,   0% used [0x00007ef896180000, 0x00007ef896180000, 0x00007ef8a0cf0000)
  to   space 175552K,   0% used [0x00007ef8a0cf0000, 0x00007ef8a0cf0000, 0x00007ef8ab860000)
 tenured generation   total 3510928K, used 2106555K [0x00007efd95b50000, 0x00007efe6bff4000, 0x00007f0840600000)
   the space 3510928K,  59% used [0x00007efd95b50000, 0x00007efe1647ecb8, 0x00007efe1647ee00, 0x00007efe6bff4000)
 Metaspace       used 23274K, capacity 23613K, committed 23808K, reserved 24576K
}
Event: 48.474 GC heap before
{Heap before GC invocations=8 (full 5):
 def new generation   total 1579968K, used 27618K [0x00007ef840600000, 0x00007ef8ab860000, 0x00007efd95b50000)
  eden space 1404416K,   1% used [0x00007ef840600000, 0x00007ef8420f8948, 0x00007ef896180000)
  from space 175552K,   0% used [0x00007ef896180000, 0x00007ef896180000, 0x00007ef8a0cf0000)
  to   space 175552K,   0% used [0x00007ef8a0cf0000, 0x00007ef8a0cf0000, 0x00007ef8ab860000)
 tenured generation   total 11899540K, used 10495163K [0x00007efd95b50000, 0x00007f006bff5000, 0x00007f0840600000)
   the space 11899540K,  88% used [0x00007efd95b50000, 0x00007f001647ecd0, 0x00007f001647ee00, 0x00007f006bff5000)
 Metaspace       used 23274K, capacity 23613K, committed 23808K, reserved 24576K
}
Event: 48.497 GC heap after
{Heap after GC invocations=9 (full 5):
 def new generation   total 1579968K, used 0K [0x00007ef840600000, 0x00007ef8ab860000, 0x00007efd95b50000)
  eden space 1404416K,   0% used [0x00007ef840600000, 0x00007ef840600000, 0x00007ef896180000)
  from space 175552K,   0% used [0x00007ef8a0cf0000, 0x00007ef8a0cf0178, 0x00007ef8ab860000)
  to   space 175552K,   0% used [0x00007ef896180000, 0x00007ef896180000, 0x00007ef8a0cf0000)
 tenured generation   total 11899540K, used 10495163K [0x00007efd95b50000, 0x00007f006bff5000, 0x00007f0840600000)
   the space 11899540K,  88% used [0x00007efd95b50000, 0x00007f001647ecd0, 0x00007f001647ee00, 0x00007f006bff5000)
 Metaspace       used 23274K, capacity 23613K, committed 23808K, reserved 24576K
}
Event: 48.497 GC heap before
{Heap before GC invocations=9 (full 5):
 def new generation   total 1579968K, used 0K [0x00007ef840600000, 0x00007ef8ab860000, 0x00007efd95b50000)
  eden space 1404416K,   0% used [0x00007ef840600000, 0x00007ef840600000, 0x00007ef896180000)
  from space 175552K,   0% used [0x00007ef8a0cf0000, 0x00007ef8a0cf0178, 0x00007ef8ab860000)
  to   space 175552K,   0% used [0x00007ef896180000, 0x00007ef896180000, 0x00007ef8a0cf0000)
 tenured generation   total 11899540K, used 10495163K [0x00007efd95b50000, 0x00007f006bff5000, 0x00007f0840600000)
   the space 11899540K,  88% used [0x00007efd95b50000, 0x00007f001647ecd0, 0x00007f001647ee00, 0x00007f006bff5000)
 Metaspace       used 23274K, capacity 23613K, committed 23808K, reserved 24576K
}

