# JRE version: OpenJDK Runtime Environment (13.0.7+5) (build 13.0.7+5-Ubuntu-0ubuntu120.04)
# Java VM: OpenJDK 64-Bit Server VM (13.0.7+5-Ubuntu-0ubuntu120.04, mixed mode, tiered, serial gc, linux-amd64)
Heap:
 def new generation   total 2905600K, used 13580K [0x00007fd408600000, 0x00007fd4cd6c0000, 0x00007fd95db50000)
  eden space 2582784K,   0% used [0x00007fd408600000, 0x00007fd4093430e0, 0x00007fd4a6040000)
  from space 322816K,   0% used [0x00007fd4b9b80000, 0x00007fd4b9b80000, 0x00007fd4cd6c0000)
  to   space 322816K,   0% used [0x00007fd4a6040000, 0x00007fd4a6040000, 0x00007fd4b9b80000)
 tenured generation   total 6457464K, used 6457463K [0x00007fd95db50000, 0x00007fdae7d6e000, 0x00007fe408600000)
   the space 6457464K,  99% used [0x00007fd95db50000, 0x00007fdae7d6dfb8, 0x00007fdae7d6e000, 0x00007fdae7d6e000)
 Metaspace       used 24227K, capacity 24583K, committed 24832K, reserved 26624K
GC Heap History (20 events):
Event: 9458.209 GC heap after
{Heap after GC invocations=16312 (full 4):
 def new generation   total 2905600K, used 14156K [0x00007fd408600000, 0x00007fd4cd6c0000, 0x00007fd95db50000)
  eden space 2582784K,   0% used [0x00007fd408600000, 0x00007fd408600000, 0x00007fd4a6040000)
  from space 322816K,   4% used [0x00007fd4a6040000, 0x00007fd4a6e133c0, 0x00007fd4b9b80000)
  to   space 322816K,   0% used [0x00007fd4b9b80000, 0x00007fd4b9b80000, 0x00007fd4cd6c0000)
 tenured generation   total 6456696K, used 6449922K [0x00007fd95db50000, 0x00007fdae7cae000, 0x00007fe408600000)
   the space 6456696K,  99% used [0x00007fd95db50000, 0x00007fdae7610ae0, 0x00007fdae7610c00, 0x00007fdae7cae000)
 Metaspace       used 24227K, capacity 24583K, committed 24832K, reserved 26624K
}
Event: 9459.475 GC heap before
{Heap before GC invocations=16312 (full 4):
 def new generation   total 2905600K, used 2596940K [0x00007fd408600000, 0x00007fd4cd6c0000, 0x00007fd95db50000)
  eden space 2582784K, 100% used [0x00007fd408600000, 0x00007fd4a6040000, 0x00007fd4a6040000)
  from space 322816K,   4% used [0x00007fd4a6040000, 0x00007fd4a6e133c0, 0x00007fd4b9b80000)
  to   space 322816K,   0% used [0x00007fd4b9b80000, 0x00007fd4b9b80000, 0x00007fd4cd6c0000)
 tenured generation   total 6456696K, used 6449922K [0x00007fd95db50000, 0x00007fdae7cae000, 0x00007fe408600000)
   the space 6456696K,  99% used [0x00007fd95db50000, 0x00007fdae7610ae0, 0x00007fdae7610c00, 0x00007fdae7cae000)
 Metaspace       used 24227K, capacity 24583K, committed 24832K, reserved 26624K
}
Event: 9459.487 GC heap after
{Heap after GC invocations=16313 (full 4):
 def new generation   total 2905600K, used 14137K [0x00007fd408600000, 0x00007fd4cd6c0000, 0x00007fd95db50000)
  eden space 2582784K,   0% used [0x00007fd408600000, 0x00007fd408600000, 0x00007fd4a6040000)
  from space 322816K,   4% used [0x00007fd4b9b80000, 0x00007fd4ba94e4e8, 0x00007fd4cd6c0000)
  to   space 322816K,   0% used [0x00007fd4a6040000, 0x00007fd4a6040000, 0x00007fd4b9b80000)
 tenured generation   total 6456696K, used 6450992K [0x00007fd95db50000, 0x00007fdae7cae000, 0x00007fe408600000)
   the space 6456696K,  99% used [0x00007fd95db50000, 0x00007fdae771c1d0, 0x00007fdae771c200, 0x00007fdae7cae000)
 Metaspace       used 24227K, capacity 24583K, committed 24832K, reserved 26624K
}
Event: 9460.749 GC heap before
{Heap before GC invocations=16313 (full 4):
 def new generation   total 2905600K, used 2596921K [0x00007fd408600000, 0x00007fd4cd6c0000, 0x00007fd95db50000)
  eden space 2582784K, 100% used [0x00007fd408600000, 0x00007fd4a6040000, 0x00007fd4a6040000)
  from space 322816K,   4% used [0x00007fd4b9b80000, 0x00007fd4ba94e4e8, 0x00007fd4cd6c0000)
  to   space 322816K,   0% used [0x00007fd4a6040000, 0x00007fd4a6040000, 0x00007fd4b9b80000)
 tenured generation   total 6456696K, used 6450992K [0x00007fd95db50000, 0x00007fdae7cae000, 0x00007fe408600000)
   the space 6456696K,  99% used [0x00007fd95db50000, 0x00007fdae771c1d0, 0x00007fdae771c200, 0x00007fdae7cae000)
 Metaspace       used 24227K, capacity 24583K, committed 24832K, reserved 26624K
}
Event: 9460.763 GC heap after
{Heap after GC invocations=16314 (full 4):
 def new generation   total 2905600K, used 13929K [0x00007fd408600000, 0x00007fd4cd6c0000, 0x00007fd95db50000)
  eden space 2582784K,   0% used [0x00007fd408600000, 0x00007fd408600000, 0x00007fd4a6040000)
  from space 322816K,   4% used [0x00007fd4a6040000, 0x00007fd4a6dda420, 0x00007fd4b9b80000)
  to   space 322816K,   0% used [0x00007fd4b9b80000, 0x00007fd4b9b80000, 0x00007fd4cd6c0000)
 tenured generation   total 6456696K, used 6452304K [0x00007fd95db50000, 0x00007fdae7cae000, 0x00007fe408600000)
   the space 6456696K,  99% used [0x00007fd95db50000, 0x00007fdae78643a0, 0x00007fdae7864400, 0x00007fdae7cae000)
 Metaspace       used 24227K, capacity 24583K, committed 24832K, reserved 26624K
}
Event: 9462.055 GC heap before
{Heap before GC invocations=16314 (full 4):
 def new generation   total 2905600K, used 2596713K [0x00007fd408600000, 0x00007fd4cd6c0000, 0x00007fd95db50000)
  eden space 2582784K, 100% used [0x00007fd408600000, 0x00007fd4a6040000, 0x00007fd4a6040000)
  from space 322816K,   4% used [0x00007fd4a6040000, 0x00007fd4a6dda420, 0x00007fd4b9b80000)
  to   space 322816K,   0% used [0x00007fd4b9b80000, 0x00007fd4b9b80000, 0x00007fd4cd6c0000)
 tenured generation   total 6456696K, used 6452304K [0x00007fd95db50000, 0x00007fdae7cae000, 0x00007fe408600000)
   the space 6456696K,  99% used [0x00007fd95db50000, 0x00007fdae78643a0, 0x00007fdae7864400, 0x00007fdae7cae000)
 Metaspace       used 24227K, capacity 24583K, committed 24832K, reserved 26624K
}
Event: 9462.068 GC heap after
{Heap after GC invocations=16315 (full 4):
 def new generation   total 2905600K, used 14379K [0x00007fd408600000, 0x00007fd4cd6c0000, 0x00007fd95db50000)
  eden space 2582784K,   0% used [0x00007fd408600000, 0x00007fd408600000, 0x00007fd4a6040000)
  from space 322816K,   4% used [0x00007fd4b9b80000, 0x00007fd4ba98ac60, 0x00007fd4cd6c0000)
  to   space 322816K,   0% used [0x00007fd4a6040000, 0x00007fd4a6040000, 0x00007fd4b9b80000)
 tenured generation   total 6456696K, used 6453204K [0x00007fd95db50000, 0x00007fdae7cae000, 0x00007fe408600000)
   the space 6456696K,  99% used [0x00007fd95db50000, 0x00007fdae79450b8, 0x00007fdae7945200, 0x00007fdae7cae000)
 Metaspace       used 24227K, capacity 24583K, committed 24832K, reserved 26624K
}
Event: 9463.288 GC heap before
{Heap before GC invocations=16315 (full 4):
 def new generation   total 2905600K, used 2597163K [0x00007fd408600000, 0x00007fd4cd6c0000, 0x00007fd95db50000)
  eden space 2582784K, 100% used [0x00007fd408600000, 0x00007fd4a6040000, 0x00007fd4a6040000)
  from space 322816K,   4% used [0x00007fd4b9b80000, 0x00007fd4ba98ac60, 0x00007fd4cd6c0000)
  to   space 322816K,   0% used [0x00007fd4a6040000, 0x00007fd4a6040000, 0x00007fd4b9b80000)
 tenured generation   total 6456696K, used 6453204K [0x00007fd95db50000, 0x00007fdae7cae000, 0x00007fe408600000)
   the space 6456696K,  99% used [0x00007fd95db50000, 0x00007fdae79450b8, 0x00007fdae7945200, 0x00007fdae7cae000)
 Metaspace       used 24227K, capacity 24583K, committed 24832K, reserved 26624K
}
Event: 9463.299 GC heap after
{Heap after GC invocations=16316 (full 4):
 def new generation   total 2905600K, used 14764K [0x00007fd408600000, 0x00007fd4cd6c0000, 0x00007fd95db50000)
  eden space 2582784K,   0% used [0x00007fd408600000, 0x00007fd408600000, 0x00007fd4a6040000)
  from space 322816K,   4% used [0x00007fd4a6040000, 0x00007fd4a6eab180, 0x00007fd4b9b80000)
  to   space 322816K,   0% used [0x00007fd4b9b80000, 0x00007fd4b9b80000, 0x00007fd4cd6c0000)
 tenured generation   total 6456696K, used 6453631K [0x00007fd95db50000, 0x00007fdae7cae000, 0x00007fe408600000)
   the space 6456696K,  99% used [0x00007fd95db50000, 0x00007fdae79afda8, 0x00007fdae79afe00, 0x00007fdae7cae000)
 Metaspace       used 24227K, capacity 24583K, committed 24832K, reserved 26624K
}
Event: 9464.596 GC heap before
{Heap before GC invocations=16316 (full 4):
 def new generation   total 2905600K, used 2597548K [0x00007fd408600000, 0x00007fd4cd6c0000, 0x00007fd95db50000)
  eden space 2582784K, 100% used [0x00007fd408600000, 0x00007fd4a6040000, 0x00007fd4a6040000)
  from space 322816K,   4% used [0x00007fd4a6040000, 0x00007fd4a6eab180, 0x00007fd4b9b80000)
  to   space 322816K,   0% used [0x00007fd4b9b80000, 0x00007fd4b9b80000, 0x00007fd4cd6c0000)
 tenured generation   total 6456696K, used 6453631K [0x00007fd95db50000, 0x00007fdae7cae000, 0x00007fe408600000)
   the space 6456696K,  99% used [0x00007fd95db50000, 0x00007fdae79afda8, 0x00007fdae79afe00, 0x00007fdae7cae000)
 Metaspace       used 24227K, capacity 24583K, committed 24832K, reserved 26624K
}
Event: 9464.608 GC heap after
{Heap after GC invocations=16317 (full 4):
 def new generation   total 2905600K, used 14663K [0x00007fd408600000, 0x00007fd4cd6c0000, 0x00007fd95db50000)
  eden space 2582784K,   0% used [0x00007fd408600000, 0x00007fd408600000, 0x00007fd4a6040000)
  from space 322816K,   4% used [0x00007fd4b9b80000, 0x00007fd4ba9d1ff0, 0x00007fd4cd6c0000)
  to   space 322816K,   0% used [0x00007fd4a6040000, 0x00007fd4a6040000, 0x00007fd4b9b80000)
 tenured generation   total 6456696K, used 6454181K [0x00007fd95db50000, 0x00007fdae7cae000, 0x00007fe408600000)
   the space 6456696K,  99% used [0x00007fd95db50000, 0x00007fdae7a39788, 0x00007fdae7a39800, 0x00007fdae7cae000)
 Metaspace       used 24227K, capacity 24583K, committed 24832K, reserved 26624K
}
Event: 9465.894 GC heap before
{Heap before GC invocations=16317 (full 4):
 def new generation   total 2905600K, used 2597447K [0x00007fd408600000, 0x00007fd4cd6c0000, 0x00007fd95db50000)
  eden space 2582784K, 100% used [0x00007fd408600000, 0x00007fd4a6040000, 0x00007fd4a6040000)
  from space 322816K,   4% used [0x00007fd4b9b80000, 0x00007fd4ba9d1ff0, 0x00007fd4cd6c0000)
  to   space 322816K,   0% used [0x00007fd4a6040000, 0x00007fd4a6040000, 0x00007fd4b9b80000)
 tenured generation   total 6456696K, used 6454181K [0x00007fd95db50000, 0x00007fdae7cae000, 0x00007fe408600000)
   the space 6456696K,  99% used [0x00007fd95db50000, 0x00007fdae7a39788, 0x00007fdae7a39800, 0x00007fdae7cae000)
 Metaspace       used 24227K, capacity 24583K, committed 24832K, reserved 26624K
}
Event: 9465.905 GC heap after
{Heap after GC invocations=16318 (full 4):
 def new generation   total 2905600K, used 14603K [0x00007fd408600000, 0x00007fd4cd6c0000, 0x00007fd95db50000)
  eden space 2582784K,   0% used [0x00007fd408600000, 0x00007fd408600000, 0x00007fd4a6040000)
  from space 322816K,   4% used [0x00007fd4a6040000, 0x00007fd4a6e82e28, 0x00007fd4b9b80000)
  to   space 322816K,   0% used [0x00007fd4b9b80000, 0x00007fd4b9b80000, 0x00007fd4cd6c0000)
 tenured generation   total 6456696K, used 6454794K [0x00007fd95db50000, 0x00007fdae7cae000, 0x00007fe408600000)
   the space 6456696K,  99% used [0x00007fd95db50000, 0x00007fdae7ad28b8, 0x00007fdae7ad2a00, 0x00007fdae7cae000)
 Metaspace       used 24227K, capacity 24583K, committed 24832K, reserved 26624K
}
Event: 9467.218 GC heap before
{Heap before GC invocations=16318 (full 4):
 def new generation   total 2905600K, used 2597387K [0x00007fd408600000, 0x00007fd4cd6c0000, 0x00007fd95db50000)
  eden space 2582784K, 100% used [0x00007fd408600000, 0x00007fd4a6040000, 0x00007fd4a6040000)
  from space 322816K,   4% used [0x00007fd4a6040000, 0x00007fd4a6e82e28, 0x00007fd4b9b80000)
  to   space 322816K,   0% used [0x00007fd4b9b80000, 0x00007fd4b9b80000, 0x00007fd4cd6c0000)
 tenured generation   total 6456696K, used 6454794K [0x00007fd95db50000, 0x00007fdae7cae000, 0x00007fe408600000)
   the space 6456696K,  99% used [0x00007fd95db50000, 0x00007fdae7ad28b8, 0x00007fdae7ad2a00, 0x00007fdae7cae000)
 Metaspace       used 24227K, capacity 24583K, committed 24832K, reserved 26624K
}
Event: 9467.230 GC heap after
{Heap after GC invocations=16319 (full 4):
 def new generation   total 2905600K, used 14412K [0x00007fd408600000, 0x00007fd4cd6c0000, 0x00007fd95db50000)
  eden space 2582784K,   0% used [0x00007fd408600000, 0x00007fd408600000, 0x00007fd4a6040000)
  from space 322816K,   4% used [0x00007fd4b9b80000, 0x00007fd4ba9933f0, 0x00007fd4cd6c0000)
  to   space 322816K,   0% used [0x00007fd4a6040000, 0x00007fd4a6040000, 0x00007fd4b9b80000)
 tenured generation   total 6456696K, used 6455530K [0x00007fd95db50000, 0x00007fdae7cae000, 0x00007fe408600000)
   the space 6456696K,  99% used [0x00007fd95db50000, 0x00007fdae7b8a918, 0x00007fdae7b8aa00, 0x00007fdae7cae000)
 Metaspace       used 24227K, capacity 24583K, committed 24832K, reserved 26624K
}
Event: 9468.541 GC heap before
{Heap before GC invocations=16319 (full 4):
 def new generation   total 2905600K, used 2597196K [0x00007fd408600000, 0x00007fd4cd6c0000, 0x00007fd95db50000)
  eden space 2582784K, 100% used [0x00007fd408600000, 0x00007fd4a6040000, 0x00007fd4a6040000)
  from space 322816K,   4% used [0x00007fd4b9b80000, 0x00007fd4ba9933f0, 0x00007fd4cd6c0000)
  to   space 322816K,   0% used [0x00007fd4a6040000, 0x00007fd4a6040000, 0x00007fd4b9b80000)
 tenured generation   total 6456696K, used 6455530K [0x00007fd95db50000, 0x00007fdae7cae000, 0x00007fe408600000)
   the space 6456696K,  99% used [0x00007fd95db50000, 0x00007fdae7b8a918, 0x00007fdae7b8aa00, 0x00007fdae7cae000)
 Metaspace       used 24227K, capacity 24583K, committed 24832K, reserved 26624K
}
Event: 9468.550 GC heap after
{Heap after GC invocations=16320 (full 4):
 def new generation   total 2905600K, used 14215K [0x00007fd408600000, 0x00007fd4cd6c0000, 0x00007fd95db50000)
  eden space 2582784K,   0% used [0x00007fd408600000, 0x00007fd408600000, 0x00007fd4a6040000)
  from space 322816K,   4% used [0x00007fd4a6040000, 0x00007fd4a6e21d88, 0x00007fd4b9b80000)
  to   space 322816K,   0% used [0x00007fd4b9b80000, 0x00007fd4b9b80000, 0x00007fd4cd6c0000)
 tenured generation   total 6456696K, used 6456287K [0x00007fd95db50000, 0x00007fdae7cae000, 0x00007fe408600000)
   the space 6456696K,  99% used [0x00007fd95db50000, 0x00007fdae7c47c78, 0x00007fdae7c47e00, 0x00007fdae7cae000)
 Metaspace       used 24227K, capacity 24583K, committed 24832K, reserved 26624K
}
Event: 9469.895 GC heap before
{Heap before GC invocations=16320 (full 4):
 def new generation   total 2905600K, used 2596999K [0x00007fd408600000, 0x00007fd4cd6c0000, 0x00007fd95db50000)
  eden space 2582784K, 100% used [0x00007fd408600000, 0x00007fd4a6040000, 0x00007fd4a6040000)
  from space 322816K,   4% used [0x00007fd4a6040000, 0x00007fd4a6e21d88, 0x00007fd4b9b80000)
  to   space 322816K,   0% used [0x00007fd4b9b80000, 0x00007fd4b9b80000, 0x00007fd4cd6c0000)
 tenured generation   total 6456696K, used 6456287K [0x00007fd95db50000, 0x00007fdae7cae000, 0x00007fe408600000)
   the space 6456696K,  99% used [0x00007fd95db50000, 0x00007fdae7c47c78, 0x00007fdae7c47e00, 0x00007fdae7cae000)
 Metaspace       used 24227K, capacity 24583K, committed 24832K, reserved 26624K
}
Event: 9469.907 GC heap after
{Heap after GC invocations=16321 (full 4):
 def new generation   total 2905600K, used 13649K [0x00007fd408600000, 0x00007fd4cd6c0000, 0x00007fd95db50000)
  eden space 2582784K,   0% used [0x00007fd408600000, 0x00007fd408600000, 0x00007fd4a6040000)
  from space 322816K,   4% used [0x00007fd4b9b80000, 0x00007fd4ba8d4750, 0x00007fd4cd6c0000)
  to   space 322816K,   0% used [0x00007fd4a6040000, 0x00007fd4a6040000, 0x00007fd4b9b80000)
 tenured generation   total 6457464K, used 6457394K [0x00007fd95db50000, 0x00007fdae7d6e000, 0x00007fe408600000)
   the space 6457464K,  99% used [0x00007fd95db50000, 0x00007fdae7d5c948, 0x00007fdae7d5ca00, 0x00007fdae7d6e000)
 Metaspace       used 24227K, capacity 24583K, committed 24832K, reserved 26624K
}
Event: 9469.907 GC heap before
{Heap before GC invocations=16321 (full 4):
 def new generation   total 2905600K, used 13649K [0x00007fd408600000, 0x00007fd4cd6c0000, 0x00007fd95db50000)
  eden space 2582784K,   0% used [0x00007fd408600000, 0x00007fd408600000, 0x00007fd4a6040000)
  from space 322816K,   4% used [0x00007fd4b9b80000, 0x00007fd4ba8d4750, 0x00007fd4cd6c0000)
  to   space 322816K,   0% used [0x00007fd4a6040000, 0x00007fd4a6040000, 0x00007fd4b9b80000)
 tenured generation   total 6457464K, used 6457394K [0x00007fd95db50000, 0x00007fdae7d6e000, 0x00007fe408600000)
   the space 6457464K,  99% used [0x00007fd95db50000, 0x00007fdae7d5c948, 0x00007fdae7d5ca00, 0x00007fdae7d6e000)
 Metaspace       used 24227K, capacity 24583K, committed 24832K, reserved 26624K
}

