# JRE version: OpenJDK Runtime Environment (13.0.7+5) (build 13.0.7+5-Ubuntu-0ubuntu120.04)
# Java VM: OpenJDK 64-Bit Server VM (13.0.7+5-Ubuntu-0ubuntu120.04, mixed mode, tiered, serial gc, linux-amd64)
Heap:
 def new generation   total 16078976K, used 0K [0x00007f9194600000, 0x00007f95d6cc0000, 0x00007f96e9b50000)
  eden space 14292480K,   0% used [0x00007f9194600000, 0x00007f9194600000, 0x00007f94fcb80000)
  from space 1786496K,   0% used [0x00007f94fcb80000, 0x00007f94fcb80000, 0x00007f9569c20000)
  to   space 1786496K,   0% used [0x00007f9569c20000, 0x00007f9569c20000, 0x00007f95d6cc0000)
 tenured generation   total 36879364K, used 34676118K [0x00007f96e9b50000, 0x00007f9fb4a51000, 0x00007fa194600000)
   the space 36879364K,  94% used [0x00007f96e9b50000, 0x00007f9f2e2b5a80, 0x00007f9f2e2b5c00, 0x00007f9fb4a51000)
 Metaspace       used 30639K, capacity 31027K, committed 31232K, reserved 32768K
GC Heap History (20 events):
Event: 1199.576 GC heap after
{Heap after GC invocations=101 (full 11):
 def new generation   total 9961856K, used 765294K [0x00007f9194600000, 0x00007f9437f40000, 0x00007f96e9b50000)
  eden space 8855040K,   0% used [0x00007f9194600000, 0x00007f9194600000, 0x00007f93b0d80000)
  from space 1106816K,  69% used [0x00007f93f4660000, 0x00007f94231bbaf0, 0x00007f9437f40000)
  to   space 1106816K,   0% used [0x00007f93b0d80000, 0x00007f93b0d80000, 0x00007f93f4660000)
 tenured generation   total 22137276K, used 21179619K [0x00007f96e9b50000, 0x00007f9c30dbf000, 0x00007fa194600000)
   the space 22137276K,  95% used [0x00007f96e9b50000, 0x00007f9bf6688d80, 0x00007f9bf6688e00, 0x00007f9c30dbf000)
 Metaspace       used 30639K, capacity 31027K, committed 31232K, reserved 32768K
}
Event: 1202.695 GC heap before
{Heap before GC invocations=101 (full 11):
 def new generation   total 9961856K, used 9620334K [0x00007f9194600000, 0x00007f9437f40000, 0x00007f96e9b50000)
  eden space 8855040K, 100% used [0x00007f9194600000, 0x00007f93b0d80000, 0x00007f93b0d80000)
  from space 1106816K,  69% used [0x00007f93f4660000, 0x00007f94231bbaf0, 0x00007f9437f40000)
  to   space 1106816K,   0% used [0x00007f93b0d80000, 0x00007f93b0d80000, 0x00007f93f4660000)
 tenured generation   total 22137276K, used 21179619K [0x00007f96e9b50000, 0x00007f9c30dbf000, 0x00007fa194600000)
   the space 22137276K,  95% used [0x00007f96e9b50000, 0x00007f9bf6688d80, 0x00007f9bf6688e00, 0x00007f9c30dbf000)
 Metaspace       used 30639K, capacity 31027K, committed 31232K, reserved 32768K
}
Event: 1204.846 GC heap after
{Heap after GC invocations=102 (full 11):
 def new generation   total 9961856K, used 778710K [0x00007f9194600000, 0x00007f9437f40000, 0x00007f96e9b50000)
  eden space 8855040K,   0% used [0x00007f9194600000, 0x00007f9194600000, 0x00007f93b0d80000)
  from space 1106816K,  70% used [0x00007f93b0d80000, 0x00007f93e05f58f8, 0x00007f93f4660000)
  to   space 1106816K,   0% used [0x00007f93f4660000, 0x00007f93f4660000, 0x00007f9437f40000)
 tenured generation   total 22137276K, used 21944913K [0x00007f96e9b50000, 0x00007f9c30dbf000, 0x00007fa194600000)
   the space 22137276K,  99% used [0x00007f96e9b50000, 0x00007f9c251e47b0, 0x00007f9c251e4800, 0x00007f9c30dbf000)
 Metaspace       used 30639K, capacity 31027K, committed 31232K, reserved 32768K
}
Event: 1207.408 GC heap before
{Heap before GC invocations=102 (full 11):
 def new generation   total 9961856K, used 9633750K [0x00007f9194600000, 0x00007f9437f40000, 0x00007f96e9b50000)
  eden space 8855040K, 100% used [0x00007f9194600000, 0x00007f93b0d80000, 0x00007f93b0d80000)
  from space 1106816K,  70% used [0x00007f93b0d80000, 0x00007f93e05f58f8, 0x00007f93f4660000)
  to   space 1106816K,   0% used [0x00007f93f4660000, 0x00007f93f4660000, 0x00007f9437f40000)
 tenured generation   total 22137276K, used 21944913K [0x00007f96e9b50000, 0x00007f9c30dbf000, 0x00007fa194600000)
   the space 22137276K,  99% used [0x00007f96e9b50000, 0x00007f9c251e47b0, 0x00007f9c251e4800, 0x00007f9c30dbf000)
 Metaspace       used 30639K, capacity 31027K, committed 31232K, reserved 32768K
}
Event: 1209.548 GC heap after
{Heap after GC invocations=103 (full 11):
 def new generation   total 9961856K, used 793077K [0x00007f9194600000, 0x00007f9437f40000, 0x00007f96e9b50000)
  eden space 8855040K,   0% used [0x00007f9194600000, 0x00007f9194600000, 0x00007f93b0d80000)
  from space 1106816K,  71% used [0x00007f93f4660000, 0x00007f9424cdd648, 0x00007f9437f40000)
  to   space 1106816K,   0% used [0x00007f93b0d80000, 0x00007f93b0d80000, 0x00007f93f4660000)
 tenured generation   total 22723644K, used 22723623K [0x00007f96e9b50000, 0x00007f9c54a5f000, 0x00007fa194600000)
   the space 22723644K,  99% used [0x00007f96e9b50000, 0x00007f9c54a59fc8, 0x00007f9c54a5a000, 0x00007f9c54a5f000)
 Metaspace       used 30639K, capacity 31027K, committed 31232K, reserved 32768K
}
Event: 1209.548 GC heap before
{Heap before GC invocations=103 (full 11):
 def new generation   total 9961856K, used 793077K [0x00007f9194600000, 0x00007f9437f40000, 0x00007f96e9b50000)
  eden space 8855040K,   0% used [0x00007f9194600000, 0x00007f9194600000, 0x00007f93b0d80000)
  from space 1106816K,  71% used [0x00007f93f4660000, 0x00007f9424cdd648, 0x00007f9437f40000)
  to   space 1106816K,   0% used [0x00007f93b0d80000, 0x00007f93b0d80000, 0x00007f93f4660000)
 tenured generation   total 22723644K, used 22723623K [0x00007f96e9b50000, 0x00007f9c54a5f000, 0x00007fa194600000)
   the space 22723644K,  99% used [0x00007f96e9b50000, 0x00007f9c54a59fc8, 0x00007f9c54a5a000, 0x00007f9c54a5f000)
 Metaspace       used 30639K, capacity 31027K, committed 31232K, reserved 32768K
}
Event: 1239.712 GC heap after
{Heap after GC invocations=103 (full 12):
 def new generation   total 16078976K, used 0K [0x00007f9194600000, 0x00007f95d6cc0000, 0x00007f96e9b50000)
  eden space 14292480K,   0% used [0x00007f9194600000, 0x00007f9194600000, 0x00007f94fcb80000)
  from space 1786496K,   0% used [0x00007f94fcb80000, 0x00007f94fcb80000, 0x00007f9569c20000)
  to   space 1786496K,   0% used [0x00007f9569c20000, 0x00007f9569c20000, 0x00007f95d6cc0000)
 tenured generation   total 35730820K, used 21438491K [0x00007f96e9b50000, 0x00007f9f6e8b1000, 0x00007fa194600000)
   the space 35730820K,  59% used [0x00007f96e9b50000, 0x00007f9c06356c88, 0x00007f9c06356e00, 0x00007f9f6e8b1000)
 Metaspace       used 30639K, capacity 31027K, committed 31232K, reserved 32768K
}
Event: 1244.884 GC heap before
{Heap before GC invocations=103 (full 12):
 def new generation   total 16078976K, used 14292480K [0x00007f9194600000, 0x00007f95d6cc0000, 0x00007f96e9b50000)
  eden space 14292480K, 100% used [0x00007f9194600000, 0x00007f94fcb80000, 0x00007f94fcb80000)
  from space 1786496K,   0% used [0x00007f94fcb80000, 0x00007f94fcb80000, 0x00007f9569c20000)
  to   space 1786496K,   0% used [0x00007f9569c20000, 0x00007f9569c20000, 0x00007f95d6cc0000)
 tenured generation   total 35730820K, used 21438491K [0x00007f96e9b50000, 0x00007f9f6e8b1000, 0x00007fa194600000)
   the space 35730820K,  59% used [0x00007f96e9b50000, 0x00007f9c06356c88, 0x00007f9c06356e00, 0x00007f9f6e8b1000)
 Metaspace       used 30639K, capacity 31027K, committed 31232K, reserved 32768K
}
Event: 1247.737 GC heap after
{Heap after GC invocations=104 (full 12):
 def new generation   total 16078976K, used 1261040K [0x00007f9194600000, 0x00007f95d6cc0000, 0x00007f96e9b50000)
  eden space 14292480K,   0% used [0x00007f9194600000, 0x00007f9194600000, 0x00007f94fcb80000)
  from space 1786496K,  70% used [0x00007f9569c20000, 0x00007f95b6b9c390, 0x00007f95d6cc0000)
  to   space 1786496K,   0% used [0x00007f94fcb80000, 0x00007f94fcb80000, 0x00007f9569c20000)
 tenured generation   total 35730820K, used 21438491K [0x00007f96e9b50000, 0x00007f9f6e8b1000, 0x00007fa194600000)
   the space 35730820K,  59% used [0x00007f96e9b50000, 0x00007f9c06356c88, 0x00007f9c06356e00, 0x00007f9f6e8b1000)
 Metaspace       used 30639K, capacity 31027K, committed 31232K, reserved 32768K
}
Event: 1251.894 GC heap before
{Heap before GC invocations=104 (full 12):
 def new generation   total 16078976K, used 15553520K [0x00007f9194600000, 0x00007f95d6cc0000, 0x00007f96e9b50000)
  eden space 14292480K, 100% used [0x00007f9194600000, 0x00007f94fcb80000, 0x00007f94fcb80000)
  from space 1786496K,  70% used [0x00007f9569c20000, 0x00007f95b6b9c390, 0x00007f95d6cc0000)
  to   space 1786496K,   0% used [0x00007f94fcb80000, 0x00007f94fcb80000, 0x00007f9569c20000)
 tenured generation   total 35730820K, used 21438491K [0x00007f96e9b50000, 0x00007f9f6e8b1000, 0x00007fa194600000)
   the space 35730820K,  59% used [0x00007f96e9b50000, 0x00007f9c06356c88, 0x00007f9c06356e00, 0x00007f9f6e8b1000)
 Metaspace       used 30639K, capacity 31027K, committed 31232K, reserved 32768K
}
Event: 1255.744 GC heap after
{Heap after GC invocations=105 (full 12):
 def new generation   total 16078976K, used 1289199K [0x00007f9194600000, 0x00007f95d6cc0000, 0x00007f96e9b50000)
  eden space 14292480K,   0% used [0x00007f9194600000, 0x00007f9194600000, 0x00007f94fcb80000)
  from space 1786496K,  72% used [0x00007f94fcb80000, 0x00007f954b67bca0, 0x00007f9569c20000)
  to   space 1786496K,   0% used [0x00007f9569c20000, 0x00007f9569c20000, 0x00007f95d6cc0000)
 tenured generation   total 35730820K, used 22699531K [0x00007f96e9b50000, 0x00007f9f6e8b1000, 0x00007fa194600000)
   the space 35730820K,  63% used [0x00007f96e9b50000, 0x00007f9c532d2f58, 0x00007f9c532d3000, 0x00007f9f6e8b1000)
 Metaspace       used 30639K, capacity 31027K, committed 31232K, reserved 32768K
}
Event: 1260.035 GC heap before
{Heap before GC invocations=105 (full 12):
 def new generation   total 16078976K, used 15581679K [0x00007f9194600000, 0x00007f95d6cc0000, 0x00007f96e9b50000)
  eden space 14292480K, 100% used [0x00007f9194600000, 0x00007f94fcb80000, 0x00007f94fcb80000)
  from space 1786496K,  72% used [0x00007f94fcb80000, 0x00007f954b67bca0, 0x00007f9569c20000)
  to   space 1786496K,   0% used [0x00007f9569c20000, 0x00007f9569c20000, 0x00007f95d6cc0000)
 tenured generation   total 35730820K, used 22699531K [0x00007f96e9b50000, 0x00007f9f6e8b1000, 0x00007fa194600000)
   the space 35730820K,  63% used [0x00007f96e9b50000, 0x00007f9c532d2f58, 0x00007f9c532d3000, 0x00007f9f6e8b1000)
 Metaspace       used 30639K, capacity 31027K, committed 31232K, reserved 32768K
}
Event: 1263.803 GC heap after
{Heap after GC invocations=106 (full 12):
 def new generation   total 16078976K, used 1271484K [0x00007f9194600000, 0x00007f95d6cc0000, 0x00007f96e9b50000)
  eden space 14292480K,   0% used [0x00007f9194600000, 0x00007f9194600000, 0x00007f94fcb80000)
  from space 1786496K,  71% used [0x00007f9569c20000, 0x00007f95b75cf2a0, 0x00007f95d6cc0000)
  to   space 1786496K,   0% used [0x00007f94fcb80000, 0x00007f94fcb80000, 0x00007f9569c20000)
 tenured generation   total 35730820K, used 23988730K [0x00007f96e9b50000, 0x00007f9f6e8b1000, 0x00007fa194600000)
   the space 35730820K,  67% used [0x00007f96e9b50000, 0x00007f9ca1dcea08, 0x00007f9ca1dcec00, 0x00007f9f6e8b1000)
 Metaspace       used 30639K, capacity 31027K, committed 31232K, reserved 32768K
}
Event: 1267.914 GC heap before
{Heap before GC invocations=106 (full 12):
 def new generation   total 16078976K, used 15563964K [0x00007f9194600000, 0x00007f95d6cc0000, 0x00007f96e9b50000)
  eden space 14292480K, 100% used [0x00007f9194600000, 0x00007f94fcb80000, 0x00007f94fcb80000)
  from space 1786496K,  71% used [0x00007f9569c20000, 0x00007f95b75cf2a0, 0x00007f95d6cc0000)
  to   space 1786496K,   0% used [0x00007f94fcb80000, 0x00007f94fcb80000, 0x00007f9569c20000)
 tenured generation   total 35730820K, used 23988730K [0x00007f96e9b50000, 0x00007f9f6e8b1000, 0x00007fa194600000)
   the space 35730820K,  67% used [0x00007f96e9b50000, 0x00007f9ca1dcea08, 0x00007f9ca1dcec00, 0x00007f9f6e8b1000)
 Metaspace       used 30639K, capacity 31027K, committed 31232K, reserved 32768K
}
Event: 1271.594 GC heap after
{Heap after GC invocations=107 (full 12):
 def new generation   total 16078976K, used 1290989K [0x00007f9194600000, 0x00007f95d6cc0000, 0x00007f96e9b50000)
  eden space 14292480K,   0% used [0x00007f9194600000, 0x00007f9194600000, 0x00007f94fcb80000)
  from space 1786496K,  72% used [0x00007f94fcb80000, 0x00007f954b83b780, 0x00007f9569c20000)
  to   space 1786496K,   0% used [0x00007f9569c20000, 0x00007f9569c20000, 0x00007f95d6cc0000)
 tenured generation   total 35730820K, used 25260214K [0x00007f96e9b50000, 0x00007f9f6e8b1000, 0x00007fa194600000)
   the space 35730820K,  70% used [0x00007f96e9b50000, 0x00007f9cef77dab8, 0x00007f9cef77dc00, 0x00007f9f6e8b1000)
 Metaspace       used 30639K, capacity 31027K, committed 31232K, reserved 32768K
}
Event: 1275.422 GC heap before
{Heap before GC invocations=107 (full 12):
 def new generation   total 16078976K, used 15583469K [0x00007f9194600000, 0x00007f95d6cc0000, 0x00007f96e9b50000)
  eden space 14292480K, 100% used [0x00007f9194600000, 0x00007f94fcb80000, 0x00007f94fcb80000)
  from space 1786496K,  72% used [0x00007f94fcb80000, 0x00007f954b83b780, 0x00007f9569c20000)
  to   space 1786496K,   0% used [0x00007f9569c20000, 0x00007f9569c20000, 0x00007f95d6cc0000)
 tenured generation   total 35730820K, used 25260214K [0x00007f96e9b50000, 0x00007f9f6e8b1000, 0x00007fa194600000)
   the space 35730820K,  70% used [0x00007f96e9b50000, 0x00007f9cef77dab8, 0x00007f9cef77dc00, 0x00007f9f6e8b1000)
 Metaspace       used 30639K, capacity 31027K, committed 31232K, reserved 32768K
}
Event: 1279.065 GC heap after
{Heap after GC invocations=108 (full 12):
 def new generation   total 16078976K, used 1266793K [0x00007f9194600000, 0x00007f95d6cc0000, 0x00007f96e9b50000)
  eden space 14292480K,   0% used [0x00007f9194600000, 0x00007f9194600000, 0x00007f94fcb80000)
  from space 1786496K,  70% used [0x00007f9569c20000, 0x00007f95b713a400, 0x00007f95d6cc0000)
  to   space 1786496K,   0% used [0x00007f94fcb80000, 0x00007f94fcb80000, 0x00007f9569c20000)
 tenured generation   total 35730820K, used 26551204K [0x00007f96e9b50000, 0x00007f9f6e8b1000, 0x00007fa194600000)
   the space 35730820K,  74% used [0x00007f96e9b50000, 0x00007f9d3e439078, 0x00007f9d3e439200, 0x00007f9f6e8b1000)
 Metaspace       used 30639K, capacity 31027K, committed 31232K, reserved 32768K
}
Event: 1520.305 GC heap before
{Heap before GC invocations=108 (full 12):
 def new generation   total 16078976K, used 15559273K [0x00007f9194600000, 0x00007f95d6cc0000, 0x00007f96e9b50000)
  eden space 14292480K, 100% used [0x00007f9194600000, 0x00007f94fcb80000, 0x00007f94fcb80000)
  from space 1786496K,  70% used [0x00007f9569c20000, 0x00007f95b713a400, 0x00007f95d6cc0000)
  to   space 1786496K,   0% used [0x00007f94fcb80000, 0x00007f94fcb80000, 0x00007f9569c20000)
 tenured generation   total 35730820K, used 26551204K [0x00007f96e9b50000, 0x00007f9f6e8b1000, 0x00007fa194600000)
   the space 35730820K,  74% used [0x00007f96e9b50000, 0x00007f9d3e439078, 0x00007f9d3e439200, 0x00007f9f6e8b1000)
 Metaspace       used 30639K, capacity 31027K, committed 31232K, reserved 32768K
}
Event: 1542.562 GC heap after
{Heap after GC invocations=109 (full 12):
 def new generation   total 16078976K, used 1786495K [0x00007f9194600000, 0x00007f95d6cc0000, 0x00007f96e9b50000)
  eden space 14292480K,   0% used [0x00007f9194600000, 0x00007f9194600000, 0x00007f94fcb80000)
  from space 1786496K,  99% used [0x00007f94fcb80000, 0x00007f9569c1fff0, 0x00007f9569c20000)
  to   space 1786496K,   0% used [0x00007f9569c20000, 0x00007f9569c20000, 0x00007f95d6cc0000)
 tenured generation   total 36879364K, used 36879291K [0x00007f96e9b50000, 0x00007f9fb4a51000, 0x00007fa194600000)
   the space 36879364K,  99% used [0x00007f96e9b50000, 0x00007f9fb4a3edc8, 0x00007f9fb4a3ee00, 0x00007f9fb4a51000)
 Metaspace       used 30639K, capacity 31027K, committed 31232K, reserved 32768K
}
Event: 1542.562 GC heap before
{Heap before GC invocations=109 (full 12):
 def new generation   total 16078976K, used 1786495K [0x00007f9194600000, 0x00007f95d6cc0000, 0x00007f96e9b50000)
  eden space 14292480K,   0% used [0x00007f9194600000, 0x00007f9194600000, 0x00007f94fcb80000)
  from space 1786496K,  99% used [0x00007f94fcb80000, 0x00007f9569c1fff0, 0x00007f9569c20000)
  to   space 1786496K,   0% used [0x00007f9569c20000, 0x00007f9569c20000, 0x00007f95d6cc0000)
 tenured generation   total 36879364K, used 36879291K [0x00007f96e9b50000, 0x00007f9fb4a51000, 0x00007fa194600000)
   the space 36879364K,  99% used [0x00007f96e9b50000, 0x00007f9fb4a3edc8, 0x00007f9fb4a3ee00, 0x00007f9fb4a51000)
 Metaspace       used 30639K, capacity 31027K, committed 31232K, reserved 32768K
}

