# JRE version: OpenJDK Runtime Environment (13.0.7+5) (build 13.0.7+5-Ubuntu-0ubuntu120.04)
# Java VM: OpenJDK 64-Bit Server VM (13.0.7+5-Ubuntu-0ubuntu120.04, mixed mode, tiered, serial gc, linux-amd64)
Heap:
 def new generation   total 4196352K, used 0K [0x00007f5bc4600000, 0x00007f5ce0f50000, 0x00007f666f0a0000)
  eden space 3730112K,   0% used [0x00007f5bc4600000, 0x00007f5bc4600000, 0x00007f5ca80b0000)
  from space 466240K,   0% used [0x00007f5cc4800000, 0x00007f5cc4800000, 0x00007f5ce0f50000)
  to   space 466240K,   0% used [0x00007f5ca80b0000, 0x00007f5ca80b0000, 0x00007f5cc4800000)
 tenured generation   total 9325564K, used 9217925K [0x00007f666f0a0000, 0x00007f68a839f000, 0x00007f7bc4600000)
   the space 9325564K,  98% used [0x00007f666f0a0000, 0x00007f68a1a81630, 0x00007f68a1a81800, 0x00007f68a839f000)
 Metaspace       used 24288K, capacity 24647K, committed 24832K, reserved 26624K
GC Heap History (20 events):
Event: 4209.911 GC heap after
{Heap after GC invocations=2832 (full 7):
 def new generation   total 4196352K, used 135686K [0x00007f5bc4600000, 0x00007f5ce0f50000, 0x00007f666f0a0000)
  eden space 3730112K,   0% used [0x00007f5bc4600000, 0x00007f5bc4600000, 0x00007f5ca80b0000)
  from space 466240K,  29% used [0x00007f5ca80b0000, 0x00007f5cb0531910, 0x00007f5cc4800000)
  to   space 466240K,   0% used [0x00007f5cc4800000, 0x00007f5cc4800000, 0x00007f5ce0f50000)
 tenured generation   total 9325048K, used 9257322K [0x00007f666f0a0000, 0x00007f68a831e000, 0x00007f7bc4600000)
   the space 9325048K,  99% used [0x00007f666f0a0000, 0x00007f68a40fa860, 0x00007f68a40faa00, 0x00007f68a831e000)
 Metaspace       used 24288K, capacity 24647K, committed 24832K, reserved 26624K
}
Event: 4213.535 GC heap before
{Heap before GC invocations=2832 (full 7):
 def new generation   total 4196352K, used 3865798K [0x00007f5bc4600000, 0x00007f5ce0f50000, 0x00007f666f0a0000)
  eden space 3730112K, 100% used [0x00007f5bc4600000, 0x00007f5ca80b0000, 0x00007f5ca80b0000)
  from space 466240K,  29% used [0x00007f5ca80b0000, 0x00007f5cb0531910, 0x00007f5cc4800000)
  to   space 466240K,   0% used [0x00007f5cc4800000, 0x00007f5cc4800000, 0x00007f5ce0f50000)
 tenured generation   total 9325048K, used 9257322K [0x00007f666f0a0000, 0x00007f68a831e000, 0x00007f7bc4600000)
   the space 9325048K,  99% used [0x00007f666f0a0000, 0x00007f68a40fa860, 0x00007f68a40faa00, 0x00007f68a831e000)
 Metaspace       used 24288K, capacity 24647K, committed 24832K, reserved 26624K
}
Event: 4213.643 GC heap after
{Heap after GC invocations=2833 (full 7):
 def new generation   total 4196352K, used 144938K [0x00007f5bc4600000, 0x00007f5ce0f50000, 0x00007f666f0a0000)
  eden space 3730112K,   0% used [0x00007f5bc4600000, 0x00007f5bc4600000, 0x00007f5ca80b0000)
  from space 466240K,  31% used [0x00007f5cc4800000, 0x00007f5ccd58aac8, 0x00007f5ce0f50000)
  to   space 466240K,   0% used [0x00007f5ca80b0000, 0x00007f5ca80b0000, 0x00007f5cc4800000)
 tenured generation   total 9325048K, used 9257322K [0x00007f666f0a0000, 0x00007f68a831e000, 0x00007f7bc4600000)
   the space 9325048K,  99% used [0x00007f666f0a0000, 0x00007f68a40fa860, 0x00007f68a40faa00, 0x00007f68a831e000)
 Metaspace       used 24288K, capacity 24647K, committed 24832K, reserved 26624K
}
Event: 4216.735 GC heap before
{Heap before GC invocations=2833 (full 7):
 def new generation   total 4196352K, used 3875050K [0x00007f5bc4600000, 0x00007f5ce0f50000, 0x00007f666f0a0000)
  eden space 3730112K, 100% used [0x00007f5bc4600000, 0x00007f5ca80b0000, 0x00007f5ca80b0000)
  from space 466240K,  31% used [0x00007f5cc4800000, 0x00007f5ccd58aac8, 0x00007f5ce0f50000)
  to   space 466240K,   0% used [0x00007f5ca80b0000, 0x00007f5ca80b0000, 0x00007f5cc4800000)
 tenured generation   total 9325048K, used 9257322K [0x00007f666f0a0000, 0x00007f68a831e000, 0x00007f7bc4600000)
   the space 9325048K,  99% used [0x00007f666f0a0000, 0x00007f68a40fa860, 0x00007f68a40faa00, 0x00007f68a831e000)
 Metaspace       used 24288K, capacity 24647K, committed 24832K, reserved 26624K
}
Event: 4216.891 GC heap after
{Heap after GC invocations=2834 (full 7):
 def new generation   total 4196352K, used 135682K [0x00007f5bc4600000, 0x00007f5ce0f50000, 0x00007f666f0a0000)
  eden space 3730112K,   0% used [0x00007f5bc4600000, 0x00007f5bc4600000, 0x00007f5ca80b0000)
  from space 466240K,  29% used [0x00007f5ca80b0000, 0x00007f5cb0530b98, 0x00007f5cc4800000)
  to   space 466240K,   0% used [0x00007f5cc4800000, 0x00007f5cc4800000, 0x00007f5ce0f50000)
 tenured generation   total 9325048K, used 9274282K [0x00007f666f0a0000, 0x00007f68a831e000, 0x00007f7bc4600000)
   the space 9325048K,  99% used [0x00007f666f0a0000, 0x00007f68a518a858, 0x00007f68a518aa00, 0x00007f68a831e000)
 Metaspace       used 24288K, capacity 24647K, committed 24832K, reserved 26624K
}
Event: 4220.117 GC heap before
{Heap before GC invocations=2834 (full 7):
 def new generation   total 4196352K, used 3865794K [0x00007f5bc4600000, 0x00007f5ce0f50000, 0x00007f666f0a0000)
  eden space 3730112K, 100% used [0x00007f5bc4600000, 0x00007f5ca80b0000, 0x00007f5ca80b0000)
  from space 466240K,  29% used [0x00007f5ca80b0000, 0x00007f5cb0530b98, 0x00007f5cc4800000)
  to   space 466240K,   0% used [0x00007f5cc4800000, 0x00007f5cc4800000, 0x00007f5ce0f50000)
 tenured generation   total 9325048K, used 9274282K [0x00007f666f0a0000, 0x00007f68a831e000, 0x00007f7bc4600000)
   the space 9325048K,  99% used [0x00007f666f0a0000, 0x00007f68a518a858, 0x00007f68a518aa00, 0x00007f68a831e000)
 Metaspace       used 24288K, capacity 24647K, committed 24832K, reserved 26624K
}
Event: 4220.212 GC heap after
{Heap after GC invocations=2835 (full 7):
 def new generation   total 4196352K, used 149090K [0x00007f5bc4600000, 0x00007f5ce0f50000, 0x00007f666f0a0000)
  eden space 3730112K,   0% used [0x00007f5bc4600000, 0x00007f5bc4600000, 0x00007f5ca80b0000)
  from space 466240K,  31% used [0x00007f5cc4800000, 0x00007f5ccd9989f8, 0x00007f5ce0f50000)
  to   space 466240K,   0% used [0x00007f5ca80b0000, 0x00007f5ca80b0000, 0x00007f5cc4800000)
 tenured generation   total 9325048K, used 9274282K [0x00007f666f0a0000, 0x00007f68a831e000, 0x00007f7bc4600000)
   the space 9325048K,  99% used [0x00007f666f0a0000, 0x00007f68a518a858, 0x00007f68a518aa00, 0x00007f68a831e000)
 Metaspace       used 24288K, capacity 24647K, committed 24832K, reserved 26624K
}
Event: 4223.770 GC heap before
{Heap before GC invocations=2835 (full 7):
 def new generation   total 4196352K, used 3879202K [0x00007f5bc4600000, 0x00007f5ce0f50000, 0x00007f666f0a0000)
  eden space 3730112K, 100% used [0x00007f5bc4600000, 0x00007f5ca80b0000, 0x00007f5ca80b0000)
  from space 466240K,  31% used [0x00007f5cc4800000, 0x00007f5ccd9989f8, 0x00007f5ce0f50000)
  to   space 466240K,   0% used [0x00007f5ca80b0000, 0x00007f5ca80b0000, 0x00007f5cc4800000)
 tenured generation   total 9325048K, used 9274282K [0x00007f666f0a0000, 0x00007f68a831e000, 0x00007f7bc4600000)
   the space 9325048K,  99% used [0x00007f666f0a0000, 0x00007f68a518a858, 0x00007f68a518aa00, 0x00007f68a831e000)
 Metaspace       used 24288K, capacity 24647K, committed 24832K, reserved 26624K
}
Event: 4223.866 GC heap after
{Heap after GC invocations=2836 (full 7):
 def new generation   total 4196352K, used 152654K [0x00007f5bc4600000, 0x00007f5ce0f50000, 0x00007f666f0a0000)
  eden space 3730112K,   0% used [0x00007f5bc4600000, 0x00007f5bc4600000, 0x00007f5ca80b0000)
  from space 466240K,  32% used [0x00007f5ca80b0000, 0x00007f5cb15c3998, 0x00007f5cc4800000)
  to   space 466240K,   0% used [0x00007f5cc4800000, 0x00007f5cc4800000, 0x00007f5ce0f50000)
 tenured generation   total 9325048K, used 9274282K [0x00007f666f0a0000, 0x00007f68a831e000, 0x00007f7bc4600000)
   the space 9325048K,  99% used [0x00007f666f0a0000, 0x00007f68a518a858, 0x00007f68a518aa00, 0x00007f68a831e000)
 Metaspace       used 24288K, capacity 24647K, committed 24832K, reserved 26624K
}
Event: 4226.894 GC heap before
{Heap before GC invocations=2836 (full 7):
 def new generation   total 4196352K, used 3882766K [0x00007f5bc4600000, 0x00007f5ce0f50000, 0x00007f666f0a0000)
  eden space 3730112K, 100% used [0x00007f5bc4600000, 0x00007f5ca80b0000, 0x00007f5ca80b0000)
  from space 466240K,  32% used [0x00007f5ca80b0000, 0x00007f5cb15c3998, 0x00007f5cc4800000)
  to   space 466240K,   0% used [0x00007f5cc4800000, 0x00007f5cc4800000, 0x00007f5ce0f50000)
 tenured generation   total 9325048K, used 9274282K [0x00007f666f0a0000, 0x00007f68a831e000, 0x00007f7bc4600000)
   the space 9325048K,  99% used [0x00007f666f0a0000, 0x00007f68a518a858, 0x00007f68a518aa00, 0x00007f68a831e000)
 Metaspace       used 24288K, capacity 24647K, committed 24832K, reserved 26624K
}
Event: 4227.017 GC heap after
{Heap after GC invocations=2837 (full 7):
 def new generation   total 4196352K, used 154680K [0x00007f5bc4600000, 0x00007f5ce0f50000, 0x00007f666f0a0000)
  eden space 3730112K,   0% used [0x00007f5bc4600000, 0x00007f5bc4600000, 0x00007f5ca80b0000)
  from space 466240K,  33% used [0x00007f5cc4800000, 0x00007f5ccdf0e138, 0x00007f5ce0f50000)
  to   space 466240K,   0% used [0x00007f5ca80b0000, 0x00007f5ca80b0000, 0x00007f5cc4800000)
 tenured generation   total 9325048K, used 9291242K [0x00007f666f0a0000, 0x00007f68a831e000, 0x00007f7bc4600000)
   the space 9325048K,  99% used [0x00007f666f0a0000, 0x00007f68a621a850, 0x00007f68a621aa00, 0x00007f68a831e000)
 Metaspace       used 24288K, capacity 24647K, committed 24832K, reserved 26624K
}
Event: 4230.691 GC heap before
{Heap before GC invocations=2837 (full 7):
 def new generation   total 4196352K, used 3884792K [0x00007f5bc4600000, 0x00007f5ce0f50000, 0x00007f666f0a0000)
  eden space 3730112K, 100% used [0x00007f5bc4600000, 0x00007f5ca80b0000, 0x00007f5ca80b0000)
  from space 466240K,  33% used [0x00007f5cc4800000, 0x00007f5ccdf0e138, 0x00007f5ce0f50000)
  to   space 466240K,   0% used [0x00007f5ca80b0000, 0x00007f5ca80b0000, 0x00007f5cc4800000)
 tenured generation   total 9325048K, used 9291242K [0x00007f666f0a0000, 0x00007f68a831e000, 0x00007f7bc4600000)
   the space 9325048K,  99% used [0x00007f666f0a0000, 0x00007f68a621a850, 0x00007f68a621aa00, 0x00007f68a831e000)
 Metaspace       used 24288K, capacity 24647K, committed 24832K, reserved 26624K
}
Event: 4230.795 GC heap after
{Heap after GC invocations=2838 (full 7):
 def new generation   total 4196352K, used 151094K [0x00007f5bc4600000, 0x00007f5ce0f50000, 0x00007f666f0a0000)
  eden space 3730112K,   0% used [0x00007f5bc4600000, 0x00007f5bc4600000, 0x00007f5ca80b0000)
  from space 466240K,  32% used [0x00007f5ca80b0000, 0x00007f5cb143db60, 0x00007f5cc4800000)
  to   space 466240K,   0% used [0x00007f5cc4800000, 0x00007f5cc4800000, 0x00007f5ce0f50000)
 tenured generation   total 9325048K, used 9291242K [0x00007f666f0a0000, 0x00007f68a831e000, 0x00007f7bc4600000)
   the space 9325048K,  99% used [0x00007f666f0a0000, 0x00007f68a621a850, 0x00007f68a621aa00, 0x00007f68a831e000)
 Metaspace       used 24288K, capacity 24647K, committed 24832K, reserved 26624K
}
Event: 4233.598 GC heap before
{Heap before GC invocations=2838 (full 7):
 def new generation   total 4196352K, used 3870614K [0x00007f5bc4600000, 0x00007f5ce0f50000, 0x00007f666f0a0000)
  eden space 3730112K,  99% used [0x00007f5bc4600000, 0x00007f5ca7657d70, 0x00007f5ca80b0000)
  from space 466240K,  32% used [0x00007f5ca80b0000, 0x00007f5cb143db60, 0x00007f5cc4800000)
  to   space 466240K,   0% used [0x00007f5cc4800000, 0x00007f5cc4800000, 0x00007f5ce0f50000)
 tenured generation   total 9325048K, used 9291242K [0x00007f666f0a0000, 0x00007f68a831e000, 0x00007f7bc4600000)
   the space 9325048K,  99% used [0x00007f666f0a0000, 0x00007f68a621a850, 0x00007f68a621aa00, 0x00007f68a831e000)
 Metaspace       used 24288K, capacity 24647K, committed 24832K, reserved 26624K
}
Event: 4233.707 GC heap after
{Heap after GC invocations=2839 (full 7):
 def new generation   total 4196352K, used 153665K [0x00007f5bc4600000, 0x00007f5ce0f50000, 0x00007f666f0a0000)
  eden space 3730112K,   0% used [0x00007f5bc4600000, 0x00007f5bc4600000, 0x00007f5ca80b0000)
  from space 466240K,  32% used [0x00007f5cc4800000, 0x00007f5ccde105a8, 0x00007f5ce0f50000)
  to   space 466240K,   0% used [0x00007f5ca80b0000, 0x00007f5ca80b0000, 0x00007f5cc4800000)
 tenured generation   total 9325048K, used 9308202K [0x00007f666f0a0000, 0x00007f68a831e000, 0x00007f7bc4600000)
   the space 9325048K,  99% used [0x00007f666f0a0000, 0x00007f68a72aa848, 0x00007f68a72aaa00, 0x00007f68a831e000)
 Metaspace       used 24288K, capacity 24647K, committed 24832K, reserved 26624K
}
Event: 4237.510 GC heap before
{Heap before GC invocations=2839 (full 7):
 def new generation   total 4196352K, used 3883777K [0x00007f5bc4600000, 0x00007f5ce0f50000, 0x00007f666f0a0000)
  eden space 3730112K, 100% used [0x00007f5bc4600000, 0x00007f5ca80b0000, 0x00007f5ca80b0000)
  from space 466240K,  32% used [0x00007f5cc4800000, 0x00007f5ccde105a8, 0x00007f5ce0f50000)
  to   space 466240K,   0% used [0x00007f5ca80b0000, 0x00007f5ca80b0000, 0x00007f5cc4800000)
 tenured generation   total 9325048K, used 9308202K [0x00007f666f0a0000, 0x00007f68a831e000, 0x00007f7bc4600000)
   the space 9325048K,  99% used [0x00007f666f0a0000, 0x00007f68a72aa848, 0x00007f68a72aaa00, 0x00007f68a831e000)
 Metaspace       used 24288K, capacity 24647K, committed 24832K, reserved 26624K
}
Event: 4237.607 GC heap after
{Heap after GC invocations=2840 (full 7):
 def new generation   total 4196352K, used 148540K [0x00007f5bc4600000, 0x00007f5ce0f50000, 0x00007f666f0a0000)
  eden space 3730112K,   0% used [0x00007f5bc4600000, 0x00007f5bc4600000, 0x00007f5ca80b0000)
  from space 466240K,  31% used [0x00007f5ca80b0000, 0x00007f5cb11bf358, 0x00007f5cc4800000)
  to   space 466240K,   0% used [0x00007f5cc4800000, 0x00007f5cc4800000, 0x00007f5ce0f50000)
 tenured generation   total 9325048K, used 9308202K [0x00007f666f0a0000, 0x00007f68a831e000, 0x00007f7bc4600000)
   the space 9325048K,  99% used [0x00007f666f0a0000, 0x00007f68a72aa848, 0x00007f68a72aaa00, 0x00007f68a831e000)
 Metaspace       used 24288K, capacity 24647K, committed 24832K, reserved 26624K
}
Event: 4240.759 GC heap before
{Heap before GC invocations=2840 (full 7):
 def new generation   total 4196352K, used 3878652K [0x00007f5bc4600000, 0x00007f5ce0f50000, 0x00007f666f0a0000)
  eden space 3730112K, 100% used [0x00007f5bc4600000, 0x00007f5ca80b0000, 0x00007f5ca80b0000)
  from space 466240K,  31% used [0x00007f5ca80b0000, 0x00007f5cb11bf358, 0x00007f5cc4800000)
  to   space 466240K,   0% used [0x00007f5cc4800000, 0x00007f5cc4800000, 0x00007f5ce0f50000)
 tenured generation   total 9325048K, used 9308202K [0x00007f666f0a0000, 0x00007f68a831e000, 0x00007f7bc4600000)
   the space 9325048K,  99% used [0x00007f666f0a0000, 0x00007f68a72aa848, 0x00007f68a72aaa00, 0x00007f68a831e000)
 Metaspace       used 24288K, capacity 24647K, committed 24832K, reserved 26624K
}
Event: 4240.852 GC heap after
{Heap after GC invocations=2841 (full 7):
 def new generation   total 4196352K, used 135692K [0x00007f5bc4600000, 0x00007f5ce0f50000, 0x00007f666f0a0000)
  eden space 3730112K,   0% used [0x00007f5bc4600000, 0x00007f5bc4600000, 0x00007f5ca80b0000)
  from space 466240K,  29% used [0x00007f5cc4800000, 0x00007f5cccc83378, 0x00007f5ce0f50000)
  to   space 466240K,   0% used [0x00007f5ca80b0000, 0x00007f5ca80b0000, 0x00007f5cc4800000)
 tenured generation   total 9325564K, used 9325162K [0x00007f666f0a0000, 0x00007f68a839f000, 0x00007f7bc4600000)
   the space 9325564K,  99% used [0x00007f666f0a0000, 0x00007f68a833a840, 0x00007f68a833aa00, 0x00007f68a839f000)
 Metaspace       used 24288K, capacity 24647K, committed 24832K, reserved 26624K
}
Event: 4240.852 GC heap before
{Heap before GC invocations=2841 (full 7):
 def new generation   total 4196352K, used 135692K [0x00007f5bc4600000, 0x00007f5ce0f50000, 0x00007f666f0a0000)
  eden space 3730112K,   0% used [0x00007f5bc4600000, 0x00007f5bc4600000, 0x00007f5ca80b0000)
  from space 466240K,  29% used [0x00007f5cc4800000, 0x00007f5cccc83378, 0x00007f5ce0f50000)
  to   space 466240K,   0% used [0x00007f5ca80b0000, 0x00007f5ca80b0000, 0x00007f5cc4800000)
 tenured generation   total 9325564K, used 9325162K [0x00007f666f0a0000, 0x00007f68a839f000, 0x00007f7bc4600000)
   the space 9325564K,  99% used [0x00007f666f0a0000, 0x00007f68a833a840, 0x00007f68a833aa00, 0x00007f68a839f000)
 Metaspace       used 24288K, capacity 24647K, committed 24832K, reserved 26624K
}

