# JRE version: OpenJDK Runtime Environment (13.0.7+5) (build 13.0.7+5-Ubuntu-0ubuntu120.04)
# Java VM: OpenJDK 64-Bit Server VM (13.0.7+5-Ubuntu-0ubuntu120.04, mixed mode, tiered, serial gc, linux-amd64)
Heap:
 def new generation   total 1748160K, used 0K [0x00007f68cc600000, 0x00007f6942ed0000, 0x00007f6e21b50000)
  eden space 1553984K,   0% used [0x00007f68cc600000, 0x00007f68cc600000, 0x00007f692b390000)
  from space 194176K,   0% used [0x00007f6937130000, 0x00007f6937130000, 0x00007f6942ed0000)
  to   space 194176K,   0% used [0x00007f692b390000, 0x00007f692b390000, 0x00007f6937130000)
 tenured generation   total 3885356K, used 3878577K [0x00007f6e21b50000, 0x00007f6f0ed9b000, 0x00007f78cc600000)
   the space 3885356K,  99% used [0x00007f6e21b50000, 0x00007f6f0e6fc708, 0x00007f6f0e6fc800, 0x00007f6f0ed9b000)
 Metaspace       used 24327K, capacity 24721K, committed 24832K, reserved 26624K
GC Heap History (20 events):
Event: 5037.424 GC heap after
{Heap after GC invocations=10429 (full 3):
 def new generation   total 1748160K, used 12929K [0x00007f68cc600000, 0x00007f6942ed0000, 0x00007f6e21b50000)
  eden space 1553984K,   0% used [0x00007f68cc600000, 0x00007f68cc600000, 0x00007f692b390000)
  from space 194176K,   6% used [0x00007f692b390000, 0x00007f692c030408, 0x00007f6937130000)
  to   space 194176K,   0% used [0x00007f6937130000, 0x00007f6937130000, 0x00007f6942ed0000)
 tenured generation   total 3884588K, used 3878658K [0x00007f6e21b50000, 0x00007f6f0ecdb000, 0x00007f78cc600000)
   the space 3884588K,  99% used [0x00007f6e21b50000, 0x00007f6f0e710ad8, 0x00007f6f0e710c00, 0x00007f6f0ecdb000)
 Metaspace       used 24327K, capacity 24721K, committed 24832K, reserved 26624K
}
Event: 5038.250 GC heap before
{Heap before GC invocations=10429 (full 3):
 def new generation   total 1748160K, used 1566913K [0x00007f68cc600000, 0x00007f6942ed0000, 0x00007f6e21b50000)
  eden space 1553984K, 100% used [0x00007f68cc600000, 0x00007f692b390000, 0x00007f692b390000)
  from space 194176K,   6% used [0x00007f692b390000, 0x00007f692c030408, 0x00007f6937130000)
  to   space 194176K,   0% used [0x00007f6937130000, 0x00007f6937130000, 0x00007f6942ed0000)
 tenured generation   total 3884588K, used 3878658K [0x00007f6e21b50000, 0x00007f6f0ecdb000, 0x00007f78cc600000)
   the space 3884588K,  99% used [0x00007f6e21b50000, 0x00007f6f0e710ad8, 0x00007f6f0e710c00, 0x00007f6f0ecdb000)
 Metaspace       used 24327K, capacity 24721K, committed 24832K, reserved 26624K
}
Event: 5038.261 GC heap after
{Heap after GC invocations=10430 (full 3):
 def new generation   total 1748160K, used 12659K [0x00007f68cc600000, 0x00007f6942ed0000, 0x00007f6e21b50000)
  eden space 1553984K,   0% used [0x00007f68cc600000, 0x00007f68cc600000, 0x00007f692b390000)
  from space 194176K,   6% used [0x00007f6937130000, 0x00007f6937d8cd50, 0x00007f6942ed0000)
  to   space 194176K,   0% used [0x00007f692b390000, 0x00007f692b390000, 0x00007f6937130000)
 tenured generation   total 3884588K, used 3879315K [0x00007f6e21b50000, 0x00007f6f0ecdb000, 0x00007f78cc600000)
   the space 3884588K,  99% used [0x00007f6e21b50000, 0x00007f6f0e7b4df8, 0x00007f6f0e7b4e00, 0x00007f6f0ecdb000)
 Metaspace       used 24327K, capacity 24721K, committed 24832K, reserved 26624K
}
Event: 5039.171 GC heap before
{Heap before GC invocations=10430 (full 3):
 def new generation   total 1748160K, used 1566643K [0x00007f68cc600000, 0x00007f6942ed0000, 0x00007f6e21b50000)
  eden space 1553984K, 100% used [0x00007f68cc600000, 0x00007f692b390000, 0x00007f692b390000)
  from space 194176K,   6% used [0x00007f6937130000, 0x00007f6937d8cd50, 0x00007f6942ed0000)
  to   space 194176K,   0% used [0x00007f692b390000, 0x00007f692b390000, 0x00007f6937130000)
 tenured generation   total 3884588K, used 3879315K [0x00007f6e21b50000, 0x00007f6f0ecdb000, 0x00007f78cc600000)
   the space 3884588K,  99% used [0x00007f6e21b50000, 0x00007f6f0e7b4df8, 0x00007f6f0e7b4e00, 0x00007f6f0ecdb000)
 Metaspace       used 24327K, capacity 24721K, committed 24832K, reserved 26624K
}
Event: 5039.181 GC heap after
{Heap after GC invocations=10431 (full 3):
 def new generation   total 1748160K, used 12353K [0x00007f68cc600000, 0x00007f6942ed0000, 0x00007f6e21b50000)
  eden space 1553984K,   0% used [0x00007f68cc600000, 0x00007f68cc600000, 0x00007f692b390000)
  from space 194176K,   6% used [0x00007f692b390000, 0x00007f692bfa0740, 0x00007f6937130000)
  to   space 194176K,   0% used [0x00007f6937130000, 0x00007f6937130000, 0x00007f6942ed0000)
 tenured generation   total 3884588K, used 3880030K [0x00007f6e21b50000, 0x00007f6f0ecdb000, 0x00007f78cc600000)
   the space 3884588K,  99% used [0x00007f6e21b50000, 0x00007f6f0e867b38, 0x00007f6f0e867c00, 0x00007f6f0ecdb000)
 Metaspace       used 24327K, capacity 24721K, committed 24832K, reserved 26624K
}
Event: 5040.024 GC heap before
{Heap before GC invocations=10431 (full 3):
 def new generation   total 1748160K, used 1566337K [0x00007f68cc600000, 0x00007f6942ed0000, 0x00007f6e21b50000)
  eden space 1553984K, 100% used [0x00007f68cc600000, 0x00007f692b390000, 0x00007f692b390000)
  from space 194176K,   6% used [0x00007f692b390000, 0x00007f692bfa0740, 0x00007f6937130000)
  to   space 194176K,   0% used [0x00007f6937130000, 0x00007f6937130000, 0x00007f6942ed0000)
 tenured generation   total 3884588K, used 3880030K [0x00007f6e21b50000, 0x00007f6f0ecdb000, 0x00007f78cc600000)
   the space 3884588K,  99% used [0x00007f6e21b50000, 0x00007f6f0e867b38, 0x00007f6f0e867c00, 0x00007f6f0ecdb000)
 Metaspace       used 24327K, capacity 24721K, committed 24832K, reserved 26624K
}
Event: 5040.036 GC heap after
{Heap after GC invocations=10432 (full 3):
 def new generation   total 1748160K, used 12093K [0x00007f68cc600000, 0x00007f6942ed0000, 0x00007f6e21b50000)
  eden space 1553984K,   0% used [0x00007f68cc600000, 0x00007f68cc600000, 0x00007f692b390000)
  from space 194176K,   6% used [0x00007f6937130000, 0x00007f6937cff668, 0x00007f6942ed0000)
  to   space 194176K,   0% used [0x00007f692b390000, 0x00007f692b390000, 0x00007f6937130000)
 tenured generation   total 3884588K, used 3880687K [0x00007f6e21b50000, 0x00007f6f0ecdb000, 0x00007f78cc600000)
   the space 3884588K,  99% used [0x00007f6e21b50000, 0x00007f6f0e90bc18, 0x00007f6f0e90be00, 0x00007f6f0ecdb000)
 Metaspace       used 24327K, capacity 24721K, committed 24832K, reserved 26624K
}
Event: 5040.904 GC heap before
{Heap before GC invocations=10432 (full 3):
 def new generation   total 1748160K, used 1566077K [0x00007f68cc600000, 0x00007f6942ed0000, 0x00007f6e21b50000)
  eden space 1553984K, 100% used [0x00007f68cc600000, 0x00007f692b390000, 0x00007f692b390000)
  from space 194176K,   6% used [0x00007f6937130000, 0x00007f6937cff668, 0x00007f6942ed0000)
  to   space 194176K,   0% used [0x00007f692b390000, 0x00007f692b390000, 0x00007f6937130000)
 tenured generation   total 3884588K, used 3880687K [0x00007f6e21b50000, 0x00007f6f0ecdb000, 0x00007f78cc600000)
   the space 3884588K,  99% used [0x00007f6e21b50000, 0x00007f6f0e90bc18, 0x00007f6f0e90be00, 0x00007f6f0ecdb000)
 Metaspace       used 24327K, capacity 24721K, committed 24832K, reserved 26624K
}
Event: 5040.917 GC heap after
{Heap after GC invocations=10433 (full 3):
 def new generation   total 1748160K, used 11901K [0x00007f68cc600000, 0x00007f6942ed0000, 0x00007f6e21b50000)
  eden space 1553984K,   0% used [0x00007f68cc600000, 0x00007f68cc600000, 0x00007f692b390000)
  from space 194176K,   6% used [0x00007f692b390000, 0x00007f692bf2f7b0, 0x00007f6937130000)
  to   space 194176K,   0% used [0x00007f6937130000, 0x00007f6937130000, 0x00007f6942ed0000)
 tenured generation   total 3884588K, used 3881343K [0x00007f6e21b50000, 0x00007f6f0ecdb000, 0x00007f78cc600000)
   the space 3884588K,  99% used [0x00007f6e21b50000, 0x00007f6f0e9afcf8, 0x00007f6f0e9afe00, 0x00007f6f0ecdb000)
 Metaspace       used 24327K, capacity 24721K, committed 24832K, reserved 26624K
}
Event: 5041.799 GC heap before
{Heap before GC invocations=10433 (full 3):
 def new generation   total 1748160K, used 1565885K [0x00007f68cc600000, 0x00007f6942ed0000, 0x00007f6e21b50000)
  eden space 1553984K, 100% used [0x00007f68cc600000, 0x00007f692b390000, 0x00007f692b390000)
  from space 194176K,   6% used [0x00007f692b390000, 0x00007f692bf2f7b0, 0x00007f6937130000)
  to   space 194176K,   0% used [0x00007f6937130000, 0x00007f6937130000, 0x00007f6942ed0000)
 tenured generation   total 3884588K, used 3881343K [0x00007f6e21b50000, 0x00007f6f0ecdb000, 0x00007f78cc600000)
   the space 3884588K,  99% used [0x00007f6e21b50000, 0x00007f6f0e9afcf8, 0x00007f6f0e9afe00, 0x00007f6f0ecdb000)
 Metaspace       used 24327K, capacity 24721K, committed 24832K, reserved 26624K
}
Event: 5041.812 GC heap after
{Heap after GC invocations=10434 (full 3):
 def new generation   total 1748160K, used 11781K [0x00007f68cc600000, 0x00007f6942ed0000, 0x00007f6e21b50000)
  eden space 1553984K,   0% used [0x00007f68cc600000, 0x00007f68cc600000, 0x00007f692b390000)
  from space 194176K,   6% used [0x00007f6937130000, 0x00007f6937cb16c0, 0x00007f6942ed0000)
  to   space 194176K,   0% used [0x00007f692b390000, 0x00007f692b390000, 0x00007f6937130000)
 tenured generation   total 3884588K, used 3882000K [0x00007f6e21b50000, 0x00007f6f0ecdb000, 0x00007f78cc600000)
   the space 3884588K,  99% used [0x00007f6e21b50000, 0x00007f6f0ea54018, 0x00007f6f0ea54200, 0x00007f6f0ecdb000)
 Metaspace       used 24327K, capacity 24721K, committed 24832K, reserved 26624K
}
Event: 5042.692 GC heap before
{Heap before GC invocations=10434 (full 3):
 def new generation   total 1748160K, used 1565765K [0x00007f68cc600000, 0x00007f6942ed0000, 0x00007f6e21b50000)
  eden space 1553984K, 100% used [0x00007f68cc600000, 0x00007f692b390000, 0x00007f692b390000)
  from space 194176K,   6% used [0x00007f6937130000, 0x00007f6937cb16c0, 0x00007f6942ed0000)
  to   space 194176K,   0% used [0x00007f692b390000, 0x00007f692b390000, 0x00007f6937130000)
 tenured generation   total 3884588K, used 3882000K [0x00007f6e21b50000, 0x00007f6f0ecdb000, 0x00007f78cc600000)
   the space 3884588K,  99% used [0x00007f6e21b50000, 0x00007f6f0ea54018, 0x00007f6f0ea54200, 0x00007f6f0ecdb000)
 Metaspace       used 24327K, capacity 24721K, committed 24832K, reserved 26624K
}
Event: 5042.705 GC heap after
{Heap after GC invocations=10435 (full 3):
 def new generation   total 1748160K, used 11655K [0x00007f68cc600000, 0x00007f6942ed0000, 0x00007f6e21b50000)
  eden space 1553984K,   0% used [0x00007f68cc600000, 0x00007f68cc600000, 0x00007f692b390000)
  from space 194176K,   6% used [0x00007f692b390000, 0x00007f692bef1db0, 0x00007f6937130000)
  to   space 194176K,   0% used [0x00007f6937130000, 0x00007f6937130000, 0x00007f6942ed0000)
 tenured generation   total 3884588K, used 3882715K [0x00007f6e21b50000, 0x00007f6f0ecdb000, 0x00007f78cc600000)
   the space 3884588K,  99% used [0x00007f6e21b50000, 0x00007f6f0eb06d88, 0x00007f6f0eb06e00, 0x00007f6f0ecdb000)
 Metaspace       used 24327K, capacity 24721K, committed 24832K, reserved 26624K
}
Event: 5043.519 GC heap before
{Heap before GC invocations=10435 (full 3):
 def new generation   total 1748160K, used 1565639K [0x00007f68cc600000, 0x00007f6942ed0000, 0x00007f6e21b50000)
  eden space 1553984K, 100% used [0x00007f68cc600000, 0x00007f692b390000, 0x00007f692b390000)
  from space 194176K,   6% used [0x00007f692b390000, 0x00007f692bef1db0, 0x00007f6937130000)
  to   space 194176K,   0% used [0x00007f6937130000, 0x00007f6937130000, 0x00007f6942ed0000)
 tenured generation   total 3884588K, used 3882715K [0x00007f6e21b50000, 0x00007f6f0ecdb000, 0x00007f78cc600000)
   the space 3884588K,  99% used [0x00007f6e21b50000, 0x00007f6f0eb06d88, 0x00007f6f0eb06e00, 0x00007f6f0ecdb000)
 Metaspace       used 24327K, capacity 24721K, committed 24832K, reserved 26624K
}
Event: 5043.529 GC heap after
{Heap after GC invocations=10436 (full 3):
 def new generation   total 1748160K, used 11317K [0x00007f68cc600000, 0x00007f6942ed0000, 0x00007f6e21b50000)
  eden space 1553984K,   0% used [0x00007f68cc600000, 0x00007f68cc600000, 0x00007f692b390000)
  from space 194176K,   5% used [0x00007f6937130000, 0x00007f6937c3d608, 0x00007f6942ed0000)
  to   space 194176K,   0% used [0x00007f692b390000, 0x00007f692b390000, 0x00007f6937130000)
 tenured generation   total 3884588K, used 3883612K [0x00007f6e21b50000, 0x00007f6f0ecdb000, 0x00007f78cc600000)
   the space 3884588K,  99% used [0x00007f6e21b50000, 0x00007f6f0ebe71b8, 0x00007f6f0ebe7200, 0x00007f6f0ecdb000)
 Metaspace       used 24327K, capacity 24721K, committed 24832K, reserved 26624K
}
Event: 5044.365 GC heap before
{Heap before GC invocations=10436 (full 3):
 def new generation   total 1748160K, used 1565301K [0x00007f68cc600000, 0x00007f6942ed0000, 0x00007f6e21b50000)
  eden space 1553984K, 100% used [0x00007f68cc600000, 0x00007f692b390000, 0x00007f692b390000)
  from space 194176K,   5% used [0x00007f6937130000, 0x00007f6937c3d608, 0x00007f6942ed0000)
  to   space 194176K,   0% used [0x00007f692b390000, 0x00007f692b390000, 0x00007f6937130000)
 tenured generation   total 3884588K, used 3883612K [0x00007f6e21b50000, 0x00007f6f0ecdb000, 0x00007f78cc600000)
   the space 3884588K,  99% used [0x00007f6e21b50000, 0x00007f6f0ebe71b8, 0x00007f6f0ebe7200, 0x00007f6f0ecdb000)
 Metaspace       used 24327K, capacity 24721K, committed 24832K, reserved 26624K
}
Event: 5044.374 GC heap after
{Heap after GC invocations=10437 (full 3):
 def new generation   total 1748160K, used 10964K [0x00007f68cc600000, 0x00007f6942ed0000, 0x00007f6e21b50000)
  eden space 1553984K,   0% used [0x00007f68cc600000, 0x00007f68cc600000, 0x00007f692b390000)
  from space 194176K,   5% used [0x00007f692b390000, 0x00007f692be45260, 0x00007f6937130000)
  to   space 194176K,   0% used [0x00007f6937130000, 0x00007f6937130000, 0x00007f6942ed0000)
 tenured generation   total 3884588K, used 3884505K [0x00007f6e21b50000, 0x00007f6f0ecdb000, 0x00007f78cc600000)
   the space 3884588K,  99% used [0x00007f6e21b50000, 0x00007f6f0ecc64a8, 0x00007f6f0ecc6600, 0x00007f6f0ecdb000)
 Metaspace       used 24327K, capacity 24721K, committed 24832K, reserved 26624K
}
Event: 5045.298 GC heap before
{Heap before GC invocations=10437 (full 3):
 def new generation   total 1748160K, used 1564948K [0x00007f68cc600000, 0x00007f6942ed0000, 0x00007f6e21b50000)
  eden space 1553984K, 100% used [0x00007f68cc600000, 0x00007f692b390000, 0x00007f692b390000)
  from space 194176K,   5% used [0x00007f692b390000, 0x00007f692be45260, 0x00007f6937130000)
  to   space 194176K,   0% used [0x00007f6937130000, 0x00007f6937130000, 0x00007f6942ed0000)
 tenured generation   total 3884588K, used 3884505K [0x00007f6e21b50000, 0x00007f6f0ecdb000, 0x00007f78cc600000)
   the space 3884588K,  99% used [0x00007f6e21b50000, 0x00007f6f0ecc64a8, 0x00007f6f0ecc6600, 0x00007f6f0ecdb000)
 Metaspace       used 24327K, capacity 24721K, committed 24832K, reserved 26624K
}
Event: 5045.312 GC heap after
{Heap after GC invocations=10438 (full 3):
 def new generation   total 1748160K, used 10672K [0x00007f68cc600000, 0x00007f6942ed0000, 0x00007f6e21b50000)
  eden space 1553984K,   0% used [0x00007f68cc600000, 0x00007f68cc600000, 0x00007f692b390000)
  from space 194176K,   5% used [0x00007f6937130000, 0x00007f6937b9c2d0, 0x00007f6942ed0000)
  to   space 194176K,   0% used [0x00007f692b390000, 0x00007f692b390000, 0x00007f6937130000)
 tenured generation   total 3885356K, used 3885338K [0x00007f6e21b50000, 0x00007f6f0ed9b000, 0x00007f78cc600000)
   the space 3885356K,  99% used [0x00007f6e21b50000, 0x00007f6f0ed96b38, 0x00007f6f0ed96c00, 0x00007f6f0ed9b000)
 Metaspace       used 24327K, capacity 24721K, committed 24832K, reserved 26624K
}
Event: 5045.312 GC heap before
{Heap before GC invocations=10438 (full 3):
 def new generation   total 1748160K, used 10672K [0x00007f68cc600000, 0x00007f6942ed0000, 0x00007f6e21b50000)
  eden space 1553984K,   0% used [0x00007f68cc600000, 0x00007f68cc600000, 0x00007f692b390000)
  from space 194176K,   5% used [0x00007f6937130000, 0x00007f6937b9c2d0, 0x00007f6942ed0000)
  to   space 194176K,   0% used [0x00007f692b390000, 0x00007f692b390000, 0x00007f6937130000)
 tenured generation   total 3885356K, used 3885338K [0x00007f6e21b50000, 0x00007f6f0ed9b000, 0x00007f78cc600000)
   the space 3885356K,  99% used [0x00007f6e21b50000, 0x00007f6f0ed96b38, 0x00007f6f0ed96c00, 0x00007f6f0ed9b000)
 Metaspace       used 24327K, capacity 24721K, committed 24832K, reserved 26624K
}

