# JRE version: OpenJDK Runtime Environment (13.0.7+5) (build 13.0.7+5-Ubuntu-0ubuntu120.04)
# Java VM: OpenJDK 64-Bit Server VM (13.0.7+5-Ubuntu-0ubuntu120.04, mixed mode, tiered, serial gc, linux-amd64)
Heap:
 def new generation   total 1748160K, used 0K [0x00007f110c600000, 0x00007f1182ed0000, 0x00007f1661b50000)
  eden space 1553984K,   0% used [0x00007f110c600000, 0x00007f110c600000, 0x00007f116b390000)
  from space 194176K,   0% used [0x00007f116b390000, 0x00007f116b390000, 0x00007f1177130000)
  to   space 194176K,   0% used [0x00007f1177130000, 0x00007f1177130000, 0x00007f1182ed0000)
 tenured generation   total 3884972K, used 3859363K [0x00007f1661b50000, 0x00007f174ed3b000, 0x00007f210c600000)
   the space 3884972K,  99% used [0x00007f1661b50000, 0x00007f174d438c70, 0x00007f174d438e00, 0x00007f174ed3b000)
 Metaspace       used 24306K, capacity 24710K, committed 24832K, reserved 26624K
GC Heap History (20 events):
Event: 11685.592 GC heap after
{Heap after GC invocations=20407 (full 3):
 def new generation   total 1748160K, used 5104K [0x00007f110c600000, 0x00007f1182ed0000, 0x00007f1661b50000)
  eden space 1553984K,   0% used [0x00007f110c600000, 0x00007f110c600000, 0x00007f116b390000)
  from space 194176K,   2% used [0x00007f1177130000, 0x00007f117762c230, 0x00007f1182ed0000)
  to   space 194176K,   0% used [0x00007f116b390000, 0x00007f116b390000, 0x00007f1177130000)
 tenured generation   total 3884588K, used 3881877K [0x00007f1661b50000, 0x00007f174ecdb000, 0x00007f210c600000)
   the space 3884588K,  99% used [0x00007f1661b50000, 0x00007f174ea35690, 0x00007f174ea35800, 0x00007f174ecdb000)
 Metaspace       used 24306K, capacity 24710K, committed 24832K, reserved 26624K
}
Event: 11686.605 GC heap before
{Heap before GC invocations=20407 (full 3):
 def new generation   total 1748160K, used 1559088K [0x00007f110c600000, 0x00007f1182ed0000, 0x00007f1661b50000)
  eden space 1553984K, 100% used [0x00007f110c600000, 0x00007f116b390000, 0x00007f116b390000)
  from space 194176K,   2% used [0x00007f1177130000, 0x00007f117762c230, 0x00007f1182ed0000)
  to   space 194176K,   0% used [0x00007f116b390000, 0x00007f116b390000, 0x00007f1177130000)
 tenured generation   total 3884588K, used 3881877K [0x00007f1661b50000, 0x00007f174ecdb000, 0x00007f210c600000)
   the space 3884588K,  99% used [0x00007f1661b50000, 0x00007f174ea35690, 0x00007f174ea35800, 0x00007f174ecdb000)
 Metaspace       used 24306K, capacity 24710K, committed 24832K, reserved 26624K
}
Event: 11686.617 GC heap after
{Heap after GC invocations=20408 (full 3):
 def new generation   total 1748160K, used 5106K [0x00007f110c600000, 0x00007f1182ed0000, 0x00007f1661b50000)
  eden space 1553984K,   0% used [0x00007f110c600000, 0x00007f110c600000, 0x00007f116b390000)
  from space 194176K,   2% used [0x00007f116b390000, 0x00007f116b88c9f0, 0x00007f1177130000)
  to   space 194176K,   0% used [0x00007f1177130000, 0x00007f1177130000, 0x00007f1182ed0000)
 tenured generation   total 3884588K, used 3882204K [0x00007f1661b50000, 0x00007f174ecdb000, 0x00007f210c600000)
   the space 3884588K,  99% used [0x00007f1661b50000, 0x00007f174ea871d0, 0x00007f174ea87200, 0x00007f174ecdb000)
 Metaspace       used 24306K, capacity 24710K, committed 24832K, reserved 26624K
}
Event: 11687.482 GC heap before
{Heap before GC invocations=20408 (full 3):
 def new generation   total 1748160K, used 1559090K [0x00007f110c600000, 0x00007f1182ed0000, 0x00007f1661b50000)
  eden space 1553984K, 100% used [0x00007f110c600000, 0x00007f116b390000, 0x00007f116b390000)
  from space 194176K,   2% used [0x00007f116b390000, 0x00007f116b88c9f0, 0x00007f1177130000)
  to   space 194176K,   0% used [0x00007f1177130000, 0x00007f1177130000, 0x00007f1182ed0000)
 tenured generation   total 3884588K, used 3882204K [0x00007f1661b50000, 0x00007f174ecdb000, 0x00007f210c600000)
   the space 3884588K,  99% used [0x00007f1661b50000, 0x00007f174ea871d0, 0x00007f174ea87200, 0x00007f174ecdb000)
 Metaspace       used 24306K, capacity 24710K, committed 24832K, reserved 26624K
}
Event: 11687.491 GC heap after
{Heap after GC invocations=20409 (full 3):
 def new generation   total 1748160K, used 5106K [0x00007f110c600000, 0x00007f1182ed0000, 0x00007f1661b50000)
  eden space 1553984K,   0% used [0x00007f110c600000, 0x00007f110c600000, 0x00007f116b390000)
  from space 194176K,   2% used [0x00007f1177130000, 0x00007f117762ca38, 0x00007f1182ed0000)
  to   space 194176K,   0% used [0x00007f116b390000, 0x00007f116b390000, 0x00007f1177130000)
 tenured generation   total 3884588K, used 3882541K [0x00007f1661b50000, 0x00007f174ecdb000, 0x00007f210c600000)
   the space 3884588K,  99% used [0x00007f1661b50000, 0x00007f174eadb510, 0x00007f174eadb600, 0x00007f174ecdb000)
 Metaspace       used 24306K, capacity 24710K, committed 24832K, reserved 26624K
}
Event: 11688.450 GC heap before
{Heap before GC invocations=20409 (full 3):
 def new generation   total 1748160K, used 1559090K [0x00007f110c600000, 0x00007f1182ed0000, 0x00007f1661b50000)
  eden space 1553984K, 100% used [0x00007f110c600000, 0x00007f116b390000, 0x00007f116b390000)
  from space 194176K,   2% used [0x00007f1177130000, 0x00007f117762ca38, 0x00007f1182ed0000)
  to   space 194176K,   0% used [0x00007f116b390000, 0x00007f116b390000, 0x00007f1177130000)
 tenured generation   total 3884588K, used 3882541K [0x00007f1661b50000, 0x00007f174ecdb000, 0x00007f210c600000)
   the space 3884588K,  99% used [0x00007f1661b50000, 0x00007f174eadb510, 0x00007f174eadb600, 0x00007f174ecdb000)
 Metaspace       used 24306K, capacity 24710K, committed 24832K, reserved 26624K
}
Event: 11688.463 GC heap after
{Heap after GC invocations=20410 (full 3):
 def new generation   total 1748160K, used 5112K [0x00007f110c600000, 0x00007f1182ed0000, 0x00007f1661b50000)
  eden space 1553984K,   0% used [0x00007f110c600000, 0x00007f110c600000, 0x00007f116b390000)
  from space 194176K,   2% used [0x00007f116b390000, 0x00007f116b88e048, 0x00007f1177130000)
  to   space 194176K,   0% used [0x00007f1177130000, 0x00007f1177130000, 0x00007f1182ed0000)
 tenured generation   total 3884588K, used 3882878K [0x00007f1661b50000, 0x00007f174ecdb000, 0x00007f210c600000)
   the space 3884588K,  99% used [0x00007f1661b50000, 0x00007f174eb2f850, 0x00007f174eb2fa00, 0x00007f174ecdb000)
 Metaspace       used 24306K, capacity 24710K, committed 24832K, reserved 26624K
}
Event: 11689.510 GC heap before
{Heap before GC invocations=20410 (full 3):
 def new generation   total 1748160K, used 1559096K [0x00007f110c600000, 0x00007f1182ed0000, 0x00007f1661b50000)
  eden space 1553984K, 100% used [0x00007f110c600000, 0x00007f116b390000, 0x00007f116b390000)
  from space 194176K,   2% used [0x00007f116b390000, 0x00007f116b88e048, 0x00007f1177130000)
  to   space 194176K,   0% used [0x00007f1177130000, 0x00007f1177130000, 0x00007f1182ed0000)
 tenured generation   total 3884588K, used 3882878K [0x00007f1661b50000, 0x00007f174ecdb000, 0x00007f210c600000)
   the space 3884588K,  99% used [0x00007f1661b50000, 0x00007f174eb2f850, 0x00007f174eb2fa00, 0x00007f174ecdb000)
 Metaspace       used 24306K, capacity 24710K, committed 24832K, reserved 26624K
}
Event: 11689.523 GC heap after
{Heap after GC invocations=20411 (full 3):
 def new generation   total 1748160K, used 5105K [0x00007f110c600000, 0x00007f1182ed0000, 0x00007f1661b50000)
  eden space 1553984K,   0% used [0x00007f110c600000, 0x00007f110c600000, 0x00007f116b390000)
  from space 194176K,   2% used [0x00007f1177130000, 0x00007f117762c7f8, 0x00007f1182ed0000)
  to   space 194176K,   0% used [0x00007f116b390000, 0x00007f116b390000, 0x00007f1177130000)
 tenured generation   total 3884588K, used 3883214K [0x00007f1661b50000, 0x00007f174ecdb000, 0x00007f210c600000)
   the space 3884588K,  99% used [0x00007f1661b50000, 0x00007f174eb83b90, 0x00007f174eb83c00, 0x00007f174ecdb000)
 Metaspace       used 24306K, capacity 24710K, committed 24832K, reserved 26624K
}
Event: 11690.520 GC heap before
{Heap before GC invocations=20411 (full 3):
 def new generation   total 1748160K, used 1559089K [0x00007f110c600000, 0x00007f1182ed0000, 0x00007f1661b50000)
  eden space 1553984K, 100% used [0x00007f110c600000, 0x00007f116b390000, 0x00007f116b390000)
  from space 194176K,   2% used [0x00007f1177130000, 0x00007f117762c7f8, 0x00007f1182ed0000)
  to   space 194176K,   0% used [0x00007f116b390000, 0x00007f116b390000, 0x00007f1177130000)
 tenured generation   total 3884588K, used 3883214K [0x00007f1661b50000, 0x00007f174ecdb000, 0x00007f210c600000)
   the space 3884588K,  99% used [0x00007f1661b50000, 0x00007f174eb83b90, 0x00007f174eb83c00, 0x00007f174ecdb000)
 Metaspace       used 24306K, capacity 24710K, committed 24832K, reserved 26624K
}
Event: 11690.532 GC heap after
{Heap after GC invocations=20412 (full 3):
 def new generation   total 1748160K, used 5096K [0x00007f110c600000, 0x00007f1182ed0000, 0x00007f1661b50000)
  eden space 1553984K,   0% used [0x00007f110c600000, 0x00007f110c600000, 0x00007f116b390000)
  from space 194176K,   2% used [0x00007f116b390000, 0x00007f116b88a108, 0x00007f1177130000)
  to   space 194176K,   0% used [0x00007f1177130000, 0x00007f1177130000, 0x00007f1182ed0000)
 tenured generation   total 3884588K, used 3883551K [0x00007f1661b50000, 0x00007f174ecdb000, 0x00007f210c600000)
   the space 3884588K,  99% used [0x00007f1661b50000, 0x00007f174ebd7ed0, 0x00007f174ebd8000, 0x00007f174ecdb000)
 Metaspace       used 24306K, capacity 24710K, committed 24832K, reserved 26624K
}
Event: 11691.517 GC heap before
{Heap before GC invocations=20412 (full 3):
 def new generation   total 1748160K, used 1559080K [0x00007f110c600000, 0x00007f1182ed0000, 0x00007f1661b50000)
  eden space 1553984K, 100% used [0x00007f110c600000, 0x00007f116b390000, 0x00007f116b390000)
  from space 194176K,   2% used [0x00007f116b390000, 0x00007f116b88a108, 0x00007f1177130000)
  to   space 194176K,   0% used [0x00007f1177130000, 0x00007f1177130000, 0x00007f1182ed0000)
 tenured generation   total 3884588K, used 3883551K [0x00007f1661b50000, 0x00007f174ecdb000, 0x00007f210c600000)
   the space 3884588K,  99% used [0x00007f1661b50000, 0x00007f174ebd7ed0, 0x00007f174ebd8000, 0x00007f174ecdb000)
 Metaspace       used 24306K, capacity 24710K, committed 24832K, reserved 26624K
}
Event: 11691.530 GC heap after
{Heap after GC invocations=20413 (full 3):
 def new generation   total 1748160K, used 5096K [0x00007f110c600000, 0x00007f1182ed0000, 0x00007f1661b50000)
  eden space 1553984K,   0% used [0x00007f110c600000, 0x00007f110c600000, 0x00007f116b390000)
  from space 194176K,   2% used [0x00007f1177130000, 0x00007f117762a3f0, 0x00007f1182ed0000)
  to   space 194176K,   0% used [0x00007f116b390000, 0x00007f116b390000, 0x00007f1177130000)
 tenured generation   total 3884588K, used 3883888K [0x00007f1661b50000, 0x00007f174ecdb000, 0x00007f210c600000)
   the space 3884588K,  99% used [0x00007f1661b50000, 0x00007f174ec2c210, 0x00007f174ec2c400, 0x00007f174ecdb000)
 Metaspace       used 24306K, capacity 24710K, committed 24832K, reserved 26624K
}
Event: 11692.496 GC heap before
{Heap before GC invocations=20413 (full 3):
 def new generation   total 1748160K, used 1559080K [0x00007f110c600000, 0x00007f1182ed0000, 0x00007f1661b50000)
  eden space 1553984K, 100% used [0x00007f110c600000, 0x00007f116b390000, 0x00007f116b390000)
  from space 194176K,   2% used [0x00007f1177130000, 0x00007f117762a3f0, 0x00007f1182ed0000)
  to   space 194176K,   0% used [0x00007f116b390000, 0x00007f116b390000, 0x00007f1177130000)
 tenured generation   total 3884588K, used 3883888K [0x00007f1661b50000, 0x00007f174ecdb000, 0x00007f210c600000)
   the space 3884588K,  99% used [0x00007f1661b50000, 0x00007f174ec2c210, 0x00007f174ec2c400, 0x00007f174ecdb000)
 Metaspace       used 24306K, capacity 24710K, committed 24832K, reserved 26624K
}
Event: 11692.505 GC heap after
{Heap after GC invocations=20414 (full 3):
 def new generation   total 1748160K, used 5096K [0x00007f110c600000, 0x00007f1182ed0000, 0x00007f1661b50000)
  eden space 1553984K,   0% used [0x00007f110c600000, 0x00007f110c600000, 0x00007f116b390000)
  from space 194176K,   2% used [0x00007f116b390000, 0x00007f116b88a370, 0x00007f1177130000)
  to   space 194176K,   0% used [0x00007f1177130000, 0x00007f1177130000, 0x00007f1182ed0000)
 tenured generation   total 3884588K, used 3884225K [0x00007f1661b50000, 0x00007f174ecdb000, 0x00007f210c600000)
   the space 3884588K,  99% used [0x00007f1661b50000, 0x00007f174ec80550, 0x00007f174ec80600, 0x00007f174ecdb000)
 Metaspace       used 24306K, capacity 24710K, committed 24832K, reserved 26624K
}
Event: 11693.397 GC heap before
{Heap before GC invocations=20414 (full 3):
 def new generation   total 1748160K, used 1559080K [0x00007f110c600000, 0x00007f1182ed0000, 0x00007f1661b50000)
  eden space 1553984K, 100% used [0x00007f110c600000, 0x00007f116b390000, 0x00007f116b390000)
  from space 194176K,   2% used [0x00007f116b390000, 0x00007f116b88a370, 0x00007f1177130000)
  to   space 194176K,   0% used [0x00007f1177130000, 0x00007f1177130000, 0x00007f1182ed0000)
 tenured generation   total 3884588K, used 3884225K [0x00007f1661b50000, 0x00007f174ecdb000, 0x00007f210c600000)
   the space 3884588K,  99% used [0x00007f1661b50000, 0x00007f174ec80550, 0x00007f174ec80600, 0x00007f174ecdb000)
 Metaspace       used 24306K, capacity 24710K, committed 24832K, reserved 26624K
}
Event: 11693.408 GC heap after
{Heap after GC invocations=20415 (full 3):
 def new generation   total 1748160K, used 5097K [0x00007f110c600000, 0x00007f1182ed0000, 0x00007f1661b50000)
  eden space 1553984K,   0% used [0x00007f110c600000, 0x00007f110c600000, 0x00007f116b390000)
  from space 194176K,   2% used [0x00007f1177130000, 0x00007f117762a7d8, 0x00007f1182ed0000)
  to   space 194176K,   0% used [0x00007f116b390000, 0x00007f116b390000, 0x00007f1177130000)
 tenured generation   total 3884588K, used 3884562K [0x00007f1661b50000, 0x00007f174ecdb000, 0x00007f210c600000)
   the space 3884588K,  99% used [0x00007f1661b50000, 0x00007f174ecd4890, 0x00007f174ecd4a00, 0x00007f174ecdb000)
 Metaspace       used 24306K, capacity 24710K, committed 24832K, reserved 26624K
}
Event: 11694.297 GC heap before
{Heap before GC invocations=20415 (full 3):
 def new generation   total 1748160K, used 1559081K [0x00007f110c600000, 0x00007f1182ed0000, 0x00007f1661b50000)
  eden space 1553984K, 100% used [0x00007f110c600000, 0x00007f116b390000, 0x00007f116b390000)
  from space 194176K,   2% used [0x00007f1177130000, 0x00007f117762a7d8, 0x00007f1182ed0000)
  to   space 194176K,   0% used [0x00007f116b390000, 0x00007f116b390000, 0x00007f1177130000)
 tenured generation   total 3884588K, used 3884562K [0x00007f1661b50000, 0x00007f174ecdb000, 0x00007f210c600000)
   the space 3884588K,  99% used [0x00007f1661b50000, 0x00007f174ecd4890, 0x00007f174ecd4a00, 0x00007f174ecdb000)
 Metaspace       used 24306K, capacity 24710K, committed 24832K, reserved 26624K
}
Event: 11694.308 GC heap after
{Heap after GC invocations=20416 (full 3):
 def new generation   total 1748160K, used 5114K [0x00007f110c600000, 0x00007f1182ed0000, 0x00007f1661b50000)
  eden space 1553984K,   0% used [0x00007f110c600000, 0x00007f110c600000, 0x00007f116b390000)
  from space 194176K,   2% used [0x00007f116b390000, 0x00007f116b88eaa0, 0x00007f1177130000)
  to   space 194176K,   0% used [0x00007f1177130000, 0x00007f1177130000, 0x00007f1182ed0000)
 tenured generation   total 3884972K, used 3884898K [0x00007f1661b50000, 0x00007f174ed3b000, 0x00007f210c600000)
   the space 3884972K,  99% used [0x00007f1661b50000, 0x00007f174ed28bd0, 0x00007f174ed28c00, 0x00007f174ed3b000)
 Metaspace       used 24306K, capacity 24710K, committed 24832K, reserved 26624K
}
Event: 11694.308 GC heap before
{Heap before GC invocations=20416 (full 3):
 def new generation   total 1748160K, used 5114K [0x00007f110c600000, 0x00007f1182ed0000, 0x00007f1661b50000)
  eden space 1553984K,   0% used [0x00007f110c600000, 0x00007f110c600000, 0x00007f116b390000)
  from space 194176K,   2% used [0x00007f116b390000, 0x00007f116b88eaa0, 0x00007f1177130000)
  to   space 194176K,   0% used [0x00007f1177130000, 0x00007f1177130000, 0x00007f1182ed0000)
 tenured generation   total 3884972K, used 3884898K [0x00007f1661b50000, 0x00007f174ed3b000, 0x00007f210c600000)
   the space 3884972K,  99% used [0x00007f1661b50000, 0x00007f174ed28bd0, 0x00007f174ed28c00, 0x00007f174ed3b000)
 Metaspace       used 24306K, capacity 24710K, committed 24832K, reserved 26624K
}

