# JRE version: OpenJDK Runtime Environment (13.0.7+5) (build 13.0.7+5-Ubuntu-0ubuntu120.04)
# Java VM: OpenJDK 64-Bit Server VM (13.0.7+5-Ubuntu-0ubuntu120.04, mixed mode, tiered, serial gc, linux-amd64)
Heap:
 def new generation   total 2403712K, used 205661K [0x00007fa44c600000, 0x00007fa4ef630000, 0x00007fa9a1b50000)
  eden space 2136640K,   9% used [0x00007fa44c600000, 0x00007fa458ed76b0, 0x00007fa4cec90000)
  from space 267072K,   0% used [0x00007fa4df160000, 0x00007fa4df160000, 0x00007fa4ef630000)
  to   space 267072K,   0% used [0x00007fa4cec90000, 0x00007fa4cec90000, 0x00007fa4df160000)
 tenured generation   total 5353436K, used 5353435K [0x00007fa9a1b50000, 0x00007faae8747000, 0x00007fb44c600000)
   the space 5353436K,  99% used [0x00007fa9a1b50000, 0x00007faae8746ff0, 0x00007faae8747000, 0x00007faae8747000)
 Metaspace       used 30645K, capacity 31072K, committed 31232K, reserved 32768K
GC Heap History (20 events):
Event: 149.535 GC heap after
{Heap after GC invocations=256 (full 16):
 def new generation   total 2403712K, used 212777K [0x00007fa44c600000, 0x00007fa4ef630000, 0x00007fa9a1b50000)
  eden space 2136640K,   0% used [0x00007fa44c600000, 0x00007fa44c600000, 0x00007fa4cec90000)
  from space 267072K,  79% used [0x00007fa4cec90000, 0x00007fa4dbc5a698, 0x00007fa4df160000)
  to   space 267072K,   0% used [0x00007fa4df160000, 0x00007fa4df160000, 0x00007fa4ef630000)
 tenured generation   total 5341532K, used 3411625K [0x00007fa9a1b50000, 0x00007faae7ba7000, 0x00007fb44c600000)
   the space 5341532K,  63% used [0x00007fa9a1b50000, 0x00007faa71efa4e8, 0x00007faa71efa600, 0x00007faae7ba7000)
 Metaspace       used 30645K, capacity 31072K, committed 31232K, reserved 32768K
}
Event: 150.102 GC heap before
{Heap before GC invocations=256 (full 16):
 def new generation   total 2403712K, used 2349417K [0x00007fa44c600000, 0x00007fa4ef630000, 0x00007fa9a1b50000)
  eden space 2136640K, 100% used [0x00007fa44c600000, 0x00007fa4cec90000, 0x00007fa4cec90000)
  from space 267072K,  79% used [0x00007fa4cec90000, 0x00007fa4dbc5a698, 0x00007fa4df160000)
  to   space 267072K,   0% used [0x00007fa4df160000, 0x00007fa4df160000, 0x00007fa4ef630000)
 tenured generation   total 5341532K, used 3411625K [0x00007fa9a1b50000, 0x00007faae7ba7000, 0x00007fb44c600000)
   the space 5341532K,  63% used [0x00007fa9a1b50000, 0x00007faa71efa4e8, 0x00007faa71efa600, 0x00007faae7ba7000)
 Metaspace       used 30645K, capacity 31072K, committed 31232K, reserved 32768K
}
Event: 150.761 GC heap after
{Heap after GC invocations=257 (full 16):
 def new generation   total 2403712K, used 202578K [0x00007fa44c600000, 0x00007fa4ef630000, 0x00007fa9a1b50000)
  eden space 2136640K,   0% used [0x00007fa44c600000, 0x00007fa44c600000, 0x00007fa4cec90000)
  from space 267072K,  75% used [0x00007fa4df160000, 0x00007fa4eb734970, 0x00007fa4ef630000)
  to   space 267072K,   0% used [0x00007fa4cec90000, 0x00007fa4cec90000, 0x00007fa4df160000)
 tenured generation   total 5341532K, used 3624402K [0x00007fa9a1b50000, 0x00007faae7ba7000, 0x00007fb44c600000)
   the space 5341532K,  67% used [0x00007fa9a1b50000, 0x00007faa7eec4810, 0x00007faa7eec4a00, 0x00007faae7ba7000)
 Metaspace       used 30645K, capacity 31072K, committed 31232K, reserved 32768K
}
Event: 151.494 GC heap before
{Heap before GC invocations=257 (full 16):
 def new generation   total 2403712K, used 2339218K [0x00007fa44c600000, 0x00007fa4ef630000, 0x00007fa9a1b50000)
  eden space 2136640K, 100% used [0x00007fa44c600000, 0x00007fa4cec90000, 0x00007fa4cec90000)
  from space 267072K,  75% used [0x00007fa4df160000, 0x00007fa4eb734970, 0x00007fa4ef630000)
  to   space 267072K,   0% used [0x00007fa4cec90000, 0x00007fa4cec90000, 0x00007fa4df160000)
 tenured generation   total 5341532K, used 3624402K [0x00007fa9a1b50000, 0x00007faae7ba7000, 0x00007fb44c600000)
   the space 5341532K,  67% used [0x00007fa9a1b50000, 0x00007faa7eec4810, 0x00007faa7eec4a00, 0x00007faae7ba7000)
 Metaspace       used 30645K, capacity 31072K, committed 31232K, reserved 32768K
}
Event: 152.151 GC heap after
{Heap after GC invocations=258 (full 16):
 def new generation   total 2403712K, used 199442K [0x00007fa44c600000, 0x00007fa4ef630000, 0x00007fa9a1b50000)
  eden space 2136640K,   0% used [0x00007fa44c600000, 0x00007fa44c600000, 0x00007fa4cec90000)
  from space 267072K,  74% used [0x00007fa4cec90000, 0x00007fa4daf54a80, 0x00007fa4df160000)
  to   space 267072K,   0% used [0x00007fa4df160000, 0x00007fa4df160000, 0x00007fa4ef630000)
 tenured generation   total 5341532K, used 3826980K [0x00007fa9a1b50000, 0x00007faae7ba7000, 0x00007fb44c600000)
   the space 5341532K,  71% used [0x00007fa9a1b50000, 0x00007faa8b4990e0, 0x00007faa8b499200, 0x00007faae7ba7000)
 Metaspace       used 30645K, capacity 31072K, committed 31232K, reserved 32768K
}
Event: 152.711 GC heap before
{Heap before GC invocations=258 (full 16):
 def new generation   total 2403712K, used 2336082K [0x00007fa44c600000, 0x00007fa4ef630000, 0x00007fa9a1b50000)
  eden space 2136640K, 100% used [0x00007fa44c600000, 0x00007fa4cec90000, 0x00007fa4cec90000)
  from space 267072K,  74% used [0x00007fa4cec90000, 0x00007fa4daf54a80, 0x00007fa4df160000)
  to   space 267072K,   0% used [0x00007fa4df160000, 0x00007fa4df160000, 0x00007fa4ef630000)
 tenured generation   total 5341532K, used 3826980K [0x00007fa9a1b50000, 0x00007faae7ba7000, 0x00007fb44c600000)
   the space 5341532K,  71% used [0x00007fa9a1b50000, 0x00007faa8b4990e0, 0x00007faa8b499200, 0x00007faae7ba7000)
 Metaspace       used 30645K, capacity 31072K, committed 31232K, reserved 32768K
}
Event: 153.430 GC heap after
{Heap after GC invocations=259 (full 16):
 def new generation   total 2403712K, used 226384K [0x00007fa44c600000, 0x00007fa4ef630000, 0x00007fa9a1b50000)
  eden space 2136640K,   0% used [0x00007fa44c600000, 0x00007fa44c600000, 0x00007fa4cec90000)
  from space 267072K,  84% used [0x00007fa4df160000, 0x00007fa4ece743c8, 0x00007fa4ef630000)
  to   space 267072K,   0% used [0x00007fa4cec90000, 0x00007fa4cec90000, 0x00007fa4df160000)
 tenured generation   total 5341532K, used 4026422K [0x00007fa9a1b50000, 0x00007faae7ba7000, 0x00007fb44c600000)
   the space 5341532K,  75% used [0x00007fa9a1b50000, 0x00007faa9775d9c0, 0x00007faa9775da00, 0x00007faae7ba7000)
 Metaspace       used 30645K, capacity 31072K, committed 31232K, reserved 32768K
}
Event: 154.015 GC heap before
{Heap before GC invocations=259 (full 16):
 def new generation   total 2403712K, used 2363024K [0x00007fa44c600000, 0x00007fa4ef630000, 0x00007fa9a1b50000)
  eden space 2136640K, 100% used [0x00007fa44c600000, 0x00007fa4cec90000, 0x00007fa4cec90000)
  from space 267072K,  84% used [0x00007fa4df160000, 0x00007fa4ece743c8, 0x00007fa4ef630000)
  to   space 267072K,   0% used [0x00007fa4cec90000, 0x00007fa4cec90000, 0x00007fa4df160000)
 tenured generation   total 5341532K, used 4026422K [0x00007fa9a1b50000, 0x00007faae7ba7000, 0x00007fb44c600000)
   the space 5341532K,  75% used [0x00007fa9a1b50000, 0x00007faa9775d9c0, 0x00007faa9775da00, 0x00007faae7ba7000)
 Metaspace       used 30645K, capacity 31072K, committed 31232K, reserved 32768K
}
Event: 154.715 GC heap after
{Heap after GC invocations=260 (full 16):
 def new generation   total 2403712K, used 215083K [0x00007fa44c600000, 0x00007fa4ef630000, 0x00007fa9a1b50000)
  eden space 2136640K,   0% used [0x00007fa44c600000, 0x00007fa44c600000, 0x00007fa4cec90000)
  from space 267072K,  80% used [0x00007fa4cec90000, 0x00007fa4dbe9af78, 0x00007fa4df160000)
  to   space 267072K,   0% used [0x00007fa4df160000, 0x00007fa4df160000, 0x00007fa4ef630000)
 tenured generation   total 5341532K, used 4252806K [0x00007fa9a1b50000, 0x00007faae7ba7000, 0x00007fb44c600000)
   the space 5341532K,  79% used [0x00007fa9a1b50000, 0x00007faaa5471938, 0x00007faaa5471a00, 0x00007faae7ba7000)
 Metaspace       used 30645K, capacity 31072K, committed 31232K, reserved 32768K
}
Event: 155.270 GC heap before
{Heap before GC invocations=260 (full 16):
 def new generation   total 2403712K, used 2351723K [0x00007fa44c600000, 0x00007fa4ef630000, 0x00007fa9a1b50000)
  eden space 2136640K, 100% used [0x00007fa44c600000, 0x00007fa4cec90000, 0x00007fa4cec90000)
  from space 267072K,  80% used [0x00007fa4cec90000, 0x00007fa4dbe9af78, 0x00007fa4df160000)
  to   space 267072K,   0% used [0x00007fa4df160000, 0x00007fa4df160000, 0x00007fa4ef630000)
 tenured generation   total 5341532K, used 4252806K [0x00007fa9a1b50000, 0x00007faae7ba7000, 0x00007fb44c600000)
   the space 5341532K,  79% used [0x00007fa9a1b50000, 0x00007faaa5471938, 0x00007faaa5471a00, 0x00007faae7ba7000)
 Metaspace       used 30645K, capacity 31072K, committed 31232K, reserved 32768K
}
Event: 156.001 GC heap after
{Heap after GC invocations=261 (full 16):
 def new generation   total 2403712K, used 235398K [0x00007fa44c600000, 0x00007fa4ef630000, 0x00007fa9a1b50000)
  eden space 2136640K,   0% used [0x00007fa44c600000, 0x00007fa44c600000, 0x00007fa4cec90000)
  from space 267072K,  88% used [0x00007fa4df160000, 0x00007fa4ed7418b0, 0x00007fa4ef630000)
  to   space 267072K,   0% used [0x00007fa4cec90000, 0x00007fa4cec90000, 0x00007fa4df160000)
 tenured generation   total 5341532K, used 4467889K [0x00007fa9a1b50000, 0x00007faae7ba7000, 0x00007fb44c600000)
   the space 5341532K,  83% used [0x00007fa9a1b50000, 0x00007faab267c460, 0x00007faab267c600, 0x00007faae7ba7000)
 Metaspace       used 30645K, capacity 31072K, committed 31232K, reserved 32768K
}
Event: 156.565 GC heap before
{Heap before GC invocations=261 (full 16):
 def new generation   total 2403712K, used 2372038K [0x00007fa44c600000, 0x00007fa4ef630000, 0x00007fa9a1b50000)
  eden space 2136640K, 100% used [0x00007fa44c600000, 0x00007fa4cec90000, 0x00007fa4cec90000)
  from space 267072K,  88% used [0x00007fa4df160000, 0x00007fa4ed7418b0, 0x00007fa4ef630000)
  to   space 267072K,   0% used [0x00007fa4cec90000, 0x00007fa4cec90000, 0x00007fa4df160000)
 tenured generation   total 5341532K, used 4467889K [0x00007fa9a1b50000, 0x00007faae7ba7000, 0x00007fb44c600000)
   the space 5341532K,  83% used [0x00007fa9a1b50000, 0x00007faab267c460, 0x00007faab267c600, 0x00007faae7ba7000)
 Metaspace       used 30645K, capacity 31072K, committed 31232K, reserved 32768K
}
Event: 157.228 GC heap after
{Heap after GC invocations=262 (full 16):
 def new generation   total 2403712K, used 190501K [0x00007fa44c600000, 0x00007fa4ef630000, 0x00007fa9a1b50000)
  eden space 2136640K,   0% used [0x00007fa44c600000, 0x00007fa44c600000, 0x00007fa4cec90000)
  from space 267072K,  71% used [0x00007fa4cec90000, 0x00007fa4da699560, 0x00007fa4df160000)
  to   space 267072K,   0% used [0x00007fa4df160000, 0x00007fa4df160000, 0x00007fa4ef630000)
 tenured generation   total 5341532K, used 4703286K [0x00007fa9a1b50000, 0x00007faae7ba7000, 0x00007fb44c600000)
   the space 5341532K,  88% used [0x00007fa9a1b50000, 0x00007faac0c5da40, 0x00007faac0c5dc00, 0x00007faae7ba7000)
 Metaspace       used 30645K, capacity 31072K, committed 31232K, reserved 32768K
}
Event: 157.801 GC heap before
{Heap before GC invocations=262 (full 16):
 def new generation   total 2403712K, used 2327141K [0x00007fa44c600000, 0x00007fa4ef630000, 0x00007fa9a1b50000)
  eden space 2136640K, 100% used [0x00007fa44c600000, 0x00007fa4cec90000, 0x00007fa4cec90000)
  from space 267072K,  71% used [0x00007fa4cec90000, 0x00007fa4da699560, 0x00007fa4df160000)
  to   space 267072K,   0% used [0x00007fa4df160000, 0x00007fa4df160000, 0x00007fa4ef630000)
 tenured generation   total 5341532K, used 4703286K [0x00007fa9a1b50000, 0x00007faae7ba7000, 0x00007fb44c600000)
   the space 5341532K,  88% used [0x00007fa9a1b50000, 0x00007faac0c5da40, 0x00007faac0c5dc00, 0x00007faae7ba7000)
 Metaspace       used 30645K, capacity 31072K, committed 31232K, reserved 32768K
}
Event: 158.491 GC heap after
{Heap after GC invocations=263 (full 16):
 def new generation   total 2403712K, used 234081K [0x00007fa44c600000, 0x00007fa4ef630000, 0x00007fa9a1b50000)
  eden space 2136640K,   0% used [0x00007fa44c600000, 0x00007fa44c600000, 0x00007fa4cec90000)
  from space 267072K,  87% used [0x00007fa4df160000, 0x00007fa4ed5f8450, 0x00007fa4ef630000)
  to   space 267072K,   0% used [0x00007fa4cec90000, 0x00007fa4cec90000, 0x00007fa4df160000)
 tenured generation   total 5341532K, used 4893787K [0x00007fa9a1b50000, 0x00007faae7ba7000, 0x00007fb44c600000)
   the space 5341532K,  91% used [0x00007fa9a1b50000, 0x00007faacc666ea0, 0x00007faacc667000, 0x00007faae7ba7000)
 Metaspace       used 30645K, capacity 31072K, committed 31232K, reserved 32768K
}
Event: 159.063 GC heap before
{Heap before GC invocations=263 (full 16):
 def new generation   total 2403712K, used 2370721K [0x00007fa44c600000, 0x00007fa4ef630000, 0x00007fa9a1b50000)
  eden space 2136640K, 100% used [0x00007fa44c600000, 0x00007fa4cec90000, 0x00007fa4cec90000)
  from space 267072K,  87% used [0x00007fa4df160000, 0x00007fa4ed5f8450, 0x00007fa4ef630000)
  to   space 267072K,   0% used [0x00007fa4cec90000, 0x00007fa4cec90000, 0x00007fa4df160000)
 tenured generation   total 5341532K, used 4893787K [0x00007fa9a1b50000, 0x00007faae7ba7000, 0x00007fb44c600000)
   the space 5341532K,  91% used [0x00007fa9a1b50000, 0x00007faacc666ea0, 0x00007faacc667000, 0x00007faae7ba7000)
 Metaspace       used 30645K, capacity 31072K, committed 31232K, reserved 32768K
}
Event: 159.778 GC heap after
{Heap after GC invocations=264 (full 16):
 def new generation   total 2403712K, used 225543K [0x00007fa44c600000, 0x00007fa4ef630000, 0x00007fa9a1b50000)
  eden space 2136640K,   0% used [0x00007fa44c600000, 0x00007fa44c600000, 0x00007fa4cec90000)
  from space 267072K,  84% used [0x00007fa4cec90000, 0x00007fa4dc8d1e10, 0x00007fa4df160000)
  to   space 267072K,   0% used [0x00007fa4df160000, 0x00007fa4df160000, 0x00007fa4ef630000)
 tenured generation   total 5341532K, used 5127868K [0x00007fa9a1b50000, 0x00007faae7ba7000, 0x00007fb44c600000)
   the space 5341532K,  95% used [0x00007fa9a1b50000, 0x00007faadaaff170, 0x00007faadaaff200, 0x00007faae7ba7000)
 Metaspace       used 30645K, capacity 31072K, committed 31232K, reserved 32768K
}
Event: 160.337 GC heap before
{Heap before GC invocations=264 (full 16):
 def new generation   total 2403712K, used 2362183K [0x00007fa44c600000, 0x00007fa4ef630000, 0x00007fa9a1b50000)
  eden space 2136640K, 100% used [0x00007fa44c600000, 0x00007fa4cec90000, 0x00007fa4cec90000)
  from space 267072K,  84% used [0x00007fa4cec90000, 0x00007fa4dc8d1e10, 0x00007fa4df160000)
  to   space 267072K,   0% used [0x00007fa4df160000, 0x00007fa4df160000, 0x00007fa4ef630000)
 tenured generation   total 5341532K, used 5127868K [0x00007fa9a1b50000, 0x00007faae7ba7000, 0x00007fb44c600000)
   the space 5341532K,  95% used [0x00007fa9a1b50000, 0x00007faadaaff170, 0x00007faadaaff200, 0x00007faae7ba7000)
 Metaspace       used 30645K, capacity 31072K, committed 31232K, reserved 32768K
}
Event: 161.005 GC heap after
{Heap after GC invocations=265 (full 16):
 def new generation   total 2403712K, used 205686K [0x00007fa44c600000, 0x00007fa4ef630000, 0x00007fa9a1b50000)
  eden space 2136640K,   0% used [0x00007fa44c600000, 0x00007fa44c600000, 0x00007fa4cec90000)
  from space 267072K,  77% used [0x00007fa4df160000, 0x00007fa4eba3d8e0, 0x00007fa4ef630000)
  to   space 267072K,   0% used [0x00007fa4cec90000, 0x00007fa4cec90000, 0x00007fa4df160000)
 tenured generation   total 5353436K, used 5353411K [0x00007fa9a1b50000, 0x00007faae8747000, 0x00007fb44c600000)
   the space 5353436K,  99% used [0x00007fa9a1b50000, 0x00007faae8740dc0, 0x00007faae8740e00, 0x00007faae8747000)
 Metaspace       used 30645K, capacity 31072K, committed 31232K, reserved 32768K
}
Event: 161.005 GC heap before
{Heap before GC invocations=265 (full 16):
 def new generation   total 2403712K, used 205686K [0x00007fa44c600000, 0x00007fa4ef630000, 0x00007fa9a1b50000)
  eden space 2136640K,   0% used [0x00007fa44c600000, 0x00007fa44c600000, 0x00007fa4cec90000)
  from space 267072K,  77% used [0x00007fa4df160000, 0x00007fa4eba3d8e0, 0x00007fa4ef630000)
  to   space 267072K,   0% used [0x00007fa4cec90000, 0x00007fa4cec90000, 0x00007fa4df160000)
 tenured generation   total 5353436K, used 5353411K [0x00007fa9a1b50000, 0x00007faae8747000, 0x00007fb44c600000)
   the space 5353436K,  99% used [0x00007fa9a1b50000, 0x00007faae8740dc0, 0x00007faae8740e00, 0x00007faae8747000)
 Metaspace       used 30645K, capacity 31072K, committed 31232K, reserved 32768K
}

