# JRE version: OpenJDK Runtime Environment (13.0.7+5) (build 13.0.7+5-Ubuntu-0ubuntu120.04)
# Java VM: OpenJDK 64-Bit Server VM (13.0.7+5-Ubuntu-0ubuntu120.04, mixed mode, tiered, serial gc, linux-amd64)
Heap:
 def new generation   total 3163200K, used 0K [0x00007f58a4600000, 0x00007f597ae40000, 0x00007f5df9b50000)
  eden space 2811776K,   0% used [0x00007f58a4600000, 0x00007f58a4600000, 0x00007f594ffe0000)
  from space 351424K,   0% used [0x00007f5965710000, 0x00007f5965710000, 0x00007f597ae40000)
  to   space 351424K,   0% used [0x00007f594ffe0000, 0x00007f594ffe0000, 0x00007f5965710000)
 tenured generation   total 15417784K, used 8398231K [0x00007f5df9b50000, 0x00007f61a6bbe000, 0x00007f68a4600000)
   the space 15417784K,  54% used [0x00007f5df9b50000, 0x00007f5ffa4b5f68, 0x00007f5ffa4b6000, 0x00007f61a6bbe000)
 Metaspace       used 23164K, capacity 23519K, committed 23552K, reserved 24576K
GC Heap History (19 events):
Event: 2.439 GC heap before
{Heap before GC invocations=0 (full 0):
 def new generation   total 629120K, used 100666K [0x00007f58a4600000, 0x00007f58cf0a0000, 0x00007f5df9b50000)
  eden space 559232K,  18% used [0x00007f58a4600000, 0x00007f58aa84e938, 0x00007f58c6820000)
  from space 69888K,   0% used [0x00007f58c6820000, 0x00007f58c6820000, 0x00007f58cac60000)
  to   space 69888K,   0% used [0x00007f58cac60000, 0x00007f58cac60000, 0x00007f58cf0a0000)
 tenured generation   total 1398144K, used 0K [0x00007f5df9b50000, 0x00007f5e4f0b0000, 0x00007f68a4600000)
   the space 1398144K,   0% used [0x00007f5df9b50000, 0x00007f5df9b50000, 0x00007f5df9b50200, 0x00007f5e4f0b0000)
 Metaspace       used 20949K, capacity 21216K, committed 21248K, reserved 22528K
}
Event: 2.482 GC heap after
{Heap after GC invocations=1 (full 1):
 def new generation   total 629248K, used 0K [0x00007f58a4600000, 0x00007f58cf0c0000, 0x00007f5df9b50000)
  eden space 559360K,   0% used [0x00007f58a4600000, 0x00007f58a4600000, 0x00007f58c6840000)
  from space 69888K,   0% used [0x00007f58c6840000, 0x00007f58c6840000, 0x00007f58cac80000)
  to   space 69888K,   0% used [0x00007f58cac80000, 0x00007f58cac80000, 0x00007f58cf0c0000)
 tenured generation   total 1398144K, used 13638K [0x00007f5df9b50000, 0x00007f5e4f0b0000, 0x00007f68a4600000)
   the space 1398144K,   0% used [0x00007f5df9b50000, 0x00007f5dfa8a1990, 0x00007f5dfa8a1a00, 0x00007f5e4f0b0000)
 Metaspace       used 20949K, capacity 21216K, committed 21248K, reserved 22528K
}
Event: 3.132 GC heap before
{Heap before GC invocations=1 (full 1):
 def new generation   total 629248K, used 559360K [0x00007f58a4600000, 0x00007f58cf0c0000, 0x00007f5df9b50000)
  eden space 559360K, 100% used [0x00007f58a4600000, 0x00007f58c6840000, 0x00007f58c6840000)
  from space 69888K,   0% used [0x00007f58c6840000, 0x00007f58c6840000, 0x00007f58cac80000)
  to   space 69888K,   0% used [0x00007f58cac80000, 0x00007f58cac80000, 0x00007f58cf0c0000)
 tenured generation   total 1398144K, used 13638K [0x00007f5df9b50000, 0x00007f5e4f0b0000, 0x00007f68a4600000)
   the space 1398144K,   0% used [0x00007f5df9b50000, 0x00007f5dfa8a1990, 0x00007f5dfa8a1a00, 0x00007f5e4f0b0000)
 Metaspace       used 22643K, capacity 22995K, committed 23040K, reserved 24576K
}
Event: 3.136 GC heap after
{Heap after GC invocations=2 (full 1):
 def new generation   total 629248K, used 759K [0x00007f58a4600000, 0x00007f58cf0c0000, 0x00007f5df9b50000)
  eden space 559360K,   0% used [0x00007f58a4600000, 0x00007f58a4600000, 0x00007f58c6840000)
  from space 69888K,   1% used [0x00007f58cac80000, 0x00007f58cad3dc08, 0x00007f58cf0c0000)
  to   space 69888K,   0% used [0x00007f58c6840000, 0x00007f58c6840000, 0x00007f58cac80000)
 tenured generation   total 1398144K, used 13638K [0x00007f5df9b50000, 0x00007f5e4f0b0000, 0x00007f68a4600000)
   the space 1398144K,   0% used [0x00007f5df9b50000, 0x00007f5dfa8a1990, 0x00007f5dfa8a1a00, 0x00007f5e4f0b0000)
 Metaspace       used 22643K, capacity 22995K, committed 23040K, reserved 24576K
}
Event: 4.147 GC heap before
{Heap before GC invocations=2 (full 1):
 def new generation   total 629248K, used 560119K [0x00007f58a4600000, 0x00007f58cf0c0000, 0x00007f5df9b50000)
  eden space 559360K, 100% used [0x00007f58a4600000, 0x00007f58c6840000, 0x00007f58c6840000)
  from space 69888K,   1% used [0x00007f58cac80000, 0x00007f58cad3dc08, 0x00007f58cf0c0000)
  to   space 69888K,   0% used [0x00007f58c6840000, 0x00007f58c6840000, 0x00007f58cac80000)
 tenured generation   total 1398144K, used 13638K [0x00007f5df9b50000, 0x00007f5e4f0b0000, 0x00007f68a4600000)
   the space 1398144K,   0% used [0x00007f5df9b50000, 0x00007f5dfa8a1990, 0x00007f5dfa8a1a00, 0x00007f5e4f0b0000)
 Metaspace       used 22926K, capacity 23285K, committed 23552K, reserved 24576K
}
Event: 4.149 GC heap after
{Heap after GC invocations=3 (full 1):
 def new generation   total 629248K, used 887K [0x00007f58a4600000, 0x00007f58cf0c0000, 0x00007f5df9b50000)
  eden space 559360K,   0% used [0x00007f58a4600000, 0x00007f58a4600000, 0x00007f58c6840000)
  from space 69888K,   1% used [0x00007f58c6840000, 0x00007f58c691dea8, 0x00007f58cac80000)
  to   space 69888K,   0% used [0x00007f58cac80000, 0x00007f58cac80000, 0x00007f58cf0c0000)
 tenured generation   total 1398144K, used 13638K [0x00007f5df9b50000, 0x00007f5e4f0b0000, 0x00007f68a4600000)
   the space 1398144K,   0% used [0x00007f5df9b50000, 0x00007f5dfa8a1990, 0x00007f5dfa8a1a00, 0x00007f5e4f0b0000)
 Metaspace       used 22926K, capacity 23285K, committed 23552K, reserved 24576K
}
Event: 4.738 GC heap before
{Heap before GC invocations=3 (full 1):
 def new generation   total 629248K, used 560247K [0x00007f58a4600000, 0x00007f58cf0c0000, 0x00007f5df9b50000)
  eden space 559360K, 100% used [0x00007f58a4600000, 0x00007f58c6840000, 0x00007f58c6840000)
  from space 69888K,   1% used [0x00007f58c6840000, 0x00007f58c691dea8, 0x00007f58cac80000)
  to   space 69888K,   0% used [0x00007f58cac80000, 0x00007f58cac80000, 0x00007f58cf0c0000)
 tenured generation   total 1398144K, used 13638K [0x00007f5df9b50000, 0x00007f5e4f0b0000, 0x00007f68a4600000)
   the space 1398144K,   0% used [0x00007f5df9b50000, 0x00007f5dfa8a1990, 0x00007f5dfa8a1a00, 0x00007f5e4f0b0000)
 Metaspace       used 22926K, capacity 23285K, committed 23552K, reserved 24576K
}
Event: 4.741 GC heap after
{Heap after GC invocations=4 (full 1):
 def new generation   total 629248K, used 1112K [0x00007f58a4600000, 0x00007f58cf0c0000, 0x00007f5df9b50000)
  eden space 559360K,   0% used [0x00007f58a4600000, 0x00007f58a4600000, 0x00007f58c6840000)
  from space 69888K,   1% used [0x00007f58cac80000, 0x00007f58cad963c0, 0x00007f58cf0c0000)
  to   space 69888K,   0% used [0x00007f58c6840000, 0x00007f58c6840000, 0x00007f58cac80000)
 tenured generation   total 1398144K, used 13638K [0x00007f5df9b50000, 0x00007f5e4f0b0000, 0x00007f68a4600000)
   the space 1398144K,   0% used [0x00007f5df9b50000, 0x00007f5dfa8a1990, 0x00007f5dfa8a1a00, 0x00007f5e4f0b0000)
 Metaspace       used 22926K, capacity 23285K, committed 23552K, reserved 24576K
}
Event: 5.267 GC heap before
{Heap before GC invocations=4 (full 1):
 def new generation   total 629248K, used 290209K [0x00007f58a4600000, 0x00007f58cf0c0000, 0x00007f5df9b50000)
  eden space 559360K,  51% used [0x00007f58a4600000, 0x00007f58b6052420, 0x00007f58c6840000)
  from space 69888K,   1% used [0x00007f58cac80000, 0x00007f58cad963c0, 0x00007f58cf0c0000)
  to   space 69888K,   0% used [0x00007f58c6840000, 0x00007f58c6840000, 0x00007f58cac80000)
 tenured generation   total 1398144K, used 13638K [0x00007f5df9b50000, 0x00007f5e4f0b0000, 0x00007f68a4600000)
   the space 1398144K,   0% used [0x00007f5df9b50000, 0x00007f5dfa8a1990, 0x00007f5dfa8a1a00, 0x00007f5e4f0b0000)
 Metaspace       used 23164K, capacity 23519K, committed 23552K, reserved 24576K
}
Event: 5.277 GC heap after
{Heap after GC invocations=5 (full 1):
 def new generation   total 629248K, used 9559K [0x00007f58a4600000, 0x00007f58cf0c0000, 0x00007f5df9b50000)
  eden space 559360K,   0% used [0x00007f58a4600000, 0x00007f58a4600000, 0x00007f58c6840000)
  from space 69888K,  13% used [0x00007f58c6840000, 0x00007f58c7195f70, 0x00007f58cac80000)
  to   space 69888K,   0% used [0x00007f58cac80000, 0x00007f58cac80000, 0x00007f58cf0c0000)
 tenured generation   total 1398144K, used 13638K [0x00007f5df9b50000, 0x00007f5e4f0b0000, 0x00007f68a4600000)
   the space 1398144K,   0% used [0x00007f5df9b50000, 0x00007f5dfa8a1990, 0x00007f5dfa8a1a00, 0x00007f5e4f0b0000)
 Metaspace       used 23164K, capacity 23519K, committed 23552K, reserved 24576K
}
Event: 5.277 GC heap before
{Heap before GC invocations=5 (full 1):
 def new generation   total 629248K, used 9559K [0x00007f58a4600000, 0x00007f58cf0c0000, 0x00007f5df9b50000)
  eden space 559360K,   0% used [0x00007f58a4600000, 0x00007f58a4600000, 0x00007f58c6840000)
  from space 69888K,  13% used [0x00007f58c6840000, 0x00007f58c7195f70, 0x00007f58cac80000)
  to   space 69888K,   0% used [0x00007f58cac80000, 0x00007f58cac80000, 0x00007f58cf0c0000)
 tenured generation   total 1398144K, used 13638K [0x00007f5df9b50000, 0x00007f5e4f0b0000, 0x00007f68a4600000)
   the space 1398144K,   0% used [0x00007f5df9b50000, 0x00007f5dfa8a1990, 0x00007f5dfa8a1a00, 0x00007f5e4f0b0000)
 Metaspace       used 23164K, capacity 23519K, committed 23552K, reserved 24576K
}
Event: 5.323 GC heap after
{Heap after GC invocations=5 (full 2):
 def new generation   total 629248K, used 0K [0x00007f58a4600000, 0x00007f58cf0c0000, 0x00007f5df9b50000)
  eden space 559360K,   0% used [0x00007f58a4600000, 0x00007f58a4600000, 0x00007f58c6840000)
  from space 69888K,   0% used [0x00007f58c6840000, 0x00007f58c6840000, 0x00007f58cac80000)
  to   space 69888K,   0% used [0x00007f58cac80000, 0x00007f58cac80000, 0x00007f58cf0c0000)
 tenured generation   total 1398144K, used 23197K [0x00007f5df9b50000, 0x00007f5e4f0b0000, 0x00007f68a4600000)
   the space 1398144K,   1% used [0x00007f5df9b50000, 0x00007f5dfb1f7640, 0x00007f5dfb1f7800, 0x00007f5e4f0b0000)
 Metaspace       used 23164K, capacity 23519K, committed 23552K, reserved 24576K
}
Event: 11.411 GC heap before
{Heap before GC invocations=5 (full 2):
 def new generation   total 629248K, used 10920K [0x00007f58a4600000, 0x00007f58cf0c0000, 0x00007f5df9b50000)
  eden space 559360K,   1% used [0x00007f58a4600000, 0x00007f58a50aa070, 0x00007f58c6840000)
  from space 69888K,   0% used [0x00007f58c6840000, 0x00007f58c6840000, 0x00007f58cac80000)
  to   space 69888K,   0% used [0x00007f58cac80000, 0x00007f58cac80000, 0x00007f58cf0c0000)
 tenured generation   total 5592452K, used 4217501K [0x00007f5df9b50000, 0x00007f5f4f0b1000, 0x00007f68a4600000)
   the space 5592452K,  75% used [0x00007f5df9b50000, 0x00007f5efb1f7658, 0x00007f5efb1f7800, 0x00007f5f4f0b1000)
 Metaspace       used 23164K, capacity 23519K, committed 23552K, reserved 24576K
}
Event: 11.418 GC heap after
{Heap after GC invocations=6 (full 2):
 def new generation   total 629248K, used 0K [0x00007f58a4600000, 0x00007f58cf0c0000, 0x00007f5df9b50000)
  eden space 559360K,   0% used [0x00007f58a4600000, 0x00007f58a4600000, 0x00007f58c6840000)
  from space 69888K,   0% used [0x00007f58cac80000, 0x00007f58cac80318, 0x00007f58cf0c0000)
  to   space 69888K,   0% used [0x00007f58c6840000, 0x00007f58c6840000, 0x00007f58cac80000)
 tenured generation   total 5592452K, used 4217501K [0x00007f5df9b50000, 0x00007f5f4f0b1000, 0x00007f68a4600000)
   the space 5592452K,  75% used [0x00007f5df9b50000, 0x00007f5efb1f7658, 0x00007f5efb1f7800, 0x00007f5f4f0b1000)
 Metaspace       used 23164K, capacity 23519K, committed 23552K, reserved 24576K
}
Event: 11.418 GC heap before
{Heap before GC invocations=6 (full 2):
 def new generation   total 629248K, used 0K [0x00007f58a4600000, 0x00007f58cf0c0000, 0x00007f5df9b50000)
  eden space 559360K,   0% used [0x00007f58a4600000, 0x00007f58a4600000, 0x00007f58c6840000)
  from space 69888K,   0% used [0x00007f58cac80000, 0x00007f58cac80318, 0x00007f58cf0c0000)
  to   space 69888K,   0% used [0x00007f58c6840000, 0x00007f58c6840000, 0x00007f58cac80000)
 tenured generation   total 5592452K, used 4217501K [0x00007f5df9b50000, 0x00007f5f4f0b1000, 0x00007f68a4600000)
   the space 5592452K,  75% used [0x00007f5df9b50000, 0x00007f5efb1f7658, 0x00007f5efb1f7800, 0x00007f5f4f0b1000)
 Metaspace       used 23164K, capacity 23519K, committed 23552K, reserved 24576K
}
Event: 11.482 GC heap after
{Heap after GC invocations=6 (full 3):
 def new generation   total 3163200K, used 0K [0x00007f58a4600000, 0x00007f597ae40000, 0x00007f5df9b50000)
  eden space 2811776K,   0% used [0x00007f58a4600000, 0x00007f58a4600000, 0x00007f594ffe0000)
  from space 351424K,   0% used [0x00007f594ffe0000, 0x00007f594ffe0000, 0x00007f5965710000)
  to   space 351424K,   0% used [0x00007f5965710000, 0x00007f5965710000, 0x00007f597ae40000)
 tenured generation   total 7029172K, used 4217502K [0x00007f5df9b50000, 0x00007f5fa6bbd000, 0x00007f68a4600000)
   the space 7029172K,  59% used [0x00007f5df9b50000, 0x00007f5efb1f7970, 0x00007f5efb1f7a00, 0x00007f5fa6bbd000)
 Metaspace       used 23164K, capacity 23519K, committed 23552K, reserved 24576K
}
Event: 34.922 GC heap before
{Heap before GC invocations=6 (full 3):
 def new generation   total 3163200K, used 54892K [0x00007f58a4600000, 0x00007f597ae40000, 0x00007f5df9b50000)
  eden space 2811776K,   1% used [0x00007f58a4600000, 0x00007f58a7b9b328, 0x00007f594ffe0000)
  from space 351424K,   0% used [0x00007f594ffe0000, 0x00007f594ffe0000, 0x00007f5965710000)
  to   space 351424K,   0% used [0x00007f5965710000, 0x00007f5965710000, 0x00007f597ae40000)
 tenured generation   total 15417784K, used 12606110K [0x00007f5df9b50000, 0x00007f61a6bbe000, 0x00007f68a4600000)
   the space 15417784K,  81% used [0x00007f5df9b50000, 0x00007f60fb1f7988, 0x00007f60fb1f7a00, 0x00007f61a6bbe000)
 Metaspace       used 23164K, capacity 23519K, committed 23552K, reserved 24576K
}
Event: 34.992 GC heap after
{Heap after GC invocations=7 (full 3):
 def new generation   total 3163200K, used 22K [0x00007f58a4600000, 0x00007f597ae40000, 0x00007f5df9b50000)
  eden space 2811776K,   0% used [0x00007f58a4600000, 0x00007f58a4600000, 0x00007f594ffe0000)
  from space 351424K,   0% used [0x00007f5965710000, 0x00007f5965715860, 0x00007f597ae40000)
  to   space 351424K,   0% used [0x00007f594ffe0000, 0x00007f594ffe0000, 0x00007f5965710000)
 tenured generation   total 15417784K, used 12606110K [0x00007f5df9b50000, 0x00007f61a6bbe000, 0x00007f68a4600000)
   the space 15417784K,  81% used [0x00007f5df9b50000, 0x00007f60fb1f7988, 0x00007f60fb1f7a00, 0x00007f61a6bbe000)
 Metaspace       used 23164K, capacity 23519K, committed 23552K, reserved 24576K
}
Event: 34.992 GC heap before
{Heap before GC invocations=7 (full 3):
 def new generation   total 3163200K, used 22K [0x00007f58a4600000, 0x00007f597ae40000, 0x00007f5df9b50000)
  eden space 2811776K,   0% used [0x00007f58a4600000, 0x00007f58a4600000, 0x00007f594ffe0000)
  from space 351424K,   0% used [0x00007f5965710000, 0x00007f5965715860, 0x00007f597ae40000)
  to   space 351424K,   0% used [0x00007f594ffe0000, 0x00007f594ffe0000, 0x00007f5965710000)
 tenured generation   total 15417784K, used 12606110K [0x00007f5df9b50000, 0x00007f61a6bbe000, 0x00007f68a4600000)
   the space 15417784K,  81% used [0x00007f5df9b50000, 0x00007f60fb1f7988, 0x00007f60fb1f7a00, 0x00007f61a6bbe000)
 Metaspace       used 23164K, capacity 23519K, committed 23552K, reserved 24576K
}

