# JRE version: OpenJDK Runtime Environment (13.0.7+5) (build 13.0.7+5-Ubuntu-0ubuntu120.04)
# Java VM: OpenJDK 64-Bit Server VM (13.0.7+5-Ubuntu-0ubuntu120.04, mixed mode, tiered, serial gc, linux-amd64)
Heap:
 def new generation   total 2339008K, used 0K [0x00007f8bc4600000, 0x00007f8c62ff0000, 0x00007f9119b50000)
  eden space 2079168K,   0% used [0x00007f8bc4600000, 0x00007f8bc4600000, 0x00007f8c43470000)
  from space 259840K,   0% used [0x00007f8c43470000, 0x00007f8c43470000, 0x00007f8c53230000)
  to   space 259840K,   0% used [0x00007f8c53230000, 0x00007f8c53230000, 0x00007f8c62ff0000)
 tenured generation   total 5205504K, used 4953111K [0x00007f9119b50000, 0x00007f92576d0000, 0x00007f9bc4600000)
   the space 5205504K,  95% used [0x00007f9119b50000, 0x00007f9248055e90, 0x00007f9248056000, 0x00007f92576d0000)
 Metaspace       used 31665K, capacity 32176K, committed 32256K, reserved 32768K
GC Heap History (20 events):
Event: 492.354 GC heap after
{Heap after GC invocations=253 (full 8):
 def new generation   total 2339008K, used 259839K [0x00007f8bc4600000, 0x00007f8c62ff0000, 0x00007f9119b50000)
  eden space 2079168K,   0% used [0x00007f8bc4600000, 0x00007f8bc4600000, 0x00007f8c43470000)
  from space 259840K,  99% used [0x00007f8c53230000, 0x00007f8c62fefff0, 0x00007f8c62ff0000)
  to   space 259840K,   0% used [0x00007f8c43470000, 0x00007f8c43470000, 0x00007f8c53230000)
 tenured generation   total 5197632K, used 3296450K [0x00007f9119b50000, 0x00007f9256f20000, 0x00007f9bc4600000)
   the space 5197632K,  63% used [0x00007f9119b50000, 0x00007f91e2e80ab8, 0x00007f91e2e80c00, 0x00007f9256f20000)
 Metaspace       used 31665K, capacity 32176K, committed 32256K, reserved 32768K
}
Event: 553.149 GC heap before
{Heap before GC invocations=253 (full 8):
 def new generation   total 2339008K, used 2339007K [0x00007f8bc4600000, 0x00007f8c62ff0000, 0x00007f9119b50000)
  eden space 2079168K, 100% used [0x00007f8bc4600000, 0x00007f8c43470000, 0x00007f8c43470000)
  from space 259840K,  99% used [0x00007f8c53230000, 0x00007f8c62fefff0, 0x00007f8c62ff0000)
  to   space 259840K,   0% used [0x00007f8c43470000, 0x00007f8c43470000, 0x00007f8c53230000)
 tenured generation   total 5197632K, used 3296450K [0x00007f9119b50000, 0x00007f9256f20000, 0x00007f9bc4600000)
   the space 5197632K,  63% used [0x00007f9119b50000, 0x00007f91e2e80ab8, 0x00007f91e2e80c00, 0x00007f9256f20000)
 Metaspace       used 31665K, capacity 32176K, committed 32256K, reserved 32768K
}
Event: 553.950 GC heap after
{Heap after GC invocations=254 (full 8):
 def new generation   total 2339008K, used 259839K [0x00007f8bc4600000, 0x00007f8c62ff0000, 0x00007f9119b50000)
  eden space 2079168K,   0% used [0x00007f8bc4600000, 0x00007f8bc4600000, 0x00007f8c43470000)
  from space 259840K,  99% used [0x00007f8c43470000, 0x00007f8c5322fff0, 0x00007f8c53230000)
  to   space 259840K,   0% used [0x00007f8c53230000, 0x00007f8c53230000, 0x00007f8c62ff0000)
 tenured generation   total 5197632K, used 3734164K [0x00007f9119b50000, 0x00007f9256f20000, 0x00007f9bc4600000)
   the space 5197632K,  71% used [0x00007f9119b50000, 0x00007f91fd9f5038, 0x00007f91fd9f5200, 0x00007f9256f20000)
 Metaspace       used 31665K, capacity 32176K, committed 32256K, reserved 32768K
}
Event: 565.517 GC heap before
{Heap before GC invocations=254 (full 8):
 def new generation   total 2339008K, used 2339007K [0x00007f8bc4600000, 0x00007f8c62ff0000, 0x00007f9119b50000)
  eden space 2079168K, 100% used [0x00007f8bc4600000, 0x00007f8c43470000, 0x00007f8c43470000)
  from space 259840K,  99% used [0x00007f8c43470000, 0x00007f8c5322fff0, 0x00007f8c53230000)
  to   space 259840K,   0% used [0x00007f8c53230000, 0x00007f8c53230000, 0x00007f8c62ff0000)
 tenured generation   total 5197632K, used 3734164K [0x00007f9119b50000, 0x00007f9256f20000, 0x00007f9bc4600000)
   the space 5197632K,  71% used [0x00007f9119b50000, 0x00007f91fd9f5038, 0x00007f91fd9f5200, 0x00007f9256f20000)
 Metaspace       used 31665K, capacity 32176K, committed 32256K, reserved 32768K
}
Event: 566.094 GC heap after
{Heap after GC invocations=255 (full 8):
 def new generation   total 2339008K, used 259839K [0x00007f8bc4600000, 0x00007f8c62ff0000, 0x00007f9119b50000)
  eden space 2079168K,   0% used [0x00007f8bc4600000, 0x00007f8bc4600000, 0x00007f8c43470000)
  from space 259840K,  99% used [0x00007f8c53230000, 0x00007f8c62fefff8, 0x00007f8c62ff0000)
  to   space 259840K,   0% used [0x00007f8c43470000, 0x00007f8c43470000, 0x00007f8c53230000)
 tenured generation   total 5197632K, used 4008459K [0x00007f9119b50000, 0x00007f9256f20000, 0x00007f9bc4600000)
   the space 5197632K,  77% used [0x00007f9119b50000, 0x00007f920e5d2c18, 0x00007f920e5d2e00, 0x00007f9256f20000)
 Metaspace       used 31665K, capacity 32176K, committed 32256K, reserved 32768K
}
Event: 566.678 GC heap before
{Heap before GC invocations=255 (full 8):
 def new generation   total 2339008K, used 2339007K [0x00007f8bc4600000, 0x00007f8c62ff0000, 0x00007f9119b50000)
  eden space 2079168K, 100% used [0x00007f8bc4600000, 0x00007f8c43470000, 0x00007f8c43470000)
  from space 259840K,  99% used [0x00007f8c53230000, 0x00007f8c62fefff8, 0x00007f8c62ff0000)
  to   space 259840K,   0% used [0x00007f8c43470000, 0x00007f8c43470000, 0x00007f8c53230000)
 tenured generation   total 5197632K, used 4008459K [0x00007f9119b50000, 0x00007f9256f20000, 0x00007f9bc4600000)
   the space 5197632K,  77% used [0x00007f9119b50000, 0x00007f920e5d2c18, 0x00007f920e5d2e00, 0x00007f9256f20000)
 Metaspace       used 31665K, capacity 32176K, committed 32256K, reserved 32768K
}
Event: 567.187 GC heap after
{Heap after GC invocations=256 (full 8):
 def new generation   total 2339008K, used 157186K [0x00007f8bc4600000, 0x00007f8c62ff0000, 0x00007f9119b50000)
  eden space 2079168K,   0% used [0x00007f8bc4600000, 0x00007f8bc4600000, 0x00007f8c43470000)
  from space 259840K,  60% used [0x00007f8c43470000, 0x00007f8c4cdf08e0, 0x00007f8c53230000)
  to   space 259840K,   0% used [0x00007f8c53230000, 0x00007f8c53230000, 0x00007f8c62ff0000)
 tenured generation   total 5197632K, used 4268299K [0x00007f9119b50000, 0x00007f9256f20000, 0x00007f9bc4600000)
   the space 5197632K,  82% used [0x00007f9119b50000, 0x00007f921e392c10, 0x00007f921e392e00, 0x00007f9256f20000)
 Metaspace       used 31665K, capacity 32176K, committed 32256K, reserved 32768K
}
Event: 567.761 GC heap before
{Heap before GC invocations=256 (full 8):
 def new generation   total 2339008K, used 2236354K [0x00007f8bc4600000, 0x00007f8c62ff0000, 0x00007f9119b50000)
  eden space 2079168K, 100% used [0x00007f8bc4600000, 0x00007f8c43470000, 0x00007f8c43470000)
  from space 259840K,  60% used [0x00007f8c43470000, 0x00007f8c4cdf08e0, 0x00007f8c53230000)
  to   space 259840K,   0% used [0x00007f8c53230000, 0x00007f8c53230000, 0x00007f8c62ff0000)
 tenured generation   total 5197632K, used 4268299K [0x00007f9119b50000, 0x00007f9256f20000, 0x00007f9bc4600000)
   the space 5197632K,  82% used [0x00007f9119b50000, 0x00007f921e392c10, 0x00007f921e392e00, 0x00007f9256f20000)
 Metaspace       used 31665K, capacity 32176K, committed 32256K, reserved 32768K
}
Event: 568.190 GC heap after
{Heap after GC invocations=257 (full 8):
 def new generation   total 2339008K, used 156509K [0x00007f8bc4600000, 0x00007f8c62ff0000, 0x00007f9119b50000)
  eden space 2079168K,   0% used [0x00007f8bc4600000, 0x00007f8bc4600000, 0x00007f8c43470000)
  from space 259840K,  60% used [0x00007f8c53230000, 0x00007f8c5cb074b0, 0x00007f8c62ff0000)
  to   space 259840K,   0% used [0x00007f8c43470000, 0x00007f8c43470000, 0x00007f8c53230000)
 tenured generation   total 5197632K, used 4425484K [0x00007f9119b50000, 0x00007f9256f20000, 0x00007f9bc4600000)
   the space 5197632K,  85% used [0x00007f9119b50000, 0x00007f9227d13240, 0x00007f9227d13400, 0x00007f9256f20000)
 Metaspace       used 31665K, capacity 32176K, committed 32256K, reserved 32768K
}
Event: 568.765 GC heap before
{Heap before GC invocations=257 (full 8):
 def new generation   total 2339008K, used 2235677K [0x00007f8bc4600000, 0x00007f8c62ff0000, 0x00007f9119b50000)
  eden space 2079168K, 100% used [0x00007f8bc4600000, 0x00007f8c43470000, 0x00007f8c43470000)
  from space 259840K,  60% used [0x00007f8c53230000, 0x00007f8c5cb074b0, 0x00007f8c62ff0000)
  to   space 259840K,   0% used [0x00007f8c43470000, 0x00007f8c43470000, 0x00007f8c53230000)
 tenured generation   total 5197632K, used 4425484K [0x00007f9119b50000, 0x00007f9256f20000, 0x00007f9bc4600000)
   the space 5197632K,  85% used [0x00007f9119b50000, 0x00007f9227d13240, 0x00007f9227d13400, 0x00007f9256f20000)
 Metaspace       used 31665K, capacity 32176K, committed 32256K, reserved 32768K
}
Event: 569.192 GC heap after
{Heap after GC invocations=258 (full 8):
 def new generation   total 2339008K, used 154086K [0x00007f8bc4600000, 0x00007f8c62ff0000, 0x00007f9119b50000)
  eden space 2079168K,   0% used [0x00007f8bc4600000, 0x00007f8bc4600000, 0x00007f8c43470000)
  from space 259840K,  59% used [0x00007f8c43470000, 0x00007f8c4cae9818, 0x00007f8c53230000)
  to   space 259840K,   0% used [0x00007f8c53230000, 0x00007f8c53230000, 0x00007f8c62ff0000)
 tenured generation   total 5197632K, used 4581993K [0x00007f9119b50000, 0x00007f9256f20000, 0x00007f9bc4600000)
   the space 5197632K,  88% used [0x00007f9119b50000, 0x00007f92315ea470, 0x00007f92315ea600, 0x00007f9256f20000)
 Metaspace       used 31665K, capacity 32176K, committed 32256K, reserved 32768K
}
Event: 569.768 GC heap before
{Heap before GC invocations=258 (full 8):
 def new generation   total 2339008K, used 2233254K [0x00007f8bc4600000, 0x00007f8c62ff0000, 0x00007f9119b50000)
  eden space 2079168K, 100% used [0x00007f8bc4600000, 0x00007f8c43470000, 0x00007f8c43470000)
  from space 259840K,  59% used [0x00007f8c43470000, 0x00007f8c4cae9818, 0x00007f8c53230000)
  to   space 259840K,   0% used [0x00007f8c53230000, 0x00007f8c53230000, 0x00007f8c62ff0000)
 tenured generation   total 5197632K, used 4581993K [0x00007f9119b50000, 0x00007f9256f20000, 0x00007f9bc4600000)
   the space 5197632K,  88% used [0x00007f9119b50000, 0x00007f92315ea470, 0x00007f92315ea600, 0x00007f9256f20000)
 Metaspace       used 31665K, capacity 32176K, committed 32256K, reserved 32768K
}
Event: 570.187 GC heap after
{Heap after GC invocations=259 (full 8):
 def new generation   total 2339008K, used 152460K [0x00007f8bc4600000, 0x00007f8c62ff0000, 0x00007f9119b50000)
  eden space 2079168K,   0% used [0x00007f8bc4600000, 0x00007f8bc4600000, 0x00007f8c43470000)
  from space 259840K,  58% used [0x00007f8c53230000, 0x00007f8c5c7133f0, 0x00007f8c62ff0000)
  to   space 259840K,   0% used [0x00007f8c43470000, 0x00007f8c43470000, 0x00007f8c53230000)
 tenured generation   total 5197632K, used 4736078K [0x00007f9119b50000, 0x00007f9256f20000, 0x00007f9bc4600000)
   the space 5197632K,  91% used [0x00007f9119b50000, 0x00007f923ac63be8, 0x00007f923ac63c00, 0x00007f9256f20000)
 Metaspace       used 31665K, capacity 32176K, committed 32256K, reserved 32768K
}
Event: 570.764 GC heap before
{Heap before GC invocations=259 (full 8):
 def new generation   total 2339008K, used 2231628K [0x00007f8bc4600000, 0x00007f8c62ff0000, 0x00007f9119b50000)
  eden space 2079168K, 100% used [0x00007f8bc4600000, 0x00007f8c43470000, 0x00007f8c43470000)
  from space 259840K,  58% used [0x00007f8c53230000, 0x00007f8c5c7133f0, 0x00007f8c62ff0000)
  to   space 259840K,   0% used [0x00007f8c43470000, 0x00007f8c43470000, 0x00007f8c53230000)
 tenured generation   total 5197632K, used 4736078K [0x00007f9119b50000, 0x00007f9256f20000, 0x00007f9bc4600000)
   the space 5197632K,  91% used [0x00007f9119b50000, 0x00007f923ac63be8, 0x00007f923ac63c00, 0x00007f9256f20000)
 Metaspace       used 31665K, capacity 32176K, committed 32256K, reserved 32768K
}
Event: 571.191 GC heap after
{Heap after GC invocations=260 (full 8):
 def new generation   total 2339008K, used 158612K [0x00007f8bc4600000, 0x00007f8c62ff0000, 0x00007f9119b50000)
  eden space 2079168K,   0% used [0x00007f8bc4600000, 0x00007f8bc4600000, 0x00007f8c43470000)
  from space 259840K,  61% used [0x00007f8c43470000, 0x00007f8c4cf55218, 0x00007f8c53230000)
  to   space 259840K,   0% used [0x00007f8c53230000, 0x00007f8c53230000, 0x00007f8c62ff0000)
 tenured generation   total 5197632K, used 4888539K [0x00007f9119b50000, 0x00007f9256f20000, 0x00007f9bc4600000)
   the space 5197632K,  94% used [0x00007f9119b50000, 0x00007f9244146fb8, 0x00007f9244147000, 0x00007f9256f20000)
 Metaspace       used 31665K, capacity 32176K, committed 32256K, reserved 32768K
}
Event: 571.781 GC heap before
{Heap before GC invocations=260 (full 8):
 def new generation   total 2339008K, used 2237780K [0x00007f8bc4600000, 0x00007f8c62ff0000, 0x00007f9119b50000)
  eden space 2079168K, 100% used [0x00007f8bc4600000, 0x00007f8c43470000, 0x00007f8c43470000)
  from space 259840K,  61% used [0x00007f8c43470000, 0x00007f8c4cf55218, 0x00007f8c53230000)
  to   space 259840K,   0% used [0x00007f8c53230000, 0x00007f8c53230000, 0x00007f8c62ff0000)
 tenured generation   total 5197632K, used 4888539K [0x00007f9119b50000, 0x00007f9256f20000, 0x00007f9bc4600000)
   the space 5197632K,  94% used [0x00007f9119b50000, 0x00007f9244146fb8, 0x00007f9244147000, 0x00007f9256f20000)
 Metaspace       used 31665K, capacity 32176K, committed 32256K, reserved 32768K
}
Event: 572.227 GC heap after
{Heap after GC invocations=261 (full 8):
 def new generation   total 2339008K, used 158223K [0x00007f8bc4600000, 0x00007f8c62ff0000, 0x00007f9119b50000)
  eden space 2079168K,   0% used [0x00007f8bc4600000, 0x00007f8bc4600000, 0x00007f8c43470000)
  from space 259840K,  60% used [0x00007f8c53230000, 0x00007f8c5ccb3c60, 0x00007f8c62ff0000)
  to   space 259840K,   0% used [0x00007f8c43470000, 0x00007f8c43470000, 0x00007f8c53230000)
 tenured generation   total 5197632K, used 5047152K [0x00007f9119b50000, 0x00007f9256f20000, 0x00007f9bc4600000)
   the space 5197632K,  97% used [0x00007f9119b50000, 0x00007f924dc2c050, 0x00007f924dc2c200, 0x00007f9256f20000)
 Metaspace       used 31665K, capacity 32176K, committed 32256K, reserved 32768K
}
Event: 572.802 GC heap before
{Heap before GC invocations=261 (full 8):
 def new generation   total 2339008K, used 2237391K [0x00007f8bc4600000, 0x00007f8c62ff0000, 0x00007f9119b50000)
  eden space 2079168K, 100% used [0x00007f8bc4600000, 0x00007f8c43470000, 0x00007f8c43470000)
  from space 259840K,  60% used [0x00007f8c53230000, 0x00007f8c5ccb3c60, 0x00007f8c62ff0000)
  to   space 259840K,   0% used [0x00007f8c43470000, 0x00007f8c43470000, 0x00007f8c53230000)
 tenured generation   total 5197632K, used 5047152K [0x00007f9119b50000, 0x00007f9256f20000, 0x00007f9bc4600000)
   the space 5197632K,  97% used [0x00007f9119b50000, 0x00007f924dc2c050, 0x00007f924dc2c200, 0x00007f9256f20000)
 Metaspace       used 31665K, capacity 32176K, committed 32256K, reserved 32768K
}
Event: 573.266 GC heap after
{Heap after GC invocations=262 (full 8):
 def new generation   total 2339008K, used 159052K [0x00007f8bc4600000, 0x00007f8c62ff0000, 0x00007f9119b50000)
  eden space 2079168K,   0% used [0x00007f8bc4600000, 0x00007f8bc4600000, 0x00007f8c43470000)
  from space 259840K,  61% used [0x00007f8c43470000, 0x00007f8c4cfc3390, 0x00007f8c53230000)
  to   space 259840K,   0% used [0x00007f8c53230000, 0x00007f8c53230000, 0x00007f8c62ff0000)
 tenured generation   total 5205504K, used 5205374K [0x00007f9119b50000, 0x00007f92576d0000, 0x00007f9bc4600000)
   the space 5205504K,  99% used [0x00007f9119b50000, 0x00007f92576afbf0, 0x00007f92576afc00, 0x00007f92576d0000)
 Metaspace       used 31665K, capacity 32176K, committed 32256K, reserved 32768K
}
Event: 573.266 GC heap before
{Heap before GC invocations=262 (full 8):
 def new generation   total 2339008K, used 159052K [0x00007f8bc4600000, 0x00007f8c62ff0000, 0x00007f9119b50000)
  eden space 2079168K,   0% used [0x00007f8bc4600000, 0x00007f8bc4600000, 0x00007f8c43470000)
  from space 259840K,  61% used [0x00007f8c43470000, 0x00007f8c4cfc3390, 0x00007f8c53230000)
  to   space 259840K,   0% used [0x00007f8c53230000, 0x00007f8c53230000, 0x00007f8c62ff0000)
 tenured generation   total 5205504K, used 5205374K [0x00007f9119b50000, 0x00007f92576d0000, 0x00007f9bc4600000)
   the space 5205504K,  99% used [0x00007f9119b50000, 0x00007f92576afbf0, 0x00007f92576afc00, 0x00007f92576d0000)
 Metaspace       used 31665K, capacity 32176K, committed 32256K, reserved 32768K
}

