# JRE version: OpenJDK Runtime Environment (13.0.7+5) (build 13.0.7+5-Ubuntu-0ubuntu120.04)
# Java VM: OpenJDK 64-Bit Server VM (13.0.7+5-Ubuntu-0ubuntu120.04, mixed mode, tiered, serial gc, linux-amd64)
Heap:
 def new generation   total 2901696K, used 6782K [0x00007f5018600000, 0x00007f50dd280000, 0x00007f556db50000)
  eden space 2579328K,   0% used [0x00007f5018600000, 0x00007f5018c9faa0, 0x00007f50b5ce0000)
  from space 322368K,   0% used [0x00007f50b5ce0000, 0x00007f50b5ce0000, 0x00007f50c97b0000)
  to   space 322368K,   0% used [0x00007f50c97b0000, 0x00007f50c97b0000, 0x00007f50dd280000)
 tenured generation   total 6448276K, used 6448275K [0x00007f556db50000, 0x00007f56f7475000, 0x00007f6018600000)
   the space 6448276K,  99% used [0x00007f556db50000, 0x00007f56f7474ff8, 0x00007f56f7475000, 0x00007f56f7475000)
 Metaspace       used 24303K, capacity 24680K, committed 24832K, reserved 26624K
GC Heap History (20 events):
Event: 15066.699 GC heap after
{Heap after GC invocations=28198 (full 4):
 def new generation   total 2901696K, used 8367K [0x00007f5018600000, 0x00007f50dd280000, 0x00007f556db50000)
  eden space 2579328K,   0% used [0x00007f5018600000, 0x00007f5018600000, 0x00007f50b5ce0000)
  from space 322368K,   2% used [0x00007f50c97b0000, 0x00007f50c9fdbd80, 0x00007f50dd280000)
  to   space 322368K,   0% used [0x00007f50b5ce0000, 0x00007f50b5ce0000, 0x00007f50c97b0000)
 tenured generation   total 6448084K, used 6443083K [0x00007f556db50000, 0x00007f56f7445000, 0x00007f6018600000)
   the space 6448084K,  99% used [0x00007f556db50000, 0x00007f56f6f62d98, 0x00007f56f6f62e00, 0x00007f56f7445000)
 Metaspace       used 24303K, capacity 24680K, committed 24832K, reserved 26624K
}
Event: 15067.865 GC heap before
{Heap before GC invocations=28198 (full 4):
 def new generation   total 2901696K, used 2587695K [0x00007f5018600000, 0x00007f50dd280000, 0x00007f556db50000)
  eden space 2579328K, 100% used [0x00007f5018600000, 0x00007f50b5ce0000, 0x00007f50b5ce0000)
  from space 322368K,   2% used [0x00007f50c97b0000, 0x00007f50c9fdbd80, 0x00007f50dd280000)
  to   space 322368K,   0% used [0x00007f50b5ce0000, 0x00007f50b5ce0000, 0x00007f50c97b0000)
 tenured generation   total 6448084K, used 6443083K [0x00007f556db50000, 0x00007f56f7445000, 0x00007f6018600000)
   the space 6448084K,  99% used [0x00007f556db50000, 0x00007f56f6f62d98, 0x00007f56f6f62e00, 0x00007f56f7445000)
 Metaspace       used 24303K, capacity 24680K, committed 24832K, reserved 26624K
}
Event: 15067.871 GC heap after
{Heap after GC invocations=28199 (full 4):
 def new generation   total 2901696K, used 8123K [0x00007f5018600000, 0x00007f50dd280000, 0x00007f556db50000)
  eden space 2579328K,   0% used [0x00007f5018600000, 0x00007f5018600000, 0x00007f50b5ce0000)
  from space 322368K,   2% used [0x00007f50b5ce0000, 0x00007f50b64cef00, 0x00007f50c97b0000)
  to   space 322368K,   0% used [0x00007f50c97b0000, 0x00007f50c97b0000, 0x00007f50dd280000)
 tenured generation   total 6448084K, used 6443547K [0x00007f556db50000, 0x00007f56f7445000, 0x00007f6018600000)
   the space 6448084K,  99% used [0x00007f556db50000, 0x00007f56f6fd6d28, 0x00007f56f6fd6e00, 0x00007f56f7445000)
 Metaspace       used 24303K, capacity 24680K, committed 24832K, reserved 26624K
}
Event: 15069.045 GC heap before
{Heap before GC invocations=28199 (full 4):
 def new generation   total 2901696K, used 2587451K [0x00007f5018600000, 0x00007f50dd280000, 0x00007f556db50000)
  eden space 2579328K, 100% used [0x00007f5018600000, 0x00007f50b5ce0000, 0x00007f50b5ce0000)
  from space 322368K,   2% used [0x00007f50b5ce0000, 0x00007f50b64cef00, 0x00007f50c97b0000)
  to   space 322368K,   0% used [0x00007f50c97b0000, 0x00007f50c97b0000, 0x00007f50dd280000)
 tenured generation   total 6448084K, used 6443547K [0x00007f556db50000, 0x00007f56f7445000, 0x00007f6018600000)
   the space 6448084K,  99% used [0x00007f556db50000, 0x00007f56f6fd6d28, 0x00007f56f6fd6e00, 0x00007f56f7445000)
 Metaspace       used 24303K, capacity 24680K, committed 24832K, reserved 26624K
}
Event: 15069.052 GC heap after
{Heap after GC invocations=28200 (full 4):
 def new generation   total 2901696K, used 7929K [0x00007f5018600000, 0x00007f50dd280000, 0x00007f556db50000)
  eden space 2579328K,   0% used [0x00007f5018600000, 0x00007f5018600000, 0x00007f50b5ce0000)
  from space 322368K,   2% used [0x00007f50c97b0000, 0x00007f50c9f6e4c8, 0x00007f50dd280000)
  to   space 322368K,   0% used [0x00007f50b5ce0000, 0x00007f50b5ce0000, 0x00007f50c97b0000)
 tenured generation   total 6448084K, used 6444032K [0x00007f556db50000, 0x00007f56f7445000, 0x00007f6018600000)
   the space 6448084K,  99% used [0x00007f556db50000, 0x00007f56f7050110, 0x00007f56f7050200, 0x00007f56f7445000)
 Metaspace       used 24303K, capacity 24680K, committed 24832K, reserved 26624K
}
Event: 15070.209 GC heap before
{Heap before GC invocations=28200 (full 4):
 def new generation   total 2901696K, used 2587257K [0x00007f5018600000, 0x00007f50dd280000, 0x00007f556db50000)
  eden space 2579328K, 100% used [0x00007f5018600000, 0x00007f50b5ce0000, 0x00007f50b5ce0000)
  from space 322368K,   2% used [0x00007f50c97b0000, 0x00007f50c9f6e4c8, 0x00007f50dd280000)
  to   space 322368K,   0% used [0x00007f50b5ce0000, 0x00007f50b5ce0000, 0x00007f50c97b0000)
 tenured generation   total 6448084K, used 6444032K [0x00007f556db50000, 0x00007f56f7445000, 0x00007f6018600000)
   the space 6448084K,  99% used [0x00007f556db50000, 0x00007f56f7050110, 0x00007f56f7050200, 0x00007f56f7445000)
 Metaspace       used 24303K, capacity 24680K, committed 24832K, reserved 26624K
}
Event: 15070.215 GC heap after
{Heap after GC invocations=28201 (full 4):
 def new generation   total 2901696K, used 7826K [0x00007f5018600000, 0x00007f50dd280000, 0x00007f556db50000)
  eden space 2579328K,   0% used [0x00007f5018600000, 0x00007f5018600000, 0x00007f50b5ce0000)
  from space 322368K,   2% used [0x00007f50b5ce0000, 0x00007f50b6484b80, 0x00007f50c97b0000)
  to   space 322368K,   0% used [0x00007f50c97b0000, 0x00007f50c97b0000, 0x00007f50dd280000)
 tenured generation   total 6448084K, used 6444496K [0x00007f556db50000, 0x00007f56f7445000, 0x00007f6018600000)
   the space 6448084K,  99% used [0x00007f556db50000, 0x00007f56f70c4250, 0x00007f56f70c4400, 0x00007f56f7445000)
 Metaspace       used 24303K, capacity 24680K, committed 24832K, reserved 26624K
}
Event: 15071.394 GC heap before
{Heap before GC invocations=28201 (full 4):
 def new generation   total 2901696K, used 2587154K [0x00007f5018600000, 0x00007f50dd280000, 0x00007f556db50000)
  eden space 2579328K, 100% used [0x00007f5018600000, 0x00007f50b5ce0000, 0x00007f50b5ce0000)
  from space 322368K,   2% used [0x00007f50b5ce0000, 0x00007f50b6484b80, 0x00007f50c97b0000)
  to   space 322368K,   0% used [0x00007f50c97b0000, 0x00007f50c97b0000, 0x00007f50dd280000)
 tenured generation   total 6448084K, used 6444496K [0x00007f556db50000, 0x00007f56f7445000, 0x00007f6018600000)
   the space 6448084K,  99% used [0x00007f556db50000, 0x00007f56f70c4250, 0x00007f56f70c4400, 0x00007f56f7445000)
 Metaspace       used 24303K, capacity 24680K, committed 24832K, reserved 26624K
}
Event: 15071.400 GC heap after
{Heap after GC invocations=28202 (full 4):
 def new generation   total 2901696K, used 7693K [0x00007f5018600000, 0x00007f50dd280000, 0x00007f556db50000)
  eden space 2579328K,   0% used [0x00007f5018600000, 0x00007f5018600000, 0x00007f50b5ce0000)
  from space 322368K,   2% used [0x00007f50c97b0000, 0x00007f50c9f336d8, 0x00007f50dd280000)
  to   space 322368K,   0% used [0x00007f50b5ce0000, 0x00007f50b5ce0000, 0x00007f50c97b0000)
 tenured generation   total 6448084K, used 6444981K [0x00007f556db50000, 0x00007f56f7445000, 0x00007f6018600000)
   the space 6448084K,  99% used [0x00007f556db50000, 0x00007f56f713d488, 0x00007f56f713d600, 0x00007f56f7445000)
 Metaspace       used 24303K, capacity 24680K, committed 24832K, reserved 26624K
}
Event: 15072.560 GC heap before
{Heap before GC invocations=28202 (full 4):
 def new generation   total 2901696K, used 2587021K [0x00007f5018600000, 0x00007f50dd280000, 0x00007f556db50000)
  eden space 2579328K, 100% used [0x00007f5018600000, 0x00007f50b5ce0000, 0x00007f50b5ce0000)
  from space 322368K,   2% used [0x00007f50c97b0000, 0x00007f50c9f336d8, 0x00007f50dd280000)
  to   space 322368K,   0% used [0x00007f50b5ce0000, 0x00007f50b5ce0000, 0x00007f50c97b0000)
 tenured generation   total 6448084K, used 6444981K [0x00007f556db50000, 0x00007f56f7445000, 0x00007f6018600000)
   the space 6448084K,  99% used [0x00007f556db50000, 0x00007f56f713d488, 0x00007f56f713d600, 0x00007f56f7445000)
 Metaspace       used 24303K, capacity 24680K, committed 24832K, reserved 26624K
}
Event: 15072.566 GC heap after
{Heap after GC invocations=28203 (full 4):
 def new generation   total 2901696K, used 7663K [0x00007f5018600000, 0x00007f50dd280000, 0x00007f556db50000)
  eden space 2579328K,   0% used [0x00007f5018600000, 0x00007f5018600000, 0x00007f50b5ce0000)
  from space 322368K,   2% used [0x00007f50b5ce0000, 0x00007f50b645be80, 0x00007f50c97b0000)
  to   space 322368K,   0% used [0x00007f50c97b0000, 0x00007f50c97b0000, 0x00007f50dd280000)
 tenured generation   total 6448084K, used 6445466K [0x00007f556db50000, 0x00007f56f7445000, 0x00007f6018600000)
   the space 6448084K,  99% used [0x00007f556db50000, 0x00007f56f71b6870, 0x00007f56f71b6a00, 0x00007f56f7445000)
 Metaspace       used 24303K, capacity 24680K, committed 24832K, reserved 26624K
}
Event: 15073.736 GC heap before
{Heap before GC invocations=28203 (full 4):
 def new generation   total 2901696K, used 2586991K [0x00007f5018600000, 0x00007f50dd280000, 0x00007f556db50000)
  eden space 2579328K, 100% used [0x00007f5018600000, 0x00007f50b5ce0000, 0x00007f50b5ce0000)
  from space 322368K,   2% used [0x00007f50b5ce0000, 0x00007f50b645be80, 0x00007f50c97b0000)
  to   space 322368K,   0% used [0x00007f50c97b0000, 0x00007f50c97b0000, 0x00007f50dd280000)
 tenured generation   total 6448084K, used 6445466K [0x00007f556db50000, 0x00007f56f7445000, 0x00007f6018600000)
   the space 6448084K,  99% used [0x00007f556db50000, 0x00007f56f71b6870, 0x00007f56f71b6a00, 0x00007f56f7445000)
 Metaspace       used 24303K, capacity 24680K, committed 24832K, reserved 26624K
}
Event: 15073.743 GC heap after
{Heap after GC invocations=28204 (full 4):
 def new generation   total 2901696K, used 7701K [0x00007f5018600000, 0x00007f50dd280000, 0x00007f556db50000)
  eden space 2579328K,   0% used [0x00007f5018600000, 0x00007f5018600000, 0x00007f50b5ce0000)
  from space 322368K,   2% used [0x00007f50c97b0000, 0x00007f50c9f35450, 0x00007f50dd280000)
  to   space 322368K,   0% used [0x00007f50b5ce0000, 0x00007f50b5ce0000, 0x00007f50c97b0000)
 tenured generation   total 6448084K, used 6445930K [0x00007f556db50000, 0x00007f56f7445000, 0x00007f6018600000)
   the space 6448084K,  99% used [0x00007f556db50000, 0x00007f56f722a9b0, 0x00007f56f722aa00, 0x00007f56f7445000)
 Metaspace       used 24303K, capacity 24680K, committed 24832K, reserved 26624K
}
Event: 15074.899 GC heap before
{Heap before GC invocations=28204 (full 4):
 def new generation   total 2901696K, used 2587029K [0x00007f5018600000, 0x00007f50dd280000, 0x00007f556db50000)
  eden space 2579328K, 100% used [0x00007f5018600000, 0x00007f50b5ce0000, 0x00007f50b5ce0000)
  from space 322368K,   2% used [0x00007f50c97b0000, 0x00007f50c9f35450, 0x00007f50dd280000)
  to   space 322368K,   0% used [0x00007f50b5ce0000, 0x00007f50b5ce0000, 0x00007f50c97b0000)
 tenured generation   total 6448084K, used 6445930K [0x00007f556db50000, 0x00007f56f7445000, 0x00007f6018600000)
   the space 6448084K,  99% used [0x00007f556db50000, 0x00007f56f722a9b0, 0x00007f56f722aa00, 0x00007f56f7445000)
 Metaspace       used 24303K, capacity 24680K, committed 24832K, reserved 26624K
}
Event: 15074.905 GC heap after
{Heap after GC invocations=28205 (full 4):
 def new generation   total 2901696K, used 7634K [0x00007f5018600000, 0x00007f50dd280000, 0x00007f556db50000)
  eden space 2579328K,   0% used [0x00007f5018600000, 0x00007f5018600000, 0x00007f50b5ce0000)
  from space 322368K,   2% used [0x00007f50b5ce0000, 0x00007f50b6454990, 0x00007f50c97b0000)
  to   space 322368K,   0% used [0x00007f50c97b0000, 0x00007f50c97b0000, 0x00007f50dd280000)
 tenured generation   total 6448084K, used 6446477K [0x00007f556db50000, 0x00007f56f7445000, 0x00007f6018600000)
   the space 6448084K,  99% used [0x00007f556db50000, 0x00007f56f72b34d0, 0x00007f56f72b3600, 0x00007f56f7445000)
 Metaspace       used 24303K, capacity 24680K, committed 24832K, reserved 26624K
}
Event: 15076.072 GC heap before
{Heap before GC invocations=28205 (full 4):
 def new generation   total 2901696K, used 2586962K [0x00007f5018600000, 0x00007f50dd280000, 0x00007f556db50000)
  eden space 2579328K, 100% used [0x00007f5018600000, 0x00007f50b5ce0000, 0x00007f50b5ce0000)
  from space 322368K,   2% used [0x00007f50b5ce0000, 0x00007f50b6454990, 0x00007f50c97b0000)
  to   space 322368K,   0% used [0x00007f50c97b0000, 0x00007f50c97b0000, 0x00007f50dd280000)
 tenured generation   total 6448084K, used 6446477K [0x00007f556db50000, 0x00007f56f7445000, 0x00007f6018600000)
   the space 6448084K,  99% used [0x00007f556db50000, 0x00007f56f72b34d0, 0x00007f56f72b3600, 0x00007f56f7445000)
 Metaspace       used 24303K, capacity 24680K, committed 24832K, reserved 26624K
}
Event: 15076.078 GC heap after
{Heap after GC invocations=28206 (full 4):
 def new generation   total 2901696K, used 7405K [0x00007f5018600000, 0x00007f50dd280000, 0x00007f556db50000)
  eden space 2579328K,   0% used [0x00007f5018600000, 0x00007f5018600000, 0x00007f50b5ce0000)
  from space 322368K,   2% used [0x00007f50c97b0000, 0x00007f50c9eeb470, 0x00007f50dd280000)
  to   space 322368K,   0% used [0x00007f50b5ce0000, 0x00007f50b5ce0000, 0x00007f50c97b0000)
 tenured generation   total 6448084K, used 6447168K [0x00007f556db50000, 0x00007f56f7445000, 0x00007f6018600000)
   the space 6448084K,  99% used [0x00007f556db50000, 0x00007f56f7360198, 0x00007f56f7360200, 0x00007f56f7445000)
 Metaspace       used 24303K, capacity 24680K, committed 24832K, reserved 26624K
}
Event: 15077.235 GC heap before
{Heap before GC invocations=28206 (full 4):
 def new generation   total 2901696K, used 2586733K [0x00007f5018600000, 0x00007f50dd280000, 0x00007f556db50000)
  eden space 2579328K, 100% used [0x00007f5018600000, 0x00007f50b5ce0000, 0x00007f50b5ce0000)
  from space 322368K,   2% used [0x00007f50c97b0000, 0x00007f50c9eeb470, 0x00007f50dd280000)
  to   space 322368K,   0% used [0x00007f50b5ce0000, 0x00007f50b5ce0000, 0x00007f50c97b0000)
 tenured generation   total 6448084K, used 6447168K [0x00007f556db50000, 0x00007f56f7445000, 0x00007f6018600000)
   the space 6448084K,  99% used [0x00007f556db50000, 0x00007f56f7360198, 0x00007f56f7360200, 0x00007f56f7445000)
 Metaspace       used 24303K, capacity 24680K, committed 24832K, reserved 26624K
}
Event: 15077.242 GC heap after
{Heap after GC invocations=28207 (full 4):
 def new generation   total 2901696K, used 6971K [0x00007f5018600000, 0x00007f50dd280000, 0x00007f556db50000)
  eden space 2579328K,   0% used [0x00007f5018600000, 0x00007f5018600000, 0x00007f50b5ce0000)
  from space 322368K,   2% used [0x00007f50b5ce0000, 0x00007f50b63aef10, 0x00007f50c97b0000)
  to   space 322368K,   0% used [0x00007f50c97b0000, 0x00007f50c97b0000, 0x00007f50dd280000)
 tenured generation   total 6448276K, used 6448091K [0x00007f556db50000, 0x00007f56f7475000, 0x00007f6018600000)
   the space 6448276K,  99% used [0x00007f556db50000, 0x00007f56f7446db8, 0x00007f56f7446e00, 0x00007f56f7475000)
 Metaspace       used 24303K, capacity 24680K, committed 24832K, reserved 26624K
}
Event: 15077.242 GC heap before
{Heap before GC invocations=28207 (full 4):
 def new generation   total 2901696K, used 6971K [0x00007f5018600000, 0x00007f50dd280000, 0x00007f556db50000)
  eden space 2579328K,   0% used [0x00007f5018600000, 0x00007f5018600000, 0x00007f50b5ce0000)
  from space 322368K,   2% used [0x00007f50b5ce0000, 0x00007f50b63aef10, 0x00007f50c97b0000)
  to   space 322368K,   0% used [0x00007f50c97b0000, 0x00007f50c97b0000, 0x00007f50dd280000)
 tenured generation   total 6448276K, used 6448091K [0x00007f556db50000, 0x00007f56f7475000, 0x00007f6018600000)
   the space 6448276K,  99% used [0x00007f556db50000, 0x00007f56f7446db8, 0x00007f56f7446e00, 0x00007f56f7475000)
 Metaspace       used 24303K, capacity 24680K, committed 24832K, reserved 26624K
}

