# JRE version: OpenJDK Runtime Environment (13.0.7+5) (build 13.0.7+5-Ubuntu-0ubuntu120.04)
# Java VM: OpenJDK 64-Bit Server VM (13.0.7+5-Ubuntu-0ubuntu120.04, mixed mode, tiered, compressed oops, serial gc, linux-amd64)
Heap:
 def new generation   total 2103936K, used 0K [0x0000000080200000, 0x000000010ece0000, 0x0000000300150000)
  eden space 1870208K,   0% used [0x0000000080200000, 0x0000000080200000, 0x00000000f2460000)
  from space 233728K,   0% used [0x00000000f2460000, 0x00000000f2460000, 0x00000001008a0000)
  to   space 233728K,   0% used [0x00000001008a0000, 0x00000001008a0000, 0x000000010ece0000)
 tenured generation   total 4792792K, used 3437926K [0x0000000300150000, 0x00000004249c6000, 0x0000000800000000)
   the space 4792792K,  71% used [0x0000000300150000, 0x00000003d1ea98e8, 0x00000003d1ea9a00, 0x00000004249c6000)
 Metaspace       used 22692K, capacity 23233K, committed 23424K, reserved 1071104K
  class space    used 2354K, capacity 2568K, committed 2688K, reserved 1048576K
GC Heap History (20 events):
Event: 619.165 GC heap after
{Heap after GC invocations=713 (full 24):
 def new generation   total 2103936K, used 60326K [0x0000000080200000, 0x000000010ece0000, 0x0000000300150000)
  eden space 1870208K,   0% used [0x0000000080200000, 0x0000000080200000, 0x00000000f2460000)
  from space 233728K,  25% used [0x00000001008a0000, 0x0000000104389898, 0x000000010ece0000)
  to   space 233728K,   0% used [0x00000000f2460000, 0x00000000f2460000, 0x00000001008a0000)
 tenured generation   total 4675200K, used 4338073K [0x0000000300150000, 0x000000041d6f0000, 0x0000000800000000)
   the space 4675200K,  92% used [0x0000000300150000, 0x0000000408db6790, 0x0000000408db6800, 0x000000041d6f0000)
 Metaspace       used 22692K, capacity 23233K, committed 23424K, reserved 1071104K
  class space    used 2354K, capacity 2568K, committed 2688K, reserved 1048576K
}
Event: 620.467 GC heap before
{Heap before GC invocations=713 (full 24):
 def new generation   total 2103936K, used 1930534K [0x0000000080200000, 0x000000010ece0000, 0x0000000300150000)
  eden space 1870208K, 100% used [0x0000000080200000, 0x00000000f2460000, 0x00000000f2460000)
  from space 233728K,  25% used [0x00000001008a0000, 0x0000000104389898, 0x000000010ece0000)
  to   space 233728K,   0% used [0x00000000f2460000, 0x00000000f2460000, 0x00000001008a0000)
 tenured generation   total 4675200K, used 4338073K [0x0000000300150000, 0x000000041d6f0000, 0x0000000800000000)
   the space 4675200K,  92% used [0x0000000300150000, 0x0000000408db6790, 0x0000000408db6800, 0x000000041d6f0000)
 Metaspace       used 22692K, capacity 23233K, committed 23424K, reserved 1071104K
  class space    used 2354K, capacity 2568K, committed 2688K, reserved 1048576K
}
Event: 620.537 GC heap after
{Heap after GC invocations=714 (full 24):
 def new generation   total 2103936K, used 171719K [0x0000000080200000, 0x000000010ece0000, 0x0000000300150000)
  eden space 1870208K,   0% used [0x0000000080200000, 0x0000000080200000, 0x00000000f2460000)
  from space 233728K,  73% used [0x00000000f2460000, 0x00000000fcc11d78, 0x00000001008a0000)
  to   space 233728K,   0% used [0x00000001008a0000, 0x00000001008a0000, 0x000000010ece0000)
 tenured generation   total 4675200K, used 4338073K [0x0000000300150000, 0x000000041d6f0000, 0x0000000800000000)
   the space 4675200K,  92% used [0x0000000300150000, 0x0000000408db6790, 0x0000000408db6800, 0x000000041d6f0000)
 Metaspace       used 22692K, capacity 23233K, committed 23424K, reserved 1071104K
  class space    used 2354K, capacity 2568K, committed 2688K, reserved 1048576K
}
Event: 621.842 GC heap before
{Heap before GC invocations=714 (full 24):
 def new generation   total 2103936K, used 2041927K [0x0000000080200000, 0x000000010ece0000, 0x0000000300150000)
  eden space 1870208K, 100% used [0x0000000080200000, 0x00000000f2460000, 0x00000000f2460000)
  from space 233728K,  73% used [0x00000000f2460000, 0x00000000fcc11d78, 0x00000001008a0000)
  to   space 233728K,   0% used [0x00000001008a0000, 0x00000001008a0000, 0x000000010ece0000)
 tenured generation   total 4675200K, used 4338073K [0x0000000300150000, 0x000000041d6f0000, 0x0000000800000000)
   the space 4675200K,  92% used [0x0000000300150000, 0x0000000408db6790, 0x0000000408db6800, 0x000000041d6f0000)
 Metaspace       used 22692K, capacity 23233K, committed 23424K, reserved 1071104K
  class space    used 2354K, capacity 2568K, committed 2688K, reserved 1048576K
}
Event: 621.974 GC heap after
{Heap after GC invocations=715 (full 24):
 def new generation   total 2103936K, used 223823K [0x0000000080200000, 0x000000010ece0000, 0x0000000300150000)
  eden space 1870208K,   0% used [0x0000000080200000, 0x0000000080200000, 0x00000000f2460000)
  from space 233728K,  95% used [0x00000001008a0000, 0x000000010e333c70, 0x000000010ece0000)
  to   space 233728K,   0% used [0x00000000f2460000, 0x00000000f2460000, 0x00000001008a0000)
 tenured generation   total 4675200K, used 4397872K [0x0000000300150000, 0x000000041d6f0000, 0x0000000800000000)
   the space 4675200K,  94% used [0x0000000300150000, 0x000000040c81c3c8, 0x000000040c81c400, 0x000000041d6f0000)
 Metaspace       used 22692K, capacity 23233K, committed 23424K, reserved 1071104K
  class space    used 2354K, capacity 2568K, committed 2688K, reserved 1048576K
}
Event: 623.273 GC heap before
{Heap before GC invocations=715 (full 24):
 def new generation   total 2103936K, used 2093828K [0x0000000080200000, 0x000000010ece0000, 0x0000000300150000)
  eden space 1870208K,  99% used [0x0000000080200000, 0x00000000f242d530, 0x00000000f2460000)
  from space 233728K,  95% used [0x00000001008a0000, 0x000000010e333c70, 0x000000010ece0000)
  to   space 233728K,   0% used [0x00000000f2460000, 0x00000000f2460000, 0x00000001008a0000)
 tenured generation   total 4675200K, used 4397872K [0x0000000300150000, 0x000000041d6f0000, 0x0000000800000000)
   the space 4675200K,  94% used [0x0000000300150000, 0x000000040c81c3c8, 0x000000040c81c400, 0x000000041d6f0000)
 Metaspace       used 22692K, capacity 23233K, committed 23424K, reserved 1071104K
  class space    used 2354K, capacity 2568K, committed 2688K, reserved 1048576K
}
Event: 623.329 GC heap after
{Heap after GC invocations=716 (full 24):
 def new generation   total 2103936K, used 130768K [0x0000000080200000, 0x000000010ece0000, 0x0000000300150000)
  eden space 1870208K,   0% used [0x0000000080200000, 0x0000000080200000, 0x00000000f2460000)
  from space 233728K,  55% used [0x00000000f2460000, 0x00000000fa414340, 0x00000001008a0000)
  to   space 233728K,   0% used [0x00000001008a0000, 0x00000001008a0000, 0x000000010ece0000)
 tenured generation   total 4675200K, used 4402013K [0x0000000300150000, 0x000000041d6f0000, 0x0000000800000000)
   the space 4675200K,  94% used [0x0000000300150000, 0x000000040cc27708, 0x000000040cc27800, 0x000000041d6f0000)
 Metaspace       used 22692K, capacity 23233K, committed 23424K, reserved 1071104K
  class space    used 2354K, capacity 2568K, committed 2688K, reserved 1048576K
}
Event: 624.619 GC heap before
{Heap before GC invocations=716 (full 24):
 def new generation   total 2103936K, used 2000976K [0x0000000080200000, 0x000000010ece0000, 0x0000000300150000)
  eden space 1870208K, 100% used [0x0000000080200000, 0x00000000f2460000, 0x00000000f2460000)
  from space 233728K,  55% used [0x00000000f2460000, 0x00000000fa414340, 0x00000001008a0000)
  to   space 233728K,   0% used [0x00000001008a0000, 0x00000001008a0000, 0x000000010ece0000)
 tenured generation   total 4675200K, used 4402013K [0x0000000300150000, 0x000000041d6f0000, 0x0000000800000000)
   the space 4675200K,  94% used [0x0000000300150000, 0x000000040cc27708, 0x000000040cc27800, 0x000000041d6f0000)
 Metaspace       used 22692K, capacity 23233K, committed 23424K, reserved 1071104K
  class space    used 2354K, capacity 2568K, committed 2688K, reserved 1048576K
}
Event: 624.734 GC heap after
{Heap after GC invocations=717 (full 24):
 def new generation   total 2103936K, used 112425K [0x0000000080200000, 0x000000010ece0000, 0x0000000300150000)
  eden space 1870208K,   0% used [0x0000000080200000, 0x0000000080200000, 0x00000000f2460000)
  from space 233728K,  48% used [0x00000001008a0000, 0x000000010766a570, 0x000000010ece0000)
  to   space 233728K,   0% used [0x00000000f2460000, 0x00000000f2460000, 0x00000001008a0000)
 tenured generation   total 4675200K, used 4532266K [0x0000000300150000, 0x000000041d6f0000, 0x0000000800000000)
   the space 4675200K,  96% used [0x0000000300150000, 0x0000000414b5a930, 0x0000000414b5aa00, 0x000000041d6f0000)
 Metaspace       used 22692K, capacity 23233K, committed 23424K, reserved 1071104K
  class space    used 2354K, capacity 2568K, committed 2688K, reserved 1048576K
}
Event: 626.054 GC heap before
{Heap before GC invocations=717 (full 24):
 def new generation   total 2103936K, used 1982633K [0x0000000080200000, 0x000000010ece0000, 0x0000000300150000)
  eden space 1870208K, 100% used [0x0000000080200000, 0x00000000f2460000, 0x00000000f2460000)
  from space 233728K,  48% used [0x00000001008a0000, 0x000000010766a570, 0x000000010ece0000)
  to   space 233728K,   0% used [0x00000000f2460000, 0x00000000f2460000, 0x00000001008a0000)
 tenured generation   total 4675200K, used 4532266K [0x0000000300150000, 0x000000041d6f0000, 0x0000000800000000)
   the space 4675200K,  96% used [0x0000000300150000, 0x0000000414b5a930, 0x0000000414b5aa00, 0x000000041d6f0000)
 Metaspace       used 22692K, capacity 23233K, committed 23424K, reserved 1071104K
  class space    used 2354K, capacity 2568K, committed 2688K, reserved 1048576K
}
Event: 626.084 GC heap after
{Heap after GC invocations=718 (full 24):
 def new generation   total 2103936K, used 102752K [0x0000000080200000, 0x000000010ece0000, 0x0000000300150000)
  eden space 1870208K,   0% used [0x0000000080200000, 0x0000000080200000, 0x00000000f2460000)
  from space 233728K,  43% used [0x00000000f2460000, 0x00000000f88b8010, 0x00000001008a0000)
  to   space 233728K,   0% used [0x00000001008a0000, 0x00000001008a0000, 0x000000010ece0000)
 tenured generation   total 4675200K, used 4532266K [0x0000000300150000, 0x000000041d6f0000, 0x0000000800000000)
   the space 4675200K,  96% used [0x0000000300150000, 0x0000000414b5a930, 0x0000000414b5aa00, 0x000000041d6f0000)
 Metaspace       used 22692K, capacity 23233K, committed 23424K, reserved 1071104K
  class space    used 2354K, capacity 2568K, committed 2688K, reserved 1048576K
}
Event: 627.411 GC heap before
{Heap before GC invocations=718 (full 24):
 def new generation   total 2103936K, used 1972960K [0x0000000080200000, 0x000000010ece0000, 0x0000000300150000)
  eden space 1870208K, 100% used [0x0000000080200000, 0x00000000f2460000, 0x00000000f2460000)
  from space 233728K,  43% used [0x00000000f2460000, 0x00000000f88b8010, 0x00000001008a0000)
  to   space 233728K,   0% used [0x00000001008a0000, 0x00000001008a0000, 0x000000010ece0000)
 tenured generation   total 4675200K, used 4532266K [0x0000000300150000, 0x000000041d6f0000, 0x0000000800000000)
   the space 4675200K,  96% used [0x0000000300150000, 0x0000000414b5a930, 0x0000000414b5aa00, 0x000000041d6f0000)
 Metaspace       used 22692K, capacity 23233K, committed 23424K, reserved 1071104K
  class space    used 2354K, capacity 2568K, committed 2688K, reserved 1048576K
}
Event: 627.486 GC heap after
{Heap after GC invocations=719 (full 24):
 def new generation   total 2103936K, used 214146K [0x0000000080200000, 0x000000010ece0000, 0x0000000300150000)
  eden space 1870208K,   0% used [0x0000000080200000, 0x0000000080200000, 0x00000000f2460000)
  from space 233728K,  91% used [0x00000001008a0000, 0x000000010d9c0848, 0x000000010ece0000)
  to   space 233728K,   0% used [0x00000000f2460000, 0x00000000f2460000, 0x00000001008a0000)
 tenured generation   total 4675200K, used 4532266K [0x0000000300150000, 0x000000041d6f0000, 0x0000000800000000)
   the space 4675200K,  96% used [0x0000000300150000, 0x0000000414b5a930, 0x0000000414b5aa00, 0x000000041d6f0000)
 Metaspace       used 22692K, capacity 23233K, committed 23424K, reserved 1071104K
  class space    used 2354K, capacity 2568K, committed 2688K, reserved 1048576K
}
Event: 628.791 GC heap before
{Heap before GC invocations=719 (full 24):
 def new generation   total 2103936K, used 2084354K [0x0000000080200000, 0x000000010ece0000, 0x0000000300150000)
  eden space 1870208K, 100% used [0x0000000080200000, 0x00000000f2460000, 0x00000000f2460000)
  from space 233728K,  91% used [0x00000001008a0000, 0x000000010d9c0848, 0x000000010ece0000)
  to   space 233728K,   0% used [0x00000000f2460000, 0x00000000f2460000, 0x00000001008a0000)
 tenured generation   total 4675200K, used 4532266K [0x0000000300150000, 0x000000041d6f0000, 0x0000000800000000)
   the space 4675200K,  96% used [0x0000000300150000, 0x0000000414b5a930, 0x0000000414b5aa00, 0x000000041d6f0000)
 Metaspace       used 22692K, capacity 23233K, committed 23424K, reserved 1071104K
  class space    used 2354K, capacity 2568K, committed 2688K, reserved 1048576K
}
Event: 628.920 GC heap after
{Heap after GC invocations=720 (full 24):
 def new generation   total 2103936K, used 223328K [0x0000000080200000, 0x000000010ece0000, 0x0000000300150000)
  eden space 1870208K,   0% used [0x0000000080200000, 0x0000000080200000, 0x00000000f2460000)
  from space 233728K,  95% used [0x00000000f2460000, 0x00000000ffe78048, 0x00000001008a0000)
  to   space 233728K,   0% used [0x00000001008a0000, 0x00000001008a0000, 0x000000010ece0000)
 tenured generation   total 4675200K, used 4634492K [0x0000000300150000, 0x000000041d6f0000, 0x0000000800000000)
   the space 4675200K,  99% used [0x0000000300150000, 0x000000041af2f058, 0x000000041af2f200, 0x000000041d6f0000)
 Metaspace       used 22692K, capacity 23233K, committed 23424K, reserved 1071104K
  class space    used 2354K, capacity 2568K, committed 2688K, reserved 1048576K
}
Event: 630.217 GC heap before
{Heap before GC invocations=720 (full 24):
 def new generation   total 2103936K, used 2093536K [0x0000000080200000, 0x000000010ece0000, 0x0000000300150000)
  eden space 1870208K, 100% used [0x0000000080200000, 0x00000000f2460000, 0x00000000f2460000)
  from space 233728K,  95% used [0x00000000f2460000, 0x00000000ffe78048, 0x00000001008a0000)
  to   space 233728K,   0% used [0x00000001008a0000, 0x00000001008a0000, 0x000000010ece0000)
 tenured generation   total 4675200K, used 4634492K [0x0000000300150000, 0x000000041d6f0000, 0x0000000800000000)
   the space 4675200K,  99% used [0x0000000300150000, 0x000000041af2f058, 0x000000041af2f200, 0x000000041d6f0000)
 Metaspace       used 22692K, capacity 23233K, committed 23424K, reserved 1071104K
  class space    used 2354K, capacity 2568K, committed 2688K, reserved 1048576K
}
Event: 630.286 GC heap after
{Heap after GC invocations=721 (full 24):
 def new generation   total 2103936K, used 149930K [0x0000000080200000, 0x000000010ece0000, 0x0000000300150000)
  eden space 1870208K,   0% used [0x0000000080200000, 0x0000000080200000, 0x00000000f2460000)
  from space 233728K,  64% used [0x00000001008a0000, 0x0000000109b0a998, 0x000000010ece0000)
  to   space 233728K,   0% used [0x00000000f2460000, 0x00000000f2460000, 0x00000001008a0000)
 tenured generation   total 4675200K, used 4643261K [0x0000000300150000, 0x000000041d6f0000, 0x0000000800000000)
   the space 4675200K,  99% used [0x0000000300150000, 0x000000041b7bf718, 0x000000041b7bf800, 0x000000041d6f0000)
 Metaspace       used 22692K, capacity 23233K, committed 23424K, reserved 1071104K
  class space    used 2354K, capacity 2568K, committed 2688K, reserved 1048576K
}
Event: 631.573 GC heap before
{Heap before GC invocations=721 (full 24):
 def new generation   total 2103936K, used 2020138K [0x0000000080200000, 0x000000010ece0000, 0x0000000300150000)
  eden space 1870208K, 100% used [0x0000000080200000, 0x00000000f2460000, 0x00000000f2460000)
  from space 233728K,  64% used [0x00000001008a0000, 0x0000000109b0a998, 0x000000010ece0000)
  to   space 233728K,   0% used [0x00000000f2460000, 0x00000000f2460000, 0x00000001008a0000)
 tenured generation   total 4675200K, used 4643261K [0x0000000300150000, 0x000000041d6f0000, 0x0000000800000000)
   the space 4675200K,  99% used [0x0000000300150000, 0x000000041b7bf718, 0x000000041b7bf800, 0x000000041d6f0000)
 Metaspace       used 22692K, capacity 23233K, committed 23424K, reserved 1071104K
  class space    used 2354K, capacity 2568K, committed 2688K, reserved 1048576K
}
Event: 631.748 GC heap after
{Heap after GC invocations=722 (full 24):
 def new generation   total 2103936K, used 111922K [0x0000000080200000, 0x000000010ece0000, 0x0000000300150000)
  eden space 1870208K,   0% used [0x0000000080200000, 0x0000000080200000, 0x00000000f2460000)
  from space 233728K,  47% used [0x00000000f2460000, 0x00000000f91aca80, 0x00000001008a0000)
  to   space 233728K,   0% used [0x00000001008a0000, 0x00000001008a0000, 0x000000010ece0000)
 tenured generation   total 4792792K, used 4792661K [0x0000000300150000, 0x00000004249c6000, 0x0000000800000000)
   the space 4792792K,  99% used [0x0000000300150000, 0x00000004249a57b0, 0x00000004249a5800, 0x00000004249c6000)
 Metaspace       used 22692K, capacity 23233K, committed 23424K, reserved 1071104K
  class space    used 2354K, capacity 2568K, committed 2688K, reserved 1048576K
}
Event: 631.748 GC heap before
{Heap before GC invocations=722 (full 24):
 def new generation   total 2103936K, used 111922K [0x0000000080200000, 0x000000010ece0000, 0x0000000300150000)
  eden space 1870208K,   0% used [0x0000000080200000, 0x0000000080200000, 0x00000000f2460000)
  from space 233728K,  47% used [0x00000000f2460000, 0x00000000f91aca80, 0x00000001008a0000)
  to   space 233728K,   0% used [0x00000001008a0000, 0x00000001008a0000, 0x000000010ece0000)
 tenured generation   total 4792792K, used 4792661K [0x0000000300150000, 0x00000004249c6000, 0x0000000800000000)
   the space 4792792K,  99% used [0x0000000300150000, 0x00000004249a57b0, 0x00000004249a5800, 0x00000004249c6000)
 Metaspace       used 22692K, capacity 23233K, committed 23424K, reserved 1071104K
  class space    used 2354K, capacity 2568K, committed 2688K, reserved 1048576K
}

