# JRE version: OpenJDK Runtime Environment (13.0.7+5) (build 13.0.7+5-Ubuntu-0ubuntu120.04)
# Java VM: OpenJDK 64-Bit Server VM (13.0.7+5-Ubuntu-0ubuntu120.04, mixed mode, tiered, serial gc, linux-amd64)
Heap:
 def new generation   total 1031040K, used 0K [0x00007f5800600000, 0x00007f58464b0000, 0x00007f62ab0a0000)
  eden space 916544K,   0% used [0x00007f5800600000, 0x00007f5800600000, 0x00007f5838510000)
  from space 114496K,   0% used [0x00007f5838510000, 0x00007f5838510000, 0x00007f583f4e0000)
  to   space 114496K,   0% used [0x00007f583f4e0000, 0x00007f583f4e0000, 0x00007f58464b0000)
 tenured generation   total 2307364K, used 2197771K [0x00007f62ab0a0000, 0x00007f6337de9000, 0x00007f7800600000)
   the space 2307364K,  95% used [0x00007f62ab0a0000, 0x00007f63312e2c28, 0x00007f63312e2e00, 0x00007f6337de9000)
 Metaspace       used 24256K, capacity 24640K, committed 24832K, reserved 26624K
GC Heap History (20 events):
Event: 548.597 GC heap after
{Heap after GC invocations=868 (full 4):
 def new generation   total 1031040K, used 11828K [0x00007f5800600000, 0x00007f58464b0000, 0x00007f62ab0a0000)
  eden space 916544K,   0% used [0x00007f5800600000, 0x00007f5800600000, 0x00007f5838510000)
  from space 114496K,  10% used [0x00007f583f4e0000, 0x00007f584006d1d0, 0x00007f58464b0000)
  to   space 114496K,   0% used [0x00007f5838510000, 0x00007f5838510000, 0x00007f583f4e0000)
 tenured generation   total 2290976K, used 2278353K [0x00007f62ab0a0000, 0x00007f6336de8000, 0x00007f7800600000)
   the space 2290976K,  99% used [0x00007f62ab0a0000, 0x00007f6336194428, 0x00007f6336194600, 0x00007f6336de8000)
 Metaspace       used 24256K, capacity 24640K, committed 24832K, reserved 26624K
}
Event: 549.438 GC heap before
{Heap before GC invocations=868 (full 4):
 def new generation   total 1031040K, used 928372K [0x00007f5800600000, 0x00007f58464b0000, 0x00007f62ab0a0000)
  eden space 916544K, 100% used [0x00007f5800600000, 0x00007f5838510000, 0x00007f5838510000)
  from space 114496K,  10% used [0x00007f583f4e0000, 0x00007f584006d1d0, 0x00007f58464b0000)
  to   space 114496K,   0% used [0x00007f5838510000, 0x00007f5838510000, 0x00007f583f4e0000)
 tenured generation   total 2290976K, used 2278353K [0x00007f62ab0a0000, 0x00007f6336de8000, 0x00007f7800600000)
   the space 2290976K,  99% used [0x00007f62ab0a0000, 0x00007f6336194428, 0x00007f6336194600, 0x00007f6336de8000)
 Metaspace       used 24256K, capacity 24640K, committed 24832K, reserved 26624K
}
Event: 549.456 GC heap after
{Heap after GC invocations=869 (full 4):
 def new generation   total 1031040K, used 14890K [0x00007f5800600000, 0x00007f58464b0000, 0x00007f62ab0a0000)
  eden space 916544K,   0% used [0x00007f5800600000, 0x00007f5800600000, 0x00007f5838510000)
  from space 114496K,  13% used [0x00007f5838510000, 0x00007f583939a8e0, 0x00007f583f4e0000)
  to   space 114496K,   0% used [0x00007f583f4e0000, 0x00007f583f4e0000, 0x00007f58464b0000)
 tenured generation   total 2290976K, used 2278353K [0x00007f62ab0a0000, 0x00007f6336de8000, 0x00007f7800600000)
   the space 2290976K,  99% used [0x00007f62ab0a0000, 0x00007f6336194428, 0x00007f6336194600, 0x00007f6336de8000)
 Metaspace       used 24256K, capacity 24640K, committed 24832K, reserved 26624K
}
Event: 550.100 GC heap before
{Heap before GC invocations=869 (full 4):
 def new generation   total 1031040K, used 929246K [0x00007f5800600000, 0x00007f58464b0000, 0x00007f62ab0a0000)
  eden space 916544K,  99% used [0x00007f5800600000, 0x00007f58382ed2e0, 0x00007f5838510000)
  from space 114496K,  13% used [0x00007f5838510000, 0x00007f583939a8e0, 0x00007f583f4e0000)
  to   space 114496K,   0% used [0x00007f583f4e0000, 0x00007f583f4e0000, 0x00007f58464b0000)
 tenured generation   total 2290976K, used 2278353K [0x00007f62ab0a0000, 0x00007f6336de8000, 0x00007f7800600000)
   the space 2290976K,  99% used [0x00007f62ab0a0000, 0x00007f6336194428, 0x00007f6336194600, 0x00007f6336de8000)
 Metaspace       used 24256K, capacity 24640K, committed 24832K, reserved 26624K
}
Event: 550.126 GC heap after
{Heap after GC invocations=870 (full 4):
 def new generation   total 1031040K, used 53923K [0x00007f5800600000, 0x00007f58464b0000, 0x00007f62ab0a0000)
  eden space 916544K,   0% used [0x00007f5800600000, 0x00007f5800600000, 0x00007f5838510000)
  from space 114496K,  47% used [0x00007f583f4e0000, 0x00007f5842988f78, 0x00007f58464b0000)
  to   space 114496K,   0% used [0x00007f5838510000, 0x00007f5838510000, 0x00007f583f4e0000)
 tenured generation   total 2290976K, used 2278353K [0x00007f62ab0a0000, 0x00007f6336de8000, 0x00007f7800600000)
   the space 2290976K,  99% used [0x00007f62ab0a0000, 0x00007f6336194428, 0x00007f6336194600, 0x00007f6336de8000)
 Metaspace       used 24256K, capacity 24640K, committed 24832K, reserved 26624K
}
Event: 551.082 GC heap before
{Heap before GC invocations=870 (full 4):
 def new generation   total 1031040K, used 970467K [0x00007f5800600000, 0x00007f58464b0000, 0x00007f62ab0a0000)
  eden space 916544K, 100% used [0x00007f5800600000, 0x00007f5838510000, 0x00007f5838510000)
  from space 114496K,  47% used [0x00007f583f4e0000, 0x00007f5842988f78, 0x00007f58464b0000)
  to   space 114496K,   0% used [0x00007f5838510000, 0x00007f5838510000, 0x00007f583f4e0000)
 tenured generation   total 2290976K, used 2278353K [0x00007f62ab0a0000, 0x00007f6336de8000, 0x00007f7800600000)
   the space 2290976K,  99% used [0x00007f62ab0a0000, 0x00007f6336194428, 0x00007f6336194600, 0x00007f6336de8000)
 Metaspace       used 24256K, capacity 24640K, committed 24832K, reserved 26624K
}
Event: 551.110 GC heap after
{Heap after GC invocations=871 (full 4):
 def new generation   total 1031040K, used 42637K [0x00007f5800600000, 0x00007f58464b0000, 0x00007f62ab0a0000)
  eden space 916544K,   0% used [0x00007f5800600000, 0x00007f5800600000, 0x00007f5838510000)
  from space 114496K,  37% used [0x00007f5838510000, 0x00007f583aeb3498, 0x00007f583f4e0000)
  to   space 114496K,   0% used [0x00007f583f4e0000, 0x00007f583f4e0000, 0x00007f58464b0000)
 tenured generation   total 2290976K, used 2278353K [0x00007f62ab0a0000, 0x00007f6336de8000, 0x00007f7800600000)
   the space 2290976K,  99% used [0x00007f62ab0a0000, 0x00007f6336194428, 0x00007f6336194600, 0x00007f6336de8000)
 Metaspace       used 24256K, capacity 24640K, committed 24832K, reserved 26624K
}
Event: 551.992 GC heap before
{Heap before GC invocations=871 (full 4):
 def new generation   total 1031040K, used 959181K [0x00007f5800600000, 0x00007f58464b0000, 0x00007f62ab0a0000)
  eden space 916544K, 100% used [0x00007f5800600000, 0x00007f5838510000, 0x00007f5838510000)
  from space 114496K,  37% used [0x00007f5838510000, 0x00007f583aeb3498, 0x00007f583f4e0000)
  to   space 114496K,   0% used [0x00007f583f4e0000, 0x00007f583f4e0000, 0x00007f58464b0000)
 tenured generation   total 2290976K, used 2278353K [0x00007f62ab0a0000, 0x00007f6336de8000, 0x00007f7800600000)
   the space 2290976K,  99% used [0x00007f62ab0a0000, 0x00007f6336194428, 0x00007f6336194600, 0x00007f6336de8000)
 Metaspace       used 24256K, capacity 24640K, committed 24832K, reserved 26624K
}
Event: 552.021 GC heap after
{Heap after GC invocations=872 (full 4):
 def new generation   total 1031040K, used 48812K [0x00007f5800600000, 0x00007f58464b0000, 0x00007f62ab0a0000)
  eden space 916544K,   0% used [0x00007f5800600000, 0x00007f5800600000, 0x00007f5838510000)
  from space 114496K,  42% used [0x00007f583f4e0000, 0x00007f584248b028, 0x00007f58464b0000)
  to   space 114496K,   0% used [0x00007f5838510000, 0x00007f5838510000, 0x00007f583f4e0000)
 tenured generation   total 2290976K, used 2278353K [0x00007f62ab0a0000, 0x00007f6336de8000, 0x00007f7800600000)
   the space 2290976K,  99% used [0x00007f62ab0a0000, 0x00007f6336194428, 0x00007f6336194600, 0x00007f6336de8000)
 Metaspace       used 24256K, capacity 24640K, committed 24832K, reserved 26624K
}
Event: 552.793 GC heap before
{Heap before GC invocations=872 (full 4):
 def new generation   total 1031040K, used 965356K [0x00007f5800600000, 0x00007f58464b0000, 0x00007f62ab0a0000)
  eden space 916544K, 100% used [0x00007f5800600000, 0x00007f5838510000, 0x00007f5838510000)
  from space 114496K,  42% used [0x00007f583f4e0000, 0x00007f584248b028, 0x00007f58464b0000)
  to   space 114496K,   0% used [0x00007f5838510000, 0x00007f5838510000, 0x00007f583f4e0000)
 tenured generation   total 2290976K, used 2278353K [0x00007f62ab0a0000, 0x00007f6336de8000, 0x00007f7800600000)
   the space 2290976K,  99% used [0x00007f62ab0a0000, 0x00007f6336194428, 0x00007f6336194600, 0x00007f6336de8000)
 Metaspace       used 24256K, capacity 24640K, committed 24832K, reserved 26624K
}
Event: 552.829 GC heap after
{Heap after GC invocations=873 (full 4):
 def new generation   total 1031040K, used 52900K [0x00007f5800600000, 0x00007f58464b0000, 0x00007f62ab0a0000)
  eden space 916544K,   0% used [0x00007f5800600000, 0x00007f5800600000, 0x00007f5838510000)
  from space 114496K,  46% used [0x00007f5838510000, 0x00007f583b8b9358, 0x00007f583f4e0000)
  to   space 114496K,   0% used [0x00007f583f4e0000, 0x00007f583f4e0000, 0x00007f58464b0000)
 tenured generation   total 2290976K, used 2278353K [0x00007f62ab0a0000, 0x00007f6336de8000, 0x00007f7800600000)
   the space 2290976K,  99% used [0x00007f62ab0a0000, 0x00007f6336194428, 0x00007f6336194600, 0x00007f6336de8000)
 Metaspace       used 24256K, capacity 24640K, committed 24832K, reserved 26624K
}
Event: 553.459 GC heap before
{Heap before GC invocations=873 (full 4):
 def new generation   total 1031040K, used 969444K [0x00007f5800600000, 0x00007f58464b0000, 0x00007f62ab0a0000)
  eden space 916544K, 100% used [0x00007f5800600000, 0x00007f5838510000, 0x00007f5838510000)
  from space 114496K,  46% used [0x00007f5838510000, 0x00007f583b8b9358, 0x00007f583f4e0000)
  to   space 114496K,   0% used [0x00007f583f4e0000, 0x00007f583f4e0000, 0x00007f58464b0000)
 tenured generation   total 2290976K, used 2278353K [0x00007f62ab0a0000, 0x00007f6336de8000, 0x00007f7800600000)
   the space 2290976K,  99% used [0x00007f62ab0a0000, 0x00007f6336194428, 0x00007f6336194600, 0x00007f6336de8000)
 Metaspace       used 24256K, capacity 24640K, committed 24832K, reserved 26624K
}
Event: 553.487 GC heap after
{Heap after GC invocations=874 (full 4):
 def new generation   total 1031040K, used 52410K [0x00007f5800600000, 0x00007f58464b0000, 0x00007f62ab0a0000)
  eden space 916544K,   0% used [0x00007f5800600000, 0x00007f5800600000, 0x00007f5838510000)
  from space 114496K,  45% used [0x00007f583f4e0000, 0x00007f584280e958, 0x00007f58464b0000)
  to   space 114496K,   0% used [0x00007f5838510000, 0x00007f5838510000, 0x00007f583f4e0000)
 tenured generation   total 2290976K, used 2278353K [0x00007f62ab0a0000, 0x00007f6336de8000, 0x00007f7800600000)
   the space 2290976K,  99% used [0x00007f62ab0a0000, 0x00007f6336194428, 0x00007f6336194600, 0x00007f6336de8000)
 Metaspace       used 24256K, capacity 24640K, committed 24832K, reserved 26624K
}
Event: 554.311 GC heap before
{Heap before GC invocations=874 (full 4):
 def new generation   total 1031040K, used 968954K [0x00007f5800600000, 0x00007f58464b0000, 0x00007f62ab0a0000)
  eden space 916544K, 100% used [0x00007f5800600000, 0x00007f5838510000, 0x00007f5838510000)
  from space 114496K,  45% used [0x00007f583f4e0000, 0x00007f584280e958, 0x00007f58464b0000)
  to   space 114496K,   0% used [0x00007f5838510000, 0x00007f5838510000, 0x00007f583f4e0000)
 tenured generation   total 2290976K, used 2278353K [0x00007f62ab0a0000, 0x00007f6336de8000, 0x00007f7800600000)
   the space 2290976K,  99% used [0x00007f62ab0a0000, 0x00007f6336194428, 0x00007f6336194600, 0x00007f6336de8000)
 Metaspace       used 24256K, capacity 24640K, committed 24832K, reserved 26624K
}
Event: 554.345 GC heap after
{Heap after GC invocations=875 (full 4):
 def new generation   total 1031040K, used 57560K [0x00007f5800600000, 0x00007f58464b0000, 0x00007f62ab0a0000)
  eden space 916544K,   0% used [0x00007f5800600000, 0x00007f5800600000, 0x00007f5838510000)
  from space 114496K,  50% used [0x00007f5838510000, 0x00007f583bd462d8, 0x00007f583f4e0000)
  to   space 114496K,   0% used [0x00007f583f4e0000, 0x00007f583f4e0000, 0x00007f58464b0000)
 tenured generation   total 2290976K, used 2278353K [0x00007f62ab0a0000, 0x00007f6336de8000, 0x00007f7800600000)
   the space 2290976K,  99% used [0x00007f62ab0a0000, 0x00007f6336194428, 0x00007f6336194600, 0x00007f6336de8000)
 Metaspace       used 24256K, capacity 24640K, committed 24832K, reserved 26624K
}
Event: 555.198 GC heap before
{Heap before GC invocations=875 (full 4):
 def new generation   total 1031040K, used 974104K [0x00007f5800600000, 0x00007f58464b0000, 0x00007f62ab0a0000)
  eden space 916544K, 100% used [0x00007f5800600000, 0x00007f5838510000, 0x00007f5838510000)
  from space 114496K,  50% used [0x00007f5838510000, 0x00007f583bd462d8, 0x00007f583f4e0000)
  to   space 114496K,   0% used [0x00007f583f4e0000, 0x00007f583f4e0000, 0x00007f58464b0000)
 tenured generation   total 2290976K, used 2278353K [0x00007f62ab0a0000, 0x00007f6336de8000, 0x00007f7800600000)
   the space 2290976K,  99% used [0x00007f62ab0a0000, 0x00007f6336194428, 0x00007f6336194600, 0x00007f6336de8000)
 Metaspace       used 24256K, capacity 24640K, committed 24832K, reserved 26624K
}
Event: 555.237 GC heap after
{Heap after GC invocations=876 (full 4):
 def new generation   total 1031040K, used 62698K [0x00007f5800600000, 0x00007f58464b0000, 0x00007f62ab0a0000)
  eden space 916544K,   0% used [0x00007f5800600000, 0x00007f5800600000, 0x00007f5838510000)
  from space 114496K,  54% used [0x00007f583f4e0000, 0x00007f584321a8d8, 0x00007f58464b0000)
  to   space 114496K,   0% used [0x00007f5838510000, 0x00007f5838510000, 0x00007f583f4e0000)
 tenured generation   total 2290976K, used 2279378K [0x00007f62ab0a0000, 0x00007f6336de8000, 0x00007f7800600000)
   the space 2290976K,  99% used [0x00007f62ab0a0000, 0x00007f63362948c0, 0x00007f6336294a00, 0x00007f6336de8000)
 Metaspace       used 24256K, capacity 24640K, committed 24832K, reserved 26624K
}
Event: 556.111 GC heap before
{Heap before GC invocations=876 (full 4):
 def new generation   total 1031040K, used 974646K [0x00007f5800600000, 0x00007f58464b0000, 0x00007f62ab0a0000)
  eden space 916544K,  99% used [0x00007f5800600000, 0x00007f5838093028, 0x00007f5838510000)
  from space 114496K,  54% used [0x00007f583f4e0000, 0x00007f584321a8d8, 0x00007f58464b0000)
  to   space 114496K,   0% used [0x00007f5838510000, 0x00007f5838510000, 0x00007f583f4e0000)
 tenured generation   total 2290976K, used 2279378K [0x00007f62ab0a0000, 0x00007f6336de8000, 0x00007f7800600000)
   the space 2290976K,  99% used [0x00007f62ab0a0000, 0x00007f63362948c0, 0x00007f6336294a00, 0x00007f6336de8000)
 Metaspace       used 24256K, capacity 24640K, committed 24832K, reserved 26624K
}
Event: 556.157 GC heap after
{Heap after GC invocations=877 (full 4):
 def new generation   total 1031040K, used 49326K [0x00007f5800600000, 0x00007f58464b0000, 0x00007f62ab0a0000)
  eden space 916544K,   0% used [0x00007f5800600000, 0x00007f5800600000, 0x00007f5838510000)
  from space 114496K,  43% used [0x00007f5838510000, 0x00007f583b53ba90, 0x00007f583f4e0000)
  to   space 114496K,   0% used [0x00007f583f4e0000, 0x00007f583f4e0000, 0x00007f58464b0000)
 tenured generation   total 2307364K, used 2297877K [0x00007f62ab0a0000, 0x00007f6337de9000, 0x00007f7800600000)
   the space 2307364K,  99% used [0x00007f62ab0a0000, 0x00007f63374a5788, 0x00007f63374a5800, 0x00007f6337de9000)
 Metaspace       used 24256K, capacity 24640K, committed 24832K, reserved 26624K
}
Event: 556.157 GC heap before
{Heap before GC invocations=877 (full 4):
 def new generation   total 1031040K, used 49326K [0x00007f5800600000, 0x00007f58464b0000, 0x00007f62ab0a0000)
  eden space 916544K,   0% used [0x00007f5800600000, 0x00007f5800600000, 0x00007f5838510000)
  from space 114496K,  43% used [0x00007f5838510000, 0x00007f583b53ba90, 0x00007f583f4e0000)
  to   space 114496K,   0% used [0x00007f583f4e0000, 0x00007f583f4e0000, 0x00007f58464b0000)
 tenured generation   total 2307364K, used 2297877K [0x00007f62ab0a0000, 0x00007f6337de9000, 0x00007f7800600000)
   the space 2307364K,  99% used [0x00007f62ab0a0000, 0x00007f63374a5788, 0x00007f63374a5800, 0x00007f6337de9000)
 Metaspace       used 24256K, capacity 24640K, committed 24832K, reserved 26624K
}

