# JRE version: OpenJDK Runtime Environment (13.0.7+5) (build 13.0.7+5-Ubuntu-0ubuntu120.04)
# Java VM: OpenJDK 64-Bit Server VM (13.0.7+5-Ubuntu-0ubuntu120.04, mixed mode, tiered, serial gc, linux-amd64)
Heap:
 def new generation   total 3574912K, used 17769K [0x00007fb1d8600000, 0x00007fb2cad00000, 0x00007fb72db50000)
  eden space 3177728K,   0% used [0x00007fb1d8600000, 0x00007fb1d975a580, 0x00007fb29a540000)
  from space 397184K,   0% used [0x00007fb2b2920000, 0x00007fb2b2920000, 0x00007fb2cad00000)
  to   space 397184K,   0% used [0x00007fb29a540000, 0x00007fb29a540000, 0x00007fb2b2920000)
 tenured generation   total 10995608K, used 10995607K [0x00007fb72db50000, 0x00007fb9ccd36000, 0x00007fc1d8600000)
   the space 10995608K,  99% used [0x00007fb72db50000, 0x00007fb9ccd35d00, 0x00007fb9ccd35e00, 0x00007fb9ccd36000)
 Metaspace       used 30683K, capacity 31050K, committed 31232K, reserved 32768K
GC Heap History (20 events):
Event: 185.524 GC heap after
{Heap after GC invocations=38 (full 5):
 def new generation   total 2229184K, used 247679K [0x00007fb1d8600000, 0x00007fb26f8d0000, 0x00007fb72db50000)
  eden space 1981504K,   0% used [0x00007fb1d8600000, 0x00007fb1d8600000, 0x00007fb251510000)
  from space 247680K,  99% used [0x00007fb251510000, 0x00007fb2606efff8, 0x00007fb2606f0000)
  to   space 247680K,   0% used [0x00007fb2606f0000, 0x00007fb2606f0000, 0x00007fb26f8d0000)
 tenured generation   total 6074752K, used 6074581K [0x00007fb72db50000, 0x00007fb8a07b0000, 0x00007fc1d8600000)
   the space 6074752K,  99% used [0x00007fb72db50000, 0x00007fb8a07854b0, 0x00007fb8a0785600, 0x00007fb8a07b0000)
 Metaspace       used 30675K, capacity 31050K, committed 31232K, reserved 32768K
}
Event: 185.524 GC heap before
{Heap before GC invocations=38 (full 5):
 def new generation   total 2229184K, used 247679K [0x00007fb1d8600000, 0x00007fb26f8d0000, 0x00007fb72db50000)
  eden space 1981504K,   0% used [0x00007fb1d8600000, 0x00007fb1d8600000, 0x00007fb251510000)
  from space 247680K,  99% used [0x00007fb251510000, 0x00007fb2606efff8, 0x00007fb2606f0000)
  to   space 247680K,   0% used [0x00007fb2606f0000, 0x00007fb2606f0000, 0x00007fb26f8d0000)
 tenured generation   total 6074752K, used 6074581K [0x00007fb72db50000, 0x00007fb8a07b0000, 0x00007fc1d8600000)
   the space 6074752K,  99% used [0x00007fb72db50000, 0x00007fb8a07854b0, 0x00007fb8a0785600, 0x00007fb8a07b0000)
 Metaspace       used 30675K, capacity 31050K, committed 31232K, reserved 32768K
}
Event: 195.879 GC heap after
{Heap after GC invocations=38 (full 6):
 def new generation   total 3574912K, used 0K [0x00007fb1d8600000, 0x00007fb2cad00000, 0x00007fb72db50000)
  eden space 3177728K,   0% used [0x00007fb1d8600000, 0x00007fb1d8600000, 0x00007fb29a540000)
  from space 397184K,   0% used [0x00007fb29a540000, 0x00007fb29a540000, 0x00007fb2b2920000)
  to   space 397184K,   0% used [0x00007fb2b2920000, 0x00007fb2b2920000, 0x00007fb2cad00000)
 tenured generation   total 7944160K, used 4766495K [0x00007fb72db50000, 0x00007fb912948000, 0x00007fc1d8600000)
   the space 7944160K,  59% used [0x00007fb72db50000, 0x00007fb850a17cd8, 0x00007fb850a17e00, 0x00007fb912948000)
 Metaspace       used 30675K, capacity 31050K, committed 31232K, reserved 32768K
}
Event: 259.479 GC heap before
{Heap before GC invocations=38 (full 6):
 def new generation   total 3574912K, used 3177728K [0x00007fb1d8600000, 0x00007fb2cad00000, 0x00007fb72db50000)
  eden space 3177728K, 100% used [0x00007fb1d8600000, 0x00007fb29a540000, 0x00007fb29a540000)
  from space 397184K,   0% used [0x00007fb29a540000, 0x00007fb29a540000, 0x00007fb2b2920000)
  to   space 397184K,   0% used [0x00007fb2b2920000, 0x00007fb2b2920000, 0x00007fb2cad00000)
 tenured generation   total 7944160K, used 4766495K [0x00007fb72db50000, 0x00007fb912948000, 0x00007fc1d8600000)
   the space 7944160K,  59% used [0x00007fb72db50000, 0x00007fb850a17cd8, 0x00007fb850a17e00, 0x00007fb912948000)
 Metaspace       used 30675K, capacity 31050K, committed 31232K, reserved 32768K
}
Event: 260.476 GC heap after
{Heap after GC invocations=39 (full 6):
 def new generation   total 3574912K, used 397183K [0x00007fb1d8600000, 0x00007fb2cad00000, 0x00007fb72db50000)
  eden space 3177728K,   0% used [0x00007fb1d8600000, 0x00007fb1d8600000, 0x00007fb29a540000)
  from space 397184K,  99% used [0x00007fb2b2920000, 0x00007fb2cacffff0, 0x00007fb2cad00000)
  to   space 397184K,   0% used [0x00007fb29a540000, 0x00007fb29a540000, 0x00007fb2b2920000)
 tenured generation   total 7944160K, used 5038300K [0x00007fb72db50000, 0x00007fb912948000, 0x00007fc1d8600000)
   the space 7944160K,  63% used [0x00007fb72db50000, 0x00007fb8613871f8, 0x00007fb861387200, 0x00007fb912948000)
 Metaspace       used 30675K, capacity 31050K, committed 31232K, reserved 32768K
}
Event: 328.532 GC heap before
{Heap before GC invocations=39 (full 6):
 def new generation   total 3574912K, used 3574911K [0x00007fb1d8600000, 0x00007fb2cad00000, 0x00007fb72db50000)
  eden space 3177728K, 100% used [0x00007fb1d8600000, 0x00007fb29a540000, 0x00007fb29a540000)
  from space 397184K,  99% used [0x00007fb2b2920000, 0x00007fb2cacffff0, 0x00007fb2cad00000)
  to   space 397184K,   0% used [0x00007fb29a540000, 0x00007fb29a540000, 0x00007fb2b2920000)
 tenured generation   total 7944160K, used 5038300K [0x00007fb72db50000, 0x00007fb912948000, 0x00007fc1d8600000)
   the space 7944160K,  63% used [0x00007fb72db50000, 0x00007fb8613871f8, 0x00007fb861387200, 0x00007fb912948000)
 Metaspace       used 30675K, capacity 31050K, committed 31232K, reserved 32768K
}
Event: 329.897 GC heap after
{Heap after GC invocations=40 (full 6):
 def new generation   total 3574912K, used 397183K [0x00007fb1d8600000, 0x00007fb2cad00000, 0x00007fb72db50000)
  eden space 3177728K,   0% used [0x00007fb1d8600000, 0x00007fb1d8600000, 0x00007fb29a540000)
  from space 397184K,  99% used [0x00007fb29a540000, 0x00007fb2b291fff0, 0x00007fb2b2920000)
  to   space 397184K,   0% used [0x00007fb2b2920000, 0x00007fb2b2920000, 0x00007fb2cad00000)
 tenured generation   total 7944160K, used 5707289K [0x00007fb72db50000, 0x00007fb912948000, 0x00007fc1d8600000)
   the space 7944160K,  71% used [0x00007fb72db50000, 0x00007fb88a0d6778, 0x00007fb88a0d6800, 0x00007fb912948000)
 Metaspace       used 30675K, capacity 31050K, committed 31232K, reserved 32768K
}
Event: 347.535 GC heap before
{Heap before GC invocations=40 (full 6):
 def new generation   total 3574912K, used 3574911K [0x00007fb1d8600000, 0x00007fb2cad00000, 0x00007fb72db50000)
  eden space 3177728K, 100% used [0x00007fb1d8600000, 0x00007fb29a540000, 0x00007fb29a540000)
  from space 397184K,  99% used [0x00007fb29a540000, 0x00007fb2b291fff0, 0x00007fb2b2920000)
  to   space 397184K,   0% used [0x00007fb2b2920000, 0x00007fb2b2920000, 0x00007fb2cad00000)
 tenured generation   total 7944160K, used 5707289K [0x00007fb72db50000, 0x00007fb912948000, 0x00007fc1d8600000)
   the space 7944160K,  71% used [0x00007fb72db50000, 0x00007fb88a0d6778, 0x00007fb88a0d6800, 0x00007fb912948000)
 Metaspace       used 30675K, capacity 31050K, committed 31232K, reserved 32768K
}
Event: 349.884 GC heap after
{Heap after GC invocations=41 (full 6):
 def new generation   total 3574912K, used 397183K [0x00007fb1d8600000, 0x00007fb2cad00000, 0x00007fb72db50000)
  eden space 3177728K,   0% used [0x00007fb1d8600000, 0x00007fb1d8600000, 0x00007fb29a540000)
  from space 397184K,  99% used [0x00007fb2b2920000, 0x00007fb2cacffff8, 0x00007fb2cad00000)
  to   space 397184K,   0% used [0x00007fb29a540000, 0x00007fb29a540000, 0x00007fb2b2920000)
 tenured generation   total 7944160K, used 7688021K [0x00007fb72db50000, 0x00007fb912948000, 0x00007fc1d8600000)
   the space 7944160K,  96% used [0x00007fb72db50000, 0x00007fb902f25740, 0x00007fb902f25800, 0x00007fb912948000)
 Metaspace       used 30675K, capacity 31050K, committed 31232K, reserved 32768K
}
Event: 352.268 GC heap before
{Heap before GC invocations=41 (full 6):
 def new generation   total 3574912K, used 3574911K [0x00007fb1d8600000, 0x00007fb2cad00000, 0x00007fb72db50000)
  eden space 3177728K, 100% used [0x00007fb1d8600000, 0x00007fb29a540000, 0x00007fb29a540000)
  from space 397184K,  99% used [0x00007fb2b2920000, 0x00007fb2cacffff8, 0x00007fb2cad00000)
  to   space 397184K,   0% used [0x00007fb29a540000, 0x00007fb29a540000, 0x00007fb2b2920000)
 tenured generation   total 7944160K, used 7688021K [0x00007fb72db50000, 0x00007fb912948000, 0x00007fc1d8600000)
   the space 7944160K,  96% used [0x00007fb72db50000, 0x00007fb902f25740, 0x00007fb902f25800, 0x00007fb912948000)
 Metaspace       used 30680K, capacity 31050K, committed 31232K, reserved 32768K
}
Event: 355.127 GC heap after
{Heap after GC invocations=42 (full 6):
 def new generation   total 3574912K, used 397184K [0x00007fb1d8600000, 0x00007fb2cad00000, 0x00007fb72db50000)
  eden space 3177728K,   0% used [0x00007fb1d8600000, 0x00007fb1d8600000, 0x00007fb29a540000)
  from space 397184K, 100% used [0x00007fb29a540000, 0x00007fb2b2920000, 0x00007fb2b2920000)
  to   space 397184K,   0% used [0x00007fb2b2920000, 0x00007fb2b2920000, 0x00007fb2cad00000)
 tenured generation   total 9702880K, used 9702767K [0x00007fb72db50000, 0x00007fb97dec8000, 0x00007fc1d8600000)
   the space 9702880K,  99% used [0x00007fb72db50000, 0x00007fb97deabeb8, 0x00007fb97deac000, 0x00007fb97dec8000)
 Metaspace       used 30680K, capacity 31050K, committed 31232K, reserved 32768K
}
Event: 355.127 GC heap before
{Heap before GC invocations=42 (full 6):
 def new generation   total 3574912K, used 397184K [0x00007fb1d8600000, 0x00007fb2cad00000, 0x00007fb72db50000)
  eden space 3177728K,   0% used [0x00007fb1d8600000, 0x00007fb1d8600000, 0x00007fb29a540000)
  from space 397184K, 100% used [0x00007fb29a540000, 0x00007fb2b2920000, 0x00007fb2b2920000)
  to   space 397184K,   0% used [0x00007fb2b2920000, 0x00007fb2b2920000, 0x00007fb2cad00000)
 tenured generation   total 9702880K, used 9702767K [0x00007fb72db50000, 0x00007fb97dec8000, 0x00007fc1d8600000)
   the space 9702880K,  99% used [0x00007fb72db50000, 0x00007fb97deabeb8, 0x00007fb97deac000, 0x00007fb97dec8000)
 Metaspace       used 30680K, capacity 31050K, committed 31232K, reserved 32768K
}
Event: 360.622 GC heap after
{Heap after GC invocations=42 (full 7):
 def new generation   total 3574912K, used 0K [0x00007fb1d8600000, 0x00007fb2cad00000, 0x00007fb72db50000)
  eden space 3177728K,   0% used [0x00007fb1d8600000, 0x00007fb1d8600000, 0x00007fb29a540000)
  from space 397184K,   0% used [0x00007fb29a540000, 0x00007fb29a540000, 0x00007fb2b2920000)
  to   space 397184K,   0% used [0x00007fb2b2920000, 0x00007fb2b2920000, 0x00007fb2cad00000)
 tenured generation   total 7944160K, used 4547236K [0x00007fb72db50000, 0x00007fb912948000, 0x00007fc1d8600000)
   the space 7944160K,  57% used [0x00007fb72db50000, 0x00007fb8433f9090, 0x00007fb8433f9200, 0x00007fb912948000)
 Metaspace       used 30680K, capacity 31050K, committed 31232K, reserved 32768K
}
Event: 361.940 GC heap before
{Heap before GC invocations=42 (full 7):
 def new generation   total 3574912K, used 3177728K [0x00007fb1d8600000, 0x00007fb2cad00000, 0x00007fb72db50000)
  eden space 3177728K, 100% used [0x00007fb1d8600000, 0x00007fb29a540000, 0x00007fb29a540000)
  from space 397184K,   0% used [0x00007fb29a540000, 0x00007fb29a540000, 0x00007fb2b2920000)
  to   space 397184K,   0% used [0x00007fb2b2920000, 0x00007fb2b2920000, 0x00007fb2cad00000)
 tenured generation   total 7944160K, used 4547236K [0x00007fb72db50000, 0x00007fb912948000, 0x00007fc1d8600000)
   the space 7944160K,  57% used [0x00007fb72db50000, 0x00007fb8433f9090, 0x00007fb8433f9200, 0x00007fb912948000)
 Metaspace       used 30680K, capacity 31050K, committed 31232K, reserved 32768K
}
Event: 363.292 GC heap after
{Heap after GC invocations=43 (full 7):
 def new generation   total 3574912K, used 397184K [0x00007fb1d8600000, 0x00007fb2cad00000, 0x00007fb72db50000)
  eden space 3177728K,   0% used [0x00007fb1d8600000, 0x00007fb1d8600000, 0x00007fb29a540000)
  from space 397184K, 100% used [0x00007fb2b2920000, 0x00007fb2cad00000, 0x00007fb2cad00000)
  to   space 397184K,   0% used [0x00007fb29a540000, 0x00007fb29a540000, 0x00007fb2b2920000)
 tenured generation   total 7944160K, used 4801455K [0x00007fb72db50000, 0x00007fb912948000, 0x00007fc1d8600000)
   the space 7944160K,  60% used [0x00007fb72db50000, 0x00007fb852c3bd50, 0x00007fb852c3be00, 0x00007fb912948000)
 Metaspace       used 30680K, capacity 31050K, committed 31232K, reserved 32768K
}
Event: 363.862 GC heap before
{Heap before GC invocations=43 (full 7):
 def new generation   total 3574912K, used 3574912K [0x00007fb1d8600000, 0x00007fb2cad00000, 0x00007fb72db50000)
  eden space 3177728K, 100% used [0x00007fb1d8600000, 0x00007fb29a540000, 0x00007fb29a540000)
  from space 397184K, 100% used [0x00007fb2b2920000, 0x00007fb2cad00000, 0x00007fb2cad00000)
  to   space 397184K,   0% used [0x00007fb29a540000, 0x00007fb29a540000, 0x00007fb2b2920000)
 tenured generation   total 7944160K, used 4801455K [0x00007fb72db50000, 0x00007fb912948000, 0x00007fc1d8600000)
   the space 7944160K,  60% used [0x00007fb72db50000, 0x00007fb852c3bd50, 0x00007fb852c3be00, 0x00007fb912948000)
 Metaspace       used 30683K, capacity 31050K, committed 31232K, reserved 32768K
}
Event: 364.828 GC heap after
{Heap after GC invocations=44 (full 7):
 def new generation   total 3574912K, used 397183K [0x00007fb1d8600000, 0x00007fb2cad00000, 0x00007fb72db50000)
  eden space 3177728K,   0% used [0x00007fb1d8600000, 0x00007fb1d8600000, 0x00007fb29a540000)
  from space 397184K,  99% used [0x00007fb29a540000, 0x00007fb2b291fff8, 0x00007fb2b2920000)
  to   space 397184K,   0% used [0x00007fb2b2920000, 0x00007fb2b2920000, 0x00007fb2cad00000)
 tenured generation   total 7944160K, used 7817934K [0x00007fb72db50000, 0x00007fb912948000, 0x00007fc1d8600000)
   the space 7944160K,  98% used [0x00007fb72db50000, 0x00007fb90ae039a8, 0x00007fb90ae03a00, 0x00007fb912948000)
 Metaspace       used 30683K, capacity 31050K, committed 31232K, reserved 32768K
}
Event: 365.178 GC heap before
{Heap before GC invocations=44 (full 7):
 def new generation   total 3574912K, used 3574911K [0x00007fb1d8600000, 0x00007fb2cad00000, 0x00007fb72db50000)
  eden space 3177728K, 100% used [0x00007fb1d8600000, 0x00007fb29a540000, 0x00007fb29a540000)
  from space 397184K,  99% used [0x00007fb29a540000, 0x00007fb2b291fff8, 0x00007fb2b2920000)
  to   space 397184K,   0% used [0x00007fb2b2920000, 0x00007fb2b2920000, 0x00007fb2cad00000)
 tenured generation   total 7944160K, used 7817934K [0x00007fb72db50000, 0x00007fb912948000, 0x00007fc1d8600000)
   the space 7944160K,  98% used [0x00007fb72db50000, 0x00007fb90ae039a8, 0x00007fb90ae03a00, 0x00007fb912948000)
 Metaspace       used 30683K, capacity 31050K, committed 31232K, reserved 32768K
}
Event: 366.502 GC heap after
{Heap after GC invocations=45 (full 7):
 def new generation   total 3574912K, used 397182K [0x00007fb1d8600000, 0x00007fb2cad00000, 0x00007fb72db50000)
  eden space 3177728K,   0% used [0x00007fb1d8600000, 0x00007fb1d8600000, 0x00007fb29a540000)
  from space 397184K,  99% used [0x00007fb2b2920000, 0x00007fb2cacffa00, 0x00007fb2cad00000)
  to   space 397184K,   0% used [0x00007fb29a540000, 0x00007fb29a540000, 0x00007fb2b2920000)
 tenured generation   total 10995608K, used 10995576K [0x00007fb72db50000, 0x00007fb9ccd36000, 0x00007fc1d8600000)
   the space 10995608K,  99% used [0x00007fb72db50000, 0x00007fb9ccd2e2c0, 0x00007fb9ccd2e400, 0x00007fb9ccd36000)
 Metaspace       used 30683K, capacity 31050K, committed 31232K, reserved 32768K
}
Event: 366.502 GC heap before
{Heap before GC invocations=45 (full 7):
 def new generation   total 3574912K, used 397182K [0x00007fb1d8600000, 0x00007fb2cad00000, 0x00007fb72db50000)
  eden space 3177728K,   0% used [0x00007fb1d8600000, 0x00007fb1d8600000, 0x00007fb29a540000)
  from space 397184K,  99% used [0x00007fb2b2920000, 0x00007fb2cacffa00, 0x00007fb2cad00000)
  to   space 397184K,   0% used [0x00007fb29a540000, 0x00007fb29a540000, 0x00007fb2b2920000)
 tenured generation   total 10995608K, used 10995576K [0x00007fb72db50000, 0x00007fb9ccd36000, 0x00007fc1d8600000)
   the space 10995608K,  99% used [0x00007fb72db50000, 0x00007fb9ccd2e2c0, 0x00007fb9ccd2e400, 0x00007fb9ccd36000)
 Metaspace       used 30683K, capacity 31050K, committed 31232K, reserved 32768K
}

