# JRE version: OpenJDK Runtime Environment (13.0.7+5) (build 13.0.7+5-Ubuntu-0ubuntu120.04)
# Java VM: OpenJDK 64-Bit Server VM (13.0.7+5-Ubuntu-0ubuntu120.04, mixed mode, tiered, serial gc, linux-amd64)
Heap:
 def new generation   total 2946176K, used 277544K [0x00007f3aa0600000, 0x00007f3b682c0000, 0x00007f3ff5b50000)
  eden space 2618880K,  10% used [0x00007f3aa0600000, 0x00007f3ab150a2a0, 0x00007f3b40380000)
  from space 327296K,   0% used [0x00007f3b54320000, 0x00007f3b54320000, 0x00007f3b682c0000)
  to   space 327296K,   0% used [0x00007f3b40380000, 0x00007f3b40380000, 0x00007f3b54320000)
 tenured generation   total 6826028K, used 6826027K [0x00007f3ff5b50000, 0x00007f419655b000, 0x00007f4aa0600000)
   the space 6826028K,  99% used [0x00007f3ff5b50000, 0x00007f419655aff8, 0x00007f419655b000, 0x00007f419655b000)
 Metaspace       used 30630K, capacity 31051K, committed 31232K, reserved 32768K
GC Heap History (20 events):
Event: 208.444 GC heap after
{Heap after GC invocations=79 (full 5):
 def new generation   total 2946176K, used 227895K [0x00007f3aa0600000, 0x00007f3b682c0000, 0x00007f3ff5b50000)
  eden space 2618880K,   0% used [0x00007f3aa0600000, 0x00007f3aa0600000, 0x00007f3b40380000)
  from space 327296K,  69% used [0x00007f3b40380000, 0x00007f3b4e20dda0, 0x00007f3b54320000)
  to   space 327296K,   0% used [0x00007f3b54320000, 0x00007f3b54320000, 0x00007f3b682c0000)
 tenured generation   total 6546860K, used 4290037K [0x00007f3ff5b50000, 0x00007f41854bb000, 0x00007f4aa0600000)
   the space 6546860K,  65% used [0x00007f3ff5b50000, 0x00007f40fb8cd728, 0x00007f40fb8cd800, 0x00007f41854bb000)
 Metaspace       used 30630K, capacity 31051K, committed 31232K, reserved 32768K
}
Event: 209.560 GC heap before
{Heap before GC invocations=79 (full 5):
 def new generation   total 2946176K, used 2846775K [0x00007f3aa0600000, 0x00007f3b682c0000, 0x00007f3ff5b50000)
  eden space 2618880K, 100% used [0x00007f3aa0600000, 0x00007f3b40380000, 0x00007f3b40380000)
  from space 327296K,  69% used [0x00007f3b40380000, 0x00007f3b4e20dda0, 0x00007f3b54320000)
  to   space 327296K,   0% used [0x00007f3b54320000, 0x00007f3b54320000, 0x00007f3b682c0000)
 tenured generation   total 6546860K, used 4290037K [0x00007f3ff5b50000, 0x00007f41854bb000, 0x00007f4aa0600000)
   the space 6546860K,  65% used [0x00007f3ff5b50000, 0x00007f40fb8cd728, 0x00007f40fb8cd800, 0x00007f41854bb000)
 Metaspace       used 30630K, capacity 31051K, committed 31232K, reserved 32768K
}
Event: 210.845 GC heap after
{Heap after GC invocations=80 (full 5):
 def new generation   total 2946176K, used 259708K [0x00007f3aa0600000, 0x00007f3b682c0000, 0x00007f3ff5b50000)
  eden space 2618880K,   0% used [0x00007f3aa0600000, 0x00007f3aa0600000, 0x00007f3b40380000)
  from space 327296K,  79% used [0x00007f3b54320000, 0x00007f3b640bf218, 0x00007f3b682c0000)
  to   space 327296K,   0% used [0x00007f3b40380000, 0x00007f3b40380000, 0x00007f3b54320000)
 tenured generation   total 6546860K, used 4517932K [0x00007f3ff5b50000, 0x00007f41854bb000, 0x00007f4aa0600000)
   the space 6546860K,  69% used [0x00007f3ff5b50000, 0x00007f410975b018, 0x00007f410975b200, 0x00007f41854bb000)
 Metaspace       used 30630K, capacity 31051K, committed 31232K, reserved 32768K
}
Event: 212.007 GC heap before
{Heap before GC invocations=80 (full 5):
 def new generation   total 2946176K, used 2878588K [0x00007f3aa0600000, 0x00007f3b682c0000, 0x00007f3ff5b50000)
  eden space 2618880K, 100% used [0x00007f3aa0600000, 0x00007f3b40380000, 0x00007f3b40380000)
  from space 327296K,  79% used [0x00007f3b54320000, 0x00007f3b640bf218, 0x00007f3b682c0000)
  to   space 327296K,   0% used [0x00007f3b40380000, 0x00007f3b40380000, 0x00007f3b54320000)
 tenured generation   total 6546860K, used 4517932K [0x00007f3ff5b50000, 0x00007f41854bb000, 0x00007f4aa0600000)
   the space 6546860K,  69% used [0x00007f3ff5b50000, 0x00007f410975b018, 0x00007f410975b200, 0x00007f41854bb000)
 Metaspace       used 30630K, capacity 31051K, committed 31232K, reserved 32768K
}
Event: 213.428 GC heap after
{Heap after GC invocations=81 (full 5):
 def new generation   total 2946176K, used 310595K [0x00007f3aa0600000, 0x00007f3b682c0000, 0x00007f3ff5b50000)
  eden space 2618880K,   0% used [0x00007f3aa0600000, 0x00007f3aa0600000, 0x00007f3b40380000)
  from space 327296K,  94% used [0x00007f3b40380000, 0x00007f3b532d0c60, 0x00007f3b54320000)
  to   space 327296K,   0% used [0x00007f3b54320000, 0x00007f3b54320000, 0x00007f3b682c0000)
 tenured generation   total 6546860K, used 4777639K [0x00007f3ff5b50000, 0x00007f41854bb000, 0x00007f4aa0600000)
   the space 6546860K,  72% used [0x00007f3ff5b50000, 0x00007f41194f9e00, 0x00007f41194f9e00, 0x00007f41854bb000)
 Metaspace       used 30630K, capacity 31051K, committed 31232K, reserved 32768K
}
Event: 214.634 GC heap before
{Heap before GC invocations=81 (full 5):
 def new generation   total 2946176K, used 2929475K [0x00007f3aa0600000, 0x00007f3b682c0000, 0x00007f3ff5b50000)
  eden space 2618880K, 100% used [0x00007f3aa0600000, 0x00007f3b40380000, 0x00007f3b40380000)
  from space 327296K,  94% used [0x00007f3b40380000, 0x00007f3b532d0c60, 0x00007f3b54320000)
  to   space 327296K,   0% used [0x00007f3b54320000, 0x00007f3b54320000, 0x00007f3b682c0000)
 tenured generation   total 6546860K, used 4777639K [0x00007f3ff5b50000, 0x00007f41854bb000, 0x00007f4aa0600000)
   the space 6546860K,  72% used [0x00007f3ff5b50000, 0x00007f41194f9e00, 0x00007f41194f9e00, 0x00007f41854bb000)
 Metaspace       used 30630K, capacity 31051K, committed 31232K, reserved 32768K
}
Event: 216.115 GC heap after
{Heap after GC invocations=82 (full 5):
 def new generation   total 2946176K, used 292697K [0x00007f3aa0600000, 0x00007f3b682c0000, 0x00007f3ff5b50000)
  eden space 2618880K,   0% used [0x00007f3aa0600000, 0x00007f3aa0600000, 0x00007f3b40380000)
  from space 327296K,  89% used [0x00007f3b54320000, 0x00007f3b660f67c0, 0x00007f3b682c0000)
  to   space 327296K,   0% used [0x00007f3b40380000, 0x00007f3b40380000, 0x00007f3b54320000)
 tenured generation   total 6546860K, used 5088234K [0x00007f3ff5b50000, 0x00007f41854bb000, 0x00007f4aa0600000)
   the space 6546860K,  77% used [0x00007f3ff5b50000, 0x00007f412c44aa40, 0x00007f412c44ac00, 0x00007f41854bb000)
 Metaspace       used 30630K, capacity 31051K, committed 31232K, reserved 32768K
}
Event: 217.073 GC heap before
{Heap before GC invocations=82 (full 5):
 def new generation   total 2946176K, used 2911577K [0x00007f3aa0600000, 0x00007f3b682c0000, 0x00007f3ff5b50000)
  eden space 2618880K, 100% used [0x00007f3aa0600000, 0x00007f3b40380000, 0x00007f3b40380000)
  from space 327296K,  89% used [0x00007f3b54320000, 0x00007f3b660f67c0, 0x00007f3b682c0000)
  to   space 327296K,   0% used [0x00007f3b40380000, 0x00007f3b40380000, 0x00007f3b54320000)
 tenured generation   total 6546860K, used 5088234K [0x00007f3ff5b50000, 0x00007f41854bb000, 0x00007f4aa0600000)
   the space 6546860K,  77% used [0x00007f3ff5b50000, 0x00007f412c44aa40, 0x00007f412c44ac00, 0x00007f41854bb000)
 Metaspace       used 30630K, capacity 31051K, committed 31232K, reserved 32768K
}
Event: 218.457 GC heap after
{Heap after GC invocations=83 (full 5):
 def new generation   total 2946176K, used 317965K [0x00007f3aa0600000, 0x00007f3b682c0000, 0x00007f3ff5b50000)
  eden space 2618880K,   0% used [0x00007f3aa0600000, 0x00007f3aa0600000, 0x00007f3b40380000)
  from space 327296K,  97% used [0x00007f3b40380000, 0x00007f3b53a034d0, 0x00007f3b54320000)
  to   space 327296K,   0% used [0x00007f3b54320000, 0x00007f3b54320000, 0x00007f3b682c0000)
 tenured generation   total 6546860K, used 5380932K [0x00007f3ff5b50000, 0x00007f41854bb000, 0x00007f4aa0600000)
   the space 6546860K,  82% used [0x00007f3ff5b50000, 0x00007f413e2210f0, 0x00007f413e221200, 0x00007f41854bb000)
 Metaspace       used 30630K, capacity 31051K, committed 31232K, reserved 32768K
}
Event: 219.769 GC heap before
{Heap before GC invocations=83 (full 5):
 def new generation   total 2946176K, used 2936845K [0x00007f3aa0600000, 0x00007f3b682c0000, 0x00007f3ff5b50000)
  eden space 2618880K, 100% used [0x00007f3aa0600000, 0x00007f3b40380000, 0x00007f3b40380000)
  from space 327296K,  97% used [0x00007f3b40380000, 0x00007f3b53a034d0, 0x00007f3b54320000)
  to   space 327296K,   0% used [0x00007f3b54320000, 0x00007f3b54320000, 0x00007f3b682c0000)
 tenured generation   total 6546860K, used 5380932K [0x00007f3ff5b50000, 0x00007f41854bb000, 0x00007f4aa0600000)
   the space 6546860K,  82% used [0x00007f3ff5b50000, 0x00007f413e2210f0, 0x00007f413e221200, 0x00007f41854bb000)
 Metaspace       used 30630K, capacity 31051K, committed 31232K, reserved 32768K
}
Event: 221.418 GC heap after
{Heap after GC invocations=84 (full 5):
 def new generation   total 2946176K, used 272555K [0x00007f3aa0600000, 0x00007f3b682c0000, 0x00007f3ff5b50000)
  eden space 2618880K,   0% used [0x00007f3aa0600000, 0x00007f3aa0600000, 0x00007f3b40380000)
  from space 327296K,  83% used [0x00007f3b54320000, 0x00007f3b64d4ac90, 0x00007f3b682c0000)
  to   space 327296K,   0% used [0x00007f3b40380000, 0x00007f3b40380000, 0x00007f3b54320000)
 tenured generation   total 6546860K, used 5698897K [0x00007f3ff5b50000, 0x00007f41854bb000, 0x00007f4aa0600000)
   the space 6546860K,  87% used [0x00007f3ff5b50000, 0x00007f41518a4570, 0x00007f41518a4600, 0x00007f41854bb000)
 Metaspace       used 30630K, capacity 31051K, committed 31232K, reserved 32768K
}
Event: 222.627 GC heap before
{Heap before GC invocations=84 (full 5):
 def new generation   total 2946176K, used 2891435K [0x00007f3aa0600000, 0x00007f3b682c0000, 0x00007f3ff5b50000)
  eden space 2618880K, 100% used [0x00007f3aa0600000, 0x00007f3b40380000, 0x00007f3b40380000)
  from space 327296K,  83% used [0x00007f3b54320000, 0x00007f3b64d4ac90, 0x00007f3b682c0000)
  to   space 327296K,   0% used [0x00007f3b40380000, 0x00007f3b40380000, 0x00007f3b54320000)
 tenured generation   total 6546860K, used 5698897K [0x00007f3ff5b50000, 0x00007f41854bb000, 0x00007f4aa0600000)
   the space 6546860K,  87% used [0x00007f3ff5b50000, 0x00007f41518a4570, 0x00007f41518a4600, 0x00007f41854bb000)
 Metaspace       used 30630K, capacity 31051K, committed 31232K, reserved 32768K
}
Event: 225.114 GC heap after
{Heap after GC invocations=85 (full 5):
 def new generation   total 2946176K, used 271047K [0x00007f3aa0600000, 0x00007f3b682c0000, 0x00007f3ff5b50000)
  eden space 2618880K,   0% used [0x00007f3aa0600000, 0x00007f3aa0600000, 0x00007f3b40380000)
  from space 327296K,  82% used [0x00007f3b40380000, 0x00007f3b50c31cf0, 0x00007f3b54320000)
  to   space 327296K,   0% used [0x00007f3b54320000, 0x00007f3b54320000, 0x00007f3b682c0000)
 tenured generation   total 6546860K, used 5971452K [0x00007f3ff5b50000, 0x00007f41854bb000, 0x00007f4aa0600000)
   the space 6546860K,  91% used [0x00007f3ff5b50000, 0x00007f41622cf1e0, 0x00007f41622cf200, 0x00007f41854bb000)
 Metaspace       used 30630K, capacity 31051K, committed 31232K, reserved 32768K
}
Event: 226.038 GC heap before
{Heap before GC invocations=85 (full 5):
 def new generation   total 2946176K, used 2889927K [0x00007f3aa0600000, 0x00007f3b682c0000, 0x00007f3ff5b50000)
  eden space 2618880K, 100% used [0x00007f3aa0600000, 0x00007f3b40380000, 0x00007f3b40380000)
  from space 327296K,  82% used [0x00007f3b40380000, 0x00007f3b50c31cf0, 0x00007f3b54320000)
  to   space 327296K,   0% used [0x00007f3b54320000, 0x00007f3b54320000, 0x00007f3b682c0000)
 tenured generation   total 6546860K, used 5971452K [0x00007f3ff5b50000, 0x00007f41854bb000, 0x00007f4aa0600000)
   the space 6546860K,  91% used [0x00007f3ff5b50000, 0x00007f41622cf1e0, 0x00007f41622cf200, 0x00007f41854bb000)
 Metaspace       used 30630K, capacity 31051K, committed 31232K, reserved 32768K
}
Event: 227.054 GC heap after
{Heap after GC invocations=86 (full 5):
 def new generation   total 2946176K, used 271961K [0x00007f3aa0600000, 0x00007f3b682c0000, 0x00007f3ff5b50000)
  eden space 2618880K,   0% used [0x00007f3aa0600000, 0x00007f3aa0600000, 0x00007f3b40380000)
  from space 327296K,  83% used [0x00007f3b54320000, 0x00007f3b64cb6458, 0x00007f3b682c0000)
  to   space 327296K,   0% used [0x00007f3b40380000, 0x00007f3b40380000, 0x00007f3b54320000)
 tenured generation   total 6546860K, used 6242499K [0x00007f3ff5b50000, 0x00007f41854bb000, 0x00007f4aa0600000)
   the space 6546860K,  95% used [0x00007f3ff5b50000, 0x00007f4172b80c90, 0x00007f4172b80e00, 0x00007f41854bb000)
 Metaspace       used 30630K, capacity 31051K, committed 31232K, reserved 32768K
}
Event: 227.990 GC heap before
{Heap before GC invocations=86 (full 5):
 def new generation   total 2946176K, used 2890841K [0x00007f3aa0600000, 0x00007f3b682c0000, 0x00007f3ff5b50000)
  eden space 2618880K, 100% used [0x00007f3aa0600000, 0x00007f3b40380000, 0x00007f3b40380000)
  from space 327296K,  83% used [0x00007f3b54320000, 0x00007f3b64cb6458, 0x00007f3b682c0000)
  to   space 327296K,   0% used [0x00007f3b40380000, 0x00007f3b40380000, 0x00007f3b54320000)
 tenured generation   total 6546860K, used 6242499K [0x00007f3ff5b50000, 0x00007f41854bb000, 0x00007f4aa0600000)
   the space 6546860K,  95% used [0x00007f3ff5b50000, 0x00007f4172b80c90, 0x00007f4172b80e00, 0x00007f41854bb000)
 Metaspace       used 30630K, capacity 31051K, committed 31232K, reserved 32768K
}
Event: 229.204 GC heap after
{Heap after GC invocations=87 (full 5):
 def new generation   total 2946176K, used 311549K [0x00007f3aa0600000, 0x00007f3b682c0000, 0x00007f3ff5b50000)
  eden space 2618880K,   0% used [0x00007f3aa0600000, 0x00007f3aa0600000, 0x00007f3b40380000)
  from space 327296K,  95% used [0x00007f3b40380000, 0x00007f3b533bf688, 0x00007f3b54320000)
  to   space 327296K,   0% used [0x00007f3b54320000, 0x00007f3b54320000, 0x00007f3b682c0000)
 tenured generation   total 6546860K, used 6514459K [0x00007f3ff5b50000, 0x00007f41854bb000, 0x00007f4aa0600000)
   the space 6546860K,  99% used [0x00007f3ff5b50000, 0x00007f4183516fb8, 0x00007f4183517000, 0x00007f41854bb000)
 Metaspace       used 30630K, capacity 31051K, committed 31232K, reserved 32768K
}
Event: 230.261 GC heap before
{Heap before GC invocations=87 (full 5):
 def new generation   total 2946176K, used 2930429K [0x00007f3aa0600000, 0x00007f3b682c0000, 0x00007f3ff5b50000)
  eden space 2618880K, 100% used [0x00007f3aa0600000, 0x00007f3b40380000, 0x00007f3b40380000)
  from space 327296K,  95% used [0x00007f3b40380000, 0x00007f3b533bf688, 0x00007f3b54320000)
  to   space 327296K,   0% used [0x00007f3b54320000, 0x00007f3b54320000, 0x00007f3b682c0000)
 tenured generation   total 6546860K, used 6514459K [0x00007f3ff5b50000, 0x00007f41854bb000, 0x00007f4aa0600000)
   the space 6546860K,  99% used [0x00007f3ff5b50000, 0x00007f4183516fb8, 0x00007f4183517000, 0x00007f41854bb000)
 Metaspace       used 30630K, capacity 31051K, committed 31232K, reserved 32768K
}
Event: 231.592 GC heap after
{Heap after GC invocations=88 (full 5):
 def new generation   total 2946176K, used 277564K [0x00007f3aa0600000, 0x00007f3b682c0000, 0x00007f3ff5b50000)
  eden space 2618880K,   0% used [0x00007f3aa0600000, 0x00007f3aa0600000, 0x00007f3b40380000)
  from space 327296K,  84% used [0x00007f3b54320000, 0x00007f3b6522f138, 0x00007f3b682c0000)
  to   space 327296K,   0% used [0x00007f3b40380000, 0x00007f3b40380000, 0x00007f3b54320000)
 tenured generation   total 6826028K, used 6826008K [0x00007f3ff5b50000, 0x00007f419655b000, 0x00007f4aa0600000)
   the space 6826028K,  99% used [0x00007f3ff5b50000, 0x00007f4196556160, 0x00007f4196556200, 0x00007f419655b000)
 Metaspace       used 30630K, capacity 31051K, committed 31232K, reserved 32768K
}
Event: 231.592 GC heap before
{Heap before GC invocations=88 (full 5):
 def new generation   total 2946176K, used 277564K [0x00007f3aa0600000, 0x00007f3b682c0000, 0x00007f3ff5b50000)
  eden space 2618880K,   0% used [0x00007f3aa0600000, 0x00007f3aa0600000, 0x00007f3b40380000)
  from space 327296K,  84% used [0x00007f3b54320000, 0x00007f3b6522f138, 0x00007f3b682c0000)
  to   space 327296K,   0% used [0x00007f3b40380000, 0x00007f3b40380000, 0x00007f3b54320000)
 tenured generation   total 6826028K, used 6826008K [0x00007f3ff5b50000, 0x00007f419655b000, 0x00007f4aa0600000)
   the space 6826028K,  99% used [0x00007f3ff5b50000, 0x00007f4196556160, 0x00007f4196556200, 0x00007f419655b000)
 Metaspace       used 30630K, capacity 31051K, committed 31232K, reserved 32768K
}

