# JRE version: OpenJDK Runtime Environment (13.0.7+5) (build 13.0.7+5-Ubuntu-0ubuntu120.04)
# Java VM: OpenJDK 64-Bit Server VM (13.0.7+5-Ubuntu-0ubuntu120.04, mixed mode, tiered, serial gc, linux-amd64)
Heap:
 def new generation   total 4844224K, used 34708K [0x00007f3fac600000, 0x00007f40f4e50000, 0x00007f4501b50000)
  eden space 4305984K,   0% used [0x00007f3fac600000, 0x00007f3fae7e5140, 0x00007f40b3310000)
  from space 538240K,   0% used [0x00007f40b3310000, 0x00007f40b3310000, 0x00007f40d40b0000)
  to   space 538240K,   0% used [0x00007f40d40b0000, 0x00007f40d40b0000, 0x00007f40f4e50000)
 tenured generation   total 10765032K, used 10765031K [0x00007f4501b50000, 0x00007f4792c0a000, 0x00007f4fac600000)
   the space 10765032K,  99% used [0x00007f4501b50000, 0x00007f4792c09f28, 0x00007f4792c0a000, 0x00007f4792c0a000)
 Metaspace       used 24398K, capacity 24786K, committed 24832K, reserved 26624K
GC Heap History (20 events):
Event: 18799.781 GC heap after
{Heap after GC invocations=12105 (full 5):
 def new generation   total 4844224K, used 34900K [0x00007f3fac600000, 0x00007f40f4e50000, 0x00007f4501b50000)
  eden space 4305984K,   0% used [0x00007f3fac600000, 0x00007f3fac600000, 0x00007f40b3310000)
  from space 538240K,   6% used [0x00007f40d40b0000, 0x00007f40d62c5380, 0x00007f40f4e50000)
  to   space 538240K,   0% used [0x00007f40b3310000, 0x00007f40b3310000, 0x00007f40d40b0000)
 tenured generation   total 10764840K, used 10744200K [0x00007f4501b50000, 0x00007f4792bda000, 0x00007f4fac600000)
   the space 10764840K,  99% used [0x00007f4501b50000, 0x00007f47917b20f0, 0x00007f47917b2200, 0x00007f4792bda000)
 Metaspace       used 24398K, capacity 24786K, committed 24832K, reserved 26624K
}
Event: 18803.463 GC heap before
{Heap before GC invocations=12105 (full 5):
 def new generation   total 4844224K, used 4340884K [0x00007f3fac600000, 0x00007f40f4e50000, 0x00007f4501b50000)
  eden space 4305984K, 100% used [0x00007f3fac600000, 0x00007f40b3310000, 0x00007f40b3310000)
  from space 538240K,   6% used [0x00007f40d40b0000, 0x00007f40d62c5380, 0x00007f40f4e50000)
  to   space 538240K,   0% used [0x00007f40b3310000, 0x00007f40b3310000, 0x00007f40d40b0000)
 tenured generation   total 10764840K, used 10744200K [0x00007f4501b50000, 0x00007f4792bda000, 0x00007f4fac600000)
   the space 10764840K,  99% used [0x00007f4501b50000, 0x00007f47917b20f0, 0x00007f47917b2200, 0x00007f4792bda000)
 Metaspace       used 24398K, capacity 24786K, committed 24832K, reserved 26624K
}
Event: 18803.529 GC heap after
{Heap after GC invocations=12106 (full 5):
 def new generation   total 4844224K, used 34901K [0x00007f3fac600000, 0x00007f40f4e50000, 0x00007f4501b50000)
  eden space 4305984K,   0% used [0x00007f3fac600000, 0x00007f3fac600000, 0x00007f40b3310000)
  from space 538240K,   6% used [0x00007f40b3310000, 0x00007f40b5525448, 0x00007f40d40b0000)
  to   space 538240K,   0% used [0x00007f40d40b0000, 0x00007f40d40b0000, 0x00007f40f4e50000)
 tenured generation   total 10764840K, used 10746493K [0x00007f4501b50000, 0x00007f4792bda000, 0x00007f4fac600000)
   the space 10764840K,  99% used [0x00007f4501b50000, 0x00007f47919ef790, 0x00007f47919ef800, 0x00007f4792bda000)
 Metaspace       used 24398K, capacity 24786K, committed 24832K, reserved 26624K
}
Event: 18807.470 GC heap before
{Heap before GC invocations=12106 (full 5):
 def new generation   total 4844224K, used 4340885K [0x00007f3fac600000, 0x00007f40f4e50000, 0x00007f4501b50000)
  eden space 4305984K, 100% used [0x00007f3fac600000, 0x00007f40b3310000, 0x00007f40b3310000)
  from space 538240K,   6% used [0x00007f40b3310000, 0x00007f40b5525448, 0x00007f40d40b0000)
  to   space 538240K,   0% used [0x00007f40d40b0000, 0x00007f40d40b0000, 0x00007f40f4e50000)
 tenured generation   total 10764840K, used 10746493K [0x00007f4501b50000, 0x00007f4792bda000, 0x00007f4fac600000)
   the space 10764840K,  99% used [0x00007f4501b50000, 0x00007f47919ef790, 0x00007f47919ef800, 0x00007f4792bda000)
 Metaspace       used 24398K, capacity 24786K, committed 24832K, reserved 26624K
}
Event: 18807.534 GC heap after
{Heap after GC invocations=12107 (full 5):
 def new generation   total 4844224K, used 34916K [0x00007f3fac600000, 0x00007f40f4e50000, 0x00007f4501b50000)
  eden space 4305984K,   0% used [0x00007f3fac600000, 0x00007f3fac600000, 0x00007f40b3310000)
  from space 538240K,   6% used [0x00007f40d40b0000, 0x00007f40d62c91d0, 0x00007f40f4e50000)
  to   space 538240K,   0% used [0x00007f40b3310000, 0x00007f40b3310000, 0x00007f40d40b0000)
 tenured generation   total 10764840K, used 10748787K [0x00007f4501b50000, 0x00007f4792bda000, 0x00007f4fac600000)
   the space 10764840K,  99% used [0x00007f4501b50000, 0x00007f4791c2ce30, 0x00007f4791c2d000, 0x00007f4792bda000)
 Metaspace       used 24398K, capacity 24786K, committed 24832K, reserved 26624K
}
Event: 18811.473 GC heap before
{Heap before GC invocations=12107 (full 5):
 def new generation   total 4844224K, used 4340900K [0x00007f3fac600000, 0x00007f40f4e50000, 0x00007f4501b50000)
  eden space 4305984K, 100% used [0x00007f3fac600000, 0x00007f40b3310000, 0x00007f40b3310000)
  from space 538240K,   6% used [0x00007f40d40b0000, 0x00007f40d62c91d0, 0x00007f40f4e50000)
  to   space 538240K,   0% used [0x00007f40b3310000, 0x00007f40b3310000, 0x00007f40d40b0000)
 tenured generation   total 10764840K, used 10748787K [0x00007f4501b50000, 0x00007f4792bda000, 0x00007f4fac600000)
   the space 10764840K,  99% used [0x00007f4501b50000, 0x00007f4791c2ce30, 0x00007f4791c2d000, 0x00007f4792bda000)
 Metaspace       used 24398K, capacity 24786K, committed 24832K, reserved 26624K
}
Event: 18811.545 GC heap after
{Heap after GC invocations=12108 (full 5):
 def new generation   total 4844224K, used 34798K [0x00007f3fac600000, 0x00007f40f4e50000, 0x00007f4501b50000)
  eden space 4305984K,   0% used [0x00007f3fac600000, 0x00007f3fac600000, 0x00007f40b3310000)
  from space 538240K,   6% used [0x00007f40b3310000, 0x00007f40b550bb28, 0x00007f40d40b0000)
  to   space 538240K,   0% used [0x00007f40d40b0000, 0x00007f40d40b0000, 0x00007f40f4e50000)
 tenured generation   total 10764840K, used 10751086K [0x00007f4501b50000, 0x00007f4792bda000, 0x00007f4fac600000)
   the space 10764840K,  99% used [0x00007f4501b50000, 0x00007f4791e6b970, 0x00007f4791e6ba00, 0x00007f4792bda000)
 Metaspace       used 24398K, capacity 24786K, committed 24832K, reserved 26624K
}
Event: 18815.334 GC heap before
{Heap before GC invocations=12108 (full 5):
 def new generation   total 4844224K, used 4340782K [0x00007f3fac600000, 0x00007f40f4e50000, 0x00007f4501b50000)
  eden space 4305984K, 100% used [0x00007f3fac600000, 0x00007f40b3310000, 0x00007f40b3310000)
  from space 538240K,   6% used [0x00007f40b3310000, 0x00007f40b550bb28, 0x00007f40d40b0000)
  to   space 538240K,   0% used [0x00007f40d40b0000, 0x00007f40d40b0000, 0x00007f40f4e50000)
 tenured generation   total 10764840K, used 10751086K [0x00007f4501b50000, 0x00007f4792bda000, 0x00007f4fac600000)
   the space 10764840K,  99% used [0x00007f4501b50000, 0x00007f4791e6b970, 0x00007f4791e6ba00, 0x00007f4792bda000)
 Metaspace       used 24398K, capacity 24786K, committed 24832K, reserved 26624K
}
Event: 18815.395 GC heap after
{Heap after GC invocations=12109 (full 5):
 def new generation   total 4844224K, used 34915K [0x00007f3fac600000, 0x00007f40f4e50000, 0x00007f4501b50000)
  eden space 4305984K,   0% used [0x00007f3fac600000, 0x00007f3fac600000, 0x00007f40b3310000)
  from space 538240K,   6% used [0x00007f40d40b0000, 0x00007f40d62c8c38, 0x00007f40f4e50000)
  to   space 538240K,   0% used [0x00007f40b3310000, 0x00007f40b3310000, 0x00007f40d40b0000)
 tenured generation   total 10764840K, used 10753380K [0x00007f4501b50000, 0x00007f4792bda000, 0x00007f4fac600000)
   the space 10764840K,  99% used [0x00007f4501b50000, 0x00007f47920a9010, 0x00007f47920a9200, 0x00007f4792bda000)
 Metaspace       used 24398K, capacity 24786K, committed 24832K, reserved 26624K
}
Event: 18819.182 GC heap before
{Heap before GC invocations=12109 (full 5):
 def new generation   total 4844224K, used 4340899K [0x00007f3fac600000, 0x00007f40f4e50000, 0x00007f4501b50000)
  eden space 4305984K, 100% used [0x00007f3fac600000, 0x00007f40b3310000, 0x00007f40b3310000)
  from space 538240K,   6% used [0x00007f40d40b0000, 0x00007f40d62c8c38, 0x00007f40f4e50000)
  to   space 538240K,   0% used [0x00007f40b3310000, 0x00007f40b3310000, 0x00007f40d40b0000)
 tenured generation   total 10764840K, used 10753380K [0x00007f4501b50000, 0x00007f4792bda000, 0x00007f4fac600000)
   the space 10764840K,  99% used [0x00007f4501b50000, 0x00007f47920a9010, 0x00007f47920a9200, 0x00007f4792bda000)
 Metaspace       used 24398K, capacity 24786K, committed 24832K, reserved 26624K
}
Event: 18819.249 GC heap after
{Heap after GC invocations=12110 (full 5):
 def new generation   total 4844224K, used 34827K [0x00007f3fac600000, 0x00007f40f4e50000, 0x00007f4501b50000)
  eden space 4305984K,   0% used [0x00007f3fac600000, 0x00007f3fac600000, 0x00007f40b3310000)
  from space 538240K,   6% used [0x00007f40b3310000, 0x00007f40b5512e98, 0x00007f40d40b0000)
  to   space 538240K,   0% used [0x00007f40d40b0000, 0x00007f40d40b0000, 0x00007f40f4e50000)
 tenured generation   total 10764840K, used 10755793K [0x00007f4501b50000, 0x00007f4792bda000, 0x00007f4fac600000)
   the space 10764840K,  99% used [0x00007f4501b50000, 0x00007f4792304630, 0x00007f4792304800, 0x00007f4792bda000)
 Metaspace       used 24398K, capacity 24786K, committed 24832K, reserved 26624K
}
Event: 18823.005 GC heap before
{Heap before GC invocations=12110 (full 5):
 def new generation   total 4844224K, used 4340811K [0x00007f3fac600000, 0x00007f40f4e50000, 0x00007f4501b50000)
  eden space 4305984K, 100% used [0x00007f3fac600000, 0x00007f40b3310000, 0x00007f40b3310000)
  from space 538240K,   6% used [0x00007f40b3310000, 0x00007f40b5512e98, 0x00007f40d40b0000)
  to   space 538240K,   0% used [0x00007f40d40b0000, 0x00007f40d40b0000, 0x00007f40f4e50000)
 tenured generation   total 10764840K, used 10755793K [0x00007f4501b50000, 0x00007f4792bda000, 0x00007f4fac600000)
   the space 10764840K,  99% used [0x00007f4501b50000, 0x00007f4792304630, 0x00007f4792304800, 0x00007f4792bda000)
 Metaspace       used 24398K, capacity 24786K, committed 24832K, reserved 26624K
}
Event: 18823.070 GC heap after
{Heap after GC invocations=12111 (full 5):
 def new generation   total 4844224K, used 34867K [0x00007f3fac600000, 0x00007f40f4e50000, 0x00007f4501b50000)
  eden space 4305984K,   0% used [0x00007f3fac600000, 0x00007f3fac600000, 0x00007f40b3310000)
  from space 538240K,   6% used [0x00007f40d40b0000, 0x00007f40d62bcfb0, 0x00007f40f4e50000)
  to   space 538240K,   0% used [0x00007f40b3310000, 0x00007f40b3310000, 0x00007f40d40b0000)
 tenured generation   total 10764840K, used 10758087K [0x00007f4501b50000, 0x00007f4792bda000, 0x00007f4fac600000)
   the space 10764840K,  99% used [0x00007f4501b50000, 0x00007f4792541cd0, 0x00007f4792541e00, 0x00007f4792bda000)
 Metaspace       used 24398K, capacity 24786K, committed 24832K, reserved 26624K
}
Event: 18826.854 GC heap before
{Heap before GC invocations=12111 (full 5):
 def new generation   total 4844224K, used 4340851K [0x00007f3fac600000, 0x00007f40f4e50000, 0x00007f4501b50000)
  eden space 4305984K, 100% used [0x00007f3fac600000, 0x00007f40b3310000, 0x00007f40b3310000)
  from space 538240K,   6% used [0x00007f40d40b0000, 0x00007f40d62bcfb0, 0x00007f40f4e50000)
  to   space 538240K,   0% used [0x00007f40b3310000, 0x00007f40b3310000, 0x00007f40d40b0000)
 tenured generation   total 10764840K, used 10758087K [0x00007f4501b50000, 0x00007f4792bda000, 0x00007f4fac600000)
   the space 10764840K,  99% used [0x00007f4501b50000, 0x00007f4792541cd0, 0x00007f4792541e00, 0x00007f4792bda000)
 Metaspace       used 24398K, capacity 24786K, committed 24832K, reserved 26624K
}
Event: 18826.922 GC heap after
{Heap after GC invocations=12112 (full 5):
 def new generation   total 4844224K, used 34882K [0x00007f3fac600000, 0x00007f40f4e50000, 0x00007f4501b50000)
  eden space 4305984K,   0% used [0x00007f3fac600000, 0x00007f3fac600000, 0x00007f40b3310000)
  from space 538240K,   6% used [0x00007f40b3310000, 0x00007f40b5520b10, 0x00007f40d40b0000)
  to   space 538240K,   0% used [0x00007f40d40b0000, 0x00007f40d40b0000, 0x00007f40f4e50000)
 tenured generation   total 10764840K, used 10760380K [0x00007f4501b50000, 0x00007f4792bda000, 0x00007f4fac600000)
   the space 10764840K,  99% used [0x00007f4501b50000, 0x00007f479277f370, 0x00007f479277f400, 0x00007f4792bda000)
 Metaspace       used 24398K, capacity 24786K, committed 24832K, reserved 26624K
}
Event: 18830.652 GC heap before
{Heap before GC invocations=12112 (full 5):
 def new generation   total 4844224K, used 4340866K [0x00007f3fac600000, 0x00007f40f4e50000, 0x00007f4501b50000)
  eden space 4305984K, 100% used [0x00007f3fac600000, 0x00007f40b3310000, 0x00007f40b3310000)
  from space 538240K,   6% used [0x00007f40b3310000, 0x00007f40b5520b10, 0x00007f40d40b0000)
  to   space 538240K,   0% used [0x00007f40d40b0000, 0x00007f40d40b0000, 0x00007f40f4e50000)
 tenured generation   total 10764840K, used 10760380K [0x00007f4501b50000, 0x00007f4792bda000, 0x00007f4fac600000)
   the space 10764840K,  99% used [0x00007f4501b50000, 0x00007f479277f370, 0x00007f479277f400, 0x00007f4792bda000)
 Metaspace       used 24398K, capacity 24786K, committed 24832K, reserved 26624K
}
Event: 18830.722 GC heap after
{Heap after GC invocations=12113 (full 5):
 def new generation   total 4844224K, used 34884K [0x00007f3fac600000, 0x00007f40f4e50000, 0x00007f4501b50000)
  eden space 4305984K,   0% used [0x00007f3fac600000, 0x00007f3fac600000, 0x00007f40b3310000)
  from space 538240K,   6% used [0x00007f40d40b0000, 0x00007f40d62c13b8, 0x00007f40f4e50000)
  to   space 538240K,   0% used [0x00007f40b3310000, 0x00007f40b3310000, 0x00007f40d40b0000)
 tenured generation   total 10764840K, used 10762674K [0x00007f4501b50000, 0x00007f4792bda000, 0x00007f4fac600000)
   the space 10764840K,  99% used [0x00007f4501b50000, 0x00007f47929bca10, 0x00007f47929bcc00, 0x00007f4792bda000)
 Metaspace       used 24398K, capacity 24786K, committed 24832K, reserved 26624K
}
Event: 18834.523 GC heap before
{Heap before GC invocations=12113 (full 5):
 def new generation   total 4844224K, used 4340868K [0x00007f3fac600000, 0x00007f40f4e50000, 0x00007f4501b50000)
  eden space 4305984K, 100% used [0x00007f3fac600000, 0x00007f40b3310000, 0x00007f40b3310000)
  from space 538240K,   6% used [0x00007f40d40b0000, 0x00007f40d62c13b8, 0x00007f40f4e50000)
  to   space 538240K,   0% used [0x00007f40b3310000, 0x00007f40b3310000, 0x00007f40d40b0000)
 tenured generation   total 10764840K, used 10762674K [0x00007f4501b50000, 0x00007f4792bda000, 0x00007f4fac600000)
   the space 10764840K,  99% used [0x00007f4501b50000, 0x00007f47929bca10, 0x00007f47929bcc00, 0x00007f4792bda000)
 Metaspace       used 24398K, capacity 24786K, committed 24832K, reserved 26624K
}
Event: 18834.585 GC heap after
{Heap after GC invocations=12114 (full 5):
 def new generation   total 4844224K, used 34899K [0x00007f3fac600000, 0x00007f40f4e50000, 0x00007f4501b50000)
  eden space 4305984K,   0% used [0x00007f3fac600000, 0x00007f3fac600000, 0x00007f40b3310000)
  from space 538240K,   6% used [0x00007f40b3310000, 0x00007f40b5524e68, 0x00007f40d40b0000)
  to   space 538240K,   0% used [0x00007f40d40b0000, 0x00007f40d40b0000, 0x00007f40f4e50000)
 tenured generation   total 10765032K, used 10764968K [0x00007f4501b50000, 0x00007f4792c0a000, 0x00007f4fac600000)
   the space 10765032K,  99% used [0x00007f4501b50000, 0x00007f4792bfa0b0, 0x00007f4792bfa200, 0x00007f4792c0a000)
 Metaspace       used 24398K, capacity 24786K, committed 24832K, reserved 26624K
}
Event: 18834.585 GC heap before
{Heap before GC invocations=12114 (full 5):
 def new generation   total 4844224K, used 34899K [0x00007f3fac600000, 0x00007f40f4e50000, 0x00007f4501b50000)
  eden space 4305984K,   0% used [0x00007f3fac600000, 0x00007f3fac600000, 0x00007f40b3310000)
  from space 538240K,   6% used [0x00007f40b3310000, 0x00007f40b5524e68, 0x00007f40d40b0000)
  to   space 538240K,   0% used [0x00007f40d40b0000, 0x00007f40d40b0000, 0x00007f40f4e50000)
 tenured generation   total 10765032K, used 10764968K [0x00007f4501b50000, 0x00007f4792c0a000, 0x00007f4fac600000)
   the space 10765032K,  99% used [0x00007f4501b50000, 0x00007f4792bfa0b0, 0x00007f4792bfa200, 0x00007f4792c0a000)
 Metaspace       used 24398K, capacity 24786K, committed 24832K, reserved 26624K
}

