# JRE version: OpenJDK Runtime Environment (13.0.7+5) (build 13.0.7+5-Ubuntu-0ubuntu120.04)
# Java VM: OpenJDK 64-Bit Server VM (13.0.7+5-Ubuntu-0ubuntu120.04, mixed mode, tiered, serial gc, linux-amd64)
Heap:
 def new generation   total 1570688K, used 68373K [0x00007f58d8600000, 0x00007f5942e40000, 0x00007f5e2db50000)
  eden space 1396224K,   4% used [0x00007f58d8600000, 0x00007f58dc8c56a0, 0x00007f592d980000)
  from space 174464K,   0% used [0x00007f59383e0000, 0x00007f59383e0000, 0x00007f5942e40000)
  to   space 174464K,   0% used [0x00007f592d980000, 0x00007f592d980000, 0x00007f59383e0000)
 tenured generation   total 3506672K, used 3505937K [0x00007f5e2db50000, 0x00007f5f03bcc000, 0x00007f68d8600000)
   the space 3506672K,  99% used [0x00007f5e2db50000, 0x00007f5f03b14618, 0x00007f5f03b14800, 0x00007f5f03bcc000)
 Metaspace       used 24241K, capacity 24625K, committed 24832K, reserved 26624K
GC Heap History (20 events):
Event: 2109.631 GC heap after
{Heap after GC invocations=1925 (full 5):
 def new generation   total 1570688K, used 67846K [0x00007f58d8600000, 0x00007f5942e40000, 0x00007f5e2db50000)
  eden space 1396224K,   0% used [0x00007f58d8600000, 0x00007f58d8600000, 0x00007f592d980000)
  from space 174464K,  38% used [0x00007f592d980000, 0x00007f5931bc18e8, 0x00007f59383e0000)
  to   space 174464K,   0% used [0x00007f59383e0000, 0x00007f59383e0000, 0x00007f5942e40000)
 tenured generation   total 3490284K, used 3472017K [0x00007f5e2db50000, 0x00007f5f02bcb000, 0x00007f68d8600000)
   the space 3490284K,  99% used [0x00007f5e2db50000, 0x00007f5f019f4490, 0x00007f5f019f4600, 0x00007f5f02bcb000)
 Metaspace       used 24241K, capacity 24625K, committed 24832K, reserved 26624K
}
Event: 2110.998 GC heap before
{Heap before GC invocations=1925 (full 5):
 def new generation   total 1570688K, used 1459805K [0x00007f58d8600000, 0x00007f5942e40000, 0x00007f5e2db50000)
  eden space 1396224K,  99% used [0x00007f58d8600000, 0x00007f592d555d00, 0x00007f592d980000)
  from space 174464K,  38% used [0x00007f592d980000, 0x00007f5931bc18e8, 0x00007f59383e0000)
  to   space 174464K,   0% used [0x00007f59383e0000, 0x00007f59383e0000, 0x00007f5942e40000)
 tenured generation   total 3490284K, used 3472017K [0x00007f5e2db50000, 0x00007f5f02bcb000, 0x00007f68d8600000)
   the space 3490284K,  99% used [0x00007f5e2db50000, 0x00007f5f019f4490, 0x00007f5f019f4600, 0x00007f5f02bcb000)
 Metaspace       used 24241K, capacity 24625K, committed 24832K, reserved 26624K
}
Event: 2111.057 GC heap after
{Heap after GC invocations=1926 (full 5):
 def new generation   total 1570688K, used 68867K [0x00007f58d8600000, 0x00007f5942e40000, 0x00007f5e2db50000)
  eden space 1396224K,   0% used [0x00007f58d8600000, 0x00007f58d8600000, 0x00007f592d980000)
  from space 174464K,  39% used [0x00007f59383e0000, 0x00007f593c720ef0, 0x00007f5942e40000)
  to   space 174464K,   0% used [0x00007f592d980000, 0x00007f592d980000, 0x00007f59383e0000)
 tenured generation   total 3490284K, used 3472017K [0x00007f5e2db50000, 0x00007f5f02bcb000, 0x00007f68d8600000)
   the space 3490284K,  99% used [0x00007f5e2db50000, 0x00007f5f019f4490, 0x00007f5f019f4600, 0x00007f5f02bcb000)
 Metaspace       used 24241K, capacity 24625K, committed 24832K, reserved 26624K
}
Event: 2113.118 GC heap before
{Heap before GC invocations=1926 (full 5):
 def new generation   total 1570688K, used 1461628K [0x00007f58d8600000, 0x00007f5942e40000, 0x00007f5e2db50000)
  eden space 1396224K,  99% used [0x00007f58d8600000, 0x00007f592d61e388, 0x00007f592d980000)
  from space 174464K,  39% used [0x00007f59383e0000, 0x00007f593c720ef0, 0x00007f5942e40000)
  to   space 174464K,   0% used [0x00007f592d980000, 0x00007f592d980000, 0x00007f59383e0000)
 tenured generation   total 3490284K, used 3472017K [0x00007f5e2db50000, 0x00007f5f02bcb000, 0x00007f68d8600000)
   the space 3490284K,  99% used [0x00007f5e2db50000, 0x00007f5f019f4490, 0x00007f5f019f4600, 0x00007f5f02bcb000)
 Metaspace       used 24241K, capacity 24625K, committed 24832K, reserved 26624K
}
Event: 2113.194 GC heap after
{Heap after GC invocations=1927 (full 5):
 def new generation   total 1570688K, used 88383K [0x00007f58d8600000, 0x00007f5942e40000, 0x00007f5e2db50000)
  eden space 1396224K,   0% used [0x00007f58d8600000, 0x00007f58d8600000, 0x00007f592d980000)
  from space 174464K,  50% used [0x00007f592d980000, 0x00007f5932fcffc8, 0x00007f59383e0000)
  to   space 174464K,   0% used [0x00007f59383e0000, 0x00007f59383e0000, 0x00007f5942e40000)
 tenured generation   total 3490284K, used 3472017K [0x00007f5e2db50000, 0x00007f5f02bcb000, 0x00007f68d8600000)
   the space 3490284K,  99% used [0x00007f5e2db50000, 0x00007f5f019f4490, 0x00007f5f019f4600, 0x00007f5f02bcb000)
 Metaspace       used 24241K, capacity 24625K, committed 24832K, reserved 26624K
}
Event: 2115.218 GC heap before
{Heap before GC invocations=1927 (full 5):
 def new generation   total 1570688K, used 1484607K [0x00007f58d8600000, 0x00007f5942e40000, 0x00007f5e2db50000)
  eden space 1396224K, 100% used [0x00007f58d8600000, 0x00007f592d980000, 0x00007f592d980000)
  from space 174464K,  50% used [0x00007f592d980000, 0x00007f5932fcffc8, 0x00007f59383e0000)
  to   space 174464K,   0% used [0x00007f59383e0000, 0x00007f59383e0000, 0x00007f5942e40000)
 tenured generation   total 3490284K, used 3472017K [0x00007f5e2db50000, 0x00007f5f02bcb000, 0x00007f68d8600000)
   the space 3490284K,  99% used [0x00007f5e2db50000, 0x00007f5f019f4490, 0x00007f5f019f4600, 0x00007f5f02bcb000)
 Metaspace       used 24241K, capacity 24625K, committed 24832K, reserved 26624K
}
Event: 2115.293 GC heap after
{Heap after GC invocations=1928 (full 5):
 def new generation   total 1570688K, used 60150K [0x00007f58d8600000, 0x00007f5942e40000, 0x00007f5e2db50000)
  eden space 1396224K,   0% used [0x00007f58d8600000, 0x00007f58d8600000, 0x00007f592d980000)
  from space 174464K,  34% used [0x00007f59383e0000, 0x00007f593be9d8c0, 0x00007f5942e40000)
  to   space 174464K,   0% used [0x00007f592d980000, 0x00007f592d980000, 0x00007f59383e0000)
 tenured generation   total 3490284K, used 3488977K [0x00007f5e2db50000, 0x00007f5f02bcb000, 0x00007f68d8600000)
   the space 3490284K,  99% used [0x00007f5e2db50000, 0x00007f5f02a84488, 0x00007f5f02a84600, 0x00007f5f02bcb000)
 Metaspace       used 24241K, capacity 24625K, committed 24832K, reserved 26624K
}
Event: 2116.984 GC heap before
{Heap before GC invocations=1928 (full 5):
 def new generation   total 1570688K, used 1456374K [0x00007f58d8600000, 0x00007f5942e40000, 0x00007f5e2db50000)
  eden space 1396224K, 100% used [0x00007f58d8600000, 0x00007f592d980000, 0x00007f592d980000)
  from space 174464K,  34% used [0x00007f59383e0000, 0x00007f593be9d8c0, 0x00007f5942e40000)
  to   space 174464K,   0% used [0x00007f592d980000, 0x00007f592d980000, 0x00007f59383e0000)
 tenured generation   total 3490284K, used 3488977K [0x00007f5e2db50000, 0x00007f5f02bcb000, 0x00007f68d8600000)
   the space 3490284K,  99% used [0x00007f5e2db50000, 0x00007f5f02a84488, 0x00007f5f02a84600, 0x00007f5f02bcb000)
 Metaspace       used 24241K, capacity 24625K, committed 24832K, reserved 26624K
}
Event: 2117.058 GC heap after
{Heap after GC invocations=1929 (full 5):
 def new generation   total 1570688K, used 64771K [0x00007f58d8600000, 0x00007f5942e40000, 0x00007f5e2db50000)
  eden space 1396224K,   0% used [0x00007f58d8600000, 0x00007f58d8600000, 0x00007f592d980000)
  from space 174464K,  37% used [0x00007f592d980000, 0x00007f59318c0d28, 0x00007f59383e0000)
  to   space 174464K,   0% used [0x00007f59383e0000, 0x00007f59383e0000, 0x00007f5942e40000)
 tenured generation   total 3490284K, used 3488977K [0x00007f5e2db50000, 0x00007f5f02bcb000, 0x00007f68d8600000)
   the space 3490284K,  99% used [0x00007f5e2db50000, 0x00007f5f02a84488, 0x00007f5f02a84600, 0x00007f5f02bcb000)
 Metaspace       used 24241K, capacity 24625K, committed 24832K, reserved 26624K
}
Event: 2118.537 GC heap before
{Heap before GC invocations=1929 (full 5):
 def new generation   total 1570688K, used 1460995K [0x00007f58d8600000, 0x00007f5942e40000, 0x00007f5e2db50000)
  eden space 1396224K, 100% used [0x00007f58d8600000, 0x00007f592d980000, 0x00007f592d980000)
  from space 174464K,  37% used [0x00007f592d980000, 0x00007f59318c0d28, 0x00007f59383e0000)
  to   space 174464K,   0% used [0x00007f59383e0000, 0x00007f59383e0000, 0x00007f5942e40000)
 tenured generation   total 3490284K, used 3488977K [0x00007f5e2db50000, 0x00007f5f02bcb000, 0x00007f68d8600000)
   the space 3490284K,  99% used [0x00007f5e2db50000, 0x00007f5f02a84488, 0x00007f5f02a84600, 0x00007f5f02bcb000)
 Metaspace       used 24241K, capacity 24625K, committed 24832K, reserved 26624K
}
Event: 2118.607 GC heap after
{Heap after GC invocations=1930 (full 5):
 def new generation   total 1570688K, used 67840K [0x00007f58d8600000, 0x00007f5942e40000, 0x00007f5e2db50000)
  eden space 1396224K,   0% used [0x00007f58d8600000, 0x00007f58d8600000, 0x00007f592d980000)
  from space 174464K,  38% used [0x00007f59383e0000, 0x00007f593c6203a0, 0x00007f5942e40000)
  to   space 174464K,   0% used [0x00007f592d980000, 0x00007f592d980000, 0x00007f59383e0000)
 tenured generation   total 3490284K, used 3488977K [0x00007f5e2db50000, 0x00007f5f02bcb000, 0x00007f68d8600000)
   the space 3490284K,  99% used [0x00007f5e2db50000, 0x00007f5f02a84488, 0x00007f5f02a84600, 0x00007f5f02bcb000)
 Metaspace       used 24241K, capacity 24625K, committed 24832K, reserved 26624K
}
Event: 2119.901 GC heap before
{Heap before GC invocations=1930 (full 5):
 def new generation   total 1570688K, used 1464064K [0x00007f58d8600000, 0x00007f5942e40000, 0x00007f5e2db50000)
  eden space 1396224K, 100% used [0x00007f58d8600000, 0x00007f592d980000, 0x00007f592d980000)
  from space 174464K,  38% used [0x00007f59383e0000, 0x00007f593c6203a0, 0x00007f5942e40000)
  to   space 174464K,   0% used [0x00007f592d980000, 0x00007f592d980000, 0x00007f59383e0000)
 tenured generation   total 3490284K, used 3488977K [0x00007f5e2db50000, 0x00007f5f02bcb000, 0x00007f68d8600000)
   the space 3490284K,  99% used [0x00007f5e2db50000, 0x00007f5f02a84488, 0x00007f5f02a84600, 0x00007f5f02bcb000)
 Metaspace       used 24241K, capacity 24625K, committed 24832K, reserved 26624K
}
Event: 2119.964 GC heap after
{Heap after GC invocations=1931 (full 5):
 def new generation   total 1570688K, used 67833K [0x00007f58d8600000, 0x00007f5942e40000, 0x00007f5e2db50000)
  eden space 1396224K,   0% used [0x00007f58d8600000, 0x00007f58d8600000, 0x00007f592d980000)
  from space 174464K,  38% used [0x00007f592d980000, 0x00007f5931bbe648, 0x00007f59383e0000)
  to   space 174464K,   0% used [0x00007f59383e0000, 0x00007f59383e0000, 0x00007f5942e40000)
 tenured generation   total 3490284K, used 3488977K [0x00007f5e2db50000, 0x00007f5f02bcb000, 0x00007f68d8600000)
   the space 3490284K,  99% used [0x00007f5e2db50000, 0x00007f5f02a84488, 0x00007f5f02a84600, 0x00007f5f02bcb000)
 Metaspace       used 24241K, capacity 24625K, committed 24832K, reserved 26624K
}
Event: 2121.317 GC heap before
{Heap before GC invocations=1931 (full 5):
 def new generation   total 1570688K, used 1464057K [0x00007f58d8600000, 0x00007f5942e40000, 0x00007f5e2db50000)
  eden space 1396224K, 100% used [0x00007f58d8600000, 0x00007f592d980000, 0x00007f592d980000)
  from space 174464K,  38% used [0x00007f592d980000, 0x00007f5931bbe648, 0x00007f59383e0000)
  to   space 174464K,   0% used [0x00007f59383e0000, 0x00007f59383e0000, 0x00007f5942e40000)
 tenured generation   total 3490284K, used 3488977K [0x00007f5e2db50000, 0x00007f5f02bcb000, 0x00007f68d8600000)
   the space 3490284K,  99% used [0x00007f5e2db50000, 0x00007f5f02a84488, 0x00007f5f02a84600, 0x00007f5f02bcb000)
 Metaspace       used 24241K, capacity 24625K, committed 24832K, reserved 26624K
}
Event: 2121.382 GC heap after
{Heap after GC invocations=1932 (full 5):
 def new generation   total 1570688K, used 67845K [0x00007f58d8600000, 0x00007f5942e40000, 0x00007f5e2db50000)
  eden space 1396224K,   0% used [0x00007f58d8600000, 0x00007f58d8600000, 0x00007f592d980000)
  from space 174464K,  38% used [0x00007f59383e0000, 0x00007f593c621430, 0x00007f5942e40000)
  to   space 174464K,   0% used [0x00007f592d980000, 0x00007f592d980000, 0x00007f59383e0000)
 tenured generation   total 3490284K, used 3488977K [0x00007f5e2db50000, 0x00007f5f02bcb000, 0x00007f68d8600000)
   the space 3490284K,  99% used [0x00007f5e2db50000, 0x00007f5f02a84488, 0x00007f5f02a84600, 0x00007f5f02bcb000)
 Metaspace       used 24241K, capacity 24625K, committed 24832K, reserved 26624K
}
Event: 2123.430 GC heap before
{Heap before GC invocations=1932 (full 5):
 def new generation   total 1570688K, used 1464069K [0x00007f58d8600000, 0x00007f5942e40000, 0x00007f5e2db50000)
  eden space 1396224K, 100% used [0x00007f58d8600000, 0x00007f592d980000, 0x00007f592d980000)
  from space 174464K,  38% used [0x00007f59383e0000, 0x00007f593c621430, 0x00007f5942e40000)
  to   space 174464K,   0% used [0x00007f592d980000, 0x00007f592d980000, 0x00007f59383e0000)
 tenured generation   total 3490284K, used 3488977K [0x00007f5e2db50000, 0x00007f5f02bcb000, 0x00007f68d8600000)
   the space 3490284K,  99% used [0x00007f5e2db50000, 0x00007f5f02a84488, 0x00007f5f02a84600, 0x00007f5f02bcb000)
 Metaspace       used 24241K, capacity 24625K, committed 24832K, reserved 26624K
}
Event: 2123.493 GC heap after
{Heap after GC invocations=1933 (full 5):
 def new generation   total 1570688K, used 87866K [0x00007f58d8600000, 0x00007f5942e40000, 0x00007f5e2db50000)
  eden space 1396224K,   0% used [0x00007f58d8600000, 0x00007f58d8600000, 0x00007f592d980000)
  from space 174464K,  50% used [0x00007f592d980000, 0x00007f5932f4ea48, 0x00007f59383e0000)
  to   space 174464K,   0% used [0x00007f59383e0000, 0x00007f59383e0000, 0x00007f5942e40000)
 tenured generation   total 3490284K, used 3488977K [0x00007f5e2db50000, 0x00007f5f02bcb000, 0x00007f68d8600000)
   the space 3490284K,  99% used [0x00007f5e2db50000, 0x00007f5f02a84488, 0x00007f5f02a84600, 0x00007f5f02bcb000)
 Metaspace       used 24241K, capacity 24625K, committed 24832K, reserved 26624K
}
Event: 2125.599 GC heap before
{Heap before GC invocations=1933 (full 5):
 def new generation   total 1570688K, used 1476613K [0x00007f58d8600000, 0x00007f5942e40000, 0x00007f5e2db50000)
  eden space 1396224K,  99% used [0x00007f58d8600000, 0x00007f592d232c40, 0x00007f592d980000)
  from space 174464K,  50% used [0x00007f592d980000, 0x00007f5932f4ea48, 0x00007f59383e0000)
  to   space 174464K,   0% used [0x00007f59383e0000, 0x00007f59383e0000, 0x00007f5942e40000)
 tenured generation   total 3490284K, used 3488977K [0x00007f5e2db50000, 0x00007f5f02bcb000, 0x00007f68d8600000)
   the space 3490284K,  99% used [0x00007f5e2db50000, 0x00007f5f02a84488, 0x00007f5f02a84600, 0x00007f5f02bcb000)
 Metaspace       used 24241K, capacity 24625K, committed 24832K, reserved 26624K
}
Event: 2125.690 GC heap after
{Heap after GC invocations=1934 (full 5):
 def new generation   total 1570688K, used 68374K [0x00007f58d8600000, 0x00007f5942e40000, 0x00007f5e2db50000)
  eden space 1396224K,   0% used [0x00007f58d8600000, 0x00007f58d8600000, 0x00007f592d980000)
  from space 174464K,  39% used [0x00007f59383e0000, 0x00007f593c6a5838, 0x00007f5942e40000)
  to   space 174464K,   0% used [0x00007f592d980000, 0x00007f592d980000, 0x00007f59383e0000)
 tenured generation   total 3506672K, used 3505937K [0x00007f5e2db50000, 0x00007f5f03bcc000, 0x00007f68d8600000)
   the space 3506672K,  99% used [0x00007f5e2db50000, 0x00007f5f03b14480, 0x00007f5f03b14600, 0x00007f5f03bcc000)
 Metaspace       used 24241K, capacity 24625K, committed 24832K, reserved 26624K
}
Event: 2125.690 GC heap before
{Heap before GC invocations=1934 (full 5):
 def new generation   total 1570688K, used 68374K [0x00007f58d8600000, 0x00007f5942e40000, 0x00007f5e2db50000)
  eden space 1396224K,   0% used [0x00007f58d8600000, 0x00007f58d8600000, 0x00007f592d980000)
  from space 174464K,  39% used [0x00007f59383e0000, 0x00007f593c6a5838, 0x00007f5942e40000)
  to   space 174464K,   0% used [0x00007f592d980000, 0x00007f592d980000, 0x00007f59383e0000)
 tenured generation   total 3506672K, used 3505937K [0x00007f5e2db50000, 0x00007f5f03bcc000, 0x00007f68d8600000)
   the space 3506672K,  99% used [0x00007f5e2db50000, 0x00007f5f03b14480, 0x00007f5f03b14600, 0x00007f5f03bcc000)
 Metaspace       used 24241K, capacity 24625K, committed 24832K, reserved 26624K
}

