# JRE version: OpenJDK Runtime Environment (13.0.7+5) (build 13.0.7+5-Ubuntu-0ubuntu120.04)
# Java VM: OpenJDK 64-Bit Server VM (13.0.7+5-Ubuntu-0ubuntu120.04, mixed mode, tiered, serial gc, linux-amd64)
Heap:
 def new generation   total 9247296K, used 0K [0x00007f4ac0600000, 0x00007f4d337f0000, 0x00007f5015b50000)
  eden space 8219840K,   0% used [0x00007f4ac0600000, 0x00007f4ac0600000, 0x00007f4cb6130000)
  from space 1027456K,   0% used [0x00007f4cb6130000, 0x00007f4cb6130000, 0x00007f4cf4c90000)
  to   space 1027456K,   0% used [0x00007f4cf4c90000, 0x00007f4cf4c90000, 0x00007f4d337f0000)
 tenured generation   total 23198220K, used 23045696K [0x00007f5015b50000, 0x00007f559d9d3000, 0x00007f5ac0600000)
   the space 23198220K,  99% used [0x00007f5015b50000, 0x00007f55944e0030, 0x00007f55944e0200, 0x00007f559d9d3000)
 Metaspace       used 30750K, capacity 31176K, committed 31488K, reserved 32768K
GC Heap History (20 events):
Event: 361.030 GC heap after
{Heap after GC invocations=85 (full 21):
 def new generation   total 4931136K, used 460309K [0x00007f4ac0600000, 0x00007f4c0eca0000, 0x00007f5015b50000)
  eden space 4383232K,   0% used [0x00007f4ac0600000, 0x00007f4ac0600000, 0x00007f4bcbe80000)
  from space 547904K,  84% used [0x00007f4bcbe80000, 0x00007f4be8005470, 0x00007f4bed590000)
  to   space 547904K,   0% used [0x00007f4bed590000, 0x00007f4bed590000, 0x00007f4c0eca0000)
 tenured generation   total 11128500K, used 11128445K [0x00007f5015b50000, 0x00007f52bcefd000, 0x00007f5ac0600000)
   the space 11128500K,  99% used [0x00007f5015b50000, 0x00007f52bceef4b0, 0x00007f52bceef600, 0x00007f52bcefd000)
 Metaspace       used 30697K, capacity 31112K, committed 31488K, reserved 32768K
}
Event: 361.030 GC heap before
{Heap before GC invocations=85 (full 21):
 def new generation   total 4931136K, used 460309K [0x00007f4ac0600000, 0x00007f4c0eca0000, 0x00007f5015b50000)
  eden space 4383232K,   0% used [0x00007f4ac0600000, 0x00007f4ac0600000, 0x00007f4bcbe80000)
  from space 547904K,  84% used [0x00007f4bcbe80000, 0x00007f4be8005470, 0x00007f4bed590000)
  to   space 547904K,   0% used [0x00007f4bed590000, 0x00007f4bed590000, 0x00007f4c0eca0000)
 tenured generation   total 11128500K, used 11128445K [0x00007f5015b50000, 0x00007f52bcefd000, 0x00007f5ac0600000)
   the space 11128500K,  99% used [0x00007f5015b50000, 0x00007f52bceef4b0, 0x00007f52bceef600, 0x00007f52bcefd000)
 Metaspace       used 30697K, capacity 31112K, committed 31488K, reserved 32768K
}
Event: 373.705 GC heap after
{Heap after GC invocations=85 (full 22):
 def new generation   total 7117312K, used 0K [0x00007f4ac0600000, 0x00007f4ca30c0000, 0x00007f5015b50000)
  eden space 6326528K,   0% used [0x00007f4ac0600000, 0x00007f4ac0600000, 0x00007f4c42840000)
  from space 790784K,   0% used [0x00007f4c42840000, 0x00007f4c42840000, 0x00007f4c72c80000)
  to   space 790784K,   0% used [0x00007f4c72c80000, 0x00007f4c72c80000, 0x00007f4ca30c0000)
 tenured generation   total 15816160K, used 9489694K [0x00007f5015b50000, 0x00007f53db0c8000, 0x00007f5ac0600000)
   the space 15816160K,  59% used [0x00007f5015b50000, 0x00007f5258e97b20, 0x00007f5258e97c00, 0x00007f53db0c8000)
 Metaspace       used 30697K, capacity 31112K, committed 31488K, reserved 32768K
}
Event: 376.093 GC heap before
{Heap before GC invocations=85 (full 22):
 def new generation   total 7117312K, used 6326528K [0x00007f4ac0600000, 0x00007f4ca30c0000, 0x00007f5015b50000)
  eden space 6326528K, 100% used [0x00007f4ac0600000, 0x00007f4c42840000, 0x00007f4c42840000)
  from space 790784K,   0% used [0x00007f4c42840000, 0x00007f4c42840000, 0x00007f4c72c80000)
  to   space 790784K,   0% used [0x00007f4c72c80000, 0x00007f4c72c80000, 0x00007f4ca30c0000)
 tenured generation   total 15816160K, used 9489694K [0x00007f5015b50000, 0x00007f53db0c8000, 0x00007f5ac0600000)
   the space 15816160K,  59% used [0x00007f5015b50000, 0x00007f5258e97b20, 0x00007f5258e97c00, 0x00007f53db0c8000)
 Metaspace       used 30697K, capacity 31112K, committed 31488K, reserved 32768K
}
Event: 377.895 GC heap after
{Heap after GC invocations=86 (full 22):
 def new generation   total 7117312K, used 661694K [0x00007f4ac0600000, 0x00007f4ca30c0000, 0x00007f5015b50000)
  eden space 6326528K,   0% used [0x00007f4ac0600000, 0x00007f4ac0600000, 0x00007f4c42840000)
  from space 790784K,  83% used [0x00007f4c72c80000, 0x00007f4c9b2af908, 0x00007f4ca30c0000)
  to   space 790784K,   0% used [0x00007f4c42840000, 0x00007f4c42840000, 0x00007f4c72c80000)
 tenured generation   total 15816160K, used 9489694K [0x00007f5015b50000, 0x00007f53db0c8000, 0x00007f5ac0600000)
   the space 15816160K,  59% used [0x00007f5015b50000, 0x00007f5258e97b20, 0x00007f5258e97c00, 0x00007f53db0c8000)
 Metaspace       used 30697K, capacity 31112K, committed 31488K, reserved 32768K
}
Event: 381.016 GC heap before
{Heap before GC invocations=86 (full 22):
 def new generation   total 7117312K, used 6836942K [0x00007f4ac0600000, 0x00007f4ca30c0000, 0x00007f5015b50000)
  eden space 6326528K,  97% used [0x00007f4ac0600000, 0x00007f4c39483f70, 0x00007f4c42840000)
  from space 790784K,  83% used [0x00007f4c72c80000, 0x00007f4c9b2af908, 0x00007f4ca30c0000)
  to   space 790784K,   0% used [0x00007f4c42840000, 0x00007f4c42840000, 0x00007f4c72c80000)
 tenured generation   total 15816160K, used 9489694K [0x00007f5015b50000, 0x00007f53db0c8000, 0x00007f5ac0600000)
   the space 15816160K,  59% used [0x00007f5015b50000, 0x00007f5258e97b20, 0x00007f5258e97c00, 0x00007f53db0c8000)
 Metaspace       used 30697K, capacity 31112K, committed 31488K, reserved 32768K
}
Event: 384.495 GC heap after
{Heap after GC invocations=87 (full 22):
 def new generation   total 7117312K, used 790784K [0x00007f4ac0600000, 0x00007f4ca30c0000, 0x00007f5015b50000)
  eden space 6326528K,   0% used [0x00007f4ac0600000, 0x00007f4ac0600000, 0x00007f4c42840000)
  from space 790784K, 100% used [0x00007f4c42840000, 0x00007f4c72c80000, 0x00007f4c72c80000)
  to   space 790784K,   0% used [0x00007f4c72c80000, 0x00007f4c72c80000, 0x00007f4ca30c0000)
 tenured generation   total 15816160K, used 10730205K [0x00007f5015b50000, 0x00007f53db0c8000, 0x00007f5ac0600000)
   the space 15816160K,  67% used [0x00007f5015b50000, 0x00007f52a4a07678, 0x00007f52a4a07800, 0x00007f53db0c8000)
 Metaspace       used 30697K, capacity 31112K, committed 31488K, reserved 32768K
}
Event: 486.360 GC heap before
{Heap before GC invocations=87 (full 22):
 def new generation   total 7117312K, used 7117312K [0x00007f4ac0600000, 0x00007f4ca30c0000, 0x00007f5015b50000)
  eden space 6326528K, 100% used [0x00007f4ac0600000, 0x00007f4c42840000, 0x00007f4c42840000)
  from space 790784K, 100% used [0x00007f4c42840000, 0x00007f4c72c80000, 0x00007f4c72c80000)
  to   space 790784K,   0% used [0x00007f4c72c80000, 0x00007f4c72c80000, 0x00007f4ca30c0000)
 tenured generation   total 15816160K, used 10730205K [0x00007f5015b50000, 0x00007f53db0c8000, 0x00007f5ac0600000)
   the space 15816160K,  67% used [0x00007f5015b50000, 0x00007f52a4a07678, 0x00007f52a4a07800, 0x00007f53db0c8000)
 Metaspace       used 30697K, capacity 31112K, committed 31488K, reserved 32768K
}
Event: 489.163 GC heap after
{Heap after GC invocations=88 (full 22):
 def new generation   total 7117312K, used 790783K [0x00007f4ac0600000, 0x00007f4ca30c0000, 0x00007f5015b50000)
  eden space 6326528K,   0% used [0x00007f4ac0600000, 0x00007f4ac0600000, 0x00007f4c42840000)
  from space 790784K,  99% used [0x00007f4c72c80000, 0x00007f4ca30bfff8, 0x00007f4ca30c0000)
  to   space 790784K,   0% used [0x00007f4c42840000, 0x00007f4c42840000, 0x00007f4c72c80000)
 tenured generation   total 15816160K, used 11607473K [0x00007f5015b50000, 0x00007f53db0c8000, 0x00007f5ac0600000)
   the space 15816160K,  73% used [0x00007f5015b50000, 0x00007f52da2bc7a8, 0x00007f52da2bc800, 0x00007f53db0c8000)
 Metaspace       used 30697K, capacity 31112K, committed 31488K, reserved 32768K
}
Event: 492.259 GC heap before
{Heap before GC invocations=88 (full 22):
 def new generation   total 7117312K, used 7117311K [0x00007f4ac0600000, 0x00007f4ca30c0000, 0x00007f5015b50000)
  eden space 6326528K, 100% used [0x00007f4ac0600000, 0x00007f4c42840000, 0x00007f4c42840000)
  from space 790784K,  99% used [0x00007f4c72c80000, 0x00007f4ca30bfff8, 0x00007f4ca30c0000)
  to   space 790784K,   0% used [0x00007f4c42840000, 0x00007f4c42840000, 0x00007f4c72c80000)
 tenured generation   total 15816160K, used 11607473K [0x00007f5015b50000, 0x00007f53db0c8000, 0x00007f5ac0600000)
   the space 15816160K,  73% used [0x00007f5015b50000, 0x00007f52da2bc7a8, 0x00007f52da2bc800, 0x00007f53db0c8000)
 Metaspace       used 30697K, capacity 31112K, committed 31488K, reserved 32768K
}
Event: 496.001 GC heap after
{Heap after GC invocations=89 (full 22):
 def new generation   total 7117312K, used 790783K [0x00007f4ac0600000, 0x00007f4ca30c0000, 0x00007f5015b50000)
  eden space 6326528K,   0% used [0x00007f4ac0600000, 0x00007f4ac0600000, 0x00007f4c42840000)
  from space 790784K,  99% used [0x00007f4c42840000, 0x00007f4c72c7fff8, 0x00007f4c72c80000)
  to   space 790784K,   0% used [0x00007f4c72c80000, 0x00007f4c72c80000, 0x00007f4ca30c0000)
 tenured generation   total 15816160K, used 15633079K [0x00007f5015b50000, 0x00007f53db0c8000, 0x00007f5ac0600000)
   the space 15816160K,  98% used [0x00007f5015b50000, 0x00007f53cfdfdc40, 0x00007f53cfdfde00, 0x00007f53db0c8000)
 Metaspace       used 30697K, capacity 31112K, committed 31488K, reserved 32768K
}
Event: 496.838 GC heap before
{Heap before GC invocations=89 (full 22):
 def new generation   total 7117312K, used 7117311K [0x00007f4ac0600000, 0x00007f4ca30c0000, 0x00007f5015b50000)
  eden space 6326528K, 100% used [0x00007f4ac0600000, 0x00007f4c42840000, 0x00007f4c42840000)
  from space 790784K,  99% used [0x00007f4c42840000, 0x00007f4c72c7fff8, 0x00007f4c72c80000)
  to   space 790784K,   0% used [0x00007f4c72c80000, 0x00007f4c72c80000, 0x00007f4ca30c0000)
 tenured generation   total 15816160K, used 15633079K [0x00007f5015b50000, 0x00007f53db0c8000, 0x00007f5ac0600000)
   the space 15816160K,  98% used [0x00007f5015b50000, 0x00007f53cfdfdc40, 0x00007f53cfdfde00, 0x00007f53db0c8000)
 Metaspace       used 30697K, capacity 31112K, committed 31488K, reserved 32768K
}
Event: 500.222 GC heap after
{Heap after GC invocations=90 (full 22):
 def new generation   total 7117312K, used 790783K [0x00007f4ac0600000, 0x00007f4ca30c0000, 0x00007f5015b50000)
  eden space 6326528K,   0% used [0x00007f4ac0600000, 0x00007f4ac0600000, 0x00007f4c42840000)
  from space 790784K,  99% used [0x00007f4c72c80000, 0x00007f4ca30bffa0, 0x00007f4ca30c0000)
  to   space 790784K,   0% used [0x00007f4c42840000, 0x00007f4c42840000, 0x00007f4c72c80000)
 tenured generation   total 21959584K, used 21959508K [0x00007f5015b50000, 0x00007f5552038000, 0x00007f5ac0600000)
   the space 21959584K,  99% used [0x00007f5015b50000, 0x00007f5552025358, 0x00007f5552025400, 0x00007f5552038000)
 Metaspace       used 30697K, capacity 31112K, committed 31488K, reserved 32768K
}
Event: 500.222 GC heap before
{Heap before GC invocations=90 (full 22):
 def new generation   total 7117312K, used 790783K [0x00007f4ac0600000, 0x00007f4ca30c0000, 0x00007f5015b50000)
  eden space 6326528K,   0% used [0x00007f4ac0600000, 0x00007f4ac0600000, 0x00007f4c42840000)
  from space 790784K,  99% used [0x00007f4c72c80000, 0x00007f4ca30bffa0, 0x00007f4ca30c0000)
  to   space 790784K,   0% used [0x00007f4c42840000, 0x00007f4c42840000, 0x00007f4c72c80000)
 tenured generation   total 21959584K, used 21959508K [0x00007f5015b50000, 0x00007f5552038000, 0x00007f5ac0600000)
   the space 21959584K,  99% used [0x00007f5015b50000, 0x00007f5552025358, 0x00007f5552025400, 0x00007f5552038000)
 Metaspace       used 30697K, capacity 31112K, committed 31488K, reserved 32768K
}
Event: 509.981 GC heap after
{Heap after GC invocations=90 (full 23):
 def new generation   total 9247296K, used 0K [0x00007f4ac0600000, 0x00007f4d337f0000, 0x00007f5015b50000)
  eden space 8219840K,   0% used [0x00007f4ac0600000, 0x00007f4ac0600000, 0x00007f4cb6130000)
  from space 1027456K,   0% used [0x00007f4cb6130000, 0x00007f4cb6130000, 0x00007f4cf4c90000)
  to   space 1027456K,   0% used [0x00007f4cf4c90000, 0x00007f4cf4c90000, 0x00007f4d337f0000)
 tenured generation   total 20549388K, used 12329630K [0x00007f5015b50000, 0x00007f54fbf13000, 0x00007f5ac0600000)
   the space 20549388K,  59% used [0x00007f5015b50000, 0x00007f53063f7bc0, 0x00007f53063f7c00, 0x00007f54fbf13000)
 Metaspace       used 30697K, capacity 31112K, committed 31488K, reserved 32768K
}
Event: 511.216 GC heap before
{Heap before GC invocations=90 (full 23):
 def new generation   total 9247296K, used 8219840K [0x00007f4ac0600000, 0x00007f4d337f0000, 0x00007f5015b50000)
  eden space 8219840K, 100% used [0x00007f4ac0600000, 0x00007f4cb6130000, 0x00007f4cb6130000)
  from space 1027456K,   0% used [0x00007f4cb6130000, 0x00007f4cb6130000, 0x00007f4cf4c90000)
  to   space 1027456K,   0% used [0x00007f4cf4c90000, 0x00007f4cf4c90000, 0x00007f4d337f0000)
 tenured generation   total 20549388K, used 12329630K [0x00007f5015b50000, 0x00007f54fbf13000, 0x00007f5ac0600000)
   the space 20549388K,  59% used [0x00007f5015b50000, 0x00007f53063f7bc0, 0x00007f53063f7c00, 0x00007f54fbf13000)
 Metaspace       used 30697K, capacity 31112K, committed 31488K, reserved 32768K
}
Event: 514.437 GC heap after
{Heap after GC invocations=91 (full 23):
 def new generation   total 9247296K, used 1027455K [0x00007f4ac0600000, 0x00007f4d337f0000, 0x00007f5015b50000)
  eden space 8219840K,   0% used [0x00007f4ac0600000, 0x00007f4ac0600000, 0x00007f4cb6130000)
  from space 1027456K,  99% used [0x00007f4cf4c90000, 0x00007f4d337efc00, 0x00007f4d337f0000)
  to   space 1027456K,   0% used [0x00007f4cb6130000, 0x00007f4cb6130000, 0x00007f4cf4c90000)
 tenured generation   total 20549388K, used 19521939K [0x00007f5015b50000, 0x00007f54fbf13000, 0x00007f5ac0600000)
   the space 20549388K,  95% used [0x00007f5015b50000, 0x00007f54bd3b4f60, 0x00007f54bd3b5000, 0x00007f54fbf13000)
 Metaspace       used 30697K, capacity 31112K, committed 31488K, reserved 32768K
}
Event: 534.321 GC heap before
{Heap before GC invocations=91 (full 23):
 def new generation   total 9247296K, used 9247295K [0x00007f4ac0600000, 0x00007f4d337f0000, 0x00007f5015b50000)
  eden space 8219840K, 100% used [0x00007f4ac0600000, 0x00007f4cb6130000, 0x00007f4cb6130000)
  from space 1027456K,  99% used [0x00007f4cf4c90000, 0x00007f4d337efc00, 0x00007f4d337f0000)
  to   space 1027456K,   0% used [0x00007f4cb6130000, 0x00007f4cb6130000, 0x00007f4cf4c90000)
 tenured generation   total 20549388K, used 19521939K [0x00007f5015b50000, 0x00007f54fbf13000, 0x00007f5ac0600000)
   the space 20549388K,  95% used [0x00007f5015b50000, 0x00007f54bd3b4f60, 0x00007f54bd3b5000, 0x00007f54fbf13000)
 Metaspace       used 30750K, capacity 31176K, committed 31488K, reserved 32768K
}
Event: 536.894 GC heap after
{Heap after GC invocations=92 (full 23):
 def new generation   total 9247296K, used 1027456K [0x00007f4ac0600000, 0x00007f4d337f0000, 0x00007f5015b50000)
  eden space 8219840K,   0% used [0x00007f4ac0600000, 0x00007f4ac0600000, 0x00007f4cb6130000)
  from space 1027456K, 100% used [0x00007f4cb6130000, 0x00007f4cf4c90000, 0x00007f4cf4c90000)
  to   space 1027456K,   0% used [0x00007f4cf4c90000, 0x00007f4cf4c90000, 0x00007f4d337f0000)
 tenured generation   total 23198220K, used 23198131K [0x00007f5015b50000, 0x00007f559d9d3000, 0x00007f5ac0600000)
   the space 23198220K,  99% used [0x00007f5015b50000, 0x00007f559d9bcf78, 0x00007f559d9bd000, 0x00007f559d9d3000)
 Metaspace       used 30750K, capacity 31176K, committed 31488K, reserved 32768K
}
Event: 536.894 GC heap before
{Heap before GC invocations=92 (full 23):
 def new generation   total 9247296K, used 1027456K [0x00007f4ac0600000, 0x00007f4d337f0000, 0x00007f5015b50000)
  eden space 8219840K,   0% used [0x00007f4ac0600000, 0x00007f4ac0600000, 0x00007f4cb6130000)
  from space 1027456K, 100% used [0x00007f4cb6130000, 0x00007f4cf4c90000, 0x00007f4cf4c90000)
  to   space 1027456K,   0% used [0x00007f4cf4c90000, 0x00007f4cf4c90000, 0x00007f4d337f0000)
 tenured generation   total 23198220K, used 23198131K [0x00007f5015b50000, 0x00007f559d9d3000, 0x00007f5ac0600000)
   the space 23198220K,  99% used [0x00007f5015b50000, 0x00007f559d9bcf78, 0x00007f559d9bd000, 0x00007f559d9d3000)
 Metaspace       used 30750K, capacity 31176K, committed 31488K, reserved 32768K
}

