# JRE version: OpenJDK Runtime Environment (13.0.7+5) (build 13.0.7+5-Ubuntu-0ubuntu120.04)
# Java VM: OpenJDK 64-Bit Server VM (13.0.7+5-Ubuntu-0ubuntu120.04, mixed mode, tiered, serial gc, linux-amd64)
Heap:
 def new generation   total 1758976K, used 0K [0x00007f6680600000, 0x00007f66f7a90000, 0x00007f6bd5b50000)
  eden space 1563584K,   0% used [0x00007f6680600000, 0x00007f6680600000, 0x00007f66dfcf0000)
  from space 195392K,   0% used [0x00007f66ebbc0000, 0x00007f66ebbc0000, 0x00007f66f7a90000)
  to   space 195392K,   0% used [0x00007f66dfcf0000, 0x00007f66dfcf0000, 0x00007f66ebbc0000)
 tenured generation   total 4017340K, used 3989239K [0x00007f6bd5b50000, 0x00007f6ccae7f000, 0x00007f7680600000)
   the space 4017340K,  99% used [0x00007f6bd5b50000, 0x00007f6cc930de80, 0x00007f6cc930e000, 0x00007f6ccae7f000)
 Metaspace       used 31055K, capacity 31471K, committed 31744K, reserved 32768K
GC Heap History (20 events):
Event: 163.449 GC heap after
{Heap after GC invocations=148 (full 3):
 def new generation   total 1758976K, used 147822K [0x00007f6680600000, 0x00007f66f7a90000, 0x00007f6bd5b50000)
  eden space 1563584K,   0% used [0x00007f6680600000, 0x00007f6680600000, 0x00007f66dfcf0000)
  from space 195392K,  75% used [0x00007f66dfcf0000, 0x00007f66e8d4bb28, 0x00007f66ebbc0000)
  to   space 195392K,   0% used [0x00007f66ebbc0000, 0x00007f66ebbc0000, 0x00007f66f7a90000)
 tenured generation   total 3908668K, used 2759446K [0x00007f6bd5b50000, 0x00007f6cc445f000, 0x00007f7680600000)
   the space 3908668K,  70% used [0x00007f6bd5b50000, 0x00007f6c7e215b50, 0x00007f6c7e215c00, 0x00007f6cc445f000)
 Metaspace       used 31055K, capacity 31471K, committed 31744K, reserved 32768K
}
Event: 163.941 GC heap before
{Heap before GC invocations=148 (full 3):
 def new generation   total 1758976K, used 1711406K [0x00007f6680600000, 0x00007f66f7a90000, 0x00007f6bd5b50000)
  eden space 1563584K, 100% used [0x00007f6680600000, 0x00007f66dfcf0000, 0x00007f66dfcf0000)
  from space 195392K,  75% used [0x00007f66dfcf0000, 0x00007f66e8d4bb28, 0x00007f66ebbc0000)
  to   space 195392K,   0% used [0x00007f66ebbc0000, 0x00007f66ebbc0000, 0x00007f66f7a90000)
 tenured generation   total 3908668K, used 2759446K [0x00007f6bd5b50000, 0x00007f6cc445f000, 0x00007f7680600000)
   the space 3908668K,  70% used [0x00007f6bd5b50000, 0x00007f6c7e215b50, 0x00007f6c7e215c00, 0x00007f6cc445f000)
 Metaspace       used 31055K, capacity 31471K, committed 31744K, reserved 32768K
}
Event: 165.144 GC heap after
{Heap after GC invocations=149 (full 3):
 def new generation   total 1758976K, used 125488K [0x00007f6680600000, 0x00007f66f7a90000, 0x00007f6bd5b50000)
  eden space 1563584K,   0% used [0x00007f6680600000, 0x00007f6680600000, 0x00007f66dfcf0000)
  from space 195392K,  64% used [0x00007f66ebbc0000, 0x00007f66f364c2c8, 0x00007f66f7a90000)
  to   space 195392K,   0% used [0x00007f66dfcf0000, 0x00007f66dfcf0000, 0x00007f66ebbc0000)
 tenured generation   total 3908668K, used 2907268K [0x00007f6bd5b50000, 0x00007f6cc445f000, 0x00007f7680600000)
   the space 3908668K,  74% used [0x00007f6bd5b50000, 0x00007f6c872711c8, 0x00007f6c87271200, 0x00007f6cc445f000)
 Metaspace       used 31055K, capacity 31471K, committed 31744K, reserved 32768K
}
Event: 167.431 GC heap before
{Heap before GC invocations=149 (full 3):
 def new generation   total 1758976K, used 1689072K [0x00007f6680600000, 0x00007f66f7a90000, 0x00007f6bd5b50000)
  eden space 1563584K, 100% used [0x00007f6680600000, 0x00007f66dfcf0000, 0x00007f66dfcf0000)
  from space 195392K,  64% used [0x00007f66ebbc0000, 0x00007f66f364c2c8, 0x00007f66f7a90000)
  to   space 195392K,   0% used [0x00007f66dfcf0000, 0x00007f66dfcf0000, 0x00007f66ebbc0000)
 tenured generation   total 3908668K, used 2907268K [0x00007f6bd5b50000, 0x00007f6cc445f000, 0x00007f7680600000)
   the space 3908668K,  74% used [0x00007f6bd5b50000, 0x00007f6c872711c8, 0x00007f6c87271200, 0x00007f6cc445f000)
 Metaspace       used 31055K, capacity 31471K, committed 31744K, reserved 32768K
}
Event: 167.983 GC heap after
{Heap after GC invocations=150 (full 3):
 def new generation   total 1758976K, used 136095K [0x00007f6680600000, 0x00007f66f7a90000, 0x00007f6bd5b50000)
  eden space 1563584K,   0% used [0x00007f6680600000, 0x00007f6680600000, 0x00007f66dfcf0000)
  from space 195392K,  69% used [0x00007f66dfcf0000, 0x00007f66e81d7c30, 0x00007f66ebbc0000)
  to   space 195392K,   0% used [0x00007f66ebbc0000, 0x00007f66ebbc0000, 0x00007f66f7a90000)
 tenured generation   total 3908668K, used 3032756K [0x00007f6bd5b50000, 0x00007f6cc445f000, 0x00007f7680600000)
   the space 3908668K,  77% used [0x00007f6bd5b50000, 0x00007f6c8ecfd230, 0x00007f6c8ecfd400, 0x00007f6cc445f000)
 Metaspace       used 31055K, capacity 31471K, committed 31744K, reserved 32768K
}
Event: 168.455 GC heap before
{Heap before GC invocations=150 (full 3):
 def new generation   total 1758976K, used 1699679K [0x00007f6680600000, 0x00007f66f7a90000, 0x00007f6bd5b50000)
  eden space 1563584K, 100% used [0x00007f6680600000, 0x00007f66dfcf0000, 0x00007f66dfcf0000)
  from space 195392K,  69% used [0x00007f66dfcf0000, 0x00007f66e81d7c30, 0x00007f66ebbc0000)
  to   space 195392K,   0% used [0x00007f66ebbc0000, 0x00007f66ebbc0000, 0x00007f66f7a90000)
 tenured generation   total 3908668K, used 3032756K [0x00007f6bd5b50000, 0x00007f6cc445f000, 0x00007f7680600000)
   the space 3908668K,  77% used [0x00007f6bd5b50000, 0x00007f6c8ecfd230, 0x00007f6c8ecfd400, 0x00007f6cc445f000)
 Metaspace       used 31055K, capacity 31471K, committed 31744K, reserved 32768K
}
Event: 168.907 GC heap after
{Heap after GC invocations=151 (full 3):
 def new generation   total 1758976K, used 141483K [0x00007f6680600000, 0x00007f66f7a90000, 0x00007f6bd5b50000)
  eden space 1563584K,   0% used [0x00007f6680600000, 0x00007f6680600000, 0x00007f66dfcf0000)
  from space 195392K,  72% used [0x00007f66ebbc0000, 0x00007f66f45eade8, 0x00007f66f7a90000)
  to   space 195392K,   0% used [0x00007f66dfcf0000, 0x00007f66dfcf0000, 0x00007f66ebbc0000)
 tenured generation   total 3908668K, used 3168850K [0x00007f6bd5b50000, 0x00007f6cc445f000, 0x00007f7680600000)
   the space 3908668K,  81% used [0x00007f6bd5b50000, 0x00007f6c971e4a50, 0x00007f6c971e4c00, 0x00007f6cc445f000)
 Metaspace       used 31055K, capacity 31471K, committed 31744K, reserved 32768K
}
Event: 169.375 GC heap before
{Heap before GC invocations=151 (full 3):
 def new generation   total 1758976K, used 1705067K [0x00007f6680600000, 0x00007f66f7a90000, 0x00007f6bd5b50000)
  eden space 1563584K, 100% used [0x00007f6680600000, 0x00007f66dfcf0000, 0x00007f66dfcf0000)
  from space 195392K,  72% used [0x00007f66ebbc0000, 0x00007f66f45eade8, 0x00007f66f7a90000)
  to   space 195392K,   0% used [0x00007f66dfcf0000, 0x00007f66dfcf0000, 0x00007f66ebbc0000)
 tenured generation   total 3908668K, used 3168850K [0x00007f6bd5b50000, 0x00007f6cc445f000, 0x00007f7680600000)
   the space 3908668K,  81% used [0x00007f6bd5b50000, 0x00007f6c971e4a50, 0x00007f6c971e4c00, 0x00007f6cc445f000)
 Metaspace       used 31055K, capacity 31471K, committed 31744K, reserved 32768K
}
Event: 169.815 GC heap after
{Heap after GC invocations=152 (full 3):
 def new generation   total 1758976K, used 137063K [0x00007f6680600000, 0x00007f66f7a90000, 0x00007f6bd5b50000)
  eden space 1563584K,   0% used [0x00007f6680600000, 0x00007f6680600000, 0x00007f66dfcf0000)
  from space 195392K,  70% used [0x00007f66dfcf0000, 0x00007f66e82c9cf8, 0x00007f66ebbc0000)
  to   space 195392K,   0% used [0x00007f66ebbc0000, 0x00007f66ebbc0000, 0x00007f66f7a90000)
 tenured generation   total 3908668K, used 3310333K [0x00007f6bd5b50000, 0x00007f6cc445f000, 0x00007f7680600000)
   the space 3908668K,  84% used [0x00007f6bd5b50000, 0x00007f6c9fc0f5f8, 0x00007f6c9fc0f600, 0x00007f6cc445f000)
 Metaspace       used 31055K, capacity 31471K, committed 31744K, reserved 32768K
}
Event: 170.254 GC heap before
{Heap before GC invocations=152 (full 3):
 def new generation   total 1758976K, used 1700647K [0x00007f6680600000, 0x00007f66f7a90000, 0x00007f6bd5b50000)
  eden space 1563584K, 100% used [0x00007f6680600000, 0x00007f66dfcf0000, 0x00007f66dfcf0000)
  from space 195392K,  70% used [0x00007f66dfcf0000, 0x00007f66e82c9cf8, 0x00007f66ebbc0000)
  to   space 195392K,   0% used [0x00007f66ebbc0000, 0x00007f66ebbc0000, 0x00007f66f7a90000)
 tenured generation   total 3908668K, used 3310333K [0x00007f6bd5b50000, 0x00007f6cc445f000, 0x00007f7680600000)
   the space 3908668K,  84% used [0x00007f6bd5b50000, 0x00007f6c9fc0f5f8, 0x00007f6c9fc0f600, 0x00007f6cc445f000)
 Metaspace       used 31055K, capacity 31471K, committed 31744K, reserved 32768K
}
Event: 170.703 GC heap after
{Heap after GC invocations=153 (full 3):
 def new generation   total 1758976K, used 150022K [0x00007f6680600000, 0x00007f66f7a90000, 0x00007f6bd5b50000)
  eden space 1563584K,   0% used [0x00007f6680600000, 0x00007f6680600000, 0x00007f66dfcf0000)
  from space 195392K,  76% used [0x00007f66ebbc0000, 0x00007f66f4e41b20, 0x00007f66f7a90000)
  to   space 195392K,   0% used [0x00007f66dfcf0000, 0x00007f66dfcf0000, 0x00007f66ebbc0000)
 tenured generation   total 3908668K, used 3447395K [0x00007f6bd5b50000, 0x00007f6cc445f000, 0x00007f7680600000)
   the space 3908668K,  88% used [0x00007f6bd5b50000, 0x00007f6ca81e8dc0, 0x00007f6ca81e8e00, 0x00007f6cc445f000)
 Metaspace       used 31055K, capacity 31471K, committed 31744K, reserved 32768K
}
Event: 171.127 GC heap before
{Heap before GC invocations=153 (full 3):
 def new generation   total 1758976K, used 1713606K [0x00007f6680600000, 0x00007f66f7a90000, 0x00007f6bd5b50000)
  eden space 1563584K, 100% used [0x00007f6680600000, 0x00007f66dfcf0000, 0x00007f66dfcf0000)
  from space 195392K,  76% used [0x00007f66ebbc0000, 0x00007f66f4e41b20, 0x00007f66f7a90000)
  to   space 195392K,   0% used [0x00007f66dfcf0000, 0x00007f66dfcf0000, 0x00007f66ebbc0000)
 tenured generation   total 3908668K, used 3447395K [0x00007f6bd5b50000, 0x00007f6cc445f000, 0x00007f7680600000)
   the space 3908668K,  88% used [0x00007f6bd5b50000, 0x00007f6ca81e8dc0, 0x00007f6ca81e8e00, 0x00007f6cc445f000)
 Metaspace       used 31055K, capacity 31471K, committed 31744K, reserved 32768K
}
Event: 171.574 GC heap after
{Heap after GC invocations=154 (full 3):
 def new generation   total 1758976K, used 146663K [0x00007f6680600000, 0x00007f66f7a90000, 0x00007f6bd5b50000)
  eden space 1563584K,   0% used [0x00007f6680600000, 0x00007f6680600000, 0x00007f66dfcf0000)
  from space 195392K,  75% used [0x00007f66dfcf0000, 0x00007f66e8c29e10, 0x00007f66ebbc0000)
  to   space 195392K,   0% used [0x00007f66ebbc0000, 0x00007f66ebbc0000, 0x00007f66f7a90000)
 tenured generation   total 3908668K, used 3597417K [0x00007f6bd5b50000, 0x00007f6cc445f000, 0x00007f7680600000)
   the space 3908668K,  92% used [0x00007f6bd5b50000, 0x00007f6cb146a710, 0x00007f6cb146a800, 0x00007f6cc445f000)
 Metaspace       used 31055K, capacity 31471K, committed 31744K, reserved 32768K
}
Event: 172.038 GC heap before
{Heap before GC invocations=154 (full 3):
 def new generation   total 1758976K, used 1710247K [0x00007f6680600000, 0x00007f66f7a90000, 0x00007f6bd5b50000)
  eden space 1563584K, 100% used [0x00007f6680600000, 0x00007f66dfcf0000, 0x00007f66dfcf0000)
  from space 195392K,  75% used [0x00007f66dfcf0000, 0x00007f66e8c29e10, 0x00007f66ebbc0000)
  to   space 195392K,   0% used [0x00007f66ebbc0000, 0x00007f66ebbc0000, 0x00007f66f7a90000)
 tenured generation   total 3908668K, used 3597417K [0x00007f6bd5b50000, 0x00007f6cc445f000, 0x00007f7680600000)
   the space 3908668K,  92% used [0x00007f6bd5b50000, 0x00007f6cb146a710, 0x00007f6cb146a800, 0x00007f6cc445f000)
 Metaspace       used 31055K, capacity 31471K, committed 31744K, reserved 32768K
}
Event: 172.467 GC heap after
{Heap after GC invocations=155 (full 3):
 def new generation   total 1758976K, used 135102K [0x00007f6680600000, 0x00007f66f7a90000, 0x00007f6bd5b50000)
  eden space 1563584K,   0% used [0x00007f6680600000, 0x00007f6680600000, 0x00007f66dfcf0000)
  from space 195392K,  69% used [0x00007f66ebbc0000, 0x00007f66f3faf9a0, 0x00007f66f7a90000)
  to   space 195392K,   0% used [0x00007f66dfcf0000, 0x00007f66dfcf0000, 0x00007f66ebbc0000)
 tenured generation   total 3908668K, used 3744080K [0x00007f6bd5b50000, 0x00007f6cc445f000, 0x00007f7680600000)
   the space 3908668K,  95% used [0x00007f6bd5b50000, 0x00007f6cba3a4200, 0x00007f6cba3a4200, 0x00007f6cc445f000)
 Metaspace       used 31055K, capacity 31471K, committed 31744K, reserved 32768K
}
Event: 172.920 GC heap before
{Heap before GC invocations=155 (full 3):
 def new generation   total 1758976K, used 1698686K [0x00007f6680600000, 0x00007f66f7a90000, 0x00007f6bd5b50000)
  eden space 1563584K, 100% used [0x00007f6680600000, 0x00007f66dfcf0000, 0x00007f66dfcf0000)
  from space 195392K,  69% used [0x00007f66ebbc0000, 0x00007f66f3faf9a0, 0x00007f66f7a90000)
  to   space 195392K,   0% used [0x00007f66dfcf0000, 0x00007f66dfcf0000, 0x00007f66ebbc0000)
 tenured generation   total 3908668K, used 3744080K [0x00007f6bd5b50000, 0x00007f6cc445f000, 0x00007f7680600000)
   the space 3908668K,  95% used [0x00007f6bd5b50000, 0x00007f6cba3a4200, 0x00007f6cba3a4200, 0x00007f6cc445f000)
 Metaspace       used 31055K, capacity 31471K, committed 31744K, reserved 32768K
}
Event: 173.355 GC heap after
{Heap after GC invocations=156 (full 3):
 def new generation   total 1758976K, used 137983K [0x00007f6680600000, 0x00007f66f7a90000, 0x00007f6bd5b50000)
  eden space 1563584K,   0% used [0x00007f6680600000, 0x00007f6680600000, 0x00007f66dfcf0000)
  from space 195392K,  70% used [0x00007f66dfcf0000, 0x00007f66e83afc18, 0x00007f66ebbc0000)
  to   space 195392K,   0% used [0x00007f66ebbc0000, 0x00007f66ebbc0000, 0x00007f66f7a90000)
 tenured generation   total 3908668K, used 3879182K [0x00007f6bd5b50000, 0x00007f6cc445f000, 0x00007f7680600000)
   the space 3908668K,  99% used [0x00007f6bd5b50000, 0x00007f6cc2793ba0, 0x00007f6cc2793c00, 0x00007f6cc445f000)
 Metaspace       used 31055K, capacity 31471K, committed 31744K, reserved 32768K
}
Event: 173.828 GC heap before
{Heap before GC invocations=156 (full 3):
 def new generation   total 1758976K, used 1701567K [0x00007f6680600000, 0x00007f66f7a90000, 0x00007f6bd5b50000)
  eden space 1563584K, 100% used [0x00007f6680600000, 0x00007f66dfcf0000, 0x00007f66dfcf0000)
  from space 195392K,  70% used [0x00007f66dfcf0000, 0x00007f66e83afc18, 0x00007f66ebbc0000)
  to   space 195392K,   0% used [0x00007f66ebbc0000, 0x00007f66ebbc0000, 0x00007f66f7a90000)
 tenured generation   total 3908668K, used 3879182K [0x00007f6bd5b50000, 0x00007f6cc445f000, 0x00007f7680600000)
   the space 3908668K,  99% used [0x00007f6bd5b50000, 0x00007f6cc2793ba0, 0x00007f6cc2793c00, 0x00007f6cc445f000)
 Metaspace       used 31055K, capacity 31471K, committed 31744K, reserved 32768K
}
Event: 174.341 GC heap after
{Heap after GC invocations=157 (full 3):
 def new generation   total 1758976K, used 145218K [0x00007f6680600000, 0x00007f66f7a90000, 0x00007f6bd5b50000)
  eden space 1563584K,   0% used [0x00007f6680600000, 0x00007f6680600000, 0x00007f66dfcf0000)
  from space 195392K,  74% used [0x00007f66ebbc0000, 0x00007f66f4990950, 0x00007f66f7a90000)
  to   space 195392K,   0% used [0x00007f66dfcf0000, 0x00007f66dfcf0000, 0x00007f66ebbc0000)
 tenured generation   total 4017340K, used 4017165K [0x00007f6bd5b50000, 0x00007f6ccae7f000, 0x00007f7680600000)
   the space 4017340K,  99% used [0x00007f6bd5b50000, 0x00007f6ccae53798, 0x00007f6ccae53800, 0x00007f6ccae7f000)
 Metaspace       used 31055K, capacity 31471K, committed 31744K, reserved 32768K
}
Event: 174.341 GC heap before
{Heap before GC invocations=157 (full 3):
 def new generation   total 1758976K, used 145218K [0x00007f6680600000, 0x00007f66f7a90000, 0x00007f6bd5b50000)
  eden space 1563584K,   0% used [0x00007f6680600000, 0x00007f6680600000, 0x00007f66dfcf0000)
  from space 195392K,  74% used [0x00007f66ebbc0000, 0x00007f66f4990950, 0x00007f66f7a90000)
  to   space 195392K,   0% used [0x00007f66dfcf0000, 0x00007f66dfcf0000, 0x00007f66ebbc0000)
 tenured generation   total 4017340K, used 4017165K [0x00007f6bd5b50000, 0x00007f6ccae7f000, 0x00007f7680600000)
   the space 4017340K,  99% used [0x00007f6bd5b50000, 0x00007f6ccae53798, 0x00007f6ccae53800, 0x00007f6ccae7f000)
 Metaspace       used 31055K, capacity 31471K, committed 31744K, reserved 32768K
}

