# JRE version: OpenJDK Runtime Environment (13.0.7+5) (build 13.0.7+5-Ubuntu-0ubuntu120.04)
# Java VM: OpenJDK 64-Bit Server VM (13.0.7+5-Ubuntu-0ubuntu120.04, mixed mode, tiered, serial gc, linux-amd64)
Heap:
 def new generation   total 629248K, used 0K [0x00007fd374600000, 0x00007fd39f0c0000, 0x00007fd8c9b50000)
  eden space 559360K,   0% used [0x00007fd374600000, 0x00007fd374600000, 0x00007fd396840000)
  from space 69888K,   0% used [0x00007fd396840000, 0x00007fd396840000, 0x00007fd39ac80000)
  to   space 69888K,   0% used [0x00007fd39ac80000, 0x00007fd39ac80000, 0x00007fd39f0c0000)
 tenured generation   total 1398144K, used 539039K [0x00007fd8c9b50000, 0x00007fd91f0b0000, 0x00007fe374600000)
   the space 1398144K,  38% used [0x00007fd8c9b50000, 0x00007fd8ea9b7e80, 0x00007fd8ea9b8000, 0x00007fd91f0b0000)
 Metaspace       used 23277K, capacity 23674K, committed 23808K, reserved 24576K
GC Heap History (16 events):
Event: 2.776 GC heap before
{Heap before GC invocations=0 (full 0):
 def new generation   total 629120K, used 111850K [0x00007fd374600000, 0x00007fd39f0a0000, 0x00007fd8c9b50000)
  eden space 559232K,  20% used [0x00007fd374600000, 0x00007fd37b33a9f8, 0x00007fd396820000)
  from space 69888K,   0% used [0x00007fd396820000, 0x00007fd396820000, 0x00007fd39ac60000)
  to   space 69888K,   0% used [0x00007fd39ac60000, 0x00007fd39ac60000, 0x00007fd39f0a0000)
 tenured generation   total 1398144K, used 0K [0x00007fd8c9b50000, 0x00007fd91f0b0000, 0x00007fe374600000)
   the space 1398144K,   0% used [0x00007fd8c9b50000, 0x00007fd8c9b50000, 0x00007fd8c9b50200, 0x00007fd91f0b0000)
 Metaspace       used 20910K, capacity 21207K, committed 21248K, reserved 22528K
}
Event: 2.848 GC heap after
{Heap after GC invocations=1 (full 1):
 def new generation   total 629248K, used 0K [0x00007fd374600000, 0x00007fd39f0c0000, 0x00007fd8c9b50000)
  eden space 559360K,   0% used [0x00007fd374600000, 0x00007fd374600000, 0x00007fd396840000)
  from space 69888K,   0% used [0x00007fd396840000, 0x00007fd396840000, 0x00007fd39ac80000)
  to   space 69888K,   0% used [0x00007fd39ac80000, 0x00007fd39ac80000, 0x00007fd39f0c0000)
 tenured generation   total 1398144K, used 13605K [0x00007fd8c9b50000, 0x00007fd91f0b0000, 0x00007fe374600000)
   the space 1398144K,   0% used [0x00007fd8c9b50000, 0x00007fd8ca899540, 0x00007fd8ca899600, 0x00007fd91f0b0000)
 Metaspace       used 20910K, capacity 21207K, committed 21248K, reserved 22528K
}
Event: 4.408 GC heap before
{Heap before GC invocations=1 (full 1):
 def new generation   total 629248K, used 559360K [0x00007fd374600000, 0x00007fd39f0c0000, 0x00007fd8c9b50000)
  eden space 559360K, 100% used [0x00007fd374600000, 0x00007fd396840000, 0x00007fd396840000)
  from space 69888K,   0% used [0x00007fd396840000, 0x00007fd396840000, 0x00007fd39ac80000)
  to   space 69888K,   0% used [0x00007fd39ac80000, 0x00007fd39ac80000, 0x00007fd39f0c0000)
 tenured generation   total 1398144K, used 13605K [0x00007fd8c9b50000, 0x00007fd91f0b0000, 0x00007fe374600000)
   the space 1398144K,   0% used [0x00007fd8c9b50000, 0x00007fd8ca899540, 0x00007fd8ca899600, 0x00007fd91f0b0000)
 Metaspace       used 23056K, capacity 23393K, committed 23552K, reserved 24576K
}
Event: 4.414 GC heap after
{Heap after GC invocations=2 (full 1):
 def new generation   total 629248K, used 682K [0x00007fd374600000, 0x00007fd39f0c0000, 0x00007fd8c9b50000)
  eden space 559360K,   0% used [0x00007fd374600000, 0x00007fd374600000, 0x00007fd396840000)
  from space 69888K,   0% used [0x00007fd39ac80000, 0x00007fd39ad2aa58, 0x00007fd39f0c0000)
  to   space 69888K,   0% used [0x00007fd396840000, 0x00007fd396840000, 0x00007fd39ac80000)
 tenured generation   total 1398144K, used 13605K [0x00007fd8c9b50000, 0x00007fd91f0b0000, 0x00007fe374600000)
   the space 1398144K,   0% used [0x00007fd8c9b50000, 0x00007fd8ca899540, 0x00007fd8ca899600, 0x00007fd91f0b0000)
 Metaspace       used 23056K, capacity 23393K, committed 23552K, reserved 24576K
}
Event: 5.243 GC heap before
{Heap before GC invocations=2 (full 1):
 def new generation   total 629248K, used 560042K [0x00007fd374600000, 0x00007fd39f0c0000, 0x00007fd8c9b50000)
  eden space 559360K, 100% used [0x00007fd374600000, 0x00007fd396840000, 0x00007fd396840000)
  from space 69888K,   0% used [0x00007fd39ac80000, 0x00007fd39ad2aa58, 0x00007fd39f0c0000)
  to   space 69888K,   0% used [0x00007fd396840000, 0x00007fd396840000, 0x00007fd39ac80000)
 tenured generation   total 1398144K, used 13605K [0x00007fd8c9b50000, 0x00007fd91f0b0000, 0x00007fe374600000)
   the space 1398144K,   0% used [0x00007fd8c9b50000, 0x00007fd8ca899540, 0x00007fd8ca899600, 0x00007fd91f0b0000)
 Metaspace       used 23066K, capacity 23394K, committed 23552K, reserved 24576K
}
Event: 5.246 GC heap after
{Heap after GC invocations=3 (full 1):
 def new generation   total 629248K, used 970K [0x00007fd374600000, 0x00007fd39f0c0000, 0x00007fd8c9b50000)
  eden space 559360K,   0% used [0x00007fd374600000, 0x00007fd374600000, 0x00007fd396840000)
  from space 69888K,   1% used [0x00007fd396840000, 0x00007fd396932920, 0x00007fd39ac80000)
  to   space 69888K,   0% used [0x00007fd39ac80000, 0x00007fd39ac80000, 0x00007fd39f0c0000)
 tenured generation   total 1398144K, used 13605K [0x00007fd8c9b50000, 0x00007fd91f0b0000, 0x00007fe374600000)
   the space 1398144K,   0% used [0x00007fd8c9b50000, 0x00007fd8ca899540, 0x00007fd8ca899600, 0x00007fd91f0b0000)
 Metaspace       used 23066K, capacity 23394K, committed 23552K, reserved 24576K
}
Event: 6.298 GC heap before
{Heap before GC invocations=3 (full 1):
 def new generation   total 629248K, used 423618K [0x00007fd374600000, 0x00007fd39f0c0000, 0x00007fd8c9b50000)
  eden space 559360K,  75% used [0x00007fd374600000, 0x00007fd38e2bdf40, 0x00007fd396840000)
  from space 69888K,   1% used [0x00007fd396840000, 0x00007fd396932920, 0x00007fd39ac80000)
  to   space 69888K,   0% used [0x00007fd39ac80000, 0x00007fd39ac80000, 0x00007fd39f0c0000)
 tenured generation   total 1398144K, used 13605K [0x00007fd8c9b50000, 0x00007fd91f0b0000, 0x00007fe374600000)
   the space 1398144K,   0% used [0x00007fd8c9b50000, 0x00007fd8ca899540, 0x00007fd8ca899600, 0x00007fd91f0b0000)
 Metaspace       used 23267K, capacity 23674K, committed 23808K, reserved 24576K
}
Event: 6.485 GC heap after
{Heap after GC invocations=4 (full 1):
 def new generation   total 629248K, used 1150K [0x00007fd374600000, 0x00007fd39f0c0000, 0x00007fd8c9b50000)
  eden space 559360K,   0% used [0x00007fd374600000, 0x00007fd374600000, 0x00007fd396840000)
  from space 69888K,   1% used [0x00007fd39ac80000, 0x00007fd39ad9f980, 0x00007fd39f0c0000)
  to   space 69888K,   0% used [0x00007fd396840000, 0x00007fd396840000, 0x00007fd39ac80000)
 tenured generation   total 1398144K, used 275749K [0x00007fd8c9b50000, 0x00007fd91f0b0000, 0x00007fe374600000)
   the space 1398144K,  19% used [0x00007fd8c9b50000, 0x00007fd8da899558, 0x00007fd8da899600, 0x00007fd91f0b0000)
 Metaspace       used 23267K, capacity 23674K, committed 23808K, reserved 24576K
}
Event: 6.733 GC heap before
{Heap before GC invocations=4 (full 1):
 def new generation   total 629248K, used 540023K [0x00007fd374600000, 0x00007fd39f0c0000, 0x00007fd8c9b50000)
  eden space 559360K,  96% used [0x00007fd374600000, 0x00007fd39543e568, 0x00007fd396840000)
  from space 69888K,   1% used [0x00007fd39ac80000, 0x00007fd39ad9f980, 0x00007fd39f0c0000)
  to   space 69888K,   0% used [0x00007fd396840000, 0x00007fd396840000, 0x00007fd39ac80000)
 tenured generation   total 1398144K, used 275749K [0x00007fd8c9b50000, 0x00007fd91f0b0000, 0x00007fe374600000)
   the space 1398144K,  19% used [0x00007fd8c9b50000, 0x00007fd8da899558, 0x00007fd8da899600, 0x00007fd91f0b0000)
 Metaspace       used 23269K, capacity 23674K, committed 23808K, reserved 24576K
}
Event: 6.925 GC heap after
{Heap after GC invocations=5 (full 1):
 def new generation   total 629248K, used 1150K [0x00007fd374600000, 0x00007fd39f0c0000, 0x00007fd8c9b50000)
  eden space 559360K,   0% used [0x00007fd374600000, 0x00007fd374600000, 0x00007fd396840000)
  from space 69888K,   1% used [0x00007fd396840000, 0x00007fd39695f890, 0x00007fd39ac80000)
  to   space 69888K,   0% used [0x00007fd39ac80000, 0x00007fd39ac80000, 0x00007fd39f0c0000)
 tenured generation   total 1398144K, used 537893K [0x00007fd8c9b50000, 0x00007fd91f0b0000, 0x00007fe374600000)
   the space 1398144K,  38% used [0x00007fd8c9b50000, 0x00007fd8ea899570, 0x00007fd8ea899600, 0x00007fd91f0b0000)
 Metaspace       used 23269K, capacity 23674K, committed 23808K, reserved 24576K
}
Event: 7.258 GC heap before
{Heap before GC invocations=5 (full 1):
 def new generation   total 629248K, used 416276K [0x00007fd374600000, 0x00007fd39f0c0000, 0x00007fd8c9b50000)
  eden space 559360K,  74% used [0x00007fd374600000, 0x00007fd38db658b0, 0x00007fd396840000)
  from space 69888K,   1% used [0x00007fd396840000, 0x00007fd39695f890, 0x00007fd39ac80000)
  to   space 69888K,   0% used [0x00007fd39ac80000, 0x00007fd39ac80000, 0x00007fd39f0c0000)
 tenured generation   total 1398144K, used 537893K [0x00007fd8c9b50000, 0x00007fd91f0b0000, 0x00007fe374600000)
   the space 1398144K,  38% used [0x00007fd8c9b50000, 0x00007fd8ea899570, 0x00007fd8ea899600, 0x00007fd91f0b0000)
 Metaspace       used 23277K, capacity 23674K, committed 23808K, reserved 24576K
}
Event: 7.261 GC heap after
{Heap after GC invocations=6 (full 1):
 def new generation   total 629248K, used 1666K [0x00007fd374600000, 0x00007fd39f0c0000, 0x00007fd8c9b50000)
  eden space 559360K,   0% used [0x00007fd374600000, 0x00007fd374600000, 0x00007fd396840000)
  from space 69888K,   2% used [0x00007fd39ac80000, 0x00007fd39ae20bb0, 0x00007fd39f0c0000)
  to   space 69888K,   0% used [0x00007fd396840000, 0x00007fd396840000, 0x00007fd39ac80000)
 tenured generation   total 1398144K, used 537893K [0x00007fd8c9b50000, 0x00007fd91f0b0000, 0x00007fe374600000)
   the space 1398144K,  38% used [0x00007fd8c9b50000, 0x00007fd8ea899570, 0x00007fd8ea899600, 0x00007fd91f0b0000)
 Metaspace       used 23277K, capacity 23674K, committed 23808K, reserved 24576K
}
Event: 7.494 GC heap before
{Heap before GC invocations=6 (full 1):
 def new generation   total 629248K, used 536887K [0x00007fd374600000, 0x00007fd39f0c0000, 0x00007fd8c9b50000)
  eden space 559360K,  95% used [0x00007fd374600000, 0x00007fd3950ad420, 0x00007fd396840000)
  from space 69888K,   2% used [0x00007fd39ac80000, 0x00007fd39ae20bb0, 0x00007fd39f0c0000)
  to   space 69888K,   0% used [0x00007fd396840000, 0x00007fd396840000, 0x00007fd39ac80000)
 tenured generation   total 1398144K, used 537893K [0x00007fd8c9b50000, 0x00007fd91f0b0000, 0x00007fe374600000)
   the space 1398144K,  38% used [0x00007fd8c9b50000, 0x00007fd8ea899570, 0x00007fd8ea899600, 0x00007fd91f0b0000)
 Metaspace       used 23277K, capacity 23674K, committed 23808K, reserved 24576K
}
Event: 7.982 GC heap after
{Heap after GC invocations=7 (full 1):
 def new generation   total 629248K, used 1156K [0x00007fd374600000, 0x00007fd39f0c0000, 0x00007fd8c9b50000)
  eden space 559360K,   0% used [0x00007fd374600000, 0x00007fd374600000, 0x00007fd396840000)
  from space 69888K,   1% used [0x00007fd396840000, 0x00007fd3969610b0, 0x00007fd39ac80000)
  to   space 69888K,   0% used [0x00007fd39ac80000, 0x00007fd39ac80000, 0x00007fd39f0c0000)
 tenured generation   total 1398144K, used 1062181K [0x00007fd8c9b50000, 0x00007fd91f0b0000, 0x00007fe374600000)
   the space 1398144K,  75% used [0x00007fd8c9b50000, 0x00007fd90a8995a0, 0x00007fd90a899600, 0x00007fd91f0b0000)
 Metaspace       used 23277K, capacity 23674K, committed 23808K, reserved 24576K
}
Event: 7.982 GC heap before
{Heap before GC invocations=7 (full 1):
 def new generation   total 629248K, used 1156K [0x00007fd374600000, 0x00007fd39f0c0000, 0x00007fd8c9b50000)
  eden space 559360K,   0% used [0x00007fd374600000, 0x00007fd374600000, 0x00007fd396840000)
  from space 69888K,   1% used [0x00007fd396840000, 0x00007fd3969610b0, 0x00007fd39ac80000)
  to   space 69888K,   0% used [0x00007fd39ac80000, 0x00007fd39ac80000, 0x00007fd39f0c0000)
 tenured generation   total 1398144K, used 1062181K [0x00007fd8c9b50000, 0x00007fd91f0b0000, 0x00007fe374600000)
   the space 1398144K,  75% used [0x00007fd8c9b50000, 0x00007fd90a8995a0, 0x00007fd90a899600, 0x00007fd91f0b0000)
 Metaspace       used 23277K, capacity 23674K, committed 23808K, reserved 24576K
}
Event: 8.114 GC heap after
{Heap after GC invocations=7 (full 2):
 def new generation   total 629248K, used 0K [0x00007fd374600000, 0x00007fd39f0c0000, 0x00007fd8c9b50000)
  eden space 559360K,   0% used [0x00007fd374600000, 0x00007fd374600000, 0x00007fd396840000)
  from space 69888K,   0% used [0x00007fd396840000, 0x00007fd396840000, 0x00007fd39ac80000)
  to   space 69888K,   0% used [0x00007fd39ac80000, 0x00007fd39ac80000, 0x00007fd39f0c0000)
 tenured generation   total 1398144K, used 539039K [0x00007fd8c9b50000, 0x00007fd91f0b0000, 0x00007fe374600000)
   the space 1398144K,  38% used [0x00007fd8c9b50000, 0x00007fd8ea9b7e80, 0x00007fd8ea9b8000, 0x00007fd91f0b0000)
 Metaspace       used 23277K, capacity 23674K, committed 23808K, reserved 24576K
}

