# JRE version: OpenJDK Runtime Environment (13.0.7+5) (build 13.0.7+5-Ubuntu-0ubuntu120.04)
# Java VM: OpenJDK 64-Bit Server VM (13.0.7+5-Ubuntu-0ubuntu120.04, mixed mode, tiered, serial gc, linux-amd64)
Heap:
 def new generation   total 9155328K, used 0K [0x00007fe190600000, 0x00007fe3fd420000, 0x00007fe6e5b50000)
  eden space 8138112K,   0% used [0x00007fe190600000, 0x00007fe190600000, 0x00007fe381160000)
  from space 1017216K,   0% used [0x00007fe3bf2c0000, 0x00007fe3bf2c0000, 0x00007fe3fd420000)
  to   space 1017216K,   0% used [0x00007fe381160000, 0x00007fe381160000, 0x00007fe3bf2c0000)
 tenured generation   total 21023908K, used 19333067K [0x00007fe6e5b50000, 0x00007febe8e79000, 0x00007ff190600000)
   the space 21023908K,  91% used [0x00007fe6e5b50000, 0x00007feb81b42c70, 0x00007feb81b42e00, 0x00007febe8e79000)
 Metaspace       used 30619K, capacity 31024K, committed 31232K, reserved 32768K
GC Heap History (20 events):
Event: 768.593 GC heap after
{Heap after GC invocations=94 (full 7):
 def new generation   total 9155328K, used 910023K [0x00007fe190600000, 0x00007fe3fd420000, 0x00007fe6e5b50000)
  eden space 8138112K,   0% used [0x00007fe190600000, 0x00007fe190600000, 0x00007fe381160000)
  from space 1017216K,  89% used [0x00007fe381160000, 0x00007fe3b8a11fd8, 0x00007fe3bf2c0000)
  to   space 1017216K,   0% used [0x00007fe3bf2c0000, 0x00007fe3bf2c0000, 0x00007fe3fd420000)
 tenured generation   total 20344996K, used 14267568K [0x00007fe6e5b50000, 0x00007febbf779000, 0x00007ff190600000)
   the space 20344996K,  70% used [0x00007fe6e5b50000, 0x00007fea4c87c058, 0x00007fea4c87c200, 0x00007febbf779000)
 Metaspace       used 30619K, capacity 31024K, committed 31232K, reserved 32768K
}
Event: 770.635 GC heap before
{Heap before GC invocations=94 (full 7):
 def new generation   total 9155328K, used 9048135K [0x00007fe190600000, 0x00007fe3fd420000, 0x00007fe6e5b50000)
  eden space 8138112K, 100% used [0x00007fe190600000, 0x00007fe381160000, 0x00007fe381160000)
  from space 1017216K,  89% used [0x00007fe381160000, 0x00007fe3b8a11fd8, 0x00007fe3bf2c0000)
  to   space 1017216K,   0% used [0x00007fe3bf2c0000, 0x00007fe3bf2c0000, 0x00007fe3fd420000)
 tenured generation   total 20344996K, used 14267568K [0x00007fe6e5b50000, 0x00007febbf779000, 0x00007ff190600000)
   the space 20344996K,  70% used [0x00007fe6e5b50000, 0x00007fea4c87c058, 0x00007fea4c87c200, 0x00007febbf779000)
 Metaspace       used 30619K, capacity 31024K, committed 31232K, reserved 32768K
}
Event: 773.035 GC heap after
{Heap after GC invocations=95 (full 7):
 def new generation   total 9155328K, used 617831K [0x00007fe190600000, 0x00007fe3fd420000, 0x00007fe6e5b50000)
  eden space 8138112K,   0% used [0x00007fe190600000, 0x00007fe190600000, 0x00007fe381160000)
  from space 1017216K,  60% used [0x00007fe3bf2c0000, 0x00007fe3e4e19f40, 0x00007fe3fd420000)
  to   space 1017216K,   0% used [0x00007fe381160000, 0x00007fe381160000, 0x00007fe3bf2c0000)
 tenured generation   total 20344996K, used 15177591K [0x00007fe6e5b50000, 0x00007febbf779000, 0x00007ff190600000)
   the space 20344996K,  74% used [0x00007fe6e5b50000, 0x00007fea8412dd30, 0x00007fea8412de00, 0x00007febbf779000)
 Metaspace       used 30619K, capacity 31024K, committed 31232K, reserved 32768K
}
Event: 775.098 GC heap before
{Heap before GC invocations=95 (full 7):
 def new generation   total 9155328K, used 8755943K [0x00007fe190600000, 0x00007fe3fd420000, 0x00007fe6e5b50000)
  eden space 8138112K, 100% used [0x00007fe190600000, 0x00007fe381160000, 0x00007fe381160000)
  from space 1017216K,  60% used [0x00007fe3bf2c0000, 0x00007fe3e4e19f40, 0x00007fe3fd420000)
  to   space 1017216K,   0% used [0x00007fe381160000, 0x00007fe381160000, 0x00007fe3bf2c0000)
 tenured generation   total 20344996K, used 15177591K [0x00007fe6e5b50000, 0x00007febbf779000, 0x00007ff190600000)
   the space 20344996K,  74% used [0x00007fe6e5b50000, 0x00007fea8412dd30, 0x00007fea8412de00, 0x00007febbf779000)
 Metaspace       used 30619K, capacity 31024K, committed 31232K, reserved 32768K
}
Event: 777.184 GC heap after
{Heap after GC invocations=96 (full 7):
 def new generation   total 9155328K, used 620381K [0x00007fe190600000, 0x00007fe3fd420000, 0x00007fe6e5b50000)
  eden space 8138112K,   0% used [0x00007fe190600000, 0x00007fe190600000, 0x00007fe381160000)
  from space 1017216K,  60% used [0x00007fe381160000, 0x00007fe3a6f37500, 0x00007fe3bf2c0000)
  to   space 1017216K,   0% used [0x00007fe3bf2c0000, 0x00007fe3bf2c0000, 0x00007fe3fd420000)
 tenured generation   total 20344996K, used 15795422K [0x00007fe6e5b50000, 0x00007febbf779000, 0x00007ff190600000)
   the space 20344996K,  77% used [0x00007fe6e5b50000, 0x00007feaa9c87910, 0x00007feaa9c87a00, 0x00007febbf779000)
 Metaspace       used 30619K, capacity 31024K, committed 31232K, reserved 32768K
}
Event: 779.758 GC heap before
{Heap before GC invocations=96 (full 7):
 def new generation   total 9155328K, used 8758493K [0x00007fe190600000, 0x00007fe3fd420000, 0x00007fe6e5b50000)
  eden space 8138112K, 100% used [0x00007fe190600000, 0x00007fe381160000, 0x00007fe381160000)
  from space 1017216K,  60% used [0x00007fe381160000, 0x00007fe3a6f37500, 0x00007fe3bf2c0000)
  to   space 1017216K,   0% used [0x00007fe3bf2c0000, 0x00007fe3bf2c0000, 0x00007fe3fd420000)
 tenured generation   total 20344996K, used 15795422K [0x00007fe6e5b50000, 0x00007febbf779000, 0x00007ff190600000)
   the space 20344996K,  77% used [0x00007fe6e5b50000, 0x00007feaa9c87910, 0x00007feaa9c87a00, 0x00007febbf779000)
 Metaspace       used 30619K, capacity 31024K, committed 31232K, reserved 32768K
}
Event: 782.774 GC heap after
{Heap after GC invocations=97 (full 7):
 def new generation   total 9155328K, used 1017215K [0x00007fe190600000, 0x00007fe3fd420000, 0x00007fe6e5b50000)
  eden space 8138112K,   0% used [0x00007fe190600000, 0x00007fe190600000, 0x00007fe381160000)
  from space 1017216K,  99% used [0x00007fe3bf2c0000, 0x00007fe3fd41fff0, 0x00007fe3fd420000)
  to   space 1017216K,   0% used [0x00007fe381160000, 0x00007fe381160000, 0x00007fe3bf2c0000)
 tenured generation   total 20344996K, used 16423091K [0x00007fe6e5b50000, 0x00007febbf779000, 0x00007ff190600000)
   the space 20344996K,  80% used [0x00007fe6e5b50000, 0x00007fead017cd40, 0x00007fead017ce00, 0x00007febbf779000)
 Metaspace       used 30619K, capacity 31024K, committed 31232K, reserved 32768K
}
Event: 785.103 GC heap before
{Heap before GC invocations=97 (full 7):
 def new generation   total 9155328K, used 9155327K [0x00007fe190600000, 0x00007fe3fd420000, 0x00007fe6e5b50000)
  eden space 8138112K, 100% used [0x00007fe190600000, 0x00007fe381160000, 0x00007fe381160000)
  from space 1017216K,  99% used [0x00007fe3bf2c0000, 0x00007fe3fd41fff0, 0x00007fe3fd420000)
  to   space 1017216K,   0% used [0x00007fe381160000, 0x00007fe381160000, 0x00007fe3bf2c0000)
 tenured generation   total 20344996K, used 16423091K [0x00007fe6e5b50000, 0x00007febbf779000, 0x00007ff190600000)
   the space 20344996K,  80% used [0x00007fe6e5b50000, 0x00007fead017cd40, 0x00007fead017ce00, 0x00007febbf779000)
 Metaspace       used 30619K, capacity 31024K, committed 31232K, reserved 32768K
}
Event: 787.607 GC heap after
{Heap after GC invocations=98 (full 7):
 def new generation   total 9155328K, used 595682K [0x00007fe190600000, 0x00007fe3fd420000, 0x00007fe6e5b50000)
  eden space 8138112K,   0% used [0x00007fe190600000, 0x00007fe190600000, 0x00007fe381160000)
  from space 1017216K,  58% used [0x00007fe381160000, 0x00007fe3a5718890, 0x00007fe3bf2c0000)
  to   space 1017216K,   0% used [0x00007fe3bf2c0000, 0x00007fe3bf2c0000, 0x00007fe3fd420000)
 tenured generation   total 20344996K, used 17440306K [0x00007fe6e5b50000, 0x00007febbf779000, 0x00007ff190600000)
   the space 20344996K,  85% used [0x00007fe6e5b50000, 0x00007feb0e2dc970, 0x00007feb0e2dca00, 0x00007febbf779000)
 Metaspace       used 30619K, capacity 31024K, committed 31232K, reserved 32768K
}
Event: 789.641 GC heap before
{Heap before GC invocations=98 (full 7):
 def new generation   total 9155328K, used 8733794K [0x00007fe190600000, 0x00007fe3fd420000, 0x00007fe6e5b50000)
  eden space 8138112K, 100% used [0x00007fe190600000, 0x00007fe381160000, 0x00007fe381160000)
  from space 1017216K,  58% used [0x00007fe381160000, 0x00007fe3a5718890, 0x00007fe3bf2c0000)
  to   space 1017216K,   0% used [0x00007fe3bf2c0000, 0x00007fe3bf2c0000, 0x00007fe3fd420000)
 tenured generation   total 20344996K, used 17440306K [0x00007fe6e5b50000, 0x00007febbf779000, 0x00007ff190600000)
   the space 20344996K,  85% used [0x00007fe6e5b50000, 0x00007feb0e2dc970, 0x00007feb0e2dca00, 0x00007febbf779000)
 Metaspace       used 30619K, capacity 31024K, committed 31232K, reserved 32768K
}
Event: 791.769 GC heap after
{Heap after GC invocations=99 (full 7):
 def new generation   total 9155328K, used 612567K [0x00007fe190600000, 0x00007fe3fd420000, 0x00007fe6e5b50000)
  eden space 8138112K,   0% used [0x00007fe190600000, 0x00007fe190600000, 0x00007fe381160000)
  from space 1017216K,  60% used [0x00007fe3bf2c0000, 0x00007fe3e48f5f70, 0x00007fe3fd420000)
  to   space 1017216K,   0% used [0x00007fe381160000, 0x00007fe381160000, 0x00007fe3bf2c0000)
 tenured generation   total 20344996K, used 18035987K [0x00007fe6e5b50000, 0x00007febbf779000, 0x00007ff190600000)
   the space 20344996K,  88% used [0x00007fe6e5b50000, 0x00007feb32894e40, 0x00007feb32895000, 0x00007febbf779000)
 Metaspace       used 30619K, capacity 31024K, committed 31232K, reserved 32768K
}
Event: 793.763 GC heap before
{Heap before GC invocations=99 (full 7):
 def new generation   total 9155328K, used 8750679K [0x00007fe190600000, 0x00007fe3fd420000, 0x00007fe6e5b50000)
  eden space 8138112K, 100% used [0x00007fe190600000, 0x00007fe381160000, 0x00007fe381160000)
  from space 1017216K,  60% used [0x00007fe3bf2c0000, 0x00007fe3e48f5f70, 0x00007fe3fd420000)
  to   space 1017216K,   0% used [0x00007fe381160000, 0x00007fe381160000, 0x00007fe3bf2c0000)
 tenured generation   total 20344996K, used 18035987K [0x00007fe6e5b50000, 0x00007febbf779000, 0x00007ff190600000)
   the space 20344996K,  88% used [0x00007fe6e5b50000, 0x00007feb32894e40, 0x00007feb32895000, 0x00007febbf779000)
 Metaspace       used 30619K, capacity 31024K, committed 31232K, reserved 32768K
}
Event: 795.883 GC heap after
{Heap after GC invocations=100 (full 7):
 def new generation   total 9155328K, used 614832K [0x00007fe190600000, 0x00007fe3fd420000, 0x00007fe6e5b50000)
  eden space 8138112K,   0% used [0x00007fe190600000, 0x00007fe190600000, 0x00007fe381160000)
  from space 1017216K,  60% used [0x00007fe381160000, 0x00007fe3a69cc2d0, 0x00007fe3bf2c0000)
  to   space 1017216K,   0% used [0x00007fe3bf2c0000, 0x00007fe3bf2c0000, 0x00007fe3fd420000)
 tenured generation   total 20344996K, used 18648554K [0x00007fe6e5b50000, 0x00007febbf779000, 0x00007ff190600000)
   the space 20344996K,  91% used [0x00007fe6e5b50000, 0x00007feb57ecab00, 0x00007feb57ecac00, 0x00007febbf779000)
 Metaspace       used 30619K, capacity 31024K, committed 31232K, reserved 32768K
}
Event: 797.906 GC heap before
{Heap before GC invocations=100 (full 7):
 def new generation   total 9155328K, used 8752944K [0x00007fe190600000, 0x00007fe3fd420000, 0x00007fe6e5b50000)
  eden space 8138112K, 100% used [0x00007fe190600000, 0x00007fe381160000, 0x00007fe381160000)
  from space 1017216K,  60% used [0x00007fe381160000, 0x00007fe3a69cc2d0, 0x00007fe3bf2c0000)
  to   space 1017216K,   0% used [0x00007fe3bf2c0000, 0x00007fe3bf2c0000, 0x00007fe3fd420000)
 tenured generation   total 20344996K, used 18648554K [0x00007fe6e5b50000, 0x00007febbf779000, 0x00007ff190600000)
   the space 20344996K,  91% used [0x00007fe6e5b50000, 0x00007feb57ecab00, 0x00007feb57ecac00, 0x00007febbf779000)
 Metaspace       used 30619K, capacity 31024K, committed 31232K, reserved 32768K
}
Event: 800.042 GC heap after
{Heap after GC invocations=101 (full 7):
 def new generation   total 9155328K, used 650829K [0x00007fe190600000, 0x00007fe3fd420000, 0x00007fe6e5b50000)
  eden space 8138112K,   0% used [0x00007fe190600000, 0x00007fe190600000, 0x00007fe381160000)
  from space 1017216K,  63% used [0x00007fe3bf2c0000, 0x00007fe3e6e535a0, 0x00007fe3fd420000)
  to   space 1017216K,   0% used [0x00007fe381160000, 0x00007fe381160000, 0x00007fe3bf2c0000)
 tenured generation   total 20344996K, used 19263387K [0x00007fe6e5b50000, 0x00007febbf779000, 0x00007ff190600000)
   the space 20344996K,  94% used [0x00007fe6e5b50000, 0x00007feb7d736d10, 0x00007feb7d736e00, 0x00007febbf779000)
 Metaspace       used 30619K, capacity 31024K, committed 31232K, reserved 32768K
}
Event: 802.423 GC heap before
{Heap before GC invocations=101 (full 7):
 def new generation   total 9155328K, used 8788941K [0x00007fe190600000, 0x00007fe3fd420000, 0x00007fe6e5b50000)
  eden space 8138112K, 100% used [0x00007fe190600000, 0x00007fe381160000, 0x00007fe381160000)
  from space 1017216K,  63% used [0x00007fe3bf2c0000, 0x00007fe3e6e535a0, 0x00007fe3fd420000)
  to   space 1017216K,   0% used [0x00007fe381160000, 0x00007fe381160000, 0x00007fe3bf2c0000)
 tenured generation   total 20344996K, used 19263387K [0x00007fe6e5b50000, 0x00007febbf779000, 0x00007ff190600000)
   the space 20344996K,  94% used [0x00007fe6e5b50000, 0x00007feb7d736d10, 0x00007feb7d736e00, 0x00007febbf779000)
 Metaspace       used 30619K, capacity 31024K, committed 31232K, reserved 32768K
}
Event: 805.462 GC heap after
{Heap after GC invocations=102 (full 7):
 def new generation   total 9155328K, used 1017216K [0x00007fe190600000, 0x00007fe3fd420000, 0x00007fe6e5b50000)
  eden space 8138112K,   0% used [0x00007fe190600000, 0x00007fe190600000, 0x00007fe381160000)
  from space 1017216K, 100% used [0x00007fe381160000, 0x00007fe3bf2c0000, 0x00007fe3bf2c0000)
  to   space 1017216K,   0% used [0x00007fe3bf2c0000, 0x00007fe3bf2c0000, 0x00007fe3fd420000)
 tenured generation   total 20344996K, used 20006520K [0x00007fe6e5b50000, 0x00007febbf779000, 0x00007ff190600000)
   the space 20344996K,  98% used [0x00007fe6e5b50000, 0x00007febaacee340, 0x00007febaacee400, 0x00007febbf779000)
 Metaspace       used 30619K, capacity 31024K, committed 31232K, reserved 32768K
}
Event: 807.644 GC heap before
{Heap before GC invocations=102 (full 7):
 def new generation   total 9155328K, used 9155328K [0x00007fe190600000, 0x00007fe3fd420000, 0x00007fe6e5b50000)
  eden space 8138112K, 100% used [0x00007fe190600000, 0x00007fe381160000, 0x00007fe381160000)
  from space 1017216K, 100% used [0x00007fe381160000, 0x00007fe3bf2c0000, 0x00007fe3bf2c0000)
  to   space 1017216K,   0% used [0x00007fe3bf2c0000, 0x00007fe3bf2c0000, 0x00007fe3fd420000)
 tenured generation   total 20344996K, used 20006520K [0x00007fe6e5b50000, 0x00007febbf779000, 0x00007ff190600000)
   the space 20344996K,  98% used [0x00007fe6e5b50000, 0x00007febaacee340, 0x00007febaacee400, 0x00007febbf779000)
 Metaspace       used 30619K, capacity 31024K, committed 31232K, reserved 32768K
}
Event: 810.171 GC heap after
{Heap after GC invocations=103 (full 7):
 def new generation   total 9155328K, used 619071K [0x00007fe190600000, 0x00007fe3fd420000, 0x00007fe6e5b50000)
  eden space 8138112K,   0% used [0x00007fe190600000, 0x00007fe190600000, 0x00007fe381160000)
  from space 1017216K,  60% used [0x00007fe3bf2c0000, 0x00007fe3e4f4fe70, 0x00007fe3fd420000)
  to   space 1017216K,   0% used [0x00007fe381160000, 0x00007fe381160000, 0x00007fe3bf2c0000)
 tenured generation   total 21023908K, used 21023735K [0x00007fe6e5b50000, 0x00007febe8e79000, 0x00007ff190600000)
   the space 21023908K,  99% used [0x00007fe6e5b50000, 0x00007febe8e4dfa0, 0x00007febe8e4e000, 0x00007febe8e79000)
 Metaspace       used 30619K, capacity 31024K, committed 31232K, reserved 32768K
}
Event: 810.171 GC heap before
{Heap before GC invocations=103 (full 7):
 def new generation   total 9155328K, used 619071K [0x00007fe190600000, 0x00007fe3fd420000, 0x00007fe6e5b50000)
  eden space 8138112K,   0% used [0x00007fe190600000, 0x00007fe190600000, 0x00007fe381160000)
  from space 1017216K,  60% used [0x00007fe3bf2c0000, 0x00007fe3e4f4fe70, 0x00007fe3fd420000)
  to   space 1017216K,   0% used [0x00007fe381160000, 0x00007fe381160000, 0x00007fe3bf2c0000)
 tenured generation   total 21023908K, used 21023735K [0x00007fe6e5b50000, 0x00007febe8e79000, 0x00007ff190600000)
   the space 21023908K,  99% used [0x00007fe6e5b50000, 0x00007febe8e4dfa0, 0x00007febe8e4e000, 0x00007febe8e79000)
 Metaspace       used 30619K, capacity 31024K, committed 31232K, reserved 32768K
}

