# JRE version: OpenJDK Runtime Environment (13.0.7+5) (build 13.0.7+5-Ubuntu-0ubuntu120.04)
# Java VM: OpenJDK 64-Bit Server VM (13.0.7+5-Ubuntu-0ubuntu120.04, mixed mode, tiered, serial gc, linux-amd64)
Heap:
 def new generation   total 2898752K, used 8710K [0x00007f6da8600000, 0x00007f6e6cf50000, 0x00007f72fdb50000)
  eden space 2576704K,   0% used [0x00007f6da8600000, 0x00007f6da8e818f8, 0x00007f6e45a50000)
  from space 322048K,   0% used [0x00007f6e594d0000, 0x00007f6e594d0000, 0x00007f6e6cf50000)
  to   space 322048K,   0% used [0x00007f6e45a50000, 0x00007f6e45a50000, 0x00007f6e594d0000)
 tenured generation   total 6442072K, used 6442071K [0x00007f72fdb50000, 0x00007f7486e66000, 0x00007f7da8600000)
   the space 6442072K,  99% used [0x00007f72fdb50000, 0x00007f7486e65fc8, 0x00007f7486e66000, 0x00007f7486e66000)
 Metaspace       used 24187K, capacity 24577K, committed 24832K, reserved 26624K
GC Heap History (20 events):
Event: 28137.675 GC heap after
{Heap after GC invocations=23871 (full 4):
 def new generation   total 2898752K, used 8933K [0x00007f6da8600000, 0x00007f6e6cf50000, 0x00007f72fdb50000)
  eden space 2576704K,   0% used [0x00007f6da8600000, 0x00007f6da8600000, 0x00007f6e45a50000)
  from space 322048K,   2% used [0x00007f6e45a50000, 0x00007f6e46309578, 0x00007f6e594d0000)
  to   space 322048K,   0% used [0x00007f6e594d0000, 0x00007f6e594d0000, 0x00007f6e6cf50000)
 tenured generation   total 6441496K, used 6436579K [0x00007f72fdb50000, 0x00007f7486dd6000, 0x00007f7da8600000)
   the space 6441496K,  99% used [0x00007f72fdb50000, 0x00007f7486908dc8, 0x00007f7486908e00, 0x00007f7486dd6000)
 Metaspace       used 24187K, capacity 24577K, committed 24832K, reserved 26624K
}
Event: 28140.226 GC heap before
{Heap before GC invocations=23871 (full 4):
 def new generation   total 2898752K, used 2585637K [0x00007f6da8600000, 0x00007f6e6cf50000, 0x00007f72fdb50000)
  eden space 2576704K, 100% used [0x00007f6da8600000, 0x00007f6e45a50000, 0x00007f6e45a50000)
  from space 322048K,   2% used [0x00007f6e45a50000, 0x00007f6e46309578, 0x00007f6e594d0000)
  to   space 322048K,   0% used [0x00007f6e594d0000, 0x00007f6e594d0000, 0x00007f6e6cf50000)
 tenured generation   total 6441496K, used 6436579K [0x00007f72fdb50000, 0x00007f7486dd6000, 0x00007f7da8600000)
   the space 6441496K,  99% used [0x00007f72fdb50000, 0x00007f7486908dc8, 0x00007f7486908e00, 0x00007f7486dd6000)
 Metaspace       used 24187K, capacity 24577K, committed 24832K, reserved 26624K
}
Event: 28140.254 GC heap after
{Heap after GC invocations=23872 (full 4):
 def new generation   total 2898752K, used 8918K [0x00007f6da8600000, 0x00007f6e6cf50000, 0x00007f72fdb50000)
  eden space 2576704K,   0% used [0x00007f6da8600000, 0x00007f6da8600000, 0x00007f6e45a50000)
  from space 322048K,   2% used [0x00007f6e594d0000, 0x00007f6e59d85bf8, 0x00007f6e6cf50000)
  to   space 322048K,   0% used [0x00007f6e45a50000, 0x00007f6e45a50000, 0x00007f6e594d0000)
 tenured generation   total 6441496K, used 6437164K [0x00007f72fdb50000, 0x00007f7486dd6000, 0x00007f7da8600000)
   the space 6441496K,  99% used [0x00007f72fdb50000, 0x00007f748699b0d8, 0x00007f748699b200, 0x00007f7486dd6000)
 Metaspace       used 24187K, capacity 24577K, committed 24832K, reserved 26624K
}
Event: 28142.793 GC heap before
{Heap before GC invocations=23872 (full 4):
 def new generation   total 2898752K, used 2585622K [0x00007f6da8600000, 0x00007f6e6cf50000, 0x00007f72fdb50000)
  eden space 2576704K, 100% used [0x00007f6da8600000, 0x00007f6e45a50000, 0x00007f6e45a50000)
  from space 322048K,   2% used [0x00007f6e594d0000, 0x00007f6e59d85bf8, 0x00007f6e6cf50000)
  to   space 322048K,   0% used [0x00007f6e45a50000, 0x00007f6e45a50000, 0x00007f6e594d0000)
 tenured generation   total 6441496K, used 6437164K [0x00007f72fdb50000, 0x00007f7486dd6000, 0x00007f7da8600000)
   the space 6441496K,  99% used [0x00007f72fdb50000, 0x00007f748699b0d8, 0x00007f748699b200, 0x00007f7486dd6000)
 Metaspace       used 24187K, capacity 24577K, committed 24832K, reserved 26624K
}
Event: 28142.823 GC heap after
{Heap after GC invocations=23873 (full 4):
 def new generation   total 2898752K, used 8921K [0x00007f6da8600000, 0x00007f6e6cf50000, 0x00007f72fdb50000)
  eden space 2576704K,   0% used [0x00007f6da8600000, 0x00007f6da8600000, 0x00007f6e45a50000)
  from space 322048K,   2% used [0x00007f6e45a50000, 0x00007f6e46306560, 0x00007f6e594d0000)
  to   space 322048K,   0% used [0x00007f6e594d0000, 0x00007f6e594d0000, 0x00007f6e6cf50000)
 tenured generation   total 6441496K, used 6437748K [0x00007f72fdb50000, 0x00007f7486dd6000, 0x00007f7da8600000)
   the space 6441496K,  99% used [0x00007f72fdb50000, 0x00007f7486a2d3e8, 0x00007f7486a2d400, 0x00007f7486dd6000)
 Metaspace       used 24187K, capacity 24577K, committed 24832K, reserved 26624K
}
Event: 28145.378 GC heap before
{Heap before GC invocations=23873 (full 4):
 def new generation   total 2898752K, used 2585625K [0x00007f6da8600000, 0x00007f6e6cf50000, 0x00007f72fdb50000)
  eden space 2576704K, 100% used [0x00007f6da8600000, 0x00007f6e45a50000, 0x00007f6e45a50000)
  from space 322048K,   2% used [0x00007f6e45a50000, 0x00007f6e46306560, 0x00007f6e594d0000)
  to   space 322048K,   0% used [0x00007f6e594d0000, 0x00007f6e594d0000, 0x00007f6e6cf50000)
 tenured generation   total 6441496K, used 6437748K [0x00007f72fdb50000, 0x00007f7486dd6000, 0x00007f7da8600000)
   the space 6441496K,  99% used [0x00007f72fdb50000, 0x00007f7486a2d3e8, 0x00007f7486a2d400, 0x00007f7486dd6000)
 Metaspace       used 24187K, capacity 24577K, committed 24832K, reserved 26624K
}
Event: 28145.411 GC heap after
{Heap after GC invocations=23874 (full 4):
 def new generation   total 2898752K, used 8904K [0x00007f6da8600000, 0x00007f6e6cf50000, 0x00007f72fdb50000)
  eden space 2576704K,   0% used [0x00007f6da8600000, 0x00007f6da8600000, 0x00007f6e45a50000)
  from space 322048K,   2% used [0x00007f6e594d0000, 0x00007f6e59d82058, 0x00007f6e6cf50000)
  to   space 322048K,   0% used [0x00007f6e45a50000, 0x00007f6e45a50000, 0x00007f6e594d0000)
 tenured generation   total 6441496K, used 6438353K [0x00007f72fdb50000, 0x00007f7486dd6000, 0x00007f7da8600000)
   the space 6441496K,  99% used [0x00007f72fdb50000, 0x00007f7486ac44f0, 0x00007f7486ac4600, 0x00007f7486dd6000)
 Metaspace       used 24187K, capacity 24577K, committed 24832K, reserved 26624K
}
Event: 28147.917 GC heap before
{Heap before GC invocations=23874 (full 4):
 def new generation   total 2898752K, used 2585608K [0x00007f6da8600000, 0x00007f6e6cf50000, 0x00007f72fdb50000)
  eden space 2576704K, 100% used [0x00007f6da8600000, 0x00007f6e45a50000, 0x00007f6e45a50000)
  from space 322048K,   2% used [0x00007f6e594d0000, 0x00007f6e59d82058, 0x00007f6e6cf50000)
  to   space 322048K,   0% used [0x00007f6e45a50000, 0x00007f6e45a50000, 0x00007f6e594d0000)
 tenured generation   total 6441496K, used 6438353K [0x00007f72fdb50000, 0x00007f7486dd6000, 0x00007f7da8600000)
   the space 6441496K,  99% used [0x00007f72fdb50000, 0x00007f7486ac44f0, 0x00007f7486ac4600, 0x00007f7486dd6000)
 Metaspace       used 24187K, capacity 24577K, committed 24832K, reserved 26624K
}
Event: 28147.946 GC heap after
{Heap after GC invocations=23875 (full 4):
 def new generation   total 2898752K, used 8914K [0x00007f6da8600000, 0x00007f6e6cf50000, 0x00007f72fdb50000)
  eden space 2576704K,   0% used [0x00007f6da8600000, 0x00007f6da8600000, 0x00007f6e45a50000)
  from space 322048K,   2% used [0x00007f6e45a50000, 0x00007f6e46304af8, 0x00007f6e594d0000)
  to   space 322048K,   0% used [0x00007f6e594d0000, 0x00007f6e594d0000, 0x00007f6e6cf50000)
 tenured generation   total 6441496K, used 6438938K [0x00007f72fdb50000, 0x00007f7486dd6000, 0x00007f7da8600000)
   the space 6441496K,  99% used [0x00007f72fdb50000, 0x00007f7486b56800, 0x00007f7486b56800, 0x00007f7486dd6000)
 Metaspace       used 24187K, capacity 24577K, committed 24832K, reserved 26624K
}
Event: 28150.476 GC heap before
{Heap before GC invocations=23875 (full 4):
 def new generation   total 2898752K, used 2585618K [0x00007f6da8600000, 0x00007f6e6cf50000, 0x00007f72fdb50000)
  eden space 2576704K, 100% used [0x00007f6da8600000, 0x00007f6e45a50000, 0x00007f6e45a50000)
  from space 322048K,   2% used [0x00007f6e45a50000, 0x00007f6e46304af8, 0x00007f6e594d0000)
  to   space 322048K,   0% used [0x00007f6e594d0000, 0x00007f6e594d0000, 0x00007f6e6cf50000)
 tenured generation   total 6441496K, used 6438938K [0x00007f72fdb50000, 0x00007f7486dd6000, 0x00007f7da8600000)
   the space 6441496K,  99% used [0x00007f72fdb50000, 0x00007f7486b56800, 0x00007f7486b56800, 0x00007f7486dd6000)
 Metaspace       used 24187K, capacity 24577K, committed 24832K, reserved 26624K
}
Event: 28150.504 GC heap after
{Heap after GC invocations=23876 (full 4):
 def new generation   total 2898752K, used 8920K [0x00007f6da8600000, 0x00007f6e6cf50000, 0x00007f72fdb50000)
  eden space 2576704K,   0% used [0x00007f6da8600000, 0x00007f6da8600000, 0x00007f6e45a50000)
  from space 322048K,   2% used [0x00007f6e594d0000, 0x00007f6e59d862d0, 0x00007f6e6cf50000)
  to   space 322048K,   0% used [0x00007f6e45a50000, 0x00007f6e45a50000, 0x00007f6e594d0000)
 tenured generation   total 6441496K, used 6439522K [0x00007f72fdb50000, 0x00007f7486dd6000, 0x00007f7da8600000)
   the space 6441496K,  99% used [0x00007f72fdb50000, 0x00007f7486be8b10, 0x00007f7486be8c00, 0x00007f7486dd6000)
 Metaspace       used 24187K, capacity 24577K, committed 24832K, reserved 26624K
}
Event: 28153.056 GC heap before
{Heap before GC invocations=23876 (full 4):
 def new generation   total 2898752K, used 2585624K [0x00007f6da8600000, 0x00007f6e6cf50000, 0x00007f72fdb50000)
  eden space 2576704K, 100% used [0x00007f6da8600000, 0x00007f6e45a50000, 0x00007f6e45a50000)
  from space 322048K,   2% used [0x00007f6e594d0000, 0x00007f6e59d862d0, 0x00007f6e6cf50000)
  to   space 322048K,   0% used [0x00007f6e45a50000, 0x00007f6e45a50000, 0x00007f6e594d0000)
 tenured generation   total 6441496K, used 6439522K [0x00007f72fdb50000, 0x00007f7486dd6000, 0x00007f7da8600000)
   the space 6441496K,  99% used [0x00007f72fdb50000, 0x00007f7486be8b10, 0x00007f7486be8c00, 0x00007f7486dd6000)
 Metaspace       used 24187K, capacity 24577K, committed 24832K, reserved 26624K
}
Event: 28153.079 GC heap after
{Heap after GC invocations=23877 (full 4):
 def new generation   total 2898752K, used 8922K [0x00007f6da8600000, 0x00007f6e6cf50000, 0x00007f72fdb50000)
  eden space 2576704K,   0% used [0x00007f6da8600000, 0x00007f6da8600000, 0x00007f6e45a50000)
  from space 322048K,   2% used [0x00007f6e45a50000, 0x00007f6e46306af8, 0x00007f6e594d0000)
  to   space 322048K,   0% used [0x00007f6e594d0000, 0x00007f6e594d0000, 0x00007f6e6cf50000)
 tenured generation   total 6441496K, used 6440107K [0x00007f72fdb50000, 0x00007f7486dd6000, 0x00007f7da8600000)
   the space 6441496K,  99% used [0x00007f72fdb50000, 0x00007f7486c7ae20, 0x00007f7486c7b000, 0x00007f7486dd6000)
 Metaspace       used 24187K, capacity 24577K, committed 24832K, reserved 26624K
}
Event: 28155.607 GC heap before
{Heap before GC invocations=23877 (full 4):
 def new generation   total 2898752K, used 2585626K [0x00007f6da8600000, 0x00007f6e6cf50000, 0x00007f72fdb50000)
  eden space 2576704K, 100% used [0x00007f6da8600000, 0x00007f6e45a50000, 0x00007f6e45a50000)
  from space 322048K,   2% used [0x00007f6e45a50000, 0x00007f6e46306af8, 0x00007f6e594d0000)
  to   space 322048K,   0% used [0x00007f6e594d0000, 0x00007f6e594d0000, 0x00007f6e6cf50000)
 tenured generation   total 6441496K, used 6440107K [0x00007f72fdb50000, 0x00007f7486dd6000, 0x00007f7da8600000)
   the space 6441496K,  99% used [0x00007f72fdb50000, 0x00007f7486c7ae20, 0x00007f7486c7b000, 0x00007f7486dd6000)
 Metaspace       used 24187K, capacity 24577K, committed 24832K, reserved 26624K
}
Event: 28155.637 GC heap after
{Heap after GC invocations=23878 (full 4):
 def new generation   total 2898752K, used 8904K [0x00007f6da8600000, 0x00007f6e6cf50000, 0x00007f72fdb50000)
  eden space 2576704K,   0% used [0x00007f6da8600000, 0x00007f6da8600000, 0x00007f6e45a50000)
  from space 322048K,   2% used [0x00007f6e594d0000, 0x00007f6e59d82258, 0x00007f6e6cf50000)
  to   space 322048K,   0% used [0x00007f6e45a50000, 0x00007f6e45a50000, 0x00007f6e594d0000)
 tenured generation   total 6441496K, used 6440711K [0x00007f72fdb50000, 0x00007f7486dd6000, 0x00007f7da8600000)
   the space 6441496K,  99% used [0x00007f72fdb50000, 0x00007f7486d11f28, 0x00007f7486d12000, 0x00007f7486dd6000)
 Metaspace       used 24187K, capacity 24577K, committed 24832K, reserved 26624K
}
Event: 28158.293 GC heap before
{Heap before GC invocations=23878 (full 4):
 def new generation   total 2898752K, used 2585608K [0x00007f6da8600000, 0x00007f6e6cf50000, 0x00007f72fdb50000)
  eden space 2576704K, 100% used [0x00007f6da8600000, 0x00007f6e45a50000, 0x00007f6e45a50000)
  from space 322048K,   2% used [0x00007f6e594d0000, 0x00007f6e59d82258, 0x00007f6e6cf50000)
  to   space 322048K,   0% used [0x00007f6e45a50000, 0x00007f6e45a50000, 0x00007f6e594d0000)
 tenured generation   total 6441496K, used 6440711K [0x00007f72fdb50000, 0x00007f7486dd6000, 0x00007f7da8600000)
   the space 6441496K,  99% used [0x00007f72fdb50000, 0x00007f7486d11f28, 0x00007f7486d12000, 0x00007f7486dd6000)
 Metaspace       used 24187K, capacity 24577K, committed 24832K, reserved 26624K
}
Event: 28158.321 GC heap after
{Heap after GC invocations=23879 (full 4):
 def new generation   total 2898752K, used 8907K [0x00007f6da8600000, 0x00007f6e6cf50000, 0x00007f72fdb50000)
  eden space 2576704K,   0% used [0x00007f6da8600000, 0x00007f6da8600000, 0x00007f6e45a50000)
  from space 322048K,   2% used [0x00007f6e45a50000, 0x00007f6e46302de8, 0x00007f6e594d0000)
  to   space 322048K,   0% used [0x00007f6e594d0000, 0x00007f6e594d0000, 0x00007f6e6cf50000)
 tenured generation   total 6441496K, used 6441296K [0x00007f72fdb50000, 0x00007f7486dd6000, 0x00007f7da8600000)
   the space 6441496K,  99% used [0x00007f72fdb50000, 0x00007f7486da4238, 0x00007f7486da4400, 0x00007f7486dd6000)
 Metaspace       used 24187K, capacity 24577K, committed 24832K, reserved 26624K
}
Event: 28160.928 GC heap before
{Heap before GC invocations=23879 (full 4):
 def new generation   total 2898752K, used 2585611K [0x00007f6da8600000, 0x00007f6e6cf50000, 0x00007f72fdb50000)
  eden space 2576704K, 100% used [0x00007f6da8600000, 0x00007f6e45a50000, 0x00007f6e45a50000)
  from space 322048K,   2% used [0x00007f6e45a50000, 0x00007f6e46302de8, 0x00007f6e594d0000)
  to   space 322048K,   0% used [0x00007f6e594d0000, 0x00007f6e594d0000, 0x00007f6e6cf50000)
 tenured generation   total 6441496K, used 6441296K [0x00007f72fdb50000, 0x00007f7486dd6000, 0x00007f7da8600000)
   the space 6441496K,  99% used [0x00007f72fdb50000, 0x00007f7486da4238, 0x00007f7486da4400, 0x00007f7486dd6000)
 Metaspace       used 24187K, capacity 24577K, committed 24832K, reserved 26624K
}
Event: 28160.956 GC heap after
{Heap after GC invocations=23880 (full 4):
 def new generation   total 2898752K, used 8916K [0x00007f6da8600000, 0x00007f6e6cf50000, 0x00007f72fdb50000)
  eden space 2576704K,   0% used [0x00007f6da8600000, 0x00007f6da8600000, 0x00007f6e45a50000)
  from space 322048K,   2% used [0x00007f6e594d0000, 0x00007f6e59d85228, 0x00007f6e6cf50000)
  to   space 322048K,   0% used [0x00007f6e45a50000, 0x00007f6e45a50000, 0x00007f6e594d0000)
 tenured generation   total 6442072K, used 6441885K [0x00007f72fdb50000, 0x00007f7486e66000, 0x00007f7da8600000)
   the space 6442072K,  99% used [0x00007f72fdb50000, 0x00007f7486e37688, 0x00007f7486e37800, 0x00007f7486e66000)
 Metaspace       used 24187K, capacity 24577K, committed 24832K, reserved 26624K
}
Event: 28160.956 GC heap before
{Heap before GC invocations=23880 (full 4):
 def new generation   total 2898752K, used 8916K [0x00007f6da8600000, 0x00007f6e6cf50000, 0x00007f72fdb50000)
  eden space 2576704K,   0% used [0x00007f6da8600000, 0x00007f6da8600000, 0x00007f6e45a50000)
  from space 322048K,   2% used [0x00007f6e594d0000, 0x00007f6e59d85228, 0x00007f6e6cf50000)
  to   space 322048K,   0% used [0x00007f6e45a50000, 0x00007f6e45a50000, 0x00007f6e594d0000)
 tenured generation   total 6442072K, used 6441885K [0x00007f72fdb50000, 0x00007f7486e66000, 0x00007f7da8600000)
   the space 6442072K,  99% used [0x00007f72fdb50000, 0x00007f7486e37688, 0x00007f7486e37800, 0x00007f7486e66000)
 Metaspace       used 24187K, capacity 24577K, committed 24832K, reserved 26624K
}

