# JRE version: OpenJDK Runtime Environment (13.0.7+5) (build 13.0.7+5-Ubuntu-0ubuntu120.04)
# Java VM: OpenJDK 64-Bit Server VM (13.0.7+5-Ubuntu-0ubuntu120.04, mixed mode, tiered, serial gc, linux-amd64)
Heap:
 def new generation   total 1579840K, used 0K [0x00007ef428600000, 0x00007ef493830000, 0x00007ef97db50000)
  eden space 1404352K,   0% used [0x00007ef428600000, 0x00007ef428600000, 0x00007ef47e170000)
  from space 175488K,   0% used [0x00007ef488cd0000, 0x00007ef488cd0000, 0x00007ef493830000)
  to   space 175488K,   0% used [0x00007ef47e170000, 0x00007ef47e170000, 0x00007ef488cd0000)
 tenured generation   total 8753472K, used 5252081K [0x00007ef97db50000, 0x00007efb93fa0000, 0x00007f0428600000)
   the space 8753472K,  59% used [0x00007ef97db50000, 0x00007efabe44c590, 0x00007efabe44c600, 0x00007efb93fa0000)
 Metaspace       used 23197K, capacity 23587K, committed 23808K, reserved 24576K
GC Heap History (19 events):
Event: 3.657 GC heap before
{Heap before GC invocations=0 (full 0):
 def new generation   total 629120K, used 123031K [0x00007ef428600000, 0x00007ef4530a0000, 0x00007ef97db50000)
  eden space 559232K,  22% used [0x00007ef428600000, 0x00007ef42fe25f78, 0x00007ef44a820000)
  from space 69888K,   0% used [0x00007ef44a820000, 0x00007ef44a820000, 0x00007ef44ec60000)
  to   space 69888K,   0% used [0x00007ef44ec60000, 0x00007ef44ec60000, 0x00007ef4530a0000)
 tenured generation   total 1398144K, used 0K [0x00007ef97db50000, 0x00007ef9d30b0000, 0x00007f0428600000)
   the space 1398144K,   0% used [0x00007ef97db50000, 0x00007ef97db50000, 0x00007ef97db50200, 0x00007ef9d30b0000)
 Metaspace       used 20959K, capacity 21222K, committed 21248K, reserved 22528K
}
Event: 3.787 GC heap after
{Heap after GC invocations=1 (full 1):
 def new generation   total 629248K, used 0K [0x00007ef428600000, 0x00007ef4530c0000, 0x00007ef97db50000)
  eden space 559360K,   0% used [0x00007ef428600000, 0x00007ef428600000, 0x00007ef44a840000)
  from space 69888K,   0% used [0x00007ef44a840000, 0x00007ef44a840000, 0x00007ef44ec80000)
  to   space 69888K,   0% used [0x00007ef44ec80000, 0x00007ef44ec80000, 0x00007ef4530c0000)
 tenured generation   total 1398144K, used 13614K [0x00007ef97db50000, 0x00007ef9d30b0000, 0x00007f0428600000)
   the space 1398144K,   0% used [0x00007ef97db50000, 0x00007ef97e89bb00, 0x00007ef97e89bc00, 0x00007ef9d30b0000)
 Metaspace       used 20959K, capacity 21222K, committed 21248K, reserved 22528K
}
Event: 10.028 GC heap before
{Heap before GC invocations=1 (full 1):
 def new generation   total 629248K, used 543873K [0x00007ef428600000, 0x00007ef4530c0000, 0x00007ef97db50000)
  eden space 559360K,  97% used [0x00007ef428600000, 0x00007ef4499205a8, 0x00007ef44a840000)
  from space 69888K,   0% used [0x00007ef44a840000, 0x00007ef44a840000, 0x00007ef44ec80000)
  to   space 69888K,   0% used [0x00007ef44ec80000, 0x00007ef44ec80000, 0x00007ef4530c0000)
 tenured generation   total 1398144K, used 13614K [0x00007ef97db50000, 0x00007ef9d30b0000, 0x00007f0428600000)
   the space 1398144K,   0% used [0x00007ef97db50000, 0x00007ef97e89bb00, 0x00007ef97e89bc00, 0x00007ef9d30b0000)
 Metaspace       used 23184K, capacity 23586K, committed 23808K, reserved 24576K
}
Event: 10.232 GC heap after
{Heap after GC invocations=2 (full 1):
 def new generation   total 629248K, used 33710K [0x00007ef428600000, 0x00007ef4530c0000, 0x00007ef97db50000)
  eden space 559360K,   0% used [0x00007ef428600000, 0x00007ef428600000, 0x00007ef44a840000)
  from space 69888K,  48% used [0x00007ef44ec80000, 0x00007ef450d6b918, 0x00007ef4530c0000)
  to   space 69888K,   0% used [0x00007ef44a840000, 0x00007ef44a840000, 0x00007ef44ec80000)
 tenured generation   total 1398144K, used 144686K [0x00007ef97db50000, 0x00007ef9d30b0000, 0x00007f0428600000)
   the space 1398144K,  10% used [0x00007ef97db50000, 0x00007ef98689bb18, 0x00007ef98689bc00, 0x00007ef9d30b0000)
 Metaspace       used 23184K, capacity 23586K, committed 23808K, reserved 24576K
}
Event: 10.739 GC heap before
{Heap before GC invocations=2 (full 1):
 def new generation   total 629248K, used 364824K [0x00007ef428600000, 0x00007ef4530c0000, 0x00007ef97db50000)
  eden space 559360K,  59% used [0x00007ef428600000, 0x00007ef43c95a8e8, 0x00007ef44a840000)
  from space 69888K,  48% used [0x00007ef44ec80000, 0x00007ef450d6b918, 0x00007ef4530c0000)
  to   space 69888K,   0% used [0x00007ef44a840000, 0x00007ef44a840000, 0x00007ef44ec80000)
 tenured generation   total 1398144K, used 144686K [0x00007ef97db50000, 0x00007ef9d30b0000, 0x00007f0428600000)
   the space 1398144K,  10% used [0x00007ef97db50000, 0x00007ef98689bb18, 0x00007ef98689bc00, 0x00007ef9d30b0000)
 Metaspace       used 23197K, capacity 23587K, committed 23808K, reserved 24576K
}
Event: 10.743 GC heap after
{Heap after GC invocations=3 (full 1):
 def new generation   total 629248K, used 1960K [0x00007ef428600000, 0x00007ef4530c0000, 0x00007ef97db50000)
  eden space 559360K,   0% used [0x00007ef428600000, 0x00007ef428600000, 0x00007ef44a840000)
  from space 69888K,   2% used [0x00007ef44a840000, 0x00007ef44aa2a3a0, 0x00007ef44ec80000)
  to   space 69888K,   0% used [0x00007ef44ec80000, 0x00007ef44ec80000, 0x00007ef4530c0000)
 tenured generation   total 1398144K, used 144686K [0x00007ef97db50000, 0x00007ef9d30b0000, 0x00007f0428600000)
   the space 1398144K,  10% used [0x00007ef97db50000, 0x00007ef98689bb18, 0x00007ef98689bc00, 0x00007ef9d30b0000)
 Metaspace       used 23197K, capacity 23587K, committed 23808K, reserved 24576K
}
Event: 10.743 GC heap before
{Heap before GC invocations=3 (full 1):
 def new generation   total 629248K, used 1960K [0x00007ef428600000, 0x00007ef4530c0000, 0x00007ef97db50000)
  eden space 559360K,   0% used [0x00007ef428600000, 0x00007ef428600000, 0x00007ef44a840000)
  from space 69888K,   2% used [0x00007ef44a840000, 0x00007ef44aa2a3a0, 0x00007ef44ec80000)
  to   space 69888K,   0% used [0x00007ef44ec80000, 0x00007ef44ec80000, 0x00007ef4530c0000)
 tenured generation   total 1398144K, used 144686K [0x00007ef97db50000, 0x00007ef9d30b0000, 0x00007f0428600000)
   the space 1398144K,  10% used [0x00007ef97db50000, 0x00007ef98689bb18, 0x00007ef98689bc00, 0x00007ef9d30b0000)
 Metaspace       used 23197K, capacity 23587K, committed 23808K, reserved 24576K
}
Event: 10.774 GC heap after
{Heap after GC invocations=3 (full 2):
 def new generation   total 629248K, used 0K [0x00007ef428600000, 0x00007ef4530c0000, 0x00007ef97db50000)
  eden space 559360K,   0% used [0x00007ef428600000, 0x00007ef428600000, 0x00007ef44a840000)
  from space 69888K,   0% used [0x00007ef44a840000, 0x00007ef44a840000, 0x00007ef44ec80000)
  to   space 69888K,   0% used [0x00007ef44ec80000, 0x00007ef44ec80000, 0x00007ef4530c0000)
 tenured generation   total 1398144K, used 15554K [0x00007ef97db50000, 0x00007ef9d30b0000, 0x00007f0428600000)
   the space 1398144K,   1% used [0x00007ef97db50000, 0x00007ef97ea80ad8, 0x00007ef97ea80c00, 0x00007ef9d30b0000)
 Metaspace       used 23197K, capacity 23587K, committed 23808K, reserved 24576K
}
Event: 17.619 GC heap before
{Heap before GC invocations=3 (full 2):
 def new generation   total 629248K, used 10831K [0x00007ef428600000, 0x00007ef4530c0000, 0x00007ef97db50000)
  eden space 559360K,   1% used [0x00007ef428600000, 0x00007ef429093d30, 0x00007ef44a840000)
  from space 69888K,   0% used [0x00007ef44a840000, 0x00007ef44a840000, 0x00007ef44ec80000)
  to   space 69888K,   0% used [0x00007ef44ec80000, 0x00007ef44ec80000, 0x00007ef4530c0000)
 tenured generation   total 3495300K, used 3161282K [0x00007ef97db50000, 0x00007efa530b1000, 0x00007f0428600000)
   the space 3495300K,  90% used [0x00007ef97db50000, 0x00007efa3ea80b08, 0x00007efa3ea80c00, 0x00007efa530b1000)
 Metaspace       used 23197K, capacity 23587K, committed 23808K, reserved 24576K
}
Event: 17.630 GC heap after
{Heap after GC invocations=4 (full 2):
 def new generation   total 629248K, used 0K [0x00007ef428600000, 0x00007ef4530c0000, 0x00007ef97db50000)
  eden space 559360K,   0% used [0x00007ef428600000, 0x00007ef428600000, 0x00007ef44a840000)
  from space 69888K,   0% used [0x00007ef44ec80000, 0x00007ef44ec80320, 0x00007ef4530c0000)
  to   space 69888K,   0% used [0x00007ef44a840000, 0x00007ef44a840000, 0x00007ef44ec80000)
 tenured generation   total 3495300K, used 3161282K [0x00007ef97db50000, 0x00007efa530b1000, 0x00007f0428600000)
   the space 3495300K,  90% used [0x00007ef97db50000, 0x00007efa3ea80b08, 0x00007efa3ea80c00, 0x00007efa530b1000)
 Metaspace       used 23197K, capacity 23587K, committed 23808K, reserved 24576K
}
Event: 17.630 GC heap before
{Heap before GC invocations=4 (full 2):
 def new generation   total 629248K, used 0K [0x00007ef428600000, 0x00007ef4530c0000, 0x00007ef97db50000)
  eden space 559360K,   0% used [0x00007ef428600000, 0x00007ef428600000, 0x00007ef44a840000)
  from space 69888K,   0% used [0x00007ef44ec80000, 0x00007ef44ec80320, 0x00007ef4530c0000)
  to   space 69888K,   0% used [0x00007ef44a840000, 0x00007ef44a840000, 0x00007ef44ec80000)
 tenured generation   total 3495300K, used 3161282K [0x00007ef97db50000, 0x00007efa530b1000, 0x00007f0428600000)
   the space 3495300K,  90% used [0x00007ef97db50000, 0x00007efa3ea80b08, 0x00007efa3ea80c00, 0x00007efa530b1000)
 Metaspace       used 23197K, capacity 23587K, committed 23808K, reserved 24576K
}
Event: 17.944 GC heap after
{Heap after GC invocations=4 (full 3):
 def new generation   total 1572992K, used 0K [0x00007ef428600000, 0x00007ef4930c0000, 0x00007ef97db50000)
  eden space 1398272K,   0% used [0x00007ef428600000, 0x00007ef428600000, 0x00007ef47db80000)
  from space 174720K,   0% used [0x00007ef47db80000, 0x00007ef47db80000, 0x00007ef488620000)
  to   space 174720K,   0% used [0x00007ef488620000, 0x00007ef488620000, 0x00007ef4930c0000)
 tenured generation   total 3495300K, used 1064131K [0x00007ef97db50000, 0x00007efa530b1000, 0x00007f0428600000)
   the space 3495300K,  30% used [0x00007ef97db50000, 0x00007ef9bea80e10, 0x00007ef9bea81000, 0x00007efa530b1000)
 Metaspace       used 23197K, capacity 23587K, committed 23808K, reserved 24576K
}
Event: 18.454 GC heap before
{Heap before GC invocations=4 (full 3):
 def new generation   total 1572992K, used 1075651K [0x00007ef428600000, 0x00007ef4930c0000, 0x00007ef97db50000)
  eden space 1398272K,  76% used [0x00007ef428600000, 0x00007ef46a070f20, 0x00007ef47db80000)
  from space 174720K,   0% used [0x00007ef47db80000, 0x00007ef47db80000, 0x00007ef488620000)
  to   space 174720K,   0% used [0x00007ef488620000, 0x00007ef488620000, 0x00007ef4930c0000)
 tenured generation   total 3495300K, used 1064131K [0x00007ef97db50000, 0x00007efa530b1000, 0x00007f0428600000)
   the space 3495300K,  30% used [0x00007ef97db50000, 0x00007ef9bea80e10, 0x00007ef9bea81000, 0x00007efa530b1000)
 Metaspace       used 23197K, capacity 23587K, committed 23808K, reserved 24576K
}
Event: 18.755 GC heap after
{Heap after GC invocations=5 (full 3):
 def new generation   total 1572992K, used 0K [0x00007ef428600000, 0x00007ef4930c0000, 0x00007ef97db50000)
  eden space 1398272K,   0% used [0x00007ef428600000, 0x00007ef428600000, 0x00007ef47db80000)
  from space 174720K,   0% used [0x00007ef488620000, 0x00007ef4886202d8, 0x00007ef4930c0000)
  to   space 174720K,   0% used [0x00007ef47db80000, 0x00007ef47db80000, 0x00007ef488620000)
 tenured generation   total 3495300K, used 2112707K [0x00007ef97db50000, 0x00007efa530b1000, 0x00007f0428600000)
   the space 3495300K,  60% used [0x00007ef97db50000, 0x00007ef9fea80e28, 0x00007ef9fea81000, 0x00007efa530b1000)
 Metaspace       used 23197K, capacity 23587K, committed 23808K, reserved 24576K
}
Event: 18.755 GC heap before
{Heap before GC invocations=5 (full 3):
 def new generation   total 1572992K, used 0K [0x00007ef428600000, 0x00007ef4930c0000, 0x00007ef97db50000)
  eden space 1398272K,   0% used [0x00007ef428600000, 0x00007ef428600000, 0x00007ef47db80000)
  from space 174720K,   0% used [0x00007ef488620000, 0x00007ef4886202d8, 0x00007ef4930c0000)
  to   space 174720K,   0% used [0x00007ef47db80000, 0x00007ef47db80000, 0x00007ef488620000)
 tenured generation   total 3495300K, used 2112707K [0x00007ef97db50000, 0x00007efa530b1000, 0x00007f0428600000)
   the space 3495300K,  60% used [0x00007ef97db50000, 0x00007ef9fea80e28, 0x00007ef9fea81000, 0x00007efa530b1000)
 Metaspace       used 23197K, capacity 23587K, committed 23808K, reserved 24576K
}
Event: 19.695 GC heap after
{Heap after GC invocations=5 (full 4):
 def new generation   total 1579840K, used 0K [0x00007ef428600000, 0x00007ef493830000, 0x00007ef97db50000)
  eden space 1404352K,   0% used [0x00007ef428600000, 0x00007ef428600000, 0x00007ef47e170000)
  from space 175488K,   0% used [0x00007ef47e170000, 0x00007ef47e170000, 0x00007ef488cd0000)
  to   space 175488K,   0% used [0x00007ef488cd0000, 0x00007ef488cd0000, 0x00007ef493830000)
 tenured generation   total 3510592K, used 2106353K [0x00007ef97db50000, 0x00007efa53fa0000, 0x00007f0428600000)
   the space 3510592K,  59% used [0x00007ef97db50000, 0x00007ef9fe44c5b8, 0x00007ef9fe44c600, 0x00007efa53fa0000)
 Metaspace       used 23197K, capacity 23587K, committed 23808K, reserved 24576K
}
Event: 23.582 GC heap before
{Heap before GC invocations=5 (full 4):
 def new generation   total 1579840K, used 27258K [0x00007ef428600000, 0x00007ef493830000, 0x00007ef97db50000)
  eden space 1404352K,   1% used [0x00007ef428600000, 0x00007ef42a09eb68, 0x00007ef47e170000)
  from space 175488K,   0% used [0x00007ef47e170000, 0x00007ef47e170000, 0x00007ef488cd0000)
  to   space 175488K,   0% used [0x00007ef488cd0000, 0x00007ef488cd0000, 0x00007ef493830000)
 tenured generation   total 7704900K, used 6300657K [0x00007ef97db50000, 0x00007efb53fa1000, 0x00007f0428600000)
   the space 7704900K,  81% used [0x00007ef97db50000, 0x00007efafe44c5d0, 0x00007efafe44c600, 0x00007efb53fa1000)
 Metaspace       used 23197K, capacity 23587K, committed 23808K, reserved 24576K
}
Event: 23.585 GC heap after
{Heap after GC invocations=6 (full 4):
 def new generation   total 1579840K, used 0K [0x00007ef428600000, 0x00007ef493830000, 0x00007ef97db50000)
  eden space 1404352K,   0% used [0x00007ef428600000, 0x00007ef428600000, 0x00007ef47e170000)
  from space 175488K,   0% used [0x00007ef488cd0000, 0x00007ef488cd0188, 0x00007ef493830000)
  to   space 175488K,   0% used [0x00007ef47e170000, 0x00007ef47e170000, 0x00007ef488cd0000)
 tenured generation   total 7704900K, used 6300657K [0x00007ef97db50000, 0x00007efb53fa1000, 0x00007f0428600000)
   the space 7704900K,  81% used [0x00007ef97db50000, 0x00007efafe44c5d0, 0x00007efafe44c600, 0x00007efb53fa1000)
 Metaspace       used 23197K, capacity 23587K, committed 23808K, reserved 24576K
}
Event: 23.585 GC heap before
{Heap before GC invocations=6 (full 4):
 def new generation   total 1579840K, used 0K [0x00007ef428600000, 0x00007ef493830000, 0x00007ef97db50000)
  eden space 1404352K,   0% used [0x00007ef428600000, 0x00007ef428600000, 0x00007ef47e170000)
  from space 175488K,   0% used [0x00007ef488cd0000, 0x00007ef488cd0188, 0x00007ef493830000)
  to   space 175488K,   0% used [0x00007ef47e170000, 0x00007ef47e170000, 0x00007ef488cd0000)
 tenured generation   total 7704900K, used 6300657K [0x00007ef97db50000, 0x00007efb53fa1000, 0x00007f0428600000)
   the space 7704900K,  81% used [0x00007ef97db50000, 0x00007efafe44c5d0, 0x00007efafe44c600, 0x00007efb53fa1000)
 Metaspace       used 23197K, capacity 23587K, committed 23808K, reserved 24576K
}

