# JRE version: OpenJDK Runtime Environment (13.0.7+5) (build 13.0.7+5-Ubuntu-0ubuntu120.04)
# Java VM: OpenJDK 64-Bit Server VM (13.0.7+5-Ubuntu-0ubuntu120.04, mixed mode, tiered, serial gc, linux-amd64)
Heap:
 def new generation   total 5454720K, used 0K [0x00007f3498600000, 0x00007f360a4b0000, 0x00007f39edb50000)
  eden space 4848704K,   0% used [0x00007f3498600000, 0x00007f3498600000, 0x00007f35c0510000)
  from space 606016K,   0% used [0x00007f35c0510000, 0x00007f35c0510000, 0x00007f35e54e0000)
  to   space 606016K,   0% used [0x00007f35e54e0000, 0x00007f35e54e0000, 0x00007f360a4b0000)
 tenured generation   total 12394100K, used 12184529K [0x00007f39edb50000, 0x00007f3ce22ed000, 0x00007f4498600000)
   the space 12394100K,  98% used [0x00007f39edb50000, 0x00007f3cd5644720, 0x00007f3cd5644800, 0x00007f3ce22ed000)
 Metaspace       used 30635K, capacity 31061K, committed 31232K, reserved 32768K
GC Heap History (20 events):
Event: 368.857 GC heap after
{Heap after GC invocations=219 (full 6):
 def new generation   total 5454720K, used 404655K [0x00007f3498600000, 0x00007f360a4b0000, 0x00007f39edb50000)
  eden space 4848704K,   0% used [0x00007f3498600000, 0x00007f3498600000, 0x00007f35c0510000)
  from space 606016K,  66% used [0x00007f35e54e0000, 0x00007f35fe00be10, 0x00007f360a4b0000)
  to   space 606016K,   0% used [0x00007f35c0510000, 0x00007f35c0510000, 0x00007f35e54e0000)
 tenured generation   total 12121460K, used 8847289K [0x00007f39edb50000, 0x00007f3cd18ad000, 0x00007f4498600000)
   the space 12121460K,  72% used [0x00007f39edb50000, 0x00007f3c09b3e670, 0x00007f3c09b3e800, 0x00007f3cd18ad000)
 Metaspace       used 30635K, capacity 31061K, committed 31232K, reserved 32768K
}
Event: 370.296 GC heap before
{Heap before GC invocations=219 (full 6):
 def new generation   total 5454720K, used 5253359K [0x00007f3498600000, 0x00007f360a4b0000, 0x00007f39edb50000)
  eden space 4848704K, 100% used [0x00007f3498600000, 0x00007f35c0510000, 0x00007f35c0510000)
  from space 606016K,  66% used [0x00007f35e54e0000, 0x00007f35fe00be10, 0x00007f360a4b0000)
  to   space 606016K,   0% used [0x00007f35c0510000, 0x00007f35c0510000, 0x00007f35e54e0000)
 tenured generation   total 12121460K, used 8847289K [0x00007f39edb50000, 0x00007f3cd18ad000, 0x00007f4498600000)
   the space 12121460K,  72% used [0x00007f39edb50000, 0x00007f3c09b3e670, 0x00007f3c09b3e800, 0x00007f3cd18ad000)
 Metaspace       used 30635K, capacity 31061K, committed 31232K, reserved 32768K
}
Event: 371.636 GC heap after
{Heap after GC invocations=220 (full 6):
 def new generation   total 5454720K, used 383257K [0x00007f3498600000, 0x00007f360a4b0000, 0x00007f39edb50000)
  eden space 4848704K,   0% used [0x00007f3498600000, 0x00007f3498600000, 0x00007f35c0510000)
  from space 606016K,  63% used [0x00007f35c0510000, 0x00007f35d7b56738, 0x00007f35e54e0000)
  to   space 606016K,   0% used [0x00007f35e54e0000, 0x00007f35e54e0000, 0x00007f360a4b0000)
 tenured generation   total 12121460K, used 9251944K [0x00007f39edb50000, 0x00007f3cd18ad000, 0x00007f4498600000)
   the space 12121460K,  76% used [0x00007f39edb50000, 0x00007f3c2266a290, 0x00007f3c2266a400, 0x00007f3cd18ad000)
 Metaspace       used 30635K, capacity 31061K, committed 31232K, reserved 32768K
}
Event: 372.923 GC heap before
{Heap before GC invocations=220 (full 6):
 def new generation   total 5454720K, used 5231961K [0x00007f3498600000, 0x00007f360a4b0000, 0x00007f39edb50000)
  eden space 4848704K, 100% used [0x00007f3498600000, 0x00007f35c0510000, 0x00007f35c0510000)
  from space 606016K,  63% used [0x00007f35c0510000, 0x00007f35d7b56738, 0x00007f35e54e0000)
  to   space 606016K,   0% used [0x00007f35e54e0000, 0x00007f35e54e0000, 0x00007f360a4b0000)
 tenured generation   total 12121460K, used 9251944K [0x00007f39edb50000, 0x00007f3cd18ad000, 0x00007f4498600000)
   the space 12121460K,  76% used [0x00007f39edb50000, 0x00007f3c2266a290, 0x00007f3c2266a400, 0x00007f3cd18ad000)
 Metaspace       used 30635K, capacity 31061K, committed 31232K, reserved 32768K
}
Event: 374.225 GC heap after
{Heap after GC invocations=221 (full 6):
 def new generation   total 5454720K, used 375477K [0x00007f3498600000, 0x00007f360a4b0000, 0x00007f39edb50000)
  eden space 4848704K,   0% used [0x00007f3498600000, 0x00007f3498600000, 0x00007f35c0510000)
  from space 606016K,  61% used [0x00007f35e54e0000, 0x00007f35fc38d540, 0x00007f360a4b0000)
  to   space 606016K,   0% used [0x00007f35c0510000, 0x00007f35c0510000, 0x00007f35e54e0000)
 tenured generation   total 12121460K, used 9635202K [0x00007f39edb50000, 0x00007f3cd18ad000, 0x00007f4498600000)
   the space 12121460K,  79% used [0x00007f39edb50000, 0x00007f3c39cb0898, 0x00007f3c39cb0a00, 0x00007f3cd18ad000)
 Metaspace       used 30635K, capacity 31061K, committed 31232K, reserved 32768K
}
Event: 375.525 GC heap before
{Heap before GC invocations=221 (full 6):
 def new generation   total 5454720K, used 5224181K [0x00007f3498600000, 0x00007f360a4b0000, 0x00007f39edb50000)
  eden space 4848704K, 100% used [0x00007f3498600000, 0x00007f35c0510000, 0x00007f35c0510000)
  from space 606016K,  61% used [0x00007f35e54e0000, 0x00007f35fc38d540, 0x00007f360a4b0000)
  to   space 606016K,   0% used [0x00007f35c0510000, 0x00007f35c0510000, 0x00007f35e54e0000)
 tenured generation   total 12121460K, used 9635202K [0x00007f39edb50000, 0x00007f3cd18ad000, 0x00007f4498600000)
   the space 12121460K,  79% used [0x00007f39edb50000, 0x00007f3c39cb0898, 0x00007f3c39cb0a00, 0x00007f3cd18ad000)
 Metaspace       used 30635K, capacity 31061K, committed 31232K, reserved 32768K
}
Event: 376.843 GC heap after
{Heap after GC invocations=222 (full 6):
 def new generation   total 5454720K, used 378593K [0x00007f3498600000, 0x00007f360a4b0000, 0x00007f39edb50000)
  eden space 4848704K,   0% used [0x00007f3498600000, 0x00007f3498600000, 0x00007f35c0510000)
  from space 606016K,  62% used [0x00007f35c0510000, 0x00007f35d76c86d8, 0x00007f35e54e0000)
  to   space 606016K,   0% used [0x00007f35e54e0000, 0x00007f35e54e0000, 0x00007f360a4b0000)
 tenured generation   total 12121460K, used 10010679K [0x00007f39edb50000, 0x00007f3cd18ad000, 0x00007f4498600000)
   the space 12121460K,  82% used [0x00007f39edb50000, 0x00007f3c50b5dc58, 0x00007f3c50b5de00, 0x00007f3cd18ad000)
 Metaspace       used 30635K, capacity 31061K, committed 31232K, reserved 32768K
}
Event: 378.211 GC heap before
{Heap before GC invocations=222 (full 6):
 def new generation   total 5454720K, used 5227297K [0x00007f3498600000, 0x00007f360a4b0000, 0x00007f39edb50000)
  eden space 4848704K, 100% used [0x00007f3498600000, 0x00007f35c0510000, 0x00007f35c0510000)
  from space 606016K,  62% used [0x00007f35c0510000, 0x00007f35d76c86d8, 0x00007f35e54e0000)
  to   space 606016K,   0% used [0x00007f35e54e0000, 0x00007f35e54e0000, 0x00007f360a4b0000)
 tenured generation   total 12121460K, used 10010679K [0x00007f39edb50000, 0x00007f3cd18ad000, 0x00007f4498600000)
   the space 12121460K,  82% used [0x00007f39edb50000, 0x00007f3c50b5dc58, 0x00007f3c50b5de00, 0x00007f3cd18ad000)
 Metaspace       used 30635K, capacity 31061K, committed 31232K, reserved 32768K
}
Event: 379.580 GC heap after
{Heap after GC invocations=223 (full 6):
 def new generation   total 5454720K, used 399781K [0x00007f3498600000, 0x00007f360a4b0000, 0x00007f39edb50000)
  eden space 4848704K,   0% used [0x00007f3498600000, 0x00007f3498600000, 0x00007f35c0510000)
  from space 606016K,  65% used [0x00007f35e54e0000, 0x00007f35fdb49690, 0x00007f360a4b0000)
  to   space 606016K,   0% used [0x00007f35c0510000, 0x00007f35c0510000, 0x00007f35e54e0000)
 tenured generation   total 12121460K, used 10389272K [0x00007f39edb50000, 0x00007f3cd18ad000, 0x00007f4498600000)
   the space 12121460K,  85% used [0x00007f39edb50000, 0x00007f3c67d16170, 0x00007f3c67d16200, 0x00007f3cd18ad000)
 Metaspace       used 30635K, capacity 31061K, committed 31232K, reserved 32768K
}
Event: 380.922 GC heap before
{Heap before GC invocations=223 (full 6):
 def new generation   total 5454720K, used 5248485K [0x00007f3498600000, 0x00007f360a4b0000, 0x00007f39edb50000)
  eden space 4848704K, 100% used [0x00007f3498600000, 0x00007f35c0510000, 0x00007f35c0510000)
  from space 606016K,  65% used [0x00007f35e54e0000, 0x00007f35fdb49690, 0x00007f360a4b0000)
  to   space 606016K,   0% used [0x00007f35c0510000, 0x00007f35c0510000, 0x00007f35e54e0000)
 tenured generation   total 12121460K, used 10389272K [0x00007f39edb50000, 0x00007f3cd18ad000, 0x00007f4498600000)
   the space 12121460K,  85% used [0x00007f39edb50000, 0x00007f3c67d16170, 0x00007f3c67d16200, 0x00007f3cd18ad000)
 Metaspace       used 30635K, capacity 31061K, committed 31232K, reserved 32768K
}
Event: 382.332 GC heap after
{Heap after GC invocations=224 (full 6):
 def new generation   total 5454720K, used 406241K [0x00007f3498600000, 0x00007f360a4b0000, 0x00007f39edb50000)
  eden space 4848704K,   0% used [0x00007f3498600000, 0x00007f3498600000, 0x00007f35c0510000)
  from space 606016K,  67% used [0x00007f35c0510000, 0x00007f35d91c84a0, 0x00007f35e54e0000)
  to   space 606016K,   0% used [0x00007f35e54e0000, 0x00007f35e54e0000, 0x00007f360a4b0000)
 tenured generation   total 12121460K, used 10789053K [0x00007f39edb50000, 0x00007f3cd18ad000, 0x00007f4498600000)
   the space 12121460K,  89% used [0x00007f39edb50000, 0x00007f3c8037f630, 0x00007f3c8037f800, 0x00007f3cd18ad000)
 Metaspace       used 30635K, capacity 31061K, committed 31232K, reserved 32768K
}
Event: 383.777 GC heap before
{Heap before GC invocations=224 (full 6):
 def new generation   total 5454720K, used 5254945K [0x00007f3498600000, 0x00007f360a4b0000, 0x00007f39edb50000)
  eden space 4848704K, 100% used [0x00007f3498600000, 0x00007f35c0510000, 0x00007f35c0510000)
  from space 606016K,  67% used [0x00007f35c0510000, 0x00007f35d91c84a0, 0x00007f35e54e0000)
  to   space 606016K,   0% used [0x00007f35e54e0000, 0x00007f35e54e0000, 0x00007f360a4b0000)
 tenured generation   total 12121460K, used 10789053K [0x00007f39edb50000, 0x00007f3cd18ad000, 0x00007f4498600000)
   the space 12121460K,  89% used [0x00007f39edb50000, 0x00007f3c8037f630, 0x00007f3c8037f800, 0x00007f3cd18ad000)
 Metaspace       used 30635K, capacity 31061K, committed 31232K, reserved 32768K
}
Event: 385.173 GC heap after
{Heap after GC invocations=225 (full 6):
 def new generation   total 5454720K, used 408167K [0x00007f3498600000, 0x00007f360a4b0000, 0x00007f39edb50000)
  eden space 4848704K,   0% used [0x00007f3498600000, 0x00007f3498600000, 0x00007f35c0510000)
  from space 606016K,  67% used [0x00007f35e54e0000, 0x00007f35fe379c70, 0x00007f360a4b0000)
  to   space 606016K,   0% used [0x00007f35c0510000, 0x00007f35c0510000, 0x00007f35e54e0000)
 tenured generation   total 12121460K, used 11195293K [0x00007f39edb50000, 0x00007f3cd18ad000, 0x00007f4498600000)
   the space 12121460K,  92% used [0x00007f39edb50000, 0x00007f3c99037720, 0x00007f3c99037800, 0x00007f3cd18ad000)
 Metaspace       used 30635K, capacity 31061K, committed 31232K, reserved 32768K
}
Event: 386.439 GC heap before
{Heap before GC invocations=225 (full 6):
 def new generation   total 5454720K, used 5256871K [0x00007f3498600000, 0x00007f360a4b0000, 0x00007f39edb50000)
  eden space 4848704K, 100% used [0x00007f3498600000, 0x00007f35c0510000, 0x00007f35c0510000)
  from space 606016K,  67% used [0x00007f35e54e0000, 0x00007f35fe379c70, 0x00007f360a4b0000)
  to   space 606016K,   0% used [0x00007f35c0510000, 0x00007f35c0510000, 0x00007f35e54e0000)
 tenured generation   total 12121460K, used 11195293K [0x00007f39edb50000, 0x00007f3cd18ad000, 0x00007f4498600000)
   the space 12121460K,  92% used [0x00007f39edb50000, 0x00007f3c99037720, 0x00007f3c99037800, 0x00007f3cd18ad000)
 Metaspace       used 30635K, capacity 31061K, committed 31232K, reserved 32768K
}
Event: 387.792 GC heap after
{Heap after GC invocations=226 (full 6):
 def new generation   total 5454720K, used 385636K [0x00007f3498600000, 0x00007f360a4b0000, 0x00007f39edb50000)
  eden space 4848704K,   0% used [0x00007f3498600000, 0x00007f3498600000, 0x00007f35c0510000)
  from space 606016K,  63% used [0x00007f35c0510000, 0x00007f35d7da9290, 0x00007f35e54e0000)
  to   space 606016K,   0% used [0x00007f35e54e0000, 0x00007f35e54e0000, 0x00007f360a4b0000)
 tenured generation   total 12121460K, used 11603460K [0x00007f39edb50000, 0x00007f3cd18ad000, 0x00007f4498600000)
   the space 12121460K,  95% used [0x00007f39edb50000, 0x00007f3cb1ed1110, 0x00007f3cb1ed1200, 0x00007f3cd18ad000)
 Metaspace       used 30635K, capacity 31061K, committed 31232K, reserved 32768K
}
Event: 389.221 GC heap before
{Heap before GC invocations=226 (full 6):
 def new generation   total 5454720K, used 5234340K [0x00007f3498600000, 0x00007f360a4b0000, 0x00007f39edb50000)
  eden space 4848704K, 100% used [0x00007f3498600000, 0x00007f35c0510000, 0x00007f35c0510000)
  from space 606016K,  63% used [0x00007f35c0510000, 0x00007f35d7da9290, 0x00007f35e54e0000)
  to   space 606016K,   0% used [0x00007f35e54e0000, 0x00007f35e54e0000, 0x00007f360a4b0000)
 tenured generation   total 12121460K, used 11603460K [0x00007f39edb50000, 0x00007f3cd18ad000, 0x00007f4498600000)
   the space 12121460K,  95% used [0x00007f39edb50000, 0x00007f3cb1ed1110, 0x00007f3cb1ed1200, 0x00007f3cd18ad000)
 Metaspace       used 30635K, capacity 31061K, committed 31232K, reserved 32768K
}
Event: 390.588 GC heap after
{Heap after GC invocations=227 (full 6):
 def new generation   total 5454720K, used 404978K [0x00007f3498600000, 0x00007f360a4b0000, 0x00007f39edb50000)
  eden space 4848704K,   0% used [0x00007f3498600000, 0x00007f3498600000, 0x00007f35c0510000)
  from space 606016K,  66% used [0x00007f35e54e0000, 0x00007f35fe05ca30, 0x00007f360a4b0000)
  to   space 606016K,   0% used [0x00007f35c0510000, 0x00007f35c0510000, 0x00007f35e54e0000)
 tenured generation   total 12121460K, used 11989096K [0x00007f39edb50000, 0x00007f3cd18ad000, 0x00007f4498600000)
   the space 12121460K,  98% used [0x00007f39edb50000, 0x00007f3cc976a160, 0x00007f3cc976a200, 0x00007f3cd18ad000)
 Metaspace       used 30635K, capacity 31061K, committed 31232K, reserved 32768K
}
Event: 391.909 GC heap before
{Heap before GC invocations=227 (full 6):
 def new generation   total 5454720K, used 5253682K [0x00007f3498600000, 0x00007f360a4b0000, 0x00007f39edb50000)
  eden space 4848704K, 100% used [0x00007f3498600000, 0x00007f35c0510000, 0x00007f35c0510000)
  from space 606016K,  66% used [0x00007f35e54e0000, 0x00007f35fe05ca30, 0x00007f360a4b0000)
  to   space 606016K,   0% used [0x00007f35c0510000, 0x00007f35c0510000, 0x00007f35e54e0000)
 tenured generation   total 12121460K, used 11989096K [0x00007f39edb50000, 0x00007f3cd18ad000, 0x00007f4498600000)
   the space 12121460K,  98% used [0x00007f39edb50000, 0x00007f3cc976a160, 0x00007f3cc976a200, 0x00007f3cd18ad000)
 Metaspace       used 30635K, capacity 31061K, committed 31232K, reserved 32768K
}
Event: 393.227 GC heap after
{Heap after GC invocations=228 (full 6):
 def new generation   total 5454720K, used 372895K [0x00007f3498600000, 0x00007f360a4b0000, 0x00007f39edb50000)
  eden space 4848704K,   0% used [0x00007f3498600000, 0x00007f3498600000, 0x00007f35c0510000)
  from space 606016K,  61% used [0x00007f35c0510000, 0x00007f35d7137e90, 0x00007f35e54e0000)
  to   space 606016K,   0% used [0x00007f35e54e0000, 0x00007f35e54e0000, 0x00007f360a4b0000)
 tenured generation   total 12394100K, used 12394074K [0x00007f39edb50000, 0x00007f3ce22ed000, 0x00007f4498600000)
   the space 12394100K,  99% used [0x00007f39edb50000, 0x00007f3ce22e6850, 0x00007f3ce22e6a00, 0x00007f3ce22ed000)
 Metaspace       used 30635K, capacity 31061K, committed 31232K, reserved 32768K
}
Event: 393.227 GC heap before
{Heap before GC invocations=228 (full 6):
 def new generation   total 5454720K, used 372895K [0x00007f3498600000, 0x00007f360a4b0000, 0x00007f39edb50000)
  eden space 4848704K,   0% used [0x00007f3498600000, 0x00007f3498600000, 0x00007f35c0510000)
  from space 606016K,  61% used [0x00007f35c0510000, 0x00007f35d7137e90, 0x00007f35e54e0000)
  to   space 606016K,   0% used [0x00007f35e54e0000, 0x00007f35e54e0000, 0x00007f360a4b0000)
 tenured generation   total 12394100K, used 12394074K [0x00007f39edb50000, 0x00007f3ce22ed000, 0x00007f4498600000)
   the space 12394100K,  99% used [0x00007f39edb50000, 0x00007f3ce22e6850, 0x00007f3ce22e6a00, 0x00007f3ce22ed000)
 Metaspace       used 30635K, capacity 31061K, committed 31232K, reserved 32768K
}

