# JRE version: OpenJDK Runtime Environment (13.0.7+5) (build 13.0.7+5-Ubuntu-0ubuntu120.04)
# Java VM: OpenJDK 64-Bit Server VM (13.0.7+5-Ubuntu-0ubuntu120.04, mixed mode, tiered, compressed oops, serial gc, linux-amd64)
Heap:
 def new generation   total 1966784K, used 0K [0x0000000080200000, 0x0000000105810000, 0x0000000300150000)
  eden space 1748288K,   0% used [0x0000000080200000, 0x0000000080200000, 0x00000000ead50000)
  from space 218496K,   0% used [0x00000000ead50000, 0x00000000ead50000, 0x00000000f82b0000)
  to   space 218496K,   0% used [0x00000000f82b0000, 0x00000000f82b0000, 0x0000000105810000)
 tenured generation   total 4459180K, used 2805124K [0x0000000300150000, 0x00000004103fb000, 0x0000000800000000)
   the space 4459180K,  62% used [0x0000000300150000, 0x00000003ab4b12f8, 0x00000003ab4b1400, 0x00000004103fb000)
 Metaspace       used 22721K, capacity 23232K, committed 23424K, reserved 1071104K
  class space    used 2354K, capacity 2568K, committed 2688K, reserved 1048576K
GC Heap History (20 events):
Event: 721.347 GC heap after
{Heap after GC invocations=657 (full 23):
 def new generation   total 1966784K, used 126088K [0x0000000080200000, 0x0000000105810000, 0x0000000300150000)
  eden space 1748288K,   0% used [0x0000000080200000, 0x0000000080200000, 0x00000000ead50000)
  from space 218496K,  57% used [0x00000000f82b0000, 0x00000000ffdd2000, 0x0000000105810000)
  to   space 218496K,   0% used [0x00000000ead50000, 0x00000000ead50000, 0x00000000f82b0000)
 tenured generation   total 4370484K, used 4011184K [0x0000000300150000, 0x000000040ad5d000, 0x0000000800000000)
   the space 4370484K,  91% used [0x0000000300150000, 0x00000003f4e7c308, 0x00000003f4e7c400, 0x000000040ad5d000)
 Metaspace       used 22721K, capacity 23232K, committed 23424K, reserved 1071104K
  class space    used 2354K, capacity 2568K, committed 2688K, reserved 1048576K
}
Event: 722.729 GC heap before
{Heap before GC invocations=657 (full 23):
 def new generation   total 1966784K, used 1874376K [0x0000000080200000, 0x0000000105810000, 0x0000000300150000)
  eden space 1748288K, 100% used [0x0000000080200000, 0x00000000ead50000, 0x00000000ead50000)
  from space 218496K,  57% used [0x00000000f82b0000, 0x00000000ffdd2000, 0x0000000105810000)
  to   space 218496K,   0% used [0x00000000ead50000, 0x00000000ead50000, 0x00000000f82b0000)
 tenured generation   total 4370484K, used 4011184K [0x0000000300150000, 0x000000040ad5d000, 0x0000000800000000)
   the space 4370484K,  91% used [0x0000000300150000, 0x00000003f4e7c308, 0x00000003f4e7c400, 0x000000040ad5d000)
 Metaspace       used 22721K, capacity 23232K, committed 23424K, reserved 1071104K
  class space    used 2354K, capacity 2568K, committed 2688K, reserved 1048576K
}
Event: 722.921 GC heap after
{Heap after GC invocations=658 (full 23):
 def new generation   total 1966784K, used 104674K [0x0000000080200000, 0x0000000105810000, 0x0000000300150000)
  eden space 1748288K,   0% used [0x0000000080200000, 0x0000000080200000, 0x00000000ead50000)
  from space 218496K,  47% used [0x00000000ead50000, 0x00000000f13888c0, 0x00000000f82b0000)
  to   space 218496K,   0% used [0x00000000f82b0000, 0x00000000f82b0000, 0x0000000105810000)
 tenured generation   total 4370484K, used 4136746K [0x0000000300150000, 0x000000040ad5d000, 0x0000000800000000)
   the space 4370484K,  94% used [0x0000000300150000, 0x00000003fc91a970, 0x00000003fc91aa00, 0x000000040ad5d000)
 Metaspace       used 22721K, capacity 23232K, committed 23424K, reserved 1071104K
  class space    used 2354K, capacity 2568K, committed 2688K, reserved 1048576K
}
Event: 724.250 GC heap before
{Heap before GC invocations=658 (full 23):
 def new generation   total 1966784K, used 1852962K [0x0000000080200000, 0x0000000105810000, 0x0000000300150000)
  eden space 1748288K, 100% used [0x0000000080200000, 0x00000000ead50000, 0x00000000ead50000)
  from space 218496K,  47% used [0x00000000ead50000, 0x00000000f13888c0, 0x00000000f82b0000)
  to   space 218496K,   0% used [0x00000000f82b0000, 0x00000000f82b0000, 0x0000000105810000)
 tenured generation   total 4370484K, used 4136746K [0x0000000300150000, 0x000000040ad5d000, 0x0000000800000000)
   the space 4370484K,  94% used [0x0000000300150000, 0x00000003fc91a970, 0x00000003fc91aa00, 0x000000040ad5d000)
 Metaspace       used 22721K, capacity 23232K, committed 23424K, reserved 1071104K
  class space    used 2354K, capacity 2568K, committed 2688K, reserved 1048576K
}
Event: 724.295 GC heap after
{Heap after GC invocations=659 (full 23):
 def new generation   total 1966784K, used 79409K [0x0000000080200000, 0x0000000105810000, 0x0000000300150000)
  eden space 1748288K,   0% used [0x0000000080200000, 0x0000000080200000, 0x00000000ead50000)
  from space 218496K,  36% used [0x00000000f82b0000, 0x00000000fd03c700, 0x0000000105810000)
  to   space 218496K,   0% used [0x00000000ead50000, 0x00000000ead50000, 0x00000000f82b0000)
 tenured generation   total 4370484K, used 4136746K [0x0000000300150000, 0x000000040ad5d000, 0x0000000800000000)
   the space 4370484K,  94% used [0x0000000300150000, 0x00000003fc91a970, 0x00000003fc91aa00, 0x000000040ad5d000)
 Metaspace       used 22721K, capacity 23232K, committed 23424K, reserved 1071104K
  class space    used 2354K, capacity 2568K, committed 2688K, reserved 1048576K
}
Event: 725.631 GC heap before
{Heap before GC invocations=659 (full 23):
 def new generation   total 1966784K, used 1827697K [0x0000000080200000, 0x0000000105810000, 0x0000000300150000)
  eden space 1748288K, 100% used [0x0000000080200000, 0x00000000ead50000, 0x00000000ead50000)
  from space 218496K,  36% used [0x00000000f82b0000, 0x00000000fd03c700, 0x0000000105810000)
  to   space 218496K,   0% used [0x00000000ead50000, 0x00000000ead50000, 0x00000000f82b0000)
 tenured generation   total 4370484K, used 4136746K [0x0000000300150000, 0x000000040ad5d000, 0x0000000800000000)
   the space 4370484K,  94% used [0x0000000300150000, 0x00000003fc91a970, 0x00000003fc91aa00, 0x000000040ad5d000)
 Metaspace       used 22721K, capacity 23232K, committed 23424K, reserved 1071104K
  class space    used 2354K, capacity 2568K, committed 2688K, reserved 1048576K
}
Event: 725.722 GC heap after
{Heap after GC invocations=660 (full 23):
 def new generation   total 1966784K, used 183561K [0x0000000080200000, 0x0000000105810000, 0x0000000300150000)
  eden space 1748288K,   0% used [0x0000000080200000, 0x0000000080200000, 0x00000000ead50000)
  from space 218496K,  84% used [0x00000000ead50000, 0x00000000f6092538, 0x00000000f82b0000)
  to   space 218496K,   0% used [0x00000000f82b0000, 0x00000000f82b0000, 0x0000000105810000)
 tenured generation   total 4370484K, used 4136746K [0x0000000300150000, 0x000000040ad5d000, 0x0000000800000000)
   the space 4370484K,  94% used [0x0000000300150000, 0x00000003fc91a970, 0x00000003fc91aa00, 0x000000040ad5d000)
 Metaspace       used 22721K, capacity 23232K, committed 23424K, reserved 1071104K
  class space    used 2354K, capacity 2568K, committed 2688K, reserved 1048576K
}
Event: 727.033 GC heap before
{Heap before GC invocations=660 (full 23):
 def new generation   total 1966784K, used 1931849K [0x0000000080200000, 0x0000000105810000, 0x0000000300150000)
  eden space 1748288K, 100% used [0x0000000080200000, 0x00000000ead50000, 0x00000000ead50000)
  from space 218496K,  84% used [0x00000000ead50000, 0x00000000f6092538, 0x00000000f82b0000)
  to   space 218496K,   0% used [0x00000000f82b0000, 0x00000000f82b0000, 0x0000000105810000)
 tenured generation   total 4370484K, used 4136746K [0x0000000300150000, 0x000000040ad5d000, 0x0000000800000000)
   the space 4370484K,  94% used [0x0000000300150000, 0x00000003fc91a970, 0x00000003fc91aa00, 0x000000040ad5d000)
 Metaspace       used 22721K, capacity 23232K, committed 23424K, reserved 1071104K
  class space    used 2354K, capacity 2568K, committed 2688K, reserved 1048576K
}
Event: 727.240 GC heap after
{Heap after GC invocations=661 (full 23):
 def new generation   total 1966784K, used 208822K [0x0000000080200000, 0x0000000105810000, 0x0000000300150000)
  eden space 1748288K,   0% used [0x0000000080200000, 0x0000000080200000, 0x00000000ead50000)
  from space 218496K,  95% used [0x00000000f82b0000, 0x0000000104e9d800, 0x0000000105810000)
  to   space 218496K,   0% used [0x00000000ead50000, 0x00000000ead50000, 0x00000000f82b0000)
 tenured generation   total 4370484K, used 4215639K [0x0000000300150000, 0x000000040ad5d000, 0x0000000800000000)
   the space 4370484K,  96% used [0x0000000300150000, 0x0000000401625f58, 0x0000000401626000, 0x000000040ad5d000)
 Metaspace       used 22721K, capacity 23232K, committed 23424K, reserved 1071104K
  class space    used 2354K, capacity 2568K, committed 2688K, reserved 1048576K
}
Event: 728.575 GC heap before
{Heap before GC invocations=661 (full 23):
 def new generation   total 1966784K, used 1957110K [0x0000000080200000, 0x0000000105810000, 0x0000000300150000)
  eden space 1748288K, 100% used [0x0000000080200000, 0x00000000ead50000, 0x00000000ead50000)
  from space 218496K,  95% used [0x00000000f82b0000, 0x0000000104e9d800, 0x0000000105810000)
  to   space 218496K,   0% used [0x00000000ead50000, 0x00000000ead50000, 0x00000000f82b0000)
 tenured generation   total 4370484K, used 4215639K [0x0000000300150000, 0x000000040ad5d000, 0x0000000800000000)
   the space 4370484K,  96% used [0x0000000300150000, 0x0000000401625f58, 0x0000000401626000, 0x000000040ad5d000)
 Metaspace       used 22721K, capacity 23232K, committed 23424K, reserved 1071104K
  class space    used 2354K, capacity 2568K, committed 2688K, reserved 1048576K
}
Event: 728.629 GC heap after
{Heap after GC invocations=662 (full 23):
 def new generation   total 1966784K, used 100717K [0x0000000080200000, 0x0000000105810000, 0x0000000300150000)
  eden space 1748288K,   0% used [0x0000000080200000, 0x0000000080200000, 0x00000000ead50000)
  from space 218496K,  46% used [0x00000000ead50000, 0x00000000f0fab438, 0x00000000f82b0000)
  to   space 218496K,   0% used [0x00000000f82b0000, 0x00000000f82b0000, 0x0000000105810000)
 tenured generation   total 4370484K, used 4217207K [0x0000000300150000, 0x000000040ad5d000, 0x0000000800000000)
   the space 4370484K,  96% used [0x0000000300150000, 0x00000004017adc28, 0x00000004017ade00, 0x000000040ad5d000)
 Metaspace       used 22721K, capacity 23232K, committed 23424K, reserved 1071104K
  class space    used 2354K, capacity 2568K, committed 2688K, reserved 1048576K
}
Event: 729.928 GC heap before
{Heap before GC invocations=662 (full 23):
 def new generation   total 1966784K, used 1849005K [0x0000000080200000, 0x0000000105810000, 0x0000000300150000)
  eden space 1748288K, 100% used [0x0000000080200000, 0x00000000ead50000, 0x00000000ead50000)
  from space 218496K,  46% used [0x00000000ead50000, 0x00000000f0fab438, 0x00000000f82b0000)
  to   space 218496K,   0% used [0x00000000f82b0000, 0x00000000f82b0000, 0x0000000105810000)
 tenured generation   total 4370484K, used 4217207K [0x0000000300150000, 0x000000040ad5d000, 0x0000000800000000)
   the space 4370484K,  96% used [0x0000000300150000, 0x00000004017adc28, 0x00000004017ade00, 0x000000040ad5d000)
 Metaspace       used 22721K, capacity 23232K, committed 23424K, reserved 1071104K
  class space    used 2354K, capacity 2568K, committed 2688K, reserved 1048576K
}
Event: 730.039 GC heap after
{Heap after GC invocations=663 (full 23):
 def new generation   total 1966784K, used 204363K [0x0000000080200000, 0x0000000105810000, 0x0000000300150000)
  eden space 1748288K,   0% used [0x0000000080200000, 0x0000000080200000, 0x00000000ead50000)
  from space 218496K,  93% used [0x00000000f82b0000, 0x0000000104a42c90, 0x0000000105810000)
  to   space 218496K,   0% used [0x00000000ead50000, 0x00000000ead50000, 0x00000000f82b0000)
 tenured generation   total 4370484K, used 4217207K [0x0000000300150000, 0x000000040ad5d000, 0x0000000800000000)
   the space 4370484K,  96% used [0x0000000300150000, 0x00000004017adc28, 0x00000004017ade00, 0x000000040ad5d000)
 Metaspace       used 22721K, capacity 23232K, committed 23424K, reserved 1071104K
  class space    used 2354K, capacity 2568K, committed 2688K, reserved 1048576K
}
Event: 731.365 GC heap before
{Heap before GC invocations=663 (full 23):
 def new generation   total 1966784K, used 1952651K [0x0000000080200000, 0x0000000105810000, 0x0000000300150000)
  eden space 1748288K, 100% used [0x0000000080200000, 0x00000000ead50000, 0x00000000ead50000)
  from space 218496K,  93% used [0x00000000f82b0000, 0x0000000104a42c90, 0x0000000105810000)
  to   space 218496K,   0% used [0x00000000ead50000, 0x00000000ead50000, 0x00000000f82b0000)
 tenured generation   total 4370484K, used 4217207K [0x0000000300150000, 0x000000040ad5d000, 0x0000000800000000)
   the space 4370484K,  96% used [0x0000000300150000, 0x00000004017adc28, 0x00000004017ade00, 0x000000040ad5d000)
 Metaspace       used 22721K, capacity 23232K, committed 23424K, reserved 1071104K
  class space    used 2354K, capacity 2568K, committed 2688K, reserved 1048576K
}
Event: 731.546 GC heap after
{Heap after GC invocations=664 (full 23):
 def new generation   total 1966784K, used 208812K [0x0000000080200000, 0x0000000105810000, 0x0000000300150000)
  eden space 1748288K,   0% used [0x0000000080200000, 0x0000000080200000, 0x00000000ead50000)
  from space 218496K,  95% used [0x00000000ead50000, 0x00000000f793b178, 0x00000000f82b0000)
  to   space 218496K,   0% used [0x00000000f82b0000, 0x00000000f82b0000, 0x0000000105810000)
 tenured generation   total 4370484K, used 4299957K [0x0000000300150000, 0x000000040ad5d000, 0x0000000800000000)
   the space 4370484K,  98% used [0x0000000300150000, 0x000000040687d730, 0x000000040687d800, 0x000000040ad5d000)
 Metaspace       used 22721K, capacity 23232K, committed 23424K, reserved 1071104K
  class space    used 2354K, capacity 2568K, committed 2688K, reserved 1048576K
}
Event: 732.854 GC heap before
{Heap before GC invocations=664 (full 23):
 def new generation   total 1966784K, used 1957100K [0x0000000080200000, 0x0000000105810000, 0x0000000300150000)
  eden space 1748288K, 100% used [0x0000000080200000, 0x00000000ead50000, 0x00000000ead50000)
  from space 218496K,  95% used [0x00000000ead50000, 0x00000000f793b178, 0x00000000f82b0000)
  to   space 218496K,   0% used [0x00000000f82b0000, 0x00000000f82b0000, 0x0000000105810000)
 tenured generation   total 4370484K, used 4299957K [0x0000000300150000, 0x000000040ad5d000, 0x0000000800000000)
   the space 4370484K,  98% used [0x0000000300150000, 0x000000040687d730, 0x000000040687d800, 0x000000040ad5d000)
 Metaspace       used 22721K, capacity 23232K, committed 23424K, reserved 1071104K
  class space    used 2354K, capacity 2568K, committed 2688K, reserved 1048576K
}
Event: 732.938 GC heap after
{Heap after GC invocations=665 (full 23):
 def new generation   total 1966784K, used 149389K [0x0000000080200000, 0x0000000105810000, 0x0000000300150000)
  eden space 1748288K,   0% used [0x0000000080200000, 0x0000000080200000, 0x00000000ead50000)
  from space 218496K,  68% used [0x00000000f82b0000, 0x0000000101493598, 0x0000000105810000)
  to   space 218496K,   0% used [0x00000000ead50000, 0x00000000ead50000, 0x00000000f82b0000)
 tenured generation   total 4370484K, used 4310800K [0x0000000300150000, 0x000000040ad5d000, 0x0000000800000000)
   the space 4370484K,  98% used [0x0000000300150000, 0x0000000407314320, 0x0000000407314400, 0x000000040ad5d000)
 Metaspace       used 22721K, capacity 23232K, committed 23424K, reserved 1071104K
  class space    used 2354K, capacity 2568K, committed 2688K, reserved 1048576K
}
Event: 734.239 GC heap before
{Heap before GC invocations=665 (full 23):
 def new generation   total 1966784K, used 1897677K [0x0000000080200000, 0x0000000105810000, 0x0000000300150000)
  eden space 1748288K, 100% used [0x0000000080200000, 0x00000000ead50000, 0x00000000ead50000)
  from space 218496K,  68% used [0x00000000f82b0000, 0x0000000101493598, 0x0000000105810000)
  to   space 218496K,   0% used [0x00000000ead50000, 0x00000000ead50000, 0x00000000f82b0000)
 tenured generation   total 4370484K, used 4310800K [0x0000000300150000, 0x000000040ad5d000, 0x0000000800000000)
   the space 4370484K,  98% used [0x0000000300150000, 0x0000000407314320, 0x0000000407314400, 0x000000040ad5d000)
 Metaspace       used 22721K, capacity 23232K, committed 23424K, reserved 1071104K
  class space    used 2354K, capacity 2568K, committed 2688K, reserved 1048576K
}
Event: 734.432 GC heap after
{Heap after GC invocations=666 (full 23):
 def new generation   total 1966784K, used 104674K [0x0000000080200000, 0x0000000105810000, 0x0000000300150000)
  eden space 1748288K,   0% used [0x0000000080200000, 0x0000000080200000, 0x00000000ead50000)
  from space 218496K,  47% used [0x00000000ead50000, 0x00000000f1388a60, 0x00000000f82b0000)
  to   space 218496K,   0% used [0x00000000f82b0000, 0x00000000f82b0000, 0x0000000105810000)
 tenured generation   total 4459180K, used 4459161K [0x0000000300150000, 0x00000004103fb000, 0x0000000800000000)
   the space 4459180K,  99% used [0x0000000300150000, 0x00000004103f6778, 0x00000004103f6800, 0x00000004103fb000)
 Metaspace       used 22721K, capacity 23232K, committed 23424K, reserved 1071104K
  class space    used 2354K, capacity 2568K, committed 2688K, reserved 1048576K
}
Event: 734.432 GC heap before
{Heap before GC invocations=666 (full 23):
 def new generation   total 1966784K, used 104674K [0x0000000080200000, 0x0000000105810000, 0x0000000300150000)
  eden space 1748288K,   0% used [0x0000000080200000, 0x0000000080200000, 0x00000000ead50000)
  from space 218496K,  47% used [0x00000000ead50000, 0x00000000f1388a60, 0x00000000f82b0000)
  to   space 218496K,   0% used [0x00000000f82b0000, 0x00000000f82b0000, 0x0000000105810000)
 tenured generation   total 4459180K, used 4459161K [0x0000000300150000, 0x00000004103fb000, 0x0000000800000000)
   the space 4459180K,  99% used [0x0000000300150000, 0x00000004103f6778, 0x00000004103f6800, 0x00000004103fb000)
 Metaspace       used 22721K, capacity 23232K, committed 23424K, reserved 1071104K
  class space    used 2354K, capacity 2568K, committed 2688K, reserved 1048576K
}

