# JRE version: OpenJDK Runtime Environment (13.0.7+5) (build 13.0.7+5-Ubuntu-0ubuntu120.04)
# Java VM: OpenJDK 64-Bit Server VM (13.0.7+5-Ubuntu-0ubuntu120.04, mixed mode, tiered, serial gc, linux-amd64)
Heap:
 def new generation   total 3549888K, used 2159295K [0x00007fa278600000, 0x00007fa3691e0000, 0x00007fa7cdb50000)
  eden space 3155456K,  68% used [0x00007fa278600000, 0x00007fa2fc2afbe0, 0x00007fa338f80000)
  from space 394432K,   0% used [0x00007fa3510b0000, 0x00007fa3510b0370, 0x00007fa3691e0000)
  to   space 394432K,   0% used [0x00007fa338f80000, 0x00007fa338f803f0, 0x00007fa3510b0000)
 tenured generation   total 12082860K, used 11543519K [0x00007fa7cdb50000, 0x00007faaaf2fb000, 0x00007fb278600000)
   the space 12082860K,  95% used [0x00007fa7cdb50000, 0x00007faa8e447d78, 0x00007faa8e447e00, 0x00007faaaf2fb000)
 Metaspace       used 23103K, capacity 23529K, committed 23552K, reserved 24576K
GC Heap History (20 events):
Event: 4.441 GC heap after
{Heap after GC invocations=4 (full 1):
 def new generation   total 629248K, used 65594K [0x00007fa278600000, 0x00007fa2a30c0000, 0x00007fa7cdb50000)
  eden space 559360K,   0% used [0x00007fa278600000, 0x00007fa278600000, 0x00007fa29a840000)
  from space 69888K,  93% used [0x00007fa29ec80000, 0x00007fa2a2c8ebc8, 0x00007fa2a30c0000)
  to   space 69888K,   0% used [0x00007fa29a840000, 0x00007fa29a840000, 0x00007fa29ec80000)
 tenured generation   total 1398144K, used 14477K [0x00007fa7cdb50000, 0x00007fa8230b0000, 0x00007fb278600000)
   the space 1398144K,   1% used [0x00007fa7cdb50000, 0x00007fa7ce973670, 0x00007fa7ce973800, 0x00007fa8230b0000)
 Metaspace       used 23103K, capacity 23529K, committed 23552K, reserved 24576K
}
Event: 4.748 GC heap before
{Heap before GC invocations=4 (full 1):
 def new generation   total 629248K, used 600829K [0x00007fa278600000, 0x00007fa2a30c0000, 0x00007fa7cdb50000)
  eden space 559360K,  95% used [0x00007fa278600000, 0x00007fa2990b0920, 0x00007fa29a840000)
  from space 69888K,  93% used [0x00007fa29ec80000, 0x00007fa2a2c8ebc8, 0x00007fa2a30c0000)
  to   space 69888K,   0% used [0x00007fa29a840000, 0x00007fa29a840000, 0x00007fa29ec80000)
 tenured generation   total 1398144K, used 14477K [0x00007fa7cdb50000, 0x00007fa8230b0000, 0x00007fb278600000)
   the space 1398144K,   1% used [0x00007fa7cdb50000, 0x00007fa7ce973670, 0x00007fa7ce973800, 0x00007fa8230b0000)
 Metaspace       used 23103K, capacity 23529K, committed 23552K, reserved 24576K
}
Event: 5.082 GC heap after
{Heap after GC invocations=5 (full 1):
 def new generation   total 629248K, used 0K [0x00007fa278600000, 0x00007fa2a30c0000, 0x00007fa7cdb50000)
  eden space 559360K,   0% used [0x00007fa278600000, 0x00007fa278600000, 0x00007fa29a840000)
  from space 69888K,   0% used [0x00007fa29a840000, 0x00007fa29a840160, 0x00007fa29ec80000)
  to   space 69888K,   0% used [0x00007fa29ec80000, 0x00007fa29ec80000, 0x00007fa2a30c0000)
 tenured generation   total 1398144K, used 571592K [0x00007fa7cdb50000, 0x00007fa8230b0000, 0x00007fb278600000)
   the space 1398144K,  40% used [0x00007fa7cdb50000, 0x00007fa7f0982078, 0x00007fa7f0982200, 0x00007fa8230b0000)
 Metaspace       used 23103K, capacity 23529K, committed 23552K, reserved 24576K
}
Event: 5.247 GC heap before
{Heap before GC invocations=5 (full 1):
 def new generation   total 629248K, used 535314K [0x00007fa278600000, 0x00007fa2a30c0000, 0x00007fa7cdb50000)
  eden space 559360K,  95% used [0x00007fa278600000, 0x00007fa2990c4938, 0x00007fa29a840000)
  from space 69888K,   0% used [0x00007fa29a840000, 0x00007fa29a840160, 0x00007fa29ec80000)
  to   space 69888K,   0% used [0x00007fa29ec80000, 0x00007fa29ec80000, 0x00007fa2a30c0000)
 tenured generation   total 1398144K, used 571592K [0x00007fa7cdb50000, 0x00007fa8230b0000, 0x00007fb278600000)
   the space 1398144K,  40% used [0x00007fa7cdb50000, 0x00007fa7f0982078, 0x00007fa7f0982200, 0x00007fa8230b0000)
 Metaspace       used 23103K, capacity 23529K, committed 23552K, reserved 24576K
}
Event: 5.580 GC heap after
{Heap after GC invocations=6 (full 1):
 def new generation   total 629248K, used 2K [0x00007fa278600000, 0x00007fa2a30c0000, 0x00007fa7cdb50000)
  eden space 559360K,   0% used [0x00007fa278600000, 0x00007fa278600000, 0x00007fa29a840000)
  from space 69888K,   0% used [0x00007fa29ec80000, 0x00007fa29ec80ae8, 0x00007fa2a30c0000)
  to   space 69888K,   0% used [0x00007fa29a840000, 0x00007fa29a840000, 0x00007fa29ec80000)
 tenured generation   total 1398144K, used 1095880K [0x00007fa7cdb50000, 0x00007fa8230b0000, 0x00007fb278600000)
   the space 1398144K,  78% used [0x00007fa7cdb50000, 0x00007fa8109820a8, 0x00007fa810982200, 0x00007fa8230b0000)
 Metaspace       used 23103K, capacity 23529K, committed 23552K, reserved 24576K
}
Event: 5.580 GC heap before
{Heap before GC invocations=6 (full 1):
 def new generation   total 629248K, used 2K [0x00007fa278600000, 0x00007fa2a30c0000, 0x00007fa7cdb50000)
  eden space 559360K,   0% used [0x00007fa278600000, 0x00007fa278600000, 0x00007fa29a840000)
  from space 69888K,   0% used [0x00007fa29ec80000, 0x00007fa29ec80ae8, 0x00007fa2a30c0000)
  to   space 69888K,   0% used [0x00007fa29a840000, 0x00007fa29a840000, 0x00007fa29ec80000)
 tenured generation   total 1398144K, used 1095880K [0x00007fa7cdb50000, 0x00007fa8230b0000, 0x00007fb278600000)
   the space 1398144K,  78% used [0x00007fa7cdb50000, 0x00007fa8109820a8, 0x00007fa810982200, 0x00007fa8230b0000)
 Metaspace       used 23103K, capacity 23529K, committed 23552K, reserved 24576K
}
Event: 5.661 GC heap after
{Heap after GC invocations=6 (full 2):
 def new generation   total 629248K, used 0K [0x00007fa278600000, 0x00007fa2a30c0000, 0x00007fa7cdb50000)
  eden space 559360K,   0% used [0x00007fa278600000, 0x00007fa278600000, 0x00007fa29a840000)
  from space 69888K,   0% used [0x00007fa29ec80000, 0x00007fa29ec80000, 0x00007fa2a30c0000)
  to   space 69888K,   0% used [0x00007fa29a840000, 0x00007fa29a840000, 0x00007fa29ec80000)
 tenured generation   total 1398144K, used 538825K [0x00007fa7cdb50000, 0x00007fa8230b0000, 0x00007fb278600000)
   the space 1398144K,  38% used [0x00007fa7cdb50000, 0x00007fa7ee982760, 0x00007fa7ee982800, 0x00007fa8230b0000)
 Metaspace       used 23103K, capacity 23529K, committed 23552K, reserved 24576K
}
Event: 9.230 GC heap before
{Heap before GC invocations=6 (full 2):
 def new generation   total 629248K, used 11001K [0x00007fa278600000, 0x00007fa2a30c0000, 0x00007fa7cdb50000)
  eden space 559360K,   1% used [0x00007fa278600000, 0x00007fa2790be7d0, 0x00007fa29a840000)
  from space 69888K,   0% used [0x00007fa29ec80000, 0x00007fa29ec80000, 0x00007fa2a30c0000)
  to   space 69888K,   0% used [0x00007fa29a840000, 0x00007fa29a840000, 0x00007fa29ec80000)
 tenured generation   total 5592452K, used 4733129K [0x00007fa7cdb50000, 0x00007fa9230b1000, 0x00007fb278600000)
   the space 5592452K,  84% used [0x00007fa7cdb50000, 0x00007fa8ee982778, 0x00007fa8ee982800, 0x00007fa9230b1000)
 Metaspace       used 23103K, capacity 23529K, committed 23552K, reserved 24576K
}
Event: 9.232 GC heap after
{Heap after GC invocations=7 (full 2):
 def new generation   total 629248K, used 0K [0x00007fa278600000, 0x00007fa2a30c0000, 0x00007fa7cdb50000)
  eden space 559360K,   0% used [0x00007fa278600000, 0x00007fa278600000, 0x00007fa29a840000)
  from space 69888K,   0% used [0x00007fa29a840000, 0x00007fa29a840170, 0x00007fa29ec80000)
  to   space 69888K,   0% used [0x00007fa29ec80000, 0x00007fa29ec80000, 0x00007fa2a30c0000)
 tenured generation   total 5592452K, used 4733129K [0x00007fa7cdb50000, 0x00007fa9230b1000, 0x00007fb278600000)
   the space 5592452K,  84% used [0x00007fa7cdb50000, 0x00007fa8ee982778, 0x00007fa8ee982800, 0x00007fa9230b1000)
 Metaspace       used 23103K, capacity 23529K, committed 23552K, reserved 24576K
}
Event: 9.232 GC heap before
{Heap before GC invocations=7 (full 2):
 def new generation   total 629248K, used 0K [0x00007fa278600000, 0x00007fa2a30c0000, 0x00007fa7cdb50000)
  eden space 559360K,   0% used [0x00007fa278600000, 0x00007fa278600000, 0x00007fa29a840000)
  from space 69888K,   0% used [0x00007fa29a840000, 0x00007fa29a840170, 0x00007fa29ec80000)
  to   space 69888K,   0% used [0x00007fa29ec80000, 0x00007fa29ec80000, 0x00007fa2a30c0000)
 tenured generation   total 5592452K, used 4733129K [0x00007fa7cdb50000, 0x00007fa9230b1000, 0x00007fb278600000)
   the space 5592452K,  84% used [0x00007fa7cdb50000, 0x00007fa8ee982778, 0x00007fa8ee982800, 0x00007fa9230b1000)
 Metaspace       used 23103K, capacity 23529K, committed 23552K, reserved 24576K
}
Event: 9.256 GC heap after
{Heap after GC invocations=7 (full 3):
 def new generation   total 3549888K, used 0K [0x00007fa278600000, 0x00007fa3691e0000, 0x00007fa7cdb50000)
  eden space 3155456K,   0% used [0x00007fa278600000, 0x00007fa278600000, 0x00007fa338f80000)
  from space 394432K,   0% used [0x00007fa338f80000, 0x00007fa338f80000, 0x00007fa3510b0000)
  to   space 394432K,   0% used [0x00007fa3510b0000, 0x00007fa3510b0000, 0x00007fa3691e0000)
 tenured generation   total 7888552K, used 4733130K [0x00007fa7cdb50000, 0x00007fa9af2fa000, 0x00007fb278600000)
   the space 7888552K,  59% used [0x00007fa7cdb50000, 0x00007fa8ee9828e8, 0x00007fa8ee982a00, 0x00007fa9af2fa000)
 Metaspace       used 23103K, capacity 23529K, committed 23552K, reserved 24576K
}
Event: 10.767 GC heap before
{Heap before GC invocations=7 (full 3):
 def new generation   total 3549888K, used 2159215K [0x00007fa278600000, 0x00007fa3691e0000, 0x00007fa7cdb50000)
  eden space 3155456K,  68% used [0x00007fa278600000, 0x00007fa2fc29bfd8, 0x00007fa338f80000)
  from space 394432K,   0% used [0x00007fa338f80000, 0x00007fa338f80000, 0x00007fa3510b0000)
  to   space 394432K,   0% used [0x00007fa3510b0000, 0x00007fa3510b0000, 0x00007fa3691e0000)
 tenured generation   total 7888552K, used 4733130K [0x00007fa7cdb50000, 0x00007fa9af2fa000, 0x00007fb278600000)
   the space 7888552K,  59% used [0x00007fa7cdb50000, 0x00007fa8ee9828e8, 0x00007fa8ee982a00, 0x00007fa9af2fa000)
 Metaspace       used 23103K, capacity 23529K, committed 23552K, reserved 24576K
}
Event: 11.932 GC heap after
{Heap after GC invocations=8 (full 3):
 def new generation   total 3549888K, used 0K [0x00007fa278600000, 0x00007fa3691e0000, 0x00007fa7cdb50000)
  eden space 3155456K,   0% used [0x00007fa278600000, 0x00007fa278600000, 0x00007fa338f80000)
  from space 394432K,   0% used [0x00007fa3510b0000, 0x00007fa3510b00b8, 0x00007fa3691e0000)
  to   space 394432K,   0% used [0x00007fa338f80000, 0x00007fa338f80000, 0x00007fa3510b0000)
 tenured generation   total 7888552K, used 6830282K [0x00007fa7cdb50000, 0x00007fa9af2fa000, 0x00007fb278600000)
   the space 7888552K,  86% used [0x00007fa7cdb50000, 0x00007fa96e982900, 0x00007fa96e982a00, 0x00007fa9af2fa000)
 Metaspace       used 23103K, capacity 23529K, committed 23552K, reserved 24576K
}
Event: 12.328 GC heap before
{Heap before GC invocations=8 (full 3):
 def new generation   total 3549888K, used 2158947K [0x00007fa278600000, 0x00007fa3691e0000, 0x00007fa7cdb50000)
  eden space 3155456K,  68% used [0x00007fa278600000, 0x00007fa2fc258bb8, 0x00007fa338f80000)
  from space 394432K,   0% used [0x00007fa3510b0000, 0x00007fa3510b00b8, 0x00007fa3691e0000)
  to   space 394432K,   0% used [0x00007fa338f80000, 0x00007fa338f80000, 0x00007fa3510b0000)
 tenured generation   total 7888552K, used 6830282K [0x00007fa7cdb50000, 0x00007fa9af2fa000, 0x00007fb278600000)
   the space 7888552K,  86% used [0x00007fa7cdb50000, 0x00007fa96e982900, 0x00007fa96e982a00, 0x00007fa9af2fa000)
 Metaspace       used 23103K, capacity 23529K, committed 23552K, reserved 24576K
}
Event: 13.492 GC heap after
{Heap after GC invocations=9 (full 3):
 def new generation   total 3549888K, used 0K [0x00007fa278600000, 0x00007fa3691e0000, 0x00007fa7cdb50000)
  eden space 3155456K,   0% used [0x00007fa278600000, 0x00007fa278600000, 0x00007fa338f80000)
  from space 394432K,   0% used [0x00007fa338f80000, 0x00007fa338f80348, 0x00007fa3510b0000)
  to   space 394432K,   0% used [0x00007fa3510b0000, 0x00007fa3510b0000, 0x00007fa3691e0000)
 tenured generation   total 9985708K, used 8927434K [0x00007fa7cdb50000, 0x00007faa2f2fb000, 0x00007fb278600000)
   the space 9985708K,  89% used [0x00007fa7cdb50000, 0x00007fa9ee982918, 0x00007fa9ee982a00, 0x00007faa2f2fb000)
 Metaspace       used 23103K, capacity 23529K, committed 23552K, reserved 24576K
}
Event: 13.492 GC heap before
{Heap before GC invocations=9 (full 3):
 def new generation   total 3549888K, used 0K [0x00007fa278600000, 0x00007fa3691e0000, 0x00007fa7cdb50000)
  eden space 3155456K,   0% used [0x00007fa278600000, 0x00007fa278600000, 0x00007fa338f80000)
  from space 394432K,   0% used [0x00007fa338f80000, 0x00007fa338f80348, 0x00007fa3510b0000)
  to   space 394432K,   0% used [0x00007fa3510b0000, 0x00007fa3510b0000, 0x00007fa3691e0000)
 tenured generation   total 9985708K, used 8927434K [0x00007fa7cdb50000, 0x00007faa2f2fb000, 0x00007fb278600000)
   the space 9985708K,  89% used [0x00007fa7cdb50000, 0x00007fa9ee982918, 0x00007fa9ee982a00, 0x00007faa2f2fb000)
 Metaspace       used 23103K, capacity 23529K, committed 23552K, reserved 24576K
}
Event: 14.597 GC heap after
{Heap after GC invocations=9 (full 4):
 def new generation   total 3549888K, used 0K [0x00007fa278600000, 0x00007fa3691e0000, 0x00007fa7cdb50000)
  eden space 3155456K,   0% used [0x00007fa278600000, 0x00007fa278600000, 0x00007fa338f80000)
  from space 394432K,   0% used [0x00007fa338f80000, 0x00007fa338f80000, 0x00007fa3510b0000)
  to   space 394432K,   0% used [0x00007fa3510b0000, 0x00007fa3510b0000, 0x00007fa3691e0000)
 tenured generation   total 7888552K, used 4203487K [0x00007fa7cdb50000, 0x00007fa9af2fa000, 0x00007fb278600000)
   the space 7888552K,  53% used [0x00007fa7cdb50000, 0x00007fa8ce447d30, 0x00007fa8ce447e00, 0x00007fa9af2fa000)
 Metaspace       used 23103K, capacity 23529K, committed 23552K, reserved 24576K
}
Event: 18.720 GC heap before
{Heap before GC invocations=9 (full 4):
 def new generation   total 3549888K, used 2158774K [0x00007fa278600000, 0x00007fa3691e0000, 0x00007fa7cdb50000)
  eden space 3155456K,  68% used [0x00007fa278600000, 0x00007fa2fc22dab0, 0x00007fa338f80000)
  from space 394432K,   0% used [0x00007fa338f80000, 0x00007fa338f80000, 0x00007fa3510b0000)
  to   space 394432K,   0% used [0x00007fa3510b0000, 0x00007fa3510b0000, 0x00007fa3691e0000)
 tenured generation   total 12082860K, used 8397791K [0x00007fa7cdb50000, 0x00007faaaf2fb000, 0x00007fb278600000)
   the space 12082860K,  69% used [0x00007fa7cdb50000, 0x00007fa9ce447d48, 0x00007fa9ce447e00, 0x00007faaaf2fb000)
 Metaspace       used 23103K, capacity 23529K, committed 23552K, reserved 24576K
}
Event: 19.883 GC heap after
{Heap after GC invocations=10 (full 4):
 def new generation   total 3549888K, used 0K [0x00007fa278600000, 0x00007fa3691e0000, 0x00007fa7cdb50000)
  eden space 3155456K,   0% used [0x00007fa278600000, 0x00007fa278600000, 0x00007fa338f80000)
  from space 394432K,   0% used [0x00007fa3510b0000, 0x00007fa3510b0370, 0x00007fa3691e0000)
  to   space 394432K,   0% used [0x00007fa338f80000, 0x00007fa338f80000, 0x00007fa3510b0000)
 tenured generation   total 12082860K, used 10494943K [0x00007fa7cdb50000, 0x00007faaaf2fb000, 0x00007fb278600000)
   the space 12082860K,  86% used [0x00007fa7cdb50000, 0x00007faa4e447d60, 0x00007faa4e447e00, 0x00007faaaf2fb000)
 Metaspace       used 23103K, capacity 23529K, committed 23552K, reserved 24576K
}
Event: 20.603 GC heap before
{Heap before GC invocations=10 (full 4):
 def new generation   total 3549888K, used 2159295K [0x00007fa278600000, 0x00007fa3691e0000, 0x00007fa7cdb50000)
  eden space 3155456K,  68% used [0x00007fa278600000, 0x00007fa2fc2afbe0, 0x00007fa338f80000)
  from space 394432K,   0% used [0x00007fa3510b0000, 0x00007fa3510b0370, 0x00007fa3691e0000)
  to   space 394432K,   0% used [0x00007fa338f80000, 0x00007fa338f80000, 0x00007fa3510b0000)
 tenured generation   total 12082860K, used 10494943K [0x00007fa7cdb50000, 0x00007faaaf2fb000, 0x00007fb278600000)
   the space 12082860K,  86% used [0x00007fa7cdb50000, 0x00007faa4e447d60, 0x00007faa4e447e00, 0x00007faaaf2fb000)
 Metaspace       used 23103K, capacity 23529K, committed 23552K, reserved 24576K
}

