# JRE version: OpenJDK Runtime Environment (13.0.7+5) (build 13.0.7+5-Ubuntu-0ubuntu120.04)
# Java VM: OpenJDK 64-Bit Server VM (13.0.7+5-Ubuntu-0ubuntu120.04, mixed mode, tiered, serial gc, linux-amd64)
Heap:
 def new generation   total 1579776K, used 0K [0x00007efd1c600000, 0x00007efd87820000, 0x00007f0271b50000)
  eden space 1404288K,   0% used [0x00007efd1c600000, 0x00007efd1c600000, 0x00007efd72160000)
  from space 175488K,   0% used [0x00007efd7ccc0000, 0x00007efd7ccc0000, 0x00007efd87820000)
  to   space 175488K,   0% used [0x00007efd72160000, 0x00007efd72160000, 0x00007efd7ccc0000)
 tenured generation   total 11899128K, used 9446340K [0x00007f0271b50000, 0x00007f0547f8e000, 0x00007f0d1c600000)
   the space 11899128K,  79% used [0x00007f0271b50000, 0x00007f04b2441110, 0x00007f04b2441200, 0x00007f0547f8e000)
 Metaspace       used 23233K, capacity 23609K, committed 23808K, reserved 24576K
GC Heap History (19 events):
Event: 2.287 GC heap before
{Heap before GC invocations=0 (full 0):
 def new generation   total 629120K, used 100663K [0x00007efd1c600000, 0x00007efd470a0000, 0x00007f0271b50000)
  eden space 559232K,  18% used [0x00007efd1c600000, 0x00007efd2284dd08, 0x00007efd3e820000)
  from space 69888K,   0% used [0x00007efd3e820000, 0x00007efd3e820000, 0x00007efd42c60000)
  to   space 69888K,   0% used [0x00007efd42c60000, 0x00007efd42c60000, 0x00007efd470a0000)
 tenured generation   total 1398144K, used 0K [0x00007f0271b50000, 0x00007f02c70b0000, 0x00007f0d1c600000)
   the space 1398144K,   0% used [0x00007f0271b50000, 0x00007f0271b50000, 0x00007f0271b50200, 0x00007f02c70b0000)
 Metaspace       used 20893K, capacity 21158K, committed 21248K, reserved 22528K
}
Event: 2.326 GC heap after
{Heap after GC invocations=1 (full 1):
 def new generation   total 629248K, used 0K [0x00007efd1c600000, 0x00007efd470c0000, 0x00007f0271b50000)
  eden space 559360K,   0% used [0x00007efd1c600000, 0x00007efd1c600000, 0x00007efd3e840000)
  from space 69888K,   0% used [0x00007efd3e840000, 0x00007efd3e840000, 0x00007efd42c80000)
  to   space 69888K,   0% used [0x00007efd42c80000, 0x00007efd42c80000, 0x00007efd470c0000)
 tenured generation   total 1398144K, used 13585K [0x00007f0271b50000, 0x00007f02c70b0000, 0x00007f0d1c600000)
   the space 1398144K,   0% used [0x00007f0271b50000, 0x00007f0272894628, 0x00007f0272894800, 0x00007f02c70b0000)
 Metaspace       used 20893K, capacity 21158K, committed 21248K, reserved 22528K
}
Event: 3.862 GC heap before
{Heap before GC invocations=1 (full 1):
 def new generation   total 629248K, used 559360K [0x00007efd1c600000, 0x00007efd470c0000, 0x00007f0271b50000)
  eden space 559360K, 100% used [0x00007efd1c600000, 0x00007efd3e840000, 0x00007efd3e840000)
  from space 69888K,   0% used [0x00007efd3e840000, 0x00007efd3e840000, 0x00007efd42c80000)
  to   space 69888K,   0% used [0x00007efd42c80000, 0x00007efd42c80000, 0x00007efd470c0000)
 tenured generation   total 1398144K, used 13585K [0x00007f0271b50000, 0x00007f02c70b0000, 0x00007f0d1c600000)
   the space 1398144K,   0% used [0x00007f0271b50000, 0x00007f0272894628, 0x00007f0272894800, 0x00007f02c70b0000)
 Metaspace       used 23229K, capacity 23609K, committed 23808K, reserved 24576K
}
Event: 3.868 GC heap after
{Heap after GC invocations=2 (full 1):
 def new generation   total 629248K, used 5025K [0x00007efd1c600000, 0x00007efd470c0000, 0x00007f0271b50000)
  eden space 559360K,   0% used [0x00007efd1c600000, 0x00007efd1c600000, 0x00007efd3e840000)
  from space 69888K,   7% used [0x00007efd42c80000, 0x00007efd43168598, 0x00007efd470c0000)
  to   space 69888K,   0% used [0x00007efd3e840000, 0x00007efd3e840000, 0x00007efd42c80000)
 tenured generation   total 1398144K, used 13585K [0x00007f0271b50000, 0x00007f02c70b0000, 0x00007f0d1c600000)
   the space 1398144K,   0% used [0x00007f0271b50000, 0x00007f0272894628, 0x00007f0272894800, 0x00007f02c70b0000)
 Metaspace       used 23229K, capacity 23609K, committed 23808K, reserved 24576K
}
Event: 3.975 GC heap before
{Heap before GC invocations=2 (full 1):
 def new generation   total 629248K, used 152560K [0x00007efd1c600000, 0x00007efd470c0000, 0x00007f0271b50000)
  eden space 559360K,  26% used [0x00007efd1c600000, 0x00007efd25613a88, 0x00007efd3e840000)
  from space 69888K,   7% used [0x00007efd42c80000, 0x00007efd43168598, 0x00007efd470c0000)
  to   space 69888K,   0% used [0x00007efd3e840000, 0x00007efd3e840000, 0x00007efd42c80000)
 tenured generation   total 1398144K, used 13585K [0x00007f0271b50000, 0x00007f02c70b0000, 0x00007f0d1c600000)
   the space 1398144K,   0% used [0x00007f0271b50000, 0x00007f0272894628, 0x00007f0272894800, 0x00007f02c70b0000)
 Metaspace       used 23233K, capacity 23609K, committed 23808K, reserved 24576K
}
Event: 4.023 GC heap after
{Heap after GC invocations=3 (full 1):
 def new generation   total 629248K, used 66455K [0x00007efd1c600000, 0x00007efd470c0000, 0x00007f0271b50000)
  eden space 559360K,   0% used [0x00007efd1c600000, 0x00007efd1c600000, 0x00007efd3e840000)
  from space 69888K,  95% used [0x00007efd3e840000, 0x00007efd42925fb0, 0x00007efd42c80000)
  to   space 69888K,   0% used [0x00007efd42c80000, 0x00007efd42c80000, 0x00007efd470c0000)
 tenured generation   total 1398144K, used 79121K [0x00007f0271b50000, 0x00007f02c70b0000, 0x00007f0d1c600000)
   the space 1398144K,   5% used [0x00007f0271b50000, 0x00007f0276894640, 0x00007f0276894800, 0x00007f02c70b0000)
 Metaspace       used 23233K, capacity 23609K, committed 23808K, reserved 24576K
}
Event: 4.023 GC heap before
{Heap before GC invocations=3 (full 1):
 def new generation   total 629248K, used 66455K [0x00007efd1c600000, 0x00007efd470c0000, 0x00007f0271b50000)
  eden space 559360K,   0% used [0x00007efd1c600000, 0x00007efd1c600000, 0x00007efd3e840000)
  from space 69888K,  95% used [0x00007efd3e840000, 0x00007efd42925fb0, 0x00007efd42c80000)
  to   space 69888K,   0% used [0x00007efd42c80000, 0x00007efd42c80000, 0x00007efd470c0000)
 tenured generation   total 1398144K, used 79121K [0x00007f0271b50000, 0x00007f02c70b0000, 0x00007f0d1c600000)
   the space 1398144K,   5% used [0x00007f0271b50000, 0x00007f0276894640, 0x00007f0276894800, 0x00007f02c70b0000)
 Metaspace       used 23233K, capacity 23609K, committed 23808K, reserved 24576K
}
Event: 4.069 GC heap after
{Heap after GC invocations=3 (full 2):
 def new generation   total 629248K, used 0K [0x00007efd1c600000, 0x00007efd470c0000, 0x00007f0271b50000)
  eden space 559360K,   0% used [0x00007efd1c600000, 0x00007efd1c600000, 0x00007efd3e840000)
  from space 69888K,   0% used [0x00007efd3e840000, 0x00007efd3e840000, 0x00007efd42c80000)
  to   space 69888K,   0% used [0x00007efd42c80000, 0x00007efd42c80000, 0x00007efd470c0000)
 tenured generation   total 1398144K, used 145577K [0x00007f0271b50000, 0x00007f02c70b0000, 0x00007f0d1c600000)
   the space 1398144K,  10% used [0x00007f0271b50000, 0x00007f027a97a5a0, 0x00007f027a97a600, 0x00007f02c70b0000)
 Metaspace       used 23233K, capacity 23609K, committed 23808K, reserved 24576K
}
Event: 8.417 GC heap before
{Heap before GC invocations=3 (full 2):
 def new generation   total 629248K, used 10868K [0x00007efd1c600000, 0x00007efd470c0000, 0x00007f0271b50000)
  eden space 559360K,   1% used [0x00007efd1c600000, 0x00007efd1d09d358, 0x00007efd3e840000)
  from space 69888K,   0% used [0x00007efd3e840000, 0x00007efd3e840000, 0x00007efd42c80000)
  to   space 69888K,   0% used [0x00007efd42c80000, 0x00007efd42c80000, 0x00007efd470c0000)
 tenured generation   total 3495300K, used 3291305K [0x00007f0271b50000, 0x00007f03470b1000, 0x00007f0d1c600000)
   the space 3495300K,  94% used [0x00007f0271b50000, 0x00007f033a97a5d0, 0x00007f033a97a600, 0x00007f03470b1000)
 Metaspace       used 23233K, capacity 23609K, committed 23808K, reserved 24576K
}
Event: 8.422 GC heap after
{Heap after GC invocations=4 (full 2):
 def new generation   total 629248K, used 0K [0x00007efd1c600000, 0x00007efd470c0000, 0x00007f0271b50000)
  eden space 559360K,   0% used [0x00007efd1c600000, 0x00007efd1c600000, 0x00007efd3e840000)
  from space 69888K,   0% used [0x00007efd42c80000, 0x00007efd42c80368, 0x00007efd470c0000)
  to   space 69888K,   0% used [0x00007efd3e840000, 0x00007efd3e840000, 0x00007efd42c80000)
 tenured generation   total 3495300K, used 3291305K [0x00007f0271b50000, 0x00007f03470b1000, 0x00007f0d1c600000)
   the space 3495300K,  94% used [0x00007f0271b50000, 0x00007f033a97a5d0, 0x00007f033a97a600, 0x00007f03470b1000)
 Metaspace       used 23233K, capacity 23609K, committed 23808K, reserved 24576K
}
Event: 8.422 GC heap before
{Heap before GC invocations=4 (full 2):
 def new generation   total 629248K, used 0K [0x00007efd1c600000, 0x00007efd470c0000, 0x00007f0271b50000)
  eden space 559360K,   0% used [0x00007efd1c600000, 0x00007efd1c600000, 0x00007efd3e840000)
  from space 69888K,   0% used [0x00007efd42c80000, 0x00007efd42c80368, 0x00007efd470c0000)
  to   space 69888K,   0% used [0x00007efd3e840000, 0x00007efd3e840000, 0x00007efd42c80000)
 tenured generation   total 3495300K, used 3291305K [0x00007f0271b50000, 0x00007f03470b1000, 0x00007f0d1c600000)
   the space 3495300K,  94% used [0x00007f0271b50000, 0x00007f033a97a5d0, 0x00007f033a97a600, 0x00007f03470b1000)
 Metaspace       used 23233K, capacity 23609K, committed 23808K, reserved 24576K
}
Event: 9.071 GC heap after
{Heap after GC invocations=4 (full 3):
 def new generation   total 1572992K, used 0K [0x00007efd1c600000, 0x00007efd870c0000, 0x00007f0271b50000)
  eden space 1398272K,   0% used [0x00007efd1c600000, 0x00007efd1c600000, 0x00007efd71b80000)
  from space 174720K,   0% used [0x00007efd71b80000, 0x00007efd71b80000, 0x00007efd7c620000)
  to   space 174720K,   0% used [0x00007efd7c620000, 0x00007efd7c620000, 0x00007efd870c0000)
 tenured generation   total 3495300K, used 1194154K [0x00007f0271b50000, 0x00007f03470b1000, 0x00007f0d1c600000)
   the space 3495300K,  34% used [0x00007f0271b50000, 0x00007f02ba97a920, 0x00007f02ba97aa00, 0x00007f03470b1000)
 Metaspace       used 23233K, capacity 23609K, committed 23808K, reserved 24576K
}
Event: 10.103 GC heap before
{Heap before GC invocations=4 (full 3):
 def new generation   total 1572992K, used 1075745K [0x00007efd1c600000, 0x00007efd870c0000, 0x00007f0271b50000)
  eden space 1398272K,  76% used [0x00007efd1c600000, 0x00007efd5e088678, 0x00007efd71b80000)
  from space 174720K,   0% used [0x00007efd71b80000, 0x00007efd71b80000, 0x00007efd7c620000)
  to   space 174720K,   0% used [0x00007efd7c620000, 0x00007efd7c620000, 0x00007efd870c0000)
 tenured generation   total 3495300K, used 1194154K [0x00007f0271b50000, 0x00007f03470b1000, 0x00007f0d1c600000)
   the space 3495300K,  34% used [0x00007f0271b50000, 0x00007f02ba97a920, 0x00007f02ba97aa00, 0x00007f03470b1000)
 Metaspace       used 23233K, capacity 23609K, committed 23808K, reserved 24576K
}
Event: 10.611 GC heap after
{Heap after GC invocations=5 (full 3):
 def new generation   total 1572992K, used 0K [0x00007efd1c600000, 0x00007efd870c0000, 0x00007f0271b50000)
  eden space 1398272K,   0% used [0x00007efd1c600000, 0x00007efd1c600000, 0x00007efd71b80000)
  from space 174720K,   0% used [0x00007efd7c620000, 0x00007efd7c6202d8, 0x00007efd870c0000)
  to   space 174720K,   0% used [0x00007efd71b80000, 0x00007efd71b80000, 0x00007efd7c620000)
 tenured generation   total 3495300K, used 2242730K [0x00007f0271b50000, 0x00007f03470b1000, 0x00007f0d1c600000)
   the space 3495300K,  64% used [0x00007f0271b50000, 0x00007f02fa97a938, 0x00007f02fa97aa00, 0x00007f03470b1000)
 Metaspace       used 23233K, capacity 23609K, committed 23808K, reserved 24576K
}
Event: 10.611 GC heap before
{Heap before GC invocations=5 (full 3):
 def new generation   total 1572992K, used 0K [0x00007efd1c600000, 0x00007efd870c0000, 0x00007f0271b50000)
  eden space 1398272K,   0% used [0x00007efd1c600000, 0x00007efd1c600000, 0x00007efd71b80000)
  from space 174720K,   0% used [0x00007efd7c620000, 0x00007efd7c6202d8, 0x00007efd870c0000)
  to   space 174720K,   0% used [0x00007efd71b80000, 0x00007efd71b80000, 0x00007efd7c620000)
 tenured generation   total 3495300K, used 2242730K [0x00007f0271b50000, 0x00007f03470b1000, 0x00007f0d1c600000)
   the space 3495300K,  64% used [0x00007f0271b50000, 0x00007f02fa97a938, 0x00007f02fa97aa00, 0x00007f03470b1000)
 Metaspace       used 23233K, capacity 23609K, committed 23808K, reserved 24576K
}
Event: 12.946 GC heap after
{Heap after GC invocations=5 (full 4):
 def new generation   total 1579776K, used 0K [0x00007efd1c600000, 0x00007efd87820000, 0x00007f0271b50000)
  eden space 1404288K,   0% used [0x00007efd1c600000, 0x00007efd1c600000, 0x00007efd72160000)
  from space 175488K,   0% used [0x00007efd72160000, 0x00007efd72160000, 0x00007efd7ccc0000)
  to   space 175488K,   0% used [0x00007efd7ccc0000, 0x00007efd7ccc0000, 0x00007efd87820000)
 tenured generation   total 3510516K, used 2106308K [0x00007f0271b50000, 0x00007f0347f8d000, 0x00007f0d1c600000)
   the space 3510516K,  59% used [0x00007f0271b50000, 0x00007f02f2441138, 0x00007f02f2441200, 0x00007f0347f8d000)
 Metaspace       used 23233K, capacity 23609K, committed 23808K, reserved 24576K
}
Event: 35.399 GC heap before
{Heap before GC invocations=5 (full 4):
 def new generation   total 1579776K, used 27317K [0x00007efd1c600000, 0x00007efd87820000, 0x00007f0271b50000)
  eden space 1404288K,   1% used [0x00007efd1c600000, 0x00007efd1e0ad7e8, 0x00007efd72160000)
  from space 175488K,   0% used [0x00007efd72160000, 0x00007efd72160000, 0x00007efd7ccc0000)
  to   space 175488K,   0% used [0x00007efd7ccc0000, 0x00007efd7ccc0000, 0x00007efd87820000)
 tenured generation   total 11899128K, used 10494916K [0x00007f0271b50000, 0x00007f0547f8e000, 0x00007f0d1c600000)
   the space 11899128K,  88% used [0x00007f0271b50000, 0x00007f04f2441150, 0x00007f04f2441200, 0x00007f0547f8e000)
 Metaspace       used 23233K, capacity 23609K, committed 23808K, reserved 24576K
}
Event: 35.524 GC heap after
{Heap after GC invocations=6 (full 4):
 def new generation   total 1579776K, used 0K [0x00007efd1c600000, 0x00007efd87820000, 0x00007f0271b50000)
  eden space 1404288K,   0% used [0x00007efd1c600000, 0x00007efd1c600000, 0x00007efd72160000)
  from space 175488K,   0% used [0x00007efd7ccc0000, 0x00007efd7ccc0188, 0x00007efd87820000)
  to   space 175488K,   0% used [0x00007efd72160000, 0x00007efd72160000, 0x00007efd7ccc0000)
 tenured generation   total 11899128K, used 10494916K [0x00007f0271b50000, 0x00007f0547f8e000, 0x00007f0d1c600000)
   the space 11899128K,  88% used [0x00007f0271b50000, 0x00007f04f2441150, 0x00007f04f2441200, 0x00007f0547f8e000)
 Metaspace       used 23233K, capacity 23609K, committed 23808K, reserved 24576K
}
Event: 35.524 GC heap before
{Heap before GC invocations=6 (full 4):
 def new generation   total 1579776K, used 0K [0x00007efd1c600000, 0x00007efd87820000, 0x00007f0271b50000)
  eden space 1404288K,   0% used [0x00007efd1c600000, 0x00007efd1c600000, 0x00007efd72160000)
  from space 175488K,   0% used [0x00007efd7ccc0000, 0x00007efd7ccc0188, 0x00007efd87820000)
  to   space 175488K,   0% used [0x00007efd72160000, 0x00007efd72160000, 0x00007efd7ccc0000)
 tenured generation   total 11899128K, used 10494916K [0x00007f0271b50000, 0x00007f0547f8e000, 0x00007f0d1c600000)
   the space 11899128K,  88% used [0x00007f0271b50000, 0x00007f04f2441150, 0x00007f04f2441200, 0x00007f0547f8e000)
 Metaspace       used 23233K, capacity 23609K, committed 23808K, reserved 24576K
}

