# JRE version: OpenJDK Runtime Environment (13.0.7+5) (build 13.0.7+5-Ubuntu-0ubuntu120.04)
# Java VM: OpenJDK 64-Bit Server VM (13.0.7+5-Ubuntu-0ubuntu120.04, mixed mode, tiered, serial gc, linux-amd64)
Heap:
 def new generation   total 8421504K, used 935609K [0x00007f3770600000, 0x00007f39ab7e0000, 0x00007f3cc5b50000)
  eden space 7485824K,  12% used [0x00007f3770600000, 0x00007f37a97ae740, 0x00007f3939460000)
  from space 935680K,   0% used [0x00007f3939460000, 0x00007f3939460000, 0x00007f3972620000)
  to   space 935680K,   0% used [0x00007f3972620000, 0x00007f3972620000, 0x00007f39ab7e0000)
 tenured generation   total 19376876K, used 19376875K [0x00007f3cc5b50000, 0x00007f416460b000, 0x00007f4770600000)
   the space 19376876K,  99% used [0x00007f3cc5b50000, 0x00007f416460aff0, 0x00007f416460b000, 0x00007f416460b000)
 Metaspace       used 30752K, capacity 31198K, committed 31488K, reserved 32768K
GC Heap History (20 events):
Event: 161.314 GC heap after
{Heap after GC invocations=56 (full 7):
 def new generation   total 5040192K, used 373878K [0x00007f3770600000, 0x00007f38c62f0000, 0x00007f3cc5b50000)
  eden space 4480192K,   0% used [0x00007f3770600000, 0x00007f3770600000, 0x00007f3881d30000)
  from space 560000K,  66% used [0x00007f38a4010000, 0x00007f38bad2d938, 0x00007f38c62f0000)
  to   space 560000K,   0% used [0x00007f3881d30000, 0x00007f3881d30000, 0x00007f38a4010000)
 tenured generation   total 11200336K, used 10667581K [0x00007f3cc5b50000, 0x00007f3f71524000, 0x00007f4770600000)
   the space 11200336K,  95% used [0x00007f3cc5b50000, 0x00007f3f50cdf490, 0x00007f3f50cdf600, 0x00007f3f71524000)
 Metaspace       used 30752K, capacity 31198K, committed 31488K, reserved 32768K
}
Event: 162.389 GC heap before
{Heap before GC invocations=56 (full 7):
 def new generation   total 5040192K, used 4854070K [0x00007f3770600000, 0x00007f38c62f0000, 0x00007f3cc5b50000)
  eden space 4480192K, 100% used [0x00007f3770600000, 0x00007f3881d30000, 0x00007f3881d30000)
  from space 560000K,  66% used [0x00007f38a4010000, 0x00007f38bad2d938, 0x00007f38c62f0000)
  to   space 560000K,   0% used [0x00007f3881d30000, 0x00007f3881d30000, 0x00007f38a4010000)
 tenured generation   total 11200336K, used 10667581K [0x00007f3cc5b50000, 0x00007f3f71524000, 0x00007f4770600000)
   the space 11200336K,  95% used [0x00007f3cc5b50000, 0x00007f3f50cdf490, 0x00007f3f50cdf600, 0x00007f3f71524000)
 Metaspace       used 30752K, capacity 31198K, committed 31488K, reserved 32768K
}
Event: 163.396 GC heap after
{Heap after GC invocations=57 (full 7):
 def new generation   total 5040192K, used 365432K [0x00007f3770600000, 0x00007f38c62f0000, 0x00007f3cc5b50000)
  eden space 4480192K,   0% used [0x00007f3770600000, 0x00007f3770600000, 0x00007f3881d30000)
  from space 560000K,  65% used [0x00007f3881d30000, 0x00007f389820e318, 0x00007f38a4010000)
  to   space 560000K,   0% used [0x00007f38a4010000, 0x00007f38a4010000, 0x00007f38c62f0000)
 tenured generation   total 11200336K, used 11041459K [0x00007f3cc5b50000, 0x00007f3f71524000, 0x00007f4770600000)
   the space 11200336K,  98% used [0x00007f3cc5b50000, 0x00007f3f679fcc68, 0x00007f3f679fce00, 0x00007f3f71524000)
 Metaspace       used 30752K, capacity 31198K, committed 31488K, reserved 32768K
}
Event: 164.466 GC heap before
{Heap before GC invocations=57 (full 7):
 def new generation   total 5040192K, used 4845624K [0x00007f3770600000, 0x00007f38c62f0000, 0x00007f3cc5b50000)
  eden space 4480192K, 100% used [0x00007f3770600000, 0x00007f3881d30000, 0x00007f3881d30000)
  from space 560000K,  65% used [0x00007f3881d30000, 0x00007f389820e318, 0x00007f38a4010000)
  to   space 560000K,   0% used [0x00007f38a4010000, 0x00007f38a4010000, 0x00007f38c62f0000)
 tenured generation   total 11200336K, used 11041459K [0x00007f3cc5b50000, 0x00007f3f71524000, 0x00007f4770600000)
   the space 11200336K,  98% used [0x00007f3cc5b50000, 0x00007f3f679fcc68, 0x00007f3f679fce00, 0x00007f3f71524000)
 Metaspace       used 30752K, capacity 31198K, committed 31488K, reserved 32768K
}
Event: 165.504 GC heap after
{Heap after GC invocations=58 (full 7):
 def new generation   total 5040192K, used 357554K [0x00007f3770600000, 0x00007f38c62f0000, 0x00007f3cc5b50000)
  eden space 4480192K,   0% used [0x00007f3770600000, 0x00007f3770600000, 0x00007f3881d30000)
  from space 560000K,  63% used [0x00007f38a4010000, 0x00007f38b9d3c888, 0x00007f38c62f0000)
  to   space 560000K,   0% used [0x00007f3881d30000, 0x00007f3881d30000, 0x00007f38a4010000)
 tenured generation   total 11406928K, used 11406890K [0x00007f3cc5b50000, 0x00007f3f7dee4000, 0x00007f4770600000)
   the space 11406928K,  99% used [0x00007f3cc5b50000, 0x00007f3f7dedab60, 0x00007f3f7dedac00, 0x00007f3f7dee4000)
 Metaspace       used 30752K, capacity 31198K, committed 31488K, reserved 32768K
}
Event: 165.504 GC heap before
{Heap before GC invocations=58 (full 7):
 def new generation   total 5040192K, used 357554K [0x00007f3770600000, 0x00007f38c62f0000, 0x00007f3cc5b50000)
  eden space 4480192K,   0% used [0x00007f3770600000, 0x00007f3770600000, 0x00007f3881d30000)
  from space 560000K,  63% used [0x00007f38a4010000, 0x00007f38b9d3c888, 0x00007f38c62f0000)
  to   space 560000K,   0% used [0x00007f3881d30000, 0x00007f3881d30000, 0x00007f38a4010000)
 tenured generation   total 11406928K, used 11406890K [0x00007f3cc5b50000, 0x00007f3f7dee4000, 0x00007f4770600000)
   the space 11406928K,  99% used [0x00007f3cc5b50000, 0x00007f3f7dedab60, 0x00007f3f7dedac00, 0x00007f3f7dee4000)
 Metaspace       used 30752K, capacity 31198K, committed 31488K, reserved 32768K
}
Event: 181.855 GC heap after
{Heap after GC invocations=58 (full 8):
 def new generation   total 8421504K, used 0K [0x00007f3770600000, 0x00007f39ab7e0000, 0x00007f3cc5b50000)
  eden space 7485824K,   0% used [0x00007f3770600000, 0x00007f3770600000, 0x00007f3939460000)
  from space 935680K,   0% used [0x00007f3939460000, 0x00007f3939460000, 0x00007f3972620000)
  to   space 935680K,   0% used [0x00007f3972620000, 0x00007f3972620000, 0x00007f39ab7e0000)
 tenured generation   total 18714284K, used 11228570K [0x00007f3cc5b50000, 0x00007f413befb000, 0x00007f4770600000)
   the space 18714284K,  59% used [0x00007f3cc5b50000, 0x00007f3f730b6948, 0x00007f3f730b6a00, 0x00007f413befb000)
 Metaspace       used 30752K, capacity 31198K, committed 31488K, reserved 32768K
}
Event: 184.366 GC heap before
{Heap before GC invocations=58 (full 8):
 def new generation   total 8421504K, used 7485824K [0x00007f3770600000, 0x00007f39ab7e0000, 0x00007f3cc5b50000)
  eden space 7485824K, 100% used [0x00007f3770600000, 0x00007f3939460000, 0x00007f3939460000)
  from space 935680K,   0% used [0x00007f3939460000, 0x00007f3939460000, 0x00007f3972620000)
  to   space 935680K,   0% used [0x00007f3972620000, 0x00007f3972620000, 0x00007f39ab7e0000)
 tenured generation   total 18714284K, used 11228570K [0x00007f3cc5b50000, 0x00007f413befb000, 0x00007f4770600000)
   the space 18714284K,  59% used [0x00007f3cc5b50000, 0x00007f3f730b6948, 0x00007f3f730b6a00, 0x00007f413befb000)
 Metaspace       used 30752K, capacity 31198K, committed 31488K, reserved 32768K
}
Event: 186.047 GC heap after
{Heap after GC invocations=59 (full 8):
 def new generation   total 8421504K, used 658151K [0x00007f3770600000, 0x00007f39ab7e0000, 0x00007f3cc5b50000)
  eden space 7485824K,   0% used [0x00007f3770600000, 0x00007f3770600000, 0x00007f3939460000)
  from space 935680K,  70% used [0x00007f3972620000, 0x00007f399a8d9d88, 0x00007f39ab7e0000)
  to   space 935680K,   0% used [0x00007f3939460000, 0x00007f3939460000, 0x00007f3972620000)
 tenured generation   total 18714284K, used 11228570K [0x00007f3cc5b50000, 0x00007f413befb000, 0x00007f4770600000)
   the space 18714284K,  59% used [0x00007f3cc5b50000, 0x00007f3f730b6948, 0x00007f3f730b6a00, 0x00007f413befb000)
 Metaspace       used 30752K, capacity 31198K, committed 31488K, reserved 32768K
}
Event: 187.861 GC heap before
{Heap before GC invocations=59 (full 8):
 def new generation   total 8421504K, used 8143975K [0x00007f3770600000, 0x00007f39ab7e0000, 0x00007f3cc5b50000)
  eden space 7485824K, 100% used [0x00007f3770600000, 0x00007f3939460000, 0x00007f3939460000)
  from space 935680K,  70% used [0x00007f3972620000, 0x00007f399a8d9d88, 0x00007f39ab7e0000)
  to   space 935680K,   0% used [0x00007f3939460000, 0x00007f3939460000, 0x00007f3972620000)
 tenured generation   total 18714284K, used 11228570K [0x00007f3cc5b50000, 0x00007f413befb000, 0x00007f4770600000)
   the space 18714284K,  59% used [0x00007f3cc5b50000, 0x00007f3f730b6948, 0x00007f3f730b6a00, 0x00007f413befb000)
 Metaspace       used 30752K, capacity 31198K, committed 31488K, reserved 32768K
}
Event: 189.987 GC heap after
{Heap after GC invocations=60 (full 8):
 def new generation   total 8421504K, used 622268K [0x00007f3770600000, 0x00007f39ab7e0000, 0x00007f3cc5b50000)
  eden space 7485824K,   0% used [0x00007f3770600000, 0x00007f3770600000, 0x00007f3939460000)
  from space 935680K,  66% used [0x00007f3939460000, 0x00007f395f40f330, 0x00007f3972620000)
  to   space 935680K,   0% used [0x00007f3972620000, 0x00007f3972620000, 0x00007f39ab7e0000)
 tenured generation   total 18714284K, used 11886721K [0x00007f3cc5b50000, 0x00007f413befb000, 0x00007f4770600000)
   the space 18714284K,  63% used [0x00007f3cc5b50000, 0x00007f3f9b370490, 0x00007f3f9b370600, 0x00007f413befb000)
 Metaspace       used 30752K, capacity 31198K, committed 31488K, reserved 32768K
}
Event: 755.423 GC heap before
{Heap before GC invocations=60 (full 8):
 def new generation   total 8421504K, used 8108092K [0x00007f3770600000, 0x00007f39ab7e0000, 0x00007f3cc5b50000)
  eden space 7485824K, 100% used [0x00007f3770600000, 0x00007f3939460000, 0x00007f3939460000)
  from space 935680K,  66% used [0x00007f3939460000, 0x00007f395f40f330, 0x00007f3972620000)
  to   space 935680K,   0% used [0x00007f3972620000, 0x00007f3972620000, 0x00007f39ab7e0000)
 tenured generation   total 18714284K, used 11886721K [0x00007f3cc5b50000, 0x00007f413befb000, 0x00007f4770600000)
   the space 18714284K,  63% used [0x00007f3cc5b50000, 0x00007f3f9b370490, 0x00007f3f9b370600, 0x00007f413befb000)
 Metaspace       used 30752K, capacity 31198K, committed 31488K, reserved 32768K
}
Event: 765.540 GC heap after
{Heap after GC invocations=61 (full 8):
 def new generation   total 8421504K, used 935679K [0x00007f3770600000, 0x00007f39ab7e0000, 0x00007f3cc5b50000)
  eden space 7485824K,   0% used [0x00007f3770600000, 0x00007f3770600000, 0x00007f3939460000)
  from space 935680K,  99% used [0x00007f3972620000, 0x00007f39ab7dfff8, 0x00007f39ab7e0000)
  to   space 935680K,   0% used [0x00007f3939460000, 0x00007f3939460000, 0x00007f3972620000)
 tenured generation   total 18714284K, used 14648935K [0x00007f3cc5b50000, 0x00007f413befb000, 0x00007f4770600000)
   the space 18714284K,  78% used [0x00007f3cc5b50000, 0x00007f4043ce9d38, 0x00007f4043ce9e00, 0x00007f413befb000)
 Metaspace       used 30752K, capacity 31198K, committed 31488K, reserved 32768K
}
Event: 2293.920 GC heap before
{Heap before GC invocations=61 (full 8):
 def new generation   total 8421504K, used 8421503K [0x00007f3770600000, 0x00007f39ab7e0000, 0x00007f3cc5b50000)
  eden space 7485824K, 100% used [0x00007f3770600000, 0x00007f3939460000, 0x00007f3939460000)
  from space 935680K,  99% used [0x00007f3972620000, 0x00007f39ab7dfff8, 0x00007f39ab7e0000)
  to   space 935680K,   0% used [0x00007f3939460000, 0x00007f3939460000, 0x00007f3972620000)
 tenured generation   total 18714284K, used 14648935K [0x00007f3cc5b50000, 0x00007f413befb000, 0x00007f4770600000)
   the space 18714284K,  78% used [0x00007f3cc5b50000, 0x00007f4043ce9d38, 0x00007f4043ce9e00, 0x00007f413befb000)
 Metaspace       used 30752K, capacity 31198K, committed 31488K, reserved 32768K
}
Event: 2299.540 GC heap after
{Heap after GC invocations=62 (full 8):
 def new generation   total 8421504K, used 935679K [0x00007f3770600000, 0x00007f39ab7e0000, 0x00007f3cc5b50000)
  eden space 7485824K,   0% used [0x00007f3770600000, 0x00007f3770600000, 0x00007f3939460000)
  from space 935680K,  99% used [0x00007f3939460000, 0x00007f397261fff0, 0x00007f3972620000)
  to   space 935680K,   0% used [0x00007f3972620000, 0x00007f3972620000, 0x00007f39ab7e0000)
 tenured generation   total 18714284K, used 16224892K [0x00007f3cc5b50000, 0x00007f413befb000, 0x00007f4770600000)
   the space 18714284K,  86% used [0x00007f3cc5b50000, 0x00007f40a3fef040, 0x00007f40a3fef200, 0x00007f413befb000)
 Metaspace       used 30752K, capacity 31198K, committed 31488K, reserved 32768K
}
Event: 3356.919 GC heap before
{Heap before GC invocations=62 (full 8):
 def new generation   total 8421504K, used 8421503K [0x00007f3770600000, 0x00007f39ab7e0000, 0x00007f3cc5b50000)
  eden space 7485824K, 100% used [0x00007f3770600000, 0x00007f3939460000, 0x00007f3939460000)
  from space 935680K,  99% used [0x00007f3939460000, 0x00007f397261fff0, 0x00007f3972620000)
  to   space 935680K,   0% used [0x00007f3972620000, 0x00007f3972620000, 0x00007f39ab7e0000)
 tenured generation   total 18714284K, used 16224892K [0x00007f3cc5b50000, 0x00007f413befb000, 0x00007f4770600000)
   the space 18714284K,  86% used [0x00007f3cc5b50000, 0x00007f40a3fef040, 0x00007f40a3fef200, 0x00007f413befb000)
 Metaspace       used 30752K, capacity 31198K, committed 31488K, reserved 32768K
}
Event: 3361.121 GC heap after
{Heap after GC invocations=63 (full 8):
 def new generation   total 8421504K, used 935679K [0x00007f3770600000, 0x00007f39ab7e0000, 0x00007f3cc5b50000)
  eden space 7485824K,   0% used [0x00007f3770600000, 0x00007f3770600000, 0x00007f3939460000)
  from space 935680K,  99% used [0x00007f3972620000, 0x00007f39ab7dfff0, 0x00007f39ab7e0000)
  to   space 935680K,   0% used [0x00007f3939460000, 0x00007f3939460000, 0x00007f3972620000)
 tenured generation   total 18714284K, used 17800849K [0x00007f3cc5b50000, 0x00007f413befb000, 0x00007f4770600000)
   the space 18714284K,  95% used [0x00007f3cc5b50000, 0x00007f41042f4420, 0x00007f41042f4600, 0x00007f413befb000)
 Metaspace       used 30752K, capacity 31198K, committed 31488K, reserved 32768K
}
Event: 4287.249 GC heap before
{Heap before GC invocations=63 (full 8):
 def new generation   total 8421504K, used 8421503K [0x00007f3770600000, 0x00007f39ab7e0000, 0x00007f3cc5b50000)
  eden space 7485824K, 100% used [0x00007f3770600000, 0x00007f3939460000, 0x00007f3939460000)
  from space 935680K,  99% used [0x00007f3972620000, 0x00007f39ab7dfff0, 0x00007f39ab7e0000)
  to   space 935680K,   0% used [0x00007f3939460000, 0x00007f3939460000, 0x00007f3972620000)
 tenured generation   total 18714284K, used 17800849K [0x00007f3cc5b50000, 0x00007f413befb000, 0x00007f4770600000)
   the space 18714284K,  95% used [0x00007f3cc5b50000, 0x00007f41042f4420, 0x00007f41042f4600, 0x00007f413befb000)
 Metaspace       used 30752K, capacity 31198K, committed 31488K, reserved 32768K
}
Event: 4291.913 GC heap after
{Heap after GC invocations=64 (full 8):
 def new generation   total 8421504K, used 935679K [0x00007f3770600000, 0x00007f39ab7e0000, 0x00007f3cc5b50000)
  eden space 7485824K,   0% used [0x00007f3770600000, 0x00007f3770600000, 0x00007f3939460000)
  from space 935680K,  99% used [0x00007f3939460000, 0x00007f397261fff0, 0x00007f3972620000)
  to   space 935680K,   0% used [0x00007f3972620000, 0x00007f3972620000, 0x00007f39ab7e0000)
 tenured generation   total 19376876K, used 19376805K [0x00007f3cc5b50000, 0x00007f416460b000, 0x00007f4770600000)
   the space 19376876K,  99% used [0x00007f3cc5b50000, 0x00007f41645f9740, 0x00007f41645f9800, 0x00007f416460b000)
 Metaspace       used 30752K, capacity 31198K, committed 31488K, reserved 32768K
}
Event: 4291.913 GC heap before
{Heap before GC invocations=64 (full 8):
 def new generation   total 8421504K, used 935679K [0x00007f3770600000, 0x00007f39ab7e0000, 0x00007f3cc5b50000)
  eden space 7485824K,   0% used [0x00007f3770600000, 0x00007f3770600000, 0x00007f3939460000)
  from space 935680K,  99% used [0x00007f3939460000, 0x00007f397261fff0, 0x00007f3972620000)
  to   space 935680K,   0% used [0x00007f3972620000, 0x00007f3972620000, 0x00007f39ab7e0000)
 tenured generation   total 19376876K, used 19376805K [0x00007f3cc5b50000, 0x00007f416460b000, 0x00007f4770600000)
   the space 19376876K,  99% used [0x00007f3cc5b50000, 0x00007f41645f9740, 0x00007f41645f9800, 0x00007f416460b000)
 Metaspace       used 30752K, capacity 31198K, committed 31488K, reserved 32768K
}

