# JRE version: OpenJDK Runtime Environment (13.0.7+5) (build 13.0.7+5-Ubuntu-0ubuntu120.04)
# Java VM: OpenJDK 64-Bit Server VM (13.0.7+5-Ubuntu-0ubuntu120.04, mixed mode, tiered, serial gc, linux-amd64)
Heap:
 def new generation   total 2728000K, used 150026K [0x00007f2614600000, 0x00007f26cd610000, 0x00007f30bf0a0000)
  eden space 2424896K,   6% used [0x00007f2614600000, 0x00007f261d882bf8, 0x00007f26a8610000)
  from space 303104K,   0% used [0x00007f26a8610000, 0x00007f26a8610000, 0x00007f26bae10000)
  to   space 303104K,   0% used [0x00007f26bae10000, 0x00007f26bae10000, 0x00007f26cd610000)
 tenured generation   total 6078584K, used 6074225K [0x00007f30bf0a0000, 0x00007f32320be000, 0x00007f4614600000)
   the space 6078584K,  99% used [0x00007f30bf0a0000, 0x00007f3231c7c688, 0x00007f3231c7c800, 0x00007f32320be000)
 Metaspace       used 24205K, capacity 24585K, committed 24832K, reserved 26624K
GC Heap History (20 events):
Event: 2099.732 GC heap after
{Heap after GC invocations=1629 (full 6):
 def new generation   total 2728000K, used 152630K [0x00007f2614600000, 0x00007f26cd610000, 0x00007f30bf0a0000)
  eden space 2424896K,   0% used [0x00007f2614600000, 0x00007f2614600000, 0x00007f26a8610000)
  from space 303104K,  50% used [0x00007f26bae10000, 0x00007f26c431da98, 0x00007f26cd610000)
  to   space 303104K,   0% used [0x00007f26a8610000, 0x00007f26a8610000, 0x00007f26bae10000)
 tenured generation   total 6062196K, used 5972472K [0x00007f30bf0a0000, 0x00007f32310bd000, 0x00007f4614600000)
   the space 6062196K,  98% used [0x00007f30bf0a0000, 0x00007f322b91e050, 0x00007f322b91e200, 0x00007f32310bd000)
 Metaspace       used 24205K, capacity 24585K, committed 24832K, reserved 26624K
}
Event: 2102.718 GC heap before
{Heap before GC invocations=1629 (full 6):
 def new generation   total 2728000K, used 2577526K [0x00007f2614600000, 0x00007f26cd610000, 0x00007f30bf0a0000)
  eden space 2424896K, 100% used [0x00007f2614600000, 0x00007f26a8610000, 0x00007f26a8610000)
  from space 303104K,  50% used [0x00007f26bae10000, 0x00007f26c431da98, 0x00007f26cd610000)
  to   space 303104K,   0% used [0x00007f26a8610000, 0x00007f26a8610000, 0x00007f26bae10000)
 tenured generation   total 6062196K, used 5972472K [0x00007f30bf0a0000, 0x00007f32310bd000, 0x00007f4614600000)
   the space 6062196K,  98% used [0x00007f30bf0a0000, 0x00007f322b91e050, 0x00007f322b91e200, 0x00007f32310bd000)
 Metaspace       used 24205K, capacity 24585K, committed 24832K, reserved 26624K
}
Event: 2102.871 GC heap after
{Heap after GC invocations=1630 (full 6):
 def new generation   total 2728000K, used 144411K [0x00007f2614600000, 0x00007f26cd610000, 0x00007f30bf0a0000)
  eden space 2424896K,   0% used [0x00007f2614600000, 0x00007f2614600000, 0x00007f26a8610000)
  from space 303104K,  47% used [0x00007f26a8610000, 0x00007f26b1316ca8, 0x00007f26bae10000)
  to   space 303104K,   0% used [0x00007f26bae10000, 0x00007f26bae10000, 0x00007f26cd610000)
 tenured generation   total 6062196K, used 5989430K [0x00007f30bf0a0000, 0x00007f32310bd000, 0x00007f4614600000)
   the space 6062196K,  98% used [0x00007f30bf0a0000, 0x00007f322c9adbc8, 0x00007f322c9adc00, 0x00007f32310bd000)
 Metaspace       used 24205K, capacity 24585K, committed 24832K, reserved 26624K
}
Event: 2105.422 GC heap before
{Heap before GC invocations=1630 (full 6):
 def new generation   total 2728000K, used 2569307K [0x00007f2614600000, 0x00007f26cd610000, 0x00007f30bf0a0000)
  eden space 2424896K, 100% used [0x00007f2614600000, 0x00007f26a8610000, 0x00007f26a8610000)
  from space 303104K,  47% used [0x00007f26a8610000, 0x00007f26b1316ca8, 0x00007f26bae10000)
  to   space 303104K,   0% used [0x00007f26bae10000, 0x00007f26bae10000, 0x00007f26cd610000)
 tenured generation   total 6062196K, used 5989430K [0x00007f30bf0a0000, 0x00007f32310bd000, 0x00007f4614600000)
   the space 6062196K,  98% used [0x00007f30bf0a0000, 0x00007f322c9adbc8, 0x00007f322c9adc00, 0x00007f32310bd000)
 Metaspace       used 24205K, capacity 24585K, committed 24832K, reserved 26624K
}
Event: 2105.538 GC heap after
{Heap after GC invocations=1631 (full 6):
 def new generation   total 2728000K, used 152614K [0x00007f2614600000, 0x00007f26cd610000, 0x00007f30bf0a0000)
  eden space 2424896K,   0% used [0x00007f2614600000, 0x00007f2614600000, 0x00007f26a8610000)
  from space 303104K,  50% used [0x00007f26bae10000, 0x00007f26c4319bc8, 0x00007f26cd610000)
  to   space 303104K,   0% used [0x00007f26a8610000, 0x00007f26a8610000, 0x00007f26bae10000)
 tenured generation   total 6062196K, used 5989430K [0x00007f30bf0a0000, 0x00007f32310bd000, 0x00007f4614600000)
   the space 6062196K,  98% used [0x00007f30bf0a0000, 0x00007f322c9adbc8, 0x00007f322c9adc00, 0x00007f32310bd000)
 Metaspace       used 24205K, capacity 24585K, committed 24832K, reserved 26624K
}
Event: 2108.650 GC heap before
{Heap before GC invocations=1631 (full 6):
 def new generation   total 2728000K, used 2577510K [0x00007f2614600000, 0x00007f26cd610000, 0x00007f30bf0a0000)
  eden space 2424896K, 100% used [0x00007f2614600000, 0x00007f26a8610000, 0x00007f26a8610000)
  from space 303104K,  50% used [0x00007f26bae10000, 0x00007f26c4319bc8, 0x00007f26cd610000)
  to   space 303104K,   0% used [0x00007f26a8610000, 0x00007f26a8610000, 0x00007f26bae10000)
 tenured generation   total 6062196K, used 5989430K [0x00007f30bf0a0000, 0x00007f32310bd000, 0x00007f4614600000)
   the space 6062196K,  98% used [0x00007f30bf0a0000, 0x00007f322c9adbc8, 0x00007f322c9adc00, 0x00007f32310bd000)
 Metaspace       used 24205K, capacity 24585K, committed 24832K, reserved 26624K
}
Event: 2108.782 GC heap after
{Heap after GC invocations=1632 (full 6):
 def new generation   total 2728000K, used 154195K [0x00007f2614600000, 0x00007f26cd610000, 0x00007f30bf0a0000)
  eden space 2424896K,   0% used [0x00007f2614600000, 0x00007f2614600000, 0x00007f26a8610000)
  from space 303104K,  50% used [0x00007f26a8610000, 0x00007f26b1ca4ed0, 0x00007f26bae10000)
  to   space 303104K,   0% used [0x00007f26bae10000, 0x00007f26bae10000, 0x00007f26cd610000)
 tenured generation   total 6062196K, used 6006389K [0x00007f30bf0a0000, 0x00007f32310bd000, 0x00007f4614600000)
   the space 6062196K,  99% used [0x00007f30bf0a0000, 0x00007f322da3d740, 0x00007f322da3d800, 0x00007f32310bd000)
 Metaspace       used 24205K, capacity 24585K, committed 24832K, reserved 26624K
}
Event: 2111.293 GC heap before
{Heap before GC invocations=1632 (full 6):
 def new generation   total 2728000K, used 2579091K [0x00007f2614600000, 0x00007f26cd610000, 0x00007f30bf0a0000)
  eden space 2424896K, 100% used [0x00007f2614600000, 0x00007f26a8610000, 0x00007f26a8610000)
  from space 303104K,  50% used [0x00007f26a8610000, 0x00007f26b1ca4ed0, 0x00007f26bae10000)
  to   space 303104K,   0% used [0x00007f26bae10000, 0x00007f26bae10000, 0x00007f26cd610000)
 tenured generation   total 6062196K, used 6006389K [0x00007f30bf0a0000, 0x00007f32310bd000, 0x00007f4614600000)
   the space 6062196K,  99% used [0x00007f30bf0a0000, 0x00007f322da3d740, 0x00007f322da3d800, 0x00007f32310bd000)
 Metaspace       used 24205K, capacity 24585K, committed 24832K, reserved 26624K
}
Event: 2111.424 GC heap after
{Heap after GC invocations=1633 (full 6):
 def new generation   total 2728000K, used 135668K [0x00007f2614600000, 0x00007f26cd610000, 0x00007f30bf0a0000)
  eden space 2424896K,   0% used [0x00007f2614600000, 0x00007f2614600000, 0x00007f26a8610000)
  from space 303104K,  44% used [0x00007f26bae10000, 0x00007f26c328d148, 0x00007f26cd610000)
  to   space 303104K,   0% used [0x00007f26a8610000, 0x00007f26a8610000, 0x00007f26bae10000)
 tenured generation   total 6062196K, used 6023348K [0x00007f30bf0a0000, 0x00007f32310bd000, 0x00007f4614600000)
   the space 6062196K,  99% used [0x00007f30bf0a0000, 0x00007f322eacd2b8, 0x00007f322eacd400, 0x00007f32310bd000)
 Metaspace       used 24205K, capacity 24585K, committed 24832K, reserved 26624K
}
Event: 2114.581 GC heap before
{Heap before GC invocations=1633 (full 6):
 def new generation   total 2728000K, used 2560564K [0x00007f2614600000, 0x00007f26cd610000, 0x00007f30bf0a0000)
  eden space 2424896K, 100% used [0x00007f2614600000, 0x00007f26a8610000, 0x00007f26a8610000)
  from space 303104K,  44% used [0x00007f26bae10000, 0x00007f26c328d148, 0x00007f26cd610000)
  to   space 303104K,   0% used [0x00007f26a8610000, 0x00007f26a8610000, 0x00007f26bae10000)
 tenured generation   total 6062196K, used 6023348K [0x00007f30bf0a0000, 0x00007f32310bd000, 0x00007f4614600000)
   the space 6062196K,  99% used [0x00007f30bf0a0000, 0x00007f322eacd2b8, 0x00007f322eacd400, 0x00007f32310bd000)
 Metaspace       used 24205K, capacity 24585K, committed 24832K, reserved 26624K
}
Event: 2114.696 GC heap after
{Heap after GC invocations=1634 (full 6):
 def new generation   total 2728000K, used 146982K [0x00007f2614600000, 0x00007f26cd610000, 0x00007f30bf0a0000)
  eden space 2424896K,   0% used [0x00007f2614600000, 0x00007f2614600000, 0x00007f26a8610000)
  from space 303104K,  48% used [0x00007f26a8610000, 0x00007f26b1599ae0, 0x00007f26bae10000)
  to   space 303104K,   0% used [0x00007f26bae10000, 0x00007f26bae10000, 0x00007f26cd610000)
 tenured generation   total 6062196K, used 6023348K [0x00007f30bf0a0000, 0x00007f32310bd000, 0x00007f4614600000)
   the space 6062196K,  99% used [0x00007f30bf0a0000, 0x00007f322eacd2b8, 0x00007f322eacd400, 0x00007f32310bd000)
 Metaspace       used 24205K, capacity 24585K, committed 24832K, reserved 26624K
}
Event: 2117.272 GC heap before
{Heap before GC invocations=1634 (full 6):
 def new generation   total 2728000K, used 2571878K [0x00007f2614600000, 0x00007f26cd610000, 0x00007f30bf0a0000)
  eden space 2424896K, 100% used [0x00007f2614600000, 0x00007f26a8610000, 0x00007f26a8610000)
  from space 303104K,  48% used [0x00007f26a8610000, 0x00007f26b1599ae0, 0x00007f26bae10000)
  to   space 303104K,   0% used [0x00007f26bae10000, 0x00007f26bae10000, 0x00007f26cd610000)
 tenured generation   total 6062196K, used 6023348K [0x00007f30bf0a0000, 0x00007f32310bd000, 0x00007f4614600000)
   the space 6062196K,  99% used [0x00007f30bf0a0000, 0x00007f322eacd2b8, 0x00007f322eacd400, 0x00007f32310bd000)
 Metaspace       used 24205K, capacity 24585K, committed 24832K, reserved 26624K
}
Event: 2117.405 GC heap after
{Heap after GC invocations=1635 (full 6):
 def new generation   total 2728000K, used 152622K [0x00007f2614600000, 0x00007f26cd610000, 0x00007f30bf0a0000)
  eden space 2424896K,   0% used [0x00007f2614600000, 0x00007f2614600000, 0x00007f26a8610000)
  from space 303104K,  50% used [0x00007f26bae10000, 0x00007f26c431bab8, 0x00007f26cd610000)
  to   space 303104K,   0% used [0x00007f26a8610000, 0x00007f26a8610000, 0x00007f26bae10000)
 tenured generation   total 6062196K, used 6023348K [0x00007f30bf0a0000, 0x00007f32310bd000, 0x00007f4614600000)
   the space 6062196K,  99% used [0x00007f30bf0a0000, 0x00007f322eacd2b8, 0x00007f322eacd400, 0x00007f32310bd000)
 Metaspace       used 24205K, capacity 24585K, committed 24832K, reserved 26624K
}
Event: 2120.668 GC heap before
{Heap before GC invocations=1635 (full 6):
 def new generation   total 2728000K, used 2577518K [0x00007f2614600000, 0x00007f26cd610000, 0x00007f30bf0a0000)
  eden space 2424896K, 100% used [0x00007f2614600000, 0x00007f26a8610000, 0x00007f26a8610000)
  from space 303104K,  50% used [0x00007f26bae10000, 0x00007f26c431bab8, 0x00007f26cd610000)
  to   space 303104K,   0% used [0x00007f26a8610000, 0x00007f26a8610000, 0x00007f26bae10000)
 tenured generation   total 6062196K, used 6023348K [0x00007f30bf0a0000, 0x00007f32310bd000, 0x00007f4614600000)
   the space 6062196K,  99% used [0x00007f30bf0a0000, 0x00007f322eacd2b8, 0x00007f322eacd400, 0x00007f32310bd000)
 Metaspace       used 24205K, capacity 24585K, committed 24832K, reserved 26624K
}
Event: 2120.818 GC heap after
{Heap after GC invocations=1636 (full 6):
 def new generation   total 2728000K, used 165978K [0x00007f2614600000, 0x00007f26cd610000, 0x00007f30bf0a0000)
  eden space 2424896K,   0% used [0x00007f2614600000, 0x00007f2614600000, 0x00007f26a8610000)
  from space 303104K,  54% used [0x00007f26a8610000, 0x00007f26b2826b78, 0x00007f26bae10000)
  to   space 303104K,   0% used [0x00007f26bae10000, 0x00007f26bae10000, 0x00007f26cd610000)
 tenured generation   total 6062196K, used 6040307K [0x00007f30bf0a0000, 0x00007f32310bd000, 0x00007f4614600000)
   the space 6062196K,  99% used [0x00007f30bf0a0000, 0x00007f322fb5ce30, 0x00007f322fb5d000, 0x00007f32310bd000)
 Metaspace       used 24205K, capacity 24585K, committed 24832K, reserved 26624K
}
Event: 2123.265 GC heap before
{Heap before GC invocations=1636 (full 6):
 def new generation   total 2728000K, used 2586049K [0x00007f2614600000, 0x00007f26cd610000, 0x00007f30bf0a0000)
  eden space 2424896K,  99% used [0x00007f2614600000, 0x00007f26a8159968, 0x00007f26a8610000)
  from space 303104K,  54% used [0x00007f26a8610000, 0x00007f26b2826b78, 0x00007f26bae10000)
  to   space 303104K,   0% used [0x00007f26bae10000, 0x00007f26bae10000, 0x00007f26cd610000)
 tenured generation   total 6062196K, used 6040307K [0x00007f30bf0a0000, 0x00007f32310bd000, 0x00007f4614600000)
   the space 6062196K,  99% used [0x00007f30bf0a0000, 0x00007f322fb5ce30, 0x00007f322fb5d000, 0x00007f32310bd000)
 Metaspace       used 24205K, capacity 24585K, committed 24832K, reserved 26624K
}
Event: 2123.394 GC heap after
{Heap after GC invocations=1637 (full 6):
 def new generation   total 2728000K, used 154160K [0x00007f2614600000, 0x00007f26cd610000, 0x00007f30bf0a0000)
  eden space 2424896K,   0% used [0x00007f2614600000, 0x00007f2614600000, 0x00007f26a8610000)
  from space 303104K,  50% used [0x00007f26bae10000, 0x00007f26c449c180, 0x00007f26cd610000)
  to   space 303104K,   0% used [0x00007f26a8610000, 0x00007f26a8610000, 0x00007f26bae10000)
 tenured generation   total 6062196K, used 6057266K [0x00007f30bf0a0000, 0x00007f32310bd000, 0x00007f4614600000)
   the space 6062196K,  99% used [0x00007f30bf0a0000, 0x00007f3230bec9a8, 0x00007f3230beca00, 0x00007f32310bd000)
 Metaspace       used 24205K, capacity 24585K, committed 24832K, reserved 26624K
}
Event: 2126.620 GC heap before
{Heap before GC invocations=1637 (full 6):
 def new generation   total 2728000K, used 2570380K [0x00007f2614600000, 0x00007f26cd610000, 0x00007f30bf0a0000)
  eden space 2424896K,  99% used [0x00007f2614600000, 0x00007f26a7d97008, 0x00007f26a8610000)
  from space 303104K,  50% used [0x00007f26bae10000, 0x00007f26c449c180, 0x00007f26cd610000)
  to   space 303104K,   0% used [0x00007f26a8610000, 0x00007f26a8610000, 0x00007f26bae10000)
 tenured generation   total 6062196K, used 6057266K [0x00007f30bf0a0000, 0x00007f32310bd000, 0x00007f4614600000)
   the space 6062196K,  99% used [0x00007f30bf0a0000, 0x00007f3230bec9a8, 0x00007f3230beca00, 0x00007f32310bd000)
 Metaspace       used 24205K, capacity 24585K, committed 24832K, reserved 26624K
}
Event: 2126.755 GC heap after
{Heap after GC invocations=1638 (full 6):
 def new generation   total 2728000K, used 150027K [0x00007f2614600000, 0x00007f26cd610000, 0x00007f30bf0a0000)
  eden space 2424896K,   0% used [0x00007f2614600000, 0x00007f2614600000, 0x00007f26a8610000)
  from space 303104K,  49% used [0x00007f26a8610000, 0x00007f26b1892d60, 0x00007f26bae10000)
  to   space 303104K,   0% used [0x00007f26bae10000, 0x00007f26bae10000, 0x00007f26cd610000)
 tenured generation   total 6078584K, used 6074225K [0x00007f30bf0a0000, 0x00007f32320be000, 0x00007f4614600000)
   the space 6078584K,  99% used [0x00007f30bf0a0000, 0x00007f3231c7c520, 0x00007f3231c7c600, 0x00007f32320be000)
 Metaspace       used 24205K, capacity 24585K, committed 24832K, reserved 26624K
}
Event: 2126.755 GC heap before
{Heap before GC invocations=1638 (full 6):
 def new generation   total 2728000K, used 150027K [0x00007f2614600000, 0x00007f26cd610000, 0x00007f30bf0a0000)
  eden space 2424896K,   0% used [0x00007f2614600000, 0x00007f2614600000, 0x00007f26a8610000)
  from space 303104K,  49% used [0x00007f26a8610000, 0x00007f26b1892d60, 0x00007f26bae10000)
  to   space 303104K,   0% used [0x00007f26bae10000, 0x00007f26bae10000, 0x00007f26cd610000)
 tenured generation   total 6078584K, used 6074225K [0x00007f30bf0a0000, 0x00007f32320be000, 0x00007f4614600000)
   the space 6078584K,  99% used [0x00007f30bf0a0000, 0x00007f3231c7c520, 0x00007f3231c7c600, 0x00007f32320be000)
 Metaspace       used 24205K, capacity 24585K, committed 24832K, reserved 26624K
}

