# JRE version: OpenJDK Runtime Environment (13.0.7+5) (build 13.0.7+5-Ubuntu-0ubuntu120.04)
# Java VM: OpenJDK 64-Bit Server VM (13.0.7+5-Ubuntu-0ubuntu120.04, mixed mode, tiered, serial gc, linux-amd64)
Heap:
 def new generation   total 629248K, used 0K [0x00007f9c08600000, 0x00007f9c330c0000, 0x00007fa15db50000)
  eden space 559360K,   0% used [0x00007f9c08600000, 0x00007f9c08600000, 0x00007f9c2a840000)
  from space 69888K,   0% used [0x00007f9c2ec80000, 0x00007f9c2ec80000, 0x00007f9c330c0000)
  to   space 69888K,   0% used [0x00007f9c2a840000, 0x00007f9c2a840000, 0x00007f9c2ec80000)
 tenured generation   total 7689604K, used 6312526K [0x00007fa15db50000, 0x00007fa3330b1000, 0x00007fac08600000)
   the space 7689604K,  82% used [0x00007fa15db50000, 0x00007fa2defe3970, 0x00007fa2defe3a00, 0x00007fa3330b1000)
 Metaspace       used 23286K, capacity 23677K, committed 23808K, reserved 24576K
GC Heap History (15 events):
Event: 8.362 GC heap before
{Heap before GC invocations=0 (full 0):
 def new generation   total 629120K, used 100663K [0x00007f9c08600000, 0x00007f9c330a0000, 0x00007fa15db50000)
  eden space 559232K,  18% used [0x00007f9c08600000, 0x00007f9c0e84dd08, 0x00007f9c2a820000)
  from space 69888K,   0% used [0x00007f9c2a820000, 0x00007f9c2a820000, 0x00007f9c2ec60000)
  to   space 69888K,   0% used [0x00007f9c2ec60000, 0x00007f9c2ec60000, 0x00007f9c330a0000)
 tenured generation   total 1398144K, used 0K [0x00007fa15db50000, 0x00007fa1b30b0000, 0x00007fac08600000)
   the space 1398144K,   0% used [0x00007fa15db50000, 0x00007fa15db50000, 0x00007fa15db50200, 0x00007fa1b30b0000)
 Metaspace       used 20913K, capacity 21222K, committed 21248K, reserved 22528K
}
Event: 8.485 GC heap after
{Heap after GC invocations=1 (full 1):
 def new generation   total 629248K, used 0K [0x00007f9c08600000, 0x00007f9c330c0000, 0x00007fa15db50000)
  eden space 559360K,   0% used [0x00007f9c08600000, 0x00007f9c08600000, 0x00007f9c2a840000)
  from space 69888K,   0% used [0x00007f9c2a840000, 0x00007f9c2a840000, 0x00007f9c2ec80000)
  to   space 69888K,   0% used [0x00007f9c2ec80000, 0x00007f9c2ec80000, 0x00007f9c330c0000)
 tenured generation   total 1398144K, used 13610K [0x00007fa15db50000, 0x00007fa1b30b0000, 0x00007fac08600000)
   the space 1398144K,   0% used [0x00007fa15db50000, 0x00007fa15e89ab00, 0x00007fa15e89ac00, 0x00007fa1b30b0000)
 Metaspace       used 20913K, capacity 21222K, committed 21248K, reserved 22528K
}
Event: 10.344 GC heap before
{Heap before GC invocations=1 (full 1):
 def new generation   total 629248K, used 559360K [0x00007f9c08600000, 0x00007f9c330c0000, 0x00007fa15db50000)
  eden space 559360K, 100% used [0x00007f9c08600000, 0x00007f9c2a840000, 0x00007f9c2a840000)
  from space 69888K,   0% used [0x00007f9c2a840000, 0x00007f9c2a840000, 0x00007f9c2ec80000)
  to   space 69888K,   0% used [0x00007f9c2ec80000, 0x00007f9c2ec80000, 0x00007f9c330c0000)
 tenured generation   total 1398144K, used 13610K [0x00007fa15db50000, 0x00007fa1b30b0000, 0x00007fac08600000)
   the space 1398144K,   0% used [0x00007fa15db50000, 0x00007fa15e89ab00, 0x00007fa15e89ac00, 0x00007fa1b30b0000)
 Metaspace       used 22828K, capacity 23231K, committed 23296K, reserved 24576K
}
Event: 10.351 GC heap after
{Heap after GC invocations=2 (full 1):
 def new generation   total 629248K, used 952K [0x00007f9c08600000, 0x00007f9c330c0000, 0x00007fa15db50000)
  eden space 559360K,   0% used [0x00007f9c08600000, 0x00007f9c08600000, 0x00007f9c2a840000)
  from space 69888K,   1% used [0x00007f9c2ec80000, 0x00007f9c2ed6e070, 0x00007f9c330c0000)
  to   space 69888K,   0% used [0x00007f9c2a840000, 0x00007f9c2a840000, 0x00007f9c2ec80000)
 tenured generation   total 1398144K, used 13610K [0x00007fa15db50000, 0x00007fa1b30b0000, 0x00007fac08600000)
   the space 1398144K,   0% used [0x00007fa15db50000, 0x00007fa15e89ab00, 0x00007fa15e89ac00, 0x00007fa1b30b0000)
 Metaspace       used 22828K, capacity 23231K, committed 23296K, reserved 24576K
}
Event: 11.767 GC heap before
{Heap before GC invocations=2 (full 1):
 def new generation   total 629248K, used 560312K [0x00007f9c08600000, 0x00007f9c330c0000, 0x00007fa15db50000)
  eden space 559360K, 100% used [0x00007f9c08600000, 0x00007f9c2a840000, 0x00007f9c2a840000)
  from space 69888K,   1% used [0x00007f9c2ec80000, 0x00007f9c2ed6e070, 0x00007f9c330c0000)
  to   space 69888K,   0% used [0x00007f9c2a840000, 0x00007f9c2a840000, 0x00007f9c2ec80000)
 tenured generation   total 1398144K, used 13610K [0x00007fa15db50000, 0x00007fa1b30b0000, 0x00007fac08600000)
   the space 1398144K,   0% used [0x00007fa15db50000, 0x00007fa15e89ab00, 0x00007fa15e89ac00, 0x00007fa1b30b0000)
 Metaspace       used 23118K, capacity 23535K, committed 23808K, reserved 24576K
}
Event: 11.769 GC heap after
{Heap after GC invocations=3 (full 1):
 def new generation   total 629248K, used 875K [0x00007f9c08600000, 0x00007f9c330c0000, 0x00007fa15db50000)
  eden space 559360K,   0% used [0x00007f9c08600000, 0x00007f9c08600000, 0x00007f9c2a840000)
  from space 69888K,   1% used [0x00007f9c2a840000, 0x00007f9c2a91ae90, 0x00007f9c2ec80000)
  to   space 69888K,   0% used [0x00007f9c2ec80000, 0x00007f9c2ec80000, 0x00007f9c330c0000)
 tenured generation   total 1398144K, used 13610K [0x00007fa15db50000, 0x00007fa1b30b0000, 0x00007fac08600000)
   the space 1398144K,   0% used [0x00007fa15db50000, 0x00007fa15e89ab00, 0x00007fa15e89ac00, 0x00007fa1b30b0000)
 Metaspace       used 23118K, capacity 23535K, committed 23808K, reserved 24576K
}
Event: 14.223 GC heap before
{Heap before GC invocations=3 (full 1):
 def new generation   total 629248K, used 560235K [0x00007f9c08600000, 0x00007f9c330c0000, 0x00007fa15db50000)
  eden space 559360K, 100% used [0x00007f9c08600000, 0x00007f9c2a840000, 0x00007f9c2a840000)
  from space 69888K,   1% used [0x00007f9c2a840000, 0x00007f9c2a91ae90, 0x00007f9c2ec80000)
  to   space 69888K,   0% used [0x00007f9c2ec80000, 0x00007f9c2ec80000, 0x00007f9c330c0000)
 tenured generation   total 1398144K, used 13610K [0x00007fa15db50000, 0x00007fa1b30b0000, 0x00007fac08600000)
   the space 1398144K,   0% used [0x00007fa15db50000, 0x00007fa15e89ab00, 0x00007fa15e89ac00, 0x00007fa1b30b0000)
 Metaspace       used 23120K, capacity 23535K, committed 23808K, reserved 24576K
}
Event: 14.281 GC heap after
{Heap after GC invocations=4 (full 1):
 def new generation   total 629248K, used 1070K [0x00007f9c08600000, 0x00007f9c330c0000, 0x00007fa15db50000)
  eden space 559360K,   0% used [0x00007f9c08600000, 0x00007f9c08600000, 0x00007f9c2a840000)
  from space 69888K,   1% used [0x00007f9c2ec80000, 0x00007f9c2ed8b890, 0x00007f9c330c0000)
  to   space 69888K,   0% used [0x00007f9c2a840000, 0x00007f9c2a840000, 0x00007f9c2ec80000)
 tenured generation   total 1398144K, used 13610K [0x00007fa15db50000, 0x00007fa1b30b0000, 0x00007fac08600000)
   the space 1398144K,   0% used [0x00007fa15db50000, 0x00007fa15e89ab00, 0x00007fa15e89ac00, 0x00007fa1b30b0000)
 Metaspace       used 23120K, capacity 23535K, committed 23808K, reserved 24576K
}
Event: 15.751 GC heap before
{Heap before GC invocations=4 (full 1):
 def new generation   total 629248K, used 475263K [0x00007f9c08600000, 0x00007f9c330c0000, 0x00007fa15db50000)
  eden space 559360K,  84% used [0x00007f9c08600000, 0x00007f9c255145f0, 0x00007f9c2a840000)
  from space 69888K,   1% used [0x00007f9c2ec80000, 0x00007f9c2ed8b890, 0x00007f9c330c0000)
  to   space 69888K,   0% used [0x00007f9c2a840000, 0x00007f9c2a840000, 0x00007f9c2ec80000)
 tenured generation   total 1398144K, used 13610K [0x00007fa15db50000, 0x00007fa1b30b0000, 0x00007fac08600000)
   the space 1398144K,   0% used [0x00007fa15db50000, 0x00007fa15e89ab00, 0x00007fa15e89ac00, 0x00007fa1b30b0000)
 Metaspace       used 23286K, capacity 23677K, committed 23808K, reserved 24576K
}
Event: 15.767 GC heap after
{Heap after GC invocations=5 (full 1):
 def new generation   total 629248K, used 7460K [0x00007f9c08600000, 0x00007f9c330c0000, 0x00007fa15db50000)
  eden space 559360K,   0% used [0x00007f9c08600000, 0x00007f9c08600000, 0x00007f9c2a840000)
  from space 69888K,  10% used [0x00007f9c2a840000, 0x00007f9c2af89010, 0x00007f9c2ec80000)
  to   space 69888K,   0% used [0x00007f9c2ec80000, 0x00007f9c2ec80000, 0x00007f9c330c0000)
 tenured generation   total 1398144K, used 13610K [0x00007fa15db50000, 0x00007fa1b30b0000, 0x00007fac08600000)
   the space 1398144K,   0% used [0x00007fa15db50000, 0x00007fa15e89ab00, 0x00007fa15e89ac00, 0x00007fa1b30b0000)
 Metaspace       used 23286K, capacity 23677K, committed 23808K, reserved 24576K
}
Event: 15.767 GC heap before
{Heap before GC invocations=5 (full 1):
 def new generation   total 629248K, used 7460K [0x00007f9c08600000, 0x00007f9c330c0000, 0x00007fa15db50000)
  eden space 559360K,   0% used [0x00007f9c08600000, 0x00007f9c08600000, 0x00007f9c2a840000)
  from space 69888K,  10% used [0x00007f9c2a840000, 0x00007f9c2af89010, 0x00007f9c2ec80000)
  to   space 69888K,   0% used [0x00007f9c2ec80000, 0x00007f9c2ec80000, 0x00007f9c330c0000)
 tenured generation   total 1398144K, used 13610K [0x00007fa15db50000, 0x00007fa1b30b0000, 0x00007fac08600000)
   the space 1398144K,   0% used [0x00007fa15db50000, 0x00007fa15e89ab00, 0x00007fa15e89ac00, 0x00007fa1b30b0000)
 Metaspace       used 23286K, capacity 23677K, committed 23808K, reserved 24576K
}
Event: 15.820 GC heap after
{Heap after GC invocations=5 (full 2):
 def new generation   total 629248K, used 0K [0x00007f9c08600000, 0x00007f9c330c0000, 0x00007fa15db50000)
  eden space 559360K,   0% used [0x00007f9c08600000, 0x00007f9c08600000, 0x00007f9c2a840000)
  from space 69888K,   0% used [0x00007f9c2a840000, 0x00007f9c2a840000, 0x00007f9c2ec80000)
  to   space 69888K,   0% used [0x00007f9c2ec80000, 0x00007f9c2ec80000, 0x00007f9c330c0000)
 tenured generation   total 1398144K, used 21069K [0x00007fa15db50000, 0x00007fa1b30b0000, 0x00007fac08600000)
   the space 1398144K,   1% used [0x00007fa15db50000, 0x00007fa15efe37c0, 0x00007fa15efe3800, 0x00007fa1b30b0000)
 Metaspace       used 23286K, capacity 23677K, committed 23808K, reserved 24576K
}
Event: 24.300 GC heap before
{Heap before GC invocations=5 (full 2):
 def new generation   total 629248K, used 10944K [0x00007f9c08600000, 0x00007f9c330c0000, 0x00007fa15db50000)
  eden space 559360K,   1% used [0x00007f9c08600000, 0x00007f9c090b0368, 0x00007f9c2a840000)
  from space 69888K,   0% used [0x00007f9c2a840000, 0x00007f9c2a840000, 0x00007f9c2ec80000)
  to   space 69888K,   0% used [0x00007f9c2ec80000, 0x00007f9c2ec80000, 0x00007f9c330c0000)
 tenured generation   total 7689604K, used 6312525K [0x00007fa15db50000, 0x00007fa3330b1000, 0x00007fac08600000)
   the space 7689604K,  82% used [0x00007fa15db50000, 0x00007fa2defe37d8, 0x00007fa2defe3800, 0x00007fa3330b1000)
 Metaspace       used 23286K, capacity 23677K, committed 23808K, reserved 24576K
}
Event: 24.302 GC heap after
{Heap after GC invocations=6 (full 2):
 def new generation   total 629248K, used 0K [0x00007f9c08600000, 0x00007f9c330c0000, 0x00007fa15db50000)
  eden space 559360K,   0% used [0x00007f9c08600000, 0x00007f9c08600000, 0x00007f9c2a840000)
  from space 69888K,   0% used [0x00007f9c2ec80000, 0x00007f9c2ec80198, 0x00007f9c330c0000)
  to   space 69888K,   0% used [0x00007f9c2a840000, 0x00007f9c2a840000, 0x00007f9c2ec80000)
 tenured generation   total 7689604K, used 6312525K [0x00007fa15db50000, 0x00007fa3330b1000, 0x00007fac08600000)
   the space 7689604K,  82% used [0x00007fa15db50000, 0x00007fa2defe37d8, 0x00007fa2defe3800, 0x00007fa3330b1000)
 Metaspace       used 23286K, capacity 23677K, committed 23808K, reserved 24576K
}
Event: 24.302 GC heap before
{Heap before GC invocations=6 (full 2):
 def new generation   total 629248K, used 0K [0x00007f9c08600000, 0x00007f9c330c0000, 0x00007fa15db50000)
  eden space 559360K,   0% used [0x00007f9c08600000, 0x00007f9c08600000, 0x00007f9c2a840000)
  from space 69888K,   0% used [0x00007f9c2ec80000, 0x00007f9c2ec80198, 0x00007f9c330c0000)
  to   space 69888K,   0% used [0x00007f9c2a840000, 0x00007f9c2a840000, 0x00007f9c2ec80000)
 tenured generation   total 7689604K, used 6312525K [0x00007fa15db50000, 0x00007fa3330b1000, 0x00007fac08600000)
   the space 7689604K,  82% used [0x00007fa15db50000, 0x00007fa2defe37d8, 0x00007fa2defe3800, 0x00007fa3330b1000)
 Metaspace       used 23286K, capacity 23677K, committed 23808K, reserved 24576K
}

