# JRE version: OpenJDK Runtime Environment (13.0.7+5) (build 13.0.7+5-Ubuntu-0ubuntu120.04)
# Java VM: OpenJDK 64-Bit Server VM (13.0.7+5-Ubuntu-0ubuntu120.04, mixed mode, tiered, serial gc, linux-amd64)
Heap:
 def new generation   total 1748352K, used 50445K [0x00007fa8d8600000, 0x00007fa94ef10000, 0x00007fae2db50000)
  eden space 1554112K,   3% used [0x00007fa8d8600000, 0x00007fa8db743650, 0x00007fa9373b0000)
  from space 194240K,   0% used [0x00007fa943160000, 0x00007fa943160000, 0x00007fa94ef10000)
  to   space 194240K,   0% used [0x00007fa9373b0000, 0x00007fa9373b0000, 0x00007fa943160000)
 tenured generation   total 3885888K, used 3885884K [0x00007fae2db50000, 0x00007faf1ae20000, 0x00007fb8d8600000)
   the space 3885888K,  99% used [0x00007fae2db50000, 0x00007faf1ae1f168, 0x00007faf1ae1f200, 0x00007faf1ae20000)
 Metaspace       used 24266K, capacity 24713K, committed 24832K, reserved 26624K
GC Heap History (20 events):
Event: 1692.577 GC heap after
{Heap after GC invocations=1930 (full 3):
 def new generation   total 1748352K, used 67492K [0x00007fa8d8600000, 0x00007fa94ef10000, 0x00007fae2db50000)
  eden space 1554112K,   0% used [0x00007fa8d8600000, 0x00007fa8d8600000, 0x00007fa9373b0000)
  from space 194240K,  34% used [0x00007fa9373b0000, 0x00007fa93b5993d0, 0x00007fa943160000)
  to   space 194240K,   0% used [0x00007fa943160000, 0x00007fa943160000, 0x00007fa94ef10000)
 tenured generation   total 3885120K, used 3839878K [0x00007fae2db50000, 0x00007faf1ad60000, 0x00007fb8d8600000)
   the space 3885120K,  98% used [0x00007fae2db50000, 0x00007faf18131b18, 0x00007faf18131c00, 0x00007faf1ad60000)
 Metaspace       used 24266K, capacity 24713K, committed 24832K, reserved 26624K
}
Event: 1694.033 GC heap before
{Heap before GC invocations=1930 (full 3):
 def new generation   total 1748352K, used 1621604K [0x00007fa8d8600000, 0x00007fa94ef10000, 0x00007fae2db50000)
  eden space 1554112K, 100% used [0x00007fa8d8600000, 0x00007fa9373b0000, 0x00007fa9373b0000)
  from space 194240K,  34% used [0x00007fa9373b0000, 0x00007fa93b5993d0, 0x00007fa943160000)
  to   space 194240K,   0% used [0x00007fa943160000, 0x00007fa943160000, 0x00007fa94ef10000)
 tenured generation   total 3885120K, used 3839878K [0x00007fae2db50000, 0x00007faf1ad60000, 0x00007fb8d8600000)
   the space 3885120K,  98% used [0x00007fae2db50000, 0x00007faf18131b18, 0x00007faf18131c00, 0x00007faf1ad60000)
 Metaspace       used 24266K, capacity 24713K, committed 24832K, reserved 26624K
}
Event: 1694.147 GC heap after
{Heap after GC invocations=1931 (full 3):
 def new generation   total 1748352K, used 65232K [0x00007fa8d8600000, 0x00007fa94ef10000, 0x00007fae2db50000)
  eden space 1554112K,   0% used [0x00007fa8d8600000, 0x00007fa8d8600000, 0x00007fa9373b0000)
  from space 194240K,  33% used [0x00007fa943160000, 0x00007fa947114300, 0x00007fa94ef10000)
  to   space 194240K,   0% used [0x00007fa9373b0000, 0x00007fa9373b0000, 0x00007fa943160000)
 tenured generation   total 3885120K, used 3844262K [0x00007fae2db50000, 0x00007faf1ad60000, 0x00007fb8d8600000)
   the space 3885120K,  98% used [0x00007fae2db50000, 0x00007faf18579830, 0x00007faf18579a00, 0x00007faf1ad60000)
 Metaspace       used 24266K, capacity 24713K, committed 24832K, reserved 26624K
}
Event: 1695.639 GC heap before
{Heap before GC invocations=1931 (full 3):
 def new generation   total 1748352K, used 1619344K [0x00007fa8d8600000, 0x00007fa94ef10000, 0x00007fae2db50000)
  eden space 1554112K, 100% used [0x00007fa8d8600000, 0x00007fa9373b0000, 0x00007fa9373b0000)
  from space 194240K,  33% used [0x00007fa943160000, 0x00007fa947114300, 0x00007fa94ef10000)
  to   space 194240K,   0% used [0x00007fa9373b0000, 0x00007fa9373b0000, 0x00007fa943160000)
 tenured generation   total 3885120K, used 3844262K [0x00007fae2db50000, 0x00007faf1ad60000, 0x00007fb8d8600000)
   the space 3885120K,  98% used [0x00007fae2db50000, 0x00007faf18579830, 0x00007faf18579a00, 0x00007faf1ad60000)
 Metaspace       used 24266K, capacity 24713K, committed 24832K, reserved 26624K
}
Event: 1695.768 GC heap after
{Heap after GC invocations=1932 (full 3):
 def new generation   total 1748352K, used 65194K [0x00007fa8d8600000, 0x00007fa94ef10000, 0x00007fae2db50000)
  eden space 1554112K,   0% used [0x00007fa8d8600000, 0x00007fa8d8600000, 0x00007fa9373b0000)
  from space 194240K,  33% used [0x00007fa9373b0000, 0x00007fa93b35a820, 0x00007fa943160000)
  to   space 194240K,   0% used [0x00007fa943160000, 0x00007fa943160000, 0x00007fa94ef10000)
 tenured generation   total 3885120K, used 3846314K [0x00007fae2db50000, 0x00007faf1ad60000, 0x00007fb8d8600000)
   the space 3885120K,  99% used [0x00007fae2db50000, 0x00007faf1877ab78, 0x00007faf1877ac00, 0x00007faf1ad60000)
 Metaspace       used 24266K, capacity 24713K, committed 24832K, reserved 26624K
}
Event: 1697.177 GC heap before
{Heap before GC invocations=1932 (full 3):
 def new generation   total 1748352K, used 1619306K [0x00007fa8d8600000, 0x00007fa94ef10000, 0x00007fae2db50000)
  eden space 1554112K, 100% used [0x00007fa8d8600000, 0x00007fa9373b0000, 0x00007fa9373b0000)
  from space 194240K,  33% used [0x00007fa9373b0000, 0x00007fa93b35a820, 0x00007fa943160000)
  to   space 194240K,   0% used [0x00007fa943160000, 0x00007fa943160000, 0x00007fa94ef10000)
 tenured generation   total 3885120K, used 3846314K [0x00007fae2db50000, 0x00007faf1ad60000, 0x00007fb8d8600000)
   the space 3885120K,  99% used [0x00007fae2db50000, 0x00007faf1877ab78, 0x00007faf1877ac00, 0x00007faf1ad60000)
 Metaspace       used 24266K, capacity 24713K, committed 24832K, reserved 26624K
}
Event: 1697.330 GC heap after
{Heap after GC invocations=1933 (full 3):
 def new generation   total 1748352K, used 59727K [0x00007fa8d8600000, 0x00007fa94ef10000, 0x00007fae2db50000)
  eden space 1554112K,   0% used [0x00007fa8d8600000, 0x00007fa8d8600000, 0x00007fa9373b0000)
  from space 194240K,  30% used [0x00007fa943160000, 0x00007fa946bb3d18, 0x00007fa94ef10000)
  to   space 194240K,   0% used [0x00007fa9373b0000, 0x00007fa9373b0000, 0x00007fa943160000)
 tenured generation   total 3885120K, used 3853906K [0x00007fae2db50000, 0x00007faf1ad60000, 0x00007fb8d8600000)
   the space 3885120K,  99% used [0x00007fae2db50000, 0x00007faf18ee4b58, 0x00007faf18ee4c00, 0x00007faf1ad60000)
 Metaspace       used 24266K, capacity 24713K, committed 24832K, reserved 26624K
}
Event: 1698.804 GC heap before
{Heap before GC invocations=1933 (full 3):
 def new generation   total 1748352K, used 1613839K [0x00007fa8d8600000, 0x00007fa94ef10000, 0x00007fae2db50000)
  eden space 1554112K, 100% used [0x00007fa8d8600000, 0x00007fa9373b0000, 0x00007fa9373b0000)
  from space 194240K,  30% used [0x00007fa943160000, 0x00007fa946bb3d18, 0x00007fa94ef10000)
  to   space 194240K,   0% used [0x00007fa9373b0000, 0x00007fa9373b0000, 0x00007fa943160000)
 tenured generation   total 3885120K, used 3853906K [0x00007fae2db50000, 0x00007faf1ad60000, 0x00007fb8d8600000)
   the space 3885120K,  99% used [0x00007fae2db50000, 0x00007faf18ee4b58, 0x00007faf18ee4c00, 0x00007faf1ad60000)
 Metaspace       used 24266K, capacity 24713K, committed 24832K, reserved 26624K
}
Event: 1698.917 GC heap after
{Heap after GC invocations=1934 (full 3):
 def new generation   total 1748352K, used 56382K [0x00007fa8d8600000, 0x00007fa94ef10000, 0x00007fae2db50000)
  eden space 1554112K,   0% used [0x00007fa8d8600000, 0x00007fa8d8600000, 0x00007fa9373b0000)
  from space 194240K,  29% used [0x00007fa9373b0000, 0x00007fa93aabf860, 0x00007fa943160000)
  to   space 194240K,   0% used [0x00007fa943160000, 0x00007fa943160000, 0x00007fa94ef10000)
 tenured generation   total 3885120K, used 3859263K [0x00007fae2db50000, 0x00007faf1ad60000, 0x00007fb8d8600000)
   the space 3885120K,  99% used [0x00007fae2db50000, 0x00007faf1941fc90, 0x00007faf1941fe00, 0x00007faf1ad60000)
 Metaspace       used 24266K, capacity 24713K, committed 24832K, reserved 26624K
}
Event: 1700.344 GC heap before
{Heap before GC invocations=1934 (full 3):
 def new generation   total 1748352K, used 1610494K [0x00007fa8d8600000, 0x00007fa94ef10000, 0x00007fae2db50000)
  eden space 1554112K, 100% used [0x00007fa8d8600000, 0x00007fa9373b0000, 0x00007fa9373b0000)
  from space 194240K,  29% used [0x00007fa9373b0000, 0x00007fa93aabf860, 0x00007fa943160000)
  to   space 194240K,   0% used [0x00007fa943160000, 0x00007fa943160000, 0x00007fa94ef10000)
 tenured generation   total 3885120K, used 3859263K [0x00007fae2db50000, 0x00007faf1ad60000, 0x00007fb8d8600000)
   the space 3885120K,  99% used [0x00007fae2db50000, 0x00007faf1941fc90, 0x00007faf1941fe00, 0x00007faf1ad60000)
 Metaspace       used 24266K, capacity 24713K, committed 24832K, reserved 26624K
}
Event: 1700.463 GC heap after
{Heap after GC invocations=1935 (full 3):
 def new generation   total 1748352K, used 58782K [0x00007fa8d8600000, 0x00007fa94ef10000, 0x00007fae2db50000)
  eden space 1554112K,   0% used [0x00007fa8d8600000, 0x00007fa8d8600000, 0x00007fa9373b0000)
  from space 194240K,  30% used [0x00007fa943160000, 0x00007fa946ac7b00, 0x00007fa94ef10000)
  to   space 194240K,   0% used [0x00007fa9373b0000, 0x00007fa9373b0000, 0x00007fa943160000)
 tenured generation   total 3885120K, used 3861315K [0x00007fae2db50000, 0x00007faf1ad60000, 0x00007fb8d8600000)
   the space 3885120K,  99% used [0x00007fae2db50000, 0x00007faf19620fd8, 0x00007faf19621000, 0x00007faf1ad60000)
 Metaspace       used 24266K, capacity 24713K, committed 24832K, reserved 26624K
}
Event: 1701.902 GC heap before
{Heap before GC invocations=1935 (full 3):
 def new generation   total 1748352K, used 1612894K [0x00007fa8d8600000, 0x00007fa94ef10000, 0x00007fae2db50000)
  eden space 1554112K, 100% used [0x00007fa8d8600000, 0x00007fa9373b0000, 0x00007fa9373b0000)
  from space 194240K,  30% used [0x00007fa943160000, 0x00007fa946ac7b00, 0x00007fa94ef10000)
  to   space 194240K,   0% used [0x00007fa9373b0000, 0x00007fa9373b0000, 0x00007fa943160000)
 tenured generation   total 3885120K, used 3861315K [0x00007fae2db50000, 0x00007faf1ad60000, 0x00007fb8d8600000)
   the space 3885120K,  99% used [0x00007fae2db50000, 0x00007faf19620fd8, 0x00007faf19621000, 0x00007faf1ad60000)
 Metaspace       used 24266K, capacity 24713K, committed 24832K, reserved 26624K
}
Event: 1702.012 GC heap after
{Heap after GC invocations=1936 (full 3):
 def new generation   total 1748352K, used 58301K [0x00007fa8d8600000, 0x00007fa94ef10000, 0x00007fae2db50000)
  eden space 1554112K,   0% used [0x00007fa8d8600000, 0x00007fa8d8600000, 0x00007fa9373b0000)
  from space 194240K,  30% used [0x00007fa9373b0000, 0x00007fa93ac9f768, 0x00007fa943160000)
  to   space 194240K,   0% used [0x00007fa943160000, 0x00007fa943160000, 0x00007fa94ef10000)
 tenured generation   total 3885120K, used 3865517K [0x00007fae2db50000, 0x00007faf1ad60000, 0x00007fb8d8600000)
   the space 3885120K,  99% used [0x00007fae2db50000, 0x00007faf19a3b6c8, 0x00007faf19a3b800, 0x00007faf1ad60000)
 Metaspace       used 24266K, capacity 24713K, committed 24832K, reserved 26624K
}
Event: 1703.451 GC heap before
{Heap before GC invocations=1936 (full 3):
 def new generation   total 1748352K, used 1612413K [0x00007fa8d8600000, 0x00007fa94ef10000, 0x00007fae2db50000)
  eden space 1554112K, 100% used [0x00007fa8d8600000, 0x00007fa9373b0000, 0x00007fa9373b0000)
  from space 194240K,  30% used [0x00007fa9373b0000, 0x00007fa93ac9f768, 0x00007fa943160000)
  to   space 194240K,   0% used [0x00007fa943160000, 0x00007fa943160000, 0x00007fa94ef10000)
 tenured generation   total 3885120K, used 3865517K [0x00007fae2db50000, 0x00007faf1ad60000, 0x00007fb8d8600000)
   the space 3885120K,  99% used [0x00007fae2db50000, 0x00007faf19a3b6c8, 0x00007faf19a3b800, 0x00007faf1ad60000)
 Metaspace       used 24266K, capacity 24713K, committed 24832K, reserved 26624K
}
Event: 1703.589 GC heap after
{Heap after GC invocations=1937 (full 3):
 def new generation   total 1748352K, used 59186K [0x00007fa8d8600000, 0x00007fa94ef10000, 0x00007fae2db50000)
  eden space 1554112K,   0% used [0x00007fa8d8600000, 0x00007fa8d8600000, 0x00007fa9373b0000)
  from space 194240K,  30% used [0x00007fa943160000, 0x00007fa946b2ca18, 0x00007fa94ef10000)
  to   space 194240K,   0% used [0x00007fa9373b0000, 0x00007fa9373b0000, 0x00007fa943160000)
 tenured generation   total 3885120K, used 3873719K [0x00007fae2db50000, 0x00007faf1ad60000, 0x00007fb8d8600000)
   the space 3885120K,  99% used [0x00007fae2db50000, 0x00007faf1a23dd40, 0x00007faf1a23de00, 0x00007faf1ad60000)
 Metaspace       used 24266K, capacity 24713K, committed 24832K, reserved 26624K
}
Event: 1705.036 GC heap before
{Heap before GC invocations=1937 (full 3):
 def new generation   total 1748352K, used 1613298K [0x00007fa8d8600000, 0x00007fa94ef10000, 0x00007fae2db50000)
  eden space 1554112K, 100% used [0x00007fa8d8600000, 0x00007fa9373b0000, 0x00007fa9373b0000)
  from space 194240K,  30% used [0x00007fa943160000, 0x00007fa946b2ca18, 0x00007fa94ef10000)
  to   space 194240K,   0% used [0x00007fa9373b0000, 0x00007fa9373b0000, 0x00007fa943160000)
 tenured generation   total 3885120K, used 3873719K [0x00007fae2db50000, 0x00007faf1ad60000, 0x00007fb8d8600000)
   the space 3885120K,  99% used [0x00007fae2db50000, 0x00007faf1a23dd40, 0x00007faf1a23de00, 0x00007faf1ad60000)
 Metaspace       used 24266K, capacity 24713K, committed 24832K, reserved 26624K
}
Event: 1705.145 GC heap after
{Heap after GC invocations=1938 (full 3):
 def new generation   total 1748352K, used 59706K [0x00007fa8d8600000, 0x00007fa94ef10000, 0x00007fae2db50000)
  eden space 1554112K,   0% used [0x00007fa8d8600000, 0x00007fa8d8600000, 0x00007fa9373b0000)
  from space 194240K,  30% used [0x00007fa9373b0000, 0x00007fa93adfe868, 0x00007fa943160000)
  to   space 194240K,   0% used [0x00007fa943160000, 0x00007fa943160000, 0x00007fa94ef10000)
 tenured generation   total 3885120K, used 3876680K [0x00007fae2db50000, 0x00007faf1ad60000, 0x00007fb8d8600000)
   the space 3885120K,  99% used [0x00007fae2db50000, 0x00007faf1a522098, 0x00007faf1a522200, 0x00007faf1ad60000)
 Metaspace       used 24266K, capacity 24713K, committed 24832K, reserved 26624K
}
Event: 1706.583 GC heap before
{Heap before GC invocations=1938 (full 3):
 def new generation   total 1748352K, used 1613818K [0x00007fa8d8600000, 0x00007fa94ef10000, 0x00007fae2db50000)
  eden space 1554112K, 100% used [0x00007fa8d8600000, 0x00007fa9373b0000, 0x00007fa9373b0000)
  from space 194240K,  30% used [0x00007fa9373b0000, 0x00007fa93adfe868, 0x00007fa943160000)
  to   space 194240K,   0% used [0x00007fa943160000, 0x00007fa943160000, 0x00007fa94ef10000)
 tenured generation   total 3885120K, used 3876680K [0x00007fae2db50000, 0x00007faf1ad60000, 0x00007fb8d8600000)
   the space 3885120K,  99% used [0x00007fae2db50000, 0x00007faf1a522098, 0x00007faf1a522200, 0x00007faf1ad60000)
 Metaspace       used 24266K, capacity 24713K, committed 24832K, reserved 26624K
}
Event: 1706.719 GC heap after
{Heap after GC invocations=1939 (full 3):
 def new generation   total 1748352K, used 56884K [0x00007fa8d8600000, 0x00007fa94ef10000, 0x00007fae2db50000)
  eden space 1554112K,   0% used [0x00007fa8d8600000, 0x00007fa8d8600000, 0x00007fa9373b0000)
  from space 194240K,  29% used [0x00007fa943160000, 0x00007fa9468ed1a8, 0x00007fa94ef10000)
  to   space 194240K,   0% used [0x00007fa9373b0000, 0x00007fa9373b0000, 0x00007fa943160000)
 tenured generation   total 3885888K, used 3885820K [0x00007fae2db50000, 0x00007faf1ae20000, 0x00007fb8d8600000)
   the space 3885888K,  99% used [0x00007fae2db50000, 0x00007faf1ae0f120, 0x00007faf1ae0f200, 0x00007faf1ae20000)
 Metaspace       used 24266K, capacity 24713K, committed 24832K, reserved 26624K
}
Event: 1706.719 GC heap before
{Heap before GC invocations=1939 (full 3):
 def new generation   total 1748352K, used 56884K [0x00007fa8d8600000, 0x00007fa94ef10000, 0x00007fae2db50000)
  eden space 1554112K,   0% used [0x00007fa8d8600000, 0x00007fa8d8600000, 0x00007fa9373b0000)
  from space 194240K,  29% used [0x00007fa943160000, 0x00007fa9468ed1a8, 0x00007fa94ef10000)
  to   space 194240K,   0% used [0x00007fa9373b0000, 0x00007fa9373b0000, 0x00007fa943160000)
 tenured generation   total 3885888K, used 3885820K [0x00007fae2db50000, 0x00007faf1ae20000, 0x00007fb8d8600000)
   the space 3885888K,  99% used [0x00007fae2db50000, 0x00007faf1ae0f120, 0x00007faf1ae0f200, 0x00007faf1ae20000)
 Metaspace       used 24266K, capacity 24713K, committed 24832K, reserved 26624K
}

