# JRE version: OpenJDK Runtime Environment (13.0.7+5) (build 13.0.7+5-Ubuntu-0ubuntu120.04)
# Java VM: OpenJDK 64-Bit Server VM (13.0.7+5-Ubuntu-0ubuntu120.04, mixed mode, tiered, serial gc, linux-amd64)
Heap:
 def new generation   total 1539776K, used 69873K [0x00007f0d68600000, 0x00007f0dd0cc0000, 0x00007f18130a0000)
  eden space 1368704K,   5% used [0x00007f0d68600000, 0x00007f0d6ca3c548, 0x00007f0dbbea0000)
  from space 171072K,   0% used [0x00007f0dc65b0000, 0x00007f0dc65b0000, 0x00007f0dd0cc0000)
  to   space 171072K,   0% used [0x00007f0dbbea0000, 0x00007f0dbbea0000, 0x00007f0dc65b0000)
 tenured generation   total 3437964K, used 3436914K [0x00007f18130a0000, 0x00007f18e4e03000, 0x00007f2d68600000)
   the space 3437964K,  99% used [0x00007f18130a0000, 0x00007f18e4cfc9f0, 0x00007f18e4cfca00, 0x00007f18e4e03000)
 Metaspace       used 24234K, capacity 24630K, committed 24832K, reserved 26624K
GC Heap History (20 events):
Event: 1020.641 GC heap after
{Heap after GC invocations=1265 (full 5):
 def new generation   total 1539776K, used 68326K [0x00007f0d68600000, 0x00007f0dd0cc0000, 0x00007f18130a0000)
  eden space 1368704K,   0% used [0x00007f0d68600000, 0x00007f0d68600000, 0x00007f0dbbea0000)
  from space 171072K,  39% used [0x00007f0dbbea0000, 0x00007f0dc0159a38, 0x00007f0dc65b0000)
  to   space 171072K,   0% used [0x00007f0dc65b0000, 0x00007f0dc65b0000, 0x00007f0dd0cc0000)
 tenured generation   total 3421576K, used 3394751K [0x00007f18130a0000, 0x00007f18e3e02000, 0x00007f2d68600000)
   the space 3421576K,  99% used [0x00007f18130a0000, 0x00007f18e23cfce0, 0x00007f18e23cfe00, 0x00007f18e3e02000)
 Metaspace       used 24233K, capacity 24630K, committed 24832K, reserved 26624K
}
Event: 1021.828 GC heap before
{Heap before GC invocations=1265 (full 5):
 def new generation   total 1539776K, used 1436948K [0x00007f0d68600000, 0x00007f0dd0cc0000, 0x00007f18130a0000)
  eden space 1368704K,  99% used [0x00007f0d68600000, 0x00007f0dbbe8b880, 0x00007f0dbbea0000)
  from space 171072K,  39% used [0x00007f0dbbea0000, 0x00007f0dc0159a38, 0x00007f0dc65b0000)
  to   space 171072K,   0% used [0x00007f0dc65b0000, 0x00007f0dc65b0000, 0x00007f0dd0cc0000)
 tenured generation   total 3421576K, used 3394751K [0x00007f18130a0000, 0x00007f18e3e02000, 0x00007f2d68600000)
   the space 3421576K,  99% used [0x00007f18130a0000, 0x00007f18e23cfce0, 0x00007f18e23cfe00, 0x00007f18e3e02000)
 Metaspace       used 24234K, capacity 24630K, committed 24832K, reserved 26624K
}
Event: 1021.872 GC heap after
{Heap after GC invocations=1266 (full 5):
 def new generation   total 1539776K, used 70461K [0x00007f0d68600000, 0x00007f0dd0cc0000, 0x00007f18130a0000)
  eden space 1368704K,   0% used [0x00007f0d68600000, 0x00007f0d68600000, 0x00007f0dbbea0000)
  from space 171072K,  41% used [0x00007f0dc65b0000, 0x00007f0dcaa7f7d8, 0x00007f0dd0cc0000)
  to   space 171072K,   0% used [0x00007f0dbbea0000, 0x00007f0dbbea0000, 0x00007f0dc65b0000)
 tenured generation   total 3421576K, used 3394751K [0x00007f18130a0000, 0x00007f18e3e02000, 0x00007f2d68600000)
   the space 3421576K,  99% used [0x00007f18130a0000, 0x00007f18e23cfce0, 0x00007f18e23cfe00, 0x00007f18e3e02000)
 Metaspace       used 24234K, capacity 24630K, committed 24832K, reserved 26624K
}
Event: 1023.420 GC heap before
{Heap before GC invocations=1266 (full 5):
 def new generation   total 1539776K, used 1435768K [0x00007f0d68600000, 0x00007f0dd0cc0000, 0x00007f18130a0000)
  eden space 1368704K,  99% used [0x00007f0d68600000, 0x00007f0dbbb4e860, 0x00007f0dbbea0000)
  from space 171072K,  41% used [0x00007f0dc65b0000, 0x00007f0dcaa7f7d8, 0x00007f0dd0cc0000)
  to   space 171072K,   0% used [0x00007f0dbbea0000, 0x00007f0dbbea0000, 0x00007f0dc65b0000)
 tenured generation   total 3421576K, used 3394751K [0x00007f18130a0000, 0x00007f18e3e02000, 0x00007f2d68600000)
   the space 3421576K,  99% used [0x00007f18130a0000, 0x00007f18e23cfce0, 0x00007f18e23cfe00, 0x00007f18e3e02000)
 Metaspace       used 24234K, capacity 24630K, committed 24832K, reserved 26624K
}
Event: 1023.466 GC heap after
{Heap after GC invocations=1267 (full 5):
 def new generation   total 1539776K, used 76577K [0x00007f0d68600000, 0x00007f0dd0cc0000, 0x00007f18130a0000)
  eden space 1368704K,   0% used [0x00007f0d68600000, 0x00007f0d68600000, 0x00007f0dbbea0000)
  from space 171072K,  44% used [0x00007f0dbbea0000, 0x00007f0dc0968470, 0x00007f0dc65b0000)
  to   space 171072K,   0% used [0x00007f0dc65b0000, 0x00007f0dc65b0000, 0x00007f0dd0cc0000)
 tenured generation   total 3421576K, used 3394751K [0x00007f18130a0000, 0x00007f18e3e02000, 0x00007f2d68600000)
   the space 3421576K,  99% used [0x00007f18130a0000, 0x00007f18e23cfce0, 0x00007f18e23cfe00, 0x00007f18e3e02000)
 Metaspace       used 24234K, capacity 24630K, committed 24832K, reserved 26624K
}
Event: 1024.856 GC heap before
{Heap before GC invocations=1267 (full 5):
 def new generation   total 1539776K, used 1445281K [0x00007f0d68600000, 0x00007f0dd0cc0000, 0x00007f18130a0000)
  eden space 1368704K, 100% used [0x00007f0d68600000, 0x00007f0dbbea0000, 0x00007f0dbbea0000)
  from space 171072K,  44% used [0x00007f0dbbea0000, 0x00007f0dc0968470, 0x00007f0dc65b0000)
  to   space 171072K,   0% used [0x00007f0dc65b0000, 0x00007f0dc65b0000, 0x00007f0dd0cc0000)
 tenured generation   total 3421576K, used 3394751K [0x00007f18130a0000, 0x00007f18e3e02000, 0x00007f2d68600000)
   the space 3421576K,  99% used [0x00007f18130a0000, 0x00007f18e23cfce0, 0x00007f18e23cfe00, 0x00007f18e3e02000)
 Metaspace       used 24234K, capacity 24630K, committed 24832K, reserved 26624K
}
Event: 1024.918 GC heap after
{Heap after GC invocations=1268 (full 5):
 def new generation   total 1539776K, used 83257K [0x00007f0d68600000, 0x00007f0dd0cc0000, 0x00007f18130a0000)
  eden space 1368704K,   0% used [0x00007f0d68600000, 0x00007f0d68600000, 0x00007f0dbbea0000)
  from space 171072K,  48% used [0x00007f0dc65b0000, 0x00007f0dcb6fe580, 0x00007f0dd0cc0000)
  to   space 171072K,   0% used [0x00007f0dbbea0000, 0x00007f0dbbea0000, 0x00007f0dc65b0000)
 tenured generation   total 3421576K, used 3394751K [0x00007f18130a0000, 0x00007f18e3e02000, 0x00007f2d68600000)
   the space 3421576K,  99% used [0x00007f18130a0000, 0x00007f18e23cfce0, 0x00007f18e23cfe00, 0x00007f18e3e02000)
 Metaspace       used 24234K, capacity 24630K, committed 24832K, reserved 26624K
}
Event: 1026.095 GC heap before
{Heap before GC invocations=1268 (full 5):
 def new generation   total 1539776K, used 1451961K [0x00007f0d68600000, 0x00007f0dd0cc0000, 0x00007f18130a0000)
  eden space 1368704K, 100% used [0x00007f0d68600000, 0x00007f0dbbea0000, 0x00007f0dbbea0000)
  from space 171072K,  48% used [0x00007f0dc65b0000, 0x00007f0dcb6fe580, 0x00007f0dd0cc0000)
  to   space 171072K,   0% used [0x00007f0dbbea0000, 0x00007f0dbbea0000, 0x00007f0dc65b0000)
 tenured generation   total 3421576K, used 3394751K [0x00007f18130a0000, 0x00007f18e3e02000, 0x00007f2d68600000)
   the space 3421576K,  99% used [0x00007f18130a0000, 0x00007f18e23cfce0, 0x00007f18e23cfe00, 0x00007f18e3e02000)
 Metaspace       used 24234K, capacity 24630K, committed 24832K, reserved 26624K
}
Event: 1026.152 GC heap after
{Heap after GC invocations=1269 (full 5):
 def new generation   total 1539776K, used 84778K [0x00007f0d68600000, 0x00007f0dd0cc0000, 0x00007f18130a0000)
  eden space 1368704K,   0% used [0x00007f0d68600000, 0x00007f0d68600000, 0x00007f0dbbea0000)
  from space 171072K,  49% used [0x00007f0dbbea0000, 0x00007f0dc116aa30, 0x00007f0dc65b0000)
  to   space 171072K,   0% used [0x00007f0dc65b0000, 0x00007f0dc65b0000, 0x00007f0dd0cc0000)
 tenured generation   total 3421576K, used 3394751K [0x00007f18130a0000, 0x00007f18e3e02000, 0x00007f2d68600000)
   the space 3421576K,  99% used [0x00007f18130a0000, 0x00007f18e23cfce0, 0x00007f18e23cfe00, 0x00007f18e3e02000)
 Metaspace       used 24234K, capacity 24630K, committed 24832K, reserved 26624K
}
Event: 1027.618 GC heap before
{Heap before GC invocations=1269 (full 5):
 def new generation   total 1539776K, used 1453482K [0x00007f0d68600000, 0x00007f0dd0cc0000, 0x00007f18130a0000)
  eden space 1368704K, 100% used [0x00007f0d68600000, 0x00007f0dbbea0000, 0x00007f0dbbea0000)
  from space 171072K,  49% used [0x00007f0dbbea0000, 0x00007f0dc116aa30, 0x00007f0dc65b0000)
  to   space 171072K,   0% used [0x00007f0dc65b0000, 0x00007f0dc65b0000, 0x00007f0dd0cc0000)
 tenured generation   total 3421576K, used 3394751K [0x00007f18130a0000, 0x00007f18e3e02000, 0x00007f2d68600000)
   the space 3421576K,  99% used [0x00007f18130a0000, 0x00007f18e23cfce0, 0x00007f18e23cfe00, 0x00007f18e3e02000)
 Metaspace       used 24234K, capacity 24630K, committed 24832K, reserved 26624K
}
Event: 1027.677 GC heap after
{Heap after GC invocations=1270 (full 5):
 def new generation   total 1539776K, used 92094K [0x00007f0d68600000, 0x00007f0dd0cc0000, 0x00007f18130a0000)
  eden space 1368704K,   0% used [0x00007f0d68600000, 0x00007f0d68600000, 0x00007f0dbbea0000)
  from space 171072K,  53% used [0x00007f0dc65b0000, 0x00007f0dcbf9fa50, 0x00007f0dd0cc0000)
  to   space 171072K,   0% used [0x00007f0dbbea0000, 0x00007f0dbbea0000, 0x00007f0dc65b0000)
 tenured generation   total 3421576K, used 3394751K [0x00007f18130a0000, 0x00007f18e3e02000, 0x00007f2d68600000)
   the space 3421576K,  99% used [0x00007f18130a0000, 0x00007f18e23cfce0, 0x00007f18e23cfe00, 0x00007f18e3e02000)
 Metaspace       used 24234K, capacity 24630K, committed 24832K, reserved 26624K
}
Event: 1029.116 GC heap before
{Heap before GC invocations=1270 (full 5):
 def new generation   total 1539776K, used 1460798K [0x00007f0d68600000, 0x00007f0dd0cc0000, 0x00007f18130a0000)
  eden space 1368704K, 100% used [0x00007f0d68600000, 0x00007f0dbbea0000, 0x00007f0dbbea0000)
  from space 171072K,  53% used [0x00007f0dc65b0000, 0x00007f0dcbf9fa50, 0x00007f0dd0cc0000)
  to   space 171072K,   0% used [0x00007f0dbbea0000, 0x00007f0dbbea0000, 0x00007f0dc65b0000)
 tenured generation   total 3421576K, used 3394751K [0x00007f18130a0000, 0x00007f18e3e02000, 0x00007f2d68600000)
   the space 3421576K,  99% used [0x00007f18130a0000, 0x00007f18e23cfce0, 0x00007f18e23cfe00, 0x00007f18e3e02000)
 Metaspace       used 24234K, capacity 24630K, committed 24832K, reserved 26624K
}
Event: 1029.190 GC heap after
{Heap after GC invocations=1271 (full 5):
 def new generation   total 1539776K, used 82209K [0x00007f0d68600000, 0x00007f0dd0cc0000, 0x00007f18130a0000)
  eden space 1368704K,   0% used [0x00007f0d68600000, 0x00007f0d68600000, 0x00007f0dbbea0000)
  from space 171072K,  48% used [0x00007f0dbbea0000, 0x00007f0dc0ee8410, 0x00007f0dc65b0000)
  to   space 171072K,   0% used [0x00007f0dc65b0000, 0x00007f0dc65b0000, 0x00007f0dd0cc0000)
 tenured generation   total 3421576K, used 3411710K [0x00007f18130a0000, 0x00007f18e3e02000, 0x00007f2d68600000)
   the space 3421576K,  99% used [0x00007f18130a0000, 0x00007f18e345f858, 0x00007f18e345fa00, 0x00007f18e3e02000)
 Metaspace       used 24234K, capacity 24630K, committed 24832K, reserved 26624K
}
Event: 1030.448 GC heap before
{Heap before GC invocations=1271 (full 5):
 def new generation   total 1539776K, used 1450913K [0x00007f0d68600000, 0x00007f0dd0cc0000, 0x00007f18130a0000)
  eden space 1368704K, 100% used [0x00007f0d68600000, 0x00007f0dbbea0000, 0x00007f0dbbea0000)
  from space 171072K,  48% used [0x00007f0dbbea0000, 0x00007f0dc0ee8410, 0x00007f0dc65b0000)
  to   space 171072K,   0% used [0x00007f0dc65b0000, 0x00007f0dc65b0000, 0x00007f0dd0cc0000)
 tenured generation   total 3421576K, used 3411710K [0x00007f18130a0000, 0x00007f18e3e02000, 0x00007f2d68600000)
   the space 3421576K,  99% used [0x00007f18130a0000, 0x00007f18e345f858, 0x00007f18e345fa00, 0x00007f18e3e02000)
 Metaspace       used 24234K, capacity 24630K, committed 24832K, reserved 26624K
}
Event: 1030.524 GC heap after
{Heap after GC invocations=1272 (full 5):
 def new generation   total 1539776K, used 85285K [0x00007f0d68600000, 0x00007f0dd0cc0000, 0x00007f18130a0000)
  eden space 1368704K,   0% used [0x00007f0d68600000, 0x00007f0d68600000, 0x00007f0dbbea0000)
  from space 171072K,  49% used [0x00007f0dc65b0000, 0x00007f0dcb8f94c8, 0x00007f0dd0cc0000)
  to   space 171072K,   0% used [0x00007f0dbbea0000, 0x00007f0dbbea0000, 0x00007f0dc65b0000)
 tenured generation   total 3421576K, used 3411710K [0x00007f18130a0000, 0x00007f18e3e02000, 0x00007f2d68600000)
   the space 3421576K,  99% used [0x00007f18130a0000, 0x00007f18e345f858, 0x00007f18e345fa00, 0x00007f18e3e02000)
 Metaspace       used 24234K, capacity 24630K, committed 24832K, reserved 26624K
}
Event: 1031.736 GC heap before
{Heap before GC invocations=1272 (full 5):
 def new generation   total 1539776K, used 1443166K [0x00007f0d68600000, 0x00007f0dd0cc0000, 0x00007f18130a0000)
  eden space 1368704K,  99% used [0x00007f0d68600000, 0x00007f0dbb40e380, 0x00007f0dbbea0000)
  from space 171072K,  49% used [0x00007f0dc65b0000, 0x00007f0dcb8f94c8, 0x00007f0dd0cc0000)
  to   space 171072K,   0% used [0x00007f0dbbea0000, 0x00007f0dbbea0000, 0x00007f0dc65b0000)
 tenured generation   total 3421576K, used 3411710K [0x00007f18130a0000, 0x00007f18e3e02000, 0x00007f2d68600000)
   the space 3421576K,  99% used [0x00007f18130a0000, 0x00007f18e345f858, 0x00007f18e345fa00, 0x00007f18e3e02000)
 Metaspace       used 24234K, capacity 24630K, committed 24832K, reserved 26624K
}
Event: 1031.787 GC heap after
{Heap after GC invocations=1273 (full 5):
 def new generation   total 1539776K, used 87883K [0x00007f0d68600000, 0x00007f0dd0cc0000, 0x00007f18130a0000)
  eden space 1368704K,   0% used [0x00007f0d68600000, 0x00007f0d68600000, 0x00007f0dbbea0000)
  from space 171072K,  51% used [0x00007f0dbbea0000, 0x00007f0dc1472d78, 0x00007f0dc65b0000)
  to   space 171072K,   0% used [0x00007f0dc65b0000, 0x00007f0dc65b0000, 0x00007f0dd0cc0000)
 tenured generation   total 3421576K, used 3411710K [0x00007f18130a0000, 0x00007f18e3e02000, 0x00007f2d68600000)
   the space 3421576K,  99% used [0x00007f18130a0000, 0x00007f18e345f858, 0x00007f18e345fa00, 0x00007f18e3e02000)
 Metaspace       used 24234K, capacity 24630K, committed 24832K, reserved 26624K
}
Event: 1033.301 GC heap before
{Heap before GC invocations=1273 (full 5):
 def new generation   total 1539776K, used 1456587K [0x00007f0d68600000, 0x00007f0dd0cc0000, 0x00007f18130a0000)
  eden space 1368704K, 100% used [0x00007f0d68600000, 0x00007f0dbbea0000, 0x00007f0dbbea0000)
  from space 171072K,  51% used [0x00007f0dbbea0000, 0x00007f0dc1472d78, 0x00007f0dc65b0000)
  to   space 171072K,   0% used [0x00007f0dc65b0000, 0x00007f0dc65b0000, 0x00007f0dd0cc0000)
 tenured generation   total 3421576K, used 3411710K [0x00007f18130a0000, 0x00007f18e3e02000, 0x00007f2d68600000)
   the space 3421576K,  99% used [0x00007f18130a0000, 0x00007f18e345f858, 0x00007f18e345fa00, 0x00007f18e3e02000)
 Metaspace       used 24234K, capacity 24630K, committed 24832K, reserved 26624K
}
Event: 1033.375 GC heap after
{Heap after GC invocations=1274 (full 5):
 def new generation   total 1539776K, used 78118K [0x00007f0d68600000, 0x00007f0dd0cc0000, 0x00007f18130a0000)
  eden space 1368704K,   0% used [0x00007f0d68600000, 0x00007f0d68600000, 0x00007f0dbbea0000)
  from space 171072K,  45% used [0x00007f0dc65b0000, 0x00007f0dcb1f9b68, 0x00007f0dd0cc0000)
  to   space 171072K,   0% used [0x00007f0dbbea0000, 0x00007f0dbbea0000, 0x00007f0dc65b0000)
 tenured generation   total 3437964K, used 3428668K [0x00007f18130a0000, 0x00007f18e4e03000, 0x00007f2d68600000)
   the space 3437964K,  99% used [0x00007f18130a0000, 0x00007f18e44ef3d0, 0x00007f18e44ef400, 0x00007f18e4e03000)
 Metaspace       used 24234K, capacity 24630K, committed 24832K, reserved 26624K
}
Event: 1033.375 GC heap before
{Heap before GC invocations=1274 (full 5):
 def new generation   total 1539776K, used 78118K [0x00007f0d68600000, 0x00007f0dd0cc0000, 0x00007f18130a0000)
  eden space 1368704K,   0% used [0x00007f0d68600000, 0x00007f0d68600000, 0x00007f0dbbea0000)
  from space 171072K,  45% used [0x00007f0dc65b0000, 0x00007f0dcb1f9b68, 0x00007f0dd0cc0000)
  to   space 171072K,   0% used [0x00007f0dbbea0000, 0x00007f0dbbea0000, 0x00007f0dc65b0000)
 tenured generation   total 3437964K, used 3428668K [0x00007f18130a0000, 0x00007f18e4e03000, 0x00007f2d68600000)
   the space 3437964K,  99% used [0x00007f18130a0000, 0x00007f18e44ef3d0, 0x00007f18e44ef400, 0x00007f18e4e03000)
 Metaspace       used 24234K, capacity 24630K, committed 24832K, reserved 26624K
}

