# JRE version: OpenJDK Runtime Environment (13.0.7+5) (build 13.0.7+5-Ubuntu-0ubuntu120.04)
# Java VM: OpenJDK 64-Bit Server VM (13.0.7+5-Ubuntu-0ubuntu120.04, mixed mode, tiered, serial gc, linux-amd64)
Heap:
 def new generation   total 2649408K, used 125871K [0x00007f2d94600000, 0x00007f2e480c0000, 0x00007f383f0a0000)
  eden space 2355072K,   5% used [0x00007f2d94600000, 0x00007f2d9c0ebe18, 0x00007f2e241e0000)
  from space 294336K,   0% used [0x00007f2e36150000, 0x00007f2e36150000, 0x00007f2e480c0000)
  to   space 294336K,   0% used [0x00007f2e241e0000, 0x00007f2e241e0000, 0x00007f2e36150000)
 tenured generation   total 5903856K, used 5903604K [0x00007f383f0a0000, 0x00007f39a761c000, 0x00007f4d94600000)
   the space 5903856K,  99% used [0x00007f383f0a0000, 0x00007f39a75dd188, 0x00007f39a75dd200, 0x00007f39a761c000)
 Metaspace       used 24187K, capacity 24637K, committed 24832K, reserved 26624K
GC Heap History (20 events):
Event: 1580.614 GC heap after
{Heap after GC invocations=1607 (full 6):
 def new generation   total 2649408K, used 161843K [0x00007f2d94600000, 0x00007f2e480c0000, 0x00007f383f0a0000)
  eden space 2355072K,   0% used [0x00007f2d94600000, 0x00007f2d94600000, 0x00007f2e241e0000)
  from space 294336K,  54% used [0x00007f2e241e0000, 0x00007f2e2dfecc18, 0x00007f2e36150000)
  to   space 294336K,   0% used [0x00007f2e36150000, 0x00007f2e36150000, 0x00007f2e480c0000)
 tenured generation   total 5887468K, used 5776648K [0x00007f383f0a0000, 0x00007f39a661b000, 0x00007f4d94600000)
   the space 5887468K,  98% used [0x00007f383f0a0000, 0x00007f399f9e2270, 0x00007f399f9e2400, 0x00007f39a661b000)
 Metaspace       used 24187K, capacity 24637K, committed 24832K, reserved 26624K
}
Event: 1582.848 GC heap before
{Heap before GC invocations=1607 (full 6):
 def new generation   total 2649408K, used 2516915K [0x00007f2d94600000, 0x00007f2e480c0000, 0x00007f383f0a0000)
  eden space 2355072K, 100% used [0x00007f2d94600000, 0x00007f2e241e0000, 0x00007f2e241e0000)
  from space 294336K,  54% used [0x00007f2e241e0000, 0x00007f2e2dfecc18, 0x00007f2e36150000)
  to   space 294336K,   0% used [0x00007f2e36150000, 0x00007f2e36150000, 0x00007f2e480c0000)
 tenured generation   total 5887468K, used 5776648K [0x00007f383f0a0000, 0x00007f39a661b000, 0x00007f4d94600000)
   the space 5887468K,  98% used [0x00007f383f0a0000, 0x00007f399f9e2270, 0x00007f399f9e2400, 0x00007f39a661b000)
 Metaspace       used 24187K, capacity 24637K, committed 24832K, reserved 26624K
}
Event: 1582.944 GC heap after
{Heap after GC invocations=1608 (full 6):
 def new generation   total 2649408K, used 137209K [0x00007f2d94600000, 0x00007f2e480c0000, 0x00007f383f0a0000)
  eden space 2355072K,   0% used [0x00007f2d94600000, 0x00007f2d94600000, 0x00007f2e241e0000)
  from space 294336K,  46% used [0x00007f2e36150000, 0x00007f2e3e74e6c0, 0x00007f2e480c0000)
  to   space 294336K,   0% used [0x00007f2e241e0000, 0x00007f2e241e0000, 0x00007f2e36150000)
 tenured generation   total 5887468K, used 5793607K [0x00007f383f0a0000, 0x00007f39a661b000, 0x00007f4d94600000)
   the space 5887468K,  98% used [0x00007f383f0a0000, 0x00007f39a0a71cc8, 0x00007f39a0a71e00, 0x00007f39a661b000)
 Metaspace       used 24187K, capacity 24637K, committed 24832K, reserved 26624K
}
Event: 1585.731 GC heap before
{Heap before GC invocations=1608 (full 6):
 def new generation   total 2649408K, used 2492281K [0x00007f2d94600000, 0x00007f2e480c0000, 0x00007f383f0a0000)
  eden space 2355072K, 100% used [0x00007f2d94600000, 0x00007f2e241e0000, 0x00007f2e241e0000)
  from space 294336K,  46% used [0x00007f2e36150000, 0x00007f2e3e74e6c0, 0x00007f2e480c0000)
  to   space 294336K,   0% used [0x00007f2e241e0000, 0x00007f2e241e0000, 0x00007f2e36150000)
 tenured generation   total 5887468K, used 5793607K [0x00007f383f0a0000, 0x00007f39a661b000, 0x00007f4d94600000)
   the space 5887468K,  98% used [0x00007f383f0a0000, 0x00007f39a0a71cc8, 0x00007f39a0a71e00, 0x00007f39a661b000)
 Metaspace       used 24187K, capacity 24637K, committed 24832K, reserved 26624K
}
Event: 1585.836 GC heap after
{Heap after GC invocations=1609 (full 6):
 def new generation   total 2649408K, used 153110K [0x00007f2d94600000, 0x00007f2e480c0000, 0x00007f383f0a0000)
  eden space 2355072K,   0% used [0x00007f2d94600000, 0x00007f2d94600000, 0x00007f2e241e0000)
  from space 294336K,  52% used [0x00007f2e241e0000, 0x00007f2e2d765928, 0x00007f2e36150000)
  to   space 294336K,   0% used [0x00007f2e36150000, 0x00007f2e36150000, 0x00007f2e480c0000)
 tenured generation   total 5887468K, used 5793607K [0x00007f383f0a0000, 0x00007f39a661b000, 0x00007f4d94600000)
   the space 5887468K,  98% used [0x00007f383f0a0000, 0x00007f39a0a71cc8, 0x00007f39a0a71e00, 0x00007f39a661b000)
 Metaspace       used 24187K, capacity 24637K, committed 24832K, reserved 26624K
}
Event: 1588.316 GC heap before
{Heap before GC invocations=1609 (full 6):
 def new generation   total 2649408K, used 2508182K [0x00007f2d94600000, 0x00007f2e480c0000, 0x00007f383f0a0000)
  eden space 2355072K, 100% used [0x00007f2d94600000, 0x00007f2e241e0000, 0x00007f2e241e0000)
  from space 294336K,  52% used [0x00007f2e241e0000, 0x00007f2e2d765928, 0x00007f2e36150000)
  to   space 294336K,   0% used [0x00007f2e36150000, 0x00007f2e36150000, 0x00007f2e480c0000)
 tenured generation   total 5887468K, used 5793607K [0x00007f383f0a0000, 0x00007f39a661b000, 0x00007f4d94600000)
   the space 5887468K,  98% used [0x00007f383f0a0000, 0x00007f39a0a71cc8, 0x00007f39a0a71e00, 0x00007f39a661b000)
 Metaspace       used 24187K, capacity 24637K, committed 24832K, reserved 26624K
}
Event: 1588.425 GC heap after
{Heap after GC invocations=1610 (full 6):
 def new generation   total 2649408K, used 146972K [0x00007f2d94600000, 0x00007f2e480c0000, 0x00007f383f0a0000)
  eden space 2355072K,   0% used [0x00007f2d94600000, 0x00007f2d94600000, 0x00007f2e241e0000)
  from space 294336K,  49% used [0x00007f2e36150000, 0x00007f2e3f0d7160, 0x00007f2e480c0000)
  to   space 294336K,   0% used [0x00007f2e241e0000, 0x00007f2e241e0000, 0x00007f2e36150000)
 tenured generation   total 5887468K, used 5810565K [0x00007f383f0a0000, 0x00007f39a661b000, 0x00007f4d94600000)
   the space 5887468K,  98% used [0x00007f383f0a0000, 0x00007f39a1b01720, 0x00007f39a1b01800, 0x00007f39a661b000)
 Metaspace       used 24187K, capacity 24637K, committed 24832K, reserved 26624K
}
Event: 1590.632 GC heap before
{Heap before GC invocations=1610 (full 6):
 def new generation   total 2649408K, used 2488313K [0x00007f2d94600000, 0x00007f2e480c0000, 0x00007f383f0a0000)
  eden space 2355072K,  99% used [0x00007f2d94600000, 0x00007f2e234775f8, 0x00007f2e241e0000)
  from space 294336K,  49% used [0x00007f2e36150000, 0x00007f2e3f0d7160, 0x00007f2e480c0000)
  to   space 294336K,   0% used [0x00007f2e241e0000, 0x00007f2e241e0000, 0x00007f2e36150000)
 tenured generation   total 5887468K, used 5810565K [0x00007f383f0a0000, 0x00007f39a661b000, 0x00007f4d94600000)
   the space 5887468K,  98% used [0x00007f383f0a0000, 0x00007f39a1b01720, 0x00007f39a1b01800, 0x00007f39a661b000)
 Metaspace       used 24187K, capacity 24637K, committed 24832K, reserved 26624K
}
Event: 1590.725 GC heap after
{Heap after GC invocations=1611 (full 6):
 def new generation   total 2649408K, used 156739K [0x00007f2d94600000, 0x00007f2e480c0000, 0x00007f383f0a0000)
  eden space 2355072K,   0% used [0x00007f2d94600000, 0x00007f2d94600000, 0x00007f2e241e0000)
  from space 294336K,  53% used [0x00007f2e241e0000, 0x00007f2e2daf0d78, 0x00007f2e36150000)
  to   space 294336K,   0% used [0x00007f2e36150000, 0x00007f2e36150000, 0x00007f2e480c0000)
 tenured generation   total 5887468K, used 5810565K [0x00007f383f0a0000, 0x00007f39a661b000, 0x00007f4d94600000)
   the space 5887468K,  98% used [0x00007f383f0a0000, 0x00007f39a1b01720, 0x00007f39a1b01800, 0x00007f39a661b000)
 Metaspace       used 24187K, capacity 24637K, committed 24832K, reserved 26624K
}
Event: 1593.259 GC heap before
{Heap before GC invocations=1611 (full 6):
 def new generation   total 2649408K, used 2511811K [0x00007f2d94600000, 0x00007f2e480c0000, 0x00007f383f0a0000)
  eden space 2355072K, 100% used [0x00007f2d94600000, 0x00007f2e241e0000, 0x00007f2e241e0000)
  from space 294336K,  53% used [0x00007f2e241e0000, 0x00007f2e2daf0d78, 0x00007f2e36150000)
  to   space 294336K,   0% used [0x00007f2e36150000, 0x00007f2e36150000, 0x00007f2e480c0000)
 tenured generation   total 5887468K, used 5810565K [0x00007f383f0a0000, 0x00007f39a661b000, 0x00007f4d94600000)
   the space 5887468K,  98% used [0x00007f383f0a0000, 0x00007f39a1b01720, 0x00007f39a1b01800, 0x00007f39a661b000)
 Metaspace       used 24187K, capacity 24637K, committed 24832K, reserved 26624K
}
Event: 1593.372 GC heap after
{Heap after GC invocations=1612 (full 6):
 def new generation   total 2649408K, used 153110K [0x00007f2d94600000, 0x00007f2e480c0000, 0x00007f383f0a0000)
  eden space 2355072K,   0% used [0x00007f2d94600000, 0x00007f2d94600000, 0x00007f2e241e0000)
  from space 294336K,  52% used [0x00007f2e36150000, 0x00007f2e3f6d5928, 0x00007f2e480c0000)
  to   space 294336K,   0% used [0x00007f2e241e0000, 0x00007f2e241e0000, 0x00007f2e36150000)
 tenured generation   total 5887468K, used 5827524K [0x00007f383f0a0000, 0x00007f39a661b000, 0x00007f4d94600000)
   the space 5887468K,  98% used [0x00007f383f0a0000, 0x00007f39a2b91178, 0x00007f39a2b91200, 0x00007f39a661b000)
 Metaspace       used 24187K, capacity 24637K, committed 24832K, reserved 26624K
}
Event: 1596.093 GC heap before
{Heap before GC invocations=1612 (full 6):
 def new generation   total 2649408K, used 2508182K [0x00007f2d94600000, 0x00007f2e480c0000, 0x00007f383f0a0000)
  eden space 2355072K, 100% used [0x00007f2d94600000, 0x00007f2e241e0000, 0x00007f2e241e0000)
  from space 294336K,  52% used [0x00007f2e36150000, 0x00007f2e3f6d5928, 0x00007f2e480c0000)
  to   space 294336K,   0% used [0x00007f2e241e0000, 0x00007f2e241e0000, 0x00007f2e36150000)
 tenured generation   total 5887468K, used 5827524K [0x00007f383f0a0000, 0x00007f39a661b000, 0x00007f4d94600000)
   the space 5887468K,  98% used [0x00007f383f0a0000, 0x00007f39a2b91178, 0x00007f39a2b91200, 0x00007f39a661b000)
 Metaspace       used 24187K, capacity 24637K, committed 24832K, reserved 26624K
}
Event: 1596.211 GC heap after
{Heap after GC invocations=1613 (full 6):
 def new generation   total 2649408K, used 150034K [0x00007f2d94600000, 0x00007f2e480c0000, 0x00007f383f0a0000)
  eden space 2355072K,   0% used [0x00007f2d94600000, 0x00007f2d94600000, 0x00007f2e241e0000)
  from space 294336K,  50% used [0x00007f2e241e0000, 0x00007f2e2d464870, 0x00007f2e36150000)
  to   space 294336K,   0% used [0x00007f2e36150000, 0x00007f2e36150000, 0x00007f2e480c0000)
 tenured generation   total 5887468K, used 5844482K [0x00007f383f0a0000, 0x00007f39a661b000, 0x00007f4d94600000)
   the space 5887468K,  99% used [0x00007f383f0a0000, 0x00007f39a3c20bd0, 0x00007f39a3c20c00, 0x00007f39a661b000)
 Metaspace       used 24187K, capacity 24637K, committed 24832K, reserved 26624K
}
Event: 1598.625 GC heap before
{Heap before GC invocations=1613 (full 6):
 def new generation   total 2649408K, used 2505106K [0x00007f2d94600000, 0x00007f2e480c0000, 0x00007f383f0a0000)
  eden space 2355072K, 100% used [0x00007f2d94600000, 0x00007f2e241e0000, 0x00007f2e241e0000)
  from space 294336K,  50% used [0x00007f2e241e0000, 0x00007f2e2d464870, 0x00007f2e36150000)
  to   space 294336K,   0% used [0x00007f2e36150000, 0x00007f2e36150000, 0x00007f2e480c0000)
 tenured generation   total 5887468K, used 5844482K [0x00007f383f0a0000, 0x00007f39a661b000, 0x00007f4d94600000)
   the space 5887468K,  99% used [0x00007f383f0a0000, 0x00007f39a3c20bd0, 0x00007f39a3c20c00, 0x00007f39a661b000)
 Metaspace       used 24187K, capacity 24637K, committed 24832K, reserved 26624K
}
Event: 1598.748 GC heap after
{Heap after GC invocations=1614 (full 6):
 def new generation   total 2649408K, used 142861K [0x00007f2d94600000, 0x00007f2e480c0000, 0x00007f383f0a0000)
  eden space 2355072K,   0% used [0x00007f2d94600000, 0x00007f2d94600000, 0x00007f2e241e0000)
  from space 294336K,  48% used [0x00007f2e36150000, 0x00007f2e3ecd3780, 0x00007f2e480c0000)
  to   space 294336K,   0% used [0x00007f2e241e0000, 0x00007f2e241e0000, 0x00007f2e36150000)
 tenured generation   total 5887468K, used 5861441K [0x00007f383f0a0000, 0x00007f39a661b000, 0x00007f4d94600000)
   the space 5887468K,  99% used [0x00007f383f0a0000, 0x00007f39a4cb0628, 0x00007f39a4cb0800, 0x00007f39a661b000)
 Metaspace       used 24187K, capacity 24637K, committed 24832K, reserved 26624K
}
Event: 1601.009 GC heap before
{Heap before GC invocations=1614 (full 6):
 def new generation   total 2649408K, used 2496555K [0x00007f2d94600000, 0x00007f2e480c0000, 0x00007f383f0a0000)
  eden space 2355072K,  99% used [0x00007f2d94600000, 0x00007f2e24087600, 0x00007f2e241e0000)
  from space 294336K,  48% used [0x00007f2e36150000, 0x00007f2e3ecd3780, 0x00007f2e480c0000)
  to   space 294336K,   0% used [0x00007f2e241e0000, 0x00007f2e241e0000, 0x00007f2e36150000)
 tenured generation   total 5887468K, used 5861441K [0x00007f383f0a0000, 0x00007f39a661b000, 0x00007f4d94600000)
   the space 5887468K,  99% used [0x00007f383f0a0000, 0x00007f39a4cb0628, 0x00007f39a4cb0800, 0x00007f39a661b000)
 Metaspace       used 24187K, capacity 24637K, committed 24832K, reserved 26624K
}
Event: 1601.108 GC heap after
{Heap after GC invocations=1615 (full 6):
 def new generation   total 2649408K, used 169539K [0x00007f2d94600000, 0x00007f2e480c0000, 0x00007f383f0a0000)
  eden space 2355072K,   0% used [0x00007f2d94600000, 0x00007f2d94600000, 0x00007f2e241e0000)
  from space 294336K,  57% used [0x00007f2e241e0000, 0x00007f2e2e770f98, 0x00007f2e36150000)
  to   space 294336K,   0% used [0x00007f2e36150000, 0x00007f2e36150000, 0x00007f2e480c0000)
 tenured generation   total 5887468K, used 5861441K [0x00007f383f0a0000, 0x00007f39a661b000, 0x00007f4d94600000)
   the space 5887468K,  99% used [0x00007f383f0a0000, 0x00007f39a4cb0628, 0x00007f39a4cb0800, 0x00007f39a661b000)
 Metaspace       used 24187K, capacity 24637K, committed 24832K, reserved 26624K
}
Event: 1603.791 GC heap before
{Heap before GC invocations=1615 (full 6):
 def new generation   total 2649408K, used 2524611K [0x00007f2d94600000, 0x00007f2e480c0000, 0x00007f383f0a0000)
  eden space 2355072K, 100% used [0x00007f2d94600000, 0x00007f2e241e0000, 0x00007f2e241e0000)
  from space 294336K,  57% used [0x00007f2e241e0000, 0x00007f2e2e770f98, 0x00007f2e36150000)
  to   space 294336K,   0% used [0x00007f2e36150000, 0x00007f2e36150000, 0x00007f2e480c0000)
 tenured generation   total 5887468K, used 5861441K [0x00007f383f0a0000, 0x00007f39a661b000, 0x00007f4d94600000)
   the space 5887468K,  99% used [0x00007f383f0a0000, 0x00007f39a4cb0628, 0x00007f39a4cb0800, 0x00007f39a661b000)
 Metaspace       used 24187K, capacity 24637K, committed 24832K, reserved 26624K
}
Event: 1603.923 GC heap after
{Heap after GC invocations=1616 (full 6):
 def new generation   total 2649408K, used 134117K [0x00007f2d94600000, 0x00007f2e480c0000, 0x00007f383f0a0000)
  eden space 2355072K,   0% used [0x00007f2d94600000, 0x00007f2d94600000, 0x00007f2e241e0000)
  from space 294336K,  45% used [0x00007f2e36150000, 0x00007f2e3e4494c8, 0x00007f2e480c0000)
  to   space 294336K,   0% used [0x00007f2e241e0000, 0x00007f2e241e0000, 0x00007f2e36150000)
 tenured generation   total 5903856K, used 5895358K [0x00007f383f0a0000, 0x00007f39a761c000, 0x00007f4d94600000)
   the space 5903856K,  99% used [0x00007f383f0a0000, 0x00007f39a6dcfad8, 0x00007f39a6dcfc00, 0x00007f39a761c000)
 Metaspace       used 24187K, capacity 24637K, committed 24832K, reserved 26624K
}
Event: 1603.923 GC heap before
{Heap before GC invocations=1616 (full 6):
 def new generation   total 2649408K, used 134117K [0x00007f2d94600000, 0x00007f2e480c0000, 0x00007f383f0a0000)
  eden space 2355072K,   0% used [0x00007f2d94600000, 0x00007f2d94600000, 0x00007f2e241e0000)
  from space 294336K,  45% used [0x00007f2e36150000, 0x00007f2e3e4494c8, 0x00007f2e480c0000)
  to   space 294336K,   0% used [0x00007f2e241e0000, 0x00007f2e241e0000, 0x00007f2e36150000)
 tenured generation   total 5903856K, used 5895358K [0x00007f383f0a0000, 0x00007f39a761c000, 0x00007f4d94600000)
   the space 5903856K,  99% used [0x00007f383f0a0000, 0x00007f39a6dcfad8, 0x00007f39a6dcfc00, 0x00007f39a761c000)
 Metaspace       used 24187K, capacity 24637K, committed 24832K, reserved 26624K
}

