# JRE version: OpenJDK Runtime Environment (13.0.7+5) (build 13.0.7+5-Ubuntu-0ubuntu120.04)
# Java VM: OpenJDK 64-Bit Server VM (13.0.7+5-Ubuntu-0ubuntu120.04, mixed mode, tiered, serial gc, linux-amd64)
Heap:
 def new generation   total 2738944K, used 89924K [0x00007eed74600000, 0x00007eee2e1f0000, 0x00007ef81f0a0000)
  eden space 2434624K,   3% used [0x00007eed74600000, 0x00007eed79dd12b0, 0x00007eee08f90000)
  from space 304320K,   0% used [0x00007eee08f90000, 0x00007eee08f90000, 0x00007eee1b8c0000)
  to   space 304320K,   0% used [0x00007eee1b8c0000, 0x00007eee1b8c0000, 0x00007eee2e1f0000)
 tenured generation   total 6102860K, used 6102857K [0x00007ef81f0a0000, 0x00007ef993873000, 0x00007f0d74600000)
   the space 6102860K,  99% used [0x00007ef81f0a0000, 0x00007ef993872700, 0x00007ef993872800, 0x00007ef993873000)
 Metaspace       used 24270K, capacity 24699K, committed 24832K, reserved 26624K
GC Heap History (20 events):
Event: 3089.796 GC heap after
{Heap after GC invocations=2455 (full 6):
 def new generation   total 2738944K, used 101759K [0x00007eed74600000, 0x00007eee2e1f0000, 0x00007ef81f0a0000)
  eden space 2434624K,   0% used [0x00007eed74600000, 0x00007eed74600000, 0x00007eee08f90000)
  from space 304320K,  33% used [0x00007eee1b8c0000, 0x00007eee21c1ffc8, 0x00007eee2e1f0000)
  to   space 304320K,   0% used [0x00007eee08f90000, 0x00007eee08f90000, 0x00007eee1b8c0000)
 tenured generation   total 6086472K, used 6044239K [0x00007ef81f0a0000, 0x00007ef992872000, 0x00007f0d74600000)
   the space 6086472K,  99% used [0x00007ef81f0a0000, 0x00007ef98ff33e18, 0x00007ef98ff34000, 0x00007ef992872000)
 Metaspace       used 24270K, capacity 24699K, committed 24832K, reserved 26624K
}
Event: 3091.790 GC heap before
{Heap before GC invocations=2455 (full 6):
 def new generation   total 2738944K, used 2527378K [0x00007eed74600000, 0x00007eee2e1f0000, 0x00007ef81f0a0000)
  eden space 2434624K,  99% used [0x00007eed74600000, 0x00007eee086c4880, 0x00007eee08f90000)
  from space 304320K,  33% used [0x00007eee1b8c0000, 0x00007eee21c1ffc8, 0x00007eee2e1f0000)
  to   space 304320K,   0% used [0x00007eee08f90000, 0x00007eee08f90000, 0x00007eee1b8c0000)
 tenured generation   total 6086472K, used 6044239K [0x00007ef81f0a0000, 0x00007ef992872000, 0x00007f0d74600000)
   the space 6086472K,  99% used [0x00007ef81f0a0000, 0x00007ef98ff33e18, 0x00007ef98ff34000, 0x00007ef992872000)
 Metaspace       used 24270K, capacity 24699K, committed 24832K, reserved 26624K
}
Event: 3091.883 GC heap after
{Heap after GC invocations=2456 (full 6):
 def new generation   total 2738944K, used 121783K [0x00007eed74600000, 0x00007eee2e1f0000, 0x00007ef81f0a0000)
  eden space 2434624K,   0% used [0x00007eed74600000, 0x00007eed74600000, 0x00007eee08f90000)
  from space 304320K,  40% used [0x00007eee08f90000, 0x00007eee1067de18, 0x00007eee1b8c0000)
  to   space 304320K,   0% used [0x00007eee1b8c0000, 0x00007eee1b8c0000, 0x00007eee2e1f0000)
 tenured generation   total 6086472K, used 6044239K [0x00007ef81f0a0000, 0x00007ef992872000, 0x00007f0d74600000)
   the space 6086472K,  99% used [0x00007ef81f0a0000, 0x00007ef98ff33e18, 0x00007ef98ff34000, 0x00007ef992872000)
 Metaspace       used 24270K, capacity 24699K, committed 24832K, reserved 26624K
}
Event: 3094.248 GC heap before
{Heap before GC invocations=2456 (full 6):
 def new generation   total 2738944K, used 2556407K [0x00007eed74600000, 0x00007eee2e1f0000, 0x00007ef81f0a0000)
  eden space 2434624K, 100% used [0x00007eed74600000, 0x00007eee08f90000, 0x00007eee08f90000)
  from space 304320K,  40% used [0x00007eee08f90000, 0x00007eee1067de18, 0x00007eee1b8c0000)
  to   space 304320K,   0% used [0x00007eee1b8c0000, 0x00007eee1b8c0000, 0x00007eee2e1f0000)
 tenured generation   total 6086472K, used 6044239K [0x00007ef81f0a0000, 0x00007ef992872000, 0x00007f0d74600000)
   the space 6086472K,  99% used [0x00007ef81f0a0000, 0x00007ef98ff33e18, 0x00007ef98ff34000, 0x00007ef992872000)
 Metaspace       used 24270K, capacity 24699K, committed 24832K, reserved 26624K
}
Event: 3094.338 GC heap after
{Heap after GC invocations=2457 (full 6):
 def new generation   total 2738944K, used 99758K [0x00007eed74600000, 0x00007eee2e1f0000, 0x00007ef81f0a0000)
  eden space 2434624K,   0% used [0x00007eed74600000, 0x00007eed74600000, 0x00007eee08f90000)
  from space 304320K,  32% used [0x00007eee1b8c0000, 0x00007eee21a2b900, 0x00007eee2e1f0000)
  to   space 304320K,   0% used [0x00007eee08f90000, 0x00007eee08f90000, 0x00007eee1b8c0000)
 tenured generation   total 6086472K, used 6061199K [0x00007ef81f0a0000, 0x00007ef992872000, 0x00007f0d74600000)
   the space 6086472K,  99% used [0x00007ef81f0a0000, 0x00007ef990fc3e10, 0x00007ef990fc4000, 0x00007ef992872000)
 Metaspace       used 24270K, capacity 24699K, committed 24832K, reserved 26624K
}
Event: 3096.143 GC heap before
{Heap before GC invocations=2457 (full 6):
 def new generation   total 2738944K, used 2534382K [0x00007eed74600000, 0x00007eee2e1f0000, 0x00007ef81f0a0000)
  eden space 2434624K, 100% used [0x00007eed74600000, 0x00007eee08f90000, 0x00007eee08f90000)
  from space 304320K,  32% used [0x00007eee1b8c0000, 0x00007eee21a2b900, 0x00007eee2e1f0000)
  to   space 304320K,   0% used [0x00007eee08f90000, 0x00007eee08f90000, 0x00007eee1b8c0000)
 tenured generation   total 6086472K, used 6061199K [0x00007ef81f0a0000, 0x00007ef992872000, 0x00007f0d74600000)
   the space 6086472K,  99% used [0x00007ef81f0a0000, 0x00007ef990fc3e10, 0x00007ef990fc4000, 0x00007ef992872000)
 Metaspace       used 24270K, capacity 24699K, committed 24832K, reserved 26624K
}
Event: 3096.220 GC heap after
{Heap after GC invocations=2458 (full 6):
 def new generation   total 2738944K, used 101770K [0x00007eed74600000, 0x00007eee2e1f0000, 0x00007ef81f0a0000)
  eden space 2434624K,   0% used [0x00007eed74600000, 0x00007eed74600000, 0x00007eee08f90000)
  from space 304320K,  33% used [0x00007eee08f90000, 0x00007eee0f2f2aa0, 0x00007eee1b8c0000)
  to   space 304320K,   0% used [0x00007eee1b8c0000, 0x00007eee1b8c0000, 0x00007eee2e1f0000)
 tenured generation   total 6086472K, used 6061199K [0x00007ef81f0a0000, 0x00007ef992872000, 0x00007f0d74600000)
   the space 6086472K,  99% used [0x00007ef81f0a0000, 0x00007ef990fc3e10, 0x00007ef990fc4000, 0x00007ef992872000)
 Metaspace       used 24270K, capacity 24699K, committed 24832K, reserved 26624K
}
Event: 3097.873 GC heap before
{Heap before GC invocations=2458 (full 6):
 def new generation   total 2738944K, used 2536247K [0x00007eed74600000, 0x00007eee2e1f0000, 0x00007ef81f0a0000)
  eden space 2434624K,  99% used [0x00007eed74600000, 0x00007eee08f6b2d0, 0x00007eee08f90000)
  from space 304320K,  33% used [0x00007eee08f90000, 0x00007eee0f2f2aa0, 0x00007eee1b8c0000)
  to   space 304320K,   0% used [0x00007eee1b8c0000, 0x00007eee1b8c0000, 0x00007eee2e1f0000)
 tenured generation   total 6086472K, used 6061199K [0x00007ef81f0a0000, 0x00007ef992872000, 0x00007f0d74600000)
   the space 6086472K,  99% used [0x00007ef81f0a0000, 0x00007ef990fc3e10, 0x00007ef990fc4000, 0x00007ef992872000)
 Metaspace       used 24270K, capacity 24699K, committed 24832K, reserved 26624K
}
Event: 3097.935 GC heap after
{Heap after GC invocations=2459 (full 6):
 def new generation   total 2738944K, used 102790K [0x00007eed74600000, 0x00007eee2e1f0000, 0x00007ef81f0a0000)
  eden space 2434624K,   0% used [0x00007eed74600000, 0x00007eed74600000, 0x00007eee08f90000)
  from space 304320K,  33% used [0x00007eee1b8c0000, 0x00007eee21d21ad8, 0x00007eee2e1f0000)
  to   space 304320K,   0% used [0x00007eee08f90000, 0x00007eee08f90000, 0x00007eee1b8c0000)
 tenured generation   total 6086472K, used 6061199K [0x00007ef81f0a0000, 0x00007ef992872000, 0x00007f0d74600000)
   the space 6086472K,  99% used [0x00007ef81f0a0000, 0x00007ef990fc3e10, 0x00007ef990fc4000, 0x00007ef992872000)
 Metaspace       used 24270K, capacity 24699K, committed 24832K, reserved 26624K
}
Event: 3100.268 GC heap before
{Heap before GC invocations=2459 (full 6):
 def new generation   total 2738944K, used 2537414K [0x00007eed74600000, 0x00007eee2e1f0000, 0x00007ef81f0a0000)
  eden space 2434624K, 100% used [0x00007eed74600000, 0x00007eee08f90000, 0x00007eee08f90000)
  from space 304320K,  33% used [0x00007eee1b8c0000, 0x00007eee21d21ad8, 0x00007eee2e1f0000)
  to   space 304320K,   0% used [0x00007eee08f90000, 0x00007eee08f90000, 0x00007eee1b8c0000)
 tenured generation   total 6086472K, used 6061199K [0x00007ef81f0a0000, 0x00007ef992872000, 0x00007f0d74600000)
   the space 6086472K,  99% used [0x00007ef81f0a0000, 0x00007ef990fc3e10, 0x00007ef990fc4000, 0x00007ef992872000)
 Metaspace       used 24270K, capacity 24699K, committed 24832K, reserved 26624K
}
Event: 3100.343 GC heap after
{Heap after GC invocations=2460 (full 6):
 def new generation   total 2738944K, used 109985K [0x00007eed74600000, 0x00007eee2e1f0000, 0x00007ef81f0a0000)
  eden space 2434624K,   0% used [0x00007eed74600000, 0x00007eed74600000, 0x00007eee08f90000)
  from space 304320K,  36% used [0x00007eee08f90000, 0x00007eee0faf8500, 0x00007eee1b8c0000)
  to   space 304320K,   0% used [0x00007eee1b8c0000, 0x00007eee1b8c0000, 0x00007eee2e1f0000)
 tenured generation   total 6086472K, used 6061214K [0x00007ef81f0a0000, 0x00007ef992872000, 0x00007f0d74600000)
   the space 6086472K,  99% used [0x00007ef81f0a0000, 0x00007ef990fc7890, 0x00007ef990fc7a00, 0x00007ef992872000)
 Metaspace       used 24270K, capacity 24699K, committed 24832K, reserved 26624K
}
Event: 3102.363 GC heap before
{Heap before GC invocations=2460 (full 6):
 def new generation   total 2738944K, used 2544609K [0x00007eed74600000, 0x00007eee2e1f0000, 0x00007ef81f0a0000)
  eden space 2434624K, 100% used [0x00007eed74600000, 0x00007eee08f90000, 0x00007eee08f90000)
  from space 304320K,  36% used [0x00007eee08f90000, 0x00007eee0faf8500, 0x00007eee1b8c0000)
  to   space 304320K,   0% used [0x00007eee1b8c0000, 0x00007eee1b8c0000, 0x00007eee2e1f0000)
 tenured generation   total 6086472K, used 6061214K [0x00007ef81f0a0000, 0x00007ef992872000, 0x00007f0d74600000)
   the space 6086472K,  99% used [0x00007ef81f0a0000, 0x00007ef990fc7890, 0x00007ef990fc7a00, 0x00007ef992872000)
 Metaspace       used 24270K, capacity 24699K, committed 24832K, reserved 26624K
}
Event: 3102.448 GC heap after
{Heap after GC invocations=2461 (full 6):
 def new generation   total 2738944K, used 100217K [0x00007eed74600000, 0x00007eee2e1f0000, 0x00007ef81f0a0000)
  eden space 2434624K,   0% used [0x00007eed74600000, 0x00007eed74600000, 0x00007eee08f90000)
  from space 304320K,  32% used [0x00007eee1b8c0000, 0x00007eee21a9e690, 0x00007eee2e1f0000)
  to   space 304320K,   0% used [0x00007eee08f90000, 0x00007eee08f90000, 0x00007eee1b8c0000)
 tenured generation   total 6086472K, used 6078159K [0x00007ef81f0a0000, 0x00007ef992872000, 0x00007f0d74600000)
   the space 6086472K,  99% used [0x00007ef81f0a0000, 0x00007ef992053e08, 0x00007ef992054000, 0x00007ef992872000)
 Metaspace       used 24270K, capacity 24699K, committed 24832K, reserved 26624K
}
Event: 3104.173 GC heap before
{Heap before GC invocations=2461 (full 6):
 def new generation   total 2738944K, used 2534841K [0x00007eed74600000, 0x00007eee2e1f0000, 0x00007ef81f0a0000)
  eden space 2434624K, 100% used [0x00007eed74600000, 0x00007eee08f90000, 0x00007eee08f90000)
  from space 304320K,  32% used [0x00007eee1b8c0000, 0x00007eee21a9e690, 0x00007eee2e1f0000)
  to   space 304320K,   0% used [0x00007eee08f90000, 0x00007eee08f90000, 0x00007eee1b8c0000)
 tenured generation   total 6086472K, used 6078159K [0x00007ef81f0a0000, 0x00007ef992872000, 0x00007f0d74600000)
   the space 6086472K,  99% used [0x00007ef81f0a0000, 0x00007ef992053e08, 0x00007ef992054000, 0x00007ef992872000)
 Metaspace       used 24270K, capacity 24699K, committed 24832K, reserved 26624K
}
Event: 3104.244 GC heap after
{Heap after GC invocations=2462 (full 6):
 def new generation   total 2738944K, used 101770K [0x00007eed74600000, 0x00007eee2e1f0000, 0x00007ef81f0a0000)
  eden space 2434624K,   0% used [0x00007eed74600000, 0x00007eed74600000, 0x00007eee08f90000)
  from space 304320K,  33% used [0x00007eee08f90000, 0x00007eee0f2f29d0, 0x00007eee1b8c0000)
  to   space 304320K,   0% used [0x00007eee1b8c0000, 0x00007eee1b8c0000, 0x00007eee2e1f0000)
 tenured generation   total 6086472K, used 6078159K [0x00007ef81f0a0000, 0x00007ef992872000, 0x00007f0d74600000)
   the space 6086472K,  99% used [0x00007ef81f0a0000, 0x00007ef992053e08, 0x00007ef992054000, 0x00007ef992872000)
 Metaspace       used 24270K, capacity 24699K, committed 24832K, reserved 26624K
}
Event: 3106.132 GC heap before
{Heap before GC invocations=2462 (full 6):
 def new generation   total 2738944K, used 2536394K [0x00007eed74600000, 0x00007eee2e1f0000, 0x00007ef81f0a0000)
  eden space 2434624K, 100% used [0x00007eed74600000, 0x00007eee08f90000, 0x00007eee08f90000)
  from space 304320K,  33% used [0x00007eee08f90000, 0x00007eee0f2f29d0, 0x00007eee1b8c0000)
  to   space 304320K,   0% used [0x00007eee1b8c0000, 0x00007eee1b8c0000, 0x00007eee2e1f0000)
 tenured generation   total 6086472K, used 6078159K [0x00007ef81f0a0000, 0x00007ef992872000, 0x00007f0d74600000)
   the space 6086472K,  99% used [0x00007ef81f0a0000, 0x00007ef992053e08, 0x00007ef992054000, 0x00007ef992872000)
 Metaspace       used 24270K, capacity 24699K, committed 24832K, reserved 26624K
}
Event: 3106.231 GC heap after
{Heap after GC invocations=2463 (full 6):
 def new generation   total 2738944K, used 121799K [0x00007eed74600000, 0x00007eee2e1f0000, 0x00007ef81f0a0000)
  eden space 2434624K,   0% used [0x00007eed74600000, 0x00007eed74600000, 0x00007eee08f90000)
  from space 304320K,  40% used [0x00007eee1b8c0000, 0x00007eee22fb1d48, 0x00007eee2e1f0000)
  to   space 304320K,   0% used [0x00007eee08f90000, 0x00007eee08f90000, 0x00007eee1b8c0000)
 tenured generation   total 6086472K, used 6078159K [0x00007ef81f0a0000, 0x00007ef992872000, 0x00007f0d74600000)
   the space 6086472K,  99% used [0x00007ef81f0a0000, 0x00007ef992053e08, 0x00007ef992054000, 0x00007ef992872000)
 Metaspace       used 24270K, capacity 24699K, committed 24832K, reserved 26624K
}
Event: 3108.638 GC heap before
{Heap before GC invocations=2463 (full 6):
 def new generation   total 2738944K, used 2556423K [0x00007eed74600000, 0x00007eee2e1f0000, 0x00007ef81f0a0000)
  eden space 2434624K, 100% used [0x00007eed74600000, 0x00007eee08f90000, 0x00007eee08f90000)
  from space 304320K,  40% used [0x00007eee1b8c0000, 0x00007eee22fb1d48, 0x00007eee2e1f0000)
  to   space 304320K,   0% used [0x00007eee08f90000, 0x00007eee08f90000, 0x00007eee1b8c0000)
 tenured generation   total 6086472K, used 6078159K [0x00007ef81f0a0000, 0x00007ef992872000, 0x00007f0d74600000)
   the space 6086472K,  99% used [0x00007ef81f0a0000, 0x00007ef992053e08, 0x00007ef992054000, 0x00007ef992872000)
 Metaspace       used 24270K, capacity 24699K, committed 24832K, reserved 26624K
}
Event: 3108.725 GC heap after
{Heap after GC invocations=2464 (full 6):
 def new generation   total 2738944K, used 97662K [0x00007eed74600000, 0x00007eee2e1f0000, 0x00007ef81f0a0000)
  eden space 2434624K,   0% used [0x00007eed74600000, 0x00007eed74600000, 0x00007eee08f90000)
  from space 304320K,  32% used [0x00007eee08f90000, 0x00007eee0eeefbb0, 0x00007eee1b8c0000)
  to   space 304320K,   0% used [0x00007eee1b8c0000, 0x00007eee1b8c0000, 0x00007eee2e1f0000)
 tenured generation   total 6102860K, used 6095119K [0x00007ef81f0a0000, 0x00007ef993873000, 0x00007f0d74600000)
   the space 6102860K,  99% used [0x00007ef81f0a0000, 0x00007ef9930e3e00, 0x00007ef9930e3e00, 0x00007ef993873000)
 Metaspace       used 24270K, capacity 24699K, committed 24832K, reserved 26624K
}
Event: 3108.725 GC heap before
{Heap before GC invocations=2464 (full 6):
 def new generation   total 2738944K, used 97662K [0x00007eed74600000, 0x00007eee2e1f0000, 0x00007ef81f0a0000)
  eden space 2434624K,   0% used [0x00007eed74600000, 0x00007eed74600000, 0x00007eee08f90000)
  from space 304320K,  32% used [0x00007eee08f90000, 0x00007eee0eeefbb0, 0x00007eee1b8c0000)
  to   space 304320K,   0% used [0x00007eee1b8c0000, 0x00007eee1b8c0000, 0x00007eee2e1f0000)
 tenured generation   total 6102860K, used 6095119K [0x00007ef81f0a0000, 0x00007ef993873000, 0x00007f0d74600000)
   the space 6102860K,  99% used [0x00007ef81f0a0000, 0x00007ef9930e3e00, 0x00007ef9930e3e00, 0x00007ef993873000)
 Metaspace       used 24270K, capacity 24699K, committed 24832K, reserved 26624K
}

