# JRE version: OpenJDK Runtime Environment (13.0.7+5) (build 13.0.7+5-Ubuntu-0ubuntu120.04)
# Java VM: OpenJDK 64-Bit Server VM (13.0.7+5-Ubuntu-0ubuntu120.04, mixed mode, tiered, serial gc, linux-amd64)
Heap:
 def new generation   total 2908480K, used 18633K [0x00007f344c600000, 0x00007f35119e0000, 0x00007f39a1b50000)
  eden space 2585344K,   0% used [0x00007f344c600000, 0x00007f344d832520, 0x00007f34ea2c0000)
  from space 323136K,   0% used [0x00007f34fde50000, 0x00007f34fde50000, 0x00007f35119e0000)
  to   space 323136K,   0% used [0x00007f34ea2c0000, 0x00007f34ea2c0000, 0x00007f34fde50000)
 tenured generation   total 6465468K, used 6465466K [0x00007f39a1b50000, 0x00007f3b2c53f000, 0x00007f444c600000)
   the space 6465468K,  99% used [0x00007f39a1b50000, 0x00007f3b2c53e8e8, 0x00007f3b2c53ea00, 0x00007f3b2c53f000)
 Metaspace       used 24175K, capacity 24586K, committed 24832K, reserved 26624K
GC Heap History (20 events):
Event: 10126.767 GC heap after
{Heap after GC invocations=8434 (full 4):
 def new generation   total 2908480K, used 28138K [0x00007f344c600000, 0x00007f35119e0000, 0x00007f39a1b50000)
  eden space 2585344K,   0% used [0x00007f344c600000, 0x00007f344c600000, 0x00007f34ea2c0000)
  from space 323136K,   8% used [0x00007f34ea2c0000, 0x00007f34ebe3a8d0, 0x00007f34fde50000)
  to   space 323136K,   0% used [0x00007f34fde50000, 0x00007f34fde50000, 0x00007f35119e0000)
 tenured generation   total 6463164K, used 6443666K [0x00007f39a1b50000, 0x00007f3b2c2ff000, 0x00007f444c600000)
   the space 6463164K,  99% used [0x00007f39a1b50000, 0x00007f3b2aff48a0, 0x00007f3b2aff4a00, 0x00007f3b2c2ff000)
 Metaspace       used 24175K, capacity 24586K, committed 24832K, reserved 26624K
}
Event: 10129.377 GC heap before
{Heap before GC invocations=8434 (full 4):
 def new generation   total 2908480K, used 2613482K [0x00007f344c600000, 0x00007f35119e0000, 0x00007f39a1b50000)
  eden space 2585344K, 100% used [0x00007f344c600000, 0x00007f34ea2c0000, 0x00007f34ea2c0000)
  from space 323136K,   8% used [0x00007f34ea2c0000, 0x00007f34ebe3a8d0, 0x00007f34fde50000)
  to   space 323136K,   0% used [0x00007f34fde50000, 0x00007f34fde50000, 0x00007f35119e0000)
 tenured generation   total 6463164K, used 6443666K [0x00007f39a1b50000, 0x00007f3b2c2ff000, 0x00007f444c600000)
   the space 6463164K,  99% used [0x00007f39a1b50000, 0x00007f3b2aff48a0, 0x00007f3b2aff4a00, 0x00007f3b2c2ff000)
 Metaspace       used 24175K, capacity 24586K, committed 24832K, reserved 26624K
}
Event: 10129.437 GC heap after
{Heap after GC invocations=8435 (full 4):
 def new generation   total 2908480K, used 28073K [0x00007f344c600000, 0x00007f35119e0000, 0x00007f39a1b50000)
  eden space 2585344K,   0% used [0x00007f344c600000, 0x00007f344c600000, 0x00007f34ea2c0000)
  from space 323136K,   8% used [0x00007f34fde50000, 0x00007f34ff9ba6c8, 0x00007f35119e0000)
  to   space 323136K,   0% used [0x00007f34ea2c0000, 0x00007f34ea2c0000, 0x00007f34fde50000)
 tenured generation   total 6463164K, used 6444995K [0x00007f39a1b50000, 0x00007f3b2c2ff000, 0x00007f444c600000)
   the space 6463164K,  99% used [0x00007f39a1b50000, 0x00007f3b2b140dd0, 0x00007f3b2b140e00, 0x00007f3b2c2ff000)
 Metaspace       used 24175K, capacity 24586K, committed 24832K, reserved 26624K
}
Event: 10132.054 GC heap before
{Heap before GC invocations=8435 (full 4):
 def new generation   total 2908480K, used 2613417K [0x00007f344c600000, 0x00007f35119e0000, 0x00007f39a1b50000)
  eden space 2585344K, 100% used [0x00007f344c600000, 0x00007f34ea2c0000, 0x00007f34ea2c0000)
  from space 323136K,   8% used [0x00007f34fde50000, 0x00007f34ff9ba6c8, 0x00007f35119e0000)
  to   space 323136K,   0% used [0x00007f34ea2c0000, 0x00007f34ea2c0000, 0x00007f34fde50000)
 tenured generation   total 6463164K, used 6444995K [0x00007f39a1b50000, 0x00007f3b2c2ff000, 0x00007f444c600000)
   the space 6463164K,  99% used [0x00007f39a1b50000, 0x00007f3b2b140dd0, 0x00007f3b2b140e00, 0x00007f3b2c2ff000)
 Metaspace       used 24175K, capacity 24586K, committed 24832K, reserved 26624K
}
Event: 10132.121 GC heap after
{Heap after GC invocations=8436 (full 4):
 def new generation   total 2908480K, used 28081K [0x00007f344c600000, 0x00007f35119e0000, 0x00007f39a1b50000)
  eden space 2585344K,   0% used [0x00007f344c600000, 0x00007f344c600000, 0x00007f34ea2c0000)
  from space 323136K,   8% used [0x00007f34ea2c0000, 0x00007f34ebe2c738, 0x00007f34fde50000)
  to   space 323136K,   0% used [0x00007f34fde50000, 0x00007f34fde50000, 0x00007f35119e0000)
 tenured generation   total 6463164K, used 6446324K [0x00007f39a1b50000, 0x00007f3b2c2ff000, 0x00007f444c600000)
   the space 6463164K,  99% used [0x00007f39a1b50000, 0x00007f3b2b28d300, 0x00007f3b2b28d400, 0x00007f3b2c2ff000)
 Metaspace       used 24175K, capacity 24586K, committed 24832K, reserved 26624K
}
Event: 10134.776 GC heap before
{Heap before GC invocations=8436 (full 4):
 def new generation   total 2908480K, used 2613425K [0x00007f344c600000, 0x00007f35119e0000, 0x00007f39a1b50000)
  eden space 2585344K, 100% used [0x00007f344c600000, 0x00007f34ea2c0000, 0x00007f34ea2c0000)
  from space 323136K,   8% used [0x00007f34ea2c0000, 0x00007f34ebe2c738, 0x00007f34fde50000)
  to   space 323136K,   0% used [0x00007f34fde50000, 0x00007f34fde50000, 0x00007f35119e0000)
 tenured generation   total 6463164K, used 6446324K [0x00007f39a1b50000, 0x00007f3b2c2ff000, 0x00007f444c600000)
   the space 6463164K,  99% used [0x00007f39a1b50000, 0x00007f3b2b28d300, 0x00007f3b2b28d400, 0x00007f3b2c2ff000)
 Metaspace       used 24175K, capacity 24586K, committed 24832K, reserved 26624K
}
Event: 10134.839 GC heap after
{Heap after GC invocations=8437 (full 4):
 def new generation   total 2908480K, used 28050K [0x00007f344c600000, 0x00007f35119e0000, 0x00007f39a1b50000)
  eden space 2585344K,   0% used [0x00007f344c600000, 0x00007f344c600000, 0x00007f34ea2c0000)
  from space 323136K,   8% used [0x00007f34fde50000, 0x00007f34ff9b4b30, 0x00007f35119e0000)
  to   space 323136K,   0% used [0x00007f34ea2c0000, 0x00007f34ea2c0000, 0x00007f34fde50000)
 tenured generation   total 6463164K, used 6447707K [0x00007f39a1b50000, 0x00007f3b2c2ff000, 0x00007f444c600000)
   the space 6463164K,  99% used [0x00007f39a1b50000, 0x00007f3b2b3e6ce0, 0x00007f3b2b3e6e00, 0x00007f3b2c2ff000)
 Metaspace       used 24175K, capacity 24586K, committed 24832K, reserved 26624K
}
Event: 10137.465 GC heap before
{Heap before GC invocations=8437 (full 4):
 def new generation   total 2908480K, used 2613394K [0x00007f344c600000, 0x00007f35119e0000, 0x00007f39a1b50000)
  eden space 2585344K, 100% used [0x00007f344c600000, 0x00007f34ea2c0000, 0x00007f34ea2c0000)
  from space 323136K,   8% used [0x00007f34fde50000, 0x00007f34ff9b4b30, 0x00007f35119e0000)
  to   space 323136K,   0% used [0x00007f34ea2c0000, 0x00007f34ea2c0000, 0x00007f34fde50000)
 tenured generation   total 6463164K, used 6447707K [0x00007f39a1b50000, 0x00007f3b2c2ff000, 0x00007f444c600000)
   the space 6463164K,  99% used [0x00007f39a1b50000, 0x00007f3b2b3e6ce0, 0x00007f3b2b3e6e00, 0x00007f3b2c2ff000)
 Metaspace       used 24175K, capacity 24586K, committed 24832K, reserved 26624K
}
Event: 10137.527 GC heap after
{Heap after GC invocations=8438 (full 4):
 def new generation   total 2908480K, used 28017K [0x00007f344c600000, 0x00007f35119e0000, 0x00007f39a1b50000)
  eden space 2585344K,   0% used [0x00007f344c600000, 0x00007f344c600000, 0x00007f34ea2c0000)
  from space 323136K,   8% used [0x00007f34ea2c0000, 0x00007f34ebe1c5f0, 0x00007f34fde50000)
  to   space 323136K,   0% used [0x00007f34fde50000, 0x00007f34fde50000, 0x00007f35119e0000)
 tenured generation   total 6463164K, used 6449089K [0x00007f39a1b50000, 0x00007f3b2c2ff000, 0x00007f444c600000)
   the space 6463164K,  99% used [0x00007f39a1b50000, 0x00007f3b2b540510, 0x00007f3b2b540600, 0x00007f3b2c2ff000)
 Metaspace       used 24175K, capacity 24586K, committed 24832K, reserved 26624K
}
Event: 10140.151 GC heap before
{Heap before GC invocations=8438 (full 4):
 def new generation   total 2908480K, used 2613361K [0x00007f344c600000, 0x00007f35119e0000, 0x00007f39a1b50000)
  eden space 2585344K, 100% used [0x00007f344c600000, 0x00007f34ea2c0000, 0x00007f34ea2c0000)
  from space 323136K,   8% used [0x00007f34ea2c0000, 0x00007f34ebe1c5f0, 0x00007f34fde50000)
  to   space 323136K,   0% used [0x00007f34fde50000, 0x00007f34fde50000, 0x00007f35119e0000)
 tenured generation   total 6463164K, used 6449089K [0x00007f39a1b50000, 0x00007f3b2c2ff000, 0x00007f444c600000)
   the space 6463164K,  99% used [0x00007f39a1b50000, 0x00007f3b2b540510, 0x00007f3b2b540600, 0x00007f3b2c2ff000)
 Metaspace       used 24175K, capacity 24586K, committed 24832K, reserved 26624K
}
Event: 10140.217 GC heap after
{Heap after GC invocations=8439 (full 4):
 def new generation   total 2908480K, used 27665K [0x00007f344c600000, 0x00007f35119e0000, 0x00007f39a1b50000)
  eden space 2585344K,   0% used [0x00007f344c600000, 0x00007f344c600000, 0x00007f34ea2c0000)
  from space 323136K,   8% used [0x00007f34fde50000, 0x00007f34ff954760, 0x00007f35119e0000)
  to   space 323136K,   0% used [0x00007f34ea2c0000, 0x00007f34ea2c0000, 0x00007f34fde50000)
 tenured generation   total 6463164K, used 6450786K [0x00007f39a1b50000, 0x00007f3b2c2ff000, 0x00007f444c600000)
   the space 6463164K,  99% used [0x00007f39a1b50000, 0x00007f3b2b6e8910, 0x00007f3b2b6e8a00, 0x00007f3b2c2ff000)
 Metaspace       used 24175K, capacity 24586K, committed 24832K, reserved 26624K
}
Event: 10142.835 GC heap before
{Heap before GC invocations=8439 (full 4):
 def new generation   total 2908480K, used 2613009K [0x00007f344c600000, 0x00007f35119e0000, 0x00007f39a1b50000)
  eden space 2585344K, 100% used [0x00007f344c600000, 0x00007f34ea2c0000, 0x00007f34ea2c0000)
  from space 323136K,   8% used [0x00007f34fde50000, 0x00007f34ff954760, 0x00007f35119e0000)
  to   space 323136K,   0% used [0x00007f34ea2c0000, 0x00007f34ea2c0000, 0x00007f34fde50000)
 tenured generation   total 6463164K, used 6450786K [0x00007f39a1b50000, 0x00007f3b2c2ff000, 0x00007f444c600000)
   the space 6463164K,  99% used [0x00007f39a1b50000, 0x00007f3b2b6e8910, 0x00007f3b2b6e8a00, 0x00007f3b2c2ff000)
 Metaspace       used 24175K, capacity 24586K, committed 24832K, reserved 26624K
}
Event: 10142.901 GC heap after
{Heap after GC invocations=8440 (full 4):
 def new generation   total 2908480K, used 27333K [0x00007f344c600000, 0x00007f35119e0000, 0x00007f39a1b50000)
  eden space 2585344K,   0% used [0x00007f344c600000, 0x00007f344c600000, 0x00007f34ea2c0000)
  from space 323136K,   8% used [0x00007f34ea2c0000, 0x00007f34ebd71770, 0x00007f34fde50000)
  to   space 323136K,   0% used [0x00007f34fde50000, 0x00007f34fde50000, 0x00007f35119e0000)
 tenured generation   total 6463164K, used 6452483K [0x00007f39a1b50000, 0x00007f3b2c2ff000, 0x00007f444c600000)
   the space 6463164K,  99% used [0x00007f39a1b50000, 0x00007f3b2b890d10, 0x00007f3b2b890e00, 0x00007f3b2c2ff000)
 Metaspace       used 24175K, capacity 24586K, committed 24832K, reserved 26624K
}
Event: 10145.478 GC heap before
{Heap before GC invocations=8440 (full 4):
 def new generation   total 2908480K, used 2612677K [0x00007f344c600000, 0x00007f35119e0000, 0x00007f39a1b50000)
  eden space 2585344K, 100% used [0x00007f344c600000, 0x00007f34ea2c0000, 0x00007f34ea2c0000)
  from space 323136K,   8% used [0x00007f34ea2c0000, 0x00007f34ebd71770, 0x00007f34fde50000)
  to   space 323136K,   0% used [0x00007f34fde50000, 0x00007f34fde50000, 0x00007f35119e0000)
 tenured generation   total 6463164K, used 6452483K [0x00007f39a1b50000, 0x00007f3b2c2ff000, 0x00007f444c600000)
   the space 6463164K,  99% used [0x00007f39a1b50000, 0x00007f3b2b890d10, 0x00007f3b2b890e00, 0x00007f3b2c2ff000)
 Metaspace       used 24175K, capacity 24586K, committed 24832K, reserved 26624K
}
Event: 10145.535 GC heap after
{Heap after GC invocations=8441 (full 4):
 def new generation   total 2908480K, used 25660K [0x00007f344c600000, 0x00007f35119e0000, 0x00007f39a1b50000)
  eden space 2585344K,   0% used [0x00007f344c600000, 0x00007f344c600000, 0x00007f34ea2c0000)
  from space 323136K,   7% used [0x00007f34fde50000, 0x00007f34ff75f300, 0x00007f35119e0000)
  to   space 323136K,   0% used [0x00007f34ea2c0000, 0x00007f34ea2c0000, 0x00007f34fde50000)
 tenured generation   total 6463164K, used 6455491K [0x00007f39a1b50000, 0x00007f3b2c2ff000, 0x00007f444c600000)
   the space 6463164K,  99% used [0x00007f39a1b50000, 0x00007f3b2bb80d20, 0x00007f3b2bb80e00, 0x00007f3b2c2ff000)
 Metaspace       used 24175K, capacity 24586K, committed 24832K, reserved 26624K
}
Event: 10148.239 GC heap before
{Heap before GC invocations=8441 (full 4):
 def new generation   total 2908480K, used 2611004K [0x00007f344c600000, 0x00007f35119e0000, 0x00007f39a1b50000)
  eden space 2585344K, 100% used [0x00007f344c600000, 0x00007f34ea2c0000, 0x00007f34ea2c0000)
  from space 323136K,   7% used [0x00007f34fde50000, 0x00007f34ff75f300, 0x00007f35119e0000)
  to   space 323136K,   0% used [0x00007f34ea2c0000, 0x00007f34ea2c0000, 0x00007f34fde50000)
 tenured generation   total 6463164K, used 6455491K [0x00007f39a1b50000, 0x00007f3b2c2ff000, 0x00007f444c600000)
   the space 6463164K,  99% used [0x00007f39a1b50000, 0x00007f3b2bb80d20, 0x00007f3b2bb80e00, 0x00007f3b2c2ff000)
 Metaspace       used 24175K, capacity 24586K, committed 24832K, reserved 26624K
}
Event: 10148.297 GC heap after
{Heap after GC invocations=8442 (full 4):
 def new generation   total 2908480K, used 21154K [0x00007f344c600000, 0x00007f35119e0000, 0x00007f39a1b50000)
  eden space 2585344K,   0% used [0x00007f344c600000, 0x00007f344c600000, 0x00007f34ea2c0000)
  from space 323136K,   6% used [0x00007f34ea2c0000, 0x00007f34eb768828, 0x00007f34fde50000)
  to   space 323136K,   0% used [0x00007f34fde50000, 0x00007f34fde50000, 0x00007f35119e0000)
 tenured generation   total 6463164K, used 6461335K [0x00007f39a1b50000, 0x00007f3b2c2ff000, 0x00007f444c600000)
   the space 6463164K,  99% used [0x00007f39a1b50000, 0x00007f3b2c135cf0, 0x00007f3b2c135e00, 0x00007f3b2c2ff000)
 Metaspace       used 24175K, capacity 24586K, committed 24832K, reserved 26624K
}
Event: 10150.961 GC heap before
{Heap before GC invocations=8442 (full 4):
 def new generation   total 2908480K, used 2606498K [0x00007f344c600000, 0x00007f35119e0000, 0x00007f39a1b50000)
  eden space 2585344K, 100% used [0x00007f344c600000, 0x00007f34ea2c0000, 0x00007f34ea2c0000)
  from space 323136K,   6% used [0x00007f34ea2c0000, 0x00007f34eb768828, 0x00007f34fde50000)
  to   space 323136K,   0% used [0x00007f34fde50000, 0x00007f34fde50000, 0x00007f35119e0000)
 tenured generation   total 6463164K, used 6461335K [0x00007f39a1b50000, 0x00007f3b2c2ff000, 0x00007f444c600000)
   the space 6463164K,  99% used [0x00007f39a1b50000, 0x00007f3b2c135cf0, 0x00007f3b2c135e00, 0x00007f3b2c2ff000)
 Metaspace       used 24175K, capacity 24586K, committed 24832K, reserved 26624K
}
Event: 10151.013 GC heap after
{Heap after GC invocations=8443 (full 4):
 def new generation   total 2908480K, used 18750K [0x00007f344c600000, 0x00007f35119e0000, 0x00007f39a1b50000)
  eden space 2585344K,   0% used [0x00007f344c600000, 0x00007f344c600000, 0x00007f34ea2c0000)
  from space 323136K,   5% used [0x00007f34fde50000, 0x00007f34ff09fad8, 0x00007f35119e0000)
  to   space 323136K,   0% used [0x00007f34ea2c0000, 0x00007f34ea2c0000, 0x00007f34fde50000)
 tenured generation   total 6465468K, used 6465348K [0x00007f39a1b50000, 0x00007f3b2c53f000, 0x00007f444c600000)
   the space 6465468K,  99% used [0x00007f39a1b50000, 0x00007f3b2c521330, 0x00007f3b2c521400, 0x00007f3b2c53f000)
 Metaspace       used 24175K, capacity 24586K, committed 24832K, reserved 26624K
}
Event: 10151.013 GC heap before
{Heap before GC invocations=8443 (full 4):
 def new generation   total 2908480K, used 18750K [0x00007f344c600000, 0x00007f35119e0000, 0x00007f39a1b50000)
  eden space 2585344K,   0% used [0x00007f344c600000, 0x00007f344c600000, 0x00007f34ea2c0000)
  from space 323136K,   5% used [0x00007f34fde50000, 0x00007f34ff09fad8, 0x00007f35119e0000)
  to   space 323136K,   0% used [0x00007f34ea2c0000, 0x00007f34ea2c0000, 0x00007f34fde50000)
 tenured generation   total 6465468K, used 6465348K [0x00007f39a1b50000, 0x00007f3b2c53f000, 0x00007f444c600000)
   the space 6465468K,  99% used [0x00007f39a1b50000, 0x00007f3b2c521330, 0x00007f3b2c521400, 0x00007f3b2c53f000)
 Metaspace       used 24175K, capacity 24586K, committed 24832K, reserved 26624K
}

