# JRE version: OpenJDK Runtime Environment (13.0.7+5) (build 13.0.7+5-Ubuntu-0ubuntu120.04)
# Java VM: OpenJDK 64-Bit Server VM (13.0.7+5-Ubuntu-0ubuntu120.04, mixed mode, tiered, serial gc, linux-amd64)
Heap:
 def new generation   total 2890240K, used 5478K [0x00007fe4a8600000, 0x00007fe56c610000, 0x00007fe9fdb50000)
  eden space 2569152K,   0% used [0x00007fe4a8600000, 0x00007fe4a8b59a68, 0x00007fe5452f0000)
  from space 321088K,   0% used [0x00007fe5452f0000, 0x00007fe5452f0000, 0x00007fe558c80000)
  to   space 321088K,   0% used [0x00007fe558c80000, 0x00007fe558c80000, 0x00007fe56c610000)
 tenured generation   total 6423004K, used 6423003K [0x00007fe9fdb50000, 0x00007feb85bc7000, 0x00007ff4a8600000)
   the space 6423004K,  99% used [0x00007fe9fdb50000, 0x00007feb85bc6ff0, 0x00007feb85bc7000, 0x00007feb85bc7000)
 Metaspace       used 24288K, capacity 24685K, committed 24832K, reserved 26624K
GC Heap History (20 events):
Event: 18794.713 GC heap after
{Heap after GC invocations=38164 (full 4):
 def new generation   total 2890240K, used 5624K [0x00007fe4a8600000, 0x00007fe56c610000, 0x00007fe9fdb50000)
  eden space 2569152K,   0% used [0x00007fe4a8600000, 0x00007fe4a8600000, 0x00007fe5452f0000)
  from space 321088K,   1% used [0x00007fe558c80000, 0x00007fe5591fe2c0, 0x00007fe56c610000)
  to   space 321088K,   0% used [0x00007fe5452f0000, 0x00007fe5452f0000, 0x00007fe558c80000)
 tenured generation   total 6422620K, used 6419651K [0x00007fe9fdb50000, 0x00007feb85b67000, 0x00007ff4a8600000)
   the space 6422620K,  99% used [0x00007fe9fdb50000, 0x00007feb85880c58, 0x00007feb85880e00, 0x00007feb85b67000)
 Metaspace       used 24288K, capacity 24685K, committed 24832K, reserved 26624K
}
Event: 18795.638 GC heap before
{Heap before GC invocations=38164 (full 4):
 def new generation   total 2890240K, used 2574776K [0x00007fe4a8600000, 0x00007fe56c610000, 0x00007fe9fdb50000)
  eden space 2569152K, 100% used [0x00007fe4a8600000, 0x00007fe5452f0000, 0x00007fe5452f0000)
  from space 321088K,   1% used [0x00007fe558c80000, 0x00007fe5591fe2c0, 0x00007fe56c610000)
  to   space 321088K,   0% used [0x00007fe5452f0000, 0x00007fe5452f0000, 0x00007fe558c80000)
 tenured generation   total 6422620K, used 6419651K [0x00007fe9fdb50000, 0x00007feb85b67000, 0x00007ff4a8600000)
   the space 6422620K,  99% used [0x00007fe9fdb50000, 0x00007feb85880c58, 0x00007feb85880e00, 0x00007feb85b67000)
 Metaspace       used 24288K, capacity 24685K, committed 24832K, reserved 26624K
}
Event: 18795.644 GC heap after
{Heap after GC invocations=38165 (full 4):
 def new generation   total 2890240K, used 5595K [0x00007fe4a8600000, 0x00007fe56c610000, 0x00007fe9fdb50000)
  eden space 2569152K,   0% used [0x00007fe4a8600000, 0x00007fe4a8600000, 0x00007fe5452f0000)
  from space 321088K,   1% used [0x00007fe5452f0000, 0x00007fe545866c80, 0x00007fe558c80000)
  to   space 321088K,   0% used [0x00007fe558c80000, 0x00007fe558c80000, 0x00007fe56c610000)
 tenured generation   total 6422620K, used 6420020K [0x00007fe9fdb50000, 0x00007feb85b67000, 0x00007ff4a8600000)
   the space 6422620K,  99% used [0x00007fe9fdb50000, 0x00007feb858dd328, 0x00007feb858dd400, 0x00007feb85b67000)
 Metaspace       used 24288K, capacity 24685K, committed 24832K, reserved 26624K
}
Event: 18796.615 GC heap before
{Heap before GC invocations=38165 (full 4):
 def new generation   total 2890240K, used 2574747K [0x00007fe4a8600000, 0x00007fe56c610000, 0x00007fe9fdb50000)
  eden space 2569152K, 100% used [0x00007fe4a8600000, 0x00007fe5452f0000, 0x00007fe5452f0000)
  from space 321088K,   1% used [0x00007fe5452f0000, 0x00007fe545866c80, 0x00007fe558c80000)
  to   space 321088K,   0% used [0x00007fe558c80000, 0x00007fe558c80000, 0x00007fe56c610000)
 tenured generation   total 6422620K, used 6420020K [0x00007fe9fdb50000, 0x00007feb85b67000, 0x00007ff4a8600000)
   the space 6422620K,  99% used [0x00007fe9fdb50000, 0x00007feb858dd328, 0x00007feb858dd400, 0x00007feb85b67000)
 Metaspace       used 24288K, capacity 24685K, committed 24832K, reserved 26624K
}
Event: 18796.621 GC heap after
{Heap after GC invocations=38166 (full 4):
 def new generation   total 2890240K, used 5616K [0x00007fe4a8600000, 0x00007fe56c610000, 0x00007fe9fdb50000)
  eden space 2569152K,   0% used [0x00007fe4a8600000, 0x00007fe4a8600000, 0x00007fe5452f0000)
  from space 321088K,   1% used [0x00007fe558c80000, 0x00007fe5591fc1c8, 0x00007fe56c610000)
  to   space 321088K,   0% used [0x00007fe5452f0000, 0x00007fe5452f0000, 0x00007fe558c80000)
 tenured generation   total 6422620K, used 6420371K [0x00007fe9fdb50000, 0x00007feb85b67000, 0x00007ff4a8600000)
   the space 6422620K,  99% used [0x00007fe9fdb50000, 0x00007feb85934e60, 0x00007feb85935000, 0x00007feb85b67000)
 Metaspace       used 24288K, capacity 24685K, committed 24832K, reserved 26624K
}
Event: 18797.544 GC heap before
{Heap before GC invocations=38166 (full 4):
 def new generation   total 2890240K, used 2574768K [0x00007fe4a8600000, 0x00007fe56c610000, 0x00007fe9fdb50000)
  eden space 2569152K, 100% used [0x00007fe4a8600000, 0x00007fe5452f0000, 0x00007fe5452f0000)
  from space 321088K,   1% used [0x00007fe558c80000, 0x00007fe5591fc1c8, 0x00007fe56c610000)
  to   space 321088K,   0% used [0x00007fe5452f0000, 0x00007fe5452f0000, 0x00007fe558c80000)
 tenured generation   total 6422620K, used 6420371K [0x00007fe9fdb50000, 0x00007feb85b67000, 0x00007ff4a8600000)
   the space 6422620K,  99% used [0x00007fe9fdb50000, 0x00007feb85934e60, 0x00007feb85935000, 0x00007feb85b67000)
 Metaspace       used 24288K, capacity 24685K, committed 24832K, reserved 26624K
}
Event: 18797.550 GC heap after
{Heap after GC invocations=38167 (full 4):
 def new generation   total 2890240K, used 5595K [0x00007fe4a8600000, 0x00007fe56c610000, 0x00007fe9fdb50000)
  eden space 2569152K,   0% used [0x00007fe4a8600000, 0x00007fe4a8600000, 0x00007fe5452f0000)
  from space 321088K,   1% used [0x00007fe5452f0000, 0x00007fe545866e98, 0x00007fe558c80000)
  to   space 321088K,   0% used [0x00007fe558c80000, 0x00007fe558c80000, 0x00007fe56c610000)
 tenured generation   total 6422620K, used 6420741K [0x00007fe9fdb50000, 0x00007feb85b67000, 0x00007ff4a8600000)
   the space 6422620K,  99% used [0x00007fe9fdb50000, 0x00007feb85991530, 0x00007feb85991600, 0x00007feb85b67000)
 Metaspace       used 24288K, capacity 24685K, committed 24832K, reserved 26624K
}
Event: 18798.520 GC heap before
{Heap before GC invocations=38167 (full 4):
 def new generation   total 2890240K, used 2574747K [0x00007fe4a8600000, 0x00007fe56c610000, 0x00007fe9fdb50000)
  eden space 2569152K, 100% used [0x00007fe4a8600000, 0x00007fe5452f0000, 0x00007fe5452f0000)
  from space 321088K,   1% used [0x00007fe5452f0000, 0x00007fe545866e98, 0x00007fe558c80000)
  to   space 321088K,   0% used [0x00007fe558c80000, 0x00007fe558c80000, 0x00007fe56c610000)
 tenured generation   total 6422620K, used 6420741K [0x00007fe9fdb50000, 0x00007feb85b67000, 0x00007ff4a8600000)
   the space 6422620K,  99% used [0x00007fe9fdb50000, 0x00007feb85991530, 0x00007feb85991600, 0x00007feb85b67000)
 Metaspace       used 24288K, capacity 24685K, committed 24832K, reserved 26624K
}
Event: 18798.526 GC heap after
{Heap after GC invocations=38168 (full 4):
 def new generation   total 2890240K, used 5616K [0x00007fe4a8600000, 0x00007fe56c610000, 0x00007fe9fdb50000)
  eden space 2569152K,   0% used [0x00007fe4a8600000, 0x00007fe4a8600000, 0x00007fe5452f0000)
  from space 321088K,   1% used [0x00007fe558c80000, 0x00007fe5591fc048, 0x00007fe56c610000)
  to   space 321088K,   0% used [0x00007fe5452f0000, 0x00007fe5452f0000, 0x00007fe558c80000)
 tenured generation   total 6422620K, used 6421096K [0x00007fe9fdb50000, 0x00007feb85b67000, 0x00007ff4a8600000)
   the space 6422620K,  99% used [0x00007fe9fdb50000, 0x00007feb859ea1a8, 0x00007feb859ea200, 0x00007feb85b67000)
 Metaspace       used 24288K, capacity 24685K, committed 24832K, reserved 26624K
}
Event: 18799.455 GC heap before
{Heap before GC invocations=38168 (full 4):
 def new generation   total 2890240K, used 2574768K [0x00007fe4a8600000, 0x00007fe56c610000, 0x00007fe9fdb50000)
  eden space 2569152K, 100% used [0x00007fe4a8600000, 0x00007fe5452f0000, 0x00007fe5452f0000)
  from space 321088K,   1% used [0x00007fe558c80000, 0x00007fe5591fc048, 0x00007fe56c610000)
  to   space 321088K,   0% used [0x00007fe5452f0000, 0x00007fe5452f0000, 0x00007fe558c80000)
 tenured generation   total 6422620K, used 6421096K [0x00007fe9fdb50000, 0x00007feb85b67000, 0x00007ff4a8600000)
   the space 6422620K,  99% used [0x00007fe9fdb50000, 0x00007feb859ea1a8, 0x00007feb859ea200, 0x00007feb85b67000)
 Metaspace       used 24288K, capacity 24685K, committed 24832K, reserved 26624K
}
Event: 18799.460 GC heap after
{Heap after GC invocations=38169 (full 4):
 def new generation   total 2890240K, used 5591K [0x00007fe4a8600000, 0x00007fe56c610000, 0x00007fe9fdb50000)
  eden space 2569152K,   0% used [0x00007fe4a8600000, 0x00007fe4a8600000, 0x00007fe5452f0000)
  from space 321088K,   1% used [0x00007fe5452f0000, 0x00007fe545865d60, 0x00007fe558c80000)
  to   space 321088K,   0% used [0x00007fe558c80000, 0x00007fe558c80000, 0x00007fe56c610000)
 tenured generation   total 6422620K, used 6421466K [0x00007fe9fdb50000, 0x00007feb85b67000, 0x00007ff4a8600000)
   the space 6422620K,  99% used [0x00007fe9fdb50000, 0x00007feb85a46878, 0x00007feb85a46a00, 0x00007feb85b67000)
 Metaspace       used 24288K, capacity 24685K, committed 24832K, reserved 26624K
}
Event: 18800.428 GC heap before
{Heap before GC invocations=38169 (full 4):
 def new generation   total 2890240K, used 2574743K [0x00007fe4a8600000, 0x00007fe56c610000, 0x00007fe9fdb50000)
  eden space 2569152K, 100% used [0x00007fe4a8600000, 0x00007fe5452f0000, 0x00007fe5452f0000)
  from space 321088K,   1% used [0x00007fe5452f0000, 0x00007fe545865d60, 0x00007fe558c80000)
  to   space 321088K,   0% used [0x00007fe558c80000, 0x00007fe558c80000, 0x00007fe56c610000)
 tenured generation   total 6422620K, used 6421466K [0x00007fe9fdb50000, 0x00007feb85b67000, 0x00007ff4a8600000)
   the space 6422620K,  99% used [0x00007fe9fdb50000, 0x00007feb85a46878, 0x00007feb85a46a00, 0x00007feb85b67000)
 Metaspace       used 24288K, capacity 24685K, committed 24832K, reserved 26624K
}
Event: 18800.434 GC heap after
{Heap after GC invocations=38170 (full 4):
 def new generation   total 2890240K, used 5618K [0x00007fe4a8600000, 0x00007fe56c610000, 0x00007fe9fdb50000)
  eden space 2569152K,   0% used [0x00007fe4a8600000, 0x00007fe4a8600000, 0x00007fe5452f0000)
  from space 321088K,   1% used [0x00007fe558c80000, 0x00007fe5591fcaf0, 0x00007fe56c610000)
  to   space 321088K,   0% used [0x00007fe5452f0000, 0x00007fe5452f0000, 0x00007fe558c80000)
 tenured generation   total 6422620K, used 6421816K [0x00007fe9fdb50000, 0x00007feb85b67000, 0x00007ff4a8600000)
   the space 6422620K,  99% used [0x00007fe9fdb50000, 0x00007feb85a9e3b0, 0x00007feb85a9e400, 0x00007feb85b67000)
 Metaspace       used 24288K, capacity 24685K, committed 24832K, reserved 26624K
}
Event: 18801.403 GC heap before
{Heap before GC invocations=38170 (full 4):
 def new generation   total 2890240K, used 2574770K [0x00007fe4a8600000, 0x00007fe56c610000, 0x00007fe9fdb50000)
  eden space 2569152K, 100% used [0x00007fe4a8600000, 0x00007fe5452f0000, 0x00007fe5452f0000)
  from space 321088K,   1% used [0x00007fe558c80000, 0x00007fe5591fcaf0, 0x00007fe56c610000)
  to   space 321088K,   0% used [0x00007fe5452f0000, 0x00007fe5452f0000, 0x00007fe558c80000)
 tenured generation   total 6422620K, used 6421816K [0x00007fe9fdb50000, 0x00007feb85b67000, 0x00007ff4a8600000)
   the space 6422620K,  99% used [0x00007fe9fdb50000, 0x00007feb85a9e3b0, 0x00007feb85a9e400, 0x00007feb85b67000)
 Metaspace       used 24288K, capacity 24685K, committed 24832K, reserved 26624K
}
Event: 18801.408 GC heap after
{Heap after GC invocations=38171 (full 4):
 def new generation   total 2890240K, used 5592K [0x00007fe4a8600000, 0x00007fe56c610000, 0x00007fe9fdb50000)
  eden space 2569152K,   0% used [0x00007fe4a8600000, 0x00007fe4a8600000, 0x00007fe5452f0000)
  from space 321088K,   1% used [0x00007fe5452f0000, 0x00007fe545866028, 0x00007fe558c80000)
  to   space 321088K,   0% used [0x00007fe558c80000, 0x00007fe558c80000, 0x00007fe56c610000)
 tenured generation   total 6422620K, used 6422186K [0x00007fe9fdb50000, 0x00007feb85b67000, 0x00007ff4a8600000)
   the space 6422620K,  99% used [0x00007fe9fdb50000, 0x00007feb85afaa80, 0x00007feb85afac00, 0x00007feb85b67000)
 Metaspace       used 24288K, capacity 24685K, committed 24832K, reserved 26624K
}
Event: 18802.335 GC heap before
{Heap before GC invocations=38171 (full 4):
 def new generation   total 2890240K, used 2574744K [0x00007fe4a8600000, 0x00007fe56c610000, 0x00007fe9fdb50000)
  eden space 2569152K, 100% used [0x00007fe4a8600000, 0x00007fe5452f0000, 0x00007fe5452f0000)
  from space 321088K,   1% used [0x00007fe5452f0000, 0x00007fe545866028, 0x00007fe558c80000)
  to   space 321088K,   0% used [0x00007fe558c80000, 0x00007fe558c80000, 0x00007fe56c610000)
 tenured generation   total 6422620K, used 6422186K [0x00007fe9fdb50000, 0x00007feb85b67000, 0x00007ff4a8600000)
   the space 6422620K,  99% used [0x00007fe9fdb50000, 0x00007feb85afaa80, 0x00007feb85afac00, 0x00007feb85b67000)
 Metaspace       used 24288K, capacity 24685K, committed 24832K, reserved 26624K
}
Event: 18802.340 GC heap after
{Heap after GC invocations=38172 (full 4):
 def new generation   total 2890240K, used 5624K [0x00007fe4a8600000, 0x00007fe56c610000, 0x00007fe9fdb50000)
  eden space 2569152K,   0% used [0x00007fe4a8600000, 0x00007fe4a8600000, 0x00007fe5452f0000)
  from space 321088K,   1% used [0x00007fe558c80000, 0x00007fe5591fe3a8, 0x00007fe56c610000)
  to   space 321088K,   0% used [0x00007fe5452f0000, 0x00007fe5452f0000, 0x00007fe558c80000)
 tenured generation   total 6422620K, used 6422537K [0x00007fe9fdb50000, 0x00007feb85b67000, 0x00007ff4a8600000)
   the space 6422620K,  99% used [0x00007fe9fdb50000, 0x00007feb85b525b8, 0x00007feb85b52600, 0x00007feb85b67000)
 Metaspace       used 24288K, capacity 24685K, committed 24832K, reserved 26624K
}
Event: 18803.263 GC heap before
{Heap before GC invocations=38172 (full 4):
 def new generation   total 2890240K, used 2574776K [0x00007fe4a8600000, 0x00007fe56c610000, 0x00007fe9fdb50000)
  eden space 2569152K, 100% used [0x00007fe4a8600000, 0x00007fe5452f0000, 0x00007fe5452f0000)
  from space 321088K,   1% used [0x00007fe558c80000, 0x00007fe5591fe3a8, 0x00007fe56c610000)
  to   space 321088K,   0% used [0x00007fe5452f0000, 0x00007fe5452f0000, 0x00007fe558c80000)
 tenured generation   total 6422620K, used 6422537K [0x00007fe9fdb50000, 0x00007feb85b67000, 0x00007ff4a8600000)
   the space 6422620K,  99% used [0x00007fe9fdb50000, 0x00007feb85b525b8, 0x00007feb85b52600, 0x00007feb85b67000)
 Metaspace       used 24288K, capacity 24685K, committed 24832K, reserved 26624K
}
Event: 18803.270 GC heap after
{Heap after GC invocations=38173 (full 4):
 def new generation   total 2890240K, used 5591K [0x00007fe4a8600000, 0x00007fe56c610000, 0x00007fe9fdb50000)
  eden space 2569152K,   0% used [0x00007fe4a8600000, 0x00007fe4a8600000, 0x00007fe5452f0000)
  from space 321088K,   1% used [0x00007fe5452f0000, 0x00007fe545865dc0, 0x00007fe558c80000)
  to   space 321088K,   0% used [0x00007fe558c80000, 0x00007fe558c80000, 0x00007fe56c610000)
 tenured generation   total 6423004K, used 6422907K [0x00007fe9fdb50000, 0x00007feb85bc7000, 0x00007ff4a8600000)
   the space 6423004K,  99% used [0x00007fe9fdb50000, 0x00007feb85baef28, 0x00007feb85baf000, 0x00007feb85bc7000)
 Metaspace       used 24288K, capacity 24685K, committed 24832K, reserved 26624K
}
Event: 18803.270 GC heap before
{Heap before GC invocations=38173 (full 4):
 def new generation   total 2890240K, used 5591K [0x00007fe4a8600000, 0x00007fe56c610000, 0x00007fe9fdb50000)
  eden space 2569152K,   0% used [0x00007fe4a8600000, 0x00007fe4a8600000, 0x00007fe5452f0000)
  from space 321088K,   1% used [0x00007fe5452f0000, 0x00007fe545865dc0, 0x00007fe558c80000)
  to   space 321088K,   0% used [0x00007fe558c80000, 0x00007fe558c80000, 0x00007fe56c610000)
 tenured generation   total 6423004K, used 6422907K [0x00007fe9fdb50000, 0x00007feb85bc7000, 0x00007ff4a8600000)
   the space 6423004K,  99% used [0x00007fe9fdb50000, 0x00007feb85baef28, 0x00007feb85baf000, 0x00007feb85bc7000)
 Metaspace       used 24288K, capacity 24685K, committed 24832K, reserved 26624K
}

