# JRE version: OpenJDK Runtime Environment (13.0.7+5) (build 13.0.7+5-Ubuntu-0ubuntu120.04)
# Java VM: OpenJDK 64-Bit Server VM (13.0.7+5-Ubuntu-0ubuntu120.04, mixed mode, tiered, serial gc, linux-amd64)
Heap:
 def new generation   total 1883008K, used 0K [0x00007f6348600000, 0x00007f63c8130000, 0x00007f689db50000)
  eden space 1673792K,   0% used [0x00007f6348600000, 0x00007f6348600000, 0x00007f63ae890000)
  from space 209216K,   0% used [0x00007f63ae890000, 0x00007f63ae890000, 0x00007f63bb4e0000)
  to   space 209216K,   0% used [0x00007f63bb4e0000, 0x00007f63bb4e0000, 0x00007f63c8130000)
 tenured generation   total 5181440K, used 4780924K [0x00007f689db50000, 0x00007f69d9f50000, 0x00007f7348600000)
   the space 5181440K,  92% used [0x00007f689db50000, 0x00007f69c182f238, 0x00007f69c182f400, 0x00007f69d9f50000)
 Metaspace       used 30557K, capacity 30960K, committed 31232K, reserved 32768K
GC Heap History (20 events):
Event: 672.762 GC heap after
{Heap after GC invocations=96 (full 4):
 def new generation   total 1883008K, used 127387K [0x00007f6348600000, 0x00007f63c8130000, 0x00007f689db50000)
  eden space 1673792K,   0% used [0x00007f6348600000, 0x00007f6348600000, 0x00007f63ae890000)
  from space 209216K,  60% used [0x00007f63bb4e0000, 0x00007f63c3146d38, 0x00007f63c8130000)
  to   space 209216K,   0% used [0x00007f63ae890000, 0x00007f63ae890000, 0x00007f63bb4e0000)
 tenured generation   total 4184384K, used 2783490K [0x00007f689db50000, 0x00007f699d1a0000, 0x00007f7348600000)
   the space 4184384K,  66% used [0x00007f689db50000, 0x00007f6947990a38, 0x00007f6947990c00, 0x00007f699d1a0000)
 Metaspace       used 30555K, capacity 30960K, committed 31232K, reserved 32768K
}
Event: 679.973 GC heap before
{Heap before GC invocations=96 (full 4):
 def new generation   total 1883008K, used 1801179K [0x00007f6348600000, 0x00007f63c8130000, 0x00007f689db50000)
  eden space 1673792K, 100% used [0x00007f6348600000, 0x00007f63ae890000, 0x00007f63ae890000)
  from space 209216K,  60% used [0x00007f63bb4e0000, 0x00007f63c3146d38, 0x00007f63c8130000)
  to   space 209216K,   0% used [0x00007f63ae890000, 0x00007f63ae890000, 0x00007f63bb4e0000)
 tenured generation   total 4184384K, used 2783490K [0x00007f689db50000, 0x00007f699d1a0000, 0x00007f7348600000)
   the space 4184384K,  66% used [0x00007f689db50000, 0x00007f6947990a38, 0x00007f6947990c00, 0x00007f699d1a0000)
 Metaspace       used 30555K, capacity 30960K, committed 31232K, reserved 32768K
}
Event: 680.020 GC heap after
{Heap after GC invocations=97 (full 4):
 def new generation   total 1883008K, used 122213K [0x00007f6348600000, 0x00007f63c8130000, 0x00007f689db50000)
  eden space 1673792K,   0% used [0x00007f6348600000, 0x00007f6348600000, 0x00007f63ae890000)
  from space 209216K,  58% used [0x00007f63ae890000, 0x00007f63b5fe9640, 0x00007f63bb4e0000)
  to   space 209216K,   0% used [0x00007f63bb4e0000, 0x00007f63bb4e0000, 0x00007f63c8130000)
 tenured generation   total 4184384K, used 2812486K [0x00007f689db50000, 0x00007f699d1a0000, 0x00007f7348600000)
   the space 4184384K,  67% used [0x00007f689db50000, 0x00007f69495e1a98, 0x00007f69495e1c00, 0x00007f699d1a0000)
 Metaspace       used 30555K, capacity 30960K, committed 31232K, reserved 32768K
}
Event: 688.140 GC heap before
{Heap before GC invocations=97 (full 4):
 def new generation   total 1883008K, used 1796005K [0x00007f6348600000, 0x00007f63c8130000, 0x00007f689db50000)
  eden space 1673792K, 100% used [0x00007f6348600000, 0x00007f63ae890000, 0x00007f63ae890000)
  from space 209216K,  58% used [0x00007f63ae890000, 0x00007f63b5fe9640, 0x00007f63bb4e0000)
  to   space 209216K,   0% used [0x00007f63bb4e0000, 0x00007f63bb4e0000, 0x00007f63c8130000)
 tenured generation   total 4184384K, used 2812486K [0x00007f689db50000, 0x00007f699d1a0000, 0x00007f7348600000)
   the space 4184384K,  67% used [0x00007f689db50000, 0x00007f69495e1a98, 0x00007f69495e1c00, 0x00007f699d1a0000)
 Metaspace       used 30555K, capacity 30960K, committed 31232K, reserved 32768K
}
Event: 688.191 GC heap after
{Heap after GC invocations=98 (full 4):
 def new generation   total 1883008K, used 122549K [0x00007f6348600000, 0x00007f63c8130000, 0x00007f689db50000)
  eden space 1673792K,   0% used [0x00007f6348600000, 0x00007f6348600000, 0x00007f63ae890000)
  from space 209216K,  58% used [0x00007f63bb4e0000, 0x00007f63c2c8d528, 0x00007f63c8130000)
  to   space 209216K,   0% used [0x00007f63ae890000, 0x00007f63ae890000, 0x00007f63bb4e0000)
 tenured generation   total 4184384K, used 2839299K [0x00007f689db50000, 0x00007f699d1a0000, 0x00007f7348600000)
   the space 4184384K,  67% used [0x00007f689db50000, 0x00007f694b010c98, 0x00007f694b010e00, 0x00007f699d1a0000)
 Metaspace       used 30555K, capacity 30960K, committed 31232K, reserved 32768K
}
Event: 696.316 GC heap before
{Heap before GC invocations=98 (full 4):
 def new generation   total 1883008K, used 1796341K [0x00007f6348600000, 0x00007f63c8130000, 0x00007f689db50000)
  eden space 1673792K, 100% used [0x00007f6348600000, 0x00007f63ae890000, 0x00007f63ae890000)
  from space 209216K,  58% used [0x00007f63bb4e0000, 0x00007f63c2c8d528, 0x00007f63c8130000)
  to   space 209216K,   0% used [0x00007f63ae890000, 0x00007f63ae890000, 0x00007f63bb4e0000)
 tenured generation   total 4184384K, used 2839299K [0x00007f689db50000, 0x00007f699d1a0000, 0x00007f7348600000)
   the space 4184384K,  67% used [0x00007f689db50000, 0x00007f694b010c98, 0x00007f694b010e00, 0x00007f699d1a0000)
 Metaspace       used 30555K, capacity 30960K, committed 31232K, reserved 32768K
}
Event: 696.366 GC heap after
{Heap after GC invocations=99 (full 4):
 def new generation   total 1883008K, used 125774K [0x00007f6348600000, 0x00007f63c8130000, 0x00007f689db50000)
  eden space 1673792K,   0% used [0x00007f6348600000, 0x00007f6348600000, 0x00007f63ae890000)
  from space 209216K,  60% used [0x00007f63ae890000, 0x00007f63b6363b68, 0x00007f63bb4e0000)
  to   space 209216K,   0% used [0x00007f63bb4e0000, 0x00007f63bb4e0000, 0x00007f63c8130000)
 tenured generation   total 4184384K, used 2862670K [0x00007f689db50000, 0x00007f699d1a0000, 0x00007f7348600000)
   the space 4184384K,  68% used [0x00007f689db50000, 0x00007f694c6e3ad8, 0x00007f694c6e3c00, 0x00007f699d1a0000)
 Metaspace       used 30555K, capacity 30960K, committed 31232K, reserved 32768K
}
Event: 704.711 GC heap before
{Heap before GC invocations=99 (full 4):
 def new generation   total 1883008K, used 1799566K [0x00007f6348600000, 0x00007f63c8130000, 0x00007f689db50000)
  eden space 1673792K, 100% used [0x00007f6348600000, 0x00007f63ae890000, 0x00007f63ae890000)
  from space 209216K,  60% used [0x00007f63ae890000, 0x00007f63b6363b68, 0x00007f63bb4e0000)
  to   space 209216K,   0% used [0x00007f63bb4e0000, 0x00007f63bb4e0000, 0x00007f63c8130000)
 tenured generation   total 4184384K, used 2862670K [0x00007f689db50000, 0x00007f699d1a0000, 0x00007f7348600000)
   the space 4184384K,  68% used [0x00007f689db50000, 0x00007f694c6e3ad8, 0x00007f694c6e3c00, 0x00007f699d1a0000)
 Metaspace       used 30555K, capacity 30960K, committed 31232K, reserved 32768K
}
Event: 704.783 GC heap after
{Heap after GC invocations=100 (full 4):
 def new generation   total 1883008K, used 129338K [0x00007f6348600000, 0x00007f63c8130000, 0x00007f689db50000)
  eden space 1673792K,   0% used [0x00007f6348600000, 0x00007f6348600000, 0x00007f63ae890000)
  from space 209216K,  61% used [0x00007f63bb4e0000, 0x00007f63c332e948, 0x00007f63c8130000)
  to   space 209216K,   0% used [0x00007f63ae890000, 0x00007f63ae890000, 0x00007f63bb4e0000)
 tenured generation   total 4184384K, used 2886936K [0x00007f689db50000, 0x00007f699d1a0000, 0x00007f7348600000)
   the space 4184384K,  68% used [0x00007f689db50000, 0x00007f694de96018, 0x00007f694de96200, 0x00007f699d1a0000)
 Metaspace       used 30555K, capacity 30960K, committed 31232K, reserved 32768K
}
Event: 712.427 GC heap before
{Heap before GC invocations=100 (full 4):
 def new generation   total 1883008K, used 1803130K [0x00007f6348600000, 0x00007f63c8130000, 0x00007f689db50000)
  eden space 1673792K, 100% used [0x00007f6348600000, 0x00007f63ae890000, 0x00007f63ae890000)
  from space 209216K,  61% used [0x00007f63bb4e0000, 0x00007f63c332e948, 0x00007f63c8130000)
  to   space 209216K,   0% used [0x00007f63ae890000, 0x00007f63ae890000, 0x00007f63bb4e0000)
 tenured generation   total 4184384K, used 2886936K [0x00007f689db50000, 0x00007f699d1a0000, 0x00007f7348600000)
   the space 4184384K,  68% used [0x00007f689db50000, 0x00007f694de96018, 0x00007f694de96200, 0x00007f699d1a0000)
 Metaspace       used 30555K, capacity 30960K, committed 31232K, reserved 32768K
}
Event: 712.475 GC heap after
{Heap after GC invocations=101 (full 4):
 def new generation   total 1883008K, used 106956K [0x00007f6348600000, 0x00007f63c8130000, 0x00007f689db50000)
  eden space 1673792K,   0% used [0x00007f6348600000, 0x00007f6348600000, 0x00007f63ae890000)
  from space 209216K,  51% used [0x00007f63ae890000, 0x00007f63b5103318, 0x00007f63bb4e0000)
  to   space 209216K,   0% used [0x00007f63bb4e0000, 0x00007f63bb4e0000, 0x00007f63c8130000)
 tenured generation   total 4184384K, used 2934678K [0x00007f689db50000, 0x00007f699d1a0000, 0x00007f7348600000)
   the space 4184384K,  70% used [0x00007f689db50000, 0x00007f6950d35a18, 0x00007f6950d35c00, 0x00007f699d1a0000)
 Metaspace       used 30555K, capacity 30960K, committed 31232K, reserved 32768K
}
Event: 720.765 GC heap before
{Heap before GC invocations=101 (full 4):
 def new generation   total 1883008K, used 1780748K [0x00007f6348600000, 0x00007f63c8130000, 0x00007f689db50000)
  eden space 1673792K, 100% used [0x00007f6348600000, 0x00007f63ae890000, 0x00007f63ae890000)
  from space 209216K,  51% used [0x00007f63ae890000, 0x00007f63b5103318, 0x00007f63bb4e0000)
  to   space 209216K,   0% used [0x00007f63bb4e0000, 0x00007f63bb4e0000, 0x00007f63c8130000)
 tenured generation   total 4184384K, used 2934678K [0x00007f689db50000, 0x00007f699d1a0000, 0x00007f7348600000)
   the space 4184384K,  70% used [0x00007f689db50000, 0x00007f6950d35a18, 0x00007f6950d35c00, 0x00007f699d1a0000)
 Metaspace       used 30555K, capacity 30960K, committed 31232K, reserved 32768K
}
Event: 720.812 GC heap after
{Heap after GC invocations=102 (full 4):
 def new generation   total 1883008K, used 107572K [0x00007f6348600000, 0x00007f63c8130000, 0x00007f689db50000)
  eden space 1673792K,   0% used [0x00007f6348600000, 0x00007f6348600000, 0x00007f63ae890000)
  from space 209216K,  51% used [0x00007f63bb4e0000, 0x00007f63c1ded340, 0x00007f63c8130000)
  to   space 209216K,   0% used [0x00007f63ae890000, 0x00007f63ae890000, 0x00007f63bb4e0000)
 tenured generation   total 4184384K, used 2961822K [0x00007f689db50000, 0x00007f699d1a0000, 0x00007f7348600000)
   the space 4184384K,  70% used [0x00007f689db50000, 0x00007f69527b7878, 0x00007f69527b7a00, 0x00007f699d1a0000)
 Metaspace       used 30555K, capacity 30960K, committed 31232K, reserved 32768K
}
Event: 729.383 GC heap before
{Heap before GC invocations=102 (full 4):
 def new generation   total 1883008K, used 1781364K [0x00007f6348600000, 0x00007f63c8130000, 0x00007f689db50000)
  eden space 1673792K, 100% used [0x00007f6348600000, 0x00007f63ae890000, 0x00007f63ae890000)
  from space 209216K,  51% used [0x00007f63bb4e0000, 0x00007f63c1ded340, 0x00007f63c8130000)
  to   space 209216K,   0% used [0x00007f63ae890000, 0x00007f63ae890000, 0x00007f63bb4e0000)
 tenured generation   total 4184384K, used 2961822K [0x00007f689db50000, 0x00007f699d1a0000, 0x00007f7348600000)
   the space 4184384K,  70% used [0x00007f689db50000, 0x00007f69527b7878, 0x00007f69527b7a00, 0x00007f699d1a0000)
 Metaspace       used 30555K, capacity 30960K, committed 31232K, reserved 32768K
}
Event: 729.424 GC heap after
{Heap after GC invocations=103 (full 4):
 def new generation   total 1883008K, used 109666K [0x00007f6348600000, 0x00007f63c8130000, 0x00007f689db50000)
  eden space 1673792K,   0% used [0x00007f6348600000, 0x00007f6348600000, 0x00007f63ae890000)
  from space 209216K,  52% used [0x00007f63ae890000, 0x00007f63b53a8b10, 0x00007f63bb4e0000)
  to   space 209216K,   0% used [0x00007f63bb4e0000, 0x00007f63bb4e0000, 0x00007f63c8130000)
 tenured generation   total 4184384K, used 2988423K [0x00007f689db50000, 0x00007f699d1a0000, 0x00007f7348600000)
   the space 4184384K,  71% used [0x00007f689db50000, 0x00007f69541b1d78, 0x00007f69541b1e00, 0x00007f699d1a0000)
 Metaspace       used 30555K, capacity 30960K, committed 31232K, reserved 32768K
}
Event: 734.932 GC heap before
{Heap before GC invocations=103 (full 4):
 def new generation   total 1883008K, used 1783458K [0x00007f6348600000, 0x00007f63c8130000, 0x00007f689db50000)
  eden space 1673792K, 100% used [0x00007f6348600000, 0x00007f63ae890000, 0x00007f63ae890000)
  from space 209216K,  52% used [0x00007f63ae890000, 0x00007f63b53a8b10, 0x00007f63bb4e0000)
  to   space 209216K,   0% used [0x00007f63bb4e0000, 0x00007f63bb4e0000, 0x00007f63c8130000)
 tenured generation   total 4184384K, used 2988423K [0x00007f689db50000, 0x00007f699d1a0000, 0x00007f7348600000)
   the space 4184384K,  71% used [0x00007f689db50000, 0x00007f69541b1d78, 0x00007f69541b1e00, 0x00007f699d1a0000)
 Metaspace       used 30557K, capacity 30960K, committed 31232K, reserved 32768K
}
Event: 735.231 GC heap after
{Heap after GC invocations=104 (full 4):
 def new generation   total 1883008K, used 209215K [0x00007f6348600000, 0x00007f63c8130000, 0x00007f689db50000)
  eden space 1673792K,   0% used [0x00007f6348600000, 0x00007f6348600000, 0x00007f63ae890000)
  from space 209216K,  99% used [0x00007f63bb4e0000, 0x00007f63c812fe68, 0x00007f63c8130000)
  to   space 209216K,   0% used [0x00007f63ae890000, 0x00007f63ae890000, 0x00007f63bb4e0000)
 tenured generation   total 4184384K, used 3522309K [0x00007f689db50000, 0x00007f699d1a0000, 0x00007f7348600000)
   the space 4184384K,  84% used [0x00007f689db50000, 0x00007f6974b11498, 0x00007f6974b11600, 0x00007f699d1a0000)
 Metaspace       used 30557K, capacity 30960K, committed 31232K, reserved 32768K
}
Event: 736.024 GC heap before
{Heap before GC invocations=104 (full 4):
 def new generation   total 1883008K, used 1883007K [0x00007f6348600000, 0x00007f63c8130000, 0x00007f689db50000)
  eden space 1673792K, 100% used [0x00007f6348600000, 0x00007f63ae890000, 0x00007f63ae890000)
  from space 209216K,  99% used [0x00007f63bb4e0000, 0x00007f63c812fe68, 0x00007f63c8130000)
  to   space 209216K,   0% used [0x00007f63ae890000, 0x00007f63ae890000, 0x00007f63bb4e0000)
 tenured generation   total 4184384K, used 3522309K [0x00007f689db50000, 0x00007f699d1a0000, 0x00007f7348600000)
   the space 4184384K,  84% used [0x00007f689db50000, 0x00007f6974b11498, 0x00007f6974b11600, 0x00007f699d1a0000)
 Metaspace       used 30557K, capacity 30960K, committed 31232K, reserved 32768K
}
Event: 736.949 GC heap after
{Heap after GC invocations=105 (full 4):
 def new generation   total 1883008K, used 209214K [0x00007f6348600000, 0x00007f63c8130000, 0x00007f689db50000)
  eden space 1673792K,   0% used [0x00007f6348600000, 0x00007f6348600000, 0x00007f63ae890000)
  from space 209216K,  99% used [0x00007f63ae890000, 0x00007f63bb4df8e0, 0x00007f63bb4e0000)
  to   space 209216K,   0% used [0x00007f63bb4e0000, 0x00007f63bb4e0000, 0x00007f63c8130000)
 tenured generation   total 5181440K, used 5181322K [0x00007f689db50000, 0x00007f69d9f50000, 0x00007f7348600000)
   the space 5181440K,  99% used [0x00007f689db50000, 0x00007f69d9f32a68, 0x00007f69d9f32c00, 0x00007f69d9f50000)
 Metaspace       used 30557K, capacity 30960K, committed 31232K, reserved 32768K
}
Event: 736.949 GC heap before
{Heap before GC invocations=105 (full 4):
 def new generation   total 1883008K, used 209214K [0x00007f6348600000, 0x00007f63c8130000, 0x00007f689db50000)
  eden space 1673792K,   0% used [0x00007f6348600000, 0x00007f6348600000, 0x00007f63ae890000)
  from space 209216K,  99% used [0x00007f63ae890000, 0x00007f63bb4df8e0, 0x00007f63bb4e0000)
  to   space 209216K,   0% used [0x00007f63bb4e0000, 0x00007f63bb4e0000, 0x00007f63c8130000)
 tenured generation   total 5181440K, used 5181322K [0x00007f689db50000, 0x00007f69d9f50000, 0x00007f7348600000)
   the space 5181440K,  99% used [0x00007f689db50000, 0x00007f69d9f32a68, 0x00007f69d9f32c00, 0x00007f69d9f50000)
 Metaspace       used 30557K, capacity 30960K, committed 31232K, reserved 32768K
}

