# JRE version: OpenJDK Runtime Environment (13.0.7+5) (build 13.0.7+5-Ubuntu-0ubuntu120.04)
# Java VM: OpenJDK 64-Bit Server VM (13.0.7+5-Ubuntu-0ubuntu120.04, mixed mode, tiered, serial gc, linux-amd64)
Heap:
 def new generation   total 2895296K, used 7671K [0x00007f95d0600000, 0x00007f9694b90000, 0x00007f9b25b50000)
  eden space 2573632K,   0% used [0x00007f95d0600000, 0x00007f95d0d7de00, 0x00007f966d750000)
  from space 321664K,   0% used [0x00007f966d750000, 0x00007f966d750000, 0x00007f9681170000)
  to   space 321664K,   0% used [0x00007f9681170000, 0x00007f9681170000, 0x00007f9694b90000)
 tenured generation   total 6434408K, used 6434407K [0x00007f9b25b50000, 0x00007f9cae6ea000, 0x00007fa5d0600000)
   the space 6434408K,  99% used [0x00007f9b25b50000, 0x00007f9cae6e9fc8, 0x00007f9cae6ea000, 0x00007f9cae6ea000)
 Metaspace       used 24195K, capacity 24581K, committed 24832K, reserved 26624K
GC Heap History (20 events):
Event: 19771.373 GC heap after
{Heap after GC invocations=27133 (full 4):
 def new generation   total 2895296K, used 7813K [0x00007f95d0600000, 0x00007f9694b90000, 0x00007f9b25b50000)
  eden space 2573632K,   0% used [0x00007f95d0600000, 0x00007f95d0600000, 0x00007f966d750000)
  from space 321664K,   2% used [0x00007f9681170000, 0x00007f96819115f0, 0x00007f9694b90000)
  to   space 321664K,   0% used [0x00007f966d750000, 0x00007f966d750000, 0x00007f9681170000)
 tenured generation   total 6433832K, used 6429607K [0x00007f9b25b50000, 0x00007f9cae65a000, 0x00007fa5d0600000)
   the space 6433832K,  99% used [0x00007f9b25b50000, 0x00007f9cae239e88, 0x00007f9cae23a000, 0x00007f9cae65a000)
 Metaspace       used 24195K, capacity 24581K, committed 24832K, reserved 26624K
}
Event: 19772.948 GC heap before
{Heap before GC invocations=27133 (full 4):
 def new generation   total 2895296K, used 2581445K [0x00007f95d0600000, 0x00007f9694b90000, 0x00007f9b25b50000)
  eden space 2573632K, 100% used [0x00007f95d0600000, 0x00007f966d750000, 0x00007f966d750000)
  from space 321664K,   2% used [0x00007f9681170000, 0x00007f96819115f0, 0x00007f9694b90000)
  to   space 321664K,   0% used [0x00007f966d750000, 0x00007f966d750000, 0x00007f9681170000)
 tenured generation   total 6433832K, used 6429607K [0x00007f9b25b50000, 0x00007f9cae65a000, 0x00007fa5d0600000)
   the space 6433832K,  99% used [0x00007f9b25b50000, 0x00007f9cae239e88, 0x00007f9cae23a000, 0x00007f9cae65a000)
 Metaspace       used 24195K, capacity 24581K, committed 24832K, reserved 26624K
}
Event: 19772.964 GC heap after
{Heap after GC invocations=27134 (full 4):
 def new generation   total 2895296K, used 7826K [0x00007f95d0600000, 0x00007f9694b90000, 0x00007f9b25b50000)
  eden space 2573632K,   0% used [0x00007f95d0600000, 0x00007f95d0600000, 0x00007f966d750000)
  from space 321664K,   2% used [0x00007f966d750000, 0x00007f966def49f8, 0x00007f9681170000)
  to   space 321664K,   0% used [0x00007f9681170000, 0x00007f9681170000, 0x00007f9694b90000)
 tenured generation   total 6433832K, used 6430122K [0x00007f9b25b50000, 0x00007f9cae65a000, 0x00007fa5d0600000)
   the space 6433832K,  99% used [0x00007f9b25b50000, 0x00007f9cae2bab28, 0x00007f9cae2bac00, 0x00007f9cae65a000)
 Metaspace       used 24195K, capacity 24581K, committed 24832K, reserved 26624K
}
Event: 19774.518 GC heap before
{Heap before GC invocations=27134 (full 4):
 def new generation   total 2895296K, used 2581458K [0x00007f95d0600000, 0x00007f9694b90000, 0x00007f9b25b50000)
  eden space 2573632K, 100% used [0x00007f95d0600000, 0x00007f966d750000, 0x00007f966d750000)
  from space 321664K,   2% used [0x00007f966d750000, 0x00007f966def49f8, 0x00007f9681170000)
  to   space 321664K,   0% used [0x00007f9681170000, 0x00007f9681170000, 0x00007f9694b90000)
 tenured generation   total 6433832K, used 6430122K [0x00007f9b25b50000, 0x00007f9cae65a000, 0x00007fa5d0600000)
   the space 6433832K,  99% used [0x00007f9b25b50000, 0x00007f9cae2bab28, 0x00007f9cae2bac00, 0x00007f9cae65a000)
 Metaspace       used 24195K, capacity 24581K, committed 24832K, reserved 26624K
}
Event: 19774.533 GC heap after
{Heap after GC invocations=27135 (full 4):
 def new generation   total 2895296K, used 7811K [0x00007f95d0600000, 0x00007f9694b90000, 0x00007f9b25b50000)
  eden space 2573632K,   0% used [0x00007f95d0600000, 0x00007f95d0600000, 0x00007f966d750000)
  from space 321664K,   2% used [0x00007f9681170000, 0x00007f9681910c38, 0x00007f9694b90000)
  to   space 321664K,   0% used [0x00007f966d750000, 0x00007f966d750000, 0x00007f9681170000)
 tenured generation   total 6433832K, used 6430659K [0x00007f9b25b50000, 0x00007f9cae65a000, 0x00007fa5d0600000)
   the space 6433832K,  99% used [0x00007f9b25b50000, 0x00007f9cae340db8, 0x00007f9cae340e00, 0x00007f9cae65a000)
 Metaspace       used 24195K, capacity 24581K, committed 24832K, reserved 26624K
}
Event: 19776.074 GC heap before
{Heap before GC invocations=27135 (full 4):
 def new generation   total 2895296K, used 2581443K [0x00007f95d0600000, 0x00007f9694b90000, 0x00007f9b25b50000)
  eden space 2573632K, 100% used [0x00007f95d0600000, 0x00007f966d750000, 0x00007f966d750000)
  from space 321664K,   2% used [0x00007f9681170000, 0x00007f9681910c38, 0x00007f9694b90000)
  to   space 321664K,   0% used [0x00007f966d750000, 0x00007f966d750000, 0x00007f9681170000)
 tenured generation   total 6433832K, used 6430659K [0x00007f9b25b50000, 0x00007f9cae65a000, 0x00007fa5d0600000)
   the space 6433832K,  99% used [0x00007f9b25b50000, 0x00007f9cae340db8, 0x00007f9cae340e00, 0x00007f9cae65a000)
 Metaspace       used 24195K, capacity 24581K, committed 24832K, reserved 26624K
}
Event: 19776.091 GC heap after
{Heap after GC invocations=27136 (full 4):
 def new generation   total 2895296K, used 7809K [0x00007f95d0600000, 0x00007f9694b90000, 0x00007f9b25b50000)
  eden space 2573632K,   0% used [0x00007f95d0600000, 0x00007f95d0600000, 0x00007f966d750000)
  from space 321664K,   2% used [0x00007f966d750000, 0x00007f966def07c0, 0x00007f9681170000)
  to   space 321664K,   0% used [0x00007f9681170000, 0x00007f9681170000, 0x00007f9694b90000)
 tenured generation   total 6433832K, used 6431174K [0x00007f9b25b50000, 0x00007f9cae65a000, 0x00007fa5d0600000)
   the space 6433832K,  99% used [0x00007f9b25b50000, 0x00007f9cae3c1a58, 0x00007f9cae3c1c00, 0x00007f9cae65a000)
 Metaspace       used 24195K, capacity 24581K, committed 24832K, reserved 26624K
}
Event: 19777.669 GC heap before
{Heap before GC invocations=27136 (full 4):
 def new generation   total 2895296K, used 2581441K [0x00007f95d0600000, 0x00007f9694b90000, 0x00007f9b25b50000)
  eden space 2573632K, 100% used [0x00007f95d0600000, 0x00007f966d750000, 0x00007f966d750000)
  from space 321664K,   2% used [0x00007f966d750000, 0x00007f966def07c0, 0x00007f9681170000)
  to   space 321664K,   0% used [0x00007f9681170000, 0x00007f9681170000, 0x00007f9694b90000)
 tenured generation   total 6433832K, used 6431174K [0x00007f9b25b50000, 0x00007f9cae65a000, 0x00007fa5d0600000)
   the space 6433832K,  99% used [0x00007f9b25b50000, 0x00007f9cae3c1a58, 0x00007f9cae3c1c00, 0x00007f9cae65a000)
 Metaspace       used 24195K, capacity 24581K, committed 24832K, reserved 26624K
}
Event: 19777.683 GC heap after
{Heap after GC invocations=27137 (full 4):
 def new generation   total 2895296K, used 7830K [0x00007f95d0600000, 0x00007f9694b90000, 0x00007f9b25b50000)
  eden space 2573632K,   0% used [0x00007f95d0600000, 0x00007f95d0600000, 0x00007f966d750000)
  from space 321664K,   2% used [0x00007f9681170000, 0x00007f96819159a8, 0x00007f9694b90000)
  to   space 321664K,   0% used [0x00007f966d750000, 0x00007f966d750000, 0x00007f9681170000)
 tenured generation   total 6433832K, used 6431689K [0x00007f9b25b50000, 0x00007f9cae65a000, 0x00007fa5d0600000)
   the space 6433832K,  99% used [0x00007f9b25b50000, 0x00007f9cae4426f8, 0x00007f9cae442800, 0x00007f9cae65a000)
 Metaspace       used 24195K, capacity 24581K, committed 24832K, reserved 26624K
}
Event: 19779.238 GC heap before
{Heap before GC invocations=27137 (full 4):
 def new generation   total 2895296K, used 2581462K [0x00007f95d0600000, 0x00007f9694b90000, 0x00007f9b25b50000)
  eden space 2573632K, 100% used [0x00007f95d0600000, 0x00007f966d750000, 0x00007f966d750000)
  from space 321664K,   2% used [0x00007f9681170000, 0x00007f96819159a8, 0x00007f9694b90000)
  to   space 321664K,   0% used [0x00007f966d750000, 0x00007f966d750000, 0x00007f9681170000)
 tenured generation   total 6433832K, used 6431689K [0x00007f9b25b50000, 0x00007f9cae65a000, 0x00007fa5d0600000)
   the space 6433832K,  99% used [0x00007f9b25b50000, 0x00007f9cae4426f8, 0x00007f9cae442800, 0x00007f9cae65a000)
 Metaspace       used 24195K, capacity 24581K, committed 24832K, reserved 26624K
}
Event: 19779.251 GC heap after
{Heap after GC invocations=27138 (full 4):
 def new generation   total 2895296K, used 7811K [0x00007f95d0600000, 0x00007f9694b90000, 0x00007f9b25b50000)
  eden space 2573632K,   0% used [0x00007f95d0600000, 0x00007f95d0600000, 0x00007f966d750000)
  from space 321664K,   2% used [0x00007f966d750000, 0x00007f966def0ce0, 0x00007f9681170000)
  to   space 321664K,   0% used [0x00007f9681170000, 0x00007f9681170000, 0x00007f9694b90000)
 tenured generation   total 6433832K, used 6432222K [0x00007f9b25b50000, 0x00007f9cae65a000, 0x00007fa5d0600000)
   the space 6433832K,  99% used [0x00007f9b25b50000, 0x00007f9cae4c7848, 0x00007f9cae4c7a00, 0x00007f9cae65a000)
 Metaspace       used 24195K, capacity 24581K, committed 24832K, reserved 26624K
}
Event: 19780.799 GC heap before
{Heap before GC invocations=27138 (full 4):
 def new generation   total 2895296K, used 2581443K [0x00007f95d0600000, 0x00007f9694b90000, 0x00007f9b25b50000)
  eden space 2573632K, 100% used [0x00007f95d0600000, 0x00007f966d750000, 0x00007f966d750000)
  from space 321664K,   2% used [0x00007f966d750000, 0x00007f966def0ce0, 0x00007f9681170000)
  to   space 321664K,   0% used [0x00007f9681170000, 0x00007f9681170000, 0x00007f9694b90000)
 tenured generation   total 6433832K, used 6432222K [0x00007f9b25b50000, 0x00007f9cae65a000, 0x00007fa5d0600000)
   the space 6433832K,  99% used [0x00007f9b25b50000, 0x00007f9cae4c7848, 0x00007f9cae4c7a00, 0x00007f9cae65a000)
 Metaspace       used 24195K, capacity 24581K, committed 24832K, reserved 26624K
}
Event: 19780.813 GC heap after
{Heap after GC invocations=27139 (full 4):
 def new generation   total 2895296K, used 7809K [0x00007f95d0600000, 0x00007f9694b90000, 0x00007f9b25b50000)
  eden space 2573632K,   0% used [0x00007f95d0600000, 0x00007f95d0600000, 0x00007f966d750000)
  from space 321664K,   2% used [0x00007f9681170000, 0x00007f96819106f8, 0x00007f9694b90000)
  to   space 321664K,   0% used [0x00007f966d750000, 0x00007f966d750000, 0x00007f9681170000)
 tenured generation   total 6433832K, used 6432737K [0x00007f9b25b50000, 0x00007f9cae65a000, 0x00007fa5d0600000)
   the space 6433832K,  99% used [0x00007f9b25b50000, 0x00007f9cae5484e8, 0x00007f9cae548600, 0x00007f9cae65a000)
 Metaspace       used 24195K, capacity 24581K, committed 24832K, reserved 26624K
}
Event: 19782.363 GC heap before
{Heap before GC invocations=27139 (full 4):
 def new generation   total 2895296K, used 2581441K [0x00007f95d0600000, 0x00007f9694b90000, 0x00007f9b25b50000)
  eden space 2573632K, 100% used [0x00007f95d0600000, 0x00007f966d750000, 0x00007f966d750000)
  from space 321664K,   2% used [0x00007f9681170000, 0x00007f96819106f8, 0x00007f9694b90000)
  to   space 321664K,   0% used [0x00007f966d750000, 0x00007f966d750000, 0x00007f9681170000)
 tenured generation   total 6433832K, used 6432737K [0x00007f9b25b50000, 0x00007f9cae65a000, 0x00007fa5d0600000)
   the space 6433832K,  99% used [0x00007f9b25b50000, 0x00007f9cae5484e8, 0x00007f9cae548600, 0x00007f9cae65a000)
 Metaspace       used 24195K, capacity 24581K, committed 24832K, reserved 26624K
}
Event: 19782.378 GC heap after
{Heap after GC invocations=27140 (full 4):
 def new generation   total 2895296K, used 7848K [0x00007f95d0600000, 0x00007f9694b90000, 0x00007f9b25b50000)
  eden space 2573632K,   0% used [0x00007f95d0600000, 0x00007f95d0600000, 0x00007f966d750000)
  from space 321664K,   2% used [0x00007f966d750000, 0x00007f966defa0c0, 0x00007f9681170000)
  to   space 321664K,   0% used [0x00007f9681170000, 0x00007f9681170000, 0x00007f9694b90000)
 tenured generation   total 6433832K, used 6433234K [0x00007f9b25b50000, 0x00007f9cae65a000, 0x00007fa5d0600000)
   the space 6433832K,  99% used [0x00007f9b25b50000, 0x00007f9cae5c4b88, 0x00007f9cae5c4c00, 0x00007f9cae65a000)
 Metaspace       used 24195K, capacity 24581K, committed 24832K, reserved 26624K
}
Event: 19783.933 GC heap before
{Heap before GC invocations=27140 (full 4):
 def new generation   total 2895296K, used 2581480K [0x00007f95d0600000, 0x00007f9694b90000, 0x00007f9b25b50000)
  eden space 2573632K, 100% used [0x00007f95d0600000, 0x00007f966d750000, 0x00007f966d750000)
  from space 321664K,   2% used [0x00007f966d750000, 0x00007f966defa0c0, 0x00007f9681170000)
  to   space 321664K,   0% used [0x00007f9681170000, 0x00007f9681170000, 0x00007f9694b90000)
 tenured generation   total 6433832K, used 6433234K [0x00007f9b25b50000, 0x00007f9cae65a000, 0x00007fa5d0600000)
   the space 6433832K,  99% used [0x00007f9b25b50000, 0x00007f9cae5c4b88, 0x00007f9cae5c4c00, 0x00007f9cae65a000)
 Metaspace       used 24195K, capacity 24581K, committed 24832K, reserved 26624K
}
Event: 19783.948 GC heap after
{Heap after GC invocations=27141 (full 4):
 def new generation   total 2895296K, used 7868K [0x00007f95d0600000, 0x00007f9694b90000, 0x00007f9b25b50000)
  eden space 2573632K,   0% used [0x00007f95d0600000, 0x00007f95d0600000, 0x00007f966d750000)
  from space 321664K,   2% used [0x00007f9681170000, 0x00007f968191f1d8, 0x00007f9694b90000)
  to   space 321664K,   0% used [0x00007f966d750000, 0x00007f966d750000, 0x00007f9681170000)
 tenured generation   total 6433832K, used 6433750K [0x00007f9b25b50000, 0x00007f9cae65a000, 0x00007fa5d0600000)
   the space 6433832K,  99% used [0x00007f9b25b50000, 0x00007f9cae645828, 0x00007f9cae645a00, 0x00007f9cae65a000)
 Metaspace       used 24195K, capacity 24581K, committed 24832K, reserved 26624K
}
Event: 19785.456 GC heap before
{Heap before GC invocations=27141 (full 4):
 def new generation   total 2895296K, used 2581500K [0x00007f95d0600000, 0x00007f9694b90000, 0x00007f9b25b50000)
  eden space 2573632K, 100% used [0x00007f95d0600000, 0x00007f966d750000, 0x00007f966d750000)
  from space 321664K,   2% used [0x00007f9681170000, 0x00007f968191f1d8, 0x00007f9694b90000)
  to   space 321664K,   0% used [0x00007f966d750000, 0x00007f966d750000, 0x00007f9681170000)
 tenured generation   total 6433832K, used 6433750K [0x00007f9b25b50000, 0x00007f9cae65a000, 0x00007fa5d0600000)
   the space 6433832K,  99% used [0x00007f9b25b50000, 0x00007f9cae645828, 0x00007f9cae645a00, 0x00007f9cae65a000)
 Metaspace       used 24195K, capacity 24581K, committed 24832K, reserved 26624K
}
Event: 19785.473 GC heap after
{Heap after GC invocations=27142 (full 4):
 def new generation   total 2895296K, used 7830K [0x00007f95d0600000, 0x00007f9694b90000, 0x00007f9b25b50000)
  eden space 2573632K,   0% used [0x00007f95d0600000, 0x00007f95d0600000, 0x00007f966d750000)
  from space 321664K,   2% used [0x00007f966d750000, 0x00007f966def5980, 0x00007f9681170000)
  to   space 321664K,   0% used [0x00007f9681170000, 0x00007f9681170000, 0x00007f9694b90000)
 tenured generation   total 6434408K, used 6434265K [0x00007f9b25b50000, 0x00007f9cae6ea000, 0x00007fa5d0600000)
   the space 6434408K,  99% used [0x00007f9b25b50000, 0x00007f9cae6c64c8, 0x00007f9cae6c6600, 0x00007f9cae6ea000)
 Metaspace       used 24195K, capacity 24581K, committed 24832K, reserved 26624K
}
Event: 19785.473 GC heap before
{Heap before GC invocations=27142 (full 4):
 def new generation   total 2895296K, used 7830K [0x00007f95d0600000, 0x00007f9694b90000, 0x00007f9b25b50000)
  eden space 2573632K,   0% used [0x00007f95d0600000, 0x00007f95d0600000, 0x00007f966d750000)
  from space 321664K,   2% used [0x00007f966d750000, 0x00007f966def5980, 0x00007f9681170000)
  to   space 321664K,   0% used [0x00007f9681170000, 0x00007f9681170000, 0x00007f9694b90000)
 tenured generation   total 6434408K, used 6434265K [0x00007f9b25b50000, 0x00007f9cae6ea000, 0x00007fa5d0600000)
   the space 6434408K,  99% used [0x00007f9b25b50000, 0x00007f9cae6c64c8, 0x00007f9cae6c6600, 0x00007f9cae6ea000)
 Metaspace       used 24195K, capacity 24581K, committed 24832K, reserved 26624K
}

