# JRE version: OpenJDK Runtime Environment (13.0.7+5) (build 13.0.7+5-Ubuntu-0ubuntu120.04)
# Java VM: OpenJDK 64-Bit Server VM (13.0.7+5-Ubuntu-0ubuntu120.04, mixed mode, tiered, serial gc, linux-amd64)
Heap:
 def new generation   total 1748160K, used 0K [0x00007f1414600000, 0x00007f148aed0000, 0x00007f1969b50000)
  eden space 1553984K,   0% used [0x00007f1414600000, 0x00007f1414600000, 0x00007f1473390000)
  from space 194176K,   0% used [0x00007f1473390000, 0x00007f1473390000, 0x00007f147f130000)
  to   space 194176K,   0% used [0x00007f147f130000, 0x00007f147f130000, 0x00007f148aed0000)
 tenured generation   total 3885164K, used 3872345K [0x00007f1969b50000, 0x00007f1a56d6b000, 0x00007f2414600000)
   the space 3885164K,  99% used [0x00007f1969b50000, 0x00007f1a560e67f0, 0x00007f1a560e6800, 0x00007f1a56d6b000)
 Metaspace       used 24347K, capacity 24769K, committed 24832K, reserved 26624K
GC Heap History (20 events):
Event: 5382.310 GC heap after
{Heap after GC invocations=13052 (full 3):
 def new generation   total 1748160K, used 7274K [0x00007f1414600000, 0x00007f148aed0000, 0x00007f1969b50000)
  eden space 1553984K,   0% used [0x00007f1414600000, 0x00007f1414600000, 0x00007f1473390000)
  from space 194176K,   3% used [0x00007f147f130000, 0x00007f147f84a820, 0x00007f148aed0000)
  to   space 194176K,   0% used [0x00007f1473390000, 0x00007f1473390000, 0x00007f147f130000)
 tenured generation   total 3884588K, used 3880736K [0x00007f1969b50000, 0x00007f1a56cdb000, 0x00007f2414600000)
   the space 3884588K,  99% used [0x00007f1969b50000, 0x00007f1a569181e8, 0x00007f1a56918200, 0x00007f1a56cdb000)
 Metaspace       used 24347K, capacity 24769K, committed 24832K, reserved 26624K
}
Event: 5383.059 GC heap before
{Heap before GC invocations=13052 (full 3):
 def new generation   total 1748160K, used 1561258K [0x00007f1414600000, 0x00007f148aed0000, 0x00007f1969b50000)
  eden space 1553984K, 100% used [0x00007f1414600000, 0x00007f1473390000, 0x00007f1473390000)
  from space 194176K,   3% used [0x00007f147f130000, 0x00007f147f84a820, 0x00007f148aed0000)
  to   space 194176K,   0% used [0x00007f1473390000, 0x00007f1473390000, 0x00007f147f130000)
 tenured generation   total 3884588K, used 3880736K [0x00007f1969b50000, 0x00007f1a56cdb000, 0x00007f2414600000)
   the space 3884588K,  99% used [0x00007f1969b50000, 0x00007f1a569181e8, 0x00007f1a56918200, 0x00007f1a56cdb000)
 Metaspace       used 24347K, capacity 24769K, committed 24832K, reserved 26624K
}
Event: 5383.063 GC heap after
{Heap after GC invocations=13053 (full 3):
 def new generation   total 1748160K, used 7188K [0x00007f1414600000, 0x00007f148aed0000, 0x00007f1969b50000)
  eden space 1553984K,   0% used [0x00007f1414600000, 0x00007f1414600000, 0x00007f1473390000)
  from space 194176K,   3% used [0x00007f1473390000, 0x00007f1473a95248, 0x00007f147f130000)
  to   space 194176K,   0% used [0x00007f147f130000, 0x00007f147f130000, 0x00007f148aed0000)
 tenured generation   total 3884588K, used 3881197K [0x00007f1969b50000, 0x00007f1a56cdb000, 0x00007f2414600000)
   the space 3884588K,  99% used [0x00007f1969b50000, 0x00007f1a5698b670, 0x00007f1a5698b800, 0x00007f1a56cdb000)
 Metaspace       used 24347K, capacity 24769K, committed 24832K, reserved 26624K
}
Event: 5383.803 GC heap before
{Heap before GC invocations=13053 (full 3):
 def new generation   total 1748160K, used 1561172K [0x00007f1414600000, 0x00007f148aed0000, 0x00007f1969b50000)
  eden space 1553984K, 100% used [0x00007f1414600000, 0x00007f1473390000, 0x00007f1473390000)
  from space 194176K,   3% used [0x00007f1473390000, 0x00007f1473a95248, 0x00007f147f130000)
  to   space 194176K,   0% used [0x00007f147f130000, 0x00007f147f130000, 0x00007f148aed0000)
 tenured generation   total 3884588K, used 3881197K [0x00007f1969b50000, 0x00007f1a56cdb000, 0x00007f2414600000)
   the space 3884588K,  99% used [0x00007f1969b50000, 0x00007f1a5698b670, 0x00007f1a5698b800, 0x00007f1a56cdb000)
 Metaspace       used 24347K, capacity 24769K, committed 24832K, reserved 26624K
}
Event: 5383.807 GC heap after
{Heap after GC invocations=13054 (full 3):
 def new generation   total 1748160K, used 7368K [0x00007f1414600000, 0x00007f148aed0000, 0x00007f1969b50000)
  eden space 1553984K,   0% used [0x00007f1414600000, 0x00007f1414600000, 0x00007f1473390000)
  from space 194176K,   3% used [0x00007f147f130000, 0x00007f147f8622d8, 0x00007f148aed0000)
  to   space 194176K,   0% used [0x00007f1473390000, 0x00007f1473390000, 0x00007f147f130000)
 tenured generation   total 3884588K, used 3881658K [0x00007f1969b50000, 0x00007f1a56cdb000, 0x00007f2414600000)
   the space 3884588K,  99% used [0x00007f1969b50000, 0x00007f1a569feaf8, 0x00007f1a569fec00, 0x00007f1a56cdb000)
 Metaspace       used 24347K, capacity 24769K, committed 24832K, reserved 26624K
}
Event: 5384.547 GC heap before
{Heap before GC invocations=13054 (full 3):
 def new generation   total 1748160K, used 1561352K [0x00007f1414600000, 0x00007f148aed0000, 0x00007f1969b50000)
  eden space 1553984K,  99% used [0x00007f1414600000, 0x00007f147338ffb8, 0x00007f1473390000)
  from space 194176K,   3% used [0x00007f147f130000, 0x00007f147f8622d8, 0x00007f148aed0000)
  to   space 194176K,   0% used [0x00007f1473390000, 0x00007f1473390000, 0x00007f147f130000)
 tenured generation   total 3884588K, used 3881658K [0x00007f1969b50000, 0x00007f1a56cdb000, 0x00007f2414600000)
   the space 3884588K,  99% used [0x00007f1969b50000, 0x00007f1a569feaf8, 0x00007f1a569fec00, 0x00007f1a56cdb000)
 Metaspace       used 24347K, capacity 24769K, committed 24832K, reserved 26624K
}
Event: 5384.551 GC heap after
{Heap after GC invocations=13055 (full 3):
 def new generation   total 1748160K, used 7357K [0x00007f1414600000, 0x00007f148aed0000, 0x00007f1969b50000)
  eden space 1553984K,   0% used [0x00007f1414600000, 0x00007f1414600000, 0x00007f1473390000)
  from space 194176K,   3% used [0x00007f1473390000, 0x00007f1473abf510, 0x00007f147f130000)
  to   space 194176K,   0% used [0x00007f147f130000, 0x00007f147f130000, 0x00007f148aed0000)
 tenured generation   total 3884588K, used 3882212K [0x00007f1969b50000, 0x00007f1a56cdb000, 0x00007f2414600000)
   the space 3884588K,  99% used [0x00007f1969b50000, 0x00007f1a56a89068, 0x00007f1a56a89200, 0x00007f1a56cdb000)
 Metaspace       used 24347K, capacity 24769K, committed 24832K, reserved 26624K
}
Event: 5385.296 GC heap before
{Heap before GC invocations=13055 (full 3):
 def new generation   total 1748160K, used 1561341K [0x00007f1414600000, 0x00007f148aed0000, 0x00007f1969b50000)
  eden space 1553984K, 100% used [0x00007f1414600000, 0x00007f1473390000, 0x00007f1473390000)
  from space 194176K,   3% used [0x00007f1473390000, 0x00007f1473abf510, 0x00007f147f130000)
  to   space 194176K,   0% used [0x00007f147f130000, 0x00007f147f130000, 0x00007f148aed0000)
 tenured generation   total 3884588K, used 3882212K [0x00007f1969b50000, 0x00007f1a56cdb000, 0x00007f2414600000)
   the space 3884588K,  99% used [0x00007f1969b50000, 0x00007f1a56a89068, 0x00007f1a56a89200, 0x00007f1a56cdb000)
 Metaspace       used 24347K, capacity 24769K, committed 24832K, reserved 26624K
}
Event: 5385.300 GC heap after
{Heap after GC invocations=13056 (full 3):
 def new generation   total 1748160K, used 7537K [0x00007f1414600000, 0x00007f148aed0000, 0x00007f1969b50000)
  eden space 1553984K,   0% used [0x00007f1414600000, 0x00007f1414600000, 0x00007f1473390000)
  from space 194176K,   3% used [0x00007f147f130000, 0x00007f147f88c5f0, 0x00007f148aed0000)
  to   space 194176K,   0% used [0x00007f1473390000, 0x00007f1473390000, 0x00007f147f130000)
 tenured generation   total 3884588K, used 3882673K [0x00007f1969b50000, 0x00007f1a56cdb000, 0x00007f2414600000)
   the space 3884588K,  99% used [0x00007f1969b50000, 0x00007f1a56afc4f0, 0x00007f1a56afc600, 0x00007f1a56cdb000)
 Metaspace       used 24347K, capacity 24769K, committed 24832K, reserved 26624K
}
Event: 5386.042 GC heap before
{Heap before GC invocations=13056 (full 3):
 def new generation   total 1748160K, used 1561521K [0x00007f1414600000, 0x00007f148aed0000, 0x00007f1969b50000)
  eden space 1553984K,  99% used [0x00007f1414600000, 0x00007f147338ffd0, 0x00007f1473390000)
  from space 194176K,   3% used [0x00007f147f130000, 0x00007f147f88c5f0, 0x00007f148aed0000)
  to   space 194176K,   0% used [0x00007f1473390000, 0x00007f1473390000, 0x00007f147f130000)
 tenured generation   total 3884588K, used 3882673K [0x00007f1969b50000, 0x00007f1a56cdb000, 0x00007f2414600000)
   the space 3884588K,  99% used [0x00007f1969b50000, 0x00007f1a56afc4f0, 0x00007f1a56afc600, 0x00007f1a56cdb000)
 Metaspace       used 24347K, capacity 24769K, committed 24832K, reserved 26624K
}
Event: 5386.046 GC heap after
{Heap after GC invocations=13057 (full 3):
 def new generation   total 1748160K, used 7725K [0x00007f1414600000, 0x00007f148aed0000, 0x00007f1969b50000)
  eden space 1553984K,   0% used [0x00007f1414600000, 0x00007f1414600000, 0x00007f1473390000)
  from space 194176K,   3% used [0x00007f1473390000, 0x00007f1473b1b520, 0x00007f147f130000)
  to   space 194176K,   0% used [0x00007f147f130000, 0x00007f147f130000, 0x00007f148aed0000)
 tenured generation   total 3884588K, used 3883134K [0x00007f1969b50000, 0x00007f1a56cdb000, 0x00007f2414600000)
   the space 3884588K,  99% used [0x00007f1969b50000, 0x00007f1a56b6f978, 0x00007f1a56b6fa00, 0x00007f1a56cdb000)
 Metaspace       used 24347K, capacity 24769K, committed 24832K, reserved 26624K
}
Event: 5386.788 GC heap before
{Heap before GC invocations=13057 (full 3):
 def new generation   total 1748160K, used 1561709K [0x00007f1414600000, 0x00007f148aed0000, 0x00007f1969b50000)
  eden space 1553984K, 100% used [0x00007f1414600000, 0x00007f1473390000, 0x00007f1473390000)
  from space 194176K,   3% used [0x00007f1473390000, 0x00007f1473b1b520, 0x00007f147f130000)
  to   space 194176K,   0% used [0x00007f147f130000, 0x00007f147f130000, 0x00007f148aed0000)
 tenured generation   total 3884588K, used 3883134K [0x00007f1969b50000, 0x00007f1a56cdb000, 0x00007f2414600000)
   the space 3884588K,  99% used [0x00007f1969b50000, 0x00007f1a56b6f978, 0x00007f1a56b6fa00, 0x00007f1a56cdb000)
 Metaspace       used 24347K, capacity 24769K, committed 24832K, reserved 26624K
}
Event: 5386.792 GC heap after
{Heap after GC invocations=13058 (full 3):
 def new generation   total 1748160K, used 7901K [0x00007f1414600000, 0x00007f148aed0000, 0x00007f1969b50000)
  eden space 1553984K,   0% used [0x00007f1414600000, 0x00007f1414600000, 0x00007f1473390000)
  from space 194176K,   4% used [0x00007f147f130000, 0x00007f147f8e7440, 0x00007f148aed0000)
  to   space 194176K,   0% used [0x00007f1473390000, 0x00007f1473390000, 0x00007f147f130000)
 tenured generation   total 3884588K, used 3883595K [0x00007f1969b50000, 0x00007f1a56cdb000, 0x00007f2414600000)
   the space 3884588K,  99% used [0x00007f1969b50000, 0x00007f1a56be2e00, 0x00007f1a56be2e00, 0x00007f1a56cdb000)
 Metaspace       used 24347K, capacity 24769K, committed 24832K, reserved 26624K
}
Event: 5387.538 GC heap before
{Heap before GC invocations=13058 (full 3):
 def new generation   total 1748160K, used 1561885K [0x00007f1414600000, 0x00007f148aed0000, 0x00007f1969b50000)
  eden space 1553984K, 100% used [0x00007f1414600000, 0x00007f1473390000, 0x00007f1473390000)
  from space 194176K,   4% used [0x00007f147f130000, 0x00007f147f8e7440, 0x00007f148aed0000)
  to   space 194176K,   0% used [0x00007f1473390000, 0x00007f1473390000, 0x00007f147f130000)
 tenured generation   total 3884588K, used 3883595K [0x00007f1969b50000, 0x00007f1a56cdb000, 0x00007f2414600000)
   the space 3884588K,  99% used [0x00007f1969b50000, 0x00007f1a56be2e00, 0x00007f1a56be2e00, 0x00007f1a56cdb000)
 Metaspace       used 24347K, capacity 24769K, committed 24832K, reserved 26624K
}
Event: 5387.542 GC heap after
{Heap after GC invocations=13059 (full 3):
 def new generation   total 1748160K, used 8047K [0x00007f1414600000, 0x00007f148aed0000, 0x00007f1969b50000)
  eden space 1553984K,   0% used [0x00007f1414600000, 0x00007f1414600000, 0x00007f1473390000)
  from space 194176K,   4% used [0x00007f1473390000, 0x00007f1473b6bf98, 0x00007f147f130000)
  to   space 194176K,   0% used [0x00007f147f130000, 0x00007f147f130000, 0x00007f148aed0000)
 tenured generation   total 3884588K, used 3884056K [0x00007f1969b50000, 0x00007f1a56cdb000, 0x00007f2414600000)
   the space 3884588K,  99% used [0x00007f1969b50000, 0x00007f1a56c56288, 0x00007f1a56c56400, 0x00007f1a56cdb000)
 Metaspace       used 24347K, capacity 24769K, committed 24832K, reserved 26624K
}
Event: 5388.282 GC heap before
{Heap before GC invocations=13059 (full 3):
 def new generation   total 1748160K, used 1562031K [0x00007f1414600000, 0x00007f148aed0000, 0x00007f1969b50000)
  eden space 1553984K, 100% used [0x00007f1414600000, 0x00007f1473390000, 0x00007f1473390000)
  from space 194176K,   4% used [0x00007f1473390000, 0x00007f1473b6bf98, 0x00007f147f130000)
  to   space 194176K,   0% used [0x00007f147f130000, 0x00007f147f130000, 0x00007f148aed0000)
 tenured generation   total 3884588K, used 3884056K [0x00007f1969b50000, 0x00007f1a56cdb000, 0x00007f2414600000)
   the space 3884588K,  99% used [0x00007f1969b50000, 0x00007f1a56c56288, 0x00007f1a56c56400, 0x00007f1a56cdb000)
 Metaspace       used 24347K, capacity 24769K, committed 24832K, reserved 26624K
}
Event: 5388.286 GC heap after
{Heap after GC invocations=13060 (full 3):
 def new generation   total 1748160K, used 8184K [0x00007f1414600000, 0x00007f148aed0000, 0x00007f1969b50000)
  eden space 1553984K,   0% used [0x00007f1414600000, 0x00007f1414600000, 0x00007f1473390000)
  from space 194176K,   4% used [0x00007f147f130000, 0x00007f147f92e1e8, 0x00007f148aed0000)
  to   space 194176K,   0% used [0x00007f1473390000, 0x00007f1473390000, 0x00007f147f130000)
 tenured generation   total 3884588K, used 3884517K [0x00007f1969b50000, 0x00007f1a56cdb000, 0x00007f2414600000)
   the space 3884588K,  99% used [0x00007f1969b50000, 0x00007f1a56cc9710, 0x00007f1a56cc9800, 0x00007f1a56cdb000)
 Metaspace       used 24347K, capacity 24769K, committed 24832K, reserved 26624K
}
Event: 5389.025 GC heap before
{Heap before GC invocations=13060 (full 3):
 def new generation   total 1748160K, used 1562168K [0x00007f1414600000, 0x00007f148aed0000, 0x00007f1969b50000)
  eden space 1553984K, 100% used [0x00007f1414600000, 0x00007f1473390000, 0x00007f1473390000)
  from space 194176K,   4% used [0x00007f147f130000, 0x00007f147f92e1e8, 0x00007f148aed0000)
  to   space 194176K,   0% used [0x00007f1473390000, 0x00007f1473390000, 0x00007f147f130000)
 tenured generation   total 3884588K, used 3884517K [0x00007f1969b50000, 0x00007f1a56cdb000, 0x00007f2414600000)
   the space 3884588K,  99% used [0x00007f1969b50000, 0x00007f1a56cc9710, 0x00007f1a56cc9800, 0x00007f1a56cdb000)
 Metaspace       used 24347K, capacity 24769K, committed 24832K, reserved 26624K
}
Event: 5389.030 GC heap after
{Heap after GC invocations=13061 (full 3):
 def new generation   total 1748160K, used 8373K [0x00007f1414600000, 0x00007f148aed0000, 0x00007f1969b50000)
  eden space 1553984K,   0% used [0x00007f1414600000, 0x00007f1414600000, 0x00007f1473390000)
  from space 194176K,   4% used [0x00007f1473390000, 0x00007f1473bbd518, 0x00007f147f130000)
  to   space 194176K,   0% used [0x00007f147f130000, 0x00007f147f130000, 0x00007f148aed0000)
 tenured generation   total 3885164K, used 3884978K [0x00007f1969b50000, 0x00007f1a56d6b000, 0x00007f2414600000)
   the space 3885164K,  99% used [0x00007f1969b50000, 0x00007f1a56d3cb98, 0x00007f1a56d3cc00, 0x00007f1a56d6b000)
 Metaspace       used 24347K, capacity 24769K, committed 24832K, reserved 26624K
}
Event: 5389.030 GC heap before
{Heap before GC invocations=13061 (full 3):
 def new generation   total 1748160K, used 8373K [0x00007f1414600000, 0x00007f148aed0000, 0x00007f1969b50000)
  eden space 1553984K,   0% used [0x00007f1414600000, 0x00007f1414600000, 0x00007f1473390000)
  from space 194176K,   4% used [0x00007f1473390000, 0x00007f1473bbd518, 0x00007f147f130000)
  to   space 194176K,   0% used [0x00007f147f130000, 0x00007f147f130000, 0x00007f148aed0000)
 tenured generation   total 3885164K, used 3884978K [0x00007f1969b50000, 0x00007f1a56d6b000, 0x00007f2414600000)
   the space 3885164K,  99% used [0x00007f1969b50000, 0x00007f1a56d3cb98, 0x00007f1a56d3cc00, 0x00007f1a56d6b000)
 Metaspace       used 24347K, capacity 24769K, committed 24832K, reserved 26624K
}

