# JRE version: OpenJDK Runtime Environment (13.0.7+5) (build 13.0.7+5-Ubuntu-0ubuntu120.04)
# Java VM: OpenJDK 64-Bit Server VM (13.0.7+5-Ubuntu-0ubuntu120.04, mixed mode, tiered, serial gc, linux-amd64)
Heap:
 def new generation   total 1748992K, used 3691K [0x00007f71c8600000, 0x00007f723efc0000, 0x00007f771db50000)
  eden space 1554688K,   0% used [0x00007f71c8600000, 0x00007f71c899aff0, 0x00007f7227440000)
  from space 194304K,   0% used [0x00007f7227440000, 0x00007f7227440000, 0x00007f7233200000)
  to   space 194304K,   0% used [0x00007f7233200000, 0x00007f7233200000, 0x00007f723efc0000)
 tenured generation   total 3890504K, used 3890503K [0x00007f771db50000, 0x00007f780b2a2000, 0x00007f81c8600000)
   the space 3890504K,  99% used [0x00007f771db50000, 0x00007f780b2a1fe0, 0x00007f780b2a2000, 0x00007f780b2a2000)
 Metaspace       used 24237K, capacity 24705K, committed 24832K, reserved 26624K
GC Heap History (20 events):
Event: 2322.377 GC heap after
{Heap after GC invocations=5125 (full 3):
 def new generation   total 1748992K, used 18624K [0x00007f71c8600000, 0x00007f723efc0000, 0x00007f771db50000)
  eden space 1554688K,   0% used [0x00007f71c8600000, 0x00007f71c8600000, 0x00007f7227440000)
  from space 194304K,   9% used [0x00007f7233200000, 0x00007f72344303b8, 0x00007f723efc0000)
  to   space 194304K,   0% used [0x00007f7227440000, 0x00007f7227440000, 0x00007f7233200000)
 tenured generation   total 3886472K, used 3878672K [0x00007f771db50000, 0x00007f780aeb2000, 0x00007f81c8600000)
   the space 3886472K,  99% used [0x00007f771db50000, 0x00007f780a7142c0, 0x00007f780a714400, 0x00007f780aeb2000)
 Metaspace       used 24237K, capacity 24705K, committed 24832K, reserved 26624K
}
Event: 2323.156 GC heap before
{Heap before GC invocations=5125 (full 3):
 def new generation   total 1748992K, used 1573312K [0x00007f71c8600000, 0x00007f723efc0000, 0x00007f771db50000)
  eden space 1554688K, 100% used [0x00007f71c8600000, 0x00007f7227440000, 0x00007f7227440000)
  from space 194304K,   9% used [0x00007f7233200000, 0x00007f72344303b8, 0x00007f723efc0000)
  to   space 194304K,   0% used [0x00007f7227440000, 0x00007f7227440000, 0x00007f7233200000)
 tenured generation   total 3886472K, used 3878672K [0x00007f771db50000, 0x00007f780aeb2000, 0x00007f81c8600000)
   the space 3886472K,  99% used [0x00007f771db50000, 0x00007f780a7142c0, 0x00007f780a714400, 0x00007f780aeb2000)
 Metaspace       used 24237K, capacity 24705K, committed 24832K, reserved 26624K
}
Event: 2323.166 GC heap after
{Heap after GC invocations=5126 (full 3):
 def new generation   total 1748992K, used 19214K [0x00007f71c8600000, 0x00007f723efc0000, 0x00007f771db50000)
  eden space 1554688K,   0% used [0x00007f71c8600000, 0x00007f71c8600000, 0x00007f7227440000)
  from space 194304K,   9% used [0x00007f7227440000, 0x00007f7228703b70, 0x00007f7233200000)
  to   space 194304K,   0% used [0x00007f7233200000, 0x00007f7233200000, 0x00007f723efc0000)
 tenured generation   total 3886472K, used 3879162K [0x00007f771db50000, 0x00007f780aeb2000, 0x00007f81c8600000)
   the space 3886472K,  99% used [0x00007f771db50000, 0x00007f780a78ebb8, 0x00007f780a78ec00, 0x00007f780aeb2000)
 Metaspace       used 24237K, capacity 24705K, committed 24832K, reserved 26624K
}
Event: 2323.905 GC heap before
{Heap before GC invocations=5126 (full 3):
 def new generation   total 1748992K, used 1573902K [0x00007f71c8600000, 0x00007f723efc0000, 0x00007f771db50000)
  eden space 1554688K, 100% used [0x00007f71c8600000, 0x00007f7227440000, 0x00007f7227440000)
  from space 194304K,   9% used [0x00007f7227440000, 0x00007f7228703b70, 0x00007f7233200000)
  to   space 194304K,   0% used [0x00007f7233200000, 0x00007f7233200000, 0x00007f723efc0000)
 tenured generation   total 3886472K, used 3879162K [0x00007f771db50000, 0x00007f780aeb2000, 0x00007f81c8600000)
   the space 3886472K,  99% used [0x00007f771db50000, 0x00007f780a78ebb8, 0x00007f780a78ec00, 0x00007f780aeb2000)
 Metaspace       used 24237K, capacity 24705K, committed 24832K, reserved 26624K
}
Event: 2323.919 GC heap after
{Heap after GC invocations=5127 (full 3):
 def new generation   total 1748992K, used 22669K [0x00007f71c8600000, 0x00007f723efc0000, 0x00007f771db50000)
  eden space 1554688K,   0% used [0x00007f71c8600000, 0x00007f71c8600000, 0x00007f7227440000)
  from space 194304K,  11% used [0x00007f7233200000, 0x00007f7234823400, 0x00007f723efc0000)
  to   space 194304K,   0% used [0x00007f7227440000, 0x00007f7227440000, 0x00007f7233200000)
 tenured generation   total 3886472K, used 3879698K [0x00007f771db50000, 0x00007f780aeb2000, 0x00007f81c8600000)
   the space 3886472K,  99% used [0x00007f771db50000, 0x00007f780a814ae8, 0x00007f780a814c00, 0x00007f780aeb2000)
 Metaspace       used 24237K, capacity 24705K, committed 24832K, reserved 26624K
}
Event: 2324.654 GC heap before
{Heap before GC invocations=5127 (full 3):
 def new generation   total 1748992K, used 1577357K [0x00007f71c8600000, 0x00007f723efc0000, 0x00007f771db50000)
  eden space 1554688K, 100% used [0x00007f71c8600000, 0x00007f7227440000, 0x00007f7227440000)
  from space 194304K,  11% used [0x00007f7233200000, 0x00007f7234823400, 0x00007f723efc0000)
  to   space 194304K,   0% used [0x00007f7227440000, 0x00007f7227440000, 0x00007f7233200000)
 tenured generation   total 3886472K, used 3879698K [0x00007f771db50000, 0x00007f780aeb2000, 0x00007f81c8600000)
   the space 3886472K,  99% used [0x00007f771db50000, 0x00007f780a814ae8, 0x00007f780a814c00, 0x00007f780aeb2000)
 Metaspace       used 24237K, capacity 24705K, committed 24832K, reserved 26624K
}
Event: 2324.671 GC heap after
{Heap after GC invocations=5128 (full 3):
 def new generation   total 1748992K, used 26136K [0x00007f71c8600000, 0x00007f723efc0000, 0x00007f771db50000)
  eden space 1554688K,   0% used [0x00007f71c8600000, 0x00007f71c8600000, 0x00007f7227440000)
  from space 194304K,  13% used [0x00007f7227440000, 0x00007f7228dc63c8, 0x00007f7233200000)
  to   space 194304K,   0% used [0x00007f7233200000, 0x00007f7233200000, 0x00007f723efc0000)
 tenured generation   total 3886472K, used 3880330K [0x00007f771db50000, 0x00007f780aeb2000, 0x00007f81c8600000)
   the space 3886472K,  99% used [0x00007f771db50000, 0x00007f780a8b29c8, 0x00007f780a8b2a00, 0x00007f780aeb2000)
 Metaspace       used 24237K, capacity 24705K, committed 24832K, reserved 26624K
}
Event: 2325.417 GC heap before
{Heap before GC invocations=5128 (full 3):
 def new generation   total 1748992K, used 1580824K [0x00007f71c8600000, 0x00007f723efc0000, 0x00007f771db50000)
  eden space 1554688K, 100% used [0x00007f71c8600000, 0x00007f7227440000, 0x00007f7227440000)
  from space 194304K,  13% used [0x00007f7227440000, 0x00007f7228dc63c8, 0x00007f7233200000)
  to   space 194304K,   0% used [0x00007f7233200000, 0x00007f7233200000, 0x00007f723efc0000)
 tenured generation   total 3886472K, used 3880330K [0x00007f771db50000, 0x00007f780aeb2000, 0x00007f81c8600000)
   the space 3886472K,  99% used [0x00007f771db50000, 0x00007f780a8b29c8, 0x00007f780a8b2a00, 0x00007f780aeb2000)
 Metaspace       used 24237K, capacity 24705K, committed 24832K, reserved 26624K
}
Event: 2325.435 GC heap after
{Heap after GC invocations=5129 (full 3):
 def new generation   total 1748992K, used 29611K [0x00007f71c8600000, 0x00007f723efc0000, 0x00007f771db50000)
  eden space 1554688K,   0% used [0x00007f71c8600000, 0x00007f71c8600000, 0x00007f7227440000)
  from space 194304K,  15% used [0x00007f7233200000, 0x00007f7234eeaf28, 0x00007f723efc0000)
  to   space 194304K,   0% used [0x00007f7227440000, 0x00007f7227440000, 0x00007f7233200000)
 tenured generation   total 3886472K, used 3880913K [0x00007f771db50000, 0x00007f780aeb2000, 0x00007f81c8600000)
   the space 3886472K,  99% used [0x00007f771db50000, 0x00007f780a944648, 0x00007f780a944800, 0x00007f780aeb2000)
 Metaspace       used 24237K, capacity 24705K, committed 24832K, reserved 26624K
}
Event: 2326.169 GC heap before
{Heap before GC invocations=5129 (full 3):
 def new generation   total 1748992K, used 1584299K [0x00007f71c8600000, 0x00007f723efc0000, 0x00007f771db50000)
  eden space 1554688K, 100% used [0x00007f71c8600000, 0x00007f7227440000, 0x00007f7227440000)
  from space 194304K,  15% used [0x00007f7233200000, 0x00007f7234eeaf28, 0x00007f723efc0000)
  to   space 194304K,   0% used [0x00007f7227440000, 0x00007f7227440000, 0x00007f7233200000)
 tenured generation   total 3886472K, used 3880913K [0x00007f771db50000, 0x00007f780aeb2000, 0x00007f81c8600000)
   the space 3886472K,  99% used [0x00007f771db50000, 0x00007f780a944648, 0x00007f780a944800, 0x00007f780aeb2000)
 Metaspace       used 24237K, capacity 24705K, committed 24832K, reserved 26624K
}
Event: 2326.187 GC heap after
{Heap after GC invocations=5130 (full 3):
 def new generation   total 1748992K, used 33080K [0x00007f71c8600000, 0x00007f723efc0000, 0x00007f771db50000)
  eden space 1554688K,   0% used [0x00007f71c8600000, 0x00007f71c8600000, 0x00007f7227440000)
  from space 194304K,  17% used [0x00007f7227440000, 0x00007f722948e0e0, 0x00007f7233200000)
  to   space 194304K,   0% used [0x00007f7233200000, 0x00007f7233200000, 0x00007f723efc0000)
 tenured generation   total 3886472K, used 3881496K [0x00007f771db50000, 0x00007f780aeb2000, 0x00007f81c8600000)
   the space 3886472K,  99% used [0x00007f771db50000, 0x00007f780a9d62c8, 0x00007f780a9d6400, 0x00007f780aeb2000)
 Metaspace       used 24237K, capacity 24705K, committed 24832K, reserved 26624K
}
Event: 2326.924 GC heap before
{Heap before GC invocations=5130 (full 3):
 def new generation   total 1748992K, used 1587768K [0x00007f71c8600000, 0x00007f723efc0000, 0x00007f771db50000)
  eden space 1554688K, 100% used [0x00007f71c8600000, 0x00007f7227440000, 0x00007f7227440000)
  from space 194304K,  17% used [0x00007f7227440000, 0x00007f722948e0e0, 0x00007f7233200000)
  to   space 194304K,   0% used [0x00007f7233200000, 0x00007f7233200000, 0x00007f723efc0000)
 tenured generation   total 3886472K, used 3881496K [0x00007f771db50000, 0x00007f780aeb2000, 0x00007f81c8600000)
   the space 3886472K,  99% used [0x00007f771db50000, 0x00007f780a9d62c8, 0x00007f780a9d6400, 0x00007f780aeb2000)
 Metaspace       used 24237K, capacity 24705K, committed 24832K, reserved 26624K
}
Event: 2326.944 GC heap after
{Heap after GC invocations=5131 (full 3):
 def new generation   total 1748992K, used 36426K [0x00007f71c8600000, 0x00007f723efc0000, 0x00007f771db50000)
  eden space 1554688K,   0% used [0x00007f71c8600000, 0x00007f71c8600000, 0x00007f7227440000)
  from space 194304K,  18% used [0x00007f7233200000, 0x00007f7235592b18, 0x00007f723efc0000)
  to   space 194304K,   0% used [0x00007f7227440000, 0x00007f7227440000, 0x00007f7233200000)
 tenured generation   total 3886472K, used 3882128K [0x00007f771db50000, 0x00007f780aeb2000, 0x00007f81c8600000)
   the space 3886472K,  99% used [0x00007f771db50000, 0x00007f780aa741a8, 0x00007f780aa74200, 0x00007f780aeb2000)
 Metaspace       used 24237K, capacity 24705K, committed 24832K, reserved 26624K
}
Event: 2327.709 GC heap before
{Heap before GC invocations=5131 (full 3):
 def new generation   total 1748992K, used 1591114K [0x00007f71c8600000, 0x00007f723efc0000, 0x00007f771db50000)
  eden space 1554688K, 100% used [0x00007f71c8600000, 0x00007f7227440000, 0x00007f7227440000)
  from space 194304K,  18% used [0x00007f7233200000, 0x00007f7235592b18, 0x00007f723efc0000)
  to   space 194304K,   0% used [0x00007f7227440000, 0x00007f7227440000, 0x00007f7233200000)
 tenured generation   total 3886472K, used 3882128K [0x00007f771db50000, 0x00007f780aeb2000, 0x00007f81c8600000)
   the space 3886472K,  99% used [0x00007f771db50000, 0x00007f780aa741a8, 0x00007f780aa74200, 0x00007f780aeb2000)
 Metaspace       used 24237K, capacity 24705K, committed 24832K, reserved 26624K
}
Event: 2327.727 GC heap after
{Heap after GC invocations=5132 (full 3):
 def new generation   total 1748992K, used 36634K [0x00007f71c8600000, 0x00007f723efc0000, 0x00007f771db50000)
  eden space 1554688K,   0% used [0x00007f71c8600000, 0x00007f71c8600000, 0x00007f7227440000)
  from space 194304K,  18% used [0x00007f7227440000, 0x00007f7229806b70, 0x00007f7233200000)
  to   space 194304K,   0% used [0x00007f7233200000, 0x00007f7233200000, 0x00007f723efc0000)
 tenured generation   total 3886472K, used 3882711K [0x00007f771db50000, 0x00007f780aeb2000, 0x00007f81c8600000)
   the space 3886472K,  99% used [0x00007f771db50000, 0x00007f780ab05e28, 0x00007f780ab06000, 0x00007f780aeb2000)
 Metaspace       used 24237K, capacity 24705K, committed 24832K, reserved 26624K
}
Event: 2328.528 GC heap before
{Heap before GC invocations=5132 (full 3):
 def new generation   total 1748992K, used 1591322K [0x00007f71c8600000, 0x00007f723efc0000, 0x00007f771db50000)
  eden space 1554688K, 100% used [0x00007f71c8600000, 0x00007f7227440000, 0x00007f7227440000)
  from space 194304K,  18% used [0x00007f7227440000, 0x00007f7229806b70, 0x00007f7233200000)
  to   space 194304K,   0% used [0x00007f7233200000, 0x00007f7233200000, 0x00007f723efc0000)
 tenured generation   total 3886472K, used 3882711K [0x00007f771db50000, 0x00007f780aeb2000, 0x00007f81c8600000)
   the space 3886472K,  99% used [0x00007f771db50000, 0x00007f780ab05e28, 0x00007f780ab06000, 0x00007f780aeb2000)
 Metaspace       used 24237K, capacity 24705K, committed 24832K, reserved 26624K
}
Event: 2328.547 GC heap after
{Heap after GC invocations=5133 (full 3):
 def new generation   total 1748992K, used 35582K [0x00007f71c8600000, 0x00007f723efc0000, 0x00007f771db50000)
  eden space 1554688K,   0% used [0x00007f71c8600000, 0x00007f71c8600000, 0x00007f7227440000)
  from space 194304K,  18% used [0x00007f7233200000, 0x00007f72354bfbe8, 0x00007f723efc0000)
  to   space 194304K,   0% used [0x00007f7227440000, 0x00007f7227440000, 0x00007f7233200000)
 tenured generation   total 3886472K, used 3886383K [0x00007f771db50000, 0x00007f780aeb2000, 0x00007f81c8600000)
   the space 3886472K,  99% used [0x00007f771db50000, 0x00007f780ae9bdb8, 0x00007f780ae9be00, 0x00007f780aeb2000)
 Metaspace       used 24237K, capacity 24705K, committed 24832K, reserved 26624K
}
Event: 2329.363 GC heap before
{Heap before GC invocations=5133 (full 3):
 def new generation   total 1748992K, used 1587000K [0x00007f71c8600000, 0x00007f723efc0000, 0x00007f771db50000)
  eden space 1554688K,  99% used [0x00007f71c8600000, 0x00007f722710e458, 0x00007f7227440000)
  from space 194304K,  18% used [0x00007f7233200000, 0x00007f72354bfbe8, 0x00007f723efc0000)
  to   space 194304K,   0% used [0x00007f7227440000, 0x00007f7227440000, 0x00007f7233200000)
 tenured generation   total 3886472K, used 3886383K [0x00007f771db50000, 0x00007f780aeb2000, 0x00007f81c8600000)
   the space 3886472K,  99% used [0x00007f771db50000, 0x00007f780ae9bdb8, 0x00007f780ae9be00, 0x00007f780aeb2000)
 Metaspace       used 24237K, capacity 24705K, committed 24832K, reserved 26624K
}
Event: 2329.385 GC heap after
{Heap after GC invocations=5134 (full 3):
 def new generation   total 1748992K, used 38250K [0x00007f71c8600000, 0x00007f723efc0000, 0x00007f771db50000)
  eden space 1554688K,   0% used [0x00007f71c8600000, 0x00007f71c8600000, 0x00007f7227440000)
  from space 194304K,  19% used [0x00007f7227440000, 0x00007f722999a858, 0x00007f7233200000)
  to   space 194304K,   0% used [0x00007f7233200000, 0x00007f7233200000, 0x00007f723efc0000)
 tenured generation   total 3890504K, used 3890441K [0x00007f771db50000, 0x00007f780b2a2000, 0x00007f81c8600000)
   the space 3890504K,  99% used [0x00007f771db50000, 0x00007f780b2926b8, 0x00007f780b292800, 0x00007f780b2a2000)
 Metaspace       used 24237K, capacity 24705K, committed 24832K, reserved 26624K
}
Event: 2329.385 GC heap before
{Heap before GC invocations=5134 (full 3):
 def new generation   total 1748992K, used 38250K [0x00007f71c8600000, 0x00007f723efc0000, 0x00007f771db50000)
  eden space 1554688K,   0% used [0x00007f71c8600000, 0x00007f71c8600000, 0x00007f7227440000)
  from space 194304K,  19% used [0x00007f7227440000, 0x00007f722999a858, 0x00007f7233200000)
  to   space 194304K,   0% used [0x00007f7233200000, 0x00007f7233200000, 0x00007f723efc0000)
 tenured generation   total 3890504K, used 3890441K [0x00007f771db50000, 0x00007f780b2a2000, 0x00007f81c8600000)
   the space 3890504K,  99% used [0x00007f771db50000, 0x00007f780b2926b8, 0x00007f780b292800, 0x00007f780b2a2000)
 Metaspace       used 24237K, capacity 24705K, committed 24832K, reserved 26624K
}

