# JRE version: OpenJDK Runtime Environment (13.0.7+5) (build 13.0.7+5-Ubuntu-0ubuntu120.04)
# Java VM: OpenJDK 64-Bit Server VM (13.0.7+5-Ubuntu-0ubuntu120.04, mixed mode, tiered, serial gc, linux-amd64)
Heap:
 def new generation   total 629248K, used 0K [0x00007fd384600000, 0x00007fd3af0c0000, 0x00007fd8d9b50000)
  eden space 559360K,   0% used [0x00007fd384600000, 0x00007fd384600000, 0x00007fd3a6840000)
  from space 69888K,   0% used [0x00007fd3aac80000, 0x00007fd3aac80000, 0x00007fd3af0c0000)
  to   space 69888K,   0% used [0x00007fd3a6840000, 0x00007fd3a6840000, 0x00007fd3aac80000)
 tenured generation   total 1398144K, used 16808K [0x00007fd8d9b50000, 0x00007fd92f0b0000, 0x00007fe384600000)
   the space 1398144K,   1% used [0x00007fd8d9b50000, 0x00007fd8dabba1f8, 0x00007fd8dabba200, 0x00007fd92f0b0000)
 Metaspace       used 23159K, capacity 23524K, committed 23808K, reserved 24576K
GC Heap History (10 events):
Event: 4.964 GC heap before
{Heap before GC invocations=0 (full 0):
 def new generation   total 629120K, used 100669K [0x00007fd384600000, 0x00007fd3af0a0000, 0x00007fd8d9b50000)
  eden space 559232K,  18% used [0x00007fd384600000, 0x00007fd38a84f6d0, 0x00007fd3a6820000)
  from space 69888K,   0% used [0x00007fd3a6820000, 0x00007fd3a6820000, 0x00007fd3aac60000)
  to   space 69888K,   0% used [0x00007fd3aac60000, 0x00007fd3aac60000, 0x00007fd3af0a0000)
 tenured generation   total 1398144K, used 0K [0x00007fd8d9b50000, 0x00007fd92f0b0000, 0x00007fe384600000)
   the space 1398144K,   0% used [0x00007fd8d9b50000, 0x00007fd8d9b50000, 0x00007fd8d9b50200, 0x00007fd92f0b0000)
 Metaspace       used 20896K, capacity 21158K, committed 21248K, reserved 22528K
}
Event: 5.178 GC heap after
{Heap after GC invocations=1 (full 1):
 def new generation   total 629248K, used 0K [0x00007fd384600000, 0x00007fd3af0c0000, 0x00007fd8d9b50000)
  eden space 559360K,   0% used [0x00007fd384600000, 0x00007fd384600000, 0x00007fd3a6840000)
  from space 69888K,   0% used [0x00007fd3a6840000, 0x00007fd3a6840000, 0x00007fd3aac80000)
  to   space 69888K,   0% used [0x00007fd3aac80000, 0x00007fd3aac80000, 0x00007fd3af0c0000)
 tenured generation   total 1398144K, used 13606K [0x00007fd8d9b50000, 0x00007fd92f0b0000, 0x00007fe384600000)
   the space 1398144K,   0% used [0x00007fd8d9b50000, 0x00007fd8da8999b8, 0x00007fd8da899a00, 0x00007fd92f0b0000)
 Metaspace       used 20896K, capacity 21158K, committed 21248K, reserved 22528K
}
Event: 6.725 GC heap before
{Heap before GC invocations=1 (full 1):
 def new generation   total 629248K, used 559360K [0x00007fd384600000, 0x00007fd3af0c0000, 0x00007fd8d9b50000)
  eden space 559360K, 100% used [0x00007fd384600000, 0x00007fd3a6840000, 0x00007fd3a6840000)
  from space 69888K,   0% used [0x00007fd3a6840000, 0x00007fd3a6840000, 0x00007fd3aac80000)
  to   space 69888K,   0% used [0x00007fd3aac80000, 0x00007fd3aac80000, 0x00007fd3af0c0000)
 tenured generation   total 1398144K, used 13606K [0x00007fd8d9b50000, 0x00007fd92f0b0000, 0x00007fe384600000)
   the space 1398144K,   0% used [0x00007fd8d9b50000, 0x00007fd8da8999b8, 0x00007fd8da899a00, 0x00007fd92f0b0000)
 Metaspace       used 22967K, capacity 23382K, committed 23552K, reserved 24576K
}
Event: 6.732 GC heap after
{Heap after GC invocations=2 (full 1):
 def new generation   total 629248K, used 681K [0x00007fd384600000, 0x00007fd3af0c0000, 0x00007fd8d9b50000)
  eden space 559360K,   0% used [0x00007fd384600000, 0x00007fd384600000, 0x00007fd3a6840000)
  from space 69888K,   0% used [0x00007fd3aac80000, 0x00007fd3aad2a568, 0x00007fd3af0c0000)
  to   space 69888K,   0% used [0x00007fd3a6840000, 0x00007fd3a6840000, 0x00007fd3aac80000)
 tenured generation   total 1398144K, used 13606K [0x00007fd8d9b50000, 0x00007fd92f0b0000, 0x00007fe384600000)
   the space 1398144K,   0% used [0x00007fd8d9b50000, 0x00007fd8da8999b8, 0x00007fd8da899a00, 0x00007fd92f0b0000)
 Metaspace       used 22967K, capacity 23382K, committed 23552K, reserved 24576K
}
Event: 7.660 GC heap before
{Heap before GC invocations=2 (full 1):
 def new generation   total 629248K, used 560041K [0x00007fd384600000, 0x00007fd3af0c0000, 0x00007fd8d9b50000)
  eden space 559360K, 100% used [0x00007fd384600000, 0x00007fd3a6840000, 0x00007fd3a6840000)
  from space 69888K,   0% used [0x00007fd3aac80000, 0x00007fd3aad2a568, 0x00007fd3af0c0000)
  to   space 69888K,   0% used [0x00007fd3a6840000, 0x00007fd3a6840000, 0x00007fd3aac80000)
 tenured generation   total 1398144K, used 13606K [0x00007fd8d9b50000, 0x00007fd92f0b0000, 0x00007fe384600000)
   the space 1398144K,   0% used [0x00007fd8d9b50000, 0x00007fd8da8999b8, 0x00007fd8da899a00, 0x00007fd92f0b0000)
 Metaspace       used 22973K, capacity 23383K, committed 23552K, reserved 24576K
}
Event: 7.663 GC heap after
{Heap after GC invocations=3 (full 1):
 def new generation   total 629248K, used 1016K [0x00007fd384600000, 0x00007fd3af0c0000, 0x00007fd8d9b50000)
  eden space 559360K,   0% used [0x00007fd384600000, 0x00007fd384600000, 0x00007fd3a6840000)
  from space 69888K,   1% used [0x00007fd3a6840000, 0x00007fd3a693e2a0, 0x00007fd3aac80000)
  to   space 69888K,   0% used [0x00007fd3aac80000, 0x00007fd3aac80000, 0x00007fd3af0c0000)
 tenured generation   total 1398144K, used 13606K [0x00007fd8d9b50000, 0x00007fd92f0b0000, 0x00007fe384600000)
   the space 1398144K,   0% used [0x00007fd8d9b50000, 0x00007fd8da8999b8, 0x00007fd8da899a00, 0x00007fd92f0b0000)
 Metaspace       used 22973K, capacity 23383K, committed 23552K, reserved 24576K
}
Event: 7.857 GC heap before
{Heap before GC invocations=3 (full 1):
 def new generation   total 629248K, used 72899K [0x00007fd384600000, 0x00007fd3af0c0000, 0x00007fd8d9b50000)
  eden space 559360K,  12% used [0x00007fd384600000, 0x00007fd388c32bf0, 0x00007fd3a6840000)
  from space 69888K,   1% used [0x00007fd3a6840000, 0x00007fd3a693e2a0, 0x00007fd3aac80000)
  to   space 69888K,   0% used [0x00007fd3aac80000, 0x00007fd3aac80000, 0x00007fd3af0c0000)
 tenured generation   total 1398144K, used 13606K [0x00007fd8d9b50000, 0x00007fd92f0b0000, 0x00007fe384600000)
   the space 1398144K,   0% used [0x00007fd8d9b50000, 0x00007fd8da8999b8, 0x00007fd8da899a00, 0x00007fd92f0b0000)
 Metaspace       used 23159K, capacity 23524K, committed 23808K, reserved 24576K
}
Event: 7.861 GC heap after
{Heap after GC invocations=4 (full 1):
 def new generation   total 629248K, used 3202K [0x00007fd384600000, 0x00007fd3af0c0000, 0x00007fd8d9b50000)
  eden space 559360K,   0% used [0x00007fd384600000, 0x00007fd384600000, 0x00007fd3a6840000)
  from space 69888K,   4% used [0x00007fd3aac80000, 0x00007fd3aafa0890, 0x00007fd3af0c0000)
  to   space 69888K,   0% used [0x00007fd3a6840000, 0x00007fd3a6840000, 0x00007fd3aac80000)
 tenured generation   total 1398144K, used 13606K [0x00007fd8d9b50000, 0x00007fd92f0b0000, 0x00007fe384600000)
   the space 1398144K,   0% used [0x00007fd8d9b50000, 0x00007fd8da8999b8, 0x00007fd8da899a00, 0x00007fd92f0b0000)
 Metaspace       used 23159K, capacity 23524K, committed 23808K, reserved 24576K
}
Event: 7.861 GC heap before
{Heap before GC invocations=4 (full 1):
 def new generation   total 629248K, used 3202K [0x00007fd384600000, 0x00007fd3af0c0000, 0x00007fd8d9b50000)
  eden space 559360K,   0% used [0x00007fd384600000, 0x00007fd384600000, 0x00007fd3a6840000)
  from space 69888K,   4% used [0x00007fd3aac80000, 0x00007fd3aafa0890, 0x00007fd3af0c0000)
  to   space 69888K,   0% used [0x00007fd3a6840000, 0x00007fd3a6840000, 0x00007fd3aac80000)
 tenured generation   total 1398144K, used 13606K [0x00007fd8d9b50000, 0x00007fd92f0b0000, 0x00007fe384600000)
   the space 1398144K,   0% used [0x00007fd8d9b50000, 0x00007fd8da8999b8, 0x00007fd8da899a00, 0x00007fd92f0b0000)
 Metaspace       used 23159K, capacity 23524K, committed 23808K, reserved 24576K
}
Event: 7.902 GC heap after
{Heap after GC invocations=4 (full 2):
 def new generation   total 629248K, used 0K [0x00007fd384600000, 0x00007fd3af0c0000, 0x00007fd8d9b50000)
  eden space 559360K,   0% used [0x00007fd384600000, 0x00007fd384600000, 0x00007fd3a6840000)
  from space 69888K,   0% used [0x00007fd3aac80000, 0x00007fd3aac80000, 0x00007fd3af0c0000)
  to   space 69888K,   0% used [0x00007fd3a6840000, 0x00007fd3a6840000, 0x00007fd3aac80000)
 tenured generation   total 1398144K, used 16808K [0x00007fd8d9b50000, 0x00007fd92f0b0000, 0x00007fe384600000)
   the space 1398144K,   1% used [0x00007fd8d9b50000, 0x00007fd8dabba1f8, 0x00007fd8dabba200, 0x00007fd92f0b0000)
 Metaspace       used 23159K, capacity 23524K, committed 23808K, reserved 24576K
}

