# JRE version: OpenJDK Runtime Environment (13.0.7+5) (build 13.0.7+5-Ubuntu-0ubuntu120.04)
# Java VM: OpenJDK 64-Bit Server VM (13.0.7+5-Ubuntu-0ubuntu120.04, mixed mode, tiered, serial gc, linux-amd64)
Heap:
 def new generation   total 629248K, used 0K [0x00007fa938600000, 0x00007fa9630c0000, 0x00007fae8db50000)
  eden space 559360K,   0% used [0x00007fa938600000, 0x00007fa938600000, 0x00007fa95a840000)
  from space 69888K,   0% used [0x00007fa95ec80000, 0x00007fa95ec80000, 0x00007fa9630c0000)
  to   space 69888K,   0% used [0x00007fa95a840000, 0x00007fa95a840000, 0x00007fa95ec80000)
 tenured generation   total 1398144K, used 14939K [0x00007fae8db50000, 0x00007faee30b0000, 0x00007fb938600000)
   the space 1398144K,   1% used [0x00007fae8db50000, 0x00007fae8e9e6ea8, 0x00007fae8e9e7000, 0x00007faee30b0000)
 Metaspace       used 23246K, capacity 23594K, committed 23808K, reserved 24576K
GC Heap History (14 events):
Event: 4.723 GC heap before
{Heap before GC invocations=0 (full 0):
 def new generation   total 629120K, used 111847K [0x00007fa938600000, 0x00007fa9630a0000, 0x00007fae8db50000)
  eden space 559232K,  20% used [0x00007fa938600000, 0x00007fa93f339c58, 0x00007fa95a820000)
  from space 69888K,   0% used [0x00007fa95a820000, 0x00007fa95a820000, 0x00007fa95ec60000)
  to   space 69888K,   0% used [0x00007fa95ec60000, 0x00007fa95ec60000, 0x00007fa9630a0000)
 tenured generation   total 1398144K, used 0K [0x00007fae8db50000, 0x00007faee30b0000, 0x00007fb938600000)
   the space 1398144K,   0% used [0x00007fae8db50000, 0x00007fae8db50000, 0x00007fae8db50200, 0x00007faee30b0000)
 Metaspace       used 20888K, capacity 21143K, committed 21248K, reserved 22528K
}
Event: 4.881 GC heap after
{Heap after GC invocations=1 (full 1):
 def new generation   total 629248K, used 0K [0x00007fa938600000, 0x00007fa9630c0000, 0x00007fae8db50000)
  eden space 559360K,   0% used [0x00007fa938600000, 0x00007fa938600000, 0x00007fa95a840000)
  from space 69888K,   0% used [0x00007fa95a840000, 0x00007fa95a840000, 0x00007fa95ec80000)
  to   space 69888K,   0% used [0x00007fa95ec80000, 0x00007fa95ec80000, 0x00007fa9630c0000)
 tenured generation   total 1398144K, used 13587K [0x00007fae8db50000, 0x00007faee30b0000, 0x00007fb938600000)
   the space 1398144K,   0% used [0x00007fae8db50000, 0x00007fae8e894e40, 0x00007fae8e895000, 0x00007faee30b0000)
 Metaspace       used 20888K, capacity 21143K, committed 21248K, reserved 22528K
}
Event: 6.947 GC heap before
{Heap before GC invocations=1 (full 1):
 def new generation   total 629248K, used 559360K [0x00007fa938600000, 0x00007fa9630c0000, 0x00007fae8db50000)
  eden space 559360K, 100% used [0x00007fa938600000, 0x00007fa95a840000, 0x00007fa95a840000)
  from space 69888K,   0% used [0x00007fa95a840000, 0x00007fa95a840000, 0x00007fa95ec80000)
  to   space 69888K,   0% used [0x00007fa95ec80000, 0x00007fa95ec80000, 0x00007fa9630c0000)
 tenured generation   total 1398144K, used 13587K [0x00007fae8db50000, 0x00007faee30b0000, 0x00007fb938600000)
   the space 1398144K,   0% used [0x00007fae8db50000, 0x00007fae8e894e40, 0x00007fae8e895000, 0x00007faee30b0000)
 Metaspace       used 22792K, capacity 23163K, committed 23296K, reserved 24576K
}
Event: 6.954 GC heap after
{Heap after GC invocations=2 (full 1):
 def new generation   total 629248K, used 1009K [0x00007fa938600000, 0x00007fa9630c0000, 0x00007fae8db50000)
  eden space 559360K,   0% used [0x00007fa938600000, 0x00007fa938600000, 0x00007fa95a840000)
  from space 69888K,   1% used [0x00007fa95ec80000, 0x00007fa95ed7c418, 0x00007fa9630c0000)
  to   space 69888K,   0% used [0x00007fa95a840000, 0x00007fa95a840000, 0x00007fa95ec80000)
 tenured generation   total 1398144K, used 13587K [0x00007fae8db50000, 0x00007faee30b0000, 0x00007fb938600000)
   the space 1398144K,   0% used [0x00007fae8db50000, 0x00007fae8e894e40, 0x00007fae8e895000, 0x00007faee30b0000)
 Metaspace       used 22792K, capacity 23163K, committed 23296K, reserved 24576K
}
Event: 8.387 GC heap before
{Heap before GC invocations=2 (full 1):
 def new generation   total 629248K, used 560369K [0x00007fa938600000, 0x00007fa9630c0000, 0x00007fae8db50000)
  eden space 559360K, 100% used [0x00007fa938600000, 0x00007fa95a840000, 0x00007fa95a840000)
  from space 69888K,   1% used [0x00007fa95ec80000, 0x00007fa95ed7c418, 0x00007fa9630c0000)
  to   space 69888K,   0% used [0x00007fa95a840000, 0x00007fa95a840000, 0x00007fa95ec80000)
 tenured generation   total 1398144K, used 13587K [0x00007fae8db50000, 0x00007faee30b0000, 0x00007fb938600000)
   the space 1398144K,   0% used [0x00007fae8db50000, 0x00007fae8e894e40, 0x00007fae8e895000, 0x00007faee30b0000)
 Metaspace       used 23052K, capacity 23451K, committed 23552K, reserved 24576K
}
Event: 8.390 GC heap after
{Heap after GC invocations=3 (full 1):
 def new generation   total 629248K, used 864K [0x00007fa938600000, 0x00007fa9630c0000, 0x00007fae8db50000)
  eden space 559360K,   0% used [0x00007fa938600000, 0x00007fa938600000, 0x00007fa95a840000)
  from space 69888K,   1% used [0x00007fa95a840000, 0x00007fa95a918380, 0x00007fa95ec80000)
  to   space 69888K,   0% used [0x00007fa95ec80000, 0x00007fa95ec80000, 0x00007fa9630c0000)
 tenured generation   total 1398144K, used 13587K [0x00007fae8db50000, 0x00007faee30b0000, 0x00007fb938600000)
   the space 1398144K,   0% used [0x00007fae8db50000, 0x00007fae8e894e40, 0x00007fae8e895000, 0x00007faee30b0000)
 Metaspace       used 23052K, capacity 23451K, committed 23552K, reserved 24576K
}
Event: 9.086 GC heap before
{Heap before GC invocations=3 (full 1):
 def new generation   total 629248K, used 560224K [0x00007fa938600000, 0x00007fa9630c0000, 0x00007fae8db50000)
  eden space 559360K, 100% used [0x00007fa938600000, 0x00007fa95a840000, 0x00007fa95a840000)
  from space 69888K,   1% used [0x00007fa95a840000, 0x00007fa95a918380, 0x00007fa95ec80000)
  to   space 69888K,   0% used [0x00007fa95ec80000, 0x00007fa95ec80000, 0x00007fa9630c0000)
 tenured generation   total 1398144K, used 13587K [0x00007fae8db50000, 0x00007faee30b0000, 0x00007fb938600000)
   the space 1398144K,   0% used [0x00007fae8db50000, 0x00007fae8e894e40, 0x00007fae8e895000, 0x00007faee30b0000)
 Metaspace       used 23059K, capacity 23452K, committed 23552K, reserved 24576K
}
Event: 9.089 GC heap after
{Heap after GC invocations=4 (full 1):
 def new generation   total 629248K, used 1118K [0x00007fa938600000, 0x00007fa9630c0000, 0x00007fae8db50000)
  eden space 559360K,   0% used [0x00007fa938600000, 0x00007fa938600000, 0x00007fa95a840000)
  from space 69888K,   1% used [0x00007fa95ec80000, 0x00007fa95ed97bb0, 0x00007fa9630c0000)
  to   space 69888K,   0% used [0x00007fa95a840000, 0x00007fa95a840000, 0x00007fa95ec80000)
 tenured generation   total 1398144K, used 13587K [0x00007fae8db50000, 0x00007faee30b0000, 0x00007fb938600000)
   the space 1398144K,   0% used [0x00007fae8db50000, 0x00007fae8e894e40, 0x00007fae8e895000, 0x00007faee30b0000)
 Metaspace       used 23059K, capacity 23452K, committed 23552K, reserved 24576K
}
Event: 9.630 GC heap before
{Heap before GC invocations=4 (full 1):
 def new generation   total 629248K, used 557263K [0x00007fa938600000, 0x00007fa9630c0000, 0x00007fae8db50000)
  eden space 559360K,  99% used [0x00007fa938600000, 0x00007fa95a51c160, 0x00007fa95a840000)
  from space 69888K,   1% used [0x00007fa95ec80000, 0x00007fa95ed97bb0, 0x00007fa9630c0000)
  to   space 69888K,   0% used [0x00007fa95a840000, 0x00007fa95a840000, 0x00007fa95ec80000)
 tenured generation   total 1398144K, used 13587K [0x00007fae8db50000, 0x00007faee30b0000, 0x00007fb938600000)
   the space 1398144K,   0% used [0x00007fae8db50000, 0x00007fae8e894e40, 0x00007fae8e895000, 0x00007faee30b0000)
 Metaspace       used 23229K, capacity 23593K, committed 23808K, reserved 24576K
}
Event: 11.088 GC heap after
{Heap after GC invocations=5 (full 1):
 def new generation   total 629248K, used 66856K [0x00007fa938600000, 0x00007fa9630c0000, 0x00007fae8db50000)
  eden space 559360K,   0% used [0x00007fa938600000, 0x00007fa938600000, 0x00007fa95a840000)
  from space 69888K,  95% used [0x00007fa95a840000, 0x00007fa95e98a040, 0x00007fa95ec80000)
  to   space 69888K,   0% used [0x00007fa95ec80000, 0x00007fa95ec80000, 0x00007fa9630c0000)
 tenured generation   total 1398144K, used 79123K [0x00007fae8db50000, 0x00007faee30b0000, 0x00007fb938600000)
   the space 1398144K,   5% used [0x00007fae8db50000, 0x00007fae92894e58, 0x00007fae92895000, 0x00007faee30b0000)
 Metaspace       used 23229K, capacity 23593K, committed 23808K, reserved 24576K
}
Event: 11.813 GC heap before
{Heap before GC invocations=5 (full 1):
 def new generation   total 629248K, used 578740K [0x00007fa938600000, 0x00007fa9630c0000, 0x00007fae8db50000)
  eden space 559360K,  91% used [0x00007fa938600000, 0x00007fa9579e2fd8, 0x00007fa95a840000)
  from space 69888K,  95% used [0x00007fa95a840000, 0x00007fa95e98a040, 0x00007fa95ec80000)
  to   space 69888K,   0% used [0x00007fa95ec80000, 0x00007fa95ec80000, 0x00007fa9630c0000)
 tenured generation   total 1398144K, used 79123K [0x00007fae8db50000, 0x00007faee30b0000, 0x00007fb938600000)
   the space 1398144K,   5% used [0x00007fae8db50000, 0x00007fae92894e58, 0x00007fae92895000, 0x00007faee30b0000)
 Metaspace       used 23246K, capacity 23594K, committed 23808K, reserved 24576K
}
Event: 11.815 GC heap after
{Heap after GC invocations=6 (full 1):
 def new generation   total 629248K, used 93K [0x00007fa938600000, 0x00007fa9630c0000, 0x00007fae8db50000)
  eden space 559360K,   0% used [0x00007fa938600000, 0x00007fa938600000, 0x00007fa95a840000)
  from space 69888K,   0% used [0x00007fa95ec80000, 0x00007fa95ec97660, 0x00007fa9630c0000)
  to   space 69888K,   0% used [0x00007fa95a840000, 0x00007fa95a840000, 0x00007fa95ec80000)
 tenured generation   total 1398144K, used 80391K [0x00007fae8db50000, 0x00007faee30b0000, 0x00007fb938600000)
   the space 1398144K,   5% used [0x00007fae8db50000, 0x00007fae929d1d98, 0x00007fae929d1e00, 0x00007faee30b0000)
 Metaspace       used 23246K, capacity 23594K, committed 23808K, reserved 24576K
}
Event: 11.815 GC heap before
{Heap before GC invocations=6 (full 1):
 def new generation   total 629248K, used 93K [0x00007fa938600000, 0x00007fa9630c0000, 0x00007fae8db50000)
  eden space 559360K,   0% used [0x00007fa938600000, 0x00007fa938600000, 0x00007fa95a840000)
  from space 69888K,   0% used [0x00007fa95ec80000, 0x00007fa95ec97660, 0x00007fa9630c0000)
  to   space 69888K,   0% used [0x00007fa95a840000, 0x00007fa95a840000, 0x00007fa95ec80000)
 tenured generation   total 1398144K, used 80391K [0x00007fae8db50000, 0x00007faee30b0000, 0x00007fb938600000)
   the space 1398144K,   5% used [0x00007fae8db50000, 0x00007fae929d1d98, 0x00007fae929d1e00, 0x00007faee30b0000)
 Metaspace       used 23246K, capacity 23594K, committed 23808K, reserved 24576K
}
Event: 11.854 GC heap after
{Heap after GC invocations=6 (full 2):
 def new generation   total 629248K, used 0K [0x00007fa938600000, 0x00007fa9630c0000, 0x00007fae8db50000)
  eden space 559360K,   0% used [0x00007fa938600000, 0x00007fa938600000, 0x00007fa95a840000)
  from space 69888K,   0% used [0x00007fa95ec80000, 0x00007fa95ec80000, 0x00007fa9630c0000)
  to   space 69888K,   0% used [0x00007fa95a840000, 0x00007fa95a840000, 0x00007fa95ec80000)
 tenured generation   total 1398144K, used 14939K [0x00007fae8db50000, 0x00007faee30b0000, 0x00007fb938600000)
   the space 1398144K,   1% used [0x00007fae8db50000, 0x00007fae8e9e6ea8, 0x00007fae8e9e7000, 0x00007faee30b0000)
 Metaspace       used 23246K, capacity 23594K, committed 23808K, reserved 24576K
}

