# JRE version: OpenJDK Runtime Environment (13.0.7+5) (build 13.0.7+5-Ubuntu-0ubuntu120.04)
# Java VM: OpenJDK 64-Bit Server VM (13.0.7+5-Ubuntu-0ubuntu120.04, mixed mode, tiered, serial gc, linux-amd64)
Heap:
 def new generation   total 3092288K, used 0K [0x00007fe02c600000, 0x00007fe0fe150000, 0x00007fe581b50000)
  eden space 2748736K,   0% used [0x00007fe02c600000, 0x00007fe02c600000, 0x00007fe0d4250000)
  from space 343552K,   0% used [0x00007fe0e91d0000, 0x00007fe0e91d0000, 0x00007fe0fe150000)
  to   space 343552K,   0% used [0x00007fe0d4250000, 0x00007fe0d4250000, 0x00007fe0e91d0000)
 tenured generation   total 7181940K, used 6990241K [0x00007fe581b50000, 0x00007fe7380ed000, 0x00007ff02c600000)
   the space 7181940K,  97% used [0x00007fe581b50000, 0x00007fe72c5b8660, 0x00007fe72c5b8800, 0x00007fe7380ed000)
 Metaspace       used 31163K, capacity 31611K, committed 31744K, reserved 32768K
GC Heap History (20 events):
Event: 482.076 GC heap after
{Heap after GC invocations=482 (full 143):
 def new generation   total 3092288K, used 127113K [0x00007fe02c600000, 0x00007fe0fe150000, 0x00007fe581b50000)
  eden space 2748736K,   4% used [0x00007fe02c600000, 0x00007fe0342225e0, 0x00007fe0d4250000)
  from space 343552K,   0% used [0x00007fe0d4250000, 0x00007fe0d4250000, 0x00007fe0e91d0000)
  to   space 343552K,   0% used [0x00007fe0e91d0000, 0x00007fe0e91d0000, 0x00007fe0fe150000)
 tenured generation   total 6871668K, used 4122999K [0x00007fe581b50000, 0x00007fe7251ed000, 0x00007ff02c600000)
   the space 6871668K,  59% used [0x00007fe581b50000, 0x00007fe67d5adff0, 0x00007fe67d5ae000, 0x00007fe7251ed000)
 Metaspace       used 31162K, capacity 31611K, committed 31744K, reserved 32768K
}
Event: 483.239 GC heap before
{Heap before GC invocations=482 (full 143):
 def new generation   total 3092288K, used 2748736K [0x00007fe02c600000, 0x00007fe0fe150000, 0x00007fe581b50000)
  eden space 2748736K, 100% used [0x00007fe02c600000, 0x00007fe0d4250000, 0x00007fe0d4250000)
  from space 343552K,   0% used [0x00007fe0d4250000, 0x00007fe0d4250000, 0x00007fe0e91d0000)
  to   space 343552K,   0% used [0x00007fe0e91d0000, 0x00007fe0e91d0000, 0x00007fe0fe150000)
 tenured generation   total 6871668K, used 4122999K [0x00007fe581b50000, 0x00007fe7251ed000, 0x00007ff02c600000)
   the space 6871668K,  59% used [0x00007fe581b50000, 0x00007fe67d5adff0, 0x00007fe67d5ae000, 0x00007fe7251ed000)
 Metaspace       used 31162K, capacity 31611K, committed 31744K, reserved 32768K
}
Event: 485.741 GC heap after
{Heap after GC invocations=483 (full 143):
 def new generation   total 3092288K, used 343552K [0x00007fe02c600000, 0x00007fe0fe150000, 0x00007fe581b50000)
  eden space 2748736K,   0% used [0x00007fe02c600000, 0x00007fe02c600000, 0x00007fe0d4250000)
  from space 343552K, 100% used [0x00007fe0e91d0000, 0x00007fe0fe150000, 0x00007fe0fe150000)
  to   space 343552K,   0% used [0x00007fe0d4250000, 0x00007fe0d4250000, 0x00007fe0e91d0000)
 tenured generation   total 6871668K, used 4154221K [0x00007fe581b50000, 0x00007fe7251ed000, 0x00007ff02c600000)
   the space 6871668K,  60% used [0x00007fe581b50000, 0x00007fe67f42b5d8, 0x00007fe67f42b600, 0x00007fe7251ed000)
 Metaspace       used 31162K, capacity 31611K, committed 31744K, reserved 32768K
}
Event: 486.557 GC heap before
{Heap before GC invocations=483 (full 143):
 def new generation   total 3092288K, used 3092288K [0x00007fe02c600000, 0x00007fe0fe150000, 0x00007fe581b50000)
  eden space 2748736K, 100% used [0x00007fe02c600000, 0x00007fe0d4250000, 0x00007fe0d4250000)
  from space 343552K, 100% used [0x00007fe0e91d0000, 0x00007fe0fe150000, 0x00007fe0fe150000)
  to   space 343552K,   0% used [0x00007fe0d4250000, 0x00007fe0d4250000, 0x00007fe0e91d0000)
 tenured generation   total 6871668K, used 4154221K [0x00007fe581b50000, 0x00007fe7251ed000, 0x00007ff02c600000)
   the space 6871668K,  60% used [0x00007fe581b50000, 0x00007fe67f42b5d8, 0x00007fe67f42b600, 0x00007fe7251ed000)
 Metaspace       used 31162K, capacity 31611K, committed 31744K, reserved 32768K
}
Event: 487.724 GC heap after
{Heap after GC invocations=484 (full 143):
 def new generation   total 3092288K, used 227506K [0x00007fe02c600000, 0x00007fe0fe150000, 0x00007fe581b50000)
  eden space 2748736K,   0% used [0x00007fe02c600000, 0x00007fe02c600000, 0x00007fe0d4250000)
  from space 343552K,  66% used [0x00007fe0d4250000, 0x00007fe0e207ca30, 0x00007fe0e91d0000)
  to   space 343552K,   0% used [0x00007fe0e91d0000, 0x00007fe0e91d0000, 0x00007fe0fe150000)
 tenured generation   total 6871668K, used 4497772K [0x00007fe581b50000, 0x00007fe7251ed000, 0x00007ff02c600000)
   the space 6871668K,  65% used [0x00007fe581b50000, 0x00007fe6943ab318, 0x00007fe6943ab400, 0x00007fe7251ed000)
 Metaspace       used 31162K, capacity 31611K, committed 31744K, reserved 32768K
}
Event: 488.504 GC heap before
{Heap before GC invocations=484 (full 143):
 def new generation   total 3092288K, used 2976242K [0x00007fe02c600000, 0x00007fe0fe150000, 0x00007fe581b50000)
  eden space 2748736K, 100% used [0x00007fe02c600000, 0x00007fe0d4250000, 0x00007fe0d4250000)
  from space 343552K,  66% used [0x00007fe0d4250000, 0x00007fe0e207ca30, 0x00007fe0e91d0000)
  to   space 343552K,   0% used [0x00007fe0e91d0000, 0x00007fe0e91d0000, 0x00007fe0fe150000)
 tenured generation   total 6871668K, used 4497772K [0x00007fe581b50000, 0x00007fe7251ed000, 0x00007ff02c600000)
   the space 6871668K,  65% used [0x00007fe581b50000, 0x00007fe6943ab318, 0x00007fe6943ab400, 0x00007fe7251ed000)
 Metaspace       used 31162K, capacity 31611K, committed 31744K, reserved 32768K
}
Event: 489.441 GC heap after
{Heap after GC invocations=485 (full 143):
 def new generation   total 3092288K, used 261915K [0x00007fe02c600000, 0x00007fe0fe150000, 0x00007fe581b50000)
  eden space 2748736K,   0% used [0x00007fe02c600000, 0x00007fe02c600000, 0x00007fe0d4250000)
  from space 343552K,  76% used [0x00007fe0e91d0000, 0x00007fe0f9196c08, 0x00007fe0fe150000)
  to   space 343552K,   0% used [0x00007fe0d4250000, 0x00007fe0d4250000, 0x00007fe0e91d0000)
 tenured generation   total 6871668K, used 4725278K [0x00007fe581b50000, 0x00007fe7251ed000, 0x00007ff02c600000)
   the space 6871668K,  68% used [0x00007fe581b50000, 0x00007fe6a21d7b48, 0x00007fe6a21d7c00, 0x00007fe7251ed000)
 Metaspace       used 31162K, capacity 31611K, committed 31744K, reserved 32768K
}
Event: 490.238 GC heap before
{Heap before GC invocations=485 (full 143):
 def new generation   total 3092288K, used 3010651K [0x00007fe02c600000, 0x00007fe0fe150000, 0x00007fe581b50000)
  eden space 2748736K, 100% used [0x00007fe02c600000, 0x00007fe0d4250000, 0x00007fe0d4250000)
  from space 343552K,  76% used [0x00007fe0e91d0000, 0x00007fe0f9196c08, 0x00007fe0fe150000)
  to   space 343552K,   0% used [0x00007fe0d4250000, 0x00007fe0d4250000, 0x00007fe0e91d0000)
 tenured generation   total 6871668K, used 4725278K [0x00007fe581b50000, 0x00007fe7251ed000, 0x00007ff02c600000)
   the space 6871668K,  68% used [0x00007fe581b50000, 0x00007fe6a21d7b48, 0x00007fe6a21d7c00, 0x00007fe7251ed000)
 Metaspace       used 31162K, capacity 31611K, committed 31744K, reserved 32768K
}
Event: 491.179 GC heap after
{Heap after GC invocations=486 (full 143):
 def new generation   total 3092288K, used 235822K [0x00007fe02c600000, 0x00007fe0fe150000, 0x00007fe581b50000)
  eden space 2748736K,   0% used [0x00007fe02c600000, 0x00007fe02c600000, 0x00007fe0d4250000)
  from space 343552K,  68% used [0x00007fe0d4250000, 0x00007fe0e289b858, 0x00007fe0e91d0000)
  to   space 343552K,   0% used [0x00007fe0e91d0000, 0x00007fe0e91d0000, 0x00007fe0fe150000)
 tenured generation   total 6871668K, used 4987193K [0x00007fe581b50000, 0x00007fe7251ed000, 0x00007ff02c600000)
   the space 6871668K,  72% used [0x00007fe581b50000, 0x00007fe6b219e480, 0x00007fe6b219e600, 0x00007fe7251ed000)
 Metaspace       used 31162K, capacity 31611K, committed 31744K, reserved 32768K
}
Event: 491.973 GC heap before
{Heap before GC invocations=486 (full 143):
 def new generation   total 3092288K, used 2984558K [0x00007fe02c600000, 0x00007fe0fe150000, 0x00007fe581b50000)
  eden space 2748736K, 100% used [0x00007fe02c600000, 0x00007fe0d4250000, 0x00007fe0d4250000)
  from space 343552K,  68% used [0x00007fe0d4250000, 0x00007fe0e289b858, 0x00007fe0e91d0000)
  to   space 343552K,   0% used [0x00007fe0e91d0000, 0x00007fe0e91d0000, 0x00007fe0fe150000)
 tenured generation   total 6871668K, used 4987193K [0x00007fe581b50000, 0x00007fe7251ed000, 0x00007ff02c600000)
   the space 6871668K,  72% used [0x00007fe581b50000, 0x00007fe6b219e480, 0x00007fe6b219e600, 0x00007fe7251ed000)
 Metaspace       used 31162K, capacity 31611K, committed 31744K, reserved 32768K
}
Event: 492.874 GC heap after
{Heap after GC invocations=487 (full 143):
 def new generation   total 3092288K, used 237165K [0x00007fe02c600000, 0x00007fe0fe150000, 0x00007fe581b50000)
  eden space 2748736K,   0% used [0x00007fe02c600000, 0x00007fe02c600000, 0x00007fe0d4250000)
  from space 343552K,  69% used [0x00007fe0e91d0000, 0x00007fe0f796b618, 0x00007fe0fe150000)
  to   space 343552K,   0% used [0x00007fe0d4250000, 0x00007fe0d4250000, 0x00007fe0e91d0000)
 tenured generation   total 6871668K, used 5223014K [0x00007fe581b50000, 0x00007fe7251ed000, 0x00007ff02c600000)
   the space 6871668K,  76% used [0x00007fe581b50000, 0x00007fe6c07e9878, 0x00007fe6c07e9a00, 0x00007fe7251ed000)
 Metaspace       used 31162K, capacity 31611K, committed 31744K, reserved 32768K
}
Event: 493.645 GC heap before
{Heap before GC invocations=487 (full 143):
 def new generation   total 3092288K, used 2985901K [0x00007fe02c600000, 0x00007fe0fe150000, 0x00007fe581b50000)
  eden space 2748736K, 100% used [0x00007fe02c600000, 0x00007fe0d4250000, 0x00007fe0d4250000)
  from space 343552K,  69% used [0x00007fe0e91d0000, 0x00007fe0f796b618, 0x00007fe0fe150000)
  to   space 343552K,   0% used [0x00007fe0d4250000, 0x00007fe0d4250000, 0x00007fe0e91d0000)
 tenured generation   total 6871668K, used 5223014K [0x00007fe581b50000, 0x00007fe7251ed000, 0x00007ff02c600000)
   the space 6871668K,  76% used [0x00007fe581b50000, 0x00007fe6c07e9878, 0x00007fe6c07e9a00, 0x00007fe7251ed000)
 Metaspace       used 31162K, capacity 31611K, committed 31744K, reserved 32768K
}
Event: 494.603 GC heap after
{Heap after GC invocations=488 (full 143):
 def new generation   total 3092288K, used 241788K [0x00007fe02c600000, 0x00007fe0fe150000, 0x00007fe581b50000)
  eden space 2748736K,   0% used [0x00007fe02c600000, 0x00007fe02c600000, 0x00007fe0d4250000)
  from space 343552K,  70% used [0x00007fe0d4250000, 0x00007fe0e2e6f1d8, 0x00007fe0e91d0000)
  to   space 343552K,   0% used [0x00007fe0e91d0000, 0x00007fe0e91d0000, 0x00007fe0fe150000)
 tenured generation   total 6871668K, used 5460178K [0x00007fe581b50000, 0x00007fe7251ed000, 0x00007ff02c600000)
   the space 6871668K,  79% used [0x00007fe581b50000, 0x00007fe6cef84b20, 0x00007fe6cef84c00, 0x00007fe7251ed000)
 Metaspace       used 31162K, capacity 31611K, committed 31744K, reserved 32768K
}
Event: 495.397 GC heap before
{Heap before GC invocations=488 (full 143):
 def new generation   total 3092288K, used 2990524K [0x00007fe02c600000, 0x00007fe0fe150000, 0x00007fe581b50000)
  eden space 2748736K, 100% used [0x00007fe02c600000, 0x00007fe0d4250000, 0x00007fe0d4250000)
  from space 343552K,  70% used [0x00007fe0d4250000, 0x00007fe0e2e6f1d8, 0x00007fe0e91d0000)
  to   space 343552K,   0% used [0x00007fe0e91d0000, 0x00007fe0e91d0000, 0x00007fe0fe150000)
 tenured generation   total 6871668K, used 5460178K [0x00007fe581b50000, 0x00007fe7251ed000, 0x00007ff02c600000)
   the space 6871668K,  79% used [0x00007fe581b50000, 0x00007fe6cef84b20, 0x00007fe6cef84c00, 0x00007fe7251ed000)
 Metaspace       used 31162K, capacity 31611K, committed 31744K, reserved 32768K
}
Event: 496.407 GC heap after
{Heap after GC invocations=489 (full 143):
 def new generation   total 3092288K, used 252231K [0x00007fe02c600000, 0x00007fe0fe150000, 0x00007fe581b50000)
  eden space 2748736K,   0% used [0x00007fe02c600000, 0x00007fe02c600000, 0x00007fe0d4250000)
  from space 343552K,  73% used [0x00007fe0e91d0000, 0x00007fe0f8821fd8, 0x00007fe0fe150000)
  to   space 343552K,   0% used [0x00007fe0d4250000, 0x00007fe0d4250000, 0x00007fe0e91d0000)
 tenured generation   total 6871668K, used 5701966K [0x00007fe581b50000, 0x00007fe7251ed000, 0x00007ff02c600000)
   the space 6871668K,  82% used [0x00007fe581b50000, 0x00007fe6ddba3bf8, 0x00007fe6ddba3c00, 0x00007fe7251ed000)
 Metaspace       used 31162K, capacity 31611K, committed 31744K, reserved 32768K
}
Event: 497.183 GC heap before
{Heap before GC invocations=489 (full 143):
 def new generation   total 3092288K, used 3000967K [0x00007fe02c600000, 0x00007fe0fe150000, 0x00007fe581b50000)
  eden space 2748736K, 100% used [0x00007fe02c600000, 0x00007fe0d4250000, 0x00007fe0d4250000)
  from space 343552K,  73% used [0x00007fe0e91d0000, 0x00007fe0f8821fd8, 0x00007fe0fe150000)
  to   space 343552K,   0% used [0x00007fe0d4250000, 0x00007fe0d4250000, 0x00007fe0e91d0000)
 tenured generation   total 6871668K, used 5701966K [0x00007fe581b50000, 0x00007fe7251ed000, 0x00007ff02c600000)
   the space 6871668K,  82% used [0x00007fe581b50000, 0x00007fe6ddba3bf8, 0x00007fe6ddba3c00, 0x00007fe7251ed000)
 Metaspace       used 31162K, capacity 31611K, committed 31744K, reserved 32768K
}
Event: 498.325 GC heap after
{Heap after GC invocations=490 (full 143):
 def new generation   total 3092288K, used 293751K [0x00007fe02c600000, 0x00007fe0fe150000, 0x00007fe581b50000)
  eden space 2748736K,   0% used [0x00007fe02c600000, 0x00007fe02c600000, 0x00007fe0d4250000)
  from space 343552K,  85% used [0x00007fe0d4250000, 0x00007fe0e612dde0, 0x00007fe0e91d0000)
  to   space 343552K,   0% used [0x00007fe0e91d0000, 0x00007fe0e91d0000, 0x00007fe0fe150000)
 tenured generation   total 6871668K, used 5954197K [0x00007fe581b50000, 0x00007fe7251ed000, 0x00007ff02c600000)
   the space 6871668K,  86% used [0x00007fe581b50000, 0x00007fe6ed1f5700, 0x00007fe6ed1f5800, 0x00007fe7251ed000)
 Metaspace       used 31162K, capacity 31611K, committed 31744K, reserved 32768K
}
Event: 572.391 GC heap before
{Heap before GC invocations=490 (full 143):
 def new generation   total 3092288K, used 3042487K [0x00007fe02c600000, 0x00007fe0fe150000, 0x00007fe581b50000)
  eden space 2748736K, 100% used [0x00007fe02c600000, 0x00007fe0d4250000, 0x00007fe0d4250000)
  from space 343552K,  85% used [0x00007fe0d4250000, 0x00007fe0e612dde0, 0x00007fe0e91d0000)
  to   space 343552K,   0% used [0x00007fe0e91d0000, 0x00007fe0e91d0000, 0x00007fe0fe150000)
 tenured generation   total 6871668K, used 5954197K [0x00007fe581b50000, 0x00007fe7251ed000, 0x00007ff02c600000)
   the space 6871668K,  86% used [0x00007fe581b50000, 0x00007fe6ed1f5700, 0x00007fe6ed1f5800, 0x00007fe7251ed000)
 Metaspace       used 31163K, capacity 31611K, committed 31744K, reserved 32768K
}
Event: 576.997 GC heap after
{Heap after GC invocations=491 (full 143):
 def new generation   total 3092288K, used 343551K [0x00007fe02c600000, 0x00007fe0fe150000, 0x00007fe581b50000)
  eden space 2748736K,   0% used [0x00007fe02c600000, 0x00007fe02c600000, 0x00007fe0d4250000)
  from space 343552K,  99% used [0x00007fe0e91d0000, 0x00007fe0fe14fff8, 0x00007fe0fe150000)
  to   space 343552K,   0% used [0x00007fe0d4250000, 0x00007fe0d4250000, 0x00007fe0e91d0000)
 tenured generation   total 7181940K, used 7181881K [0x00007fe581b50000, 0x00007fe7380ed000, 0x00007ff02c600000)
   the space 7181940K,  99% used [0x00007fe581b50000, 0x00007fe7380de5f8, 0x00007fe7380de600, 0x00007fe7380ed000)
 Metaspace       used 31163K, capacity 31611K, committed 31744K, reserved 32768K
}
Event: 576.997 GC heap before
{Heap before GC invocations=491 (full 143):
 def new generation   total 3092288K, used 343551K [0x00007fe02c600000, 0x00007fe0fe150000, 0x00007fe581b50000)
  eden space 2748736K,   0% used [0x00007fe02c600000, 0x00007fe02c600000, 0x00007fe0d4250000)
  from space 343552K,  99% used [0x00007fe0e91d0000, 0x00007fe0fe14fff8, 0x00007fe0fe150000)
  to   space 343552K,   0% used [0x00007fe0d4250000, 0x00007fe0d4250000, 0x00007fe0e91d0000)
 tenured generation   total 7181940K, used 7181881K [0x00007fe581b50000, 0x00007fe7380ed000, 0x00007ff02c600000)
   the space 7181940K,  99% used [0x00007fe581b50000, 0x00007fe7380de5f8, 0x00007fe7380de600, 0x00007fe7380ed000)
 Metaspace       used 31163K, capacity 31611K, committed 31744K, reserved 32768K
}

