# JRE version: OpenJDK Runtime Environment (13.0.7+5) (build 13.0.7+5-Ubuntu-0ubuntu120.04)
# Java VM: OpenJDK 64-Bit Server VM (13.0.7+5-Ubuntu-0ubuntu120.04, mixed mode, tiered, serial gc, linux-amd64)
Heap:
 def new generation   total 629248K, used 0K [0x00007f2608600000, 0x00007f26330c0000, 0x00007f2b5db50000)
  eden space 559360K,   0% used [0x00007f2608600000, 0x00007f2608600000, 0x00007f262a840000)
  from space 69888K,   0% used [0x00007f262ec80000, 0x00007f262ec80000, 0x00007f26330c0000)
  to   space 69888K,   0% used [0x00007f262a840000, 0x00007f262a840000, 0x00007f262ec80000)
 tenured generation   total 1398144K, used 276876K [0x00007f2b5db50000, 0x00007f2bb30b0000, 0x00007f3608600000)
   the space 1398144K,  19% used [0x00007f2b5db50000, 0x00007f2b6e9b3280, 0x00007f2b6e9b3400, 0x00007f2bb30b0000)
 Metaspace       used 23141K, capacity 23524K, committed 23552K, reserved 24576K
GC Heap History (10 events):
Event: 8.744 GC heap before
{Heap before GC invocations=0 (full 0):
 def new generation   total 629120K, used 111850K [0x00007f2608600000, 0x00007f26330a0000, 0x00007f2b5db50000)
  eden space 559232K,  20% used [0x00007f2608600000, 0x00007f260f33a8c0, 0x00007f262a820000)
  from space 69888K,   0% used [0x00007f262a820000, 0x00007f262a820000, 0x00007f262ec60000)
  to   space 69888K,   0% used [0x00007f262ec60000, 0x00007f262ec60000, 0x00007f26330a0000)
 tenured generation   total 1398144K, used 0K [0x00007f2b5db50000, 0x00007f2bb30b0000, 0x00007f3608600000)
   the space 1398144K,   0% used [0x00007f2b5db50000, 0x00007f2b5db50000, 0x00007f2b5db50200, 0x00007f2bb30b0000)
 Metaspace       used 20872K, capacity 21158K, committed 21248K, reserved 22528K
}
Event: 10.181 GC heap after
{Heap after GC invocations=1 (full 1):
 def new generation   total 629248K, used 0K [0x00007f2608600000, 0x00007f26330c0000, 0x00007f2b5db50000)
  eden space 559360K,   0% used [0x00007f2608600000, 0x00007f2608600000, 0x00007f262a840000)
  from space 69888K,   0% used [0x00007f262a840000, 0x00007f262a840000, 0x00007f262ec80000)
  to   space 69888K,   0% used [0x00007f262ec80000, 0x00007f262ec80000, 0x00007f26330c0000)
 tenured generation   total 1398144K, used 13626K [0x00007f2b5db50000, 0x00007f2bb30b0000, 0x00007f3608600000)
   the space 1398144K,   0% used [0x00007f2b5db50000, 0x00007f2b5e89ebc0, 0x00007f2b5e89ec00, 0x00007f2bb30b0000)
 Metaspace       used 20872K, capacity 21158K, committed 21248K, reserved 22528K
}
Event: 12.538 GC heap before
{Heap before GC invocations=1 (full 1):
 def new generation   total 629248K, used 559360K [0x00007f2608600000, 0x00007f26330c0000, 0x00007f2b5db50000)
  eden space 559360K, 100% used [0x00007f2608600000, 0x00007f262a840000, 0x00007f262a840000)
  from space 69888K,   0% used [0x00007f262a840000, 0x00007f262a840000, 0x00007f262ec80000)
  to   space 69888K,   0% used [0x00007f262ec80000, 0x00007f262ec80000, 0x00007f26330c0000)
 tenured generation   total 1398144K, used 13626K [0x00007f2b5db50000, 0x00007f2bb30b0000, 0x00007f3608600000)
   the space 1398144K,   0% used [0x00007f2b5db50000, 0x00007f2b5e89ebc0, 0x00007f2b5e89ec00, 0x00007f2bb30b0000)
 Metaspace       used 22978K, capacity 23374K, committed 23552K, reserved 24576K
}
Event: 12.547 GC heap after
{Heap after GC invocations=2 (full 1):
 def new generation   total 629248K, used 760K [0x00007f2608600000, 0x00007f26330c0000, 0x00007f2b5db50000)
  eden space 559360K,   0% used [0x00007f2608600000, 0x00007f2608600000, 0x00007f262a840000)
  from space 69888K,   1% used [0x00007f262ec80000, 0x00007f262ed3e138, 0x00007f26330c0000)
  to   space 69888K,   0% used [0x00007f262a840000, 0x00007f262a840000, 0x00007f262ec80000)
 tenured generation   total 1398144K, used 13626K [0x00007f2b5db50000, 0x00007f2bb30b0000, 0x00007f3608600000)
   the space 1398144K,   0% used [0x00007f2b5db50000, 0x00007f2b5e89ebc0, 0x00007f2b5e89ec00, 0x00007f2bb30b0000)
 Metaspace       used 22978K, capacity 23374K, committed 23552K, reserved 24576K
}
Event: 13.657 GC heap before
{Heap before GC invocations=2 (full 1):
 def new generation   total 629248K, used 502079K [0x00007f2608600000, 0x00007f26330c0000, 0x00007f2b5db50000)
  eden space 559360K,  89% used [0x00007f2608600000, 0x00007f2626f91e88, 0x00007f262a840000)
  from space 69888K,   1% used [0x00007f262ec80000, 0x00007f262ed3e138, 0x00007f26330c0000)
  to   space 69888K,   0% used [0x00007f262a840000, 0x00007f262a840000, 0x00007f262ec80000)
 tenured generation   total 1398144K, used 13626K [0x00007f2b5db50000, 0x00007f2bb30b0000, 0x00007f3608600000)
   the space 1398144K,   0% used [0x00007f2b5db50000, 0x00007f2b5e89ebc0, 0x00007f2b5e89ec00, 0x00007f2bb30b0000)
 Metaspace       used 23139K, capacity 23524K, committed 23552K, reserved 24576K
}
Event: 13.702 GC heap after
{Heap after GC invocations=3 (full 1):
 def new generation   total 629248K, used 1114K [0x00007f2608600000, 0x00007f26330c0000, 0x00007f2b5db50000)
  eden space 559360K,   0% used [0x00007f2608600000, 0x00007f2608600000, 0x00007f262a840000)
  from space 69888K,   1% used [0x00007f262a840000, 0x00007f262a956b00, 0x00007f262ec80000)
  to   space 69888K,   0% used [0x00007f262ec80000, 0x00007f262ec80000, 0x00007f26330c0000)
 tenured generation   total 1398144K, used 144698K [0x00007f2b5db50000, 0x00007f2bb30b0000, 0x00007f3608600000)
   the space 1398144K,  10% used [0x00007f2b5db50000, 0x00007f2b6689ebd8, 0x00007f2b6689ec00, 0x00007f2bb30b0000)
 Metaspace       used 23139K, capacity 23524K, committed 23552K, reserved 24576K
}
Event: 13.828 GC heap before
{Heap before GC invocations=3 (full 1):
 def new generation   total 629248K, used 146788K [0x00007f2608600000, 0x00007f26330c0000, 0x00007f2b5db50000)
  eden space 559360K,  26% used [0x00007f2608600000, 0x00007f2611442858, 0x00007f262a840000)
  from space 69888K,   1% used [0x00007f262a840000, 0x00007f262a956b00, 0x00007f262ec80000)
  to   space 69888K,   0% used [0x00007f262ec80000, 0x00007f262ec80000, 0x00007f26330c0000)
 tenured generation   total 1398144K, used 144698K [0x00007f2b5db50000, 0x00007f2bb30b0000, 0x00007f3608600000)
   the space 1398144K,  10% used [0x00007f2b5db50000, 0x00007f2b6689ebd8, 0x00007f2b6689ec00, 0x00007f2bb30b0000)
 Metaspace       used 23141K, capacity 23524K, committed 23552K, reserved 24576K
}
Event: 13.887 GC heap after
{Heap after GC invocations=4 (full 1):
 def new generation   total 629248K, used 1114K [0x00007f2608600000, 0x00007f26330c0000, 0x00007f2b5db50000)
  eden space 559360K,   0% used [0x00007f2608600000, 0x00007f2608600000, 0x00007f262a840000)
  from space 69888K,   1% used [0x00007f262ec80000, 0x00007f262ed96ad0, 0x00007f26330c0000)
  to   space 69888K,   0% used [0x00007f262a840000, 0x00007f262a840000, 0x00007f262ec80000)
 tenured generation   total 1398144K, used 275770K [0x00007f2b5db50000, 0x00007f2bb30b0000, 0x00007f3608600000)
   the space 1398144K,  19% used [0x00007f2b5db50000, 0x00007f2b6e89ebf0, 0x00007f2b6e89ec00, 0x00007f2bb30b0000)
 Metaspace       used 23141K, capacity 23524K, committed 23552K, reserved 24576K
}
Event: 13.887 GC heap before
{Heap before GC invocations=4 (full 1):
 def new generation   total 629248K, used 1114K [0x00007f2608600000, 0x00007f26330c0000, 0x00007f2b5db50000)
  eden space 559360K,   0% used [0x00007f2608600000, 0x00007f2608600000, 0x00007f262a840000)
  from space 69888K,   1% used [0x00007f262ec80000, 0x00007f262ed96ad0, 0x00007f26330c0000)
  to   space 69888K,   0% used [0x00007f262a840000, 0x00007f262a840000, 0x00007f262ec80000)
 tenured generation   total 1398144K, used 275770K [0x00007f2b5db50000, 0x00007f2bb30b0000, 0x00007f3608600000)
   the space 1398144K,  19% used [0x00007f2b5db50000, 0x00007f2b6e89ebf0, 0x00007f2b6e89ec00, 0x00007f2bb30b0000)
 Metaspace       used 23141K, capacity 23524K, committed 23552K, reserved 24576K
}
Event: 13.928 GC heap after
{Heap after GC invocations=4 (full 2):
 def new generation   total 629248K, used 0K [0x00007f2608600000, 0x00007f26330c0000, 0x00007f2b5db50000)
  eden space 559360K,   0% used [0x00007f2608600000, 0x00007f2608600000, 0x00007f262a840000)
  from space 69888K,   0% used [0x00007f262ec80000, 0x00007f262ec80000, 0x00007f26330c0000)
  to   space 69888K,   0% used [0x00007f262a840000, 0x00007f262a840000, 0x00007f262ec80000)
 tenured generation   total 1398144K, used 276876K [0x00007f2b5db50000, 0x00007f2bb30b0000, 0x00007f3608600000)
   the space 1398144K,  19% used [0x00007f2b5db50000, 0x00007f2b6e9b3280, 0x00007f2b6e9b3400, 0x00007f2bb30b0000)
 Metaspace       used 23141K, capacity 23524K, committed 23552K, reserved 24576K
}

