# JRE version: OpenJDK Runtime Environment (13.0.7+5) (build 13.0.7+5-Ubuntu-0ubuntu120.04)
# Java VM: OpenJDK 64-Bit Server VM (13.0.7+5-Ubuntu-0ubuntu120.04, mixed mode, tiered, serial gc, linux-amd64)
Heap:
 def new generation   total 629248K, used 3540K [0x00007f70bc600000, 0x00007f70e70c0000, 0x00007f7611b50000)
  eden space 559360K,   0% used [0x00007f70bc600000, 0x00007f70bc9752a8, 0x00007f70de840000)
  from space 69888K,   0% used [0x00007f70de840000, 0x00007f70de840000, 0x00007f70e2c80000)
  to   space 69888K,   0% used [0x00007f70e2c80000, 0x00007f70e2c80000, 0x00007f70e70c0000)
 tenured generation   total 1398528K, used 1398518K [0x00007f7611b50000, 0x00007f7667110000, 0x00007f80bc600000)
   the space 1398528K,  99% used [0x00007f7611b50000, 0x00007f766710d890, 0x00007f766710da00, 0x00007f7667110000)
 Metaspace       used 24256K, capacity 24707K, committed 24832K, reserved 26624K
GC Heap History (20 events):
Event: 1356.430 GC heap after
{Heap after GC invocations=5038 (full 1):
 def new generation   total 629248K, used 3854K [0x00007f70bc600000, 0x00007f70e70c0000, 0x00007f7611b50000)
  eden space 559360K,   0% used [0x00007f70bc600000, 0x00007f70bc600000, 0x00007f70de840000)
  from space 69888K,   5% used [0x00007f70e2c80000, 0x00007f70e3043b28, 0x00007f70e70c0000)
  to   space 69888K,   0% used [0x00007f70de840000, 0x00007f70de840000, 0x00007f70e2c80000)
 tenured generation   total 1398144K, used 1396368K [0x00007f7611b50000, 0x00007f76670b0000, 0x00007f80bc600000)
   the space 1398144K,  99% used [0x00007f7611b50000, 0x00007f7666ef4018, 0x00007f7666ef4200, 0x00007f76670b0000)
 Metaspace       used 24256K, capacity 24707K, committed 24832K, reserved 26624K
}
Event: 1356.707 GC heap before
{Heap before GC invocations=5038 (full 1):
 def new generation   total 629248K, used 563214K [0x00007f70bc600000, 0x00007f70e70c0000, 0x00007f7611b50000)
  eden space 559360K, 100% used [0x00007f70bc600000, 0x00007f70de840000, 0x00007f70de840000)
  from space 69888K,   5% used [0x00007f70e2c80000, 0x00007f70e3043b28, 0x00007f70e70c0000)
  to   space 69888K,   0% used [0x00007f70de840000, 0x00007f70de840000, 0x00007f70e2c80000)
 tenured generation   total 1398144K, used 1396368K [0x00007f7611b50000, 0x00007f76670b0000, 0x00007f80bc600000)
   the space 1398144K,  99% used [0x00007f7611b50000, 0x00007f7666ef4018, 0x00007f7666ef4200, 0x00007f76670b0000)
 Metaspace       used 24256K, capacity 24707K, committed 24832K, reserved 26624K
}
Event: 1356.710 GC heap after
{Heap after GC invocations=5039 (full 1):
 def new generation   total 629248K, used 3668K [0x00007f70bc600000, 0x00007f70e70c0000, 0x00007f7611b50000)
  eden space 559360K,   0% used [0x00007f70bc600000, 0x00007f70bc600000, 0x00007f70de840000)
  from space 69888K,   5% used [0x00007f70de840000, 0x00007f70debd50a0, 0x00007f70e2c80000)
  to   space 69888K,   0% used [0x00007f70e2c80000, 0x00007f70e2c80000, 0x00007f70e70c0000)
 tenured generation   total 1398144K, used 1396690K [0x00007f7611b50000, 0x00007f76670b0000, 0x00007f80bc600000)
   the space 1398144K,  99% used [0x00007f7611b50000, 0x00007f7666f44a98, 0x00007f7666f44c00, 0x00007f76670b0000)
 Metaspace       used 24256K, capacity 24707K, committed 24832K, reserved 26624K
}
Event: 1356.969 GC heap before
{Heap before GC invocations=5039 (full 1):
 def new generation   total 629248K, used 563028K [0x00007f70bc600000, 0x00007f70e70c0000, 0x00007f7611b50000)
  eden space 559360K, 100% used [0x00007f70bc600000, 0x00007f70de840000, 0x00007f70de840000)
  from space 69888K,   5% used [0x00007f70de840000, 0x00007f70debd50a0, 0x00007f70e2c80000)
  to   space 69888K,   0% used [0x00007f70e2c80000, 0x00007f70e2c80000, 0x00007f70e70c0000)
 tenured generation   total 1398144K, used 1396690K [0x00007f7611b50000, 0x00007f76670b0000, 0x00007f80bc600000)
   the space 1398144K,  99% used [0x00007f7611b50000, 0x00007f7666f44a98, 0x00007f7666f44c00, 0x00007f76670b0000)
 Metaspace       used 24256K, capacity 24707K, committed 24832K, reserved 26624K
}
Event: 1356.972 GC heap after
{Heap after GC invocations=5040 (full 1):
 def new generation   total 629248K, used 3484K [0x00007f70bc600000, 0x00007f70e70c0000, 0x00007f7611b50000)
  eden space 559360K,   0% used [0x00007f70bc600000, 0x00007f70bc600000, 0x00007f70de840000)
  from space 69888K,   4% used [0x00007f70e2c80000, 0x00007f70e2fe7148, 0x00007f70e70c0000)
  to   space 69888K,   0% used [0x00007f70de840000, 0x00007f70de840000, 0x00007f70e2c80000)
 tenured generation   total 1398144K, used 1397053K [0x00007f7611b50000, 0x00007f76670b0000, 0x00007f80bc600000)
   the space 1398144K,  99% used [0x00007f7611b50000, 0x00007f7666f9f5c8, 0x00007f7666f9f600, 0x00007f76670b0000)
 Metaspace       used 24256K, capacity 24707K, committed 24832K, reserved 26624K
}
Event: 1357.230 GC heap before
{Heap before GC invocations=5040 (full 1):
 def new generation   total 629248K, used 562844K [0x00007f70bc600000, 0x00007f70e70c0000, 0x00007f7611b50000)
  eden space 559360K, 100% used [0x00007f70bc600000, 0x00007f70de840000, 0x00007f70de840000)
  from space 69888K,   4% used [0x00007f70e2c80000, 0x00007f70e2fe7148, 0x00007f70e70c0000)
  to   space 69888K,   0% used [0x00007f70de840000, 0x00007f70de840000, 0x00007f70e2c80000)
 tenured generation   total 1398144K, used 1397053K [0x00007f7611b50000, 0x00007f76670b0000, 0x00007f80bc600000)
   the space 1398144K,  99% used [0x00007f7611b50000, 0x00007f7666f9f5c8, 0x00007f7666f9f600, 0x00007f76670b0000)
 Metaspace       used 24256K, capacity 24707K, committed 24832K, reserved 26624K
}
Event: 1357.232 GC heap after
{Heap after GC invocations=5041 (full 1):
 def new generation   total 629248K, used 3689K [0x00007f70bc600000, 0x00007f70e70c0000, 0x00007f7611b50000)
  eden space 559360K,   0% used [0x00007f70bc600000, 0x00007f70bc600000, 0x00007f70de840000)
  from space 69888K,   5% used [0x00007f70de840000, 0x00007f70debda580, 0x00007f70e2c80000)
  to   space 69888K,   0% used [0x00007f70e2c80000, 0x00007f70e2c80000, 0x00007f70e70c0000)
 tenured generation   total 1398144K, used 1397053K [0x00007f7611b50000, 0x00007f76670b0000, 0x00007f80bc600000)
   the space 1398144K,  99% used [0x00007f7611b50000, 0x00007f7666f9f5c8, 0x00007f7666f9f600, 0x00007f76670b0000)
 Metaspace       used 24256K, capacity 24707K, committed 24832K, reserved 26624K
}
Event: 1357.488 GC heap before
{Heap before GC invocations=5041 (full 1):
 def new generation   total 629248K, used 563049K [0x00007f70bc600000, 0x00007f70e70c0000, 0x00007f7611b50000)
  eden space 559360K, 100% used [0x00007f70bc600000, 0x00007f70de840000, 0x00007f70de840000)
  from space 69888K,   5% used [0x00007f70de840000, 0x00007f70debda580, 0x00007f70e2c80000)
  to   space 69888K,   0% used [0x00007f70e2c80000, 0x00007f70e2c80000, 0x00007f70e70c0000)
 tenured generation   total 1398144K, used 1397053K [0x00007f7611b50000, 0x00007f76670b0000, 0x00007f80bc600000)
   the space 1398144K,  99% used [0x00007f7611b50000, 0x00007f7666f9f5c8, 0x00007f7666f9f600, 0x00007f76670b0000)
 Metaspace       used 24256K, capacity 24707K, committed 24832K, reserved 26624K
}
Event: 1357.491 GC heap after
{Heap after GC invocations=5042 (full 1):
 def new generation   total 629248K, used 3782K [0x00007f70bc600000, 0x00007f70e70c0000, 0x00007f7611b50000)
  eden space 559360K,   0% used [0x00007f70bc600000, 0x00007f70bc600000, 0x00007f70de840000)
  from space 69888K,   5% used [0x00007f70e2c80000, 0x00007f70e30318b0, 0x00007f70e70c0000)
  to   space 69888K,   0% used [0x00007f70de840000, 0x00007f70de840000, 0x00007f70e2c80000)
 tenured generation   total 1398144K, used 1397217K [0x00007f7611b50000, 0x00007f76670b0000, 0x00007f80bc600000)
   the space 1398144K,  99% used [0x00007f7611b50000, 0x00007f7666fc8688, 0x00007f7666fc8800, 0x00007f76670b0000)
 Metaspace       used 24256K, capacity 24707K, committed 24832K, reserved 26624K
}
Event: 1357.749 GC heap before
{Heap before GC invocations=5042 (full 1):
 def new generation   total 629248K, used 563142K [0x00007f70bc600000, 0x00007f70e70c0000, 0x00007f7611b50000)
  eden space 559360K, 100% used [0x00007f70bc600000, 0x00007f70de840000, 0x00007f70de840000)
  from space 69888K,   5% used [0x00007f70e2c80000, 0x00007f70e30318b0, 0x00007f70e70c0000)
  to   space 69888K,   0% used [0x00007f70de840000, 0x00007f70de840000, 0x00007f70e2c80000)
 tenured generation   total 1398144K, used 1397217K [0x00007f7611b50000, 0x00007f76670b0000, 0x00007f80bc600000)
   the space 1398144K,  99% used [0x00007f7611b50000, 0x00007f7666fc8688, 0x00007f7666fc8800, 0x00007f76670b0000)
 Metaspace       used 24256K, capacity 24707K, committed 24832K, reserved 26624K
}
Event: 1357.752 GC heap after
{Heap after GC invocations=5043 (full 1):
 def new generation   total 629248K, used 3922K [0x00007f70bc600000, 0x00007f70e70c0000, 0x00007f7611b50000)
  eden space 559360K,   0% used [0x00007f70bc600000, 0x00007f70bc600000, 0x00007f70de840000)
  from space 69888K,   5% used [0x00007f70de840000, 0x00007f70dec14998, 0x00007f70e2c80000)
  to   space 69888K,   0% used [0x00007f70e2c80000, 0x00007f70e2c80000, 0x00007f70e70c0000)
 tenured generation   total 1398144K, used 1397382K [0x00007f7611b50000, 0x00007f76670b0000, 0x00007f80bc600000)
   the space 1398144K,  99% used [0x00007f7611b50000, 0x00007f7666ff1948, 0x00007f7666ff1a00, 0x00007f76670b0000)
 Metaspace       used 24256K, capacity 24707K, committed 24832K, reserved 26624K
}
Event: 1358.023 GC heap before
{Heap before GC invocations=5043 (full 1):
 def new generation   total 629248K, used 563282K [0x00007f70bc600000, 0x00007f70e70c0000, 0x00007f7611b50000)
  eden space 559360K, 100% used [0x00007f70bc600000, 0x00007f70de840000, 0x00007f70de840000)
  from space 69888K,   5% used [0x00007f70de840000, 0x00007f70dec14998, 0x00007f70e2c80000)
  to   space 69888K,   0% used [0x00007f70e2c80000, 0x00007f70e2c80000, 0x00007f70e70c0000)
 tenured generation   total 1398144K, used 1397382K [0x00007f7611b50000, 0x00007f76670b0000, 0x00007f80bc600000)
   the space 1398144K,  99% used [0x00007f7611b50000, 0x00007f7666ff1948, 0x00007f7666ff1a00, 0x00007f76670b0000)
 Metaspace       used 24256K, capacity 24707K, committed 24832K, reserved 26624K
}
Event: 1358.026 GC heap after
{Heap after GC invocations=5044 (full 1):
 def new generation   total 629248K, used 4092K [0x00007f70bc600000, 0x00007f70e70c0000, 0x00007f7611b50000)
  eden space 559360K,   0% used [0x00007f70bc600000, 0x00007f70bc600000, 0x00007f70de840000)
  from space 69888K,   5% used [0x00007f70e2c80000, 0x00007f70e307f2c0, 0x00007f70e70c0000)
  to   space 69888K,   0% used [0x00007f70de840000, 0x00007f70de840000, 0x00007f70e2c80000)
 tenured generation   total 1398144K, used 1397547K [0x00007f7611b50000, 0x00007f76670b0000, 0x00007f80bc600000)
   the space 1398144K,  99% used [0x00007f7611b50000, 0x00007f766701ac08, 0x00007f766701ae00, 0x00007f76670b0000)
 Metaspace       used 24256K, capacity 24707K, committed 24832K, reserved 26624K
}
Event: 1358.309 GC heap before
{Heap before GC invocations=5044 (full 1):
 def new generation   total 629248K, used 563452K [0x00007f70bc600000, 0x00007f70e70c0000, 0x00007f7611b50000)
  eden space 559360K, 100% used [0x00007f70bc600000, 0x00007f70de840000, 0x00007f70de840000)
  from space 69888K,   5% used [0x00007f70e2c80000, 0x00007f70e307f2c0, 0x00007f70e70c0000)
  to   space 69888K,   0% used [0x00007f70de840000, 0x00007f70de840000, 0x00007f70e2c80000)
 tenured generation   total 1398144K, used 1397547K [0x00007f7611b50000, 0x00007f76670b0000, 0x00007f80bc600000)
   the space 1398144K,  99% used [0x00007f7611b50000, 0x00007f766701ac08, 0x00007f766701ae00, 0x00007f76670b0000)
 Metaspace       used 24256K, capacity 24707K, committed 24832K, reserved 26624K
}
Event: 1358.312 GC heap after
{Heap after GC invocations=5045 (full 1):
 def new generation   total 629248K, used 3945K [0x00007f70bc600000, 0x00007f70e70c0000, 0x00007f7611b50000)
  eden space 559360K,   0% used [0x00007f70bc600000, 0x00007f70bc600000, 0x00007f70de840000)
  from space 69888K,   5% used [0x00007f70de840000, 0x00007f70dec1a418, 0x00007f70e2c80000)
  to   space 69888K,   0% used [0x00007f70e2c80000, 0x00007f70e2c80000, 0x00007f70e70c0000)
 tenured generation   total 1398144K, used 1397790K [0x00007f7611b50000, 0x00007f76670b0000, 0x00007f80bc600000)
   the space 1398144K,  99% used [0x00007f7611b50000, 0x00007f7667057aa8, 0x00007f7667057c00, 0x00007f76670b0000)
 Metaspace       used 24256K, capacity 24707K, committed 24832K, reserved 26624K
}
Event: 1358.573 GC heap before
{Heap before GC invocations=5045 (full 1):
 def new generation   total 629248K, used 563305K [0x00007f70bc600000, 0x00007f70e70c0000, 0x00007f7611b50000)
  eden space 559360K, 100% used [0x00007f70bc600000, 0x00007f70de840000, 0x00007f70de840000)
  from space 69888K,   5% used [0x00007f70de840000, 0x00007f70dec1a418, 0x00007f70e2c80000)
  to   space 69888K,   0% used [0x00007f70e2c80000, 0x00007f70e2c80000, 0x00007f70e70c0000)
 tenured generation   total 1398144K, used 1397790K [0x00007f7611b50000, 0x00007f76670b0000, 0x00007f80bc600000)
   the space 1398144K,  99% used [0x00007f7611b50000, 0x00007f7667057aa8, 0x00007f7667057c00, 0x00007f76670b0000)
 Metaspace       used 24256K, capacity 24707K, committed 24832K, reserved 26624K
}
Event: 1358.576 GC heap after
{Heap after GC invocations=5046 (full 1):
 def new generation   total 629248K, used 3787K [0x00007f70bc600000, 0x00007f70e70c0000, 0x00007f7611b50000)
  eden space 559360K,   0% used [0x00007f70bc600000, 0x00007f70bc600000, 0x00007f70de840000)
  from space 69888K,   5% used [0x00007f70e2c80000, 0x00007f70e3032c10, 0x00007f70e70c0000)
  to   space 69888K,   0% used [0x00007f70de840000, 0x00007f70de840000, 0x00007f70e2c80000)
 tenured generation   total 1398144K, used 1398113K [0x00007f7611b50000, 0x00007f76670b0000, 0x00007f80bc600000)
   the space 1398144K,  99% used [0x00007f7611b50000, 0x00007f76670a8528, 0x00007f76670a8600, 0x00007f76670b0000)
 Metaspace       used 24256K, capacity 24707K, committed 24832K, reserved 26624K
}
Event: 1358.836 GC heap before
{Heap before GC invocations=5046 (full 1):
 def new generation   total 629248K, used 563147K [0x00007f70bc600000, 0x00007f70e70c0000, 0x00007f7611b50000)
  eden space 559360K, 100% used [0x00007f70bc600000, 0x00007f70de840000, 0x00007f70de840000)
  from space 69888K,   5% used [0x00007f70e2c80000, 0x00007f70e3032c10, 0x00007f70e70c0000)
  to   space 69888K,   0% used [0x00007f70de840000, 0x00007f70de840000, 0x00007f70e2c80000)
 tenured generation   total 1398144K, used 1398113K [0x00007f7611b50000, 0x00007f76670b0000, 0x00007f80bc600000)
   the space 1398144K,  99% used [0x00007f7611b50000, 0x00007f76670a8528, 0x00007f76670a8600, 0x00007f76670b0000)
 Metaspace       used 24256K, capacity 24707K, committed 24832K, reserved 26624K
}
Event: 1358.839 GC heap after
{Heap after GC invocations=5047 (full 1):
 def new generation   total 629248K, used 3544K [0x00007f70bc600000, 0x00007f70e70c0000, 0x00007f7611b50000)
  eden space 559360K,   0% used [0x00007f70bc600000, 0x00007f70bc600000, 0x00007f70de840000)
  from space 69888K,   5% used [0x00007f70de840000, 0x00007f70debb6040, 0x00007f70e2c80000)
  to   space 69888K,   0% used [0x00007f70e2c80000, 0x00007f70e2c80000, 0x00007f70e70c0000)
 tenured generation   total 1398528K, used 1398514K [0x00007f7611b50000, 0x00007f7667110000, 0x00007f80bc600000)
   the space 1398528K,  99% used [0x00007f7611b50000, 0x00007f766710caf8, 0x00007f766710cc00, 0x00007f7667110000)
 Metaspace       used 24256K, capacity 24707K, committed 24832K, reserved 26624K
}
Event: 1358.839 GC heap before
{Heap before GC invocations=5047 (full 1):
 def new generation   total 629248K, used 3544K [0x00007f70bc600000, 0x00007f70e70c0000, 0x00007f7611b50000)
  eden space 559360K,   0% used [0x00007f70bc600000, 0x00007f70bc600000, 0x00007f70de840000)
  from space 69888K,   5% used [0x00007f70de840000, 0x00007f70debb6040, 0x00007f70e2c80000)
  to   space 69888K,   0% used [0x00007f70e2c80000, 0x00007f70e2c80000, 0x00007f70e70c0000)
 tenured generation   total 1398528K, used 1398514K [0x00007f7611b50000, 0x00007f7667110000, 0x00007f80bc600000)
   the space 1398528K,  99% used [0x00007f7611b50000, 0x00007f766710caf8, 0x00007f766710cc00, 0x00007f7667110000)
 Metaspace       used 24256K, capacity 24707K, committed 24832K, reserved 26624K
}

