# JRE version: OpenJDK Runtime Environment (13.0.7+5) (build 13.0.7+5-Ubuntu-0ubuntu120.04)
# Java VM: OpenJDK 64-Bit Server VM (13.0.7+5-Ubuntu-0ubuntu120.04, mixed mode, tiered, serial gc, linux-amd64)
Heap:
 def new generation   total 7704576K, used 0K [0x00007fd584600000, 0x00007fd78edf0000, 0x00007fdad9b50000)
  eden space 6848576K,   0% used [0x00007fd584600000, 0x00007fd584600000, 0x00007fd726610000)
  from space 856000K,   0% used [0x00007fd75aa00000, 0x00007fd75aa00000, 0x00007fd78edf0000)
  to   space 856000K,   0% used [0x00007fd726610000, 0x00007fd726610000, 0x00007fd75aa00000)
 tenured generation   total 17359920K, used 16747065K [0x00007fdad9b50000, 0x00007fdefd45c000, 0x00007fe584600000)
   the space 17359920K,  96% used [0x00007fdad9b50000, 0x00007fded7dde538, 0x00007fded7dde600, 0x00007fdefd45c000)
 Metaspace       used 30479K, capacity 30842K, committed 30976K, reserved 32768K
GC Heap History (20 events):
Event: 1470.931 GC heap after
{Heap after GC invocations=80 (full 6):
 def new generation   total 7704576K, used 623401K [0x00007fd584600000, 0x00007fd78edf0000, 0x00007fdad9b50000)
  eden space 6848576K,   0% used [0x00007fd584600000, 0x00007fd584600000, 0x00007fd726610000)
  from space 856000K,  72% used [0x00007fd726610000, 0x00007fd74c6da4a0, 0x00007fd75aa00000)
  to   space 856000K,   0% used [0x00007fd75aa00000, 0x00007fd75aa00000, 0x00007fd78edf0000)
 tenured generation   total 17121072K, used 11994872K [0x00007fdad9b50000, 0x00007fdeeeb1c000, 0x00007fe584600000)
   the space 17121072K,  70% used [0x00007fdad9b50000, 0x00007fddb5d0e278, 0x00007fddb5d0e400, 0x00007fdeeeb1c000)
 Metaspace       used 30479K, capacity 30842K, committed 30976K, reserved 32768K
}
Event: 1472.926 GC heap before
{Heap before GC invocations=80 (full 6):
 def new generation   total 7704576K, used 7471977K [0x00007fd584600000, 0x00007fd78edf0000, 0x00007fdad9b50000)
  eden space 6848576K, 100% used [0x00007fd584600000, 0x00007fd726610000, 0x00007fd726610000)
  from space 856000K,  72% used [0x00007fd726610000, 0x00007fd74c6da4a0, 0x00007fd75aa00000)
  to   space 856000K,   0% used [0x00007fd75aa00000, 0x00007fd75aa00000, 0x00007fd78edf0000)
 tenured generation   total 17121072K, used 11994872K [0x00007fdad9b50000, 0x00007fdeeeb1c000, 0x00007fe584600000)
   the space 17121072K,  70% used [0x00007fdad9b50000, 0x00007fddb5d0e278, 0x00007fddb5d0e400, 0x00007fdeeeb1c000)
 Metaspace       used 30479K, capacity 30842K, committed 30976K, reserved 32768K
}
Event: 1475.186 GC heap after
{Heap after GC invocations=81 (full 6):
 def new generation   total 7704576K, used 618375K [0x00007fd584600000, 0x00007fd78edf0000, 0x00007fdad9b50000)
  eden space 6848576K,   0% used [0x00007fd584600000, 0x00007fd584600000, 0x00007fd726610000)
  from space 856000K,  72% used [0x00007fd75aa00000, 0x00007fd7805e1f10, 0x00007fd78edf0000)
  to   space 856000K,   0% used [0x00007fd726610000, 0x00007fd726610000, 0x00007fd75aa00000)
 tenured generation   total 17121072K, used 12618273K [0x00007fdad9b50000, 0x00007fdeeeb1c000, 0x00007fe584600000)
   the space 17121072K,  73% used [0x00007fdad9b50000, 0x00007fdddbdd8718, 0x00007fdddbdd8800, 0x00007fdeeeb1c000)
 Metaspace       used 30479K, capacity 30842K, committed 30976K, reserved 32768K
}
Event: 1477.128 GC heap before
{Heap before GC invocations=81 (full 6):
 def new generation   total 7704576K, used 7466951K [0x00007fd584600000, 0x00007fd78edf0000, 0x00007fdad9b50000)
  eden space 6848576K, 100% used [0x00007fd584600000, 0x00007fd726610000, 0x00007fd726610000)
  from space 856000K,  72% used [0x00007fd75aa00000, 0x00007fd7805e1f10, 0x00007fd78edf0000)
  to   space 856000K,   0% used [0x00007fd726610000, 0x00007fd726610000, 0x00007fd75aa00000)
 tenured generation   total 17121072K, used 12618273K [0x00007fdad9b50000, 0x00007fdeeeb1c000, 0x00007fe584600000)
   the space 17121072K,  73% used [0x00007fdad9b50000, 0x00007fdddbdd8718, 0x00007fdddbdd8800, 0x00007fdeeeb1c000)
 Metaspace       used 30479K, capacity 30842K, committed 30976K, reserved 32768K
}
Event: 1479.258 GC heap after
{Heap after GC invocations=82 (full 6):
 def new generation   total 7704576K, used 616413K [0x00007fd584600000, 0x00007fd78edf0000, 0x00007fdad9b50000)
  eden space 6848576K,   0% used [0x00007fd584600000, 0x00007fd584600000, 0x00007fd726610000)
  from space 856000K,  72% used [0x00007fd726610000, 0x00007fd74c0075b0, 0x00007fd75aa00000)
  to   space 856000K,   0% used [0x00007fd75aa00000, 0x00007fd75aa00000, 0x00007fd78edf0000)
 tenured generation   total 17121072K, used 13236649K [0x00007fdad9b50000, 0x00007fdeeeb1c000, 0x00007fe584600000)
   the space 17121072K,  77% used [0x00007fdad9b50000, 0x00007fde019ba4c8, 0x00007fde019ba600, 0x00007fdeeeb1c000)
 Metaspace       used 30479K, capacity 30842K, committed 30976K, reserved 32768K
}
Event: 1481.235 GC heap before
{Heap before GC invocations=82 (full 6):
 def new generation   total 7704576K, used 7464989K [0x00007fd584600000, 0x00007fd78edf0000, 0x00007fdad9b50000)
  eden space 6848576K, 100% used [0x00007fd584600000, 0x00007fd726610000, 0x00007fd726610000)
  from space 856000K,  72% used [0x00007fd726610000, 0x00007fd74c0075b0, 0x00007fd75aa00000)
  to   space 856000K,   0% used [0x00007fd75aa00000, 0x00007fd75aa00000, 0x00007fd78edf0000)
 tenured generation   total 17121072K, used 13236649K [0x00007fdad9b50000, 0x00007fdeeeb1c000, 0x00007fe584600000)
   the space 17121072K,  77% used [0x00007fdad9b50000, 0x00007fde019ba4c8, 0x00007fde019ba600, 0x00007fdeeeb1c000)
 Metaspace       used 30479K, capacity 30842K, committed 30976K, reserved 32768K
}
Event: 1483.403 GC heap after
{Heap after GC invocations=83 (full 6):
 def new generation   total 7704576K, used 644774K [0x00007fd584600000, 0x00007fd78edf0000, 0x00007fdad9b50000)
  eden space 6848576K,   0% used [0x00007fd584600000, 0x00007fd584600000, 0x00007fd726610000)
  from space 856000K,  75% used [0x00007fd75aa00000, 0x00007fd781fa9b78, 0x00007fd78edf0000)
  to   space 856000K,   0% used [0x00007fd726610000, 0x00007fd726610000, 0x00007fd75aa00000)
 tenured generation   total 17121072K, used 13853062K [0x00007fdad9b50000, 0x00007fdeeeb1c000, 0x00007fe584600000)
   the space 17121072K,  80% used [0x00007fdad9b50000, 0x00007fde273b1858, 0x00007fde273b1a00, 0x00007fdeeeb1c000)
 Metaspace       used 30479K, capacity 30842K, committed 30976K, reserved 32768K
}
Event: 1485.565 GC heap before
{Heap before GC invocations=83 (full 6):
 def new generation   total 7704576K, used 7493350K [0x00007fd584600000, 0x00007fd78edf0000, 0x00007fdad9b50000)
  eden space 6848576K, 100% used [0x00007fd584600000, 0x00007fd726610000, 0x00007fd726610000)
  from space 856000K,  75% used [0x00007fd75aa00000, 0x00007fd781fa9b78, 0x00007fd78edf0000)
  to   space 856000K,   0% used [0x00007fd726610000, 0x00007fd726610000, 0x00007fd75aa00000)
 tenured generation   total 17121072K, used 13853062K [0x00007fdad9b50000, 0x00007fdeeeb1c000, 0x00007fe584600000)
   the space 17121072K,  80% used [0x00007fdad9b50000, 0x00007fde273b1858, 0x00007fde273b1a00, 0x00007fdeeeb1c000)
 Metaspace       used 30479K, capacity 30842K, committed 30976K, reserved 32768K
}
Event: 1487.652 GC heap after
{Heap after GC invocations=84 (full 6):
 def new generation   total 7704576K, used 636813K [0x00007fd584600000, 0x00007fd78edf0000, 0x00007fdad9b50000)
  eden space 6848576K,   0% used [0x00007fd584600000, 0x00007fd584600000, 0x00007fd726610000)
  from space 856000K,  74% used [0x00007fd726610000, 0x00007fd74d3f3668, 0x00007fd75aa00000)
  to   space 856000K,   0% used [0x00007fd75aa00000, 0x00007fd75aa00000, 0x00007fd78edf0000)
 tenured generation   total 17121072K, used 14497836K [0x00007fdad9b50000, 0x00007fdeeeb1c000, 0x00007fe584600000)
   the space 17121072K,  84% used [0x00007fdad9b50000, 0x00007fde4e95b250, 0x00007fde4e95b400, 0x00007fdeeeb1c000)
 Metaspace       used 30479K, capacity 30842K, committed 30976K, reserved 32768K
}
Event: 1489.769 GC heap before
{Heap before GC invocations=84 (full 6):
 def new generation   total 7704576K, used 7485389K [0x00007fd584600000, 0x00007fd78edf0000, 0x00007fdad9b50000)
  eden space 6848576K, 100% used [0x00007fd584600000, 0x00007fd726610000, 0x00007fd726610000)
  from space 856000K,  74% used [0x00007fd726610000, 0x00007fd74d3f3668, 0x00007fd75aa00000)
  to   space 856000K,   0% used [0x00007fd75aa00000, 0x00007fd75aa00000, 0x00007fd78edf0000)
 tenured generation   total 17121072K, used 14497836K [0x00007fdad9b50000, 0x00007fdeeeb1c000, 0x00007fe584600000)
   the space 17121072K,  84% used [0x00007fdad9b50000, 0x00007fde4e95b250, 0x00007fde4e95b400, 0x00007fdeeeb1c000)
 Metaspace       used 30479K, capacity 30842K, committed 30976K, reserved 32768K
}
Event: 1491.854 GC heap after
{Heap after GC invocations=85 (full 6):
 def new generation   total 7704576K, used 605579K [0x00007fd584600000, 0x00007fd78edf0000, 0x00007fdad9b50000)
  eden space 6848576K,   0% used [0x00007fd584600000, 0x00007fd584600000, 0x00007fd726610000)
  from space 856000K,  70% used [0x00007fd75aa00000, 0x00007fd77f962e80, 0x00007fd78edf0000)
  to   space 856000K,   0% used [0x00007fd726610000, 0x00007fd726610000, 0x00007fd75aa00000)
 tenured generation   total 17121072K, used 15134649K [0x00007fdad9b50000, 0x00007fdeeeb1c000, 0x00007fe584600000)
   the space 17121072K,  88% used [0x00007fdad9b50000, 0x00007fde7573e768, 0x00007fde7573e800, 0x00007fdeeeb1c000)
 Metaspace       used 30479K, capacity 30842K, committed 30976K, reserved 32768K
}
Event: 1493.856 GC heap before
{Heap before GC invocations=85 (full 6):
 def new generation   total 7704576K, used 7454155K [0x00007fd584600000, 0x00007fd78edf0000, 0x00007fdad9b50000)
  eden space 6848576K, 100% used [0x00007fd584600000, 0x00007fd726610000, 0x00007fd726610000)
  from space 856000K,  70% used [0x00007fd75aa00000, 0x00007fd77f962e80, 0x00007fd78edf0000)
  to   space 856000K,   0% used [0x00007fd726610000, 0x00007fd726610000, 0x00007fd75aa00000)
 tenured generation   total 17121072K, used 15134649K [0x00007fdad9b50000, 0x00007fdeeeb1c000, 0x00007fe584600000)
   the space 17121072K,  88% used [0x00007fdad9b50000, 0x00007fde7573e768, 0x00007fde7573e800, 0x00007fdeeeb1c000)
 Metaspace       used 30479K, capacity 30842K, committed 30976K, reserved 32768K
}
Event: 1495.828 GC heap after
{Heap after GC invocations=86 (full 6):
 def new generation   total 7704576K, used 539263K [0x00007fd584600000, 0x00007fd78edf0000, 0x00007fdad9b50000)
  eden space 6848576K,   0% used [0x00007fd584600000, 0x00007fd584600000, 0x00007fd726610000)
  from space 856000K,  62% used [0x00007fd726610000, 0x00007fd7474afe10, 0x00007fd75aa00000)
  to   space 856000K,   0% used [0x00007fd75aa00000, 0x00007fd75aa00000, 0x00007fd78edf0000)
 tenured generation   total 17121072K, used 15740229K [0x00007fdad9b50000, 0x00007fdeeeb1c000, 0x00007fe584600000)
   the space 17121072K,  91% used [0x00007fdad9b50000, 0x00007fde9a6a1468, 0x00007fde9a6a1600, 0x00007fdeeeb1c000)
 Metaspace       used 30479K, capacity 30842K, committed 30976K, reserved 32768K
}
Event: 1497.817 GC heap before
{Heap before GC invocations=86 (full 6):
 def new generation   total 7704576K, used 7387839K [0x00007fd584600000, 0x00007fd78edf0000, 0x00007fdad9b50000)
  eden space 6848576K, 100% used [0x00007fd584600000, 0x00007fd726610000, 0x00007fd726610000)
  from space 856000K,  62% used [0x00007fd726610000, 0x00007fd7474afe10, 0x00007fd75aa00000)
  to   space 856000K,   0% used [0x00007fd75aa00000, 0x00007fd75aa00000, 0x00007fd78edf0000)
 tenured generation   total 17121072K, used 15740229K [0x00007fdad9b50000, 0x00007fdeeeb1c000, 0x00007fe584600000)
   the space 17121072K,  91% used [0x00007fdad9b50000, 0x00007fde9a6a1468, 0x00007fde9a6a1600, 0x00007fdeeeb1c000)
 Metaspace       used 30479K, capacity 30842K, committed 30976K, reserved 32768K
}
Event: 1499.721 GC heap after
{Heap after GC invocations=87 (full 6):
 def new generation   total 7704576K, used 539946K [0x00007fd584600000, 0x00007fd78edf0000, 0x00007fdad9b50000)
  eden space 6848576K,   0% used [0x00007fd584600000, 0x00007fd584600000, 0x00007fd726610000)
  from space 856000K,  63% used [0x00007fd75aa00000, 0x00007fd77b94ab40, 0x00007fd78edf0000)
  to   space 856000K,   0% used [0x00007fd726610000, 0x00007fd726610000, 0x00007fd75aa00000)
 tenured generation   total 17121072K, used 16279492K [0x00007fdad9b50000, 0x00007fdeeeb1c000, 0x00007fe584600000)
   the space 17121072K,  95% used [0x00007fdad9b50000, 0x00007fdebb5410f8, 0x00007fdebb541200, 0x00007fdeeeb1c000)
 Metaspace       used 30479K, capacity 30842K, committed 30976K, reserved 32768K
}
Event: 1501.674 GC heap before
{Heap before GC invocations=87 (full 6):
 def new generation   total 7704576K, used 7388522K [0x00007fd584600000, 0x00007fd78edf0000, 0x00007fdad9b50000)
  eden space 6848576K, 100% used [0x00007fd584600000, 0x00007fd726610000, 0x00007fd726610000)
  from space 856000K,  63% used [0x00007fd75aa00000, 0x00007fd77b94ab40, 0x00007fd78edf0000)
  to   space 856000K,   0% used [0x00007fd726610000, 0x00007fd726610000, 0x00007fd75aa00000)
 tenured generation   total 17121072K, used 16279492K [0x00007fdad9b50000, 0x00007fdeeeb1c000, 0x00007fe584600000)
   the space 17121072K,  95% used [0x00007fdad9b50000, 0x00007fdebb5410f8, 0x00007fdebb541200, 0x00007fdeeeb1c000)
 Metaspace       used 30479K, capacity 30842K, committed 30976K, reserved 32768K
}
Event: 1503.673 GC heap after
{Heap after GC invocations=88 (full 6):
 def new generation   total 7704576K, used 540361K [0x00007fd584600000, 0x00007fd78edf0000, 0x00007fdad9b50000)
  eden space 6848576K,   0% used [0x00007fd584600000, 0x00007fd584600000, 0x00007fd726610000)
  from space 856000K,  63% used [0x00007fd726610000, 0x00007fd7475c25b0, 0x00007fd75aa00000)
  to   space 856000K,   0% used [0x00007fd75aa00000, 0x00007fd75aa00000, 0x00007fd78edf0000)
 tenured generation   total 17121072K, used 16819438K [0x00007fdad9b50000, 0x00007fdeeeb1c000, 0x00007fe584600000)
   the space 17121072K,  98% used [0x00007fdad9b50000, 0x00007fdedc48bbc8, 0x00007fdedc48bc00, 0x00007fdeeeb1c000)
 Metaspace       used 30479K, capacity 30842K, committed 30976K, reserved 32768K
}
Event: 1505.623 GC heap before
{Heap before GC invocations=88 (full 6):
 def new generation   total 7704576K, used 7388937K [0x00007fd584600000, 0x00007fd78edf0000, 0x00007fdad9b50000)
  eden space 6848576K, 100% used [0x00007fd584600000, 0x00007fd726610000, 0x00007fd726610000)
  from space 856000K,  63% used [0x00007fd726610000, 0x00007fd7475c25b0, 0x00007fd75aa00000)
  to   space 856000K,   0% used [0x00007fd75aa00000, 0x00007fd75aa00000, 0x00007fd78edf0000)
 tenured generation   total 17121072K, used 16819438K [0x00007fdad9b50000, 0x00007fdeeeb1c000, 0x00007fe584600000)
   the space 17121072K,  98% used [0x00007fdad9b50000, 0x00007fdedc48bbc8, 0x00007fdedc48bc00, 0x00007fdeeeb1c000)
 Metaspace       used 30479K, capacity 30842K, committed 30976K, reserved 32768K
}
Event: 1507.553 GC heap after
{Heap after GC invocations=89 (full 6):
 def new generation   total 7704576K, used 541521K [0x00007fd584600000, 0x00007fd78edf0000, 0x00007fdad9b50000)
  eden space 6848576K,   0% used [0x00007fd584600000, 0x00007fd584600000, 0x00007fd726610000)
  from space 856000K,  63% used [0x00007fd75aa00000, 0x00007fd77bad4440, 0x00007fd78edf0000)
  to   space 856000K,   0% used [0x00007fd726610000, 0x00007fd726610000, 0x00007fd75aa00000)
 tenured generation   total 17359920K, used 17359800K [0x00007fdad9b50000, 0x00007fdefd45c000, 0x00007fe584600000)
   the space 17359920K,  99% used [0x00007fdad9b50000, 0x00007fdefd43e078, 0x00007fdefd43e200, 0x00007fdefd45c000)
 Metaspace       used 30479K, capacity 30842K, committed 30976K, reserved 32768K
}
Event: 1507.553 GC heap before
{Heap before GC invocations=89 (full 6):
 def new generation   total 7704576K, used 541521K [0x00007fd584600000, 0x00007fd78edf0000, 0x00007fdad9b50000)
  eden space 6848576K,   0% used [0x00007fd584600000, 0x00007fd584600000, 0x00007fd726610000)
  from space 856000K,  63% used [0x00007fd75aa00000, 0x00007fd77bad4440, 0x00007fd78edf0000)
  to   space 856000K,   0% used [0x00007fd726610000, 0x00007fd726610000, 0x00007fd75aa00000)
 tenured generation   total 17359920K, used 17359800K [0x00007fdad9b50000, 0x00007fdefd45c000, 0x00007fe584600000)
   the space 17359920K,  99% used [0x00007fdad9b50000, 0x00007fdefd43e078, 0x00007fdefd43e200, 0x00007fdefd45c000)
 Metaspace       used 30479K, capacity 30842K, committed 30976K, reserved 32768K
}

