# JRE version: OpenJDK Runtime Environment (13.0.7+5) (build 13.0.7+5-Ubuntu-0ubuntu120.04)
# Java VM: OpenJDK 64-Bit Server VM (13.0.7+5-Ubuntu-0ubuntu120.04, mixed mode, tiered, serial gc, linux-amd64)
Heap:
 def new generation   total 629248K, used 0K [0x00007fa78c600000, 0x00007fa7b70c0000, 0x00007face1b50000)
  eden space 559360K,   0% used [0x00007fa78c600000, 0x00007fa78c600000, 0x00007fa7ae840000)
  from space 69888K,   0% used [0x00007fa7ae840000, 0x00007fa7ae840000, 0x00007fa7b2c80000)
  to   space 69888K,   0% used [0x00007fa7b2c80000, 0x00007fa7b2c80000, 0x00007fa7b70c0000)
 tenured generation   total 14114872K, used 8468921K [0x00007face1b50000, 0x00007fb03f35e000, 0x00007fb78c600000)
   the space 14114872K,  59% used [0x00007face1b50000, 0x00007faee69be760, 0x00007faee69be800, 0x00007fb03f35e000)
 Metaspace       used 23171K, capacity 23521K, committed 23552K, reserved 24576K
GC Heap History (13 events):
Event: 2.321 GC heap before
{Heap before GC invocations=0 (full 0):
 def new generation   total 629120K, used 100676K [0x00007fa78c600000, 0x00007fa7b70a0000, 0x00007face1b50000)
  eden space 559232K,  18% used [0x00007fa78c600000, 0x00007fa792851010, 0x00007fa7ae820000)
  from space 69888K,   0% used [0x00007fa7ae820000, 0x00007fa7ae820000, 0x00007fa7b2c60000)
  to   space 69888K,   0% used [0x00007fa7b2c60000, 0x00007fa7b2c60000, 0x00007fa7b70a0000)
 tenured generation   total 1398144K, used 0K [0x00007face1b50000, 0x00007fad370b0000, 0x00007fb78c600000)
   the space 1398144K,   0% used [0x00007face1b50000, 0x00007face1b50000, 0x00007face1b50200, 0x00007fad370b0000)
 Metaspace       used 20929K, capacity 21219K, committed 21248K, reserved 22528K
}
Event: 2.363 GC heap after
{Heap after GC invocations=1 (full 1):
 def new generation   total 629248K, used 0K [0x00007fa78c600000, 0x00007fa7b70c0000, 0x00007face1b50000)
  eden space 559360K,   0% used [0x00007fa78c600000, 0x00007fa78c600000, 0x00007fa7ae840000)
  from space 69888K,   0% used [0x00007fa7ae840000, 0x00007fa7ae840000, 0x00007fa7b2c80000)
  to   space 69888K,   0% used [0x00007fa7b2c80000, 0x00007fa7b2c80000, 0x00007fa7b70c0000)
 tenured generation   total 1398144K, used 13605K [0x00007face1b50000, 0x00007fad370b0000, 0x00007fb78c600000)
   the space 1398144K,   0% used [0x00007face1b50000, 0x00007face2899770, 0x00007face2899800, 0x00007fad370b0000)
 Metaspace       used 20929K, capacity 21219K, committed 21248K, reserved 22528K
}
Event: 3.288 GC heap before
{Heap before GC invocations=1 (full 1):
 def new generation   total 629248K, used 559360K [0x00007fa78c600000, 0x00007fa7b70c0000, 0x00007face1b50000)
  eden space 559360K, 100% used [0x00007fa78c600000, 0x00007fa7ae840000, 0x00007fa7ae840000)
  from space 69888K,   0% used [0x00007fa7ae840000, 0x00007fa7ae840000, 0x00007fa7b2c80000)
  to   space 69888K,   0% used [0x00007fa7b2c80000, 0x00007fa7b2c80000, 0x00007fa7b70c0000)
 tenured generation   total 1398144K, used 13605K [0x00007face1b50000, 0x00007fad370b0000, 0x00007fb78c600000)
   the space 1398144K,   0% used [0x00007face1b50000, 0x00007face2899770, 0x00007face2899800, 0x00007fad370b0000)
 Metaspace       used 22968K, capacity 23371K, committed 23552K, reserved 24576K
}
Event: 3.292 GC heap after
{Heap after GC invocations=2 (full 1):
 def new generation   total 629248K, used 680K [0x00007fa78c600000, 0x00007fa7b70c0000, 0x00007face1b50000)
  eden space 559360K,   0% used [0x00007fa78c600000, 0x00007fa78c600000, 0x00007fa7ae840000)
  from space 69888K,   0% used [0x00007fa7b2c80000, 0x00007fa7b2d2a230, 0x00007fa7b70c0000)
  to   space 69888K,   0% used [0x00007fa7ae840000, 0x00007fa7ae840000, 0x00007fa7b2c80000)
 tenured generation   total 1398144K, used 13605K [0x00007face1b50000, 0x00007fad370b0000, 0x00007fb78c600000)
   the space 1398144K,   0% used [0x00007face1b50000, 0x00007face2899770, 0x00007face2899800, 0x00007fad370b0000)
 Metaspace       used 22968K, capacity 23371K, committed 23552K, reserved 24576K
}
Event: 3.997 GC heap before
{Heap before GC invocations=2 (full 1):
 def new generation   total 629248K, used 560040K [0x00007fa78c600000, 0x00007fa7b70c0000, 0x00007face1b50000)
  eden space 559360K, 100% used [0x00007fa78c600000, 0x00007fa7ae840000, 0x00007fa7ae840000)
  from space 69888K,   0% used [0x00007fa7b2c80000, 0x00007fa7b2d2a230, 0x00007fa7b70c0000)
  to   space 69888K,   0% used [0x00007fa7ae840000, 0x00007fa7ae840000, 0x00007fa7b2c80000)
 tenured generation   total 1398144K, used 13605K [0x00007face1b50000, 0x00007fad370b0000, 0x00007fb78c600000)
   the space 1398144K,   0% used [0x00007face1b50000, 0x00007face2899770, 0x00007face2899800, 0x00007fad370b0000)
 Metaspace       used 22988K, capacity 23372K, committed 23552K, reserved 24576K
}
Event: 3.998 GC heap after
{Heap after GC invocations=3 (full 1):
 def new generation   total 629248K, used 909K [0x00007fa78c600000, 0x00007fa7b70c0000, 0x00007face1b50000)
  eden space 559360K,   0% used [0x00007fa78c600000, 0x00007fa78c600000, 0x00007fa7ae840000)
  from space 69888K,   1% used [0x00007fa7ae840000, 0x00007fa7ae923470, 0x00007fa7b2c80000)
  to   space 69888K,   0% used [0x00007fa7b2c80000, 0x00007fa7b2c80000, 0x00007fa7b70c0000)
 tenured generation   total 1398144K, used 13605K [0x00007face1b50000, 0x00007fad370b0000, 0x00007fb78c600000)
   the space 1398144K,   0% used [0x00007face1b50000, 0x00007face2899770, 0x00007face2899800, 0x00007fad370b0000)
 Metaspace       used 22988K, capacity 23372K, committed 23552K, reserved 24576K
}
Event: 4.717 GC heap before
{Heap before GC invocations=3 (full 1):
 def new generation   total 629248K, used 468492K [0x00007fa78c600000, 0x00007fa7b70c0000, 0x00007face1b50000)
  eden space 559360K,  83% used [0x00007fa78c600000, 0x00007fa7a8e9fcc8, 0x00007fa7ae840000)
  from space 69888K,   1% used [0x00007fa7ae840000, 0x00007fa7ae923470, 0x00007fa7b2c80000)
  to   space 69888K,   0% used [0x00007fa7b2c80000, 0x00007fa7b2c80000, 0x00007fa7b70c0000)
 tenured generation   total 1398144K, used 13605K [0x00007face1b50000, 0x00007fad370b0000, 0x00007fb78c600000)
   the space 1398144K,   0% used [0x00007face1b50000, 0x00007face2899770, 0x00007face2899800, 0x00007fad370b0000)
 Metaspace       used 23169K, capacity 23521K, committed 23552K, reserved 24576K
}
Event: 4.829 GC heap after
{Heap after GC invocations=4 (full 1):
 def new generation   total 629248K, used 66707K [0x00007fa78c600000, 0x00007fa7b70c0000, 0x00007face1b50000)
  eden space 559360K,   0% used [0x00007fa78c600000, 0x00007fa78c600000, 0x00007fa7ae840000)
  from space 69888K,  95% used [0x00007fa7b2c80000, 0x00007fa7b6da4ef8, 0x00007fa7b70c0000)
  to   space 69888K,   0% used [0x00007fa7ae840000, 0x00007fa7ae840000, 0x00007fa7b2c80000)
 tenured generation   total 1398144K, used 13605K [0x00007face1b50000, 0x00007fad370b0000, 0x00007fb78c600000)
   the space 1398144K,   0% used [0x00007face1b50000, 0x00007face2899770, 0x00007face2899800, 0x00007fad370b0000)
 Metaspace       used 23169K, capacity 23521K, committed 23552K, reserved 24576K
}
Event: 4.829 GC heap before
{Heap before GC invocations=4 (full 1):
 def new generation   total 629248K, used 66707K [0x00007fa78c600000, 0x00007fa7b70c0000, 0x00007face1b50000)
  eden space 559360K,   0% used [0x00007fa78c600000, 0x00007fa78c600000, 0x00007fa7ae840000)
  from space 69888K,  95% used [0x00007fa7b2c80000, 0x00007fa7b6da4ef8, 0x00007fa7b70c0000)
  to   space 69888K,   0% used [0x00007fa7ae840000, 0x00007fa7ae840000, 0x00007fa7b2c80000)
 tenured generation   total 1398144K, used 13605K [0x00007face1b50000, 0x00007fad370b0000, 0x00007fb78c600000)
   the space 1398144K,   0% used [0x00007face1b50000, 0x00007face2899770, 0x00007face2899800, 0x00007fad370b0000)
 Metaspace       used 23169K, capacity 23521K, committed 23552K, reserved 24576K
}
Event: 5.016 GC heap after
{Heap after GC invocations=4 (full 2):
 def new generation   total 629248K, used 0K [0x00007fa78c600000, 0x00007fa7b70c0000, 0x00007face1b50000)
  eden space 559360K,   0% used [0x00007fa78c600000, 0x00007fa78c600000, 0x00007fa7ae840000)
  from space 69888K,   0% used [0x00007fa7b2c80000, 0x00007fa7b2c80000, 0x00007fa7b70c0000)
  to   space 69888K,   0% used [0x00007fa7ae840000, 0x00007fa7ae840000, 0x00007fa7b2c80000)
 tenured generation   total 1398144K, used 80313K [0x00007face1b50000, 0x00007fad370b0000, 0x00007fb78c600000)
   the space 1398144K,   5% used [0x00007face1b50000, 0x00007face69be588, 0x00007face69be600, 0x00007fad370b0000)
 Metaspace       used 23169K, capacity 23521K, committed 23552K, reserved 24576K
}
Event: 15.365 GC heap before
{Heap before GC invocations=4 (full 2):
 def new generation   total 629248K, used 13345K [0x00007fa78c600000, 0x00007fa7b70c0000, 0x00007face1b50000)
  eden space 559360K,   2% used [0x00007fa78c600000, 0x00007fa78d308540, 0x00007fa7ae840000)
  from space 69888K,   0% used [0x00007fa7b2c80000, 0x00007fa7b2c80000, 0x00007fa7b70c0000)
  to   space 69888K,   0% used [0x00007fa7ae840000, 0x00007fa7ae840000, 0x00007fa7b2c80000)
 tenured generation   total 9786756K, used 8468921K [0x00007face1b50000, 0x00007faf370b1000, 0x00007fb78c600000)
   the space 9786756K,  86% used [0x00007face1b50000, 0x00007faee69be5a0, 0x00007faee69be600, 0x00007faf370b1000)
 Metaspace       used 23171K, capacity 23521K, committed 23552K, reserved 24576K
}
Event: 15.376 GC heap after
{Heap after GC invocations=5 (full 2):
 def new generation   total 629248K, used 0K [0x00007fa78c600000, 0x00007fa7b70c0000, 0x00007face1b50000)
  eden space 559360K,   0% used [0x00007fa78c600000, 0x00007fa78c600000, 0x00007fa7ae840000)
  from space 69888K,   0% used [0x00007fa7ae840000, 0x00007fa7ae8401c0, 0x00007fa7b2c80000)
  to   space 69888K,   0% used [0x00007fa7b2c80000, 0x00007fa7b2c80000, 0x00007fa7b70c0000)
 tenured generation   total 9786756K, used 8468921K [0x00007face1b50000, 0x00007faf370b1000, 0x00007fb78c600000)
   the space 9786756K,  86% used [0x00007face1b50000, 0x00007faee69be5a0, 0x00007faee69be600, 0x00007faf370b1000)
 Metaspace       used 23171K, capacity 23521K, committed 23552K, reserved 24576K
}
Event: 15.376 GC heap before
{Heap before GC invocations=5 (full 2):
 def new generation   total 629248K, used 0K [0x00007fa78c600000, 0x00007fa7b70c0000, 0x00007face1b50000)
  eden space 559360K,   0% used [0x00007fa78c600000, 0x00007fa78c600000, 0x00007fa7ae840000)
  from space 69888K,   0% used [0x00007fa7ae840000, 0x00007fa7ae8401c0, 0x00007fa7b2c80000)
  to   space 69888K,   0% used [0x00007fa7b2c80000, 0x00007fa7b2c80000, 0x00007fa7b70c0000)
 tenured generation   total 9786756K, used 8468921K [0x00007face1b50000, 0x00007faf370b1000, 0x00007fb78c600000)
   the space 9786756K,  86% used [0x00007face1b50000, 0x00007faee69be5a0, 0x00007faee69be600, 0x00007faf370b1000)
 Metaspace       used 23171K, capacity 23521K, committed 23552K, reserved 24576K
}

