# JRE version: OpenJDK Runtime Environment (13.0.7+5) (build 13.0.7+5-Ubuntu-0ubuntu120.04)
# Java VM: OpenJDK 64-Bit Server VM (13.0.7+5-Ubuntu-0ubuntu120.04, mixed mode, tiered, serial gc, linux-amd64)
Heap:
 def new generation   total 3152832K, used 0K [0x00007f5d68600000, 0x00007f5e3e300000, 0x00007f62bdb50000)
  eden space 2802560K,   0% used [0x00007f5d68600000, 0x00007f5d68600000, 0x00007f5e136e0000)
  from space 350272K,   0% used [0x00007f5e136e0000, 0x00007f5e136e0000, 0x00007f5e28cf0000)
  to   space 350272K,   0% used [0x00007f5e28cf0000, 0x00007f5e28cf0000, 0x00007f5e3e300000)
 tenured generation   total 7006180K, used 4203707K [0x00007f62bdb50000, 0x00007f6469549000, 0x00007f6d68600000)
   the space 7006180K,  59% used [0x00007f62bdb50000, 0x00007f63be47ecd0, 0x00007f63be47ee00, 0x00007f6469549000)
 Metaspace       used 23103K, capacity 23465K, committed 23552K, reserved 24576K
GC Heap History (18 events):
Event: 4.172 GC heap before
{Heap before GC invocations=0 (full 0):
 def new generation   total 629120K, used 89484K [0x00007f5d68600000, 0x00007f5d930a0000, 0x00007f62bdb50000)
  eden space 559232K,  16% used [0x00007f5d68600000, 0x00007f5d6dd631b8, 0x00007f5d8a820000)
  from space 69888K,   0% used [0x00007f5d8a820000, 0x00007f5d8a820000, 0x00007f5d8ec60000)
  to   space 69888K,   0% used [0x00007f5d8ec60000, 0x00007f5d8ec60000, 0x00007f5d930a0000)
 tenured generation   total 1398144K, used 0K [0x00007f62bdb50000, 0x00007f63130b0000, 0x00007f6d68600000)
   the space 1398144K,   0% used [0x00007f62bdb50000, 0x00007f62bdb50000, 0x00007f62bdb50200, 0x00007f63130b0000)
 Metaspace       used 20900K, capacity 21217K, committed 21248K, reserved 22528K
}
Event: 4.262 GC heap after
{Heap after GC invocations=1 (full 1):
 def new generation   total 629248K, used 0K [0x00007f5d68600000, 0x00007f5d930c0000, 0x00007f62bdb50000)
  eden space 559360K,   0% used [0x00007f5d68600000, 0x00007f5d68600000, 0x00007f5d8a840000)
  from space 69888K,   0% used [0x00007f5d8a840000, 0x00007f5d8a840000, 0x00007f5d8ec80000)
  to   space 69888K,   0% used [0x00007f5d8ec80000, 0x00007f5d8ec80000, 0x00007f5d930c0000)
 tenured generation   total 1398144K, used 13607K [0x00007f62bdb50000, 0x00007f63130b0000, 0x00007f6d68600000)
   the space 1398144K,   0% used [0x00007f62bdb50000, 0x00007f62be899f20, 0x00007f62be89a000, 0x00007f63130b0000)
 Metaspace       used 20900K, capacity 21217K, committed 21248K, reserved 22528K
}
Event: 6.090 GC heap before
{Heap before GC invocations=1 (full 1):
 def new generation   total 629248K, used 559360K [0x00007f5d68600000, 0x00007f5d930c0000, 0x00007f62bdb50000)
  eden space 559360K, 100% used [0x00007f5d68600000, 0x00007f5d8a840000, 0x00007f5d8a840000)
  from space 69888K,   0% used [0x00007f5d8a840000, 0x00007f5d8a840000, 0x00007f5d8ec80000)
  to   space 69888K,   0% used [0x00007f5d8ec80000, 0x00007f5d8ec80000, 0x00007f5d930c0000)
 tenured generation   total 1398144K, used 13607K [0x00007f62bdb50000, 0x00007f63130b0000, 0x00007f6d68600000)
   the space 1398144K,   0% used [0x00007f62bdb50000, 0x00007f62be899f20, 0x00007f62be89a000, 0x00007f63130b0000)
 Metaspace       used 22847K, capacity 23228K, committed 23296K, reserved 24576K
}
Event: 6.097 GC heap after
{Heap after GC invocations=2 (full 1):
 def new generation   total 629248K, used 768K [0x00007f5d68600000, 0x00007f5d930c0000, 0x00007f62bdb50000)
  eden space 559360K,   0% used [0x00007f5d68600000, 0x00007f5d68600000, 0x00007f5d8a840000)
  from space 69888K,   1% used [0x00007f5d8ec80000, 0x00007f5d8ed40110, 0x00007f5d930c0000)
  to   space 69888K,   0% used [0x00007f5d8a840000, 0x00007f5d8a840000, 0x00007f5d8ec80000)
 tenured generation   total 1398144K, used 13607K [0x00007f62bdb50000, 0x00007f63130b0000, 0x00007f6d68600000)
   the space 1398144K,   0% used [0x00007f62bdb50000, 0x00007f62be899f20, 0x00007f62be89a000, 0x00007f63130b0000)
 Metaspace       used 22847K, capacity 23228K, committed 23296K, reserved 24576K
}
Event: 7.048 GC heap before
{Heap before GC invocations=2 (full 1):
 def new generation   total 629248K, used 560128K [0x00007f5d68600000, 0x00007f5d930c0000, 0x00007f62bdb50000)
  eden space 559360K, 100% used [0x00007f5d68600000, 0x00007f5d8a840000, 0x00007f5d8a840000)
  from space 69888K,   1% used [0x00007f5d8ec80000, 0x00007f5d8ed40110, 0x00007f5d930c0000)
  to   space 69888K,   0% used [0x00007f5d8a840000, 0x00007f5d8a840000, 0x00007f5d8ec80000)
 tenured generation   total 1398144K, used 13607K [0x00007f62bdb50000, 0x00007f63130b0000, 0x00007f6d68600000)
   the space 1398144K,   0% used [0x00007f62bdb50000, 0x00007f62be899f20, 0x00007f62be89a000, 0x00007f63130b0000)
 Metaspace       used 23082K, capacity 23459K, committed 23552K, reserved 24576K
}
Event: 7.051 GC heap after
{Heap after GC invocations=3 (full 1):
 def new generation   total 629248K, used 1313K [0x00007f5d68600000, 0x00007f5d930c0000, 0x00007f62bdb50000)
  eden space 559360K,   0% used [0x00007f5d68600000, 0x00007f5d68600000, 0x00007f5d8a840000)
  from space 69888K,   1% used [0x00007f5d8a840000, 0x00007f5d8a988478, 0x00007f5d8ec80000)
  to   space 69888K,   0% used [0x00007f5d8ec80000, 0x00007f5d8ec80000, 0x00007f5d930c0000)
 tenured generation   total 1398144K, used 13607K [0x00007f62bdb50000, 0x00007f63130b0000, 0x00007f6d68600000)
   the space 1398144K,   0% used [0x00007f62bdb50000, 0x00007f62be899f20, 0x00007f62be89a000, 0x00007f63130b0000)
 Metaspace       used 23082K, capacity 23459K, committed 23552K, reserved 24576K
}
Event: 7.358 GC heap before
{Heap before GC invocations=3 (full 1):
 def new generation   total 629248K, used 217842K [0x00007f5d68600000, 0x00007f5d930c0000, 0x00007f62bdb50000)
  eden space 559360K,  38% used [0x00007f5d68600000, 0x00007f5d75974630, 0x00007f5d8a840000)
  from space 69888K,   1% used [0x00007f5d8a840000, 0x00007f5d8a988478, 0x00007f5d8ec80000)
  to   space 69888K,   0% used [0x00007f5d8ec80000, 0x00007f5d8ec80000, 0x00007f5d930c0000)
 tenured generation   total 1398144K, used 13607K [0x00007f62bdb50000, 0x00007f63130b0000, 0x00007f6d68600000)
   the space 1398144K,   0% used [0x00007f62bdb50000, 0x00007f62be899f20, 0x00007f62be89a000, 0x00007f63130b0000)
 Metaspace       used 23103K, capacity 23465K, committed 23552K, reserved 24576K
}
Event: 7.362 GC heap after
{Heap after GC invocations=4 (full 1):
 def new generation   total 629248K, used 2292K [0x00007f5d68600000, 0x00007f5d930c0000, 0x00007f62bdb50000)
  eden space 559360K,   0% used [0x00007f5d68600000, 0x00007f5d68600000, 0x00007f5d8a840000)
  from space 69888K,   3% used [0x00007f5d8ec80000, 0x00007f5d8eebd1c8, 0x00007f5d930c0000)
  to   space 69888K,   0% used [0x00007f5d8a840000, 0x00007f5d8a840000, 0x00007f5d8ec80000)
 tenured generation   total 1398144K, used 13607K [0x00007f62bdb50000, 0x00007f63130b0000, 0x00007f6d68600000)
   the space 1398144K,   0% used [0x00007f62bdb50000, 0x00007f62be899f20, 0x00007f62be89a000, 0x00007f63130b0000)
 Metaspace       used 23103K, capacity 23465K, committed 23552K, reserved 24576K
}
Event: 7.362 GC heap before
{Heap before GC invocations=4 (full 1):
 def new generation   total 629248K, used 2292K [0x00007f5d68600000, 0x00007f5d930c0000, 0x00007f62bdb50000)
  eden space 559360K,   0% used [0x00007f5d68600000, 0x00007f5d68600000, 0x00007f5d8a840000)
  from space 69888K,   3% used [0x00007f5d8ec80000, 0x00007f5d8eebd1c8, 0x00007f5d930c0000)
  to   space 69888K,   0% used [0x00007f5d8a840000, 0x00007f5d8a840000, 0x00007f5d8ec80000)
 tenured generation   total 1398144K, used 13607K [0x00007f62bdb50000, 0x00007f63130b0000, 0x00007f6d68600000)
   the space 1398144K,   0% used [0x00007f62bdb50000, 0x00007f62be899f20, 0x00007f62be89a000, 0x00007f63130b0000)
 Metaspace       used 23103K, capacity 23465K, committed 23552K, reserved 24576K
}
Event: 7.430 GC heap after
{Heap after GC invocations=4 (full 2):
 def new generation   total 629248K, used 0K [0x00007f5d68600000, 0x00007f5d930c0000, 0x00007f62bdb50000)
  eden space 559360K,   0% used [0x00007f5d68600000, 0x00007f5d68600000, 0x00007f5d8a840000)
  from space 69888K,   0% used [0x00007f5d8ec80000, 0x00007f5d8ec80000, 0x00007f5d930c0000)
  to   space 69888K,   0% used [0x00007f5d8a840000, 0x00007f5d8a840000, 0x00007f5d8ec80000)
 tenured generation   total 1398144K, used 15899K [0x00007f62bdb50000, 0x00007f63130b0000, 0x00007f6d68600000)
   the space 1398144K,   1% used [0x00007f62bdb50000, 0x00007f62bead6f20, 0x00007f62bead7000, 0x00007f63130b0000)
 Metaspace       used 23103K, capacity 23465K, committed 23552K, reserved 24576K
}
Event: 10.428 GC heap before
{Heap before GC invocations=4 (full 2):
 def new generation   total 629248K, used 11053K [0x00007f5d68600000, 0x00007f5d930c0000, 0x00007f62bdb50000)
  eden space 559360K,   1% used [0x00007f5d68600000, 0x00007f5d690cb4e8, 0x00007f5d8a840000)
  from space 69888K,   0% used [0x00007f5d8ec80000, 0x00007f5d8ec80000, 0x00007f5d930c0000)
  to   space 69888K,   0% used [0x00007f5d8a840000, 0x00007f5d8a840000, 0x00007f5d8ec80000)
 tenured generation   total 3495300K, used 2113051K [0x00007f62bdb50000, 0x00007f63930b1000, 0x00007f6d68600000)
   the space 3495300K,  60% used [0x00007f62bdb50000, 0x00007f633ead6f38, 0x00007f633ead7000, 0x00007f63930b1000)
 Metaspace       used 23103K, capacity 23465K, committed 23552K, reserved 24576K
}
Event: 10.431 GC heap after
{Heap after GC invocations=5 (full 2):
 def new generation   total 629248K, used 0K [0x00007f5d68600000, 0x00007f5d930c0000, 0x00007f62bdb50000)
  eden space 559360K,   0% used [0x00007f5d68600000, 0x00007f5d68600000, 0x00007f5d8a840000)
  from space 69888K,   0% used [0x00007f5d8a840000, 0x00007f5d8a8402c0, 0x00007f5d8ec80000)
  to   space 69888K,   0% used [0x00007f5d8ec80000, 0x00007f5d8ec80000, 0x00007f5d930c0000)
 tenured generation   total 3495300K, used 2113051K [0x00007f62bdb50000, 0x00007f63930b1000, 0x00007f6d68600000)
   the space 3495300K,  60% used [0x00007f62bdb50000, 0x00007f633ead6f38, 0x00007f633ead7000, 0x00007f63930b1000)
 Metaspace       used 23103K, capacity 23465K, committed 23552K, reserved 24576K
}
Event: 10.431 GC heap before
{Heap before GC invocations=5 (full 2):
 def new generation   total 629248K, used 0K [0x00007f5d68600000, 0x00007f5d930c0000, 0x00007f62bdb50000)
  eden space 559360K,   0% used [0x00007f5d68600000, 0x00007f5d68600000, 0x00007f5d8a840000)
  from space 69888K,   0% used [0x00007f5d8a840000, 0x00007f5d8a8402c0, 0x00007f5d8ec80000)
  to   space 69888K,   0% used [0x00007f5d8ec80000, 0x00007f5d8ec80000, 0x00007f5d930c0000)
 tenured generation   total 3495300K, used 2113051K [0x00007f62bdb50000, 0x00007f63930b1000, 0x00007f6d68600000)
   the space 3495300K,  60% used [0x00007f62bdb50000, 0x00007f633ead6f38, 0x00007f633ead7000, 0x00007f63930b1000)
 Metaspace       used 23103K, capacity 23465K, committed 23552K, reserved 24576K
}
Event: 10.469 GC heap after
{Heap after GC invocations=5 (full 3):
 def new generation   total 1584832K, used 0K [0x00007f5d68600000, 0x00007f5dd3da0000, 0x00007f62bdb50000)
  eden space 1408768K,   0% used [0x00007f5d68600000, 0x00007f5d68600000, 0x00007f5dbe5c0000)
  from space 176064K,   0% used [0x00007f5dbe5c0000, 0x00007f5dbe5c0000, 0x00007f5dc91b0000)
  to   space 176064K,   0% used [0x00007f5dc91b0000, 0x00007f5dc91b0000, 0x00007f5dd3da0000)
 tenured generation   total 3521756K, used 2113052K [0x00007f62bdb50000, 0x00007f6394a87000, 0x00007f6d68600000)
   the space 3521756K,  59% used [0x00007f62bdb50000, 0x00007f633ead7128, 0x00007f633ead7200, 0x00007f6394a87000)
 Metaspace       used 23103K, capacity 23465K, committed 23552K, reserved 24576K
}
Event: 12.608 GC heap before
{Heap before GC invocations=5 (full 3):
 def new generation   total 1584832K, used 27837K [0x00007f5d68600000, 0x00007f5dd3da0000, 0x00007f62bdb50000)
  eden space 1408768K,   1% used [0x00007f5d68600000, 0x00007f5d6a12f7b8, 0x00007f5dbe5c0000)
  from space 176064K,   0% used [0x00007f5dbe5c0000, 0x00007f5dbe5c0000, 0x00007f5dc91b0000)
  to   space 176064K,   0% used [0x00007f5dc91b0000, 0x00007f5dc91b0000, 0x00007f5dd3da0000)
 tenured generation   total 5618912K, used 4210204K [0x00007f62bdb50000, 0x00007f6414a88000, 0x00007f6d68600000)
   the space 5618912K,  74% used [0x00007f62bdb50000, 0x00007f63bead7140, 0x00007f63bead7200, 0x00007f6414a88000)
 Metaspace       used 23103K, capacity 23465K, committed 23552K, reserved 24576K
}
Event: 12.613 GC heap after
{Heap after GC invocations=6 (full 3):
 def new generation   total 1584832K, used 0K [0x00007f5d68600000, 0x00007f5dd3da0000, 0x00007f62bdb50000)
  eden space 1408768K,   0% used [0x00007f5d68600000, 0x00007f5d68600000, 0x00007f5dbe5c0000)
  from space 176064K,   0% used [0x00007f5dc91b0000, 0x00007f5dc91b02c0, 0x00007f5dd3da0000)
  to   space 176064K,   0% used [0x00007f5dbe5c0000, 0x00007f5dbe5c0000, 0x00007f5dc91b0000)
 tenured generation   total 5618912K, used 4210204K [0x00007f62bdb50000, 0x00007f6414a88000, 0x00007f6d68600000)
   the space 5618912K,  74% used [0x00007f62bdb50000, 0x00007f63bead7140, 0x00007f63bead7200, 0x00007f6414a88000)
 Metaspace       used 23103K, capacity 23465K, committed 23552K, reserved 24576K
}
Event: 12.613 GC heap before
{Heap before GC invocations=6 (full 3):
 def new generation   total 1584832K, used 0K [0x00007f5d68600000, 0x00007f5dd3da0000, 0x00007f62bdb50000)
  eden space 1408768K,   0% used [0x00007f5d68600000, 0x00007f5d68600000, 0x00007f5dbe5c0000)
  from space 176064K,   0% used [0x00007f5dc91b0000, 0x00007f5dc91b02c0, 0x00007f5dd3da0000)
  to   space 176064K,   0% used [0x00007f5dbe5c0000, 0x00007f5dbe5c0000, 0x00007f5dc91b0000)
 tenured generation   total 5618912K, used 4210204K [0x00007f62bdb50000, 0x00007f6414a88000, 0x00007f6d68600000)
   the space 5618912K,  74% used [0x00007f62bdb50000, 0x00007f63bead7140, 0x00007f63bead7200, 0x00007f6414a88000)
 Metaspace       used 23103K, capacity 23465K, committed 23552K, reserved 24576K
}
Event: 15.227 GC heap after
{Heap after GC invocations=6 (full 4):
 def new generation   total 3152832K, used 0K [0x00007f5d68600000, 0x00007f5e3e300000, 0x00007f62bdb50000)
  eden space 2802560K,   0% used [0x00007f5d68600000, 0x00007f5d68600000, 0x00007f5e136e0000)
  from space 350272K,   0% used [0x00007f5e136e0000, 0x00007f5e136e0000, 0x00007f5e28cf0000)
  to   space 350272K,   0% used [0x00007f5e28cf0000, 0x00007f5e28cf0000, 0x00007f5e3e300000)
 tenured generation   total 7006180K, used 4203707K [0x00007f62bdb50000, 0x00007f6469549000, 0x00007f6d68600000)
   the space 7006180K,  59% used [0x00007f62bdb50000, 0x00007f63be47ecd0, 0x00007f63be47ee00, 0x00007f6469549000)
 Metaspace       used 23103K, capacity 23465K, committed 23552K, reserved 24576K
}

