# JRE version: OpenJDK Runtime Environment (13.0.7+5) (build 13.0.7+5-Ubuntu-0ubuntu120.04)
# Java VM: OpenJDK 64-Bit Server VM (13.0.7+5-Ubuntu-0ubuntu120.04, mixed mode, tiered, serial gc, linux-amd64)
Heap:
 def new generation   total 1048832K, used 7618K [0x00007f5928600000, 0x00007f596f800000, 0x00007f5e7db50000)
  eden space 932352K,   0% used [0x00007f5928600000, 0x00007f5928d70af0, 0x00007f5961480000)
  from space 116480K,   0% used [0x00007f5968640000, 0x00007f5968640000, 0x00007f596f800000)
  to   space 116480K,   0% used [0x00007f5961480000, 0x00007f5961480000, 0x00007f5968640000)
 tenured generation   total 2330944K, used 2330943K [0x00007f5e7db50000, 0x00007f5f0bfa0000, 0x00007f6928600000)
   the space 2330944K,  99% used [0x00007f5e7db50000, 0x00007f5f0bf9ff80, 0x00007f5f0bfa0000, 0x00007f5f0bfa0000)
 Metaspace       used 24280K, capacity 24694K, committed 24832K, reserved 26624K
GC Heap History (20 events):
Event: 1693.469 GC heap after
{Heap after GC invocations=6882 (full 2):
 def new generation   total 1048832K, used 7606K [0x00007f5928600000, 0x00007f596f800000, 0x00007f5e7db50000)
  eden space 932352K,   0% used [0x00007f5928600000, 0x00007f5928600000, 0x00007f5961480000)
  from space 116480K,   6% used [0x00007f5961480000, 0x00007f5961bedb60, 0x00007f5968640000)
  to   space 116480K,   0% used [0x00007f5968640000, 0x00007f5968640000, 0x00007f596f800000)
 tenured generation   total 2330560K, used 2327191K [0x00007f5e7db50000, 0x00007f5f0bf40000, 0x00007f6928600000)
   the space 2330560K,  99% used [0x00007f5e7db50000, 0x00007f5f0bbf5cd8, 0x00007f5f0bbf5e00, 0x00007f5f0bf40000)
 Metaspace       used 24280K, capacity 24694K, committed 24832K, reserved 26624K
}
Event: 1693.795 GC heap before
{Heap before GC invocations=6882 (full 2):
 def new generation   total 1048832K, used 939958K [0x00007f5928600000, 0x00007f596f800000, 0x00007f5e7db50000)
  eden space 932352K, 100% used [0x00007f5928600000, 0x00007f5961480000, 0x00007f5961480000)
  from space 116480K,   6% used [0x00007f5961480000, 0x00007f5961bedb60, 0x00007f5968640000)
  to   space 116480K,   0% used [0x00007f5968640000, 0x00007f5968640000, 0x00007f596f800000)
 tenured generation   total 2330560K, used 2327191K [0x00007f5e7db50000, 0x00007f5f0bf40000, 0x00007f6928600000)
   the space 2330560K,  99% used [0x00007f5e7db50000, 0x00007f5f0bbf5cd8, 0x00007f5f0bbf5e00, 0x00007f5f0bf40000)
 Metaspace       used 24280K, capacity 24694K, committed 24832K, reserved 26624K
}
Event: 1693.802 GC heap after
{Heap after GC invocations=6883 (full 2):
 def new generation   total 1048832K, used 7401K [0x00007f5928600000, 0x00007f596f800000, 0x00007f5e7db50000)
  eden space 932352K,   0% used [0x00007f5928600000, 0x00007f5928600000, 0x00007f5961480000)
  from space 116480K,   6% used [0x00007f5968640000, 0x00007f5968d7a668, 0x00007f596f800000)
  to   space 116480K,   0% used [0x00007f5961480000, 0x00007f5961480000, 0x00007f5968640000)
 tenured generation   total 2330560K, used 2327749K [0x00007f5e7db50000, 0x00007f5f0bf40000, 0x00007f6928600000)
   the space 2330560K,  99% used [0x00007f5e7db50000, 0x00007f5f0bc81510, 0x00007f5f0bc81600, 0x00007f5f0bf40000)
 Metaspace       used 24280K, capacity 24694K, committed 24832K, reserved 26624K
}
Event: 1694.134 GC heap before
{Heap before GC invocations=6883 (full 2):
 def new generation   total 1048832K, used 939753K [0x00007f5928600000, 0x00007f596f800000, 0x00007f5e7db50000)
  eden space 932352K, 100% used [0x00007f5928600000, 0x00007f5961480000, 0x00007f5961480000)
  from space 116480K,   6% used [0x00007f5968640000, 0x00007f5968d7a668, 0x00007f596f800000)
  to   space 116480K,   0% used [0x00007f5961480000, 0x00007f5961480000, 0x00007f5968640000)
 tenured generation   total 2330560K, used 2327749K [0x00007f5e7db50000, 0x00007f5f0bf40000, 0x00007f6928600000)
   the space 2330560K,  99% used [0x00007f5e7db50000, 0x00007f5f0bc81510, 0x00007f5f0bc81600, 0x00007f5f0bf40000)
 Metaspace       used 24280K, capacity 24694K, committed 24832K, reserved 26624K
}
Event: 1694.141 GC heap after
{Heap after GC invocations=6884 (full 2):
 def new generation   total 1048832K, used 7458K [0x00007f5928600000, 0x00007f596f800000, 0x00007f5e7db50000)
  eden space 932352K,   0% used [0x00007f5928600000, 0x00007f5928600000, 0x00007f5961480000)
  from space 116480K,   6% used [0x00007f5961480000, 0x00007f5961bc8b10, 0x00007f5968640000)
  to   space 116480K,   0% used [0x00007f5968640000, 0x00007f5968640000, 0x00007f596f800000)
 tenured generation   total 2330560K, used 2328059K [0x00007f5e7db50000, 0x00007f5f0bf40000, 0x00007f6928600000)
   the space 2330560K,  99% used [0x00007f5e7db50000, 0x00007f5f0bccedb0, 0x00007f5f0bccee00, 0x00007f5f0bf40000)
 Metaspace       used 24280K, capacity 24694K, committed 24832K, reserved 26624K
}
Event: 1694.465 GC heap before
{Heap before GC invocations=6884 (full 2):
 def new generation   total 1048832K, used 939810K [0x00007f5928600000, 0x00007f596f800000, 0x00007f5e7db50000)
  eden space 932352K, 100% used [0x00007f5928600000, 0x00007f5961480000, 0x00007f5961480000)
  from space 116480K,   6% used [0x00007f5961480000, 0x00007f5961bc8b10, 0x00007f5968640000)
  to   space 116480K,   0% used [0x00007f5968640000, 0x00007f5968640000, 0x00007f596f800000)
 tenured generation   total 2330560K, used 2328059K [0x00007f5e7db50000, 0x00007f5f0bf40000, 0x00007f6928600000)
   the space 2330560K,  99% used [0x00007f5e7db50000, 0x00007f5f0bccedb0, 0x00007f5f0bccee00, 0x00007f5f0bf40000)
 Metaspace       used 24280K, capacity 24694K, committed 24832K, reserved 26624K
}
Event: 1694.472 GC heap after
{Heap after GC invocations=6885 (full 2):
 def new generation   total 1048832K, used 7514K [0x00007f5928600000, 0x00007f596f800000, 0x00007f5e7db50000)
  eden space 932352K,   0% used [0x00007f5928600000, 0x00007f5928600000, 0x00007f5961480000)
  from space 116480K,   6% used [0x00007f5968640000, 0x00007f5968d96a28, 0x00007f596f800000)
  to   space 116480K,   0% used [0x00007f5961480000, 0x00007f5961480000, 0x00007f5968640000)
 tenured generation   total 2330560K, used 2328369K [0x00007f5e7db50000, 0x00007f5f0bf40000, 0x00007f6928600000)
   the space 2330560K,  99% used [0x00007f5e7db50000, 0x00007f5f0bd1c650, 0x00007f5f0bd1c800, 0x00007f5f0bf40000)
 Metaspace       used 24280K, capacity 24694K, committed 24832K, reserved 26624K
}
Event: 1694.793 GC heap before
{Heap before GC invocations=6885 (full 2):
 def new generation   total 1048832K, used 939866K [0x00007f5928600000, 0x00007f596f800000, 0x00007f5e7db50000)
  eden space 932352K, 100% used [0x00007f5928600000, 0x00007f5961480000, 0x00007f5961480000)
  from space 116480K,   6% used [0x00007f5968640000, 0x00007f5968d96a28, 0x00007f596f800000)
  to   space 116480K,   0% used [0x00007f5961480000, 0x00007f5961480000, 0x00007f5968640000)
 tenured generation   total 2330560K, used 2328369K [0x00007f5e7db50000, 0x00007f5f0bf40000, 0x00007f6928600000)
   the space 2330560K,  99% used [0x00007f5e7db50000, 0x00007f5f0bd1c650, 0x00007f5f0bd1c800, 0x00007f5f0bf40000)
 Metaspace       used 24280K, capacity 24694K, committed 24832K, reserved 26624K
}
Event: 1694.800 GC heap after
{Heap after GC invocations=6886 (full 2):
 def new generation   total 1048832K, used 7781K [0x00007f5928600000, 0x00007f596f800000, 0x00007f5e7db50000)
  eden space 932352K,   0% used [0x00007f5928600000, 0x00007f5928600000, 0x00007f5961480000)
  from space 116480K,   6% used [0x00007f5961480000, 0x00007f5961c19458, 0x00007f5968640000)
  to   space 116480K,   0% used [0x00007f5968640000, 0x00007f5968640000, 0x00007f596f800000)
 tenured generation   total 2330560K, used 2328760K [0x00007f5e7db50000, 0x00007f5f0bf40000, 0x00007f6928600000)
   the space 2330560K,  99% used [0x00007f5e7db50000, 0x00007f5f0bd7e100, 0x00007f5f0bd7e200, 0x00007f5f0bf40000)
 Metaspace       used 24280K, capacity 24694K, committed 24832K, reserved 26624K
}
Event: 1695.112 GC heap before
{Heap before GC invocations=6886 (full 2):
 def new generation   total 1048832K, used 940133K [0x00007f5928600000, 0x00007f596f800000, 0x00007f5e7db50000)
  eden space 932352K, 100% used [0x00007f5928600000, 0x00007f5961480000, 0x00007f5961480000)
  from space 116480K,   6% used [0x00007f5961480000, 0x00007f5961c19458, 0x00007f5968640000)
  to   space 116480K,   0% used [0x00007f5968640000, 0x00007f5968640000, 0x00007f596f800000)
 tenured generation   total 2330560K, used 2328760K [0x00007f5e7db50000, 0x00007f5f0bf40000, 0x00007f6928600000)
   the space 2330560K,  99% used [0x00007f5e7db50000, 0x00007f5f0bd7e100, 0x00007f5f0bd7e200, 0x00007f5f0bf40000)
 Metaspace       used 24280K, capacity 24694K, committed 24832K, reserved 26624K
}
Event: 1695.120 GC heap after
{Heap after GC invocations=6887 (full 2):
 def new generation   total 1048832K, used 8004K [0x00007f5928600000, 0x00007f596f800000, 0x00007f5e7db50000)
  eden space 932352K,   0% used [0x00007f5928600000, 0x00007f5928600000, 0x00007f5961480000)
  from space 116480K,   6% used [0x00007f5968640000, 0x00007f5968e11388, 0x00007f596f800000)
  to   space 116480K,   0% used [0x00007f5961480000, 0x00007f5961480000, 0x00007f5968640000)
 tenured generation   total 2330560K, used 2329196K [0x00007f5e7db50000, 0x00007f5f0bf40000, 0x00007f6928600000)
   the space 2330560K,  99% used [0x00007f5e7db50000, 0x00007f5f0bdeb300, 0x00007f5f0bdeb400, 0x00007f5f0bf40000)
 Metaspace       used 24280K, capacity 24694K, committed 24832K, reserved 26624K
}
Event: 1695.450 GC heap before
{Heap before GC invocations=6887 (full 2):
 def new generation   total 1048832K, used 940356K [0x00007f5928600000, 0x00007f596f800000, 0x00007f5e7db50000)
  eden space 932352K, 100% used [0x00007f5928600000, 0x00007f5961480000, 0x00007f5961480000)
  from space 116480K,   6% used [0x00007f5968640000, 0x00007f5968e11388, 0x00007f596f800000)
  to   space 116480K,   0% used [0x00007f5961480000, 0x00007f5961480000, 0x00007f5968640000)
 tenured generation   total 2330560K, used 2329196K [0x00007f5e7db50000, 0x00007f5f0bf40000, 0x00007f6928600000)
   the space 2330560K,  99% used [0x00007f5e7db50000, 0x00007f5f0bdeb300, 0x00007f5f0bdeb400, 0x00007f5f0bf40000)
 Metaspace       used 24280K, capacity 24694K, committed 24832K, reserved 26624K
}
Event: 1695.458 GC heap after
{Heap after GC invocations=6888 (full 2):
 def new generation   total 1048832K, used 7988K [0x00007f5928600000, 0x00007f596f800000, 0x00007f5e7db50000)
  eden space 932352K,   0% used [0x00007f5928600000, 0x00007f5928600000, 0x00007f5961480000)
  from space 116480K,   6% used [0x00007f5961480000, 0x00007f5961c4d1f0, 0x00007f5968640000)
  to   space 116480K,   0% used [0x00007f5968640000, 0x00007f5968640000, 0x00007f596f800000)
 tenured generation   total 2330560K, used 2329633K [0x00007f5e7db50000, 0x00007f5f0bf40000, 0x00007f6928600000)
   the space 2330560K,  99% used [0x00007f5e7db50000, 0x00007f5f0be58500, 0x00007f5f0be58600, 0x00007f5f0bf40000)
 Metaspace       used 24280K, capacity 24694K, committed 24832K, reserved 26624K
}
Event: 1695.790 GC heap before
{Heap before GC invocations=6888 (full 2):
 def new generation   total 1048832K, used 940340K [0x00007f5928600000, 0x00007f596f800000, 0x00007f5e7db50000)
  eden space 932352K, 100% used [0x00007f5928600000, 0x00007f5961480000, 0x00007f5961480000)
  from space 116480K,   6% used [0x00007f5961480000, 0x00007f5961c4d1f0, 0x00007f5968640000)
  to   space 116480K,   0% used [0x00007f5968640000, 0x00007f5968640000, 0x00007f596f800000)
 tenured generation   total 2330560K, used 2329633K [0x00007f5e7db50000, 0x00007f5f0bf40000, 0x00007f6928600000)
   the space 2330560K,  99% used [0x00007f5e7db50000, 0x00007f5f0be58500, 0x00007f5f0be58600, 0x00007f5f0bf40000)
 Metaspace       used 24280K, capacity 24694K, committed 24832K, reserved 26624K
}
Event: 1695.798 GC heap after
{Heap after GC invocations=6889 (full 2):
 def new generation   total 1048832K, used 7861K [0x00007f5928600000, 0x00007f596f800000, 0x00007f5e7db50000)
  eden space 932352K,   0% used [0x00007f5928600000, 0x00007f5928600000, 0x00007f5961480000)
  from space 116480K,   6% used [0x00007f5968640000, 0x00007f5968ded4d8, 0x00007f596f800000)
  to   space 116480K,   0% used [0x00007f5961480000, 0x00007f5961480000, 0x00007f5968640000)
 tenured generation   total 2330560K, used 2330069K [0x00007f5e7db50000, 0x00007f5f0bf40000, 0x00007f6928600000)
   the space 2330560K,  99% used [0x00007f5e7db50000, 0x00007f5f0bec5700, 0x00007f5f0bec5800, 0x00007f5f0bf40000)
 Metaspace       used 24280K, capacity 24694K, committed 24832K, reserved 26624K
}
Event: 1696.128 GC heap before
{Heap before GC invocations=6889 (full 2):
 def new generation   total 1048832K, used 940213K [0x00007f5928600000, 0x00007f596f800000, 0x00007f5e7db50000)
  eden space 932352K, 100% used [0x00007f5928600000, 0x00007f5961480000, 0x00007f5961480000)
  from space 116480K,   6% used [0x00007f5968640000, 0x00007f5968ded4d8, 0x00007f596f800000)
  to   space 116480K,   0% used [0x00007f5961480000, 0x00007f5961480000, 0x00007f5968640000)
 tenured generation   total 2330560K, used 2330069K [0x00007f5e7db50000, 0x00007f5f0bf40000, 0x00007f6928600000)
   the space 2330560K,  99% used [0x00007f5e7db50000, 0x00007f5f0bec5700, 0x00007f5f0bec5800, 0x00007f5f0bf40000)
 Metaspace       used 24280K, capacity 24694K, committed 24832K, reserved 26624K
}
Event: 1696.134 GC heap after
{Heap after GC invocations=6890 (full 2):
 def new generation   total 1048832K, used 7735K [0x00007f5928600000, 0x00007f596f800000, 0x00007f5e7db50000)
  eden space 932352K,   0% used [0x00007f5928600000, 0x00007f5928600000, 0x00007f5961480000)
  from space 116480K,   6% used [0x00007f5961480000, 0x00007f5961c0dd50, 0x00007f5968640000)
  to   space 116480K,   0% used [0x00007f5968640000, 0x00007f5968640000, 0x00007f596f800000)
 tenured generation   total 2330560K, used 2330506K [0x00007f5e7db50000, 0x00007f5f0bf40000, 0x00007f6928600000)
   the space 2330560K,  99% used [0x00007f5e7db50000, 0x00007f5f0bf32900, 0x00007f5f0bf32a00, 0x00007f5f0bf40000)
 Metaspace       used 24280K, capacity 24694K, committed 24832K, reserved 26624K
}
Event: 1696.470 GC heap before
{Heap before GC invocations=6890 (full 2):
 def new generation   total 1048832K, used 940087K [0x00007f5928600000, 0x00007f596f800000, 0x00007f5e7db50000)
  eden space 932352K, 100% used [0x00007f5928600000, 0x00007f5961480000, 0x00007f5961480000)
  from space 116480K,   6% used [0x00007f5961480000, 0x00007f5961c0dd50, 0x00007f5968640000)
  to   space 116480K,   0% used [0x00007f5968640000, 0x00007f5968640000, 0x00007f596f800000)
 tenured generation   total 2330560K, used 2330506K [0x00007f5e7db50000, 0x00007f5f0bf40000, 0x00007f6928600000)
   the space 2330560K,  99% used [0x00007f5e7db50000, 0x00007f5f0bf32900, 0x00007f5f0bf32a00, 0x00007f5f0bf40000)
 Metaspace       used 24280K, capacity 24694K, committed 24832K, reserved 26624K
}
Event: 1696.478 GC heap after
{Heap after GC invocations=6891 (full 2):
 def new generation   total 1048832K, used 7619K [0x00007f5928600000, 0x00007f596f800000, 0x00007f5e7db50000)
  eden space 932352K,   0% used [0x00007f5928600000, 0x00007f5928600000, 0x00007f5961480000)
  from space 116480K,   6% used [0x00007f5968640000, 0x00007f5968db0f70, 0x00007f596f800000)
  to   space 116480K,   0% used [0x00007f5961480000, 0x00007f5961480000, 0x00007f5968640000)
 tenured generation   total 2330944K, used 2330942K [0x00007f5e7db50000, 0x00007f5f0bfa0000, 0x00007f6928600000)
   the space 2330944K,  99% used [0x00007f5e7db50000, 0x00007f5f0bf9fb00, 0x00007f5f0bf9fc00, 0x00007f5f0bfa0000)
 Metaspace       used 24280K, capacity 24694K, committed 24832K, reserved 26624K
}
Event: 1696.478 GC heap before
{Heap before GC invocations=6891 (full 2):
 def new generation   total 1048832K, used 7619K [0x00007f5928600000, 0x00007f596f800000, 0x00007f5e7db50000)
  eden space 932352K,   0% used [0x00007f5928600000, 0x00007f5928600000, 0x00007f5961480000)
  from space 116480K,   6% used [0x00007f5968640000, 0x00007f5968db0f70, 0x00007f596f800000)
  to   space 116480K,   0% used [0x00007f5961480000, 0x00007f5961480000, 0x00007f5968640000)
 tenured generation   total 2330944K, used 2330942K [0x00007f5e7db50000, 0x00007f5f0bfa0000, 0x00007f6928600000)
   the space 2330944K,  99% used [0x00007f5e7db50000, 0x00007f5f0bf9fb00, 0x00007f5f0bf9fc00, 0x00007f5f0bfa0000)
 Metaspace       used 24280K, capacity 24694K, committed 24832K, reserved 26624K
}

