# JRE version: OpenJDK Runtime Environment (13.0.7+5) (build 13.0.7+5-Ubuntu-0ubuntu120.04)
# Java VM: OpenJDK 64-Bit Server VM (13.0.7+5-Ubuntu-0ubuntu120.04, mixed mode, tiered, serial gc, linux-amd64)
Heap:
 def new generation   total 2729216K, used 147948K [0x00007f338c600000, 0x00007f3445760000, 0x00007f3e370a0000)
  eden space 2425984K,   6% used [0x00007f338c600000, 0x00007f339567b3b8, 0x00007f3420720000)
  from space 303232K,   0% used [0x00007f3432f40000, 0x00007f3432f40000, 0x00007f3445760000)
  to   space 303232K,   0% used [0x00007f3420720000, 0x00007f3420720000, 0x00007f3432f40000)
 tenured generation   total 6081172K, used 6080940K [0x00007f3e370a0000, 0x00007f3faa345000, 0x00007f538c600000)
   the space 6081172K,  99% used [0x00007f3e370a0000, 0x00007f3faa30b3a8, 0x00007f3faa30b400, 0x00007f3faa345000)
 Metaspace       used 24288K, capacity 24707K, committed 24832K, reserved 26624K
GC Heap History (20 events):
Event: 1958.555 GC heap after
{Heap after GC invocations=1588 (full 6):
 def new generation   total 2729216K, used 175213K [0x00007f338c600000, 0x00007f3445760000, 0x00007f3e370a0000)
  eden space 2425984K,   0% used [0x00007f338c600000, 0x00007f338c600000, 0x00007f3420720000)
  from space 303232K,  57% used [0x00007f3420720000, 0x00007f342b23b428, 0x00007f3432f40000)
  to   space 303232K,   0% used [0x00007f3432f40000, 0x00007f3432f40000, 0x00007f3445760000)
 tenured generation   total 6064784K, used 5974021K [0x00007f3e370a0000, 0x00007f3fa9344000, 0x00007f538c600000)
   the space 6064784K,  98% used [0x00007f3e370a0000, 0x00007f3fa3aa1720, 0x00007f3fa3aa1800, 0x00007f3fa9344000)
 Metaspace       used 24288K, capacity 24707K, committed 24832K, reserved 26624K
}
Event: 1961.407 GC heap before
{Heap before GC invocations=1588 (full 6):
 def new generation   total 2729216K, used 2601197K [0x00007f338c600000, 0x00007f3445760000, 0x00007f3e370a0000)
  eden space 2425984K, 100% used [0x00007f338c600000, 0x00007f3420720000, 0x00007f3420720000)
  from space 303232K,  57% used [0x00007f3420720000, 0x00007f342b23b428, 0x00007f3432f40000)
  to   space 303232K,   0% used [0x00007f3432f40000, 0x00007f3432f40000, 0x00007f3445760000)
 tenured generation   total 6064784K, used 5974021K [0x00007f3e370a0000, 0x00007f3fa9344000, 0x00007f538c600000)
   the space 6064784K,  98% used [0x00007f3e370a0000, 0x00007f3fa3aa1720, 0x00007f3fa3aa1800, 0x00007f3fa9344000)
 Metaspace       used 24288K, capacity 24707K, committed 24832K, reserved 26624K
}
Event: 1961.549 GC heap after
{Heap after GC invocations=1589 (full 6):
 def new generation   total 2729216K, used 135655K [0x00007f338c600000, 0x00007f3445760000, 0x00007f3e370a0000)
  eden space 2425984K,   0% used [0x00007f338c600000, 0x00007f338c600000, 0x00007f3420720000)
  from space 303232K,  44% used [0x00007f3432f40000, 0x00007f343b3b9ce8, 0x00007f3445760000)
  to   space 303232K,   0% used [0x00007f3420720000, 0x00007f3420720000, 0x00007f3432f40000)
 tenured generation   total 6064784K, used 6007939K [0x00007f3e370a0000, 0x00007f3fa9344000, 0x00007f538c600000)
   the space 6064784K,  99% used [0x00007f3e370a0000, 0x00007f3fa5bc0cf0, 0x00007f3fa5bc0e00, 0x00007f3fa9344000)
 Metaspace       used 24288K, capacity 24707K, committed 24832K, reserved 26624K
}
Event: 1964.670 GC heap before
{Heap before GC invocations=1589 (full 6):
 def new generation   total 2729216K, used 2561639K [0x00007f338c600000, 0x00007f3445760000, 0x00007f3e370a0000)
  eden space 2425984K, 100% used [0x00007f338c600000, 0x00007f3420720000, 0x00007f3420720000)
  from space 303232K,  44% used [0x00007f3432f40000, 0x00007f343b3b9ce8, 0x00007f3445760000)
  to   space 303232K,   0% used [0x00007f3420720000, 0x00007f3420720000, 0x00007f3432f40000)
 tenured generation   total 6064784K, used 6007939K [0x00007f3e370a0000, 0x00007f3fa9344000, 0x00007f538c600000)
   the space 6064784K,  99% used [0x00007f3e370a0000, 0x00007f3fa5bc0cf0, 0x00007f3fa5bc0e00, 0x00007f3fa9344000)
 Metaspace       used 24288K, capacity 24707K, committed 24832K, reserved 26624K
}
Event: 1964.782 GC heap after
{Heap after GC invocations=1590 (full 6):
 def new generation   total 2729216K, used 147475K [0x00007f338c600000, 0x00007f3445760000, 0x00007f3e370a0000)
  eden space 2425984K,   0% used [0x00007f338c600000, 0x00007f338c600000, 0x00007f3420720000)
  from space 303232K,  48% used [0x00007f3420720000, 0x00007f3429724e18, 0x00007f3432f40000)
  to   space 303232K,   0% used [0x00007f3432f40000, 0x00007f3432f40000, 0x00007f3445760000)
 tenured generation   total 6064784K, used 6007939K [0x00007f3e370a0000, 0x00007f3fa9344000, 0x00007f538c600000)
   the space 6064784K,  99% used [0x00007f3e370a0000, 0x00007f3fa5bc0cf0, 0x00007f3fa5bc0e00, 0x00007f3fa9344000)
 Metaspace       used 24288K, capacity 24707K, committed 24832K, reserved 26624K
}
Event: 1967.463 GC heap before
{Heap before GC invocations=1590 (full 6):
 def new generation   total 2729216K, used 2565046K [0x00007f338c600000, 0x00007f3445760000, 0x00007f3e370a0000)
  eden space 2425984K,  99% used [0x00007f338c600000, 0x00007f341fee8cd8, 0x00007f3420720000)
  from space 303232K,  48% used [0x00007f3420720000, 0x00007f3429724e18, 0x00007f3432f40000)
  to   space 303232K,   0% used [0x00007f3432f40000, 0x00007f3432f40000, 0x00007f3445760000)
 tenured generation   total 6064784K, used 6007939K [0x00007f3e370a0000, 0x00007f3fa9344000, 0x00007f538c600000)
   the space 6064784K,  99% used [0x00007f3e370a0000, 0x00007f3fa5bc0cf0, 0x00007f3fa5bc0e00, 0x00007f3fa9344000)
 Metaspace       used 24288K, capacity 24707K, committed 24832K, reserved 26624K
}
Event: 1967.580 GC heap after
{Heap after GC invocations=1591 (full 6):
 def new generation   total 2729216K, used 154687K [0x00007f338c600000, 0x00007f3445760000, 0x00007f3e370a0000)
  eden space 2425984K,   0% used [0x00007f338c600000, 0x00007f338c600000, 0x00007f3420720000)
  from space 303232K,  51% used [0x00007f3432f40000, 0x00007f343c64ff70, 0x00007f3445760000)
  to   space 303232K,   0% used [0x00007f3420720000, 0x00007f3420720000, 0x00007f3432f40000)
 tenured generation   total 6064784K, used 6007939K [0x00007f3e370a0000, 0x00007f3fa9344000, 0x00007f538c600000)
   the space 6064784K,  99% used [0x00007f3e370a0000, 0x00007f3fa5bc0cf0, 0x00007f3fa5bc0e00, 0x00007f3fa9344000)
 Metaspace       used 24288K, capacity 24707K, committed 24832K, reserved 26624K
}
Event: 1970.869 GC heap before
{Heap before GC invocations=1591 (full 6):
 def new generation   total 2729216K, used 2580671K [0x00007f338c600000, 0x00007f3445760000, 0x00007f3e370a0000)
  eden space 2425984K, 100% used [0x00007f338c600000, 0x00007f3420720000, 0x00007f3420720000)
  from space 303232K,  51% used [0x00007f3432f40000, 0x00007f343c64ff70, 0x00007f3445760000)
  to   space 303232K,   0% used [0x00007f3420720000, 0x00007f3420720000, 0x00007f3432f40000)
 tenured generation   total 6064784K, used 6007939K [0x00007f3e370a0000, 0x00007f3fa9344000, 0x00007f538c600000)
   the space 6064784K,  99% used [0x00007f3e370a0000, 0x00007f3fa5bc0cf0, 0x00007f3fa5bc0e00, 0x00007f3fa9344000)
 Metaspace       used 24288K, capacity 24707K, committed 24832K, reserved 26624K
}
Event: 1971.031 GC heap after
{Heap after GC invocations=1592 (full 6):
 def new generation   total 2729216K, used 152101K [0x00007f338c600000, 0x00007f3445760000, 0x00007f3e370a0000)
  eden space 2425984K,   0% used [0x00007f338c600000, 0x00007f338c600000, 0x00007f3420720000)
  from space 303232K,  50% used [0x00007f3420720000, 0x00007f3429ba95b0, 0x00007f3432f40000)
  to   space 303232K,   0% used [0x00007f3432f40000, 0x00007f3432f40000, 0x00007f3445760000)
 tenured generation   total 6064784K, used 6024897K [0x00007f3e370a0000, 0x00007f3fa9344000, 0x00007f538c600000)
   the space 6064784K,  99% used [0x00007f3e370a0000, 0x00007f3fa6c507d8, 0x00007f3fa6c50800, 0x00007f3fa9344000)
 Metaspace       used 24288K, capacity 24707K, committed 24832K, reserved 26624K
}
Event: 1973.797 GC heap before
{Heap before GC invocations=1592 (full 6):
 def new generation   total 2729216K, used 2571975K [0x00007f338c600000, 0x00007f3445760000, 0x00007f3e370a0000)
  eden space 2425984K,  99% used [0x00007f338c600000, 0x00007f34201288c8, 0x00007f3420720000)
  from space 303232K,  50% used [0x00007f3420720000, 0x00007f3429ba95b0, 0x00007f3432f40000)
  to   space 303232K,   0% used [0x00007f3432f40000, 0x00007f3432f40000, 0x00007f3445760000)
 tenured generation   total 6064784K, used 6024897K [0x00007f3e370a0000, 0x00007f3fa9344000, 0x00007f538c600000)
   the space 6064784K,  99% used [0x00007f3e370a0000, 0x00007f3fa6c507d8, 0x00007f3fa6c50800, 0x00007f3fa9344000)
 Metaspace       used 24288K, capacity 24707K, committed 24832K, reserved 26624K
}
Event: 1973.935 GC heap after
{Heap after GC invocations=1593 (full 6):
 def new generation   total 2729216K, used 143381K [0x00007f338c600000, 0x00007f3445760000, 0x00007f3e370a0000)
  eden space 2425984K,   0% used [0x00007f338c600000, 0x00007f338c600000, 0x00007f3420720000)
  from space 303232K,  47% used [0x00007f3432f40000, 0x00007f343bb45528, 0x00007f3445760000)
  to   space 303232K,   0% used [0x00007f3420720000, 0x00007f3420720000, 0x00007f3432f40000)
 tenured generation   total 6064784K, used 6041856K [0x00007f3e370a0000, 0x00007f3fa9344000, 0x00007f538c600000)
   the space 6064784K,  99% used [0x00007f3e370a0000, 0x00007f3fa7ce02c0, 0x00007f3fa7ce0400, 0x00007f3fa9344000)
 Metaspace       used 24288K, capacity 24707K, committed 24832K, reserved 26624K
}
Event: 1976.774 GC heap before
{Heap before GC invocations=1593 (full 6):
 def new generation   total 2729216K, used 2569365K [0x00007f338c600000, 0x00007f3445760000, 0x00007f3e370a0000)
  eden space 2425984K, 100% used [0x00007f338c600000, 0x00007f3420720000, 0x00007f3420720000)
  from space 303232K,  47% used [0x00007f3432f40000, 0x00007f343bb45528, 0x00007f3445760000)
  to   space 303232K,   0% used [0x00007f3420720000, 0x00007f3420720000, 0x00007f3432f40000)
 tenured generation   total 6064784K, used 6041856K [0x00007f3e370a0000, 0x00007f3fa9344000, 0x00007f538c600000)
   the space 6064784K,  99% used [0x00007f3e370a0000, 0x00007f3fa7ce02c0, 0x00007f3fa7ce0400, 0x00007f3fa9344000)
 Metaspace       used 24288K, capacity 24707K, committed 24832K, reserved 26624K
}
Event: 1976.895 GC heap after
{Heap after GC invocations=1594 (full 6):
 def new generation   total 2729216K, used 152603K [0x00007f338c600000, 0x00007f3445760000, 0x00007f3e370a0000)
  eden space 2425984K,   0% used [0x00007f338c600000, 0x00007f338c600000, 0x00007f3420720000)
  from space 303232K,  50% used [0x00007f3420720000, 0x00007f3429c26da8, 0x00007f3432f40000)
  to   space 303232K,   0% used [0x00007f3432f40000, 0x00007f3432f40000, 0x00007f3445760000)
 tenured generation   total 6064784K, used 6041856K [0x00007f3e370a0000, 0x00007f3fa9344000, 0x00007f538c600000)
   the space 6064784K,  99% used [0x00007f3e370a0000, 0x00007f3fa7ce02c0, 0x00007f3fa7ce0400, 0x00007f3fa9344000)
 Metaspace       used 24288K, capacity 24707K, committed 24832K, reserved 26624K
}
Event: 1980.046 GC heap before
{Heap before GC invocations=1594 (full 6):
 def new generation   total 2729216K, used 2578587K [0x00007f338c600000, 0x00007f3445760000, 0x00007f3e370a0000)
  eden space 2425984K, 100% used [0x00007f338c600000, 0x00007f3420720000, 0x00007f3420720000)
  from space 303232K,  50% used [0x00007f3420720000, 0x00007f3429c26da8, 0x00007f3432f40000)
  to   space 303232K,   0% used [0x00007f3432f40000, 0x00007f3432f40000, 0x00007f3445760000)
 tenured generation   total 6064784K, used 6041856K [0x00007f3e370a0000, 0x00007f3fa9344000, 0x00007f538c600000)
   the space 6064784K,  99% used [0x00007f3e370a0000, 0x00007f3fa7ce02c0, 0x00007f3fa7ce0400, 0x00007f3fa9344000)
 Metaspace       used 24288K, capacity 24707K, committed 24832K, reserved 26624K
}
Event: 1980.204 GC heap after
{Heap after GC invocations=1595 (full 6):
 def new generation   total 2729216K, used 149542K [0x00007f338c600000, 0x00007f3445760000, 0x00007f3e370a0000)
  eden space 2425984K,   0% used [0x00007f338c600000, 0x00007f338c600000, 0x00007f3420720000)
  from space 303232K,  49% used [0x00007f3432f40000, 0x00007f343c149820, 0x00007f3445760000)
  to   space 303232K,   0% used [0x00007f3420720000, 0x00007f3420720000, 0x00007f3432f40000)
 tenured generation   total 6064784K, used 6058815K [0x00007f3e370a0000, 0x00007f3fa9344000, 0x00007f538c600000)
   the space 6064784K,  99% used [0x00007f3e370a0000, 0x00007f3fa8d6fda8, 0x00007f3fa8d6fe00, 0x00007f3fa9344000)
 Metaspace       used 24288K, capacity 24707K, committed 24832K, reserved 26624K
}
Event: 1982.774 GC heap before
{Heap before GC invocations=1595 (full 6):
 def new generation   total 2729216K, used 2575526K [0x00007f338c600000, 0x00007f3445760000, 0x00007f3e370a0000)
  eden space 2425984K, 100% used [0x00007f338c600000, 0x00007f3420720000, 0x00007f3420720000)
  from space 303232K,  49% used [0x00007f3432f40000, 0x00007f343c149820, 0x00007f3445760000)
  to   space 303232K,   0% used [0x00007f3420720000, 0x00007f3420720000, 0x00007f3432f40000)
 tenured generation   total 6064784K, used 6058815K [0x00007f3e370a0000, 0x00007f3fa9344000, 0x00007f538c600000)
   the space 6064784K,  99% used [0x00007f3e370a0000, 0x00007f3fa8d6fda8, 0x00007f3fa8d6fe00, 0x00007f3fa9344000)
 Metaspace       used 24288K, capacity 24707K, committed 24832K, reserved 26624K
}
Event: 1982.903 GC heap after
{Heap after GC invocations=1596 (full 6):
 def new generation   total 2729216K, used 156214K [0x00007f338c600000, 0x00007f3445760000, 0x00007f3e370a0000)
  eden space 2425984K,   0% used [0x00007f338c600000, 0x00007f338c600000, 0x00007f3420720000)
  from space 303232K,  51% used [0x00007f3420720000, 0x00007f3429fad828, 0x00007f3432f40000)
  to   space 303232K,   0% used [0x00007f3432f40000, 0x00007f3432f40000, 0x00007f3445760000)
 tenured generation   total 6064784K, used 6058815K [0x00007f3e370a0000, 0x00007f3fa9344000, 0x00007f538c600000)
   the space 6064784K,  99% used [0x00007f3e370a0000, 0x00007f3fa8d6fda8, 0x00007f3fa8d6fe00, 0x00007f3fa9344000)
 Metaspace       used 24288K, capacity 24707K, committed 24832K, reserved 26624K
}
Event: 1985.842 GC heap before
{Heap before GC invocations=1596 (full 6):
 def new generation   total 2729216K, used 2582198K [0x00007f338c600000, 0x00007f3445760000, 0x00007f3e370a0000)
  eden space 2425984K, 100% used [0x00007f338c600000, 0x00007f3420720000, 0x00007f3420720000)
  from space 303232K,  51% used [0x00007f3420720000, 0x00007f3429fad828, 0x00007f3432f40000)
  to   space 303232K,   0% used [0x00007f3432f40000, 0x00007f3432f40000, 0x00007f3445760000)
 tenured generation   total 6064784K, used 6058815K [0x00007f3e370a0000, 0x00007f3fa9344000, 0x00007f538c600000)
   the space 6064784K,  99% used [0x00007f3e370a0000, 0x00007f3fa8d6fda8, 0x00007f3fa8d6fe00, 0x00007f3fa9344000)
 Metaspace       used 24288K, capacity 24707K, committed 24832K, reserved 26624K
}
Event: 1986.016 GC heap after
{Heap after GC invocations=1597 (full 6):
 def new generation   total 2729216K, used 153115K [0x00007f338c600000, 0x00007f3445760000, 0x00007f3e370a0000)
  eden space 2425984K,   0% used [0x00007f338c600000, 0x00007f338c600000, 0x00007f3420720000)
  from space 303232K,  50% used [0x00007f3432f40000, 0x00007f343c4c6ed0, 0x00007f3445760000)
  to   space 303232K,   0% used [0x00007f3420720000, 0x00007f3420720000, 0x00007f3432f40000)
 tenured generation   total 6081172K, used 6075774K [0x00007f3e370a0000, 0x00007f3faa345000, 0x00007f538c600000)
   the space 6081172K,  99% used [0x00007f3e370a0000, 0x00007f3fa9dff890, 0x00007f3fa9dffa00, 0x00007f3faa345000)
 Metaspace       used 24288K, capacity 24707K, committed 24832K, reserved 26624K
}
Event: 1986.017 GC heap before
{Heap before GC invocations=1597 (full 6):
 def new generation   total 2729216K, used 153115K [0x00007f338c600000, 0x00007f3445760000, 0x00007f3e370a0000)
  eden space 2425984K,   0% used [0x00007f338c600000, 0x00007f338c600000, 0x00007f3420720000)
  from space 303232K,  50% used [0x00007f3432f40000, 0x00007f343c4c6ed0, 0x00007f3445760000)
  to   space 303232K,   0% used [0x00007f3420720000, 0x00007f3420720000, 0x00007f3432f40000)
 tenured generation   total 6081172K, used 6075774K [0x00007f3e370a0000, 0x00007f3faa345000, 0x00007f538c600000)
   the space 6081172K,  99% used [0x00007f3e370a0000, 0x00007f3fa9dff890, 0x00007f3fa9dffa00, 0x00007f3faa345000)
 Metaspace       used 24288K, capacity 24707K, committed 24832K, reserved 26624K
}

