# JRE version: OpenJDK Runtime Environment (13.0.7+5) (build 13.0.7+5-Ubuntu-0ubuntu120.04)
# Java VM: OpenJDK 64-Bit Server VM (13.0.7+5-Ubuntu-0ubuntu120.04, mixed mode, tiered, serial gc, linux-amd64)
Heap:
 def new generation   total 1581632K, used 0K [0x00007fcb68600000, 0x00007fcbd3a20000, 0x00007fd0bdb50000)
  eden space 1405952K,   0% used [0x00007fcb68600000, 0x00007fcb68600000, 0x00007fcbbe300000)
  from space 175680K,   0% used [0x00007fcbbe300000, 0x00007fcbbe300000, 0x00007fcbc8e90000)
  to   space 175680K,   0% used [0x00007fcbc8e90000, 0x00007fcbc8e90000, 0x00007fcbd3a20000)
 tenured generation   total 3514492K, used 2108694K [0x00007fd0bdb50000, 0x00007fd19436f000, 0x00007fdb68600000)
   the space 3514492K,  59% used [0x00007fd0bdb50000, 0x00007fd13e695958, 0x00007fd13e695a00, 0x00007fd19436f000)
 Metaspace       used 23048K, capacity 23450K, committed 23552K, reserved 24576K
GC Heap History (20 events):
Event: 9.935 GC heap before
{Heap before GC invocations=5 (full 1):
 def new generation   total 629248K, used 535386K [0x00007fcb68600000, 0x00007fcb930c0000, 0x00007fd0bdb50000)
  eden space 559360K,  95% used [0x00007fcb68600000, 0x00007fcb890d6758, 0x00007fcb8a840000)
  from space 69888K,   0% used [0x00007fcb8a840000, 0x00007fcb8a840170, 0x00007fcb8ec80000)
  to   space 69888K,   0% used [0x00007fcb8ec80000, 0x00007fcb8ec80000, 0x00007fcb930c0000)
 tenured generation   total 1398144K, used 604588K [0x00007fd0bdb50000, 0x00007fd1130b0000, 0x00007fdb68600000)
   the space 1398144K,  43% used [0x00007fd0bdb50000, 0x00007fd0e29bb340, 0x00007fd0e29bb400, 0x00007fd1130b0000)
 Metaspace       used 23048K, capacity 23450K, committed 23552K, reserved 24576K
}
Event: 10.721 GC heap after
{Heap after GC invocations=6 (full 1):
 def new generation   total 629248K, used 1K [0x00007fcb68600000, 0x00007fcb930c0000, 0x00007fd0bdb50000)
  eden space 559360K,   0% used [0x00007fcb68600000, 0x00007fcb68600000, 0x00007fcb8a840000)
  from space 69888K,   0% used [0x00007fcb8ec80000, 0x00007fcb8ec80658, 0x00007fcb930c0000)
  to   space 69888K,   0% used [0x00007fcb8a840000, 0x00007fcb8a840000, 0x00007fcb8ec80000)
 tenured generation   total 1398144K, used 1128876K [0x00007fd0bdb50000, 0x00007fd1130b0000, 0x00007fdb68600000)
   the space 1398144K,  80% used [0x00007fd0bdb50000, 0x00007fd1029bb370, 0x00007fd1029bb400, 0x00007fd1130b0000)
 Metaspace       used 23048K, capacity 23450K, committed 23552K, reserved 24576K
}
Event: 10.721 GC heap before
{Heap before GC invocations=6 (full 1):
 def new generation   total 629248K, used 1K [0x00007fcb68600000, 0x00007fcb930c0000, 0x00007fd0bdb50000)
  eden space 559360K,   0% used [0x00007fcb68600000, 0x00007fcb68600000, 0x00007fcb8a840000)
  from space 69888K,   0% used [0x00007fcb8ec80000, 0x00007fcb8ec80658, 0x00007fcb930c0000)
  to   space 69888K,   0% used [0x00007fcb8a840000, 0x00007fcb8a840000, 0x00007fcb8ec80000)
 tenured generation   total 1398144K, used 1128876K [0x00007fd0bdb50000, 0x00007fd1130b0000, 0x00007fdb68600000)
   the space 1398144K,  80% used [0x00007fd0bdb50000, 0x00007fd1029bb370, 0x00007fd1029bb400, 0x00007fd1130b0000)
 Metaspace       used 23048K, capacity 23450K, committed 23552K, reserved 24576K
}
Event: 11.054 GC heap after
{Heap after GC invocations=6 (full 2):
 def new generation   total 629248K, used 0K [0x00007fcb68600000, 0x00007fcb930c0000, 0x00007fd0bdb50000)
  eden space 559360K,   0% used [0x00007fcb68600000, 0x00007fcb68600000, 0x00007fcb8a840000)
  from space 69888K,   0% used [0x00007fcb8ec80000, 0x00007fcb8ec80000, 0x00007fcb930c0000)
  to   space 69888K,   0% used [0x00007fcb8a840000, 0x00007fcb8a840000, 0x00007fcb8ec80000)
 tenured generation   total 1398144K, used 539040K [0x00007fd0bdb50000, 0x00007fd1130b0000, 0x00007fdb68600000)
   the space 1398144K,  38% used [0x00007fd0bdb50000, 0x00007fd0de9b8118, 0x00007fd0de9b8200, 0x00007fd1130b0000)
 Metaspace       used 23048K, capacity 23450K, committed 23552K, reserved 24576K
}
Event: 13.507 GC heap before
{Heap before GC invocations=6 (full 2):
 def new generation   total 629248K, used 535335K [0x00007fcb68600000, 0x00007fcb930c0000, 0x00007fd0bdb50000)
  eden space 559360K,  95% used [0x00007fcb68600000, 0x00007fcb890c9fd0, 0x00007fcb8a840000)
  from space 69888K,   0% used [0x00007fcb8ec80000, 0x00007fcb8ec80000, 0x00007fcb930c0000)
  to   space 69888K,   0% used [0x00007fcb8a840000, 0x00007fcb8a840000, 0x00007fcb8ec80000)
 tenured generation   total 2446724K, used 1587616K [0x00007fd0bdb50000, 0x00007fd1530b1000, 0x00007fdb68600000)
   the space 2446724K,  64% used [0x00007fd0bdb50000, 0x00007fd11e9b8130, 0x00007fd11e9b8200, 0x00007fd1530b1000)
 Metaspace       used 23048K, capacity 23450K, committed 23552K, reserved 24576K
}
Event: 14.172 GC heap after
{Heap after GC invocations=7 (full 2):
 def new generation   total 629248K, used 0K [0x00007fcb68600000, 0x00007fcb930c0000, 0x00007fd0bdb50000)
  eden space 559360K,   0% used [0x00007fcb68600000, 0x00007fcb68600000, 0x00007fcb8a840000)
  from space 69888K,   0% used [0x00007fcb8a840000, 0x00007fcb8a840310, 0x00007fcb8ec80000)
  to   space 69888K,   0% used [0x00007fcb8ec80000, 0x00007fcb8ec80000, 0x00007fcb930c0000)
 tenured generation   total 2446724K, used 2111904K [0x00007fd0bdb50000, 0x00007fd1530b1000, 0x00007fdb68600000)
   the space 2446724K,  86% used [0x00007fd0bdb50000, 0x00007fd13e9b8148, 0x00007fd13e9b8200, 0x00007fd1530b1000)
 Metaspace       used 23048K, capacity 23450K, committed 23552K, reserved 24576K
}
Event: 14.566 GC heap before
{Heap before GC invocations=7 (full 2):
 def new generation   total 629248K, used 535385K [0x00007fcb68600000, 0x00007fcb930c0000, 0x00007fd0bdb50000)
  eden space 559360K,  95% used [0x00007fcb68600000, 0x00007fcb890d6300, 0x00007fcb8a840000)
  from space 69888K,   0% used [0x00007fcb8a840000, 0x00007fcb8a840310, 0x00007fcb8ec80000)
  to   space 69888K,   0% used [0x00007fcb8ec80000, 0x00007fcb8ec80000, 0x00007fcb930c0000)
 tenured generation   total 2446724K, used 2111904K [0x00007fd0bdb50000, 0x00007fd1530b1000, 0x00007fdb68600000)
   the space 2446724K,  86% used [0x00007fd0bdb50000, 0x00007fd13e9b8148, 0x00007fd13e9b8200, 0x00007fd1530b1000)
 Metaspace       used 23048K, capacity 23450K, committed 23552K, reserved 24576K
}
Event: 15.291 GC heap after
{Heap after GC invocations=8 (full 2):
 def new generation   total 629248K, used 1K [0x00007fcb68600000, 0x00007fcb930c0000, 0x00007fd0bdb50000)
  eden space 559360K,   0% used [0x00007fcb68600000, 0x00007fcb68600000, 0x00007fcb8a840000)
  from space 69888K,   0% used [0x00007fcb8ec80000, 0x00007fcb8ec80588, 0x00007fcb930c0000)
  to   space 69888K,   0% used [0x00007fcb8a840000, 0x00007fcb8a840000, 0x00007fcb8ec80000)
 tenured generation   total 2971016K, used 2636192K [0x00007fd0bdb50000, 0x00007fd1730b2000, 0x00007fdb68600000)
   the space 2971016K,  88% used [0x00007fd0bdb50000, 0x00007fd15e9b8160, 0x00007fd15e9b8200, 0x00007fd1730b2000)
 Metaspace       used 23048K, capacity 23450K, committed 23552K, reserved 24576K
}
Event: 15.291 GC heap before
{Heap before GC invocations=8 (full 2):
 def new generation   total 629248K, used 1K [0x00007fcb68600000, 0x00007fcb930c0000, 0x00007fd0bdb50000)
  eden space 559360K,   0% used [0x00007fcb68600000, 0x00007fcb68600000, 0x00007fcb8a840000)
  from space 69888K,   0% used [0x00007fcb8ec80000, 0x00007fcb8ec80588, 0x00007fcb930c0000)
  to   space 69888K,   0% used [0x00007fcb8a840000, 0x00007fcb8a840000, 0x00007fcb8ec80000)
 tenured generation   total 2971016K, used 2636192K [0x00007fd0bdb50000, 0x00007fd1730b2000, 0x00007fdb68600000)
   the space 2971016K,  88% used [0x00007fd0bdb50000, 0x00007fd15e9b8160, 0x00007fd15e9b8200, 0x00007fd1730b2000)
 Metaspace       used 23048K, capacity 23450K, committed 23552K, reserved 24576K
}
Event: 15.742 GC heap after
{Heap after GC invocations=8 (full 3):
 def new generation   total 1101120K, used 0K [0x00007fcb68600000, 0x00007fcbb30c0000, 0x00007fd0bdb50000)
  eden space 978816K,   0% used [0x00007fcb68600000, 0x00007fcb68600000, 0x00007fcba41e0000)
  from space 122304K,   0% used [0x00007fcba41e0000, 0x00007fcba41e0000, 0x00007fcbab950000)
  to   space 122304K,   0% used [0x00007fcbab950000, 0x00007fcbab950000, 0x00007fcbb30c0000)
 tenured generation   total 2446724K, used 1063328K [0x00007fd0bdb50000, 0x00007fd1530b1000, 0x00007fdb68600000)
   the space 2446724K,  43% used [0x00007fd0bdb50000, 0x00007fd0fe9b8258, 0x00007fd0fe9b8400, 0x00007fd1530b1000)
 Metaspace       used 23048K, capacity 23450K, committed 23552K, reserved 24576K
}
Event: 16.880 GC heap before
{Heap before GC invocations=8 (full 3):
 def new generation   total 1101120K, used 935687K [0x00007fcb68600000, 0x00007fcbb30c0000, 0x00007fd0bdb50000)
  eden space 978816K,  95% used [0x00007fcb68600000, 0x00007fcba17c1c20, 0x00007fcba41e0000)
  from space 122304K,   0% used [0x00007fcba41e0000, 0x00007fcba41e0000, 0x00007fcbab950000)
  to   space 122304K,   0% used [0x00007fcbab950000, 0x00007fcbab950000, 0x00007fcbb30c0000)
 tenured generation   total 2446724K, used 1063328K [0x00007fd0bdb50000, 0x00007fd1530b1000, 0x00007fdb68600000)
   the space 2446724K,  43% used [0x00007fd0bdb50000, 0x00007fd0fe9b8258, 0x00007fd0fe9b8400, 0x00007fd1530b1000)
 Metaspace       used 23048K, capacity 23450K, committed 23552K, reserved 24576K
}
Event: 17.162 GC heap after
{Heap after GC invocations=9 (full 3):
 def new generation   total 1101120K, used 108607K [0x00007fcb68600000, 0x00007fcbb30c0000, 0x00007fd0bdb50000)
  eden space 978816K,   0% used [0x00007fcb68600000, 0x00007fcb68600000, 0x00007fcba41e0000)
  from space 122304K,  88% used [0x00007fcbab950000, 0x00007fcbb235fe20, 0x00007fcbb30c0000)
  to   space 122304K,   0% used [0x00007fcba41e0000, 0x00007fcba41e0000, 0x00007fcbab950000)
 tenured generation   total 2446724K, used 1194400K [0x00007fd0bdb50000, 0x00007fd1530b1000, 0x00007fdb68600000)
   the space 2446724K,  48% used [0x00007fd0bdb50000, 0x00007fd1069b8270, 0x00007fd1069b8400, 0x00007fd1530b1000)
 Metaspace       used 23048K, capacity 23450K, committed 23552K, reserved 24576K
}
Event: 17.392 GC heap before
{Heap before GC invocations=9 (full 3):
 def new generation   total 1101120K, used 438006K [0x00007fcb68600000, 0x00007fcbb30c0000, 0x00007fd0bdb50000)
  eden space 978816K,  33% used [0x00007fcb68600000, 0x00007fcb7c7add28, 0x00007fcba41e0000)
  from space 122304K,  88% used [0x00007fcbab950000, 0x00007fcbb235fe20, 0x00007fcbb30c0000)
  to   space 122304K,   0% used [0x00007fcba41e0000, 0x00007fcba41e0000, 0x00007fcbab950000)
 tenured generation   total 2446724K, used 1194400K [0x00007fd0bdb50000, 0x00007fd1530b1000, 0x00007fdb68600000)
   the space 2446724K,  48% used [0x00007fd0bdb50000, 0x00007fd1069b8270, 0x00007fd1069b8400, 0x00007fd1530b1000)
 Metaspace       used 23048K, capacity 23450K, committed 23552K, reserved 24576K
}
Event: 17.466 GC heap after
{Heap after GC invocations=10 (full 3):
 def new generation   total 1101120K, used 2171K [0x00007fcb68600000, 0x00007fcbb30c0000, 0x00007fd0bdb50000)
  eden space 978816K,   0% used [0x00007fcb68600000, 0x00007fcb68600000, 0x00007fcba41e0000)
  from space 122304K,   1% used [0x00007fcba41e0000, 0x00007fcba43fef88, 0x00007fcbab950000)
  to   space 122304K,   0% used [0x00007fcbab950000, 0x00007fcbab950000, 0x00007fcbb30c0000)
 tenured generation   total 2446724K, used 1302955K [0x00007fd0bdb50000, 0x00007fd1530b1000, 0x00007fdb68600000)
   the space 2446724K,  53% used [0x00007fd0bdb50000, 0x00007fd10d3baf10, 0x00007fd10d3bb000, 0x00007fd1530b1000)
 Metaspace       used 23048K, capacity 23450K, committed 23552K, reserved 24576K
}
Event: 17.466 GC heap before
{Heap before GC invocations=10 (full 3):
 def new generation   total 1101120K, used 2171K [0x00007fcb68600000, 0x00007fcbb30c0000, 0x00007fd0bdb50000)
  eden space 978816K,   0% used [0x00007fcb68600000, 0x00007fcb68600000, 0x00007fcba41e0000)
  from space 122304K,   1% used [0x00007fcba41e0000, 0x00007fcba43fef88, 0x00007fcbab950000)
  to   space 122304K,   0% used [0x00007fcbab950000, 0x00007fcbab950000, 0x00007fcbb30c0000)
 tenured generation   total 2446724K, used 1302955K [0x00007fd0bdb50000, 0x00007fd1530b1000, 0x00007fdb68600000)
   the space 2446724K,  53% used [0x00007fd0bdb50000, 0x00007fd10d3baf10, 0x00007fd10d3bb000, 0x00007fd1530b1000)
 Metaspace       used 23048K, capacity 23450K, committed 23552K, reserved 24576K
}
Event: 17.501 GC heap after
{Heap after GC invocations=10 (full 4):
 def new generation   total 1101120K, used 0K [0x00007fcb68600000, 0x00007fcbb30c0000, 0x00007fd0bdb50000)
  eden space 978816K,   0% used [0x00007fcb68600000, 0x00007fcb68600000, 0x00007fcba41e0000)
  from space 122304K,   0% used [0x00007fcba41e0000, 0x00007fcba41e0000, 0x00007fcbab950000)
  to   space 122304K,   0% used [0x00007fcbab950000, 0x00007fcbab950000, 0x00007fcbb30c0000)
 tenured generation   total 2446724K, used 11541K [0x00007fd0bdb50000, 0x00007fd1530b1000, 0x00007fdb68600000)
   the space 2446724K,   0% used [0x00007fd0bdb50000, 0x00007fd0be695520, 0x00007fd0be695600, 0x00007fd1530b1000)
 Metaspace       used 23048K, capacity 23450K, committed 23552K, reserved 24576K
}
Event: 19.373 GC heap before
{Heap before GC invocations=10 (full 4):
 def new generation   total 1101120K, used 19275K [0x00007fcb68600000, 0x00007fcbb30c0000, 0x00007fd0bdb50000)
  eden space 978816K,   1% used [0x00007fcb68600000, 0x00007fcb698d2e38, 0x00007fcba41e0000)
  from space 122304K,   0% used [0x00007fcba41e0000, 0x00007fcba41e0000, 0x00007fcbab950000)
  to   space 122304K,   0% used [0x00007fcbab950000, 0x00007fcbab950000, 0x00007fcbb30c0000)
 tenured generation   total 2446724K, used 2108693K [0x00007fd0bdb50000, 0x00007fd1530b1000, 0x00007fdb68600000)
   the space 2446724K,  86% used [0x00007fd0bdb50000, 0x00007fd13e695538, 0x00007fd13e695600, 0x00007fd1530b1000)
 Metaspace       used 23048K, capacity 23450K, committed 23552K, reserved 24576K
}
Event: 19.374 GC heap after
{Heap after GC invocations=11 (full 4):
 def new generation   total 1101120K, used 1K [0x00007fcb68600000, 0x00007fcbb30c0000, 0x00007fd0bdb50000)
  eden space 978816K,   0% used [0x00007fcb68600000, 0x00007fcb68600000, 0x00007fcba41e0000)
  from space 122304K,   0% used [0x00007fcbab950000, 0x00007fcbab950420, 0x00007fcbb30c0000)
  to   space 122304K,   0% used [0x00007fcba41e0000, 0x00007fcba41e0000, 0x00007fcbab950000)
 tenured generation   total 2446724K, used 2108693K [0x00007fd0bdb50000, 0x00007fd1530b1000, 0x00007fdb68600000)
   the space 2446724K,  86% used [0x00007fd0bdb50000, 0x00007fd13e695538, 0x00007fd13e695600, 0x00007fd1530b1000)
 Metaspace       used 23048K, capacity 23450K, committed 23552K, reserved 24576K
}
Event: 19.374 GC heap before
{Heap before GC invocations=11 (full 4):
 def new generation   total 1101120K, used 1K [0x00007fcb68600000, 0x00007fcbb30c0000, 0x00007fd0bdb50000)
  eden space 978816K,   0% used [0x00007fcb68600000, 0x00007fcb68600000, 0x00007fcba41e0000)
  from space 122304K,   0% used [0x00007fcbab950000, 0x00007fcbab950420, 0x00007fcbb30c0000)
  to   space 122304K,   0% used [0x00007fcba41e0000, 0x00007fcba41e0000, 0x00007fcbab950000)
 tenured generation   total 2446724K, used 2108693K [0x00007fd0bdb50000, 0x00007fd1530b1000, 0x00007fdb68600000)
   the space 2446724K,  86% used [0x00007fd0bdb50000, 0x00007fd13e695538, 0x00007fd13e695600, 0x00007fd1530b1000)
 Metaspace       used 23048K, capacity 23450K, committed 23552K, reserved 24576K
}
Event: 19.393 GC heap after
{Heap after GC invocations=11 (full 5):
 def new generation   total 1581632K, used 0K [0x00007fcb68600000, 0x00007fcbd3a20000, 0x00007fd0bdb50000)
  eden space 1405952K,   0% used [0x00007fcb68600000, 0x00007fcb68600000, 0x00007fcbbe300000)
  from space 175680K,   0% used [0x00007fcbbe300000, 0x00007fcbbe300000, 0x00007fcbc8e90000)
  to   space 175680K,   0% used [0x00007fcbc8e90000, 0x00007fcbc8e90000, 0x00007fcbd3a20000)
 tenured generation   total 3514492K, used 2108694K [0x00007fd0bdb50000, 0x00007fd19436f000, 0x00007fdb68600000)
   the space 3514492K,  59% used [0x00007fd0bdb50000, 0x00007fd13e695958, 0x00007fd13e695a00, 0x00007fd19436f000)
 Metaspace       used 23048K, capacity 23450K, committed 23552K, reserved 24576K
}

