# JRE version: OpenJDK Runtime Environment (13.0.7+5) (build 13.0.7+5-Ubuntu-0ubuntu120.04)
# Java VM: OpenJDK 64-Bit Server VM (13.0.7+5-Ubuntu-0ubuntu120.04, mixed mode, tiered, serial gc, linux-amd64)
Heap:
 def new generation   total 10047552K, used 0K [0x00007f012c600000, 0x00007f03d5c40000, 0x00007f0681b50000)
  eden space 8931200K,   0% used [0x00007f012c600000, 0x00007f012c600000, 0x00007f034d7e0000)
  from space 1116352K,   0% used [0x00007f0391a10000, 0x00007f0391a10000, 0x00007f03d5c40000)
  to   space 1116352K,   0% used [0x00007f034d7e0000, 0x00007f034d7e0000, 0x00007f0391a10000)
 tenured generation   total 22606560K, used 22399508K [0x00007f0681b50000, 0x00007f0be5808000, 0x00007f112c600000)
   the space 22606560K,  99% used [0x00007f0681b50000, 0x00007f0bd8dd5208, 0x00007f0bd8dd5400, 0x00007f0be5808000)
 Metaspace       used 30393K, capacity 30829K, committed 30976K, reserved 32768K
GC Heap History (20 events):
Event: 1558.412 GC heap after
{Heap after GC invocations=76 (full 6):
 def new generation   total 10047552K, used 662259K [0x00007f012c600000, 0x00007f03d5c40000, 0x00007f0681b50000)
  eden space 8931200K,   0% used [0x00007f012c600000, 0x00007f012c600000, 0x00007f034d7e0000)
  from space 1116352K,  59% used [0x00007f034d7e0000, 0x00007f0375e9cf00, 0x00007f0391a10000)
  to   space 1116352K,   0% used [0x00007f0391a10000, 0x00007f0391a10000, 0x00007f03d5c40000)
 tenured generation   total 22327776K, used 16218419K [0x00007f0681b50000, 0x00007f0bd47c8000, 0x00007f112c600000)
   the space 22327776K,  72% used [0x00007f0681b50000, 0x00007f0a5f99cd00, 0x00007f0a5f99ce00, 0x00007f0bd47c8000)
 Metaspace       used 30393K, capacity 30829K, committed 30976K, reserved 32768K
}
Event: 1560.862 GC heap before
{Heap before GC invocations=76 (full 6):
 def new generation   total 10047552K, used 9593459K [0x00007f012c600000, 0x00007f03d5c40000, 0x00007f0681b50000)
  eden space 8931200K, 100% used [0x00007f012c600000, 0x00007f034d7e0000, 0x00007f034d7e0000)
  from space 1116352K,  59% used [0x00007f034d7e0000, 0x00007f0375e9cf00, 0x00007f0391a10000)
  to   space 1116352K,   0% used [0x00007f0391a10000, 0x00007f0391a10000, 0x00007f03d5c40000)
 tenured generation   total 22327776K, used 16218419K [0x00007f0681b50000, 0x00007f0bd47c8000, 0x00007f112c600000)
   the space 22327776K,  72% used [0x00007f0681b50000, 0x00007f0a5f99cd00, 0x00007f0a5f99ce00, 0x00007f0bd47c8000)
 Metaspace       used 30393K, capacity 30829K, committed 30976K, reserved 32768K
}
Event: 1562.604 GC heap after
{Heap after GC invocations=77 (full 6):
 def new generation   total 10047552K, used 668909K [0x00007f012c600000, 0x00007f03d5c40000, 0x00007f0681b50000)
  eden space 8931200K,   0% used [0x00007f012c600000, 0x00007f012c600000, 0x00007f034d7e0000)
  from space 1116352K,  59% used [0x00007f0391a10000, 0x00007f03ba74b5f0, 0x00007f03d5c40000)
  to   space 1116352K,   0% used [0x00007f034d7e0000, 0x00007f034d7e0000, 0x00007f0391a10000)
 tenured generation   total 22327776K, used 16880678K [0x00007f0681b50000, 0x00007f0bd47c8000, 0x00007f112c600000)
   the space 22327776K,  75% used [0x00007f0681b50000, 0x00007f0a88059880, 0x00007f0a88059a00, 0x00007f0bd47c8000)
 Metaspace       used 30393K, capacity 30829K, committed 30976K, reserved 32768K
}
Event: 1564.950 GC heap before
{Heap before GC invocations=77 (full 6):
 def new generation   total 10047552K, used 9600109K [0x00007f012c600000, 0x00007f03d5c40000, 0x00007f0681b50000)
  eden space 8931200K, 100% used [0x00007f012c600000, 0x00007f034d7e0000, 0x00007f034d7e0000)
  from space 1116352K,  59% used [0x00007f0391a10000, 0x00007f03ba74b5f0, 0x00007f03d5c40000)
  to   space 1116352K,   0% used [0x00007f034d7e0000, 0x00007f034d7e0000, 0x00007f0391a10000)
 tenured generation   total 22327776K, used 16880678K [0x00007f0681b50000, 0x00007f0bd47c8000, 0x00007f112c600000)
   the space 22327776K,  75% used [0x00007f0681b50000, 0x00007f0a88059880, 0x00007f0a88059a00, 0x00007f0bd47c8000)
 Metaspace       used 30393K, capacity 30829K, committed 30976K, reserved 32768K
}
Event: 1566.696 GC heap after
{Heap after GC invocations=78 (full 6):
 def new generation   total 10047552K, used 660444K [0x00007f012c600000, 0x00007f03d5c40000, 0x00007f0681b50000)
  eden space 8931200K,   0% used [0x00007f012c600000, 0x00007f012c600000, 0x00007f034d7e0000)
  from space 1116352K,  59% used [0x00007f034d7e0000, 0x00007f0375cd73b0, 0x00007f0391a10000)
  to   space 1116352K,   0% used [0x00007f0391a10000, 0x00007f0391a10000, 0x00007f03d5c40000)
 tenured generation   total 22327776K, used 17549587K [0x00007f0681b50000, 0x00007f0bd47c8000, 0x00007f112c600000)
   the space 22327776K,  78% used [0x00007f0681b50000, 0x00007f0ab0d94e30, 0x00007f0ab0d95000, 0x00007f0bd47c8000)
 Metaspace       used 30393K, capacity 30829K, committed 30976K, reserved 32768K
}
Event: 1569.075 GC heap before
{Heap before GC invocations=78 (full 6):
 def new generation   total 10047552K, used 9591644K [0x00007f012c600000, 0x00007f03d5c40000, 0x00007f0681b50000)
  eden space 8931200K, 100% used [0x00007f012c600000, 0x00007f034d7e0000, 0x00007f034d7e0000)
  from space 1116352K,  59% used [0x00007f034d7e0000, 0x00007f0375cd73b0, 0x00007f0391a10000)
  to   space 1116352K,   0% used [0x00007f0391a10000, 0x00007f0391a10000, 0x00007f03d5c40000)
 tenured generation   total 22327776K, used 17549587K [0x00007f0681b50000, 0x00007f0bd47c8000, 0x00007f112c600000)
   the space 22327776K,  78% used [0x00007f0681b50000, 0x00007f0ab0d94e30, 0x00007f0ab0d95000, 0x00007f0bd47c8000)
 Metaspace       used 30393K, capacity 30829K, committed 30976K, reserved 32768K
}
Event: 1570.768 GC heap after
{Heap after GC invocations=79 (full 6):
 def new generation   total 10047552K, used 646454K [0x00007f012c600000, 0x00007f03d5c40000, 0x00007f0681b50000)
  eden space 8931200K,   0% used [0x00007f012c600000, 0x00007f012c600000, 0x00007f034d7e0000)
  from space 1116352K,  57% used [0x00007f0391a10000, 0x00007f03b915d960, 0x00007f03d5c40000)
  to   space 1116352K,   0% used [0x00007f034d7e0000, 0x00007f034d7e0000, 0x00007f0391a10000)
 tenured generation   total 22327776K, used 18210031K [0x00007f0681b50000, 0x00007f0bd47c8000, 0x00007f112c600000)
   the space 22327776K,  81% used [0x00007f0681b50000, 0x00007f0ad928bde0, 0x00007f0ad928be00, 0x00007f0bd47c8000)
 Metaspace       used 30393K, capacity 30829K, committed 30976K, reserved 32768K
}
Event: 1573.137 GC heap before
{Heap before GC invocations=79 (full 6):
 def new generation   total 10047552K, used 9577654K [0x00007f012c600000, 0x00007f03d5c40000, 0x00007f0681b50000)
  eden space 8931200K, 100% used [0x00007f012c600000, 0x00007f034d7e0000, 0x00007f034d7e0000)
  from space 1116352K,  57% used [0x00007f0391a10000, 0x00007f03b915d960, 0x00007f03d5c40000)
  to   space 1116352K,   0% used [0x00007f034d7e0000, 0x00007f034d7e0000, 0x00007f0391a10000)
 tenured generation   total 22327776K, used 18210031K [0x00007f0681b50000, 0x00007f0bd47c8000, 0x00007f112c600000)
   the space 22327776K,  81% used [0x00007f0681b50000, 0x00007f0ad928bde0, 0x00007f0ad928be00, 0x00007f0bd47c8000)
 Metaspace       used 30393K, capacity 30829K, committed 30976K, reserved 32768K
}
Event: 1574.864 GC heap after
{Heap after GC invocations=80 (full 6):
 def new generation   total 10047552K, used 641832K [0x00007f012c600000, 0x00007f03d5c40000, 0x00007f0681b50000)
  eden space 8931200K,   0% used [0x00007f012c600000, 0x00007f012c600000, 0x00007f034d7e0000)
  from space 1116352K,  57% used [0x00007f034d7e0000, 0x00007f0374aaa110, 0x00007f0391a10000)
  to   space 1116352K,   0% used [0x00007f0391a10000, 0x00007f0391a10000, 0x00007f03d5c40000)
 tenured generation   total 22327776K, used 18856485K [0x00007f0681b50000, 0x00007f0bd47c8000, 0x00007f112c600000)
   the space 22327776K,  84% used [0x00007f0681b50000, 0x00007f0b009d9680, 0x00007f0b009d9800, 0x00007f0bd47c8000)
 Metaspace       used 30393K, capacity 30829K, committed 30976K, reserved 32768K
}
Event: 1577.202 GC heap before
{Heap before GC invocations=80 (full 6):
 def new generation   total 10047552K, used 9573032K [0x00007f012c600000, 0x00007f03d5c40000, 0x00007f0681b50000)
  eden space 8931200K, 100% used [0x00007f012c600000, 0x00007f034d7e0000, 0x00007f034d7e0000)
  from space 1116352K,  57% used [0x00007f034d7e0000, 0x00007f0374aaa110, 0x00007f0391a10000)
  to   space 1116352K,   0% used [0x00007f0391a10000, 0x00007f0391a10000, 0x00007f03d5c40000)
 tenured generation   total 22327776K, used 18856485K [0x00007f0681b50000, 0x00007f0bd47c8000, 0x00007f112c600000)
   the space 22327776K,  84% used [0x00007f0681b50000, 0x00007f0b009d9680, 0x00007f0b009d9800, 0x00007f0bd47c8000)
 Metaspace       used 30393K, capacity 30829K, committed 30976K, reserved 32768K
}
Event: 1578.926 GC heap after
{Heap after GC invocations=81 (full 6):
 def new generation   total 10047552K, used 662389K [0x00007f012c600000, 0x00007f03d5c40000, 0x00007f0681b50000)
  eden space 8931200K,   0% used [0x00007f012c600000, 0x00007f012c600000, 0x00007f034d7e0000)
  from space 1116352K,  59% used [0x00007f0391a10000, 0x00007f03ba0ed7f0, 0x00007f03d5c40000)
  to   space 1116352K,   0% used [0x00007f034d7e0000, 0x00007f034d7e0000, 0x00007f0391a10000)
 tenured generation   total 22327776K, used 19498317K [0x00007f0681b50000, 0x00007f0bd47c8000, 0x00007f112c600000)
   the space 22327776K,  87% used [0x00007f0681b50000, 0x00007f0b27ca34e0, 0x00007f0b27ca3600, 0x00007f0bd47c8000)
 Metaspace       used 30393K, capacity 30829K, committed 30976K, reserved 32768K
}
Event: 1581.678 GC heap before
{Heap before GC invocations=81 (full 6):
 def new generation   total 10047552K, used 9593589K [0x00007f012c600000, 0x00007f03d5c40000, 0x00007f0681b50000)
  eden space 8931200K, 100% used [0x00007f012c600000, 0x00007f034d7e0000, 0x00007f034d7e0000)
  from space 1116352K,  59% used [0x00007f0391a10000, 0x00007f03ba0ed7f0, 0x00007f03d5c40000)
  to   space 1116352K,   0% used [0x00007f034d7e0000, 0x00007f034d7e0000, 0x00007f0391a10000)
 tenured generation   total 22327776K, used 19498317K [0x00007f0681b50000, 0x00007f0bd47c8000, 0x00007f112c600000)
   the space 22327776K,  87% used [0x00007f0681b50000, 0x00007f0b27ca34e0, 0x00007f0b27ca3600, 0x00007f0bd47c8000)
 Metaspace       used 30393K, capacity 30829K, committed 30976K, reserved 32768K
}
Event: 1583.486 GC heap after
{Heap after GC invocations=82 (full 6):
 def new generation   total 10047552K, used 716430K [0x00007f012c600000, 0x00007f03d5c40000, 0x00007f0681b50000)
  eden space 8931200K,   0% used [0x00007f012c600000, 0x00007f012c600000, 0x00007f034d7e0000)
  from space 1116352K,  64% used [0x00007f034d7e0000, 0x00007f03793839d0, 0x00007f0391a10000)
  to   space 1116352K,   0% used [0x00007f0391a10000, 0x00007f0391a10000, 0x00007f03d5c40000)
 tenured generation   total 22327776K, used 20160706K [0x00007f0681b50000, 0x00007f0bd47c8000, 0x00007f112c600000)
   the space 22327776K,  90% used [0x00007f0681b50000, 0x00007f0b50380950, 0x00007f0b50380a00, 0x00007f0bd47c8000)
 Metaspace       used 30393K, capacity 30829K, committed 30976K, reserved 32768K
}
Event: 1586.234 GC heap before
{Heap before GC invocations=82 (full 6):
 def new generation   total 10047552K, used 9647630K [0x00007f012c600000, 0x00007f03d5c40000, 0x00007f0681b50000)
  eden space 8931200K, 100% used [0x00007f012c600000, 0x00007f034d7e0000, 0x00007f034d7e0000)
  from space 1116352K,  64% used [0x00007f034d7e0000, 0x00007f03793839d0, 0x00007f0391a10000)
  to   space 1116352K,   0% used [0x00007f0391a10000, 0x00007f0391a10000, 0x00007f03d5c40000)
 tenured generation   total 22327776K, used 20160706K [0x00007f0681b50000, 0x00007f0bd47c8000, 0x00007f112c600000)
   the space 22327776K,  90% used [0x00007f0681b50000, 0x00007f0b50380950, 0x00007f0b50380a00, 0x00007f0bd47c8000)
 Metaspace       used 30393K, capacity 30829K, committed 30976K, reserved 32768K
}
Event: 1588.574 GC heap after
{Heap after GC invocations=83 (full 6):
 def new generation   total 10047552K, used 1000482K [0x00007f012c600000, 0x00007f03d5c40000, 0x00007f0681b50000)
  eden space 8931200K,   0% used [0x00007f012c600000, 0x00007f012c600000, 0x00007f034d7e0000)
  from space 1116352K,  89% used [0x00007f0391a10000, 0x00007f03ceb18980, 0x00007f03d5c40000)
  to   space 1116352K,   0% used [0x00007f034d7e0000, 0x00007f034d7e0000, 0x00007f0391a10000)
 tenured generation   total 22327776K, used 20877135K [0x00007f0681b50000, 0x00007f0bd47c8000, 0x00007f112c600000)
   the space 22327776K,  93% used [0x00007f0681b50000, 0x00007f0b7bf23fd0, 0x00007f0b7bf24000, 0x00007f0bd47c8000)
 Metaspace       used 30393K, capacity 30829K, committed 30976K, reserved 32768K
}
Event: 1591.101 GC heap before
{Heap before GC invocations=83 (full 6):
 def new generation   total 10047552K, used 9931682K [0x00007f012c600000, 0x00007f03d5c40000, 0x00007f0681b50000)
  eden space 8931200K, 100% used [0x00007f012c600000, 0x00007f034d7e0000, 0x00007f034d7e0000)
  from space 1116352K,  89% used [0x00007f0391a10000, 0x00007f03ceb18980, 0x00007f03d5c40000)
  to   space 1116352K,   0% used [0x00007f034d7e0000, 0x00007f034d7e0000, 0x00007f0391a10000)
 tenured generation   total 22327776K, used 20877135K [0x00007f0681b50000, 0x00007f0bd47c8000, 0x00007f112c600000)
   the space 22327776K,  93% used [0x00007f0681b50000, 0x00007f0b7bf23fd0, 0x00007f0b7bf24000, 0x00007f0bd47c8000)
 Metaspace       used 30393K, capacity 30829K, committed 30976K, reserved 32768K
}
Event: 1593.225 GC heap after
{Heap after GC invocations=84 (full 6):
 def new generation   total 10047552K, used 728781K [0x00007f012c600000, 0x00007f03d5c40000, 0x00007f0681b50000)
  eden space 8931200K,   0% used [0x00007f012c600000, 0x00007f012c600000, 0x00007f034d7e0000)
  from space 1116352K,  65% used [0x00007f034d7e0000, 0x00007f0379f934c8, 0x00007f0391a10000)
  to   space 1116352K,   0% used [0x00007f0391a10000, 0x00007f0391a10000, 0x00007f03d5c40000)
 tenured generation   total 22327776K, used 21877617K [0x00007f0681b50000, 0x00007f0bd47c8000, 0x00007f112c600000)
   the space 22327776K,  97% used [0x00007f0681b50000, 0x00007f0bb902c750, 0x00007f0bb902c800, 0x00007f0bd47c8000)
 Metaspace       used 30393K, capacity 30829K, committed 30976K, reserved 32768K
}
Event: 1595.765 GC heap before
{Heap before GC invocations=84 (full 6):
 def new generation   total 10047552K, used 9659981K [0x00007f012c600000, 0x00007f03d5c40000, 0x00007f0681b50000)
  eden space 8931200K, 100% used [0x00007f012c600000, 0x00007f034d7e0000, 0x00007f034d7e0000)
  from space 1116352K,  65% used [0x00007f034d7e0000, 0x00007f0379f934c8, 0x00007f0391a10000)
  to   space 1116352K,   0% used [0x00007f0391a10000, 0x00007f0391a10000, 0x00007f03d5c40000)
 tenured generation   total 22327776K, used 21877617K [0x00007f0681b50000, 0x00007f0bd47c8000, 0x00007f112c600000)
   the space 22327776K,  97% used [0x00007f0681b50000, 0x00007f0bb902c750, 0x00007f0bb902c800, 0x00007f0bd47c8000)
 Metaspace       used 30393K, capacity 30829K, committed 30976K, reserved 32768K
}
Event: 1597.555 GC heap after
{Heap after GC invocations=85 (full 6):
 def new generation   total 10047552K, used 665726K [0x00007f012c600000, 0x00007f03d5c40000, 0x00007f0681b50000)
  eden space 8931200K,   0% used [0x00007f012c600000, 0x00007f012c600000, 0x00007f034d7e0000)
  from space 1116352K,  59% used [0x00007f0391a10000, 0x00007f03ba42f868, 0x00007f03d5c40000)
  to   space 1116352K,   0% used [0x00007f034d7e0000, 0x00007f034d7e0000, 0x00007f0391a10000)
 tenured generation   total 22606560K, used 22606398K [0x00007f0681b50000, 0x00007f0be5808000, 0x00007f112c600000)
   the space 22606560K,  99% used [0x00007f0681b50000, 0x00007f0be57dfb18, 0x00007f0be57dfc00, 0x00007f0be5808000)
 Metaspace       used 30393K, capacity 30829K, committed 30976K, reserved 32768K
}
Event: 1597.555 GC heap before
{Heap before GC invocations=85 (full 6):
 def new generation   total 10047552K, used 665726K [0x00007f012c600000, 0x00007f03d5c40000, 0x00007f0681b50000)
  eden space 8931200K,   0% used [0x00007f012c600000, 0x00007f012c600000, 0x00007f034d7e0000)
  from space 1116352K,  59% used [0x00007f0391a10000, 0x00007f03ba42f868, 0x00007f03d5c40000)
  to   space 1116352K,   0% used [0x00007f034d7e0000, 0x00007f034d7e0000, 0x00007f0391a10000)
 tenured generation   total 22606560K, used 22606398K [0x00007f0681b50000, 0x00007f0be5808000, 0x00007f112c600000)
   the space 22606560K,  99% used [0x00007f0681b50000, 0x00007f0be57dfb18, 0x00007f0be57dfc00, 0x00007f0be5808000)
 Metaspace       used 30393K, capacity 30829K, committed 30976K, reserved 32768K
}

