# JRE version: OpenJDK Runtime Environment (13.0.7+5) (build 13.0.7+5-Ubuntu-0ubuntu120.04)
# Java VM: OpenJDK 64-Bit Server VM (13.0.7+5-Ubuntu-0ubuntu120.04, mixed mode, tiered, serial gc, linux-amd64)
Heap:
 def new generation   total 1342400K, used 68342K [0x00007fd428600000, 0x00007fd483690000, 0x00007fded30a0000)
  eden space 1193280K,   5% used [0x00007fd428600000, 0x00007fd42c8bd8c8, 0x00007fd471350000)
  from space 149120K,   0% used [0x00007fd47a4f0000, 0x00007fd47a4f0000, 0x00007fd483690000)
  to   space 149120K,   0% used [0x00007fd471350000, 0x00007fd471350000, 0x00007fd47a4f0000)
 tenured generation   total 2983972K, used 2983509K [0x00007fded30a0000, 0x00007fdf892a9000, 0x00007ff428600000)
   the space 2983972K,  99% used [0x00007fded30a0000, 0x00007fdf892354f0, 0x00007fdf89235600, 0x00007fdf892a9000)
 Metaspace       used 24282K, capacity 24698K, committed 24832K, reserved 26624K
GC Heap History (20 events):
Event: 290.446 GC heap after
{Heap after GC invocations=750 (full 4):
 def new generation   total 1342400K, used 50378K [0x00007fd428600000, 0x00007fd483690000, 0x00007fded30a0000)
  eden space 1193280K,   0% used [0x00007fd428600000, 0x00007fd428600000, 0x00007fd471350000)
  from space 149120K,  33% used [0x00007fd471350000, 0x00007fd474482850, 0x00007fd47a4f0000)
  to   space 149120K,   0% used [0x00007fd47a4f0000, 0x00007fd47a4f0000, 0x00007fd483690000)
 tenured generation   total 2982940K, used 2981453K [0x00007fded30a0000, 0x00007fdf891a7000, 0x00007ff428600000)
   the space 2982940K,  99% used [0x00007fded30a0000, 0x00007fdf89033588, 0x00007fdf89033600, 0x00007fdf891a7000)
 Metaspace       used 24282K, capacity 24698K, committed 24832K, reserved 26624K
}
Event: 291.018 GC heap before
{Heap before GC invocations=750 (full 4):
 def new generation   total 1342400K, used 1243658K [0x00007fd428600000, 0x00007fd483690000, 0x00007fded30a0000)
  eden space 1193280K, 100% used [0x00007fd428600000, 0x00007fd471350000, 0x00007fd471350000)
  from space 149120K,  33% used [0x00007fd471350000, 0x00007fd474482850, 0x00007fd47a4f0000)
  to   space 149120K,   0% used [0x00007fd47a4f0000, 0x00007fd47a4f0000, 0x00007fd483690000)
 tenured generation   total 2982940K, used 2981453K [0x00007fded30a0000, 0x00007fdf891a7000, 0x00007ff428600000)
   the space 2982940K,  99% used [0x00007fded30a0000, 0x00007fdf89033588, 0x00007fdf89033600, 0x00007fdf891a7000)
 Metaspace       used 24282K, capacity 24698K, committed 24832K, reserved 26624K
}
Event: 291.030 GC heap after
{Heap after GC invocations=751 (full 4):
 def new generation   total 1342400K, used 52949K [0x00007fd428600000, 0x00007fd483690000, 0x00007fded30a0000)
  eden space 1193280K,   0% used [0x00007fd428600000, 0x00007fd428600000, 0x00007fd471350000)
  from space 149120K,  35% used [0x00007fd47a4f0000, 0x00007fd47d8a56b8, 0x00007fd483690000)
  to   space 149120K,   0% used [0x00007fd471350000, 0x00007fd471350000, 0x00007fd47a4f0000)
 tenured generation   total 2982940K, used 2981453K [0x00007fded30a0000, 0x00007fdf891a7000, 0x00007ff428600000)
   the space 2982940K,  99% used [0x00007fded30a0000, 0x00007fdf89033588, 0x00007fdf89033600, 0x00007fdf891a7000)
 Metaspace       used 24282K, capacity 24698K, committed 24832K, reserved 26624K
}
Event: 291.611 GC heap before
{Heap before GC invocations=751 (full 4):
 def new generation   total 1342400K, used 1246229K [0x00007fd428600000, 0x00007fd483690000, 0x00007fded30a0000)
  eden space 1193280K, 100% used [0x00007fd428600000, 0x00007fd471350000, 0x00007fd471350000)
  from space 149120K,  35% used [0x00007fd47a4f0000, 0x00007fd47d8a56b8, 0x00007fd483690000)
  to   space 149120K,   0% used [0x00007fd471350000, 0x00007fd471350000, 0x00007fd47a4f0000)
 tenured generation   total 2982940K, used 2981453K [0x00007fded30a0000, 0x00007fdf891a7000, 0x00007ff428600000)
   the space 2982940K,  99% used [0x00007fded30a0000, 0x00007fdf89033588, 0x00007fdf89033600, 0x00007fdf891a7000)
 Metaspace       used 24282K, capacity 24698K, committed 24832K, reserved 26624K
}
Event: 291.622 GC heap after
{Heap after GC invocations=752 (full 4):
 def new generation   total 1342400K, used 52937K [0x00007fd428600000, 0x00007fd483690000, 0x00007fded30a0000)
  eden space 1193280K,   0% used [0x00007fd428600000, 0x00007fd428600000, 0x00007fd471350000)
  from space 149120K,  35% used [0x00007fd471350000, 0x00007fd474702548, 0x00007fd47a4f0000)
  to   space 149120K,   0% used [0x00007fd47a4f0000, 0x00007fd47a4f0000, 0x00007fd483690000)
 tenured generation   total 2982940K, used 2981453K [0x00007fded30a0000, 0x00007fdf891a7000, 0x00007ff428600000)
   the space 2982940K,  99% used [0x00007fded30a0000, 0x00007fdf89033588, 0x00007fdf89033600, 0x00007fdf891a7000)
 Metaspace       used 24282K, capacity 24698K, committed 24832K, reserved 26624K
}
Event: 292.206 GC heap before
{Heap before GC invocations=752 (full 4):
 def new generation   total 1342400K, used 1246217K [0x00007fd428600000, 0x00007fd483690000, 0x00007fded30a0000)
  eden space 1193280K, 100% used [0x00007fd428600000, 0x00007fd471350000, 0x00007fd471350000)
  from space 149120K,  35% used [0x00007fd471350000, 0x00007fd474702548, 0x00007fd47a4f0000)
  to   space 149120K,   0% used [0x00007fd47a4f0000, 0x00007fd47a4f0000, 0x00007fd483690000)
 tenured generation   total 2982940K, used 2981453K [0x00007fded30a0000, 0x00007fdf891a7000, 0x00007ff428600000)
   the space 2982940K,  99% used [0x00007fded30a0000, 0x00007fdf89033588, 0x00007fdf89033600, 0x00007fdf891a7000)
 Metaspace       used 24282K, capacity 24698K, committed 24832K, reserved 26624K
}
Event: 292.218 GC heap after
{Heap after GC invocations=753 (full 4):
 def new generation   total 1342400K, used 52943K [0x00007fd428600000, 0x00007fd483690000, 0x00007fded30a0000)
  eden space 1193280K,   0% used [0x00007fd428600000, 0x00007fd428600000, 0x00007fd471350000)
  from space 149120K,  35% used [0x00007fd47a4f0000, 0x00007fd47d8a3d00, 0x00007fd483690000)
  to   space 149120K,   0% used [0x00007fd471350000, 0x00007fd471350000, 0x00007fd47a4f0000)
 tenured generation   total 2982940K, used 2981453K [0x00007fded30a0000, 0x00007fdf891a7000, 0x00007ff428600000)
   the space 2982940K,  99% used [0x00007fded30a0000, 0x00007fdf89033588, 0x00007fdf89033600, 0x00007fdf891a7000)
 Metaspace       used 24282K, capacity 24698K, committed 24832K, reserved 26624K
}
Event: 292.674 GC heap before
{Heap before GC invocations=753 (full 4):
 def new generation   total 1342400K, used 1242241K [0x00007fd428600000, 0x00007fd483690000, 0x00007fded30a0000)
  eden space 1193280K,  99% used [0x00007fd428600000, 0x00007fd470f6c738, 0x00007fd471350000)
  from space 149120K,  35% used [0x00007fd47a4f0000, 0x00007fd47d8a3d00, 0x00007fd483690000)
  to   space 149120K,   0% used [0x00007fd471350000, 0x00007fd471350000, 0x00007fd47a4f0000)
 tenured generation   total 2982940K, used 2981453K [0x00007fded30a0000, 0x00007fdf891a7000, 0x00007ff428600000)
   the space 2982940K,  99% used [0x00007fded30a0000, 0x00007fdf89033588, 0x00007fdf89033600, 0x00007fdf891a7000)
 Metaspace       used 24282K, capacity 24698K, committed 24832K, reserved 26624K
}
Event: 292.684 GC heap after
{Heap after GC invocations=754 (full 4):
 def new generation   total 1342400K, used 55517K [0x00007fd428600000, 0x00007fd483690000, 0x00007fded30a0000)
  eden space 1193280K,   0% used [0x00007fd428600000, 0x00007fd428600000, 0x00007fd471350000)
  from space 149120K,  37% used [0x00007fd471350000, 0x00007fd4749877f8, 0x00007fd47a4f0000)
  to   space 149120K,   0% used [0x00007fd47a4f0000, 0x00007fd47a4f0000, 0x00007fd483690000)
 tenured generation   total 2982940K, used 2981453K [0x00007fded30a0000, 0x00007fdf891a7000, 0x00007ff428600000)
   the space 2982940K,  99% used [0x00007fded30a0000, 0x00007fdf89033588, 0x00007fdf89033600, 0x00007fdf891a7000)
 Metaspace       used 24282K, capacity 24698K, committed 24832K, reserved 26624K
}
Event: 293.133 GC heap before
{Heap before GC invocations=754 (full 4):
 def new generation   total 1342400K, used 1242803K [0x00007fd428600000, 0x00007fd483690000, 0x00007fded30a0000)
  eden space 1193280K,  99% used [0x00007fd428600000, 0x00007fd470d756b8, 0x00007fd471350000)
  from space 149120K,  37% used [0x00007fd471350000, 0x00007fd4749877f8, 0x00007fd47a4f0000)
  to   space 149120K,   0% used [0x00007fd47a4f0000, 0x00007fd47a4f0000, 0x00007fd483690000)
 tenured generation   total 2982940K, used 2981453K [0x00007fded30a0000, 0x00007fdf891a7000, 0x00007ff428600000)
   the space 2982940K,  99% used [0x00007fded30a0000, 0x00007fdf89033588, 0x00007fdf89033600, 0x00007fdf891a7000)
 Metaspace       used 24282K, capacity 24698K, committed 24832K, reserved 26624K
}
Event: 293.145 GC heap after
{Heap after GC invocations=755 (full 4):
 def new generation   total 1342400K, used 58610K [0x00007fd428600000, 0x00007fd483690000, 0x00007fded30a0000)
  eden space 1193280K,   0% used [0x00007fd428600000, 0x00007fd428600000, 0x00007fd471350000)
  from space 149120K,  39% used [0x00007fd47a4f0000, 0x00007fd47de2caa8, 0x00007fd483690000)
  to   space 149120K,   0% used [0x00007fd471350000, 0x00007fd471350000, 0x00007fd47a4f0000)
 tenured generation   total 2982940K, used 2981453K [0x00007fded30a0000, 0x00007fdf891a7000, 0x00007ff428600000)
   the space 2982940K,  99% used [0x00007fded30a0000, 0x00007fdf89033588, 0x00007fdf89033600, 0x00007fdf891a7000)
 Metaspace       used 24282K, capacity 24698K, committed 24832K, reserved 26624K
}
Event: 293.699 GC heap before
{Heap before GC invocations=755 (full 4):
 def new generation   total 1342400K, used 1245472K [0x00007fd428600000, 0x00007fd483690000, 0x00007fded30a0000)
  eden space 1193280K,  99% used [0x00007fd428600000, 0x00007fd470d0b620, 0x00007fd471350000)
  from space 149120K,  39% used [0x00007fd47a4f0000, 0x00007fd47de2caa8, 0x00007fd483690000)
  to   space 149120K,   0% used [0x00007fd471350000, 0x00007fd471350000, 0x00007fd47a4f0000)
 tenured generation   total 2982940K, used 2981453K [0x00007fded30a0000, 0x00007fdf891a7000, 0x00007ff428600000)
   the space 2982940K,  99% used [0x00007fded30a0000, 0x00007fdf89033588, 0x00007fdf89033600, 0x00007fdf891a7000)
 Metaspace       used 24282K, capacity 24698K, committed 24832K, reserved 26624K
}
Event: 293.711 GC heap after
{Heap after GC invocations=756 (full 4):
 def new generation   total 1342400K, used 63744K [0x00007fd428600000, 0x00007fd483690000, 0x00007fded30a0000)
  eden space 1193280K,   0% used [0x00007fd428600000, 0x00007fd428600000, 0x00007fd471350000)
  from space 149120K,  42% used [0x00007fd471350000, 0x00007fd475190378, 0x00007fd47a4f0000)
  to   space 149120K,   0% used [0x00007fd47a4f0000, 0x00007fd47a4f0000, 0x00007fd483690000)
 tenured generation   total 2982940K, used 2981458K [0x00007fded30a0000, 0x00007fdf891a7000, 0x00007ff428600000)
   the space 2982940K,  99% used [0x00007fded30a0000, 0x00007fdf89034b18, 0x00007fdf89034c00, 0x00007fdf891a7000)
 Metaspace       used 24282K, capacity 24698K, committed 24832K, reserved 26624K
}
Event: 294.291 GC heap before
{Heap before GC invocations=756 (full 4):
 def new generation   total 1342400K, used 1257024K [0x00007fd428600000, 0x00007fd483690000, 0x00007fded30a0000)
  eden space 1193280K, 100% used [0x00007fd428600000, 0x00007fd471350000, 0x00007fd471350000)
  from space 149120K,  42% used [0x00007fd471350000, 0x00007fd475190378, 0x00007fd47a4f0000)
  to   space 149120K,   0% used [0x00007fd47a4f0000, 0x00007fd47a4f0000, 0x00007fd483690000)
 tenured generation   total 2982940K, used 2981458K [0x00007fded30a0000, 0x00007fdf891a7000, 0x00007ff428600000)
   the space 2982940K,  99% used [0x00007fded30a0000, 0x00007fdf89034b18, 0x00007fdf89034c00, 0x00007fdf891a7000)
 Metaspace       used 24282K, capacity 24698K, committed 24832K, reserved 26624K
}
Event: 294.306 GC heap after
{Heap after GC invocations=757 (full 4):
 def new generation   total 1342400K, used 68345K [0x00007fd428600000, 0x00007fd483690000, 0x00007fded30a0000)
  eden space 1193280K,   0% used [0x00007fd428600000, 0x00007fd428600000, 0x00007fd471350000)
  from space 149120K,  45% used [0x00007fd47a4f0000, 0x00007fd47e7ae550, 0x00007fd483690000)
  to   space 149120K,   0% used [0x00007fd471350000, 0x00007fd471350000, 0x00007fd47a4f0000)
 tenured generation   total 2982940K, used 2981972K [0x00007fded30a0000, 0x00007fdf891a7000, 0x00007ff428600000)
   the space 2982940K,  99% used [0x00007fded30a0000, 0x00007fdf890b5028, 0x00007fdf890b5200, 0x00007fdf891a7000)
 Metaspace       used 24282K, capacity 24698K, committed 24832K, reserved 26624K
}
Event: 294.884 GC heap before
{Heap before GC invocations=757 (full 4):
 def new generation   total 1342400K, used 1261625K [0x00007fd428600000, 0x00007fd483690000, 0x00007fded30a0000)
  eden space 1193280K, 100% used [0x00007fd428600000, 0x00007fd471350000, 0x00007fd471350000)
  from space 149120K,  45% used [0x00007fd47a4f0000, 0x00007fd47e7ae550, 0x00007fd483690000)
  to   space 149120K,   0% used [0x00007fd471350000, 0x00007fd471350000, 0x00007fd47a4f0000)
 tenured generation   total 2982940K, used 2981972K [0x00007fded30a0000, 0x00007fdf891a7000, 0x00007ff428600000)
   the space 2982940K,  99% used [0x00007fded30a0000, 0x00007fdf890b5028, 0x00007fdf890b5200, 0x00007fdf891a7000)
 Metaspace       used 24282K, capacity 24698K, committed 24832K, reserved 26624K
}
Event: 294.899 GC heap after
{Heap after GC invocations=758 (full 4):
 def new generation   total 1342400K, used 69387K [0x00007fd428600000, 0x00007fd483690000, 0x00007fded30a0000)
  eden space 1193280K,   0% used [0x00007fd428600000, 0x00007fd428600000, 0x00007fd471350000)
  from space 149120K,  46% used [0x00007fd471350000, 0x00007fd475712ec0, 0x00007fd47a4f0000)
  to   space 149120K,   0% used [0x00007fd47a4f0000, 0x00007fd47a4f0000, 0x00007fd483690000)
 tenured generation   total 2982940K, used 2982484K [0x00007fded30a0000, 0x00007fdf891a7000, 0x00007ff428600000)
   the space 2982940K,  99% used [0x00007fded30a0000, 0x00007fdf89135188, 0x00007fdf89135200, 0x00007fdf891a7000)
 Metaspace       used 24282K, capacity 24698K, committed 24832K, reserved 26624K
}
Event: 295.485 GC heap before
{Heap before GC invocations=758 (full 4):
 def new generation   total 1342400K, used 1262667K [0x00007fd428600000, 0x00007fd483690000, 0x00007fded30a0000)
  eden space 1193280K, 100% used [0x00007fd428600000, 0x00007fd471350000, 0x00007fd471350000)
  from space 149120K,  46% used [0x00007fd471350000, 0x00007fd475712ec0, 0x00007fd47a4f0000)
  to   space 149120K,   0% used [0x00007fd47a4f0000, 0x00007fd47a4f0000, 0x00007fd483690000)
 tenured generation   total 2982940K, used 2982484K [0x00007fded30a0000, 0x00007fdf891a7000, 0x00007ff428600000)
   the space 2982940K,  99% used [0x00007fded30a0000, 0x00007fdf89135188, 0x00007fdf89135200, 0x00007fdf891a7000)
 Metaspace       used 24282K, capacity 24698K, committed 24832K, reserved 26624K
}
Event: 295.500 GC heap after
{Heap after GC invocations=759 (full 4):
 def new generation   total 1342400K, used 68857K [0x00007fd428600000, 0x00007fd483690000, 0x00007fded30a0000)
  eden space 1193280K,   0% used [0x00007fd428600000, 0x00007fd428600000, 0x00007fd471350000)
  from space 149120K,  46% used [0x00007fd47a4f0000, 0x00007fd47e82e6b0, 0x00007fd483690000)
  to   space 149120K,   0% used [0x00007fd471350000, 0x00007fd471350000, 0x00007fd47a4f0000)
 tenured generation   total 2983972K, used 2983509K [0x00007fded30a0000, 0x00007fdf892a9000, 0x00007ff428600000)
   the space 2983972K,  99% used [0x00007fded30a0000, 0x00007fdf89235448, 0x00007fdf89235600, 0x00007fdf892a9000)
 Metaspace       used 24282K, capacity 24698K, committed 24832K, reserved 26624K
}
Event: 295.500 GC heap before
{Heap before GC invocations=759 (full 4):
 def new generation   total 1342400K, used 68857K [0x00007fd428600000, 0x00007fd483690000, 0x00007fded30a0000)
  eden space 1193280K,   0% used [0x00007fd428600000, 0x00007fd428600000, 0x00007fd471350000)
  from space 149120K,  46% used [0x00007fd47a4f0000, 0x00007fd47e82e6b0, 0x00007fd483690000)
  to   space 149120K,   0% used [0x00007fd471350000, 0x00007fd471350000, 0x00007fd47a4f0000)
 tenured generation   total 2983972K, used 2983509K [0x00007fded30a0000, 0x00007fdf892a9000, 0x00007ff428600000)
   the space 2983972K,  99% used [0x00007fded30a0000, 0x00007fdf89235448, 0x00007fdf89235600, 0x00007fdf892a9000)
 Metaspace       used 24282K, capacity 24698K, committed 24832K, reserved 26624K
}

