# JRE version: OpenJDK Runtime Environment (13.0.7+5) (build 13.0.7+5-Ubuntu-0ubuntu120.04)
# Java VM: OpenJDK 64-Bit Server VM (13.0.7+5-Ubuntu-0ubuntu120.04, mixed mode, tiered, serial gc, linux-amd64)
Heap:
 def new generation   total 2903424K, used 11490K [0x00007fd408600000, 0x00007fd4cd460000, 0x00007fd95db50000)
  eden space 2580864K,   0% used [0x00007fd408600000, 0x00007fd409138848, 0x00007fd4a5e60000)
  from space 322560K,   0% used [0x00007fd4a5e60000, 0x00007fd4a5e60000, 0x00007fd4b9960000)
  to   space 322560K,   0% used [0x00007fd4b9960000, 0x00007fd4b9960000, 0x00007fd4cd460000)
 tenured generation   total 6452068K, used 6452067K [0x00007fd95db50000, 0x00007fdae7829000, 0x00007fe408600000)
   the space 6452068K,  99% used [0x00007fd95db50000, 0x00007fdae7828ff8, 0x00007fdae7829000, 0x00007fdae7829000)
 Metaspace       used 24346K, capacity 24760K, committed 25088K, reserved 26624K
GC Heap History (20 events):
Event: 18910.901 GC heap after
{Heap after GC invocations=18743 (full 4):
 def new generation   total 2903424K, used 11891K [0x00007fd408600000, 0x00007fd4cd460000, 0x00007fd95db50000)
  eden space 2580864K,   0% used [0x00007fd408600000, 0x00007fd408600000, 0x00007fd4a5e60000)
  from space 322560K,   3% used [0x00007fd4b9960000, 0x00007fd4ba4fcc78, 0x00007fd4cd460000)
  to   space 322560K,   0% used [0x00007fd4a5e60000, 0x00007fd4a5e60000, 0x00007fd4b9960000)
 tenured generation   total 6451876K, used 6443803K [0x00007fd95db50000, 0x00007fdae77f9000, 0x00007fe408600000)
   the space 6451876K,  99% used [0x00007fd95db50000, 0x00007fdae7016cf0, 0x00007fdae7016e00, 0x00007fdae77f9000)
 Metaspace       used 24346K, capacity 24760K, committed 25088K, reserved 26624K
}
Event: 18913.136 GC heap before
{Heap before GC invocations=18743 (full 4):
 def new generation   total 2903424K, used 2592755K [0x00007fd408600000, 0x00007fd4cd460000, 0x00007fd95db50000)
  eden space 2580864K, 100% used [0x00007fd408600000, 0x00007fd4a5e60000, 0x00007fd4a5e60000)
  from space 322560K,   3% used [0x00007fd4b9960000, 0x00007fd4ba4fcc78, 0x00007fd4cd460000)
  to   space 322560K,   0% used [0x00007fd4a5e60000, 0x00007fd4a5e60000, 0x00007fd4b9960000)
 tenured generation   total 6451876K, used 6443803K [0x00007fd95db50000, 0x00007fdae77f9000, 0x00007fe408600000)
   the space 6451876K,  99% used [0x00007fd95db50000, 0x00007fdae7016cf0, 0x00007fdae7016e00, 0x00007fdae77f9000)
 Metaspace       used 24346K, capacity 24760K, committed 25088K, reserved 26624K
}
Event: 18913.162 GC heap after
{Heap after GC invocations=18744 (full 4):
 def new generation   total 2903424K, used 11892K [0x00007fd408600000, 0x00007fd4cd460000, 0x00007fd95db50000)
  eden space 2580864K,   0% used [0x00007fd408600000, 0x00007fd408600000, 0x00007fd4a5e60000)
  from space 322560K,   3% used [0x00007fd4a5e60000, 0x00007fd4a69fd050, 0x00007fd4b9960000)
  to   space 322560K,   0% used [0x00007fd4b9960000, 0x00007fd4b9960000, 0x00007fd4cd460000)
 tenured generation   total 6451876K, used 6444459K [0x00007fd95db50000, 0x00007fdae77f9000, 0x00007fe408600000)
   the space 6451876K,  99% used [0x00007fd95db50000, 0x00007fdae70bac70, 0x00007fdae70bae00, 0x00007fdae77f9000)
 Metaspace       used 24346K, capacity 24760K, committed 25088K, reserved 26624K
}
Event: 18915.389 GC heap before
{Heap before GC invocations=18744 (full 4):
 def new generation   total 2903424K, used 2592756K [0x00007fd408600000, 0x00007fd4cd460000, 0x00007fd95db50000)
  eden space 2580864K, 100% used [0x00007fd408600000, 0x00007fd4a5e60000, 0x00007fd4a5e60000)
  from space 322560K,   3% used [0x00007fd4a5e60000, 0x00007fd4a69fd050, 0x00007fd4b9960000)
  to   space 322560K,   0% used [0x00007fd4b9960000, 0x00007fd4b9960000, 0x00007fd4cd460000)
 tenured generation   total 6451876K, used 6444459K [0x00007fd95db50000, 0x00007fdae77f9000, 0x00007fe408600000)
   the space 6451876K,  99% used [0x00007fd95db50000, 0x00007fdae70bac70, 0x00007fdae70bae00, 0x00007fdae77f9000)
 Metaspace       used 24346K, capacity 24760K, committed 25088K, reserved 26624K
}
Event: 18915.418 GC heap after
{Heap after GC invocations=18745 (full 4):
 def new generation   total 2903424K, used 11879K [0x00007fd408600000, 0x00007fd4cd460000, 0x00007fd95db50000)
  eden space 2580864K,   0% used [0x00007fd408600000, 0x00007fd408600000, 0x00007fd4a5e60000)
  from space 322560K,   3% used [0x00007fd4b9960000, 0x00007fd4ba4f9c70, 0x00007fd4cd460000)
  to   space 322560K,   0% used [0x00007fd4a5e60000, 0x00007fd4a5e60000, 0x00007fd4b9960000)
 tenured generation   total 6451876K, used 6445095K [0x00007fd95db50000, 0x00007fdae77f9000, 0x00007fe408600000)
   the space 6451876K,  99% used [0x00007fd95db50000, 0x00007fdae7159c70, 0x00007fdae7159e00, 0x00007fdae77f9000)
 Metaspace       used 24346K, capacity 24760K, committed 25088K, reserved 26624K
}
Event: 18917.677 GC heap before
{Heap before GC invocations=18745 (full 4):
 def new generation   total 2903424K, used 2592743K [0x00007fd408600000, 0x00007fd4cd460000, 0x00007fd95db50000)
  eden space 2580864K, 100% used [0x00007fd408600000, 0x00007fd4a5e60000, 0x00007fd4a5e60000)
  from space 322560K,   3% used [0x00007fd4b9960000, 0x00007fd4ba4f9c70, 0x00007fd4cd460000)
  to   space 322560K,   0% used [0x00007fd4a5e60000, 0x00007fd4a5e60000, 0x00007fd4b9960000)
 tenured generation   total 6451876K, used 6445095K [0x00007fd95db50000, 0x00007fdae77f9000, 0x00007fe408600000)
   the space 6451876K,  99% used [0x00007fd95db50000, 0x00007fdae7159c70, 0x00007fdae7159e00, 0x00007fdae77f9000)
 Metaspace       used 24346K, capacity 24760K, committed 25088K, reserved 26624K
}
Event: 18917.709 GC heap after
{Heap after GC invocations=18746 (full 4):
 def new generation   total 2903424K, used 12326K [0x00007fd408600000, 0x00007fd4cd460000, 0x00007fd95db50000)
  eden space 2580864K,   0% used [0x00007fd408600000, 0x00007fd408600000, 0x00007fd4a5e60000)
  from space 322560K,   3% used [0x00007fd4a5e60000, 0x00007fd4a6a69aa0, 0x00007fd4b9960000)
  to   space 322560K,   0% used [0x00007fd4b9960000, 0x00007fd4b9960000, 0x00007fd4cd460000)
 tenured generation   total 6451876K, used 6445750K [0x00007fd95db50000, 0x00007fdae77f9000, 0x00007fe408600000)
   the space 6451876K,  99% used [0x00007fd95db50000, 0x00007fdae71fdbf0, 0x00007fdae71fdc00, 0x00007fdae77f9000)
 Metaspace       used 24346K, capacity 24760K, committed 25088K, reserved 26624K
}
Event: 18919.942 GC heap before
{Heap before GC invocations=18746 (full 4):
 def new generation   total 2903424K, used 2593190K [0x00007fd408600000, 0x00007fd4cd460000, 0x00007fd95db50000)
  eden space 2580864K, 100% used [0x00007fd408600000, 0x00007fd4a5e60000, 0x00007fd4a5e60000)
  from space 322560K,   3% used [0x00007fd4a5e60000, 0x00007fd4a6a69aa0, 0x00007fd4b9960000)
  to   space 322560K,   0% used [0x00007fd4b9960000, 0x00007fd4b9960000, 0x00007fd4cd460000)
 tenured generation   total 6451876K, used 6445750K [0x00007fd95db50000, 0x00007fdae77f9000, 0x00007fe408600000)
   the space 6451876K,  99% used [0x00007fd95db50000, 0x00007fdae71fdbf0, 0x00007fdae71fdc00, 0x00007fdae77f9000)
 Metaspace       used 24346K, capacity 24760K, committed 25088K, reserved 26624K
}
Event: 18919.977 GC heap after
{Heap after GC invocations=18747 (full 4):
 def new generation   total 2903424K, used 12766K [0x00007fd408600000, 0x00007fd4cd460000, 0x00007fd95db50000)
  eden space 2580864K,   0% used [0x00007fd408600000, 0x00007fd408600000, 0x00007fd4a5e60000)
  from space 322560K,   3% used [0x00007fd4b9960000, 0x00007fd4ba5d78b8, 0x00007fd4cd460000)
  to   space 322560K,   0% used [0x00007fd4a5e60000, 0x00007fd4a5e60000, 0x00007fd4b9960000)
 tenured generation   total 6451876K, used 6446580K [0x00007fd95db50000, 0x00007fdae77f9000, 0x00007fe408600000)
   the space 6451876K,  99% used [0x00007fd95db50000, 0x00007fdae72cd100, 0x00007fdae72cd200, 0x00007fdae77f9000)
 Metaspace       used 24346K, capacity 24760K, committed 25088K, reserved 26624K
}
Event: 18922.191 GC heap before
{Heap before GC invocations=18747 (full 4):
 def new generation   total 2903424K, used 2593630K [0x00007fd408600000, 0x00007fd4cd460000, 0x00007fd95db50000)
  eden space 2580864K, 100% used [0x00007fd408600000, 0x00007fd4a5e60000, 0x00007fd4a5e60000)
  from space 322560K,   3% used [0x00007fd4b9960000, 0x00007fd4ba5d78b8, 0x00007fd4cd460000)
  to   space 322560K,   0% used [0x00007fd4a5e60000, 0x00007fd4a5e60000, 0x00007fd4b9960000)
 tenured generation   total 6451876K, used 6446580K [0x00007fd95db50000, 0x00007fdae77f9000, 0x00007fe408600000)
   the space 6451876K,  99% used [0x00007fd95db50000, 0x00007fdae72cd100, 0x00007fdae72cd200, 0x00007fdae77f9000)
 Metaspace       used 24346K, capacity 24760K, committed 25088K, reserved 26624K
}
Event: 18922.225 GC heap after
{Heap after GC invocations=18748 (full 4):
 def new generation   total 2903424K, used 13178K [0x00007fd408600000, 0x00007fd4cd460000, 0x00007fd95db50000)
  eden space 2580864K,   0% used [0x00007fd408600000, 0x00007fd408600000, 0x00007fd4a5e60000)
  from space 322560K,   4% used [0x00007fd4a5e60000, 0x00007fd4a6b3eb68, 0x00007fd4b9960000)
  to   space 322560K,   0% used [0x00007fd4b9960000, 0x00007fd4b9960000, 0x00007fd4cd460000)
 tenured generation   total 6451876K, used 6447448K [0x00007fd95db50000, 0x00007fdae77f9000, 0x00007fe408600000)
   the space 6451876K,  99% used [0x00007fd95db50000, 0x00007fdae73a6240, 0x00007fdae73a6400, 0x00007fdae77f9000)
 Metaspace       used 24346K, capacity 24760K, committed 25088K, reserved 26624K
}
Event: 18924.440 GC heap before
{Heap before GC invocations=18748 (full 4):
 def new generation   total 2903424K, used 2594042K [0x00007fd408600000, 0x00007fd4cd460000, 0x00007fd95db50000)
  eden space 2580864K, 100% used [0x00007fd408600000, 0x00007fd4a5e60000, 0x00007fd4a5e60000)
  from space 322560K,   4% used [0x00007fd4a5e60000, 0x00007fd4a6b3eb68, 0x00007fd4b9960000)
  to   space 322560K,   0% used [0x00007fd4b9960000, 0x00007fd4b9960000, 0x00007fd4cd460000)
 tenured generation   total 6451876K, used 6447448K [0x00007fd95db50000, 0x00007fdae77f9000, 0x00007fe408600000)
   the space 6451876K,  99% used [0x00007fd95db50000, 0x00007fdae73a6240, 0x00007fdae73a6400, 0x00007fdae77f9000)
 Metaspace       used 24346K, capacity 24760K, committed 25088K, reserved 26624K
}
Event: 18924.476 GC heap after
{Heap after GC invocations=18749 (full 4):
 def new generation   total 2903424K, used 13574K [0x00007fd408600000, 0x00007fd4cd460000, 0x00007fd95db50000)
  eden space 2580864K,   0% used [0x00007fd408600000, 0x00007fd408600000, 0x00007fd4a5e60000)
  from space 322560K,   4% used [0x00007fd4b9960000, 0x00007fd4ba6a1b58, 0x00007fd4cd460000)
  to   space 322560K,   0% used [0x00007fd4a5e60000, 0x00007fd4a5e60000, 0x00007fd4b9960000)
 tenured generation   total 6451876K, used 6448297K [0x00007fd95db50000, 0x00007fdae77f9000, 0x00007fe408600000)
   the space 6451876K,  99% used [0x00007fd95db50000, 0x00007fdae747a490, 0x00007fdae747a600, 0x00007fdae77f9000)
 Metaspace       used 24346K, capacity 24760K, committed 25088K, reserved 26624K
}
Event: 18926.670 GC heap before
{Heap before GC invocations=18749 (full 4):
 def new generation   total 2903424K, used 2594438K [0x00007fd408600000, 0x00007fd4cd460000, 0x00007fd95db50000)
  eden space 2580864K, 100% used [0x00007fd408600000, 0x00007fd4a5e60000, 0x00007fd4a5e60000)
  from space 322560K,   4% used [0x00007fd4b9960000, 0x00007fd4ba6a1b58, 0x00007fd4cd460000)
  to   space 322560K,   0% used [0x00007fd4a5e60000, 0x00007fd4a5e60000, 0x00007fd4b9960000)
 tenured generation   total 6451876K, used 6448297K [0x00007fd95db50000, 0x00007fdae77f9000, 0x00007fe408600000)
   the space 6451876K,  99% used [0x00007fd95db50000, 0x00007fdae747a490, 0x00007fdae747a600, 0x00007fdae77f9000)
 Metaspace       used 24346K, capacity 24760K, committed 25088K, reserved 26624K
}
Event: 18926.703 GC heap after
{Heap after GC invocations=18750 (full 4):
 def new generation   total 2903424K, used 13231K [0x00007fd408600000, 0x00007fd4cd460000, 0x00007fd95db50000)
  eden space 2580864K,   0% used [0x00007fd408600000, 0x00007fd408600000, 0x00007fd4a5e60000)
  from space 322560K,   4% used [0x00007fd4a5e60000, 0x00007fd4a6b4bdd0, 0x00007fd4b9960000)
  to   space 322560K,   0% used [0x00007fd4b9960000, 0x00007fd4b9960000, 0x00007fd4cd460000)
 tenured generation   total 6451876K, used 6449397K [0x00007fd95db50000, 0x00007fdae77f9000, 0x00007fe408600000)
   the space 6451876K,  99% used [0x00007fd95db50000, 0x00007fdae758d440, 0x00007fdae758d600, 0x00007fdae77f9000)
 Metaspace       used 24346K, capacity 24760K, committed 25088K, reserved 26624K
}
Event: 18929.030 GC heap before
{Heap before GC invocations=18750 (full 4):
 def new generation   total 2903424K, used 2594095K [0x00007fd408600000, 0x00007fd4cd460000, 0x00007fd95db50000)
  eden space 2580864K, 100% used [0x00007fd408600000, 0x00007fd4a5e60000, 0x00007fd4a5e60000)
  from space 322560K,   4% used [0x00007fd4a5e60000, 0x00007fd4a6b4bdd0, 0x00007fd4b9960000)
  to   space 322560K,   0% used [0x00007fd4b9960000, 0x00007fd4b9960000, 0x00007fd4cd460000)
 tenured generation   total 6451876K, used 6449397K [0x00007fd95db50000, 0x00007fdae77f9000, 0x00007fe408600000)
   the space 6451876K,  99% used [0x00007fd95db50000, 0x00007fdae758d440, 0x00007fdae758d600, 0x00007fdae77f9000)
 Metaspace       used 24346K, capacity 24760K, committed 25088K, reserved 26624K
}
Event: 18929.066 GC heap after
{Heap after GC invocations=18751 (full 4):
 def new generation   total 2903424K, used 12380K [0x00007fd408600000, 0x00007fd4cd460000, 0x00007fd95db50000)
  eden space 2580864K,   0% used [0x00007fd408600000, 0x00007fd408600000, 0x00007fd4a5e60000)
  from space 322560K,   3% used [0x00007fd4b9960000, 0x00007fd4ba577078, 0x00007fd4cd460000)
  to   space 322560K,   0% used [0x00007fd4a5e60000, 0x00007fd4a5e60000, 0x00007fd4b9960000)
 tenured generation   total 6451876K, used 6450674K [0x00007fd95db50000, 0x00007fdae77f9000, 0x00007fe408600000)
   the space 6451876K,  99% used [0x00007fd95db50000, 0x00007fdae76ccbe0, 0x00007fdae76ccc00, 0x00007fdae77f9000)
 Metaspace       used 24346K, capacity 24760K, committed 25088K, reserved 26624K
}
Event: 18931.381 GC heap before
{Heap before GC invocations=18751 (full 4):
 def new generation   total 2903424K, used 2593244K [0x00007fd408600000, 0x00007fd4cd460000, 0x00007fd95db50000)
  eden space 2580864K, 100% used [0x00007fd408600000, 0x00007fd4a5e60000, 0x00007fd4a5e60000)
  from space 322560K,   3% used [0x00007fd4b9960000, 0x00007fd4ba577078, 0x00007fd4cd460000)
  to   space 322560K,   0% used [0x00007fd4a5e60000, 0x00007fd4a5e60000, 0x00007fd4b9960000)
 tenured generation   total 6451876K, used 6450674K [0x00007fd95db50000, 0x00007fdae77f9000, 0x00007fe408600000)
   the space 6451876K,  99% used [0x00007fd95db50000, 0x00007fdae76ccbe0, 0x00007fdae76ccc00, 0x00007fdae77f9000)
 Metaspace       used 24346K, capacity 24760K, committed 25088K, reserved 26624K
}
Event: 18931.422 GC heap after
{Heap after GC invocations=18752 (full 4):
 def new generation   total 2903424K, used 11628K [0x00007fd408600000, 0x00007fd4cd460000, 0x00007fd95db50000)
  eden space 2580864K,   0% used [0x00007fd408600000, 0x00007fd408600000, 0x00007fd4a5e60000)
  from space 322560K,   3% used [0x00007fd4a5e60000, 0x00007fd4a69bb340, 0x00007fd4b9960000)
  to   space 322560K,   0% used [0x00007fd4b9960000, 0x00007fd4b9960000, 0x00007fd4cd460000)
 tenured generation   total 6452068K, used 6451929K [0x00007fd95db50000, 0x00007fdae7829000, 0x00007fe408600000)
   the space 6452068K,  99% used [0x00007fd95db50000, 0x00007fdae7806500, 0x00007fdae7806600, 0x00007fdae7829000)
 Metaspace       used 24346K, capacity 24760K, committed 25088K, reserved 26624K
}
Event: 18931.422 GC heap before
{Heap before GC invocations=18752 (full 4):
 def new generation   total 2903424K, used 11628K [0x00007fd408600000, 0x00007fd4cd460000, 0x00007fd95db50000)
  eden space 2580864K,   0% used [0x00007fd408600000, 0x00007fd408600000, 0x00007fd4a5e60000)
  from space 322560K,   3% used [0x00007fd4a5e60000, 0x00007fd4a69bb340, 0x00007fd4b9960000)
  to   space 322560K,   0% used [0x00007fd4b9960000, 0x00007fd4b9960000, 0x00007fd4cd460000)
 tenured generation   total 6452068K, used 6451929K [0x00007fd95db50000, 0x00007fdae7829000, 0x00007fe408600000)
   the space 6452068K,  99% used [0x00007fd95db50000, 0x00007fdae7806500, 0x00007fdae7806600, 0x00007fdae7829000)
 Metaspace       used 24346K, capacity 24760K, committed 25088K, reserved 26624K
}

