# JRE version: OpenJDK Runtime Environment (13.0.7+5) (build 13.0.7+5-Ubuntu-0ubuntu120.04)
# Java VM: OpenJDK 64-Bit Server VM (13.0.7+5-Ubuntu-0ubuntu120.04, mixed mode, tiered, serial gc, linux-amd64)
Heap:
 def new generation   total 1050432K, used 59727K [0x00007fce88600000, 0x00007fcecf9c0000, 0x00007fd3ddb50000)
  eden space 933760K,   6% used [0x00007fce88600000, 0x00007fce8c053f58, 0x00007fcec15e0000)
  from space 116672K,   0% used [0x00007fcec87d0000, 0x00007fcec87d0000, 0x00007fcecf9c0000)
  to   space 116672K,   0% used [0x00007fcec15e0000, 0x00007fcec15e0000, 0x00007fcec87d0000)
 tenured generation   total 2335232K, used 2335231K [0x00007fd3ddb50000, 0x00007fd46c3d0000, 0x00007fde88600000)
   the space 2335232K,  99% used [0x00007fd3ddb50000, 0x00007fd46c3cffe8, 0x00007fd46c3d0000, 0x00007fd46c3d0000)
 Metaspace       used 24177K, capacity 24593K, committed 24832K, reserved 26624K
GC Heap History (20 events):
Event: 582.211 GC heap after
{Heap after GC invocations=774 (full 2):
 def new generation   total 1050432K, used 59615K [0x00007fce88600000, 0x00007fcecf9c0000, 0x00007fd3ddb50000)
  eden space 933760K,   0% used [0x00007fce88600000, 0x00007fce88600000, 0x00007fcec15e0000)
  from space 116672K,  51% used [0x00007fcec15e0000, 0x00007fcec5017ca0, 0x00007fcec87d0000)
  to   space 116672K,   0% used [0x00007fcec87d0000, 0x00007fcec87d0000, 0x00007fcecf9c0000)
 tenured generation   total 2334080K, used 2296943K [0x00007fd3ddb50000, 0x00007fd46c2b0000, 0x00007fde88600000)
   the space 2334080K,  98% used [0x00007fd3ddb50000, 0x00007fd469e6bd50, 0x00007fd469e6be00, 0x00007fd46c2b0000)
 Metaspace       used 24177K, capacity 24593K, committed 24832K, reserved 26624K
}
Event: 583.003 GC heap before
{Heap before GC invocations=774 (full 2):
 def new generation   total 1050432K, used 993375K [0x00007fce88600000, 0x00007fcecf9c0000, 0x00007fd3ddb50000)
  eden space 933760K, 100% used [0x00007fce88600000, 0x00007fcec15e0000, 0x00007fcec15e0000)
  from space 116672K,  51% used [0x00007fcec15e0000, 0x00007fcec5017ca0, 0x00007fcec87d0000)
  to   space 116672K,   0% used [0x00007fcec87d0000, 0x00007fcec87d0000, 0x00007fcecf9c0000)
 tenured generation   total 2334080K, used 2296943K [0x00007fd3ddb50000, 0x00007fd46c2b0000, 0x00007fde88600000)
   the space 2334080K,  98% used [0x00007fd3ddb50000, 0x00007fd469e6bd50, 0x00007fd469e6be00, 0x00007fd46c2b0000)
 Metaspace       used 24177K, capacity 24593K, committed 24832K, reserved 26624K
}
Event: 583.183 GC heap after
{Heap after GC invocations=775 (full 2):
 def new generation   total 1050432K, used 59939K [0x00007fce88600000, 0x00007fcecf9c0000, 0x00007fd3ddb50000)
  eden space 933760K,   0% used [0x00007fce88600000, 0x00007fce88600000, 0x00007fcec15e0000)
  from space 116672K,  51% used [0x00007fcec87d0000, 0x00007fcecc258c38, 0x00007fcecf9c0000)
  to   space 116672K,   0% used [0x00007fcec15e0000, 0x00007fcec15e0000, 0x00007fcec87d0000)
 tenured generation   total 2334080K, used 2300942K [0x00007fd3ddb50000, 0x00007fd46c2b0000, 0x00007fde88600000)
   the space 2334080K,  98% used [0x00007fd3ddb50000, 0x00007fd46a253860, 0x00007fd46a253a00, 0x00007fd46c2b0000)
 Metaspace       used 24177K, capacity 24593K, committed 24832K, reserved 26624K
}
Event: 583.989 GC heap before
{Heap before GC invocations=775 (full 2):
 def new generation   total 1050432K, used 993699K [0x00007fce88600000, 0x00007fcecf9c0000, 0x00007fd3ddb50000)
  eden space 933760K, 100% used [0x00007fce88600000, 0x00007fcec15e0000, 0x00007fcec15e0000)
  from space 116672K,  51% used [0x00007fcec87d0000, 0x00007fcecc258c38, 0x00007fcecf9c0000)
  to   space 116672K,   0% used [0x00007fcec15e0000, 0x00007fcec15e0000, 0x00007fcec87d0000)
 tenured generation   total 2334080K, used 2300942K [0x00007fd3ddb50000, 0x00007fd46c2b0000, 0x00007fde88600000)
   the space 2334080K,  98% used [0x00007fd3ddb50000, 0x00007fd46a253860, 0x00007fd46a253a00, 0x00007fd46c2b0000)
 Metaspace       used 24177K, capacity 24593K, committed 24832K, reserved 26624K
}
Event: 584.172 GC heap after
{Heap after GC invocations=776 (full 2):
 def new generation   total 1050432K, used 59952K [0x00007fce88600000, 0x00007fcecf9c0000, 0x00007fd3ddb50000)
  eden space 933760K,   0% used [0x00007fce88600000, 0x00007fce88600000, 0x00007fcec15e0000)
  from space 116672K,  51% used [0x00007fcec15e0000, 0x00007fcec506c1f8, 0x00007fcec87d0000)
  to   space 116672K,   0% used [0x00007fcec87d0000, 0x00007fcec87d0000, 0x00007fcecf9c0000)
 tenured generation   total 2334080K, used 2305246K [0x00007fd3ddb50000, 0x00007fd46c2b0000, 0x00007fde88600000)
   the space 2334080K,  98% used [0x00007fd3ddb50000, 0x00007fd46a687888, 0x00007fd46a687a00, 0x00007fd46c2b0000)
 Metaspace       used 24177K, capacity 24593K, committed 24832K, reserved 26624K
}
Event: 584.936 GC heap before
{Heap before GC invocations=776 (full 2):
 def new generation   total 1050432K, used 993712K [0x00007fce88600000, 0x00007fcecf9c0000, 0x00007fd3ddb50000)
  eden space 933760K, 100% used [0x00007fce88600000, 0x00007fcec15e0000, 0x00007fcec15e0000)
  from space 116672K,  51% used [0x00007fcec15e0000, 0x00007fcec506c1f8, 0x00007fcec87d0000)
  to   space 116672K,   0% used [0x00007fcec87d0000, 0x00007fcec87d0000, 0x00007fcecf9c0000)
 tenured generation   total 2334080K, used 2305246K [0x00007fd3ddb50000, 0x00007fd46c2b0000, 0x00007fde88600000)
   the space 2334080K,  98% used [0x00007fd3ddb50000, 0x00007fd46a687888, 0x00007fd46a687a00, 0x00007fd46c2b0000)
 Metaspace       used 24177K, capacity 24593K, committed 24832K, reserved 26624K
}
Event: 585.115 GC heap after
{Heap after GC invocations=777 (full 2):
 def new generation   total 1050432K, used 59921K [0x00007fce88600000, 0x00007fcecf9c0000, 0x00007fd3ddb50000)
  eden space 933760K,   0% used [0x00007fce88600000, 0x00007fce88600000, 0x00007fcec15e0000)
  from space 116672K,  51% used [0x00007fcec87d0000, 0x00007fcecc254780, 0x00007fcecf9c0000)
  to   space 116672K,   0% used [0x00007fcec15e0000, 0x00007fcec15e0000, 0x00007fcec87d0000)
 tenured generation   total 2334080K, used 2309582K [0x00007fd3ddb50000, 0x00007fd46c2b0000, 0x00007fde88600000)
   the space 2334080K,  98% used [0x00007fd3ddb50000, 0x00007fd46aac3bb0, 0x00007fd46aac3c00, 0x00007fd46c2b0000)
 Metaspace       used 24177K, capacity 24593K, committed 24832K, reserved 26624K
}
Event: 585.960 GC heap before
{Heap before GC invocations=777 (full 2):
 def new generation   total 1050432K, used 993681K [0x00007fce88600000, 0x00007fcecf9c0000, 0x00007fd3ddb50000)
  eden space 933760K, 100% used [0x00007fce88600000, 0x00007fcec15e0000, 0x00007fcec15e0000)
  from space 116672K,  51% used [0x00007fcec87d0000, 0x00007fcecc254780, 0x00007fcecf9c0000)
  to   space 116672K,   0% used [0x00007fcec15e0000, 0x00007fcec15e0000, 0x00007fcec87d0000)
 tenured generation   total 2334080K, used 2309582K [0x00007fd3ddb50000, 0x00007fd46c2b0000, 0x00007fde88600000)
   the space 2334080K,  98% used [0x00007fd3ddb50000, 0x00007fd46aac3bb0, 0x00007fd46aac3c00, 0x00007fd46c2b0000)
 Metaspace       used 24177K, capacity 24593K, committed 24832K, reserved 26624K
}
Event: 586.140 GC heap after
{Heap after GC invocations=778 (full 2):
 def new generation   total 1050432K, used 59775K [0x00007fce88600000, 0x00007fcecf9c0000, 0x00007fd3ddb50000)
  eden space 933760K,   0% used [0x00007fce88600000, 0x00007fce88600000, 0x00007fcec15e0000)
  from space 116672K,  51% used [0x00007fcec15e0000, 0x00007fcec503ff90, 0x00007fcec87d0000)
  to   space 116672K,   0% used [0x00007fcec87d0000, 0x00007fcec87d0000, 0x00007fcecf9c0000)
 tenured generation   total 2334080K, used 2313896K [0x00007fd3ddb50000, 0x00007fd46c2b0000, 0x00007fde88600000)
   the space 2334080K,  99% used [0x00007fd3ddb50000, 0x00007fd46aefa0a8, 0x00007fd46aefa200, 0x00007fd46c2b0000)
 Metaspace       used 24177K, capacity 24593K, committed 24832K, reserved 26624K
}
Event: 586.965 GC heap before
{Heap before GC invocations=778 (full 2):
 def new generation   total 1050432K, used 993535K [0x00007fce88600000, 0x00007fcecf9c0000, 0x00007fd3ddb50000)
  eden space 933760K, 100% used [0x00007fce88600000, 0x00007fcec15e0000, 0x00007fcec15e0000)
  from space 116672K,  51% used [0x00007fcec15e0000, 0x00007fcec503ff90, 0x00007fcec87d0000)
  to   space 116672K,   0% used [0x00007fcec87d0000, 0x00007fcec87d0000, 0x00007fcecf9c0000)
 tenured generation   total 2334080K, used 2313896K [0x00007fd3ddb50000, 0x00007fd46c2b0000, 0x00007fde88600000)
   the space 2334080K,  99% used [0x00007fd3ddb50000, 0x00007fd46aefa0a8, 0x00007fd46aefa200, 0x00007fd46c2b0000)
 Metaspace       used 24177K, capacity 24593K, committed 24832K, reserved 26624K
}
Event: 587.129 GC heap after
{Heap after GC invocations=779 (full 2):
 def new generation   total 1050432K, used 59822K [0x00007fce88600000, 0x00007fcecf9c0000, 0x00007fd3ddb50000)
  eden space 933760K,   0% used [0x00007fce88600000, 0x00007fce88600000, 0x00007fcec15e0000)
  from space 116672K,  51% used [0x00007fcec87d0000, 0x00007fcecc23bac0, 0x00007fcecf9c0000)
  to   space 116672K,   0% used [0x00007fcec15e0000, 0x00007fcec15e0000, 0x00007fcec87d0000)
 tenured generation   total 2334080K, used 2318167K [0x00007fd3ddb50000, 0x00007fd46c2b0000, 0x00007fde88600000)
   the space 2334080K,  99% used [0x00007fd3ddb50000, 0x00007fd46b325ef0, 0x00007fd46b326000, 0x00007fd46c2b0000)
 Metaspace       used 24177K, capacity 24593K, committed 24832K, reserved 26624K
}
Event: 588.127 GC heap before
{Heap before GC invocations=779 (full 2):
 def new generation   total 1050432K, used 993582K [0x00007fce88600000, 0x00007fcecf9c0000, 0x00007fd3ddb50000)
  eden space 933760K, 100% used [0x00007fce88600000, 0x00007fcec15e0000, 0x00007fcec15e0000)
  from space 116672K,  51% used [0x00007fcec87d0000, 0x00007fcecc23bac0, 0x00007fcecf9c0000)
  to   space 116672K,   0% used [0x00007fcec15e0000, 0x00007fcec15e0000, 0x00007fcec87d0000)
 tenured generation   total 2334080K, used 2318167K [0x00007fd3ddb50000, 0x00007fd46c2b0000, 0x00007fde88600000)
   the space 2334080K,  99% used [0x00007fd3ddb50000, 0x00007fd46b325ef0, 0x00007fd46b326000, 0x00007fd46c2b0000)
 Metaspace       used 24177K, capacity 24593K, committed 24832K, reserved 26624K
}
Event: 588.306 GC heap after
{Heap after GC invocations=780 (full 2):
 def new generation   total 1050432K, used 59807K [0x00007fce88600000, 0x00007fcecf9c0000, 0x00007fd3ddb50000)
  eden space 933760K,   0% used [0x00007fce88600000, 0x00007fce88600000, 0x00007fcec15e0000)
  from space 116672K,  51% used [0x00007fcec15e0000, 0x00007fcec5047d28, 0x00007fcec87d0000)
  to   space 116672K,   0% used [0x00007fcec87d0000, 0x00007fcec87d0000, 0x00007fcecf9c0000)
 tenured generation   total 2334080K, used 2322335K [0x00007fd3ddb50000, 0x00007fd46c2b0000, 0x00007fde88600000)
   the space 2334080K,  99% used [0x00007fd3ddb50000, 0x00007fd46b737f60, 0x00007fd46b738000, 0x00007fd46c2b0000)
 Metaspace       used 24177K, capacity 24593K, committed 24832K, reserved 26624K
}
Event: 589.111 GC heap before
{Heap before GC invocations=780 (full 2):
 def new generation   total 1050432K, used 993567K [0x00007fce88600000, 0x00007fcecf9c0000, 0x00007fd3ddb50000)
  eden space 933760K, 100% used [0x00007fce88600000, 0x00007fcec15e0000, 0x00007fcec15e0000)
  from space 116672K,  51% used [0x00007fcec15e0000, 0x00007fcec5047d28, 0x00007fcec87d0000)
  to   space 116672K,   0% used [0x00007fcec87d0000, 0x00007fcec87d0000, 0x00007fcecf9c0000)
 tenured generation   total 2334080K, used 2322335K [0x00007fd3ddb50000, 0x00007fd46c2b0000, 0x00007fde88600000)
   the space 2334080K,  99% used [0x00007fd3ddb50000, 0x00007fd46b737f60, 0x00007fd46b738000, 0x00007fd46c2b0000)
 Metaspace       used 24177K, capacity 24593K, committed 24832K, reserved 26624K
}
Event: 589.303 GC heap after
{Heap after GC invocations=781 (full 2):
 def new generation   total 1050432K, used 59835K [0x00007fce88600000, 0x00007fcecf9c0000, 0x00007fd3ddb50000)
  eden space 933760K,   0% used [0x00007fce88600000, 0x00007fce88600000, 0x00007fcec15e0000)
  from space 116672K,  51% used [0x00007fcec87d0000, 0x00007fcecc23ed38, 0x00007fcecf9c0000)
  to   space 116672K,   0% used [0x00007fcec15e0000, 0x00007fcec15e0000, 0x00007fcec87d0000)
 tenured generation   total 2334080K, used 2326648K [0x00007fd3ddb50000, 0x00007fd46c2b0000, 0x00007fde88600000)
   the space 2334080K,  99% used [0x00007fd3ddb50000, 0x00007fd46bb6e168, 0x00007fd46bb6e200, 0x00007fd46c2b0000)
 Metaspace       used 24177K, capacity 24593K, committed 24832K, reserved 26624K
}
Event: 590.120 GC heap before
{Heap before GC invocations=781 (full 2):
 def new generation   total 1050432K, used 993595K [0x00007fce88600000, 0x00007fcecf9c0000, 0x00007fd3ddb50000)
  eden space 933760K, 100% used [0x00007fce88600000, 0x00007fcec15e0000, 0x00007fcec15e0000)
  from space 116672K,  51% used [0x00007fcec87d0000, 0x00007fcecc23ed38, 0x00007fcecf9c0000)
  to   space 116672K,   0% used [0x00007fcec15e0000, 0x00007fcec15e0000, 0x00007fcec87d0000)
 tenured generation   total 2334080K, used 2326648K [0x00007fd3ddb50000, 0x00007fd46c2b0000, 0x00007fde88600000)
   the space 2334080K,  99% used [0x00007fd3ddb50000, 0x00007fd46bb6e168, 0x00007fd46bb6e200, 0x00007fd46c2b0000)
 Metaspace       used 24177K, capacity 24593K, committed 24832K, reserved 26624K
}
Event: 590.310 GC heap after
{Heap after GC invocations=782 (full 2):
 def new generation   total 1050432K, used 59856K [0x00007fce88600000, 0x00007fcecf9c0000, 0x00007fd3ddb50000)
  eden space 933760K,   0% used [0x00007fce88600000, 0x00007fce88600000, 0x00007fcec15e0000)
  from space 116672K,  51% used [0x00007fcec15e0000, 0x00007fcec5054200, 0x00007fcec87d0000)
  to   space 116672K,   0% used [0x00007fcec87d0000, 0x00007fcec87d0000, 0x00007fcecf9c0000)
 tenured generation   total 2334080K, used 2330951K [0x00007fd3ddb50000, 0x00007fd46c2b0000, 0x00007fde88600000)
   the space 2334080K,  99% used [0x00007fd3ddb50000, 0x00007fd46bfa1cf8, 0x00007fd46bfa1e00, 0x00007fd46c2b0000)
 Metaspace       used 24177K, capacity 24593K, committed 24832K, reserved 26624K
}
Event: 591.119 GC heap before
{Heap before GC invocations=782 (full 2):
 def new generation   total 1050432K, used 993616K [0x00007fce88600000, 0x00007fcecf9c0000, 0x00007fd3ddb50000)
  eden space 933760K, 100% used [0x00007fce88600000, 0x00007fcec15e0000, 0x00007fcec15e0000)
  from space 116672K,  51% used [0x00007fcec15e0000, 0x00007fcec5054200, 0x00007fcec87d0000)
  to   space 116672K,   0% used [0x00007fcec87d0000, 0x00007fcec87d0000, 0x00007fcecf9c0000)
 tenured generation   total 2334080K, used 2330951K [0x00007fd3ddb50000, 0x00007fd46c2b0000, 0x00007fde88600000)
   the space 2334080K,  99% used [0x00007fd3ddb50000, 0x00007fd46bfa1cf8, 0x00007fd46bfa1e00, 0x00007fd46c2b0000)
 Metaspace       used 24177K, capacity 24593K, committed 24832K, reserved 26624K
}
Event: 591.295 GC heap after
{Heap after GC invocations=783 (full 2):
 def new generation   total 1050432K, used 59872K [0x00007fce88600000, 0x00007fcecf9c0000, 0x00007fd3ddb50000)
  eden space 933760K,   0% used [0x00007fce88600000, 0x00007fce88600000, 0x00007fcec15e0000)
  from space 116672K,  51% used [0x00007fcec87d0000, 0x00007fcecc248038, 0x00007fcecf9c0000)
  to   space 116672K,   0% used [0x00007fcec15e0000, 0x00007fcec15e0000, 0x00007fcec87d0000)
 tenured generation   total 2335232K, used 2335087K [0x00007fd3ddb50000, 0x00007fd46c3d0000, 0x00007fde88600000)
   the space 2335232K,  99% used [0x00007fd3ddb50000, 0x00007fd46c3abf08, 0x00007fd46c3ac000, 0x00007fd46c3d0000)
 Metaspace       used 24177K, capacity 24593K, committed 24832K, reserved 26624K
}
Event: 591.295 GC heap before
{Heap before GC invocations=783 (full 2):
 def new generation   total 1050432K, used 59872K [0x00007fce88600000, 0x00007fcecf9c0000, 0x00007fd3ddb50000)
  eden space 933760K,   0% used [0x00007fce88600000, 0x00007fce88600000, 0x00007fcec15e0000)
  from space 116672K,  51% used [0x00007fcec87d0000, 0x00007fcecc248038, 0x00007fcecf9c0000)
  to   space 116672K,   0% used [0x00007fcec15e0000, 0x00007fcec15e0000, 0x00007fcec87d0000)
 tenured generation   total 2335232K, used 2335087K [0x00007fd3ddb50000, 0x00007fd46c3d0000, 0x00007fde88600000)
   the space 2335232K,  99% used [0x00007fd3ddb50000, 0x00007fd46c3abf08, 0x00007fd46c3ac000, 0x00007fd46c3d0000)
 Metaspace       used 24177K, capacity 24593K, committed 24832K, reserved 26624K
}

