# JRE version: OpenJDK Runtime Environment (13.0.7+5) (build 13.0.7+5-Ubuntu-0ubuntu120.04)
# Java VM: OpenJDK 64-Bit Server VM (13.0.7+5-Ubuntu-0ubuntu120.04, mixed mode, tiered, serial gc, linux-amd64)
Heap:
 def new generation   total 1739520K, used 72425K [0x00007eea84600000, 0x00007eeafa570000, 0x00007ef52f0a0000)
  eden space 1546304K,   4% used [0x00007eea84600000, 0x00007eea88cba6c8, 0x00007eeae2c10000)
  from space 193216K,   0% used [0x00007eeae2c10000, 0x00007eeae2c10000, 0x00007eeaee8c0000)
  to   space 193216K,   0% used [0x00007eeaee8c0000, 0x00007eeaee8c0000, 0x00007eeafa570000)
 tenured generation   total 3881760K, used 3881471K [0x00007ef52f0a0000, 0x00007ef61bf68000, 0x00007f0a84600000)
   the space 3881760K,  99% used [0x00007ef52f0a0000, 0x00007ef61bf1fcc0, 0x00007ef61bf1fe00, 0x00007ef61bf68000)
 Metaspace       used 24213K, capacity 24632K, committed 24832K, reserved 26624K
GC Heap History (20 events):
Event: 501.766 GC heap after
{Heap after GC invocations=1316 (full 5):
 def new generation   total 1739520K, used 99673K [0x00007eea84600000, 0x00007eeafa570000, 0x00007ef52f0a0000)
  eden space 1546304K,   0% used [0x00007eea84600000, 0x00007eea84600000, 0x00007eeae2c10000)
  from space 193216K,  51% used [0x00007eeaee8c0000, 0x00007eeaf4a16578, 0x00007eeafa570000)
  to   space 193216K,   0% used [0x00007eeae2c10000, 0x00007eeae2c10000, 0x00007eeaee8c0000)
 tenured generation   total 3865372K, used 3783827K [0x00007ef52f0a0000, 0x00007ef61af67000, 0x00007f0a84600000)
   the space 3865372K,  97% used [0x00007ef52f0a0000, 0x00007ef615fc4dd0, 0x00007ef615fc4e00, 0x00007ef61af67000)
 Metaspace       used 24213K, capacity 24632K, committed 24832K, reserved 26624K
}
Event: 502.404 GC heap before
{Heap before GC invocations=1316 (full 5):
 def new generation   total 1739520K, used 1645977K [0x00007eea84600000, 0x00007eeafa570000, 0x00007ef52f0a0000)
  eden space 1546304K, 100% used [0x00007eea84600000, 0x00007eeae2c10000, 0x00007eeae2c10000)
  from space 193216K,  51% used [0x00007eeaee8c0000, 0x00007eeaf4a16578, 0x00007eeafa570000)
  to   space 193216K,   0% used [0x00007eeae2c10000, 0x00007eeae2c10000, 0x00007eeaee8c0000)
 tenured generation   total 3865372K, used 3783827K [0x00007ef52f0a0000, 0x00007ef61af67000, 0x00007f0a84600000)
   the space 3865372K,  97% used [0x00007ef52f0a0000, 0x00007ef615fc4dd0, 0x00007ef615fc4e00, 0x00007ef61af67000)
 Metaspace       used 24213K, capacity 24632K, committed 24832K, reserved 26624K
}
Event: 502.428 GC heap after
{Heap after GC invocations=1317 (full 5):
 def new generation   total 1739520K, used 86848K [0x00007eea84600000, 0x00007eeafa570000, 0x00007ef52f0a0000)
  eden space 1546304K,   0% used [0x00007eea84600000, 0x00007eea84600000, 0x00007eeae2c10000)
  from space 193216K,  44% used [0x00007eeae2c10000, 0x00007eeae80e03c8, 0x00007eeaee8c0000)
  to   space 193216K,   0% used [0x00007eeaee8c0000, 0x00007eeaee8c0000, 0x00007eeafa570000)
 tenured generation   total 3865372K, used 3800786K [0x00007ef52f0a0000, 0x00007ef61af67000, 0x00007f0a84600000)
   the space 3865372K,  98% used [0x00007ef52f0a0000, 0x00007ef617054828, 0x00007ef617054a00, 0x00007ef61af67000)
 Metaspace       used 24213K, capacity 24632K, committed 24832K, reserved 26624K
}
Event: 503.073 GC heap before
{Heap before GC invocations=1317 (full 5):
 def new generation   total 1739520K, used 1633152K [0x00007eea84600000, 0x00007eeafa570000, 0x00007ef52f0a0000)
  eden space 1546304K, 100% used [0x00007eea84600000, 0x00007eeae2c10000, 0x00007eeae2c10000)
  from space 193216K,  44% used [0x00007eeae2c10000, 0x00007eeae80e03c8, 0x00007eeaee8c0000)
  to   space 193216K,   0% used [0x00007eeaee8c0000, 0x00007eeaee8c0000, 0x00007eeafa570000)
 tenured generation   total 3865372K, used 3800786K [0x00007ef52f0a0000, 0x00007ef61af67000, 0x00007f0a84600000)
   the space 3865372K,  98% used [0x00007ef52f0a0000, 0x00007ef617054828, 0x00007ef617054a00, 0x00007ef61af67000)
 Metaspace       used 24213K, capacity 24632K, committed 24832K, reserved 26624K
}
Event: 503.092 GC heap after
{Heap after GC invocations=1318 (full 5):
 def new generation   total 1739520K, used 106900K [0x00007eea84600000, 0x00007eeafa570000, 0x00007ef52f0a0000)
  eden space 1546304K,   0% used [0x00007eea84600000, 0x00007eea84600000, 0x00007eeae2c10000)
  from space 193216K,  55% used [0x00007eeaee8c0000, 0x00007eeaf51253f8, 0x00007eeafa570000)
  to   space 193216K,   0% used [0x00007eeae2c10000, 0x00007eeae2c10000, 0x00007eeaee8c0000)
 tenured generation   total 3865372K, used 3800786K [0x00007ef52f0a0000, 0x00007ef61af67000, 0x00007f0a84600000)
   the space 3865372K,  98% used [0x00007ef52f0a0000, 0x00007ef617054828, 0x00007ef617054a00, 0x00007ef61af67000)
 Metaspace       used 24213K, capacity 24632K, committed 24832K, reserved 26624K
}
Event: 503.757 GC heap before
{Heap before GC invocations=1318 (full 5):
 def new generation   total 1739520K, used 1653204K [0x00007eea84600000, 0x00007eeafa570000, 0x00007ef52f0a0000)
  eden space 1546304K, 100% used [0x00007eea84600000, 0x00007eeae2c10000, 0x00007eeae2c10000)
  from space 193216K,  55% used [0x00007eeaee8c0000, 0x00007eeaf51253f8, 0x00007eeafa570000)
  to   space 193216K,   0% used [0x00007eeae2c10000, 0x00007eeae2c10000, 0x00007eeaee8c0000)
 tenured generation   total 3865372K, used 3800786K [0x00007ef52f0a0000, 0x00007ef61af67000, 0x00007f0a84600000)
   the space 3865372K,  98% used [0x00007ef52f0a0000, 0x00007ef617054828, 0x00007ef617054a00, 0x00007ef61af67000)
 Metaspace       used 24213K, capacity 24632K, committed 24832K, reserved 26624K
}
Event: 503.783 GC heap after
{Heap after GC invocations=1319 (full 5):
 def new generation   total 1739520K, used 84784K [0x00007eea84600000, 0x00007eeafa570000, 0x00007ef52f0a0000)
  eden space 1546304K,   0% used [0x00007eea84600000, 0x00007eea84600000, 0x00007eeae2c10000)
  from space 193216K,  43% used [0x00007eeae2c10000, 0x00007eeae7edc110, 0x00007eeaee8c0000)
  to   space 193216K,   0% used [0x00007eeaee8c0000, 0x00007eeaee8c0000, 0x00007eeafa570000)
 tenured generation   total 3865372K, used 3817744K [0x00007ef52f0a0000, 0x00007ef61af67000, 0x00007f0a84600000)
   the space 3865372K,  98% used [0x00007ef52f0a0000, 0x00007ef6180e4280, 0x00007ef6180e4400, 0x00007ef61af67000)
 Metaspace       used 24213K, capacity 24632K, committed 24832K, reserved 26624K
}
Event: 504.466 GC heap before
{Heap before GC invocations=1319 (full 5):
 def new generation   total 1739520K, used 1630201K [0x00007eea84600000, 0x00007eeafa570000, 0x00007ef52f0a0000)
  eden space 1546304K,  99% used [0x00007eea84600000, 0x00007eeae2b32378, 0x00007eeae2c10000)
  from space 193216K,  43% used [0x00007eeae2c10000, 0x00007eeae7edc110, 0x00007eeaee8c0000)
  to   space 193216K,   0% used [0x00007eeaee8c0000, 0x00007eeaee8c0000, 0x00007eeafa570000)
 tenured generation   total 3865372K, used 3817744K [0x00007ef52f0a0000, 0x00007ef61af67000, 0x00007f0a84600000)
   the space 3865372K,  98% used [0x00007ef52f0a0000, 0x00007ef6180e4280, 0x00007ef6180e4400, 0x00007ef61af67000)
 Metaspace       used 24213K, capacity 24632K, committed 24832K, reserved 26624K
}
Event: 504.484 GC heap after
{Heap after GC invocations=1320 (full 5):
 def new generation   total 1739520K, used 97627K [0x00007eea84600000, 0x00007eeafa570000, 0x00007ef52f0a0000)
  eden space 1546304K,   0% used [0x00007eea84600000, 0x00007eea84600000, 0x00007eeae2c10000)
  from space 193216K,  50% used [0x00007eeaee8c0000, 0x00007eeaf4816de0, 0x00007eeafa570000)
  to   space 193216K,   0% used [0x00007eeae2c10000, 0x00007eeae2c10000, 0x00007eeaee8c0000)
 tenured generation   total 3865372K, used 3817744K [0x00007ef52f0a0000, 0x00007ef61af67000, 0x00007f0a84600000)
   the space 3865372K,  98% used [0x00007ef52f0a0000, 0x00007ef6180e4280, 0x00007ef6180e4400, 0x00007ef61af67000)
 Metaspace       used 24213K, capacity 24632K, committed 24832K, reserved 26624K
}
Event: 505.169 GC heap before
{Heap before GC invocations=1320 (full 5):
 def new generation   total 1739520K, used 1643931K [0x00007eea84600000, 0x00007eeafa570000, 0x00007ef52f0a0000)
  eden space 1546304K, 100% used [0x00007eea84600000, 0x00007eeae2c10000, 0x00007eeae2c10000)
  from space 193216K,  50% used [0x00007eeaee8c0000, 0x00007eeaf4816de0, 0x00007eeafa570000)
  to   space 193216K,   0% used [0x00007eeae2c10000, 0x00007eeae2c10000, 0x00007eeaee8c0000)
 tenured generation   total 3865372K, used 3817744K [0x00007ef52f0a0000, 0x00007ef61af67000, 0x00007f0a84600000)
   the space 3865372K,  98% used [0x00007ef52f0a0000, 0x00007ef6180e4280, 0x00007ef6180e4400, 0x00007ef61af67000)
 Metaspace       used 24213K, capacity 24632K, committed 24832K, reserved 26624K
}
Event: 505.193 GC heap after
{Heap after GC invocations=1321 (full 5):
 def new generation   total 1739520K, used 84763K [0x00007eea84600000, 0x00007eeafa570000, 0x00007ef52f0a0000)
  eden space 1546304K,   0% used [0x00007eea84600000, 0x00007eea84600000, 0x00007eeae2c10000)
  from space 193216K,  43% used [0x00007eeae2c10000, 0x00007eeae7ed6f88, 0x00007eeaee8c0000)
  to   space 193216K,   0% used [0x00007eeaee8c0000, 0x00007eeaee8c0000, 0x00007eeafa570000)
 tenured generation   total 3865372K, used 3834703K [0x00007ef52f0a0000, 0x00007ef61af67000, 0x00007f0a84600000)
   the space 3865372K,  99% used [0x00007ef52f0a0000, 0x00007ef619173e28, 0x00007ef619174000, 0x00007ef61af67000)
 Metaspace       used 24213K, capacity 24632K, committed 24832K, reserved 26624K
}
Event: 505.822 GC heap before
{Heap before GC invocations=1321 (full 5):
 def new generation   total 1739520K, used 1631067K [0x00007eea84600000, 0x00007eeafa570000, 0x00007ef52f0a0000)
  eden space 1546304K, 100% used [0x00007eea84600000, 0x00007eeae2c10000, 0x00007eeae2c10000)
  from space 193216K,  43% used [0x00007eeae2c10000, 0x00007eeae7ed6f88, 0x00007eeaee8c0000)
  to   space 193216K,   0% used [0x00007eeaee8c0000, 0x00007eeaee8c0000, 0x00007eeafa570000)
 tenured generation   total 3865372K, used 3834703K [0x00007ef52f0a0000, 0x00007ef61af67000, 0x00007f0a84600000)
   the space 3865372K,  99% used [0x00007ef52f0a0000, 0x00007ef619173e28, 0x00007ef619174000, 0x00007ef61af67000)
 Metaspace       used 24213K, capacity 24632K, committed 24832K, reserved 26624K
}
Event: 505.838 GC heap after
{Heap after GC invocations=1322 (full 5):
 def new generation   total 1739520K, used 95069K [0x00007eea84600000, 0x00007eeafa570000, 0x00007ef52f0a0000)
  eden space 1546304K,   0% used [0x00007eea84600000, 0x00007eea84600000, 0x00007eeae2c10000)
  from space 193216K,  49% used [0x00007eeaee8c0000, 0x00007eeaf4597638, 0x00007eeafa570000)
  to   space 193216K,   0% used [0x00007eeae2c10000, 0x00007eeae2c10000, 0x00007eeaee8c0000)
 tenured generation   total 3865372K, used 3834703K [0x00007ef52f0a0000, 0x00007ef61af67000, 0x00007f0a84600000)
   the space 3865372K,  99% used [0x00007ef52f0a0000, 0x00007ef619173e28, 0x00007ef619174000, 0x00007ef61af67000)
 Metaspace       used 24213K, capacity 24632K, committed 24832K, reserved 26624K
}
Event: 506.516 GC heap before
{Heap before GC invocations=1322 (full 5):
 def new generation   total 1739520K, used 1641373K [0x00007eea84600000, 0x00007eeafa570000, 0x00007ef52f0a0000)
  eden space 1546304K, 100% used [0x00007eea84600000, 0x00007eeae2c10000, 0x00007eeae2c10000)
  from space 193216K,  49% used [0x00007eeaee8c0000, 0x00007eeaf4597638, 0x00007eeafa570000)
  to   space 193216K,   0% used [0x00007eeae2c10000, 0x00007eeae2c10000, 0x00007eeaee8c0000)
 tenured generation   total 3865372K, used 3834703K [0x00007ef52f0a0000, 0x00007ef61af67000, 0x00007f0a84600000)
   the space 3865372K,  99% used [0x00007ef52f0a0000, 0x00007ef619173e28, 0x00007ef619174000, 0x00007ef61af67000)
 Metaspace       used 24213K, capacity 24632K, committed 24832K, reserved 26624K
}
Event: 506.534 GC heap after
{Heap after GC invocations=1323 (full 5):
 def new generation   total 1739520K, used 101722K [0x00007eea84600000, 0x00007eeafa570000, 0x00007ef52f0a0000)
  eden space 1546304K,   0% used [0x00007eea84600000, 0x00007eea84600000, 0x00007eeae2c10000)
  from space 193216K,  52% used [0x00007eeae2c10000, 0x00007eeae8f669e0, 0x00007eeaee8c0000)
  to   space 193216K,   0% used [0x00007eeaee8c0000, 0x00007eeaee8c0000, 0x00007eeafa570000)
 tenured generation   total 3865372K, used 3834703K [0x00007ef52f0a0000, 0x00007ef61af67000, 0x00007f0a84600000)
   the space 3865372K,  99% used [0x00007ef52f0a0000, 0x00007ef619173e28, 0x00007ef619174000, 0x00007ef61af67000)
 Metaspace       used 24213K, capacity 24632K, committed 24832K, reserved 26624K
}
Event: 507.147 GC heap before
{Heap before GC invocations=1323 (full 5):
 def new generation   total 1739520K, used 1648026K [0x00007eea84600000, 0x00007eeafa570000, 0x00007ef52f0a0000)
  eden space 1546304K, 100% used [0x00007eea84600000, 0x00007eeae2c10000, 0x00007eeae2c10000)
  from space 193216K,  52% used [0x00007eeae2c10000, 0x00007eeae8f669e0, 0x00007eeaee8c0000)
  to   space 193216K,   0% used [0x00007eeaee8c0000, 0x00007eeaee8c0000, 0x00007eeafa570000)
 tenured generation   total 3865372K, used 3834703K [0x00007ef52f0a0000, 0x00007ef61af67000, 0x00007f0a84600000)
   the space 3865372K,  99% used [0x00007ef52f0a0000, 0x00007ef619173e28, 0x00007ef619174000, 0x00007ef61af67000)
 Metaspace       used 24213K, capacity 24632K, committed 24832K, reserved 26624K
}
Event: 507.176 GC heap after
{Heap after GC invocations=1324 (full 5):
 def new generation   total 1739520K, used 110452K [0x00007eea84600000, 0x00007eeafa570000, 0x00007ef52f0a0000)
  eden space 1546304K,   0% used [0x00007eea84600000, 0x00007eea84600000, 0x00007eeae2c10000)
  from space 193216K,  57% used [0x00007eeaee8c0000, 0x00007eeaf549d250, 0x00007eeafa570000)
  to   space 193216K,   0% used [0x00007eeae2c10000, 0x00007eeae2c10000, 0x00007eeaee8c0000)
 tenured generation   total 3865372K, used 3851662K [0x00007ef52f0a0000, 0x00007ef61af67000, 0x00007f0a84600000)
   the space 3865372K,  99% used [0x00007ef52f0a0000, 0x00007ef61a203880, 0x00007ef61a203a00, 0x00007ef61af67000)
 Metaspace       used 24213K, capacity 24632K, committed 24832K, reserved 26624K
}
Event: 507.875 GC heap before
{Heap before GC invocations=1324 (full 5):
 def new generation   total 1739520K, used 1656756K [0x00007eea84600000, 0x00007eeafa570000, 0x00007ef52f0a0000)
  eden space 1546304K, 100% used [0x00007eea84600000, 0x00007eeae2c10000, 0x00007eeae2c10000)
  from space 193216K,  57% used [0x00007eeaee8c0000, 0x00007eeaf549d250, 0x00007eeafa570000)
  to   space 193216K,   0% used [0x00007eeae2c10000, 0x00007eeae2c10000, 0x00007eeaee8c0000)
 tenured generation   total 3865372K, used 3851662K [0x00007ef52f0a0000, 0x00007ef61af67000, 0x00007f0a84600000)
   the space 3865372K,  99% used [0x00007ef52f0a0000, 0x00007ef61a203880, 0x00007ef61a203a00, 0x00007ef61af67000)
 Metaspace       used 24213K, capacity 24632K, committed 24832K, reserved 26624K
}
Event: 507.900 GC heap after
{Heap after GC invocations=1325 (full 5):
 def new generation   total 1739520K, used 85276K [0x00007eea84600000, 0x00007eeafa570000, 0x00007ef52f0a0000)
  eden space 1546304K,   0% used [0x00007eea84600000, 0x00007eea84600000, 0x00007eeae2c10000)
  from space 193216K,  44% used [0x00007eeae2c10000, 0x00007eeae7f570b0, 0x00007eeaee8c0000)
  to   space 193216K,   0% used [0x00007eeaee8c0000, 0x00007eeaee8c0000, 0x00007eeafa570000)
 tenured generation   total 3881760K, used 3868620K [0x00007ef52f0a0000, 0x00007ef61bf68000, 0x00007f0a84600000)
   the space 3881760K,  99% used [0x00007ef52f0a0000, 0x00007ef61b2932d8, 0x00007ef61b293400, 0x00007ef61bf68000)
 Metaspace       used 24213K, capacity 24632K, committed 24832K, reserved 26624K
}
Event: 507.900 GC heap before
{Heap before GC invocations=1325 (full 5):
 def new generation   total 1739520K, used 85276K [0x00007eea84600000, 0x00007eeafa570000, 0x00007ef52f0a0000)
  eden space 1546304K,   0% used [0x00007eea84600000, 0x00007eea84600000, 0x00007eeae2c10000)
  from space 193216K,  44% used [0x00007eeae2c10000, 0x00007eeae7f570b0, 0x00007eeaee8c0000)
  to   space 193216K,   0% used [0x00007eeaee8c0000, 0x00007eeaee8c0000, 0x00007eeafa570000)
 tenured generation   total 3881760K, used 3868620K [0x00007ef52f0a0000, 0x00007ef61bf68000, 0x00007f0a84600000)
   the space 3881760K,  99% used [0x00007ef52f0a0000, 0x00007ef61b2932d8, 0x00007ef61b293400, 0x00007ef61bf68000)
 Metaspace       used 24213K, capacity 24632K, committed 24832K, reserved 26624K
}

