# JRE version: OpenJDK Runtime Environment (13.0.7+5) (build 13.0.7+5-Ubuntu-0ubuntu120.04)
# Java VM: OpenJDK 64-Bit Server VM (13.0.7+5-Ubuntu-0ubuntu120.04, mixed mode, tiered, serial gc, linux-amd64)
Heap:
 def new generation   total 2915968K, used 107995K [0x00007f7548600000, 0x00007f760e200000, 0x00007f7a9db50000)
  eden space 2592000K,   4% used [0x00007f7548600000, 0x00007f754ef76c78, 0x00007f75e6940000)
  from space 323968K,   0% used [0x00007f75e6940000, 0x00007f75e6940000, 0x00007f75fa5a0000)
  to   space 323968K,   0% used [0x00007f75fa5a0000, 0x00007f75fa5a0000, 0x00007f760e200000)
 tenured generation   total 6483584K, used 6483581K [0x00007f7a9db50000, 0x00007f7c296f0000, 0x00007f8548600000)
   the space 6483584K,  99% used [0x00007f7a9db50000, 0x00007f7c296ef518, 0x00007f7c296ef600, 0x00007f7c296f0000)
 Metaspace       used 24379K, capacity 24845K, committed 25088K, reserved 26624K
GC Heap History (20 events):
Event: 2397.364 GC heap after
{Heap after GC invocations=1986 (full 4):
 def new generation   total 2915968K, used 107833K [0x00007f7548600000, 0x00007f760e200000, 0x00007f7a9db50000)
  eden space 2592000K,   0% used [0x00007f7548600000, 0x00007f7548600000, 0x00007f75e6940000)
  from space 323968K,  33% used [0x00007f75fa5a0000, 0x00007f7600eee738, 0x00007f760e200000)
  to   space 323968K,   0% used [0x00007f75e6940000, 0x00007f75e6940000, 0x00007f75fa5a0000)
 tenured generation   total 6479744K, used 6419112K [0x00007f7a9db50000, 0x00007f7c29330000, 0x00007f8548600000)
   the space 6479744K,  99% used [0x00007f7a9db50000, 0x00007f7c257fa018, 0x00007f7c257fa200, 0x00007f7c29330000)
 Metaspace       used 24379K, capacity 24845K, committed 25088K, reserved 26624K
}
Event: 2399.839 GC heap before
{Heap before GC invocations=1986 (full 4):
 def new generation   total 2915968K, used 2699833K [0x00007f7548600000, 0x00007f760e200000, 0x00007f7a9db50000)
  eden space 2592000K, 100% used [0x00007f7548600000, 0x00007f75e6940000, 0x00007f75e6940000)
  from space 323968K,  33% used [0x00007f75fa5a0000, 0x00007f7600eee738, 0x00007f760e200000)
  to   space 323968K,   0% used [0x00007f75e6940000, 0x00007f75e6940000, 0x00007f75fa5a0000)
 tenured generation   total 6479744K, used 6419112K [0x00007f7a9db50000, 0x00007f7c29330000, 0x00007f8548600000)
   the space 6479744K,  99% used [0x00007f7a9db50000, 0x00007f7c257fa018, 0x00007f7c257fa200, 0x00007f7c29330000)
 Metaspace       used 24379K, capacity 24845K, committed 25088K, reserved 26624K
}
Event: 2400.078 GC heap after
{Heap after GC invocations=1987 (full 4):
 def new generation   total 2915968K, used 106104K [0x00007f7548600000, 0x00007f760e200000, 0x00007f7a9db50000)
  eden space 2592000K,   0% used [0x00007f7548600000, 0x00007f7548600000, 0x00007f75e6940000)
  from space 323968K,  32% used [0x00007f75e6940000, 0x00007f75ed0de3c8, 0x00007f75fa5a0000)
  to   space 323968K,   0% used [0x00007f75fa5a0000, 0x00007f75fa5a0000, 0x00007f760e200000)
 tenured generation   total 6479744K, used 6426976K [0x00007f7a9db50000, 0x00007f7c29330000, 0x00007f8548600000)
   the space 6479744K,  99% used [0x00007f7a9db50000, 0x00007f7c25fa82c0, 0x00007f7c25fa8400, 0x00007f7c29330000)
 Metaspace       used 24379K, capacity 24845K, committed 25088K, reserved 26624K
}
Event: 2402.451 GC heap before
{Heap before GC invocations=1987 (full 4):
 def new generation   total 2915968K, used 2698104K [0x00007f7548600000, 0x00007f760e200000, 0x00007f7a9db50000)
  eden space 2592000K, 100% used [0x00007f7548600000, 0x00007f75e6940000, 0x00007f75e6940000)
  from space 323968K,  32% used [0x00007f75e6940000, 0x00007f75ed0de3c8, 0x00007f75fa5a0000)
  to   space 323968K,   0% used [0x00007f75fa5a0000, 0x00007f75fa5a0000, 0x00007f760e200000)
 tenured generation   total 6479744K, used 6426976K [0x00007f7a9db50000, 0x00007f7c29330000, 0x00007f8548600000)
   the space 6479744K,  99% used [0x00007f7a9db50000, 0x00007f7c25fa82c0, 0x00007f7c25fa8400, 0x00007f7c29330000)
 Metaspace       used 24379K, capacity 24845K, committed 25088K, reserved 26624K
}
Event: 2402.670 GC heap after
{Heap after GC invocations=1988 (full 4):
 def new generation   total 2915968K, used 106719K [0x00007f7548600000, 0x00007f760e200000, 0x00007f7a9db50000)
  eden space 2592000K,   0% used [0x00007f7548600000, 0x00007f7548600000, 0x00007f75e6940000)
  from space 323968K,  32% used [0x00007f75fa5a0000, 0x00007f7600dd7cc0, 0x00007f760e200000)
  to   space 323968K,   0% used [0x00007f75e6940000, 0x00007f75e6940000, 0x00007f75fa5a0000)
 tenured generation   total 6479744K, used 6434251K [0x00007f7a9db50000, 0x00007f7c29330000, 0x00007f8548600000)
   the space 6479744K,  99% used [0x00007f7a9db50000, 0x00007f7c266c2ec8, 0x00007f7c266c3000, 0x00007f7c29330000)
 Metaspace       used 24379K, capacity 24845K, committed 25088K, reserved 26624K
}
Event: 2404.929 GC heap before
{Heap before GC invocations=1988 (full 4):
 def new generation   total 2915968K, used 2698714K [0x00007f7548600000, 0x00007f760e200000, 0x00007f7a9db50000)
  eden space 2592000K,  99% used [0x00007f7548600000, 0x00007f75e693ecd8, 0x00007f75e6940000)
  from space 323968K,  32% used [0x00007f75fa5a0000, 0x00007f7600dd7cc0, 0x00007f760e200000)
  to   space 323968K,   0% used [0x00007f75e6940000, 0x00007f75e6940000, 0x00007f75fa5a0000)
 tenured generation   total 6479744K, used 6434251K [0x00007f7a9db50000, 0x00007f7c29330000, 0x00007f8548600000)
   the space 6479744K,  99% used [0x00007f7a9db50000, 0x00007f7c266c2ec8, 0x00007f7c266c3000, 0x00007f7c29330000)
 Metaspace       used 24379K, capacity 24845K, committed 25088K, reserved 26624K
}
Event: 2405.150 GC heap after
{Heap after GC invocations=1989 (full 4):
 def new generation   total 2915968K, used 108161K [0x00007f7548600000, 0x00007f760e200000, 0x00007f7a9db50000)
  eden space 2592000K,   0% used [0x00007f7548600000, 0x00007f7548600000, 0x00007f75e6940000)
  from space 323968K,  33% used [0x00007f75e6940000, 0x00007f75ed2e04f0, 0x00007f75fa5a0000)
  to   space 323968K,   0% used [0x00007f75fa5a0000, 0x00007f75fa5a0000, 0x00007f760e200000)
 tenured generation   total 6479744K, used 6440657K [0x00007f7a9db50000, 0x00007f7c29330000, 0x00007f8548600000)
   the space 6479744K,  99% used [0x00007f7a9db50000, 0x00007f7c26d04630, 0x00007f7c26d04800, 0x00007f7c29330000)
 Metaspace       used 24379K, capacity 24845K, committed 25088K, reserved 26624K
}
Event: 2407.414 GC heap before
{Heap before GC invocations=1989 (full 4):
 def new generation   total 2915968K, used 2700161K [0x00007f7548600000, 0x00007f760e200000, 0x00007f7a9db50000)
  eden space 2592000K, 100% used [0x00007f7548600000, 0x00007f75e6940000, 0x00007f75e6940000)
  from space 323968K,  33% used [0x00007f75e6940000, 0x00007f75ed2e04f0, 0x00007f75fa5a0000)
  to   space 323968K,   0% used [0x00007f75fa5a0000, 0x00007f75fa5a0000, 0x00007f760e200000)
 tenured generation   total 6479744K, used 6440657K [0x00007f7a9db50000, 0x00007f7c29330000, 0x00007f8548600000)
   the space 6479744K,  99% used [0x00007f7a9db50000, 0x00007f7c26d04630, 0x00007f7c26d04800, 0x00007f7c29330000)
 Metaspace       used 24379K, capacity 24845K, committed 25088K, reserved 26624K
}
Event: 2407.652 GC heap after
{Heap after GC invocations=1990 (full 4):
 def new generation   total 2915968K, used 105593K [0x00007f7548600000, 0x00007f760e200000, 0x00007f7a9db50000)
  eden space 2592000K,   0% used [0x00007f7548600000, 0x00007f7548600000, 0x00007f75e6940000)
  from space 323968K,  32% used [0x00007f75fa5a0000, 0x00007f7600cbe600, 0x00007f760e200000)
  to   space 323968K,   0% used [0x00007f75e6940000, 0x00007f75e6940000, 0x00007f75fa5a0000)
 tenured generation   total 6479744K, used 6448522K [0x00007f7a9db50000, 0x00007f7c29330000, 0x00007f8548600000)
   the space 6479744K,  99% used [0x00007f7a9db50000, 0x00007f7c274b28d8, 0x00007f7c274b2a00, 0x00007f7c29330000)
 Metaspace       used 24379K, capacity 24845K, committed 25088K, reserved 26624K
}
Event: 2409.935 GC heap before
{Heap before GC invocations=1990 (full 4):
 def new generation   total 2915968K, used 2697593K [0x00007f7548600000, 0x00007f760e200000, 0x00007f7a9db50000)
  eden space 2592000K, 100% used [0x00007f7548600000, 0x00007f75e6940000, 0x00007f75e6940000)
  from space 323968K,  32% used [0x00007f75fa5a0000, 0x00007f7600cbe600, 0x00007f760e200000)
  to   space 323968K,   0% used [0x00007f75e6940000, 0x00007f75e6940000, 0x00007f75fa5a0000)
 tenured generation   total 6479744K, used 6448522K [0x00007f7a9db50000, 0x00007f7c29330000, 0x00007f8548600000)
   the space 6479744K,  99% used [0x00007f7a9db50000, 0x00007f7c274b28d8, 0x00007f7c274b2a00, 0x00007f7c29330000)
 Metaspace       used 24379K, capacity 24845K, committed 25088K, reserved 26624K
}
Event: 2410.164 GC heap after
{Heap after GC invocations=1991 (full 4):
 def new generation   total 2915968K, used 105591K [0x00007f7548600000, 0x00007f760e200000, 0x00007f7a9db50000)
  eden space 2592000K,   0% used [0x00007f7548600000, 0x00007f7548600000, 0x00007f75e6940000)
  from space 323968K,  32% used [0x00007f75e6940000, 0x00007f75ed05dd60, 0x00007f75fa5a0000)
  to   space 323968K,   0% used [0x00007f75fa5a0000, 0x00007f75fa5a0000, 0x00007f760e200000)
 tenured generation   total 6479744K, used 6456391K [0x00007f7a9db50000, 0x00007f7c29330000, 0x00007f8548600000)
   the space 6479744K,  99% used [0x00007f7a9db50000, 0x00007f7c27c61cc0, 0x00007f7c27c61e00, 0x00007f7c29330000)
 Metaspace       used 24379K, capacity 24845K, committed 25088K, reserved 26624K
}
Event: 2412.511 GC heap before
{Heap before GC invocations=1991 (full 4):
 def new generation   total 2915968K, used 2697591K [0x00007f7548600000, 0x00007f760e200000, 0x00007f7a9db50000)
  eden space 2592000K, 100% used [0x00007f7548600000, 0x00007f75e6940000, 0x00007f75e6940000)
  from space 323968K,  32% used [0x00007f75e6940000, 0x00007f75ed05dd60, 0x00007f75fa5a0000)
  to   space 323968K,   0% used [0x00007f75fa5a0000, 0x00007f75fa5a0000, 0x00007f760e200000)
 tenured generation   total 6479744K, used 6456391K [0x00007f7a9db50000, 0x00007f7c29330000, 0x00007f8548600000)
   the space 6479744K,  99% used [0x00007f7a9db50000, 0x00007f7c27c61cc0, 0x00007f7c27c61e00, 0x00007f7c29330000)
 Metaspace       used 24379K, capacity 24845K, committed 25088K, reserved 26624K
}
Event: 2412.726 GC heap after
{Heap after GC invocations=1992 (full 4):
 def new generation   total 2915968K, used 107417K [0x00007f7548600000, 0x00007f760e200000, 0x00007f7a9db50000)
  eden space 2592000K,   0% used [0x00007f7548600000, 0x00007f7548600000, 0x00007f75e6940000)
  from space 323968K,  33% used [0x00007f75fa5a0000, 0x00007f7600e86518, 0x00007f760e200000)
  to   space 323968K,   0% used [0x00007f75e6940000, 0x00007f75e6940000, 0x00007f75fa5a0000)
 tenured generation   total 6479744K, used 6462431K [0x00007f7a9db50000, 0x00007f7c29330000, 0x00007f8548600000)
   the space 6479744K,  99% used [0x00007f7a9db50000, 0x00007f7c28247cd0, 0x00007f7c28247e00, 0x00007f7c29330000)
 Metaspace       used 24379K, capacity 24845K, committed 25088K, reserved 26624K
}
Event: 2415.107 GC heap before
{Heap before GC invocations=1992 (full 4):
 def new generation   total 2915968K, used 2699417K [0x00007f7548600000, 0x00007f760e200000, 0x00007f7a9db50000)
  eden space 2592000K, 100% used [0x00007f7548600000, 0x00007f75e6940000, 0x00007f75e6940000)
  from space 323968K,  33% used [0x00007f75fa5a0000, 0x00007f7600e86518, 0x00007f760e200000)
  to   space 323968K,   0% used [0x00007f75e6940000, 0x00007f75e6940000, 0x00007f75fa5a0000)
 tenured generation   total 6479744K, used 6462431K [0x00007f7a9db50000, 0x00007f7c29330000, 0x00007f8548600000)
   the space 6479744K,  99% used [0x00007f7a9db50000, 0x00007f7c28247cd0, 0x00007f7c28247e00, 0x00007f7c29330000)
 Metaspace       used 24379K, capacity 24845K, committed 25088K, reserved 26624K
}
Event: 2415.331 GC heap after
{Heap after GC invocations=1993 (full 4):
 def new generation   total 2915968K, used 105547K [0x00007f7548600000, 0x00007f760e200000, 0x00007f7a9db50000)
  eden space 2592000K,   0% used [0x00007f7548600000, 0x00007f7548600000, 0x00007f75e6940000)
  from space 323968K,  32% used [0x00007f75e6940000, 0x00007f75ed052de8, 0x00007f75fa5a0000)
  to   space 323968K,   0% used [0x00007f75fa5a0000, 0x00007f75fa5a0000, 0x00007f760e200000)
 tenured generation   total 6479744K, used 6470295K [0x00007f7a9db50000, 0x00007f7c29330000, 0x00007f8548600000)
   the space 6479744K,  99% used [0x00007f7a9db50000, 0x00007f7c289f5f78, 0x00007f7c289f6000, 0x00007f7c29330000)
 Metaspace       used 24379K, capacity 24845K, committed 25088K, reserved 26624K
}
Event: 2417.631 GC heap before
{Heap before GC invocations=1993 (full 4):
 def new generation   total 2915968K, used 2697547K [0x00007f7548600000, 0x00007f760e200000, 0x00007f7a9db50000)
  eden space 2592000K, 100% used [0x00007f7548600000, 0x00007f75e6940000, 0x00007f75e6940000)
  from space 323968K,  32% used [0x00007f75e6940000, 0x00007f75ed052de8, 0x00007f75fa5a0000)
  to   space 323968K,   0% used [0x00007f75fa5a0000, 0x00007f75fa5a0000, 0x00007f760e200000)
 tenured generation   total 6479744K, used 6470295K [0x00007f7a9db50000, 0x00007f7c29330000, 0x00007f8548600000)
   the space 6479744K,  99% used [0x00007f7a9db50000, 0x00007f7c289f5f78, 0x00007f7c289f6000, 0x00007f7c29330000)
 Metaspace       used 24379K, capacity 24845K, committed 25088K, reserved 26624K
}
Event: 2417.851 GC heap after
{Heap after GC invocations=1994 (full 4):
 def new generation   total 2915968K, used 105544K [0x00007f7548600000, 0x00007f760e200000, 0x00007f7a9db50000)
  eden space 2592000K,   0% used [0x00007f7548600000, 0x00007f7548600000, 0x00007f75e6940000)
  from space 323968K,  32% used [0x00007f75fa5a0000, 0x00007f7600cb2168, 0x00007f760e200000)
  to   space 323968K,   0% used [0x00007f75e6940000, 0x00007f75e6940000, 0x00007f75fa5a0000)
 tenured generation   total 6479744K, used 6478164K [0x00007f7a9db50000, 0x00007f7c29330000, 0x00007f8548600000)
   the space 6479744K,  99% used [0x00007f7a9db50000, 0x00007f7c291a5360, 0x00007f7c291a5400, 0x00007f7c29330000)
 Metaspace       used 24379K, capacity 24845K, committed 25088K, reserved 26624K
}
Event: 2420.201 GC heap before
{Heap before GC invocations=1994 (full 4):
 def new generation   total 2915968K, used 2697544K [0x00007f7548600000, 0x00007f760e200000, 0x00007f7a9db50000)
  eden space 2592000K, 100% used [0x00007f7548600000, 0x00007f75e6940000, 0x00007f75e6940000)
  from space 323968K,  32% used [0x00007f75fa5a0000, 0x00007f7600cb2168, 0x00007f760e200000)
  to   space 323968K,   0% used [0x00007f75e6940000, 0x00007f75e6940000, 0x00007f75fa5a0000)
 tenured generation   total 6479744K, used 6478164K [0x00007f7a9db50000, 0x00007f7c29330000, 0x00007f8548600000)
   the space 6479744K,  99% used [0x00007f7a9db50000, 0x00007f7c291a5360, 0x00007f7c291a5400, 0x00007f7c29330000)
 Metaspace       used 24379K, capacity 24845K, committed 25088K, reserved 26624K
}
Event: 2420.424 GC heap after
{Heap after GC invocations=1995 (full 4):
 def new generation   total 2915968K, used 108010K [0x00007f7548600000, 0x00007f760e200000, 0x00007f7a9db50000)
  eden space 2592000K,   0% used [0x00007f7548600000, 0x00007f7548600000, 0x00007f75e6940000)
  from space 323968K,  33% used [0x00007f75e6940000, 0x00007f75ed2baa90, 0x00007f75fa5a0000)
  to   space 323968K,   0% used [0x00007f75fa5a0000, 0x00007f75fa5a0000, 0x00007f760e200000)
 tenured generation   total 6483584K, used 6483565K [0x00007f7a9db50000, 0x00007f7c296f0000, 0x00007f8548600000)
   the space 6483584K,  99% used [0x00007f7a9db50000, 0x00007f7c296eb700, 0x00007f7c296eb800, 0x00007f7c296f0000)
 Metaspace       used 24379K, capacity 24845K, committed 25088K, reserved 26624K
}
Event: 2420.424 GC heap before
{Heap before GC invocations=1995 (full 4):
 def new generation   total 2915968K, used 108010K [0x00007f7548600000, 0x00007f760e200000, 0x00007f7a9db50000)
  eden space 2592000K,   0% used [0x00007f7548600000, 0x00007f7548600000, 0x00007f75e6940000)
  from space 323968K,  33% used [0x00007f75e6940000, 0x00007f75ed2baa90, 0x00007f75fa5a0000)
  to   space 323968K,   0% used [0x00007f75fa5a0000, 0x00007f75fa5a0000, 0x00007f760e200000)
 tenured generation   total 6483584K, used 6483565K [0x00007f7a9db50000, 0x00007f7c296f0000, 0x00007f8548600000)
   the space 6483584K,  99% used [0x00007f7a9db50000, 0x00007f7c296eb700, 0x00007f7c296eb800, 0x00007f7c296f0000)
 Metaspace       used 24379K, capacity 24845K, committed 25088K, reserved 26624K
}

