# JRE version: OpenJDK Runtime Environment (13.0.7+5) (build 13.0.7+5-Ubuntu-0ubuntu120.04)
# Java VM: OpenJDK 64-Bit Server VM (13.0.7+5-Ubuntu-0ubuntu120.04, mixed mode, tiered, serial gc, linux-amd64)
Heap:
 def new generation   total 1581312K, used 55485K [0x00007f369c600000, 0x00007f37079d0000, 0x00007f41470a0000)
  eden space 1405632K,   3% used [0x00007f369c600000, 0x00007f369fc2f538, 0x00007f36f22b0000)
  from space 175680K,   0% used [0x00007f36fce40000, 0x00007f36fce40000, 0x00007f37079d0000)
  to   space 175680K,   0% used [0x00007f36f22b0000, 0x00007f36f22b0000, 0x00007f36fce40000)
 tenured generation   total 3546704K, used 3546215K [0x00007f41470a0000, 0x00007f421f834000, 0x00007f569c600000)
   the space 3546704K,  99% used [0x00007f41470a0000, 0x00007f421f7b9fe0, 0x00007f421f7ba000, 0x00007f421f834000)
 Metaspace       used 24200K, capacity 24633K, committed 24832K, reserved 26624K
GC Heap History (20 events):
Event: 1082.700 GC heap after
{Heap after GC invocations=1168 (full 5):
 def new generation   total 1581312K, used 113045K [0x00007f369c600000, 0x00007f37079d0000, 0x00007f41470a0000)
  eden space 1405632K,   0% used [0x00007f369c600000, 0x00007f369c600000, 0x00007f36f22b0000)
  from space 175680K,  64% used [0x00007f36f22b0000, 0x00007f36f9115720, 0x00007f36fce40000)
  to   space 175680K,   0% used [0x00007f36fce40000, 0x00007f36fce40000, 0x00007f37079d0000)
 tenured generation   total 3513928K, used 3450618K [0x00007f41470a0000, 0x00007f421d832000, 0x00007f569c600000)
   the space 3513928K,  98% used [0x00007f41470a0000, 0x00007f4219a5ea10, 0x00007f4219a5ec00, 0x00007f421d832000)
 Metaspace       used 24200K, capacity 24633K, committed 24832K, reserved 26624K
}
Event: 1084.142 GC heap before
{Heap before GC invocations=1168 (full 5):
 def new generation   total 1581312K, used 1518677K [0x00007f369c600000, 0x00007f37079d0000, 0x00007f41470a0000)
  eden space 1405632K, 100% used [0x00007f369c600000, 0x00007f36f22b0000, 0x00007f36f22b0000)
  from space 175680K,  64% used [0x00007f36f22b0000, 0x00007f36f9115720, 0x00007f36fce40000)
  to   space 175680K,   0% used [0x00007f36fce40000, 0x00007f36fce40000, 0x00007f37079d0000)
 tenured generation   total 3513928K, used 3450618K [0x00007f41470a0000, 0x00007f421d832000, 0x00007f569c600000)
   the space 3513928K,  98% used [0x00007f41470a0000, 0x00007f4219a5ea10, 0x00007f4219a5ec00, 0x00007f421d832000)
 Metaspace       used 24200K, capacity 24633K, committed 24832K, reserved 26624K
}
Event: 1084.238 GC heap after
{Heap after GC invocations=1169 (full 5):
 def new generation   total 1581312K, used 67822K [0x00007f369c600000, 0x00007f37079d0000, 0x00007f41470a0000)
  eden space 1405632K,   0% used [0x00007f369c600000, 0x00007f369c600000, 0x00007f36f22b0000)
  from space 175680K,  38% used [0x00007f36fce40000, 0x00007f370107b820, 0x00007f37079d0000)
  to   space 175680K,   0% used [0x00007f36f22b0000, 0x00007f36f22b0000, 0x00007f36fce40000)
 tenured generation   total 3513928K, used 3484535K [0x00007f41470a0000, 0x00007f421d832000, 0x00007f569c600000)
   the space 3513928K,  99% used [0x00007f41470a0000, 0x00007f421bb7dfe0, 0x00007f421bb7e000, 0x00007f421d832000)
 Metaspace       used 24200K, capacity 24633K, committed 24832K, reserved 26624K
}
Event: 1085.787 GC heap before
{Heap before GC invocations=1169 (full 5):
 def new generation   total 1581312K, used 1465722K [0x00007f369c600000, 0x00007f37079d0000, 0x00007f41470a0000)
  eden space 1405632K,  99% used [0x00007f369c600000, 0x00007f36f1b23130, 0x00007f36f22b0000)
  from space 175680K,  38% used [0x00007f36fce40000, 0x00007f370107b820, 0x00007f37079d0000)
  to   space 175680K,   0% used [0x00007f36f22b0000, 0x00007f36f22b0000, 0x00007f36fce40000)
 tenured generation   total 3513928K, used 3484535K [0x00007f41470a0000, 0x00007f421d832000, 0x00007f569c600000)
   the space 3513928K,  99% used [0x00007f41470a0000, 0x00007f421bb7dfe0, 0x00007f421bb7e000, 0x00007f421d832000)
 Metaspace       used 24200K, capacity 24633K, committed 24832K, reserved 26624K
}
Event: 1085.843 GC heap after
{Heap after GC invocations=1170 (full 5):
 def new generation   total 1581312K, used 88876K [0x00007f369c600000, 0x00007f37079d0000, 0x00007f41470a0000)
  eden space 1405632K,   0% used [0x00007f369c600000, 0x00007f369c600000, 0x00007f36f22b0000)
  from space 175680K,  50% used [0x00007f36f22b0000, 0x00007f36f797b310, 0x00007f36fce40000)
  to   space 175680K,   0% used [0x00007f36fce40000, 0x00007f36fce40000, 0x00007f37079d0000)
 tenured generation   total 3513928K, used 3484535K [0x00007f41470a0000, 0x00007f421d832000, 0x00007f569c600000)
   the space 3513928K,  99% used [0x00007f41470a0000, 0x00007f421bb7dfe0, 0x00007f421bb7e000, 0x00007f421d832000)
 Metaspace       used 24200K, capacity 24633K, committed 24832K, reserved 26624K
}
Event: 1087.543 GC heap before
{Heap before GC invocations=1170 (full 5):
 def new generation   total 1581312K, used 1491069K [0x00007f369c600000, 0x00007f37079d0000, 0x00007f41470a0000)
  eden space 1405632K,  99% used [0x00007f369c600000, 0x00007f36f1f542c0, 0x00007f36f22b0000)
  from space 175680K,  50% used [0x00007f36f22b0000, 0x00007f36f797b310, 0x00007f36fce40000)
  to   space 175680K,   0% used [0x00007f36fce40000, 0x00007f36fce40000, 0x00007f37079d0000)
 tenured generation   total 3513928K, used 3484535K [0x00007f41470a0000, 0x00007f421d832000, 0x00007f569c600000)
   the space 3513928K,  99% used [0x00007f41470a0000, 0x00007f421bb7dfe0, 0x00007f421bb7e000, 0x00007f421d832000)
 Metaspace       used 24200K, capacity 24633K, committed 24832K, reserved 26624K
}
Event: 1087.615 GC heap after
{Heap after GC invocations=1171 (full 5):
 def new generation   total 1581312K, used 81180K [0x00007f369c600000, 0x00007f37079d0000, 0x00007f41470a0000)
  eden space 1405632K,   0% used [0x00007f369c600000, 0x00007f369c600000, 0x00007f36f22b0000)
  from space 175680K,  46% used [0x00007f36fce40000, 0x00007f3701d87030, 0x00007f37079d0000)
  to   space 175680K,   0% used [0x00007f36f22b0000, 0x00007f36f22b0000, 0x00007f36fce40000)
 tenured generation   total 3513928K, used 3501494K [0x00007f41470a0000, 0x00007f421d832000, 0x00007f569c600000)
   the space 3513928K,  99% used [0x00007f41470a0000, 0x00007f421cc0dac8, 0x00007f421cc0dc00, 0x00007f421d832000)
 Metaspace       used 24200K, capacity 24633K, committed 24832K, reserved 26624K
}
Event: 1088.977 GC heap before
{Heap before GC invocations=1171 (full 5):
 def new generation   total 1581312K, used 1486812K [0x00007f369c600000, 0x00007f37079d0000, 0x00007f41470a0000)
  eden space 1405632K, 100% used [0x00007f369c600000, 0x00007f36f22b0000, 0x00007f36f22b0000)
  from space 175680K,  46% used [0x00007f36fce40000, 0x00007f3701d87030, 0x00007f37079d0000)
  to   space 175680K,   0% used [0x00007f36f22b0000, 0x00007f36f22b0000, 0x00007f36fce40000)
 tenured generation   total 3513928K, used 3501494K [0x00007f41470a0000, 0x00007f421d832000, 0x00007f569c600000)
   the space 3513928K,  99% used [0x00007f41470a0000, 0x00007f421cc0dac8, 0x00007f421cc0dc00, 0x00007f421d832000)
 Metaspace       used 24200K, capacity 24633K, committed 24832K, reserved 26624K
}
Event: 1089.032 GC heap after
{Heap after GC invocations=1172 (full 5):
 def new generation   total 1581312K, used 67822K [0x00007f369c600000, 0x00007f37079d0000, 0x00007f41470a0000)
  eden space 1405632K,   0% used [0x00007f369c600000, 0x00007f369c600000, 0x00007f36f22b0000)
  from space 175680K,  38% used [0x00007f36f22b0000, 0x00007f36f64eb820, 0x00007f36fce40000)
  to   space 175680K,   0% used [0x00007f36fce40000, 0x00007f36fce40000, 0x00007f37079d0000)
 tenured generation   total 3513928K, used 3501494K [0x00007f41470a0000, 0x00007f421d832000, 0x00007f569c600000)
   the space 3513928K,  99% used [0x00007f41470a0000, 0x00007f421cc0dac8, 0x00007f421cc0dc00, 0x00007f421d832000)
 Metaspace       used 24200K, capacity 24633K, committed 24832K, reserved 26624K
}
Event: 1090.629 GC heap before
{Heap before GC invocations=1172 (full 5):
 def new generation   total 1581312K, used 1473454K [0x00007f369c600000, 0x00007f37079d0000, 0x00007f41470a0000)
  eden space 1405632K, 100% used [0x00007f369c600000, 0x00007f36f22b0000, 0x00007f36f22b0000)
  from space 175680K,  38% used [0x00007f36f22b0000, 0x00007f36f64eb820, 0x00007f36fce40000)
  to   space 175680K,   0% used [0x00007f36fce40000, 0x00007f36fce40000, 0x00007f37079d0000)
 tenured generation   total 3513928K, used 3501494K [0x00007f41470a0000, 0x00007f421d832000, 0x00007f569c600000)
   the space 3513928K,  99% used [0x00007f41470a0000, 0x00007f421cc0dac8, 0x00007f421cc0dc00, 0x00007f421d832000)
 Metaspace       used 24200K, capacity 24633K, committed 24832K, reserved 26624K
}
Event: 1090.677 GC heap after
{Heap after GC invocations=1173 (full 5):
 def new generation   total 1581312K, used 73492K [0x00007f369c600000, 0x00007f37079d0000, 0x00007f41470a0000)
  eden space 1405632K,   0% used [0x00007f369c600000, 0x00007f369c600000, 0x00007f36f22b0000)
  from space 175680K,  41% used [0x00007f36fce40000, 0x00007f3701605148, 0x00007f37079d0000)
  to   space 175680K,   0% used [0x00007f36f22b0000, 0x00007f36f22b0000, 0x00007f36fce40000)
 tenured generation   total 3513928K, used 3501494K [0x00007f41470a0000, 0x00007f421d832000, 0x00007f569c600000)
   the space 3513928K,  99% used [0x00007f41470a0000, 0x00007f421cc0dac8, 0x00007f421cc0dc00, 0x00007f421d832000)
 Metaspace       used 24200K, capacity 24633K, committed 24832K, reserved 26624K
}
Event: 1092.288 GC heap before
{Heap before GC invocations=1173 (full 5):
 def new generation   total 1581312K, used 1479124K [0x00007f369c600000, 0x00007f37079d0000, 0x00007f41470a0000)
  eden space 1405632K, 100% used [0x00007f369c600000, 0x00007f36f22b0000, 0x00007f36f22b0000)
  from space 175680K,  41% used [0x00007f36fce40000, 0x00007f3701605148, 0x00007f37079d0000)
  to   space 175680K,   0% used [0x00007f36f22b0000, 0x00007f36f22b0000, 0x00007f36fce40000)
 tenured generation   total 3513928K, used 3501494K [0x00007f41470a0000, 0x00007f421d832000, 0x00007f569c600000)
   the space 3513928K,  99% used [0x00007f41470a0000, 0x00007f421cc0dac8, 0x00007f421cc0dc00, 0x00007f421d832000)
 Metaspace       used 24200K, capacity 24633K, committed 24832K, reserved 26624K
}
Event: 1092.341 GC heap after
{Heap after GC invocations=1174 (full 5):
 def new generation   total 1581312K, used 82228K [0x00007f369c600000, 0x00007f37079d0000, 0x00007f41470a0000)
  eden space 1405632K,   0% used [0x00007f369c600000, 0x00007f369c600000, 0x00007f36f22b0000)
  from space 175680K,  46% used [0x00007f36f22b0000, 0x00007f36f72fd000, 0x00007f36fce40000)
  to   space 175680K,   0% used [0x00007f36fce40000, 0x00007f36fce40000, 0x00007f37079d0000)
 tenured generation   total 3513928K, used 3501494K [0x00007f41470a0000, 0x00007f421d832000, 0x00007f569c600000)
   the space 3513928K,  99% used [0x00007f41470a0000, 0x00007f421cc0dac8, 0x00007f421cc0dc00, 0x00007f421d832000)
 Metaspace       used 24200K, capacity 24633K, committed 24832K, reserved 26624K
}
Event: 1093.666 GC heap before
{Heap before GC invocations=1174 (full 5):
 def new generation   total 1581312K, used 1487860K [0x00007f369c600000, 0x00007f37079d0000, 0x00007f41470a0000)
  eden space 1405632K, 100% used [0x00007f369c600000, 0x00007f36f22b0000, 0x00007f36f22b0000)
  from space 175680K,  46% used [0x00007f36f22b0000, 0x00007f36f72fd000, 0x00007f36fce40000)
  to   space 175680K,   0% used [0x00007f36fce40000, 0x00007f36fce40000, 0x00007f37079d0000)
 tenured generation   total 3513928K, used 3501494K [0x00007f41470a0000, 0x00007f421d832000, 0x00007f569c600000)
   the space 3513928K,  99% used [0x00007f41470a0000, 0x00007f421cc0dac8, 0x00007f421cc0dc00, 0x00007f421d832000)
 Metaspace       used 24200K, capacity 24633K, committed 24832K, reserved 26624K
}
Event: 1093.732 GC heap after
{Heap after GC invocations=1175 (full 5):
 def new generation   total 1581312K, used 84789K [0x00007f369c600000, 0x00007f37079d0000, 0x00007f41470a0000)
  eden space 1405632K,   0% used [0x00007f369c600000, 0x00007f369c600000, 0x00007f36f22b0000)
  from space 175680K,  48% used [0x00007f36fce40000, 0x00007f370210d7e8, 0x00007f37079d0000)
  to   space 175680K,   0% used [0x00007f36f22b0000, 0x00007f36f22b0000, 0x00007f36fce40000)
 tenured generation   total 3513928K, used 3501494K [0x00007f41470a0000, 0x00007f421d832000, 0x00007f569c600000)
   the space 3513928K,  99% used [0x00007f41470a0000, 0x00007f421cc0dac8, 0x00007f421cc0dc00, 0x00007f421d832000)
 Metaspace       used 24200K, capacity 24633K, committed 24832K, reserved 26624K
}
Event: 1095.388 GC heap before
{Heap before GC invocations=1175 (full 5):
 def new generation   total 1581312K, used 1480004K [0x00007f369c600000, 0x00007f37079d0000, 0x00007f41470a0000)
  eden space 1405632K,  99% used [0x00007f369c600000, 0x00007f36f18839d8, 0x00007f36f22b0000)
  from space 175680K,  48% used [0x00007f36fce40000, 0x00007f370210d7e8, 0x00007f37079d0000)
  to   space 175680K,   0% used [0x00007f36f22b0000, 0x00007f36f22b0000, 0x00007f36fce40000)
 tenured generation   total 3513928K, used 3501494K [0x00007f41470a0000, 0x00007f421d832000, 0x00007f569c600000)
   the space 3513928K,  99% used [0x00007f41470a0000, 0x00007f421cc0dac8, 0x00007f421cc0dc00, 0x00007f421d832000)
 Metaspace       used 24200K, capacity 24633K, committed 24832K, reserved 26624K
}
Event: 1095.457 GC heap after
{Heap after GC invocations=1176 (full 5):
 def new generation   total 1581312K, used 109429K [0x00007f369c600000, 0x00007f37079d0000, 0x00007f41470a0000)
  eden space 1405632K,   0% used [0x00007f369c600000, 0x00007f369c600000, 0x00007f36f22b0000)
  from space 175680K,  62% used [0x00007f36f22b0000, 0x00007f36f8d8d768, 0x00007f36fce40000)
  to   space 175680K,   0% used [0x00007f36fce40000, 0x00007f36fce40000, 0x00007f37079d0000)
 tenured generation   total 3513928K, used 3501494K [0x00007f41470a0000, 0x00007f421d832000, 0x00007f569c600000)
   the space 3513928K,  99% used [0x00007f41470a0000, 0x00007f421cc0dac8, 0x00007f421cc0dc00, 0x00007f421d832000)
 Metaspace       used 24200K, capacity 24633K, committed 24832K, reserved 26624K
}
Event: 1097.088 GC heap before
{Heap before GC invocations=1176 (full 5):
 def new generation   total 1581312K, used 1515061K [0x00007f369c600000, 0x00007f37079d0000, 0x00007f41470a0000)
  eden space 1405632K, 100% used [0x00007f369c600000, 0x00007f36f22b0000, 0x00007f36f22b0000)
  from space 175680K,  62% used [0x00007f36f22b0000, 0x00007f36f8d8d768, 0x00007f36fce40000)
  to   space 175680K,   0% used [0x00007f36fce40000, 0x00007f36fce40000, 0x00007f37079d0000)
 tenured generation   total 3513928K, used 3501494K [0x00007f41470a0000, 0x00007f421d832000, 0x00007f569c600000)
   the space 3513928K,  99% used [0x00007f41470a0000, 0x00007f421cc0dac8, 0x00007f421cc0dc00, 0x00007f421d832000)
 Metaspace       used 24200K, capacity 24633K, committed 24832K, reserved 26624K
}
Event: 1097.176 GC heap after
{Heap after GC invocations=1177 (full 5):
 def new generation   total 1581312K, used 66289K [0x00007f369c600000, 0x00007f37079d0000, 0x00007f41470a0000)
  eden space 1405632K,   0% used [0x00007f369c600000, 0x00007f369c600000, 0x00007f36f22b0000)
  from space 175680K,  37% used [0x00007f36fce40000, 0x00007f3700efc480, 0x00007f37079d0000)
  to   space 175680K,   0% used [0x00007f36f22b0000, 0x00007f36f22b0000, 0x00007f36fce40000)
 tenured generation   total 3546704K, used 3535412K [0x00007f41470a0000, 0x00007f421f834000, 0x00007f569c600000)
   the space 3546704K,  99% used [0x00007f41470a0000, 0x00007f421ed2d098, 0x00007f421ed2d200, 0x00007f421f834000)
 Metaspace       used 24200K, capacity 24633K, committed 24832K, reserved 26624K
}
Event: 1097.176 GC heap before
{Heap before GC invocations=1177 (full 5):
 def new generation   total 1581312K, used 66289K [0x00007f369c600000, 0x00007f37079d0000, 0x00007f41470a0000)
  eden space 1405632K,   0% used [0x00007f369c600000, 0x00007f369c600000, 0x00007f36f22b0000)
  from space 175680K,  37% used [0x00007f36fce40000, 0x00007f3700efc480, 0x00007f37079d0000)
  to   space 175680K,   0% used [0x00007f36f22b0000, 0x00007f36f22b0000, 0x00007f36fce40000)
 tenured generation   total 3546704K, used 3535412K [0x00007f41470a0000, 0x00007f421f834000, 0x00007f569c600000)
   the space 3546704K,  99% used [0x00007f41470a0000, 0x00007f421ed2d098, 0x00007f421ed2d200, 0x00007f421f834000)
 Metaspace       used 24200K, capacity 24633K, committed 24832K, reserved 26624K
}

