# JRE version: OpenJDK Runtime Environment (13.0.7+5) (build 13.0.7+5-Ubuntu-0ubuntu120.04)
# Java VM: OpenJDK 64-Bit Server VM (13.0.7+5-Ubuntu-0ubuntu120.04, mixed mode, tiered, serial gc, linux-amd64)
Heap:
 def new generation   total 3973760K, used 33630K [0x00007f45b8600000, 0x00007f46c5dc0000, 0x00007f4b0db50000)
  eden space 3532288K,   0% used [0x00007f45b8600000, 0x00007f45ba6d7af0, 0x00007f468ff80000)
  from space 441472K,   0% used [0x00007f468ff80000, 0x00007f468ff80000, 0x00007f46aaea0000)
  to   space 441472K,   0% used [0x00007f46aaea0000, 0x00007f46aaea0000, 0x00007f46c5dc0000)
 tenured generation   total 8855120K, used 8855119K [0x00007f4b0db50000, 0x00007f4d2a2e4000, 0x00007f55b8600000)
   the space 8855120K,  99% used [0x00007f4b0db50000, 0x00007f4d2a2e3ff8, 0x00007f4d2a2e4000, 0x00007f4d2a2e4000)
 Metaspace       used 30422K, capacity 30836K, committed 31232K, reserved 32768K
GC Heap History (20 events):
Event: 217.804 GC heap after
{Heap after GC invocations=78 (full 5):
 def new generation   total 3973760K, used 441471K [0x00007f45b8600000, 0x00007f46c5dc0000, 0x00007f4b0db50000)
  eden space 3532288K,   0% used [0x00007f45b8600000, 0x00007f45b8600000, 0x00007f468ff80000)
  from space 441472K,  99% used [0x00007f46aaea0000, 0x00007f46c5dbfff0, 0x00007f46c5dc0000)
  to   space 441472K,   0% used [0x00007f468ff80000, 0x00007f468ff80000, 0x00007f46aaea0000)
 tenured generation   total 8830352K, used 5986168K [0x00007f4b0db50000, 0x00007f4d28ab4000, 0x00007f55b8600000)
   the space 8830352K,  67% used [0x00007f4b0db50000, 0x00007f4c7b12e390, 0x00007f4c7b12e400, 0x00007f4d28ab4000)
 Metaspace       used 30422K, capacity 30836K, committed 31232K, reserved 32768K
}
Event: 219.729 GC heap before
{Heap before GC invocations=78 (full 5):
 def new generation   total 3973760K, used 3973759K [0x00007f45b8600000, 0x00007f46c5dc0000, 0x00007f4b0db50000)
  eden space 3532288K, 100% used [0x00007f45b8600000, 0x00007f468ff80000, 0x00007f468ff80000)
  from space 441472K,  99% used [0x00007f46aaea0000, 0x00007f46c5dbfff0, 0x00007f46c5dc0000)
  to   space 441472K,   0% used [0x00007f468ff80000, 0x00007f468ff80000, 0x00007f46aaea0000)
 tenured generation   total 8830352K, used 5986168K [0x00007f4b0db50000, 0x00007f4d28ab4000, 0x00007f55b8600000)
   the space 8830352K,  67% used [0x00007f4b0db50000, 0x00007f4c7b12e390, 0x00007f4c7b12e400, 0x00007f4d28ab4000)
 Metaspace       used 30422K, capacity 30836K, committed 31232K, reserved 32768K
}
Event: 220.932 GC heap after
{Heap after GC invocations=79 (full 5):
 def new generation   total 3973760K, used 391466K [0x00007f45b8600000, 0x00007f46c5dc0000, 0x00007f4b0db50000)
  eden space 3532288K,   0% used [0x00007f45b8600000, 0x00007f45b8600000, 0x00007f468ff80000)
  from space 441472K,  88% used [0x00007f468ff80000, 0x00007f46a7dcabb8, 0x00007f46aaea0000)
  to   space 441472K,   0% used [0x00007f46aaea0000, 0x00007f46aaea0000, 0x00007f46c5dc0000)
 tenured generation   total 8830352K, used 6427640K [0x00007f4b0db50000, 0x00007f4d28ab4000, 0x00007f55b8600000)
   the space 8830352K,  72% used [0x00007f4b0db50000, 0x00007f4c9604e380, 0x00007f4c9604e400, 0x00007f4d28ab4000)
 Metaspace       used 30422K, capacity 30836K, committed 31232K, reserved 32768K
}
Event: 221.954 GC heap before
{Heap before GC invocations=79 (full 5):
 def new generation   total 3973760K, used 3923754K [0x00007f45b8600000, 0x00007f46c5dc0000, 0x00007f4b0db50000)
  eden space 3532288K, 100% used [0x00007f45b8600000, 0x00007f468ff80000, 0x00007f468ff80000)
  from space 441472K,  88% used [0x00007f468ff80000, 0x00007f46a7dcabb8, 0x00007f46aaea0000)
  to   space 441472K,   0% used [0x00007f46aaea0000, 0x00007f46aaea0000, 0x00007f46c5dc0000)
 tenured generation   total 8830352K, used 6427640K [0x00007f4b0db50000, 0x00007f4d28ab4000, 0x00007f55b8600000)
   the space 8830352K,  72% used [0x00007f4b0db50000, 0x00007f4c9604e380, 0x00007f4c9604e400, 0x00007f4d28ab4000)
 Metaspace       used 30422K, capacity 30836K, committed 31232K, reserved 32768K
}
Event: 222.978 GC heap after
{Heap after GC invocations=80 (full 5):
 def new generation   total 3973760K, used 292415K [0x00007f45b8600000, 0x00007f46c5dc0000, 0x00007f4b0db50000)
  eden space 3532288K,   0% used [0x00007f45b8600000, 0x00007f45b8600000, 0x00007f468ff80000)
  from space 441472K,  66% used [0x00007f46aaea0000, 0x00007f46bcc2fd30, 0x00007f46c5dc0000)
  to   space 441472K,   0% used [0x00007f468ff80000, 0x00007f468ff80000, 0x00007f46aaea0000)
 tenured generation   total 8830352K, used 6819107K [0x00007f4b0db50000, 0x00007f4d28ab4000, 0x00007f55b8600000)
   the space 8830352K,  77% used [0x00007f4b0db50000, 0x00007f4cade98cd8, 0x00007f4cade98e00, 0x00007f4d28ab4000)
 Metaspace       used 30422K, capacity 30836K, committed 31232K, reserved 32768K
}
Event: 224.101 GC heap before
{Heap before GC invocations=80 (full 5):
 def new generation   total 3973760K, used 3824703K [0x00007f45b8600000, 0x00007f46c5dc0000, 0x00007f4b0db50000)
  eden space 3532288K, 100% used [0x00007f45b8600000, 0x00007f468ff80000, 0x00007f468ff80000)
  from space 441472K,  66% used [0x00007f46aaea0000, 0x00007f46bcc2fd30, 0x00007f46c5dc0000)
  to   space 441472K,   0% used [0x00007f468ff80000, 0x00007f468ff80000, 0x00007f46aaea0000)
 tenured generation   total 8830352K, used 6819107K [0x00007f4b0db50000, 0x00007f4d28ab4000, 0x00007f55b8600000)
   the space 8830352K,  77% used [0x00007f4b0db50000, 0x00007f4cade98cd8, 0x00007f4cade98e00, 0x00007f4d28ab4000)
 Metaspace       used 30422K, capacity 30836K, committed 31232K, reserved 32768K
}
Event: 225.124 GC heap after
{Heap after GC invocations=81 (full 5):
 def new generation   total 3973760K, used 322529K [0x00007f45b8600000, 0x00007f46c5dc0000, 0x00007f4b0db50000)
  eden space 3532288K,   0% used [0x00007f45b8600000, 0x00007f45b8600000, 0x00007f468ff80000)
  from space 441472K,  73% used [0x00007f468ff80000, 0x00007f46a3a787e0, 0x00007f46aaea0000)
  to   space 441472K,   0% used [0x00007f46aaea0000, 0x00007f46aaea0000, 0x00007f46c5dc0000)
 tenured generation   total 8830352K, used 7111521K [0x00007f4b0db50000, 0x00007f4d28ab4000, 0x00007f55b8600000)
   the space 8830352K,  80% used [0x00007f4b0db50000, 0x00007f4cbfc287d8, 0x00007f4cbfc28800, 0x00007f4d28ab4000)
 Metaspace       used 30422K, capacity 30836K, committed 31232K, reserved 32768K
}
Event: 226.128 GC heap before
{Heap before GC invocations=81 (full 5):
 def new generation   total 3973760K, used 3854817K [0x00007f45b8600000, 0x00007f46c5dc0000, 0x00007f4b0db50000)
  eden space 3532288K, 100% used [0x00007f45b8600000, 0x00007f468ff80000, 0x00007f468ff80000)
  from space 441472K,  73% used [0x00007f468ff80000, 0x00007f46a3a787e0, 0x00007f46aaea0000)
  to   space 441472K,   0% used [0x00007f46aaea0000, 0x00007f46aaea0000, 0x00007f46c5dc0000)
 tenured generation   total 8830352K, used 7111521K [0x00007f4b0db50000, 0x00007f4d28ab4000, 0x00007f55b8600000)
   the space 8830352K,  80% used [0x00007f4b0db50000, 0x00007f4cbfc287d8, 0x00007f4cbfc28800, 0x00007f4d28ab4000)
 Metaspace       used 30422K, capacity 30836K, committed 31232K, reserved 32768K
}
Event: 227.159 GC heap after
{Heap after GC invocations=82 (full 5):
 def new generation   total 3973760K, used 284075K [0x00007f45b8600000, 0x00007f46c5dc0000, 0x00007f4b0db50000)
  eden space 3532288K,   0% used [0x00007f45b8600000, 0x00007f45b8600000, 0x00007f468ff80000)
  from space 441472K,  64% used [0x00007f46aaea0000, 0x00007f46bc40ac50, 0x00007f46c5dc0000)
  to   space 441472K,   0% used [0x00007f468ff80000, 0x00007f468ff80000, 0x00007f46aaea0000)
 tenured generation   total 8830352K, used 7434051K [0x00007f4b0db50000, 0x00007f4d28ab4000, 0x00007f55b8600000)
   the space 8830352K,  84% used [0x00007f4b0db50000, 0x00007f4cd3720c28, 0x00007f4cd3720e00, 0x00007f4d28ab4000)
 Metaspace       used 30422K, capacity 30836K, committed 31232K, reserved 32768K
}
Event: 228.152 GC heap before
{Heap before GC invocations=82 (full 5):
 def new generation   total 3973760K, used 3816363K [0x00007f45b8600000, 0x00007f46c5dc0000, 0x00007f4b0db50000)
  eden space 3532288K, 100% used [0x00007f45b8600000, 0x00007f468ff80000, 0x00007f468ff80000)
  from space 441472K,  64% used [0x00007f46aaea0000, 0x00007f46bc40ac50, 0x00007f46c5dc0000)
  to   space 441472K,   0% used [0x00007f468ff80000, 0x00007f468ff80000, 0x00007f46aaea0000)
 tenured generation   total 8830352K, used 7434051K [0x00007f4b0db50000, 0x00007f4d28ab4000, 0x00007f55b8600000)
   the space 8830352K,  84% used [0x00007f4b0db50000, 0x00007f4cd3720c28, 0x00007f4cd3720e00, 0x00007f4d28ab4000)
 Metaspace       used 30422K, capacity 30836K, committed 31232K, reserved 32768K
}
Event: 230.517 GC heap after
{Heap after GC invocations=83 (full 5):
 def new generation   total 3973760K, used 287378K [0x00007f45b8600000, 0x00007f46c5dc0000, 0x00007f4b0db50000)
  eden space 3532288K,   0% used [0x00007f45b8600000, 0x00007f45b8600000, 0x00007f468ff80000)
  from space 441472K,  65% used [0x00007f468ff80000, 0x00007f46a18249e0, 0x00007f46aaea0000)
  to   space 441472K,   0% used [0x00007f46aaea0000, 0x00007f46aaea0000, 0x00007f46c5dc0000)
 tenured generation   total 8830352K, used 7718125K [0x00007f4b0db50000, 0x00007f4d28ab4000, 0x00007f55b8600000)
   the space 8830352K,  87% used [0x00007f4b0db50000, 0x00007f4ce4c8b7b8, 0x00007f4ce4c8b800, 0x00007f4d28ab4000)
 Metaspace       used 30422K, capacity 30836K, committed 31232K, reserved 32768K
}
Event: 231.504 GC heap before
{Heap before GC invocations=83 (full 5):
 def new generation   total 3973760K, used 3819666K [0x00007f45b8600000, 0x00007f46c5dc0000, 0x00007f4b0db50000)
  eden space 3532288K, 100% used [0x00007f45b8600000, 0x00007f468ff80000, 0x00007f468ff80000)
  from space 441472K,  65% used [0x00007f468ff80000, 0x00007f46a18249e0, 0x00007f46aaea0000)
  to   space 441472K,   0% used [0x00007f46aaea0000, 0x00007f46aaea0000, 0x00007f46c5dc0000)
 tenured generation   total 8830352K, used 7718125K [0x00007f4b0db50000, 0x00007f4d28ab4000, 0x00007f55b8600000)
   the space 8830352K,  87% used [0x00007f4b0db50000, 0x00007f4ce4c8b7b8, 0x00007f4ce4c8b800, 0x00007f4d28ab4000)
 Metaspace       used 30422K, capacity 30836K, committed 31232K, reserved 32768K
}
Event: 232.347 GC heap after
{Heap after GC invocations=84 (full 5):
 def new generation   total 3973760K, used 291757K [0x00007f45b8600000, 0x00007f46c5dc0000, 0x00007f4b0db50000)
  eden space 3532288K,   0% used [0x00007f45b8600000, 0x00007f45b8600000, 0x00007f468ff80000)
  from space 441472K,  66% used [0x00007f46aaea0000, 0x00007f46bcb8b5c0, 0x00007f46c5dc0000)
  to   space 441472K,   0% used [0x00007f468ff80000, 0x00007f468ff80000, 0x00007f46aaea0000)
 tenured generation   total 8830352K, used 8005503K [0x00007f4b0db50000, 0x00007f4d28ab4000, 0x00007f55b8600000)
   the space 8830352K,  90% used [0x00007f4b0db50000, 0x00007f4cf652ff78, 0x00007f4cf6530000, 0x00007f4d28ab4000)
 Metaspace       used 30422K, capacity 30836K, committed 31232K, reserved 32768K
}
Event: 233.326 GC heap before
{Heap before GC invocations=84 (full 5):
 def new generation   total 3973760K, used 3824045K [0x00007f45b8600000, 0x00007f46c5dc0000, 0x00007f4b0db50000)
  eden space 3532288K, 100% used [0x00007f45b8600000, 0x00007f468ff80000, 0x00007f468ff80000)
  from space 441472K,  66% used [0x00007f46aaea0000, 0x00007f46bcb8b5c0, 0x00007f46c5dc0000)
  to   space 441472K,   0% used [0x00007f468ff80000, 0x00007f468ff80000, 0x00007f46aaea0000)
 tenured generation   total 8830352K, used 8005503K [0x00007f4b0db50000, 0x00007f4d28ab4000, 0x00007f55b8600000)
   the space 8830352K,  90% used [0x00007f4b0db50000, 0x00007f4cf652ff78, 0x00007f4cf6530000, 0x00007f4d28ab4000)
 Metaspace       used 30422K, capacity 30836K, committed 31232K, reserved 32768K
}
Event: 234.172 GC heap after
{Heap after GC invocations=85 (full 5):
 def new generation   total 3973760K, used 283672K [0x00007f45b8600000, 0x00007f46c5dc0000, 0x00007f4b0db50000)
  eden space 3532288K,   0% used [0x00007f45b8600000, 0x00007f45b8600000, 0x00007f468ff80000)
  from space 441472K,  64% used [0x00007f468ff80000, 0x00007f46a1486070, 0x00007f46aaea0000)
  to   space 441472K,   0% used [0x00007f46aaea0000, 0x00007f46aaea0000, 0x00007f46c5dc0000)
 tenured generation   total 8830352K, used 8297260K [0x00007f4b0db50000, 0x00007f4d28ab4000, 0x00007f55b8600000)
   the space 8830352K,  93% used [0x00007f4b0db50000, 0x00007f4d0821b198, 0x00007f4d0821b200, 0x00007f4d28ab4000)
 Metaspace       used 30422K, capacity 30836K, committed 31232K, reserved 32768K
}
Event: 235.238 GC heap before
{Heap before GC invocations=85 (full 5):
 def new generation   total 3973760K, used 3815960K [0x00007f45b8600000, 0x00007f46c5dc0000, 0x00007f4b0db50000)
  eden space 3532288K, 100% used [0x00007f45b8600000, 0x00007f468ff80000, 0x00007f468ff80000)
  from space 441472K,  64% used [0x00007f468ff80000, 0x00007f46a1486070, 0x00007f46aaea0000)
  to   space 441472K,   0% used [0x00007f46aaea0000, 0x00007f46aaea0000, 0x00007f46c5dc0000)
 tenured generation   total 8830352K, used 8297260K [0x00007f4b0db50000, 0x00007f4d28ab4000, 0x00007f55b8600000)
   the space 8830352K,  93% used [0x00007f4b0db50000, 0x00007f4d0821b198, 0x00007f4d0821b200, 0x00007f4d28ab4000)
 Metaspace       used 30422K, capacity 30836K, committed 31232K, reserved 32768K
}
Event: 236.244 GC heap after
{Heap after GC invocations=86 (full 5):
 def new generation   total 3973760K, used 274108K [0x00007f45b8600000, 0x00007f46c5dc0000, 0x00007f4b0db50000)
  eden space 3532288K,   0% used [0x00007f45b8600000, 0x00007f45b8600000, 0x00007f468ff80000)
  from space 441472K,  62% used [0x00007f46aaea0000, 0x00007f46bba4f170, 0x00007f46c5dc0000)
  to   space 441472K,   0% used [0x00007f468ff80000, 0x00007f468ff80000, 0x00007f46aaea0000)
 tenured generation   total 8830352K, used 8580931K [0x00007f4b0db50000, 0x00007f4d28ab4000, 0x00007f55b8600000)
   the space 8830352K,  97% used [0x00007f4b0db50000, 0x00007f4d19720e88, 0x00007f4d19721000, 0x00007f4d28ab4000)
 Metaspace       used 30422K, capacity 30836K, committed 31232K, reserved 32768K
}
Event: 237.302 GC heap before
{Heap before GC invocations=86 (full 5):
 def new generation   total 3973760K, used 3806396K [0x00007f45b8600000, 0x00007f46c5dc0000, 0x00007f4b0db50000)
  eden space 3532288K, 100% used [0x00007f45b8600000, 0x00007f468ff80000, 0x00007f468ff80000)
  from space 441472K,  62% used [0x00007f46aaea0000, 0x00007f46bba4f170, 0x00007f46c5dc0000)
  to   space 441472K,   0% used [0x00007f468ff80000, 0x00007f468ff80000, 0x00007f46aaea0000)
 tenured generation   total 8830352K, used 8580931K [0x00007f4b0db50000, 0x00007f4d28ab4000, 0x00007f55b8600000)
   the space 8830352K,  97% used [0x00007f4b0db50000, 0x00007f4d19720e88, 0x00007f4d19721000, 0x00007f4d28ab4000)
 Metaspace       used 30422K, capacity 30836K, committed 31232K, reserved 32768K
}
Event: 239.408 GC heap after
{Heap after GC invocations=87 (full 5):
 def new generation   total 3973760K, used 307859K [0x00007f45b8600000, 0x00007f46c5dc0000, 0x00007f4b0db50000)
  eden space 3532288K,   0% used [0x00007f45b8600000, 0x00007f45b8600000, 0x00007f468ff80000)
  from space 441472K,  69% used [0x00007f468ff80000, 0x00007f46a2c24c30, 0x00007f46aaea0000)
  to   space 441472K,   0% used [0x00007f46aaea0000, 0x00007f46aaea0000, 0x00007f46c5dc0000)
 tenured generation   total 8855120K, used 8855039K [0x00007f4b0db50000, 0x00007f4d2a2e4000, 0x00007f55b8600000)
   the space 8855120K,  99% used [0x00007f4b0db50000, 0x00007f4d2a2cffb8, 0x00007f4d2a2d0000, 0x00007f4d2a2e4000)
 Metaspace       used 30422K, capacity 30836K, committed 31232K, reserved 32768K
}
Event: 239.408 GC heap before
{Heap before GC invocations=87 (full 5):
 def new generation   total 3973760K, used 307859K [0x00007f45b8600000, 0x00007f46c5dc0000, 0x00007f4b0db50000)
  eden space 3532288K,   0% used [0x00007f45b8600000, 0x00007f45b8600000, 0x00007f468ff80000)
  from space 441472K,  69% used [0x00007f468ff80000, 0x00007f46a2c24c30, 0x00007f46aaea0000)
  to   space 441472K,   0% used [0x00007f46aaea0000, 0x00007f46aaea0000, 0x00007f46c5dc0000)
 tenured generation   total 8855120K, used 8855039K [0x00007f4b0db50000, 0x00007f4d2a2e4000, 0x00007f55b8600000)
   the space 8855120K,  99% used [0x00007f4b0db50000, 0x00007f4d2a2cffb8, 0x00007f4d2a2d0000, 0x00007f4d2a2e4000)
 Metaspace       used 30422K, capacity 30836K, committed 31232K, reserved 32768K
}

