# JRE version: OpenJDK Runtime Environment (13.0.7+5) (build 13.0.7+5-Ubuntu-0ubuntu120.04)
# Java VM: OpenJDK 64-Bit Server VM (13.0.7+5-Ubuntu-0ubuntu120.04, mixed mode, tiered, serial gc, linux-amd64)
Heap:
 def new generation   total 1741312K, used 0K [0x00007f2a00600000, 0x00007f2a76770000, 0x00007f2f55b50000)
  eden space 1547840K,   0% used [0x00007f2a00600000, 0x00007f2a00600000, 0x00007f2a5ed90000)
  from space 193472K,   0% used [0x00007f2a6aa80000, 0x00007f2a6aa80000, 0x00007f2a76770000)
  to   space 193472K,   0% used [0x00007f2a5ed90000, 0x00007f2a5ed90000, 0x00007f2a6aa80000)
 tenured generation   total 5966700K, used 4203814K [0x00007f2f55b50000, 0x00007f30c1e2b000, 0x00007f3a00600000)
   the space 5966700K,  70% used [0x00007f2f55b50000, 0x00007f3056499a80, 0x00007f3056499c00, 0x00007f30c1e2b000)
 Metaspace       used 23323K, capacity 23682K, committed 23808K, reserved 24576K
GC Heap History (20 events):
Event: 18.306 GC heap after
{Heap after GC invocations=13 (full 3):
 def new generation   total 797632K, used 41572K [0x00007f2a00600000, 0x00007f2a36770000, 0x00007f2f55b50000)
  eden space 709056K,   0% used [0x00007f2a00600000, 0x00007f2a00600000, 0x00007f2a2ba70000)
  from space 88576K,  46% used [0x00007f2a310f0000, 0x00007f2a33989170, 0x00007f2a36770000)
  to   space 88576K,   0% used [0x00007f2a2ba70000, 0x00007f2a2ba70000, 0x00007f2a310f0000)
 tenured generation   total 1772388K, used 1063431K [0x00007f2f55b50000, 0x00007f2fc1e29000, 0x00007f3a00600000)
   the space 1772388K,  59% used [0x00007f2f55b50000, 0x00007f2f969d1e50, 0x00007f2f969d2000, 0x00007f2fc1e29000)
 Metaspace       used 23323K, capacity 23682K, committed 23808K, reserved 24576K
}
Event: 18.306 GC heap before
{Heap before GC invocations=13 (full 3):
 def new generation   total 797632K, used 41572K [0x00007f2a00600000, 0x00007f2a36770000, 0x00007f2f55b50000)
  eden space 709056K,   0% used [0x00007f2a00600000, 0x00007f2a00600000, 0x00007f2a2ba70000)
  from space 88576K,  46% used [0x00007f2a310f0000, 0x00007f2a33989170, 0x00007f2a36770000)
  to   space 88576K,   0% used [0x00007f2a2ba70000, 0x00007f2a2ba70000, 0x00007f2a310f0000)
 tenured generation   total 1772388K, used 1063431K [0x00007f2f55b50000, 0x00007f2fc1e29000, 0x00007f3a00600000)
   the space 1772388K,  59% used [0x00007f2f55b50000, 0x00007f2f969d1e50, 0x00007f2f969d2000, 0x00007f2fc1e29000)
 Metaspace       used 23323K, capacity 23682K, committed 23808K, reserved 24576K
}
Event: 18.361 GC heap after
{Heap after GC invocations=13 (full 4):
 def new generation   total 797632K, used 0K [0x00007f2a00600000, 0x00007f2a36770000, 0x00007f2f55b50000)
  eden space 709056K,   0% used [0x00007f2a00600000, 0x00007f2a00600000, 0x00007f2a2ba70000)
  from space 88576K,   0% used [0x00007f2a310f0000, 0x00007f2a310f0000, 0x00007f2a36770000)
  to   space 88576K,   0% used [0x00007f2a2ba70000, 0x00007f2a2ba70000, 0x00007f2a310f0000)
 tenured generation   total 1772388K, used 10018K [0x00007f2f55b50000, 0x00007f2fc1e29000, 0x00007f3a00600000)
   the space 1772388K,   0% used [0x00007f2f55b50000, 0x00007f2f565189a0, 0x00007f2f56518a00, 0x00007f2fc1e29000)
 Metaspace       used 23323K, capacity 23682K, committed 23808K, reserved 24576K
}
Event: 21.003 GC heap before
{Heap before GC invocations=13 (full 4):
 def new generation   total 797632K, used 538334K [0x00007f2a00600000, 0x00007f2a36770000, 0x00007f2f55b50000)
  eden space 709056K,  75% used [0x00007f2a00600000, 0x00007f2a213b79e8, 0x00007f2a2ba70000)
  from space 88576K,   0% used [0x00007f2a310f0000, 0x00007f2a310f0000, 0x00007f2a36770000)
  to   space 88576K,   0% used [0x00007f2a2ba70000, 0x00007f2a2ba70000, 0x00007f2a310f0000)
 tenured generation   total 1772388K, used 1058594K [0x00007f2f55b50000, 0x00007f2fc1e29000, 0x00007f3a00600000)
   the space 1772388K,  59% used [0x00007f2f55b50000, 0x00007f2f965189b8, 0x00007f2f96518a00, 0x00007f2fc1e29000)
 Metaspace       used 23323K, capacity 23682K, committed 23808K, reserved 24576K
}
Event: 21.211 GC heap after
{Heap after GC invocations=14 (full 4):
 def new generation   total 797632K, used 0K [0x00007f2a00600000, 0x00007f2a36770000, 0x00007f2f55b50000)
  eden space 709056K,   0% used [0x00007f2a00600000, 0x00007f2a00600000, 0x00007f2a2ba70000)
  from space 88576K,   0% used [0x00007f2a2ba70000, 0x00007f2a2ba70298, 0x00007f2a310f0000)
  to   space 88576K,   0% used [0x00007f2a310f0000, 0x00007f2a310f0000, 0x00007f2a36770000)
 tenured generation   total 1772388K, used 1582882K [0x00007f2f55b50000, 0x00007f2fc1e29000, 0x00007f3a00600000)
   the space 1772388K,  89% used [0x00007f2f55b50000, 0x00007f2fb65189d0, 0x00007f2fb6518a00, 0x00007f2fc1e29000)
 Metaspace       used 23323K, capacity 23682K, committed 23808K, reserved 24576K
}
Event: 21.497 GC heap before
{Heap before GC invocations=14 (full 4):
 def new generation   total 797632K, used 538382K [0x00007f2a00600000, 0x00007f2a36770000, 0x00007f2f55b50000)
  eden space 709056K,  75% used [0x00007f2a00600000, 0x00007f2a213c36a0, 0x00007f2a2ba70000)
  from space 88576K,   0% used [0x00007f2a2ba70000, 0x00007f2a2ba70298, 0x00007f2a310f0000)
  to   space 88576K,   0% used [0x00007f2a310f0000, 0x00007f2a310f0000, 0x00007f2a36770000)
 tenured generation   total 1772388K, used 1582882K [0x00007f2f55b50000, 0x00007f2fc1e29000, 0x00007f3a00600000)
   the space 1772388K,  89% used [0x00007f2f55b50000, 0x00007f2fb65189d0, 0x00007f2fb6518a00, 0x00007f2fc1e29000)
 Metaspace       used 23323K, capacity 23682K, committed 23808K, reserved 24576K
}
Event: 22.436 GC heap after
{Heap after GC invocations=15 (full 4):
 def new generation   total 797632K, used 1K [0x00007f2a00600000, 0x00007f2a36770000, 0x00007f2f55b50000)
  eden space 709056K,   0% used [0x00007f2a00600000, 0x00007f2a00600000, 0x00007f2a2ba70000)
  from space 88576K,   0% used [0x00007f2a310f0000, 0x00007f2a310f04e0, 0x00007f2a36770000)
  to   space 88576K,   0% used [0x00007f2a2ba70000, 0x00007f2a2ba70000, 0x00007f2a310f0000)
 tenured generation   total 2296680K, used 2107170K [0x00007f2f55b50000, 0x00007f2fe1e2a000, 0x00007f3a00600000)
   the space 2296680K,  91% used [0x00007f2f55b50000, 0x00007f2fd65189e8, 0x00007f2fd6518a00, 0x00007f2fe1e2a000)
 Metaspace       used 23323K, capacity 23682K, committed 23808K, reserved 24576K
}
Event: 22.436 GC heap before
{Heap before GC invocations=15 (full 4):
 def new generation   total 797632K, used 1K [0x00007f2a00600000, 0x00007f2a36770000, 0x00007f2f55b50000)
  eden space 709056K,   0% used [0x00007f2a00600000, 0x00007f2a00600000, 0x00007f2a2ba70000)
  from space 88576K,   0% used [0x00007f2a310f0000, 0x00007f2a310f04e0, 0x00007f2a36770000)
  to   space 88576K,   0% used [0x00007f2a2ba70000, 0x00007f2a2ba70000, 0x00007f2a310f0000)
 tenured generation   total 2296680K, used 2107170K [0x00007f2f55b50000, 0x00007f2fe1e2a000, 0x00007f3a00600000)
   the space 2296680K,  91% used [0x00007f2f55b50000, 0x00007f2fd65189e8, 0x00007f2fd6518a00, 0x00007f2fe1e2a000)
 Metaspace       used 23323K, capacity 23682K, committed 23808K, reserved 24576K
}
Event: 23.111 GC heap after
{Heap after GC invocations=15 (full 5):
 def new generation   total 797632K, used 0K [0x00007f2a00600000, 0x00007f2a36770000, 0x00007f2f55b50000)
  eden space 709056K,   0% used [0x00007f2a00600000, 0x00007f2a00600000, 0x00007f2a2ba70000)
  from space 88576K,   0% used [0x00007f2a310f0000, 0x00007f2a310f0000, 0x00007f2a36770000)
  to   space 88576K,   0% used [0x00007f2a2ba70000, 0x00007f2a2ba70000, 0x00007f2a310f0000)
 tenured generation   total 1772388K, used 1058595K [0x00007f2f55b50000, 0x00007f2fc1e29000, 0x00007f3a00600000)
   the space 1772388K,  59% used [0x00007f2f55b50000, 0x00007f2f96518db8, 0x00007f2f96518e00, 0x00007f2fc1e29000)
 Metaspace       used 23323K, capacity 23682K, committed 23808K, reserved 24576K
}
Event: 23.932 GC heap before
{Heap before GC invocations=15 (full 5):
 def new generation   total 797632K, used 652970K [0x00007f2a00600000, 0x00007f2a36770000, 0x00007f2f55b50000)
  eden space 709056K,  92% used [0x00007f2a00600000, 0x00007f2a283aa9d8, 0x00007f2a2ba70000)
  from space 88576K,   0% used [0x00007f2a310f0000, 0x00007f2a310f0000, 0x00007f2a36770000)
  to   space 88576K,   0% used [0x00007f2a2ba70000, 0x00007f2a2ba70000, 0x00007f2a310f0000)
 tenured generation   total 1772388K, used 1058595K [0x00007f2f55b50000, 0x00007f2fc1e29000, 0x00007f3a00600000)
   the space 1772388K,  59% used [0x00007f2f55b50000, 0x00007f2f96518db8, 0x00007f2f96518e00, 0x00007f2fc1e29000)
 Metaspace       used 23323K, capacity 23682K, committed 23808K, reserved 24576K
}
Event: 24.146 GC heap after
{Heap after GC invocations=16 (full 5):
 def new generation   total 797632K, used 41576K [0x00007f2a00600000, 0x00007f2a36770000, 0x00007f2f55b50000)
  eden space 709056K,   0% used [0x00007f2a00600000, 0x00007f2a00600000, 0x00007f2a2ba70000)
  from space 88576K,  46% used [0x00007f2a2ba70000, 0x00007f2a2e30a2a0, 0x00007f2a310f0000)
  to   space 88576K,   0% used [0x00007f2a310f0000, 0x00007f2a310f0000, 0x00007f2a36770000)
 tenured generation   total 1772388K, used 1058595K [0x00007f2f55b50000, 0x00007f2fc1e29000, 0x00007f3a00600000)
   the space 1772388K,  59% used [0x00007f2f55b50000, 0x00007f2f96518db8, 0x00007f2f96518e00, 0x00007f2fc1e29000)
 Metaspace       used 23323K, capacity 23682K, committed 23808K, reserved 24576K
}
Event: 24.146 GC heap before
{Heap before GC invocations=16 (full 5):
 def new generation   total 797632K, used 41576K [0x00007f2a00600000, 0x00007f2a36770000, 0x00007f2f55b50000)
  eden space 709056K,   0% used [0x00007f2a00600000, 0x00007f2a00600000, 0x00007f2a2ba70000)
  from space 88576K,  46% used [0x00007f2a2ba70000, 0x00007f2a2e30a2a0, 0x00007f2a310f0000)
  to   space 88576K,   0% used [0x00007f2a310f0000, 0x00007f2a310f0000, 0x00007f2a36770000)
 tenured generation   total 1772388K, used 1058595K [0x00007f2f55b50000, 0x00007f2fc1e29000, 0x00007f3a00600000)
   the space 1772388K,  59% used [0x00007f2f55b50000, 0x00007f2f96518db8, 0x00007f2f96518e00, 0x00007f2fc1e29000)
 Metaspace       used 23323K, capacity 23682K, committed 23808K, reserved 24576K
}
Event: 24.176 GC heap after
{Heap after GC invocations=16 (full 6):
 def new generation   total 797632K, used 0K [0x00007f2a00600000, 0x00007f2a36770000, 0x00007f2f55b50000)
  eden space 709056K,   0% used [0x00007f2a00600000, 0x00007f2a00600000, 0x00007f2a2ba70000)
  from space 88576K,   0% used [0x00007f2a2ba70000, 0x00007f2a2ba70000, 0x00007f2a310f0000)
  to   space 88576K,   0% used [0x00007f2a310f0000, 0x00007f2a310f0000, 0x00007f2a36770000)
 tenured generation   total 1772388K, used 10539K [0x00007f2f55b50000, 0x00007f2fc1e29000, 0x00007f3a00600000)
   the space 1772388K,   0% used [0x00007f2f55b50000, 0x00007f2f5659af98, 0x00007f2f5659b000, 0x00007f2fc1e29000)
 Metaspace       used 23323K, capacity 23682K, committed 23808K, reserved 24576K
}
Event: 34.624 GC heap before
{Heap before GC invocations=16 (full 6):
 def new generation   total 797632K, used 13953K [0x00007f2a00600000, 0x00007f2a36770000, 0x00007f2f55b50000)
  eden space 709056K,   1% used [0x00007f2a00600000, 0x00007f2a013a0560, 0x00007f2a2ba70000)
  from space 88576K,   0% used [0x00007f2a2ba70000, 0x00007f2a2ba70000, 0x00007f2a310f0000)
  to   space 88576K,   0% used [0x00007f2a310f0000, 0x00007f2a310f0000, 0x00007f2a36770000)
 tenured generation   total 3869544K, used 2107691K [0x00007f2f55b50000, 0x00007f3041e2a000, 0x00007f3a00600000)
   the space 3869544K,  54% used [0x00007f2f55b50000, 0x00007f2fd659afb0, 0x00007f2fd659b000, 0x00007f3041e2a000)
 Metaspace       used 23323K, capacity 23682K, committed 23808K, reserved 24576K
}
Event: 34.668 GC heap after
{Heap after GC invocations=17 (full 6):
 def new generation   total 797632K, used 0K [0x00007f2a00600000, 0x00007f2a36770000, 0x00007f2f55b50000)
  eden space 709056K,   0% used [0x00007f2a00600000, 0x00007f2a00600000, 0x00007f2a2ba70000)
  from space 88576K,   0% used [0x00007f2a310f0000, 0x00007f2a310f00c8, 0x00007f2a36770000)
  to   space 88576K,   0% used [0x00007f2a2ba70000, 0x00007f2a2ba70000, 0x00007f2a310f0000)
 tenured generation   total 3869544K, used 2107691K [0x00007f2f55b50000, 0x00007f3041e2a000, 0x00007f3a00600000)
   the space 3869544K,  54% used [0x00007f2f55b50000, 0x00007f2fd659afb0, 0x00007f2fd659b000, 0x00007f3041e2a000)
 Metaspace       used 23323K, capacity 23682K, committed 23808K, reserved 24576K
}
Event: 34.668 GC heap before
{Heap before GC invocations=17 (full 6):
 def new generation   total 797632K, used 0K [0x00007f2a00600000, 0x00007f2a36770000, 0x00007f2f55b50000)
  eden space 709056K,   0% used [0x00007f2a00600000, 0x00007f2a00600000, 0x00007f2a2ba70000)
  from space 88576K,   0% used [0x00007f2a310f0000, 0x00007f2a310f00c8, 0x00007f2a36770000)
  to   space 88576K,   0% used [0x00007f2a2ba70000, 0x00007f2a2ba70000, 0x00007f2a310f0000)
 tenured generation   total 3869544K, used 2107691K [0x00007f2f55b50000, 0x00007f3041e2a000, 0x00007f3a00600000)
   the space 3869544K,  54% used [0x00007f2f55b50000, 0x00007f2fd659afb0, 0x00007f2fd659b000, 0x00007f3041e2a000)
 Metaspace       used 23323K, capacity 23682K, committed 23808K, reserved 24576K
}
Event: 35.041 GC heap after
{Heap after GC invocations=17 (full 7):
 def new generation   total 1741312K, used 0K [0x00007f2a00600000, 0x00007f2a76770000, 0x00007f2f55b50000)
  eden space 1547840K,   0% used [0x00007f2a00600000, 0x00007f2a00600000, 0x00007f2a5ed90000)
  from space 193472K,   0% used [0x00007f2a5ed90000, 0x00007f2a5ed90000, 0x00007f2a6aa80000)
  to   space 193472K,   0% used [0x00007f2a6aa80000, 0x00007f2a6aa80000, 0x00007f2a76770000)
 tenured generation   total 3869544K, used 2107692K [0x00007f2f55b50000, 0x00007f3041e2a000, 0x00007f3a00600000)
   the space 3869544K,  54% used [0x00007f2f55b50000, 0x00007f2fd659b078, 0x00007f2fd659b200, 0x00007f3041e2a000)
 Metaspace       used 23323K, capacity 23682K, committed 23808K, reserved 24576K
}
Event: 37.408 GC heap before
{Heap before GC invocations=17 (full 7):
 def new generation   total 1741312K, used 30459K [0x00007f2a00600000, 0x00007f2a76770000, 0x00007f2f55b50000)
  eden space 1547840K,   1% used [0x00007f2a00600000, 0x00007f2a023bee50, 0x00007f2a5ed90000)
  from space 193472K,   0% used [0x00007f2a5ed90000, 0x00007f2a5ed90000, 0x00007f2a6aa80000)
  to   space 193472K,   0% used [0x00007f2a6aa80000, 0x00007f2a6aa80000, 0x00007f2a76770000)
 tenured generation   total 5966700K, used 4204844K [0x00007f2f55b50000, 0x00007f30c1e2b000, 0x00007f3a00600000)
   the space 5966700K,  70% used [0x00007f2f55b50000, 0x00007f305659b090, 0x00007f305659b200, 0x00007f30c1e2b000)
 Metaspace       used 23323K, capacity 23682K, committed 23808K, reserved 24576K
}
Event: 37.410 GC heap after
{Heap after GC invocations=18 (full 7):
 def new generation   total 1741312K, used 0K [0x00007f2a00600000, 0x00007f2a76770000, 0x00007f2f55b50000)
  eden space 1547840K,   0% used [0x00007f2a00600000, 0x00007f2a00600000, 0x00007f2a5ed90000)
  from space 193472K,   0% used [0x00007f2a6aa80000, 0x00007f2a6aa802c0, 0x00007f2a76770000)
  to   space 193472K,   0% used [0x00007f2a5ed90000, 0x00007f2a5ed90000, 0x00007f2a6aa80000)
 tenured generation   total 5966700K, used 4204844K [0x00007f2f55b50000, 0x00007f30c1e2b000, 0x00007f3a00600000)
   the space 5966700K,  70% used [0x00007f2f55b50000, 0x00007f305659b090, 0x00007f305659b200, 0x00007f30c1e2b000)
 Metaspace       used 23323K, capacity 23682K, committed 23808K, reserved 24576K
}
Event: 37.410 GC heap before
{Heap before GC invocations=18 (full 7):
 def new generation   total 1741312K, used 0K [0x00007f2a00600000, 0x00007f2a76770000, 0x00007f2f55b50000)
  eden space 1547840K,   0% used [0x00007f2a00600000, 0x00007f2a00600000, 0x00007f2a5ed90000)
  from space 193472K,   0% used [0x00007f2a6aa80000, 0x00007f2a6aa802c0, 0x00007f2a76770000)
  to   space 193472K,   0% used [0x00007f2a5ed90000, 0x00007f2a5ed90000, 0x00007f2a6aa80000)
 tenured generation   total 5966700K, used 4204844K [0x00007f2f55b50000, 0x00007f30c1e2b000, 0x00007f3a00600000)
   the space 5966700K,  70% used [0x00007f2f55b50000, 0x00007f305659b090, 0x00007f305659b200, 0x00007f30c1e2b000)
 Metaspace       used 23323K, capacity 23682K, committed 23808K, reserved 24576K
}

