# JRE version: OpenJDK Runtime Environment (13.0.7+5) (build 13.0.7+5-Ubuntu-0ubuntu120.04)
# Java VM: OpenJDK 64-Bit Server VM (13.0.7+5-Ubuntu-0ubuntu120.04, mixed mode, tiered, serial gc, linux-amd64)
Heap:
 def new generation   total 4844864K, used 29132K [0x00007f3e68600000, 0x00007f3fb0f00000, 0x00007f43bdb50000)
  eden space 4306560K,   0% used [0x00007f3e68600000, 0x00007f3e6a2730d8, 0x00007f3f6f3a0000)
  from space 538304K,   0% used [0x00007f3f6f3a0000, 0x00007f3f6f3a0000, 0x00007f3f90150000)
  to   space 538304K,   0% used [0x00007f3f90150000, 0x00007f3f90150000, 0x00007f3fb0f00000)
 tenured generation   total 10767452K, used 10767451K [0x00007f43bdb50000, 0x00007f464ee67000, 0x00007f4e68600000)
   the space 10767452K,  99% used [0x00007f43bdb50000, 0x00007f464ee66fa8, 0x00007f464ee67000, 0x00007f464ee67000)
 Metaspace       used 24344K, capacity 24758K, committed 24832K, reserved 26624K
GC Heap History (20 events):
Event: 15386.899 GC heap after
{Heap after GC invocations=15862 (full 5):
 def new generation   total 4844864K, used 25793K [0x00007f3e68600000, 0x00007f3fb0f00000, 0x00007f43bdb50000)
  eden space 4306560K,   0% used [0x00007f3e68600000, 0x00007f3e68600000, 0x00007f3f6f3a0000)
  from space 538304K,   4% used [0x00007f3f90150000, 0x00007f3f91a806e0, 0x00007f3fb0f00000)
  to   space 538304K,   0% used [0x00007f3f6f3a0000, 0x00007f3f6f3a0000, 0x00007f3f90150000)
 tenured generation   total 10766300K, used 10753501K [0x00007f43bdb50000, 0x00007f464ed47000, 0x00007f4e68600000)
   the space 10766300K,  99% used [0x00007f43bdb50000, 0x00007f464e0c7588, 0x00007f464e0c7600, 0x00007f464ed47000)
 Metaspace       used 24344K, capacity 24758K, committed 24832K, reserved 26624K
}
Event: 15389.367 GC heap before
{Heap before GC invocations=15862 (full 5):
 def new generation   total 4844864K, used 4332353K [0x00007f3e68600000, 0x00007f3fb0f00000, 0x00007f43bdb50000)
  eden space 4306560K, 100% used [0x00007f3e68600000, 0x00007f3f6f3a0000, 0x00007f3f6f3a0000)
  from space 538304K,   4% used [0x00007f3f90150000, 0x00007f3f91a806e0, 0x00007f3fb0f00000)
  to   space 538304K,   0% used [0x00007f3f6f3a0000, 0x00007f3f6f3a0000, 0x00007f3f90150000)
 tenured generation   total 10766300K, used 10753501K [0x00007f43bdb50000, 0x00007f464ed47000, 0x00007f4e68600000)
   the space 10766300K,  99% used [0x00007f43bdb50000, 0x00007f464e0c7588, 0x00007f464e0c7600, 0x00007f464ed47000)
 Metaspace       used 24344K, capacity 24758K, committed 24832K, reserved 26624K
}
Event: 15389.392 GC heap after
{Heap after GC invocations=15863 (full 5):
 def new generation   total 4844864K, used 26093K [0x00007f3e68600000, 0x00007f3fb0f00000, 0x00007f43bdb50000)
  eden space 4306560K,   0% used [0x00007f3e68600000, 0x00007f3e68600000, 0x00007f3f6f3a0000)
  from space 538304K,   4% used [0x00007f3f6f3a0000, 0x00007f3f70d1b748, 0x00007f3f90150000)
  to   space 538304K,   0% used [0x00007f3f90150000, 0x00007f3f90150000, 0x00007f3fb0f00000)
 tenured generation   total 10766300K, used 10754461K [0x00007f43bdb50000, 0x00007f464ed47000, 0x00007f4e68600000)
   the space 10766300K,  99% used [0x00007f43bdb50000, 0x00007f464e1b7458, 0x00007f464e1b7600, 0x00007f464ed47000)
 Metaspace       used 24344K, capacity 24758K, committed 24832K, reserved 26624K
}
Event: 15391.794 GC heap before
{Heap before GC invocations=15863 (full 5):
 def new generation   total 4844864K, used 4332653K [0x00007f3e68600000, 0x00007f3fb0f00000, 0x00007f43bdb50000)
  eden space 4306560K, 100% used [0x00007f3e68600000, 0x00007f3f6f3a0000, 0x00007f3f6f3a0000)
  from space 538304K,   4% used [0x00007f3f6f3a0000, 0x00007f3f70d1b748, 0x00007f3f90150000)
  to   space 538304K,   0% used [0x00007f3f90150000, 0x00007f3f90150000, 0x00007f3fb0f00000)
 tenured generation   total 10766300K, used 10754461K [0x00007f43bdb50000, 0x00007f464ed47000, 0x00007f4e68600000)
   the space 10766300K,  99% used [0x00007f43bdb50000, 0x00007f464e1b7458, 0x00007f464e1b7600, 0x00007f464ed47000)
 Metaspace       used 24344K, capacity 24758K, committed 24832K, reserved 26624K
}
Event: 15391.832 GC heap after
{Heap after GC invocations=15864 (full 5):
 def new generation   total 4844864K, used 26708K [0x00007f3e68600000, 0x00007f3fb0f00000, 0x00007f43bdb50000)
  eden space 4306560K,   0% used [0x00007f3e68600000, 0x00007f3e68600000, 0x00007f3f6f3a0000)
  from space 538304K,   4% used [0x00007f3f90150000, 0x00007f3f91b65230, 0x00007f3fb0f00000)
  to   space 538304K,   0% used [0x00007f3f6f3a0000, 0x00007f3f6f3a0000, 0x00007f3f90150000)
 tenured generation   total 10766300K, used 10755642K [0x00007f43bdb50000, 0x00007f464ed47000, 0x00007f4e68600000)
   the space 10766300K,  99% used [0x00007f43bdb50000, 0x00007f464e2de868, 0x00007f464e2dea00, 0x00007f464ed47000)
 Metaspace       used 24344K, capacity 24758K, committed 24832K, reserved 26624K
}
Event: 15394.214 GC heap before
{Heap before GC invocations=15864 (full 5):
 def new generation   total 4844864K, used 4333268K [0x00007f3e68600000, 0x00007f3fb0f00000, 0x00007f43bdb50000)
  eden space 4306560K, 100% used [0x00007f3e68600000, 0x00007f3f6f3a0000, 0x00007f3f6f3a0000)
  from space 538304K,   4% used [0x00007f3f90150000, 0x00007f3f91b65230, 0x00007f3fb0f00000)
  to   space 538304K,   0% used [0x00007f3f6f3a0000, 0x00007f3f6f3a0000, 0x00007f3f90150000)
 tenured generation   total 10766300K, used 10755642K [0x00007f43bdb50000, 0x00007f464ed47000, 0x00007f4e68600000)
   the space 10766300K,  99% used [0x00007f43bdb50000, 0x00007f464e2de868, 0x00007f464e2dea00, 0x00007f464ed47000)
 Metaspace       used 24344K, capacity 24758K, committed 24832K, reserved 26624K
}
Event: 15394.249 GC heap after
{Heap after GC invocations=15865 (full 5):
 def new generation   total 4844864K, used 26573K [0x00007f3e68600000, 0x00007f3fb0f00000, 0x00007f43bdb50000)
  eden space 4306560K,   0% used [0x00007f3e68600000, 0x00007f3e68600000, 0x00007f3f6f3a0000)
  from space 538304K,   4% used [0x00007f3f6f3a0000, 0x00007f3f70d93770, 0x00007f3f90150000)
  to   space 538304K,   0% used [0x00007f3f90150000, 0x00007f3f90150000, 0x00007f3fb0f00000)
 tenured generation   total 10766300K, used 10758011K [0x00007f43bdb50000, 0x00007f464ed47000, 0x00007f4e68600000)
   the space 10766300K,  99% used [0x00007f43bdb50000, 0x00007f464e52eec0, 0x00007f464e52f000, 0x00007f464ed47000)
 Metaspace       used 24344K, capacity 24758K, committed 24832K, reserved 26624K
}
Event: 15396.668 GC heap before
{Heap before GC invocations=15865 (full 5):
 def new generation   total 4844864K, used 4333133K [0x00007f3e68600000, 0x00007f3fb0f00000, 0x00007f43bdb50000)
  eden space 4306560K, 100% used [0x00007f3e68600000, 0x00007f3f6f3a0000, 0x00007f3f6f3a0000)
  from space 538304K,   4% used [0x00007f3f6f3a0000, 0x00007f3f70d93770, 0x00007f3f90150000)
  to   space 538304K,   0% used [0x00007f3f90150000, 0x00007f3f90150000, 0x00007f3fb0f00000)
 tenured generation   total 10766300K, used 10758011K [0x00007f43bdb50000, 0x00007f464ed47000, 0x00007f4e68600000)
   the space 10766300K,  99% used [0x00007f43bdb50000, 0x00007f464e52eec0, 0x00007f464e52f000, 0x00007f464ed47000)
 Metaspace       used 24344K, capacity 24758K, committed 24832K, reserved 26624K
}
Event: 15396.701 GC heap after
{Heap after GC invocations=15866 (full 5):
 def new generation   total 4844864K, used 26617K [0x00007f3e68600000, 0x00007f3fb0f00000, 0x00007f43bdb50000)
  eden space 4306560K,   0% used [0x00007f3e68600000, 0x00007f3e68600000, 0x00007f3f6f3a0000)
  from space 538304K,   4% used [0x00007f3f90150000, 0x00007f3f91b4e7e8, 0x00007f3fb0f00000)
  to   space 538304K,   0% used [0x00007f3f6f3a0000, 0x00007f3f6f3a0000, 0x00007f3f90150000)
 tenured generation   total 10766300K, used 10761434K [0x00007f43bdb50000, 0x00007f464ed47000, 0x00007f4e68600000)
   the space 10766300K,  99% used [0x00007f43bdb50000, 0x00007f464e886a30, 0x00007f464e886c00, 0x00007f464ed47000)
 Metaspace       used 24344K, capacity 24758K, committed 24832K, reserved 26624K
}
Event: 15399.027 GC heap before
{Heap before GC invocations=15866 (full 5):
 def new generation   total 4844864K, used 4333177K [0x00007f3e68600000, 0x00007f3fb0f00000, 0x00007f43bdb50000)
  eden space 4306560K, 100% used [0x00007f3e68600000, 0x00007f3f6f3a0000, 0x00007f3f6f3a0000)
  from space 538304K,   4% used [0x00007f3f90150000, 0x00007f3f91b4e7e8, 0x00007f3fb0f00000)
  to   space 538304K,   0% used [0x00007f3f6f3a0000, 0x00007f3f6f3a0000, 0x00007f3f90150000)
 tenured generation   total 10766300K, used 10761434K [0x00007f43bdb50000, 0x00007f464ed47000, 0x00007f4e68600000)
   the space 10766300K,  99% used [0x00007f43bdb50000, 0x00007f464e886a30, 0x00007f464e886c00, 0x00007f464ed47000)
 Metaspace       used 24344K, capacity 24758K, committed 24832K, reserved 26624K
}
Event: 15399.053 GC heap after
{Heap after GC invocations=15867 (full 5):
 def new generation   total 4844864K, used 27898K [0x00007f3e68600000, 0x00007f3fb0f00000, 0x00007f43bdb50000)
  eden space 4306560K,   0% used [0x00007f3e68600000, 0x00007f3e68600000, 0x00007f3f6f3a0000)
  from space 538304K,   5% used [0x00007f3f6f3a0000, 0x00007f3f70ede930, 0x00007f3f90150000)
  to   space 538304K,   0% used [0x00007f3f90150000, 0x00007f3f90150000, 0x00007f3fb0f00000)
 tenured generation   total 10766300K, used 10762947K [0x00007f43bdb50000, 0x00007f464ed47000, 0x00007f4e68600000)
   the space 10766300K,  99% used [0x00007f43bdb50000, 0x00007f464ea00db8, 0x00007f464ea00e00, 0x00007f464ed47000)
 Metaspace       used 24344K, capacity 24758K, committed 24832K, reserved 26624K
}
Event: 15401.480 GC heap before
{Heap before GC invocations=15867 (full 5):
 def new generation   total 4844864K, used 4334458K [0x00007f3e68600000, 0x00007f3fb0f00000, 0x00007f43bdb50000)
  eden space 4306560K, 100% used [0x00007f3e68600000, 0x00007f3f6f3a0000, 0x00007f3f6f3a0000)
  from space 538304K,   5% used [0x00007f3f6f3a0000, 0x00007f3f70ede930, 0x00007f3f90150000)
  to   space 538304K,   0% used [0x00007f3f90150000, 0x00007f3f90150000, 0x00007f3fb0f00000)
 tenured generation   total 10766300K, used 10762947K [0x00007f43bdb50000, 0x00007f464ed47000, 0x00007f4e68600000)
   the space 10766300K,  99% used [0x00007f43bdb50000, 0x00007f464ea00db8, 0x00007f464ea00e00, 0x00007f464ed47000)
 Metaspace       used 24344K, capacity 24758K, committed 24832K, reserved 26624K
}
Event: 15401.522 GC heap after
{Heap after GC invocations=15868 (full 5):
 def new generation   total 4844864K, used 27681K [0x00007f3e68600000, 0x00007f3fb0f00000, 0x00007f43bdb50000)
  eden space 4306560K,   0% used [0x00007f3e68600000, 0x00007f3e68600000, 0x00007f3f6f3a0000)
  from space 538304K,   5% used [0x00007f3f90150000, 0x00007f3f91c58448, 0x00007f3fb0f00000)
  to   space 538304K,   0% used [0x00007f3f6f3a0000, 0x00007f3f6f3a0000, 0x00007f3f90150000)
 tenured generation   total 10766300K, used 10763797K [0x00007f43bdb50000, 0x00007f464ed47000, 0x00007f4e68600000)
   the space 10766300K,  99% used [0x00007f43bdb50000, 0x00007f464ead55d8, 0x00007f464ead5600, 0x00007f464ed47000)
 Metaspace       used 24344K, capacity 24758K, committed 24832K, reserved 26624K
}
Event: 15403.821 GC heap before
{Heap before GC invocations=15868 (full 5):
 def new generation   total 4844864K, used 4334241K [0x00007f3e68600000, 0x00007f3fb0f00000, 0x00007f43bdb50000)
  eden space 4306560K, 100% used [0x00007f3e68600000, 0x00007f3f6f3a0000, 0x00007f3f6f3a0000)
  from space 538304K,   5% used [0x00007f3f90150000, 0x00007f3f91c58448, 0x00007f3fb0f00000)
  to   space 538304K,   0% used [0x00007f3f6f3a0000, 0x00007f3f6f3a0000, 0x00007f3f90150000)
 tenured generation   total 10766300K, used 10763797K [0x00007f43bdb50000, 0x00007f464ed47000, 0x00007f4e68600000)
   the space 10766300K,  99% used [0x00007f43bdb50000, 0x00007f464ead55d8, 0x00007f464ead5600, 0x00007f464ed47000)
 Metaspace       used 24344K, capacity 24758K, committed 24832K, reserved 26624K
}
Event: 15403.858 GC heap after
{Heap after GC invocations=15869 (full 5):
 def new generation   total 4844864K, used 27591K [0x00007f3e68600000, 0x00007f3fb0f00000, 0x00007f43bdb50000)
  eden space 4306560K,   0% used [0x00007f3e68600000, 0x00007f3e68600000, 0x00007f3f6f3a0000)
  from space 538304K,   5% used [0x00007f3f6f3a0000, 0x00007f3f70e91c28, 0x00007f3f90150000)
  to   space 538304K,   0% used [0x00007f3f90150000, 0x00007f3f90150000, 0x00007f3fb0f00000)
 tenured generation   total 10766300K, used 10764812K [0x00007f43bdb50000, 0x00007f464ed47000, 0x00007f4e68600000)
   the space 10766300K,  99% used [0x00007f43bdb50000, 0x00007f464ebd3168, 0x00007f464ebd3200, 0x00007f464ed47000)
 Metaspace       used 24344K, capacity 24758K, committed 24832K, reserved 26624K
}
Event: 15406.150 GC heap before
{Heap before GC invocations=15869 (full 5):
 def new generation   total 4844864K, used 4334151K [0x00007f3e68600000, 0x00007f3fb0f00000, 0x00007f43bdb50000)
  eden space 4306560K, 100% used [0x00007f3e68600000, 0x00007f3f6f3a0000, 0x00007f3f6f3a0000)
  from space 538304K,   5% used [0x00007f3f6f3a0000, 0x00007f3f70e91c28, 0x00007f3f90150000)
  to   space 538304K,   0% used [0x00007f3f90150000, 0x00007f3f90150000, 0x00007f3fb0f00000)
 tenured generation   total 10766300K, used 10764812K [0x00007f43bdb50000, 0x00007f464ed47000, 0x00007f4e68600000)
   the space 10766300K,  99% used [0x00007f43bdb50000, 0x00007f464ebd3168, 0x00007f464ebd3200, 0x00007f464ed47000)
 Metaspace       used 24344K, capacity 24758K, committed 24832K, reserved 26624K
}
Event: 15406.182 GC heap after
{Heap after GC invocations=15870 (full 5):
 def new generation   total 4844864K, used 27733K [0x00007f3e68600000, 0x00007f3fb0f00000, 0x00007f43bdb50000)
  eden space 4306560K,   0% used [0x00007f3e68600000, 0x00007f3e68600000, 0x00007f3f6f3a0000)
  from space 538304K,   5% used [0x00007f3f90150000, 0x00007f3f91c65598, 0x00007f3fb0f00000)
  to   space 538304K,   0% used [0x00007f3f6f3a0000, 0x00007f3f6f3a0000, 0x00007f3f90150000)
 tenured generation   total 10766300K, used 10766076K [0x00007f43bdb50000, 0x00007f464ed47000, 0x00007f4e68600000)
   the space 10766300K,  99% used [0x00007f43bdb50000, 0x00007f464ed0f0e0, 0x00007f464ed0f200, 0x00007f464ed47000)
 Metaspace       used 24344K, capacity 24758K, committed 24832K, reserved 26624K
}
Event: 15408.449 GC heap before
{Heap before GC invocations=15870 (full 5):
 def new generation   total 4844864K, used 4334293K [0x00007f3e68600000, 0x00007f3fb0f00000, 0x00007f43bdb50000)
  eden space 4306560K, 100% used [0x00007f3e68600000, 0x00007f3f6f3a0000, 0x00007f3f6f3a0000)
  from space 538304K,   5% used [0x00007f3f90150000, 0x00007f3f91c65598, 0x00007f3fb0f00000)
  to   space 538304K,   0% used [0x00007f3f6f3a0000, 0x00007f3f6f3a0000, 0x00007f3f90150000)
 tenured generation   total 10766300K, used 10766076K [0x00007f43bdb50000, 0x00007f464ed47000, 0x00007f4e68600000)
   the space 10766300K,  99% used [0x00007f43bdb50000, 0x00007f464ed0f0e0, 0x00007f464ed0f200, 0x00007f464ed47000)
 Metaspace       used 24344K, capacity 24758K, committed 24832K, reserved 26624K
}
Event: 15408.481 GC heap after
{Heap after GC invocations=15871 (full 5):
 def new generation   total 4844864K, used 29244K [0x00007f3e68600000, 0x00007f3fb0f00000, 0x00007f43bdb50000)
  eden space 4306560K,   0% used [0x00007f3e68600000, 0x00007f3e68600000, 0x00007f3f6f3a0000)
  from space 538304K,   5% used [0x00007f3f6f3a0000, 0x00007f3f7102f028, 0x00007f3f90150000)
  to   space 538304K,   0% used [0x00007f3f90150000, 0x00007f3f90150000, 0x00007f3fb0f00000)
 tenured generation   total 10767452K, used 10767340K [0x00007f43bdb50000, 0x00007f464ee67000, 0x00007f4e68600000)
   the space 10767452K,  99% used [0x00007f43bdb50000, 0x00007f464ee4b058, 0x00007f464ee4b200, 0x00007f464ee67000)
 Metaspace       used 24344K, capacity 24758K, committed 24832K, reserved 26624K
}
Event: 15408.481 GC heap before
{Heap before GC invocations=15871 (full 5):
 def new generation   total 4844864K, used 29244K [0x00007f3e68600000, 0x00007f3fb0f00000, 0x00007f43bdb50000)
  eden space 4306560K,   0% used [0x00007f3e68600000, 0x00007f3e68600000, 0x00007f3f6f3a0000)
  from space 538304K,   5% used [0x00007f3f6f3a0000, 0x00007f3f7102f028, 0x00007f3f90150000)
  to   space 538304K,   0% used [0x00007f3f90150000, 0x00007f3f90150000, 0x00007f3fb0f00000)
 tenured generation   total 10767452K, used 10767340K [0x00007f43bdb50000, 0x00007f464ee67000, 0x00007f4e68600000)
   the space 10767452K,  99% used [0x00007f43bdb50000, 0x00007f464ee4b058, 0x00007f464ee4b200, 0x00007f464ee67000)
 Metaspace       used 24344K, capacity 24758K, committed 24832K, reserved 26624K
}

