# JRE version: OpenJDK Runtime Environment (13.0.7+5) (build 13.0.7+5-Ubuntu-0ubuntu120.04)
# Java VM: OpenJDK 64-Bit Server VM (13.0.7+5-Ubuntu-0ubuntu120.04, mixed mode, tiered, serial gc, linux-amd64)
Heap:
 def new generation   total 1048832K, used 9285K [0x00007ef59c600000, 0x00007ef5e3800000, 0x00007efaf1b50000)
  eden space 932352K,   0% used [0x00007ef59c600000, 0x00007ef59cf117b0, 0x00007ef5d5480000)
  from space 116480K,   0% used [0x00007ef5dc640000, 0x00007ef5dc640000, 0x00007ef5e3800000)
  to   space 116480K,   0% used [0x00007ef5d5480000, 0x00007ef5d5480000, 0x00007ef5dc640000)
 tenured generation   total 2331136K, used 2331131K [0x00007efaf1b50000, 0x00007efb7ffd0000, 0x00007f059c600000)
   the space 2331136K,  99% used [0x00007efaf1b50000, 0x00007efb7ffcefd8, 0x00007efb7ffcf000, 0x00007efb7ffd0000)
 Metaspace       used 24303K, capacity 24764K, committed 24832K, reserved 26624K
GC Heap History (20 events):
Event: 3041.356 GC heap after
{Heap after GC invocations=4916 (full 2):
 def new generation   total 1048832K, used 9928K [0x00007ef59c600000, 0x00007ef5e3800000, 0x00007efaf1b50000)
  eden space 932352K,   0% used [0x00007ef59c600000, 0x00007ef59c600000, 0x00007ef5d5480000)
  from space 116480K,   8% used [0x00007ef5d5480000, 0x00007ef5d5e323d8, 0x00007ef5dc640000)
  to   space 116480K,   0% used [0x00007ef5dc640000, 0x00007ef5dc640000, 0x00007ef5e3800000)
 tenured generation   total 2330560K, used 2325223K [0x00007efaf1b50000, 0x00007efb7ff40000, 0x00007f059c600000)
   the space 2330560K,  99% used [0x00007efaf1b50000, 0x00007efb7fa09fb8, 0x00007efb7fa0a000, 0x00007efb7ff40000)
 Metaspace       used 24303K, capacity 24764K, committed 24832K, reserved 26624K
}
Event: 3042.167 GC heap before
{Heap before GC invocations=4916 (full 2):
 def new generation   total 1048832K, used 942280K [0x00007ef59c600000, 0x00007ef5e3800000, 0x00007efaf1b50000)
  eden space 932352K, 100% used [0x00007ef59c600000, 0x00007ef5d5480000, 0x00007ef5d5480000)
  from space 116480K,   8% used [0x00007ef5d5480000, 0x00007ef5d5e323d8, 0x00007ef5dc640000)
  to   space 116480K,   0% used [0x00007ef5dc640000, 0x00007ef5dc640000, 0x00007ef5e3800000)
 tenured generation   total 2330560K, used 2325223K [0x00007efaf1b50000, 0x00007efb7ff40000, 0x00007f059c600000)
   the space 2330560K,  99% used [0x00007efaf1b50000, 0x00007efb7fa09fb8, 0x00007efb7fa0a000, 0x00007efb7ff40000)
 Metaspace       used 24303K, capacity 24764K, committed 24832K, reserved 26624K
}
Event: 3042.199 GC heap after
{Heap after GC invocations=4917 (full 2):
 def new generation   total 1048832K, used 9941K [0x00007ef59c600000, 0x00007ef5e3800000, 0x00007efaf1b50000)
  eden space 932352K,   0% used [0x00007ef59c600000, 0x00007ef59c600000, 0x00007ef5d5480000)
  from space 116480K,   8% used [0x00007ef5dc640000, 0x00007ef5dcff5670, 0x00007ef5e3800000)
  to   space 116480K,   0% used [0x00007ef5d5480000, 0x00007ef5d5480000, 0x00007ef5dc640000)
 tenured generation   total 2330560K, used 2325756K [0x00007efaf1b50000, 0x00007efb7ff40000, 0x00007f059c600000)
   the space 2330560K,  99% used [0x00007efaf1b50000, 0x00007efb7fa8f190, 0x00007efb7fa8f200, 0x00007efb7ff40000)
 Metaspace       used 24303K, capacity 24764K, committed 24832K, reserved 26624K
}
Event: 3042.991 GC heap before
{Heap before GC invocations=4917 (full 2):
 def new generation   total 1048832K, used 942293K [0x00007ef59c600000, 0x00007ef5e3800000, 0x00007efaf1b50000)
  eden space 932352K, 100% used [0x00007ef59c600000, 0x00007ef5d5480000, 0x00007ef5d5480000)
  from space 116480K,   8% used [0x00007ef5dc640000, 0x00007ef5dcff5670, 0x00007ef5e3800000)
  to   space 116480K,   0% used [0x00007ef5d5480000, 0x00007ef5d5480000, 0x00007ef5dc640000)
 tenured generation   total 2330560K, used 2325756K [0x00007efaf1b50000, 0x00007efb7ff40000, 0x00007f059c600000)
   the space 2330560K,  99% used [0x00007efaf1b50000, 0x00007efb7fa8f190, 0x00007efb7fa8f200, 0x00007efb7ff40000)
 Metaspace       used 24303K, capacity 24764K, committed 24832K, reserved 26624K
}
Event: 3043.015 GC heap after
{Heap after GC invocations=4918 (full 2):
 def new generation   total 1048832K, used 9431K [0x00007ef59c600000, 0x00007ef5e3800000, 0x00007efaf1b50000)
  eden space 932352K,   0% used [0x00007ef59c600000, 0x00007ef59c600000, 0x00007ef5d5480000)
  from space 116480K,   8% used [0x00007ef5d5480000, 0x00007ef5d5db5fb8, 0x00007ef5dc640000)
  to   space 116480K,   0% used [0x00007ef5dc640000, 0x00007ef5dc640000, 0x00007ef5e3800000)
 tenured generation   total 2330560K, used 2326799K [0x00007efaf1b50000, 0x00007efb7ff40000, 0x00007f059c600000)
   the space 2330560K,  99% used [0x00007efaf1b50000, 0x00007efb7fb93c30, 0x00007efb7fb93e00, 0x00007efb7ff40000)
 Metaspace       used 24303K, capacity 24764K, committed 24832K, reserved 26624K
}
Event: 3043.834 GC heap before
{Heap before GC invocations=4918 (full 2):
 def new generation   total 1048832K, used 941783K [0x00007ef59c600000, 0x00007ef5e3800000, 0x00007efaf1b50000)
  eden space 932352K, 100% used [0x00007ef59c600000, 0x00007ef5d5480000, 0x00007ef5d5480000)
  from space 116480K,   8% used [0x00007ef5d5480000, 0x00007ef5d5db5fb8, 0x00007ef5dc640000)
  to   space 116480K,   0% used [0x00007ef5dc640000, 0x00007ef5dc640000, 0x00007ef5e3800000)
 tenured generation   total 2330560K, used 2326799K [0x00007efaf1b50000, 0x00007efb7ff40000, 0x00007f059c600000)
   the space 2330560K,  99% used [0x00007efaf1b50000, 0x00007efb7fb93c30, 0x00007efb7fb93e00, 0x00007efb7ff40000)
 Metaspace       used 24303K, capacity 24764K, committed 24832K, reserved 26624K
}
Event: 3043.858 GC heap after
{Heap after GC invocations=4919 (full 2):
 def new generation   total 1048832K, used 9504K [0x00007ef59c600000, 0x00007ef5e3800000, 0x00007efaf1b50000)
  eden space 932352K,   0% used [0x00007ef59c600000, 0x00007ef59c600000, 0x00007ef5d5480000)
  from space 116480K,   8% used [0x00007ef5dc640000, 0x00007ef5dcf88020, 0x00007ef5e3800000)
  to   space 116480K,   0% used [0x00007ef5d5480000, 0x00007ef5d5480000, 0x00007ef5dc640000)
 tenured generation   total 2330560K, used 2327259K [0x00007efaf1b50000, 0x00007efb7ff40000, 0x00007f059c600000)
   the space 2330560K,  99% used [0x00007efaf1b50000, 0x00007efb7fc06fd8, 0x00007efb7fc07000, 0x00007efb7ff40000)
 Metaspace       used 24303K, capacity 24764K, committed 24832K, reserved 26624K
}
Event: 3044.725 GC heap before
{Heap before GC invocations=4919 (full 2):
 def new generation   total 1048832K, used 941856K [0x00007ef59c600000, 0x00007ef5e3800000, 0x00007efaf1b50000)
  eden space 932352K, 100% used [0x00007ef59c600000, 0x00007ef5d5480000, 0x00007ef5d5480000)
  from space 116480K,   8% used [0x00007ef5dc640000, 0x00007ef5dcf88020, 0x00007ef5e3800000)
  to   space 116480K,   0% used [0x00007ef5d5480000, 0x00007ef5d5480000, 0x00007ef5dc640000)
 tenured generation   total 2330560K, used 2327259K [0x00007efaf1b50000, 0x00007efb7ff40000, 0x00007f059c600000)
   the space 2330560K,  99% used [0x00007efaf1b50000, 0x00007efb7fc06fd8, 0x00007efb7fc07000, 0x00007efb7ff40000)
 Metaspace       used 24303K, capacity 24764K, committed 24832K, reserved 26624K
}
Event: 3044.743 GC heap after
{Heap after GC invocations=4920 (full 2):
 def new generation   total 1048832K, used 10141K [0x00007ef59c600000, 0x00007ef5e3800000, 0x00007efaf1b50000)
  eden space 932352K,   0% used [0x00007ef59c600000, 0x00007ef59c600000, 0x00007ef5d5480000)
  from space 116480K,   8% used [0x00007ef5d5480000, 0x00007ef5d5e67408, 0x00007ef5dc640000)
  to   space 116480K,   0% used [0x00007ef5dc640000, 0x00007ef5dc640000, 0x00007ef5e3800000)
 tenured generation   total 2330560K, used 2327673K [0x00007efaf1b50000, 0x00007efb7ff40000, 0x00007f059c600000)
   the space 2330560K,  99% used [0x00007efaf1b50000, 0x00007efb7fc6e6a0, 0x00007efb7fc6e800, 0x00007efb7ff40000)
 Metaspace       used 24303K, capacity 24764K, committed 24832K, reserved 26624K
}
Event: 3045.592 GC heap before
{Heap before GC invocations=4920 (full 2):
 def new generation   total 1048832K, used 942493K [0x00007ef59c600000, 0x00007ef5e3800000, 0x00007efaf1b50000)
  eden space 932352K, 100% used [0x00007ef59c600000, 0x00007ef5d5480000, 0x00007ef5d5480000)
  from space 116480K,   8% used [0x00007ef5d5480000, 0x00007ef5d5e67408, 0x00007ef5dc640000)
  to   space 116480K,   0% used [0x00007ef5dc640000, 0x00007ef5dc640000, 0x00007ef5e3800000)
 tenured generation   total 2330560K, used 2327673K [0x00007efaf1b50000, 0x00007efb7ff40000, 0x00007f059c600000)
   the space 2330560K,  99% used [0x00007efaf1b50000, 0x00007efb7fc6e6a0, 0x00007efb7fc6e800, 0x00007efb7ff40000)
 Metaspace       used 24303K, capacity 24764K, committed 24832K, reserved 26624K
}
Event: 3045.613 GC heap after
{Heap after GC invocations=4921 (full 2):
 def new generation   total 1048832K, used 10253K [0x00007ef59c600000, 0x00007ef5e3800000, 0x00007efaf1b50000)
  eden space 932352K,   0% used [0x00007ef59c600000, 0x00007ef59c600000, 0x00007ef5d5480000)
  from space 116480K,   8% used [0x00007ef5dc640000, 0x00007ef5dd0436c8, 0x00007ef5e3800000)
  to   space 116480K,   0% used [0x00007ef5d5480000, 0x00007ef5d5480000, 0x00007ef5dc640000)
 tenured generation   total 2330560K, used 2328389K [0x00007efaf1b50000, 0x00007efb7ff40000, 0x00007f059c600000)
   the space 2330560K,  99% used [0x00007efaf1b50000, 0x00007efb7fd214c0, 0x00007efb7fd21600, 0x00007efb7ff40000)
 Metaspace       used 24303K, capacity 24764K, committed 24832K, reserved 26624K
}
Event: 3046.462 GC heap before
{Heap before GC invocations=4921 (full 2):
 def new generation   total 1048832K, used 942605K [0x00007ef59c600000, 0x00007ef5e3800000, 0x00007efaf1b50000)
  eden space 932352K, 100% used [0x00007ef59c600000, 0x00007ef5d5480000, 0x00007ef5d5480000)
  from space 116480K,   8% used [0x00007ef5dc640000, 0x00007ef5dd0436c8, 0x00007ef5e3800000)
  to   space 116480K,   0% used [0x00007ef5d5480000, 0x00007ef5d5480000, 0x00007ef5dc640000)
 tenured generation   total 2330560K, used 2328389K [0x00007efaf1b50000, 0x00007efb7ff40000, 0x00007f059c600000)
   the space 2330560K,  99% used [0x00007efaf1b50000, 0x00007efb7fd214c0, 0x00007efb7fd21600, 0x00007efb7ff40000)
 Metaspace       used 24303K, capacity 24764K, committed 24832K, reserved 26624K
}
Event: 3046.482 GC heap after
{Heap after GC invocations=4922 (full 2):
 def new generation   total 1048832K, used 9540K [0x00007ef59c600000, 0x00007ef5e3800000, 0x00007efaf1b50000)
  eden space 932352K,   0% used [0x00007ef59c600000, 0x00007ef59c600000, 0x00007ef5d5480000)
  from space 116480K,   8% used [0x00007ef5d5480000, 0x00007ef5d5dd10d8, 0x00007ef5dc640000)
  to   space 116480K,   0% used [0x00007ef5dc640000, 0x00007ef5dc640000, 0x00007ef5e3800000)
 tenured generation   total 2330560K, used 2329443K [0x00007efaf1b50000, 0x00007efb7ff40000, 0x00007f059c600000)
   the space 2330560K,  99% used [0x00007efaf1b50000, 0x00007efb7fe28fc8, 0x00007efb7fe29000, 0x00007efb7ff40000)
 Metaspace       used 24303K, capacity 24764K, committed 24832K, reserved 26624K
}
Event: 3047.346 GC heap before
{Heap before GC invocations=4922 (full 2):
 def new generation   total 1048832K, used 941892K [0x00007ef59c600000, 0x00007ef5e3800000, 0x00007efaf1b50000)
  eden space 932352K, 100% used [0x00007ef59c600000, 0x00007ef5d5480000, 0x00007ef5d5480000)
  from space 116480K,   8% used [0x00007ef5d5480000, 0x00007ef5d5dd10d8, 0x00007ef5dc640000)
  to   space 116480K,   0% used [0x00007ef5dc640000, 0x00007ef5dc640000, 0x00007ef5e3800000)
 tenured generation   total 2330560K, used 2329443K [0x00007efaf1b50000, 0x00007efb7ff40000, 0x00007f059c600000)
   the space 2330560K,  99% used [0x00007efaf1b50000, 0x00007efb7fe28fc8, 0x00007efb7fe29000, 0x00007efb7ff40000)
 Metaspace       used 24303K, capacity 24764K, committed 24832K, reserved 26624K
}
Event: 3047.367 GC heap after
{Heap after GC invocations=4923 (full 2):
 def new generation   total 1048832K, used 9264K [0x00007ef59c600000, 0x00007ef5e3800000, 0x00007efaf1b50000)
  eden space 932352K,   0% used [0x00007ef59c600000, 0x00007ef59c600000, 0x00007ef5d5480000)
  from space 116480K,   7% used [0x00007ef5dc640000, 0x00007ef5dcf4c230, 0x00007ef5e3800000)
  to   space 116480K,   0% used [0x00007ef5d5480000, 0x00007ef5d5480000, 0x00007ef5dc640000)
 tenured generation   total 2330560K, used 2330098K [0x00007efaf1b50000, 0x00007efb7ff40000, 0x00007f059c600000)
   the space 2330560K,  99% used [0x00007efaf1b50000, 0x00007efb7fecc8d0, 0x00007efb7fecca00, 0x00007efb7ff40000)
 Metaspace       used 24303K, capacity 24764K, committed 24832K, reserved 26624K
}
Event: 3048.211 GC heap before
{Heap before GC invocations=4923 (full 2):
 def new generation   total 1048832K, used 941616K [0x00007ef59c600000, 0x00007ef5e3800000, 0x00007efaf1b50000)
  eden space 932352K, 100% used [0x00007ef59c600000, 0x00007ef5d5480000, 0x00007ef5d5480000)
  from space 116480K,   7% used [0x00007ef5dc640000, 0x00007ef5dcf4c230, 0x00007ef5e3800000)
  to   space 116480K,   0% used [0x00007ef5d5480000, 0x00007ef5d5480000, 0x00007ef5dc640000)
 tenured generation   total 2330560K, used 2330098K [0x00007efaf1b50000, 0x00007efb7ff40000, 0x00007f059c600000)
   the space 2330560K,  99% used [0x00007efaf1b50000, 0x00007efb7fecc8d0, 0x00007efb7fecca00, 0x00007efb7ff40000)
 Metaspace       used 24303K, capacity 24764K, committed 24832K, reserved 26624K
}
Event: 3048.231 GC heap after
{Heap after GC invocations=4924 (full 2):
 def new generation   total 1048832K, used 9322K [0x00007ef59c600000, 0x00007ef5e3800000, 0x00007efaf1b50000)
  eden space 932352K,   0% used [0x00007ef59c600000, 0x00007ef59c600000, 0x00007ef5d5480000)
  from space 116480K,   8% used [0x00007ef5d5480000, 0x00007ef5d5d9a910, 0x00007ef5dc640000)
  to   space 116480K,   0% used [0x00007ef5dc640000, 0x00007ef5dc640000, 0x00007ef5e3800000)
 tenured generation   total 2330560K, used 2330547K [0x00007efaf1b50000, 0x00007efb7ff40000, 0x00007f059c600000)
   the space 2330560K,  99% used [0x00007efaf1b50000, 0x00007efb7ff3ce90, 0x00007efb7ff3d000, 0x00007efb7ff40000)
 Metaspace       used 24303K, capacity 24764K, committed 24832K, reserved 26624K
}
Event: 3049.063 GC heap before
{Heap before GC invocations=4924 (full 2):
 def new generation   total 1048832K, used 941674K [0x00007ef59c600000, 0x00007ef5e3800000, 0x00007efaf1b50000)
  eden space 932352K, 100% used [0x00007ef59c600000, 0x00007ef5d5480000, 0x00007ef5d5480000)
  from space 116480K,   8% used [0x00007ef5d5480000, 0x00007ef5d5d9a910, 0x00007ef5dc640000)
  to   space 116480K,   0% used [0x00007ef5dc640000, 0x00007ef5dc640000, 0x00007ef5e3800000)
 tenured generation   total 2330560K, used 2330547K [0x00007efaf1b50000, 0x00007efb7ff40000, 0x00007f059c600000)
   the space 2330560K,  99% used [0x00007efaf1b50000, 0x00007efb7ff3ce90, 0x00007efb7ff3d000, 0x00007efb7ff40000)
 Metaspace       used 24303K, capacity 24764K, committed 24832K, reserved 26624K
}
Event: 3049.085 GC heap after
{Heap after GC invocations=4925 (full 2):
 def new generation   total 1048832K, used 9288K [0x00007ef59c600000, 0x00007ef5e3800000, 0x00007efaf1b50000)
  eden space 932352K,   0% used [0x00007ef59c600000, 0x00007ef59c600000, 0x00007ef5d5480000)
  from space 116480K,   7% used [0x00007ef5dc640000, 0x00007ef5dcf52120, 0x00007ef5e3800000)
  to   space 116480K,   0% used [0x00007ef5d5480000, 0x00007ef5d5480000, 0x00007ef5dc640000)
 tenured generation   total 2331136K, used 2331129K [0x00007efaf1b50000, 0x00007efb7ffd0000, 0x00007f059c600000)
   the space 2331136K,  99% used [0x00007efaf1b50000, 0x00007efb7ffce668, 0x00007efb7ffce800, 0x00007efb7ffd0000)
 Metaspace       used 24303K, capacity 24764K, committed 24832K, reserved 26624K
}
Event: 3049.085 GC heap before
{Heap before GC invocations=4925 (full 2):
 def new generation   total 1048832K, used 9288K [0x00007ef59c600000, 0x00007ef5e3800000, 0x00007efaf1b50000)
  eden space 932352K,   0% used [0x00007ef59c600000, 0x00007ef59c600000, 0x00007ef5d5480000)
  from space 116480K,   7% used [0x00007ef5dc640000, 0x00007ef5dcf52120, 0x00007ef5e3800000)
  to   space 116480K,   0% used [0x00007ef5d5480000, 0x00007ef5d5480000, 0x00007ef5dc640000)
 tenured generation   total 2331136K, used 2331129K [0x00007efaf1b50000, 0x00007efb7ffd0000, 0x00007f059c600000)
   the space 2331136K,  99% used [0x00007efaf1b50000, 0x00007efb7ffce668, 0x00007efb7ffce800, 0x00007efb7ffd0000)
 Metaspace       used 24303K, capacity 24764K, committed 24832K, reserved 26624K
}

