# JRE version: OpenJDK Runtime Environment (13.0.7+5) (build 13.0.7+5-Ubuntu-0ubuntu120.04)
# Java VM: OpenJDK 64-Bit Server VM (13.0.7+5-Ubuntu-0ubuntu120.04, mixed mode, tiered, serial gc, linux-amd64)
Heap:
 def new generation   total 2326080K, used 0K [0x00007f8e6c600000, 0x00007f8f0a1f0000, 0x00007f93c1b50000)
  eden space 2067648K,   0% used [0x00007f8e6c600000, 0x00007f8e6c600000, 0x00007f8eea930000)
  from space 258432K,   0% used [0x00007f8efa590000, 0x00007f8efa590000, 0x00007f8f0a1f0000)
  to   space 258432K,   0% used [0x00007f8eea930000, 0x00007f8eea930000, 0x00007f8efa590000)
 tenured generation   total 5252132K, used 5159724K [0x00007f93c1b50000, 0x00007f9502459000, 0x00007f9e6c600000)
   the space 5252132K,  98% used [0x00007f93c1b50000, 0x00007f94fca1b2e8, 0x00007f94fca1b400, 0x00007f9502459000)
 Metaspace       used 30560K, capacity 30977K, committed 31232K, reserved 32768K
GC Heap History (20 events):
Event: 174.173 GC heap after
{Heap after GC invocations=64 (full 11):
 def new generation   total 2326080K, used 163251K [0x00007f8e6c600000, 0x00007f8f0a1f0000, 0x00007f93c1b50000)
  eden space 2067648K,   0% used [0x00007f8e6c600000, 0x00007f8e6c600000, 0x00007f8eea930000)
  from space 258432K,  63% used [0x00007f8eea930000, 0x00007f8ef489ce50, 0x00007f8efa590000)
  to   space 258432K,   0% used [0x00007f8efa590000, 0x00007f8efa590000, 0x00007f8f0a1f0000)
 tenured generation   total 5168996K, used 3694458K [0x00007f93c1b50000, 0x00007f94fd329000, 0x00007f9e6c600000)
   the space 5168996K,  71% used [0x00007f93c1b50000, 0x00007f94a332e8d0, 0x00007f94a332ea00, 0x00007f94fd329000)
 Metaspace       used 30560K, capacity 30977K, committed 31232K, reserved 32768K
}
Event: 174.841 GC heap before
{Heap before GC invocations=64 (full 11):
 def new generation   total 2326080K, used 2230899K [0x00007f8e6c600000, 0x00007f8f0a1f0000, 0x00007f93c1b50000)
  eden space 2067648K, 100% used [0x00007f8e6c600000, 0x00007f8eea930000, 0x00007f8eea930000)
  from space 258432K,  63% used [0x00007f8eea930000, 0x00007f8ef489ce50, 0x00007f8efa590000)
  to   space 258432K,   0% used [0x00007f8efa590000, 0x00007f8efa590000, 0x00007f8f0a1f0000)
 tenured generation   total 5168996K, used 3694458K [0x00007f93c1b50000, 0x00007f94fd329000, 0x00007f9e6c600000)
   the space 5168996K,  71% used [0x00007f93c1b50000, 0x00007f94a332e8d0, 0x00007f94a332ea00, 0x00007f94fd329000)
 Metaspace       used 30560K, capacity 30977K, committed 31232K, reserved 32768K
}
Event: 175.538 GC heap after
{Heap after GC invocations=65 (full 11):
 def new generation   total 2326080K, used 183433K [0x00007f8e6c600000, 0x00007f8f0a1f0000, 0x00007f93c1b50000)
  eden space 2067648K,   0% used [0x00007f8e6c600000, 0x00007f8e6c600000, 0x00007f8eea930000)
  from space 258432K,  70% used [0x00007f8efa590000, 0x00007f8f058b27d8, 0x00007f8f0a1f0000)
  to   space 258432K,   0% used [0x00007f8eea930000, 0x00007f8eea930000, 0x00007f8efa590000)
 tenured generation   total 5168996K, used 3857709K [0x00007f93c1b50000, 0x00007f94fd329000, 0x00007f9e6c600000)
   the space 5168996K,  74% used [0x00007f93c1b50000, 0x00007f94ad29b4c0, 0x00007f94ad29b600, 0x00007f94fd329000)
 Metaspace       used 30560K, capacity 30977K, committed 31232K, reserved 32768K
}
Event: 176.146 GC heap before
{Heap before GC invocations=65 (full 11):
 def new generation   total 2326080K, used 2251081K [0x00007f8e6c600000, 0x00007f8f0a1f0000, 0x00007f93c1b50000)
  eden space 2067648K, 100% used [0x00007f8e6c600000, 0x00007f8eea930000, 0x00007f8eea930000)
  from space 258432K,  70% used [0x00007f8efa590000, 0x00007f8f058b27d8, 0x00007f8f0a1f0000)
  to   space 258432K,   0% used [0x00007f8eea930000, 0x00007f8eea930000, 0x00007f8efa590000)
 tenured generation   total 5168996K, used 3857709K [0x00007f93c1b50000, 0x00007f94fd329000, 0x00007f9e6c600000)
   the space 5168996K,  74% used [0x00007f93c1b50000, 0x00007f94ad29b4c0, 0x00007f94ad29b600, 0x00007f94fd329000)
 Metaspace       used 30560K, capacity 30977K, committed 31232K, reserved 32768K
}
Event: 176.888 GC heap after
{Heap after GC invocations=66 (full 11):
 def new generation   total 2326080K, used 154693K [0x00007f8e6c600000, 0x00007f8f0a1f0000, 0x00007f93c1b50000)
  eden space 2067648K,   0% used [0x00007f8e6c600000, 0x00007f8e6c600000, 0x00007f8eea930000)
  from space 258432K,  59% used [0x00007f8eea930000, 0x00007f8ef40414d8, 0x00007f8efa590000)
  to   space 258432K,   0% used [0x00007f8efa590000, 0x00007f8efa590000, 0x00007f8f0a1f0000)
 tenured generation   total 5168996K, used 4041142K [0x00007f93c1b50000, 0x00007f94fd329000, 0x00007f9e6c600000)
   the space 5168996K,  78% used [0x00007f93c1b50000, 0x00007f94b85bd9c8, 0x00007f94b85bda00, 0x00007f94fd329000)
 Metaspace       used 30560K, capacity 30977K, committed 31232K, reserved 32768K
}
Event: 177.701 GC heap before
{Heap before GC invocations=66 (full 11):
 def new generation   total 2326080K, used 2222341K [0x00007f8e6c600000, 0x00007f8f0a1f0000, 0x00007f93c1b50000)
  eden space 2067648K, 100% used [0x00007f8e6c600000, 0x00007f8eea930000, 0x00007f8eea930000)
  from space 258432K,  59% used [0x00007f8eea930000, 0x00007f8ef40414d8, 0x00007f8efa590000)
  to   space 258432K,   0% used [0x00007f8efa590000, 0x00007f8efa590000, 0x00007f8f0a1f0000)
 tenured generation   total 5168996K, used 4041142K [0x00007f93c1b50000, 0x00007f94fd329000, 0x00007f9e6c600000)
   the space 5168996K,  78% used [0x00007f93c1b50000, 0x00007f94b85bd9c8, 0x00007f94b85bda00, 0x00007f94fd329000)
 Metaspace       used 30560K, capacity 30977K, committed 31232K, reserved 32768K
}
Event: 178.570 GC heap after
{Heap after GC invocations=67 (full 11):
 def new generation   total 2326080K, used 195138K [0x00007f8e6c600000, 0x00007f8f0a1f0000, 0x00007f93c1b50000)
  eden space 2067648K,   0% used [0x00007f8e6c600000, 0x00007f8e6c600000, 0x00007f8eea930000)
  from space 258432K,  75% used [0x00007f8efa590000, 0x00007f8f064209f8, 0x00007f8f0a1f0000)
  to   space 258432K,   0% used [0x00007f8eea930000, 0x00007f8eea930000, 0x00007f8efa590000)
 tenured generation   total 5168996K, used 4195835K [0x00007f93c1b50000, 0x00007f94fd329000, 0x00007f9e6c600000)
   the space 5168996K,  81% used [0x00007f93c1b50000, 0x00007f94c1ccec80, 0x00007f94c1ccee00, 0x00007f94fd329000)
 Metaspace       used 30560K, capacity 30977K, committed 31232K, reserved 32768K
}
Event: 179.249 GC heap before
{Heap before GC invocations=67 (full 11):
 def new generation   total 2326080K, used 2262786K [0x00007f8e6c600000, 0x00007f8f0a1f0000, 0x00007f93c1b50000)
  eden space 2067648K, 100% used [0x00007f8e6c600000, 0x00007f8eea930000, 0x00007f8eea930000)
  from space 258432K,  75% used [0x00007f8efa590000, 0x00007f8f064209f8, 0x00007f8f0a1f0000)
  to   space 258432K,   0% used [0x00007f8eea930000, 0x00007f8eea930000, 0x00007f8efa590000)
 tenured generation   total 5168996K, used 4195835K [0x00007f93c1b50000, 0x00007f94fd329000, 0x00007f9e6c600000)
   the space 5168996K,  81% used [0x00007f93c1b50000, 0x00007f94c1ccec80, 0x00007f94c1ccee00, 0x00007f94fd329000)
 Metaspace       used 30560K, capacity 30977K, committed 31232K, reserved 32768K
}
Event: 179.985 GC heap after
{Heap after GC invocations=68 (full 11):
 def new generation   total 2326080K, used 163774K [0x00007f8e6c600000, 0x00007f8f0a1f0000, 0x00007f93c1b50000)
  eden space 2067648K,   0% used [0x00007f8e6c600000, 0x00007f8e6c600000, 0x00007f8eea930000)
  from space 258432K,  63% used [0x00007f8eea930000, 0x00007f8ef491f8c8, 0x00007f8efa590000)
  to   space 258432K,   0% used [0x00007f8efa590000, 0x00007f8efa590000, 0x00007f8f0a1f0000)
 tenured generation   total 5168996K, used 4390972K [0x00007f93c1b50000, 0x00007f94fd329000, 0x00007f9e6c600000)
   the space 5168996K,  84% used [0x00007f93c1b50000, 0x00007f94cdb5f358, 0x00007f94cdb5f400, 0x00007f94fd329000)
 Metaspace       used 30560K, capacity 30977K, committed 31232K, reserved 32768K
}
Event: 180.716 GC heap before
{Heap before GC invocations=68 (full 11):
 def new generation   total 2326080K, used 2231422K [0x00007f8e6c600000, 0x00007f8f0a1f0000, 0x00007f93c1b50000)
  eden space 2067648K, 100% used [0x00007f8e6c600000, 0x00007f8eea930000, 0x00007f8eea930000)
  from space 258432K,  63% used [0x00007f8eea930000, 0x00007f8ef491f8c8, 0x00007f8efa590000)
  to   space 258432K,   0% used [0x00007f8efa590000, 0x00007f8efa590000, 0x00007f8f0a1f0000)
 tenured generation   total 5168996K, used 4390972K [0x00007f93c1b50000, 0x00007f94fd329000, 0x00007f9e6c600000)
   the space 5168996K,  84% used [0x00007f93c1b50000, 0x00007f94cdb5f358, 0x00007f94cdb5f400, 0x00007f94fd329000)
 Metaspace       used 30560K, capacity 30977K, committed 31232K, reserved 32768K
}
Event: 181.563 GC heap after
{Heap after GC invocations=69 (full 11):
 def new generation   total 2326080K, used 182197K [0x00007f8e6c600000, 0x00007f8f0a1f0000, 0x00007f93c1b50000)
  eden space 2067648K,   0% used [0x00007f8e6c600000, 0x00007f8e6c600000, 0x00007f8eea930000)
  from space 258432K,  70% used [0x00007f8efa590000, 0x00007f8f0577d630, 0x00007f8f0a1f0000)
  to   space 258432K,   0% used [0x00007f8eea930000, 0x00007f8eea930000, 0x00007f8efa590000)
 tenured generation   total 5168996K, used 4554746K [0x00007f93c1b50000, 0x00007f94fd329000, 0x00007f9e6c600000)
   the space 5168996K,  88% used [0x00007f93c1b50000, 0x00007f94d7b4e950, 0x00007f94d7b4ea00, 0x00007f94fd329000)
 Metaspace       used 30560K, capacity 30977K, committed 31232K, reserved 32768K
}
Event: 182.289 GC heap before
{Heap before GC invocations=69 (full 11):
 def new generation   total 2326080K, used 2249845K [0x00007f8e6c600000, 0x00007f8f0a1f0000, 0x00007f93c1b50000)
  eden space 2067648K, 100% used [0x00007f8e6c600000, 0x00007f8eea930000, 0x00007f8eea930000)
  from space 258432K,  70% used [0x00007f8efa590000, 0x00007f8f0577d630, 0x00007f8f0a1f0000)
  to   space 258432K,   0% used [0x00007f8eea930000, 0x00007f8eea930000, 0x00007f8efa590000)
 tenured generation   total 5168996K, used 4554746K [0x00007f93c1b50000, 0x00007f94fd329000, 0x00007f9e6c600000)
   the space 5168996K,  88% used [0x00007f93c1b50000, 0x00007f94d7b4e950, 0x00007f94d7b4ea00, 0x00007f94fd329000)
 Metaspace       used 30560K, capacity 30977K, committed 31232K, reserved 32768K
}
Event: 182.934 GC heap after
{Heap after GC invocations=70 (full 11):
 def new generation   total 2326080K, used 151803K [0x00007f8e6c600000, 0x00007f8f0a1f0000, 0x00007f93c1b50000)
  eden space 2067648K,   0% used [0x00007f8e6c600000, 0x00007f8e6c600000, 0x00007f8eea930000)
  from space 258432K,  58% used [0x00007f8eea930000, 0x00007f8ef3d6ef40, 0x00007f8efa590000)
  to   space 258432K,   0% used [0x00007f8efa590000, 0x00007f8efa590000, 0x00007f8f0a1f0000)
 tenured generation   total 5168996K, used 4736942K [0x00007f93c1b50000, 0x00007f94fd329000, 0x00007f9e6c600000)
   the space 5168996K,  91% used [0x00007f93c1b50000, 0x00007f94e2d3bab0, 0x00007f94e2d3bc00, 0x00007f94fd329000)
 Metaspace       used 30560K, capacity 30977K, committed 31232K, reserved 32768K
}
Event: 183.529 GC heap before
{Heap before GC invocations=70 (full 11):
 def new generation   total 2326080K, used 2219451K [0x00007f8e6c600000, 0x00007f8f0a1f0000, 0x00007f93c1b50000)
  eden space 2067648K, 100% used [0x00007f8e6c600000, 0x00007f8eea930000, 0x00007f8eea930000)
  from space 258432K,  58% used [0x00007f8eea930000, 0x00007f8ef3d6ef40, 0x00007f8efa590000)
  to   space 258432K,   0% used [0x00007f8efa590000, 0x00007f8efa590000, 0x00007f8f0a1f0000)
 tenured generation   total 5168996K, used 4736942K [0x00007f93c1b50000, 0x00007f94fd329000, 0x00007f9e6c600000)
   the space 5168996K,  91% used [0x00007f93c1b50000, 0x00007f94e2d3bab0, 0x00007f94e2d3bc00, 0x00007f94fd329000)
 Metaspace       used 30560K, capacity 30977K, committed 31232K, reserved 32768K
}
Event: 184.260 GC heap after
{Heap after GC invocations=71 (full 11):
 def new generation   total 2326080K, used 195045K [0x00007f8e6c600000, 0x00007f8f0a1f0000, 0x00007f93c1b50000)
  eden space 2067648K,   0% used [0x00007f8e6c600000, 0x00007f8e6c600000, 0x00007f8eea930000)
  from space 258432K,  75% used [0x00007f8efa590000, 0x00007f8f06409578, 0x00007f8f0a1f0000)
  to   space 258432K,   0% used [0x00007f8eea930000, 0x00007f8eea930000, 0x00007f8efa590000)
 tenured generation   total 5168996K, used 4888746K [0x00007f93c1b50000, 0x00007f94fd329000, 0x00007f9e6c600000)
   the space 5168996K,  94% used [0x00007f93c1b50000, 0x00007f94ec17a8a0, 0x00007f94ec17aa00, 0x00007f94fd329000)
 Metaspace       used 30560K, capacity 30977K, committed 31232K, reserved 32768K
}
Event: 185.005 GC heap before
{Heap before GC invocations=71 (full 11):
 def new generation   total 2326080K, used 2262693K [0x00007f8e6c600000, 0x00007f8f0a1f0000, 0x00007f93c1b50000)
  eden space 2067648K, 100% used [0x00007f8e6c600000, 0x00007f8eea930000, 0x00007f8eea930000)
  from space 258432K,  75% used [0x00007f8efa590000, 0x00007f8f06409578, 0x00007f8f0a1f0000)
  to   space 258432K,   0% used [0x00007f8eea930000, 0x00007f8eea930000, 0x00007f8efa590000)
 tenured generation   total 5168996K, used 4888746K [0x00007f93c1b50000, 0x00007f94fd329000, 0x00007f9e6c600000)
   the space 5168996K,  94% used [0x00007f93c1b50000, 0x00007f94ec17a8a0, 0x00007f94ec17aa00, 0x00007f94fd329000)
 Metaspace       used 30560K, capacity 30977K, committed 31232K, reserved 32768K
}
Event: 185.720 GC heap after
{Heap after GC invocations=72 (full 11):
 def new generation   total 2326080K, used 168317K [0x00007f8e6c600000, 0x00007f8f0a1f0000, 0x00007f93c1b50000)
  eden space 2067648K,   0% used [0x00007f8e6c600000, 0x00007f8e6c600000, 0x00007f8eea930000)
  from space 258432K,  65% used [0x00007f8eea930000, 0x00007f8ef4d8f728, 0x00007f8efa590000)
  to   space 258432K,   0% used [0x00007f8efa590000, 0x00007f8efa590000, 0x00007f8f0a1f0000)
 tenured generation   total 5168996K, used 5083790K [0x00007f93c1b50000, 0x00007f94fd329000, 0x00007f9e6c600000)
   the space 5168996K,  98% used [0x00007f93c1b50000, 0x00007f94f7ff3a78, 0x00007f94f7ff3c00, 0x00007f94fd329000)
 Metaspace       used 30560K, capacity 30977K, committed 31232K, reserved 32768K
}
Event: 186.406 GC heap before
{Heap before GC invocations=72 (full 11):
 def new generation   total 2326080K, used 2235965K [0x00007f8e6c600000, 0x00007f8f0a1f0000, 0x00007f93c1b50000)
  eden space 2067648K, 100% used [0x00007f8e6c600000, 0x00007f8eea930000, 0x00007f8eea930000)
  from space 258432K,  65% used [0x00007f8eea930000, 0x00007f8ef4d8f728, 0x00007f8efa590000)
  to   space 258432K,   0% used [0x00007f8efa590000, 0x00007f8efa590000, 0x00007f8f0a1f0000)
 tenured generation   total 5168996K, used 5083790K [0x00007f93c1b50000, 0x00007f94fd329000, 0x00007f9e6c600000)
   the space 5168996K,  98% used [0x00007f93c1b50000, 0x00007f94f7ff3a78, 0x00007f94f7ff3c00, 0x00007f94fd329000)
 Metaspace       used 30560K, capacity 30977K, committed 31232K, reserved 32768K
}
Event: 187.105 GC heap after
{Heap after GC invocations=73 (full 11):
 def new generation   total 2326080K, used 177082K [0x00007f8e6c600000, 0x00007f8f0a1f0000, 0x00007f93c1b50000)
  eden space 2067648K,   0% used [0x00007f8e6c600000, 0x00007f8e6c600000, 0x00007f8eea930000)
  from space 258432K,  68% used [0x00007f8efa590000, 0x00007f8f0527e828, 0x00007f8f0a1f0000)
  to   space 258432K,   0% used [0x00007f8eea930000, 0x00007f8eea930000, 0x00007f8efa590000)
 tenured generation   total 5252132K, used 5252108K [0x00007f93c1b50000, 0x00007f9502459000, 0x00007f9e6c600000)
   the space 5252132K,  99% used [0x00007f93c1b50000, 0x00007f9502453100, 0x00007f9502453200, 0x00007f9502459000)
 Metaspace       used 30560K, capacity 30977K, committed 31232K, reserved 32768K
}
Event: 187.105 GC heap before
{Heap before GC invocations=73 (full 11):
 def new generation   total 2326080K, used 177082K [0x00007f8e6c600000, 0x00007f8f0a1f0000, 0x00007f93c1b50000)
  eden space 2067648K,   0% used [0x00007f8e6c600000, 0x00007f8e6c600000, 0x00007f8eea930000)
  from space 258432K,  68% used [0x00007f8efa590000, 0x00007f8f0527e828, 0x00007f8f0a1f0000)
  to   space 258432K,   0% used [0x00007f8eea930000, 0x00007f8eea930000, 0x00007f8efa590000)
 tenured generation   total 5252132K, used 5252108K [0x00007f93c1b50000, 0x00007f9502459000, 0x00007f9e6c600000)
   the space 5252132K,  99% used [0x00007f93c1b50000, 0x00007f9502453100, 0x00007f9502453200, 0x00007f9502459000)
 Metaspace       used 30560K, capacity 30977K, committed 31232K, reserved 32768K
}

