# JRE version: OpenJDK Runtime Environment (13.0.7+5) (build 13.0.7+5-Ubuntu-0ubuntu120.04)
# Java VM: OpenJDK 64-Bit Server VM (13.0.7+5-Ubuntu-0ubuntu120.04, mixed mode, tiered, serial gc, linux-amd64)
Heap:
 def new generation   total 8190208K, used 0K [0x00007eee70600000, 0x00007ef09bcf0000, 0x00007ef3c5b50000)
  eden space 7280192K,   0% used [0x00007eee70600000, 0x00007eee70600000, 0x00007ef02cb90000)
  from space 910016K,   0% used [0x00007ef02cb90000, 0x00007ef02cb90000, 0x00007ef064440000)
  to   space 910016K,   0% used [0x00007ef064440000, 0x00007ef064440000, 0x00007ef09bcf0000)
 tenured generation   total 18595900K, used 18078826K [0x00007ef3c5b50000, 0x00007ef834b5f000, 0x00007efe70600000)
   the space 18595900K,  97% used [0x00007ef3c5b50000, 0x00007ef81526a968, 0x00007ef81526aa00, 0x00007ef834b5f000)
 Metaspace       used 30432K, capacity 30849K, committed 30976K, reserved 32768K
GC Heap History (20 events):
Event: 414.931 GC heap after
{Heap after GC invocations=44 (full 7):
 def new generation   total 8190208K, used 706780K [0x00007eee70600000, 0x00007ef09bcf0000, 0x00007ef3c5b50000)
  eden space 7280192K,   0% used [0x00007eee70600000, 0x00007eee70600000, 0x00007ef02cb90000)
  from space 910016K,  77% used [0x00007ef064440000, 0x00007ef08f6771c0, 0x00007ef09bcf0000)
  to   space 910016K,   0% used [0x00007ef02cb90000, 0x00007ef02cb90000, 0x00007ef064440000)
 tenured generation   total 18200380K, used 12402693K [0x00007ef3c5b50000, 0x00007ef81c91f000, 0x00007efe70600000)
   the space 18200380K,  68% used [0x00007ef3c5b50000, 0x00007ef6bab515f8, 0x00007ef6bab51600, 0x00007ef81c91f000)
 Metaspace       used 30432K, capacity 30849K, committed 30976K, reserved 32768K
}
Event: 416.805 GC heap before
{Heap before GC invocations=44 (full 7):
 def new generation   total 8190208K, used 7986972K [0x00007eee70600000, 0x00007ef09bcf0000, 0x00007ef3c5b50000)
  eden space 7280192K, 100% used [0x00007eee70600000, 0x00007ef02cb90000, 0x00007ef02cb90000)
  from space 910016K,  77% used [0x00007ef064440000, 0x00007ef08f6771c0, 0x00007ef09bcf0000)
  to   space 910016K,   0% used [0x00007ef02cb90000, 0x00007ef02cb90000, 0x00007ef064440000)
 tenured generation   total 18200380K, used 12402693K [0x00007ef3c5b50000, 0x00007ef81c91f000, 0x00007efe70600000)
   the space 18200380K,  68% used [0x00007ef3c5b50000, 0x00007ef6bab515f8, 0x00007ef6bab51600, 0x00007ef81c91f000)
 Metaspace       used 30432K, capacity 30849K, committed 30976K, reserved 32768K
}
Event: 419.226 GC heap after
{Heap after GC invocations=45 (full 7):
 def new generation   total 8190208K, used 780711K [0x00007eee70600000, 0x00007ef09bcf0000, 0x00007ef3c5b50000)
  eden space 7280192K,   0% used [0x00007eee70600000, 0x00007eee70600000, 0x00007ef02cb90000)
  from space 910016K,  85% used [0x00007ef02cb90000, 0x00007ef05c5f9e30, 0x00007ef064440000)
  to   space 910016K,   0% used [0x00007ef064440000, 0x00007ef064440000, 0x00007ef09bcf0000)
 tenured generation   total 18200380K, used 13109473K [0x00007ef3c5b50000, 0x00007ef81c91f000, 0x00007efe70600000)
   the space 18200380K,  72% used [0x00007ef3c5b50000, 0x00007ef6e5d88578, 0x00007ef6e5d88600, 0x00007ef81c91f000)
 Metaspace       used 30432K, capacity 30849K, committed 30976K, reserved 32768K
}
Event: 421.157 GC heap before
{Heap before GC invocations=45 (full 7):
 def new generation   total 8190208K, used 8060903K [0x00007eee70600000, 0x00007ef09bcf0000, 0x00007ef3c5b50000)
  eden space 7280192K, 100% used [0x00007eee70600000, 0x00007ef02cb90000, 0x00007ef02cb90000)
  from space 910016K,  85% used [0x00007ef02cb90000, 0x00007ef05c5f9e30, 0x00007ef064440000)
  to   space 910016K,   0% used [0x00007ef064440000, 0x00007ef064440000, 0x00007ef09bcf0000)
 tenured generation   total 18200380K, used 13109473K [0x00007ef3c5b50000, 0x00007ef81c91f000, 0x00007efe70600000)
   the space 18200380K,  72% used [0x00007ef3c5b50000, 0x00007ef6e5d88578, 0x00007ef6e5d88600, 0x00007ef81c91f000)
 Metaspace       used 30432K, capacity 30849K, committed 30976K, reserved 32768K
}
Event: 423.402 GC heap after
{Heap after GC invocations=46 (full 7):
 def new generation   total 8190208K, used 739360K [0x00007eee70600000, 0x00007ef09bcf0000, 0x00007ef3c5b50000)
  eden space 7280192K,   0% used [0x00007eee70600000, 0x00007eee70600000, 0x00007ef02cb90000)
  from space 910016K,  81% used [0x00007ef064440000, 0x00007ef091648390, 0x00007ef09bcf0000)
  to   space 910016K,   0% used [0x00007ef02cb90000, 0x00007ef02cb90000, 0x00007ef064440000)
 tenured generation   total 18200380K, used 13890183K [0x00007ef3c5b50000, 0x00007ef81c91f000, 0x00007efe70600000)
   the space 18200380K,  76% used [0x00007ef3c5b50000, 0x00007ef7157f1fb8, 0x00007ef7157f2000, 0x00007ef81c91f000)
 Metaspace       used 30432K, capacity 30849K, committed 30976K, reserved 32768K
}
Event: 425.374 GC heap before
{Heap before GC invocations=46 (full 7):
 def new generation   total 8190208K, used 8019552K [0x00007eee70600000, 0x00007ef09bcf0000, 0x00007ef3c5b50000)
  eden space 7280192K, 100% used [0x00007eee70600000, 0x00007ef02cb90000, 0x00007ef02cb90000)
  from space 910016K,  81% used [0x00007ef064440000, 0x00007ef091648390, 0x00007ef09bcf0000)
  to   space 910016K,   0% used [0x00007ef02cb90000, 0x00007ef02cb90000, 0x00007ef064440000)
 tenured generation   total 18200380K, used 13890183K [0x00007ef3c5b50000, 0x00007ef81c91f000, 0x00007efe70600000)
   the space 18200380K,  76% used [0x00007ef3c5b50000, 0x00007ef7157f1fb8, 0x00007ef7157f2000, 0x00007ef81c91f000)
 Metaspace       used 30432K, capacity 30849K, committed 30976K, reserved 32768K
}
Event: 427.535 GC heap after
{Heap after GC invocations=47 (full 7):
 def new generation   total 8190208K, used 665088K [0x00007eee70600000, 0x00007ef09bcf0000, 0x00007ef3c5b50000)
  eden space 7280192K,   0% used [0x00007eee70600000, 0x00007eee70600000, 0x00007ef02cb90000)
  from space 910016K,  73% used [0x00007ef02cb90000, 0x00007ef055510098, 0x00007ef064440000)
  to   space 910016K,   0% used [0x00007ef064440000, 0x00007ef064440000, 0x00007ef09bcf0000)
 tenured generation   total 18200380K, used 14629544K [0x00007ef3c5b50000, 0x00007ef81c91f000, 0x00007efe70600000)
   the space 18200380K,  80% used [0x00007ef3c5b50000, 0x00007ef7429fa078, 0x00007ef7429fa200, 0x00007ef81c91f000)
 Metaspace       used 30432K, capacity 30849K, committed 30976K, reserved 32768K
}
Event: 429.449 GC heap before
{Heap before GC invocations=47 (full 7):
 def new generation   total 8190208K, used 7945280K [0x00007eee70600000, 0x00007ef09bcf0000, 0x00007ef3c5b50000)
  eden space 7280192K, 100% used [0x00007eee70600000, 0x00007ef02cb90000, 0x00007ef02cb90000)
  from space 910016K,  73% used [0x00007ef02cb90000, 0x00007ef055510098, 0x00007ef064440000)
  to   space 910016K,   0% used [0x00007ef064440000, 0x00007ef064440000, 0x00007ef09bcf0000)
 tenured generation   total 18200380K, used 14629544K [0x00007ef3c5b50000, 0x00007ef81c91f000, 0x00007efe70600000)
   the space 18200380K,  80% used [0x00007ef3c5b50000, 0x00007ef7429fa078, 0x00007ef7429fa200, 0x00007ef81c91f000)
 Metaspace       used 30432K, capacity 30849K, committed 30976K, reserved 32768K
}
Event: 431.650 GC heap after
{Heap after GC invocations=48 (full 7):
 def new generation   total 8190208K, used 711954K [0x00007eee70600000, 0x00007ef09bcf0000, 0x00007ef3c5b50000)
  eden space 7280192K,   0% used [0x00007eee70600000, 0x00007eee70600000, 0x00007ef02cb90000)
  from space 910016K,  78% used [0x00007ef064440000, 0x00007ef08fb84a38, 0x00007ef09bcf0000)
  to   space 910016K,   0% used [0x00007ef02cb90000, 0x00007ef02cb90000, 0x00007ef064440000)
 tenured generation   total 18200380K, used 15294632K [0x00007ef3c5b50000, 0x00007ef81c91f000, 0x00007efe70600000)
   the space 18200380K,  84% used [0x00007ef3c5b50000, 0x00007ef76b37a010, 0x00007ef76b37a200, 0x00007ef81c91f000)
 Metaspace       used 30432K, capacity 30849K, committed 30976K, reserved 32768K
}
Event: 433.614 GC heap before
{Heap before GC invocations=48 (full 7):
 def new generation   total 8190208K, used 7992146K [0x00007eee70600000, 0x00007ef09bcf0000, 0x00007ef3c5b50000)
  eden space 7280192K, 100% used [0x00007eee70600000, 0x00007ef02cb90000, 0x00007ef02cb90000)
  from space 910016K,  78% used [0x00007ef064440000, 0x00007ef08fb84a38, 0x00007ef09bcf0000)
  to   space 910016K,   0% used [0x00007ef02cb90000, 0x00007ef02cb90000, 0x00007ef064440000)
 tenured generation   total 18200380K, used 15294632K [0x00007ef3c5b50000, 0x00007ef81c91f000, 0x00007efe70600000)
   the space 18200380K,  84% used [0x00007ef3c5b50000, 0x00007ef76b37a010, 0x00007ef76b37a200, 0x00007ef81c91f000)
 Metaspace       used 30432K, capacity 30849K, committed 30976K, reserved 32768K
}
Event: 435.809 GC heap after
{Heap after GC invocations=49 (full 7):
 def new generation   total 8190208K, used 717395K [0x00007eee70600000, 0x00007ef09bcf0000, 0x00007ef3c5b50000)
  eden space 7280192K,   0% used [0x00007eee70600000, 0x00007eee70600000, 0x00007ef02cb90000)
  from space 910016K,  78% used [0x00007ef02cb90000, 0x00007ef058824ce8, 0x00007ef064440000)
  to   space 910016K,   0% used [0x00007ef064440000, 0x00007ef064440000, 0x00007ef09bcf0000)
 tenured generation   total 18200380K, used 16006585K [0x00007ef3c5b50000, 0x00007ef81c91f000, 0x00007efe70600000)
   the space 18200380K,  87% used [0x00007ef3c5b50000, 0x00007ef796abe6c8, 0x00007ef796abe800, 0x00007ef81c91f000)
 Metaspace       used 30432K, capacity 30849K, committed 30976K, reserved 32768K
}
Event: 437.594 GC heap before
{Heap before GC invocations=49 (full 7):
 def new generation   total 8190208K, used 7997587K [0x00007eee70600000, 0x00007ef09bcf0000, 0x00007ef3c5b50000)
  eden space 7280192K, 100% used [0x00007eee70600000, 0x00007ef02cb90000, 0x00007ef02cb90000)
  from space 910016K,  78% used [0x00007ef02cb90000, 0x00007ef058824ce8, 0x00007ef064440000)
  to   space 910016K,   0% used [0x00007ef064440000, 0x00007ef064440000, 0x00007ef09bcf0000)
 tenured generation   total 18200380K, used 16006585K [0x00007ef3c5b50000, 0x00007ef81c91f000, 0x00007efe70600000)
   the space 18200380K,  87% used [0x00007ef3c5b50000, 0x00007ef796abe6c8, 0x00007ef796abe800, 0x00007ef81c91f000)
 Metaspace       used 30432K, capacity 30849K, committed 30976K, reserved 32768K
}
Event: 439.739 GC heap after
{Heap after GC invocations=50 (full 7):
 def new generation   total 8190208K, used 611708K [0x00007eee70600000, 0x00007ef09bcf0000, 0x00007ef3c5b50000)
  eden space 7280192K,   0% used [0x00007eee70600000, 0x00007eee70600000, 0x00007ef02cb90000)
  from space 910016K,  67% used [0x00007ef064440000, 0x00007ef08999f3b8, 0x00007ef09bcf0000)
  to   space 910016K,   0% used [0x00007ef02cb90000, 0x00007ef02cb90000, 0x00007ef064440000)
 tenured generation   total 18200380K, used 16723980K [0x00007ef3c5b50000, 0x00007ef81c91f000, 0x00007efe70600000)
   the space 18200380K,  91% used [0x00007ef3c5b50000, 0x00007ef7c27533b0, 0x00007ef7c2753400, 0x00007ef81c91f000)
 Metaspace       used 30432K, capacity 30849K, committed 30976K, reserved 32768K
}
Event: 441.481 GC heap before
{Heap before GC invocations=50 (full 7):
 def new generation   total 8190208K, used 7891900K [0x00007eee70600000, 0x00007ef09bcf0000, 0x00007ef3c5b50000)
  eden space 7280192K, 100% used [0x00007eee70600000, 0x00007ef02cb90000, 0x00007ef02cb90000)
  from space 910016K,  67% used [0x00007ef064440000, 0x00007ef08999f3b8, 0x00007ef09bcf0000)
  to   space 910016K,   0% used [0x00007ef02cb90000, 0x00007ef02cb90000, 0x00007ef064440000)
 tenured generation   total 18200380K, used 16723980K [0x00007ef3c5b50000, 0x00007ef81c91f000, 0x00007efe70600000)
   the space 18200380K,  91% used [0x00007ef3c5b50000, 0x00007ef7c27533b0, 0x00007ef7c2753400, 0x00007ef81c91f000)
 Metaspace       used 30432K, capacity 30849K, committed 30976K, reserved 32768K
}
Event: 443.462 GC heap after
{Heap after GC invocations=51 (full 7):
 def new generation   total 8190208K, used 618934K [0x00007eee70600000, 0x00007ef09bcf0000, 0x00007ef3c5b50000)
  eden space 7280192K,   0% used [0x00007eee70600000, 0x00007eee70600000, 0x00007ef02cb90000)
  from space 910016K,  68% used [0x00007ef02cb90000, 0x00007ef0527fdaf0, 0x00007ef064440000)
  to   space 910016K,   0% used [0x00007ef064440000, 0x00007ef064440000, 0x00007ef09bcf0000)
 tenured generation   total 18200380K, used 17335689K [0x00007ef3c5b50000, 0x00007ef81c91f000, 0x00007efe70600000)
   the space 18200380K,  95% used [0x00007ef3c5b50000, 0x00007ef7e7cb2448, 0x00007ef7e7cb2600, 0x00007ef81c91f000)
 Metaspace       used 30432K, capacity 30849K, committed 30976K, reserved 32768K
}
Event: 445.216 GC heap before
{Heap before GC invocations=51 (full 7):
 def new generation   total 8190208K, used 7899126K [0x00007eee70600000, 0x00007ef09bcf0000, 0x00007ef3c5b50000)
  eden space 7280192K, 100% used [0x00007eee70600000, 0x00007ef02cb90000, 0x00007ef02cb90000)
  from space 910016K,  68% used [0x00007ef02cb90000, 0x00007ef0527fdaf0, 0x00007ef064440000)
  to   space 910016K,   0% used [0x00007ef064440000, 0x00007ef064440000, 0x00007ef09bcf0000)
 tenured generation   total 18200380K, used 17335689K [0x00007ef3c5b50000, 0x00007ef81c91f000, 0x00007efe70600000)
   the space 18200380K,  95% used [0x00007ef3c5b50000, 0x00007ef7e7cb2448, 0x00007ef7e7cb2600, 0x00007ef81c91f000)
 Metaspace       used 30432K, capacity 30849K, committed 30976K, reserved 32768K
}
Event: 447.336 GC heap after
{Heap after GC invocations=52 (full 7):
 def new generation   total 8190208K, used 641218K [0x00007eee70600000, 0x00007ef09bcf0000, 0x00007ef3c5b50000)
  eden space 7280192K,   0% used [0x00007eee70600000, 0x00007eee70600000, 0x00007ef02cb90000)
  from space 910016K,  70% used [0x00007ef064440000, 0x00007ef08b670ac0, 0x00007ef09bcf0000)
  to   space 910016K,   0% used [0x00007ef02cb90000, 0x00007ef02cb90000, 0x00007ef064440000)
 tenured generation   total 18200380K, used 17954623K [0x00007ef3c5b50000, 0x00007ef81c91f000, 0x00007efe70600000)
   the space 18200380K,  98% used [0x00007ef3c5b50000, 0x00007ef80d91fcb8, 0x00007ef80d91fe00, 0x00007ef81c91f000)
 Metaspace       used 30432K, capacity 30849K, committed 30976K, reserved 32768K
}
Event: 449.122 GC heap before
{Heap before GC invocations=52 (full 7):
 def new generation   total 8190208K, used 7921410K [0x00007eee70600000, 0x00007ef09bcf0000, 0x00007ef3c5b50000)
  eden space 7280192K, 100% used [0x00007eee70600000, 0x00007ef02cb90000, 0x00007ef02cb90000)
  from space 910016K,  70% used [0x00007ef064440000, 0x00007ef08b670ac0, 0x00007ef09bcf0000)
  to   space 910016K,   0% used [0x00007ef02cb90000, 0x00007ef02cb90000, 0x00007ef064440000)
 tenured generation   total 18200380K, used 17954623K [0x00007ef3c5b50000, 0x00007ef81c91f000, 0x00007efe70600000)
   the space 18200380K,  98% used [0x00007ef3c5b50000, 0x00007ef80d91fcb8, 0x00007ef80d91fe00, 0x00007ef81c91f000)
 Metaspace       used 30432K, capacity 30849K, committed 30976K, reserved 32768K
}
Event: 451.172 GC heap after
{Heap after GC invocations=53 (full 7):
 def new generation   total 8190208K, used 674530K [0x00007eee70600000, 0x00007ef09bcf0000, 0x00007ef3c5b50000)
  eden space 7280192K,   0% used [0x00007eee70600000, 0x00007eee70600000, 0x00007ef02cb90000)
  from space 910016K,  74% used [0x00007ef02cb90000, 0x00007ef055e48bd0, 0x00007ef064440000)
  to   space 910016K,   0% used [0x00007ef064440000, 0x00007ef064440000, 0x00007ef09bcf0000)
 tenured generation   total 18595900K, used 18595841K [0x00007ef3c5b50000, 0x00007ef834b5f000, 0x00007efe70600000)
   the space 18595900K,  99% used [0x00007ef3c5b50000, 0x00007ef834b50538, 0x00007ef834b50600, 0x00007ef834b5f000)
 Metaspace       used 30432K, capacity 30849K, committed 30976K, reserved 32768K
}
Event: 451.172 GC heap before
{Heap before GC invocations=53 (full 7):
 def new generation   total 8190208K, used 674530K [0x00007eee70600000, 0x00007ef09bcf0000, 0x00007ef3c5b50000)
  eden space 7280192K,   0% used [0x00007eee70600000, 0x00007eee70600000, 0x00007ef02cb90000)
  from space 910016K,  74% used [0x00007ef02cb90000, 0x00007ef055e48bd0, 0x00007ef064440000)
  to   space 910016K,   0% used [0x00007ef064440000, 0x00007ef064440000, 0x00007ef09bcf0000)
 tenured generation   total 18595900K, used 18595841K [0x00007ef3c5b50000, 0x00007ef834b5f000, 0x00007efe70600000)
   the space 18595900K,  99% used [0x00007ef3c5b50000, 0x00007ef834b50538, 0x00007ef834b50600, 0x00007ef834b5f000)
 Metaspace       used 30432K, capacity 30849K, committed 30976K, reserved 32768K
}

