# JRE version: OpenJDK Runtime Environment (13.0.7+5) (build 13.0.7+5-Ubuntu-0ubuntu120.04)
# Java VM: OpenJDK 64-Bit Server VM (13.0.7+5-Ubuntu-0ubuntu120.04, mixed mode, tiered, compressed oops, serial gc, linux-amd64)
Heap:
 def new generation   total 2159040K, used 0K [0x0000000080200000, 0x00000001128b0000, 0x0000000300150000)
  eden space 1919168K,   0% used [0x0000000080200000, 0x0000000080200000, 0x00000000f5430000)
  from space 239872K,   0% used [0x00000000f5430000, 0x00000000f5430000, 0x0000000103e70000)
  to   space 239872K,   0% used [0x0000000103e70000, 0x0000000103e70000, 0x00000001128b0000)
 tenured generation   total 4813168K, used 3166486K [0x0000000300150000, 0x0000000425dac000, 0x0000000800000000)
   the space 4813168K,  65% used [0x0000000300150000, 0x00000003c1595978, 0x00000003c1595a00, 0x0000000425dac000)
 Metaspace       used 22752K, capacity 23296K, committed 23424K, reserved 1071104K
  class space    used 2354K, capacity 2568K, committed 2688K, reserved 1048576K
GC Heap History (20 events):
Event: 896.888 GC heap after
{Heap after GC invocations=704 (full 23):
 def new generation   total 2159040K, used 229534K [0x0000000080200000, 0x00000001128b0000, 0x0000000300150000)
  eden space 1919168K,   0% used [0x0000000080200000, 0x0000000080200000, 0x00000000f5430000)
  from space 239872K,  95% used [0x0000000103e70000, 0x0000000111e97b28, 0x00000001128b0000)
  to   space 239872K,   0% used [0x00000000f5430000, 0x00000000f5430000, 0x0000000103e70000)
 tenured generation   total 4797688K, used 4556671K [0x0000000300150000, 0x0000000424e8e000, 0x0000000800000000)
   the space 4797688K,  94% used [0x0000000300150000, 0x000000041632ffe8, 0x0000000416330000, 0x0000000424e8e000)
 Metaspace       used 22752K, capacity 23296K, committed 23424K, reserved 1071104K
  class space    used 2354K, capacity 2568K, committed 2688K, reserved 1048576K
}
Event: 898.321 GC heap before
{Heap before GC invocations=704 (full 23):
 def new generation   total 2159040K, used 2148702K [0x0000000080200000, 0x00000001128b0000, 0x0000000300150000)
  eden space 1919168K, 100% used [0x0000000080200000, 0x00000000f5430000, 0x00000000f5430000)
  from space 239872K,  95% used [0x0000000103e70000, 0x0000000111e97b28, 0x00000001128b0000)
  to   space 239872K,   0% used [0x00000000f5430000, 0x00000000f5430000, 0x0000000103e70000)
 tenured generation   total 4797688K, used 4556671K [0x0000000300150000, 0x0000000424e8e000, 0x0000000800000000)
   the space 4797688K,  94% used [0x0000000300150000, 0x000000041632ffe8, 0x0000000416330000, 0x0000000424e8e000)
 Metaspace       used 22752K, capacity 23296K, committed 23424K, reserved 1071104K
  class space    used 2354K, capacity 2568K, committed 2688K, reserved 1048576K
}
Event: 898.366 GC heap after
{Heap after GC invocations=705 (full 23):
 def new generation   total 2159040K, used 113140K [0x0000000080200000, 0x00000001128b0000, 0x0000000300150000)
  eden space 1919168K,   0% used [0x0000000080200000, 0x0000000080200000, 0x00000000f5430000)
  from space 239872K,  47% used [0x00000000f5430000, 0x00000000fc2ad248, 0x0000000103e70000)
  to   space 239872K,   0% used [0x0000000103e70000, 0x0000000103e70000, 0x00000001128b0000)
 tenured generation   total 4797688K, used 4556674K [0x0000000300150000, 0x0000000424e8e000, 0x0000000800000000)
   the space 4797688K,  94% used [0x0000000300150000, 0x0000000416330968, 0x0000000416330a00, 0x0000000424e8e000)
 Metaspace       used 22752K, capacity 23296K, committed 23424K, reserved 1071104K
  class space    used 2354K, capacity 2568K, committed 2688K, reserved 1048576K
}
Event: 899.819 GC heap before
{Heap before GC invocations=705 (full 23):
 def new generation   total 2159040K, used 2032308K [0x0000000080200000, 0x00000001128b0000, 0x0000000300150000)
  eden space 1919168K, 100% used [0x0000000080200000, 0x00000000f5430000, 0x00000000f5430000)
  from space 239872K,  47% used [0x00000000f5430000, 0x00000000fc2ad248, 0x0000000103e70000)
  to   space 239872K,   0% used [0x0000000103e70000, 0x0000000103e70000, 0x00000001128b0000)
 tenured generation   total 4797688K, used 4556674K [0x0000000300150000, 0x0000000424e8e000, 0x0000000800000000)
   the space 4797688K,  94% used [0x0000000300150000, 0x0000000416330968, 0x0000000416330a00, 0x0000000424e8e000)
 Metaspace       used 22752K, capacity 23296K, committed 23424K, reserved 1071104K
  class space    used 2354K, capacity 2568K, committed 2688K, reserved 1048576K
}
Event: 899.937 GC heap after
{Heap after GC invocations=706 (full 23):
 def new generation   total 2159040K, used 227134K [0x0000000080200000, 0x00000001128b0000, 0x0000000300150000)
  eden space 1919168K,   0% used [0x0000000080200000, 0x0000000080200000, 0x00000000f5430000)
  from space 239872K,  94% used [0x0000000103e70000, 0x0000000111c3f8f8, 0x00000001128b0000)
  to   space 239872K,   0% used [0x00000000f5430000, 0x00000000f5430000, 0x0000000103e70000)
 tenured generation   total 4797688K, used 4556674K [0x0000000300150000, 0x0000000424e8e000, 0x0000000800000000)
   the space 4797688K,  94% used [0x0000000300150000, 0x0000000416330968, 0x0000000416330a00, 0x0000000424e8e000)
 Metaspace       used 22752K, capacity 23296K, committed 23424K, reserved 1071104K
  class space    used 2354K, capacity 2568K, committed 2688K, reserved 1048576K
}
Event: 901.424 GC heap before
{Heap before GC invocations=706 (full 23):
 def new generation   total 2159040K, used 2146302K [0x0000000080200000, 0x00000001128b0000, 0x0000000300150000)
  eden space 1919168K, 100% used [0x0000000080200000, 0x00000000f5430000, 0x00000000f5430000)
  from space 239872K,  94% used [0x0000000103e70000, 0x0000000111c3f8f8, 0x00000001128b0000)
  to   space 239872K,   0% used [0x00000000f5430000, 0x00000000f5430000, 0x0000000103e70000)
 tenured generation   total 4797688K, used 4556674K [0x0000000300150000, 0x0000000424e8e000, 0x0000000800000000)
   the space 4797688K,  94% used [0x0000000300150000, 0x0000000416330968, 0x0000000416330a00, 0x0000000424e8e000)
 Metaspace       used 22752K, capacity 23296K, committed 23424K, reserved 1071104K
  class space    used 2354K, capacity 2568K, committed 2688K, reserved 1048576K
}
Event: 901.465 GC heap after
{Heap after GC invocations=707 (full 23):
 def new generation   total 2159040K, used 67577K [0x0000000080200000, 0x00000001128b0000, 0x0000000300150000)
  eden space 1919168K,   0% used [0x0000000080200000, 0x0000000080200000, 0x00000000f5430000)
  from space 239872K,  28% used [0x00000000f5430000, 0x00000000f962e6b8, 0x0000000103e70000)
  to   space 239872K,   0% used [0x0000000103e70000, 0x0000000103e70000, 0x00000001128b0000)
 tenured generation   total 4797688K, used 4576715K [0x0000000300150000, 0x0000000424e8e000, 0x0000000800000000)
   the space 4797688K,  95% used [0x0000000300150000, 0x00000004176c2dd0, 0x00000004176c2e00, 0x0000000424e8e000)
 Metaspace       used 22752K, capacity 23296K, committed 23424K, reserved 1071104K
  class space    used 2354K, capacity 2568K, committed 2688K, reserved 1048576K
}
Event: 902.946 GC heap before
{Heap before GC invocations=707 (full 23):
 def new generation   total 2159040K, used 1986745K [0x0000000080200000, 0x00000001128b0000, 0x0000000300150000)
  eden space 1919168K, 100% used [0x0000000080200000, 0x00000000f5430000, 0x00000000f5430000)
  from space 239872K,  28% used [0x00000000f5430000, 0x00000000f962e6b8, 0x0000000103e70000)
  to   space 239872K,   0% used [0x0000000103e70000, 0x0000000103e70000, 0x00000001128b0000)
 tenured generation   total 4797688K, used 4576715K [0x0000000300150000, 0x0000000424e8e000, 0x0000000800000000)
   the space 4797688K,  95% used [0x0000000300150000, 0x00000004176c2dd0, 0x00000004176c2e00, 0x0000000424e8e000)
 Metaspace       used 22752K, capacity 23296K, committed 23424K, reserved 1071104K
  class space    used 2354K, capacity 2568K, committed 2688K, reserved 1048576K
}
Event: 903.028 GC heap after
{Heap after GC invocations=708 (full 23):
 def new generation   total 2159040K, used 182078K [0x0000000080200000, 0x00000001128b0000, 0x0000000300150000)
  eden space 1919168K,   0% used [0x0000000080200000, 0x0000000080200000, 0x00000000f5430000)
  from space 239872K,  75% used [0x0000000103e70000, 0x000000010f03f958, 0x00000001128b0000)
  to   space 239872K,   0% used [0x00000000f5430000, 0x00000000f5430000, 0x0000000103e70000)
 tenured generation   total 4797688K, used 4576715K [0x0000000300150000, 0x0000000424e8e000, 0x0000000800000000)
   the space 4797688K,  95% used [0x0000000300150000, 0x00000004176c2dd0, 0x00000004176c2e00, 0x0000000424e8e000)
 Metaspace       used 22752K, capacity 23296K, committed 23424K, reserved 1071104K
  class space    used 2354K, capacity 2568K, committed 2688K, reserved 1048576K
}
Event: 904.484 GC heap before
{Heap before GC invocations=708 (full 23):
 def new generation   total 2159040K, used 2101246K [0x0000000080200000, 0x00000001128b0000, 0x0000000300150000)
  eden space 1919168K, 100% used [0x0000000080200000, 0x00000000f5430000, 0x00000000f5430000)
  from space 239872K,  75% used [0x0000000103e70000, 0x000000010f03f958, 0x00000001128b0000)
  to   space 239872K,   0% used [0x00000000f5430000, 0x00000000f5430000, 0x0000000103e70000)
 tenured generation   total 4797688K, used 4576715K [0x0000000300150000, 0x0000000424e8e000, 0x0000000800000000)
   the space 4797688K,  95% used [0x0000000300150000, 0x00000004176c2dd0, 0x00000004176c2e00, 0x0000000424e8e000)
 Metaspace       used 22752K, capacity 23296K, committed 23424K, reserved 1071104K
  class space    used 2354K, capacity 2568K, committed 2688K, reserved 1048576K
}
Event: 904.641 GC heap after
{Heap after GC invocations=709 (full 23):
 def new generation   total 2159040K, used 230035K [0x0000000080200000, 0x00000001128b0000, 0x0000000300150000)
  eden space 1919168K,   0% used [0x0000000080200000, 0x0000000080200000, 0x00000000f5430000)
  from space 239872K,  95% used [0x00000000f5430000, 0x00000001034d4cf0, 0x0000000103e70000)
  to   space 239872K,   0% used [0x0000000103e70000, 0x0000000103e70000, 0x00000001128b0000)
 tenured generation   total 4797688K, used 4643767K [0x0000000300150000, 0x0000000424e8e000, 0x0000000800000000)
   the space 4797688K,  96% used [0x0000000300150000, 0x000000041b83deb8, 0x000000041b83e000, 0x0000000424e8e000)
 Metaspace       used 22752K, capacity 23296K, committed 23424K, reserved 1071104K
  class space    used 2354K, capacity 2568K, committed 2688K, reserved 1048576K
}
Event: 906.143 GC heap before
{Heap before GC invocations=709 (full 23):
 def new generation   total 2159040K, used 2149203K [0x0000000080200000, 0x00000001128b0000, 0x0000000300150000)
  eden space 1919168K, 100% used [0x0000000080200000, 0x00000000f5430000, 0x00000000f5430000)
  from space 239872K,  95% used [0x00000000f5430000, 0x00000001034d4cf0, 0x0000000103e70000)
  to   space 239872K,   0% used [0x0000000103e70000, 0x0000000103e70000, 0x00000001128b0000)
 tenured generation   total 4797688K, used 4643767K [0x0000000300150000, 0x0000000424e8e000, 0x0000000800000000)
   the space 4797688K,  96% used [0x0000000300150000, 0x000000041b83deb8, 0x000000041b83e000, 0x0000000424e8e000)
 Metaspace       used 22752K, capacity 23296K, committed 23424K, reserved 1071104K
  class space    used 2354K, capacity 2568K, committed 2688K, reserved 1048576K
}
Event: 906.229 GC heap after
{Heap after GC invocations=710 (full 23):
 def new generation   total 2159040K, used 146850K [0x0000000080200000, 0x00000001128b0000, 0x0000000300150000)
  eden space 1919168K,   0% used [0x0000000080200000, 0x0000000080200000, 0x00000000f5430000)
  from space 239872K,  61% used [0x0000000103e70000, 0x000000010cdd8b40, 0x00000001128b0000)
  to   space 239872K,   0% used [0x00000000f5430000, 0x00000000f5430000, 0x0000000103e70000)
 tenured generation   total 4797688K, used 4650478K [0x0000000300150000, 0x0000000424e8e000, 0x0000000800000000)
   the space 4797688K,  96% used [0x0000000300150000, 0x000000041becb808, 0x000000041becba00, 0x0000000424e8e000)
 Metaspace       used 22752K, capacity 23296K, committed 23424K, reserved 1071104K
  class space    used 2354K, capacity 2568K, committed 2688K, reserved 1048576K
}
Event: 907.751 GC heap before
{Heap before GC invocations=710 (full 23):
 def new generation   total 2159040K, used 2066018K [0x0000000080200000, 0x00000001128b0000, 0x0000000300150000)
  eden space 1919168K, 100% used [0x0000000080200000, 0x00000000f5430000, 0x00000000f5430000)
  from space 239872K,  61% used [0x0000000103e70000, 0x000000010cdd8b40, 0x00000001128b0000)
  to   space 239872K,   0% used [0x00000000f5430000, 0x00000000f5430000, 0x0000000103e70000)
 tenured generation   total 4797688K, used 4650478K [0x0000000300150000, 0x0000000424e8e000, 0x0000000800000000)
   the space 4797688K,  96% used [0x0000000300150000, 0x000000041becb808, 0x000000041becba00, 0x0000000424e8e000)
 Metaspace       used 22752K, capacity 23296K, committed 23424K, reserved 1071104K
  class space    used 2354K, capacity 2568K, committed 2688K, reserved 1048576K
}
Event: 907.935 GC heap after
{Heap after GC invocations=711 (full 23):
 def new generation   total 2159040K, used 115030K [0x0000000080200000, 0x00000001128b0000, 0x0000000300150000)
  eden space 1919168K,   0% used [0x0000000080200000, 0x0000000080200000, 0x00000000f5430000)
  from space 239872K,  47% used [0x00000000f5430000, 0x00000000fc485938, 0x0000000103e70000)
  to   space 239872K,   0% used [0x0000000103e70000, 0x0000000103e70000, 0x00000001128b0000)
 tenured generation   total 4797688K, used 4796799K [0x0000000300150000, 0x0000000424e8e000, 0x0000000800000000)
   the space 4797688K,  99% used [0x0000000300150000, 0x0000000424daff38, 0x0000000424db0000, 0x0000000424e8e000)
 Metaspace       used 22752K, capacity 23296K, committed 23424K, reserved 1071104K
  class space    used 2354K, capacity 2568K, committed 2688K, reserved 1048576K
}
Event: 909.411 GC heap before
{Heap before GC invocations=711 (full 23):
 def new generation   total 2159040K, used 2034198K [0x0000000080200000, 0x00000001128b0000, 0x0000000300150000)
  eden space 1919168K, 100% used [0x0000000080200000, 0x00000000f5430000, 0x00000000f5430000)
  from space 239872K,  47% used [0x00000000f5430000, 0x00000000fc485938, 0x0000000103e70000)
  to   space 239872K,   0% used [0x0000000103e70000, 0x0000000103e70000, 0x00000001128b0000)
 tenured generation   total 4797688K, used 4796799K [0x0000000300150000, 0x0000000424e8e000, 0x0000000800000000)
   the space 4797688K,  99% used [0x0000000300150000, 0x0000000424daff38, 0x0000000424db0000, 0x0000000424e8e000)
 Metaspace       used 22752K, capacity 23296K, committed 23424K, reserved 1071104K
  class space    used 2354K, capacity 2568K, committed 2688K, reserved 1048576K
}
Event: 909.480 GC heap after
{Heap after GC invocations=712 (full 23):
 def new generation   total 2159040K, used 126569K [0x0000000080200000, 0x00000001128b0000, 0x0000000300150000)
  eden space 1919168K,   0% used [0x0000000080200000, 0x0000000080200000, 0x00000000f5430000)
  from space 239872K,  52% used [0x0000000103e70000, 0x000000010ba0a720, 0x00000001128b0000)
  to   space 239872K,   0% used [0x00000000f5430000, 0x00000000f5430000, 0x0000000103e70000)
 tenured generation   total 4797688K, used 4796799K [0x0000000300150000, 0x0000000424e8e000, 0x0000000800000000)
   the space 4797688K,  99% used [0x0000000300150000, 0x0000000424daff38, 0x0000000424db0000, 0x0000000424e8e000)
 Metaspace       used 22752K, capacity 23296K, committed 23424K, reserved 1071104K
  class space    used 2354K, capacity 2568K, committed 2688K, reserved 1048576K
}
Event: 910.898 GC heap before
{Heap before GC invocations=712 (full 23):
 def new generation   total 2159040K, used 2045737K [0x0000000080200000, 0x00000001128b0000, 0x0000000300150000)
  eden space 1919168K, 100% used [0x0000000080200000, 0x00000000f5430000, 0x00000000f5430000)
  from space 239872K,  52% used [0x0000000103e70000, 0x000000010ba0a720, 0x00000001128b0000)
  to   space 239872K,   0% used [0x00000000f5430000, 0x00000000f5430000, 0x0000000103e70000)
 tenured generation   total 4797688K, used 4796799K [0x0000000300150000, 0x0000000424e8e000, 0x0000000800000000)
   the space 4797688K,  99% used [0x0000000300150000, 0x0000000424daff38, 0x0000000424db0000, 0x0000000424e8e000)
 Metaspace       used 22752K, capacity 23296K, committed 23424K, reserved 1071104K
  class space    used 2354K, capacity 2568K, committed 2688K, reserved 1048576K
}
Event: 911.006 GC heap after
{Heap after GC invocations=713 (full 23):
 def new generation   total 2159040K, used 225523K [0x0000000080200000, 0x00000001128b0000, 0x0000000300150000)
  eden space 1919168K,   0% used [0x0000000080200000, 0x0000000080200000, 0x00000000f5430000)
  from space 239872K,  94% used [0x00000000f5430000, 0x000000010306cd10, 0x0000000103e70000)
  to   space 239872K,   0% used [0x0000000103e70000, 0x0000000103e70000, 0x00000001128b0000)
 tenured generation   total 4813168K, used 4812855K [0x0000000300150000, 0x0000000425dac000, 0x0000000800000000)
   the space 4813168K,  99% used [0x0000000300150000, 0x0000000425d5dca8, 0x0000000425d5de00, 0x0000000425dac000)
 Metaspace       used 22752K, capacity 23296K, committed 23424K, reserved 1071104K
  class space    used 2354K, capacity 2568K, committed 2688K, reserved 1048576K
}
Event: 911.006 GC heap before
{Heap before GC invocations=713 (full 23):
 def new generation   total 2159040K, used 225523K [0x0000000080200000, 0x00000001128b0000, 0x0000000300150000)
  eden space 1919168K,   0% used [0x0000000080200000, 0x0000000080200000, 0x00000000f5430000)
  from space 239872K,  94% used [0x00000000f5430000, 0x000000010306cd10, 0x0000000103e70000)
  to   space 239872K,   0% used [0x0000000103e70000, 0x0000000103e70000, 0x00000001128b0000)
 tenured generation   total 4813168K, used 4812855K [0x0000000300150000, 0x0000000425dac000, 0x0000000800000000)
   the space 4813168K,  99% used [0x0000000300150000, 0x0000000425d5dca8, 0x0000000425d5de00, 0x0000000425dac000)
 Metaspace       used 22752K, capacity 23296K, committed 23424K, reserved 1071104K
  class space    used 2354K, capacity 2568K, committed 2688K, reserved 1048576K
}

