# JRE version: OpenJDK Runtime Environment (13.0.7+5) (build 13.0.7+5-Ubuntu-0ubuntu120.04)
# Java VM: OpenJDK 64-Bit Server VM (13.0.7+5-Ubuntu-0ubuntu120.04, mixed mode, tiered, serial gc, linux-amd64)
Heap:
 def new generation   total 2917376K, used 37116K [0x00007ef28c600000, 0x00007ef352380000, 0x00007ef7e1b50000)
  eden space 2593280K,   1% used [0x00007ef28c600000, 0x00007ef28ea3f300, 0x00007ef32aa80000)
  from space 324096K,   0% used [0x00007ef32aa80000, 0x00007ef32aa80000, 0x00007ef33e700000)
  to   space 324096K,   0% used [0x00007ef33e700000, 0x00007ef33e700000, 0x00007ef352380000)
 tenured generation   total 6485728K, used 6485727K [0x00007ef7e1b50000, 0x00007ef96d908000, 0x00007f028c600000)
   the space 6485728K,  99% used [0x00007ef7e1b50000, 0x00007ef96d907fe8, 0x00007ef96d908000, 0x00007ef96d908000)
 Metaspace       used 24150K, capacity 24589K, committed 24832K, reserved 26624K
GC Heap History (20 events):
Event: 5725.504 GC heap after
{Heap after GC invocations=4992 (full 4):
 def new generation   total 2917376K, used 42587K [0x00007ef28c600000, 0x00007ef352380000, 0x00007ef7e1b50000)
  eden space 2593280K,   0% used [0x00007ef28c600000, 0x00007ef28c600000, 0x00007ef32aa80000)
  from space 324096K,  13% used [0x00007ef33e700000, 0x00007ef341096de8, 0x00007ef352380000)
  to   space 324096K,   0% used [0x00007ef32aa80000, 0x00007ef32aa80000, 0x00007ef33e700000)
 tenured generation   total 6482848K, used 6458617K [0x00007ef7e1b50000, 0x00007ef96d638000, 0x00007f028c600000)
   the space 6482848K,  99% used [0x00007ef7e1b50000, 0x00007ef96be8e5e8, 0x00007ef96be8e600, 0x00007ef96d638000)
 Metaspace       used 24150K, capacity 24589K, committed 24832K, reserved 26624K
}
Event: 5727.885 GC heap before
{Heap before GC invocations=4992 (full 4):
 def new generation   total 2917376K, used 2635867K [0x00007ef28c600000, 0x00007ef352380000, 0x00007ef7e1b50000)
  eden space 2593280K, 100% used [0x00007ef28c600000, 0x00007ef32aa80000, 0x00007ef32aa80000)
  from space 324096K,  13% used [0x00007ef33e700000, 0x00007ef341096de8, 0x00007ef352380000)
  to   space 324096K,   0% used [0x00007ef32aa80000, 0x00007ef32aa80000, 0x00007ef33e700000)
 tenured generation   total 6482848K, used 6458617K [0x00007ef7e1b50000, 0x00007ef96d638000, 0x00007f028c600000)
   the space 6482848K,  99% used [0x00007ef7e1b50000, 0x00007ef96be8e5e8, 0x00007ef96be8e600, 0x00007ef96d638000)
 Metaspace       used 24150K, capacity 24589K, committed 24832K, reserved 26624K
}
Event: 5728.006 GC heap after
{Heap after GC invocations=4993 (full 4):
 def new generation   total 2917376K, used 44244K [0x00007ef28c600000, 0x00007ef352380000, 0x00007ef7e1b50000)
  eden space 2593280K,   0% used [0x00007ef28c600000, 0x00007ef28c600000, 0x00007ef32aa80000)
  from space 324096K,  13% used [0x00007ef32aa80000, 0x00007ef32d5b5348, 0x00007ef33e700000)
  to   space 324096K,   0% used [0x00007ef33e700000, 0x00007ef33e700000, 0x00007ef352380000)
 tenured generation   total 6482848K, used 6460062K [0x00007ef7e1b50000, 0x00007ef96d638000, 0x00007f028c600000)
   the space 6482848K,  99% used [0x00007ef7e1b50000, 0x00007ef96bff7848, 0x00007ef96bff7a00, 0x00007ef96d638000)
 Metaspace       used 24150K, capacity 24589K, committed 24832K, reserved 26624K
}
Event: 5730.384 GC heap before
{Heap before GC invocations=4993 (full 4):
 def new generation   total 2917376K, used 2637524K [0x00007ef28c600000, 0x00007ef352380000, 0x00007ef7e1b50000)
  eden space 2593280K, 100% used [0x00007ef28c600000, 0x00007ef32aa80000, 0x00007ef32aa80000)
  from space 324096K,  13% used [0x00007ef32aa80000, 0x00007ef32d5b5348, 0x00007ef33e700000)
  to   space 324096K,   0% used [0x00007ef33e700000, 0x00007ef33e700000, 0x00007ef352380000)
 tenured generation   total 6482848K, used 6460062K [0x00007ef7e1b50000, 0x00007ef96d638000, 0x00007f028c600000)
   the space 6482848K,  99% used [0x00007ef7e1b50000, 0x00007ef96bff7848, 0x00007ef96bff7a00, 0x00007ef96d638000)
 Metaspace       used 24150K, capacity 24589K, committed 24832K, reserved 26624K
}
Event: 5730.508 GC heap after
{Heap after GC invocations=4994 (full 4):
 def new generation   total 2917376K, used 41719K [0x00007ef28c600000, 0x00007ef352380000, 0x00007ef7e1b50000)
  eden space 2593280K,   0% used [0x00007ef28c600000, 0x00007ef28c600000, 0x00007ef32aa80000)
  from space 324096K,  12% used [0x00007ef33e700000, 0x00007ef340fbdfd8, 0x00007ef352380000)
  to   space 324096K,   0% used [0x00007ef32aa80000, 0x00007ef32aa80000, 0x00007ef33e700000)
 tenured generation   total 6482848K, used 6464208K [0x00007ef7e1b50000, 0x00007ef96d638000, 0x00007f028c600000)
   the space 6482848K,  99% used [0x00007ef7e1b50000, 0x00007ef96c4042b8, 0x00007ef96c404400, 0x00007ef96d638000)
 Metaspace       used 24150K, capacity 24589K, committed 24832K, reserved 26624K
}
Event: 5732.819 GC heap before
{Heap before GC invocations=4994 (full 4):
 def new generation   total 2917376K, used 2634999K [0x00007ef28c600000, 0x00007ef352380000, 0x00007ef7e1b50000)
  eden space 2593280K, 100% used [0x00007ef28c600000, 0x00007ef32aa80000, 0x00007ef32aa80000)
  from space 324096K,  12% used [0x00007ef33e700000, 0x00007ef340fbdfd8, 0x00007ef352380000)
  to   space 324096K,   0% used [0x00007ef32aa80000, 0x00007ef32aa80000, 0x00007ef33e700000)
 tenured generation   total 6482848K, used 6464208K [0x00007ef7e1b50000, 0x00007ef96d638000, 0x00007f028c600000)
   the space 6482848K,  99% used [0x00007ef7e1b50000, 0x00007ef96c4042b8, 0x00007ef96c404400, 0x00007ef96d638000)
 Metaspace       used 24150K, capacity 24589K, committed 24832K, reserved 26624K
}
Event: 5732.925 GC heap after
{Heap after GC invocations=4995 (full 4):
 def new generation   total 2917376K, used 42315K [0x00007ef28c600000, 0x00007ef352380000, 0x00007ef7e1b50000)
  eden space 2593280K,   0% used [0x00007ef28c600000, 0x00007ef28c600000, 0x00007ef32aa80000)
  from space 324096K,  13% used [0x00007ef32aa80000, 0x00007ef32d3d2e28, 0x00007ef33e700000)
  to   space 324096K,   0% used [0x00007ef33e700000, 0x00007ef33e700000, 0x00007ef352380000)
 tenured generation   total 6482848K, used 6466378K [0x00007ef7e1b50000, 0x00007ef96d638000, 0x00007f028c600000)
   the space 6482848K,  99% used [0x00007ef7e1b50000, 0x00007ef96c6229c8, 0x00007ef96c622a00, 0x00007ef96d638000)
 Metaspace       used 24150K, capacity 24589K, committed 24832K, reserved 26624K
}
Event: 5735.311 GC heap before
{Heap before GC invocations=4995 (full 4):
 def new generation   total 2917376K, used 2635595K [0x00007ef28c600000, 0x00007ef352380000, 0x00007ef7e1b50000)
  eden space 2593280K, 100% used [0x00007ef28c600000, 0x00007ef32aa80000, 0x00007ef32aa80000)
  from space 324096K,  13% used [0x00007ef32aa80000, 0x00007ef32d3d2e28, 0x00007ef33e700000)
  to   space 324096K,   0% used [0x00007ef33e700000, 0x00007ef33e700000, 0x00007ef352380000)
 tenured generation   total 6482848K, used 6466378K [0x00007ef7e1b50000, 0x00007ef96d638000, 0x00007f028c600000)
   the space 6482848K,  99% used [0x00007ef7e1b50000, 0x00007ef96c6229c8, 0x00007ef96c622a00, 0x00007ef96d638000)
 Metaspace       used 24150K, capacity 24589K, committed 24832K, reserved 26624K
}
Event: 5735.423 GC heap after
{Heap after GC invocations=4996 (full 4):
 def new generation   total 2917376K, used 41552K [0x00007ef28c600000, 0x00007ef352380000, 0x00007ef7e1b50000)
  eden space 2593280K,   0% used [0x00007ef28c600000, 0x00007ef28c600000, 0x00007ef32aa80000)
  from space 324096K,  12% used [0x00007ef33e700000, 0x00007ef340f94360, 0x00007ef352380000)
  to   space 324096K,   0% used [0x00007ef32aa80000, 0x00007ef32aa80000, 0x00007ef33e700000)
 tenured generation   total 6482848K, used 6469304K [0x00007ef7e1b50000, 0x00007ef96d638000, 0x00007f028c600000)
   the space 6482848K,  99% used [0x00007ef7e1b50000, 0x00007ef96c8fe350, 0x00007ef96c8fe400, 0x00007ef96d638000)
 Metaspace       used 24150K, capacity 24589K, committed 24832K, reserved 26624K
}
Event: 5737.751 GC heap before
{Heap before GC invocations=4996 (full 4):
 def new generation   total 2917376K, used 2634832K [0x00007ef28c600000, 0x00007ef352380000, 0x00007ef7e1b50000)
  eden space 2593280K, 100% used [0x00007ef28c600000, 0x00007ef32aa80000, 0x00007ef32aa80000)
  from space 324096K,  12% used [0x00007ef33e700000, 0x00007ef340f94360, 0x00007ef352380000)
  to   space 324096K,   0% used [0x00007ef32aa80000, 0x00007ef32aa80000, 0x00007ef33e700000)
 tenured generation   total 6482848K, used 6469304K [0x00007ef7e1b50000, 0x00007ef96d638000, 0x00007f028c600000)
   the space 6482848K,  99% used [0x00007ef7e1b50000, 0x00007ef96c8fe350, 0x00007ef96c8fe400, 0x00007ef96d638000)
 Metaspace       used 24150K, capacity 24589K, committed 24832K, reserved 26624K
}
Event: 5737.872 GC heap after
{Heap after GC invocations=4997 (full 4):
 def new generation   total 2917376K, used 42600K [0x00007ef28c600000, 0x00007ef352380000, 0x00007ef7e1b50000)
  eden space 2593280K,   0% used [0x00007ef28c600000, 0x00007ef28c600000, 0x00007ef32aa80000)
  from space 324096K,  13% used [0x00007ef32aa80000, 0x00007ef32d41a1c0, 0x00007ef33e700000)
  to   space 324096K,   0% used [0x00007ef33e700000, 0x00007ef33e700000, 0x00007ef352380000)
 tenured generation   total 6482848K, used 6471156K [0x00007ef7e1b50000, 0x00007ef96d638000, 0x00007f028c600000)
   the space 6482848K,  99% used [0x00007ef7e1b50000, 0x00007ef96cacd280, 0x00007ef96cacd400, 0x00007ef96d638000)
 Metaspace       used 24150K, capacity 24589K, committed 24832K, reserved 26624K
}
Event: 5740.251 GC heap before
{Heap before GC invocations=4997 (full 4):
 def new generation   total 2917376K, used 2635880K [0x00007ef28c600000, 0x00007ef352380000, 0x00007ef7e1b50000)
  eden space 2593280K, 100% used [0x00007ef28c600000, 0x00007ef32aa80000, 0x00007ef32aa80000)
  from space 324096K,  13% used [0x00007ef32aa80000, 0x00007ef32d41a1c0, 0x00007ef33e700000)
  to   space 324096K,   0% used [0x00007ef33e700000, 0x00007ef33e700000, 0x00007ef352380000)
 tenured generation   total 6482848K, used 6471156K [0x00007ef7e1b50000, 0x00007ef96d638000, 0x00007f028c600000)
   the space 6482848K,  99% used [0x00007ef7e1b50000, 0x00007ef96cacd280, 0x00007ef96cacd400, 0x00007ef96d638000)
 Metaspace       used 24150K, capacity 24589K, committed 24832K, reserved 26624K
}
Event: 5740.359 GC heap after
{Heap after GC invocations=4998 (full 4):
 def new generation   total 2917376K, used 39498K [0x00007ef28c600000, 0x00007ef352380000, 0x00007ef7e1b50000)
  eden space 2593280K,   0% used [0x00007ef28c600000, 0x00007ef28c600000, 0x00007ef32aa80000)
  from space 324096K,  12% used [0x00007ef33e700000, 0x00007ef340d92868, 0x00007ef352380000)
  to   space 324096K,   0% used [0x00007ef32aa80000, 0x00007ef32aa80000, 0x00007ef33e700000)
 tenured generation   total 6482848K, used 6475858K [0x00007ef7e1b50000, 0x00007ef96d638000, 0x00007f028c600000)
   the space 6482848K,  99% used [0x00007ef7e1b50000, 0x00007ef96cf64800, 0x00007ef96cf64800, 0x00007ef96d638000)
 Metaspace       used 24150K, capacity 24589K, committed 24832K, reserved 26624K
}
Event: 5742.811 GC heap before
{Heap before GC invocations=4998 (full 4):
 def new generation   total 2917376K, used 2632778K [0x00007ef28c600000, 0x00007ef352380000, 0x00007ef7e1b50000)
  eden space 2593280K, 100% used [0x00007ef28c600000, 0x00007ef32aa80000, 0x00007ef32aa80000)
  from space 324096K,  12% used [0x00007ef33e700000, 0x00007ef340d92868, 0x00007ef352380000)
  to   space 324096K,   0% used [0x00007ef32aa80000, 0x00007ef32aa80000, 0x00007ef33e700000)
 tenured generation   total 6482848K, used 6475858K [0x00007ef7e1b50000, 0x00007ef96d638000, 0x00007f028c600000)
   the space 6482848K,  99% used [0x00007ef7e1b50000, 0x00007ef96cf64800, 0x00007ef96cf64800, 0x00007ef96d638000)
 Metaspace       used 24150K, capacity 24589K, committed 24832K, reserved 26624K
}
Event: 5742.917 GC heap after
{Heap after GC invocations=4999 (full 4):
 def new generation   total 2917376K, used 40138K [0x00007ef28c600000, 0x00007ef352380000, 0x00007ef7e1b50000)
  eden space 2593280K,   0% used [0x00007ef28c600000, 0x00007ef28c600000, 0x00007ef32aa80000)
  from space 324096K,  12% used [0x00007ef32aa80000, 0x00007ef32d1b2998, 0x00007ef33e700000)
  to   space 324096K,   0% used [0x00007ef33e700000, 0x00007ef33e700000, 0x00007ef352380000)
 tenured generation   total 6482848K, used 6477361K [0x00007ef7e1b50000, 0x00007ef96d638000, 0x00007f028c600000)
   the space 6482848K,  99% used [0x00007ef7e1b50000, 0x00007ef96d0dc710, 0x00007ef96d0dc800, 0x00007ef96d638000)
 Metaspace       used 24150K, capacity 24589K, committed 24832K, reserved 26624K
}
Event: 5745.276 GC heap before
{Heap before GC invocations=4999 (full 4):
 def new generation   total 2917376K, used 2633418K [0x00007ef28c600000, 0x00007ef352380000, 0x00007ef7e1b50000)
  eden space 2593280K, 100% used [0x00007ef28c600000, 0x00007ef32aa80000, 0x00007ef32aa80000)
  from space 324096K,  12% used [0x00007ef32aa80000, 0x00007ef32d1b2998, 0x00007ef33e700000)
  to   space 324096K,   0% used [0x00007ef33e700000, 0x00007ef33e700000, 0x00007ef352380000)
 tenured generation   total 6482848K, used 6477361K [0x00007ef7e1b50000, 0x00007ef96d638000, 0x00007f028c600000)
   the space 6482848K,  99% used [0x00007ef7e1b50000, 0x00007ef96d0dc710, 0x00007ef96d0dc800, 0x00007ef96d638000)
 Metaspace       used 24150K, capacity 24589K, committed 24832K, reserved 26624K
}
Event: 5745.386 GC heap after
{Heap after GC invocations=5000 (full 4):
 def new generation   total 2917376K, used 37943K [0x00007ef28c600000, 0x00007ef352380000, 0x00007ef7e1b50000)
  eden space 2593280K,   0% used [0x00007ef28c600000, 0x00007ef28c600000, 0x00007ef32aa80000)
  from space 324096K,  11% used [0x00007ef33e700000, 0x00007ef340c0de98, 0x00007ef352380000)
  to   space 324096K,   0% used [0x00007ef32aa80000, 0x00007ef32aa80000, 0x00007ef33e700000)
 tenured generation   total 6482848K, used 6481322K [0x00007ef7e1b50000, 0x00007ef96d638000, 0x00007f028c600000)
   the space 6482848K,  99% used [0x00007ef7e1b50000, 0x00007ef96d4babc0, 0x00007ef96d4bac00, 0x00007ef96d638000)
 Metaspace       used 24150K, capacity 24589K, committed 24832K, reserved 26624K
}
Event: 5747.831 GC heap before
{Heap before GC invocations=5000 (full 4):
 def new generation   total 2917376K, used 2631223K [0x00007ef28c600000, 0x00007ef352380000, 0x00007ef7e1b50000)
  eden space 2593280K, 100% used [0x00007ef28c600000, 0x00007ef32aa80000, 0x00007ef32aa80000)
  from space 324096K,  11% used [0x00007ef33e700000, 0x00007ef340c0de98, 0x00007ef352380000)
  to   space 324096K,   0% used [0x00007ef32aa80000, 0x00007ef32aa80000, 0x00007ef33e700000)
 tenured generation   total 6482848K, used 6481322K [0x00007ef7e1b50000, 0x00007ef96d638000, 0x00007f028c600000)
   the space 6482848K,  99% used [0x00007ef7e1b50000, 0x00007ef96d4babc0, 0x00007ef96d4bac00, 0x00007ef96d638000)
 Metaspace       used 24150K, capacity 24589K, committed 24832K, reserved 26624K
}
Event: 5747.935 GC heap after
{Heap after GC invocations=5001 (full 4):
 def new generation   total 2917376K, used 37297K [0x00007ef28c600000, 0x00007ef352380000, 0x00007ef7e1b50000)
  eden space 2593280K,   0% used [0x00007ef28c600000, 0x00007ef28c600000, 0x00007ef32aa80000)
  from space 324096K,  11% used [0x00007ef32aa80000, 0x00007ef32ceec7a8, 0x00007ef33e700000)
  to   space 324096K,   0% used [0x00007ef33e700000, 0x00007ef33e700000, 0x00007ef352380000)
 tenured generation   total 6485728K, used 6485546K [0x00007ef7e1b50000, 0x00007ef96d908000, 0x00007f028c600000)
   the space 6485728K,  99% used [0x00007ef7e1b50000, 0x00007ef96d8dab40, 0x00007ef96d8dac00, 0x00007ef96d908000)
 Metaspace       used 24150K, capacity 24589K, committed 24832K, reserved 26624K
}
Event: 5747.935 GC heap before
{Heap before GC invocations=5001 (full 4):
 def new generation   total 2917376K, used 37297K [0x00007ef28c600000, 0x00007ef352380000, 0x00007ef7e1b50000)
  eden space 2593280K,   0% used [0x00007ef28c600000, 0x00007ef28c600000, 0x00007ef32aa80000)
  from space 324096K,  11% used [0x00007ef32aa80000, 0x00007ef32ceec7a8, 0x00007ef33e700000)
  to   space 324096K,   0% used [0x00007ef33e700000, 0x00007ef33e700000, 0x00007ef352380000)
 tenured generation   total 6485728K, used 6485546K [0x00007ef7e1b50000, 0x00007ef96d908000, 0x00007f028c600000)
   the space 6485728K,  99% used [0x00007ef7e1b50000, 0x00007ef96d8dab40, 0x00007ef96d8dac00, 0x00007ef96d908000)
 Metaspace       used 24150K, capacity 24589K, committed 24832K, reserved 26624K
}

