# JRE version: OpenJDK Runtime Environment (13.0.7+5) (build 13.0.7+5-Ubuntu-0ubuntu120.04)
# Java VM: OpenJDK 64-Bit Server VM (13.0.7+5-Ubuntu-0ubuntu120.04, mixed mode, tiered, serial gc, linux-amd64)
Heap:
 def new generation   total 4733056K, used 17120K [0x00007f9058600000, 0x00007f91995b0000, 0x00007f9b030a0000)
  eden space 4207168K,   0% used [0x00007f9058600000, 0x00007f90596b82b0, 0x00007f9159290000)
  from space 525888K,   0% used [0x00007f9159290000, 0x00007f9159290000, 0x00007f9179420000)
  to   space 525888K,   0% used [0x00007f9179420000, 0x00007f9179420000, 0x00007f91995b0000)
 tenured generation   total 10534152K, used 10517846K [0x00007f9b030a0000, 0x00007f9d85fe2000, 0x00007fb058600000)
   the space 10534152K,  99% used [0x00007f9b030a0000, 0x00007f9d84ff5b70, 0x00007f9d84ff5c00, 0x00007f9d85fe2000)
 Metaspace       used 24232K, capacity 24635K, committed 24832K, reserved 26624K
GC Heap History (20 events):
Event: 3211.267 GC heap after
{Heap after GC invocations=1740 (full 7):
 def new generation   total 4733056K, used 271337K [0x00007f9058600000, 0x00007f91995b0000, 0x00007f9b030a0000)
  eden space 4207168K,   0% used [0x00007f9058600000, 0x00007f9058600000, 0x00007f9159290000)
  from space 525888K,  51% used [0x00007f9179420000, 0x00007f9189d1a788, 0x00007f91995b0000)
  to   space 525888K,   0% used [0x00007f9159290000, 0x00007f9159290000, 0x00007f9179420000)
 tenured generation   total 10517764K, used 10369958K [0x00007f9b030a0000, 0x00007f9d84fe1000, 0x00007fb058600000)
   the space 10517764K,  98% used [0x00007f9b030a0000, 0x00007f9d7bf89878, 0x00007f9d7bf89a00, 0x00007f9d84fe1000)
 Metaspace       used 24232K, capacity 24635K, committed 24832K, reserved 26624K
}
Event: 3216.501 GC heap before
{Heap before GC invocations=1740 (full 7):
 def new generation   total 4733056K, used 4478505K [0x00007f9058600000, 0x00007f91995b0000, 0x00007f9b030a0000)
  eden space 4207168K, 100% used [0x00007f9058600000, 0x00007f9159290000, 0x00007f9159290000)
  from space 525888K,  51% used [0x00007f9179420000, 0x00007f9189d1a788, 0x00007f91995b0000)
  to   space 525888K,   0% used [0x00007f9159290000, 0x00007f9159290000, 0x00007f9179420000)
 tenured generation   total 10517764K, used 10369958K [0x00007f9b030a0000, 0x00007f9d84fe1000, 0x00007fb058600000)
   the space 10517764K,  98% used [0x00007f9b030a0000, 0x00007f9d7bf89878, 0x00007f9d7bf89a00, 0x00007f9d84fe1000)
 Metaspace       used 24232K, capacity 24635K, committed 24832K, reserved 26624K
}
Event: 3216.804 GC heap after
{Heap after GC invocations=1741 (full 7):
 def new generation   total 4733056K, used 271326K [0x00007f9058600000, 0x00007f91995b0000, 0x00007f9b030a0000)
  eden space 4207168K,   0% used [0x00007f9058600000, 0x00007f9058600000, 0x00007f9159290000)
  from space 525888K,  51% used [0x00007f9159290000, 0x00007f9169b878e8, 0x00007f9179420000)
  to   space 525888K,   0% used [0x00007f9179420000, 0x00007f9179420000, 0x00007f91995b0000)
 tenured generation   total 10517764K, used 10386916K [0x00007f9b030a0000, 0x00007f9d84fe1000, 0x00007fb058600000)
   the space 10517764K,  98% used [0x00007f9b030a0000, 0x00007f9d7d0193f0, 0x00007f9d7d019400, 0x00007f9d84fe1000)
 Metaspace       used 24232K, capacity 24635K, committed 24832K, reserved 26624K
}
Event: 3222.019 GC heap before
{Heap before GC invocations=1741 (full 7):
 def new generation   total 4733056K, used 4478494K [0x00007f9058600000, 0x00007f91995b0000, 0x00007f9b030a0000)
  eden space 4207168K, 100% used [0x00007f9058600000, 0x00007f9159290000, 0x00007f9159290000)
  from space 525888K,  51% used [0x00007f9159290000, 0x00007f9169b878e8, 0x00007f9179420000)
  to   space 525888K,   0% used [0x00007f9179420000, 0x00007f9179420000, 0x00007f91995b0000)
 tenured generation   total 10517764K, used 10386916K [0x00007f9b030a0000, 0x00007f9d84fe1000, 0x00007fb058600000)
   the space 10517764K,  98% used [0x00007f9b030a0000, 0x00007f9d7d0193f0, 0x00007f9d7d019400, 0x00007f9d84fe1000)
 Metaspace       used 24232K, capacity 24635K, committed 24832K, reserved 26624K
}
Event: 3222.254 GC heap after
{Heap after GC invocations=1742 (full 7):
 def new generation   total 4733056K, used 269798K [0x00007f9058600000, 0x00007f91995b0000, 0x00007f9b030a0000)
  eden space 4207168K,   0% used [0x00007f9058600000, 0x00007f9058600000, 0x00007f9159290000)
  from space 525888K,  51% used [0x00007f9179420000, 0x00007f9189b998e8, 0x00007f91995b0000)
  to   space 525888K,   0% used [0x00007f9159290000, 0x00007f9159290000, 0x00007f9179420000)
 tenured generation   total 10517764K, used 10403875K [0x00007f9b030a0000, 0x00007f9d84fe1000, 0x00007fb058600000)
   the space 10517764K,  98% used [0x00007f9b030a0000, 0x00007f9d7e0a8f68, 0x00007f9d7e0a9000, 0x00007f9d84fe1000)
 Metaspace       used 24232K, capacity 24635K, committed 24832K, reserved 26624K
}
Event: 3227.455 GC heap before
{Heap before GC invocations=1742 (full 7):
 def new generation   total 4733056K, used 4476966K [0x00007f9058600000, 0x00007f91995b0000, 0x00007f9b030a0000)
  eden space 4207168K, 100% used [0x00007f9058600000, 0x00007f9159290000, 0x00007f9159290000)
  from space 525888K,  51% used [0x00007f9179420000, 0x00007f9189b998e8, 0x00007f91995b0000)
  to   space 525888K,   0% used [0x00007f9159290000, 0x00007f9159290000, 0x00007f9179420000)
 tenured generation   total 10517764K, used 10403875K [0x00007f9b030a0000, 0x00007f9d84fe1000, 0x00007fb058600000)
   the space 10517764K,  98% used [0x00007f9b030a0000, 0x00007f9d7e0a8f68, 0x00007f9d7e0a9000, 0x00007f9d84fe1000)
 Metaspace       used 24232K, capacity 24635K, committed 24832K, reserved 26624K
}
Event: 3227.687 GC heap after
{Heap after GC invocations=1743 (full 7):
 def new generation   total 4733056K, used 269268K [0x00007f9058600000, 0x00007f91995b0000, 0x00007f9b030a0000)
  eden space 4207168K,   0% used [0x00007f9058600000, 0x00007f9058600000, 0x00007f9159290000)
  from space 525888K,  51% used [0x00007f9159290000, 0x00007f91699852b0, 0x00007f9179420000)
  to   space 525888K,   0% used [0x00007f9179420000, 0x00007f9179420000, 0x00007f91995b0000)
 tenured generation   total 10517764K, used 10420834K [0x00007f9b030a0000, 0x00007f9d84fe1000, 0x00007fb058600000)
   the space 10517764K,  99% used [0x00007f9b030a0000, 0x00007f9d7f138ae0, 0x00007f9d7f138c00, 0x00007f9d84fe1000)
 Metaspace       used 24232K, capacity 24635K, committed 24832K, reserved 26624K
}
Event: 3232.791 GC heap before
{Heap before GC invocations=1743 (full 7):
 def new generation   total 4733056K, used 4476436K [0x00007f9058600000, 0x00007f91995b0000, 0x00007f9b030a0000)
  eden space 4207168K, 100% used [0x00007f9058600000, 0x00007f9159290000, 0x00007f9159290000)
  from space 525888K,  51% used [0x00007f9159290000, 0x00007f91699852b0, 0x00007f9179420000)
  to   space 525888K,   0% used [0x00007f9179420000, 0x00007f9179420000, 0x00007f91995b0000)
 tenured generation   total 10517764K, used 10420834K [0x00007f9b030a0000, 0x00007f9d84fe1000, 0x00007fb058600000)
   the space 10517764K,  99% used [0x00007f9b030a0000, 0x00007f9d7f138ae0, 0x00007f9d7f138c00, 0x00007f9d84fe1000)
 Metaspace       used 24232K, capacity 24635K, committed 24832K, reserved 26624K
}
Event: 3233.049 GC heap after
{Heap after GC invocations=1744 (full 7):
 def new generation   total 4733056K, used 284176K [0x00007f9058600000, 0x00007f91995b0000, 0x00007f9b030a0000)
  eden space 4207168K,   0% used [0x00007f9058600000, 0x00007f9058600000, 0x00007f9159290000)
  from space 525888K,  54% used [0x00007f9179420000, 0x00007f918a9a4100, 0x00007f91995b0000)
  to   space 525888K,   0% used [0x00007f9159290000, 0x00007f9159290000, 0x00007f9179420000)
 tenured generation   total 10517764K, used 10437793K [0x00007f9b030a0000, 0x00007f9d84fe1000, 0x00007fb058600000)
   the space 10517764K,  99% used [0x00007f9b030a0000, 0x00007f9d801c8658, 0x00007f9d801c8800, 0x00007f9d84fe1000)
 Metaspace       used 24232K, capacity 24635K, committed 24832K, reserved 26624K
}
Event: 3238.155 GC heap before
{Heap before GC invocations=1744 (full 7):
 def new generation   total 4733056K, used 4491344K [0x00007f9058600000, 0x00007f91995b0000, 0x00007f9b030a0000)
  eden space 4207168K, 100% used [0x00007f9058600000, 0x00007f9159290000, 0x00007f9159290000)
  from space 525888K,  54% used [0x00007f9179420000, 0x00007f918a9a4100, 0x00007f91995b0000)
  to   space 525888K,   0% used [0x00007f9159290000, 0x00007f9159290000, 0x00007f9179420000)
 tenured generation   total 10517764K, used 10437793K [0x00007f9b030a0000, 0x00007f9d84fe1000, 0x00007fb058600000)
   the space 10517764K,  99% used [0x00007f9b030a0000, 0x00007f9d801c8658, 0x00007f9d801c8800, 0x00007f9d84fe1000)
 Metaspace       used 24232K, capacity 24635K, committed 24832K, reserved 26624K
}
Event: 3238.403 GC heap after
{Heap after GC invocations=1745 (full 7):
 def new generation   total 4733056K, used 247712K [0x00007f9058600000, 0x00007f91995b0000, 0x00007f9b030a0000)
  eden space 4207168K,   0% used [0x00007f9058600000, 0x00007f9058600000, 0x00007f9159290000)
  from space 525888K,  47% used [0x00007f9159290000, 0x00007f9168478040, 0x00007f9179420000)
  to   space 525888K,   0% used [0x00007f9179420000, 0x00007f9179420000, 0x00007f91995b0000)
 tenured generation   total 10517764K, used 10471711K [0x00007f9b030a0000, 0x00007f9d84fe1000, 0x00007fb058600000)
   the space 10517764K,  99% used [0x00007f9b030a0000, 0x00007f9d822e7d48, 0x00007f9d822e7e00, 0x00007f9d84fe1000)
 Metaspace       used 24232K, capacity 24635K, committed 24832K, reserved 26624K
}
Event: 3243.617 GC heap before
{Heap before GC invocations=1745 (full 7):
 def new generation   total 4733056K, used 4454880K [0x00007f9058600000, 0x00007f91995b0000, 0x00007f9b030a0000)
  eden space 4207168K, 100% used [0x00007f9058600000, 0x00007f9159290000, 0x00007f9159290000)
  from space 525888K,  47% used [0x00007f9159290000, 0x00007f9168478040, 0x00007f9179420000)
  to   space 525888K,   0% used [0x00007f9179420000, 0x00007f9179420000, 0x00007f91995b0000)
 tenured generation   total 10517764K, used 10471711K [0x00007f9b030a0000, 0x00007f9d84fe1000, 0x00007fb058600000)
   the space 10517764K,  99% used [0x00007f9b030a0000, 0x00007f9d822e7d48, 0x00007f9d822e7e00, 0x00007f9d84fe1000)
 Metaspace       used 24232K, capacity 24635K, committed 24832K, reserved 26624K
}
Event: 3243.847 GC heap after
{Heap after GC invocations=1746 (full 7):
 def new generation   total 4733056K, used 280067K [0x00007f9058600000, 0x00007f91995b0000, 0x00007f9b030a0000)
  eden space 4207168K,   0% used [0x00007f9058600000, 0x00007f9058600000, 0x00007f9159290000)
  from space 525888K,  53% used [0x00007f9179420000, 0x00007f918a5a0c98, 0x00007f91995b0000)
  to   space 525888K,   0% used [0x00007f9159290000, 0x00007f9159290000, 0x00007f9179420000)
 tenured generation   total 10517764K, used 10471711K [0x00007f9b030a0000, 0x00007f9d84fe1000, 0x00007fb058600000)
   the space 10517764K,  99% used [0x00007f9b030a0000, 0x00007f9d822e7d48, 0x00007f9d822e7e00, 0x00007f9d84fe1000)
 Metaspace       used 24232K, capacity 24635K, committed 24832K, reserved 26624K
}
Event: 3248.926 GC heap before
{Heap before GC invocations=1746 (full 7):
 def new generation   total 4733056K, used 4487235K [0x00007f9058600000, 0x00007f91995b0000, 0x00007f9b030a0000)
  eden space 4207168K, 100% used [0x00007f9058600000, 0x00007f9159290000, 0x00007f9159290000)
  from space 525888K,  53% used [0x00007f9179420000, 0x00007f918a5a0c98, 0x00007f91995b0000)
  to   space 525888K,   0% used [0x00007f9159290000, 0x00007f9159290000, 0x00007f9179420000)
 tenured generation   total 10517764K, used 10471711K [0x00007f9b030a0000, 0x00007f9d84fe1000, 0x00007fb058600000)
   the space 10517764K,  99% used [0x00007f9b030a0000, 0x00007f9d822e7d48, 0x00007f9d822e7e00, 0x00007f9d84fe1000)
 Metaspace       used 24232K, capacity 24635K, committed 24832K, reserved 26624K
}
Event: 3249.179 GC heap after
{Heap after GC invocations=1747 (full 7):
 def new generation   total 4733056K, used 244633K [0x00007f9058600000, 0x00007f91995b0000, 0x00007f9b030a0000)
  eden space 4207168K,   0% used [0x00007f9058600000, 0x00007f9058600000, 0x00007f9159290000)
  from space 525888K,  46% used [0x00007f9159290000, 0x00007f9168176418, 0x00007f9179420000)
  to   space 525888K,   0% used [0x00007f9179420000, 0x00007f9179420000, 0x00007f91995b0000)
 tenured generation   total 10517764K, used 10505629K [0x00007f9b030a0000, 0x00007f9d84fe1000, 0x00007fb058600000)
   the space 10517764K,  99% used [0x00007f9b030a0000, 0x00007f9d84407438, 0x00007f9d84407600, 0x00007f9d84fe1000)
 Metaspace       used 24232K, capacity 24635K, committed 24832K, reserved 26624K
}
Event: 3254.068 GC heap before
{Heap before GC invocations=1747 (full 7):
 def new generation   total 4733056K, used 4451801K [0x00007f9058600000, 0x00007f91995b0000, 0x00007f9b030a0000)
  eden space 4207168K, 100% used [0x00007f9058600000, 0x00007f9159290000, 0x00007f9159290000)
  from space 525888K,  46% used [0x00007f9159290000, 0x00007f9168176418, 0x00007f9179420000)
  to   space 525888K,   0% used [0x00007f9179420000, 0x00007f9179420000, 0x00007f91995b0000)
 tenured generation   total 10517764K, used 10505629K [0x00007f9b030a0000, 0x00007f9d84fe1000, 0x00007fb058600000)
   the space 10517764K,  99% used [0x00007f9b030a0000, 0x00007f9d84407438, 0x00007f9d84407600, 0x00007f9d84fe1000)
 Metaspace       used 24232K, capacity 24635K, committed 24832K, reserved 26624K
}
Event: 3254.325 GC heap after
{Heap after GC invocations=1748 (full 7):
 def new generation   total 4733056K, used 275947K [0x00007f9058600000, 0x00007f91995b0000, 0x00007f9b030a0000)
  eden space 4207168K,   0% used [0x00007f9058600000, 0x00007f9058600000, 0x00007f9159290000)
  from space 525888K,  52% used [0x00007f9179420000, 0x00007f918a19ac18, 0x00007f91995b0000)
  to   space 525888K,   0% used [0x00007f9159290000, 0x00007f9159290000, 0x00007f9179420000)
 tenured generation   total 10517764K, used 10505629K [0x00007f9b030a0000, 0x00007f9d84fe1000, 0x00007fb058600000)
   the space 10517764K,  99% used [0x00007f9b030a0000, 0x00007f9d84407438, 0x00007f9d84407600, 0x00007f9d84fe1000)
 Metaspace       used 24232K, capacity 24635K, committed 24832K, reserved 26624K
}
Event: 3259.280 GC heap before
{Heap before GC invocations=1748 (full 7):
 def new generation   total 4733056K, used 4481529K [0x00007f9058600000, 0x00007f91995b0000, 0x00007f9b030a0000)
  eden space 4207168K,  99% used [0x00007f9058600000, 0x00007f91591039b8, 0x00007f9159290000)
  from space 525888K,  52% used [0x00007f9179420000, 0x00007f918a19ac18, 0x00007f91995b0000)
  to   space 525888K,   0% used [0x00007f9159290000, 0x00007f9159290000, 0x00007f9179420000)
 tenured generation   total 10517764K, used 10505629K [0x00007f9b030a0000, 0x00007f9d84fe1000, 0x00007fb058600000)
   the space 10517764K,  99% used [0x00007f9b030a0000, 0x00007f9d84407438, 0x00007f9d84407600, 0x00007f9d84fe1000)
 Metaspace       used 24232K, capacity 24635K, committed 24832K, reserved 26624K
}
Event: 3259.496 GC heap after
{Heap after GC invocations=1749 (full 7):
 def new generation   total 4733056K, used 266226K [0x00007f9058600000, 0x00007f91995b0000, 0x00007f9b030a0000)
  eden space 4207168K,   0% used [0x00007f9058600000, 0x00007f9058600000, 0x00007f9159290000)
  from space 525888K,  50% used [0x00007f9159290000, 0x00007f916968c8a8, 0x00007f9179420000)
  to   space 525888K,   0% used [0x00007f9179420000, 0x00007f9179420000, 0x00007f91995b0000)
 tenured generation   total 10534152K, used 10522587K [0x00007f9b030a0000, 0x00007f9d85fe2000, 0x00007fb058600000)
   the space 10534152K,  99% used [0x00007f9b030a0000, 0x00007f9d85496fb0, 0x00007f9d85497000, 0x00007f9d85fe2000)
 Metaspace       used 24232K, capacity 24635K, committed 24832K, reserved 26624K
}
Event: 3259.496 GC heap before
{Heap before GC invocations=1749 (full 7):
 def new generation   total 4733056K, used 266226K [0x00007f9058600000, 0x00007f91995b0000, 0x00007f9b030a0000)
  eden space 4207168K,   0% used [0x00007f9058600000, 0x00007f9058600000, 0x00007f9159290000)
  from space 525888K,  50% used [0x00007f9159290000, 0x00007f916968c8a8, 0x00007f9179420000)
  to   space 525888K,   0% used [0x00007f9179420000, 0x00007f9179420000, 0x00007f91995b0000)
 tenured generation   total 10534152K, used 10522587K [0x00007f9b030a0000, 0x00007f9d85fe2000, 0x00007fb058600000)
   the space 10534152K,  99% used [0x00007f9b030a0000, 0x00007f9d85496fb0, 0x00007f9d85497000, 0x00007f9d85fe2000)
 Metaspace       used 24232K, capacity 24635K, committed 24832K, reserved 26624K
}

