# JRE version: OpenJDK Runtime Environment (13.0.7+5) (build 13.0.7+5-Ubuntu-0ubuntu120.04)
# Java VM: OpenJDK 64-Bit Server VM (13.0.7+5-Ubuntu-0ubuntu120.04, mixed mode, tiered, serial gc, linux-amd64)
Heap:
 def new generation   total 1049664K, used 61543K [0x00007fadac600000, 0x00007fadf38f0000, 0x00007fb301b50000)
  eden space 933056K,   6% used [0x00007fadac600000, 0x00007fadb0219d88, 0x00007fade5530000)
  from space 116608K,   0% used [0x00007fade5530000, 0x00007fade5530000, 0x00007fadec710000)
  to   space 116608K,   0% used [0x00007fadec710000, 0x00007fadec710000, 0x00007fadf38f0000)
 tenured generation   total 2336320K, used 2336319K [0x00007fb301b50000, 0x00007fb3904e0000, 0x00007fbdac600000)
   the space 2336320K,  99% used [0x00007fb301b50000, 0x00007fb3904dffc0, 0x00007fb3904e0000, 0x00007fb3904e0000)
 Metaspace       used 24287K, capacity 24668K, committed 24832K, reserved 26624K
GC Heap History (20 events):
Event: 318.785 GC heap after
{Heap after GC invocations=815 (full 2):
 def new generation   total 1049664K, used 61517K [0x00007fadac600000, 0x00007fadf38f0000, 0x00007fb301b50000)
  eden space 933056K,   0% used [0x00007fadac600000, 0x00007fadac600000, 0x00007fade5530000)
  from space 116608K,  52% used [0x00007fadec710000, 0x00007fadf03237f8, 0x00007fadf38f0000)
  to   space 116608K,   0% used [0x00007fade5530000, 0x00007fade5530000, 0x00007fadec710000)
 tenured generation   total 2332480K, used 2295888K [0x00007fb301b50000, 0x00007fb390120000, 0x00007fbdac600000)
   the space 2332480K,  98% used [0x00007fb301b50000, 0x00007fb38dd64028, 0x00007fb38dd64200, 0x00007fb390120000)
 Metaspace       used 24287K, capacity 24668K, committed 24832K, reserved 26624K
}
Event: 319.243 GC heap before
{Heap before GC invocations=815 (full 2):
 def new generation   total 1049664K, used 994573K [0x00007fadac600000, 0x00007fadf38f0000, 0x00007fb301b50000)
  eden space 933056K, 100% used [0x00007fadac600000, 0x00007fade5530000, 0x00007fade5530000)
  from space 116608K,  52% used [0x00007fadec710000, 0x00007fadf03237f8, 0x00007fadf38f0000)
  to   space 116608K,   0% used [0x00007fade5530000, 0x00007fade5530000, 0x00007fadec710000)
 tenured generation   total 2332480K, used 2295888K [0x00007fb301b50000, 0x00007fb390120000, 0x00007fbdac600000)
   the space 2332480K,  98% used [0x00007fb301b50000, 0x00007fb38dd64028, 0x00007fb38dd64200, 0x00007fb390120000)
 Metaspace       used 24287K, capacity 24668K, committed 24832K, reserved 26624K
}
Event: 319.353 GC heap after
{Heap after GC invocations=816 (full 2):
 def new generation   total 1049664K, used 62306K [0x00007fadac600000, 0x00007fadf38f0000, 0x00007fb301b50000)
  eden space 933056K,   0% used [0x00007fadac600000, 0x00007fadac600000, 0x00007fade5530000)
  from space 116608K,  53% used [0x00007fade5530000, 0x00007fade9208a98, 0x00007fadec710000)
  to   space 116608K,   0% used [0x00007fadec710000, 0x00007fadec710000, 0x00007fadf38f0000)
 tenured generation   total 2332480K, used 2299385K [0x00007fb301b50000, 0x00007fb390120000, 0x00007fbdac600000)
   the space 2332480K,  98% used [0x00007fb301b50000, 0x00007fb38e0ce680, 0x00007fb38e0ce800, 0x00007fb390120000)
 Metaspace       used 24287K, capacity 24668K, committed 24832K, reserved 26624K
}
Event: 319.803 GC heap before
{Heap before GC invocations=816 (full 2):
 def new generation   total 1049664K, used 995362K [0x00007fadac600000, 0x00007fadf38f0000, 0x00007fb301b50000)
  eden space 933056K, 100% used [0x00007fadac600000, 0x00007fade5530000, 0x00007fade5530000)
  from space 116608K,  53% used [0x00007fade5530000, 0x00007fade9208a98, 0x00007fadec710000)
  to   space 116608K,   0% used [0x00007fadec710000, 0x00007fadec710000, 0x00007fadf38f0000)
 tenured generation   total 2332480K, used 2299385K [0x00007fb301b50000, 0x00007fb390120000, 0x00007fbdac600000)
   the space 2332480K,  98% used [0x00007fb301b50000, 0x00007fb38e0ce680, 0x00007fb38e0ce800, 0x00007fb390120000)
 Metaspace       used 24287K, capacity 24668K, committed 24832K, reserved 26624K
}
Event: 319.918 GC heap after
{Heap after GC invocations=817 (full 2):
 def new generation   total 1049664K, used 59599K [0x00007fadac600000, 0x00007fadf38f0000, 0x00007fb301b50000)
  eden space 933056K,   0% used [0x00007fadac600000, 0x00007fadac600000, 0x00007fade5530000)
  from space 116608K,  51% used [0x00007fadec710000, 0x00007fadf0143d38, 0x00007fadf38f0000)
  to   space 116608K,   0% used [0x00007fade5530000, 0x00007fade5530000, 0x00007fadec710000)
 tenured generation   total 2332480K, used 2306640K [0x00007fb301b50000, 0x00007fb390120000, 0x00007fbdac600000)
   the space 2332480K,  98% used [0x00007fb301b50000, 0x00007fb38e7e42f0, 0x00007fb38e7e4400, 0x00007fb390120000)
 Metaspace       used 24287K, capacity 24668K, committed 24832K, reserved 26624K
}
Event: 320.369 GC heap before
{Heap before GC invocations=817 (full 2):
 def new generation   total 1049664K, used 992655K [0x00007fadac600000, 0x00007fadf38f0000, 0x00007fb301b50000)
  eden space 933056K, 100% used [0x00007fadac600000, 0x00007fade5530000, 0x00007fade5530000)
  from space 116608K,  51% used [0x00007fadec710000, 0x00007fadf0143d38, 0x00007fadf38f0000)
  to   space 116608K,   0% used [0x00007fade5530000, 0x00007fade5530000, 0x00007fadec710000)
 tenured generation   total 2332480K, used 2306640K [0x00007fb301b50000, 0x00007fb390120000, 0x00007fbdac600000)
   the space 2332480K,  98% used [0x00007fb301b50000, 0x00007fb38e7e42f0, 0x00007fb38e7e4400, 0x00007fb390120000)
 Metaspace       used 24287K, capacity 24668K, committed 24832K, reserved 26624K
}
Event: 320.472 GC heap after
{Heap after GC invocations=818 (full 2):
 def new generation   total 1049664K, used 59605K [0x00007fadac600000, 0x00007fadf38f0000, 0x00007fb301b50000)
  eden space 933056K,   0% used [0x00007fadac600000, 0x00007fadac600000, 0x00007fade5530000)
  from space 116608K,  51% used [0x00007fade5530000, 0x00007fade8f655d0, 0x00007fadec710000)
  to   space 116608K,   0% used [0x00007fadec710000, 0x00007fadec710000, 0x00007fadf38f0000)
 tenured generation   total 2332480K, used 2311417K [0x00007fb301b50000, 0x00007fb390120000, 0x00007fbdac600000)
   the space 2332480K,  99% used [0x00007fb301b50000, 0x00007fb38ec8e720, 0x00007fb38ec8e800, 0x00007fb390120000)
 Metaspace       used 24287K, capacity 24668K, committed 24832K, reserved 26624K
}
Event: 320.917 GC heap before
{Heap before GC invocations=818 (full 2):
 def new generation   total 1049664K, used 992661K [0x00007fadac600000, 0x00007fadf38f0000, 0x00007fb301b50000)
  eden space 933056K, 100% used [0x00007fadac600000, 0x00007fade5530000, 0x00007fade5530000)
  from space 116608K,  51% used [0x00007fade5530000, 0x00007fade8f655d0, 0x00007fadec710000)
  to   space 116608K,   0% used [0x00007fadec710000, 0x00007fadec710000, 0x00007fadf38f0000)
 tenured generation   total 2332480K, used 2311417K [0x00007fb301b50000, 0x00007fb390120000, 0x00007fbdac600000)
   the space 2332480K,  99% used [0x00007fb301b50000, 0x00007fb38ec8e720, 0x00007fb38ec8e800, 0x00007fb390120000)
 Metaspace       used 24287K, capacity 24668K, committed 24832K, reserved 26624K
}
Event: 321.030 GC heap after
{Heap after GC invocations=819 (full 2):
 def new generation   total 1049664K, used 59533K [0x00007fadac600000, 0x00007fadf38f0000, 0x00007fb301b50000)
  eden space 933056K,   0% used [0x00007fadac600000, 0x00007fadac600000, 0x00007fade5530000)
  from space 116608K,  51% used [0x00007fadec710000, 0x00007fadf0133620, 0x00007fadf38f0000)
  to   space 116608K,   0% used [0x00007fade5530000, 0x00007fade5530000, 0x00007fadec710000)
 tenured generation   total 2332480K, used 2315959K [0x00007fb301b50000, 0x00007fb390120000, 0x00007fbdac600000)
   the space 2332480K,  99% used [0x00007fb301b50000, 0x00007fb38f0fdc40, 0x00007fb38f0fde00, 0x00007fb390120000)
 Metaspace       used 24287K, capacity 24668K, committed 24832K, reserved 26624K
}
Event: 321.477 GC heap before
{Heap before GC invocations=819 (full 2):
 def new generation   total 1049664K, used 992589K [0x00007fadac600000, 0x00007fadf38f0000, 0x00007fb301b50000)
  eden space 933056K, 100% used [0x00007fadac600000, 0x00007fade5530000, 0x00007fade5530000)
  from space 116608K,  51% used [0x00007fadec710000, 0x00007fadf0133620, 0x00007fadf38f0000)
  to   space 116608K,   0% used [0x00007fade5530000, 0x00007fade5530000, 0x00007fadec710000)
 tenured generation   total 2332480K, used 2315959K [0x00007fb301b50000, 0x00007fb390120000, 0x00007fbdac600000)
   the space 2332480K,  99% used [0x00007fb301b50000, 0x00007fb38f0fdc40, 0x00007fb38f0fde00, 0x00007fb390120000)
 Metaspace       used 24287K, capacity 24668K, committed 24832K, reserved 26624K
}
Event: 321.580 GC heap after
{Heap after GC invocations=820 (full 2):
 def new generation   total 1049664K, used 60805K [0x00007fadac600000, 0x00007fadf38f0000, 0x00007fb301b50000)
  eden space 933056K,   0% used [0x00007fadac600000, 0x00007fadac600000, 0x00007fade5530000)
  from space 116608K,  52% used [0x00007fade5530000, 0x00007fade9091688, 0x00007fadec710000)
  to   space 116608K,   0% used [0x00007fadec710000, 0x00007fadec710000, 0x00007fadf38f0000)
 tenured generation   total 2332480K, used 2319224K [0x00007fb301b50000, 0x00007fb390120000, 0x00007fbdac600000)
   the space 2332480K,  99% used [0x00007fb301b50000, 0x00007fb38f42e118, 0x00007fb38f42e200, 0x00007fb390120000)
 Metaspace       used 24287K, capacity 24668K, committed 24832K, reserved 26624K
}
Event: 322.022 GC heap before
{Heap before GC invocations=820 (full 2):
 def new generation   total 1049664K, used 993861K [0x00007fadac600000, 0x00007fadf38f0000, 0x00007fb301b50000)
  eden space 933056K, 100% used [0x00007fadac600000, 0x00007fade5530000, 0x00007fade5530000)
  from space 116608K,  52% used [0x00007fade5530000, 0x00007fade9091688, 0x00007fadec710000)
  to   space 116608K,   0% used [0x00007fadec710000, 0x00007fadec710000, 0x00007fadf38f0000)
 tenured generation   total 2332480K, used 2319224K [0x00007fb301b50000, 0x00007fb390120000, 0x00007fbdac600000)
   the space 2332480K,  99% used [0x00007fb301b50000, 0x00007fb38f42e118, 0x00007fb38f42e200, 0x00007fb390120000)
 Metaspace       used 24287K, capacity 24668K, committed 24832K, reserved 26624K
}
Event: 322.135 GC heap after
{Heap after GC invocations=821 (full 2):
 def new generation   total 1049664K, used 60213K [0x00007fadac600000, 0x00007fadf38f0000, 0x00007fb301b50000)
  eden space 933056K,   0% used [0x00007fadac600000, 0x00007fadac600000, 0x00007fade5530000)
  from space 116608K,  51% used [0x00007fadec710000, 0x00007fadf01dd5e8, 0x00007fadf38f0000)
  to   space 116608K,   0% used [0x00007fade5530000, 0x00007fade5530000, 0x00007fadec710000)
 tenured generation   total 2332480K, used 2323619K [0x00007fb301b50000, 0x00007fb390120000, 0x00007fbdac600000)
   the space 2332480K,  99% used [0x00007fb301b50000, 0x00007fb38f878d30, 0x00007fb38f878e00, 0x00007fb390120000)
 Metaspace       used 24287K, capacity 24668K, committed 24832K, reserved 26624K
}
Event: 322.584 GC heap before
{Heap before GC invocations=821 (full 2):
 def new generation   total 1049664K, used 993269K [0x00007fadac600000, 0x00007fadf38f0000, 0x00007fb301b50000)
  eden space 933056K, 100% used [0x00007fadac600000, 0x00007fade5530000, 0x00007fade5530000)
  from space 116608K,  51% used [0x00007fadec710000, 0x00007fadf01dd5e8, 0x00007fadf38f0000)
  to   space 116608K,   0% used [0x00007fade5530000, 0x00007fade5530000, 0x00007fadec710000)
 tenured generation   total 2332480K, used 2323619K [0x00007fb301b50000, 0x00007fb390120000, 0x00007fbdac600000)
   the space 2332480K,  99% used [0x00007fb301b50000, 0x00007fb38f878d30, 0x00007fb38f878e00, 0x00007fb390120000)
 Metaspace       used 24287K, capacity 24668K, committed 24832K, reserved 26624K
}
Event: 322.689 GC heap after
{Heap after GC invocations=822 (full 2):
 def new generation   total 1049664K, used 61483K [0x00007fadac600000, 0x00007fadf38f0000, 0x00007fb301b50000)
  eden space 933056K,   0% used [0x00007fadac600000, 0x00007fadac600000, 0x00007fade5530000)
  from space 116608K,  52% used [0x00007fade5530000, 0x00007fade913ac88, 0x00007fadec710000)
  to   space 116608K,   0% used [0x00007fadec710000, 0x00007fadec710000, 0x00007fadf38f0000)
 tenured generation   total 2332480K, used 2327341K [0x00007fb301b50000, 0x00007fb390120000, 0x00007fbdac600000)
   the space 2332480K,  99% used [0x00007fb301b50000, 0x00007fb38fc1b5b0, 0x00007fb38fc1b600, 0x00007fb390120000)
 Metaspace       used 24287K, capacity 24668K, committed 24832K, reserved 26624K
}
Event: 323.140 GC heap before
{Heap before GC invocations=822 (full 2):
 def new generation   total 1049664K, used 994539K [0x00007fadac600000, 0x00007fadf38f0000, 0x00007fb301b50000)
  eden space 933056K, 100% used [0x00007fadac600000, 0x00007fade5530000, 0x00007fade5530000)
  from space 116608K,  52% used [0x00007fade5530000, 0x00007fade913ac88, 0x00007fadec710000)
  to   space 116608K,   0% used [0x00007fadec710000, 0x00007fadec710000, 0x00007fadf38f0000)
 tenured generation   total 2332480K, used 2327341K [0x00007fb301b50000, 0x00007fb390120000, 0x00007fbdac600000)
   the space 2332480K,  99% used [0x00007fb301b50000, 0x00007fb38fc1b5b0, 0x00007fb38fc1b600, 0x00007fb390120000)
 Metaspace       used 24287K, capacity 24668K, committed 24832K, reserved 26624K
}
Event: 323.257 GC heap after
{Heap after GC invocations=823 (full 2):
 def new generation   total 1049664K, used 60380K [0x00007fadac600000, 0x00007fadf38f0000, 0x00007fb301b50000)
  eden space 933056K,   0% used [0x00007fadac600000, 0x00007fadac600000, 0x00007fade5530000)
  from space 116608K,  51% used [0x00007fadec710000, 0x00007fadf0207080, 0x00007fadf38f0000)
  to   space 116608K,   0% used [0x00007fade5530000, 0x00007fade5530000, 0x00007fadec710000)
 tenured generation   total 2332480K, used 2332392K [0x00007fb301b50000, 0x00007fb390120000, 0x00007fbdac600000)
   the space 2332480K,  99% used [0x00007fb301b50000, 0x00007fb39010a3d0, 0x00007fb39010a400, 0x00007fb390120000)
 Metaspace       used 24287K, capacity 24668K, committed 24832K, reserved 26624K
}
Event: 323.705 GC heap before
{Heap before GC invocations=823 (full 2):
 def new generation   total 1049664K, used 993436K [0x00007fadac600000, 0x00007fadf38f0000, 0x00007fb301b50000)
  eden space 933056K, 100% used [0x00007fadac600000, 0x00007fade5530000, 0x00007fade5530000)
  from space 116608K,  51% used [0x00007fadec710000, 0x00007fadf0207080, 0x00007fadf38f0000)
  to   space 116608K,   0% used [0x00007fade5530000, 0x00007fade5530000, 0x00007fadec710000)
 tenured generation   total 2332480K, used 2332392K [0x00007fb301b50000, 0x00007fb390120000, 0x00007fbdac600000)
   the space 2332480K,  99% used [0x00007fb301b50000, 0x00007fb39010a3d0, 0x00007fb39010a400, 0x00007fb390120000)
 Metaspace       used 24287K, capacity 24668K, committed 24832K, reserved 26624K
}
Event: 323.811 GC heap after
{Heap after GC invocations=824 (full 2):
 def new generation   total 1049664K, used 61667K [0x00007fadac600000, 0x00007fadf38f0000, 0x00007fb301b50000)
  eden space 933056K,   0% used [0x00007fadac600000, 0x00007fadac600000, 0x00007fade5530000)
  from space 116608K,  52% used [0x00007fade5530000, 0x00007fade9168ee0, 0x00007fadec710000)
  to   space 116608K,   0% used [0x00007fadec710000, 0x00007fadec710000, 0x00007fadf38f0000)
 tenured generation   total 2336320K, used 2336195K [0x00007fb301b50000, 0x00007fb3904e0000, 0x00007fbdac600000)
   the space 2336320K,  99% used [0x00007fb301b50000, 0x00007fb3904c0e68, 0x00007fb3904c1000, 0x00007fb3904e0000)
 Metaspace       used 24287K, capacity 24668K, committed 24832K, reserved 26624K
}
Event: 323.811 GC heap before
{Heap before GC invocations=824 (full 2):
 def new generation   total 1049664K, used 61667K [0x00007fadac600000, 0x00007fadf38f0000, 0x00007fb301b50000)
  eden space 933056K,   0% used [0x00007fadac600000, 0x00007fadac600000, 0x00007fade5530000)
  from space 116608K,  52% used [0x00007fade5530000, 0x00007fade9168ee0, 0x00007fadec710000)
  to   space 116608K,   0% used [0x00007fadec710000, 0x00007fadec710000, 0x00007fadf38f0000)
 tenured generation   total 2336320K, used 2336195K [0x00007fb301b50000, 0x00007fb3904e0000, 0x00007fbdac600000)
   the space 2336320K,  99% used [0x00007fb301b50000, 0x00007fb3904c0e68, 0x00007fb3904c1000, 0x00007fb3904e0000)
 Metaspace       used 24287K, capacity 24668K, committed 24832K, reserved 26624K
}

