# JRE version: OpenJDK Runtime Environment (13.0.7+5) (build 13.0.7+5-Ubuntu-0ubuntu120.04)
# Java VM: OpenJDK 64-Bit Server VM (13.0.7+5-Ubuntu-0ubuntu120.04, mixed mode, tiered, serial gc, linux-amd64)
Heap:
 def new generation   total 1048832K, used 4762K [0x00007fae08600000, 0x00007fae4f800000, 0x00007fb35db50000)
  eden space 932352K,   0% used [0x00007fae08600000, 0x00007fae08aa6b68, 0x00007fae41480000)
  from space 116480K,   0% used [0x00007fae41480000, 0x00007fae41480000, 0x00007fae48640000)
  to   space 116480K,   0% used [0x00007fae48640000, 0x00007fae48640000, 0x00007fae4f800000)
 tenured generation   total 2330752K, used 2330752K [0x00007fb35db50000, 0x00007fb3ebf70000, 0x00007fbe08600000)
   the space 2330752K, 100% used [0x00007fb35db50000, 0x00007fb3ebf70000, 0x00007fb3ebf70000, 0x00007fb3ebf70000)
 Metaspace       used 24362K, capacity 24776K, committed 24832K, reserved 26624K
GC Heap History (20 events):
Event: 4644.980 GC heap after
{Heap after GC invocations=10121 (full 2):
 def new generation   total 1048832K, used 4829K [0x00007fae08600000, 0x00007fae4f800000, 0x00007fb35db50000)
  eden space 932352K,   0% used [0x00007fae08600000, 0x00007fae08600000, 0x00007fae41480000)
  from space 116480K,   4% used [0x00007fae48640000, 0x00007fae48af75a8, 0x00007fae4f800000)
  to   space 116480K,   0% used [0x00007fae41480000, 0x00007fae41480000, 0x00007fae48640000)
 tenured generation   total 2330560K, used 2327807K [0x00007fb35db50000, 0x00007fb3ebf40000, 0x00007fbe08600000)
   the space 2330560K,  99% used [0x00007fb35db50000, 0x00007fb3ebc8fed0, 0x00007fb3ebc90000, 0x00007fb3ebf40000)
 Metaspace       used 24362K, capacity 24776K, committed 24832K, reserved 26624K
}
Event: 4645.548 GC heap before
{Heap before GC invocations=10121 (full 2):
 def new generation   total 1048832K, used 937181K [0x00007fae08600000, 0x00007fae4f800000, 0x00007fb35db50000)
  eden space 932352K, 100% used [0x00007fae08600000, 0x00007fae41480000, 0x00007fae41480000)
  from space 116480K,   4% used [0x00007fae48640000, 0x00007fae48af75a8, 0x00007fae4f800000)
  to   space 116480K,   0% used [0x00007fae41480000, 0x00007fae41480000, 0x00007fae48640000)
 tenured generation   total 2330560K, used 2327807K [0x00007fb35db50000, 0x00007fb3ebf40000, 0x00007fbe08600000)
   the space 2330560K,  99% used [0x00007fb35db50000, 0x00007fb3ebc8fed0, 0x00007fb3ebc90000, 0x00007fb3ebf40000)
 Metaspace       used 24362K, capacity 24776K, committed 24832K, reserved 26624K
}
Event: 4645.558 GC heap after
{Heap after GC invocations=10122 (full 2):
 def new generation   total 1048832K, used 4841K [0x00007fae08600000, 0x00007fae4f800000, 0x00007fb35db50000)
  eden space 932352K,   0% used [0x00007fae08600000, 0x00007fae08600000, 0x00007fae41480000)
  from space 116480K,   4% used [0x00007fae41480000, 0x00007fae4193a7f0, 0x00007fae48640000)
  to   space 116480K,   0% used [0x00007fae48640000, 0x00007fae48640000, 0x00007fae4f800000)
 tenured generation   total 2330560K, used 2328121K [0x00007fb35db50000, 0x00007fb3ebf40000, 0x00007fbe08600000)
   the space 2330560K,  99% used [0x00007fb35db50000, 0x00007fb3ebcde7d0, 0x00007fb3ebcde800, 0x00007fb3ebf40000)
 Metaspace       used 24362K, capacity 24776K, committed 24832K, reserved 26624K
}
Event: 4646.158 GC heap before
{Heap before GC invocations=10122 (full 2):
 def new generation   total 1048832K, used 937193K [0x00007fae08600000, 0x00007fae4f800000, 0x00007fb35db50000)
  eden space 932352K, 100% used [0x00007fae08600000, 0x00007fae41480000, 0x00007fae41480000)
  from space 116480K,   4% used [0x00007fae41480000, 0x00007fae4193a7f0, 0x00007fae48640000)
  to   space 116480K,   0% used [0x00007fae48640000, 0x00007fae48640000, 0x00007fae4f800000)
 tenured generation   total 2330560K, used 2328121K [0x00007fb35db50000, 0x00007fb3ebf40000, 0x00007fbe08600000)
   the space 2330560K,  99% used [0x00007fb35db50000, 0x00007fb3ebcde7d0, 0x00007fb3ebcde800, 0x00007fb3ebf40000)
 Metaspace       used 24362K, capacity 24776K, committed 24832K, reserved 26624K
}
Event: 4646.169 GC heap after
{Heap after GC invocations=10123 (full 2):
 def new generation   total 1048832K, used 4829K [0x00007fae08600000, 0x00007fae4f800000, 0x00007fb35db50000)
  eden space 932352K,   0% used [0x00007fae08600000, 0x00007fae08600000, 0x00007fae41480000)
  from space 116480K,   4% used [0x00007fae48640000, 0x00007fae48af75a8, 0x00007fae4f800000)
  to   space 116480K,   0% used [0x00007fae41480000, 0x00007fae41480000, 0x00007fae48640000)
 tenured generation   total 2330560K, used 2328449K [0x00007fb35db50000, 0x00007fb3ebf40000, 0x00007fbe08600000)
   the space 2330560K,  99% used [0x00007fb35db50000, 0x00007fb3ebd30530, 0x00007fb3ebd30600, 0x00007fb3ebf40000)
 Metaspace       used 24362K, capacity 24776K, committed 24832K, reserved 26624K
}
Event: 4646.839 GC heap before
{Heap before GC invocations=10123 (full 2):
 def new generation   total 1048832K, used 937181K [0x00007fae08600000, 0x00007fae4f800000, 0x00007fb35db50000)
  eden space 932352K, 100% used [0x00007fae08600000, 0x00007fae41480000, 0x00007fae41480000)
  from space 116480K,   4% used [0x00007fae48640000, 0x00007fae48af75a8, 0x00007fae4f800000)
  to   space 116480K,   0% used [0x00007fae41480000, 0x00007fae41480000, 0x00007fae48640000)
 tenured generation   total 2330560K, used 2328449K [0x00007fb35db50000, 0x00007fb3ebf40000, 0x00007fbe08600000)
   the space 2330560K,  99% used [0x00007fb35db50000, 0x00007fb3ebd30530, 0x00007fb3ebd30600, 0x00007fb3ebf40000)
 Metaspace       used 24362K, capacity 24776K, committed 24832K, reserved 26624K
}
Event: 4646.851 GC heap after
{Heap after GC invocations=10124 (full 2):
 def new generation   total 1048832K, used 4842K [0x00007fae08600000, 0x00007fae4f800000, 0x00007fb35db50000)
  eden space 932352K,   0% used [0x00007fae08600000, 0x00007fae08600000, 0x00007fae41480000)
  from space 116480K,   4% used [0x00007fae41480000, 0x00007fae4193a8b0, 0x00007fae48640000)
  to   space 116480K,   0% used [0x00007fae48640000, 0x00007fae48640000, 0x00007fae4f800000)
 tenured generation   total 2330560K, used 2328763K [0x00007fb35db50000, 0x00007fb3ebf40000, 0x00007fbe08600000)
   the space 2330560K,  99% used [0x00007fb35db50000, 0x00007fb3ebd7ee30, 0x00007fb3ebd7f000, 0x00007fb3ebf40000)
 Metaspace       used 24362K, capacity 24776K, committed 24832K, reserved 26624K
}
Event: 4647.428 GC heap before
{Heap before GC invocations=10124 (full 2):
 def new generation   total 1048832K, used 937194K [0x00007fae08600000, 0x00007fae4f800000, 0x00007fb35db50000)
  eden space 932352K, 100% used [0x00007fae08600000, 0x00007fae41480000, 0x00007fae41480000)
  from space 116480K,   4% used [0x00007fae41480000, 0x00007fae4193a8b0, 0x00007fae48640000)
  to   space 116480K,   0% used [0x00007fae48640000, 0x00007fae48640000, 0x00007fae4f800000)
 tenured generation   total 2330560K, used 2328763K [0x00007fb35db50000, 0x00007fb3ebf40000, 0x00007fbe08600000)
   the space 2330560K,  99% used [0x00007fb35db50000, 0x00007fb3ebd7ee30, 0x00007fb3ebd7f000, 0x00007fb3ebf40000)
 Metaspace       used 24362K, capacity 24776K, committed 24832K, reserved 26624K
}
Event: 4647.438 GC heap after
{Heap after GC invocations=10125 (full 2):
 def new generation   total 1048832K, used 4841K [0x00007fae08600000, 0x00007fae4f800000, 0x00007fb35db50000)
  eden space 932352K,   0% used [0x00007fae08600000, 0x00007fae08600000, 0x00007fae41480000)
  from space 116480K,   4% used [0x00007fae48640000, 0x00007fae48afa610, 0x00007fae4f800000)
  to   space 116480K,   0% used [0x00007fae41480000, 0x00007fae41480000, 0x00007fae48640000)
 tenured generation   total 2330560K, used 2329090K [0x00007fb35db50000, 0x00007fb3ebf40000, 0x00007fbe08600000)
   the space 2330560K,  99% used [0x00007fb35db50000, 0x00007fb3ebdd0b90, 0x00007fb3ebdd0c00, 0x00007fb3ebf40000)
 Metaspace       used 24362K, capacity 24776K, committed 24832K, reserved 26624K
}
Event: 4648.039 GC heap before
{Heap before GC invocations=10125 (full 2):
 def new generation   total 1048832K, used 937193K [0x00007fae08600000, 0x00007fae4f800000, 0x00007fb35db50000)
  eden space 932352K, 100% used [0x00007fae08600000, 0x00007fae41480000, 0x00007fae41480000)
  from space 116480K,   4% used [0x00007fae48640000, 0x00007fae48afa610, 0x00007fae4f800000)
  to   space 116480K,   0% used [0x00007fae41480000, 0x00007fae41480000, 0x00007fae48640000)
 tenured generation   total 2330560K, used 2329090K [0x00007fb35db50000, 0x00007fb3ebf40000, 0x00007fbe08600000)
   the space 2330560K,  99% used [0x00007fb35db50000, 0x00007fb3ebdd0b90, 0x00007fb3ebdd0c00, 0x00007fb3ebf40000)
 Metaspace       used 24362K, capacity 24776K, committed 24832K, reserved 26624K
}
Event: 4648.047 GC heap after
{Heap after GC invocations=10126 (full 2):
 def new generation   total 1048832K, used 4840K [0x00007fae08600000, 0x00007fae4f800000, 0x00007fb35db50000)
  eden space 932352K,   0% used [0x00007fae08600000, 0x00007fae08600000, 0x00007fae41480000)
  from space 116480K,   4% used [0x00007fae41480000, 0x00007fae4193a1f8, 0x00007fae48640000)
  to   space 116480K,   0% used [0x00007fae48640000, 0x00007fae48640000, 0x00007fae4f800000)
 tenured generation   total 2330560K, used 2329405K [0x00007fb35db50000, 0x00007fb3ebf40000, 0x00007fbe08600000)
   the space 2330560K,  99% used [0x00007fb35db50000, 0x00007fb3ebe1f490, 0x00007fb3ebe1f600, 0x00007fb3ebf40000)
 Metaspace       used 24362K, capacity 24776K, committed 24832K, reserved 26624K
}
Event: 4648.715 GC heap before
{Heap before GC invocations=10126 (full 2):
 def new generation   total 1048832K, used 937192K [0x00007fae08600000, 0x00007fae4f800000, 0x00007fb35db50000)
  eden space 932352K, 100% used [0x00007fae08600000, 0x00007fae41480000, 0x00007fae41480000)
  from space 116480K,   4% used [0x00007fae41480000, 0x00007fae4193a1f8, 0x00007fae48640000)
  to   space 116480K,   0% used [0x00007fae48640000, 0x00007fae48640000, 0x00007fae4f800000)
 tenured generation   total 2330560K, used 2329405K [0x00007fb35db50000, 0x00007fb3ebf40000, 0x00007fbe08600000)
   the space 2330560K,  99% used [0x00007fb35db50000, 0x00007fb3ebe1f490, 0x00007fb3ebe1f600, 0x00007fb3ebf40000)
 Metaspace       used 24362K, capacity 24776K, committed 24832K, reserved 26624K
}
Event: 4648.726 GC heap after
{Heap after GC invocations=10127 (full 2):
 def new generation   total 1048832K, used 4827K [0x00007fae08600000, 0x00007fae4f800000, 0x00007fb35db50000)
  eden space 932352K,   0% used [0x00007fae08600000, 0x00007fae08600000, 0x00007fae41480000)
  from space 116480K,   4% used [0x00007fae48640000, 0x00007fae48af6fc0, 0x00007fae4f800000)
  to   space 116480K,   0% used [0x00007fae41480000, 0x00007fae41480000, 0x00007fae48640000)
 tenured generation   total 2330560K, used 2329732K [0x00007fb35db50000, 0x00007fb3ebf40000, 0x00007fbe08600000)
   the space 2330560K,  99% used [0x00007fb35db50000, 0x00007fb3ebe711f0, 0x00007fb3ebe71200, 0x00007fb3ebf40000)
 Metaspace       used 24362K, capacity 24776K, committed 24832K, reserved 26624K
}
Event: 4649.352 GC heap before
{Heap before GC invocations=10127 (full 2):
 def new generation   total 1048832K, used 937179K [0x00007fae08600000, 0x00007fae4f800000, 0x00007fb35db50000)
  eden space 932352K, 100% used [0x00007fae08600000, 0x00007fae41480000, 0x00007fae41480000)
  from space 116480K,   4% used [0x00007fae48640000, 0x00007fae48af6fc0, 0x00007fae4f800000)
  to   space 116480K,   0% used [0x00007fae41480000, 0x00007fae41480000, 0x00007fae48640000)
 tenured generation   total 2330560K, used 2329732K [0x00007fb35db50000, 0x00007fb3ebf40000, 0x00007fbe08600000)
   the space 2330560K,  99% used [0x00007fb35db50000, 0x00007fb3ebe711f0, 0x00007fb3ebe71200, 0x00007fb3ebf40000)
 Metaspace       used 24362K, capacity 24776K, committed 24832K, reserved 26624K
}
Event: 4649.361 GC heap after
{Heap after GC invocations=10128 (full 2):
 def new generation   total 1048832K, used 4840K [0x00007fae08600000, 0x00007fae4f800000, 0x00007fb35db50000)
  eden space 932352K,   0% used [0x00007fae08600000, 0x00007fae08600000, 0x00007fae41480000)
  from space 116480K,   4% used [0x00007fae41480000, 0x00007fae4193a3d8, 0x00007fae48640000)
  to   space 116480K,   0% used [0x00007fae48640000, 0x00007fae48640000, 0x00007fae4f800000)
 tenured generation   total 2330560K, used 2330046K [0x00007fb35db50000, 0x00007fb3ebf40000, 0x00007fbe08600000)
   the space 2330560K,  99% used [0x00007fb35db50000, 0x00007fb3ebebfaf0, 0x00007fb3ebebfc00, 0x00007fb3ebf40000)
 Metaspace       used 24362K, capacity 24776K, committed 24832K, reserved 26624K
}
Event: 4649.946 GC heap before
{Heap before GC invocations=10128 (full 2):
 def new generation   total 1048832K, used 937192K [0x00007fae08600000, 0x00007fae4f800000, 0x00007fb35db50000)
  eden space 932352K, 100% used [0x00007fae08600000, 0x00007fae41480000, 0x00007fae41480000)
  from space 116480K,   4% used [0x00007fae41480000, 0x00007fae4193a3d8, 0x00007fae48640000)
  to   space 116480K,   0% used [0x00007fae48640000, 0x00007fae48640000, 0x00007fae4f800000)
 tenured generation   total 2330560K, used 2330046K [0x00007fb35db50000, 0x00007fb3ebf40000, 0x00007fbe08600000)
   the space 2330560K,  99% used [0x00007fb35db50000, 0x00007fb3ebebfaf0, 0x00007fb3ebebfc00, 0x00007fb3ebf40000)
 Metaspace       used 24362K, capacity 24776K, committed 24832K, reserved 26624K
}
Event: 4649.957 GC heap after
{Heap after GC invocations=10129 (full 2):
 def new generation   total 1048832K, used 4828K [0x00007fae08600000, 0x00007fae4f800000, 0x00007fb35db50000)
  eden space 932352K,   0% used [0x00007fae08600000, 0x00007fae08600000, 0x00007fae41480000)
  from space 116480K,   4% used [0x00007fae48640000, 0x00007fae48af71f8, 0x00007fae4f800000)
  to   space 116480K,   0% used [0x00007fae41480000, 0x00007fae41480000, 0x00007fae48640000)
 tenured generation   total 2330560K, used 2330374K [0x00007fb35db50000, 0x00007fb3ebf40000, 0x00007fbe08600000)
   the space 2330560K,  99% used [0x00007fb35db50000, 0x00007fb3ebf11850, 0x00007fb3ebf11a00, 0x00007fb3ebf40000)
 Metaspace       used 24362K, capacity 24776K, committed 24832K, reserved 26624K
}
Event: 4650.571 GC heap before
{Heap before GC invocations=10129 (full 2):
 def new generation   total 1048832K, used 937180K [0x00007fae08600000, 0x00007fae4f800000, 0x00007fb35db50000)
  eden space 932352K, 100% used [0x00007fae08600000, 0x00007fae41480000, 0x00007fae41480000)
  from space 116480K,   4% used [0x00007fae48640000, 0x00007fae48af71f8, 0x00007fae4f800000)
  to   space 116480K,   0% used [0x00007fae41480000, 0x00007fae41480000, 0x00007fae48640000)
 tenured generation   total 2330560K, used 2330374K [0x00007fb35db50000, 0x00007fb3ebf40000, 0x00007fbe08600000)
   the space 2330560K,  99% used [0x00007fb35db50000, 0x00007fb3ebf11850, 0x00007fb3ebf11a00, 0x00007fb3ebf40000)
 Metaspace       used 24362K, capacity 24776K, committed 24832K, reserved 26624K
}
Event: 4650.584 GC heap after
{Heap after GC invocations=10130 (full 2):
 def new generation   total 1048832K, used 4841K [0x00007fae08600000, 0x00007fae4f800000, 0x00007fb35db50000)
  eden space 932352K,   0% used [0x00007fae08600000, 0x00007fae08600000, 0x00007fae41480000)
  from space 116480K,   4% used [0x00007fae41480000, 0x00007fae4193a588, 0x00007fae48640000)
  to   space 116480K,   0% used [0x00007fae48640000, 0x00007fae48640000, 0x00007fae4f800000)
 tenured generation   total 2330752K, used 2330688K [0x00007fb35db50000, 0x00007fb3ebf70000, 0x00007fbe08600000)
   the space 2330752K,  99% used [0x00007fb35db50000, 0x00007fb3ebf60150, 0x00007fb3ebf60200, 0x00007fb3ebf70000)
 Metaspace       used 24362K, capacity 24776K, committed 24832K, reserved 26624K
}
Event: 4650.584 GC heap before
{Heap before GC invocations=10130 (full 2):
 def new generation   total 1048832K, used 4841K [0x00007fae08600000, 0x00007fae4f800000, 0x00007fb35db50000)
  eden space 932352K,   0% used [0x00007fae08600000, 0x00007fae08600000, 0x00007fae41480000)
  from space 116480K,   4% used [0x00007fae41480000, 0x00007fae4193a588, 0x00007fae48640000)
  to   space 116480K,   0% used [0x00007fae48640000, 0x00007fae48640000, 0x00007fae4f800000)
 tenured generation   total 2330752K, used 2330688K [0x00007fb35db50000, 0x00007fb3ebf70000, 0x00007fbe08600000)
   the space 2330752K,  99% used [0x00007fb35db50000, 0x00007fb3ebf60150, 0x00007fb3ebf60200, 0x00007fb3ebf70000)
 Metaspace       used 24362K, capacity 24776K, committed 24832K, reserved 26624K
}

