# JRE version: OpenJDK Runtime Environment (13.0.7+5) (build 13.0.7+5-Ubuntu-0ubuntu120.04)
# Java VM: OpenJDK 64-Bit Server VM (13.0.7+5-Ubuntu-0ubuntu120.04, mixed mode, tiered, serial gc, linux-amd64)
Heap:
 def new generation   total 11684608K, used 1298164K [0x00007f9278600000, 0x00007f9590c90000, 0x00007f97cdb50000)
  eden space 10386368K,  12% used [0x00007f9278600000, 0x00007f92c79bd160, 0x00007f94f24f0000)
  from space 1298240K,   0% used [0x00007f94f24f0000, 0x00007f94f24f0000, 0x00007f95418c0000)
  to   space 1298240K,   0% used [0x00007f95418c0000, 0x00007f95418c0000, 0x00007f9590c90000)
 tenured generation   total 27468036K, used 27468035K [0x00007f97cdb50000, 0x00007f9e5a391000, 0x00007fa278600000)
   the space 27468036K,  99% used [0x00007f97cdb50000, 0x00007f9e5a390ff8, 0x00007f9e5a391000, 0x00007f9e5a391000)
 Metaspace       used 30617K, capacity 31036K, committed 31232K, reserved 32768K
GC Heap History (20 events):
Event: 208.627 GC heap after
{Heap after GC invocations=39 (full 4):
 def new generation   total 6413184K, used 415321K [0x00007f9278600000, 0x00007f942b4b0000, 0x00007f97cdb50000)
  eden space 5700672K,   0% used [0x00007f9278600000, 0x00007f9278600000, 0x00007f93d4510000)
  from space 712512K,  58% used [0x00007f93ffce0000, 0x00007f94192767d8, 0x00007f942b4b0000)
  to   space 712512K,   0% used [0x00007f93d4510000, 0x00007f93d4510000, 0x00007f93ffce0000)
 tenured generation   total 14251316K, used 12423814K [0x00007f97cdb50000, 0x00007f9b3389d000, 0x00007fa278600000)
   the space 14251316K,  87% used [0x00007f97cdb50000, 0x00007f9ac3ff19b8, 0x00007f9ac3ff1a00, 0x00007f9b3389d000)
 Metaspace       used 30617K, capacity 31036K, committed 31232K, reserved 32768K
}
Event: 212.931 GC heap before
{Heap before GC invocations=39 (full 4):
 def new generation   total 6413184K, used 6115993K [0x00007f9278600000, 0x00007f942b4b0000, 0x00007f97cdb50000)
  eden space 5700672K, 100% used [0x00007f9278600000, 0x00007f93d4510000, 0x00007f93d4510000)
  from space 712512K,  58% used [0x00007f93ffce0000, 0x00007f94192767d8, 0x00007f942b4b0000)
  to   space 712512K,   0% used [0x00007f93d4510000, 0x00007f93d4510000, 0x00007f93ffce0000)
 tenured generation   total 14251316K, used 12423814K [0x00007f97cdb50000, 0x00007f9b3389d000, 0x00007fa278600000)
   the space 14251316K,  87% used [0x00007f97cdb50000, 0x00007f9ac3ff19b8, 0x00007f9ac3ff1a00, 0x00007f9b3389d000)
 Metaspace       used 30617K, capacity 31036K, committed 31232K, reserved 32768K
}
Event: 214.329 GC heap after
{Heap after GC invocations=40 (full 4):
 def new generation   total 6413184K, used 712512K [0x00007f9278600000, 0x00007f942b4b0000, 0x00007f97cdb50000)
  eden space 5700672K,   0% used [0x00007f9278600000, 0x00007f9278600000, 0x00007f93d4510000)
  from space 712512K, 100% used [0x00007f93d4510000, 0x00007f93ffce0000, 0x00007f93ffce0000)
  to   space 712512K,   0% used [0x00007f93ffce0000, 0x00007f93ffce0000, 0x00007f942b4b0000)
 tenured generation   total 14251316K, used 12843518K [0x00007f97cdb50000, 0x00007f9b3389d000, 0x00007fa278600000)
   the space 14251316K,  90% used [0x00007f97cdb50000, 0x00007f9add9cf9d8, 0x00007f9add9cfa00, 0x00007f9b3389d000)
 Metaspace       used 30617K, capacity 31036K, committed 31232K, reserved 32768K
}
Event: 661.793 GC heap before
{Heap before GC invocations=40 (full 4):
 def new generation   total 6413184K, used 6413184K [0x00007f9278600000, 0x00007f942b4b0000, 0x00007f97cdb50000)
  eden space 5700672K, 100% used [0x00007f9278600000, 0x00007f93d4510000, 0x00007f93d4510000)
  from space 712512K, 100% used [0x00007f93d4510000, 0x00007f93ffce0000, 0x00007f93ffce0000)
  to   space 712512K,   0% used [0x00007f93ffce0000, 0x00007f93ffce0000, 0x00007f942b4b0000)
 tenured generation   total 14251316K, used 12843518K [0x00007f97cdb50000, 0x00007f9b3389d000, 0x00007fa278600000)
   the space 14251316K,  90% used [0x00007f97cdb50000, 0x00007f9add9cf9d8, 0x00007f9add9cfa00, 0x00007f9b3389d000)
 Metaspace       used 30617K, capacity 31036K, committed 31232K, reserved 32768K
}
Event: 668.144 GC heap after
{Heap after GC invocations=41 (full 4):
 def new generation   total 6413184K, used 712511K [0x00007f9278600000, 0x00007f942b4b0000, 0x00007f97cdb50000)
  eden space 5700672K,   0% used [0x00007f9278600000, 0x00007f9278600000, 0x00007f93d4510000)
  from space 712512K,  99% used [0x00007f93ffce0000, 0x00007f942b4afff8, 0x00007f942b4b0000)
  to   space 712512K,   0% used [0x00007f93d4510000, 0x00007f93d4510000, 0x00007f93ffce0000)
 tenured generation   total 15579380K, used 15579262K [0x00007f97cdb50000, 0x00007f9b8498d000, 0x00007fa278600000)
   the space 15579380K,  99% used [0x00007f97cdb50000, 0x00007f9b8496fb20, 0x00007f9b8496fc00, 0x00007f9b8498d000)
 Metaspace       used 30617K, capacity 31036K, committed 31232K, reserved 32768K
}
Event: 668.144 GC heap before
{Heap before GC invocations=41 (full 4):
 def new generation   total 6413184K, used 712511K [0x00007f9278600000, 0x00007f942b4b0000, 0x00007f97cdb50000)
  eden space 5700672K,   0% used [0x00007f9278600000, 0x00007f9278600000, 0x00007f93d4510000)
  from space 712512K,  99% used [0x00007f93ffce0000, 0x00007f942b4afff8, 0x00007f942b4b0000)
  to   space 712512K,   0% used [0x00007f93d4510000, 0x00007f93d4510000, 0x00007f93ffce0000)
 tenured generation   total 15579380K, used 15579262K [0x00007f97cdb50000, 0x00007f9b8498d000, 0x00007fa278600000)
   the space 15579380K,  99% used [0x00007f97cdb50000, 0x00007f9b8496fb20, 0x00007f9b8496fc00, 0x00007f9b8498d000)
 Metaspace       used 30617K, capacity 31036K, committed 31232K, reserved 32768K
}
Event: 696.730 GC heap after
{Heap after GC invocations=41 (full 5):
 def new generation   total 11684608K, used 85163K [0x00007f9278600000, 0x00007f9590c90000, 0x00007f97cdb50000)
  eden space 10386368K,   0% used [0x00007f9278600000, 0x00007f927d92ad28, 0x00007f94f24f0000)
  from space 1298240K,   0% used [0x00007f94f24f0000, 0x00007f94f24f0000, 0x00007f95418c0000)
  to   space 1298240K,   0% used [0x00007f95418c0000, 0x00007f95418c0000, 0x00007f9590c90000)
 tenured generation   total 25965636K, used 15579379K [0x00007f97cdb50000, 0x00007f9dfe861000, 0x00007fa278600000)
   the space 25965636K,  59% used [0x00007f97cdb50000, 0x00007f9b8498cfe0, 0x00007f9b8498d000, 0x00007f9dfe861000)
 Metaspace       used 30617K, capacity 31036K, committed 31232K, reserved 32768K
}
Event: 1687.741 GC heap before
{Heap before GC invocations=41 (full 5):
 def new generation   total 11684608K, used 10386368K [0x00007f9278600000, 0x00007f9590c90000, 0x00007f97cdb50000)
  eden space 10386368K, 100% used [0x00007f9278600000, 0x00007f94f24f0000, 0x00007f94f24f0000)
  from space 1298240K,   0% used [0x00007f94f24f0000, 0x00007f94f24f0000, 0x00007f95418c0000)
  to   space 1298240K,   0% used [0x00007f95418c0000, 0x00007f95418c0000, 0x00007f9590c90000)
 tenured generation   total 25965636K, used 15579379K [0x00007f97cdb50000, 0x00007f9dfe861000, 0x00007fa278600000)
   the space 25965636K,  59% used [0x00007f97cdb50000, 0x00007f9b8498cfe0, 0x00007f9b8498d000, 0x00007f9dfe861000)
 Metaspace       used 30617K, capacity 31036K, committed 31232K, reserved 32768K
}
Event: 1695.548 GC heap after
{Heap after GC invocations=42 (full 5):
 def new generation   total 11684608K, used 1298239K [0x00007f9278600000, 0x00007f9590c90000, 0x00007f97cdb50000)
  eden space 10386368K,   0% used [0x00007f9278600000, 0x00007f9278600000, 0x00007f94f24f0000)
  from space 1298240K,  99% used [0x00007f95418c0000, 0x00007f9590c8fff8, 0x00007f9590c90000)
  to   space 1298240K,   0% used [0x00007f94f24f0000, 0x00007f94f24f0000, 0x00007f95418c0000)
 tenured generation   total 25965636K, used 16534972K [0x00007f97cdb50000, 0x00007f9dfe861000, 0x00007fa278600000)
   the space 25965636K,  63% used [0x00007f97cdb50000, 0x00007f9bbeebf060, 0x00007f9bbeebf200, 0x00007f9dfe861000)
 Metaspace       used 30617K, capacity 31036K, committed 31232K, reserved 32768K
}
Event: 2536.756 GC heap before
{Heap before GC invocations=42 (full 5):
 def new generation   total 11684608K, used 11684607K [0x00007f9278600000, 0x00007f9590c90000, 0x00007f97cdb50000)
  eden space 10386368K, 100% used [0x00007f9278600000, 0x00007f94f24f0000, 0x00007f94f24f0000)
  from space 1298240K,  99% used [0x00007f95418c0000, 0x00007f9590c8fff8, 0x00007f9590c90000)
  to   space 1298240K,   0% used [0x00007f94f24f0000, 0x00007f94f24f0000, 0x00007f95418c0000)
 tenured generation   total 25965636K, used 16534972K [0x00007f97cdb50000, 0x00007f9dfe861000, 0x00007fa278600000)
   the space 25965636K,  63% used [0x00007f97cdb50000, 0x00007f9bbeebf060, 0x00007f9bbeebf200, 0x00007f9dfe861000)
 Metaspace       used 30617K, capacity 31036K, committed 31232K, reserved 32768K
}
Event: 2541.311 GC heap after
{Heap after GC invocations=43 (full 5):
 def new generation   total 11684608K, used 1298239K [0x00007f9278600000, 0x00007f9590c90000, 0x00007f97cdb50000)
  eden space 10386368K,   0% used [0x00007f9278600000, 0x00007f9278600000, 0x00007f94f24f0000)
  from space 1298240K,  99% used [0x00007f94f24f0000, 0x00007f95418bfff0, 0x00007f95418c0000)
  to   space 1298240K,   0% used [0x00007f95418c0000, 0x00007f95418c0000, 0x00007f9590c90000)
 tenured generation   total 25965636K, used 18721569K [0x00007f97cdb50000, 0x00007f9dfe861000, 0x00007fa278600000)
   the space 25965636K,  72% used [0x00007f97cdb50000, 0x00007f9c44618768, 0x00007f9c44618800, 0x00007f9dfe861000)
 Metaspace       used 30617K, capacity 31036K, committed 31232K, reserved 32768K
}
Event: 3455.677 GC heap before
{Heap before GC invocations=43 (full 5):
 def new generation   total 11684608K, used 11684607K [0x00007f9278600000, 0x00007f9590c90000, 0x00007f97cdb50000)
  eden space 10386368K, 100% used [0x00007f9278600000, 0x00007f94f24f0000, 0x00007f94f24f0000)
  from space 1298240K,  99% used [0x00007f94f24f0000, 0x00007f95418bfff0, 0x00007f95418c0000)
  to   space 1298240K,   0% used [0x00007f95418c0000, 0x00007f95418c0000, 0x00007f9590c90000)
 tenured generation   total 25965636K, used 18721569K [0x00007f97cdb50000, 0x00007f9dfe861000, 0x00007fa278600000)
   the space 25965636K,  72% used [0x00007f97cdb50000, 0x00007f9c44618768, 0x00007f9c44618800, 0x00007f9dfe861000)
 Metaspace       used 30617K, capacity 31036K, committed 31232K, reserved 32768K
}
Event: 3461.029 GC heap after
{Heap after GC invocations=44 (full 5):
 def new generation   total 11684608K, used 1298239K [0x00007f9278600000, 0x00007f9590c90000, 0x00007f97cdb50000)
  eden space 10386368K,   0% used [0x00007f9278600000, 0x00007f9278600000, 0x00007f94f24f0000)
  from space 1298240K,  99% used [0x00007f95418c0000, 0x00007f9590c8fff0, 0x00007f9590c90000)
  to   space 1298240K,   0% used [0x00007f94f24f0000, 0x00007f94f24f0000, 0x00007f95418c0000)
 tenured generation   total 25965636K, used 20908167K [0x00007f97cdb50000, 0x00007f9dfe861000, 0x00007fa278600000)
   the space 25965636K,  80% used [0x00007f97cdb50000, 0x00007f9cc9d71dc8, 0x00007f9cc9d71e00, 0x00007f9dfe861000)
 Metaspace       used 30617K, capacity 31036K, committed 31232K, reserved 32768K
}
Event: 4132.811 GC heap before
{Heap before GC invocations=44 (full 5):
 def new generation   total 11684608K, used 11684607K [0x00007f9278600000, 0x00007f9590c90000, 0x00007f97cdb50000)
  eden space 10386368K, 100% used [0x00007f9278600000, 0x00007f94f24f0000, 0x00007f94f24f0000)
  from space 1298240K,  99% used [0x00007f95418c0000, 0x00007f9590c8fff0, 0x00007f9590c90000)
  to   space 1298240K,   0% used [0x00007f94f24f0000, 0x00007f94f24f0000, 0x00007f95418c0000)
 tenured generation   total 25965636K, used 20908167K [0x00007f97cdb50000, 0x00007f9dfe861000, 0x00007fa278600000)
   the space 25965636K,  80% used [0x00007f97cdb50000, 0x00007f9cc9d71dc8, 0x00007f9cc9d71e00, 0x00007f9dfe861000)
 Metaspace       used 30617K, capacity 31036K, committed 31232K, reserved 32768K
}
Event: 4137.442 GC heap after
{Heap after GC invocations=45 (full 5):
 def new generation   total 11684608K, used 1298239K [0x00007f9278600000, 0x00007f9590c90000, 0x00007f97cdb50000)
  eden space 10386368K,   0% used [0x00007f9278600000, 0x00007f9278600000, 0x00007f94f24f0000)
  from space 1298240K,  99% used [0x00007f94f24f0000, 0x00007f95418bfff0, 0x00007f95418c0000)
  to   space 1298240K,   0% used [0x00007f95418c0000, 0x00007f95418c0000, 0x00007f9590c90000)
 tenured generation   total 25965636K, used 23094765K [0x00007f97cdb50000, 0x00007f9dfe861000, 0x00007fa278600000)
   the space 25965636K,  88% used [0x00007f97cdb50000, 0x00007f9d4f4cb468, 0x00007f9d4f4cb600, 0x00007f9dfe861000)
 Metaspace       used 30617K, capacity 31036K, committed 31232K, reserved 32768K
}
Event: 4736.451 GC heap before
{Heap before GC invocations=45 (full 5):
 def new generation   total 11684608K, used 11684607K [0x00007f9278600000, 0x00007f9590c90000, 0x00007f97cdb50000)
  eden space 10386368K, 100% used [0x00007f9278600000, 0x00007f94f24f0000, 0x00007f94f24f0000)
  from space 1298240K,  99% used [0x00007f94f24f0000, 0x00007f95418bfff0, 0x00007f95418c0000)
  to   space 1298240K,   0% used [0x00007f95418c0000, 0x00007f95418c0000, 0x00007f9590c90000)
 tenured generation   total 25965636K, used 23094765K [0x00007f97cdb50000, 0x00007f9dfe861000, 0x00007fa278600000)
   the space 25965636K,  88% used [0x00007f97cdb50000, 0x00007f9d4f4cb468, 0x00007f9d4f4cb600, 0x00007f9dfe861000)
 Metaspace       used 30617K, capacity 31036K, committed 31232K, reserved 32768K
}
Event: 4741.049 GC heap after
{Heap after GC invocations=46 (full 5):
 def new generation   total 11684608K, used 1298239K [0x00007f9278600000, 0x00007f9590c90000, 0x00007f97cdb50000)
  eden space 10386368K,   0% used [0x00007f9278600000, 0x00007f9278600000, 0x00007f94f24f0000)
  from space 1298240K,  99% used [0x00007f95418c0000, 0x00007f9590c8fff0, 0x00007f9590c90000)
  to   space 1298240K,   0% used [0x00007f94f24f0000, 0x00007f94f24f0000, 0x00007f95418c0000)
 tenured generation   total 25965636K, used 25281362K [0x00007f97cdb50000, 0x00007f9dfe861000, 0x00007fa278600000)
   the space 25965636K,  97% used [0x00007f97cdb50000, 0x00007f9dd4c24a88, 0x00007f9dd4c24c00, 0x00007f9dfe861000)
 Metaspace       used 30617K, capacity 31036K, committed 31232K, reserved 32768K
}
Event: 5219.078 GC heap before
{Heap before GC invocations=46 (full 5):
 def new generation   total 11684608K, used 11684607K [0x00007f9278600000, 0x00007f9590c90000, 0x00007f97cdb50000)
  eden space 10386368K, 100% used [0x00007f9278600000, 0x00007f94f24f0000, 0x00007f94f24f0000)
  from space 1298240K,  99% used [0x00007f95418c0000, 0x00007f9590c8fff0, 0x00007f9590c90000)
  to   space 1298240K,   0% used [0x00007f94f24f0000, 0x00007f94f24f0000, 0x00007f95418c0000)
 tenured generation   total 25965636K, used 25281362K [0x00007f97cdb50000, 0x00007f9dfe861000, 0x00007fa278600000)
   the space 25965636K,  97% used [0x00007f97cdb50000, 0x00007f9dd4c24a88, 0x00007f9dd4c24c00, 0x00007f9dfe861000)
 Metaspace       used 30617K, capacity 31036K, committed 31232K, reserved 32768K
}
Event: 5223.818 GC heap after
{Heap after GC invocations=47 (full 5):
 def new generation   total 11684608K, used 1298239K [0x00007f9278600000, 0x00007f9590c90000, 0x00007f97cdb50000)
  eden space 10386368K,   0% used [0x00007f9278600000, 0x00007f9278600000, 0x00007f94f24f0000)
  from space 1298240K,  99% used [0x00007f94f24f0000, 0x00007f95418bfff0, 0x00007f95418c0000)
  to   space 1298240K,   0% used [0x00007f95418c0000, 0x00007f95418c0000, 0x00007f9590c90000)
 tenured generation   total 27468036K, used 27467960K [0x00007f97cdb50000, 0x00007f9e5a391000, 0x00007fa278600000)
   the space 27468036K,  99% used [0x00007f97cdb50000, 0x00007f9e5a37e168, 0x00007f9e5a37e200, 0x00007f9e5a391000)
 Metaspace       used 30617K, capacity 31036K, committed 31232K, reserved 32768K
}
Event: 5223.818 GC heap before
{Heap before GC invocations=47 (full 5):
 def new generation   total 11684608K, used 1298239K [0x00007f9278600000, 0x00007f9590c90000, 0x00007f97cdb50000)
  eden space 10386368K,   0% used [0x00007f9278600000, 0x00007f9278600000, 0x00007f94f24f0000)
  from space 1298240K,  99% used [0x00007f94f24f0000, 0x00007f95418bfff0, 0x00007f95418c0000)
  to   space 1298240K,   0% used [0x00007f95418c0000, 0x00007f95418c0000, 0x00007f9590c90000)
 tenured generation   total 27468036K, used 27467960K [0x00007f97cdb50000, 0x00007f9e5a391000, 0x00007fa278600000)
   the space 27468036K,  99% used [0x00007f97cdb50000, 0x00007f9e5a37e168, 0x00007f9e5a37e200, 0x00007f9e5a391000)
 Metaspace       used 30617K, capacity 31036K, committed 31232K, reserved 32768K
}

