# JRE version: OpenJDK Runtime Environment (13.0.7+5) (build 13.0.7+5-Ubuntu-0ubuntu120.04)
# Java VM: OpenJDK 64-Bit Server VM (13.0.7+5-Ubuntu-0ubuntu120.04, mixed mode, tiered, serial gc, linux-amd64)
Heap:
 def new generation   total 1415552K, used 0K [0x00007f57e0600000, 0x00007f58405f0000, 0x00007f5d35b50000)
  eden space 1258304K,   0% used [0x00007f57e0600000, 0x00007f57e0600000, 0x00007f582d2d0000)
  from space 157248K,   0% used [0x00007f5836c60000, 0x00007f5836c60000, 0x00007f58405f0000)
  to   space 157248K,   0% used [0x00007f582d2d0000, 0x00007f582d2d0000, 0x00007f5836c60000)
 tenured generation   total 3165352K, used 3145244K [0x00007f5d35b50000, 0x00007f5df6e7a000, 0x00007f67e0600000)
   the space 3165352K,  99% used [0x00007f5d35b50000, 0x00007f5df5ad73d0, 0x00007f5df5ad7400, 0x00007f5df6e7a000)
 Metaspace       used 30344K, capacity 30788K, committed 30976K, reserved 32768K
GC Heap History (20 events):
Event: 72.961 GC heap after
{Heap after GC invocations=45 (full 3):
 def new generation   total 1415552K, used 99279K [0x00007f57e0600000, 0x00007f58405f0000, 0x00007f5d35b50000)
  eden space 1258304K,   0% used [0x00007f57e0600000, 0x00007f57e0600000, 0x00007f582d2d0000)
  from space 157248K,  63% used [0x00007f582d2d0000, 0x00007f58333c3e50, 0x00007f5836c60000)
  to   space 157248K,   0% used [0x00007f5836c60000, 0x00007f5836c60000, 0x00007f58405f0000)
 tenured generation   total 3145576K, used 2250967K [0x00007f5d35b50000, 0x00007f5df5b2a000, 0x00007f67e0600000)
   the space 3145576K,  71% used [0x00007f5d35b50000, 0x00007f5dbf185cf8, 0x00007f5dbf185e00, 0x00007f5df5b2a000)
 Metaspace       used 30344K, capacity 30788K, committed 30976K, reserved 32768K
}
Event: 73.380 GC heap before
{Heap before GC invocations=45 (full 3):
 def new generation   total 1415552K, used 1357583K [0x00007f57e0600000, 0x00007f58405f0000, 0x00007f5d35b50000)
  eden space 1258304K, 100% used [0x00007f57e0600000, 0x00007f582d2d0000, 0x00007f582d2d0000)
  from space 157248K,  63% used [0x00007f582d2d0000, 0x00007f58333c3e50, 0x00007f5836c60000)
  to   space 157248K,   0% used [0x00007f5836c60000, 0x00007f5836c60000, 0x00007f58405f0000)
 tenured generation   total 3145576K, used 2250967K [0x00007f5d35b50000, 0x00007f5df5b2a000, 0x00007f67e0600000)
   the space 3145576K,  71% used [0x00007f5d35b50000, 0x00007f5dbf185cf8, 0x00007f5dbf185e00, 0x00007f5df5b2a000)
 Metaspace       used 30344K, capacity 30788K, committed 30976K, reserved 32768K
}
Event: 73.813 GC heap after
{Heap after GC invocations=46 (full 3):
 def new generation   total 1415552K, used 109912K [0x00007f57e0600000, 0x00007f58405f0000, 0x00007f5d35b50000)
  eden space 1258304K,   0% used [0x00007f57e0600000, 0x00007f57e0600000, 0x00007f582d2d0000)
  from space 157248K,  69% used [0x00007f5836c60000, 0x00007f583d7b61e0, 0x00007f58405f0000)
  to   space 157248K,   0% used [0x00007f582d2d0000, 0x00007f582d2d0000, 0x00007f5836c60000)
 tenured generation   total 3145576K, used 2350246K [0x00007f5d35b50000, 0x00007f5df5b2a000, 0x00007f67e0600000)
   the space 3145576K,  74% used [0x00007f5d35b50000, 0x00007f5dc52799e8, 0x00007f5dc5279a00, 0x00007f5df5b2a000)
 Metaspace       used 30344K, capacity 30788K, committed 30976K, reserved 32768K
}
Event: 74.256 GC heap before
{Heap before GC invocations=46 (full 3):
 def new generation   total 1415552K, used 1368216K [0x00007f57e0600000, 0x00007f58405f0000, 0x00007f5d35b50000)
  eden space 1258304K, 100% used [0x00007f57e0600000, 0x00007f582d2d0000, 0x00007f582d2d0000)
  from space 157248K,  69% used [0x00007f5836c60000, 0x00007f583d7b61e0, 0x00007f58405f0000)
  to   space 157248K,   0% used [0x00007f582d2d0000, 0x00007f582d2d0000, 0x00007f5836c60000)
 tenured generation   total 3145576K, used 2350246K [0x00007f5d35b50000, 0x00007f5df5b2a000, 0x00007f67e0600000)
   the space 3145576K,  74% used [0x00007f5d35b50000, 0x00007f5dc52799e8, 0x00007f5dc5279a00, 0x00007f5df5b2a000)
 Metaspace       used 30344K, capacity 30788K, committed 30976K, reserved 32768K
}
Event: 74.635 GC heap after
{Heap after GC invocations=47 (full 3):
 def new generation   total 1415552K, used 101191K [0x00007f57e0600000, 0x00007f58405f0000, 0x00007f5d35b50000)
  eden space 1258304K,   0% used [0x00007f57e0600000, 0x00007f57e0600000, 0x00007f582d2d0000)
  from space 157248K,  64% used [0x00007f582d2d0000, 0x00007f58335a1db0, 0x00007f5836c60000)
  to   space 157248K,   0% used [0x00007f5836c60000, 0x00007f5836c60000, 0x00007f58405f0000)
 tenured generation   total 3145576K, used 2460157K [0x00007f5d35b50000, 0x00007f5df5b2a000, 0x00007f67e0600000)
   the space 3145576K,  78% used [0x00007f5d35b50000, 0x00007f5dcbdcf778, 0x00007f5dcbdcf800, 0x00007f5df5b2a000)
 Metaspace       used 30344K, capacity 30788K, committed 30976K, reserved 32768K
}
Event: 75.083 GC heap before
{Heap before GC invocations=47 (full 3):
 def new generation   total 1415552K, used 1359495K [0x00007f57e0600000, 0x00007f58405f0000, 0x00007f5d35b50000)
  eden space 1258304K, 100% used [0x00007f57e0600000, 0x00007f582d2d0000, 0x00007f582d2d0000)
  from space 157248K,  64% used [0x00007f582d2d0000, 0x00007f58335a1db0, 0x00007f5836c60000)
  to   space 157248K,   0% used [0x00007f5836c60000, 0x00007f5836c60000, 0x00007f58405f0000)
 tenured generation   total 3145576K, used 2460157K [0x00007f5d35b50000, 0x00007f5df5b2a000, 0x00007f67e0600000)
   the space 3145576K,  78% used [0x00007f5d35b50000, 0x00007f5dcbdcf778, 0x00007f5dcbdcf800, 0x00007f5df5b2a000)
 Metaspace       used 30344K, capacity 30788K, committed 30976K, reserved 32768K
}
Event: 75.470 GC heap after
{Heap after GC invocations=48 (full 3):
 def new generation   total 1415552K, used 96637K [0x00007f57e0600000, 0x00007f58405f0000, 0x00007f5d35b50000)
  eden space 1258304K,   0% used [0x00007f57e0600000, 0x00007f57e0600000, 0x00007f582d2d0000)
  from space 157248K,  61% used [0x00007f5836c60000, 0x00007f583cabf5a8, 0x00007f58405f0000)
  to   space 157248K,   0% used [0x00007f582d2d0000, 0x00007f582d2d0000, 0x00007f5836c60000)
 tenured generation   total 3145576K, used 2561348K [0x00007f5d35b50000, 0x00007f5df5b2a000, 0x00007f67e0600000)
   the space 3145576K,  81% used [0x00007f5d35b50000, 0x00007f5dd20a1318, 0x00007f5dd20a1400, 0x00007f5df5b2a000)
 Metaspace       used 30344K, capacity 30788K, committed 30976K, reserved 32768K
}
Event: 75.889 GC heap before
{Heap before GC invocations=48 (full 3):
 def new generation   total 1415552K, used 1354941K [0x00007f57e0600000, 0x00007f58405f0000, 0x00007f5d35b50000)
  eden space 1258304K, 100% used [0x00007f57e0600000, 0x00007f582d2d0000, 0x00007f582d2d0000)
  from space 157248K,  61% used [0x00007f5836c60000, 0x00007f583cabf5a8, 0x00007f58405f0000)
  to   space 157248K,   0% used [0x00007f582d2d0000, 0x00007f582d2d0000, 0x00007f5836c60000)
 tenured generation   total 3145576K, used 2561348K [0x00007f5d35b50000, 0x00007f5df5b2a000, 0x00007f67e0600000)
   the space 3145576K,  81% used [0x00007f5d35b50000, 0x00007f5dd20a1318, 0x00007f5dd20a1400, 0x00007f5df5b2a000)
 Metaspace       used 30344K, capacity 30788K, committed 30976K, reserved 32768K
}
Event: 76.257 GC heap after
{Heap after GC invocations=49 (full 3):
 def new generation   total 1415552K, used 102682K [0x00007f57e0600000, 0x00007f58405f0000, 0x00007f5d35b50000)
  eden space 1258304K,   0% used [0x00007f57e0600000, 0x00007f57e0600000, 0x00007f582d2d0000)
  from space 157248K,  65% used [0x00007f582d2d0000, 0x00007f58337168e8, 0x00007f5836c60000)
  to   space 157248K,   0% used [0x00007f5836c60000, 0x00007f5836c60000, 0x00007f58405f0000)
 tenured generation   total 3145576K, used 2657985K [0x00007f5d35b50000, 0x00007f5df5b2a000, 0x00007f67e0600000)
   the space 3145576K,  84% used [0x00007f5d35b50000, 0x00007f5dd7f00760, 0x00007f5dd7f00800, 0x00007f5df5b2a000)
 Metaspace       used 30344K, capacity 30788K, committed 30976K, reserved 32768K
}
Event: 76.647 GC heap before
{Heap before GC invocations=49 (full 3):
 def new generation   total 1415552K, used 1360986K [0x00007f57e0600000, 0x00007f58405f0000, 0x00007f5d35b50000)
  eden space 1258304K, 100% used [0x00007f57e0600000, 0x00007f582d2d0000, 0x00007f582d2d0000)
  from space 157248K,  65% used [0x00007f582d2d0000, 0x00007f58337168e8, 0x00007f5836c60000)
  to   space 157248K,   0% used [0x00007f5836c60000, 0x00007f5836c60000, 0x00007f58405f0000)
 tenured generation   total 3145576K, used 2657985K [0x00007f5d35b50000, 0x00007f5df5b2a000, 0x00007f67e0600000)
   the space 3145576K,  84% used [0x00007f5d35b50000, 0x00007f5dd7f00760, 0x00007f5dd7f00800, 0x00007f5df5b2a000)
 Metaspace       used 30344K, capacity 30788K, committed 30976K, reserved 32768K
}
Event: 76.975 GC heap after
{Heap after GC invocations=50 (full 3):
 def new generation   total 1415552K, used 94279K [0x00007f57e0600000, 0x00007f58405f0000, 0x00007f5d35b50000)
  eden space 1258304K,   0% used [0x00007f57e0600000, 0x00007f57e0600000, 0x00007f582d2d0000)
  from space 157248K,  59% used [0x00007f5836c60000, 0x00007f583c871fb0, 0x00007f58405f0000)
  to   space 157248K,   0% used [0x00007f582d2d0000, 0x00007f582d2d0000, 0x00007f5836c60000)
 tenured generation   total 3145576K, used 2760667K [0x00007f5d35b50000, 0x00007f5df5b2a000, 0x00007f67e0600000)
   the space 3145576K,  87% used [0x00007f5d35b50000, 0x00007f5dde346c08, 0x00007f5dde346e00, 0x00007f5df5b2a000)
 Metaspace       used 30344K, capacity 30788K, committed 30976K, reserved 32768K
}
Event: 77.364 GC heap before
{Heap before GC invocations=50 (full 3):
 def new generation   total 1415552K, used 1352583K [0x00007f57e0600000, 0x00007f58405f0000, 0x00007f5d35b50000)
  eden space 1258304K, 100% used [0x00007f57e0600000, 0x00007f582d2d0000, 0x00007f582d2d0000)
  from space 157248K,  59% used [0x00007f5836c60000, 0x00007f583c871fb0, 0x00007f58405f0000)
  to   space 157248K,   0% used [0x00007f582d2d0000, 0x00007f582d2d0000, 0x00007f5836c60000)
 tenured generation   total 3145576K, used 2760667K [0x00007f5d35b50000, 0x00007f5df5b2a000, 0x00007f67e0600000)
   the space 3145576K,  87% used [0x00007f5d35b50000, 0x00007f5dde346c08, 0x00007f5dde346e00, 0x00007f5df5b2a000)
 Metaspace       used 30344K, capacity 30788K, committed 30976K, reserved 32768K
}
Event: 77.735 GC heap after
{Heap after GC invocations=51 (full 3):
 def new generation   total 1415552K, used 106567K [0x00007f57e0600000, 0x00007f58405f0000, 0x00007f5d35b50000)
  eden space 1258304K,   0% used [0x00007f57e0600000, 0x00007f57e0600000, 0x00007f582d2d0000)
  from space 157248K,  67% used [0x00007f582d2d0000, 0x00007f5833ae1fe8, 0x00007f5836c60000)
  to   space 157248K,   0% used [0x00007f5836c60000, 0x00007f5836c60000, 0x00007f58405f0000)
 tenured generation   total 3145576K, used 2854946K [0x00007f5d35b50000, 0x00007f5df5b2a000, 0x00007f67e0600000)
   the space 3145576K,  90% used [0x00007f5d35b50000, 0x00007f5de3f58958, 0x00007f5de3f58a00, 0x00007f5df5b2a000)
 Metaspace       used 30344K, capacity 30788K, committed 30976K, reserved 32768K
}
Event: 78.149 GC heap before
{Heap before GC invocations=51 (full 3):
 def new generation   total 1415552K, used 1364871K [0x00007f57e0600000, 0x00007f58405f0000, 0x00007f5d35b50000)
  eden space 1258304K, 100% used [0x00007f57e0600000, 0x00007f582d2d0000, 0x00007f582d2d0000)
  from space 157248K,  67% used [0x00007f582d2d0000, 0x00007f5833ae1fe8, 0x00007f5836c60000)
  to   space 157248K,   0% used [0x00007f5836c60000, 0x00007f5836c60000, 0x00007f58405f0000)
 tenured generation   total 3145576K, used 2854946K [0x00007f5d35b50000, 0x00007f5df5b2a000, 0x00007f67e0600000)
   the space 3145576K,  90% used [0x00007f5d35b50000, 0x00007f5de3f58958, 0x00007f5de3f58a00, 0x00007f5df5b2a000)
 Metaspace       used 30344K, capacity 30788K, committed 30976K, reserved 32768K
}
Event: 78.495 GC heap after
{Heap after GC invocations=52 (full 3):
 def new generation   total 1415552K, used 103495K [0x00007f57e0600000, 0x00007f58405f0000, 0x00007f5d35b50000)
  eden space 1258304K,   0% used [0x00007f57e0600000, 0x00007f57e0600000, 0x00007f582d2d0000)
  from space 157248K,  65% used [0x00007f5836c60000, 0x00007f583d171d68, 0x00007f58405f0000)
  to   space 157248K,   0% used [0x00007f582d2d0000, 0x00007f582d2d0000, 0x00007f5836c60000)
 tenured generation   total 3145576K, used 2961513K [0x00007f5d35b50000, 0x00007f5df5b2a000, 0x00007f67e0600000)
   the space 3145576K,  94% used [0x00007f5d35b50000, 0x00007f5dea76a4f0, 0x00007f5dea76a600, 0x00007f5df5b2a000)
 Metaspace       used 30344K, capacity 30788K, committed 30976K, reserved 32768K
}
Event: 78.882 GC heap before
{Heap before GC invocations=52 (full 3):
 def new generation   total 1415552K, used 1361799K [0x00007f57e0600000, 0x00007f58405f0000, 0x00007f5d35b50000)
  eden space 1258304K, 100% used [0x00007f57e0600000, 0x00007f582d2d0000, 0x00007f582d2d0000)
  from space 157248K,  65% used [0x00007f5836c60000, 0x00007f583d171d68, 0x00007f58405f0000)
  to   space 157248K,   0% used [0x00007f582d2d0000, 0x00007f582d2d0000, 0x00007f5836c60000)
 tenured generation   total 3145576K, used 2961513K [0x00007f5d35b50000, 0x00007f5df5b2a000, 0x00007f67e0600000)
   the space 3145576K,  94% used [0x00007f5d35b50000, 0x00007f5dea76a4f0, 0x00007f5dea76a600, 0x00007f5df5b2a000)
 Metaspace       used 30344K, capacity 30788K, committed 30976K, reserved 32768K
}
Event: 79.198 GC heap after
{Heap after GC invocations=53 (full 3):
 def new generation   total 1415552K, used 100214K [0x00007f57e0600000, 0x00007f58405f0000, 0x00007f5d35b50000)
  eden space 1258304K,   0% used [0x00007f57e0600000, 0x00007f57e0600000, 0x00007f582d2d0000)
  from space 157248K,  63% used [0x00007f582d2d0000, 0x00007f58334ad8f8, 0x00007f5836c60000)
  to   space 157248K,   0% used [0x00007f5836c60000, 0x00007f5836c60000, 0x00007f58405f0000)
 tenured generation   total 3145576K, used 3065007K [0x00007f5d35b50000, 0x00007f5df5b2a000, 0x00007f67e0600000)
   the space 3145576K,  97% used [0x00007f5d35b50000, 0x00007f5df0c7bfd8, 0x00007f5df0c7c000, 0x00007f5df5b2a000)
 Metaspace       used 30344K, capacity 30788K, committed 30976K, reserved 32768K
}
Event: 79.568 GC heap before
{Heap before GC invocations=53 (full 3):
 def new generation   total 1415552K, used 1358518K [0x00007f57e0600000, 0x00007f58405f0000, 0x00007f5d35b50000)
  eden space 1258304K, 100% used [0x00007f57e0600000, 0x00007f582d2d0000, 0x00007f582d2d0000)
  from space 157248K,  63% used [0x00007f582d2d0000, 0x00007f58334ad8f8, 0x00007f5836c60000)
  to   space 157248K,   0% used [0x00007f5836c60000, 0x00007f5836c60000, 0x00007f58405f0000)
 tenured generation   total 3145576K, used 3065007K [0x00007f5d35b50000, 0x00007f5df5b2a000, 0x00007f67e0600000)
   the space 3145576K,  97% used [0x00007f5d35b50000, 0x00007f5df0c7bfd8, 0x00007f5df0c7c000, 0x00007f5df5b2a000)
 Metaspace       used 30344K, capacity 30788K, committed 30976K, reserved 32768K
}
Event: 79.902 GC heap after
{Heap after GC invocations=54 (full 3):
 def new generation   total 1415552K, used 109372K [0x00007f57e0600000, 0x00007f58405f0000, 0x00007f5d35b50000)
  eden space 1258304K,   0% used [0x00007f57e0600000, 0x00007f57e0600000, 0x00007f582d2d0000)
  from space 157248K,  69% used [0x00007f5836c60000, 0x00007f583d72f238, 0x00007f58405f0000)
  to   space 157248K,   0% used [0x00007f582d2d0000, 0x00007f582d2d0000, 0x00007f5836c60000)
 tenured generation   total 3165352K, used 3165221K [0x00007f5d35b50000, 0x00007f5df6e7a000, 0x00007f67e0600000)
   the space 3165352K,  99% used [0x00007f5d35b50000, 0x00007f5df6e59450, 0x00007f5df6e59600, 0x00007f5df6e7a000)
 Metaspace       used 30344K, capacity 30788K, committed 30976K, reserved 32768K
}
Event: 79.902 GC heap before
{Heap before GC invocations=54 (full 3):
 def new generation   total 1415552K, used 109372K [0x00007f57e0600000, 0x00007f58405f0000, 0x00007f5d35b50000)
  eden space 1258304K,   0% used [0x00007f57e0600000, 0x00007f57e0600000, 0x00007f582d2d0000)
  from space 157248K,  69% used [0x00007f5836c60000, 0x00007f583d72f238, 0x00007f58405f0000)
  to   space 157248K,   0% used [0x00007f582d2d0000, 0x00007f582d2d0000, 0x00007f5836c60000)
 tenured generation   total 3165352K, used 3165221K [0x00007f5d35b50000, 0x00007f5df6e7a000, 0x00007f67e0600000)
   the space 3165352K,  99% used [0x00007f5d35b50000, 0x00007f5df6e59450, 0x00007f5df6e59600, 0x00007f5df6e7a000)
 Metaspace       used 30344K, capacity 30788K, committed 30976K, reserved 32768K
}

