# JRE version: OpenJDK Runtime Environment (13.0.7+5) (build 13.0.7+5-Ubuntu-0ubuntu120.04)
# Java VM: OpenJDK 64-Bit Server VM (13.0.7+5-Ubuntu-0ubuntu120.04, mixed mode, tiered, serial gc, linux-amd64)
Heap:
 def new generation   total 5339584K, used 382781K [0x00007f7bec600000, 0x00007f7d567d0000, 0x00007f8141b50000)
  eden space 4746304K,   8% used [0x00007f7bec600000, 0x00007f7c03bcf720, 0x00007f7d0e110000)
  from space 593280K,   0% used [0x00007f7d32470000, 0x00007f7d32470000, 0x00007f7d567d0000)
  to   space 593280K,   0% used [0x00007f7d0e110000, 0x00007f7d0e110000, 0x00007f7d32470000)
 tenured generation   total 12238300K, used 12238299K [0x00007f8141b50000, 0x00007f842cac7000, 0x00007f8bec600000)
   the space 12238300K,  99% used [0x00007f8141b50000, 0x00007f842cac6ff8, 0x00007f842cac7000, 0x00007f842cac7000)
 Metaspace       used 30404K, capacity 30804K, committed 30976K, reserved 32768K
GC Heap History (20 events):
Event: 184.513 GC heap after
{Heap after GC invocations=71 (full 16):
 def new generation   total 3157632K, used 234379K [0x00007f7bec600000, 0x00007f7cc2840000, 0x00007f8141b50000)
  eden space 2806784K,   0% used [0x00007f7bec600000, 0x00007f7bec600000, 0x00007f7c97b00000)
  from space 350848K,  66% used [0x00007f7c97b00000, 0x00007f7ca5fe2e90, 0x00007f7cad1a0000)
  to   space 350848K,   0% used [0x00007f7cad1a0000, 0x00007f7cad1a0000, 0x00007f7cc2840000)
 tenured generation   total 7016884K, used 6910917K [0x00007f8141b50000, 0x00007f82edfbd000, 0x00007f8bec600000)
   the space 7016884K,  98% used [0x00007f8141b50000, 0x00007f82e7841588, 0x00007f82e7841600, 0x00007f82edfbd000)
 Metaspace       used 30404K, capacity 30804K, committed 30976K, reserved 32768K
}
Event: 185.237 GC heap before
{Heap before GC invocations=71 (full 16):
 def new generation   total 3157632K, used 3041163K [0x00007f7bec600000, 0x00007f7cc2840000, 0x00007f8141b50000)
  eden space 2806784K, 100% used [0x00007f7bec600000, 0x00007f7c97b00000, 0x00007f7c97b00000)
  from space 350848K,  66% used [0x00007f7c97b00000, 0x00007f7ca5fe2e90, 0x00007f7cad1a0000)
  to   space 350848K,   0% used [0x00007f7cad1a0000, 0x00007f7cad1a0000, 0x00007f7cc2840000)
 tenured generation   total 7016884K, used 6910917K [0x00007f8141b50000, 0x00007f82edfbd000, 0x00007f8bec600000)
   the space 7016884K,  98% used [0x00007f8141b50000, 0x00007f82e7841588, 0x00007f82e7841600, 0x00007f82edfbd000)
 Metaspace       used 30404K, capacity 30804K, committed 30976K, reserved 32768K
}
Event: 185.903 GC heap after
{Heap after GC invocations=72 (full 16):
 def new generation   total 3157632K, used 226770K [0x00007f7bec600000, 0x00007f7cc2840000, 0x00007f8141b50000)
  eden space 2806784K,   0% used [0x00007f7bec600000, 0x00007f7bec600000, 0x00007f7c97b00000)
  from space 350848K,  64% used [0x00007f7cad1a0000, 0x00007f7cbaf14ab8, 0x00007f7cc2840000)
  to   space 350848K,   0% used [0x00007f7c97b00000, 0x00007f7c97b00000, 0x00007f7cad1a0000)
 tenured generation   total 7145332K, used 7145296K [0x00007f8141b50000, 0x00007f82f5d2d000, 0x00007f8bec600000)
   the space 7145332K,  99% used [0x00007f8141b50000, 0x00007f82f5d24188, 0x00007f82f5d24200, 0x00007f82f5d2d000)
 Metaspace       used 30404K, capacity 30804K, committed 30976K, reserved 32768K
}
Event: 185.903 GC heap before
{Heap before GC invocations=72 (full 16):
 def new generation   total 3157632K, used 226770K [0x00007f7bec600000, 0x00007f7cc2840000, 0x00007f8141b50000)
  eden space 2806784K,   0% used [0x00007f7bec600000, 0x00007f7bec600000, 0x00007f7c97b00000)
  from space 350848K,  64% used [0x00007f7cad1a0000, 0x00007f7cbaf14ab8, 0x00007f7cc2840000)
  to   space 350848K,   0% used [0x00007f7c97b00000, 0x00007f7c97b00000, 0x00007f7cad1a0000)
 tenured generation   total 7145332K, used 7145296K [0x00007f8141b50000, 0x00007f82f5d2d000, 0x00007f8bec600000)
   the space 7145332K,  99% used [0x00007f8141b50000, 0x00007f82f5d24188, 0x00007f82f5d24200, 0x00007f82f5d2d000)
 Metaspace       used 30404K, capacity 30804K, committed 30976K, reserved 32768K
}
Event: 197.472 GC heap after
{Heap after GC invocations=72 (full 17):
 def new generation   total 5339584K, used 0K [0x00007f7bec600000, 0x00007f7d567d0000, 0x00007f8141b50000)
  eden space 4746304K,   0% used [0x00007f7bec600000, 0x00007f7bec600000, 0x00007f7d0e110000)
  from space 593280K,   0% used [0x00007f7d0e110000, 0x00007f7d0e110000, 0x00007f7d32470000)
  to   space 593280K,   0% used [0x00007f7d32470000, 0x00007f7d32470000, 0x00007f7d567d0000)
 tenured generation   total 11865628K, used 7119375K [0x00007f8141b50000, 0x00007f8415ed7000, 0x00007f8bec600000)
   the space 11865628K,  59% used [0x00007f8141b50000, 0x00007f82f43d3c80, 0x00007f82f43d3e00, 0x00007f8415ed7000)
 Metaspace       used 30404K, capacity 30804K, committed 30976K, reserved 32768K
}
Event: 199.172 GC heap before
{Heap before GC invocations=72 (full 17):
 def new generation   total 5339584K, used 4746304K [0x00007f7bec600000, 0x00007f7d567d0000, 0x00007f8141b50000)
  eden space 4746304K, 100% used [0x00007f7bec600000, 0x00007f7d0e110000, 0x00007f7d0e110000)
  from space 593280K,   0% used [0x00007f7d0e110000, 0x00007f7d0e110000, 0x00007f7d32470000)
  to   space 593280K,   0% used [0x00007f7d32470000, 0x00007f7d32470000, 0x00007f7d567d0000)
 tenured generation   total 11865628K, used 7119375K [0x00007f8141b50000, 0x00007f8415ed7000, 0x00007f8bec600000)
   the space 11865628K,  59% used [0x00007f8141b50000, 0x00007f82f43d3c80, 0x00007f82f43d3e00, 0x00007f8415ed7000)
 Metaspace       used 30404K, capacity 30804K, committed 30976K, reserved 32768K
}
Event: 200.158 GC heap after
{Heap after GC invocations=73 (full 17):
 def new generation   total 5339584K, used 388541K [0x00007f7bec600000, 0x00007f7d567d0000, 0x00007f8141b50000)
  eden space 4746304K,   0% used [0x00007f7bec600000, 0x00007f7bec600000, 0x00007f7d0e110000)
  from space 593280K,  65% used [0x00007f7d32470000, 0x00007f7d49fdf6e8, 0x00007f7d567d0000)
  to   space 593280K,   0% used [0x00007f7d0e110000, 0x00007f7d0e110000, 0x00007f7d32470000)
 tenured generation   total 11865628K, used 7119375K [0x00007f8141b50000, 0x00007f8415ed7000, 0x00007f8bec600000)
   the space 11865628K,  59% used [0x00007f8141b50000, 0x00007f82f43d3c80, 0x00007f82f43d3e00, 0x00007f8415ed7000)
 Metaspace       used 30404K, capacity 30804K, committed 30976K, reserved 32768K
}
Event: 201.368 GC heap before
{Heap before GC invocations=73 (full 17):
 def new generation   total 5339584K, used 5134845K [0x00007f7bec600000, 0x00007f7d567d0000, 0x00007f8141b50000)
  eden space 4746304K, 100% used [0x00007f7bec600000, 0x00007f7d0e110000, 0x00007f7d0e110000)
  from space 593280K,  65% used [0x00007f7d32470000, 0x00007f7d49fdf6e8, 0x00007f7d567d0000)
  to   space 593280K,   0% used [0x00007f7d0e110000, 0x00007f7d0e110000, 0x00007f7d32470000)
 tenured generation   total 11865628K, used 7119375K [0x00007f8141b50000, 0x00007f8415ed7000, 0x00007f8bec600000)
   the space 11865628K,  59% used [0x00007f8141b50000, 0x00007f82f43d3c80, 0x00007f82f43d3e00, 0x00007f8415ed7000)
 Metaspace       used 30404K, capacity 30804K, committed 30976K, reserved 32768K
}
Event: 202.663 GC heap after
{Heap after GC invocations=74 (full 17):
 def new generation   total 5339584K, used 381929K [0x00007f7bec600000, 0x00007f7d567d0000, 0x00007f8141b50000)
  eden space 4746304K,   0% used [0x00007f7bec600000, 0x00007f7bec600000, 0x00007f7d0e110000)
  from space 593280K,  64% used [0x00007f7d0e110000, 0x00007f7d2560a438, 0x00007f7d32470000)
  to   space 593280K,   0% used [0x00007f7d32470000, 0x00007f7d32470000, 0x00007f7d567d0000)
 tenured generation   total 11865628K, used 7507916K [0x00007f8141b50000, 0x00007f8415ed7000, 0x00007f8bec600000)
   the space 11865628K,  63% used [0x00007f8141b50000, 0x00007f830bf43108, 0x00007f830bf43200, 0x00007f8415ed7000)
 Metaspace       used 30404K, capacity 30804K, committed 30976K, reserved 32768K
}
Event: 203.849 GC heap before
{Heap before GC invocations=74 (full 17):
 def new generation   total 5339584K, used 5128233K [0x00007f7bec600000, 0x00007f7d567d0000, 0x00007f8141b50000)
  eden space 4746304K, 100% used [0x00007f7bec600000, 0x00007f7d0e110000, 0x00007f7d0e110000)
  from space 593280K,  64% used [0x00007f7d0e110000, 0x00007f7d2560a438, 0x00007f7d32470000)
  to   space 593280K,   0% used [0x00007f7d32470000, 0x00007f7d32470000, 0x00007f7d567d0000)
 tenured generation   total 11865628K, used 7507916K [0x00007f8141b50000, 0x00007f8415ed7000, 0x00007f8bec600000)
   the space 11865628K,  63% used [0x00007f8141b50000, 0x00007f830bf43108, 0x00007f830bf43200, 0x00007f8415ed7000)
 Metaspace       used 30404K, capacity 30804K, committed 30976K, reserved 32768K
}
Event: 205.031 GC heap after
{Heap after GC invocations=75 (full 17):
 def new generation   total 5339584K, used 389307K [0x00007f7bec600000, 0x00007f7d567d0000, 0x00007f8141b50000)
  eden space 4746304K,   0% used [0x00007f7bec600000, 0x00007f7bec600000, 0x00007f7d0e110000)
  from space 593280K,  65% used [0x00007f7d32470000, 0x00007f7d4a09ec10, 0x00007f7d567d0000)
  to   space 593280K,   0% used [0x00007f7d0e110000, 0x00007f7d0e110000, 0x00007f7d32470000)
 tenured generation   total 11865628K, used 7889844K [0x00007f8141b50000, 0x00007f8415ed7000, 0x00007f8bec600000)
   the space 11865628K,  66% used [0x00007f8141b50000, 0x00007f832343d260, 0x00007f832343d400, 0x00007f8415ed7000)
 Metaspace       used 30404K, capacity 30804K, committed 30976K, reserved 32768K
}
Event: 223.031 GC heap before
{Heap before GC invocations=75 (full 17):
 def new generation   total 5339584K, used 5135611K [0x00007f7bec600000, 0x00007f7d567d0000, 0x00007f8141b50000)
  eden space 4746304K, 100% used [0x00007f7bec600000, 0x00007f7d0e110000, 0x00007f7d0e110000)
  from space 593280K,  65% used [0x00007f7d32470000, 0x00007f7d4a09ec10, 0x00007f7d567d0000)
  to   space 593280K,   0% used [0x00007f7d0e110000, 0x00007f7d0e110000, 0x00007f7d32470000)
 tenured generation   total 11865628K, used 7889844K [0x00007f8141b50000, 0x00007f8415ed7000, 0x00007f8bec600000)
   the space 11865628K,  66% used [0x00007f8141b50000, 0x00007f832343d260, 0x00007f832343d400, 0x00007f8415ed7000)
 Metaspace       used 30404K, capacity 30804K, committed 30976K, reserved 32768K
}
Event: 225.875 GC heap after
{Heap after GC invocations=76 (full 17):
 def new generation   total 5339584K, used 593279K [0x00007f7bec600000, 0x00007f7d567d0000, 0x00007f8141b50000)
  eden space 4746304K,   0% used [0x00007f7bec600000, 0x00007f7bec600000, 0x00007f7d0e110000)
  from space 593280K,  99% used [0x00007f7d0e110000, 0x00007f7d3246ffe8, 0x00007f7d32470000)
  to   space 593280K,   0% used [0x00007f7d32470000, 0x00007f7d32470000, 0x00007f7d567d0000)
 tenured generation   total 11865628K, used 8487068K [0x00007f8141b50000, 0x00007f8415ed7000, 0x00007f8bec600000)
   the space 11865628K,  71% used [0x00007f8141b50000, 0x00007f8347b77080, 0x00007f8347b77200, 0x00007f8415ed7000)
 Metaspace       used 30404K, capacity 30804K, committed 30976K, reserved 32768K
}
Event: 595.423 GC heap before
{Heap before GC invocations=76 (full 17):
 def new generation   total 5339584K, used 5339583K [0x00007f7bec600000, 0x00007f7d567d0000, 0x00007f8141b50000)
  eden space 4746304K, 100% used [0x00007f7bec600000, 0x00007f7d0e110000, 0x00007f7d0e110000)
  from space 593280K,  99% used [0x00007f7d0e110000, 0x00007f7d3246ffe8, 0x00007f7d32470000)
  to   space 593280K,   0% used [0x00007f7d32470000, 0x00007f7d32470000, 0x00007f7d567d0000)
 tenured generation   total 11865628K, used 8487068K [0x00007f8141b50000, 0x00007f8415ed7000, 0x00007f8bec600000)
   the space 11865628K,  71% used [0x00007f8141b50000, 0x00007f8347b77080, 0x00007f8347b77200, 0x00007f8415ed7000)
 Metaspace       used 30404K, capacity 30804K, committed 30976K, reserved 32768K
}
Event: 600.238 GC heap after
{Heap after GC invocations=77 (full 17):
 def new generation   total 5339584K, used 593279K [0x00007f7bec600000, 0x00007f7d567d0000, 0x00007f8141b50000)
  eden space 4746304K,   0% used [0x00007f7bec600000, 0x00007f7bec600000, 0x00007f7d0e110000)
  from space 593280K,  99% used [0x00007f7d32470000, 0x00007f7d567cfff8, 0x00007f7d567d0000)
  to   space 593280K,   0% used [0x00007f7d0e110000, 0x00007f7d0e110000, 0x00007f7d32470000)
 tenured generation   total 11865628K, used 10239831K [0x00007f8141b50000, 0x00007f8415ed7000, 0x00007f8bec600000)
   the space 11865628K,  86% used [0x00007f8141b50000, 0x00007f83b2b25c00, 0x00007f83b2b25c00, 0x00007f8415ed7000)
 Metaspace       used 30404K, capacity 30804K, committed 30976K, reserved 32768K
}
Event: 953.811 GC heap before
{Heap before GC invocations=77 (full 17):
 def new generation   total 5339584K, used 5339583K [0x00007f7bec600000, 0x00007f7d567d0000, 0x00007f8141b50000)
  eden space 4746304K, 100% used [0x00007f7bec600000, 0x00007f7d0e110000, 0x00007f7d0e110000)
  from space 593280K,  99% used [0x00007f7d32470000, 0x00007f7d567cfff8, 0x00007f7d567d0000)
  to   space 593280K,   0% used [0x00007f7d0e110000, 0x00007f7d0e110000, 0x00007f7d32470000)
 tenured generation   total 11865628K, used 10239831K [0x00007f8141b50000, 0x00007f8415ed7000, 0x00007f8bec600000)
   the space 11865628K,  86% used [0x00007f8141b50000, 0x00007f83b2b25c00, 0x00007f83b2b25c00, 0x00007f8415ed7000)
 Metaspace       used 30404K, capacity 30804K, committed 30976K, reserved 32768K
}
Event: 956.686 GC heap after
{Heap after GC invocations=78 (full 17):
 def new generation   total 5339584K, used 593279K [0x00007f7bec600000, 0x00007f7d567d0000, 0x00007f8141b50000)
  eden space 4746304K,   0% used [0x00007f7bec600000, 0x00007f7bec600000, 0x00007f7d0e110000)
  from space 593280K,  99% used [0x00007f7d0e110000, 0x00007f7d3246fff0, 0x00007f7d32470000)
  to   space 593280K,   0% used [0x00007f7d32470000, 0x00007f7d32470000, 0x00007f7d567d0000)
 tenured generation   total 11865628K, used 11239046K [0x00007f8141b50000, 0x00007f8415ed7000, 0x00007f8bec600000)
   the space 11865628K,  94% used [0x00007f8141b50000, 0x00007f83efaf1af8, 0x00007f83efaf1c00, 0x00007f8415ed7000)
 Metaspace       used 30404K, capacity 30804K, committed 30976K, reserved 32768K
}
Event: 1216.684 GC heap before
{Heap before GC invocations=78 (full 17):
 def new generation   total 5339584K, used 5339583K [0x00007f7bec600000, 0x00007f7d567d0000, 0x00007f8141b50000)
  eden space 4746304K, 100% used [0x00007f7bec600000, 0x00007f7d0e110000, 0x00007f7d0e110000)
  from space 593280K,  99% used [0x00007f7d0e110000, 0x00007f7d3246fff0, 0x00007f7d32470000)
  to   space 593280K,   0% used [0x00007f7d32470000, 0x00007f7d32470000, 0x00007f7d567d0000)
 tenured generation   total 11865628K, used 11239046K [0x00007f8141b50000, 0x00007f8415ed7000, 0x00007f8bec600000)
   the space 11865628K,  94% used [0x00007f8141b50000, 0x00007f83efaf1af8, 0x00007f83efaf1c00, 0x00007f8415ed7000)
 Metaspace       used 30404K, capacity 30804K, committed 30976K, reserved 32768K
}
Event: 1219.753 GC heap after
{Heap after GC invocations=79 (full 17):
 def new generation   total 5339584K, used 593279K [0x00007f7bec600000, 0x00007f7d567d0000, 0x00007f8141b50000)
  eden space 4746304K,   0% used [0x00007f7bec600000, 0x00007f7bec600000, 0x00007f7d0e110000)
  from space 593280K,  99% used [0x00007f7d32470000, 0x00007f7d567cfff0, 0x00007f7d567d0000)
  to   space 593280K,   0% used [0x00007f7d0e110000, 0x00007f7d0e110000, 0x00007f7d32470000)
 tenured generation   total 12238300K, used 12238262K [0x00007f8141b50000, 0x00007f842cac7000, 0x00007f8bec600000)
   the space 12238300K,  99% used [0x00007f8141b50000, 0x00007f842cabd9b8, 0x00007f842cabda00, 0x00007f842cac7000)
 Metaspace       used 30404K, capacity 30804K, committed 30976K, reserved 32768K
}
Event: 1219.753 GC heap before
{Heap before GC invocations=79 (full 17):
 def new generation   total 5339584K, used 593279K [0x00007f7bec600000, 0x00007f7d567d0000, 0x00007f8141b50000)
  eden space 4746304K,   0% used [0x00007f7bec600000, 0x00007f7bec600000, 0x00007f7d0e110000)
  from space 593280K,  99% used [0x00007f7d32470000, 0x00007f7d567cfff0, 0x00007f7d567d0000)
  to   space 593280K,   0% used [0x00007f7d0e110000, 0x00007f7d0e110000, 0x00007f7d32470000)
 tenured generation   total 12238300K, used 12238262K [0x00007f8141b50000, 0x00007f842cac7000, 0x00007f8bec600000)
   the space 12238300K,  99% used [0x00007f8141b50000, 0x00007f842cabd9b8, 0x00007f842cabda00, 0x00007f842cac7000)
 Metaspace       used 30404K, capacity 30804K, committed 30976K, reserved 32768K
}

