# JRE version: OpenJDK Runtime Environment (13.0.7+5) (build 13.0.7+5-Ubuntu-0ubuntu120.04)
# Java VM: OpenJDK 64-Bit Server VM (13.0.7+5-Ubuntu-0ubuntu120.04, mixed mode, tiered, serial gc, linux-amd64)
Heap:
 def new generation   total 8966528K, used 0K [0x00007f282c600000, 0x00007f2a8c740000, 0x00007f2d81b50000)
  eden space 7970304K,   0% used [0x00007f282c600000, 0x00007f282c600000, 0x00007f2a12d80000)
  from space 996224K,   0% used [0x00007f2a4fa60000, 0x00007f2a4fa60000, 0x00007f2a8c740000)
  to   space 996224K,   0% used [0x00007f2a12d80000, 0x00007f2a12d80000, 0x00007f2a4fa60000)
 tenured generation   total 20168128K, used 19687957K [0x00007f2d81b50000, 0x00007f3250ac0000, 0x00007f382c600000)
   the space 20168128K,  97% used [0x00007f2d81b50000, 0x00007f32335d56a8, 0x00007f32335d5800, 0x00007f3250ac0000)
 Metaspace       used 30562K, capacity 30963K, committed 31232K, reserved 32768K
GC Heap History (20 events):
Event: 205.757 GC heap after
{Heap after GC invocations=77 (full 5):
 def new generation   total 5162368K, used 573567K [0x00007f282c600000, 0x00007f298a780000, 0x00007f2d81b50000)
  eden space 4588800K,   0% used [0x00007f282c600000, 0x00007f282c600000, 0x00007f2944740000)
  from space 573568K,  99% used [0x00007f2967760000, 0x00007f298a77fff8, 0x00007f298a780000)
  to   space 573568K,   0% used [0x00007f2944740000, 0x00007f2944740000, 0x00007f2967760000)
 tenured generation   total 11471808K, used 10989050K [0x00007f2d81b50000, 0x00007f303de40000, 0x00007f382c600000)
   the space 11471808K,  95% used [0x00007f2d81b50000, 0x00007f30206cea80, 0x00007f30206cec00, 0x00007f303de40000)
 Metaspace       used 30562K, capacity 30963K, committed 31232K, reserved 32768K
}
Event: 431.442 GC heap before
{Heap before GC invocations=77 (full 5):
 def new generation   total 5162368K, used 5162367K [0x00007f282c600000, 0x00007f298a780000, 0x00007f2d81b50000)
  eden space 4588800K, 100% used [0x00007f282c600000, 0x00007f2944740000, 0x00007f2944740000)
  from space 573568K,  99% used [0x00007f2967760000, 0x00007f298a77fff8, 0x00007f298a780000)
  to   space 573568K,   0% used [0x00007f2944740000, 0x00007f2944740000, 0x00007f2967760000)
 tenured generation   total 11471808K, used 10989050K [0x00007f2d81b50000, 0x00007f303de40000, 0x00007f382c600000)
   the space 11471808K,  95% used [0x00007f2d81b50000, 0x00007f30206cea80, 0x00007f30206cec00, 0x00007f303de40000)
 Metaspace       used 30562K, capacity 30963K, committed 31232K, reserved 32768K
}
Event: 433.084 GC heap after
{Heap after GC invocations=78 (full 5):
 def new generation   total 5162368K, used 573567K [0x00007f282c600000, 0x00007f298a780000, 0x00007f2d81b50000)
  eden space 4588800K,   0% used [0x00007f282c600000, 0x00007f282c600000, 0x00007f2944740000)
  from space 573568K,  99% used [0x00007f2944740000, 0x00007f296775fff0, 0x00007f2967760000)
  to   space 573568K,   0% used [0x00007f2967760000, 0x00007f2967760000, 0x00007f298a780000)
 tenured generation   total 11955264K, used 11955107K [0x00007f2d81b50000, 0x00007f305b660000, 0x00007f382c600000)
   the space 11955264K,  99% used [0x00007f2d81b50000, 0x00007f305b638ec8, 0x00007f305b639000, 0x00007f305b660000)
 Metaspace       used 30562K, capacity 30963K, committed 31232K, reserved 32768K
}
Event: 433.084 GC heap before
{Heap before GC invocations=78 (full 5):
 def new generation   total 5162368K, used 573567K [0x00007f282c600000, 0x00007f298a780000, 0x00007f2d81b50000)
  eden space 4588800K,   0% used [0x00007f282c600000, 0x00007f282c600000, 0x00007f2944740000)
  from space 573568K,  99% used [0x00007f2944740000, 0x00007f296775fff0, 0x00007f2967760000)
  to   space 573568K,   0% used [0x00007f2967760000, 0x00007f2967760000, 0x00007f298a780000)
 tenured generation   total 11955264K, used 11955107K [0x00007f2d81b50000, 0x00007f305b660000, 0x00007f382c600000)
   the space 11955264K,  99% used [0x00007f2d81b50000, 0x00007f305b638ec8, 0x00007f305b639000, 0x00007f305b660000)
 Metaspace       used 30562K, capacity 30963K, committed 31232K, reserved 32768K
}
Event: 451.439 GC heap after
{Heap after GC invocations=78 (full 6):
 def new generation   total 8966528K, used 390882K [0x00007f282c600000, 0x00007f2a8c740000, 0x00007f2d81b50000)
  eden space 7970304K,   4% used [0x00007f282c600000, 0x00007f28443b8ac0, 0x00007f2a12d80000)
  from space 996224K,   0% used [0x00007f2a12d80000, 0x00007f2a12d80000, 0x00007f2a4fa60000)
  to   space 996224K,   0% used [0x00007f2a4fa60000, 0x00007f2a4fa60000, 0x00007f2a8c740000)
 tenured generation   total 19925440K, used 11955263K [0x00007f2d81b50000, 0x00007f3241dc0000, 0x00007f382c600000)
   the space 19925440K,  59% used [0x00007f2d81b50000, 0x00007f305b65fff8, 0x00007f305b660000, 0x00007f3241dc0000)
 Metaspace       used 30562K, capacity 30963K, committed 31232K, reserved 32768K
}
Event: 763.129 GC heap before
{Heap before GC invocations=78 (full 6):
 def new generation   total 8966528K, used 7970304K [0x00007f282c600000, 0x00007f2a8c740000, 0x00007f2d81b50000)
  eden space 7970304K, 100% used [0x00007f282c600000, 0x00007f2a12d80000, 0x00007f2a12d80000)
  from space 996224K,   0% used [0x00007f2a12d80000, 0x00007f2a12d80000, 0x00007f2a4fa60000)
  to   space 996224K,   0% used [0x00007f2a4fa60000, 0x00007f2a4fa60000, 0x00007f2a8c740000)
 tenured generation   total 19925440K, used 11955263K [0x00007f2d81b50000, 0x00007f3241dc0000, 0x00007f382c600000)
   the space 19925440K,  59% used [0x00007f2d81b50000, 0x00007f305b65fff8, 0x00007f305b660000, 0x00007f3241dc0000)
 Metaspace       used 30562K, capacity 30963K, committed 31232K, reserved 32768K
}
Event: 768.397 GC heap after
{Heap after GC invocations=79 (full 6):
 def new generation   total 8966528K, used 996224K [0x00007f282c600000, 0x00007f2a8c740000, 0x00007f2d81b50000)
  eden space 7970304K,   0% used [0x00007f282c600000, 0x00007f282c600000, 0x00007f2a12d80000)
  from space 996224K, 100% used [0x00007f2a4fa60000, 0x00007f2a8c740000, 0x00007f2a8c740000)
  to   space 996224K,   0% used [0x00007f2a12d80000, 0x00007f2a12d80000, 0x00007f2a4fa60000)
 tenured generation   total 19925440K, used 12945584K [0x00007f2d81b50000, 0x00007f3241dc0000, 0x00007f382c600000)
   the space 19925440K,  64% used [0x00007f2d81b50000, 0x00007f3097d7c298, 0x00007f3097d7c400, 0x00007f3241dc0000)
 Metaspace       used 30562K, capacity 30963K, committed 31232K, reserved 32768K
}
Event: 1085.191 GC heap before
{Heap before GC invocations=79 (full 6):
 def new generation   total 8966528K, used 8966528K [0x00007f282c600000, 0x00007f2a8c740000, 0x00007f2d81b50000)
  eden space 7970304K, 100% used [0x00007f282c600000, 0x00007f2a12d80000, 0x00007f2a12d80000)
  from space 996224K, 100% used [0x00007f2a4fa60000, 0x00007f2a8c740000, 0x00007f2a8c740000)
  to   space 996224K,   0% used [0x00007f2a12d80000, 0x00007f2a12d80000, 0x00007f2a4fa60000)
 tenured generation   total 19925440K, used 12945584K [0x00007f2d81b50000, 0x00007f3241dc0000, 0x00007f382c600000)
   the space 19925440K,  64% used [0x00007f2d81b50000, 0x00007f3097d7c298, 0x00007f3097d7c400, 0x00007f3241dc0000)
 Metaspace       used 30562K, capacity 30963K, committed 31232K, reserved 32768K
}
Event: 1087.820 GC heap after
{Heap after GC invocations=80 (full 6):
 def new generation   total 8966528K, used 996223K [0x00007f282c600000, 0x00007f2a8c740000, 0x00007f2d81b50000)
  eden space 7970304K,   0% used [0x00007f282c600000, 0x00007f282c600000, 0x00007f2a12d80000)
  from space 996224K,  99% used [0x00007f2a12d80000, 0x00007f2a4fa5fff0, 0x00007f2a4fa60000)
  to   space 996224K,   0% used [0x00007f2a4fa60000, 0x00007f2a4fa60000, 0x00007f2a8c740000)
 tenured generation   total 19925440K, used 14623537K [0x00007f2d81b50000, 0x00007f3241dc0000, 0x00007f382c600000)
   the space 19925440K,  73% used [0x00007f2d81b50000, 0x00007f30fe41c538, 0x00007f30fe41c600, 0x00007f3241dc0000)
 Metaspace       used 30562K, capacity 30963K, committed 31232K, reserved 32768K
}
Event: 1292.987 GC heap before
{Heap before GC invocations=80 (full 6):
 def new generation   total 8966528K, used 8966527K [0x00007f282c600000, 0x00007f2a8c740000, 0x00007f2d81b50000)
  eden space 7970304K, 100% used [0x00007f282c600000, 0x00007f2a12d80000, 0x00007f2a12d80000)
  from space 996224K,  99% used [0x00007f2a12d80000, 0x00007f2a4fa5fff0, 0x00007f2a4fa60000)
  to   space 996224K,   0% used [0x00007f2a4fa60000, 0x00007f2a4fa60000, 0x00007f2a8c740000)
 tenured generation   total 19925440K, used 14623537K [0x00007f2d81b50000, 0x00007f3241dc0000, 0x00007f382c600000)
   the space 19925440K,  73% used [0x00007f2d81b50000, 0x00007f30fe41c538, 0x00007f30fe41c600, 0x00007f3241dc0000)
 Metaspace       used 30562K, capacity 30963K, committed 31232K, reserved 32768K
}
Event: 1296.323 GC heap after
{Heap after GC invocations=81 (full 6):
 def new generation   total 8966528K, used 996223K [0x00007f282c600000, 0x00007f2a8c740000, 0x00007f2d81b50000)
  eden space 7970304K,   0% used [0x00007f282c600000, 0x00007f282c600000, 0x00007f2a12d80000)
  from space 996224K,  99% used [0x00007f2a4fa60000, 0x00007f2a8c73fff0, 0x00007f2a8c740000)
  to   space 996224K,   0% used [0x00007f2a12d80000, 0x00007f2a12d80000, 0x00007f2a4fa60000)
 tenured generation   total 19925440K, used 16301489K [0x00007f2d81b50000, 0x00007f3241dc0000, 0x00007f382c600000)
   the space 19925440K,  81% used [0x00007f2d81b50000, 0x00007f3164abc718, 0x00007f3164abc800, 0x00007f3241dc0000)
 Metaspace       used 30562K, capacity 30963K, committed 31232K, reserved 32768K
}
Event: 1382.202 GC heap before
{Heap before GC invocations=81 (full 6):
 def new generation   total 8966528K, used 8966527K [0x00007f282c600000, 0x00007f2a8c740000, 0x00007f2d81b50000)
  eden space 7970304K, 100% used [0x00007f282c600000, 0x00007f2a12d80000, 0x00007f2a12d80000)
  from space 996224K,  99% used [0x00007f2a4fa60000, 0x00007f2a8c73fff0, 0x00007f2a8c740000)
  to   space 996224K,   0% used [0x00007f2a12d80000, 0x00007f2a12d80000, 0x00007f2a4fa60000)
 tenured generation   total 19925440K, used 16301489K [0x00007f2d81b50000, 0x00007f3241dc0000, 0x00007f382c600000)
   the space 19925440K,  81% used [0x00007f2d81b50000, 0x00007f3164abc718, 0x00007f3164abc800, 0x00007f3241dc0000)
 Metaspace       used 30562K, capacity 30963K, committed 31232K, reserved 32768K
}
Event: 1385.198 GC heap after
{Heap after GC invocations=82 (full 6):
 def new generation   total 8966528K, used 996223K [0x00007f282c600000, 0x00007f2a8c740000, 0x00007f2d81b50000)
  eden space 7970304K,   0% used [0x00007f282c600000, 0x00007f282c600000, 0x00007f2a12d80000)
  from space 996224K,  99% used [0x00007f2a12d80000, 0x00007f2a4fa5fff0, 0x00007f2a4fa60000)
  to   space 996224K,   0% used [0x00007f2a4fa60000, 0x00007f2a4fa60000, 0x00007f2a8c740000)
 tenured generation   total 19925440K, used 17979442K [0x00007f2d81b50000, 0x00007f3241dc0000, 0x00007f382c600000)
   the space 19925440K,  90% used [0x00007f2d81b50000, 0x00007f31cb15c938, 0x00007f31cb15ca00, 0x00007f3241dc0000)
 Metaspace       used 30562K, capacity 30963K, committed 31232K, reserved 32768K
}
Event: 1387.710 GC heap before
{Heap before GC invocations=82 (full 6):
 def new generation   total 8966528K, used 8966527K [0x00007f282c600000, 0x00007f2a8c740000, 0x00007f2d81b50000)
  eden space 7970304K, 100% used [0x00007f282c600000, 0x00007f2a12d80000, 0x00007f2a12d80000)
  from space 996224K,  99% used [0x00007f2a12d80000, 0x00007f2a4fa5fff0, 0x00007f2a4fa60000)
  to   space 996224K,   0% used [0x00007f2a4fa60000, 0x00007f2a4fa60000, 0x00007f2a8c740000)
 tenured generation   total 19925440K, used 17979442K [0x00007f2d81b50000, 0x00007f3241dc0000, 0x00007f382c600000)
   the space 19925440K,  90% used [0x00007f2d81b50000, 0x00007f31cb15c938, 0x00007f31cb15ca00, 0x00007f3241dc0000)
 Metaspace       used 30562K, capacity 30963K, committed 31232K, reserved 32768K
}
Event: 1389.541 GC heap after
{Heap after GC invocations=83 (full 6):
 def new generation   total 8966528K, used 615177K [0x00007f282c600000, 0x00007f2a8c740000, 0x00007f2d81b50000)
  eden space 7970304K,   0% used [0x00007f282c600000, 0x00007f282c600000, 0x00007f2a12d80000)
  from space 996224K,  61% used [0x00007f2a4fa60000, 0x00007f2a753226d8, 0x00007f2a8c740000)
  to   space 996224K,   0% used [0x00007f2a12d80000, 0x00007f2a12d80000, 0x00007f2a4fa60000)
 tenured generation   total 19925440K, used 18975666K [0x00007f2d81b50000, 0x00007f3241dc0000, 0x00007f382c600000)
   the space 19925440K,  95% used [0x00007f2d81b50000, 0x00007f3207e3c8d8, 0x00007f3207e3ca00, 0x00007f3241dc0000)
 Metaspace       used 30562K, capacity 30963K, committed 31232K, reserved 32768K
}
Event: 1391.740 GC heap before
{Heap before GC invocations=83 (full 6):
 def new generation   total 8966528K, used 8585481K [0x00007f282c600000, 0x00007f2a8c740000, 0x00007f2d81b50000)
  eden space 7970304K, 100% used [0x00007f282c600000, 0x00007f2a12d80000, 0x00007f2a12d80000)
  from space 996224K,  61% used [0x00007f2a4fa60000, 0x00007f2a753226d8, 0x00007f2a8c740000)
  to   space 996224K,   0% used [0x00007f2a12d80000, 0x00007f2a12d80000, 0x00007f2a4fa60000)
 tenured generation   total 19925440K, used 18975666K [0x00007f2d81b50000, 0x00007f3241dc0000, 0x00007f382c600000)
   the space 19925440K,  95% used [0x00007f2d81b50000, 0x00007f3207e3c8d8, 0x00007f3207e3ca00, 0x00007f3241dc0000)
 Metaspace       used 30562K, capacity 30963K, committed 31232K, reserved 32768K
}
Event: 1393.212 GC heap after
{Heap after GC invocations=84 (full 6):
 def new generation   total 8966528K, used 577183K [0x00007f282c600000, 0x00007f2a8c740000, 0x00007f2d81b50000)
  eden space 7970304K,   0% used [0x00007f282c600000, 0x00007f282c600000, 0x00007f2a12d80000)
  from space 996224K,  57% used [0x00007f2a12d80000, 0x00007f2a36127c60, 0x00007f2a4fa60000)
  to   space 996224K,   0% used [0x00007f2a4fa60000, 0x00007f2a4fa60000, 0x00007f2a8c740000)
 tenured generation   total 19925440K, used 19590843K [0x00007f2d81b50000, 0x00007f3241dc0000, 0x00007f382c600000)
   the space 19925440K,  98% used [0x00007f2d81b50000, 0x00007f322d6fedc0, 0x00007f322d6fee00, 0x00007f3241dc0000)
 Metaspace       used 30562K, capacity 30963K, committed 31232K, reserved 32768K
}
Event: 1395.419 GC heap before
{Heap before GC invocations=84 (full 6):
 def new generation   total 8966528K, used 8547487K [0x00007f282c600000, 0x00007f2a8c740000, 0x00007f2d81b50000)
  eden space 7970304K, 100% used [0x00007f282c600000, 0x00007f2a12d80000, 0x00007f2a12d80000)
  from space 996224K,  57% used [0x00007f2a12d80000, 0x00007f2a36127c60, 0x00007f2a4fa60000)
  to   space 996224K,   0% used [0x00007f2a4fa60000, 0x00007f2a4fa60000, 0x00007f2a8c740000)
 tenured generation   total 19925440K, used 19590843K [0x00007f2d81b50000, 0x00007f3241dc0000, 0x00007f382c600000)
   the space 19925440K,  98% used [0x00007f2d81b50000, 0x00007f322d6fedc0, 0x00007f322d6fee00, 0x00007f3241dc0000)
 Metaspace       used 30562K, capacity 30963K, committed 31232K, reserved 32768K
}
Event: 1396.901 GC heap after
{Heap after GC invocations=85 (full 6):
 def new generation   total 8966528K, used 573065K [0x00007f282c600000, 0x00007f2a8c740000, 0x00007f2d81b50000)
  eden space 7970304K,   0% used [0x00007f282c600000, 0x00007f282c600000, 0x00007f2a12d80000)
  from space 996224K,  57% used [0x00007f2a4fa60000, 0x00007f2a72a02580, 0x00007f2a8c740000)
  to   space 996224K,   0% used [0x00007f2a12d80000, 0x00007f2a12d80000, 0x00007f2a4fa60000)
 tenured generation   total 20168128K, used 20168026K [0x00007f2d81b50000, 0x00007f3250ac0000, 0x00007f382c600000)
   the space 20168128K,  99% used [0x00007f2d81b50000, 0x00007f3250aa6940, 0x00007f3250aa6a00, 0x00007f3250ac0000)
 Metaspace       used 30562K, capacity 30963K, committed 31232K, reserved 32768K
}
Event: 1396.901 GC heap before
{Heap before GC invocations=85 (full 6):
 def new generation   total 8966528K, used 573065K [0x00007f282c600000, 0x00007f2a8c740000, 0x00007f2d81b50000)
  eden space 7970304K,   0% used [0x00007f282c600000, 0x00007f282c600000, 0x00007f2a12d80000)
  from space 996224K,  57% used [0x00007f2a4fa60000, 0x00007f2a72a02580, 0x00007f2a8c740000)
  to   space 996224K,   0% used [0x00007f2a12d80000, 0x00007f2a12d80000, 0x00007f2a4fa60000)
 tenured generation   total 20168128K, used 20168026K [0x00007f2d81b50000, 0x00007f3250ac0000, 0x00007f382c600000)
   the space 20168128K,  99% used [0x00007f2d81b50000, 0x00007f3250aa6940, 0x00007f3250aa6a00, 0x00007f3250ac0000)
 Metaspace       used 30562K, capacity 30963K, committed 31232K, reserved 32768K
}

