# JRE version: OpenJDK Runtime Environment (13.0.7+5) (build 13.0.7+5-Ubuntu-0ubuntu120.04)
# Java VM: OpenJDK 64-Bit Server VM (13.0.7+5-Ubuntu-0ubuntu120.04, mixed mode, tiered, serial gc, linux-amd64)
Heap:
 def new generation   total 3037824K, used 331999K [0x00007f4580600000, 0x00007f464e640000, 0x00007f4ad5b50000)
  eden space 2700288K,  12% used [0x00007f4580600000, 0x00007f4594a37ea0, 0x00007f4625300000)
  from space 337536K,   0% used [0x00007f4639ca0000, 0x00007f4639ca0000, 0x00007f464e640000)
  to   space 337536K,   0% used [0x00007f4625300000, 0x00007f4625300000, 0x00007f4639ca0000)
 tenured generation   total 8332120K, used 8332119K [0x00007f4ad5b50000, 0x00007f4cd2426000, 0x00007f5580600000)
   the space 8332120K,  99% used [0x00007f4ad5b50000, 0x00007f4cd2425e50, 0x00007f4cd2426000, 0x00007f4cd2426000)
 Metaspace       used 30653K, capacity 31121K, committed 31232K, reserved 32768K
GC Heap History (20 events):
Event: 6.657 GC heap after
{Heap after GC invocations=3 (full 1):
 def new generation   total 629248K, used 69887K [0x00007f4580600000, 0x00007f45ab0c0000, 0x00007f4ad5b50000)
  eden space 559360K,   0% used [0x00007f4580600000, 0x00007f4580600000, 0x00007f45a2840000)
  from space 69888K,  99% used [0x00007f45a2840000, 0x00007f45a6c7ff38, 0x00007f45a6c80000)
  to   space 69888K,   0% used [0x00007f45a6c80000, 0x00007f45a6c80000, 0x00007f45ab0c0000)
 tenured generation   total 1398144K, used 686617K [0x00007f4ad5b50000, 0x00007f4b2b0b0000, 0x00007f5580600000)
   the space 1398144K,  49% used [0x00007f4ad5b50000, 0x00007f4aff9d67d0, 0x00007f4aff9d6800, 0x00007f4b2b0b0000)
 Metaspace       used 30651K, capacity 31121K, committed 31232K, reserved 32768K
}
Event: 6.987 GC heap before
{Heap before GC invocations=3 (full 1):
 def new generation   total 629248K, used 629247K [0x00007f4580600000, 0x00007f45ab0c0000, 0x00007f4ad5b50000)
  eden space 559360K, 100% used [0x00007f4580600000, 0x00007f45a2840000, 0x00007f45a2840000)
  from space 69888K,  99% used [0x00007f45a2840000, 0x00007f45a6c7ff38, 0x00007f45a6c80000)
  to   space 69888K,   0% used [0x00007f45a6c80000, 0x00007f45a6c80000, 0x00007f45ab0c0000)
 tenured generation   total 1398144K, used 686617K [0x00007f4ad5b50000, 0x00007f4b2b0b0000, 0x00007f5580600000)
   the space 1398144K,  49% used [0x00007f4ad5b50000, 0x00007f4aff9d67d0, 0x00007f4aff9d6800, 0x00007f4b2b0b0000)
 Metaspace       used 30651K, capacity 31121K, committed 31232K, reserved 32768K
}
Event: 7.775 GC heap after
{Heap after GC invocations=4 (full 1):
 def new generation   total 629248K, used 69887K [0x00007f4580600000, 0x00007f45ab0c0000, 0x00007f4ad5b50000)
  eden space 559360K,   0% used [0x00007f4580600000, 0x00007f4580600000, 0x00007f45a2840000)
  from space 69888K,  99% used [0x00007f45a6c80000, 0x00007f45ab0bff38, 0x00007f45ab0c0000)
  to   space 69888K,   0% used [0x00007f45a2840000, 0x00007f45a2840000, 0x00007f45a6c80000)
 tenured generation   total 1398144K, used 1245927K [0x00007f4ad5b50000, 0x00007f4b2b0b0000, 0x00007f5580600000)
   the space 1398144K,  89% used [0x00007f4ad5b50000, 0x00007f4b21c09c98, 0x00007f4b21c09e00, 0x00007f4b2b0b0000)
 Metaspace       used 30651K, capacity 31121K, committed 31232K, reserved 32768K
}
Event: 8.079 GC heap before
{Heap before GC invocations=4 (full 1):
 def new generation   total 629248K, used 629247K [0x00007f4580600000, 0x00007f45ab0c0000, 0x00007f4ad5b50000)
  eden space 559360K, 100% used [0x00007f4580600000, 0x00007f45a2840000, 0x00007f45a2840000)
  from space 69888K,  99% used [0x00007f45a6c80000, 0x00007f45ab0bff38, 0x00007f45ab0c0000)
  to   space 69888K,   0% used [0x00007f45a2840000, 0x00007f45a2840000, 0x00007f45a6c80000)
 tenured generation   total 1398144K, used 1245927K [0x00007f4ad5b50000, 0x00007f4b2b0b0000, 0x00007f5580600000)
   the space 1398144K,  89% used [0x00007f4ad5b50000, 0x00007f4b21c09c98, 0x00007f4b21c09e00, 0x00007f4b2b0b0000)
 Metaspace       used 30651K, capacity 31121K, committed 31232K, reserved 32768K
}
Event: 8.848 GC heap after
{Heap after GC invocations=5 (full 1):
 def new generation   total 629248K, used 69887K [0x00007f4580600000, 0x00007f45ab0c0000, 0x00007f4ad5b50000)
  eden space 559360K,   0% used [0x00007f4580600000, 0x00007f4580600000, 0x00007f45a2840000)
  from space 69888K,  99% used [0x00007f45a2840000, 0x00007f45a6c7ff38, 0x00007f45a6c80000)
  to   space 69888K,   0% used [0x00007f45a6c80000, 0x00007f45a6c80000, 0x00007f45ab0c0000)
 tenured generation   total 1805376K, used 1805246K [0x00007f4ad5b50000, 0x00007f4b43e60000, 0x00007f5580600000)
   the space 1805376K,  99% used [0x00007f4ad5b50000, 0x00007f4b43e3f928, 0x00007f4b43e3fa00, 0x00007f4b43e60000)
 Metaspace       used 30651K, capacity 31121K, committed 31232K, reserved 32768K
}
Event: 8.848 GC heap before
{Heap before GC invocations=5 (full 1):
 def new generation   total 629248K, used 69887K [0x00007f4580600000, 0x00007f45ab0c0000, 0x00007f4ad5b50000)
  eden space 559360K,   0% used [0x00007f4580600000, 0x00007f4580600000, 0x00007f45a2840000)
  from space 69888K,  99% used [0x00007f45a2840000, 0x00007f45a6c7ff38, 0x00007f45a6c80000)
  to   space 69888K,   0% used [0x00007f45a6c80000, 0x00007f45a6c80000, 0x00007f45ab0c0000)
 tenured generation   total 1805376K, used 1805246K [0x00007f4ad5b50000, 0x00007f4b43e60000, 0x00007f5580600000)
   the space 1805376K,  99% used [0x00007f4ad5b50000, 0x00007f4b43e3f928, 0x00007f4b43e3fa00, 0x00007f4b43e60000)
 Metaspace       used 30651K, capacity 31121K, committed 31232K, reserved 32768K
}
Event: 10.043 GC heap after
{Heap after GC invocations=5 (full 2):
 def new generation   total 1354112K, used 69758K [0x00007f4580600000, 0x00007f45dc340000, 0x00007f4ad5b50000)
  eden space 1203712K,   5% used [0x00007f4580600000, 0x00007f4584a1fa10, 0x00007f45c9d80000)
  from space 150400K,   0% used [0x00007f45c9d80000, 0x00007f45c9d80000, 0x00007f45d3060000)
  to   space 150400K,   0% used [0x00007f45d3060000, 0x00007f45d3060000, 0x00007f45dc340000)
 tenured generation   total 3008960K, used 1805375K [0x00007f4ad5b50000, 0x00007f4b8d5c0000, 0x00007f5580600000)
   the space 3008960K,  59% used [0x00007f4ad5b50000, 0x00007f4b43e5fe50, 0x00007f4b43e60000, 0x00007f4b8d5c0000)
 Metaspace       used 30651K, capacity 31121K, committed 31232K, reserved 32768K
}
Event: 10.756 GC heap before
{Heap before GC invocations=5 (full 2):
 def new generation   total 1354112K, used 1203712K [0x00007f4580600000, 0x00007f45dc340000, 0x00007f4ad5b50000)
  eden space 1203712K, 100% used [0x00007f4580600000, 0x00007f45c9d80000, 0x00007f45c9d80000)
  from space 150400K,   0% used [0x00007f45c9d80000, 0x00007f45c9d80000, 0x00007f45d3060000)
  to   space 150400K,   0% used [0x00007f45d3060000, 0x00007f45d3060000, 0x00007f45dc340000)
 tenured generation   total 3008960K, used 1805375K [0x00007f4ad5b50000, 0x00007f4b8d5c0000, 0x00007f5580600000)
   the space 3008960K,  59% used [0x00007f4ad5b50000, 0x00007f4b43e5fe50, 0x00007f4b43e60000, 0x00007f4b8d5c0000)
 Metaspace       used 30653K, capacity 31121K, committed 31232K, reserved 32768K
}
Event: 12.456 GC heap after
{Heap after GC invocations=6 (full 2):
 def new generation   total 1354112K, used 150399K [0x00007f4580600000, 0x00007f45dc340000, 0x00007f4ad5b50000)
  eden space 1203712K,   0% used [0x00007f4580600000, 0x00007f4580600000, 0x00007f45c9d80000)
  from space 150400K,  99% used [0x00007f45d3060000, 0x00007f45dc33ff98, 0x00007f45dc340000)
  to   space 150400K,   0% used [0x00007f45c9d80000, 0x00007f45c9d80000, 0x00007f45d3060000)
 tenured generation   total 3008960K, used 2846601K [0x00007f4ad5b50000, 0x00007f4b8d5c0000, 0x00007f5580600000)
   the space 3008960K,  94% used [0x00007f4ad5b50000, 0x00007f4b83732690, 0x00007f4b83732800, 0x00007f4b8d5c0000)
 Metaspace       used 30653K, capacity 31121K, committed 31232K, reserved 32768K
}
Event: 13.117 GC heap before
{Heap before GC invocations=6 (full 2):
 def new generation   total 1354112K, used 1354111K [0x00007f4580600000, 0x00007f45dc340000, 0x00007f4ad5b50000)
  eden space 1203712K, 100% used [0x00007f4580600000, 0x00007f45c9d80000, 0x00007f45c9d80000)
  from space 150400K,  99% used [0x00007f45d3060000, 0x00007f45dc33ff98, 0x00007f45dc340000)
  to   space 150400K,   0% used [0x00007f45c9d80000, 0x00007f45c9d80000, 0x00007f45d3060000)
 tenured generation   total 3008960K, used 2846601K [0x00007f4ad5b50000, 0x00007f4b8d5c0000, 0x00007f5580600000)
   the space 3008960K,  94% used [0x00007f4ad5b50000, 0x00007f4b83732690, 0x00007f4b83732800, 0x00007f4b8d5c0000)
 Metaspace       used 30653K, capacity 31121K, committed 31232K, reserved 32768K
}
Event: 14.806 GC heap after
{Heap after GC invocations=7 (full 2):
 def new generation   total 1354112K, used 150399K [0x00007f4580600000, 0x00007f45dc340000, 0x00007f4ad5b50000)
  eden space 1203712K,   0% used [0x00007f4580600000, 0x00007f4580600000, 0x00007f45c9d80000)
  from space 150400K,  99% used [0x00007f45c9d80000, 0x00007f45d305ff48, 0x00007f45d3060000)
  to   space 150400K,   0% used [0x00007f45d3060000, 0x00007f45d3060000, 0x00007f45dc340000)
 tenured generation   total 4050368K, used 4050257K [0x00007f4ad5b50000, 0x00007f4bccec0000, 0x00007f5580600000)
   the space 4050368K,  99% used [0x00007f4ad5b50000, 0x00007f4bccea4710, 0x00007f4bccea4800, 0x00007f4bccec0000)
 Metaspace       used 30653K, capacity 31121K, committed 31232K, reserved 32768K
}
Event: 14.806 GC heap before
{Heap before GC invocations=7 (full 2):
 def new generation   total 1354112K, used 150399K [0x00007f4580600000, 0x00007f45dc340000, 0x00007f4ad5b50000)
  eden space 1203712K,   0% used [0x00007f4580600000, 0x00007f4580600000, 0x00007f45c9d80000)
  from space 150400K,  99% used [0x00007f45c9d80000, 0x00007f45d305ff48, 0x00007f45d3060000)
  to   space 150400K,   0% used [0x00007f45d3060000, 0x00007f45d3060000, 0x00007f45dc340000)
 tenured generation   total 4050368K, used 4050257K [0x00007f4ad5b50000, 0x00007f4bccec0000, 0x00007f5580600000)
   the space 4050368K,  99% used [0x00007f4ad5b50000, 0x00007f4bccea4710, 0x00007f4bccea4800, 0x00007f4bccec0000)
 Metaspace       used 30653K, capacity 31121K, committed 31232K, reserved 32768K
}
Event: 17.442 GC heap after
{Heap after GC invocations=7 (full 3):
 def new generation   total 3037824K, used 150289K [0x00007f4580600000, 0x00007f464e640000, 0x00007f4ad5b50000)
  eden space 2700288K,   5% used [0x00007f4580600000, 0x00007f45898c4798, 0x00007f4625300000)
  from space 337536K,   0% used [0x00007f4625300000, 0x00007f4625300000, 0x00007f4639ca0000)
  to   space 337536K,   0% used [0x00007f4639ca0000, 0x00007f4639ca0000, 0x00007f464e640000)
 tenured generation   total 6750616K, used 4050367K [0x00007f4ad5b50000, 0x00007f4c71bb6000, 0x00007f5580600000)
   the space 6750616K,  59% used [0x00007f4ad5b50000, 0x00007f4bccebfec0, 0x00007f4bccec0000, 0x00007f4c71bb6000)
 Metaspace       used 30653K, capacity 31121K, committed 31232K, reserved 32768K
}
Event: 24.258 GC heap before
{Heap before GC invocations=7 (full 3):
 def new generation   total 3037824K, used 2700288K [0x00007f4580600000, 0x00007f464e640000, 0x00007f4ad5b50000)
  eden space 2700288K, 100% used [0x00007f4580600000, 0x00007f4625300000, 0x00007f4625300000)
  from space 337536K,   0% used [0x00007f4625300000, 0x00007f4625300000, 0x00007f4639ca0000)
  to   space 337536K,   0% used [0x00007f4639ca0000, 0x00007f4639ca0000, 0x00007f464e640000)
 tenured generation   total 6750616K, used 4050367K [0x00007f4ad5b50000, 0x00007f4c71bb6000, 0x00007f5580600000)
   the space 6750616K,  59% used [0x00007f4ad5b50000, 0x00007f4bccebfec0, 0x00007f4bccec0000, 0x00007f4c71bb6000)
 Metaspace       used 30653K, capacity 31121K, committed 31232K, reserved 32768K
}
Event: 26.092 GC heap after
{Heap after GC invocations=8 (full 3):
 def new generation   total 3037824K, used 337535K [0x00007f4580600000, 0x00007f464e640000, 0x00007f4ad5b50000)
  eden space 2700288K,   0% used [0x00007f4580600000, 0x00007f4580600000, 0x00007f4625300000)
  from space 337536K,  99% used [0x00007f4639ca0000, 0x00007f464e63ff58, 0x00007f464e640000)
  to   space 337536K,   0% used [0x00007f4625300000, 0x00007f4625300000, 0x00007f4639ca0000)
 tenured generation   total 6750616K, used 4503148K [0x00007f4ad5b50000, 0x00007f4c71bb6000, 0x00007f5580600000)
   the space 6750616K,  66% used [0x00007f4ad5b50000, 0x00007f4be88eb1d0, 0x00007f4be88eb200, 0x00007f4c71bb6000)
 Metaspace       used 30653K, capacity 31121K, committed 31232K, reserved 32768K
}
Event: 31.498 GC heap before
{Heap before GC invocations=8 (full 3):
 def new generation   total 3037824K, used 3037823K [0x00007f4580600000, 0x00007f464e640000, 0x00007f4ad5b50000)
  eden space 2700288K, 100% used [0x00007f4580600000, 0x00007f4625300000, 0x00007f4625300000)
  from space 337536K,  99% used [0x00007f4639ca0000, 0x00007f464e63ff58, 0x00007f464e640000)
  to   space 337536K,   0% used [0x00007f4625300000, 0x00007f4625300000, 0x00007f4639ca0000)
 tenured generation   total 6750616K, used 4503148K [0x00007f4ad5b50000, 0x00007f4c71bb6000, 0x00007f5580600000)
   the space 6750616K,  66% used [0x00007f4ad5b50000, 0x00007f4be88eb1d0, 0x00007f4be88eb200, 0x00007f4c71bb6000)
 Metaspace       used 30653K, capacity 31121K, committed 31232K, reserved 32768K
}
Event: 33.304 GC heap after
{Heap after GC invocations=9 (full 3):
 def new generation   total 3037824K, used 337535K [0x00007f4580600000, 0x00007f464e640000, 0x00007f4ad5b50000)
  eden space 2700288K,   0% used [0x00007f4580600000, 0x00007f4580600000, 0x00007f4625300000)
  from space 337536K,  99% used [0x00007f4625300000, 0x00007f4639c9fed8, 0x00007f4639ca0000)
  to   space 337536K,   0% used [0x00007f4639ca0000, 0x00007f4639ca0000, 0x00007f464e640000)
 tenured generation   total 6750616K, used 5631744K [0x00007f4ad5b50000, 0x00007f4c71bb6000, 0x00007f5580600000)
   the space 6750616K,  83% used [0x00007f4ad5b50000, 0x00007f4c2d710270, 0x00007f4c2d710400, 0x00007f4c71bb6000)
 Metaspace       used 30653K, capacity 31121K, committed 31232K, reserved 32768K
}
Event: 34.809 GC heap before
{Heap before GC invocations=9 (full 3):
 def new generation   total 3037824K, used 3037823K [0x00007f4580600000, 0x00007f464e640000, 0x00007f4ad5b50000)
  eden space 2700288K, 100% used [0x00007f4580600000, 0x00007f4625300000, 0x00007f4625300000)
  from space 337536K,  99% used [0x00007f4625300000, 0x00007f4639c9fed8, 0x00007f4639ca0000)
  to   space 337536K,   0% used [0x00007f4639ca0000, 0x00007f4639ca0000, 0x00007f464e640000)
 tenured generation   total 6750616K, used 5631744K [0x00007f4ad5b50000, 0x00007f4c71bb6000, 0x00007f5580600000)
   the space 6750616K,  83% used [0x00007f4ad5b50000, 0x00007f4c2d710270, 0x00007f4c2d710400, 0x00007f4c71bb6000)
 Metaspace       used 30653K, capacity 31121K, committed 31232K, reserved 32768K
}
Event: 39.113 GC heap after
{Heap after GC invocations=10 (full 3):
 def new generation   total 3037824K, used 337535K [0x00007f4580600000, 0x00007f464e640000, 0x00007f4ad5b50000)
  eden space 2700288K,   0% used [0x00007f4580600000, 0x00007f4580600000, 0x00007f4625300000)
  from space 337536K,  99% used [0x00007f4639ca0000, 0x00007f464e63fe20, 0x00007f464e640000)
  to   space 337536K,   0% used [0x00007f4625300000, 0x00007f4625300000, 0x00007f4639ca0000)
 tenured generation   total 8332120K, used 8331978K [0x00007f4ad5b50000, 0x00007f4cd2426000, 0x00007f5580600000)
   the space 8332120K,  99% used [0x00007f4ad5b50000, 0x00007f4cd2402910, 0x00007f4cd2402a00, 0x00007f4cd2426000)
 Metaspace       used 30653K, capacity 31121K, committed 31232K, reserved 32768K
}
Event: 39.113 GC heap before
{Heap before GC invocations=10 (full 3):
 def new generation   total 3037824K, used 337535K [0x00007f4580600000, 0x00007f464e640000, 0x00007f4ad5b50000)
  eden space 2700288K,   0% used [0x00007f4580600000, 0x00007f4580600000, 0x00007f4625300000)
  from space 337536K,  99% used [0x00007f4639ca0000, 0x00007f464e63fe20, 0x00007f464e640000)
  to   space 337536K,   0% used [0x00007f4625300000, 0x00007f4625300000, 0x00007f4639ca0000)
 tenured generation   total 8332120K, used 8331978K [0x00007f4ad5b50000, 0x00007f4cd2426000, 0x00007f5580600000)
   the space 8332120K,  99% used [0x00007f4ad5b50000, 0x00007f4cd2402910, 0x00007f4cd2402a00, 0x00007f4cd2426000)
 Metaspace       used 30653K, capacity 31121K, committed 31232K, reserved 32768K
}

