# JRE version: OpenJDK Runtime Environment (13.0.7+5) (build 13.0.7+5-Ubuntu-0ubuntu120.04)
# Java VM: OpenJDK 64-Bit Server VM (13.0.7+5-Ubuntu-0ubuntu120.04, mixed mode, tiered, serial gc, linux-amd64)
Heap:
 def new generation   total 629248K, used 4280K [0x00007fa74c600000, 0x00007fa7770c0000, 0x00007faca1b50000)
  eden space 559360K,   0% used [0x00007fa74c600000, 0x00007fa74ca2e348, 0x00007fa76e840000)
  from space 69888K,   0% used [0x00007fa76e840000, 0x00007fa76e840000, 0x00007fa772c80000)
  to   space 69888K,   0% used [0x00007fa772c80000, 0x00007fa772c80000, 0x00007fa7770c0000)
 tenured generation   total 1398528K, used 1398527K [0x00007faca1b50000, 0x00007facf7110000, 0x00007fb74c600000)
   the space 1398528K,  99% used [0x00007faca1b50000, 0x00007facf710ffb8, 0x00007facf7110000, 0x00007facf7110000)
 Metaspace       used 24237K, capacity 24593K, committed 24832K, reserved 26624K
GC Heap History (20 events):
Event: 2092.429 GC heap after
{Heap after GC invocations=4176 (full 1):
 def new generation   total 629248K, used 8057K [0x00007fa74c600000, 0x00007fa7770c0000, 0x00007faca1b50000)
  eden space 559360K,   0% used [0x00007fa74c600000, 0x00007fa74c600000, 0x00007fa76e840000)
  from space 69888K,  11% used [0x00007fa772c80000, 0x00007fa77345e4e0, 0x00007fa7770c0000)
  to   space 69888K,   0% used [0x00007fa76e840000, 0x00007fa76e840000, 0x00007fa772c80000)
 tenured generation   total 1398144K, used 1392610K [0x00007faca1b50000, 0x00007facf70b0000, 0x00007fb74c600000)
   the space 1398144K,  99% used [0x00007faca1b50000, 0x00007facf6b489d8, 0x00007facf6b48a00, 0x00007facf70b0000)
 Metaspace       used 24237K, capacity 24593K, committed 24832K, reserved 26624K
}
Event: 2092.930 GC heap before
{Heap before GC invocations=4176 (full 1):
 def new generation   total 629248K, used 567417K [0x00007fa74c600000, 0x00007fa7770c0000, 0x00007faca1b50000)
  eden space 559360K, 100% used [0x00007fa74c600000, 0x00007fa76e840000, 0x00007fa76e840000)
  from space 69888K,  11% used [0x00007fa772c80000, 0x00007fa77345e4e0, 0x00007fa7770c0000)
  to   space 69888K,   0% used [0x00007fa76e840000, 0x00007fa76e840000, 0x00007fa772c80000)
 tenured generation   total 1398144K, used 1392610K [0x00007faca1b50000, 0x00007facf70b0000, 0x00007fb74c600000)
   the space 1398144K,  99% used [0x00007faca1b50000, 0x00007facf6b489d8, 0x00007facf6b48a00, 0x00007facf70b0000)
 Metaspace       used 24237K, capacity 24593K, committed 24832K, reserved 26624K
}
Event: 2092.946 GC heap after
{Heap after GC invocations=4177 (full 1):
 def new generation   total 629248K, used 7595K [0x00007fa74c600000, 0x00007fa7770c0000, 0x00007faca1b50000)
  eden space 559360K,   0% used [0x00007fa74c600000, 0x00007fa74c600000, 0x00007fa76e840000)
  from space 69888K,  10% used [0x00007fa76e840000, 0x00007fa76efaacf8, 0x00007fa772c80000)
  to   space 69888K,   0% used [0x00007fa772c80000, 0x00007fa772c80000, 0x00007fa7770c0000)
 tenured generation   total 1398144K, used 1393264K [0x00007faca1b50000, 0x00007facf70b0000, 0x00007fb74c600000)
   the space 1398144K,  99% used [0x00007faca1b50000, 0x00007facf6bec0f8, 0x00007facf6bec200, 0x00007facf70b0000)
 Metaspace       used 24237K, capacity 24593K, committed 24832K, reserved 26624K
}
Event: 2093.432 GC heap before
{Heap before GC invocations=4177 (full 1):
 def new generation   total 629248K, used 566955K [0x00007fa74c600000, 0x00007fa7770c0000, 0x00007faca1b50000)
  eden space 559360K, 100% used [0x00007fa74c600000, 0x00007fa76e840000, 0x00007fa76e840000)
  from space 69888K,  10% used [0x00007fa76e840000, 0x00007fa76efaacf8, 0x00007fa772c80000)
  to   space 69888K,   0% used [0x00007fa772c80000, 0x00007fa772c80000, 0x00007fa7770c0000)
 tenured generation   total 1398144K, used 1393264K [0x00007faca1b50000, 0x00007facf70b0000, 0x00007fb74c600000)
   the space 1398144K,  99% used [0x00007faca1b50000, 0x00007facf6bec0f8, 0x00007facf6bec200, 0x00007facf70b0000)
 Metaspace       used 24237K, capacity 24593K, committed 24832K, reserved 26624K
}
Event: 2093.447 GC heap after
{Heap after GC invocations=4178 (full 1):
 def new generation   total 629248K, used 7098K [0x00007fa74c600000, 0x00007fa7770c0000, 0x00007faca1b50000)
  eden space 559360K,   0% used [0x00007fa74c600000, 0x00007fa74c600000, 0x00007fa76e840000)
  from space 69888K,  10% used [0x00007fa772c80000, 0x00007fa77336eae8, 0x00007fa7770c0000)
  to   space 69888K,   0% used [0x00007fa76e840000, 0x00007fa76e840000, 0x00007fa772c80000)
 tenured generation   total 1398144K, used 1393917K [0x00007faca1b50000, 0x00007facf70b0000, 0x00007fb74c600000)
   the space 1398144K,  99% used [0x00007faca1b50000, 0x00007facf6c8f6a8, 0x00007facf6c8f800, 0x00007facf70b0000)
 Metaspace       used 24237K, capacity 24593K, committed 24832K, reserved 26624K
}
Event: 2093.935 GC heap before
{Heap before GC invocations=4178 (full 1):
 def new generation   total 629248K, used 566458K [0x00007fa74c600000, 0x00007fa7770c0000, 0x00007faca1b50000)
  eden space 559360K, 100% used [0x00007fa74c600000, 0x00007fa76e840000, 0x00007fa76e840000)
  from space 69888K,  10% used [0x00007fa772c80000, 0x00007fa77336eae8, 0x00007fa7770c0000)
  to   space 69888K,   0% used [0x00007fa76e840000, 0x00007fa76e840000, 0x00007fa772c80000)
 tenured generation   total 1398144K, used 1393917K [0x00007faca1b50000, 0x00007facf70b0000, 0x00007fb74c600000)
   the space 1398144K,  99% used [0x00007faca1b50000, 0x00007facf6c8f6a8, 0x00007facf6c8f800, 0x00007facf70b0000)
 Metaspace       used 24237K, capacity 24593K, committed 24832K, reserved 26624K
}
Event: 2093.950 GC heap after
{Heap after GC invocations=4179 (full 1):
 def new generation   total 629248K, used 6677K [0x00007fa74c600000, 0x00007fa7770c0000, 0x00007faca1b50000)
  eden space 559360K,   0% used [0x00007fa74c600000, 0x00007fa74c600000, 0x00007fa76e840000)
  from space 69888K,   9% used [0x00007fa76e840000, 0x00007fa76eec57e0, 0x00007fa772c80000)
  to   space 69888K,   0% used [0x00007fa772c80000, 0x00007fa772c80000, 0x00007fa7770c0000)
 tenured generation   total 1398144K, used 1394571K [0x00007faca1b50000, 0x00007facf70b0000, 0x00007fb74c600000)
   the space 1398144K,  99% used [0x00007faca1b50000, 0x00007facf6d32c58, 0x00007facf6d32e00, 0x00007facf70b0000)
 Metaspace       used 24237K, capacity 24593K, committed 24832K, reserved 26624K
}
Event: 2094.420 GC heap before
{Heap before GC invocations=4179 (full 1):
 def new generation   total 629248K, used 566037K [0x00007fa74c600000, 0x00007fa7770c0000, 0x00007faca1b50000)
  eden space 559360K, 100% used [0x00007fa74c600000, 0x00007fa76e840000, 0x00007fa76e840000)
  from space 69888K,   9% used [0x00007fa76e840000, 0x00007fa76eec57e0, 0x00007fa772c80000)
  to   space 69888K,   0% used [0x00007fa772c80000, 0x00007fa772c80000, 0x00007fa7770c0000)
 tenured generation   total 1398144K, used 1394571K [0x00007faca1b50000, 0x00007facf70b0000, 0x00007fb74c600000)
   the space 1398144K,  99% used [0x00007faca1b50000, 0x00007facf6d32c58, 0x00007facf6d32e00, 0x00007facf70b0000)
 Metaspace       used 24237K, capacity 24593K, committed 24832K, reserved 26624K
}
Event: 2094.432 GC heap after
{Heap after GC invocations=4180 (full 1):
 def new generation   total 629248K, used 6246K [0x00007fa74c600000, 0x00007fa7770c0000, 0x00007faca1b50000)
  eden space 559360K,   0% used [0x00007fa74c600000, 0x00007fa74c600000, 0x00007fa76e840000)
  from space 69888K,   8% used [0x00007fa772c80000, 0x00007fa773299ae0, 0x00007fa7770c0000)
  to   space 69888K,   0% used [0x00007fa76e840000, 0x00007fa76e840000, 0x00007fa772c80000)
 tenured generation   total 1398144K, used 1395224K [0x00007faca1b50000, 0x00007facf70b0000, 0x00007fb74c600000)
   the space 1398144K,  99% used [0x00007faca1b50000, 0x00007facf6dd6208, 0x00007facf6dd6400, 0x00007facf70b0000)
 Metaspace       used 24237K, capacity 24593K, committed 24832K, reserved 26624K
}
Event: 2094.908 GC heap before
{Heap before GC invocations=4180 (full 1):
 def new generation   total 629248K, used 565606K [0x00007fa74c600000, 0x00007fa7770c0000, 0x00007faca1b50000)
  eden space 559360K, 100% used [0x00007fa74c600000, 0x00007fa76e840000, 0x00007fa76e840000)
  from space 69888K,   8% used [0x00007fa772c80000, 0x00007fa773299ae0, 0x00007fa7770c0000)
  to   space 69888K,   0% used [0x00007fa76e840000, 0x00007fa76e840000, 0x00007fa772c80000)
 tenured generation   total 1398144K, used 1395224K [0x00007faca1b50000, 0x00007facf70b0000, 0x00007fb74c600000)
   the space 1398144K,  99% used [0x00007faca1b50000, 0x00007facf6dd6208, 0x00007facf6dd6400, 0x00007facf70b0000)
 Metaspace       used 24237K, capacity 24593K, committed 24832K, reserved 26624K
}
Event: 2094.919 GC heap after
{Heap after GC invocations=4181 (full 1):
 def new generation   total 629248K, used 5829K [0x00007fa74c600000, 0x00007fa7770c0000, 0x00007faca1b50000)
  eden space 559360K,   0% used [0x00007fa74c600000, 0x00007fa74c600000, 0x00007fa76e840000)
  from space 69888K,   8% used [0x00007fa76e840000, 0x00007fa76edf1538, 0x00007fa772c80000)
  to   space 69888K,   0% used [0x00007fa772c80000, 0x00007fa772c80000, 0x00007fa7770c0000)
 tenured generation   total 1398144K, used 1395877K [0x00007faca1b50000, 0x00007facf70b0000, 0x00007fb74c600000)
   the space 1398144K,  99% used [0x00007faca1b50000, 0x00007facf6e797b8, 0x00007facf6e79800, 0x00007facf70b0000)
 Metaspace       used 24237K, capacity 24593K, committed 24832K, reserved 26624K
}
Event: 2095.367 GC heap before
{Heap before GC invocations=4181 (full 1):
 def new generation   total 629248K, used 565189K [0x00007fa74c600000, 0x00007fa7770c0000, 0x00007faca1b50000)
  eden space 559360K, 100% used [0x00007fa74c600000, 0x00007fa76e840000, 0x00007fa76e840000)
  from space 69888K,   8% used [0x00007fa76e840000, 0x00007fa76edf1538, 0x00007fa772c80000)
  to   space 69888K,   0% used [0x00007fa772c80000, 0x00007fa772c80000, 0x00007fa7770c0000)
 tenured generation   total 1398144K, used 1395877K [0x00007faca1b50000, 0x00007facf70b0000, 0x00007fb74c600000)
   the space 1398144K,  99% used [0x00007faca1b50000, 0x00007facf6e797b8, 0x00007facf6e79800, 0x00007facf70b0000)
 Metaspace       used 24237K, capacity 24593K, committed 24832K, reserved 26624K
}
Event: 2095.381 GC heap after
{Heap after GC invocations=4182 (full 1):
 def new generation   total 629248K, used 5411K [0x00007fa74c600000, 0x00007fa7770c0000, 0x00007faca1b50000)
  eden space 559360K,   0% used [0x00007fa74c600000, 0x00007fa74c600000, 0x00007fa76e840000)
  from space 69888K,   7% used [0x00007fa772c80000, 0x00007fa7731c8f18, 0x00007fa7770c0000)
  to   space 69888K,   0% used [0x00007fa76e840000, 0x00007fa76e840000, 0x00007fa772c80000)
 tenured generation   total 1398144K, used 1396531K [0x00007faca1b50000, 0x00007facf70b0000, 0x00007fb74c600000)
   the space 1398144K,  99% used [0x00007faca1b50000, 0x00007facf6f1cd68, 0x00007facf6f1ce00, 0x00007facf70b0000)
 Metaspace       used 24237K, capacity 24593K, committed 24832K, reserved 26624K
}
Event: 2095.877 GC heap before
{Heap before GC invocations=4182 (full 1):
 def new generation   total 629248K, used 564771K [0x00007fa74c600000, 0x00007fa7770c0000, 0x00007faca1b50000)
  eden space 559360K, 100% used [0x00007fa74c600000, 0x00007fa76e840000, 0x00007fa76e840000)
  from space 69888K,   7% used [0x00007fa772c80000, 0x00007fa7731c8f18, 0x00007fa7770c0000)
  to   space 69888K,   0% used [0x00007fa76e840000, 0x00007fa76e840000, 0x00007fa772c80000)
 tenured generation   total 1398144K, used 1396531K [0x00007faca1b50000, 0x00007facf70b0000, 0x00007fb74c600000)
   the space 1398144K,  99% used [0x00007faca1b50000, 0x00007facf6f1cd68, 0x00007facf6f1ce00, 0x00007facf70b0000)
 Metaspace       used 24237K, capacity 24593K, committed 24832K, reserved 26624K
}
Event: 2095.888 GC heap after
{Heap after GC invocations=4183 (full 1):
 def new generation   total 629248K, used 5004K [0x00007fa74c600000, 0x00007fa7770c0000, 0x00007faca1b50000)
  eden space 559360K,   0% used [0x00007fa74c600000, 0x00007fa74c600000, 0x00007fa76e840000)
  from space 69888K,   7% used [0x00007fa76e840000, 0x00007fa76ed232f8, 0x00007fa772c80000)
  to   space 69888K,   0% used [0x00007fa772c80000, 0x00007fa772c80000, 0x00007fa7770c0000)
 tenured generation   total 1398144K, used 1397167K [0x00007faca1b50000, 0x00007facf70b0000, 0x00007fb74c600000)
   the space 1398144K,  99% used [0x00007faca1b50000, 0x00007facf6fbbe50, 0x00007facf6fbc000, 0x00007facf70b0000)
 Metaspace       used 24237K, capacity 24593K, committed 24832K, reserved 26624K
}
Event: 2096.371 GC heap before
{Heap before GC invocations=4183 (full 1):
 def new generation   total 629248K, used 564364K [0x00007fa74c600000, 0x00007fa7770c0000, 0x00007faca1b50000)
  eden space 559360K, 100% used [0x00007fa74c600000, 0x00007fa76e840000, 0x00007fa76e840000)
  from space 69888K,   7% used [0x00007fa76e840000, 0x00007fa76ed232f8, 0x00007fa772c80000)
  to   space 69888K,   0% used [0x00007fa772c80000, 0x00007fa772c80000, 0x00007fa7770c0000)
 tenured generation   total 1398144K, used 1397167K [0x00007faca1b50000, 0x00007facf70b0000, 0x00007fb74c600000)
   the space 1398144K,  99% used [0x00007faca1b50000, 0x00007facf6fbbe50, 0x00007facf6fbc000, 0x00007facf70b0000)
 Metaspace       used 24237K, capacity 24593K, committed 24832K, reserved 26624K
}
Event: 2096.380 GC heap after
{Heap after GC invocations=4184 (full 1):
 def new generation   total 629248K, used 4653K [0x00007fa74c600000, 0x00007fa7770c0000, 0x00007faca1b50000)
  eden space 559360K,   0% used [0x00007fa74c600000, 0x00007fa74c600000, 0x00007fa76e840000)
  from space 69888K,   6% used [0x00007fa772c80000, 0x00007fa77310b5e0, 0x00007fa7770c0000)
  to   space 69888K,   0% used [0x00007fa76e840000, 0x00007fa76e840000, 0x00007fa772c80000)
 tenured generation   total 1398144K, used 1397825K [0x00007faca1b50000, 0x00007facf70b0000, 0x00007fb74c600000)
   the space 1398144K,  99% used [0x00007faca1b50000, 0x00007facf7060540, 0x00007facf7060600, 0x00007facf70b0000)
 Metaspace       used 24237K, capacity 24593K, committed 24832K, reserved 26624K
}
Event: 2096.875 GC heap before
{Heap before GC invocations=4184 (full 1):
 def new generation   total 629248K, used 564013K [0x00007fa74c600000, 0x00007fa7770c0000, 0x00007faca1b50000)
  eden space 559360K, 100% used [0x00007fa74c600000, 0x00007fa76e840000, 0x00007fa76e840000)
  from space 69888K,   6% used [0x00007fa772c80000, 0x00007fa77310b5e0, 0x00007fa7770c0000)
  to   space 69888K,   0% used [0x00007fa76e840000, 0x00007fa76e840000, 0x00007fa772c80000)
 tenured generation   total 1398144K, used 1397825K [0x00007faca1b50000, 0x00007facf70b0000, 0x00007fb74c600000)
   the space 1398144K,  99% used [0x00007faca1b50000, 0x00007facf7060540, 0x00007facf7060600, 0x00007facf70b0000)
 Metaspace       used 24237K, capacity 24593K, committed 24832K, reserved 26624K
}
Event: 2096.888 GC heap after
{Heap after GC invocations=4185 (full 1):
 def new generation   total 629248K, used 4334K [0x00007fa74c600000, 0x00007fa7770c0000, 0x00007faca1b50000)
  eden space 559360K,   0% used [0x00007fa74c600000, 0x00007fa74c600000, 0x00007fa76e840000)
  from space 69888K,   6% used [0x00007fa76e840000, 0x00007fa76ec7ba40, 0x00007fa772c80000)
  to   space 69888K,   0% used [0x00007fa772c80000, 0x00007fa772c80000, 0x00007fa7770c0000)
 tenured generation   total 1398528K, used 1398478K [0x00007faca1b50000, 0x00007facf7110000, 0x00007fb74c600000)
   the space 1398528K,  99% used [0x00007faca1b50000, 0x00007facf7103af0, 0x00007facf7103c00, 0x00007facf7110000)
 Metaspace       used 24237K, capacity 24593K, committed 24832K, reserved 26624K
}
Event: 2096.888 GC heap before
{Heap before GC invocations=4185 (full 1):
 def new generation   total 629248K, used 4334K [0x00007fa74c600000, 0x00007fa7770c0000, 0x00007faca1b50000)
  eden space 559360K,   0% used [0x00007fa74c600000, 0x00007fa74c600000, 0x00007fa76e840000)
  from space 69888K,   6% used [0x00007fa76e840000, 0x00007fa76ec7ba40, 0x00007fa772c80000)
  to   space 69888K,   0% used [0x00007fa772c80000, 0x00007fa772c80000, 0x00007fa7770c0000)
 tenured generation   total 1398528K, used 1398478K [0x00007faca1b50000, 0x00007facf7110000, 0x00007fb74c600000)
   the space 1398528K,  99% used [0x00007faca1b50000, 0x00007facf7103af0, 0x00007facf7103c00, 0x00007facf7110000)
 Metaspace       used 24237K, capacity 24593K, committed 24832K, reserved 26624K
}

