# JRE version: OpenJDK Runtime Environment (13.0.7+5) (build 13.0.7+5-Ubuntu-0ubuntu120.04)
# Java VM: OpenJDK 64-Bit Server VM (13.0.7+5-Ubuntu-0ubuntu120.04, mixed mode, tiered, serial gc, linux-amd64)
Heap:
 def new generation   total 8102592K, used 154270K [0x00007ef414600000, 0x00007ef639dd0000, 0x00007ef969b50000)
  eden space 7202368K,   2% used [0x00007ef414600000, 0x00007ef41dca7b60, 0x00007ef5cbf90000)
  from space 900224K,   0% used [0x00007ef5cbf90000, 0x00007ef5cbf90000, 0x00007ef602eb0000)
  to   space 900224K,   0% used [0x00007ef602eb0000, 0x00007ef602eb0000, 0x00007ef639dd0000)
 tenured generation   total 18005688K, used 18005678K [0x00007ef969b50000, 0x00007efdb4afe000, 0x00007f0414600000)
   the space 18005688K,  99% used [0x00007ef969b50000, 0x00007efdb4afba50, 0x00007efdb4afbc00, 0x00007efdb4afe000)
 Metaspace       used 24376K, capacity 24852K, committed 25088K, reserved 26624K
GC Heap History (20 events):
Event: 9602.368 GC heap after
{Heap after GC invocations=5427 (full 6):
 def new generation   total 8102592K, used 159185K [0x00007ef414600000, 0x00007ef639dd0000, 0x00007ef969b50000)
  eden space 7202368K,   0% used [0x00007ef414600000, 0x00007ef414600000, 0x00007ef5cbf90000)
  from space 900224K,  17% used [0x00007ef602eb0000, 0x00007ef60ca24660, 0x00007ef639dd0000)
  to   space 900224K,   0% used [0x00007ef5cbf90000, 0x00007ef5cbf90000, 0x00007ef602eb0000)
 tenured generation   total 18005496K, used 17909885K [0x00007ef969b50000, 0x00007efdb4ace000, 0x00007f0414600000)
   the space 18005496K,  99% used [0x00007ef969b50000, 0x00007efdaed6f488, 0x00007efdaed6f600, 0x00007efdb4ace000)
 Metaspace       used 24376K, capacity 24852K, committed 25088K, reserved 26624K
}
Event: 9607.088 GC heap before
{Heap before GC invocations=5427 (full 6):
 def new generation   total 8102592K, used 7361553K [0x00007ef414600000, 0x00007ef639dd0000, 0x00007ef969b50000)
  eden space 7202368K, 100% used [0x00007ef414600000, 0x00007ef5cbf90000, 0x00007ef5cbf90000)
  from space 900224K,  17% used [0x00007ef602eb0000, 0x00007ef60ca24660, 0x00007ef639dd0000)
  to   space 900224K,   0% used [0x00007ef5cbf90000, 0x00007ef5cbf90000, 0x00007ef602eb0000)
 tenured generation   total 18005496K, used 17909885K [0x00007ef969b50000, 0x00007efdb4ace000, 0x00007f0414600000)
   the space 18005496K,  99% used [0x00007ef969b50000, 0x00007efdaed6f488, 0x00007efdaed6f600, 0x00007efdb4ace000)
 Metaspace       used 24376K, capacity 24852K, committed 25088K, reserved 26624K
}
Event: 9607.316 GC heap after
{Heap after GC invocations=5428 (full 6):
 def new generation   total 8102592K, used 161188K [0x00007ef414600000, 0x00007ef639dd0000, 0x00007ef969b50000)
  eden space 7202368K,   0% used [0x00007ef414600000, 0x00007ef414600000, 0x00007ef5cbf90000)
  from space 900224K,  17% used [0x00007ef5cbf90000, 0x00007ef5d5cf9300, 0x00007ef602eb0000)
  to   space 900224K,   0% used [0x00007ef602eb0000, 0x00007ef602eb0000, 0x00007ef639dd0000)
 tenured generation   total 18005496K, used 17918083K [0x00007ef969b50000, 0x00007efdb4ace000, 0x00007f0414600000)
   the space 18005496K,  99% used [0x00007ef969b50000, 0x00007efdaf570f88, 0x00007efdaf571000, 0x00007efdb4ace000)
 Metaspace       used 24376K, capacity 24852K, committed 25088K, reserved 26624K
}
Event: 9612.336 GC heap before
{Heap before GC invocations=5428 (full 6):
 def new generation   total 8102592K, used 7363556K [0x00007ef414600000, 0x00007ef639dd0000, 0x00007ef969b50000)
  eden space 7202368K, 100% used [0x00007ef414600000, 0x00007ef5cbf90000, 0x00007ef5cbf90000)
  from space 900224K,  17% used [0x00007ef5cbf90000, 0x00007ef5d5cf9300, 0x00007ef602eb0000)
  to   space 900224K,   0% used [0x00007ef602eb0000, 0x00007ef602eb0000, 0x00007ef639dd0000)
 tenured generation   total 18005496K, used 17918083K [0x00007ef969b50000, 0x00007efdb4ace000, 0x00007f0414600000)
   the space 18005496K,  99% used [0x00007ef969b50000, 0x00007efdaf570f88, 0x00007efdaf571000, 0x00007efdb4ace000)
 Metaspace       used 24376K, capacity 24852K, committed 25088K, reserved 26624K
}
Event: 9612.574 GC heap after
{Heap after GC invocations=5429 (full 6):
 def new generation   total 8102592K, used 159261K [0x00007ef414600000, 0x00007ef639dd0000, 0x00007ef969b50000)
  eden space 7202368K,   0% used [0x00007ef414600000, 0x00007ef414600000, 0x00007ef5cbf90000)
  from space 900224K,  17% used [0x00007ef602eb0000, 0x00007ef60ca37480, 0x00007ef639dd0000)
  to   space 900224K,   0% used [0x00007ef5cbf90000, 0x00007ef5cbf90000, 0x00007ef602eb0000)
 tenured generation   total 18005496K, used 17928268K [0x00007ef969b50000, 0x00007efdb4ace000, 0x00007f0414600000)
   the space 18005496K,  99% used [0x00007ef969b50000, 0x00007efdaff63050, 0x00007efdaff63200, 0x00007efdb4ace000)
 Metaspace       used 24376K, capacity 24852K, committed 25088K, reserved 26624K
}
Event: 9617.926 GC heap before
{Heap before GC invocations=5429 (full 6):
 def new generation   total 8102592K, used 7361629K [0x00007ef414600000, 0x00007ef639dd0000, 0x00007ef969b50000)
  eden space 7202368K, 100% used [0x00007ef414600000, 0x00007ef5cbf90000, 0x00007ef5cbf90000)
  from space 900224K,  17% used [0x00007ef602eb0000, 0x00007ef60ca37480, 0x00007ef639dd0000)
  to   space 900224K,   0% used [0x00007ef5cbf90000, 0x00007ef5cbf90000, 0x00007ef602eb0000)
 tenured generation   total 18005496K, used 17928268K [0x00007ef969b50000, 0x00007efdb4ace000, 0x00007f0414600000)
   the space 18005496K,  99% used [0x00007ef969b50000, 0x00007efdaff63050, 0x00007efdaff63200, 0x00007efdb4ace000)
 Metaspace       used 24376K, capacity 24852K, committed 25088K, reserved 26624K
}
Event: 9618.191 GC heap after
{Heap after GC invocations=5430 (full 6):
 def new generation   total 8102592K, used 166705K [0x00007ef414600000, 0x00007ef639dd0000, 0x00007ef969b50000)
  eden space 7202368K,   0% used [0x00007ef414600000, 0x00007ef414600000, 0x00007ef5cbf90000)
  from space 900224K,  18% used [0x00007ef5cbf90000, 0x00007ef5d625c600, 0x00007ef602eb0000)
  to   space 900224K,   0% used [0x00007ef602eb0000, 0x00007ef602eb0000, 0x00007ef639dd0000)
 tenured generation   total 18005496K, used 17936021K [0x00007ef969b50000, 0x00007efdb4ace000, 0x00007f0414600000)
   the space 18005496K,  99% used [0x00007ef969b50000, 0x00007efdb06f5598, 0x00007efdb06f5600, 0x00007efdb4ace000)
 Metaspace       used 24376K, capacity 24852K, committed 25088K, reserved 26624K
}
Event: 9623.706 GC heap before
{Heap before GC invocations=5430 (full 6):
 def new generation   total 8102592K, used 7369073K [0x00007ef414600000, 0x00007ef639dd0000, 0x00007ef969b50000)
  eden space 7202368K, 100% used [0x00007ef414600000, 0x00007ef5cbf90000, 0x00007ef5cbf90000)
  from space 900224K,  18% used [0x00007ef5cbf90000, 0x00007ef5d625c600, 0x00007ef602eb0000)
  to   space 900224K,   0% used [0x00007ef602eb0000, 0x00007ef602eb0000, 0x00007ef639dd0000)
 tenured generation   total 18005496K, used 17936021K [0x00007ef969b50000, 0x00007efdb4ace000, 0x00007f0414600000)
   the space 18005496K,  99% used [0x00007ef969b50000, 0x00007efdb06f5598, 0x00007efdb06f5600, 0x00007efdb4ace000)
 Metaspace       used 24376K, capacity 24852K, committed 25088K, reserved 26624K
}
Event: 9623.949 GC heap after
{Heap after GC invocations=5431 (full 6):
 def new generation   total 8102592K, used 159897K [0x00007ef414600000, 0x00007ef639dd0000, 0x00007ef969b50000)
  eden space 7202368K,   0% used [0x00007ef414600000, 0x00007ef414600000, 0x00007ef5cbf90000)
  from space 900224K,  17% used [0x00007ef602eb0000, 0x00007ef60cad6778, 0x00007ef639dd0000)
  to   space 900224K,   0% used [0x00007ef5cbf90000, 0x00007ef5cbf90000, 0x00007ef602eb0000)
 tenured generation   total 18005496K, used 17950413K [0x00007ef969b50000, 0x00007efdb4ace000, 0x00007f0414600000)
   the space 18005496K,  99% used [0x00007ef969b50000, 0x00007efdb15036d0, 0x00007efdb1503800, 0x00007efdb4ace000)
 Metaspace       used 24376K, capacity 24852K, committed 25088K, reserved 26624K
}
Event: 9629.005 GC heap before
{Heap before GC invocations=5431 (full 6):
 def new generation   total 8102592K, used 7362265K [0x00007ef414600000, 0x00007ef639dd0000, 0x00007ef969b50000)
  eden space 7202368K, 100% used [0x00007ef414600000, 0x00007ef5cbf90000, 0x00007ef5cbf90000)
  from space 900224K,  17% used [0x00007ef602eb0000, 0x00007ef60cad6778, 0x00007ef639dd0000)
  to   space 900224K,   0% used [0x00007ef5cbf90000, 0x00007ef5cbf90000, 0x00007ef602eb0000)
 tenured generation   total 18005496K, used 17950413K [0x00007ef969b50000, 0x00007efdb4ace000, 0x00007f0414600000)
   the space 18005496K,  99% used [0x00007ef969b50000, 0x00007efdb15036d0, 0x00007efdb1503800, 0x00007efdb4ace000)
 Metaspace       used 24376K, capacity 24852K, committed 25088K, reserved 26624K
}
Event: 9629.295 GC heap after
{Heap after GC invocations=5432 (full 6):
 def new generation   total 8102592K, used 162484K [0x00007ef414600000, 0x00007ef639dd0000, 0x00007ef969b50000)
  eden space 7202368K,   0% used [0x00007ef414600000, 0x00007ef414600000, 0x00007ef5cbf90000)
  from space 900224K,  18% used [0x00007ef5cbf90000, 0x00007ef5d5e3d240, 0x00007ef602eb0000)
  to   space 900224K,   0% used [0x00007ef602eb0000, 0x00007ef602eb0000, 0x00007ef639dd0000)
 tenured generation   total 18005496K, used 17958762K [0x00007ef969b50000, 0x00007efdb4ace000, 0x00007f0414600000)
   the space 18005496K,  99% used [0x00007ef969b50000, 0x00007efdb1d2a920, 0x00007efdb1d2aa00, 0x00007efdb4ace000)
 Metaspace       used 24376K, capacity 24852K, committed 25088K, reserved 26624K
}
Event: 9634.069 GC heap before
{Heap before GC invocations=5432 (full 6):
 def new generation   total 8102592K, used 7364852K [0x00007ef414600000, 0x00007ef639dd0000, 0x00007ef969b50000)
  eden space 7202368K, 100% used [0x00007ef414600000, 0x00007ef5cbf90000, 0x00007ef5cbf90000)
  from space 900224K,  18% used [0x00007ef5cbf90000, 0x00007ef5d5e3d240, 0x00007ef602eb0000)
  to   space 900224K,   0% used [0x00007ef602eb0000, 0x00007ef602eb0000, 0x00007ef639dd0000)
 tenured generation   total 18005496K, used 17958762K [0x00007ef969b50000, 0x00007efdb4ace000, 0x00007f0414600000)
   the space 18005496K,  99% used [0x00007ef969b50000, 0x00007efdb1d2a920, 0x00007efdb1d2aa00, 0x00007efdb4ace000)
 Metaspace       used 24376K, capacity 24852K, committed 25088K, reserved 26624K
}
Event: 9634.308 GC heap after
{Heap after GC invocations=5433 (full 6):
 def new generation   total 8102592K, used 159796K [0x00007ef414600000, 0x00007ef639dd0000, 0x00007ef969b50000)
  eden space 7202368K,   0% used [0x00007ef414600000, 0x00007ef414600000, 0x00007ef5cbf90000)
  from space 900224K,  17% used [0x00007ef602eb0000, 0x00007ef60cabd0c8, 0x00007ef639dd0000)
  to   space 900224K,   0% used [0x00007ef5cbf90000, 0x00007ef5cbf90000, 0x00007ef602eb0000)
 tenured generation   total 18005496K, used 17972461K [0x00007ef969b50000, 0x00007efdb4ace000, 0x00007f0414600000)
   the space 18005496K,  99% used [0x00007ef969b50000, 0x00007efdb2a8b458, 0x00007efdb2a8b600, 0x00007efdb4ace000)
 Metaspace       used 24376K, capacity 24852K, committed 25088K, reserved 26624K
}
Event: 9639.172 GC heap before
{Heap before GC invocations=5433 (full 6):
 def new generation   total 8102592K, used 7362164K [0x00007ef414600000, 0x00007ef639dd0000, 0x00007ef969b50000)
  eden space 7202368K, 100% used [0x00007ef414600000, 0x00007ef5cbf90000, 0x00007ef5cbf90000)
  from space 900224K,  17% used [0x00007ef602eb0000, 0x00007ef60cabd0c8, 0x00007ef639dd0000)
  to   space 900224K,   0% used [0x00007ef5cbf90000, 0x00007ef5cbf90000, 0x00007ef602eb0000)
 tenured generation   total 18005496K, used 17972461K [0x00007ef969b50000, 0x00007efdb4ace000, 0x00007f0414600000)
   the space 18005496K,  99% used [0x00007ef969b50000, 0x00007efdb2a8b458, 0x00007efdb2a8b600, 0x00007efdb4ace000)
 Metaspace       used 24376K, capacity 24852K, committed 25088K, reserved 26624K
}
Event: 9639.425 GC heap after
{Heap after GC invocations=5434 (full 6):
 def new generation   total 8102592K, used 157652K [0x00007ef414600000, 0x00007ef639dd0000, 0x00007ef969b50000)
  eden space 7202368K,   0% used [0x00007ef414600000, 0x00007ef414600000, 0x00007ef5cbf90000)
  from space 900224K,  17% used [0x00007ef5cbf90000, 0x00007ef5d5985378, 0x00007ef602eb0000)
  to   space 900224K,   0% used [0x00007ef602eb0000, 0x00007ef602eb0000, 0x00007ef639dd0000)
 tenured generation   total 18005496K, used 17982542K [0x00007ef969b50000, 0x00007efdb4ace000, 0x00007f0414600000)
   the space 18005496K,  99% used [0x00007ef969b50000, 0x00007efdb3463a00, 0x00007efdb3463a00, 0x00007efdb4ace000)
 Metaspace       used 24376K, capacity 24852K, committed 25088K, reserved 26624K
}
Event: 9644.094 GC heap before
{Heap before GC invocations=5434 (full 6):
 def new generation   total 8102592K, used 7360020K [0x00007ef414600000, 0x00007ef639dd0000, 0x00007ef969b50000)
  eden space 7202368K, 100% used [0x00007ef414600000, 0x00007ef5cbf90000, 0x00007ef5cbf90000)
  from space 900224K,  17% used [0x00007ef5cbf90000, 0x00007ef5d5985378, 0x00007ef602eb0000)
  to   space 900224K,   0% used [0x00007ef602eb0000, 0x00007ef602eb0000, 0x00007ef639dd0000)
 tenured generation   total 18005496K, used 17982542K [0x00007ef969b50000, 0x00007efdb4ace000, 0x00007f0414600000)
   the space 18005496K,  99% used [0x00007ef969b50000, 0x00007efdb3463a00, 0x00007efdb3463a00, 0x00007efdb4ace000)
 Metaspace       used 24376K, capacity 24852K, committed 25088K, reserved 26624K
}
Event: 9644.354 GC heap after
{Heap after GC invocations=5435 (full 6):
 def new generation   total 8102592K, used 159923K [0x00007ef414600000, 0x00007ef639dd0000, 0x00007ef969b50000)
  eden space 7202368K,   0% used [0x00007ef414600000, 0x00007ef414600000, 0x00007ef5cbf90000)
  from space 900224K,  17% used [0x00007ef602eb0000, 0x00007ef60cadcec0, 0x00007ef639dd0000)
  to   space 900224K,   0% used [0x00007ef5cbf90000, 0x00007ef5cbf90000, 0x00007ef602eb0000)
 tenured generation   total 18005496K, used 17992573K [0x00007ef969b50000, 0x00007efdb4ace000, 0x00007f0414600000)
   the space 18005496K,  99% used [0x00007ef969b50000, 0x00007efdb3e2f478, 0x00007efdb3e2f600, 0x00007efdb4ace000)
 Metaspace       used 24376K, capacity 24852K, committed 25088K, reserved 26624K
}
Event: 9649.125 GC heap before
{Heap before GC invocations=5435 (full 6):
 def new generation   total 8102592K, used 7362291K [0x00007ef414600000, 0x00007ef639dd0000, 0x00007ef969b50000)
  eden space 7202368K, 100% used [0x00007ef414600000, 0x00007ef5cbf90000, 0x00007ef5cbf90000)
  from space 900224K,  17% used [0x00007ef602eb0000, 0x00007ef60cadcec0, 0x00007ef639dd0000)
  to   space 900224K,   0% used [0x00007ef5cbf90000, 0x00007ef5cbf90000, 0x00007ef602eb0000)
 tenured generation   total 18005496K, used 17992573K [0x00007ef969b50000, 0x00007efdb4ace000, 0x00007f0414600000)
   the space 18005496K,  99% used [0x00007ef969b50000, 0x00007efdb3e2f478, 0x00007efdb3e2f600, 0x00007efdb4ace000)
 Metaspace       used 24376K, capacity 24852K, committed 25088K, reserved 26624K
}
Event: 9649.359 GC heap after
{Heap after GC invocations=5436 (full 6):
 def new generation   total 8102592K, used 154271K [0x00007ef414600000, 0x00007ef639dd0000, 0x00007ef969b50000)
  eden space 7202368K,   0% used [0x00007ef414600000, 0x00007ef414600000, 0x00007ef5cbf90000)
  from space 900224K,  17% used [0x00007ef5cbf90000, 0x00007ef5d5637c28, 0x00007ef602eb0000)
  to   space 900224K,   0% used [0x00007ef602eb0000, 0x00007ef602eb0000, 0x00007ef639dd0000)
 tenured generation   total 18005688K, used 18005678K [0x00007ef969b50000, 0x00007efdb4afe000, 0x00007f0414600000)
   the space 18005688K,  99% used [0x00007ef969b50000, 0x00007efdb4afb988, 0x00007efdb4afba00, 0x00007efdb4afe000)
 Metaspace       used 24376K, capacity 24852K, committed 25088K, reserved 26624K
}
Event: 9649.359 GC heap before
{Heap before GC invocations=5436 (full 6):
 def new generation   total 8102592K, used 154271K [0x00007ef414600000, 0x00007ef639dd0000, 0x00007ef969b50000)
  eden space 7202368K,   0% used [0x00007ef414600000, 0x00007ef414600000, 0x00007ef5cbf90000)
  from space 900224K,  17% used [0x00007ef5cbf90000, 0x00007ef5d5637c28, 0x00007ef602eb0000)
  to   space 900224K,   0% used [0x00007ef602eb0000, 0x00007ef602eb0000, 0x00007ef639dd0000)
 tenured generation   total 18005688K, used 18005678K [0x00007ef969b50000, 0x00007efdb4afe000, 0x00007f0414600000)
   the space 18005688K,  99% used [0x00007ef969b50000, 0x00007efdb4afb988, 0x00007efdb4afba00, 0x00007efdb4afe000)
 Metaspace       used 24376K, capacity 24852K, committed 25088K, reserved 26624K
}

