# JRE version: OpenJDK Runtime Environment (13.0.7+5) (build 13.0.7+5-Ubuntu-0ubuntu120.04)
# Java VM: OpenJDK 64-Bit Server VM (13.0.7+5-Ubuntu-0ubuntu120.04, mixed mode, tiered, serial gc, linux-amd64)
Heap:
 def new generation   total 1048960K, used 5852K [0x00007f8b10600000, 0x00007f8b57830000, 0x00007f9065b50000)
  eden space 932416K,   0% used [0x00007f8b10600000, 0x00007f8b10bb71c8, 0x00007f8b49490000)
  from space 116544K,   0% used [0x00007f8b49490000, 0x00007f8b49490000, 0x00007f8b50660000)
  to   space 116544K,   0% used [0x00007f8b50660000, 0x00007f8b50660000, 0x00007f8b57830000)
 tenured generation   total 2331072K, used 2331071K [0x00007f9065b50000, 0x00007f90f3fc0000, 0x00007f9b10600000)
   the space 2331072K,  99% used [0x00007f9065b50000, 0x00007f90f3fbfff0, 0x00007f90f3fc0000, 0x00007f90f3fc0000)
 Metaspace       used 24367K, capacity 24785K, committed 24832K, reserved 26624K
GC Heap History (20 events):
Event: 4565.028 GC heap after
{Heap after GC invocations=8408 (full 2):
 def new generation   total 1048960K, used 8852K [0x00007f8b10600000, 0x00007f8b57830000, 0x00007f9065b50000)
  eden space 932416K,   0% used [0x00007f8b10600000, 0x00007f8b10600000, 0x00007f8b49490000)
  from space 116544K,   7% used [0x00007f8b50660000, 0x00007f8b50f05318, 0x00007f8b57830000)
  to   space 116544K,   0% used [0x00007f8b49490000, 0x00007f8b49490000, 0x00007f8b50660000)
 tenured generation   total 2330880K, used 2326160K [0x00007f9065b50000, 0x00007f90f3f90000, 0x00007f9b10600000)
   the space 2330880K,  99% used [0x00007f9065b50000, 0x00007f90f3af4100, 0x00007f90f3af4200, 0x00007f90f3f90000)
 Metaspace       used 24367K, capacity 24785K, committed 24832K, reserved 26624K
}
Event: 4565.612 GC heap before
{Heap before GC invocations=8408 (full 2):
 def new generation   total 1048960K, used 941268K [0x00007f8b10600000, 0x00007f8b57830000, 0x00007f9065b50000)
  eden space 932416K, 100% used [0x00007f8b10600000, 0x00007f8b49490000, 0x00007f8b49490000)
  from space 116544K,   7% used [0x00007f8b50660000, 0x00007f8b50f05318, 0x00007f8b57830000)
  to   space 116544K,   0% used [0x00007f8b49490000, 0x00007f8b49490000, 0x00007f8b50660000)
 tenured generation   total 2330880K, used 2326160K [0x00007f9065b50000, 0x00007f90f3f90000, 0x00007f9b10600000)
   the space 2330880K,  99% used [0x00007f9065b50000, 0x00007f90f3af4100, 0x00007f90f3af4200, 0x00007f90f3f90000)
 Metaspace       used 24367K, capacity 24785K, committed 24832K, reserved 26624K
}
Event: 4565.623 GC heap after
{Heap after GC invocations=8409 (full 2):
 def new generation   total 1048960K, used 8548K [0x00007f8b10600000, 0x00007f8b57830000, 0x00007f9065b50000)
  eden space 932416K,   0% used [0x00007f8b10600000, 0x00007f8b10600000, 0x00007f8b49490000)
  from space 116544K,   7% used [0x00007f8b49490000, 0x00007f8b49ce9180, 0x00007f8b50660000)
  to   space 116544K,   0% used [0x00007f8b50660000, 0x00007f8b50660000, 0x00007f8b57830000)
 tenured generation   total 2330880K, used 2326557K [0x00007f9065b50000, 0x00007f90f3f90000, 0x00007f9b10600000)
   the space 2330880K,  99% used [0x00007f9065b50000, 0x00007f90f3b57788, 0x00007f90f3b57800, 0x00007f90f3f90000)
 Metaspace       used 24367K, capacity 24785K, committed 24832K, reserved 26624K
}
Event: 4566.346 GC heap before
{Heap before GC invocations=8409 (full 2):
 def new generation   total 1048960K, used 940964K [0x00007f8b10600000, 0x00007f8b57830000, 0x00007f9065b50000)
  eden space 932416K, 100% used [0x00007f8b10600000, 0x00007f8b49490000, 0x00007f8b49490000)
  from space 116544K,   7% used [0x00007f8b49490000, 0x00007f8b49ce9180, 0x00007f8b50660000)
  to   space 116544K,   0% used [0x00007f8b50660000, 0x00007f8b50660000, 0x00007f8b57830000)
 tenured generation   total 2330880K, used 2326557K [0x00007f9065b50000, 0x00007f90f3f90000, 0x00007f9b10600000)
   the space 2330880K,  99% used [0x00007f9065b50000, 0x00007f90f3b57788, 0x00007f90f3b57800, 0x00007f90f3f90000)
 Metaspace       used 24367K, capacity 24785K, committed 24832K, reserved 26624K
}
Event: 4566.359 GC heap after
{Heap after GC invocations=8410 (full 2):
 def new generation   total 1048960K, used 8449K [0x00007f8b10600000, 0x00007f8b57830000, 0x00007f9065b50000)
  eden space 932416K,   0% used [0x00007f8b10600000, 0x00007f8b10600000, 0x00007f8b49490000)
  from space 116544K,   7% used [0x00007f8b50660000, 0x00007f8b50ea05b0, 0x00007f8b57830000)
  to   space 116544K,   0% used [0x00007f8b49490000, 0x00007f8b49490000, 0x00007f8b50660000)
 tenured generation   total 2330880K, used 2326955K [0x00007f9065b50000, 0x00007f90f3f90000, 0x00007f9b10600000)
   the space 2330880K,  99% used [0x00007f9065b50000, 0x00007f90f3bbae10, 0x00007f90f3bbb000, 0x00007f90f3f90000)
 Metaspace       used 24367K, capacity 24785K, committed 24832K, reserved 26624K
}
Event: 4567.101 GC heap before
{Heap before GC invocations=8410 (full 2):
 def new generation   total 1048960K, used 940865K [0x00007f8b10600000, 0x00007f8b57830000, 0x00007f9065b50000)
  eden space 932416K, 100% used [0x00007f8b10600000, 0x00007f8b49490000, 0x00007f8b49490000)
  from space 116544K,   7% used [0x00007f8b50660000, 0x00007f8b50ea05b0, 0x00007f8b57830000)
  to   space 116544K,   0% used [0x00007f8b49490000, 0x00007f8b49490000, 0x00007f8b50660000)
 tenured generation   total 2330880K, used 2326955K [0x00007f9065b50000, 0x00007f90f3f90000, 0x00007f9b10600000)
   the space 2330880K,  99% used [0x00007f9065b50000, 0x00007f90f3bbae10, 0x00007f90f3bbb000, 0x00007f90f3f90000)
 Metaspace       used 24367K, capacity 24785K, committed 24832K, reserved 26624K
}
Event: 4567.112 GC heap after
{Heap after GC invocations=8411 (full 2):
 def new generation   total 1048960K, used 8221K [0x00007f8b10600000, 0x00007f8b57830000, 0x00007f9065b50000)
  eden space 932416K,   0% used [0x00007f8b10600000, 0x00007f8b10600000, 0x00007f8b49490000)
  from space 116544K,   7% used [0x00007f8b49490000, 0x00007f8b49c97590, 0x00007f8b50660000)
  to   space 116544K,   0% used [0x00007f8b50660000, 0x00007f8b50660000, 0x00007f8b57830000)
 tenured generation   total 2330880K, used 2327353K [0x00007f9065b50000, 0x00007f90f3f90000, 0x00007f9b10600000)
   the space 2330880K,  99% used [0x00007f9065b50000, 0x00007f90f3c1e498, 0x00007f90f3c1e600, 0x00007f90f3f90000)
 Metaspace       used 24367K, capacity 24785K, committed 24832K, reserved 26624K
}
Event: 4567.811 GC heap before
{Heap before GC invocations=8411 (full 2):
 def new generation   total 1048960K, used 940637K [0x00007f8b10600000, 0x00007f8b57830000, 0x00007f9065b50000)
  eden space 932416K, 100% used [0x00007f8b10600000, 0x00007f8b49490000, 0x00007f8b49490000)
  from space 116544K,   7% used [0x00007f8b49490000, 0x00007f8b49c97590, 0x00007f8b50660000)
  to   space 116544K,   0% used [0x00007f8b50660000, 0x00007f8b50660000, 0x00007f8b57830000)
 tenured generation   total 2330880K, used 2327353K [0x00007f9065b50000, 0x00007f90f3f90000, 0x00007f9b10600000)
   the space 2330880K,  99% used [0x00007f9065b50000, 0x00007f90f3c1e498, 0x00007f90f3c1e600, 0x00007f90f3f90000)
 Metaspace       used 24367K, capacity 24785K, committed 24832K, reserved 26624K
}
Event: 4567.823 GC heap after
{Heap after GC invocations=8412 (full 2):
 def new generation   total 1048960K, used 8087K [0x00007f8b10600000, 0x00007f8b57830000, 0x00007f9065b50000)
  eden space 932416K,   0% used [0x00007f8b10600000, 0x00007f8b10600000, 0x00007f8b49490000)
  from space 116544K,   6% used [0x00007f8b50660000, 0x00007f8b50e45fd0, 0x00007f8b57830000)
  to   space 116544K,   0% used [0x00007f8b49490000, 0x00007f8b49490000, 0x00007f8b50660000)
 tenured generation   total 2330880K, used 2327755K [0x00007f9065b50000, 0x00007f90f3f90000, 0x00007f9b10600000)
   the space 2330880K,  99% used [0x00007f9065b50000, 0x00007f90f3c82e10, 0x00007f90f3c83000, 0x00007f90f3f90000)
 Metaspace       used 24367K, capacity 24785K, committed 24832K, reserved 26624K
}
Event: 4568.552 GC heap before
{Heap before GC invocations=8412 (full 2):
 def new generation   total 1048960K, used 940503K [0x00007f8b10600000, 0x00007f8b57830000, 0x00007f9065b50000)
  eden space 932416K, 100% used [0x00007f8b10600000, 0x00007f8b49490000, 0x00007f8b49490000)
  from space 116544K,   6% used [0x00007f8b50660000, 0x00007f8b50e45fd0, 0x00007f8b57830000)
  to   space 116544K,   0% used [0x00007f8b49490000, 0x00007f8b49490000, 0x00007f8b50660000)
 tenured generation   total 2330880K, used 2327755K [0x00007f9065b50000, 0x00007f90f3f90000, 0x00007f9b10600000)
   the space 2330880K,  99% used [0x00007f9065b50000, 0x00007f90f3c82e10, 0x00007f90f3c83000, 0x00007f90f3f90000)
 Metaspace       used 24367K, capacity 24785K, committed 24832K, reserved 26624K
}
Event: 4568.566 GC heap after
{Heap after GC invocations=8413 (full 2):
 def new generation   total 1048960K, used 7693K [0x00007f8b10600000, 0x00007f8b57830000, 0x00007f9065b50000)
  eden space 932416K,   0% used [0x00007f8b10600000, 0x00007f8b10600000, 0x00007f8b49490000)
  from space 116544K,   6% used [0x00007f8b49490000, 0x00007f8b49c13730, 0x00007f8b50660000)
  to   space 116544K,   0% used [0x00007f8b50660000, 0x00007f8b50660000, 0x00007f8b57830000)
 tenured generation   total 2330880K, used 2328380K [0x00007f9065b50000, 0x00007f90f3f90000, 0x00007f9b10600000)
   the space 2330880K,  99% used [0x00007f9065b50000, 0x00007f90f3d1f318, 0x00007f90f3d1f400, 0x00007f90f3f90000)
 Metaspace       used 24367K, capacity 24785K, committed 24832K, reserved 26624K
}
Event: 4569.273 GC heap before
{Heap before GC invocations=8413 (full 2):
 def new generation   total 1048960K, used 940109K [0x00007f8b10600000, 0x00007f8b57830000, 0x00007f9065b50000)
  eden space 932416K, 100% used [0x00007f8b10600000, 0x00007f8b49490000, 0x00007f8b49490000)
  from space 116544K,   6% used [0x00007f8b49490000, 0x00007f8b49c13730, 0x00007f8b50660000)
  to   space 116544K,   0% used [0x00007f8b50660000, 0x00007f8b50660000, 0x00007f8b57830000)
 tenured generation   total 2330880K, used 2328380K [0x00007f9065b50000, 0x00007f90f3f90000, 0x00007f9b10600000)
   the space 2330880K,  99% used [0x00007f9065b50000, 0x00007f90f3d1f318, 0x00007f90f3d1f400, 0x00007f90f3f90000)
 Metaspace       used 24367K, capacity 24785K, committed 24832K, reserved 26624K
}
Event: 4569.285 GC heap after
{Heap after GC invocations=8414 (full 2):
 def new generation   total 1048960K, used 7220K [0x00007f8b10600000, 0x00007f8b57830000, 0x00007f9065b50000)
  eden space 932416K,   0% used [0x00007f8b10600000, 0x00007f8b10600000, 0x00007f8b49490000)
  from space 116544K,   6% used [0x00007f8b50660000, 0x00007f8b50d6d388, 0x00007f8b57830000)
  to   space 116544K,   0% used [0x00007f8b49490000, 0x00007f8b49490000, 0x00007f8b50660000)
 tenured generation   total 2330880K, used 2329060K [0x00007f9065b50000, 0x00007f90f3f90000, 0x00007f9b10600000)
   the space 2330880K,  99% used [0x00007f9065b50000, 0x00007f90f3dc92f8, 0x00007f90f3dc9400, 0x00007f90f3f90000)
 Metaspace       used 24367K, capacity 24785K, committed 24832K, reserved 26624K
}
Event: 4569.991 GC heap before
{Heap before GC invocations=8414 (full 2):
 def new generation   total 1048960K, used 939636K [0x00007f8b10600000, 0x00007f8b57830000, 0x00007f9065b50000)
  eden space 932416K, 100% used [0x00007f8b10600000, 0x00007f8b49490000, 0x00007f8b49490000)
  from space 116544K,   6% used [0x00007f8b50660000, 0x00007f8b50d6d388, 0x00007f8b57830000)
  to   space 116544K,   0% used [0x00007f8b49490000, 0x00007f8b49490000, 0x00007f8b50660000)
 tenured generation   total 2330880K, used 2329060K [0x00007f9065b50000, 0x00007f90f3f90000, 0x00007f9b10600000)
   the space 2330880K,  99% used [0x00007f9065b50000, 0x00007f90f3dc92f8, 0x00007f90f3dc9400, 0x00007f90f3f90000)
 Metaspace       used 24367K, capacity 24785K, committed 24832K, reserved 26624K
}
Event: 4570.001 GC heap after
{Heap after GC invocations=8415 (full 2):
 def new generation   total 1048960K, used 6747K [0x00007f8b10600000, 0x00007f8b57830000, 0x00007f9065b50000)
  eden space 932416K,   0% used [0x00007f8b10600000, 0x00007f8b10600000, 0x00007f8b49490000)
  from space 116544K,   5% used [0x00007f8b49490000, 0x00007f8b49b26ef8, 0x00007f8b50660000)
  to   space 116544K,   0% used [0x00007f8b50660000, 0x00007f8b50660000, 0x00007f8b57830000)
 tenured generation   total 2330880K, used 2329684K [0x00007f9065b50000, 0x00007f90f3f90000, 0x00007f9b10600000)
   the space 2330880K,  99% used [0x00007f9065b50000, 0x00007f90f3e65030, 0x00007f90f3e65200, 0x00007f90f3f90000)
 Metaspace       used 24367K, capacity 24785K, committed 24832K, reserved 26624K
}
Event: 4570.725 GC heap before
{Heap before GC invocations=8415 (full 2):
 def new generation   total 1048960K, used 939163K [0x00007f8b10600000, 0x00007f8b57830000, 0x00007f9065b50000)
  eden space 932416K, 100% used [0x00007f8b10600000, 0x00007f8b49490000, 0x00007f8b49490000)
  from space 116544K,   5% used [0x00007f8b49490000, 0x00007f8b49b26ef8, 0x00007f8b50660000)
  to   space 116544K,   0% used [0x00007f8b50660000, 0x00007f8b50660000, 0x00007f8b57830000)
 tenured generation   total 2330880K, used 2329684K [0x00007f9065b50000, 0x00007f90f3f90000, 0x00007f9b10600000)
   the space 2330880K,  99% used [0x00007f9065b50000, 0x00007f90f3e65030, 0x00007f90f3e65200, 0x00007f90f3f90000)
 Metaspace       used 24367K, capacity 24785K, committed 24832K, reserved 26624K
}
Event: 4570.736 GC heap after
{Heap after GC invocations=8416 (full 2):
 def new generation   total 1048960K, used 6345K [0x00007f8b10600000, 0x00007f8b57830000, 0x00007f9065b50000)
  eden space 932416K,   0% used [0x00007f8b10600000, 0x00007f8b10600000, 0x00007f8b49490000)
  from space 116544K,   5% used [0x00007f8b50660000, 0x00007f8b50c92500, 0x00007f8b57830000)
  to   space 116544K,   0% used [0x00007f8b49490000, 0x00007f8b49490000, 0x00007f8b50660000)
 tenured generation   total 2330880K, used 2330364K [0x00007f9065b50000, 0x00007f90f3f90000, 0x00007f9b10600000)
   the space 2330880K,  99% used [0x00007f9065b50000, 0x00007f90f3f0f010, 0x00007f90f3f0f200, 0x00007f90f3f90000)
 Metaspace       used 24367K, capacity 24785K, committed 24832K, reserved 26624K
}
Event: 4571.465 GC heap before
{Heap before GC invocations=8416 (full 2):
 def new generation   total 1048960K, used 938761K [0x00007f8b10600000, 0x00007f8b57830000, 0x00007f9065b50000)
  eden space 932416K, 100% used [0x00007f8b10600000, 0x00007f8b49490000, 0x00007f8b49490000)
  from space 116544K,   5% used [0x00007f8b50660000, 0x00007f8b50c92500, 0x00007f8b57830000)
  to   space 116544K,   0% used [0x00007f8b49490000, 0x00007f8b49490000, 0x00007f8b50660000)
 tenured generation   total 2330880K, used 2330364K [0x00007f9065b50000, 0x00007f90f3f90000, 0x00007f9b10600000)
   the space 2330880K,  99% used [0x00007f9065b50000, 0x00007f90f3f0f010, 0x00007f90f3f0f200, 0x00007f90f3f90000)
 Metaspace       used 24367K, capacity 24785K, committed 24832K, reserved 26624K
}
Event: 4571.473 GC heap after
{Heap after GC invocations=8417 (full 2):
 def new generation   total 1048960K, used 5949K [0x00007f8b10600000, 0x00007f8b57830000, 0x00007f9065b50000)
  eden space 932416K,   0% used [0x00007f8b10600000, 0x00007f8b10600000, 0x00007f8b49490000)
  from space 116544K,   5% used [0x00007f8b49490000, 0x00007f8b49a5f680, 0x00007f8b50660000)
  to   space 116544K,   0% used [0x00007f8b50660000, 0x00007f8b50660000, 0x00007f8b57830000)
 tenured generation   total 2331072K, used 2330987K [0x00007f9065b50000, 0x00007f90f3fc0000, 0x00007f9b10600000)
   the space 2331072K,  99% used [0x00007f9065b50000, 0x00007f90f3faad48, 0x00007f90f3faae00, 0x00007f90f3fc0000)
 Metaspace       used 24367K, capacity 24785K, committed 24832K, reserved 26624K
}
Event: 4571.473 GC heap before
{Heap before GC invocations=8417 (full 2):
 def new generation   total 1048960K, used 5949K [0x00007f8b10600000, 0x00007f8b57830000, 0x00007f9065b50000)
  eden space 932416K,   0% used [0x00007f8b10600000, 0x00007f8b10600000, 0x00007f8b49490000)
  from space 116544K,   5% used [0x00007f8b49490000, 0x00007f8b49a5f680, 0x00007f8b50660000)
  to   space 116544K,   0% used [0x00007f8b50660000, 0x00007f8b50660000, 0x00007f8b57830000)
 tenured generation   total 2331072K, used 2330987K [0x00007f9065b50000, 0x00007f90f3fc0000, 0x00007f9b10600000)
   the space 2331072K,  99% used [0x00007f9065b50000, 0x00007f90f3faad48, 0x00007f90f3faae00, 0x00007f90f3fc0000)
 Metaspace       used 24367K, capacity 24785K, committed 24832K, reserved 26624K
}

