# JRE version: OpenJDK Runtime Environment (13.0.7+5) (build 13.0.7+5-Ubuntu-0ubuntu120.04)
# Java VM: OpenJDK 64-Bit Server VM (13.0.7+5-Ubuntu-0ubuntu120.04, mixed mode, tiered, serial gc, linux-amd64)
Heap:
 def new generation   total 2899008K, used 8989K [0x00007f4650600000, 0x00007f4714f90000, 0x00007f4ba5b50000)
  eden space 2576960K,   0% used [0x00007f4650600000, 0x00007f4650ec7640, 0x00007f46eda90000)
  from space 322048K,   0% used [0x00007f4701510000, 0x00007f4701510000, 0x00007f4714f90000)
  to   space 322048K,   0% used [0x00007f46eda90000, 0x00007f46eda90000, 0x00007f4701510000)
 tenured generation   total 6443212K, used 6443203K [0x00007f4ba5b50000, 0x00007f4d2ef83000, 0x00007f5650600000)
   the space 6443212K,  99% used [0x00007f4ba5b50000, 0x00007f4d2ef80d80, 0x00007f4d2ef80e00, 0x00007f4d2ef83000)
 Metaspace       used 24365K, capacity 24783K, committed 24832K, reserved 26624K
GC Heap History (20 events):
Event: 21718.294 GC heap after
{Heap after GC invocations=24479 (full 4):
 def new generation   total 2899008K, used 9904K [0x00007f4650600000, 0x00007f4714f90000, 0x00007f4ba5b50000)
  eden space 2576960K,   0% used [0x00007f4650600000, 0x00007f4650600000, 0x00007f46eda90000)
  from space 322048K,   3% used [0x00007f46eda90000, 0x00007f46ee43c208, 0x00007f4701510000)
  to   space 322048K,   0% used [0x00007f4701510000, 0x00007f4701510000, 0x00007f4714f90000)
 tenured generation   total 6442060K, used 6437054K [0x00007f4ba5b50000, 0x00007f4d2ee63000, 0x00007f5650600000)
   the space 6442060K,  99% used [0x00007f4ba5b50000, 0x00007f4d2e97f950, 0x00007f4d2e97fa00, 0x00007f4d2ee63000)
 Metaspace       used 24365K, capacity 24783K, committed 24832K, reserved 26624K
}
Event: 21720.035 GC heap before
{Heap before GC invocations=24479 (full 4):
 def new generation   total 2899008K, used 2586864K [0x00007f4650600000, 0x00007f4714f90000, 0x00007f4ba5b50000)
  eden space 2576960K, 100% used [0x00007f4650600000, 0x00007f46eda90000, 0x00007f46eda90000)
  from space 322048K,   3% used [0x00007f46eda90000, 0x00007f46ee43c208, 0x00007f4701510000)
  to   space 322048K,   0% used [0x00007f4701510000, 0x00007f4701510000, 0x00007f4714f90000)
 tenured generation   total 6442060K, used 6437054K [0x00007f4ba5b50000, 0x00007f4d2ee63000, 0x00007f5650600000)
   the space 6442060K,  99% used [0x00007f4ba5b50000, 0x00007f4d2e97f950, 0x00007f4d2e97fa00, 0x00007f4d2ee63000)
 Metaspace       used 24365K, capacity 24783K, committed 24832K, reserved 26624K
}
Event: 21720.054 GC heap after
{Heap after GC invocations=24480 (full 4):
 def new generation   total 2899008K, used 9823K [0x00007f4650600000, 0x00007f4714f90000, 0x00007f4ba5b50000)
  eden space 2576960K,   0% used [0x00007f4650600000, 0x00007f4650600000, 0x00007f46eda90000)
  from space 322048K,   3% used [0x00007f4701510000, 0x00007f4701ea7c00, 0x00007f4714f90000)
  to   space 322048K,   0% used [0x00007f46eda90000, 0x00007f46eda90000, 0x00007f4701510000)
 tenured generation   total 6442060K, used 6437630K [0x00007f4ba5b50000, 0x00007f4d2ee63000, 0x00007f5650600000)
   the space 6442060K,  99% used [0x00007f4ba5b50000, 0x00007f4d2ea0fa68, 0x00007f4d2ea0fc00, 0x00007f4d2ee63000)
 Metaspace       used 24365K, capacity 24783K, committed 24832K, reserved 26624K
}
Event: 21721.827 GC heap before
{Heap before GC invocations=24480 (full 4):
 def new generation   total 2899008K, used 2586783K [0x00007f4650600000, 0x00007f4714f90000, 0x00007f4ba5b50000)
  eden space 2576960K, 100% used [0x00007f4650600000, 0x00007f46eda90000, 0x00007f46eda90000)
  from space 322048K,   3% used [0x00007f4701510000, 0x00007f4701ea7c00, 0x00007f4714f90000)
  to   space 322048K,   0% used [0x00007f46eda90000, 0x00007f46eda90000, 0x00007f4701510000)
 tenured generation   total 6442060K, used 6437630K [0x00007f4ba5b50000, 0x00007f4d2ee63000, 0x00007f5650600000)
   the space 6442060K,  99% used [0x00007f4ba5b50000, 0x00007f4d2ea0fa68, 0x00007f4d2ea0fc00, 0x00007f4d2ee63000)
 Metaspace       used 24365K, capacity 24783K, committed 24832K, reserved 26624K
}
Event: 21721.844 GC heap after
{Heap after GC invocations=24481 (full 4):
 def new generation   total 2899008K, used 9831K [0x00007f4650600000, 0x00007f4714f90000, 0x00007f4ba5b50000)
  eden space 2576960K,   0% used [0x00007f4650600000, 0x00007f4650600000, 0x00007f46eda90000)
  from space 322048K,   3% used [0x00007f46eda90000, 0x00007f46ee429ff8, 0x00007f4701510000)
  to   space 322048K,   0% used [0x00007f4701510000, 0x00007f4701510000, 0x00007f4714f90000)
 tenured generation   total 6442060K, used 6438183K [0x00007f4ba5b50000, 0x00007f4d2ee63000, 0x00007f5650600000)
   the space 6442060K,  99% used [0x00007f4ba5b50000, 0x00007f4d2ea99cc8, 0x00007f4d2ea99e00, 0x00007f4d2ee63000)
 Metaspace       used 24365K, capacity 24783K, committed 24832K, reserved 26624K
}
Event: 21723.570 GC heap before
{Heap before GC invocations=24481 (full 4):
 def new generation   total 2899008K, used 2586791K [0x00007f4650600000, 0x00007f4714f90000, 0x00007f4ba5b50000)
  eden space 2576960K, 100% used [0x00007f4650600000, 0x00007f46eda90000, 0x00007f46eda90000)
  from space 322048K,   3% used [0x00007f46eda90000, 0x00007f46ee429ff8, 0x00007f4701510000)
  to   space 322048K,   0% used [0x00007f4701510000, 0x00007f4701510000, 0x00007f4714f90000)
 tenured generation   total 6442060K, used 6438183K [0x00007f4ba5b50000, 0x00007f4d2ee63000, 0x00007f5650600000)
   the space 6442060K,  99% used [0x00007f4ba5b50000, 0x00007f4d2ea99cc8, 0x00007f4d2ea99e00, 0x00007f4d2ee63000)
 Metaspace       used 24365K, capacity 24783K, committed 24832K, reserved 26624K
}
Event: 21723.588 GC heap after
{Heap after GC invocations=24482 (full 4):
 def new generation   total 2899008K, used 9822K [0x00007f4650600000, 0x00007f4714f90000, 0x00007f4ba5b50000)
  eden space 2576960K,   0% used [0x00007f4650600000, 0x00007f4650600000, 0x00007f46eda90000)
  from space 322048K,   3% used [0x00007f4701510000, 0x00007f4701ea79b8, 0x00007f4714f90000)
  to   space 322048K,   0% used [0x00007f46eda90000, 0x00007f46eda90000, 0x00007f4701510000)
 tenured generation   total 6442060K, used 6438759K [0x00007f4ba5b50000, 0x00007f4d2ee63000, 0x00007f5650600000)
   the space 6442060K,  99% used [0x00007f4ba5b50000, 0x00007f4d2eb29de0, 0x00007f4d2eb29e00, 0x00007f4d2ee63000)
 Metaspace       used 24365K, capacity 24783K, committed 24832K, reserved 26624K
}
Event: 21725.388 GC heap before
{Heap before GC invocations=24482 (full 4):
 def new generation   total 2899008K, used 2586782K [0x00007f4650600000, 0x00007f4714f90000, 0x00007f4ba5b50000)
  eden space 2576960K, 100% used [0x00007f4650600000, 0x00007f46eda90000, 0x00007f46eda90000)
  from space 322048K,   3% used [0x00007f4701510000, 0x00007f4701ea79b8, 0x00007f4714f90000)
  to   space 322048K,   0% used [0x00007f46eda90000, 0x00007f46eda90000, 0x00007f4701510000)
 tenured generation   total 6442060K, used 6438759K [0x00007f4ba5b50000, 0x00007f4d2ee63000, 0x00007f5650600000)
   the space 6442060K,  99% used [0x00007f4ba5b50000, 0x00007f4d2eb29de0, 0x00007f4d2eb29e00, 0x00007f4d2ee63000)
 Metaspace       used 24365K, capacity 24783K, committed 24832K, reserved 26624K
}
Event: 21725.404 GC heap after
{Heap after GC invocations=24483 (full 4):
 def new generation   total 2899008K, used 9834K [0x00007f4650600000, 0x00007f4714f90000, 0x00007f4ba5b50000)
  eden space 2576960K,   0% used [0x00007f4650600000, 0x00007f4650600000, 0x00007f46eda90000)
  from space 322048K,   3% used [0x00007f46eda90000, 0x00007f46ee42abf0, 0x00007f4701510000)
  to   space 322048K,   0% used [0x00007f4701510000, 0x00007f4701510000, 0x00007f4714f90000)
 tenured generation   total 6442060K, used 6439312K [0x00007f4ba5b50000, 0x00007f4d2ee63000, 0x00007f5650600000)
   the space 6442060K,  99% used [0x00007f4ba5b50000, 0x00007f4d2ebb4040, 0x00007f4d2ebb4200, 0x00007f4d2ee63000)
 Metaspace       used 24365K, capacity 24783K, committed 24832K, reserved 26624K
}
Event: 21727.197 GC heap before
{Heap before GC invocations=24483 (full 4):
 def new generation   total 2899008K, used 2586794K [0x00007f4650600000, 0x00007f4714f90000, 0x00007f4ba5b50000)
  eden space 2576960K, 100% used [0x00007f4650600000, 0x00007f46eda90000, 0x00007f46eda90000)
  from space 322048K,   3% used [0x00007f46eda90000, 0x00007f46ee42abf0, 0x00007f4701510000)
  to   space 322048K,   0% used [0x00007f4701510000, 0x00007f4701510000, 0x00007f4714f90000)
 tenured generation   total 6442060K, used 6439312K [0x00007f4ba5b50000, 0x00007f4d2ee63000, 0x00007f5650600000)
   the space 6442060K,  99% used [0x00007f4ba5b50000, 0x00007f4d2ebb4040, 0x00007f4d2ebb4200, 0x00007f4d2ee63000)
 Metaspace       used 24365K, capacity 24783K, committed 24832K, reserved 26624K
}
Event: 21727.213 GC heap after
{Heap after GC invocations=24484 (full 4):
 def new generation   total 2899008K, used 9818K [0x00007f4650600000, 0x00007f4714f90000, 0x00007f4ba5b50000)
  eden space 2576960K,   0% used [0x00007f4650600000, 0x00007f4650600000, 0x00007f46eda90000)
  from space 322048K,   3% used [0x00007f4701510000, 0x00007f4701ea69c8, 0x00007f4714f90000)
  to   space 322048K,   0% used [0x00007f46eda90000, 0x00007f46eda90000, 0x00007f4701510000)
 tenured generation   total 6442060K, used 6439888K [0x00007f4ba5b50000, 0x00007f4d2ee63000, 0x00007f5650600000)
   the space 6442060K,  99% used [0x00007f4ba5b50000, 0x00007f4d2ec44158, 0x00007f4d2ec44200, 0x00007f4d2ee63000)
 Metaspace       used 24365K, capacity 24783K, committed 24832K, reserved 26624K
}
Event: 21729.036 GC heap before
{Heap before GC invocations=24484 (full 4):
 def new generation   total 2899008K, used 2586778K [0x00007f4650600000, 0x00007f4714f90000, 0x00007f4ba5b50000)
  eden space 2576960K, 100% used [0x00007f4650600000, 0x00007f46eda90000, 0x00007f46eda90000)
  from space 322048K,   3% used [0x00007f4701510000, 0x00007f4701ea69c8, 0x00007f4714f90000)
  to   space 322048K,   0% used [0x00007f46eda90000, 0x00007f46eda90000, 0x00007f4701510000)
 tenured generation   total 6442060K, used 6439888K [0x00007f4ba5b50000, 0x00007f4d2ee63000, 0x00007f5650600000)
   the space 6442060K,  99% used [0x00007f4ba5b50000, 0x00007f4d2ec44158, 0x00007f4d2ec44200, 0x00007f4d2ee63000)
 Metaspace       used 24365K, capacity 24783K, committed 24832K, reserved 26624K
}
Event: 21729.050 GC heap after
{Heap after GC invocations=24485 (full 4):
 def new generation   total 2899008K, used 9831K [0x00007f4650600000, 0x00007f4714f90000, 0x00007f4ba5b50000)
  eden space 2576960K,   0% used [0x00007f4650600000, 0x00007f4650600000, 0x00007f46eda90000)
  from space 322048K,   3% used [0x00007f46eda90000, 0x00007f46ee429da8, 0x00007f4701510000)
  to   space 322048K,   0% used [0x00007f4701510000, 0x00007f4701510000, 0x00007f4714f90000)
 tenured generation   total 6442060K, used 6440440K [0x00007f4ba5b50000, 0x00007f4d2ee63000, 0x00007f5650600000)
   the space 6442060K,  99% used [0x00007f4ba5b50000, 0x00007f4d2ecce3b8, 0x00007f4d2ecce400, 0x00007f4d2ee63000)
 Metaspace       used 24365K, capacity 24783K, committed 24832K, reserved 26624K
}
Event: 21730.838 GC heap before
{Heap before GC invocations=24485 (full 4):
 def new generation   total 2899008K, used 2586791K [0x00007f4650600000, 0x00007f4714f90000, 0x00007f4ba5b50000)
  eden space 2576960K, 100% used [0x00007f4650600000, 0x00007f46eda90000, 0x00007f46eda90000)
  from space 322048K,   3% used [0x00007f46eda90000, 0x00007f46ee429da8, 0x00007f4701510000)
  to   space 322048K,   0% used [0x00007f4701510000, 0x00007f4701510000, 0x00007f4714f90000)
 tenured generation   total 6442060K, used 6440440K [0x00007f4ba5b50000, 0x00007f4d2ee63000, 0x00007f5650600000)
   the space 6442060K,  99% used [0x00007f4ba5b50000, 0x00007f4d2ecce3b8, 0x00007f4d2ecce400, 0x00007f4d2ee63000)
 Metaspace       used 24365K, capacity 24783K, committed 24832K, reserved 26624K
}
Event: 21730.855 GC heap after
{Heap after GC invocations=24486 (full 4):
 def new generation   total 2899008K, used 9769K [0x00007f4650600000, 0x00007f4714f90000, 0x00007f4ba5b50000)
  eden space 2576960K,   0% used [0x00007f4650600000, 0x00007f4650600000, 0x00007f46eda90000)
  from space 322048K,   3% used [0x00007f4701510000, 0x00007f4701e9a490, 0x00007f4714f90000)
  to   space 322048K,   0% used [0x00007f46eda90000, 0x00007f46eda90000, 0x00007f4701510000)
 tenured generation   total 6442060K, used 6441066K [0x00007f4ba5b50000, 0x00007f4d2ee63000, 0x00007f5650600000)
   the space 6442060K,  99% used [0x00007f4ba5b50000, 0x00007f4d2ed6a840, 0x00007f4d2ed6aa00, 0x00007f4d2ee63000)
 Metaspace       used 24365K, capacity 24783K, committed 24832K, reserved 26624K
}
Event: 21732.661 GC heap before
{Heap before GC invocations=24486 (full 4):
 def new generation   total 2899008K, used 2586729K [0x00007f4650600000, 0x00007f4714f90000, 0x00007f4ba5b50000)
  eden space 2576960K, 100% used [0x00007f4650600000, 0x00007f46eda90000, 0x00007f46eda90000)
  from space 322048K,   3% used [0x00007f4701510000, 0x00007f4701e9a490, 0x00007f4714f90000)
  to   space 322048K,   0% used [0x00007f46eda90000, 0x00007f46eda90000, 0x00007f4701510000)
 tenured generation   total 6442060K, used 6441066K [0x00007f4ba5b50000, 0x00007f4d2ee63000, 0x00007f5650600000)
   the space 6442060K,  99% used [0x00007f4ba5b50000, 0x00007f4d2ed6a840, 0x00007f4d2ed6aa00, 0x00007f4d2ee63000)
 Metaspace       used 24365K, capacity 24783K, committed 24832K, reserved 26624K
}
Event: 21732.678 GC heap after
{Heap after GC invocations=24487 (full 4):
 def new generation   total 2899008K, used 9555K [0x00007f4650600000, 0x00007f4714f90000, 0x00007f4ba5b50000)
  eden space 2576960K,   0% used [0x00007f4650600000, 0x00007f4650600000, 0x00007f46eda90000)
  from space 322048K,   2% used [0x00007f46eda90000, 0x00007f46ee3e4dc0, 0x00007f4701510000)
  to   space 322048K,   0% used [0x00007f4701510000, 0x00007f4701510000, 0x00007f4714f90000)
 tenured generation   total 6442060K, used 6441963K [0x00007f4ba5b50000, 0x00007f4d2ee63000, 0x00007f5650600000)
   the space 6442060K,  99% used [0x00007f4ba5b50000, 0x00007f4d2ee4ae40, 0x00007f4d2ee4b000, 0x00007f4d2ee63000)
 Metaspace       used 24365K, capacity 24783K, committed 24832K, reserved 26624K
}
Event: 21734.523 GC heap before
{Heap before GC invocations=24487 (full 4):
 def new generation   total 2899008K, used 2586515K [0x00007f4650600000, 0x00007f4714f90000, 0x00007f4ba5b50000)
  eden space 2576960K, 100% used [0x00007f4650600000, 0x00007f46eda90000, 0x00007f46eda90000)
  from space 322048K,   2% used [0x00007f46eda90000, 0x00007f46ee3e4dc0, 0x00007f4701510000)
  to   space 322048K,   0% used [0x00007f4701510000, 0x00007f4701510000, 0x00007f4714f90000)
 tenured generation   total 6442060K, used 6441963K [0x00007f4ba5b50000, 0x00007f4d2ee63000, 0x00007f5650600000)
   the space 6442060K,  99% used [0x00007f4ba5b50000, 0x00007f4d2ee4ae40, 0x00007f4d2ee4b000, 0x00007f4d2ee63000)
 Metaspace       used 24365K, capacity 24783K, committed 24832K, reserved 26624K
}
Event: 21734.542 GC heap after
{Heap after GC invocations=24488 (full 4):
 def new generation   total 2899008K, used 9013K [0x00007f4650600000, 0x00007f4714f90000, 0x00007f4ba5b50000)
  eden space 2576960K,   0% used [0x00007f4650600000, 0x00007f4650600000, 0x00007f46eda90000)
  from space 322048K,   2% used [0x00007f4701510000, 0x00007f4701ddd520, 0x00007f4714f90000)
  to   space 322048K,   0% used [0x00007f46eda90000, 0x00007f46eda90000, 0x00007f4701510000)
 tenured generation   total 6443212K, used 6443196K [0x00007f4ba5b50000, 0x00007f4d2ef83000, 0x00007f5650600000)
   the space 6443212K,  99% used [0x00007f4ba5b50000, 0x00007f4d2ef7f310, 0x00007f4d2ef7f400, 0x00007f4d2ef83000)
 Metaspace       used 24365K, capacity 24783K, committed 24832K, reserved 26624K
}
Event: 21734.542 GC heap before
{Heap before GC invocations=24488 (full 4):
 def new generation   total 2899008K, used 9013K [0x00007f4650600000, 0x00007f4714f90000, 0x00007f4ba5b50000)
  eden space 2576960K,   0% used [0x00007f4650600000, 0x00007f4650600000, 0x00007f46eda90000)
  from space 322048K,   2% used [0x00007f4701510000, 0x00007f4701ddd520, 0x00007f4714f90000)
  to   space 322048K,   0% used [0x00007f46eda90000, 0x00007f46eda90000, 0x00007f4701510000)
 tenured generation   total 6443212K, used 6443196K [0x00007f4ba5b50000, 0x00007f4d2ef83000, 0x00007f5650600000)
   the space 6443212K,  99% used [0x00007f4ba5b50000, 0x00007f4d2ef7f310, 0x00007f4d2ef7f400, 0x00007f4d2ef83000)
 Metaspace       used 24365K, capacity 24783K, committed 24832K, reserved 26624K
}

