# JRE version: OpenJDK Runtime Environment (13.0.7+5) (build 13.0.7+5-Ubuntu-0ubuntu120.04)
# Java VM: OpenJDK 64-Bit Server VM (13.0.7+5-Ubuntu-0ubuntu120.04, mixed mode, tiered, serial gc, linux-amd64)
Heap:
 def new generation   total 1579968K, used 0K [0x00007f5c20600000, 0x00007f5c8b850000, 0x00007f6175b50000)
  eden space 1404480K,   0% used [0x00007f5c20600000, 0x00007f5c20600000, 0x00007f5c76190000)
  from space 175488K,   0% used [0x00007f5c80cf0000, 0x00007f5c80cf0000, 0x00007f5c8b850000)
  to   space 175488K,   0% used [0x00007f5c76190000, 0x00007f5c76190000, 0x00007f5c80cf0000)
 tenured generation   total 11899436K, used 9446525K [0x00007f6175b50000, 0x00007f644bfdb000, 0x00007f6c20600000)
   the space 11899436K,  79% used [0x00007f6175b50000, 0x00007f63b646f7c0, 0x00007f63b646f800, 0x00007f644bfdb000)
 Metaspace       used 23154K, capacity 23535K, committed 23808K, reserved 24576K
GC Heap History (20 events):
Event: 5.121 GC heap after
{Heap after GC invocations=4 (full 1):
 def new generation   total 629248K, used 1040K [0x00007f5c20600000, 0x00007f5c4b0c0000, 0x00007f6175b50000)
  eden space 559360K,   0% used [0x00007f5c20600000, 0x00007f5c20600000, 0x00007f5c42840000)
  from space 69888K,   1% used [0x00007f5c46c80000, 0x00007f5c46d84010, 0x00007f5c4b0c0000)
  to   space 69888K,   0% used [0x00007f5c42840000, 0x00007f5c42840000, 0x00007f5c46c80000)
 tenured generation   total 1398144K, used 275755K [0x00007f6175b50000, 0x00007f61cb0b0000, 0x00007f6c20600000)
   the space 1398144K,  19% used [0x00007f6175b50000, 0x00007f618689af00, 0x00007f618689b000, 0x00007f61cb0b0000)
 Metaspace       used 23143K, capacity 23535K, committed 23808K, reserved 24576K
}
Event: 5.499 GC heap before
{Heap before GC invocations=4 (full 1):
 def new generation   total 629248K, used 536230K [0x00007f5c20600000, 0x00007f5c4b0c0000, 0x00007f6175b50000)
  eden space 559360K,  95% used [0x00007f5c20600000, 0x00007f5c410a58a8, 0x00007f5c42840000)
  from space 69888K,   1% used [0x00007f5c46c80000, 0x00007f5c46d84010, 0x00007f5c4b0c0000)
  to   space 69888K,   0% used [0x00007f5c42840000, 0x00007f5c42840000, 0x00007f5c46c80000)
 tenured generation   total 1398144K, used 275755K [0x00007f6175b50000, 0x00007f61cb0b0000, 0x00007f6c20600000)
   the space 1398144K,  19% used [0x00007f6175b50000, 0x00007f618689af00, 0x00007f618689b000, 0x00007f61cb0b0000)
 Metaspace       used 23143K, capacity 23535K, committed 23808K, reserved 24576K
}
Event: 5.774 GC heap after
{Heap after GC invocations=5 (full 1):
 def new generation   total 629248K, used 1039K [0x00007f5c20600000, 0x00007f5c4b0c0000, 0x00007f6175b50000)
  eden space 559360K,   0% used [0x00007f5c20600000, 0x00007f5c20600000, 0x00007f5c42840000)
  from space 69888K,   1% used [0x00007f5c42840000, 0x00007f5c42943fb0, 0x00007f5c46c80000)
  to   space 69888K,   0% used [0x00007f5c46c80000, 0x00007f5c46c80000, 0x00007f5c4b0c0000)
 tenured generation   total 1398144K, used 800043K [0x00007f6175b50000, 0x00007f61cb0b0000, 0x00007f6c20600000)
   the space 1398144K,  57% used [0x00007f6175b50000, 0x00007f61a689af18, 0x00007f61a689b000, 0x00007f61cb0b0000)
 Metaspace       used 23143K, capacity 23535K, committed 23808K, reserved 24576K
}
Event: 6.309 GC heap before
{Heap before GC invocations=5 (full 1):
 def new generation   total 629248K, used 536250K [0x00007f5c20600000, 0x00007f5c4b0c0000, 0x00007f6175b50000)
  eden space 559360K,  95% used [0x00007f5c20600000, 0x00007f5c410aa8f8, 0x00007f5c42840000)
  from space 69888K,   1% used [0x00007f5c42840000, 0x00007f5c42943fb0, 0x00007f5c46c80000)
  to   space 69888K,   0% used [0x00007f5c46c80000, 0x00007f5c46c80000, 0x00007f5c4b0c0000)
 tenured generation   total 1398144K, used 800043K [0x00007f6175b50000, 0x00007f61cb0b0000, 0x00007f6c20600000)
   the space 1398144K,  57% used [0x00007f6175b50000, 0x00007f61a689af18, 0x00007f61a689b000, 0x00007f61cb0b0000)
 Metaspace       used 23143K, capacity 23535K, committed 23808K, reserved 24576K
}
Event: 6.472 GC heap after
{Heap after GC invocations=6 (full 1):
 def new generation   total 629248K, used 1039K [0x00007f5c20600000, 0x00007f5c4b0c0000, 0x00007f6175b50000)
  eden space 559360K,   0% used [0x00007f5c20600000, 0x00007f5c20600000, 0x00007f5c42840000)
  from space 69888K,   1% used [0x00007f5c46c80000, 0x00007f5c46d83ef8, 0x00007f5c4b0c0000)
  to   space 69888K,   0% used [0x00007f5c42840000, 0x00007f5c42840000, 0x00007f5c46c80000)
 tenured generation   total 1398144K, used 1062187K [0x00007f6175b50000, 0x00007f61cb0b0000, 0x00007f6c20600000)
   the space 1398144K,  75% used [0x00007f6175b50000, 0x00007f61b689af48, 0x00007f61b689b000, 0x00007f61cb0b0000)
 Metaspace       used 23143K, capacity 23535K, committed 23808K, reserved 24576K
}
Event: 6.790 GC heap before
{Heap before GC invocations=6 (full 1):
 def new generation   total 629248K, used 225845K [0x00007f5c20600000, 0x00007f5c4b0c0000, 0x00007f6175b50000)
  eden space 559360K,  40% used [0x00007f5c20600000, 0x00007f5c2e189530, 0x00007f5c42840000)
  from space 69888K,   1% used [0x00007f5c46c80000, 0x00007f5c46d83ef8, 0x00007f5c4b0c0000)
  to   space 69888K,   0% used [0x00007f5c42840000, 0x00007f5c42840000, 0x00007f5c46c80000)
 tenured generation   total 1398144K, used 1062187K [0x00007f6175b50000, 0x00007f61cb0b0000, 0x00007f6c20600000)
   the space 1398144K,  75% used [0x00007f6175b50000, 0x00007f61b689af48, 0x00007f61b689b000, 0x00007f61cb0b0000)
 Metaspace       used 23154K, capacity 23535K, committed 23808K, reserved 24576K
}
Event: 6.796 GC heap after
{Heap after GC invocations=7 (full 1):
 def new generation   total 629248K, used 5172K [0x00007f5c20600000, 0x00007f5c4b0c0000, 0x00007f6175b50000)
  eden space 559360K,   0% used [0x00007f5c20600000, 0x00007f5c20600000, 0x00007f5c42840000)
  from space 69888K,   7% used [0x00007f5c42840000, 0x00007f5c42d4d1f8, 0x00007f5c46c80000)
  to   space 69888K,   0% used [0x00007f5c46c80000, 0x00007f5c46c80000, 0x00007f5c4b0c0000)
 tenured generation   total 1398144K, used 1062187K [0x00007f6175b50000, 0x00007f61cb0b0000, 0x00007f6c20600000)
   the space 1398144K,  75% used [0x00007f6175b50000, 0x00007f61b689af48, 0x00007f61b689b000, 0x00007f61cb0b0000)
 Metaspace       used 23154K, capacity 23535K, committed 23808K, reserved 24576K
}
Event: 6.796 GC heap before
{Heap before GC invocations=7 (full 1):
 def new generation   total 629248K, used 5172K [0x00007f5c20600000, 0x00007f5c4b0c0000, 0x00007f6175b50000)
  eden space 559360K,   0% used [0x00007f5c20600000, 0x00007f5c20600000, 0x00007f5c42840000)
  from space 69888K,   7% used [0x00007f5c42840000, 0x00007f5c42d4d1f8, 0x00007f5c46c80000)
  to   space 69888K,   0% used [0x00007f5c46c80000, 0x00007f5c46c80000, 0x00007f5c4b0c0000)
 tenured generation   total 1398144K, used 1062187K [0x00007f6175b50000, 0x00007f61cb0b0000, 0x00007f6c20600000)
   the space 1398144K,  75% used [0x00007f6175b50000, 0x00007f61b689af48, 0x00007f61b689b000, 0x00007f61cb0b0000)
 Metaspace       used 23154K, capacity 23535K, committed 23808K, reserved 24576K
}
Event: 6.836 GC heap after
{Heap after GC invocations=7 (full 2):
 def new generation   total 629248K, used 0K [0x00007f5c20600000, 0x00007f5c4b0c0000, 0x00007f6175b50000)
  eden space 559360K,   0% used [0x00007f5c20600000, 0x00007f5c20600000, 0x00007f5c42840000)
  from space 69888K,   0% used [0x00007f5c42840000, 0x00007f5c42840000, 0x00007f5c46c80000)
  to   space 69888K,   0% used [0x00007f5c46c80000, 0x00007f5c46c80000, 0x00007f5c4b0c0000)
 tenured generation   total 1398144K, used 18783K [0x00007f6175b50000, 0x00007f61cb0b0000, 0x00007f6c20600000)
   the space 1398144K,   1% used [0x00007f6175b50000, 0x00007f6176da7fe8, 0x00007f6176da8000, 0x00007f61cb0b0000)
 Metaspace       used 23154K, capacity 23535K, committed 23808K, reserved 24576K
}
Event: 8.182 GC heap before
{Heap before GC invocations=7 (full 2):
 def new generation   total 629248K, used 10935K [0x00007f5c20600000, 0x00007f5c4b0c0000, 0x00007f6175b50000)
  eden space 559360K,   1% used [0x00007f5c20600000, 0x00007f5c210adc28, 0x00007f5c42840000)
  from space 69888K,   0% used [0x00007f5c42840000, 0x00007f5c42840000, 0x00007f5c46c80000)
  to   space 69888K,   0% used [0x00007f5c46c80000, 0x00007f5c46c80000, 0x00007f5c4b0c0000)
 tenured generation   total 1398144K, used 1067360K [0x00007f6175b50000, 0x00007f61cb0b0000, 0x00007f6c20600000)
   the space 1398144K,  76% used [0x00007f6175b50000, 0x00007f61b6da8000, 0x00007f61b6da8000, 0x00007f61cb0b0000)
 Metaspace       used 23154K, capacity 23535K, committed 23808K, reserved 24576K
}
Event: 8.184 GC heap after
{Heap after GC invocations=8 (full 2):
 def new generation   total 629248K, used 1K [0x00007f5c20600000, 0x00007f5c4b0c0000, 0x00007f6175b50000)
  eden space 559360K,   0% used [0x00007f5c20600000, 0x00007f5c20600000, 0x00007f5c42840000)
  from space 69888K,   0% used [0x00007f5c46c80000, 0x00007f5c46c806f0, 0x00007f5c4b0c0000)
  to   space 69888K,   0% used [0x00007f5c42840000, 0x00007f5c42840000, 0x00007f5c46c80000)
 tenured generation   total 1398144K, used 1067360K [0x00007f6175b50000, 0x00007f61cb0b0000, 0x00007f6c20600000)
   the space 1398144K,  76% used [0x00007f6175b50000, 0x00007f61b6da8000, 0x00007f61b6da8000, 0x00007f61cb0b0000)
 Metaspace       used 23154K, capacity 23535K, committed 23808K, reserved 24576K
}
Event: 8.184 GC heap before
{Heap before GC invocations=8 (full 2):
 def new generation   total 629248K, used 1K [0x00007f5c20600000, 0x00007f5c4b0c0000, 0x00007f6175b50000)
  eden space 559360K,   0% used [0x00007f5c20600000, 0x00007f5c20600000, 0x00007f5c42840000)
  from space 69888K,   0% used [0x00007f5c46c80000, 0x00007f5c46c806f0, 0x00007f5c4b0c0000)
  to   space 69888K,   0% used [0x00007f5c42840000, 0x00007f5c42840000, 0x00007f5c46c80000)
 tenured generation   total 1398144K, used 1067360K [0x00007f6175b50000, 0x00007f61cb0b0000, 0x00007f6c20600000)
   the space 1398144K,  76% used [0x00007f6175b50000, 0x00007f61b6da8000, 0x00007f61b6da8000, 0x00007f61cb0b0000)
 Metaspace       used 23154K, capacity 23535K, committed 23808K, reserved 24576K
}
Event: 8.230 GC heap after
{Heap after GC invocations=8 (full 3):
 def new generation   total 800640K, used 0K [0x00007f5c20600000, 0x00007f5c56ab0000, 0x00007f6175b50000)
  eden space 711744K,   0% used [0x00007f5c20600000, 0x00007f5c20600000, 0x00007f5c4bd10000)
  from space 88896K,   0% used [0x00007f5c4bd10000, 0x00007f5c4bd10000, 0x00007f5c513e0000)
  to   space 88896K,   0% used [0x00007f5c513e0000, 0x00007f5c513e0000, 0x00007f5c56ab0000)
 tenured generation   total 1778940K, used 1067361K [0x00007f6175b50000, 0x00007f61e248f000, 0x00007f6c20600000)
   the space 1778940K,  59% used [0x00007f6175b50000, 0x00007f61b6da86f0, 0x00007f61b6da8800, 0x00007f61e248f000)
 Metaspace       used 23154K, capacity 23535K, committed 23808K, reserved 24576K
}
Event: 9.739 GC heap before
{Heap before GC invocations=8 (full 3):
 def new generation   total 800640K, used 13914K [0x00007f5c20600000, 0x00007f5c56ab0000, 0x00007f6175b50000)
  eden space 711744K,   1% used [0x00007f5c20600000, 0x00007f5c21396840, 0x00007f5c4bd10000)
  from space 88896K,   0% used [0x00007f5c4bd10000, 0x00007f5c4bd10000, 0x00007f5c513e0000)
  to   space 88896K,   0% used [0x00007f5c513e0000, 0x00007f5c513e0000, 0x00007f5c56ab0000)
 tenured generation   total 2827520K, used 2115937K [0x00007f6175b50000, 0x00007f6222490000, 0x00007f6c20600000)
   the space 2827520K,  74% used [0x00007f6175b50000, 0x00007f61f6da8708, 0x00007f61f6da8800, 0x00007f6222490000)
 Metaspace       used 23154K, capacity 23535K, committed 23808K, reserved 24576K
}
Event: 9.745 GC heap after
{Heap after GC invocations=9 (full 3):
 def new generation   total 800640K, used 0K [0x00007f5c20600000, 0x00007f5c56ab0000, 0x00007f6175b50000)
  eden space 711744K,   0% used [0x00007f5c20600000, 0x00007f5c20600000, 0x00007f5c4bd10000)
  from space 88896K,   0% used [0x00007f5c513e0000, 0x00007f5c513e02c0, 0x00007f5c56ab0000)
  to   space 88896K,   0% used [0x00007f5c4bd10000, 0x00007f5c4bd10000, 0x00007f5c513e0000)
 tenured generation   total 2827520K, used 2115937K [0x00007f6175b50000, 0x00007f6222490000, 0x00007f6c20600000)
   the space 2827520K,  74% used [0x00007f6175b50000, 0x00007f61f6da8708, 0x00007f61f6da8800, 0x00007f6222490000)
 Metaspace       used 23154K, capacity 23535K, committed 23808K, reserved 24576K
}
Event: 9.745 GC heap before
{Heap before GC invocations=9 (full 3):
 def new generation   total 800640K, used 0K [0x00007f5c20600000, 0x00007f5c56ab0000, 0x00007f6175b50000)
  eden space 711744K,   0% used [0x00007f5c20600000, 0x00007f5c20600000, 0x00007f5c4bd10000)
  from space 88896K,   0% used [0x00007f5c513e0000, 0x00007f5c513e02c0, 0x00007f5c56ab0000)
  to   space 88896K,   0% used [0x00007f5c4bd10000, 0x00007f5c4bd10000, 0x00007f5c513e0000)
 tenured generation   total 2827520K, used 2115937K [0x00007f6175b50000, 0x00007f6222490000, 0x00007f6c20600000)
   the space 2827520K,  74% used [0x00007f6175b50000, 0x00007f61f6da8708, 0x00007f61f6da8800, 0x00007f6222490000)
 Metaspace       used 23154K, capacity 23535K, committed 23808K, reserved 24576K
}
Event: 12.801 GC heap after
{Heap after GC invocations=9 (full 4):
 def new generation   total 1579968K, used 0K [0x00007f5c20600000, 0x00007f5c8b850000, 0x00007f6175b50000)
  eden space 1404480K,   0% used [0x00007f5c20600000, 0x00007f5c20600000, 0x00007f5c76190000)
  from space 175488K,   0% used [0x00007f5c76190000, 0x00007f5c76190000, 0x00007f5c80cf0000)
  to   space 175488K,   0% used [0x00007f5c80cf0000, 0x00007f5c80cf0000, 0x00007f5c8b850000)
 tenured generation   total 3510824K, used 2106494K [0x00007f6175b50000, 0x00007f624bfda000, 0x00007f6c20600000)
   the space 3510824K,  59% used [0x00007f6175b50000, 0x00007f61f646f868, 0x00007f61f646fa00, 0x00007f624bfda000)
 Metaspace       used 23154K, capacity 23535K, committed 23808K, reserved 24576K
}
Event: 43.207 GC heap before
{Heap before GC invocations=9 (full 4):
 def new generation   total 1579968K, used 27456K [0x00007f5c20600000, 0x00007f5c8b850000, 0x00007f6175b50000)
  eden space 1404480K,   1% used [0x00007f5c20600000, 0x00007f5c220d01a0, 0x00007f5c76190000)
  from space 175488K,   0% used [0x00007f5c76190000, 0x00007f5c76190000, 0x00007f5c80cf0000)
  to   space 175488K,   0% used [0x00007f5c80cf0000, 0x00007f5c80cf0000, 0x00007f5c8b850000)
 tenured generation   total 11899436K, used 10495102K [0x00007f6175b50000, 0x00007f644bfdb000, 0x00007f6c20600000)
   the space 11899436K,  88% used [0x00007f6175b50000, 0x00007f63f646f880, 0x00007f63f646fa00, 0x00007f644bfdb000)
 Metaspace       used 23154K, capacity 23535K, committed 23808K, reserved 24576K
}
Event: 43.297 GC heap after
{Heap after GC invocations=10 (full 4):
 def new generation   total 1579968K, used 0K [0x00007f5c20600000, 0x00007f5c8b850000, 0x00007f6175b50000)
  eden space 1404480K,   0% used [0x00007f5c20600000, 0x00007f5c20600000, 0x00007f5c76190000)
  from space 175488K,   0% used [0x00007f5c80cf0000, 0x00007f5c80cf0178, 0x00007f5c8b850000)
  to   space 175488K,   0% used [0x00007f5c76190000, 0x00007f5c76190000, 0x00007f5c80cf0000)
 tenured generation   total 11899436K, used 10495102K [0x00007f6175b50000, 0x00007f644bfdb000, 0x00007f6c20600000)
   the space 11899436K,  88% used [0x00007f6175b50000, 0x00007f63f646f880, 0x00007f63f646fa00, 0x00007f644bfdb000)
 Metaspace       used 23154K, capacity 23535K, committed 23808K, reserved 24576K
}
Event: 43.297 GC heap before
{Heap before GC invocations=10 (full 4):
 def new generation   total 1579968K, used 0K [0x00007f5c20600000, 0x00007f5c8b850000, 0x00007f6175b50000)
  eden space 1404480K,   0% used [0x00007f5c20600000, 0x00007f5c20600000, 0x00007f5c76190000)
  from space 175488K,   0% used [0x00007f5c80cf0000, 0x00007f5c80cf0178, 0x00007f5c8b850000)
  to   space 175488K,   0% used [0x00007f5c76190000, 0x00007f5c76190000, 0x00007f5c80cf0000)
 tenured generation   total 11899436K, used 10495102K [0x00007f6175b50000, 0x00007f644bfdb000, 0x00007f6c20600000)
   the space 11899436K,  88% used [0x00007f6175b50000, 0x00007f63f646f880, 0x00007f63f646fa00, 0x00007f644bfdb000)
 Metaspace       used 23154K, capacity 23535K, committed 23808K, reserved 24576K
}

