# JRE version: OpenJDK Runtime Environment (13.0.7+5) (build 13.0.7+5-Ubuntu-0ubuntu120.04)
# Java VM: OpenJDK 64-Bit Server VM (13.0.7+5-Ubuntu-0ubuntu120.04, mixed mode, tiered, serial gc, linux-amd64)
Heap:
 def new generation   total 1048832K, used 7240K [0x00007f8f24600000, 0x00007f8f6b800000, 0x00007f9479b50000)
  eden space 932352K,   0% used [0x00007f8f24600000, 0x00007f8f24d12098, 0x00007f8f5d480000)
  from space 116480K,   0% used [0x00007f8f5d480000, 0x00007f8f5d480000, 0x00007f8f64640000)
  to   space 116480K,   0% used [0x00007f8f64640000, 0x00007f8f64640000, 0x00007f8f6b800000)
 tenured generation   total 2330748K, used 2330747K [0x00007f9479b50000, 0x00007f9507f6f000, 0x00007f9f24600000)
   the space 2330748K,  99% used [0x00007f9479b50000, 0x00007f9507f6efa0, 0x00007f9507f6f000, 0x00007f9507f6f000)
 Metaspace       used 24343K, capacity 24704K, committed 24832K, reserved 26624K
GC Heap History (20 events):
Event: 3711.958 GC heap after
{Heap after GC invocations=6323 (full 2):
 def new generation   total 1048832K, used 7241K [0x00007f8f24600000, 0x00007f8f6b800000, 0x00007f9479b50000)
  eden space 932352K,   0% used [0x00007f8f24600000, 0x00007f8f24600000, 0x00007f8f5d480000)
  from space 116480K,   6% used [0x00007f8f64640000, 0x00007f8f64d52738, 0x00007f8f6b800000)
  to   space 116480K,   0% used [0x00007f8f5d480000, 0x00007f8f5d480000, 0x00007f8f64640000)
 tenured generation   total 2330556K, used 2326670K [0x00007f9479b50000, 0x00007f9507f3f000, 0x00007f9f24600000)
   the space 2330556K,  99% used [0x00007f9479b50000, 0x00007f9507b73a98, 0x00007f9507b73c00, 0x00007f9507f3f000)
 Metaspace       used 24343K, capacity 24704K, committed 24832K, reserved 26624K
}
Event: 3712.758 GC heap before
{Heap before GC invocations=6323 (full 2):
 def new generation   total 1048832K, used 939593K [0x00007f8f24600000, 0x00007f8f6b800000, 0x00007f9479b50000)
  eden space 932352K, 100% used [0x00007f8f24600000, 0x00007f8f5d480000, 0x00007f8f5d480000)
  from space 116480K,   6% used [0x00007f8f64640000, 0x00007f8f64d52738, 0x00007f8f6b800000)
  to   space 116480K,   0% used [0x00007f8f5d480000, 0x00007f8f5d480000, 0x00007f8f64640000)
 tenured generation   total 2330556K, used 2326670K [0x00007f9479b50000, 0x00007f9507f3f000, 0x00007f9f24600000)
   the space 2330556K,  99% used [0x00007f9479b50000, 0x00007f9507b73a98, 0x00007f9507b73c00, 0x00007f9507f3f000)
 Metaspace       used 24343K, capacity 24704K, committed 24832K, reserved 26624K
}
Event: 3712.776 GC heap after
{Heap after GC invocations=6324 (full 2):
 def new generation   total 1048832K, used 7260K [0x00007f8f24600000, 0x00007f8f6b800000, 0x00007f9479b50000)
  eden space 932352K,   0% used [0x00007f8f24600000, 0x00007f8f24600000, 0x00007f8f5d480000)
  from space 116480K,   6% used [0x00007f8f5d480000, 0x00007f8f5db97148, 0x00007f8f64640000)
  to   space 116480K,   0% used [0x00007f8f64640000, 0x00007f8f64640000, 0x00007f8f6b800000)
 tenured generation   total 2330556K, used 2327212K [0x00007f9479b50000, 0x00007f9507f3f000, 0x00007f9f24600000)
   the space 2330556K,  99% used [0x00007f9479b50000, 0x00007f9507bfb398, 0x00007f9507bfb400, 0x00007f9507f3f000)
 Metaspace       used 24343K, capacity 24704K, committed 24832K, reserved 26624K
}
Event: 3713.557 GC heap before
{Heap before GC invocations=6324 (full 2):
 def new generation   total 1048832K, used 939612K [0x00007f8f24600000, 0x00007f8f6b800000, 0x00007f9479b50000)
  eden space 932352K, 100% used [0x00007f8f24600000, 0x00007f8f5d480000, 0x00007f8f5d480000)
  from space 116480K,   6% used [0x00007f8f5d480000, 0x00007f8f5db97148, 0x00007f8f64640000)
  to   space 116480K,   0% used [0x00007f8f64640000, 0x00007f8f64640000, 0x00007f8f6b800000)
 tenured generation   total 2330556K, used 2327212K [0x00007f9479b50000, 0x00007f9507f3f000, 0x00007f9f24600000)
   the space 2330556K,  99% used [0x00007f9479b50000, 0x00007f9507bfb398, 0x00007f9507bfb400, 0x00007f9507f3f000)
 Metaspace       used 24343K, capacity 24704K, committed 24832K, reserved 26624K
}
Event: 3713.576 GC heap after
{Heap after GC invocations=6325 (full 2):
 def new generation   total 1048832K, used 7422K [0x00007f8f24600000, 0x00007f8f6b800000, 0x00007f9479b50000)
  eden space 932352K,   0% used [0x00007f8f24600000, 0x00007f8f24600000, 0x00007f8f5d480000)
  from space 116480K,   6% used [0x00007f8f64640000, 0x00007f8f64d7fb68, 0x00007f8f6b800000)
  to   space 116480K,   0% used [0x00007f8f5d480000, 0x00007f8f5d480000, 0x00007f8f64640000)
 tenured generation   total 2330556K, used 2327588K [0x00007f9479b50000, 0x00007f9507f3f000, 0x00007f9f24600000)
   the space 2330556K,  99% used [0x00007f9479b50000, 0x00007f9507c59248, 0x00007f9507c59400, 0x00007f9507f3f000)
 Metaspace       used 24343K, capacity 24704K, committed 24832K, reserved 26624K
}
Event: 3714.357 GC heap before
{Heap before GC invocations=6325 (full 2):
 def new generation   total 1048832K, used 939774K [0x00007f8f24600000, 0x00007f8f6b800000, 0x00007f9479b50000)
  eden space 932352K, 100% used [0x00007f8f24600000, 0x00007f8f5d480000, 0x00007f8f5d480000)
  from space 116480K,   6% used [0x00007f8f64640000, 0x00007f8f64d7fb68, 0x00007f8f6b800000)
  to   space 116480K,   0% used [0x00007f8f5d480000, 0x00007f8f5d480000, 0x00007f8f64640000)
 tenured generation   total 2330556K, used 2327588K [0x00007f9479b50000, 0x00007f9507f3f000, 0x00007f9f24600000)
   the space 2330556K,  99% used [0x00007f9479b50000, 0x00007f9507c59248, 0x00007f9507c59400, 0x00007f9507f3f000)
 Metaspace       used 24343K, capacity 24704K, committed 24832K, reserved 26624K
}
Event: 3714.374 GC heap after
{Heap after GC invocations=6326 (full 2):
 def new generation   total 1048832K, used 7425K [0x00007f8f24600000, 0x00007f8f6b800000, 0x00007f9479b50000)
  eden space 932352K,   0% used [0x00007f8f24600000, 0x00007f8f24600000, 0x00007f8f5d480000)
  from space 116480K,   6% used [0x00007f8f5d480000, 0x00007f8f5dbc04a8, 0x00007f8f64640000)
  to   space 116480K,   0% used [0x00007f8f64640000, 0x00007f8f64640000, 0x00007f8f6b800000)
 tenured generation   total 2330556K, used 2327894K [0x00007f9479b50000, 0x00007f9507f3f000, 0x00007f9f24600000)
   the space 2330556K,  99% used [0x00007f9479b50000, 0x00007f9507ca5908, 0x00007f9507ca5a00, 0x00007f9507f3f000)
 Metaspace       used 24343K, capacity 24704K, committed 24832K, reserved 26624K
}
Event: 3715.202 GC heap before
{Heap before GC invocations=6326 (full 2):
 def new generation   total 1048832K, used 939777K [0x00007f8f24600000, 0x00007f8f6b800000, 0x00007f9479b50000)
  eden space 932352K, 100% used [0x00007f8f24600000, 0x00007f8f5d480000, 0x00007f8f5d480000)
  from space 116480K,   6% used [0x00007f8f5d480000, 0x00007f8f5dbc04a8, 0x00007f8f64640000)
  to   space 116480K,   0% used [0x00007f8f64640000, 0x00007f8f64640000, 0x00007f8f6b800000)
 tenured generation   total 2330556K, used 2327894K [0x00007f9479b50000, 0x00007f9507f3f000, 0x00007f9f24600000)
   the space 2330556K,  99% used [0x00007f9479b50000, 0x00007f9507ca5908, 0x00007f9507ca5a00, 0x00007f9507f3f000)
 Metaspace       used 24343K, capacity 24704K, committed 24832K, reserved 26624K
}
Event: 3715.219 GC heap after
{Heap after GC invocations=6327 (full 2):
 def new generation   total 1048832K, used 7368K [0x00007f8f24600000, 0x00007f8f6b800000, 0x00007f9479b50000)
  eden space 932352K,   0% used [0x00007f8f24600000, 0x00007f8f24600000, 0x00007f8f5d480000)
  from space 116480K,   6% used [0x00007f8f64640000, 0x00007f8f64d72058, 0x00007f8f6b800000)
  to   space 116480K,   0% used [0x00007f8f5d480000, 0x00007f8f5d480000, 0x00007f8f64640000)
 tenured generation   total 2330556K, used 2328244K [0x00007f9479b50000, 0x00007f9507f3f000, 0x00007f9f24600000)
   the space 2330556K,  99% used [0x00007f9479b50000, 0x00007f9507cfd0b0, 0x00007f9507cfd200, 0x00007f9507f3f000)
 Metaspace       used 24343K, capacity 24704K, committed 24832K, reserved 26624K
}
Event: 3715.998 GC heap before
{Heap before GC invocations=6327 (full 2):
 def new generation   total 1048832K, used 939720K [0x00007f8f24600000, 0x00007f8f6b800000, 0x00007f9479b50000)
  eden space 932352K, 100% used [0x00007f8f24600000, 0x00007f8f5d480000, 0x00007f8f5d480000)
  from space 116480K,   6% used [0x00007f8f64640000, 0x00007f8f64d72058, 0x00007f8f6b800000)
  to   space 116480K,   0% used [0x00007f8f5d480000, 0x00007f8f5d480000, 0x00007f8f64640000)
 tenured generation   total 2330556K, used 2328244K [0x00007f9479b50000, 0x00007f9507f3f000, 0x00007f9f24600000)
   the space 2330556K,  99% used [0x00007f9479b50000, 0x00007f9507cfd0b0, 0x00007f9507cfd200, 0x00007f9507f3f000)
 Metaspace       used 24343K, capacity 24704K, committed 24832K, reserved 26624K
}
Event: 3716.015 GC heap after
{Heap after GC invocations=6328 (full 2):
 def new generation   total 1048832K, used 7350K [0x00007f8f24600000, 0x00007f8f6b800000, 0x00007f9479b50000)
  eden space 932352K,   0% used [0x00007f8f24600000, 0x00007f8f24600000, 0x00007f8f5d480000)
  from space 116480K,   6% used [0x00007f8f5d480000, 0x00007f8f5dbadb80, 0x00007f8f64640000)
  to   space 116480K,   0% used [0x00007f8f64640000, 0x00007f8f64640000, 0x00007f8f6b800000)
 tenured generation   total 2330556K, used 2328593K [0x00007f9479b50000, 0x00007f9507f3f000, 0x00007f9f24600000)
   the space 2330556K,  99% used [0x00007f9479b50000, 0x00007f9507d546a8, 0x00007f9507d54800, 0x00007f9507f3f000)
 Metaspace       used 24343K, capacity 24704K, committed 24832K, reserved 26624K
}
Event: 3716.839 GC heap before
{Heap before GC invocations=6328 (full 2):
 def new generation   total 1048832K, used 939702K [0x00007f8f24600000, 0x00007f8f6b800000, 0x00007f9479b50000)
  eden space 932352K, 100% used [0x00007f8f24600000, 0x00007f8f5d480000, 0x00007f8f5d480000)
  from space 116480K,   6% used [0x00007f8f5d480000, 0x00007f8f5dbadb80, 0x00007f8f64640000)
  to   space 116480K,   0% used [0x00007f8f64640000, 0x00007f8f64640000, 0x00007f8f6b800000)
 tenured generation   total 2330556K, used 2328593K [0x00007f9479b50000, 0x00007f9507f3f000, 0x00007f9f24600000)
   the space 2330556K,  99% used [0x00007f9479b50000, 0x00007f9507d546a8, 0x00007f9507d54800, 0x00007f9507f3f000)
 Metaspace       used 24343K, capacity 24704K, committed 24832K, reserved 26624K
}
Event: 3716.858 GC heap after
{Heap after GC invocations=6329 (full 2):
 def new generation   total 1048832K, used 7398K [0x00007f8f24600000, 0x00007f8f6b800000, 0x00007f9479b50000)
  eden space 932352K,   0% used [0x00007f8f24600000, 0x00007f8f24600000, 0x00007f8f5d480000)
  from space 116480K,   6% used [0x00007f8f64640000, 0x00007f8f64d798c8, 0x00007f8f6b800000)
  to   space 116480K,   0% used [0x00007f8f5d480000, 0x00007f8f5d480000, 0x00007f8f64640000)
 tenured generation   total 2330556K, used 2328943K [0x00007f9479b50000, 0x00007f9507f3f000, 0x00007f9f24600000)
   the space 2330556K,  99% used [0x00007f9479b50000, 0x00007f9507dabd60, 0x00007f9507dabe00, 0x00007f9507f3f000)
 Metaspace       used 24343K, capacity 24704K, committed 24832K, reserved 26624K
}
Event: 3717.671 GC heap before
{Heap before GC invocations=6329 (full 2):
 def new generation   total 1048832K, used 939750K [0x00007f8f24600000, 0x00007f8f6b800000, 0x00007f9479b50000)
  eden space 932352K, 100% used [0x00007f8f24600000, 0x00007f8f5d480000, 0x00007f8f5d480000)
  from space 116480K,   6% used [0x00007f8f64640000, 0x00007f8f64d798c8, 0x00007f8f6b800000)
  to   space 116480K,   0% used [0x00007f8f5d480000, 0x00007f8f5d480000, 0x00007f8f64640000)
 tenured generation   total 2330556K, used 2328943K [0x00007f9479b50000, 0x00007f9507f3f000, 0x00007f9f24600000)
   the space 2330556K,  99% used [0x00007f9479b50000, 0x00007f9507dabd60, 0x00007f9507dabe00, 0x00007f9507f3f000)
 Metaspace       used 24343K, capacity 24704K, committed 24832K, reserved 26624K
}
Event: 3717.689 GC heap after
{Heap after GC invocations=6330 (full 2):
 def new generation   total 1048832K, used 7391K [0x00007f8f24600000, 0x00007f8f6b800000, 0x00007f9479b50000)
  eden space 932352K,   0% used [0x00007f8f24600000, 0x00007f8f24600000, 0x00007f8f5d480000)
  from space 116480K,   6% used [0x00007f8f5d480000, 0x00007f8f5dbb7de8, 0x00007f8f64640000)
  to   space 116480K,   0% used [0x00007f8f64640000, 0x00007f8f64640000, 0x00007f8f6b800000)
 tenured generation   total 2330556K, used 2329500K [0x00007f9479b50000, 0x00007f9507f3f000, 0x00007f9f24600000)
   the space 2330556K,  99% used [0x00007f9479b50000, 0x00007f9507e37078, 0x00007f9507e37200, 0x00007f9507f3f000)
 Metaspace       used 24343K, capacity 24704K, committed 24832K, reserved 26624K
}
Event: 3718.478 GC heap before
{Heap before GC invocations=6330 (full 2):
 def new generation   total 1048832K, used 939743K [0x00007f8f24600000, 0x00007f8f6b800000, 0x00007f9479b50000)
  eden space 932352K, 100% used [0x00007f8f24600000, 0x00007f8f5d480000, 0x00007f8f5d480000)
  from space 116480K,   6% used [0x00007f8f5d480000, 0x00007f8f5dbb7de8, 0x00007f8f64640000)
  to   space 116480K,   0% used [0x00007f8f64640000, 0x00007f8f64640000, 0x00007f8f6b800000)
 tenured generation   total 2330556K, used 2329500K [0x00007f9479b50000, 0x00007f9507f3f000, 0x00007f9f24600000)
   the space 2330556K,  99% used [0x00007f9479b50000, 0x00007f9507e37078, 0x00007f9507e37200, 0x00007f9507f3f000)
 Metaspace       used 24343K, capacity 24704K, committed 24832K, reserved 26624K
}
Event: 3718.498 GC heap after
{Heap after GC invocations=6331 (full 2):
 def new generation   total 1048832K, used 7391K [0x00007f8f24600000, 0x00007f8f6b800000, 0x00007f9479b50000)
  eden space 932352K,   0% used [0x00007f8f24600000, 0x00007f8f24600000, 0x00007f8f5d480000)
  from space 116480K,   6% used [0x00007f8f64640000, 0x00007f8f64d77f48, 0x00007f8f6b800000)
  to   space 116480K,   0% used [0x00007f8f5d480000, 0x00007f8f5d480000, 0x00007f8f64640000)
 tenured generation   total 2330556K, used 2330042K [0x00007f9479b50000, 0x00007f9507f3f000, 0x00007f9f24600000)
   the space 2330556K,  99% used [0x00007f9479b50000, 0x00007f9507ebe978, 0x00007f9507ebea00, 0x00007f9507f3f000)
 Metaspace       used 24343K, capacity 24704K, committed 24832K, reserved 26624K
}
Event: 3719.299 GC heap before
{Heap before GC invocations=6331 (full 2):
 def new generation   total 1048832K, used 939743K [0x00007f8f24600000, 0x00007f8f6b800000, 0x00007f9479b50000)
  eden space 932352K, 100% used [0x00007f8f24600000, 0x00007f8f5d480000, 0x00007f8f5d480000)
  from space 116480K,   6% used [0x00007f8f64640000, 0x00007f8f64d77f48, 0x00007f8f6b800000)
  to   space 116480K,   0% used [0x00007f8f5d480000, 0x00007f8f5d480000, 0x00007f8f64640000)
 tenured generation   total 2330556K, used 2330042K [0x00007f9479b50000, 0x00007f9507f3f000, 0x00007f9f24600000)
   the space 2330556K,  99% used [0x00007f9479b50000, 0x00007f9507ebe978, 0x00007f9507ebea00, 0x00007f9507f3f000)
 Metaspace       used 24343K, capacity 24704K, committed 24832K, reserved 26624K
}
Event: 3719.315 GC heap after
{Heap after GC invocations=6332 (full 2):
 def new generation   total 1048832K, used 7397K [0x00007f8f24600000, 0x00007f8f6b800000, 0x00007f9479b50000)
  eden space 932352K,   0% used [0x00007f8f24600000, 0x00007f8f24600000, 0x00007f8f5d480000)
  from space 116480K,   6% used [0x00007f8f5d480000, 0x00007f8f5dbb9638, 0x00007f8f64640000)
  to   space 116480K,   0% used [0x00007f8f64640000, 0x00007f8f64640000, 0x00007f8f6b800000)
 tenured generation   total 2330748K, used 2330599K [0x00007f9479b50000, 0x00007f9507f6f000, 0x00007f9f24600000)
   the space 2330748K,  99% used [0x00007f9479b50000, 0x00007f9507f49c70, 0x00007f9507f49e00, 0x00007f9507f6f000)
 Metaspace       used 24343K, capacity 24704K, committed 24832K, reserved 26624K
}
Event: 3719.315 GC heap before
{Heap before GC invocations=6332 (full 2):
 def new generation   total 1048832K, used 7397K [0x00007f8f24600000, 0x00007f8f6b800000, 0x00007f9479b50000)
  eden space 932352K,   0% used [0x00007f8f24600000, 0x00007f8f24600000, 0x00007f8f5d480000)
  from space 116480K,   6% used [0x00007f8f5d480000, 0x00007f8f5dbb9638, 0x00007f8f64640000)
  to   space 116480K,   0% used [0x00007f8f64640000, 0x00007f8f64640000, 0x00007f8f6b800000)
 tenured generation   total 2330748K, used 2330599K [0x00007f9479b50000, 0x00007f9507f6f000, 0x00007f9f24600000)
   the space 2330748K,  99% used [0x00007f9479b50000, 0x00007f9507f49c70, 0x00007f9507f49e00, 0x00007f9507f6f000)
 Metaspace       used 24343K, capacity 24704K, committed 24832K, reserved 26624K
}

