# JRE version: OpenJDK Runtime Environment (13.0.7+5) (build 13.0.7+5-Ubuntu-0ubuntu120.04)
# Java VM: OpenJDK 64-Bit Server VM (13.0.7+5-Ubuntu-0ubuntu120.04, mixed mode, tiered, serial gc, linux-amd64)
Heap:
 def new generation   total 3152896K, used 0K [0x00007ef388600000, 0x00007ef45e310000, 0x00007ef8ddb50000)
  eden space 2802624K,   0% used [0x00007ef388600000, 0x00007ef388600000, 0x00007ef4336f0000)
  from space 350272K,   0% used [0x00007ef448d00000, 0x00007ef448d00000, 0x00007ef45e310000)
  to   space 350272K,   0% used [0x00007ef4336f0000, 0x00007ef4336f0000, 0x00007ef448d00000)
 tenured generation   total 15394836K, used 10495188K [0x00007ef8ddb50000, 0x00007efc89555000, 0x00007f0388600000)
   the space 15394836K,  68% used [0x00007ef8ddb50000, 0x00007efb5e485170, 0x00007efb5e485200, 0x00007efc89555000)
 Metaspace       used 23050K, capacity 23445K, committed 23552K, reserved 24576K
GC Heap History (20 events):
Event: 8.951 GC heap after
{Heap after GC invocations=5 (full 1):
 def new generation   total 629248K, used 65537K [0x00007ef388600000, 0x00007ef3b30c0000, 0x00007ef8ddb50000)
  eden space 559360K,   0% used [0x00007ef388600000, 0x00007ef388600000, 0x00007ef3aa840000)
  from space 69888K,  93% used [0x00007ef3aa840000, 0x00007ef3ae840528, 0x00007ef3aec80000)
  to   space 69888K,   0% used [0x00007ef3aec80000, 0x00007ef3aec80000, 0x00007ef3b30c0000)
 tenured generation   total 1398144K, used 276888K [0x00007ef8ddb50000, 0x00007ef9330b0000, 0x00007f0388600000)
   the space 1398144K,  19% used [0x00007ef8ddb50000, 0x00007ef8ee9b6388, 0x00007ef8ee9b6400, 0x00007ef9330b0000)
 Metaspace       used 23039K, capacity 23445K, committed 23552K, reserved 24576K
}
Event: 9.950 GC heap before
{Heap before GC invocations=5 (full 1):
 def new generation   total 629248K, used 522903K [0x00007ef388600000, 0x00007ef3b30c0000, 0x00007ef8ddb50000)
  eden space 559360K,  81% used [0x00007ef388600000, 0x00007ef3a44a5748, 0x00007ef3aa840000)
  from space 69888K,  93% used [0x00007ef3aa840000, 0x00007ef3ae840528, 0x00007ef3aec80000)
  to   space 69888K,   0% used [0x00007ef3aec80000, 0x00007ef3aec80000, 0x00007ef3b30c0000)
 tenured generation   total 1398144K, used 276888K [0x00007ef8ddb50000, 0x00007ef9330b0000, 0x00007f0388600000)
   the space 1398144K,  19% used [0x00007ef8ddb50000, 0x00007ef8ee9b6388, 0x00007ef8ee9b6400, 0x00007ef9330b0000)
 Metaspace       used 23047K, capacity 23445K, committed 23552K, reserved 24576K
}
Event: 10.515 GC heap after
{Heap after GC invocations=6 (full 1):
 def new generation   total 629248K, used 5244K [0x00007ef388600000, 0x00007ef3b30c0000, 0x00007ef8ddb50000)
  eden space 559360K,   0% used [0x00007ef388600000, 0x00007ef388600000, 0x00007ef3aa840000)
  from space 69888K,   7% used [0x00007ef3aec80000, 0x00007ef3af19f090, 0x00007ef3b30c0000)
  to   space 69888K,   0% used [0x00007ef3aa840000, 0x00007ef3aa840000, 0x00007ef3aec80000)
 tenured generation   total 1398144K, used 637337K [0x00007ef8ddb50000, 0x00007ef9330b0000, 0x00007f0388600000)
   the space 1398144K,  45% used [0x00007ef8ddb50000, 0x00007ef9049b6618, 0x00007ef9049b6800, 0x00007ef9330b0000)
 Metaspace       used 23047K, capacity 23445K, committed 23552K, reserved 24576K
}
Event: 11.634 GC heap before
{Heap before GC invocations=6 (full 1):
 def new generation   total 629248K, used 540546K [0x00007ef388600000, 0x00007ef3b30c0000, 0x00007ef8ddb50000)
  eden space 559360K,  95% used [0x00007ef388600000, 0x00007ef3a90c18a0, 0x00007ef3aa840000)
  from space 69888K,   7% used [0x00007ef3aec80000, 0x00007ef3af19f090, 0x00007ef3b30c0000)
  to   space 69888K,   0% used [0x00007ef3aa840000, 0x00007ef3aa840000, 0x00007ef3aec80000)
 tenured generation   total 1398144K, used 637337K [0x00007ef8ddb50000, 0x00007ef9330b0000, 0x00007f0388600000)
   the space 1398144K,  45% used [0x00007ef8ddb50000, 0x00007ef9049b6618, 0x00007ef9049b6800, 0x00007ef9330b0000)
 Metaspace       used 23047K, capacity 23445K, committed 23552K, reserved 24576K
}
Event: 11.787 GC heap after
{Heap after GC invocations=7 (full 1):
 def new generation   total 629248K, used 69755K [0x00007ef388600000, 0x00007ef3b30c0000, 0x00007ef8ddb50000)
  eden space 559360K,   0% used [0x00007ef388600000, 0x00007ef388600000, 0x00007ef3aa840000)
  from space 69888K,  99% used [0x00007ef3aa840000, 0x00007ef3aec5efb8, 0x00007ef3aec80000)
  to   space 69888K,   0% used [0x00007ef3aec80000, 0x00007ef3aec80000, 0x00007ef3b30c0000)
 tenured generation   total 1398144K, used 703897K [0x00007ef8ddb50000, 0x00007ef9330b0000, 0x00007f0388600000)
   the space 1398144K,  50% used [0x00007ef8ddb50000, 0x00007ef908ab6648, 0x00007ef908ab6800, 0x00007ef9330b0000)
 Metaspace       used 23047K, capacity 23445K, committed 23552K, reserved 24576K
}
Event: 12.039 GC heap before
{Heap before GC invocations=7 (full 1):
 def new generation   total 629248K, used 182088K [0x00007ef388600000, 0x00007ef3b30c0000, 0x00007ef8ddb50000)
  eden space 559360K,  20% used [0x00007ef388600000, 0x00007ef38f3b3200, 0x00007ef3aa840000)
  from space 69888K,  99% used [0x00007ef3aa840000, 0x00007ef3aec5efb8, 0x00007ef3aec80000)
  to   space 69888K,   0% used [0x00007ef3aec80000, 0x00007ef3aec80000, 0x00007ef3b30c0000)
 tenured generation   total 1398144K, used 703897K [0x00007ef8ddb50000, 0x00007ef9330b0000, 0x00007f0388600000)
   the space 1398144K,  50% used [0x00007ef8ddb50000, 0x00007ef908ab6648, 0x00007ef908ab6800, 0x00007ef9330b0000)
 Metaspace       used 23050K, capacity 23445K, committed 23552K, reserved 24576K
}
Event: 12.052 GC heap after
{Heap after GC invocations=8 (full 1):
 def new generation   total 629248K, used 8264K [0x00007ef388600000, 0x00007ef3b30c0000, 0x00007ef8ddb50000)
  eden space 559360K,   0% used [0x00007ef388600000, 0x00007ef388600000, 0x00007ef3aa840000)
  from space 69888K,  11% used [0x00007ef3aec80000, 0x00007ef3af4923e0, 0x00007ef3b30c0000)
  to   space 69888K,   0% used [0x00007ef3aa840000, 0x00007ef3aa840000, 0x00007ef3aec80000)
 tenured generation   total 1398144K, used 708065K [0x00007ef8ddb50000, 0x00007ef9330b0000, 0x00007f0388600000)
   the space 1398144K,  50% used [0x00007ef8ddb50000, 0x00007ef908ec8430, 0x00007ef908ec8600, 0x00007ef9330b0000)
 Metaspace       used 23050K, capacity 23445K, committed 23552K, reserved 24576K
}
Event: 12.052 GC heap before
{Heap before GC invocations=8 (full 1):
 def new generation   total 629248K, used 8264K [0x00007ef388600000, 0x00007ef3b30c0000, 0x00007ef8ddb50000)
  eden space 559360K,   0% used [0x00007ef388600000, 0x00007ef388600000, 0x00007ef3aa840000)
  from space 69888K,  11% used [0x00007ef3aec80000, 0x00007ef3af4923e0, 0x00007ef3b30c0000)
  to   space 69888K,   0% used [0x00007ef3aa840000, 0x00007ef3aa840000, 0x00007ef3aec80000)
 tenured generation   total 1398144K, used 708065K [0x00007ef8ddb50000, 0x00007ef9330b0000, 0x00007f0388600000)
   the space 1398144K,  50% used [0x00007ef8ddb50000, 0x00007ef908ec8430, 0x00007ef908ec8600, 0x00007ef9330b0000)
 Metaspace       used 23050K, capacity 23445K, committed 23552K, reserved 24576K
}
Event: 12.107 GC heap after
{Heap after GC invocations=8 (full 2):
 def new generation   total 629248K, used 0K [0x00007ef388600000, 0x00007ef3b30c0000, 0x00007ef8ddb50000)
  eden space 559360K,   0% used [0x00007ef388600000, 0x00007ef388600000, 0x00007ef3aa840000)
  from space 69888K,   0% used [0x00007ef3aec80000, 0x00007ef3aec80000, 0x00007ef3b30c0000)
  to   space 69888K,   0% used [0x00007ef3aa840000, 0x00007ef3aa840000, 0x00007ef3aec80000)
 tenured generation   total 1398144K, used 22980K [0x00007ef8ddb50000, 0x00007ef9330b0000, 0x00007f0388600000)
   the space 1398144K,   1% used [0x00007ef8ddb50000, 0x00007ef8df1c13e0, 0x00007ef8df1c1400, 0x00007ef9330b0000)
 Metaspace       used 23050K, capacity 23445K, committed 23552K, reserved 24576K
}
Event: 15.369 GC heap before
{Heap before GC invocations=8 (full 2):
 def new generation   total 629248K, used 11046K [0x00007ef388600000, 0x00007ef3b30c0000, 0x00007ef8ddb50000)
  eden space 559360K,   1% used [0x00007ef388600000, 0x00007ef3890c98c0, 0x00007ef3aa840000)
  from space 69888K,   0% used [0x00007ef3aec80000, 0x00007ef3aec80000, 0x00007ef3b30c0000)
  to   space 69888K,   0% used [0x00007ef3aa840000, 0x00007ef3aa840000, 0x00007ef3aec80000)
 tenured generation   total 3495300K, used 2120132K [0x00007ef8ddb50000, 0x00007ef9b30b1000, 0x00007f0388600000)
   the space 3495300K,  60% used [0x00007ef8ddb50000, 0x00007ef95f1c13f8, 0x00007ef95f1c1400, 0x00007ef9b30b1000)
 Metaspace       used 23050K, capacity 23445K, committed 23552K, reserved 24576K
}
Event: 15.373 GC heap after
{Heap after GC invocations=9 (full 2):
 def new generation   total 629248K, used 0K [0x00007ef388600000, 0x00007ef3b30c0000, 0x00007ef8ddb50000)
  eden space 559360K,   0% used [0x00007ef388600000, 0x00007ef388600000, 0x00007ef3aa840000)
  from space 69888K,   0% used [0x00007ef3aa840000, 0x00007ef3aa840260, 0x00007ef3aec80000)
  to   space 69888K,   0% used [0x00007ef3aec80000, 0x00007ef3aec80000, 0x00007ef3b30c0000)
 tenured generation   total 3495300K, used 2120132K [0x00007ef8ddb50000, 0x00007ef9b30b1000, 0x00007f0388600000)
   the space 3495300K,  60% used [0x00007ef8ddb50000, 0x00007ef95f1c13f8, 0x00007ef95f1c1400, 0x00007ef9b30b1000)
 Metaspace       used 23050K, capacity 23445K, committed 23552K, reserved 24576K
}
Event: 15.373 GC heap before
{Heap before GC invocations=9 (full 2):
 def new generation   total 629248K, used 0K [0x00007ef388600000, 0x00007ef3b30c0000, 0x00007ef8ddb50000)
  eden space 559360K,   0% used [0x00007ef388600000, 0x00007ef388600000, 0x00007ef3aa840000)
  from space 69888K,   0% used [0x00007ef3aa840000, 0x00007ef3aa840260, 0x00007ef3aec80000)
  to   space 69888K,   0% used [0x00007ef3aec80000, 0x00007ef3aec80000, 0x00007ef3b30c0000)
 tenured generation   total 3495300K, used 2120132K [0x00007ef8ddb50000, 0x00007ef9b30b1000, 0x00007f0388600000)
   the space 3495300K,  60% used [0x00007ef8ddb50000, 0x00007ef95f1c13f8, 0x00007ef95f1c1400, 0x00007ef9b30b1000)
 Metaspace       used 23050K, capacity 23445K, committed 23552K, reserved 24576K
}
Event: 15.426 GC heap after
{Heap after GC invocations=9 (full 3):
 def new generation   total 1590144K, used 0K [0x00007ef388600000, 0x00007ef3f4360000, 0x00007ef8ddb50000)
  eden space 1413504K,   0% used [0x00007ef388600000, 0x00007ef388600000, 0x00007ef3dea60000)
  from space 176640K,   0% used [0x00007ef3dea60000, 0x00007ef3dea60000, 0x00007ef3e96e0000)
  to   space 176640K,   0% used [0x00007ef3e96e0000, 0x00007ef3e96e0000, 0x00007ef3f4360000)
 tenured generation   total 3533556K, used 2120133K [0x00007ef8ddb50000, 0x00007ef9b560d000, 0x00007f0388600000)
   the space 3533556K,  59% used [0x00007ef8ddb50000, 0x00007ef95f1c15f0, 0x00007ef95f1c1600, 0x00007ef9b560d000)
 Metaspace       used 23050K, capacity 23445K, committed 23552K, reserved 24576K
}
Event: 18.526 GC heap before
{Heap before GC invocations=9 (full 3):
 def new generation   total 1590144K, used 27913K [0x00007ef388600000, 0x00007ef3f4360000, 0x00007ef8ddb50000)
  eden space 1413504K,   1% used [0x00007ef388600000, 0x00007ef38a1426f8, 0x00007ef3dea60000)
  from space 176640K,   0% used [0x00007ef3dea60000, 0x00007ef3dea60000, 0x00007ef3e96e0000)
  to   space 176640K,   0% used [0x00007ef3e96e0000, 0x00007ef3e96e0000, 0x00007ef3f4360000)
 tenured generation   total 5630712K, used 4217285K [0x00007ef8ddb50000, 0x00007efa3560e000, 0x00007f0388600000)
   the space 5630712K,  74% used [0x00007ef8ddb50000, 0x00007ef9df1c1608, 0x00007ef9df1c1800, 0x00007efa3560e000)
 Metaspace       used 23050K, capacity 23445K, committed 23552K, reserved 24576K
}
Event: 18.530 GC heap after
{Heap after GC invocations=10 (full 3):
 def new generation   total 1590144K, used 0K [0x00007ef388600000, 0x00007ef3f4360000, 0x00007ef8ddb50000)
  eden space 1413504K,   0% used [0x00007ef388600000, 0x00007ef388600000, 0x00007ef3dea60000)
  from space 176640K,   0% used [0x00007ef3e96e0000, 0x00007ef3e96e02c0, 0x00007ef3f4360000)
  to   space 176640K,   0% used [0x00007ef3dea60000, 0x00007ef3dea60000, 0x00007ef3e96e0000)
 tenured generation   total 5630712K, used 4217285K [0x00007ef8ddb50000, 0x00007efa3560e000, 0x00007f0388600000)
   the space 5630712K,  74% used [0x00007ef8ddb50000, 0x00007ef9df1c1608, 0x00007ef9df1c1800, 0x00007efa3560e000)
 Metaspace       used 23050K, capacity 23445K, committed 23552K, reserved 24576K
}
Event: 18.531 GC heap before
{Heap before GC invocations=10 (full 3):
 def new generation   total 1590144K, used 0K [0x00007ef388600000, 0x00007ef3f4360000, 0x00007ef8ddb50000)
  eden space 1413504K,   0% used [0x00007ef388600000, 0x00007ef388600000, 0x00007ef3dea60000)
  from space 176640K,   0% used [0x00007ef3e96e0000, 0x00007ef3e96e02c0, 0x00007ef3f4360000)
  to   space 176640K,   0% used [0x00007ef3dea60000, 0x00007ef3dea60000, 0x00007ef3e96e0000)
 tenured generation   total 5630712K, used 4217285K [0x00007ef8ddb50000, 0x00007efa3560e000, 0x00007f0388600000)
   the space 5630712K,  74% used [0x00007ef8ddb50000, 0x00007ef9df1c1608, 0x00007ef9df1c1800, 0x00007efa3560e000)
 Metaspace       used 23050K, capacity 23445K, committed 23552K, reserved 24576K
}
Event: 22.034 GC heap after
{Heap after GC invocations=10 (full 4):
 def new generation   total 3152896K, used 0K [0x00007ef388600000, 0x00007ef45e310000, 0x00007ef8ddb50000)
  eden space 2802624K,   0% used [0x00007ef388600000, 0x00007ef388600000, 0x00007ef4336f0000)
  from space 350272K,   0% used [0x00007ef4336f0000, 0x00007ef4336f0000, 0x00007ef448d00000)
  to   space 350272K,   0% used [0x00007ef448d00000, 0x00007ef448d00000, 0x00007ef45e310000)
 tenured generation   total 7006224K, used 4203732K [0x00007ef8ddb50000, 0x00007efa89554000, 0x00007f0388600000)
   the space 7006224K,  59% used [0x00007ef8ddb50000, 0x00007ef9de485198, 0x00007ef9de485200, 0x00007efa89554000)
 Metaspace       used 23050K, capacity 23445K, committed 23552K, reserved 24576K
}
Event: 53.094 GC heap before
{Heap before GC invocations=10 (full 4):
 def new generation   total 3152896K, used 55345K [0x00007ef388600000, 0x00007ef45e310000, 0x00007ef8ddb50000)
  eden space 2802624K,   1% used [0x00007ef388600000, 0x00007ef38bc0c750, 0x00007ef4336f0000)
  from space 350272K,   0% used [0x00007ef4336f0000, 0x00007ef4336f0000, 0x00007ef448d00000)
  to   space 350272K,   0% used [0x00007ef448d00000, 0x00007ef448d00000, 0x00007ef45e310000)
 tenured generation   total 15394836K, used 12592340K [0x00007ef8ddb50000, 0x00007efc89555000, 0x00007f0388600000)
   the space 15394836K,  81% used [0x00007ef8ddb50000, 0x00007efbde4851b0, 0x00007efbde485200, 0x00007efc89555000)
 Metaspace       used 23050K, capacity 23445K, committed 23552K, reserved 24576K
}
Event: 53.129 GC heap after
{Heap after GC invocations=11 (full 4):
 def new generation   total 3152896K, used 0K [0x00007ef388600000, 0x00007ef45e310000, 0x00007ef8ddb50000)
  eden space 2802624K,   0% used [0x00007ef388600000, 0x00007ef388600000, 0x00007ef4336f0000)
  from space 350272K,   0% used [0x00007ef448d00000, 0x00007ef448d00178, 0x00007ef45e310000)
  to   space 350272K,   0% used [0x00007ef4336f0000, 0x00007ef4336f0000, 0x00007ef448d00000)
 tenured generation   total 15394836K, used 12592340K [0x00007ef8ddb50000, 0x00007efc89555000, 0x00007f0388600000)
   the space 15394836K,  81% used [0x00007ef8ddb50000, 0x00007efbde4851b0, 0x00007efbde485200, 0x00007efc89555000)
 Metaspace       used 23050K, capacity 23445K, committed 23552K, reserved 24576K
}
Event: 53.129 GC heap before
{Heap before GC invocations=11 (full 4):
 def new generation   total 3152896K, used 0K [0x00007ef388600000, 0x00007ef45e310000, 0x00007ef8ddb50000)
  eden space 2802624K,   0% used [0x00007ef388600000, 0x00007ef388600000, 0x00007ef4336f0000)
  from space 350272K,   0% used [0x00007ef448d00000, 0x00007ef448d00178, 0x00007ef45e310000)
  to   space 350272K,   0% used [0x00007ef4336f0000, 0x00007ef4336f0000, 0x00007ef448d00000)
 tenured generation   total 15394836K, used 12592340K [0x00007ef8ddb50000, 0x00007efc89555000, 0x00007f0388600000)
   the space 15394836K,  81% used [0x00007ef8ddb50000, 0x00007efbde4851b0, 0x00007efbde485200, 0x00007efc89555000)
 Metaspace       used 23050K, capacity 23445K, committed 23552K, reserved 24576K
}

