# JRE version: OpenJDK Runtime Environment (13.0.7+5) (build 13.0.7+5-Ubuntu-0ubuntu120.04)
# Java VM: OpenJDK 64-Bit Server VM (13.0.7+5-Ubuntu-0ubuntu120.04, mixed mode, tiered, serial gc, linux-amd64)
Heap:
 def new generation   total 1009088K, used 0K [0x00007f9274600000, 0x00007f92b8ce0000, 0x00007f9d1f0a0000)
  eden space 897024K,   0% used [0x00007f9274600000, 0x00007f9274600000, 0x00007f92ab200000)
  from space 112064K,   0% used [0x00007f92ab200000, 0x00007f92ab200000, 0x00007f92b1f70000)
  to   space 112064K,   0% used [0x00007f92b1f70000, 0x00007f92b1f70000, 0x00007f92b8ce0000)
 tenured generation   total 2258620K, used 2222572K [0x00007f9d1f0a0000, 0x00007f9da8e4f000, 0x00007fb274600000)
   the space 2258620K,  98% used [0x00007f9d1f0a0000, 0x00007f9da6b1b2f8, 0x00007f9da6b1b400, 0x00007f9da8e4f000)
 Metaspace       used 24296K, capacity 24710K, committed 24832K, reserved 26624K
GC Heap History (20 events):
Event: 776.735 GC heap after
{Heap after GC invocations=1026 (full 4):
 def new generation   total 1009088K, used 14384K [0x00007f9274600000, 0x00007f92b8ce0000, 0x00007f9d1f0a0000)
  eden space 897024K,   0% used [0x00007f9274600000, 0x00007f9274600000, 0x00007f92ab200000)
  from space 112064K,  12% used [0x00007f92b1f70000, 0x00007f92b2d7c100, 0x00007f92b8ce0000)
  to   space 112064K,   0% used [0x00007f92ab200000, 0x00007f92ab200000, 0x00007f92b1f70000)
 tenured generation   total 2242232K, used 2229725K [0x00007f9d1f0a0000, 0x00007f9da7e4e000, 0x00007fb274600000)
   the space 2242232K,  99% used [0x00007f9d1f0a0000, 0x00007f9da7217770, 0x00007f9da7217800, 0x00007f9da7e4e000)
 Metaspace       used 24296K, capacity 24710K, committed 24832K, reserved 26624K
}
Event: 777.573 GC heap before
{Heap before GC invocations=1026 (full 4):
 def new generation   total 1009088K, used 911408K [0x00007f9274600000, 0x00007f92b8ce0000, 0x00007f9d1f0a0000)
  eden space 897024K, 100% used [0x00007f9274600000, 0x00007f92ab200000, 0x00007f92ab200000)
  from space 112064K,  12% used [0x00007f92b1f70000, 0x00007f92b2d7c100, 0x00007f92b8ce0000)
  to   space 112064K,   0% used [0x00007f92ab200000, 0x00007f92ab200000, 0x00007f92b1f70000)
 tenured generation   total 2242232K, used 2229725K [0x00007f9d1f0a0000, 0x00007f9da7e4e000, 0x00007fb274600000)
   the space 2242232K,  99% used [0x00007f9d1f0a0000, 0x00007f9da7217770, 0x00007f9da7217800, 0x00007f9da7e4e000)
 Metaspace       used 24296K, capacity 24710K, committed 24832K, reserved 26624K
}
Event: 777.591 GC heap after
{Heap after GC invocations=1027 (full 4):
 def new generation   total 1009088K, used 15422K [0x00007f9274600000, 0x00007f92b8ce0000, 0x00007f9d1f0a0000)
  eden space 897024K,   0% used [0x00007f9274600000, 0x00007f9274600000, 0x00007f92ab200000)
  from space 112064K,  13% used [0x00007f92ab200000, 0x00007f92ac10fa78, 0x00007f92b1f70000)
  to   space 112064K,   0% used [0x00007f92b1f70000, 0x00007f92b1f70000, 0x00007f92b8ce0000)
 tenured generation   total 2242232K, used 2229725K [0x00007f9d1f0a0000, 0x00007f9da7e4e000, 0x00007fb274600000)
   the space 2242232K,  99% used [0x00007f9d1f0a0000, 0x00007f9da7217770, 0x00007f9da7217800, 0x00007f9da7e4e000)
 Metaspace       used 24296K, capacity 24710K, committed 24832K, reserved 26624K
}
Event: 778.474 GC heap before
{Heap before GC invocations=1027 (full 4):
 def new generation   total 1009088K, used 912446K [0x00007f9274600000, 0x00007f92b8ce0000, 0x00007f9d1f0a0000)
  eden space 897024K, 100% used [0x00007f9274600000, 0x00007f92ab200000, 0x00007f92ab200000)
  from space 112064K,  13% used [0x00007f92ab200000, 0x00007f92ac10fa78, 0x00007f92b1f70000)
  to   space 112064K,   0% used [0x00007f92b1f70000, 0x00007f92b1f70000, 0x00007f92b8ce0000)
 tenured generation   total 2242232K, used 2229725K [0x00007f9d1f0a0000, 0x00007f9da7e4e000, 0x00007fb274600000)
   the space 2242232K,  99% used [0x00007f9d1f0a0000, 0x00007f9da7217770, 0x00007f9da7217800, 0x00007f9da7e4e000)
 Metaspace       used 24296K, capacity 24710K, committed 24832K, reserved 26624K
}
Event: 778.500 GC heap after
{Heap after GC invocations=1028 (full 4):
 def new generation   total 1009088K, used 36485K [0x00007f9274600000, 0x00007f92b8ce0000, 0x00007f9d1f0a0000)
  eden space 897024K,   0% used [0x00007f9274600000, 0x00007f9274600000, 0x00007f92ab200000)
  from space 112064K,  32% used [0x00007f92b1f70000, 0x00007f92b4311638, 0x00007f92b8ce0000)
  to   space 112064K,   0% used [0x00007f92ab200000, 0x00007f92ab200000, 0x00007f92b1f70000)
 tenured generation   total 2242232K, used 2229725K [0x00007f9d1f0a0000, 0x00007f9da7e4e000, 0x00007fb274600000)
   the space 2242232K,  99% used [0x00007f9d1f0a0000, 0x00007f9da7217770, 0x00007f9da7217800, 0x00007f9da7e4e000)
 Metaspace       used 24296K, capacity 24710K, committed 24832K, reserved 26624K
}
Event: 779.659 GC heap before
{Heap before GC invocations=1028 (full 4):
 def new generation   total 1009088K, used 933509K [0x00007f9274600000, 0x00007f92b8ce0000, 0x00007f9d1f0a0000)
  eden space 897024K, 100% used [0x00007f9274600000, 0x00007f92ab200000, 0x00007f92ab200000)
  from space 112064K,  32% used [0x00007f92b1f70000, 0x00007f92b4311638, 0x00007f92b8ce0000)
  to   space 112064K,   0% used [0x00007f92ab200000, 0x00007f92ab200000, 0x00007f92b1f70000)
 tenured generation   total 2242232K, used 2229725K [0x00007f9d1f0a0000, 0x00007f9da7e4e000, 0x00007fb274600000)
   the space 2242232K,  99% used [0x00007f9d1f0a0000, 0x00007f9da7217770, 0x00007f9da7217800, 0x00007f9da7e4e000)
 Metaspace       used 24296K, capacity 24710K, committed 24832K, reserved 26624K
}
Event: 779.697 GC heap after
{Heap after GC invocations=1029 (full 4):
 def new generation   total 1009088K, used 40091K [0x00007f9274600000, 0x00007f92b8ce0000, 0x00007f9d1f0a0000)
  eden space 897024K,   0% used [0x00007f9274600000, 0x00007f9274600000, 0x00007f92ab200000)
  from space 112064K,  35% used [0x00007f92ab200000, 0x00007f92ad926c60, 0x00007f92b1f70000)
  to   space 112064K,   0% used [0x00007f92b1f70000, 0x00007f92b1f70000, 0x00007f92b8ce0000)
 tenured generation   total 2242232K, used 2229725K [0x00007f9d1f0a0000, 0x00007f9da7e4e000, 0x00007fb274600000)
   the space 2242232K,  99% used [0x00007f9d1f0a0000, 0x00007f9da7217770, 0x00007f9da7217800, 0x00007f9da7e4e000)
 Metaspace       used 24296K, capacity 24710K, committed 24832K, reserved 26624K
}
Event: 780.861 GC heap before
{Heap before GC invocations=1029 (full 4):
 def new generation   total 1009088K, used 931665K [0x00007f9274600000, 0x00007f92b8ce0000, 0x00007f9d1f0a0000)
  eden space 897024K,  99% used [0x00007f9274600000, 0x00007f92aacada58, 0x00007f92ab200000)
  from space 112064K,  35% used [0x00007f92ab200000, 0x00007f92ad926c60, 0x00007f92b1f70000)
  to   space 112064K,   0% used [0x00007f92b1f70000, 0x00007f92b1f70000, 0x00007f92b8ce0000)
 tenured generation   total 2242232K, used 2229725K [0x00007f9d1f0a0000, 0x00007f9da7e4e000, 0x00007fb274600000)
   the space 2242232K,  99% used [0x00007f9d1f0a0000, 0x00007f9da7217770, 0x00007f9da7217800, 0x00007f9da7e4e000)
 Metaspace       used 24296K, capacity 24710K, committed 24832K, reserved 26624K
}
Event: 780.902 GC heap after
{Heap after GC invocations=1030 (full 4):
 def new generation   total 1009088K, used 45229K [0x00007f9274600000, 0x00007f92b8ce0000, 0x00007f9d1f0a0000)
  eden space 897024K,   0% used [0x00007f9274600000, 0x00007f9274600000, 0x00007f92ab200000)
  from space 112064K,  40% used [0x00007f92b1f70000, 0x00007f92b4b9b608, 0x00007f92b8ce0000)
  to   space 112064K,   0% used [0x00007f92ab200000, 0x00007f92ab200000, 0x00007f92b1f70000)
 tenured generation   total 2242232K, used 2229725K [0x00007f9d1f0a0000, 0x00007f9da7e4e000, 0x00007fb274600000)
   the space 2242232K,  99% used [0x00007f9d1f0a0000, 0x00007f9da7217770, 0x00007f9da7217800, 0x00007f9da7e4e000)
 Metaspace       used 24296K, capacity 24710K, committed 24832K, reserved 26624K
}
Event: 781.925 GC heap before
{Heap before GC invocations=1030 (full 4):
 def new generation   total 1009088K, used 942253K [0x00007f9274600000, 0x00007f92b8ce0000, 0x00007f9d1f0a0000)
  eden space 897024K, 100% used [0x00007f9274600000, 0x00007f92ab200000, 0x00007f92ab200000)
  from space 112064K,  40% used [0x00007f92b1f70000, 0x00007f92b4b9b608, 0x00007f92b8ce0000)
  to   space 112064K,   0% used [0x00007f92ab200000, 0x00007f92ab200000, 0x00007f92b1f70000)
 tenured generation   total 2242232K, used 2229725K [0x00007f9d1f0a0000, 0x00007f9da7e4e000, 0x00007fb274600000)
   the space 2242232K,  99% used [0x00007f9d1f0a0000, 0x00007f9da7217770, 0x00007f9da7217800, 0x00007f9da7e4e000)
 Metaspace       used 24296K, capacity 24710K, committed 24832K, reserved 26624K
}
Event: 781.970 GC heap after
{Heap after GC invocations=1031 (full 4):
 def new generation   total 1009088K, used 49845K [0x00007f9274600000, 0x00007f92b8ce0000, 0x00007f9d1f0a0000)
  eden space 897024K,   0% used [0x00007f9274600000, 0x00007f9274600000, 0x00007f92ab200000)
  from space 112064K,  44% used [0x00007f92ab200000, 0x00007f92ae2ad708, 0x00007f92b1f70000)
  to   space 112064K,   0% used [0x00007f92b1f70000, 0x00007f92b1f70000, 0x00007f92b8ce0000)
 tenured generation   total 2242232K, used 2229725K [0x00007f9d1f0a0000, 0x00007f9da7e4e000, 0x00007fb274600000)
   the space 2242232K,  99% used [0x00007f9d1f0a0000, 0x00007f9da7217770, 0x00007f9da7217800, 0x00007f9da7e4e000)
 Metaspace       used 24296K, capacity 24710K, committed 24832K, reserved 26624K
}
Event: 782.860 GC heap before
{Heap before GC invocations=1031 (full 4):
 def new generation   total 1009088K, used 946869K [0x00007f9274600000, 0x00007f92b8ce0000, 0x00007f9d1f0a0000)
  eden space 897024K, 100% used [0x00007f9274600000, 0x00007f92ab200000, 0x00007f92ab200000)
  from space 112064K,  44% used [0x00007f92ab200000, 0x00007f92ae2ad708, 0x00007f92b1f70000)
  to   space 112064K,   0% used [0x00007f92b1f70000, 0x00007f92b1f70000, 0x00007f92b8ce0000)
 tenured generation   total 2242232K, used 2229725K [0x00007f9d1f0a0000, 0x00007f9da7e4e000, 0x00007fb274600000)
   the space 2242232K,  99% used [0x00007f9d1f0a0000, 0x00007f9da7217770, 0x00007f9da7217800, 0x00007f9da7e4e000)
 Metaspace       used 24296K, capacity 24710K, committed 24832K, reserved 26624K
}
Event: 782.914 GC heap after
{Heap after GC invocations=1032 (full 4):
 def new generation   total 1009088K, used 51880K [0x00007f9274600000, 0x00007f92b8ce0000, 0x00007f9d1f0a0000)
  eden space 897024K,   0% used [0x00007f9274600000, 0x00007f9274600000, 0x00007f92ab200000)
  from space 112064K,  46% used [0x00007f92b1f70000, 0x00007f92b521a230, 0x00007f92b8ce0000)
  to   space 112064K,   0% used [0x00007f92ab200000, 0x00007f92ab200000, 0x00007f92b1f70000)
 tenured generation   total 2242232K, used 2229725K [0x00007f9d1f0a0000, 0x00007f9da7e4e000, 0x00007fb274600000)
   the space 2242232K,  99% used [0x00007f9d1f0a0000, 0x00007f9da7217770, 0x00007f9da7217800, 0x00007f9da7e4e000)
 Metaspace       used 24296K, capacity 24710K, committed 24832K, reserved 26624K
}
Event: 783.719 GC heap before
{Heap before GC invocations=1032 (full 4):
 def new generation   total 1009088K, used 946836K [0x00007f9274600000, 0x00007f92b8ce0000, 0x00007f9d1f0a0000)
  eden space 897024K,  99% used [0x00007f9274600000, 0x00007f92aaffae38, 0x00007f92ab200000)
  from space 112064K,  46% used [0x00007f92b1f70000, 0x00007f92b521a230, 0x00007f92b8ce0000)
  to   space 112064K,   0% used [0x00007f92ab200000, 0x00007f92ab200000, 0x00007f92b1f70000)
 tenured generation   total 2242232K, used 2229725K [0x00007f9d1f0a0000, 0x00007f9da7e4e000, 0x00007fb274600000)
   the space 2242232K,  99% used [0x00007f9d1f0a0000, 0x00007f9da7217770, 0x00007f9da7217800, 0x00007f9da7e4e000)
 Metaspace       used 24296K, capacity 24710K, committed 24832K, reserved 26624K
}
Event: 783.772 GC heap after
{Heap after GC invocations=1033 (full 4):
 def new generation   total 1009088K, used 52419K [0x00007f9274600000, 0x00007f92b8ce0000, 0x00007f9d1f0a0000)
  eden space 897024K,   0% used [0x00007f9274600000, 0x00007f9274600000, 0x00007f92ab200000)
  from space 112064K,  46% used [0x00007f92ab200000, 0x00007f92ae530c78, 0x00007f92b1f70000)
  to   space 112064K,   0% used [0x00007f92b1f70000, 0x00007f92b1f70000, 0x00007f92b8ce0000)
 tenured generation   total 2242232K, used 2229725K [0x00007f9d1f0a0000, 0x00007f9da7e4e000, 0x00007fb274600000)
   the space 2242232K,  99% used [0x00007f9d1f0a0000, 0x00007f9da7217770, 0x00007f9da7217800, 0x00007f9da7e4e000)
 Metaspace       used 24296K, capacity 24710K, committed 24832K, reserved 26624K
}
Event: 785.002 GC heap before
{Heap before GC invocations=1033 (full 4):
 def new generation   total 1009088K, used 949237K [0x00007f9274600000, 0x00007f92b8ce0000, 0x00007f9d1f0a0000)
  eden space 897024K,  99% used [0x00007f9274600000, 0x00007f92ab1cc800, 0x00007f92ab200000)
  from space 112064K,  46% used [0x00007f92ab200000, 0x00007f92ae530c78, 0x00007f92b1f70000)
  to   space 112064K,   0% used [0x00007f92b1f70000, 0x00007f92b1f70000, 0x00007f92b8ce0000)
 tenured generation   total 2242232K, used 2229725K [0x00007f9d1f0a0000, 0x00007f9da7e4e000, 0x00007fb274600000)
   the space 2242232K,  99% used [0x00007f9d1f0a0000, 0x00007f9da7217770, 0x00007f9da7217800, 0x00007f9da7e4e000)
 Metaspace       used 24296K, capacity 24710K, committed 24832K, reserved 26624K
}
Event: 785.058 GC heap after
{Heap after GC invocations=1034 (full 4):
 def new generation   total 1009088K, used 65288K [0x00007f9274600000, 0x00007f92b8ce0000, 0x00007f9d1f0a0000)
  eden space 897024K,   0% used [0x00007f9274600000, 0x00007f9274600000, 0x00007f92ab200000)
  from space 112064K,  58% used [0x00007f92b1f70000, 0x00007f92b5f32378, 0x00007f92b8ce0000)
  to   space 112064K,   0% used [0x00007f92ab200000, 0x00007f92ab200000, 0x00007f92b1f70000)
 tenured generation   total 2242232K, used 2229725K [0x00007f9d1f0a0000, 0x00007f9da7e4e000, 0x00007fb274600000)
   the space 2242232K,  99% used [0x00007f9d1f0a0000, 0x00007f9da7217770, 0x00007f9da7217800, 0x00007f9da7e4e000)
 Metaspace       used 24296K, capacity 24710K, committed 24832K, reserved 26624K
}
Event: 786.236 GC heap before
{Heap before GC invocations=1034 (full 4):
 def new generation   total 1009088K, used 962312K [0x00007f9274600000, 0x00007f92b8ce0000, 0x00007f9d1f0a0000)
  eden space 897024K, 100% used [0x00007f9274600000, 0x00007f92ab200000, 0x00007f92ab200000)
  from space 112064K,  58% used [0x00007f92b1f70000, 0x00007f92b5f32378, 0x00007f92b8ce0000)
  to   space 112064K,   0% used [0x00007f92ab200000, 0x00007f92ab200000, 0x00007f92b1f70000)
 tenured generation   total 2242232K, used 2229725K [0x00007f9d1f0a0000, 0x00007f9da7e4e000, 0x00007fb274600000)
   the space 2242232K,  99% used [0x00007f9d1f0a0000, 0x00007f9da7217770, 0x00007f9da7217800, 0x00007f9da7e4e000)
 Metaspace       used 24296K, capacity 24710K, committed 24832K, reserved 26624K
}
Event: 786.287 GC heap after
{Heap after GC invocations=1035 (full 4):
 def new generation   total 1009088K, used 43687K [0x00007f9274600000, 0x00007f92b8ce0000, 0x00007f9d1f0a0000)
  eden space 897024K,   0% used [0x00007f9274600000, 0x00007f9274600000, 0x00007f92ab200000)
  from space 112064K,  38% used [0x00007f92ab200000, 0x00007f92adca9c40, 0x00007f92b1f70000)
  to   space 112064K,   0% used [0x00007f92b1f70000, 0x00007f92b1f70000, 0x00007f92b8ce0000)
 tenured generation   total 2258620K, used 2248738K [0x00007f9d1f0a0000, 0x00007f9da8e4f000, 0x00007fb274600000)
   the space 2258620K,  99% used [0x00007f9d1f0a0000, 0x00007f9da84a8b80, 0x00007f9da84a8c00, 0x00007f9da8e4f000)
 Metaspace       used 24296K, capacity 24710K, committed 24832K, reserved 26624K
}
Event: 786.287 GC heap before
{Heap before GC invocations=1035 (full 4):
 def new generation   total 1009088K, used 43687K [0x00007f9274600000, 0x00007f92b8ce0000, 0x00007f9d1f0a0000)
  eden space 897024K,   0% used [0x00007f9274600000, 0x00007f9274600000, 0x00007f92ab200000)
  from space 112064K,  38% used [0x00007f92ab200000, 0x00007f92adca9c40, 0x00007f92b1f70000)
  to   space 112064K,   0% used [0x00007f92b1f70000, 0x00007f92b1f70000, 0x00007f92b8ce0000)
 tenured generation   total 2258620K, used 2248738K [0x00007f9d1f0a0000, 0x00007f9da8e4f000, 0x00007fb274600000)
   the space 2258620K,  99% used [0x00007f9d1f0a0000, 0x00007f9da84a8b80, 0x00007f9da84a8c00, 0x00007f9da8e4f000)
 Metaspace       used 24296K, capacity 24710K, committed 24832K, reserved 26624K
}

