# JRE version: OpenJDK Runtime Environment (13.0.7+5) (build 13.0.7+5-Ubuntu-0ubuntu120.04)
# Java VM: OpenJDK 64-Bit Server VM (13.0.7+5-Ubuntu-0ubuntu120.04, mixed mode, tiered, serial gc, linux-amd64)
Heap:
 def new generation   total 1606400K, used 84760K [0x00007f6da0600000, 0x00007f6e0d500000, 0x00007f784b0a0000)
  eden space 1427968K,   5% used [0x00007f6da0600000, 0x00007f6da58c60d8, 0x00007f6df7880000)
  from space 178432K,   0% used [0x00007f6df7880000, 0x00007f6df7880000, 0x00007f6e026c0000)
  to   space 178432K,   0% used [0x00007f6e026c0000, 0x00007f6e026c0000, 0x00007f6e0d500000)
 tenured generation   total 3618792K, used 3618766K [0x00007f784b0a0000, 0x00007f7927e9a000, 0x00007f8da0600000)
   the space 3618792K,  99% used [0x00007f784b0a0000, 0x00007f7927e939b0, 0x00007f7927e93a00, 0x00007f7927e9a000)
 Metaspace       used 24175K, capacity 24576K, committed 24832K, reserved 26624K
GC Heap History (20 events):
Event: 377.143 GC heap after
{Heap after GC invocations=1053 (full 5):
 def new generation   total 1606400K, used 118737K [0x00007f6da0600000, 0x00007f6e0d500000, 0x00007f784b0a0000)
  eden space 1427968K,   0% used [0x00007f6da0600000, 0x00007f6da0600000, 0x00007f6df7880000)
  from space 178432K,  66% used [0x00007f6e026c0000, 0x00007f6e09ab46d8, 0x00007f6e0d500000)
  to   space 178432K,   0% used [0x00007f6df7880000, 0x00007f6df7880000, 0x00007f6e026c0000)
 tenured generation   total 3569628K, used 3364334K [0x00007f784b0a0000, 0x00007f7924e97000, 0x00007f8da0600000)
   the space 3569628K,  94% used [0x00007f784b0a0000, 0x00007f791861bbe8, 0x00007f791861bc00, 0x00007f7924e97000)
 Metaspace       used 24175K, capacity 24576K, committed 24832K, reserved 26624K
}
Event: 377.673 GC heap before
{Heap before GC invocations=1053 (full 5):
 def new generation   total 1606400K, used 1546705K [0x00007f6da0600000, 0x00007f6e0d500000, 0x00007f784b0a0000)
  eden space 1427968K, 100% used [0x00007f6da0600000, 0x00007f6df7880000, 0x00007f6df7880000)
  from space 178432K,  66% used [0x00007f6e026c0000, 0x00007f6e09ab46d8, 0x00007f6e0d500000)
  to   space 178432K,   0% used [0x00007f6df7880000, 0x00007f6df7880000, 0x00007f6e026c0000)
 tenured generation   total 3569628K, used 3364334K [0x00007f784b0a0000, 0x00007f7924e97000, 0x00007f8da0600000)
   the space 3569628K,  94% used [0x00007f784b0a0000, 0x00007f791861bbe8, 0x00007f791861bc00, 0x00007f7924e97000)
 Metaspace       used 24175K, capacity 24576K, committed 24832K, reserved 26624K
}
Event: 377.714 GC heap after
{Heap after GC invocations=1054 (full 5):
 def new generation   total 1606400K, used 84836K [0x00007f6da0600000, 0x00007f6e0d500000, 0x00007f784b0a0000)
  eden space 1427968K,   0% used [0x00007f6da0600000, 0x00007f6da0600000, 0x00007f6df7880000)
  from space 178432K,  47% used [0x00007f6df7880000, 0x00007f6dfcb59260, 0x00007f6e026c0000)
  to   space 178432K,   0% used [0x00007f6e026c0000, 0x00007f6e026c0000, 0x00007f6e0d500000)
 tenured generation   total 3569628K, used 3415210K [0x00007f784b0a0000, 0x00007f7924e97000, 0x00007f8da0600000)
   the space 3569628K,  95% used [0x00007f784b0a0000, 0x00007f791b7ca940, 0x00007f791b7caa00, 0x00007f7924e97000)
 Metaspace       used 24175K, capacity 24576K, committed 24832K, reserved 26624K
}
Event: 378.219 GC heap before
{Heap before GC invocations=1054 (full 5):
 def new generation   total 1606400K, used 1503936K [0x00007f6da0600000, 0x00007f6e0d500000, 0x00007f784b0a0000)
  eden space 1427968K,  99% used [0x00007f6da0600000, 0x00007f6df6fd6f00, 0x00007f6df7880000)
  from space 178432K,  47% used [0x00007f6df7880000, 0x00007f6dfcb59260, 0x00007f6e026c0000)
  to   space 178432K,   0% used [0x00007f6e026c0000, 0x00007f6e026c0000, 0x00007f6e0d500000)
 tenured generation   total 3569628K, used 3415210K [0x00007f784b0a0000, 0x00007f7924e97000, 0x00007f8da0600000)
   the space 3569628K,  95% used [0x00007f784b0a0000, 0x00007f791b7ca940, 0x00007f791b7caa00, 0x00007f7924e97000)
 Metaspace       used 24175K, capacity 24576K, committed 24832K, reserved 26624K
}
Event: 378.238 GC heap after
{Heap after GC invocations=1055 (full 5):
 def new generation   total 1606400K, used 118730K [0x00007f6da0600000, 0x00007f6e0d500000, 0x00007f784b0a0000)
  eden space 1427968K,   0% used [0x00007f6da0600000, 0x00007f6da0600000, 0x00007f6df7880000)
  from space 178432K,  66% used [0x00007f6e026c0000, 0x00007f6e09ab2838, 0x00007f6e0d500000)
  to   space 178432K,   0% used [0x00007f6df7880000, 0x00007f6df7880000, 0x00007f6e026c0000)
 tenured generation   total 3569628K, used 3415210K [0x00007f784b0a0000, 0x00007f7924e97000, 0x00007f8da0600000)
   the space 3569628K,  95% used [0x00007f784b0a0000, 0x00007f791b7ca940, 0x00007f791b7caa00, 0x00007f7924e97000)
 Metaspace       used 24175K, capacity 24576K, committed 24832K, reserved 26624K
}
Event: 378.785 GC heap before
{Heap before GC invocations=1055 (full 5):
 def new generation   total 1606400K, used 1546698K [0x00007f6da0600000, 0x00007f6e0d500000, 0x00007f784b0a0000)
  eden space 1427968K, 100% used [0x00007f6da0600000, 0x00007f6df7880000, 0x00007f6df7880000)
  from space 178432K,  66% used [0x00007f6e026c0000, 0x00007f6e09ab2838, 0x00007f6e0d500000)
  to   space 178432K,   0% used [0x00007f6df7880000, 0x00007f6df7880000, 0x00007f6e026c0000)
 tenured generation   total 3569628K, used 3415210K [0x00007f784b0a0000, 0x00007f7924e97000, 0x00007f8da0600000)
   the space 3569628K,  95% used [0x00007f784b0a0000, 0x00007f791b7ca940, 0x00007f791b7caa00, 0x00007f7924e97000)
 Metaspace       used 24175K, capacity 24576K, committed 24832K, reserved 26624K
}
Event: 378.874 GC heap after
{Heap after GC invocations=1056 (full 5):
 def new generation   total 1606400K, used 84815K [0x00007f6da0600000, 0x00007f6e0d500000, 0x00007f784b0a0000)
  eden space 1427968K,   0% used [0x00007f6da0600000, 0x00007f6da0600000, 0x00007f6df7880000)
  from space 178432K,  47% used [0x00007f6df7880000, 0x00007f6dfcb53e70, 0x00007f6e026c0000)
  to   space 178432K,   0% used [0x00007f6e026c0000, 0x00007f6e026c0000, 0x00007f6e0d500000)
 tenured generation   total 3569628K, used 3466085K [0x00007f784b0a0000, 0x00007f7924e97000, 0x00007f8da0600000)
   the space 3569628K,  97% used [0x00007f784b0a0000, 0x00007f791e979698, 0x00007f791e979800, 0x00007f7924e97000)
 Metaspace       used 24175K, capacity 24576K, committed 24832K, reserved 26624K
}
Event: 379.359 GC heap before
{Heap before GC invocations=1056 (full 5):
 def new generation   total 1606400K, used 1512783K [0x00007f6da0600000, 0x00007f6e0d500000, 0x00007f784b0a0000)
  eden space 1427968K, 100% used [0x00007f6da0600000, 0x00007f6df7880000, 0x00007f6df7880000)
  from space 178432K,  47% used [0x00007f6df7880000, 0x00007f6dfcb53e70, 0x00007f6e026c0000)
  to   space 178432K,   0% used [0x00007f6e026c0000, 0x00007f6e026c0000, 0x00007f6e0d500000)
 tenured generation   total 3569628K, used 3466085K [0x00007f784b0a0000, 0x00007f7924e97000, 0x00007f8da0600000)
   the space 3569628K,  97% used [0x00007f784b0a0000, 0x00007f791e979698, 0x00007f791e979800, 0x00007f7924e97000)
 Metaspace       used 24175K, capacity 24576K, committed 24832K, reserved 26624K
}
Event: 379.385 GC heap after
{Heap after GC invocations=1057 (full 5):
 def new generation   total 1606400K, used 118730K [0x00007f6da0600000, 0x00007f6e0d500000, 0x00007f784b0a0000)
  eden space 1427968K,   0% used [0x00007f6da0600000, 0x00007f6da0600000, 0x00007f6df7880000)
  from space 178432K,  66% used [0x00007f6e026c0000, 0x00007f6e09ab2838, 0x00007f6e0d500000)
  to   space 178432K,   0% used [0x00007f6df7880000, 0x00007f6df7880000, 0x00007f6e026c0000)
 tenured generation   total 3569628K, used 3466085K [0x00007f784b0a0000, 0x00007f7924e97000, 0x00007f8da0600000)
   the space 3569628K,  97% used [0x00007f784b0a0000, 0x00007f791e979698, 0x00007f791e979800, 0x00007f7924e97000)
 Metaspace       used 24175K, capacity 24576K, committed 24832K, reserved 26624K
}
Event: 379.888 GC heap before
{Heap before GC invocations=1057 (full 5):
 def new generation   total 1606400K, used 1546698K [0x00007f6da0600000, 0x00007f6e0d500000, 0x00007f784b0a0000)
  eden space 1427968K, 100% used [0x00007f6da0600000, 0x00007f6df7880000, 0x00007f6df7880000)
  from space 178432K,  66% used [0x00007f6e026c0000, 0x00007f6e09ab2838, 0x00007f6e0d500000)
  to   space 178432K,   0% used [0x00007f6df7880000, 0x00007f6df7880000, 0x00007f6e026c0000)
 tenured generation   total 3569628K, used 3466085K [0x00007f784b0a0000, 0x00007f7924e97000, 0x00007f8da0600000)
   the space 3569628K,  97% used [0x00007f784b0a0000, 0x00007f791e979698, 0x00007f791e979800, 0x00007f7924e97000)
 Metaspace       used 24175K, capacity 24576K, committed 24832K, reserved 26624K
}
Event: 379.929 GC heap after
{Heap after GC invocations=1058 (full 5):
 def new generation   total 1606400K, used 84830K [0x00007f6da0600000, 0x00007f6e0d500000, 0x00007f784b0a0000)
  eden space 1427968K,   0% used [0x00007f6da0600000, 0x00007f6da0600000, 0x00007f6df7880000)
  from space 178432K,  47% used [0x00007f6df7880000, 0x00007f6dfcb57978, 0x00007f6e026c0000)
  to   space 178432K,   0% used [0x00007f6e026c0000, 0x00007f6e026c0000, 0x00007f6e0d500000)
 tenured generation   total 3569628K, used 3516960K [0x00007f784b0a0000, 0x00007f7924e97000, 0x00007f8da0600000)
   the space 3569628K,  98% used [0x00007f784b0a0000, 0x00007f7921b283f0, 0x00007f7921b28400, 0x00007f7924e97000)
 Metaspace       used 24175K, capacity 24576K, committed 24832K, reserved 26624K
}
Event: 380.413 GC heap before
{Heap before GC invocations=1058 (full 5):
 def new generation   total 1606400K, used 1497394K [0x00007f6da0600000, 0x00007f6e0d500000, 0x00007f784b0a0000)
  eden space 1427968K,  98% used [0x00007f6da0600000, 0x00007f6df69750e8, 0x00007f6df7880000)
  from space 178432K,  47% used [0x00007f6df7880000, 0x00007f6dfcb57978, 0x00007f6e026c0000)
  to   space 178432K,   0% used [0x00007f6e026c0000, 0x00007f6e026c0000, 0x00007f6e0d500000)
 tenured generation   total 3569628K, used 3516960K [0x00007f784b0a0000, 0x00007f7924e97000, 0x00007f8da0600000)
   the space 3569628K,  98% used [0x00007f784b0a0000, 0x00007f7921b283f0, 0x00007f7921b28400, 0x00007f7924e97000)
 Metaspace       used 24175K, capacity 24576K, committed 24832K, reserved 26624K
}
Event: 380.433 GC heap after
{Heap after GC invocations=1059 (full 5):
 def new generation   total 1606400K, used 118730K [0x00007f6da0600000, 0x00007f6e0d500000, 0x00007f784b0a0000)
  eden space 1427968K,   0% used [0x00007f6da0600000, 0x00007f6da0600000, 0x00007f6df7880000)
  from space 178432K,  66% used [0x00007f6e026c0000, 0x00007f6e09ab2838, 0x00007f6e0d500000)
  to   space 178432K,   0% used [0x00007f6df7880000, 0x00007f6df7880000, 0x00007f6e026c0000)
 tenured generation   total 3569628K, used 3516960K [0x00007f784b0a0000, 0x00007f7924e97000, 0x00007f8da0600000)
   the space 3569628K,  98% used [0x00007f784b0a0000, 0x00007f7921b283f0, 0x00007f7921b28400, 0x00007f7924e97000)
 Metaspace       used 24175K, capacity 24576K, committed 24832K, reserved 26624K
}
Event: 380.963 GC heap before
{Heap before GC invocations=1059 (full 5):
 def new generation   total 1606400K, used 1546698K [0x00007f6da0600000, 0x00007f6e0d500000, 0x00007f784b0a0000)
  eden space 1427968K, 100% used [0x00007f6da0600000, 0x00007f6df7880000, 0x00007f6df7880000)
  from space 178432K,  66% used [0x00007f6e026c0000, 0x00007f6e09ab2838, 0x00007f6e0d500000)
  to   space 178432K,   0% used [0x00007f6df7880000, 0x00007f6df7880000, 0x00007f6e026c0000)
 tenured generation   total 3569628K, used 3516960K [0x00007f784b0a0000, 0x00007f7924e97000, 0x00007f8da0600000)
   the space 3569628K,  98% used [0x00007f784b0a0000, 0x00007f7921b283f0, 0x00007f7921b28400, 0x00007f7924e97000)
 Metaspace       used 24175K, capacity 24576K, committed 24832K, reserved 26624K
}
Event: 381.007 GC heap after
{Heap after GC invocations=1060 (full 5):
 def new generation   total 1606400K, used 84835K [0x00007f6da0600000, 0x00007f6e0d500000, 0x00007f784b0a0000)
  eden space 1427968K,   0% used [0x00007f6da0600000, 0x00007f6da0600000, 0x00007f6df7880000)
  from space 178432K,  47% used [0x00007f6df7880000, 0x00007f6dfcb58c10, 0x00007f6e026c0000)
  to   space 178432K,   0% used [0x00007f6e026c0000, 0x00007f6e026c0000, 0x00007f6e0d500000)
 tenured generation   total 3569628K, used 3567836K [0x00007f784b0a0000, 0x00007f7924e97000, 0x00007f8da0600000)
   the space 3569628K,  99% used [0x00007f784b0a0000, 0x00007f7924cd7148, 0x00007f7924cd7200, 0x00007f7924e97000)
 Metaspace       used 24175K, capacity 24576K, committed 24832K, reserved 26624K
}
Event: 381.526 GC heap before
{Heap before GC invocations=1060 (full 5):
 def new generation   total 1606400K, used 1512803K [0x00007f6da0600000, 0x00007f6e0d500000, 0x00007f784b0a0000)
  eden space 1427968K, 100% used [0x00007f6da0600000, 0x00007f6df7880000, 0x00007f6df7880000)
  from space 178432K,  47% used [0x00007f6df7880000, 0x00007f6dfcb58c10, 0x00007f6e026c0000)
  to   space 178432K,   0% used [0x00007f6e026c0000, 0x00007f6e026c0000, 0x00007f6e0d500000)
 tenured generation   total 3569628K, used 3567836K [0x00007f784b0a0000, 0x00007f7924e97000, 0x00007f8da0600000)
   the space 3569628K,  99% used [0x00007f784b0a0000, 0x00007f7924cd7148, 0x00007f7924cd7200, 0x00007f7924e97000)
 Metaspace       used 24175K, capacity 24576K, committed 24832K, reserved 26624K
}
Event: 381.553 GC heap after
{Heap after GC invocations=1061 (full 5):
 def new generation   total 1606400K, used 135657K [0x00007f6da0600000, 0x00007f6e0d500000, 0x00007f784b0a0000)
  eden space 1427968K,   0% used [0x00007f6da0600000, 0x00007f6da0600000, 0x00007f6df7880000)
  from space 178432K,  76% used [0x00007f6e026c0000, 0x00007f6e0ab3a490, 0x00007f6e0d500000)
  to   space 178432K,   0% used [0x00007f6df7880000, 0x00007f6df7880000, 0x00007f6e026c0000)
 tenured generation   total 3569628K, used 3567836K [0x00007f784b0a0000, 0x00007f7924e97000, 0x00007f8da0600000)
   the space 3569628K,  99% used [0x00007f784b0a0000, 0x00007f7924cd7148, 0x00007f7924cd7200, 0x00007f7924e97000)
 Metaspace       used 24175K, capacity 24576K, committed 24832K, reserved 26624K
}
Event: 382.059 GC heap before
{Heap before GC invocations=1061 (full 5):
 def new generation   total 1606400K, used 1563625K [0x00007f6da0600000, 0x00007f6e0d500000, 0x00007f784b0a0000)
  eden space 1427968K, 100% used [0x00007f6da0600000, 0x00007f6df7880000, 0x00007f6df7880000)
  from space 178432K,  76% used [0x00007f6e026c0000, 0x00007f6e0ab3a490, 0x00007f6e0d500000)
  to   space 178432K,   0% used [0x00007f6df7880000, 0x00007f6df7880000, 0x00007f6e026c0000)
 tenured generation   total 3569628K, used 3567836K [0x00007f784b0a0000, 0x00007f7924e97000, 0x00007f8da0600000)
   the space 3569628K,  99% used [0x00007f784b0a0000, 0x00007f7924cd7148, 0x00007f7924cd7200, 0x00007f7924e97000)
 Metaspace       used 24175K, capacity 24576K, committed 24832K, reserved 26624K
}
Event: 382.100 GC heap after
{Heap after GC invocations=1062 (full 5):
 def new generation   total 1606400K, used 84814K [0x00007f6da0600000, 0x00007f6e0d500000, 0x00007f784b0a0000)
  eden space 1427968K,   0% used [0x00007f6da0600000, 0x00007f6da0600000, 0x00007f6df7880000)
  from space 178432K,  47% used [0x00007f6df7880000, 0x00007f6dfcb53be8, 0x00007f6e026c0000)
  to   space 178432K,   0% used [0x00007f6e026c0000, 0x00007f6e026c0000, 0x00007f6e0d500000)
 tenured generation   total 3618792K, used 3618711K [0x00007f784b0a0000, 0x00007f7927e9a000, 0x00007f8da0600000)
   the space 3618792K,  99% used [0x00007f784b0a0000, 0x00007f7927e85ea0, 0x00007f7927e86000, 0x00007f7927e9a000)
 Metaspace       used 24175K, capacity 24576K, committed 24832K, reserved 26624K
}
Event: 382.100 GC heap before
{Heap before GC invocations=1062 (full 5):
 def new generation   total 1606400K, used 84814K [0x00007f6da0600000, 0x00007f6e0d500000, 0x00007f784b0a0000)
  eden space 1427968K,   0% used [0x00007f6da0600000, 0x00007f6da0600000, 0x00007f6df7880000)
  from space 178432K,  47% used [0x00007f6df7880000, 0x00007f6dfcb53be8, 0x00007f6e026c0000)
  to   space 178432K,   0% used [0x00007f6e026c0000, 0x00007f6e026c0000, 0x00007f6e0d500000)
 tenured generation   total 3618792K, used 3618711K [0x00007f784b0a0000, 0x00007f7927e9a000, 0x00007f8da0600000)
   the space 3618792K,  99% used [0x00007f784b0a0000, 0x00007f7927e85ea0, 0x00007f7927e86000, 0x00007f7927e9a000)
 Metaspace       used 24175K, capacity 24576K, committed 24832K, reserved 26624K
}

