# JRE version: OpenJDK Runtime Environment (13.0.7+5) (build 13.0.7+5-Ubuntu-0ubuntu120.04)
# Java VM: OpenJDK 64-Bit Server VM (13.0.7+5-Ubuntu-0ubuntu120.04, mixed mode, tiered, serial gc, linux-amd64)
Heap:
 def new generation   total 3153216K, used 0K [0x00007f1bc0600000, 0x00007f1c96370000, 0x00007f2115b50000)
  eden space 2802880K,   0% used [0x00007f1bc0600000, 0x00007f1bc0600000, 0x00007f1c6b730000)
  from space 350336K,   0% used [0x00007f1c80d50000, 0x00007f1c80d50000, 0x00007f1c96370000)
  to   space 350336K,   0% used [0x00007f1c6b730000, 0x00007f1c6b730000, 0x00007f1c80d50000)
 tenured generation   total 7415776K, used 7363346K [0x00007f2115b50000, 0x00007f22da548000, 0x00007f2bc0600000)
   the space 7415776K,  99% used [0x00007f2115b50000, 0x00007f22d7214b68, 0x00007f22d7214c00, 0x00007f22da548000)
 Metaspace       used 30377K, capacity 30739K, committed 30976K, reserved 32768K
GC Heap History (20 events):
Event: 75.502 GC heap after
{Heap after GC invocations=23 (full 7):
 def new generation   total 3153216K, used 350336K [0x00007f1bc0600000, 0x00007f1c96370000, 0x00007f2115b50000)
  eden space 2802880K,   0% used [0x00007f1bc0600000, 0x00007f1bc0600000, 0x00007f1c6b730000)
  from space 350336K, 100% used [0x00007f1c6b730000, 0x00007f1c80d50000, 0x00007f1c80d50000)
  to   space 350336K,   0% used [0x00007f1c80d50000, 0x00007f1c80d50000, 0x00007f1c96370000)
 tenured generation   total 7007008K, used 3735155K [0x00007f2115b50000, 0x00007f22c1618000, 0x00007f2bc0600000)
   the space 7007008K,  53% used [0x00007f2115b50000, 0x00007f21f9aecf60, 0x00007f21f9aed000, 0x00007f22c1618000)
 Metaspace       used 30377K, capacity 30739K, committed 30976K, reserved 32768K
}
Event: 76.344 GC heap before
{Heap before GC invocations=23 (full 7):
 def new generation   total 3153216K, used 3153216K [0x00007f1bc0600000, 0x00007f1c96370000, 0x00007f2115b50000)
  eden space 2802880K, 100% used [0x00007f1bc0600000, 0x00007f1c6b730000, 0x00007f1c6b730000)
  from space 350336K, 100% used [0x00007f1c6b730000, 0x00007f1c80d50000, 0x00007f1c80d50000)
  to   space 350336K,   0% used [0x00007f1c80d50000, 0x00007f1c80d50000, 0x00007f1c96370000)
 tenured generation   total 7007008K, used 3735155K [0x00007f2115b50000, 0x00007f22c1618000, 0x00007f2bc0600000)
   the space 7007008K,  53% used [0x00007f2115b50000, 0x00007f21f9aecf60, 0x00007f21f9aed000, 0x00007f22c1618000)
 Metaspace       used 30377K, capacity 30739K, committed 30976K, reserved 32768K
}
Event: 77.810 GC heap after
{Heap after GC invocations=24 (full 7):
 def new generation   total 3153216K, used 350336K [0x00007f1bc0600000, 0x00007f1c96370000, 0x00007f2115b50000)
  eden space 2802880K,   0% used [0x00007f1bc0600000, 0x00007f1bc0600000, 0x00007f1c6b730000)
  from space 350336K, 100% used [0x00007f1c80d50000, 0x00007f1c96370000, 0x00007f1c96370000)
  to   space 350336K,   0% used [0x00007f1c6b730000, 0x00007f1c6b730000, 0x00007f1c80d50000)
 tenured generation   total 7007008K, used 4146793K [0x00007f2115b50000, 0x00007f22c1618000, 0x00007f2bc0600000)
   the space 7007008K,  59% used [0x00007f2115b50000, 0x00007f2212cea498, 0x00007f2212cea600, 0x00007f22c1618000)
 Metaspace       used 30377K, capacity 30739K, committed 30976K, reserved 32768K
}
Event: 78.896 GC heap before
{Heap before GC invocations=24 (full 7):
 def new generation   total 3153216K, used 3153216K [0x00007f1bc0600000, 0x00007f1c96370000, 0x00007f2115b50000)
  eden space 2802880K, 100% used [0x00007f1bc0600000, 0x00007f1c6b730000, 0x00007f1c6b730000)
  from space 350336K, 100% used [0x00007f1c80d50000, 0x00007f1c96370000, 0x00007f1c96370000)
  to   space 350336K,   0% used [0x00007f1c6b730000, 0x00007f1c6b730000, 0x00007f1c80d50000)
 tenured generation   total 7007008K, used 4146793K [0x00007f2115b50000, 0x00007f22c1618000, 0x00007f2bc0600000)
   the space 7007008K,  59% used [0x00007f2115b50000, 0x00007f2212cea498, 0x00007f2212cea600, 0x00007f22c1618000)
 Metaspace       used 30377K, capacity 30739K, committed 30976K, reserved 32768K
}
Event: 80.311 GC heap after
{Heap after GC invocations=25 (full 7):
 def new generation   total 3153216K, used 350336K [0x00007f1bc0600000, 0x00007f1c96370000, 0x00007f2115b50000)
  eden space 2802880K,   0% used [0x00007f1bc0600000, 0x00007f1bc0600000, 0x00007f1c6b730000)
  from space 350336K, 100% used [0x00007f1c6b730000, 0x00007f1c80d50000, 0x00007f1c80d50000)
  to   space 350336K,   0% used [0x00007f1c80d50000, 0x00007f1c80d50000, 0x00007f1c96370000)
 tenured generation   total 7007008K, used 4540544K [0x00007f2115b50000, 0x00007f22c1618000, 0x00007f2bc0600000)
   the space 7007008K,  64% used [0x00007f2115b50000, 0x00007f222ad700a8, 0x00007f222ad70200, 0x00007f22c1618000)
 Metaspace       used 30377K, capacity 30739K, committed 30976K, reserved 32768K
}
Event: 81.166 GC heap before
{Heap before GC invocations=25 (full 7):
 def new generation   total 3153216K, used 3153216K [0x00007f1bc0600000, 0x00007f1c96370000, 0x00007f2115b50000)
  eden space 2802880K, 100% used [0x00007f1bc0600000, 0x00007f1c6b730000, 0x00007f1c6b730000)
  from space 350336K, 100% used [0x00007f1c6b730000, 0x00007f1c80d50000, 0x00007f1c80d50000)
  to   space 350336K,   0% used [0x00007f1c80d50000, 0x00007f1c80d50000, 0x00007f1c96370000)
 tenured generation   total 7007008K, used 4540544K [0x00007f2115b50000, 0x00007f22c1618000, 0x00007f2bc0600000)
   the space 7007008K,  64% used [0x00007f2115b50000, 0x00007f222ad700a8, 0x00007f222ad70200, 0x00007f22c1618000)
 Metaspace       used 30377K, capacity 30739K, committed 30976K, reserved 32768K
}
Event: 82.626 GC heap after
{Heap after GC invocations=26 (full 7):
 def new generation   total 3153216K, used 350336K [0x00007f1bc0600000, 0x00007f1c96370000, 0x00007f2115b50000)
  eden space 2802880K,   0% used [0x00007f1bc0600000, 0x00007f1bc0600000, 0x00007f1c6b730000)
  from space 350336K, 100% used [0x00007f1c80d50000, 0x00007f1c96370000, 0x00007f1c96370000)
  to   space 350336K,   0% used [0x00007f1c6b730000, 0x00007f1c6b730000, 0x00007f1c80d50000)
 tenured generation   total 7007008K, used 4955646K [0x00007f2115b50000, 0x00007f22c1618000, 0x00007f2bc0600000)
   the space 7007008K,  70% used [0x00007f2115b50000, 0x00007f22442cfae0, 0x00007f22442cfc00, 0x00007f22c1618000)
 Metaspace       used 30377K, capacity 30739K, committed 30976K, reserved 32768K
}
Event: 83.438 GC heap before
{Heap before GC invocations=26 (full 7):
 def new generation   total 3153216K, used 3153216K [0x00007f1bc0600000, 0x00007f1c96370000, 0x00007f2115b50000)
  eden space 2802880K, 100% used [0x00007f1bc0600000, 0x00007f1c6b730000, 0x00007f1c6b730000)
  from space 350336K, 100% used [0x00007f1c80d50000, 0x00007f1c96370000, 0x00007f1c96370000)
  to   space 350336K,   0% used [0x00007f1c6b730000, 0x00007f1c6b730000, 0x00007f1c80d50000)
 tenured generation   total 7007008K, used 4955646K [0x00007f2115b50000, 0x00007f22c1618000, 0x00007f2bc0600000)
   the space 7007008K,  70% used [0x00007f2115b50000, 0x00007f22442cfae0, 0x00007f22442cfc00, 0x00007f22c1618000)
 Metaspace       used 30377K, capacity 30739K, committed 30976K, reserved 32768K
}
Event: 84.735 GC heap after
{Heap after GC invocations=27 (full 7):
 def new generation   total 3153216K, used 350336K [0x00007f1bc0600000, 0x00007f1c96370000, 0x00007f2115b50000)
  eden space 2802880K,   0% used [0x00007f1bc0600000, 0x00007f1bc0600000, 0x00007f1c6b730000)
  from space 350336K, 100% used [0x00007f1c6b730000, 0x00007f1c80d50000, 0x00007f1c80d50000)
  to   space 350336K,   0% used [0x00007f1c80d50000, 0x00007f1c80d50000, 0x00007f1c96370000)
 tenured generation   total 7007008K, used 5367462K [0x00007f2115b50000, 0x00007f22c1618000, 0x00007f2bc0600000)
   the space 7007008K,  76% used [0x00007f2115b50000, 0x00007f225d4f9ac0, 0x00007f225d4f9c00, 0x00007f22c1618000)
 Metaspace       used 30377K, capacity 30739K, committed 30976K, reserved 32768K
}
Event: 85.515 GC heap before
{Heap before GC invocations=27 (full 7):
 def new generation   total 3153216K, used 3153216K [0x00007f1bc0600000, 0x00007f1c96370000, 0x00007f2115b50000)
  eden space 2802880K, 100% used [0x00007f1bc0600000, 0x00007f1c6b730000, 0x00007f1c6b730000)
  from space 350336K, 100% used [0x00007f1c6b730000, 0x00007f1c80d50000, 0x00007f1c80d50000)
  to   space 350336K,   0% used [0x00007f1c80d50000, 0x00007f1c80d50000, 0x00007f1c96370000)
 tenured generation   total 7007008K, used 5367462K [0x00007f2115b50000, 0x00007f22c1618000, 0x00007f2bc0600000)
   the space 7007008K,  76% used [0x00007f2115b50000, 0x00007f225d4f9ac0, 0x00007f225d4f9c00, 0x00007f22c1618000)
 Metaspace       used 30377K, capacity 30739K, committed 30976K, reserved 32768K
}
Event: 86.779 GC heap after
{Heap after GC invocations=28 (full 7):
 def new generation   total 3153216K, used 350335K [0x00007f1bc0600000, 0x00007f1c96370000, 0x00007f2115b50000)
  eden space 2802880K,   0% used [0x00007f1bc0600000, 0x00007f1bc0600000, 0x00007f1c6b730000)
  from space 350336K,  99% used [0x00007f1c80d50000, 0x00007f1c9636fff8, 0x00007f1c96370000)
  to   space 350336K,   0% used [0x00007f1c6b730000, 0x00007f1c6b730000, 0x00007f1c80d50000)
 tenured generation   total 7007008K, used 5769164K [0x00007f2115b50000, 0x00007f22c1618000, 0x00007f2bc0600000)
   the space 7007008K,  82% used [0x00007f2115b50000, 0x00007f2275d433f0, 0x00007f2275d43400, 0x00007f22c1618000)
 Metaspace       used 30377K, capacity 30739K, committed 30976K, reserved 32768K
}
Event: 87.578 GC heap before
{Heap before GC invocations=28 (full 7):
 def new generation   total 3153216K, used 3153215K [0x00007f1bc0600000, 0x00007f1c96370000, 0x00007f2115b50000)
  eden space 2802880K, 100% used [0x00007f1bc0600000, 0x00007f1c6b730000, 0x00007f1c6b730000)
  from space 350336K,  99% used [0x00007f1c80d50000, 0x00007f1c9636fff8, 0x00007f1c96370000)
  to   space 350336K,   0% used [0x00007f1c6b730000, 0x00007f1c6b730000, 0x00007f1c80d50000)
 tenured generation   total 7007008K, used 5769164K [0x00007f2115b50000, 0x00007f22c1618000, 0x00007f2bc0600000)
   the space 7007008K,  82% used [0x00007f2115b50000, 0x00007f2275d433f0, 0x00007f2275d43400, 0x00007f22c1618000)
 Metaspace       used 30377K, capacity 30739K, committed 30976K, reserved 32768K
}
Event: 88.845 GC heap after
{Heap after GC invocations=29 (full 7):
 def new generation   total 3153216K, used 350336K [0x00007f1bc0600000, 0x00007f1c96370000, 0x00007f2115b50000)
  eden space 2802880K,   0% used [0x00007f1bc0600000, 0x00007f1bc0600000, 0x00007f1c6b730000)
  from space 350336K, 100% used [0x00007f1c6b730000, 0x00007f1c80d50000, 0x00007f1c80d50000)
  to   space 350336K,   0% used [0x00007f1c80d50000, 0x00007f1c80d50000, 0x00007f1c96370000)
 tenured generation   total 7007008K, used 6177087K [0x00007f2115b50000, 0x00007f22c1618000, 0x00007f2bc0600000)
   the space 7007008K,  88% used [0x00007f2115b50000, 0x00007f228eb9fcf0, 0x00007f228eb9fe00, 0x00007f22c1618000)
 Metaspace       used 30377K, capacity 30739K, committed 30976K, reserved 32768K
}
Event: 89.719 GC heap before
{Heap before GC invocations=29 (full 7):
 def new generation   total 3153216K, used 3153216K [0x00007f1bc0600000, 0x00007f1c96370000, 0x00007f2115b50000)
  eden space 2802880K, 100% used [0x00007f1bc0600000, 0x00007f1c6b730000, 0x00007f1c6b730000)
  from space 350336K, 100% used [0x00007f1c6b730000, 0x00007f1c80d50000, 0x00007f1c80d50000)
  to   space 350336K,   0% used [0x00007f1c80d50000, 0x00007f1c80d50000, 0x00007f1c96370000)
 tenured generation   total 7007008K, used 6177087K [0x00007f2115b50000, 0x00007f22c1618000, 0x00007f2bc0600000)
   the space 7007008K,  88% used [0x00007f2115b50000, 0x00007f228eb9fcf0, 0x00007f228eb9fe00, 0x00007f22c1618000)
 Metaspace       used 30377K, capacity 30739K, committed 30976K, reserved 32768K
}
Event: 91.201 GC heap after
{Heap after GC invocations=30 (full 7):
 def new generation   total 3153216K, used 350335K [0x00007f1bc0600000, 0x00007f1c96370000, 0x00007f2115b50000)
  eden space 2802880K,   0% used [0x00007f1bc0600000, 0x00007f1bc0600000, 0x00007f1c6b730000)
  from space 350336K,  99% used [0x00007f1c80d50000, 0x00007f1c9636fff8, 0x00007f1c96370000)
  to   space 350336K,   0% used [0x00007f1c6b730000, 0x00007f1c6b730000, 0x00007f1c80d50000)
 tenured generation   total 7007008K, used 6597310K [0x00007f2115b50000, 0x00007f22c1618000, 0x00007f2bc0600000)
   the space 7007008K,  94% used [0x00007f2115b50000, 0x00007f22a85ffae8, 0x00007f22a85ffc00, 0x00007f22c1618000)
 Metaspace       used 30377K, capacity 30739K, committed 30976K, reserved 32768K
}
Event: 92.048 GC heap before
{Heap before GC invocations=30 (full 7):
 def new generation   total 3153216K, used 3153215K [0x00007f1bc0600000, 0x00007f1c96370000, 0x00007f2115b50000)
  eden space 2802880K, 100% used [0x00007f1bc0600000, 0x00007f1c6b730000, 0x00007f1c6b730000)
  from space 350336K,  99% used [0x00007f1c80d50000, 0x00007f1c9636fff8, 0x00007f1c96370000)
  to   space 350336K,   0% used [0x00007f1c6b730000, 0x00007f1c6b730000, 0x00007f1c80d50000)
 tenured generation   total 7007008K, used 6597310K [0x00007f2115b50000, 0x00007f22c1618000, 0x00007f2bc0600000)
   the space 7007008K,  94% used [0x00007f2115b50000, 0x00007f22a85ffae8, 0x00007f22a85ffc00, 0x00007f22c1618000)
 Metaspace       used 30377K, capacity 30739K, committed 30976K, reserved 32768K
}
Event: 93.420 GC heap after
{Heap after GC invocations=31 (full 7):
 def new generation   total 3153216K, used 350336K [0x00007f1bc0600000, 0x00007f1c96370000, 0x00007f2115b50000)
  eden space 2802880K,   0% used [0x00007f1bc0600000, 0x00007f1bc0600000, 0x00007f1c6b730000)
  from space 350336K, 100% used [0x00007f1c6b730000, 0x00007f1c80d50000, 0x00007f1c80d50000)
  to   space 350336K,   0% used [0x00007f1c80d50000, 0x00007f1c80d50000, 0x00007f1c96370000)
 tenured generation   total 7007008K, used 6989525K [0x00007f2115b50000, 0x00007f22c1618000, 0x00007f2bc0600000)
   the space 7007008K,  99% used [0x00007f2115b50000, 0x00007f22c0505768, 0x00007f22c0505800, 0x00007f22c1618000)
 Metaspace       used 30377K, capacity 30739K, committed 30976K, reserved 32768K
}
Event: 94.230 GC heap before
{Heap before GC invocations=31 (full 7):
 def new generation   total 3153216K, used 3153216K [0x00007f1bc0600000, 0x00007f1c96370000, 0x00007f2115b50000)
  eden space 2802880K, 100% used [0x00007f1bc0600000, 0x00007f1c6b730000, 0x00007f1c6b730000)
  from space 350336K, 100% used [0x00007f1c6b730000, 0x00007f1c80d50000, 0x00007f1c80d50000)
  to   space 350336K,   0% used [0x00007f1c80d50000, 0x00007f1c80d50000, 0x00007f1c96370000)
 tenured generation   total 7007008K, used 6989525K [0x00007f2115b50000, 0x00007f22c1618000, 0x00007f2bc0600000)
   the space 7007008K,  99% used [0x00007f2115b50000, 0x00007f22c0505768, 0x00007f22c0505800, 0x00007f22c1618000)
 Metaspace       used 30377K, capacity 30739K, committed 30976K, reserved 32768K
}
Event: 95.575 GC heap after
{Heap after GC invocations=32 (full 7):
 def new generation   total 3153216K, used 350336K [0x00007f1bc0600000, 0x00007f1c96370000, 0x00007f2115b50000)
  eden space 2802880K,   0% used [0x00007f1bc0600000, 0x00007f1bc0600000, 0x00007f1c6b730000)
  from space 350336K, 100% used [0x00007f1c80d50000, 0x00007f1c96370000, 0x00007f1c96370000)
  to   space 350336K,   0% used [0x00007f1c6b730000, 0x00007f1c6b730000, 0x00007f1c80d50000)
 tenured generation   total 7415776K, used 7415711K [0x00007f2115b50000, 0x00007f22da548000, 0x00007f2bc0600000)
   the space 7415776K,  99% used [0x00007f2115b50000, 0x00007f22da537dc8, 0x00007f22da537e00, 0x00007f22da548000)
 Metaspace       used 30377K, capacity 30739K, committed 30976K, reserved 32768K
}
Event: 95.575 GC heap before
{Heap before GC invocations=32 (full 7):
 def new generation   total 3153216K, used 350336K [0x00007f1bc0600000, 0x00007f1c96370000, 0x00007f2115b50000)
  eden space 2802880K,   0% used [0x00007f1bc0600000, 0x00007f1bc0600000, 0x00007f1c6b730000)
  from space 350336K, 100% used [0x00007f1c80d50000, 0x00007f1c96370000, 0x00007f1c96370000)
  to   space 350336K,   0% used [0x00007f1c6b730000, 0x00007f1c6b730000, 0x00007f1c80d50000)
 tenured generation   total 7415776K, used 7415711K [0x00007f2115b50000, 0x00007f22da548000, 0x00007f2bc0600000)
   the space 7415776K,  99% used [0x00007f2115b50000, 0x00007f22da537dc8, 0x00007f22da537e00, 0x00007f22da548000)
 Metaspace       used 30377K, capacity 30739K, committed 30976K, reserved 32768K
}

