# JRE version: OpenJDK Runtime Environment (13.0.7+5) (build 13.0.7+5-Ubuntu-0ubuntu120.04)
# Java VM: OpenJDK 64-Bit Server VM (13.0.7+5-Ubuntu-0ubuntu120.04, mixed mode, tiered, serial gc, linux-amd64)
Heap:
 def new generation   total 2915072K, used 36480K [0x00007fba04600000, 0x00007fbaca100000, 0x00007fbf59b50000)
  eden space 2591232K,   1% used [0x00007fba04600000, 0x00007fba069a0248, 0x00007fbaa2880000)
  from space 323840K,   0% used [0x00007fbaa2880000, 0x00007fbaa2880000, 0x00007fbab64c0000)
  to   space 323840K,   0% used [0x00007fbab64c0000, 0x00007fbab64c0000, 0x00007fbaca100000)
 tenured generation   total 6480212K, used 6480211K [0x00007fbf59b50000, 0x00007fc0e53a5000, 0x00007fca04600000)
   the space 6480212K,  99% used [0x00007fbf59b50000, 0x00007fc0e53a4fc8, 0x00007fc0e53a5000, 0x00007fc0e53a5000)
 Metaspace       used 24216K, capacity 24577K, committed 24832K, reserved 26624K
GC Heap History (20 events):
Event: 4716.154 GC heap after
{Heap after GC invocations=6068 (full 4):
 def new generation   total 2915072K, used 35885K [0x00007fba04600000, 0x00007fbaca100000, 0x00007fbf59b50000)
  eden space 2591232K,   0% used [0x00007fba04600000, 0x00007fba04600000, 0x00007fbaa2880000)
  from space 323840K,  11% used [0x00007fbab64c0000, 0x00007fbab87cb480, 0x00007fbaca100000)
  to   space 323840K,   0% used [0x00007fbaa2880000, 0x00007fbaa2880000, 0x00007fbab64c0000)
 tenured generation   total 6477716K, used 6458671K [0x00007fbf59b50000, 0x00007fc0e5135000, 0x00007fca04600000)
   the space 6477716K,  99% used [0x00007fbf59b50000, 0x00007fc0e3e9bfb8, 0x00007fc0e3e9c000, 0x00007fc0e5135000)
 Metaspace       used 24216K, capacity 24577K, committed 24832K, reserved 26624K
}
Event: 4718.423 GC heap before
{Heap before GC invocations=6068 (full 4):
 def new generation   total 2915072K, used 2627117K [0x00007fba04600000, 0x00007fbaca100000, 0x00007fbf59b50000)
  eden space 2591232K, 100% used [0x00007fba04600000, 0x00007fbaa2880000, 0x00007fbaa2880000)
  from space 323840K,  11% used [0x00007fbab64c0000, 0x00007fbab87cb480, 0x00007fbaca100000)
  to   space 323840K,   0% used [0x00007fbaa2880000, 0x00007fbaa2880000, 0x00007fbab64c0000)
 tenured generation   total 6477716K, used 6458671K [0x00007fbf59b50000, 0x00007fc0e5135000, 0x00007fca04600000)
   the space 6477716K,  99% used [0x00007fbf59b50000, 0x00007fc0e3e9bfb8, 0x00007fc0e3e9c000, 0x00007fc0e5135000)
 Metaspace       used 24216K, capacity 24577K, committed 24832K, reserved 26624K
}
Event: 4718.464 GC heap after
{Heap after GC invocations=6069 (full 4):
 def new generation   total 2915072K, used 35834K [0x00007fba04600000, 0x00007fbaca100000, 0x00007fbf59b50000)
  eden space 2591232K,   0% used [0x00007fba04600000, 0x00007fba04600000, 0x00007fbaa2880000)
  from space 323840K,  11% used [0x00007fbaa2880000, 0x00007fbaa4b7e9c0, 0x00007fbab64c0000)
  to   space 323840K,   0% used [0x00007fbab64c0000, 0x00007fbab64c0000, 0x00007fbaca100000)
 tenured generation   total 6477716K, used 6461089K [0x00007fbf59b50000, 0x00007fc0e5135000, 0x00007fca04600000)
   the space 6477716K,  99% used [0x00007fbf59b50000, 0x00007fc0e40f8658, 0x00007fc0e40f8800, 0x00007fc0e5135000)
 Metaspace       used 24216K, capacity 24577K, committed 24832K, reserved 26624K
}
Event: 4720.659 GC heap before
{Heap before GC invocations=6069 (full 4):
 def new generation   total 2915072K, used 2627066K [0x00007fba04600000, 0x00007fbaca100000, 0x00007fbf59b50000)
  eden space 2591232K, 100% used [0x00007fba04600000, 0x00007fbaa2880000, 0x00007fbaa2880000)
  from space 323840K,  11% used [0x00007fbaa2880000, 0x00007fbaa4b7e9c0, 0x00007fbab64c0000)
  to   space 323840K,   0% used [0x00007fbab64c0000, 0x00007fbab64c0000, 0x00007fbaca100000)
 tenured generation   total 6477716K, used 6461089K [0x00007fbf59b50000, 0x00007fc0e5135000, 0x00007fca04600000)
   the space 6477716K,  99% used [0x00007fbf59b50000, 0x00007fc0e40f8658, 0x00007fc0e40f8800, 0x00007fc0e5135000)
 Metaspace       used 24216K, capacity 24577K, committed 24832K, reserved 26624K
}
Event: 4720.709 GC heap after
{Heap after GC invocations=6070 (full 4):
 def new generation   total 2915072K, used 35903K [0x00007fba04600000, 0x00007fbaca100000, 0x00007fbf59b50000)
  eden space 2591232K,   0% used [0x00007fba04600000, 0x00007fba04600000, 0x00007fbaa2880000)
  from space 323840K,  11% used [0x00007fbab64c0000, 0x00007fbab87cfd60, 0x00007fbaca100000)
  to   space 323840K,   0% used [0x00007fbaa2880000, 0x00007fbaa2880000, 0x00007fbab64c0000)
 tenured generation   total 6477716K, used 6463386K [0x00007fbf59b50000, 0x00007fc0e5135000, 0x00007fca04600000)
   the space 6477716K,  99% used [0x00007fbf59b50000, 0x00007fc0e4336970, 0x00007fc0e4336a00, 0x00007fc0e5135000)
 Metaspace       used 24216K, capacity 24577K, committed 24832K, reserved 26624K
}
Event: 4722.917 GC heap before
{Heap before GC invocations=6070 (full 4):
 def new generation   total 2915072K, used 2627135K [0x00007fba04600000, 0x00007fbaca100000, 0x00007fbf59b50000)
  eden space 2591232K, 100% used [0x00007fba04600000, 0x00007fbaa2880000, 0x00007fbaa2880000)
  from space 323840K,  11% used [0x00007fbab64c0000, 0x00007fbab87cfd60, 0x00007fbaca100000)
  to   space 323840K,   0% used [0x00007fbaa2880000, 0x00007fbaa2880000, 0x00007fbab64c0000)
 tenured generation   total 6477716K, used 6463386K [0x00007fbf59b50000, 0x00007fc0e5135000, 0x00007fca04600000)
   the space 6477716K,  99% used [0x00007fbf59b50000, 0x00007fc0e4336970, 0x00007fc0e4336a00, 0x00007fc0e5135000)
 Metaspace       used 24216K, capacity 24577K, committed 24832K, reserved 26624K
}
Event: 4723.018 GC heap after
{Heap after GC invocations=6071 (full 4):
 def new generation   total 2915072K, used 36436K [0x00007fba04600000, 0x00007fbaca100000, 0x00007fbf59b50000)
  eden space 2591232K,   0% used [0x00007fba04600000, 0x00007fba04600000, 0x00007fbaa2880000)
  from space 323840K,  11% used [0x00007fbaa2880000, 0x00007fbaa4c15250, 0x00007fbab64c0000)
  to   space 323840K,   0% used [0x00007fbab64c0000, 0x00007fbab64c0000, 0x00007fbaca100000)
 tenured generation   total 6477716K, used 6465804K [0x00007fbf59b50000, 0x00007fc0e5135000, 0x00007fca04600000)
   the space 6477716K,  99% used [0x00007fbf59b50000, 0x00007fc0e4593010, 0x00007fc0e4593200, 0x00007fc0e5135000)
 Metaspace       used 24216K, capacity 24577K, committed 24832K, reserved 26624K
}
Event: 4725.364 GC heap before
{Heap before GC invocations=6071 (full 4):
 def new generation   total 2915072K, used 2627668K [0x00007fba04600000, 0x00007fbaca100000, 0x00007fbf59b50000)
  eden space 2591232K, 100% used [0x00007fba04600000, 0x00007fbaa2880000, 0x00007fbaa2880000)
  from space 323840K,  11% used [0x00007fbaa2880000, 0x00007fbaa4c15250, 0x00007fbab64c0000)
  to   space 323840K,   0% used [0x00007fbab64c0000, 0x00007fbab64c0000, 0x00007fbaca100000)
 tenured generation   total 6477716K, used 6465804K [0x00007fbf59b50000, 0x00007fc0e5135000, 0x00007fca04600000)
   the space 6477716K,  99% used [0x00007fbf59b50000, 0x00007fc0e4593010, 0x00007fc0e4593200, 0x00007fc0e5135000)
 Metaspace       used 24216K, capacity 24577K, committed 24832K, reserved 26624K
}
Event: 4725.428 GC heap after
{Heap after GC invocations=6072 (full 4):
 def new generation   total 2915072K, used 37541K [0x00007fba04600000, 0x00007fbaca100000, 0x00007fbf59b50000)
  eden space 2591232K,   0% used [0x00007fba04600000, 0x00007fba04600000, 0x00007fbaa2880000)
  from space 323840K,  11% used [0x00007fbab64c0000, 0x00007fbab8969510, 0x00007fbaca100000)
  to   space 323840K,   0% used [0x00007fbaa2880000, 0x00007fbaa2880000, 0x00007fbab64c0000)
 tenured generation   total 6477716K, used 6468221K [0x00007fbf59b50000, 0x00007fc0e5135000, 0x00007fca04600000)
   the space 6477716K,  99% used [0x00007fbf59b50000, 0x00007fc0e47ef6b0, 0x00007fc0e47ef800, 0x00007fc0e5135000)
 Metaspace       used 24216K, capacity 24577K, committed 24832K, reserved 26624K
}
Event: 4727.742 GC heap before
{Heap before GC invocations=6072 (full 4):
 def new generation   total 2915072K, used 2628773K [0x00007fba04600000, 0x00007fbaca100000, 0x00007fbf59b50000)
  eden space 2591232K, 100% used [0x00007fba04600000, 0x00007fbaa2880000, 0x00007fbaa2880000)
  from space 323840K,  11% used [0x00007fbab64c0000, 0x00007fbab8969510, 0x00007fbaca100000)
  to   space 323840K,   0% used [0x00007fbaa2880000, 0x00007fbaa2880000, 0x00007fbab64c0000)
 tenured generation   total 6477716K, used 6468221K [0x00007fbf59b50000, 0x00007fc0e5135000, 0x00007fca04600000)
   the space 6477716K,  99% used [0x00007fbf59b50000, 0x00007fc0e47ef6b0, 0x00007fc0e47ef800, 0x00007fc0e5135000)
 Metaspace       used 24216K, capacity 24577K, committed 24832K, reserved 26624K
}
Event: 4727.801 GC heap after
{Heap after GC invocations=6073 (full 4):
 def new generation   total 2915072K, used 38844K [0x00007fba04600000, 0x00007fbaca100000, 0x00007fbf59b50000)
  eden space 2591232K,   0% used [0x00007fba04600000, 0x00007fba04600000, 0x00007fbaa2880000)
  from space 323840K,  11% used [0x00007fbaa2880000, 0x00007fbaa4e6f348, 0x00007fbab64c0000)
  to   space 323840K,   0% used [0x00007fbab64c0000, 0x00007fbab64c0000, 0x00007fbaca100000)
 tenured generation   total 6477716K, used 6470518K [0x00007fbf59b50000, 0x00007fc0e5135000, 0x00007fca04600000)
   the space 6477716K,  99% used [0x00007fbf59b50000, 0x00007fc0e4a2d9c8, 0x00007fc0e4a2da00, 0x00007fc0e5135000)
 Metaspace       used 24216K, capacity 24577K, committed 24832K, reserved 26624K
}
Event: 4729.867 GC heap before
{Heap before GC invocations=6073 (full 4):
 def new generation   total 2915072K, used 2630076K [0x00007fba04600000, 0x00007fbaca100000, 0x00007fbf59b50000)
  eden space 2591232K, 100% used [0x00007fba04600000, 0x00007fbaa2880000, 0x00007fbaa2880000)
  from space 323840K,  11% used [0x00007fbaa2880000, 0x00007fbaa4e6f348, 0x00007fbab64c0000)
  to   space 323840K,   0% used [0x00007fbab64c0000, 0x00007fbab64c0000, 0x00007fbaca100000)
 tenured generation   total 6477716K, used 6470518K [0x00007fbf59b50000, 0x00007fc0e5135000, 0x00007fca04600000)
   the space 6477716K,  99% used [0x00007fbf59b50000, 0x00007fc0e4a2d9c8, 0x00007fc0e4a2da00, 0x00007fc0e5135000)
 Metaspace       used 24216K, capacity 24577K, committed 24832K, reserved 26624K
}
Event: 4729.914 GC heap after
{Heap after GC invocations=6074 (full 4):
 def new generation   total 2915072K, used 39949K [0x00007fba04600000, 0x00007fbaca100000, 0x00007fbf59b50000)
  eden space 2591232K,   0% used [0x00007fba04600000, 0x00007fba04600000, 0x00007fbaa2880000)
  from space 323840K,  12% used [0x00007fbab64c0000, 0x00007fbab8bc3490, 0x00007fbaca100000)
  to   space 323840K,   0% used [0x00007fbaa2880000, 0x00007fbaa2880000, 0x00007fbab64c0000)
 tenured generation   total 6477716K, used 6472936K [0x00007fbf59b50000, 0x00007fc0e5135000, 0x00007fca04600000)
   the space 6477716K,  99% used [0x00007fbf59b50000, 0x00007fc0e4c8a068, 0x00007fc0e4c8a200, 0x00007fc0e5135000)
 Metaspace       used 24216K, capacity 24577K, committed 24832K, reserved 26624K
}
Event: 4732.002 GC heap before
{Heap before GC invocations=6074 (full 4):
 def new generation   total 2915072K, used 2631181K [0x00007fba04600000, 0x00007fbaca100000, 0x00007fbf59b50000)
  eden space 2591232K, 100% used [0x00007fba04600000, 0x00007fbaa2880000, 0x00007fbaa2880000)
  from space 323840K,  12% used [0x00007fbab64c0000, 0x00007fbab8bc3490, 0x00007fbaca100000)
  to   space 323840K,   0% used [0x00007fbaa2880000, 0x00007fbaa2880000, 0x00007fbab64c0000)
 tenured generation   total 6477716K, used 6472936K [0x00007fbf59b50000, 0x00007fc0e5135000, 0x00007fca04600000)
   the space 6477716K,  99% used [0x00007fbf59b50000, 0x00007fc0e4c8a068, 0x00007fc0e4c8a200, 0x00007fc0e5135000)
 Metaspace       used 24216K, capacity 24577K, committed 24832K, reserved 26624K
}
Event: 4732.046 GC heap after
{Heap after GC invocations=6075 (full 4):
 def new generation   total 2915072K, used 39242K [0x00007fba04600000, 0x00007fbaca100000, 0x00007fbf59b50000)
  eden space 2591232K,   0% used [0x00007fba04600000, 0x00007fba04600000, 0x00007fbaa2880000)
  from space 323840K,  12% used [0x00007fbaa2880000, 0x00007fbaa4ed2ae8, 0x00007fbab64c0000)
  to   space 323840K,   0% used [0x00007fbab64c0000, 0x00007fbab64c0000, 0x00007fbaca100000)
 tenured generation   total 6477716K, used 6475353K [0x00007fbf59b50000, 0x00007fc0e5135000, 0x00007fca04600000)
   the space 6477716K,  99% used [0x00007fbf59b50000, 0x00007fc0e4ee6708, 0x00007fc0e4ee6800, 0x00007fc0e5135000)
 Metaspace       used 24216K, capacity 24577K, committed 24832K, reserved 26624K
}
Event: 4734.227 GC heap before
{Heap before GC invocations=6075 (full 4):
 def new generation   total 2915072K, used 2630474K [0x00007fba04600000, 0x00007fbaca100000, 0x00007fbf59b50000)
  eden space 2591232K, 100% used [0x00007fba04600000, 0x00007fbaa2880000, 0x00007fbaa2880000)
  from space 323840K,  12% used [0x00007fbaa2880000, 0x00007fbaa4ed2ae8, 0x00007fbab64c0000)
  to   space 323840K,   0% used [0x00007fbab64c0000, 0x00007fbab64c0000, 0x00007fbaca100000)
 tenured generation   total 6477716K, used 6475353K [0x00007fbf59b50000, 0x00007fc0e5135000, 0x00007fca04600000)
   the space 6477716K,  99% used [0x00007fbf59b50000, 0x00007fc0e4ee6708, 0x00007fc0e4ee6800, 0x00007fc0e5135000)
 Metaspace       used 24216K, capacity 24577K, committed 24832K, reserved 26624K
}
Event: 4734.277 GC heap after
{Heap after GC invocations=6076 (full 4):
 def new generation   total 2915072K, used 37918K [0x00007fba04600000, 0x00007fbaca100000, 0x00007fbf59b50000)
  eden space 2591232K,   0% used [0x00007fba04600000, 0x00007fba04600000, 0x00007fbaa2880000)
  from space 323840K,  11% used [0x00007fbab64c0000, 0x00007fbab89c78f8, 0x00007fbaca100000)
  to   space 323840K,   0% used [0x00007fbaa2880000, 0x00007fbaa2880000, 0x00007fbab64c0000)
 tenured generation   total 6477716K, used 6477650K [0x00007fbf59b50000, 0x00007fc0e5135000, 0x00007fca04600000)
   the space 6477716K,  99% used [0x00007fbf59b50000, 0x00007fc0e5124a20, 0x00007fc0e5124c00, 0x00007fc0e5135000)
 Metaspace       used 24216K, capacity 24577K, committed 24832K, reserved 26624K
}
Event: 4736.415 GC heap before
{Heap before GC invocations=6076 (full 4):
 def new generation   total 2915072K, used 2629150K [0x00007fba04600000, 0x00007fbaca100000, 0x00007fbf59b50000)
  eden space 2591232K, 100% used [0x00007fba04600000, 0x00007fbaa2880000, 0x00007fbaa2880000)
  from space 323840K,  11% used [0x00007fbab64c0000, 0x00007fbab89c78f8, 0x00007fbaca100000)
  to   space 323840K,   0% used [0x00007fbaa2880000, 0x00007fbaa2880000, 0x00007fbab64c0000)
 tenured generation   total 6477716K, used 6477650K [0x00007fbf59b50000, 0x00007fc0e5135000, 0x00007fca04600000)
   the space 6477716K,  99% used [0x00007fbf59b50000, 0x00007fc0e5124a20, 0x00007fc0e5124c00, 0x00007fc0e5135000)
 Metaspace       used 24216K, capacity 24577K, committed 24832K, reserved 26624K
}
Event: 4736.512 GC heap after
{Heap after GC invocations=6077 (full 4):
 def new generation   total 2915072K, used 36707K [0x00007fba04600000, 0x00007fbaca100000, 0x00007fbf59b50000)
  eden space 2591232K,   0% used [0x00007fba04600000, 0x00007fba04600000, 0x00007fbaa2880000)
  from space 323840K,  11% used [0x00007fbaa2880000, 0x00007fbaa4c58e48, 0x00007fbab64c0000)
  to   space 323840K,   0% used [0x00007fbab64c0000, 0x00007fbab64c0000, 0x00007fbaca100000)
 tenured generation   total 6480212K, used 6480068K [0x00007fbf59b50000, 0x00007fc0e53a5000, 0x00007fca04600000)
   the space 6480212K,  99% used [0x00007fbf59b50000, 0x00007fc0e53810c0, 0x00007fc0e5381200, 0x00007fc0e53a5000)
 Metaspace       used 24216K, capacity 24577K, committed 24832K, reserved 26624K
}
Event: 4736.512 GC heap before
{Heap before GC invocations=6077 (full 4):
 def new generation   total 2915072K, used 36707K [0x00007fba04600000, 0x00007fbaca100000, 0x00007fbf59b50000)
  eden space 2591232K,   0% used [0x00007fba04600000, 0x00007fba04600000, 0x00007fbaa2880000)
  from space 323840K,  11% used [0x00007fbaa2880000, 0x00007fbaa4c58e48, 0x00007fbab64c0000)
  to   space 323840K,   0% used [0x00007fbab64c0000, 0x00007fbab64c0000, 0x00007fbaca100000)
 tenured generation   total 6480212K, used 6480068K [0x00007fbf59b50000, 0x00007fc0e53a5000, 0x00007fca04600000)
   the space 6480212K,  99% used [0x00007fbf59b50000, 0x00007fc0e53810c0, 0x00007fc0e5381200, 0x00007fc0e53a5000)
 Metaspace       used 24216K, capacity 24577K, committed 24832K, reserved 26624K
}

