# JRE version: OpenJDK Runtime Environment (13.0.7+5) (build 13.0.7+5-Ubuntu-0ubuntu120.04)
# Java VM: OpenJDK 64-Bit Server VM (13.0.7+5-Ubuntu-0ubuntu120.04, mixed mode, tiered, serial gc, linux-amd64)
Heap:
 def new generation   total 15925952K, used 0K [0x00007f1604600000, 0x00007f1a3c6c0000, 0x00007f1b59b50000)
  eden space 14156416K,   0% used [0x00007f1604600000, 0x00007f1604600000, 0x00007f19646a0000)
  from space 1769536K,   0% used [0x00007f19d06b0000, 0x00007f19d06b0000, 0x00007f1a3c6c0000)
  to   space 1769536K,   0% used [0x00007f19646a0000, 0x00007f19646a0000, 0x00007f19d06b0000)
 tenured generation   total 35458484K, used 31502908K [0x00007f1b59b50000, 0x00007f23cdebd000, 0x00007f2604600000)
   the space 35458484K,  88% used [0x00007f1b59b50000, 0x00007f22dc7df1a8, 0x00007f22dc7df200, 0x00007f23cdebd000)
 Metaspace       used 30365K, capacity 30742K, committed 30976K, reserved 32768K
GC Heap History (20 events):
Event: 2081.448 GC heap after
{Heap after GC invocations=69 (full 11):
 def new generation   total 15925952K, used 1501269K [0x00007f1604600000, 0x00007f1a3c6c0000, 0x00007f1b59b50000)
  eden space 14156416K,   0% used [0x00007f1604600000, 0x00007f1604600000, 0x00007f19646a0000)
  from space 1769536K,  84% used [0x00007f19646a0000, 0x00007f19c00b5610, 0x00007f19d06b0000)
  to   space 1769536K,   0% used [0x00007f19d06b0000, 0x00007f19d06b0000, 0x00007f1a3c6c0000)
 tenured generation   total 35390900K, used 22779171K [0x00007f1b59b50000, 0x00007f23c9cbd000, 0x00007f2604600000)
   the space 35390900K,  64% used [0x00007f1b59b50000, 0x00007f20c8098da0, 0x00007f20c8098e00, 0x00007f23c9cbd000)
 Metaspace       used 30365K, capacity 30742K, committed 30976K, reserved 32768K
}
Event: 2085.457 GC heap before
{Heap before GC invocations=69 (full 11):
 def new generation   total 15925952K, used 15657685K [0x00007f1604600000, 0x00007f1a3c6c0000, 0x00007f1b59b50000)
  eden space 14156416K, 100% used [0x00007f1604600000, 0x00007f19646a0000, 0x00007f19646a0000)
  from space 1769536K,  84% used [0x00007f19646a0000, 0x00007f19c00b5610, 0x00007f19d06b0000)
  to   space 1769536K,   0% used [0x00007f19d06b0000, 0x00007f19d06b0000, 0x00007f1a3c6c0000)
 tenured generation   total 35390900K, used 22779171K [0x00007f1b59b50000, 0x00007f23c9cbd000, 0x00007f2604600000)
   the space 35390900K,  64% used [0x00007f1b59b50000, 0x00007f20c8098da0, 0x00007f20c8098e00, 0x00007f23c9cbd000)
 Metaspace       used 30365K, capacity 30742K, committed 30976K, reserved 32768K
}
Event: 2090.298 GC heap after
{Heap after GC invocations=70 (full 11):
 def new generation   total 15925952K, used 1555542K [0x00007f1604600000, 0x00007f1a3c6c0000, 0x00007f1b59b50000)
  eden space 14156416K,   0% used [0x00007f1604600000, 0x00007f1604600000, 0x00007f19646a0000)
  from space 1769536K,  87% used [0x00007f19d06b0000, 0x00007f1a2f5c5b90, 0x00007f1a3c6c0000)
  to   space 1769536K,   0% used [0x00007f19646a0000, 0x00007f19646a0000, 0x00007f19d06b0000)
 tenured generation   total 35390900K, used 24280440K [0x00007f1b59b50000, 0x00007f23c9cbd000, 0x00007f2604600000)
   the space 35390900K,  68% used [0x00007f1b59b50000, 0x00007f2123aae370, 0x00007f2123aae400, 0x00007f23c9cbd000)
 Metaspace       used 30365K, capacity 30742K, committed 30976K, reserved 32768K
}
Event: 2094.719 GC heap before
{Heap before GC invocations=70 (full 11):
 def new generation   total 15925952K, used 15711958K [0x00007f1604600000, 0x00007f1a3c6c0000, 0x00007f1b59b50000)
  eden space 14156416K, 100% used [0x00007f1604600000, 0x00007f19646a0000, 0x00007f19646a0000)
  from space 1769536K,  87% used [0x00007f19d06b0000, 0x00007f1a2f5c5b90, 0x00007f1a3c6c0000)
  to   space 1769536K,   0% used [0x00007f19646a0000, 0x00007f19646a0000, 0x00007f19d06b0000)
 tenured generation   total 35390900K, used 24280440K [0x00007f1b59b50000, 0x00007f23c9cbd000, 0x00007f2604600000)
   the space 35390900K,  68% used [0x00007f1b59b50000, 0x00007f2123aae370, 0x00007f2123aae400, 0x00007f23c9cbd000)
 Metaspace       used 30365K, capacity 30742K, committed 30976K, reserved 32768K
}
Event: 2099.891 GC heap after
{Heap after GC invocations=71 (full 11):
 def new generation   total 15925952K, used 1506187K [0x00007f1604600000, 0x00007f1a3c6c0000, 0x00007f1b59b50000)
  eden space 14156416K,   0% used [0x00007f1604600000, 0x00007f1604600000, 0x00007f19646a0000)
  from space 1769536K,  85% used [0x00007f19646a0000, 0x00007f19c0582f28, 0x00007f19d06b0000)
  to   space 1769536K,   0% used [0x00007f19d06b0000, 0x00007f19d06b0000, 0x00007f1a3c6c0000)
 tenured generation   total 35390900K, used 25835983K [0x00007f1b59b50000, 0x00007f23c9cbd000, 0x00007f2604600000)
   the space 35390900K,  73% used [0x00007f1b59b50000, 0x00007f21829c3d10, 0x00007f21829c3e00, 0x00007f23c9cbd000)
 Metaspace       used 30365K, capacity 30742K, committed 30976K, reserved 32768K
}
Event: 2104.220 GC heap before
{Heap before GC invocations=71 (full 11):
 def new generation   total 15925952K, used 15662603K [0x00007f1604600000, 0x00007f1a3c6c0000, 0x00007f1b59b50000)
  eden space 14156416K, 100% used [0x00007f1604600000, 0x00007f19646a0000, 0x00007f19646a0000)
  from space 1769536K,  85% used [0x00007f19646a0000, 0x00007f19c0582f28, 0x00007f19d06b0000)
  to   space 1769536K,   0% used [0x00007f19d06b0000, 0x00007f19d06b0000, 0x00007f1a3c6c0000)
 tenured generation   total 35390900K, used 25835983K [0x00007f1b59b50000, 0x00007f23c9cbd000, 0x00007f2604600000)
   the space 35390900K,  73% used [0x00007f1b59b50000, 0x00007f21829c3d10, 0x00007f21829c3e00, 0x00007f23c9cbd000)
 Metaspace       used 30365K, capacity 30742K, committed 30976K, reserved 32768K
}
Event: 2109.192 GC heap after
{Heap after GC invocations=72 (full 11):
 def new generation   total 15925952K, used 1347572K [0x00007f1604600000, 0x00007f1a3c6c0000, 0x00007f1b59b50000)
  eden space 14156416K,   0% used [0x00007f1604600000, 0x00007f1604600000, 0x00007f19646a0000)
  from space 1769536K,  76% used [0x00007f19d06b0000, 0x00007f1a22aad3d8, 0x00007f1a3c6c0000)
  to   space 1769536K,   0% used [0x00007f19646a0000, 0x00007f19646a0000, 0x00007f19d06b0000)
 tenured generation   total 35390900K, used 27342170K [0x00007f1b59b50000, 0x00007f23c9cbd000, 0x00007f2604600000)
   the space 35390900K,  77% used [0x00007f1b59b50000, 0x00007f21de8a6bf8, 0x00007f21de8a6c00, 0x00007f23c9cbd000)
 Metaspace       used 30365K, capacity 30742K, committed 30976K, reserved 32768K
}
Event: 2113.677 GC heap before
{Heap before GC invocations=72 (full 11):
 def new generation   total 15925952K, used 15503988K [0x00007f1604600000, 0x00007f1a3c6c0000, 0x00007f1b59b50000)
  eden space 14156416K, 100% used [0x00007f1604600000, 0x00007f19646a0000, 0x00007f19646a0000)
  from space 1769536K,  76% used [0x00007f19d06b0000, 0x00007f1a22aad3d8, 0x00007f1a3c6c0000)
  to   space 1769536K,   0% used [0x00007f19646a0000, 0x00007f19646a0000, 0x00007f19d06b0000)
 tenured generation   total 35390900K, used 27342170K [0x00007f1b59b50000, 0x00007f23c9cbd000, 0x00007f2604600000)
   the space 35390900K,  77% used [0x00007f1b59b50000, 0x00007f21de8a6bf8, 0x00007f21de8a6c00, 0x00007f23c9cbd000)
 Metaspace       used 30365K, capacity 30742K, committed 30976K, reserved 32768K
}
Event: 2118.530 GC heap after
{Heap after GC invocations=73 (full 11):
 def new generation   total 15925952K, used 1399619K [0x00007f1604600000, 0x00007f1a3c6c0000, 0x00007f1b59b50000)
  eden space 14156416K,   0% used [0x00007f1604600000, 0x00007f1604600000, 0x00007f19646a0000)
  from space 1769536K,  79% used [0x00007f19646a0000, 0x00007f19b9d70e48, 0x00007f19d06b0000)
  to   space 1769536K,   0% used [0x00007f19d06b0000, 0x00007f19d06b0000, 0x00007f1a3c6c0000)
 tenured generation   total 35390900K, used 28689743K [0x00007f1b59b50000, 0x00007f23c9cbd000, 0x00007f2604600000)
   the space 35390900K,  81% used [0x00007f1b59b50000, 0x00007f2230ca3ed0, 0x00007f2230ca4000, 0x00007f23c9cbd000)
 Metaspace       used 30365K, capacity 30742K, committed 30976K, reserved 32768K
}
Event: 2122.779 GC heap before
{Heap before GC invocations=73 (full 11):
 def new generation   total 15925952K, used 15556035K [0x00007f1604600000, 0x00007f1a3c6c0000, 0x00007f1b59b50000)
  eden space 14156416K, 100% used [0x00007f1604600000, 0x00007f19646a0000, 0x00007f19646a0000)
  from space 1769536K,  79% used [0x00007f19646a0000, 0x00007f19b9d70e48, 0x00007f19d06b0000)
  to   space 1769536K,   0% used [0x00007f19d06b0000, 0x00007f19d06b0000, 0x00007f1a3c6c0000)
 tenured generation   total 35390900K, used 28689743K [0x00007f1b59b50000, 0x00007f23c9cbd000, 0x00007f2604600000)
   the space 35390900K,  81% used [0x00007f1b59b50000, 0x00007f2230ca3ed0, 0x00007f2230ca4000, 0x00007f23c9cbd000)
 Metaspace       used 30365K, capacity 30742K, committed 30976K, reserved 32768K
}
Event: 2127.463 GC heap after
{Heap after GC invocations=74 (full 11):
 def new generation   total 15925952K, used 1307165K [0x00007f1604600000, 0x00007f1a3c6c0000, 0x00007f1b59b50000)
  eden space 14156416K,   0% used [0x00007f1604600000, 0x00007f1604600000, 0x00007f19646a0000)
  from space 1769536K,  73% used [0x00007f19d06b0000, 0x00007f1a20337418, 0x00007f1a3c6c0000)
  to   space 1769536K,   0% used [0x00007f19646a0000, 0x00007f19646a0000, 0x00007f19d06b0000)
 tenured generation   total 35390900K, used 30089363K [0x00007f1b59b50000, 0x00007f23c9cbd000, 0x00007f2604600000)
   the space 35390900K,  85% used [0x00007f1b59b50000, 0x00007f2286374c18, 0x00007f2286374e00, 0x00007f23c9cbd000)
 Metaspace       used 30365K, capacity 30742K, committed 30976K, reserved 32768K
}
Event: 2131.566 GC heap before
{Heap before GC invocations=74 (full 11):
 def new generation   total 15925952K, used 15463581K [0x00007f1604600000, 0x00007f1a3c6c0000, 0x00007f1b59b50000)
  eden space 14156416K, 100% used [0x00007f1604600000, 0x00007f19646a0000, 0x00007f19646a0000)
  from space 1769536K,  73% used [0x00007f19d06b0000, 0x00007f1a20337418, 0x00007f1a3c6c0000)
  to   space 1769536K,   0% used [0x00007f19646a0000, 0x00007f19646a0000, 0x00007f19d06b0000)
 tenured generation   total 35390900K, used 30089363K [0x00007f1b59b50000, 0x00007f23c9cbd000, 0x00007f2604600000)
   the space 35390900K,  85% used [0x00007f1b59b50000, 0x00007f2286374c18, 0x00007f2286374e00, 0x00007f23c9cbd000)
 Metaspace       used 30365K, capacity 30742K, committed 30976K, reserved 32768K
}
Event: 2135.818 GC heap after
{Heap after GC invocations=75 (full 11):
 def new generation   total 15925952K, used 1252022K [0x00007f1604600000, 0x00007f1a3c6c0000, 0x00007f1b59b50000)
  eden space 14156416K,   0% used [0x00007f1604600000, 0x00007f1604600000, 0x00007f19646a0000)
  from space 1769536K,  70% used [0x00007f19646a0000, 0x00007f19b0d4d818, 0x00007f19d06b0000)
  to   space 1769536K,   0% used [0x00007f19d06b0000, 0x00007f19d06b0000, 0x00007f1a3c6c0000)
 tenured generation   total 35390900K, used 31396527K [0x00007f1b59b50000, 0x00007f23c9cbd000, 0x00007f2604600000)
   the space 35390900K,  88% used [0x00007f1b59b50000, 0x00007f22d5ffbff0, 0x00007f22d5ffc000, 0x00007f23c9cbd000)
 Metaspace       used 30365K, capacity 30742K, committed 30976K, reserved 32768K
}
Event: 2140.226 GC heap before
{Heap before GC invocations=75 (full 11):
 def new generation   total 15925952K, used 15408438K [0x00007f1604600000, 0x00007f1a3c6c0000, 0x00007f1b59b50000)
  eden space 14156416K, 100% used [0x00007f1604600000, 0x00007f19646a0000, 0x00007f19646a0000)
  from space 1769536K,  70% used [0x00007f19646a0000, 0x00007f19b0d4d818, 0x00007f19d06b0000)
  to   space 1769536K,   0% used [0x00007f19d06b0000, 0x00007f19d06b0000, 0x00007f1a3c6c0000)
 tenured generation   total 35390900K, used 31396527K [0x00007f1b59b50000, 0x00007f23c9cbd000, 0x00007f2604600000)
   the space 35390900K,  88% used [0x00007f1b59b50000, 0x00007f22d5ffbff0, 0x00007f22d5ffc000, 0x00007f23c9cbd000)
 Metaspace       used 30365K, capacity 30742K, committed 30976K, reserved 32768K
}
Event: 2144.635 GC heap after
{Heap after GC invocations=76 (full 11):
 def new generation   total 15925952K, used 1325218K [0x00007f1604600000, 0x00007f1a3c6c0000, 0x00007f1b59b50000)
  eden space 14156416K,   0% used [0x00007f1604600000, 0x00007f1604600000, 0x00007f19646a0000)
  from space 1769536K,  74% used [0x00007f19d06b0000, 0x00007f1a214d8960, 0x00007f1a3c6c0000)
  to   space 1769536K,   0% used [0x00007f19646a0000, 0x00007f19646a0000, 0x00007f19d06b0000)
 tenured generation   total 35390900K, used 32648549K [0x00007f1b59b50000, 0x00007f23c9cbd000, 0x00007f2604600000)
   the space 35390900K,  92% used [0x00007f1b59b50000, 0x00007f23226a95d8, 0x00007f23226a9600, 0x00007f23c9cbd000)
 Metaspace       used 30365K, capacity 30742K, committed 30976K, reserved 32768K
}
Event: 2148.646 GC heap before
{Heap before GC invocations=76 (full 11):
 def new generation   total 15925952K, used 15481634K [0x00007f1604600000, 0x00007f1a3c6c0000, 0x00007f1b59b50000)
  eden space 14156416K, 100% used [0x00007f1604600000, 0x00007f19646a0000, 0x00007f19646a0000)
  from space 1769536K,  74% used [0x00007f19d06b0000, 0x00007f1a214d8960, 0x00007f1a3c6c0000)
  to   space 1769536K,   0% used [0x00007f19646a0000, 0x00007f19646a0000, 0x00007f19d06b0000)
 tenured generation   total 35390900K, used 32648549K [0x00007f1b59b50000, 0x00007f23c9cbd000, 0x00007f2604600000)
   the space 35390900K,  92% used [0x00007f1b59b50000, 0x00007f23226a95d8, 0x00007f23226a9600, 0x00007f23c9cbd000)
 Metaspace       used 30365K, capacity 30742K, committed 30976K, reserved 32768K
}
Event: 2153.281 GC heap after
{Heap after GC invocations=77 (full 11):
 def new generation   total 15925952K, used 1484662K [0x00007f1604600000, 0x00007f1a3c6c0000, 0x00007f1b59b50000)
  eden space 14156416K,   0% used [0x00007f1604600000, 0x00007f1604600000, 0x00007f19646a0000)
  from space 1769536K,  83% used [0x00007f19646a0000, 0x00007f19bf07db68, 0x00007f19d06b0000)
  to   space 1769536K,   0% used [0x00007f19d06b0000, 0x00007f19d06b0000, 0x00007f1a3c6c0000)
 tenured generation   total 35390900K, used 33973767K [0x00007f1b59b50000, 0x00007f23c9cbd000, 0x00007f2604600000)
   the space 35390900K,  95% used [0x00007f1b59b50000, 0x00007f23734d1d78, 0x00007f23734d1e00, 0x00007f23c9cbd000)
 Metaspace       used 30365K, capacity 30742K, committed 30976K, reserved 32768K
}
Event: 2157.427 GC heap before
{Heap before GC invocations=77 (full 11):
 def new generation   total 15925952K, used 15641078K [0x00007f1604600000, 0x00007f1a3c6c0000, 0x00007f1b59b50000)
  eden space 14156416K, 100% used [0x00007f1604600000, 0x00007f19646a0000, 0x00007f19646a0000)
  from space 1769536K,  83% used [0x00007f19646a0000, 0x00007f19bf07db68, 0x00007f19d06b0000)
  to   space 1769536K,   0% used [0x00007f19d06b0000, 0x00007f19d06b0000, 0x00007f1a3c6c0000)
 tenured generation   total 35390900K, used 33973767K [0x00007f1b59b50000, 0x00007f23c9cbd000, 0x00007f2604600000)
   the space 35390900K,  95% used [0x00007f1b59b50000, 0x00007f23734d1d78, 0x00007f23734d1e00, 0x00007f23c9cbd000)
 Metaspace       used 30365K, capacity 30742K, committed 30976K, reserved 32768K
}
Event: 2161.783 GC heap after
{Heap after GC invocations=78 (full 11):
 def new generation   total 15925952K, used 1243577K [0x00007f1604600000, 0x00007f1a3c6c0000, 0x00007f1b59b50000)
  eden space 14156416K,   0% used [0x00007f1604600000, 0x00007f1604600000, 0x00007f19646a0000)
  from space 1769536K,  70% used [0x00007f19d06b0000, 0x00007f1a1c51e410, 0x00007f1a3c6c0000)
  to   space 1769536K,   0% used [0x00007f19646a0000, 0x00007f19646a0000, 0x00007f19d06b0000)
 tenured generation   total 35458484K, used 35458429K [0x00007f1b59b50000, 0x00007f23cdebd000, 0x00007f2604600000)
   the space 35458484K,  99% used [0x00007f1b59b50000, 0x00007f23cdeaf6c0, 0x00007f23cdeaf800, 0x00007f23cdebd000)
 Metaspace       used 30365K, capacity 30742K, committed 30976K, reserved 32768K
}
Event: 2161.783 GC heap before
{Heap before GC invocations=78 (full 11):
 def new generation   total 15925952K, used 1243577K [0x00007f1604600000, 0x00007f1a3c6c0000, 0x00007f1b59b50000)
  eden space 14156416K,   0% used [0x00007f1604600000, 0x00007f1604600000, 0x00007f19646a0000)
  from space 1769536K,  70% used [0x00007f19d06b0000, 0x00007f1a1c51e410, 0x00007f1a3c6c0000)
  to   space 1769536K,   0% used [0x00007f19646a0000, 0x00007f19646a0000, 0x00007f19d06b0000)
 tenured generation   total 35458484K, used 35458429K [0x00007f1b59b50000, 0x00007f23cdebd000, 0x00007f2604600000)
   the space 35458484K,  99% used [0x00007f1b59b50000, 0x00007f23cdeaf6c0, 0x00007f23cdeaf800, 0x00007f23cdebd000)
 Metaspace       used 30365K, capacity 30742K, committed 30976K, reserved 32768K
}

