# JRE version: OpenJDK Runtime Environment (13.0.7+5) (build 13.0.7+5-Ubuntu-0ubuntu120.04)
# Java VM: OpenJDK 64-Bit Server VM (13.0.7+5-Ubuntu-0ubuntu120.04, mixed mode, tiered, serial gc, linux-amd64)
Heap:
 def new generation   total 3153216K, used 2221070K [0x00007f3ee4600000, 0x00007f3fba370000, 0x00007f4439b50000)
  eden space 2802880K,  76% used [0x00007f3ee4600000, 0x00007f3f67bf5ab8, 0x00007f3f8f730000)
  from space 350336K,  19% used [0x00007f3f8f730000, 0x00007f3f93a3e030, 0x00007f3fa4d50000)
  to   space 350336K,   0% used [0x00007f3fa4d50000, 0x00007f3fa4d54910, 0x00007f3fba370000)
 tenured generation   total 7007024K, used 6301365K [0x00007f4439b50000, 0x00007f45e561c000, 0x00007f4ee4600000)
   the space 7007024K,  89% used [0x00007f4439b50000, 0x00007f45ba4fd5b8, 0x00007f45ba4fd600, 0x00007f45e561c000)
 Metaspace       used 23142K, capacity 23519K, committed 23808K, reserved 24576K
GC Heap History (20 events):
Event: 4.268 GC heap after
{Heap after GC invocations=4 (full 2):
 def new generation   total 629248K, used 0K [0x00007f3ee4600000, 0x00007f3f0f0c0000, 0x00007f4439b50000)
  eden space 559360K,   0% used [0x00007f3ee4600000, 0x00007f3ee4600000, 0x00007f3f06840000)
  from space 69888K,   0% used [0x00007f3f0ac80000, 0x00007f3f0ac80110, 0x00007f3f0f0c0000)
  to   space 69888K,   0% used [0x00007f3f06840000, 0x00007f3f06840000, 0x00007f3f0ac80000)
 tenured generation   total 3495300K, used 2115831K [0x00007f4439b50000, 0x00007f450f0b1000, 0x00007f4ee4600000)
   the space 3495300K,  60% used [0x00007f4439b50000, 0x00007f44bad8dc08, 0x00007f44bad8de00, 0x00007f450f0b1000)
 Metaspace       used 23059K, capacity 23442K, committed 23552K, reserved 24576K
}
Event: 4.268 GC heap before
{Heap before GC invocations=4 (full 2):
 def new generation   total 629248K, used 0K [0x00007f3ee4600000, 0x00007f3f0f0c0000, 0x00007f4439b50000)
  eden space 559360K,   0% used [0x00007f3ee4600000, 0x00007f3ee4600000, 0x00007f3f06840000)
  from space 69888K,   0% used [0x00007f3f0ac80000, 0x00007f3f0ac80110, 0x00007f3f0f0c0000)
  to   space 69888K,   0% used [0x00007f3f06840000, 0x00007f3f06840000, 0x00007f3f0ac80000)
 tenured generation   total 3495300K, used 2115831K [0x00007f4439b50000, 0x00007f450f0b1000, 0x00007f4ee4600000)
   the space 3495300K,  60% used [0x00007f4439b50000, 0x00007f44bad8dc08, 0x00007f44bad8de00, 0x00007f450f0b1000)
 Metaspace       used 23059K, capacity 23442K, committed 23552K, reserved 24576K
}
Event: 4.282 GC heap after
{Heap after GC invocations=4 (full 3):
 def new generation   total 1586880K, used 0K [0x00007f3ee4600000, 0x00007f3f4ffe0000, 0x00007f4439b50000)
  eden space 1410560K,   0% used [0x00007f3ee4600000, 0x00007f3ee4600000, 0x00007f3f3a780000)
  from space 176320K,   0% used [0x00007f3f3a780000, 0x00007f3f3a780000, 0x00007f3f453b0000)
  to   space 176320K,   0% used [0x00007f3f453b0000, 0x00007f3f453b0000, 0x00007f3f4ffe0000)
 tenured generation   total 3526388K, used 2115831K [0x00007f4439b50000, 0x00007f4510f0d000, 0x00007f4ee4600000)
   the space 3526388K,  59% used [0x00007f4439b50000, 0x00007f44bad8dcb0, 0x00007f44bad8de00, 0x00007f4510f0d000)
 Metaspace       used 23059K, capacity 23442K, committed 23552K, reserved 24576K
}
Event: 4.596 GC heap before
{Heap before GC invocations=4 (full 3):
 def new generation   total 1586880K, used 27536K [0x00007f3ee4600000, 0x00007f3f4ffe0000, 0x00007f4439b50000)
  eden space 1410560K,   1% used [0x00007f3ee4600000, 0x00007f3ee60e4380, 0x00007f3f3a780000)
  from space 176320K,   0% used [0x00007f3f3a780000, 0x00007f3f3a780000, 0x00007f3f453b0000)
  to   space 176320K,   0% used [0x00007f3f453b0000, 0x00007f3f453b0000, 0x00007f3f4ffe0000)
 tenured generation   total 5623544K, used 4212983K [0x00007f4439b50000, 0x00007f4590f0e000, 0x00007f4ee4600000)
   the space 5623544K,  74% used [0x00007f4439b50000, 0x00007f453ad8dcc8, 0x00007f453ad8de00, 0x00007f4590f0e000)
 Metaspace       used 23059K, capacity 23442K, committed 23552K, reserved 24576K
}
Event: 4.597 GC heap after
{Heap after GC invocations=5 (full 3):
 def new generation   total 1586880K, used 0K [0x00007f3ee4600000, 0x00007f3f4ffe0000, 0x00007f4439b50000)
  eden space 1410560K,   0% used [0x00007f3ee4600000, 0x00007f3ee4600000, 0x00007f3f3a780000)
  from space 176320K,   0% used [0x00007f3f453b0000, 0x00007f3f453b0230, 0x00007f3f4ffe0000)
  to   space 176320K,   0% used [0x00007f3f3a780000, 0x00007f3f3a780000, 0x00007f3f453b0000)
 tenured generation   total 5623544K, used 4212983K [0x00007f4439b50000, 0x00007f4590f0e000, 0x00007f4ee4600000)
   the space 5623544K,  74% used [0x00007f4439b50000, 0x00007f453ad8dcc8, 0x00007f453ad8de00, 0x00007f4590f0e000)
 Metaspace       used 23059K, capacity 23442K, committed 23552K, reserved 24576K
}
Event: 4.597 GC heap before
{Heap before GC invocations=5 (full 3):
 def new generation   total 1586880K, used 0K [0x00007f3ee4600000, 0x00007f3f4ffe0000, 0x00007f4439b50000)
  eden space 1410560K,   0% used [0x00007f3ee4600000, 0x00007f3ee4600000, 0x00007f3f3a780000)
  from space 176320K,   0% used [0x00007f3f453b0000, 0x00007f3f453b0230, 0x00007f3f4ffe0000)
  to   space 176320K,   0% used [0x00007f3f3a780000, 0x00007f3f3a780000, 0x00007f3f453b0000)
 tenured generation   total 5623544K, used 4212983K [0x00007f4439b50000, 0x00007f4590f0e000, 0x00007f4ee4600000)
   the space 5623544K,  74% used [0x00007f4439b50000, 0x00007f453ad8dcc8, 0x00007f453ad8de00, 0x00007f4590f0e000)
 Metaspace       used 23059K, capacity 23442K, committed 23552K, reserved 24576K
}
Event: 5.093 GC heap after
{Heap after GC invocations=5 (full 4):
 def new generation   total 3152640K, used 0K [0x00007f3ee4600000, 0x00007f3fba2d0000, 0x00007f4439b50000)
  eden space 2802368K,   0% used [0x00007f3ee4600000, 0x00007f3ee4600000, 0x00007f3f8f6b0000)
  from space 350272K,   0% used [0x00007f3f8f6b0000, 0x00007f3f8f6b0000, 0x00007f3fa4cc0000)
  to   space 350272K,   0% used [0x00007f3fa4cc0000, 0x00007f3fa4cc0000, 0x00007f3fba2d0000)
 tenured generation   total 7005800K, used 4203478K [0x00007f4439b50000, 0x00007f45e54ea000, 0x00007f4ee4600000)
   the space 7005800K,  59% used [0x00007f4439b50000, 0x00007f453a445910, 0x00007f453a445a00, 0x00007f45e54ea000)
 Metaspace       used 23059K, capacity 23442K, committed 23552K, reserved 24576K
}
Event: 7.632 GC heap before
{Heap before GC invocations=5 (full 4):
 def new generation   total 3152640K, used 2802368K [0x00007f3ee4600000, 0x00007f3fba2d0000, 0x00007f4439b50000)
  eden space 2802368K, 100% used [0x00007f3ee4600000, 0x00007f3f8f6b0000, 0x00007f3f8f6b0000)
  from space 350272K,   0% used [0x00007f3f8f6b0000, 0x00007f3f8f6b0000, 0x00007f3fa4cc0000)
  to   space 350272K,   0% used [0x00007f3fa4cc0000, 0x00007f3fa4cc0000, 0x00007f3fba2d0000)
 tenured generation   total 7005800K, used 4203478K [0x00007f4439b50000, 0x00007f45e54ea000, 0x00007f4ee4600000)
   the space 7005800K,  59% used [0x00007f4439b50000, 0x00007f453a445910, 0x00007f453a445a00, 0x00007f45e54ea000)
 Metaspace       used 23116K, capacity 23514K, committed 23808K, reserved 24576K
}
Event: 7.675 GC heap after
{Heap after GC invocations=6 (full 4):
 def new generation   total 3152640K, used 68277K [0x00007f3ee4600000, 0x00007f3fba2d0000, 0x00007f4439b50000)
  eden space 2802368K,   0% used [0x00007f3ee4600000, 0x00007f3ee4600000, 0x00007f3f8f6b0000)
  from space 350272K,  19% used [0x00007f3fa4cc0000, 0x00007f3fa8f6d7e8, 0x00007f3fba2d0000)
  to   space 350272K,   0% used [0x00007f3f8f6b0000, 0x00007f3f8f6b0000, 0x00007f3fa4cc0000)
 tenured generation   total 7005800K, used 4203478K [0x00007f4439b50000, 0x00007f45e54ea000, 0x00007f4ee4600000)
   the space 7005800K,  59% used [0x00007f4439b50000, 0x00007f453a445910, 0x00007f453a445a00, 0x00007f45e54ea000)
 Metaspace       used 23116K, capacity 23514K, committed 23808K, reserved 24576K
}
Event: 8.889 GC heap before
{Heap before GC invocations=6 (full 4):
 def new generation   total 3152640K, used 2353006K [0x00007f3ee4600000, 0x00007f3fba2d0000, 0x00007f4439b50000)
  eden space 2802368K,  81% used [0x00007f3ee4600000, 0x00007f3f6fd2e2e0, 0x00007f3f8f6b0000)
  from space 350272K,  19% used [0x00007f3fa4cc0000, 0x00007f3fa8f6d7e8, 0x00007f3fba2d0000)
  to   space 350272K,   0% used [0x00007f3f8f6b0000, 0x00007f3f8f6b0000, 0x00007f3fa4cc0000)
 tenured generation   total 7005800K, used 4203478K [0x00007f4439b50000, 0x00007f45e54ea000, 0x00007f4ee4600000)
   the space 7005800K,  59% used [0x00007f4439b50000, 0x00007f453a445910, 0x00007f453a445a00, 0x00007f45e54ea000)
 Metaspace       used 23127K, capacity 23515K, committed 23808K, reserved 24576K
}
Event: 9.672 GC heap after
{Heap after GC invocations=7 (full 4):
 def new generation   total 3152640K, used 68450K [0x00007f3ee4600000, 0x00007f3fba2d0000, 0x00007f4439b50000)
  eden space 2802368K,   0% used [0x00007f3ee4600000, 0x00007f3ee4600000, 0x00007f3f8f6b0000)
  from space 350272K,  19% used [0x00007f3f8f6b0000, 0x00007f3f93988ab8, 0x00007f3fa4cc0000)
  to   space 350272K,   0% used [0x00007f3fa4cc0000, 0x00007f3fa4cc0000, 0x00007f3fba2d0000)
 tenured generation   total 7005800K, used 6300630K [0x00007f4439b50000, 0x00007f45e54ea000, 0x00007f4ee4600000)
   the space 7005800K,  89% used [0x00007f4439b50000, 0x00007f45ba445928, 0x00007f45ba445a00, 0x00007f45e54ea000)
 Metaspace       used 23127K, capacity 23515K, committed 23808K, reserved 24576K
}
Event: 9.916 GC heap before
{Heap before GC invocations=7 (full 4):
 def new generation   total 3152640K, used 2220369K [0x00007f3ee4600000, 0x00007f3fba2d0000, 0x00007f4439b50000)
  eden space 2802368K,  76% used [0x00007f3ee4600000, 0x00007f3f67b7ba38, 0x00007f3f8f6b0000)
  from space 350272K,  19% used [0x00007f3f8f6b0000, 0x00007f3f93988ab8, 0x00007f3fa4cc0000)
  to   space 350272K,   0% used [0x00007f3fa4cc0000, 0x00007f3fa4cc0000, 0x00007f3fba2d0000)
 tenured generation   total 7005800K, used 6300630K [0x00007f4439b50000, 0x00007f45e54ea000, 0x00007f4ee4600000)
   the space 7005800K,  89% used [0x00007f4439b50000, 0x00007f45ba445928, 0x00007f45ba445a00, 0x00007f45e54ea000)
 Metaspace       used 23127K, capacity 23515K, committed 23808K, reserved 24576K
}
Event: 10.719 GC heap after
{Heap after GC invocations=8 (full 4):
 def new generation   total 3152640K, used 68451K [0x00007f3ee4600000, 0x00007f3fba2d0000, 0x00007f4439b50000)
  eden space 2802368K,   0% used [0x00007f3ee4600000, 0x00007f3ee4600000, 0x00007f3f8f6b0000)
  from space 350272K,  19% used [0x00007f3fa4cc0000, 0x00007f3fa8f98ce8, 0x00007f3fba2d0000)
  to   space 350272K,   0% used [0x00007f3f8f6b0000, 0x00007f3f8f6b0000, 0x00007f3fa4cc0000)
 tenured generation   total 9102956K, used 8397782K [0x00007f4439b50000, 0x00007f46654eb000, 0x00007f4ee4600000)
   the space 9102956K,  92% used [0x00007f4439b50000, 0x00007f463a445940, 0x00007f463a445a00, 0x00007f46654eb000)
 Metaspace       used 23127K, capacity 23515K, committed 23808K, reserved 24576K
}
Event: 10.720 GC heap before
{Heap before GC invocations=8 (full 4):
 def new generation   total 3152640K, used 68451K [0x00007f3ee4600000, 0x00007f3fba2d0000, 0x00007f4439b50000)
  eden space 2802368K,   0% used [0x00007f3ee4600000, 0x00007f3ee4600000, 0x00007f3f8f6b0000)
  from space 350272K,  19% used [0x00007f3fa4cc0000, 0x00007f3fa8f98ce8, 0x00007f3fba2d0000)
  to   space 350272K,   0% used [0x00007f3f8f6b0000, 0x00007f3f8f6b0000, 0x00007f3fa4cc0000)
 tenured generation   total 9102956K, used 8397782K [0x00007f4439b50000, 0x00007f46654eb000, 0x00007f4ee4600000)
   the space 9102956K,  92% used [0x00007f4439b50000, 0x00007f463a445940, 0x00007f463a445a00, 0x00007f46654eb000)
 Metaspace       used 23127K, capacity 23515K, committed 23808K, reserved 24576K
}
Event: 11.102 GC heap after
{Heap after GC invocations=8 (full 5):
 def new generation   total 3153216K, used 0K [0x00007f3ee4600000, 0x00007f3fba370000, 0x00007f4439b50000)
  eden space 2802880K,   0% used [0x00007f3ee4600000, 0x00007f3ee4600000, 0x00007f3f8f730000)
  from space 350336K,   0% used [0x00007f3f8f730000, 0x00007f3f8f730000, 0x00007f3fa4d50000)
  to   space 350336K,   0% used [0x00007f3fa4d50000, 0x00007f3fa4d50000, 0x00007f3fba370000)
 tenured generation   total 7007024K, used 4204213K [0x00007f4439b50000, 0x00007f45e561c000, 0x00007f4ee4600000)
   the space 7007024K,  59% used [0x00007f4439b50000, 0x00007f453a4fd5a0, 0x00007f453a4fd600, 0x00007f45e561c000)
 Metaspace       used 23127K, capacity 23515K, committed 23808K, reserved 24576K
}
Event: 12.864 GC heap before
{Heap before GC invocations=8 (full 5):
 def new generation   total 3153216K, used 2802880K [0x00007f3ee4600000, 0x00007f3fba370000, 0x00007f4439b50000)
  eden space 2802880K, 100% used [0x00007f3ee4600000, 0x00007f3f8f730000, 0x00007f3f8f730000)
  from space 350336K,   0% used [0x00007f3f8f730000, 0x00007f3f8f730000, 0x00007f3fa4d50000)
  to   space 350336K,   0% used [0x00007f3fa4d50000, 0x00007f3fa4d50000, 0x00007f3fba370000)
 tenured generation   total 7007024K, used 4204213K [0x00007f4439b50000, 0x00007f45e561c000, 0x00007f4ee4600000)
   the space 7007024K,  59% used [0x00007f4439b50000, 0x00007f453a4fd5a0, 0x00007f453a4fd600, 0x00007f45e561c000)
 Metaspace       used 23140K, capacity 23519K, committed 23808K, reserved 24576K
}
Event: 12.881 GC heap after
{Heap after GC invocations=9 (full 5):
 def new generation   total 3153216K, used 68258K [0x00007f3ee4600000, 0x00007f3fba370000, 0x00007f4439b50000)
  eden space 2802880K,   0% used [0x00007f3ee4600000, 0x00007f3ee4600000, 0x00007f3f8f730000)
  from space 350336K,  19% used [0x00007f3fa4d50000, 0x00007f3fa8ff8808, 0x00007f3fba370000)
  to   space 350336K,   0% used [0x00007f3f8f730000, 0x00007f3f8f730000, 0x00007f3fa4d50000)
 tenured generation   total 7007024K, used 4204213K [0x00007f4439b50000, 0x00007f45e561c000, 0x00007f4ee4600000)
   the space 7007024K,  59% used [0x00007f4439b50000, 0x00007f453a4fd5a0, 0x00007f453a4fd600, 0x00007f45e561c000)
 Metaspace       used 23140K, capacity 23519K, committed 23808K, reserved 24576K
}
Event: 14.098 GC heap before
{Heap before GC invocations=9 (full 5):
 def new generation   total 3153216K, used 2551641K [0x00007f3ee4600000, 0x00007f3fba370000, 0x00007f4439b50000)
  eden space 2802880K,  88% used [0x00007f3ee4600000, 0x00007f3f7bf2dce8, 0x00007f3f8f730000)
  from space 350336K,  19% used [0x00007f3fa4d50000, 0x00007f3fa8ff8808, 0x00007f3fba370000)
  to   space 350336K,   0% used [0x00007f3f8f730000, 0x00007f3f8f730000, 0x00007f3fa4d50000)
 tenured generation   total 7007024K, used 4204213K [0x00007f4439b50000, 0x00007f45e561c000, 0x00007f4ee4600000)
   the space 7007024K,  59% used [0x00007f4439b50000, 0x00007f453a4fd5a0, 0x00007f453a4fd600, 0x00007f45e561c000)
 Metaspace       used 23142K, capacity 23519K, committed 23808K, reserved 24576K
}
Event: 14.260 GC heap after
{Heap after GC invocations=10 (full 5):
 def new generation   total 3153216K, used 68664K [0x00007f3ee4600000, 0x00007f3fba370000, 0x00007f4439b50000)
  eden space 2802880K,   0% used [0x00007f3ee4600000, 0x00007f3ee4600000, 0x00007f3f8f730000)
  from space 350336K,  19% used [0x00007f3f8f730000, 0x00007f3f93a3e030, 0x00007f3fa4d50000)
  to   space 350336K,   0% used [0x00007f3fa4d50000, 0x00007f3fa4d50000, 0x00007f3fba370000)
 tenured generation   total 7007024K, used 6301365K [0x00007f4439b50000, 0x00007f45e561c000, 0x00007f4ee4600000)
   the space 7007024K,  89% used [0x00007f4439b50000, 0x00007f45ba4fd5b8, 0x00007f45ba4fd600, 0x00007f45e561c000)
 Metaspace       used 23142K, capacity 23519K, committed 23808K, reserved 24576K
}
Event: 14.504 GC heap before
{Heap before GC invocations=10 (full 5):
 def new generation   total 3153216K, used 2221070K [0x00007f3ee4600000, 0x00007f3fba370000, 0x00007f4439b50000)
  eden space 2802880K,  76% used [0x00007f3ee4600000, 0x00007f3f67bf5ab8, 0x00007f3f8f730000)
  from space 350336K,  19% used [0x00007f3f8f730000, 0x00007f3f93a3e030, 0x00007f3fa4d50000)
  to   space 350336K,   0% used [0x00007f3fa4d50000, 0x00007f3fa4d50000, 0x00007f3fba370000)
 tenured generation   total 7007024K, used 6301365K [0x00007f4439b50000, 0x00007f45e561c000, 0x00007f4ee4600000)
   the space 7007024K,  89% used [0x00007f4439b50000, 0x00007f45ba4fd5b8, 0x00007f45ba4fd600, 0x00007f45e561c000)
 Metaspace       used 23142K, capacity 23519K, committed 23808K, reserved 24576K
}

