# JRE version: OpenJDK Runtime Environment (13.0.7+5) (build 13.0.7+5-Ubuntu-0ubuntu120.04)
# Java VM: OpenJDK 64-Bit Server VM (13.0.7+5-Ubuntu-0ubuntu120.04, mixed mode, tiered, serial gc, linux-amd64)
Heap:
 def new generation   total 1486144K, used 58550K [0x00007eecf0600000, 0x00007eed55290000, 0x00007ef79b0a0000)
  eden space 1321024K,   4% used [0x00007eecf0600000, 0x00007eecf3f2da70, 0x00007eed41010000)
  from space 165120K,   0% used [0x00007eed41010000, 0x00007eed41010000, 0x00007eed4b150000)
  to   space 165120K,   0% used [0x00007eed4b150000, 0x00007eed4b150000, 0x00007eed55290000)
 tenured generation   total 3318892K, used 3318699K [0x00007ef79b0a0000, 0x00007ef8659bb000, 0x00007f0cf0600000)
   the space 3318892K,  99% used [0x00007ef79b0a0000, 0x00007ef86598adc0, 0x00007ef86598ae00, 0x00007ef8659bb000)
 Metaspace       used 24269K, capacity 24645K, committed 24832K, reserved 26624K
GC Heap History (20 events):
Event: 1256.599 GC heap after
{Heap after GC invocations=1278 (full 5):
 def new generation   total 1486144K, used 83755K [0x00007eecf0600000, 0x00007eed55290000, 0x00007ef79b0a0000)
  eden space 1321024K,   0% used [0x00007eecf0600000, 0x00007eecf0600000, 0x00007eed41010000)
  from space 165120K,  50% used [0x00007eed4b150000, 0x00007eed5031afe0, 0x00007eed55290000)
  to   space 165120K,   0% used [0x00007eed41010000, 0x00007eed41010000, 0x00007eed4b150000)
 tenured generation   total 3302504K, used 3241095K [0x00007ef79b0a0000, 0x00007ef8649ba000, 0x00007f0cf0600000)
   the space 3302504K,  98% used [0x00007ef79b0a0000, 0x00007ef860dc1ef0, 0x00007ef860dc2000, 0x00007ef8649ba000)
 Metaspace       used 24269K, capacity 24645K, committed 24832K, reserved 26624K
}
Event: 1257.857 GC heap before
{Heap before GC invocations=1278 (full 5):
 def new generation   total 1486144K, used 1393186K [0x00007eecf0600000, 0x00007eed55290000, 0x00007ef79b0a0000)
  eden space 1321024K,  99% used [0x00007eecf0600000, 0x00007eed404bd960, 0x00007eed41010000)
  from space 165120K,  50% used [0x00007eed4b150000, 0x00007eed5031afe0, 0x00007eed55290000)
  to   space 165120K,   0% used [0x00007eed41010000, 0x00007eed41010000, 0x00007eed4b150000)
 tenured generation   total 3302504K, used 3241095K [0x00007ef79b0a0000, 0x00007ef8649ba000, 0x00007f0cf0600000)
   the space 3302504K,  98% used [0x00007ef79b0a0000, 0x00007ef860dc1ef0, 0x00007ef860dc2000, 0x00007ef8649ba000)
 Metaspace       used 24269K, capacity 24645K, committed 24832K, reserved 26624K
}
Event: 1257.925 GC heap after
{Heap after GC invocations=1279 (full 5):
 def new generation   total 1486144K, used 50882K [0x00007eecf0600000, 0x00007eed55290000, 0x00007ef79b0a0000)
  eden space 1321024K,   0% used [0x00007eecf0600000, 0x00007eecf0600000, 0x00007eed41010000)
  from space 165120K,  30% used [0x00007eed41010000, 0x00007eed441c0a08, 0x00007eed4b150000)
  to   space 165120K,   0% used [0x00007eed4b150000, 0x00007eed4b150000, 0x00007eed55290000)
 tenured generation   total 3302504K, used 3258054K [0x00007ef79b0a0000, 0x00007ef8649ba000, 0x00007f0cf0600000)
   the space 3302504K,  98% used [0x00007ef79b0a0000, 0x00007ef861e519d8, 0x00007ef861e51a00, 0x00007ef8649ba000)
 Metaspace       used 24269K, capacity 24645K, committed 24832K, reserved 26624K
}
Event: 1259.652 GC heap before
{Heap before GC invocations=1279 (full 5):
 def new generation   total 1486144K, used 1364349K [0x00007eecf0600000, 0x00007eed55290000, 0x00007ef79b0a0000)
  eden space 1321024K,  99% used [0x00007eecf0600000, 0x00007eed408aea78, 0x00007eed41010000)
  from space 165120K,  30% used [0x00007eed41010000, 0x00007eed441c0a08, 0x00007eed4b150000)
  to   space 165120K,   0% used [0x00007eed4b150000, 0x00007eed4b150000, 0x00007eed55290000)
 tenured generation   total 3302504K, used 3258054K [0x00007ef79b0a0000, 0x00007ef8649ba000, 0x00007f0cf0600000)
   the space 3302504K,  98% used [0x00007ef79b0a0000, 0x00007ef861e519d8, 0x00007ef861e51a00, 0x00007ef8649ba000)
 Metaspace       used 24269K, capacity 24645K, committed 24832K, reserved 26624K
}
Event: 1259.714 GC heap after
{Heap after GC invocations=1280 (full 5):
 def new generation   total 1486144K, used 94013K [0x00007eecf0600000, 0x00007eed55290000, 0x00007ef79b0a0000)
  eden space 1321024K,   0% used [0x00007eecf0600000, 0x00007eecf0600000, 0x00007eed41010000)
  from space 165120K,  56% used [0x00007eed4b150000, 0x00007eed50d1f4d8, 0x00007eed55290000)
  to   space 165120K,   0% used [0x00007eed41010000, 0x00007eed41010000, 0x00007eed4b150000)
 tenured generation   total 3302504K, used 3258054K [0x00007ef79b0a0000, 0x00007ef8649ba000, 0x00007f0cf0600000)
   the space 3302504K,  98% used [0x00007ef79b0a0000, 0x00007ef861e519d8, 0x00007ef861e51a00, 0x00007ef8649ba000)
 Metaspace       used 24269K, capacity 24645K, committed 24832K, reserved 26624K
}
Event: 1261.228 GC heap before
{Heap before GC invocations=1280 (full 5):
 def new generation   total 1486144K, used 1410539K [0x00007eecf0600000, 0x00007eed55290000, 0x00007ef79b0a0000)
  eden space 1321024K,  99% used [0x00007eecf0600000, 0x00007eed40bab9a0, 0x00007eed41010000)
  from space 165120K,  56% used [0x00007eed4b150000, 0x00007eed50d1f4d8, 0x00007eed55290000)
  to   space 165120K,   0% used [0x00007eed41010000, 0x00007eed41010000, 0x00007eed4b150000)
 tenured generation   total 3302504K, used 3258054K [0x00007ef79b0a0000, 0x00007ef8649ba000, 0x00007f0cf0600000)
   the space 3302504K,  98% used [0x00007ef79b0a0000, 0x00007ef861e519d8, 0x00007ef861e51a00, 0x00007ef8649ba000)
 Metaspace       used 24269K, capacity 24645K, committed 24832K, reserved 26624K
}
Event: 1261.309 GC heap after
{Heap after GC invocations=1281 (full 5):
 def new generation   total 1486144K, used 67309K [0x00007eecf0600000, 0x00007eed55290000, 0x00007ef79b0a0000)
  eden space 1321024K,   0% used [0x00007eecf0600000, 0x00007eecf0600000, 0x00007eed41010000)
  from space 165120K,  40% used [0x00007eed41010000, 0x00007eed451cb658, 0x00007eed4b150000)
  to   space 165120K,   0% used [0x00007eed4b150000, 0x00007eed4b150000, 0x00007eed55290000)
 tenured generation   total 3302504K, used 3275013K [0x00007ef79b0a0000, 0x00007ef8649ba000, 0x00007f0cf0600000)
   the space 3302504K,  99% used [0x00007ef79b0a0000, 0x00007ef862ee14c0, 0x00007ef862ee1600, 0x00007ef8649ba000)
 Metaspace       used 24269K, capacity 24645K, committed 24832K, reserved 26624K
}
Event: 1262.610 GC heap before
{Heap before GC invocations=1281 (full 5):
 def new generation   total 1486144K, used 1387484K [0x00007eecf0600000, 0x00007eed55290000, 0x00007ef79b0a0000)
  eden space 1321024K,  99% used [0x00007eecf0600000, 0x00007eed40f3ba20, 0x00007eed41010000)
  from space 165120K,  40% used [0x00007eed41010000, 0x00007eed451cb658, 0x00007eed4b150000)
  to   space 165120K,   0% used [0x00007eed4b150000, 0x00007eed4b150000, 0x00007eed55290000)
 tenured generation   total 3302504K, used 3275013K [0x00007ef79b0a0000, 0x00007ef8649ba000, 0x00007f0cf0600000)
   the space 3302504K,  99% used [0x00007ef79b0a0000, 0x00007ef862ee14c0, 0x00007ef862ee1600, 0x00007ef8649ba000)
 Metaspace       used 24269K, capacity 24645K, committed 24832K, reserved 26624K
}
Event: 1262.665 GC heap after
{Heap after GC invocations=1282 (full 5):
 def new generation   total 1486144K, used 70460K [0x00007eecf0600000, 0x00007eed55290000, 0x00007ef79b0a0000)
  eden space 1321024K,   0% used [0x00007eecf0600000, 0x00007eecf0600000, 0x00007eed41010000)
  from space 165120K,  42% used [0x00007eed4b150000, 0x00007eed4f61f118, 0x00007eed55290000)
  to   space 165120K,   0% used [0x00007eed41010000, 0x00007eed41010000, 0x00007eed4b150000)
 tenured generation   total 3302504K, used 3275013K [0x00007ef79b0a0000, 0x00007ef8649ba000, 0x00007f0cf0600000)
   the space 3302504K,  99% used [0x00007ef79b0a0000, 0x00007ef862ee14c0, 0x00007ef862ee1600, 0x00007ef8649ba000)
 Metaspace       used 24269K, capacity 24645K, committed 24832K, reserved 26624K
}
Event: 1264.571 GC heap before
{Heap before GC invocations=1282 (full 5):
 def new generation   total 1486144K, used 1378036K [0x00007eecf0600000, 0x00007eed55290000, 0x00007ef79b0a0000)
  eden space 1321024K,  98% used [0x00007eecf0600000, 0x00007eed402ee148, 0x00007eed41010000)
  from space 165120K,  42% used [0x00007eed4b150000, 0x00007eed4f61f118, 0x00007eed55290000)
  to   space 165120K,   0% used [0x00007eed41010000, 0x00007eed41010000, 0x00007eed4b150000)
 tenured generation   total 3302504K, used 3275013K [0x00007ef79b0a0000, 0x00007ef8649ba000, 0x00007f0cf0600000)
   the space 3302504K,  99% used [0x00007ef79b0a0000, 0x00007ef862ee14c0, 0x00007ef862ee1600, 0x00007ef8649ba000)
 Metaspace       used 24269K, capacity 24645K, committed 24832K, reserved 26624K
}
Event: 1264.629 GC heap after
{Heap after GC invocations=1283 (full 5):
 def new generation   total 1486144K, used 78113K [0x00007eecf0600000, 0x00007eed55290000, 0x00007ef79b0a0000)
  eden space 1321024K,   0% used [0x00007eecf0600000, 0x00007eecf0600000, 0x00007eed41010000)
  from space 165120K,  47% used [0x00007eed41010000, 0x00007eed45c584a0, 0x00007eed4b150000)
  to   space 165120K,   0% used [0x00007eed4b150000, 0x00007eed4b150000, 0x00007eed55290000)
 tenured generation   total 3302504K, used 3275013K [0x00007ef79b0a0000, 0x00007ef8649ba000, 0x00007f0cf0600000)
   the space 3302504K,  99% used [0x00007ef79b0a0000, 0x00007ef862ee14c0, 0x00007ef862ee1600, 0x00007ef8649ba000)
 Metaspace       used 24269K, capacity 24645K, committed 24832K, reserved 26624K
}
Event: 1266.219 GC heap before
{Heap before GC invocations=1283 (full 5):
 def new generation   total 1486144K, used 1399137K [0x00007eecf0600000, 0x00007eed55290000, 0x00007ef79b0a0000)
  eden space 1321024K, 100% used [0x00007eecf0600000, 0x00007eed41010000, 0x00007eed41010000)
  from space 165120K,  47% used [0x00007eed41010000, 0x00007eed45c584a0, 0x00007eed4b150000)
  to   space 165120K,   0% used [0x00007eed4b150000, 0x00007eed4b150000, 0x00007eed55290000)
 tenured generation   total 3302504K, used 3275013K [0x00007ef79b0a0000, 0x00007ef8649ba000, 0x00007f0cf0600000)
   the space 3302504K,  99% used [0x00007ef79b0a0000, 0x00007ef862ee14c0, 0x00007ef862ee1600, 0x00007ef8649ba000)
 Metaspace       used 24269K, capacity 24645K, committed 24832K, reserved 26624K
}
Event: 1266.287 GC heap after
{Heap after GC invocations=1284 (full 5):
 def new generation   total 1486144K, used 84777K [0x00007eecf0600000, 0x00007eed55290000, 0x00007ef79b0a0000)
  eden space 1321024K,   0% used [0x00007eecf0600000, 0x00007eecf0600000, 0x00007eed41010000)
  from space 165120K,  51% used [0x00007eed4b150000, 0x00007eed5041a4a0, 0x00007eed55290000)
  to   space 165120K,   0% used [0x00007eed41010000, 0x00007eed41010000, 0x00007eed4b150000)
 tenured generation   total 3302504K, used 3275013K [0x00007ef79b0a0000, 0x00007ef8649ba000, 0x00007f0cf0600000)
   the space 3302504K,  99% used [0x00007ef79b0a0000, 0x00007ef862ee14c0, 0x00007ef862ee1600, 0x00007ef8649ba000)
 Metaspace       used 24269K, capacity 24645K, committed 24832K, reserved 26624K
}
Event: 1267.516 GC heap before
{Heap before GC invocations=1284 (full 5):
 def new generation   total 1486144K, used 1402387K [0x00007eecf0600000, 0x00007eed55290000, 0x00007ef79b0a0000)
  eden space 1321024K,  99% used [0x00007eecf0600000, 0x00007eed40cba9d8, 0x00007eed41010000)
  from space 165120K,  51% used [0x00007eed4b150000, 0x00007eed5041a4a0, 0x00007eed55290000)
  to   space 165120K,   0% used [0x00007eed41010000, 0x00007eed41010000, 0x00007eed4b150000)
 tenured generation   total 3302504K, used 3275013K [0x00007ef79b0a0000, 0x00007ef8649ba000, 0x00007f0cf0600000)
   the space 3302504K,  99% used [0x00007ef79b0a0000, 0x00007ef862ee14c0, 0x00007ef862ee1600, 0x00007ef8649ba000)
 Metaspace       used 24269K, capacity 24645K, committed 24832K, reserved 26624K
}
Event: 1267.591 GC heap after
{Heap after GC invocations=1285 (full 5):
 def new generation   total 1486144K, used 69891K [0x00007eecf0600000, 0x00007eed55290000, 0x00007ef79b0a0000)
  eden space 1321024K,   0% used [0x00007eecf0600000, 0x00007eecf0600000, 0x00007eed41010000)
  from space 165120K,  42% used [0x00007eed41010000, 0x00007eed45450e00, 0x00007eed4b150000)
  to   space 165120K,   0% used [0x00007eed4b150000, 0x00007eed4b150000, 0x00007eed55290000)
 tenured generation   total 3302504K, used 3291971K [0x00007ef79b0a0000, 0x00007ef8649ba000, 0x00007f0cf0600000)
   the space 3302504K,  99% used [0x00007ef79b0a0000, 0x00007ef863f70fa8, 0x00007ef863f71000, 0x00007ef8649ba000)
 Metaspace       used 24269K, capacity 24645K, committed 24832K, reserved 26624K
}
Event: 1269.367 GC heap before
{Heap before GC invocations=1285 (full 5):
 def new generation   total 1486144K, used 1384042K [0x00007eecf0600000, 0x00007eed55290000, 0x00007ef79b0a0000)
  eden space 1321024K,  99% used [0x00007eecf0600000, 0x00007eed40959c10, 0x00007eed41010000)
  from space 165120K,  42% used [0x00007eed41010000, 0x00007eed45450e00, 0x00007eed4b150000)
  to   space 165120K,   0% used [0x00007eed4b150000, 0x00007eed4b150000, 0x00007eed55290000)
 tenured generation   total 3302504K, used 3291971K [0x00007ef79b0a0000, 0x00007ef8649ba000, 0x00007f0cf0600000)
   the space 3302504K,  99% used [0x00007ef79b0a0000, 0x00007ef863f70fa8, 0x00007ef863f71000, 0x00007ef8649ba000)
 Metaspace       used 24269K, capacity 24645K, committed 24832K, reserved 26624K
}
Event: 1269.434 GC heap after
{Heap after GC invocations=1286 (full 5):
 def new generation   total 1486144K, used 95059K [0x00007eecf0600000, 0x00007eed55290000, 0x00007ef79b0a0000)
  eden space 1321024K,   0% used [0x00007eecf0600000, 0x00007eecf0600000, 0x00007eed41010000)
  from space 165120K,  57% used [0x00007eed4b150000, 0x00007eed50e24fb8, 0x00007eed55290000)
  to   space 165120K,   0% used [0x00007eed41010000, 0x00007eed41010000, 0x00007eed4b150000)
 tenured generation   total 3302504K, used 3291971K [0x00007ef79b0a0000, 0x00007ef8649ba000, 0x00007f0cf0600000)
   the space 3302504K,  99% used [0x00007ef79b0a0000, 0x00007ef863f70fa8, 0x00007ef863f71000, 0x00007ef8649ba000)
 Metaspace       used 24269K, capacity 24645K, committed 24832K, reserved 26624K
}
Event: 1271.006 GC heap before
{Heap before GC invocations=1286 (full 5):
 def new generation   total 1486144K, used 1416083K [0x00007eecf0600000, 0x00007eed55290000, 0x00007ef79b0a0000)
  eden space 1321024K, 100% used [0x00007eecf0600000, 0x00007eed41010000, 0x00007eed41010000)
  from space 165120K,  57% used [0x00007eed4b150000, 0x00007eed50e24fb8, 0x00007eed55290000)
  to   space 165120K,   0% used [0x00007eed41010000, 0x00007eed41010000, 0x00007eed4b150000)
 tenured generation   total 3302504K, used 3291971K [0x00007ef79b0a0000, 0x00007ef8649ba000, 0x00007f0cf0600000)
   the space 3302504K,  99% used [0x00007ef79b0a0000, 0x00007ef863f70fa8, 0x00007ef863f71000, 0x00007ef8649ba000)
 Metaspace       used 24269K, capacity 24645K, committed 24832K, reserved 26624K
}
Event: 1271.091 GC heap after
{Heap after GC invocations=1287 (full 5):
 def new generation   total 1486144K, used 68319K [0x00007eecf0600000, 0x00007eed55290000, 0x00007ef79b0a0000)
  eden space 1321024K,   0% used [0x00007eecf0600000, 0x00007eecf0600000, 0x00007eed41010000)
  from space 165120K,  41% used [0x00007eed41010000, 0x00007eed452c7da0, 0x00007eed4b150000)
  to   space 165120K,   0% used [0x00007eed4b150000, 0x00007eed4b150000, 0x00007eed55290000)
 tenured generation   total 3318892K, used 3308930K [0x00007ef79b0a0000, 0x00007ef8659bb000, 0x00007f0cf0600000)
   the space 3318892K,  99% used [0x00007ef79b0a0000, 0x00007ef865000a90, 0x00007ef865000c00, 0x00007ef8659bb000)
 Metaspace       used 24269K, capacity 24645K, committed 24832K, reserved 26624K
}
Event: 1271.091 GC heap before
{Heap before GC invocations=1287 (full 5):
 def new generation   total 1486144K, used 68319K [0x00007eecf0600000, 0x00007eed55290000, 0x00007ef79b0a0000)
  eden space 1321024K,   0% used [0x00007eecf0600000, 0x00007eecf0600000, 0x00007eed41010000)
  from space 165120K,  41% used [0x00007eed41010000, 0x00007eed452c7da0, 0x00007eed4b150000)
  to   space 165120K,   0% used [0x00007eed4b150000, 0x00007eed4b150000, 0x00007eed55290000)
 tenured generation   total 3318892K, used 3308930K [0x00007ef79b0a0000, 0x00007ef8659bb000, 0x00007f0cf0600000)
   the space 3318892K,  99% used [0x00007ef79b0a0000, 0x00007ef865000a90, 0x00007ef865000c00, 0x00007ef8659bb000)
 Metaspace       used 24269K, capacity 24645K, committed 24832K, reserved 26624K
}

