# JRE version: OpenJDK Runtime Environment (13.0.7+5) (build 13.0.7+5-Ubuntu-0ubuntu120.04)
# Java VM: OpenJDK 64-Bit Server VM (13.0.7+5-Ubuntu-0ubuntu120.04, mixed mode, tiered, serial gc, linux-amd64)
Heap:
 def new generation   total 11631488K, used 9641462K [0x00007f1668600000, 0x00007f197d2f0000, 0x00007f1bbdb50000)
  eden space 10339136K,  93% used [0x00007f1668600000, 0x00007f18b4d7d8b8, 0x00007f18df6d0000)
  from space 1292352K,   0% used [0x00007f192e4e0000, 0x00007f192e4e02d0, 0x00007f197d2f0000)
  to   space 1292352K,  82% used [0x00007f18df6d0000, 0x00007f19208fc538, 0x00007f192e4e0000)
 tenured generation   total 27944764K, used 27032817K [0x00007f1bbdb50000, 0x00007f226751f000, 0x00007f2668600000)
   the space 27944764K,  96% used [0x00007f1bbdb50000, 0x00007f222fa8c418, 0x00007f222fa8c600, 0x00007f226751f000)
 Metaspace       used 24694K, capacity 25140K, committed 25344K, reserved 26624K
GC Heap History (20 events):
Event: 87698.837 GC heap after
{Heap after GC invocations=58877 (full 7):
 def new generation   total 11631488K, used 4215K [0x00007f1668600000, 0x00007f197d2f0000, 0x00007f1bbdb50000)
  eden space 10339136K,   0% used [0x00007f1668600000, 0x00007f1668600000, 0x00007f18df6d0000)
  from space 1292352K,   0% used [0x00007f18df6d0000, 0x00007f18dfaedf10, 0x00007f192e4e0000)
  to   space 1292352K,   0% used [0x00007f192e4e0000, 0x00007f192e4e0000, 0x00007f197d2f0000)
 tenured generation   total 25847608K, used 20774140K [0x00007f1bbdb50000, 0x00007f21e751e000, 0x00007f2668600000)
   the space 25847608K,  80% used [0x00007f1bbdb50000, 0x00007f20b1a8f008, 0x00007f20b1a8f200, 0x00007f21e751e000)
 Metaspace       used 24681K, capacity 25138K, committed 25344K, reserved 26624K
}
Event: 87710.566 GC heap before
{Heap before GC invocations=58877 (full 7):
 def new generation   total 11631488K, used 8597027K [0x00007f1668600000, 0x00007f197d2f0000, 0x00007f1bbdb50000)
  eden space 10339136K,  83% used [0x00007f1668600000, 0x00007f1874d6aff0, 0x00007f18df6d0000)
  from space 1292352K,   0% used [0x00007f18df6d0000, 0x00007f18dfaedf10, 0x00007f192e4e0000)
  to   space 1292352K,   0% used [0x00007f192e4e0000, 0x00007f192e4e0000, 0x00007f197d2f0000)
 tenured generation   total 25847608K, used 20774140K [0x00007f1bbdb50000, 0x00007f21e751e000, 0x00007f2668600000)
   the space 25847608K,  80% used [0x00007f1bbdb50000, 0x00007f20b1a8f008, 0x00007f20b1a8f200, 0x00007f21e751e000)
 Metaspace       used 24681K, capacity 25138K, committed 25344K, reserved 26624K
}
Event: 87715.653 GC heap after
{Heap after GC invocations=58878 (full 7):
 def new generation   total 11631488K, used 110K [0x00007f1668600000, 0x00007f197d2f0000, 0x00007f1bbdb50000)
  eden space 10339136K,   0% used [0x00007f1668600000, 0x00007f1668600000, 0x00007f18df6d0000)
  from space 1292352K,   0% used [0x00007f192e4e0000, 0x00007f192e4fbbe0, 0x00007f197d2f0000)
  to   space 1292352K,   0% used [0x00007f18df6d0000, 0x00007f18df6d0000, 0x00007f192e4e0000)
 tenured generation   total 25847608K, used 24968444K [0x00007f1bbdb50000, 0x00007f21e751e000, 0x00007f2668600000)
   the space 25847608K,  96% used [0x00007f1bbdb50000, 0x00007f21b1a8f020, 0x00007f21b1a8f200, 0x00007f21e751e000)
 Metaspace       used 24681K, capacity 25138K, committed 25344K, reserved 26624K
}
Event: 87732.008 GC heap before
{Heap before GC invocations=58878 (full 7):
 def new generation   total 11631488K, used 9641666K [0x00007f1668600000, 0x00007f197d2f0000, 0x00007f1bbdb50000)
  eden space 10339136K,  93% used [0x00007f1668600000, 0x00007f18b4d94d40, 0x00007f18df6d0000)
  from space 1292352K,   0% used [0x00007f192e4e0000, 0x00007f192e4fbbe0, 0x00007f197d2f0000)
  to   space 1292352K,   0% used [0x00007f18df6d0000, 0x00007f18df6d0000, 0x00007f192e4e0000)
 tenured generation   total 25847608K, used 24968444K [0x00007f1bbdb50000, 0x00007f21e751e000, 0x00007f2668600000)
   the space 25847608K,  96% used [0x00007f1bbdb50000, 0x00007f21b1a8f020, 0x00007f21b1a8f200, 0x00007f21e751e000)
 Metaspace       used 24683K, capacity 25138K, committed 25344K, reserved 26624K
}
Event: 87734.885 GC heap after
{Heap after GC invocations=58879 (full 7):
 def new generation   total 11631488K, used 116K [0x00007f1668600000, 0x00007f197d2f0000, 0x00007f1bbdb50000)
  eden space 10339136K,   0% used [0x00007f1668600000, 0x00007f1668600000, 0x00007f18df6d0000)
  from space 1292352K,   0% used [0x00007f18df6d0000, 0x00007f18df6ed2c0, 0x00007f192e4e0000)
  to   space 1292352K,   0% used [0x00007f192e4e0000, 0x00007f192e4e0000, 0x00007f197d2f0000)
 tenured generation   total 27944764K, used 27065596K [0x00007f1bbdb50000, 0x00007f226751f000, 0x00007f2668600000)
   the space 27944764K,  96% used [0x00007f1bbdb50000, 0x00007f2231a8f038, 0x00007f2231a8f200, 0x00007f226751f000)
 Metaspace       used 24683K, capacity 25138K, committed 25344K, reserved 26624K
}
Event: 87734.885 GC heap before
{Heap before GC invocations=58879 (full 7):
 def new generation   total 11631488K, used 116K [0x00007f1668600000, 0x00007f197d2f0000, 0x00007f1bbdb50000)
  eden space 10339136K,   0% used [0x00007f1668600000, 0x00007f1668600000, 0x00007f18df6d0000)
  from space 1292352K,   0% used [0x00007f18df6d0000, 0x00007f18df6ed2c0, 0x00007f192e4e0000)
  to   space 1292352K,   0% used [0x00007f192e4e0000, 0x00007f192e4e0000, 0x00007f197d2f0000)
 tenured generation   total 27944764K, used 27065596K [0x00007f1bbdb50000, 0x00007f226751f000, 0x00007f2668600000)
   the space 27944764K,  96% used [0x00007f1bbdb50000, 0x00007f2231a8f038, 0x00007f2231a8f200, 0x00007f226751f000)
 Metaspace       used 24683K, capacity 25138K, committed 25344K, reserved 26624K
}
Event: 87758.453 GC heap after
{Heap after GC invocations=58879 (full 8):
 def new generation   total 11631488K, used 0K [0x00007f1668600000, 0x00007f197d2f0000, 0x00007f1bbdb50000)
  eden space 10339136K,   0% used [0x00007f1668600000, 0x00007f1668600000, 0x00007f18df6d0000)
  from space 1292352K,   0% used [0x00007f18df6d0000, 0x00007f18df6d0000, 0x00007f192e4e0000)
  to   space 1292352K,   0% used [0x00007f192e4e0000, 0x00007f192e4e0000, 0x00007f197d2f0000)
 tenured generation   total 25847608K, used 13378450K [0x00007f1bbdb50000, 0x00007f21e751e000, 0x00007f2668600000)
   the space 25847608K,  51% used [0x00007f1bbdb50000, 0x00007f1eee434a90, 0x00007f1eee434c00, 0x00007f21e751e000)
 Metaspace       used 24683K, capacity 25138K, committed 25344K, reserved 26624K
}
Event: 87773.889 GC heap before
{Heap before GC invocations=58879 (full 8):
 def new generation   total 11631488K, used 9640865K [0x00007f1668600000, 0x00007f197d2f0000, 0x00007f1bbdb50000)
  eden space 10339136K,  93% used [0x00007f1668600000, 0x00007f18b4ce8528, 0x00007f18df6d0000)
  from space 1292352K,   0% used [0x00007f18df6d0000, 0x00007f18df6d0000, 0x00007f192e4e0000)
  to   space 1292352K,   0% used [0x00007f192e4e0000, 0x00007f192e4e0000, 0x00007f197d2f0000)
 tenured generation   total 25847608K, used 13378450K [0x00007f1bbdb50000, 0x00007f21e751e000, 0x00007f2668600000)
   the space 25847608K,  51% used [0x00007f1bbdb50000, 0x00007f1eee434a90, 0x00007f1eee434c00, 0x00007f21e751e000)
 Metaspace       used 24683K, capacity 25138K, committed 25344K, reserved 26624K
}
Event: 87780.267 GC heap after
{Heap after GC invocations=58880 (full 8):
 def new generation   total 11631488K, used 1075488K [0x00007f1668600000, 0x00007f197d2f0000, 0x00007f1bbdb50000)
  eden space 10339136K,   0% used [0x00007f1668600000, 0x00007f1668600000, 0x00007f18df6d0000)
  from space 1292352K,  83% used [0x00007f192e4e0000, 0x00007f196ff282b8, 0x00007f197d2f0000)
  to   space 1292352K,   0% used [0x00007f18df6d0000, 0x00007f18df6d0000, 0x00007f192e4e0000)
 tenured generation   total 25847608K, used 19669906K [0x00007f1bbdb50000, 0x00007f21e751e000, 0x00007f2668600000)
   the space 25847608K,  76% used [0x00007f1bbdb50000, 0x00007f206e434ac0, 0x00007f206e434c00, 0x00007f21e751e000)
 Metaspace       used 24683K, capacity 25138K, committed 25344K, reserved 26624K
}
Event: 87792.267 GC heap before
{Heap before GC invocations=58880 (full 8):
 def new generation   total 11631488K, used 9668185K [0x00007f1668600000, 0x00007f197d2f0000, 0x00007f1bbdb50000)
  eden space 10339136K,  83% used [0x00007f1668600000, 0x00007f1874d4e4e8, 0x00007f18df6d0000)
  from space 1292352K,  83% used [0x00007f192e4e0000, 0x00007f196ff282b8, 0x00007f197d2f0000)
  to   space 1292352K,   0% used [0x00007f18df6d0000, 0x00007f18df6d0000, 0x00007f192e4e0000)
 tenured generation   total 25847608K, used 19669906K [0x00007f1bbdb50000, 0x00007f21e751e000, 0x00007f2668600000)
   the space 25847608K,  76% used [0x00007f1bbdb50000, 0x00007f206e434ac0, 0x00007f206e434c00, 0x00007f21e751e000)
 Metaspace       used 24683K, capacity 25138K, committed 25344K, reserved 26624K
}
Event: 87796.804 GC heap after
{Heap after GC invocations=58881 (full 8):
 def new generation   total 11631488K, used 0K [0x00007f1668600000, 0x00007f197d2f0000, 0x00007f1bbdb50000)
  eden space 10339136K,   0% used [0x00007f1668600000, 0x00007f1668600000, 0x00007f18df6d0000)
  from space 1292352K,   0% used [0x00007f18df6d0000, 0x00007f18df6d02d0, 0x00007f192e4e0000)
  to   space 1292352K,   0% used [0x00007f192e4e0000, 0x00007f192e4e0000, 0x00007f197d2f0000)
 tenured generation   total 25847608K, used 24935593K [0x00007f1bbdb50000, 0x00007f21e751e000, 0x00007f2668600000)
   the space 25847608K,  96% used [0x00007f1bbdb50000, 0x00007f21afa7a790, 0x00007f21afa7a800, 0x00007f21e751e000)
 Metaspace       used 24683K, capacity 25138K, committed 25344K, reserved 26624K
}
Event: 87813.526 GC heap before
{Heap before GC invocations=58881 (full 8):
 def new generation   total 11631488K, used 9641482K [0x00007f1668600000, 0x00007f197d2f0000, 0x00007f1bbdb50000)
  eden space 10339136K,  93% used [0x00007f1668600000, 0x00007f18b4d826c8, 0x00007f18df6d0000)
  from space 1292352K,   0% used [0x00007f18df6d0000, 0x00007f18df6d02d0, 0x00007f192e4e0000)
  to   space 1292352K,   0% used [0x00007f192e4e0000, 0x00007f192e4e0000, 0x00007f197d2f0000)
 tenured generation   total 25847608K, used 24935593K [0x00007f1bbdb50000, 0x00007f21e751e000, 0x00007f2668600000)
   the space 25847608K,  96% used [0x00007f1bbdb50000, 0x00007f21afa7a790, 0x00007f21afa7a800, 0x00007f21e751e000)
 Metaspace       used 24684K, capacity 25138K, committed 25344K, reserved 26624K
}
Event: 87819.657 GC heap after
{Heap after GC invocations=58882 (full 8):
 def new generation   total 11631488K, used 1071318K [0x00007f1668600000, 0x00007f197d2f0000, 0x00007f1bbdb50000)
  eden space 10339136K,   0% used [0x00007f1668600000, 0x00007f1668600000, 0x00007f18df6d0000)
  from space 1292352K,  82% used [0x00007f192e4e0000, 0x00007f196fb158d8, 0x00007f197d2f0000)
  to   space 1292352K,   0% used [0x00007f18df6d0000, 0x00007f18df6d0000, 0x00007f192e4e0000)
 tenured generation   total 30041920K, used 29129897K [0x00007f1bbdb50000, 0x00007f22e7520000, 0x00007f2668600000)
   the space 30041920K,  96% used [0x00007f1bbdb50000, 0x00007f22afa7a7c0, 0x00007f22afa7a800, 0x00007f22e7520000)
 Metaspace       used 24684K, capacity 25138K, committed 25344K, reserved 26624K
}
Event: 87819.657 GC heap before
{Heap before GC invocations=58882 (full 8):
 def new generation   total 11631488K, used 1071318K [0x00007f1668600000, 0x00007f197d2f0000, 0x00007f1bbdb50000)
  eden space 10339136K,   0% used [0x00007f1668600000, 0x00007f1668600000, 0x00007f18df6d0000)
  from space 1292352K,  82% used [0x00007f192e4e0000, 0x00007f196fb158d8, 0x00007f197d2f0000)
  to   space 1292352K,   0% used [0x00007f18df6d0000, 0x00007f18df6d0000, 0x00007f192e4e0000)
 tenured generation   total 30041920K, used 29129897K [0x00007f1bbdb50000, 0x00007f22e7520000, 0x00007f2668600000)
   the space 30041920K,  96% used [0x00007f1bbdb50000, 0x00007f22afa7a7c0, 0x00007f22afa7a800, 0x00007f22e7520000)
 Metaspace       used 24684K, capacity 25138K, committed 25344K, reserved 26624K
}
Event: 87831.662 GC heap after
{Heap after GC invocations=58882 (full 9):
 def new generation   total 11631488K, used 0K [0x00007f1668600000, 0x00007f197d2f0000, 0x00007f1bbdb50000)
  eden space 10339136K,   0% used [0x00007f1668600000, 0x00007f1668600000, 0x00007f18df6d0000)
  from space 1292352K,   0% used [0x00007f192e4e0000, 0x00007f192e4e0000, 0x00007f197d2f0000)
  to   space 1292352K,   0% used [0x00007f18df6d0000, 0x00007f18df6d0000, 0x00007f192e4e0000)
 tenured generation   total 25847608K, used 13378521K [0x00007f1bbdb50000, 0x00007f21e751e000, 0x00007f2668600000)
   the space 25847608K,  51% used [0x00007f1bbdb50000, 0x00007f1eee446760, 0x00007f1eee446800, 0x00007f21e751e000)
 Metaspace       used 24684K, capacity 25138K, committed 25344K, reserved 26624K
}
Event: 87847.749 GC heap before
{Heap before GC invocations=58882 (full 9):
 def new generation   total 11631488K, used 9640817K [0x00007f1668600000, 0x00007f197d2f0000, 0x00007f1bbdb50000)
  eden space 10339136K,  93% used [0x00007f1668600000, 0x00007f18b4cdc7e0, 0x00007f18df6d0000)
  from space 1292352K,   0% used [0x00007f192e4e0000, 0x00007f192e4e0000, 0x00007f197d2f0000)
  to   space 1292352K,   0% used [0x00007f18df6d0000, 0x00007f18df6d0000, 0x00007f192e4e0000)
 tenured generation   total 25847608K, used 13378521K [0x00007f1bbdb50000, 0x00007f21e751e000, 0x00007f2668600000)
   the space 25847608K,  51% used [0x00007f1bbdb50000, 0x00007f1eee446760, 0x00007f1eee446800, 0x00007f21e751e000)
 Metaspace       used 24691K, capacity 25140K, committed 25344K, reserved 26624K
}
Event: 87853.739 GC heap after
{Heap after GC invocations=58883 (full 9):
 def new generation   total 11631488K, used 1075488K [0x00007f1668600000, 0x00007f197d2f0000, 0x00007f1bbdb50000)
  eden space 10339136K,   0% used [0x00007f1668600000, 0x00007f1668600000, 0x00007f18df6d0000)
  from space 1292352K,  83% used [0x00007f18df6d0000, 0x00007f1921118258, 0x00007f192e4e0000)
  to   space 1292352K,   0% used [0x00007f192e4e0000, 0x00007f192e4e0000, 0x00007f197d2f0000)
 tenured generation   total 25847608K, used 19669977K [0x00007f1bbdb50000, 0x00007f21e751e000, 0x00007f2668600000)
   the space 25847608K,  76% used [0x00007f1bbdb50000, 0x00007f206e446790, 0x00007f206e446800, 0x00007f21e751e000)
 Metaspace       used 24691K, capacity 25140K, committed 25344K, reserved 26624K
}
Event: 87864.925 GC heap before
{Heap before GC invocations=58883 (full 9):
 def new generation   total 11631488K, used 9668155K [0x00007f1668600000, 0x00007f197d2f0000, 0x00007f1bbdb50000)
  eden space 10339136K,  83% used [0x00007f1668600000, 0x00007f1874d46b50, 0x00007f18df6d0000)
  from space 1292352K,  83% used [0x00007f18df6d0000, 0x00007f1921118258, 0x00007f192e4e0000)
  to   space 1292352K,   0% used [0x00007f192e4e0000, 0x00007f192e4e0000, 0x00007f197d2f0000)
 tenured generation   total 25847608K, used 19669977K [0x00007f1bbdb50000, 0x00007f21e751e000, 0x00007f2668600000)
   the space 25847608K,  76% used [0x00007f1bbdb50000, 0x00007f206e446790, 0x00007f206e446800, 0x00007f21e751e000)
 Metaspace       used 24691K, capacity 25140K, committed 25344K, reserved 26624K
}
Event: 87869.267 GC heap after
{Heap after GC invocations=58884 (full 9):
 def new generation   total 11631488K, used 0K [0x00007f1668600000, 0x00007f197d2f0000, 0x00007f1bbdb50000)
  eden space 10339136K,   0% used [0x00007f1668600000, 0x00007f1668600000, 0x00007f18df6d0000)
  from space 1292352K,   0% used [0x00007f192e4e0000, 0x00007f192e4e02d0, 0x00007f197d2f0000)
  to   space 1292352K,   0% used [0x00007f18df6d0000, 0x00007f18df6d0000, 0x00007f192e4e0000)
 tenured generation   total 25847608K, used 24935665K [0x00007f1bbdb50000, 0x00007f21e751e000, 0x00007f2668600000)
   the space 25847608K,  96% used [0x00007f1bbdb50000, 0x00007f21afa8c400, 0x00007f21afa8c400, 0x00007f21e751e000)
 Metaspace       used 24691K, capacity 25140K, committed 25344K, reserved 26624K
}
Event: 87887.025 GC heap before
{Heap before GC invocations=58884 (full 9):
 def new generation   total 11631488K, used 9641462K [0x00007f1668600000, 0x00007f197d2f0000, 0x00007f1bbdb50000)
  eden space 10339136K,  93% used [0x00007f1668600000, 0x00007f18b4d7d8b8, 0x00007f18df6d0000)
  from space 1292352K,   0% used [0x00007f192e4e0000, 0x00007f192e4e02d0, 0x00007f197d2f0000)
  to   space 1292352K,   0% used [0x00007f18df6d0000, 0x00007f18df6d0000, 0x00007f192e4e0000)
 tenured generation   total 25847608K, used 24935665K [0x00007f1bbdb50000, 0x00007f21e751e000, 0x00007f2668600000)
   the space 25847608K,  96% used [0x00007f1bbdb50000, 0x00007f21afa8c400, 0x00007f21afa8c400, 0x00007f21e751e000)
 Metaspace       used 24694K, capacity 25140K, committed 25344K, reserved 26624K
}

