# JRE version: OpenJDK Runtime Environment (13.0.7+5) (build 13.0.7+5-Ubuntu-0ubuntu120.04)
# Java VM: OpenJDK 64-Bit Server VM (13.0.7+5-Ubuntu-0ubuntu120.04, mixed mode, tiered, serial gc, linux-amd64)
Heap:
 def new generation   total 1749184K, used 20830K [0x00007febd4600000, 0x00007fec4aff0000, 0x00007ff129b50000)
  eden space 1554880K,   1% used [0x00007febd4600000, 0x00007febd5a57b08, 0x00007fec33470000)
  from space 194304K,   0% used [0x00007fec33470000, 0x00007fec33470000, 0x00007fec3f230000)
  to   space 194304K,   0% used [0x00007fec3f230000, 0x00007fec3f230000, 0x00007fec4aff0000)
 tenured generation   total 3888280K, used 3888279K [0x00007ff129b50000, 0x00007ff217076000, 0x00007ffbd4600000)
   the space 3888280K,  99% used [0x00007ff129b50000, 0x00007ff217075ff8, 0x00007ff217076000, 0x00007ff217076000)
 Metaspace       used 24362K, capacity 24783K, committed 25088K, reserved 26624K
GC Heap History (20 events):
Event: 3120.150 GC heap after
{Heap after GC invocations=3981 (full 3):
 def new generation   total 1749184K, used 26348K [0x00007febd4600000, 0x00007fec4aff0000, 0x00007ff129b50000)
  eden space 1554880K,   0% used [0x00007febd4600000, 0x00007febd4600000, 0x00007fec33470000)
  from space 194304K,  13% used [0x00007fec3f230000, 0x00007fec40beb2d0, 0x00007fec4aff0000)
  to   space 194304K,   0% used [0x00007fec33470000, 0x00007fec33470000, 0x00007fec3f230000)
 tenured generation   total 3886936K, used 3872493K [0x00007ff129b50000, 0x00007ff216f26000, 0x00007ffbd4600000)
   the space 3886936K,  99% used [0x00007ff129b50000, 0x00007ff21610b460, 0x00007ff21610b600, 0x00007ff216f26000)
 Metaspace       used 24362K, capacity 24783K, committed 25088K, reserved 26624K
}
Event: 3121.543 GC heap before
{Heap before GC invocations=3981 (full 3):
 def new generation   total 1749184K, used 1581228K [0x00007febd4600000, 0x00007fec4aff0000, 0x00007ff129b50000)
  eden space 1554880K, 100% used [0x00007febd4600000, 0x00007fec33470000, 0x00007fec33470000)
  from space 194304K,  13% used [0x00007fec3f230000, 0x00007fec40beb2d0, 0x00007fec4aff0000)
  to   space 194304K,   0% used [0x00007fec33470000, 0x00007fec33470000, 0x00007fec3f230000)
 tenured generation   total 3886936K, used 3872493K [0x00007ff129b50000, 0x00007ff216f26000, 0x00007ffbd4600000)
   the space 3886936K,  99% used [0x00007ff129b50000, 0x00007ff21610b460, 0x00007ff21610b600, 0x00007ff216f26000)
 Metaspace       used 24362K, capacity 24783K, committed 25088K, reserved 26624K
}
Event: 3121.618 GC heap after
{Heap after GC invocations=3982 (full 3):
 def new generation   total 1749184K, used 26342K [0x00007febd4600000, 0x00007fec4aff0000, 0x00007ff129b50000)
  eden space 1554880K,   0% used [0x00007febd4600000, 0x00007febd4600000, 0x00007fec33470000)
  from space 194304K,  13% used [0x00007fec33470000, 0x00007fec34e29908, 0x00007fec3f230000)
  to   space 194304K,   0% used [0x00007fec3f230000, 0x00007fec3f230000, 0x00007fec4aff0000)
 tenured generation   total 3886936K, used 3874217K [0x00007ff129b50000, 0x00007ff216f26000, 0x00007ffbd4600000)
   the space 3886936K,  99% used [0x00007ff129b50000, 0x00007ff2162ba448, 0x00007ff2162ba600, 0x00007ff216f26000)
 Metaspace       used 24362K, capacity 24783K, committed 25088K, reserved 26624K
}
Event: 3122.993 GC heap before
{Heap before GC invocations=3982 (full 3):
 def new generation   total 1749184K, used 1581222K [0x00007febd4600000, 0x00007fec4aff0000, 0x00007ff129b50000)
  eden space 1554880K, 100% used [0x00007febd4600000, 0x00007fec33470000, 0x00007fec33470000)
  from space 194304K,  13% used [0x00007fec33470000, 0x00007fec34e29908, 0x00007fec3f230000)
  to   space 194304K,   0% used [0x00007fec3f230000, 0x00007fec3f230000, 0x00007fec4aff0000)
 tenured generation   total 3886936K, used 3874217K [0x00007ff129b50000, 0x00007ff216f26000, 0x00007ffbd4600000)
   the space 3886936K,  99% used [0x00007ff129b50000, 0x00007ff2162ba448, 0x00007ff2162ba600, 0x00007ff216f26000)
 Metaspace       used 24362K, capacity 24783K, committed 25088K, reserved 26624K
}
Event: 3123.074 GC heap after
{Heap after GC invocations=3983 (full 3):
 def new generation   total 1749184K, used 26344K [0x00007febd4600000, 0x00007fec4aff0000, 0x00007ff129b50000)
  eden space 1554880K,   0% used [0x00007febd4600000, 0x00007febd4600000, 0x00007fec33470000)
  from space 194304K,  13% used [0x00007fec3f230000, 0x00007fec40bea3c0, 0x00007fec4aff0000)
  to   space 194304K,   0% used [0x00007fec33470000, 0x00007fec33470000, 0x00007fec3f230000)
 tenured generation   total 3886936K, used 3875998K [0x00007ff129b50000, 0x00007ff216f26000, 0x00007ffbd4600000)
   the space 3886936K,  99% used [0x00007ff129b50000, 0x00007ff216477bb8, 0x00007ff216477c00, 0x00007ff216f26000)
 Metaspace       used 24362K, capacity 24783K, committed 25088K, reserved 26624K
}
Event: 3124.456 GC heap before
{Heap before GC invocations=3983 (full 3):
 def new generation   total 1749184K, used 1581224K [0x00007febd4600000, 0x00007fec4aff0000, 0x00007ff129b50000)
  eden space 1554880K, 100% used [0x00007febd4600000, 0x00007fec33470000, 0x00007fec33470000)
  from space 194304K,  13% used [0x00007fec3f230000, 0x00007fec40bea3c0, 0x00007fec4aff0000)
  to   space 194304K,   0% used [0x00007fec33470000, 0x00007fec33470000, 0x00007fec3f230000)
 tenured generation   total 3886936K, used 3875998K [0x00007ff129b50000, 0x00007ff216f26000, 0x00007ffbd4600000)
   the space 3886936K,  99% used [0x00007ff129b50000, 0x00007ff216477bb8, 0x00007ff216477c00, 0x00007ff216f26000)
 Metaspace       used 24362K, capacity 24783K, committed 25088K, reserved 26624K
}
Event: 3124.527 GC heap after
{Heap after GC invocations=3984 (full 3):
 def new generation   total 1749184K, used 26400K [0x00007febd4600000, 0x00007fec4aff0000, 0x00007ff129b50000)
  eden space 1554880K,   0% used [0x00007febd4600000, 0x00007febd4600000, 0x00007fec33470000)
  from space 194304K,  13% used [0x00007fec33470000, 0x00007fec34e38198, 0x00007fec3f230000)
  to   space 194304K,   0% used [0x00007fec3f230000, 0x00007fec3f230000, 0x00007fec4aff0000)
 tenured generation   total 3886936K, used 3877727K [0x00007ff129b50000, 0x00007ff216f26000, 0x00007ffbd4600000)
   the space 3886936K,  99% used [0x00007ff129b50000, 0x00007ff216627c50, 0x00007ff216627e00, 0x00007ff216f26000)
 Metaspace       used 24362K, capacity 24783K, committed 25088K, reserved 26624K
}
Event: 3125.901 GC heap before
{Heap before GC invocations=3984 (full 3):
 def new generation   total 1749184K, used 1581280K [0x00007febd4600000, 0x00007fec4aff0000, 0x00007ff129b50000)
  eden space 1554880K, 100% used [0x00007febd4600000, 0x00007fec33470000, 0x00007fec33470000)
  from space 194304K,  13% used [0x00007fec33470000, 0x00007fec34e38198, 0x00007fec3f230000)
  to   space 194304K,   0% used [0x00007fec3f230000, 0x00007fec3f230000, 0x00007fec4aff0000)
 tenured generation   total 3886936K, used 3877727K [0x00007ff129b50000, 0x00007ff216f26000, 0x00007ffbd4600000)
   the space 3886936K,  99% used [0x00007ff129b50000, 0x00007ff216627c50, 0x00007ff216627e00, 0x00007ff216f26000)
 Metaspace       used 24362K, capacity 24783K, committed 25088K, reserved 26624K
}
Event: 3125.980 GC heap after
{Heap after GC invocations=3985 (full 3):
 def new generation   total 1749184K, used 26335K [0x00007febd4600000, 0x00007fec4aff0000, 0x00007ff129b50000)
  eden space 1554880K,   0% used [0x00007febd4600000, 0x00007febd4600000, 0x00007fec33470000)
  from space 194304K,  13% used [0x00007fec3f230000, 0x00007fec40be7eb0, 0x00007fec4aff0000)
  to   space 194304K,   0% used [0x00007fec33470000, 0x00007fec33470000, 0x00007fec3f230000)
 tenured generation   total 3886936K, used 3879509K [0x00007ff129b50000, 0x00007ff216f26000, 0x00007ffbd4600000)
   the space 3886936K,  99% used [0x00007ff129b50000, 0x00007ff2167e54e0, 0x00007ff2167e5600, 0x00007ff216f26000)
 Metaspace       used 24362K, capacity 24783K, committed 25088K, reserved 26624K
}
Event: 3127.365 GC heap before
{Heap before GC invocations=3985 (full 3):
 def new generation   total 1749184K, used 1581215K [0x00007febd4600000, 0x00007fec4aff0000, 0x00007ff129b50000)
  eden space 1554880K, 100% used [0x00007febd4600000, 0x00007fec33470000, 0x00007fec33470000)
  from space 194304K,  13% used [0x00007fec3f230000, 0x00007fec40be7eb0, 0x00007fec4aff0000)
  to   space 194304K,   0% used [0x00007fec33470000, 0x00007fec33470000, 0x00007fec3f230000)
 tenured generation   total 3886936K, used 3879509K [0x00007ff129b50000, 0x00007ff216f26000, 0x00007ffbd4600000)
   the space 3886936K,  99% used [0x00007ff129b50000, 0x00007ff2167e54e0, 0x00007ff2167e5600, 0x00007ff216f26000)
 Metaspace       used 24362K, capacity 24783K, committed 25088K, reserved 26624K
}
Event: 3127.445 GC heap after
{Heap after GC invocations=3986 (full 3):
 def new generation   total 1749184K, used 26333K [0x00007febd4600000, 0x00007fec4aff0000, 0x00007ff129b50000)
  eden space 1554880K,   0% used [0x00007febd4600000, 0x00007febd4600000, 0x00007fec33470000)
  from space 194304K,  13% used [0x00007fec33470000, 0x00007fec34e276d0, 0x00007fec3f230000)
  to   space 194304K,   0% used [0x00007fec3f230000, 0x00007fec3f230000, 0x00007fec4aff0000)
 tenured generation   total 3886936K, used 3881295K [0x00007ff129b50000, 0x00007ff216f26000, 0x00007ffbd4600000)
   the space 3886936K,  99% used [0x00007ff129b50000, 0x00007ff2169a3eb0, 0x00007ff2169a4000, 0x00007ff216f26000)
 Metaspace       used 24362K, capacity 24783K, committed 25088K, reserved 26624K
}
Event: 3128.816 GC heap before
{Heap before GC invocations=3986 (full 3):
 def new generation   total 1749184K, used 1581213K [0x00007febd4600000, 0x00007fec4aff0000, 0x00007ff129b50000)
  eden space 1554880K, 100% used [0x00007febd4600000, 0x00007fec33470000, 0x00007fec33470000)
  from space 194304K,  13% used [0x00007fec33470000, 0x00007fec34e276d0, 0x00007fec3f230000)
  to   space 194304K,   0% used [0x00007fec3f230000, 0x00007fec3f230000, 0x00007fec4aff0000)
 tenured generation   total 3886936K, used 3881295K [0x00007ff129b50000, 0x00007ff216f26000, 0x00007ffbd4600000)
   the space 3886936K,  99% used [0x00007ff129b50000, 0x00007ff2169a3eb0, 0x00007ff2169a4000, 0x00007ff216f26000)
 Metaspace       used 24362K, capacity 24783K, committed 25088K, reserved 26624K
}
Event: 3128.889 GC heap after
{Heap after GC invocations=3987 (full 3):
 def new generation   total 1749184K, used 26432K [0x00007febd4600000, 0x00007fec4aff0000, 0x00007ff129b50000)
  eden space 1554880K,   0% used [0x00007febd4600000, 0x00007febd4600000, 0x00007fec33470000)
  from space 194304K,  13% used [0x00007fec3f230000, 0x00007fec40c002a0, 0x00007fec4aff0000)
  to   space 194304K,   0% used [0x00007fec33470000, 0x00007fec33470000, 0x00007fec3f230000)
 tenured generation   total 3886936K, used 3882921K [0x00007ff129b50000, 0x00007ff216f26000, 0x00007ffbd4600000)
   the space 3886936K,  99% used [0x00007ff129b50000, 0x00007ff216b3a520, 0x00007ff216b3a600, 0x00007ff216f26000)
 Metaspace       used 24362K, capacity 24783K, committed 25088K, reserved 26624K
}
Event: 3130.237 GC heap before
{Heap before GC invocations=3987 (full 3):
 def new generation   total 1749184K, used 1581312K [0x00007febd4600000, 0x00007fec4aff0000, 0x00007ff129b50000)
  eden space 1554880K, 100% used [0x00007febd4600000, 0x00007fec33470000, 0x00007fec33470000)
  from space 194304K,  13% used [0x00007fec3f230000, 0x00007fec40c002a0, 0x00007fec4aff0000)
  to   space 194304K,   0% used [0x00007fec33470000, 0x00007fec33470000, 0x00007fec3f230000)
 tenured generation   total 3886936K, used 3882921K [0x00007ff129b50000, 0x00007ff216f26000, 0x00007ffbd4600000)
   the space 3886936K,  99% used [0x00007ff129b50000, 0x00007ff216b3a520, 0x00007ff216b3a600, 0x00007ff216f26000)
 Metaspace       used 24362K, capacity 24783K, committed 25088K, reserved 26624K
}
Event: 3130.319 GC heap after
{Heap after GC invocations=3988 (full 3):
 def new generation   total 1749184K, used 26442K [0x00007febd4600000, 0x00007fec4aff0000, 0x00007ff129b50000)
  eden space 1554880K,   0% used [0x00007febd4600000, 0x00007febd4600000, 0x00007fec33470000)
  from space 194304K,  13% used [0x00007fec33470000, 0x00007fec34e42b98, 0x00007fec3f230000)
  to   space 194304K,   0% used [0x00007fec3f230000, 0x00007fec3f230000, 0x00007fec4aff0000)
 tenured generation   total 3886936K, used 3884695K [0x00007ff129b50000, 0x00007ff216f26000, 0x00007ffbd4600000)
   the space 3886936K,  99% used [0x00007ff129b50000, 0x00007ff216cf5c60, 0x00007ff216cf5e00, 0x00007ff216f26000)
 Metaspace       used 24362K, capacity 24783K, committed 25088K, reserved 26624K
}
Event: 3131.677 GC heap before
{Heap before GC invocations=3988 (full 3):
 def new generation   total 1749184K, used 1581322K [0x00007febd4600000, 0x00007fec4aff0000, 0x00007ff129b50000)
  eden space 1554880K, 100% used [0x00007febd4600000, 0x00007fec33470000, 0x00007fec33470000)
  from space 194304K,  13% used [0x00007fec33470000, 0x00007fec34e42b98, 0x00007fec3f230000)
  to   space 194304K,   0% used [0x00007fec3f230000, 0x00007fec3f230000, 0x00007fec4aff0000)
 tenured generation   total 3886936K, used 3884695K [0x00007ff129b50000, 0x00007ff216f26000, 0x00007ffbd4600000)
   the space 3886936K,  99% used [0x00007ff129b50000, 0x00007ff216cf5c60, 0x00007ff216cf5e00, 0x00007ff216f26000)
 Metaspace       used 24362K, capacity 24783K, committed 25088K, reserved 26624K
}
Event: 3131.756 GC heap after
{Heap after GC invocations=3989 (full 3):
 def new generation   total 1749184K, used 26439K [0x00007febd4600000, 0x00007fec4aff0000, 0x00007ff129b50000)
  eden space 1554880K,   0% used [0x00007febd4600000, 0x00007febd4600000, 0x00007fec33470000)
  from space 194304K,  13% used [0x00007fec3f230000, 0x00007fec40c01f78, 0x00007fec4aff0000)
  to   space 194304K,   0% used [0x00007fec33470000, 0x00007fec33470000, 0x00007fec3f230000)
 tenured generation   total 3886936K, used 3886481K [0x00007ff129b50000, 0x00007ff216f26000, 0x00007ffbd4600000)
   the space 3886936K,  99% used [0x00007ff129b50000, 0x00007ff216eb4630, 0x00007ff216eb4800, 0x00007ff216f26000)
 Metaspace       used 24362K, capacity 24783K, committed 25088K, reserved 26624K
}
Event: 3133.174 GC heap before
{Heap before GC invocations=3989 (full 3):
 def new generation   total 1749184K, used 1581319K [0x00007febd4600000, 0x00007fec4aff0000, 0x00007ff129b50000)
  eden space 1554880K, 100% used [0x00007febd4600000, 0x00007fec33470000, 0x00007fec33470000)
  from space 194304K,  13% used [0x00007fec3f230000, 0x00007fec40c01f78, 0x00007fec4aff0000)
  to   space 194304K,   0% used [0x00007fec33470000, 0x00007fec33470000, 0x00007fec3f230000)
 tenured generation   total 3886936K, used 3886481K [0x00007ff129b50000, 0x00007ff216f26000, 0x00007ffbd4600000)
   the space 3886936K,  99% used [0x00007ff129b50000, 0x00007ff216eb4630, 0x00007ff216eb4800, 0x00007ff216f26000)
 Metaspace       used 24362K, capacity 24783K, committed 25088K, reserved 26624K
}
Event: 3133.250 GC heap after
{Heap after GC invocations=3990 (full 3):
 def new generation   total 1749184K, used 26409K [0x00007febd4600000, 0x00007fec4aff0000, 0x00007ff129b50000)
  eden space 1554880K,   0% used [0x00007febd4600000, 0x00007febd4600000, 0x00007fec33470000)
  from space 194304K,  13% used [0x00007fec33470000, 0x00007fec34e3a448, 0x00007fec3f230000)
  to   space 194304K,   0% used [0x00007fec3f230000, 0x00007fec3f230000, 0x00007fec4aff0000)
 tenured generation   total 3888280K, used 3888213K [0x00007ff129b50000, 0x00007ff217076000, 0x00007ffbd4600000)
   the space 3888280K,  99% used [0x00007ff129b50000, 0x00007ff2170656d8, 0x00007ff217065800, 0x00007ff217076000)
 Metaspace       used 24362K, capacity 24783K, committed 25088K, reserved 26624K
}
Event: 3133.251 GC heap before
{Heap before GC invocations=3990 (full 3):
 def new generation   total 1749184K, used 26409K [0x00007febd4600000, 0x00007fec4aff0000, 0x00007ff129b50000)
  eden space 1554880K,   0% used [0x00007febd4600000, 0x00007febd4600000, 0x00007fec33470000)
  from space 194304K,  13% used [0x00007fec33470000, 0x00007fec34e3a448, 0x00007fec3f230000)
  to   space 194304K,   0% used [0x00007fec3f230000, 0x00007fec3f230000, 0x00007fec4aff0000)
 tenured generation   total 3888280K, used 3888213K [0x00007ff129b50000, 0x00007ff217076000, 0x00007ffbd4600000)
   the space 3888280K,  99% used [0x00007ff129b50000, 0x00007ff2170656d8, 0x00007ff217065800, 0x00007ff217076000)
 Metaspace       used 24362K, capacity 24783K, committed 25088K, reserved 26624K
}

