# JRE version: OpenJDK Runtime Environment (13.0.7+5) (build 13.0.7+5-Ubuntu-0ubuntu120.04)
# Java VM: OpenJDK 64-Bit Server VM (13.0.7+5-Ubuntu-0ubuntu120.04, mixed mode, tiered, serial gc, linux-amd64)
Heap:
 def new generation   total 1017216K, used 0K [0x00007f3148600000, 0x00007f318d5b0000, 0x00007f3bf30a0000)
  eden space 904256K,   0% used [0x00007f3148600000, 0x00007f3148600000, 0x00007f317f910000)
  from space 112960K,   0% used [0x00007f317f910000, 0x00007f317f910000, 0x00007f3186760000)
  to   space 112960K,   0% used [0x00007f3186760000, 0x00007f3186760000, 0x00007f318d5b0000)
 tenured generation   total 2276604K, used 2267238K [0x00007f3bf30a0000, 0x00007f3c7dfdf000, 0x00007f5148600000)
   the space 2276604K,  99% used [0x00007f3bf30a0000, 0x00007f3c7d6b99b8, 0x00007f3c7d6b9a00, 0x00007f3c7dfdf000)
 Metaspace       used 24276K, capacity 24696K, committed 24832K, reserved 26624K
GC Heap History (20 events):
Event: 753.159 GC heap after
{Heap after GC invocations=1034 (full 4):
 def new generation   total 1017216K, used 50345K [0x00007f3148600000, 0x00007f318d5b0000, 0x00007f3bf30a0000)
  eden space 904256K,   0% used [0x00007f3148600000, 0x00007f3148600000, 0x00007f317f910000)
  from space 112960K,  44% used [0x00007f3186760000, 0x00007f318988a438, 0x00007f318d5b0000)
  to   space 112960K,   0% used [0x00007f317f910000, 0x00007f317f910000, 0x00007f3186760000)
 tenured generation   total 2260216K, used 2230264K [0x00007f3bf30a0000, 0x00007f3c7cfde000, 0x00007f5148600000)
   the space 2260216K,  98% used [0x00007f3bf30a0000, 0x00007f3c7b29e0a0, 0x00007f3c7b29e200, 0x00007f3c7cfde000)
 Metaspace       used 24276K, capacity 24696K, committed 24832K, reserved 26624K
}
Event: 753.874 GC heap before
{Heap before GC invocations=1034 (full 4):
 def new generation   total 1017216K, used 954601K [0x00007f3148600000, 0x00007f318d5b0000, 0x00007f3bf30a0000)
  eden space 904256K, 100% used [0x00007f3148600000, 0x00007f317f910000, 0x00007f317f910000)
  from space 112960K,  44% used [0x00007f3186760000, 0x00007f318988a438, 0x00007f318d5b0000)
  to   space 112960K,   0% used [0x00007f317f910000, 0x00007f317f910000, 0x00007f3186760000)
 tenured generation   total 2260216K, used 2230264K [0x00007f3bf30a0000, 0x00007f3c7cfde000, 0x00007f5148600000)
   the space 2260216K,  98% used [0x00007f3bf30a0000, 0x00007f3c7b29e0a0, 0x00007f3c7b29e200, 0x00007f3c7cfde000)
 Metaspace       used 24276K, capacity 24696K, committed 24832K, reserved 26624K
}
Event: 753.915 GC heap after
{Heap after GC invocations=1035 (full 4):
 def new generation   total 1017216K, used 50358K [0x00007f3148600000, 0x00007f318d5b0000, 0x00007f3bf30a0000)
  eden space 904256K,   0% used [0x00007f3148600000, 0x00007f3148600000, 0x00007f317f910000)
  from space 112960K,  44% used [0x00007f317f910000, 0x00007f3182a3da40, 0x00007f3186760000)
  to   space 112960K,   0% used [0x00007f3186760000, 0x00007f3186760000, 0x00007f318d5b0000)
 tenured generation   total 2260216K, used 2230264K [0x00007f3bf30a0000, 0x00007f3c7cfde000, 0x00007f5148600000)
   the space 2260216K,  98% used [0x00007f3bf30a0000, 0x00007f3c7b29e0a0, 0x00007f3c7b29e200, 0x00007f3c7cfde000)
 Metaspace       used 24276K, capacity 24696K, committed 24832K, reserved 26624K
}
Event: 754.841 GC heap before
{Heap before GC invocations=1035 (full 4):
 def new generation   total 1017216K, used 954614K [0x00007f3148600000, 0x00007f318d5b0000, 0x00007f3bf30a0000)
  eden space 904256K, 100% used [0x00007f3148600000, 0x00007f317f910000, 0x00007f317f910000)
  from space 112960K,  44% used [0x00007f317f910000, 0x00007f3182a3da40, 0x00007f3186760000)
  to   space 112960K,   0% used [0x00007f3186760000, 0x00007f3186760000, 0x00007f318d5b0000)
 tenured generation   total 2260216K, used 2230264K [0x00007f3bf30a0000, 0x00007f3c7cfde000, 0x00007f5148600000)
   the space 2260216K,  98% used [0x00007f3bf30a0000, 0x00007f3c7b29e0a0, 0x00007f3c7b29e200, 0x00007f3c7cfde000)
 Metaspace       used 24276K, capacity 24696K, committed 24832K, reserved 26624K
}
Event: 754.874 GC heap after
{Heap after GC invocations=1036 (full 4):
 def new generation   total 1017216K, used 53965K [0x00007f3148600000, 0x00007f318d5b0000, 0x00007f3bf30a0000)
  eden space 904256K,   0% used [0x00007f3148600000, 0x00007f3148600000, 0x00007f317f910000)
  from space 112960K,  47% used [0x00007f3186760000, 0x00007f3189c137c0, 0x00007f318d5b0000)
  to   space 112960K,   0% used [0x00007f317f910000, 0x00007f317f910000, 0x00007f3186760000)
 tenured generation   total 2260216K, used 2230264K [0x00007f3bf30a0000, 0x00007f3c7cfde000, 0x00007f5148600000)
   the space 2260216K,  98% used [0x00007f3bf30a0000, 0x00007f3c7b29e0a0, 0x00007f3c7b29e200, 0x00007f3c7cfde000)
 Metaspace       used 24276K, capacity 24696K, committed 24832K, reserved 26624K
}
Event: 756.044 GC heap before
{Heap before GC invocations=1036 (full 4):
 def new generation   total 1017216K, used 958221K [0x00007f3148600000, 0x00007f318d5b0000, 0x00007f3bf30a0000)
  eden space 904256K, 100% used [0x00007f3148600000, 0x00007f317f910000, 0x00007f317f910000)
  from space 112960K,  47% used [0x00007f3186760000, 0x00007f3189c137c0, 0x00007f318d5b0000)
  to   space 112960K,   0% used [0x00007f317f910000, 0x00007f317f910000, 0x00007f3186760000)
 tenured generation   total 2260216K, used 2230264K [0x00007f3bf30a0000, 0x00007f3c7cfde000, 0x00007f5148600000)
   the space 2260216K,  98% used [0x00007f3bf30a0000, 0x00007f3c7b29e0a0, 0x00007f3c7b29e200, 0x00007f3c7cfde000)
 Metaspace       used 24276K, capacity 24696K, committed 24832K, reserved 26624K
}
Event: 756.090 GC heap after
{Heap after GC invocations=1037 (full 4):
 def new generation   total 1017216K, used 60634K [0x00007f3148600000, 0x00007f318d5b0000, 0x00007f3bf30a0000)
  eden space 904256K,   0% used [0x00007f3148600000, 0x00007f3148600000, 0x00007f317f910000)
  from space 112960K,  53% used [0x00007f317f910000, 0x00007f31834469a0, 0x00007f3186760000)
  to   space 112960K,   0% used [0x00007f3186760000, 0x00007f3186760000, 0x00007f318d5b0000)
 tenured generation   total 2260216K, used 2230264K [0x00007f3bf30a0000, 0x00007f3c7cfde000, 0x00007f5148600000)
   the space 2260216K,  98% used [0x00007f3bf30a0000, 0x00007f3c7b29e0a0, 0x00007f3c7b29e200, 0x00007f3c7cfde000)
 Metaspace       used 24276K, capacity 24696K, committed 24832K, reserved 26624K
}
Event: 757.143 GC heap before
{Heap before GC invocations=1037 (full 4):
 def new generation   total 1017216K, used 964890K [0x00007f3148600000, 0x00007f318d5b0000, 0x00007f3bf30a0000)
  eden space 904256K, 100% used [0x00007f3148600000, 0x00007f317f910000, 0x00007f317f910000)
  from space 112960K,  53% used [0x00007f317f910000, 0x00007f31834469a0, 0x00007f3186760000)
  to   space 112960K,   0% used [0x00007f3186760000, 0x00007f3186760000, 0x00007f318d5b0000)
 tenured generation   total 2260216K, used 2230264K [0x00007f3bf30a0000, 0x00007f3c7cfde000, 0x00007f5148600000)
   the space 2260216K,  98% used [0x00007f3bf30a0000, 0x00007f3c7b29e0a0, 0x00007f3c7b29e200, 0x00007f3c7cfde000)
 Metaspace       used 24276K, capacity 24696K, committed 24832K, reserved 26624K
}
Event: 757.204 GC heap after
{Heap after GC invocations=1038 (full 4):
 def new generation   total 1017216K, used 45231K [0x00007f3148600000, 0x00007f318d5b0000, 0x00007f3bf30a0000)
  eden space 904256K,   0% used [0x00007f3148600000, 0x00007f3148600000, 0x00007f317f910000)
  from space 112960K,  40% used [0x00007f3186760000, 0x00007f318938be10, 0x00007f318d5b0000)
  to   space 112960K,   0% used [0x00007f317f910000, 0x00007f317f910000, 0x00007f3186760000)
 tenured generation   total 2260216K, used 2247737K [0x00007f3bf30a0000, 0x00007f3c7cfde000, 0x00007f5148600000)
   the space 2260216K,  99% used [0x00007f3bf30a0000, 0x00007f3c7c3ae768, 0x00007f3c7c3ae800, 0x00007f3c7cfde000)
 Metaspace       used 24276K, capacity 24696K, committed 24832K, reserved 26624K
}
Event: 758.213 GC heap before
{Heap before GC invocations=1038 (full 4):
 def new generation   total 1017216K, used 949487K [0x00007f3148600000, 0x00007f318d5b0000, 0x00007f3bf30a0000)
  eden space 904256K, 100% used [0x00007f3148600000, 0x00007f317f910000, 0x00007f317f910000)
  from space 112960K,  40% used [0x00007f3186760000, 0x00007f318938be10, 0x00007f318d5b0000)
  to   space 112960K,   0% used [0x00007f317f910000, 0x00007f317f910000, 0x00007f3186760000)
 tenured generation   total 2260216K, used 2247737K [0x00007f3bf30a0000, 0x00007f3c7cfde000, 0x00007f5148600000)
   the space 2260216K,  99% used [0x00007f3bf30a0000, 0x00007f3c7c3ae768, 0x00007f3c7c3ae800, 0x00007f3c7cfde000)
 Metaspace       used 24276K, capacity 24696K, committed 24832K, reserved 26624K
}
Event: 758.258 GC heap after
{Heap after GC invocations=1039 (full 4):
 def new generation   total 1017216K, used 49341K [0x00007f3148600000, 0x00007f318d5b0000, 0x00007f3bf30a0000)
  eden space 904256K,   0% used [0x00007f3148600000, 0x00007f3148600000, 0x00007f317f910000)
  from space 112960K,  43% used [0x00007f317f910000, 0x00007f318293f690, 0x00007f3186760000)
  to   space 112960K,   0% used [0x00007f3186760000, 0x00007f3186760000, 0x00007f318d5b0000)
 tenured generation   total 2260216K, used 2247737K [0x00007f3bf30a0000, 0x00007f3c7cfde000, 0x00007f5148600000)
   the space 2260216K,  99% used [0x00007f3bf30a0000, 0x00007f3c7c3ae768, 0x00007f3c7c3ae800, 0x00007f3c7cfde000)
 Metaspace       used 24276K, capacity 24696K, committed 24832K, reserved 26624K
}
Event: 759.027 GC heap before
{Heap before GC invocations=1039 (full 4):
 def new generation   total 1017216K, used 953597K [0x00007f3148600000, 0x00007f318d5b0000, 0x00007f3bf30a0000)
  eden space 904256K, 100% used [0x00007f3148600000, 0x00007f317f910000, 0x00007f317f910000)
  from space 112960K,  43% used [0x00007f317f910000, 0x00007f318293f690, 0x00007f3186760000)
  to   space 112960K,   0% used [0x00007f3186760000, 0x00007f3186760000, 0x00007f318d5b0000)
 tenured generation   total 2260216K, used 2247737K [0x00007f3bf30a0000, 0x00007f3c7cfde000, 0x00007f5148600000)
   the space 2260216K,  99% used [0x00007f3bf30a0000, 0x00007f3c7c3ae768, 0x00007f3c7c3ae800, 0x00007f3c7cfde000)
 Metaspace       used 24276K, capacity 24696K, committed 24832K, reserved 26624K
}
Event: 759.071 GC heap after
{Heap after GC invocations=1040 (full 4):
 def new generation   total 1017216K, used 50350K [0x00007f3148600000, 0x00007f318d5b0000, 0x00007f3bf30a0000)
  eden space 904256K,   0% used [0x00007f3148600000, 0x00007f3148600000, 0x00007f317f910000)
  from space 112960K,  44% used [0x00007f3186760000, 0x00007f318988b8f8, 0x00007f318d5b0000)
  to   space 112960K,   0% used [0x00007f317f910000, 0x00007f317f910000, 0x00007f3186760000)
 tenured generation   total 2260216K, used 2247737K [0x00007f3bf30a0000, 0x00007f3c7cfde000, 0x00007f5148600000)
   the space 2260216K,  99% used [0x00007f3bf30a0000, 0x00007f3c7c3ae768, 0x00007f3c7c3ae800, 0x00007f3c7cfde000)
 Metaspace       used 24276K, capacity 24696K, committed 24832K, reserved 26624K
}
Event: 759.858 GC heap before
{Heap before GC invocations=1040 (full 4):
 def new generation   total 1017216K, used 954606K [0x00007f3148600000, 0x00007f318d5b0000, 0x00007f3bf30a0000)
  eden space 904256K, 100% used [0x00007f3148600000, 0x00007f317f910000, 0x00007f317f910000)
  from space 112960K,  44% used [0x00007f3186760000, 0x00007f318988b8f8, 0x00007f318d5b0000)
  to   space 112960K,   0% used [0x00007f317f910000, 0x00007f317f910000, 0x00007f3186760000)
 tenured generation   total 2260216K, used 2247737K [0x00007f3bf30a0000, 0x00007f3c7cfde000, 0x00007f5148600000)
   the space 2260216K,  99% used [0x00007f3bf30a0000, 0x00007f3c7c3ae768, 0x00007f3c7c3ae800, 0x00007f3c7cfde000)
 Metaspace       used 24276K, capacity 24696K, committed 24832K, reserved 26624K
}
Event: 759.886 GC heap after
{Heap after GC invocations=1041 (full 4):
 def new generation   total 1017216K, used 33934K [0x00007f3148600000, 0x00007f318d5b0000, 0x00007f3bf30a0000)
  eden space 904256K,   0% used [0x00007f3148600000, 0x00007f3148600000, 0x00007f317f910000)
  from space 112960K,  30% used [0x00007f317f910000, 0x00007f3181a33ba0, 0x00007f3186760000)
  to   space 112960K,   0% used [0x00007f3186760000, 0x00007f3186760000, 0x00007f318d5b0000)
 tenured generation   total 2260216K, used 2247737K [0x00007f3bf30a0000, 0x00007f3c7cfde000, 0x00007f5148600000)
   the space 2260216K,  99% used [0x00007f3bf30a0000, 0x00007f3c7c3ae768, 0x00007f3c7c3ae800, 0x00007f3c7cfde000)
 Metaspace       used 24276K, capacity 24696K, committed 24832K, reserved 26624K
}
Event: 760.950 GC heap before
{Heap before GC invocations=1041 (full 4):
 def new generation   total 1017216K, used 937084K [0x00007f3148600000, 0x00007f318d5b0000, 0x00007f3bf30a0000)
  eden space 904256K,  99% used [0x00007f3148600000, 0x00007f317f7fb688, 0x00007f317f910000)
  from space 112960K,  30% used [0x00007f317f910000, 0x00007f3181a33ba0, 0x00007f3186760000)
  to   space 112960K,   0% used [0x00007f3186760000, 0x00007f3186760000, 0x00007f318d5b0000)
 tenured generation   total 2260216K, used 2247737K [0x00007f3bf30a0000, 0x00007f3c7cfde000, 0x00007f5148600000)
   the space 2260216K,  99% used [0x00007f3bf30a0000, 0x00007f3c7c3ae768, 0x00007f3c7c3ae800, 0x00007f3c7cfde000)
 Metaspace       used 24276K, capacity 24696K, committed 24832K, reserved 26624K
}
Event: 761.140 GC heap after
{Heap after GC invocations=1042 (full 4):
 def new generation   total 1017216K, used 63231K [0x00007f3148600000, 0x00007f318d5b0000, 0x00007f3bf30a0000)
  eden space 904256K,   0% used [0x00007f3148600000, 0x00007f3148600000, 0x00007f317f910000)
  from space 112960K,  55% used [0x00007f3186760000, 0x00007f318a51fd30, 0x00007f318d5b0000)
  to   space 112960K,   0% used [0x00007f317f910000, 0x00007f317f910000, 0x00007f3186760000)
 tenured generation   total 2260216K, used 2247737K [0x00007f3bf30a0000, 0x00007f3c7cfde000, 0x00007f5148600000)
   the space 2260216K,  99% used [0x00007f3bf30a0000, 0x00007f3c7c3ae768, 0x00007f3c7c3ae800, 0x00007f3c7cfde000)
 Metaspace       used 24276K, capacity 24696K, committed 24832K, reserved 26624K
}
Event: 762.313 GC heap before
{Heap before GC invocations=1042 (full 4):
 def new generation   total 1017216K, used 967245K [0x00007f3148600000, 0x00007f318d5b0000, 0x00007f3bf30a0000)
  eden space 904256K,  99% used [0x00007f3148600000, 0x00007f317f8d36d0, 0x00007f317f910000)
  from space 112960K,  55% used [0x00007f3186760000, 0x00007f318a51fd30, 0x00007f318d5b0000)
  to   space 112960K,   0% used [0x00007f317f910000, 0x00007f317f910000, 0x00007f3186760000)
 tenured generation   total 2260216K, used 2247737K [0x00007f3bf30a0000, 0x00007f3c7cfde000, 0x00007f5148600000)
   the space 2260216K,  99% used [0x00007f3bf30a0000, 0x00007f3c7c3ae768, 0x00007f3c7c3ae800, 0x00007f3c7cfde000)
 Metaspace       used 24276K, capacity 24696K, committed 24832K, reserved 26624K
}
Event: 762.410 GC heap after
{Heap after GC invocations=1043 (full 4):
 def new generation   total 1017216K, used 59073K [0x00007f3148600000, 0x00007f318d5b0000, 0x00007f3bf30a0000)
  eden space 904256K,   0% used [0x00007f3148600000, 0x00007f3148600000, 0x00007f317f910000)
  from space 112960K,  52% used [0x00007f317f910000, 0x00007f31832c0720, 0x00007f3186760000)
  to   space 112960K,   0% used [0x00007f3186760000, 0x00007f3186760000, 0x00007f318d5b0000)
 tenured generation   total 2276604K, used 2265211K [0x00007f3bf30a0000, 0x00007f3c7dfdf000, 0x00007f5148600000)
   the space 2276604K,  99% used [0x00007f3bf30a0000, 0x00007f3c7d4bee30, 0x00007f3c7d4bf000, 0x00007f3c7dfdf000)
 Metaspace       used 24276K, capacity 24696K, committed 24832K, reserved 26624K
}
Event: 762.410 GC heap before
{Heap before GC invocations=1043 (full 4):
 def new generation   total 1017216K, used 59073K [0x00007f3148600000, 0x00007f318d5b0000, 0x00007f3bf30a0000)
  eden space 904256K,   0% used [0x00007f3148600000, 0x00007f3148600000, 0x00007f317f910000)
  from space 112960K,  52% used [0x00007f317f910000, 0x00007f31832c0720, 0x00007f3186760000)
  to   space 112960K,   0% used [0x00007f3186760000, 0x00007f3186760000, 0x00007f318d5b0000)
 tenured generation   total 2276604K, used 2265211K [0x00007f3bf30a0000, 0x00007f3c7dfdf000, 0x00007f5148600000)
   the space 2276604K,  99% used [0x00007f3bf30a0000, 0x00007f3c7d4bee30, 0x00007f3c7d4bf000, 0x00007f3c7dfdf000)
 Metaspace       used 24276K, capacity 24696K, committed 24832K, reserved 26624K
}

