# JRE version: OpenJDK Runtime Environment (13.0.7+5) (build 13.0.7+5-Ubuntu-0ubuntu120.04)
# Java VM: OpenJDK 64-Bit Server VM (13.0.7+5-Ubuntu-0ubuntu120.04, mixed mode, tiered, serial gc, linux-amd64)
Heap:
 def new generation   total 9341248K, used 131359K [0x00007efb08600000, 0x00007efd81de0000, 0x00007f005db50000)
  eden space 8303360K,   1% used [0x00007efb08600000, 0x00007efb10647db0, 0x00007efd032c0000)
  from space 1037888K,   0% used [0x00007efd032c0000, 0x00007efd032c0000, 0x00007efd42850000)
  to   space 1037888K,   0% used [0x00007efd42850000, 0x00007efd42850000, 0x00007efd81de0000)
 tenured generation   total 21348456K, used 21348455K [0x00007f005db50000, 0x00007f0574b6a000, 0x00007f0b08600000)
   the space 21348456K,  99% used [0x00007f005db50000, 0x00007f0574b69ff0, 0x00007f0574b6a000, 0x00007f0574b6a000)
 Metaspace       used 30455K, capacity 30894K, committed 31232K, reserved 32768K
GC Heap History (20 events):
Event: 2286.131 GC heap after
{Heap after GC invocations=73 (full 12):
 def new generation   total 9341248K, used 620673K [0x00007efb08600000, 0x00007efd81de0000, 0x00007f005db50000)
  eden space 8303360K,   0% used [0x00007efb08600000, 0x00007efb08600000, 0x00007efd032c0000)
  from space 1037888K,  59% used [0x00007efd42850000, 0x00007efd68670680, 0x00007efd81de0000)
  to   space 1037888K,   0% used [0x00007efd032c0000, 0x00007efd032c0000, 0x00007efd42850000)
 tenured generation   total 20758248K, used 15751714K [0x00007f005db50000, 0x00007f0550b0a000, 0x00007f0b08600000)
   the space 20758248K,  75% used [0x00007f005db50000, 0x00007f041f1d8af8, 0x00007f041f1d8c00, 0x00007f0550b0a000)
 Metaspace       used 30455K, capacity 30894K, committed 31232K, reserved 32768K
}
Event: 2288.367 GC heap before
{Heap before GC invocations=73 (full 12):
 def new generation   total 9341248K, used 8924033K [0x00007efb08600000, 0x00007efd81de0000, 0x00007f005db50000)
  eden space 8303360K, 100% used [0x00007efb08600000, 0x00007efd032c0000, 0x00007efd032c0000)
  from space 1037888K,  59% used [0x00007efd42850000, 0x00007efd68670680, 0x00007efd81de0000)
  to   space 1037888K,   0% used [0x00007efd032c0000, 0x00007efd032c0000, 0x00007efd42850000)
 tenured generation   total 20758248K, used 15751714K [0x00007f005db50000, 0x00007f0550b0a000, 0x00007f0b08600000)
   the space 20758248K,  75% used [0x00007f005db50000, 0x00007f041f1d8af8, 0x00007f041f1d8c00, 0x00007f0550b0a000)
 Metaspace       used 30455K, capacity 30894K, committed 31232K, reserved 32768K
}
Event: 2290.413 GC heap after
{Heap after GC invocations=74 (full 12):
 def new generation   total 9341248K, used 621769K [0x00007efb08600000, 0x00007efd81de0000, 0x00007f005db50000)
  eden space 8303360K,   0% used [0x00007efb08600000, 0x00007efb08600000, 0x00007efd032c0000)
  from space 1037888K,  59% used [0x00007efd032c0000, 0x00007efd291f2490, 0x00007efd42850000)
  to   space 1037888K,   0% used [0x00007efd42850000, 0x00007efd42850000, 0x00007efd81de0000)
 tenured generation   total 20758248K, used 16372387K [0x00007f005db50000, 0x00007f0550b0a000, 0x00007f0b08600000)
   the space 20758248K,  78% used [0x00007f005db50000, 0x00007f0444ff8d18, 0x00007f0444ff8e00, 0x00007f0550b0a000)
 Metaspace       used 30455K, capacity 30894K, committed 31232K, reserved 32768K
}
Event: 2292.725 GC heap before
{Heap before GC invocations=74 (full 12):
 def new generation   total 9341248K, used 8925129K [0x00007efb08600000, 0x00007efd81de0000, 0x00007f005db50000)
  eden space 8303360K, 100% used [0x00007efb08600000, 0x00007efd032c0000, 0x00007efd032c0000)
  from space 1037888K,  59% used [0x00007efd032c0000, 0x00007efd291f2490, 0x00007efd42850000)
  to   space 1037888K,   0% used [0x00007efd42850000, 0x00007efd42850000, 0x00007efd81de0000)
 tenured generation   total 20758248K, used 16372387K [0x00007f005db50000, 0x00007f0550b0a000, 0x00007f0b08600000)
   the space 20758248K,  78% used [0x00007f005db50000, 0x00007f0444ff8d18, 0x00007f0444ff8e00, 0x00007f0550b0a000)
 Metaspace       used 30455K, capacity 30894K, committed 31232K, reserved 32768K
}
Event: 2294.787 GC heap after
{Heap after GC invocations=75 (full 12):
 def new generation   total 9341248K, used 623821K [0x00007efb08600000, 0x00007efd81de0000, 0x00007f005db50000)
  eden space 8303360K,   0% used [0x00007efb08600000, 0x00007efb08600000, 0x00007efd032c0000)
  from space 1037888K,  60% used [0x00007efd42850000, 0x00007efd689837a0, 0x00007efd81de0000)
  to   space 1037888K,   0% used [0x00007efd032c0000, 0x00007efd032c0000, 0x00007efd42850000)
 tenured generation   total 20758248K, used 16994155K [0x00007f005db50000, 0x00007f0550b0a000, 0x00007f0b08600000)
   the space 20758248K,  81% used [0x00007f005db50000, 0x00007f046af2adb8, 0x00007f046af2ae00, 0x00007f0550b0a000)
 Metaspace       used 30455K, capacity 30894K, committed 31232K, reserved 32768K
}
Event: 2297.132 GC heap before
{Heap before GC invocations=75 (full 12):
 def new generation   total 9341248K, used 8927181K [0x00007efb08600000, 0x00007efd81de0000, 0x00007f005db50000)
  eden space 8303360K, 100% used [0x00007efb08600000, 0x00007efd032c0000, 0x00007efd032c0000)
  from space 1037888K,  60% used [0x00007efd42850000, 0x00007efd689837a0, 0x00007efd81de0000)
  to   space 1037888K,   0% used [0x00007efd032c0000, 0x00007efd032c0000, 0x00007efd42850000)
 tenured generation   total 20758248K, used 16994155K [0x00007f005db50000, 0x00007f0550b0a000, 0x00007f0b08600000)
   the space 20758248K,  81% used [0x00007f005db50000, 0x00007f046af2adb8, 0x00007f046af2ae00, 0x00007f0550b0a000)
 Metaspace       used 30455K, capacity 30894K, committed 31232K, reserved 32768K
}
Event: 2299.153 GC heap after
{Heap after GC invocations=76 (full 12):
 def new generation   total 9341248K, used 621270K [0x00007efb08600000, 0x00007efd81de0000, 0x00007f005db50000)
  eden space 8303360K,   0% used [0x00007efb08600000, 0x00007efb08600000, 0x00007efd032c0000)
  from space 1037888K,  59% used [0x00007efd032c0000, 0x00007efd29175a60, 0x00007efd42850000)
  to   space 1037888K,   0% used [0x00007efd42850000, 0x00007efd42850000, 0x00007efd81de0000)
 tenured generation   total 20758248K, used 17617977K [0x00007f005db50000, 0x00007f0550b0a000, 0x00007f0b08600000)
   the space 20758248K,  84% used [0x00007f005db50000, 0x00007f049105e458, 0x00007f049105e600, 0x00007f0550b0a000)
 Metaspace       used 30455K, capacity 30894K, committed 31232K, reserved 32768K
}
Event: 2301.507 GC heap before
{Heap before GC invocations=76 (full 12):
 def new generation   total 9341248K, used 8924630K [0x00007efb08600000, 0x00007efd81de0000, 0x00007f005db50000)
  eden space 8303360K, 100% used [0x00007efb08600000, 0x00007efd032c0000, 0x00007efd032c0000)
  from space 1037888K,  59% used [0x00007efd032c0000, 0x00007efd29175a60, 0x00007efd42850000)
  to   space 1037888K,   0% used [0x00007efd42850000, 0x00007efd42850000, 0x00007efd81de0000)
 tenured generation   total 20758248K, used 17617977K [0x00007f005db50000, 0x00007f0550b0a000, 0x00007f0b08600000)
   the space 20758248K,  84% used [0x00007f005db50000, 0x00007f049105e458, 0x00007f049105e600, 0x00007f0550b0a000)
 Metaspace       used 30455K, capacity 30894K, committed 31232K, reserved 32768K
}
Event: 2303.513 GC heap after
{Heap after GC invocations=77 (full 12):
 def new generation   total 9341248K, used 626212K [0x00007efb08600000, 0x00007efd81de0000, 0x00007f005db50000)
  eden space 8303360K,   0% used [0x00007efb08600000, 0x00007efb08600000, 0x00007efd032c0000)
  from space 1037888K,  60% used [0x00007efd42850000, 0x00007efd68bd90f0, 0x00007efd81de0000)
  to   space 1037888K,   0% used [0x00007efd032c0000, 0x00007efd032c0000, 0x00007efd42850000)
 tenured generation   total 20758248K, used 18239247K [0x00007f005db50000, 0x00007f0550b0a000, 0x00007f0b08600000)
   the space 20758248K,  87% used [0x00007f005db50000, 0x00007f04b6f13c08, 0x00007f04b6f13e00, 0x00007f0550b0a000)
 Metaspace       used 30455K, capacity 30894K, committed 31232K, reserved 32768K
}
Event: 2305.889 GC heap before
{Heap before GC invocations=77 (full 12):
 def new generation   total 9341248K, used 8929572K [0x00007efb08600000, 0x00007efd81de0000, 0x00007f005db50000)
  eden space 8303360K, 100% used [0x00007efb08600000, 0x00007efd032c0000, 0x00007efd032c0000)
  from space 1037888K,  60% used [0x00007efd42850000, 0x00007efd68bd90f0, 0x00007efd81de0000)
  to   space 1037888K,   0% used [0x00007efd032c0000, 0x00007efd032c0000, 0x00007efd42850000)
 tenured generation   total 20758248K, used 18239247K [0x00007f005db50000, 0x00007f0550b0a000, 0x00007f0b08600000)
   the space 20758248K,  87% used [0x00007f005db50000, 0x00007f04b6f13c08, 0x00007f04b6f13e00, 0x00007f0550b0a000)
 Metaspace       used 30455K, capacity 30894K, committed 31232K, reserved 32768K
}
Event: 2307.897 GC heap after
{Heap after GC invocations=78 (full 12):
 def new generation   total 9341248K, used 610617K [0x00007efb08600000, 0x00007efd81de0000, 0x00007f005db50000)
  eden space 8303360K,   0% used [0x00007efb08600000, 0x00007efb08600000, 0x00007efd032c0000)
  from space 1037888K,  58% used [0x00007efd032c0000, 0x00007efd2870e780, 0x00007efd42850000)
  to   space 1037888K,   0% used [0x00007efd42850000, 0x00007efd42850000, 0x00007efd81de0000)
 tenured generation   total 20758248K, used 18865458K [0x00007f005db50000, 0x00007f0550b0a000, 0x00007f0b08600000)
   the space 20758248K,  90% used [0x00007f005db50000, 0x00007f04dd29cb28, 0x00007f04dd29cc00, 0x00007f0550b0a000)
 Metaspace       used 30455K, capacity 30894K, committed 31232K, reserved 32768K
}
Event: 2310.275 GC heap before
{Heap before GC invocations=78 (full 12):
 def new generation   total 9341248K, used 8913977K [0x00007efb08600000, 0x00007efd81de0000, 0x00007f005db50000)
  eden space 8303360K, 100% used [0x00007efb08600000, 0x00007efd032c0000, 0x00007efd032c0000)
  from space 1037888K,  58% used [0x00007efd032c0000, 0x00007efd2870e780, 0x00007efd42850000)
  to   space 1037888K,   0% used [0x00007efd42850000, 0x00007efd42850000, 0x00007efd81de0000)
 tenured generation   total 20758248K, used 18865458K [0x00007f005db50000, 0x00007f0550b0a000, 0x00007f0b08600000)
   the space 20758248K,  90% used [0x00007f005db50000, 0x00007f04dd29cb28, 0x00007f04dd29cc00, 0x00007f0550b0a000)
 Metaspace       used 30455K, capacity 30894K, committed 31232K, reserved 32768K
}
Event: 2312.283 GC heap after
{Heap after GC invocations=79 (full 12):
 def new generation   total 9341248K, used 610805K [0x00007efb08600000, 0x00007efd81de0000, 0x00007f005db50000)
  eden space 8303360K,   0% used [0x00007efb08600000, 0x00007efb08600000, 0x00007efd032c0000)
  from space 1037888K,  58% used [0x00007efd42850000, 0x00007efd67ccd408, 0x00007efd81de0000)
  to   space 1037888K,   0% used [0x00007efd032c0000, 0x00007efd032c0000, 0x00007efd42850000)
 tenured generation   total 20758248K, used 19476076K [0x00007f005db50000, 0x00007f0550b0a000, 0x00007f0b08600000)
   the space 20758248K,  93% used [0x00007f005db50000, 0x00007f05026eb0e8, 0x00007f05026eb200, 0x00007f0550b0a000)
 Metaspace       used 30455K, capacity 30894K, committed 31232K, reserved 32768K
}
Event: 2314.666 GC heap before
{Heap before GC invocations=79 (full 12):
 def new generation   total 9341248K, used 8914165K [0x00007efb08600000, 0x00007efd81de0000, 0x00007f005db50000)
  eden space 8303360K, 100% used [0x00007efb08600000, 0x00007efd032c0000, 0x00007efd032c0000)
  from space 1037888K,  58% used [0x00007efd42850000, 0x00007efd67ccd408, 0x00007efd81de0000)
  to   space 1037888K,   0% used [0x00007efd032c0000, 0x00007efd032c0000, 0x00007efd42850000)
 tenured generation   total 20758248K, used 19476076K [0x00007f005db50000, 0x00007f0550b0a000, 0x00007f0b08600000)
   the space 20758248K,  93% used [0x00007f005db50000, 0x00007f05026eb0e8, 0x00007f05026eb200, 0x00007f0550b0a000)
 Metaspace       used 30455K, capacity 30894K, committed 31232K, reserved 32768K
}
Event: 2316.615 GC heap after
{Heap after GC invocations=80 (full 12):
 def new generation   total 9341248K, used 622355K [0x00007efb08600000, 0x00007efd81de0000, 0x00007f005db50000)
  eden space 8303360K,   0% used [0x00007efb08600000, 0x00007efb08600000, 0x00007efd032c0000)
  from space 1037888K,  59% used [0x00007efd032c0000, 0x00007efd29284d60, 0x00007efd42850000)
  to   space 1037888K,   0% used [0x00007efd42850000, 0x00007efd42850000, 0x00007efd81de0000)
 tenured generation   total 20758248K, used 20086880K [0x00007f005db50000, 0x00007f0550b0a000, 0x00007f0b08600000)
   the space 20758248K,  96% used [0x00007f005db50000, 0x00007f0527b68108, 0x00007f0527b68200, 0x00007f0550b0a000)
 Metaspace       used 30455K, capacity 30894K, committed 31232K, reserved 32768K
}
Event: 2319.083 GC heap before
{Heap before GC invocations=80 (full 12):
 def new generation   total 9341248K, used 8925715K [0x00007efb08600000, 0x00007efd81de0000, 0x00007f005db50000)
  eden space 8303360K, 100% used [0x00007efb08600000, 0x00007efd032c0000, 0x00007efd032c0000)
  from space 1037888K,  59% used [0x00007efd032c0000, 0x00007efd29284d60, 0x00007efd42850000)
  to   space 1037888K,   0% used [0x00007efd42850000, 0x00007efd42850000, 0x00007efd81de0000)
 tenured generation   total 20758248K, used 20086880K [0x00007f005db50000, 0x00007f0550b0a000, 0x00007f0b08600000)
   the space 20758248K,  96% used [0x00007f005db50000, 0x00007f0527b68108, 0x00007f0527b68200, 0x00007f0550b0a000)
 Metaspace       used 30455K, capacity 30894K, committed 31232K, reserved 32768K
}
Event: 2321.213 GC heap after
{Heap after GC invocations=81 (full 12):
 def new generation   total 9341248K, used 639167K [0x00007efb08600000, 0x00007efd81de0000, 0x00007f005db50000)
  eden space 8303360K,   0% used [0x00007efb08600000, 0x00007efb08600000, 0x00007efd032c0000)
  from space 1037888K,  61% used [0x00007efd42850000, 0x00007efd6987ff50, 0x00007efd81de0000)
  to   space 1037888K,   0% used [0x00007efd032c0000, 0x00007efd032c0000, 0x00007efd42850000)
 tenured generation   total 20758248K, used 20709235K [0x00007f005db50000, 0x00007f0550b0a000, 0x00007f0b08600000)
   the space 20758248K,  99% used [0x00007f005db50000, 0x00007f054db2ccc8, 0x00007f054db2ce00, 0x00007f0550b0a000)
 Metaspace       used 30455K, capacity 30894K, committed 31232K, reserved 32768K
}
Event: 2323.755 GC heap before
{Heap before GC invocations=81 (full 12):
 def new generation   total 9341248K, used 8942527K [0x00007efb08600000, 0x00007efd81de0000, 0x00007f005db50000)
  eden space 8303360K, 100% used [0x00007efb08600000, 0x00007efd032c0000, 0x00007efd032c0000)
  from space 1037888K,  61% used [0x00007efd42850000, 0x00007efd6987ff50, 0x00007efd81de0000)
  to   space 1037888K,   0% used [0x00007efd032c0000, 0x00007efd032c0000, 0x00007efd42850000)
 tenured generation   total 20758248K, used 20709235K [0x00007f005db50000, 0x00007f0550b0a000, 0x00007f0b08600000)
   the space 20758248K,  99% used [0x00007f005db50000, 0x00007f054db2ccc8, 0x00007f054db2ce00, 0x00007f0550b0a000)
 Metaspace       used 30455K, capacity 30894K, committed 31232K, reserved 32768K
}
Event: 2326.006 GC heap after
{Heap after GC invocations=82 (full 12):
 def new generation   total 9341248K, used 688552K [0x00007efb08600000, 0x00007efd81de0000, 0x00007f005db50000)
  eden space 8303360K,   0% used [0x00007efb08600000, 0x00007efb08600000, 0x00007efd032c0000)
  from space 1037888K,  66% used [0x00007efd032c0000, 0x00007efd2d32a1a0, 0x00007efd42850000)
  to   space 1037888K,   0% used [0x00007efd42850000, 0x00007efd42850000, 0x00007efd81de0000)
 tenured generation   total 21348456K, used 21348402K [0x00007f005db50000, 0x00007f0574b6a000, 0x00007f0b08600000)
   the space 21348456K,  99% used [0x00007f005db50000, 0x00007f0574b5c9d8, 0x00007f0574b5ca00, 0x00007f0574b6a000)
 Metaspace       used 30455K, capacity 30894K, committed 31232K, reserved 32768K
}
Event: 2326.006 GC heap before
{Heap before GC invocations=82 (full 12):
 def new generation   total 9341248K, used 688552K [0x00007efb08600000, 0x00007efd81de0000, 0x00007f005db50000)
  eden space 8303360K,   0% used [0x00007efb08600000, 0x00007efb08600000, 0x00007efd032c0000)
  from space 1037888K,  66% used [0x00007efd032c0000, 0x00007efd2d32a1a0, 0x00007efd42850000)
  to   space 1037888K,   0% used [0x00007efd42850000, 0x00007efd42850000, 0x00007efd81de0000)
 tenured generation   total 21348456K, used 21348402K [0x00007f005db50000, 0x00007f0574b6a000, 0x00007f0b08600000)
   the space 21348456K,  99% used [0x00007f005db50000, 0x00007f0574b5c9d8, 0x00007f0574b5ca00, 0x00007f0574b6a000)
 Metaspace       used 30455K, capacity 30894K, committed 31232K, reserved 32768K
}

