# JRE version: OpenJDK Runtime Environment (13.0.7+5) (build 13.0.7+5-Ubuntu-0ubuntu120.04)
# Java VM: OpenJDK 64-Bit Server VM (13.0.7+5-Ubuntu-0ubuntu120.04, mixed mode, tiered, serial gc, linux-amd64)
Heap:
 def new generation   total 3546112K, used 0K [0x00007f6b84600000, 0x00007f6c74dc0000, 0x00007f70d9b50000)
  eden space 3152128K,   0% used [0x00007f6b84600000, 0x00007f6b84600000, 0x00007f6c44c40000)
  from space 393984K,   0% used [0x00007f6c44c40000, 0x00007f6c44c40000, 0x00007f6c5cd00000)
  to   space 393984K,   0% used [0x00007f6c5cd00000, 0x00007f6c5cd00000, 0x00007f6c74dc0000)
 tenured generation   total 7880064K, used 4203748K [0x00007f70d9b50000, 0x00007f72baab0000, 0x00007f7b84600000)
   the space 7880064K,  53% used [0x00007f70d9b50000, 0x00007f71da489138, 0x00007f71da489200, 0x00007f72baab0000)
 Metaspace       used 23244K, capacity 23616K, committed 23808K, reserved 24576K
GC Heap History (20 events):
Event: 18.115 GC heap before
{Heap before GC invocations=14 (full 2):
 def new generation   total 629248K, used 17501K [0x00007f6b84600000, 0x00007f6baf0c0000, 0x00007f70d9b50000)
  eden space 559360K,   0% used [0x00007f6b84600000, 0x00007f6b84600000, 0x00007f6ba6840000)
  from space 69888K,  25% used [0x00007f6baac80000, 0x00007f6babd97798, 0x00007f6baf0c0000)
  to   space 69888K,   0% used [0x00007f6ba6840000, 0x00007f6ba6840000, 0x00007f6baac80000)
 tenured generation   total 1922436K, used 1850146K [0x00007f70d9b50000, 0x00007f714f0b1000, 0x00007f7b84600000)
   the space 1922436K,  96% used [0x00007f70d9b50000, 0x00007f714aa188a8, 0x00007f714aa18a00, 0x00007f714f0b1000)
 Metaspace       used 23244K, capacity 23616K, committed 23808K, reserved 24576K
}
Event: 18.404 GC heap after
{Heap after GC invocations=14 (full 3):
 def new generation   total 629248K, used 0K [0x00007f6b84600000, 0x00007f6baf0c0000, 0x00007f70d9b50000)
  eden space 559360K,   0% used [0x00007f6b84600000, 0x00007f6b84600000, 0x00007f6ba6840000)
  from space 69888K,   0% used [0x00007f6baac80000, 0x00007f6baac80000, 0x00007f6baf0c0000)
  to   space 69888K,   0% used [0x00007f6ba6840000, 0x00007f6ba6840000, 0x00007f6baac80000)
 tenured generation   total 1398144K, used 670520K [0x00007f70d9b50000, 0x00007f712f0b0000, 0x00007f7b84600000)
   the space 1398144K,  47% used [0x00007f70d9b50000, 0x00007f7102a1e148, 0x00007f7102a1e200, 0x00007f712f0b0000)
 Metaspace       used 23244K, capacity 23616K, committed 23808K, reserved 24576K
}
Event: 18.746 GC heap before
{Heap before GC invocations=14 (full 3):
 def new generation   total 629248K, used 535260K [0x00007f6b84600000, 0x00007f6baf0c0000, 0x00007f70d9b50000)
  eden space 559360K,  95% used [0x00007f6b84600000, 0x00007f6ba50b71a8, 0x00007f6ba6840000)
  from space 69888K,   0% used [0x00007f6baac80000, 0x00007f6baac80000, 0x00007f6baf0c0000)
  to   space 69888K,   0% used [0x00007f6ba6840000, 0x00007f6ba6840000, 0x00007f6baac80000)
 tenured generation   total 1398144K, used 670520K [0x00007f70d9b50000, 0x00007f712f0b0000, 0x00007f7b84600000)
   the space 1398144K,  47% used [0x00007f70d9b50000, 0x00007f7102a1e148, 0x00007f7102a1e200, 0x00007f712f0b0000)
 Metaspace       used 23244K, capacity 23616K, committed 23808K, reserved 24576K
}
Event: 18.946 GC heap after
{Heap after GC invocations=15 (full 3):
 def new generation   total 629248K, used 1K [0x00007f6b84600000, 0x00007f6baf0c0000, 0x00007f70d9b50000)
  eden space 559360K,   0% used [0x00007f6b84600000, 0x00007f6b84600000, 0x00007f6ba6840000)
  from space 69888K,   0% used [0x00007f6ba6840000, 0x00007f6ba6840448, 0x00007f6baac80000)
  to   space 69888K,   0% used [0x00007f6baac80000, 0x00007f6baac80000, 0x00007f6baf0c0000)
 tenured generation   total 1398144K, used 1194808K [0x00007f70d9b50000, 0x00007f712f0b0000, 0x00007f7b84600000)
   the space 1398144K,  85% used [0x00007f70d9b50000, 0x00007f7122a1e178, 0x00007f7122a1e200, 0x00007f712f0b0000)
 Metaspace       used 23244K, capacity 23616K, committed 23808K, reserved 24576K
}
Event: 19.295 GC heap before
{Heap before GC invocations=15 (full 3):
 def new generation   total 629248K, used 420568K [0x00007f6b84600000, 0x00007f6baf0c0000, 0x00007f70d9b50000)
  eden space 559360K,  75% used [0x00007f6b84600000, 0x00007f6b9e0b5dc8, 0x00007f6ba6840000)
  from space 69888K,   0% used [0x00007f6ba6840000, 0x00007f6ba6840448, 0x00007f6baac80000)
  to   space 69888K,   0% used [0x00007f6baac80000, 0x00007f6baac80000, 0x00007f6baf0c0000)
 tenured generation   total 1398144K, used 1194808K [0x00007f70d9b50000, 0x00007f712f0b0000, 0x00007f7b84600000)
   the space 1398144K,  85% used [0x00007f70d9b50000, 0x00007f7122a1e178, 0x00007f7122a1e200, 0x00007f712f0b0000)
 Metaspace       used 23244K, capacity 23616K, committed 23808K, reserved 24576K
}
Event: 19.324 GC heap after
{Heap after GC invocations=16 (full 3):
 def new generation   total 629248K, used 54401K [0x00007f6b84600000, 0x00007f6baf0c0000, 0x00007f70d9b50000)
  eden space 559360K,   0% used [0x00007f6b84600000, 0x00007f6b84600000, 0x00007f6ba6840000)
  from space 69888K,  77% used [0x00007f6baac80000, 0x00007f6bae1a07d8, 0x00007f6baf0c0000)
  to   space 69888K,   0% used [0x00007f6ba6840000, 0x00007f6ba6840000, 0x00007f6baac80000)
 tenured generation   total 1398144K, used 1260344K [0x00007f70d9b50000, 0x00007f712f0b0000, 0x00007f7b84600000)
   the space 1398144K,  90% used [0x00007f70d9b50000, 0x00007f7126a1e190, 0x00007f7126a1e200, 0x00007f712f0b0000)
 Metaspace       used 23244K, capacity 23616K, committed 23808K, reserved 24576K
}
Event: 19.598 GC heap before
{Heap before GC invocations=16 (full 3):
 def new generation   total 629248K, used 589632K [0x00007f6b84600000, 0x00007f6baf0c0000, 0x00007f70d9b50000)
  eden space 559360K,  95% used [0x00007f6b84600000, 0x00007f6ba50af8f0, 0x00007f6ba6840000)
  from space 69888K,  77% used [0x00007f6baac80000, 0x00007f6bae1a07d8, 0x00007f6baf0c0000)
  to   space 69888K,   0% used [0x00007f6ba6840000, 0x00007f6ba6840000, 0x00007f6baac80000)
 tenured generation   total 1398144K, used 1260344K [0x00007f70d9b50000, 0x00007f712f0b0000, 0x00007f7b84600000)
   the space 1398144K,  90% used [0x00007f70d9b50000, 0x00007f7126a1e190, 0x00007f7126a1e200, 0x00007f712f0b0000)
 Metaspace       used 23244K, capacity 23616K, committed 23808K, reserved 24576K
}
Event: 19.945 GC heap after
{Heap after GC invocations=17 (full 3):
 def new generation   total 629248K, used 2K [0x00007f6b84600000, 0x00007f6baf0c0000, 0x00007f70d9b50000)
  eden space 559360K,   0% used [0x00007f6b84600000, 0x00007f6b84600000, 0x00007f6ba6840000)
  from space 69888K,   0% used [0x00007f6ba6840000, 0x00007f6ba6840818, 0x00007f6baac80000)
  to   space 69888K,   0% used [0x00007f6baac80000, 0x00007f6baac80000, 0x00007f6baf0c0000)
 tenured generation   total 1922440K, used 1834935K [0x00007f70d9b50000, 0x00007f714f0b2000, 0x00007f7b84600000)
   the space 1922440K,  95% used [0x00007f70d9b50000, 0x00007f7149b3ddb0, 0x00007f7149b3de00, 0x00007f714f0b2000)
 Metaspace       used 23244K, capacity 23616K, committed 23808K, reserved 24576K
}
Event: 19.945 GC heap before
{Heap before GC invocations=17 (full 3):
 def new generation   total 629248K, used 2K [0x00007f6b84600000, 0x00007f6baf0c0000, 0x00007f70d9b50000)
  eden space 559360K,   0% used [0x00007f6b84600000, 0x00007f6b84600000, 0x00007f6ba6840000)
  from space 69888K,   0% used [0x00007f6ba6840000, 0x00007f6ba6840818, 0x00007f6baac80000)
  to   space 69888K,   0% used [0x00007f6baac80000, 0x00007f6baac80000, 0x00007f6baf0c0000)
 tenured generation   total 1922440K, used 1834935K [0x00007f70d9b50000, 0x00007f714f0b2000, 0x00007f7b84600000)
   the space 1922440K,  95% used [0x00007f70d9b50000, 0x00007f7149b3ddb0, 0x00007f7149b3de00, 0x00007f714f0b2000)
 Metaspace       used 23244K, capacity 23616K, committed 23808K, reserved 24576K
}
Event: 20.180 GC heap after
{Heap after GC invocations=17 (full 4):
 def new generation   total 629248K, used 0K [0x00007f6b84600000, 0x00007f6baf0c0000, 0x00007f70d9b50000)
  eden space 559360K,   0% used [0x00007f6b84600000, 0x00007f6b84600000, 0x00007f6ba6840000)
  from space 69888K,   0% used [0x00007f6ba6840000, 0x00007f6ba6840000, 0x00007f6baac80000)
  to   space 69888K,   0% used [0x00007f6baac80000, 0x00007f6baac80000, 0x00007f6baf0c0000)
 tenured generation   total 1398144K, used 533732K [0x00007f70d9b50000, 0x00007f712f0b0000, 0x00007f7b84600000)
   the space 1398144K,  38% used [0x00007f70d9b50000, 0x00007f70fa4891a8, 0x00007f70fa489200, 0x00007f712f0b0000)
 Metaspace       used 23244K, capacity 23616K, committed 23808K, reserved 24576K
}
Event: 24.970 GC heap before
{Heap before GC invocations=17 (full 4):
 def new generation   total 629248K, used 11016K [0x00007f6b84600000, 0x00007f6baf0c0000, 0x00007f70d9b50000)
  eden space 559360K,   1% used [0x00007f6b84600000, 0x00007f6b850c2390, 0x00007f6ba6840000)
  from space 69888K,   0% used [0x00007f6ba6840000, 0x00007f6ba6840000, 0x00007f6baac80000)
  to   space 69888K,   0% used [0x00007f6baac80000, 0x00007f6baac80000, 0x00007f6baf0c0000)
 tenured generation   total 5592452K, used 4728036K [0x00007f70d9b50000, 0x00007f722f0b1000, 0x00007f7b84600000)
   the space 5592452K,  84% used [0x00007f70d9b50000, 0x00007f71fa4891c0, 0x00007f71fa489200, 0x00007f722f0b1000)
 Metaspace       used 23244K, capacity 23616K, committed 23808K, reserved 24576K
}
Event: 24.977 GC heap after
{Heap after GC invocations=18 (full 4):
 def new generation   total 629248K, used 0K [0x00007f6b84600000, 0x00007f6baf0c0000, 0x00007f70d9b50000)
  eden space 559360K,   0% used [0x00007f6b84600000, 0x00007f6b84600000, 0x00007f6ba6840000)
  from space 69888K,   0% used [0x00007f6baac80000, 0x00007f6baac80170, 0x00007f6baf0c0000)
  to   space 69888K,   0% used [0x00007f6ba6840000, 0x00007f6ba6840000, 0x00007f6baac80000)
 tenured generation   total 5592452K, used 4728036K [0x00007f70d9b50000, 0x00007f722f0b1000, 0x00007f7b84600000)
   the space 5592452K,  84% used [0x00007f70d9b50000, 0x00007f71fa4891c0, 0x00007f71fa489200, 0x00007f722f0b1000)
 Metaspace       used 23244K, capacity 23616K, committed 23808K, reserved 24576K
}
Event: 24.977 GC heap before
{Heap before GC invocations=18 (full 4):
 def new generation   total 629248K, used 0K [0x00007f6b84600000, 0x00007f6baf0c0000, 0x00007f70d9b50000)
  eden space 559360K,   0% used [0x00007f6b84600000, 0x00007f6b84600000, 0x00007f6ba6840000)
  from space 69888K,   0% used [0x00007f6baac80000, 0x00007f6baac80170, 0x00007f6baf0c0000)
  to   space 69888K,   0% used [0x00007f6ba6840000, 0x00007f6ba6840000, 0x00007f6baac80000)
 tenured generation   total 5592452K, used 4728036K [0x00007f70d9b50000, 0x00007f722f0b1000, 0x00007f7b84600000)
   the space 5592452K,  84% used [0x00007f70d9b50000, 0x00007f71fa4891c0, 0x00007f71fa489200, 0x00007f722f0b1000)
 Metaspace       used 23244K, capacity 23616K, committed 23808K, reserved 24576K
}
Event: 25.032 GC heap after
{Heap after GC invocations=18 (full 5):
 def new generation   total 3546112K, used 0K [0x00007f6b84600000, 0x00007f6c74dc0000, 0x00007f70d9b50000)
  eden space 3152128K,   0% used [0x00007f6b84600000, 0x00007f6b84600000, 0x00007f6c44c40000)
  from space 393984K,   0% used [0x00007f6c44c40000, 0x00007f6c44c40000, 0x00007f6c5cd00000)
  to   space 393984K,   0% used [0x00007f6c5cd00000, 0x00007f6c5cd00000, 0x00007f6c74dc0000)
 tenured generation   total 7880064K, used 4728036K [0x00007f70d9b50000, 0x00007f72baab0000, 0x00007f7b84600000)
   the space 7880064K,  59% used [0x00007f70d9b50000, 0x00007f71fa489330, 0x00007f71fa489400, 0x00007f72baab0000)
 Metaspace       used 23244K, capacity 23616K, committed 23808K, reserved 24576K
}
Event: 27.868 GC heap before
{Heap before GC invocations=18 (full 5):
 def new generation   total 3546112K, used 2159234K [0x00007f6b84600000, 0x00007f6c74dc0000, 0x00007f70d9b50000)
  eden space 3152128K,  68% used [0x00007f6b84600000, 0x00007f6c082a0ac8, 0x00007f6c44c40000)
  from space 393984K,   0% used [0x00007f6c44c40000, 0x00007f6c44c40000, 0x00007f6c5cd00000)
  to   space 393984K,   0% used [0x00007f6c5cd00000, 0x00007f6c5cd00000, 0x00007f6c74dc0000)
 tenured generation   total 7880064K, used 4728036K [0x00007f70d9b50000, 0x00007f72baab0000, 0x00007f7b84600000)
   the space 7880064K,  59% used [0x00007f70d9b50000, 0x00007f71fa489330, 0x00007f71fa489400, 0x00007f72baab0000)
 Metaspace       used 23244K, capacity 23616K, committed 23808K, reserved 24576K
}
Event: 29.918 GC heap after
{Heap after GC invocations=19 (full 5):
 def new generation   total 3546112K, used 0K [0x00007f6b84600000, 0x00007f6c74dc0000, 0x00007f70d9b50000)
  eden space 3152128K,   0% used [0x00007f6b84600000, 0x00007f6b84600000, 0x00007f6c44c40000)
  from space 393984K,   0% used [0x00007f6c5cd00000, 0x00007f6c5cd000b8, 0x00007f6c74dc0000)
  to   space 393984K,   0% used [0x00007f6c44c40000, 0x00007f6c44c40000, 0x00007f6c5cd00000)
 tenured generation   total 7880064K, used 6825188K [0x00007f70d9b50000, 0x00007f72baab0000, 0x00007f7b84600000)
   the space 7880064K,  86% used [0x00007f70d9b50000, 0x00007f727a489348, 0x00007f727a489400, 0x00007f72baab0000)
 Metaspace       used 23244K, capacity 23616K, committed 23808K, reserved 24576K
}
Event: 31.147 GC heap before
{Heap before GC invocations=19 (full 5):
 def new generation   total 3546112K, used 2158936K [0x00007f6b84600000, 0x00007f6c74dc0000, 0x00007f70d9b50000)
  eden space 3152128K,  68% used [0x00007f6b84600000, 0x00007f6c08256130, 0x00007f6c44c40000)
  from space 393984K,   0% used [0x00007f6c5cd00000, 0x00007f6c5cd000b8, 0x00007f6c74dc0000)
  to   space 393984K,   0% used [0x00007f6c44c40000, 0x00007f6c44c40000, 0x00007f6c5cd00000)
 tenured generation   total 7880064K, used 6825188K [0x00007f70d9b50000, 0x00007f72baab0000, 0x00007f7b84600000)
   the space 7880064K,  86% used [0x00007f70d9b50000, 0x00007f727a489348, 0x00007f727a489400, 0x00007f72baab0000)
 Metaspace       used 23244K, capacity 23616K, committed 23808K, reserved 24576K
}
Event: 33.727 GC heap after
{Heap after GC invocations=20 (full 5):
 def new generation   total 3546112K, used 0K [0x00007f6b84600000, 0x00007f6c74dc0000, 0x00007f70d9b50000)
  eden space 3152128K,   0% used [0x00007f6b84600000, 0x00007f6b84600000, 0x00007f6c44c40000)
  from space 393984K,   0% used [0x00007f6c44c40000, 0x00007f6c44c40348, 0x00007f6c5cd00000)
  to   space 393984K,   0% used [0x00007f6c5cd00000, 0x00007f6c5cd00000, 0x00007f6c74dc0000)
 tenured generation   total 9977220K, used 8922340K [0x00007f70d9b50000, 0x00007f733aab1000, 0x00007f7b84600000)
   the space 9977220K,  89% used [0x00007f70d9b50000, 0x00007f72fa489360, 0x00007f72fa489400, 0x00007f733aab1000)
 Metaspace       used 23244K, capacity 23616K, committed 23808K, reserved 24576K
}
Event: 33.727 GC heap before
{Heap before GC invocations=20 (full 5):
 def new generation   total 3546112K, used 0K [0x00007f6b84600000, 0x00007f6c74dc0000, 0x00007f70d9b50000)
  eden space 3152128K,   0% used [0x00007f6b84600000, 0x00007f6b84600000, 0x00007f6c44c40000)
  from space 393984K,   0% used [0x00007f6c44c40000, 0x00007f6c44c40348, 0x00007f6c5cd00000)
  to   space 393984K,   0% used [0x00007f6c5cd00000, 0x00007f6c5cd00000, 0x00007f6c74dc0000)
 tenured generation   total 9977220K, used 8922340K [0x00007f70d9b50000, 0x00007f733aab1000, 0x00007f7b84600000)
   the space 9977220K,  89% used [0x00007f70d9b50000, 0x00007f72fa489360, 0x00007f72fa489400, 0x00007f733aab1000)
 Metaspace       used 23244K, capacity 23616K, committed 23808K, reserved 24576K
}
Event: 36.406 GC heap after
{Heap after GC invocations=20 (full 6):
 def new generation   total 3546112K, used 0K [0x00007f6b84600000, 0x00007f6c74dc0000, 0x00007f70d9b50000)
  eden space 3152128K,   0% used [0x00007f6b84600000, 0x00007f6b84600000, 0x00007f6c44c40000)
  from space 393984K,   0% used [0x00007f6c44c40000, 0x00007f6c44c40000, 0x00007f6c5cd00000)
  to   space 393984K,   0% used [0x00007f6c5cd00000, 0x00007f6c5cd00000, 0x00007f6c74dc0000)
 tenured generation   total 7880064K, used 4203748K [0x00007f70d9b50000, 0x00007f72baab0000, 0x00007f7b84600000)
   the space 7880064K,  53% used [0x00007f70d9b50000, 0x00007f71da489138, 0x00007f71da489200, 0x00007f72baab0000)
 Metaspace       used 23244K, capacity 23616K, committed 23808K, reserved 24576K
}

