# JRE version: OpenJDK Runtime Environment (13.0.7+5) (build 13.0.7+5-Ubuntu-0ubuntu120.04)
# Java VM: OpenJDK 64-Bit Server VM (13.0.7+5-Ubuntu-0ubuntu120.04, mixed mode, tiered, serial gc, linux-amd64)
Heap:
 def new generation   total 793664K, used 0K [0x00007fb068600000, 0x00007fb09e320000, 0x00007fb5bdb50000)
  eden space 705536K,   0% used [0x00007fb068600000, 0x00007fb068600000, 0x00007fb093700000)
  from space 88128K,   0% used [0x00007fb098d10000, 0x00007fb098d10000, 0x00007fb09e320000)
  to   space 88128K,   0% used [0x00007fb093700000, 0x00007fb093700000, 0x00007fb098d10000)
 tenured generation   total 1763500K, used 9616K [0x00007fb5bdb50000, 0x00007fb62957b000, 0x00007fc068600000)
   the space 1763500K,   0% used [0x00007fb5bdb50000, 0x00007fb5be4b4048, 0x00007fb5be4b4200, 0x00007fb62957b000)
 Metaspace       used 23186K, capacity 23588K, committed 23808K, reserved 24576K
GC Heap History (20 events):
Event: 8.064 GC heap before
{Heap before GC invocations=5 (full 1):
 def new generation   total 629248K, used 539030K [0x00007fb068600000, 0x00007fb0930c0000, 0x00007fb5bdb50000)
  eden space 559360K,  96% used [0x00007fb068600000, 0x00007fb089327b08, 0x00007fb08a840000)
  from space 69888K,   1% used [0x00007fb08a840000, 0x00007fb08a97e050, 0x00007fb08ec80000)
  to   space 69888K,   0% used [0x00007fb08ec80000, 0x00007fb08ec80000, 0x00007fb0930c0000)
 tenured generation   total 1398144K, used 1062187K [0x00007fb5bdb50000, 0x00007fb6130b0000, 0x00007fc068600000)
   the space 1398144K,  75% used [0x00007fb5bdb50000, 0x00007fb5fe89acd8, 0x00007fb5fe89ae00, 0x00007fb6130b0000)
 Metaspace       used 23180K, capacity 23524K, committed 23552K, reserved 24576K
}
Event: 8.739 GC heap after
{Heap after GC invocations=6 (full 1):
 def new generation   total 629248K, used 1270K [0x00007fb068600000, 0x00007fb0930c0000, 0x00007fb5bdb50000)
  eden space 559360K,   0% used [0x00007fb068600000, 0x00007fb068600000, 0x00007fb08a840000)
  from space 69888K,   1% used [0x00007fb08ec80000, 0x00007fb08edbda58, 0x00007fb0930c0000)
  to   space 69888K,   0% used [0x00007fb08a840000, 0x00007fb08a840000, 0x00007fb08ec80000)
 tenured generation   total 1922436K, used 1586475K [0x00007fb5bdb50000, 0x00007fb6330b1000, 0x00007fc068600000)
   the space 1922436K,  82% used [0x00007fb5bdb50000, 0x00007fb61e89acf0, 0x00007fb61e89ae00, 0x00007fb6330b1000)
 Metaspace       used 23180K, capacity 23524K, committed 23552K, reserved 24576K
}
Event: 8.739 GC heap before
{Heap before GC invocations=6 (full 1):
 def new generation   total 629248K, used 1270K [0x00007fb068600000, 0x00007fb0930c0000, 0x00007fb5bdb50000)
  eden space 559360K,   0% used [0x00007fb068600000, 0x00007fb068600000, 0x00007fb08a840000)
  from space 69888K,   1% used [0x00007fb08ec80000, 0x00007fb08edbda58, 0x00007fb0930c0000)
  to   space 69888K,   0% used [0x00007fb08a840000, 0x00007fb08a840000, 0x00007fb08ec80000)
 tenured generation   total 1922436K, used 1586475K [0x00007fb5bdb50000, 0x00007fb6330b1000, 0x00007fc068600000)
   the space 1922436K,  82% used [0x00007fb5bdb50000, 0x00007fb61e89acf0, 0x00007fb61e89ae00, 0x00007fb6330b1000)
 Metaspace       used 23180K, capacity 23524K, committed 23552K, reserved 24576K
}
Event: 9.076 GC heap after
{Heap after GC invocations=6 (full 2):
 def new generation   total 629248K, used 0K [0x00007fb068600000, 0x00007fb0930c0000, 0x00007fb5bdb50000)
  eden space 559360K,   0% used [0x00007fb068600000, 0x00007fb068600000, 0x00007fb08a840000)
  from space 69888K,   0% used [0x00007fb08ec80000, 0x00007fb08ec80000, 0x00007fb0930c0000)
  to   space 69888K,   0% used [0x00007fb08a840000, 0x00007fb08a840000, 0x00007fb08ec80000)
 tenured generation   total 1398144K, used 539164K [0x00007fb5bdb50000, 0x00007fb6130b0000, 0x00007fc068600000)
   the space 1398144K,  38% used [0x00007fb5bdb50000, 0x00007fb5de9d70b8, 0x00007fb5de9d7200, 0x00007fb6130b0000)
 Metaspace       used 23180K, capacity 23524K, committed 23552K, reserved 24576K
}
Event: 9.540 GC heap before
{Heap before GC invocations=6 (full 2):
 def new generation   total 629248K, used 535351K [0x00007fb068600000, 0x00007fb0930c0000, 0x00007fb5bdb50000)
  eden space 559360K,  95% used [0x00007fb068600000, 0x00007fb0890cdf28, 0x00007fb08a840000)
  from space 69888K,   0% used [0x00007fb08ec80000, 0x00007fb08ec80000, 0x00007fb0930c0000)
  to   space 69888K,   0% used [0x00007fb08a840000, 0x00007fb08a840000, 0x00007fb08ec80000)
 tenured generation   total 1398144K, used 539164K [0x00007fb5bdb50000, 0x00007fb6130b0000, 0x00007fc068600000)
   the space 1398144K,  38% used [0x00007fb5bdb50000, 0x00007fb5de9d70b8, 0x00007fb5de9d7200, 0x00007fb6130b0000)
 Metaspace       used 23180K, capacity 23524K, committed 23552K, reserved 24576K
}
Event: 9.792 GC heap after
{Heap after GC invocations=7 (full 2):
 def new generation   total 629248K, used 0K [0x00007fb068600000, 0x00007fb0930c0000, 0x00007fb5bdb50000)
  eden space 559360K,   0% used [0x00007fb068600000, 0x00007fb068600000, 0x00007fb08a840000)
  from space 69888K,   0% used [0x00007fb08a840000, 0x00007fb08a840230, 0x00007fb08ec80000)
  to   space 69888K,   0% used [0x00007fb08ec80000, 0x00007fb08ec80000, 0x00007fb0930c0000)
 tenured generation   total 1398144K, used 1063452K [0x00007fb5bdb50000, 0x00007fb6130b0000, 0x00007fc068600000)
   the space 1398144K,  76% used [0x00007fb5bdb50000, 0x00007fb5fe9d70d0, 0x00007fb5fe9d7200, 0x00007fb6130b0000)
 Metaspace       used 23180K, capacity 23524K, committed 23552K, reserved 24576K
}
Event: 10.625 GC heap before
{Heap before GC invocations=7 (full 2):
 def new generation   total 629248K, used 535314K [0x00007fb068600000, 0x00007fb0930c0000, 0x00007fb5bdb50000)
  eden space 559360K,  95% used [0x00007fb068600000, 0x00007fb0890c4848, 0x00007fb08a840000)
  from space 69888K,   0% used [0x00007fb08a840000, 0x00007fb08a840230, 0x00007fb08ec80000)
  to   space 69888K,   0% used [0x00007fb08ec80000, 0x00007fb08ec80000, 0x00007fb0930c0000)
 tenured generation   total 1398144K, used 1063452K [0x00007fb5bdb50000, 0x00007fb6130b0000, 0x00007fc068600000)
   the space 1398144K,  76% used [0x00007fb5bdb50000, 0x00007fb5fe9d70d0, 0x00007fb5fe9d7200, 0x00007fb6130b0000)
 Metaspace       used 23180K, capacity 23524K, committed 23552K, reserved 24576K
}
Event: 11.037 GC heap after
{Heap after GC invocations=8 (full 2):
 def new generation   total 629248K, used 0K [0x00007fb068600000, 0x00007fb0930c0000, 0x00007fb5bdb50000)
  eden space 559360K,   0% used [0x00007fb068600000, 0x00007fb068600000, 0x00007fb08a840000)
  from space 69888K,   0% used [0x00007fb08ec80000, 0x00007fb08ec80190, 0x00007fb0930c0000)
  to   space 69888K,   0% used [0x00007fb08a840000, 0x00007fb08a840000, 0x00007fb08ec80000)
 tenured generation   total 1922436K, used 1587740K [0x00007fb5bdb50000, 0x00007fb6330b1000, 0x00007fc068600000)
   the space 1922436K,  82% used [0x00007fb5bdb50000, 0x00007fb61e9d70e8, 0x00007fb61e9d7200, 0x00007fb6330b1000)
 Metaspace       used 23180K, capacity 23524K, committed 23552K, reserved 24576K
}
Event: 11.037 GC heap before
{Heap before GC invocations=8 (full 2):
 def new generation   total 629248K, used 0K [0x00007fb068600000, 0x00007fb0930c0000, 0x00007fb5bdb50000)
  eden space 559360K,   0% used [0x00007fb068600000, 0x00007fb068600000, 0x00007fb08a840000)
  from space 69888K,   0% used [0x00007fb08ec80000, 0x00007fb08ec80190, 0x00007fb0930c0000)
  to   space 69888K,   0% used [0x00007fb08a840000, 0x00007fb08a840000, 0x00007fb08ec80000)
 tenured generation   total 1922436K, used 1587740K [0x00007fb5bdb50000, 0x00007fb6330b1000, 0x00007fc068600000)
   the space 1922436K,  82% used [0x00007fb5bdb50000, 0x00007fb61e9d70e8, 0x00007fb61e9d7200, 0x00007fb6330b1000)
 Metaspace       used 23180K, capacity 23524K, committed 23552K, reserved 24576K
}
Event: 11.363 GC heap after
{Heap after GC invocations=8 (full 3):
 def new generation   total 629248K, used 0K [0x00007fb068600000, 0x00007fb0930c0000, 0x00007fb5bdb50000)
  eden space 559360K,   0% used [0x00007fb068600000, 0x00007fb068600000, 0x00007fb08a840000)
  from space 69888K,   0% used [0x00007fb08ec80000, 0x00007fb08ec80000, 0x00007fb0930c0000)
  to   space 69888K,   0% used [0x00007fb08a840000, 0x00007fb08a840000, 0x00007fb08ec80000)
 tenured generation   total 1398144K, used 539163K [0x00007fb5bdb50000, 0x00007fb6130b0000, 0x00007fc068600000)
   the space 1398144K,  38% used [0x00007fb5bdb50000, 0x00007fb5de9d6f40, 0x00007fb5de9d7000, 0x00007fb6130b0000)
 Metaspace       used 23180K, capacity 23524K, committed 23552K, reserved 24576K
}
Event: 11.855 GC heap before
{Heap before GC invocations=8 (full 3):
 def new generation   total 629248K, used 535289K [0x00007fb068600000, 0x00007fb0930c0000, 0x00007fb5bdb50000)
  eden space 559360K,  95% used [0x00007fb068600000, 0x00007fb0890be778, 0x00007fb08a840000)
  from space 69888K,   0% used [0x00007fb08ec80000, 0x00007fb08ec80000, 0x00007fb0930c0000)
  to   space 69888K,   0% used [0x00007fb08a840000, 0x00007fb08a840000, 0x00007fb08ec80000)
 tenured generation   total 1398144K, used 539163K [0x00007fb5bdb50000, 0x00007fb6130b0000, 0x00007fc068600000)
   the space 1398144K,  38% used [0x00007fb5bdb50000, 0x00007fb5de9d6f40, 0x00007fb5de9d7000, 0x00007fb6130b0000)
 Metaspace       used 23180K, capacity 23524K, committed 23552K, reserved 24576K
}
Event: 12.106 GC heap after
{Heap after GC invocations=9 (full 3):
 def new generation   total 629248K, used 0K [0x00007fb068600000, 0x00007fb0930c0000, 0x00007fb5bdb50000)
  eden space 559360K,   0% used [0x00007fb068600000, 0x00007fb068600000, 0x00007fb08a840000)
  from space 69888K,   0% used [0x00007fb08a840000, 0x00007fb08a840230, 0x00007fb08ec80000)
  to   space 69888K,   0% used [0x00007fb08ec80000, 0x00007fb08ec80000, 0x00007fb0930c0000)
 tenured generation   total 1398144K, used 1063451K [0x00007fb5bdb50000, 0x00007fb6130b0000, 0x00007fc068600000)
   the space 1398144K,  76% used [0x00007fb5bdb50000, 0x00007fb5fe9d6f58, 0x00007fb5fe9d7000, 0x00007fb6130b0000)
 Metaspace       used 23180K, capacity 23524K, committed 23552K, reserved 24576K
}
Event: 12.727 GC heap before
{Heap before GC invocations=9 (full 3):
 def new generation   total 629248K, used 535274K [0x00007fb068600000, 0x00007fb0930c0000, 0x00007fb5bdb50000)
  eden space 559360K,  95% used [0x00007fb068600000, 0x00007fb0890ba910, 0x00007fb08a840000)
  from space 69888K,   0% used [0x00007fb08a840000, 0x00007fb08a840230, 0x00007fb08ec80000)
  to   space 69888K,   0% used [0x00007fb08ec80000, 0x00007fb08ec80000, 0x00007fb0930c0000)
 tenured generation   total 1398144K, used 1063451K [0x00007fb5bdb50000, 0x00007fb6130b0000, 0x00007fc068600000)
   the space 1398144K,  76% used [0x00007fb5bdb50000, 0x00007fb5fe9d6f58, 0x00007fb5fe9d7000, 0x00007fb6130b0000)
 Metaspace       used 23180K, capacity 23524K, committed 23552K, reserved 24576K
}
Event: 13.281 GC heap after
{Heap after GC invocations=10 (full 3):
 def new generation   total 629248K, used 0K [0x00007fb068600000, 0x00007fb0930c0000, 0x00007fb5bdb50000)
  eden space 559360K,   0% used [0x00007fb068600000, 0x00007fb068600000, 0x00007fb08a840000)
  from space 69888K,   0% used [0x00007fb08ec80000, 0x00007fb08ec80240, 0x00007fb0930c0000)
  to   space 69888K,   0% used [0x00007fb08a840000, 0x00007fb08a840000, 0x00007fb08ec80000)
 tenured generation   total 1922436K, used 1587739K [0x00007fb5bdb50000, 0x00007fb6330b1000, 0x00007fc068600000)
   the space 1922436K,  82% used [0x00007fb5bdb50000, 0x00007fb61e9d6f70, 0x00007fb61e9d7000, 0x00007fb6330b1000)
 Metaspace       used 23180K, capacity 23524K, committed 23552K, reserved 24576K
}
Event: 13.281 GC heap before
{Heap before GC invocations=10 (full 3):
 def new generation   total 629248K, used 0K [0x00007fb068600000, 0x00007fb0930c0000, 0x00007fb5bdb50000)
  eden space 559360K,   0% used [0x00007fb068600000, 0x00007fb068600000, 0x00007fb08a840000)
  from space 69888K,   0% used [0x00007fb08ec80000, 0x00007fb08ec80240, 0x00007fb0930c0000)
  to   space 69888K,   0% used [0x00007fb08a840000, 0x00007fb08a840000, 0x00007fb08ec80000)
 tenured generation   total 1922436K, used 1587739K [0x00007fb5bdb50000, 0x00007fb6330b1000, 0x00007fc068600000)
   the space 1922436K,  82% used [0x00007fb5bdb50000, 0x00007fb61e9d6f70, 0x00007fb61e9d7000, 0x00007fb6330b1000)
 Metaspace       used 23180K, capacity 23524K, committed 23552K, reserved 24576K
}
Event: 13.803 GC heap after
{Heap after GC invocations=10 (full 4):
 def new generation   total 793664K, used 0K [0x00007fb068600000, 0x00007fb09e320000, 0x00007fb5bdb50000)
  eden space 705536K,   0% used [0x00007fb068600000, 0x00007fb068600000, 0x00007fb093700000)
  from space 88128K,   0% used [0x00007fb093700000, 0x00007fb093700000, 0x00007fb098d10000)
  to   space 88128K,   0% used [0x00007fb098d10000, 0x00007fb098d10000, 0x00007fb09e320000)
 tenured generation   total 1763500K, used 1058098K [0x00007fb5bdb50000, 0x00007fb62957b000, 0x00007fc068600000)
   the space 1763500K,  59% used [0x00007fb5bdb50000, 0x00007fb5fe49c838, 0x00007fb5fe49ca00, 0x00007fb62957b000)
 Metaspace       used 23180K, capacity 23524K, committed 23552K, reserved 24576K
}
Event: 14.323 GC heap before
{Heap before GC invocations=10 (full 4):
 def new generation   total 793664K, used 432809K [0x00007fb068600000, 0x00007fb09e320000, 0x00007fb5bdb50000)
  eden space 705536K,  61% used [0x00007fb068600000, 0x00007fb082caa5a8, 0x00007fb093700000)
  from space 88128K,   0% used [0x00007fb093700000, 0x00007fb093700000, 0x00007fb098d10000)
  to   space 88128K,   0% used [0x00007fb098d10000, 0x00007fb098d10000, 0x00007fb09e320000)
 tenured generation   total 1763500K, used 1058098K [0x00007fb5bdb50000, 0x00007fb62957b000, 0x00007fc068600000)
   the space 1763500K,  59% used [0x00007fb5bdb50000, 0x00007fb5fe49c838, 0x00007fb5fe49ca00, 0x00007fb62957b000)
 Metaspace       used 23186K, capacity 23588K, committed 23808K, reserved 24576K
}
Event: 14.357 GC heap after
{Heap after GC invocations=11 (full 4):
 def new generation   total 793664K, used 736K [0x00007fb068600000, 0x00007fb09e320000, 0x00007fb5bdb50000)
  eden space 705536K,   0% used [0x00007fb068600000, 0x00007fb068600000, 0x00007fb093700000)
  from space 88128K,   0% used [0x00007fb098d10000, 0x00007fb098dc8198, 0x00007fb09e320000)
  to   space 88128K,   0% used [0x00007fb093700000, 0x00007fb093700000, 0x00007fb098d10000)
 tenured generation   total 1763500K, used 1189170K [0x00007fb5bdb50000, 0x00007fb62957b000, 0x00007fc068600000)
   the space 1763500K,  67% used [0x00007fb5bdb50000, 0x00007fb60649c850, 0x00007fb60649ca00, 0x00007fb62957b000)
 Metaspace       used 23186K, capacity 23588K, committed 23808K, reserved 24576K
}
Event: 14.357 GC heap before
{Heap before GC invocations=11 (full 4):
 def new generation   total 793664K, used 736K [0x00007fb068600000, 0x00007fb09e320000, 0x00007fb5bdb50000)
  eden space 705536K,   0% used [0x00007fb068600000, 0x00007fb068600000, 0x00007fb093700000)
  from space 88128K,   0% used [0x00007fb098d10000, 0x00007fb098dc8198, 0x00007fb09e320000)
  to   space 88128K,   0% used [0x00007fb093700000, 0x00007fb093700000, 0x00007fb098d10000)
 tenured generation   total 1763500K, used 1189170K [0x00007fb5bdb50000, 0x00007fb62957b000, 0x00007fc068600000)
   the space 1763500K,  67% used [0x00007fb5bdb50000, 0x00007fb60649c850, 0x00007fb60649ca00, 0x00007fb62957b000)
 Metaspace       used 23186K, capacity 23588K, committed 23808K, reserved 24576K
}
Event: 14.382 GC heap after
{Heap after GC invocations=11 (full 5):
 def new generation   total 793664K, used 0K [0x00007fb068600000, 0x00007fb09e320000, 0x00007fb5bdb50000)
  eden space 705536K,   0% used [0x00007fb068600000, 0x00007fb068600000, 0x00007fb093700000)
  from space 88128K,   0% used [0x00007fb098d10000, 0x00007fb098d10000, 0x00007fb09e320000)
  to   space 88128K,   0% used [0x00007fb093700000, 0x00007fb093700000, 0x00007fb098d10000)
 tenured generation   total 1763500K, used 9616K [0x00007fb5bdb50000, 0x00007fb62957b000, 0x00007fc068600000)
   the space 1763500K,   0% used [0x00007fb5bdb50000, 0x00007fb5be4b4048, 0x00007fb5be4b4200, 0x00007fb62957b000)
 Metaspace       used 23186K, capacity 23588K, committed 23808K, reserved 24576K
}

