# JRE version: OpenJDK Runtime Environment (13.0.7+5) (build 13.0.7+5-Ubuntu-0ubuntu120.04)
# Java VM: OpenJDK 64-Bit Server VM (13.0.7+5-Ubuntu-0ubuntu120.04, mixed mode, tiered, serial gc, linux-amd64)
Heap:
 def new generation   total 4496064K, used 17099K [0x00007f748c600000, 0x00007f75bd480000, 0x00007f7f370a0000)
  eden space 3996544K,   0% used [0x00007f748c600000, 0x00007f748d6b2d88, 0x00007f75804e0000)
  from space 499520K,   0% used [0x00007f759ecb0000, 0x00007f759ecb0000, 0x00007f75bd480000)
  to   space 499520K,   0% used [0x00007f75804e0000, 0x00007f75804e0000, 0x00007f759ecb0000)
 tenured generation   total 10007444K, used 9997694K [0x00007f7f370a0000, 0x00007f8199d85000, 0x00007f948c600000)
   the space 10007444K,  99% used [0x00007f7f370a0000, 0x00007f81993ffa50, 0x00007f81993ffc00, 0x00007f8199d85000)
 Metaspace       used 24279K, capacity 24704K, committed 24832K, reserved 26624K
GC Heap History (20 events):
Event: 2460.115 GC heap after
{Heap after GC invocations=1473 (full 7):
 def new generation   total 4496064K, used 186035K [0x00007f748c600000, 0x00007f75bd480000, 0x00007f7f370a0000)
  eden space 3996544K,   0% used [0x00007f748c600000, 0x00007f748c600000, 0x00007f75804e0000)
  from space 499520K,  37% used [0x00007f75804e0000, 0x00007f758ba8ce80, 0x00007f759ecb0000)
  to   space 499520K,   0% used [0x00007f759ecb0000, 0x00007f759ecb0000, 0x00007f75bd480000)
 tenured generation   total 9991056K, used 9915186K [0x00007f7f370a0000, 0x00007f8198d84000, 0x00007f948c600000)
   the space 9991056K,  99% used [0x00007f7f370a0000, 0x00007f819436c930, 0x00007f819436ca00, 0x00007f8198d84000)
 Metaspace       used 24279K, capacity 24704K, committed 24832K, reserved 26624K
}
Event: 2464.773 GC heap before
{Heap before GC invocations=1473 (full 7):
 def new generation   total 4496064K, used 4182579K [0x00007f748c600000, 0x00007f75bd480000, 0x00007f7f370a0000)
  eden space 3996544K, 100% used [0x00007f748c600000, 0x00007f75804e0000, 0x00007f75804e0000)
  from space 499520K,  37% used [0x00007f75804e0000, 0x00007f758ba8ce80, 0x00007f759ecb0000)
  to   space 499520K,   0% used [0x00007f759ecb0000, 0x00007f759ecb0000, 0x00007f75bd480000)
 tenured generation   total 9991056K, used 9915186K [0x00007f7f370a0000, 0x00007f8198d84000, 0x00007f948c600000)
   the space 9991056K,  99% used [0x00007f7f370a0000, 0x00007f819436c930, 0x00007f819436ca00, 0x00007f8198d84000)
 Metaspace       used 24279K, capacity 24704K, committed 24832K, reserved 26624K
}
Event: 2464.942 GC heap after
{Heap after GC invocations=1474 (full 7):
 def new generation   total 4496064K, used 199909K [0x00007f748c600000, 0x00007f75bd480000, 0x00007f7f370a0000)
  eden space 3996544K,   0% used [0x00007f748c600000, 0x00007f748c600000, 0x00007f75804e0000)
  from space 499520K,  40% used [0x00007f759ecb0000, 0x00007f75aafe9540, 0x00007f75bd480000)
  to   space 499520K,   0% used [0x00007f75804e0000, 0x00007f75804e0000, 0x00007f759ecb0000)
 tenured generation   total 9991056K, used 9915186K [0x00007f7f370a0000, 0x00007f8198d84000, 0x00007f948c600000)
   the space 9991056K,  99% used [0x00007f7f370a0000, 0x00007f819436c930, 0x00007f819436ca00, 0x00007f8198d84000)
 Metaspace       used 24279K, capacity 24704K, committed 24832K, reserved 26624K
}
Event: 2469.387 GC heap before
{Heap before GC invocations=1474 (full 7):
 def new generation   total 4496064K, used 4191929K [0x00007f748c600000, 0x00007f75bd480000, 0x00007f7f370a0000)
  eden space 3996544K,  99% used [0x00007f748c600000, 0x00007f75800751f8, 0x00007f75804e0000)
  from space 499520K,  40% used [0x00007f759ecb0000, 0x00007f75aafe9540, 0x00007f75bd480000)
  to   space 499520K,   0% used [0x00007f75804e0000, 0x00007f75804e0000, 0x00007f759ecb0000)
 tenured generation   total 9991056K, used 9915186K [0x00007f7f370a0000, 0x00007f8198d84000, 0x00007f948c600000)
   the space 9991056K,  99% used [0x00007f7f370a0000, 0x00007f819436c930, 0x00007f819436ca00, 0x00007f8198d84000)
 Metaspace       used 24279K, capacity 24704K, committed 24832K, reserved 26624K
}
Event: 2469.586 GC heap after
{Heap after GC invocations=1475 (full 7):
 def new generation   total 4496064K, used 209161K [0x00007f748c600000, 0x00007f75bd480000, 0x00007f7f370a0000)
  eden space 3996544K,   0% used [0x00007f748c600000, 0x00007f748c600000, 0x00007f75804e0000)
  from space 499520K,  41% used [0x00007f75804e0000, 0x00007f758d122628, 0x00007f759ecb0000)
  to   space 499520K,   0% used [0x00007f759ecb0000, 0x00007f759ecb0000, 0x00007f75bd480000)
 tenured generation   total 9991056K, used 9932145K [0x00007f7f370a0000, 0x00007f8198d84000, 0x00007f948c600000)
   the space 9991056K,  99% used [0x00007f7f370a0000, 0x00007f81953fc6e8, 0x00007f81953fc800, 0x00007f8198d84000)
 Metaspace       used 24279K, capacity 24704K, committed 24832K, reserved 26624K
}
Event: 2473.972 GC heap before
{Heap before GC invocations=1475 (full 7):
 def new generation   total 4496064K, used 4205705K [0x00007f748c600000, 0x00007f75bd480000, 0x00007f7f370a0000)
  eden space 3996544K, 100% used [0x00007f748c600000, 0x00007f75804e0000, 0x00007f75804e0000)
  from space 499520K,  41% used [0x00007f75804e0000, 0x00007f758d122628, 0x00007f759ecb0000)
  to   space 499520K,   0% used [0x00007f759ecb0000, 0x00007f759ecb0000, 0x00007f75bd480000)
 tenured generation   total 9991056K, used 9932145K [0x00007f7f370a0000, 0x00007f8198d84000, 0x00007f948c600000)
   the space 9991056K,  99% used [0x00007f7f370a0000, 0x00007f81953fc6e8, 0x00007f81953fc800, 0x00007f8198d84000)
 Metaspace       used 24279K, capacity 24704K, committed 24832K, reserved 26624K
}
Event: 2474.123 GC heap after
{Heap after GC invocations=1476 (full 7):
 def new generation   total 4496064K, used 205057K [0x00007f748c600000, 0x00007f75bd480000, 0x00007f7f370a0000)
  eden space 3996544K,   0% used [0x00007f748c600000, 0x00007f748c600000, 0x00007f75804e0000)
  from space 499520K,  41% used [0x00007f759ecb0000, 0x00007f75ab4f0498, 0x00007f75bd480000)
  to   space 499520K,   0% used [0x00007f75804e0000, 0x00007f75804e0000, 0x00007f759ecb0000)
 tenured generation   total 9991056K, used 9932145K [0x00007f7f370a0000, 0x00007f8198d84000, 0x00007f948c600000)
   the space 9991056K,  99% used [0x00007f7f370a0000, 0x00007f81953fc6e8, 0x00007f81953fc800, 0x00007f8198d84000)
 Metaspace       used 24279K, capacity 24704K, committed 24832K, reserved 26624K
}
Event: 2478.951 GC heap before
{Heap before GC invocations=1476 (full 7):
 def new generation   total 4496064K, used 4201601K [0x00007f748c600000, 0x00007f75bd480000, 0x00007f7f370a0000)
  eden space 3996544K, 100% used [0x00007f748c600000, 0x00007f75804e0000, 0x00007f75804e0000)
  from space 499520K,  41% used [0x00007f759ecb0000, 0x00007f75ab4f0498, 0x00007f75bd480000)
  to   space 499520K,   0% used [0x00007f75804e0000, 0x00007f75804e0000, 0x00007f759ecb0000)
 tenured generation   total 9991056K, used 9932145K [0x00007f7f370a0000, 0x00007f8198d84000, 0x00007f948c600000)
   the space 9991056K,  99% used [0x00007f7f370a0000, 0x00007f81953fc6e8, 0x00007f81953fc800, 0x00007f8198d84000)
 Metaspace       used 24279K, capacity 24704K, committed 24832K, reserved 26624K
}
Event: 2479.138 GC heap after
{Heap after GC invocations=1477 (full 7):
 def new generation   total 4496064K, used 203511K [0x00007f748c600000, 0x00007f75bd480000, 0x00007f7f370a0000)
  eden space 3996544K,   0% used [0x00007f748c600000, 0x00007f748c600000, 0x00007f75804e0000)
  from space 499520K,  40% used [0x00007f75804e0000, 0x00007f758cb9dde8, 0x00007f759ecb0000)
  to   space 499520K,   0% used [0x00007f759ecb0000, 0x00007f759ecb0000, 0x00007f75bd480000)
 tenured generation   total 9991056K, used 9949105K [0x00007f7f370a0000, 0x00007f8198d84000, 0x00007f948c600000)
   the space 9991056K,  99% used [0x00007f7f370a0000, 0x00007f819648c4a0, 0x00007f819648c600, 0x00007f8198d84000)
 Metaspace       used 24279K, capacity 24704K, committed 24832K, reserved 26624K
}
Event: 2483.860 GC heap before
{Heap before GC invocations=1477 (full 7):
 def new generation   total 4496064K, used 4200055K [0x00007f748c600000, 0x00007f75bd480000, 0x00007f7f370a0000)
  eden space 3996544K, 100% used [0x00007f748c600000, 0x00007f75804e0000, 0x00007f75804e0000)
  from space 499520K,  40% used [0x00007f75804e0000, 0x00007f758cb9dde8, 0x00007f759ecb0000)
  to   space 499520K,   0% used [0x00007f759ecb0000, 0x00007f759ecb0000, 0x00007f75bd480000)
 tenured generation   total 9991056K, used 9949105K [0x00007f7f370a0000, 0x00007f8198d84000, 0x00007f948c600000)
   the space 9991056K,  99% used [0x00007f7f370a0000, 0x00007f819648c4a0, 0x00007f819648c600, 0x00007f8198d84000)
 Metaspace       used 24279K, capacity 24704K, committed 24832K, reserved 26624K
}
Event: 2484.036 GC heap after
{Heap after GC invocations=1478 (full 7):
 def new generation   total 4496064K, used 201954K [0x00007f748c600000, 0x00007f75bd480000, 0x00007f7f370a0000)
  eden space 3996544K,   0% used [0x00007f748c600000, 0x00007f748c600000, 0x00007f75804e0000)
  from space 499520K,  40% used [0x00007f759ecb0000, 0x00007f75ab1e8800, 0x00007f75bd480000)
  to   space 499520K,   0% used [0x00007f75804e0000, 0x00007f75804e0000, 0x00007f759ecb0000)
 tenured generation   total 9991056K, used 9966064K [0x00007f7f370a0000, 0x00007f8198d84000, 0x00007f948c600000)
   the space 9991056K,  99% used [0x00007f7f370a0000, 0x00007f819751c258, 0x00007f819751c400, 0x00007f8198d84000)
 Metaspace       used 24279K, capacity 24704K, committed 24832K, reserved 26624K
}
Event: 2488.566 GC heap before
{Heap before GC invocations=1478 (full 7):
 def new generation   total 4496064K, used 4185296K [0x00007f748c600000, 0x00007f75bd480000, 0x00007f7f370a0000)
  eden space 3996544K,  99% used [0x00007f748c600000, 0x00007f757f7fb9e0, 0x00007f75804e0000)
  from space 499520K,  40% used [0x00007f759ecb0000, 0x00007f75ab1e8800, 0x00007f75bd480000)
  to   space 499520K,   0% used [0x00007f75804e0000, 0x00007f75804e0000, 0x00007f759ecb0000)
 tenured generation   total 9991056K, used 9966064K [0x00007f7f370a0000, 0x00007f8198d84000, 0x00007f948c600000)
   the space 9991056K,  99% used [0x00007f7f370a0000, 0x00007f819751c258, 0x00007f819751c400, 0x00007f8198d84000)
 Metaspace       used 24279K, capacity 24704K, committed 24832K, reserved 26624K
}
Event: 2488.757 GC heap after
{Heap after GC invocations=1479 (full 7):
 def new generation   total 4496064K, used 213798K [0x00007f748c600000, 0x00007f75bd480000, 0x00007f7f370a0000)
  eden space 3996544K,   0% used [0x00007f748c600000, 0x00007f748c600000, 0x00007f75804e0000)
  from space 499520K,  42% used [0x00007f75804e0000, 0x00007f758d5a9a28, 0x00007f759ecb0000)
  to   space 499520K,   0% used [0x00007f759ecb0000, 0x00007f759ecb0000, 0x00007f75bd480000)
 tenured generation   total 9991056K, used 9966064K [0x00007f7f370a0000, 0x00007f8198d84000, 0x00007f948c600000)
   the space 9991056K,  99% used [0x00007f7f370a0000, 0x00007f819751c258, 0x00007f819751c400, 0x00007f8198d84000)
 Metaspace       used 24279K, capacity 24704K, committed 24832K, reserved 26624K
}
Event: 2493.397 GC heap before
{Heap before GC invocations=1479 (full 7):
 def new generation   total 4496064K, used 4208030K [0x00007f748c600000, 0x00007f75bd480000, 0x00007f7f370a0000)
  eden space 3996544K,  99% used [0x00007f748c600000, 0x00007f758029dfb0, 0x00007f75804e0000)
  from space 499520K,  42% used [0x00007f75804e0000, 0x00007f758d5a9a28, 0x00007f759ecb0000)
  to   space 499520K,   0% used [0x00007f759ecb0000, 0x00007f759ecb0000, 0x00007f75bd480000)
 tenured generation   total 9991056K, used 9966064K [0x00007f7f370a0000, 0x00007f8198d84000, 0x00007f948c600000)
   the space 9991056K,  99% used [0x00007f7f370a0000, 0x00007f819751c258, 0x00007f819751c400, 0x00007f8198d84000)
 Metaspace       used 24279K, capacity 24704K, committed 24832K, reserved 26624K
}
Event: 2493.586 GC heap after
{Heap after GC invocations=1480 (full 7):
 def new generation   total 4496064K, used 225090K [0x00007f748c600000, 0x00007f75bd480000, 0x00007f7f370a0000)
  eden space 3996544K,   0% used [0x00007f748c600000, 0x00007f748c600000, 0x00007f75804e0000)
  from space 499520K,  45% used [0x00007f759ecb0000, 0x00007f75ac8808d0, 0x00007f75bd480000)
  to   space 499520K,   0% used [0x00007f75804e0000, 0x00007f75804e0000, 0x00007f759ecb0000)
 tenured generation   total 9991056K, used 9983024K [0x00007f7f370a0000, 0x00007f8198d84000, 0x00007f948c600000)
   the space 9991056K,  99% used [0x00007f7f370a0000, 0x00007f81985ac010, 0x00007f81985ac200, 0x00007f8198d84000)
 Metaspace       used 24279K, capacity 24704K, committed 24832K, reserved 26624K
}
Event: 2498.092 GC heap before
{Heap before GC invocations=1480 (full 7):
 def new generation   total 4496064K, used 4221634K [0x00007f748c600000, 0x00007f75bd480000, 0x00007f7f370a0000)
  eden space 3996544K, 100% used [0x00007f748c600000, 0x00007f75804e0000, 0x00007f75804e0000)
  from space 499520K,  45% used [0x00007f759ecb0000, 0x00007f75ac8808d0, 0x00007f75bd480000)
  to   space 499520K,   0% used [0x00007f75804e0000, 0x00007f75804e0000, 0x00007f759ecb0000)
 tenured generation   total 9991056K, used 9983024K [0x00007f7f370a0000, 0x00007f8198d84000, 0x00007f948c600000)
   the space 9991056K,  99% used [0x00007f7f370a0000, 0x00007f81985ac010, 0x00007f81985ac200, 0x00007f8198d84000)
 Metaspace       used 24279K, capacity 24704K, committed 24832K, reserved 26624K
}
Event: 2498.244 GC heap after
{Heap after GC invocations=1481 (full 7):
 def new generation   total 4496064K, used 222530K [0x00007f748c600000, 0x00007f75bd480000, 0x00007f7f370a0000)
  eden space 3996544K,   0% used [0x00007f748c600000, 0x00007f748c600000, 0x00007f75804e0000)
  from space 499520K,  44% used [0x00007f75804e0000, 0x00007f758de30ac0, 0x00007f759ecb0000)
  to   space 499520K,   0% used [0x00007f759ecb0000, 0x00007f759ecb0000, 0x00007f75bd480000)
 tenured generation   total 9991056K, used 9983024K [0x00007f7f370a0000, 0x00007f8198d84000, 0x00007f948c600000)
   the space 9991056K,  99% used [0x00007f7f370a0000, 0x00007f81985ac010, 0x00007f81985ac200, 0x00007f8198d84000)
 Metaspace       used 24279K, capacity 24704K, committed 24832K, reserved 26624K
}
Event: 2502.804 GC heap before
{Heap before GC invocations=1481 (full 7):
 def new generation   total 4496064K, used 4219074K [0x00007f748c600000, 0x00007f75bd480000, 0x00007f7f370a0000)
  eden space 3996544K, 100% used [0x00007f748c600000, 0x00007f75804e0000, 0x00007f75804e0000)
  from space 499520K,  44% used [0x00007f75804e0000, 0x00007f758de30ac0, 0x00007f759ecb0000)
  to   space 499520K,   0% used [0x00007f759ecb0000, 0x00007f759ecb0000, 0x00007f75bd480000)
 tenured generation   total 9991056K, used 9983024K [0x00007f7f370a0000, 0x00007f8198d84000, 0x00007f948c600000)
   the space 9991056K,  99% used [0x00007f7f370a0000, 0x00007f81985ac010, 0x00007f81985ac200, 0x00007f8198d84000)
 Metaspace       used 24279K, capacity 24704K, committed 24832K, reserved 26624K
}
Event: 2503.045 GC heap after
{Heap after GC invocations=1482 (full 7):
 def new generation   total 4496064K, used 220961K [0x00007f748c600000, 0x00007f75bd480000, 0x00007f7f370a0000)
  eden space 3996544K,   0% used [0x00007f748c600000, 0x00007f748c600000, 0x00007f75804e0000)
  from space 499520K,  44% used [0x00007f759ecb0000, 0x00007f75ac478720, 0x00007f75bd480000)
  to   space 499520K,   0% used [0x00007f75804e0000, 0x00007f75804e0000, 0x00007f759ecb0000)
 tenured generation   total 10007444K, used 9999983K [0x00007f7f370a0000, 0x00007f8199d85000, 0x00007f948c600000)
   the space 10007444K,  99% used [0x00007f7f370a0000, 0x00007f819963bdc8, 0x00007f819963be00, 0x00007f8199d85000)
 Metaspace       used 24279K, capacity 24704K, committed 24832K, reserved 26624K
}
Event: 2503.045 GC heap before
{Heap before GC invocations=1482 (full 7):
 def new generation   total 4496064K, used 220961K [0x00007f748c600000, 0x00007f75bd480000, 0x00007f7f370a0000)
  eden space 3996544K,   0% used [0x00007f748c600000, 0x00007f748c600000, 0x00007f75804e0000)
  from space 499520K,  44% used [0x00007f759ecb0000, 0x00007f75ac478720, 0x00007f75bd480000)
  to   space 499520K,   0% used [0x00007f75804e0000, 0x00007f75804e0000, 0x00007f759ecb0000)
 tenured generation   total 10007444K, used 9999983K [0x00007f7f370a0000, 0x00007f8199d85000, 0x00007f948c600000)
   the space 10007444K,  99% used [0x00007f7f370a0000, 0x00007f819963bdc8, 0x00007f819963be00, 0x00007f8199d85000)
 Metaspace       used 24279K, capacity 24704K, committed 24832K, reserved 26624K
}

