# JRE version: OpenJDK Runtime Environment (13.0.7+5) (build 13.0.7+5-Ubuntu-0ubuntu120.04)
# Java VM: OpenJDK 64-Bit Server VM (13.0.7+5-Ubuntu-0ubuntu120.04, mixed mode, tiered, serial gc, linux-amd64)
Heap:
 def new generation   total 10351296K, used 349883K [0x00007f2c18600000, 0x00007f2ed65d0000, 0x00007f316db50000)
  eden space 9201216K,   3% used [0x00007f2c18600000, 0x00007f2c2dbaec10, 0x00007f2e49f90000)
  from space 1150080K,   0% used [0x00007f2e49f90000, 0x00007f2e49f90000, 0x00007f2e902b0000)
  to   space 1150080K,   0% used [0x00007f2e902b0000, 0x00007f2e902b0000, 0x00007f2ed65d0000)
 tenured generation   total 23055276K, used 23055275K [0x00007f316db50000, 0x00007f36ece3b000, 0x00007f3c18600000)
   the space 23055276K,  99% used [0x00007f316db50000, 0x00007f36ece3aff8, 0x00007f36ece3b000, 0x00007f36ece3b000)
 Metaspace       used 30295K, capacity 30701K, committed 30976K, reserved 32768K
GC Heap History (20 events):
Event: 1377.243 GC heap after
{Heap after GC invocations=50 (full 5):
 def new generation   total 10351296K, used 677692K [0x00007f2c18600000, 0x00007f2ed65d0000, 0x00007f316db50000)
  eden space 9201216K,   0% used [0x00007f2c18600000, 0x00007f2c18600000, 0x00007f2e49f90000)
  from space 1150080K,  58% used [0x00007f2e902b0000, 0x00007f2eb987f3f0, 0x00007f2ed65d0000)
  to   space 1150080K,   0% used [0x00007f2e49f90000, 0x00007f2e49f90000, 0x00007f2e902b0000)
 tenured generation   total 23002668K, used 16728277K [0x00007f316db50000, 0x00007f36e9adb000, 0x00007f3c18600000)
   the space 23002668K,  72% used [0x00007f316db50000, 0x00007f356ab85628, 0x00007f356ab85800, 0x00007f36e9adb000)
 Metaspace       used 30295K, capacity 30701K, committed 30976K, reserved 32768K
}
Event: 1379.944 GC heap before
{Heap before GC invocations=50 (full 5):
 def new generation   total 10351296K, used 9878908K [0x00007f2c18600000, 0x00007f2ed65d0000, 0x00007f316db50000)
  eden space 9201216K, 100% used [0x00007f2c18600000, 0x00007f2e49f90000, 0x00007f2e49f90000)
  from space 1150080K,  58% used [0x00007f2e902b0000, 0x00007f2eb987f3f0, 0x00007f2ed65d0000)
  to   space 1150080K,   0% used [0x00007f2e49f90000, 0x00007f2e49f90000, 0x00007f2e902b0000)
 tenured generation   total 23002668K, used 16728277K [0x00007f316db50000, 0x00007f36e9adb000, 0x00007f3c18600000)
   the space 23002668K,  72% used [0x00007f316db50000, 0x00007f356ab85628, 0x00007f356ab85800, 0x00007f36e9adb000)
 Metaspace       used 30295K, capacity 30701K, committed 30976K, reserved 32768K
}
Event: 1382.202 GC heap after
{Heap after GC invocations=51 (full 5):
 def new generation   total 10351296K, used 675686K [0x00007f2c18600000, 0x00007f2ed65d0000, 0x00007f316db50000)
  eden space 9201216K,   0% used [0x00007f2c18600000, 0x00007f2c18600000, 0x00007f2e49f90000)
  from space 1150080K,  58% used [0x00007f2e49f90000, 0x00007f2e73369be0, 0x00007f2e902b0000)
  to   space 1150080K,   0% used [0x00007f2e902b0000, 0x00007f2e902b0000, 0x00007f2ed65d0000)
 tenured generation   total 23002668K, used 17405969K [0x00007f316db50000, 0x00007f36e9adb000, 0x00007f3c18600000)
   the space 23002668K,  75% used [0x00007f316db50000, 0x00007f35941547c8, 0x00007f3594154800, 0x00007f36e9adb000)
 Metaspace       used 30295K, capacity 30701K, committed 30976K, reserved 32768K
}
Event: 1384.717 GC heap before
{Heap before GC invocations=51 (full 5):
 def new generation   total 10351296K, used 9876902K [0x00007f2c18600000, 0x00007f2ed65d0000, 0x00007f316db50000)
  eden space 9201216K, 100% used [0x00007f2c18600000, 0x00007f2e49f90000, 0x00007f2e49f90000)
  from space 1150080K,  58% used [0x00007f2e49f90000, 0x00007f2e73369be0, 0x00007f2e902b0000)
  to   space 1150080K,   0% used [0x00007f2e902b0000, 0x00007f2e902b0000, 0x00007f2ed65d0000)
 tenured generation   total 23002668K, used 17405969K [0x00007f316db50000, 0x00007f36e9adb000, 0x00007f3c18600000)
   the space 23002668K,  75% used [0x00007f316db50000, 0x00007f35941547c8, 0x00007f3594154800, 0x00007f36e9adb000)
 Metaspace       used 30295K, capacity 30701K, committed 30976K, reserved 32768K
}
Event: 1386.995 GC heap after
{Heap after GC invocations=52 (full 5):
 def new generation   total 10351296K, used 673282K [0x00007f2c18600000, 0x00007f2ed65d0000, 0x00007f316db50000)
  eden space 9201216K,   0% used [0x00007f2c18600000, 0x00007f2c18600000, 0x00007f2e49f90000)
  from space 1150080K,  58% used [0x00007f2e902b0000, 0x00007f2eb94308a0, 0x00007f2ed65d0000)
  to   space 1150080K,   0% used [0x00007f2e49f90000, 0x00007f2e49f90000, 0x00007f2e902b0000)
 tenured generation   total 23002668K, used 18081656K [0x00007f316db50000, 0x00007f36e9adb000, 0x00007f3c18600000)
   the space 23002668K,  78% used [0x00007f316db50000, 0x00007f35bd52e368, 0x00007f35bd52e400, 0x00007f36e9adb000)
 Metaspace       used 30295K, capacity 30701K, committed 30976K, reserved 32768K
}
Event: 1389.812 GC heap before
{Heap before GC invocations=52 (full 5):
 def new generation   total 10351296K, used 9874498K [0x00007f2c18600000, 0x00007f2ed65d0000, 0x00007f316db50000)
  eden space 9201216K, 100% used [0x00007f2c18600000, 0x00007f2e49f90000, 0x00007f2e49f90000)
  from space 1150080K,  58% used [0x00007f2e902b0000, 0x00007f2eb94308a0, 0x00007f2ed65d0000)
  to   space 1150080K,   0% used [0x00007f2e49f90000, 0x00007f2e49f90000, 0x00007f2e902b0000)
 tenured generation   total 23002668K, used 18081656K [0x00007f316db50000, 0x00007f36e9adb000, 0x00007f3c18600000)
   the space 23002668K,  78% used [0x00007f316db50000, 0x00007f35bd52e368, 0x00007f35bd52e400, 0x00007f36e9adb000)
 Metaspace       used 30295K, capacity 30701K, committed 30976K, reserved 32768K
}
Event: 1392.314 GC heap after
{Heap after GC invocations=53 (full 5):
 def new generation   total 10351296K, used 773808K [0x00007f2c18600000, 0x00007f2ed65d0000, 0x00007f316db50000)
  eden space 9201216K,   0% used [0x00007f2c18600000, 0x00007f2c18600000, 0x00007f2e49f90000)
  from space 1150080K,  67% used [0x00007f2e49f90000, 0x00007f2e7933c1a0, 0x00007f2e902b0000)
  to   space 1150080K,   0% used [0x00007f2e902b0000, 0x00007f2e902b0000, 0x00007f2ed65d0000)
 tenured generation   total 23002668K, used 18754938K [0x00007f316db50000, 0x00007f36e9adb000, 0x00007f3c18600000)
   the space 23002668K,  81% used [0x00007f316db50000, 0x00007f35e66aea48, 0x00007f35e66aec00, 0x00007f36e9adb000)
 Metaspace       used 30295K, capacity 30701K, committed 30976K, reserved 32768K
}
Event: 1395.190 GC heap before
{Heap before GC invocations=53 (full 5):
 def new generation   total 10351296K, used 9975024K [0x00007f2c18600000, 0x00007f2ed65d0000, 0x00007f316db50000)
  eden space 9201216K, 100% used [0x00007f2c18600000, 0x00007f2e49f90000, 0x00007f2e49f90000)
  from space 1150080K,  67% used [0x00007f2e49f90000, 0x00007f2e7933c1a0, 0x00007f2e902b0000)
  to   space 1150080K,   0% used [0x00007f2e902b0000, 0x00007f2e902b0000, 0x00007f2ed65d0000)
 tenured generation   total 23002668K, used 18754938K [0x00007f316db50000, 0x00007f36e9adb000, 0x00007f3c18600000)
   the space 23002668K,  81% used [0x00007f316db50000, 0x00007f35e66aea48, 0x00007f35e66aec00, 0x00007f36e9adb000)
 Metaspace       used 30295K, capacity 30701K, committed 30976K, reserved 32768K
}
Event: 1397.878 GC heap after
{Heap after GC invocations=54 (full 5):
 def new generation   total 10351296K, used 783696K [0x00007f2c18600000, 0x00007f2ed65d0000, 0x00007f316db50000)
  eden space 9201216K,   0% used [0x00007f2c18600000, 0x00007f2c18600000, 0x00007f2e49f90000)
  from space 1150080K,  68% used [0x00007f2e902b0000, 0x00007f2ec00041a0, 0x00007f2ed65d0000)
  to   space 1150080K,   0% used [0x00007f2e49f90000, 0x00007f2e49f90000, 0x00007f2e902b0000)
 tenured generation   total 23002668K, used 19528746K [0x00007f316db50000, 0x00007f36e9adb000, 0x00007f3c18600000)
   the space 23002668K,  84% used [0x00007f316db50000, 0x00007f3615a5a9f8, 0x00007f3615a5aa00, 0x00007f36e9adb000)
 Metaspace       used 30295K, capacity 30701K, committed 30976K, reserved 32768K
}
Event: 1400.645 GC heap before
{Heap before GC invocations=54 (full 5):
 def new generation   total 10351296K, used 9984912K [0x00007f2c18600000, 0x00007f2ed65d0000, 0x00007f316db50000)
  eden space 9201216K, 100% used [0x00007f2c18600000, 0x00007f2e49f90000, 0x00007f2e49f90000)
  from space 1150080K,  68% used [0x00007f2e902b0000, 0x00007f2ec00041a0, 0x00007f2ed65d0000)
  to   space 1150080K,   0% used [0x00007f2e49f90000, 0x00007f2e49f90000, 0x00007f2e902b0000)
 tenured generation   total 23002668K, used 19528746K [0x00007f316db50000, 0x00007f36e9adb000, 0x00007f3c18600000)
   the space 23002668K,  84% used [0x00007f316db50000, 0x00007f3615a5a9f8, 0x00007f3615a5aa00, 0x00007f36e9adb000)
 Metaspace       used 30295K, capacity 30701K, committed 30976K, reserved 32768K
}
Event: 1403.246 GC heap after
{Heap after GC invocations=55 (full 5):
 def new generation   total 10351296K, used 684552K [0x00007f2c18600000, 0x00007f2ed65d0000, 0x00007f316db50000)
  eden space 9201216K,   0% used [0x00007f2c18600000, 0x00007f2c18600000, 0x00007f2e49f90000)
  from space 1150080K,  59% used [0x00007f2e49f90000, 0x00007f2e73c12310, 0x00007f2e902b0000)
  to   space 1150080K,   0% used [0x00007f2e902b0000, 0x00007f2e902b0000, 0x00007f2ed65d0000)
 tenured generation   total 23002668K, used 20312442K [0x00007f316db50000, 0x00007f36e9adb000, 0x00007f3c18600000)
   the space 23002668K,  88% used [0x00007f316db50000, 0x00007f36457ae848, 0x00007f36457aea00, 0x00007f36e9adb000)
 Metaspace       used 30295K, capacity 30701K, committed 30976K, reserved 32768K
}
Event: 1405.991 GC heap before
{Heap before GC invocations=55 (full 5):
 def new generation   total 10351296K, used 9885768K [0x00007f2c18600000, 0x00007f2ed65d0000, 0x00007f316db50000)
  eden space 9201216K, 100% used [0x00007f2c18600000, 0x00007f2e49f90000, 0x00007f2e49f90000)
  from space 1150080K,  59% used [0x00007f2e49f90000, 0x00007f2e73c12310, 0x00007f2e902b0000)
  to   space 1150080K,   0% used [0x00007f2e902b0000, 0x00007f2e902b0000, 0x00007f2ed65d0000)
 tenured generation   total 23002668K, used 20312442K [0x00007f316db50000, 0x00007f36e9adb000, 0x00007f3c18600000)
   the space 23002668K,  88% used [0x00007f316db50000, 0x00007f36457ae848, 0x00007f36457aea00, 0x00007f36e9adb000)
 Metaspace       used 30295K, capacity 30701K, committed 30976K, reserved 32768K
}
Event: 1408.482 GC heap after
{Heap after GC invocations=56 (full 5):
 def new generation   total 10351296K, used 689047K [0x00007f2c18600000, 0x00007f2ed65d0000, 0x00007f316db50000)
  eden space 9201216K,   0% used [0x00007f2c18600000, 0x00007f2c18600000, 0x00007f2e49f90000)
  from space 1150080K,  59% used [0x00007f2e902b0000, 0x00007f2eba395f80, 0x00007f2ed65d0000)
  to   space 1150080K,   0% used [0x00007f2e49f90000, 0x00007f2e49f90000, 0x00007f2e902b0000)
 tenured generation   total 23002668K, used 20996993K [0x00007f316db50000, 0x00007f36e9adb000, 0x00007f3c18600000)
   the space 23002668K,  91% used [0x00007f316db50000, 0x00007f366f4307c8, 0x00007f366f430800, 0x00007f36e9adb000)
 Metaspace       used 30295K, capacity 30701K, committed 30976K, reserved 32768K
}
Event: 1411.264 GC heap before
{Heap before GC invocations=56 (full 5):
 def new generation   total 10351296K, used 9890263K [0x00007f2c18600000, 0x00007f2ed65d0000, 0x00007f316db50000)
  eden space 9201216K, 100% used [0x00007f2c18600000, 0x00007f2e49f90000, 0x00007f2e49f90000)
  from space 1150080K,  59% used [0x00007f2e902b0000, 0x00007f2eba395f80, 0x00007f2ed65d0000)
  to   space 1150080K,   0% used [0x00007f2e49f90000, 0x00007f2e49f90000, 0x00007f2e902b0000)
 tenured generation   total 23002668K, used 20996993K [0x00007f316db50000, 0x00007f36e9adb000, 0x00007f3c18600000)
   the space 23002668K,  91% used [0x00007f316db50000, 0x00007f366f4307c8, 0x00007f366f430800, 0x00007f36e9adb000)
 Metaspace       used 30295K, capacity 30701K, committed 30976K, reserved 32768K
}
Event: 1413.884 GC heap after
{Heap after GC invocations=57 (full 5):
 def new generation   total 10351296K, used 685381K [0x00007f2c18600000, 0x00007f2ed65d0000, 0x00007f316db50000)
  eden space 9201216K,   0% used [0x00007f2c18600000, 0x00007f2c18600000, 0x00007f2e49f90000)
  from space 1150080K,  59% used [0x00007f2e49f90000, 0x00007f2e73ce15d0, 0x00007f2e902b0000)
  to   space 1150080K,   0% used [0x00007f2e902b0000, 0x00007f2e902b0000, 0x00007f2ed65d0000)
 tenured generation   total 23002668K, used 21686041K [0x00007f316db50000, 0x00007f36e9adb000, 0x00007f3c18600000)
   the space 23002668K,  94% used [0x00007f316db50000, 0x00007f3699516558, 0x00007f3699516600, 0x00007f36e9adb000)
 Metaspace       used 30295K, capacity 30701K, committed 30976K, reserved 32768K
}
Event: 1416.463 GC heap before
{Heap before GC invocations=57 (full 5):
 def new generation   total 10351296K, used 9886597K [0x00007f2c18600000, 0x00007f2ed65d0000, 0x00007f316db50000)
  eden space 9201216K, 100% used [0x00007f2c18600000, 0x00007f2e49f90000, 0x00007f2e49f90000)
  from space 1150080K,  59% used [0x00007f2e49f90000, 0x00007f2e73ce15d0, 0x00007f2e902b0000)
  to   space 1150080K,   0% used [0x00007f2e902b0000, 0x00007f2e902b0000, 0x00007f2ed65d0000)
 tenured generation   total 23002668K, used 21686041K [0x00007f316db50000, 0x00007f36e9adb000, 0x00007f3c18600000)
   the space 23002668K,  94% used [0x00007f316db50000, 0x00007f3699516558, 0x00007f3699516600, 0x00007f36e9adb000)
 Metaspace       used 30295K, capacity 30701K, committed 30976K, reserved 32768K
}
Event: 1418.748 GC heap after
{Heap after GC invocations=58 (full 5):
 def new generation   total 10351296K, used 683831K [0x00007f2c18600000, 0x00007f2ed65d0000, 0x00007f316db50000)
  eden space 9201216K,   0% used [0x00007f2c18600000, 0x00007f2c18600000, 0x00007f2e49f90000)
  from space 1150080K,  59% used [0x00007f2e902b0000, 0x00007f2eb9e7dd40, 0x00007f2ed65d0000)
  to   space 1150080K,   0% used [0x00007f2e49f90000, 0x00007f2e49f90000, 0x00007f2e902b0000)
 tenured generation   total 23002668K, used 22371422K [0x00007f316db50000, 0x00007f36e9adb000, 0x00007f3c18600000)
   the space 23002668K,  97% used [0x00007f316db50000, 0x00007f36c3267908, 0x00007f36c3267a00, 0x00007f36e9adb000)
 Metaspace       used 30295K, capacity 30701K, committed 30976K, reserved 32768K
}
Event: 1421.318 GC heap before
{Heap before GC invocations=58 (full 5):
 def new generation   total 10351296K, used 9885047K [0x00007f2c18600000, 0x00007f2ed65d0000, 0x00007f316db50000)
  eden space 9201216K, 100% used [0x00007f2c18600000, 0x00007f2e49f90000, 0x00007f2e49f90000)
  from space 1150080K,  59% used [0x00007f2e902b0000, 0x00007f2eb9e7dd40, 0x00007f2ed65d0000)
  to   space 1150080K,   0% used [0x00007f2e49f90000, 0x00007f2e49f90000, 0x00007f2e902b0000)
 tenured generation   total 23002668K, used 22371422K [0x00007f316db50000, 0x00007f36e9adb000, 0x00007f3c18600000)
   the space 23002668K,  97% used [0x00007f316db50000, 0x00007f36c3267908, 0x00007f36c3267a00, 0x00007f36e9adb000)
 Metaspace       used 30295K, capacity 30701K, committed 30976K, reserved 32768K
}
Event: 1423.888 GC heap after
{Heap after GC invocations=59 (full 5):
 def new generation   total 10351296K, used 712388K [0x00007f2c18600000, 0x00007f2ed65d0000, 0x00007f316db50000)
  eden space 9201216K,   0% used [0x00007f2c18600000, 0x00007f2c18600000, 0x00007f2e49f90000)
  from space 1150080K,  61% used [0x00007f2e49f90000, 0x00007f2e75741040, 0x00007f2e902b0000)
  to   space 1150080K,   0% used [0x00007f2e902b0000, 0x00007f2e902b0000, 0x00007f2ed65d0000)
 tenured generation   total 23055276K, used 23055252K [0x00007f316db50000, 0x00007f36ece3b000, 0x00007f3c18600000)
   the space 23055276K,  99% used [0x00007f316db50000, 0x00007f36ece35248, 0x00007f36ece35400, 0x00007f36ece3b000)
 Metaspace       used 30295K, capacity 30701K, committed 30976K, reserved 32768K
}
Event: 1423.888 GC heap before
{Heap before GC invocations=59 (full 5):
 def new generation   total 10351296K, used 712388K [0x00007f2c18600000, 0x00007f2ed65d0000, 0x00007f316db50000)
  eden space 9201216K,   0% used [0x00007f2c18600000, 0x00007f2c18600000, 0x00007f2e49f90000)
  from space 1150080K,  61% used [0x00007f2e49f90000, 0x00007f2e75741040, 0x00007f2e902b0000)
  to   space 1150080K,   0% used [0x00007f2e902b0000, 0x00007f2e902b0000, 0x00007f2ed65d0000)
 tenured generation   total 23055276K, used 23055252K [0x00007f316db50000, 0x00007f36ece3b000, 0x00007f3c18600000)
   the space 23055276K,  99% used [0x00007f316db50000, 0x00007f36ece35248, 0x00007f36ece35400, 0x00007f36ece3b000)
 Metaspace       used 30295K, capacity 30701K, committed 30976K, reserved 32768K
}

