# JRE version: OpenJDK Runtime Environment (13.0.7+5) (build 13.0.7+5-Ubuntu-0ubuntu120.04)
# Java VM: OpenJDK 64-Bit Server VM (13.0.7+5-Ubuntu-0ubuntu120.04, mixed mode, tiered, serial gc, linux-amd64)
Heap:
 def new generation   total 2893632K, used 203955K [0x00007f74e4600000, 0x00007f75a89c0000, 0x00007f7a39b50000)
  eden space 2572160K,   7% used [0x00007f74e4600000, 0x00007f74f0d2ccd0, 0x00007f75815e0000)
  from space 321472K,   0% used [0x00007f7594fd0000, 0x00007f7594fd0000, 0x00007f75a89c0000)
  to   space 321472K,   0% used [0x00007f75815e0000, 0x00007f75815e0000, 0x00007f7594fd0000)
 tenured generation   total 6608064K, used 6608063K [0x00007f7a39b50000, 0x00007f7bcd080000, 0x00007f84e4600000)
   the space 6608064K,  99% used [0x00007f7a39b50000, 0x00007f7bcd07fff8, 0x00007f7bcd080000, 0x00007f7bcd080000)
 Metaspace       used 30581K, capacity 31033K, committed 31232K, reserved 32768K
GC Heap History (20 events):
Event: 124.387 GC heap after
{Heap after GC invocations=60 (full 4):
 def new generation   total 2893632K, used 222944K [0x00007f74e4600000, 0x00007f75a89c0000, 0x00007f7a39b50000)
  eden space 2572160K,   0% used [0x00007f74e4600000, 0x00007f74e4600000, 0x00007f75815e0000)
  from space 321472K,  69% used [0x00007f75815e0000, 0x00007f758ef983f0, 0x00007f7594fd0000)
  to   space 321472K,   0% used [0x00007f7594fd0000, 0x00007f7594fd0000, 0x00007f75a89c0000)
 tenured generation   total 6430080K, used 4787899K [0x00007f7a39b50000, 0x00007f7bc22b0000, 0x00007f84e4600000)
   the space 6430080K,  74% used [0x00007f7a39b50000, 0x00007f7b5defeea8, 0x00007f7b5deff000, 0x00007f7bc22b0000)
 Metaspace       used 30581K, capacity 31033K, committed 31232K, reserved 32768K
}
Event: 125.045 GC heap before
{Heap before GC invocations=60 (full 4):
 def new generation   total 2893632K, used 2795104K [0x00007f74e4600000, 0x00007f75a89c0000, 0x00007f7a39b50000)
  eden space 2572160K, 100% used [0x00007f74e4600000, 0x00007f75815e0000, 0x00007f75815e0000)
  from space 321472K,  69% used [0x00007f75815e0000, 0x00007f758ef983f0, 0x00007f7594fd0000)
  to   space 321472K,   0% used [0x00007f7594fd0000, 0x00007f7594fd0000, 0x00007f75a89c0000)
 tenured generation   total 6430080K, used 4787899K [0x00007f7a39b50000, 0x00007f7bc22b0000, 0x00007f84e4600000)
   the space 6430080K,  74% used [0x00007f7a39b50000, 0x00007f7b5defeea8, 0x00007f7b5deff000, 0x00007f7bc22b0000)
 Metaspace       used 30581K, capacity 31033K, committed 31232K, reserved 32768K
}
Event: 125.740 GC heap after
{Heap after GC invocations=61 (full 4):
 def new generation   total 2893632K, used 203007K [0x00007f74e4600000, 0x00007f75a89c0000, 0x00007f7a39b50000)
  eden space 2572160K,   0% used [0x00007f74e4600000, 0x00007f74e4600000, 0x00007f75815e0000)
  from space 321472K,  63% used [0x00007f7594fd0000, 0x00007f75a160fc20, 0x00007f75a89c0000)
  to   space 321472K,   0% used [0x00007f75815e0000, 0x00007f75815e0000, 0x00007f7594fd0000)
 tenured generation   total 6430080K, used 5010843K [0x00007f7a39b50000, 0x00007f7bc22b0000, 0x00007f84e4600000)
   the space 6430080K,  77% used [0x00007f7a39b50000, 0x00007f7b6b8b6ee8, 0x00007f7b6b8b7000, 0x00007f7bc22b0000)
 Metaspace       used 30581K, capacity 31033K, committed 31232K, reserved 32768K
}
Event: 126.382 GC heap before
{Heap before GC invocations=61 (full 4):
 def new generation   total 2893632K, used 2775167K [0x00007f74e4600000, 0x00007f75a89c0000, 0x00007f7a39b50000)
  eden space 2572160K, 100% used [0x00007f74e4600000, 0x00007f75815e0000, 0x00007f75815e0000)
  from space 321472K,  63% used [0x00007f7594fd0000, 0x00007f75a160fc20, 0x00007f75a89c0000)
  to   space 321472K,   0% used [0x00007f75815e0000, 0x00007f75815e0000, 0x00007f7594fd0000)
 tenured generation   total 6430080K, used 5010843K [0x00007f7a39b50000, 0x00007f7bc22b0000, 0x00007f84e4600000)
   the space 6430080K,  77% used [0x00007f7a39b50000, 0x00007f7b6b8b6ee8, 0x00007f7b6b8b7000, 0x00007f7bc22b0000)
 Metaspace       used 30581K, capacity 31033K, committed 31232K, reserved 32768K
}
Event: 127.087 GC heap after
{Heap after GC invocations=62 (full 4):
 def new generation   total 2893632K, used 199685K [0x00007f74e4600000, 0x00007f75a89c0000, 0x00007f7a39b50000)
  eden space 2572160K,   0% used [0x00007f74e4600000, 0x00007f74e4600000, 0x00007f75815e0000)
  from space 321472K,  62% used [0x00007f75815e0000, 0x00007f758d8e15f0, 0x00007f7594fd0000)
  to   space 321472K,   0% used [0x00007f7594fd0000, 0x00007f7594fd0000, 0x00007f75a89c0000)
 tenured generation   total 6430080K, used 5213849K [0x00007f7a39b50000, 0x00007f7bc22b0000, 0x00007f84e4600000)
   the space 6430080K,  81% used [0x00007f7a39b50000, 0x00007f7b77ef6798, 0x00007f7b77ef6800, 0x00007f7bc22b0000)
 Metaspace       used 30581K, capacity 31033K, committed 31232K, reserved 32768K
}
Event: 127.810 GC heap before
{Heap before GC invocations=62 (full 4):
 def new generation   total 2893632K, used 2771845K [0x00007f74e4600000, 0x00007f75a89c0000, 0x00007f7a39b50000)
  eden space 2572160K, 100% used [0x00007f74e4600000, 0x00007f75815e0000, 0x00007f75815e0000)
  from space 321472K,  62% used [0x00007f75815e0000, 0x00007f758d8e15f0, 0x00007f7594fd0000)
  to   space 321472K,   0% used [0x00007f7594fd0000, 0x00007f7594fd0000, 0x00007f75a89c0000)
 tenured generation   total 6430080K, used 5213849K [0x00007f7a39b50000, 0x00007f7bc22b0000, 0x00007f84e4600000)
   the space 6430080K,  81% used [0x00007f7a39b50000, 0x00007f7b77ef6798, 0x00007f7b77ef6800, 0x00007f7bc22b0000)
 Metaspace       used 30581K, capacity 31033K, committed 31232K, reserved 32768K
}
Event: 128.451 GC heap after
{Heap after GC invocations=63 (full 4):
 def new generation   total 2893632K, used 180149K [0x00007f74e4600000, 0x00007f75a89c0000, 0x00007f7a39b50000)
  eden space 2572160K,   0% used [0x00007f74e4600000, 0x00007f74e4600000, 0x00007f75815e0000)
  from space 321472K,  56% used [0x00007f7594fd0000, 0x00007f759ffbd658, 0x00007f75a89c0000)
  to   space 321472K,   0% used [0x00007f75815e0000, 0x00007f75815e0000, 0x00007f7594fd0000)
 tenured generation   total 6430080K, used 5413534K [0x00007f7a39b50000, 0x00007f7bc22b0000, 0x00007f84e4600000)
   the space 6430080K,  84% used [0x00007f7a39b50000, 0x00007f7b841f7848, 0x00007f7b841f7a00, 0x00007f7bc22b0000)
 Metaspace       used 30581K, capacity 31033K, committed 31232K, reserved 32768K
}
Event: 129.117 GC heap before
{Heap before GC invocations=63 (full 4):
 def new generation   total 2893632K, used 2752309K [0x00007f74e4600000, 0x00007f75a89c0000, 0x00007f7a39b50000)
  eden space 2572160K, 100% used [0x00007f74e4600000, 0x00007f75815e0000, 0x00007f75815e0000)
  from space 321472K,  56% used [0x00007f7594fd0000, 0x00007f759ffbd658, 0x00007f75a89c0000)
  to   space 321472K,   0% used [0x00007f75815e0000, 0x00007f75815e0000, 0x00007f7594fd0000)
 tenured generation   total 6430080K, used 5413534K [0x00007f7a39b50000, 0x00007f7bc22b0000, 0x00007f84e4600000)
   the space 6430080K,  84% used [0x00007f7a39b50000, 0x00007f7b841f7848, 0x00007f7b841f7a00, 0x00007f7bc22b0000)
 Metaspace       used 30581K, capacity 31033K, committed 31232K, reserved 32768K
}
Event: 129.853 GC heap after
{Heap after GC invocations=64 (full 4):
 def new generation   total 2893632K, used 228510K [0x00007f74e4600000, 0x00007f75a89c0000, 0x00007f7a39b50000)
  eden space 2572160K,   0% used [0x00007f74e4600000, 0x00007f74e4600000, 0x00007f75815e0000)
  from space 321472K,  71% used [0x00007f75815e0000, 0x00007f758f507a28, 0x00007f7594fd0000)
  to   space 321472K,   0% used [0x00007f7594fd0000, 0x00007f7594fd0000, 0x00007f75a89c0000)
 tenured generation   total 6430080K, used 5593682K [0x00007f7a39b50000, 0x00007f7bc22b0000, 0x00007f84e4600000)
   the space 6430080K,  86% used [0x00007f7a39b50000, 0x00007f7b8f1e4be0, 0x00007f7b8f1e4c00, 0x00007f7bc22b0000)
 Metaspace       used 30581K, capacity 31033K, committed 31232K, reserved 32768K
}
Event: 130.519 GC heap before
{Heap before GC invocations=64 (full 4):
 def new generation   total 2893632K, used 2800670K [0x00007f74e4600000, 0x00007f75a89c0000, 0x00007f7a39b50000)
  eden space 2572160K, 100% used [0x00007f74e4600000, 0x00007f75815e0000, 0x00007f75815e0000)
  from space 321472K,  71% used [0x00007f75815e0000, 0x00007f758f507a28, 0x00007f7594fd0000)
  to   space 321472K,   0% used [0x00007f7594fd0000, 0x00007f7594fd0000, 0x00007f75a89c0000)
 tenured generation   total 6430080K, used 5593682K [0x00007f7a39b50000, 0x00007f7bc22b0000, 0x00007f84e4600000)
   the space 6430080K,  86% used [0x00007f7a39b50000, 0x00007f7b8f1e4be0, 0x00007f7b8f1e4c00, 0x00007f7bc22b0000)
 Metaspace       used 30581K, capacity 31033K, committed 31232K, reserved 32768K
}
Event: 131.209 GC heap after
{Heap after GC invocations=65 (full 4):
 def new generation   total 2893632K, used 181456K [0x00007f74e4600000, 0x00007f75a89c0000, 0x00007f7a39b50000)
  eden space 2572160K,   0% used [0x00007f74e4600000, 0x00007f74e4600000, 0x00007f75815e0000)
  from space 321472K,  56% used [0x00007f7594fd0000, 0x00007f75a0104328, 0x00007f75a89c0000)
  to   space 321472K,   0% used [0x00007f75815e0000, 0x00007f75815e0000, 0x00007f7594fd0000)
 tenured generation   total 6430080K, used 5822193K [0x00007f7a39b50000, 0x00007f7bc22b0000, 0x00007f84e4600000)
   the space 6430080K,  90% used [0x00007f7a39b50000, 0x00007f7b9d10c468, 0x00007f7b9d10c600, 0x00007f7bc22b0000)
 Metaspace       used 30581K, capacity 31033K, committed 31232K, reserved 32768K
}
Event: 131.873 GC heap before
{Heap before GC invocations=65 (full 4):
 def new generation   total 2893632K, used 2753616K [0x00007f74e4600000, 0x00007f75a89c0000, 0x00007f7a39b50000)
  eden space 2572160K, 100% used [0x00007f74e4600000, 0x00007f75815e0000, 0x00007f75815e0000)
  from space 321472K,  56% used [0x00007f7594fd0000, 0x00007f75a0104328, 0x00007f75a89c0000)
  to   space 321472K,   0% used [0x00007f75815e0000, 0x00007f75815e0000, 0x00007f7594fd0000)
 tenured generation   total 6430080K, used 5822193K [0x00007f7a39b50000, 0x00007f7bc22b0000, 0x00007f84e4600000)
   the space 6430080K,  90% used [0x00007f7a39b50000, 0x00007f7b9d10c468, 0x00007f7b9d10c600, 0x00007f7bc22b0000)
 Metaspace       used 30581K, capacity 31033K, committed 31232K, reserved 32768K
}
Event: 132.554 GC heap after
{Heap after GC invocations=66 (full 4):
 def new generation   total 2893632K, used 195464K [0x00007f74e4600000, 0x00007f75a89c0000, 0x00007f7a39b50000)
  eden space 2572160K,   0% used [0x00007f74e4600000, 0x00007f74e4600000, 0x00007f75815e0000)
  from space 321472K,  60% used [0x00007f75815e0000, 0x00007f758d4c22e0, 0x00007f7594fd0000)
  to   space 321472K,   0% used [0x00007f7594fd0000, 0x00007f7594fd0000, 0x00007f75a89c0000)
 tenured generation   total 6430080K, used 6003648K [0x00007f7a39b50000, 0x00007f7bc22b0000, 0x00007f84e4600000)
   the space 6430080K,  93% used [0x00007f7a39b50000, 0x00007f7ba8240340, 0x00007f7ba8240400, 0x00007f7bc22b0000)
 Metaspace       used 30581K, capacity 31033K, committed 31232K, reserved 32768K
}
Event: 133.266 GC heap before
{Heap before GC invocations=66 (full 4):
 def new generation   total 2893632K, used 2767624K [0x00007f74e4600000, 0x00007f75a89c0000, 0x00007f7a39b50000)
  eden space 2572160K, 100% used [0x00007f74e4600000, 0x00007f75815e0000, 0x00007f75815e0000)
  from space 321472K,  60% used [0x00007f75815e0000, 0x00007f758d4c22e0, 0x00007f7594fd0000)
  to   space 321472K,   0% used [0x00007f7594fd0000, 0x00007f7594fd0000, 0x00007f75a89c0000)
 tenured generation   total 6430080K, used 6003648K [0x00007f7a39b50000, 0x00007f7bc22b0000, 0x00007f84e4600000)
   the space 6430080K,  93% used [0x00007f7a39b50000, 0x00007f7ba8240340, 0x00007f7ba8240400, 0x00007f7bc22b0000)
 Metaspace       used 30581K, capacity 31033K, committed 31232K, reserved 32768K
}
Event: 133.965 GC heap after
{Heap after GC invocations=67 (full 4):
 def new generation   total 2893632K, used 204949K [0x00007f74e4600000, 0x00007f75a89c0000, 0x00007f7a39b50000)
  eden space 2572160K,   0% used [0x00007f74e4600000, 0x00007f74e4600000, 0x00007f75815e0000)
  from space 321472K,  63% used [0x00007f7594fd0000, 0x00007f75a17f54d0, 0x00007f75a89c0000)
  to   space 321472K,   0% used [0x00007f75815e0000, 0x00007f75815e0000, 0x00007f7594fd0000)
 tenured generation   total 6430080K, used 6199112K [0x00007f7a39b50000, 0x00007f7bc22b0000, 0x00007f84e4600000)
   the space 6430080K,  96% used [0x00007f7a39b50000, 0x00007f7bb4122320, 0x00007f7bb4122400, 0x00007f7bc22b0000)
 Metaspace       used 30581K, capacity 31033K, committed 31232K, reserved 32768K
}
Event: 134.661 GC heap before
{Heap before GC invocations=67 (full 4):
 def new generation   total 2893632K, used 2777109K [0x00007f74e4600000, 0x00007f75a89c0000, 0x00007f7a39b50000)
  eden space 2572160K, 100% used [0x00007f74e4600000, 0x00007f75815e0000, 0x00007f75815e0000)
  from space 321472K,  63% used [0x00007f7594fd0000, 0x00007f75a17f54d0, 0x00007f75a89c0000)
  to   space 321472K,   0% used [0x00007f75815e0000, 0x00007f75815e0000, 0x00007f7594fd0000)
 tenured generation   total 6430080K, used 6199112K [0x00007f7a39b50000, 0x00007f7bc22b0000, 0x00007f84e4600000)
   the space 6430080K,  96% used [0x00007f7a39b50000, 0x00007f7bb4122320, 0x00007f7bb4122400, 0x00007f7bc22b0000)
 Metaspace       used 30581K, capacity 31033K, committed 31232K, reserved 32768K
}
Event: 135.325 GC heap after
{Heap after GC invocations=68 (full 4):
 def new generation   total 2893632K, used 203877K [0x00007f74e4600000, 0x00007f75a89c0000, 0x00007f7a39b50000)
  eden space 2572160K,   0% used [0x00007f74e4600000, 0x00007f74e4600000, 0x00007f75815e0000)
  from space 321472K,  63% used [0x00007f75815e0000, 0x00007f758dcf9508, 0x00007f7594fd0000)
  to   space 321472K,   0% used [0x00007f7594fd0000, 0x00007f7594fd0000, 0x00007f75a89c0000)
 tenured generation   total 6430080K, used 6404061K [0x00007f7a39b50000, 0x00007f7bc22b0000, 0x00007f84e4600000)
   the space 6430080K,  99% used [0x00007f7a39b50000, 0x00007f7bc0947710, 0x00007f7bc0947800, 0x00007f7bc22b0000)
 Metaspace       used 30581K, capacity 31033K, committed 31232K, reserved 32768K
}
Event: 136.019 GC heap before
{Heap before GC invocations=68 (full 4):
 def new generation   total 2893632K, used 2776037K [0x00007f74e4600000, 0x00007f75a89c0000, 0x00007f7a39b50000)
  eden space 2572160K, 100% used [0x00007f74e4600000, 0x00007f75815e0000, 0x00007f75815e0000)
  from space 321472K,  63% used [0x00007f75815e0000, 0x00007f758dcf9508, 0x00007f7594fd0000)
  to   space 321472K,   0% used [0x00007f7594fd0000, 0x00007f7594fd0000, 0x00007f75a89c0000)
 tenured generation   total 6430080K, used 6404061K [0x00007f7a39b50000, 0x00007f7bc22b0000, 0x00007f84e4600000)
   the space 6430080K,  99% used [0x00007f7a39b50000, 0x00007f7bc0947710, 0x00007f7bc0947800, 0x00007f7bc22b0000)
 Metaspace       used 30581K, capacity 31033K, committed 31232K, reserved 32768K
}
Event: 136.721 GC heap after
{Heap after GC invocations=69 (full 4):
 def new generation   total 2893632K, used 204080K [0x00007f74e4600000, 0x00007f75a89c0000, 0x00007f7a39b50000)
  eden space 2572160K,   0% used [0x00007f74e4600000, 0x00007f74e4600000, 0x00007f75815e0000)
  from space 321472K,  63% used [0x00007f7594fd0000, 0x00007f75a171c220, 0x00007f75a89c0000)
  to   space 321472K,   0% used [0x00007f75815e0000, 0x00007f75815e0000, 0x00007f7594fd0000)
 tenured generation   total 6608064K, used 6607938K [0x00007f7a39b50000, 0x00007f7bcd080000, 0x00007f84e4600000)
   the space 6608064K,  99% used [0x00007f7a39b50000, 0x00007f7bcd060aa8, 0x00007f7bcd060c00, 0x00007f7bcd080000)
 Metaspace       used 30581K, capacity 31033K, committed 31232K, reserved 32768K
}
Event: 136.721 GC heap before
{Heap before GC invocations=69 (full 4):
 def new generation   total 2893632K, used 204080K [0x00007f74e4600000, 0x00007f75a89c0000, 0x00007f7a39b50000)
  eden space 2572160K,   0% used [0x00007f74e4600000, 0x00007f74e4600000, 0x00007f75815e0000)
  from space 321472K,  63% used [0x00007f7594fd0000, 0x00007f75a171c220, 0x00007f75a89c0000)
  to   space 321472K,   0% used [0x00007f75815e0000, 0x00007f75815e0000, 0x00007f7594fd0000)
 tenured generation   total 6608064K, used 6607938K [0x00007f7a39b50000, 0x00007f7bcd080000, 0x00007f84e4600000)
   the space 6608064K,  99% used [0x00007f7a39b50000, 0x00007f7bcd060aa8, 0x00007f7bcd060c00, 0x00007f7bcd080000)
 Metaspace       used 30581K, capacity 31033K, committed 31232K, reserved 32768K
}

