# JRE version: OpenJDK Runtime Environment (13.0.7+5) (build 13.0.7+5-Ubuntu-0ubuntu120.04)
# Java VM: OpenJDK 64-Bit Server VM (13.0.7+5-Ubuntu-0ubuntu120.04, mixed mode, tiered, serial gc, linux-amd64)
Heap:
 def new generation   total 1583808K, used 0K [0x00007fbffc600000, 0x00007fc067c80000, 0x00007fc551b50000)
  eden space 1407872K,   0% used [0x00007fbffc600000, 0x00007fbffc600000, 0x00007fc0524e0000)
  from space 175936K,   0% used [0x00007fc05d0b0000, 0x00007fc05d0b0000, 0x00007fc067c80000)
  to   space 175936K,   0% used [0x00007fc0524e0000, 0x00007fc0524e0000, 0x00007fc05d0b0000)
 tenured generation   total 3650968K, used 2556696K [0x00007fc551b50000, 0x00007fc6308b6000, 0x00007fcffc600000)
   the space 3650968K,  70% used [0x00007fc551b50000, 0x00007fc5edc16228, 0x00007fc5edc16400, 0x00007fc6308b6000)
 Metaspace       used 30600K, capacity 31030K, committed 31232K, reserved 32768K
GC Heap History (20 events):
Event: 141.085 GC heap after
{Heap after GC invocations=73 (full 14):
 def new generation   total 1583808K, used 107333K [0x00007fbffc600000, 0x00007fc067c80000, 0x00007fc551b50000)
  eden space 1407872K,   0% used [0x00007fbffc600000, 0x00007fbffc600000, 0x00007fc0524e0000)
  from space 175936K,  61% used [0x00007fc0524e0000, 0x00007fc058db16b0, 0x00007fc05d0b0000)
  to   space 175936K,   0% used [0x00007fc05d0b0000, 0x00007fc05d0b0000, 0x00007fc067c80000)
 tenured generation   total 3519448K, used 1636235K [0x00007fc551b50000, 0x00007fc628846000, 0x00007fcffc600000)
   the space 3519448K,  46% used [0x00007fc551b50000, 0x00007fc5b5932c58, 0x00007fc5b5932e00, 0x00007fc628846000)
 Metaspace       used 30600K, capacity 31030K, committed 31232K, reserved 32768K
}
Event: 141.633 GC heap before
{Heap before GC invocations=73 (full 14):
 def new generation   total 1583808K, used 1515205K [0x00007fbffc600000, 0x00007fc067c80000, 0x00007fc551b50000)
  eden space 1407872K, 100% used [0x00007fbffc600000, 0x00007fc0524e0000, 0x00007fc0524e0000)
  from space 175936K,  61% used [0x00007fc0524e0000, 0x00007fc058db16b0, 0x00007fc05d0b0000)
  to   space 175936K,   0% used [0x00007fc05d0b0000, 0x00007fc05d0b0000, 0x00007fc067c80000)
 tenured generation   total 3519448K, used 1636235K [0x00007fc551b50000, 0x00007fc628846000, 0x00007fcffc600000)
   the space 3519448K,  46% used [0x00007fc551b50000, 0x00007fc5b5932c58, 0x00007fc5b5932e00, 0x00007fc628846000)
 Metaspace       used 30600K, capacity 31030K, committed 31232K, reserved 32768K
}
Event: 142.127 GC heap after
{Heap after GC invocations=74 (full 14):
 def new generation   total 1583808K, used 123907K [0x00007fbffc600000, 0x00007fc067c80000, 0x00007fc551b50000)
  eden space 1407872K,   0% used [0x00007fbffc600000, 0x00007fbffc600000, 0x00007fc0524e0000)
  from space 175936K,  70% used [0x00007fc05d0b0000, 0x00007fc0649b0f40, 0x00007fc067c80000)
  to   space 175936K,   0% used [0x00007fc0524e0000, 0x00007fc0524e0000, 0x00007fc05d0b0000)
 tenured generation   total 3519448K, used 1743568K [0x00007fc551b50000, 0x00007fc628846000, 0x00007fcffc600000)
   the space 3519448K,  49% used [0x00007fc551b50000, 0x00007fc5bc2040c8, 0x00007fc5bc204200, 0x00007fc628846000)
 Metaspace       used 30600K, capacity 31030K, committed 31232K, reserved 32768K
}
Event: 142.691 GC heap before
{Heap before GC invocations=74 (full 14):
 def new generation   total 1583808K, used 1531779K [0x00007fbffc600000, 0x00007fc067c80000, 0x00007fc551b50000)
  eden space 1407872K, 100% used [0x00007fbffc600000, 0x00007fc0524e0000, 0x00007fc0524e0000)
  from space 175936K,  70% used [0x00007fc05d0b0000, 0x00007fc0649b0f40, 0x00007fc067c80000)
  to   space 175936K,   0% used [0x00007fc0524e0000, 0x00007fc0524e0000, 0x00007fc05d0b0000)
 tenured generation   total 3519448K, used 1743568K [0x00007fc551b50000, 0x00007fc628846000, 0x00007fcffc600000)
   the space 3519448K,  49% used [0x00007fc551b50000, 0x00007fc5bc2040c8, 0x00007fc5bc204200, 0x00007fc628846000)
 Metaspace       used 30600K, capacity 31030K, committed 31232K, reserved 32768K
}
Event: 143.196 GC heap after
{Heap after GC invocations=75 (full 14):
 def new generation   total 1583808K, used 114512K [0x00007fbffc600000, 0x00007fc067c80000, 0x00007fc551b50000)
  eden space 1407872K,   0% used [0x00007fbffc600000, 0x00007fbffc600000, 0x00007fc0524e0000)
  from space 175936K,  65% used [0x00007fc0524e0000, 0x00007fc0594b41b0, 0x00007fc05d0b0000)
  to   space 175936K,   0% used [0x00007fc05d0b0000, 0x00007fc05d0b0000, 0x00007fc067c80000)
 tenured generation   total 3519448K, used 1867475K [0x00007fc551b50000, 0x00007fc628846000, 0x00007fcffc600000)
   the space 3519448K,  53% used [0x00007fc551b50000, 0x00007fc5c3b04f08, 0x00007fc5c3b05000, 0x00007fc628846000)
 Metaspace       used 30600K, capacity 31030K, committed 31232K, reserved 32768K
}
Event: 154.046 GC heap before
{Heap before GC invocations=75 (full 14):
 def new generation   total 1583808K, used 1522384K [0x00007fbffc600000, 0x00007fc067c80000, 0x00007fc551b50000)
  eden space 1407872K, 100% used [0x00007fbffc600000, 0x00007fc0524e0000, 0x00007fc0524e0000)
  from space 175936K,  65% used [0x00007fc0524e0000, 0x00007fc0594b41b0, 0x00007fc05d0b0000)
  to   space 175936K,   0% used [0x00007fc05d0b0000, 0x00007fc05d0b0000, 0x00007fc067c80000)
 tenured generation   total 3519448K, used 1867475K [0x00007fc551b50000, 0x00007fc628846000, 0x00007fcffc600000)
   the space 3519448K,  53% used [0x00007fc551b50000, 0x00007fc5c3b04f08, 0x00007fc5c3b05000, 0x00007fc628846000)
 Metaspace       used 30600K, capacity 31030K, committed 31232K, reserved 32768K
}
Event: 156.081 GC heap after
{Heap after GC invocations=76 (full 14):
 def new generation   total 1583808K, used 175935K [0x00007fbffc600000, 0x00007fc067c80000, 0x00007fc551b50000)
  eden space 1407872K,   0% used [0x00007fbffc600000, 0x00007fbffc600000, 0x00007fc0524e0000)
  from space 175936K,  99% used [0x00007fc05d0b0000, 0x00007fc067c7fff8, 0x00007fc067c80000)
  to   space 175936K,   0% used [0x00007fc0524e0000, 0x00007fc0524e0000, 0x00007fc05d0b0000)
 tenured generation   total 3519448K, used 2437160K [0x00007fc551b50000, 0x00007fc628846000, 0x00007fcffc600000)
   the space 3519448K,  69% used [0x00007fc551b50000, 0x00007fc5e675a310, 0x00007fc5e675a400, 0x00007fc628846000)
 Metaspace       used 30600K, capacity 31030K, committed 31232K, reserved 32768K
}
Event: 181.277 GC heap before
{Heap before GC invocations=76 (full 14):
 def new generation   total 1583808K, used 1583807K [0x00007fbffc600000, 0x00007fc067c80000, 0x00007fc551b50000)
  eden space 1407872K, 100% used [0x00007fbffc600000, 0x00007fc0524e0000, 0x00007fc0524e0000)
  from space 175936K,  99% used [0x00007fc05d0b0000, 0x00007fc067c7fff8, 0x00007fc067c80000)
  to   space 175936K,   0% used [0x00007fc0524e0000, 0x00007fc0524e0000, 0x00007fc05d0b0000)
 tenured generation   total 3519448K, used 2437160K [0x00007fc551b50000, 0x00007fc628846000, 0x00007fcffc600000)
   the space 3519448K,  69% used [0x00007fc551b50000, 0x00007fc5e675a310, 0x00007fc5e675a400, 0x00007fc628846000)
 Metaspace       used 30600K, capacity 31030K, committed 31232K, reserved 32768K
}
Event: 182.535 GC heap after
{Heap after GC invocations=77 (full 14):
 def new generation   total 1583808K, used 175935K [0x00007fbffc600000, 0x00007fc067c80000, 0x00007fc551b50000)
  eden space 1407872K,   0% used [0x00007fbffc600000, 0x00007fbffc600000, 0x00007fc0524e0000)
  from space 175936K,  99% used [0x00007fc0524e0000, 0x00007fc05d0afff0, 0x00007fc05d0b0000)
  to   space 175936K,   0% used [0x00007fc05d0b0000, 0x00007fc05d0b0000, 0x00007fc067c80000)
 tenured generation   total 3519448K, used 2733548K [0x00007fc551b50000, 0x00007fc628846000, 0x00007fcffc600000)
   the space 3519448K,  77% used [0x00007fc551b50000, 0x00007fc5f88cb298, 0x00007fc5f88cb400, 0x00007fc628846000)
 Metaspace       used 30600K, capacity 31030K, committed 31232K, reserved 32768K
}
Event: 208.563 GC heap before
{Heap before GC invocations=77 (full 14):
 def new generation   total 1583808K, used 1583807K [0x00007fbffc600000, 0x00007fc067c80000, 0x00007fc551b50000)
  eden space 1407872K, 100% used [0x00007fbffc600000, 0x00007fc0524e0000, 0x00007fc0524e0000)
  from space 175936K,  99% used [0x00007fc0524e0000, 0x00007fc05d0afff0, 0x00007fc05d0b0000)
  to   space 175936K,   0% used [0x00007fc05d0b0000, 0x00007fc05d0b0000, 0x00007fc067c80000)
 tenured generation   total 3519448K, used 2733548K [0x00007fc551b50000, 0x00007fc628846000, 0x00007fcffc600000)
   the space 3519448K,  77% used [0x00007fc551b50000, 0x00007fc5f88cb298, 0x00007fc5f88cb400, 0x00007fc628846000)
 Metaspace       used 30600K, capacity 31030K, committed 31232K, reserved 32768K
}
Event: 209.221 GC heap after
{Heap after GC invocations=78 (full 14):
 def new generation   total 1583808K, used 175936K [0x00007fbffc600000, 0x00007fc067c80000, 0x00007fc551b50000)
  eden space 1407872K,   0% used [0x00007fbffc600000, 0x00007fbffc600000, 0x00007fc0524e0000)
  from space 175936K, 100% used [0x00007fc05d0b0000, 0x00007fc067c80000, 0x00007fc067c80000)
  to   space 175936K,   0% used [0x00007fc0524e0000, 0x00007fc0524e0000, 0x00007fc05d0b0000)
 tenured generation   total 3519448K, used 3016728K [0x00007fc551b50000, 0x00007fc628846000, 0x00007fcffc600000)
   the space 3519448K,  85% used [0x00007fc551b50000, 0x00007fc609d561b8, 0x00007fc609d56200, 0x00007fc628846000)
 Metaspace       used 30600K, capacity 31030K, committed 31232K, reserved 32768K
}
Event: 209.748 GC heap before
{Heap before GC invocations=78 (full 14):
 def new generation   total 1583808K, used 1583808K [0x00007fbffc600000, 0x00007fc067c80000, 0x00007fc551b50000)
  eden space 1407872K, 100% used [0x00007fbffc600000, 0x00007fc0524e0000, 0x00007fc0524e0000)
  from space 175936K, 100% used [0x00007fc05d0b0000, 0x00007fc067c80000, 0x00007fc067c80000)
  to   space 175936K,   0% used [0x00007fc0524e0000, 0x00007fc0524e0000, 0x00007fc05d0b0000)
 tenured generation   total 3519448K, used 3016728K [0x00007fc551b50000, 0x00007fc628846000, 0x00007fcffc600000)
   the space 3519448K,  85% used [0x00007fc551b50000, 0x00007fc609d561b8, 0x00007fc609d56200, 0x00007fc628846000)
 Metaspace       used 30600K, capacity 31030K, committed 31232K, reserved 32768K
}
Event: 210.178 GC heap after
{Heap after GC invocations=79 (full 14):
 def new generation   total 1583808K, used 153481K [0x00007fbffc600000, 0x00007fc067c80000, 0x00007fc551b50000)
  eden space 1407872K,   0% used [0x00007fbffc600000, 0x00007fbffc600000, 0x00007fc0524e0000)
  from space 175936K,  87% used [0x00007fc0524e0000, 0x00007fc05bac27d8, 0x00007fc05d0b0000)
  to   space 175936K,   0% used [0x00007fc05d0b0000, 0x00007fc05d0b0000, 0x00007fc067c80000)
 tenured generation   total 3519448K, used 3192664K [0x00007fc551b50000, 0x00007fc628846000, 0x00007fcffc600000)
   the space 3519448K,  90% used [0x00007fc551b50000, 0x00007fc6149261b8, 0x00007fc614926200, 0x00007fc628846000)
 Metaspace       used 30600K, capacity 31030K, committed 31232K, reserved 32768K
}
Event: 210.609 GC heap before
{Heap before GC invocations=79 (full 14):
 def new generation   total 1583808K, used 1561353K [0x00007fbffc600000, 0x00007fc067c80000, 0x00007fc551b50000)
  eden space 1407872K, 100% used [0x00007fbffc600000, 0x00007fc0524e0000, 0x00007fc0524e0000)
  from space 175936K,  87% used [0x00007fc0524e0000, 0x00007fc05bac27d8, 0x00007fc05d0b0000)
  to   space 175936K,   0% used [0x00007fc05d0b0000, 0x00007fc05d0b0000, 0x00007fc067c80000)
 tenured generation   total 3519448K, used 3192664K [0x00007fc551b50000, 0x00007fc628846000, 0x00007fcffc600000)
   the space 3519448K,  90% used [0x00007fc551b50000, 0x00007fc6149261b8, 0x00007fc614926200, 0x00007fc628846000)
 Metaspace       used 30600K, capacity 31030K, committed 31232K, reserved 32768K
}
Event: 211.033 GC heap after
{Heap after GC invocations=80 (full 14):
 def new generation   total 1583808K, used 146554K [0x00007fbffc600000, 0x00007fc067c80000, 0x00007fc551b50000)
  eden space 1407872K,   0% used [0x00007fbffc600000, 0x00007fbffc600000, 0x00007fc0524e0000)
  from space 175936K,  83% used [0x00007fc05d0b0000, 0x00007fc065fce818, 0x00007fc067c80000)
  to   space 175936K,   0% used [0x00007fc0524e0000, 0x00007fc0524e0000, 0x00007fc05d0b0000)
 tenured generation   total 3519448K, used 3346146K [0x00007fc551b50000, 0x00007fc628846000, 0x00007fcffc600000)
   the space 3519448K,  95% used [0x00007fc551b50000, 0x00007fc61df08990, 0x00007fc61df08a00, 0x00007fc628846000)
 Metaspace       used 30600K, capacity 31030K, committed 31232K, reserved 32768K
}
Event: 211.477 GC heap before
{Heap before GC invocations=80 (full 14):
 def new generation   total 1583808K, used 1554426K [0x00007fbffc600000, 0x00007fc067c80000, 0x00007fc551b50000)
  eden space 1407872K, 100% used [0x00007fbffc600000, 0x00007fc0524e0000, 0x00007fc0524e0000)
  from space 175936K,  83% used [0x00007fc05d0b0000, 0x00007fc065fce818, 0x00007fc067c80000)
  to   space 175936K,   0% used [0x00007fc0524e0000, 0x00007fc0524e0000, 0x00007fc05d0b0000)
 tenured generation   total 3519448K, used 3346146K [0x00007fc551b50000, 0x00007fc628846000, 0x00007fcffc600000)
   the space 3519448K,  95% used [0x00007fc551b50000, 0x00007fc61df08990, 0x00007fc61df08a00, 0x00007fc628846000)
 Metaspace       used 30600K, capacity 31030K, committed 31232K, reserved 32768K
}
Event: 211.960 GC heap after
{Heap after GC invocations=81 (full 14):
 def new generation   total 1583808K, used 157965K [0x00007fbffc600000, 0x00007fc067c80000, 0x00007fc551b50000)
  eden space 1407872K,   0% used [0x00007fbffc600000, 0x00007fbffc600000, 0x00007fc0524e0000)
  from space 175936K,  89% used [0x00007fc0524e0000, 0x00007fc05bf23530, 0x00007fc05d0b0000)
  to   space 175936K,   0% used [0x00007fc05d0b0000, 0x00007fc05d0b0000, 0x00007fc067c80000)
 tenured generation   total 3519448K, used 3492699K [0x00007fc551b50000, 0x00007fc628846000, 0x00007fcffc600000)
   the space 3519448K,  99% used [0x00007fc551b50000, 0x00007fc626e26fd8, 0x00007fc626e27000, 0x00007fc628846000)
 Metaspace       used 30600K, capacity 31030K, committed 31232K, reserved 32768K
}
Event: 212.441 GC heap before
{Heap before GC invocations=81 (full 14):
 def new generation   total 1583808K, used 1565837K [0x00007fbffc600000, 0x00007fc067c80000, 0x00007fc551b50000)
  eden space 1407872K, 100% used [0x00007fbffc600000, 0x00007fc0524e0000, 0x00007fc0524e0000)
  from space 175936K,  89% used [0x00007fc0524e0000, 0x00007fc05bf23530, 0x00007fc05d0b0000)
  to   space 175936K,   0% used [0x00007fc05d0b0000, 0x00007fc05d0b0000, 0x00007fc067c80000)
 tenured generation   total 3519448K, used 3492699K [0x00007fc551b50000, 0x00007fc628846000, 0x00007fcffc600000)
   the space 3519448K,  99% used [0x00007fc551b50000, 0x00007fc626e26fd8, 0x00007fc626e27000, 0x00007fc628846000)
 Metaspace       used 30600K, capacity 31030K, committed 31232K, reserved 32768K
}
Event: 212.989 GC heap after
{Heap after GC invocations=82 (full 14):
 def new generation   total 1583808K, used 175936K [0x00007fbffc600000, 0x00007fc067c80000, 0x00007fc551b50000)
  eden space 1407872K,   0% used [0x00007fbffc600000, 0x00007fbffc600000, 0x00007fc0524e0000)
  from space 175936K, 100% used [0x00007fc05d0b0000, 0x00007fc067c80000, 0x00007fc067c80000)
  to   space 175936K,   0% used [0x00007fc0524e0000, 0x00007fc0524e0000, 0x00007fc05d0b0000)
 tenured generation   total 3650968K, used 3650850K [0x00007fc551b50000, 0x00007fc6308b6000, 0x00007fcffc600000)
   the space 3650968K,  99% used [0x00007fc551b50000, 0x00007fc630898820, 0x00007fc630898a00, 0x00007fc6308b6000)
 Metaspace       used 30600K, capacity 31030K, committed 31232K, reserved 32768K
}
Event: 212.989 GC heap before
{Heap before GC invocations=82 (full 14):
 def new generation   total 1583808K, used 175936K [0x00007fbffc600000, 0x00007fc067c80000, 0x00007fc551b50000)
  eden space 1407872K,   0% used [0x00007fbffc600000, 0x00007fbffc600000, 0x00007fc0524e0000)
  from space 175936K, 100% used [0x00007fc05d0b0000, 0x00007fc067c80000, 0x00007fc067c80000)
  to   space 175936K,   0% used [0x00007fc0524e0000, 0x00007fc0524e0000, 0x00007fc05d0b0000)
 tenured generation   total 3650968K, used 3650850K [0x00007fc551b50000, 0x00007fc6308b6000, 0x00007fcffc600000)
   the space 3650968K,  99% used [0x00007fc551b50000, 0x00007fc630898820, 0x00007fc630898a00, 0x00007fc6308b6000)
 Metaspace       used 30600K, capacity 31030K, committed 31232K, reserved 32768K
}

