# JRE version: OpenJDK Runtime Environment (13.0.7+5) (build 13.0.7+5-Ubuntu-0ubuntu120.04)
# Java VM: OpenJDK 64-Bit Server VM (13.0.7+5-Ubuntu-0ubuntu120.04, mixed mode, tiered, serial gc, linux-amd64)
Heap:
 def new generation   total 2915456K, used 24624K [0x00007fa33c600000, 0x00007fa402170000, 0x00007fa891b50000)
  eden space 2591552K,   0% used [0x00007fa33c600000, 0x00007fa33de0c3f0, 0x00007fa3da8d0000)
  from space 323904K,   0% used [0x00007fa3da8d0000, 0x00007fa3da8d0000, 0x00007fa3ee520000)
  to   space 323904K,   0% used [0x00007fa3ee520000, 0x00007fa3ee520000, 0x00007fa402170000)
 tenured generation   total 6480576K, used 6480576K [0x00007fa891b50000, 0x00007faa1d400000, 0x00007fb33c600000)
   the space 6480576K, 100% used [0x00007fa891b50000, 0x00007faa1d400000, 0x00007faa1d400000, 0x00007faa1d400000)
 Metaspace       used 24202K, capacity 24576K, committed 24832K, reserved 26624K
GC Heap History (20 events):
Event: 5307.155 GC heap after
{Heap after GC invocations=7278 (full 4):
 def new generation   total 2915456K, used 29360K [0x00007fa33c600000, 0x00007fa402170000, 0x00007fa891b50000)
  eden space 2591552K,   0% used [0x00007fa33c600000, 0x00007fa33c600000, 0x00007fa3da8d0000)
  from space 323904K,   9% used [0x00007fa3ee520000, 0x00007fa3f01cc2f0, 0x00007fa402170000)
  to   space 323904K,   0% used [0x00007fa3da8d0000, 0x00007fa3da8d0000, 0x00007fa3ee520000)
 tenured generation   total 6478656K, used 6460229K [0x00007fa891b50000, 0x00007faa1d220000, 0x00007fb33c600000)
   the space 6478656K,  99% used [0x00007fa891b50000, 0x00007faa1c021728, 0x00007faa1c021800, 0x00007faa1d220000)
 Metaspace       used 24202K, capacity 24576K, committed 24832K, reserved 26624K
}
Event: 5308.659 GC heap before
{Heap before GC invocations=7278 (full 4):
 def new generation   total 2915456K, used 2620912K [0x00007fa33c600000, 0x00007fa402170000, 0x00007fa891b50000)
  eden space 2591552K, 100% used [0x00007fa33c600000, 0x00007fa3da8d0000, 0x00007fa3da8d0000)
  from space 323904K,   9% used [0x00007fa3ee520000, 0x00007fa3f01cc2f0, 0x00007fa402170000)
  to   space 323904K,   0% used [0x00007fa3da8d0000, 0x00007fa3da8d0000, 0x00007fa3ee520000)
 tenured generation   total 6478656K, used 6460229K [0x00007fa891b50000, 0x00007faa1d220000, 0x00007fb33c600000)
   the space 6478656K,  99% used [0x00007fa891b50000, 0x00007faa1c021728, 0x00007faa1c021800, 0x00007faa1d220000)
 Metaspace       used 24202K, capacity 24576K, committed 24832K, reserved 26624K
}
Event: 5308.715 GC heap after
{Heap after GC invocations=7279 (full 4):
 def new generation   total 2915456K, used 29664K [0x00007fa33c600000, 0x00007fa402170000, 0x00007fa891b50000)
  eden space 2591552K,   0% used [0x00007fa33c600000, 0x00007fa33c600000, 0x00007fa3da8d0000)
  from space 323904K,   9% used [0x00007fa3da8d0000, 0x00007fa3dc5c82c0, 0x00007fa3ee520000)
  to   space 323904K,   0% used [0x00007fa3ee520000, 0x00007fa3ee520000, 0x00007fa402170000)
 tenured generation   total 6478656K, used 6463309K [0x00007fa891b50000, 0x00007faa1d220000, 0x00007fb33c600000)
   the space 6478656K,  99% used [0x00007fa891b50000, 0x00007faa1c3234c8, 0x00007faa1c323600, 0x00007faa1d220000)
 Metaspace       used 24202K, capacity 24576K, committed 24832K, reserved 26624K
}
Event: 5310.219 GC heap before
{Heap before GC invocations=7279 (full 4):
 def new generation   total 2915456K, used 2621216K [0x00007fa33c600000, 0x00007fa402170000, 0x00007fa891b50000)
  eden space 2591552K, 100% used [0x00007fa33c600000, 0x00007fa3da8d0000, 0x00007fa3da8d0000)
  from space 323904K,   9% used [0x00007fa3da8d0000, 0x00007fa3dc5c82c0, 0x00007fa3ee520000)
  to   space 323904K,   0% used [0x00007fa3ee520000, 0x00007fa3ee520000, 0x00007fa402170000)
 tenured generation   total 6478656K, used 6463309K [0x00007fa891b50000, 0x00007faa1d220000, 0x00007fb33c600000)
   the space 6478656K,  99% used [0x00007fa891b50000, 0x00007faa1c3234c8, 0x00007faa1c323600, 0x00007faa1d220000)
 Metaspace       used 24202K, capacity 24576K, committed 24832K, reserved 26624K
}
Event: 5310.266 GC heap after
{Heap after GC invocations=7280 (full 4):
 def new generation   total 2915456K, used 28353K [0x00007fa33c600000, 0x00007fa402170000, 0x00007fa891b50000)
  eden space 2591552K,   0% used [0x00007fa33c600000, 0x00007fa33c600000, 0x00007fa3da8d0000)
  from space 323904K,   8% used [0x00007fa3ee520000, 0x00007fa3f00d0728, 0x00007fa402170000)
  to   space 323904K,   0% used [0x00007fa3da8d0000, 0x00007fa3da8d0000, 0x00007fa3ee520000)
 tenured generation   total 6478656K, used 6466068K [0x00007fa891b50000, 0x00007faa1d220000, 0x00007fb33c600000)
   the space 6478656K,  99% used [0x00007fa891b50000, 0x00007faa1c5d5368, 0x00007faa1c5d5400, 0x00007faa1d220000)
 Metaspace       used 24202K, capacity 24576K, committed 24832K, reserved 26624K
}
Event: 5311.772 GC heap before
{Heap before GC invocations=7280 (full 4):
 def new generation   total 2915456K, used 2619905K [0x00007fa33c600000, 0x00007fa402170000, 0x00007fa891b50000)
  eden space 2591552K, 100% used [0x00007fa33c600000, 0x00007fa3da8d0000, 0x00007fa3da8d0000)
  from space 323904K,   8% used [0x00007fa3ee520000, 0x00007fa3f00d0728, 0x00007fa402170000)
  to   space 323904K,   0% used [0x00007fa3da8d0000, 0x00007fa3da8d0000, 0x00007fa3ee520000)
 tenured generation   total 6478656K, used 6466068K [0x00007fa891b50000, 0x00007faa1d220000, 0x00007fb33c600000)
   the space 6478656K,  99% used [0x00007fa891b50000, 0x00007faa1c5d5368, 0x00007faa1c5d5400, 0x00007faa1d220000)
 Metaspace       used 24202K, capacity 24576K, committed 24832K, reserved 26624K
}
Event: 5311.818 GC heap after
{Heap after GC invocations=7281 (full 4):
 def new generation   total 2915456K, used 28553K [0x00007fa33c600000, 0x00007fa402170000, 0x00007fa891b50000)
  eden space 2591552K,   0% used [0x00007fa33c600000, 0x00007fa33c600000, 0x00007fa3da8d0000)
  from space 323904K,   8% used [0x00007fa3da8d0000, 0x00007fa3dc4b26c0, 0x00007fa3ee520000)
  to   space 323904K,   0% used [0x00007fa3ee520000, 0x00007fa3ee520000, 0x00007fa402170000)
 tenured generation   total 6478656K, used 6466860K [0x00007fa891b50000, 0x00007faa1d220000, 0x00007fb33c600000)
   the space 6478656K,  99% used [0x00007fa891b50000, 0x00007faa1c69b248, 0x00007faa1c69b400, 0x00007faa1d220000)
 Metaspace       used 24202K, capacity 24576K, committed 24832K, reserved 26624K
}
Event: 5313.363 GC heap before
{Heap before GC invocations=7281 (full 4):
 def new generation   total 2915456K, used 2620105K [0x00007fa33c600000, 0x00007fa402170000, 0x00007fa891b50000)
  eden space 2591552K, 100% used [0x00007fa33c600000, 0x00007fa3da8d0000, 0x00007fa3da8d0000)
  from space 323904K,   8% used [0x00007fa3da8d0000, 0x00007fa3dc4b26c0, 0x00007fa3ee520000)
  to   space 323904K,   0% used [0x00007fa3ee520000, 0x00007fa3ee520000, 0x00007fa402170000)
 tenured generation   total 6478656K, used 6466860K [0x00007fa891b50000, 0x00007faa1d220000, 0x00007fb33c600000)
   the space 6478656K,  99% used [0x00007fa891b50000, 0x00007faa1c69b248, 0x00007faa1c69b400, 0x00007faa1d220000)
 Metaspace       used 24202K, capacity 24576K, committed 24832K, reserved 26624K
}
Event: 5313.414 GC heap after
{Heap after GC invocations=7282 (full 4):
 def new generation   total 2915456K, used 28264K [0x00007fa33c600000, 0x00007fa402170000, 0x00007fa891b50000)
  eden space 2591552K,   0% used [0x00007fa33c600000, 0x00007fa33c600000, 0x00007fa3da8d0000)
  from space 323904K,   8% used [0x00007fa3ee520000, 0x00007fa3f00ba248, 0x00007fa402170000)
  to   space 323904K,   0% used [0x00007fa3da8d0000, 0x00007fa3da8d0000, 0x00007fa3ee520000)
 tenured generation   total 6478656K, used 6468397K [0x00007fa891b50000, 0x00007faa1d220000, 0x00007fb33c600000)
   the space 6478656K,  99% used [0x00007fa891b50000, 0x00007faa1c81b738, 0x00007faa1c81b800, 0x00007faa1d220000)
 Metaspace       used 24202K, capacity 24576K, committed 24832K, reserved 26624K
}
Event: 5314.933 GC heap before
{Heap before GC invocations=7282 (full 4):
 def new generation   total 2915456K, used 2619816K [0x00007fa33c600000, 0x00007fa402170000, 0x00007fa891b50000)
  eden space 2591552K, 100% used [0x00007fa33c600000, 0x00007fa3da8d0000, 0x00007fa3da8d0000)
  from space 323904K,   8% used [0x00007fa3ee520000, 0x00007fa3f00ba248, 0x00007fa402170000)
  to   space 323904K,   0% used [0x00007fa3da8d0000, 0x00007fa3da8d0000, 0x00007fa3ee520000)
 tenured generation   total 6478656K, used 6468397K [0x00007fa891b50000, 0x00007faa1d220000, 0x00007fb33c600000)
   the space 6478656K,  99% used [0x00007fa891b50000, 0x00007faa1c81b738, 0x00007faa1c81b800, 0x00007faa1d220000)
 Metaspace       used 24202K, capacity 24576K, committed 24832K, reserved 26624K
}
Event: 5314.981 GC heap after
{Heap after GC invocations=7283 (full 4):
 def new generation   total 2915456K, used 26597K [0x00007fa33c600000, 0x00007fa402170000, 0x00007fa891b50000)
  eden space 2591552K,   0% used [0x00007fa33c600000, 0x00007fa33c600000, 0x00007fa3da8d0000)
  from space 323904K,   8% used [0x00007fa3da8d0000, 0x00007fa3dc2c9778, 0x00007fa3ee520000)
  to   space 323904K,   0% used [0x00007fa3ee520000, 0x00007fa3ee520000, 0x00007fa402170000)
 tenured generation   total 6478656K, used 6471782K [0x00007fa891b50000, 0x00007faa1d220000, 0x00007fb33c600000)
   the space 6478656K,  99% used [0x00007fa891b50000, 0x00007faa1cb69978, 0x00007faa1cb69a00, 0x00007faa1d220000)
 Metaspace       used 24202K, capacity 24576K, committed 24832K, reserved 26624K
}
Event: 5316.484 GC heap before
{Heap before GC invocations=7283 (full 4):
 def new generation   total 2915456K, used 2618149K [0x00007fa33c600000, 0x00007fa402170000, 0x00007fa891b50000)
  eden space 2591552K, 100% used [0x00007fa33c600000, 0x00007fa3da8d0000, 0x00007fa3da8d0000)
  from space 323904K,   8% used [0x00007fa3da8d0000, 0x00007fa3dc2c9778, 0x00007fa3ee520000)
  to   space 323904K,   0% used [0x00007fa3ee520000, 0x00007fa3ee520000, 0x00007fa402170000)
 tenured generation   total 6478656K, used 6471782K [0x00007fa891b50000, 0x00007faa1d220000, 0x00007fb33c600000)
   the space 6478656K,  99% used [0x00007fa891b50000, 0x00007faa1cb69978, 0x00007faa1cb69a00, 0x00007faa1d220000)
 Metaspace       used 24202K, capacity 24576K, committed 24832K, reserved 26624K
}
Event: 5316.534 GC heap after
{Heap after GC invocations=7284 (full 4):
 def new generation   total 2915456K, used 25841K [0x00007fa33c600000, 0x00007fa402170000, 0x00007fa891b50000)
  eden space 2591552K,   0% used [0x00007fa33c600000, 0x00007fa33c600000, 0x00007fa3da8d0000)
  from space 323904K,   7% used [0x00007fa3ee520000, 0x00007fa3efe5c518, 0x00007fa402170000)
  to   space 323904K,   0% used [0x00007fa3da8d0000, 0x00007fa3da8d0000, 0x00007fa3ee520000)
 tenured generation   total 6478656K, used 6474660K [0x00007fa891b50000, 0x00007faa1d220000, 0x00007fb33c600000)
   the space 6478656K,  99% used [0x00007fa891b50000, 0x00007faa1ce39088, 0x00007faa1ce39200, 0x00007faa1d220000)
 Metaspace       used 24202K, capacity 24576K, committed 24832K, reserved 26624K
}
Event: 5318.039 GC heap before
{Heap before GC invocations=7284 (full 4):
 def new generation   total 2915456K, used 2617393K [0x00007fa33c600000, 0x00007fa402170000, 0x00007fa891b50000)
  eden space 2591552K, 100% used [0x00007fa33c600000, 0x00007fa3da8d0000, 0x00007fa3da8d0000)
  from space 323904K,   7% used [0x00007fa3ee520000, 0x00007fa3efe5c518, 0x00007fa402170000)
  to   space 323904K,   0% used [0x00007fa3da8d0000, 0x00007fa3da8d0000, 0x00007fa3ee520000)
 tenured generation   total 6478656K, used 6474660K [0x00007fa891b50000, 0x00007faa1d220000, 0x00007fb33c600000)
   the space 6478656K,  99% used [0x00007fa891b50000, 0x00007faa1ce39088, 0x00007faa1ce39200, 0x00007faa1d220000)
 Metaspace       used 24202K, capacity 24576K, committed 24832K, reserved 26624K
}
Event: 5318.091 GC heap after
{Heap after GC invocations=7285 (full 4):
 def new generation   total 2915456K, used 27527K [0x00007fa33c600000, 0x00007fa402170000, 0x00007fa891b50000)
  eden space 2591552K,   0% used [0x00007fa33c600000, 0x00007fa33c600000, 0x00007fa3da8d0000)
  from space 323904K,   8% used [0x00007fa3da8d0000, 0x00007fa3dc3b1e00, 0x00007fa3ee520000)
  to   space 323904K,   0% used [0x00007fa3ee520000, 0x00007fa3ee520000, 0x00007fa402170000)
 tenured generation   total 6478656K, used 6475350K [0x00007fa891b50000, 0x00007faa1d220000, 0x00007fb33c600000)
   the space 6478656K,  99% used [0x00007fa891b50000, 0x00007faa1cee59a8, 0x00007faa1cee5a00, 0x00007faa1d220000)
 Metaspace       used 24202K, capacity 24576K, committed 24832K, reserved 26624K
}
Event: 5319.581 GC heap before
{Heap before GC invocations=7285 (full 4):
 def new generation   total 2915456K, used 2619079K [0x00007fa33c600000, 0x00007fa402170000, 0x00007fa891b50000)
  eden space 2591552K, 100% used [0x00007fa33c600000, 0x00007fa3da8d0000, 0x00007fa3da8d0000)
  from space 323904K,   8% used [0x00007fa3da8d0000, 0x00007fa3dc3b1e00, 0x00007fa3ee520000)
  to   space 323904K,   0% used [0x00007fa3ee520000, 0x00007fa3ee520000, 0x00007fa402170000)
 tenured generation   total 6478656K, used 6475350K [0x00007fa891b50000, 0x00007faa1d220000, 0x00007fb33c600000)
   the space 6478656K,  99% used [0x00007fa891b50000, 0x00007faa1cee59a8, 0x00007faa1cee5a00, 0x00007faa1d220000)
 Metaspace       used 24202K, capacity 24576K, committed 24832K, reserved 26624K
}
Event: 5319.629 GC heap after
{Heap after GC invocations=7286 (full 4):
 def new generation   total 2915456K, used 26695K [0x00007fa33c600000, 0x00007fa402170000, 0x00007fa891b50000)
  eden space 2591552K,   0% used [0x00007fa33c600000, 0x00007fa33c600000, 0x00007fa3da8d0000)
  from space 323904K,   8% used [0x00007fa3ee520000, 0x00007fa3eff31eb8, 0x00007fa402170000)
  to   space 323904K,   0% used [0x00007fa3da8d0000, 0x00007fa3da8d0000, 0x00007fa3ee520000)
 tenured generation   total 6478656K, used 6477074K [0x00007fa891b50000, 0x00007faa1d220000, 0x00007fb33c600000)
   the space 6478656K,  99% used [0x00007fa891b50000, 0x00007faa1d094918, 0x00007faa1d094a00, 0x00007faa1d220000)
 Metaspace       used 24202K, capacity 24576K, committed 24832K, reserved 26624K
}
Event: 5321.195 GC heap before
{Heap before GC invocations=7286 (full 4):
 def new generation   total 2915456K, used 2618247K [0x00007fa33c600000, 0x00007fa402170000, 0x00007fa891b50000)
  eden space 2591552K, 100% used [0x00007fa33c600000, 0x00007fa3da8d0000, 0x00007fa3da8d0000)
  from space 323904K,   8% used [0x00007fa3ee520000, 0x00007fa3eff31eb8, 0x00007fa402170000)
  to   space 323904K,   0% used [0x00007fa3da8d0000, 0x00007fa3da8d0000, 0x00007fa3ee520000)
 tenured generation   total 6478656K, used 6477074K [0x00007fa891b50000, 0x00007faa1d220000, 0x00007fb33c600000)
   the space 6478656K,  99% used [0x00007fa891b50000, 0x00007faa1d094918, 0x00007faa1d094a00, 0x00007faa1d220000)
 Metaspace       used 24202K, capacity 24576K, committed 24832K, reserved 26624K
}
Event: 5321.241 GC heap after
{Heap after GC invocations=7287 (full 4):
 def new generation   total 2915456K, used 24742K [0x00007fa33c600000, 0x00007fa402170000, 0x00007fa891b50000)
  eden space 2591552K,   0% used [0x00007fa33c600000, 0x00007fa33c600000, 0x00007fa3da8d0000)
  from space 323904K,   7% used [0x00007fa3da8d0000, 0x00007fa3dc0f9898, 0x00007fa3ee520000)
  to   space 323904K,   0% used [0x00007fa3ee520000, 0x00007fa3ee520000, 0x00007fa402170000)
 tenured generation   total 6480576K, used 6480458K [0x00007fa891b50000, 0x00007faa1d400000, 0x00007fb33c600000)
   the space 6480576K,  99% used [0x00007fa891b50000, 0x00007faa1d3e2b58, 0x00007faa1d3e2c00, 0x00007faa1d400000)
 Metaspace       used 24202K, capacity 24576K, committed 24832K, reserved 26624K
}
Event: 5321.241 GC heap before
{Heap before GC invocations=7287 (full 4):
 def new generation   total 2915456K, used 24742K [0x00007fa33c600000, 0x00007fa402170000, 0x00007fa891b50000)
  eden space 2591552K,   0% used [0x00007fa33c600000, 0x00007fa33c600000, 0x00007fa3da8d0000)
  from space 323904K,   7% used [0x00007fa3da8d0000, 0x00007fa3dc0f9898, 0x00007fa3ee520000)
  to   space 323904K,   0% used [0x00007fa3ee520000, 0x00007fa3ee520000, 0x00007fa402170000)
 tenured generation   total 6480576K, used 6480458K [0x00007fa891b50000, 0x00007faa1d400000, 0x00007fb33c600000)
   the space 6480576K,  99% used [0x00007fa891b50000, 0x00007faa1d3e2b58, 0x00007faa1d3e2c00, 0x00007faa1d400000)
 Metaspace       used 24202K, capacity 24576K, committed 24832K, reserved 26624K
}

