# JRE version: OpenJDK Runtime Environment (13.0.7+5) (build 13.0.7+5-Ubuntu-0ubuntu120.04)
# Java VM: OpenJDK 64-Bit Server VM (13.0.7+5-Ubuntu-0ubuntu120.04, mixed mode, tiered, serial gc, linux-amd64)
Heap:
 def new generation   total 1534400K, used 81663K [0x00007f2a34600000, 0x00007f2a9c6e0000, 0x00007f2f89b50000)
  eden space 1363968K,   5% used [0x00007f2a34600000, 0x00007f2a395bff30, 0x00007f2a87a00000)
  from space 170432K,   0% used [0x00007f2a87a00000, 0x00007f2a87a00000, 0x00007f2a92070000)
  to   space 170432K,   0% used [0x00007f2a92070000, 0x00007f2a92070000, 0x00007f2a9c6e0000)
 tenured generation   total 3426000K, used 3425613K [0x00007f2f89b50000, 0x00007f305ad04000, 0x00007f3a34600000)
   the space 3426000K,  99% used [0x00007f2f89b50000, 0x00007f305aca3680, 0x00007f305aca3800, 0x00007f305ad04000)
 Metaspace       used 24183K, capacity 24565K, committed 24832K, reserved 26624K
GC Heap History (20 events):
Event: 700.971 GC heap after
{Heap after GC invocations=1258 (full 5):
 def new generation   total 1534400K, used 88873K [0x00007f2a34600000, 0x00007f2a9c6e0000, 0x00007f2f89b50000)
  eden space 1363968K,   0% used [0x00007f2a34600000, 0x00007f2a34600000, 0x00007f2a87a00000)
  from space 170432K,  52% used [0x00007f2a92070000, 0x00007f2a9773a788, 0x00007f2a9c6e0000)
  to   space 170432K,   0% used [0x00007f2a87a00000, 0x00007f2a87a00000, 0x00007f2a92070000)
 tenured generation   total 3409612K, used 3371125K [0x00007f2f89b50000, 0x00007f3059d03000, 0x00007f3a34600000)
   the space 3409612K,  98% used [0x00007f2f89b50000, 0x00007f305776d570, 0x00007f305776d600, 0x00007f3059d03000)
 Metaspace       used 24183K, capacity 24565K, committed 24832K, reserved 26624K
}
Event: 701.944 GC heap before
{Heap before GC invocations=1258 (full 5):
 def new generation   total 1534400K, used 1452841K [0x00007f2a34600000, 0x00007f2a9c6e0000, 0x00007f2f89b50000)
  eden space 1363968K, 100% used [0x00007f2a34600000, 0x00007f2a87a00000, 0x00007f2a87a00000)
  from space 170432K,  52% used [0x00007f2a92070000, 0x00007f2a9773a788, 0x00007f2a9c6e0000)
  to   space 170432K,   0% used [0x00007f2a87a00000, 0x00007f2a87a00000, 0x00007f2a92070000)
 tenured generation   total 3409612K, used 3371125K [0x00007f2f89b50000, 0x00007f3059d03000, 0x00007f3a34600000)
   the space 3409612K,  98% used [0x00007f2f89b50000, 0x00007f305776d570, 0x00007f305776d600, 0x00007f3059d03000)
 Metaspace       used 24183K, capacity 24565K, committed 24832K, reserved 26624K
}
Event: 701.980 GC heap after
{Heap after GC invocations=1259 (full 5):
 def new generation   total 1534400K, used 65240K [0x00007f2a34600000, 0x00007f2a9c6e0000, 0x00007f2f89b50000)
  eden space 1363968K,   0% used [0x00007f2a34600000, 0x00007f2a34600000, 0x00007f2a87a00000)
  from space 170432K,  38% used [0x00007f2a87a00000, 0x00007f2a8b9b63d0, 0x00007f2a92070000)
  to   space 170432K,   0% used [0x00007f2a92070000, 0x00007f2a92070000, 0x00007f2a9c6e0000)
 tenured generation   total 3409612K, used 3388084K [0x00007f2f89b50000, 0x00007f3059d03000, 0x00007f3a34600000)
   the space 3409612K,  99% used [0x00007f2f89b50000, 0x00007f30587fd138, 0x00007f30587fd200, 0x00007f3059d03000)
 Metaspace       used 24183K, capacity 24565K, committed 24832K, reserved 26624K
}
Event: 702.757 GC heap before
{Heap before GC invocations=1259 (full 5):
 def new generation   total 1534400K, used 1429208K [0x00007f2a34600000, 0x00007f2a9c6e0000, 0x00007f2f89b50000)
  eden space 1363968K, 100% used [0x00007f2a34600000, 0x00007f2a87a00000, 0x00007f2a87a00000)
  from space 170432K,  38% used [0x00007f2a87a00000, 0x00007f2a8b9b63d0, 0x00007f2a92070000)
  to   space 170432K,   0% used [0x00007f2a92070000, 0x00007f2a92070000, 0x00007f2a9c6e0000)
 tenured generation   total 3409612K, used 3388084K [0x00007f2f89b50000, 0x00007f3059d03000, 0x00007f3a34600000)
   the space 3409612K,  99% used [0x00007f2f89b50000, 0x00007f30587fd138, 0x00007f30587fd200, 0x00007f3059d03000)
 Metaspace       used 24183K, capacity 24565K, committed 24832K, reserved 26624K
}
Event: 702.785 GC heap after
{Heap after GC invocations=1260 (full 5):
 def new generation   total 1534400K, used 67824K [0x00007f2a34600000, 0x00007f2a9c6e0000, 0x00007f2f89b50000)
  eden space 1363968K,   0% used [0x00007f2a34600000, 0x00007f2a34600000, 0x00007f2a87a00000)
  from space 170432K,  39% used [0x00007f2a92070000, 0x00007f2a962ac3b0, 0x00007f2a9c6e0000)
  to   space 170432K,   0% used [0x00007f2a87a00000, 0x00007f2a87a00000, 0x00007f2a92070000)
 tenured generation   total 3409612K, used 3388084K [0x00007f2f89b50000, 0x00007f3059d03000, 0x00007f3a34600000)
   the space 3409612K,  99% used [0x00007f2f89b50000, 0x00007f30587fd138, 0x00007f30587fd200, 0x00007f3059d03000)
 Metaspace       used 24183K, capacity 24565K, committed 24832K, reserved 26624K
}
Event: 703.760 GC heap before
{Heap before GC invocations=1260 (full 5):
 def new generation   total 1534400K, used 1431792K [0x00007f2a34600000, 0x00007f2a9c6e0000, 0x00007f2f89b50000)
  eden space 1363968K, 100% used [0x00007f2a34600000, 0x00007f2a87a00000, 0x00007f2a87a00000)
  from space 170432K,  39% used [0x00007f2a92070000, 0x00007f2a962ac3b0, 0x00007f2a9c6e0000)
  to   space 170432K,   0% used [0x00007f2a87a00000, 0x00007f2a87a00000, 0x00007f2a92070000)
 tenured generation   total 3409612K, used 3388084K [0x00007f2f89b50000, 0x00007f3059d03000, 0x00007f3a34600000)
   the space 3409612K,  99% used [0x00007f2f89b50000, 0x00007f30587fd138, 0x00007f30587fd200, 0x00007f3059d03000)
 Metaspace       used 24183K, capacity 24565K, committed 24832K, reserved 26624K
}
Event: 703.797 GC heap after
{Heap after GC invocations=1261 (full 5):
 def new generation   total 1534400K, used 77598K [0x00007f2a34600000, 0x00007f2a9c6e0000, 0x00007f2f89b50000)
  eden space 1363968K,   0% used [0x00007f2a34600000, 0x00007f2a34600000, 0x00007f2a87a00000)
  from space 170432K,  45% used [0x00007f2a87a00000, 0x00007f2a8c5c7a80, 0x00007f2a92070000)
  to   space 170432K,   0% used [0x00007f2a92070000, 0x00007f2a92070000, 0x00007f2a9c6e0000)
 tenured generation   total 3409612K, used 3388084K [0x00007f2f89b50000, 0x00007f3059d03000, 0x00007f3a34600000)
   the space 3409612K,  99% used [0x00007f2f89b50000, 0x00007f30587fd138, 0x00007f30587fd200, 0x00007f3059d03000)
 Metaspace       used 24183K, capacity 24565K, committed 24832K, reserved 26624K
}
Event: 704.806 GC heap before
{Heap before GC invocations=1261 (full 5):
 def new generation   total 1534400K, used 1441566K [0x00007f2a34600000, 0x00007f2a9c6e0000, 0x00007f2f89b50000)
  eden space 1363968K, 100% used [0x00007f2a34600000, 0x00007f2a87a00000, 0x00007f2a87a00000)
  from space 170432K,  45% used [0x00007f2a87a00000, 0x00007f2a8c5c7a80, 0x00007f2a92070000)
  to   space 170432K,   0% used [0x00007f2a92070000, 0x00007f2a92070000, 0x00007f2a9c6e0000)
 tenured generation   total 3409612K, used 3388084K [0x00007f2f89b50000, 0x00007f3059d03000, 0x00007f3a34600000)
   the space 3409612K,  99% used [0x00007f2f89b50000, 0x00007f30587fd138, 0x00007f30587fd200, 0x00007f3059d03000)
 Metaspace       used 24183K, capacity 24565K, committed 24832K, reserved 26624K
}
Event: 704.843 GC heap after
{Heap after GC invocations=1262 (full 5):
 def new generation   total 1534400K, used 84786K [0x00007f2a34600000, 0x00007f2a9c6e0000, 0x00007f2f89b50000)
  eden space 1363968K,   0% used [0x00007f2a34600000, 0x00007f2a34600000, 0x00007f2a87a00000)
  from space 170432K,  49% used [0x00007f2a92070000, 0x00007f2a9733c880, 0x00007f2a9c6e0000)
  to   space 170432K,   0% used [0x00007f2a87a00000, 0x00007f2a87a00000, 0x00007f2a92070000)
 tenured generation   total 3409612K, used 3388084K [0x00007f2f89b50000, 0x00007f3059d03000, 0x00007f3a34600000)
   the space 3409612K,  99% used [0x00007f2f89b50000, 0x00007f30587fd138, 0x00007f30587fd200, 0x00007f3059d03000)
 Metaspace       used 24183K, capacity 24565K, committed 24832K, reserved 26624K
}
Event: 705.694 GC heap before
{Heap before GC invocations=1262 (full 5):
 def new generation   total 1534400K, used 1448754K [0x00007f2a34600000, 0x00007f2a9c6e0000, 0x00007f2f89b50000)
  eden space 1363968K, 100% used [0x00007f2a34600000, 0x00007f2a87a00000, 0x00007f2a87a00000)
  from space 170432K,  49% used [0x00007f2a92070000, 0x00007f2a9733c880, 0x00007f2a9c6e0000)
  to   space 170432K,   0% used [0x00007f2a87a00000, 0x00007f2a87a00000, 0x00007f2a92070000)
 tenured generation   total 3409612K, used 3388084K [0x00007f2f89b50000, 0x00007f3059d03000, 0x00007f3a34600000)
   the space 3409612K,  99% used [0x00007f2f89b50000, 0x00007f30587fd138, 0x00007f30587fd200, 0x00007f3059d03000)
 Metaspace       used 24183K, capacity 24565K, committed 24832K, reserved 26624K
}
Event: 705.727 GC heap after
{Heap after GC invocations=1263 (full 5):
 def new generation   total 1534400K, used 92029K [0x00007f2a34600000, 0x00007f2a9c6e0000, 0x00007f2f89b50000)
  eden space 1363968K,   0% used [0x00007f2a34600000, 0x00007f2a34600000, 0x00007f2a87a00000)
  from space 170432K,  53% used [0x00007f2a87a00000, 0x00007f2a8d3df6e8, 0x00007f2a92070000)
  to   space 170432K,   0% used [0x00007f2a92070000, 0x00007f2a92070000, 0x00007f2a9c6e0000)
 tenured generation   total 3409612K, used 3388084K [0x00007f2f89b50000, 0x00007f3059d03000, 0x00007f3a34600000)
   the space 3409612K,  99% used [0x00007f2f89b50000, 0x00007f30587fd138, 0x00007f30587fd200, 0x00007f3059d03000)
 Metaspace       used 24183K, capacity 24565K, committed 24832K, reserved 26624K
}
Event: 706.582 GC heap before
{Heap before GC invocations=1263 (full 5):
 def new generation   total 1534400K, used 1455997K [0x00007f2a34600000, 0x00007f2a9c6e0000, 0x00007f2f89b50000)
  eden space 1363968K, 100% used [0x00007f2a34600000, 0x00007f2a87a00000, 0x00007f2a87a00000)
  from space 170432K,  53% used [0x00007f2a87a00000, 0x00007f2a8d3df6e8, 0x00007f2a92070000)
  to   space 170432K,   0% used [0x00007f2a92070000, 0x00007f2a92070000, 0x00007f2a9c6e0000)
 tenured generation   total 3409612K, used 3388084K [0x00007f2f89b50000, 0x00007f3059d03000, 0x00007f3a34600000)
   the space 3409612K,  99% used [0x00007f2f89b50000, 0x00007f30587fd138, 0x00007f30587fd200, 0x00007f3059d03000)
 Metaspace       used 24183K, capacity 24565K, committed 24832K, reserved 26624K
}
Event: 706.616 GC heap after
{Heap after GC invocations=1264 (full 5):
 def new generation   total 1534400K, used 82202K [0x00007f2a34600000, 0x00007f2a9c6e0000, 0x00007f2f89b50000)
  eden space 1363968K,   0% used [0x00007f2a34600000, 0x00007f2a34600000, 0x00007f2a87a00000)
  from space 170432K,  48% used [0x00007f2a92070000, 0x00007f2a970b68a8, 0x00007f2a9c6e0000)
  to   space 170432K,   0% used [0x00007f2a87a00000, 0x00007f2a87a00000, 0x00007f2a92070000)
 tenured generation   total 3409612K, used 3405042K [0x00007f2f89b50000, 0x00007f3059d03000, 0x00007f3a34600000)
   the space 3409612K,  99% used [0x00007f2f89b50000, 0x00007f305988cb90, 0x00007f305988cc00, 0x00007f3059d03000)
 Metaspace       used 24183K, capacity 24565K, committed 24832K, reserved 26624K
}
Event: 707.491 GC heap before
{Heap before GC invocations=1264 (full 5):
 def new generation   total 1534400K, used 1446170K [0x00007f2a34600000, 0x00007f2a9c6e0000, 0x00007f2f89b50000)
  eden space 1363968K, 100% used [0x00007f2a34600000, 0x00007f2a87a00000, 0x00007f2a87a00000)
  from space 170432K,  48% used [0x00007f2a92070000, 0x00007f2a970b68a8, 0x00007f2a9c6e0000)
  to   space 170432K,   0% used [0x00007f2a87a00000, 0x00007f2a87a00000, 0x00007f2a92070000)
 tenured generation   total 3409612K, used 3405042K [0x00007f2f89b50000, 0x00007f3059d03000, 0x00007f3a34600000)
   the space 3409612K,  99% used [0x00007f2f89b50000, 0x00007f305988cb90, 0x00007f305988cc00, 0x00007f3059d03000)
 Metaspace       used 24183K, capacity 24565K, committed 24832K, reserved 26624K
}
Event: 707.532 GC heap after
{Heap after GC invocations=1265 (full 5):
 def new generation   total 1534400K, used 84766K [0x00007f2a34600000, 0x00007f2a9c6e0000, 0x00007f2f89b50000)
  eden space 1363968K,   0% used [0x00007f2a34600000, 0x00007f2a34600000, 0x00007f2a87a00000)
  from space 170432K,  49% used [0x00007f2a87a00000, 0x00007f2a8ccc78e8, 0x00007f2a92070000)
  to   space 170432K,   0% used [0x00007f2a92070000, 0x00007f2a92070000, 0x00007f2a9c6e0000)
 tenured generation   total 3409612K, used 3405042K [0x00007f2f89b50000, 0x00007f3059d03000, 0x00007f3a34600000)
   the space 3409612K,  99% used [0x00007f2f89b50000, 0x00007f305988cb90, 0x00007f305988cc00, 0x00007f3059d03000)
 Metaspace       used 24183K, capacity 24565K, committed 24832K, reserved 26624K
}
Event: 708.558 GC heap before
{Heap before GC invocations=1265 (full 5):
 def new generation   total 1534400K, used 1448734K [0x00007f2a34600000, 0x00007f2a9c6e0000, 0x00007f2f89b50000)
  eden space 1363968K, 100% used [0x00007f2a34600000, 0x00007f2a87a00000, 0x00007f2a87a00000)
  from space 170432K,  49% used [0x00007f2a87a00000, 0x00007f2a8ccc78e8, 0x00007f2a92070000)
  to   space 170432K,   0% used [0x00007f2a92070000, 0x00007f2a92070000, 0x00007f2a9c6e0000)
 tenured generation   total 3409612K, used 3405042K [0x00007f2f89b50000, 0x00007f3059d03000, 0x00007f3a34600000)
   the space 3409612K,  99% used [0x00007f2f89b50000, 0x00007f305988cb90, 0x00007f305988cc00, 0x00007f3059d03000)
 Metaspace       used 24183K, capacity 24565K, committed 24832K, reserved 26624K
}
Event: 708.599 GC heap after
{Heap after GC invocations=1266 (full 5):
 def new generation   total 1534400K, used 95070K [0x00007f2a34600000, 0x00007f2a9c6e0000, 0x00007f2f89b50000)
  eden space 1363968K,   0% used [0x00007f2a34600000, 0x00007f2a34600000, 0x00007f2a87a00000)
  from space 170432K,  55% used [0x00007f2a92070000, 0x00007f2a97d47ae8, 0x00007f2a9c6e0000)
  to   space 170432K,   0% used [0x00007f2a87a00000, 0x00007f2a87a00000, 0x00007f2a92070000)
 tenured generation   total 3409612K, used 3405042K [0x00007f2f89b50000, 0x00007f3059d03000, 0x00007f3a34600000)
   the space 3409612K,  99% used [0x00007f2f89b50000, 0x00007f305988cb90, 0x00007f305988cc00, 0x00007f3059d03000)
 Metaspace       used 24183K, capacity 24565K, committed 24832K, reserved 26624K
}
Event: 709.491 GC heap before
{Heap before GC invocations=1266 (full 5):
 def new generation   total 1534400K, used 1459038K [0x00007f2a34600000, 0x00007f2a9c6e0000, 0x00007f2f89b50000)
  eden space 1363968K, 100% used [0x00007f2a34600000, 0x00007f2a87a00000, 0x00007f2a87a00000)
  from space 170432K,  55% used [0x00007f2a92070000, 0x00007f2a97d47ae8, 0x00007f2a9c6e0000)
  to   space 170432K,   0% used [0x00007f2a87a00000, 0x00007f2a87a00000, 0x00007f2a92070000)
 tenured generation   total 3409612K, used 3405042K [0x00007f2f89b50000, 0x00007f3059d03000, 0x00007f3a34600000)
   the space 3409612K,  99% used [0x00007f2f89b50000, 0x00007f305988cb90, 0x00007f305988cc00, 0x00007f3059d03000)
 Metaspace       used 24183K, capacity 24565K, committed 24832K, reserved 26624K
}
Event: 709.540 GC heap after
{Heap after GC invocations=1267 (full 5):
 def new generation   total 1534400K, used 85275K [0x00007f2a34600000, 0x00007f2a9c6e0000, 0x00007f2f89b50000)
  eden space 1363968K,   0% used [0x00007f2a34600000, 0x00007f2a34600000, 0x00007f2a87a00000)
  from space 170432K,  50% used [0x00007f2a87a00000, 0x00007f2a8cd46fc8, 0x00007f2a92070000)
  to   space 170432K,   0% used [0x00007f2a92070000, 0x00007f2a92070000, 0x00007f2a9c6e0000)
 tenured generation   total 3426000K, used 3422001K [0x00007f2f89b50000, 0x00007f305ad04000, 0x00007f3a34600000)
   the space 3426000K,  99% used [0x00007f2f89b50000, 0x00007f305a91c5e8, 0x00007f305a91c600, 0x00007f305ad04000)
 Metaspace       used 24183K, capacity 24565K, committed 24832K, reserved 26624K
}
Event: 709.540 GC heap before
{Heap before GC invocations=1267 (full 5):
 def new generation   total 1534400K, used 85275K [0x00007f2a34600000, 0x00007f2a9c6e0000, 0x00007f2f89b50000)
  eden space 1363968K,   0% used [0x00007f2a34600000, 0x00007f2a34600000, 0x00007f2a87a00000)
  from space 170432K,  50% used [0x00007f2a87a00000, 0x00007f2a8cd46fc8, 0x00007f2a92070000)
  to   space 170432K,   0% used [0x00007f2a92070000, 0x00007f2a92070000, 0x00007f2a9c6e0000)
 tenured generation   total 3426000K, used 3422001K [0x00007f2f89b50000, 0x00007f305ad04000, 0x00007f3a34600000)
   the space 3426000K,  99% used [0x00007f2f89b50000, 0x00007f305a91c5e8, 0x00007f305a91c600, 0x00007f305ad04000)
 Metaspace       used 24183K, capacity 24565K, committed 24832K, reserved 26624K
}

