# JRE version: OpenJDK Runtime Environment (13.0.7+5) (build 13.0.7+5-Ubuntu-0ubuntu120.04)
# Java VM: OpenJDK 64-Bit Server VM (13.0.7+5-Ubuntu-0ubuntu120.04, mixed mode, tiered, serial gc, linux-amd64)
Heap:
 def new generation   total 6019776K, used 391584K [0x00007eef78600000, 0x00007ef1109d0000, 0x00007ef4cdb50000)
  eden space 5350976K,   7% used [0x00007eef78600000, 0x00007eef90468300, 0x00007ef0bef90000)
  from space 668800K,   0% used [0x00007ef0e7cb0000, 0x00007ef0e7cb0000, 0x00007ef1109d0000)
  to   space 668800K,   0% used [0x00007ef0bef90000, 0x00007ef0bef90000, 0x00007ef0e7cb0000)
 tenured generation   total 13889360K, used 13889360K [0x00007ef4cdb50000, 0x00007ef81d724000, 0x00007eff78600000)
   the space 13889360K, 100% used [0x00007ef4cdb50000, 0x00007ef81d724000, 0x00007ef81d724000, 0x00007ef81d724000)
 Metaspace       used 30785K, capacity 31196K, committed 31488K, reserved 32768K
GC Heap History (20 events):
Event: 104.514 GC heap after
{Heap after GC invocations=30 (full 6):
 def new generation   total 3939264K, used 437631K [0x00007eef78600000, 0x00007ef083850000, 0x00007ef4cdb50000)
  eden space 3501632K,   0% used [0x00007eef78600000, 0x00007eef78600000, 0x00007ef04e190000)
  from space 437632K,  99% used [0x00007ef04e190000, 0x00007ef068cefff8, 0x00007ef068cf0000)
  to   space 437632K,   0% used [0x00007ef068cf0000, 0x00007ef068cf0000, 0x00007ef083850000)
 tenured generation   total 8753740K, used 7605816K [0x00007ef4cdb50000, 0x00007ef6e3fe3000, 0x00007eff78600000)
   the space 8753740K,  86% used [0x00007ef4cdb50000, 0x00007ef69dede388, 0x00007ef69dede400, 0x00007ef6e3fe3000)
 Metaspace       used 30785K, capacity 31196K, committed 31488K, reserved 32768K
}
Event: 105.353 GC heap before
{Heap before GC invocations=30 (full 6):
 def new generation   total 3939264K, used 3939263K [0x00007eef78600000, 0x00007ef083850000, 0x00007ef4cdb50000)
  eden space 3501632K, 100% used [0x00007eef78600000, 0x00007ef04e190000, 0x00007ef04e190000)
  from space 437632K,  99% used [0x00007ef04e190000, 0x00007ef068cefff8, 0x00007ef068cf0000)
  to   space 437632K,   0% used [0x00007ef068cf0000, 0x00007ef068cf0000, 0x00007ef083850000)
 tenured generation   total 8753740K, used 7605816K [0x00007ef4cdb50000, 0x00007ef6e3fe3000, 0x00007eff78600000)
   the space 8753740K,  86% used [0x00007ef4cdb50000, 0x00007ef69dede388, 0x00007ef69dede400, 0x00007ef6e3fe3000)
 Metaspace       used 30785K, capacity 31196K, committed 31488K, reserved 32768K
}
Event: 106.567 GC heap after
{Heap after GC invocations=31 (full 6):
 def new generation   total 3939264K, used 437631K [0x00007eef78600000, 0x00007ef083850000, 0x00007ef4cdb50000)
  eden space 3501632K,   0% used [0x00007eef78600000, 0x00007eef78600000, 0x00007ef04e190000)
  from space 437632K,  99% used [0x00007ef068cf0000, 0x00007ef08384fff0, 0x00007ef083850000)
  to   space 437632K,   0% used [0x00007ef04e190000, 0x00007ef04e190000, 0x00007ef068cf0000)
 tenured generation   total 8753740K, used 8073109K [0x00007ef4cdb50000, 0x00007ef6e3fe3000, 0x00007eff78600000)
   the space 8753740K,  92% used [0x00007ef4cdb50000, 0x00007ef6ba7355b8, 0x00007ef6ba735600, 0x00007ef6e3fe3000)
 Metaspace       used 30785K, capacity 31196K, committed 31488K, reserved 32768K
}
Event: 107.394 GC heap before
{Heap before GC invocations=31 (full 6):
 def new generation   total 3939264K, used 3939263K [0x00007eef78600000, 0x00007ef083850000, 0x00007ef4cdb50000)
  eden space 3501632K, 100% used [0x00007eef78600000, 0x00007ef04e190000, 0x00007ef04e190000)
  from space 437632K,  99% used [0x00007ef068cf0000, 0x00007ef08384fff0, 0x00007ef083850000)
  to   space 437632K,   0% used [0x00007ef04e190000, 0x00007ef04e190000, 0x00007ef068cf0000)
 tenured generation   total 8753740K, used 8073109K [0x00007ef4cdb50000, 0x00007ef6e3fe3000, 0x00007eff78600000)
   the space 8753740K,  92% used [0x00007ef4cdb50000, 0x00007ef6ba7355b8, 0x00007ef6ba735600, 0x00007ef6e3fe3000)
 Metaspace       used 30785K, capacity 31196K, committed 31488K, reserved 32768K
}
Event: 108.441 GC heap after
{Heap after GC invocations=32 (full 6):
 def new generation   total 3939264K, used 409782K [0x00007eef78600000, 0x00007ef083850000, 0x00007ef4cdb50000)
  eden space 3501632K,   0% used [0x00007eef78600000, 0x00007eef78600000, 0x00007ef04e190000)
  from space 437632K,  93% used [0x00007ef04e190000, 0x00007ef0671bdaf0, 0x00007ef068cf0000)
  to   space 437632K,   0% used [0x00007ef068cf0000, 0x00007ef068cf0000, 0x00007ef083850000)
 tenured generation   total 8753740K, used 8510740K [0x00007ef4cdb50000, 0x00007ef6e3fe3000, 0x00007eff78600000)
   the space 8753740K,  97% used [0x00007ef4cdb50000, 0x00007ef6d52950e8, 0x00007ef6d5295200, 0x00007ef6e3fe3000)
 Metaspace       used 30785K, capacity 31196K, committed 31488K, reserved 32768K
}
Event: 111.295 GC heap before
{Heap before GC invocations=32 (full 6):
 def new generation   total 3939264K, used 3911346K [0x00007eef78600000, 0x00007ef083850000, 0x00007ef4cdb50000)
  eden space 3501632K,  99% used [0x00007eef78600000, 0x00007ef04e17efb8, 0x00007ef04e190000)
  from space 437632K,  93% used [0x00007ef04e190000, 0x00007ef0671bdaf0, 0x00007ef068cf0000)
  to   space 437632K,   0% used [0x00007ef068cf0000, 0x00007ef068cf0000, 0x00007ef083850000)
 tenured generation   total 8753740K, used 8510740K [0x00007ef4cdb50000, 0x00007ef6e3fe3000, 0x00007eff78600000)
   the space 8753740K,  97% used [0x00007ef4cdb50000, 0x00007ef6d52950e8, 0x00007ef6d5295200, 0x00007ef6e3fe3000)
 Metaspace       used 30785K, capacity 31196K, committed 31488K, reserved 32768K
}
Event: 113.202 GC heap after
{Heap after GC invocations=33 (full 6):
 def new generation   total 3939264K, used 437631K [0x00007eef78600000, 0x00007ef083850000, 0x00007ef4cdb50000)
  eden space 3501632K,   0% used [0x00007eef78600000, 0x00007eef78600000, 0x00007ef04e190000)
  from space 437632K,  99% used [0x00007ef068cf0000, 0x00007ef08384fff0, 0x00007ef083850000)
  to   space 437632K,   0% used [0x00007ef04e190000, 0x00007ef04e190000, 0x00007ef068cf0000)
 tenured generation   total 9134860K, used 9134789K [0x00007ef4cdb50000, 0x00007ef6fb413000, 0x00007eff78600000)
   the space 9134860K,  99% used [0x00007ef4cdb50000, 0x00007ef6fb401408, 0x00007ef6fb401600, 0x00007ef6fb413000)
 Metaspace       used 30785K, capacity 31196K, committed 31488K, reserved 32768K
}
Event: 113.202 GC heap before
{Heap before GC invocations=33 (full 6):
 def new generation   total 3939264K, used 437631K [0x00007eef78600000, 0x00007ef083850000, 0x00007ef4cdb50000)
  eden space 3501632K,   0% used [0x00007eef78600000, 0x00007eef78600000, 0x00007ef04e190000)
  from space 437632K,  99% used [0x00007ef068cf0000, 0x00007ef08384fff0, 0x00007ef083850000)
  to   space 437632K,   0% used [0x00007ef04e190000, 0x00007ef04e190000, 0x00007ef068cf0000)
 tenured generation   total 9134860K, used 9134789K [0x00007ef4cdb50000, 0x00007ef6fb413000, 0x00007eff78600000)
   the space 9134860K,  99% used [0x00007ef4cdb50000, 0x00007ef6fb401408, 0x00007ef6fb401600, 0x00007ef6fb413000)
 Metaspace       used 30785K, capacity 31196K, committed 31488K, reserved 32768K
}
Event: 125.828 GC heap after
{Heap after GC invocations=33 (full 7):
 def new generation   total 6019776K, used 0K [0x00007eef78600000, 0x00007ef1109d0000, 0x00007ef4cdb50000)
  eden space 5350976K,   0% used [0x00007eef78600000, 0x00007eef78600000, 0x00007ef0bef90000)
  from space 668800K,   0% used [0x00007ef0bef90000, 0x00007ef0bef90000, 0x00007ef0e7cb0000)
  to   space 668800K,   0% used [0x00007ef0e7cb0000, 0x00007ef0e7cb0000, 0x00007ef1109d0000)
 tenured generation   total 13377104K, used 8026260K [0x00007ef4cdb50000, 0x00007ef7fe2e4000, 0x00007eff78600000)
   the space 13377104K,  59% used [0x00007ef4cdb50000, 0x00007ef6b79753a0, 0x00007ef6b7975400, 0x00007ef7fe2e4000)
 Metaspace       used 30785K, capacity 31196K, committed 31488K, reserved 32768K
}
Event: 325.439 GC heap before
{Heap before GC invocations=33 (full 7):
 def new generation   total 6019776K, used 5350976K [0x00007eef78600000, 0x00007ef1109d0000, 0x00007ef4cdb50000)
  eden space 5350976K, 100% used [0x00007eef78600000, 0x00007ef0bef90000, 0x00007ef0bef90000)
  from space 668800K,   0% used [0x00007ef0bef90000, 0x00007ef0bef90000, 0x00007ef0e7cb0000)
  to   space 668800K,   0% used [0x00007ef0e7cb0000, 0x00007ef0e7cb0000, 0x00007ef1109d0000)
 tenured generation   total 13377104K, used 8026260K [0x00007ef4cdb50000, 0x00007ef7fe2e4000, 0x00007eff78600000)
   the space 13377104K,  59% used [0x00007ef4cdb50000, 0x00007ef6b79753a0, 0x00007ef6b7975400, 0x00007ef7fe2e4000)
 Metaspace       used 30785K, capacity 31196K, committed 31488K, reserved 32768K
}
Event: 328.986 GC heap after
{Heap after GC invocations=34 (full 7):
 def new generation   total 6019776K, used 668800K [0x00007eef78600000, 0x00007ef1109d0000, 0x00007ef4cdb50000)
  eden space 5350976K,   0% used [0x00007eef78600000, 0x00007eef78600000, 0x00007ef0bef90000)
  from space 668800K, 100% used [0x00007ef0e7cb0000, 0x00007ef1109d0000, 0x00007ef1109d0000)
  to   space 668800K,   0% used [0x00007ef0bef90000, 0x00007ef0bef90000, 0x00007ef0e7cb0000)
 tenured generation   total 13377104K, used 9383197K [0x00007ef4cdb50000, 0x00007ef7fe2e4000, 0x00007eff78600000)
   the space 13377104K,  70% used [0x00007ef4cdb50000, 0x00007ef70a6974a8, 0x00007ef70a697600, 0x00007ef7fe2e4000)
 Metaspace       used 30785K, capacity 31196K, committed 31488K, reserved 32768K
}
Event: 509.523 GC heap before
{Heap before GC invocations=34 (full 7):
 def new generation   total 6019776K, used 6019776K [0x00007eef78600000, 0x00007ef1109d0000, 0x00007ef4cdb50000)
  eden space 5350976K, 100% used [0x00007eef78600000, 0x00007ef0bef90000, 0x00007ef0bef90000)
  from space 668800K, 100% used [0x00007ef0e7cb0000, 0x00007ef1109d0000, 0x00007ef1109d0000)
  to   space 668800K,   0% used [0x00007ef0bef90000, 0x00007ef0bef90000, 0x00007ef0e7cb0000)
 tenured generation   total 13377104K, used 9383197K [0x00007ef4cdb50000, 0x00007ef7fe2e4000, 0x00007eff78600000)
   the space 13377104K,  70% used [0x00007ef4cdb50000, 0x00007ef70a6974a8, 0x00007ef70a697600, 0x00007ef7fe2e4000)
 Metaspace       used 30785K, capacity 31196K, committed 31488K, reserved 32768K
}
Event: 512.144 GC heap after
{Heap after GC invocations=35 (full 7):
 def new generation   total 6019776K, used 668799K [0x00007eef78600000, 0x00007ef1109d0000, 0x00007ef4cdb50000)
  eden space 5350976K,   0% used [0x00007eef78600000, 0x00007eef78600000, 0x00007ef0bef90000)
  from space 668800K,  99% used [0x00007ef0bef90000, 0x00007ef0e7cafff0, 0x00007ef0e7cb0000)
  to   space 668800K,   0% used [0x00007ef0e7cb0000, 0x00007ef0e7cb0000, 0x00007ef1109d0000)
 tenured generation   total 13377104K, used 10509712K [0x00007ef4cdb50000, 0x00007ef7fe2e4000, 0x00007eff78600000)
   the space 13377104K,  78% used [0x00007ef4cdb50000, 0x00007ef74f2b40d8, 0x00007ef74f2b4200, 0x00007ef7fe2e4000)
 Metaspace       used 30785K, capacity 31196K, committed 31488K, reserved 32768K
}
Event: 670.768 GC heap before
{Heap before GC invocations=35 (full 7):
 def new generation   total 6019776K, used 6019775K [0x00007eef78600000, 0x00007ef1109d0000, 0x00007ef4cdb50000)
  eden space 5350976K, 100% used [0x00007eef78600000, 0x00007ef0bef90000, 0x00007ef0bef90000)
  from space 668800K,  99% used [0x00007ef0bef90000, 0x00007ef0e7cafff0, 0x00007ef0e7cb0000)
  to   space 668800K,   0% used [0x00007ef0e7cb0000, 0x00007ef0e7cb0000, 0x00007ef1109d0000)
 tenured generation   total 13377104K, used 10509712K [0x00007ef4cdb50000, 0x00007ef7fe2e4000, 0x00007eff78600000)
   the space 13377104K,  78% used [0x00007ef4cdb50000, 0x00007ef74f2b40d8, 0x00007ef74f2b4200, 0x00007ef7fe2e4000)
 Metaspace       used 30785K, capacity 31196K, committed 31488K, reserved 32768K
}
Event: 673.291 GC heap after
{Heap after GC invocations=36 (full 7):
 def new generation   total 6019776K, used 668799K [0x00007eef78600000, 0x00007ef1109d0000, 0x00007ef4cdb50000)
  eden space 5350976K,   0% used [0x00007eef78600000, 0x00007eef78600000, 0x00007ef0bef90000)
  from space 668800K,  99% used [0x00007ef0e7cb0000, 0x00007ef1109cfff0, 0x00007ef1109d0000)
  to   space 668800K,   0% used [0x00007ef0bef90000, 0x00007ef0bef90000, 0x00007ef0e7cb0000)
 tenured generation   total 13377104K, used 11636227K [0x00007ef4cdb50000, 0x00007ef7fe2e4000, 0x00007eff78600000)
   the space 13377104K,  86% used [0x00007ef4cdb50000, 0x00007ef793ed0d78, 0x00007ef793ed0e00, 0x00007ef7fe2e4000)
 Metaspace       used 30785K, capacity 31196K, committed 31488K, reserved 32768K
}
Event: 838.635 GC heap before
{Heap before GC invocations=36 (full 7):
 def new generation   total 6019776K, used 6019775K [0x00007eef78600000, 0x00007ef1109d0000, 0x00007ef4cdb50000)
  eden space 5350976K, 100% used [0x00007eef78600000, 0x00007ef0bef90000, 0x00007ef0bef90000)
  from space 668800K,  99% used [0x00007ef0e7cb0000, 0x00007ef1109cfff0, 0x00007ef1109d0000)
  to   space 668800K,   0% used [0x00007ef0bef90000, 0x00007ef0bef90000, 0x00007ef0e7cb0000)
 tenured generation   total 13377104K, used 11636227K [0x00007ef4cdb50000, 0x00007ef7fe2e4000, 0x00007eff78600000)
   the space 13377104K,  86% used [0x00007ef4cdb50000, 0x00007ef793ed0d78, 0x00007ef793ed0e00, 0x00007ef7fe2e4000)
 Metaspace       used 30785K, capacity 31196K, committed 31488K, reserved 32768K
}
Event: 842.583 GC heap after
{Heap after GC invocations=37 (full 7):
 def new generation   total 6019776K, used 668799K [0x00007eef78600000, 0x00007ef1109d0000, 0x00007ef4cdb50000)
  eden space 5350976K,   0% used [0x00007eef78600000, 0x00007eef78600000, 0x00007ef0bef90000)
  from space 668800K,  99% used [0x00007ef0bef90000, 0x00007ef0e7cafff0, 0x00007ef0e7cb0000)
  to   space 668800K,   0% used [0x00007ef0e7cb0000, 0x00007ef0e7cb0000, 0x00007ef1109d0000)
 tenured generation   total 13377104K, used 12762742K [0x00007ef4cdb50000, 0x00007ef7fe2e4000, 0x00007eff78600000)
   the space 13377104K,  95% used [0x00007ef4cdb50000, 0x00007ef7d8aeda98, 0x00007ef7d8aedc00, 0x00007ef7fe2e4000)
 Metaspace       used 30785K, capacity 31196K, committed 31488K, reserved 32768K
}
Event: 952.377 GC heap before
{Heap before GC invocations=37 (full 7):
 def new generation   total 6019776K, used 6019775K [0x00007eef78600000, 0x00007ef1109d0000, 0x00007ef4cdb50000)
  eden space 5350976K, 100% used [0x00007eef78600000, 0x00007ef0bef90000, 0x00007ef0bef90000)
  from space 668800K,  99% used [0x00007ef0bef90000, 0x00007ef0e7cafff0, 0x00007ef0e7cb0000)
  to   space 668800K,   0% used [0x00007ef0e7cb0000, 0x00007ef0e7cb0000, 0x00007ef1109d0000)
 tenured generation   total 13377104K, used 12762742K [0x00007ef4cdb50000, 0x00007ef7fe2e4000, 0x00007eff78600000)
   the space 13377104K,  95% used [0x00007ef4cdb50000, 0x00007ef7d8aeda98, 0x00007ef7d8aedc00, 0x00007ef7fe2e4000)
 Metaspace       used 30785K, capacity 31196K, committed 31488K, reserved 32768K
}
Event: 954.933 GC heap after
{Heap after GC invocations=38 (full 7):
 def new generation   total 6019776K, used 668799K [0x00007eef78600000, 0x00007ef1109d0000, 0x00007ef4cdb50000)
  eden space 5350976K,   0% used [0x00007eef78600000, 0x00007eef78600000, 0x00007ef0bef90000)
  from space 668800K,  99% used [0x00007ef0e7cb0000, 0x00007ef1109cfff0, 0x00007ef1109d0000)
  to   space 668800K,   0% used [0x00007ef0bef90000, 0x00007ef0bef90000, 0x00007ef0e7cb0000)
 tenured generation   total 13889360K, used 13889257K [0x00007ef4cdb50000, 0x00007ef81d724000, 0x00007eff78600000)
   the space 13889360K,  99% used [0x00007ef4cdb50000, 0x00007ef81d70a758, 0x00007ef81d70a800, 0x00007ef81d724000)
 Metaspace       used 30785K, capacity 31196K, committed 31488K, reserved 32768K
}
Event: 954.933 GC heap before
{Heap before GC invocations=38 (full 7):
 def new generation   total 6019776K, used 668799K [0x00007eef78600000, 0x00007ef1109d0000, 0x00007ef4cdb50000)
  eden space 5350976K,   0% used [0x00007eef78600000, 0x00007eef78600000, 0x00007ef0bef90000)
  from space 668800K,  99% used [0x00007ef0e7cb0000, 0x00007ef1109cfff0, 0x00007ef1109d0000)
  to   space 668800K,   0% used [0x00007ef0bef90000, 0x00007ef0bef90000, 0x00007ef0e7cb0000)
 tenured generation   total 13889360K, used 13889257K [0x00007ef4cdb50000, 0x00007ef81d724000, 0x00007eff78600000)
   the space 13889360K,  99% used [0x00007ef4cdb50000, 0x00007ef81d70a758, 0x00007ef81d70a800, 0x00007ef81d724000)
 Metaspace       used 30785K, capacity 31196K, committed 31488K, reserved 32768K
}

