# JRE version: OpenJDK Runtime Environment (13.0.7+5) (build 13.0.7+5-Ubuntu-0ubuntu120.04)
# Java VM: OpenJDK 64-Bit Server VM (13.0.7+5-Ubuntu-0ubuntu120.04, mixed mode, tiered, serial gc, linux-amd64)
Heap:
 def new generation   total 3025856K, used 226798K [0x00007ef39c600000, 0x00007ef469940000, 0x00007ef8f1b50000)
  eden space 2689664K,   8% used [0x00007ef39c600000, 0x00007ef3aa37ba00, 0x00007ef4408a0000)
  from space 336192K,   0% used [0x00007ef4408a0000, 0x00007ef4408a0000, 0x00007ef4550f0000)
  to   space 336192K,   0% used [0x00007ef4550f0000, 0x00007ef4550f0000, 0x00007ef469940000)
 tenured generation   total 6909728K, used 6909727K [0x00007ef8f1b50000, 0x00007efa97718000, 0x00007f039c600000)
   the space 6909728K,  99% used [0x00007ef8f1b50000, 0x00007efa97717ff8, 0x00007efa97718000, 0x00007efa97718000)
 Metaspace       used 30831K, capacity 31252K, committed 31488K, reserved 32768K
GC Heap History (20 events):
Event: 169.408 GC heap after
{Heap after GC invocations=99 (full 4):
 def new generation   total 3025856K, used 224020K [0x00007ef39c600000, 0x00007ef469940000, 0x00007ef8f1b50000)
  eden space 2689664K,   0% used [0x00007ef39c600000, 0x00007ef39c600000, 0x00007ef4408a0000)
  from space 336192K,  66% used [0x00007ef4550f0000, 0x00007ef462bb5210, 0x00007ef469940000)
  to   space 336192K,   0% used [0x00007ef4408a0000, 0x00007ef4408a0000, 0x00007ef4550f0000)
 tenured generation   total 6724064K, used 4946308K [0x00007ef8f1b50000, 0x00007efa8c1c8000, 0x00007f039c600000)
   the space 6724064K,  73% used [0x00007ef8f1b50000, 0x00007efa1f9b11c8, 0x00007efa1f9b1200, 0x00007efa8c1c8000)
 Metaspace       used 30831K, capacity 31252K, committed 31488K, reserved 32768K
}
Event: 170.276 GC heap before
{Heap before GC invocations=99 (full 4):
 def new generation   total 3025856K, used 2913684K [0x00007ef39c600000, 0x00007ef469940000, 0x00007ef8f1b50000)
  eden space 2689664K, 100% used [0x00007ef39c600000, 0x00007ef4408a0000, 0x00007ef4408a0000)
  from space 336192K,  66% used [0x00007ef4550f0000, 0x00007ef462bb5210, 0x00007ef469940000)
  to   space 336192K,   0% used [0x00007ef4408a0000, 0x00007ef4408a0000, 0x00007ef4550f0000)
 tenured generation   total 6724064K, used 4946308K [0x00007ef8f1b50000, 0x00007efa8c1c8000, 0x00007f039c600000)
   the space 6724064K,  73% used [0x00007ef8f1b50000, 0x00007efa1f9b11c8, 0x00007efa1f9b1200, 0x00007efa8c1c8000)
 Metaspace       used 30831K, capacity 31252K, committed 31488K, reserved 32768K
}
Event: 171.113 GC heap after
{Heap after GC invocations=100 (full 4):
 def new generation   total 3025856K, used 219198K [0x00007ef39c600000, 0x00007ef469940000, 0x00007ef8f1b50000)
  eden space 2689664K,   0% used [0x00007ef39c600000, 0x00007ef39c600000, 0x00007ef4408a0000)
  from space 336192K,  65% used [0x00007ef4408a0000, 0x00007ef44deafb78, 0x00007ef4550f0000)
  to   space 336192K,   0% used [0x00007ef4550f0000, 0x00007ef4550f0000, 0x00007ef469940000)
 tenured generation   total 6724064K, used 5170328K [0x00007ef8f1b50000, 0x00007efa8c1c8000, 0x00007f039c600000)
   the space 6724064K,  76% used [0x00007ef8f1b50000, 0x00007efa2d476028, 0x00007efa2d476200, 0x00007efa8c1c8000)
 Metaspace       used 30831K, capacity 31252K, committed 31488K, reserved 32768K
}
Event: 171.921 GC heap before
{Heap before GC invocations=100 (full 4):
 def new generation   total 3025856K, used 2908862K [0x00007ef39c600000, 0x00007ef469940000, 0x00007ef8f1b50000)
  eden space 2689664K, 100% used [0x00007ef39c600000, 0x00007ef4408a0000, 0x00007ef4408a0000)
  from space 336192K,  65% used [0x00007ef4408a0000, 0x00007ef44deafb78, 0x00007ef4550f0000)
  to   space 336192K,   0% used [0x00007ef4550f0000, 0x00007ef4550f0000, 0x00007ef469940000)
 tenured generation   total 6724064K, used 5170328K [0x00007ef8f1b50000, 0x00007efa8c1c8000, 0x00007f039c600000)
   the space 6724064K,  76% used [0x00007ef8f1b50000, 0x00007efa2d476028, 0x00007efa2d476200, 0x00007efa8c1c8000)
 Metaspace       used 30831K, capacity 31252K, committed 31488K, reserved 32768K
}
Event: 172.700 GC heap after
{Heap after GC invocations=101 (full 4):
 def new generation   total 3025856K, used 224541K [0x00007ef39c600000, 0x00007ef469940000, 0x00007ef8f1b50000)
  eden space 2689664K,   0% used [0x00007ef39c600000, 0x00007ef39c600000, 0x00007ef4408a0000)
  from space 336192K,  66% used [0x00007ef4550f0000, 0x00007ef462c376e8, 0x00007ef469940000)
  to   space 336192K,   0% used [0x00007ef4408a0000, 0x00007ef4408a0000, 0x00007ef4550f0000)
 tenured generation   total 6724064K, used 5389525K [0x00007ef8f1b50000, 0x00007efa8c1c8000, 0x00007f039c600000)
   the space 6724064K,  80% used [0x00007ef8f1b50000, 0x00007efa3aa85790, 0x00007efa3aa85800, 0x00007efa8c1c8000)
 Metaspace       used 30831K, capacity 31252K, committed 31488K, reserved 32768K
}
Event: 173.500 GC heap before
{Heap before GC invocations=101 (full 4):
 def new generation   total 3025856K, used 2914205K [0x00007ef39c600000, 0x00007ef469940000, 0x00007ef8f1b50000)
  eden space 2689664K, 100% used [0x00007ef39c600000, 0x00007ef4408a0000, 0x00007ef4408a0000)
  from space 336192K,  66% used [0x00007ef4550f0000, 0x00007ef462c376e8, 0x00007ef469940000)
  to   space 336192K,   0% used [0x00007ef4408a0000, 0x00007ef4408a0000, 0x00007ef4550f0000)
 tenured generation   total 6724064K, used 5389525K [0x00007ef8f1b50000, 0x00007efa8c1c8000, 0x00007f039c600000)
   the space 6724064K,  80% used [0x00007ef8f1b50000, 0x00007efa3aa85790, 0x00007efa3aa85800, 0x00007efa8c1c8000)
 Metaspace       used 30831K, capacity 31252K, committed 31488K, reserved 32768K
}
Event: 174.264 GC heap after
{Heap after GC invocations=102 (full 4):
 def new generation   total 3025856K, used 228807K [0x00007ef39c600000, 0x00007ef469940000, 0x00007ef8f1b50000)
  eden space 2689664K,   0% used [0x00007ef39c600000, 0x00007ef39c600000, 0x00007ef4408a0000)
  from space 336192K,  68% used [0x00007ef4408a0000, 0x00007ef44e811cd8, 0x00007ef4550f0000)
  to   space 336192K,   0% used [0x00007ef4550f0000, 0x00007ef4550f0000, 0x00007ef469940000)
 tenured generation   total 6724064K, used 5614067K [0x00007ef8f1b50000, 0x00007efa8c1c8000, 0x00007f039c600000)
   the space 6724064K,  83% used [0x00007ef8f1b50000, 0x00007efa485cce08, 0x00007efa485cd000, 0x00007efa8c1c8000)
 Metaspace       used 30831K, capacity 31252K, committed 31488K, reserved 32768K
}
Event: 175.069 GC heap before
{Heap before GC invocations=102 (full 4):
 def new generation   total 3025856K, used 2918471K [0x00007ef39c600000, 0x00007ef469940000, 0x00007ef8f1b50000)
  eden space 2689664K, 100% used [0x00007ef39c600000, 0x00007ef4408a0000, 0x00007ef4408a0000)
  from space 336192K,  68% used [0x00007ef4408a0000, 0x00007ef44e811cd8, 0x00007ef4550f0000)
  to   space 336192K,   0% used [0x00007ef4550f0000, 0x00007ef4550f0000, 0x00007ef469940000)
 tenured generation   total 6724064K, used 5614067K [0x00007ef8f1b50000, 0x00007efa8c1c8000, 0x00007f039c600000)
   the space 6724064K,  83% used [0x00007ef8f1b50000, 0x00007efa485cce08, 0x00007efa485cd000, 0x00007efa8c1c8000)
 Metaspace       used 30831K, capacity 31252K, committed 31488K, reserved 32768K
}
Event: 175.790 GC heap after
{Heap after GC invocations=103 (full 4):
 def new generation   total 3025856K, used 212196K [0x00007ef39c600000, 0x00007ef469940000, 0x00007ef8f1b50000)
  eden space 2689664K,   0% used [0x00007ef39c600000, 0x00007ef39c600000, 0x00007ef4408a0000)
  from space 336192K,  63% used [0x00007ef4550f0000, 0x00007ef462029258, 0x00007ef469940000)
  to   space 336192K,   0% used [0x00007ef4408a0000, 0x00007ef4408a0000, 0x00007ef4550f0000)
 tenured generation   total 6724064K, used 5842873K [0x00007ef8f1b50000, 0x00007efa8c1c8000, 0x00007f039c600000)
   the space 6724064K,  86% used [0x00007ef8f1b50000, 0x00007efa5653e7f0, 0x00007efa5653e800, 0x00007efa8c1c8000)
 Metaspace       used 30831K, capacity 31252K, committed 31488K, reserved 32768K
}
Event: 176.603 GC heap before
{Heap before GC invocations=103 (full 4):
 def new generation   total 3025856K, used 2901860K [0x00007ef39c600000, 0x00007ef469940000, 0x00007ef8f1b50000)
  eden space 2689664K, 100% used [0x00007ef39c600000, 0x00007ef4408a0000, 0x00007ef4408a0000)
  from space 336192K,  63% used [0x00007ef4550f0000, 0x00007ef462029258, 0x00007ef469940000)
  to   space 336192K,   0% used [0x00007ef4408a0000, 0x00007ef4408a0000, 0x00007ef4550f0000)
 tenured generation   total 6724064K, used 5842873K [0x00007ef8f1b50000, 0x00007efa8c1c8000, 0x00007f039c600000)
   the space 6724064K,  86% used [0x00007ef8f1b50000, 0x00007efa5653e7f0, 0x00007efa5653e800, 0x00007efa8c1c8000)
 Metaspace       used 30831K, capacity 31252K, committed 31488K, reserved 32768K
}
Event: 177.319 GC heap after
{Heap after GC invocations=104 (full 4):
 def new generation   total 3025856K, used 212840K [0x00007ef39c600000, 0x00007ef469940000, 0x00007ef8f1b50000)
  eden space 2689664K,   0% used [0x00007ef39c600000, 0x00007ef39c600000, 0x00007ef4408a0000)
  from space 336192K,  63% used [0x00007ef4408a0000, 0x00007ef44d87a310, 0x00007ef4550f0000)
  to   space 336192K,   0% used [0x00007ef4550f0000, 0x00007ef4550f0000, 0x00007ef469940000)
 tenured generation   total 6724064K, used 6055069K [0x00007ef8f1b50000, 0x00007efa8c1c8000, 0x00007f039c600000)
   the space 6724064K,  90% used [0x00007ef8f1b50000, 0x00007efa634775e8, 0x00007efa63477600, 0x00007efa8c1c8000)
 Metaspace       used 30831K, capacity 31252K, committed 31488K, reserved 32768K
}
Event: 178.073 GC heap before
{Heap before GC invocations=104 (full 4):
 def new generation   total 3025856K, used 2902504K [0x00007ef39c600000, 0x00007ef469940000, 0x00007ef8f1b50000)
  eden space 2689664K, 100% used [0x00007ef39c600000, 0x00007ef4408a0000, 0x00007ef4408a0000)
  from space 336192K,  63% used [0x00007ef4408a0000, 0x00007ef44d87a310, 0x00007ef4550f0000)
  to   space 336192K,   0% used [0x00007ef4550f0000, 0x00007ef4550f0000, 0x00007ef469940000)
 tenured generation   total 6724064K, used 6055069K [0x00007ef8f1b50000, 0x00007efa8c1c8000, 0x00007f039c600000)
   the space 6724064K,  90% used [0x00007ef8f1b50000, 0x00007efa634775e8, 0x00007efa63477600, 0x00007efa8c1c8000)
 Metaspace       used 30831K, capacity 31252K, committed 31488K, reserved 32768K
}
Event: 178.782 GC heap after
{Heap after GC invocations=105 (full 4):
 def new generation   total 3025856K, used 217769K [0x00007ef39c600000, 0x00007ef469940000, 0x00007ef8f1b50000)
  eden space 2689664K,   0% used [0x00007ef39c600000, 0x00007ef39c600000, 0x00007ef4408a0000)
  from space 336192K,  64% used [0x00007ef4550f0000, 0x00007ef46259a408, 0x00007ef469940000)
  to   space 336192K,   0% used [0x00007ef4408a0000, 0x00007ef4408a0000, 0x00007ef4550f0000)
 tenured generation   total 6724064K, used 6267909K [0x00007ef8f1b50000, 0x00007efa8c1c8000, 0x00007f039c600000)
   the space 6724064K,  93% used [0x00007ef8f1b50000, 0x00007efa70451538, 0x00007efa70451600, 0x00007efa8c1c8000)
 Metaspace       used 30831K, capacity 31252K, committed 31488K, reserved 32768K
}
Event: 179.540 GC heap before
{Heap before GC invocations=105 (full 4):
 def new generation   total 3025856K, used 2907433K [0x00007ef39c600000, 0x00007ef469940000, 0x00007ef8f1b50000)
  eden space 2689664K, 100% used [0x00007ef39c600000, 0x00007ef4408a0000, 0x00007ef4408a0000)
  from space 336192K,  64% used [0x00007ef4550f0000, 0x00007ef46259a408, 0x00007ef469940000)
  to   space 336192K,   0% used [0x00007ef4408a0000, 0x00007ef4408a0000, 0x00007ef4550f0000)
 tenured generation   total 6724064K, used 6267909K [0x00007ef8f1b50000, 0x00007efa8c1c8000, 0x00007f039c600000)
   the space 6724064K,  93% used [0x00007ef8f1b50000, 0x00007efa70451538, 0x00007efa70451600, 0x00007efa8c1c8000)
 Metaspace       used 30831K, capacity 31252K, committed 31488K, reserved 32768K
}
Event: 180.230 GC heap after
{Heap after GC invocations=106 (full 4):
 def new generation   total 3025856K, used 208603K [0x00007ef39c600000, 0x00007ef469940000, 0x00007ef8f1b50000)
  eden space 2689664K,   0% used [0x00007ef39c600000, 0x00007ef39c600000, 0x00007ef4408a0000)
  from space 336192K,  62% used [0x00007ef4408a0000, 0x00007ef44d456ce0, 0x00007ef4550f0000)
  to   space 336192K,   0% used [0x00007ef4550f0000, 0x00007ef4550f0000, 0x00007ef469940000)
 tenured generation   total 6724064K, used 6485677K [0x00007ef8f1b50000, 0x00007efa8c1c8000, 0x00007f039c600000)
   the space 6724064K,  96% used [0x00007ef8f1b50000, 0x00007efa7d8fb770, 0x00007efa7d8fb800, 0x00007efa8c1c8000)
 Metaspace       used 30831K, capacity 31252K, committed 31488K, reserved 32768K
}
Event: 181.002 GC heap before
{Heap before GC invocations=106 (full 4):
 def new generation   total 3025856K, used 2898267K [0x00007ef39c600000, 0x00007ef469940000, 0x00007ef8f1b50000)
  eden space 2689664K, 100% used [0x00007ef39c600000, 0x00007ef4408a0000, 0x00007ef4408a0000)
  from space 336192K,  62% used [0x00007ef4408a0000, 0x00007ef44d456ce0, 0x00007ef4550f0000)
  to   space 336192K,   0% used [0x00007ef4550f0000, 0x00007ef4550f0000, 0x00007ef469940000)
 tenured generation   total 6724064K, used 6485677K [0x00007ef8f1b50000, 0x00007efa8c1c8000, 0x00007f039c600000)
   the space 6724064K,  96% used [0x00007ef8f1b50000, 0x00007efa7d8fb770, 0x00007efa7d8fb800, 0x00007efa8c1c8000)
 Metaspace       used 30831K, capacity 31252K, committed 31488K, reserved 32768K
}
Event: 181.737 GC heap after
{Heap after GC invocations=107 (full 4):
 def new generation   total 3025856K, used 215315K [0x00007ef39c600000, 0x00007ef469940000, 0x00007ef8f1b50000)
  eden space 2689664K,   0% used [0x00007ef39c600000, 0x00007ef39c600000, 0x00007ef4408a0000)
  from space 336192K,  64% used [0x00007ef4550f0000, 0x00007ef462334c10, 0x00007ef469940000)
  to   space 336192K,   0% used [0x00007ef4408a0000, 0x00007ef4408a0000, 0x00007ef4550f0000)
 tenured generation   total 6724064K, used 6694280K [0x00007ef8f1b50000, 0x00007efa8c1c8000, 0x00007f039c600000)
   the space 6724064K,  99% used [0x00007ef8f1b50000, 0x00007efa8a4b2170, 0x00007efa8a4b2200, 0x00007efa8c1c8000)
 Metaspace       used 30831K, capacity 31252K, committed 31488K, reserved 32768K
}
Event: 182.536 GC heap before
{Heap before GC invocations=107 (full 4):
 def new generation   total 3025856K, used 2904979K [0x00007ef39c600000, 0x00007ef469940000, 0x00007ef8f1b50000)
  eden space 2689664K, 100% used [0x00007ef39c600000, 0x00007ef4408a0000, 0x00007ef4408a0000)
  from space 336192K,  64% used [0x00007ef4550f0000, 0x00007ef462334c10, 0x00007ef469940000)
  to   space 336192K,   0% used [0x00007ef4408a0000, 0x00007ef4408a0000, 0x00007ef4550f0000)
 tenured generation   total 6724064K, used 6694280K [0x00007ef8f1b50000, 0x00007efa8c1c8000, 0x00007f039c600000)
   the space 6724064K,  99% used [0x00007ef8f1b50000, 0x00007efa8a4b2170, 0x00007efa8a4b2200, 0x00007efa8c1c8000)
 Metaspace       used 30831K, capacity 31252K, committed 31488K, reserved 32768K
}
Event: 183.330 GC heap after
{Heap after GC invocations=108 (full 4):
 def new generation   total 3025856K, used 226932K [0x00007ef39c600000, 0x00007ef469940000, 0x00007ef8f1b50000)
  eden space 2689664K,   0% used [0x00007ef39c600000, 0x00007ef39c600000, 0x00007ef4408a0000)
  from space 336192K,  67% used [0x00007ef4408a0000, 0x00007ef44e63d1d8, 0x00007ef4550f0000)
  to   space 336192K,   0% used [0x00007ef4550f0000, 0x00007ef4550f0000, 0x00007ef469940000)
 tenured generation   total 6909728K, used 6909594K [0x00007ef8f1b50000, 0x00007efa97718000, 0x00007f039c600000)
   the space 6909728K,  99% used [0x00007ef8f1b50000, 0x00007efa976f6820, 0x00007efa976f6a00, 0x00007efa97718000)
 Metaspace       used 30831K, capacity 31252K, committed 31488K, reserved 32768K
}
Event: 183.330 GC heap before
{Heap before GC invocations=108 (full 4):
 def new generation   total 3025856K, used 226932K [0x00007ef39c600000, 0x00007ef469940000, 0x00007ef8f1b50000)
  eden space 2689664K,   0% used [0x00007ef39c600000, 0x00007ef39c600000, 0x00007ef4408a0000)
  from space 336192K,  67% used [0x00007ef4408a0000, 0x00007ef44e63d1d8, 0x00007ef4550f0000)
  to   space 336192K,   0% used [0x00007ef4550f0000, 0x00007ef4550f0000, 0x00007ef469940000)
 tenured generation   total 6909728K, used 6909594K [0x00007ef8f1b50000, 0x00007efa97718000, 0x00007f039c600000)
   the space 6909728K,  99% used [0x00007ef8f1b50000, 0x00007efa976f6820, 0x00007efa976f6a00, 0x00007efa97718000)
 Metaspace       used 30831K, capacity 31252K, committed 31488K, reserved 32768K
}

