# JRE version: OpenJDK Runtime Environment (13.0.7+5) (build 13.0.7+5-Ubuntu-0ubuntu120.04)
# Java VM: OpenJDK 64-Bit Server VM (13.0.7+5-Ubuntu-0ubuntu120.04, mixed mode, tiered, serial gc, linux-amd64)
Heap:
 def new generation   total 4851072K, used 51052K [0x00007f3d70600000, 0x00007f3eb95b0000, 0x00007f481b0a0000)
  eden space 4312128K,   1% used [0x00007f3d70600000, 0x00007f3d737db100, 0x00007f3e77910000)
  from space 538944K,   0% used [0x00007f3e98760000, 0x00007f3e98760000, 0x00007f3eb95b0000)
  to   space 538944K,   0% used [0x00007f3e77910000, 0x00007f3e77910000, 0x00007f3e98760000)
 tenured generation   total 10796296K, used 10795339K [0x00007f481b0a0000, 0x00007f4aadfe2000, 0x00007f5d70600000)
   the space 10796296K,  99% used [0x00007f481b0a0000, 0x00007f4aadef2de0, 0x00007f4aadef2e00, 0x00007f4aadfe2000)
 Metaspace       used 24240K, capacity 24635K, committed 24832K, reserved 26624K
GC Heap History (20 events):
Event: 3055.634 GC heap after
{Heap after GC invocations=1875 (full 7):
 def new generation   total 4851072K, used 251786K [0x00007f3d70600000, 0x00007f3eb95b0000, 0x00007f481b0a0000)
  eden space 4312128K,   0% used [0x00007f3d70600000, 0x00007f3d70600000, 0x00007f3e77910000)
  from space 538944K,  46% used [0x00007f3e77910000, 0x00007f3e86ef29c0, 0x00007f3e98760000)
  to   space 538944K,   0% used [0x00007f3e98760000, 0x00007f3e98760000, 0x00007f3eb95b0000)
 tenured generation   total 10779908K, used 10673258K [0x00007f481b0a0000, 0x00007f4aacfe1000, 0x00007f5d70600000)
   the space 10779908K,  99% used [0x00007f481b0a0000, 0x00007f4aa67baa08, 0x00007f4aa67bac00, 0x00007f4aacfe1000)
 Metaspace       used 24240K, capacity 24635K, committed 24832K, reserved 26624K
}
Event: 3060.344 GC heap before
{Heap before GC invocations=1875 (full 7):
 def new generation   total 4851072K, used 4563914K [0x00007f3d70600000, 0x00007f3eb95b0000, 0x00007f481b0a0000)
  eden space 4312128K, 100% used [0x00007f3d70600000, 0x00007f3e77910000, 0x00007f3e77910000)
  from space 538944K,  46% used [0x00007f3e77910000, 0x00007f3e86ef29c0, 0x00007f3e98760000)
  to   space 538944K,   0% used [0x00007f3e98760000, 0x00007f3e98760000, 0x00007f3eb95b0000)
 tenured generation   total 10779908K, used 10673258K [0x00007f481b0a0000, 0x00007f4aacfe1000, 0x00007f5d70600000)
   the space 10779908K,  99% used [0x00007f481b0a0000, 0x00007f4aa67baa08, 0x00007f4aa67bac00, 0x00007f4aacfe1000)
 Metaspace       used 24240K, capacity 24635K, committed 24832K, reserved 26624K
}
Event: 3060.499 GC heap after
{Heap after GC invocations=1876 (full 7):
 def new generation   total 4851072K, used 264641K [0x00007f3d70600000, 0x00007f3eb95b0000, 0x00007f481b0a0000)
  eden space 4312128K,   0% used [0x00007f3d70600000, 0x00007f3d70600000, 0x00007f3e77910000)
  from space 538944K,  49% used [0x00007f3e98760000, 0x00007f3ea89d0458, 0x00007f3eb95b0000)
  to   space 538944K,   0% used [0x00007f3e77910000, 0x00007f3e77910000, 0x00007f3e98760000)
 tenured generation   total 10779908K, used 10673258K [0x00007f481b0a0000, 0x00007f4aacfe1000, 0x00007f5d70600000)
   the space 10779908K,  99% used [0x00007f481b0a0000, 0x00007f4aa67baa08, 0x00007f4aa67bac00, 0x00007f4aacfe1000)
 Metaspace       used 24240K, capacity 24635K, committed 24832K, reserved 26624K
}
Event: 3064.807 GC heap before
{Heap before GC invocations=1876 (full 7):
 def new generation   total 4851072K, used 4565925K [0x00007f3d70600000, 0x00007f3eb95b0000, 0x00007f481b0a0000)
  eden space 4312128K,  99% used [0x00007f3d70600000, 0x00007f3e76e79288, 0x00007f3e77910000)
  from space 538944K,  49% used [0x00007f3e98760000, 0x00007f3ea89d0458, 0x00007f3eb95b0000)
  to   space 538944K,   0% used [0x00007f3e77910000, 0x00007f3e77910000, 0x00007f3e98760000)
 tenured generation   total 10779908K, used 10673258K [0x00007f481b0a0000, 0x00007f4aacfe1000, 0x00007f5d70600000)
   the space 10779908K,  99% used [0x00007f481b0a0000, 0x00007f4aa67baa08, 0x00007f4aa67bac00, 0x00007f4aacfe1000)
 Metaspace       used 24240K, capacity 24635K, committed 24832K, reserved 26624K
}
Event: 3064.984 GC heap after
{Heap after GC invocations=1877 (full 7):
 def new generation   total 4851072K, used 242064K [0x00007f3d70600000, 0x00007f3eb95b0000, 0x00007f481b0a0000)
  eden space 4312128K,   0% used [0x00007f3d70600000, 0x00007f3d70600000, 0x00007f3e77910000)
  from space 538944K,  44% used [0x00007f3e77910000, 0x00007f3e86574298, 0x00007f3e98760000)
  to   space 538944K,   0% used [0x00007f3e98760000, 0x00007f3e98760000, 0x00007f3eb95b0000)
 tenured generation   total 10779908K, used 10690217K [0x00007f481b0a0000, 0x00007f4aacfe1000, 0x00007f5d70600000)
   the space 10779908K,  99% used [0x00007f481b0a0000, 0x00007f4aa784a610, 0x00007f4aa784a800, 0x00007f4aacfe1000)
 Metaspace       used 24240K, capacity 24635K, committed 24832K, reserved 26624K
}
Event: 3069.381 GC heap before
{Heap before GC invocations=1877 (full 7):
 def new generation   total 4851072K, used 4546959K [0x00007f3d70600000, 0x00007f3eb95b0000, 0x00007f481b0a0000)
  eden space 4312128K,  99% used [0x00007f3d70600000, 0x00007f3e771ffa10, 0x00007f3e77910000)
  from space 538944K,  44% used [0x00007f3e77910000, 0x00007f3e86574298, 0x00007f3e98760000)
  to   space 538944K,   0% used [0x00007f3e98760000, 0x00007f3e98760000, 0x00007f3eb95b0000)
 tenured generation   total 10779908K, used 10690217K [0x00007f481b0a0000, 0x00007f4aacfe1000, 0x00007f5d70600000)
   the space 10779908K,  99% used [0x00007f481b0a0000, 0x00007f4aa784a610, 0x00007f4aa784a800, 0x00007f4aacfe1000)
 Metaspace       used 24240K, capacity 24635K, committed 24832K, reserved 26624K
}
Event: 3069.653 GC heap after
{Heap after GC invocations=1878 (full 7):
 def new generation   total 4851072K, used 247711K [0x00007f3d70600000, 0x00007f3eb95b0000, 0x00007f481b0a0000)
  eden space 4312128K,   0% used [0x00007f3d70600000, 0x00007f3d70600000, 0x00007f3e77910000)
  from space 538944K,  45% used [0x00007f3e98760000, 0x00007f3ea7947db0, 0x00007f3eb95b0000)
  to   space 538944K,   0% used [0x00007f3e77910000, 0x00007f3e77910000, 0x00007f3e98760000)
 tenured generation   total 10779908K, used 10707176K [0x00007f481b0a0000, 0x00007f4aacfe1000, 0x00007f5d70600000)
   the space 10779908K,  99% used [0x00007f481b0a0000, 0x00007f4aa88da218, 0x00007f4aa88da400, 0x00007f4aacfe1000)
 Metaspace       used 24240K, capacity 24635K, committed 24832K, reserved 26624K
}
Event: 3074.203 GC heap before
{Heap before GC invocations=1878 (full 7):
 def new generation   total 4851072K, used 4559839K [0x00007f3d70600000, 0x00007f3eb95b0000, 0x00007f481b0a0000)
  eden space 4312128K, 100% used [0x00007f3d70600000, 0x00007f3e77910000, 0x00007f3e77910000)
  from space 538944K,  45% used [0x00007f3e98760000, 0x00007f3ea7947db0, 0x00007f3eb95b0000)
  to   space 538944K,   0% used [0x00007f3e77910000, 0x00007f3e77910000, 0x00007f3e98760000)
 tenured generation   total 10779908K, used 10707176K [0x00007f481b0a0000, 0x00007f4aacfe1000, 0x00007f5d70600000)
   the space 10779908K,  99% used [0x00007f481b0a0000, 0x00007f4aa88da218, 0x00007f4aa88da400, 0x00007f4aacfe1000)
 Metaspace       used 24240K, capacity 24635K, committed 24832K, reserved 26624K
}
Event: 3074.385 GC heap after
{Heap after GC invocations=1879 (full 7):
 def new generation   total 4851072K, used 237417K [0x00007f3d70600000, 0x00007f3eb95b0000, 0x00007f481b0a0000)
  eden space 4312128K,   0% used [0x00007f3d70600000, 0x00007f3d70600000, 0x00007f3e77910000)
  from space 538944K,  44% used [0x00007f3e77910000, 0x00007f3e860ea560, 0x00007f3e98760000)
  to   space 538944K,   0% used [0x00007f3e98760000, 0x00007f3e98760000, 0x00007f3eb95b0000)
 tenured generation   total 10779908K, used 10724135K [0x00007f481b0a0000, 0x00007f4aacfe1000, 0x00007f5d70600000)
   the space 10779908K,  99% used [0x00007f481b0a0000, 0x00007f4aa9969e20, 0x00007f4aa996a000, 0x00007f4aacfe1000)
 Metaspace       used 24240K, capacity 24635K, committed 24832K, reserved 26624K
}
Event: 3079.019 GC heap before
{Heap before GC invocations=1879 (full 7):
 def new generation   total 4851072K, used 4549545K [0x00007f3d70600000, 0x00007f3eb95b0000, 0x00007f481b0a0000)
  eden space 4312128K, 100% used [0x00007f3d70600000, 0x00007f3e77910000, 0x00007f3e77910000)
  from space 538944K,  44% used [0x00007f3e77910000, 0x00007f3e860ea560, 0x00007f3e98760000)
  to   space 538944K,   0% used [0x00007f3e98760000, 0x00007f3e98760000, 0x00007f3eb95b0000)
 tenured generation   total 10779908K, used 10724135K [0x00007f481b0a0000, 0x00007f4aacfe1000, 0x00007f5d70600000)
   the space 10779908K,  99% used [0x00007f481b0a0000, 0x00007f4aa9969e20, 0x00007f4aa996a000, 0x00007f4aacfe1000)
 Metaspace       used 24240K, capacity 24635K, committed 24832K, reserved 26624K
}
Event: 3079.166 GC heap after
{Heap after GC invocations=1880 (full 7):
 def new generation   total 4851072K, used 237409K [0x00007f3d70600000, 0x00007f3eb95b0000, 0x00007f481b0a0000)
  eden space 4312128K,   0% used [0x00007f3d70600000, 0x00007f3d70600000, 0x00007f3e77910000)
  from space 538944K,  44% used [0x00007f3e98760000, 0x00007f3ea6f38730, 0x00007f3eb95b0000)
  to   space 538944K,   0% used [0x00007f3e77910000, 0x00007f3e77910000, 0x00007f3e98760000)
 tenured generation   total 10779908K, used 10741094K [0x00007f481b0a0000, 0x00007f4aacfe1000, 0x00007f5d70600000)
   the space 10779908K,  99% used [0x00007f481b0a0000, 0x00007f4aaa9f9a28, 0x00007f4aaa9f9c00, 0x00007f4aacfe1000)
 Metaspace       used 24240K, capacity 24635K, committed 24832K, reserved 26624K
}
Event: 3083.636 GC heap before
{Heap before GC invocations=1880 (full 7):
 def new generation   total 4851072K, used 4549537K [0x00007f3d70600000, 0x00007f3eb95b0000, 0x00007f481b0a0000)
  eden space 4312128K, 100% used [0x00007f3d70600000, 0x00007f3e77910000, 0x00007f3e77910000)
  from space 538944K,  44% used [0x00007f3e98760000, 0x00007f3ea6f38730, 0x00007f3eb95b0000)
  to   space 538944K,   0% used [0x00007f3e77910000, 0x00007f3e77910000, 0x00007f3e98760000)
 tenured generation   total 10779908K, used 10741094K [0x00007f481b0a0000, 0x00007f4aacfe1000, 0x00007f5d70600000)
   the space 10779908K,  99% used [0x00007f481b0a0000, 0x00007f4aaa9f9a28, 0x00007f4aaa9f9c00, 0x00007f4aacfe1000)
 Metaspace       used 24240K, capacity 24635K, committed 24832K, reserved 26624K
}
Event: 3083.816 GC heap after
{Heap after GC invocations=1881 (full 7):
 def new generation   total 4851072K, used 234335K [0x00007f3d70600000, 0x00007f3eb95b0000, 0x00007f481b0a0000)
  eden space 4312128K,   0% used [0x00007f3d70600000, 0x00007f3d70600000, 0x00007f3e77910000)
  from space 538944K,  43% used [0x00007f3e77910000, 0x00007f3e85de7e58, 0x00007f3e98760000)
  to   space 538944K,   0% used [0x00007f3e98760000, 0x00007f3e98760000, 0x00007f3eb95b0000)
 tenured generation   total 10779908K, used 10758053K [0x00007f481b0a0000, 0x00007f4aacfe1000, 0x00007f5d70600000)
   the space 10779908K,  99% used [0x00007f481b0a0000, 0x00007f4aaba89630, 0x00007f4aaba89800, 0x00007f4aacfe1000)
 Metaspace       used 24240K, capacity 24635K, committed 24832K, reserved 26624K
}
Event: 3087.982 GC heap before
{Heap before GC invocations=1881 (full 7):
 def new generation   total 4851072K, used 4546463K [0x00007f3d70600000, 0x00007f3eb95b0000, 0x00007f481b0a0000)
  eden space 4312128K, 100% used [0x00007f3d70600000, 0x00007f3e77910000, 0x00007f3e77910000)
  from space 538944K,  43% used [0x00007f3e77910000, 0x00007f3e85de7e58, 0x00007f3e98760000)
  to   space 538944K,   0% used [0x00007f3e98760000, 0x00007f3e98760000, 0x00007f3eb95b0000)
 tenured generation   total 10779908K, used 10758053K [0x00007f481b0a0000, 0x00007f4aacfe1000, 0x00007f5d70600000)
   the space 10779908K,  99% used [0x00007f481b0a0000, 0x00007f4aaba89630, 0x00007f4aaba89800, 0x00007f4aacfe1000)
 Metaspace       used 24240K, capacity 24635K, committed 24832K, reserved 26624K
}
Event: 3088.145 GC heap after
{Heap after GC invocations=1882 (full 7):
 def new generation   total 4851072K, used 246686K [0x00007f3d70600000, 0x00007f3eb95b0000, 0x00007f481b0a0000)
  eden space 4312128K,   0% used [0x00007f3d70600000, 0x00007f3d70600000, 0x00007f3e77910000)
  from space 538944K,  45% used [0x00007f3e98760000, 0x00007f3ea7847be0, 0x00007f3eb95b0000)
  to   space 538944K,   0% used [0x00007f3e77910000, 0x00007f3e77910000, 0x00007f3e98760000)
 tenured generation   total 10779908K, used 10758053K [0x00007f481b0a0000, 0x00007f4aacfe1000, 0x00007f5d70600000)
   the space 10779908K,  99% used [0x00007f481b0a0000, 0x00007f4aaba89630, 0x00007f4aaba89800, 0x00007f4aacfe1000)
 Metaspace       used 24240K, capacity 24635K, committed 24832K, reserved 26624K
}
Event: 3092.457 GC heap before
{Heap before GC invocations=1882 (full 7):
 def new generation   total 4851072K, used 4544181K [0x00007f3d70600000, 0x00007f3eb95b0000, 0x00007f481b0a0000)
  eden space 4312128K,  99% used [0x00007f3d70600000, 0x00007f3e76ac5a38, 0x00007f3e77910000)
  from space 538944K,  45% used [0x00007f3e98760000, 0x00007f3ea7847be0, 0x00007f3eb95b0000)
  to   space 538944K,   0% used [0x00007f3e77910000, 0x00007f3e77910000, 0x00007f3e98760000)
 tenured generation   total 10779908K, used 10758053K [0x00007f481b0a0000, 0x00007f4aacfe1000, 0x00007f5d70600000)
   the space 10779908K,  99% used [0x00007f481b0a0000, 0x00007f4aaba89630, 0x00007f4aaba89800, 0x00007f4aacfe1000)
 Metaspace       used 24240K, capacity 24635K, committed 24832K, reserved 26624K
}
Event: 3092.623 GC heap after
{Heap after GC invocations=1883 (full 7):
 def new generation   total 4851072K, used 258479K [0x00007f3d70600000, 0x00007f3eb95b0000, 0x00007f481b0a0000)
  eden space 4312128K,   0% used [0x00007f3d70600000, 0x00007f3d70600000, 0x00007f3e77910000)
  from space 538944K,  47% used [0x00007f3e77910000, 0x00007f3e8757be48, 0x00007f3e98760000)
  to   space 538944K,   0% used [0x00007f3e98760000, 0x00007f3e98760000, 0x00007f3eb95b0000)
 tenured generation   total 10779908K, used 10775012K [0x00007f481b0a0000, 0x00007f4aacfe1000, 0x00007f5d70600000)
   the space 10779908K,  99% used [0x00007f481b0a0000, 0x00007f4aacb19238, 0x00007f4aacb19400, 0x00007f4aacfe1000)
 Metaspace       used 24240K, capacity 24635K, committed 24832K, reserved 26624K
}
Event: 3097.032 GC heap before
{Heap before GC invocations=1883 (full 7):
 def new generation   total 4851072K, used 4570364K [0x00007f3d70600000, 0x00007f3eb95b0000, 0x00007f481b0a0000)
  eden space 4312128K,  99% used [0x00007f3d70600000, 0x00007f3e778d33b0, 0x00007f3e77910000)
  from space 538944K,  47% used [0x00007f3e77910000, 0x00007f3e8757be48, 0x00007f3e98760000)
  to   space 538944K,   0% used [0x00007f3e98760000, 0x00007f3e98760000, 0x00007f3eb95b0000)
 tenured generation   total 10779908K, used 10775012K [0x00007f481b0a0000, 0x00007f4aacfe1000, 0x00007f5d70600000)
   the space 10779908K,  99% used [0x00007f481b0a0000, 0x00007f4aacb19238, 0x00007f4aacb19400, 0x00007f4aacfe1000)
 Metaspace       used 24240K, capacity 24635K, committed 24832K, reserved 26624K
}
Event: 3097.216 GC heap after
{Heap after GC invocations=1884 (full 7):
 def new generation   total 4851072K, used 255387K [0x00007f3d70600000, 0x00007f3eb95b0000, 0x00007f481b0a0000)
  eden space 4312128K,   0% used [0x00007f3d70600000, 0x00007f3d70600000, 0x00007f3e77910000)
  from space 538944K,  47% used [0x00007f3e98760000, 0x00007f3ea80c6e10, 0x00007f3eb95b0000)
  to   space 538944K,   0% used [0x00007f3e77910000, 0x00007f3e77910000, 0x00007f3e98760000)
 tenured generation   total 10796296K, used 10791971K [0x00007f481b0a0000, 0x00007f4aadfe2000, 0x00007f5d70600000)
   the space 10796296K,  99% used [0x00007f481b0a0000, 0x00007f4aadba8e40, 0x00007f4aadba9000, 0x00007f4aadfe2000)
 Metaspace       used 24240K, capacity 24635K, committed 24832K, reserved 26624K
}
Event: 3097.216 GC heap before
{Heap before GC invocations=1884 (full 7):
 def new generation   total 4851072K, used 255387K [0x00007f3d70600000, 0x00007f3eb95b0000, 0x00007f481b0a0000)
  eden space 4312128K,   0% used [0x00007f3d70600000, 0x00007f3d70600000, 0x00007f3e77910000)
  from space 538944K,  47% used [0x00007f3e98760000, 0x00007f3ea80c6e10, 0x00007f3eb95b0000)
  to   space 538944K,   0% used [0x00007f3e77910000, 0x00007f3e77910000, 0x00007f3e98760000)
 tenured generation   total 10796296K, used 10791971K [0x00007f481b0a0000, 0x00007f4aadfe2000, 0x00007f5d70600000)
   the space 10796296K,  99% used [0x00007f481b0a0000, 0x00007f4aadba8e40, 0x00007f4aadba9000, 0x00007f4aadfe2000)
 Metaspace       used 24240K, capacity 24635K, committed 24832K, reserved 26624K
}

