# JRE version: OpenJDK Runtime Environment (13.0.7+5) (build 13.0.7+5-Ubuntu-0ubuntu120.04)
# Java VM: OpenJDK 64-Bit Server VM (13.0.7+5-Ubuntu-0ubuntu120.04, mixed mode, tiered, serial gc, linux-amd64)
Heap:
 def new generation   total 5946304K, used 660671K [0x00007fb774600000, 0x00007fb907a20000, 0x00007fbcc9b50000)
  eden space 5285632K,  12% used [0x00007fb774600000, 0x00007fb79cb2fe50, 0x00007fb8b6fc0000)
  from space 660672K,   0% used [0x00007fb8b6fc0000, 0x00007fb8b6fc0000, 0x00007fb8df4f0000)
  to   space 660672K,   0% used [0x00007fb8df4f0000, 0x00007fb8df4f0000, 0x00007fb907a20000)
 tenured generation   total 14152596K, used 14152463K [0x00007fbcc9b50000, 0x00007fc029835000, 0x00007fc774600000)
   the space 14152596K,  99% used [0x00007fbcc9b50000, 0x00007fc029813c88, 0x00007fc029813e00, 0x00007fc029835000)
 Metaspace       used 30974K, capacity 31412K, committed 31744K, reserved 32768K
GC Heap History (20 events):
Event: 16.547 GC heap after
{Heap after GC invocations=6 (full 2):
 def new generation   total 1329024K, used 69761K [0x00007fb774600000, 0x00007fb7ce810000, 0x00007fbcc9b50000)
  eden space 1181376K,   5% used [0x00007fb774600000, 0x00007fb778a206a0, 0x00007fb7bc7b0000)
  from space 147648K,   0% used [0x00007fb7bc7b0000, 0x00007fb7bc7b0000, 0x00007fb7c57e0000)
  to   space 147648K,   0% used [0x00007fb7c57e0000, 0x00007fb7c57e0000, 0x00007fb7ce810000)
 tenured generation   total 2953280K, used 1771967K [0x00007fbcc9b50000, 0x00007fbd7df60000, 0x00007fc774600000)
   the space 2953280K,  59% used [0x00007fbcc9b50000, 0x00007fbd35dbfe10, 0x00007fbd35dc0000, 0x00007fbd7df60000)
 Metaspace       used 30974K, capacity 31412K, committed 31744K, reserved 32768K
}
Event: 17.790 GC heap before
{Heap before GC invocations=6 (full 2):
 def new generation   total 1329024K, used 1181376K [0x00007fb774600000, 0x00007fb7ce810000, 0x00007fbcc9b50000)
  eden space 1181376K, 100% used [0x00007fb774600000, 0x00007fb7bc7b0000, 0x00007fb7bc7b0000)
  from space 147648K,   0% used [0x00007fb7bc7b0000, 0x00007fb7bc7b0000, 0x00007fb7c57e0000)
  to   space 147648K,   0% used [0x00007fb7c57e0000, 0x00007fb7c57e0000, 0x00007fb7ce810000)
 tenured generation   total 2953280K, used 1771967K [0x00007fbcc9b50000, 0x00007fbd7df60000, 0x00007fc774600000)
   the space 2953280K,  59% used [0x00007fbcc9b50000, 0x00007fbd35dbfe10, 0x00007fbd35dc0000, 0x00007fbd7df60000)
 Metaspace       used 30974K, capacity 31412K, committed 31744K, reserved 32768K
}
Event: 21.609 GC heap after
{Heap after GC invocations=7 (full 2):
 def new generation   total 1329024K, used 147647K [0x00007fb774600000, 0x00007fb7ce810000, 0x00007fbcc9b50000)
  eden space 1181376K,   0% used [0x00007fb774600000, 0x00007fb774600000, 0x00007fb7bc7b0000)
  from space 147648K,  99% used [0x00007fb7c57e0000, 0x00007fb7ce80fe58, 0x00007fb7ce810000)
  to   space 147648K,   0% used [0x00007fb7bc7b0000, 0x00007fb7bc7b0000, 0x00007fb7c57e0000)
 tenured generation   total 2953280K, used 2805668K [0x00007fbcc9b50000, 0x00007fbd7df60000, 0x00007fc774600000)
   the space 2953280K,  95% used [0x00007fbcc9b50000, 0x00007fbd74f39078, 0x00007fbd74f39200, 0x00007fbd7df60000)
 Metaspace       used 30974K, capacity 31412K, committed 31744K, reserved 32768K
}
Event: 22.696 GC heap before
{Heap before GC invocations=7 (full 2):
 def new generation   total 1329024K, used 1329023K [0x00007fb774600000, 0x00007fb7ce810000, 0x00007fbcc9b50000)
  eden space 1181376K, 100% used [0x00007fb774600000, 0x00007fb7bc7b0000, 0x00007fb7bc7b0000)
  from space 147648K,  99% used [0x00007fb7c57e0000, 0x00007fb7ce80fe58, 0x00007fb7ce810000)
  to   space 147648K,   0% used [0x00007fb7bc7b0000, 0x00007fb7bc7b0000, 0x00007fb7c57e0000)
 tenured generation   total 2953280K, used 2805668K [0x00007fbcc9b50000, 0x00007fbd7df60000, 0x00007fc774600000)
   the space 2953280K,  95% used [0x00007fbcc9b50000, 0x00007fbd74f39078, 0x00007fbd74f39200, 0x00007fbd7df60000)
 Metaspace       used 30974K, capacity 31412K, committed 31744K, reserved 32768K
}
Event: 25.517 GC heap after
{Heap after GC invocations=8 (full 2):
 def new generation   total 1329024K, used 147647K [0x00007fb774600000, 0x00007fb7ce810000, 0x00007fbcc9b50000)
  eden space 1181376K,   0% used [0x00007fb774600000, 0x00007fb774600000, 0x00007fb7bc7b0000)
  from space 147648K,  99% used [0x00007fb7bc7b0000, 0x00007fb7c57dfe58, 0x00007fb7c57e0000)
  to   space 147648K,   0% used [0x00007fb7c57e0000, 0x00007fb7c57e0000, 0x00007fb7ce810000)
 tenured generation   total 3987008K, used 3987007K [0x00007fbcc9b50000, 0x00007fbdbd0e0000, 0x00007fc774600000)
   the space 3987008K,  99% used [0x00007fbcc9b50000, 0x00007fbdbd0dfda0, 0x00007fbdbd0dfe00, 0x00007fbdbd0e0000)
 Metaspace       used 30974K, capacity 31412K, committed 31744K, reserved 32768K
}
Event: 25.517 GC heap before
{Heap before GC invocations=8 (full 2):
 def new generation   total 1329024K, used 147647K [0x00007fb774600000, 0x00007fb7ce810000, 0x00007fbcc9b50000)
  eden space 1181376K,   0% used [0x00007fb774600000, 0x00007fb774600000, 0x00007fb7bc7b0000)
  from space 147648K,  99% used [0x00007fb7bc7b0000, 0x00007fb7c57dfe58, 0x00007fb7c57e0000)
  to   space 147648K,   0% used [0x00007fb7c57e0000, 0x00007fb7c57e0000, 0x00007fb7ce810000)
 tenured generation   total 3987008K, used 3987007K [0x00007fbcc9b50000, 0x00007fbdbd0e0000, 0x00007fc774600000)
   the space 3987008K,  99% used [0x00007fbcc9b50000, 0x00007fbdbd0dfda0, 0x00007fbdbd0dfe00, 0x00007fbdbd0e0000)
 Metaspace       used 30974K, capacity 31412K, committed 31744K, reserved 32768K
}
Event: 28.773 GC heap after
{Heap after GC invocations=8 (full 3):
 def new generation   total 2990336K, used 147647K [0x00007fb774600000, 0x00007fb83f2b0000, 0x00007fbcc9b50000)
  eden space 2658112K,   5% used [0x00007fb774600000, 0x00007fb77d62fc40, 0x00007fb8169d0000)
  from space 332224K,   0% used [0x00007fb8169d0000, 0x00007fb8169d0000, 0x00007fb82ae40000)
  to   space 332224K,   0% used [0x00007fb82ae40000, 0x00007fb82ae40000, 0x00007fb83f2b0000)
 tenured generation   total 6645016K, used 3987007K [0x00007fbcc9b50000, 0x00007fbe5f496000, 0x00007fc774600000)
   the space 6645016K,  59% used [0x00007fbcc9b50000, 0x00007fbdbd0dffb8, 0x00007fbdbd0e0000, 0x00007fbe5f496000)
 Metaspace       used 30974K, capacity 31412K, committed 31744K, reserved 32768K
}
Event: 37.213 GC heap before
{Heap before GC invocations=8 (full 3):
 def new generation   total 2990336K, used 2658112K [0x00007fb774600000, 0x00007fb83f2b0000, 0x00007fbcc9b50000)
  eden space 2658112K, 100% used [0x00007fb774600000, 0x00007fb8169d0000, 0x00007fb8169d0000)
  from space 332224K,   0% used [0x00007fb8169d0000, 0x00007fb8169d0000, 0x00007fb82ae40000)
  to   space 332224K,   0% used [0x00007fb82ae40000, 0x00007fb82ae40000, 0x00007fb83f2b0000)
 tenured generation   total 6645016K, used 3987007K [0x00007fbcc9b50000, 0x00007fbe5f496000, 0x00007fc774600000)
   the space 6645016K,  59% used [0x00007fbcc9b50000, 0x00007fbdbd0dffb8, 0x00007fbdbd0e0000, 0x00007fbe5f496000)
 Metaspace       used 30974K, capacity 31412K, committed 31744K, reserved 32768K
}
Event: 41.221 GC heap after
{Heap after GC invocations=9 (full 3):
 def new generation   total 2990336K, used 332223K [0x00007fb774600000, 0x00007fb83f2b0000, 0x00007fbcc9b50000)
  eden space 2658112K,   0% used [0x00007fb774600000, 0x00007fb774600000, 0x00007fb8169d0000)
  from space 332224K,  99% used [0x00007fb82ae40000, 0x00007fb83f2aff98, 0x00007fb83f2b0000)
  to   space 332224K,   0% used [0x00007fb8169d0000, 0x00007fb8169d0000, 0x00007fb82ae40000)
 tenured generation   total 6645016K, used 4978013K [0x00007fbcc9b50000, 0x00007fbe5f496000, 0x00007fc774600000)
   the space 6645016K,  74% used [0x00007fbcc9b50000, 0x00007fbdf98a7538, 0x00007fbdf98a7600, 0x00007fbe5f496000)
 Metaspace       used 30974K, capacity 31412K, committed 31744K, reserved 32768K
}
Event: 57.976 GC heap before
{Heap before GC invocations=9 (full 3):
 def new generation   total 2990336K, used 2990335K [0x00007fb774600000, 0x00007fb83f2b0000, 0x00007fbcc9b50000)
  eden space 2658112K, 100% used [0x00007fb774600000, 0x00007fb8169d0000, 0x00007fb8169d0000)
  from space 332224K,  99% used [0x00007fb82ae40000, 0x00007fb83f2aff98, 0x00007fb83f2b0000)
  to   space 332224K,   0% used [0x00007fb8169d0000, 0x00007fb8169d0000, 0x00007fb82ae40000)
 tenured generation   total 6645016K, used 4978013K [0x00007fbcc9b50000, 0x00007fbe5f496000, 0x00007fc774600000)
   the space 6645016K,  74% used [0x00007fbcc9b50000, 0x00007fbdf98a7538, 0x00007fbdf98a7600, 0x00007fbe5f496000)
 Metaspace       used 30974K, capacity 31412K, committed 31744K, reserved 32768K
}
Event: 58.998 GC heap after
{Heap after GC invocations=10 (full 3):
 def new generation   total 2990336K, used 292126K [0x00007fb774600000, 0x00007fb83f2b0000, 0x00007fbcc9b50000)
  eden space 2658112K,   0% used [0x00007fb774600000, 0x00007fb774600000, 0x00007fb8169d0000)
  from space 332224K,  87% used [0x00007fb8169d0000, 0x00007fb828717ac8, 0x00007fb82ae40000)
  to   space 332224K,   0% used [0x00007fb82ae40000, 0x00007fb82ae40000, 0x00007fb83f2b0000)
 tenured generation   total 6645016K, used 5310236K [0x00007fbcc9b50000, 0x00007fbe5f496000, 0x00007fc774600000)
   the space 6645016K,  79% used [0x00007fbcc9b50000, 0x00007fbe0dd173f8, 0x00007fbe0dd17400, 0x00007fbe5f496000)
 Metaspace       used 30974K, capacity 31412K, committed 31744K, reserved 32768K
}
Event: 61.233 GC heap before
{Heap before GC invocations=10 (full 3):
 def new generation   total 2990336K, used 2950238K [0x00007fb774600000, 0x00007fb83f2b0000, 0x00007fbcc9b50000)
  eden space 2658112K, 100% used [0x00007fb774600000, 0x00007fb8169d0000, 0x00007fb8169d0000)
  from space 332224K,  87% used [0x00007fb8169d0000, 0x00007fb828717ac8, 0x00007fb82ae40000)
  to   space 332224K,   0% used [0x00007fb82ae40000, 0x00007fb82ae40000, 0x00007fb83f2b0000)
 tenured generation   total 6645016K, used 5310236K [0x00007fbcc9b50000, 0x00007fbe5f496000, 0x00007fc774600000)
   the space 6645016K,  79% used [0x00007fbcc9b50000, 0x00007fbe0dd173f8, 0x00007fbe0dd17400, 0x00007fbe5f496000)
 Metaspace       used 30974K, capacity 31412K, committed 31744K, reserved 32768K
}
Event: 67.511 GC heap after
{Heap after GC invocations=11 (full 3):
 def new generation   total 2990336K, used 332223K [0x00007fb774600000, 0x00007fb83f2b0000, 0x00007fbcc9b50000)
  eden space 2658112K,   0% used [0x00007fb774600000, 0x00007fb774600000, 0x00007fb8169d0000)
  from space 332224K,  99% used [0x00007fb82ae40000, 0x00007fb83f2afec0, 0x00007fb83f2b0000)
  to   space 332224K,   0% used [0x00007fb8169d0000, 0x00007fb8169d0000, 0x00007fb82ae40000)
 tenured generation   total 7928344K, used 7928214K [0x00007fbcc9b50000, 0x00007fbead9d6000, 0x00007fc774600000)
   the space 7928344K,  99% used [0x00007fbcc9b50000, 0x00007fbead9b5900, 0x00007fbead9b5a00, 0x00007fbead9d6000)
 Metaspace       used 30974K, capacity 31412K, committed 31744K, reserved 32768K
}
Event: 67.511 GC heap before
{Heap before GC invocations=11 (full 3):
 def new generation   total 2990336K, used 332223K [0x00007fb774600000, 0x00007fb83f2b0000, 0x00007fbcc9b50000)
  eden space 2658112K,   0% used [0x00007fb774600000, 0x00007fb774600000, 0x00007fb8169d0000)
  from space 332224K,  99% used [0x00007fb82ae40000, 0x00007fb83f2afec0, 0x00007fb83f2b0000)
  to   space 332224K,   0% used [0x00007fb8169d0000, 0x00007fb8169d0000, 0x00007fb82ae40000)
 tenured generation   total 7928344K, used 7928214K [0x00007fbcc9b50000, 0x00007fbead9d6000, 0x00007fc774600000)
   the space 7928344K,  99% used [0x00007fbcc9b50000, 0x00007fbead9b5900, 0x00007fbead9b5a00, 0x00007fbead9d6000)
 Metaspace       used 30974K, capacity 31412K, committed 31744K, reserved 32768K
}
Event: 79.116 GC heap after
{Heap after GC invocations=11 (full 4):
 def new generation   total 5946304K, used 326708K [0x00007fb774600000, 0x00007fb907a20000, 0x00007fbcc9b50000)
  eden space 5285632K,   6% used [0x00007fb774600000, 0x00007fb78850d0e8, 0x00007fb8b6fc0000)
  from space 660672K,   0% used [0x00007fb8b6fc0000, 0x00007fb8b6fc0000, 0x00007fb8df4f0000)
  to   space 660672K,   0% used [0x00007fb8df4f0000, 0x00007fb8df4f0000, 0x00007fb907a20000)
 tenured generation   total 13213908K, used 7928343K [0x00007fbcc9b50000, 0x00007fbff0385000, 0x00007fc774600000)
   the space 13213908K,  59% used [0x00007fbcc9b50000, 0x00007fbead9d5ee0, 0x00007fbead9d6000, 0x00007fbff0385000)
 Metaspace       used 30974K, capacity 31412K, committed 31744K, reserved 32768K
}
Event: 94.165 GC heap before
{Heap before GC invocations=11 (full 4):
 def new generation   total 5946304K, used 5285632K [0x00007fb774600000, 0x00007fb907a20000, 0x00007fbcc9b50000)
  eden space 5285632K, 100% used [0x00007fb774600000, 0x00007fb8b6fc0000, 0x00007fb8b6fc0000)
  from space 660672K,   0% used [0x00007fb8b6fc0000, 0x00007fb8b6fc0000, 0x00007fb8df4f0000)
  to   space 660672K,   0% used [0x00007fb8df4f0000, 0x00007fb8df4f0000, 0x00007fb907a20000)
 tenured generation   total 13213908K, used 7928343K [0x00007fbcc9b50000, 0x00007fbff0385000, 0x00007fc774600000)
   the space 13213908K,  59% used [0x00007fbcc9b50000, 0x00007fbead9d5ee0, 0x00007fbead9d6000, 0x00007fbff0385000)
 Metaspace       used 30974K, capacity 31412K, committed 31744K, reserved 32768K
}
Event: 103.462 GC heap after
{Heap after GC invocations=12 (full 4):
 def new generation   total 5946304K, used 660671K [0x00007fb774600000, 0x00007fb907a20000, 0x00007fbcc9b50000)
  eden space 5285632K,   0% used [0x00007fb774600000, 0x00007fb774600000, 0x00007fb8b6fc0000)
  from space 660672K,  99% used [0x00007fb8df4f0000, 0x00007fb907a1ffa8, 0x00007fb907a20000)
  to   space 660672K,   0% used [0x00007fb8b6fc0000, 0x00007fb8b6fc0000, 0x00007fb8df4f0000)
 tenured generation   total 13213908K, used 9677267K [0x00007fbcc9b50000, 0x00007fbff0385000, 0x00007fc774600000)
   the space 13213908K,  73% used [0x00007fbcc9b50000, 0x00007fbf185c4ce8, 0x00007fbf185c4e00, 0x00007fbff0385000)
 Metaspace       used 30974K, capacity 31412K, committed 31744K, reserved 32768K
}
Event: 111.627 GC heap before
{Heap before GC invocations=12 (full 4):
 def new generation   total 5946304K, used 5946303K [0x00007fb774600000, 0x00007fb907a20000, 0x00007fbcc9b50000)
  eden space 5285632K, 100% used [0x00007fb774600000, 0x00007fb8b6fc0000, 0x00007fb8b6fc0000)
  from space 660672K,  99% used [0x00007fb8df4f0000, 0x00007fb907a1ffa8, 0x00007fb907a20000)
  to   space 660672K,   0% used [0x00007fb8b6fc0000, 0x00007fb8b6fc0000, 0x00007fb8df4f0000)
 tenured generation   total 13213908K, used 9677267K [0x00007fbcc9b50000, 0x00007fbff0385000, 0x00007fc774600000)
   the space 13213908K,  73% used [0x00007fbcc9b50000, 0x00007fbf185c4ce8, 0x00007fbf185c4e00, 0x00007fbff0385000)
 Metaspace       used 30974K, capacity 31412K, committed 31744K, reserved 32768K
}
Event: 122.168 GC heap after
{Heap after GC invocations=13 (full 4):
 def new generation   total 5946304K, used 660671K [0x00007fb774600000, 0x00007fb907a20000, 0x00007fbcc9b50000)
  eden space 5285632K,   0% used [0x00007fb774600000, 0x00007fb774600000, 0x00007fb8b6fc0000)
  from space 660672K,  99% used [0x00007fb8b6fc0000, 0x00007fb8df4efe50, 0x00007fb8df4f0000)
  to   space 660672K,   0% used [0x00007fb8df4f0000, 0x00007fb8df4f0000, 0x00007fb907a20000)
 tenured generation   total 14152596K, used 14152463K [0x00007fbcc9b50000, 0x00007fc029835000, 0x00007fc774600000)
   the space 14152596K,  99% used [0x00007fbcc9b50000, 0x00007fc029813c88, 0x00007fc029813e00, 0x00007fc029835000)
 Metaspace       used 30974K, capacity 31412K, committed 31744K, reserved 32768K
}
Event: 122.168 GC heap before
{Heap before GC invocations=13 (full 4):
 def new generation   total 5946304K, used 660671K [0x00007fb774600000, 0x00007fb907a20000, 0x00007fbcc9b50000)
  eden space 5285632K,   0% used [0x00007fb774600000, 0x00007fb774600000, 0x00007fb8b6fc0000)
  from space 660672K,  99% used [0x00007fb8b6fc0000, 0x00007fb8df4efe50, 0x00007fb8df4f0000)
  to   space 660672K,   0% used [0x00007fb8df4f0000, 0x00007fb8df4f0000, 0x00007fb907a20000)
 tenured generation   total 14152596K, used 14152463K [0x00007fbcc9b50000, 0x00007fc029835000, 0x00007fc774600000)
   the space 14152596K,  99% used [0x00007fbcc9b50000, 0x00007fc029813c88, 0x00007fc029813e00, 0x00007fc029835000)
 Metaspace       used 30974K, capacity 31412K, committed 31744K, reserved 32768K
}

