# JRE version: OpenJDK Runtime Environment (13.0.7+5) (build 13.0.7+5-Ubuntu-0ubuntu120.04)
# Java VM: OpenJDK 64-Bit Server VM (13.0.7+5-Ubuntu-0ubuntu120.04, mixed mode, tiered, serial gc, linux-amd64)
Heap:
 def new generation   total 4846848K, used 0K [0x00007f1054600000, 0x00007f119d120000, 0x00007f15a9b50000)
  eden space 4308352K,   0% used [0x00007f1054600000, 0x00007f1054600000, 0x00007f115b560000)
  from space 538496K,   0% used [0x00007f115b560000, 0x00007f115b560000, 0x00007f117c340000)
  to   space 538496K,   0% used [0x00007f117c340000, 0x00007f117c340000, 0x00007f119d120000)
 tenured generation   total 11819212K, used 11440542K [0x00007f15a9b50000, 0x00007f187b183000, 0x00007f2054600000)
   the space 11819212K,  96% used [0x00007f15a9b50000, 0x00007f1863fb7ad8, 0x00007f1863fb7c00, 0x00007f187b183000)
 Metaspace       used 24589K, capacity 25038K, committed 25088K, reserved 26624K
GC Heap History (20 events):
Event: 9052.226 GC heap after
{Heap after GC invocations=8952 (full 5):
 def new generation   total 4846848K, used 43567K [0x00007f1054600000, 0x00007f119d120000, 0x00007f15a9b50000)
  eden space 4308352K,   0% used [0x00007f1054600000, 0x00007f1054600000, 0x00007f115b560000)
  from space 538496K,   8% used [0x00007f117c340000, 0x00007f117edcbc80, 0x00007f119d120000)
  to   space 538496K,   0% used [0x00007f115b560000, 0x00007f115b560000, 0x00007f117c340000)
 tenured generation   total 10770628K, used 9255777K [0x00007f15a9b50000, 0x00007f183b181000, 0x00007f2054600000)
   the space 10770628K,  85% used [0x00007f15a9b50000, 0x00007f17dea285f0, 0x00007f17dea28600, 0x00007f183b181000)
 Metaspace       used 24375K, capacity 24774K, committed 24832K, reserved 26624K
}
Event: 9055.115 GC heap before
{Heap before GC invocations=8952 (full 5):
 def new generation   total 4846848K, used 4351919K [0x00007f1054600000, 0x00007f119d120000, 0x00007f15a9b50000)
  eden space 4308352K, 100% used [0x00007f1054600000, 0x00007f115b560000, 0x00007f115b560000)
  from space 538496K,   8% used [0x00007f117c340000, 0x00007f117edcbc80, 0x00007f119d120000)
  to   space 538496K,   0% used [0x00007f115b560000, 0x00007f115b560000, 0x00007f117c340000)
 tenured generation   total 10770628K, used 9255777K [0x00007f15a9b50000, 0x00007f183b181000, 0x00007f2054600000)
   the space 10770628K,  85% used [0x00007f15a9b50000, 0x00007f17dea285f0, 0x00007f17dea28600, 0x00007f183b181000)
 Metaspace       used 24375K, capacity 24774K, committed 24832K, reserved 26624K
}
Event: 9055.168 GC heap after
{Heap after GC invocations=8953 (full 5):
 def new generation   total 4846848K, used 43488K [0x00007f1054600000, 0x00007f119d120000, 0x00007f15a9b50000)
  eden space 4308352K,   0% used [0x00007f1054600000, 0x00007f1054600000, 0x00007f115b560000)
  from space 538496K,   8% used [0x00007f115b560000, 0x00007f115dfd8280, 0x00007f117c340000)
  to   space 538496K,   0% used [0x00007f117c340000, 0x00007f117c340000, 0x00007f119d120000)
 tenured generation   total 10770628K, used 9260121K [0x00007f15a9b50000, 0x00007f183b181000, 0x00007f2054600000)
   the space 10770628K,  85% used [0x00007f15a9b50000, 0x00007f17dee66540, 0x00007f17dee66600, 0x00007f183b181000)
 Metaspace       used 24375K, capacity 24774K, committed 24832K, reserved 26624K
}
Event: 9058.020 GC heap before
{Heap before GC invocations=8953 (full 5):
 def new generation   total 4846848K, used 4351840K [0x00007f1054600000, 0x00007f119d120000, 0x00007f15a9b50000)
  eden space 4308352K, 100% used [0x00007f1054600000, 0x00007f115b560000, 0x00007f115b560000)
  from space 538496K,   8% used [0x00007f115b560000, 0x00007f115dfd8280, 0x00007f117c340000)
  to   space 538496K,   0% used [0x00007f117c340000, 0x00007f117c340000, 0x00007f119d120000)
 tenured generation   total 10770628K, used 9260121K [0x00007f15a9b50000, 0x00007f183b181000, 0x00007f2054600000)
   the space 10770628K,  85% used [0x00007f15a9b50000, 0x00007f17dee66540, 0x00007f17dee66600, 0x00007f183b181000)
 Metaspace       used 24375K, capacity 24774K, committed 24832K, reserved 26624K
}
Event: 9058.080 GC heap after
{Heap after GC invocations=8954 (full 5):
 def new generation   total 4846848K, used 43488K [0x00007f1054600000, 0x00007f119d120000, 0x00007f15a9b50000)
  eden space 4308352K,   0% used [0x00007f1054600000, 0x00007f1054600000, 0x00007f115b560000)
  from space 538496K,   8% used [0x00007f117c340000, 0x00007f117edb82f8, 0x00007f119d120000)
  to   space 538496K,   0% used [0x00007f115b560000, 0x00007f115b560000, 0x00007f117c340000)
 tenured generation   total 10770628K, used 9264465K [0x00007f15a9b50000, 0x00007f183b181000, 0x00007f2054600000)
   the space 10770628K,  86% used [0x00007f15a9b50000, 0x00007f17df2a4490, 0x00007f17df2a4600, 0x00007f183b181000)
 Metaspace       used 24375K, capacity 24774K, committed 24832K, reserved 26624K
}
Event: 9060.969 GC heap before
{Heap before GC invocations=8954 (full 5):
 def new generation   total 4846848K, used 4351840K [0x00007f1054600000, 0x00007f119d120000, 0x00007f15a9b50000)
  eden space 4308352K, 100% used [0x00007f1054600000, 0x00007f115b560000, 0x00007f115b560000)
  from space 538496K,   8% used [0x00007f117c340000, 0x00007f117edb82f8, 0x00007f119d120000)
  to   space 538496K,   0% used [0x00007f115b560000, 0x00007f115b560000, 0x00007f117c340000)
 tenured generation   total 10770628K, used 9264465K [0x00007f15a9b50000, 0x00007f183b181000, 0x00007f2054600000)
   the space 10770628K,  86% used [0x00007f15a9b50000, 0x00007f17df2a4490, 0x00007f17df2a4600, 0x00007f183b181000)
 Metaspace       used 24375K, capacity 24774K, committed 24832K, reserved 26624K
}
Event: 9061.016 GC heap after
{Heap after GC invocations=8955 (full 5):
 def new generation   total 4846848K, used 43633K [0x00007f1054600000, 0x00007f119d120000, 0x00007f15a9b50000)
  eden space 4308352K,   0% used [0x00007f1054600000, 0x00007f1054600000, 0x00007f115b560000)
  from space 538496K,   8% used [0x00007f115b560000, 0x00007f115dffc480, 0x00007f117c340000)
  to   space 538496K,   0% used [0x00007f117c340000, 0x00007f117c340000, 0x00007f119d120000)
 tenured generation   total 10770628K, used 9268813K [0x00007f15a9b50000, 0x00007f183b181000, 0x00007f2054600000)
   the space 10770628K,  86% used [0x00007f15a9b50000, 0x00007f17df6e3520, 0x00007f17df6e3600, 0x00007f183b181000)
 Metaspace       used 24375K, capacity 24774K, committed 24832K, reserved 26624K
}
Event: 9063.882 GC heap before
{Heap before GC invocations=8955 (full 5):
 def new generation   total 4846848K, used 4351985K [0x00007f1054600000, 0x00007f119d120000, 0x00007f15a9b50000)
  eden space 4308352K, 100% used [0x00007f1054600000, 0x00007f115b560000, 0x00007f115b560000)
  from space 538496K,   8% used [0x00007f115b560000, 0x00007f115dffc480, 0x00007f117c340000)
  to   space 538496K,   0% used [0x00007f117c340000, 0x00007f117c340000, 0x00007f119d120000)
 tenured generation   total 10770628K, used 9268813K [0x00007f15a9b50000, 0x00007f183b181000, 0x00007f2054600000)
   the space 10770628K,  86% used [0x00007f15a9b50000, 0x00007f17df6e3520, 0x00007f17df6e3600, 0x00007f183b181000)
 Metaspace       used 24375K, capacity 24774K, committed 24832K, reserved 26624K
}
Event: 9063.943 GC heap after
{Heap after GC invocations=8956 (full 5):
 def new generation   total 4846848K, used 43636K [0x00007f1054600000, 0x00007f119d120000, 0x00007f15a9b50000)
  eden space 4308352K,   0% used [0x00007f1054600000, 0x00007f1054600000, 0x00007f115b560000)
  from space 538496K,   8% used [0x00007f117c340000, 0x00007f117eddd1e0, 0x00007f119d120000)
  to   space 538496K,   0% used [0x00007f115b560000, 0x00007f115b560000, 0x00007f117c340000)
 tenured generation   total 10770628K, used 9273157K [0x00007f15a9b50000, 0x00007f183b181000, 0x00007f2054600000)
   the space 10770628K,  86% used [0x00007f15a9b50000, 0x00007f17dfb21470, 0x00007f17dfb21600, 0x00007f183b181000)
 Metaspace       used 24375K, capacity 24774K, committed 24832K, reserved 26624K
}
Event: 9066.969 GC heap before
{Heap before GC invocations=8956 (full 5):
 def new generation   total 4846848K, used 4351988K [0x00007f1054600000, 0x00007f119d120000, 0x00007f15a9b50000)
  eden space 4308352K, 100% used [0x00007f1054600000, 0x00007f115b560000, 0x00007f115b560000)
  from space 538496K,   8% used [0x00007f117c340000, 0x00007f117eddd1e0, 0x00007f119d120000)
  to   space 538496K,   0% used [0x00007f115b560000, 0x00007f115b560000, 0x00007f117c340000)
 tenured generation   total 10770628K, used 9273157K [0x00007f15a9b50000, 0x00007f183b181000, 0x00007f2054600000)
   the space 10770628K,  86% used [0x00007f15a9b50000, 0x00007f17dfb21470, 0x00007f17dfb21600, 0x00007f183b181000)
 Metaspace       used 24375K, capacity 24774K, committed 24832K, reserved 26624K
}
Event: 9067.025 GC heap after
{Heap after GC invocations=8957 (full 5):
 def new generation   total 4846848K, used 43589K [0x00007f1054600000, 0x00007f119d120000, 0x00007f15a9b50000)
  eden space 4308352K,   0% used [0x00007f1054600000, 0x00007f1054600000, 0x00007f115b560000)
  from space 538496K,   8% used [0x00007f115b560000, 0x00007f115dff16c0, 0x00007f117c340000)
  to   space 538496K,   0% used [0x00007f117c340000, 0x00007f117c340000, 0x00007f119d120000)
 tenured generation   total 10770628K, used 9277563K [0x00007f15a9b50000, 0x00007f183b181000, 0x00007f2054600000)
   the space 10770628K,  86% used [0x00007f15a9b50000, 0x00007f17dff6ef10, 0x00007f17dff6f000, 0x00007f183b181000)
 Metaspace       used 24375K, capacity 24774K, committed 24832K, reserved 26624K
}
Event: 9069.821 GC heap before
{Heap before GC invocations=8957 (full 5):
 def new generation   total 4846848K, used 3819501K [0x00007f1054600000, 0x00007f119d120000, 0x00007f15a9b50000)
  eden space 4308352K,  87% used [0x00007f1054600000, 0x00007f113ad69e38, 0x00007f115b560000)
  from space 538496K,   8% used [0x00007f115b560000, 0x00007f115dff16c0, 0x00007f117c340000)
  to   space 538496K,   0% used [0x00007f117c340000, 0x00007f117c340000, 0x00007f119d120000)
 tenured generation   total 10770628K, used 9277563K [0x00007f15a9b50000, 0x00007f183b181000, 0x00007f2054600000)
   the space 10770628K,  86% used [0x00007f15a9b50000, 0x00007f17dff6ef10, 0x00007f17dff6f000, 0x00007f183b181000)
 Metaspace       used 24555K, capacity 24974K, committed 25088K, reserved 26624K
}
Event: 9070.117 GC heap after
{Heap after GC invocations=8958 (full 5):
 def new generation   total 4846848K, used 260585K [0x00007f1054600000, 0x00007f119d120000, 0x00007f15a9b50000)
  eden space 4308352K,   0% used [0x00007f1054600000, 0x00007f1054600000, 0x00007f115b560000)
  from space 538496K,  48% used [0x00007f117c340000, 0x00007f118c1ba738, 0x00007f119d120000)
  to   space 538496K,   0% used [0x00007f115b560000, 0x00007f115b560000, 0x00007f117c340000)
 tenured generation   total 10770628K, used 9279238K [0x00007f15a9b50000, 0x00007f183b181000, 0x00007f2054600000)
   the space 10770628K,  86% used [0x00007f15a9b50000, 0x00007f17e0111880, 0x00007f17e0111a00, 0x00007f183b181000)
 Metaspace       used 24555K, capacity 24974K, committed 25088K, reserved 26624K
}
Event: 9075.096 GC heap before
{Heap before GC invocations=8958 (full 5):
 def new generation   total 4846848K, used 4540222K [0x00007f1054600000, 0x00007f119d120000, 0x00007f15a9b50000)
  eden space 4308352K,  99% used [0x00007f1054600000, 0x00007f11599550d0, 0x00007f115b560000)
  from space 538496K,  48% used [0x00007f117c340000, 0x00007f118c1ba738, 0x00007f119d120000)
  to   space 538496K,   0% used [0x00007f115b560000, 0x00007f115b560000, 0x00007f117c340000)
 tenured generation   total 10770628K, used 9279238K [0x00007f15a9b50000, 0x00007f183b181000, 0x00007f2054600000)
   the space 10770628K,  86% used [0x00007f15a9b50000, 0x00007f17e0111880, 0x00007f17e0111a00, 0x00007f183b181000)
 Metaspace       used 24556K, capacity 24974K, committed 25088K, reserved 26624K
}
Event: 9076.954 GC heap after
{Heap after GC invocations=8959 (full 5):
 def new generation   total 4846848K, used 538496K [0x00007f1054600000, 0x00007f119d120000, 0x00007f15a9b50000)
  eden space 4308352K,   0% used [0x00007f1054600000, 0x00007f1054600000, 0x00007f115b560000)
  from space 538496K, 100% used [0x00007f115b560000, 0x00007f117c340000, 0x00007f117c340000)
  to   space 538496K,   0% used [0x00007f117c340000, 0x00007f117c340000, 0x00007f119d120000)
 tenured generation   total 10770628K, used 10377579K [0x00007f15a9b50000, 0x00007f183b181000, 0x00007f2054600000)
   the space 10770628K,  96% used [0x00007f15a9b50000, 0x00007f18231aae98, 0x00007f18231ab000, 0x00007f183b181000)
 Metaspace       used 24556K, capacity 24974K, committed 25088K, reserved 26624K
}
Event: 9081.944 GC heap before
{Heap before GC invocations=8959 (full 5):
 def new generation   total 4846848K, used 4097512K [0x00007f1054600000, 0x00007f119d120000, 0x00007f15a9b50000)
  eden space 4308352K,  82% used [0x00007f1054600000, 0x00007f112d99a268, 0x00007f115b560000)
  from space 538496K, 100% used [0x00007f115b560000, 0x00007f117c340000, 0x00007f117c340000)
  to   space 538496K,   0% used [0x00007f117c340000, 0x00007f117c340000, 0x00007f119d120000)
 tenured generation   total 10770628K, used 10377579K [0x00007f15a9b50000, 0x00007f183b181000, 0x00007f2054600000)
   the space 10770628K,  96% used [0x00007f15a9b50000, 0x00007f18231aae98, 0x00007f18231ab000, 0x00007f183b181000)
 Metaspace       used 24589K, capacity 25038K, committed 25088K, reserved 26624K
}
Event: 9082.112 GC heap after
{Heap after GC invocations=8960 (full 5):
 def new generation   total 4846848K, used 197171K [0x00007f1054600000, 0x00007f119d120000, 0x00007f15a9b50000)
  eden space 4308352K,   0% used [0x00007f1054600000, 0x00007f1054600000, 0x00007f115b560000)
  from space 538496K,  36% used [0x00007f117c340000, 0x00007f11883ccf98, 0x00007f119d120000)
  to   space 538496K,   0% used [0x00007f115b560000, 0x00007f115b560000, 0x00007f117c340000)
 tenured generation   total 10770628K, used 10391456K [0x00007f15a9b50000, 0x00007f183b181000, 0x00007f2054600000)
   the space 10770628K,  96% used [0x00007f15a9b50000, 0x00007f1823f382a8, 0x00007f1823f38400, 0x00007f183b181000)
 Metaspace       used 24589K, capacity 25038K, committed 25088K, reserved 26624K
}
Event: 9086.935 GC heap before
{Heap before GC invocations=8960 (full 5):
 def new generation   total 4846848K, used 4477109K [0x00007f1054600000, 0x00007f119d120000, 0x00007f15a9b50000)
  eden space 4308352K,  99% used [0x00007f1054600000, 0x00007f11599a07e0, 0x00007f115b560000)
  from space 538496K,  36% used [0x00007f117c340000, 0x00007f11883ccf98, 0x00007f119d120000)
  to   space 538496K,   0% used [0x00007f115b560000, 0x00007f115b560000, 0x00007f117c340000)
 tenured generation   total 10770628K, used 10391456K [0x00007f15a9b50000, 0x00007f183b181000, 0x00007f2054600000)
   the space 10770628K,  96% used [0x00007f15a9b50000, 0x00007f1823f382a8, 0x00007f1823f38400, 0x00007f183b181000)
 Metaspace       used 24589K, capacity 25038K, committed 25088K, reserved 26624K
}
Event: 9088.396 GC heap after
{Heap after GC invocations=8961 (full 5):
 def new generation   total 4846848K, used 524849K [0x00007f1054600000, 0x00007f119d120000, 0x00007f15a9b50000)
  eden space 4308352K,   0% used [0x00007f1054600000, 0x00007f1054600000, 0x00007f115b560000)
  from space 538496K,  97% used [0x00007f115b560000, 0x00007f117b5ec778, 0x00007f117c340000)
  to   space 538496K,   0% used [0x00007f117c340000, 0x00007f117c340000, 0x00007f119d120000)
 tenured generation   total 11819212K, used 11440032K [0x00007f15a9b50000, 0x00007f187b183000, 0x00007f2054600000)
   the space 11819212K,  96% used [0x00007f15a9b50000, 0x00007f1863f382d8, 0x00007f1863f38400, 0x00007f187b183000)
 Metaspace       used 24589K, capacity 25038K, committed 25088K, reserved 26624K
}
Event: 9088.396 GC heap before
{Heap before GC invocations=8961 (full 5):
 def new generation   total 4846848K, used 524849K [0x00007f1054600000, 0x00007f119d120000, 0x00007f15a9b50000)
  eden space 4308352K,   0% used [0x00007f1054600000, 0x00007f1054600000, 0x00007f115b560000)
  from space 538496K,  97% used [0x00007f115b560000, 0x00007f117b5ec778, 0x00007f117c340000)
  to   space 538496K,   0% used [0x00007f117c340000, 0x00007f117c340000, 0x00007f119d120000)
 tenured generation   total 11819212K, used 11440032K [0x00007f15a9b50000, 0x00007f187b183000, 0x00007f2054600000)
   the space 11819212K,  96% used [0x00007f15a9b50000, 0x00007f1863f382d8, 0x00007f1863f38400, 0x00007f187b183000)
 Metaspace       used 24589K, capacity 25038K, committed 25088K, reserved 26624K
}

