# JRE version: OpenJDK Runtime Environment (13.0.7+5) (build 13.0.7+5-Ubuntu-0ubuntu120.04)
# Java VM: OpenJDK 64-Bit Server VM (13.0.7+5-Ubuntu-0ubuntu120.04, mixed mode, tiered, serial gc, linux-amd64)
Heap:
 def new generation   total 804160K, used 0K [0x00007fd0cc600000, 0x00007fd102e90000, 0x00007fd621b50000)
  eden space 714816K,   0% used [0x00007fd0cc600000, 0x00007fd0cc600000, 0x00007fd0f8010000)
  from space 89344K,   0% used [0x00007fd0fd750000, 0x00007fd0fd750000, 0x00007fd102e90000)
  to   space 89344K,   0% used [0x00007fd0f8010000, 0x00007fd0f8010000, 0x00007fd0fd750000)
 tenured generation   total 1819716K, used 1358707K [0x00007fd621b50000, 0x00007fd690c61000, 0x00007fe0cc600000)
   the space 1819716K,  74% used [0x00007fd621b50000, 0x00007fd674a2ced0, 0x00007fd674a2d000, 0x00007fd690c61000)
 Metaspace       used 24254K, capacity 24704K, committed 24832K, reserved 26624K
GC Heap History (20 events):
Event: 642.847 GC heap after
{Heap after GC invocations=778 (full 3):
 def new generation   total 804160K, used 20036K [0x00007fd0cc600000, 0x00007fd102e90000, 0x00007fd621b50000)
  eden space 714816K,   0% used [0x00007fd0cc600000, 0x00007fd0cc600000, 0x00007fd0f8010000)
  from space 89344K,  22% used [0x00007fd0f8010000, 0x00007fd0f93a1278, 0x00007fd0fd750000)
  to   space 89344K,   0% used [0x00007fd0fd750000, 0x00007fd0fd750000, 0x00007fd102e90000)
 tenured generation   total 1786940K, used 1779592K [0x00007fd621b50000, 0x00007fd68ec5f000, 0x00007fe0cc600000)
   the space 1786940K,  99% used [0x00007fd621b50000, 0x00007fd68e532068, 0x00007fd68e532200, 0x00007fd68ec5f000)
 Metaspace       used 24254K, capacity 24704K, committed 24832K, reserved 26624K
}
Event: 643.943 GC heap before
{Heap before GC invocations=778 (full 3):
 def new generation   total 804160K, used 729754K [0x00007fd0cc600000, 0x00007fd102e90000, 0x00007fd621b50000)
  eden space 714816K,  99% used [0x00007fd0cc600000, 0x00007fd0f7b15898, 0x00007fd0f8010000)
  from space 89344K,  22% used [0x00007fd0f8010000, 0x00007fd0f93a1278, 0x00007fd0fd750000)
  to   space 89344K,   0% used [0x00007fd0fd750000, 0x00007fd0fd750000, 0x00007fd102e90000)
 tenured generation   total 1786940K, used 1779592K [0x00007fd621b50000, 0x00007fd68ec5f000, 0x00007fe0cc600000)
   the space 1786940K,  99% used [0x00007fd621b50000, 0x00007fd68e532068, 0x00007fd68e532200, 0x00007fd68ec5f000)
 Metaspace       used 24254K, capacity 24704K, committed 24832K, reserved 26624K
}
Event: 643.958 GC heap after
{Heap after GC invocations=779 (full 3):
 def new generation   total 804160K, used 6702K [0x00007fd0cc600000, 0x00007fd102e90000, 0x00007fd621b50000)
  eden space 714816K,   0% used [0x00007fd0cc600000, 0x00007fd0cc600000, 0x00007fd0f8010000)
  from space 89344K,   7% used [0x00007fd0fd750000, 0x00007fd0fdddbb08, 0x00007fd102e90000)
  to   space 89344K,   0% used [0x00007fd0f8010000, 0x00007fd0f8010000, 0x00007fd0fd750000)
 tenured generation   total 1786940K, used 1779592K [0x00007fd621b50000, 0x00007fd68ec5f000, 0x00007fe0cc600000)
   the space 1786940K,  99% used [0x00007fd621b50000, 0x00007fd68e532068, 0x00007fd68e532200, 0x00007fd68ec5f000)
 Metaspace       used 24254K, capacity 24704K, committed 24832K, reserved 26624K
}
Event: 644.900 GC heap before
{Heap before GC invocations=779 (full 3):
 def new generation   total 804160K, used 721518K [0x00007fd0cc600000, 0x00007fd102e90000, 0x00007fd621b50000)
  eden space 714816K, 100% used [0x00007fd0cc600000, 0x00007fd0f8010000, 0x00007fd0f8010000)
  from space 89344K,   7% used [0x00007fd0fd750000, 0x00007fd0fdddbb08, 0x00007fd102e90000)
  to   space 89344K,   0% used [0x00007fd0f8010000, 0x00007fd0f8010000, 0x00007fd0fd750000)
 tenured generation   total 1786940K, used 1779592K [0x00007fd621b50000, 0x00007fd68ec5f000, 0x00007fe0cc600000)
   the space 1786940K,  99% used [0x00007fd621b50000, 0x00007fd68e532068, 0x00007fd68e532200, 0x00007fd68ec5f000)
 Metaspace       used 24254K, capacity 24704K, committed 24832K, reserved 26624K
}
Event: 644.917 GC heap after
{Heap after GC invocations=780 (full 3):
 def new generation   total 804160K, used 9789K [0x00007fd0cc600000, 0x00007fd102e90000, 0x00007fd621b50000)
  eden space 714816K,   0% used [0x00007fd0cc600000, 0x00007fd0cc600000, 0x00007fd0f8010000)
  from space 89344K,  10% used [0x00007fd0f8010000, 0x00007fd0f899f7a8, 0x00007fd0fd750000)
  to   space 89344K,   0% used [0x00007fd0fd750000, 0x00007fd0fd750000, 0x00007fd102e90000)
 tenured generation   total 1786940K, used 1779592K [0x00007fd621b50000, 0x00007fd68ec5f000, 0x00007fe0cc600000)
   the space 1786940K,  99% used [0x00007fd621b50000, 0x00007fd68e532068, 0x00007fd68e532200, 0x00007fd68ec5f000)
 Metaspace       used 24254K, capacity 24704K, committed 24832K, reserved 26624K
}
Event: 645.867 GC heap before
{Heap before GC invocations=780 (full 3):
 def new generation   total 804160K, used 712585K [0x00007fd0cc600000, 0x00007fd102e90000, 0x00007fd621b50000)
  eden space 714816K,  98% used [0x00007fd0cc600000, 0x00007fd0f7452e88, 0x00007fd0f8010000)
  from space 89344K,  10% used [0x00007fd0f8010000, 0x00007fd0f899f7a8, 0x00007fd0fd750000)
  to   space 89344K,   0% used [0x00007fd0fd750000, 0x00007fd0fd750000, 0x00007fd102e90000)
 tenured generation   total 1786940K, used 1779592K [0x00007fd621b50000, 0x00007fd68ec5f000, 0x00007fe0cc600000)
   the space 1786940K,  99% used [0x00007fd621b50000, 0x00007fd68e532068, 0x00007fd68e532200, 0x00007fd68ec5f000)
 Metaspace       used 24254K, capacity 24704K, committed 24832K, reserved 26624K
}
Event: 645.885 GC heap after
{Heap after GC invocations=781 (full 3):
 def new generation   total 804160K, used 13891K [0x00007fd0cc600000, 0x00007fd102e90000, 0x00007fd621b50000)
  eden space 714816K,   0% used [0x00007fd0cc600000, 0x00007fd0cc600000, 0x00007fd0f8010000)
  from space 89344K,  15% used [0x00007fd0fd750000, 0x00007fd0fe4e0de8, 0x00007fd102e90000)
  to   space 89344K,   0% used [0x00007fd0f8010000, 0x00007fd0f8010000, 0x00007fd0fd750000)
 tenured generation   total 1786940K, used 1779592K [0x00007fd621b50000, 0x00007fd68ec5f000, 0x00007fe0cc600000)
   the space 1786940K,  99% used [0x00007fd621b50000, 0x00007fd68e532068, 0x00007fd68e532200, 0x00007fd68ec5f000)
 Metaspace       used 24254K, capacity 24704K, committed 24832K, reserved 26624K
}
Event: 646.804 GC heap before
{Heap before GC invocations=781 (full 3):
 def new generation   total 804160K, used 728707K [0x00007fd0cc600000, 0x00007fd102e90000, 0x00007fd621b50000)
  eden space 714816K, 100% used [0x00007fd0cc600000, 0x00007fd0f8010000, 0x00007fd0f8010000)
  from space 89344K,  15% used [0x00007fd0fd750000, 0x00007fd0fe4e0de8, 0x00007fd102e90000)
  to   space 89344K,   0% used [0x00007fd0f8010000, 0x00007fd0f8010000, 0x00007fd0fd750000)
 tenured generation   total 1786940K, used 1779592K [0x00007fd621b50000, 0x00007fd68ec5f000, 0x00007fe0cc600000)
   the space 1786940K,  99% used [0x00007fd621b50000, 0x00007fd68e532068, 0x00007fd68e532200, 0x00007fd68ec5f000)
 Metaspace       used 24254K, capacity 24704K, committed 24832K, reserved 26624K
}
Event: 646.829 GC heap after
{Heap after GC invocations=782 (full 3):
 def new generation   total 804160K, used 16456K [0x00007fd0cc600000, 0x00007fd102e90000, 0x00007fd621b50000)
  eden space 714816K,   0% used [0x00007fd0cc600000, 0x00007fd0cc600000, 0x00007fd0f8010000)
  from space 89344K,  18% used [0x00007fd0f8010000, 0x00007fd0f9022300, 0x00007fd0fd750000)
  to   space 89344K,   0% used [0x00007fd0fd750000, 0x00007fd0fd750000, 0x00007fd102e90000)
 tenured generation   total 1786940K, used 1779592K [0x00007fd621b50000, 0x00007fd68ec5f000, 0x00007fe0cc600000)
   the space 1786940K,  99% used [0x00007fd621b50000, 0x00007fd68e532068, 0x00007fd68e532200, 0x00007fd68ec5f000)
 Metaspace       used 24254K, capacity 24704K, committed 24832K, reserved 26624K
}
Event: 647.516 GC heap before
{Heap before GC invocations=782 (full 3):
 def new generation   total 804160K, used 731272K [0x00007fd0cc600000, 0x00007fd102e90000, 0x00007fd621b50000)
  eden space 714816K, 100% used [0x00007fd0cc600000, 0x00007fd0f8010000, 0x00007fd0f8010000)
  from space 89344K,  18% used [0x00007fd0f8010000, 0x00007fd0f9022300, 0x00007fd0fd750000)
  to   space 89344K,   0% used [0x00007fd0fd750000, 0x00007fd0fd750000, 0x00007fd102e90000)
 tenured generation   total 1786940K, used 1779592K [0x00007fd621b50000, 0x00007fd68ec5f000, 0x00007fe0cc600000)
   the space 1786940K,  99% used [0x00007fd621b50000, 0x00007fd68e532068, 0x00007fd68e532200, 0x00007fd68ec5f000)
 Metaspace       used 24254K, capacity 24704K, committed 24832K, reserved 26624K
}
Event: 647.542 GC heap after
{Heap after GC invocations=783 (full 3):
 def new generation   total 804160K, used 16442K [0x00007fd0cc600000, 0x00007fd102e90000, 0x00007fd621b50000)
  eden space 714816K,   0% used [0x00007fd0cc600000, 0x00007fd0cc600000, 0x00007fd0f8010000)
  from space 89344K,  18% used [0x00007fd0fd750000, 0x00007fd0fe75ebe0, 0x00007fd102e90000)
  to   space 89344K,   0% used [0x00007fd0f8010000, 0x00007fd0f8010000, 0x00007fd0fd750000)
 tenured generation   total 1786940K, used 1779592K [0x00007fd621b50000, 0x00007fd68ec5f000, 0x00007fe0cc600000)
   the space 1786940K,  99% used [0x00007fd621b50000, 0x00007fd68e532068, 0x00007fd68e532200, 0x00007fd68ec5f000)
 Metaspace       used 24254K, capacity 24704K, committed 24832K, reserved 26624K
}
Event: 648.256 GC heap before
{Heap before GC invocations=783 (full 3):
 def new generation   total 804160K, used 731258K [0x00007fd0cc600000, 0x00007fd102e90000, 0x00007fd621b50000)
  eden space 714816K, 100% used [0x00007fd0cc600000, 0x00007fd0f8010000, 0x00007fd0f8010000)
  from space 89344K,  18% used [0x00007fd0fd750000, 0x00007fd0fe75ebe0, 0x00007fd102e90000)
  to   space 89344K,   0% used [0x00007fd0f8010000, 0x00007fd0f8010000, 0x00007fd0fd750000)
 tenured generation   total 1786940K, used 1779592K [0x00007fd621b50000, 0x00007fd68ec5f000, 0x00007fe0cc600000)
   the space 1786940K,  99% used [0x00007fd621b50000, 0x00007fd68e532068, 0x00007fd68e532200, 0x00007fd68ec5f000)
 Metaspace       used 24254K, capacity 24704K, committed 24832K, reserved 26624K
}
Event: 648.308 GC heap after
{Heap after GC invocations=784 (full 3):
 def new generation   total 804160K, used 16462K [0x00007fd0cc600000, 0x00007fd102e90000, 0x00007fd621b50000)
  eden space 714816K,   0% used [0x00007fd0cc600000, 0x00007fd0cc600000, 0x00007fd0f8010000)
  from space 89344K,  18% used [0x00007fd0f8010000, 0x00007fd0f90238b8, 0x00007fd0fd750000)
  to   space 89344K,   0% used [0x00007fd0fd750000, 0x00007fd0fd750000, 0x00007fd102e90000)
 tenured generation   total 1786940K, used 1779592K [0x00007fd621b50000, 0x00007fd68ec5f000, 0x00007fe0cc600000)
   the space 1786940K,  99% used [0x00007fd621b50000, 0x00007fd68e532068, 0x00007fd68e532200, 0x00007fd68ec5f000)
 Metaspace       used 24254K, capacity 24704K, committed 24832K, reserved 26624K
}
Event: 649.353 GC heap before
{Heap before GC invocations=784 (full 3):
 def new generation   total 804160K, used 731278K [0x00007fd0cc600000, 0x00007fd102e90000, 0x00007fd621b50000)
  eden space 714816K, 100% used [0x00007fd0cc600000, 0x00007fd0f8010000, 0x00007fd0f8010000)
  from space 89344K,  18% used [0x00007fd0f8010000, 0x00007fd0f90238b8, 0x00007fd0fd750000)
  to   space 89344K,   0% used [0x00007fd0fd750000, 0x00007fd0fd750000, 0x00007fd102e90000)
 tenured generation   total 1786940K, used 1779592K [0x00007fd621b50000, 0x00007fd68ec5f000, 0x00007fe0cc600000)
   the space 1786940K,  99% used [0x00007fd621b50000, 0x00007fd68e532068, 0x00007fd68e532200, 0x00007fd68ec5f000)
 Metaspace       used 24254K, capacity 24704K, committed 24832K, reserved 26624K
}
Event: 649.394 GC heap after
{Heap after GC invocations=785 (full 3):
 def new generation   total 804160K, used 39046K [0x00007fd0cc600000, 0x00007fd102e90000, 0x00007fd621b50000)
  eden space 714816K,   0% used [0x00007fd0cc600000, 0x00007fd0cc600000, 0x00007fd0f8010000)
  from space 89344K,  43% used [0x00007fd0fd750000, 0x00007fd0ffd71980, 0x00007fd102e90000)
  to   space 89344K,   0% used [0x00007fd0f8010000, 0x00007fd0f8010000, 0x00007fd0fd750000)
 tenured generation   total 1786940K, used 1779592K [0x00007fd621b50000, 0x00007fd68ec5f000, 0x00007fe0cc600000)
   the space 1786940K,  99% used [0x00007fd621b50000, 0x00007fd68e532068, 0x00007fd68e532200, 0x00007fd68ec5f000)
 Metaspace       used 24254K, capacity 24704K, committed 24832K, reserved 26624K
}
Event: 650.453 GC heap before
{Heap before GC invocations=785 (full 3):
 def new generation   total 804160K, used 741867K [0x00007fd0cc600000, 0x00007fd102e90000, 0x00007fd621b50000)
  eden space 714816K,  98% used [0x00007fd0cc600000, 0x00007fd0f74592e8, 0x00007fd0f8010000)
  from space 89344K,  43% used [0x00007fd0fd750000, 0x00007fd0ffd71980, 0x00007fd102e90000)
  to   space 89344K,   0% used [0x00007fd0f8010000, 0x00007fd0f8010000, 0x00007fd0fd750000)
 tenured generation   total 1786940K, used 1779592K [0x00007fd621b50000, 0x00007fd68ec5f000, 0x00007fe0cc600000)
   the space 1786940K,  99% used [0x00007fd621b50000, 0x00007fd68e532068, 0x00007fd68e532200, 0x00007fd68ec5f000)
 Metaspace       used 24254K, capacity 24704K, committed 24832K, reserved 26624K
}
Event: 650.508 GC heap after
{Heap after GC invocations=786 (full 3):
 def new generation   total 804160K, used 57023K [0x00007fd0cc600000, 0x00007fd102e90000, 0x00007fd621b50000)
  eden space 714816K,   0% used [0x00007fd0cc600000, 0x00007fd0cc600000, 0x00007fd0f8010000)
  from space 89344K,  63% used [0x00007fd0f8010000, 0x00007fd0fb7bffc8, 0x00007fd0fd750000)
  to   space 89344K,   0% used [0x00007fd0fd750000, 0x00007fd0fd750000, 0x00007fd102e90000)
 tenured generation   total 1786940K, used 1779592K [0x00007fd621b50000, 0x00007fd68ec5f000, 0x00007fe0cc600000)
   the space 1786940K,  99% used [0x00007fd621b50000, 0x00007fd68e532068, 0x00007fd68e532200, 0x00007fd68ec5f000)
 Metaspace       used 24254K, capacity 24704K, committed 24832K, reserved 26624K
}
Event: 651.544 GC heap before
{Heap before GC invocations=786 (full 3):
 def new generation   total 804160K, used 767671K [0x00007fd0cc600000, 0x00007fd102e90000, 0x00007fd621b50000)
  eden space 714816K,  99% used [0x00007fd0cc600000, 0x00007fd0f7bfdfb0, 0x00007fd0f8010000)
  from space 89344K,  63% used [0x00007fd0f8010000, 0x00007fd0fb7bffc8, 0x00007fd0fd750000)
  to   space 89344K,   0% used [0x00007fd0fd750000, 0x00007fd0fd750000, 0x00007fd102e90000)
 tenured generation   total 1786940K, used 1779592K [0x00007fd621b50000, 0x00007fd68ec5f000, 0x00007fe0cc600000)
   the space 1786940K,  99% used [0x00007fd621b50000, 0x00007fd68e532068, 0x00007fd68e532200, 0x00007fd68ec5f000)
 Metaspace       used 24254K, capacity 24704K, committed 24832K, reserved 26624K
}
Event: 651.646 GC heap after
{Heap after GC invocations=787 (full 3):
 def new generation   total 804160K, used 8241K [0x00007fd0cc600000, 0x00007fd102e90000, 0x00007fd621b50000)
  eden space 714816K,   0% used [0x00007fd0cc600000, 0x00007fd0cc600000, 0x00007fd0f8010000)
  from space 89344K,   9% used [0x00007fd0fd750000, 0x00007fd0fdf5c4f8, 0x00007fd102e90000)
  to   space 89344K,   0% used [0x00007fd0f8010000, 0x00007fd0f8010000, 0x00007fd0fd750000)
 tenured generation   total 1819716K, used 1816071K [0x00007fd621b50000, 0x00007fd690c61000, 0x00007fe0cc600000)
   the space 1819716K,  99% used [0x00007fd621b50000, 0x00007fd6908d1dd0, 0x00007fd6908d1e00, 0x00007fd690c61000)
 Metaspace       used 24254K, capacity 24704K, committed 24832K, reserved 26624K
}
Event: 651.646 GC heap before
{Heap before GC invocations=787 (full 3):
 def new generation   total 804160K, used 8241K [0x00007fd0cc600000, 0x00007fd102e90000, 0x00007fd621b50000)
  eden space 714816K,   0% used [0x00007fd0cc600000, 0x00007fd0cc600000, 0x00007fd0f8010000)
  from space 89344K,   9% used [0x00007fd0fd750000, 0x00007fd0fdf5c4f8, 0x00007fd102e90000)
  to   space 89344K,   0% used [0x00007fd0f8010000, 0x00007fd0f8010000, 0x00007fd0fd750000)
 tenured generation   total 1819716K, used 1816071K [0x00007fd621b50000, 0x00007fd690c61000, 0x00007fe0cc600000)
   the space 1819716K,  99% used [0x00007fd621b50000, 0x00007fd6908d1dd0, 0x00007fd6908d1e00, 0x00007fd690c61000)
 Metaspace       used 24254K, capacity 24704K, committed 24832K, reserved 26624K
}

