# JRE version: OpenJDK Runtime Environment (13.0.7+5) (build 13.0.7+5-Ubuntu-0ubuntu120.04)
# Java VM: OpenJDK 64-Bit Server VM (13.0.7+5-Ubuntu-0ubuntu120.04, mixed mode, tiered, compressed oops, serial gc, linux-amd64)
Heap:
 def new generation   total 1899648K, used 0K [0x0000000080200000, 0x0000000100f30000, 0x0000000300150000)
  eden space 1688640K,   0% used [0x0000000080200000, 0x0000000080200000, 0x00000000e7310000)
  from space 211008K,   0% used [0x00000000e7310000, 0x00000000e7310000, 0x00000000f4120000)
  to   space 211008K,   0% used [0x00000000f4120000, 0x00000000f4120000, 0x0000000100f30000)
 tenured generation   total 4273044K, used 2904105K [0x0000000300150000, 0x0000000404e35000, 0x0000000800000000)
   the space 4273044K,  67% used [0x0000000300150000, 0x00000003b155a778, 0x00000003b155a800, 0x0000000404e35000)
 Metaspace       used 22762K, capacity 23297K, committed 23680K, reserved 1071104K
  class space    used 2354K, capacity 2568K, committed 2688K, reserved 1048576K
GC Heap History (20 events):
Event: 770.584 GC heap after
{Heap after GC invocations=640 (full 22):
 def new generation   total 1899648K, used 186750K [0x0000000080200000, 0x0000000100f30000, 0x0000000300150000)
  eden space 1688640K,   0% used [0x0000000080200000, 0x0000000080200000, 0x00000000e7310000)
  from space 211008K,  88% used [0x00000000f4120000, 0x00000000ff77fba8, 0x0000000100f30000)
  to   space 211008K,   0% used [0x00000000e7310000, 0x00000000e7310000, 0x00000000f4120000)
 tenured generation   total 4221176K, used 3905363K [0x0000000300150000, 0x0000000401b8e000, 0x0000000800000000)
   the space 4221176K,  92% used [0x0000000300150000, 0x00000003ee724d08, 0x00000003ee724e00, 0x0000000401b8e000)
 Metaspace       used 22762K, capacity 23297K, committed 23680K, reserved 1071104K
  class space    used 2354K, capacity 2568K, committed 2688K, reserved 1048576K
}
Event: 771.984 GC heap before
{Heap before GC invocations=640 (full 22):
 def new generation   total 1899648K, used 1875390K [0x0000000080200000, 0x0000000100f30000, 0x0000000300150000)
  eden space 1688640K, 100% used [0x0000000080200000, 0x00000000e7310000, 0x00000000e7310000)
  from space 211008K,  88% used [0x00000000f4120000, 0x00000000ff77fba8, 0x0000000100f30000)
  to   space 211008K,   0% used [0x00000000e7310000, 0x00000000e7310000, 0x00000000f4120000)
 tenured generation   total 4221176K, used 3905363K [0x0000000300150000, 0x0000000401b8e000, 0x0000000800000000)
   the space 4221176K,  92% used [0x0000000300150000, 0x00000003ee724d08, 0x00000003ee724e00, 0x0000000401b8e000)
 Metaspace       used 22762K, capacity 23297K, committed 23680K, reserved 1071104K
  class space    used 2354K, capacity 2568K, committed 2688K, reserved 1048576K
}
Event: 772.207 GC heap after
{Heap after GC invocations=641 (full 22):
 def new generation   total 1899648K, used 202578K [0x0000000080200000, 0x0000000100f30000, 0x0000000300150000)
  eden space 1688640K,   0% used [0x0000000080200000, 0x0000000080200000, 0x00000000e7310000)
  from space 211008K,  96% used [0x00000000e7310000, 0x00000000f38e4bc0, 0x00000000f4120000)
  to   space 211008K,   0% used [0x00000000f4120000, 0x00000000f4120000, 0x0000000100f30000)
 tenured generation   total 4221176K, used 3990553K [0x0000000300150000, 0x0000000401b8e000, 0x0000000800000000)
   the space 4221176K,  94% used [0x0000000300150000, 0x00000003f3a567a0, 0x00000003f3a56800, 0x0000000401b8e000)
 Metaspace       used 22762K, capacity 23297K, committed 23680K, reserved 1071104K
  class space    used 2354K, capacity 2568K, committed 2688K, reserved 1048576K
}
Event: 773.636 GC heap before
{Heap before GC invocations=641 (full 22):
 def new generation   total 1899648K, used 1891218K [0x0000000080200000, 0x0000000100f30000, 0x0000000300150000)
  eden space 1688640K, 100% used [0x0000000080200000, 0x00000000e7310000, 0x00000000e7310000)
  from space 211008K,  96% used [0x00000000e7310000, 0x00000000f38e4bc0, 0x00000000f4120000)
  to   space 211008K,   0% used [0x00000000f4120000, 0x00000000f4120000, 0x0000000100f30000)
 tenured generation   total 4221176K, used 3990553K [0x0000000300150000, 0x0000000401b8e000, 0x0000000800000000)
   the space 4221176K,  94% used [0x0000000300150000, 0x00000003f3a567a0, 0x00000003f3a56800, 0x0000000401b8e000)
 Metaspace       used 22762K, capacity 23297K, committed 23680K, reserved 1071104K
  class space    used 2354K, capacity 2568K, committed 2688K, reserved 1048576K
}
Event: 773.720 GC heap after
{Heap after GC invocations=642 (full 22):
 def new generation   total 1899648K, used 124542K [0x0000000080200000, 0x0000000100f30000, 0x0000000300150000)
  eden space 1688640K,   0% used [0x0000000080200000, 0x0000000080200000, 0x00000000e7310000)
  from space 211008K,  59% used [0x00000000f4120000, 0x00000000fbabfb08, 0x0000000100f30000)
  to   space 211008K,   0% used [0x00000000e7310000, 0x00000000e7310000, 0x00000000f4120000)
 tenured generation   total 4221176K, used 3999322K [0x0000000300150000, 0x0000000401b8e000, 0x0000000800000000)
   the space 4221176K,  94% used [0x0000000300150000, 0x00000003f42e6830, 0x00000003f42e6a00, 0x0000000401b8e000)
 Metaspace       used 22762K, capacity 23297K, committed 23680K, reserved 1071104K
  class space    used 2354K, capacity 2568K, committed 2688K, reserved 1048576K
}
Event: 775.162 GC heap before
{Heap before GC invocations=642 (full 22):
 def new generation   total 1899648K, used 1813182K [0x0000000080200000, 0x0000000100f30000, 0x0000000300150000)
  eden space 1688640K, 100% used [0x0000000080200000, 0x00000000e7310000, 0x00000000e7310000)
  from space 211008K,  59% used [0x00000000f4120000, 0x00000000fbabfb08, 0x0000000100f30000)
  to   space 211008K,   0% used [0x00000000e7310000, 0x00000000e7310000, 0x00000000f4120000)
 tenured generation   total 4221176K, used 3999322K [0x0000000300150000, 0x0000000401b8e000, 0x0000000800000000)
   the space 4221176K,  94% used [0x0000000300150000, 0x00000003f42e6830, 0x00000003f42e6a00, 0x0000000401b8e000)
 Metaspace       used 22762K, capacity 23297K, committed 23680K, reserved 1071104K
  class space    used 2354K, capacity 2568K, committed 2688K, reserved 1048576K
}
Event: 775.371 GC heap after
{Heap after GC invocations=643 (full 22):
 def new generation   total 1899648K, used 101549K [0x0000000080200000, 0x0000000100f30000, 0x0000000300150000)
  eden space 1688640K,   0% used [0x0000000080200000, 0x0000000080200000, 0x00000000e7310000)
  from space 211008K,  48% used [0x00000000e7310000, 0x00000000ed63b4d8, 0x00000000f4120000)
  to   space 211008K,   0% used [0x00000000f4120000, 0x00000000f4120000, 0x0000000100f30000)
 tenured generation   total 4221176K, used 4123339K [0x0000000300150000, 0x0000000401b8e000, 0x0000000800000000)
   the space 4221176K,  97% used [0x0000000300150000, 0x00000003fbc02dc0, 0x00000003fbc02e00, 0x0000000401b8e000)
 Metaspace       used 22762K, capacity 23297K, committed 23680K, reserved 1071104K
  class space    used 2354K, capacity 2568K, committed 2688K, reserved 1048576K
}
Event: 776.848 GC heap before
{Heap before GC invocations=643 (full 22):
 def new generation   total 1899648K, used 1790189K [0x0000000080200000, 0x0000000100f30000, 0x0000000300150000)
  eden space 1688640K, 100% used [0x0000000080200000, 0x00000000e7310000, 0x00000000e7310000)
  from space 211008K,  48% used [0x00000000e7310000, 0x00000000ed63b4d8, 0x00000000f4120000)
  to   space 211008K,   0% used [0x00000000f4120000, 0x00000000f4120000, 0x0000000100f30000)
 tenured generation   total 4221176K, used 4123339K [0x0000000300150000, 0x0000000401b8e000, 0x0000000800000000)
   the space 4221176K,  97% used [0x0000000300150000, 0x00000003fbc02dc0, 0x00000003fbc02e00, 0x0000000401b8e000)
 Metaspace       used 22762K, capacity 23297K, committed 23680K, reserved 1071104K
  class space    used 2354K, capacity 2568K, committed 2688K, reserved 1048576K
}
Event: 776.903 GC heap after
{Heap after GC invocations=644 (full 22):
 def new generation   total 1899648K, used 71117K [0x0000000080200000, 0x0000000100f30000, 0x0000000300150000)
  eden space 1688640K,   0% used [0x0000000080200000, 0x0000000080200000, 0x00000000e7310000)
  from space 211008K,  33% used [0x00000000f4120000, 0x00000000f8693778, 0x0000000100f30000)
  to   space 211008K,   0% used [0x00000000e7310000, 0x00000000e7310000, 0x00000000f4120000)
 tenured generation   total 4221176K, used 4123339K [0x0000000300150000, 0x0000000401b8e000, 0x0000000800000000)
   the space 4221176K,  97% used [0x0000000300150000, 0x00000003fbc02dc0, 0x00000003fbc02e00, 0x0000000401b8e000)
 Metaspace       used 22762K, capacity 23297K, committed 23680K, reserved 1071104K
  class space    used 2354K, capacity 2568K, committed 2688K, reserved 1048576K
}
Event: 778.322 GC heap before
{Heap before GC invocations=644 (full 22):
 def new generation   total 1899648K, used 1759757K [0x0000000080200000, 0x0000000100f30000, 0x0000000300150000)
  eden space 1688640K, 100% used [0x0000000080200000, 0x00000000e7310000, 0x00000000e7310000)
  from space 211008K,  33% used [0x00000000f4120000, 0x00000000f8693778, 0x0000000100f30000)
  to   space 211008K,   0% used [0x00000000e7310000, 0x00000000e7310000, 0x00000000f4120000)
 tenured generation   total 4221176K, used 4123339K [0x0000000300150000, 0x0000000401b8e000, 0x0000000800000000)
   the space 4221176K,  97% used [0x0000000300150000, 0x00000003fbc02dc0, 0x00000003fbc02e00, 0x0000000401b8e000)
 Metaspace       used 22762K, capacity 23297K, committed 23680K, reserved 1071104K
  class space    used 2354K, capacity 2568K, committed 2688K, reserved 1048576K
}
Event: 778.432 GC heap after
{Heap after GC invocations=645 (full 22):
 def new generation   total 1899648K, used 172141K [0x0000000080200000, 0x0000000100f30000, 0x0000000300150000)
  eden space 1688640K,   0% used [0x0000000080200000, 0x0000000080200000, 0x00000000e7310000)
  from space 211008K,  81% used [0x00000000e7310000, 0x00000000f1b2b668, 0x00000000f4120000)
  to   space 211008K,   0% used [0x00000000f4120000, 0x00000000f4120000, 0x0000000100f30000)
 tenured generation   total 4221176K, used 4123339K [0x0000000300150000, 0x0000000401b8e000, 0x0000000800000000)
   the space 4221176K,  97% used [0x0000000300150000, 0x00000003fbc02dc0, 0x00000003fbc02e00, 0x0000000401b8e000)
 Metaspace       used 22762K, capacity 23297K, committed 23680K, reserved 1071104K
  class space    used 2354K, capacity 2568K, committed 2688K, reserved 1048576K
}
Event: 779.842 GC heap before
{Heap before GC invocations=645 (full 22):
 def new generation   total 1899648K, used 1860781K [0x0000000080200000, 0x0000000100f30000, 0x0000000300150000)
  eden space 1688640K, 100% used [0x0000000080200000, 0x00000000e7310000, 0x00000000e7310000)
  from space 211008K,  81% used [0x00000000e7310000, 0x00000000f1b2b668, 0x00000000f4120000)
  to   space 211008K,   0% used [0x00000000f4120000, 0x00000000f4120000, 0x0000000100f30000)
 tenured generation   total 4221176K, used 4123339K [0x0000000300150000, 0x0000000401b8e000, 0x0000000800000000)
   the space 4221176K,  97% used [0x0000000300150000, 0x00000003fbc02dc0, 0x00000003fbc02e00, 0x0000000401b8e000)
 Metaspace       used 22762K, capacity 23297K, committed 23680K, reserved 1071104K
  class space    used 2354K, capacity 2568K, committed 2688K, reserved 1048576K
}
Event: 780.043 GC heap after
{Heap after GC invocations=646 (full 22):
 def new generation   total 1899648K, used 202079K [0x0000000080200000, 0x0000000100f30000, 0x0000000300150000)
  eden space 1688640K,   0% used [0x0000000080200000, 0x0000000080200000, 0x00000000e7310000)
  from space 211008K,  95% used [0x00000000f4120000, 0x0000000100677d70, 0x0000000100f30000)
  to   space 211008K,   0% used [0x00000000e7310000, 0x00000000e7310000, 0x00000000f4120000)
 tenured generation   total 4221176K, used 4193934K [0x0000000300150000, 0x0000000401b8e000, 0x0000000800000000)
   the space 4221176K,  99% used [0x0000000300150000, 0x00000004000f3930, 0x00000004000f3a00, 0x0000000401b8e000)
 Metaspace       used 22762K, capacity 23297K, committed 23680K, reserved 1071104K
  class space    used 2354K, capacity 2568K, committed 2688K, reserved 1048576K
}
Event: 781.435 GC heap before
{Heap before GC invocations=646 (full 22):
 def new generation   total 1899648K, used 1890719K [0x0000000080200000, 0x0000000100f30000, 0x0000000300150000)
  eden space 1688640K, 100% used [0x0000000080200000, 0x00000000e7310000, 0x00000000e7310000)
  from space 211008K,  95% used [0x00000000f4120000, 0x0000000100677d70, 0x0000000100f30000)
  to   space 211008K,   0% used [0x00000000e7310000, 0x00000000e7310000, 0x00000000f4120000)
 tenured generation   total 4221176K, used 4193934K [0x0000000300150000, 0x0000000401b8e000, 0x0000000800000000)
   the space 4221176K,  99% used [0x0000000300150000, 0x00000004000f3930, 0x00000004000f3a00, 0x0000000401b8e000)
 Metaspace       used 22762K, capacity 23297K, committed 23680K, reserved 1071104K
  class space    used 2354K, capacity 2568K, committed 2688K, reserved 1048576K
}
Event: 781.480 GC heap after
{Heap after GC invocations=647 (full 22):
 def new generation   total 1899648K, used 78952K [0x0000000080200000, 0x0000000100f30000, 0x0000000300150000)
  eden space 1688640K,   0% used [0x0000000080200000, 0x0000000080200000, 0x00000000e7310000)
  from space 211008K,  37% used [0x00000000e7310000, 0x00000000ec02a0f8, 0x00000000f4120000)
  to   space 211008K,   0% used [0x00000000f4120000, 0x00000000f4120000, 0x0000000100f30000)
 tenured generation   total 4221176K, used 4194457K [0x0000000300150000, 0x0000000401b8e000, 0x0000000800000000)
   the space 4221176K,  99% used [0x0000000300150000, 0x00000004001766b0, 0x0000000400176800, 0x0000000401b8e000)
 Metaspace       used 22762K, capacity 23297K, committed 23680K, reserved 1071104K
  class space    used 2354K, capacity 2568K, committed 2688K, reserved 1048576K
}
Event: 782.886 GC heap before
{Heap before GC invocations=647 (full 22):
 def new generation   total 1899648K, used 1767592K [0x0000000080200000, 0x0000000100f30000, 0x0000000300150000)
  eden space 1688640K, 100% used [0x0000000080200000, 0x00000000e7310000, 0x00000000e7310000)
  from space 211008K,  37% used [0x00000000e7310000, 0x00000000ec02a0f8, 0x00000000f4120000)
  to   space 211008K,   0% used [0x00000000f4120000, 0x00000000f4120000, 0x0000000100f30000)
 tenured generation   total 4221176K, used 4194457K [0x0000000300150000, 0x0000000401b8e000, 0x0000000800000000)
   the space 4221176K,  99% used [0x0000000300150000, 0x00000004001766b0, 0x0000000400176800, 0x0000000401b8e000)
 Metaspace       used 22762K, capacity 23297K, committed 23680K, reserved 1071104K
  class space    used 2354K, capacity 2568K, committed 2688K, reserved 1048576K
}
Event: 783.008 GC heap after
{Heap after GC invocations=648 (full 22):
 def new generation   total 1899648K, used 179486K [0x0000000080200000, 0x0000000100f30000, 0x0000000300150000)
  eden space 1688640K,   0% used [0x0000000080200000, 0x0000000080200000, 0x00000000e7310000)
  from space 211008K,  85% used [0x00000000f4120000, 0x00000000ff067bb0, 0x0000000100f30000)
  to   space 211008K,   0% used [0x00000000e7310000, 0x00000000e7310000, 0x00000000f4120000)
 tenured generation   total 4221176K, used 4194457K [0x0000000300150000, 0x0000000401b8e000, 0x0000000800000000)
   the space 4221176K,  99% used [0x0000000300150000, 0x00000004001766b0, 0x0000000400176800, 0x0000000401b8e000)
 Metaspace       used 22762K, capacity 23297K, committed 23680K, reserved 1071104K
  class space    used 2354K, capacity 2568K, committed 2688K, reserved 1048576K
}
Event: 784.707 GC heap before
{Heap before GC invocations=648 (full 22):
 def new generation   total 1899648K, used 1868126K [0x0000000080200000, 0x0000000100f30000, 0x0000000300150000)
  eden space 1688640K, 100% used [0x0000000080200000, 0x00000000e7310000, 0x00000000e7310000)
  from space 211008K,  85% used [0x00000000f4120000, 0x00000000ff067bb0, 0x0000000100f30000)
  to   space 211008K,   0% used [0x00000000e7310000, 0x00000000e7310000, 0x00000000f4120000)
 tenured generation   total 4221176K, used 4194457K [0x0000000300150000, 0x0000000401b8e000, 0x0000000800000000)
   the space 4221176K,  99% used [0x0000000300150000, 0x00000004001766b0, 0x0000000400176800, 0x0000000401b8e000)
 Metaspace       used 22762K, capacity 23297K, committed 23680K, reserved 1071104K
  class space    used 2354K, capacity 2568K, committed 2688K, reserved 1048576K
}
Event: 784.995 GC heap after
{Heap after GC invocations=649 (full 22):
 def new generation   total 1899648K, used 202578K [0x0000000080200000, 0x0000000100f30000, 0x0000000300150000)
  eden space 1688640K,   0% used [0x0000000080200000, 0x0000000080200000, 0x00000000e7310000)
  from space 211008K,  96% used [0x00000000e7310000, 0x00000000f38e4bc0, 0x00000000f4120000)
  to   space 211008K,   0% used [0x00000000f4120000, 0x00000000f4120000, 0x0000000100f30000)
 tenured generation   total 4273044K, used 4272893K [0x0000000300150000, 0x0000000404e35000, 0x0000000800000000)
   the space 4273044K,  99% used [0x0000000300150000, 0x0000000404e0f690, 0x0000000404e0f800, 0x0000000404e35000)
 Metaspace       used 22762K, capacity 23297K, committed 23680K, reserved 1071104K
  class space    used 2354K, capacity 2568K, committed 2688K, reserved 1048576K
}
Event: 784.995 GC heap before
{Heap before GC invocations=649 (full 22):
 def new generation   total 1899648K, used 202578K [0x0000000080200000, 0x0000000100f30000, 0x0000000300150000)
  eden space 1688640K,   0% used [0x0000000080200000, 0x0000000080200000, 0x00000000e7310000)
  from space 211008K,  96% used [0x00000000e7310000, 0x00000000f38e4bc0, 0x00000000f4120000)
  to   space 211008K,   0% used [0x00000000f4120000, 0x00000000f4120000, 0x0000000100f30000)
 tenured generation   total 4273044K, used 4272893K [0x0000000300150000, 0x0000000404e35000, 0x0000000800000000)
   the space 4273044K,  99% used [0x0000000300150000, 0x0000000404e0f690, 0x0000000404e0f800, 0x0000000404e35000)
 Metaspace       used 22762K, capacity 23297K, committed 23680K, reserved 1071104K
  class space    used 2354K, capacity 2568K, committed 2688K, reserved 1048576K
}

