# JRE version: OpenJDK Runtime Environment (13.0.7+5) (build 13.0.7+5-Ubuntu-0ubuntu120.04)
# Java VM: OpenJDK 64-Bit Server VM (13.0.7+5-Ubuntu-0ubuntu120.04, mixed mode, tiered, serial gc, linux-amd64)
Heap:
 def new generation   total 1653504K, used 96624K [0x00007f5d38600000, 0x00007f5da8820000, 0x00007f67e30a0000)
  eden space 1469824K,   6% used [0x00007f5d38600000, 0x00007f5d3e45c390, 0x00007f5d92160000)
  from space 183680K,   0% used [0x00007f5d9d4c0000, 0x00007f5d9d4c0000, 0x00007f5da8820000)
  to   space 183680K,   0% used [0x00007f5d92160000, 0x00007f5d92160000, 0x00007f5d9d4c0000)
 tenured generation   total 3690672K, used 3683040K [0x00007f67e30a0000, 0x00007f68c44cc000, 0x00007f7d38600000)
   the space 3690672K,  99% used [0x00007f67e30a0000, 0x00007f68c3d582d0, 0x00007f68c3d58400, 0x00007f68c44cc000)
 Metaspace       used 24279K, capacity 24708K, committed 24832K, reserved 26624K
GC Heap History (20 events):
Event: 1063.627 GC heap after
{Heap after GC invocations=1193 (full 5):
 def new generation   total 1653504K, used 96630K [0x00007f5d38600000, 0x00007f5da8820000, 0x00007f67e30a0000)
  eden space 1469824K,   0% used [0x00007f5d38600000, 0x00007f5d38600000, 0x00007f5d92160000)
  from space 183680K,  52% used [0x00007f5d92160000, 0x00007f5d97fbd968, 0x00007f5d9d4c0000)
  to   space 183680K,   0% used [0x00007f5d9d4c0000, 0x00007f5d9d4c0000, 0x00007f5da8820000)
 tenured generation   total 3674284K, used 3615200K [0x00007f67e30a0000, 0x00007f68c34cb000, 0x00007f7d38600000)
   the space 3674284K,  98% used [0x00007f67e30a0000, 0x00007f68bfb18398, 0x00007f68bfb18400, 0x00007f68c34cb000)
 Metaspace       used 24279K, capacity 24708K, committed 24832K, reserved 26624K
}
Event: 1065.318 GC heap before
{Heap before GC invocations=1193 (full 5):
 def new generation   total 1653504K, used 1566454K [0x00007f5d38600000, 0x00007f5da8820000, 0x00007f67e30a0000)
  eden space 1469824K, 100% used [0x00007f5d38600000, 0x00007f5d92160000, 0x00007f5d92160000)
  from space 183680K,  52% used [0x00007f5d92160000, 0x00007f5d97fbd968, 0x00007f5d9d4c0000)
  to   space 183680K,   0% used [0x00007f5d9d4c0000, 0x00007f5d9d4c0000, 0x00007f5da8820000)
 tenured generation   total 3674284K, used 3615200K [0x00007f67e30a0000, 0x00007f68c34cb000, 0x00007f7d38600000)
   the space 3674284K,  98% used [0x00007f67e30a0000, 0x00007f68bfb18398, 0x00007f68bfb18400, 0x00007f68c34cb000)
 Metaspace       used 24279K, capacity 24708K, committed 24832K, reserved 26624K
}
Event: 1065.407 GC heap after
{Heap after GC invocations=1194 (full 5):
 def new generation   total 1653504K, used 81687K [0x00007f5d38600000, 0x00007f5da8820000, 0x00007f67e30a0000)
  eden space 1469824K,   0% used [0x00007f5d38600000, 0x00007f5d38600000, 0x00007f5d92160000)
  from space 183680K,  44% used [0x00007f5d9d4c0000, 0x00007f5da2485de8, 0x00007f5da8820000)
  to   space 183680K,   0% used [0x00007f5d92160000, 0x00007f5d92160000, 0x00007f5d9d4c0000)
 tenured generation   total 3674284K, used 3632159K [0x00007f67e30a0000, 0x00007f68c34cb000, 0x00007f7d38600000)
   the space 3674284K,  98% used [0x00007f67e30a0000, 0x00007f68c0ba7df0, 0x00007f68c0ba7e00, 0x00007f68c34cb000)
 Metaspace       used 24279K, capacity 24708K, committed 24832K, reserved 26624K
}
Event: 1066.751 GC heap before
{Heap before GC invocations=1194 (full 5):
 def new generation   total 1653504K, used 1551511K [0x00007f5d38600000, 0x00007f5da8820000, 0x00007f67e30a0000)
  eden space 1469824K, 100% used [0x00007f5d38600000, 0x00007f5d92160000, 0x00007f5d92160000)
  from space 183680K,  44% used [0x00007f5d9d4c0000, 0x00007f5da2485de8, 0x00007f5da8820000)
  to   space 183680K,   0% used [0x00007f5d92160000, 0x00007f5d92160000, 0x00007f5d9d4c0000)
 tenured generation   total 3674284K, used 3632159K [0x00007f67e30a0000, 0x00007f68c34cb000, 0x00007f7d38600000)
   the space 3674284K,  98% used [0x00007f67e30a0000, 0x00007f68c0ba7df0, 0x00007f68c0ba7e00, 0x00007f68c34cb000)
 Metaspace       used 24279K, capacity 24708K, committed 24832K, reserved 26624K
}
Event: 1066.799 GC heap after
{Heap after GC invocations=1195 (full 5):
 def new generation   total 1653504K, used 67839K [0x00007f5d38600000, 0x00007f5da8820000, 0x00007f67e30a0000)
  eden space 1469824K,   0% used [0x00007f5d38600000, 0x00007f5d38600000, 0x00007f5d92160000)
  from space 183680K,  36% used [0x00007f5d92160000, 0x00007f5d9639fc30, 0x00007f5d9d4c0000)
  to   space 183680K,   0% used [0x00007f5d9d4c0000, 0x00007f5d9d4c0000, 0x00007f5da8820000)
 tenured generation   total 3674284K, used 3632159K [0x00007f67e30a0000, 0x00007f68c34cb000, 0x00007f7d38600000)
   the space 3674284K,  98% used [0x00007f67e30a0000, 0x00007f68c0ba7df0, 0x00007f68c0ba7e00, 0x00007f68c34cb000)
 Metaspace       used 24279K, capacity 24708K, committed 24832K, reserved 26624K
}
Event: 1068.572 GC heap before
{Heap before GC invocations=1195 (full 5):
 def new generation   total 1653504K, used 1537663K [0x00007f5d38600000, 0x00007f5da8820000, 0x00007f67e30a0000)
  eden space 1469824K, 100% used [0x00007f5d38600000, 0x00007f5d92160000, 0x00007f5d92160000)
  from space 183680K,  36% used [0x00007f5d92160000, 0x00007f5d9639fc30, 0x00007f5d9d4c0000)
  to   space 183680K,   0% used [0x00007f5d9d4c0000, 0x00007f5d9d4c0000, 0x00007f5da8820000)
 tenured generation   total 3674284K, used 3632159K [0x00007f67e30a0000, 0x00007f68c34cb000, 0x00007f7d38600000)
   the space 3674284K,  98% used [0x00007f67e30a0000, 0x00007f68c0ba7df0, 0x00007f68c0ba7e00, 0x00007f68c34cb000)
 Metaspace       used 24279K, capacity 24708K, committed 24832K, reserved 26624K
}
Event: 1068.633 GC heap after
{Heap after GC invocations=1196 (full 5):
 def new generation   total 1653504K, used 96096K [0x00007f5d38600000, 0x00007f5da8820000, 0x00007f67e30a0000)
  eden space 1469824K,   0% used [0x00007f5d38600000, 0x00007f5d38600000, 0x00007f5d92160000)
  from space 183680K,  52% used [0x00007f5d9d4c0000, 0x00007f5da3298258, 0x00007f5da8820000)
  to   space 183680K,   0% used [0x00007f5d92160000, 0x00007f5d92160000, 0x00007f5d9d4c0000)
 tenured generation   total 3674284K, used 3632159K [0x00007f67e30a0000, 0x00007f68c34cb000, 0x00007f7d38600000)
   the space 3674284K,  98% used [0x00007f67e30a0000, 0x00007f68c0ba7df0, 0x00007f68c0ba7e00, 0x00007f68c34cb000)
 Metaspace       used 24279K, capacity 24708K, committed 24832K, reserved 26624K
}
Event: 1069.998 GC heap before
{Heap before GC invocations=1196 (full 5):
 def new generation   total 1653504K, used 1565920K [0x00007f5d38600000, 0x00007f5da8820000, 0x00007f67e30a0000)
  eden space 1469824K, 100% used [0x00007f5d38600000, 0x00007f5d92160000, 0x00007f5d92160000)
  from space 183680K,  52% used [0x00007f5d9d4c0000, 0x00007f5da3298258, 0x00007f5da8820000)
  to   space 183680K,   0% used [0x00007f5d92160000, 0x00007f5d92160000, 0x00007f5d9d4c0000)
 tenured generation   total 3674284K, used 3632159K [0x00007f67e30a0000, 0x00007f68c34cb000, 0x00007f7d38600000)
   the space 3674284K,  98% used [0x00007f67e30a0000, 0x00007f68c0ba7df0, 0x00007f68c0ba7e00, 0x00007f68c34cb000)
 Metaspace       used 24279K, capacity 24708K, committed 24832K, reserved 26624K
}
Event: 1070.069 GC heap after
{Heap after GC invocations=1197 (full 5):
 def new generation   total 1653504K, used 85275K [0x00007f5d38600000, 0x00007f5da8820000, 0x00007f67e30a0000)
  eden space 1469824K,   0% used [0x00007f5d38600000, 0x00007f5d38600000, 0x00007f5d92160000)
  from space 183680K,  46% used [0x00007f5d92160000, 0x00007f5d974a6fc8, 0x00007f5d9d4c0000)
  to   space 183680K,   0% used [0x00007f5d9d4c0000, 0x00007f5d9d4c0000, 0x00007f5da8820000)
 tenured generation   total 3674284K, used 3649118K [0x00007f67e30a0000, 0x00007f68c34cb000, 0x00007f7d38600000)
   the space 3674284K,  99% used [0x00007f67e30a0000, 0x00007f68c1c37848, 0x00007f68c1c37a00, 0x00007f68c34cb000)
 Metaspace       used 24279K, capacity 24708K, committed 24832K, reserved 26624K
}
Event: 1071.693 GC heap before
{Heap before GC invocations=1197 (full 5):
 def new generation   total 1653504K, used 1555099K [0x00007f5d38600000, 0x00007f5da8820000, 0x00007f67e30a0000)
  eden space 1469824K, 100% used [0x00007f5d38600000, 0x00007f5d92160000, 0x00007f5d92160000)
  from space 183680K,  46% used [0x00007f5d92160000, 0x00007f5d974a6fc8, 0x00007f5d9d4c0000)
  to   space 183680K,   0% used [0x00007f5d9d4c0000, 0x00007f5d9d4c0000, 0x00007f5da8820000)
 tenured generation   total 3674284K, used 3649118K [0x00007f67e30a0000, 0x00007f68c34cb000, 0x00007f7d38600000)
   the space 3674284K,  99% used [0x00007f67e30a0000, 0x00007f68c1c37848, 0x00007f68c1c37a00, 0x00007f68c34cb000)
 Metaspace       used 24279K, capacity 24708K, committed 24832K, reserved 26624K
}
Event: 1071.759 GC heap after
{Heap after GC invocations=1198 (full 5):
 def new generation   total 1653504K, used 94040K [0x00007f5d38600000, 0x00007f5da8820000, 0x00007f67e30a0000)
  eden space 1469824K,   0% used [0x00007f5d38600000, 0x00007f5d38600000, 0x00007f5d92160000)
  from space 183680K,  51% used [0x00007f5d9d4c0000, 0x00007f5da30960b8, 0x00007f5da8820000)
  to   space 183680K,   0% used [0x00007f5d92160000, 0x00007f5d92160000, 0x00007f5d9d4c0000)
 tenured generation   total 3674284K, used 3649118K [0x00007f67e30a0000, 0x00007f68c34cb000, 0x00007f7d38600000)
   the space 3674284K,  99% used [0x00007f67e30a0000, 0x00007f68c1c37848, 0x00007f68c1c37a00, 0x00007f68c34cb000)
 Metaspace       used 24279K, capacity 24708K, committed 24832K, reserved 26624K
}
Event: 1073.223 GC heap before
{Heap before GC invocations=1198 (full 5):
 def new generation   total 1653504K, used 1563864K [0x00007f5d38600000, 0x00007f5da8820000, 0x00007f67e30a0000)
  eden space 1469824K, 100% used [0x00007f5d38600000, 0x00007f5d92160000, 0x00007f5d92160000)
  from space 183680K,  51% used [0x00007f5d9d4c0000, 0x00007f5da30960b8, 0x00007f5da8820000)
  to   space 183680K,   0% used [0x00007f5d92160000, 0x00007f5d92160000, 0x00007f5d9d4c0000)
 tenured generation   total 3674284K, used 3649118K [0x00007f67e30a0000, 0x00007f68c34cb000, 0x00007f7d38600000)
   the space 3674284K,  99% used [0x00007f67e30a0000, 0x00007f68c1c37848, 0x00007f68c1c37a00, 0x00007f68c34cb000)
 Metaspace       used 24279K, capacity 24708K, committed 24832K, reserved 26624K
}
Event: 1073.300 GC heap after
{Heap after GC invocations=1199 (full 5):
 def new generation   total 1653504K, used 85276K [0x00007f5d38600000, 0x00007f5da8820000, 0x00007f67e30a0000)
  eden space 1469824K,   0% used [0x00007f5d38600000, 0x00007f5d38600000, 0x00007f5d92160000)
  from space 183680K,  46% used [0x00007f5d92160000, 0x00007f5d974a70b0, 0x00007f5d9d4c0000)
  to   space 183680K,   0% used [0x00007f5d9d4c0000, 0x00007f5d9d4c0000, 0x00007f5da8820000)
 tenured generation   total 3674284K, used 3666076K [0x00007f67e30a0000, 0x00007f68c34cb000, 0x00007f7d38600000)
   the space 3674284K,  99% used [0x00007f67e30a0000, 0x00007f68c2cc72a0, 0x00007f68c2cc7400, 0x00007f68c34cb000)
 Metaspace       used 24279K, capacity 24708K, committed 24832K, reserved 26624K
}
Event: 1074.676 GC heap before
{Heap before GC invocations=1199 (full 5):
 def new generation   total 1653504K, used 1555100K [0x00007f5d38600000, 0x00007f5da8820000, 0x00007f67e30a0000)
  eden space 1469824K, 100% used [0x00007f5d38600000, 0x00007f5d92160000, 0x00007f5d92160000)
  from space 183680K,  46% used [0x00007f5d92160000, 0x00007f5d974a70b0, 0x00007f5d9d4c0000)
  to   space 183680K,   0% used [0x00007f5d9d4c0000, 0x00007f5d9d4c0000, 0x00007f5da8820000)
 tenured generation   total 3674284K, used 3666076K [0x00007f67e30a0000, 0x00007f68c34cb000, 0x00007f7d38600000)
   the space 3674284K,  99% used [0x00007f67e30a0000, 0x00007f68c2cc72a0, 0x00007f68c2cc7400, 0x00007f68c34cb000)
 Metaspace       used 24279K, capacity 24708K, committed 24832K, reserved 26624K
}
Event: 1074.731 GC heap after
{Heap after GC invocations=1200 (full 5):
 def new generation   total 1653504K, used 90947K [0x00007f5d38600000, 0x00007f5da8820000, 0x00007f67e30a0000)
  eden space 1469824K,   0% used [0x00007f5d38600000, 0x00007f5d38600000, 0x00007f5d92160000)
  from space 183680K,  49% used [0x00007f5d9d4c0000, 0x00007f5da2d90c50, 0x00007f5da8820000)
  to   space 183680K,   0% used [0x00007f5d92160000, 0x00007f5d92160000, 0x00007f5d9d4c0000)
 tenured generation   total 3674284K, used 3666076K [0x00007f67e30a0000, 0x00007f68c34cb000, 0x00007f7d38600000)
   the space 3674284K,  99% used [0x00007f67e30a0000, 0x00007f68c2cc72a0, 0x00007f68c2cc7400, 0x00007f68c34cb000)
 Metaspace       used 24279K, capacity 24708K, committed 24832K, reserved 26624K
}
Event: 1076.396 GC heap before
{Heap before GC invocations=1200 (full 5):
 def new generation   total 1653504K, used 1560771K [0x00007f5d38600000, 0x00007f5da8820000, 0x00007f67e30a0000)
  eden space 1469824K, 100% used [0x00007f5d38600000, 0x00007f5d92160000, 0x00007f5d92160000)
  from space 183680K,  49% used [0x00007f5d9d4c0000, 0x00007f5da2d90c50, 0x00007f5da8820000)
  to   space 183680K,   0% used [0x00007f5d92160000, 0x00007f5d92160000, 0x00007f5d9d4c0000)
 tenured generation   total 3674284K, used 3666076K [0x00007f67e30a0000, 0x00007f68c34cb000, 0x00007f7d38600000)
   the space 3674284K,  99% used [0x00007f67e30a0000, 0x00007f68c2cc72a0, 0x00007f68c2cc7400, 0x00007f68c34cb000)
 Metaspace       used 24279K, capacity 24708K, committed 24832K, reserved 26624K
}
Event: 1076.453 GC heap after
{Heap after GC invocations=1201 (full 5):
 def new generation   total 1653504K, used 101209K [0x00007f5d38600000, 0x00007f5da8820000, 0x00007f67e30a0000)
  eden space 1469824K,   0% used [0x00007f5d38600000, 0x00007f5d38600000, 0x00007f5d92160000)
  from space 183680K,  55% used [0x00007f5d92160000, 0x00007f5d98436760, 0x00007f5d9d4c0000)
  to   space 183680K,   0% used [0x00007f5d9d4c0000, 0x00007f5d9d4c0000, 0x00007f5da8820000)
 tenured generation   total 3674284K, used 3666076K [0x00007f67e30a0000, 0x00007f68c34cb000, 0x00007f7d38600000)
   the space 3674284K,  99% used [0x00007f67e30a0000, 0x00007f68c2cc72a0, 0x00007f68c2cc7400, 0x00007f68c34cb000)
 Metaspace       used 24279K, capacity 24708K, committed 24832K, reserved 26624K
}
Event: 1077.738 GC heap before
{Heap before GC invocations=1201 (full 5):
 def new generation   total 1653504K, used 1567897K [0x00007f5d38600000, 0x00007f5da8820000, 0x00007f67e30a0000)
  eden space 1469824K,  99% used [0x00007f5d38600000, 0x00007f5d91e4fdf0, 0x00007f5d92160000)
  from space 183680K,  55% used [0x00007f5d92160000, 0x00007f5d98436760, 0x00007f5d9d4c0000)
  to   space 183680K,   0% used [0x00007f5d9d4c0000, 0x00007f5d9d4c0000, 0x00007f5da8820000)
 tenured generation   total 3674284K, used 3666076K [0x00007f67e30a0000, 0x00007f68c34cb000, 0x00007f7d38600000)
   the space 3674284K,  99% used [0x00007f67e30a0000, 0x00007f68c2cc72a0, 0x00007f68c2cc7400, 0x00007f68c34cb000)
 Metaspace       used 24279K, capacity 24708K, committed 24832K, reserved 26624K
}
Event: 1077.812 GC heap after
{Heap after GC invocations=1202 (full 5):
 def new generation   total 1653504K, used 96630K [0x00007f5d38600000, 0x00007f5da8820000, 0x00007f67e30a0000)
  eden space 1469824K,   0% used [0x00007f5d38600000, 0x00007f5d38600000, 0x00007f5d92160000)
  from space 183680K,  52% used [0x00007f5d9d4c0000, 0x00007f5da331d968, 0x00007f5da8820000)
  to   space 183680K,   0% used [0x00007f5d92160000, 0x00007f5d92160000, 0x00007f5d9d4c0000)
 tenured generation   total 3690672K, used 3683035K [0x00007f67e30a0000, 0x00007f68c44cc000, 0x00007f7d38600000)
   the space 3690672K,  99% used [0x00007f67e30a0000, 0x00007f68c3d56cf8, 0x00007f68c3d56e00, 0x00007f68c44cc000)
 Metaspace       used 24279K, capacity 24708K, committed 24832K, reserved 26624K
}
Event: 1077.812 GC heap before
{Heap before GC invocations=1202 (full 5):
 def new generation   total 1653504K, used 96630K [0x00007f5d38600000, 0x00007f5da8820000, 0x00007f67e30a0000)
  eden space 1469824K,   0% used [0x00007f5d38600000, 0x00007f5d38600000, 0x00007f5d92160000)
  from space 183680K,  52% used [0x00007f5d9d4c0000, 0x00007f5da331d968, 0x00007f5da8820000)
  to   space 183680K,   0% used [0x00007f5d92160000, 0x00007f5d92160000, 0x00007f5d9d4c0000)
 tenured generation   total 3690672K, used 3683035K [0x00007f67e30a0000, 0x00007f68c44cc000, 0x00007f7d38600000)
   the space 3690672K,  99% used [0x00007f67e30a0000, 0x00007f68c3d56cf8, 0x00007f68c3d56e00, 0x00007f68c44cc000)
 Metaspace       used 24279K, capacity 24708K, committed 24832K, reserved 26624K
}

