# JRE version: OpenJDK Runtime Environment (13.0.7+5) (build 13.0.7+5-Ubuntu-0ubuntu120.04)
# Java VM: OpenJDK 64-Bit Server VM (13.0.7+5-Ubuntu-0ubuntu120.04, mixed mode, tiered, serial gc, linux-amd64)
Heap:
 def new generation   total 6902784K, used 766894K [0x00007f70ec600000, 0x00007f72c07f0000, 0x00007f7641b50000)
  eden space 6135872K,  12% used [0x00007f70ec600000, 0x00007f711b2ebaa0, 0x00007f7262e10000)
  from space 766912K,   0% used [0x00007f7262e10000, 0x00007f7262e10000, 0x00007f7291b00000)
  to   space 766912K,   0% used [0x00007f7291b00000, 0x00007f7291b00000, 0x00007f72c07f0000)
 tenured generation   total 16484252K, used 16484251K [0x00007f7641b50000, 0x00007f7a2fd37000, 0x00007f80ec600000)
   the space 16484252K,  99% used [0x00007f7641b50000, 0x00007f7a2fd36ff8, 0x00007f7a2fd37000, 0x00007f7a2fd37000)
 Metaspace       used 30277K, capacity 30683K, committed 30976K, reserved 32768K
GC Heap History (20 events):
Event: 105.591 GC heap after
{Heap after GC invocations=61 (full 8):
 def new generation   total 3693056K, used 410303K [0x00007f70ec600000, 0x00007f71e6d30000, 0x00007f7641b50000)
  eden space 3282752K,   0% used [0x00007f70ec600000, 0x00007f70ec600000, 0x00007f71b4bd0000)
  from space 410304K,  99% used [0x00007f71b4bd0000, 0x00007f71cdc7fff8, 0x00007f71cdc80000)
  to   space 410304K,   0% used [0x00007f71cdc80000, 0x00007f71cdc80000, 0x00007f71e6d30000)
 tenured generation   total 8206640K, used 6545644K [0x00007f7641b50000, 0x00007f783699c000, 0x00007f80ec600000)
   the space 8206640K,  79% used [0x00007f7641b50000, 0x00007f77d138b140, 0x00007f77d138b200, 0x00007f783699c000)
 Metaspace       used 30277K, capacity 30683K, committed 30976K, reserved 32768K
}
Event: 106.657 GC heap before
{Heap before GC invocations=61 (full 8):
 def new generation   total 3693056K, used 3693055K [0x00007f70ec600000, 0x00007f71e6d30000, 0x00007f7641b50000)
  eden space 3282752K, 100% used [0x00007f70ec600000, 0x00007f71b4bd0000, 0x00007f71b4bd0000)
  from space 410304K,  99% used [0x00007f71b4bd0000, 0x00007f71cdc7fff8, 0x00007f71cdc80000)
  to   space 410304K,   0% used [0x00007f71cdc80000, 0x00007f71cdc80000, 0x00007f71e6d30000)
 tenured generation   total 8206640K, used 6545644K [0x00007f7641b50000, 0x00007f783699c000, 0x00007f80ec600000)
   the space 8206640K,  79% used [0x00007f7641b50000, 0x00007f77d138b140, 0x00007f77d138b200, 0x00007f783699c000)
 Metaspace       used 30277K, capacity 30683K, committed 30976K, reserved 32768K
}
Event: 108.794 GC heap after
{Heap after GC invocations=62 (full 8):
 def new generation   total 3693056K, used 410304K [0x00007f70ec600000, 0x00007f71e6d30000, 0x00007f7641b50000)
  eden space 3282752K,   0% used [0x00007f70ec600000, 0x00007f70ec600000, 0x00007f71b4bd0000)
  from space 410304K, 100% used [0x00007f71cdc80000, 0x00007f71e6d30000, 0x00007f71e6d30000)
  to   space 410304K,   0% used [0x00007f71b4bd0000, 0x00007f71b4bd0000, 0x00007f71cdc80000)
 tenured generation   total 8206640K, used 7276272K [0x00007f7641b50000, 0x00007f783699c000, 0x00007f80ec600000)
   the space 8206640K,  88% used [0x00007f7641b50000, 0x00007f77fdd0c310, 0x00007f77fdd0c400, 0x00007f783699c000)
 Metaspace       used 30277K, capacity 30683K, committed 30976K, reserved 32768K
}
Event: 311.351 GC heap before
{Heap before GC invocations=62 (full 8):
 def new generation   total 3693056K, used 3693056K [0x00007f70ec600000, 0x00007f71e6d30000, 0x00007f7641b50000)
  eden space 3282752K, 100% used [0x00007f70ec600000, 0x00007f71b4bd0000, 0x00007f71b4bd0000)
  from space 410304K, 100% used [0x00007f71cdc80000, 0x00007f71e6d30000, 0x00007f71e6d30000)
  to   space 410304K,   0% used [0x00007f71b4bd0000, 0x00007f71b4bd0000, 0x00007f71cdc80000)
 tenured generation   total 8206640K, used 7276272K [0x00007f7641b50000, 0x00007f783699c000, 0x00007f80ec600000)
   the space 8206640K,  88% used [0x00007f7641b50000, 0x00007f77fdd0c310, 0x00007f77fdd0c400, 0x00007f783699c000)
 Metaspace       used 30277K, capacity 30683K, committed 30976K, reserved 32768K
}
Event: 318.457 GC heap after
{Heap after GC invocations=63 (full 8):
 def new generation   total 3693056K, used 410303K [0x00007f70ec600000, 0x00007f71e6d30000, 0x00007f7641b50000)
  eden space 3282752K,   0% used [0x00007f70ec600000, 0x00007f70ec600000, 0x00007f71b4bd0000)
  from space 410304K,  99% used [0x00007f71b4bd0000, 0x00007f71cdc7fff0, 0x00007f71cdc80000)
  to   space 410304K,   0% used [0x00007f71cdc80000, 0x00007f71cdc80000, 0x00007f71e6d30000)
 tenured generation   total 9237296K, used 9237215K [0x00007f7641b50000, 0x00007f787581c000, 0x00007f80ec600000)
   the space 9237296K,  99% used [0x00007f7641b50000, 0x00007f7875807cf8, 0x00007f7875807e00, 0x00007f787581c000)
 Metaspace       used 30277K, capacity 30683K, committed 30976K, reserved 32768K
}
Event: 318.457 GC heap before
{Heap before GC invocations=63 (full 8):
 def new generation   total 3693056K, used 410303K [0x00007f70ec600000, 0x00007f71e6d30000, 0x00007f7641b50000)
  eden space 3282752K,   0% used [0x00007f70ec600000, 0x00007f70ec600000, 0x00007f71b4bd0000)
  from space 410304K,  99% used [0x00007f71b4bd0000, 0x00007f71cdc7fff0, 0x00007f71cdc80000)
  to   space 410304K,   0% used [0x00007f71cdc80000, 0x00007f71cdc80000, 0x00007f71e6d30000)
 tenured generation   total 9237296K, used 9237215K [0x00007f7641b50000, 0x00007f787581c000, 0x00007f80ec600000)
   the space 9237296K,  99% used [0x00007f7641b50000, 0x00007f7875807cf8, 0x00007f7875807e00, 0x00007f787581c000)
 Metaspace       used 30277K, capacity 30683K, committed 30976K, reserved 32768K
}
Event: 344.149 GC heap after
{Heap after GC invocations=63 (full 9):
 def new generation   total 6902784K, used 376195K [0x00007f70ec600000, 0x00007f72c07f0000, 0x00007f7641b50000)
  eden space 6135872K,   6% used [0x00007f70ec600000, 0x00007f7103560fb8, 0x00007f7262e10000)
  from space 766912K,   0% used [0x00007f7262e10000, 0x00007f7262e10000, 0x00007f7291b00000)
  to   space 766912K,   0% used [0x00007f7291b00000, 0x00007f7291b00000, 0x00007f72c07f0000)
 tenured generation   total 15339356K, used 9203611K [0x00007f7641b50000, 0x00007f79e9f27000, 0x00007f80ec600000)
   the space 15339356K,  59% used [0x00007f7641b50000, 0x00007f7873736d50, 0x00007f7873736e00, 0x00007f79e9f27000)
 Metaspace       used 30277K, capacity 30683K, committed 30976K, reserved 32768K
}
Event: 1093.955 GC heap before
{Heap before GC invocations=63 (full 9):
 def new generation   total 6902784K, used 6135872K [0x00007f70ec600000, 0x00007f72c07f0000, 0x00007f7641b50000)
  eden space 6135872K, 100% used [0x00007f70ec600000, 0x00007f7262e10000, 0x00007f7262e10000)
  from space 766912K,   0% used [0x00007f7262e10000, 0x00007f7262e10000, 0x00007f7291b00000)
  to   space 766912K,   0% used [0x00007f7291b00000, 0x00007f7291b00000, 0x00007f72c07f0000)
 tenured generation   total 15339356K, used 9203611K [0x00007f7641b50000, 0x00007f79e9f27000, 0x00007f80ec600000)
   the space 15339356K,  59% used [0x00007f7641b50000, 0x00007f7873736d50, 0x00007f7873736e00, 0x00007f79e9f27000)
 Metaspace       used 30277K, capacity 30683K, committed 30976K, reserved 32768K
}
Event: 1101.271 GC heap after
{Heap after GC invocations=64 (full 9):
 def new generation   total 6902784K, used 766911K [0x00007f70ec600000, 0x00007f72c07f0000, 0x00007f7641b50000)
  eden space 6135872K,   0% used [0x00007f70ec600000, 0x00007f70ec600000, 0x00007f7262e10000)
  from space 766912K,  99% used [0x00007f7291b00000, 0x00007f72c07effe8, 0x00007f72c07f0000)
  to   space 766912K,   0% used [0x00007f7262e10000, 0x00007f7262e10000, 0x00007f7291b00000)
 tenured generation   total 15339356K, used 10025453K [0x00007f7641b50000, 0x00007f79e9f27000, 0x00007f80ec600000)
   the space 15339356K,  65% used [0x00007f7641b50000, 0x00007f78a59cb4d0, 0x00007f78a59cb600, 0x00007f79e9f27000)
 Metaspace       used 30277K, capacity 30683K, committed 30976K, reserved 32768K
}
Event: 1741.870 GC heap before
{Heap before GC invocations=64 (full 9):
 def new generation   total 6902784K, used 6902783K [0x00007f70ec600000, 0x00007f72c07f0000, 0x00007f7641b50000)
  eden space 6135872K, 100% used [0x00007f70ec600000, 0x00007f7262e10000, 0x00007f7262e10000)
  from space 766912K,  99% used [0x00007f7291b00000, 0x00007f72c07effe8, 0x00007f72c07f0000)
  to   space 766912K,   0% used [0x00007f7262e10000, 0x00007f7262e10000, 0x00007f7291b00000)
 tenured generation   total 15339356K, used 10025453K [0x00007f7641b50000, 0x00007f79e9f27000, 0x00007f80ec600000)
   the space 15339356K,  65% used [0x00007f7641b50000, 0x00007f78a59cb4d0, 0x00007f78a59cb600, 0x00007f79e9f27000)
 Metaspace       used 30277K, capacity 30683K, committed 30976K, reserved 32768K
}
Event: 1746.949 GC heap after
{Heap after GC invocations=65 (full 9):
 def new generation   total 6902784K, used 766911K [0x00007f70ec600000, 0x00007f72c07f0000, 0x00007f7641b50000)
  eden space 6135872K,   0% used [0x00007f70ec600000, 0x00007f70ec600000, 0x00007f7262e10000)
  from space 766912K,  99% used [0x00007f7262e10000, 0x00007f7291affff0, 0x00007f7291b00000)
  to   space 766912K,   0% used [0x00007f7291b00000, 0x00007f7291b00000, 0x00007f72c07f0000)
 tenured generation   total 15339356K, used 11317209K [0x00007f7641b50000, 0x00007f79e9f27000, 0x00007f80ec600000)
   the space 15339356K,  73% used [0x00007f7641b50000, 0x00007f78f47465e8, 0x00007f78f4746600, 0x00007f79e9f27000)
 Metaspace       used 30277K, capacity 30683K, committed 30976K, reserved 32768K
}
Event: 2367.296 GC heap before
{Heap before GC invocations=65 (full 9):
 def new generation   total 6902784K, used 6902783K [0x00007f70ec600000, 0x00007f72c07f0000, 0x00007f7641b50000)
  eden space 6135872K, 100% used [0x00007f70ec600000, 0x00007f7262e10000, 0x00007f7262e10000)
  from space 766912K,  99% used [0x00007f7262e10000, 0x00007f7291affff0, 0x00007f7291b00000)
  to   space 766912K,   0% used [0x00007f7291b00000, 0x00007f7291b00000, 0x00007f72c07f0000)
 tenured generation   total 15339356K, used 11317209K [0x00007f7641b50000, 0x00007f79e9f27000, 0x00007f80ec600000)
   the space 15339356K,  73% used [0x00007f7641b50000, 0x00007f78f47465e8, 0x00007f78f4746600, 0x00007f79e9f27000)
 Metaspace       used 30277K, capacity 30683K, committed 30976K, reserved 32768K
}
Event: 2371.602 GC heap after
{Heap after GC invocations=66 (full 9):
 def new generation   total 6902784K, used 766912K [0x00007f70ec600000, 0x00007f72c07f0000, 0x00007f7641b50000)
  eden space 6135872K,   0% used [0x00007f70ec600000, 0x00007f70ec600000, 0x00007f7262e10000)
  from space 766912K, 100% used [0x00007f7291b00000, 0x00007f72c07f0000, 0x00007f72c07f0000)
  to   space 766912K,   0% used [0x00007f7262e10000, 0x00007f7262e10000, 0x00007f7291b00000)
 tenured generation   total 15339356K, used 12608965K [0x00007f7641b50000, 0x00007f79e9f27000, 0x00007f80ec600000)
   the space 15339356K,  82% used [0x00007f7641b50000, 0x00007f79434c1588, 0x00007f79434c1600, 0x00007f79e9f27000)
 Metaspace       used 30277K, capacity 30683K, committed 30976K, reserved 32768K
}
Event: 3014.514 GC heap before
{Heap before GC invocations=66 (full 9):
 def new generation   total 6902784K, used 6902784K [0x00007f70ec600000, 0x00007f72c07f0000, 0x00007f7641b50000)
  eden space 6135872K, 100% used [0x00007f70ec600000, 0x00007f7262e10000, 0x00007f7262e10000)
  from space 766912K, 100% used [0x00007f7291b00000, 0x00007f72c07f0000, 0x00007f72c07f0000)
  to   space 766912K,   0% used [0x00007f7262e10000, 0x00007f7262e10000, 0x00007f7291b00000)
 tenured generation   total 15339356K, used 12608965K [0x00007f7641b50000, 0x00007f79e9f27000, 0x00007f80ec600000)
   the space 15339356K,  82% used [0x00007f7641b50000, 0x00007f79434c1588, 0x00007f79434c1600, 0x00007f79e9f27000)
 Metaspace       used 30277K, capacity 30683K, committed 30976K, reserved 32768K
}
Event: 3018.705 GC heap after
{Heap after GC invocations=67 (full 9):
 def new generation   total 6902784K, used 766912K [0x00007f70ec600000, 0x00007f72c07f0000, 0x00007f7641b50000)
  eden space 6135872K,   0% used [0x00007f70ec600000, 0x00007f70ec600000, 0x00007f7262e10000)
  from space 766912K, 100% used [0x00007f7262e10000, 0x00007f7291b00000, 0x00007f7291b00000)
  to   space 766912K,   0% used [0x00007f7291b00000, 0x00007f7291b00000, 0x00007f72c07f0000)
 tenured generation   total 15339356K, used 13900721K [0x00007f7641b50000, 0x00007f79e9f27000, 0x00007f80ec600000)
   the space 15339356K,  90% used [0x00007f7641b50000, 0x00007f799223c6c8, 0x00007f799223c800, 0x00007f79e9f27000)
 Metaspace       used 30277K, capacity 30683K, committed 30976K, reserved 32768K
}
Event: 3536.477 GC heap before
{Heap before GC invocations=67 (full 9):
 def new generation   total 6902784K, used 6902784K [0x00007f70ec600000, 0x00007f72c07f0000, 0x00007f7641b50000)
  eden space 6135872K, 100% used [0x00007f70ec600000, 0x00007f7262e10000, 0x00007f7262e10000)
  from space 766912K, 100% used [0x00007f7262e10000, 0x00007f7291b00000, 0x00007f7291b00000)
  to   space 766912K,   0% used [0x00007f7291b00000, 0x00007f7291b00000, 0x00007f72c07f0000)
 tenured generation   total 15339356K, used 13900721K [0x00007f7641b50000, 0x00007f79e9f27000, 0x00007f80ec600000)
   the space 15339356K,  90% used [0x00007f7641b50000, 0x00007f799223c6c8, 0x00007f799223c800, 0x00007f79e9f27000)
 Metaspace       used 30277K, capacity 30683K, committed 30976K, reserved 32768K
}
Event: 3541.032 GC heap after
{Heap after GC invocations=68 (full 9):
 def new generation   total 6902784K, used 766911K [0x00007f70ec600000, 0x00007f72c07f0000, 0x00007f7641b50000)
  eden space 6135872K,   0% used [0x00007f70ec600000, 0x00007f70ec600000, 0x00007f7262e10000)
  from space 766912K,  99% used [0x00007f7291b00000, 0x00007f72c07efff0, 0x00007f72c07f0000)
  to   space 766912K,   0% used [0x00007f7262e10000, 0x00007f7262e10000, 0x00007f7291b00000)
 tenured generation   total 15339356K, used 15192478K [0x00007f7641b50000, 0x00007f79e9f27000, 0x00007f80ec600000)
   the space 15339356K,  99% used [0x00007f7641b50000, 0x00007f79e0fb78e8, 0x00007f79e0fb7a00, 0x00007f79e9f27000)
 Metaspace       used 30277K, capacity 30683K, committed 30976K, reserved 32768K
}
Event: 3924.069 GC heap before
{Heap before GC invocations=68 (full 9):
 def new generation   total 6902784K, used 6902783K [0x00007f70ec600000, 0x00007f72c07f0000, 0x00007f7641b50000)
  eden space 6135872K, 100% used [0x00007f70ec600000, 0x00007f7262e10000, 0x00007f7262e10000)
  from space 766912K,  99% used [0x00007f7291b00000, 0x00007f72c07efff0, 0x00007f72c07f0000)
  to   space 766912K,   0% used [0x00007f7262e10000, 0x00007f7262e10000, 0x00007f7291b00000)
 tenured generation   total 15339356K, used 15192478K [0x00007f7641b50000, 0x00007f79e9f27000, 0x00007f80ec600000)
   the space 15339356K,  99% used [0x00007f7641b50000, 0x00007f79e0fb78e8, 0x00007f79e0fb7a00, 0x00007f79e9f27000)
 Metaspace       used 30277K, capacity 30683K, committed 30976K, reserved 32768K
}
Event: 3928.470 GC heap after
{Heap after GC invocations=69 (full 9):
 def new generation   total 6902784K, used 766911K [0x00007f70ec600000, 0x00007f72c07f0000, 0x00007f7641b50000)
  eden space 6135872K,   0% used [0x00007f70ec600000, 0x00007f70ec600000, 0x00007f7262e10000)
  from space 766912K,  99% used [0x00007f7262e10000, 0x00007f7291affff0, 0x00007f7291b00000)
  to   space 766912K,   0% used [0x00007f7291b00000, 0x00007f7291b00000, 0x00007f72c07f0000)
 tenured generation   total 16484252K, used 16484234K [0x00007f7641b50000, 0x00007f7a2fd37000, 0x00007f80ec600000)
   the space 16484252K,  99% used [0x00007f7641b50000, 0x00007f7a2fd32aa8, 0x00007f7a2fd32c00, 0x00007f7a2fd37000)
 Metaspace       used 30277K, capacity 30683K, committed 30976K, reserved 32768K
}
Event: 3928.470 GC heap before
{Heap before GC invocations=69 (full 9):
 def new generation   total 6902784K, used 766911K [0x00007f70ec600000, 0x00007f72c07f0000, 0x00007f7641b50000)
  eden space 6135872K,   0% used [0x00007f70ec600000, 0x00007f70ec600000, 0x00007f7262e10000)
  from space 766912K,  99% used [0x00007f7262e10000, 0x00007f7291affff0, 0x00007f7291b00000)
  to   space 766912K,   0% used [0x00007f7291b00000, 0x00007f7291b00000, 0x00007f72c07f0000)
 tenured generation   total 16484252K, used 16484234K [0x00007f7641b50000, 0x00007f7a2fd37000, 0x00007f80ec600000)
   the space 16484252K,  99% used [0x00007f7641b50000, 0x00007f7a2fd32aa8, 0x00007f7a2fd32c00, 0x00007f7a2fd37000)
 Metaspace       used 30277K, capacity 30683K, committed 30976K, reserved 32768K
}

