# JRE version: OpenJDK Runtime Environment (13.0.7+5) (build 13.0.7+5-Ubuntu-0ubuntu120.04)
# Java VM: OpenJDK 64-Bit Server VM (13.0.7+5-Ubuntu-0ubuntu120.04, mixed mode, tiered, serial gc, linux-amd64)
Heap:
 def new generation   total 1017216K, used 0K [0x00007ef698600000, 0x00007ef6dd5b0000, 0x00007f01430a0000)
  eden space 904256K,   0% used [0x00007ef698600000, 0x00007ef698600000, 0x00007ef6cf910000)
  from space 112960K,   0% used [0x00007ef6d6760000, 0x00007ef6d6760000, 0x00007ef6dd5b0000)
  to   space 112960K,   0% used [0x00007ef6cf910000, 0x00007ef6cf910000, 0x00007ef6d6760000)
 tenured generation   total 2276624K, used 2252374K [0x00007f01430a0000, 0x00007f01cdfe4000, 0x00007f1698600000)
   the space 2276624K,  98% used [0x00007f01430a0000, 0x00007f01cc835a40, 0x00007f01cc835c00, 0x00007f01cdfe4000)
 Metaspace       used 24216K, capacity 24629K, committed 24832K, reserved 26624K
GC Heap History (20 events):
Event: 820.625 GC heap after
{Heap after GC invocations=1071 (full 4):
 def new generation   total 1017216K, used 48808K [0x00007ef698600000, 0x00007ef6dd5b0000, 0x00007f01430a0000)
  eden space 904256K,   0% used [0x00007ef698600000, 0x00007ef698600000, 0x00007ef6cf910000)
  from space 112960K,  43% used [0x00007ef6cf910000, 0x00007ef6d28ba018, 0x00007ef6d6760000)
  to   space 112960K,   0% used [0x00007ef6d6760000, 0x00007ef6d6760000, 0x00007ef6dd5b0000)
 tenured generation   total 2260236K, used 2235930K [0x00007f01430a0000, 0x00007f01ccfe3000, 0x00007f1698600000)
   the space 2260236K,  98% used [0x00007f01430a0000, 0x00007f01cb826aa0, 0x00007f01cb826c00, 0x00007f01ccfe3000)
 Metaspace       used 24216K, capacity 24629K, committed 24832K, reserved 26624K
}
Event: 821.429 GC heap before
{Heap before GC invocations=1071 (full 4):
 def new generation   total 1017216K, used 953064K [0x00007ef698600000, 0x00007ef6dd5b0000, 0x00007f01430a0000)
  eden space 904256K, 100% used [0x00007ef698600000, 0x00007ef6cf910000, 0x00007ef6cf910000)
  from space 112960K,  43% used [0x00007ef6cf910000, 0x00007ef6d28ba018, 0x00007ef6d6760000)
  to   space 112960K,   0% used [0x00007ef6d6760000, 0x00007ef6d6760000, 0x00007ef6dd5b0000)
 tenured generation   total 2260236K, used 2235930K [0x00007f01430a0000, 0x00007f01ccfe3000, 0x00007f1698600000)
   the space 2260236K,  98% used [0x00007f01430a0000, 0x00007f01cb826aa0, 0x00007f01cb826c00, 0x00007f01ccfe3000)
 Metaspace       used 24216K, capacity 24629K, committed 24832K, reserved 26624K
}
Event: 821.478 GC heap after
{Heap after GC invocations=1072 (full 4):
 def new generation   total 1017216K, used 50360K [0x00007ef698600000, 0x00007ef6dd5b0000, 0x00007f01430a0000)
  eden space 904256K,   0% used [0x00007ef698600000, 0x00007ef698600000, 0x00007ef6cf910000)
  from space 112960K,  44% used [0x00007ef6d6760000, 0x00007ef6d988e110, 0x00007ef6dd5b0000)
  to   space 112960K,   0% used [0x00007ef6cf910000, 0x00007ef6cf910000, 0x00007ef6d6760000)
 tenured generation   total 2260236K, used 2235930K [0x00007f01430a0000, 0x00007f01ccfe3000, 0x00007f1698600000)
   the space 2260236K,  98% used [0x00007f01430a0000, 0x00007f01cb826aa0, 0x00007f01cb826c00, 0x00007f01ccfe3000)
 Metaspace       used 24216K, capacity 24629K, committed 24832K, reserved 26624K
}
Event: 822.274 GC heap before
{Heap before GC invocations=1072 (full 4):
 def new generation   total 1017216K, used 954616K [0x00007ef698600000, 0x00007ef6dd5b0000, 0x00007f01430a0000)
  eden space 904256K, 100% used [0x00007ef698600000, 0x00007ef6cf910000, 0x00007ef6cf910000)
  from space 112960K,  44% used [0x00007ef6d6760000, 0x00007ef6d988e110, 0x00007ef6dd5b0000)
  to   space 112960K,   0% used [0x00007ef6cf910000, 0x00007ef6cf910000, 0x00007ef6d6760000)
 tenured generation   total 2260236K, used 2235930K [0x00007f01430a0000, 0x00007f01ccfe3000, 0x00007f1698600000)
   the space 2260236K,  98% used [0x00007f01430a0000, 0x00007f01cb826aa0, 0x00007f01cb826c00, 0x00007f01ccfe3000)
 Metaspace       used 24216K, capacity 24629K, committed 24832K, reserved 26624K
}
Event: 822.316 GC heap after
{Heap after GC invocations=1073 (full 4):
 def new generation   total 1017216K, used 50356K [0x00007ef698600000, 0x00007ef6dd5b0000, 0x00007f01430a0000)
  eden space 904256K,   0% used [0x00007ef698600000, 0x00007ef698600000, 0x00007ef6cf910000)
  from space 112960K,  44% used [0x00007ef6cf910000, 0x00007ef6d2a3d048, 0x00007ef6d6760000)
  to   space 112960K,   0% used [0x00007ef6d6760000, 0x00007ef6d6760000, 0x00007ef6dd5b0000)
 tenured generation   total 2260236K, used 2235930K [0x00007f01430a0000, 0x00007f01ccfe3000, 0x00007f1698600000)
   the space 2260236K,  98% used [0x00007f01430a0000, 0x00007f01cb826aa0, 0x00007f01cb826c00, 0x00007f01ccfe3000)
 Metaspace       used 24216K, capacity 24629K, committed 24832K, reserved 26624K
}
Event: 823.451 GC heap before
{Heap before GC invocations=1073 (full 4):
 def new generation   total 1017216K, used 948954K [0x00007ef698600000, 0x00007ef6dd5b0000, 0x00007f01430a0000)
  eden space 904256K,  99% used [0x00007ef698600000, 0x00007ef6cf3899b0, 0x00007ef6cf910000)
  from space 112960K,  44% used [0x00007ef6cf910000, 0x00007ef6d2a3d048, 0x00007ef6d6760000)
  to   space 112960K,   0% used [0x00007ef6d6760000, 0x00007ef6d6760000, 0x00007ef6dd5b0000)
 tenured generation   total 2260236K, used 2235930K [0x00007f01430a0000, 0x00007f01ccfe3000, 0x00007f1698600000)
   the space 2260236K,  98% used [0x00007f01430a0000, 0x00007f01cb826aa0, 0x00007f01cb826c00, 0x00007f01ccfe3000)
 Metaspace       used 24216K, capacity 24629K, committed 24832K, reserved 26624K
}
Event: 823.500 GC heap after
{Heap after GC invocations=1074 (full 4):
 def new generation   total 1017216K, used 70913K [0x00007ef698600000, 0x00007ef6dd5b0000, 0x00007f01430a0000)
  eden space 904256K,   0% used [0x00007ef698600000, 0x00007ef698600000, 0x00007ef6cf910000)
  from space 112960K,  62% used [0x00007ef6d6760000, 0x00007ef6daca04b0, 0x00007ef6dd5b0000)
  to   space 112960K,   0% used [0x00007ef6cf910000, 0x00007ef6cf910000, 0x00007ef6d6760000)
 tenured generation   total 2260236K, used 2235930K [0x00007f01430a0000, 0x00007f01ccfe3000, 0x00007f1698600000)
   the space 2260236K,  98% used [0x00007f01430a0000, 0x00007f01cb826aa0, 0x00007f01cb826c00, 0x00007f01ccfe3000)
 Metaspace       used 24216K, capacity 24629K, committed 24832K, reserved 26624K
}
Event: 824.554 GC heap before
{Heap before GC invocations=1074 (full 4):
 def new generation   total 1017216K, used 974191K [0x00007ef698600000, 0x00007ef6dd5b0000, 0x00007f01430a0000)
  eden space 904256K,  99% used [0x00007ef698600000, 0x00007ef6cf81b8b8, 0x00007ef6cf910000)
  from space 112960K,  62% used [0x00007ef6d6760000, 0x00007ef6daca04b0, 0x00007ef6dd5b0000)
  to   space 112960K,   0% used [0x00007ef6cf910000, 0x00007ef6cf910000, 0x00007ef6d6760000)
 tenured generation   total 2260236K, used 2235930K [0x00007f01430a0000, 0x00007f01ccfe3000, 0x00007f1698600000)
   the space 2260236K,  98% used [0x00007f01430a0000, 0x00007f01cb826aa0, 0x00007f01cb826c00, 0x00007f01ccfe3000)
 Metaspace       used 24216K, capacity 24629K, committed 24832K, reserved 26624K
}
Event: 824.618 GC heap after
{Heap after GC invocations=1075 (full 4):
 def new generation   total 1017216K, used 45777K [0x00007ef698600000, 0x00007ef6dd5b0000, 0x00007f01430a0000)
  eden space 904256K,   0% used [0x00007ef698600000, 0x00007ef698600000, 0x00007ef6cf910000)
  from space 112960K,  40% used [0x00007ef6cf910000, 0x00007ef6d25c45f0, 0x00007ef6d6760000)
  to   space 112960K,   0% used [0x00007ef6d6760000, 0x00007ef6d6760000, 0x00007ef6dd5b0000)
 tenured generation   total 2260236K, used 2253404K [0x00007f01430a0000, 0x00007f01ccfe3000, 0x00007f1698600000)
   the space 2260236K,  99% used [0x00007f01430a0000, 0x00007f01cc937168, 0x00007f01cc937200, 0x00007f01ccfe3000)
 Metaspace       used 24216K, capacity 24629K, committed 24832K, reserved 26624K
}
Event: 825.880 GC heap before
{Heap before GC invocations=1075 (full 4):
 def new generation   total 1017216K, used 950033K [0x00007ef698600000, 0x00007ef6dd5b0000, 0x00007f01430a0000)
  eden space 904256K, 100% used [0x00007ef698600000, 0x00007ef6cf910000, 0x00007ef6cf910000)
  from space 112960K,  40% used [0x00007ef6cf910000, 0x00007ef6d25c45f0, 0x00007ef6d6760000)
  to   space 112960K,   0% used [0x00007ef6d6760000, 0x00007ef6d6760000, 0x00007ef6dd5b0000)
 tenured generation   total 2260236K, used 2253404K [0x00007f01430a0000, 0x00007f01ccfe3000, 0x00007f1698600000)
   the space 2260236K,  99% used [0x00007f01430a0000, 0x00007f01cc937168, 0x00007f01cc937200, 0x00007f01ccfe3000)
 Metaspace       used 24216K, capacity 24629K, committed 24832K, reserved 26624K
}
Event: 825.918 GC heap after
{Heap after GC invocations=1076 (full 4):
 def new generation   total 1017216K, used 46246K [0x00007ef698600000, 0x00007ef6dd5b0000, 0x00007f01430a0000)
  eden space 904256K,   0% used [0x00007ef698600000, 0x00007ef698600000, 0x00007ef6cf910000)
  from space 112960K,  40% used [0x00007ef6d6760000, 0x00007ef6d9489b48, 0x00007ef6dd5b0000)
  to   space 112960K,   0% used [0x00007ef6cf910000, 0x00007ef6cf910000, 0x00007ef6d6760000)
 tenured generation   total 2260236K, used 2253404K [0x00007f01430a0000, 0x00007f01ccfe3000, 0x00007f1698600000)
   the space 2260236K,  99% used [0x00007f01430a0000, 0x00007f01cc937168, 0x00007f01cc937200, 0x00007f01ccfe3000)
 Metaspace       used 24216K, capacity 24629K, committed 24832K, reserved 26624K
}
Event: 826.909 GC heap before
{Heap before GC invocations=1076 (full 4):
 def new generation   total 1017216K, used 950502K [0x00007ef698600000, 0x00007ef6dd5b0000, 0x00007f01430a0000)
  eden space 904256K, 100% used [0x00007ef698600000, 0x00007ef6cf910000, 0x00007ef6cf910000)
  from space 112960K,  40% used [0x00007ef6d6760000, 0x00007ef6d9489b48, 0x00007ef6dd5b0000)
  to   space 112960K,   0% used [0x00007ef6cf910000, 0x00007ef6cf910000, 0x00007ef6d6760000)
 tenured generation   total 2260236K, used 2253404K [0x00007f01430a0000, 0x00007f01ccfe3000, 0x00007f1698600000)
   the space 2260236K,  99% used [0x00007f01430a0000, 0x00007f01cc937168, 0x00007f01cc937200, 0x00007f01ccfe3000)
 Metaspace       used 24216K, capacity 24629K, committed 24832K, reserved 26624K
}
Event: 826.948 GC heap after
{Heap after GC invocations=1077 (full 4):
 def new generation   total 1017216K, used 49849K [0x00007ef698600000, 0x00007ef6dd5b0000, 0x00007f01430a0000)
  eden space 904256K,   0% used [0x00007ef698600000, 0x00007ef698600000, 0x00007ef6cf910000)
  from space 112960K,  44% used [0x00007ef6cf910000, 0x00007ef6d29be558, 0x00007ef6d6760000)
  to   space 112960K,   0% used [0x00007ef6d6760000, 0x00007ef6d6760000, 0x00007ef6dd5b0000)
 tenured generation   total 2260236K, used 2253404K [0x00007f01430a0000, 0x00007f01ccfe3000, 0x00007f1698600000)
   the space 2260236K,  99% used [0x00007f01430a0000, 0x00007f01cc937168, 0x00007f01cc937200, 0x00007f01ccfe3000)
 Metaspace       used 24216K, capacity 24629K, committed 24832K, reserved 26624K
}
Event: 827.761 GC heap before
{Heap before GC invocations=1077 (full 4):
 def new generation   total 1017216K, used 954105K [0x00007ef698600000, 0x00007ef6dd5b0000, 0x00007f01430a0000)
  eden space 904256K, 100% used [0x00007ef698600000, 0x00007ef6cf910000, 0x00007ef6cf910000)
  from space 112960K,  44% used [0x00007ef6cf910000, 0x00007ef6d29be558, 0x00007ef6d6760000)
  to   space 112960K,   0% used [0x00007ef6d6760000, 0x00007ef6d6760000, 0x00007ef6dd5b0000)
 tenured generation   total 2260236K, used 2253404K [0x00007f01430a0000, 0x00007f01ccfe3000, 0x00007f1698600000)
   the space 2260236K,  99% used [0x00007f01430a0000, 0x00007f01cc937168, 0x00007f01cc937200, 0x00007f01ccfe3000)
 Metaspace       used 24216K, capacity 24629K, committed 24832K, reserved 26624K
}
Event: 827.804 GC heap after
{Heap after GC invocations=1078 (full 4):
 def new generation   total 1017216K, used 50352K [0x00007ef698600000, 0x00007ef6dd5b0000, 0x00007f01430a0000)
  eden space 904256K,   0% used [0x00007ef698600000, 0x00007ef698600000, 0x00007ef6cf910000)
  from space 112960K,  44% used [0x00007ef6d6760000, 0x00007ef6d988c278, 0x00007ef6dd5b0000)
  to   space 112960K,   0% used [0x00007ef6cf910000, 0x00007ef6cf910000, 0x00007ef6d6760000)
 tenured generation   total 2260236K, used 2253404K [0x00007f01430a0000, 0x00007f01ccfe3000, 0x00007f1698600000)
   the space 2260236K,  99% used [0x00007f01430a0000, 0x00007f01cc937168, 0x00007f01cc937200, 0x00007f01ccfe3000)
 Metaspace       used 24216K, capacity 24629K, committed 24832K, reserved 26624K
}
Event: 828.566 GC heap before
{Heap before GC invocations=1078 (full 4):
 def new generation   total 1017216K, used 950513K [0x00007ef698600000, 0x00007ef6dd5b0000, 0x00007f01430a0000)
  eden space 904256K,  99% used [0x00007ef698600000, 0x00007ef6cf5103a0, 0x00007ef6cf910000)
  from space 112960K,  44% used [0x00007ef6d6760000, 0x00007ef6d988c278, 0x00007ef6dd5b0000)
  to   space 112960K,   0% used [0x00007ef6cf910000, 0x00007ef6cf910000, 0x00007ef6d6760000)
 tenured generation   total 2260236K, used 2253404K [0x00007f01430a0000, 0x00007f01ccfe3000, 0x00007f1698600000)
   the space 2260236K,  99% used [0x00007f01430a0000, 0x00007f01cc937168, 0x00007f01cc937200, 0x00007f01ccfe3000)
 Metaspace       used 24216K, capacity 24629K, committed 24832K, reserved 26624K
}
Event: 828.601 GC heap after
{Heap after GC invocations=1079 (full 4):
 def new generation   total 1017216K, used 60653K [0x00007ef698600000, 0x00007ef6dd5b0000, 0x00007f01430a0000)
  eden space 904256K,   0% used [0x00007ef698600000, 0x00007ef698600000, 0x00007ef6cf910000)
  from space 112960K,  53% used [0x00007ef6cf910000, 0x00007ef6d344b698, 0x00007ef6d6760000)
  to   space 112960K,   0% used [0x00007ef6d6760000, 0x00007ef6d6760000, 0x00007ef6dd5b0000)
 tenured generation   total 2260236K, used 2253404K [0x00007f01430a0000, 0x00007f01ccfe3000, 0x00007f1698600000)
   the space 2260236K,  99% used [0x00007f01430a0000, 0x00007f01cc937168, 0x00007f01cc937200, 0x00007f01ccfe3000)
 Metaspace       used 24216K, capacity 24629K, committed 24832K, reserved 26624K
}
Event: 829.783 GC heap before
{Heap before GC invocations=1079 (full 4):
 def new generation   total 1017216K, used 948890K [0x00007ef698600000, 0x00007ef6dd5b0000, 0x00007f01430a0000)
  eden space 904256K,  98% used [0x00007ef698600000, 0x00007ef6ce96b468, 0x00007ef6cf910000)
  from space 112960K,  53% used [0x00007ef6cf910000, 0x00007ef6d344b698, 0x00007ef6d6760000)
  to   space 112960K,   0% used [0x00007ef6d6760000, 0x00007ef6d6760000, 0x00007ef6dd5b0000)
 tenured generation   total 2260236K, used 2253404K [0x00007f01430a0000, 0x00007f01ccfe3000, 0x00007f1698600000)
   the space 2260236K,  99% used [0x00007f01430a0000, 0x00007f01cc937168, 0x00007f01cc937200, 0x00007f01ccfe3000)
 Metaspace       used 24216K, capacity 24629K, committed 24832K, reserved 26624K
}
Event: 829.842 GC heap after
{Heap after GC invocations=1080 (full 4):
 def new generation   total 1017216K, used 54450K [0x00007ef698600000, 0x00007ef6dd5b0000, 0x00007f01430a0000)
  eden space 904256K,   0% used [0x00007ef698600000, 0x00007ef698600000, 0x00007ef6cf910000)
  from space 112960K,  48% used [0x00007ef6d6760000, 0x00007ef6d9c8c858, 0x00007ef6dd5b0000)
  to   space 112960K,   0% used [0x00007ef6cf910000, 0x00007ef6cf910000, 0x00007ef6d6760000)
 tenured generation   total 2276624K, used 2270878K [0x00007f01430a0000, 0x00007f01cdfe4000, 0x00007f1698600000)
   the space 2276624K,  99% used [0x00007f01430a0000, 0x00007f01cda47830, 0x00007f01cda47a00, 0x00007f01cdfe4000)
 Metaspace       used 24216K, capacity 24629K, committed 24832K, reserved 26624K
}
Event: 829.842 GC heap before
{Heap before GC invocations=1080 (full 4):
 def new generation   total 1017216K, used 54450K [0x00007ef698600000, 0x00007ef6dd5b0000, 0x00007f01430a0000)
  eden space 904256K,   0% used [0x00007ef698600000, 0x00007ef698600000, 0x00007ef6cf910000)
  from space 112960K,  48% used [0x00007ef6d6760000, 0x00007ef6d9c8c858, 0x00007ef6dd5b0000)
  to   space 112960K,   0% used [0x00007ef6cf910000, 0x00007ef6cf910000, 0x00007ef6d6760000)
 tenured generation   total 2276624K, used 2270878K [0x00007f01430a0000, 0x00007f01cdfe4000, 0x00007f1698600000)
   the space 2276624K,  99% used [0x00007f01430a0000, 0x00007f01cda47830, 0x00007f01cda47a00, 0x00007f01cdfe4000)
 Metaspace       used 24216K, capacity 24629K, committed 24832K, reserved 26624K
}

