# JRE version: OpenJDK Runtime Environment (13.0.7+5) (build 13.0.7+5-Ubuntu-0ubuntu120.04)
# Java VM: OpenJDK 64-Bit Server VM (13.0.7+5-Ubuntu-0ubuntu120.04, mixed mode, tiered, serial gc, linux-amd64)
Heap:
 def new generation   total 7536832K, used 0K [0x00007f2644600000, 0x00007f28437f0000, 0x00007f2b99b50000)
  eden space 6699456K,   0% used [0x00007f2644600000, 0x00007f2644600000, 0x00007f27dd470000)
  from space 837376K,   0% used [0x00007f2810630000, 0x00007f2810630000, 0x00007f28437f0000)
  to   space 837376K,   0% used [0x00007f27dd470000, 0x00007f27dd470000, 0x00007f2810630000)
 tenured generation   total 17399040K, used 15075504K [0x00007f2b99b50000, 0x00007f2fbfa90000, 0x00007f3644600000)
   the space 17399040K,  86% used [0x00007f2b99b50000, 0x00007f2f31d7c118, 0x00007f2f31d7c200, 0x00007f2fbfa90000)
 Metaspace       used 30257K, capacity 30683K, committed 30976K, reserved 32768K
GC Heap History (20 events):
Event: 360.801 GC heap after
{Heap after GC invocations=91 (full 6):
 def new generation   total 7536832K, used 0K [0x00007f2644600000, 0x00007f28437f0000, 0x00007f2b99b50000)
  eden space 6699456K,   0% used [0x00007f2644600000, 0x00007f2644600000, 0x00007f27dd470000)
  from space 837376K,   0% used [0x00007f27dd470000, 0x00007f27dd470000, 0x00007f2810630000)
  to   space 837376K,   0% used [0x00007f2810630000, 0x00007f2810630000, 0x00007f28437f0000)
 tenured generation   total 16748352K, used 10049011K [0x00007f2b99b50000, 0x00007f2f97f20000, 0x00007f3644600000)
   the space 16748352K,  59% used [0x00007f2b99b50000, 0x00007f2dff0cccc0, 0x00007f2dff0cce00, 0x00007f2f97f20000)
 Metaspace       used 30257K, capacity 30683K, committed 30976K, reserved 32768K
}
Event: 799.467 GC heap before
{Heap before GC invocations=91 (full 6):
 def new generation   total 7536832K, used 6699456K [0x00007f2644600000, 0x00007f28437f0000, 0x00007f2b99b50000)
  eden space 6699456K, 100% used [0x00007f2644600000, 0x00007f27dd470000, 0x00007f27dd470000)
  from space 837376K,   0% used [0x00007f27dd470000, 0x00007f27dd470000, 0x00007f2810630000)
  to   space 837376K,   0% used [0x00007f2810630000, 0x00007f2810630000, 0x00007f28437f0000)
 tenured generation   total 16748352K, used 10049011K [0x00007f2b99b50000, 0x00007f2f97f20000, 0x00007f3644600000)
   the space 16748352K,  59% used [0x00007f2b99b50000, 0x00007f2dff0cccc0, 0x00007f2dff0cce00, 0x00007f2f97f20000)
 Metaspace       used 30257K, capacity 30683K, committed 30976K, reserved 32768K
}
Event: 802.876 GC heap after
{Heap after GC invocations=92 (full 6):
 def new generation   total 7536832K, used 837376K [0x00007f2644600000, 0x00007f28437f0000, 0x00007f2b99b50000)
  eden space 6699456K,   0% used [0x00007f2644600000, 0x00007f2644600000, 0x00007f27dd470000)
  from space 837376K, 100% used [0x00007f2810630000, 0x00007f28437f0000, 0x00007f28437f0000)
  to   space 837376K,   0% used [0x00007f27dd470000, 0x00007f27dd470000, 0x00007f2810630000)
 tenured generation   total 16748352K, used 10875076K [0x00007f2b99b50000, 0x00007f2f97f20000, 0x00007f3644600000)
   the space 16748352K,  64% used [0x00007f2b99b50000, 0x00007f2e31781140, 0x00007f2e31781200, 0x00007f2f97f20000)
 Metaspace       used 30257K, capacity 30683K, committed 30976K, reserved 32768K
}
Event: 931.069 GC heap before
{Heap before GC invocations=92 (full 6):
 def new generation   total 7536832K, used 7536832K [0x00007f2644600000, 0x00007f28437f0000, 0x00007f2b99b50000)
  eden space 6699456K, 100% used [0x00007f2644600000, 0x00007f27dd470000, 0x00007f27dd470000)
  from space 837376K, 100% used [0x00007f2810630000, 0x00007f28437f0000, 0x00007f28437f0000)
  to   space 837376K,   0% used [0x00007f27dd470000, 0x00007f27dd470000, 0x00007f2810630000)
 tenured generation   total 16748352K, used 10875076K [0x00007f2b99b50000, 0x00007f2f97f20000, 0x00007f3644600000)
   the space 16748352K,  64% used [0x00007f2b99b50000, 0x00007f2e31781140, 0x00007f2e31781200, 0x00007f2f97f20000)
 Metaspace       used 30257K, capacity 30683K, committed 30976K, reserved 32768K
}
Event: 934.715 GC heap after
{Heap after GC invocations=93 (full 6):
 def new generation   total 7536832K, used 837375K [0x00007f2644600000, 0x00007f28437f0000, 0x00007f2b99b50000)
  eden space 6699456K,   0% used [0x00007f2644600000, 0x00007f2644600000, 0x00007f27dd470000)
  from space 837376K,  99% used [0x00007f27dd470000, 0x00007f281062ffe8, 0x00007f2810630000)
  to   space 837376K,   0% used [0x00007f2810630000, 0x00007f2810630000, 0x00007f28437f0000)
 tenured generation   total 16748352K, used 12335485K [0x00007f2b99b50000, 0x00007f2f97f20000, 0x00007f3644600000)
   the space 16748352K,  73% used [0x00007f2b99b50000, 0x00007f2e8a9af560, 0x00007f2e8a9af600, 0x00007f2f97f20000)
 Metaspace       used 30257K, capacity 30683K, committed 30976K, reserved 32768K
}
Event: 936.844 GC heap before
{Heap before GC invocations=93 (full 6):
 def new generation   total 7536832K, used 7536831K [0x00007f2644600000, 0x00007f28437f0000, 0x00007f2b99b50000)
  eden space 6699456K, 100% used [0x00007f2644600000, 0x00007f27dd470000, 0x00007f27dd470000)
  from space 837376K,  99% used [0x00007f27dd470000, 0x00007f281062ffe8, 0x00007f2810630000)
  to   space 837376K,   0% used [0x00007f2810630000, 0x00007f2810630000, 0x00007f28437f0000)
 tenured generation   total 16748352K, used 12335485K [0x00007f2b99b50000, 0x00007f2f97f20000, 0x00007f3644600000)
   the space 16748352K,  73% used [0x00007f2b99b50000, 0x00007f2e8a9af560, 0x00007f2e8a9af600, 0x00007f2f97f20000)
 Metaspace       used 30257K, capacity 30683K, committed 30976K, reserved 32768K
}
Event: 939.201 GC heap after
{Heap after GC invocations=94 (full 6):
 def new generation   total 7536832K, used 689779K [0x00007f2644600000, 0x00007f28437f0000, 0x00007f2b99b50000)
  eden space 6699456K,   0% used [0x00007f2644600000, 0x00007f2644600000, 0x00007f27dd470000)
  from space 837376K,  82% used [0x00007f2810630000, 0x00007f283a7ccfd8, 0x00007f28437f0000)
  to   space 837376K,   0% used [0x00007f27dd470000, 0x00007f27dd470000, 0x00007f2810630000)
 tenured generation   total 16748352K, used 13172861K [0x00007f2b99b50000, 0x00007f2f97f20000, 0x00007f3644600000)
   the space 16748352K,  78% used [0x00007f2b99b50000, 0x00007f2ebdb6f488, 0x00007f2ebdb6f600, 0x00007f2f97f20000)
 Metaspace       used 30257K, capacity 30683K, committed 30976K, reserved 32768K
}
Event: 941.247 GC heap before
{Heap before GC invocations=94 (full 6):
 def new generation   total 7536832K, used 7389235K [0x00007f2644600000, 0x00007f28437f0000, 0x00007f2b99b50000)
  eden space 6699456K, 100% used [0x00007f2644600000, 0x00007f27dd470000, 0x00007f27dd470000)
  from space 837376K,  82% used [0x00007f2810630000, 0x00007f283a7ccfd8, 0x00007f28437f0000)
  to   space 837376K,   0% used [0x00007f27dd470000, 0x00007f27dd470000, 0x00007f2810630000)
 tenured generation   total 16748352K, used 13172861K [0x00007f2b99b50000, 0x00007f2f97f20000, 0x00007f3644600000)
   the space 16748352K,  78% used [0x00007f2b99b50000, 0x00007f2ebdb6f488, 0x00007f2ebdb6f600, 0x00007f2f97f20000)
 Metaspace       used 30257K, capacity 30683K, committed 30976K, reserved 32768K
}
Event: 943.427 GC heap after
{Heap after GC invocations=95 (full 6):
 def new generation   total 7536832K, used 702734K [0x00007f2644600000, 0x00007f28437f0000, 0x00007f2b99b50000)
  eden space 6699456K,   0% used [0x00007f2644600000, 0x00007f2644600000, 0x00007f27dd470000)
  from space 837376K,  83% used [0x00007f27dd470000, 0x00007f28082b3a60, 0x00007f2810630000)
  to   space 837376K,   0% used [0x00007f2810630000, 0x00007f2810630000, 0x00007f28437f0000)
 tenured generation   total 16748352K, used 13862640K [0x00007f2b99b50000, 0x00007f2f97f20000, 0x00007f3644600000)
   the space 16748352K,  82% used [0x00007f2b99b50000, 0x00007f2ee7d0c300, 0x00007f2ee7d0c400, 0x00007f2f97f20000)
 Metaspace       used 30257K, capacity 30683K, committed 30976K, reserved 32768K
}
Event: 945.753 GC heap before
{Heap before GC invocations=95 (full 6):
 def new generation   total 7536832K, used 7402190K [0x00007f2644600000, 0x00007f28437f0000, 0x00007f2b99b50000)
  eden space 6699456K, 100% used [0x00007f2644600000, 0x00007f27dd470000, 0x00007f27dd470000)
  from space 837376K,  83% used [0x00007f27dd470000, 0x00007f28082b3a60, 0x00007f2810630000)
  to   space 837376K,   0% used [0x00007f2810630000, 0x00007f2810630000, 0x00007f28437f0000)
 tenured generation   total 16748352K, used 13862640K [0x00007f2b99b50000, 0x00007f2f97f20000, 0x00007f3644600000)
   the space 16748352K,  82% used [0x00007f2b99b50000, 0x00007f2ee7d0c300, 0x00007f2ee7d0c400, 0x00007f2f97f20000)
 Metaspace       used 30257K, capacity 30683K, committed 30976K, reserved 32768K
}
Event: 948.004 GC heap after
{Heap after GC invocations=96 (full 6):
 def new generation   total 7536832K, used 713977K [0x00007f2644600000, 0x00007f28437f0000, 0x00007f2b99b50000)
  eden space 6699456K,   0% used [0x00007f2644600000, 0x00007f2644600000, 0x00007f27dd470000)
  from space 837376K,  85% used [0x00007f2810630000, 0x00007f283bf6e4e8, 0x00007f28437f0000)
  to   space 837376K,   0% used [0x00007f27dd470000, 0x00007f27dd470000, 0x00007f2810630000)
 tenured generation   total 16748352K, used 14565375K [0x00007f2b99b50000, 0x00007f2f97f20000, 0x00007f3644600000)
   the space 16748352K,  86% used [0x00007f2b99b50000, 0x00007f2f12b4fd40, 0x00007f2f12b4fe00, 0x00007f2f97f20000)
 Metaspace       used 30257K, capacity 30683K, committed 30976K, reserved 32768K
}
Event: 950.223 GC heap before
{Heap before GC invocations=96 (full 6):
 def new generation   total 7536832K, used 7413433K [0x00007f2644600000, 0x00007f28437f0000, 0x00007f2b99b50000)
  eden space 6699456K, 100% used [0x00007f2644600000, 0x00007f27dd470000, 0x00007f27dd470000)
  from space 837376K,  85% used [0x00007f2810630000, 0x00007f283bf6e4e8, 0x00007f28437f0000)
  to   space 837376K,   0% used [0x00007f27dd470000, 0x00007f27dd470000, 0x00007f2810630000)
 tenured generation   total 16748352K, used 14565375K [0x00007f2b99b50000, 0x00007f2f97f20000, 0x00007f3644600000)
   the space 16748352K,  86% used [0x00007f2b99b50000, 0x00007f2f12b4fd40, 0x00007f2f12b4fe00, 0x00007f2f97f20000)
 Metaspace       used 30257K, capacity 30683K, committed 30976K, reserved 32768K
}
Event: 952.500 GC heap after
{Heap after GC invocations=97 (full 6):
 def new generation   total 7536832K, used 695618K [0x00007f2644600000, 0x00007f28437f0000, 0x00007f2b99b50000)
  eden space 6699456K,   0% used [0x00007f2644600000, 0x00007f2644600000, 0x00007f27dd470000)
  from space 837376K,  83% used [0x00007f27dd470000, 0x00007f2807bc0b28, 0x00007f2810630000)
  to   space 837376K,   0% used [0x00007f2810630000, 0x00007f2810630000, 0x00007f28437f0000)
 tenured generation   total 16748352K, used 15279352K [0x00007f2b99b50000, 0x00007f2f97f20000, 0x00007f3644600000)
   the space 16748352K,  91% used [0x00007f2b99b50000, 0x00007f2f3e48e148, 0x00007f2f3e48e200, 0x00007f2f97f20000)
 Metaspace       used 30257K, capacity 30683K, committed 30976K, reserved 32768K
}
Event: 954.575 GC heap before
{Heap before GC invocations=97 (full 6):
 def new generation   total 7536832K, used 7395074K [0x00007f2644600000, 0x00007f28437f0000, 0x00007f2b99b50000)
  eden space 6699456K, 100% used [0x00007f2644600000, 0x00007f27dd470000, 0x00007f27dd470000)
  from space 837376K,  83% used [0x00007f27dd470000, 0x00007f2807bc0b28, 0x00007f2810630000)
  to   space 837376K,   0% used [0x00007f2810630000, 0x00007f2810630000, 0x00007f28437f0000)
 tenured generation   total 16748352K, used 15279352K [0x00007f2b99b50000, 0x00007f2f97f20000, 0x00007f3644600000)
   the space 16748352K,  91% used [0x00007f2b99b50000, 0x00007f2f3e48e148, 0x00007f2f3e48e200, 0x00007f2f97f20000)
 Metaspace       used 30257K, capacity 30683K, committed 30976K, reserved 32768K
}
Event: 956.824 GC heap after
{Heap after GC invocations=98 (full 6):
 def new generation   total 7536832K, used 714620K [0x00007f2644600000, 0x00007f28437f0000, 0x00007f2b99b50000)
  eden space 6699456K,   0% used [0x00007f2644600000, 0x00007f2644600000, 0x00007f27dd470000)
  from space 837376K,  85% used [0x00007f2810630000, 0x00007f283c00f358, 0x00007f28437f0000)
  to   space 837376K,   0% used [0x00007f27dd470000, 0x00007f27dd470000, 0x00007f2810630000)
 tenured generation   total 16748352K, used 15974970K [0x00007f2b99b50000, 0x00007f2f97f20000, 0x00007f3644600000)
   the space 16748352K,  95% used [0x00007f2b99b50000, 0x00007f2f68bdea60, 0x00007f2f68bdec00, 0x00007f2f97f20000)
 Metaspace       used 30257K, capacity 30683K, committed 30976K, reserved 32768K
}
Event: 958.967 GC heap before
{Heap before GC invocations=98 (full 6):
 def new generation   total 7536832K, used 7414076K [0x00007f2644600000, 0x00007f28437f0000, 0x00007f2b99b50000)
  eden space 6699456K, 100% used [0x00007f2644600000, 0x00007f27dd470000, 0x00007f27dd470000)
  from space 837376K,  85% used [0x00007f2810630000, 0x00007f283c00f358, 0x00007f28437f0000)
  to   space 837376K,   0% used [0x00007f27dd470000, 0x00007f27dd470000, 0x00007f2810630000)
 tenured generation   total 16748352K, used 15974970K [0x00007f2b99b50000, 0x00007f2f97f20000, 0x00007f3644600000)
   the space 16748352K,  95% used [0x00007f2b99b50000, 0x00007f2f68bdea60, 0x00007f2f68bdec00, 0x00007f2f97f20000)
 Metaspace       used 30257K, capacity 30683K, committed 30976K, reserved 32768K
}
Event: 961.214 GC heap after
{Heap after GC invocations=99 (full 6):
 def new generation   total 7536832K, used 709297K [0x00007f2644600000, 0x00007f28437f0000, 0x00007f2b99b50000)
  eden space 6699456K,   0% used [0x00007f2644600000, 0x00007f2644600000, 0x00007f27dd470000)
  from space 837376K,  84% used [0x00007f27dd470000, 0x00007f280891c5d8, 0x00007f2810630000)
  to   space 837376K,   0% used [0x00007f2810630000, 0x00007f2810630000, 0x00007f28437f0000)
 tenured generation   total 16748352K, used 16689591K [0x00007f2b99b50000, 0x00007f2f97f20000, 0x00007f3644600000)
   the space 16748352K,  99% used [0x00007f2b99b50000, 0x00007f2f945bddb8, 0x00007f2f945bde00, 0x00007f2f97f20000)
 Metaspace       used 30257K, capacity 30683K, committed 30976K, reserved 32768K
}
Event: 963.217 GC heap before
{Heap before GC invocations=99 (full 6):
 def new generation   total 7536832K, used 7408753K [0x00007f2644600000, 0x00007f28437f0000, 0x00007f2b99b50000)
  eden space 6699456K, 100% used [0x00007f2644600000, 0x00007f27dd470000, 0x00007f27dd470000)
  from space 837376K,  84% used [0x00007f27dd470000, 0x00007f280891c5d8, 0x00007f2810630000)
  to   space 837376K,   0% used [0x00007f2810630000, 0x00007f2810630000, 0x00007f28437f0000)
 tenured generation   total 16748352K, used 16689591K [0x00007f2b99b50000, 0x00007f2f97f20000, 0x00007f3644600000)
   the space 16748352K,  99% used [0x00007f2b99b50000, 0x00007f2f945bddb8, 0x00007f2f945bde00, 0x00007f2f97f20000)
 Metaspace       used 30257K, capacity 30683K, committed 30976K, reserved 32768K
}
Event: 965.430 GC heap after
{Heap after GC invocations=100 (full 6):
 def new generation   total 7536832K, used 715182K [0x00007f2644600000, 0x00007f28437f0000, 0x00007f2b99b50000)
  eden space 6699456K,   0% used [0x00007f2644600000, 0x00007f2644600000, 0x00007f27dd470000)
  from space 837376K,  85% used [0x00007f2810630000, 0x00007f283c09bae8, 0x00007f28437f0000)
  to   space 837376K,   0% used [0x00007f27dd470000, 0x00007f27dd470000, 0x00007f2810630000)
 tenured generation   total 17399040K, used 17398888K [0x00007f2b99b50000, 0x00007f2fbfa90000, 0x00007f3644600000)
   the space 17399040K,  99% used [0x00007f2b99b50000, 0x00007f2fbfa6a120, 0x00007f2fbfa6a200, 0x00007f2fbfa90000)
 Metaspace       used 30257K, capacity 30683K, committed 30976K, reserved 32768K
}
Event: 965.430 GC heap before
{Heap before GC invocations=100 (full 6):
 def new generation   total 7536832K, used 715182K [0x00007f2644600000, 0x00007f28437f0000, 0x00007f2b99b50000)
  eden space 6699456K,   0% used [0x00007f2644600000, 0x00007f2644600000, 0x00007f27dd470000)
  from space 837376K,  85% used [0x00007f2810630000, 0x00007f283c09bae8, 0x00007f28437f0000)
  to   space 837376K,   0% used [0x00007f27dd470000, 0x00007f27dd470000, 0x00007f2810630000)
 tenured generation   total 17399040K, used 17398888K [0x00007f2b99b50000, 0x00007f2fbfa90000, 0x00007f3644600000)
   the space 17399040K,  99% used [0x00007f2b99b50000, 0x00007f2fbfa6a120, 0x00007f2fbfa6a200, 0x00007f2fbfa90000)
 Metaspace       used 30257K, capacity 30683K, committed 30976K, reserved 32768K
}

