# JRE version: OpenJDK Runtime Environment (13.0.7+5) (build 13.0.7+5-Ubuntu-0ubuntu120.04)
# Java VM: OpenJDK 64-Bit Server VM (13.0.7+5-Ubuntu-0ubuntu120.04, mixed mode, tiered, serial gc, linux-amd64)
Heap:
 def new generation   total 1731456K, used 121826K [0x00007fd6a0600000, 0x00007fd715cb0000, 0x00007fdbf5b50000)
  eden space 1539136K,   7% used [0x00007fd6a0600000, 0x00007fd6a7cf8ae8, 0x00007fd6fe510000)
  from space 192320K,   0% used [0x00007fd70a0e0000, 0x00007fd70a0e0000, 0x00007fd715cb0000)
  to   space 192320K,   0% used [0x00007fd6fe510000, 0x00007fd6fe510000, 0x00007fd70a0e0000)
 tenured generation   total 3961112K, used 3961112K [0x00007fdbf5b50000, 0x00007fdce7796000, 0x00007fe6a0600000)
   the space 3961112K, 100% used [0x00007fdbf5b50000, 0x00007fdce7796000, 0x00007fdce7796000, 0x00007fdce7796000)
 Metaspace       used 30320K, capacity 30758K, committed 30976K, reserved 32768K
GC Heap History (20 events):
Event: 120.124 GC heap after
{Heap after GC invocations=49 (full 4):
 def new generation   total 1731456K, used 119530K [0x00007fd6a0600000, 0x00007fd715cb0000, 0x00007fdbf5b50000)
  eden space 1539136K,   0% used [0x00007fd6a0600000, 0x00007fd6a0600000, 0x00007fd6fe510000)
  from space 192320K,  62% used [0x00007fd6fe510000, 0x00007fd7059ca898, 0x00007fd70a0e0000)
  to   space 192320K,   0% used [0x00007fd70a0e0000, 0x00007fd70a0e0000, 0x00007fd715cb0000)
 tenured generation   total 3847448K, used 2902285K [0x00007fdbf5b50000, 0x00007fdce0896000, 0x00007fe6a0600000)
   the space 3847448K,  75% used [0x00007fdbf5b50000, 0x00007fdca6d93548, 0x00007fdca6d93600, 0x00007fdce0896000)
 Metaspace       used 30320K, capacity 30758K, committed 30976K, reserved 32768K
}
Event: 120.628 GC heap before
{Heap before GC invocations=49 (full 4):
 def new generation   total 1731456K, used 1658666K [0x00007fd6a0600000, 0x00007fd715cb0000, 0x00007fdbf5b50000)
  eden space 1539136K, 100% used [0x00007fd6a0600000, 0x00007fd6fe510000, 0x00007fd6fe510000)
  from space 192320K,  62% used [0x00007fd6fe510000, 0x00007fd7059ca898, 0x00007fd70a0e0000)
  to   space 192320K,   0% used [0x00007fd70a0e0000, 0x00007fd70a0e0000, 0x00007fd715cb0000)
 tenured generation   total 3847448K, used 2902285K [0x00007fdbf5b50000, 0x00007fdce0896000, 0x00007fe6a0600000)
   the space 3847448K,  75% used [0x00007fdbf5b50000, 0x00007fdca6d93548, 0x00007fdca6d93600, 0x00007fdce0896000)
 Metaspace       used 30320K, capacity 30758K, committed 30976K, reserved 32768K
}
Event: 120.979 GC heap after
{Heap after GC invocations=50 (full 4):
 def new generation   total 1731456K, used 118080K [0x00007fd6a0600000, 0x00007fd715cb0000, 0x00007fdbf5b50000)
  eden space 1539136K,   0% used [0x00007fd6a0600000, 0x00007fd6a0600000, 0x00007fd6fe510000)
  from space 192320K,  61% used [0x00007fd70a0e0000, 0x00007fd711430178, 0x00007fd715cb0000)
  to   space 192320K,   0% used [0x00007fd6fe510000, 0x00007fd6fe510000, 0x00007fd70a0e0000)
 tenured generation   total 3847448K, used 3021814K [0x00007fdbf5b50000, 0x00007fdce0896000, 0x00007fe6a0600000)
   the space 3847448K,  78% used [0x00007fdbf5b50000, 0x00007fdcae24d940, 0x00007fdcae24da00, 0x00007fdce0896000)
 Metaspace       used 30320K, capacity 30758K, committed 30976K, reserved 32768K
}
Event: 121.443 GC heap before
{Heap before GC invocations=50 (full 4):
 def new generation   total 1731456K, used 1657216K [0x00007fd6a0600000, 0x00007fd715cb0000, 0x00007fdbf5b50000)
  eden space 1539136K, 100% used [0x00007fd6a0600000, 0x00007fd6fe510000, 0x00007fd6fe510000)
  from space 192320K,  61% used [0x00007fd70a0e0000, 0x00007fd711430178, 0x00007fd715cb0000)
  to   space 192320K,   0% used [0x00007fd6fe510000, 0x00007fd6fe510000, 0x00007fd70a0e0000)
 tenured generation   total 3847448K, used 3021814K [0x00007fdbf5b50000, 0x00007fdce0896000, 0x00007fe6a0600000)
   the space 3847448K,  78% used [0x00007fdbf5b50000, 0x00007fdcae24d940, 0x00007fdcae24da00, 0x00007fdce0896000)
 Metaspace       used 30320K, capacity 30758K, committed 30976K, reserved 32768K
}
Event: 121.797 GC heap after
{Heap after GC invocations=51 (full 4):
 def new generation   total 1731456K, used 114254K [0x00007fd6a0600000, 0x00007fd715cb0000, 0x00007fdbf5b50000)
  eden space 1539136K,   0% used [0x00007fd6a0600000, 0x00007fd6a0600000, 0x00007fd6fe510000)
  from space 192320K,  59% used [0x00007fd6fe510000, 0x00007fd7054a3950, 0x00007fd70a0e0000)
  to   space 192320K,   0% used [0x00007fd70a0e0000, 0x00007fd70a0e0000, 0x00007fd715cb0000)
 tenured generation   total 3847448K, used 3139893K [0x00007fdbf5b50000, 0x00007fdce0896000, 0x00007fe6a0600000)
   the space 3847448K,  81% used [0x00007fdbf5b50000, 0x00007fdcb559d6a8, 0x00007fdcb559d800, 0x00007fdce0896000)
 Metaspace       used 30320K, capacity 30758K, committed 30976K, reserved 32768K
}
Event: 122.231 GC heap before
{Heap before GC invocations=51 (full 4):
 def new generation   total 1731456K, used 1653390K [0x00007fd6a0600000, 0x00007fd715cb0000, 0x00007fdbf5b50000)
  eden space 1539136K, 100% used [0x00007fd6a0600000, 0x00007fd6fe510000, 0x00007fd6fe510000)
  from space 192320K,  59% used [0x00007fd6fe510000, 0x00007fd7054a3950, 0x00007fd70a0e0000)
  to   space 192320K,   0% used [0x00007fd70a0e0000, 0x00007fd70a0e0000, 0x00007fd715cb0000)
 tenured generation   total 3847448K, used 3139893K [0x00007fdbf5b50000, 0x00007fdce0896000, 0x00007fe6a0600000)
   the space 3847448K,  81% used [0x00007fdbf5b50000, 0x00007fdcb559d6a8, 0x00007fdcb559d800, 0x00007fdce0896000)
 Metaspace       used 30320K, capacity 30758K, committed 30976K, reserved 32768K
}
Event: 122.609 GC heap after
{Heap after GC invocations=52 (full 4):
 def new generation   total 1731456K, used 122832K [0x00007fd6a0600000, 0x00007fd715cb0000, 0x00007fdbf5b50000)
  eden space 1539136K,   0% used [0x00007fd6a0600000, 0x00007fd6a0600000, 0x00007fd6fe510000)
  from space 192320K,  63% used [0x00007fd70a0e0000, 0x00007fd7118d41c0, 0x00007fd715cb0000)
  to   space 192320K,   0% used [0x00007fd6fe510000, 0x00007fd6fe510000, 0x00007fd70a0e0000)
 tenured generation   total 3847448K, used 3254147K [0x00007fdbf5b50000, 0x00007fdce0896000, 0x00007fe6a0600000)
   the space 3847448K,  84% used [0x00007fdbf5b50000, 0x00007fdcbc530ff8, 0x00007fdcbc531000, 0x00007fdce0896000)
 Metaspace       used 30320K, capacity 30758K, committed 30976K, reserved 32768K
}
Event: 123.128 GC heap before
{Heap before GC invocations=52 (full 4):
 def new generation   total 1731456K, used 1661968K [0x00007fd6a0600000, 0x00007fd715cb0000, 0x00007fdbf5b50000)
  eden space 1539136K, 100% used [0x00007fd6a0600000, 0x00007fd6fe510000, 0x00007fd6fe510000)
  from space 192320K,  63% used [0x00007fd70a0e0000, 0x00007fd7118d41c0, 0x00007fd715cb0000)
  to   space 192320K,   0% used [0x00007fd6fe510000, 0x00007fd6fe510000, 0x00007fd70a0e0000)
 tenured generation   total 3847448K, used 3254147K [0x00007fdbf5b50000, 0x00007fdce0896000, 0x00007fe6a0600000)
   the space 3847448K,  84% used [0x00007fdbf5b50000, 0x00007fdcbc530ff8, 0x00007fdcbc531000, 0x00007fdce0896000)
 Metaspace       used 30320K, capacity 30758K, committed 30976K, reserved 32768K
}
Event: 123.489 GC heap after
{Heap after GC invocations=53 (full 4):
 def new generation   total 1731456K, used 114227K [0x00007fd6a0600000, 0x00007fd715cb0000, 0x00007fdbf5b50000)
  eden space 1539136K,   0% used [0x00007fd6a0600000, 0x00007fd6a0600000, 0x00007fd6fe510000)
  from space 192320K,  59% used [0x00007fd6fe510000, 0x00007fd70549cce8, 0x00007fd70a0e0000)
  to   space 192320K,   0% used [0x00007fd70a0e0000, 0x00007fd70a0e0000, 0x00007fd715cb0000)
 tenured generation   total 3847448K, used 3376979K [0x00007fdbf5b50000, 0x00007fdce0896000, 0x00007fe6a0600000)
   the space 3847448K,  87% used [0x00007fdbf5b50000, 0x00007fdcc3d24ce8, 0x00007fdcc3d24e00, 0x00007fdce0896000)
 Metaspace       used 30320K, capacity 30758K, committed 30976K, reserved 32768K
}
Event: 123.982 GC heap before
{Heap before GC invocations=53 (full 4):
 def new generation   total 1731456K, used 1653363K [0x00007fd6a0600000, 0x00007fd715cb0000, 0x00007fdbf5b50000)
  eden space 1539136K, 100% used [0x00007fd6a0600000, 0x00007fd6fe510000, 0x00007fd6fe510000)
  from space 192320K,  59% used [0x00007fd6fe510000, 0x00007fd70549cce8, 0x00007fd70a0e0000)
  to   space 192320K,   0% used [0x00007fd70a0e0000, 0x00007fd70a0e0000, 0x00007fd715cb0000)
 tenured generation   total 3847448K, used 3376979K [0x00007fdbf5b50000, 0x00007fdce0896000, 0x00007fe6a0600000)
   the space 3847448K,  87% used [0x00007fdbf5b50000, 0x00007fdcc3d24ce8, 0x00007fdcc3d24e00, 0x00007fdce0896000)
 Metaspace       used 30320K, capacity 30758K, committed 30976K, reserved 32768K
}
Event: 124.328 GC heap after
{Heap after GC invocations=54 (full 4):
 def new generation   total 1731456K, used 113988K [0x00007fd6a0600000, 0x00007fd715cb0000, 0x00007fdbf5b50000)
  eden space 1539136K,   0% used [0x00007fd6a0600000, 0x00007fd6a0600000, 0x00007fd6fe510000)
  from space 192320K,  59% used [0x00007fd70a0e0000, 0x00007fd7110313d8, 0x00007fd715cb0000)
  to   space 192320K,   0% used [0x00007fd6fe510000, 0x00007fd6fe510000, 0x00007fd70a0e0000)
 tenured generation   total 3847448K, used 3491205K [0x00007fdbf5b50000, 0x00007fdce0896000, 0x00007fe6a0600000)
   the space 3847448K,  90% used [0x00007fdbf5b50000, 0x00007fdccacb1580, 0x00007fdccacb1600, 0x00007fdce0896000)
 Metaspace       used 30320K, capacity 30758K, committed 30976K, reserved 32768K
}
Event: 124.777 GC heap before
{Heap before GC invocations=54 (full 4):
 def new generation   total 1731456K, used 1653124K [0x00007fd6a0600000, 0x00007fd715cb0000, 0x00007fdbf5b50000)
  eden space 1539136K, 100% used [0x00007fd6a0600000, 0x00007fd6fe510000, 0x00007fd6fe510000)
  from space 192320K,  59% used [0x00007fd70a0e0000, 0x00007fd7110313d8, 0x00007fd715cb0000)
  to   space 192320K,   0% used [0x00007fd6fe510000, 0x00007fd6fe510000, 0x00007fd70a0e0000)
 tenured generation   total 3847448K, used 3491205K [0x00007fdbf5b50000, 0x00007fdce0896000, 0x00007fe6a0600000)
   the space 3847448K,  90% used [0x00007fdbf5b50000, 0x00007fdccacb1580, 0x00007fdccacb1600, 0x00007fdce0896000)
 Metaspace       used 30320K, capacity 30758K, committed 30976K, reserved 32768K
}
Event: 125.143 GC heap after
{Heap after GC invocations=55 (full 4):
 def new generation   total 1731456K, used 122250K [0x00007fd6a0600000, 0x00007fd715cb0000, 0x00007fdbf5b50000)
  eden space 1539136K,   0% used [0x00007fd6a0600000, 0x00007fd6a0600000, 0x00007fd6fe510000)
  from space 192320K,  63% used [0x00007fd6fe510000, 0x00007fd705c72870, 0x00007fd70a0e0000)
  to   space 192320K,   0% used [0x00007fd70a0e0000, 0x00007fd70a0e0000, 0x00007fd715cb0000)
 tenured generation   total 3847448K, used 3605193K [0x00007fdbf5b50000, 0x00007fdce0896000, 0x00007fe6a0600000)
   the space 3847448K,  93% used [0x00007fdbf5b50000, 0x00007fdcd1c026f8, 0x00007fdcd1c02800, 0x00007fdce0896000)
 Metaspace       used 30320K, capacity 30758K, committed 30976K, reserved 32768K
}
Event: 125.602 GC heap before
{Heap before GC invocations=55 (full 4):
 def new generation   total 1731456K, used 1661386K [0x00007fd6a0600000, 0x00007fd715cb0000, 0x00007fdbf5b50000)
  eden space 1539136K, 100% used [0x00007fd6a0600000, 0x00007fd6fe510000, 0x00007fd6fe510000)
  from space 192320K,  63% used [0x00007fd6fe510000, 0x00007fd705c72870, 0x00007fd70a0e0000)
  to   space 192320K,   0% used [0x00007fd70a0e0000, 0x00007fd70a0e0000, 0x00007fd715cb0000)
 tenured generation   total 3847448K, used 3605193K [0x00007fdbf5b50000, 0x00007fdce0896000, 0x00007fe6a0600000)
   the space 3847448K,  93% used [0x00007fdbf5b50000, 0x00007fdcd1c026f8, 0x00007fdcd1c02800, 0x00007fdce0896000)
 Metaspace       used 30320K, capacity 30758K, committed 30976K, reserved 32768K
}
Event: 125.978 GC heap after
{Heap after GC invocations=56 (full 4):
 def new generation   total 1731456K, used 119974K [0x00007fd6a0600000, 0x00007fd715cb0000, 0x00007fdbf5b50000)
  eden space 1539136K,   0% used [0x00007fd6a0600000, 0x00007fd6a0600000, 0x00007fd6fe510000)
  from space 192320K,  62% used [0x00007fd70a0e0000, 0x00007fd711609b30, 0x00007fd715cb0000)
  to   space 192320K,   0% used [0x00007fd6fe510000, 0x00007fd6fe510000, 0x00007fd70a0e0000)
 tenured generation   total 3847448K, used 3727443K [0x00007fdbf5b50000, 0x00007fdce0896000, 0x00007fe6a0600000)
   the space 3847448K,  96% used [0x00007fdbf5b50000, 0x00007fdcd9364c28, 0x00007fdcd9364e00, 0x00007fdce0896000)
 Metaspace       used 30320K, capacity 30758K, committed 30976K, reserved 32768K
}
Event: 126.434 GC heap before
{Heap before GC invocations=56 (full 4):
 def new generation   total 1731456K, used 1659110K [0x00007fd6a0600000, 0x00007fd715cb0000, 0x00007fdbf5b50000)
  eden space 1539136K, 100% used [0x00007fd6a0600000, 0x00007fd6fe510000, 0x00007fd6fe510000)
  from space 192320K,  62% used [0x00007fd70a0e0000, 0x00007fd711609b30, 0x00007fd715cb0000)
  to   space 192320K,   0% used [0x00007fd6fe510000, 0x00007fd6fe510000, 0x00007fd70a0e0000)
 tenured generation   total 3847448K, used 3727443K [0x00007fdbf5b50000, 0x00007fdce0896000, 0x00007fe6a0600000)
   the space 3847448K,  96% used [0x00007fdbf5b50000, 0x00007fdcd9364c28, 0x00007fdcd9364e00, 0x00007fdce0896000)
 Metaspace       used 30320K, capacity 30758K, committed 30976K, reserved 32768K
}
Event: 126.780 GC heap after
{Heap after GC invocations=57 (full 4):
 def new generation   total 1731456K, used 113546K [0x00007fd6a0600000, 0x00007fd715cb0000, 0x00007fdbf5b50000)
  eden space 1539136K,   0% used [0x00007fd6a0600000, 0x00007fd6a0600000, 0x00007fd6fe510000)
  from space 192320K,  59% used [0x00007fd6fe510000, 0x00007fd7053f2980, 0x00007fd70a0e0000)
  to   space 192320K,   0% used [0x00007fd70a0e0000, 0x00007fd70a0e0000, 0x00007fd715cb0000)
 tenured generation   total 3847448K, used 3847416K [0x00007fdbf5b50000, 0x00007fdce0896000, 0x00007fe6a0600000)
   the space 3847448K,  99% used [0x00007fdbf5b50000, 0x00007fdce088e308, 0x00007fdce088e400, 0x00007fdce0896000)
 Metaspace       used 30320K, capacity 30758K, committed 30976K, reserved 32768K
}
Event: 127.275 GC heap before
{Heap before GC invocations=57 (full 4):
 def new generation   total 1731456K, used 1652682K [0x00007fd6a0600000, 0x00007fd715cb0000, 0x00007fdbf5b50000)
  eden space 1539136K, 100% used [0x00007fd6a0600000, 0x00007fd6fe510000, 0x00007fd6fe510000)
  from space 192320K,  59% used [0x00007fd6fe510000, 0x00007fd7053f2980, 0x00007fd70a0e0000)
  to   space 192320K,   0% used [0x00007fd70a0e0000, 0x00007fd70a0e0000, 0x00007fd715cb0000)
 tenured generation   total 3847448K, used 3847416K [0x00007fdbf5b50000, 0x00007fdce0896000, 0x00007fe6a0600000)
   the space 3847448K,  99% used [0x00007fdbf5b50000, 0x00007fdce088e308, 0x00007fdce088e400, 0x00007fdce0896000)
 Metaspace       used 30320K, capacity 30758K, committed 30976K, reserved 32768K
}
Event: 127.639 GC heap after
{Heap after GC invocations=58 (full 4):
 def new generation   total 1731456K, used 121976K [0x00007fd6a0600000, 0x00007fd715cb0000, 0x00007fdbf5b50000)
  eden space 1539136K,   0% used [0x00007fd6a0600000, 0x00007fd6a0600000, 0x00007fd6fe510000)
  from space 192320K,  63% used [0x00007fd70a0e0000, 0x00007fd7117fe180, 0x00007fd715cb0000)
  to   space 192320K,   0% used [0x00007fd6fe510000, 0x00007fd6fe510000, 0x00007fd70a0e0000)
 tenured generation   total 3961112K, used 3960962K [0x00007fdbf5b50000, 0x00007fdce7796000, 0x00007fe6a0600000)
   the space 3961112K,  99% used [0x00007fdbf5b50000, 0x00007fdce7770968, 0x00007fdce7770a00, 0x00007fdce7796000)
 Metaspace       used 30320K, capacity 30758K, committed 30976K, reserved 32768K
}
Event: 127.639 GC heap before
{Heap before GC invocations=58 (full 4):
 def new generation   total 1731456K, used 121976K [0x00007fd6a0600000, 0x00007fd715cb0000, 0x00007fdbf5b50000)
  eden space 1539136K,   0% used [0x00007fd6a0600000, 0x00007fd6a0600000, 0x00007fd6fe510000)
  from space 192320K,  63% used [0x00007fd70a0e0000, 0x00007fd7117fe180, 0x00007fd715cb0000)
  to   space 192320K,   0% used [0x00007fd6fe510000, 0x00007fd6fe510000, 0x00007fd70a0e0000)
 tenured generation   total 3961112K, used 3960962K [0x00007fdbf5b50000, 0x00007fdce7796000, 0x00007fe6a0600000)
   the space 3961112K,  99% used [0x00007fdbf5b50000, 0x00007fdce7770968, 0x00007fdce7770a00, 0x00007fdce7796000)
 Metaspace       used 30320K, capacity 30758K, committed 30976K, reserved 32768K
}

