# JRE version: OpenJDK Runtime Environment (13.0.7+5) (build 13.0.7+5-Ubuntu-0ubuntu120.04)
# Java VM: OpenJDK 64-Bit Server VM (13.0.7+5-Ubuntu-0ubuntu120.04, mixed mode, tiered, serial gc, linux-amd64)
Heap:
 def new generation   total 1050432K, used 56744K [0x00007fe5f0600000, 0x00007fe6379c0000, 0x00007feb45b50000)
  eden space 933760K,   6% used [0x00007fe5f0600000, 0x00007fe5f3d6a108, 0x00007fe6295e0000)
  from space 116672K,   0% used [0x00007fe6307d0000, 0x00007fe6307d0000, 0x00007fe6379c0000)
  to   space 116672K,   0% used [0x00007fe6295e0000, 0x00007fe6295e0000, 0x00007fe6307d0000)
 tenured generation   total 2337152K, used 2337151K [0x00007feb45b50000, 0x00007febd45b0000, 0x00007ff5f0600000)
   the space 2337152K,  99% used [0x00007feb45b50000, 0x00007febd45affe0, 0x00007febd45b0000, 0x00007febd45b0000)
 Metaspace       used 24249K, capacity 24601K, committed 24832K, reserved 26624K
GC Heap History (20 events):
Event: 658.163 GC heap after
{Heap after GC invocations=877 (full 2):
 def new generation   total 1050432K, used 49998K [0x00007fe5f0600000, 0x00007fe6379c0000, 0x00007feb45b50000)
  eden space 933760K,   0% used [0x00007fe5f0600000, 0x00007fe5f0600000, 0x00007fe6295e0000)
  from space 116672K,  42% used [0x00007fe6295e0000, 0x00007fe62c6b3ba8, 0x00007fe6307d0000)
  to   space 116672K,   0% used [0x00007fe6307d0000, 0x00007fe6307d0000, 0x00007fe6379c0000)
 tenured generation   total 2334080K, used 2302827K [0x00007feb45b50000, 0x00007febd42b0000, 0x00007ff5f0600000)
   the space 2334080K,  98% used [0x00007feb45b50000, 0x00007febd242ae68, 0x00007febd242b000, 0x00007febd42b0000)
 Metaspace       used 24249K, capacity 24601K, committed 24832K, reserved 26624K
}
Event: 659.102 GC heap before
{Heap before GC invocations=877 (full 2):
 def new generation   total 1050432K, used 983758K [0x00007fe5f0600000, 0x00007fe6379c0000, 0x00007feb45b50000)
  eden space 933760K, 100% used [0x00007fe5f0600000, 0x00007fe6295e0000, 0x00007fe6295e0000)
  from space 116672K,  42% used [0x00007fe6295e0000, 0x00007fe62c6b3ba8, 0x00007fe6307d0000)
  to   space 116672K,   0% used [0x00007fe6307d0000, 0x00007fe6307d0000, 0x00007fe6379c0000)
 tenured generation   total 2334080K, used 2302827K [0x00007feb45b50000, 0x00007febd42b0000, 0x00007ff5f0600000)
   the space 2334080K,  98% used [0x00007feb45b50000, 0x00007febd242ae68, 0x00007febd242b000, 0x00007febd42b0000)
 Metaspace       used 24249K, capacity 24601K, committed 24832K, reserved 26624K
}
Event: 659.233 GC heap after
{Heap after GC invocations=878 (full 2):
 def new generation   total 1050432K, used 57191K [0x00007fe5f0600000, 0x00007fe6379c0000, 0x00007feb45b50000)
  eden space 933760K,   0% used [0x00007fe5f0600000, 0x00007fe5f0600000, 0x00007fe6295e0000)
  from space 116672K,  49% used [0x00007fe6307d0000, 0x00007fe633fa9d50, 0x00007fe6379c0000)
  to   space 116672K,   0% used [0x00007fe6295e0000, 0x00007fe6295e0000, 0x00007fe6307d0000)
 tenured generation   total 2334080K, used 2305094K [0x00007feb45b50000, 0x00007febd42b0000, 0x00007ff5f0600000)
   the space 2334080K,  98% used [0x00007feb45b50000, 0x00007febd26619b8, 0x00007febd2661a00, 0x00007febd42b0000)
 Metaspace       used 24249K, capacity 24601K, committed 24832K, reserved 26624K
}
Event: 660.125 GC heap before
{Heap before GC invocations=878 (full 2):
 def new generation   total 1050432K, used 990951K [0x00007fe5f0600000, 0x00007fe6379c0000, 0x00007feb45b50000)
  eden space 933760K, 100% used [0x00007fe5f0600000, 0x00007fe6295e0000, 0x00007fe6295e0000)
  from space 116672K,  49% used [0x00007fe6307d0000, 0x00007fe633fa9d50, 0x00007fe6379c0000)
  to   space 116672K,   0% used [0x00007fe6295e0000, 0x00007fe6295e0000, 0x00007fe6307d0000)
 tenured generation   total 2334080K, used 2305094K [0x00007feb45b50000, 0x00007febd42b0000, 0x00007ff5f0600000)
   the space 2334080K,  98% used [0x00007feb45b50000, 0x00007febd26619b8, 0x00007febd2661a00, 0x00007febd42b0000)
 Metaspace       used 24249K, capacity 24601K, committed 24832K, reserved 26624K
}
Event: 660.258 GC heap after
{Heap after GC invocations=879 (full 2):
 def new generation   total 1050432K, used 57187K [0x00007fe5f0600000, 0x00007fe6379c0000, 0x00007feb45b50000)
  eden space 933760K,   0% used [0x00007fe5f0600000, 0x00007fe5f0600000, 0x00007fe6295e0000)
  from space 116672K,  49% used [0x00007fe6295e0000, 0x00007fe62cdb8f28, 0x00007fe6307d0000)
  to   space 116672K,   0% used [0x00007fe6307d0000, 0x00007fe6307d0000, 0x00007fe6379c0000)
 tenured generation   total 2334080K, used 2307391K [0x00007feb45b50000, 0x00007febd42b0000, 0x00007ff5f0600000)
   the space 2334080K,  98% used [0x00007feb45b50000, 0x00007febd289ff90, 0x00007febd28a0000, 0x00007febd42b0000)
 Metaspace       used 24249K, capacity 24601K, committed 24832K, reserved 26624K
}
Event: 661.148 GC heap before
{Heap before GC invocations=879 (full 2):
 def new generation   total 1050432K, used 990947K [0x00007fe5f0600000, 0x00007fe6379c0000, 0x00007feb45b50000)
  eden space 933760K, 100% used [0x00007fe5f0600000, 0x00007fe6295e0000, 0x00007fe6295e0000)
  from space 116672K,  49% used [0x00007fe6295e0000, 0x00007fe62cdb8f28, 0x00007fe6307d0000)
  to   space 116672K,   0% used [0x00007fe6307d0000, 0x00007fe6307d0000, 0x00007fe6379c0000)
 tenured generation   total 2334080K, used 2307391K [0x00007feb45b50000, 0x00007febd42b0000, 0x00007ff5f0600000)
   the space 2334080K,  98% used [0x00007feb45b50000, 0x00007febd289ff90, 0x00007febd28a0000, 0x00007febd42b0000)
 Metaspace       used 24249K, capacity 24601K, committed 24832K, reserved 26624K
}
Event: 661.271 GC heap after
{Heap after GC invocations=880 (full 2):
 def new generation   total 1050432K, used 61154K [0x00007fe5f0600000, 0x00007fe6379c0000, 0x00007feb45b50000)
  eden space 933760K,   0% used [0x00007fe5f0600000, 0x00007fe5f0600000, 0x00007fe6295e0000)
  from space 116672K,  52% used [0x00007fe6307d0000, 0x00007fe634388990, 0x00007fe6379c0000)
  to   space 116672K,   0% used [0x00007fe6295e0000, 0x00007fe6295e0000, 0x00007fe6307d0000)
 tenured generation   total 2334080K, used 2309689K [0x00007feb45b50000, 0x00007febd42b0000, 0x00007ff5f0600000)
   the space 2334080K,  98% used [0x00007feb45b50000, 0x00007febd2ade568, 0x00007febd2ade600, 0x00007febd42b0000)
 Metaspace       used 24249K, capacity 24601K, committed 24832K, reserved 26624K
}
Event: 662.102 GC heap before
{Heap before GC invocations=880 (full 2):
 def new generation   total 1050432K, used 994914K [0x00007fe5f0600000, 0x00007fe6379c0000, 0x00007feb45b50000)
  eden space 933760K, 100% used [0x00007fe5f0600000, 0x00007fe6295e0000, 0x00007fe6295e0000)
  from space 116672K,  52% used [0x00007fe6307d0000, 0x00007fe634388990, 0x00007fe6379c0000)
  to   space 116672K,   0% used [0x00007fe6295e0000, 0x00007fe6295e0000, 0x00007fe6307d0000)
 tenured generation   total 2334080K, used 2309689K [0x00007feb45b50000, 0x00007febd42b0000, 0x00007ff5f0600000)
   the space 2334080K,  98% used [0x00007feb45b50000, 0x00007febd2ade568, 0x00007febd2ade600, 0x00007febd42b0000)
 Metaspace       used 24249K, capacity 24601K, committed 24832K, reserved 26624K
}
Event: 662.217 GC heap after
{Heap after GC invocations=881 (full 2):
 def new generation   total 1050432K, used 60160K [0x00007fe5f0600000, 0x00007fe6379c0000, 0x00007feb45b50000)
  eden space 933760K,   0% used [0x00007fe5f0600000, 0x00007fe5f0600000, 0x00007fe6295e0000)
  from space 116672K,  51% used [0x00007fe6295e0000, 0x00007fe62d0a0218, 0x00007fe6307d0000)
  to   space 116672K,   0% used [0x00007fe6307d0000, 0x00007fe6307d0000, 0x00007fe6379c0000)
 tenured generation   total 2334080K, used 2312960K [0x00007feb45b50000, 0x00007febd42b0000, 0x00007ff5f0600000)
   the space 2334080K,  99% used [0x00007feb45b50000, 0x00007febd2e102c0, 0x00007febd2e10400, 0x00007febd42b0000)
 Metaspace       used 24249K, capacity 24601K, committed 24832K, reserved 26624K
}
Event: 663.052 GC heap before
{Heap before GC invocations=881 (full 2):
 def new generation   total 1050432K, used 993920K [0x00007fe5f0600000, 0x00007fe6379c0000, 0x00007feb45b50000)
  eden space 933760K, 100% used [0x00007fe5f0600000, 0x00007fe6295e0000, 0x00007fe6295e0000)
  from space 116672K,  51% used [0x00007fe6295e0000, 0x00007fe62d0a0218, 0x00007fe6307d0000)
  to   space 116672K,   0% used [0x00007fe6307d0000, 0x00007fe6307d0000, 0x00007fe6379c0000)
 tenured generation   total 2334080K, used 2312960K [0x00007feb45b50000, 0x00007febd42b0000, 0x00007ff5f0600000)
   the space 2334080K,  99% used [0x00007feb45b50000, 0x00007febd2e102c0, 0x00007febd2e10400, 0x00007febd42b0000)
 Metaspace       used 24249K, capacity 24601K, committed 24832K, reserved 26624K
}
Event: 663.189 GC heap after
{Heap after GC invocations=882 (full 2):
 def new generation   total 1050432K, used 67183K [0x00007fe5f0600000, 0x00007fe6379c0000, 0x00007feb45b50000)
  eden space 933760K,   0% used [0x00007fe5f0600000, 0x00007fe5f0600000, 0x00007fe6295e0000)
  from space 116672K,  57% used [0x00007fe6307d0000, 0x00007fe63496bd48, 0x00007fe6379c0000)
  to   space 116672K,   0% used [0x00007fe6295e0000, 0x00007fe6295e0000, 0x00007fe6307d0000)
 tenured generation   total 2334080K, used 2317196K [0x00007feb45b50000, 0x00007febd42b0000, 0x00007ff5f0600000)
   the space 2334080K,  99% used [0x00007feb45b50000, 0x00007febd32332d0, 0x00007febd3233400, 0x00007febd42b0000)
 Metaspace       used 24249K, capacity 24601K, committed 24832K, reserved 26624K
}
Event: 664.015 GC heap before
{Heap before GC invocations=882 (full 2):
 def new generation   total 1050432K, used 1000943K [0x00007fe5f0600000, 0x00007fe6379c0000, 0x00007feb45b50000)
  eden space 933760K, 100% used [0x00007fe5f0600000, 0x00007fe6295e0000, 0x00007fe6295e0000)
  from space 116672K,  57% used [0x00007fe6307d0000, 0x00007fe63496bd48, 0x00007fe6379c0000)
  to   space 116672K,   0% used [0x00007fe6295e0000, 0x00007fe6295e0000, 0x00007fe6307d0000)
 tenured generation   total 2334080K, used 2317196K [0x00007feb45b50000, 0x00007febd42b0000, 0x00007ff5f0600000)
   the space 2334080K,  99% used [0x00007feb45b50000, 0x00007febd32332d0, 0x00007febd3233400, 0x00007febd42b0000)
 Metaspace       used 24249K, capacity 24601K, committed 24832K, reserved 26624K
}
Event: 664.135 GC heap after
{Heap after GC invocations=883 (full 2):
 def new generation   total 1050432K, used 60317K [0x00007fe5f0600000, 0x00007fe6379c0000, 0x00007feb45b50000)
  eden space 933760K,   0% used [0x00007fe5f0600000, 0x00007fe5f0600000, 0x00007fe6295e0000)
  from space 116672K,  51% used [0x00007fe6295e0000, 0x00007fe62d0c7638, 0x00007fe6307d0000)
  to   space 116672K,   0% used [0x00007fe6307d0000, 0x00007fe6307d0000, 0x00007fe6379c0000)
 tenured generation   total 2334080K, used 2326355K [0x00007feb45b50000, 0x00007febd42b0000, 0x00007ff5f0600000)
   the space 2334080K,  99% used [0x00007feb45b50000, 0x00007febd3b24fa8, 0x00007febd3b25000, 0x00007febd42b0000)
 Metaspace       used 24249K, capacity 24601K, committed 24832K, reserved 26624K
}
Event: 664.947 GC heap before
{Heap before GC invocations=883 (full 2):
 def new generation   total 1050432K, used 994077K [0x00007fe5f0600000, 0x00007fe6379c0000, 0x00007feb45b50000)
  eden space 933760K, 100% used [0x00007fe5f0600000, 0x00007fe6295e0000, 0x00007fe6295e0000)
  from space 116672K,  51% used [0x00007fe6295e0000, 0x00007fe62d0c7638, 0x00007fe6307d0000)
  to   space 116672K,   0% used [0x00007fe6307d0000, 0x00007fe6307d0000, 0x00007fe6379c0000)
 tenured generation   total 2334080K, used 2326355K [0x00007feb45b50000, 0x00007febd42b0000, 0x00007ff5f0600000)
   the space 2334080K,  99% used [0x00007feb45b50000, 0x00007febd3b24fa8, 0x00007febd3b25000, 0x00007febd42b0000)
 Metaspace       used 24249K, capacity 24601K, committed 24832K, reserved 26624K
}
Event: 665.051 GC heap after
{Heap after GC invocations=884 (full 2):
 def new generation   total 1050432K, used 59928K [0x00007fe5f0600000, 0x00007fe6379c0000, 0x00007feb45b50000)
  eden space 933760K,   0% used [0x00007fe5f0600000, 0x00007fe5f0600000, 0x00007fe6295e0000)
  from space 116672K,  51% used [0x00007fe6307d0000, 0x00007fe634256340, 0x00007fe6379c0000)
  to   space 116672K,   0% used [0x00007fe6295e0000, 0x00007fe6295e0000, 0x00007fe6307d0000)
 tenured generation   total 2334080K, used 2329021K [0x00007feb45b50000, 0x00007febd42b0000, 0x00007ff5f0600000)
   the space 2334080K,  99% used [0x00007feb45b50000, 0x00007febd3dbf560, 0x00007febd3dbf600, 0x00007febd42b0000)
 Metaspace       used 24249K, capacity 24601K, committed 24832K, reserved 26624K
}
Event: 665.896 GC heap before
{Heap before GC invocations=884 (full 2):
 def new generation   total 1050432K, used 993688K [0x00007fe5f0600000, 0x00007fe6379c0000, 0x00007feb45b50000)
  eden space 933760K, 100% used [0x00007fe5f0600000, 0x00007fe6295e0000, 0x00007fe6295e0000)
  from space 116672K,  51% used [0x00007fe6307d0000, 0x00007fe634256340, 0x00007fe6379c0000)
  to   space 116672K,   0% used [0x00007fe6295e0000, 0x00007fe6295e0000, 0x00007fe6307d0000)
 tenured generation   total 2334080K, used 2329021K [0x00007feb45b50000, 0x00007febd42b0000, 0x00007ff5f0600000)
   the space 2334080K,  99% used [0x00007feb45b50000, 0x00007febd3dbf560, 0x00007febd3dbf600, 0x00007febd42b0000)
 Metaspace       used 24249K, capacity 24601K, committed 24832K, reserved 26624K
}
Event: 665.997 GC heap after
{Heap after GC invocations=885 (full 2):
 def new generation   total 1050432K, used 58562K [0x00007fe5f0600000, 0x00007fe6379c0000, 0x00007feb45b50000)
  eden space 933760K,   0% used [0x00007fe5f0600000, 0x00007fe5f0600000, 0x00007fe6295e0000)
  from space 116672K,  50% used [0x00007fe6295e0000, 0x00007fe62cf10808, 0x00007fe6307d0000)
  to   space 116672K,   0% used [0x00007fe6307d0000, 0x00007fe6307d0000, 0x00007fe6379c0000)
 tenured generation   total 2334080K, used 2332681K [0x00007feb45b50000, 0x00007febd42b0000, 0x00007ff5f0600000)
   the space 2334080K,  99% used [0x00007feb45b50000, 0x00007febd4152738, 0x00007febd4152800, 0x00007febd42b0000)
 Metaspace       used 24249K, capacity 24601K, committed 24832K, reserved 26624K
}
Event: 666.837 GC heap before
{Heap before GC invocations=885 (full 2):
 def new generation   total 1050432K, used 992322K [0x00007fe5f0600000, 0x00007fe6379c0000, 0x00007feb45b50000)
  eden space 933760K, 100% used [0x00007fe5f0600000, 0x00007fe6295e0000, 0x00007fe6295e0000)
  from space 116672K,  50% used [0x00007fe6295e0000, 0x00007fe62cf10808, 0x00007fe6307d0000)
  to   space 116672K,   0% used [0x00007fe6307d0000, 0x00007fe6307d0000, 0x00007fe6379c0000)
 tenured generation   total 2334080K, used 2332681K [0x00007feb45b50000, 0x00007febd42b0000, 0x00007ff5f0600000)
   the space 2334080K,  99% used [0x00007feb45b50000, 0x00007febd4152738, 0x00007febd4152800, 0x00007febd42b0000)
 Metaspace       used 24249K, capacity 24601K, committed 24832K, reserved 26624K
}
Event: 666.955 GC heap after
{Heap after GC invocations=886 (full 2):
 def new generation   total 1050432K, used 56886K [0x00007fe5f0600000, 0x00007fe6379c0000, 0x00007feb45b50000)
  eden space 933760K,   0% used [0x00007fe5f0600000, 0x00007fe5f0600000, 0x00007fe6295e0000)
  from space 116672K,  48% used [0x00007fe6307d0000, 0x00007fe633f5db20, 0x00007fe6379c0000)
  to   space 116672K,   0% used [0x00007fe6295e0000, 0x00007fe6295e0000, 0x00007fe6307d0000)
 tenured generation   total 2337152K, used 2337009K [0x00007feb45b50000, 0x00007febd45b0000, 0x00007ff5f0600000)
   the space 2337152K,  99% used [0x00007feb45b50000, 0x00007febd458c5c8, 0x00007febd458c600, 0x00007febd45b0000)
 Metaspace       used 24249K, capacity 24601K, committed 24832K, reserved 26624K
}
Event: 666.955 GC heap before
{Heap before GC invocations=886 (full 2):
 def new generation   total 1050432K, used 56886K [0x00007fe5f0600000, 0x00007fe6379c0000, 0x00007feb45b50000)
  eden space 933760K,   0% used [0x00007fe5f0600000, 0x00007fe5f0600000, 0x00007fe6295e0000)
  from space 116672K,  48% used [0x00007fe6307d0000, 0x00007fe633f5db20, 0x00007fe6379c0000)
  to   space 116672K,   0% used [0x00007fe6295e0000, 0x00007fe6295e0000, 0x00007fe6307d0000)
 tenured generation   total 2337152K, used 2337009K [0x00007feb45b50000, 0x00007febd45b0000, 0x00007ff5f0600000)
   the space 2337152K,  99% used [0x00007feb45b50000, 0x00007febd458c5c8, 0x00007febd458c600, 0x00007febd45b0000)
 Metaspace       used 24249K, capacity 24601K, committed 24832K, reserved 26624K
}

