# JRE version: OpenJDK Runtime Environment (13.0.7+5) (build 13.0.7+5-Ubuntu-0ubuntu120.04)
# Java VM: OpenJDK 64-Bit Server VM (13.0.7+5-Ubuntu-0ubuntu120.04, mixed mode, tiered, serial gc, linux-amd64)
Heap:
 def new generation   total 4828608K, used 0K [0x00007f122c600000, 0x00007f1373d60000, 0x00007f1781b50000)
  eden space 4292096K,   0% used [0x00007f122c600000, 0x00007f122c600000, 0x00007f1332580000)
  from space 536512K,   0% used [0x00007f1353170000, 0x00007f1353170000, 0x00007f1373d60000)
  to   space 536512K,   0% used [0x00007f1332580000, 0x00007f1332580000, 0x00007f1353170000)
 tenured generation   total 12827380K, used 12570817K [0x00007f1781b50000, 0x00007f1a90a0d000, 0x00007f222c600000)
   the space 12827380K,  97% used [0x00007f1781b50000, 0x00007f1a80f80798, 0x00007f1a80f80800, 0x00007f1a90a0d000)
 Metaspace       used 24534K, capacity 24964K, committed 25088K, reserved 26624K
GC Heap History (20 events):
Event: 79713.845 GC heap after
{Heap after GC invocations=96023 (full 5):
 def new generation   total 4828608K, used 5130K [0x00007f122c600000, 0x00007f1373d60000, 0x00007f1781b50000)
  eden space 4292096K,   0% used [0x00007f122c600000, 0x00007f122c600000, 0x00007f1332580000)
  from space 536512K,   0% used [0x00007f1332580000, 0x00007f1332a82838, 0x00007f1353170000)
  to   space 536512K,   0% used [0x00007f1353170000, 0x00007f1353170000, 0x00007f1373d60000)
 tenured generation   total 10730220K, used 10183033K [0x00007f1781b50000, 0x00007f1a10a0b000, 0x00007f222c600000)
   the space 10730220K,  94% used [0x00007f1781b50000, 0x00007f19ef3ae6f8, 0x00007f19ef3ae800, 0x00007f1a10a0b000)
 Metaspace       used 24373K, capacity 24765K, committed 24832K, reserved 26624K
}
Event: 79716.281 GC heap before
{Heap before GC invocations=96023 (full 5):
 def new generation   total 4828608K, used 4297226K [0x00007f122c600000, 0x00007f1373d60000, 0x00007f1781b50000)
  eden space 4292096K, 100% used [0x00007f122c600000, 0x00007f1332580000, 0x00007f1332580000)
  from space 536512K,   0% used [0x00007f1332580000, 0x00007f1332a82838, 0x00007f1353170000)
  to   space 536512K,   0% used [0x00007f1353170000, 0x00007f1353170000, 0x00007f1373d60000)
 tenured generation   total 10730220K, used 10183033K [0x00007f1781b50000, 0x00007f1a10a0b000, 0x00007f222c600000)
   the space 10730220K,  94% used [0x00007f1781b50000, 0x00007f19ef3ae6f8, 0x00007f19ef3ae800, 0x00007f1a10a0b000)
 Metaspace       used 24373K, capacity 24765K, committed 24832K, reserved 26624K
}
Event: 79716.294 GC heap after
{Heap after GC invocations=96024 (full 5):
 def new generation   total 4828608K, used 5039K [0x00007f122c600000, 0x00007f1373d60000, 0x00007f1781b50000)
  eden space 4292096K,   0% used [0x00007f122c600000, 0x00007f122c600000, 0x00007f1332580000)
  from space 536512K,   0% used [0x00007f1353170000, 0x00007f135365beb0, 0x00007f1373d60000)
  to   space 536512K,   0% used [0x00007f1332580000, 0x00007f1332580000, 0x00007f1353170000)
 tenured generation   total 10730220K, used 10183336K [0x00007f1781b50000, 0x00007f1a10a0b000, 0x00007f222c600000)
   the space 10730220K,  94% used [0x00007f1781b50000, 0x00007f19ef3fa268, 0x00007f19ef3fa400, 0x00007f1a10a0b000)
 Metaspace       used 24373K, capacity 24765K, committed 24832K, reserved 26624K
}
Event: 79718.714 GC heap before
{Heap before GC invocations=96024 (full 5):
 def new generation   total 4828608K, used 4297135K [0x00007f122c600000, 0x00007f1373d60000, 0x00007f1781b50000)
  eden space 4292096K, 100% used [0x00007f122c600000, 0x00007f1332580000, 0x00007f1332580000)
  from space 536512K,   0% used [0x00007f1353170000, 0x00007f135365beb0, 0x00007f1373d60000)
  to   space 536512K,   0% used [0x00007f1332580000, 0x00007f1332580000, 0x00007f1353170000)
 tenured generation   total 10730220K, used 10183336K [0x00007f1781b50000, 0x00007f1a10a0b000, 0x00007f222c600000)
   the space 10730220K,  94% used [0x00007f1781b50000, 0x00007f19ef3fa268, 0x00007f19ef3fa400, 0x00007f1a10a0b000)
 Metaspace       used 24373K, capacity 24765K, committed 24832K, reserved 26624K
}
Event: 79718.725 GC heap after
{Heap after GC invocations=96025 (full 5):
 def new generation   total 4828608K, used 5214K [0x00007f122c600000, 0x00007f1373d60000, 0x00007f1781b50000)
  eden space 4292096K,   0% used [0x00007f122c600000, 0x00007f122c600000, 0x00007f1332580000)
  from space 536512K,   0% used [0x00007f1332580000, 0x00007f1332a979b0, 0x00007f1353170000)
  to   space 536512K,   0% used [0x00007f1353170000, 0x00007f1353170000, 0x00007f1373d60000)
 tenured generation   total 10730220K, used 10183640K [0x00007f1781b50000, 0x00007f1a10a0b000, 0x00007f222c600000)
   the space 10730220K,  94% used [0x00007f1781b50000, 0x00007f19ef4460a8, 0x00007f19ef446200, 0x00007f1a10a0b000)
 Metaspace       used 24373K, capacity 24765K, committed 24832K, reserved 26624K
}
Event: 79721.146 GC heap before
{Heap before GC invocations=96025 (full 5):
 def new generation   total 4828608K, used 4297310K [0x00007f122c600000, 0x00007f1373d60000, 0x00007f1781b50000)
  eden space 4292096K, 100% used [0x00007f122c600000, 0x00007f1332580000, 0x00007f1332580000)
  from space 536512K,   0% used [0x00007f1332580000, 0x00007f1332a979b0, 0x00007f1353170000)
  to   space 536512K,   0% used [0x00007f1353170000, 0x00007f1353170000, 0x00007f1373d60000)
 tenured generation   total 10730220K, used 10183640K [0x00007f1781b50000, 0x00007f1a10a0b000, 0x00007f222c600000)
   the space 10730220K,  94% used [0x00007f1781b50000, 0x00007f19ef4460a8, 0x00007f19ef446200, 0x00007f1a10a0b000)
 Metaspace       used 24373K, capacity 24765K, committed 24832K, reserved 26624K
}
Event: 79721.157 GC heap after
{Heap after GC invocations=96026 (full 5):
 def new generation   total 4828608K, used 5125K [0x00007f122c600000, 0x00007f1373d60000, 0x00007f1781b50000)
  eden space 4292096K,   0% used [0x00007f122c600000, 0x00007f122c600000, 0x00007f1332580000)
  from space 536512K,   0% used [0x00007f1353170000, 0x00007f1353671538, 0x00007f1373d60000)
  to   space 536512K,   0% used [0x00007f1332580000, 0x00007f1332580000, 0x00007f1353170000)
 tenured generation   total 10730220K, used 10184043K [0x00007f1781b50000, 0x00007f1a10a0b000, 0x00007f222c600000)
   the space 10730220K,  94% used [0x00007f1781b50000, 0x00007f19ef4aad18, 0x00007f19ef4aae00, 0x00007f1a10a0b000)
 Metaspace       used 24373K, capacity 24765K, committed 24832K, reserved 26624K
}
Event: 79723.569 GC heap before
{Heap before GC invocations=96026 (full 5):
 def new generation   total 4828608K, used 4297221K [0x00007f122c600000, 0x00007f1373d60000, 0x00007f1781b50000)
  eden space 4292096K, 100% used [0x00007f122c600000, 0x00007f1332580000, 0x00007f1332580000)
  from space 536512K,   0% used [0x00007f1353170000, 0x00007f1353671538, 0x00007f1373d60000)
  to   space 536512K,   0% used [0x00007f1332580000, 0x00007f1332580000, 0x00007f1353170000)
 tenured generation   total 10730220K, used 10184043K [0x00007f1781b50000, 0x00007f1a10a0b000, 0x00007f222c600000)
   the space 10730220K,  94% used [0x00007f1781b50000, 0x00007f19ef4aad18, 0x00007f19ef4aae00, 0x00007f1a10a0b000)
 Metaspace       used 24373K, capacity 24765K, committed 24832K, reserved 26624K
}
Event: 79723.579 GC heap after
{Heap after GC invocations=96027 (full 5):
 def new generation   total 4828608K, used 5123K [0x00007f122c600000, 0x00007f1373d60000, 0x00007f1781b50000)
  eden space 4292096K,   0% used [0x00007f122c600000, 0x00007f122c600000, 0x00007f1332580000)
  from space 536512K,   0% used [0x00007f1332580000, 0x00007f1332a80d08, 0x00007f1353170000)
  to   space 536512K,   0% used [0x00007f1353170000, 0x00007f1353170000, 0x00007f1373d60000)
 tenured generation   total 10730220K, used 10184346K [0x00007f1781b50000, 0x00007f1a10a0b000, 0x00007f222c600000)
   the space 10730220K,  94% used [0x00007f1781b50000, 0x00007f19ef4f6888, 0x00007f19ef4f6a00, 0x00007f1a10a0b000)
 Metaspace       used 24373K, capacity 24765K, committed 24832K, reserved 26624K
}
Event: 79725.989 GC heap before
{Heap before GC invocations=96027 (full 5):
 def new generation   total 4828608K, used 4297219K [0x00007f122c600000, 0x00007f1373d60000, 0x00007f1781b50000)
  eden space 4292096K, 100% used [0x00007f122c600000, 0x00007f1332580000, 0x00007f1332580000)
  from space 536512K,   0% used [0x00007f1332580000, 0x00007f1332a80d08, 0x00007f1353170000)
  to   space 536512K,   0% used [0x00007f1353170000, 0x00007f1353170000, 0x00007f1373d60000)
 tenured generation   total 10730220K, used 10184346K [0x00007f1781b50000, 0x00007f1a10a0b000, 0x00007f222c600000)
   the space 10730220K,  94% used [0x00007f1781b50000, 0x00007f19ef4f6888, 0x00007f19ef4f6a00, 0x00007f1a10a0b000)
 Metaspace       used 24373K, capacity 24765K, committed 24832K, reserved 26624K
}
Event: 79725.999 GC heap after
{Heap after GC invocations=96028 (full 5):
 def new generation   total 4828608K, used 5201K [0x00007f122c600000, 0x00007f1373d60000, 0x00007f1781b50000)
  eden space 4292096K,   0% used [0x00007f122c600000, 0x00007f122c600000, 0x00007f1332580000)
  from space 536512K,   0% used [0x00007f1353170000, 0x00007f1353684438, 0x00007f1373d60000)
  to   space 536512K,   0% used [0x00007f1332580000, 0x00007f1332580000, 0x00007f1353170000)
 tenured generation   total 10730220K, used 10184648K [0x00007f1781b50000, 0x00007f1a10a0b000, 0x00007f222c600000)
   the space 10730220K,  94% used [0x00007f1781b50000, 0x00007f19ef5423f8, 0x00007f19ef542400, 0x00007f1a10a0b000)
 Metaspace       used 24373K, capacity 24765K, committed 24832K, reserved 26624K
}
Event: 79728.388 GC heap before
{Heap before GC invocations=96028 (full 5):
 def new generation   total 4828608K, used 4297297K [0x00007f122c600000, 0x00007f1373d60000, 0x00007f1781b50000)
  eden space 4292096K, 100% used [0x00007f122c600000, 0x00007f1332580000, 0x00007f1332580000)
  from space 536512K,   0% used [0x00007f1353170000, 0x00007f1353684438, 0x00007f1373d60000)
  to   space 536512K,   0% used [0x00007f1332580000, 0x00007f1332580000, 0x00007f1353170000)
 tenured generation   total 10730220K, used 10184648K [0x00007f1781b50000, 0x00007f1a10a0b000, 0x00007f222c600000)
   the space 10730220K,  94% used [0x00007f1781b50000, 0x00007f19ef5423f8, 0x00007f19ef542400, 0x00007f1a10a0b000)
 Metaspace       used 24373K, capacity 24765K, committed 24832K, reserved 26624K
}
Event: 79728.398 GC heap after
{Heap after GC invocations=96029 (full 5):
 def new generation   total 4828608K, used 5035K [0x00007f122c600000, 0x00007f1373d60000, 0x00007f1781b50000)
  eden space 4292096K,   0% used [0x00007f122c600000, 0x00007f122c600000, 0x00007f1332580000)
  from space 536512K,   0% used [0x00007f1332580000, 0x00007f1332a6ade0, 0x00007f1353170000)
  to   space 536512K,   0% used [0x00007f1353170000, 0x00007f1353170000, 0x00007f1373d60000)
 tenured generation   total 10730220K, used 10185052K [0x00007f1781b50000, 0x00007f1a10a0b000, 0x00007f222c600000)
   the space 10730220K,  94% used [0x00007f1781b50000, 0x00007f19ef5a7338, 0x00007f19ef5a7400, 0x00007f1a10a0b000)
 Metaspace       used 24373K, capacity 24765K, committed 24832K, reserved 26624K
}
Event: 79730.801 GC heap before
{Heap before GC invocations=96029 (full 5):
 def new generation   total 4828608K, used 4297131K [0x00007f122c600000, 0x00007f1373d60000, 0x00007f1781b50000)
  eden space 4292096K, 100% used [0x00007f122c600000, 0x00007f1332580000, 0x00007f1332580000)
  from space 536512K,   0% used [0x00007f1332580000, 0x00007f1332a6ade0, 0x00007f1353170000)
  to   space 536512K,   0% used [0x00007f1353170000, 0x00007f1353170000, 0x00007f1373d60000)
 tenured generation   total 10730220K, used 10185052K [0x00007f1781b50000, 0x00007f1a10a0b000, 0x00007f222c600000)
   the space 10730220K,  94% used [0x00007f1781b50000, 0x00007f19ef5a7338, 0x00007f19ef5a7400, 0x00007f1a10a0b000)
 Metaspace       used 24373K, capacity 24765K, committed 24832K, reserved 26624K
}
Event: 79730.816 GC heap after
{Heap after GC invocations=96030 (full 5):
 def new generation   total 4828608K, used 5291K [0x00007f122c600000, 0x00007f1373d60000, 0x00007f1781b50000)
  eden space 4292096K,   0% used [0x00007f122c600000, 0x00007f122c600000, 0x00007f1332580000)
  from space 536512K,   0% used [0x00007f1353170000, 0x00007f135369afa0, 0x00007f1373d60000)
  to   space 536512K,   0% used [0x00007f1332580000, 0x00007f1332580000, 0x00007f1353170000)
 tenured generation   total 10730220K, used 10185355K [0x00007f1781b50000, 0x00007f1a10a0b000, 0x00007f222c600000)
   the space 10730220K,  94% used [0x00007f1781b50000, 0x00007f19ef5f2ea8, 0x00007f19ef5f3000, 0x00007f1a10a0b000)
 Metaspace       used 24373K, capacity 24765K, committed 24832K, reserved 26624K
}
Event: 79733.574 GC heap before
{Heap before GC invocations=96030 (full 5):
 def new generation   total 4828608K, used 3993993K [0x00007f122c600000, 0x00007f1373d60000, 0x00007f1781b50000)
  eden space 4292096K,  92% used [0x00007f122c600000, 0x00007f131fd37668, 0x00007f1332580000)
  from space 536512K,   0% used [0x00007f1353170000, 0x00007f135369afa0, 0x00007f1373d60000)
  to   space 536512K,   0% used [0x00007f1332580000, 0x00007f1332580000, 0x00007f1353170000)
 tenured generation   total 10730220K, used 10185355K [0x00007f1781b50000, 0x00007f1a10a0b000, 0x00007f222c600000)
   the space 10730220K,  94% used [0x00007f1781b50000, 0x00007f19ef5f2ea8, 0x00007f19ef5f3000, 0x00007f1a10a0b000)
 Metaspace       used 24534K, capacity 24964K, committed 25088K, reserved 26624K
}
Event: 79734.342 GC heap after
{Heap after GC invocations=96031 (full 5):
 def new generation   total 4828608K, used 536511K [0x00007f122c600000, 0x00007f1373d60000, 0x00007f1781b50000)
  eden space 4292096K,   0% used [0x00007f122c600000, 0x00007f122c600000, 0x00007f1332580000)
  from space 536512K,  99% used [0x00007f1332580000, 0x00007f135316fff8, 0x00007f1353170000)
  to   space 536512K,   0% used [0x00007f1353170000, 0x00007f1353170000, 0x00007f1373d60000)
 tenured generation   total 10730220K, used 10461443K [0x00007f1781b50000, 0x00007f1a10a0b000, 0x00007f222c600000)
   the space 10730220K,  97% used [0x00007f1781b50000, 0x00007f1a00390ec8, 0x00007f1a00391000, 0x00007f1a10a0b000)
 Metaspace       used 24534K, capacity 24964K, committed 25088K, reserved 26624K
}
Event: 79737.697 GC heap before
{Heap before GC invocations=96031 (full 5):
 def new generation   total 4828608K, used 4815953K [0x00007f122c600000, 0x00007f1373d60000, 0x00007f1781b50000)
  eden space 4292096K,  99% used [0x00007f122c600000, 0x00007f1331924480, 0x00007f1332580000)
  from space 536512K,  99% used [0x00007f1332580000, 0x00007f135316fff8, 0x00007f1353170000)
  to   space 536512K,   0% used [0x00007f1353170000, 0x00007f1353170000, 0x00007f1373d60000)
 tenured generation   total 10730220K, used 10461443K [0x00007f1781b50000, 0x00007f1a10a0b000, 0x00007f222c600000)
   the space 10730220K,  97% used [0x00007f1781b50000, 0x00007f1a00390ec8, 0x00007f1a00391000, 0x00007f1a10a0b000)
 Metaspace       used 24534K, capacity 24964K, committed 25088K, reserved 26624K
}
Event: 79739.602 GC heap after
{Heap after GC invocations=96032 (full 5):
 def new generation   total 4828608K, used 1K [0x00007f122c600000, 0x00007f1373d60000, 0x00007f1781b50000)
  eden space 4292096K,   0% used [0x00007f122c600000, 0x00007f122c600000, 0x00007f1332580000)
  from space 536512K,   0% used [0x00007f1353170000, 0x00007f1353170478, 0x00007f1373d60000)
  to   space 536512K,   0% used [0x00007f1332580000, 0x00007f1332580000, 0x00007f1353170000)
 tenured generation   total 12827380K, used 12570816K [0x00007f1781b50000, 0x00007f1a90a0d000, 0x00007f222c600000)
   the space 12827380K,  97% used [0x00007f1781b50000, 0x00007f1a80f80320, 0x00007f1a80f80400, 0x00007f1a90a0d000)
 Metaspace       used 24534K, capacity 24964K, committed 25088K, reserved 26624K
}
Event: 79739.602 GC heap before
{Heap before GC invocations=96032 (full 5):
 def new generation   total 4828608K, used 1K [0x00007f122c600000, 0x00007f1373d60000, 0x00007f1781b50000)
  eden space 4292096K,   0% used [0x00007f122c600000, 0x00007f122c600000, 0x00007f1332580000)
  from space 536512K,   0% used [0x00007f1353170000, 0x00007f1353170478, 0x00007f1373d60000)
  to   space 536512K,   0% used [0x00007f1332580000, 0x00007f1332580000, 0x00007f1353170000)
 tenured generation   total 12827380K, used 12570816K [0x00007f1781b50000, 0x00007f1a90a0d000, 0x00007f222c600000)
   the space 12827380K,  97% used [0x00007f1781b50000, 0x00007f1a80f80320, 0x00007f1a80f80400, 0x00007f1a90a0d000)
 Metaspace       used 24534K, capacity 24964K, committed 25088K, reserved 26624K
}

