# JRE version: OpenJDK Runtime Environment (13.0.7+5) (build 13.0.7+5-Ubuntu-0ubuntu120.04)
# Java VM: OpenJDK 64-Bit Server VM (13.0.7+5-Ubuntu-0ubuntu120.04, mixed mode, tiered, serial gc, linux-amd64)
Heap:
 def new generation   total 5538944K, used 0K [0x00007fbc90600000, 0x00007fbe08020000, 0x00007fc1e5b50000)
  eden space 4923520K,   0% used [0x00007fbc90600000, 0x00007fbc90600000, 0x00007fbdbce20000)
  from space 615424K,   0% used [0x00007fbde2720000, 0x00007fbde2720000, 0x00007fbe08020000)
  to   space 615424K,   0% used [0x00007fbdbce20000, 0x00007fbdbce20000, 0x00007fbde2720000)
 tenured generation   total 12319160K, used 12141869K [0x00007fc1e5b50000, 0x00007fc4d59be000, 0x00007fcc90600000)
   the space 12319160K,  98% used [0x00007fc1e5b50000, 0x00007fc4cac9b530, 0x00007fc4cac9b600, 0x00007fc4d59be000)
 Metaspace       used 30547K, capacity 30984K, committed 31232K, reserved 32768K
GC Heap History (20 events):
Event: 559.366 GC heap after
{Heap after GC invocations=67 (full 4):
 def new generation   total 3155328K, used 350591K [0x00007fbc90600000, 0x00007fbd665c0000, 0x00007fc1e5b50000)
  eden space 2804736K,   0% used [0x00007fbc90600000, 0x00007fbc90600000, 0x00007fbd3b900000)
  from space 350592K,  99% used [0x00007fbd3b900000, 0x00007fbd50f5fff0, 0x00007fbd50f60000)
  to   space 350592K,   0% used [0x00007fbd50f60000, 0x00007fbd50f60000, 0x00007fbd665c0000)
 tenured generation   total 7011720K, used 6794534K [0x00007fc1e5b50000, 0x00007fc391ab2000, 0x00007fcc90600000)
   the space 7011720K,  96% used [0x00007fc1e5b50000, 0x00007fc384699a88, 0x00007fc384699c00, 0x00007fc391ab2000)
 Metaspace       used 30546K, capacity 30920K, committed 31232K, reserved 32768K
}
Event: 654.691 GC heap before
{Heap before GC invocations=67 (full 4):
 def new generation   total 3155328K, used 3155327K [0x00007fbc90600000, 0x00007fbd665c0000, 0x00007fc1e5b50000)
  eden space 2804736K, 100% used [0x00007fbc90600000, 0x00007fbd3b900000, 0x00007fbd3b900000)
  from space 350592K,  99% used [0x00007fbd3b900000, 0x00007fbd50f5fff0, 0x00007fbd50f60000)
  to   space 350592K,   0% used [0x00007fbd50f60000, 0x00007fbd50f60000, 0x00007fbd665c0000)
 tenured generation   total 7011720K, used 6794534K [0x00007fc1e5b50000, 0x00007fc391ab2000, 0x00007fcc90600000)
   the space 7011720K,  96% used [0x00007fc1e5b50000, 0x00007fc384699a88, 0x00007fc384699c00, 0x00007fc391ab2000)
 Metaspace       used 30546K, capacity 30920K, committed 31232K, reserved 32768K
}
Event: 655.992 GC heap after
{Heap after GC invocations=68 (full 4):
 def new generation   total 3155328K, used 350591K [0x00007fbc90600000, 0x00007fbd665c0000, 0x00007fc1e5b50000)
  eden space 2804736K,   0% used [0x00007fbc90600000, 0x00007fbc90600000, 0x00007fbd3b900000)
  from space 350592K,  99% used [0x00007fbd50f60000, 0x00007fbd665bfff0, 0x00007fbd665c0000)
  to   space 350592K,   0% used [0x00007fbd3b900000, 0x00007fbd3b900000, 0x00007fbd50f60000)
 tenured generation   total 7385160K, used 7384999K [0x00007fc1e5b50000, 0x00007fc3a8762000, 0x00007fcc90600000)
   the space 7385160K,  99% used [0x00007fc1e5b50000, 0x00007fc3a8739d88, 0x00007fc3a8739e00, 0x00007fc3a8762000)
 Metaspace       used 30546K, capacity 30920K, committed 31232K, reserved 32768K
}
Event: 655.992 GC heap before
{Heap before GC invocations=68 (full 4):
 def new generation   total 3155328K, used 350591K [0x00007fbc90600000, 0x00007fbd665c0000, 0x00007fc1e5b50000)
  eden space 2804736K,   0% used [0x00007fbc90600000, 0x00007fbc90600000, 0x00007fbd3b900000)
  from space 350592K,  99% used [0x00007fbd50f60000, 0x00007fbd665bfff0, 0x00007fbd665c0000)
  to   space 350592K,   0% used [0x00007fbd3b900000, 0x00007fbd3b900000, 0x00007fbd50f60000)
 tenured generation   total 7385160K, used 7384999K [0x00007fc1e5b50000, 0x00007fc3a8762000, 0x00007fcc90600000)
   the space 7385160K,  99% used [0x00007fc1e5b50000, 0x00007fc3a8739d88, 0x00007fc3a8739e00, 0x00007fc3a8762000)
 Metaspace       used 30546K, capacity 30920K, committed 31232K, reserved 32768K
}
Event: 669.534 GC heap after
{Heap after GC invocations=68 (full 5):
 def new generation   total 5538944K, used 350431K [0x00007fbc90600000, 0x00007fbe08020000, 0x00007fc1e5b50000)
  eden space 4923520K,   7% used [0x00007fbc90600000, 0x00007fbca5c37d80, 0x00007fbdbce20000)
  from space 615424K,   0% used [0x00007fbdbce20000, 0x00007fbdbce20000, 0x00007fbde2720000)
  to   space 615424K,   0% used [0x00007fbde2720000, 0x00007fbde2720000, 0x00007fbe08020000)
 tenured generation   total 12308600K, used 7385159K [0x00007fc1e5b50000, 0x00007fc4d4f6e000, 0x00007fcc90600000)
   the space 12308600K,  59% used [0x00007fc1e5b50000, 0x00007fc3a8761ff8, 0x00007fc3a8762000, 0x00007fc4d4f6e000)
 Metaspace       used 30546K, capacity 30920K, committed 31232K, reserved 32768K
}
Event: 832.105 GC heap before
{Heap before GC invocations=68 (full 5):
 def new generation   total 5538944K, used 4923520K [0x00007fbc90600000, 0x00007fbe08020000, 0x00007fc1e5b50000)
  eden space 4923520K, 100% used [0x00007fbc90600000, 0x00007fbdbce20000, 0x00007fbdbce20000)
  from space 615424K,   0% used [0x00007fbdbce20000, 0x00007fbdbce20000, 0x00007fbde2720000)
  to   space 615424K,   0% used [0x00007fbde2720000, 0x00007fbde2720000, 0x00007fbe08020000)
 tenured generation   total 12308600K, used 7385159K [0x00007fc1e5b50000, 0x00007fc4d4f6e000, 0x00007fcc90600000)
   the space 12308600K,  59% used [0x00007fc1e5b50000, 0x00007fc3a8761ff8, 0x00007fc3a8762000, 0x00007fc4d4f6e000)
 Metaspace       used 30546K, capacity 30920K, committed 31232K, reserved 32768K
}
Event: 836.666 GC heap after
{Heap after GC invocations=69 (full 5):
 def new generation   total 5538944K, used 615423K [0x00007fbc90600000, 0x00007fbe08020000, 0x00007fc1e5b50000)
  eden space 4923520K,   0% used [0x00007fbc90600000, 0x00007fbc90600000, 0x00007fbdbce20000)
  from space 615424K,  99% used [0x00007fbde2720000, 0x00007fbe0801fff0, 0x00007fbe08020000)
  to   space 615424K,   0% used [0x00007fbdbce20000, 0x00007fbdbce20000, 0x00007fbde2720000)
 tenured generation   total 12308600K, used 8082917K [0x00007fc1e5b50000, 0x00007fc4d4f6e000, 0x00007fcc90600000)
   the space 12308600K,  65% used [0x00007fc1e5b50000, 0x00007fc3d30c9578, 0x00007fc3d30c9600, 0x00007fc4d4f6e000)
 Metaspace       used 30546K, capacity 30920K, committed 31232K, reserved 32768K
}
Event: 969.946 GC heap before
{Heap before GC invocations=69 (full 5):
 def new generation   total 5538944K, used 5538943K [0x00007fbc90600000, 0x00007fbe08020000, 0x00007fc1e5b50000)
  eden space 4923520K, 100% used [0x00007fbc90600000, 0x00007fbdbce20000, 0x00007fbdbce20000)
  from space 615424K,  99% used [0x00007fbde2720000, 0x00007fbe0801fff0, 0x00007fbe08020000)
  to   space 615424K,   0% used [0x00007fbdbce20000, 0x00007fbdbce20000, 0x00007fbde2720000)
 tenured generation   total 12308600K, used 8082917K [0x00007fc1e5b50000, 0x00007fc4d4f6e000, 0x00007fcc90600000)
   the space 12308600K,  65% used [0x00007fc1e5b50000, 0x00007fc3d30c9578, 0x00007fc3d30c9600, 0x00007fc4d4f6e000)
 Metaspace       used 30546K, capacity 30984K, committed 31232K, reserved 32768K
}
Event: 972.691 GC heap after
{Heap after GC invocations=70 (full 5):
 def new generation   total 5538944K, used 615423K [0x00007fbc90600000, 0x00007fbe08020000, 0x00007fc1e5b50000)
  eden space 4923520K,   0% used [0x00007fbc90600000, 0x00007fbc90600000, 0x00007fbdbce20000)
  from space 615424K,  99% used [0x00007fbdbce20000, 0x00007fbde271fff0, 0x00007fbde2720000)
  to   space 615424K,   0% used [0x00007fbde2720000, 0x00007fbde2720000, 0x00007fbe08020000)
 tenured generation   total 12308600K, used 9119435K [0x00007fc1e5b50000, 0x00007fc4d4f6e000, 0x00007fcc90600000)
   the space 12308600K,  74% used [0x00007fc1e5b50000, 0x00007fc412502d38, 0x00007fc412502e00, 0x00007fc4d4f6e000)
 Metaspace       used 30546K, capacity 30984K, committed 31232K, reserved 32768K
}
Event: 1054.502 GC heap before
{Heap before GC invocations=70 (full 5):
 def new generation   total 5538944K, used 5538943K [0x00007fbc90600000, 0x00007fbe08020000, 0x00007fc1e5b50000)
  eden space 4923520K, 100% used [0x00007fbc90600000, 0x00007fbdbce20000, 0x00007fbdbce20000)
  from space 615424K,  99% used [0x00007fbdbce20000, 0x00007fbde271fff0, 0x00007fbde2720000)
  to   space 615424K,   0% used [0x00007fbde2720000, 0x00007fbde2720000, 0x00007fbe08020000)
 tenured generation   total 12308600K, used 9119435K [0x00007fc1e5b50000, 0x00007fc4d4f6e000, 0x00007fcc90600000)
   the space 12308600K,  74% used [0x00007fc1e5b50000, 0x00007fc412502d38, 0x00007fc412502e00, 0x00007fc4d4f6e000)
 Metaspace       used 30547K, capacity 30984K, committed 31232K, reserved 32768K
}
Event: 1057.340 GC heap after
{Heap after GC invocations=71 (full 5):
 def new generation   total 5538944K, used 615423K [0x00007fbc90600000, 0x00007fbe08020000, 0x00007fc1e5b50000)
  eden space 4923520K,   0% used [0x00007fbc90600000, 0x00007fbc90600000, 0x00007fbdbce20000)
  from space 615424K,  99% used [0x00007fbde2720000, 0x00007fbe0801fff0, 0x00007fbe08020000)
  to   space 615424K,   0% used [0x00007fbdbce20000, 0x00007fbdbce20000, 0x00007fbde2720000)
 tenured generation   total 12308600K, used 10155940K [0x00007fc1e5b50000, 0x00007fc4d4f6e000, 0x00007fcc90600000)
   the space 12308600K,  82% used [0x00007fc1e5b50000, 0x00007fc4519392f8, 0x00007fc451939400, 0x00007fc4d4f6e000)
 Metaspace       used 30547K, capacity 30984K, committed 31232K, reserved 32768K
}
Event: 1082.114 GC heap before
{Heap before GC invocations=71 (full 5):
 def new generation   total 5538944K, used 5538943K [0x00007fbc90600000, 0x00007fbe08020000, 0x00007fc1e5b50000)
  eden space 4923520K, 100% used [0x00007fbc90600000, 0x00007fbdbce20000, 0x00007fbdbce20000)
  from space 615424K,  99% used [0x00007fbde2720000, 0x00007fbe0801fff0, 0x00007fbe08020000)
  to   space 615424K,   0% used [0x00007fbdbce20000, 0x00007fbdbce20000, 0x00007fbde2720000)
 tenured generation   total 12308600K, used 10155940K [0x00007fc1e5b50000, 0x00007fc4d4f6e000, 0x00007fcc90600000)
   the space 12308600K,  82% used [0x00007fc1e5b50000, 0x00007fc4519392f8, 0x00007fc451939400, 0x00007fc4d4f6e000)
 Metaspace       used 30547K, capacity 30984K, committed 31232K, reserved 32768K
}
Event: 1084.084 GC heap after
{Heap after GC invocations=72 (full 5):
 def new generation   total 5538944K, used 615423K [0x00007fbc90600000, 0x00007fbe08020000, 0x00007fc1e5b50000)
  eden space 4923520K,   0% used [0x00007fbc90600000, 0x00007fbc90600000, 0x00007fbdbce20000)
  from space 615424K,  99% used [0x00007fbdbce20000, 0x00007fbde271ffe8, 0x00007fbde2720000)
  to   space 615424K,   0% used [0x00007fbde2720000, 0x00007fbde2720000, 0x00007fbe08020000)
 tenured generation   total 12308600K, used 10928445K [0x00007fc1e5b50000, 0x00007fc4d4f6e000, 0x00007fcc90600000)
   the space 12308600K,  88% used [0x00007fc1e5b50000, 0x00007fc480b9f4d8, 0x00007fc480b9f600, 0x00007fc4d4f6e000)
 Metaspace       used 30547K, capacity 30984K, committed 31232K, reserved 32768K
}
Event: 1085.390 GC heap before
{Heap before GC invocations=72 (full 5):
 def new generation   total 5538944K, used 5538943K [0x00007fbc90600000, 0x00007fbe08020000, 0x00007fc1e5b50000)
  eden space 4923520K, 100% used [0x00007fbc90600000, 0x00007fbdbce20000, 0x00007fbdbce20000)
  from space 615424K,  99% used [0x00007fbdbce20000, 0x00007fbde271ffe8, 0x00007fbde2720000)
  to   space 615424K,   0% used [0x00007fbde2720000, 0x00007fbde2720000, 0x00007fbe08020000)
 tenured generation   total 12308600K, used 10928445K [0x00007fc1e5b50000, 0x00007fc4d4f6e000, 0x00007fcc90600000)
   the space 12308600K,  88% used [0x00007fc1e5b50000, 0x00007fc480b9f4d8, 0x00007fc480b9f600, 0x00007fc4d4f6e000)
 Metaspace       used 30547K, capacity 30984K, committed 31232K, reserved 32768K
}
Event: 1086.745 GC heap after
{Heap after GC invocations=73 (full 5):
 def new generation   total 5538944K, used 389044K [0x00007fbc90600000, 0x00007fbe08020000, 0x00007fc1e5b50000)
  eden space 4923520K,   0% used [0x00007fbc90600000, 0x00007fbc90600000, 0x00007fbdbce20000)
  from space 615424K,  63% used [0x00007fbde2720000, 0x00007fbdfa30d3b0, 0x00007fbe08020000)
  to   space 615424K,   0% used [0x00007fbdbce20000, 0x00007fbdbce20000, 0x00007fbde2720000)
 tenured generation   total 12308600K, used 11543868K [0x00007fc1e5b50000, 0x00007fc4d4f6e000, 0x00007fcc90600000)
   the space 12308600K,  93% used [0x00007fc1e5b50000, 0x00007fc4a649f130, 0x00007fc4a649f200, 0x00007fc4d4f6e000)
 Metaspace       used 30547K, capacity 30984K, committed 31232K, reserved 32768K
}
Event: 1088.110 GC heap before
{Heap before GC invocations=73 (full 5):
 def new generation   total 5538944K, used 5312564K [0x00007fbc90600000, 0x00007fbe08020000, 0x00007fc1e5b50000)
  eden space 4923520K, 100% used [0x00007fbc90600000, 0x00007fbdbce20000, 0x00007fbdbce20000)
  from space 615424K,  63% used [0x00007fbde2720000, 0x00007fbdfa30d3b0, 0x00007fbe08020000)
  to   space 615424K,   0% used [0x00007fbdbce20000, 0x00007fbdbce20000, 0x00007fbde2720000)
 tenured generation   total 12308600K, used 11543868K [0x00007fc1e5b50000, 0x00007fc4d4f6e000, 0x00007fcc90600000)
   the space 12308600K,  93% used [0x00007fc1e5b50000, 0x00007fc4a649f130, 0x00007fc4a649f200, 0x00007fc4d4f6e000)
 Metaspace       used 30547K, capacity 30984K, committed 31232K, reserved 32768K
}
Event: 1089.219 GC heap after
{Heap after GC invocations=74 (full 5):
 def new generation   total 5538944K, used 386188K [0x00007fbc90600000, 0x00007fbe08020000, 0x00007fc1e5b50000)
  eden space 4923520K,   0% used [0x00007fbc90600000, 0x00007fbc90600000, 0x00007fbdbce20000)
  from space 615424K,  62% used [0x00007fbdbce20000, 0x00007fbdd4743210, 0x00007fbde2720000)
  to   space 615424K,   0% used [0x00007fbde2720000, 0x00007fbde2720000, 0x00007fbe08020000)
 tenured generation   total 12308600K, used 11932912K [0x00007fc1e5b50000, 0x00007fc4d4f6e000, 0x00007fcc90600000)
   the space 12308600K,  96% used [0x00007fc1e5b50000, 0x00007fc4be08c320, 0x00007fc4be08c400, 0x00007fc4d4f6e000)
 Metaspace       used 30547K, capacity 30984K, committed 31232K, reserved 32768K
}
Event: 1090.521 GC heap before
{Heap before GC invocations=74 (full 5):
 def new generation   total 5538944K, used 5309708K [0x00007fbc90600000, 0x00007fbe08020000, 0x00007fc1e5b50000)
  eden space 4923520K, 100% used [0x00007fbc90600000, 0x00007fbdbce20000, 0x00007fbdbce20000)
  from space 615424K,  62% used [0x00007fbdbce20000, 0x00007fbdd4743210, 0x00007fbde2720000)
  to   space 615424K,   0% used [0x00007fbde2720000, 0x00007fbde2720000, 0x00007fbe08020000)
 tenured generation   total 12308600K, used 11932912K [0x00007fc1e5b50000, 0x00007fc4d4f6e000, 0x00007fcc90600000)
   the space 12308600K,  96% used [0x00007fc1e5b50000, 0x00007fc4be08c320, 0x00007fc4be08c400, 0x00007fc4d4f6e000)
 Metaspace       used 30547K, capacity 30984K, committed 31232K, reserved 32768K
}
Event: 1091.612 GC heap after
{Heap after GC invocations=75 (full 5):
 def new generation   total 5538944K, used 383022K [0x00007fbc90600000, 0x00007fbe08020000, 0x00007fc1e5b50000)
  eden space 4923520K,   0% used [0x00007fbc90600000, 0x00007fbc90600000, 0x00007fbdbce20000)
  from space 615424K,  62% used [0x00007fbde2720000, 0x00007fbdf9d2ba60, 0x00007fbe08020000)
  to   space 615424K,   0% used [0x00007fbdbce20000, 0x00007fbdbce20000, 0x00007fbde2720000)
 tenured generation   total 12319160K, used 12319100K [0x00007fc1e5b50000, 0x00007fc4d59be000, 0x00007fcc90600000)
   the space 12319160K,  99% used [0x00007fc1e5b50000, 0x00007fc4d59af2a0, 0x00007fc4d59af400, 0x00007fc4d59be000)
 Metaspace       used 30547K, capacity 30984K, committed 31232K, reserved 32768K
}
Event: 1091.612 GC heap before
{Heap before GC invocations=75 (full 5):
 def new generation   total 5538944K, used 383022K [0x00007fbc90600000, 0x00007fbe08020000, 0x00007fc1e5b50000)
  eden space 4923520K,   0% used [0x00007fbc90600000, 0x00007fbc90600000, 0x00007fbdbce20000)
  from space 615424K,  62% used [0x00007fbde2720000, 0x00007fbdf9d2ba60, 0x00007fbe08020000)
  to   space 615424K,   0% used [0x00007fbdbce20000, 0x00007fbdbce20000, 0x00007fbde2720000)
 tenured generation   total 12319160K, used 12319100K [0x00007fc1e5b50000, 0x00007fc4d59be000, 0x00007fcc90600000)
   the space 12319160K,  99% used [0x00007fc1e5b50000, 0x00007fc4d59af2a0, 0x00007fc4d59af400, 0x00007fc4d59be000)
 Metaspace       used 30547K, capacity 30984K, committed 31232K, reserved 32768K
}

