# JRE version: OpenJDK Runtime Environment (13.0.7+5) (build 13.0.7+5-Ubuntu-0ubuntu120.04)
# Java VM: OpenJDK 64-Bit Server VM (13.0.7+5-Ubuntu-0ubuntu120.04, mixed mode, tiered, serial gc, linux-amd64)
Heap:
 def new generation   total 3535616K, used 0K [0x00007f01ac600000, 0x00007f029c260000, 0x00007f0701b50000)
  eden space 3142784K,   0% used [0x00007f01ac600000, 0x00007f01ac600000, 0x00007f026c320000)
  from space 392832K,   0% used [0x00007f026c320000, 0x00007f026c320000, 0x00007f02842c0000)
  to   space 392832K,   0% used [0x00007f02842c0000, 0x00007f02842c0000, 0x00007f029c260000)
 tenured generation   total 8109668K, used 7875895K [0x00007f0701b50000, 0x00007f08f0ae9000, 0x00007f11ac600000)
   the space 8109668K,  97% used [0x00007f0701b50000, 0x00007f08e269df40, 0x00007f08e269e000, 0x00007f08f0ae9000)
 Metaspace       used 30682K, capacity 31134K, committed 31488K, reserved 32768K
GC Heap History (20 events):
Event: 5276.366 GC heap after
{Heap after GC invocations=416 (full 4):
 def new generation   total 3535616K, used 252566K [0x00007f01ac600000, 0x00007f029c260000, 0x00007f0701b50000)
  eden space 3142784K,   0% used [0x00007f01ac600000, 0x00007f01ac600000, 0x00007f026c320000)
  from space 392832K,  64% used [0x00007f02842c0000, 0x00007f0293965b08, 0x00007f029c260000)
  to   space 392832K,   0% used [0x00007f026c320000, 0x00007f026c320000, 0x00007f02842c0000)
 tenured generation   total 7856804K, used 5746564K [0x00007f0701b50000, 0x00007f08e13f9000, 0x00007f11ac600000)
   the space 7856804K,  73% used [0x00007f0701b50000, 0x00007f0860731020, 0x00007f0860731200, 0x00007f08e13f9000)
 Metaspace       used 30682K, capacity 31134K, committed 31488K, reserved 32768K
}
Event: 5277.294 GC heap before
{Heap before GC invocations=416 (full 4):
 def new generation   total 3535616K, used 3395350K [0x00007f01ac600000, 0x00007f029c260000, 0x00007f0701b50000)
  eden space 3142784K, 100% used [0x00007f01ac600000, 0x00007f026c320000, 0x00007f026c320000)
  from space 392832K,  64% used [0x00007f02842c0000, 0x00007f0293965b08, 0x00007f029c260000)
  to   space 392832K,   0% used [0x00007f026c320000, 0x00007f026c320000, 0x00007f02842c0000)
 tenured generation   total 7856804K, used 5746564K [0x00007f0701b50000, 0x00007f08e13f9000, 0x00007f11ac600000)
   the space 7856804K,  73% used [0x00007f0701b50000, 0x00007f0860731020, 0x00007f0860731200, 0x00007f08e13f9000)
 Metaspace       used 30682K, capacity 31134K, committed 31488K, reserved 32768K
}
Event: 5278.017 GC heap after
{Heap after GC invocations=417 (full 4):
 def new generation   total 3535616K, used 281048K [0x00007f01ac600000, 0x00007f029c260000, 0x00007f0701b50000)
  eden space 3142784K,   0% used [0x00007f01ac600000, 0x00007f01ac600000, 0x00007f026c320000)
  from space 392832K,  71% used [0x00007f026c320000, 0x00007f027d5963d8, 0x00007f02842c0000)
  to   space 392832K,   0% used [0x00007f02842c0000, 0x00007f02842c0000, 0x00007f029c260000)
 tenured generation   total 7856804K, used 5999130K [0x00007f0701b50000, 0x00007f08e13f9000, 0x00007f11ac600000)
   the space 7856804K,  76% used [0x00007f0701b50000, 0x00007f086fdd6b28, 0x00007f086fdd6c00, 0x00007f08e13f9000)
 Metaspace       used 30682K, capacity 31134K, committed 31488K, reserved 32768K
}
Event: 5278.860 GC heap before
{Heap before GC invocations=417 (full 4):
 def new generation   total 3535616K, used 3423832K [0x00007f01ac600000, 0x00007f029c260000, 0x00007f0701b50000)
  eden space 3142784K, 100% used [0x00007f01ac600000, 0x00007f026c320000, 0x00007f026c320000)
  from space 392832K,  71% used [0x00007f026c320000, 0x00007f027d5963d8, 0x00007f02842c0000)
  to   space 392832K,   0% used [0x00007f02842c0000, 0x00007f02842c0000, 0x00007f029c260000)
 tenured generation   total 7856804K, used 5999130K [0x00007f0701b50000, 0x00007f08e13f9000, 0x00007f11ac600000)
   the space 7856804K,  76% used [0x00007f0701b50000, 0x00007f086fdd6b28, 0x00007f086fdd6c00, 0x00007f08e13f9000)
 Metaspace       used 30682K, capacity 31134K, committed 31488K, reserved 32768K
}
Event: 5279.607 GC heap after
{Heap after GC invocations=418 (full 4):
 def new generation   total 3535616K, used 280166K [0x00007f01ac600000, 0x00007f029c260000, 0x00007f0701b50000)
  eden space 3142784K,   0% used [0x00007f01ac600000, 0x00007f01ac600000, 0x00007f026c320000)
  from space 392832K,  71% used [0x00007f02842c0000, 0x00007f0295459ac0, 0x00007f029c260000)
  to   space 392832K,   0% used [0x00007f026c320000, 0x00007f026c320000, 0x00007f02842c0000)
 tenured generation   total 7856804K, used 6280179K [0x00007f0701b50000, 0x00007f08e13f9000, 0x00007f11ac600000)
   the space 7856804K,  79% used [0x00007f0701b50000, 0x00007f088104cc50, 0x00007f088104ce00, 0x00007f08e13f9000)
 Metaspace       used 30682K, capacity 31134K, committed 31488K, reserved 32768K
}
Event: 5280.458 GC heap before
{Heap before GC invocations=418 (full 4):
 def new generation   total 3535616K, used 3422950K [0x00007f01ac600000, 0x00007f029c260000, 0x00007f0701b50000)
  eden space 3142784K, 100% used [0x00007f01ac600000, 0x00007f026c320000, 0x00007f026c320000)
  from space 392832K,  71% used [0x00007f02842c0000, 0x00007f0295459ac0, 0x00007f029c260000)
  to   space 392832K,   0% used [0x00007f026c320000, 0x00007f026c320000, 0x00007f02842c0000)
 tenured generation   total 7856804K, used 6280179K [0x00007f0701b50000, 0x00007f08e13f9000, 0x00007f11ac600000)
   the space 7856804K,  79% used [0x00007f0701b50000, 0x00007f088104cc50, 0x00007f088104ce00, 0x00007f08e13f9000)
 Metaspace       used 30682K, capacity 31134K, committed 31488K, reserved 32768K
}
Event: 5281.158 GC heap after
{Heap after GC invocations=419 (full 4):
 def new generation   total 3535616K, used 256165K [0x00007f01ac600000, 0x00007f029c260000, 0x00007f0701b50000)
  eden space 3142784K,   0% used [0x00007f01ac600000, 0x00007f01ac600000, 0x00007f026c320000)
  from space 392832K,  65% used [0x00007f026c320000, 0x00007f027bd49730, 0x00007f02842c0000)
  to   space 392832K,   0% used [0x00007f02842c0000, 0x00007f02842c0000, 0x00007f029c260000)
 tenured generation   total 7856804K, used 6560345K [0x00007f0701b50000, 0x00007f08e13f9000, 0x00007f11ac600000)
   the space 7856804K,  83% used [0x00007f0701b50000, 0x00007f08921e6520, 0x00007f08921e6600, 0x00007f08e13f9000)
 Metaspace       used 30682K, capacity 31134K, committed 31488K, reserved 32768K
}
Event: 5282.000 GC heap before
{Heap before GC invocations=419 (full 4):
 def new generation   total 3535616K, used 3398949K [0x00007f01ac600000, 0x00007f029c260000, 0x00007f0701b50000)
  eden space 3142784K, 100% used [0x00007f01ac600000, 0x00007f026c320000, 0x00007f026c320000)
  from space 392832K,  65% used [0x00007f026c320000, 0x00007f027bd49730, 0x00007f02842c0000)
  to   space 392832K,   0% used [0x00007f02842c0000, 0x00007f02842c0000, 0x00007f029c260000)
 tenured generation   total 7856804K, used 6560345K [0x00007f0701b50000, 0x00007f08e13f9000, 0x00007f11ac600000)
   the space 7856804K,  83% used [0x00007f0701b50000, 0x00007f08921e6520, 0x00007f08921e6600, 0x00007f08e13f9000)
 Metaspace       used 30682K, capacity 31134K, committed 31488K, reserved 32768K
}
Event: 5282.683 GC heap after
{Heap after GC invocations=420 (full 4):
 def new generation   total 3535616K, used 258771K [0x00007f01ac600000, 0x00007f029c260000, 0x00007f0701b50000)
  eden space 3142784K,   0% used [0x00007f01ac600000, 0x00007f01ac600000, 0x00007f026c320000)
  from space 392832K,  65% used [0x00007f02842c0000, 0x00007f0293f74e10, 0x00007f029c260000)
  to   space 392832K,   0% used [0x00007f026c320000, 0x00007f026c320000, 0x00007f02842c0000)
 tenured generation   total 7856804K, used 6816510K [0x00007f0701b50000, 0x00007f08e13f9000, 0x00007f11ac600000)
   the space 7856804K,  86% used [0x00007f0701b50000, 0x00007f08a1c0fa60, 0x00007f08a1c0fc00, 0x00007f08e13f9000)
 Metaspace       used 30682K, capacity 31134K, committed 31488K, reserved 32768K
}
Event: 5283.525 GC heap before
{Heap before GC invocations=420 (full 4):
 def new generation   total 3535616K, used 3401555K [0x00007f01ac600000, 0x00007f029c260000, 0x00007f0701b50000)
  eden space 3142784K, 100% used [0x00007f01ac600000, 0x00007f026c320000, 0x00007f026c320000)
  from space 392832K,  65% used [0x00007f02842c0000, 0x00007f0293f74e10, 0x00007f029c260000)
  to   space 392832K,   0% used [0x00007f026c320000, 0x00007f026c320000, 0x00007f02842c0000)
 tenured generation   total 7856804K, used 6816510K [0x00007f0701b50000, 0x00007f08e13f9000, 0x00007f11ac600000)
   the space 7856804K,  86% used [0x00007f0701b50000, 0x00007f08a1c0fa60, 0x00007f08a1c0fc00, 0x00007f08e13f9000)
 Metaspace       used 30682K, capacity 31134K, committed 31488K, reserved 32768K
}
Event: 5284.201 GC heap after
{Heap after GC invocations=421 (full 4):
 def new generation   total 3535616K, used 257938K [0x00007f01ac600000, 0x00007f029c260000, 0x00007f0701b50000)
  eden space 3142784K,   0% used [0x00007f01ac600000, 0x00007f01ac600000, 0x00007f026c320000)
  from space 392832K,  65% used [0x00007f026c320000, 0x00007f027bf04b40, 0x00007f02842c0000)
  to   space 392832K,   0% used [0x00007f02842c0000, 0x00007f02842c0000, 0x00007f029c260000)
 tenured generation   total 7856804K, used 7075281K [0x00007f0701b50000, 0x00007f08e13f9000, 0x00007f11ac600000)
   the space 7856804K,  90% used [0x00007f0701b50000, 0x00007f08b18c47b0, 0x00007f08b18c4800, 0x00007f08e13f9000)
 Metaspace       used 30682K, capacity 31134K, committed 31488K, reserved 32768K
}
Event: 5285.014 GC heap before
{Heap before GC invocations=421 (full 4):
 def new generation   total 3535616K, used 3400722K [0x00007f01ac600000, 0x00007f029c260000, 0x00007f0701b50000)
  eden space 3142784K, 100% used [0x00007f01ac600000, 0x00007f026c320000, 0x00007f026c320000)
  from space 392832K,  65% used [0x00007f026c320000, 0x00007f027bf04b40, 0x00007f02842c0000)
  to   space 392832K,   0% used [0x00007f02842c0000, 0x00007f02842c0000, 0x00007f029c260000)
 tenured generation   total 7856804K, used 7075281K [0x00007f0701b50000, 0x00007f08e13f9000, 0x00007f11ac600000)
   the space 7856804K,  90% used [0x00007f0701b50000, 0x00007f08b18c47b0, 0x00007f08b18c4800, 0x00007f08e13f9000)
 Metaspace       used 30682K, capacity 31134K, committed 31488K, reserved 32768K
}
Event: 5285.709 GC heap after
{Heap after GC invocations=422 (full 4):
 def new generation   total 3535616K, used 257459K [0x00007f01ac600000, 0x00007f029c260000, 0x00007f0701b50000)
  eden space 3142784K,   0% used [0x00007f01ac600000, 0x00007f01ac600000, 0x00007f026c320000)
  from space 392832K,  65% used [0x00007f02842c0000, 0x00007f0293e2cd60, 0x00007f029c260000)
  to   space 392832K,   0% used [0x00007f026c320000, 0x00007f026c320000, 0x00007f02842c0000)
 tenured generation   total 7856804K, used 7333220K [0x00007f0701b50000, 0x00007f08e13f9000, 0x00007f11ac600000)
   the space 7856804K,  93% used [0x00007f0701b50000, 0x00007f08c14a91f0, 0x00007f08c14a9200, 0x00007f08e13f9000)
 Metaspace       used 30682K, capacity 31134K, committed 31488K, reserved 32768K
}
Event: 5286.526 GC heap before
{Heap before GC invocations=422 (full 4):
 def new generation   total 3535616K, used 3400243K [0x00007f01ac600000, 0x00007f029c260000, 0x00007f0701b50000)
  eden space 3142784K, 100% used [0x00007f01ac600000, 0x00007f026c320000, 0x00007f026c320000)
  from space 392832K,  65% used [0x00007f02842c0000, 0x00007f0293e2cd60, 0x00007f029c260000)
  to   space 392832K,   0% used [0x00007f026c320000, 0x00007f026c320000, 0x00007f02842c0000)
 tenured generation   total 7856804K, used 7333220K [0x00007f0701b50000, 0x00007f08e13f9000, 0x00007f11ac600000)
   the space 7856804K,  93% used [0x00007f0701b50000, 0x00007f08c14a91f0, 0x00007f08c14a9200, 0x00007f08e13f9000)
 Metaspace       used 30682K, capacity 31134K, committed 31488K, reserved 32768K
}
Event: 5287.196 GC heap after
{Heap after GC invocations=423 (full 4):
 def new generation   total 3535616K, used 249179K [0x00007f01ac600000, 0x00007f029c260000, 0x00007f0701b50000)
  eden space 3142784K,   0% used [0x00007f01ac600000, 0x00007f01ac600000, 0x00007f026c320000)
  from space 392832K,  63% used [0x00007f026c320000, 0x00007f027b676c40, 0x00007f02842c0000)
  to   space 392832K,   0% used [0x00007f02842c0000, 0x00007f02842c0000, 0x00007f029c260000)
 tenured generation   total 7856804K, used 7590679K [0x00007f0701b50000, 0x00007f08e13f9000, 0x00007f11ac600000)
   the space 7856804K,  96% used [0x00007f0701b50000, 0x00007f08d1015d40, 0x00007f08d1015e00, 0x00007f08e13f9000)
 Metaspace       used 30682K, capacity 31134K, committed 31488K, reserved 32768K
}
Event: 5288.096 GC heap before
{Heap before GC invocations=423 (full 4):
 def new generation   total 3535616K, used 3391963K [0x00007f01ac600000, 0x00007f029c260000, 0x00007f0701b50000)
  eden space 3142784K, 100% used [0x00007f01ac600000, 0x00007f026c320000, 0x00007f026c320000)
  from space 392832K,  63% used [0x00007f026c320000, 0x00007f027b676c40, 0x00007f02842c0000)
  to   space 392832K,   0% used [0x00007f02842c0000, 0x00007f02842c0000, 0x00007f029c260000)
 tenured generation   total 7856804K, used 7590679K [0x00007f0701b50000, 0x00007f08e13f9000, 0x00007f11ac600000)
   the space 7856804K,  96% used [0x00007f0701b50000, 0x00007f08d1015d40, 0x00007f08d1015e00, 0x00007f08e13f9000)
 Metaspace       used 30682K, capacity 31134K, committed 31488K, reserved 32768K
}
Event: 5288.789 GC heap after
{Heap after GC invocations=424 (full 4):
 def new generation   total 3535616K, used 269646K [0x00007f01ac600000, 0x00007f029c260000, 0x00007f0701b50000)
  eden space 3142784K,   0% used [0x00007f01ac600000, 0x00007f01ac600000, 0x00007f026c320000)
  from space 392832K,  68% used [0x00007f02842c0000, 0x00007f0294a138a0, 0x00007f029c260000)
  to   space 392832K,   0% used [0x00007f026c320000, 0x00007f026c320000, 0x00007f02842c0000)
 tenured generation   total 7856804K, used 7839857K [0x00007f0701b50000, 0x00007f08e13f9000, 0x00007f11ac600000)
   the space 7856804K,  99% used [0x00007f0701b50000, 0x00007f08e036c7b0, 0x00007f08e036c800, 0x00007f08e13f9000)
 Metaspace       used 30682K, capacity 31134K, committed 31488K, reserved 32768K
}
Event: 5289.651 GC heap before
{Heap before GC invocations=424 (full 4):
 def new generation   total 3535616K, used 3412430K [0x00007f01ac600000, 0x00007f029c260000, 0x00007f0701b50000)
  eden space 3142784K, 100% used [0x00007f01ac600000, 0x00007f026c320000, 0x00007f026c320000)
  from space 392832K,  68% used [0x00007f02842c0000, 0x00007f0294a138a0, 0x00007f029c260000)
  to   space 392832K,   0% used [0x00007f026c320000, 0x00007f026c320000, 0x00007f02842c0000)
 tenured generation   total 7856804K, used 7839857K [0x00007f0701b50000, 0x00007f08e13f9000, 0x00007f11ac600000)
   the space 7856804K,  99% used [0x00007f0701b50000, 0x00007f08e036c7b0, 0x00007f08e036c800, 0x00007f08e13f9000)
 Metaspace       used 30682K, capacity 31134K, committed 31488K, reserved 32768K
}
Event: 5290.392 GC heap after
{Heap after GC invocations=425 (full 4):
 def new generation   total 3535616K, used 288129K [0x00007f01ac600000, 0x00007f029c260000, 0x00007f0701b50000)
  eden space 3142784K,   0% used [0x00007f01ac600000, 0x00007f01ac600000, 0x00007f026c320000)
  from space 392832K,  73% used [0x00007f026c320000, 0x00007f027dc805f0, 0x00007f02842c0000)
  to   space 392832K,   0% used [0x00007f02842c0000, 0x00007f02842c0000, 0x00007f029c260000)
 tenured generation   total 8109668K, used 8109503K [0x00007f0701b50000, 0x00007f08f0ae9000, 0x00007f11ac600000)
   the space 8109668K,  99% used [0x00007f0701b50000, 0x00007f08f0abfe90, 0x00007f08f0ac0000, 0x00007f08f0ae9000)
 Metaspace       used 30682K, capacity 31134K, committed 31488K, reserved 32768K
}
Event: 5290.392 GC heap before
{Heap before GC invocations=425 (full 4):
 def new generation   total 3535616K, used 288129K [0x00007f01ac600000, 0x00007f029c260000, 0x00007f0701b50000)
  eden space 3142784K,   0% used [0x00007f01ac600000, 0x00007f01ac600000, 0x00007f026c320000)
  from space 392832K,  73% used [0x00007f026c320000, 0x00007f027dc805f0, 0x00007f02842c0000)
  to   space 392832K,   0% used [0x00007f02842c0000, 0x00007f02842c0000, 0x00007f029c260000)
 tenured generation   total 8109668K, used 8109503K [0x00007f0701b50000, 0x00007f08f0ae9000, 0x00007f11ac600000)
   the space 8109668K,  99% used [0x00007f0701b50000, 0x00007f08f0abfe90, 0x00007f08f0ac0000, 0x00007f08f0ae9000)
 Metaspace       used 30682K, capacity 31134K, committed 31488K, reserved 32768K
}

