# JRE version: OpenJDK Runtime Environment (13.0.7+5) (build 13.0.7+5-Ubuntu-0ubuntu120.04)
# Java VM: OpenJDK 64-Bit Server VM (13.0.7+5-Ubuntu-0ubuntu120.04, mixed mode, tiered, serial gc, linux-amd64)
Heap:
 def new generation   total 2651520K, used 86848K [0x00007fbee4600000, 0x00007fbf98310000, 0x00007fc98f0a0000)
  eden space 2356928K,   3% used [0x00007fbee4600000, 0x00007fbee9ad0088, 0x00007fbf743b0000)
  from space 294592K,   0% used [0x00007fbf743b0000, 0x00007fbf743b0000, 0x00007fbf86360000)
  to   space 294592K,   0% used [0x00007fbf86360000, 0x00007fbf86360000, 0x00007fbf98310000)
 tenured generation   total 5908492K, used 5907091K [0x00007fc98f0a0000, 0x00007fcaf7aa3000, 0x00007fdee4600000)
   the space 5908492K,  99% used [0x00007fc98f0a0000, 0x00007fcaf7944fb8, 0x00007fcaf7945000, 0x00007fcaf7aa3000)
 Metaspace       used 24274K, capacity 24694K, committed 24832K, reserved 26624K
GC Heap History (20 events):
Event: 3011.489 GC heap after
{Heap after GC invocations=2424 (full 6):
 def new generation   total 2651520K, used 101751K [0x00007fbee4600000, 0x00007fbf98310000, 0x00007fc98f0a0000)
  eden space 2356928K,   0% used [0x00007fbee4600000, 0x00007fbee4600000, 0x00007fbf743b0000)
  from space 294592K,  34% used [0x00007fbf86360000, 0x00007fbf8c6bdf18, 0x00007fbf98310000)
  to   space 294592K,   0% used [0x00007fbf743b0000, 0x00007fbf743b0000, 0x00007fbf86360000)
 tenured generation   total 5892104K, used 5848982K [0x00007fc98f0a0000, 0x00007fcaf6aa2000, 0x00007fdee4600000)
   the space 5892104K,  99% used [0x00007fc98f0a0000, 0x00007fcaf40859e8, 0x00007fcaf4085a00, 0x00007fcaf6aa2000)
 Metaspace       used 24274K, capacity 24694K, committed 24832K, reserved 26624K
}
Event: 3013.280 GC heap before
{Heap before GC invocations=2424 (full 6):
 def new generation   total 2651520K, used 2455775K [0x00007fbee4600000, 0x00007fbf98310000, 0x00007fc98f0a0000)
  eden space 2356928K,  99% used [0x00007fbee4600000, 0x00007fbf740d9e40, 0x00007fbf743b0000)
  from space 294592K,  34% used [0x00007fbf86360000, 0x00007fbf8c6bdf18, 0x00007fbf98310000)
  to   space 294592K,   0% used [0x00007fbf743b0000, 0x00007fbf743b0000, 0x00007fbf86360000)
 tenured generation   total 5892104K, used 5848982K [0x00007fc98f0a0000, 0x00007fcaf6aa2000, 0x00007fdee4600000)
   the space 5892104K,  99% used [0x00007fc98f0a0000, 0x00007fcaf40859e8, 0x00007fcaf4085a00, 0x00007fcaf6aa2000)
 Metaspace       used 24274K, capacity 24694K, committed 24832K, reserved 26624K
}
Event: 3013.356 GC heap after
{Heap after GC invocations=2425 (full 6):
 def new generation   total 2651520K, used 103828K [0x00007fbee4600000, 0x00007fbf98310000, 0x00007fc98f0a0000)
  eden space 2356928K,   0% used [0x00007fbee4600000, 0x00007fbee4600000, 0x00007fbf743b0000)
  from space 294592K,  35% used [0x00007fbf743b0000, 0x00007fbf7a9153b0, 0x00007fbf86360000)
  to   space 294592K,   0% used [0x00007fbf86360000, 0x00007fbf86360000, 0x00007fbf98310000)
 tenured generation   total 5892104K, used 5848982K [0x00007fc98f0a0000, 0x00007fcaf6aa2000, 0x00007fdee4600000)
   the space 5892104K,  99% used [0x00007fc98f0a0000, 0x00007fcaf40859e8, 0x00007fcaf4085a00, 0x00007fcaf6aa2000)
 Metaspace       used 24274K, capacity 24694K, committed 24832K, reserved 26624K
}
Event: 3015.571 GC heap before
{Heap before GC invocations=2425 (full 6):
 def new generation   total 2651520K, used 2460756K [0x00007fbee4600000, 0x00007fbf98310000, 0x00007fc98f0a0000)
  eden space 2356928K, 100% used [0x00007fbee4600000, 0x00007fbf743b0000, 0x00007fbf743b0000)
  from space 294592K,  35% used [0x00007fbf743b0000, 0x00007fbf7a9153b0, 0x00007fbf86360000)
  to   space 294592K,   0% used [0x00007fbf86360000, 0x00007fbf86360000, 0x00007fbf98310000)
 tenured generation   total 5892104K, used 5848982K [0x00007fc98f0a0000, 0x00007fcaf6aa2000, 0x00007fdee4600000)
   the space 5892104K,  99% used [0x00007fc98f0a0000, 0x00007fcaf40859e8, 0x00007fcaf4085a00, 0x00007fcaf6aa2000)
 Metaspace       used 24274K, capacity 24694K, committed 24832K, reserved 26624K
}
Event: 3015.650 GC heap after
{Heap after GC invocations=2426 (full 6):
 def new generation   total 2651520K, used 95100K [0x00007fbee4600000, 0x00007fbf98310000, 0x00007fc98f0a0000)
  eden space 2356928K,   0% used [0x00007fbee4600000, 0x00007fbee4600000, 0x00007fbf743b0000)
  from space 294592K,  32% used [0x00007fbf86360000, 0x00007fbf8c03f118, 0x00007fbf98310000)
  to   space 294592K,   0% used [0x00007fbf743b0000, 0x00007fbf743b0000, 0x00007fbf86360000)
 tenured generation   total 5892104K, used 5865942K [0x00007fc98f0a0000, 0x00007fcaf6aa2000, 0x00007fdee4600000)
   the space 5892104K,  99% used [0x00007fc98f0a0000, 0x00007fcaf51159e0, 0x00007fcaf5115a00, 0x00007fcaf6aa2000)
 Metaspace       used 24274K, capacity 24694K, committed 24832K, reserved 26624K
}
Event: 3017.610 GC heap before
{Heap before GC invocations=2426 (full 6):
 def new generation   total 2651520K, used 2452028K [0x00007fbee4600000, 0x00007fbf98310000, 0x00007fc98f0a0000)
  eden space 2356928K, 100% used [0x00007fbee4600000, 0x00007fbf743b0000, 0x00007fbf743b0000)
  from space 294592K,  32% used [0x00007fbf86360000, 0x00007fbf8c03f118, 0x00007fbf98310000)
  to   space 294592K,   0% used [0x00007fbf743b0000, 0x00007fbf743b0000, 0x00007fbf86360000)
 tenured generation   total 5892104K, used 5865942K [0x00007fc98f0a0000, 0x00007fcaf6aa2000, 0x00007fdee4600000)
   the space 5892104K,  99% used [0x00007fc98f0a0000, 0x00007fcaf51159e0, 0x00007fcaf5115a00, 0x00007fcaf6aa2000)
 Metaspace       used 24274K, capacity 24694K, committed 24832K, reserved 26624K
}
Event: 3017.674 GC heap after
{Heap after GC invocations=2427 (full 6):
 def new generation   total 2651520K, used 101757K [0x00007fbee4600000, 0x00007fbf98310000, 0x00007fc98f0a0000)
  eden space 2356928K,   0% used [0x00007fbee4600000, 0x00007fbee4600000, 0x00007fbf743b0000)
  from space 294592K,  34% used [0x00007fbf743b0000, 0x00007fbf7a70f490, 0x00007fbf86360000)
  to   space 294592K,   0% used [0x00007fbf86360000, 0x00007fbf86360000, 0x00007fbf98310000)
 tenured generation   total 5892104K, used 5865942K [0x00007fc98f0a0000, 0x00007fcaf6aa2000, 0x00007fdee4600000)
   the space 5892104K,  99% used [0x00007fc98f0a0000, 0x00007fcaf51159e0, 0x00007fcaf5115a00, 0x00007fcaf6aa2000)
 Metaspace       used 24274K, capacity 24694K, committed 24832K, reserved 26624K
}
Event: 3019.288 GC heap before
{Heap before GC invocations=2427 (full 6):
 def new generation   total 2651520K, used 2458685K [0x00007fbee4600000, 0x00007fbf98310000, 0x00007fc98f0a0000)
  eden space 2356928K, 100% used [0x00007fbee4600000, 0x00007fbf743b0000, 0x00007fbf743b0000)
  from space 294592K,  34% used [0x00007fbf743b0000, 0x00007fbf7a70f490, 0x00007fbf86360000)
  to   space 294592K,   0% used [0x00007fbf86360000, 0x00007fbf86360000, 0x00007fbf98310000)
 tenured generation   total 5892104K, used 5865942K [0x00007fc98f0a0000, 0x00007fcaf6aa2000, 0x00007fdee4600000)
   the space 5892104K,  99% used [0x00007fc98f0a0000, 0x00007fcaf51159e0, 0x00007fcaf5115a00, 0x00007fcaf6aa2000)
 Metaspace       used 24274K, capacity 24694K, committed 24832K, reserved 26624K
}
Event: 3019.357 GC heap after
{Heap after GC invocations=2428 (full 6):
 def new generation   total 2651520K, used 101763K [0x00007fbee4600000, 0x00007fbf98310000, 0x00007fc98f0a0000)
  eden space 2356928K,   0% used [0x00007fbee4600000, 0x00007fbee4600000, 0x00007fbf743b0000)
  from space 294592K,  34% used [0x00007fbf86360000, 0x00007fbf8c6c0d00, 0x00007fbf98310000)
  to   space 294592K,   0% used [0x00007fbf743b0000, 0x00007fbf743b0000, 0x00007fbf86360000)
 tenured generation   total 5892104K, used 5865942K [0x00007fc98f0a0000, 0x00007fcaf6aa2000, 0x00007fdee4600000)
   the space 5892104K,  99% used [0x00007fc98f0a0000, 0x00007fcaf51159e0, 0x00007fcaf5115a00, 0x00007fcaf6aa2000)
 Metaspace       used 24274K, capacity 24694K, committed 24832K, reserved 26624K
}
Event: 3021.414 GC heap before
{Heap before GC invocations=2428 (full 6):
 def new generation   total 2651520K, used 2453281K [0x00007fbee4600000, 0x00007fbf98310000, 0x00007fc98f0a0000)
  eden space 2356928K,  99% used [0x00007fbee4600000, 0x00007fbf73e67968, 0x00007fbf743b0000)
  from space 294592K,  34% used [0x00007fbf86360000, 0x00007fbf8c6c0d00, 0x00007fbf98310000)
  to   space 294592K,   0% used [0x00007fbf743b0000, 0x00007fbf743b0000, 0x00007fbf86360000)
 tenured generation   total 5892104K, used 5865942K [0x00007fc98f0a0000, 0x00007fcaf6aa2000, 0x00007fdee4600000)
   the space 5892104K,  99% used [0x00007fc98f0a0000, 0x00007fcaf51159e0, 0x00007fcaf5115a00, 0x00007fcaf6aa2000)
 Metaspace       used 24274K, capacity 24694K, committed 24832K, reserved 26624K
}
Event: 3021.501 GC heap after
{Heap after GC invocations=2429 (full 6):
 def new generation   total 2651520K, used 89444K [0x00007fbee4600000, 0x00007fbf98310000, 0x00007fc98f0a0000)
  eden space 2356928K,   0% used [0x00007fbee4600000, 0x00007fbee4600000, 0x00007fbf743b0000)
  from space 294592K,  30% used [0x00007fbf743b0000, 0x00007fbf79b09270, 0x00007fbf86360000)
  to   space 294592K,   0% used [0x00007fbf86360000, 0x00007fbf86360000, 0x00007fbf98310000)
 tenured generation   total 5892104K, used 5882902K [0x00007fc98f0a0000, 0x00007fcaf6aa2000, 0x00007fdee4600000)
   the space 5892104K,  99% used [0x00007fc98f0a0000, 0x00007fcaf61a59d8, 0x00007fcaf61a5a00, 0x00007fcaf6aa2000)
 Metaspace       used 24274K, capacity 24694K, committed 24832K, reserved 26624K
}
Event: 3023.848 GC heap before
{Heap before GC invocations=2429 (full 6):
 def new generation   total 2651520K, used 2446372K [0x00007fbee4600000, 0x00007fbf98310000, 0x00007fc98f0a0000)
  eden space 2356928K, 100% used [0x00007fbee4600000, 0x00007fbf743b0000, 0x00007fbf743b0000)
  from space 294592K,  30% used [0x00007fbf743b0000, 0x00007fbf79b09270, 0x00007fbf86360000)
  to   space 294592K,   0% used [0x00007fbf86360000, 0x00007fbf86360000, 0x00007fbf98310000)
 tenured generation   total 5892104K, used 5882902K [0x00007fc98f0a0000, 0x00007fcaf6aa2000, 0x00007fdee4600000)
   the space 5892104K,  99% used [0x00007fc98f0a0000, 0x00007fcaf61a59d8, 0x00007fcaf61a5a00, 0x00007fcaf6aa2000)
 Metaspace       used 24274K, capacity 24694K, committed 24832K, reserved 26624K
}
Event: 3023.917 GC heap after
{Heap after GC invocations=2430 (full 6):
 def new generation   total 2651520K, used 98695K [0x00007fbee4600000, 0x00007fbf98310000, 0x00007fc98f0a0000)
  eden space 2356928K,   0% used [0x00007fbee4600000, 0x00007fbee4600000, 0x00007fbf743b0000)
  from space 294592K,  33% used [0x00007fbf86360000, 0x00007fbf8c3c1ec0, 0x00007fbf98310000)
  to   space 294592K,   0% used [0x00007fbf743b0000, 0x00007fbf743b0000, 0x00007fbf86360000)
 tenured generation   total 5892104K, used 5882902K [0x00007fc98f0a0000, 0x00007fcaf6aa2000, 0x00007fdee4600000)
   the space 5892104K,  99% used [0x00007fc98f0a0000, 0x00007fcaf61a59d8, 0x00007fcaf61a5a00, 0x00007fcaf6aa2000)
 Metaspace       used 24274K, capacity 24694K, committed 24832K, reserved 26624K
}
Event: 3025.730 GC heap before
{Heap before GC invocations=2430 (full 6):
 def new generation   total 2651520K, used 2455623K [0x00007fbee4600000, 0x00007fbf98310000, 0x00007fc98f0a0000)
  eden space 2356928K, 100% used [0x00007fbee4600000, 0x00007fbf743b0000, 0x00007fbf743b0000)
  from space 294592K,  33% used [0x00007fbf86360000, 0x00007fbf8c3c1ec0, 0x00007fbf98310000)
  to   space 294592K,   0% used [0x00007fbf743b0000, 0x00007fbf743b0000, 0x00007fbf86360000)
 tenured generation   total 5892104K, used 5882902K [0x00007fc98f0a0000, 0x00007fcaf6aa2000, 0x00007fdee4600000)
   the space 5892104K,  99% used [0x00007fc98f0a0000, 0x00007fcaf61a59d8, 0x00007fcaf61a5a00, 0x00007fcaf6aa2000)
 Metaspace       used 24274K, capacity 24694K, committed 24832K, reserved 26624K
}
Event: 3025.802 GC heap after
{Heap after GC invocations=2431 (full 6):
 def new generation   total 2651520K, used 101758K [0x00007fbee4600000, 0x00007fbf98310000, 0x00007fc98f0a0000)
  eden space 2356928K,   0% used [0x00007fbee4600000, 0x00007fbee4600000, 0x00007fbf743b0000)
  from space 294592K,  34% used [0x00007fbf743b0000, 0x00007fbf7a70faf0, 0x00007fbf86360000)
  to   space 294592K,   0% used [0x00007fbf86360000, 0x00007fbf86360000, 0x00007fbf98310000)
 tenured generation   total 5892104K, used 5882902K [0x00007fc98f0a0000, 0x00007fcaf6aa2000, 0x00007fdee4600000)
   the space 5892104K,  99% used [0x00007fc98f0a0000, 0x00007fcaf61a59d8, 0x00007fcaf61a5a00, 0x00007fcaf6aa2000)
 Metaspace       used 24274K, capacity 24694K, committed 24832K, reserved 26624K
}
Event: 3027.669 GC heap before
{Heap before GC invocations=2431 (full 6):
 def new generation   total 2651520K, used 2458686K [0x00007fbee4600000, 0x00007fbf98310000, 0x00007fc98f0a0000)
  eden space 2356928K, 100% used [0x00007fbee4600000, 0x00007fbf743b0000, 0x00007fbf743b0000)
  from space 294592K,  34% used [0x00007fbf743b0000, 0x00007fbf7a70faf0, 0x00007fbf86360000)
  to   space 294592K,   0% used [0x00007fbf86360000, 0x00007fbf86360000, 0x00007fbf98310000)
 tenured generation   total 5892104K, used 5882902K [0x00007fc98f0a0000, 0x00007fcaf6aa2000, 0x00007fdee4600000)
   the space 5892104K,  99% used [0x00007fc98f0a0000, 0x00007fcaf61a59d8, 0x00007fcaf61a5a00, 0x00007fcaf6aa2000)
 Metaspace       used 24274K, capacity 24694K, committed 24832K, reserved 26624K
}
Event: 3027.753 GC heap after
{Heap after GC invocations=2432 (full 6):
 def new generation   total 2651520K, used 120265K [0x00007fbee4600000, 0x00007fbf98310000, 0x00007fc98f0a0000)
  eden space 2356928K,   0% used [0x00007fbee4600000, 0x00007fbee4600000, 0x00007fbf743b0000)
  from space 294592K,  40% used [0x00007fbf86360000, 0x00007fbf8d8d2500, 0x00007fbf98310000)
  to   space 294592K,   0% used [0x00007fbf743b0000, 0x00007fbf743b0000, 0x00007fbf86360000)
 tenured generation   total 5892104K, used 5882902K [0x00007fc98f0a0000, 0x00007fcaf6aa2000, 0x00007fdee4600000)
   the space 5892104K,  99% used [0x00007fc98f0a0000, 0x00007fcaf61a59d8, 0x00007fcaf61a5a00, 0x00007fcaf6aa2000)
 Metaspace       used 24274K, capacity 24694K, committed 24832K, reserved 26624K
}
Event: 3029.995 GC heap before
{Heap before GC invocations=2432 (full 6):
 def new generation   total 2651520K, used 2477193K [0x00007fbee4600000, 0x00007fbf98310000, 0x00007fc98f0a0000)
  eden space 2356928K, 100% used [0x00007fbee4600000, 0x00007fbf743b0000, 0x00007fbf743b0000)
  from space 294592K,  40% used [0x00007fbf86360000, 0x00007fbf8d8d2500, 0x00007fbf98310000)
  to   space 294592K,   0% used [0x00007fbf743b0000, 0x00007fbf743b0000, 0x00007fbf86360000)
 tenured generation   total 5892104K, used 5882902K [0x00007fc98f0a0000, 0x00007fcaf6aa2000, 0x00007fdee4600000)
   the space 5892104K,  99% used [0x00007fc98f0a0000, 0x00007fcaf61a59d8, 0x00007fcaf61a5a00, 0x00007fcaf6aa2000)
 Metaspace       used 24274K, capacity 24694K, committed 24832K, reserved 26624K
}
Event: 3030.127 GC heap after
{Heap after GC invocations=2433 (full 6):
 def new generation   total 2651520K, used 94077K [0x00007fbee4600000, 0x00007fbf98310000, 0x00007fc98f0a0000)
  eden space 2356928K,   0% used [0x00007fbee4600000, 0x00007fbee4600000, 0x00007fbf743b0000)
  from space 294592K,  31% used [0x00007fbf743b0000, 0x00007fbf79f8f670, 0x00007fbf86360000)
  to   space 294592K,   0% used [0x00007fbf86360000, 0x00007fbf86360000, 0x00007fbf98310000)
 tenured generation   total 5908492K, used 5899862K [0x00007fc98f0a0000, 0x00007fcaf7aa3000, 0x00007fdee4600000)
   the space 5908492K,  99% used [0x00007fc98f0a0000, 0x00007fcaf72359d0, 0x00007fcaf7235a00, 0x00007fcaf7aa3000)
 Metaspace       used 24274K, capacity 24694K, committed 24832K, reserved 26624K
}
Event: 3030.127 GC heap before
{Heap before GC invocations=2433 (full 6):
 def new generation   total 2651520K, used 94077K [0x00007fbee4600000, 0x00007fbf98310000, 0x00007fc98f0a0000)
  eden space 2356928K,   0% used [0x00007fbee4600000, 0x00007fbee4600000, 0x00007fbf743b0000)
  from space 294592K,  31% used [0x00007fbf743b0000, 0x00007fbf79f8f670, 0x00007fbf86360000)
  to   space 294592K,   0% used [0x00007fbf86360000, 0x00007fbf86360000, 0x00007fbf98310000)
 tenured generation   total 5908492K, used 5899862K [0x00007fc98f0a0000, 0x00007fcaf7aa3000, 0x00007fdee4600000)
   the space 5908492K,  99% used [0x00007fc98f0a0000, 0x00007fcaf72359d0, 0x00007fcaf7235a00, 0x00007fcaf7aa3000)
 Metaspace       used 24274K, capacity 24694K, committed 24832K, reserved 26624K
}

