# JRE version: OpenJDK Runtime Environment (13.0.7+5) (build 13.0.7+5-Ubuntu-0ubuntu120.04)
# Java VM: OpenJDK 64-Bit Server VM (13.0.7+5-Ubuntu-0ubuntu120.04, mixed mode, tiered, serial gc, linux-amd64)
Heap:
 def new generation   total 1584000K, used 0K [0x00007f8550600000, 0x00007f85bbcb0000, 0x00007f8aa5b50000)
  eden space 1408064K,   0% used [0x00007f8550600000, 0x00007f8550600000, 0x00007f85a6510000)
  from space 175936K,   0% used [0x00007f85b10e0000, 0x00007f85b10e0000, 0x00007f85bbcb0000)
  to   space 175936K,   0% used [0x00007f85a6510000, 0x00007f85a6510000, 0x00007f85b10e0000)
 tenured generation   total 8753764K, used 5252258K [0x00007f8aa5b50000, 0x00007f8cbbfe9000, 0x00007f9550600000)
   the space 8753764K,  59% used [0x00007f8aa5b50000, 0x00007f8be6478968, 0x00007f8be6478a00, 0x00007f8cbbfe9000)
 Metaspace       used 23256K, capacity 23605K, committed 23808K, reserved 24576K
GC Heap History (15 events):
Event: 3.390 GC heap before
{Heap before GC invocations=0 (full 0):
 def new generation   total 629120K, used 100665K [0x00007f8550600000, 0x00007f857b0a0000, 0x00007f8aa5b50000)
  eden space 559232K,  18% used [0x00007f8550600000, 0x00007f855684e6e0, 0x00007f8572820000)
  from space 69888K,   0% used [0x00007f8572820000, 0x00007f8572820000, 0x00007f8576c60000)
  to   space 69888K,   0% used [0x00007f8576c60000, 0x00007f8576c60000, 0x00007f857b0a0000)
 tenured generation   total 1398144K, used 0K [0x00007f8aa5b50000, 0x00007f8afb0b0000, 0x00007f9550600000)
   the space 1398144K,   0% used [0x00007f8aa5b50000, 0x00007f8aa5b50000, 0x00007f8aa5b50200, 0x00007f8afb0b0000)
 Metaspace       used 20913K, capacity 21208K, committed 21248K, reserved 22528K
}
Event: 3.500 GC heap after
{Heap after GC invocations=1 (full 1):
 def new generation   total 629248K, used 0K [0x00007f8550600000, 0x00007f857b0c0000, 0x00007f8aa5b50000)
  eden space 559360K,   0% used [0x00007f8550600000, 0x00007f8550600000, 0x00007f8572840000)
  from space 69888K,   0% used [0x00007f8572840000, 0x00007f8572840000, 0x00007f8576c80000)
  to   space 69888K,   0% used [0x00007f8576c80000, 0x00007f8576c80000, 0x00007f857b0c0000)
 tenured generation   total 1398144K, used 13589K [0x00007f8aa5b50000, 0x00007f8afb0b0000, 0x00007f9550600000)
   the space 1398144K,   0% used [0x00007f8aa5b50000, 0x00007f8aa6895760, 0x00007f8aa6895800, 0x00007f8afb0b0000)
 Metaspace       used 20913K, capacity 21208K, committed 21248K, reserved 22528K
}
Event: 5.399 GC heap before
{Heap before GC invocations=1 (full 1):
 def new generation   total 629248K, used 559360K [0x00007f8550600000, 0x00007f857b0c0000, 0x00007f8aa5b50000)
  eden space 559360K, 100% used [0x00007f8550600000, 0x00007f8572840000, 0x00007f8572840000)
  from space 69888K,   0% used [0x00007f8572840000, 0x00007f8572840000, 0x00007f8576c80000)
  to   space 69888K,   0% used [0x00007f8576c80000, 0x00007f8576c80000, 0x00007f857b0c0000)
 tenured generation   total 1398144K, used 13589K [0x00007f8aa5b50000, 0x00007f8afb0b0000, 0x00007f9550600000)
   the space 1398144K,   0% used [0x00007f8aa5b50000, 0x00007f8aa6895760, 0x00007f8aa6895800, 0x00007f8afb0b0000)
 Metaspace       used 23072K, capacity 23399K, committed 23552K, reserved 24576K
}
Event: 5.405 GC heap after
{Heap after GC invocations=2 (full 1):
 def new generation   total 629248K, used 812K [0x00007f8550600000, 0x00007f857b0c0000, 0x00007f8aa5b50000)
  eden space 559360K,   0% used [0x00007f8550600000, 0x00007f8550600000, 0x00007f8572840000)
  from space 69888K,   1% used [0x00007f8576c80000, 0x00007f8576d4b070, 0x00007f857b0c0000)
  to   space 69888K,   0% used [0x00007f8572840000, 0x00007f8572840000, 0x00007f8576c80000)
 tenured generation   total 1398144K, used 13589K [0x00007f8aa5b50000, 0x00007f8afb0b0000, 0x00007f9550600000)
   the space 1398144K,   0% used [0x00007f8aa5b50000, 0x00007f8aa6895760, 0x00007f8aa6895800, 0x00007f8afb0b0000)
 Metaspace       used 23072K, capacity 23399K, committed 23552K, reserved 24576K
}
Event: 7.777 GC heap before
{Heap before GC invocations=2 (full 1):
 def new generation   total 629248K, used 432982K [0x00007f8550600000, 0x00007f857b0c0000, 0x00007f8aa5b50000)
  eden space 559360K,  77% used [0x00007f8550600000, 0x00007f856ac0ab50, 0x00007f8572840000)
  from space 69888K,   1% used [0x00007f8576c80000, 0x00007f8576d4b070, 0x00007f857b0c0000)
  to   space 69888K,   0% used [0x00007f8572840000, 0x00007f8572840000, 0x00007f8576c80000)
 tenured generation   total 1398144K, used 1062165K [0x00007f8aa5b50000, 0x00007f8afb0b0000, 0x00007f9550600000)
   the space 1398144K,  75% used [0x00007f8aa5b50000, 0x00007f8ae6895778, 0x00007f8ae6895800, 0x00007f8afb0b0000)
 Metaspace       used 23254K, capacity 23605K, committed 23808K, reserved 24576K
}
Event: 7.784 GC heap after
{Heap after GC invocations=3 (full 1):
 def new generation   total 629248K, used 1143K [0x00007f8550600000, 0x00007f857b0c0000, 0x00007f8aa5b50000)
  eden space 559360K,   0% used [0x00007f8550600000, 0x00007f8550600000, 0x00007f8572840000)
  from space 69888K,   1% used [0x00007f8572840000, 0x00007f857295de50, 0x00007f8576c80000)
  to   space 69888K,   0% used [0x00007f8576c80000, 0x00007f8576c80000, 0x00007f857b0c0000)
 tenured generation   total 1398144K, used 1062165K [0x00007f8aa5b50000, 0x00007f8afb0b0000, 0x00007f9550600000)
   the space 1398144K,  75% used [0x00007f8aa5b50000, 0x00007f8ae6895778, 0x00007f8ae6895800, 0x00007f8afb0b0000)
 Metaspace       used 23254K, capacity 23605K, committed 23808K, reserved 24576K
}
Event: 7.784 GC heap before
{Heap before GC invocations=3 (full 1):
 def new generation   total 629248K, used 1143K [0x00007f8550600000, 0x00007f857b0c0000, 0x00007f8aa5b50000)
  eden space 559360K,   0% used [0x00007f8550600000, 0x00007f8550600000, 0x00007f8572840000)
  from space 69888K,   1% used [0x00007f8572840000, 0x00007f857295de50, 0x00007f8576c80000)
  to   space 69888K,   0% used [0x00007f8576c80000, 0x00007f8576c80000, 0x00007f857b0c0000)
 tenured generation   total 1398144K, used 1062165K [0x00007f8aa5b50000, 0x00007f8afb0b0000, 0x00007f9550600000)
   the space 1398144K,  75% used [0x00007f8aa5b50000, 0x00007f8ae6895778, 0x00007f8ae6895800, 0x00007f8afb0b0000)
 Metaspace       used 23254K, capacity 23605K, committed 23808K, reserved 24576K
}
Event: 7.830 GC heap after
{Heap after GC invocations=3 (full 2):
 def new generation   total 797568K, used 0K [0x00007f8550600000, 0x00007f8586760000, 0x00007f8aa5b50000)
  eden space 708992K,   0% used [0x00007f8550600000, 0x00007f8550600000, 0x00007f857ba60000)
  from space 88576K,   0% used [0x00007f857ba60000, 0x00007f857ba60000, 0x00007f85810e0000)
  to   space 88576K,   0% used [0x00007f85810e0000, 0x00007f85810e0000, 0x00007f8586760000)
 tenured generation   total 1772176K, used 1063303K [0x00007f8aa5b50000, 0x00007f8b11df4000, 0x00007f9550600000)
   the space 1772176K,  59% used [0x00007f8aa5b50000, 0x00007f8ae69b1d68, 0x00007f8ae69b1e00, 0x00007f8b11df4000)
 Metaspace       used 23254K, capacity 23605K, committed 23808K, reserved 24576K
}
Event: 9.083 GC heap before
{Heap before GC invocations=3 (full 2):
 def new generation   total 797568K, used 14063K [0x00007f8550600000, 0x00007f8586760000, 0x00007f8aa5b50000)
  eden space 708992K,   1% used [0x00007f8550600000, 0x00007f85513bbc90, 0x00007f857ba60000)
  from space 88576K,   0% used [0x00007f857ba60000, 0x00007f857ba60000, 0x00007f85810e0000)
  to   space 88576K,   0% used [0x00007f85810e0000, 0x00007f85810e0000, 0x00007f8586760000)
 tenured generation   total 2820756K, used 2111879K [0x00007f8aa5b50000, 0x00007f8b51df5000, 0x00007f9550600000)
   the space 2820756K,  74% used [0x00007f8aa5b50000, 0x00007f8b269b1d80, 0x00007f8b269b1e00, 0x00007f8b51df5000)
 Metaspace       used 23256K, capacity 23605K, committed 23808K, reserved 24576K
}
Event: 9.085 GC heap after
{Heap after GC invocations=4 (full 2):
 def new generation   total 797568K, used 0K [0x00007f8550600000, 0x00007f8586760000, 0x00007f8aa5b50000)
  eden space 708992K,   0% used [0x00007f8550600000, 0x00007f8550600000, 0x00007f857ba60000)
  from space 88576K,   0% used [0x00007f85810e0000, 0x00007f85810e02c0, 0x00007f8586760000)
  to   space 88576K,   0% used [0x00007f857ba60000, 0x00007f857ba60000, 0x00007f85810e0000)
 tenured generation   total 2820756K, used 2111879K [0x00007f8aa5b50000, 0x00007f8b51df5000, 0x00007f9550600000)
   the space 2820756K,  74% used [0x00007f8aa5b50000, 0x00007f8b269b1d80, 0x00007f8b269b1e00, 0x00007f8b51df5000)
 Metaspace       used 23256K, capacity 23605K, committed 23808K, reserved 24576K
}
Event: 9.085 GC heap before
{Heap before GC invocations=4 (full 2):
 def new generation   total 797568K, used 0K [0x00007f8550600000, 0x00007f8586760000, 0x00007f8aa5b50000)
  eden space 708992K,   0% used [0x00007f8550600000, 0x00007f8550600000, 0x00007f857ba60000)
  from space 88576K,   0% used [0x00007f85810e0000, 0x00007f85810e02c0, 0x00007f8586760000)
  to   space 88576K,   0% used [0x00007f857ba60000, 0x00007f857ba60000, 0x00007f85810e0000)
 tenured generation   total 2820756K, used 2111879K [0x00007f8aa5b50000, 0x00007f8b51df5000, 0x00007f9550600000)
   the space 2820756K,  74% used [0x00007f8aa5b50000, 0x00007f8b269b1d80, 0x00007f8b269b1e00, 0x00007f8b51df5000)
 Metaspace       used 23256K, capacity 23605K, committed 23808K, reserved 24576K
}
Event: 9.120 GC heap after
{Heap after GC invocations=4 (full 3):
 def new generation   total 1584000K, used 0K [0x00007f8550600000, 0x00007f85bbcb0000, 0x00007f8aa5b50000)
  eden space 1408064K,   0% used [0x00007f8550600000, 0x00007f8550600000, 0x00007f85a6510000)
  from space 175936K,   0% used [0x00007f85a6510000, 0x00007f85a6510000, 0x00007f85b10e0000)
  to   space 175936K,   0% used [0x00007f85b10e0000, 0x00007f85b10e0000, 0x00007f85bbcb0000)
 tenured generation   total 3519804K, used 2111880K [0x00007f8aa5b50000, 0x00007f8b7c89f000, 0x00007f9550600000)
   the space 3519804K,  59% used [0x00007f8aa5b50000, 0x00007f8b269b2040, 0x00007f8b269b2200, 0x00007f8b7c89f000)
 Metaspace       used 23256K, capacity 23605K, committed 23808K, reserved 24576K
}
Event: 15.202 GC heap before
{Heap before GC invocations=4 (full 3):
 def new generation   total 1584000K, used 27929K [0x00007f8550600000, 0x00007f85bbcb0000, 0x00007f8aa5b50000)
  eden space 1408064K,   1% used [0x00007f8550600000, 0x00007f8552146588, 0x00007f85a6510000)
  from space 175936K,   0% used [0x00007f85a6510000, 0x00007f85a6510000, 0x00007f85b10e0000)
  to   space 175936K,   0% used [0x00007f85b10e0000, 0x00007f85b10e0000, 0x00007f85bbcb0000)
 tenured generation   total 7714112K, used 6306184K [0x00007f8aa5b50000, 0x00007f8c7c8a0000, 0x00007f9550600000)
   the space 7714112K,  81% used [0x00007f8aa5b50000, 0x00007f8c269b2058, 0x00007f8c269b2200, 0x00007f8c7c8a0000)
 Metaspace       used 23256K, capacity 23605K, committed 23808K, reserved 24576K
}
Event: 15.206 GC heap after
{Heap after GC invocations=5 (full 3):
 def new generation   total 1584000K, used 0K [0x00007f8550600000, 0x00007f85bbcb0000, 0x00007f8aa5b50000)
  eden space 1408064K,   0% used [0x00007f8550600000, 0x00007f8550600000, 0x00007f85a6510000)
  from space 175936K,   0% used [0x00007f85b10e0000, 0x00007f85b10e0178, 0x00007f85bbcb0000)
  to   space 175936K,   0% used [0x00007f85a6510000, 0x00007f85a6510000, 0x00007f85b10e0000)
 tenured generation   total 7714112K, used 6306184K [0x00007f8aa5b50000, 0x00007f8c7c8a0000, 0x00007f9550600000)
   the space 7714112K,  81% used [0x00007f8aa5b50000, 0x00007f8c269b2058, 0x00007f8c269b2200, 0x00007f8c7c8a0000)
 Metaspace       used 23256K, capacity 23605K, committed 23808K, reserved 24576K
}
Event: 15.206 GC heap before
{Heap before GC invocations=5 (full 3):
 def new generation   total 1584000K, used 0K [0x00007f8550600000, 0x00007f85bbcb0000, 0x00007f8aa5b50000)
  eden space 1408064K,   0% used [0x00007f8550600000, 0x00007f8550600000, 0x00007f85a6510000)
  from space 175936K,   0% used [0x00007f85b10e0000, 0x00007f85b10e0178, 0x00007f85bbcb0000)
  to   space 175936K,   0% used [0x00007f85a6510000, 0x00007f85a6510000, 0x00007f85b10e0000)
 tenured generation   total 7714112K, used 6306184K [0x00007f8aa5b50000, 0x00007f8c7c8a0000, 0x00007f9550600000)
   the space 7714112K,  81% used [0x00007f8aa5b50000, 0x00007f8c269b2058, 0x00007f8c269b2200, 0x00007f8c7c8a0000)
 Metaspace       used 23256K, capacity 23605K, committed 23808K, reserved 24576K
}

