# JRE version: OpenJDK Runtime Environment (13.0.7+5) (build 13.0.7+5-Ubuntu-0ubuntu120.04)
# Java VM: OpenJDK 64-Bit Server VM (13.0.7+5-Ubuntu-0ubuntu120.04, mixed mode, tiered, serial gc, linux-amd64)
Heap:
 def new generation   total 992128K, used 16961K [0x00007f2344600000, 0x00007f2387a80000, 0x00007f2def0a0000)
  eden space 881920K,   1% used [0x00007f2344600000, 0x00007f23456904f8, 0x00007f237a340000)
  from space 110208K,   0% used [0x00007f237a340000, 0x00007f237a340000, 0x00007f2380ee0000)
  to   space 110208K,   0% used [0x00007f2380ee0000, 0x00007f2380ee0000, 0x00007f2387a80000)
 tenured generation   total 2220940K, used 2207679K [0x00007f2def0a0000, 0x00007f2e76983000, 0x00007f4344600000)
   the space 2220940K,  99% used [0x00007f2def0a0000, 0x00007f2e75c8fe00, 0x00007f2e75c8fe00, 0x00007f2e76983000)
 Metaspace       used 24204K, capacity 24634K, committed 24832K, reserved 26624K
GC Heap History (20 events):
Event: 786.876 GC heap after
{Heap after GC invocations=1040 (full 4):
 def new generation   total 992128K, used 47791K [0x00007f2344600000, 0x00007f2387a80000, 0x00007f2def0a0000)
  eden space 881920K,   0% used [0x00007f2344600000, 0x00007f2344600000, 0x00007f237a340000)
  from space 110208K,  43% used [0x00007f2380ee0000, 0x00007f2383d8bcf0, 0x00007f2387a80000)
  to   space 110208K,   0% used [0x00007f237a340000, 0x00007f237a340000, 0x00007f2380ee0000)
 tenured generation   total 2204552K, used 2174244K [0x00007f2def0a0000, 0x00007f2e75982000, 0x00007f4344600000)
   the space 2204552K,  98% used [0x00007f2def0a0000, 0x00007f2e73be9288, 0x00007f2e73be9400, 0x00007f2e75982000)
 Metaspace       used 24204K, capacity 24634K, committed 24832K, reserved 26624K
}
Event: 787.769 GC heap before
{Heap before GC invocations=1040 (full 4):
 def new generation   total 992128K, used 917443K [0x00007f2344600000, 0x00007f2387a80000, 0x00007f2def0a0000)
  eden space 881920K,  98% used [0x00007f2344600000, 0x00007f2379745228, 0x00007f237a340000)
  from space 110208K,  43% used [0x00007f2380ee0000, 0x00007f2383d8bcf0, 0x00007f2387a80000)
  to   space 110208K,   0% used [0x00007f237a340000, 0x00007f237a340000, 0x00007f2380ee0000)
 tenured generation   total 2204552K, used 2174244K [0x00007f2def0a0000, 0x00007f2e75982000, 0x00007f4344600000)
   the space 2204552K,  98% used [0x00007f2def0a0000, 0x00007f2e73be9288, 0x00007f2e73be9400, 0x00007f2e75982000)
 Metaspace       used 24204K, capacity 24634K, committed 24832K, reserved 26624K
}
Event: 787.807 GC heap after
{Heap after GC invocations=1041 (full 4):
 def new generation   total 992128K, used 50869K [0x00007f2344600000, 0x00007f2387a80000, 0x00007f2def0a0000)
  eden space 881920K,   0% used [0x00007f2344600000, 0x00007f2344600000, 0x00007f237a340000)
  from space 110208K,  46% used [0x00007f237a340000, 0x00007f237d4ed7f0, 0x00007f2380ee0000)
  to   space 110208K,   0% used [0x00007f2380ee0000, 0x00007f2380ee0000, 0x00007f2387a80000)
 tenured generation   total 2204552K, used 2174244K [0x00007f2def0a0000, 0x00007f2e75982000, 0x00007f4344600000)
   the space 2204552K,  98% used [0x00007f2def0a0000, 0x00007f2e73be9288, 0x00007f2e73be9400, 0x00007f2e75982000)
 Metaspace       used 24204K, capacity 24634K, committed 24832K, reserved 26624K
}
Event: 788.541 GC heap before
{Heap before GC invocations=1041 (full 4):
 def new generation   total 992128K, used 932789K [0x00007f2344600000, 0x00007f2387a80000, 0x00007f2def0a0000)
  eden space 881920K, 100% used [0x00007f2344600000, 0x00007f237a340000, 0x00007f237a340000)
  from space 110208K,  46% used [0x00007f237a340000, 0x00007f237d4ed7f0, 0x00007f2380ee0000)
  to   space 110208K,   0% used [0x00007f2380ee0000, 0x00007f2380ee0000, 0x00007f2387a80000)
 tenured generation   total 2204552K, used 2174244K [0x00007f2def0a0000, 0x00007f2e75982000, 0x00007f4344600000)
   the space 2204552K,  98% used [0x00007f2def0a0000, 0x00007f2e73be9288, 0x00007f2e73be9400, 0x00007f2e75982000)
 Metaspace       used 24204K, capacity 24634K, committed 24832K, reserved 26624K
}
Event: 788.577 GC heap after
{Heap after GC invocations=1042 (full 4):
 def new generation   total 992128K, used 51367K [0x00007f2344600000, 0x00007f2387a80000, 0x00007f2def0a0000)
  eden space 881920K,   0% used [0x00007f2344600000, 0x00007f2344600000, 0x00007f237a340000)
  from space 110208K,  46% used [0x00007f2380ee0000, 0x00007f2384109ef8, 0x00007f2387a80000)
  to   space 110208K,   0% used [0x00007f237a340000, 0x00007f237a340000, 0x00007f2380ee0000)
 tenured generation   total 2204552K, used 2174244K [0x00007f2def0a0000, 0x00007f2e75982000, 0x00007f4344600000)
   the space 2204552K,  98% used [0x00007f2def0a0000, 0x00007f2e73be9288, 0x00007f2e73be9400, 0x00007f2e75982000)
 Metaspace       used 24204K, capacity 24634K, committed 24832K, reserved 26624K
}
Event: 789.410 GC heap before
{Heap before GC invocations=1042 (full 4):
 def new generation   total 992128K, used 925860K [0x00007f2344600000, 0x00007f2387a80000, 0x00007f2def0a0000)
  eden space 881920K,  99% used [0x00007f2344600000, 0x00007f2379bff300, 0x00007f237a340000)
  from space 110208K,  46% used [0x00007f2380ee0000, 0x00007f2384109ef8, 0x00007f2387a80000)
  to   space 110208K,   0% used [0x00007f237a340000, 0x00007f237a340000, 0x00007f2380ee0000)
 tenured generation   total 2204552K, used 2174244K [0x00007f2def0a0000, 0x00007f2e75982000, 0x00007f4344600000)
   the space 2204552K,  98% used [0x00007f2def0a0000, 0x00007f2e73be9288, 0x00007f2e73be9400, 0x00007f2e75982000)
 Metaspace       used 24204K, capacity 24634K, committed 24832K, reserved 26624K
}
Event: 789.447 GC heap after
{Heap after GC invocations=1043 (full 4):
 def new generation   total 992128K, used 53961K [0x00007f2344600000, 0x00007f2387a80000, 0x00007f2def0a0000)
  eden space 881920K,   0% used [0x00007f2344600000, 0x00007f2344600000, 0x00007f237a340000)
  from space 110208K,  48% used [0x00007f237a340000, 0x00007f237d7f26e8, 0x00007f2380ee0000)
  to   space 110208K,   0% used [0x00007f2380ee0000, 0x00007f2380ee0000, 0x00007f2387a80000)
 tenured generation   total 2204552K, used 2174244K [0x00007f2def0a0000, 0x00007f2e75982000, 0x00007f4344600000)
   the space 2204552K,  98% used [0x00007f2def0a0000, 0x00007f2e73be9288, 0x00007f2e73be9400, 0x00007f2e75982000)
 Metaspace       used 24204K, capacity 24634K, committed 24832K, reserved 26624K
}
Event: 790.529 GC heap before
{Heap before GC invocations=1043 (full 4):
 def new generation   total 992128K, used 935881K [0x00007f2344600000, 0x00007f2387a80000, 0x00007f2def0a0000)
  eden space 881920K, 100% used [0x00007f2344600000, 0x00007f237a340000, 0x00007f237a340000)
  from space 110208K,  48% used [0x00007f237a340000, 0x00007f237d7f26e8, 0x00007f2380ee0000)
  to   space 110208K,   0% used [0x00007f2380ee0000, 0x00007f2380ee0000, 0x00007f2387a80000)
 tenured generation   total 2204552K, used 2174244K [0x00007f2def0a0000, 0x00007f2e75982000, 0x00007f4344600000)
   the space 2204552K,  98% used [0x00007f2def0a0000, 0x00007f2e73be9288, 0x00007f2e73be9400, 0x00007f2e75982000)
 Metaspace       used 24204K, capacity 24634K, committed 24832K, reserved 26624K
}
Event: 790.568 GC heap after
{Heap after GC invocations=1044 (full 4):
 def new generation   total 992128K, used 58078K [0x00007f2344600000, 0x00007f2387a80000, 0x00007f2def0a0000)
  eden space 881920K,   0% used [0x00007f2344600000, 0x00007f2344600000, 0x00007f237a340000)
  from space 110208K,  52% used [0x00007f2380ee0000, 0x00007f2384797990, 0x00007f2387a80000)
  to   space 110208K,   0% used [0x00007f237a340000, 0x00007f237a340000, 0x00007f2380ee0000)
 tenured generation   total 2204552K, used 2174244K [0x00007f2def0a0000, 0x00007f2e75982000, 0x00007f4344600000)
   the space 2204552K,  98% used [0x00007f2def0a0000, 0x00007f2e73be9288, 0x00007f2e73be9400, 0x00007f2e75982000)
 Metaspace       used 24204K, capacity 24634K, committed 24832K, reserved 26624K
}
Event: 791.584 GC heap before
{Heap before GC invocations=1044 (full 4):
 def new generation   total 992128K, used 939998K [0x00007f2344600000, 0x00007f2387a80000, 0x00007f2def0a0000)
  eden space 881920K, 100% used [0x00007f2344600000, 0x00007f237a340000, 0x00007f237a340000)
  from space 110208K,  52% used [0x00007f2380ee0000, 0x00007f2384797990, 0x00007f2387a80000)
  to   space 110208K,   0% used [0x00007f237a340000, 0x00007f237a340000, 0x00007f2380ee0000)
 tenured generation   total 2204552K, used 2174244K [0x00007f2def0a0000, 0x00007f2e75982000, 0x00007f4344600000)
   the space 2204552K,  98% used [0x00007f2def0a0000, 0x00007f2e73be9288, 0x00007f2e73be9400, 0x00007f2e75982000)
 Metaspace       used 24204K, capacity 24634K, committed 24832K, reserved 26624K
}
Event: 791.637 GC heap after
{Heap after GC invocations=1045 (full 4):
 def new generation   total 992128K, used 46239K [0x00007f2344600000, 0x00007f2387a80000, 0x00007f2def0a0000)
  eden space 881920K,   0% used [0x00007f2344600000, 0x00007f2344600000, 0x00007f237a340000)
  from space 110208K,  41% used [0x00007f237a340000, 0x00007f237d067f18, 0x00007f2380ee0000)
  to   space 110208K,   0% used [0x00007f2380ee0000, 0x00007f2380ee0000, 0x00007f2387a80000)
 tenured generation   total 2204552K, used 2192744K [0x00007f2def0a0000, 0x00007f2e75982000, 0x00007f4344600000)
   the space 2204552K,  99% used [0x00007f2def0a0000, 0x00007f2e74dfa360, 0x00007f2e74dfa400, 0x00007f2e75982000)
 Metaspace       used 24204K, capacity 24634K, committed 24832K, reserved 26624K
}
Event: 792.564 GC heap before
{Heap before GC invocations=1045 (full 4):
 def new generation   total 992128K, used 928159K [0x00007f2344600000, 0x00007f2387a80000, 0x00007f2def0a0000)
  eden space 881920K, 100% used [0x00007f2344600000, 0x00007f237a340000, 0x00007f237a340000)
  from space 110208K,  41% used [0x00007f237a340000, 0x00007f237d067f18, 0x00007f2380ee0000)
  to   space 110208K,   0% used [0x00007f2380ee0000, 0x00007f2380ee0000, 0x00007f2387a80000)
 tenured generation   total 2204552K, used 2192744K [0x00007f2def0a0000, 0x00007f2e75982000, 0x00007f4344600000)
   the space 2204552K,  99% used [0x00007f2def0a0000, 0x00007f2e74dfa360, 0x00007f2e74dfa400, 0x00007f2e75982000)
 Metaspace       used 24204K, capacity 24634K, committed 24832K, reserved 26624K
}
Event: 792.600 GC heap after
{Heap after GC invocations=1046 (full 4):
 def new generation   total 992128K, used 48818K [0x00007f2344600000, 0x00007f2387a80000, 0x00007f2def0a0000)
  eden space 881920K,   0% used [0x00007f2344600000, 0x00007f2344600000, 0x00007f237a340000)
  from space 110208K,  44% used [0x00007f2380ee0000, 0x00007f2383e8c9d0, 0x00007f2387a80000)
  to   space 110208K,   0% used [0x00007f237a340000, 0x00007f237a340000, 0x00007f2380ee0000)
 tenured generation   total 2204552K, used 2192744K [0x00007f2def0a0000, 0x00007f2e75982000, 0x00007f4344600000)
   the space 2204552K,  99% used [0x00007f2def0a0000, 0x00007f2e74dfa360, 0x00007f2e74dfa400, 0x00007f2e75982000)
 Metaspace       used 24204K, capacity 24634K, committed 24832K, reserved 26624K
}
Event: 793.447 GC heap before
{Heap before GC invocations=1046 (full 4):
 def new generation   total 992128K, used 930738K [0x00007f2344600000, 0x00007f2387a80000, 0x00007f2def0a0000)
  eden space 881920K, 100% used [0x00007f2344600000, 0x00007f237a340000, 0x00007f237a340000)
  from space 110208K,  44% used [0x00007f2380ee0000, 0x00007f2383e8c9d0, 0x00007f2387a80000)
  to   space 110208K,   0% used [0x00007f237a340000, 0x00007f237a340000, 0x00007f2380ee0000)
 tenured generation   total 2204552K, used 2192744K [0x00007f2def0a0000, 0x00007f2e75982000, 0x00007f4344600000)
   the space 2204552K,  99% used [0x00007f2def0a0000, 0x00007f2e74dfa360, 0x00007f2e74dfa400, 0x00007f2e75982000)
 Metaspace       used 24204K, capacity 24634K, committed 24832K, reserved 26624K
}
Event: 793.482 GC heap after
{Heap after GC invocations=1047 (full 4):
 def new generation   total 992128K, used 50343K [0x00007f2344600000, 0x00007f2387a80000, 0x00007f2def0a0000)
  eden space 881920K,   0% used [0x00007f2344600000, 0x00007f2344600000, 0x00007f237a340000)
  from space 110208K,  45% used [0x00007f237a340000, 0x00007f237d469cc0, 0x00007f2380ee0000)
  to   space 110208K,   0% used [0x00007f2380ee0000, 0x00007f2380ee0000, 0x00007f2387a80000)
 tenured generation   total 2204552K, used 2192744K [0x00007f2def0a0000, 0x00007f2e75982000, 0x00007f4344600000)
   the space 2204552K,  99% used [0x00007f2def0a0000, 0x00007f2e74dfa360, 0x00007f2e74dfa400, 0x00007f2e75982000)
 Metaspace       used 24204K, capacity 24634K, committed 24832K, reserved 26624K
}
Event: 794.260 GC heap before
{Heap before GC invocations=1047 (full 4):
 def new generation   total 992128K, used 932263K [0x00007f2344600000, 0x00007f2387a80000, 0x00007f2def0a0000)
  eden space 881920K, 100% used [0x00007f2344600000, 0x00007f237a340000, 0x00007f237a340000)
  from space 110208K,  45% used [0x00007f237a340000, 0x00007f237d469cc0, 0x00007f2380ee0000)
  to   space 110208K,   0% used [0x00007f2380ee0000, 0x00007f2380ee0000, 0x00007f2387a80000)
 tenured generation   total 2204552K, used 2192744K [0x00007f2def0a0000, 0x00007f2e75982000, 0x00007f4344600000)
   the space 2204552K,  99% used [0x00007f2def0a0000, 0x00007f2e74dfa360, 0x00007f2e74dfa400, 0x00007f2e75982000)
 Metaspace       used 24204K, capacity 24634K, committed 24832K, reserved 26624K
}
Event: 794.309 GC heap after
{Heap after GC invocations=1048 (full 4):
 def new generation   total 992128K, used 68837K [0x00007f2344600000, 0x00007f2387a80000, 0x00007f2def0a0000)
  eden space 881920K,   0% used [0x00007f2344600000, 0x00007f2344600000, 0x00007f237a340000)
  from space 110208K,  62% used [0x00007f2380ee0000, 0x00007f23852194b0, 0x00007f2387a80000)
  to   space 110208K,   0% used [0x00007f237a340000, 0x00007f237a340000, 0x00007f2380ee0000)
 tenured generation   total 2204552K, used 2192744K [0x00007f2def0a0000, 0x00007f2e75982000, 0x00007f4344600000)
   the space 2204552K,  99% used [0x00007f2def0a0000, 0x00007f2e74dfa360, 0x00007f2e74dfa400, 0x00007f2e75982000)
 Metaspace       used 24204K, capacity 24634K, committed 24832K, reserved 26624K
}
Event: 795.369 GC heap before
{Heap before GC invocations=1048 (full 4):
 def new generation   total 992128K, used 949935K [0x00007f2344600000, 0x00007f2387a80000, 0x00007f2def0a0000)
  eden space 881920K,  99% used [0x00007f2344600000, 0x00007f237a272b18, 0x00007f237a340000)
  from space 110208K,  62% used [0x00007f2380ee0000, 0x00007f23852194b0, 0x00007f2387a80000)
  to   space 110208K,   0% used [0x00007f237a340000, 0x00007f237a340000, 0x00007f2380ee0000)
 tenured generation   total 2204552K, used 2192744K [0x00007f2def0a0000, 0x00007f2e75982000, 0x00007f4344600000)
   the space 2204552K,  99% used [0x00007f2def0a0000, 0x00007f2e74dfa360, 0x00007f2e74dfa400, 0x00007f2e75982000)
 Metaspace       used 24204K, capacity 24634K, committed 24832K, reserved 26624K
}
Event: 795.427 GC heap after
{Heap after GC invocations=1049 (full 4):
 def new generation   total 992128K, used 38038K [0x00007f2344600000, 0x00007f2387a80000, 0x00007f2def0a0000)
  eden space 881920K,   0% used [0x00007f2344600000, 0x00007f2344600000, 0x00007f237a340000)
  from space 110208K,  34% used [0x00007f237a340000, 0x00007f237c865a88, 0x00007f2380ee0000)
  to   space 110208K,   0% used [0x00007f2380ee0000, 0x00007f2380ee0000, 0x00007f2387a80000)
 tenured generation   total 2220940K, used 2210218K [0x00007f2def0a0000, 0x00007f2e76983000, 0x00007f4344600000)
   the space 2220940K,  99% used [0x00007f2def0a0000, 0x00007f2e75f0a8d8, 0x00007f2e75f0aa00, 0x00007f2e76983000)
 Metaspace       used 24204K, capacity 24634K, committed 24832K, reserved 26624K
}
Event: 795.427 GC heap before
{Heap before GC invocations=1049 (full 4):
 def new generation   total 992128K, used 38038K [0x00007f2344600000, 0x00007f2387a80000, 0x00007f2def0a0000)
  eden space 881920K,   0% used [0x00007f2344600000, 0x00007f2344600000, 0x00007f237a340000)
  from space 110208K,  34% used [0x00007f237a340000, 0x00007f237c865a88, 0x00007f2380ee0000)
  to   space 110208K,   0% used [0x00007f2380ee0000, 0x00007f2380ee0000, 0x00007f2387a80000)
 tenured generation   total 2220940K, used 2210218K [0x00007f2def0a0000, 0x00007f2e76983000, 0x00007f4344600000)
   the space 2220940K,  99% used [0x00007f2def0a0000, 0x00007f2e75f0a8d8, 0x00007f2e75f0aa00, 0x00007f2e76983000)
 Metaspace       used 24204K, capacity 24634K, committed 24832K, reserved 26624K
}

