# JRE version: OpenJDK Runtime Environment (13.0.7+5) (build 13.0.7+5-Ubuntu-0ubuntu120.04)
# Java VM: OpenJDK 64-Bit Server VM (13.0.7+5-Ubuntu-0ubuntu120.04, mixed mode, tiered, serial gc, linux-amd64)
Heap:
 def new generation   total 6691904K, used 4310369K [0x00007fa460600000, 0x00007fa626320000, 0x00007fa9b5b50000)
  eden space 5948416K,  72% used [0x00007fa460600000, 0x00007fa567757b28, 0x00007fa5cb700000)
  from space 743488K,   0% used [0x00007fa5f8d10000, 0x00007fa5f8d108d8, 0x00007fa626320000)
  to   space 743488K,   0% used [0x00007fa5cb700000, 0x00007fa5cb700748, 0x00007fa5f8d10000)
 tenured generation   total 14870668K, used 13116702K [0x00007fa9b5b50000, 0x00007fad41573000, 0x00007fb460600000)
   the space 14870668K,  88% used [0x00007fa9b5b50000, 0x00007facd6497be8, 0x00007facd6497c00, 0x00007fad41573000)
 Metaspace       used 23199K, capacity 23591K, committed 23808K, reserved 24576K
GC Heap History (20 events):
Event: 19.410 GC heap after
{Heap after GC invocations=9 (full 3):
 def new generation   total 629248K, used 0K [0x00007fa460600000, 0x00007fa48b0c0000, 0x00007fa9b5b50000)
  eden space 559360K,   0% used [0x00007fa460600000, 0x00007fa460600000, 0x00007fa482840000)
  from space 69888K,   0% used [0x00007fa482840000, 0x00007fa482840270, 0x00007fa486c80000)
  to   space 69888K,   0% used [0x00007fa486c80000, 0x00007fa486c80000, 0x00007fa48b0c0000)
 tenured generation   total 1922436K, used 1653217K [0x00007fa9b5b50000, 0x00007faa2b0b1000, 0x00007fb460600000)
   the space 1922436K,  85% used [0x00007fa9b5b50000, 0x00007faa1a9c8708, 0x00007faa1a9c8800, 0x00007faa2b0b1000)
 Metaspace       used 23199K, capacity 23591K, committed 23808K, reserved 24576K
}
Event: 19.410 GC heap before
{Heap before GC invocations=9 (full 3):
 def new generation   total 629248K, used 0K [0x00007fa460600000, 0x00007fa48b0c0000, 0x00007fa9b5b50000)
  eden space 559360K,   0% used [0x00007fa460600000, 0x00007fa460600000, 0x00007fa482840000)
  from space 69888K,   0% used [0x00007fa482840000, 0x00007fa482840270, 0x00007fa486c80000)
  to   space 69888K,   0% used [0x00007fa486c80000, 0x00007fa486c80000, 0x00007fa48b0c0000)
 tenured generation   total 1922436K, used 1653217K [0x00007fa9b5b50000, 0x00007faa2b0b1000, 0x00007fb460600000)
   the space 1922436K,  85% used [0x00007fa9b5b50000, 0x00007faa1a9c8708, 0x00007faa1a9c8800, 0x00007faa2b0b1000)
 Metaspace       used 23199K, capacity 23591K, committed 23808K, reserved 24576K
}
Event: 20.499 GC heap after
{Heap after GC invocations=9 (full 4):
 def new generation   total 793600K, used 0K [0x00007fa460600000, 0x00007fa496310000, 0x00007fa9b5b50000)
  eden space 705472K,   0% used [0x00007fa460600000, 0x00007fa460600000, 0x00007fa48b6f0000)
  from space 88128K,   0% used [0x00007fa48b6f0000, 0x00007fa48b6f0000, 0x00007fa490d00000)
  to   space 88128K,   0% used [0x00007fa490d00000, 0x00007fa490d00000, 0x00007fa496310000)
 tenured generation   total 1763364K, used 1058017K [0x00007fa9b5b50000, 0x00007faa21559000, 0x00007fb460600000)
   the space 1763364K,  59% used [0x00007fa9b5b50000, 0x00007fa9f6488780, 0x00007fa9f6488800, 0x00007faa21559000)
 Metaspace       used 23199K, capacity 23591K, committed 23808K, reserved 24576K
}
Event: 20.958 GC heap before
{Heap before GC invocations=9 (full 4):
 def new generation   total 793600K, used 374332K [0x00007fa460600000, 0x00007fa496310000, 0x00007fa9b5b50000)
  eden space 705472K,  53% used [0x00007fa460600000, 0x00007fa47738f3b8, 0x00007fa48b6f0000)
  from space 88128K,   0% used [0x00007fa48b6f0000, 0x00007fa48b6f0000, 0x00007fa490d00000)
  to   space 88128K,   0% used [0x00007fa490d00000, 0x00007fa490d00000, 0x00007fa496310000)
 tenured generation   total 1763364K, used 1058017K [0x00007fa9b5b50000, 0x00007faa21559000, 0x00007fb460600000)
   the space 1763364K,  59% used [0x00007fa9b5b50000, 0x00007fa9f6488780, 0x00007fa9f6488800, 0x00007faa21559000)
 Metaspace       used 23199K, capacity 23591K, committed 23808K, reserved 24576K
}
Event: 21.136 GC heap after
{Heap after GC invocations=10 (full 4):
 def new generation   total 793600K, used 32967K [0x00007fa460600000, 0x00007fa496310000, 0x00007fa9b5b50000)
  eden space 705472K,   0% used [0x00007fa460600000, 0x00007fa460600000, 0x00007fa48b6f0000)
  from space 88128K,  37% used [0x00007fa490d00000, 0x00007fa492d31e80, 0x00007fa496310000)
  to   space 88128K,   0% used [0x00007fa48b6f0000, 0x00007fa48b6f0000, 0x00007fa490d00000)
 tenured generation   total 1763364K, used 1320161K [0x00007fa9b5b50000, 0x00007faa21559000, 0x00007fb460600000)
   the space 1763364K,  74% used [0x00007fa9b5b50000, 0x00007faa06488798, 0x00007faa06488800, 0x00007faa21559000)
 Metaspace       used 23199K, capacity 23591K, committed 23808K, reserved 24576K
}
Event: 21.513 GC heap before
{Heap before GC invocations=10 (full 4):
 def new generation   total 793600K, used 571035K [0x00007fa460600000, 0x00007fa496310000, 0x00007fa9b5b50000)
  eden space 705472K,  76% used [0x00007fa460600000, 0x00007fa481375140, 0x00007fa48b6f0000)
  from space 88128K,  37% used [0x00007fa490d00000, 0x00007fa492d31e80, 0x00007fa496310000)
  to   space 88128K,   0% used [0x00007fa48b6f0000, 0x00007fa48b6f0000, 0x00007fa490d00000)
 tenured generation   total 1763364K, used 1320161K [0x00007fa9b5b50000, 0x00007faa21559000, 0x00007fb460600000)
   the space 1763364K,  74% used [0x00007fa9b5b50000, 0x00007faa06488798, 0x00007faa06488800, 0x00007faa21559000)
 Metaspace       used 23199K, capacity 23591K, committed 23808K, reserved 24576K
}
Event: 21.839 GC heap after
{Heap after GC invocations=11 (full 4):
 def new generation   total 793600K, used 32967K [0x00007fa460600000, 0x00007fa496310000, 0x00007fa9b5b50000)
  eden space 705472K,   0% used [0x00007fa460600000, 0x00007fa460600000, 0x00007fa48b6f0000)
  from space 88128K,  37% used [0x00007fa48b6f0000, 0x00007fa48d721c38, 0x00007fa490d00000)
  to   space 88128K,   0% used [0x00007fa490d00000, 0x00007fa490d00000, 0x00007fa496310000)
 tenured generation   total 2287656K, used 1844449K [0x00007fa9b5b50000, 0x00007faa4155a000, 0x00007fb460600000)
   the space 2287656K,  80% used [0x00007fa9b5b50000, 0x00007faa264887b0, 0x00007faa26488800, 0x00007faa4155a000)
 Metaspace       used 23199K, capacity 23591K, committed 23808K, reserved 24576K
}
Event: 21.839 GC heap before
{Heap before GC invocations=11 (full 4):
 def new generation   total 793600K, used 32967K [0x00007fa460600000, 0x00007fa496310000, 0x00007fa9b5b50000)
  eden space 705472K,   0% used [0x00007fa460600000, 0x00007fa460600000, 0x00007fa48b6f0000)
  from space 88128K,  37% used [0x00007fa48b6f0000, 0x00007fa48d721c38, 0x00007fa490d00000)
  to   space 88128K,   0% used [0x00007fa490d00000, 0x00007fa490d00000, 0x00007fa496310000)
 tenured generation   total 2287656K, used 1844449K [0x00007fa9b5b50000, 0x00007faa4155a000, 0x00007fb460600000)
   the space 2287656K,  80% used [0x00007fa9b5b50000, 0x00007faa264887b0, 0x00007faa26488800, 0x00007faa4155a000)
 Metaspace       used 23199K, capacity 23591K, committed 23808K, reserved 24576K
}
Event: 22.019 GC heap after
{Heap after GC invocations=11 (full 5):
 def new generation   total 793600K, used 0K [0x00007fa460600000, 0x00007fa496310000, 0x00007fa9b5b50000)
  eden space 705472K,   0% used [0x00007fa460600000, 0x00007fa460600000, 0x00007fa48b6f0000)
  from space 88128K,   0% used [0x00007fa48b6f0000, 0x00007fa48b6f0000, 0x00007fa490d00000)
  to   space 88128K,   0% used [0x00007fa490d00000, 0x00007fa490d00000, 0x00007fa496310000)
 tenured generation   total 1763364K, used 533790K [0x00007fa9b5b50000, 0x00007faa21559000, 0x00007fb460600000)
   the space 1763364K,  30% used [0x00007fa9b5b50000, 0x00007fa9d6497920, 0x00007fa9d6497a00, 0x00007faa21559000)
 Metaspace       used 23199K, capacity 23591K, committed 23808K, reserved 24576K
}
Event: 22.252 GC heap before
{Heap before GC invocations=11 (full 5):
 def new generation   total 793600K, used 538091K [0x00007fa460600000, 0x00007fa496310000, 0x00007fa9b5b50000)
  eden space 705472K,  76% used [0x00007fa460600000, 0x00007fa48137af60, 0x00007fa48b6f0000)
  from space 88128K,   0% used [0x00007fa48b6f0000, 0x00007fa48b6f0000, 0x00007fa490d00000)
  to   space 88128K,   0% used [0x00007fa490d00000, 0x00007fa490d00000, 0x00007fa496310000)
 tenured generation   total 1763364K, used 533790K [0x00007fa9b5b50000, 0x00007faa21559000, 0x00007fb460600000)
   the space 1763364K,  30% used [0x00007fa9b5b50000, 0x00007fa9d6497920, 0x00007fa9d6497a00, 0x00007faa21559000)
 Metaspace       used 23199K, capacity 23591K, committed 23808K, reserved 24576K
}
Event: 22.389 GC heap after
{Heap after GC invocations=12 (full 5):
 def new generation   total 793600K, used 0K [0x00007fa460600000, 0x00007fa496310000, 0x00007fa9b5b50000)
  eden space 705472K,   0% used [0x00007fa460600000, 0x00007fa460600000, 0x00007fa48b6f0000)
  from space 88128K,   0% used [0x00007fa490d00000, 0x00007fa490d002c0, 0x00007fa496310000)
  to   space 88128K,   0% used [0x00007fa48b6f0000, 0x00007fa48b6f0000, 0x00007fa490d00000)
 tenured generation   total 1763364K, used 1058078K [0x00007fa9b5b50000, 0x00007faa21559000, 0x00007fb460600000)
   the space 1763364K,  60% used [0x00007fa9b5b50000, 0x00007fa9f6497938, 0x00007fa9f6497a00, 0x00007faa21559000)
 Metaspace       used 23199K, capacity 23591K, committed 23808K, reserved 24576K
}
Event: 22.389 GC heap before
{Heap before GC invocations=12 (full 5):
 def new generation   total 793600K, used 0K [0x00007fa460600000, 0x00007fa496310000, 0x00007fa9b5b50000)
  eden space 705472K,   0% used [0x00007fa460600000, 0x00007fa460600000, 0x00007fa48b6f0000)
  from space 88128K,   0% used [0x00007fa490d00000, 0x00007fa490d002c0, 0x00007fa496310000)
  to   space 88128K,   0% used [0x00007fa48b6f0000, 0x00007fa48b6f0000, 0x00007fa490d00000)
 tenured generation   total 1763364K, used 1058078K [0x00007fa9b5b50000, 0x00007faa21559000, 0x00007fb460600000)
   the space 1763364K,  60% used [0x00007fa9b5b50000, 0x00007fa9f6497938, 0x00007fa9f6497a00, 0x00007faa21559000)
 Metaspace       used 23199K, capacity 23591K, committed 23808K, reserved 24576K
}
Event: 22.420 GC heap after
{Heap after GC invocations=12 (full 6):
 def new generation   total 793600K, used 0K [0x00007fa460600000, 0x00007fa496310000, 0x00007fa9b5b50000)
  eden space 705472K,   0% used [0x00007fa460600000, 0x00007fa460600000, 0x00007fa48b6f0000)
  from space 88128K,   0% used [0x00007fa490d00000, 0x00007fa490d00000, 0x00007fa496310000)
  to   space 88128K,   0% used [0x00007fa48b6f0000, 0x00007fa48b6f0000, 0x00007fa490d00000)
 tenured generation   total 1763364K, used 1058078K [0x00007fa9b5b50000, 0x00007faa21559000, 0x00007fb460600000)
   the space 1763364K,  60% used [0x00007fa9b5b50000, 0x00007fa9f6497bf8, 0x00007fa9f6497c00, 0x00007faa21559000)
 Metaspace       used 23199K, capacity 23591K, committed 23808K, reserved 24576K
}
Event: 30.683 GC heap before
{Heap before GC invocations=12 (full 6):
 def new generation   total 793600K, used 13784K [0x00007fa460600000, 0x00007fa496310000, 0x00007fa9b5b50000)
  eden space 705472K,   1% used [0x00007fa460600000, 0x00007fa4613760a8, 0x00007fa48b6f0000)
  from space 88128K,   0% used [0x00007fa490d00000, 0x00007fa490d00000, 0x00007fa496310000)
  to   space 88128K,   0% used [0x00007fa48b6f0000, 0x00007fa48b6f0000, 0x00007fa490d00000)
 tenured generation   total 10151976K, used 9446687K [0x00007fa9b5b50000, 0x00007fac2155a000, 0x00007fb460600000)
   the space 10151976K,  93% used [0x00007fa9b5b50000, 0x00007fabf6497c10, 0x00007fabf6497e00, 0x00007fac2155a000)
 Metaspace       used 23199K, capacity 23591K, committed 23808K, reserved 24576K
}
Event: 30.706 GC heap after
{Heap after GC invocations=13 (full 6):
 def new generation   total 793600K, used 0K [0x00007fa460600000, 0x00007fa496310000, 0x00007fa9b5b50000)
  eden space 705472K,   0% used [0x00007fa460600000, 0x00007fa460600000, 0x00007fa48b6f0000)
  from space 88128K,   0% used [0x00007fa48b6f0000, 0x00007fa48b6f0178, 0x00007fa490d00000)
  to   space 88128K,   0% used [0x00007fa490d00000, 0x00007fa490d00000, 0x00007fa496310000)
 tenured generation   total 10151976K, used 9446687K [0x00007fa9b5b50000, 0x00007fac2155a000, 0x00007fb460600000)
   the space 10151976K,  93% used [0x00007fa9b5b50000, 0x00007fabf6497c10, 0x00007fabf6497e00, 0x00007fac2155a000)
 Metaspace       used 23199K, capacity 23591K, committed 23808K, reserved 24576K
}
Event: 30.706 GC heap before
{Heap before GC invocations=13 (full 6):
 def new generation   total 793600K, used 0K [0x00007fa460600000, 0x00007fa496310000, 0x00007fa9b5b50000)
  eden space 705472K,   0% used [0x00007fa460600000, 0x00007fa460600000, 0x00007fa48b6f0000)
  from space 88128K,   0% used [0x00007fa48b6f0000, 0x00007fa48b6f0178, 0x00007fa490d00000)
  to   space 88128K,   0% used [0x00007fa490d00000, 0x00007fa490d00000, 0x00007fa496310000)
 tenured generation   total 10151976K, used 9446687K [0x00007fa9b5b50000, 0x00007fac2155a000, 0x00007fb460600000)
   the space 10151976K,  93% used [0x00007fa9b5b50000, 0x00007fabf6497c10, 0x00007fabf6497e00, 0x00007fac2155a000)
 Metaspace       used 23199K, capacity 23591K, committed 23808K, reserved 24576K
}
Event: 33.910 GC heap after
{Heap after GC invocations=13 (full 7):
 def new generation   total 6691904K, used 0K [0x00007fa460600000, 0x00007fa626320000, 0x00007fa9b5b50000)
  eden space 5948416K,   0% used [0x00007fa460600000, 0x00007fa460600000, 0x00007fa5cb700000)
  from space 743488K,   0% used [0x00007fa5cb700000, 0x00007fa5cb700000, 0x00007fa5f8d10000)
  to   space 743488K,   0% used [0x00007fa5f8d10000, 0x00007fa5f8d10000, 0x00007fa626320000)
 tenured generation   total 14870668K, used 8922398K [0x00007fa9b5b50000, 0x00007fad41573000, 0x00007fb460600000)
   the space 14870668K,  59% used [0x00007fa9b5b50000, 0x00007fabd6497bd0, 0x00007fabd6497c00, 0x00007fad41573000)
 Metaspace       used 23199K, capacity 23591K, committed 23808K, reserved 24576K
}
Event: 41.360 GC heap before
{Heap before GC invocations=13 (full 7):
 def new generation   total 6691904K, used 4310529K [0x00007fa460600000, 0x00007fa626320000, 0x00007fa9b5b50000)
  eden space 5948416K,  72% used [0x00007fa460600000, 0x00007fa5677805b0, 0x00007fa5cb700000)
  from space 743488K,   0% used [0x00007fa5cb700000, 0x00007fa5cb700000, 0x00007fa5f8d10000)
  to   space 743488K,   0% used [0x00007fa5f8d10000, 0x00007fa5f8d10000, 0x00007fa626320000)
 tenured generation   total 14870668K, used 8922398K [0x00007fa9b5b50000, 0x00007fad41573000, 0x00007fb460600000)
   the space 14870668K,  59% used [0x00007fa9b5b50000, 0x00007fabd6497bd0, 0x00007fabd6497c00, 0x00007fad41573000)
 Metaspace       used 23199K, capacity 23591K, committed 23808K, reserved 24576K
}
Event: 43.045 GC heap after
{Heap after GC invocations=14 (full 7):
 def new generation   total 6691904K, used 2K [0x00007fa460600000, 0x00007fa626320000, 0x00007fa9b5b50000)
  eden space 5948416K,   0% used [0x00007fa460600000, 0x00007fa460600000, 0x00007fa5cb700000)
  from space 743488K,   0% used [0x00007fa5f8d10000, 0x00007fa5f8d108d8, 0x00007fa626320000)
  to   space 743488K,   0% used [0x00007fa5cb700000, 0x00007fa5cb700000, 0x00007fa5f8d10000)
 tenured generation   total 14870668K, used 13116702K [0x00007fa9b5b50000, 0x00007fad41573000, 0x00007fb460600000)
   the space 14870668K,  88% used [0x00007fa9b5b50000, 0x00007facd6497be8, 0x00007facd6497c00, 0x00007fad41573000)
 Metaspace       used 23199K, capacity 23591K, committed 23808K, reserved 24576K
}
Event: 44.662 GC heap before
{Heap before GC invocations=14 (full 7):
 def new generation   total 6691904K, used 4310369K [0x00007fa460600000, 0x00007fa626320000, 0x00007fa9b5b50000)
  eden space 5948416K,  72% used [0x00007fa460600000, 0x00007fa567757b28, 0x00007fa5cb700000)
  from space 743488K,   0% used [0x00007fa5f8d10000, 0x00007fa5f8d108d8, 0x00007fa626320000)
  to   space 743488K,   0% used [0x00007fa5cb700000, 0x00007fa5cb700000, 0x00007fa5f8d10000)
 tenured generation   total 14870668K, used 13116702K [0x00007fa9b5b50000, 0x00007fad41573000, 0x00007fb460600000)
   the space 14870668K,  88% used [0x00007fa9b5b50000, 0x00007facd6497be8, 0x00007facd6497c00, 0x00007fad41573000)
 Metaspace       used 23199K, capacity 23591K, committed 23808K, reserved 24576K
}

