# JRE version: OpenJDK Runtime Environment (13.0.7+5) (build 13.0.7+5-Ubuntu-0ubuntu120.04)
# Java VM: OpenJDK 64-Bit Server VM (13.0.7+5-Ubuntu-0ubuntu120.04, mixed mode, tiered, serial gc, linux-amd64)
Heap:
 def new generation   total 2808128K, used 161845K [0x00007f6568600000, 0x00007f6626d00000, 0x00007f70130a0000)
  eden space 2496128K,   6% used [0x00007f6568600000, 0x00007f657240d410, 0x00007f6600ba0000)
  from space 312000K,   0% used [0x00007f6613c50000, 0x00007f6613c50000, 0x00007f6626d00000)
  to   space 312000K,   0% used [0x00007f6600ba0000, 0x00007f6600ba0000, 0x00007f6613c50000)
 tenured generation   total 6257624K, used 6257561K [0x00007f70130a0000, 0x00007f7190f96000, 0x00007f8568600000)
   the space 6257624K,  99% used [0x00007f70130a0000, 0x00007f7190f86460, 0x00007f7190f86600, 0x00007f7190f96000)
 Metaspace       used 24263K, capacity 24649K, committed 24832K, reserved 26624K
GC Heap History (20 events):
Event: 1759.089 GC heap after
{Heap after GC invocations=1385 (full 6):
 def new generation   total 2808128K, used 183954K [0x00007f6568600000, 0x00007f6626d00000, 0x00007f70130a0000)
  eden space 2496128K,   0% used [0x00007f6568600000, 0x00007f6568600000, 0x00007f6600ba0000)
  from space 312000K,  58% used [0x00007f6600ba0000, 0x00007f660bf44870, 0x00007f6613c50000)
  to   space 312000K,   0% used [0x00007f6613c50000, 0x00007f6613c50000, 0x00007f6626d00000)
 tenured generation   total 6240204K, used 6121892K [0x00007f70130a0000, 0x00007f718fe93000, 0x00007f8568600000)
   the space 6240204K,  98% used [0x00007f70130a0000, 0x00007f7188b09038, 0x00007f7188b09200, 0x00007f718fe93000)
 Metaspace       used 24263K, capacity 24649K, committed 24832K, reserved 26624K
}
Event: 1762.031 GC heap before
{Heap before GC invocations=1385 (full 6):
 def new generation   total 2808128K, used 2680082K [0x00007f6568600000, 0x00007f6626d00000, 0x00007f70130a0000)
  eden space 2496128K, 100% used [0x00007f6568600000, 0x00007f6600ba0000, 0x00007f6600ba0000)
  from space 312000K,  58% used [0x00007f6600ba0000, 0x00007f660bf44870, 0x00007f6613c50000)
  to   space 312000K,   0% used [0x00007f6613c50000, 0x00007f6613c50000, 0x00007f6626d00000)
 tenured generation   total 6240204K, used 6121892K [0x00007f70130a0000, 0x00007f718fe93000, 0x00007f8568600000)
   the space 6240204K,  98% used [0x00007f70130a0000, 0x00007f7188b09038, 0x00007f7188b09200, 0x00007f718fe93000)
 Metaspace       used 24263K, capacity 24649K, committed 24832K, reserved 26624K
}
Event: 1762.197 GC heap after
{Heap after GC invocations=1386 (full 6):
 def new generation   total 2808128K, used 161845K [0x00007f6568600000, 0x00007f6626d00000, 0x00007f70130a0000)
  eden space 2496128K,   0% used [0x00007f6568600000, 0x00007f6568600000, 0x00007f6600ba0000)
  from space 312000K,  51% used [0x00007f6613c50000, 0x00007f661da5d578, 0x00007f6626d00000)
  to   space 312000K,   0% used [0x00007f6600ba0000, 0x00007f6600ba0000, 0x00007f6613c50000)
 tenured generation   total 6240204K, used 6155809K [0x00007f70130a0000, 0x00007f718fe93000, 0x00007f8568600000)
   the space 6240204K,  98% used [0x00007f70130a0000, 0x00007f718ac284e8, 0x00007f718ac28600, 0x00007f718fe93000)
 Metaspace       used 24263K, capacity 24649K, committed 24832K, reserved 26624K
}
Event: 1764.931 GC heap before
{Heap before GC invocations=1386 (full 6):
 def new generation   total 2808128K, used 2657973K [0x00007f6568600000, 0x00007f6626d00000, 0x00007f70130a0000)
  eden space 2496128K, 100% used [0x00007f6568600000, 0x00007f6600ba0000, 0x00007f6600ba0000)
  from space 312000K,  51% used [0x00007f6613c50000, 0x00007f661da5d578, 0x00007f6626d00000)
  to   space 312000K,   0% used [0x00007f6600ba0000, 0x00007f6600ba0000, 0x00007f6613c50000)
 tenured generation   total 6240204K, used 6155809K [0x00007f70130a0000, 0x00007f718fe93000, 0x00007f8568600000)
   the space 6240204K,  98% used [0x00007f70130a0000, 0x00007f718ac284e8, 0x00007f718ac28600, 0x00007f718fe93000)
 Metaspace       used 24263K, capacity 24649K, committed 24832K, reserved 26624K
}
Event: 1765.074 GC heap after
{Heap after GC invocations=1387 (full 6):
 def new generation   total 2808128K, used 155678K [0x00007f6568600000, 0x00007f6626d00000, 0x00007f70130a0000)
  eden space 2496128K,   0% used [0x00007f6568600000, 0x00007f6568600000, 0x00007f6600ba0000)
  from space 312000K,  49% used [0x00007f6600ba0000, 0x00007f660a3a79f8, 0x00007f6613c50000)
  to   space 312000K,   0% used [0x00007f6613c50000, 0x00007f6613c50000, 0x00007f6626d00000)
 tenured generation   total 6240204K, used 6172767K [0x00007f70130a0000, 0x00007f718fe93000, 0x00007f8568600000)
   the space 6240204K,  98% used [0x00007f70130a0000, 0x00007f718bcb7f40, 0x00007f718bcb8000, 0x00007f718fe93000)
 Metaspace       used 24263K, capacity 24649K, committed 24832K, reserved 26624K
}
Event: 1768.216 GC heap before
{Heap before GC invocations=1387 (full 6):
 def new generation   total 2808128K, used 2651806K [0x00007f6568600000, 0x00007f6626d00000, 0x00007f70130a0000)
  eden space 2496128K, 100% used [0x00007f6568600000, 0x00007f6600ba0000, 0x00007f6600ba0000)
  from space 312000K,  49% used [0x00007f6600ba0000, 0x00007f660a3a79f8, 0x00007f6613c50000)
  to   space 312000K,   0% used [0x00007f6613c50000, 0x00007f6613c50000, 0x00007f6626d00000)
 tenured generation   total 6240204K, used 6172767K [0x00007f70130a0000, 0x00007f718fe93000, 0x00007f8568600000)
   the space 6240204K,  98% used [0x00007f70130a0000, 0x00007f718bcb7f40, 0x00007f718bcb8000, 0x00007f718fe93000)
 Metaspace       used 24263K, capacity 24649K, committed 24832K, reserved 26624K
}
Event: 1768.339 GC heap after
{Heap after GC invocations=1388 (full 6):
 def new generation   total 2808128K, used 153110K [0x00007f6568600000, 0x00007f6626d00000, 0x00007f70130a0000)
  eden space 2496128K,   0% used [0x00007f6568600000, 0x00007f6568600000, 0x00007f6600ba0000)
  from space 312000K,  49% used [0x00007f6613c50000, 0x00007f661d1d5928, 0x00007f6626d00000)
  to   space 312000K,   0% used [0x00007f6600ba0000, 0x00007f6600ba0000, 0x00007f6613c50000)
 tenured generation   total 6240204K, used 6172767K [0x00007f70130a0000, 0x00007f718fe93000, 0x00007f8568600000)
   the space 6240204K,  98% used [0x00007f70130a0000, 0x00007f718bcb7f40, 0x00007f718bcb8000, 0x00007f718fe93000)
 Metaspace       used 24263K, capacity 24649K, committed 24832K, reserved 26624K
}
Event: 1771.292 GC heap before
{Heap before GC invocations=1388 (full 6):
 def new generation   total 2808128K, used 2649238K [0x00007f6568600000, 0x00007f6626d00000, 0x00007f70130a0000)
  eden space 2496128K, 100% used [0x00007f6568600000, 0x00007f6600ba0000, 0x00007f6600ba0000)
  from space 312000K,  49% used [0x00007f6613c50000, 0x00007f661d1d5928, 0x00007f6626d00000)
  to   space 312000K,   0% used [0x00007f6600ba0000, 0x00007f6600ba0000, 0x00007f6613c50000)
 tenured generation   total 6240204K, used 6172767K [0x00007f70130a0000, 0x00007f718fe93000, 0x00007f8568600000)
   the space 6240204K,  98% used [0x00007f70130a0000, 0x00007f718bcb7f40, 0x00007f718bcb8000, 0x00007f718fe93000)
 Metaspace       used 24263K, capacity 24649K, committed 24832K, reserved 26624K
}
Event: 1771.422 GC heap after
{Heap after GC invocations=1389 (full 6):
 def new generation   total 2808128K, used 183954K [0x00007f6568600000, 0x00007f6626d00000, 0x00007f70130a0000)
  eden space 2496128K,   0% used [0x00007f6568600000, 0x00007f6568600000, 0x00007f6600ba0000)
  from space 312000K,  58% used [0x00007f6600ba0000, 0x00007f660bf44870, 0x00007f6613c50000)
  to   space 312000K,   0% used [0x00007f6613c50000, 0x00007f6613c50000, 0x00007f6626d00000)
 tenured generation   total 6240204K, used 6172767K [0x00007f70130a0000, 0x00007f718fe93000, 0x00007f8568600000)
   the space 6240204K,  98% used [0x00007f70130a0000, 0x00007f718bcb7f40, 0x00007f718bcb8000, 0x00007f718fe93000)
 Metaspace       used 24263K, capacity 24649K, committed 24832K, reserved 26624K
}
Event: 1774.468 GC heap before
{Heap before GC invocations=1389 (full 6):
 def new generation   total 2808128K, used 2680082K [0x00007f6568600000, 0x00007f6626d00000, 0x00007f70130a0000)
  eden space 2496128K, 100% used [0x00007f6568600000, 0x00007f6600ba0000, 0x00007f6600ba0000)
  from space 312000K,  58% used [0x00007f6600ba0000, 0x00007f660bf44870, 0x00007f6613c50000)
  to   space 312000K,   0% used [0x00007f6613c50000, 0x00007f6613c50000, 0x00007f6626d00000)
 tenured generation   total 6240204K, used 6172767K [0x00007f70130a0000, 0x00007f718fe93000, 0x00007f8568600000)
   the space 6240204K,  98% used [0x00007f70130a0000, 0x00007f718bcb7f40, 0x00007f718bcb8000, 0x00007f718fe93000)
 Metaspace       used 24263K, capacity 24649K, committed 24832K, reserved 26624K
}
Event: 1774.631 GC heap after
{Heap after GC invocations=1390 (full 6):
 def new generation   total 2808128K, used 161845K [0x00007f6568600000, 0x00007f6626d00000, 0x00007f70130a0000)
  eden space 2496128K,   0% used [0x00007f6568600000, 0x00007f6568600000, 0x00007f6600ba0000)
  from space 312000K,  51% used [0x00007f6613c50000, 0x00007f661da5d578, 0x00007f6626d00000)
  to   space 312000K,   0% used [0x00007f6600ba0000, 0x00007f6600ba0000, 0x00007f6613c50000)
 tenured generation   total 6240204K, used 6206684K [0x00007f70130a0000, 0x00007f718fe93000, 0x00007f8568600000)
   the space 6240204K,  99% used [0x00007f70130a0000, 0x00007f718ddd73f0, 0x00007f718ddd7400, 0x00007f718fe93000)
 Metaspace       used 24263K, capacity 24649K, committed 24832K, reserved 26624K
}
Event: 1777.261 GC heap before
{Heap before GC invocations=1390 (full 6):
 def new generation   total 2808128K, used 2657973K [0x00007f6568600000, 0x00007f6626d00000, 0x00007f70130a0000)
  eden space 2496128K, 100% used [0x00007f6568600000, 0x00007f6600ba0000, 0x00007f6600ba0000)
  from space 312000K,  51% used [0x00007f6613c50000, 0x00007f661da5d578, 0x00007f6626d00000)
  to   space 312000K,   0% used [0x00007f6600ba0000, 0x00007f6600ba0000, 0x00007f6613c50000)
 tenured generation   total 6240204K, used 6206684K [0x00007f70130a0000, 0x00007f718fe93000, 0x00007f8568600000)
   the space 6240204K,  99% used [0x00007f70130a0000, 0x00007f718ddd73f0, 0x00007f718ddd7400, 0x00007f718fe93000)
 Metaspace       used 24263K, capacity 24649K, committed 24832K, reserved 26624K
}
Event: 1777.386 GC heap after
{Heap after GC invocations=1391 (full 6):
 def new generation   total 2808128K, used 155678K [0x00007f6568600000, 0x00007f6626d00000, 0x00007f70130a0000)
  eden space 2496128K,   0% used [0x00007f6568600000, 0x00007f6568600000, 0x00007f6600ba0000)
  from space 312000K,  49% used [0x00007f6600ba0000, 0x00007f660a3a79f8, 0x00007f6613c50000)
  to   space 312000K,   0% used [0x00007f6613c50000, 0x00007f6613c50000, 0x00007f6626d00000)
 tenured generation   total 6240204K, used 6223643K [0x00007f70130a0000, 0x00007f718fe93000, 0x00007f8568600000)
   the space 6240204K,  99% used [0x00007f70130a0000, 0x00007f718ee66e48, 0x00007f718ee67000, 0x00007f718fe93000)
 Metaspace       used 24263K, capacity 24649K, committed 24832K, reserved 26624K
}
Event: 1780.486 GC heap before
{Heap before GC invocations=1391 (full 6):
 def new generation   total 2808128K, used 2651806K [0x00007f6568600000, 0x00007f6626d00000, 0x00007f70130a0000)
  eden space 2496128K, 100% used [0x00007f6568600000, 0x00007f6600ba0000, 0x00007f6600ba0000)
  from space 312000K,  49% used [0x00007f6600ba0000, 0x00007f660a3a79f8, 0x00007f6613c50000)
  to   space 312000K,   0% used [0x00007f6613c50000, 0x00007f6613c50000, 0x00007f6626d00000)
 tenured generation   total 6240204K, used 6223643K [0x00007f70130a0000, 0x00007f718fe93000, 0x00007f8568600000)
   the space 6240204K,  99% used [0x00007f70130a0000, 0x00007f718ee66e48, 0x00007f718ee67000, 0x00007f718fe93000)
 Metaspace       used 24263K, capacity 24649K, committed 24832K, reserved 26624K
}
Event: 1780.592 GC heap after
{Heap after GC invocations=1392 (full 6):
 def new generation   total 2808128K, used 153110K [0x00007f6568600000, 0x00007f6626d00000, 0x00007f70130a0000)
  eden space 2496128K,   0% used [0x00007f6568600000, 0x00007f6568600000, 0x00007f6600ba0000)
  from space 312000K,  49% used [0x00007f6613c50000, 0x00007f661d1d5a10, 0x00007f6626d00000)
  to   space 312000K,   0% used [0x00007f6600ba0000, 0x00007f6600ba0000, 0x00007f6613c50000)
 tenured generation   total 6240204K, used 6223643K [0x00007f70130a0000, 0x00007f718fe93000, 0x00007f8568600000)
   the space 6240204K,  99% used [0x00007f70130a0000, 0x00007f718ee66e48, 0x00007f718ee67000, 0x00007f718fe93000)
 Metaspace       used 24263K, capacity 24649K, committed 24832K, reserved 26624K
}
Event: 1783.565 GC heap before
{Heap before GC invocations=1392 (full 6):
 def new generation   total 2808128K, used 2649238K [0x00007f6568600000, 0x00007f6626d00000, 0x00007f70130a0000)
  eden space 2496128K, 100% used [0x00007f6568600000, 0x00007f6600ba0000, 0x00007f6600ba0000)
  from space 312000K,  49% used [0x00007f6613c50000, 0x00007f661d1d5a10, 0x00007f6626d00000)
  to   space 312000K,   0% used [0x00007f6600ba0000, 0x00007f6600ba0000, 0x00007f6613c50000)
 tenured generation   total 6240204K, used 6223643K [0x00007f70130a0000, 0x00007f718fe93000, 0x00007f8568600000)
   the space 6240204K,  99% used [0x00007f70130a0000, 0x00007f718ee66e48, 0x00007f718ee67000, 0x00007f718fe93000)
 Metaspace       used 24263K, capacity 24649K, committed 24832K, reserved 26624K
}
Event: 1783.694 GC heap after
{Heap after GC invocations=1393 (full 6):
 def new generation   total 2808128K, used 183954K [0x00007f6568600000, 0x00007f6626d00000, 0x00007f70130a0000)
  eden space 2496128K,   0% used [0x00007f6568600000, 0x00007f6568600000, 0x00007f6600ba0000)
  from space 312000K,  58% used [0x00007f6600ba0000, 0x00007f660bf44870, 0x00007f6613c50000)
  to   space 312000K,   0% used [0x00007f6613c50000, 0x00007f6613c50000, 0x00007f6626d00000)
 tenured generation   total 6240204K, used 6223643K [0x00007f70130a0000, 0x00007f718fe93000, 0x00007f8568600000)
   the space 6240204K,  99% used [0x00007f70130a0000, 0x00007f718ee66e48, 0x00007f718ee67000, 0x00007f718fe93000)
 Metaspace       used 24263K, capacity 24649K, committed 24832K, reserved 26624K
}
Event: 1786.535 GC heap before
{Heap before GC invocations=1393 (full 6):
 def new generation   total 2808128K, used 2680082K [0x00007f6568600000, 0x00007f6626d00000, 0x00007f70130a0000)
  eden space 2496128K, 100% used [0x00007f6568600000, 0x00007f6600ba0000, 0x00007f6600ba0000)
  from space 312000K,  58% used [0x00007f6600ba0000, 0x00007f660bf44870, 0x00007f6613c50000)
  to   space 312000K,   0% used [0x00007f6613c50000, 0x00007f6613c50000, 0x00007f6626d00000)
 tenured generation   total 6240204K, used 6223643K [0x00007f70130a0000, 0x00007f718fe93000, 0x00007f8568600000)
   the space 6240204K,  99% used [0x00007f70130a0000, 0x00007f718ee66e48, 0x00007f718ee67000, 0x00007f718fe93000)
 Metaspace       used 24263K, capacity 24649K, committed 24832K, reserved 26624K
}
Event: 1786.704 GC heap after
{Heap after GC invocations=1394 (full 6):
 def new generation   total 2808128K, used 161845K [0x00007f6568600000, 0x00007f6626d00000, 0x00007f70130a0000)
  eden space 2496128K,   0% used [0x00007f6568600000, 0x00007f6568600000, 0x00007f6600ba0000)
  from space 312000K,  51% used [0x00007f6613c50000, 0x00007f661da5d578, 0x00007f6626d00000)
  to   space 312000K,   0% used [0x00007f6600ba0000, 0x00007f6600ba0000, 0x00007f6613c50000)
 tenured generation   total 6257624K, used 6257560K [0x00007f70130a0000, 0x00007f7190f96000, 0x00007f8568600000)
   the space 6257624K,  99% used [0x00007f70130a0000, 0x00007f7190f862f8, 0x00007f7190f86400, 0x00007f7190f96000)
 Metaspace       used 24263K, capacity 24649K, committed 24832K, reserved 26624K
}
Event: 1786.704 GC heap before
{Heap before GC invocations=1394 (full 6):
 def new generation   total 2808128K, used 161845K [0x00007f6568600000, 0x00007f6626d00000, 0x00007f70130a0000)
  eden space 2496128K,   0% used [0x00007f6568600000, 0x00007f6568600000, 0x00007f6600ba0000)
  from space 312000K,  51% used [0x00007f6613c50000, 0x00007f661da5d578, 0x00007f6626d00000)
  to   space 312000K,   0% used [0x00007f6600ba0000, 0x00007f6600ba0000, 0x00007f6613c50000)
 tenured generation   total 6257624K, used 6257560K [0x00007f70130a0000, 0x00007f7190f96000, 0x00007f8568600000)
   the space 6257624K,  99% used [0x00007f70130a0000, 0x00007f7190f862f8, 0x00007f7190f86400, 0x00007f7190f96000)
 Metaspace       used 24263K, capacity 24649K, committed 24832K, reserved 26624K
}

