# JRE version: OpenJDK Runtime Environment (13.0.7+5) (build 13.0.7+5-Ubuntu-0ubuntu120.04)
# Java VM: OpenJDK 64-Bit Server VM (13.0.7+5-Ubuntu-0ubuntu120.04, mixed mode, tiered, serial gc, linux-amd64)
Heap:
 def new generation   total 2910080K, used 22183K [0x00007f2dd4600000, 0x00007f2e99ba0000, 0x00007f3329b50000)
  eden space 2586752K,   0% used [0x00007f2dd4600000, 0x00007f2dd5ba9c38, 0x00007f2e72420000)
  from space 323328K,   0% used [0x00007f2e72420000, 0x00007f2e72420000, 0x00007f2e85fe0000)
  to   space 323328K,   0% used [0x00007f2e85fe0000, 0x00007f2e85fe0000, 0x00007f2e99ba0000)
 tenured generation   total 6467652K, used 6467642K [0x00007f3329b50000, 0x00007f34b4761000, 0x00007f3dd4600000)
   the space 6467652K,  99% used [0x00007f3329b50000, 0x00007f34b475eb40, 0x00007f34b475ec00, 0x00007f34b4761000)
 Metaspace       used 24332K, capacity 24782K, committed 25088K, reserved 26624K
GC Heap History (20 events):
Event: 9693.450 GC heap after
{Heap after GC invocations=9059 (full 4):
 def new generation   total 2910080K, used 25584K [0x00007f2dd4600000, 0x00007f2e99ba0000, 0x00007f3329b50000)
  eden space 2586752K,   0% used [0x00007f2dd4600000, 0x00007f2dd4600000, 0x00007f2e72420000)
  from space 323328K,   7% used [0x00007f2e85fe0000, 0x00007f2e878dc1b0, 0x00007f2e99ba0000)
  to   space 323328K,   0% used [0x00007f2e72420000, 0x00007f2e72420000, 0x00007f2e85fe0000)
 tenured generation   total 6466692K, used 6448556K [0x00007f3329b50000, 0x00007f34b4671000, 0x00007f3dd4600000)
   the space 6466692K,  99% used [0x00007f3329b50000, 0x00007f34b34bb290, 0x00007f34b34bb400, 0x00007f34b4671000)
 Metaspace       used 24332K, capacity 24782K, committed 25088K, reserved 26624K
}
Event: 9695.392 GC heap before
{Heap before GC invocations=9059 (full 4):
 def new generation   total 2910080K, used 2612336K [0x00007f2dd4600000, 0x00007f2e99ba0000, 0x00007f3329b50000)
  eden space 2586752K, 100% used [0x00007f2dd4600000, 0x00007f2e72420000, 0x00007f2e72420000)
  from space 323328K,   7% used [0x00007f2e85fe0000, 0x00007f2e878dc1b0, 0x00007f2e99ba0000)
  to   space 323328K,   0% used [0x00007f2e72420000, 0x00007f2e72420000, 0x00007f2e85fe0000)
 tenured generation   total 6466692K, used 6448556K [0x00007f3329b50000, 0x00007f34b4671000, 0x00007f3dd4600000)
   the space 6466692K,  99% used [0x00007f3329b50000, 0x00007f34b34bb290, 0x00007f34b34bb400, 0x00007f34b4671000)
 Metaspace       used 24332K, capacity 24782K, committed 25088K, reserved 26624K
}
Event: 9695.433 GC heap after
{Heap after GC invocations=9060 (full 4):
 def new generation   total 2910080K, used 25679K [0x00007f2dd4600000, 0x00007f2e99ba0000, 0x00007f3329b50000)
  eden space 2586752K,   0% used [0x00007f2dd4600000, 0x00007f2dd4600000, 0x00007f2e72420000)
  from space 323328K,   7% used [0x00007f2e72420000, 0x00007f2e73d33f78, 0x00007f2e85fe0000)
  to   space 323328K,   0% used [0x00007f2e85fe0000, 0x00007f2e85fe0000, 0x00007f2e99ba0000)
 tenured generation   total 6466692K, used 6449727K [0x00007f3329b50000, 0x00007f34b4671000, 0x00007f3dd4600000)
   the space 6466692K,  99% used [0x00007f3329b50000, 0x00007f34b35dfc80, 0x00007f34b35dfe00, 0x00007f34b4671000)
 Metaspace       used 24332K, capacity 24782K, committed 25088K, reserved 26624K
}
Event: 9697.360 GC heap before
{Heap before GC invocations=9060 (full 4):
 def new generation   total 2910080K, used 2612431K [0x00007f2dd4600000, 0x00007f2e99ba0000, 0x00007f3329b50000)
  eden space 2586752K, 100% used [0x00007f2dd4600000, 0x00007f2e72420000, 0x00007f2e72420000)
  from space 323328K,   7% used [0x00007f2e72420000, 0x00007f2e73d33f78, 0x00007f2e85fe0000)
  to   space 323328K,   0% used [0x00007f2e85fe0000, 0x00007f2e85fe0000, 0x00007f2e99ba0000)
 tenured generation   total 6466692K, used 6449727K [0x00007f3329b50000, 0x00007f34b4671000, 0x00007f3dd4600000)
   the space 6466692K,  99% used [0x00007f3329b50000, 0x00007f34b35dfc80, 0x00007f34b35dfe00, 0x00007f34b4671000)
 Metaspace       used 24332K, capacity 24782K, committed 25088K, reserved 26624K
}
Event: 9697.396 GC heap after
{Heap after GC invocations=9061 (full 4):
 def new generation   total 2910080K, used 25922K [0x00007f2dd4600000, 0x00007f2e99ba0000, 0x00007f3329b50000)
  eden space 2586752K,   0% used [0x00007f2dd4600000, 0x00007f2dd4600000, 0x00007f2e72420000)
  from space 323328K,   8% used [0x00007f2e85fe0000, 0x00007f2e87930a80, 0x00007f2e99ba0000)
  to   space 323328K,   0% used [0x00007f2e72420000, 0x00007f2e72420000, 0x00007f2e85fe0000)
 tenured generation   total 6466692K, used 6450949K [0x00007f3329b50000, 0x00007f34b4671000, 0x00007f3dd4600000)
   the space 6466692K,  99% used [0x00007f3329b50000, 0x00007f34b3711580, 0x00007f34b3711600, 0x00007f34b4671000)
 Metaspace       used 24332K, capacity 24782K, committed 25088K, reserved 26624K
}
Event: 9699.324 GC heap before
{Heap before GC invocations=9061 (full 4):
 def new generation   total 2910080K, used 2612674K [0x00007f2dd4600000, 0x00007f2e99ba0000, 0x00007f3329b50000)
  eden space 2586752K, 100% used [0x00007f2dd4600000, 0x00007f2e72420000, 0x00007f2e72420000)
  from space 323328K,   8% used [0x00007f2e85fe0000, 0x00007f2e87930a80, 0x00007f2e99ba0000)
  to   space 323328K,   0% used [0x00007f2e72420000, 0x00007f2e72420000, 0x00007f2e85fe0000)
 tenured generation   total 6466692K, used 6450949K [0x00007f3329b50000, 0x00007f34b4671000, 0x00007f3dd4600000)
   the space 6466692K,  99% used [0x00007f3329b50000, 0x00007f34b3711580, 0x00007f34b3711600, 0x00007f34b4671000)
 Metaspace       used 24332K, capacity 24782K, committed 25088K, reserved 26624K
}
Event: 9699.361 GC heap after
{Heap after GC invocations=9062 (full 4):
 def new generation   total 2910080K, used 26242K [0x00007f2dd4600000, 0x00007f2e99ba0000, 0x00007f3329b50000)
  eden space 2586752K,   0% used [0x00007f2dd4600000, 0x00007f2dd4600000, 0x00007f2e72420000)
  from space 323328K,   8% used [0x00007f2e72420000, 0x00007f2e73dc0b00, 0x00007f2e85fe0000)
  to   space 323328K,   0% used [0x00007f2e85fe0000, 0x00007f2e85fe0000, 0x00007f2e99ba0000)
 tenured generation   total 6466692K, used 6452172K [0x00007f3329b50000, 0x00007f34b4671000, 0x00007f3dd4600000)
   the space 6466692K,  99% used [0x00007f3329b50000, 0x00007f34b3843150, 0x00007f34b3843200, 0x00007f34b4671000)
 Metaspace       used 24332K, capacity 24782K, committed 25088K, reserved 26624K
}
Event: 9701.160 GC heap before
{Heap before GC invocations=9062 (full 4):
 def new generation   total 2910080K, used 2612994K [0x00007f2dd4600000, 0x00007f2e99ba0000, 0x00007f3329b50000)
  eden space 2586752K, 100% used [0x00007f2dd4600000, 0x00007f2e72420000, 0x00007f2e72420000)
  from space 323328K,   8% used [0x00007f2e72420000, 0x00007f2e73dc0b00, 0x00007f2e85fe0000)
  to   space 323328K,   0% used [0x00007f2e85fe0000, 0x00007f2e85fe0000, 0x00007f2e99ba0000)
 tenured generation   total 6466692K, used 6452172K [0x00007f3329b50000, 0x00007f34b4671000, 0x00007f3dd4600000)
   the space 6466692K,  99% used [0x00007f3329b50000, 0x00007f34b3843150, 0x00007f34b3843200, 0x00007f34b4671000)
 Metaspace       used 24332K, capacity 24782K, committed 25088K, reserved 26624K
}
Event: 9701.195 GC heap after
{Heap after GC invocations=9063 (full 4):
 def new generation   total 2910080K, used 26472K [0x00007f2dd4600000, 0x00007f2e99ba0000, 0x00007f3329b50000)
  eden space 2586752K,   0% used [0x00007f2dd4600000, 0x00007f2dd4600000, 0x00007f2e72420000)
  from space 323328K,   8% used [0x00007f2e85fe0000, 0x00007f2e879ba090, 0x00007f2e99ba0000)
  to   space 323328K,   0% used [0x00007f2e72420000, 0x00007f2e72420000, 0x00007f2e85fe0000)
 tenured generation   total 6466692K, used 6453395K [0x00007f3329b50000, 0x00007f34b4671000, 0x00007f3dd4600000)
   the space 6466692K,  99% used [0x00007f3329b50000, 0x00007f34b3974d20, 0x00007f34b3974e00, 0x00007f34b4671000)
 Metaspace       used 24332K, capacity 24782K, committed 25088K, reserved 26624K
}
Event: 9703.284 GC heap before
{Heap before GC invocations=9063 (full 4):
 def new generation   total 2910080K, used 2613224K [0x00007f2dd4600000, 0x00007f2e99ba0000, 0x00007f3329b50000)
  eden space 2586752K, 100% used [0x00007f2dd4600000, 0x00007f2e72420000, 0x00007f2e72420000)
  from space 323328K,   8% used [0x00007f2e85fe0000, 0x00007f2e879ba090, 0x00007f2e99ba0000)
  to   space 323328K,   0% used [0x00007f2e72420000, 0x00007f2e72420000, 0x00007f2e85fe0000)
 tenured generation   total 6466692K, used 6453395K [0x00007f3329b50000, 0x00007f34b4671000, 0x00007f3dd4600000)
   the space 6466692K,  99% used [0x00007f3329b50000, 0x00007f34b3974d20, 0x00007f34b3974e00, 0x00007f34b4671000)
 Metaspace       used 24332K, capacity 24782K, committed 25088K, reserved 26624K
}
Event: 9703.323 GC heap after
{Heap after GC invocations=9064 (full 4):
 def new generation   total 2910080K, used 26825K [0x00007f2dd4600000, 0x00007f2e99ba0000, 0x00007f3329b50000)
  eden space 2586752K,   0% used [0x00007f2dd4600000, 0x00007f2dd4600000, 0x00007f2e72420000)
  from space 323328K,   8% used [0x00007f2e72420000, 0x00007f2e73e52518, 0x00007f2e85fe0000)
  to   space 323328K,   0% used [0x00007f2e85fe0000, 0x00007f2e85fe0000, 0x00007f2e99ba0000)
 tenured generation   total 6466692K, used 6454618K [0x00007f3329b50000, 0x00007f34b4671000, 0x00007f3dd4600000)
   the space 6466692K,  99% used [0x00007f3329b50000, 0x00007f34b3aa68f0, 0x00007f34b3aa6a00, 0x00007f34b4671000)
 Metaspace       used 24332K, capacity 24782K, committed 25088K, reserved 26624K
}
Event: 9705.230 GC heap before
{Heap before GC invocations=9064 (full 4):
 def new generation   total 2910080K, used 2613577K [0x00007f2dd4600000, 0x00007f2e99ba0000, 0x00007f3329b50000)
  eden space 2586752K,  99% used [0x00007f2dd4600000, 0x00007f2e7241fff8, 0x00007f2e72420000)
  from space 323328K,   8% used [0x00007f2e72420000, 0x00007f2e73e52518, 0x00007f2e85fe0000)
  to   space 323328K,   0% used [0x00007f2e85fe0000, 0x00007f2e85fe0000, 0x00007f2e99ba0000)
 tenured generation   total 6466692K, used 6454618K [0x00007f3329b50000, 0x00007f34b4671000, 0x00007f3dd4600000)
   the space 6466692K,  99% used [0x00007f3329b50000, 0x00007f34b3aa68f0, 0x00007f34b3aa6a00, 0x00007f34b4671000)
 Metaspace       used 24332K, capacity 24782K, committed 25088K, reserved 26624K
}
Event: 9705.272 GC heap after
{Heap after GC invocations=9065 (full 4):
 def new generation   total 2910080K, used 27326K [0x00007f2dd4600000, 0x00007f2e99ba0000, 0x00007f3329b50000)
  eden space 2586752K,   0% used [0x00007f2dd4600000, 0x00007f2dd4600000, 0x00007f2e72420000)
  from space 323328K,   8% used [0x00007f2e85fe0000, 0x00007f2e87a8fb80, 0x00007f2e99ba0000)
  to   space 323328K,   0% used [0x00007f2e72420000, 0x00007f2e72420000, 0x00007f2e85fe0000)
 tenured generation   total 6466692K, used 6455788K [0x00007f3329b50000, 0x00007f34b4671000, 0x00007f3dd4600000)
   the space 6466692K,  99% used [0x00007f3329b50000, 0x00007f34b3bcb010, 0x00007f34b3bcb200, 0x00007f34b4671000)
 Metaspace       used 24332K, capacity 24782K, committed 25088K, reserved 26624K
}
Event: 9707.285 GC heap before
{Heap before GC invocations=9065 (full 4):
 def new generation   total 2910080K, used 2614078K [0x00007f2dd4600000, 0x00007f2e99ba0000, 0x00007f3329b50000)
  eden space 2586752K, 100% used [0x00007f2dd4600000, 0x00007f2e72420000, 0x00007f2e72420000)
  from space 323328K,   8% used [0x00007f2e85fe0000, 0x00007f2e87a8fb80, 0x00007f2e99ba0000)
  to   space 323328K,   0% used [0x00007f2e72420000, 0x00007f2e72420000, 0x00007f2e85fe0000)
 tenured generation   total 6466692K, used 6455788K [0x00007f3329b50000, 0x00007f34b4671000, 0x00007f3dd4600000)
   the space 6466692K,  99% used [0x00007f3329b50000, 0x00007f34b3bcb010, 0x00007f34b3bcb200, 0x00007f34b4671000)
 Metaspace       used 24332K, capacity 24782K, committed 25088K, reserved 26624K
}
Event: 9707.322 GC heap after
{Heap after GC invocations=9066 (full 4):
 def new generation   total 2910080K, used 26478K [0x00007f2dd4600000, 0x00007f2e99ba0000, 0x00007f3329b50000)
  eden space 2586752K,   0% used [0x00007f2dd4600000, 0x00007f2dd4600000, 0x00007f2e72420000)
  from space 323328K,   8% used [0x00007f2e72420000, 0x00007f2e73dfbbc0, 0x00007f2e85fe0000)
  to   space 323328K,   0% used [0x00007f2e85fe0000, 0x00007f2e85fe0000, 0x00007f2e99ba0000)
 tenured generation   total 6466692K, used 6458846K [0x00007f3329b50000, 0x00007f34b4671000, 0x00007f3dd4600000)
   the space 6466692K,  99% used [0x00007f3329b50000, 0x00007f34b3ec7a80, 0x00007f34b3ec7c00, 0x00007f34b4671000)
 Metaspace       used 24332K, capacity 24782K, committed 25088K, reserved 26624K
}
Event: 9709.206 GC heap before
{Heap before GC invocations=9066 (full 4):
 def new generation   total 2910080K, used 2613230K [0x00007f2dd4600000, 0x00007f2e99ba0000, 0x00007f3329b50000)
  eden space 2586752K, 100% used [0x00007f2dd4600000, 0x00007f2e72420000, 0x00007f2e72420000)
  from space 323328K,   8% used [0x00007f2e72420000, 0x00007f2e73dfbbc0, 0x00007f2e85fe0000)
  to   space 323328K,   0% used [0x00007f2e85fe0000, 0x00007f2e85fe0000, 0x00007f2e99ba0000)
 tenured generation   total 6466692K, used 6458846K [0x00007f3329b50000, 0x00007f34b4671000, 0x00007f3dd4600000)
   the space 6466692K,  99% used [0x00007f3329b50000, 0x00007f34b3ec7a80, 0x00007f34b3ec7c00, 0x00007f34b4671000)
 Metaspace       used 24332K, capacity 24782K, committed 25088K, reserved 26624K
}
Event: 9709.253 GC heap after
{Heap after GC invocations=9067 (full 4):
 def new generation   total 2910080K, used 23976K [0x00007f2dd4600000, 0x00007f2e99ba0000, 0x00007f3329b50000)
  eden space 2586752K,   0% used [0x00007f2dd4600000, 0x00007f2dd4600000, 0x00007f2e72420000)
  from space 323328K,   7% used [0x00007f2e85fe0000, 0x00007f2e8774a3e8, 0x00007f2e99ba0000)
  to   space 323328K,   0% used [0x00007f2e72420000, 0x00007f2e72420000, 0x00007f2e85fe0000)
 tenured generation   total 6466692K, used 6463533K [0x00007f3329b50000, 0x00007f34b4671000, 0x00007f3dd4600000)
   the space 6466692K,  99% used [0x00007f3329b50000, 0x00007f34b435b4b0, 0x00007f34b435b600, 0x00007f34b4671000)
 Metaspace       used 24332K, capacity 24782K, committed 25088K, reserved 26624K
}
Event: 9711.115 GC heap before
{Heap before GC invocations=9067 (full 4):
 def new generation   total 2910080K, used 2610728K [0x00007f2dd4600000, 0x00007f2e99ba0000, 0x00007f3329b50000)
  eden space 2586752K, 100% used [0x00007f2dd4600000, 0x00007f2e72420000, 0x00007f2e72420000)
  from space 323328K,   7% used [0x00007f2e85fe0000, 0x00007f2e8774a3e8, 0x00007f2e99ba0000)
  to   space 323328K,   0% used [0x00007f2e72420000, 0x00007f2e72420000, 0x00007f2e85fe0000)
 tenured generation   total 6466692K, used 6463533K [0x00007f3329b50000, 0x00007f34b4671000, 0x00007f3dd4600000)
   the space 6466692K,  99% used [0x00007f3329b50000, 0x00007f34b435b4b0, 0x00007f34b435b600, 0x00007f34b4671000)
 Metaspace       used 24332K, capacity 24782K, committed 25088K, reserved 26624K
}
Event: 9711.155 GC heap after
{Heap after GC invocations=9068 (full 4):
 def new generation   total 2910080K, used 22189K [0x00007f2dd4600000, 0x00007f2e99ba0000, 0x00007f3329b50000)
  eden space 2586752K,   0% used [0x00007f2dd4600000, 0x00007f2dd4600000, 0x00007f2e72420000)
  from space 323328K,   6% used [0x00007f2e72420000, 0x00007f2e739cb6d0, 0x00007f2e85fe0000)
  to   space 323328K,   0% used [0x00007f2e85fe0000, 0x00007f2e85fe0000, 0x00007f2e99ba0000)
 tenured generation   total 6467652K, used 6467636K [0x00007f3329b50000, 0x00007f34b4761000, 0x00007f3dd4600000)
   the space 6467652K,  99% used [0x00007f3329b50000, 0x00007f34b475d0a8, 0x00007f34b475d200, 0x00007f34b4761000)
 Metaspace       used 24332K, capacity 24782K, committed 25088K, reserved 26624K
}
Event: 9711.155 GC heap before
{Heap before GC invocations=9068 (full 4):
 def new generation   total 2910080K, used 22189K [0x00007f2dd4600000, 0x00007f2e99ba0000, 0x00007f3329b50000)
  eden space 2586752K,   0% used [0x00007f2dd4600000, 0x00007f2dd4600000, 0x00007f2e72420000)
  from space 323328K,   6% used [0x00007f2e72420000, 0x00007f2e739cb6d0, 0x00007f2e85fe0000)
  to   space 323328K,   0% used [0x00007f2e85fe0000, 0x00007f2e85fe0000, 0x00007f2e99ba0000)
 tenured generation   total 6467652K, used 6467636K [0x00007f3329b50000, 0x00007f34b4761000, 0x00007f3dd4600000)
   the space 6467652K,  99% used [0x00007f3329b50000, 0x00007f34b475d0a8, 0x00007f34b475d200, 0x00007f34b4761000)
 Metaspace       used 24332K, capacity 24782K, committed 25088K, reserved 26624K
}

