# JRE version: OpenJDK Runtime Environment (13.0.7+5) (build 13.0.7+5-Ubuntu-0ubuntu120.04)
# Java VM: OpenJDK 64-Bit Server VM (13.0.7+5-Ubuntu-0ubuntu120.04, mixed mode, tiered, serial gc, linux-amd64)
Heap:
 def new generation   total 1560576K, used 69358K [0x00007fbcf8600000, 0x00007fbd62350000, 0x00007fc7a30a0000)
  eden space 1387200K,   4% used [0x00007fbcf8600000, 0x00007fbcfc9bb988, 0x00007fbd4d0b0000)
  from space 173376K,   0% used [0x00007fbd57a00000, 0x00007fbd57a00000, 0x00007fbd62350000)
  to   space 173376K,   0% used [0x00007fbd4d0b0000, 0x00007fbd4d0b0000, 0x00007fbd57a00000)
 tenured generation   total 3484280K, used 3481127K [0x00007fc7a30a0000, 0x00007fc877b3e000, 0x00007fdcf8600000)
   the space 3484280K,  99% used [0x00007fc7a30a0000, 0x00007fc877829d78, 0x00007fc877829e00, 0x00007fc877b3e000)
 Metaspace       used 24224K, capacity 24633K, committed 24832K, reserved 26624K
GC Heap History (20 events):
Event: 990.759 GC heap after
{Heap after GC invocations=1252 (full 5):
 def new generation   total 1560576K, used 82736K [0x00007fbcf8600000, 0x00007fbd62350000, 0x00007fc7a30a0000)
  eden space 1387200K,   0% used [0x00007fbcf8600000, 0x00007fbcf8600000, 0x00007fbd4d0b0000)
  from space 173376K,  47% used [0x00007fbd4d0b0000, 0x00007fbd5217c3b8, 0x00007fbd57a00000)
  to   space 173376K,   0% used [0x00007fbd57a00000, 0x00007fbd57a00000, 0x00007fbd62350000)
 tenured generation   total 3467892K, used 3405052K [0x00007fc7a30a0000, 0x00007fc876b3d000, 0x00007fdcf8600000)
   the space 3467892K,  98% used [0x00007fc7a30a0000, 0x00007fc872ddf320, 0x00007fc872ddf400, 0x00007fc876b3d000)
 Metaspace       used 24224K, capacity 24633K, committed 24832K, reserved 26624K
}
Event: 991.946 GC heap before
{Heap before GC invocations=1252 (full 5):
 def new generation   total 1560576K, used 1469936K [0x00007fbcf8600000, 0x00007fbd62350000, 0x00007fc7a30a0000)
  eden space 1387200K, 100% used [0x00007fbcf8600000, 0x00007fbd4d0b0000, 0x00007fbd4d0b0000)
  from space 173376K,  47% used [0x00007fbd4d0b0000, 0x00007fbd5217c3b8, 0x00007fbd57a00000)
  to   space 173376K,   0% used [0x00007fbd57a00000, 0x00007fbd57a00000, 0x00007fbd62350000)
 tenured generation   total 3467892K, used 3405052K [0x00007fc7a30a0000, 0x00007fc876b3d000, 0x00007fdcf8600000)
   the space 3467892K,  98% used [0x00007fc7a30a0000, 0x00007fc872ddf320, 0x00007fc872ddf400, 0x00007fc876b3d000)
 Metaspace       used 24224K, capacity 24633K, committed 24832K, reserved 26624K
}
Event: 991.993 GC heap after
{Heap after GC invocations=1253 (full 5):
 def new generation   total 1560576K, used 86333K [0x00007fbcf8600000, 0x00007fbd62350000, 0x00007fc7a30a0000)
  eden space 1387200K,   0% used [0x00007fbcf8600000, 0x00007fbcf8600000, 0x00007fbd4d0b0000)
  from space 173376K,  49% used [0x00007fbd57a00000, 0x00007fbd5ce4f7b8, 0x00007fbd62350000)
  to   space 173376K,   0% used [0x00007fbd4d0b0000, 0x00007fbd4d0b0000, 0x00007fbd57a00000)
 tenured generation   total 3467892K, used 3405052K [0x00007fc7a30a0000, 0x00007fc876b3d000, 0x00007fdcf8600000)
   the space 3467892K,  98% used [0x00007fc7a30a0000, 0x00007fc872ddf320, 0x00007fc872ddf400, 0x00007fc876b3d000)
 Metaspace       used 24224K, capacity 24633K, committed 24832K, reserved 26624K
}
Event: 993.526 GC heap before
{Heap before GC invocations=1253 (full 5):
 def new generation   total 1560576K, used 1469642K [0x00007fbcf8600000, 0x00007fbd62350000, 0x00007fc7a30a0000)
  eden space 1387200K,  99% used [0x00007fbcf8600000, 0x00007fbd4cce3298, 0x00007fbd4d0b0000)
  from space 173376K,  49% used [0x00007fbd57a00000, 0x00007fbd5ce4f7b8, 0x00007fbd62350000)
  to   space 173376K,   0% used [0x00007fbd4d0b0000, 0x00007fbd4d0b0000, 0x00007fbd57a00000)
 tenured generation   total 3467892K, used 3405052K [0x00007fc7a30a0000, 0x00007fc876b3d000, 0x00007fdcf8600000)
   the space 3467892K,  98% used [0x00007fc7a30a0000, 0x00007fc872ddf320, 0x00007fc872ddf400, 0x00007fc876b3d000)
 Metaspace       used 24224K, capacity 24633K, committed 24832K, reserved 26624K
}
Event: 993.586 GC heap after
{Heap after GC invocations=1254 (full 5):
 def new generation   total 1560576K, used 104848K [0x00007fbcf8600000, 0x00007fbd62350000, 0x00007fc7a30a0000)
  eden space 1387200K,   0% used [0x00007fbcf8600000, 0x00007fbcf8600000, 0x00007fbd4d0b0000)
  from space 173376K,  60% used [0x00007fbd4d0b0000, 0x00007fbd537143c8, 0x00007fbd57a00000)
  to   space 173376K,   0% used [0x00007fbd57a00000, 0x00007fbd57a00000, 0x00007fbd62350000)
 tenured generation   total 3467892K, used 3405052K [0x00007fc7a30a0000, 0x00007fc876b3d000, 0x00007fdcf8600000)
   the space 3467892K,  98% used [0x00007fc7a30a0000, 0x00007fc872ddf320, 0x00007fc872ddf400, 0x00007fc876b3d000)
 Metaspace       used 24224K, capacity 24633K, committed 24832K, reserved 26624K
}
Event: 994.795 GC heap before
{Heap before GC invocations=1254 (full 5):
 def new generation   total 1560576K, used 1492048K [0x00007fbcf8600000, 0x00007fbd62350000, 0x00007fc7a30a0000)
  eden space 1387200K, 100% used [0x00007fbcf8600000, 0x00007fbd4d0b0000, 0x00007fbd4d0b0000)
  from space 173376K,  60% used [0x00007fbd4d0b0000, 0x00007fbd537143c8, 0x00007fbd57a00000)
  to   space 173376K,   0% used [0x00007fbd57a00000, 0x00007fbd57a00000, 0x00007fbd62350000)
 tenured generation   total 3467892K, used 3405052K [0x00007fc7a30a0000, 0x00007fc876b3d000, 0x00007fdcf8600000)
   the space 3467892K,  98% used [0x00007fc7a30a0000, 0x00007fc872ddf320, 0x00007fc872ddf400, 0x00007fc876b3d000)
 Metaspace       used 24224K, capacity 24633K, committed 24832K, reserved 26624K
}
Event: 994.893 GC heap after
{Heap after GC invocations=1255 (full 5):
 def new generation   total 1560576K, used 67820K [0x00007fbcf8600000, 0x00007fbd62350000, 0x00007fc7a30a0000)
  eden space 1387200K,   0% used [0x00007fbcf8600000, 0x00007fbcf8600000, 0x00007fbd4d0b0000)
  from space 173376K,  39% used [0x00007fbd57a00000, 0x00007fbd5bc3b0e0, 0x00007fbd62350000)
  to   space 173376K,   0% used [0x00007fbd4d0b0000, 0x00007fbd4d0b0000, 0x00007fbd57a00000)
 tenured generation   total 3467892K, used 3438969K [0x00007fc7a30a0000, 0x00007fc876b3d000, 0x00007fdcf8600000)
   the space 3467892K,  99% used [0x00007fc7a30a0000, 0x00007fc874efe7d0, 0x00007fc874efe800, 0x00007fc876b3d000)
 Metaspace       used 24224K, capacity 24633K, committed 24832K, reserved 26624K
}
Event: 996.321 GC heap before
{Heap before GC invocations=1255 (full 5):
 def new generation   total 1560576K, used 1455020K [0x00007fbcf8600000, 0x00007fbd62350000, 0x00007fc7a30a0000)
  eden space 1387200K, 100% used [0x00007fbcf8600000, 0x00007fbd4d0b0000, 0x00007fbd4d0b0000)
  from space 173376K,  39% used [0x00007fbd57a00000, 0x00007fbd5bc3b0e0, 0x00007fbd62350000)
  to   space 173376K,   0% used [0x00007fbd4d0b0000, 0x00007fbd4d0b0000, 0x00007fbd57a00000)
 tenured generation   total 3467892K, used 3438969K [0x00007fc7a30a0000, 0x00007fc876b3d000, 0x00007fdcf8600000)
   the space 3467892K,  99% used [0x00007fc7a30a0000, 0x00007fc874efe7d0, 0x00007fc874efe800, 0x00007fc876b3d000)
 Metaspace       used 24224K, capacity 24633K, committed 24832K, reserved 26624K
}
Event: 996.387 GC heap after
{Heap after GC invocations=1256 (full 5):
 def new generation   total 1560576K, used 92486K [0x00007fbcf8600000, 0x00007fbd62350000, 0x00007fc7a30a0000)
  eden space 1387200K,   0% used [0x00007fbcf8600000, 0x00007fbcf8600000, 0x00007fbd4d0b0000)
  from space 173376K,  53% used [0x00007fbd4d0b0000, 0x00007fbd52b01a98, 0x00007fbd57a00000)
  to   space 173376K,   0% used [0x00007fbd57a00000, 0x00007fbd57a00000, 0x00007fbd62350000)
 tenured generation   total 3467892K, used 3438969K [0x00007fc7a30a0000, 0x00007fc876b3d000, 0x00007fdcf8600000)
   the space 3467892K,  99% used [0x00007fc7a30a0000, 0x00007fc874efe7d0, 0x00007fc874efe800, 0x00007fc876b3d000)
 Metaspace       used 24224K, capacity 24633K, committed 24832K, reserved 26624K
}
Event: 997.786 GC heap before
{Heap before GC invocations=1256 (full 5):
 def new generation   total 1560576K, used 1479686K [0x00007fbcf8600000, 0x00007fbd62350000, 0x00007fc7a30a0000)
  eden space 1387200K, 100% used [0x00007fbcf8600000, 0x00007fbd4d0b0000, 0x00007fbd4d0b0000)
  from space 173376K,  53% used [0x00007fbd4d0b0000, 0x00007fbd52b01a98, 0x00007fbd57a00000)
  to   space 173376K,   0% used [0x00007fbd57a00000, 0x00007fbd57a00000, 0x00007fbd62350000)
 tenured generation   total 3467892K, used 3438969K [0x00007fc7a30a0000, 0x00007fc876b3d000, 0x00007fdcf8600000)
   the space 3467892K,  99% used [0x00007fc7a30a0000, 0x00007fc874efe7d0, 0x00007fc874efe800, 0x00007fc876b3d000)
 Metaspace       used 24224K, capacity 24633K, committed 24832K, reserved 26624K
}
Event: 997.863 GC heap after
{Heap after GC invocations=1257 (full 5):
 def new generation   total 1560576K, used 67302K [0x00007fbcf8600000, 0x00007fbd62350000, 0x00007fc7a30a0000)
  eden space 1387200K,   0% used [0x00007fbcf8600000, 0x00007fbcf8600000, 0x00007fbd4d0b0000)
  from space 173376K,  38% used [0x00007fbd57a00000, 0x00007fbd5bbb9ae8, 0x00007fbd62350000)
  to   space 173376K,   0% used [0x00007fbd4d0b0000, 0x00007fbd4d0b0000, 0x00007fbd57a00000)
 tenured generation   total 3467892K, used 3455928K [0x00007fc7a30a0000, 0x00007fc876b3d000, 0x00007fdcf8600000)
   the space 3467892K,  99% used [0x00007fc7a30a0000, 0x00007fc875f8e228, 0x00007fc875f8e400, 0x00007fc876b3d000)
 Metaspace       used 24224K, capacity 24633K, committed 24832K, reserved 26624K
}
Event: 999.014 GC heap before
{Heap before GC invocations=1257 (full 5):
 def new generation   total 1560576K, used 1453949K [0x00007fbcf8600000, 0x00007fbd62350000, 0x00007fc7a30a0000)
  eden space 1387200K,  99% used [0x00007fbcf8600000, 0x00007fbd4d025b68, 0x00007fbd4d0b0000)
  from space 173376K,  38% used [0x00007fbd57a00000, 0x00007fbd5bbb9ae8, 0x00007fbd62350000)
  to   space 173376K,   0% used [0x00007fbd4d0b0000, 0x00007fbd4d0b0000, 0x00007fbd57a00000)
 tenured generation   total 3467892K, used 3455928K [0x00007fc7a30a0000, 0x00007fc876b3d000, 0x00007fdcf8600000)
   the space 3467892K,  99% used [0x00007fc7a30a0000, 0x00007fc875f8e228, 0x00007fc875f8e400, 0x00007fc876b3d000)
 Metaspace       used 24224K, capacity 24633K, committed 24832K, reserved 26624K
}
Event: 999.066 GC heap after
{Heap after GC invocations=1258 (full 5):
 def new generation   total 1560576K, used 71431K [0x00007fbcf8600000, 0x00007fbd62350000, 0x00007fc7a30a0000)
  eden space 1387200K,   0% used [0x00007fbcf8600000, 0x00007fbcf8600000, 0x00007fbd4d0b0000)
  from space 173376K,  41% used [0x00007fbd4d0b0000, 0x00007fbd51671f00, 0x00007fbd57a00000)
  to   space 173376K,   0% used [0x00007fbd57a00000, 0x00007fbd57a00000, 0x00007fbd62350000)
 tenured generation   total 3467892K, used 3455928K [0x00007fc7a30a0000, 0x00007fc876b3d000, 0x00007fdcf8600000)
   the space 3467892K,  99% used [0x00007fc7a30a0000, 0x00007fc875f8e228, 0x00007fc875f8e400, 0x00007fc876b3d000)
 Metaspace       used 24224K, capacity 24633K, committed 24832K, reserved 26624K
}
Event: 1000.632 GC heap before
{Heap before GC invocations=1258 (full 5):
 def new generation   total 1560576K, used 1458631K [0x00007fbcf8600000, 0x00007fbd62350000, 0x00007fc7a30a0000)
  eden space 1387200K, 100% used [0x00007fbcf8600000, 0x00007fbd4d0b0000, 0x00007fbd4d0b0000)
  from space 173376K,  41% used [0x00007fbd4d0b0000, 0x00007fbd51671f00, 0x00007fbd57a00000)
  to   space 173376K,   0% used [0x00007fbd57a00000, 0x00007fbd57a00000, 0x00007fbd62350000)
 tenured generation   total 3467892K, used 3455928K [0x00007fc7a30a0000, 0x00007fc876b3d000, 0x00007fdcf8600000)
   the space 3467892K,  99% used [0x00007fc7a30a0000, 0x00007fc875f8e228, 0x00007fc875f8e400, 0x00007fc876b3d000)
 Metaspace       used 24224K, capacity 24633K, committed 24832K, reserved 26624K
}
Event: 1000.691 GC heap after
{Heap after GC invocations=1259 (full 5):
 def new generation   total 1560576K, used 82199K [0x00007fbcf8600000, 0x00007fbd62350000, 0x00007fc7a30a0000)
  eden space 1387200K,   0% used [0x00007fbcf8600000, 0x00007fbcf8600000, 0x00007fbd4d0b0000)
  from space 173376K,  47% used [0x00007fbd57a00000, 0x00007fbd5ca45e28, 0x00007fbd62350000)
  to   space 173376K,   0% used [0x00007fbd4d0b0000, 0x00007fbd4d0b0000, 0x00007fbd57a00000)
 tenured generation   total 3467892K, used 3455928K [0x00007fc7a30a0000, 0x00007fc876b3d000, 0x00007fdcf8600000)
   the space 3467892K,  99% used [0x00007fc7a30a0000, 0x00007fc875f8e228, 0x00007fc875f8e400, 0x00007fc876b3d000)
 Metaspace       used 24224K, capacity 24633K, committed 24832K, reserved 26624K
}
Event: 1001.868 GC heap before
{Heap before GC invocations=1259 (full 5):
 def new generation   total 1560576K, used 1469399K [0x00007fbcf8600000, 0x00007fbd62350000, 0x00007fc7a30a0000)
  eden space 1387200K, 100% used [0x00007fbcf8600000, 0x00007fbd4d0b0000, 0x00007fbd4d0b0000)
  from space 173376K,  47% used [0x00007fbd57a00000, 0x00007fbd5ca45e28, 0x00007fbd62350000)
  to   space 173376K,   0% used [0x00007fbd4d0b0000, 0x00007fbd4d0b0000, 0x00007fbd57a00000)
 tenured generation   total 3467892K, used 3455928K [0x00007fc7a30a0000, 0x00007fc876b3d000, 0x00007fdcf8600000)
   the space 3467892K,  99% used [0x00007fc7a30a0000, 0x00007fc875f8e228, 0x00007fc875f8e400, 0x00007fc876b3d000)
 Metaspace       used 24224K, capacity 24633K, committed 24832K, reserved 26624K
}
Event: 1001.932 GC heap after
{Heap after GC invocations=1260 (full 5):
 def new generation   total 1560576K, used 101705K [0x00007fbcf8600000, 0x00007fbd62350000, 0x00007fc7a30a0000)
  eden space 1387200K,   0% used [0x00007fbcf8600000, 0x00007fbcf8600000, 0x00007fbd4d0b0000)
  from space 173376K,  58% used [0x00007fbd4d0b0000, 0x00007fbd53402638, 0x00007fbd57a00000)
  to   space 173376K,   0% used [0x00007fbd57a00000, 0x00007fbd57a00000, 0x00007fbd62350000)
 tenured generation   total 3467892K, used 3455928K [0x00007fc7a30a0000, 0x00007fc876b3d000, 0x00007fdcf8600000)
   the space 3467892K,  99% used [0x00007fc7a30a0000, 0x00007fc875f8e228, 0x00007fc875f8e400, 0x00007fc876b3d000)
 Metaspace       used 24224K, capacity 24633K, committed 24832K, reserved 26624K
}
Event: 1003.384 GC heap before
{Heap before GC invocations=1260 (full 5):
 def new generation   total 1560576K, used 1488905K [0x00007fbcf8600000, 0x00007fbd62350000, 0x00007fc7a30a0000)
  eden space 1387200K, 100% used [0x00007fbcf8600000, 0x00007fbd4d0b0000, 0x00007fbd4d0b0000)
  from space 173376K,  58% used [0x00007fbd4d0b0000, 0x00007fbd53402638, 0x00007fbd57a00000)
  to   space 173376K,   0% used [0x00007fbd57a00000, 0x00007fbd57a00000, 0x00007fbd62350000)
 tenured generation   total 3467892K, used 3455928K [0x00007fc7a30a0000, 0x00007fc876b3d000, 0x00007fdcf8600000)
   the space 3467892K,  99% used [0x00007fc7a30a0000, 0x00007fc875f8e228, 0x00007fc875f8e400, 0x00007fc876b3d000)
 Metaspace       used 24224K, capacity 24633K, committed 24832K, reserved 26624K
}
Event: 1003.466 GC heap after
{Heap after GC invocations=1261 (full 5):
 def new generation   total 1560576K, used 77598K [0x00007fbcf8600000, 0x00007fbd62350000, 0x00007fc7a30a0000)
  eden space 1387200K,   0% used [0x00007fbcf8600000, 0x00007fbcf8600000, 0x00007fbd4d0b0000)
  from space 173376K,  44% used [0x00007fbd57a00000, 0x00007fbd5c5c7a80, 0x00007fbd62350000)
  to   space 173376K,   0% used [0x00007fbd4d0b0000, 0x00007fbd4d0b0000, 0x00007fbd57a00000)
 tenured generation   total 3484280K, used 3472887K [0x00007fc7a30a0000, 0x00007fc877b3e000, 0x00007fdcf8600000)
   the space 3484280K,  99% used [0x00007fc7a30a0000, 0x00007fc87701dc80, 0x00007fc87701de00, 0x00007fc877b3e000)
 Metaspace       used 24224K, capacity 24633K, committed 24832K, reserved 26624K
}
Event: 1003.466 GC heap before
{Heap before GC invocations=1261 (full 5):
 def new generation   total 1560576K, used 77598K [0x00007fbcf8600000, 0x00007fbd62350000, 0x00007fc7a30a0000)
  eden space 1387200K,   0% used [0x00007fbcf8600000, 0x00007fbcf8600000, 0x00007fbd4d0b0000)
  from space 173376K,  44% used [0x00007fbd57a00000, 0x00007fbd5c5c7a80, 0x00007fbd62350000)
  to   space 173376K,   0% used [0x00007fbd4d0b0000, 0x00007fbd4d0b0000, 0x00007fbd57a00000)
 tenured generation   total 3484280K, used 3472887K [0x00007fc7a30a0000, 0x00007fc877b3e000, 0x00007fdcf8600000)
   the space 3484280K,  99% used [0x00007fc7a30a0000, 0x00007fc87701dc80, 0x00007fc87701de00, 0x00007fc877b3e000)
 Metaspace       used 24224K, capacity 24633K, committed 24832K, reserved 26624K
}

