# JRE version: OpenJDK Runtime Environment (13.0.7+5) (build 13.0.7+5-Ubuntu-0ubuntu120.04)
# Java VM: OpenJDK 64-Bit Server VM (13.0.7+5-Ubuntu-0ubuntu120.04, mixed mode, tiered, serial gc, linux-amd64)
Heap:
 def new generation   total 629248K, used 22167K [0x00007f03c4600000, 0x00007f03ef0c0000, 0x00007f0919b50000)
  eden space 559360K,   3% used [0x00007f03c4600000, 0x00007f03c5ba5c38, 0x00007f03e6840000)
  from space 69888K,   0% used [0x00007f03e6840000, 0x00007f03e6840000, 0x00007f03eac80000)
  to   space 69888K,   0% used [0x00007f03eac80000, 0x00007f03eac80000, 0x00007f03ef0c0000)
 tenured generation   total 1401408K, used 1401407K [0x00007f0919b50000, 0x00007f096f3e0000, 0x00007f13c4600000)
   the space 1401408K,  99% used [0x00007f0919b50000, 0x00007f096f3dfff8, 0x00007f096f3e0000, 0x00007f096f3e0000)
 Metaspace       used 30133K, capacity 30537K, committed 30720K, reserved 30720K
GC Heap History (20 events):
Event: 101.289 GC heap after
{Heap after GC invocations=14 (full 1):
 def new generation   total 629248K, used 69887K [0x00007f03c4600000, 0x00007f03ef0c0000, 0x00007f0919b50000)
  eden space 559360K,   0% used [0x00007f03c4600000, 0x00007f03c4600000, 0x00007f03e6840000)
  from space 69888K,  99% used [0x00007f03eac80000, 0x00007f03ef0bfff0, 0x00007f03ef0c0000)
  to   space 69888K,   0% used [0x00007f03e6840000, 0x00007f03e6840000, 0x00007f03eac80000)
 tenured generation   total 1398144K, used 832044K [0x00007f0919b50000, 0x00007f096f0b0000, 0x00007f13c4600000)
   the space 1398144K,  59% used [0x00007f0919b50000, 0x00007f094c7db0d8, 0x00007f094c7db200, 0x00007f096f0b0000)
 Metaspace       used 30133K, capacity 30537K, committed 30720K, reserved 30720K
}
Event: 113.752 GC heap before
{Heap before GC invocations=14 (full 1):
 def new generation   total 629248K, used 629247K [0x00007f03c4600000, 0x00007f03ef0c0000, 0x00007f0919b50000)
  eden space 559360K, 100% used [0x00007f03c4600000, 0x00007f03e6840000, 0x00007f03e6840000)
  from space 69888K,  99% used [0x00007f03eac80000, 0x00007f03ef0bfff0, 0x00007f03ef0c0000)
  to   space 69888K,   0% used [0x00007f03e6840000, 0x00007f03e6840000, 0x00007f03eac80000)
 tenured generation   total 1398144K, used 832044K [0x00007f0919b50000, 0x00007f096f0b0000, 0x00007f13c4600000)
   the space 1398144K,  59% used [0x00007f0919b50000, 0x00007f094c7db0d8, 0x00007f094c7db200, 0x00007f096f0b0000)
 Metaspace       used 30133K, capacity 30537K, committed 30720K, reserved 30720K
}
Event: 114.105 GC heap after
{Heap after GC invocations=15 (full 1):
 def new generation   total 629248K, used 69887K [0x00007f03c4600000, 0x00007f03ef0c0000, 0x00007f0919b50000)
  eden space 559360K,   0% used [0x00007f03c4600000, 0x00007f03c4600000, 0x00007f03e6840000)
  from space 69888K,  99% used [0x00007f03e6840000, 0x00007f03eac7fff0, 0x00007f03eac80000)
  to   space 69888K,   0% used [0x00007f03eac80000, 0x00007f03eac80000, 0x00007f03ef0c0000)
 tenured generation   total 1398144K, used 949798K [0x00007f0919b50000, 0x00007f096f0b0000, 0x00007f13c4600000)
   the space 1398144K,  67% used [0x00007f0919b50000, 0x00007f0953ad9858, 0x00007f0953ad9a00, 0x00007f096f0b0000)
 Metaspace       used 30133K, capacity 30537K, committed 30720K, reserved 30720K
}
Event: 120.138 GC heap before
{Heap before GC invocations=15 (full 1):
 def new generation   total 629248K, used 629247K [0x00007f03c4600000, 0x00007f03ef0c0000, 0x00007f0919b50000)
  eden space 559360K, 100% used [0x00007f03c4600000, 0x00007f03e6840000, 0x00007f03e6840000)
  from space 69888K,  99% used [0x00007f03e6840000, 0x00007f03eac7fff0, 0x00007f03eac80000)
  to   space 69888K,   0% used [0x00007f03eac80000, 0x00007f03eac80000, 0x00007f03ef0c0000)
 tenured generation   total 1398144K, used 949798K [0x00007f0919b50000, 0x00007f096f0b0000, 0x00007f13c4600000)
   the space 1398144K,  67% used [0x00007f0919b50000, 0x00007f0953ad9858, 0x00007f0953ad9a00, 0x00007f096f0b0000)
 Metaspace       used 30133K, capacity 30537K, committed 30720K, reserved 30720K
}
Event: 120.482 GC heap after
{Heap after GC invocations=16 (full 1):
 def new generation   total 629248K, used 69887K [0x00007f03c4600000, 0x00007f03ef0c0000, 0x00007f0919b50000)
  eden space 559360K,   0% used [0x00007f03c4600000, 0x00007f03c4600000, 0x00007f03e6840000)
  from space 69888K,  99% used [0x00007f03eac80000, 0x00007f03ef0bfff0, 0x00007f03ef0c0000)
  to   space 69888K,   0% used [0x00007f03e6840000, 0x00007f03e6840000, 0x00007f03eac80000)
 tenured generation   total 1398144K, used 1067551K [0x00007f0919b50000, 0x00007f096f0b0000, 0x00007f13c4600000)
   the space 1398144K,  76% used [0x00007f0919b50000, 0x00007f095add7f78, 0x00007f095add8000, 0x00007f096f0b0000)
 Metaspace       used 30133K, capacity 30537K, committed 30720K, reserved 30720K
}
Event: 120.776 GC heap before
{Heap before GC invocations=16 (full 1):
 def new generation   total 629248K, used 629247K [0x00007f03c4600000, 0x00007f03ef0c0000, 0x00007f0919b50000)
  eden space 559360K, 100% used [0x00007f03c4600000, 0x00007f03e6840000, 0x00007f03e6840000)
  from space 69888K,  99% used [0x00007f03eac80000, 0x00007f03ef0bfff0, 0x00007f03ef0c0000)
  to   space 69888K,   0% used [0x00007f03e6840000, 0x00007f03e6840000, 0x00007f03eac80000)
 tenured generation   total 1398144K, used 1067551K [0x00007f0919b50000, 0x00007f096f0b0000, 0x00007f13c4600000)
   the space 1398144K,  76% used [0x00007f0919b50000, 0x00007f095add7f78, 0x00007f095add8000, 0x00007f096f0b0000)
 Metaspace       used 30133K, capacity 30537K, committed 30720K, reserved 30720K
}
Event: 120.972 GC heap after
{Heap after GC invocations=17 (full 1):
 def new generation   total 629248K, used 48338K [0x00007f03c4600000, 0x00007f03ef0c0000, 0x00007f0919b50000)
  eden space 559360K,   0% used [0x00007f03c4600000, 0x00007f03c4600000, 0x00007f03e6840000)
  from space 69888K,  69% used [0x00007f03e6840000, 0x00007f03e9774898, 0x00007f03eac80000)
  to   space 69888K,   0% used [0x00007f03eac80000, 0x00007f03eac80000, 0x00007f03ef0c0000)
 tenured generation   total 1398144K, used 1137439K [0x00007f0919b50000, 0x00007f096f0b0000, 0x00007f13c4600000)
   the space 1398144K,  81% used [0x00007f0919b50000, 0x00007f095f217f18, 0x00007f095f218000, 0x00007f096f0b0000)
 Metaspace       used 30133K, capacity 30537K, committed 30720K, reserved 30720K
}
Event: 121.212 GC heap before
{Heap before GC invocations=17 (full 1):
 def new generation   total 629248K, used 607698K [0x00007f03c4600000, 0x00007f03ef0c0000, 0x00007f0919b50000)
  eden space 559360K, 100% used [0x00007f03c4600000, 0x00007f03e6840000, 0x00007f03e6840000)
  from space 69888K,  69% used [0x00007f03e6840000, 0x00007f03e9774898, 0x00007f03eac80000)
  to   space 69888K,   0% used [0x00007f03eac80000, 0x00007f03eac80000, 0x00007f03ef0c0000)
 tenured generation   total 1398144K, used 1137439K [0x00007f0919b50000, 0x00007f096f0b0000, 0x00007f13c4600000)
   the space 1398144K,  81% used [0x00007f0919b50000, 0x00007f095f217f18, 0x00007f095f218000, 0x00007f096f0b0000)
 Metaspace       used 30133K, capacity 30537K, committed 30720K, reserved 30720K
}
Event: 121.379 GC heap after
{Heap after GC invocations=18 (full 1):
 def new generation   total 629248K, used 41582K [0x00007f03c4600000, 0x00007f03ef0c0000, 0x00007f0919b50000)
  eden space 559360K,   0% used [0x00007f03c4600000, 0x00007f03c4600000, 0x00007f03e6840000)
  from space 69888K,  59% used [0x00007f03eac80000, 0x00007f03ed51b880, 0x00007f03ef0c0000)
  to   space 69888K,   0% used [0x00007f03e6840000, 0x00007f03e6840000, 0x00007f03eac80000)
 tenured generation   total 1398144K, used 1185777K [0x00007f0919b50000, 0x00007f096f0b0000, 0x00007f13c4600000)
   the space 1398144K,  84% used [0x00007f0919b50000, 0x00007f096214c790, 0x00007f096214c800, 0x00007f096f0b0000)
 Metaspace       used 30133K, capacity 30537K, committed 30720K, reserved 30720K
}
Event: 121.568 GC heap before
{Heap before GC invocations=18 (full 1):
 def new generation   total 629248K, used 600942K [0x00007f03c4600000, 0x00007f03ef0c0000, 0x00007f0919b50000)
  eden space 559360K, 100% used [0x00007f03c4600000, 0x00007f03e6840000, 0x00007f03e6840000)
  from space 69888K,  59% used [0x00007f03eac80000, 0x00007f03ed51b880, 0x00007f03ef0c0000)
  to   space 69888K,   0% used [0x00007f03e6840000, 0x00007f03e6840000, 0x00007f03eac80000)
 tenured generation   total 1398144K, used 1185777K [0x00007f0919b50000, 0x00007f096f0b0000, 0x00007f13c4600000)
   the space 1398144K,  84% used [0x00007f0919b50000, 0x00007f096214c790, 0x00007f096214c800, 0x00007f096f0b0000)
 Metaspace       used 30133K, capacity 30537K, committed 30720K, reserved 30720K
}
Event: 121.712 GC heap after
{Heap after GC invocations=19 (full 1):
 def new generation   total 629248K, used 41529K [0x00007f03c4600000, 0x00007f03ef0c0000, 0x00007f0919b50000)
  eden space 559360K,   0% used [0x00007f03c4600000, 0x00007f03c4600000, 0x00007f03e6840000)
  from space 69888K,  59% used [0x00007f03e6840000, 0x00007f03e90ce668, 0x00007f03eac80000)
  to   space 69888K,   0% used [0x00007f03eac80000, 0x00007f03eac80000, 0x00007f03ef0c0000)
 tenured generation   total 1398144K, used 1227359K [0x00007f0919b50000, 0x00007f096f0b0000, 0x00007f13c4600000)
   the space 1398144K,  87% used [0x00007f0919b50000, 0x00007f09649e7e00, 0x00007f09649e7e00, 0x00007f096f0b0000)
 Metaspace       used 30133K, capacity 30537K, committed 30720K, reserved 30720K
}
Event: 121.890 GC heap before
{Heap before GC invocations=19 (full 1):
 def new generation   total 629248K, used 600889K [0x00007f03c4600000, 0x00007f03ef0c0000, 0x00007f0919b50000)
  eden space 559360K, 100% used [0x00007f03c4600000, 0x00007f03e6840000, 0x00007f03e6840000)
  from space 69888K,  59% used [0x00007f03e6840000, 0x00007f03e90ce668, 0x00007f03eac80000)
  to   space 69888K,   0% used [0x00007f03eac80000, 0x00007f03eac80000, 0x00007f03ef0c0000)
 tenured generation   total 1398144K, used 1227359K [0x00007f0919b50000, 0x00007f096f0b0000, 0x00007f13c4600000)
   the space 1398144K,  87% used [0x00007f0919b50000, 0x00007f09649e7e00, 0x00007f09649e7e00, 0x00007f096f0b0000)
 Metaspace       used 30133K, capacity 30537K, committed 30720K, reserved 30720K
}
Event: 122.049 GC heap after
{Heap after GC invocations=20 (full 1):
 def new generation   total 629248K, used 41280K [0x00007f03c4600000, 0x00007f03ef0c0000, 0x00007f0919b50000)
  eden space 559360K,   0% used [0x00007f03c4600000, 0x00007f03c4600000, 0x00007f03e6840000)
  from space 69888K,  59% used [0x00007f03eac80000, 0x00007f03ed4d00d8, 0x00007f03ef0c0000)
  to   space 69888K,   0% used [0x00007f03e6840000, 0x00007f03e6840000, 0x00007f03eac80000)
 tenured generation   total 1398144K, used 1268888K [0x00007f0919b50000, 0x00007f096f0b0000, 0x00007f13c4600000)
   the space 1398144K,  90% used [0x00007f0919b50000, 0x00007f0967276168, 0x00007f0967276200, 0x00007f096f0b0000)
 Metaspace       used 30133K, capacity 30537K, committed 30720K, reserved 30720K
}
Event: 122.223 GC heap before
{Heap before GC invocations=20 (full 1):
 def new generation   total 629248K, used 600640K [0x00007f03c4600000, 0x00007f03ef0c0000, 0x00007f0919b50000)
  eden space 559360K, 100% used [0x00007f03c4600000, 0x00007f03e6840000, 0x00007f03e6840000)
  from space 69888K,  59% used [0x00007f03eac80000, 0x00007f03ed4d00d8, 0x00007f03ef0c0000)
  to   space 69888K,   0% used [0x00007f03e6840000, 0x00007f03e6840000, 0x00007f03eac80000)
 tenured generation   total 1398144K, used 1268888K [0x00007f0919b50000, 0x00007f096f0b0000, 0x00007f13c4600000)
   the space 1398144K,  90% used [0x00007f0919b50000, 0x00007f0967276168, 0x00007f0967276200, 0x00007f096f0b0000)
 Metaspace       used 30133K, capacity 30537K, committed 30720K, reserved 30720K
}
Event: 122.394 GC heap after
{Heap after GC invocations=21 (full 1):
 def new generation   total 629248K, used 41301K [0x00007f03c4600000, 0x00007f03ef0c0000, 0x00007f0919b50000)
  eden space 559360K,   0% used [0x00007f03c4600000, 0x00007f03c4600000, 0x00007f03e6840000)
  from space 69888K,  59% used [0x00007f03e6840000, 0x00007f03e9095570, 0x00007f03eac80000)
  to   space 69888K,   0% used [0x00007f03eac80000, 0x00007f03eac80000, 0x00007f03ef0c0000)
 tenured generation   total 1398144K, used 1310168K [0x00007f0919b50000, 0x00007f096f0b0000, 0x00007f13c4600000)
   the space 1398144K,  93% used [0x00007f0919b50000, 0x00007f0969ac6110, 0x00007f0969ac6200, 0x00007f096f0b0000)
 Metaspace       used 30133K, capacity 30537K, committed 30720K, reserved 30720K
}
Event: 122.603 GC heap before
{Heap before GC invocations=21 (full 1):
 def new generation   total 629248K, used 600661K [0x00007f03c4600000, 0x00007f03ef0c0000, 0x00007f0919b50000)
  eden space 559360K, 100% used [0x00007f03c4600000, 0x00007f03e6840000, 0x00007f03e6840000)
  from space 69888K,  59% used [0x00007f03e6840000, 0x00007f03e9095570, 0x00007f03eac80000)
  to   space 69888K,   0% used [0x00007f03eac80000, 0x00007f03eac80000, 0x00007f03ef0c0000)
 tenured generation   total 1398144K, used 1310168K [0x00007f0919b50000, 0x00007f096f0b0000, 0x00007f13c4600000)
   the space 1398144K,  93% used [0x00007f0919b50000, 0x00007f0969ac6110, 0x00007f0969ac6200, 0x00007f096f0b0000)
 Metaspace       used 30133K, capacity 30537K, committed 30720K, reserved 30720K
}
Event: 122.799 GC heap after
{Heap after GC invocations=22 (full 1):
 def new generation   total 629248K, used 49926K [0x00007f03c4600000, 0x00007f03ef0c0000, 0x00007f0919b50000)
  eden space 559360K,   0% used [0x00007f03c4600000, 0x00007f03c4600000, 0x00007f03e6840000)
  from space 69888K,  71% used [0x00007f03eac80000, 0x00007f03edd41af0, 0x00007f03ef0c0000)
  to   space 69888K,   0% used [0x00007f03e6840000, 0x00007f03e6840000, 0x00007f03eac80000)
 tenured generation   total 1398144K, used 1351468K [0x00007f0919b50000, 0x00007f096f0b0000, 0x00007f13c4600000)
   the space 1398144K,  96% used [0x00007f0919b50000, 0x00007f096c31b190, 0x00007f096c31b200, 0x00007f096f0b0000)
 Metaspace       used 30133K, capacity 30537K, committed 30720K, reserved 30720K
}
Event: 122.992 GC heap before
{Heap before GC invocations=22 (full 1):
 def new generation   total 629248K, used 609286K [0x00007f03c4600000, 0x00007f03ef0c0000, 0x00007f0919b50000)
  eden space 559360K, 100% used [0x00007f03c4600000, 0x00007f03e6840000, 0x00007f03e6840000)
  from space 69888K,  71% used [0x00007f03eac80000, 0x00007f03edd41af0, 0x00007f03ef0c0000)
  to   space 69888K,   0% used [0x00007f03e6840000, 0x00007f03e6840000, 0x00007f03eac80000)
 tenured generation   total 1398144K, used 1351468K [0x00007f0919b50000, 0x00007f096f0b0000, 0x00007f13c4600000)
   the space 1398144K,  96% used [0x00007f0919b50000, 0x00007f096c31b190, 0x00007f096c31b200, 0x00007f096f0b0000)
 Metaspace       used 30133K, capacity 30537K, committed 30720K, reserved 30720K
}
Event: 123.178 GC heap after
{Heap after GC invocations=23 (full 1):
 def new generation   total 629248K, used 56770K [0x00007f03c4600000, 0x00007f03ef0c0000, 0x00007f0919b50000)
  eden space 559360K,   0% used [0x00007f03c4600000, 0x00007f03c4600000, 0x00007f03e6840000)
  from space 69888K,  81% used [0x00007f03e6840000, 0x00007f03e9fb0ab0, 0x00007f03eac80000)
  to   space 69888K,   0% used [0x00007f03eac80000, 0x00007f03eac80000, 0x00007f03ef0c0000)
 tenured generation   total 1401408K, used 1401394K [0x00007f0919b50000, 0x00007f096f3e0000, 0x00007f13c4600000)
   the space 1401408K,  99% used [0x00007f0919b50000, 0x00007f096f3dc830, 0x00007f096f3dca00, 0x00007f096f3e0000)
 Metaspace       used 30133K, capacity 30537K, committed 30720K, reserved 30720K
}
Event: 123.178 GC heap before
{Heap before GC invocations=23 (full 1):
 def new generation   total 629248K, used 56770K [0x00007f03c4600000, 0x00007f03ef0c0000, 0x00007f0919b50000)
  eden space 559360K,   0% used [0x00007f03c4600000, 0x00007f03c4600000, 0x00007f03e6840000)
  from space 69888K,  81% used [0x00007f03e6840000, 0x00007f03e9fb0ab0, 0x00007f03eac80000)
  to   space 69888K,   0% used [0x00007f03eac80000, 0x00007f03eac80000, 0x00007f03ef0c0000)
 tenured generation   total 1401408K, used 1401394K [0x00007f0919b50000, 0x00007f096f3e0000, 0x00007f13c4600000)
   the space 1401408K,  99% used [0x00007f0919b50000, 0x00007f096f3dc830, 0x00007f096f3dca00, 0x00007f096f3e0000)
 Metaspace       used 30133K, capacity 30537K, committed 30720K, reserved 30720K
}

