# JRE version: OpenJDK Runtime Environment (13.0.7+5) (build 13.0.7+5-Ubuntu-0ubuntu120.04)
# Java VM: OpenJDK 64-Bit Server VM (13.0.7+5-Ubuntu-0ubuntu120.04, mixed mode, tiered, serial gc, linux-amd64)
Heap:
 def new generation   total 1579968K, used 0K [0x00007f6b2c600000, 0x00007f6b97850000, 0x00007f7081b50000)
  eden space 1404480K,   0% used [0x00007f6b2c600000, 0x00007f6b2c600000, 0x00007f6b82190000)
  from space 175488K,   0% used [0x00007f6b8ccf0000, 0x00007f6b8ccf0000, 0x00007f6b97850000)
  to   space 175488K,   0% used [0x00007f6b82190000, 0x00007f6b82190000, 0x00007f6b8ccf0000)
 tenured generation   total 11899420K, used 8397943K [0x00007f7081b50000, 0x00007f7357fd7000, 0x00007f7b2c600000)
   the space 11899420K,  70% used [0x00007f7081b50000, 0x00007f728246dd20, 0x00007f728246de00, 0x00007f7357fd7000)
 Metaspace       used 23151K, capacity 23530K, committed 23552K, reserved 24576K
GC Heap History (20 events):
Event: 6.863 GC heap after
{Heap after GC invocations=4 (full 1):
 def new generation   total 629248K, used 1099K [0x00007f6b2c600000, 0x00007f6b570c0000, 0x00007f7081b50000)
  eden space 559360K,   0% used [0x00007f6b2c600000, 0x00007f6b2c600000, 0x00007f6b4e840000)
  from space 69888K,   1% used [0x00007f6b52c80000, 0x00007f6b52d92e18, 0x00007f6b570c0000)
  to   space 69888K,   0% used [0x00007f6b4e840000, 0x00007f6b4e840000, 0x00007f6b52c80000)
 tenured generation   total 1398144K, used 537872K [0x00007f7081b50000, 0x00007f70d70b0000, 0x00007f7b2c600000)
   the space 1398144K,  38% used [0x00007f7081b50000, 0x00007f70a28942e0, 0x00007f70a2894400, 0x00007f70d70b0000)
 Metaspace       used 23151K, capacity 23530K, committed 23552K, reserved 24576K
}
Event: 8.080 GC heap before
{Heap before GC invocations=4 (full 1):
 def new generation   total 629248K, used 536343K [0x00007f6b2c600000, 0x00007f6b570c0000, 0x00007f7081b50000)
  eden space 559360K,  95% used [0x00007f6b2c600000, 0x00007f6b4d0b30f8, 0x00007f6b4e840000)
  from space 69888K,   1% used [0x00007f6b52c80000, 0x00007f6b52d92e18, 0x00007f6b570c0000)
  to   space 69888K,   0% used [0x00007f6b4e840000, 0x00007f6b4e840000, 0x00007f6b52c80000)
 tenured generation   total 1398144K, used 537872K [0x00007f7081b50000, 0x00007f70d70b0000, 0x00007f7b2c600000)
   the space 1398144K,  38% used [0x00007f7081b50000, 0x00007f70a28942e0, 0x00007f70a2894400, 0x00007f70d70b0000)
 Metaspace       used 23151K, capacity 23530K, committed 23552K, reserved 24576K
}
Event: 8.914 GC heap after
{Heap after GC invocations=5 (full 1):
 def new generation   total 629248K, used 1095K [0x00007f6b2c600000, 0x00007f6b570c0000, 0x00007f7081b50000)
  eden space 559360K,   0% used [0x00007f6b2c600000, 0x00007f6b2c600000, 0x00007f6b4e840000)
  from space 69888K,   1% used [0x00007f6b4e840000, 0x00007f6b4e951e98, 0x00007f6b52c80000)
  to   space 69888K,   0% used [0x00007f6b52c80000, 0x00007f6b52c80000, 0x00007f6b570c0000)
 tenured generation   total 1398144K, used 1062160K [0x00007f7081b50000, 0x00007f70d70b0000, 0x00007f7b2c600000)
   the space 1398144K,  75% used [0x00007f7081b50000, 0x00007f70c28942f8, 0x00007f70c2894400, 0x00007f70d70b0000)
 Metaspace       used 23151K, capacity 23530K, committed 23552K, reserved 24576K
}
Event: 10.140 GC heap before
{Heap before GC invocations=5 (full 1):
 def new generation   total 629248K, used 536340K [0x00007f6b2c600000, 0x00007f6b570c0000, 0x00007f7081b50000)
  eden space 559360K,  95% used [0x00007f6b2c600000, 0x00007f6b4d0b33f0, 0x00007f6b4e840000)
  from space 69888K,   1% used [0x00007f6b4e840000, 0x00007f6b4e951e98, 0x00007f6b52c80000)
  to   space 69888K,   0% used [0x00007f6b52c80000, 0x00007f6b52c80000, 0x00007f6b570c0000)
 tenured generation   total 1398144K, used 1062160K [0x00007f7081b50000, 0x00007f70d70b0000, 0x00007f7b2c600000)
   the space 1398144K,  75% used [0x00007f7081b50000, 0x00007f70c28942f8, 0x00007f70c2894400, 0x00007f70d70b0000)
 Metaspace       used 23151K, capacity 23530K, committed 23552K, reserved 24576K
}
Event: 11.013 GC heap after
{Heap after GC invocations=6 (full 1):
 def new generation   total 629248K, used 1095K [0x00007f6b2c600000, 0x00007f6b570c0000, 0x00007f7081b50000)
  eden space 559360K,   0% used [0x00007f6b2c600000, 0x00007f6b2c600000, 0x00007f6b4e840000)
  from space 69888K,   1% used [0x00007f6b52c80000, 0x00007f6b52d91c48, 0x00007f6b570c0000)
  to   space 69888K,   0% used [0x00007f6b4e840000, 0x00007f6b4e840000, 0x00007f6b52c80000)
 tenured generation   total 1922436K, used 1586448K [0x00007f7081b50000, 0x00007f70f70b1000, 0x00007f7b2c600000)
   the space 1922436K,  82% used [0x00007f7081b50000, 0x00007f70e2894310, 0x00007f70e2894400, 0x00007f70f70b1000)
 Metaspace       used 23151K, capacity 23530K, committed 23552K, reserved 24576K
}
Event: 11.013 GC heap before
{Heap before GC invocations=6 (full 1):
 def new generation   total 629248K, used 1095K [0x00007f6b2c600000, 0x00007f6b570c0000, 0x00007f7081b50000)
  eden space 559360K,   0% used [0x00007f6b2c600000, 0x00007f6b2c600000, 0x00007f6b4e840000)
  from space 69888K,   1% used [0x00007f6b52c80000, 0x00007f6b52d91c48, 0x00007f6b570c0000)
  to   space 69888K,   0% used [0x00007f6b4e840000, 0x00007f6b4e840000, 0x00007f6b52c80000)
 tenured generation   total 1922436K, used 1586448K [0x00007f7081b50000, 0x00007f70f70b1000, 0x00007f7b2c600000)
   the space 1922436K,  82% used [0x00007f7081b50000, 0x00007f70e2894310, 0x00007f70e2894400, 0x00007f70f70b1000)
 Metaspace       used 23151K, capacity 23530K, committed 23552K, reserved 24576K
}
Event: 11.489 GC heap after
{Heap after GC invocations=6 (full 2):
 def new generation   total 629248K, used 0K [0x00007f6b2c600000, 0x00007f6b570c0000, 0x00007f7081b50000)
  eden space 559360K,   0% used [0x00007f6b2c600000, 0x00007f6b2c600000, 0x00007f6b4e840000)
  from space 69888K,   0% used [0x00007f6b52c80000, 0x00007f6b52c80000, 0x00007f6b570c0000)
  to   space 69888K,   0% used [0x00007f6b4e840000, 0x00007f6b4e840000, 0x00007f6b52c80000)
 tenured generation   total 1398144K, used 538958K [0x00007f7081b50000, 0x00007f70d70b0000, 0x00007f7b2c600000)
   the space 1398144K,  38% used [0x00007f7081b50000, 0x00007f70a29a3a10, 0x00007f70a29a3c00, 0x00007f70d70b0000)
 Metaspace       used 23151K, capacity 23530K, committed 23552K, reserved 24576K
}
Event: 12.731 GC heap before
{Heap before GC invocations=6 (full 2):
 def new generation   total 629248K, used 535245K [0x00007f6b2c600000, 0x00007f6b570c0000, 0x00007f7081b50000)
  eden space 559360K,  95% used [0x00007f6b2c600000, 0x00007f6b4d0b35d0, 0x00007f6b4e840000)
  from space 69888K,   0% used [0x00007f6b52c80000, 0x00007f6b52c80000, 0x00007f6b570c0000)
  to   space 69888K,   0% used [0x00007f6b4e840000, 0x00007f6b4e840000, 0x00007f6b52c80000)
 tenured generation   total 1398144K, used 538958K [0x00007f7081b50000, 0x00007f70d70b0000, 0x00007f7b2c600000)
   the space 1398144K,  38% used [0x00007f7081b50000, 0x00007f70a29a3a10, 0x00007f70a29a3c00, 0x00007f70d70b0000)
 Metaspace       used 23151K, capacity 23530K, committed 23552K, reserved 24576K
}
Event: 13.180 GC heap after
{Heap after GC invocations=7 (full 2):
 def new generation   total 629248K, used 0K [0x00007f6b2c600000, 0x00007f6b570c0000, 0x00007f7081b50000)
  eden space 559360K,   0% used [0x00007f6b2c600000, 0x00007f6b2c600000, 0x00007f6b4e840000)
  from space 69888K,   0% used [0x00007f6b4e840000, 0x00007f6b4e840308, 0x00007f6b52c80000)
  to   space 69888K,   0% used [0x00007f6b52c80000, 0x00007f6b52c80000, 0x00007f6b570c0000)
 tenured generation   total 1398144K, used 1063246K [0x00007f7081b50000, 0x00007f70d70b0000, 0x00007f7b2c600000)
   the space 1398144K,  76% used [0x00007f7081b50000, 0x00007f70c29a3a40, 0x00007f70c29a3c00, 0x00007f70d70b0000)
 Metaspace       used 23151K, capacity 23530K, committed 23552K, reserved 24576K
}
Event: 14.002 GC heap before
{Heap before GC invocations=7 (full 2):
 def new generation   total 629248K, used 288156K [0x00007f6b2c600000, 0x00007f6b570c0000, 0x00007f7081b50000)
  eden space 559360K,  51% used [0x00007f6b2c600000, 0x00007f6b3df66df8, 0x00007f6b4e840000)
  from space 69888K,   0% used [0x00007f6b4e840000, 0x00007f6b4e840308, 0x00007f6b52c80000)
  to   space 69888K,   0% used [0x00007f6b52c80000, 0x00007f6b52c80000, 0x00007f6b570c0000)
 tenured generation   total 1398144K, used 1063246K [0x00007f7081b50000, 0x00007f70d70b0000, 0x00007f7b2c600000)
   the space 1398144K,  76% used [0x00007f7081b50000, 0x00007f70c29a3a40, 0x00007f70c29a3c00, 0x00007f70d70b0000)
 Metaspace       used 23151K, capacity 23530K, committed 23552K, reserved 24576K
}
Event: 14.016 GC heap after
{Heap after GC invocations=8 (full 2):
 def new generation   total 629248K, used 6780K [0x00007f6b2c600000, 0x00007f6b570c0000, 0x00007f7081b50000)
  eden space 559360K,   0% used [0x00007f6b2c600000, 0x00007f6b2c600000, 0x00007f6b4e840000)
  from space 69888K,   9% used [0x00007f6b52c80000, 0x00007f6b5331f3d8, 0x00007f6b570c0000)
  to   space 69888K,   0% used [0x00007f6b4e840000, 0x00007f6b4e840000, 0x00007f6b52c80000)
 tenured generation   total 1398144K, used 1063246K [0x00007f7081b50000, 0x00007f70d70b0000, 0x00007f7b2c600000)
   the space 1398144K,  76% used [0x00007f7081b50000, 0x00007f70c29a3a40, 0x00007f70c29a3c00, 0x00007f70d70b0000)
 Metaspace       used 23151K, capacity 23530K, committed 23552K, reserved 24576K
}
Event: 14.016 GC heap before
{Heap before GC invocations=8 (full 2):
 def new generation   total 629248K, used 6780K [0x00007f6b2c600000, 0x00007f6b570c0000, 0x00007f7081b50000)
  eden space 559360K,   0% used [0x00007f6b2c600000, 0x00007f6b2c600000, 0x00007f6b4e840000)
  from space 69888K,   9% used [0x00007f6b52c80000, 0x00007f6b5331f3d8, 0x00007f6b570c0000)
  to   space 69888K,   0% used [0x00007f6b4e840000, 0x00007f6b4e840000, 0x00007f6b52c80000)
 tenured generation   total 1398144K, used 1063246K [0x00007f7081b50000, 0x00007f70d70b0000, 0x00007f7b2c600000)
   the space 1398144K,  76% used [0x00007f7081b50000, 0x00007f70c29a3a40, 0x00007f70c29a3c00, 0x00007f70d70b0000)
 Metaspace       used 23151K, capacity 23530K, committed 23552K, reserved 24576K
}
Event: 14.063 GC heap after
{Heap after GC invocations=8 (full 3):
 def new generation   total 629248K, used 0K [0x00007f6b2c600000, 0x00007f6b570c0000, 0x00007f7081b50000)
  eden space 559360K,   0% used [0x00007f6b2c600000, 0x00007f6b2c600000, 0x00007f6b4e840000)
  from space 69888K,   0% used [0x00007f6b52c80000, 0x00007f6b52c80000, 0x00007f6b570c0000)
  to   space 69888K,   0% used [0x00007f6b4e840000, 0x00007f6b4e840000, 0x00007f6b52c80000)
 tenured generation   total 1398144K, used 16739K [0x00007f7081b50000, 0x00007f70d70b0000, 0x00007f7b2c600000)
   the space 1398144K,   1% used [0x00007f7081b50000, 0x00007f7082ba8e58, 0x00007f7082ba9000, 0x00007f70d70b0000)
 Metaspace       used 23151K, capacity 23530K, committed 23552K, reserved 24576K
}
Event: 17.533 GC heap before
{Heap before GC invocations=8 (full 3):
 def new generation   total 629248K, used 10889K [0x00007f6b2c600000, 0x00007f6b570c0000, 0x00007f7081b50000)
  eden space 559360K,   1% used [0x00007f6b2c600000, 0x00007f6b2d0a2490, 0x00007f6b4e840000)
  from space 69888K,   0% used [0x00007f6b52c80000, 0x00007f6b52c80000, 0x00007f6b570c0000)
  to   space 69888K,   0% used [0x00007f6b4e840000, 0x00007f6b4e840000, 0x00007f6b52c80000)
 tenured generation   total 3495300K, used 2113891K [0x00007f7081b50000, 0x00007f71570b1000, 0x00007f7b2c600000)
   the space 3495300K,  60% used [0x00007f7081b50000, 0x00007f7102ba8e70, 0x00007f7102ba9000, 0x00007f71570b1000)
 Metaspace       used 23151K, capacity 23530K, committed 23552K, reserved 24576K
}
Event: 17.537 GC heap after
{Heap after GC invocations=9 (full 3):
 def new generation   total 629248K, used 1K [0x00007f6b2c600000, 0x00007f6b570c0000, 0x00007f7081b50000)
  eden space 559360K,   0% used [0x00007f6b2c600000, 0x00007f6b2c600000, 0x00007f6b4e840000)
  from space 69888K,   0% used [0x00007f6b4e840000, 0x00007f6b4e840420, 0x00007f6b52c80000)
  to   space 69888K,   0% used [0x00007f6b52c80000, 0x00007f6b52c80000, 0x00007f6b570c0000)
 tenured generation   total 3495300K, used 2113891K [0x00007f7081b50000, 0x00007f71570b1000, 0x00007f7b2c600000)
   the space 3495300K,  60% used [0x00007f7081b50000, 0x00007f7102ba8e70, 0x00007f7102ba9000, 0x00007f71570b1000)
 Metaspace       used 23151K, capacity 23530K, committed 23552K, reserved 24576K
}
Event: 17.537 GC heap before
{Heap before GC invocations=9 (full 3):
 def new generation   total 629248K, used 1K [0x00007f6b2c600000, 0x00007f6b570c0000, 0x00007f7081b50000)
  eden space 559360K,   0% used [0x00007f6b2c600000, 0x00007f6b2c600000, 0x00007f6b4e840000)
  from space 69888K,   0% used [0x00007f6b4e840000, 0x00007f6b4e840420, 0x00007f6b52c80000)
  to   space 69888K,   0% used [0x00007f6b52c80000, 0x00007f6b52c80000, 0x00007f6b570c0000)
 tenured generation   total 3495300K, used 2113891K [0x00007f7081b50000, 0x00007f71570b1000, 0x00007f7b2c600000)
   the space 3495300K,  60% used [0x00007f7081b50000, 0x00007f7102ba8e70, 0x00007f7102ba9000, 0x00007f71570b1000)
 Metaspace       used 23151K, capacity 23530K, committed 23552K, reserved 24576K
}
Event: 19.626 GC heap after
{Heap after GC invocations=9 (full 4):
 def new generation   total 1579968K, used 0K [0x00007f6b2c600000, 0x00007f6b97850000, 0x00007f7081b50000)
  eden space 1404480K,   0% used [0x00007f6b2c600000, 0x00007f6b2c600000, 0x00007f6b82190000)
  from space 175488K,   0% used [0x00007f6b82190000, 0x00007f6b82190000, 0x00007f6b8ccf0000)
  to   space 175488K,   0% used [0x00007f6b8ccf0000, 0x00007f6b8ccf0000, 0x00007f6b97850000)
 tenured generation   total 3510808K, used 2106483K [0x00007f7081b50000, 0x00007f7157fd6000, 0x00007f7b2c600000)
   the space 3510808K,  59% used [0x00007f7081b50000, 0x00007f710246cd38, 0x00007f710246ce00, 0x00007f7157fd6000)
 Metaspace       used 23151K, capacity 23530K, committed 23552K, reserved 24576K
}
Event: 51.237 GC heap before
{Heap before GC invocations=9 (full 4):
 def new generation   total 1579968K, used 27341K [0x00007f6b2c600000, 0x00007f6b97850000, 0x00007f7081b50000)
  eden space 1404480K,   1% used [0x00007f6b2c600000, 0x00007f6b2e0b34a8, 0x00007f6b82190000)
  from space 175488K,   0% used [0x00007f6b82190000, 0x00007f6b82190000, 0x00007f6b8ccf0000)
  to   space 175488K,   0% used [0x00007f6b8ccf0000, 0x00007f6b8ccf0000, 0x00007f6b97850000)
 tenured generation   total 11899420K, used 10495091K [0x00007f7081b50000, 0x00007f7357fd7000, 0x00007f7b2c600000)
   the space 11899420K,  88% used [0x00007f7081b50000, 0x00007f730246cd50, 0x00007f730246ce00, 0x00007f7357fd7000)
 Metaspace       used 23151K, capacity 23530K, committed 23552K, reserved 24576K
}
Event: 51.512 GC heap after
{Heap after GC invocations=10 (full 4):
 def new generation   total 1579968K, used 4K [0x00007f6b2c600000, 0x00007f6b97850000, 0x00007f7081b50000)
  eden space 1404480K,   0% used [0x00007f6b2c600000, 0x00007f6b2c600000, 0x00007f6b82190000)
  from space 175488K,   0% used [0x00007f6b8ccf0000, 0x00007f6b8ccf12f8, 0x00007f6b97850000)
  to   space 175488K,   0% used [0x00007f6b82190000, 0x00007f6b82190000, 0x00007f6b8ccf0000)
 tenured generation   total 11899420K, used 10495091K [0x00007f7081b50000, 0x00007f7357fd7000, 0x00007f7b2c600000)
   the space 11899420K,  88% used [0x00007f7081b50000, 0x00007f730246cd50, 0x00007f730246ce00, 0x00007f7357fd7000)
 Metaspace       used 23151K, capacity 23530K, committed 23552K, reserved 24576K
}
Event: 51.512 GC heap before
{Heap before GC invocations=10 (full 4):
 def new generation   total 1579968K, used 4K [0x00007f6b2c600000, 0x00007f6b97850000, 0x00007f7081b50000)
  eden space 1404480K,   0% used [0x00007f6b2c600000, 0x00007f6b2c600000, 0x00007f6b82190000)
  from space 175488K,   0% used [0x00007f6b8ccf0000, 0x00007f6b8ccf12f8, 0x00007f6b97850000)
  to   space 175488K,   0% used [0x00007f6b82190000, 0x00007f6b82190000, 0x00007f6b8ccf0000)
 tenured generation   total 11899420K, used 10495091K [0x00007f7081b50000, 0x00007f7357fd7000, 0x00007f7b2c600000)
   the space 11899420K,  88% used [0x00007f7081b50000, 0x00007f730246cd50, 0x00007f730246ce00, 0x00007f7357fd7000)
 Metaspace       used 23151K, capacity 23530K, committed 23552K, reserved 24576K
}

