# JRE version: OpenJDK Runtime Environment (13.0.7+5) (build 13.0.7+5-Ubuntu-0ubuntu120.04)
# Java VM: OpenJDK 64-Bit Server VM (13.0.7+5-Ubuntu-0ubuntu120.04, mixed mode, tiered, serial gc, linux-amd64)
Heap:
 def new generation   total 12201280K, used 541217K [0x00007f1570600000, 0x00007f18abd30000, 0x00007f1ac5b50000)
  eden space 10845632K,   4% used [0x00007f1570600000, 0x00007f1591688768, 0x00007f1806570000)
  from space 1355648K,   0% used [0x00007f1806570000, 0x00007f1806570000, 0x00007f1859150000)
  to   space 1355648K,   0% used [0x00007f1859150000, 0x00007f1859150000, 0x00007f18abd30000)
 tenured generation   total 27438240K, used 27438239K [0x00007f1ac5b50000, 0x00007f2150678000, 0x00007f2570600000)
   the space 27438240K,  99% used [0x00007f1ac5b50000, 0x00007f2150677fe8, 0x00007f2150678000, 0x00007f2150678000)
 Metaspace       used 30636K, capacity 31048K, committed 31232K, reserved 32768K
GC Heap History (20 events):
Event: 983.712 GC heap after
{Heap after GC invocations=130 (full 30):
 def new generation   total 12201280K, used 816034K [0x00007f1570600000, 0x00007f18abd30000, 0x00007f1ac5b50000)
  eden space 10845632K,   0% used [0x00007f1570600000, 0x00007f1570600000, 0x00007f1806570000)
  from space 1355648K,  60% used [0x00007f1859150000, 0x00007f188ae388a0, 0x00007f18abd30000)
  to   space 1355648K,   0% used [0x00007f1806570000, 0x00007f1806570000, 0x00007f1859150000)
 tenured generation   total 27113760K, used 19831967K [0x00007f1ac5b50000, 0x00007f213c998000, 0x00007f2570600000)
   the space 27113760K,  73% used [0x00007f1ac5b50000, 0x00007f1f80277f10, 0x00007f1f80278000, 0x00007f213c998000)
 Metaspace       used 30636K, capacity 31048K, committed 31232K, reserved 32768K
}
Event: 986.737 GC heap before
{Heap before GC invocations=130 (full 30):
 def new generation   total 12201280K, used 11661666K [0x00007f1570600000, 0x00007f18abd30000, 0x00007f1ac5b50000)
  eden space 10845632K, 100% used [0x00007f1570600000, 0x00007f1806570000, 0x00007f1806570000)
  from space 1355648K,  60% used [0x00007f1859150000, 0x00007f188ae388a0, 0x00007f18abd30000)
  to   space 1355648K,   0% used [0x00007f1806570000, 0x00007f1806570000, 0x00007f1859150000)
 tenured generation   total 27113760K, used 19831967K [0x00007f1ac5b50000, 0x00007f213c998000, 0x00007f2570600000)
   the space 27113760K,  73% used [0x00007f1ac5b50000, 0x00007f1f80277f10, 0x00007f1f80278000, 0x00007f213c998000)
 Metaspace       used 30636K, capacity 31048K, committed 31232K, reserved 32768K
}
Event: 990.179 GC heap after
{Heap after GC invocations=131 (full 30):
 def new generation   total 12201280K, used 814470K [0x00007f1570600000, 0x00007f18abd30000, 0x00007f1ac5b50000)
  eden space 10845632K,   0% used [0x00007f1570600000, 0x00007f1570600000, 0x00007f1806570000)
  from space 1355648K,  60% used [0x00007f1806570000, 0x00007f18380d1830, 0x00007f1859150000)
  to   space 1355648K,   0% used [0x00007f1859150000, 0x00007f1859150000, 0x00007f18abd30000)
 tenured generation   total 27113760K, used 20648001K [0x00007f1ac5b50000, 0x00007f213c998000, 0x00007f2570600000)
   the space 27113760K,  76% used [0x00007f1ac5b50000, 0x00007f1fb1f60550, 0x00007f1fb1f60600, 0x00007f213c998000)
 Metaspace       used 30636K, capacity 31048K, committed 31232K, reserved 32768K
}
Event: 993.049 GC heap before
{Heap before GC invocations=131 (full 30):
 def new generation   total 12201280K, used 11660102K [0x00007f1570600000, 0x00007f18abd30000, 0x00007f1ac5b50000)
  eden space 10845632K, 100% used [0x00007f1570600000, 0x00007f1806570000, 0x00007f1806570000)
  from space 1355648K,  60% used [0x00007f1806570000, 0x00007f18380d1830, 0x00007f1859150000)
  to   space 1355648K,   0% used [0x00007f1859150000, 0x00007f1859150000, 0x00007f18abd30000)
 tenured generation   total 27113760K, used 20648001K [0x00007f1ac5b50000, 0x00007f213c998000, 0x00007f2570600000)
   the space 27113760K,  76% used [0x00007f1ac5b50000, 0x00007f1fb1f60550, 0x00007f1fb1f60600, 0x00007f213c998000)
 Metaspace       used 30636K, capacity 31048K, committed 31232K, reserved 32768K
}
Event: 996.249 GC heap after
{Heap after GC invocations=132 (full 30):
 def new generation   total 12201280K, used 811663K [0x00007f1570600000, 0x00007f18abd30000, 0x00007f1ac5b50000)
  eden space 10845632K,   0% used [0x00007f1570600000, 0x00007f1570600000, 0x00007f1806570000)
  from space 1355648K,  59% used [0x00007f1859150000, 0x00007f188a9f3eb0, 0x00007f18abd30000)
  to   space 1355648K,   0% used [0x00007f1806570000, 0x00007f1806570000, 0x00007f1859150000)
 tenured generation   total 27113760K, used 21462470K [0x00007f1ac5b50000, 0x00007f213c998000, 0x00007f2570600000)
   the space 27113760K,  79% used [0x00007f1ac5b50000, 0x00007f1fe3ac1a00, 0x00007f1fe3ac1a00, 0x00007f213c998000)
 Metaspace       used 30636K, capacity 31048K, committed 31232K, reserved 32768K
}
Event: 999.266 GC heap before
{Heap before GC invocations=132 (full 30):
 def new generation   total 12201280K, used 11657295K [0x00007f1570600000, 0x00007f18abd30000, 0x00007f1ac5b50000)
  eden space 10845632K, 100% used [0x00007f1570600000, 0x00007f1806570000, 0x00007f1806570000)
  from space 1355648K,  59% used [0x00007f1859150000, 0x00007f188a9f3eb0, 0x00007f18abd30000)
  to   space 1355648K,   0% used [0x00007f1806570000, 0x00007f1806570000, 0x00007f1859150000)
 tenured generation   total 27113760K, used 21462470K [0x00007f1ac5b50000, 0x00007f213c998000, 0x00007f2570600000)
   the space 27113760K,  79% used [0x00007f1ac5b50000, 0x00007f1fe3ac1a00, 0x00007f1fe3ac1a00, 0x00007f213c998000)
 Metaspace       used 30636K, capacity 31048K, committed 31232K, reserved 32768K
}
Event: 1002.804 GC heap after
{Heap after GC invocations=133 (full 30):
 def new generation   total 12201280K, used 984714K [0x00007f1570600000, 0x00007f18abd30000, 0x00007f1ac5b50000)
  eden space 10845632K,   0% used [0x00007f1570600000, 0x00007f1570600000, 0x00007f1806570000)
  from space 1355648K,  72% used [0x00007f1806570000, 0x00007f1842712830, 0x00007f1859150000)
  to   space 1355648K,   0% used [0x00007f1859150000, 0x00007f1859150000, 0x00007f18abd30000)
 tenured generation   total 27113760K, used 22274133K [0x00007f1ac5b50000, 0x00007f213c998000, 0x00007f2570600000)
   the space 27113760K,  82% used [0x00007f1ac5b50000, 0x00007f2015365510, 0x00007f2015365600, 0x00007f213c998000)
 Metaspace       used 30636K, capacity 31048K, committed 31232K, reserved 32768K
}
Event: 1005.810 GC heap before
{Heap before GC invocations=133 (full 30):
 def new generation   total 12201280K, used 11830346K [0x00007f1570600000, 0x00007f18abd30000, 0x00007f1ac5b50000)
  eden space 10845632K, 100% used [0x00007f1570600000, 0x00007f1806570000, 0x00007f1806570000)
  from space 1355648K,  72% used [0x00007f1806570000, 0x00007f1842712830, 0x00007f1859150000)
  to   space 1355648K,   0% used [0x00007f1859150000, 0x00007f1859150000, 0x00007f18abd30000)
 tenured generation   total 27113760K, used 22274133K [0x00007f1ac5b50000, 0x00007f213c998000, 0x00007f2570600000)
   the space 27113760K,  82% used [0x00007f1ac5b50000, 0x00007f2015365510, 0x00007f2015365600, 0x00007f213c998000)
 Metaspace       used 30636K, capacity 31048K, committed 31232K, reserved 32768K
}
Event: 1009.418 GC heap after
{Heap after GC invocations=134 (full 30):
 def new generation   total 12201280K, used 923986K [0x00007f1570600000, 0x00007f18abd30000, 0x00007f1ac5b50000)
  eden space 10845632K,   0% used [0x00007f1570600000, 0x00007f1570600000, 0x00007f1806570000)
  from space 1355648K,  68% used [0x00007f1859150000, 0x00007f18917a4b20, 0x00007f18abd30000)
  to   space 1355648K,   0% used [0x00007f1806570000, 0x00007f1806570000, 0x00007f1859150000)
 tenured generation   total 27113760K, used 23258846K [0x00007f1ac5b50000, 0x00007f213c998000, 0x00007f2570600000)
   the space 27113760K,  85% used [0x00007f1ac5b50000, 0x00007f2051507b40, 0x00007f2051507c00, 0x00007f213c998000)
 Metaspace       used 30636K, capacity 31048K, committed 31232K, reserved 32768K
}
Event: 1012.519 GC heap before
{Heap before GC invocations=134 (full 30):
 def new generation   total 12201280K, used 11769618K [0x00007f1570600000, 0x00007f18abd30000, 0x00007f1ac5b50000)
  eden space 10845632K, 100% used [0x00007f1570600000, 0x00007f1806570000, 0x00007f1806570000)
  from space 1355648K,  68% used [0x00007f1859150000, 0x00007f18917a4b20, 0x00007f18abd30000)
  to   space 1355648K,   0% used [0x00007f1806570000, 0x00007f1806570000, 0x00007f1859150000)
 tenured generation   total 27113760K, used 23258846K [0x00007f1ac5b50000, 0x00007f213c998000, 0x00007f2570600000)
   the space 27113760K,  85% used [0x00007f1ac5b50000, 0x00007f2051507b40, 0x00007f2051507c00, 0x00007f213c998000)
 Metaspace       used 30636K, capacity 31048K, committed 31232K, reserved 32768K
}
Event: 1015.852 GC heap after
{Heap after GC invocations=135 (full 30):
 def new generation   total 12201280K, used 815833K [0x00007f1570600000, 0x00007f18abd30000, 0x00007f1ac5b50000)
  eden space 10845632K,   0% used [0x00007f1570600000, 0x00007f1570600000, 0x00007f1806570000)
  from space 1355648K,  60% used [0x00007f1806570000, 0x00007f1838226440, 0x00007f1859150000)
  to   space 1355648K,   0% used [0x00007f1859150000, 0x00007f1859150000, 0x00007f18abd30000)
 tenured generation   total 27113760K, used 24182832K [0x00007f1ac5b50000, 0x00007f213c998000, 0x00007f2570600000)
   the space 27113760K,  89% used [0x00007f1ac5b50000, 0x00007f2089b5c3b0, 0x00007f2089b5c400, 0x00007f213c998000)
 Metaspace       used 30636K, capacity 31048K, committed 31232K, reserved 32768K
}
Event: 1018.780 GC heap before
{Heap before GC invocations=135 (full 30):
 def new generation   total 12201280K, used 11661465K [0x00007f1570600000, 0x00007f18abd30000, 0x00007f1ac5b50000)
  eden space 10845632K, 100% used [0x00007f1570600000, 0x00007f1806570000, 0x00007f1806570000)
  from space 1355648K,  60% used [0x00007f1806570000, 0x00007f1838226440, 0x00007f1859150000)
  to   space 1355648K,   0% used [0x00007f1859150000, 0x00007f1859150000, 0x00007f18abd30000)
 tenured generation   total 27113760K, used 24182832K [0x00007f1ac5b50000, 0x00007f213c998000, 0x00007f2570600000)
   the space 27113760K,  89% used [0x00007f1ac5b50000, 0x00007f2089b5c3b0, 0x00007f2089b5c400, 0x00007f213c998000)
 Metaspace       used 30636K, capacity 31048K, committed 31232K, reserved 32768K
}
Event: 1021.986 GC heap after
{Heap after GC invocations=136 (full 30):
 def new generation   total 12201280K, used 814670K [0x00007f1570600000, 0x00007f18abd30000, 0x00007f1ac5b50000)
  eden space 10845632K,   0% used [0x00007f1570600000, 0x00007f1570600000, 0x00007f1806570000)
  from space 1355648K,  60% used [0x00007f1859150000, 0x00007f188ace3900, 0x00007f18abd30000)
  to   space 1355648K,   0% used [0x00007f1806570000, 0x00007f1806570000, 0x00007f1859150000)
 tenured generation   total 27113760K, used 24998665K [0x00007f1ac5b50000, 0x00007f213c998000, 0x00007f2570600000)
   the space 27113760K,  92% used [0x00007f1ac5b50000, 0x00007f20bb8126a0, 0x00007f20bb812800, 0x00007f213c998000)
 Metaspace       used 30636K, capacity 31048K, committed 31232K, reserved 32768K
}
Event: 1024.918 GC heap before
{Heap before GC invocations=136 (full 30):
 def new generation   total 12201280K, used 11660302K [0x00007f1570600000, 0x00007f18abd30000, 0x00007f1ac5b50000)
  eden space 10845632K, 100% used [0x00007f1570600000, 0x00007f1806570000, 0x00007f1806570000)
  from space 1355648K,  60% used [0x00007f1859150000, 0x00007f188ace3900, 0x00007f18abd30000)
  to   space 1355648K,   0% used [0x00007f1806570000, 0x00007f1806570000, 0x00007f1859150000)
 tenured generation   total 27113760K, used 24998665K [0x00007f1ac5b50000, 0x00007f213c998000, 0x00007f2570600000)
   the space 27113760K,  92% used [0x00007f1ac5b50000, 0x00007f20bb8126a0, 0x00007f20bb812800, 0x00007f213c998000)
 Metaspace       used 30636K, capacity 31048K, committed 31232K, reserved 32768K
}
Event: 1028.009 GC heap after
{Heap after GC invocations=137 (full 30):
 def new generation   total 12201280K, used 814762K [0x00007f1570600000, 0x00007f18abd30000, 0x00007f1ac5b50000)
  eden space 10845632K,   0% used [0x00007f1570600000, 0x00007f1570600000, 0x00007f1806570000)
  from space 1355648K,  60% used [0x00007f1806570000, 0x00007f183811a8b0, 0x00007f1859150000)
  to   space 1355648K,   0% used [0x00007f1859150000, 0x00007f1859150000, 0x00007f18abd30000)
 tenured generation   total 27113760K, used 25813335K [0x00007f1ac5b50000, 0x00007f213c998000, 0x00007f2570600000)
   the space 27113760K,  95% used [0x00007f1ac5b50000, 0x00007f20ed3a5e20, 0x00007f20ed3a6000, 0x00007f213c998000)
 Metaspace       used 30636K, capacity 31048K, committed 31232K, reserved 32768K
}
Event: 1030.910 GC heap before
{Heap before GC invocations=137 (full 30):
 def new generation   total 12201280K, used 11660394K [0x00007f1570600000, 0x00007f18abd30000, 0x00007f1ac5b50000)
  eden space 10845632K, 100% used [0x00007f1570600000, 0x00007f1806570000, 0x00007f1806570000)
  from space 1355648K,  60% used [0x00007f1806570000, 0x00007f183811a8b0, 0x00007f1859150000)
  to   space 1355648K,   0% used [0x00007f1859150000, 0x00007f1859150000, 0x00007f18abd30000)
 tenured generation   total 27113760K, used 25813335K [0x00007f1ac5b50000, 0x00007f213c998000, 0x00007f2570600000)
   the space 27113760K,  95% used [0x00007f1ac5b50000, 0x00007f20ed3a5e20, 0x00007f20ed3a6000, 0x00007f213c998000)
 Metaspace       used 30636K, capacity 31048K, committed 31232K, reserved 32768K
}
Event: 1034.011 GC heap after
{Heap after GC invocations=138 (full 30):
 def new generation   total 12201280K, used 810124K [0x00007f1570600000, 0x00007f18abd30000, 0x00007f1ac5b50000)
  eden space 10845632K,   0% used [0x00007f1570600000, 0x00007f1570600000, 0x00007f1806570000)
  from space 1355648K,  59% used [0x00007f1859150000, 0x00007f188a873330, 0x00007f18abd30000)
  to   space 1355648K,   0% used [0x00007f1806570000, 0x00007f1806570000, 0x00007f1859150000)
 tenured generation   total 27113760K, used 26628096K [0x00007f1ac5b50000, 0x00007f213c998000, 0x00007f2570600000)
   the space 27113760K,  98% used [0x00007f1ac5b50000, 0x00007f211ef50390, 0x00007f211ef50400, 0x00007f213c998000)
 Metaspace       used 30636K, capacity 31048K, committed 31232K, reserved 32768K
}
Event: 1037.056 GC heap before
{Heap before GC invocations=138 (full 30):
 def new generation   total 12201280K, used 11655756K [0x00007f1570600000, 0x00007f18abd30000, 0x00007f1ac5b50000)
  eden space 10845632K, 100% used [0x00007f1570600000, 0x00007f1806570000, 0x00007f1806570000)
  from space 1355648K,  59% used [0x00007f1859150000, 0x00007f188a873330, 0x00007f18abd30000)
  to   space 1355648K,   0% used [0x00007f1806570000, 0x00007f1806570000, 0x00007f1859150000)
 tenured generation   total 27113760K, used 26628096K [0x00007f1ac5b50000, 0x00007f213c998000, 0x00007f2570600000)
   the space 27113760K,  98% used [0x00007f1ac5b50000, 0x00007f211ef50390, 0x00007f211ef50400, 0x00007f213c998000)
 Metaspace       used 30636K, capacity 31048K, committed 31232K, reserved 32768K
}
Event: 1040.625 GC heap after
{Heap after GC invocations=139 (full 30):
 def new generation   total 12201280K, used 1019957K [0x00007f1570600000, 0x00007f18abd30000, 0x00007f1ac5b50000)
  eden space 10845632K,   0% used [0x00007f1570600000, 0x00007f1570600000, 0x00007f1806570000)
  from space 1355648K,  75% used [0x00007f1806570000, 0x00007f184497d4b0, 0x00007f1859150000)
  to   space 1355648K,   0% used [0x00007f1859150000, 0x00007f1859150000, 0x00007f18abd30000)
 tenured generation   total 27438240K, used 27438221K [0x00007f1ac5b50000, 0x00007f2150678000, 0x00007f2570600000)
   the space 27438240K,  99% used [0x00007f1ac5b50000, 0x00007f2150673490, 0x00007f2150673600, 0x00007f2150678000)
 Metaspace       used 30636K, capacity 31048K, committed 31232K, reserved 32768K
}
Event: 1040.625 GC heap before
{Heap before GC invocations=139 (full 30):
 def new generation   total 12201280K, used 1019957K [0x00007f1570600000, 0x00007f18abd30000, 0x00007f1ac5b50000)
  eden space 10845632K,   0% used [0x00007f1570600000, 0x00007f1570600000, 0x00007f1806570000)
  from space 1355648K,  75% used [0x00007f1806570000, 0x00007f184497d4b0, 0x00007f1859150000)
  to   space 1355648K,   0% used [0x00007f1859150000, 0x00007f1859150000, 0x00007f18abd30000)
 tenured generation   total 27438240K, used 27438221K [0x00007f1ac5b50000, 0x00007f2150678000, 0x00007f2570600000)
   the space 27438240K,  99% used [0x00007f1ac5b50000, 0x00007f2150673490, 0x00007f2150673600, 0x00007f2150678000)
 Metaspace       used 30636K, capacity 31048K, committed 31232K, reserved 32768K
}

