# JRE version: OpenJDK Runtime Environment (13.0.7+5) (build 13.0.7+5-Ubuntu-0ubuntu120.04)
# Java VM: OpenJDK 64-Bit Server VM (13.0.7+5-Ubuntu-0ubuntu120.04, mixed mode, tiered, serial gc, linux-amd64)
Heap:
 def new generation   total 4825920K, used 8954K [0x00007fc500600000, 0x00007fc647a70000, 0x00007fca55b50000)
  eden space 4289728K,   0% used [0x00007fc500600000, 0x00007fc500ebe8b8, 0x00007fc606330000)
  from space 536192K,   0% used [0x00007fc606330000, 0x00007fc606330000, 0x00007fc626ed0000)
  to   space 536192K,   0% used [0x00007fc626ed0000, 0x00007fc626ed0000, 0x00007fc647a70000)
 tenured generation   total 10724664K, used 10724663K [0x00007fca55b50000, 0x00007fcce449e000, 0x00007fd500600000)
   the space 10724664K,  99% used [0x00007fca55b50000, 0x00007fcce449dfe0, 0x00007fcce449e000, 0x00007fcce449e000)
 Metaspace       used 24342K, capacity 24752K, committed 24832K, reserved 26624K
GC Heap History (20 events):
Event: 51948.031 GC heap after
{Heap after GC invocations=45512 (full 5):
 def new generation   total 4825920K, used 9750K [0x00007fc500600000, 0x00007fc647a70000, 0x00007fca55b50000)
  eden space 4289728K,   0% used [0x00007fc500600000, 0x00007fc500600000, 0x00007fc606330000)
  from space 536192K,   1% used [0x00007fc626ed0000, 0x00007fc627855bb0, 0x00007fc647a70000)
  to   space 536192K,   0% used [0x00007fc606330000, 0x00007fc606330000, 0x00007fc626ed0000)
 tenured generation   total 10724088K, used 10718412K [0x00007fca55b50000, 0x00007fcce440e000, 0x00007fd500600000)
   the space 10724088K,  99% used [0x00007fca55b50000, 0x00007fcce3e83160, 0x00007fcce3e83200, 0x00007fcce440e000)
 Metaspace       used 24342K, capacity 24752K, committed 24832K, reserved 26624K
}
Event: 51951.070 GC heap before
{Heap before GC invocations=45512 (full 5):
 def new generation   total 4825920K, used 4299478K [0x00007fc500600000, 0x00007fc647a70000, 0x00007fca55b50000)
  eden space 4289728K, 100% used [0x00007fc500600000, 0x00007fc606330000, 0x00007fc606330000)
  from space 536192K,   1% used [0x00007fc626ed0000, 0x00007fc627855bb0, 0x00007fc647a70000)
  to   space 536192K,   0% used [0x00007fc606330000, 0x00007fc606330000, 0x00007fc626ed0000)
 tenured generation   total 10724088K, used 10718412K [0x00007fca55b50000, 0x00007fcce440e000, 0x00007fd500600000)
   the space 10724088K,  99% used [0x00007fca55b50000, 0x00007fcce3e83160, 0x00007fcce3e83200, 0x00007fcce440e000)
 Metaspace       used 24342K, capacity 24752K, committed 24832K, reserved 26624K
}
Event: 51951.097 GC heap after
{Heap after GC invocations=45513 (full 5):
 def new generation   total 4825920K, used 9639K [0x00007fc500600000, 0x00007fc647a70000, 0x00007fca55b50000)
  eden space 4289728K,   0% used [0x00007fc500600000, 0x00007fc500600000, 0x00007fc606330000)
  from space 536192K,   1% used [0x00007fc606330000, 0x00007fc606c99f88, 0x00007fc626ed0000)
  to   space 536192K,   0% used [0x00007fc626ed0000, 0x00007fc626ed0000, 0x00007fc647a70000)
 tenured generation   total 10724088K, used 10719104K [0x00007fca55b50000, 0x00007fcce440e000, 0x00007fd500600000)
   the space 10724088K,  99% used [0x00007fca55b50000, 0x00007fcce3f30320, 0x00007fcce3f30400, 0x00007fcce440e000)
 Metaspace       used 24342K, capacity 24752K, committed 24832K, reserved 26624K
}
Event: 51954.106 GC heap before
{Heap before GC invocations=45513 (full 5):
 def new generation   total 4825920K, used 4299367K [0x00007fc500600000, 0x00007fc647a70000, 0x00007fca55b50000)
  eden space 4289728K, 100% used [0x00007fc500600000, 0x00007fc606330000, 0x00007fc606330000)
  from space 536192K,   1% used [0x00007fc606330000, 0x00007fc606c99f88, 0x00007fc626ed0000)
  to   space 536192K,   0% used [0x00007fc626ed0000, 0x00007fc626ed0000, 0x00007fc647a70000)
 tenured generation   total 10724088K, used 10719104K [0x00007fca55b50000, 0x00007fcce440e000, 0x00007fd500600000)
   the space 10724088K,  99% used [0x00007fca55b50000, 0x00007fcce3f30320, 0x00007fcce3f30400, 0x00007fcce440e000)
 Metaspace       used 24342K, capacity 24752K, committed 24832K, reserved 26624K
}
Event: 51954.133 GC heap after
{Heap after GC invocations=45514 (full 5):
 def new generation   total 4825920K, used 9551K [0x00007fc500600000, 0x00007fc647a70000, 0x00007fca55b50000)
  eden space 4289728K,   0% used [0x00007fc500600000, 0x00007fc500600000, 0x00007fc606330000)
  from space 536192K,   1% used [0x00007fc626ed0000, 0x00007fc627823e70, 0x00007fc647a70000)
  to   space 536192K,   0% used [0x00007fc606330000, 0x00007fc606330000, 0x00007fc626ed0000)
 tenured generation   total 10724088K, used 10719774K [0x00007fca55b50000, 0x00007fcce440e000, 0x00007fd500600000)
   the space 10724088K,  99% used [0x00007fca55b50000, 0x00007fcce3fd7bd0, 0x00007fcce3fd7c00, 0x00007fcce440e000)
 Metaspace       used 24342K, capacity 24752K, committed 24832K, reserved 26624K
}
Event: 51957.166 GC heap before
{Heap before GC invocations=45514 (full 5):
 def new generation   total 4825920K, used 4299279K [0x00007fc500600000, 0x00007fc647a70000, 0x00007fca55b50000)
  eden space 4289728K, 100% used [0x00007fc500600000, 0x00007fc606330000, 0x00007fc606330000)
  from space 536192K,   1% used [0x00007fc626ed0000, 0x00007fc627823e70, 0x00007fc647a70000)
  to   space 536192K,   0% used [0x00007fc606330000, 0x00007fc606330000, 0x00007fc626ed0000)
 tenured generation   total 10724088K, used 10719774K [0x00007fca55b50000, 0x00007fcce440e000, 0x00007fd500600000)
   the space 10724088K,  99% used [0x00007fca55b50000, 0x00007fcce3fd7bd0, 0x00007fcce3fd7c00, 0x00007fcce440e000)
 Metaspace       used 24342K, capacity 24752K, committed 24832K, reserved 26624K
}
Event: 51957.191 GC heap after
{Heap after GC invocations=45515 (full 5):
 def new generation   total 4825920K, used 9482K [0x00007fc500600000, 0x00007fc647a70000, 0x00007fca55b50000)
  eden space 4289728K,   0% used [0x00007fc500600000, 0x00007fc500600000, 0x00007fc606330000)
  from space 536192K,   1% used [0x00007fc606330000, 0x00007fc606c729b8, 0x00007fc626ed0000)
  to   space 536192K,   0% used [0x00007fc626ed0000, 0x00007fc626ed0000, 0x00007fc647a70000)
 tenured generation   total 10724088K, used 10720445K [0x00007fca55b50000, 0x00007fcce440e000, 0x00007fd500600000)
   the space 10724088K,  99% used [0x00007fca55b50000, 0x00007fcce407f7e0, 0x00007fcce407f800, 0x00007fcce440e000)
 Metaspace       used 24342K, capacity 24752K, committed 24832K, reserved 26624K
}
Event: 51960.204 GC heap before
{Heap before GC invocations=45515 (full 5):
 def new generation   total 4825920K, used 4299210K [0x00007fc500600000, 0x00007fc647a70000, 0x00007fca55b50000)
  eden space 4289728K, 100% used [0x00007fc500600000, 0x00007fc606330000, 0x00007fc606330000)
  from space 536192K,   1% used [0x00007fc606330000, 0x00007fc606c729b8, 0x00007fc626ed0000)
  to   space 536192K,   0% used [0x00007fc626ed0000, 0x00007fc626ed0000, 0x00007fc647a70000)
 tenured generation   total 10724088K, used 10720445K [0x00007fca55b50000, 0x00007fcce440e000, 0x00007fd500600000)
   the space 10724088K,  99% used [0x00007fca55b50000, 0x00007fcce407f7e0, 0x00007fcce407f800, 0x00007fcce440e000)
 Metaspace       used 24342K, capacity 24752K, committed 24832K, reserved 26624K
}
Event: 51960.229 GC heap after
{Heap after GC invocations=45516 (full 5):
 def new generation   total 4825920K, used 9371K [0x00007fc500600000, 0x00007fc647a70000, 0x00007fca55b50000)
  eden space 4289728K,   0% used [0x00007fc500600000, 0x00007fc500600000, 0x00007fc606330000)
  from space 536192K,   1% used [0x00007fc626ed0000, 0x00007fc6277f6ed8, 0x00007fc647a70000)
  to   space 536192K,   0% used [0x00007fc606330000, 0x00007fc606330000, 0x00007fc626ed0000)
 tenured generation   total 10724088K, used 10721138K [0x00007fca55b50000, 0x00007fcce440e000, 0x00007fd500600000)
   the space 10724088K,  99% used [0x00007fca55b50000, 0x00007fcce412c9a0, 0x00007fcce412ca00, 0x00007fcce440e000)
 Metaspace       used 24342K, capacity 24752K, committed 24832K, reserved 26624K
}
Event: 51963.249 GC heap before
{Heap before GC invocations=45516 (full 5):
 def new generation   total 4825920K, used 4299099K [0x00007fc500600000, 0x00007fc647a70000, 0x00007fca55b50000)
  eden space 4289728K, 100% used [0x00007fc500600000, 0x00007fc606330000, 0x00007fc606330000)
  from space 536192K,   1% used [0x00007fc626ed0000, 0x00007fc6277f6ed8, 0x00007fc647a70000)
  to   space 536192K,   0% used [0x00007fc606330000, 0x00007fc606330000, 0x00007fc626ed0000)
 tenured generation   total 10724088K, used 10721138K [0x00007fca55b50000, 0x00007fcce440e000, 0x00007fd500600000)
   the space 10724088K,  99% used [0x00007fca55b50000, 0x00007fcce412c9a0, 0x00007fcce412ca00, 0x00007fcce440e000)
 Metaspace       used 24342K, capacity 24752K, committed 24832K, reserved 26624K
}
Event: 51963.271 GC heap after
{Heap after GC invocations=45517 (full 5):
 def new generation   total 4825920K, used 9282K [0x00007fc500600000, 0x00007fc647a70000, 0x00007fca55b50000)
  eden space 4289728K,   0% used [0x00007fc500600000, 0x00007fc500600000, 0x00007fc606330000)
  from space 536192K,   1% used [0x00007fc606330000, 0x00007fc606c40bb0, 0x00007fc626ed0000)
  to   space 536192K,   0% used [0x00007fc626ed0000, 0x00007fc626ed0000, 0x00007fc647a70000)
 tenured generation   total 10724088K, used 10721808K [0x00007fca55b50000, 0x00007fcce440e000, 0x00007fd500600000)
   the space 10724088K,  99% used [0x00007fca55b50000, 0x00007fcce41d4250, 0x00007fcce41d4400, 0x00007fcce440e000)
 Metaspace       used 24342K, capacity 24752K, committed 24832K, reserved 26624K
}
Event: 51966.278 GC heap before
{Heap before GC invocations=45517 (full 5):
 def new generation   total 4825920K, used 4299010K [0x00007fc500600000, 0x00007fc647a70000, 0x00007fca55b50000)
  eden space 4289728K, 100% used [0x00007fc500600000, 0x00007fc606330000, 0x00007fc606330000)
  from space 536192K,   1% used [0x00007fc606330000, 0x00007fc606c40bb0, 0x00007fc626ed0000)
  to   space 536192K,   0% used [0x00007fc626ed0000, 0x00007fc626ed0000, 0x00007fc647a70000)
 tenured generation   total 10724088K, used 10721808K [0x00007fca55b50000, 0x00007fcce440e000, 0x00007fd500600000)
   the space 10724088K,  99% used [0x00007fca55b50000, 0x00007fcce41d4250, 0x00007fcce41d4400, 0x00007fcce440e000)
 Metaspace       used 24342K, capacity 24752K, committed 24832K, reserved 26624K
}
Event: 51966.308 GC heap after
{Heap after GC invocations=45518 (full 5):
 def new generation   total 4825920K, used 9203K [0x00007fc500600000, 0x00007fc647a70000, 0x00007fca55b50000)
  eden space 4289728K,   0% used [0x00007fc500600000, 0x00007fc500600000, 0x00007fc606330000)
  from space 536192K,   1% used [0x00007fc626ed0000, 0x00007fc6277ccd10, 0x00007fc647a70000)
  to   space 536192K,   0% used [0x00007fc606330000, 0x00007fc606330000, 0x00007fc626ed0000)
 tenured generation   total 10724088K, used 10722483K [0x00007fca55b50000, 0x00007fcce440e000, 0x00007fd500600000)
   the space 10724088K,  99% used [0x00007fca55b50000, 0x00007fcce427cfa0, 0x00007fcce427d000, 0x00007fcce440e000)
 Metaspace       used 24342K, capacity 24752K, committed 24832K, reserved 26624K
}
Event: 51969.339 GC heap before
{Heap before GC invocations=45518 (full 5):
 def new generation   total 4825920K, used 4298931K [0x00007fc500600000, 0x00007fc647a70000, 0x00007fca55b50000)
  eden space 4289728K, 100% used [0x00007fc500600000, 0x00007fc606330000, 0x00007fc606330000)
  from space 536192K,   1% used [0x00007fc626ed0000, 0x00007fc6277ccd10, 0x00007fc647a70000)
  to   space 536192K,   0% used [0x00007fc606330000, 0x00007fc606330000, 0x00007fc626ed0000)
 tenured generation   total 10724088K, used 10722483K [0x00007fca55b50000, 0x00007fcce440e000, 0x00007fd500600000)
   the space 10724088K,  99% used [0x00007fca55b50000, 0x00007fcce427cfa0, 0x00007fcce427d000, 0x00007fcce440e000)
 Metaspace       used 24342K, capacity 24752K, committed 24832K, reserved 26624K
}
Event: 51969.364 GC heap after
{Heap after GC invocations=45519 (full 5):
 def new generation   total 4825920K, used 9112K [0x00007fc500600000, 0x00007fc647a70000, 0x00007fca55b50000)
  eden space 4289728K,   0% used [0x00007fc500600000, 0x00007fc500600000, 0x00007fc606330000)
  from space 536192K,   1% used [0x00007fc606330000, 0x00007fc606c16018, 0x00007fc626ed0000)
  to   space 536192K,   0% used [0x00007fc626ed0000, 0x00007fc626ed0000, 0x00007fc647a70000)
 tenured generation   total 10724088K, used 10723176K [0x00007fca55b50000, 0x00007fcce440e000, 0x00007fd500600000)
   the space 10724088K,  99% used [0x00007fca55b50000, 0x00007fcce432a160, 0x00007fcce432a200, 0x00007fcce440e000)
 Metaspace       used 24342K, capacity 24752K, committed 24832K, reserved 26624K
}
Event: 51972.524 GC heap before
{Heap before GC invocations=45519 (full 5):
 def new generation   total 4825920K, used 4298840K [0x00007fc500600000, 0x00007fc647a70000, 0x00007fca55b50000)
  eden space 4289728K, 100% used [0x00007fc500600000, 0x00007fc606330000, 0x00007fc606330000)
  from space 536192K,   1% used [0x00007fc606330000, 0x00007fc606c16018, 0x00007fc626ed0000)
  to   space 536192K,   0% used [0x00007fc626ed0000, 0x00007fc626ed0000, 0x00007fc647a70000)
 tenured generation   total 10724088K, used 10723176K [0x00007fca55b50000, 0x00007fcce440e000, 0x00007fd500600000)
   the space 10724088K,  99% used [0x00007fca55b50000, 0x00007fcce432a160, 0x00007fcce432a200, 0x00007fcce440e000)
 Metaspace       used 24342K, capacity 24752K, committed 24832K, reserved 26624K
}
Event: 51972.547 GC heap after
{Heap after GC invocations=45520 (full 5):
 def new generation   total 4825920K, used 9108K [0x00007fc500600000, 0x00007fc647a70000, 0x00007fca55b50000)
  eden space 4289728K,   0% used [0x00007fc500600000, 0x00007fc500600000, 0x00007fc606330000)
  from space 536192K,   1% used [0x00007fc626ed0000, 0x00007fc6277b5078, 0x00007fc647a70000)
  to   space 536192K,   0% used [0x00007fc606330000, 0x00007fc606330000, 0x00007fc626ed0000)
 tenured generation   total 10724088K, used 10723846K [0x00007fca55b50000, 0x00007fcce440e000, 0x00007fd500600000)
   the space 10724088K,  99% used [0x00007fca55b50000, 0x00007fcce43d1a10, 0x00007fcce43d1c00, 0x00007fcce440e000)
 Metaspace       used 24342K, capacity 24752K, committed 24832K, reserved 26624K
}
Event: 51975.807 GC heap before
{Heap before GC invocations=45520 (full 5):
 def new generation   total 4825920K, used 4298836K [0x00007fc500600000, 0x00007fc647a70000, 0x00007fca55b50000)
  eden space 4289728K, 100% used [0x00007fc500600000, 0x00007fc606330000, 0x00007fc606330000)
  from space 536192K,   1% used [0x00007fc626ed0000, 0x00007fc6277b5078, 0x00007fc647a70000)
  to   space 536192K,   0% used [0x00007fc606330000, 0x00007fc606330000, 0x00007fc626ed0000)
 tenured generation   total 10724088K, used 10723846K [0x00007fca55b50000, 0x00007fcce440e000, 0x00007fd500600000)
   the space 10724088K,  99% used [0x00007fca55b50000, 0x00007fcce43d1a10, 0x00007fcce43d1c00, 0x00007fcce440e000)
 Metaspace       used 24342K, capacity 24752K, committed 24832K, reserved 26624K
}
Event: 51975.831 GC heap after
{Heap after GC invocations=45521 (full 5):
 def new generation   total 4825920K, used 9098K [0x00007fc500600000, 0x00007fc647a70000, 0x00007fca55b50000)
  eden space 4289728K,   0% used [0x00007fc500600000, 0x00007fc500600000, 0x00007fc606330000)
  from space 536192K,   1% used [0x00007fc606330000, 0x00007fc606c12ae8, 0x00007fc626ed0000)
  to   space 536192K,   0% used [0x00007fc626ed0000, 0x00007fc626ed0000, 0x00007fc647a70000)
 tenured generation   total 10724664K, used 10724539K [0x00007fca55b50000, 0x00007fcce449e000, 0x00007fd500600000)
   the space 10724664K,  99% used [0x00007fca55b50000, 0x00007fcce447ef30, 0x00007fcce447f000, 0x00007fcce449e000)
 Metaspace       used 24342K, capacity 24752K, committed 24832K, reserved 26624K
}
Event: 51975.831 GC heap before
{Heap before GC invocations=45521 (full 5):
 def new generation   total 4825920K, used 9098K [0x00007fc500600000, 0x00007fc647a70000, 0x00007fca55b50000)
  eden space 4289728K,   0% used [0x00007fc500600000, 0x00007fc500600000, 0x00007fc606330000)
  from space 536192K,   1% used [0x00007fc606330000, 0x00007fc606c12ae8, 0x00007fc626ed0000)
  to   space 536192K,   0% used [0x00007fc626ed0000, 0x00007fc626ed0000, 0x00007fc647a70000)
 tenured generation   total 10724664K, used 10724539K [0x00007fca55b50000, 0x00007fcce449e000, 0x00007fd500600000)
   the space 10724664K,  99% used [0x00007fca55b50000, 0x00007fcce447ef30, 0x00007fcce447f000, 0x00007fcce449e000)
 Metaspace       used 24342K, capacity 24752K, committed 24832K, reserved 26624K
}

