# JRE version: OpenJDK Runtime Environment (13.0.7+5) (build 13.0.7+5-Ubuntu-0ubuntu120.04)
# Java VM: OpenJDK 64-Bit Server VM (13.0.7+5-Ubuntu-0ubuntu120.04, mixed mode, tiered, serial gc, linux-amd64)
Heap:
 def new generation   total 5821056K, used 4302111K [0x00007f9b70600000, 0x00007f9cfb240000, 0x00007fa0c5b50000)
  eden space 5174272K,  83% used [0x00007f9b70600000, 0x00007f9c76a64ec8, 0x00007f9cac300000)
  from space 646784K,   0% used [0x00007f9cd3aa0000, 0x00007f9cd3f82f88, 0x00007f9cfb240000)
  to   space 646784K,   0% used [0x00007f9cac300000, 0x00007f9cac303598, 0x00007f9cd3aa0000)
 tenured generation   total 12935624K, used 10626190K [0x00007fa0c5b50000, 0x00007fa3db3c2000, 0x00007fab70600000)
   the space 12935624K,  82% used [0x00007fa0c5b50000, 0x00007fa34e473b58, 0x00007fa34e473c00, 0x00007fa3db3c2000)
 Metaspace       used 23503K, capacity 23915K, committed 24064K, reserved 24576K
GC Heap History (20 events):
Event: 341.376 GC heap after
{Heap after GC invocations=83 (full 39):
 def new generation   total 6397952K, used 0K [0x00007f9b70600000, 0x00007f9d22430000, 0x00007fa0c5b50000)
  eden space 5687104K,   0% used [0x00007f9b70600000, 0x00007f9b70600000, 0x00007f9ccb7d0000)
  from space 710848K,   0% used [0x00007f9ccb7d0000, 0x00007f9ccb7d0000, 0x00007f9cf6e00000)
  to   space 710848K,   0% used [0x00007f9cf6e00000, 0x00007f9cf6e00000, 0x00007f9d22430000)
 tenured generation   total 14217564K, used 76412K [0x00007fa0c5b50000, 0x00007fa4297a7000, 0x00007fab70600000)
   the space 14217564K,   0% used [0x00007fa0c5b50000, 0x00007fa0ca5ef220, 0x00007fa0ca5ef400, 0x00007fa4297a7000)
 Metaspace       used 23500K, capacity 23915K, committed 24064K, reserved 24576K
}
Event: 347.627 GC heap before
{Heap before GC invocations=83 (full 39):
 def new generation   total 6397952K, used 3462379K [0x00007f9b70600000, 0x00007f9d22430000, 0x00007fa0c5b50000)
  eden space 5687104K,  60% used [0x00007f9b70600000, 0x00007f9c43b3acf8, 0x00007f9ccb7d0000)
  from space 710848K,   0% used [0x00007f9ccb7d0000, 0x00007f9ccb7d0000, 0x00007f9cf6e00000)
  to   space 710848K,   0% used [0x00007f9cf6e00000, 0x00007f9cf6e00000, 0x00007f9d22430000)
 tenured generation   total 14217564K, used 8465020K [0x00007fa0c5b50000, 0x00007fa4297a7000, 0x00007fab70600000)
   the space 14217564K,  59% used [0x00007fa0c5b50000, 0x00007fa2ca5ef238, 0x00007fa2ca5ef400, 0x00007fa4297a7000)
 Metaspace       used 23501K, capacity 23915K, committed 24064K, reserved 24576K
}
Event: 347.632 GC heap after
{Heap after GC invocations=84 (full 39):
 def new generation   total 6397952K, used 2045K [0x00007f9b70600000, 0x00007f9d22430000, 0x00007fa0c5b50000)
  eden space 5687104K,   0% used [0x00007f9b70600000, 0x00007f9b70600000, 0x00007f9ccb7d0000)
  from space 710848K,   0% used [0x00007f9cf6e00000, 0x00007f9cf6fff548, 0x00007f9d22430000)
  to   space 710848K,   0% used [0x00007f9ccb7d0000, 0x00007f9ccb7d0000, 0x00007f9cf6e00000)
 tenured generation   total 14217564K, used 8465020K [0x00007fa0c5b50000, 0x00007fa4297a7000, 0x00007fab70600000)
   the space 14217564K,  59% used [0x00007fa0c5b50000, 0x00007fa2ca5ef238, 0x00007fa2ca5ef400, 0x00007fa4297a7000)
 Metaspace       used 23501K, capacity 23915K, committed 24064K, reserved 24576K
}
Event: 349.802 GC heap before
{Heap before GC invocations=84 (full 39):
 def new generation   total 6397952K, used 4309122K [0x00007f9b70600000, 0x00007f9d22430000, 0x00007fa0c5b50000)
  eden space 5687104K,  75% used [0x00007f9b70600000, 0x00007f9c77421698, 0x00007f9ccb7d0000)
  from space 710848K,   0% used [0x00007f9cf6e00000, 0x00007f9cf6fff548, 0x00007f9d22430000)
  to   space 710848K,   0% used [0x00007f9ccb7d0000, 0x00007f9ccb7d0000, 0x00007f9cf6e00000)
 tenured generation   total 14217564K, used 8465020K [0x00007fa0c5b50000, 0x00007fa4297a7000, 0x00007fab70600000)
   the space 14217564K,  59% used [0x00007fa0c5b50000, 0x00007fa2ca5ef238, 0x00007fa2ca5ef400, 0x00007fa4297a7000)
 Metaspace       used 23501K, capacity 23915K, committed 24064K, reserved 24576K
}
Event: 350.176 GC heap after
{Heap after GC invocations=85 (full 39):
 def new generation   total 6397952K, used 2045K [0x00007f9b70600000, 0x00007f9d22430000, 0x00007fa0c5b50000)
  eden space 5687104K,   0% used [0x00007f9b70600000, 0x00007f9b70600000, 0x00007f9ccb7d0000)
  from space 710848K,   0% used [0x00007f9ccb7d0000, 0x00007f9ccb9cf508, 0x00007f9cf6e00000)
  to   space 710848K,   0% used [0x00007f9cf6e00000, 0x00007f9cf6e00000, 0x00007f9d22430000)
 tenured generation   total 14217564K, used 12659324K [0x00007fa0c5b50000, 0x00007fa4297a7000, 0x00007fab70600000)
   the space 14217564K,  89% used [0x00007fa0c5b50000, 0x00007fa3ca5ef250, 0x00007fa3ca5ef400, 0x00007fa4297a7000)
 Metaspace       used 23501K, capacity 23915K, committed 24064K, reserved 24576K
}
Event: 353.006 GC heap before
{Heap before GC invocations=85 (full 39):
 def new generation   total 6397952K, used 5689149K [0x00007f9b70600000, 0x00007f9d22430000, 0x00007fa0c5b50000)
  eden space 5687104K, 100% used [0x00007f9b70600000, 0x00007f9ccb7d0000, 0x00007f9ccb7d0000)
  from space 710848K,   0% used [0x00007f9ccb7d0000, 0x00007f9ccb9cf508, 0x00007f9cf6e00000)
  to   space 710848K,   0% used [0x00007f9cf6e00000, 0x00007f9cf6e00000, 0x00007f9d22430000)
 tenured generation   total 14217564K, used 12659324K [0x00007fa0c5b50000, 0x00007fa4297a7000, 0x00007fab70600000)
   the space 14217564K,  89% used [0x00007fa0c5b50000, 0x00007fa3ca5ef250, 0x00007fa3ca5ef400, 0x00007fa4297a7000)
 Metaspace       used 23502K, capacity 23915K, committed 24064K, reserved 24576K
}
Event: 353.010 GC heap after
{Heap after GC invocations=86 (full 39):
 def new generation   total 6397952K, used 2012K [0x00007f9b70600000, 0x00007f9d22430000, 0x00007fa0c5b50000)
  eden space 5687104K,   0% used [0x00007f9b70600000, 0x00007f9b70600000, 0x00007f9ccb7d0000)
  from space 710848K,   0% used [0x00007f9cf6e00000, 0x00007f9cf6ff7130, 0x00007f9d22430000)
  to   space 710848K,   0% used [0x00007f9ccb7d0000, 0x00007f9ccb7d0000, 0x00007f9cf6e00000)
 tenured generation   total 14217564K, used 12659324K [0x00007fa0c5b50000, 0x00007fa4297a7000, 0x00007fab70600000)
   the space 14217564K,  89% used [0x00007fa0c5b50000, 0x00007fa3ca5ef250, 0x00007fa3ca5ef400, 0x00007fa4297a7000)
 Metaspace       used 23502K, capacity 23915K, committed 24064K, reserved 24576K
}
Event: 353.876 GC heap before
{Heap before GC invocations=86 (full 39):
 def new generation   total 6397952K, used 1831405K [0x00007f9b70600000, 0x00007f9d22430000, 0x00007fa0c5b50000)
  eden space 5687104K,  32% used [0x00007f9b70600000, 0x00007f9be00845c0, 0x00007f9ccb7d0000)
  from space 710848K,   0% used [0x00007f9cf6e00000, 0x00007f9cf6ff7130, 0x00007f9d22430000)
  to   space 710848K,   0% used [0x00007f9ccb7d0000, 0x00007f9ccb7d0000, 0x00007f9cf6e00000)
 tenured generation   total 14217564K, used 12659324K [0x00007fa0c5b50000, 0x00007fa4297a7000, 0x00007fab70600000)
   the space 14217564K,  89% used [0x00007fa0c5b50000, 0x00007fa3ca5ef250, 0x00007fa3ca5ef400, 0x00007fa4297a7000)
 Metaspace       used 23502K, capacity 23915K, committed 24064K, reserved 24576K
}
Event: 353.955 GC heap after
{Heap after GC invocations=87 (full 39):
 def new generation   total 6397952K, used 133506K [0x00007f9b70600000, 0x00007f9d22430000, 0x00007fa0c5b50000)
  eden space 5687104K,   0% used [0x00007f9b70600000, 0x00007f9b70600000, 0x00007f9ccb7d0000)
  from space 710848K,  18% used [0x00007f9ccb7d0000, 0x00007f9cd3a30a18, 0x00007f9cf6e00000)
  to   space 710848K,   0% used [0x00007f9cf6e00000, 0x00007f9cf6e00000, 0x00007f9d22430000)
 tenured generation   total 14217564K, used 12659324K [0x00007fa0c5b50000, 0x00007fa4297a7000, 0x00007fab70600000)
   the space 14217564K,  89% used [0x00007fa0c5b50000, 0x00007fa3ca5ef250, 0x00007fa3ca5ef400, 0x00007fa4297a7000)
 Metaspace       used 23502K, capacity 23915K, committed 24064K, reserved 24576K
}
Event: 353.955 GC heap before
{Heap before GC invocations=87 (full 39):
 def new generation   total 6397952K, used 133506K [0x00007f9b70600000, 0x00007f9d22430000, 0x00007fa0c5b50000)
  eden space 5687104K,   0% used [0x00007f9b70600000, 0x00007f9b70600000, 0x00007f9ccb7d0000)
  from space 710848K,  18% used [0x00007f9ccb7d0000, 0x00007f9cd3a30a18, 0x00007f9cf6e00000)
  to   space 710848K,   0% used [0x00007f9cf6e00000, 0x00007f9cf6e00000, 0x00007f9d22430000)
 tenured generation   total 14217564K, used 12659324K [0x00007fa0c5b50000, 0x00007fa4297a7000, 0x00007fab70600000)
   the space 14217564K,  89% used [0x00007fa0c5b50000, 0x00007fa3ca5ef250, 0x00007fa3ca5ef400, 0x00007fa4297a7000)
 Metaspace       used 23502K, capacity 23915K, committed 24064K, reserved 24576K
}
Event: 354.068 GC heap after
{Heap after GC invocations=87 (full 40):
 def new generation   total 5821056K, used 0K [0x00007f9b70600000, 0x00007f9cfb240000, 0x00007fa0c5b50000)
  eden space 5174272K,   0% used [0x00007f9b70600000, 0x00007f9b70600000, 0x00007f9cac300000)
  from space 646784K,   0% used [0x00007f9cac300000, 0x00007f9cac300000, 0x00007f9cd3aa0000)
  to   space 646784K,   0% used [0x00007f9cd3aa0000, 0x00007f9cd3aa0000, 0x00007f9cfb240000)
 tenured generation   total 12935624K, used 140429K [0x00007fa0c5b50000, 0x00007fa3db3c2000, 0x00007fab70600000)
   the space 12935624K,   1% used [0x00007fa0c5b50000, 0x00007fa0ce473618, 0x00007fa0ce473800, 0x00007fa3db3c2000)
 Metaspace       used 23502K, capacity 23915K, committed 24064K, reserved 24576K
}
Event: 360.929 GC heap before
{Heap before GC invocations=87 (full 40):
 def new generation   total 5821056K, used 4297365K [0x00007f9b70600000, 0x00007f9cfb240000, 0x00007fa0c5b50000)
  eden space 5174272K,  83% used [0x00007f9b70600000, 0x00007f9c76aa56b8, 0x00007f9cac300000)
  from space 646784K,   0% used [0x00007f9cac300000, 0x00007f9cac300000, 0x00007f9cd3aa0000)
  to   space 646784K,   0% used [0x00007f9cd3aa0000, 0x00007f9cd3aa0000, 0x00007f9cfb240000)
 tenured generation   total 12935624K, used 8529037K [0x00007fa0c5b50000, 0x00007fa3db3c2000, 0x00007fab70600000)
   the space 12935624K,  65% used [0x00007fa0c5b50000, 0x00007fa2ce473630, 0x00007fa2ce473800, 0x00007fa3db3c2000)
 Metaspace       used 23502K, capacity 23915K, committed 24064K, reserved 24576K
}
Event: 361.305 GC heap after
{Heap after GC invocations=88 (full 40):
 def new generation   total 5821056K, used 0K [0x00007f9b70600000, 0x00007f9cfb240000, 0x00007fa0c5b50000)
  eden space 5174272K,   0% used [0x00007f9b70600000, 0x00007f9b70600000, 0x00007f9cac300000)
  from space 646784K,   0% used [0x00007f9cd3aa0000, 0x00007f9cd3aa0308, 0x00007f9cfb240000)
  to   space 646784K,   0% used [0x00007f9cac300000, 0x00007f9cac300000, 0x00007f9cd3aa0000)
 tenured generation   total 12935624K, used 12723341K [0x00007fa0c5b50000, 0x00007fa3db3c2000, 0x00007fab70600000)
   the space 12935624K,  98% used [0x00007fa0c5b50000, 0x00007fa3ce473648, 0x00007fa3ce473800, 0x00007fa3db3c2000)
 Metaspace       used 23502K, capacity 23915K, committed 24064K, reserved 24576K
}
Event: 363.064 GC heap before
{Heap before GC invocations=88 (full 40):
 def new generation   total 5821056K, used 4297514K [0x00007f9b70600000, 0x00007f9cfb240000, 0x00007fa0c5b50000)
  eden space 5174272K,  83% used [0x00007f9b70600000, 0x00007f9c76aca840, 0x00007f9cac300000)
  from space 646784K,   0% used [0x00007f9cd3aa0000, 0x00007f9cd3aa0308, 0x00007f9cfb240000)
  to   space 646784K,   0% used [0x00007f9cac300000, 0x00007f9cac300000, 0x00007f9cd3aa0000)
 tenured generation   total 12935624K, used 12723341K [0x00007fa0c5b50000, 0x00007fa3db3c2000, 0x00007fab70600000)
   the space 12935624K,  98% used [0x00007fa0c5b50000, 0x00007fa3ce473648, 0x00007fa3ce473800, 0x00007fa3db3c2000)
 Metaspace       used 23502K, capacity 23915K, committed 24064K, reserved 24576K
}
Event: 365.116 GC heap after
{Heap after GC invocations=89 (full 40):
 def new generation   total 5821056K, used 2K [0x00007f9b70600000, 0x00007f9cfb240000, 0x00007fa0c5b50000)
  eden space 5174272K,   0% used [0x00007f9b70600000, 0x00007f9b70600000, 0x00007f9cac300000)
  from space 646784K,   0% used [0x00007f9cac300000, 0x00007f9cac300818, 0x00007f9cd3aa0000)
  to   space 646784K,   0% used [0x00007f9cd3aa0000, 0x00007f9cd3aa0000, 0x00007f9cfb240000)
 tenured generation   total 17129940K, used 16917645K [0x00007fa0c5b50000, 0x00007fa4db3c5000, 0x00007fab70600000)
   the space 17129940K,  98% used [0x00007fa0c5b50000, 0x00007fa4ce473690, 0x00007fa4ce473800, 0x00007fa4db3c5000)
 Metaspace       used 23502K, capacity 23915K, committed 24064K, reserved 24576K
}
Event: 365.116 GC heap before
{Heap before GC invocations=89 (full 40):
 def new generation   total 5821056K, used 2K [0x00007f9b70600000, 0x00007f9cfb240000, 0x00007fa0c5b50000)
  eden space 5174272K,   0% used [0x00007f9b70600000, 0x00007f9b70600000, 0x00007f9cac300000)
  from space 646784K,   0% used [0x00007f9cac300000, 0x00007f9cac300818, 0x00007f9cd3aa0000)
  to   space 646784K,   0% used [0x00007f9cd3aa0000, 0x00007f9cd3aa0000, 0x00007f9cfb240000)
 tenured generation   total 17129940K, used 16917645K [0x00007fa0c5b50000, 0x00007fa4db3c5000, 0x00007fab70600000)
   the space 17129940K,  98% used [0x00007fa0c5b50000, 0x00007fa4ce473690, 0x00007fa4ce473800, 0x00007fa4db3c5000)
 Metaspace       used 23502K, capacity 23915K, committed 24064K, reserved 24576K
}
Event: 365.510 GC heap after
{Heap after GC invocations=89 (full 41):
 def new generation   total 5821056K, used 0K [0x00007f9b70600000, 0x00007f9cfb240000, 0x00007fa0c5b50000)
  eden space 5174272K,   0% used [0x00007f9b70600000, 0x00007f9b70600000, 0x00007f9cac300000)
  from space 646784K,   0% used [0x00007f9cac300000, 0x00007f9cac300000, 0x00007f9cd3aa0000)
  to   space 646784K,   0% used [0x00007f9cd3aa0000, 0x00007f9cd3aa0000, 0x00007f9cfb240000)
 tenured generation   total 12935624K, used 2237582K [0x00007fa0c5b50000, 0x00007fa3db3c2000, 0x00007fab70600000)
   the space 12935624K,  17% used [0x00007fa0c5b50000, 0x00007fa14e473b40, 0x00007fa14e473c00, 0x00007fa3db3c2000)
 Metaspace       used 23502K, capacity 23915K, committed 24064K, reserved 24576K
}
Event: 372.254 GC heap before
{Heap before GC invocations=89 (full 41):
 def new generation   total 5821056K, used 3309892K [0x00007f9b70600000, 0x00007f9cfb240000, 0x00007fa0c5b50000)
  eden space 5174272K,  63% used [0x00007f9b70600000, 0x00007f9c3a651300, 0x00007f9cac300000)
  from space 646784K,   0% used [0x00007f9cac300000, 0x00007f9cac300000, 0x00007f9cd3aa0000)
  to   space 646784K,   0% used [0x00007f9cd3aa0000, 0x00007f9cd3aa0000, 0x00007f9cfb240000)
 tenured generation   total 12935624K, used 10626190K [0x00007fa0c5b50000, 0x00007fa3db3c2000, 0x00007fab70600000)
   the space 12935624K,  82% used [0x00007fa0c5b50000, 0x00007fa34e473b58, 0x00007fa34e473c00, 0x00007fa3db3c2000)
 Metaspace       used 23503K, capacity 23915K, committed 24064K, reserved 24576K
}
Event: 372.261 GC heap after
{Heap after GC invocations=90 (full 41):
 def new generation   total 5821056K, used 5003K [0x00007f9b70600000, 0x00007f9cfb240000, 0x00007fa0c5b50000)
  eden space 5174272K,   0% used [0x00007f9b70600000, 0x00007f9b70600000, 0x00007f9cac300000)
  from space 646784K,   0% used [0x00007f9cd3aa0000, 0x00007f9cd3f82f88, 0x00007f9cfb240000)
  to   space 646784K,   0% used [0x00007f9cac300000, 0x00007f9cac300000, 0x00007f9cd3aa0000)
 tenured generation   total 12935624K, used 10626190K [0x00007fa0c5b50000, 0x00007fa3db3c2000, 0x00007fab70600000)
   the space 12935624K,  82% used [0x00007fa0c5b50000, 0x00007fa34e473b58, 0x00007fa34e473c00, 0x00007fa3db3c2000)
 Metaspace       used 23503K, capacity 23915K, committed 24064K, reserved 24576K
}
Event: 374.348 GC heap before
{Heap before GC invocations=90 (full 41):
 def new generation   total 5821056K, used 4302111K [0x00007f9b70600000, 0x00007f9cfb240000, 0x00007fa0c5b50000)
  eden space 5174272K,  83% used [0x00007f9b70600000, 0x00007f9c76a64ec8, 0x00007f9cac300000)
  from space 646784K,   0% used [0x00007f9cd3aa0000, 0x00007f9cd3f82f88, 0x00007f9cfb240000)
  to   space 646784K,   0% used [0x00007f9cac300000, 0x00007f9cac300000, 0x00007f9cd3aa0000)
 tenured generation   total 12935624K, used 10626190K [0x00007fa0c5b50000, 0x00007fa3db3c2000, 0x00007fab70600000)
   the space 12935624K,  82% used [0x00007fa0c5b50000, 0x00007fa34e473b58, 0x00007fa34e473c00, 0x00007fa3db3c2000)
 Metaspace       used 23503K, capacity 23915K, committed 24064K, reserved 24576K
}

