# JRE version: OpenJDK Runtime Environment (13.0.7+5) (build 13.0.7+5-Ubuntu-0ubuntu120.04)
# Java VM: OpenJDK 64-Bit Server VM (13.0.7+5-Ubuntu-0ubuntu120.04, mixed mode, tiered, serial gc, linux-amd64)
Heap:
 def new generation   total 4859968K, used 91052K [0x00007f62e0600000, 0x00007f6429f60000, 0x00007f6835b50000)
  eden space 4320000K,   2% used [0x00007f62e0600000, 0x00007f62e5eeb0a0, 0x00007f63e80c0000)
  from space 539968K,   0% used [0x00007f63e80c0000, 0x00007f63e80c0000, 0x00007f6409010000)
  to   space 539968K,   0% used [0x00007f6409010000, 0x00007f6409010000, 0x00007f6429f60000)
 tenured generation   total 10803276K, used 10803275K [0x00007f6835b50000, 0x00007f6ac9163000, 0x00007f72e0600000)
   the space 10803276K,  99% used [0x00007f6835b50000, 0x00007f6ac9162fe8, 0x00007f6ac9163000, 0x00007f6ac9163000)
 Metaspace       used 24388K, capacity 24853K, committed 25088K, reserved 26624K
GC Heap History (20 events):
Event: 7319.071 GC heap after
{Heap after GC invocations=4792 (full 5):
 def new generation   total 4859968K, used 95814K [0x00007f62e0600000, 0x00007f6429f60000, 0x00007f6835b50000)
  eden space 4320000K,   0% used [0x00007f62e0600000, 0x00007f62e0600000, 0x00007f63e80c0000)
  from space 539968K,  17% used [0x00007f6409010000, 0x00007f640eda1868, 0x00007f6429f60000)
  to   space 539968K,   0% used [0x00007f63e80c0000, 0x00007f63e80c0000, 0x00007f6409010000)
 tenured generation   total 10799820K, used 10742258K [0x00007f6835b50000, 0x00007f6ac8e03000, 0x00007f72e0600000)
   the space 10799820K,  99% used [0x00007f6835b50000, 0x00007f6ac55cc9d8, 0x00007f6ac55cca00, 0x00007f6ac8e03000)
 Metaspace       used 24388K, capacity 24853K, committed 25088K, reserved 26624K
}
Event: 7322.621 GC heap before
{Heap before GC invocations=4792 (full 5):
 def new generation   total 4859968K, used 4415814K [0x00007f62e0600000, 0x00007f6429f60000, 0x00007f6835b50000)
  eden space 4320000K, 100% used [0x00007f62e0600000, 0x00007f63e80c0000, 0x00007f63e80c0000)
  from space 539968K,  17% used [0x00007f6409010000, 0x00007f640eda1868, 0x00007f6429f60000)
  to   space 539968K,   0% used [0x00007f63e80c0000, 0x00007f63e80c0000, 0x00007f6409010000)
 tenured generation   total 10799820K, used 10742258K [0x00007f6835b50000, 0x00007f6ac8e03000, 0x00007f72e0600000)
   the space 10799820K,  99% used [0x00007f6835b50000, 0x00007f6ac55cc9d8, 0x00007f6ac55cca00, 0x00007f6ac8e03000)
 Metaspace       used 24388K, capacity 24853K, committed 25088K, reserved 26624K
}
Event: 7322.797 GC heap after
{Heap after GC invocations=4793 (full 5):
 def new generation   total 4859968K, used 93016K [0x00007f62e0600000, 0x00007f6429f60000, 0x00007f6835b50000)
  eden space 4320000K,   0% used [0x00007f62e0600000, 0x00007f62e0600000, 0x00007f63e80c0000)
  from space 539968K,  17% used [0x00007f63e80c0000, 0x00007f63edb96060, 0x00007f6409010000)
  to   space 539968K,   0% used [0x00007f6409010000, 0x00007f6409010000, 0x00007f6429f60000)
 tenured generation   total 10799820K, used 10749144K [0x00007f6835b50000, 0x00007f6ac8e03000, 0x00007f72e0600000)
   the space 10799820K,  99% used [0x00007f6835b50000, 0x00007f6ac5c86138, 0x00007f6ac5c86200, 0x00007f6ac8e03000)
 Metaspace       used 24388K, capacity 24853K, committed 25088K, reserved 26624K
}
Event: 7326.513 GC heap before
{Heap before GC invocations=4793 (full 5):
 def new generation   total 4859968K, used 4413016K [0x00007f62e0600000, 0x00007f6429f60000, 0x00007f6835b50000)
  eden space 4320000K, 100% used [0x00007f62e0600000, 0x00007f63e80c0000, 0x00007f63e80c0000)
  from space 539968K,  17% used [0x00007f63e80c0000, 0x00007f63edb96060, 0x00007f6409010000)
  to   space 539968K,   0% used [0x00007f6409010000, 0x00007f6409010000, 0x00007f6429f60000)
 tenured generation   total 10799820K, used 10749144K [0x00007f6835b50000, 0x00007f6ac8e03000, 0x00007f72e0600000)
   the space 10799820K,  99% used [0x00007f6835b50000, 0x00007f6ac5c86138, 0x00007f6ac5c86200, 0x00007f6ac8e03000)
 Metaspace       used 24388K, capacity 24853K, committed 25088K, reserved 26624K
}
Event: 7326.699 GC heap after
{Heap after GC invocations=4794 (full 5):
 def new generation   total 4859968K, used 93007K [0x00007f62e0600000, 0x00007f6429f60000, 0x00007f6835b50000)
  eden space 4320000K,   0% used [0x00007f62e0600000, 0x00007f62e0600000, 0x00007f63e80c0000)
  from space 539968K,  17% used [0x00007f6409010000, 0x00007f640eae3d28, 0x00007f6429f60000)
  to   space 539968K,   0% used [0x00007f63e80c0000, 0x00007f63e80c0000, 0x00007f6409010000)
 tenured generation   total 10799820K, used 10755093K [0x00007f6835b50000, 0x00007f6ac8e03000, 0x00007f72e0600000)
   the space 10799820K,  99% used [0x00007f6835b50000, 0x00007f6ac62557f0, 0x00007f6ac6255800, 0x00007f6ac8e03000)
 Metaspace       used 24388K, capacity 24853K, committed 25088K, reserved 26624K
}
Event: 7330.139 GC heap before
{Heap before GC invocations=4794 (full 5):
 def new generation   total 4859968K, used 4413007K [0x00007f62e0600000, 0x00007f6429f60000, 0x00007f6835b50000)
  eden space 4320000K, 100% used [0x00007f62e0600000, 0x00007f63e80c0000, 0x00007f63e80c0000)
  from space 539968K,  17% used [0x00007f6409010000, 0x00007f640eae3d28, 0x00007f6429f60000)
  to   space 539968K,   0% used [0x00007f63e80c0000, 0x00007f63e80c0000, 0x00007f6409010000)
 tenured generation   total 10799820K, used 10755093K [0x00007f6835b50000, 0x00007f6ac8e03000, 0x00007f72e0600000)
   the space 10799820K,  99% used [0x00007f6835b50000, 0x00007f6ac62557f0, 0x00007f6ac6255800, 0x00007f6ac8e03000)
 Metaspace       used 24388K, capacity 24853K, committed 25088K, reserved 26624K
}
Event: 7330.350 GC heap after
{Heap after GC invocations=4795 (full 5):
 def new generation   total 4859968K, used 99485K [0x00007f62e0600000, 0x00007f6429f60000, 0x00007f6835b50000)
  eden space 4320000K,   0% used [0x00007f62e0600000, 0x00007f62e0600000, 0x00007f63e80c0000)
  from space 539968K,  18% used [0x00007f63e80c0000, 0x00007f63ee1e76e0, 0x00007f6409010000)
  to   space 539968K,   0% used [0x00007f6409010000, 0x00007f6409010000, 0x00007f6429f60000)
 tenured generation   total 10799820K, used 10759492K [0x00007f6835b50000, 0x00007f6ac8e03000, 0x00007f72e0600000)
   the space 10799820K,  99% used [0x00007f6835b50000, 0x00007f6ac66a1350, 0x00007f6ac66a1400, 0x00007f6ac8e03000)
 Metaspace       used 24388K, capacity 24853K, committed 25088K, reserved 26624K
}
Event: 7333.921 GC heap before
{Heap before GC invocations=4795 (full 5):
 def new generation   total 4859968K, used 4419485K [0x00007f62e0600000, 0x00007f6429f60000, 0x00007f6835b50000)
  eden space 4320000K, 100% used [0x00007f62e0600000, 0x00007f63e80c0000, 0x00007f63e80c0000)
  from space 539968K,  18% used [0x00007f63e80c0000, 0x00007f63ee1e76e0, 0x00007f6409010000)
  to   space 539968K,   0% used [0x00007f6409010000, 0x00007f6409010000, 0x00007f6429f60000)
 tenured generation   total 10799820K, used 10759492K [0x00007f6835b50000, 0x00007f6ac8e03000, 0x00007f72e0600000)
   the space 10799820K,  99% used [0x00007f6835b50000, 0x00007f6ac66a1350, 0x00007f6ac66a1400, 0x00007f6ac8e03000)
 Metaspace       used 24388K, capacity 24853K, committed 25088K, reserved 26624K
}
Event: 7334.110 GC heap after
{Heap after GC invocations=4796 (full 5):
 def new generation   total 4859968K, used 96695K [0x00007f62e0600000, 0x00007f6429f60000, 0x00007f6835b50000)
  eden space 4320000K,   0% used [0x00007f62e0600000, 0x00007f62e0600000, 0x00007f63e80c0000)
  from space 539968K,  17% used [0x00007f6409010000, 0x00007f640ee7df00, 0x00007f6429f60000)
  to   space 539968K,   0% used [0x00007f63e80c0000, 0x00007f63e80c0000, 0x00007f6409010000)
 tenured generation   total 10799820K, used 10766374K [0x00007f6835b50000, 0x00007f6ac8e03000, 0x00007f72e0600000)
   the space 10799820K,  99% used [0x00007f6835b50000, 0x00007f6ac6d59970, 0x00007f6ac6d59a00, 0x00007f6ac8e03000)
 Metaspace       used 24388K, capacity 24853K, committed 25088K, reserved 26624K
}
Event: 7337.636 GC heap before
{Heap before GC invocations=4796 (full 5):
 def new generation   total 4859968K, used 4416695K [0x00007f62e0600000, 0x00007f6429f60000, 0x00007f6835b50000)
  eden space 4320000K, 100% used [0x00007f62e0600000, 0x00007f63e80c0000, 0x00007f63e80c0000)
  from space 539968K,  17% used [0x00007f6409010000, 0x00007f640ee7df00, 0x00007f6429f60000)
  to   space 539968K,   0% used [0x00007f63e80c0000, 0x00007f63e80c0000, 0x00007f6409010000)
 tenured generation   total 10799820K, used 10766374K [0x00007f6835b50000, 0x00007f6ac8e03000, 0x00007f72e0600000)
   the space 10799820K,  99% used [0x00007f6835b50000, 0x00007f6ac6d59970, 0x00007f6ac6d59a00, 0x00007f6ac8e03000)
 Metaspace       used 24388K, capacity 24853K, committed 25088K, reserved 26624K
}
Event: 7337.863 GC heap after
{Heap after GC invocations=4797 (full 5):
 def new generation   total 4859968K, used 92989K [0x00007f62e0600000, 0x00007f6429f60000, 0x00007f6835b50000)
  eden space 4320000K,   0% used [0x00007f62e0600000, 0x00007f62e0600000, 0x00007f63e80c0000)
  from space 539968K,  17% used [0x00007f63e80c0000, 0x00007f63edb8f468, 0x00007f6409010000)
  to   space 539968K,   0% used [0x00007f6409010000, 0x00007f6409010000, 0x00007f6429f60000)
 tenured generation   total 10799820K, used 10775227K [0x00007f6835b50000, 0x00007f6ac8e03000, 0x00007f72e0600000)
   the space 10799820K,  99% used [0x00007f6835b50000, 0x00007f6ac75fee70, 0x00007f6ac75ff000, 0x00007f6ac8e03000)
 Metaspace       used 24388K, capacity 24853K, committed 25088K, reserved 26624K
}
Event: 7341.357 GC heap before
{Heap before GC invocations=4797 (full 5):
 def new generation   total 4859968K, used 4412989K [0x00007f62e0600000, 0x00007f6429f60000, 0x00007f6835b50000)
  eden space 4320000K, 100% used [0x00007f62e0600000, 0x00007f63e80c0000, 0x00007f63e80c0000)
  from space 539968K,  17% used [0x00007f63e80c0000, 0x00007f63edb8f468, 0x00007f6409010000)
  to   space 539968K,   0% used [0x00007f6409010000, 0x00007f6409010000, 0x00007f6429f60000)
 tenured generation   total 10799820K, used 10775227K [0x00007f6835b50000, 0x00007f6ac8e03000, 0x00007f72e0600000)
   the space 10799820K,  99% used [0x00007f6835b50000, 0x00007f6ac75fee70, 0x00007f6ac75ff000, 0x00007f6ac8e03000)
 Metaspace       used 24388K, capacity 24853K, committed 25088K, reserved 26624K
}
Event: 7341.515 GC heap after
{Heap after GC invocations=4798 (full 5):
 def new generation   total 4859968K, used 94561K [0x00007f62e0600000, 0x00007f6429f60000, 0x00007f6835b50000)
  eden space 4320000K,   0% used [0x00007f62e0600000, 0x00007f62e0600000, 0x00007f63e80c0000)
  from space 539968K,  17% used [0x00007f6409010000, 0x00007f640ec68590, 0x00007f6429f60000)
  to   space 539968K,   0% used [0x00007f63e80c0000, 0x00007f63e80c0000, 0x00007f6409010000)
 tenured generation   total 10799820K, used 10782420K [0x00007f6835b50000, 0x00007f6ac8e03000, 0x00007f72e0600000)
   the space 10799820K,  99% used [0x00007f6835b50000, 0x00007f6ac7d05148, 0x00007f6ac7d05200, 0x00007f6ac8e03000)
 Metaspace       used 24388K, capacity 24853K, committed 25088K, reserved 26624K
}
Event: 7344.992 GC heap before
{Heap before GC invocations=4798 (full 5):
 def new generation   total 4859968K, used 4414561K [0x00007f62e0600000, 0x00007f6429f60000, 0x00007f6835b50000)
  eden space 4320000K, 100% used [0x00007f62e0600000, 0x00007f63e80c0000, 0x00007f63e80c0000)
  from space 539968K,  17% used [0x00007f6409010000, 0x00007f640ec68590, 0x00007f6429f60000)
  to   space 539968K,   0% used [0x00007f63e80c0000, 0x00007f63e80c0000, 0x00007f6409010000)
 tenured generation   total 10799820K, used 10782420K [0x00007f6835b50000, 0x00007f6ac8e03000, 0x00007f72e0600000)
   the space 10799820K,  99% used [0x00007f6835b50000, 0x00007f6ac7d05148, 0x00007f6ac7d05200, 0x00007f6ac8e03000)
 Metaspace       used 24388K, capacity 24853K, committed 25088K, reserved 26624K
}
Event: 7345.173 GC heap after
{Heap after GC invocations=4799 (full 5):
 def new generation   total 4859968K, used 97488K [0x00007f62e0600000, 0x00007f6429f60000, 0x00007f6835b50000)
  eden space 4320000K,   0% used [0x00007f62e0600000, 0x00007f62e0600000, 0x00007f63e80c0000)
  from space 539968K,  18% used [0x00007f63e80c0000, 0x00007f63edff4280, 0x00007f6409010000)
  to   space 539968K,   0% used [0x00007f6409010000, 0x00007f6409010000, 0x00007f6429f60000)
 tenured generation   total 10799820K, used 10788629K [0x00007f6835b50000, 0x00007f6ac8e03000, 0x00007f72e0600000)
   the space 10799820K,  99% used [0x00007f6835b50000, 0x00007f6ac83155e0, 0x00007f6ac8315600, 0x00007f6ac8e03000)
 Metaspace       used 24388K, capacity 24853K, committed 25088K, reserved 26624K
}
Event: 7348.579 GC heap before
{Heap before GC invocations=4799 (full 5):
 def new generation   total 4859968K, used 4417488K [0x00007f62e0600000, 0x00007f6429f60000, 0x00007f6835b50000)
  eden space 4320000K, 100% used [0x00007f62e0600000, 0x00007f63e80c0000, 0x00007f63e80c0000)
  from space 539968K,  18% used [0x00007f63e80c0000, 0x00007f63edff4280, 0x00007f6409010000)
  to   space 539968K,   0% used [0x00007f6409010000, 0x00007f6409010000, 0x00007f6429f60000)
 tenured generation   total 10799820K, used 10788629K [0x00007f6835b50000, 0x00007f6ac8e03000, 0x00007f72e0600000)
   the space 10799820K,  99% used [0x00007f6835b50000, 0x00007f6ac83155e0, 0x00007f6ac8315600, 0x00007f6ac8e03000)
 Metaspace       used 24388K, capacity 24853K, committed 25088K, reserved 26624K
}
Event: 7348.746 GC heap after
{Heap after GC invocations=4800 (full 5):
 def new generation   total 4859968K, used 94678K [0x00007f62e0600000, 0x00007f6429f60000, 0x00007f6835b50000)
  eden space 4320000K,   0% used [0x00007f62e0600000, 0x00007f62e0600000, 0x00007f63e80c0000)
  from space 539968K,  17% used [0x00007f6409010000, 0x00007f640ec85ba8, 0x00007f6429f60000)
  to   space 539968K,   0% used [0x00007f63e80c0000, 0x00007f63e80c0000, 0x00007f6409010000)
 tenured generation   total 10799820K, used 10795511K [0x00007f6835b50000, 0x00007f6ac8e03000, 0x00007f72e0600000)
   the space 10799820K,  99% used [0x00007f6835b50000, 0x00007f6ac89cdc00, 0x00007f6ac89cdc00, 0x00007f6ac8e03000)
 Metaspace       used 24388K, capacity 24853K, committed 25088K, reserved 26624K
}
Event: 7352.313 GC heap before
{Heap before GC invocations=4800 (full 5):
 def new generation   total 4859968K, used 4414678K [0x00007f62e0600000, 0x00007f6429f60000, 0x00007f6835b50000)
  eden space 4320000K, 100% used [0x00007f62e0600000, 0x00007f63e80c0000, 0x00007f63e80c0000)
  from space 539968K,  17% used [0x00007f6409010000, 0x00007f640ec85ba8, 0x00007f6429f60000)
  to   space 539968K,   0% used [0x00007f63e80c0000, 0x00007f63e80c0000, 0x00007f6409010000)
 tenured generation   total 10799820K, used 10795511K [0x00007f6835b50000, 0x00007f6ac8e03000, 0x00007f72e0600000)
   the space 10799820K,  99% used [0x00007f6835b50000, 0x00007f6ac89cdc00, 0x00007f6ac89cdc00, 0x00007f6ac8e03000)
 Metaspace       used 24388K, capacity 24853K, committed 25088K, reserved 26624K
}
Event: 7352.502 GC heap after
{Heap after GC invocations=4801 (full 5):
 def new generation   total 4859968K, used 91206K [0x00007f62e0600000, 0x00007f6429f60000, 0x00007f6835b50000)
  eden space 4320000K,   0% used [0x00007f62e0600000, 0x00007f62e0600000, 0x00007f63e80c0000)
  from space 539968K,  16% used [0x00007f63e80c0000, 0x00007f63ed9d19f8, 0x00007f6409010000)
  to   space 539968K,   0% used [0x00007f6409010000, 0x00007f6409010000, 0x00007f6429f60000)
 tenured generation   total 10803276K, used 10803121K [0x00007f6835b50000, 0x00007f6ac9163000, 0x00007f72e0600000)
   the space 10803276K,  99% used [0x00007f6835b50000, 0x00007f6ac913c690, 0x00007f6ac913c800, 0x00007f6ac9163000)
 Metaspace       used 24388K, capacity 24853K, committed 25088K, reserved 26624K
}
Event: 7352.502 GC heap before
{Heap before GC invocations=4801 (full 5):
 def new generation   total 4859968K, used 91206K [0x00007f62e0600000, 0x00007f6429f60000, 0x00007f6835b50000)
  eden space 4320000K,   0% used [0x00007f62e0600000, 0x00007f62e0600000, 0x00007f63e80c0000)
  from space 539968K,  16% used [0x00007f63e80c0000, 0x00007f63ed9d19f8, 0x00007f6409010000)
  to   space 539968K,   0% used [0x00007f6409010000, 0x00007f6409010000, 0x00007f6429f60000)
 tenured generation   total 10803276K, used 10803121K [0x00007f6835b50000, 0x00007f6ac9163000, 0x00007f72e0600000)
   the space 10803276K,  99% used [0x00007f6835b50000, 0x00007f6ac913c690, 0x00007f6ac913c800, 0x00007f6ac9163000)
 Metaspace       used 24388K, capacity 24853K, committed 25088K, reserved 26624K
}

