# JRE version: OpenJDK Runtime Environment (13.0.7+5) (build 13.0.7+5-Ubuntu-0ubuntu120.04)
# Java VM: OpenJDK 64-Bit Server VM (13.0.7+5-Ubuntu-0ubuntu120.04, mixed mode, tiered, serial gc, linux-amd64)
Heap:
 def new generation   total 4137280K, used 587K [0x00007f9f70600000, 0x00007fa088f30000, 0x00007fa4c5b50000)
  eden space 3677632K,   0% used [0x00007f9f70600000, 0x00007f9f70692cb0, 0x00007fa050d70000)
  from space 459648K,   0% used [0x00007fa06ce50000, 0x00007fa06ce50000, 0x00007fa088f30000)
  to   space 459648K,   0% used [0x00007fa050d70000, 0x00007fa050d70000, 0x00007fa06ce50000)
 tenured generation   total 9194756K, used 9194755K [0x00007fa4c5b50000, 0x00007fa6f6e91000, 0x00007faf70600000)
   the space 9194756K,  99% used [0x00007fa4c5b50000, 0x00007fa6f6e90ff0, 0x00007fa6f6e91000, 0x00007fa6f6e91000)
 Metaspace       used 24231K, capacity 24677K, committed 24832K, reserved 26624K
GC Heap History (20 events):
Event: 150674.041 GC heap after
{Heap after GC invocations=116642 (full 1530):
 def new generation   total 4137280K, used 1809K [0x00007f9f70600000, 0x00007fa088f30000, 0x00007fa4c5b50000)
  eden space 3677632K,   0% used [0x00007f9f70600000, 0x00007f9f70600000, 0x00007fa050d70000)
  from space 459648K,   0% used [0x00007fa050d70000, 0x00007fa050f346c8, 0x00007fa06ce50000)
  to   space 459648K,   0% used [0x00007fa06ce50000, 0x00007fa06ce50000, 0x00007fa088f30000)
 tenured generation   total 9193796K, used 9192102K [0x00007fa4c5b50000, 0x00007fa6f6da1000, 0x00007faf70600000)
   the space 9193796K,  99% used [0x00007fa4c5b50000, 0x00007fa6f6bf99e8, 0x00007fa6f6bf9a00, 0x00007fa6f6da1000)
 Metaspace       used 24231K, capacity 24677K, committed 24832K, reserved 26624K
}
Event: 150676.672 GC heap before
{Heap before GC invocations=116642 (full 1530):
 def new generation   total 4137280K, used 3679441K [0x00007f9f70600000, 0x00007fa088f30000, 0x00007fa4c5b50000)
  eden space 3677632K, 100% used [0x00007f9f70600000, 0x00007fa050d70000, 0x00007fa050d70000)
  from space 459648K,   0% used [0x00007fa050d70000, 0x00007fa050f346c8, 0x00007fa06ce50000)
  to   space 459648K,   0% used [0x00007fa06ce50000, 0x00007fa06ce50000, 0x00007fa088f30000)
 tenured generation   total 9193796K, used 9192102K [0x00007fa4c5b50000, 0x00007fa6f6da1000, 0x00007faf70600000)
   the space 9193796K,  99% used [0x00007fa4c5b50000, 0x00007fa6f6bf99e8, 0x00007fa6f6bf9a00, 0x00007fa6f6da1000)
 Metaspace       used 24231K, capacity 24677K, committed 24832K, reserved 26624K
}
Event: 150676.679 GC heap after
{Heap after GC invocations=116643 (full 1530):
 def new generation   total 4137280K, used 2004K [0x00007f9f70600000, 0x00007fa088f30000, 0x00007fa4c5b50000)
  eden space 3677632K,   0% used [0x00007f9f70600000, 0x00007f9f70600000, 0x00007fa050d70000)
  from space 459648K,   0% used [0x00007fa06ce50000, 0x00007fa06d045300, 0x00007fa088f30000)
  to   space 459648K,   0% used [0x00007fa050d70000, 0x00007fa050d70000, 0x00007fa06ce50000)
 tenured generation   total 9193796K, used 9192102K [0x00007fa4c5b50000, 0x00007fa6f6da1000, 0x00007faf70600000)
   the space 9193796K,  99% used [0x00007fa4c5b50000, 0x00007fa6f6bf99e8, 0x00007fa6f6bf9a00, 0x00007fa6f6da1000)
 Metaspace       used 24231K, capacity 24677K, committed 24832K, reserved 26624K
}
Event: 150679.263 GC heap before
{Heap before GC invocations=116643 (full 1530):
 def new generation   total 4137280K, used 3679636K [0x00007f9f70600000, 0x00007fa088f30000, 0x00007fa4c5b50000)
  eden space 3677632K, 100% used [0x00007f9f70600000, 0x00007fa050d70000, 0x00007fa050d70000)
  from space 459648K,   0% used [0x00007fa06ce50000, 0x00007fa06d045300, 0x00007fa088f30000)
  to   space 459648K,   0% used [0x00007fa050d70000, 0x00007fa050d70000, 0x00007fa06ce50000)
 tenured generation   total 9193796K, used 9192102K [0x00007fa4c5b50000, 0x00007fa6f6da1000, 0x00007faf70600000)
   the space 9193796K,  99% used [0x00007fa4c5b50000, 0x00007fa6f6bf99e8, 0x00007fa6f6bf9a00, 0x00007fa6f6da1000)
 Metaspace       used 24231K, capacity 24677K, committed 24832K, reserved 26624K
}
Event: 150679.271 GC heap after
{Heap after GC invocations=116644 (full 1530):
 def new generation   total 4137280K, used 2103K [0x00007f9f70600000, 0x00007fa088f30000, 0x00007fa4c5b50000)
  eden space 3677632K,   0% used [0x00007f9f70600000, 0x00007f9f70600000, 0x00007fa050d70000)
  from space 459648K,   0% used [0x00007fa050d70000, 0x00007fa050f7dd08, 0x00007fa06ce50000)
  to   space 459648K,   0% used [0x00007fa06ce50000, 0x00007fa06ce50000, 0x00007fa088f30000)
 tenured generation   total 9193796K, used 9192102K [0x00007fa4c5b50000, 0x00007fa6f6da1000, 0x00007faf70600000)
   the space 9193796K,  99% used [0x00007fa4c5b50000, 0x00007fa6f6bf99e8, 0x00007fa6f6bf9a00, 0x00007fa6f6da1000)
 Metaspace       used 24231K, capacity 24677K, committed 24832K, reserved 26624K
}
Event: 150681.462 GC heap before
{Heap before GC invocations=116644 (full 1530):
 def new generation   total 4137280K, used 3479213K [0x00007f9f70600000, 0x00007fa088f30000, 0x00007fa4c5b50000)
  eden space 3677632K,  94% used [0x00007f9f70600000, 0x00007fa04499d950, 0x00007fa050d70000)
  from space 459648K,   0% used [0x00007fa050d70000, 0x00007fa050f7dd08, 0x00007fa06ce50000)
  to   space 459648K,   0% used [0x00007fa06ce50000, 0x00007fa06ce50000, 0x00007fa088f30000)
 tenured generation   total 9193796K, used 9192102K [0x00007fa4c5b50000, 0x00007fa6f6da1000, 0x00007faf70600000)
   the space 9193796K,  99% used [0x00007fa4c5b50000, 0x00007fa6f6bf99e8, 0x00007fa6f6bf9a00, 0x00007fa6f6da1000)
 Metaspace       used 24231K, capacity 24677K, committed 24832K, reserved 26624K
}
Event: 150681.497 GC heap after
{Heap after GC invocations=116645 (full 1530):
 def new generation   total 4137280K, used 67610K [0x00007f9f70600000, 0x00007fa088f30000, 0x00007fa4c5b50000)
  eden space 3677632K,   0% used [0x00007f9f70600000, 0x00007f9f70600000, 0x00007fa050d70000)
  from space 459648K,  14% used [0x00007fa06ce50000, 0x00007fa0710568c8, 0x00007fa088f30000)
  to   space 459648K,   0% used [0x00007fa050d70000, 0x00007fa050d70000, 0x00007fa06ce50000)
 tenured generation   total 9193796K, used 9192102K [0x00007fa4c5b50000, 0x00007fa6f6da1000, 0x00007faf70600000)
   the space 9193796K,  99% used [0x00007fa4c5b50000, 0x00007fa6f6bf99e8, 0x00007fa6f6bf9a00, 0x00007fa6f6da1000)
 Metaspace       used 24231K, capacity 24677K, committed 24832K, reserved 26624K
}
Event: 150683.962 GC heap before
{Heap before GC invocations=116645 (full 1530):
 def new generation   total 4137280K, used 3745242K [0x00007f9f70600000, 0x00007fa088f30000, 0x00007fa4c5b50000)
  eden space 3677632K, 100% used [0x00007f9f70600000, 0x00007fa050d70000, 0x00007fa050d70000)
  from space 459648K,  14% used [0x00007fa06ce50000, 0x00007fa0710568c8, 0x00007fa088f30000)
  to   space 459648K,   0% used [0x00007fa050d70000, 0x00007fa050d70000, 0x00007fa06ce50000)
 tenured generation   total 9193796K, used 9192102K [0x00007fa4c5b50000, 0x00007fa6f6da1000, 0x00007faf70600000)
   the space 9193796K,  99% used [0x00007fa4c5b50000, 0x00007fa6f6bf99e8, 0x00007fa6f6bf9a00, 0x00007fa6f6da1000)
 Metaspace       used 24231K, capacity 24677K, committed 24832K, reserved 26624K
}
Event: 150683.969 GC heap after
{Heap after GC invocations=116646 (full 1530):
 def new generation   total 4137280K, used 2435K [0x00007f9f70600000, 0x00007fa088f30000, 0x00007fa4c5b50000)
  eden space 3677632K,   0% used [0x00007f9f70600000, 0x00007f9f70600000, 0x00007fa050d70000)
  from space 459648K,   0% used [0x00007fa050d70000, 0x00007fa050fd0c00, 0x00007fa06ce50000)
  to   space 459648K,   0% used [0x00007fa06ce50000, 0x00007fa06ce50000, 0x00007fa088f30000)
 tenured generation   total 9193796K, used 9192102K [0x00007fa4c5b50000, 0x00007fa6f6da1000, 0x00007faf70600000)
   the space 9193796K,  99% used [0x00007fa4c5b50000, 0x00007fa6f6bf99e8, 0x00007fa6f6bf9a00, 0x00007fa6f6da1000)
 Metaspace       used 24231K, capacity 24677K, committed 24832K, reserved 26624K
}
Event: 150686.416 GC heap before
{Heap before GC invocations=116646 (full 1530):
 def new generation   total 4137280K, used 3680067K [0x00007f9f70600000, 0x00007fa088f30000, 0x00007fa4c5b50000)
  eden space 3677632K, 100% used [0x00007f9f70600000, 0x00007fa050d70000, 0x00007fa050d70000)
  from space 459648K,   0% used [0x00007fa050d70000, 0x00007fa050fd0c00, 0x00007fa06ce50000)
  to   space 459648K,   0% used [0x00007fa06ce50000, 0x00007fa06ce50000, 0x00007fa088f30000)
 tenured generation   total 9193796K, used 9192102K [0x00007fa4c5b50000, 0x00007fa6f6da1000, 0x00007faf70600000)
   the space 9193796K,  99% used [0x00007fa4c5b50000, 0x00007fa6f6bf99e8, 0x00007fa6f6bf9a00, 0x00007fa6f6da1000)
 Metaspace       used 24231K, capacity 24677K, committed 24832K, reserved 26624K
}
Event: 150686.423 GC heap after
{Heap after GC invocations=116647 (full 1530):
 def new generation   total 4137280K, used 2625K [0x00007f9f70600000, 0x00007fa088f30000, 0x00007fa4c5b50000)
  eden space 3677632K,   0% used [0x00007f9f70600000, 0x00007f9f70600000, 0x00007fa050d70000)
  from space 459648K,   0% used [0x00007fa06ce50000, 0x00007fa06d0e0498, 0x00007fa088f30000)
  to   space 459648K,   0% used [0x00007fa050d70000, 0x00007fa050d70000, 0x00007fa06ce50000)
 tenured generation   total 9193796K, used 9192102K [0x00007fa4c5b50000, 0x00007fa6f6da1000, 0x00007faf70600000)
   the space 9193796K,  99% used [0x00007fa4c5b50000, 0x00007fa6f6bf99e8, 0x00007fa6f6bf9a00, 0x00007fa6f6da1000)
 Metaspace       used 24231K, capacity 24677K, committed 24832K, reserved 26624K
}
Event: 150688.971 GC heap before
{Heap before GC invocations=116647 (full 1530):
 def new generation   total 4137280K, used 3680257K [0x00007f9f70600000, 0x00007fa088f30000, 0x00007fa4c5b50000)
  eden space 3677632K, 100% used [0x00007f9f70600000, 0x00007fa050d70000, 0x00007fa050d70000)
  from space 459648K,   0% used [0x00007fa06ce50000, 0x00007fa06d0e0498, 0x00007fa088f30000)
  to   space 459648K,   0% used [0x00007fa050d70000, 0x00007fa050d70000, 0x00007fa06ce50000)
 tenured generation   total 9193796K, used 9192102K [0x00007fa4c5b50000, 0x00007fa6f6da1000, 0x00007faf70600000)
   the space 9193796K,  99% used [0x00007fa4c5b50000, 0x00007fa6f6bf99e8, 0x00007fa6f6bf9a00, 0x00007fa6f6da1000)
 Metaspace       used 24231K, capacity 24677K, committed 24832K, reserved 26624K
}
Event: 150688.978 GC heap after
{Heap after GC invocations=116648 (full 1530):
 def new generation   total 4137280K, used 2810K [0x00007f9f70600000, 0x00007fa088f30000, 0x00007fa4c5b50000)
  eden space 3677632K,   0% used [0x00007f9f70600000, 0x00007f9f70600000, 0x00007fa050d70000)
  from space 459648K,   0% used [0x00007fa050d70000, 0x00007fa05102e9b8, 0x00007fa06ce50000)
  to   space 459648K,   0% used [0x00007fa06ce50000, 0x00007fa06ce50000, 0x00007fa088f30000)
 tenured generation   total 9193796K, used 9192102K [0x00007fa4c5b50000, 0x00007fa6f6da1000, 0x00007faf70600000)
   the space 9193796K,  99% used [0x00007fa4c5b50000, 0x00007fa6f6bf99e8, 0x00007fa6f6bf9a00, 0x00007fa6f6da1000)
 Metaspace       used 24231K, capacity 24677K, committed 24832K, reserved 26624K
}
Event: 150691.420 GC heap before
{Heap before GC invocations=116648 (full 1530):
 def new generation   total 4137280K, used 3680442K [0x00007f9f70600000, 0x00007fa088f30000, 0x00007fa4c5b50000)
  eden space 3677632K, 100% used [0x00007f9f70600000, 0x00007fa050d70000, 0x00007fa050d70000)
  from space 459648K,   0% used [0x00007fa050d70000, 0x00007fa05102e9b8, 0x00007fa06ce50000)
  to   space 459648K,   0% used [0x00007fa06ce50000, 0x00007fa06ce50000, 0x00007fa088f30000)
 tenured generation   total 9193796K, used 9192102K [0x00007fa4c5b50000, 0x00007fa6f6da1000, 0x00007faf70600000)
   the space 9193796K,  99% used [0x00007fa4c5b50000, 0x00007fa6f6bf99e8, 0x00007fa6f6bf9a00, 0x00007fa6f6da1000)
 Metaspace       used 24231K, capacity 24677K, committed 24832K, reserved 26624K
}
Event: 150691.427 GC heap after
{Heap after GC invocations=116649 (full 1530):
 def new generation   total 4137280K, used 2922K [0x00007f9f70600000, 0x00007fa088f30000, 0x00007fa4c5b50000)
  eden space 3677632K,   0% used [0x00007f9f70600000, 0x00007f9f70600000, 0x00007fa050d70000)
  from space 459648K,   0% used [0x00007fa06ce50000, 0x00007fa06d12aa90, 0x00007fa088f30000)
  to   space 459648K,   0% used [0x00007fa050d70000, 0x00007fa050d70000, 0x00007fa06ce50000)
 tenured generation   total 9193796K, used 9192102K [0x00007fa4c5b50000, 0x00007fa6f6da1000, 0x00007faf70600000)
   the space 9193796K,  99% used [0x00007fa4c5b50000, 0x00007fa6f6bf99e8, 0x00007fa6f6bf9a00, 0x00007fa6f6da1000)
 Metaspace       used 24231K, capacity 24677K, committed 24832K, reserved 26624K
}
Event: 150693.786 GC heap before
{Heap before GC invocations=116649 (full 1530):
 def new generation   total 4137280K, used 3668356K [0x00007f9f70600000, 0x00007fa088f30000, 0x00007fa4c5b50000)
  eden space 3677632K,  99% used [0x00007f9f70600000, 0x00007fa050186768, 0x00007fa050d70000)
  from space 459648K,   0% used [0x00007fa06ce50000, 0x00007fa06d12aa90, 0x00007fa088f30000)
  to   space 459648K,   0% used [0x00007fa050d70000, 0x00007fa050d70000, 0x00007fa06ce50000)
 tenured generation   total 9193796K, used 9192102K [0x00007fa4c5b50000, 0x00007fa6f6da1000, 0x00007faf70600000)
   the space 9193796K,  99% used [0x00007fa4c5b50000, 0x00007fa6f6bf99e8, 0x00007fa6f6bf9a00, 0x00007fa6f6da1000)
 Metaspace       used 24231K, capacity 24677K, committed 24832K, reserved 26624K
}
Event: 150693.904 GC heap after
{Heap after GC invocations=116650 (full 1530):
 def new generation   total 4137280K, used 264821K [0x00007f9f70600000, 0x00007fa088f30000, 0x00007fa4c5b50000)
  eden space 3677632K,   0% used [0x00007f9f70600000, 0x00007f9f70600000, 0x00007fa050d70000)
  from space 459648K,  57% used [0x00007fa050d70000, 0x00007fa06100d540, 0x00007fa06ce50000)
  to   space 459648K,   0% used [0x00007fa06ce50000, 0x00007fa06ce50000, 0x00007fa088f30000)
 tenured generation   total 9193796K, used 9192302K [0x00007fa4c5b50000, 0x00007fa6f6da1000, 0x00007faf70600000)
   the space 9193796K,  99% used [0x00007fa4c5b50000, 0x00007fa6f6c2b970, 0x00007fa6f6c2ba00, 0x00007fa6f6da1000)
 Metaspace       used 24231K, capacity 24677K, committed 24832K, reserved 26624K
}
Event: 150696.283 GC heap before
{Heap before GC invocations=116650 (full 1530):
 def new generation   total 4137280K, used 3942453K [0x00007f9f70600000, 0x00007fa088f30000, 0x00007fa4c5b50000)
  eden space 3677632K, 100% used [0x00007f9f70600000, 0x00007fa050d70000, 0x00007fa050d70000)
  from space 459648K,  57% used [0x00007fa050d70000, 0x00007fa06100d540, 0x00007fa06ce50000)
  to   space 459648K,   0% used [0x00007fa06ce50000, 0x00007fa06ce50000, 0x00007fa088f30000)
 tenured generation   total 9193796K, used 9192302K [0x00007fa4c5b50000, 0x00007fa6f6da1000, 0x00007faf70600000)
   the space 9193796K,  99% used [0x00007fa4c5b50000, 0x00007fa6f6c2b970, 0x00007fa6f6c2ba00, 0x00007fa6f6da1000)
 Metaspace       used 24231K, capacity 24677K, committed 24832K, reserved 26624K
}
Event: 150696.296 GC heap after
{Heap after GC invocations=116651 (full 1530):
 def new generation   total 4137280K, used 601K [0x00007f9f70600000, 0x00007fa088f30000, 0x00007fa4c5b50000)
  eden space 3677632K,   0% used [0x00007f9f70600000, 0x00007f9f70600000, 0x00007fa050d70000)
  from space 459648K,   0% used [0x00007fa06ce50000, 0x00007fa06cee65c0, 0x00007fa088f30000)
  to   space 459648K,   0% used [0x00007fa050d70000, 0x00007fa050d70000, 0x00007fa06ce50000)
 tenured generation   total 9194756K, used 9194741K [0x00007fa4c5b50000, 0x00007fa6f6e91000, 0x00007faf70600000)
   the space 9194756K,  99% used [0x00007fa4c5b50000, 0x00007fa6f6e8d6e0, 0x00007fa6f6e8d800, 0x00007fa6f6e91000)
 Metaspace       used 24231K, capacity 24677K, committed 24832K, reserved 26624K
}
Event: 150696.296 GC heap before
{Heap before GC invocations=116651 (full 1530):
 def new generation   total 4137280K, used 601K [0x00007f9f70600000, 0x00007fa088f30000, 0x00007fa4c5b50000)
  eden space 3677632K,   0% used [0x00007f9f70600000, 0x00007f9f70600000, 0x00007fa050d70000)
  from space 459648K,   0% used [0x00007fa06ce50000, 0x00007fa06cee65c0, 0x00007fa088f30000)
  to   space 459648K,   0% used [0x00007fa050d70000, 0x00007fa050d70000, 0x00007fa06ce50000)
 tenured generation   total 9194756K, used 9194741K [0x00007fa4c5b50000, 0x00007fa6f6e91000, 0x00007faf70600000)
   the space 9194756K,  99% used [0x00007fa4c5b50000, 0x00007fa6f6e8d6e0, 0x00007fa6f6e8d800, 0x00007fa6f6e91000)
 Metaspace       used 24231K, capacity 24677K, committed 24832K, reserved 26624K
}

