# JRE version: OpenJDK Runtime Environment (13.0.7+5) (build 13.0.7+5-Ubuntu-0ubuntu120.04)
# Java VM: OpenJDK 64-Bit Server VM (13.0.7+5-Ubuntu-0ubuntu120.04, mixed mode, tiered, serial gc, linux-amd64)
Heap:
 def new generation   total 1719424K, used 85287K [0x00007f0ba4600000, 0x00007f0c18fb0000, 0x00007f164f0a0000)
  eden space 1528384K,   5% used [0x00007f0ba4600000, 0x00007f0ba9949d30, 0x00007f0c01a90000)
  from space 191040K,   0% used [0x00007f0c0d520000, 0x00007f0c0d520000, 0x00007f0c18fb0000)
  to   space 191040K,   0% used [0x00007f0c01a90000, 0x00007f0c01a90000, 0x00007f0c0d520000)
 tenured generation   total 3837252K, used 3826532K [0x00007f164f0a0000, 0x00007f17393f1000, 0x00007f2ba4600000)
   the space 3837252K,  99% used [0x00007f164f0a0000, 0x00007f1738979138, 0x00007f1738979200, 0x00007f17393f1000)
 Metaspace       used 24286K, capacity 24645K, committed 24832K, reserved 26624K
GC Heap History (20 events):
Event: 1330.570 GC heap after
{Heap after GC invocations=1394 (full 5):
 def new generation   total 1719424K, used 118173K [0x00007f0ba4600000, 0x00007f0c18fb0000, 0x00007f164f0a0000)
  eden space 1528384K,   0% used [0x00007f0ba4600000, 0x00007f0ba4600000, 0x00007f0c01a90000)
  from space 191040K,  61% used [0x00007f0c01a90000, 0x00007f0c08df77a0, 0x00007f0c0d520000)
  to   space 191040K,   0% used [0x00007f0c0d520000, 0x00007f0c0d520000, 0x00007f0c18fb0000)
 tenured generation   total 3820864K, used 3754561K [0x00007f164f0a0000, 0x00007f17383f0000, 0x00007f2ba4600000)
   the space 3820864K,  98% used [0x00007f164f0a0000, 0x00007f1734330668, 0x00007f1734330800, 0x00007f17383f0000)
 Metaspace       used 24286K, capacity 24645K, committed 24832K, reserved 26624K
}
Event: 1331.999 GC heap before
{Heap before GC invocations=1394 (full 5):
 def new generation   total 1719424K, used 1645772K [0x00007f0ba4600000, 0x00007f0c18fb0000, 0x00007f164f0a0000)
  eden space 1528384K,  99% used [0x00007f0ba4600000, 0x00007f0c019cbbe0, 0x00007f0c01a90000)
  from space 191040K,  61% used [0x00007f0c01a90000, 0x00007f0c08df77a0, 0x00007f0c0d520000)
  to   space 191040K,   0% used [0x00007f0c0d520000, 0x00007f0c0d520000, 0x00007f0c18fb0000)
 tenured generation   total 3820864K, used 3754561K [0x00007f164f0a0000, 0x00007f17383f0000, 0x00007f2ba4600000)
   the space 3820864K,  98% used [0x00007f164f0a0000, 0x00007f1734330668, 0x00007f1734330800, 0x00007f17383f0000)
 Metaspace       used 24286K, capacity 24645K, committed 24832K, reserved 26624K
}
Event: 1332.096 GC heap after
{Heap after GC invocations=1395 (full 5):
 def new generation   total 1719424K, used 71425K [0x00007f0ba4600000, 0x00007f0c18fb0000, 0x00007f164f0a0000)
  eden space 1528384K,   0% used [0x00007f0ba4600000, 0x00007f0ba4600000, 0x00007f0c01a90000)
  from space 191040K,  37% used [0x00007f0c0d520000, 0x00007f0c11ae0500, 0x00007f0c18fb0000)
  to   space 191040K,   0% used [0x00007f0c01a90000, 0x00007f0c01a90000, 0x00007f0c0d520000)
 tenured generation   total 3820864K, used 3788479K [0x00007f164f0a0000, 0x00007f17383f0000, 0x00007f2ba4600000)
   the space 3820864K,  99% used [0x00007f164f0a0000, 0x00007f173644fc38, 0x00007f173644fe00, 0x00007f17383f0000)
 Metaspace       used 24286K, capacity 24645K, committed 24832K, reserved 26624K
}
Event: 1334.077 GC heap before
{Heap before GC invocations=1395 (full 5):
 def new generation   total 1719424K, used 1599809K [0x00007f0ba4600000, 0x00007f0c18fb0000, 0x00007f164f0a0000)
  eden space 1528384K, 100% used [0x00007f0ba4600000, 0x00007f0c01a90000, 0x00007f0c01a90000)
  from space 191040K,  37% used [0x00007f0c0d520000, 0x00007f0c11ae0500, 0x00007f0c18fb0000)
  to   space 191040K,   0% used [0x00007f0c01a90000, 0x00007f0c01a90000, 0x00007f0c0d520000)
 tenured generation   total 3820864K, used 3788479K [0x00007f164f0a0000, 0x00007f17383f0000, 0x00007f2ba4600000)
   the space 3820864K,  99% used [0x00007f164f0a0000, 0x00007f173644fc38, 0x00007f173644fe00, 0x00007f17383f0000)
 Metaspace       used 24286K, capacity 24645K, committed 24832K, reserved 26624K
}
Event: 1334.135 GC heap after
{Heap after GC invocations=1396 (full 5):
 def new generation   total 1719424K, used 80169K [0x00007f0ba4600000, 0x00007f0c18fb0000, 0x00007f164f0a0000)
  eden space 1528384K,   0% used [0x00007f0ba4600000, 0x00007f0ba4600000, 0x00007f0c01a90000)
  from space 191040K,  41% used [0x00007f0c01a90000, 0x00007f0c068da6e8, 0x00007f0c0d520000)
  to   space 191040K,   0% used [0x00007f0c0d520000, 0x00007f0c0d520000, 0x00007f0c18fb0000)
 tenured generation   total 3820864K, used 3788479K [0x00007f164f0a0000, 0x00007f17383f0000, 0x00007f2ba4600000)
   the space 3820864K,  99% used [0x00007f164f0a0000, 0x00007f173644fc38, 0x00007f173644fe00, 0x00007f17383f0000)
 Metaspace       used 24286K, capacity 24645K, committed 24832K, reserved 26624K
}
Event: 1335.665 GC heap before
{Heap before GC invocations=1396 (full 5):
 def new generation   total 1719424K, used 1608553K [0x00007f0ba4600000, 0x00007f0c18fb0000, 0x00007f164f0a0000)
  eden space 1528384K, 100% used [0x00007f0ba4600000, 0x00007f0c01a90000, 0x00007f0c01a90000)
  from space 191040K,  41% used [0x00007f0c01a90000, 0x00007f0c068da6e8, 0x00007f0c0d520000)
  to   space 191040K,   0% used [0x00007f0c0d520000, 0x00007f0c0d520000, 0x00007f0c18fb0000)
 tenured generation   total 3820864K, used 3788479K [0x00007f164f0a0000, 0x00007f17383f0000, 0x00007f2ba4600000)
   the space 3820864K,  99% used [0x00007f164f0a0000, 0x00007f173644fc38, 0x00007f173644fe00, 0x00007f17383f0000)
 Metaspace       used 24286K, capacity 24645K, committed 24832K, reserved 26624K
}
Event: 1335.739 GC heap after
{Heap after GC invocations=1397 (full 5):
 def new generation   total 1719424K, used 85280K [0x00007f0ba4600000, 0x00007f0c18fb0000, 0x00007f164f0a0000)
  eden space 1528384K,   0% used [0x00007f0ba4600000, 0x00007f0ba4600000, 0x00007f0c01a90000)
  from space 191040K,  44% used [0x00007f0c0d520000, 0x00007f0c12868248, 0x00007f0c18fb0000)
  to   space 191040K,   0% used [0x00007f0c01a90000, 0x00007f0c01a90000, 0x00007f0c0d520000)
 tenured generation   total 3820864K, used 3788479K [0x00007f164f0a0000, 0x00007f17383f0000, 0x00007f2ba4600000)
   the space 3820864K,  99% used [0x00007f164f0a0000, 0x00007f173644fc38, 0x00007f173644fe00, 0x00007f17383f0000)
 Metaspace       used 24286K, capacity 24645K, committed 24832K, reserved 26624K
}
Event: 1337.493 GC heap before
{Heap before GC invocations=1397 (full 5):
 def new generation   total 1719424K, used 1613664K [0x00007f0ba4600000, 0x00007f0c18fb0000, 0x00007f164f0a0000)
  eden space 1528384K, 100% used [0x00007f0ba4600000, 0x00007f0c01a90000, 0x00007f0c01a90000)
  from space 191040K,  44% used [0x00007f0c0d520000, 0x00007f0c12868248, 0x00007f0c18fb0000)
  to   space 191040K,   0% used [0x00007f0c01a90000, 0x00007f0c01a90000, 0x00007f0c0d520000)
 tenured generation   total 3820864K, used 3788479K [0x00007f164f0a0000, 0x00007f17383f0000, 0x00007f2ba4600000)
   the space 3820864K,  99% used [0x00007f164f0a0000, 0x00007f173644fc38, 0x00007f173644fe00, 0x00007f17383f0000)
 Metaspace       used 24286K, capacity 24645K, committed 24832K, reserved 26624K
}
Event: 1337.559 GC heap after
{Heap after GC invocations=1398 (full 5):
 def new generation   total 1719424K, used 90951K [0x00007f0ba4600000, 0x00007f0c18fb0000, 0x00007f164f0a0000)
  eden space 1528384K,   0% used [0x00007f0ba4600000, 0x00007f0ba4600000, 0x00007f0c01a90000)
  from space 191040K,  47% used [0x00007f0c01a90000, 0x00007f0c07361c98, 0x00007f0c0d520000)
  to   space 191040K,   0% used [0x00007f0c0d520000, 0x00007f0c0d520000, 0x00007f0c18fb0000)
 tenured generation   total 3820864K, used 3788479K [0x00007f164f0a0000, 0x00007f17383f0000, 0x00007f2ba4600000)
   the space 3820864K,  99% used [0x00007f164f0a0000, 0x00007f173644fc38, 0x00007f173644fe00, 0x00007f17383f0000)
 Metaspace       used 24286K, capacity 24645K, committed 24832K, reserved 26624K
}
Event: 1339.413 GC heap before
{Heap before GC invocations=1398 (full 5):
 def new generation   total 1719424K, used 1619335K [0x00007f0ba4600000, 0x00007f0c18fb0000, 0x00007f164f0a0000)
  eden space 1528384K, 100% used [0x00007f0ba4600000, 0x00007f0c01a90000, 0x00007f0c01a90000)
  from space 191040K,  47% used [0x00007f0c01a90000, 0x00007f0c07361c98, 0x00007f0c0d520000)
  to   space 191040K,   0% used [0x00007f0c0d520000, 0x00007f0c0d520000, 0x00007f0c18fb0000)
 tenured generation   total 3820864K, used 3788479K [0x00007f164f0a0000, 0x00007f17383f0000, 0x00007f2ba4600000)
   the space 3820864K,  99% used [0x00007f164f0a0000, 0x00007f173644fc38, 0x00007f173644fe00, 0x00007f17383f0000)
 Metaspace       used 24286K, capacity 24645K, committed 24832K, reserved 26624K
}
Event: 1339.493 GC heap after
{Heap after GC invocations=1399 (full 5):
 def new generation   total 1719424K, used 100195K [0x00007f0ba4600000, 0x00007f0c18fb0000, 0x00007f164f0a0000)
  eden space 1528384K,   0% used [0x00007f0ba4600000, 0x00007f0ba4600000, 0x00007f0c01a90000)
  from space 191040K,  52% used [0x00007f0c0d520000, 0x00007f0c136f8f98, 0x00007f0c18fb0000)
  to   space 191040K,   0% used [0x00007f0c01a90000, 0x00007f0c01a90000, 0x00007f0c0d520000)
 tenured generation   total 3820864K, used 3788479K [0x00007f164f0a0000, 0x00007f17383f0000, 0x00007f2ba4600000)
   the space 3820864K,  99% used [0x00007f164f0a0000, 0x00007f173644fc38, 0x00007f173644fe00, 0x00007f17383f0000)
 Metaspace       used 24286K, capacity 24645K, committed 24832K, reserved 26624K
}
Event: 1340.966 GC heap before
{Heap before GC invocations=1399 (full 5):
 def new generation   total 1719424K, used 1628221K [0x00007f0ba4600000, 0x00007f0c18fb0000, 0x00007f164f0a0000)
  eden space 1528384K,  99% used [0x00007f0ba4600000, 0x00007f0c01a36688, 0x00007f0c01a90000)
  from space 191040K,  52% used [0x00007f0c0d520000, 0x00007f0c136f8f98, 0x00007f0c18fb0000)
  to   space 191040K,   0% used [0x00007f0c01a90000, 0x00007f0c01a90000, 0x00007f0c0d520000)
 tenured generation   total 3820864K, used 3788479K [0x00007f164f0a0000, 0x00007f17383f0000, 0x00007f2ba4600000)
   the space 3820864K,  99% used [0x00007f164f0a0000, 0x00007f173644fc38, 0x00007f173644fe00, 0x00007f17383f0000)
 Metaspace       used 24286K, capacity 24645K, committed 24832K, reserved 26624K
}
Event: 1341.043 GC heap after
{Heap after GC invocations=1400 (full 5):
 def new generation   total 1719424K, used 94569K [0x00007f0ba4600000, 0x00007f0c18fb0000, 0x00007f164f0a0000)
  eden space 1528384K,   0% used [0x00007f0ba4600000, 0x00007f0ba4600000, 0x00007f0c01a90000)
  from space 191040K,  49% used [0x00007f0c01a90000, 0x00007f0c076ea728, 0x00007f0c0d520000)
  to   space 191040K,   0% used [0x00007f0c0d520000, 0x00007f0c0d520000, 0x00007f0c18fb0000)
 tenured generation   total 3820864K, used 3805437K [0x00007f164f0a0000, 0x00007f17383f0000, 0x00007f2ba4600000)
   the space 3820864K,  99% used [0x00007f164f0a0000, 0x00007f17374df720, 0x00007f17374df800, 0x00007f17383f0000)
 Metaspace       used 24286K, capacity 24645K, committed 24832K, reserved 26624K
}
Event: 1342.978 GC heap before
{Heap before GC invocations=1400 (full 5):
 def new generation   total 1719424K, used 1622953K [0x00007f0ba4600000, 0x00007f0c18fb0000, 0x00007f164f0a0000)
  eden space 1528384K, 100% used [0x00007f0ba4600000, 0x00007f0c01a90000, 0x00007f0c01a90000)
  from space 191040K,  49% used [0x00007f0c01a90000, 0x00007f0c076ea728, 0x00007f0c0d520000)
  to   space 191040K,   0% used [0x00007f0c0d520000, 0x00007f0c0d520000, 0x00007f0c18fb0000)
 tenured generation   total 3820864K, used 3805437K [0x00007f164f0a0000, 0x00007f17383f0000, 0x00007f2ba4600000)
   the space 3820864K,  99% used [0x00007f164f0a0000, 0x00007f17374df720, 0x00007f17374df800, 0x00007f17383f0000)
 Metaspace       used 24286K, capacity 24645K, committed 24832K, reserved 26624K
}
Event: 1343.039 GC heap after
{Heap after GC invocations=1401 (full 5):
 def new generation   total 1719424K, used 95078K [0x00007f0ba4600000, 0x00007f0c18fb0000, 0x00007f164f0a0000)
  eden space 1528384K,   0% used [0x00007f0ba4600000, 0x00007f0ba4600000, 0x00007f0c01a90000)
  from space 191040K,  49% used [0x00007f0c0d520000, 0x00007f0c131f9ae8, 0x00007f0c18fb0000)
  to   space 191040K,   0% used [0x00007f0c01a90000, 0x00007f0c01a90000, 0x00007f0c0d520000)
 tenured generation   total 3820864K, used 3805437K [0x00007f164f0a0000, 0x00007f17383f0000, 0x00007f2ba4600000)
   the space 3820864K,  99% used [0x00007f164f0a0000, 0x00007f17374df720, 0x00007f17374df800, 0x00007f17383f0000)
 Metaspace       used 24286K, capacity 24645K, committed 24832K, reserved 26624K
}
Event: 1344.739 GC heap before
{Heap before GC invocations=1401 (full 5):
 def new generation   total 1719424K, used 1623462K [0x00007f0ba4600000, 0x00007f0c18fb0000, 0x00007f164f0a0000)
  eden space 1528384K, 100% used [0x00007f0ba4600000, 0x00007f0c01a90000, 0x00007f0c01a90000)
  from space 191040K,  49% used [0x00007f0c0d520000, 0x00007f0c131f9ae8, 0x00007f0c18fb0000)
  to   space 191040K,   0% used [0x00007f0c01a90000, 0x00007f0c01a90000, 0x00007f0c0d520000)
 tenured generation   total 3820864K, used 3805437K [0x00007f164f0a0000, 0x00007f17383f0000, 0x00007f2ba4600000)
   the space 3820864K,  99% used [0x00007f164f0a0000, 0x00007f17374df720, 0x00007f17374df800, 0x00007f17383f0000)
 Metaspace       used 24286K, capacity 24645K, committed 24832K, reserved 26624K
}
Event: 1344.809 GC heap after
{Heap after GC invocations=1402 (full 5):
 def new generation   total 1719424K, used 102239K [0x00007f0ba4600000, 0x00007f0c18fb0000, 0x00007f164f0a0000)
  eden space 1528384K,   0% used [0x00007f0ba4600000, 0x00007f0ba4600000, 0x00007f0c01a90000)
  from space 191040K,  53% used [0x00007f0c01a90000, 0x00007f0c07e67e18, 0x00007f0c0d520000)
  to   space 191040K,   0% used [0x00007f0c0d520000, 0x00007f0c0d520000, 0x00007f0c18fb0000)
 tenured generation   total 3820864K, used 3805437K [0x00007f164f0a0000, 0x00007f17383f0000, 0x00007f2ba4600000)
   the space 3820864K,  99% used [0x00007f164f0a0000, 0x00007f17374df720, 0x00007f17374df800, 0x00007f17383f0000)
 Metaspace       used 24286K, capacity 24645K, committed 24832K, reserved 26624K
}
Event: 1346.479 GC heap before
{Heap before GC invocations=1402 (full 5):
 def new generation   total 1719424K, used 1630623K [0x00007f0ba4600000, 0x00007f0c18fb0000, 0x00007f164f0a0000)
  eden space 1528384K, 100% used [0x00007f0ba4600000, 0x00007f0c01a90000, 0x00007f0c01a90000)
  from space 191040K,  53% used [0x00007f0c01a90000, 0x00007f0c07e67e18, 0x00007f0c0d520000)
  to   space 191040K,   0% used [0x00007f0c0d520000, 0x00007f0c0d520000, 0x00007f0c18fb0000)
 tenured generation   total 3820864K, used 3805437K [0x00007f164f0a0000, 0x00007f17383f0000, 0x00007f2ba4600000)
   the space 3820864K,  99% used [0x00007f164f0a0000, 0x00007f17374df720, 0x00007f17374df800, 0x00007f17383f0000)
 Metaspace       used 24286K, capacity 24645K, committed 24832K, reserved 26624K
}
Event: 1346.568 GC heap after
{Heap after GC invocations=1403 (full 5):
 def new generation   total 1719424K, used 89423K [0x00007f0ba4600000, 0x00007f0c18fb0000, 0x00007f164f0a0000)
  eden space 1528384K,   0% used [0x00007f0ba4600000, 0x00007f0ba4600000, 0x00007f0c01a90000)
  from space 191040K,  46% used [0x00007f0c0d520000, 0x00007f0c12c73c60, 0x00007f0c18fb0000)
  to   space 191040K,   0% used [0x00007f0c01a90000, 0x00007f0c01a90000, 0x00007f0c0d520000)
 tenured generation   total 3837252K, used 3822396K [0x00007f164f0a0000, 0x00007f17393f1000, 0x00007f2ba4600000)
   the space 3837252K,  99% used [0x00007f164f0a0000, 0x00007f173856f208, 0x00007f173856f400, 0x00007f17393f1000)
 Metaspace       used 24286K, capacity 24645K, committed 24832K, reserved 26624K
}
Event: 1346.568 GC heap before
{Heap before GC invocations=1403 (full 5):
 def new generation   total 1719424K, used 89423K [0x00007f0ba4600000, 0x00007f0c18fb0000, 0x00007f164f0a0000)
  eden space 1528384K,   0% used [0x00007f0ba4600000, 0x00007f0ba4600000, 0x00007f0c01a90000)
  from space 191040K,  46% used [0x00007f0c0d520000, 0x00007f0c12c73c60, 0x00007f0c18fb0000)
  to   space 191040K,   0% used [0x00007f0c01a90000, 0x00007f0c01a90000, 0x00007f0c0d520000)
 tenured generation   total 3837252K, used 3822396K [0x00007f164f0a0000, 0x00007f17393f1000, 0x00007f2ba4600000)
   the space 3837252K,  99% used [0x00007f164f0a0000, 0x00007f173856f208, 0x00007f173856f400, 0x00007f17393f1000)
 Metaspace       used 24286K, capacity 24645K, committed 24832K, reserved 26624K
}

