# JRE version: OpenJDK Runtime Environment (13.0.7+5) (build 13.0.7+5-Ubuntu-0ubuntu120.04)
# Java VM: OpenJDK 64-Bit Server VM (13.0.7+5-Ubuntu-0ubuntu120.04, mixed mode, tiered, serial gc, linux-amd64)
Heap:
 def new generation   total 4577216K, used 0K [0x00007edbf8600000, 0x00007edd2ec90000, 0x00007ee6a30a0000)
  eden space 4068672K,   0% used [0x00007edbf8600000, 0x00007edbf8600000, 0x00007edcf0b50000)
  from space 508544K,   0% used [0x00007edd0fbf0000, 0x00007edd0fbf0000, 0x00007edd2ec90000)
  to   space 508544K,   0% used [0x00007edcf0b50000, 0x00007edcf0b50000, 0x00007edd0fbf0000)
 tenured generation   total 10187804K, used 10024297K [0x00007ee6a30a0000, 0x00007ee910da7000, 0x00007efbf8600000)
   the space 10187804K,  98% used [0x00007ee6a30a0000, 0x00007ee906dfa4d0, 0x00007ee906dfa600, 0x00007ee910da7000)
 Metaspace       used 24293K, capacity 24707K, committed 24832K, reserved 26624K
GC Heap History (20 events):
Event: 4787.860 GC heap after
{Heap after GC invocations=2950 (full 7):
 def new generation   total 4577216K, used 153673K [0x00007edbf8600000, 0x00007edd2ec90000, 0x00007ee6a30a0000)
  eden space 4068672K,   0% used [0x00007edbf8600000, 0x00007edbf8600000, 0x00007edcf0b50000)
  from space 508544K,  30% used [0x00007edcf0b50000, 0x00007edcfa162510, 0x00007edd0fbf0000)
  to   space 508544K,   0% used [0x00007edd0fbf0000, 0x00007edd0fbf0000, 0x00007edd2ec90000)
 tenured generation   total 10171416K, used 10097187K [0x00007ee6a30a0000, 0x00007ee90fda6000, 0x00007efbf8600000)
   the space 10171416K,  99% used [0x00007ee6a30a0000, 0x00007ee90b528fa0, 0x00007ee90b529000, 0x00007ee90fda6000)
 Metaspace       used 24293K, capacity 24707K, committed 24832K, reserved 26624K
}
Event: 4792.117 GC heap before
{Heap before GC invocations=2950 (full 7):
 def new generation   total 4577216K, used 4214205K [0x00007edbf8600000, 0x00007edd2ec90000, 0x00007ee6a30a0000)
  eden space 4068672K,  99% used [0x00007edbf8600000, 0x00007edcf035d2c8, 0x00007edcf0b50000)
  from space 508544K,  30% used [0x00007edcf0b50000, 0x00007edcfa162510, 0x00007edd0fbf0000)
  to   space 508544K,   0% used [0x00007edd0fbf0000, 0x00007edd0fbf0000, 0x00007edd2ec90000)
 tenured generation   total 10171416K, used 10097187K [0x00007ee6a30a0000, 0x00007ee90fda6000, 0x00007efbf8600000)
   the space 10171416K,  99% used [0x00007ee6a30a0000, 0x00007ee90b528fa0, 0x00007ee90b529000, 0x00007ee90fda6000)
 Metaspace       used 24293K, capacity 24707K, committed 24832K, reserved 26624K
}
Event: 4792.236 GC heap after
{Heap after GC invocations=2951 (full 7):
 def new generation   total 4577216K, used 149570K [0x00007edbf8600000, 0x00007edd2ec90000, 0x00007ee6a30a0000)
  eden space 4068672K,   0% used [0x00007edbf8600000, 0x00007edbf8600000, 0x00007edcf0b50000)
  from space 508544K,  29% used [0x00007edd0fbf0000, 0x00007edd18e00b38, 0x00007edd2ec90000)
  to   space 508544K,   0% used [0x00007edcf0b50000, 0x00007edcf0b50000, 0x00007edd0fbf0000)
 tenured generation   total 10171416K, used 10114147K [0x00007ee6a30a0000, 0x00007ee90fda6000, 0x00007efbf8600000)
   the space 10171416K,  99% used [0x00007ee6a30a0000, 0x00007ee90c5b8f98, 0x00007ee90c5b9000, 0x00007ee90fda6000)
 Metaspace       used 24293K, capacity 24707K, committed 24832K, reserved 26624K
}
Event: 4795.586 GC heap before
{Heap before GC invocations=2951 (full 7):
 def new generation   total 4577216K, used 4218242K [0x00007edbf8600000, 0x00007edd2ec90000, 0x00007ee6a30a0000)
  eden space 4068672K, 100% used [0x00007edbf8600000, 0x00007edcf0b50000, 0x00007edcf0b50000)
  from space 508544K,  29% used [0x00007edd0fbf0000, 0x00007edd18e00b38, 0x00007edd2ec90000)
  to   space 508544K,   0% used [0x00007edcf0b50000, 0x00007edcf0b50000, 0x00007edd0fbf0000)
 tenured generation   total 10171416K, used 10114147K [0x00007ee6a30a0000, 0x00007ee90fda6000, 0x00007efbf8600000)
   the space 10171416K,  99% used [0x00007ee6a30a0000, 0x00007ee90c5b8f98, 0x00007ee90c5b9000, 0x00007ee90fda6000)
 Metaspace       used 24293K, capacity 24707K, committed 24832K, reserved 26624K
}
Event: 4795.698 GC heap after
{Heap after GC invocations=2952 (full 7):
 def new generation   total 4577216K, used 152646K [0x00007edbf8600000, 0x00007edd2ec90000, 0x00007ee6a30a0000)
  eden space 4068672K,   0% used [0x00007edbf8600000, 0x00007edbf8600000, 0x00007edcf0b50000)
  from space 508544K,  30% used [0x00007edcf0b50000, 0x00007edcfa061a00, 0x00007edd0fbf0000)
  to   space 508544K,   0% used [0x00007edd0fbf0000, 0x00007edd0fbf0000, 0x00007edd2ec90000)
 tenured generation   total 10171416K, used 10114147K [0x00007ee6a30a0000, 0x00007ee90fda6000, 0x00007efbf8600000)
   the space 10171416K,  99% used [0x00007ee6a30a0000, 0x00007ee90c5b8f98, 0x00007ee90c5b9000, 0x00007ee90fda6000)
 Metaspace       used 24293K, capacity 24707K, committed 24832K, reserved 26624K
}
Event: 4800.302 GC heap before
{Heap before GC invocations=2952 (full 7):
 def new generation   total 4577216K, used 4221318K [0x00007edbf8600000, 0x00007edd2ec90000, 0x00007ee6a30a0000)
  eden space 4068672K, 100% used [0x00007edbf8600000, 0x00007edcf0b50000, 0x00007edcf0b50000)
  from space 508544K,  30% used [0x00007edcf0b50000, 0x00007edcfa061a00, 0x00007edd0fbf0000)
  to   space 508544K,   0% used [0x00007edd0fbf0000, 0x00007edd0fbf0000, 0x00007edd2ec90000)
 tenured generation   total 10171416K, used 10114147K [0x00007ee6a30a0000, 0x00007ee90fda6000, 0x00007efbf8600000)
   the space 10171416K,  99% used [0x00007ee6a30a0000, 0x00007ee90c5b8f98, 0x00007ee90c5b9000, 0x00007ee90fda6000)
 Metaspace       used 24293K, capacity 24707K, committed 24832K, reserved 26624K
}
Event: 4800.450 GC heap after
{Heap after GC invocations=2953 (full 7):
 def new generation   total 4577216K, used 166002K [0x00007edbf8600000, 0x00007edd2ec90000, 0x00007ee6a30a0000)
  eden space 4068672K,   0% used [0x00007edbf8600000, 0x00007edbf8600000, 0x00007edcf0b50000)
  from space 508544K,  32% used [0x00007edd0fbf0000, 0x00007edd19e0c810, 0x00007edd2ec90000)
  to   space 508544K,   0% used [0x00007edcf0b50000, 0x00007edcf0b50000, 0x00007edd0fbf0000)
 tenured generation   total 10171416K, used 10131108K [0x00007ee6a30a0000, 0x00007ee90fda6000, 0x00007efbf8600000)
   the space 10171416K,  99% used [0x00007ee6a30a0000, 0x00007ee90d649310, 0x00007ee90d649400, 0x00007ee90fda6000)
 Metaspace       used 24293K, capacity 24707K, committed 24832K, reserved 26624K
}
Event: 4803.896 GC heap before
{Heap before GC invocations=2953 (full 7):
 def new generation   total 4577216K, used 4234674K [0x00007edbf8600000, 0x00007edd2ec90000, 0x00007ee6a30a0000)
  eden space 4068672K, 100% used [0x00007edbf8600000, 0x00007edcf0b50000, 0x00007edcf0b50000)
  from space 508544K,  32% used [0x00007edd0fbf0000, 0x00007edd19e0c810, 0x00007edd2ec90000)
  to   space 508544K,   0% used [0x00007edcf0b50000, 0x00007edcf0b50000, 0x00007edd0fbf0000)
 tenured generation   total 10171416K, used 10131108K [0x00007ee6a30a0000, 0x00007ee90fda6000, 0x00007efbf8600000)
   the space 10171416K,  99% used [0x00007ee6a30a0000, 0x00007ee90d649310, 0x00007ee90d649400, 0x00007ee90fda6000)
 Metaspace       used 24293K, capacity 24707K, committed 24832K, reserved 26624K
}
Event: 4804.007 GC heap after
{Heap after GC invocations=2954 (full 7):
 def new generation   total 4577216K, used 152649K [0x00007edbf8600000, 0x00007edd2ec90000, 0x00007ee6a30a0000)
  eden space 4068672K,   0% used [0x00007edbf8600000, 0x00007edbf8600000, 0x00007edcf0b50000)
  from space 508544K,  30% used [0x00007edcf0b50000, 0x00007edcfa062700, 0x00007edd0fbf0000)
  to   space 508544K,   0% used [0x00007edd0fbf0000, 0x00007edd0fbf0000, 0x00007edd2ec90000)
 tenured generation   total 10171416K, used 10131108K [0x00007ee6a30a0000, 0x00007ee90fda6000, 0x00007efbf8600000)
   the space 10171416K,  99% used [0x00007ee6a30a0000, 0x00007ee90d649310, 0x00007ee90d649400, 0x00007ee90fda6000)
 Metaspace       used 24293K, capacity 24707K, committed 24832K, reserved 26624K
}
Event: 4808.397 GC heap before
{Heap before GC invocations=2954 (full 7):
 def new generation   total 4577216K, used 4218118K [0x00007edbf8600000, 0x00007edd2ec90000, 0x00007ee6a30a0000)
  eden space 4068672K,  99% used [0x00007edbf8600000, 0x00007edcf082f1f8, 0x00007edcf0b50000)
  from space 508544K,  30% used [0x00007edcf0b50000, 0x00007edcfa062700, 0x00007edd0fbf0000)
  to   space 508544K,   0% used [0x00007edd0fbf0000, 0x00007edd0fbf0000, 0x00007edd2ec90000)
 tenured generation   total 10171416K, used 10131108K [0x00007ee6a30a0000, 0x00007ee90fda6000, 0x00007efbf8600000)
   the space 10171416K,  99% used [0x00007ee6a30a0000, 0x00007ee90d649310, 0x00007ee90d649400, 0x00007ee90fda6000)
 Metaspace       used 24293K, capacity 24707K, committed 24832K, reserved 26624K
}
Event: 4808.592 GC heap after
{Heap after GC invocations=2955 (full 7):
 def new generation   total 4577216K, used 163950K [0x00007edbf8600000, 0x00007edd2ec90000, 0x00007ee6a30a0000)
  eden space 4068672K,   0% used [0x00007edbf8600000, 0x00007edbf8600000, 0x00007edcf0b50000)
  from space 508544K,  32% used [0x00007edd0fbf0000, 0x00007edd19c0b930, 0x00007edd2ec90000)
  to   space 508544K,   0% used [0x00007edcf0b50000, 0x00007edcf0b50000, 0x00007edd0fbf0000)
 tenured generation   total 10171416K, used 10148068K [0x00007ee6a30a0000, 0x00007ee90fda6000, 0x00007efbf8600000)
   the space 10171416K,  99% used [0x00007ee6a30a0000, 0x00007ee90e6d9308, 0x00007ee90e6d9400, 0x00007ee90fda6000)
 Metaspace       used 24293K, capacity 24707K, committed 24832K, reserved 26624K
}
Event: 4811.870 GC heap before
{Heap before GC invocations=2955 (full 7):
 def new generation   total 4577216K, used 4232622K [0x00007edbf8600000, 0x00007edd2ec90000, 0x00007ee6a30a0000)
  eden space 4068672K, 100% used [0x00007edbf8600000, 0x00007edcf0b50000, 0x00007edcf0b50000)
  from space 508544K,  32% used [0x00007edd0fbf0000, 0x00007edd19c0b930, 0x00007edd2ec90000)
  to   space 508544K,   0% used [0x00007edcf0b50000, 0x00007edcf0b50000, 0x00007edd0fbf0000)
 tenured generation   total 10171416K, used 10148068K [0x00007ee6a30a0000, 0x00007ee90fda6000, 0x00007efbf8600000)
   the space 10171416K,  99% used [0x00007ee6a30a0000, 0x00007ee90e6d9308, 0x00007ee90e6d9400, 0x00007ee90fda6000)
 Metaspace       used 24293K, capacity 24707K, committed 24832K, reserved 26624K
}
Event: 4811.981 GC heap after
{Heap after GC invocations=2956 (full 7):
 def new generation   total 4577216K, used 153144K [0x00007edbf8600000, 0x00007edd2ec90000, 0x00007ee6a30a0000)
  eden space 4068672K,   0% used [0x00007edbf8600000, 0x00007edbf8600000, 0x00007edcf0b50000)
  from space 508544K,  30% used [0x00007edcf0b50000, 0x00007edcfa0de028, 0x00007edd0fbf0000)
  to   space 508544K,   0% used [0x00007edd0fbf0000, 0x00007edd0fbf0000, 0x00007edd2ec90000)
 tenured generation   total 10171416K, used 10148068K [0x00007ee6a30a0000, 0x00007ee90fda6000, 0x00007efbf8600000)
   the space 10171416K,  99% used [0x00007ee6a30a0000, 0x00007ee90e6d9308, 0x00007ee90e6d9400, 0x00007ee90fda6000)
 Metaspace       used 24293K, capacity 24707K, committed 24832K, reserved 26624K
}
Event: 4816.163 GC heap before
{Heap before GC invocations=2956 (full 7):
 def new generation   total 4577216K, used 4221816K [0x00007edbf8600000, 0x00007edd2ec90000, 0x00007ee6a30a0000)
  eden space 4068672K, 100% used [0x00007edbf8600000, 0x00007edcf0b50000, 0x00007edcf0b50000)
  from space 508544K,  30% used [0x00007edcf0b50000, 0x00007edcfa0de028, 0x00007edd0fbf0000)
  to   space 508544K,   0% used [0x00007edd0fbf0000, 0x00007edd0fbf0000, 0x00007edd2ec90000)
 tenured generation   total 10171416K, used 10148068K [0x00007ee6a30a0000, 0x00007ee90fda6000, 0x00007efbf8600000)
   the space 10171416K,  99% used [0x00007ee6a30a0000, 0x00007ee90e6d9308, 0x00007ee90e6d9400, 0x00007ee90fda6000)
 Metaspace       used 24293K, capacity 24707K, committed 24832K, reserved 26624K
}
Event: 4816.280 GC heap after
{Heap after GC invocations=2957 (full 7):
 def new generation   total 4577216K, used 145977K [0x00007edbf8600000, 0x00007edd2ec90000, 0x00007ee6a30a0000)
  eden space 4068672K,   0% used [0x00007edbf8600000, 0x00007edbf8600000, 0x00007edcf0b50000)
  from space 508544K,  28% used [0x00007edd0fbf0000, 0x00007edd18a7e4d0, 0x00007edd2ec90000)
  to   space 508544K,   0% used [0x00007edcf0b50000, 0x00007edcf0b50000, 0x00007edd0fbf0000)
 tenured generation   total 10171416K, used 10165028K [0x00007ee6a30a0000, 0x00007ee90fda6000, 0x00007efbf8600000)
   the space 10171416K,  99% used [0x00007ee6a30a0000, 0x00007ee90f769300, 0x00007ee90f769400, 0x00007ee90fda6000)
 Metaspace       used 24293K, capacity 24707K, committed 24832K, reserved 26624K
}
Event: 4819.646 GC heap before
{Heap before GC invocations=2957 (full 7):
 def new generation   total 4577216K, used 4214649K [0x00007edbf8600000, 0x00007edd2ec90000, 0x00007ee6a30a0000)
  eden space 4068672K, 100% used [0x00007edbf8600000, 0x00007edcf0b50000, 0x00007edcf0b50000)
  from space 508544K,  28% used [0x00007edd0fbf0000, 0x00007edd18a7e4d0, 0x00007edd2ec90000)
  to   space 508544K,   0% used [0x00007edcf0b50000, 0x00007edcf0b50000, 0x00007edd0fbf0000)
 tenured generation   total 10171416K, used 10165028K [0x00007ee6a30a0000, 0x00007ee90fda6000, 0x00007efbf8600000)
   the space 10171416K,  99% used [0x00007ee6a30a0000, 0x00007ee90f769300, 0x00007ee90f769400, 0x00007ee90fda6000)
 Metaspace       used 24293K, capacity 24707K, committed 24832K, reserved 26624K
}
Event: 4819.764 GC heap after
{Heap after GC invocations=2958 (full 7):
 def new generation   total 4577216K, used 152642K [0x00007edbf8600000, 0x00007edd2ec90000, 0x00007ee6a30a0000)
  eden space 4068672K,   0% used [0x00007edbf8600000, 0x00007edbf8600000, 0x00007edcf0b50000)
  from space 508544K,  30% used [0x00007edcf0b50000, 0x00007edcfa060aa8, 0x00007edd0fbf0000)
  to   space 508544K,   0% used [0x00007edd0fbf0000, 0x00007edd0fbf0000, 0x00007edd2ec90000)
 tenured generation   total 10171416K, used 10165028K [0x00007ee6a30a0000, 0x00007ee90fda6000, 0x00007efbf8600000)
   the space 10171416K,  99% used [0x00007ee6a30a0000, 0x00007ee90f769300, 0x00007ee90f769400, 0x00007ee90fda6000)
 Metaspace       used 24293K, capacity 24707K, committed 24832K, reserved 26624K
}
Event: 4823.904 GC heap before
{Heap before GC invocations=2958 (full 7):
 def new generation   total 4577216K, used 4221314K [0x00007edbf8600000, 0x00007edd2ec90000, 0x00007ee6a30a0000)
  eden space 4068672K, 100% used [0x00007edbf8600000, 0x00007edcf0b50000, 0x00007edcf0b50000)
  from space 508544K,  30% used [0x00007edcf0b50000, 0x00007edcfa060aa8, 0x00007edd0fbf0000)
  to   space 508544K,   0% used [0x00007edd0fbf0000, 0x00007edd0fbf0000, 0x00007edd2ec90000)
 tenured generation   total 10171416K, used 10165028K [0x00007ee6a30a0000, 0x00007ee90fda6000, 0x00007efbf8600000)
   the space 10171416K,  99% used [0x00007ee6a30a0000, 0x00007ee90f769300, 0x00007ee90f769400, 0x00007ee90fda6000)
 Metaspace       used 24293K, capacity 24707K, committed 24832K, reserved 26624K
}
Event: 4824.017 GC heap after
{Heap after GC invocations=2959 (full 7):
 def new generation   total 4577216K, used 144950K [0x00007edbf8600000, 0x00007edd2ec90000, 0x00007ee6a30a0000)
  eden space 4068672K,   0% used [0x00007edbf8600000, 0x00007edbf8600000, 0x00007edcf0b50000)
  from space 508544K,  28% used [0x00007edd0fbf0000, 0x00007edd1897da18, 0x00007edd2ec90000)
  to   space 508544K,   0% used [0x00007edcf0b50000, 0x00007edcf0b50000, 0x00007edd0fbf0000)
 tenured generation   total 10187804K, used 10181988K [0x00007ee6a30a0000, 0x00007ee910da7000, 0x00007efbf8600000)
   the space 10187804K,  99% used [0x00007ee6a30a0000, 0x00007ee9107f92f8, 0x00007ee9107f9400, 0x00007ee910da7000)
 Metaspace       used 24293K, capacity 24707K, committed 24832K, reserved 26624K
}
Event: 4824.017 GC heap before
{Heap before GC invocations=2959 (full 7):
 def new generation   total 4577216K, used 144950K [0x00007edbf8600000, 0x00007edd2ec90000, 0x00007ee6a30a0000)
  eden space 4068672K,   0% used [0x00007edbf8600000, 0x00007edbf8600000, 0x00007edcf0b50000)
  from space 508544K,  28% used [0x00007edd0fbf0000, 0x00007edd1897da18, 0x00007edd2ec90000)
  to   space 508544K,   0% used [0x00007edcf0b50000, 0x00007edcf0b50000, 0x00007edd0fbf0000)
 tenured generation   total 10187804K, used 10181988K [0x00007ee6a30a0000, 0x00007ee910da7000, 0x00007efbf8600000)
   the space 10187804K,  99% used [0x00007ee6a30a0000, 0x00007ee9107f92f8, 0x00007ee9107f9400, 0x00007ee910da7000)
 Metaspace       used 24293K, capacity 24707K, committed 24832K, reserved 26624K
}

