# JRE version: OpenJDK Runtime Environment (13.0.7+5) (build 13.0.7+5-Ubuntu-0ubuntu120.04)
# Java VM: OpenJDK 64-Bit Server VM (13.0.7+5-Ubuntu-0ubuntu120.04, mixed mode, tiered, serial gc, linux-amd64)
Heap:
 def new generation   total 1048832K, used 13943K [0x00007f2080600000, 0x00007f20c7800000, 0x00007f25d5b50000)
  eden space 932352K,   1% used [0x00007f2080600000, 0x00007f208139ded8, 0x00007f20b9480000)
  from space 116480K,   0% used [0x00007f20b9480000, 0x00007f20b9480000, 0x00007f20c0640000)
  to   space 116480K,   0% used [0x00007f20c0640000, 0x00007f20c0640000, 0x00007f20c7800000)
 tenured generation   total 2330560K, used 2330556K [0x00007f25d5b50000, 0x00007f2663f40000, 0x00007f3080600000)
   the space 2330560K,  99% used [0x00007f25d5b50000, 0x00007f2663f3f080, 0x00007f2663f3f200, 0x00007f2663f40000)
 Metaspace       used 24216K, capacity 24641K, committed 24832K, reserved 26624K
GC Heap History (20 events):
Event: 2676.887 GC heap after
{Heap after GC invocations=4856 (full 2):
 def new generation   total 1048832K, used 18720K [0x00007f2080600000, 0x00007f20c7800000, 0x00007f25d5b50000)
  eden space 932352K,   0% used [0x00007f2080600000, 0x00007f2080600000, 0x00007f20b9480000)
  from space 116480K,  16% used [0x00007f20c0640000, 0x00007f20c18880b0, 0x00007f20c7800000)
  to   space 116480K,   0% used [0x00007f20b9480000, 0x00007f20b9480000, 0x00007f20c0640000)
 tenured generation   total 2330560K, used 2321857K [0x00007f25d5b50000, 0x00007f2663f40000, 0x00007f3080600000)
   the space 2330560K,  99% used [0x00007f25d5b50000, 0x00007f26636c0660, 0x00007f26636c0800, 0x00007f2663f40000)
 Metaspace       used 24216K, capacity 24641K, committed 24832K, reserved 26624K
}
Event: 2677.578 GC heap before
{Heap before GC invocations=4856 (full 2):
 def new generation   total 1048832K, used 951072K [0x00007f2080600000, 0x00007f20c7800000, 0x00007f25d5b50000)
  eden space 932352K, 100% used [0x00007f2080600000, 0x00007f20b9480000, 0x00007f20b9480000)
  from space 116480K,  16% used [0x00007f20c0640000, 0x00007f20c18880b0, 0x00007f20c7800000)
  to   space 116480K,   0% used [0x00007f20b9480000, 0x00007f20b9480000, 0x00007f20c0640000)
 tenured generation   total 2330560K, used 2321857K [0x00007f25d5b50000, 0x00007f2663f40000, 0x00007f3080600000)
   the space 2330560K,  99% used [0x00007f25d5b50000, 0x00007f26636c0660, 0x00007f26636c0800, 0x00007f2663f40000)
 Metaspace       used 24216K, capacity 24641K, committed 24832K, reserved 26624K
}
Event: 2677.602 GC heap after
{Heap after GC invocations=4857 (full 2):
 def new generation   total 1048832K, used 19521K [0x00007f2080600000, 0x00007f20c7800000, 0x00007f25d5b50000)
  eden space 932352K,   0% used [0x00007f2080600000, 0x00007f2080600000, 0x00007f20b9480000)
  from space 116480K,  16% used [0x00007f20b9480000, 0x00007f20ba790690, 0x00007f20c0640000)
  to   space 116480K,   0% used [0x00007f20c0640000, 0x00007f20c0640000, 0x00007f20c7800000)
 tenured generation   total 2330560K, used 2322706K [0x00007f25d5b50000, 0x00007f2663f40000, 0x00007f3080600000)
   the space 2330560K,  99% used [0x00007f25d5b50000, 0x00007f26637949e0, 0x00007f2663794a00, 0x00007f2663f40000)
 Metaspace       used 24216K, capacity 24641K, committed 24832K, reserved 26624K
}
Event: 2678.252 GC heap before
{Heap before GC invocations=4857 (full 2):
 def new generation   total 1048832K, used 951873K [0x00007f2080600000, 0x00007f20c7800000, 0x00007f25d5b50000)
  eden space 932352K, 100% used [0x00007f2080600000, 0x00007f20b9480000, 0x00007f20b9480000)
  from space 116480K,  16% used [0x00007f20b9480000, 0x00007f20ba790690, 0x00007f20c0640000)
  to   space 116480K,   0% used [0x00007f20c0640000, 0x00007f20c0640000, 0x00007f20c7800000)
 tenured generation   total 2330560K, used 2322706K [0x00007f25d5b50000, 0x00007f2663f40000, 0x00007f3080600000)
   the space 2330560K,  99% used [0x00007f25d5b50000, 0x00007f26637949e0, 0x00007f2663794a00, 0x00007f2663f40000)
 Metaspace       used 24216K, capacity 24641K, committed 24832K, reserved 26624K
}
Event: 2678.277 GC heap after
{Heap after GC invocations=4858 (full 2):
 def new generation   total 1048832K, used 19204K [0x00007f2080600000, 0x00007f20c7800000, 0x00007f25d5b50000)
  eden space 932352K,   0% used [0x00007f2080600000, 0x00007f2080600000, 0x00007f20b9480000)
  from space 116480K,  16% used [0x00007f20c0640000, 0x00007f20c19012f8, 0x00007f20c7800000)
  to   space 116480K,   0% used [0x00007f20b9480000, 0x00007f20b9480000, 0x00007f20c0640000)
 tenured generation   total 2330560K, used 2323555K [0x00007f25d5b50000, 0x00007f2663f40000, 0x00007f3080600000)
   the space 2330560K,  99% used [0x00007f25d5b50000, 0x00007f2663868d60, 0x00007f2663868e00, 0x00007f2663f40000)
 Metaspace       used 24216K, capacity 24641K, committed 24832K, reserved 26624K
}
Event: 2678.955 GC heap before
{Heap before GC invocations=4858 (full 2):
 def new generation   total 1048832K, used 951556K [0x00007f2080600000, 0x00007f20c7800000, 0x00007f25d5b50000)
  eden space 932352K, 100% used [0x00007f2080600000, 0x00007f20b9480000, 0x00007f20b9480000)
  from space 116480K,  16% used [0x00007f20c0640000, 0x00007f20c19012f8, 0x00007f20c7800000)
  to   space 116480K,   0% used [0x00007f20b9480000, 0x00007f20b9480000, 0x00007f20c0640000)
 tenured generation   total 2330560K, used 2323555K [0x00007f25d5b50000, 0x00007f2663f40000, 0x00007f3080600000)
   the space 2330560K,  99% used [0x00007f25d5b50000, 0x00007f2663868d60, 0x00007f2663868e00, 0x00007f2663f40000)
 Metaspace       used 24216K, capacity 24641K, committed 24832K, reserved 26624K
}
Event: 2678.979 GC heap after
{Heap after GC invocations=4859 (full 2):
 def new generation   total 1048832K, used 18576K [0x00007f2080600000, 0x00007f20c7800000, 0x00007f25d5b50000)
  eden space 932352K,   0% used [0x00007f2080600000, 0x00007f2080600000, 0x00007f20b9480000)
  from space 116480K,  15% used [0x00007f20b9480000, 0x00007f20ba6a4120, 0x00007f20c0640000)
  to   space 116480K,   0% used [0x00007f20c0640000, 0x00007f20c0640000, 0x00007f20c7800000)
 tenured generation   total 2330560K, used 2324404K [0x00007f25d5b50000, 0x00007f2663f40000, 0x00007f3080600000)
   the space 2330560K,  99% used [0x00007f25d5b50000, 0x00007f266393d0e0, 0x00007f266393d200, 0x00007f2663f40000)
 Metaspace       used 24216K, capacity 24641K, committed 24832K, reserved 26624K
}
Event: 2679.637 GC heap before
{Heap before GC invocations=4859 (full 2):
 def new generation   total 1048832K, used 950928K [0x00007f2080600000, 0x00007f20c7800000, 0x00007f25d5b50000)
  eden space 932352K, 100% used [0x00007f2080600000, 0x00007f20b9480000, 0x00007f20b9480000)
  from space 116480K,  15% used [0x00007f20b9480000, 0x00007f20ba6a4120, 0x00007f20c0640000)
  to   space 116480K,   0% used [0x00007f20c0640000, 0x00007f20c0640000, 0x00007f20c7800000)
 tenured generation   total 2330560K, used 2324404K [0x00007f25d5b50000, 0x00007f2663f40000, 0x00007f3080600000)
   the space 2330560K,  99% used [0x00007f25d5b50000, 0x00007f266393d0e0, 0x00007f266393d200, 0x00007f2663f40000)
 Metaspace       used 24216K, capacity 24641K, committed 24832K, reserved 26624K
}
Event: 2679.657 GC heap after
{Heap after GC invocations=4860 (full 2):
 def new generation   total 1048832K, used 17938K [0x00007f2080600000, 0x00007f20c7800000, 0x00007f25d5b50000)
  eden space 932352K,   0% used [0x00007f2080600000, 0x00007f2080600000, 0x00007f20b9480000)
  from space 116480K,  15% used [0x00007f20c0640000, 0x00007f20c17c4a18, 0x00007f20c7800000)
  to   space 116480K,   0% used [0x00007f20b9480000, 0x00007f20b9480000, 0x00007f20c0640000)
 tenured generation   total 2330560K, used 2325253K [0x00007f25d5b50000, 0x00007f2663f40000, 0x00007f3080600000)
   the space 2330560K,  99% used [0x00007f25d5b50000, 0x00007f2663a11460, 0x00007f2663a11600, 0x00007f2663f40000)
 Metaspace       used 24216K, capacity 24641K, committed 24832K, reserved 26624K
}
Event: 2680.344 GC heap before
{Heap before GC invocations=4860 (full 2):
 def new generation   total 1048832K, used 950290K [0x00007f2080600000, 0x00007f20c7800000, 0x00007f25d5b50000)
  eden space 932352K, 100% used [0x00007f2080600000, 0x00007f20b9480000, 0x00007f20b9480000)
  from space 116480K,  15% used [0x00007f20c0640000, 0x00007f20c17c4a18, 0x00007f20c7800000)
  to   space 116480K,   0% used [0x00007f20b9480000, 0x00007f20b9480000, 0x00007f20c0640000)
 tenured generation   total 2330560K, used 2325253K [0x00007f25d5b50000, 0x00007f2663f40000, 0x00007f3080600000)
   the space 2330560K,  99% used [0x00007f25d5b50000, 0x00007f2663a11460, 0x00007f2663a11600, 0x00007f2663f40000)
 Metaspace       used 24216K, capacity 24641K, committed 24832K, reserved 26624K
}
Event: 2680.365 GC heap after
{Heap after GC invocations=4861 (full 2):
 def new generation   total 1048832K, used 17285K [0x00007f2080600000, 0x00007f20c7800000, 0x00007f25d5b50000)
  eden space 932352K,   0% used [0x00007f2080600000, 0x00007f2080600000, 0x00007f20b9480000)
  from space 116480K,  14% used [0x00007f20b9480000, 0x00007f20ba5616d8, 0x00007f20c0640000)
  to   space 116480K,   0% used [0x00007f20c0640000, 0x00007f20c0640000, 0x00007f20c7800000)
 tenured generation   total 2330560K, used 2326155K [0x00007f25d5b50000, 0x00007f2663f40000, 0x00007f3080600000)
   the space 2330560K,  99% used [0x00007f25d5b50000, 0x00007f2663af2c18, 0x00007f2663af2e00, 0x00007f2663f40000)
 Metaspace       used 24216K, capacity 24641K, committed 24832K, reserved 26624K
}
Event: 2681.093 GC heap before
{Heap before GC invocations=4861 (full 2):
 def new generation   total 1048832K, used 949637K [0x00007f2080600000, 0x00007f20c7800000, 0x00007f25d5b50000)
  eden space 932352K, 100% used [0x00007f2080600000, 0x00007f20b9480000, 0x00007f20b9480000)
  from space 116480K,  14% used [0x00007f20b9480000, 0x00007f20ba5616d8, 0x00007f20c0640000)
  to   space 116480K,   0% used [0x00007f20c0640000, 0x00007f20c0640000, 0x00007f20c7800000)
 tenured generation   total 2330560K, used 2326155K [0x00007f25d5b50000, 0x00007f2663f40000, 0x00007f3080600000)
   the space 2330560K,  99% used [0x00007f25d5b50000, 0x00007f2663af2c18, 0x00007f2663af2e00, 0x00007f2663f40000)
 Metaspace       used 24216K, capacity 24641K, committed 24832K, reserved 26624K
}
Event: 2681.111 GC heap after
{Heap after GC invocations=4862 (full 2):
 def new generation   total 1048832K, used 16678K [0x00007f2080600000, 0x00007f20c7800000, 0x00007f25d5b50000)
  eden space 932352K,   0% used [0x00007f2080600000, 0x00007f2080600000, 0x00007f20b9480000)
  from space 116480K,  14% used [0x00007f20c0640000, 0x00007f20c1689a58, 0x00007f20c7800000)
  to   space 116480K,   0% used [0x00007f20b9480000, 0x00007f20b9480000, 0x00007f20c0640000)
 tenured generation   total 2330560K, used 2327003K [0x00007f25d5b50000, 0x00007f2663f40000, 0x00007f3080600000)
   the space 2330560K,  99% used [0x00007f25d5b50000, 0x00007f2663bc6f98, 0x00007f2663bc7000, 0x00007f2663f40000)
 Metaspace       used 24216K, capacity 24641K, committed 24832K, reserved 26624K
}
Event: 2681.803 GC heap before
{Heap before GC invocations=4862 (full 2):
 def new generation   total 1048832K, used 949030K [0x00007f2080600000, 0x00007f20c7800000, 0x00007f25d5b50000)
  eden space 932352K, 100% used [0x00007f2080600000, 0x00007f20b9480000, 0x00007f20b9480000)
  from space 116480K,  14% used [0x00007f20c0640000, 0x00007f20c1689a58, 0x00007f20c7800000)
  to   space 116480K,   0% used [0x00007f20b9480000, 0x00007f20b9480000, 0x00007f20c0640000)
 tenured generation   total 2330560K, used 2327003K [0x00007f25d5b50000, 0x00007f2663f40000, 0x00007f3080600000)
   the space 2330560K,  99% used [0x00007f25d5b50000, 0x00007f2663bc6f98, 0x00007f2663bc7000, 0x00007f2663f40000)
 Metaspace       used 24216K, capacity 24641K, committed 24832K, reserved 26624K
}
Event: 2681.823 GC heap after
{Heap after GC invocations=4863 (full 2):
 def new generation   total 1048832K, used 16099K [0x00007f2080600000, 0x00007f20c7800000, 0x00007f25d5b50000)
  eden space 932352K,   0% used [0x00007f2080600000, 0x00007f2080600000, 0x00007f20b9480000)
  from space 116480K,  13% used [0x00007f20b9480000, 0x00007f20ba438d98, 0x00007f20c0640000)
  to   space 116480K,   0% used [0x00007f20c0640000, 0x00007f20c0640000, 0x00007f20c7800000)
 tenured generation   total 2330560K, used 2327852K [0x00007f25d5b50000, 0x00007f2663f40000, 0x00007f3080600000)
   the space 2330560K,  99% used [0x00007f25d5b50000, 0x00007f2663c9b318, 0x00007f2663c9b400, 0x00007f2663f40000)
 Metaspace       used 24216K, capacity 24641K, committed 24832K, reserved 26624K
}
Event: 2682.490 GC heap before
{Heap before GC invocations=4863 (full 2):
 def new generation   total 1048832K, used 948451K [0x00007f2080600000, 0x00007f20c7800000, 0x00007f25d5b50000)
  eden space 932352K, 100% used [0x00007f2080600000, 0x00007f20b9480000, 0x00007f20b9480000)
  from space 116480K,  13% used [0x00007f20b9480000, 0x00007f20ba438d98, 0x00007f20c0640000)
  to   space 116480K,   0% used [0x00007f20c0640000, 0x00007f20c0640000, 0x00007f20c7800000)
 tenured generation   total 2330560K, used 2327852K [0x00007f25d5b50000, 0x00007f2663f40000, 0x00007f3080600000)
   the space 2330560K,  99% used [0x00007f25d5b50000, 0x00007f2663c9b318, 0x00007f2663c9b400, 0x00007f2663f40000)
 Metaspace       used 24216K, capacity 24641K, committed 24832K, reserved 26624K
}
Event: 2682.510 GC heap after
{Heap after GC invocations=4864 (full 2):
 def new generation   total 1048832K, used 15341K [0x00007f2080600000, 0x00007f20c7800000, 0x00007f25d5b50000)
  eden space 932352K,   0% used [0x00007f2080600000, 0x00007f2080600000, 0x00007f20b9480000)
  from space 116480K,  13% used [0x00007f20c0640000, 0x00007f20c153b570, 0x00007f20c7800000)
  to   space 116480K,   0% used [0x00007f20b9480000, 0x00007f20b9480000, 0x00007f20c0640000)
 tenured generation   total 2330560K, used 2328913K [0x00007f25d5b50000, 0x00007f2663f40000, 0x00007f3080600000)
   the space 2330560K,  99% used [0x00007f25d5b50000, 0x00007f2663da4468, 0x00007f2663da4600, 0x00007f2663f40000)
 Metaspace       used 24216K, capacity 24641K, committed 24832K, reserved 26624K
}
Event: 2683.205 GC heap before
{Heap before GC invocations=4864 (full 2):
 def new generation   total 1048832K, used 947693K [0x00007f2080600000, 0x00007f20c7800000, 0x00007f25d5b50000)
  eden space 932352K, 100% used [0x00007f2080600000, 0x00007f20b9480000, 0x00007f20b9480000)
  from space 116480K,  13% used [0x00007f20c0640000, 0x00007f20c153b570, 0x00007f20c7800000)
  to   space 116480K,   0% used [0x00007f20b9480000, 0x00007f20b9480000, 0x00007f20c0640000)
 tenured generation   total 2330560K, used 2328913K [0x00007f25d5b50000, 0x00007f2663f40000, 0x00007f3080600000)
   the space 2330560K,  99% used [0x00007f25d5b50000, 0x00007f2663da4468, 0x00007f2663da4600, 0x00007f2663f40000)
 Metaspace       used 24216K, capacity 24641K, committed 24832K, reserved 26624K
}
Event: 2683.225 GC heap after
{Heap after GC invocations=4865 (full 2):
 def new generation   total 1048832K, used 13981K [0x00007f2080600000, 0x00007f20c7800000, 0x00007f25d5b50000)
  eden space 932352K,   0% used [0x00007f2080600000, 0x00007f2080600000, 0x00007f20b9480000)
  from space 116480K,  12% used [0x00007f20b9480000, 0x00007f20ba227580, 0x00007f20c0640000)
  to   space 116480K,   0% used [0x00007f20c0640000, 0x00007f20c0640000, 0x00007f20c7800000)
 tenured generation   total 2330560K, used 2330553K [0x00007f25d5b50000, 0x00007f2663f40000, 0x00007f3080600000)
   the space 2330560K,  99% used [0x00007f25d5b50000, 0x00007f2663f3e5c0, 0x00007f2663f3e600, 0x00007f2663f40000)
 Metaspace       used 24216K, capacity 24641K, committed 24832K, reserved 26624K
}
Event: 2683.225 GC heap before
{Heap before GC invocations=4865 (full 2):
 def new generation   total 1048832K, used 13981K [0x00007f2080600000, 0x00007f20c7800000, 0x00007f25d5b50000)
  eden space 932352K,   0% used [0x00007f2080600000, 0x00007f2080600000, 0x00007f20b9480000)
  from space 116480K,  12% used [0x00007f20b9480000, 0x00007f20ba227580, 0x00007f20c0640000)
  to   space 116480K,   0% used [0x00007f20c0640000, 0x00007f20c0640000, 0x00007f20c7800000)
 tenured generation   total 2330560K, used 2330553K [0x00007f25d5b50000, 0x00007f2663f40000, 0x00007f3080600000)
   the space 2330560K,  99% used [0x00007f25d5b50000, 0x00007f2663f3e5c0, 0x00007f2663f3e600, 0x00007f2663f40000)
 Metaspace       used 24216K, capacity 24641K, committed 24832K, reserved 26624K
}

