# JRE version: OpenJDK Runtime Environment (13.0.7+5) (build 13.0.7+5-Ubuntu-0ubuntu120.04)
# Java VM: OpenJDK 64-Bit Server VM (13.0.7+5-Ubuntu-0ubuntu120.04, mixed mode, tiered, serial gc, linux-amd64)
Heap:
 def new generation   total 1048704K, used 1388K [0x00007f7814600000, 0x00007f785b7e0000, 0x00007f7d69b50000)
  eden space 932224K,   0% used [0x00007f7814600000, 0x00007f781475b248, 0x00007f784d460000)
  from space 116480K,   0% used [0x00007f7854620000, 0x00007f7854620000, 0x00007f785b7e0000)
  to   space 116480K,   0% used [0x00007f784d460000, 0x00007f784d460000, 0x00007f7854620000)
 tenured generation   total 2330432K, used 2330431K [0x00007f7d69b50000, 0x00007f7df7f20000, 0x00007f8814600000)
   the space 2330432K,  99% used [0x00007f7d69b50000, 0x00007f7df7f1ff70, 0x00007f7df7f20000, 0x00007f7df7f20000)
 Metaspace       used 24294K, capacity 24686K, committed 24832K, reserved 26624K
GC Heap History (20 events):
Event: 14884.534 GC heap after
{Heap after GC invocations=45429 (full 2):
 def new generation   total 1048704K, used 1353K [0x00007f7814600000, 0x00007f785b7e0000, 0x00007f7d69b50000)
  eden space 932224K,   0% used [0x00007f7814600000, 0x00007f7814600000, 0x00007f784d460000)
  from space 116480K,   1% used [0x00007f784d460000, 0x00007f784d5b2478, 0x00007f7854620000)
  to   space 116480K,   0% used [0x00007f7854620000, 0x00007f7854620000, 0x00007f785b7e0000)
 tenured generation   total 2330240K, used 2329583K [0x00007f7d69b50000, 0x00007f7df7ef0000, 0x00007f8814600000)
   the space 2330240K,  99% used [0x00007f7d69b50000, 0x00007f7df7e4bfd8, 0x00007f7df7e4c000, 0x00007f7df7ef0000)
 Metaspace       used 24294K, capacity 24686K, committed 24832K, reserved 26624K
}
Event: 14884.958 GC heap before
{Heap before GC invocations=45429 (full 2):
 def new generation   total 1048704K, used 933577K [0x00007f7814600000, 0x00007f785b7e0000, 0x00007f7d69b50000)
  eden space 932224K, 100% used [0x00007f7814600000, 0x00007f784d460000, 0x00007f784d460000)
  from space 116480K,   1% used [0x00007f784d460000, 0x00007f784d5b2478, 0x00007f7854620000)
  to   space 116480K,   0% used [0x00007f7854620000, 0x00007f7854620000, 0x00007f785b7e0000)
 tenured generation   total 2330240K, used 2329583K [0x00007f7d69b50000, 0x00007f7df7ef0000, 0x00007f8814600000)
   the space 2330240K,  99% used [0x00007f7d69b50000, 0x00007f7df7e4bfd8, 0x00007f7df7e4c000, 0x00007f7df7ef0000)
 Metaspace       used 24294K, capacity 24686K, committed 24832K, reserved 26624K
}
Event: 14884.961 GC heap after
{Heap after GC invocations=45430 (full 2):
 def new generation   total 1048704K, used 1375K [0x00007f7814600000, 0x00007f785b7e0000, 0x00007f7d69b50000)
  eden space 932224K,   0% used [0x00007f7814600000, 0x00007f7814600000, 0x00007f784d460000)
  from space 116480K,   1% used [0x00007f7854620000, 0x00007f7854777fe0, 0x00007f785b7e0000)
  to   space 116480K,   0% used [0x00007f784d460000, 0x00007f784d460000, 0x00007f7854620000)
 tenured generation   total 2330240K, used 2329652K [0x00007f7d69b50000, 0x00007f7df7ef0000, 0x00007f8814600000)
   the space 2330240K,  99% used [0x00007f7d69b50000, 0x00007f7df7e5d2a0, 0x00007f7df7e5d400, 0x00007f7df7ef0000)
 Metaspace       used 24294K, capacity 24686K, committed 24832K, reserved 26624K
}
Event: 14885.391 GC heap before
{Heap before GC invocations=45430 (full 2):
 def new generation   total 1048704K, used 933599K [0x00007f7814600000, 0x00007f785b7e0000, 0x00007f7d69b50000)
  eden space 932224K, 100% used [0x00007f7814600000, 0x00007f784d460000, 0x00007f784d460000)
  from space 116480K,   1% used [0x00007f7854620000, 0x00007f7854777fe0, 0x00007f785b7e0000)
  to   space 116480K,   0% used [0x00007f784d460000, 0x00007f784d460000, 0x00007f7854620000)
 tenured generation   total 2330240K, used 2329652K [0x00007f7d69b50000, 0x00007f7df7ef0000, 0x00007f8814600000)
   the space 2330240K,  99% used [0x00007f7d69b50000, 0x00007f7df7e5d2a0, 0x00007f7df7e5d400, 0x00007f7df7ef0000)
 Metaspace       used 24294K, capacity 24686K, committed 24832K, reserved 26624K
}
Event: 14885.393 GC heap after
{Heap after GC invocations=45431 (full 2):
 def new generation   total 1048704K, used 1384K [0x00007f7814600000, 0x00007f785b7e0000, 0x00007f7d69b50000)
  eden space 932224K,   0% used [0x00007f7814600000, 0x00007f7814600000, 0x00007f784d460000)
  from space 116480K,   1% used [0x00007f784d460000, 0x00007f784d5ba218, 0x00007f7854620000)
  to   space 116480K,   0% used [0x00007f7854620000, 0x00007f7854620000, 0x00007f785b7e0000)
 tenured generation   total 2330240K, used 2329721K [0x00007f7d69b50000, 0x00007f7df7ef0000, 0x00007f8814600000)
   the space 2330240K,  99% used [0x00007f7d69b50000, 0x00007f7df7e6e568, 0x00007f7df7e6e600, 0x00007f7df7ef0000)
 Metaspace       used 24294K, capacity 24686K, committed 24832K, reserved 26624K
}
Event: 14885.809 GC heap before
{Heap before GC invocations=45431 (full 2):
 def new generation   total 1048704K, used 933608K [0x00007f7814600000, 0x00007f785b7e0000, 0x00007f7d69b50000)
  eden space 932224K, 100% used [0x00007f7814600000, 0x00007f784d460000, 0x00007f784d460000)
  from space 116480K,   1% used [0x00007f784d460000, 0x00007f784d5ba218, 0x00007f7854620000)
  to   space 116480K,   0% used [0x00007f7854620000, 0x00007f7854620000, 0x00007f785b7e0000)
 tenured generation   total 2330240K, used 2329721K [0x00007f7d69b50000, 0x00007f7df7ef0000, 0x00007f8814600000)
   the space 2330240K,  99% used [0x00007f7d69b50000, 0x00007f7df7e6e568, 0x00007f7df7e6e600, 0x00007f7df7ef0000)
 Metaspace       used 24294K, capacity 24686K, committed 24832K, reserved 26624K
}
Event: 14885.812 GC heap after
{Heap after GC invocations=45432 (full 2):
 def new generation   total 1048704K, used 1441K [0x00007f7814600000, 0x00007f785b7e0000, 0x00007f7d69b50000)
  eden space 932224K,   0% used [0x00007f7814600000, 0x00007f7814600000, 0x00007f784d460000)
  from space 116480K,   1% used [0x00007f7854620000, 0x00007f78547885d8, 0x00007f785b7e0000)
  to   space 116480K,   0% used [0x00007f784d460000, 0x00007f784d460000, 0x00007f7854620000)
 tenured generation   total 2330240K, used 2329790K [0x00007f7d69b50000, 0x00007f7df7ef0000, 0x00007f8814600000)
   the space 2330240K,  99% used [0x00007f7d69b50000, 0x00007f7df7e7f830, 0x00007f7df7e7fa00, 0x00007f7df7ef0000)
 Metaspace       used 24294K, capacity 24686K, committed 24832K, reserved 26624K
}
Event: 14886.243 GC heap before
{Heap before GC invocations=45432 (full 2):
 def new generation   total 1048704K, used 933665K [0x00007f7814600000, 0x00007f785b7e0000, 0x00007f7d69b50000)
  eden space 932224K, 100% used [0x00007f7814600000, 0x00007f784d460000, 0x00007f784d460000)
  from space 116480K,   1% used [0x00007f7854620000, 0x00007f78547885d8, 0x00007f785b7e0000)
  to   space 116480K,   0% used [0x00007f784d460000, 0x00007f784d460000, 0x00007f7854620000)
 tenured generation   total 2330240K, used 2329790K [0x00007f7d69b50000, 0x00007f7df7ef0000, 0x00007f8814600000)
   the space 2330240K,  99% used [0x00007f7d69b50000, 0x00007f7df7e7f830, 0x00007f7df7e7fa00, 0x00007f7df7ef0000)
 Metaspace       used 24294K, capacity 24686K, committed 24832K, reserved 26624K
}
Event: 14886.245 GC heap after
{Heap after GC invocations=45433 (full 2):
 def new generation   total 1048704K, used 1464K [0x00007f7814600000, 0x00007f785b7e0000, 0x00007f7d69b50000)
  eden space 932224K,   0% used [0x00007f7814600000, 0x00007f7814600000, 0x00007f784d460000)
  from space 116480K,   1% used [0x00007f784d460000, 0x00007f784d5ce0e8, 0x00007f7854620000)
  to   space 116480K,   0% used [0x00007f7854620000, 0x00007f7854620000, 0x00007f785b7e0000)
 tenured generation   total 2330240K, used 2329858K [0x00007f7d69b50000, 0x00007f7df7ef0000, 0x00007f8814600000)
   the space 2330240K,  99% used [0x00007f7d69b50000, 0x00007f7df7e90af8, 0x00007f7df7e90c00, 0x00007f7df7ef0000)
 Metaspace       used 24294K, capacity 24686K, committed 24832K, reserved 26624K
}
Event: 14886.664 GC heap before
{Heap before GC invocations=45433 (full 2):
 def new generation   total 1048704K, used 933688K [0x00007f7814600000, 0x00007f785b7e0000, 0x00007f7d69b50000)
  eden space 932224K, 100% used [0x00007f7814600000, 0x00007f784d460000, 0x00007f784d460000)
  from space 116480K,   1% used [0x00007f784d460000, 0x00007f784d5ce0e8, 0x00007f7854620000)
  to   space 116480K,   0% used [0x00007f7854620000, 0x00007f7854620000, 0x00007f785b7e0000)
 tenured generation   total 2330240K, used 2329858K [0x00007f7d69b50000, 0x00007f7df7ef0000, 0x00007f8814600000)
   the space 2330240K,  99% used [0x00007f7d69b50000, 0x00007f7df7e90af8, 0x00007f7df7e90c00, 0x00007f7df7ef0000)
 Metaspace       used 24294K, capacity 24686K, committed 24832K, reserved 26624K
}
Event: 14886.667 GC heap after
{Heap after GC invocations=45434 (full 2):
 def new generation   total 1048704K, used 1474K [0x00007f7814600000, 0x00007f785b7e0000, 0x00007f7d69b50000)
  eden space 932224K,   0% used [0x00007f7814600000, 0x00007f7814600000, 0x00007f784d460000)
  from space 116480K,   1% used [0x00007f7854620000, 0x00007f7854790ba0, 0x00007f785b7e0000)
  to   space 116480K,   0% used [0x00007f784d460000, 0x00007f784d460000, 0x00007f7854620000)
 tenured generation   total 2330240K, used 2329927K [0x00007f7d69b50000, 0x00007f7df7ef0000, 0x00007f8814600000)
   the space 2330240K,  99% used [0x00007f7d69b50000, 0x00007f7df7ea1dc0, 0x00007f7df7ea1e00, 0x00007f7df7ef0000)
 Metaspace       used 24294K, capacity 24686K, committed 24832K, reserved 26624K
}
Event: 14887.091 GC heap before
{Heap before GC invocations=45434 (full 2):
 def new generation   total 1048704K, used 933698K [0x00007f7814600000, 0x00007f785b7e0000, 0x00007f7d69b50000)
  eden space 932224K, 100% used [0x00007f7814600000, 0x00007f784d460000, 0x00007f784d460000)
  from space 116480K,   1% used [0x00007f7854620000, 0x00007f7854790ba0, 0x00007f785b7e0000)
  to   space 116480K,   0% used [0x00007f784d460000, 0x00007f784d460000, 0x00007f7854620000)
 tenured generation   total 2330240K, used 2329927K [0x00007f7d69b50000, 0x00007f7df7ef0000, 0x00007f8814600000)
   the space 2330240K,  99% used [0x00007f7d69b50000, 0x00007f7df7ea1dc0, 0x00007f7df7ea1e00, 0x00007f7df7ef0000)
 Metaspace       used 24294K, capacity 24686K, committed 24832K, reserved 26624K
}
Event: 14887.093 GC heap after
{Heap after GC invocations=45435 (full 2):
 def new generation   total 1048704K, used 1506K [0x00007f7814600000, 0x00007f785b7e0000, 0x00007f7d69b50000)
  eden space 932224K,   0% used [0x00007f7814600000, 0x00007f7814600000, 0x00007f784d460000)
  from space 116480K,   1% used [0x00007f784d460000, 0x00007f784d5d8b20, 0x00007f7854620000)
  to   space 116480K,   0% used [0x00007f7854620000, 0x00007f7854620000, 0x00007f785b7e0000)
 tenured generation   total 2330240K, used 2330018K [0x00007f7d69b50000, 0x00007f7df7ef0000, 0x00007f8814600000)
   the space 2330240K,  99% used [0x00007f7d69b50000, 0x00007f7df7eb8b50, 0x00007f7df7eb8c00, 0x00007f7df7ef0000)
 Metaspace       used 24294K, capacity 24686K, committed 24832K, reserved 26624K
}
Event: 14887.520 GC heap before
{Heap before GC invocations=45435 (full 2):
 def new generation   total 1048704K, used 933730K [0x00007f7814600000, 0x00007f785b7e0000, 0x00007f7d69b50000)
  eden space 932224K, 100% used [0x00007f7814600000, 0x00007f784d460000, 0x00007f784d460000)
  from space 116480K,   1% used [0x00007f784d460000, 0x00007f784d5d8b20, 0x00007f7854620000)
  to   space 116480K,   0% used [0x00007f7854620000, 0x00007f7854620000, 0x00007f785b7e0000)
 tenured generation   total 2330240K, used 2330018K [0x00007f7d69b50000, 0x00007f7df7ef0000, 0x00007f8814600000)
   the space 2330240K,  99% used [0x00007f7d69b50000, 0x00007f7df7eb8b50, 0x00007f7df7eb8c00, 0x00007f7df7ef0000)
 Metaspace       used 24294K, capacity 24686K, committed 24832K, reserved 26624K
}
Event: 14887.522 GC heap after
{Heap after GC invocations=45436 (full 2):
 def new generation   total 1048704K, used 1503K [0x00007f7814600000, 0x00007f785b7e0000, 0x00007f7d69b50000)
  eden space 932224K,   0% used [0x00007f7814600000, 0x00007f7814600000, 0x00007f784d460000)
  from space 116480K,   1% used [0x00007f7854620000, 0x00007f7854797f50, 0x00007f785b7e0000)
  to   space 116480K,   0% used [0x00007f784d460000, 0x00007f784d460000, 0x00007f7854620000)
 tenured generation   total 2330240K, used 2330109K [0x00007f7d69b50000, 0x00007f7df7ef0000, 0x00007f8814600000)
   the space 2330240K,  99% used [0x00007f7d69b50000, 0x00007f7df7ecf770, 0x00007f7df7ecf800, 0x00007f7df7ef0000)
 Metaspace       used 24294K, capacity 24686K, committed 24832K, reserved 26624K
}
Event: 14887.949 GC heap before
{Heap before GC invocations=45436 (full 2):
 def new generation   total 1048704K, used 933727K [0x00007f7814600000, 0x00007f785b7e0000, 0x00007f7d69b50000)
  eden space 932224K, 100% used [0x00007f7814600000, 0x00007f784d460000, 0x00007f784d460000)
  from space 116480K,   1% used [0x00007f7854620000, 0x00007f7854797f50, 0x00007f785b7e0000)
  to   space 116480K,   0% used [0x00007f784d460000, 0x00007f784d460000, 0x00007f7854620000)
 tenured generation   total 2330240K, used 2330109K [0x00007f7d69b50000, 0x00007f7df7ef0000, 0x00007f8814600000)
   the space 2330240K,  99% used [0x00007f7d69b50000, 0x00007f7df7ecf770, 0x00007f7df7ecf800, 0x00007f7df7ef0000)
 Metaspace       used 24294K, capacity 24686K, committed 24832K, reserved 26624K
}
Event: 14887.951 GC heap after
{Heap after GC invocations=45437 (full 2):
 def new generation   total 1048704K, used 1497K [0x00007f7814600000, 0x00007f785b7e0000, 0x00007f7d69b50000)
  eden space 932224K,   0% used [0x00007f7814600000, 0x00007f7814600000, 0x00007f784d460000)
  from space 116480K,   1% used [0x00007f784d460000, 0x00007f784d5d6628, 0x00007f7854620000)
  to   space 116480K,   0% used [0x00007f7854620000, 0x00007f7854620000, 0x00007f785b7e0000)
 tenured generation   total 2330240K, used 2330200K [0x00007f7d69b50000, 0x00007f7df7ef0000, 0x00007f8814600000)
   the space 2330240K,  99% used [0x00007f7d69b50000, 0x00007f7df7ee6390, 0x00007f7df7ee6400, 0x00007f7df7ef0000)
 Metaspace       used 24294K, capacity 24686K, committed 24832K, reserved 26624K
}
Event: 14888.373 GC heap before
{Heap before GC invocations=45437 (full 2):
 def new generation   total 1048704K, used 933721K [0x00007f7814600000, 0x00007f785b7e0000, 0x00007f7d69b50000)
  eden space 932224K, 100% used [0x00007f7814600000, 0x00007f784d460000, 0x00007f784d460000)
  from space 116480K,   1% used [0x00007f784d460000, 0x00007f784d5d6628, 0x00007f7854620000)
  to   space 116480K,   0% used [0x00007f7854620000, 0x00007f7854620000, 0x00007f785b7e0000)
 tenured generation   total 2330240K, used 2330200K [0x00007f7d69b50000, 0x00007f7df7ef0000, 0x00007f8814600000)
   the space 2330240K,  99% used [0x00007f7d69b50000, 0x00007f7df7ee6390, 0x00007f7df7ee6400, 0x00007f7df7ef0000)
 Metaspace       used 24294K, capacity 24686K, committed 24832K, reserved 26624K
}
Event: 14888.376 GC heap after
{Heap after GC invocations=45438 (full 2):
 def new generation   total 1048704K, used 1505K [0x00007f7814600000, 0x00007f785b7e0000, 0x00007f7d69b50000)
  eden space 932224K,   0% used [0x00007f7814600000, 0x00007f7814600000, 0x00007f784d460000)
  from space 116480K,   1% used [0x00007f7854620000, 0x00007f7854798700, 0x00007f785b7e0000)
  to   space 116480K,   0% used [0x00007f784d460000, 0x00007f784d460000, 0x00007f7854620000)
 tenured generation   total 2330432K, used 2330314K [0x00007f7d69b50000, 0x00007f7df7f20000, 0x00007f8814600000)
   the space 2330432K,  99% used [0x00007f7d69b50000, 0x00007f7df7f02ab8, 0x00007f7df7f02c00, 0x00007f7df7f20000)
 Metaspace       used 24294K, capacity 24686K, committed 24832K, reserved 26624K
}
Event: 14888.377 GC heap before
{Heap before GC invocations=45438 (full 2):
 def new generation   total 1048704K, used 1505K [0x00007f7814600000, 0x00007f785b7e0000, 0x00007f7d69b50000)
  eden space 932224K,   0% used [0x00007f7814600000, 0x00007f7814600000, 0x00007f784d460000)
  from space 116480K,   1% used [0x00007f7854620000, 0x00007f7854798700, 0x00007f785b7e0000)
  to   space 116480K,   0% used [0x00007f784d460000, 0x00007f784d460000, 0x00007f7854620000)
 tenured generation   total 2330432K, used 2330314K [0x00007f7d69b50000, 0x00007f7df7f20000, 0x00007f8814600000)
   the space 2330432K,  99% used [0x00007f7d69b50000, 0x00007f7df7f02ab8, 0x00007f7df7f02c00, 0x00007f7df7f20000)
 Metaspace       used 24294K, capacity 24686K, committed 24832K, reserved 26624K
}

