# JRE version: OpenJDK Runtime Environment (13.0.7+5) (build 13.0.7+5-Ubuntu-0ubuntu120.04)
# Java VM: OpenJDK 64-Bit Server VM (13.0.7+5-Ubuntu-0ubuntu120.04, mixed mode, tiered, serial gc, linux-amd64)
Heap:
 def new generation   total 4725632K, used 4119332K [0x00007fb6f0600000, 0x00007fb830da0000, 0x00007fbc45b50000)
  eden space 4200576K,  88% used [0x00007fb6f0600000, 0x00007fb7d3c213d0, 0x00007fb7f0c20000)
  from space 525056K,  75% used [0x00007fb7f0c20000, 0x00007fb808cc7d68, 0x00007fb810ce0000)
  to   space 525056K,   0% used [0x00007fb810ce0000, 0x00007fb810ce00a8, 0x00007fb830da0000)
 tenured generation   total 10501344K, used 9448546K [0x00007fbc45b50000, 0x00007fbec6a88000, 0x00007fc6f0600000)
   the space 10501344K,  89% used [0x00007fbc45b50000, 0x00007fbe86668ab8, 0x00007fbe86668c00, 0x00007fbec6a88000)
 Metaspace       used 23378K, capacity 23760K, committed 23808K, reserved 24576K
GC Heap History (20 events):
Event: 139.381 GC heap after
{Heap after GC invocations=44 (full 12):
 def new generation   total 4725632K, used 0K [0x00007fb6f0600000, 0x00007fb830da0000, 0x00007fbc45b50000)
  eden space 4200576K,   0% used [0x00007fb6f0600000, 0x00007fb6f0600000, 0x00007fb7f0c20000)
  from space 525056K,   0% used [0x00007fb7f0c20000, 0x00007fb7f0c20000, 0x00007fb810ce0000)
  to   space 525056K,   0% used [0x00007fb810ce0000, 0x00007fb810ce0000, 0x00007fb830da0000)
 tenured generation   total 10501344K, used 3156867K [0x00007fbc45b50000, 0x00007fbec6a88000, 0x00007fc6f0600000)
   the space 10501344K,  30% used [0x00007fbc45b50000, 0x00007fbd06630fe8, 0x00007fbd06631000, 0x00007fbec6a88000)
 Metaspace       used 23373K, capacity 23760K, committed 23808K, reserved 24576K
}
Event: 139.810 GC heap before
{Heap before GC invocations=44 (full 12):
 def new generation   total 4725632K, used 3228557K [0x00007fb6f0600000, 0x00007fb830da0000, 0x00007fbc45b50000)
  eden space 4200576K,  76% used [0x00007fb6f0600000, 0x00007fb7b56e35a0, 0x00007fb7f0c20000)
  from space 525056K,   0% used [0x00007fb7f0c20000, 0x00007fb7f0c20000, 0x00007fb810ce0000)
  to   space 525056K,   0% used [0x00007fb810ce0000, 0x00007fb810ce0000, 0x00007fb830da0000)
 tenured generation   total 10501344K, used 3156867K [0x00007fbc45b50000, 0x00007fbec6a88000, 0x00007fc6f0600000)
   the space 10501344K,  30% used [0x00007fbc45b50000, 0x00007fbd06630fe8, 0x00007fbd06631000, 0x00007fbec6a88000)
 Metaspace       used 23373K, capacity 23760K, committed 23808K, reserved 24576K
}
Event: 140.044 GC heap after
{Heap after GC invocations=45 (full 12):
 def new generation   total 4725632K, used 0K [0x00007fb6f0600000, 0x00007fb830da0000, 0x00007fbc45b50000)
  eden space 4200576K,   0% used [0x00007fb6f0600000, 0x00007fb6f0600000, 0x00007fb7f0c20000)
  from space 525056K,   0% used [0x00007fb810ce0000, 0x00007fb810ce0230, 0x00007fb830da0000)
  to   space 525056K,   0% used [0x00007fb7f0c20000, 0x00007fb7f0c20000, 0x00007fb810ce0000)
 tenured generation   total 10501344K, used 6302596K [0x00007fbc45b50000, 0x00007fbec6a88000, 0x00007fc6f0600000)
   the space 10501344K,  60% used [0x00007fbc45b50000, 0x00007fbdc6631000, 0x00007fbdc6631000, 0x00007fbec6a88000)
 Metaspace       used 23373K, capacity 23760K, committed 23808K, reserved 24576K
}
Event: 141.857 GC heap before
{Heap before GC invocations=45 (full 12):
 def new generation   total 4725632K, used 3228217K [0x00007fb6f0600000, 0x00007fb830da0000, 0x00007fbc45b50000)
  eden space 4200576K,  76% used [0x00007fb6f0600000, 0x00007fb7b568e3f0, 0x00007fb7f0c20000)
  from space 525056K,   0% used [0x00007fb810ce0000, 0x00007fb810ce0230, 0x00007fb830da0000)
  to   space 525056K,   0% used [0x00007fb7f0c20000, 0x00007fb7f0c20000, 0x00007fb810ce0000)
 tenured generation   total 10501344K, used 6302596K [0x00007fbc45b50000, 0x00007fbec6a88000, 0x00007fc6f0600000)
   the space 10501344K,  60% used [0x00007fbc45b50000, 0x00007fbdc6631000, 0x00007fbdc6631000, 0x00007fbec6a88000)
 Metaspace       used 23373K, capacity 23760K, committed 23808K, reserved 24576K
}
Event: 142.156 GC heap after
{Heap after GC invocations=46 (full 12):
 def new generation   total 4725632K, used 1K [0x00007fb6f0600000, 0x00007fb830da0000, 0x00007fbc45b50000)
  eden space 4200576K,   0% used [0x00007fb6f0600000, 0x00007fb6f0600000, 0x00007fb7f0c20000)
  from space 525056K,   0% used [0x00007fb7f0c20000, 0x00007fb7f0c20448, 0x00007fb810ce0000)
  to   space 525056K,   0% used [0x00007fb810ce0000, 0x00007fb810ce0000, 0x00007fb830da0000)
 tenured generation   total 10501344K, used 9448324K [0x00007fbc45b50000, 0x00007fbec6a88000, 0x00007fc6f0600000)
   the space 10501344K,  89% used [0x00007fbc45b50000, 0x00007fbe86631018, 0x00007fbe86631200, 0x00007fbec6a88000)
 Metaspace       used 23373K, capacity 23760K, committed 23808K, reserved 24576K
}
Event: 144.871 GC heap before
{Heap before GC invocations=46 (full 12):
 def new generation   total 4725632K, used 4200577K [0x00007fb6f0600000, 0x00007fb830da0000, 0x00007fbc45b50000)
  eden space 4200576K, 100% used [0x00007fb6f0600000, 0x00007fb7f0c20000, 0x00007fb7f0c20000)
  from space 525056K,   0% used [0x00007fb7f0c20000, 0x00007fb7f0c20448, 0x00007fb810ce0000)
  to   space 525056K,   0% used [0x00007fb810ce0000, 0x00007fb810ce0000, 0x00007fb830da0000)
 tenured generation   total 10501344K, used 9448324K [0x00007fbc45b50000, 0x00007fbec6a88000, 0x00007fc6f0600000)
   the space 10501344K,  89% used [0x00007fbc45b50000, 0x00007fbe86631018, 0x00007fbe86631200, 0x00007fbec6a88000)
 Metaspace       used 23373K, capacity 23760K, committed 23808K, reserved 24576K
}
Event: 144.929 GC heap after
{Heap after GC invocations=47 (full 12):
 def new generation   total 4725632K, used 393922K [0x00007fb6f0600000, 0x00007fb830da0000, 0x00007fbc45b50000)
  eden space 4200576K,   0% used [0x00007fb6f0600000, 0x00007fb6f0600000, 0x00007fb7f0c20000)
  from space 525056K,  75% used [0x00007fb810ce0000, 0x00007fb828d90970, 0x00007fb830da0000)
  to   space 525056K,   0% used [0x00007fb7f0c20000, 0x00007fb7f0c20000, 0x00007fb810ce0000)
 tenured generation   total 10501344K, used 9448324K [0x00007fbc45b50000, 0x00007fbec6a88000, 0x00007fc6f0600000)
   the space 10501344K,  89% used [0x00007fbc45b50000, 0x00007fbe86631018, 0x00007fbe86631200, 0x00007fbec6a88000)
 Metaspace       used 23373K, capacity 23760K, committed 23808K, reserved 24576K
}
Event: 146.266 GC heap before
{Heap before GC invocations=47 (full 12):
 def new generation   total 4725632K, used 4289508K [0x00007fb6f0600000, 0x00007fb830da0000, 0x00007fbc45b50000)
  eden space 4200576K,  92% used [0x00007fb6f0600000, 0x00007fb7de248818, 0x00007fb7f0c20000)
  from space 525056K,  75% used [0x00007fb810ce0000, 0x00007fb828d90970, 0x00007fb830da0000)
  to   space 525056K,   0% used [0x00007fb7f0c20000, 0x00007fb7f0c20000, 0x00007fb810ce0000)
 tenured generation   total 10501344K, used 9448324K [0x00007fbc45b50000, 0x00007fbec6a88000, 0x00007fc6f0600000)
   the space 10501344K,  89% used [0x00007fbc45b50000, 0x00007fbe86631018, 0x00007fbe86631200, 0x00007fbec6a88000)
 Metaspace       used 23373K, capacity 23760K, committed 23808K, reserved 24576K
}
Event: 146.325 GC heap after
{Heap after GC invocations=48 (full 12):
 def new generation   total 4725632K, used 3599K [0x00007fb6f0600000, 0x00007fb830da0000, 0x00007fbc45b50000)
  eden space 4200576K,   0% used [0x00007fb6f0600000, 0x00007fb6f0600000, 0x00007fb7f0c20000)
  from space 525056K,   0% used [0x00007fb7f0c20000, 0x00007fb7f0fa3ff8, 0x00007fb810ce0000)
  to   space 525056K,   0% used [0x00007fb810ce0000, 0x00007fb810ce0000, 0x00007fb830da0000)
 tenured generation   total 10501344K, used 9842245K [0x00007fbc45b50000, 0x00007fbec6a88000, 0x00007fc6f0600000)
   the space 10501344K,  93% used [0x00007fbc45b50000, 0x00007fbe9e6e16a0, 0x00007fbe9e6e1800, 0x00007fbec6a88000)
 Metaspace       used 23373K, capacity 23760K, committed 23808K, reserved 24576K
}
Event: 148.071 GC heap before
{Heap before GC invocations=48 (full 12):
 def new generation   total 4725632K, used 3231977K [0x00007fb6f0600000, 0x00007fb830da0000, 0x00007fbc45b50000)
  eden space 4200576K,  76% used [0x00007fb6f0600000, 0x00007fb7b56b64a0, 0x00007fb7f0c20000)
  from space 525056K,   0% used [0x00007fb7f0c20000, 0x00007fb7f0fa3ff8, 0x00007fb810ce0000)
  to   space 525056K,   0% used [0x00007fb810ce0000, 0x00007fb810ce0000, 0x00007fb830da0000)
 tenured generation   total 10501344K, used 9842245K [0x00007fbc45b50000, 0x00007fbec6a88000, 0x00007fc6f0600000)
   the space 10501344K,  93% used [0x00007fbc45b50000, 0x00007fbe9e6e16a0, 0x00007fbe9e6e1800, 0x00007fbec6a88000)
 Metaspace       used 23373K, capacity 23760K, committed 23808K, reserved 24576K
}
Event: 149.574 GC heap after
{Heap after GC invocations=49 (full 12):
 def new generation   total 4725632K, used 2383K [0x00007fb6f0600000, 0x00007fb830da0000, 0x00007fbc45b50000)
  eden space 4200576K,   0% used [0x00007fb6f0600000, 0x00007fb6f0600000, 0x00007fb7f0c20000)
  from space 525056K,   0% used [0x00007fb810ce0000, 0x00007fb810f33db0, 0x00007fb830da0000)
  to   space 525056K,   0% used [0x00007fb7f0c20000, 0x00007fb7f0c20000, 0x00007fb810ce0000)
 tenured generation   total 13647076K, used 12987973K [0x00007fbc45b50000, 0x00007fbf86a89000, 0x00007fc6f0600000)
   the space 13647076K,  95% used [0x00007fbc45b50000, 0x00007fbf5e6e16b8, 0x00007fbf5e6e1800, 0x00007fbf86a89000)
 Metaspace       used 23373K, capacity 23760K, committed 23808K, reserved 24576K
}
Event: 149.574 GC heap before
{Heap before GC invocations=49 (full 12):
 def new generation   total 4725632K, used 2383K [0x00007fb6f0600000, 0x00007fb830da0000, 0x00007fbc45b50000)
  eden space 4200576K,   0% used [0x00007fb6f0600000, 0x00007fb6f0600000, 0x00007fb7f0c20000)
  from space 525056K,   0% used [0x00007fb810ce0000, 0x00007fb810f33db0, 0x00007fb830da0000)
  to   space 525056K,   0% used [0x00007fb7f0c20000, 0x00007fb7f0c20000, 0x00007fb810ce0000)
 tenured generation   total 13647076K, used 12987973K [0x00007fbc45b50000, 0x00007fbf86a89000, 0x00007fc6f0600000)
   the space 13647076K,  95% used [0x00007fbc45b50000, 0x00007fbf5e6e16b8, 0x00007fbf5e6e1800, 0x00007fbf86a89000)
 Metaspace       used 23373K, capacity 23760K, committed 23808K, reserved 24576K
}
Event: 150.156 GC heap after
{Heap after GC invocations=49 (full 13):
 def new generation   total 4725632K, used 0K [0x00007fb6f0600000, 0x00007fb830da0000, 0x00007fbc45b50000)
  eden space 4200576K,   0% used [0x00007fb6f0600000, 0x00007fb6f0600000, 0x00007fb7f0c20000)
  from space 525056K,   0% used [0x00007fb810ce0000, 0x00007fb810ce0000, 0x00007fb830da0000)
  to   space 525056K,   0% used [0x00007fb7f0c20000, 0x00007fb7f0c20000, 0x00007fb810ce0000)
 tenured generation   total 10501344K, used 3157090K [0x00007fbc45b50000, 0x00007fbec6a88000, 0x00007fc6f0600000)
   the space 10501344K,  30% used [0x00007fbc45b50000, 0x00007fbd06668a88, 0x00007fbd06668c00, 0x00007fbec6a88000)
 Metaspace       used 23373K, capacity 23760K, committed 23808K, reserved 24576K
}
Event: 150.637 GC heap before
{Heap before GC invocations=49 (full 13):
 def new generation   total 4725632K, used 3228307K [0x00007fb6f0600000, 0x00007fb830da0000, 0x00007fbc45b50000)
  eden space 4200576K,  76% used [0x00007fb6f0600000, 0x00007fb7b56a4c48, 0x00007fb7f0c20000)
  from space 525056K,   0% used [0x00007fb810ce0000, 0x00007fb810ce0000, 0x00007fb830da0000)
  to   space 525056K,   0% used [0x00007fb7f0c20000, 0x00007fb7f0c20000, 0x00007fb810ce0000)
 tenured generation   total 10501344K, used 3157090K [0x00007fbc45b50000, 0x00007fbec6a88000, 0x00007fc6f0600000)
   the space 10501344K,  30% used [0x00007fbc45b50000, 0x00007fbd06668a88, 0x00007fbd06668c00, 0x00007fbec6a88000)
 Metaspace       used 23373K, capacity 23760K, committed 23808K, reserved 24576K
}
Event: 150.879 GC heap after
{Heap after GC invocations=50 (full 13):
 def new generation   total 4725632K, used 0K [0x00007fb6f0600000, 0x00007fb830da0000, 0x00007fbc45b50000)
  eden space 4200576K,   0% used [0x00007fb6f0600000, 0x00007fb6f0600000, 0x00007fb7f0c20000)
  from space 525056K,   0% used [0x00007fb7f0c20000, 0x00007fb7f0c20230, 0x00007fb810ce0000)
  to   space 525056K,   0% used [0x00007fb810ce0000, 0x00007fb810ce0000, 0x00007fb830da0000)
 tenured generation   total 10501344K, used 6302818K [0x00007fbc45b50000, 0x00007fbec6a88000, 0x00007fc6f0600000)
   the space 10501344K,  60% used [0x00007fbc45b50000, 0x00007fbdc6668aa0, 0x00007fbdc6668c00, 0x00007fbec6a88000)
 Metaspace       used 23373K, capacity 23760K, committed 23808K, reserved 24576K
}
Event: 152.588 GC heap before
{Heap before GC invocations=50 (full 13):
 def new generation   total 4725632K, used 3228057K [0x00007fb6f0600000, 0x00007fb830da0000, 0x00007fbc45b50000)
  eden space 4200576K,  76% used [0x00007fb6f0600000, 0x00007fb7b56661f0, 0x00007fb7f0c20000)
  from space 525056K,   0% used [0x00007fb7f0c20000, 0x00007fb7f0c20230, 0x00007fb810ce0000)
  to   space 525056K,   0% used [0x00007fb810ce0000, 0x00007fb810ce0000, 0x00007fb830da0000)
 tenured generation   total 10501344K, used 6302818K [0x00007fbc45b50000, 0x00007fbec6a88000, 0x00007fc6f0600000)
   the space 10501344K,  60% used [0x00007fbc45b50000, 0x00007fbdc6668aa0, 0x00007fbdc6668c00, 0x00007fbec6a88000)
 Metaspace       used 23373K, capacity 23760K, committed 23808K, reserved 24576K
}
Event: 152.843 GC heap after
{Heap after GC invocations=51 (full 13):
 def new generation   total 4725632K, used 1K [0x00007fb6f0600000, 0x00007fb830da0000, 0x00007fbc45b50000)
  eden space 4200576K,   0% used [0x00007fb6f0600000, 0x00007fb6f0600000, 0x00007fb7f0c20000)
  from space 525056K,   0% used [0x00007fb810ce0000, 0x00007fb810ce0448, 0x00007fb830da0000)
  to   space 525056K,   0% used [0x00007fb7f0c20000, 0x00007fb7f0c20000, 0x00007fb810ce0000)
 tenured generation   total 10501344K, used 9448546K [0x00007fbc45b50000, 0x00007fbec6a88000, 0x00007fc6f0600000)
   the space 10501344K,  89% used [0x00007fbc45b50000, 0x00007fbe86668ab8, 0x00007fbe86668c00, 0x00007fbec6a88000)
 Metaspace       used 23373K, capacity 23760K, committed 23808K, reserved 24576K
}
Event: 155.550 GC heap before
{Heap before GC invocations=51 (full 13):
 def new generation   total 4725632K, used 4200577K [0x00007fb6f0600000, 0x00007fb830da0000, 0x00007fbc45b50000)
  eden space 4200576K, 100% used [0x00007fb6f0600000, 0x00007fb7f0c20000, 0x00007fb7f0c20000)
  from space 525056K,   0% used [0x00007fb810ce0000, 0x00007fb810ce0448, 0x00007fb830da0000)
  to   space 525056K,   0% used [0x00007fb7f0c20000, 0x00007fb7f0c20000, 0x00007fb810ce0000)
 tenured generation   total 10501344K, used 9448546K [0x00007fbc45b50000, 0x00007fbec6a88000, 0x00007fc6f0600000)
   the space 10501344K,  89% used [0x00007fbc45b50000, 0x00007fbe86668ab8, 0x00007fbe86668c00, 0x00007fbec6a88000)
 Metaspace       used 23378K, capacity 23760K, committed 23808K, reserved 24576K
}
Event: 155.641 GC heap after
{Heap after GC invocations=52 (full 13):
 def new generation   total 4725632K, used 393887K [0x00007fb6f0600000, 0x00007fb830da0000, 0x00007fbc45b50000)
  eden space 4200576K,   0% used [0x00007fb6f0600000, 0x00007fb6f0600000, 0x00007fb7f0c20000)
  from space 525056K,  75% used [0x00007fb7f0c20000, 0x00007fb808cc7d68, 0x00007fb810ce0000)
  to   space 525056K,   0% used [0x00007fb810ce0000, 0x00007fb810ce0000, 0x00007fb830da0000)
 tenured generation   total 10501344K, used 9448546K [0x00007fbc45b50000, 0x00007fbec6a88000, 0x00007fc6f0600000)
   the space 10501344K,  89% used [0x00007fbc45b50000, 0x00007fbe86668ab8, 0x00007fbe86668c00, 0x00007fbec6a88000)
 Metaspace       used 23378K, capacity 23760K, committed 23808K, reserved 24576K
}
Event: 158.000 GC heap before
{Heap before GC invocations=52 (full 13):
 def new generation   total 4725632K, used 4119332K [0x00007fb6f0600000, 0x00007fb830da0000, 0x00007fbc45b50000)
  eden space 4200576K,  88% used [0x00007fb6f0600000, 0x00007fb7d3c213d0, 0x00007fb7f0c20000)
  from space 525056K,  75% used [0x00007fb7f0c20000, 0x00007fb808cc7d68, 0x00007fb810ce0000)
  to   space 525056K,   0% used [0x00007fb810ce0000, 0x00007fb810ce0000, 0x00007fb830da0000)
 tenured generation   total 10501344K, used 9448546K [0x00007fbc45b50000, 0x00007fbec6a88000, 0x00007fc6f0600000)
   the space 10501344K,  89% used [0x00007fbc45b50000, 0x00007fbe86668ab8, 0x00007fbe86668c00, 0x00007fbec6a88000)
 Metaspace       used 23378K, capacity 23760K, committed 23808K, reserved 24576K
}

