# JRE version: OpenJDK Runtime Environment (13.0.7+5) (build 13.0.7+5-Ubuntu-0ubuntu120.04)
# Java VM: OpenJDK 64-Bit Server VM (13.0.7+5-Ubuntu-0ubuntu120.04, mixed mode, tiered, serial gc, linux-amd64)
Heap:
 def new generation   total 1049408K, used 41230K [0x00007f6694600000, 0x00007f66db8a0000, 0x00007f6be9b50000)
  eden space 932864K,   4% used [0x00007f6694600000, 0x00007f6696e43818, 0x00007f66cd500000)
  from space 116544K,   0% used [0x00007f66cd500000, 0x00007f66cd500000, 0x00007f66d46d0000)
  to   space 116544K,   0% used [0x00007f66d46d0000, 0x00007f66d46d0000, 0x00007f66db8a0000)
 tenured generation   total 2333376K, used 2333375K [0x00007f6be9b50000, 0x00007f6c78200000, 0x00007f7694600000)
   the space 2333376K,  99% used [0x00007f6be9b50000, 0x00007f6c781ffff8, 0x00007f6c78200000, 0x00007f6c78200000)
 Metaspace       used 24265K, capacity 24657K, committed 24832K, reserved 26624K
GC Heap History (20 events):
Event: 910.215 GC heap after
{Heap after GC invocations=1227 (full 2):
 def new generation   total 1049408K, used 41109K [0x00007f6694600000, 0x00007f66db8a0000, 0x00007f6be9b50000)
  eden space 932864K,   0% used [0x00007f6694600000, 0x00007f6694600000, 0x00007f66cd500000)
  from space 116544K,  35% used [0x00007f66d46d0000, 0x00007f66d6ef55c0, 0x00007f66db8a0000)
  to   space 116544K,   0% used [0x00007f66cd500000, 0x00007f66cd500000, 0x00007f66d46d0000)
 tenured generation   total 2331840K, used 2308573K [0x00007f6be9b50000, 0x00007f6c78080000, 0x00007f7694600000)
   the space 2331840K,  99% used [0x00007f6be9b50000, 0x00007f6c769c7410, 0x00007f6c769c7600, 0x00007f6c78080000)
 Metaspace       used 24265K, capacity 24657K, committed 24832K, reserved 26624K
}
Event: 911.111 GC heap before
{Heap before GC invocations=1227 (full 2):
 def new generation   total 1049408K, used 973973K [0x00007f6694600000, 0x00007f66db8a0000, 0x00007f6be9b50000)
  eden space 932864K, 100% used [0x00007f6694600000, 0x00007f66cd500000, 0x00007f66cd500000)
  from space 116544K,  35% used [0x00007f66d46d0000, 0x00007f66d6ef55c0, 0x00007f66db8a0000)
  to   space 116544K,   0% used [0x00007f66cd500000, 0x00007f66cd500000, 0x00007f66d46d0000)
 tenured generation   total 2331840K, used 2308573K [0x00007f6be9b50000, 0x00007f6c78080000, 0x00007f7694600000)
   the space 2331840K,  99% used [0x00007f6be9b50000, 0x00007f6c769c7410, 0x00007f6c769c7600, 0x00007f6c78080000)
 Metaspace       used 24265K, capacity 24657K, committed 24832K, reserved 26624K
}
Event: 911.240 GC heap after
{Heap after GC invocations=1228 (full 2):
 def new generation   total 1049408K, used 41530K [0x00007f6694600000, 0x00007f66db8a0000, 0x00007f6be9b50000)
  eden space 932864K,   0% used [0x00007f6694600000, 0x00007f6694600000, 0x00007f66cd500000)
  from space 116544K,  35% used [0x00007f66cd500000, 0x00007f66cfd8eae0, 0x00007f66d46d0000)
  to   space 116544K,   0% used [0x00007f66d46d0000, 0x00007f66d46d0000, 0x00007f66db8a0000)
 tenured generation   total 2331840K, used 2311186K [0x00007f6be9b50000, 0x00007f6c78080000, 0x00007f7694600000)
   the space 2331840K,  99% used [0x00007f6be9b50000, 0x00007f6c76c54938, 0x00007f6c76c54a00, 0x00007f6c78080000)
 Metaspace       used 24265K, capacity 24657K, committed 24832K, reserved 26624K
}
Event: 912.142 GC heap before
{Heap before GC invocations=1228 (full 2):
 def new generation   total 1049408K, used 974394K [0x00007f6694600000, 0x00007f66db8a0000, 0x00007f6be9b50000)
  eden space 932864K, 100% used [0x00007f6694600000, 0x00007f66cd500000, 0x00007f66cd500000)
  from space 116544K,  35% used [0x00007f66cd500000, 0x00007f66cfd8eae0, 0x00007f66d46d0000)
  to   space 116544K,   0% used [0x00007f66d46d0000, 0x00007f66d46d0000, 0x00007f66db8a0000)
 tenured generation   total 2331840K, used 2311186K [0x00007f6be9b50000, 0x00007f6c78080000, 0x00007f7694600000)
   the space 2331840K,  99% used [0x00007f6be9b50000, 0x00007f6c76c54938, 0x00007f6c76c54a00, 0x00007f6c78080000)
 Metaspace       used 24265K, capacity 24657K, committed 24832K, reserved 26624K
}
Event: 912.275 GC heap after
{Heap after GC invocations=1229 (full 2):
 def new generation   total 1049408K, used 41045K [0x00007f6694600000, 0x00007f66db8a0000, 0x00007f6be9b50000)
  eden space 932864K,   0% used [0x00007f6694600000, 0x00007f6694600000, 0x00007f66cd500000)
  from space 116544K,  35% used [0x00007f66d46d0000, 0x00007f66d6ee5408, 0x00007f66db8a0000)
  to   space 116544K,   0% used [0x00007f66cd500000, 0x00007f66cd500000, 0x00007f66d46d0000)
 tenured generation   total 2331840K, used 2314360K [0x00007f6be9b50000, 0x00007f6c78080000, 0x00007f7694600000)
   the space 2331840K,  99% used [0x00007f6be9b50000, 0x00007f6c76f6e1a8, 0x00007f6c76f6e200, 0x00007f6c78080000)
 Metaspace       used 24265K, capacity 24657K, committed 24832K, reserved 26624K
}
Event: 913.161 GC heap before
{Heap before GC invocations=1229 (full 2):
 def new generation   total 1049408K, used 973909K [0x00007f6694600000, 0x00007f66db8a0000, 0x00007f6be9b50000)
  eden space 932864K, 100% used [0x00007f6694600000, 0x00007f66cd500000, 0x00007f66cd500000)
  from space 116544K,  35% used [0x00007f66d46d0000, 0x00007f66d6ee5408, 0x00007f66db8a0000)
  to   space 116544K,   0% used [0x00007f66cd500000, 0x00007f66cd500000, 0x00007f66d46d0000)
 tenured generation   total 2331840K, used 2314360K [0x00007f6be9b50000, 0x00007f6c78080000, 0x00007f7694600000)
   the space 2331840K,  99% used [0x00007f6be9b50000, 0x00007f6c76f6e1a8, 0x00007f6c76f6e200, 0x00007f6c78080000)
 Metaspace       used 24265K, capacity 24657K, committed 24832K, reserved 26624K
}
Event: 913.280 GC heap after
{Heap after GC invocations=1230 (full 2):
 def new generation   total 1049408K, used 41460K [0x00007f6694600000, 0x00007f66db8a0000, 0x00007f6be9b50000)
  eden space 932864K,   0% used [0x00007f6694600000, 0x00007f6694600000, 0x00007f66cd500000)
  from space 116544K,  35% used [0x00007f66cd500000, 0x00007f66cfd7d170, 0x00007f66d46d0000)
  to   space 116544K,   0% used [0x00007f66d46d0000, 0x00007f66d46d0000, 0x00007f66db8a0000)
 tenured generation   total 2331840K, used 2316931K [0x00007f6be9b50000, 0x00007f6c78080000, 0x00007f7694600000)
   the space 2331840K,  99% used [0x00007f6be9b50000, 0x00007f6c771f0c28, 0x00007f6c771f0e00, 0x00007f6c78080000)
 Metaspace       used 24265K, capacity 24657K, committed 24832K, reserved 26624K
}
Event: 914.191 GC heap before
{Heap before GC invocations=1230 (full 2):
 def new generation   total 1049408K, used 974324K [0x00007f6694600000, 0x00007f66db8a0000, 0x00007f6be9b50000)
  eden space 932864K, 100% used [0x00007f6694600000, 0x00007f66cd500000, 0x00007f66cd500000)
  from space 116544K,  35% used [0x00007f66cd500000, 0x00007f66cfd7d170, 0x00007f66d46d0000)
  to   space 116544K,   0% used [0x00007f66d46d0000, 0x00007f66d46d0000, 0x00007f66db8a0000)
 tenured generation   total 2331840K, used 2316931K [0x00007f6be9b50000, 0x00007f6c78080000, 0x00007f7694600000)
   the space 2331840K,  99% used [0x00007f6be9b50000, 0x00007f6c771f0c28, 0x00007f6c771f0e00, 0x00007f6c78080000)
 Metaspace       used 24265K, capacity 24657K, committed 24832K, reserved 26624K
}
Event: 914.322 GC heap after
{Heap after GC invocations=1231 (full 2):
 def new generation   total 1049408K, used 41654K [0x00007f6694600000, 0x00007f66db8a0000, 0x00007f6be9b50000)
  eden space 932864K,   0% used [0x00007f6694600000, 0x00007f6694600000, 0x00007f66cd500000)
  from space 116544K,  35% used [0x00007f66d46d0000, 0x00007f66d6f7d8c0, 0x00007f66db8a0000)
  to   space 116544K,   0% used [0x00007f66cd500000, 0x00007f66cd500000, 0x00007f66d46d0000)
 tenured generation   total 2331840K, used 2319444K [0x00007f6be9b50000, 0x00007f6c78080000, 0x00007f7694600000)
   the space 2331840K,  99% used [0x00007f6be9b50000, 0x00007f6c77465258, 0x00007f6c77465400, 0x00007f6c78080000)
 Metaspace       used 24265K, capacity 24657K, committed 24832K, reserved 26624K
}
Event: 915.231 GC heap before
{Heap before GC invocations=1231 (full 2):
 def new generation   total 1049408K, used 974518K [0x00007f6694600000, 0x00007f66db8a0000, 0x00007f6be9b50000)
  eden space 932864K, 100% used [0x00007f6694600000, 0x00007f66cd500000, 0x00007f66cd500000)
  from space 116544K,  35% used [0x00007f66d46d0000, 0x00007f66d6f7d8c0, 0x00007f66db8a0000)
  to   space 116544K,   0% used [0x00007f66cd500000, 0x00007f66cd500000, 0x00007f66d46d0000)
 tenured generation   total 2331840K, used 2319444K [0x00007f6be9b50000, 0x00007f6c78080000, 0x00007f7694600000)
   the space 2331840K,  99% used [0x00007f6be9b50000, 0x00007f6c77465258, 0x00007f6c77465400, 0x00007f6c78080000)
 Metaspace       used 24265K, capacity 24657K, committed 24832K, reserved 26624K
}
Event: 915.367 GC heap after
{Heap after GC invocations=1232 (full 2):
 def new generation   total 1049408K, used 41367K [0x00007f6694600000, 0x00007f66db8a0000, 0x00007f6be9b50000)
  eden space 932864K,   0% used [0x00007f6694600000, 0x00007f6694600000, 0x00007f66cd500000)
  from space 116544K,  35% used [0x00007f66cd500000, 0x00007f66cfd65e30, 0x00007f66d46d0000)
  to   space 116544K,   0% used [0x00007f66d46d0000, 0x00007f66d46d0000, 0x00007f66db8a0000)
 tenured generation   total 2331840K, used 2322530K [0x00007f6be9b50000, 0x00007f6c78080000, 0x00007f7694600000)
   the space 2331840K,  99% used [0x00007f6be9b50000, 0x00007f6c77768b28, 0x00007f6c77768c00, 0x00007f6c78080000)
 Metaspace       used 24265K, capacity 24657K, committed 24832K, reserved 26624K
}
Event: 916.272 GC heap before
{Heap before GC invocations=1232 (full 2):
 def new generation   total 1049408K, used 974231K [0x00007f6694600000, 0x00007f66db8a0000, 0x00007f6be9b50000)
  eden space 932864K, 100% used [0x00007f6694600000, 0x00007f66cd500000, 0x00007f66cd500000)
  from space 116544K,  35% used [0x00007f66cd500000, 0x00007f66cfd65e30, 0x00007f66d46d0000)
  to   space 116544K,   0% used [0x00007f66d46d0000, 0x00007f66d46d0000, 0x00007f66db8a0000)
 tenured generation   total 2331840K, used 2322530K [0x00007f6be9b50000, 0x00007f6c78080000, 0x00007f7694600000)
   the space 2331840K,  99% used [0x00007f6be9b50000, 0x00007f6c77768b28, 0x00007f6c77768c00, 0x00007f6c78080000)
 Metaspace       used 24265K, capacity 24657K, committed 24832K, reserved 26624K
}
Event: 916.402 GC heap after
{Heap after GC invocations=1233 (full 2):
 def new generation   total 1049408K, used 41321K [0x00007f6694600000, 0x00007f66db8a0000, 0x00007f6be9b50000)
  eden space 932864K,   0% used [0x00007f6694600000, 0x00007f6694600000, 0x00007f66cd500000)
  from space 116544K,  35% used [0x00007f66d46d0000, 0x00007f66d6f2a4f8, 0x00007f66db8a0000)
  to   space 116544K,   0% used [0x00007f66cd500000, 0x00007f66cd500000, 0x00007f66d46d0000)
 tenured generation   total 2331840K, used 2325079K [0x00007f6be9b50000, 0x00007f6c78080000, 0x00007f7694600000)
   the space 2331840K,  99% used [0x00007f6be9b50000, 0x00007f6c779e5e08, 0x00007f6c779e6000, 0x00007f6c78080000)
 Metaspace       used 24265K, capacity 24657K, committed 24832K, reserved 26624K
}
Event: 917.317 GC heap before
{Heap before GC invocations=1233 (full 2):
 def new generation   total 1049408K, used 974185K [0x00007f6694600000, 0x00007f66db8a0000, 0x00007f6be9b50000)
  eden space 932864K, 100% used [0x00007f6694600000, 0x00007f66cd500000, 0x00007f66cd500000)
  from space 116544K,  35% used [0x00007f66d46d0000, 0x00007f66d6f2a4f8, 0x00007f66db8a0000)
  to   space 116544K,   0% used [0x00007f66cd500000, 0x00007f66cd500000, 0x00007f66d46d0000)
 tenured generation   total 2331840K, used 2325079K [0x00007f6be9b50000, 0x00007f6c78080000, 0x00007f7694600000)
   the space 2331840K,  99% used [0x00007f6be9b50000, 0x00007f6c779e5e08, 0x00007f6c779e6000, 0x00007f6c78080000)
 Metaspace       used 24265K, capacity 24657K, committed 24832K, reserved 26624K
}
Event: 917.451 GC heap after
{Heap after GC invocations=1234 (full 2):
 def new generation   total 1049408K, used 40321K [0x00007f6694600000, 0x00007f66db8a0000, 0x00007f6be9b50000)
  eden space 932864K,   0% used [0x00007f6694600000, 0x00007f6694600000, 0x00007f66cd500000)
  from space 116544K,  34% used [0x00007f66cd500000, 0x00007f66cfc60418, 0x00007f66d46d0000)
  to   space 116544K,   0% used [0x00007f66d46d0000, 0x00007f66d46d0000, 0x00007f66db8a0000)
 tenured generation   total 2331840K, used 2328484K [0x00007f6be9b50000, 0x00007f6c78080000, 0x00007f7694600000)
   the space 2331840K,  99% used [0x00007f6be9b50000, 0x00007f6c77d39230, 0x00007f6c77d39400, 0x00007f6c78080000)
 Metaspace       used 24265K, capacity 24657K, committed 24832K, reserved 26624K
}
Event: 918.290 GC heap before
{Heap before GC invocations=1234 (full 2):
 def new generation   total 1049408K, used 973185K [0x00007f6694600000, 0x00007f66db8a0000, 0x00007f6be9b50000)
  eden space 932864K, 100% used [0x00007f6694600000, 0x00007f66cd500000, 0x00007f66cd500000)
  from space 116544K,  34% used [0x00007f66cd500000, 0x00007f66cfc60418, 0x00007f66d46d0000)
  to   space 116544K,   0% used [0x00007f66d46d0000, 0x00007f66d46d0000, 0x00007f66db8a0000)
 tenured generation   total 2331840K, used 2328484K [0x00007f6be9b50000, 0x00007f6c78080000, 0x00007f7694600000)
   the space 2331840K,  99% used [0x00007f6be9b50000, 0x00007f6c77d39230, 0x00007f6c77d39400, 0x00007f6c78080000)
 Metaspace       used 24265K, capacity 24657K, committed 24832K, reserved 26624K
}
Event: 918.427 GC heap after
{Heap after GC invocations=1235 (full 2):
 def new generation   total 1049408K, used 40736K [0x00007f6694600000, 0x00007f66db8a0000, 0x00007f6be9b50000)
  eden space 932864K,   0% used [0x00007f6694600000, 0x00007f6694600000, 0x00007f66cd500000)
  from space 116544K,  34% used [0x00007f66d46d0000, 0x00007f66d6e980d8, 0x00007f66db8a0000)
  to   space 116544K,   0% used [0x00007f66cd500000, 0x00007f66cd500000, 0x00007f66d46d0000)
 tenured generation   total 2331840K, used 2330461K [0x00007f6be9b50000, 0x00007f6c78080000, 0x00007f7694600000)
   the space 2331840K,  99% used [0x00007f6be9b50000, 0x00007f6c77f27780, 0x00007f6c77f27800, 0x00007f6c78080000)
 Metaspace       used 24265K, capacity 24657K, committed 24832K, reserved 26624K
}
Event: 919.410 GC heap before
{Heap before GC invocations=1235 (full 2):
 def new generation   total 1049408K, used 973600K [0x00007f6694600000, 0x00007f66db8a0000, 0x00007f6be9b50000)
  eden space 932864K, 100% used [0x00007f6694600000, 0x00007f66cd500000, 0x00007f66cd500000)
  from space 116544K,  34% used [0x00007f66d46d0000, 0x00007f66d6e980d8, 0x00007f66db8a0000)
  to   space 116544K,   0% used [0x00007f66cd500000, 0x00007f66cd500000, 0x00007f66d46d0000)
 tenured generation   total 2331840K, used 2330461K [0x00007f6be9b50000, 0x00007f6c78080000, 0x00007f7694600000)
   the space 2331840K,  99% used [0x00007f6be9b50000, 0x00007f6c77f27780, 0x00007f6c77f27800, 0x00007f6c78080000)
 Metaspace       used 24265K, capacity 24657K, committed 24832K, reserved 26624K
}
Event: 919.535 GC heap after
{Heap after GC invocations=1236 (full 2):
 def new generation   total 1049408K, used 41354K [0x00007f6694600000, 0x00007f66db8a0000, 0x00007f6be9b50000)
  eden space 932864K,   0% used [0x00007f6694600000, 0x00007f6694600000, 0x00007f66cd500000)
  from space 116544K,  35% used [0x00007f66cd500000, 0x00007f66cfd62820, 0x00007f66d46d0000)
  to   space 116544K,   0% used [0x00007f66d46d0000, 0x00007f66d46d0000, 0x00007f66db8a0000)
 tenured generation   total 2333376K, used 2333251K [0x00007f6be9b50000, 0x00007f6c78200000, 0x00007f7694600000)
   the space 2333376K,  99% used [0x00007f6be9b50000, 0x00007f6c781e0ff0, 0x00007f6c781e1000, 0x00007f6c78200000)
 Metaspace       used 24265K, capacity 24657K, committed 24832K, reserved 26624K
}
Event: 919.535 GC heap before
{Heap before GC invocations=1236 (full 2):
 def new generation   total 1049408K, used 41354K [0x00007f6694600000, 0x00007f66db8a0000, 0x00007f6be9b50000)
  eden space 932864K,   0% used [0x00007f6694600000, 0x00007f6694600000, 0x00007f66cd500000)
  from space 116544K,  35% used [0x00007f66cd500000, 0x00007f66cfd62820, 0x00007f66d46d0000)
  to   space 116544K,   0% used [0x00007f66d46d0000, 0x00007f66d46d0000, 0x00007f66db8a0000)
 tenured generation   total 2333376K, used 2333251K [0x00007f6be9b50000, 0x00007f6c78200000, 0x00007f7694600000)
   the space 2333376K,  99% used [0x00007f6be9b50000, 0x00007f6c781e0ff0, 0x00007f6c781e1000, 0x00007f6c78200000)
 Metaspace       used 24265K, capacity 24657K, committed 24832K, reserved 26624K
}

