# JRE version: OpenJDK Runtime Environment (13.0.7+5) (build 13.0.7+5-Ubuntu-0ubuntu120.04)
# Java VM: OpenJDK 64-Bit Server VM (13.0.7+5-Ubuntu-0ubuntu120.04, mixed mode, tiered, serial gc, linux-amd64)
Heap:
 def new generation   total 1023296K, used 0K [0x00007fbb04600000, 0x00007fbb49c50000, 0x00007fc5af0a0000)
  eden space 909632K,   0% used [0x00007fbb04600000, 0x00007fbb04600000, 0x00007fbb3be50000)
  from space 113664K,   0% used [0x00007fbb42d50000, 0x00007fbb42d50000, 0x00007fbb49c50000)
  to   space 113664K,   0% used [0x00007fbb3be50000, 0x00007fbb3be50000, 0x00007fbb42d50000)
 tenured generation   total 2290284K, used 2188057K [0x00007fc5af0a0000, 0x00007fc63ad3b000, 0x00007fdb04600000)
   the space 2290284K,  95% used [0x00007fc5af0a0000, 0x00007fc634966620, 0x00007fc634966800, 0x00007fc63ad3b000)
 Metaspace       used 24261K, capacity 24634K, committed 24832K, reserved 26624K
GC Heap History (20 events):
Event: 694.686 GC heap after
{Heap after GC invocations=888 (full 4):
 def new generation   total 1023296K, used 38012K [0x00007fbb04600000, 0x00007fbb49c50000, 0x00007fc5af0a0000)
  eden space 909632K,   0% used [0x00007fbb04600000, 0x00007fbb04600000, 0x00007fbb3be50000)
  from space 113664K,  33% used [0x00007fbb3be50000, 0x00007fbb3e36f250, 0x00007fbb42d50000)
  to   space 113664K,   0% used [0x00007fbb42d50000, 0x00007fbb42d50000, 0x00007fbb49c50000)
 tenured generation   total 2273896K, used 2247089K [0x00007fc5af0a0000, 0x00007fc639d3a000, 0x00007fdb04600000)
   the space 2273896K,  98% used [0x00007fc5af0a0000, 0x00007fc63830c578, 0x00007fc63830c600, 0x00007fc639d3a000)
 Metaspace       used 24261K, capacity 24634K, committed 24832K, reserved 26624K
}
Event: 695.933 GC heap before
{Heap before GC invocations=888 (full 4):
 def new generation   total 1023296K, used 947644K [0x00007fbb04600000, 0x00007fbb49c50000, 0x00007fc5af0a0000)
  eden space 909632K, 100% used [0x00007fbb04600000, 0x00007fbb3be50000, 0x00007fbb3be50000)
  from space 113664K,  33% used [0x00007fbb3be50000, 0x00007fbb3e36f250, 0x00007fbb42d50000)
  to   space 113664K,   0% used [0x00007fbb42d50000, 0x00007fbb42d50000, 0x00007fbb49c50000)
 tenured generation   total 2273896K, used 2247089K [0x00007fc5af0a0000, 0x00007fc639d3a000, 0x00007fdb04600000)
   the space 2273896K,  98% used [0x00007fc5af0a0000, 0x00007fc63830c578, 0x00007fc63830c600, 0x00007fc639d3a000)
 Metaspace       used 24261K, capacity 24634K, committed 24832K, reserved 26624K
}
Event: 695.981 GC heap after
{Heap after GC invocations=889 (full 4):
 def new generation   total 1023296K, used 44198K [0x00007fbb04600000, 0x00007fbb49c50000, 0x00007fc5af0a0000)
  eden space 909632K,   0% used [0x00007fbb04600000, 0x00007fbb04600000, 0x00007fbb3be50000)
  from space 113664K,  38% used [0x00007fbb42d50000, 0x00007fbb45879990, 0x00007fbb49c50000)
  to   space 113664K,   0% used [0x00007fbb3be50000, 0x00007fbb3be50000, 0x00007fbb42d50000)
 tenured generation   total 2273896K, used 2247089K [0x00007fc5af0a0000, 0x00007fc639d3a000, 0x00007fdb04600000)
   the space 2273896K,  98% used [0x00007fc5af0a0000, 0x00007fc63830c578, 0x00007fc63830c600, 0x00007fc639d3a000)
 Metaspace       used 24261K, capacity 24634K, committed 24832K, reserved 26624K
}
Event: 697.127 GC heap before
{Heap before GC invocations=889 (full 4):
 def new generation   total 1023296K, used 952818K [0x00007fbb04600000, 0x00007fbb49c50000, 0x00007fc5af0a0000)
  eden space 909632K,  99% used [0x00007fbb04600000, 0x00007fbb3bd53008, 0x00007fbb3be50000)
  from space 113664K,  38% used [0x00007fbb42d50000, 0x00007fbb45879990, 0x00007fbb49c50000)
  to   space 113664K,   0% used [0x00007fbb3be50000, 0x00007fbb3be50000, 0x00007fbb42d50000)
 tenured generation   total 2273896K, used 2247089K [0x00007fc5af0a0000, 0x00007fc639d3a000, 0x00007fdb04600000)
   the space 2273896K,  98% used [0x00007fc5af0a0000, 0x00007fc63830c578, 0x00007fc63830c600, 0x00007fc639d3a000)
 Metaspace       used 24261K, capacity 24634K, committed 24832K, reserved 26624K
}
Event: 697.176 GC heap after
{Heap after GC invocations=890 (full 4):
 def new generation   total 1023296K, used 53982K [0x00007fbb04600000, 0x00007fbb49c50000, 0x00007fc5af0a0000)
  eden space 909632K,   0% used [0x00007fbb04600000, 0x00007fbb04600000, 0x00007fbb3be50000)
  from space 113664K,  47% used [0x00007fbb3be50000, 0x00007fbb3f307a30, 0x00007fbb42d50000)
  to   space 113664K,   0% used [0x00007fbb42d50000, 0x00007fbb42d50000, 0x00007fbb49c50000)
 tenured generation   total 2273896K, used 2247089K [0x00007fc5af0a0000, 0x00007fc639d3a000, 0x00007fdb04600000)
   the space 2273896K,  98% used [0x00007fc5af0a0000, 0x00007fc63830c578, 0x00007fc63830c600, 0x00007fc639d3a000)
 Metaspace       used 24261K, capacity 24634K, committed 24832K, reserved 26624K
}
Event: 698.019 GC heap before
{Heap before GC invocations=890 (full 4):
 def new generation   total 1023296K, used 963614K [0x00007fbb04600000, 0x00007fbb49c50000, 0x00007fc5af0a0000)
  eden space 909632K, 100% used [0x00007fbb04600000, 0x00007fbb3be50000, 0x00007fbb3be50000)
  from space 113664K,  47% used [0x00007fbb3be50000, 0x00007fbb3f307a30, 0x00007fbb42d50000)
  to   space 113664K,   0% used [0x00007fbb42d50000, 0x00007fbb42d50000, 0x00007fbb49c50000)
 tenured generation   total 2273896K, used 2247089K [0x00007fc5af0a0000, 0x00007fc639d3a000, 0x00007fdb04600000)
   the space 2273896K,  98% used [0x00007fc5af0a0000, 0x00007fc63830c578, 0x00007fc63830c600, 0x00007fc639d3a000)
 Metaspace       used 24261K, capacity 24634K, committed 24832K, reserved 26624K
}
Event: 698.061 GC heap after
{Heap after GC invocations=891 (full 4):
 def new generation   total 1023296K, used 52385K [0x00007fbb04600000, 0x00007fbb49c50000, 0x00007fc5af0a0000)
  eden space 909632K,   0% used [0x00007fbb04600000, 0x00007fbb04600000, 0x00007fbb3be50000)
  from space 113664K,  46% used [0x00007fbb42d50000, 0x00007fbb46078738, 0x00007fbb49c50000)
  to   space 113664K,   0% used [0x00007fbb3be50000, 0x00007fbb3be50000, 0x00007fbb42d50000)
 tenured generation   total 2273896K, used 2247089K [0x00007fc5af0a0000, 0x00007fc639d3a000, 0x00007fdb04600000)
   the space 2273896K,  98% used [0x00007fc5af0a0000, 0x00007fc63830c578, 0x00007fc63830c600, 0x00007fc639d3a000)
 Metaspace       used 24261K, capacity 24634K, committed 24832K, reserved 26624K
}
Event: 699.002 GC heap before
{Heap before GC invocations=891 (full 4):
 def new generation   total 1023296K, used 953226K [0x00007fbb04600000, 0x00007fbb49c50000, 0x00007fc5af0a0000)
  eden space 909632K,  99% used [0x00007fbb04600000, 0x00007fbb3b5ba450, 0x00007fbb3be50000)
  from space 113664K,  46% used [0x00007fbb42d50000, 0x00007fbb46078738, 0x00007fbb49c50000)
  to   space 113664K,   0% used [0x00007fbb3be50000, 0x00007fbb3be50000, 0x00007fbb42d50000)
 tenured generation   total 2273896K, used 2247089K [0x00007fc5af0a0000, 0x00007fc639d3a000, 0x00007fdb04600000)
   the space 2273896K,  98% used [0x00007fc5af0a0000, 0x00007fc63830c578, 0x00007fc63830c600, 0x00007fc639d3a000)
 Metaspace       used 24261K, capacity 24634K, committed 24832K, reserved 26624K
}
Event: 699.051 GC heap after
{Heap after GC invocations=892 (full 4):
 def new generation   total 1023296K, used 73456K [0x00007fbb04600000, 0x00007fbb49c50000, 0x00007fc5af0a0000)
  eden space 909632K,   0% used [0x00007fbb04600000, 0x00007fbb04600000, 0x00007fbb3be50000)
  from space 113664K,  64% used [0x00007fbb3be50000, 0x00007fbb4060c060, 0x00007fbb42d50000)
  to   space 113664K,   0% used [0x00007fbb42d50000, 0x00007fbb42d50000, 0x00007fbb49c50000)
 tenured generation   total 2273896K, used 2247089K [0x00007fc5af0a0000, 0x00007fc639d3a000, 0x00007fdb04600000)
   the space 2273896K,  98% used [0x00007fc5af0a0000, 0x00007fc63830c578, 0x00007fc63830c600, 0x00007fc639d3a000)
 Metaspace       used 24261K, capacity 24634K, committed 24832K, reserved 26624K
}
Event: 700.197 GC heap before
{Heap before GC invocations=892 (full 4):
 def new generation   total 1023296K, used 966922K [0x00007fbb04600000, 0x00007fbb49c50000, 0x00007fc5af0a0000)
  eden space 909632K,  98% used [0x00007fbb04600000, 0x00007fbb3ae867b0, 0x00007fbb3be50000)
  from space 113664K,  64% used [0x00007fbb3be50000, 0x00007fbb4060c060, 0x00007fbb42d50000)
  to   space 113664K,   0% used [0x00007fbb42d50000, 0x00007fbb42d50000, 0x00007fbb49c50000)
 tenured generation   total 2273896K, used 2247089K [0x00007fc5af0a0000, 0x00007fc639d3a000, 0x00007fdb04600000)
   the space 2273896K,  98% used [0x00007fc5af0a0000, 0x00007fc63830c578, 0x00007fc63830c600, 0x00007fc639d3a000)
 Metaspace       used 24261K, capacity 24634K, committed 24832K, reserved 26624K
}
Event: 700.266 GC heap after
{Heap after GC invocations=893 (full 4):
 def new generation   total 1023296K, used 43682K [0x00007fbb04600000, 0x00007fbb49c50000, 0x00007fc5af0a0000)
  eden space 909632K,   0% used [0x00007fbb04600000, 0x00007fbb04600000, 0x00007fbb3be50000)
  from space 113664K,  38% used [0x00007fbb42d50000, 0x00007fbb457f8810, 0x00007fbb49c50000)
  to   space 113664K,   0% used [0x00007fbb3be50000, 0x00007fbb3be50000, 0x00007fbb42d50000)
 tenured generation   total 2273896K, used 2266103K [0x00007fc5af0a0000, 0x00007fc639d3a000, 0x00007fdb04600000)
   the space 2273896K,  99% used [0x00007fc5af0a0000, 0x00007fc63959dcf0, 0x00007fc63959de00, 0x00007fc639d3a000)
 Metaspace       used 24261K, capacity 24634K, committed 24832K, reserved 26624K
}
Event: 701.407 GC heap before
{Heap before GC invocations=893 (full 4):
 def new generation   total 1023296K, used 953314K [0x00007fbb04600000, 0x00007fbb49c50000, 0x00007fc5af0a0000)
  eden space 909632K, 100% used [0x00007fbb04600000, 0x00007fbb3be50000, 0x00007fbb3be50000)
  from space 113664K,  38% used [0x00007fbb42d50000, 0x00007fbb457f8810, 0x00007fbb49c50000)
  to   space 113664K,   0% used [0x00007fbb3be50000, 0x00007fbb3be50000, 0x00007fbb42d50000)
 tenured generation   total 2273896K, used 2266103K [0x00007fc5af0a0000, 0x00007fc639d3a000, 0x00007fdb04600000)
   the space 2273896K,  99% used [0x00007fc5af0a0000, 0x00007fc63959dcf0, 0x00007fc63959de00, 0x00007fc639d3a000)
 Metaspace       used 24261K, capacity 24634K, committed 24832K, reserved 26624K
}
Event: 701.458 GC heap after
{Heap after GC invocations=894 (full 4):
 def new generation   total 1023296K, used 49840K [0x00007fbb04600000, 0x00007fbb49c50000, 0x00007fc5af0a0000)
  eden space 909632K,   0% used [0x00007fbb04600000, 0x00007fbb04600000, 0x00007fbb3be50000)
  from space 113664K,  43% used [0x00007fbb3be50000, 0x00007fbb3eefc150, 0x00007fbb42d50000)
  to   space 113664K,   0% used [0x00007fbb42d50000, 0x00007fbb42d50000, 0x00007fbb49c50000)
 tenured generation   total 2273896K, used 2266103K [0x00007fc5af0a0000, 0x00007fc639d3a000, 0x00007fdb04600000)
   the space 2273896K,  99% used [0x00007fc5af0a0000, 0x00007fc63959dcf0, 0x00007fc63959de00, 0x00007fc639d3a000)
 Metaspace       used 24261K, capacity 24634K, committed 24832K, reserved 26624K
}
Event: 702.332 GC heap before
{Heap before GC invocations=894 (full 4):
 def new generation   total 1023296K, used 959472K [0x00007fbb04600000, 0x00007fbb49c50000, 0x00007fc5af0a0000)
  eden space 909632K, 100% used [0x00007fbb04600000, 0x00007fbb3be50000, 0x00007fbb3be50000)
  from space 113664K,  43% used [0x00007fbb3be50000, 0x00007fbb3eefc150, 0x00007fbb42d50000)
  to   space 113664K,   0% used [0x00007fbb42d50000, 0x00007fbb42d50000, 0x00007fbb49c50000)
 tenured generation   total 2273896K, used 2266103K [0x00007fc5af0a0000, 0x00007fc639d3a000, 0x00007fdb04600000)
   the space 2273896K,  99% used [0x00007fc5af0a0000, 0x00007fc63959dcf0, 0x00007fc63959de00, 0x00007fc639d3a000)
 Metaspace       used 24261K, capacity 24634K, committed 24832K, reserved 26624K
}
Event: 702.372 GC heap after
{Heap after GC invocations=895 (full 4):
 def new generation   total 1023296K, used 50351K [0x00007fbb04600000, 0x00007fbb49c50000, 0x00007fc5af0a0000)
  eden space 909632K,   0% used [0x00007fbb04600000, 0x00007fbb04600000, 0x00007fbb3be50000)
  from space 113664K,  44% used [0x00007fbb42d50000, 0x00007fbb45e7bcb0, 0x00007fbb49c50000)
  to   space 113664K,   0% used [0x00007fbb3be50000, 0x00007fbb3be50000, 0x00007fbb42d50000)
 tenured generation   total 2273896K, used 2266103K [0x00007fc5af0a0000, 0x00007fc639d3a000, 0x00007fdb04600000)
   the space 2273896K,  99% used [0x00007fc5af0a0000, 0x00007fc63959dcf0, 0x00007fc63959de00, 0x00007fc639d3a000)
 Metaspace       used 24261K, capacity 24634K, committed 24832K, reserved 26624K
}
Event: 703.538 GC heap before
{Heap before GC invocations=895 (full 4):
 def new generation   total 1023296K, used 959983K [0x00007fbb04600000, 0x00007fbb49c50000, 0x00007fc5af0a0000)
  eden space 909632K, 100% used [0x00007fbb04600000, 0x00007fbb3be50000, 0x00007fbb3be50000)
  from space 113664K,  44% used [0x00007fbb42d50000, 0x00007fbb45e7bcb0, 0x00007fbb49c50000)
  to   space 113664K,   0% used [0x00007fbb3be50000, 0x00007fbb3be50000, 0x00007fbb42d50000)
 tenured generation   total 2273896K, used 2266103K [0x00007fc5af0a0000, 0x00007fc639d3a000, 0x00007fdb04600000)
   the space 2273896K,  99% used [0x00007fc5af0a0000, 0x00007fc63959dcf0, 0x00007fc63959de00, 0x00007fc639d3a000)
 Metaspace       used 24261K, capacity 24634K, committed 24832K, reserved 26624K
}
Event: 703.579 GC heap after
{Heap after GC invocations=896 (full 4):
 def new generation   total 1023296K, used 58574K [0x00007fbb04600000, 0x00007fbb49c50000, 0x00007fc5af0a0000)
  eden space 909632K,   0% used [0x00007fbb04600000, 0x00007fbb04600000, 0x00007fbb3be50000)
  from space 113664K,  51% used [0x00007fbb3be50000, 0x00007fbb3f783830, 0x00007fbb42d50000)
  to   space 113664K,   0% used [0x00007fbb42d50000, 0x00007fbb42d50000, 0x00007fbb49c50000)
 tenured generation   total 2273896K, used 2266103K [0x00007fc5af0a0000, 0x00007fc639d3a000, 0x00007fdb04600000)
   the space 2273896K,  99% used [0x00007fc5af0a0000, 0x00007fc63959dcf0, 0x00007fc63959de00, 0x00007fc639d3a000)
 Metaspace       used 24261K, capacity 24634K, committed 24832K, reserved 26624K
}
Event: 704.664 GC heap before
{Heap before GC invocations=896 (full 4):
 def new generation   total 1023296K, used 957051K [0x00007fbb04600000, 0x00007fbb49c50000, 0x00007fc5af0a0000)
  eden space 909632K,  98% used [0x00007fbb04600000, 0x00007fbb3b36b5e8, 0x00007fbb3be50000)
  from space 113664K,  51% used [0x00007fbb3be50000, 0x00007fbb3f783830, 0x00007fbb42d50000)
  to   space 113664K,   0% used [0x00007fbb42d50000, 0x00007fbb42d50000, 0x00007fbb49c50000)
 tenured generation   total 2273896K, used 2266103K [0x00007fc5af0a0000, 0x00007fc639d3a000, 0x00007fdb04600000)
   the space 2273896K,  99% used [0x00007fc5af0a0000, 0x00007fc63959dcf0, 0x00007fc63959de00, 0x00007fc639d3a000)
 Metaspace       used 24261K, capacity 24634K, committed 24832K, reserved 26624K
}
Event: 704.741 GC heap after
{Heap after GC invocations=897 (full 4):
 def new generation   total 1023296K, used 63683K [0x00007fbb04600000, 0x00007fbb49c50000, 0x00007fc5af0a0000)
  eden space 909632K,   0% used [0x00007fbb04600000, 0x00007fbb04600000, 0x00007fbb3be50000)
  from space 113664K,  56% used [0x00007fbb42d50000, 0x00007fbb46b80ca8, 0x00007fbb49c50000)
  to   space 113664K,   0% used [0x00007fbb3be50000, 0x00007fbb3be50000, 0x00007fbb42d50000)
 tenured generation   total 2290284K, used 2283575K [0x00007fc5af0a0000, 0x00007fc63ad3b000, 0x00007fdb04600000)
   the space 2290284K,  99% used [0x00007fc5af0a0000, 0x00007fc63a6adfc8, 0x00007fc63a6ae000, 0x00007fc63ad3b000)
 Metaspace       used 24261K, capacity 24634K, committed 24832K, reserved 26624K
}
Event: 704.741 GC heap before
{Heap before GC invocations=897 (full 4):
 def new generation   total 1023296K, used 63683K [0x00007fbb04600000, 0x00007fbb49c50000, 0x00007fc5af0a0000)
  eden space 909632K,   0% used [0x00007fbb04600000, 0x00007fbb04600000, 0x00007fbb3be50000)
  from space 113664K,  56% used [0x00007fbb42d50000, 0x00007fbb46b80ca8, 0x00007fbb49c50000)
  to   space 113664K,   0% used [0x00007fbb3be50000, 0x00007fbb3be50000, 0x00007fbb42d50000)
 tenured generation   total 2290284K, used 2283575K [0x00007fc5af0a0000, 0x00007fc63ad3b000, 0x00007fdb04600000)
   the space 2290284K,  99% used [0x00007fc5af0a0000, 0x00007fc63a6adfc8, 0x00007fc63a6ae000, 0x00007fc63ad3b000)
 Metaspace       used 24261K, capacity 24634K, committed 24832K, reserved 26624K
}

