# JRE version: OpenJDK Runtime Environment (13.0.7+5) (build 13.0.7+5-Ubuntu-0ubuntu120.04)
# Java VM: OpenJDK 64-Bit Server VM (13.0.7+5-Ubuntu-0ubuntu120.04, mixed mode, tiered, serial gc, linux-amd64)
Heap:
 def new generation   total 6309504K, used 4304178K [0x00007fb694600000, 0x00007fb840440000, 0x00007fbbe9b50000)
  eden space 5608448K,  76% used [0x00007fb694600000, 0x00007fb79b14c980, 0x00007fb7eab00000)
  from space 701056K,   0% used [0x00007fb7eab00000, 0x00007fb7eab00000, 0x00007fb8157a0000)
  to   space 701056K,   0% used [0x00007fb8157a0000, 0x00007fb8157a0080, 0x00007fb840440000)
 tenured generation   total 14021052K, used 12592124K [0x00007fbbe9b50000, 0x00007fbf417bf000, 0x00007fc694600000)
   the space 14021052K,  89% used [0x00007fbbe9b50000, 0x00007fbeea44f248, 0x00007fbeea44f400, 0x00007fbf417bf000)
 Metaspace       used 23235K, capacity 23657K, committed 23808K, reserved 24576K
GC Heap History (20 events):
Event: 2.610 GC heap after
{Heap after GC invocations=1 (full 1):
 def new generation   total 629248K, used 0K [0x00007fb694600000, 0x00007fb6bf0c0000, 0x00007fbbe9b50000)
  eden space 559360K,   0% used [0x00007fb694600000, 0x00007fb694600000, 0x00007fb6b6840000)
  from space 69888K,   0% used [0x00007fb6b6840000, 0x00007fb6b6840000, 0x00007fb6bac80000)
  to   space 69888K,   0% used [0x00007fb6bac80000, 0x00007fb6bac80000, 0x00007fb6bf0c0000)
 tenured generation   total 1398144K, used 13585K [0x00007fbbe9b50000, 0x00007fbc3f0b0000, 0x00007fc694600000)
   the space 1398144K,   0% used [0x00007fbbe9b50000, 0x00007fbbea894550, 0x00007fbbea894600, 0x00007fbc3f0b0000)
 Metaspace       used 20930K, capacity 21223K, committed 21248K, reserved 22528K
}
Event: 3.791 GC heap before
{Heap before GC invocations=1 (full 1):
 def new generation   total 629248K, used 559360K [0x00007fb694600000, 0x00007fb6bf0c0000, 0x00007fbbe9b50000)
  eden space 559360K, 100% used [0x00007fb694600000, 0x00007fb6b6840000, 0x00007fb6b6840000)
  from space 69888K,   0% used [0x00007fb6b6840000, 0x00007fb6b6840000, 0x00007fb6bac80000)
  to   space 69888K,   0% used [0x00007fb6bac80000, 0x00007fb6bac80000, 0x00007fb6bf0c0000)
 tenured generation   total 1398144K, used 13585K [0x00007fbbe9b50000, 0x00007fbc3f0b0000, 0x00007fc694600000)
   the space 1398144K,   0% used [0x00007fbbe9b50000, 0x00007fbbea894550, 0x00007fbbea894600, 0x00007fbc3f0b0000)
 Metaspace       used 23004K, capacity 23383K, committed 23552K, reserved 24576K
}
Event: 3.796 GC heap after
{Heap after GC invocations=2 (full 1):
 def new generation   total 629248K, used 661K [0x00007fb694600000, 0x00007fb6bf0c0000, 0x00007fbbe9b50000)
  eden space 559360K,   0% used [0x00007fb694600000, 0x00007fb694600000, 0x00007fb6b6840000)
  from space 69888K,   0% used [0x00007fb6bac80000, 0x00007fb6bad25438, 0x00007fb6bf0c0000)
  to   space 69888K,   0% used [0x00007fb6b6840000, 0x00007fb6b6840000, 0x00007fb6bac80000)
 tenured generation   total 1398144K, used 13585K [0x00007fbbe9b50000, 0x00007fbc3f0b0000, 0x00007fc694600000)
   the space 1398144K,   0% used [0x00007fbbe9b50000, 0x00007fbbea894550, 0x00007fbbea894600, 0x00007fbc3f0b0000)
 Metaspace       used 23004K, capacity 23383K, committed 23552K, reserved 24576K
}
Event: 4.804 GC heap before
{Heap before GC invocations=2 (full 1):
 def new generation   total 629248K, used 560021K [0x00007fb694600000, 0x00007fb6bf0c0000, 0x00007fbbe9b50000)
  eden space 559360K, 100% used [0x00007fb694600000, 0x00007fb6b6840000, 0x00007fb6b6840000)
  from space 69888K,   0% used [0x00007fb6bac80000, 0x00007fb6bad25438, 0x00007fb6bf0c0000)
  to   space 69888K,   0% used [0x00007fb6b6840000, 0x00007fb6b6840000, 0x00007fb6bac80000)
 tenured generation   total 1398144K, used 13585K [0x00007fbbe9b50000, 0x00007fbc3f0b0000, 0x00007fc694600000)
   the space 1398144K,   0% used [0x00007fbbe9b50000, 0x00007fbbea894550, 0x00007fbbea894600, 0x00007fbc3f0b0000)
 Metaspace       used 23008K, capacity 23384K, committed 23552K, reserved 24576K
}
Event: 4.807 GC heap after
{Heap after GC invocations=3 (full 1):
 def new generation   total 629248K, used 988K [0x00007fb694600000, 0x00007fb6bf0c0000, 0x00007fbbe9b50000)
  eden space 559360K,   0% used [0x00007fb694600000, 0x00007fb694600000, 0x00007fb6b6840000)
  from space 69888K,   1% used [0x00007fb6b6840000, 0x00007fb6b6937340, 0x00007fb6bac80000)
  to   space 69888K,   0% used [0x00007fb6bac80000, 0x00007fb6bac80000, 0x00007fb6bf0c0000)
 tenured generation   total 1398144K, used 13585K [0x00007fbbe9b50000, 0x00007fbc3f0b0000, 0x00007fc694600000)
   the space 1398144K,   0% used [0x00007fbbe9b50000, 0x00007fbbea894550, 0x00007fbbea894600, 0x00007fbc3f0b0000)
 Metaspace       used 23008K, capacity 23384K, committed 23552K, reserved 24576K
}
Event: 5.347 GC heap before
{Heap before GC invocations=3 (full 1):
 def new generation   total 629248K, used 252626K [0x00007fb694600000, 0x00007fb6bf0c0000, 0x00007fbbe9b50000)
  eden space 559360K,  44% used [0x00007fb694600000, 0x00007fb6a3bbd608, 0x00007fb6b6840000)
  from space 69888K,   1% used [0x00007fb6b6840000, 0x00007fb6b6937340, 0x00007fb6bac80000)
  to   space 69888K,   0% used [0x00007fb6bac80000, 0x00007fb6bac80000, 0x00007fb6bf0c0000)
 tenured generation   total 1398144K, used 13585K [0x00007fbbe9b50000, 0x00007fbc3f0b0000, 0x00007fc694600000)
   the space 1398144K,   0% used [0x00007fbbe9b50000, 0x00007fbbea894550, 0x00007fbbea894600, 0x00007fbc3f0b0000)
 Metaspace       used 23166K, capacity 23525K, committed 23552K, reserved 24576K
}
Event: 5.359 GC heap after
{Heap after GC invocations=4 (full 1):
 def new generation   total 629248K, used 10436K [0x00007fb694600000, 0x00007fb6bf0c0000, 0x00007fbbe9b50000)
  eden space 559360K,   0% used [0x00007fb694600000, 0x00007fb694600000, 0x00007fb6b6840000)
  from space 69888K,  14% used [0x00007fb6bac80000, 0x00007fb6bb6b1118, 0x00007fb6bf0c0000)
  to   space 69888K,   0% used [0x00007fb6b6840000, 0x00007fb6b6840000, 0x00007fb6bac80000)
 tenured generation   total 1398144K, used 13585K [0x00007fbbe9b50000, 0x00007fbc3f0b0000, 0x00007fc694600000)
   the space 1398144K,   0% used [0x00007fbbe9b50000, 0x00007fbbea894550, 0x00007fbbea894600, 0x00007fbc3f0b0000)
 Metaspace       used 23166K, capacity 23525K, committed 23552K, reserved 24576K
}
Event: 5.359 GC heap before
{Heap before GC invocations=4 (full 1):
 def new generation   total 629248K, used 10436K [0x00007fb694600000, 0x00007fb6bf0c0000, 0x00007fbbe9b50000)
  eden space 559360K,   0% used [0x00007fb694600000, 0x00007fb694600000, 0x00007fb6b6840000)
  from space 69888K,  14% used [0x00007fb6bac80000, 0x00007fb6bb6b1118, 0x00007fb6bf0c0000)
  to   space 69888K,   0% used [0x00007fb6b6840000, 0x00007fb6b6840000, 0x00007fb6bac80000)
 tenured generation   total 1398144K, used 13585K [0x00007fbbe9b50000, 0x00007fbc3f0b0000, 0x00007fc694600000)
   the space 1398144K,   0% used [0x00007fbbe9b50000, 0x00007fbbea894550, 0x00007fbbea894600, 0x00007fbc3f0b0000)
 Metaspace       used 23166K, capacity 23525K, committed 23552K, reserved 24576K
}
Event: 5.409 GC heap after
{Heap after GC invocations=4 (full 2):
 def new generation   total 629248K, used 0K [0x00007fb694600000, 0x00007fb6bf0c0000, 0x00007fbbe9b50000)
  eden space 559360K,   0% used [0x00007fb694600000, 0x00007fb694600000, 0x00007fb6b6840000)
  from space 69888K,   0% used [0x00007fb6bac80000, 0x00007fb6bac80000, 0x00007fb6bf0c0000)
  to   space 69888K,   0% used [0x00007fb6b6840000, 0x00007fb6b6840000, 0x00007fb6bac80000)
 tenured generation   total 1398144K, used 24021K [0x00007fbbe9b50000, 0x00007fbc3f0b0000, 0x00007fc694600000)
   the space 1398144K,   1% used [0x00007fbbe9b50000, 0x00007fbbeb2c5618, 0x00007fbbeb2c5800, 0x00007fbc3f0b0000)
 Metaspace       used 23166K, capacity 23525K, committed 23552K, reserved 24576K
}
Event: 15.541 GC heap before
{Heap before GC invocations=4 (full 2):
 def new generation   total 629248K, used 16639K [0x00007fb694600000, 0x00007fb6bf0c0000, 0x00007fbbe9b50000)
  eden space 559360K,   2% used [0x00007fb694600000, 0x00007fb69563fe70, 0x00007fb6b6840000)
  from space 69888K,   0% used [0x00007fb6bac80000, 0x00007fb6bac80000, 0x00007fb6bf0c0000)
  to   space 69888K,   0% used [0x00007fb6b6840000, 0x00007fb6b6840000, 0x00007fb6bac80000)
 tenured generation   total 9786756K, used 8412629K [0x00007fbbe9b50000, 0x00007fbe3f0b1000, 0x00007fc694600000)
   the space 9786756K,  85% used [0x00007fbbe9b50000, 0x00007fbdeb2c5630, 0x00007fbdeb2c5800, 0x00007fbe3f0b1000)
 Metaspace       used 23168K, capacity 23525K, committed 23552K, reserved 24576K
}
Event: 15.548 GC heap after
{Heap after GC invocations=5 (full 2):
 def new generation   total 629248K, used 0K [0x00007fb694600000, 0x00007fb6bf0c0000, 0x00007fbbe9b50000)
  eden space 559360K,   0% used [0x00007fb694600000, 0x00007fb694600000, 0x00007fb6b6840000)
  from space 69888K,   0% used [0x00007fb6b6840000, 0x00007fb6b6840250, 0x00007fb6bac80000)
  to   space 69888K,   0% used [0x00007fb6bac80000, 0x00007fb6bac80000, 0x00007fb6bf0c0000)
 tenured generation   total 9786756K, used 8412629K [0x00007fbbe9b50000, 0x00007fbe3f0b1000, 0x00007fc694600000)
   the space 9786756K,  85% used [0x00007fbbe9b50000, 0x00007fbdeb2c5630, 0x00007fbdeb2c5800, 0x00007fbe3f0b1000)
 Metaspace       used 23168K, capacity 23525K, committed 23552K, reserved 24576K
}
Event: 15.548 GC heap before
{Heap before GC invocations=5 (full 2):
 def new generation   total 629248K, used 0K [0x00007fb694600000, 0x00007fb6bf0c0000, 0x00007fbbe9b50000)
  eden space 559360K,   0% used [0x00007fb694600000, 0x00007fb694600000, 0x00007fb6b6840000)
  from space 69888K,   0% used [0x00007fb6b6840000, 0x00007fb6b6840250, 0x00007fb6bac80000)
  to   space 69888K,   0% used [0x00007fb6bac80000, 0x00007fb6bac80000, 0x00007fb6bf0c0000)
 tenured generation   total 9786756K, used 8412629K [0x00007fbbe9b50000, 0x00007fbe3f0b1000, 0x00007fc694600000)
   the space 9786756K,  85% used [0x00007fbbe9b50000, 0x00007fbdeb2c5630, 0x00007fbdeb2c5800, 0x00007fbe3f0b1000)
 Metaspace       used 23168K, capacity 23525K, committed 23552K, reserved 24576K
}
Event: 15.601 GC heap after
{Heap after GC invocations=5 (full 3):
 def new generation   total 6309504K, used 0K [0x00007fb694600000, 0x00007fb840440000, 0x00007fbbe9b50000)
  eden space 5608448K,   0% used [0x00007fb694600000, 0x00007fb694600000, 0x00007fb7eab00000)
  from space 701056K,   0% used [0x00007fb7eab00000, 0x00007fb7eab00000, 0x00007fb8157a0000)
  to   space 701056K,   0% used [0x00007fb8157a0000, 0x00007fb8157a0000, 0x00007fb840440000)
 tenured generation   total 14021052K, used 8412630K [0x00007fbbe9b50000, 0x00007fbf417bf000, 0x00007fc694600000)
   the space 14021052K,  59% used [0x00007fbbe9b50000, 0x00007fbdeb2c5880, 0x00007fbdeb2c5a00, 0x00007fbf417bf000)
 Metaspace       used 23168K, capacity 23525K, committed 23552K, reserved 24576K
}
Event: 23.295 GC heap before
{Heap before GC invocations=5 (full 3):
 def new generation   total 6309504K, used 4734036K [0x00007fb694600000, 0x00007fb840440000, 0x00007fbbe9b50000)
  eden space 5608448K,  84% used [0x00007fb694600000, 0x00007fb7b5515300, 0x00007fb7eab00000)
  from space 701056K,   0% used [0x00007fb7eab00000, 0x00007fb7eab00000, 0x00007fb8157a0000)
  to   space 701056K,   0% used [0x00007fb8157a0000, 0x00007fb8157a0000, 0x00007fb840440000)
 tenured generation   total 14021052K, used 8412630K [0x00007fbbe9b50000, 0x00007fbf417bf000, 0x00007fc694600000)
   the space 14021052K,  59% used [0x00007fbbe9b50000, 0x00007fbdeb2c5880, 0x00007fbdeb2c5a00, 0x00007fbf417bf000)
 Metaspace       used 23235K, capacity 23657K, committed 23808K, reserved 24576K
}
Event: 26.144 GC heap after
{Heap after GC invocations=6 (full 3):
 def new generation   total 6309504K, used 262697K [0x00007fb694600000, 0x00007fb840440000, 0x00007fbbe9b50000)
  eden space 5608448K,   0% used [0x00007fb694600000, 0x00007fb694600000, 0x00007fb7eab00000)
  from space 701056K,  37% used [0x00007fb8157a0000, 0x00007fb82582a600, 0x00007fb840440000)
  to   space 701056K,   0% used [0x00007fb7eab00000, 0x00007fb7eab00000, 0x00007fb8157a0000)
 tenured generation   total 14021052K, used 12606934K [0x00007fbbe9b50000, 0x00007fbf417bf000, 0x00007fc694600000)
   the space 14021052K,  89% used [0x00007fbbe9b50000, 0x00007fbeeb2c5898, 0x00007fbeeb2c5a00, 0x00007fbf417bf000)
 Metaspace       used 23235K, capacity 23657K, committed 23808K, reserved 24576K
}
Event: 28.722 GC heap before
{Heap before GC invocations=6 (full 3):
 def new generation   total 6309504K, used 4566865K [0x00007fb694600000, 0x00007fb840440000, 0x00007fbbe9b50000)
  eden space 5608448K,  76% used [0x00007fb694600000, 0x00007fb79b14a048, 0x00007fb7eab00000)
  from space 701056K,  37% used [0x00007fb8157a0000, 0x00007fb82582a600, 0x00007fb840440000)
  to   space 701056K,   0% used [0x00007fb7eab00000, 0x00007fb7eab00000, 0x00007fb8157a0000)
 tenured generation   total 14021052K, used 12606934K [0x00007fbbe9b50000, 0x00007fbf417bf000, 0x00007fc694600000)
   the space 14021052K,  89% used [0x00007fbbe9b50000, 0x00007fbeeb2c5898, 0x00007fbeeb2c5a00, 0x00007fbf417bf000)
 Metaspace       used 23235K, capacity 23657K, committed 23808K, reserved 24576K
}
Event: 30.783 GC heap after
{Heap after GC invocations=7 (full 3):
 def new generation   total 6309504K, used 553K [0x00007fb694600000, 0x00007fb840440000, 0x00007fbbe9b50000)
  eden space 5608448K,   0% used [0x00007fb694600000, 0x00007fb694600000, 0x00007fb7eab00000)
  from space 701056K,   0% used [0x00007fb7eab00000, 0x00007fb7eab8a518, 0x00007fb8157a0000)
  to   space 701056K,   0% used [0x00007fb8157a0000, 0x00007fb8157a0000, 0x00007fb840440000)
 tenured generation   total 18215364K, used 16801238K [0x00007fbbe9b50000, 0x00007fc0417c1000, 0x00007fc694600000)
   the space 18215364K,  92% used [0x00007fbbe9b50000, 0x00007fbfeb2c58c8, 0x00007fbfeb2c5a00, 0x00007fc0417c1000)
 Metaspace       used 23235K, capacity 23657K, committed 23808K, reserved 24576K
}
Event: 30.783 GC heap before
{Heap before GC invocations=7 (full 3):
 def new generation   total 6309504K, used 553K [0x00007fb694600000, 0x00007fb840440000, 0x00007fbbe9b50000)
  eden space 5608448K,   0% used [0x00007fb694600000, 0x00007fb694600000, 0x00007fb7eab00000)
  from space 701056K,   0% used [0x00007fb7eab00000, 0x00007fb7eab8a518, 0x00007fb8157a0000)
  to   space 701056K,   0% used [0x00007fb8157a0000, 0x00007fb8157a0000, 0x00007fb840440000)
 tenured generation   total 18215364K, used 16801238K [0x00007fbbe9b50000, 0x00007fc0417c1000, 0x00007fc694600000)
   the space 18215364K,  92% used [0x00007fbbe9b50000, 0x00007fbfeb2c58c8, 0x00007fbfeb2c5a00, 0x00007fc0417c1000)
 Metaspace       used 23235K, capacity 23657K, committed 23808K, reserved 24576K
}
Event: 32.047 GC heap after
{Heap after GC invocations=7 (full 4):
 def new generation   total 6309504K, used 0K [0x00007fb694600000, 0x00007fb840440000, 0x00007fbbe9b50000)
  eden space 5608448K,   0% used [0x00007fb694600000, 0x00007fb694600000, 0x00007fb7eab00000)
  from space 701056K,   0% used [0x00007fb7eab00000, 0x00007fb7eab00000, 0x00007fb8157a0000)
  to   space 701056K,   0% used [0x00007fb8157a0000, 0x00007fb8157a0000, 0x00007fb840440000)
 tenured generation   total 14021052K, used 4203516K [0x00007fbbe9b50000, 0x00007fbf417bf000, 0x00007fc694600000)
   the space 14021052K,  29% used [0x00007fbbe9b50000, 0x00007fbcea44f230, 0x00007fbcea44f400, 0x00007fbf417bf000)
 Metaspace       used 23235K, capacity 23657K, committed 23808K, reserved 24576K
}
Event: 41.904 GC heap before
{Heap before GC invocations=7 (full 4):
 def new generation   total 6309504K, used 4304178K [0x00007fb694600000, 0x00007fb840440000, 0x00007fbbe9b50000)
  eden space 5608448K,  76% used [0x00007fb694600000, 0x00007fb79b14c980, 0x00007fb7eab00000)
  from space 701056K,   0% used [0x00007fb7eab00000, 0x00007fb7eab00000, 0x00007fb8157a0000)
  to   space 701056K,   0% used [0x00007fb8157a0000, 0x00007fb8157a0000, 0x00007fb840440000)
 tenured generation   total 14021052K, used 12592124K [0x00007fbbe9b50000, 0x00007fbf417bf000, 0x00007fc694600000)
   the space 14021052K,  89% used [0x00007fbbe9b50000, 0x00007fbeea44f248, 0x00007fbeea44f400, 0x00007fbf417bf000)
 Metaspace       used 23235K, capacity 23657K, committed 23808K, reserved 24576K
}

