# JRE version: OpenJDK Runtime Environment (13.0.7+5) (build 13.0.7+5-Ubuntu-0ubuntu120.04)
# Java VM: OpenJDK 64-Bit Server VM (13.0.7+5-Ubuntu-0ubuntu120.04, mixed mode, tiered, serial gc, linux-amd64)
Heap:
 def new generation   total 6037056K, used 670652K [0x00007fe034600000, 0x00007fe1cdc90000, 0x00007fe589b50000)
  eden space 5366336K,  12% used [0x00007fe034600000, 0x00007fe05d4ef1d0, 0x00007fe17be90000)
  from space 670720K,   0% used [0x00007fe17be90000, 0x00007fe17be90000, 0x00007fe1a4d90000)
  to   space 670720K,   0% used [0x00007fe1a4d90000, 0x00007fe1a4d90000, 0x00007fe1cdc90000)
 tenured generation   total 18111244K, used 18111243K [0x00007fe589b50000, 0x00007fe9db213000, 0x00007ff034600000)
   the space 18111244K,  99% used [0x00007fe589b50000, 0x00007fe9db212dd8, 0x00007fe9db212e00, 0x00007fe9db213000)
 Metaspace       used 31055K, capacity 31535K, committed 31744K, reserved 32768K
GC Heap History (20 events):
Event: 9.425 GC heap after
{Heap after GC invocations=5 (full 1):
 def new generation   total 629248K, used 69887K [0x00007fe034600000, 0x00007fe05f0c0000, 0x00007fe589b50000)
  eden space 559360K,   0% used [0x00007fe034600000, 0x00007fe034600000, 0x00007fe056840000)
  from space 69888K,  99% used [0x00007fe056840000, 0x00007fe05ac7fde8, 0x00007fe05ac80000)
  to   space 69888K,   0% used [0x00007fe05ac80000, 0x00007fe05ac80000, 0x00007fe05f0c0000)
 tenured generation   total 1589952K, used 1589938K [0x00007fe589b50000, 0x00007fe5eac00000, 0x00007ff034600000)
   the space 1589952K,  99% used [0x00007fe589b50000, 0x00007fe5eabfc808, 0x00007fe5eabfca00, 0x00007fe5eac00000)
 Metaspace       used 31055K, capacity 31535K, committed 31744K, reserved 32768K
}
Event: 9.425 GC heap before
{Heap before GC invocations=5 (full 1):
 def new generation   total 629248K, used 69887K [0x00007fe034600000, 0x00007fe05f0c0000, 0x00007fe589b50000)
  eden space 559360K,   0% used [0x00007fe034600000, 0x00007fe034600000, 0x00007fe056840000)
  from space 69888K,  99% used [0x00007fe056840000, 0x00007fe05ac7fde8, 0x00007fe05ac80000)
  to   space 69888K,   0% used [0x00007fe05ac80000, 0x00007fe05ac80000, 0x00007fe05f0c0000)
 tenured generation   total 1589952K, used 1589938K [0x00007fe589b50000, 0x00007fe5eac00000, 0x00007ff034600000)
   the space 1589952K,  99% used [0x00007fe589b50000, 0x00007fe5eabfc808, 0x00007fe5eabfca00, 0x00007fe5eac00000)
 Metaspace       used 31055K, capacity 31535K, committed 31744K, reserved 32768K
}
Event: 9.734 GC heap after
{Heap after GC invocations=5 (full 2):
 def new generation   total 1192512K, used 69874K [0x00007fe034600000, 0x00007fe0853f0000, 0x00007fe589b50000)
  eden space 1060032K,   6% used [0x00007fe034600000, 0x00007fe038a3c8b0, 0x00007fe075130000)
  from space 132480K,   0% used [0x00007fe075130000, 0x00007fe075130000, 0x00007fe07d290000)
  to   space 132480K,   0% used [0x00007fe07d290000, 0x00007fe07d290000, 0x00007fe0853f0000)
 tenured generation   total 2649920K, used 1589951K [0x00007fe589b50000, 0x00007fe62b720000, 0x00007ff034600000)
   the space 2649920K,  59% used [0x00007fe589b50000, 0x00007fe5eabffd40, 0x00007fe5eabffe00, 0x00007fe62b720000)
 Metaspace       used 31055K, capacity 31535K, committed 31744K, reserved 32768K
}
Event: 9.900 GC heap before
{Heap before GC invocations=5 (full 2):
 def new generation   total 1192512K, used 1060032K [0x00007fe034600000, 0x00007fe0853f0000, 0x00007fe589b50000)
  eden space 1060032K, 100% used [0x00007fe034600000, 0x00007fe075130000, 0x00007fe075130000)
  from space 132480K,   0% used [0x00007fe075130000, 0x00007fe075130000, 0x00007fe07d290000)
  to   space 132480K,   0% used [0x00007fe07d290000, 0x00007fe07d290000, 0x00007fe0853f0000)
 tenured generation   total 2649920K, used 1589951K [0x00007fe589b50000, 0x00007fe62b720000, 0x00007ff034600000)
   the space 2649920K,  59% used [0x00007fe589b50000, 0x00007fe5eabffd40, 0x00007fe5eabffe00, 0x00007fe62b720000)
 Metaspace       used 31055K, capacity 31535K, committed 31744K, reserved 32768K
}
Event: 10.419 GC heap after
{Heap after GC invocations=6 (full 2):
 def new generation   total 1192512K, used 132479K [0x00007fe034600000, 0x00007fe0853f0000, 0x00007fe589b50000)
  eden space 1060032K,   0% used [0x00007fe034600000, 0x00007fe034600000, 0x00007fe075130000)
  from space 132480K,  99% used [0x00007fe07d290000, 0x00007fe0853eff90, 0x00007fe0853f0000)
  to   space 132480K,   0% used [0x00007fe075130000, 0x00007fe075130000, 0x00007fe07d290000)
 tenured generation   total 2649920K, used 2517433K [0x00007fe589b50000, 0x00007fe62b720000, 0x00007ff034600000)
   the space 2649920K,  95% used [0x00007fe589b50000, 0x00007fe6235be570, 0x00007fe6235be600, 0x00007fe62b720000)
 Metaspace       used 31055K, capacity 31535K, committed 31744K, reserved 32768K
}
Event: 10.597 GC heap before
{Heap before GC invocations=6 (full 2):
 def new generation   total 1192512K, used 1192511K [0x00007fe034600000, 0x00007fe0853f0000, 0x00007fe589b50000)
  eden space 1060032K, 100% used [0x00007fe034600000, 0x00007fe075130000, 0x00007fe075130000)
  from space 132480K,  99% used [0x00007fe07d290000, 0x00007fe0853eff90, 0x00007fe0853f0000)
  to   space 132480K,   0% used [0x00007fe075130000, 0x00007fe075130000, 0x00007fe07d290000)
 tenured generation   total 2649920K, used 2517433K [0x00007fe589b50000, 0x00007fe62b720000, 0x00007ff034600000)
   the space 2649920K,  95% used [0x00007fe589b50000, 0x00007fe6235be570, 0x00007fe6235be600, 0x00007fe62b720000)
 Metaspace       used 31055K, capacity 31535K, committed 31744K, reserved 32768K
}
Event: 11.317 GC heap after
{Heap after GC invocations=7 (full 2):
 def new generation   total 1192512K, used 132479K [0x00007fe034600000, 0x00007fe0853f0000, 0x00007fe589b50000)
  eden space 1060032K,   0% used [0x00007fe034600000, 0x00007fe034600000, 0x00007fe075130000)
  from space 132480K,  99% used [0x00007fe075130000, 0x00007fe07d28ff90, 0x00007fe07d290000)
  to   space 132480K,   0% used [0x00007fe07d290000, 0x00007fe07d290000, 0x00007fe0853f0000)
 tenured generation   total 3577472K, used 3577387K [0x00007fe589b50000, 0x00007fe6640f0000, 0x00007ff034600000)
   the space 3577472K,  99% used [0x00007fe589b50000, 0x00007fe6640dac70, 0x00007fe6640dae00, 0x00007fe6640f0000)
 Metaspace       used 31055K, capacity 31535K, committed 31744K, reserved 32768K
}
Event: 11.317 GC heap before
{Heap before GC invocations=7 (full 2):
 def new generation   total 1192512K, used 132479K [0x00007fe034600000, 0x00007fe0853f0000, 0x00007fe589b50000)
  eden space 1060032K,   0% used [0x00007fe034600000, 0x00007fe034600000, 0x00007fe075130000)
  from space 132480K,  99% used [0x00007fe075130000, 0x00007fe07d28ff90, 0x00007fe07d290000)
  to   space 132480K,   0% used [0x00007fe07d290000, 0x00007fe07d290000, 0x00007fe0853f0000)
 tenured generation   total 3577472K, used 3577387K [0x00007fe589b50000, 0x00007fe6640f0000, 0x00007ff034600000)
   the space 3577472K,  99% used [0x00007fe589b50000, 0x00007fe6640dac70, 0x00007fe6640dae00, 0x00007fe6640f0000)
 Metaspace       used 31055K, capacity 31535K, committed 31744K, reserved 32768K
}
Event: 11.961 GC heap after
{Heap after GC invocations=7 (full 3):
 def new generation   total 2683136K, used 132395K [0x00007fe034600000, 0x00007fe0ea560000, 0x00007fe589b50000)
  eden space 2385024K,   5% used [0x00007fe034600000, 0x00007fe03c74afe0, 0x00007fe0c5f20000)
  from space 298112K,   0% used [0x00007fe0c5f20000, 0x00007fe0c5f20000, 0x00007fe0d8240000)
  to   space 298112K,   0% used [0x00007fe0d8240000, 0x00007fe0d8240000, 0x00007fe0ea560000)
 tenured generation   total 5962452K, used 3577471K [0x00007fe589b50000, 0x00007fe6f5a05000, 0x00007ff034600000)
   the space 5962452K,  59% used [0x00007fe589b50000, 0x00007fe6640efc20, 0x00007fe6640efe00, 0x00007fe6f5a05000)
 Metaspace       used 31055K, capacity 31535K, committed 31744K, reserved 32768K
}
Event: 12.349 GC heap before
{Heap before GC invocations=7 (full 3):
 def new generation   total 2683136K, used 2385024K [0x00007fe034600000, 0x00007fe0ea560000, 0x00007fe589b50000)
  eden space 2385024K, 100% used [0x00007fe034600000, 0x00007fe0c5f20000, 0x00007fe0c5f20000)
  from space 298112K,   0% used [0x00007fe0c5f20000, 0x00007fe0c5f20000, 0x00007fe0d8240000)
  to   space 298112K,   0% used [0x00007fe0d8240000, 0x00007fe0d8240000, 0x00007fe0ea560000)
 tenured generation   total 5962452K, used 3577471K [0x00007fe589b50000, 0x00007fe6f5a05000, 0x00007ff034600000)
   the space 5962452K,  59% used [0x00007fe589b50000, 0x00007fe6640efc20, 0x00007fe6640efe00, 0x00007fe6f5a05000)
 Metaspace       used 31055K, capacity 31535K, committed 31744K, reserved 32768K
}
Event: 13.615 GC heap after
{Heap after GC invocations=8 (full 3):
 def new generation   total 2683136K, used 298111K [0x00007fe034600000, 0x00007fe0ea560000, 0x00007fe589b50000)
  eden space 2385024K,   0% used [0x00007fe034600000, 0x00007fe034600000, 0x00007fe0c5f20000)
  from space 298112K,  99% used [0x00007fe0d8240000, 0x00007fe0ea55fff8, 0x00007fe0ea560000)
  to   space 298112K,   0% used [0x00007fe0c5f20000, 0x00007fe0c5f20000, 0x00007fe0d8240000)
 tenured generation   total 5962452K, used 5664333K [0x00007fe589b50000, 0x00007fe6f5a05000, 0x00007ff034600000)
   the space 5962452K,  95% used [0x00007fe589b50000, 0x00007fe6e36e3720, 0x00007fe6e36e3800, 0x00007fe6f5a05000)
 Metaspace       used 31055K, capacity 31535K, committed 31744K, reserved 32768K
}
Event: 14.040 GC heap before
{Heap before GC invocations=8 (full 3):
 def new generation   total 2683136K, used 2683135K [0x00007fe034600000, 0x00007fe0ea560000, 0x00007fe589b50000)
  eden space 2385024K, 100% used [0x00007fe034600000, 0x00007fe0c5f20000, 0x00007fe0c5f20000)
  from space 298112K,  99% used [0x00007fe0d8240000, 0x00007fe0ea55fff8, 0x00007fe0ea560000)
  to   space 298112K,   0% used [0x00007fe0c5f20000, 0x00007fe0c5f20000, 0x00007fe0d8240000)
 tenured generation   total 5962452K, used 5664333K [0x00007fe589b50000, 0x00007fe6f5a05000, 0x00007ff034600000)
   the space 5962452K,  95% used [0x00007fe589b50000, 0x00007fe6e36e3720, 0x00007fe6e36e3800, 0x00007fe6f5a05000)
 Metaspace       used 31055K, capacity 31535K, committed 31744K, reserved 32768K
}
Event: 16.089 GC heap after
{Heap after GC invocations=9 (full 3):
 def new generation   total 2683136K, used 298111K [0x00007fe034600000, 0x00007fe0ea560000, 0x00007fe589b50000)
  eden space 2385024K,   0% used [0x00007fe034600000, 0x00007fe034600000, 0x00007fe0c5f20000)
  from space 298112K,  99% used [0x00007fe0c5f20000, 0x00007fe0d823fff8, 0x00007fe0d8240000)
  to   space 298112K,   0% used [0x00007fe0d8240000, 0x00007fe0d8240000, 0x00007fe0ea560000)
 tenured generation   total 8049300K, used 8049284K [0x00007fe589b50000, 0x00007fe774ff5000, 0x00007ff034600000)
   the space 8049300K,  99% used [0x00007fe589b50000, 0x00007fe774ff13f0, 0x00007fe774ff1400, 0x00007fe774ff5000)
 Metaspace       used 31055K, capacity 31535K, committed 31744K, reserved 32768K
}
Event: 16.089 GC heap before
{Heap before GC invocations=9 (full 3):
 def new generation   total 2683136K, used 298111K [0x00007fe034600000, 0x00007fe0ea560000, 0x00007fe589b50000)
  eden space 2385024K,   0% used [0x00007fe034600000, 0x00007fe034600000, 0x00007fe0c5f20000)
  from space 298112K,  99% used [0x00007fe0c5f20000, 0x00007fe0d823fff8, 0x00007fe0d8240000)
  to   space 298112K,   0% used [0x00007fe0d8240000, 0x00007fe0d8240000, 0x00007fe0ea560000)
 tenured generation   total 8049300K, used 8049284K [0x00007fe589b50000, 0x00007fe774ff5000, 0x00007ff034600000)
   the space 8049300K,  99% used [0x00007fe589b50000, 0x00007fe774ff13f0, 0x00007fe774ff1400, 0x00007fe774ff5000)
 Metaspace       used 31055K, capacity 31535K, committed 31744K, reserved 32768K
}
Event: 19.733 GC heap after
{Heap after GC invocations=9 (full 4):
 def new generation   total 6037056K, used 292716K [0x00007fe034600000, 0x00007fe1cdc90000, 0x00007fe589b50000)
  eden space 5366336K,   5% used [0x00007fe034600000, 0x00007fe0463db1b8, 0x00007fe17be90000)
  from space 670720K,   0% used [0x00007fe17be90000, 0x00007fe17be90000, 0x00007fe1a4d90000)
  to   space 670720K,   0% used [0x00007fe1a4d90000, 0x00007fe1a4d90000, 0x00007fe1cdc90000)
 tenured generation   total 13415500K, used 8049299K [0x00007fe589b50000, 0x00007fe8bc863000, 0x00007ff034600000)
   the space 13415500K,  59% used [0x00007fe589b50000, 0x00007fe774ff4d08, 0x00007fe774ff4e00, 0x00007fe8bc863000)
 Metaspace       used 31055K, capacity 31535K, committed 31744K, reserved 32768K
}
Event: 21.275 GC heap before
{Heap before GC invocations=9 (full 4):
 def new generation   total 6037056K, used 5366336K [0x00007fe034600000, 0x00007fe1cdc90000, 0x00007fe589b50000)
  eden space 5366336K, 100% used [0x00007fe034600000, 0x00007fe17be90000, 0x00007fe17be90000)
  from space 670720K,   0% used [0x00007fe17be90000, 0x00007fe17be90000, 0x00007fe1a4d90000)
  to   space 670720K,   0% used [0x00007fe1a4d90000, 0x00007fe1a4d90000, 0x00007fe1cdc90000)
 tenured generation   total 13415500K, used 8049299K [0x00007fe589b50000, 0x00007fe8bc863000, 0x00007ff034600000)
   the space 13415500K,  59% used [0x00007fe589b50000, 0x00007fe774ff4d08, 0x00007fe774ff4e00, 0x00007fe8bc863000)
 Metaspace       used 31055K, capacity 31535K, committed 31744K, reserved 32768K
}
Event: 32.406 GC heap after
{Heap after GC invocations=10 (full 4):
 def new generation   total 6037056K, used 670720K [0x00007fe034600000, 0x00007fe1cdc90000, 0x00007fe589b50000)
  eden space 5366336K,   0% used [0x00007fe034600000, 0x00007fe034600000, 0x00007fe17be90000)
  from space 670720K, 100% used [0x00007fe1a4d90000, 0x00007fe1cdc90000, 0x00007fe1cdc90000)
  to   space 670720K,   0% used [0x00007fe17be90000, 0x00007fe17be90000, 0x00007fe1a4d90000)
 tenured generation   total 13415500K, used 12744872K [0x00007fe589b50000, 0x00007fe8bc863000, 0x00007ff034600000)
   the space 13415500K,  95% used [0x00007fe589b50000, 0x00007fe89397a1e0, 0x00007fe89397a200, 0x00007fe8bc863000)
 Metaspace       used 31055K, capacity 31535K, committed 31744K, reserved 32768K
}
Event: 33.410 GC heap before
{Heap before GC invocations=10 (full 4):
 def new generation   total 6037056K, used 6037056K [0x00007fe034600000, 0x00007fe1cdc90000, 0x00007fe589b50000)
  eden space 5366336K, 100% used [0x00007fe034600000, 0x00007fe17be90000, 0x00007fe17be90000)
  from space 670720K, 100% used [0x00007fe1a4d90000, 0x00007fe1cdc90000, 0x00007fe1cdc90000)
  to   space 670720K,   0% used [0x00007fe17be90000, 0x00007fe17be90000, 0x00007fe1a4d90000)
 tenured generation   total 13415500K, used 12744872K [0x00007fe589b50000, 0x00007fe8bc863000, 0x00007ff034600000)
   the space 13415500K,  95% used [0x00007fe589b50000, 0x00007fe89397a1e0, 0x00007fe89397a200, 0x00007fe8bc863000)
 Metaspace       used 31055K, capacity 31535K, committed 31744K, reserved 32768K
}
Event: 46.192 GC heap after
{Heap after GC invocations=11 (full 4):
 def new generation   total 6037056K, used 670720K [0x00007fe034600000, 0x00007fe1cdc90000, 0x00007fe589b50000)
  eden space 5366336K,   0% used [0x00007fe034600000, 0x00007fe034600000, 0x00007fe17be90000)
  from space 670720K, 100% used [0x00007fe17be90000, 0x00007fe1a4d90000, 0x00007fe1a4d90000)
  to   space 670720K,   0% used [0x00007fe1a4d90000, 0x00007fe1a4d90000, 0x00007fe1cdc90000)
 tenured generation   total 18111244K, used 18111175K [0x00007fe589b50000, 0x00007fe9db213000, 0x00007ff034600000)
   the space 18111244K,  99% used [0x00007fe589b50000, 0x00007fe9db201fa8, 0x00007fe9db202000, 0x00007fe9db213000)
 Metaspace       used 31055K, capacity 31535K, committed 31744K, reserved 32768K
}
Event: 46.192 GC heap before
{Heap before GC invocations=11 (full 4):
 def new generation   total 6037056K, used 670720K [0x00007fe034600000, 0x00007fe1cdc90000, 0x00007fe589b50000)
  eden space 5366336K,   0% used [0x00007fe034600000, 0x00007fe034600000, 0x00007fe17be90000)
  from space 670720K, 100% used [0x00007fe17be90000, 0x00007fe1a4d90000, 0x00007fe1a4d90000)
  to   space 670720K,   0% used [0x00007fe1a4d90000, 0x00007fe1a4d90000, 0x00007fe1cdc90000)
 tenured generation   total 18111244K, used 18111175K [0x00007fe589b50000, 0x00007fe9db213000, 0x00007ff034600000)
   the space 18111244K,  99% used [0x00007fe589b50000, 0x00007fe9db201fa8, 0x00007fe9db202000, 0x00007fe9db213000)
 Metaspace       used 31055K, capacity 31535K, committed 31744K, reserved 32768K
}

