# JRE version: OpenJDK Runtime Environment (13.0.7+5) (build 13.0.7+5-Ubuntu-0ubuntu120.04)
# Java VM: OpenJDK 64-Bit Server VM (13.0.7+5-Ubuntu-0ubuntu120.04, mixed mode, tiered, serial gc, linux-amd64)
Heap:
 def new generation   total 4862080K, used 342495K [0x00007f3a7c600000, 0x00007f3bc61b0000, 0x00007f3fd1b50000)
  eden space 4321856K,   7% used [0x00007f3a7c600000, 0x00007f3a91477f38, 0x00007f3b84290000)
  from space 540224K,   0% used [0x00007f3b84290000, 0x00007f3b84290000, 0x00007f3ba5220000)
  to   space 540224K,   0% used [0x00007f3ba5220000, 0x00007f3ba5220000, 0x00007f3bc61b0000)
 tenured generation   total 10955988K, used 10955987K [0x00007f3fd1b50000, 0x00007f426e685000, 0x00007f4a7c600000)
   the space 10955988K,  99% used [0x00007f3fd1b50000, 0x00007f426e684fe0, 0x00007f426e685000, 0x00007f426e685000)
 Metaspace       used 30603K, capacity 30978K, committed 31232K, reserved 32768K
GC Heap History (20 events):
Event: 179.722 GC heap after
{Heap after GC invocations=70 (full 5):
 def new generation   total 4862080K, used 324022K [0x00007f3a7c600000, 0x00007f3bc61b0000, 0x00007f3fd1b50000)
  eden space 4321856K,   0% used [0x00007f3a7c600000, 0x00007f3a7c600000, 0x00007f3b84290000)
  from space 540224K,  59% used [0x00007f3ba5220000, 0x00007f3bb8e8da98, 0x00007f3bc61b0000)
  to   space 540224K,   0% used [0x00007f3b84290000, 0x00007f3b84290000, 0x00007f3ba5220000)
 tenured generation   total 10804500K, used 7994982K [0x00007f3fd1b50000, 0x00007f4265295000, 0x00007f4a7c600000)
   the space 10804500K,  73% used [0x00007f3fd1b50000, 0x00007f41b9ae9b18, 0x00007f41b9ae9c00, 0x00007f4265295000)
 Metaspace       used 30603K, capacity 30978K, committed 31232K, reserved 32768K
}
Event: 180.833 GC heap before
{Heap before GC invocations=70 (full 5):
 def new generation   total 4862080K, used 4645878K [0x00007f3a7c600000, 0x00007f3bc61b0000, 0x00007f3fd1b50000)
  eden space 4321856K, 100% used [0x00007f3a7c600000, 0x00007f3b84290000, 0x00007f3b84290000)
  from space 540224K,  59% used [0x00007f3ba5220000, 0x00007f3bb8e8da98, 0x00007f3bc61b0000)
  to   space 540224K,   0% used [0x00007f3b84290000, 0x00007f3b84290000, 0x00007f3ba5220000)
 tenured generation   total 10804500K, used 7994982K [0x00007f3fd1b50000, 0x00007f4265295000, 0x00007f4a7c600000)
   the space 10804500K,  73% used [0x00007f3fd1b50000, 0x00007f41b9ae9b18, 0x00007f41b9ae9c00, 0x00007f4265295000)
 Metaspace       used 30603K, capacity 30978K, committed 31232K, reserved 32768K
}
Event: 182.009 GC heap after
{Heap after GC invocations=71 (full 5):
 def new generation   total 4862080K, used 336519K [0x00007f3a7c600000, 0x00007f3bc61b0000, 0x00007f3fd1b50000)
  eden space 4321856K,   0% used [0x00007f3a7c600000, 0x00007f3a7c600000, 0x00007f3b84290000)
  from space 540224K,  62% used [0x00007f3b84290000, 0x00007f3b98b31fb0, 0x00007f3ba5220000)
  to   space 540224K,   0% used [0x00007f3ba5220000, 0x00007f3ba5220000, 0x00007f3bc61b0000)
 tenured generation   total 10804500K, used 8319005K [0x00007f3fd1b50000, 0x00007f4265295000, 0x00007f4a7c600000)
   the space 10804500K,  76% used [0x00007f3fd1b50000, 0x00007f41cd757490, 0x00007f41cd757600, 0x00007f4265295000)
 Metaspace       used 30603K, capacity 30978K, committed 31232K, reserved 32768K
}
Event: 183.144 GC heap before
{Heap before GC invocations=71 (full 5):
 def new generation   total 4862080K, used 4658375K [0x00007f3a7c600000, 0x00007f3bc61b0000, 0x00007f3fd1b50000)
  eden space 4321856K, 100% used [0x00007f3a7c600000, 0x00007f3b84290000, 0x00007f3b84290000)
  from space 540224K,  62% used [0x00007f3b84290000, 0x00007f3b98b31fb0, 0x00007f3ba5220000)
  to   space 540224K,   0% used [0x00007f3ba5220000, 0x00007f3ba5220000, 0x00007f3bc61b0000)
 tenured generation   total 10804500K, used 8319005K [0x00007f3fd1b50000, 0x00007f4265295000, 0x00007f4a7c600000)
   the space 10804500K,  76% used [0x00007f3fd1b50000, 0x00007f41cd757490, 0x00007f41cd757600, 0x00007f4265295000)
 Metaspace       used 30603K, capacity 30978K, committed 31232K, reserved 32768K
}
Event: 184.290 GC heap after
{Heap after GC invocations=72 (full 5):
 def new generation   total 4862080K, used 319098K [0x00007f3a7c600000, 0x00007f3bc61b0000, 0x00007f3fd1b50000)
  eden space 4321856K,   0% used [0x00007f3a7c600000, 0x00007f3a7c600000, 0x00007f3b84290000)
  from space 540224K,  59% used [0x00007f3ba5220000, 0x00007f3bb89be9f8, 0x00007f3bc61b0000)
  to   space 540224K,   0% used [0x00007f3b84290000, 0x00007f3b84290000, 0x00007f3ba5220000)
 tenured generation   total 10804500K, used 8655523K [0x00007f3fd1b50000, 0x00007f4265295000, 0x00007f4a7c600000)
   the space 10804500K,  80% used [0x00007f3fd1b50000, 0x00007f41e1ff8ff0, 0x00007f41e1ff9000, 0x00007f4265295000)
 Metaspace       used 30603K, capacity 30978K, committed 31232K, reserved 32768K
}
Event: 185.397 GC heap before
{Heap before GC invocations=72 (full 5):
 def new generation   total 4862080K, used 4640954K [0x00007f3a7c600000, 0x00007f3bc61b0000, 0x00007f3fd1b50000)
  eden space 4321856K, 100% used [0x00007f3a7c600000, 0x00007f3b84290000, 0x00007f3b84290000)
  from space 540224K,  59% used [0x00007f3ba5220000, 0x00007f3bb89be9f8, 0x00007f3bc61b0000)
  to   space 540224K,   0% used [0x00007f3b84290000, 0x00007f3b84290000, 0x00007f3ba5220000)
 tenured generation   total 10804500K, used 8655523K [0x00007f3fd1b50000, 0x00007f4265295000, 0x00007f4a7c600000)
   the space 10804500K,  80% used [0x00007f3fd1b50000, 0x00007f41e1ff8ff0, 0x00007f41e1ff9000, 0x00007f4265295000)
 Metaspace       used 30603K, capacity 30978K, committed 31232K, reserved 32768K
}
Event: 186.466 GC heap after
{Heap after GC invocations=73 (full 5):
 def new generation   total 4862080K, used 312593K [0x00007f3a7c600000, 0x00007f3bc61b0000, 0x00007f3fd1b50000)
  eden space 4321856K,   0% used [0x00007f3a7c600000, 0x00007f3a7c600000, 0x00007f3b84290000)
  from space 540224K,  57% used [0x00007f3b84290000, 0x00007f3b973d4780, 0x00007f3ba5220000)
  to   space 540224K,   0% used [0x00007f3ba5220000, 0x00007f3ba5220000, 0x00007f3bc61b0000)
 tenured generation   total 10804500K, used 8974621K [0x00007f3fd1b50000, 0x00007f4265295000, 0x00007f4a7c600000)
   the space 10804500K,  83% used [0x00007f3fd1b50000, 0x00007f41f5797718, 0x00007f41f5797800, 0x00007f4265295000)
 Metaspace       used 30603K, capacity 30978K, committed 31232K, reserved 32768K
}
Event: 187.584 GC heap before
{Heap before GC invocations=73 (full 5):
 def new generation   total 4862080K, used 4634449K [0x00007f3a7c600000, 0x00007f3bc61b0000, 0x00007f3fd1b50000)
  eden space 4321856K, 100% used [0x00007f3a7c600000, 0x00007f3b84290000, 0x00007f3b84290000)
  from space 540224K,  57% used [0x00007f3b84290000, 0x00007f3b973d4780, 0x00007f3ba5220000)
  to   space 540224K,   0% used [0x00007f3ba5220000, 0x00007f3ba5220000, 0x00007f3bc61b0000)
 tenured generation   total 10804500K, used 8974621K [0x00007f3fd1b50000, 0x00007f4265295000, 0x00007f4a7c600000)
   the space 10804500K,  83% used [0x00007f3fd1b50000, 0x00007f41f5797718, 0x00007f41f5797800, 0x00007f4265295000)
 Metaspace       used 30603K, capacity 30978K, committed 31232K, reserved 32768K
}
Event: 188.665 GC heap after
{Heap after GC invocations=74 (full 5):
 def new generation   total 4862080K, used 318611K [0x00007f3a7c600000, 0x00007f3bc61b0000, 0x00007f3fd1b50000)
  eden space 4321856K,   0% used [0x00007f3a7c600000, 0x00007f3a7c600000, 0x00007f3b84290000)
  from space 540224K,  58% used [0x00007f3ba5220000, 0x00007f3bb8944d20, 0x00007f3bc61b0000)
  to   space 540224K,   0% used [0x00007f3b84290000, 0x00007f3b84290000, 0x00007f3ba5220000)
 tenured generation   total 10804500K, used 9287215K [0x00007f3fd1b50000, 0x00007f4265295000, 0x00007f4a7c600000)
   the space 10804500K,  85% used [0x00007f3fd1b50000, 0x00007f42088dbe98, 0x00007f42088dc000, 0x00007f4265295000)
 Metaspace       used 30603K, capacity 30978K, committed 31232K, reserved 32768K
}
Event: 189.783 GC heap before
{Heap before GC invocations=74 (full 5):
 def new generation   total 4862080K, used 4640467K [0x00007f3a7c600000, 0x00007f3bc61b0000, 0x00007f3fd1b50000)
  eden space 4321856K, 100% used [0x00007f3a7c600000, 0x00007f3b84290000, 0x00007f3b84290000)
  from space 540224K,  58% used [0x00007f3ba5220000, 0x00007f3bb8944d20, 0x00007f3bc61b0000)
  to   space 540224K,   0% used [0x00007f3b84290000, 0x00007f3b84290000, 0x00007f3ba5220000)
 tenured generation   total 10804500K, used 9287215K [0x00007f3fd1b50000, 0x00007f4265295000, 0x00007f4a7c600000)
   the space 10804500K,  85% used [0x00007f3fd1b50000, 0x00007f42088dbe98, 0x00007f42088dc000, 0x00007f4265295000)
 Metaspace       used 30603K, capacity 30978K, committed 31232K, reserved 32768K
}
Event: 190.922 GC heap after
{Heap after GC invocations=75 (full 5):
 def new generation   total 4862080K, used 333230K [0x00007f3a7c600000, 0x00007f3bc61b0000, 0x00007f3fd1b50000)
  eden space 4321856K,   0% used [0x00007f3a7c600000, 0x00007f3a7c600000, 0x00007f3b84290000)
  from space 540224K,  61% used [0x00007f3b84290000, 0x00007f3b987fba60, 0x00007f3ba5220000)
  to   space 540224K,   0% used [0x00007f3ba5220000, 0x00007f3ba5220000, 0x00007f3bc61b0000)
 tenured generation   total 10804500K, used 9605825K [0x00007f3fd1b50000, 0x00007f4265295000, 0x00007f4a7c600000)
   the space 10804500K,  88% used [0x00007f3fd1b50000, 0x00007f421c000728, 0x00007f421c000800, 0x00007f4265295000)
 Metaspace       used 30603K, capacity 30978K, committed 31232K, reserved 32768K
}
Event: 192.102 GC heap before
{Heap before GC invocations=75 (full 5):
 def new generation   total 4862080K, used 4655086K [0x00007f3a7c600000, 0x00007f3bc61b0000, 0x00007f3fd1b50000)
  eden space 4321856K, 100% used [0x00007f3a7c600000, 0x00007f3b84290000, 0x00007f3b84290000)
  from space 540224K,  61% used [0x00007f3b84290000, 0x00007f3b987fba60, 0x00007f3ba5220000)
  to   space 540224K,   0% used [0x00007f3ba5220000, 0x00007f3ba5220000, 0x00007f3bc61b0000)
 tenured generation   total 10804500K, used 9605825K [0x00007f3fd1b50000, 0x00007f4265295000, 0x00007f4a7c600000)
   the space 10804500K,  88% used [0x00007f3fd1b50000, 0x00007f421c000728, 0x00007f421c000800, 0x00007f4265295000)
 Metaspace       used 30603K, capacity 30978K, committed 31232K, reserved 32768K
}
Event: 193.339 GC heap after
{Heap after GC invocations=76 (full 5):
 def new generation   total 4862080K, used 343244K [0x00007f3a7c600000, 0x00007f3bc61b0000, 0x00007f3fd1b50000)
  eden space 4321856K,   0% used [0x00007f3a7c600000, 0x00007f3a7c600000, 0x00007f3b84290000)
  from space 540224K,  63% used [0x00007f3ba5220000, 0x00007f3bba153370, 0x00007f3bc61b0000)
  to   space 540224K,   0% used [0x00007f3b84290000, 0x00007f3b84290000, 0x00007f3ba5220000)
 tenured generation   total 10804500K, used 9939055K [0x00007f3fd1b50000, 0x00007f4265295000, 0x00007f4a7c600000)
   the space 10804500K,  91% used [0x00007f3fd1b50000, 0x00007f423056bd88, 0x00007f423056be00, 0x00007f4265295000)
 Metaspace       used 30603K, capacity 30978K, committed 31232K, reserved 32768K
}
Event: 194.475 GC heap before
{Heap before GC invocations=76 (full 5):
 def new generation   total 4862080K, used 4665100K [0x00007f3a7c600000, 0x00007f3bc61b0000, 0x00007f3fd1b50000)
  eden space 4321856K, 100% used [0x00007f3a7c600000, 0x00007f3b84290000, 0x00007f3b84290000)
  from space 540224K,  63% used [0x00007f3ba5220000, 0x00007f3bba153370, 0x00007f3bc61b0000)
  to   space 540224K,   0% used [0x00007f3b84290000, 0x00007f3b84290000, 0x00007f3ba5220000)
 tenured generation   total 10804500K, used 9939055K [0x00007f3fd1b50000, 0x00007f4265295000, 0x00007f4a7c600000)
   the space 10804500K,  91% used [0x00007f3fd1b50000, 0x00007f423056bd88, 0x00007f423056be00, 0x00007f4265295000)
 Metaspace       used 30603K, capacity 30978K, committed 31232K, reserved 32768K
}
Event: 195.694 GC heap after
{Heap after GC invocations=77 (full 5):
 def new generation   total 4862080K, used 322991K [0x00007f3a7c600000, 0x00007f3bc61b0000, 0x00007f3fd1b50000)
  eden space 4321856K,   0% used [0x00007f3a7c600000, 0x00007f3a7c600000, 0x00007f3b84290000)
  from space 540224K,  59% used [0x00007f3b84290000, 0x00007f3b97dfbff0, 0x00007f3ba5220000)
  to   space 540224K,   0% used [0x00007f3ba5220000, 0x00007f3ba5220000, 0x00007f3bc61b0000)
 tenured generation   total 10804500K, used 10282299K [0x00007f3fd1b50000, 0x00007f4265295000, 0x00007f4a7c600000)
   the space 10804500K,  95% used [0x00007f3fd1b50000, 0x00007f424549ed68, 0x00007f424549ee00, 0x00007f4265295000)
 Metaspace       used 30603K, capacity 30978K, committed 31232K, reserved 32768K
}
Event: 196.778 GC heap before
{Heap before GC invocations=77 (full 5):
 def new generation   total 4862080K, used 4644847K [0x00007f3a7c600000, 0x00007f3bc61b0000, 0x00007f3fd1b50000)
  eden space 4321856K, 100% used [0x00007f3a7c600000, 0x00007f3b84290000, 0x00007f3b84290000)
  from space 540224K,  59% used [0x00007f3b84290000, 0x00007f3b97dfbff0, 0x00007f3ba5220000)
  to   space 540224K,   0% used [0x00007f3ba5220000, 0x00007f3ba5220000, 0x00007f3bc61b0000)
 tenured generation   total 10804500K, used 10282299K [0x00007f3fd1b50000, 0x00007f4265295000, 0x00007f4a7c600000)
   the space 10804500K,  95% used [0x00007f3fd1b50000, 0x00007f424549ed68, 0x00007f424549ee00, 0x00007f4265295000)
 Metaspace       used 30603K, capacity 30978K, committed 31232K, reserved 32768K
}
Event: 197.993 GC heap after
{Heap after GC invocations=78 (full 5):
 def new generation   total 4862080K, used 350553K [0x00007f3a7c600000, 0x00007f3bc61b0000, 0x00007f3fd1b50000)
  eden space 4321856K,   0% used [0x00007f3a7c600000, 0x00007f3a7c600000, 0x00007f3b84290000)
  from space 540224K,  64% used [0x00007f3ba5220000, 0x00007f3bba8766c0, 0x00007f3bc61b0000)
  to   space 540224K,   0% used [0x00007f3b84290000, 0x00007f3b84290000, 0x00007f3ba5220000)
 tenured generation   total 10804500K, used 10605290K [0x00007f3fd1b50000, 0x00007f4265295000, 0x00007f4a7c600000)
   the space 10804500K,  98% used [0x00007f3fd1b50000, 0x00007f425900aad8, 0x00007f425900ac00, 0x00007f4265295000)
 Metaspace       used 30603K, capacity 30978K, committed 31232K, reserved 32768K
}
Event: 199.084 GC heap before
{Heap before GC invocations=78 (full 5):
 def new generation   total 4862080K, used 4672409K [0x00007f3a7c600000, 0x00007f3bc61b0000, 0x00007f3fd1b50000)
  eden space 4321856K, 100% used [0x00007f3a7c600000, 0x00007f3b84290000, 0x00007f3b84290000)
  from space 540224K,  64% used [0x00007f3ba5220000, 0x00007f3bba8766c0, 0x00007f3bc61b0000)
  to   space 540224K,   0% used [0x00007f3b84290000, 0x00007f3b84290000, 0x00007f3ba5220000)
 tenured generation   total 10804500K, used 10605290K [0x00007f3fd1b50000, 0x00007f4265295000, 0x00007f4a7c600000)
   the space 10804500K,  98% used [0x00007f3fd1b50000, 0x00007f425900aad8, 0x00007f425900ac00, 0x00007f4265295000)
 Metaspace       used 30603K, capacity 30978K, committed 31232K, reserved 32768K
}
Event: 200.318 GC heap after
{Heap after GC invocations=79 (full 5):
 def new generation   total 4862080K, used 342640K [0x00007f3a7c600000, 0x00007f3bc61b0000, 0x00007f3fd1b50000)
  eden space 4321856K,   0% used [0x00007f3a7c600000, 0x00007f3a7c600000, 0x00007f3b84290000)
  from space 540224K,  63% used [0x00007f3b84290000, 0x00007f3b9912c110, 0x00007f3ba5220000)
  to   space 540224K,   0% used [0x00007f3ba5220000, 0x00007f3ba5220000, 0x00007f3bc61b0000)
 tenured generation   total 10955988K, used 10955843K [0x00007f3fd1b50000, 0x00007f426e685000, 0x00007f4a7c600000)
   the space 10955988K,  99% used [0x00007f3fd1b50000, 0x00007f426e660e08, 0x00007f426e661000, 0x00007f426e685000)
 Metaspace       used 30603K, capacity 30978K, committed 31232K, reserved 32768K
}
Event: 200.318 GC heap before
{Heap before GC invocations=79 (full 5):
 def new generation   total 4862080K, used 342640K [0x00007f3a7c600000, 0x00007f3bc61b0000, 0x00007f3fd1b50000)
  eden space 4321856K,   0% used [0x00007f3a7c600000, 0x00007f3a7c600000, 0x00007f3b84290000)
  from space 540224K,  63% used [0x00007f3b84290000, 0x00007f3b9912c110, 0x00007f3ba5220000)
  to   space 540224K,   0% used [0x00007f3ba5220000, 0x00007f3ba5220000, 0x00007f3bc61b0000)
 tenured generation   total 10955988K, used 10955843K [0x00007f3fd1b50000, 0x00007f426e685000, 0x00007f4a7c600000)
   the space 10955988K,  99% used [0x00007f3fd1b50000, 0x00007f426e660e08, 0x00007f426e661000, 0x00007f426e685000)
 Metaspace       used 30603K, capacity 30978K, committed 31232K, reserved 32768K
}

