# JRE version: OpenJDK Runtime Environment (13.0.7+5) (build 13.0.7+5-Ubuntu-0ubuntu120.04)
# Java VM: OpenJDK 64-Bit Server VM (13.0.7+5-Ubuntu-0ubuntu120.04, mixed mode, tiered, compressed oops, serial gc, linux-amd64)
Heap:
 def new generation   total 1434624K, used 0K [0x0000000080200000, 0x00000000e16a0000, 0x0000000300150000)
  eden space 1275264K,   0% used [0x0000000080200000, 0x0000000080200000, 0x00000000cdf60000)
  from space 159360K,   0% used [0x00000000cdf60000, 0x00000000cdf60000, 0x00000000d7b00000)
  to   space 159360K,   0% used [0x00000000d7b00000, 0x00000000d7b00000, 0x00000000e16a0000)
 tenured generation   total 3251828K, used 2366133K [0x0000000300150000, 0x00000003c68ed000, 0x0000000800000000)
   the space 3251828K,  72% used [0x0000000300150000, 0x00000003907fd590, 0x00000003907fd600, 0x00000003c68ed000)
 Metaspace       used 22735K, capacity 23232K, committed 23424K, reserved 1071104K
  class space    used 2354K, capacity 2568K, committed 2688K, reserved 1048576K
GC Heap History (20 events):
Event: 619.967 GC heap after
{Heap after GC invocations=545 (full 20):
 def new generation   total 1434624K, used 76675K [0x0000000080200000, 0x00000000e16a0000, 0x0000000300150000)
  eden space 1275264K,   0% used [0x0000000080200000, 0x0000000080200000, 0x00000000cdf60000)
  from space 159360K,  48% used [0x00000000d7b00000, 0x00000000dc5e0f98, 0x00000000e16a0000)
  to   space 159360K,   0% used [0x00000000cdf60000, 0x00000000cdf60000, 0x00000000d7b00000)
 tenured generation   total 3187844K, used 2935412K [0x0000000300150000, 0x00000003c2a71000, 0x0000000800000000)
   the space 3187844K,  92% used [0x0000000300150000, 0x00000003b33ed230, 0x00000003b33ed400, 0x00000003c2a71000)
 Metaspace       used 22735K, capacity 23232K, committed 23424K, reserved 1071104K
  class space    used 2354K, capacity 2568K, committed 2688K, reserved 1048576K
}
Event: 621.868 GC heap before
{Heap before GC invocations=545 (full 20):
 def new generation   total 1434624K, used 1351939K [0x0000000080200000, 0x00000000e16a0000, 0x0000000300150000)
  eden space 1275264K, 100% used [0x0000000080200000, 0x00000000cdf60000, 0x00000000cdf60000)
  from space 159360K,  48% used [0x00000000d7b00000, 0x00000000dc5e0f98, 0x00000000e16a0000)
  to   space 159360K,   0% used [0x00000000cdf60000, 0x00000000cdf60000, 0x00000000d7b00000)
 tenured generation   total 3187844K, used 2935412K [0x0000000300150000, 0x00000003c2a71000, 0x0000000800000000)
   the space 3187844K,  92% used [0x0000000300150000, 0x00000003b33ed230, 0x00000003b33ed400, 0x00000003c2a71000)
 Metaspace       used 22735K, capacity 23232K, committed 23424K, reserved 1071104K
  class space    used 2354K, capacity 2568K, committed 2688K, reserved 1048576K
}
Event: 622.042 GC heap after
{Heap after GC invocations=546 (full 20):
 def new generation   total 1434624K, used 152339K [0x0000000080200000, 0x00000000e16a0000, 0x0000000300150000)
  eden space 1275264K,   0% used [0x0000000080200000, 0x0000000080200000, 0x00000000cdf60000)
  from space 159360K,  95% used [0x00000000cdf60000, 0x00000000d7424e10, 0x00000000d7b00000)
  to   space 159360K,   0% used [0x00000000d7b00000, 0x00000000d7b00000, 0x00000000e16a0000)
 tenured generation   total 3187844K, used 2935412K [0x0000000300150000, 0x00000003c2a71000, 0x0000000800000000)
   the space 3187844K,  92% used [0x0000000300150000, 0x00000003b33ed230, 0x00000003b33ed400, 0x00000003c2a71000)
 Metaspace       used 22735K, capacity 23232K, committed 23424K, reserved 1071104K
  class space    used 2354K, capacity 2568K, committed 2688K, reserved 1048576K
}
Event: 623.270 GC heap before
{Heap before GC invocations=546 (full 20):
 def new generation   total 1434624K, used 1427603K [0x0000000080200000, 0x00000000e16a0000, 0x0000000300150000)
  eden space 1275264K, 100% used [0x0000000080200000, 0x00000000cdf60000, 0x00000000cdf60000)
  from space 159360K,  95% used [0x00000000cdf60000, 0x00000000d7424e10, 0x00000000d7b00000)
  to   space 159360K,   0% used [0x00000000d7b00000, 0x00000000d7b00000, 0x00000000e16a0000)
 tenured generation   total 3187844K, used 2935412K [0x0000000300150000, 0x00000003c2a71000, 0x0000000800000000)
   the space 3187844K,  92% used [0x0000000300150000, 0x00000003b33ed230, 0x00000003b33ed400, 0x00000003c2a71000)
 Metaspace       used 22735K, capacity 23232K, committed 23424K, reserved 1071104K
  class space    used 2354K, capacity 2568K, committed 2688K, reserved 1048576K
}
Event: 623.318 GC heap after
{Heap after GC invocations=547 (full 20):
 def new generation   total 1434624K, used 57164K [0x0000000080200000, 0x00000000e16a0000, 0x0000000300150000)
  eden space 1275264K,   0% used [0x0000000080200000, 0x0000000080200000, 0x00000000cdf60000)
  from space 159360K,  35% used [0x00000000d7b00000, 0x00000000db2d3240, 0x00000000e16a0000)
  to   space 159360K,   0% used [0x00000000cdf60000, 0x00000000cdf60000, 0x00000000d7b00000)
 tenured generation   total 3187844K, used 2943142K [0x0000000300150000, 0x00000003c2a71000, 0x0000000800000000)
   the space 3187844K,  92% used [0x0000000300150000, 0x00000003b3b79a00, 0x00000003b3b79a00, 0x00000003c2a71000)
 Metaspace       used 22735K, capacity 23232K, committed 23424K, reserved 1071104K
  class space    used 2354K, capacity 2568K, committed 2688K, reserved 1048576K
}
Event: 624.568 GC heap before
{Heap before GC invocations=547 (full 20):
 def new generation   total 1434624K, used 1332428K [0x0000000080200000, 0x00000000e16a0000, 0x0000000300150000)
  eden space 1275264K, 100% used [0x0000000080200000, 0x00000000cdf60000, 0x00000000cdf60000)
  from space 159360K,  35% used [0x00000000d7b00000, 0x00000000db2d3240, 0x00000000e16a0000)
  to   space 159360K,   0% used [0x00000000cdf60000, 0x00000000cdf60000, 0x00000000d7b00000)
 tenured generation   total 3187844K, used 2943142K [0x0000000300150000, 0x00000003c2a71000, 0x0000000800000000)
   the space 3187844K,  92% used [0x0000000300150000, 0x00000003b3b79a00, 0x00000003b3b79a00, 0x00000003c2a71000)
 Metaspace       used 22735K, capacity 23232K, committed 23424K, reserved 1071104K
  class space    used 2354K, capacity 2568K, committed 2688K, reserved 1048576K
}
Event: 624.705 GC heap after
{Heap after GC invocations=548 (full 20):
 def new generation   total 1434624K, used 132824K [0x0000000080200000, 0x00000000e16a0000, 0x0000000300150000)
  eden space 1275264K,   0% used [0x0000000080200000, 0x0000000080200000, 0x00000000cdf60000)
  from space 159360K,  83% used [0x00000000cdf60000, 0x00000000d61163d0, 0x00000000d7b00000)
  to   space 159360K,   0% used [0x00000000d7b00000, 0x00000000d7b00000, 0x00000000e16a0000)
 tenured generation   total 3187844K, used 2943142K [0x0000000300150000, 0x00000003c2a71000, 0x0000000800000000)
   the space 3187844K,  92% used [0x0000000300150000, 0x00000003b3b79a00, 0x00000003b3b79a00, 0x00000003c2a71000)
 Metaspace       used 22735K, capacity 23232K, committed 23424K, reserved 1071104K
  class space    used 2354K, capacity 2568K, committed 2688K, reserved 1048576K
}
Event: 625.941 GC heap before
{Heap before GC invocations=548 (full 20):
 def new generation   total 1434624K, used 1408088K [0x0000000080200000, 0x00000000e16a0000, 0x0000000300150000)
  eden space 1275264K, 100% used [0x0000000080200000, 0x00000000cdf60000, 0x00000000cdf60000)
  from space 159360K,  83% used [0x00000000cdf60000, 0x00000000d61163d0, 0x00000000d7b00000)
  to   space 159360K,   0% used [0x00000000d7b00000, 0x00000000d7b00000, 0x00000000e16a0000)
 tenured generation   total 3187844K, used 2943142K [0x0000000300150000, 0x00000003c2a71000, 0x0000000800000000)
   the space 3187844K,  92% used [0x0000000300150000, 0x00000003b3b79a00, 0x00000003b3b79a00, 0x00000003c2a71000)
 Metaspace       used 22735K, capacity 23232K, committed 23424K, reserved 1071104K
  class space    used 2354K, capacity 2568K, committed 2688K, reserved 1048576K
}
Event: 626.164 GC heap after
{Heap after GC invocations=549 (full 20):
 def new generation   total 1434624K, used 152326K [0x0000000080200000, 0x00000000e16a0000, 0x0000000300150000)
  eden space 1275264K,   0% used [0x0000000080200000, 0x0000000080200000, 0x00000000cdf60000)
  from space 159360K,  95% used [0x00000000d7b00000, 0x00000000e0fc1908, 0x00000000e16a0000)
  to   space 159360K,   0% used [0x00000000cdf60000, 0x00000000cdf60000, 0x00000000d7b00000)
 tenured generation   total 3187844K, used 2999786K [0x0000000300150000, 0x00000003c2a71000, 0x0000000800000000)
   the space 3187844K,  94% used [0x0000000300150000, 0x00000003b72ca9d8, 0x00000003b72caa00, 0x00000003c2a71000)
 Metaspace       used 22735K, capacity 23232K, committed 23424K, reserved 1071104K
  class space    used 2354K, capacity 2568K, committed 2688K, reserved 1048576K
}
Event: 627.374 GC heap before
{Heap before GC invocations=549 (full 20):
 def new generation   total 1434624K, used 1427590K [0x0000000080200000, 0x00000000e16a0000, 0x0000000300150000)
  eden space 1275264K, 100% used [0x0000000080200000, 0x00000000cdf60000, 0x00000000cdf60000)
  from space 159360K,  95% used [0x00000000d7b00000, 0x00000000e0fc1908, 0x00000000e16a0000)
  to   space 159360K,   0% used [0x00000000cdf60000, 0x00000000cdf60000, 0x00000000d7b00000)
 tenured generation   total 3187844K, used 2999786K [0x0000000300150000, 0x00000003c2a71000, 0x0000000800000000)
   the space 3187844K,  94% used [0x0000000300150000, 0x00000003b72ca9d8, 0x00000003b72caa00, 0x00000003c2a71000)
 Metaspace       used 22735K, capacity 23232K, committed 23424K, reserved 1071104K
  class space    used 2354K, capacity 2568K, committed 2688K, reserved 1048576K
}
Event: 627.646 GC heap after
{Heap after GC invocations=550 (full 20):
 def new generation   total 1434624K, used 152322K [0x0000000080200000, 0x00000000e16a0000, 0x0000000300150000)
  eden space 1275264K,   0% used [0x0000000080200000, 0x0000000080200000, 0x00000000cdf60000)
  from space 159360K,  95% used [0x00000000cdf60000, 0x00000000d74208c0, 0x00000000d7b00000)
  to   space 159360K,   0% used [0x00000000d7b00000, 0x00000000d7b00000, 0x00000000e16a0000)
 tenured generation   total 3187844K, used 3075436K [0x0000000300150000, 0x00000003c2a71000, 0x0000000800000000)
   the space 3187844K,  96% used [0x0000000300150000, 0x00000003bbcab348, 0x00000003bbcab400, 0x00000003c2a71000)
 Metaspace       used 22735K, capacity 23232K, committed 23424K, reserved 1071104K
  class space    used 2354K, capacity 2568K, committed 2688K, reserved 1048576K
}
Event: 628.916 GC heap before
{Heap before GC invocations=550 (full 20):
 def new generation   total 1434624K, used 1427586K [0x0000000080200000, 0x00000000e16a0000, 0x0000000300150000)
  eden space 1275264K, 100% used [0x0000000080200000, 0x00000000cdf60000, 0x00000000cdf60000)
  from space 159360K,  95% used [0x00000000cdf60000, 0x00000000d74208c0, 0x00000000d7b00000)
  to   space 159360K,   0% used [0x00000000d7b00000, 0x00000000d7b00000, 0x00000000e16a0000)
 tenured generation   total 3187844K, used 3075436K [0x0000000300150000, 0x00000003c2a71000, 0x0000000800000000)
   the space 3187844K,  96% used [0x0000000300150000, 0x00000003bbcab348, 0x00000003bbcab400, 0x00000003c2a71000)
 Metaspace       used 22735K, capacity 23232K, committed 23424K, reserved 1071104K
  class space    used 2354K, capacity 2568K, committed 2688K, reserved 1048576K
}
Event: 629.018 GC heap after
{Heap after GC invocations=551 (full 20):
 def new generation   total 1434624K, used 92894K [0x0000000080200000, 0x00000000e16a0000, 0x0000000300150000)
  eden space 1275264K,   0% used [0x0000000080200000, 0x0000000080200000, 0x00000000cdf60000)
  from space 159360K,  58% used [0x00000000d7b00000, 0x00000000dd5b7b48, 0x00000000e16a0000)
  to   space 159360K,   0% used [0x00000000cdf60000, 0x00000000cdf60000, 0x00000000d7b00000)
 tenured generation   total 3187844K, used 3083733K [0x0000000300150000, 0x00000003c2a71000, 0x0000000800000000)
   the space 3187844K,  96% used [0x0000000300150000, 0x00000003bc4c5428, 0x00000003bc4c5600, 0x00000003c2a71000)
 Metaspace       used 22735K, capacity 23232K, committed 23424K, reserved 1071104K
  class space    used 2354K, capacity 2568K, committed 2688K, reserved 1048576K
}
Event: 630.235 GC heap before
{Heap before GC invocations=551 (full 20):
 def new generation   total 1434624K, used 1368158K [0x0000000080200000, 0x00000000e16a0000, 0x0000000300150000)
  eden space 1275264K, 100% used [0x0000000080200000, 0x00000000cdf60000, 0x00000000cdf60000)
  from space 159360K,  58% used [0x00000000d7b00000, 0x00000000dd5b7b48, 0x00000000e16a0000)
  to   space 159360K,   0% used [0x00000000cdf60000, 0x00000000cdf60000, 0x00000000d7b00000)
 tenured generation   total 3187844K, used 3083733K [0x0000000300150000, 0x00000003c2a71000, 0x0000000800000000)
   the space 3187844K,  96% used [0x0000000300150000, 0x00000003bc4c5428, 0x00000003bc4c5600, 0x00000003c2a71000)
 Metaspace       used 22735K, capacity 23232K, committed 23424K, reserved 1071104K
  class space    used 2354K, capacity 2568K, committed 2688K, reserved 1048576K
}
Event: 630.461 GC heap after
{Heap after GC invocations=552 (full 20):
 def new generation   total 1434624K, used 76679K [0x0000000080200000, 0x00000000e16a0000, 0x0000000300150000)
  eden space 1275264K,   0% used [0x0000000080200000, 0x0000000080200000, 0x00000000cdf60000)
  from space 159360K,  48% used [0x00000000cdf60000, 0x00000000d2a41ee0, 0x00000000d7b00000)
  to   space 159360K,   0% used [0x00000000d7b00000, 0x00000000d7b00000, 0x00000000e16a0000)
 tenured generation   total 3187844K, used 3176104K [0x0000000300150000, 0x00000003c2a71000, 0x0000000800000000)
   the space 3187844K,  99% used [0x0000000300150000, 0x00000003c1efa2a0, 0x00000003c1efa400, 0x00000003c2a71000)
 Metaspace       used 22735K, capacity 23232K, committed 23424K, reserved 1071104K
  class space    used 2354K, capacity 2568K, committed 2688K, reserved 1048576K
}
Event: 631.687 GC heap before
{Heap before GC invocations=552 (full 20):
 def new generation   total 1434624K, used 1351943K [0x0000000080200000, 0x00000000e16a0000, 0x0000000300150000)
  eden space 1275264K, 100% used [0x0000000080200000, 0x00000000cdf60000, 0x00000000cdf60000)
  from space 159360K,  48% used [0x00000000cdf60000, 0x00000000d2a41ee0, 0x00000000d7b00000)
  to   space 159360K,   0% used [0x00000000d7b00000, 0x00000000d7b00000, 0x00000000e16a0000)
 tenured generation   total 3187844K, used 3176104K [0x0000000300150000, 0x00000003c2a71000, 0x0000000800000000)
   the space 3187844K,  99% used [0x0000000300150000, 0x00000003c1efa2a0, 0x00000003c1efa400, 0x00000003c2a71000)
 Metaspace       used 22735K, capacity 23232K, committed 23424K, reserved 1071104K
  class space    used 2354K, capacity 2568K, committed 2688K, reserved 1048576K
}
Event: 631.838 GC heap after
{Heap after GC invocations=553 (full 20):
 def new generation   total 1434624K, used 152340K [0x0000000080200000, 0x00000000e16a0000, 0x0000000300150000)
  eden space 1275264K,   0% used [0x0000000080200000, 0x0000000080200000, 0x00000000cdf60000)
  from space 159360K,  95% used [0x00000000d7b00000, 0x00000000e0fc52b8, 0x00000000e16a0000)
  to   space 159360K,   0% used [0x00000000cdf60000, 0x00000000cdf60000, 0x00000000d7b00000)
 tenured generation   total 3187844K, used 3176104K [0x0000000300150000, 0x00000003c2a71000, 0x0000000800000000)
   the space 3187844K,  99% used [0x0000000300150000, 0x00000003c1efa2a0, 0x00000003c1efa400, 0x00000003c2a71000)
 Metaspace       used 22735K, capacity 23232K, committed 23424K, reserved 1071104K
  class space    used 2354K, capacity 2568K, committed 2688K, reserved 1048576K
}
Event: 633.068 GC heap before
{Heap before GC invocations=553 (full 20):
 def new generation   total 1434624K, used 1427604K [0x0000000080200000, 0x00000000e16a0000, 0x0000000300150000)
  eden space 1275264K, 100% used [0x0000000080200000, 0x00000000cdf60000, 0x00000000cdf60000)
  from space 159360K,  95% used [0x00000000d7b00000, 0x00000000e0fc52b8, 0x00000000e16a0000)
  to   space 159360K,   0% used [0x00000000cdf60000, 0x00000000cdf60000, 0x00000000d7b00000)
 tenured generation   total 3187844K, used 3176104K [0x0000000300150000, 0x00000003c2a71000, 0x0000000800000000)
   the space 3187844K,  99% used [0x0000000300150000, 0x00000003c1efa2a0, 0x00000003c1efa400, 0x00000003c2a71000)
 Metaspace       used 22735K, capacity 23232K, committed 23424K, reserved 1071104K
  class space    used 2354K, capacity 2568K, committed 2688K, reserved 1048576K
}
Event: 633.315 GC heap after
{Heap after GC invocations=554 (full 20):
 def new generation   total 1434624K, used 152333K [0x0000000080200000, 0x00000000e16a0000, 0x0000000300150000)
  eden space 1275264K,   0% used [0x0000000080200000, 0x0000000080200000, 0x00000000cdf60000)
  from space 159360K,  95% used [0x00000000cdf60000, 0x00000000d74235b8, 0x00000000d7b00000)
  to   space 159360K,   0% used [0x00000000d7b00000, 0x00000000d7b00000, 0x00000000e16a0000)
 tenured generation   total 3251828K, used 3251755K [0x0000000300150000, 0x00000003c68ed000, 0x0000000800000000)
   the space 3251828K,  99% used [0x0000000300150000, 0x00000003c68daff8, 0x00000003c68db000, 0x00000003c68ed000)
 Metaspace       used 22735K, capacity 23232K, committed 23424K, reserved 1071104K
  class space    used 2354K, capacity 2568K, committed 2688K, reserved 1048576K
}
Event: 633.316 GC heap before
{Heap before GC invocations=554 (full 20):
 def new generation   total 1434624K, used 152333K [0x0000000080200000, 0x00000000e16a0000, 0x0000000300150000)
  eden space 1275264K,   0% used [0x0000000080200000, 0x0000000080200000, 0x00000000cdf60000)
  from space 159360K,  95% used [0x00000000cdf60000, 0x00000000d74235b8, 0x00000000d7b00000)
  to   space 159360K,   0% used [0x00000000d7b00000, 0x00000000d7b00000, 0x00000000e16a0000)
 tenured generation   total 3251828K, used 3251755K [0x0000000300150000, 0x00000003c68ed000, 0x0000000800000000)
   the space 3251828K,  99% used [0x0000000300150000, 0x00000003c68daff8, 0x00000003c68db000, 0x00000003c68ed000)
 Metaspace       used 22735K, capacity 23232K, committed 23424K, reserved 1071104K
  class space    used 2354K, capacity 2568K, committed 2688K, reserved 1048576K
}

