# JRE version: OpenJDK Runtime Environment (13.0.7+5) (build 13.0.7+5-Ubuntu-0ubuntu120.04)
# Java VM: OpenJDK 64-Bit Server VM (13.0.7+5-Ubuntu-0ubuntu120.04, mixed mode, tiered, serial gc, linux-amd64)
Heap:
 def new generation   total 2748096K, used 153621K [0x00007fb2d0600000, 0x00007fb38abd0000, 0x00007fbd7b0a0000)
  eden space 2442816K,   6% used [0x00007fb2d0600000, 0x00007fb2d9c055d0, 0x00007fb365790000)
  from space 305280K,   0% used [0x00007fb3781b0000, 0x00007fb3781b0000, 0x00007fb38abd0000)
  to   space 305280K,   0% used [0x00007fb365790000, 0x00007fb365790000, 0x00007fb3781b0000)
 tenured generation   total 6123116K, used 6111193K [0x00007fbd7b0a0000, 0x00007fbef0c3b000, 0x00007fd2d0600000)
   the space 6123116K,  99% used [0x00007fbd7b0a0000, 0x00007fbef00966d8, 0x00007fbef0096800, 0x00007fbef0c3b000)
 Metaspace       used 24225K, capacity 24578K, committed 24832K, reserved 26624K
GC Heap History (20 events):
Event: 1664.235 GC heap after
{Heap after GC invocations=1526 (full 6):
 def new generation   total 2748096K, used 145947K [0x00007fb2d0600000, 0x00007fb38abd0000, 0x00007fbd7b0a0000)
  eden space 2442816K,   0% used [0x00007fb2d0600000, 0x00007fb2d0600000, 0x00007fb365790000)
  from space 305280K,  47% used [0x00007fb365790000, 0x00007fb36e616ea0, 0x00007fb3781b0000)
  to   space 305280K,   0% used [0x00007fb3781b0000, 0x00007fb3781b0000, 0x00007fb38abd0000)
 tenured generation   total 6106728K, used 5992483K [0x00007fbd7b0a0000, 0x00007fbeefc3a000, 0x00007fd2d0600000)
   the space 6106728K,  98% used [0x00007fbd7b0a0000, 0x00007fbee8ca8d08, 0x00007fbee8ca8e00, 0x00007fbeefc3a000)
 Metaspace       used 24222K, capacity 24578K, committed 24832K, reserved 26624K
}
Event: 1666.657 GC heap before
{Heap before GC invocations=1526 (full 6):
 def new generation   total 2748096K, used 2588763K [0x00007fb2d0600000, 0x00007fb38abd0000, 0x00007fbd7b0a0000)
  eden space 2442816K, 100% used [0x00007fb2d0600000, 0x00007fb365790000, 0x00007fb365790000)
  from space 305280K,  47% used [0x00007fb365790000, 0x00007fb36e616ea0, 0x00007fb3781b0000)
  to   space 305280K,   0% used [0x00007fb3781b0000, 0x00007fb3781b0000, 0x00007fb38abd0000)
 tenured generation   total 6106728K, used 5992483K [0x00007fbd7b0a0000, 0x00007fbeefc3a000, 0x00007fd2d0600000)
   the space 6106728K,  98% used [0x00007fbd7b0a0000, 0x00007fbee8ca8d08, 0x00007fbee8ca8e00, 0x00007fbeefc3a000)
 Metaspace       used 24222K, capacity 24578K, committed 24832K, reserved 26624K
}
Event: 1666.767 GC heap after
{Heap after GC invocations=1527 (full 6):
 def new generation   total 2748096K, used 173666K [0x00007fb2d0600000, 0x00007fb38abd0000, 0x00007fbd7b0a0000)
  eden space 2442816K,   0% used [0x00007fb2d0600000, 0x00007fb2d0600000, 0x00007fb365790000)
  from space 305280K,  56% used [0x00007fb3781b0000, 0x00007fb382b489d0, 0x00007fb38abd0000)
  to   space 305280K,   0% used [0x00007fb365790000, 0x00007fb365790000, 0x00007fb3781b0000)
 tenured generation   total 6106728K, used 5992483K [0x00007fbd7b0a0000, 0x00007fbeefc3a000, 0x00007fd2d0600000)
   the space 6106728K,  98% used [0x00007fbd7b0a0000, 0x00007fbee8ca8d08, 0x00007fbee8ca8e00, 0x00007fbeefc3a000)
 Metaspace       used 24222K, capacity 24578K, committed 24832K, reserved 26624K
}
Event: 1669.384 GC heap before
{Heap before GC invocations=1527 (full 6):
 def new generation   total 2748096K, used 2616482K [0x00007fb2d0600000, 0x00007fb38abd0000, 0x00007fbd7b0a0000)
  eden space 2442816K, 100% used [0x00007fb2d0600000, 0x00007fb365790000, 0x00007fb365790000)
  from space 305280K,  56% used [0x00007fb3781b0000, 0x00007fb382b489d0, 0x00007fb38abd0000)
  to   space 305280K,   0% used [0x00007fb365790000, 0x00007fb365790000, 0x00007fb3781b0000)
 tenured generation   total 6106728K, used 5992483K [0x00007fbd7b0a0000, 0x00007fbeefc3a000, 0x00007fd2d0600000)
   the space 6106728K,  98% used [0x00007fbd7b0a0000, 0x00007fbee8ca8d08, 0x00007fbee8ca8e00, 0x00007fbeefc3a000)
 Metaspace       used 24222K, capacity 24578K, committed 24832K, reserved 26624K
}
Event: 1669.526 GC heap after
{Heap after GC invocations=1528 (full 6):
 def new generation   total 2748096K, used 135646K [0x00007fb2d0600000, 0x00007fb38abd0000, 0x00007fbd7b0a0000)
  eden space 2442816K,   0% used [0x00007fb2d0600000, 0x00007fb2d0600000, 0x00007fb365790000)
  from space 305280K,  44% used [0x00007fb365790000, 0x00007fb36dc07a68, 0x00007fb3781b0000)
  to   space 305280K,   0% used [0x00007fb3781b0000, 0x00007fb3781b0000, 0x00007fb38abd0000)
 tenured generation   total 6106728K, used 6026400K [0x00007fbd7b0a0000, 0x00007fbeefc3a000, 0x00007fd2d0600000)
   the space 6106728K,  98% used [0x00007fbd7b0a0000, 0x00007fbeeadc81b8, 0x00007fbeeadc8200, 0x00007fbeefc3a000)
 Metaspace       used 24222K, capacity 24578K, committed 24832K, reserved 26624K
}
Event: 1672.153 GC heap before
{Heap before GC invocations=1528 (full 6):
 def new generation   total 2748096K, used 2578462K [0x00007fb2d0600000, 0x00007fb38abd0000, 0x00007fbd7b0a0000)
  eden space 2442816K, 100% used [0x00007fb2d0600000, 0x00007fb365790000, 0x00007fb365790000)
  from space 305280K,  44% used [0x00007fb365790000, 0x00007fb36dc07a68, 0x00007fb3781b0000)
  to   space 305280K,   0% used [0x00007fb3781b0000, 0x00007fb3781b0000, 0x00007fb38abd0000)
 tenured generation   total 6106728K, used 6026400K [0x00007fbd7b0a0000, 0x00007fbeefc3a000, 0x00007fd2d0600000)
   the space 6106728K,  98% used [0x00007fbd7b0a0000, 0x00007fbeeadc81b8, 0x00007fbeeadc8200, 0x00007fbeefc3a000)
 Metaspace       used 24222K, capacity 24578K, committed 24832K, reserved 26624K
}
Event: 1672.272 GC heap after
{Heap after GC invocations=1529 (full 6):
 def new generation   total 2748096K, used 151060K [0x00007fb2d0600000, 0x00007fb38abd0000, 0x00007fbd7b0a0000)
  eden space 2442816K,   0% used [0x00007fb2d0600000, 0x00007fb2d0600000, 0x00007fb365790000)
  from space 305280K,  49% used [0x00007fb3781b0000, 0x00007fb3815353a8, 0x00007fb38abd0000)
  to   space 305280K,   0% used [0x00007fb365790000, 0x00007fb365790000, 0x00007fb3781b0000)
 tenured generation   total 6106728K, used 6026400K [0x00007fbd7b0a0000, 0x00007fbeefc3a000, 0x00007fd2d0600000)
   the space 6106728K,  98% used [0x00007fbd7b0a0000, 0x00007fbeeadc81b8, 0x00007fbeeadc8200, 0x00007fbeefc3a000)
 Metaspace       used 24222K, capacity 24578K, committed 24832K, reserved 26624K
}
Event: 1674.595 GC heap before
{Heap before GC invocations=1529 (full 6):
 def new generation   total 2748096K, used 2593876K [0x00007fb2d0600000, 0x00007fb38abd0000, 0x00007fbd7b0a0000)
  eden space 2442816K, 100% used [0x00007fb2d0600000, 0x00007fb365790000, 0x00007fb365790000)
  from space 305280K,  49% used [0x00007fb3781b0000, 0x00007fb3815353a8, 0x00007fb38abd0000)
  to   space 305280K,   0% used [0x00007fb365790000, 0x00007fb365790000, 0x00007fb3781b0000)
 tenured generation   total 6106728K, used 6026400K [0x00007fbd7b0a0000, 0x00007fbeefc3a000, 0x00007fd2d0600000)
   the space 6106728K,  98% used [0x00007fbd7b0a0000, 0x00007fbeeadc81b8, 0x00007fbeeadc8200, 0x00007fbeefc3a000)
 Metaspace       used 24222K, capacity 24578K, committed 24832K, reserved 26624K
}
Event: 1674.745 GC heap after
{Heap after GC invocations=1530 (full 6):
 def new generation   total 2748096K, used 178803K [0x00007fb2d0600000, 0x00007fb38abd0000, 0x00007fbd7b0a0000)
  eden space 2442816K,   0% used [0x00007fb2d0600000, 0x00007fb2d0600000, 0x00007fb365790000)
  from space 305280K,  58% used [0x00007fb365790000, 0x00007fb37062cfd0, 0x00007fb3781b0000)
  to   space 305280K,   0% used [0x00007fb3781b0000, 0x00007fb3781b0000, 0x00007fb38abd0000)
 tenured generation   total 6106728K, used 6026400K [0x00007fbd7b0a0000, 0x00007fbeefc3a000, 0x00007fd2d0600000)
   the space 6106728K,  98% used [0x00007fbd7b0a0000, 0x00007fbeeadc81b8, 0x00007fbeeadc8200, 0x00007fbeefc3a000)
 Metaspace       used 24222K, capacity 24578K, committed 24832K, reserved 26624K
}
Event: 1677.056 GC heap before
{Heap before GC invocations=1530 (full 6):
 def new generation   total 2748096K, used 2621619K [0x00007fb2d0600000, 0x00007fb38abd0000, 0x00007fbd7b0a0000)
  eden space 2442816K, 100% used [0x00007fb2d0600000, 0x00007fb365790000, 0x00007fb365790000)
  from space 305280K,  58% used [0x00007fb365790000, 0x00007fb37062cfd0, 0x00007fb3781b0000)
  to   space 305280K,   0% used [0x00007fb3781b0000, 0x00007fb3781b0000, 0x00007fb38abd0000)
 tenured generation   total 6106728K, used 6026400K [0x00007fbd7b0a0000, 0x00007fbeefc3a000, 0x00007fd2d0600000)
   the space 6106728K,  98% used [0x00007fbd7b0a0000, 0x00007fbeeadc81b8, 0x00007fbeeadc8200, 0x00007fbeefc3a000)
 Metaspace       used 24222K, capacity 24578K, committed 24832K, reserved 26624K
}
Event: 1677.197 GC heap after
{Heap after GC invocations=1531 (full 6):
 def new generation   total 2748096K, used 138239K [0x00007fb2d0600000, 0x00007fb38abd0000, 0x00007fbd7b0a0000)
  eden space 2442816K,   0% used [0x00007fb2d0600000, 0x00007fb2d0600000, 0x00007fb365790000)
  from space 305280K,  45% used [0x00007fb3781b0000, 0x00007fb3808afc40, 0x00007fb38abd0000)
  to   space 305280K,   0% used [0x00007fb365790000, 0x00007fb365790000, 0x00007fb3781b0000)
 tenured generation   total 6106728K, used 6060317K [0x00007fbd7b0a0000, 0x00007fbeefc3a000, 0x00007fd2d0600000)
   the space 6106728K,  99% used [0x00007fbd7b0a0000, 0x00007fbeecee7668, 0x00007fbeecee7800, 0x00007fbeefc3a000)
 Metaspace       used 24222K, capacity 24578K, committed 24832K, reserved 26624K
}
Event: 1679.913 GC heap before
{Heap before GC invocations=1531 (full 6):
 def new generation   total 2748096K, used 2581055K [0x00007fb2d0600000, 0x00007fb38abd0000, 0x00007fbd7b0a0000)
  eden space 2442816K, 100% used [0x00007fb2d0600000, 0x00007fb365790000, 0x00007fb365790000)
  from space 305280K,  45% used [0x00007fb3781b0000, 0x00007fb3808afc40, 0x00007fb38abd0000)
  to   space 305280K,   0% used [0x00007fb365790000, 0x00007fb365790000, 0x00007fb3781b0000)
 tenured generation   total 6106728K, used 6060317K [0x00007fbd7b0a0000, 0x00007fbeefc3a000, 0x00007fd2d0600000)
   the space 6106728K,  99% used [0x00007fbd7b0a0000, 0x00007fbeecee7668, 0x00007fbeecee7800, 0x00007fbeefc3a000)
 Metaspace       used 24222K, capacity 24578K, committed 24832K, reserved 26624K
}
Event: 1680.016 GC heap after
{Heap after GC invocations=1532 (full 6):
 def new generation   total 2748096K, used 153110K [0x00007fb2d0600000, 0x00007fb38abd0000, 0x00007fbd7b0a0000)
  eden space 2442816K,   0% used [0x00007fb2d0600000, 0x00007fb2d0600000, 0x00007fb365790000)
  from space 305280K,  50% used [0x00007fb365790000, 0x00007fb36ed15928, 0x00007fb3781b0000)
  to   space 305280K,   0% used [0x00007fb3781b0000, 0x00007fb3781b0000, 0x00007fb38abd0000)
 tenured generation   total 6106728K, used 6060317K [0x00007fbd7b0a0000, 0x00007fbeefc3a000, 0x00007fd2d0600000)
   the space 6106728K,  99% used [0x00007fbd7b0a0000, 0x00007fbeecee7668, 0x00007fbeecee7800, 0x00007fbeefc3a000)
 Metaspace       used 24222K, capacity 24578K, committed 24832K, reserved 26624K
}
Event: 1682.492 GC heap before
{Heap before GC invocations=1532 (full 6):
 def new generation   total 2748096K, used 2595926K [0x00007fb2d0600000, 0x00007fb38abd0000, 0x00007fbd7b0a0000)
  eden space 2442816K, 100% used [0x00007fb2d0600000, 0x00007fb365790000, 0x00007fb365790000)
  from space 305280K,  50% used [0x00007fb365790000, 0x00007fb36ed15928, 0x00007fb3781b0000)
  to   space 305280K,   0% used [0x00007fb3781b0000, 0x00007fb3781b0000, 0x00007fb38abd0000)
 tenured generation   total 6106728K, used 6060317K [0x00007fbd7b0a0000, 0x00007fbeefc3a000, 0x00007fd2d0600000)
   the space 6106728K,  99% used [0x00007fbd7b0a0000, 0x00007fbeecee7668, 0x00007fbeecee7800, 0x00007fbeefc3a000)
 Metaspace       used 24222K, capacity 24578K, committed 24832K, reserved 26624K
}
Event: 1682.598 GC heap after
{Heap after GC invocations=1533 (full 6):
 def new generation   total 2748096K, used 149521K [0x00007fb2d0600000, 0x00007fb38abd0000, 0x00007fbd7b0a0000)
  eden space 2442816K,   0% used [0x00007fb2d0600000, 0x00007fb2d0600000, 0x00007fb365790000)
  from space 305280K,  48% used [0x00007fb3781b0000, 0x00007fb3813b4748, 0x00007fb38abd0000)
  to   space 305280K,   0% used [0x00007fb365790000, 0x00007fb365790000, 0x00007fb3781b0000)
 tenured generation   total 6106728K, used 6077276K [0x00007fbd7b0a0000, 0x00007fbeefc3a000, 0x00007fd2d0600000)
   the space 6106728K,  99% used [0x00007fbd7b0a0000, 0x00007fbeedf770c0, 0x00007fbeedf77200, 0x00007fbeefc3a000)
 Metaspace       used 24222K, capacity 24578K, committed 24832K, reserved 26624K
}
Event: 1684.943 GC heap before
{Heap before GC invocations=1533 (full 6):
 def new generation   total 2748096K, used 2591748K [0x00007fb2d0600000, 0x00007fb38abd0000, 0x00007fbd7b0a0000)
  eden space 2442816K,  99% used [0x00007fb2d0600000, 0x00007fb3656fcb20, 0x00007fb365790000)
  from space 305280K,  48% used [0x00007fb3781b0000, 0x00007fb3813b4748, 0x00007fb38abd0000)
  to   space 305280K,   0% used [0x00007fb365790000, 0x00007fb365790000, 0x00007fb3781b0000)
 tenured generation   total 6106728K, used 6077276K [0x00007fbd7b0a0000, 0x00007fbeefc3a000, 0x00007fd2d0600000)
   the space 6106728K,  99% used [0x00007fbd7b0a0000, 0x00007fbeedf770c0, 0x00007fbeedf77200, 0x00007fbeefc3a000)
 Metaspace       used 24222K, capacity 24578K, committed 24832K, reserved 26624K
}
Event: 1685.051 GC heap after
{Heap after GC invocations=1534 (full 6):
 def new generation   total 2748096K, used 177279K [0x00007fb2d0600000, 0x00007fb38abd0000, 0x00007fbd7b0a0000)
  eden space 2442816K,   0% used [0x00007fb2d0600000, 0x00007fb2d0600000, 0x00007fb365790000)
  from space 305280K,  58% used [0x00007fb365790000, 0x00007fb3704afe50, 0x00007fb3781b0000)
  to   space 305280K,   0% used [0x00007fb3781b0000, 0x00007fb3781b0000, 0x00007fb38abd0000)
 tenured generation   total 6106728K, used 6077276K [0x00007fbd7b0a0000, 0x00007fbeefc3a000, 0x00007fd2d0600000)
   the space 6106728K,  99% used [0x00007fbd7b0a0000, 0x00007fbeedf770c0, 0x00007fbeedf77200, 0x00007fbeefc3a000)
 Metaspace       used 24222K, capacity 24578K, committed 24832K, reserved 26624K
}
Event: 1687.407 GC heap before
{Heap before GC invocations=1534 (full 6):
 def new generation   total 2748096K, used 2620095K [0x00007fb2d0600000, 0x00007fb38abd0000, 0x00007fbd7b0a0000)
  eden space 2442816K, 100% used [0x00007fb2d0600000, 0x00007fb365790000, 0x00007fb365790000)
  from space 305280K,  58% used [0x00007fb365790000, 0x00007fb3704afe50, 0x00007fb3781b0000)
  to   space 305280K,   0% used [0x00007fb3781b0000, 0x00007fb3781b0000, 0x00007fb38abd0000)
 tenured generation   total 6106728K, used 6077276K [0x00007fbd7b0a0000, 0x00007fbeefc3a000, 0x00007fd2d0600000)
   the space 6106728K,  99% used [0x00007fbd7b0a0000, 0x00007fbeedf770c0, 0x00007fbeedf77200, 0x00007fbeefc3a000)
 Metaspace       used 24225K, capacity 24578K, committed 24832K, reserved 26624K
}
Event: 1687.535 GC heap after
{Heap after GC invocations=1535 (full 6):
 def new generation   total 2748096K, used 153621K [0x00007fb2d0600000, 0x00007fb38abd0000, 0x00007fbd7b0a0000)
  eden space 2442816K,   0% used [0x00007fb2d0600000, 0x00007fb2d0600000, 0x00007fb365790000)
  from space 305280K,  50% used [0x00007fb3781b0000, 0x00007fb3817b5738, 0x00007fb38abd0000)
  to   space 305280K,   0% used [0x00007fb365790000, 0x00007fb365790000, 0x00007fb3781b0000)
 tenured generation   total 6123116K, used 6111193K [0x00007fbd7b0a0000, 0x00007fbef0c3b000, 0x00007fd2d0600000)
   the space 6123116K,  99% used [0x00007fbd7b0a0000, 0x00007fbef0096570, 0x00007fbef0096600, 0x00007fbef0c3b000)
 Metaspace       used 24225K, capacity 24578K, committed 24832K, reserved 26624K
}
Event: 1687.535 GC heap before
{Heap before GC invocations=1535 (full 6):
 def new generation   total 2748096K, used 153621K [0x00007fb2d0600000, 0x00007fb38abd0000, 0x00007fbd7b0a0000)
  eden space 2442816K,   0% used [0x00007fb2d0600000, 0x00007fb2d0600000, 0x00007fb365790000)
  from space 305280K,  50% used [0x00007fb3781b0000, 0x00007fb3817b5738, 0x00007fb38abd0000)
  to   space 305280K,   0% used [0x00007fb365790000, 0x00007fb365790000, 0x00007fb3781b0000)
 tenured generation   total 6123116K, used 6111193K [0x00007fbd7b0a0000, 0x00007fbef0c3b000, 0x00007fd2d0600000)
   the space 6123116K,  99% used [0x00007fbd7b0a0000, 0x00007fbef0096570, 0x00007fbef0096600, 0x00007fbef0c3b000)
 Metaspace       used 24225K, capacity 24578K, committed 24832K, reserved 26624K
}

