# JRE version: OpenJDK Runtime Environment (13.0.7+5) (build 13.0.7+5-Ubuntu-0ubuntu120.04)
# Java VM: OpenJDK 64-Bit Server VM (13.0.7+5-Ubuntu-0ubuntu120.04, mixed mode, tiered, serial gc, linux-amd64)
Heap:
 def new generation   total 3152832K, used 2218511K [0x00007f2bc4600000, 0x00007f2c9a300000, 0x00007f3119b50000)
  eden space 2802560K,  76% used [0x00007f2bc4600000, 0x00007f2c47b8e118, 0x00007f2c6f6e0000)
  from space 350272K,  18% used [0x00007f2c84cf0000, 0x00007f2c88de5ec0, 0x00007f2c9a300000)
  to   space 350272K,   0% used [0x00007f2c6f6e0000, 0x00007f2c6f6e00a8, 0x00007f2c84cf0000)
 tenured generation   total 7006120K, used 5106903K [0x00007f3119b50000, 0x00007f32c553a000, 0x00007f3bc4600000)
   the space 7006120K,  72% used [0x00007f3119b50000, 0x00007f3251685f08, 0x00007f3251686000, 0x00007f32c553a000)
 Metaspace       used 23392K, capacity 23747K, committed 23808K, reserved 24576K
GC Heap History (20 events):
Event: 60.759 GC heap after
{Heap after GC invocations=15 (full 6):
 def new generation   total 3152832K, used 0K [0x00007f2bc4600000, 0x00007f2c9a300000, 0x00007f3119b50000)
  eden space 2802560K,   0% used [0x00007f2bc4600000, 0x00007f2bc4600000, 0x00007f2c6f6e0000)
  from space 350272K,   0% used [0x00007f2c84cf0000, 0x00007f2c84cf0248, 0x00007f2c9a300000)
  to   space 350272K,   0% used [0x00007f2c6f6e0000, 0x00007f2c6f6e0000, 0x00007f2c84cf0000)
 tenured generation   total 7006120K, used 4204743K [0x00007f3119b50000, 0x00007f32c553a000, 0x00007f3bc4600000)
   the space 7006120K,  60% used [0x00007f3119b50000, 0x00007f321a581fa0, 0x00007f321a582000, 0x00007f32c553a000)
 Metaspace       used 23365K, capacity 23739K, committed 23808K, reserved 24576K
}
Event: 62.776 GC heap before
{Heap before GC invocations=15 (full 6):
 def new generation   total 3152832K, used 2774775K [0x00007f2bc4600000, 0x00007f2c9a300000, 0x00007f3119b50000)
  eden space 2802560K,  99% used [0x00007f2bc4600000, 0x00007f2c6dbbdab0, 0x00007f2c6f6e0000)
  from space 350272K,   0% used [0x00007f2c84cf0000, 0x00007f2c84cf0248, 0x00007f2c9a300000)
  to   space 350272K,   0% used [0x00007f2c6f6e0000, 0x00007f2c6f6e0000, 0x00007f2c84cf0000)
 tenured generation   total 7006120K, used 4204743K [0x00007f3119b50000, 0x00007f32c553a000, 0x00007f3bc4600000)
   the space 7006120K,  60% used [0x00007f3119b50000, 0x00007f321a581fa0, 0x00007f321a582000, 0x00007f32c553a000)
 Metaspace       used 23365K, capacity 23739K, committed 23808K, reserved 24576K
}
Event: 62.888 GC heap after
{Heap after GC invocations=16 (full 6):
 def new generation   total 3152832K, used 98305K [0x00007f2bc4600000, 0x00007f2c9a300000, 0x00007f3119b50000)
  eden space 2802560K,   0% used [0x00007f2bc4600000, 0x00007f2bc4600000, 0x00007f2c6f6e0000)
  from space 350272K,  28% used [0x00007f2c6f6e0000, 0x00007f2c756e05a0, 0x00007f2c84cf0000)
  to   space 350272K,   0% used [0x00007f2c84cf0000, 0x00007f2c84cf0000, 0x00007f2c9a300000)
 tenured generation   total 7006120K, used 4729031K [0x00007f3119b50000, 0x00007f32c553a000, 0x00007f3bc4600000)
   the space 7006120K,  67% used [0x00007f3119b50000, 0x00007f323a581fb8, 0x00007f323a582000, 0x00007f32c553a000)
 Metaspace       used 23365K, capacity 23739K, committed 23808K, reserved 24576K
}
Event: 65.672 GC heap before
{Heap before GC invocations=16 (full 6):
 def new generation   total 3152832K, used 2900865K [0x00007f2bc4600000, 0x00007f2c9a300000, 0x00007f3119b50000)
  eden space 2802560K, 100% used [0x00007f2bc4600000, 0x00007f2c6f6e0000, 0x00007f2c6f6e0000)
  from space 350272K,  28% used [0x00007f2c6f6e0000, 0x00007f2c756e05a0, 0x00007f2c84cf0000)
  to   space 350272K,   0% used [0x00007f2c84cf0000, 0x00007f2c84cf0000, 0x00007f2c9a300000)
 tenured generation   total 7006120K, used 4729031K [0x00007f3119b50000, 0x00007f32c553a000, 0x00007f3bc4600000)
   the space 7006120K,  67% used [0x00007f3119b50000, 0x00007f323a581fb8, 0x00007f323a582000, 0x00007f32c553a000)
 Metaspace       used 23373K, capacity 23741K, committed 23808K, reserved 24576K
}
Event: 65.923 GC heap after
{Heap after GC invocations=17 (full 6):
 def new generation   total 3152832K, used 311981K [0x00007f2bc4600000, 0x00007f2c9a300000, 0x00007f3119b50000)
  eden space 2802560K,   0% used [0x00007f2bc4600000, 0x00007f2bc4600000, 0x00007f2c6f6e0000)
  from space 350272K,  89% used [0x00007f2c84cf0000, 0x00007f2c97d9b638, 0x00007f2c9a300000)
  to   space 350272K,   0% used [0x00007f2c6f6e0000, 0x00007f2c6f6e0000, 0x00007f2c84cf0000)
 tenured generation   total 7006120K, used 4794567K [0x00007f3119b50000, 0x00007f32c553a000, 0x00007f3bc4600000)
   the space 7006120K,  68% used [0x00007f3119b50000, 0x00007f323e581fd0, 0x00007f323e582000, 0x00007f32c553a000)
 Metaspace       used 23373K, capacity 23741K, committed 23808K, reserved 24576K
}
Event: 66.998 GC heap before
{Heap before GC invocations=17 (full 6):
 def new generation   total 3152832K, used 1394512K [0x00007f2bc4600000, 0x00007f2c9a300000, 0x00007f3119b50000)
  eden space 2802560K,  38% used [0x00007f2bc4600000, 0x00007f2c06728bc8, 0x00007f2c6f6e0000)
  from space 350272K,  89% used [0x00007f2c84cf0000, 0x00007f2c97d9b638, 0x00007f2c9a300000)
  to   space 350272K,   0% used [0x00007f2c6f6e0000, 0x00007f2c6f6e0000, 0x00007f2c84cf0000)
 tenured generation   total 7006120K, used 4794567K [0x00007f3119b50000, 0x00007f32c553a000, 0x00007f3bc4600000)
   the space 7006120K,  68% used [0x00007f3119b50000, 0x00007f323e581fd0, 0x00007f323e582000, 0x00007f32c553a000)
 Metaspace       used 23373K, capacity 23741K, committed 23808K, reserved 24576K
}
Event: 67.415 GC heap after
{Heap after GC invocations=18 (full 6):
 def new generation   total 3152832K, used 66254K [0x00007f2bc4600000, 0x00007f2c9a300000, 0x00007f3119b50000)
  eden space 2802560K,   0% used [0x00007f2bc4600000, 0x00007f2bc4600000, 0x00007f2c6f6e0000)
  from space 350272K,  18% used [0x00007f2c6f6e0000, 0x00007f2c73793af0, 0x00007f2c84cf0000)
  to   space 350272K,   0% used [0x00007f2c84cf0000, 0x00007f2c84cf0000, 0x00007f2c9a300000)
 tenured generation   total 7006120K, used 5106548K [0x00007f3119b50000, 0x00007f32c553a000, 0x00007f3bc4600000)
   the space 7006120K,  72% used [0x00007f3119b50000, 0x00007f325162d070, 0x00007f325162d200, 0x00007f32c553a000)
 Metaspace       used 23373K, capacity 23741K, committed 23808K, reserved 24576K
}
Event: 69.722 GC heap before
{Heap before GC invocations=18 (full 6):
 def new generation   total 3152832K, used 2218773K [0x00007f2bc4600000, 0x00007f2c9a300000, 0x00007f3119b50000)
  eden space 2802560K,  76% used [0x00007f2bc4600000, 0x00007f2c47c11c90, 0x00007f2c6f6e0000)
  from space 350272K,  18% used [0x00007f2c6f6e0000, 0x00007f2c73793af0, 0x00007f2c84cf0000)
  to   space 350272K,   0% used [0x00007f2c84cf0000, 0x00007f2c84cf0000, 0x00007f2c9a300000)
 tenured generation   total 7006120K, used 5106548K [0x00007f3119b50000, 0x00007f32c553a000, 0x00007f3bc4600000)
   the space 7006120K,  72% used [0x00007f3119b50000, 0x00007f325162d070, 0x00007f325162d200, 0x00007f32c553a000)
 Metaspace       used 23373K, capacity 23741K, committed 23808K, reserved 24576K
}
Event: 70.742 GC heap after
{Heap after GC invocations=19 (full 6):
 def new generation   total 3152832K, used 717K [0x00007f2bc4600000, 0x00007f2c9a300000, 0x00007f3119b50000)
  eden space 2802560K,   0% used [0x00007f2bc4600000, 0x00007f2bc4600000, 0x00007f2c6f6e0000)
  from space 350272K,   0% used [0x00007f2c84cf0000, 0x00007f2c84da3768, 0x00007f2c9a300000)
  to   space 350272K,   0% used [0x00007f2c6f6e0000, 0x00007f2c6f6e0000, 0x00007f2c84cf0000)
 tenured generation   total 9103276K, used 7203700K [0x00007f3119b50000, 0x00007f334553b000, 0x00007f3bc4600000)
   the space 9103276K,  79% used [0x00007f3119b50000, 0x00007f32d162d088, 0x00007f32d162d200, 0x00007f334553b000)
 Metaspace       used 23373K, capacity 23741K, committed 23808K, reserved 24576K
}
Event: 70.742 GC heap before
{Heap before GC invocations=19 (full 6):
 def new generation   total 3152832K, used 717K [0x00007f2bc4600000, 0x00007f2c9a300000, 0x00007f3119b50000)
  eden space 2802560K,   0% used [0x00007f2bc4600000, 0x00007f2bc4600000, 0x00007f2c6f6e0000)
  from space 350272K,   0% used [0x00007f2c84cf0000, 0x00007f2c84da3768, 0x00007f2c9a300000)
  to   space 350272K,   0% used [0x00007f2c6f6e0000, 0x00007f2c6f6e0000, 0x00007f2c84cf0000)
 tenured generation   total 9103276K, used 7203700K [0x00007f3119b50000, 0x00007f334553b000, 0x00007f3bc4600000)
   the space 9103276K,  79% used [0x00007f3119b50000, 0x00007f32d162d088, 0x00007f32d162d200, 0x00007f334553b000)
 Metaspace       used 23373K, capacity 23741K, committed 23808K, reserved 24576K
}
Event: 71.680 GC heap after
{Heap after GC invocations=19 (full 7):
 def new generation   total 3152832K, used 0K [0x00007f2bc4600000, 0x00007f2c9a300000, 0x00007f3119b50000)
  eden space 2802560K,   0% used [0x00007f2bc4600000, 0x00007f2bc4600000, 0x00007f2c6f6e0000)
  from space 350272K,   0% used [0x00007f2c84cf0000, 0x00007f2c84cf0000, 0x00007f2c9a300000)
  to   space 350272K,   0% used [0x00007f2c6f6e0000, 0x00007f2c6f6e0000, 0x00007f2c84cf0000)
 tenured generation   total 7006120K, used 2107961K [0x00007f3119b50000, 0x00007f32c553a000, 0x00007f3bc4600000)
   the space 7006120K,  30% used [0x00007f3119b50000, 0x00007f319a5de560, 0x00007f319a5de600, 0x00007f32c553a000)
 Metaspace       used 23373K, capacity 23741K, committed 23808K, reserved 24576K
}
Event: 73.116 GC heap before
{Heap before GC invocations=19 (full 7):
 def new generation   total 3152832K, used 2152419K [0x00007f2bc4600000, 0x00007f2c9a300000, 0x00007f3119b50000)
  eden space 2802560K,  76% used [0x00007f2bc4600000, 0x00007f2c47bf8c98, 0x00007f2c6f6e0000)
  from space 350272K,   0% used [0x00007f2c84cf0000, 0x00007f2c84cf0000, 0x00007f2c9a300000)
  to   space 350272K,   0% used [0x00007f2c6f6e0000, 0x00007f2c6f6e0000, 0x00007f2c84cf0000)
 tenured generation   total 7006120K, used 2107961K [0x00007f3119b50000, 0x00007f32c553a000, 0x00007f3bc4600000)
   the space 7006120K,  30% used [0x00007f3119b50000, 0x00007f319a5de560, 0x00007f319a5de600, 0x00007f32c553a000)
 Metaspace       used 23373K, capacity 23741K, committed 23808K, reserved 24576K
}
Event: 73.938 GC heap after
{Heap after GC invocations=20 (full 7):
 def new generation   total 3152832K, used 0K [0x00007f2bc4600000, 0x00007f2c9a300000, 0x00007f3119b50000)
  eden space 2802560K,   0% used [0x00007f2bc4600000, 0x00007f2bc4600000, 0x00007f2c6f6e0000)
  from space 350272K,   0% used [0x00007f2c6f6e0000, 0x00007f2c6f6e0248, 0x00007f2c84cf0000)
  to   space 350272K,   0% used [0x00007f2c84cf0000, 0x00007f2c84cf0000, 0x00007f2c9a300000)
 tenured generation   total 7006120K, used 4205113K [0x00007f3119b50000, 0x00007f32c553a000, 0x00007f3bc4600000)
   the space 7006120K,  60% used [0x00007f3119b50000, 0x00007f321a5de578, 0x00007f321a5de600, 0x00007f32c553a000)
 Metaspace       used 23373K, capacity 23741K, committed 23808K, reserved 24576K
}
Event: 76.739 GC heap before
{Heap before GC invocations=20 (full 7):
 def new generation   total 3152832K, used 2774782K [0x00007f2bc4600000, 0x00007f2c9a300000, 0x00007f3119b50000)
  eden space 2802560K,  99% used [0x00007f2bc4600000, 0x00007f2c6dbbf810, 0x00007f2c6f6e0000)
  from space 350272K,   0% used [0x00007f2c6f6e0000, 0x00007f2c6f6e0248, 0x00007f2c84cf0000)
  to   space 350272K,   0% used [0x00007f2c84cf0000, 0x00007f2c84cf0000, 0x00007f2c9a300000)
 tenured generation   total 7006120K, used 4205113K [0x00007f3119b50000, 0x00007f32c553a000, 0x00007f3bc4600000)
   the space 7006120K,  60% used [0x00007f3119b50000, 0x00007f321a5de578, 0x00007f321a5de600, 0x00007f32c553a000)
 Metaspace       used 23373K, capacity 23741K, committed 23808K, reserved 24576K
}
Event: 76.984 GC heap after
{Heap after GC invocations=21 (full 7):
 def new generation   total 3152832K, used 98305K [0x00007f2bc4600000, 0x00007f2c9a300000, 0x00007f3119b50000)
  eden space 2802560K,   0% used [0x00007f2bc4600000, 0x00007f2bc4600000, 0x00007f2c6f6e0000)
  from space 350272K,  28% used [0x00007f2c84cf0000, 0x00007f2c8acf05a0, 0x00007f2c9a300000)
  to   space 350272K,   0% used [0x00007f2c6f6e0000, 0x00007f2c6f6e0000, 0x00007f2c84cf0000)
 tenured generation   total 7006120K, used 4729401K [0x00007f3119b50000, 0x00007f32c553a000, 0x00007f3bc4600000)
   the space 7006120K,  67% used [0x00007f3119b50000, 0x00007f323a5de590, 0x00007f323a5de600, 0x00007f32c553a000)
 Metaspace       used 23373K, capacity 23741K, committed 23808K, reserved 24576K
}
Event: 80.544 GC heap before
{Heap before GC invocations=21 (full 7):
 def new generation   total 3152832K, used 2900865K [0x00007f2bc4600000, 0x00007f2c9a300000, 0x00007f3119b50000)
  eden space 2802560K, 100% used [0x00007f2bc4600000, 0x00007f2c6f6e0000, 0x00007f2c6f6e0000)
  from space 350272K,  28% used [0x00007f2c84cf0000, 0x00007f2c8acf05a0, 0x00007f2c9a300000)
  to   space 350272K,   0% used [0x00007f2c6f6e0000, 0x00007f2c6f6e0000, 0x00007f2c84cf0000)
 tenured generation   total 7006120K, used 4729401K [0x00007f3119b50000, 0x00007f32c553a000, 0x00007f3bc4600000)
   the space 7006120K,  67% used [0x00007f3119b50000, 0x00007f323a5de590, 0x00007f323a5de600, 0x00007f32c553a000)
 Metaspace       used 23391K, capacity 23747K, committed 23808K, reserved 24576K
}
Event: 80.676 GC heap after
{Heap after GC invocations=22 (full 7):
 def new generation   total 3152832K, used 311967K [0x00007f2bc4600000, 0x00007f2c9a300000, 0x00007f3119b50000)
  eden space 2802560K,   0% used [0x00007f2bc4600000, 0x00007f2bc4600000, 0x00007f2c6f6e0000)
  from space 350272K,  89% used [0x00007f2c6f6e0000, 0x00007f2c82787e28, 0x00007f2c84cf0000)
  to   space 350272K,   0% used [0x00007f2c84cf0000, 0x00007f2c84cf0000, 0x00007f2c9a300000)
 tenured generation   total 7006120K, used 4794937K [0x00007f3119b50000, 0x00007f32c553a000, 0x00007f3bc4600000)
   the space 7006120K,  68% used [0x00007f3119b50000, 0x00007f323e5de5a8, 0x00007f323e5de600, 0x00007f32c553a000)
 Metaspace       used 23391K, capacity 23747K, committed 23808K, reserved 24576K
}
Event: 81.345 GC heap before
{Heap before GC invocations=22 (full 7):
 def new generation   total 3152832K, used 1726773K [0x00007f2bc4600000, 0x00007f2c9a300000, 0x00007f3119b50000)
  eden space 2802560K,  50% used [0x00007f2bc4600000, 0x00007f2c1aba5948, 0x00007f2c6f6e0000)
  from space 350272K,  89% used [0x00007f2c6f6e0000, 0x00007f2c82787e28, 0x00007f2c84cf0000)
  to   space 350272K,   0% used [0x00007f2c84cf0000, 0x00007f2c84cf0000, 0x00007f2c9a300000)
 tenured generation   total 7006120K, used 4794937K [0x00007f3119b50000, 0x00007f32c553a000, 0x00007f3bc4600000)
   the space 7006120K,  68% used [0x00007f3119b50000, 0x00007f323e5de5a8, 0x00007f323e5de600, 0x00007f32c553a000)
 Metaspace       used 23392K, capacity 23747K, committed 23808K, reserved 24576K
}
Event: 81.423 GC heap after
{Heap after GC invocations=23 (full 7):
 def new generation   total 3152832K, used 66519K [0x00007f2bc4600000, 0x00007f2c9a300000, 0x00007f3119b50000)
  eden space 2802560K,   0% used [0x00007f2bc4600000, 0x00007f2bc4600000, 0x00007f2c6f6e0000)
  from space 350272K,  18% used [0x00007f2c84cf0000, 0x00007f2c88de5ec0, 0x00007f2c9a300000)
  to   space 350272K,   0% used [0x00007f2c6f6e0000, 0x00007f2c6f6e0000, 0x00007f2c84cf0000)
 tenured generation   total 7006120K, used 5106903K [0x00007f3119b50000, 0x00007f32c553a000, 0x00007f3bc4600000)
   the space 7006120K,  72% used [0x00007f3119b50000, 0x00007f3251685f08, 0x00007f3251686000, 0x00007f32c553a000)
 Metaspace       used 23392K, capacity 23747K, committed 23808K, reserved 24576K
}
Event: 82.790 GC heap before
{Heap before GC invocations=23 (full 7):
 def new generation   total 3152832K, used 2218511K [0x00007f2bc4600000, 0x00007f2c9a300000, 0x00007f3119b50000)
  eden space 2802560K,  76% used [0x00007f2bc4600000, 0x00007f2c47b8e118, 0x00007f2c6f6e0000)
  from space 350272K,  18% used [0x00007f2c84cf0000, 0x00007f2c88de5ec0, 0x00007f2c9a300000)
  to   space 350272K,   0% used [0x00007f2c6f6e0000, 0x00007f2c6f6e0000, 0x00007f2c84cf0000)
 tenured generation   total 7006120K, used 5106903K [0x00007f3119b50000, 0x00007f32c553a000, 0x00007f3bc4600000)
   the space 7006120K,  72% used [0x00007f3119b50000, 0x00007f3251685f08, 0x00007f3251686000, 0x00007f32c553a000)
 Metaspace       used 23392K, capacity 23747K, committed 23808K, reserved 24576K
}

