# JRE version: OpenJDK Runtime Environment (13.0.7+5) (build 13.0.7+5-Ubuntu-0ubuntu120.04)
# Java VM: OpenJDK 64-Bit Server VM (13.0.7+5-Ubuntu-0ubuntu120.04, mixed mode, tiered, serial gc, linux-amd64)
Heap:
 def new generation   total 629248K, used 0K [0x00007f5bec600000, 0x00007f5c170c0000, 0x00007f6141b50000)
  eden space 559360K,   0% used [0x00007f5bec600000, 0x00007f5bec600000, 0x00007f5c0e840000)
  from space 69888K,   0% used [0x00007f5c0e840000, 0x00007f5c0e840000, 0x00007f5c12c80000)
  to   space 69888K,   0% used [0x00007f5c12c80000, 0x00007f5c12c80000, 0x00007f5c170c0000)
 tenured generation   total 1398144K, used 19448K [0x00007f6141b50000, 0x00007f61970b0000, 0x00007f6bec600000)
   the space 1398144K,   1% used [0x00007f6141b50000, 0x00007f6142e4e0e8, 0x00007f6142e4e200, 0x00007f61970b0000)
 Metaspace       used 23245K, capacity 23603K, committed 23808K, reserved 24576K
GC Heap History (12 events):
Event: 12.337 GC heap before
{Heap before GC invocations=0 (full 0):
 def new generation   total 629120K, used 100685K [0x00007f5bec600000, 0x00007f5c170a0000, 0x00007f6141b50000)
  eden space 559232K,  18% used [0x00007f5bec600000, 0x00007f5bf2853480, 0x00007f5c0e820000)
  from space 69888K,   0% used [0x00007f5c0e820000, 0x00007f5c0e820000, 0x00007f5c12c60000)
  to   space 69888K,   0% used [0x00007f5c12c60000, 0x00007f5c12c60000, 0x00007f5c170a0000)
 tenured generation   total 1398144K, used 0K [0x00007f6141b50000, 0x00007f61970b0000, 0x00007f6bec600000)
   the space 1398144K,   0% used [0x00007f6141b50000, 0x00007f6141b50000, 0x00007f6141b50200, 0x00007f61970b0000)
 Metaspace       used 20952K, capacity 21222K, committed 21248K, reserved 22528K
}
Event: 12.478 GC heap after
{Heap after GC invocations=1 (full 1):
 def new generation   total 629248K, used 0K [0x00007f5bec600000, 0x00007f5c170c0000, 0x00007f6141b50000)
  eden space 559360K,   0% used [0x00007f5bec600000, 0x00007f5bec600000, 0x00007f5c0e840000)
  from space 69888K,   0% used [0x00007f5c0e840000, 0x00007f5c0e840000, 0x00007f5c12c80000)
  to   space 69888K,   0% used [0x00007f5c12c80000, 0x00007f5c12c80000, 0x00007f5c170c0000)
 tenured generation   total 1398144K, used 13636K [0x00007f6141b50000, 0x00007f61970b0000, 0x00007f6bec600000)
   the space 1398144K,   0% used [0x00007f6141b50000, 0x00007f61428a1250, 0x00007f61428a1400, 0x00007f61970b0000)
 Metaspace       used 20952K, capacity 21222K, committed 21248K, reserved 22528K
}
Event: 19.816 GC heap before
{Heap before GC invocations=1 (full 1):
 def new generation   total 629248K, used 559360K [0x00007f5bec600000, 0x00007f5c170c0000, 0x00007f6141b50000)
  eden space 559360K, 100% used [0x00007f5bec600000, 0x00007f5c0e840000, 0x00007f5c0e840000)
  from space 69888K,   0% used [0x00007f5c0e840000, 0x00007f5c0e840000, 0x00007f5c12c80000)
  to   space 69888K,   0% used [0x00007f5c12c80000, 0x00007f5c12c80000, 0x00007f5c170c0000)
 tenured generation   total 1398144K, used 13636K [0x00007f6141b50000, 0x00007f61970b0000, 0x00007f6bec600000)
   the space 1398144K,   0% used [0x00007f6141b50000, 0x00007f61428a1250, 0x00007f61428a1400, 0x00007f61970b0000)
 Metaspace       used 23035K, capacity 23452K, committed 23552K, reserved 24576K
}
Event: 19.829 GC heap after
{Heap after GC invocations=2 (full 1):
 def new generation   total 629248K, used 701K [0x00007f5bec600000, 0x00007f5c170c0000, 0x00007f6141b50000)
  eden space 559360K,   0% used [0x00007f5bec600000, 0x00007f5bec600000, 0x00007f5c0e840000)
  from space 69888K,   1% used [0x00007f5c12c80000, 0x00007f5c12d2f5f8, 0x00007f5c170c0000)
  to   space 69888K,   0% used [0x00007f5c0e840000, 0x00007f5c0e840000, 0x00007f5c12c80000)
 tenured generation   total 1398144K, used 13636K [0x00007f6141b50000, 0x00007f61970b0000, 0x00007f6bec600000)
   the space 1398144K,   0% used [0x00007f6141b50000, 0x00007f61428a1250, 0x00007f61428a1400, 0x00007f61970b0000)
 Metaspace       used 23035K, capacity 23452K, committed 23552K, reserved 24576K
}
Event: 20.780 GC heap before
{Heap before GC invocations=2 (full 1):
 def new generation   total 629248K, used 560061K [0x00007f5bec600000, 0x00007f5c170c0000, 0x00007f6141b50000)
  eden space 559360K, 100% used [0x00007f5bec600000, 0x00007f5c0e840000, 0x00007f5c0e840000)
  from space 69888K,   1% used [0x00007f5c12c80000, 0x00007f5c12d2f5f8, 0x00007f5c170c0000)
  to   space 69888K,   0% used [0x00007f5c0e840000, 0x00007f5c0e840000, 0x00007f5c12c80000)
 tenured generation   total 1398144K, used 13636K [0x00007f6141b50000, 0x00007f61970b0000, 0x00007f6bec600000)
   the space 1398144K,   0% used [0x00007f6141b50000, 0x00007f61428a1250, 0x00007f61428a1400, 0x00007f61970b0000)
 Metaspace       used 23054K, capacity 23453K, committed 23552K, reserved 24576K
}
Event: 20.787 GC heap after
{Heap after GC invocations=3 (full 1):
 def new generation   total 629248K, used 939K [0x00007f5bec600000, 0x00007f5c170c0000, 0x00007f6141b50000)
  eden space 559360K,   0% used [0x00007f5bec600000, 0x00007f5bec600000, 0x00007f5c0e840000)
  from space 69888K,   1% used [0x00007f5c0e840000, 0x00007f5c0e92adb8, 0x00007f5c12c80000)
  to   space 69888K,   0% used [0x00007f5c12c80000, 0x00007f5c12c80000, 0x00007f5c170c0000)
 tenured generation   total 1398144K, used 13636K [0x00007f6141b50000, 0x00007f61970b0000, 0x00007f6bec600000)
   the space 1398144K,   0% used [0x00007f6141b50000, 0x00007f61428a1250, 0x00007f61428a1400, 0x00007f61970b0000)
 Metaspace       used 23054K, capacity 23453K, committed 23552K, reserved 24576K
}
Event: 22.046 GC heap before
{Heap before GC invocations=3 (full 1):
 def new generation   total 629248K, used 515108K [0x00007f5bec600000, 0x00007f5c170c0000, 0x00007f6141b50000)
  eden space 559360K,  91% used [0x00007f5bec600000, 0x00007f5c0bc1e610, 0x00007f5c0e840000)
  from space 69888K,   1% used [0x00007f5c0e840000, 0x00007f5c0e92adb8, 0x00007f5c12c80000)
  to   space 69888K,   0% used [0x00007f5c12c80000, 0x00007f5c12c80000, 0x00007f5c170c0000)
 tenured generation   total 1398144K, used 13636K [0x00007f6141b50000, 0x00007f61970b0000, 0x00007f6bec600000)
   the space 1398144K,   0% used [0x00007f6141b50000, 0x00007f61428a1250, 0x00007f61428a1400, 0x00007f61970b0000)
 Metaspace       used 23240K, capacity 23603K, committed 23808K, reserved 24576K
}
Event: 22.276 GC heap after
{Heap after GC invocations=4 (full 1):
 def new generation   total 629248K, used 1197K [0x00007f5bec600000, 0x00007f5c170c0000, 0x00007f6141b50000)
  eden space 559360K,   0% used [0x00007f5bec600000, 0x00007f5bec600000, 0x00007f5c0e840000)
  from space 69888K,   1% used [0x00007f5c12c80000, 0x00007f5c12dab4d8, 0x00007f5c170c0000)
  to   space 69888K,   0% used [0x00007f5c0e840000, 0x00007f5c0e840000, 0x00007f5c12c80000)
 tenured generation   total 1398144K, used 144708K [0x00007f6141b50000, 0x00007f61970b0000, 0x00007f6bec600000)
   the space 1398144K,  10% used [0x00007f6141b50000, 0x00007f614a8a1268, 0x00007f614a8a1400, 0x00007f61970b0000)
 Metaspace       used 23240K, capacity 23603K, committed 23808K, reserved 24576K
}
Event: 22.717 GC heap before
{Heap before GC invocations=4 (full 1):
 def new generation   total 629248K, used 305364K [0x00007f5bec600000, 0x00007f5c170c0000, 0x00007f6141b50000)
  eden space 559360K,  54% used [0x00007f5bec600000, 0x00007f5bfef09e28, 0x00007f5c0e840000)
  from space 69888K,   1% used [0x00007f5c12c80000, 0x00007f5c12dab4d8, 0x00007f5c170c0000)
  to   space 69888K,   0% used [0x00007f5c0e840000, 0x00007f5c0e840000, 0x00007f5c12c80000)
 tenured generation   total 1398144K, used 144708K [0x00007f6141b50000, 0x00007f61970b0000, 0x00007f6bec600000)
   the space 1398144K,  10% used [0x00007f6141b50000, 0x00007f614a8a1268, 0x00007f614a8a1400, 0x00007f61970b0000)
 Metaspace       used 23245K, capacity 23603K, committed 23808K, reserved 24576K
}
Event: 22.728 GC heap after
{Heap after GC invocations=5 (full 1):
 def new generation   total 629248K, used 5811K [0x00007f5bec600000, 0x00007f5c170c0000, 0x00007f6141b50000)
  eden space 559360K,   0% used [0x00007f5bec600000, 0x00007f5bec600000, 0x00007f5c0e840000)
  from space 69888K,   8% used [0x00007f5c0e840000, 0x00007f5c0edecf78, 0x00007f5c12c80000)
  to   space 69888K,   0% used [0x00007f5c12c80000, 0x00007f5c12c80000, 0x00007f5c170c0000)
 tenured generation   total 1398144K, used 144708K [0x00007f6141b50000, 0x00007f61970b0000, 0x00007f6bec600000)
   the space 1398144K,  10% used [0x00007f6141b50000, 0x00007f614a8a1268, 0x00007f614a8a1400, 0x00007f61970b0000)
 Metaspace       used 23245K, capacity 23603K, committed 23808K, reserved 24576K
}
Event: 22.728 GC heap before
{Heap before GC invocations=5 (full 1):
 def new generation   total 629248K, used 5811K [0x00007f5bec600000, 0x00007f5c170c0000, 0x00007f6141b50000)
  eden space 559360K,   0% used [0x00007f5bec600000, 0x00007f5bec600000, 0x00007f5c0e840000)
  from space 69888K,   8% used [0x00007f5c0e840000, 0x00007f5c0edecf78, 0x00007f5c12c80000)
  to   space 69888K,   0% used [0x00007f5c12c80000, 0x00007f5c12c80000, 0x00007f5c170c0000)
 tenured generation   total 1398144K, used 144708K [0x00007f6141b50000, 0x00007f61970b0000, 0x00007f6bec600000)
   the space 1398144K,  10% used [0x00007f6141b50000, 0x00007f614a8a1268, 0x00007f614a8a1400, 0x00007f61970b0000)
 Metaspace       used 23245K, capacity 23603K, committed 23808K, reserved 24576K
}
Event: 22.796 GC heap after
{Heap after GC invocations=5 (full 2):
 def new generation   total 629248K, used 0K [0x00007f5bec600000, 0x00007f5c170c0000, 0x00007f6141b50000)
  eden space 559360K,   0% used [0x00007f5bec600000, 0x00007f5bec600000, 0x00007f5c0e840000)
  from space 69888K,   0% used [0x00007f5c0e840000, 0x00007f5c0e840000, 0x00007f5c12c80000)
  to   space 69888K,   0% used [0x00007f5c12c80000, 0x00007f5c12c80000, 0x00007f5c170c0000)
 tenured generation   total 1398144K, used 19448K [0x00007f6141b50000, 0x00007f61970b0000, 0x00007f6bec600000)
   the space 1398144K,   1% used [0x00007f6141b50000, 0x00007f6142e4e0e8, 0x00007f6142e4e200, 0x00007f61970b0000)
 Metaspace       used 23245K, capacity 23603K, committed 23808K, reserved 24576K
}

