# JRE version: OpenJDK Runtime Environment (13.0.7+5) (build 13.0.7+5-Ubuntu-0ubuntu120.04)
# Java VM: OpenJDK 64-Bit Server VM (13.0.7+5-Ubuntu-0ubuntu120.04, mixed mode, tiered, serial gc, linux-amd64)
Heap:
 def new generation   total 2891072K, used 4346K [0x00007f6854600000, 0x00007f6918700000, 0x00007f6da9b50000)
  eden space 2569856K,   0% used [0x00007f6854600000, 0x00007f6854a3eb58, 0x00007f68f13a0000)
  from space 321216K,   0% used [0x00007f6904d50000, 0x00007f6904d50000, 0x00007f6918700000)
  to   space 321216K,   0% used [0x00007f68f13a0000, 0x00007f68f13a0000, 0x00007f6904d50000)
 tenured generation   total 6424684K, used 6424683K [0x00007f6da9b50000, 0x00007f6f31d6b000, 0x00007f7854600000)
   the space 6424684K,  99% used [0x00007f6da9b50000, 0x00007f6f31d6af68, 0x00007f6f31d6b000, 0x00007f6f31d6b000)
 Metaspace       used 24355K, capacity 24746K, committed 24832K, reserved 26624K
GC Heap History (20 events):
Event: 35248.245 GC heap after
{Heap after GC invocations=50153 (full 4):
 def new generation   total 2891072K, used 3683K [0x00007f6854600000, 0x00007f6918700000, 0x00007f6da9b50000)
  eden space 2569856K,   0% used [0x00007f6854600000, 0x00007f6854600000, 0x00007f68f13a0000)
  from space 321216K,   1% used [0x00007f68f13a0000, 0x00007f68f1738e68, 0x00007f6904d50000)
  to   space 321216K,   0% used [0x00007f6904d50000, 0x00007f6904d50000, 0x00007f6918700000)
 tenured generation   total 6424492K, used 6422627K [0x00007f6da9b50000, 0x00007f6f31d3b000, 0x00007f7854600000)
   the space 6424492K,  99% used [0x00007f6da9b50000, 0x00007f6f31b68c90, 0x00007f6f31b68e00, 0x00007f6f31d3b000)
 Metaspace       used 24355K, capacity 24746K, committed 24832K, reserved 26624K
}
Event: 35249.821 GC heap before
{Heap before GC invocations=50153 (full 4):
 def new generation   total 2891072K, used 2573539K [0x00007f6854600000, 0x00007f6918700000, 0x00007f6da9b50000)
  eden space 2569856K, 100% used [0x00007f6854600000, 0x00007f68f13a0000, 0x00007f68f13a0000)
  from space 321216K,   1% used [0x00007f68f13a0000, 0x00007f68f1738e68, 0x00007f6904d50000)
  to   space 321216K,   0% used [0x00007f6904d50000, 0x00007f6904d50000, 0x00007f6918700000)
 tenured generation   total 6424492K, used 6422627K [0x00007f6da9b50000, 0x00007f6f31d3b000, 0x00007f7854600000)
   the space 6424492K,  99% used [0x00007f6da9b50000, 0x00007f6f31b68c90, 0x00007f6f31b68e00, 0x00007f6f31d3b000)
 Metaspace       used 24355K, capacity 24746K, committed 24832K, reserved 26624K
}
Event: 35249.831 GC heap after
{Heap after GC invocations=50154 (full 4):
 def new generation   total 2891072K, used 3679K [0x00007f6854600000, 0x00007f6918700000, 0x00007f6da9b50000)
  eden space 2569856K,   0% used [0x00007f6854600000, 0x00007f6854600000, 0x00007f68f13a0000)
  from space 321216K,   1% used [0x00007f6904d50000, 0x00007f69050e7fd8, 0x00007f6918700000)
  to   space 321216K,   0% used [0x00007f68f13a0000, 0x00007f68f13a0000, 0x00007f6904d50000)
 tenured generation   total 6424492K, used 6422925K [0x00007f6da9b50000, 0x00007f6f31d3b000, 0x00007f7854600000)
   the space 6424492K,  99% used [0x00007f6da9b50000, 0x00007f6f31bb3450, 0x00007f6f31bb3600, 0x00007f6f31d3b000)
 Metaspace       used 24355K, capacity 24746K, committed 24832K, reserved 26624K
}
Event: 35251.423 GC heap before
{Heap before GC invocations=50154 (full 4):
 def new generation   total 2891072K, used 2573535K [0x00007f6854600000, 0x00007f6918700000, 0x00007f6da9b50000)
  eden space 2569856K, 100% used [0x00007f6854600000, 0x00007f68f13a0000, 0x00007f68f13a0000)
  from space 321216K,   1% used [0x00007f6904d50000, 0x00007f69050e7fd8, 0x00007f6918700000)
  to   space 321216K,   0% used [0x00007f68f13a0000, 0x00007f68f13a0000, 0x00007f6904d50000)
 tenured generation   total 6424492K, used 6422925K [0x00007f6da9b50000, 0x00007f6f31d3b000, 0x00007f7854600000)
   the space 6424492K,  99% used [0x00007f6da9b50000, 0x00007f6f31bb3450, 0x00007f6f31bb3600, 0x00007f6f31d3b000)
 Metaspace       used 24355K, capacity 24746K, committed 24832K, reserved 26624K
}
Event: 35251.433 GC heap after
{Heap after GC invocations=50155 (full 4):
 def new generation   total 2891072K, used 3619K [0x00007f6854600000, 0x00007f6918700000, 0x00007f6da9b50000)
  eden space 2569856K,   0% used [0x00007f6854600000, 0x00007f6854600000, 0x00007f68f13a0000)
  from space 321216K,   1% used [0x00007f68f13a0000, 0x00007f68f1728db8, 0x00007f6904d50000)
  to   space 321216K,   0% used [0x00007f6904d50000, 0x00007f6904d50000, 0x00007f6918700000)
 tenured generation   total 6424492K, used 6423292K [0x00007f6da9b50000, 0x00007f6f31d3b000, 0x00007f7854600000)
   the space 6424492K,  99% used [0x00007f6da9b50000, 0x00007f6f31c0f170, 0x00007f6f31c0f200, 0x00007f6f31d3b000)
 Metaspace       used 24355K, capacity 24746K, committed 24832K, reserved 26624K
}
Event: 35253.029 GC heap before
{Heap before GC invocations=50155 (full 4):
 def new generation   total 2891072K, used 2573475K [0x00007f6854600000, 0x00007f6918700000, 0x00007f6da9b50000)
  eden space 2569856K, 100% used [0x00007f6854600000, 0x00007f68f13a0000, 0x00007f68f13a0000)
  from space 321216K,   1% used [0x00007f68f13a0000, 0x00007f68f1728db8, 0x00007f6904d50000)
  to   space 321216K,   0% used [0x00007f6904d50000, 0x00007f6904d50000, 0x00007f6918700000)
 tenured generation   total 6424492K, used 6423292K [0x00007f6da9b50000, 0x00007f6f31d3b000, 0x00007f7854600000)
   the space 6424492K,  99% used [0x00007f6da9b50000, 0x00007f6f31c0f170, 0x00007f6f31c0f200, 0x00007f6f31d3b000)
 Metaspace       used 24355K, capacity 24746K, committed 24832K, reserved 26624K
}
Event: 35253.043 GC heap after
{Heap after GC invocations=50156 (full 4):
 def new generation   total 2891072K, used 3791K [0x00007f6854600000, 0x00007f6918700000, 0x00007f6da9b50000)
  eden space 2569856K,   0% used [0x00007f6854600000, 0x00007f6854600000, 0x00007f68f13a0000)
  from space 321216K,   1% used [0x00007f6904d50000, 0x00007f6905103dd0, 0x00007f6918700000)
  to   space 321216K,   0% used [0x00007f68f13a0000, 0x00007f68f13a0000, 0x00007f6904d50000)
 tenured generation   total 6424492K, used 6423403K [0x00007f6da9b50000, 0x00007f6f31d3b000, 0x00007f7854600000)
   the space 6424492K,  99% used [0x00007f6da9b50000, 0x00007f6f31c2afb0, 0x00007f6f31c2b000, 0x00007f6f31d3b000)
 Metaspace       used 24355K, capacity 24746K, committed 24832K, reserved 26624K
}
Event: 35254.607 GC heap before
{Heap before GC invocations=50156 (full 4):
 def new generation   total 2891072K, used 2573647K [0x00007f6854600000, 0x00007f6918700000, 0x00007f6da9b50000)
  eden space 2569856K, 100% used [0x00007f6854600000, 0x00007f68f13a0000, 0x00007f68f13a0000)
  from space 321216K,   1% used [0x00007f6904d50000, 0x00007f6905103dd0, 0x00007f6918700000)
  to   space 321216K,   0% used [0x00007f68f13a0000, 0x00007f68f13a0000, 0x00007f6904d50000)
 tenured generation   total 6424492K, used 6423403K [0x00007f6da9b50000, 0x00007f6f31d3b000, 0x00007f7854600000)
   the space 6424492K,  99% used [0x00007f6da9b50000, 0x00007f6f31c2afb0, 0x00007f6f31c2b000, 0x00007f6f31d3b000)
 Metaspace       used 24355K, capacity 24746K, committed 24832K, reserved 26624K
}
Event: 35254.617 GC heap after
{Heap after GC invocations=50157 (full 4):
 def new generation   total 2891072K, used 3925K [0x00007f6854600000, 0x00007f6918700000, 0x00007f6da9b50000)
  eden space 2569856K,   0% used [0x00007f6854600000, 0x00007f6854600000, 0x00007f68f13a0000)
  from space 321216K,   1% used [0x00007f68f13a0000, 0x00007f68f1775530, 0x00007f6904d50000)
  to   space 321216K,   0% used [0x00007f6904d50000, 0x00007f6904d50000, 0x00007f6918700000)
 tenured generation   total 6424492K, used 6423599K [0x00007f6da9b50000, 0x00007f6f31d3b000, 0x00007f7854600000)
   the space 6424492K,  99% used [0x00007f6da9b50000, 0x00007f6f31c5bd00, 0x00007f6f31c5be00, 0x00007f6f31d3b000)
 Metaspace       used 24355K, capacity 24746K, committed 24832K, reserved 26624K
}
Event: 35256.227 GC heap before
{Heap before GC invocations=50157 (full 4):
 def new generation   total 2891072K, used 2573781K [0x00007f6854600000, 0x00007f6918700000, 0x00007f6da9b50000)
  eden space 2569856K, 100% used [0x00007f6854600000, 0x00007f68f13a0000, 0x00007f68f13a0000)
  from space 321216K,   1% used [0x00007f68f13a0000, 0x00007f68f1775530, 0x00007f6904d50000)
  to   space 321216K,   0% used [0x00007f6904d50000, 0x00007f6904d50000, 0x00007f6918700000)
 tenured generation   total 6424492K, used 6423599K [0x00007f6da9b50000, 0x00007f6f31d3b000, 0x00007f7854600000)
   the space 6424492K,  99% used [0x00007f6da9b50000, 0x00007f6f31c5bd00, 0x00007f6f31c5be00, 0x00007f6f31d3b000)
 Metaspace       used 24355K, capacity 24746K, committed 24832K, reserved 26624K
}
Event: 35256.239 GC heap after
{Heap after GC invocations=50158 (full 4):
 def new generation   total 2891072K, used 4045K [0x00007f6854600000, 0x00007f6918700000, 0x00007f6da9b50000)
  eden space 2569856K,   0% used [0x00007f6854600000, 0x00007f6854600000, 0x00007f68f13a0000)
  from space 321216K,   1% used [0x00007f6904d50000, 0x00007f6905143708, 0x00007f6918700000)
  to   space 321216K,   0% used [0x00007f68f13a0000, 0x00007f68f13a0000, 0x00007f6904d50000)
 tenured generation   total 6424492K, used 6423772K [0x00007f6da9b50000, 0x00007f6f31d3b000, 0x00007f7854600000)
   the space 6424492K,  99% used [0x00007f6da9b50000, 0x00007f6f31c87380, 0x00007f6f31c87400, 0x00007f6f31d3b000)
 Metaspace       used 24355K, capacity 24746K, committed 24832K, reserved 26624K
}
Event: 35257.833 GC heap before
{Heap before GC invocations=50158 (full 4):
 def new generation   total 2891072K, used 2573901K [0x00007f6854600000, 0x00007f6918700000, 0x00007f6da9b50000)
  eden space 2569856K, 100% used [0x00007f6854600000, 0x00007f68f13a0000, 0x00007f68f13a0000)
  from space 321216K,   1% used [0x00007f6904d50000, 0x00007f6905143708, 0x00007f6918700000)
  to   space 321216K,   0% used [0x00007f68f13a0000, 0x00007f68f13a0000, 0x00007f6904d50000)
 tenured generation   total 6424492K, used 6423772K [0x00007f6da9b50000, 0x00007f6f31d3b000, 0x00007f7854600000)
   the space 6424492K,  99% used [0x00007f6da9b50000, 0x00007f6f31c87380, 0x00007f6f31c87400, 0x00007f6f31d3b000)
 Metaspace       used 24355K, capacity 24746K, committed 24832K, reserved 26624K
}
Event: 35257.844 GC heap after
{Heap after GC invocations=50159 (full 4):
 def new generation   total 2891072K, used 4158K [0x00007f6854600000, 0x00007f6918700000, 0x00007f6da9b50000)
  eden space 2569856K,   0% used [0x00007f6854600000, 0x00007f6854600000, 0x00007f68f13a0000)
  from space 321216K,   1% used [0x00007f68f13a0000, 0x00007f68f17afaa0, 0x00007f6904d50000)
  to   space 321216K,   0% used [0x00007f6904d50000, 0x00007f6904d50000, 0x00007f6918700000)
 tenured generation   total 6424492K, used 6423968K [0x00007f6da9b50000, 0x00007f6f31d3b000, 0x00007f7854600000)
   the space 6424492K,  99% used [0x00007f6da9b50000, 0x00007f6f31cb80d0, 0x00007f6f31cb8200, 0x00007f6f31d3b000)
 Metaspace       used 24355K, capacity 24746K, committed 24832K, reserved 26624K
}
Event: 35259.434 GC heap before
{Heap before GC invocations=50159 (full 4):
 def new generation   total 2891072K, used 2574014K [0x00007f6854600000, 0x00007f6918700000, 0x00007f6da9b50000)
  eden space 2569856K, 100% used [0x00007f6854600000, 0x00007f68f13a0000, 0x00007f68f13a0000)
  from space 321216K,   1% used [0x00007f68f13a0000, 0x00007f68f17afaa0, 0x00007f6904d50000)
  to   space 321216K,   0% used [0x00007f6904d50000, 0x00007f6904d50000, 0x00007f6918700000)
 tenured generation   total 6424492K, used 6423968K [0x00007f6da9b50000, 0x00007f6f31d3b000, 0x00007f7854600000)
   the space 6424492K,  99% used [0x00007f6da9b50000, 0x00007f6f31cb80d0, 0x00007f6f31cb8200, 0x00007f6f31d3b000)
 Metaspace       used 24355K, capacity 24746K, committed 24832K, reserved 26624K
}
Event: 35259.444 GC heap after
{Heap after GC invocations=50160 (full 4):
 def new generation   total 2891072K, used 4265K [0x00007f6854600000, 0x00007f6918700000, 0x00007f6da9b50000)
  eden space 2569856K,   0% used [0x00007f6854600000, 0x00007f6854600000, 0x00007f68f13a0000)
  from space 321216K,   1% used [0x00007f6904d50000, 0x00007f690517a598, 0x00007f6918700000)
  to   space 321216K,   0% used [0x00007f68f13a0000, 0x00007f68f13a0000, 0x00007f6904d50000)
 tenured generation   total 6424492K, used 6424142K [0x00007f6da9b50000, 0x00007f6f31d3b000, 0x00007f7854600000)
   the space 6424492K,  99% used [0x00007f6da9b50000, 0x00007f6f31ce3b40, 0x00007f6f31ce3c00, 0x00007f6f31d3b000)
 Metaspace       used 24355K, capacity 24746K, committed 24832K, reserved 26624K
}
Event: 35261.131 GC heap before
{Heap before GC invocations=50160 (full 4):
 def new generation   total 2891072K, used 2574121K [0x00007f6854600000, 0x00007f6918700000, 0x00007f6da9b50000)
  eden space 2569856K, 100% used [0x00007f6854600000, 0x00007f68f13a0000, 0x00007f68f13a0000)
  from space 321216K,   1% used [0x00007f6904d50000, 0x00007f690517a598, 0x00007f6918700000)
  to   space 321216K,   0% used [0x00007f68f13a0000, 0x00007f68f13a0000, 0x00007f6904d50000)
 tenured generation   total 6424492K, used 6424142K [0x00007f6da9b50000, 0x00007f6f31d3b000, 0x00007f7854600000)
   the space 6424492K,  99% used [0x00007f6da9b50000, 0x00007f6f31ce3b40, 0x00007f6f31ce3c00, 0x00007f6f31d3b000)
 Metaspace       used 24355K, capacity 24746K, committed 24832K, reserved 26624K
}
Event: 35261.140 GC heap after
{Heap after GC invocations=50161 (full 4):
 def new generation   total 2891072K, used 4397K [0x00007f6854600000, 0x00007f6918700000, 0x00007f6da9b50000)
  eden space 2569856K,   0% used [0x00007f6854600000, 0x00007f6854600000, 0x00007f68f13a0000)
  from space 321216K,   1% used [0x00007f68f13a0000, 0x00007f68f17eb5b8, 0x00007f6904d50000)
  to   space 321216K,   0% used [0x00007f6904d50000, 0x00007f6904d50000, 0x00007f6918700000)
 tenured generation   total 6424492K, used 6424336K [0x00007f6da9b50000, 0x00007f6f31d3b000, 0x00007f7854600000)
   the space 6424492K,  99% used [0x00007f6da9b50000, 0x00007f6f31d143e0, 0x00007f6f31d14400, 0x00007f6f31d3b000)
 Metaspace       used 24355K, capacity 24746K, committed 24832K, reserved 26624K
}
Event: 35262.807 GC heap before
{Heap before GC invocations=50161 (full 4):
 def new generation   total 2891072K, used 2574253K [0x00007f6854600000, 0x00007f6918700000, 0x00007f6da9b50000)
  eden space 2569856K, 100% used [0x00007f6854600000, 0x00007f68f13a0000, 0x00007f68f13a0000)
  from space 321216K,   1% used [0x00007f68f13a0000, 0x00007f68f17eb5b8, 0x00007f6904d50000)
  to   space 321216K,   0% used [0x00007f6904d50000, 0x00007f6904d50000, 0x00007f6918700000)
 tenured generation   total 6424492K, used 6424336K [0x00007f6da9b50000, 0x00007f6f31d3b000, 0x00007f7854600000)
   the space 6424492K,  99% used [0x00007f6da9b50000, 0x00007f6f31d143e0, 0x00007f6f31d14400, 0x00007f6f31d3b000)
 Metaspace       used 24355K, capacity 24746K, committed 24832K, reserved 26624K
}
Event: 35262.819 GC heap after
{Heap after GC invocations=50162 (full 4):
 def new generation   total 2891072K, used 4477K [0x00007f6854600000, 0x00007f6918700000, 0x00007f6da9b50000)
  eden space 2569856K,   0% used [0x00007f6854600000, 0x00007f6854600000, 0x00007f68f13a0000)
  from space 321216K,   1% used [0x00007f6904d50000, 0x00007f69051af630, 0x00007f6918700000)
  to   space 321216K,   0% used [0x00007f68f13a0000, 0x00007f68f13a0000, 0x00007f6904d50000)
 tenured generation   total 6424684K, used 6424553K [0x00007f6da9b50000, 0x00007f6f31d6b000, 0x00007f7854600000)
   the space 6424684K,  99% used [0x00007f6da9b50000, 0x00007f6f31d4a490, 0x00007f6f31d4a600, 0x00007f6f31d6b000)
 Metaspace       used 24355K, capacity 24746K, committed 24832K, reserved 26624K
}
Event: 35262.819 GC heap before
{Heap before GC invocations=50162 (full 4):
 def new generation   total 2891072K, used 4477K [0x00007f6854600000, 0x00007f6918700000, 0x00007f6da9b50000)
  eden space 2569856K,   0% used [0x00007f6854600000, 0x00007f6854600000, 0x00007f68f13a0000)
  from space 321216K,   1% used [0x00007f6904d50000, 0x00007f69051af630, 0x00007f6918700000)
  to   space 321216K,   0% used [0x00007f68f13a0000, 0x00007f68f13a0000, 0x00007f6904d50000)
 tenured generation   total 6424684K, used 6424553K [0x00007f6da9b50000, 0x00007f6f31d6b000, 0x00007f7854600000)
   the space 6424684K,  99% used [0x00007f6da9b50000, 0x00007f6f31d4a490, 0x00007f6f31d4a600, 0x00007f6f31d6b000)
 Metaspace       used 24355K, capacity 24746K, committed 24832K, reserved 26624K
}

