# JRE version: OpenJDK Runtime Environment (13.0.7+5) (build 13.0.7+5-Ubuntu-0ubuntu120.04)
# Java VM: OpenJDK 64-Bit Server VM (13.0.7+5-Ubuntu-0ubuntu120.04, mixed mode, tiered, serial gc, linux-amd64)
Heap:
 def new generation   total 5294592K, used 0K [0x00007f81dc600000, 0x00007f8343700000, 0x00007f8731b50000)
  eden space 4706304K,   0% used [0x00007f81dc600000, 0x00007f81dc600000, 0x00007f82fba00000)
  from space 588288K,   0% used [0x00007f82fba00000, 0x00007f82fba00000, 0x00007f831f880000)
  to   space 588288K,   0% used [0x00007f831f880000, 0x00007f831f880000, 0x00007f8343700000)
 tenured generation   total 12028212K, used 11647985K [0x00007f8731b50000, 0x00007f8a0fd9d000, 0x00007f91dc600000)
   the space 12028212K,  96% used [0x00007f8731b50000, 0x00007f89f8a4c570, 0x00007f89f8a4c600, 0x00007f8a0fd9d000)
 Metaspace       used 30493K, capacity 30912K, committed 31232K, reserved 32768K
GC Heap History (20 events):
Event: 573.420 GC heap after
{Heap after GC invocations=69 (full 5):
 def new generation   total 5294592K, used 339631K [0x00007f81dc600000, 0x00007f8343700000, 0x00007f8731b50000)
  eden space 4706304K,   0% used [0x00007f81dc600000, 0x00007f81dc600000, 0x00007f82fba00000)
  from space 588288K,  57% used [0x00007f831f880000, 0x00007f833442be40, 0x00007f8343700000)
  to   space 588288K,   0% used [0x00007f82fba00000, 0x00007f82fba00000, 0x00007f831f880000)
 tenured generation   total 11765748K, used 8947172K [0x00007f8731b50000, 0x00007f89ffd4d000, 0x00007f91dc600000)
   the space 11765748K,  76% used [0x00007f8731b50000, 0x00007f8953cc9388, 0x00007f8953cc9400, 0x00007f89ffd4d000)
 Metaspace       used 30493K, capacity 30912K, committed 31232K, reserved 32768K
}
Event: 574.573 GC heap before
{Heap before GC invocations=69 (full 5):
 def new generation   total 5294592K, used 5045935K [0x00007f81dc600000, 0x00007f8343700000, 0x00007f8731b50000)
  eden space 4706304K, 100% used [0x00007f81dc600000, 0x00007f82fba00000, 0x00007f82fba00000)
  from space 588288K,  57% used [0x00007f831f880000, 0x00007f833442be40, 0x00007f8343700000)
  to   space 588288K,   0% used [0x00007f82fba00000, 0x00007f82fba00000, 0x00007f831f880000)
 tenured generation   total 11765748K, used 8947172K [0x00007f8731b50000, 0x00007f89ffd4d000, 0x00007f91dc600000)
   the space 11765748K,  76% used [0x00007f8731b50000, 0x00007f8953cc9388, 0x00007f8953cc9400, 0x00007f89ffd4d000)
 Metaspace       used 30493K, capacity 30912K, committed 31232K, reserved 32768K
}
Event: 575.592 GC heap after
{Heap after GC invocations=70 (full 5):
 def new generation   total 5294592K, used 336094K [0x00007f81dc600000, 0x00007f8343700000, 0x00007f8731b50000)
  eden space 4706304K,   0% used [0x00007f81dc600000, 0x00007f81dc600000, 0x00007f82fba00000)
  from space 588288K,  57% used [0x00007f82fba00000, 0x00007f8310237bb0, 0x00007f831f880000)
  to   space 588288K,   0% used [0x00007f831f880000, 0x00007f831f880000, 0x00007f8343700000)
 tenured generation   total 11765748K, used 9286804K [0x00007f8731b50000, 0x00007f89ffd4d000, 0x00007f91dc600000)
   the space 11765748K,  78% used [0x00007f8731b50000, 0x00007f89688750c8, 0x00007f8968875200, 0x00007f89ffd4d000)
 Metaspace       used 30493K, capacity 30912K, committed 31232K, reserved 32768K
}
Event: 576.840 GC heap before
{Heap before GC invocations=70 (full 5):
 def new generation   total 5294592K, used 5042398K [0x00007f81dc600000, 0x00007f8343700000, 0x00007f8731b50000)
  eden space 4706304K, 100% used [0x00007f81dc600000, 0x00007f82fba00000, 0x00007f82fba00000)
  from space 588288K,  57% used [0x00007f82fba00000, 0x00007f8310237bb0, 0x00007f831f880000)
  to   space 588288K,   0% used [0x00007f831f880000, 0x00007f831f880000, 0x00007f8343700000)
 tenured generation   total 11765748K, used 9286804K [0x00007f8731b50000, 0x00007f89ffd4d000, 0x00007f91dc600000)
   the space 11765748K,  78% used [0x00007f8731b50000, 0x00007f89688750c8, 0x00007f8968875200, 0x00007f89ffd4d000)
 Metaspace       used 30493K, capacity 30912K, committed 31232K, reserved 32768K
}
Event: 577.928 GC heap after
{Heap after GC invocations=71 (full 5):
 def new generation   total 5294592K, used 328598K [0x00007f81dc600000, 0x00007f8343700000, 0x00007f8731b50000)
  eden space 4706304K,   0% used [0x00007f81dc600000, 0x00007f81dc600000, 0x00007f82fba00000)
  from space 588288K,  55% used [0x00007f831f880000, 0x00007f8333965b00, 0x00007f8343700000)
  to   space 588288K,   0% used [0x00007f82fba00000, 0x00007f82fba00000, 0x00007f831f880000)
 tenured generation   total 11765748K, used 9622898K [0x00007f8731b50000, 0x00007f89ffd4d000, 0x00007f91dc600000)
   the space 11765748K,  81% used [0x00007f8731b50000, 0x00007f897d0ac9f8, 0x00007f897d0aca00, 0x00007f89ffd4d000)
 Metaspace       used 30493K, capacity 30912K, committed 31232K, reserved 32768K
}
Event: 579.083 GC heap before
{Heap before GC invocations=71 (full 5):
 def new generation   total 5294592K, used 5034902K [0x00007f81dc600000, 0x00007f8343700000, 0x00007f8731b50000)
  eden space 4706304K, 100% used [0x00007f81dc600000, 0x00007f82fba00000, 0x00007f82fba00000)
  from space 588288K,  55% used [0x00007f831f880000, 0x00007f8333965b00, 0x00007f8343700000)
  to   space 588288K,   0% used [0x00007f82fba00000, 0x00007f82fba00000, 0x00007f831f880000)
 tenured generation   total 11765748K, used 9622898K [0x00007f8731b50000, 0x00007f89ffd4d000, 0x00007f91dc600000)
   the space 11765748K,  81% used [0x00007f8731b50000, 0x00007f897d0ac9f8, 0x00007f897d0aca00, 0x00007f89ffd4d000)
 Metaspace       used 30493K, capacity 30912K, committed 31232K, reserved 32768K
}
Event: 580.165 GC heap after
{Heap after GC invocations=72 (full 5):
 def new generation   total 5294592K, used 343476K [0x00007f81dc600000, 0x00007f8343700000, 0x00007f8731b50000)
  eden space 4706304K,   0% used [0x00007f81dc600000, 0x00007f81dc600000, 0x00007f82fba00000)
  from space 588288K,  58% used [0x00007f82fba00000, 0x00007f831096d1b0, 0x00007f831f880000)
  to   space 588288K,   0% used [0x00007f831f880000, 0x00007f831f880000, 0x00007f8343700000)
 tenured generation   total 11765748K, used 9951496K [0x00007f8731b50000, 0x00007f89ffd4d000, 0x00007f91dc600000)
   the space 11765748K,  84% used [0x00007f8731b50000, 0x00007f89911923d8, 0x00007f8991192400, 0x00007f89ffd4d000)
 Metaspace       used 30493K, capacity 30912K, committed 31232K, reserved 32768K
}
Event: 581.326 GC heap before
{Heap before GC invocations=72 (full 5):
 def new generation   total 5294592K, used 5049780K [0x00007f81dc600000, 0x00007f8343700000, 0x00007f8731b50000)
  eden space 4706304K, 100% used [0x00007f81dc600000, 0x00007f82fba00000, 0x00007f82fba00000)
  from space 588288K,  58% used [0x00007f82fba00000, 0x00007f831096d1b0, 0x00007f831f880000)
  to   space 588288K,   0% used [0x00007f831f880000, 0x00007f831f880000, 0x00007f8343700000)
 tenured generation   total 11765748K, used 9951496K [0x00007f8731b50000, 0x00007f89ffd4d000, 0x00007f91dc600000)
   the space 11765748K,  84% used [0x00007f8731b50000, 0x00007f89911923d8, 0x00007f8991192400, 0x00007f89ffd4d000)
 Metaspace       used 30493K, capacity 30912K, committed 31232K, reserved 32768K
}
Event: 582.390 GC heap after
{Heap after GC invocations=73 (full 5):
 def new generation   total 5294592K, used 338860K [0x00007f81dc600000, 0x00007f8343700000, 0x00007f8731b50000)
  eden space 4706304K,   0% used [0x00007f81dc600000, 0x00007f81dc600000, 0x00007f82fba00000)
  from space 588288K,  57% used [0x00007f831f880000, 0x00007f833436b020, 0x00007f8343700000)
  to   space 588288K,   0% used [0x00007f82fba00000, 0x00007f82fba00000, 0x00007f831f880000)
 tenured generation   total 11765748K, used 10294972K [0x00007f8731b50000, 0x00007f89ffd4d000, 0x00007f91dc600000)
   the space 11765748K,  87% used [0x00007f8731b50000, 0x00007f89a60ff308, 0x00007f89a60ff400, 0x00007f89ffd4d000)
 Metaspace       used 30493K, capacity 30912K, committed 31232K, reserved 32768K
}
Event: 583.566 GC heap before
{Heap before GC invocations=73 (full 5):
 def new generation   total 5294592K, used 5045164K [0x00007f81dc600000, 0x00007f8343700000, 0x00007f8731b50000)
  eden space 4706304K, 100% used [0x00007f81dc600000, 0x00007f82fba00000, 0x00007f82fba00000)
  from space 588288K,  57% used [0x00007f831f880000, 0x00007f833436b020, 0x00007f8343700000)
  to   space 588288K,   0% used [0x00007f82fba00000, 0x00007f82fba00000, 0x00007f831f880000)
 tenured generation   total 11765748K, used 10294972K [0x00007f8731b50000, 0x00007f89ffd4d000, 0x00007f91dc600000)
   the space 11765748K,  87% used [0x00007f8731b50000, 0x00007f89a60ff308, 0x00007f89a60ff400, 0x00007f89ffd4d000)
 Metaspace       used 30493K, capacity 30912K, committed 31232K, reserved 32768K
}
Event: 584.627 GC heap after
{Heap after GC invocations=74 (full 5):
 def new generation   total 5294592K, used 336250K [0x00007f81dc600000, 0x00007f8343700000, 0x00007f8731b50000)
  eden space 4706304K,   0% used [0x00007f81dc600000, 0x00007f81dc600000, 0x00007f82fba00000)
  from space 588288K,  57% used [0x00007f82fba00000, 0x00007f831025e860, 0x00007f831f880000)
  to   space 588288K,   0% used [0x00007f831f880000, 0x00007f831f880000, 0x00007f8343700000)
 tenured generation   total 11765748K, used 10633832K [0x00007f8731b50000, 0x00007f89ffd4d000, 0x00007f91dc600000)
   the space 11765748K,  90% used [0x00007f8731b50000, 0x00007f89babea058, 0x00007f89babea200, 0x00007f89ffd4d000)
 Metaspace       used 30493K, capacity 30912K, committed 31232K, reserved 32768K
}
Event: 585.835 GC heap before
{Heap before GC invocations=74 (full 5):
 def new generation   total 5294592K, used 5042554K [0x00007f81dc600000, 0x00007f8343700000, 0x00007f8731b50000)
  eden space 4706304K, 100% used [0x00007f81dc600000, 0x00007f82fba00000, 0x00007f82fba00000)
  from space 588288K,  57% used [0x00007f82fba00000, 0x00007f831025e860, 0x00007f831f880000)
  to   space 588288K,   0% used [0x00007f831f880000, 0x00007f831f880000, 0x00007f8343700000)
 tenured generation   total 11765748K, used 10633832K [0x00007f8731b50000, 0x00007f89ffd4d000, 0x00007f91dc600000)
   the space 11765748K,  90% used [0x00007f8731b50000, 0x00007f89babea058, 0x00007f89babea200, 0x00007f89ffd4d000)
 Metaspace       used 30493K, capacity 30912K, committed 31232K, reserved 32768K
}
Event: 586.907 GC heap after
{Heap after GC invocations=75 (full 5):
 def new generation   total 5294592K, used 337286K [0x00007f81dc600000, 0x00007f8343700000, 0x00007f8731b50000)
  eden space 4706304K,   0% used [0x00007f81dc600000, 0x00007f81dc600000, 0x00007f82fba00000)
  from space 588288K,  57% used [0x00007f831f880000, 0x00007f83341e1b20, 0x00007f8343700000)
  to   space 588288K,   0% used [0x00007f82fba00000, 0x00007f82fba00000, 0x00007f831f880000)
 tenured generation   total 11765748K, used 10970081K [0x00007f8731b50000, 0x00007f89ffd4d000, 0x00007f91dc600000)
   the space 11765748K,  93% used [0x00007f8731b50000, 0x00007f89cf4484b8, 0x00007f89cf448600, 0x00007f89ffd4d000)
 Metaspace       used 30493K, capacity 30912K, committed 31232K, reserved 32768K
}
Event: 588.052 GC heap before
{Heap before GC invocations=75 (full 5):
 def new generation   total 5294592K, used 5043590K [0x00007f81dc600000, 0x00007f8343700000, 0x00007f8731b50000)
  eden space 4706304K, 100% used [0x00007f81dc600000, 0x00007f82fba00000, 0x00007f82fba00000)
  from space 588288K,  57% used [0x00007f831f880000, 0x00007f83341e1b20, 0x00007f8343700000)
  to   space 588288K,   0% used [0x00007f82fba00000, 0x00007f82fba00000, 0x00007f831f880000)
 tenured generation   total 11765748K, used 10970081K [0x00007f8731b50000, 0x00007f89ffd4d000, 0x00007f91dc600000)
   the space 11765748K,  93% used [0x00007f8731b50000, 0x00007f89cf4484b8, 0x00007f89cf448600, 0x00007f89ffd4d000)
 Metaspace       used 30493K, capacity 30912K, committed 31232K, reserved 32768K
}
Event: 589.111 GC heap after
{Heap after GC invocations=76 (full 5):
 def new generation   total 5294592K, used 340316K [0x00007f81dc600000, 0x00007f8343700000, 0x00007f8731b50000)
  eden space 4706304K,   0% used [0x00007f81dc600000, 0x00007f81dc600000, 0x00007f82fba00000)
  from space 588288K,  57% used [0x00007f82fba00000, 0x00007f8310657120, 0x00007f831f880000)
  to   space 588288K,   0% used [0x00007f831f880000, 0x00007f831f880000, 0x00007f8343700000)
 tenured generation   total 11765748K, used 11307366K [0x00007f8731b50000, 0x00007f89ffd4d000, 0x00007f91dc600000)
   the space 11765748K,  96% used [0x00007f8731b50000, 0x00007f89e3da9b98, 0x00007f89e3da9c00, 0x00007f89ffd4d000)
 Metaspace       used 30493K, capacity 30912K, committed 31232K, reserved 32768K
}
Event: 590.391 GC heap before
{Heap before GC invocations=76 (full 5):
 def new generation   total 5294592K, used 5046620K [0x00007f81dc600000, 0x00007f8343700000, 0x00007f8731b50000)
  eden space 4706304K, 100% used [0x00007f81dc600000, 0x00007f82fba00000, 0x00007f82fba00000)
  from space 588288K,  57% used [0x00007f82fba00000, 0x00007f8310657120, 0x00007f831f880000)
  to   space 588288K,   0% used [0x00007f831f880000, 0x00007f831f880000, 0x00007f8343700000)
 tenured generation   total 11765748K, used 11307366K [0x00007f8731b50000, 0x00007f89ffd4d000, 0x00007f91dc600000)
   the space 11765748K,  96% used [0x00007f8731b50000, 0x00007f89e3da9b98, 0x00007f89e3da9c00, 0x00007f89ffd4d000)
 Metaspace       used 30493K, capacity 30912K, committed 31232K, reserved 32768K
}
Event: 591.511 GC heap after
{Heap after GC invocations=77 (full 5):
 def new generation   total 5294592K, used 380421K [0x00007f81dc600000, 0x00007f8343700000, 0x00007f8731b50000)
  eden space 4706304K,   0% used [0x00007f81dc600000, 0x00007f81dc600000, 0x00007f82fba00000)
  from space 588288K,  64% used [0x00007f831f880000, 0x00007f8336c016a0, 0x00007f8343700000)
  to   space 588288K,   0% used [0x00007f82fba00000, 0x00007f82fba00000, 0x00007f831f880000)
 tenured generation   total 11765748K, used 11647682K [0x00007f8731b50000, 0x00007f89ffd4d000, 0x00007f91dc600000)
   the space 11765748K,  98% used [0x00007f8731b50000, 0x00007f89f8a00b38, 0x00007f89f8a00c00, 0x00007f89ffd4d000)
 Metaspace       used 30493K, capacity 30912K, committed 31232K, reserved 32768K
}
Event: 592.742 GC heap before
{Heap before GC invocations=77 (full 5):
 def new generation   total 5294592K, used 5086725K [0x00007f81dc600000, 0x00007f8343700000, 0x00007f8731b50000)
  eden space 4706304K, 100% used [0x00007f81dc600000, 0x00007f82fba00000, 0x00007f82fba00000)
  from space 588288K,  64% used [0x00007f831f880000, 0x00007f8336c016a0, 0x00007f8343700000)
  to   space 588288K,   0% used [0x00007f82fba00000, 0x00007f82fba00000, 0x00007f831f880000)
 tenured generation   total 11765748K, used 11647682K [0x00007f8731b50000, 0x00007f89ffd4d000, 0x00007f91dc600000)
   the space 11765748K,  98% used [0x00007f8731b50000, 0x00007f89f8a00b38, 0x00007f89f8a00c00, 0x00007f89ffd4d000)
 Metaspace       used 30493K, capacity 30912K, committed 31232K, reserved 32768K
}
Event: 593.900 GC heap after
{Heap after GC invocations=78 (full 5):
 def new generation   total 5294592K, used 367148K [0x00007f81dc600000, 0x00007f8343700000, 0x00007f8731b50000)
  eden space 4706304K,   0% used [0x00007f81dc600000, 0x00007f81dc600000, 0x00007f82fba00000)
  from space 588288K,  62% used [0x00007f82fba00000, 0x00007f831208b280, 0x00007f831f880000)
  to   space 588288K,   0% used [0x00007f831f880000, 0x00007f831f880000, 0x00007f8343700000)
 tenured generation   total 12028212K, used 12028103K [0x00007f8731b50000, 0x00007f8a0fd9d000, 0x00007f91dc600000)
   the space 12028212K,  99% used [0x00007f8731b50000, 0x00007f8a0fd81e68, 0x00007f8a0fd82000, 0x00007f8a0fd9d000)
 Metaspace       used 30493K, capacity 30912K, committed 31232K, reserved 32768K
}
Event: 593.900 GC heap before
{Heap before GC invocations=78 (full 5):
 def new generation   total 5294592K, used 367148K [0x00007f81dc600000, 0x00007f8343700000, 0x00007f8731b50000)
  eden space 4706304K,   0% used [0x00007f81dc600000, 0x00007f81dc600000, 0x00007f82fba00000)
  from space 588288K,  62% used [0x00007f82fba00000, 0x00007f831208b280, 0x00007f831f880000)
  to   space 588288K,   0% used [0x00007f831f880000, 0x00007f831f880000, 0x00007f8343700000)
 tenured generation   total 12028212K, used 12028103K [0x00007f8731b50000, 0x00007f8a0fd9d000, 0x00007f91dc600000)
   the space 12028212K,  99% used [0x00007f8731b50000, 0x00007f8a0fd81e68, 0x00007f8a0fd82000, 0x00007f8a0fd9d000)
 Metaspace       used 30493K, capacity 30912K, committed 31232K, reserved 32768K
}

