# JRE version: OpenJDK Runtime Environment (13.0.7+5) (build 13.0.7+5-Ubuntu-0ubuntu120.04)
# Java VM: OpenJDK 64-Bit Server VM (13.0.7+5-Ubuntu-0ubuntu120.04, mixed mode, tiered, serial gc, linux-amd64)
Heap:
 def new generation   total 1752320K, used 97468K [0x00007fe510600000, 0x00007fe587360000, 0x00007fea65b50000)
  eden space 1557632K,   6% used [0x00007fe510600000, 0x00007fe51652f260, 0x00007fe56f720000)
  from space 194688K,   0% used [0x00007fe56f720000, 0x00007fe56f720000, 0x00007fe57b540000)
  to   space 194688K,   0% used [0x00007fe57b540000, 0x00007fe57b540000, 0x00007fe587360000)
 tenured generation   total 3896088K, used 3896087K [0x00007fea65b50000, 0x00007feb53816000, 0x00007ff510600000)
   the space 3896088K,  99% used [0x00007fea65b50000, 0x00007feb53815fe0, 0x00007feb53816000, 0x00007feb53816000)
 Metaspace       used 24225K, capacity 24649K, committed 24832K, reserved 26624K
GC Heap History (20 events):
Event: 397.029 GC heap after
{Heap after GC invocations=896 (full 3):
 def new generation   total 1752320K, used 103148K [0x00007fe510600000, 0x00007fe587360000, 0x00007fea65b50000)
  eden space 1557632K,   0% used [0x00007fe510600000, 0x00007fe510600000, 0x00007fe56f720000)
  from space 194688K,  52% used [0x00007fe57b540000, 0x00007fe5819fb278, 0x00007fe587360000)
  to   space 194688K,   0% used [0x00007fe56f720000, 0x00007fe56f720000, 0x00007fe57b540000)
 tenured generation   total 3893976K, used 3824642K [0x00007fea65b50000, 0x00007feb53606000, 0x00007ff510600000)
   the space 3893976K,  98% used [0x00007fea65b50000, 0x00007feb4f2509f0, 0x00007feb4f250a00, 0x00007feb53606000)
 Metaspace       used 24225K, capacity 24649K, committed 24832K, reserved 26624K
}
Event: 397.682 GC heap before
{Heap before GC invocations=896 (full 3):
 def new generation   total 1752320K, used 1660780K [0x00007fe510600000, 0x00007fe587360000, 0x00007fea65b50000)
  eden space 1557632K, 100% used [0x00007fe510600000, 0x00007fe56f720000, 0x00007fe56f720000)
  from space 194688K,  52% used [0x00007fe57b540000, 0x00007fe5819fb278, 0x00007fe587360000)
  to   space 194688K,   0% used [0x00007fe56f720000, 0x00007fe56f720000, 0x00007fe57b540000)
 tenured generation   total 3893976K, used 3824642K [0x00007fea65b50000, 0x00007feb53606000, 0x00007ff510600000)
   the space 3893976K,  98% used [0x00007fea65b50000, 0x00007feb4f2509f0, 0x00007feb4f250a00, 0x00007feb53606000)
 Metaspace       used 24225K, capacity 24649K, committed 24832K, reserved 26624K
}
Event: 397.809 GC heap after
{Heap after GC invocations=897 (full 3):
 def new generation   total 1752320K, used 103049K [0x00007fe510600000, 0x00007fe587360000, 0x00007fea65b50000)
  eden space 1557632K,   0% used [0x00007fe510600000, 0x00007fe510600000, 0x00007fe56f720000)
  from space 194688K,  52% used [0x00007fe56f720000, 0x00007fe575bc2618, 0x00007fe57b540000)
  to   space 194688K,   0% used [0x00007fe57b540000, 0x00007fe57b540000, 0x00007fe587360000)
 tenured generation   total 3893976K, used 3832657K [0x00007fea65b50000, 0x00007feb53606000, 0x00007ff510600000)
   the space 3893976K,  98% used [0x00007fea65b50000, 0x00007feb4fa246c8, 0x00007feb4fa24800, 0x00007feb53606000)
 Metaspace       used 24225K, capacity 24649K, committed 24832K, reserved 26624K
}
Event: 398.458 GC heap before
{Heap before GC invocations=897 (full 3):
 def new generation   total 1752320K, used 1660681K [0x00007fe510600000, 0x00007fe587360000, 0x00007fea65b50000)
  eden space 1557632K, 100% used [0x00007fe510600000, 0x00007fe56f720000, 0x00007fe56f720000)
  from space 194688K,  52% used [0x00007fe56f720000, 0x00007fe575bc2618, 0x00007fe57b540000)
  to   space 194688K,   0% used [0x00007fe57b540000, 0x00007fe57b540000, 0x00007fe587360000)
 tenured generation   total 3893976K, used 3832657K [0x00007fea65b50000, 0x00007feb53606000, 0x00007ff510600000)
   the space 3893976K,  98% used [0x00007fea65b50000, 0x00007feb4fa246c8, 0x00007feb4fa24800, 0x00007feb53606000)
 Metaspace       used 24225K, capacity 24649K, committed 24832K, reserved 26624K
}
Event: 398.591 GC heap after
{Heap after GC invocations=898 (full 3):
 def new generation   total 1752320K, used 103042K [0x00007fe510600000, 0x00007fe587360000, 0x00007fea65b50000)
  eden space 1557632K,   0% used [0x00007fe510600000, 0x00007fe510600000, 0x00007fe56f720000)
  from space 194688K,  52% used [0x00007fe57b540000, 0x00007fe5819e08c0, 0x00007fe587360000)
  to   space 194688K,   0% used [0x00007fe56f720000, 0x00007fe56f720000, 0x00007fe57b540000)
 tenured generation   total 3893976K, used 3840568K [0x00007fea65b50000, 0x00007feb53606000, 0x00007ff510600000)
   the space 3893976K,  98% used [0x00007fea65b50000, 0x00007feb501de0b8, 0x00007feb501de200, 0x00007feb53606000)
 Metaspace       used 24225K, capacity 24649K, committed 24832K, reserved 26624K
}
Event: 399.239 GC heap before
{Heap before GC invocations=898 (full 3):
 def new generation   total 1752320K, used 1660674K [0x00007fe510600000, 0x00007fe587360000, 0x00007fea65b50000)
  eden space 1557632K, 100% used [0x00007fe510600000, 0x00007fe56f720000, 0x00007fe56f720000)
  from space 194688K,  52% used [0x00007fe57b540000, 0x00007fe5819e08c0, 0x00007fe587360000)
  to   space 194688K,   0% used [0x00007fe56f720000, 0x00007fe56f720000, 0x00007fe57b540000)
 tenured generation   total 3893976K, used 3840568K [0x00007fea65b50000, 0x00007feb53606000, 0x00007ff510600000)
   the space 3893976K,  98% used [0x00007fea65b50000, 0x00007feb501de0b8, 0x00007feb501de200, 0x00007feb53606000)
 Metaspace       used 24225K, capacity 24649K, committed 24832K, reserved 26624K
}
Event: 399.362 GC heap after
{Heap after GC invocations=899 (full 3):
 def new generation   total 1752320K, used 103054K [0x00007fe510600000, 0x00007fe587360000, 0x00007fea65b50000)
  eden space 1557632K,   0% used [0x00007fe510600000, 0x00007fe510600000, 0x00007fe56f720000)
  from space 194688K,  52% used [0x00007fe56f720000, 0x00007fe575bc3a68, 0x00007fe57b540000)
  to   space 194688K,   0% used [0x00007fe57b540000, 0x00007fe57b540000, 0x00007fe587360000)
 tenured generation   total 3893976K, used 3848465K [0x00007fea65b50000, 0x00007feb53606000, 0x00007ff510600000)
   the space 3893976K,  98% used [0x00007fea65b50000, 0x00007feb509947b8, 0x00007feb50994800, 0x00007feb53606000)
 Metaspace       used 24225K, capacity 24649K, committed 24832K, reserved 26624K
}
Event: 400.017 GC heap before
{Heap before GC invocations=899 (full 3):
 def new generation   total 1752320K, used 1660686K [0x00007fe510600000, 0x00007fe587360000, 0x00007fea65b50000)
  eden space 1557632K, 100% used [0x00007fe510600000, 0x00007fe56f720000, 0x00007fe56f720000)
  from space 194688K,  52% used [0x00007fe56f720000, 0x00007fe575bc3a68, 0x00007fe57b540000)
  to   space 194688K,   0% used [0x00007fe57b540000, 0x00007fe57b540000, 0x00007fe587360000)
 tenured generation   total 3893976K, used 3848465K [0x00007fea65b50000, 0x00007feb53606000, 0x00007ff510600000)
   the space 3893976K,  98% used [0x00007fea65b50000, 0x00007feb509947b8, 0x00007feb50994800, 0x00007feb53606000)
 Metaspace       used 24225K, capacity 24649K, committed 24832K, reserved 26624K
}
Event: 400.146 GC heap after
{Heap after GC invocations=900 (full 3):
 def new generation   total 1752320K, used 103155K [0x00007fe510600000, 0x00007fe587360000, 0x00007fea65b50000)
  eden space 1557632K,   0% used [0x00007fe510600000, 0x00007fe510600000, 0x00007fe56f720000)
  from space 194688K,  52% used [0x00007fe57b540000, 0x00007fe5819fcca8, 0x00007fe587360000)
  to   space 194688K,   0% used [0x00007fe56f720000, 0x00007fe56f720000, 0x00007fe57b540000)
 tenured generation   total 3893976K, used 3856376K [0x00007fea65b50000, 0x00007feb53606000, 0x00007ff510600000)
   the space 3893976K,  99% used [0x00007fea65b50000, 0x00007feb5114e088, 0x00007feb5114e200, 0x00007feb53606000)
 Metaspace       used 24225K, capacity 24649K, committed 24832K, reserved 26624K
}
Event: 400.797 GC heap before
{Heap before GC invocations=900 (full 3):
 def new generation   total 1752320K, used 1660787K [0x00007fe510600000, 0x00007fe587360000, 0x00007fea65b50000)
  eden space 1557632K, 100% used [0x00007fe510600000, 0x00007fe56f720000, 0x00007fe56f720000)
  from space 194688K,  52% used [0x00007fe57b540000, 0x00007fe5819fcca8, 0x00007fe587360000)
  to   space 194688K,   0% used [0x00007fe56f720000, 0x00007fe56f720000, 0x00007fe57b540000)
 tenured generation   total 3893976K, used 3856376K [0x00007fea65b50000, 0x00007feb53606000, 0x00007ff510600000)
   the space 3893976K,  99% used [0x00007fea65b50000, 0x00007feb5114e088, 0x00007feb5114e200, 0x00007feb53606000)
 Metaspace       used 24225K, capacity 24649K, committed 24832K, reserved 26624K
}
Event: 400.922 GC heap after
{Heap after GC invocations=901 (full 3):
 def new generation   total 1752320K, used 103149K [0x00007fe510600000, 0x00007fe587360000, 0x00007fea65b50000)
  eden space 1557632K,   0% used [0x00007fe510600000, 0x00007fe510600000, 0x00007fe56f720000)
  from space 194688K,  52% used [0x00007fe56f720000, 0x00007fe575bdb4c0, 0x00007fe57b540000)
  to   space 194688K,   0% used [0x00007fe57b540000, 0x00007fe57b540000, 0x00007fe587360000)
 tenured generation   total 3893976K, used 3864286K [0x00007fea65b50000, 0x00007feb53606000, 0x00007ff510600000)
   the space 3893976K,  99% used [0x00007fea65b50000, 0x00007feb51907a78, 0x00007feb51907c00, 0x00007feb53606000)
 Metaspace       used 24225K, capacity 24649K, committed 24832K, reserved 26624K
}
Event: 401.575 GC heap before
{Heap before GC invocations=901 (full 3):
 def new generation   total 1752320K, used 1660781K [0x00007fe510600000, 0x00007fe587360000, 0x00007fea65b50000)
  eden space 1557632K, 100% used [0x00007fe510600000, 0x00007fe56f720000, 0x00007fe56f720000)
  from space 194688K,  52% used [0x00007fe56f720000, 0x00007fe575bdb4c0, 0x00007fe57b540000)
  to   space 194688K,   0% used [0x00007fe57b540000, 0x00007fe57b540000, 0x00007fe587360000)
 tenured generation   total 3893976K, used 3864286K [0x00007fea65b50000, 0x00007feb53606000, 0x00007ff510600000)
   the space 3893976K,  99% used [0x00007fea65b50000, 0x00007feb51907a78, 0x00007feb51907c00, 0x00007feb53606000)
 Metaspace       used 24225K, capacity 24649K, committed 24832K, reserved 26624K
}
Event: 401.706 GC heap after
{Heap after GC invocations=902 (full 3):
 def new generation   total 1752320K, used 103158K [0x00007fe510600000, 0x00007fe587360000, 0x00007fea65b50000)
  eden space 1557632K,   0% used [0x00007fe510600000, 0x00007fe510600000, 0x00007fe56f720000)
  from space 194688K,  52% used [0x00007fe57b540000, 0x00007fe5819fdb70, 0x00007fe587360000)
  to   space 194688K,   0% used [0x00007fe56f720000, 0x00007fe56f720000, 0x00007fe57b540000)
 tenured generation   total 3893976K, used 3872188K [0x00007fea65b50000, 0x00007feb53606000, 0x00007ff510600000)
   the space 3893976K,  99% used [0x00007fea65b50000, 0x00007feb520bf2b8, 0x00007feb520bf400, 0x00007feb53606000)
 Metaspace       used 24225K, capacity 24649K, committed 24832K, reserved 26624K
}
Event: 402.353 GC heap before
{Heap before GC invocations=902 (full 3):
 def new generation   total 1752320K, used 1660790K [0x00007fe510600000, 0x00007fe587360000, 0x00007fea65b50000)
  eden space 1557632K, 100% used [0x00007fe510600000, 0x00007fe56f720000, 0x00007fe56f720000)
  from space 194688K,  52% used [0x00007fe57b540000, 0x00007fe5819fdb70, 0x00007fe587360000)
  to   space 194688K,   0% used [0x00007fe56f720000, 0x00007fe56f720000, 0x00007fe57b540000)
 tenured generation   total 3893976K, used 3872188K [0x00007fea65b50000, 0x00007feb53606000, 0x00007ff510600000)
   the space 3893976K,  99% used [0x00007fea65b50000, 0x00007feb520bf2b8, 0x00007feb520bf400, 0x00007feb53606000)
 Metaspace       used 24225K, capacity 24649K, committed 24832K, reserved 26624K
}
Event: 402.482 GC heap after
{Heap after GC invocations=903 (full 3):
 def new generation   total 1752320K, used 103042K [0x00007fe510600000, 0x00007fe587360000, 0x00007fea65b50000)
  eden space 1557632K,   0% used [0x00007fe510600000, 0x00007fe510600000, 0x00007fe56f720000)
  from space 194688K,  52% used [0x00007fe56f720000, 0x00007fe575bc0960, 0x00007fe57b540000)
  to   space 194688K,   0% used [0x00007fe57b540000, 0x00007fe57b540000, 0x00007fe587360000)
 tenured generation   total 3893976K, used 3880212K [0x00007fea65b50000, 0x00007feb53606000, 0x00007ff510600000)
   the space 3893976K,  99% used [0x00007fea65b50000, 0x00007feb52895140, 0x00007feb52895200, 0x00007feb53606000)
 Metaspace       used 24225K, capacity 24649K, committed 24832K, reserved 26624K
}
Event: 403.136 GC heap before
{Heap before GC invocations=903 (full 3):
 def new generation   total 1752320K, used 1660674K [0x00007fe510600000, 0x00007fe587360000, 0x00007fea65b50000)
  eden space 1557632K, 100% used [0x00007fe510600000, 0x00007fe56f720000, 0x00007fe56f720000)
  from space 194688K,  52% used [0x00007fe56f720000, 0x00007fe575bc0960, 0x00007fe57b540000)
  to   space 194688K,   0% used [0x00007fe57b540000, 0x00007fe57b540000, 0x00007fe587360000)
 tenured generation   total 3893976K, used 3880212K [0x00007fea65b50000, 0x00007feb53606000, 0x00007ff510600000)
   the space 3893976K,  99% used [0x00007fea65b50000, 0x00007feb52895140, 0x00007feb52895200, 0x00007feb53606000)
 Metaspace       used 24225K, capacity 24649K, committed 24832K, reserved 26624K
}
Event: 403.268 GC heap after
{Heap after GC invocations=904 (full 3):
 def new generation   total 1752320K, used 103044K [0x00007fe510600000, 0x00007fe587360000, 0x00007fea65b50000)
  eden space 1557632K,   0% used [0x00007fe510600000, 0x00007fe510600000, 0x00007fe56f720000)
  from space 194688K,  52% used [0x00007fe57b540000, 0x00007fe5819e13d0, 0x00007fe587360000)
  to   space 194688K,   0% used [0x00007fe56f720000, 0x00007fe56f720000, 0x00007fe57b540000)
 tenured generation   total 3893976K, used 3888110K [0x00007fea65b50000, 0x00007feb53606000, 0x00007ff510600000)
   the space 3893976K,  99% used [0x00007fea65b50000, 0x00007feb5304b840, 0x00007feb5304ba00, 0x00007feb53606000)
 Metaspace       used 24225K, capacity 24649K, committed 24832K, reserved 26624K
}
Event: 403.918 GC heap before
{Heap before GC invocations=904 (full 3):
 def new generation   total 1752320K, used 1660676K [0x00007fe510600000, 0x00007fe587360000, 0x00007fea65b50000)
  eden space 1557632K, 100% used [0x00007fe510600000, 0x00007fe56f720000, 0x00007fe56f720000)
  from space 194688K,  52% used [0x00007fe57b540000, 0x00007fe5819e13d0, 0x00007fe587360000)
  to   space 194688K,   0% used [0x00007fe56f720000, 0x00007fe56f720000, 0x00007fe57b540000)
 tenured generation   total 3893976K, used 3888110K [0x00007fea65b50000, 0x00007feb53606000, 0x00007ff510600000)
   the space 3893976K,  99% used [0x00007fea65b50000, 0x00007feb5304b840, 0x00007feb5304ba00, 0x00007feb53606000)
 Metaspace       used 24225K, capacity 24649K, committed 24832K, reserved 26624K
}
Event: 404.043 GC heap after
{Heap after GC invocations=905 (full 3):
 def new generation   total 1752320K, used 103044K [0x00007fe510600000, 0x00007fe587360000, 0x00007fea65b50000)
  eden space 1557632K,   0% used [0x00007fe510600000, 0x00007fe510600000, 0x00007fe56f720000)
  from space 194688K,  52% used [0x00007fe56f720000, 0x00007fe575bc13d8, 0x00007fe57b540000)
  to   space 194688K,   0% used [0x00007fe57b540000, 0x00007fe57b540000, 0x00007fe587360000)
 tenured generation   total 3896088K, used 3896020K [0x00007fea65b50000, 0x00007feb53816000, 0x00007ff510600000)
   the space 3896088K,  99% used [0x00007fea65b50000, 0x00007feb53805110, 0x00007feb53805200, 0x00007feb53816000)
 Metaspace       used 24225K, capacity 24649K, committed 24832K, reserved 26624K
}
Event: 404.043 GC heap before
{Heap before GC invocations=905 (full 3):
 def new generation   total 1752320K, used 103044K [0x00007fe510600000, 0x00007fe587360000, 0x00007fea65b50000)
  eden space 1557632K,   0% used [0x00007fe510600000, 0x00007fe510600000, 0x00007fe56f720000)
  from space 194688K,  52% used [0x00007fe56f720000, 0x00007fe575bc13d8, 0x00007fe57b540000)
  to   space 194688K,   0% used [0x00007fe57b540000, 0x00007fe57b540000, 0x00007fe587360000)
 tenured generation   total 3896088K, used 3896020K [0x00007fea65b50000, 0x00007feb53816000, 0x00007ff510600000)
   the space 3896088K,  99% used [0x00007fea65b50000, 0x00007feb53805110, 0x00007feb53805200, 0x00007feb53816000)
 Metaspace       used 24225K, capacity 24649K, committed 24832K, reserved 26624K
}

