# JRE version: OpenJDK Runtime Environment (13.0.7+5) (build 13.0.7+5-Ubuntu-0ubuntu120.04)
# Java VM: OpenJDK 64-Bit Server VM (13.0.7+5-Ubuntu-0ubuntu120.04, mixed mode, tiered, serial gc, linux-amd64)
Heap:
 def new generation   total 629248K, used 547K [0x00007f6e78600000, 0x00007f6ea30c0000, 0x00007f73cdb50000)
  eden space 559360K,   0% used [0x00007f6e78600000, 0x00007f6e78688d20, 0x00007f6e9a840000)
  from space 69888K,   0% used [0x00007f6e9ec80000, 0x00007f6e9ec80000, 0x00007f6ea30c0000)
  to   space 69888K,   0% used [0x00007f6e9a840000, 0x00007f6e9a840000, 0x00007f6e9ec80000)
 tenured generation   total 1398336K, used 1398335K [0x00007f73cdb50000, 0x00007f74230e0000, 0x00007f7e78600000)
   the space 1398336K,  99% used [0x00007f73cdb50000, 0x00007f74230dffe0, 0x00007f74230e0000, 0x00007f74230e0000)
 Metaspace       used 24331K, capacity 24750K, committed 24832K, reserved 26624K
GC Heap History (20 events):
Event: 18554.960 GC heap after
{Heap after GC invocations=32795 (full 1):
 def new generation   total 629248K, used 736K [0x00007f6e78600000, 0x00007f6ea30c0000, 0x00007f73cdb50000)
  eden space 559360K,   0% used [0x00007f6e78600000, 0x00007f6e78600000, 0x00007f6e9a840000)
  from space 69888K,   1% used [0x00007f6e9a840000, 0x00007f6e9a8f8098, 0x00007f6e9ec80000)
  to   space 69888K,   0% used [0x00007f6e9ec80000, 0x00007f6e9ec80000, 0x00007f6ea30c0000)
 tenured generation   total 1398144K, used 1397727K [0x00007f73cdb50000, 0x00007f74230b0000, 0x00007f7e78600000)
   the space 1398144K,  99% used [0x00007f73cdb50000, 0x00007f7423047dc8, 0x00007f7423047e00, 0x00007f74230b0000)
 Metaspace       used 24331K, capacity 24750K, committed 24832K, reserved 26624K
}
Event: 18555.452 GC heap before
{Heap before GC invocations=32795 (full 1):
 def new generation   total 629248K, used 560096K [0x00007f6e78600000, 0x00007f6ea30c0000, 0x00007f73cdb50000)
  eden space 559360K, 100% used [0x00007f6e78600000, 0x00007f6e9a840000, 0x00007f6e9a840000)
  from space 69888K,   1% used [0x00007f6e9a840000, 0x00007f6e9a8f8098, 0x00007f6e9ec80000)
  to   space 69888K,   0% used [0x00007f6e9ec80000, 0x00007f6e9ec80000, 0x00007f6ea30c0000)
 tenured generation   total 1398144K, used 1397727K [0x00007f73cdb50000, 0x00007f74230b0000, 0x00007f7e78600000)
   the space 1398144K,  99% used [0x00007f73cdb50000, 0x00007f7423047dc8, 0x00007f7423047e00, 0x00007f74230b0000)
 Metaspace       used 24331K, capacity 24750K, committed 24832K, reserved 26624K
}
Event: 18555.456 GC heap after
{Heap after GC invocations=32796 (full 1):
 def new generation   total 629248K, used 719K [0x00007f6e78600000, 0x00007f6ea30c0000, 0x00007f73cdb50000)
  eden space 559360K,   0% used [0x00007f6e78600000, 0x00007f6e78600000, 0x00007f6e9a840000)
  from space 69888K,   1% used [0x00007f6e9ec80000, 0x00007f6e9ed33d00, 0x00007f6ea30c0000)
  to   space 69888K,   0% used [0x00007f6e9a840000, 0x00007f6e9a840000, 0x00007f6e9ec80000)
 tenured generation   total 1398144K, used 1397772K [0x00007f73cdb50000, 0x00007f74230b0000, 0x00007f7e78600000)
   the space 1398144K,  99% used [0x00007f73cdb50000, 0x00007f7423053178, 0x00007f7423053200, 0x00007f74230b0000)
 Metaspace       used 24331K, capacity 24750K, committed 24832K, reserved 26624K
}
Event: 18555.949 GC heap before
{Heap before GC invocations=32796 (full 1):
 def new generation   total 629248K, used 560079K [0x00007f6e78600000, 0x00007f6ea30c0000, 0x00007f73cdb50000)
  eden space 559360K, 100% used [0x00007f6e78600000, 0x00007f6e9a840000, 0x00007f6e9a840000)
  from space 69888K,   1% used [0x00007f6e9ec80000, 0x00007f6e9ed33d00, 0x00007f6ea30c0000)
  to   space 69888K,   0% used [0x00007f6e9a840000, 0x00007f6e9a840000, 0x00007f6e9ec80000)
 tenured generation   total 1398144K, used 1397772K [0x00007f73cdb50000, 0x00007f74230b0000, 0x00007f7e78600000)
   the space 1398144K,  99% used [0x00007f73cdb50000, 0x00007f7423053178, 0x00007f7423053200, 0x00007f74230b0000)
 Metaspace       used 24331K, capacity 24750K, committed 24832K, reserved 26624K
}
Event: 18555.954 GC heap after
{Heap after GC invocations=32797 (full 1):
 def new generation   total 629248K, used 718K [0x00007f6e78600000, 0x00007f6ea30c0000, 0x00007f73cdb50000)
  eden space 559360K,   0% used [0x00007f6e78600000, 0x00007f6e78600000, 0x00007f6e9a840000)
  from space 69888K,   1% used [0x00007f6e9a840000, 0x00007f6e9a8f3950, 0x00007f6e9ec80000)
  to   space 69888K,   0% used [0x00007f6e9ec80000, 0x00007f6e9ec80000, 0x00007f6ea30c0000)
 tenured generation   total 1398144K, used 1397817K [0x00007f73cdb50000, 0x00007f74230b0000, 0x00007f7e78600000)
   the space 1398144K,  99% used [0x00007f73cdb50000, 0x00007f742305e528, 0x00007f742305e600, 0x00007f74230b0000)
 Metaspace       used 24331K, capacity 24750K, committed 24832K, reserved 26624K
}
Event: 18556.477 GC heap before
{Heap before GC invocations=32797 (full 1):
 def new generation   total 629248K, used 560078K [0x00007f6e78600000, 0x00007f6ea30c0000, 0x00007f73cdb50000)
  eden space 559360K, 100% used [0x00007f6e78600000, 0x00007f6e9a840000, 0x00007f6e9a840000)
  from space 69888K,   1% used [0x00007f6e9a840000, 0x00007f6e9a8f3950, 0x00007f6e9ec80000)
  to   space 69888K,   0% used [0x00007f6e9ec80000, 0x00007f6e9ec80000, 0x00007f6ea30c0000)
 tenured generation   total 1398144K, used 1397817K [0x00007f73cdb50000, 0x00007f74230b0000, 0x00007f7e78600000)
   the space 1398144K,  99% used [0x00007f73cdb50000, 0x00007f742305e528, 0x00007f742305e600, 0x00007f74230b0000)
 Metaspace       used 24331K, capacity 24750K, committed 24832K, reserved 26624K
}
Event: 18556.483 GC heap after
{Heap after GC invocations=32798 (full 1):
 def new generation   total 629248K, used 750K [0x00007f6e78600000, 0x00007f6ea30c0000, 0x00007f73cdb50000)
  eden space 559360K,   0% used [0x00007f6e78600000, 0x00007f6e78600000, 0x00007f6e9a840000)
  from space 69888K,   1% used [0x00007f6e9ec80000, 0x00007f6e9ed3b8a0, 0x00007f6ea30c0000)
  to   space 69888K,   0% used [0x00007f6e9a840000, 0x00007f6e9a840000, 0x00007f6e9ec80000)
 tenured generation   total 1398144K, used 1397862K [0x00007f73cdb50000, 0x00007f74230b0000, 0x00007f7e78600000)
   the space 1398144K,  99% used [0x00007f73cdb50000, 0x00007f74230698d8, 0x00007f7423069a00, 0x00007f74230b0000)
 Metaspace       used 24331K, capacity 24750K, committed 24832K, reserved 26624K
}
Event: 18556.988 GC heap before
{Heap before GC invocations=32798 (full 1):
 def new generation   total 629248K, used 560110K [0x00007f6e78600000, 0x00007f6ea30c0000, 0x00007f73cdb50000)
  eden space 559360K, 100% used [0x00007f6e78600000, 0x00007f6e9a840000, 0x00007f6e9a840000)
  from space 69888K,   1% used [0x00007f6e9ec80000, 0x00007f6e9ed3b8a0, 0x00007f6ea30c0000)
  to   space 69888K,   0% used [0x00007f6e9a840000, 0x00007f6e9a840000, 0x00007f6e9ec80000)
 tenured generation   total 1398144K, used 1397862K [0x00007f73cdb50000, 0x00007f74230b0000, 0x00007f7e78600000)
   the space 1398144K,  99% used [0x00007f73cdb50000, 0x00007f74230698d8, 0x00007f7423069a00, 0x00007f74230b0000)
 Metaspace       used 24331K, capacity 24750K, committed 24832K, reserved 26624K
}
Event: 18556.992 GC heap after
{Heap after GC invocations=32799 (full 1):
 def new generation   total 629248K, used 749K [0x00007f6e78600000, 0x00007f6ea30c0000, 0x00007f73cdb50000)
  eden space 559360K,   0% used [0x00007f6e78600000, 0x00007f6e78600000, 0x00007f6e9a840000)
  from space 69888K,   1% used [0x00007f6e9a840000, 0x00007f6e9a8fb5d8, 0x00007f6e9ec80000)
  to   space 69888K,   0% used [0x00007f6e9ec80000, 0x00007f6e9ec80000, 0x00007f6ea30c0000)
 tenured generation   total 1398144K, used 1397907K [0x00007f73cdb50000, 0x00007f74230b0000, 0x00007f7e78600000)
   the space 1398144K,  99% used [0x00007f73cdb50000, 0x00007f7423074c88, 0x00007f7423074e00, 0x00007f74230b0000)
 Metaspace       used 24331K, capacity 24750K, committed 24832K, reserved 26624K
}
Event: 18557.472 GC heap before
{Heap before GC invocations=32799 (full 1):
 def new generation   total 629248K, used 560109K [0x00007f6e78600000, 0x00007f6ea30c0000, 0x00007f73cdb50000)
  eden space 559360K, 100% used [0x00007f6e78600000, 0x00007f6e9a840000, 0x00007f6e9a840000)
  from space 69888K,   1% used [0x00007f6e9a840000, 0x00007f6e9a8fb5d8, 0x00007f6e9ec80000)
  to   space 69888K,   0% used [0x00007f6e9ec80000, 0x00007f6e9ec80000, 0x00007f6ea30c0000)
 tenured generation   total 1398144K, used 1397907K [0x00007f73cdb50000, 0x00007f74230b0000, 0x00007f7e78600000)
   the space 1398144K,  99% used [0x00007f73cdb50000, 0x00007f7423074c88, 0x00007f7423074e00, 0x00007f74230b0000)
 Metaspace       used 24331K, capacity 24750K, committed 24832K, reserved 26624K
}
Event: 18557.476 GC heap after
{Heap after GC invocations=32800 (full 1):
 def new generation   total 629248K, used 750K [0x00007f6e78600000, 0x00007f6ea30c0000, 0x00007f73cdb50000)
  eden space 559360K,   0% used [0x00007f6e78600000, 0x00007f6e78600000, 0x00007f6e9a840000)
  from space 69888K,   1% used [0x00007f6e9ec80000, 0x00007f6e9ed3b9e8, 0x00007f6ea30c0000)
  to   space 69888K,   0% used [0x00007f6e9a840000, 0x00007f6e9a840000, 0x00007f6e9ec80000)
 tenured generation   total 1398144K, used 1397952K [0x00007f73cdb50000, 0x00007f74230b0000, 0x00007f7e78600000)
   the space 1398144K,  99% used [0x00007f73cdb50000, 0x00007f7423080038, 0x00007f7423080200, 0x00007f74230b0000)
 Metaspace       used 24331K, capacity 24750K, committed 24832K, reserved 26624K
}
Event: 18557.970 GC heap before
{Heap before GC invocations=32800 (full 1):
 def new generation   total 629248K, used 560110K [0x00007f6e78600000, 0x00007f6ea30c0000, 0x00007f73cdb50000)
  eden space 559360K, 100% used [0x00007f6e78600000, 0x00007f6e9a840000, 0x00007f6e9a840000)
  from space 69888K,   1% used [0x00007f6e9ec80000, 0x00007f6e9ed3b9e8, 0x00007f6ea30c0000)
  to   space 69888K,   0% used [0x00007f6e9a840000, 0x00007f6e9a840000, 0x00007f6e9ec80000)
 tenured generation   total 1398144K, used 1397952K [0x00007f73cdb50000, 0x00007f74230b0000, 0x00007f7e78600000)
   the space 1398144K,  99% used [0x00007f73cdb50000, 0x00007f7423080038, 0x00007f7423080200, 0x00007f74230b0000)
 Metaspace       used 24331K, capacity 24750K, committed 24832K, reserved 26624K
}
Event: 18557.974 GC heap after
{Heap after GC invocations=32801 (full 1):
 def new generation   total 629248K, used 750K [0x00007f6e78600000, 0x00007f6ea30c0000, 0x00007f73cdb50000)
  eden space 559360K,   0% used [0x00007f6e78600000, 0x00007f6e78600000, 0x00007f6e9a840000)
  from space 69888K,   1% used [0x00007f6e9a840000, 0x00007f6e9a8fba80, 0x00007f6e9ec80000)
  to   space 69888K,   0% used [0x00007f6e9ec80000, 0x00007f6e9ec80000, 0x00007f6ea30c0000)
 tenured generation   total 1398144K, used 1397996K [0x00007f73cdb50000, 0x00007f74230b0000, 0x00007f7e78600000)
   the space 1398144K,  99% used [0x00007f73cdb50000, 0x00007f742308b3e8, 0x00007f742308b400, 0x00007f74230b0000)
 Metaspace       used 24331K, capacity 24750K, committed 24832K, reserved 26624K
}
Event: 18558.473 GC heap before
{Heap before GC invocations=32801 (full 1):
 def new generation   total 629248K, used 560110K [0x00007f6e78600000, 0x00007f6ea30c0000, 0x00007f73cdb50000)
  eden space 559360K, 100% used [0x00007f6e78600000, 0x00007f6e9a840000, 0x00007f6e9a840000)
  from space 69888K,   1% used [0x00007f6e9a840000, 0x00007f6e9a8fba80, 0x00007f6e9ec80000)
  to   space 69888K,   0% used [0x00007f6e9ec80000, 0x00007f6e9ec80000, 0x00007f6ea30c0000)
 tenured generation   total 1398144K, used 1397996K [0x00007f73cdb50000, 0x00007f74230b0000, 0x00007f7e78600000)
   the space 1398144K,  99% used [0x00007f73cdb50000, 0x00007f742308b3e8, 0x00007f742308b400, 0x00007f74230b0000)
 Metaspace       used 24331K, capacity 24750K, committed 24832K, reserved 26624K
}
Event: 18558.477 GC heap after
{Heap after GC invocations=32802 (full 1):
 def new generation   total 629248K, used 757K [0x00007f6e78600000, 0x00007f6ea30c0000, 0x00007f73cdb50000)
  eden space 559360K,   0% used [0x00007f6e78600000, 0x00007f6e78600000, 0x00007f6e9a840000)
  from space 69888K,   1% used [0x00007f6e9ec80000, 0x00007f6e9ed3d578, 0x00007f6ea30c0000)
  to   space 69888K,   0% used [0x00007f6e9a840000, 0x00007f6e9a840000, 0x00007f6e9ec80000)
 tenured generation   total 1398144K, used 1398042K [0x00007f73cdb50000, 0x00007f74230b0000, 0x00007f7e78600000)
   the space 1398144K,  99% used [0x00007f73cdb50000, 0x00007f74230969d8, 0x00007f7423096a00, 0x00007f74230b0000)
 Metaspace       used 24331K, capacity 24750K, committed 24832K, reserved 26624K
}
Event: 18559.010 GC heap before
{Heap before GC invocations=32802 (full 1):
 def new generation   total 629248K, used 560117K [0x00007f6e78600000, 0x00007f6ea30c0000, 0x00007f73cdb50000)
  eden space 559360K, 100% used [0x00007f6e78600000, 0x00007f6e9a840000, 0x00007f6e9a840000)
  from space 69888K,   1% used [0x00007f6e9ec80000, 0x00007f6e9ed3d578, 0x00007f6ea30c0000)
  to   space 69888K,   0% used [0x00007f6e9a840000, 0x00007f6e9a840000, 0x00007f6e9ec80000)
 tenured generation   total 1398144K, used 1398042K [0x00007f73cdb50000, 0x00007f74230b0000, 0x00007f7e78600000)
   the space 1398144K,  99% used [0x00007f73cdb50000, 0x00007f74230969d8, 0x00007f7423096a00, 0x00007f74230b0000)
 Metaspace       used 24331K, capacity 24750K, committed 24832K, reserved 26624K
}
Event: 18559.014 GC heap after
{Heap after GC invocations=32803 (full 1):
 def new generation   total 629248K, used 748K [0x00007f6e78600000, 0x00007f6ea30c0000, 0x00007f73cdb50000)
  eden space 559360K,   0% used [0x00007f6e78600000, 0x00007f6e78600000, 0x00007f6e9a840000)
  from space 69888K,   1% used [0x00007f6e9a840000, 0x00007f6e9a8fb300, 0x00007f6e9ec80000)
  to   space 69888K,   0% used [0x00007f6e9ec80000, 0x00007f6e9ec80000, 0x00007f6ea30c0000)
 tenured generation   total 1398144K, used 1398087K [0x00007f73cdb50000, 0x00007f74230b0000, 0x00007f7e78600000)
   the space 1398144K,  99% used [0x00007f73cdb50000, 0x00007f74230a1d88, 0x00007f74230a1e00, 0x00007f74230b0000)
 Metaspace       used 24331K, capacity 24750K, committed 24832K, reserved 26624K
}
Event: 18559.506 GC heap before
{Heap before GC invocations=32803 (full 1):
 def new generation   total 629248K, used 560108K [0x00007f6e78600000, 0x00007f6ea30c0000, 0x00007f73cdb50000)
  eden space 559360K, 100% used [0x00007f6e78600000, 0x00007f6e9a840000, 0x00007f6e9a840000)
  from space 69888K,   1% used [0x00007f6e9a840000, 0x00007f6e9a8fb300, 0x00007f6e9ec80000)
  to   space 69888K,   0% used [0x00007f6e9ec80000, 0x00007f6e9ec80000, 0x00007f6ea30c0000)
 tenured generation   total 1398144K, used 1398087K [0x00007f73cdb50000, 0x00007f74230b0000, 0x00007f7e78600000)
   the space 1398144K,  99% used [0x00007f73cdb50000, 0x00007f74230a1d88, 0x00007f74230a1e00, 0x00007f74230b0000)
 Metaspace       used 24331K, capacity 24750K, committed 24832K, reserved 26624K
}
Event: 18559.509 GC heap after
{Heap after GC invocations=32804 (full 1):
 def new generation   total 629248K, used 729K [0x00007f6e78600000, 0x00007f6ea30c0000, 0x00007f73cdb50000)
  eden space 559360K,   0% used [0x00007f6e78600000, 0x00007f6e78600000, 0x00007f6e9a840000)
  from space 69888K,   1% used [0x00007f6e9ec80000, 0x00007f6e9ed36430, 0x00007f6ea30c0000)
  to   space 69888K,   0% used [0x00007f6e9a840000, 0x00007f6e9a840000, 0x00007f6e9ec80000)
 tenured generation   total 1398336K, used 1398154K [0x00007f73cdb50000, 0x00007f74230e0000, 0x00007f7e78600000)
   the space 1398336K,  99% used [0x00007f73cdb50000, 0x00007f74230b28d0, 0x00007f74230b2a00, 0x00007f74230e0000)
 Metaspace       used 24331K, capacity 24750K, committed 24832K, reserved 26624K
}
Event: 18559.510 GC heap before
{Heap before GC invocations=32804 (full 1):
 def new generation   total 629248K, used 729K [0x00007f6e78600000, 0x00007f6ea30c0000, 0x00007f73cdb50000)
  eden space 559360K,   0% used [0x00007f6e78600000, 0x00007f6e78600000, 0x00007f6e9a840000)
  from space 69888K,   1% used [0x00007f6e9ec80000, 0x00007f6e9ed36430, 0x00007f6ea30c0000)
  to   space 69888K,   0% used [0x00007f6e9a840000, 0x00007f6e9a840000, 0x00007f6e9ec80000)
 tenured generation   total 1398336K, used 1398154K [0x00007f73cdb50000, 0x00007f74230e0000, 0x00007f7e78600000)
   the space 1398336K,  99% used [0x00007f73cdb50000, 0x00007f74230b28d0, 0x00007f74230b2a00, 0x00007f74230e0000)
 Metaspace       used 24331K, capacity 24750K, committed 24832K, reserved 26624K
}

