# JRE version: OpenJDK Runtime Environment (13.0.7+5) (build 13.0.7+5-Ubuntu-0ubuntu120.04)
# Java VM: OpenJDK 64-Bit Server VM (13.0.7+5-Ubuntu-0ubuntu120.04, mixed mode, tiered, serial gc, linux-amd64)
Heap:
 def new generation   total 15359232K, used 0K [0x00007f3b00600000, 0x00007f3f11fd0000, 0x00007f4055b50000)
  eden space 13652672K,   0% used [0x00007f3b00600000, 0x00007f3b00600000, 0x00007f3e41ab0000)
  from space 1706560K,   0% used [0x00007f3e41ab0000, 0x00007f3e41ab0000, 0x00007f3ea9d40000)
  to   space 1706560K,   0% used [0x00007f3ea9d40000, 0x00007f3ea9d40000, 0x00007f3f11fd0000)
 tenured generation   total 34142808K, used 32943133K [0x00007f4055b50000, 0x00007f48799e6000, 0x00007f4b00600000)
   the space 34142808K,  96% used [0x00007f4055b50000, 0x00007f48306577e0, 0x00007f4830657800, 0x00007f48799e6000)
 Metaspace       used 30336K, capacity 30764K, committed 30976K, reserved 32768K
GC Heap History (20 events):
Event: 3124.414 GC heap after
{Heap after GC invocations=83 (full 7):
 def new generation   total 15359232K, used 988015K [0x00007f3b00600000, 0x00007f3f11fd0000, 0x00007f4055b50000)
  eden space 13652672K,   0% used [0x00007f3b00600000, 0x00007f3b00600000, 0x00007f3e41ab0000)
  from space 1706560K,  57% used [0x00007f3ea9d40000, 0x00007f3ee621bcd0, 0x00007f3f11fd0000)
  to   space 1706560K,   0% used [0x00007f3e41ab0000, 0x00007f3e41ab0000, 0x00007f3ea9d40000)
 tenured generation   total 34131480K, used 24562041K [0x00007f4055b50000, 0x00007f4878ed6000, 0x00007f4b00600000)
   the space 34131480K,  71% used [0x00007f4055b50000, 0x00007f4630dae628, 0x00007f4630dae800, 0x00007f4878ed6000)
 Metaspace       used 30336K, capacity 30764K, committed 30976K, reserved 32768K
}
Event: 3128.552 GC heap before
{Heap before GC invocations=83 (full 7):
 def new generation   total 15359232K, used 14640687K [0x00007f3b00600000, 0x00007f3f11fd0000, 0x00007f4055b50000)
  eden space 13652672K, 100% used [0x00007f3b00600000, 0x00007f3e41ab0000, 0x00007f3e41ab0000)
  from space 1706560K,  57% used [0x00007f3ea9d40000, 0x00007f3ee621bcd0, 0x00007f3f11fd0000)
  to   space 1706560K,   0% used [0x00007f3e41ab0000, 0x00007f3e41ab0000, 0x00007f3ea9d40000)
 tenured generation   total 34131480K, used 24562041K [0x00007f4055b50000, 0x00007f4878ed6000, 0x00007f4b00600000)
   the space 34131480K,  71% used [0x00007f4055b50000, 0x00007f4630dae628, 0x00007f4630dae800, 0x00007f4878ed6000)
 Metaspace       used 30336K, capacity 30764K, committed 30976K, reserved 32768K
}
Event: 3132.269 GC heap after
{Heap after GC invocations=84 (full 7):
 def new generation   total 15359232K, used 1046634K [0x00007f3b00600000, 0x00007f3f11fd0000, 0x00007f4055b50000)
  eden space 13652672K,   0% used [0x00007f3b00600000, 0x00007f3b00600000, 0x00007f3e41ab0000)
  from space 1706560K,  61% used [0x00007f3e41ab0000, 0x00007f3e818cab40, 0x00007f3ea9d40000)
  to   space 1706560K,   0% used [0x00007f3ea9d40000, 0x00007f3ea9d40000, 0x00007f3f11fd0000)
 tenured generation   total 34131480K, used 25550056K [0x00007f4055b50000, 0x00007f4878ed6000, 0x00007f4b00600000)
   the space 34131480K,  74% used [0x00007f4055b50000, 0x00007f466d28a0a8, 0x00007f466d28a200, 0x00007f4878ed6000)
 Metaspace       used 30336K, capacity 30764K, committed 30976K, reserved 32768K
}
Event: 3137.362 GC heap before
{Heap before GC invocations=84 (full 7):
 def new generation   total 15359232K, used 14699306K [0x00007f3b00600000, 0x00007f3f11fd0000, 0x00007f4055b50000)
  eden space 13652672K, 100% used [0x00007f3b00600000, 0x00007f3e41ab0000, 0x00007f3e41ab0000)
  from space 1706560K,  61% used [0x00007f3e41ab0000, 0x00007f3e818cab40, 0x00007f3ea9d40000)
  to   space 1706560K,   0% used [0x00007f3ea9d40000, 0x00007f3ea9d40000, 0x00007f3f11fd0000)
 tenured generation   total 34131480K, used 25550056K [0x00007f4055b50000, 0x00007f4878ed6000, 0x00007f4b00600000)
   the space 34131480K,  74% used [0x00007f4055b50000, 0x00007f466d28a0a8, 0x00007f466d28a200, 0x00007f4878ed6000)
 Metaspace       used 30336K, capacity 30764K, committed 30976K, reserved 32768K
}
Event: 3141.379 GC heap after
{Heap after GC invocations=85 (full 7):
 def new generation   total 15359232K, used 1173797K [0x00007f3b00600000, 0x00007f3f11fd0000, 0x00007f4055b50000)
  eden space 13652672K,   0% used [0x00007f3b00600000, 0x00007f3b00600000, 0x00007f3e41ab0000)
  from space 1706560K,  68% used [0x00007f3ea9d40000, 0x00007f3ef1789700, 0x00007f3f11fd0000)
  to   space 1706560K,   0% used [0x00007f3e41ab0000, 0x00007f3e41ab0000, 0x00007f3ea9d40000)
 tenured generation   total 34131480K, used 26596690K [0x00007f4055b50000, 0x00007f4878ed6000, 0x00007f4b00600000)
   the space 34131480K,  77% used [0x00007f4055b50000, 0x00007f46ad0a4b28, 0x00007f46ad0a4c00, 0x00007f4878ed6000)
 Metaspace       used 30336K, capacity 30764K, committed 30976K, reserved 32768K
}
Event: 3145.553 GC heap before
{Heap before GC invocations=85 (full 7):
 def new generation   total 15359232K, used 14826469K [0x00007f3b00600000, 0x00007f3f11fd0000, 0x00007f4055b50000)
  eden space 13652672K, 100% used [0x00007f3b00600000, 0x00007f3e41ab0000, 0x00007f3e41ab0000)
  from space 1706560K,  68% used [0x00007f3ea9d40000, 0x00007f3ef1789700, 0x00007f3f11fd0000)
  to   space 1706560K,   0% used [0x00007f3e41ab0000, 0x00007f3e41ab0000, 0x00007f3ea9d40000)
 tenured generation   total 34131480K, used 26596690K [0x00007f4055b50000, 0x00007f4878ed6000, 0x00007f4b00600000)
   the space 34131480K,  77% used [0x00007f4055b50000, 0x00007f46ad0a4b28, 0x00007f46ad0a4c00, 0x00007f4878ed6000)
 Metaspace       used 30336K, capacity 30764K, committed 30976K, reserved 32768K
}
Event: 3149.928 GC heap after
{Heap after GC invocations=86 (full 7):
 def new generation   total 15359232K, used 1324936K [0x00007f3b00600000, 0x00007f3f11fd0000, 0x00007f4055b50000)
  eden space 13652672K,   0% used [0x00007f3b00600000, 0x00007f3b00600000, 0x00007f3e41ab0000)
  from space 1706560K,  77% used [0x00007f3e41ab0000, 0x00007f3e92892200, 0x00007f3ea9d40000)
  to   space 1706560K,   0% used [0x00007f3ea9d40000, 0x00007f3ea9d40000, 0x00007f3f11fd0000)
 tenured generation   total 34131480K, used 27770488K [0x00007f4055b50000, 0x00007f4878ed6000, 0x00007f4b00600000)
   the space 34131480K,  81% used [0x00007f4055b50000, 0x00007f46f4aee128, 0x00007f46f4aee200, 0x00007f4878ed6000)
 Metaspace       used 30336K, capacity 30764K, committed 30976K, reserved 32768K
}
Event: 3153.761 GC heap before
{Heap before GC invocations=86 (full 7):
 def new generation   total 15359232K, used 14977608K [0x00007f3b00600000, 0x00007f3f11fd0000, 0x00007f4055b50000)
  eden space 13652672K, 100% used [0x00007f3b00600000, 0x00007f3e41ab0000, 0x00007f3e41ab0000)
  from space 1706560K,  77% used [0x00007f3e41ab0000, 0x00007f3e92892200, 0x00007f3ea9d40000)
  to   space 1706560K,   0% used [0x00007f3ea9d40000, 0x00007f3ea9d40000, 0x00007f3f11fd0000)
 tenured generation   total 34131480K, used 27770488K [0x00007f4055b50000, 0x00007f4878ed6000, 0x00007f4b00600000)
   the space 34131480K,  81% used [0x00007f4055b50000, 0x00007f46f4aee128, 0x00007f46f4aee200, 0x00007f4878ed6000)
 Metaspace       used 30336K, capacity 30764K, committed 30976K, reserved 32768K
}
Event: 3157.301 GC heap after
{Heap after GC invocations=87 (full 7):
 def new generation   total 15359232K, used 1026381K [0x00007f3b00600000, 0x00007f3f11fd0000, 0x00007f4055b50000)
  eden space 13652672K,   0% used [0x00007f3b00600000, 0x00007f3b00600000, 0x00007f3e41ab0000)
  from space 1706560K,  60% used [0x00007f3ea9d40000, 0x00007f3ee8793570, 0x00007f3f11fd0000)
  to   space 1706560K,   0% used [0x00007f3e41ab0000, 0x00007f3e41ab0000, 0x00007f3ea9d40000)
 tenured generation   total 34131480K, used 29095424K [0x00007f4055b50000, 0x00007f4878ed6000, 0x00007f4b00600000)
   the space 34131480K,  85% used [0x00007f4055b50000, 0x00007f47458d0248, 0x00007f47458d0400, 0x00007f4878ed6000)
 Metaspace       used 30336K, capacity 30764K, committed 30976K, reserved 32768K
}
Event: 3161.227 GC heap before
{Heap before GC invocations=87 (full 7):
 def new generation   total 15359232K, used 14679053K [0x00007f3b00600000, 0x00007f3f11fd0000, 0x00007f4055b50000)
  eden space 13652672K, 100% used [0x00007f3b00600000, 0x00007f3e41ab0000, 0x00007f3e41ab0000)
  from space 1706560K,  60% used [0x00007f3ea9d40000, 0x00007f3ee8793570, 0x00007f3f11fd0000)
  to   space 1706560K,   0% used [0x00007f3e41ab0000, 0x00007f3e41ab0000, 0x00007f3ea9d40000)
 tenured generation   total 34131480K, used 29095424K [0x00007f4055b50000, 0x00007f4878ed6000, 0x00007f4b00600000)
   the space 34131480K,  85% used [0x00007f4055b50000, 0x00007f47458d0248, 0x00007f47458d0400, 0x00007f4878ed6000)
 Metaspace       used 30336K, capacity 30764K, committed 30976K, reserved 32768K
}
Event: 3164.543 GC heap after
{Heap after GC invocations=88 (full 7):
 def new generation   total 15359232K, used 1010109K [0x00007f3b00600000, 0x00007f3f11fd0000, 0x00007f4055b50000)
  eden space 13652672K,   0% used [0x00007f3b00600000, 0x00007f3b00600000, 0x00007f3e41ab0000)
  from space 1706560K,  59% used [0x00007f3e41ab0000, 0x00007f3e7f51f7c0, 0x00007f3ea9d40000)
  to   space 1706560K,   0% used [0x00007f3ea9d40000, 0x00007f3ea9d40000, 0x00007f3f11fd0000)
 tenured generation   total 34131480K, used 30121805K [0x00007f4055b50000, 0x00007f4878ed6000, 0x00007f4b00600000)
   the space 34131480K,  88% used [0x00007f4055b50000, 0x00007f4784323428, 0x00007f4784323600, 0x00007f4878ed6000)
 Metaspace       used 30336K, capacity 30764K, committed 30976K, reserved 32768K
}
Event: 3168.498 GC heap before
{Heap before GC invocations=88 (full 7):
 def new generation   total 15359232K, used 14662781K [0x00007f3b00600000, 0x00007f3f11fd0000, 0x00007f4055b50000)
  eden space 13652672K, 100% used [0x00007f3b00600000, 0x00007f3e41ab0000, 0x00007f3e41ab0000)
  from space 1706560K,  59% used [0x00007f3e41ab0000, 0x00007f3e7f51f7c0, 0x00007f3ea9d40000)
  to   space 1706560K,   0% used [0x00007f3ea9d40000, 0x00007f3ea9d40000, 0x00007f3f11fd0000)
 tenured generation   total 34131480K, used 30121805K [0x00007f4055b50000, 0x00007f4878ed6000, 0x00007f4b00600000)
   the space 34131480K,  88% used [0x00007f4055b50000, 0x00007f4784323428, 0x00007f4784323600, 0x00007f4878ed6000)
 Metaspace       used 30336K, capacity 30764K, committed 30976K, reserved 32768K
}
Event: 3171.789 GC heap after
{Heap after GC invocations=89 (full 7):
 def new generation   total 15359232K, used 1013270K [0x00007f3b00600000, 0x00007f3f11fd0000, 0x00007f4055b50000)
  eden space 13652672K,   0% used [0x00007f3b00600000, 0x00007f3b00600000, 0x00007f3e41ab0000)
  from space 1706560K,  59% used [0x00007f3ea9d40000, 0x00007f3ee7ac5870, 0x00007f3f11fd0000)
  to   space 1706560K,   0% used [0x00007f3e41ab0000, 0x00007f3e41ab0000, 0x00007f3ea9d40000)
 tenured generation   total 34131480K, used 31131914K [0x00007f4055b50000, 0x00007f4878ed6000, 0x00007f4b00600000)
   the space 34131480K,  91% used [0x00007f4055b50000, 0x00007f47c1d92a28, 0x00007f47c1d92c00, 0x00007f4878ed6000)
 Metaspace       used 30336K, capacity 30764K, committed 30976K, reserved 32768K
}
Event: 3175.719 GC heap before
{Heap before GC invocations=89 (full 7):
 def new generation   total 15359232K, used 14665942K [0x00007f3b00600000, 0x00007f3f11fd0000, 0x00007f4055b50000)
  eden space 13652672K, 100% used [0x00007f3b00600000, 0x00007f3e41ab0000, 0x00007f3e41ab0000)
  from space 1706560K,  59% used [0x00007f3ea9d40000, 0x00007f3ee7ac5870, 0x00007f3f11fd0000)
  to   space 1706560K,   0% used [0x00007f3e41ab0000, 0x00007f3e41ab0000, 0x00007f3ea9d40000)
 tenured generation   total 34131480K, used 31131914K [0x00007f4055b50000, 0x00007f4878ed6000, 0x00007f4b00600000)
   the space 34131480K,  91% used [0x00007f4055b50000, 0x00007f47c1d92a28, 0x00007f47c1d92c00, 0x00007f4878ed6000)
 Metaspace       used 30336K, capacity 30764K, committed 30976K, reserved 32768K
}
Event: 3178.938 GC heap after
{Heap after GC invocations=90 (full 7):
 def new generation   total 15359232K, used 1004038K [0x00007f3b00600000, 0x00007f3f11fd0000, 0x00007f4055b50000)
  eden space 13652672K,   0% used [0x00007f3b00600000, 0x00007f3b00600000, 0x00007f3e41ab0000)
  from space 1706560K,  58% used [0x00007f3e41ab0000, 0x00007f3e7ef31870, 0x00007f3ea9d40000)
  to   space 1706560K,   0% used [0x00007f3ea9d40000, 0x00007f3ea9d40000, 0x00007f3f11fd0000)
 tenured generation   total 34131480K, used 32145183K [0x00007f4055b50000, 0x00007f4878ed6000, 0x00007f4b00600000)
   the space 34131480K,  94% used [0x00007f4055b50000, 0x00007f47ffb17f98, 0x00007f47ffb18000, 0x00007f4878ed6000)
 Metaspace       used 30336K, capacity 30764K, committed 30976K, reserved 32768K
}
Event: 3182.651 GC heap before
{Heap before GC invocations=90 (full 7):
 def new generation   total 15359232K, used 14656710K [0x00007f3b00600000, 0x00007f3f11fd0000, 0x00007f4055b50000)
  eden space 13652672K, 100% used [0x00007f3b00600000, 0x00007f3e41ab0000, 0x00007f3e41ab0000)
  from space 1706560K,  58% used [0x00007f3e41ab0000, 0x00007f3e7ef31870, 0x00007f3ea9d40000)
  to   space 1706560K,   0% used [0x00007f3ea9d40000, 0x00007f3ea9d40000, 0x00007f3f11fd0000)
 tenured generation   total 34131480K, used 32145183K [0x00007f4055b50000, 0x00007f4878ed6000, 0x00007f4b00600000)
   the space 34131480K,  94% used [0x00007f4055b50000, 0x00007f47ffb17f98, 0x00007f47ffb18000, 0x00007f4878ed6000)
 Metaspace       used 30336K, capacity 30764K, committed 30976K, reserved 32768K
}
Event: 3185.845 GC heap after
{Heap after GC invocations=91 (full 7):
 def new generation   total 15359232K, used 993508K [0x00007f3b00600000, 0x00007f3f11fd0000, 0x00007f4055b50000)
  eden space 13652672K,   0% used [0x00007f3b00600000, 0x00007f3b00600000, 0x00007f3e41ab0000)
  from space 1706560K,  58% used [0x00007f3ea9d40000, 0x00007f3ee6779060, 0x00007f3f11fd0000)
  to   space 1706560K,   0% used [0x00007f3e41ab0000, 0x00007f3e41ab0000, 0x00007f3ea9d40000)
 tenured generation   total 34131480K, used 33149221K [0x00007f4055b50000, 0x00007f4878ed6000, 0x00007f4b00600000)
   the space 34131480K,  97% used [0x00007f4055b50000, 0x00007f483cf994e8, 0x00007f483cf99600, 0x00007f4878ed6000)
 Metaspace       used 30336K, capacity 30764K, committed 30976K, reserved 32768K
}
Event: 3189.445 GC heap before
{Heap before GC invocations=91 (full 7):
 def new generation   total 15359232K, used 14646180K [0x00007f3b00600000, 0x00007f3f11fd0000, 0x00007f4055b50000)
  eden space 13652672K, 100% used [0x00007f3b00600000, 0x00007f3e41ab0000, 0x00007f3e41ab0000)
  from space 1706560K,  58% used [0x00007f3ea9d40000, 0x00007f3ee6779060, 0x00007f3f11fd0000)
  to   space 1706560K,   0% used [0x00007f3e41ab0000, 0x00007f3e41ab0000, 0x00007f3ea9d40000)
 tenured generation   total 34131480K, used 33149221K [0x00007f4055b50000, 0x00007f4878ed6000, 0x00007f4b00600000)
   the space 34131480K,  97% used [0x00007f4055b50000, 0x00007f483cf994e8, 0x00007f483cf99600, 0x00007f4878ed6000)
 Metaspace       used 30336K, capacity 30764K, committed 30976K, reserved 32768K
}
Event: 3192.713 GC heap after
{Heap after GC invocations=92 (full 7):
 def new generation   total 15359232K, used 984152K [0x00007f3b00600000, 0x00007f3f11fd0000, 0x00007f4055b50000)
  eden space 13652672K,   0% used [0x00007f3b00600000, 0x00007f3b00600000, 0x00007f3e41ab0000)
  from space 1706560K,  57% used [0x00007f3e41ab0000, 0x00007f3e7dbc6150, 0x00007f3ea9d40000)
  to   space 1706560K,   0% used [0x00007f3ea9d40000, 0x00007f3ea9d40000, 0x00007f3f11fd0000)
 tenured generation   total 34142808K, used 34142728K [0x00007f4055b50000, 0x00007f48799e6000, 0x00007f4b00600000)
   the space 34142808K,  99% used [0x00007f4055b50000, 0x00007f48799d23a8, 0x00007f48799d2400, 0x00007f48799e6000)
 Metaspace       used 30336K, capacity 30764K, committed 30976K, reserved 32768K
}
Event: 3192.713 GC heap before
{Heap before GC invocations=92 (full 7):
 def new generation   total 15359232K, used 984152K [0x00007f3b00600000, 0x00007f3f11fd0000, 0x00007f4055b50000)
  eden space 13652672K,   0% used [0x00007f3b00600000, 0x00007f3b00600000, 0x00007f3e41ab0000)
  from space 1706560K,  57% used [0x00007f3e41ab0000, 0x00007f3e7dbc6150, 0x00007f3ea9d40000)
  to   space 1706560K,   0% used [0x00007f3ea9d40000, 0x00007f3ea9d40000, 0x00007f3f11fd0000)
 tenured generation   total 34142808K, used 34142728K [0x00007f4055b50000, 0x00007f48799e6000, 0x00007f4b00600000)
   the space 34142808K,  99% used [0x00007f4055b50000, 0x00007f48799d23a8, 0x00007f48799d2400, 0x00007f48799e6000)
 Metaspace       used 30336K, capacity 30764K, committed 30976K, reserved 32768K
}

