# JRE version: OpenJDK Runtime Environment (13.0.7+5) (build 13.0.7+5-Ubuntu-0ubuntu120.04)
# Java VM: OpenJDK 64-Bit Server VM (13.0.7+5-Ubuntu-0ubuntu120.04, mixed mode, tiered, serial gc, linux-amd64)
Heap:
 def new generation   total 2910336K, used 16498K [0x00007fb2dc600000, 0x00007fb3a1be0000, 0x00007fb831b50000)
  eden space 2587008K,   0% used [0x00007fb2dc600000, 0x00007fb2dd61ca60, 0x00007fb37a460000)
  from space 323328K,   0% used [0x00007fb37a460000, 0x00007fb37a460000, 0x00007fb38e020000)
  to   space 323328K,   0% used [0x00007fb38e020000, 0x00007fb38e020000, 0x00007fb3a1be0000)
 tenured generation   total 6468232K, used 6468231K [0x00007fb831b50000, 0x00007fb9bc7f2000, 0x00007fc2dc600000)
   the space 6468232K,  99% used [0x00007fb831b50000, 0x00007fb9bc7f1fb8, 0x00007fb9bc7f2000, 0x00007fb9bc7f2000)
 Metaspace       used 24273K, capacity 24701K, committed 24832K, reserved 26624K
GC Heap History (20 events):
Event: 11963.234 GC heap after
{Heap after GC invocations=13019 (full 4):
 def new generation   total 2910336K, used 18159K [0x00007fb2dc600000, 0x00007fb3a1be0000, 0x00007fb831b50000)
  eden space 2587008K,   0% used [0x00007fb2dc600000, 0x00007fb2dc600000, 0x00007fb37a460000)
  from space 323328K,   5% used [0x00007fb38e020000, 0x00007fb38f1dbf08, 0x00007fb3a1be0000)
  to   space 323328K,   0% used [0x00007fb37a460000, 0x00007fb37a460000, 0x00007fb38e020000)
 tenured generation   total 6467272K, used 6456502K [0x00007fb831b50000, 0x00007fb9bc702000, 0x00007fc2dc600000)
   the space 6467272K,  99% used [0x00007fb831b50000, 0x00007fb9bbc7da00, 0x00007fb9bbc7da00, 0x00007fb9bc702000)
 Metaspace       used 24273K, capacity 24701K, committed 24832K, reserved 26624K
}
Event: 11965.047 GC heap before
{Heap before GC invocations=13019 (full 4):
 def new generation   total 2910336K, used 2605167K [0x00007fb2dc600000, 0x00007fb3a1be0000, 0x00007fb831b50000)
  eden space 2587008K, 100% used [0x00007fb2dc600000, 0x00007fb37a460000, 0x00007fb37a460000)
  from space 323328K,   5% used [0x00007fb38e020000, 0x00007fb38f1dbf08, 0x00007fb3a1be0000)
  to   space 323328K,   0% used [0x00007fb37a460000, 0x00007fb37a460000, 0x00007fb38e020000)
 tenured generation   total 6467272K, used 6456502K [0x00007fb831b50000, 0x00007fb9bc702000, 0x00007fc2dc600000)
   the space 6467272K,  99% used [0x00007fb831b50000, 0x00007fb9bbc7da00, 0x00007fb9bbc7da00, 0x00007fb9bc702000)
 Metaspace       used 24273K, capacity 24701K, committed 24832K, reserved 26624K
}
Event: 11965.079 GC heap after
{Heap after GC invocations=13020 (full 4):
 def new generation   total 2910336K, used 17748K [0x00007fb2dc600000, 0x00007fb3a1be0000, 0x00007fb831b50000)
  eden space 2587008K,   0% used [0x00007fb2dc600000, 0x00007fb2dc600000, 0x00007fb37a460000)
  from space 323328K,   5% used [0x00007fb37a460000, 0x00007fb37b5b5048, 0x00007fb38e020000)
  to   space 323328K,   0% used [0x00007fb38e020000, 0x00007fb38e020000, 0x00007fb3a1be0000)
 tenured generation   total 6467272K, used 6457809K [0x00007fb831b50000, 0x00007fb9bc702000, 0x00007fc2dc600000)
   the space 6467272K,  99% used [0x00007fb831b50000, 0x00007fb9bbdc4410, 0x00007fb9bbdc4600, 0x00007fb9bc702000)
 Metaspace       used 24273K, capacity 24701K, committed 24832K, reserved 26624K
}
Event: 11966.960 GC heap before
{Heap before GC invocations=13020 (full 4):
 def new generation   total 2910336K, used 2604756K [0x00007fb2dc600000, 0x00007fb3a1be0000, 0x00007fb831b50000)
  eden space 2587008K, 100% used [0x00007fb2dc600000, 0x00007fb37a460000, 0x00007fb37a460000)
  from space 323328K,   5% used [0x00007fb37a460000, 0x00007fb37b5b5048, 0x00007fb38e020000)
  to   space 323328K,   0% used [0x00007fb38e020000, 0x00007fb38e020000, 0x00007fb3a1be0000)
 tenured generation   total 6467272K, used 6457809K [0x00007fb831b50000, 0x00007fb9bc702000, 0x00007fc2dc600000)
   the space 6467272K,  99% used [0x00007fb831b50000, 0x00007fb9bbdc4410, 0x00007fb9bbdc4600, 0x00007fb9bc702000)
 Metaspace       used 24273K, capacity 24701K, committed 24832K, reserved 26624K
}
Event: 11966.997 GC heap after
{Heap after GC invocations=13021 (full 4):
 def new generation   total 2910336K, used 17369K [0x00007fb2dc600000, 0x00007fb3a1be0000, 0x00007fb831b50000)
  eden space 2587008K,   0% used [0x00007fb2dc600000, 0x00007fb2dc600000, 0x00007fb37a460000)
  from space 323328K,   5% used [0x00007fb38e020000, 0x00007fb38f116568, 0x00007fb3a1be0000)
  to   space 323328K,   0% used [0x00007fb37a460000, 0x00007fb37a460000, 0x00007fb38e020000)
 tenured generation   total 6467272K, used 6459172K [0x00007fb831b50000, 0x00007fb9bc702000, 0x00007fc2dc600000)
   the space 6467272K,  99% used [0x00007fb831b50000, 0x00007fb9bbf191c0, 0x00007fb9bbf19200, 0x00007fb9bc702000)
 Metaspace       used 24273K, capacity 24701K, committed 24832K, reserved 26624K
}
Event: 11968.753 GC heap before
{Heap before GC invocations=13021 (full 4):
 def new generation   total 2910336K, used 2604377K [0x00007fb2dc600000, 0x00007fb3a1be0000, 0x00007fb831b50000)
  eden space 2587008K, 100% used [0x00007fb2dc600000, 0x00007fb37a460000, 0x00007fb37a460000)
  from space 323328K,   5% used [0x00007fb38e020000, 0x00007fb38f116568, 0x00007fb3a1be0000)
  to   space 323328K,   0% used [0x00007fb37a460000, 0x00007fb37a460000, 0x00007fb38e020000)
 tenured generation   total 6467272K, used 6459172K [0x00007fb831b50000, 0x00007fb9bc702000, 0x00007fc2dc600000)
   the space 6467272K,  99% used [0x00007fb831b50000, 0x00007fb9bbf191c0, 0x00007fb9bbf19200, 0x00007fb9bc702000)
 Metaspace       used 24273K, capacity 24701K, committed 24832K, reserved 26624K
}
Event: 11968.785 GC heap after
{Heap after GC invocations=13022 (full 4):
 def new generation   total 2910336K, used 17472K [0x00007fb2dc600000, 0x00007fb3a1be0000, 0x00007fb831b50000)
  eden space 2587008K,   0% used [0x00007fb2dc600000, 0x00007fb2dc600000, 0x00007fb37a460000)
  from space 323328K,   5% used [0x00007fb37a460000, 0x00007fb37b570018, 0x00007fb38e020000)
  to   space 323328K,   0% used [0x00007fb38e020000, 0x00007fb38e020000, 0x00007fb3a1be0000)
 tenured generation   total 6467272K, used 6460516K [0x00007fb831b50000, 0x00007fb9bc702000, 0x00007fc2dc600000)
   the space 6467272K,  99% used [0x00007fb831b50000, 0x00007fb9bc0693c0, 0x00007fb9bc069400, 0x00007fb9bc702000)
 Metaspace       used 24273K, capacity 24701K, committed 24832K, reserved 26624K
}
Event: 11970.557 GC heap before
{Heap before GC invocations=13022 (full 4):
 def new generation   total 2910336K, used 2604480K [0x00007fb2dc600000, 0x00007fb3a1be0000, 0x00007fb831b50000)
  eden space 2587008K, 100% used [0x00007fb2dc600000, 0x00007fb37a460000, 0x00007fb37a460000)
  from space 323328K,   5% used [0x00007fb37a460000, 0x00007fb37b570018, 0x00007fb38e020000)
  to   space 323328K,   0% used [0x00007fb38e020000, 0x00007fb38e020000, 0x00007fb3a1be0000)
 tenured generation   total 6467272K, used 6460516K [0x00007fb831b50000, 0x00007fb9bc702000, 0x00007fc2dc600000)
   the space 6467272K,  99% used [0x00007fb831b50000, 0x00007fb9bc0693c0, 0x00007fb9bc069400, 0x00007fb9bc702000)
 Metaspace       used 24273K, capacity 24701K, committed 24832K, reserved 26624K
}
Event: 11970.601 GC heap after
{Heap after GC invocations=13023 (full 4):
 def new generation   total 2910336K, used 18386K [0x00007fb2dc600000, 0x00007fb3a1be0000, 0x00007fb831b50000)
  eden space 2587008K,   0% used [0x00007fb2dc600000, 0x00007fb2dc600000, 0x00007fb37a460000)
  from space 323328K,   5% used [0x00007fb38e020000, 0x00007fb38f214890, 0x00007fb3a1be0000)
  to   space 323328K,   0% used [0x00007fb37a460000, 0x00007fb37a460000, 0x00007fb38e020000)
 tenured generation   total 6467272K, used 6462300K [0x00007fb831b50000, 0x00007fb9bc702000, 0x00007fc2dc600000)
   the space 6467272K,  99% used [0x00007fb831b50000, 0x00007fb9bc227340, 0x00007fb9bc227400, 0x00007fb9bc702000)
 Metaspace       used 24273K, capacity 24701K, committed 24832K, reserved 26624K
}
Event: 11972.383 GC heap before
{Heap before GC invocations=13023 (full 4):
 def new generation   total 2910336K, used 2605394K [0x00007fb2dc600000, 0x00007fb3a1be0000, 0x00007fb831b50000)
  eden space 2587008K, 100% used [0x00007fb2dc600000, 0x00007fb37a460000, 0x00007fb37a460000)
  from space 323328K,   5% used [0x00007fb38e020000, 0x00007fb38f214890, 0x00007fb3a1be0000)
  to   space 323328K,   0% used [0x00007fb37a460000, 0x00007fb37a460000, 0x00007fb38e020000)
 tenured generation   total 6467272K, used 6462300K [0x00007fb831b50000, 0x00007fb9bc702000, 0x00007fc2dc600000)
   the space 6467272K,  99% used [0x00007fb831b50000, 0x00007fb9bc227340, 0x00007fb9bc227400, 0x00007fb9bc702000)
 Metaspace       used 24273K, capacity 24701K, committed 24832K, reserved 26624K
}
Event: 11972.419 GC heap after
{Heap after GC invocations=13024 (full 4):
 def new generation   total 2910336K, used 16961K [0x00007fb2dc600000, 0x00007fb3a1be0000, 0x00007fb831b50000)
  eden space 2587008K,   0% used [0x00007fb2dc600000, 0x00007fb2dc600000, 0x00007fb37a460000)
  from space 323328K,   5% used [0x00007fb37a460000, 0x00007fb37b4f0678, 0x00007fb38e020000)
  to   space 323328K,   0% used [0x00007fb38e020000, 0x00007fb38e020000, 0x00007fb3a1be0000)
 tenured generation   total 6467272K, used 6464590K [0x00007fb831b50000, 0x00007fb9bc702000, 0x00007fc2dc600000)
   the space 6467272K,  99% used [0x00007fb831b50000, 0x00007fb9bc4639b0, 0x00007fb9bc463a00, 0x00007fb9bc702000)
 Metaspace       used 24273K, capacity 24701K, committed 24832K, reserved 26624K
}
Event: 11974.043 GC heap before
{Heap before GC invocations=13024 (full 4):
 def new generation   total 2910336K, used 2603969K [0x00007fb2dc600000, 0x00007fb3a1be0000, 0x00007fb831b50000)
  eden space 2587008K, 100% used [0x00007fb2dc600000, 0x00007fb37a460000, 0x00007fb37a460000)
  from space 323328K,   5% used [0x00007fb37a460000, 0x00007fb37b4f0678, 0x00007fb38e020000)
  to   space 323328K,   0% used [0x00007fb38e020000, 0x00007fb38e020000, 0x00007fb3a1be0000)
 tenured generation   total 6467272K, used 6464590K [0x00007fb831b50000, 0x00007fb9bc702000, 0x00007fc2dc600000)
   the space 6467272K,  99% used [0x00007fb831b50000, 0x00007fb9bc4639b0, 0x00007fb9bc463a00, 0x00007fb9bc702000)
 Metaspace       used 24273K, capacity 24701K, committed 24832K, reserved 26624K
}
Event: 11974.077 GC heap after
{Heap after GC invocations=13025 (full 4):
 def new generation   total 2910336K, used 17090K [0x00007fb2dc600000, 0x00007fb3a1be0000, 0x00007fb831b50000)
  eden space 2587008K,   0% used [0x00007fb2dc600000, 0x00007fb2dc600000, 0x00007fb37a460000)
  from space 323328K,   5% used [0x00007fb38e020000, 0x00007fb38f0d09f0, 0x00007fb3a1be0000)
  to   space 323328K,   0% used [0x00007fb37a460000, 0x00007fb37a460000, 0x00007fb38e020000)
 tenured generation   total 6467272K, used 6465159K [0x00007fb831b50000, 0x00007fb9bc702000, 0x00007fc2dc600000)
   the space 6467272K,  99% used [0x00007fb831b50000, 0x00007fb9bc4f1e30, 0x00007fb9bc4f2000, 0x00007fb9bc702000)
 Metaspace       used 24273K, capacity 24701K, committed 24832K, reserved 26624K
}
Event: 11975.789 GC heap before
{Heap before GC invocations=13025 (full 4):
 def new generation   total 2910336K, used 2604098K [0x00007fb2dc600000, 0x00007fb3a1be0000, 0x00007fb831b50000)
  eden space 2587008K, 100% used [0x00007fb2dc600000, 0x00007fb37a460000, 0x00007fb37a460000)
  from space 323328K,   5% used [0x00007fb38e020000, 0x00007fb38f0d09f0, 0x00007fb3a1be0000)
  to   space 323328K,   0% used [0x00007fb37a460000, 0x00007fb37a460000, 0x00007fb38e020000)
 tenured generation   total 6467272K, used 6465159K [0x00007fb831b50000, 0x00007fb9bc702000, 0x00007fc2dc600000)
   the space 6467272K,  99% used [0x00007fb831b50000, 0x00007fb9bc4f1e30, 0x00007fb9bc4f2000, 0x00007fb9bc702000)
 Metaspace       used 24273K, capacity 24701K, committed 24832K, reserved 26624K
}
Event: 11975.818 GC heap after
{Heap after GC invocations=13026 (full 4):
 def new generation   total 2910336K, used 17154K [0x00007fb2dc600000, 0x00007fb3a1be0000, 0x00007fb831b50000)
  eden space 2587008K,   0% used [0x00007fb2dc600000, 0x00007fb2dc600000, 0x00007fb37a460000)
  from space 323328K,   5% used [0x00007fb37a460000, 0x00007fb37b520a70, 0x00007fb38e020000)
  to   space 323328K,   0% used [0x00007fb38e020000, 0x00007fb38e020000, 0x00007fb3a1be0000)
 tenured generation   total 6467272K, used 6465785K [0x00007fb831b50000, 0x00007fb9bc702000, 0x00007fc2dc600000)
   the space 6467272K,  99% used [0x00007fb831b50000, 0x00007fb9bc58e650, 0x00007fb9bc58e800, 0x00007fb9bc702000)
 Metaspace       used 24273K, capacity 24701K, committed 24832K, reserved 26624K
}
Event: 11977.579 GC heap before
{Heap before GC invocations=13026 (full 4):
 def new generation   total 2910336K, used 2604162K [0x00007fb2dc600000, 0x00007fb3a1be0000, 0x00007fb831b50000)
  eden space 2587008K, 100% used [0x00007fb2dc600000, 0x00007fb37a460000, 0x00007fb37a460000)
  from space 323328K,   5% used [0x00007fb37a460000, 0x00007fb37b520a70, 0x00007fb38e020000)
  to   space 323328K,   0% used [0x00007fb38e020000, 0x00007fb38e020000, 0x00007fb3a1be0000)
 tenured generation   total 6467272K, used 6465785K [0x00007fb831b50000, 0x00007fb9bc702000, 0x00007fc2dc600000)
   the space 6467272K,  99% used [0x00007fb831b50000, 0x00007fb9bc58e650, 0x00007fb9bc58e800, 0x00007fb9bc702000)
 Metaspace       used 24273K, capacity 24701K, committed 24832K, reserved 26624K
}
Event: 11977.613 GC heap after
{Heap after GC invocations=13027 (full 4):
 def new generation   total 2910336K, used 17042K [0x00007fb2dc600000, 0x00007fb3a1be0000, 0x00007fb831b50000)
  eden space 2587008K,   0% used [0x00007fb2dc600000, 0x00007fb2dc600000, 0x00007fb37a460000)
  from space 323328K,   5% used [0x00007fb38e020000, 0x00007fb38f0c4a90, 0x00007fb3a1be0000)
  to   space 323328K,   0% used [0x00007fb37a460000, 0x00007fb37a460000, 0x00007fb38e020000)
 tenured generation   total 6467272K, used 6466751K [0x00007fb831b50000, 0x00007fb9bc702000, 0x00007fc2dc600000)
   the space 6467272K,  99% used [0x00007fb831b50000, 0x00007fb9bc67fe00, 0x00007fb9bc67fe00, 0x00007fb9bc702000)
 Metaspace       used 24273K, capacity 24701K, committed 24832K, reserved 26624K
}
Event: 11979.322 GC heap before
{Heap before GC invocations=13027 (full 4):
 def new generation   total 2910336K, used 2604050K [0x00007fb2dc600000, 0x00007fb3a1be0000, 0x00007fb831b50000)
  eden space 2587008K, 100% used [0x00007fb2dc600000, 0x00007fb37a460000, 0x00007fb37a460000)
  from space 323328K,   5% used [0x00007fb38e020000, 0x00007fb38f0c4a90, 0x00007fb3a1be0000)
  to   space 323328K,   0% used [0x00007fb37a460000, 0x00007fb37a460000, 0x00007fb38e020000)
 tenured generation   total 6467272K, used 6466751K [0x00007fb831b50000, 0x00007fb9bc702000, 0x00007fc2dc600000)
   the space 6467272K,  99% used [0x00007fb831b50000, 0x00007fb9bc67fe00, 0x00007fb9bc67fe00, 0x00007fb9bc702000)
 Metaspace       used 24273K, capacity 24701K, committed 24832K, reserved 26624K
}
Event: 11979.352 GC heap after
{Heap after GC invocations=13028 (full 4):
 def new generation   total 2910336K, used 16615K [0x00007fb2dc600000, 0x00007fb3a1be0000, 0x00007fb831b50000)
  eden space 2587008K,   0% used [0x00007fb2dc600000, 0x00007fb2dc600000, 0x00007fb37a460000)
  from space 323328K,   5% used [0x00007fb37a460000, 0x00007fb37b499e68, 0x00007fb38e020000)
  to   space 323328K,   0% used [0x00007fb38e020000, 0x00007fb38e020000, 0x00007fb3a1be0000)
 tenured generation   total 6468232K, used 6468114K [0x00007fb831b50000, 0x00007fb9bc7f2000, 0x00007fc2dc600000)
   the space 6468232K,  99% used [0x00007fb831b50000, 0x00007fb9bc7d4bb0, 0x00007fb9bc7d4c00, 0x00007fb9bc7f2000)
 Metaspace       used 24273K, capacity 24701K, committed 24832K, reserved 26624K
}
Event: 11979.352 GC heap before
{Heap before GC invocations=13028 (full 4):
 def new generation   total 2910336K, used 16615K [0x00007fb2dc600000, 0x00007fb3a1be0000, 0x00007fb831b50000)
  eden space 2587008K,   0% used [0x00007fb2dc600000, 0x00007fb2dc600000, 0x00007fb37a460000)
  from space 323328K,   5% used [0x00007fb37a460000, 0x00007fb37b499e68, 0x00007fb38e020000)
  to   space 323328K,   0% used [0x00007fb38e020000, 0x00007fb38e020000, 0x00007fb3a1be0000)
 tenured generation   total 6468232K, used 6468114K [0x00007fb831b50000, 0x00007fb9bc7f2000, 0x00007fc2dc600000)
   the space 6468232K,  99% used [0x00007fb831b50000, 0x00007fb9bc7d4bb0, 0x00007fb9bc7d4c00, 0x00007fb9bc7f2000)
 Metaspace       used 24273K, capacity 24701K, committed 24832K, reserved 26624K
}

