# JRE version: OpenJDK Runtime Environment (13.0.7+5) (build 13.0.7+5-Ubuntu-0ubuntu120.04)
# Java VM: OpenJDK 64-Bit Server VM (13.0.7+5-Ubuntu-0ubuntu120.04, mixed mode, tiered, serial gc, linux-amd64)
Heap:
 def new generation   total 15217024K, used 1690751K [0x00007f8994600000, 0x00007f8d9c580000, 0x00007f8ee9b50000)
  eden space 13526272K,  12% used [0x00007f8994600000, 0x00007f89fb91fe20, 0x00007f8ccdf40000)
  from space 1690752K,   0% used [0x00007f8d35260000, 0x00007f8d35260000, 0x00007f8d9c580000)
  to   space 1690752K,   0% used [0x00007f8ccdf40000, 0x00007f8ccdf40000, 0x00007f8d35260000)
 tenured generation   total 44739264K, used 41872566K [0x00007f8ee9b50000, 0x00007f9994600000, 0x00007f9994600000)
   the space 44739264K,  93% used [0x00007f8ee9b50000, 0x00007f98e567d940, 0x00007f98e567da00, 0x00007f9994600000)
 Metaspace       used 31069K, capacity 31465K, committed 31744K, reserved 32768K
GC Heap History (20 events):
Event: 33428.280 GC heap after
{Heap after GC invocations=2353 (full 4):
 def new generation   total 4873280K, used 192761K [0x00007f8994600000, 0x00007f8adedd0000, 0x00007f8ee9b50000)
  eden space 4331840K,   4% used [0x00007f8994600000, 0x00007f89a023e678, 0x00007f8a9cc50000)
  from space 541440K,   0% used [0x00007f8a9cc50000, 0x00007f8a9cc50000, 0x00007f8abdd10000)
  to   space 541440K,   0% used [0x00007f8abdd10000, 0x00007f8abdd10000, 0x00007f8adedd0000)
 tenured generation   total 10829360K, used 6497615K [0x00007f8ee9b50000, 0x00007f917eadc000, 0x00007f9994600000)
   the space 10829360K,  59% used [0x00007f8ee9b50000, 0x00007f90764a3e40, 0x00007f90764a4000, 0x00007f917eadc000)
 Metaspace       used 31069K, capacity 31465K, committed 31744K, reserved 32768K
}
Event: 33431.301 GC heap before
{Heap before GC invocations=2353 (full 4):
 def new generation   total 4873280K, used 4331840K [0x00007f8994600000, 0x00007f8adedd0000, 0x00007f8ee9b50000)
  eden space 4331840K, 100% used [0x00007f8994600000, 0x00007f8a9cc50000, 0x00007f8a9cc50000)
  from space 541440K,   0% used [0x00007f8a9cc50000, 0x00007f8a9cc50000, 0x00007f8abdd10000)
  to   space 541440K,   0% used [0x00007f8abdd10000, 0x00007f8abdd10000, 0x00007f8adedd0000)
 tenured generation   total 10829360K, used 6497615K [0x00007f8ee9b50000, 0x00007f917eadc000, 0x00007f9994600000)
   the space 10829360K,  59% used [0x00007f8ee9b50000, 0x00007f90764a3e40, 0x00007f90764a4000, 0x00007f917eadc000)
 Metaspace       used 31069K, capacity 31465K, committed 31744K, reserved 32768K
}
Event: 33439.401 GC heap after
{Heap after GC invocations=2354 (full 4):
 def new generation   total 4873280K, used 541439K [0x00007f8994600000, 0x00007f8adedd0000, 0x00007f8ee9b50000)
  eden space 4331840K,   0% used [0x00007f8994600000, 0x00007f8994600000, 0x00007f8a9cc50000)
  from space 541440K,  99% used [0x00007f8abdd10000, 0x00007f8adedcfe40, 0x00007f8adedd0000)
  to   space 541440K,   0% used [0x00007f8a9cc50000, 0x00007f8a9cc50000, 0x00007f8abdd10000)
 tenured generation   total 10829360K, used 10287983K [0x00007f8ee9b50000, 0x00007f917eadc000, 0x00007f9994600000)
   the space 10829360K,  95% used [0x00007f8ee9b50000, 0x00007f915da2bc08, 0x00007f915da2be00, 0x00007f917eadc000)
 Metaspace       used 31069K, capacity 31465K, committed 31744K, reserved 32768K
}
Event: 33445.456 GC heap before
{Heap before GC invocations=2354 (full 4):
 def new generation   total 4873280K, used 4873279K [0x00007f8994600000, 0x00007f8adedd0000, 0x00007f8ee9b50000)
  eden space 4331840K, 100% used [0x00007f8994600000, 0x00007f8a9cc50000, 0x00007f8a9cc50000)
  from space 541440K,  99% used [0x00007f8abdd10000, 0x00007f8adedcfe40, 0x00007f8adedd0000)
  to   space 541440K,   0% used [0x00007f8a9cc50000, 0x00007f8a9cc50000, 0x00007f8abdd10000)
 tenured generation   total 10829360K, used 10287983K [0x00007f8ee9b50000, 0x00007f917eadc000, 0x00007f9994600000)
   the space 10829360K,  95% used [0x00007f8ee9b50000, 0x00007f915da2bc08, 0x00007f915da2be00, 0x00007f917eadc000)
 Metaspace       used 31069K, capacity 31465K, committed 31744K, reserved 32768K
}
Event: 33448.474 GC heap after
{Heap after GC invocations=2355 (full 4):
 def new generation   total 4873280K, used 541439K [0x00007f8994600000, 0x00007f8adedd0000, 0x00007f8ee9b50000)
  eden space 4331840K,   0% used [0x00007f8994600000, 0x00007f8994600000, 0x00007f8a9cc50000)
  from space 541440K,  99% used [0x00007f8a9cc50000, 0x00007f8abdd0ffa0, 0x00007f8abdd10000)
  to   space 541440K,   0% used [0x00007f8abdd10000, 0x00007f8abdd10000, 0x00007f8adedd0000)
 tenured generation   total 11772464K, used 11772341K [0x00007f8ee9b50000, 0x00007f91b83dc000, 0x00007f9994600000)
   the space 11772464K,  99% used [0x00007f8ee9b50000, 0x00007f91b83bd540, 0x00007f91b83bd600, 0x00007f91b83dc000)
 Metaspace       used 31069K, capacity 31465K, committed 31744K, reserved 32768K
}
Event: 33448.474 GC heap before
{Heap before GC invocations=2355 (full 4):
 def new generation   total 4873280K, used 541439K [0x00007f8994600000, 0x00007f8adedd0000, 0x00007f8ee9b50000)
  eden space 4331840K,   0% used [0x00007f8994600000, 0x00007f8994600000, 0x00007f8a9cc50000)
  from space 541440K,  99% used [0x00007f8a9cc50000, 0x00007f8abdd0ffa0, 0x00007f8abdd10000)
  to   space 541440K,   0% used [0x00007f8abdd10000, 0x00007f8abdd10000, 0x00007f8adedd0000)
 tenured generation   total 11772464K, used 11772341K [0x00007f8ee9b50000, 0x00007f91b83dc000, 0x00007f9994600000)
   the space 11772464K,  99% used [0x00007f8ee9b50000, 0x00007f91b83bd540, 0x00007f91b83bd600, 0x00007f91b83dc000)
 Metaspace       used 31069K, capacity 31465K, committed 31744K, reserved 32768K
}
Event: 33454.656 GC heap after
{Heap after GC invocations=2355 (full 5):
 def new generation   total 8829440K, used 541317K [0x00007f8994600000, 0x00007f8beb280000, 0x00007f8ee9b50000)
  eden space 7848448K,   6% used [0x00007f8994600000, 0x00007f89b56a1510, 0x00007f8b73680000)
  from space 980992K,   0% used [0x00007f8b73680000, 0x00007f8b73680000, 0x00007f8baf480000)
  to   space 980992K,   0% used [0x00007f8baf480000, 0x00007f8baf480000, 0x00007f8beb280000)
 tenured generation   total 19620776K, used 11772463K [0x00007f8ee9b50000, 0x00007f939743a000, 0x00007f9994600000)
   the space 19620776K,  59% used [0x00007f8ee9b50000, 0x00007f91b83dbfd0, 0x00007f91b83dc000, 0x00007f939743a000)
 Metaspace       used 31069K, capacity 31465K, committed 31744K, reserved 32768K
}
Event: 33465.328 GC heap before
{Heap before GC invocations=2355 (full 5):
 def new generation   total 8829440K, used 7848448K [0x00007f8994600000, 0x00007f8beb280000, 0x00007f8ee9b50000)
  eden space 7848448K, 100% used [0x00007f8994600000, 0x00007f8b73680000, 0x00007f8b73680000)
  from space 980992K,   0% used [0x00007f8b73680000, 0x00007f8b73680000, 0x00007f8baf480000)
  to   space 980992K,   0% used [0x00007f8baf480000, 0x00007f8baf480000, 0x00007f8beb280000)
 tenured generation   total 19620776K, used 11772463K [0x00007f8ee9b50000, 0x00007f939743a000, 0x00007f9994600000)
   the space 19620776K,  59% used [0x00007f8ee9b50000, 0x00007f91b83dbfd0, 0x00007f91b83dc000, 0x00007f939743a000)
 Metaspace       used 31069K, capacity 31465K, committed 31744K, reserved 32768K
}
Event: 33474.118 GC heap after
{Heap after GC invocations=2356 (full 5):
 def new generation   total 8829440K, used 980991K [0x00007f8994600000, 0x00007f8beb280000, 0x00007f8ee9b50000)
  eden space 7848448K,   0% used [0x00007f8994600000, 0x00007f8994600000, 0x00007f8b73680000)
  from space 980992K,  99% used [0x00007f8baf480000, 0x00007f8beb27fef8, 0x00007f8beb280000)
  to   space 980992K,   0% used [0x00007f8b73680000, 0x00007f8b73680000, 0x00007f8baf480000)
 tenured generation   total 19620776K, used 14111461K [0x00007f8ee9b50000, 0x00007f939743a000, 0x00007f9994600000)
   the space 19620776K,  71% used [0x00007f8ee9b50000, 0x00007f92470094b0, 0x00007f9247009600, 0x00007f939743a000)
 Metaspace       used 31069K, capacity 31465K, committed 31744K, reserved 32768K
}
Event: 33481.514 GC heap before
{Heap before GC invocations=2356 (full 5):
 def new generation   total 8829440K, used 8829439K [0x00007f8994600000, 0x00007f8beb280000, 0x00007f8ee9b50000)
  eden space 7848448K, 100% used [0x00007f8994600000, 0x00007f8b73680000, 0x00007f8b73680000)
  from space 980992K,  99% used [0x00007f8baf480000, 0x00007f8beb27fef8, 0x00007f8beb280000)
  to   space 980992K,   0% used [0x00007f8b73680000, 0x00007f8b73680000, 0x00007f8baf480000)
 tenured generation   total 19620776K, used 14111461K [0x00007f8ee9b50000, 0x00007f939743a000, 0x00007f9994600000)
   the space 19620776K,  71% used [0x00007f8ee9b50000, 0x00007f92470094b0, 0x00007f9247009600, 0x00007f939743a000)
 Metaspace       used 31069K, capacity 31465K, committed 31744K, reserved 32768K
}
Event: 33494.994 GC heap after
{Heap after GC invocations=2357 (full 5):
 def new generation   total 8829440K, used 980991K [0x00007f8994600000, 0x00007f8beb280000, 0x00007f8ee9b50000)
  eden space 7848448K,   0% used [0x00007f8994600000, 0x00007f8994600000, 0x00007f8b73680000)
  from space 980992K,  99% used [0x00007f8b73680000, 0x00007f8baf47fe10, 0x00007f8baf480000)
  to   space 980992K,   0% used [0x00007f8baf480000, 0x00007f8baf480000, 0x00007f8beb280000)
 tenured generation   total 20289320K, used 20289205K [0x00007f8ee9b50000, 0x00007f93c011a000, 0x00007f9994600000)
   the space 20289320K,  99% used [0x00007f8ee9b50000, 0x00007f93c00fd760, 0x00007f93c00fd800, 0x00007f93c011a000)
 Metaspace       used 31069K, capacity 31465K, committed 31744K, reserved 32768K
}
Event: 33494.994 GC heap before
{Heap before GC invocations=2357 (full 5):
 def new generation   total 8829440K, used 980991K [0x00007f8994600000, 0x00007f8beb280000, 0x00007f8ee9b50000)
  eden space 7848448K,   0% used [0x00007f8994600000, 0x00007f8994600000, 0x00007f8b73680000)
  from space 980992K,  99% used [0x00007f8b73680000, 0x00007f8baf47fe10, 0x00007f8baf480000)
  to   space 980992K,   0% used [0x00007f8baf480000, 0x00007f8baf480000, 0x00007f8beb280000)
 tenured generation   total 20289320K, used 20289205K [0x00007f8ee9b50000, 0x00007f93c011a000, 0x00007f9994600000)
   the space 20289320K,  99% used [0x00007f8ee9b50000, 0x00007f93c00fd760, 0x00007f93c00fd800, 0x00007f93c011a000)
 Metaspace       used 31069K, capacity 31465K, committed 31744K, reserved 32768K
}
Event: 33508.915 GC heap after
{Heap after GC invocations=2357 (full 6):
 def new generation   total 15217024K, used 980877K [0x00007f8994600000, 0x00007f8d9c580000, 0x00007f8ee9b50000)
  eden space 13526272K,   7% used [0x00007f8994600000, 0x00007f89d03e3588, 0x00007f8ccdf40000)
  from space 1690752K,   0% used [0x00007f8ccdf40000, 0x00007f8ccdf40000, 0x00007f8d35260000)
  to   space 1690752K,   0% used [0x00007f8d35260000, 0x00007f8d35260000, 0x00007f8d9c580000)
 tenured generation   total 33815536K, used 20289319K [0x00007f8ee9b50000, 0x00007f96f9a4c000, 0x00007f9994600000)
   the space 33815536K,  59% used [0x00007f8ee9b50000, 0x00007f93c0119fe8, 0x00007f93c011a000, 0x00007f96f9a4c000)
 Metaspace       used 31069K, capacity 31465K, committed 31744K, reserved 32768K
}
Event: 33530.715 GC heap before
{Heap before GC invocations=2357 (full 6):
 def new generation   total 15217024K, used 13526272K [0x00007f8994600000, 0x00007f8d9c580000, 0x00007f8ee9b50000)
  eden space 13526272K, 100% used [0x00007f8994600000, 0x00007f8ccdf40000, 0x00007f8ccdf40000)
  from space 1690752K,   0% used [0x00007f8ccdf40000, 0x00007f8ccdf40000, 0x00007f8d35260000)
  to   space 1690752K,   0% used [0x00007f8d35260000, 0x00007f8d35260000, 0x00007f8d9c580000)
 tenured generation   total 33815536K, used 20289319K [0x00007f8ee9b50000, 0x00007f96f9a4c000, 0x00007f9994600000)
   the space 33815536K,  59% used [0x00007f8ee9b50000, 0x00007f93c0119fe8, 0x00007f93c011a000, 0x00007f96f9a4c000)
 Metaspace       used 31069K, capacity 31465K, committed 31744K, reserved 32768K
}
Event: 33543.458 GC heap after
{Heap after GC invocations=2358 (full 6):
 def new generation   total 15217024K, used 1690751K [0x00007f8994600000, 0x00007f8d9c580000, 0x00007f8ee9b50000)
  eden space 13526272K,   0% used [0x00007f8994600000, 0x00007f8994600000, 0x00007f8ccdf40000)
  from space 1690752K,  99% used [0x00007f8d35260000, 0x00007f8d9c57ffa0, 0x00007f8d9c580000)
  to   space 1690752K,   0% used [0x00007f8ccdf40000, 0x00007f8ccdf40000, 0x00007f8d35260000)
 tenured generation   total 33815536K, used 24035893K [0x00007f8ee9b50000, 0x00007f96f9a4c000, 0x00007f9994600000)
   the space 33815536K,  71% used [0x00007f8ee9b50000, 0x00007f94a4bdd600, 0x00007f94a4bdd600, 0x00007f96f9a4c000)
 Metaspace       used 31069K, capacity 31465K, committed 31744K, reserved 32768K
}
Event: 33558.550 GC heap before
{Heap before GC invocations=2358 (full 6):
 def new generation   total 15217024K, used 15217023K [0x00007f8994600000, 0x00007f8d9c580000, 0x00007f8ee9b50000)
  eden space 13526272K, 100% used [0x00007f8994600000, 0x00007f8ccdf40000, 0x00007f8ccdf40000)
  from space 1690752K,  99% used [0x00007f8d35260000, 0x00007f8d9c57ffa0, 0x00007f8d9c580000)
  to   space 1690752K,   0% used [0x00007f8ccdf40000, 0x00007f8ccdf40000, 0x00007f8d35260000)
 tenured generation   total 33815536K, used 24035893K [0x00007f8ee9b50000, 0x00007f96f9a4c000, 0x00007f9994600000)
   the space 33815536K,  71% used [0x00007f8ee9b50000, 0x00007f94a4bdd600, 0x00007f94a4bdd600, 0x00007f96f9a4c000)
 Metaspace       used 31069K, capacity 31465K, committed 31744K, reserved 32768K
}
Event: 33577.012 GC heap after
{Heap after GC invocations=2359 (full 6):
 def new generation   total 15217024K, used 1690751K [0x00007f8994600000, 0x00007f8d9c580000, 0x00007f8ee9b50000)
  eden space 13526272K,   0% used [0x00007f8994600000, 0x00007f8994600000, 0x00007f8ccdf40000)
  from space 1690752K,  99% used [0x00007f8ccdf40000, 0x00007f8d3525ff08, 0x00007f8d35260000)
  to   space 1690752K,   0% used [0x00007f8d35260000, 0x00007f8d35260000, 0x00007f8d9c580000)
 tenured generation   total 33815536K, used 32948790K [0x00007f8ee9b50000, 0x00007f96f9a4c000, 0x00007f9994600000)
   the space 33815536K,  97% used [0x00007f8ee9b50000, 0x00007f96c4bdd810, 0x00007f96c4bdda00, 0x00007f96f9a4c000)
 Metaspace       used 31069K, capacity 31465K, committed 31744K, reserved 32768K
}
Event: 33592.806 GC heap before
{Heap before GC invocations=2359 (full 6):
 def new generation   total 15217024K, used 15217023K [0x00007f8994600000, 0x00007f8d9c580000, 0x00007f8ee9b50000)
  eden space 13526272K, 100% used [0x00007f8994600000, 0x00007f8ccdf40000, 0x00007f8ccdf40000)
  from space 1690752K,  99% used [0x00007f8ccdf40000, 0x00007f8d3525ff08, 0x00007f8d35260000)
  to   space 1690752K,   0% used [0x00007f8d35260000, 0x00007f8d35260000, 0x00007f8d9c580000)
 tenured generation   total 33815536K, used 32948790K [0x00007f8ee9b50000, 0x00007f96f9a4c000, 0x00007f9994600000)
   the space 33815536K,  97% used [0x00007f8ee9b50000, 0x00007f96c4bdd810, 0x00007f96c4bdda00, 0x00007f96f9a4c000)
 Metaspace       used 31069K, capacity 31465K, committed 31744K, reserved 32768K
}
Event: 33611.442 GC heap after
{Heap after GC invocations=2360 (full 6):
 def new generation   total 15217024K, used 1690751K [0x00007f8994600000, 0x00007f8d9c580000, 0x00007f8ee9b50000)
  eden space 13526272K,   0% used [0x00007f8994600000, 0x00007f8994600000, 0x00007f8ccdf40000)
  from space 1690752K,  99% used [0x00007f8d35260000, 0x00007f8d9c57fe88, 0x00007f8d9c580000)
  to   space 1690752K,   0% used [0x00007f8ccdf40000, 0x00007f8ccdf40000, 0x00007f8d35260000)
 tenured generation   total 41872624K, used 41872566K [0x00007f8ee9b50000, 0x00007f98e568c000, 0x00007f9994600000)
   the space 41872624K,  99% used [0x00007f8ee9b50000, 0x00007f98e567d8d8, 0x00007f98e567da00, 0x00007f98e568c000)
 Metaspace       used 31069K, capacity 31465K, committed 31744K, reserved 32768K
}
Event: 33611.442 GC heap before
{Heap before GC invocations=2360 (full 6):
 def new generation   total 15217024K, used 1690751K [0x00007f8994600000, 0x00007f8d9c580000, 0x00007f8ee9b50000)
  eden space 13526272K,   0% used [0x00007f8994600000, 0x00007f8994600000, 0x00007f8ccdf40000)
  from space 1690752K,  99% used [0x00007f8d35260000, 0x00007f8d9c57fe88, 0x00007f8d9c580000)
  to   space 1690752K,   0% used [0x00007f8ccdf40000, 0x00007f8ccdf40000, 0x00007f8d35260000)
 tenured generation   total 41872624K, used 41872566K [0x00007f8ee9b50000, 0x00007f98e568c000, 0x00007f9994600000)
   the space 41872624K,  99% used [0x00007f8ee9b50000, 0x00007f98e567d8d8, 0x00007f98e567da00, 0x00007f98e568c000)
 Metaspace       used 31069K, capacity 31465K, committed 31744K, reserved 32768K
}

