# JRE version: OpenJDK Runtime Environment (13.0.7+5) (build 13.0.7+5-Ubuntu-0ubuntu120.04)
# Java VM: OpenJDK 64-Bit Server VM (13.0.7+5-Ubuntu-0ubuntu120.04, mixed mode, tiered, serial gc, linux-amd64)
Heap:
 def new generation   total 2818688K, used 136665K [0x00007f4f88600000, 0x00007f5047870000, 0x00007f5a330a0000)
  eden space 2505536K,   5% used [0x00007f4f88600000, 0x00007f4f90b765b8, 0x00007f50214d0000)
  from space 313152K,   0% used [0x00007f50214d0000, 0x00007f50214d0000, 0x00007f50346a0000)
  to   space 313152K,   0% used [0x00007f50346a0000, 0x00007f50346a0000, 0x00007f5047870000)
 tenured generation   total 6296360K, used 6289086K [0x00007f5a330a0000, 0x00007f5bb356a000, 0x00007f6f88600000)
   the space 6296360K,  99% used [0x00007f5a330a0000, 0x00007f5bb2e4fb78, 0x00007f5bb2e4fc00, 0x00007f5bb356a000)
 Metaspace       used 24273K, capacity 24647K, committed 24832K, reserved 26624K
GC Heap History (20 events):
Event: 1735.473 GC heap after
{Heap after GC invocations=1455 (full 6):
 def new generation   total 2818688K, used 164431K [0x00007f4f88600000, 0x00007f5047870000, 0x00007f5a330a0000)
  eden space 2505536K,   0% used [0x00007f4f88600000, 0x00007f4f88600000, 0x00007f50214d0000)
  from space 313152K,  52% used [0x00007f50346a0000, 0x00007f503e733d18, 0x00007f5047870000)
  to   space 313152K,   0% used [0x00007f50214d0000, 0x00007f50214d0000, 0x00007f50346a0000)
 tenured generation   total 6263584K, used 6148761K [0x00007f5a330a0000, 0x00007f5bb1568000, 0x00007f6f88600000)
   the space 6263584K,  98% used [0x00007f5a330a0000, 0x00007f5baa546470, 0x00007f5baa546600, 0x00007f5bb1568000)
 Metaspace       used 24273K, capacity 24647K, committed 24832K, reserved 26624K
}
Event: 1737.935 GC heap before
{Heap before GC invocations=1455 (full 6):
 def new generation   total 2818688K, used 2653671K [0x00007f4f88600000, 0x00007f5047870000, 0x00007f5a330a0000)
  eden space 2505536K,  99% used [0x00007f4f88600000, 0x00007f50204e6190, 0x00007f50214d0000)
  from space 313152K,  52% used [0x00007f50346a0000, 0x00007f503e733d18, 0x00007f5047870000)
  to   space 313152K,   0% used [0x00007f50214d0000, 0x00007f50214d0000, 0x00007f50346a0000)
 tenured generation   total 6263584K, used 6148761K [0x00007f5a330a0000, 0x00007f5bb1568000, 0x00007f6f88600000)
   the space 6263584K,  98% used [0x00007f5a330a0000, 0x00007f5baa546470, 0x00007f5baa546600, 0x00007f5bb1568000)
 Metaspace       used 24273K, capacity 24647K, committed 24832K, reserved 26624K
}
Event: 1738.046 GC heap after
{Heap after GC invocations=1456 (full 6):
 def new generation   total 2818688K, used 157256K [0x00007f4f88600000, 0x00007f5047870000, 0x00007f5a330a0000)
  eden space 2505536K,   0% used [0x00007f4f88600000, 0x00007f4f88600000, 0x00007f50214d0000)
  from space 313152K,  50% used [0x00007f50214d0000, 0x00007f502ae62198, 0x00007f50346a0000)
  to   space 313152K,   0% used [0x00007f50346a0000, 0x00007f50346a0000, 0x00007f5047870000)
 tenured generation   total 6263584K, used 6165719K [0x00007f5a330a0000, 0x00007f5bb1568000, 0x00007f6f88600000)
   the space 6263584K,  98% used [0x00007f5a330a0000, 0x00007f5bab5d5ec8, 0x00007f5bab5d6000, 0x00007f5bb1568000)
 Metaspace       used 24273K, capacity 24647K, committed 24832K, reserved 26624K
}
Event: 1740.842 GC heap before
{Heap before GC invocations=1456 (full 6):
 def new generation   total 2818688K, used 2662792K [0x00007f4f88600000, 0x00007f5047870000, 0x00007f5a330a0000)
  eden space 2505536K, 100% used [0x00007f4f88600000, 0x00007f50214d0000, 0x00007f50214d0000)
  from space 313152K,  50% used [0x00007f50214d0000, 0x00007f502ae62198, 0x00007f50346a0000)
  to   space 313152K,   0% used [0x00007f50346a0000, 0x00007f50346a0000, 0x00007f5047870000)
 tenured generation   total 6263584K, used 6165719K [0x00007f5a330a0000, 0x00007f5bb1568000, 0x00007f6f88600000)
   the space 6263584K,  98% used [0x00007f5a330a0000, 0x00007f5bab5d5ec8, 0x00007f5bab5d6000, 0x00007f5bb1568000)
 Metaspace       used 24273K, capacity 24647K, committed 24832K, reserved 26624K
}
Event: 1740.985 GC heap after
{Heap after GC invocations=1457 (full 6):
 def new generation   total 2818688K, used 152620K [0x00007f4f88600000, 0x00007f5047870000, 0x00007f5a330a0000)
  eden space 2505536K,   0% used [0x00007f4f88600000, 0x00007f4f88600000, 0x00007f50214d0000)
  from space 313152K,  48% used [0x00007f50346a0000, 0x00007f503dbab230, 0x00007f5047870000)
  to   space 313152K,   0% used [0x00007f50214d0000, 0x00007f50214d0000, 0x00007f50346a0000)
 tenured generation   total 6263584K, used 6182678K [0x00007f5a330a0000, 0x00007f5bb1568000, 0x00007f6f88600000)
   the space 6263584K,  98% used [0x00007f5a330a0000, 0x00007f5bac665920, 0x00007f5bac665a00, 0x00007f5bb1568000)
 Metaspace       used 24273K, capacity 24647K, committed 24832K, reserved 26624K
}
Event: 1743.930 GC heap before
{Heap before GC invocations=1457 (full 6):
 def new generation   total 2818688K, used 2655094K [0x00007f4f88600000, 0x00007f5047870000, 0x00007f5a330a0000)
  eden space 2505536K,  99% used [0x00007f4f88600000, 0x00007f50211d2988, 0x00007f50214d0000)
  from space 313152K,  48% used [0x00007f50346a0000, 0x00007f503dbab230, 0x00007f5047870000)
  to   space 313152K,   0% used [0x00007f50214d0000, 0x00007f50214d0000, 0x00007f50346a0000)
 tenured generation   total 6263584K, used 6182678K [0x00007f5a330a0000, 0x00007f5bb1568000, 0x00007f6f88600000)
   the space 6263584K,  98% used [0x00007f5a330a0000, 0x00007f5bac665920, 0x00007f5bac665a00, 0x00007f5bb1568000)
 Metaspace       used 24273K, capacity 24647K, committed 24832K, reserved 26624K
}
Event: 1744.063 GC heap after
{Heap after GC invocations=1458 (full 6):
 def new generation   total 2818688K, used 185491K [0x00007f4f88600000, 0x00007f5047870000, 0x00007f5a330a0000)
  eden space 2505536K,   0% used [0x00007f4f88600000, 0x00007f4f88600000, 0x00007f50214d0000)
  from space 313152K,  59% used [0x00007f50214d0000, 0x00007f502c9f4c90, 0x00007f50346a0000)
  to   space 313152K,   0% used [0x00007f50346a0000, 0x00007f50346a0000, 0x00007f5047870000)
 tenured generation   total 6263584K, used 6182678K [0x00007f5a330a0000, 0x00007f5bb1568000, 0x00007f6f88600000)
   the space 6263584K,  98% used [0x00007f5a330a0000, 0x00007f5bac665920, 0x00007f5bac665a00, 0x00007f5bb1568000)
 Metaspace       used 24273K, capacity 24647K, committed 24832K, reserved 26624K
}
Event: 1746.652 GC heap before
{Heap before GC invocations=1458 (full 6):
 def new generation   total 2818688K, used 2691027K [0x00007f4f88600000, 0x00007f5047870000, 0x00007f5a330a0000)
  eden space 2505536K, 100% used [0x00007f4f88600000, 0x00007f50214d0000, 0x00007f50214d0000)
  from space 313152K,  59% used [0x00007f50214d0000, 0x00007f502c9f4c90, 0x00007f50346a0000)
  to   space 313152K,   0% used [0x00007f50346a0000, 0x00007f50346a0000, 0x00007f5047870000)
 tenured generation   total 6263584K, used 6182678K [0x00007f5a330a0000, 0x00007f5bb1568000, 0x00007f6f88600000)
   the space 6263584K,  98% used [0x00007f5a330a0000, 0x00007f5bac665920, 0x00007f5bac665a00, 0x00007f5bb1568000)
 Metaspace       used 24273K, capacity 24647K, committed 24832K, reserved 26624K
}
Event: 1746.850 GC heap after
{Heap after GC invocations=1459 (full 6):
 def new generation   total 2818688K, used 163404K [0x00007f4f88600000, 0x00007f5047870000, 0x00007f5a330a0000)
  eden space 2505536K,   0% used [0x00007f4f88600000, 0x00007f4f88600000, 0x00007f50214d0000)
  from space 313152K,  52% used [0x00007f50346a0000, 0x00007f503e6331b8, 0x00007f5047870000)
  to   space 313152K,   0% used [0x00007f50214d0000, 0x00007f50214d0000, 0x00007f50346a0000)
 tenured generation   total 6263584K, used 6216595K [0x00007f5a330a0000, 0x00007f5bb1568000, 0x00007f6f88600000)
   the space 6263584K,  99% used [0x00007f5a330a0000, 0x00007f5bae784dd0, 0x00007f5bae784e00, 0x00007f5bb1568000)
 Metaspace       used 24273K, capacity 24647K, committed 24832K, reserved 26624K
}
Event: 1749.586 GC heap before
{Heap before GC invocations=1459 (full 6):
 def new generation   total 2818688K, used 2668940K [0x00007f4f88600000, 0x00007f5047870000, 0x00007f5a330a0000)
  eden space 2505536K, 100% used [0x00007f4f88600000, 0x00007f50214d0000, 0x00007f50214d0000)
  from space 313152K,  52% used [0x00007f50346a0000, 0x00007f503e6331b8, 0x00007f5047870000)
  to   space 313152K,   0% used [0x00007f50214d0000, 0x00007f50214d0000, 0x00007f50346a0000)
 tenured generation   total 6263584K, used 6216595K [0x00007f5a330a0000, 0x00007f5bb1568000, 0x00007f6f88600000)
   the space 6263584K,  99% used [0x00007f5a330a0000, 0x00007f5bae784dd0, 0x00007f5bae784e00, 0x00007f5bb1568000)
 Metaspace       used 24273K, capacity 24647K, committed 24832K, reserved 26624K
}
Event: 1749.746 GC heap after
{Heap after GC invocations=1460 (full 6):
 def new generation   total 2818688K, used 140809K [0x00007f4f88600000, 0x00007f5047870000, 0x00007f5a330a0000)
  eden space 2505536K,   0% used [0x00007f4f88600000, 0x00007f4f88600000, 0x00007f50214d0000)
  from space 313152K,  44% used [0x00007f50214d0000, 0x00007f5029e52530, 0x00007f50346a0000)
  to   space 313152K,   0% used [0x00007f50346a0000, 0x00007f50346a0000, 0x00007f5047870000)
 tenured generation   total 6263584K, used 6233554K [0x00007f5a330a0000, 0x00007f5bb1568000, 0x00007f6f88600000)
   the space 6263584K,  99% used [0x00007f5a330a0000, 0x00007f5baf814828, 0x00007f5baf814a00, 0x00007f5bb1568000)
 Metaspace       used 24273K, capacity 24647K, committed 24832K, reserved 26624K
}
Event: 1752.372 GC heap before
{Heap before GC invocations=1460 (full 6):
 def new generation   total 2818688K, used 2646345K [0x00007f4f88600000, 0x00007f5047870000, 0x00007f5a330a0000)
  eden space 2505536K, 100% used [0x00007f4f88600000, 0x00007f50214d0000, 0x00007f50214d0000)
  from space 313152K,  44% used [0x00007f50214d0000, 0x00007f5029e52530, 0x00007f50346a0000)
  to   space 313152K,   0% used [0x00007f50346a0000, 0x00007f50346a0000, 0x00007f5047870000)
 tenured generation   total 6263584K, used 6233554K [0x00007f5a330a0000, 0x00007f5bb1568000, 0x00007f6f88600000)
   the space 6263584K,  99% used [0x00007f5a330a0000, 0x00007f5baf814828, 0x00007f5baf814a00, 0x00007f5bb1568000)
 Metaspace       used 24273K, capacity 24647K, committed 24832K, reserved 26624K
}
Event: 1752.480 GC heap after
{Heap after GC invocations=1461 (full 6):
 def new generation   total 2818688K, used 152613K [0x00007f4f88600000, 0x00007f5047870000, 0x00007f5a330a0000)
  eden space 2505536K,   0% used [0x00007f4f88600000, 0x00007f4f88600000, 0x00007f50214d0000)
  from space 313152K,  48% used [0x00007f50346a0000, 0x00007f503dba97b0, 0x00007f5047870000)
  to   space 313152K,   0% used [0x00007f50214d0000, 0x00007f50214d0000, 0x00007f50346a0000)
 tenured generation   total 6263584K, used 6233554K [0x00007f5a330a0000, 0x00007f5bb1568000, 0x00007f6f88600000)
   the space 6263584K,  99% used [0x00007f5a330a0000, 0x00007f5baf814828, 0x00007f5baf814a00, 0x00007f5bb1568000)
 Metaspace       used 24273K, capacity 24647K, committed 24832K, reserved 26624K
}
Event: 1755.467 GC heap before
{Heap before GC invocations=1461 (full 6):
 def new generation   total 2818688K, used 2658149K [0x00007f4f88600000, 0x00007f5047870000, 0x00007f5a330a0000)
  eden space 2505536K, 100% used [0x00007f4f88600000, 0x00007f50214d0000, 0x00007f50214d0000)
  from space 313152K,  48% used [0x00007f50346a0000, 0x00007f503dba97b0, 0x00007f5047870000)
  to   space 313152K,   0% used [0x00007f50214d0000, 0x00007f50214d0000, 0x00007f50346a0000)
 tenured generation   total 6263584K, used 6233554K [0x00007f5a330a0000, 0x00007f5bb1568000, 0x00007f6f88600000)
   the space 6263584K,  99% used [0x00007f5a330a0000, 0x00007f5baf814828, 0x00007f5baf814a00, 0x00007f5bb1568000)
 Metaspace       used 24273K, capacity 24647K, committed 24832K, reserved 26624K
}
Event: 1755.580 GC heap after
{Heap after GC invocations=1462 (full 6):
 def new generation   total 2818688K, used 169056K [0x00007f4f88600000, 0x00007f5047870000, 0x00007f5a330a0000)
  eden space 2505536K,   0% used [0x00007f4f88600000, 0x00007f4f88600000, 0x00007f50214d0000)
  from space 313152K,  53% used [0x00007f50214d0000, 0x00007f502b9e8140, 0x00007f50346a0000)
  to   space 313152K,   0% used [0x00007f50346a0000, 0x00007f50346a0000, 0x00007f5047870000)
 tenured generation   total 6263584K, used 6233554K [0x00007f5a330a0000, 0x00007f5bb1568000, 0x00007f6f88600000)
   the space 6263584K,  99% used [0x00007f5a330a0000, 0x00007f5baf814828, 0x00007f5baf814a00, 0x00007f5bb1568000)
 Metaspace       used 24273K, capacity 24647K, committed 24832K, reserved 26624K
}
Event: 1758.425 GC heap before
{Heap before GC invocations=1462 (full 6):
 def new generation   total 2818688K, used 2674592K [0x00007f4f88600000, 0x00007f5047870000, 0x00007f5a330a0000)
  eden space 2505536K, 100% used [0x00007f4f88600000, 0x00007f50214d0000, 0x00007f50214d0000)
  from space 313152K,  53% used [0x00007f50214d0000, 0x00007f502b9e8140, 0x00007f50346a0000)
  to   space 313152K,   0% used [0x00007f50346a0000, 0x00007f50346a0000, 0x00007f5047870000)
 tenured generation   total 6263584K, used 6233554K [0x00007f5a330a0000, 0x00007f5bb1568000, 0x00007f6f88600000)
   the space 6263584K,  99% used [0x00007f5a330a0000, 0x00007f5baf814828, 0x00007f5baf814a00, 0x00007f5bb1568000)
 Metaspace       used 24273K, capacity 24647K, committed 24832K, reserved 26624K
}
Event: 1758.562 GC heap after
{Heap after GC invocations=1463 (full 6):
 def new generation   total 2818688K, used 180875K [0x00007f4f88600000, 0x00007f5047870000, 0x00007f5a330a0000)
  eden space 2505536K,   0% used [0x00007f4f88600000, 0x00007f4f88600000, 0x00007f50214d0000)
  from space 313152K,  57% used [0x00007f50346a0000, 0x00007f503f742d70, 0x00007f5047870000)
  to   space 313152K,   0% used [0x00007f50214d0000, 0x00007f50214d0000, 0x00007f50346a0000)
 tenured generation   total 6263584K, used 6250512K [0x00007f5a330a0000, 0x00007f5bb1568000, 0x00007f6f88600000)
   the space 6263584K,  99% used [0x00007f5a330a0000, 0x00007f5bb08a4280, 0x00007f5bb08a4400, 0x00007f5bb1568000)
 Metaspace       used 24273K, capacity 24647K, committed 24832K, reserved 26624K
}
Event: 1761.153 GC heap before
{Heap before GC invocations=1463 (full 6):
 def new generation   total 2818688K, used 2686411K [0x00007f4f88600000, 0x00007f5047870000, 0x00007f5a330a0000)
  eden space 2505536K, 100% used [0x00007f4f88600000, 0x00007f50214d0000, 0x00007f50214d0000)
  from space 313152K,  57% used [0x00007f50346a0000, 0x00007f503f742d70, 0x00007f5047870000)
  to   space 313152K,   0% used [0x00007f50214d0000, 0x00007f50214d0000, 0x00007f50346a0000)
 tenured generation   total 6263584K, used 6250512K [0x00007f5a330a0000, 0x00007f5bb1568000, 0x00007f6f88600000)
   the space 6263584K,  99% used [0x00007f5a330a0000, 0x00007f5bb08a4280, 0x00007f5bb08a4400, 0x00007f5bb1568000)
 Metaspace       used 24273K, capacity 24647K, committed 24832K, reserved 26624K
}
Event: 1761.305 GC heap after
{Heap after GC invocations=1464 (full 6):
 def new generation   total 2818688K, used 141322K [0x00007f4f88600000, 0x00007f5047870000, 0x00007f5a330a0000)
  eden space 2505536K,   0% used [0x00007f4f88600000, 0x00007f4f88600000, 0x00007f50214d0000)
  from space 313152K,  45% used [0x00007f50214d0000, 0x00007f5029ed2a00, 0x00007f50346a0000)
  to   space 313152K,   0% used [0x00007f50346a0000, 0x00007f50346a0000, 0x00007f5047870000)
 tenured generation   total 6296360K, used 6284429K [0x00007f5a330a0000, 0x00007f5bb356a000, 0x00007f6f88600000)
   the space 6296360K,  99% used [0x00007f5a330a0000, 0x00007f5bb29c3730, 0x00007f5bb29c3800, 0x00007f5bb356a000)
 Metaspace       used 24273K, capacity 24647K, committed 24832K, reserved 26624K
}
Event: 1761.305 GC heap before
{Heap before GC invocations=1464 (full 6):
 def new generation   total 2818688K, used 141322K [0x00007f4f88600000, 0x00007f5047870000, 0x00007f5a330a0000)
  eden space 2505536K,   0% used [0x00007f4f88600000, 0x00007f4f88600000, 0x00007f50214d0000)
  from space 313152K,  45% used [0x00007f50214d0000, 0x00007f5029ed2a00, 0x00007f50346a0000)
  to   space 313152K,   0% used [0x00007f50346a0000, 0x00007f50346a0000, 0x00007f5047870000)
 tenured generation   total 6296360K, used 6284429K [0x00007f5a330a0000, 0x00007f5bb356a000, 0x00007f6f88600000)
   the space 6296360K,  99% used [0x00007f5a330a0000, 0x00007f5bb29c3730, 0x00007f5bb29c3800, 0x00007f5bb356a000)
 Metaspace       used 24273K, capacity 24647K, committed 24832K, reserved 26624K
}

