# JRE version: OpenJDK Runtime Environment (13.0.7+5) (build 13.0.7+5-Ubuntu-0ubuntu120.04)
# Java VM: OpenJDK 64-Bit Server VM (13.0.7+5-Ubuntu-0ubuntu120.04, mixed mode, tiered, serial gc, linux-amd64)
Heap:
 def new generation   total 6499008K, used 4309196K [0x00007f00d8600000, 0x00007f02911e0000, 0x00007f062db50000)
  eden space 5776896K,  74% used [0x00007f00d8600000, 0x00007f01df632df0, 0x00007f0238f80000)
  from space 722112K,   0% used [0x00007f02650b0000, 0x00007f02650b0320, 0x00007f02911e0000)
  to   space 722112K,   0% used [0x00007f0238f80000, 0x00007f0238f80388, 0x00007f02650b0000)
 tenured generation   total 14442128K, used 13118053K [0x00007f062db50000, 0x00007f099f2f4000, 0x00007f10d8600000)
   the space 14442128K,  90% used [0x00007f062db50000, 0x00007f094e5e95a8, 0x00007f094e5e9600, 0x00007f099f2f4000)
 Metaspace       used 23288K, capacity 23693K, committed 23808K, reserved 24576K
GC Heap History (20 events):
Event: 95.354 GC heap after
{Heap after GC invocations=15 (full 8):
 def new generation   total 6499008K, used 697248K [0x00007f00d8600000, 0x00007f02911e0000, 0x00007f062db50000)
  eden space 5776896K,   0% used [0x00007f00d8600000, 0x00007f00d8600000, 0x00007f0238f80000)
  from space 722112K,  96% used [0x00007f02650b0000, 0x00007f028f998008, 0x00007f02911e0000)
  to   space 722112K,   0% used [0x00007f0238f80000, 0x00007f0238f80000, 0x00007f02650b0000)
 tenured generation   total 14442128K, used 8660383K [0x00007f062db50000, 0x00007f099f2f4000, 0x00007f10d8600000)
   the space 14442128K,  59% used [0x00007f062db50000, 0x00007f083e4b7f10, 0x00007f083e4b8000, 0x00007f099f2f4000)
 Metaspace       used 23273K, capacity 23629K, committed 23808K, reserved 24576K
}
Event: 95.741 GC heap before
{Heap before GC invocations=15 (full 8):
 def new generation   total 6499008K, used 1531735K [0x00007f00d8600000, 0x00007f02911e0000, 0x00007f062db50000)
  eden space 5776896K,  14% used [0x00007f00d8600000, 0x00007f010b4edfd0, 0x00007f0238f80000)
  from space 722112K,  96% used [0x00007f02650b0000, 0x00007f028f998008, 0x00007f02911e0000)
  to   space 722112K,   0% used [0x00007f0238f80000, 0x00007f0238f80000, 0x00007f02650b0000)
 tenured generation   total 14442128K, used 8660383K [0x00007f062db50000, 0x00007f099f2f4000, 0x00007f10d8600000)
   the space 14442128K,  59% used [0x00007f062db50000, 0x00007f083e4b7f10, 0x00007f083e4b8000, 0x00007f099f2f4000)
 Metaspace       used 23278K, capacity 23693K, committed 23808K, reserved 24576K
}
Event: 96.128 GC heap after
{Heap after GC invocations=16 (full 8):
 def new generation   total 6499008K, used 262942K [0x00007f00d8600000, 0x00007f02911e0000, 0x00007f062db50000)
  eden space 5776896K,   0% used [0x00007f00d8600000, 0x00007f00d8600000, 0x00007f0238f80000)
  from space 722112K,  36% used [0x00007f0238f80000, 0x00007f0249047a68, 0x00007f02650b0000)
  to   space 722112K,   0% used [0x00007f02650b0000, 0x00007f02650b0000, 0x00007f02911e0000)
 tenured generation   total 14442128K, used 9357628K [0x00007f062db50000, 0x00007f099f2f4000, 0x00007f10d8600000)
   the space 14442128K,  64% used [0x00007f062db50000, 0x00007f0868d9f310, 0x00007f0868d9f400, 0x00007f099f2f4000)
 Metaspace       used 23278K, capacity 23693K, committed 23808K, reserved 24576K
}
Event: 96.128 GC heap before
{Heap before GC invocations=16 (full 8):
 def new generation   total 6499008K, used 262942K [0x00007f00d8600000, 0x00007f02911e0000, 0x00007f062db50000)
  eden space 5776896K,   0% used [0x00007f00d8600000, 0x00007f00d8600000, 0x00007f0238f80000)
  from space 722112K,  36% used [0x00007f0238f80000, 0x00007f0249047a68, 0x00007f02650b0000)
  to   space 722112K,   0% used [0x00007f02650b0000, 0x00007f02650b0000, 0x00007f02911e0000)
 tenured generation   total 14442128K, used 9357628K [0x00007f062db50000, 0x00007f099f2f4000, 0x00007f10d8600000)
   the space 14442128K,  64% used [0x00007f062db50000, 0x00007f0868d9f310, 0x00007f0868d9f400, 0x00007f099f2f4000)
 Metaspace       used 23278K, capacity 23693K, committed 23808K, reserved 24576K
}
Event: 96.190 GC heap after
{Heap after GC invocations=16 (full 9):
 def new generation   total 6499008K, used 0K [0x00007f00d8600000, 0x00007f02911e0000, 0x00007f062db50000)
  eden space 5776896K,   0% used [0x00007f00d8600000, 0x00007f00d8600000, 0x00007f0238f80000)
  from space 722112K,   0% used [0x00007f0238f80000, 0x00007f0238f80000, 0x00007f02650b0000)
  to   space 722112K,   0% used [0x00007f02650b0000, 0x00007f02650b0000, 0x00007f02911e0000)
 tenured generation   total 14442128K, used 272391K [0x00007f062db50000, 0x00007f099f2f4000, 0x00007f10d8600000)
   the space 14442128K,   1% used [0x00007f062db50000, 0x00007f063e551d88, 0x00007f063e551e00, 0x00007f099f2f4000)
 Metaspace       used 23278K, capacity 23693K, committed 23808K, reserved 24576K
}
Event: 105.473 GC heap before
{Heap before GC invocations=16 (full 9):
 def new generation   total 6499008K, used 4308771K [0x00007f00d8600000, 0x00007f02911e0000, 0x00007f062db50000)
  eden space 5776896K,  74% used [0x00007f00d8600000, 0x00007f01df5c8cb8, 0x00007f0238f80000)
  from space 722112K,   0% used [0x00007f0238f80000, 0x00007f0238f80000, 0x00007f02650b0000)
  to   space 722112K,   0% used [0x00007f02650b0000, 0x00007f02650b0000, 0x00007f02911e0000)
 tenured generation   total 14442128K, used 8660999K [0x00007f062db50000, 0x00007f099f2f4000, 0x00007f10d8600000)
   the space 14442128K,  59% used [0x00007f062db50000, 0x00007f083e551da0, 0x00007f083e551e00, 0x00007f099f2f4000)
 Metaspace       used 23278K, capacity 23693K, committed 23808K, reserved 24576K
}
Event: 106.794 GC heap after
{Heap after GC invocations=17 (full 9):
 def new generation   total 6499008K, used 0K [0x00007f00d8600000, 0x00007f02911e0000, 0x00007f062db50000)
  eden space 5776896K,   0% used [0x00007f00d8600000, 0x00007f00d8600000, 0x00007f0238f80000)
  from space 722112K,   0% used [0x00007f02650b0000, 0x00007f02650b0320, 0x00007f02911e0000)
  to   space 722112K,   0% used [0x00007f0238f80000, 0x00007f0238f80000, 0x00007f02650b0000)
 tenured generation   total 14442128K, used 12855303K [0x00007f062db50000, 0x00007f099f2f4000, 0x00007f10d8600000)
   the space 14442128K,  89% used [0x00007f062db50000, 0x00007f093e551db8, 0x00007f093e551e00, 0x00007f099f2f4000)
 Metaspace       used 23278K, capacity 23693K, committed 23808K, reserved 24576K
}
Event: 108.539 GC heap before
{Heap before GC invocations=17 (full 9):
 def new generation   total 6499008K, used 4309146K [0x00007f00d8600000, 0x00007f02911e0000, 0x00007f062db50000)
  eden space 5776896K,  74% used [0x00007f00d8600000, 0x00007f01df626808, 0x00007f0238f80000)
  from space 722112K,   0% used [0x00007f02650b0000, 0x00007f02650b0320, 0x00007f02911e0000)
  to   space 722112K,   0% used [0x00007f0238f80000, 0x00007f0238f80000, 0x00007f02650b0000)
 tenured generation   total 14442128K, used 12855303K [0x00007f062db50000, 0x00007f099f2f4000, 0x00007f10d8600000)
   the space 14442128K,  89% used [0x00007f062db50000, 0x00007f093e551db8, 0x00007f093e551e00, 0x00007f099f2f4000)
 Metaspace       used 23278K, capacity 23693K, committed 23808K, reserved 24576K
}
Event: 110.973 GC heap after
{Heap after GC invocations=18 (full 9):
 def new generation   total 6499008K, used 1K [0x00007f00d8600000, 0x00007f02911e0000, 0x00007f062db50000)
  eden space 5776896K,   0% used [0x00007f00d8600000, 0x00007f00d8600000, 0x00007f0238f80000)
  from space 722112K,   0% used [0x00007f0238f80000, 0x00007f0238f805b0, 0x00007f02650b0000)
  to   space 722112K,   0% used [0x00007f02650b0000, 0x00007f02650b0000, 0x00007f02911e0000)
 tenured generation   total 18636436K, used 17049607K [0x00007f062db50000, 0x00007f0a9f2f5000, 0x00007f10d8600000)
   the space 18636436K,  91% used [0x00007f062db50000, 0x00007f0a3e551dd0, 0x00007f0a3e551e00, 0x00007f0a9f2f5000)
 Metaspace       used 23278K, capacity 23693K, committed 23808K, reserved 24576K
}
Event: 110.973 GC heap before
{Heap before GC invocations=18 (full 9):
 def new generation   total 6499008K, used 1K [0x00007f00d8600000, 0x00007f02911e0000, 0x00007f062db50000)
  eden space 5776896K,   0% used [0x00007f00d8600000, 0x00007f00d8600000, 0x00007f0238f80000)
  from space 722112K,   0% used [0x00007f0238f80000, 0x00007f0238f805b0, 0x00007f02650b0000)
  to   space 722112K,   0% used [0x00007f02650b0000, 0x00007f02650b0000, 0x00007f02911e0000)
 tenured generation   total 18636436K, used 17049607K [0x00007f062db50000, 0x00007f0a9f2f5000, 0x00007f10d8600000)
   the space 18636436K,  91% used [0x00007f062db50000, 0x00007f0a3e551dd0, 0x00007f0a3e551e00, 0x00007f0a9f2f5000)
 Metaspace       used 23278K, capacity 23693K, committed 23808K, reserved 24576K
}
Event: 112.630 GC heap after
{Heap after GC invocations=18 (full 10):
 def new generation   total 6499008K, used 0K [0x00007f00d8600000, 0x00007f02911e0000, 0x00007f062db50000)
  eden space 5776896K,   0% used [0x00007f00d8600000, 0x00007f00d8600000, 0x00007f0238f80000)
  from space 722112K,   0% used [0x00007f0238f80000, 0x00007f0238f80000, 0x00007f02650b0000)
  to   space 722112K,   0% used [0x00007f02650b0000, 0x00007f02650b0000, 0x00007f02911e0000)
 tenured generation   total 14442128K, used 8661000K [0x00007f062db50000, 0x00007f099f2f4000, 0x00007f10d8600000)
   the space 14442128K,  59% used [0x00007f062db50000, 0x00007f083e552368, 0x00007f083e552400, 0x00007f099f2f4000)
 Metaspace       used 23278K, capacity 23693K, committed 23808K, reserved 24576K
}
Event: 117.182 GC heap before
{Heap before GC invocations=18 (full 10):
 def new generation   total 6499008K, used 5776896K [0x00007f00d8600000, 0x00007f02911e0000, 0x00007f062db50000)
  eden space 5776896K, 100% used [0x00007f00d8600000, 0x00007f0238f80000, 0x00007f0238f80000)
  from space 722112K,   0% used [0x00007f0238f80000, 0x00007f0238f80000, 0x00007f02650b0000)
  to   space 722112K,   0% used [0x00007f02650b0000, 0x00007f02650b0000, 0x00007f02911e0000)
 tenured generation   total 14442128K, used 8661000K [0x00007f062db50000, 0x00007f099f2f4000, 0x00007f10d8600000)
   the space 14442128K,  59% used [0x00007f062db50000, 0x00007f083e552368, 0x00007f083e552400, 0x00007f099f2f4000)
 Metaspace       used 23280K, capacity 23693K, committed 23808K, reserved 24576K
}
Event: 117.296 GC heap after
{Heap after GC invocations=19 (full 10):
 def new generation   total 6499008K, used 697235K [0x00007f00d8600000, 0x00007f02911e0000, 0x00007f062db50000)
  eden space 5776896K,   0% used [0x00007f00d8600000, 0x00007f00d8600000, 0x00007f0238f80000)
  from space 722112K,  96% used [0x00007f02650b0000, 0x00007f028f994cb8, 0x00007f02911e0000)
  to   space 722112K,   0% used [0x00007f0238f80000, 0x00007f0238f80000, 0x00007f02650b0000)
 tenured generation   total 14442128K, used 8923144K [0x00007f062db50000, 0x00007f099f2f4000, 0x00007f10d8600000)
   the space 14442128K,  61% used [0x00007f062db50000, 0x00007f084e552380, 0x00007f084e552400, 0x00007f099f2f4000)
 Metaspace       used 23280K, capacity 23693K, committed 23808K, reserved 24576K
}
Event: 117.730 GC heap before
{Heap before GC invocations=19 (full 10):
 def new generation   total 6499008K, used 1769406K [0x00007f00d8600000, 0x00007f02911e0000, 0x00007f062db50000)
  eden space 5776896K,  18% used [0x00007f00d8600000, 0x00007f0119d0ace8, 0x00007f0238f80000)
  from space 722112K,  96% used [0x00007f02650b0000, 0x00007f028f994cb8, 0x00007f02911e0000)
  to   space 722112K,   0% used [0x00007f0238f80000, 0x00007f0238f80000, 0x00007f02650b0000)
 tenured generation   total 14442128K, used 8923144K [0x00007f062db50000, 0x00007f099f2f4000, 0x00007f10d8600000)
   the space 14442128K,  61% used [0x00007f062db50000, 0x00007f084e552380, 0x00007f084e552400, 0x00007f099f2f4000)
 Metaspace       used 23288K, capacity 23693K, committed 23808K, reserved 24576K
}
Event: 117.887 GC heap after
{Heap after GC invocations=20 (full 10):
 def new generation   total 6499008K, used 263175K [0x00007f00d8600000, 0x00007f02911e0000, 0x00007f062db50000)
  eden space 5776896K,   0% used [0x00007f00d8600000, 0x00007f00d8600000, 0x00007f0238f80000)
  from space 722112K,  36% used [0x00007f0238f80000, 0x00007f0249081d08, 0x00007f02650b0000)
  to   space 722112K,   0% used [0x00007f02650b0000, 0x00007f02650b0000, 0x00007f02911e0000)
 tenured generation   total 14442128K, used 9620379K [0x00007f062db50000, 0x00007f099f2f4000, 0x00007f10d8600000)
   the space 14442128K,  66% used [0x00007f062db50000, 0x00007f0878e36e78, 0x00007f0878e37000, 0x00007f099f2f4000)
 Metaspace       used 23288K, capacity 23693K, committed 23808K, reserved 24576K
}
Event: 117.887 GC heap before
{Heap before GC invocations=20 (full 10):
 def new generation   total 6499008K, used 263175K [0x00007f00d8600000, 0x00007f02911e0000, 0x00007f062db50000)
  eden space 5776896K,   0% used [0x00007f00d8600000, 0x00007f00d8600000, 0x00007f0238f80000)
  from space 722112K,  36% used [0x00007f0238f80000, 0x00007f0249081d08, 0x00007f02650b0000)
  to   space 722112K,   0% used [0x00007f02650b0000, 0x00007f02650b0000, 0x00007f02911e0000)
 tenured generation   total 14442128K, used 9620379K [0x00007f062db50000, 0x00007f099f2f4000, 0x00007f10d8600000)
   the space 14442128K,  66% used [0x00007f062db50000, 0x00007f0878e36e78, 0x00007f0878e37000, 0x00007f099f2f4000)
 Metaspace       used 23288K, capacity 23693K, committed 23808K, reserved 24576K
}
Event: 117.954 GC heap after
{Heap after GC invocations=20 (full 11):
 def new generation   total 6499008K, used 0K [0x00007f00d8600000, 0x00007f02911e0000, 0x00007f062db50000)
  eden space 5776896K,   0% used [0x00007f00d8600000, 0x00007f00d8600000, 0x00007f0238f80000)
  from space 722112K,   0% used [0x00007f0238f80000, 0x00007f0238f80000, 0x00007f02650b0000)
  to   space 722112K,   0% used [0x00007f02650b0000, 0x00007f02650b0000, 0x00007f02911e0000)
 tenured generation   total 14442128K, used 535141K [0x00007f062db50000, 0x00007f099f2f4000, 0x00007f10d8600000)
   the space 14442128K,   3% used [0x00007f062db50000, 0x00007f064e5e9578, 0x00007f064e5e9600, 0x00007f099f2f4000)
 Metaspace       used 23288K, capacity 23693K, committed 23808K, reserved 24576K
}
Event: 127.020 GC heap before
{Heap before GC invocations=20 (full 11):
 def new generation   total 6499008K, used 4308847K [0x00007f00d8600000, 0x00007f02911e0000, 0x00007f062db50000)
  eden space 5776896K,  74% used [0x00007f00d8600000, 0x00007f01df5dbd40, 0x00007f0238f80000)
  from space 722112K,   0% used [0x00007f0238f80000, 0x00007f0238f80000, 0x00007f02650b0000)
  to   space 722112K,   0% used [0x00007f02650b0000, 0x00007f02650b0000, 0x00007f02911e0000)
 tenured generation   total 14442128K, used 8923749K [0x00007f062db50000, 0x00007f099f2f4000, 0x00007f10d8600000)
   the space 14442128K,  61% used [0x00007f062db50000, 0x00007f084e5e9590, 0x00007f084e5e9600, 0x00007f099f2f4000)
 Metaspace       used 23288K, capacity 23693K, committed 23808K, reserved 24576K
}
Event: 127.888 GC heap after
{Heap after GC invocations=21 (full 11):
 def new generation   total 6499008K, used 0K [0x00007f00d8600000, 0x00007f02911e0000, 0x00007f062db50000)
  eden space 5776896K,   0% used [0x00007f00d8600000, 0x00007f00d8600000, 0x00007f0238f80000)
  from space 722112K,   0% used [0x00007f02650b0000, 0x00007f02650b0320, 0x00007f02911e0000)
  to   space 722112K,   0% used [0x00007f0238f80000, 0x00007f0238f80000, 0x00007f02650b0000)
 tenured generation   total 14442128K, used 13118053K [0x00007f062db50000, 0x00007f099f2f4000, 0x00007f10d8600000)
   the space 14442128K,  90% used [0x00007f062db50000, 0x00007f094e5e95a8, 0x00007f094e5e9600, 0x00007f099f2f4000)
 Metaspace       used 23288K, capacity 23693K, committed 23808K, reserved 24576K
}
Event: 128.845 GC heap before
{Heap before GC invocations=21 (full 11):
 def new generation   total 6499008K, used 4309196K [0x00007f00d8600000, 0x00007f02911e0000, 0x00007f062db50000)
  eden space 5776896K,  74% used [0x00007f00d8600000, 0x00007f01df632df0, 0x00007f0238f80000)
  from space 722112K,   0% used [0x00007f02650b0000, 0x00007f02650b0320, 0x00007f02911e0000)
  to   space 722112K,   0% used [0x00007f0238f80000, 0x00007f0238f80000, 0x00007f02650b0000)
 tenured generation   total 14442128K, used 13118053K [0x00007f062db50000, 0x00007f099f2f4000, 0x00007f10d8600000)
   the space 14442128K,  90% used [0x00007f062db50000, 0x00007f094e5e95a8, 0x00007f094e5e9600, 0x00007f099f2f4000)
 Metaspace       used 23288K, capacity 23693K, committed 23808K, reserved 24576K
}

