# JRE version: OpenJDK Runtime Environment (13.0.7+5) (build 13.0.7+5-Ubuntu-0ubuntu120.04)
# Java VM: OpenJDK 64-Bit Server VM (13.0.7+5-Ubuntu-0ubuntu120.04, mixed mode, tiered, serial gc, linux-amd64)
Heap:
 def new generation   total 1024384K, used 0K [0x00007f121c600000, 0x00007f1261d80000, 0x00007f1cc70a0000)
  eden space 910592K,   0% used [0x00007f121c600000, 0x00007f121c600000, 0x00007f1253f40000)
  from space 113792K,   0% used [0x00007f1253f40000, 0x00007f1253f40000, 0x00007f125ae60000)
  to   space 113792K,   0% used [0x00007f125ae60000, 0x00007f125ae60000, 0x00007f1261d80000)
 tenured generation   total 2292708K, used 2190545K [0x00007f1cc70a0000, 0x00007f1d52f99000, 0x00007f321c600000)
   the space 2292708K,  95% used [0x00007f1cc70a0000, 0x00007f1d4cbd47e0, 0x00007f1d4cbd4800, 0x00007f1d52f99000)
 Metaspace       used 24251K, capacity 24693K, committed 24832K, reserved 26624K
GC Heap History (20 events):
Event: 266.524 GC heap after
{Heap after GC invocations=787 (full 4):
 def new generation   total 1024384K, used 47789K [0x00007f121c600000, 0x00007f1261d80000, 0x00007f1cc70a0000)
  eden space 910592K,   0% used [0x00007f121c600000, 0x00007f121c600000, 0x00007f1253f40000)
  from space 113792K,  41% used [0x00007f125ae60000, 0x00007f125dd0b670, 0x00007f1261d80000)
  to   space 113792K,   0% used [0x00007f1253f40000, 0x00007f1253f40000, 0x00007f125ae60000)
 tenured generation   total 2276320K, used 2251115K [0x00007f1cc70a0000, 0x00007f1d51f98000, 0x00007f321c600000)
   the space 2276320K,  98% used [0x00007f1cc70a0000, 0x00007f1d506fafa0, 0x00007f1d506fb000, 0x00007f1d51f98000)
 Metaspace       used 24250K, capacity 24693K, committed 24832K, reserved 26624K
}
Event: 266.953 GC heap before
{Heap before GC invocations=787 (full 4):
 def new generation   total 1024384K, used 958381K [0x00007f121c600000, 0x00007f1261d80000, 0x00007f1cc70a0000)
  eden space 910592K, 100% used [0x00007f121c600000, 0x00007f1253f40000, 0x00007f1253f40000)
  from space 113792K,  41% used [0x00007f125ae60000, 0x00007f125dd0b670, 0x00007f1261d80000)
  to   space 113792K,   0% used [0x00007f1253f40000, 0x00007f1253f40000, 0x00007f125ae60000)
 tenured generation   total 2276320K, used 2251115K [0x00007f1cc70a0000, 0x00007f1d51f98000, 0x00007f321c600000)
   the space 2276320K,  98% used [0x00007f1cc70a0000, 0x00007f1d506fafa0, 0x00007f1d506fb000, 0x00007f1d51f98000)
 Metaspace       used 24250K, capacity 24693K, committed 24832K, reserved 26624K
}
Event: 266.964 GC heap after
{Heap after GC invocations=788 (full 4):
 def new generation   total 1024384K, used 50346K [0x00007f121c600000, 0x00007f1261d80000, 0x00007f1cc70a0000)
  eden space 910592K,   0% used [0x00007f121c600000, 0x00007f121c600000, 0x00007f1253f40000)
  from space 113792K,  44% used [0x00007f1253f40000, 0x00007f125706a980, 0x00007f125ae60000)
  to   space 113792K,   0% used [0x00007f125ae60000, 0x00007f125ae60000, 0x00007f1261d80000)
 tenured generation   total 2276320K, used 2251115K [0x00007f1cc70a0000, 0x00007f1d51f98000, 0x00007f321c600000)
   the space 2276320K,  98% used [0x00007f1cc70a0000, 0x00007f1d506fafa0, 0x00007f1d506fb000, 0x00007f1d51f98000)
 Metaspace       used 24250K, capacity 24693K, committed 24832K, reserved 26624K
}
Event: 267.335 GC heap before
{Heap before GC invocations=788 (full 4):
 def new generation   total 1024384K, used 958256K [0x00007f121c600000, 0x00007f1261d80000, 0x00007f1cc70a0000)
  eden space 910592K,  99% used [0x00007f121c600000, 0x00007f1253ca1900, 0x00007f1253f40000)
  from space 113792K,  44% used [0x00007f1253f40000, 0x00007f125706a980, 0x00007f125ae60000)
  to   space 113792K,   0% used [0x00007f125ae60000, 0x00007f125ae60000, 0x00007f1261d80000)
 tenured generation   total 2276320K, used 2251115K [0x00007f1cc70a0000, 0x00007f1d51f98000, 0x00007f321c600000)
   the space 2276320K,  98% used [0x00007f1cc70a0000, 0x00007f1d506fafa0, 0x00007f1d506fb000, 0x00007f1d51f98000)
 Metaspace       used 24251K, capacity 24693K, committed 24832K, reserved 26624K
}
Event: 267.347 GC heap after
{Heap after GC invocations=789 (full 4):
 def new generation   total 1024384K, used 69365K [0x00007f121c600000, 0x00007f1261d80000, 0x00007f1cc70a0000)
  eden space 910592K,   0% used [0x00007f121c600000, 0x00007f121c600000, 0x00007f1253f40000)
  from space 113792K,  60% used [0x00007f125ae60000, 0x00007f125f21d500, 0x00007f1261d80000)
  to   space 113792K,   0% used [0x00007f1253f40000, 0x00007f1253f40000, 0x00007f125ae60000)
 tenured generation   total 2276320K, used 2251115K [0x00007f1cc70a0000, 0x00007f1d51f98000, 0x00007f321c600000)
   the space 2276320K,  98% used [0x00007f1cc70a0000, 0x00007f1d506fafa0, 0x00007f1d506fb000, 0x00007f1d51f98000)
 Metaspace       used 24251K, capacity 24693K, committed 24832K, reserved 26624K
}
Event: 267.728 GC heap before
{Heap before GC invocations=789 (full 4):
 def new generation   total 1024384K, used 979957K [0x00007f121c600000, 0x00007f1261d80000, 0x00007f1cc70a0000)
  eden space 910592K, 100% used [0x00007f121c600000, 0x00007f1253f40000, 0x00007f1253f40000)
  from space 113792K,  60% used [0x00007f125ae60000, 0x00007f125f21d500, 0x00007f1261d80000)
  to   space 113792K,   0% used [0x00007f1253f40000, 0x00007f1253f40000, 0x00007f125ae60000)
 tenured generation   total 2276320K, used 2251115K [0x00007f1cc70a0000, 0x00007f1d51f98000, 0x00007f321c600000)
   the space 2276320K,  98% used [0x00007f1cc70a0000, 0x00007f1d506fafa0, 0x00007f1d506fb000, 0x00007f1d51f98000)
 Metaspace       used 24251K, capacity 24693K, committed 24832K, reserved 26624K
}
Event: 267.759 GC heap after
{Heap after GC invocations=790 (full 4):
 def new generation   total 1024384K, used 41114K [0x00007f121c600000, 0x00007f1261d80000, 0x00007f1cc70a0000)
  eden space 910592K,   0% used [0x00007f121c600000, 0x00007f121c600000, 0x00007f1253f40000)
  from space 113792K,  36% used [0x00007f1253f40000, 0x00007f12567668a0, 0x00007f125ae60000)
  to   space 113792K,   0% used [0x00007f125ae60000, 0x00007f125ae60000, 0x00007f1261d80000)
 tenured generation   total 2276320K, used 2268588K [0x00007f1cc70a0000, 0x00007f1d51f98000, 0x00007f321c600000)
   the space 2276320K,  99% used [0x00007f1cc70a0000, 0x00007f1d5180b3c8, 0x00007f1d5180b400, 0x00007f1d51f98000)
 Metaspace       used 24251K, capacity 24693K, committed 24832K, reserved 26624K
}
Event: 268.130 GC heap before
{Heap before GC invocations=790 (full 4):
 def new generation   total 1024384K, used 947045K [0x00007f121c600000, 0x00007f1261d80000, 0x00007f1cc70a0000)
  eden space 910592K,  99% used [0x00007f121c600000, 0x00007f1253ab2bc8, 0x00007f1253f40000)
  from space 113792K,  36% used [0x00007f1253f40000, 0x00007f12567668a0, 0x00007f125ae60000)
  to   space 113792K,   0% used [0x00007f125ae60000, 0x00007f125ae60000, 0x00007f1261d80000)
 tenured generation   total 2276320K, used 2268588K [0x00007f1cc70a0000, 0x00007f1d51f98000, 0x00007f321c600000)
   the space 2276320K,  99% used [0x00007f1cc70a0000, 0x00007f1d5180b3c8, 0x00007f1d5180b400, 0x00007f1d51f98000)
 Metaspace       used 24251K, capacity 24693K, committed 24832K, reserved 26624K
}
Event: 268.139 GC heap after
{Heap after GC invocations=791 (full 4):
 def new generation   total 1024384K, used 46762K [0x00007f121c600000, 0x00007f1261d80000, 0x00007f1cc70a0000)
  eden space 910592K,   0% used [0x00007f121c600000, 0x00007f121c600000, 0x00007f1253f40000)
  from space 113792K,  41% used [0x00007f125ae60000, 0x00007f125dc0aa50, 0x00007f1261d80000)
  to   space 113792K,   0% used [0x00007f1253f40000, 0x00007f1253f40000, 0x00007f125ae60000)
 tenured generation   total 2276320K, used 2268588K [0x00007f1cc70a0000, 0x00007f1d51f98000, 0x00007f321c600000)
   the space 2276320K,  99% used [0x00007f1cc70a0000, 0x00007f1d5180b3c8, 0x00007f1d5180b400, 0x00007f1d51f98000)
 Metaspace       used 24251K, capacity 24693K, committed 24832K, reserved 26624K
}
Event: 268.557 GC heap before
{Heap before GC invocations=791 (full 4):
 def new generation   total 1024384K, used 957354K [0x00007f121c600000, 0x00007f1261d80000, 0x00007f1cc70a0000)
  eden space 910592K, 100% used [0x00007f121c600000, 0x00007f1253f40000, 0x00007f1253f40000)
  from space 113792K,  41% used [0x00007f125ae60000, 0x00007f125dc0aa50, 0x00007f1261d80000)
  to   space 113792K,   0% used [0x00007f1253f40000, 0x00007f1253f40000, 0x00007f125ae60000)
 tenured generation   total 2276320K, used 2268588K [0x00007f1cc70a0000, 0x00007f1d51f98000, 0x00007f321c600000)
   the space 2276320K,  99% used [0x00007f1cc70a0000, 0x00007f1d5180b3c8, 0x00007f1d5180b400, 0x00007f1d51f98000)
 Metaspace       used 24251K, capacity 24693K, committed 24832K, reserved 26624K
}
Event: 268.568 GC heap after
{Heap after GC invocations=792 (full 4):
 def new generation   total 1024384K, used 50849K [0x00007f121c600000, 0x00007f1261d80000, 0x00007f1cc70a0000)
  eden space 910592K,   0% used [0x00007f121c600000, 0x00007f121c600000, 0x00007f1253f40000)
  from space 113792K,  44% used [0x00007f1253f40000, 0x00007f12570e8420, 0x00007f125ae60000)
  to   space 113792K,   0% used [0x00007f125ae60000, 0x00007f125ae60000, 0x00007f1261d80000)
 tenured generation   total 2276320K, used 2268588K [0x00007f1cc70a0000, 0x00007f1d51f98000, 0x00007f321c600000)
   the space 2276320K,  99% used [0x00007f1cc70a0000, 0x00007f1d5180b3c8, 0x00007f1d5180b400, 0x00007f1d51f98000)
 Metaspace       used 24251K, capacity 24693K, committed 24832K, reserved 26624K
}
Event: 268.981 GC heap before
{Heap before GC invocations=792 (full 4):
 def new generation   total 1024384K, used 961441K [0x00007f121c600000, 0x00007f1261d80000, 0x00007f1cc70a0000)
  eden space 910592K, 100% used [0x00007f121c600000, 0x00007f1253f40000, 0x00007f1253f40000)
  from space 113792K,  44% used [0x00007f1253f40000, 0x00007f12570e8420, 0x00007f125ae60000)
  to   space 113792K,   0% used [0x00007f125ae60000, 0x00007f125ae60000, 0x00007f1261d80000)
 tenured generation   total 2276320K, used 2268588K [0x00007f1cc70a0000, 0x00007f1d51f98000, 0x00007f321c600000)
   the space 2276320K,  99% used [0x00007f1cc70a0000, 0x00007f1d5180b3c8, 0x00007f1d5180b400, 0x00007f1d51f98000)
 Metaspace       used 24251K, capacity 24693K, committed 24832K, reserved 26624K
}
Event: 268.993 GC heap after
{Heap after GC invocations=793 (full 4):
 def new generation   total 1024384K, used 50851K [0x00007f121c600000, 0x00007f1261d80000, 0x00007f1cc70a0000)
  eden space 910592K,   0% used [0x00007f121c600000, 0x00007f121c600000, 0x00007f1253f40000)
  from space 113792K,  44% used [0x00007f125ae60000, 0x00007f125e008c98, 0x00007f1261d80000)
  to   space 113792K,   0% used [0x00007f1253f40000, 0x00007f1253f40000, 0x00007f125ae60000)
 tenured generation   total 2276320K, used 2268588K [0x00007f1cc70a0000, 0x00007f1d51f98000, 0x00007f321c600000)
   the space 2276320K,  99% used [0x00007f1cc70a0000, 0x00007f1d5180b3c8, 0x00007f1d5180b400, 0x00007f1d51f98000)
 Metaspace       used 24251K, capacity 24693K, committed 24832K, reserved 26624K
}
Event: 269.339 GC heap before
{Heap before GC invocations=793 (full 4):
 def new generation   total 1024384K, used 951183K [0x00007f121c600000, 0x00007f1261d80000, 0x00007f1cc70a0000)
  eden space 910592K,  98% used [0x00007f121c600000, 0x00007f125353afb0, 0x00007f1253f40000)
  from space 113792K,  44% used [0x00007f125ae60000, 0x00007f125e008c98, 0x00007f1261d80000)
  to   space 113792K,   0% used [0x00007f1253f40000, 0x00007f1253f40000, 0x00007f125ae60000)
 tenured generation   total 2276320K, used 2268588K [0x00007f1cc70a0000, 0x00007f1d51f98000, 0x00007f321c600000)
   the space 2276320K,  99% used [0x00007f1cc70a0000, 0x00007f1d5180b3c8, 0x00007f1d5180b400, 0x00007f1d51f98000)
 Metaspace       used 24251K, capacity 24693K, committed 24832K, reserved 26624K
}
Event: 269.350 GC heap after
{Heap after GC invocations=794 (full 4):
 def new generation   total 1024384K, used 56021K [0x00007f121c600000, 0x00007f1261d80000, 0x00007f1cc70a0000)
  eden space 910592K,   0% used [0x00007f121c600000, 0x00007f121c600000, 0x00007f1253f40000)
  from space 113792K,  49% used [0x00007f1253f40000, 0x00007f12575f54c8, 0x00007f125ae60000)
  to   space 113792K,   0% used [0x00007f125ae60000, 0x00007f125ae60000, 0x00007f1261d80000)
 tenured generation   total 2276320K, used 2268588K [0x00007f1cc70a0000, 0x00007f1d51f98000, 0x00007f321c600000)
   the space 2276320K,  99% used [0x00007f1cc70a0000, 0x00007f1d5180b3c8, 0x00007f1d5180b400, 0x00007f1d51f98000)
 Metaspace       used 24251K, capacity 24693K, committed 24832K, reserved 26624K
}
Event: 269.753 GC heap before
{Heap before GC invocations=794 (full 4):
 def new generation   total 1024384K, used 962201K [0x00007f121c600000, 0x00007f1261d80000, 0x00007f1cc70a0000)
  eden space 910592K,  99% used [0x00007f121c600000, 0x00007f1253af1120, 0x00007f1253f40000)
  from space 113792K,  49% used [0x00007f1253f40000, 0x00007f12575f54c8, 0x00007f125ae60000)
  to   space 113792K,   0% used [0x00007f125ae60000, 0x00007f125ae60000, 0x00007f1261d80000)
 tenured generation   total 2276320K, used 2268588K [0x00007f1cc70a0000, 0x00007f1d51f98000, 0x00007f321c600000)
   the space 2276320K,  99% used [0x00007f1cc70a0000, 0x00007f1d5180b3c8, 0x00007f1d5180b400, 0x00007f1d51f98000)
 Metaspace       used 24251K, capacity 24693K, committed 24832K, reserved 26624K
}
Event: 269.764 GC heap after
{Heap after GC invocations=795 (full 4):
 def new generation   total 1024384K, used 61671K [0x00007f121c600000, 0x00007f1261d80000, 0x00007f1cc70a0000)
  eden space 910592K,   0% used [0x00007f121c600000, 0x00007f121c600000, 0x00007f1253f40000)
  from space 113792K,  54% used [0x00007f125ae60000, 0x00007f125ea99fd8, 0x00007f1261d80000)
  to   space 113792K,   0% used [0x00007f1253f40000, 0x00007f1253f40000, 0x00007f125ae60000)
 tenured generation   total 2276320K, used 2268588K [0x00007f1cc70a0000, 0x00007f1d51f98000, 0x00007f321c600000)
   the space 2276320K,  99% used [0x00007f1cc70a0000, 0x00007f1d5180b3c8, 0x00007f1d5180b400, 0x00007f1d51f98000)
 Metaspace       used 24251K, capacity 24693K, committed 24832K, reserved 26624K
}
Event: 270.194 GC heap before
{Heap before GC invocations=795 (full 4):
 def new generation   total 1024384K, used 972263K [0x00007f121c600000, 0x00007f1261d80000, 0x00007f1cc70a0000)
  eden space 910592K, 100% used [0x00007f121c600000, 0x00007f1253f40000, 0x00007f1253f40000)
  from space 113792K,  54% used [0x00007f125ae60000, 0x00007f125ea99fd8, 0x00007f1261d80000)
  to   space 113792K,   0% used [0x00007f1253f40000, 0x00007f1253f40000, 0x00007f125ae60000)
 tenured generation   total 2276320K, used 2268588K [0x00007f1cc70a0000, 0x00007f1d51f98000, 0x00007f321c600000)
   the space 2276320K,  99% used [0x00007f1cc70a0000, 0x00007f1d5180b3c8, 0x00007f1d5180b400, 0x00007f1d51f98000)
 Metaspace       used 24251K, capacity 24693K, committed 24832K, reserved 26624K
}
Event: 270.217 GC heap after
{Heap after GC invocations=796 (full 4):
 def new generation   total 1024384K, used 49327K [0x00007f121c600000, 0x00007f1261d80000, 0x00007f1cc70a0000)
  eden space 910592K,   0% used [0x00007f121c600000, 0x00007f121c600000, 0x00007f1253f40000)
  from space 113792K,  43% used [0x00007f1253f40000, 0x00007f1256f6bc30, 0x00007f125ae60000)
  to   space 113792K,   0% used [0x00007f125ae60000, 0x00007f125ae60000, 0x00007f1261d80000)
 tenured generation   total 2292708K, used 2286061K [0x00007f1cc70a0000, 0x00007f1d52f99000, 0x00007f321c600000)
   the space 2292708K,  99% used [0x00007f1cc70a0000, 0x00007f1d5291b7f0, 0x00007f1d5291b800, 0x00007f1d52f99000)
 Metaspace       used 24251K, capacity 24693K, committed 24832K, reserved 26624K
}
Event: 270.217 GC heap before
{Heap before GC invocations=796 (full 4):
 def new generation   total 1024384K, used 49327K [0x00007f121c600000, 0x00007f1261d80000, 0x00007f1cc70a0000)
  eden space 910592K,   0% used [0x00007f121c600000, 0x00007f121c600000, 0x00007f1253f40000)
  from space 113792K,  43% used [0x00007f1253f40000, 0x00007f1256f6bc30, 0x00007f125ae60000)
  to   space 113792K,   0% used [0x00007f125ae60000, 0x00007f125ae60000, 0x00007f1261d80000)
 tenured generation   total 2292708K, used 2286061K [0x00007f1cc70a0000, 0x00007f1d52f99000, 0x00007f321c600000)
   the space 2292708K,  99% used [0x00007f1cc70a0000, 0x00007f1d5291b7f0, 0x00007f1d5291b800, 0x00007f1d52f99000)
 Metaspace       used 24251K, capacity 24693K, committed 24832K, reserved 26624K
}

