# JRE version: OpenJDK Runtime Environment (13.0.7+5) (build 13.0.7+5-Ubuntu-0ubuntu120.04)
# Java VM: OpenJDK 64-Bit Server VM (13.0.7+5-Ubuntu-0ubuntu120.04, mixed mode, tiered, serial gc, linux-amd64)
Heap:
 def new generation   total 4253184K, used 0K [0x00007f7b90600000, 0x00007f7cb0d00000, 0x00007f863b0a0000)
  eden space 3780608K,   0% used [0x00007f7b90600000, 0x00007f7b90600000, 0x00007f7c77200000)
  from space 472576K,   0% used [0x00007f7c77200000, 0x00007f7c77200000, 0x00007f7c93f80000)
  to   space 472576K,   0% used [0x00007f7c93f80000, 0x00007f7c93f80000, 0x00007f7cb0d00000)
 tenured generation   total 9635180K, used 9506108K [0x00007f863b0a0000, 0x00007f88871fb000, 0x00007f9b90600000)
   the space 9635180K,  98% used [0x00007f863b0a0000, 0x00007f887f3ef2b0, 0x00007f887f3ef400, 0x00007f88871fb000)
 Metaspace       used 24215K, capacity 24633K, committed 24832K, reserved 26624K
GC Heap History (20 events):
Event: 1079.852 GC heap after
{Heap after GC invocations=1506 (full 7):
 def new generation   total 4253184K, used 247654K [0x00007f7b90600000, 0x00007f7cb0d00000, 0x00007f863b0a0000)
  eden space 3780608K,   0% used [0x00007f7b90600000, 0x00007f7b90600000, 0x00007f7c77200000)
  from space 472576K,  52% used [0x00007f7c93f80000, 0x00007f7ca31599f0, 0x00007f7cb0d00000)
  to   space 472576K,   0% used [0x00007f7c77200000, 0x00007f7c77200000, 0x00007f7c93f80000)
 tenured generation   total 9451432K, used 9159740K [0x00007f863b0a0000, 0x00007f887be8a000, 0x00007f9b90600000)
   the space 9451432K,  96% used [0x00007f863b0a0000, 0x00007f886a1af130, 0x00007f886a1af200, 0x00007f887be8a000)
 Metaspace       used 24215K, capacity 24633K, committed 24832K, reserved 26624K
}
Event: 1081.791 GC heap before
{Heap before GC invocations=1506 (full 7):
 def new generation   total 4253184K, used 4014960K [0x00007f7b90600000, 0x00007f7cb0d00000, 0x00007f863b0a0000)
  eden space 3780608K,  99% used [0x00007f7b90600000, 0x00007f7c765028b0, 0x00007f7c77200000)
  from space 472576K,  52% used [0x00007f7c93f80000, 0x00007f7ca31599f0, 0x00007f7cb0d00000)
  to   space 472576K,   0% used [0x00007f7c77200000, 0x00007f7c77200000, 0x00007f7c93f80000)
 tenured generation   total 9451432K, used 9159740K [0x00007f863b0a0000, 0x00007f887be8a000, 0x00007f9b90600000)
   the space 9451432K,  96% used [0x00007f863b0a0000, 0x00007f886a1af130, 0x00007f886a1af200, 0x00007f887be8a000)
 Metaspace       used 24215K, capacity 24633K, committed 24832K, reserved 26624K
}
Event: 1081.856 GC heap after
{Heap after GC invocations=1507 (full 7):
 def new generation   total 4253184K, used 235833K [0x00007f7b90600000, 0x00007f7cb0d00000, 0x00007f863b0a0000)
  eden space 3780608K,   0% used [0x00007f7b90600000, 0x00007f7b90600000, 0x00007f7c77200000)
  from space 472576K,  49% used [0x00007f7c77200000, 0x00007f7c8584e5f8, 0x00007f7c93f80000)
  to   space 472576K,   0% used [0x00007f7c93f80000, 0x00007f7c93f80000, 0x00007f7cb0d00000)
 tenured generation   total 9451432K, used 9176698K [0x00007f863b0a0000, 0x00007f887be8a000, 0x00007f9b90600000)
   the space 9451432K,  97% used [0x00007f863b0a0000, 0x00007f886b23eb88, 0x00007f886b23ec00, 0x00007f887be8a000)
 Metaspace       used 24215K, capacity 24633K, committed 24832K, reserved 26624K
}
Event: 1083.752 GC heap before
{Heap before GC invocations=1507 (full 7):
 def new generation   total 4253184K, used 4016441K [0x00007f7b90600000, 0x00007f7cb0d00000, 0x00007f863b0a0000)
  eden space 3780608K, 100% used [0x00007f7b90600000, 0x00007f7c77200000, 0x00007f7c77200000)
  from space 472576K,  49% used [0x00007f7c77200000, 0x00007f7c8584e5f8, 0x00007f7c93f80000)
  to   space 472576K,   0% used [0x00007f7c93f80000, 0x00007f7c93f80000, 0x00007f7cb0d00000)
 tenured generation   total 9451432K, used 9176698K [0x00007f863b0a0000, 0x00007f887be8a000, 0x00007f9b90600000)
   the space 9451432K,  97% used [0x00007f863b0a0000, 0x00007f886b23eb88, 0x00007f886b23ec00, 0x00007f887be8a000)
 Metaspace       used 24215K, capacity 24633K, committed 24832K, reserved 26624K
}
Event: 1083.809 GC heap after
{Heap after GC invocations=1508 (full 7):
 def new generation   total 4253184K, used 254315K [0x00007f7b90600000, 0x00007f7cb0d00000, 0x00007f863b0a0000)
  eden space 3780608K,   0% used [0x00007f7b90600000, 0x00007f7b90600000, 0x00007f7c77200000)
  from space 472576K,  53% used [0x00007f7c93f80000, 0x00007f7ca37dad80, 0x00007f7cb0d00000)
  to   space 472576K,   0% used [0x00007f7c77200000, 0x00007f7c77200000, 0x00007f7c93f80000)
 tenured generation   total 9451432K, used 9176698K [0x00007f863b0a0000, 0x00007f887be8a000, 0x00007f9b90600000)
   the space 9451432K,  97% used [0x00007f863b0a0000, 0x00007f886b23eb88, 0x00007f886b23ec00, 0x00007f887be8a000)
 Metaspace       used 24215K, capacity 24633K, committed 24832K, reserved 26624K
}
Event: 1085.726 GC heap before
{Heap before GC invocations=1508 (full 7):
 def new generation   total 4253184K, used 4034923K [0x00007f7b90600000, 0x00007f7cb0d00000, 0x00007f863b0a0000)
  eden space 3780608K, 100% used [0x00007f7b90600000, 0x00007f7c77200000, 0x00007f7c77200000)
  from space 472576K,  53% used [0x00007f7c93f80000, 0x00007f7ca37dad80, 0x00007f7cb0d00000)
  to   space 472576K,   0% used [0x00007f7c77200000, 0x00007f7c77200000, 0x00007f7c93f80000)
 tenured generation   total 9451432K, used 9176698K [0x00007f863b0a0000, 0x00007f887be8a000, 0x00007f9b90600000)
   the space 9451432K,  97% used [0x00007f863b0a0000, 0x00007f886b23eb88, 0x00007f886b23ec00, 0x00007f887be8a000)
 Metaspace       used 24215K, capacity 24633K, committed 24832K, reserved 26624K
}
Event: 1085.801 GC heap after
{Heap after GC invocations=1509 (full 7):
 def new generation   total 4253184K, used 240992K [0x00007f7b90600000, 0x00007f7cb0d00000, 0x00007f863b0a0000)
  eden space 3780608K,   0% used [0x00007f7b90600000, 0x00007f7b90600000, 0x00007f7c77200000)
  from space 472576K,  50% used [0x00007f7c77200000, 0x00007f7c85d580a0, 0x00007f7c93f80000)
  to   space 472576K,   0% used [0x00007f7c93f80000, 0x00007f7c93f80000, 0x00007f7cb0d00000)
 tenured generation   total 9451432K, used 9210616K [0x00007f863b0a0000, 0x00007f887be8a000, 0x00007f9b90600000)
   the space 9451432K,  97% used [0x00007f863b0a0000, 0x00007f886d35e038, 0x00007f886d35e200, 0x00007f887be8a000)
 Metaspace       used 24215K, capacity 24633K, committed 24832K, reserved 26624K
}
Event: 1087.738 GC heap before
{Heap before GC invocations=1509 (full 7):
 def new generation   total 4253184K, used 4021600K [0x00007f7b90600000, 0x00007f7cb0d00000, 0x00007f863b0a0000)
  eden space 3780608K, 100% used [0x00007f7b90600000, 0x00007f7c77200000, 0x00007f7c77200000)
  from space 472576K,  50% used [0x00007f7c77200000, 0x00007f7c85d580a0, 0x00007f7c93f80000)
  to   space 472576K,   0% used [0x00007f7c93f80000, 0x00007f7c93f80000, 0x00007f7cb0d00000)
 tenured generation   total 9451432K, used 9210616K [0x00007f863b0a0000, 0x00007f887be8a000, 0x00007f9b90600000)
   the space 9451432K,  97% used [0x00007f863b0a0000, 0x00007f886d35e038, 0x00007f886d35e200, 0x00007f887be8a000)
 Metaspace       used 24215K, capacity 24633K, committed 24832K, reserved 26624K
}
Event: 1087.813 GC heap after
{Heap after GC invocations=1510 (full 7):
 def new generation   total 4253184K, used 247654K [0x00007f7b90600000, 0x00007f7cb0d00000, 0x00007f863b0a0000)
  eden space 3780608K,   0% used [0x00007f7b90600000, 0x00007f7b90600000, 0x00007f7c77200000)
  from space 472576K,  52% used [0x00007f7c93f80000, 0x00007f7ca3159808, 0x00007f7cb0d00000)
  to   space 472576K,   0% used [0x00007f7c77200000, 0x00007f7c77200000, 0x00007f7c93f80000)
 tenured generation   total 9451432K, used 9227574K [0x00007f863b0a0000, 0x00007f887be8a000, 0x00007f9b90600000)
   the space 9451432K,  97% used [0x00007f863b0a0000, 0x00007f886e3eda90, 0x00007f886e3edc00, 0x00007f887be8a000)
 Metaspace       used 24215K, capacity 24633K, committed 24832K, reserved 26624K
}
Event: 1089.768 GC heap before
{Heap before GC invocations=1510 (full 7):
 def new generation   total 4253184K, used 4028262K [0x00007f7b90600000, 0x00007f7cb0d00000, 0x00007f863b0a0000)
  eden space 3780608K, 100% used [0x00007f7b90600000, 0x00007f7c77200000, 0x00007f7c77200000)
  from space 472576K,  52% used [0x00007f7c93f80000, 0x00007f7ca3159808, 0x00007f7cb0d00000)
  to   space 472576K,   0% used [0x00007f7c77200000, 0x00007f7c77200000, 0x00007f7c93f80000)
 tenured generation   total 9451432K, used 9227574K [0x00007f863b0a0000, 0x00007f887be8a000, 0x00007f9b90600000)
   the space 9451432K,  97% used [0x00007f863b0a0000, 0x00007f886e3eda90, 0x00007f886e3edc00, 0x00007f887be8a000)
 Metaspace       used 24215K, capacity 24633K, committed 24832K, reserved 26624K
}
Event: 1089.840 GC heap after
{Heap after GC invocations=1511 (full 7):
 def new generation   total 4253184K, used 235819K [0x00007f7b90600000, 0x00007f7cb0d00000, 0x00007f863b0a0000)
  eden space 3780608K,   0% used [0x00007f7b90600000, 0x00007f7b90600000, 0x00007f7c77200000)
  from space 472576K,  49% used [0x00007f7c77200000, 0x00007f7c8584ae00, 0x00007f7c93f80000)
  to   space 472576K,   0% used [0x00007f7c93f80000, 0x00007f7c93f80000, 0x00007f7cb0d00000)
 tenured generation   total 9451432K, used 9261491K [0x00007f863b0a0000, 0x00007f887be8a000, 0x00007f9b90600000)
   the space 9451432K,  97% used [0x00007f863b0a0000, 0x00007f887050cf40, 0x00007f887050d000, 0x00007f887be8a000)
 Metaspace       used 24215K, capacity 24633K, committed 24832K, reserved 26624K
}
Event: 1091.608 GC heap before
{Heap before GC invocations=1511 (full 7):
 def new generation   total 4253184K, used 4016427K [0x00007f7b90600000, 0x00007f7cb0d00000, 0x00007f863b0a0000)
  eden space 3780608K, 100% used [0x00007f7b90600000, 0x00007f7c77200000, 0x00007f7c77200000)
  from space 472576K,  49% used [0x00007f7c77200000, 0x00007f7c8584ae00, 0x00007f7c93f80000)
  to   space 472576K,   0% used [0x00007f7c93f80000, 0x00007f7c93f80000, 0x00007f7cb0d00000)
 tenured generation   total 9451432K, used 9261491K [0x00007f863b0a0000, 0x00007f887be8a000, 0x00007f9b90600000)
   the space 9451432K,  97% used [0x00007f863b0a0000, 0x00007f887050cf40, 0x00007f887050d000, 0x00007f887be8a000)
 Metaspace       used 24215K, capacity 24633K, committed 24832K, reserved 26624K
}
Event: 1091.681 GC heap after
{Heap after GC invocations=1512 (full 7):
 def new generation   total 4253184K, used 288807K [0x00007f7b90600000, 0x00007f7cb0d00000, 0x00007f863b0a0000)
  eden space 3780608K,   0% used [0x00007f7b90600000, 0x00007f7b90600000, 0x00007f7c77200000)
  from space 472576K,  61% used [0x00007f7c93f80000, 0x00007f7ca5989e20, 0x00007f7cb0d00000)
  to   space 472576K,   0% used [0x00007f7c77200000, 0x00007f7c77200000, 0x00007f7c93f80000)
 tenured generation   total 9451432K, used 9261491K [0x00007f863b0a0000, 0x00007f887be8a000, 0x00007f9b90600000)
   the space 9451432K,  97% used [0x00007f863b0a0000, 0x00007f887050cf40, 0x00007f887050d000, 0x00007f887be8a000)
 Metaspace       used 24215K, capacity 24633K, committed 24832K, reserved 26624K
}
Event: 1093.476 GC heap before
{Heap before GC invocations=1512 (full 7):
 def new generation   total 4253184K, used 4069415K [0x00007f7b90600000, 0x00007f7cb0d00000, 0x00007f863b0a0000)
  eden space 3780608K, 100% used [0x00007f7b90600000, 0x00007f7c77200000, 0x00007f7c77200000)
  from space 472576K,  61% used [0x00007f7c93f80000, 0x00007f7ca5989e20, 0x00007f7cb0d00000)
  to   space 472576K,   0% used [0x00007f7c77200000, 0x00007f7c77200000, 0x00007f7c93f80000)
 tenured generation   total 9451432K, used 9261491K [0x00007f863b0a0000, 0x00007f887be8a000, 0x00007f9b90600000)
   the space 9451432K,  97% used [0x00007f863b0a0000, 0x00007f887050cf40, 0x00007f887050d000, 0x00007f887be8a000)
 Metaspace       used 24215K, capacity 24633K, committed 24832K, reserved 26624K
}
Event: 1093.597 GC heap after
{Heap after GC invocations=1513 (full 7):
 def new generation   total 4253184K, used 305760K [0x00007f7b90600000, 0x00007f7cb0d00000, 0x00007f863b0a0000)
  eden space 3780608K,   0% used [0x00007f7b90600000, 0x00007f7b90600000, 0x00007f7c77200000)
  from space 472576K,  64% used [0x00007f7c77200000, 0x00007f7c89c98050, 0x00007f7c93f80000)
  to   space 472576K,   0% used [0x00007f7c93f80000, 0x00007f7c93f80000, 0x00007f7cb0d00000)
 tenured generation   total 9451432K, used 9346284K [0x00007f863b0a0000, 0x00007f887be8a000, 0x00007f9b90600000)
   the space 9451432K,  98% used [0x00007f863b0a0000, 0x00007f88757db2f8, 0x00007f88757db400, 0x00007f887be8a000)
 Metaspace       used 24215K, capacity 24633K, committed 24832K, reserved 26624K
}
Event: 1095.259 GC heap before
{Heap before GC invocations=1513 (full 7):
 def new generation   total 4253184K, used 4086368K [0x00007f7b90600000, 0x00007f7cb0d00000, 0x00007f863b0a0000)
  eden space 3780608K, 100% used [0x00007f7b90600000, 0x00007f7c77200000, 0x00007f7c77200000)
  from space 472576K,  64% used [0x00007f7c77200000, 0x00007f7c89c98050, 0x00007f7c93f80000)
  to   space 472576K,   0% used [0x00007f7c93f80000, 0x00007f7c93f80000, 0x00007f7cb0d00000)
 tenured generation   total 9451432K, used 9346284K [0x00007f863b0a0000, 0x00007f887be8a000, 0x00007f9b90600000)
   the space 9451432K,  98% used [0x00007f863b0a0000, 0x00007f88757db2f8, 0x00007f88757db400, 0x00007f887be8a000)
 Metaspace       used 24215K, capacity 24633K, committed 24832K, reserved 26624K
}
Event: 1095.455 GC heap after
{Heap after GC invocations=1514 (full 7):
 def new generation   total 4253184K, used 339654K [0x00007f7b90600000, 0x00007f7cb0d00000, 0x00007f863b0a0000)
  eden space 3780608K,   0% used [0x00007f7b90600000, 0x00007f7b90600000, 0x00007f7c77200000)
  from space 472576K,  71% used [0x00007f7c93f80000, 0x00007f7ca8b318f8, 0x00007f7cb0d00000)
  to   space 472576K,   0% used [0x00007f7c77200000, 0x00007f7c77200000, 0x00007f7c93f80000)
 tenured generation   total 9451432K, used 9431078K [0x00007f863b0a0000, 0x00007f887be8a000, 0x00007f9b90600000)
   the space 9451432K,  99% used [0x00007f863b0a0000, 0x00007f887aaa9a30, 0x00007f887aaa9c00, 0x00007f887be8a000)
 Metaspace       used 24215K, capacity 24633K, committed 24832K, reserved 26624K
}
Event: 1097.183 GC heap before
{Heap before GC invocations=1514 (full 7):
 def new generation   total 4253184K, used 4120262K [0x00007f7b90600000, 0x00007f7cb0d00000, 0x00007f863b0a0000)
  eden space 3780608K, 100% used [0x00007f7b90600000, 0x00007f7c77200000, 0x00007f7c77200000)
  from space 472576K,  71% used [0x00007f7c93f80000, 0x00007f7ca8b318f8, 0x00007f7cb0d00000)
  to   space 472576K,   0% used [0x00007f7c77200000, 0x00007f7c77200000, 0x00007f7c93f80000)
 tenured generation   total 9451432K, used 9431078K [0x00007f863b0a0000, 0x00007f887be8a000, 0x00007f9b90600000)
   the space 9451432K,  99% used [0x00007f863b0a0000, 0x00007f887aaa9a30, 0x00007f887aaa9c00, 0x00007f887be8a000)
 Metaspace       used 24215K, capacity 24633K, committed 24832K, reserved 26624K
}
Event: 1097.430 GC heap after
{Heap after GC invocations=1515 (full 7):
 def new generation   total 4253184K, used 203521K [0x00007f7b90600000, 0x00007f7cb0d00000, 0x00007f863b0a0000)
  eden space 3780608K,   0% used [0x00007f7b90600000, 0x00007f7b90600000, 0x00007f7c77200000)
  from space 472576K,  43% used [0x00007f7c77200000, 0x00007f7c838c0498, 0x00007f7c93f80000)
  to   space 472576K,   0% used [0x00007f7c93f80000, 0x00007f7c93f80000, 0x00007f7cb0d00000)
 tenured generation   total 9635180K, used 9635092K [0x00007f863b0a0000, 0x00007f88871fb000, 0x00007f9b90600000)
   the space 9635180K,  99% used [0x00007f863b0a0000, 0x00007f88871e5180, 0x00007f88871e5200, 0x00007f88871fb000)
 Metaspace       used 24215K, capacity 24633K, committed 24832K, reserved 26624K
}
Event: 1097.430 GC heap before
{Heap before GC invocations=1515 (full 7):
 def new generation   total 4253184K, used 203521K [0x00007f7b90600000, 0x00007f7cb0d00000, 0x00007f863b0a0000)
  eden space 3780608K,   0% used [0x00007f7b90600000, 0x00007f7b90600000, 0x00007f7c77200000)
  from space 472576K,  43% used [0x00007f7c77200000, 0x00007f7c838c0498, 0x00007f7c93f80000)
  to   space 472576K,   0% used [0x00007f7c93f80000, 0x00007f7c93f80000, 0x00007f7cb0d00000)
 tenured generation   total 9635180K, used 9635092K [0x00007f863b0a0000, 0x00007f88871fb000, 0x00007f9b90600000)
   the space 9635180K,  99% used [0x00007f863b0a0000, 0x00007f88871e5180, 0x00007f88871e5200, 0x00007f88871fb000)
 Metaspace       used 24215K, capacity 24633K, committed 24832K, reserved 26624K
}

