# JRE version: OpenJDK Runtime Environment (13.0.7+5) (build 13.0.7+5-Ubuntu-0ubuntu120.04)
# Java VM: OpenJDK 64-Bit Server VM (13.0.7+5-Ubuntu-0ubuntu120.04, mixed mode, tiered, compressed oops, serial gc, linux-amd64)
Heap:
 def new generation   total 1938752K, used 0K [0x0000000080200000, 0x00000001039a0000, 0x0000000300150000)
  eden space 1723392K,   0% used [0x0000000080200000, 0x0000000080200000, 0x00000000e9500000)
  from space 215360K,   0% used [0x00000000e9500000, 0x00000000e9500000, 0x00000000f6750000)
  to   space 215360K,   0% used [0x00000000f6750000, 0x00000000f6750000, 0x00000001039a0000)
 tenured generation   total 4404352K, used 2865686K [0x0000000300150000, 0x000000040ce70000, 0x0000000800000000)
   the space 4404352K,  65% used [0x0000000300150000, 0x00000003aefd5808, 0x00000003aefd5a00, 0x000000040ce70000)
 Metaspace       used 22715K, capacity 23231K, committed 23424K, reserved 1071104K
  class space    used 2354K, capacity 2568K, committed 2688K, reserved 1048576K
GC Heap History (20 events):
Event: 785.347 GC heap after
{Heap after GC invocations=647 (full 22):
 def new generation   total 1938752K, used 113140K [0x0000000080200000, 0x00000001039a0000, 0x0000000300150000)
  eden space 1723392K,   0% used [0x0000000080200000, 0x0000000080200000, 0x00000000e9500000)
  from space 215360K,  52% used [0x00000000f6750000, 0x00000000fd5cd2b8, 0x00000001039a0000)
  to   space 215360K,   0% used [0x00000000e9500000, 0x00000000e9500000, 0x00000000f6750000)
 tenured generation   total 4308108K, used 4133862K [0x0000000300150000, 0x0000000407073000, 0x0000000800000000)
   the space 4308108K,  95% used [0x0000000300150000, 0x00000003fc6498f0, 0x00000003fc649a00, 0x0000000407073000)
 Metaspace       used 22715K, capacity 23231K, committed 23424K, reserved 1071104K
  class space    used 2354K, capacity 2568K, committed 2688K, reserved 1048576K
}
Event: 786.850 GC heap before
{Heap before GC invocations=647 (full 22):
 def new generation   total 1938752K, used 1836532K [0x0000000080200000, 0x00000001039a0000, 0x0000000300150000)
  eden space 1723392K, 100% used [0x0000000080200000, 0x00000000e9500000, 0x00000000e9500000)
  from space 215360K,  52% used [0x00000000f6750000, 0x00000000fd5cd2b8, 0x00000001039a0000)
  to   space 215360K,   0% used [0x00000000e9500000, 0x00000000e9500000, 0x00000000f6750000)
 tenured generation   total 4308108K, used 4133862K [0x0000000300150000, 0x0000000407073000, 0x0000000800000000)
   the space 4308108K,  95% used [0x0000000300150000, 0x00000003fc6498f0, 0x00000003fc649a00, 0x0000000407073000)
 Metaspace       used 22715K, capacity 23231K, committed 23424K, reserved 1071104K
  class space    used 2354K, capacity 2568K, committed 2688K, reserved 1048576K
}
Event: 786.997 GC heap after
{Heap after GC invocations=648 (full 22):
 def new generation   total 1938752K, used 209538K [0x0000000080200000, 0x00000001039a0000, 0x0000000300150000)
  eden space 1723392K,   0% used [0x0000000080200000, 0x0000000080200000, 0x00000000e9500000)
  from space 215360K,  97% used [0x00000000e9500000, 0x00000000f61a08a0, 0x00000000f6750000)
  to   space 215360K,   0% used [0x00000000f6750000, 0x00000000f6750000, 0x00000001039a0000)
 tenured generation   total 4308108K, used 4139554K [0x0000000300150000, 0x0000000407073000, 0x0000000800000000)
   the space 4308108K,  96% used [0x0000000300150000, 0x00000003fcbd8b40, 0x00000003fcbd8c00, 0x0000000407073000)
 Metaspace       used 22715K, capacity 23231K, committed 23424K, reserved 1071104K
  class space    used 2354K, capacity 2568K, committed 2688K, reserved 1048576K
}
Event: 788.524 GC heap before
{Heap before GC invocations=648 (full 22):
 def new generation   total 1938752K, used 1932930K [0x0000000080200000, 0x00000001039a0000, 0x0000000300150000)
  eden space 1723392K, 100% used [0x0000000080200000, 0x00000000e9500000, 0x00000000e9500000)
  from space 215360K,  97% used [0x00000000e9500000, 0x00000000f61a08a0, 0x00000000f6750000)
  to   space 215360K,   0% used [0x00000000f6750000, 0x00000000f6750000, 0x00000001039a0000)
 tenured generation   total 4308108K, used 4139554K [0x0000000300150000, 0x0000000407073000, 0x0000000800000000)
   the space 4308108K,  96% used [0x0000000300150000, 0x00000003fcbd8b40, 0x00000003fcbd8c00, 0x0000000407073000)
 Metaspace       used 22715K, capacity 23231K, committed 23424K, reserved 1071104K
  class space    used 2354K, capacity 2568K, committed 2688K, reserved 1048576K
}
Event: 788.566 GC heap after
{Heap after GC invocations=649 (full 22):
 def new generation   total 1938752K, used 38051K [0x0000000080200000, 0x00000001039a0000, 0x0000000300150000)
  eden space 1723392K,   0% used [0x0000000080200000, 0x0000000080200000, 0x00000000e9500000)
  from space 215360K,  17% used [0x00000000f6750000, 0x00000000f8c78e08, 0x00000001039a0000)
  to   space 215360K,   0% used [0x00000000e9500000, 0x00000000e9500000, 0x00000000f6750000)
 tenured generation   total 4308108K, used 4159602K [0x0000000300150000, 0x0000000407073000, 0x0000000800000000)
   the space 4308108K,  96% used [0x0000000300150000, 0x00000003fdf6cad8, 0x00000003fdf6cc00, 0x0000000407073000)
 Metaspace       used 22715K, capacity 23231K, committed 23424K, reserved 1071104K
  class space    used 2354K, capacity 2568K, committed 2688K, reserved 1048576K
}
Event: 790.106 GC heap before
{Heap before GC invocations=649 (full 22):
 def new generation   total 1938752K, used 1761443K [0x0000000080200000, 0x00000001039a0000, 0x0000000300150000)
  eden space 1723392K, 100% used [0x0000000080200000, 0x00000000e9500000, 0x00000000e9500000)
  from space 215360K,  17% used [0x00000000f6750000, 0x00000000f8c78e08, 0x00000001039a0000)
  to   space 215360K,   0% used [0x00000000e9500000, 0x00000000e9500000, 0x00000000f6750000)
 tenured generation   total 4308108K, used 4159602K [0x0000000300150000, 0x0000000407073000, 0x0000000800000000)
   the space 4308108K,  96% used [0x0000000300150000, 0x00000003fdf6cad8, 0x00000003fdf6cc00, 0x0000000407073000)
 Metaspace       used 22715K, capacity 23231K, committed 23424K, reserved 1071104K
  class space    used 2354K, capacity 2568K, committed 2688K, reserved 1048576K
}
Event: 790.225 GC heap after
{Heap after GC invocations=650 (full 22):
 def new generation   total 1938752K, used 141138K [0x0000000080200000, 0x00000001039a0000, 0x0000000300150000)
  eden space 1723392K,   0% used [0x0000000080200000, 0x0000000080200000, 0x00000000e9500000)
  from space 215360K,  65% used [0x00000000e9500000, 0x00000000f1ed4840, 0x00000000f6750000)
  to   space 215360K,   0% used [0x00000000f6750000, 0x00000000f6750000, 0x00000001039a0000)
 tenured generation   total 4308108K, used 4159602K [0x0000000300150000, 0x0000000407073000, 0x0000000800000000)
   the space 4308108K,  96% used [0x0000000300150000, 0x00000003fdf6cad8, 0x00000003fdf6cc00, 0x0000000407073000)
 Metaspace       used 22715K, capacity 23231K, committed 23424K, reserved 1071104K
  class space    used 2354K, capacity 2568K, committed 2688K, reserved 1048576K
}
Event: 791.740 GC heap before
{Heap before GC invocations=650 (full 22):
 def new generation   total 1938752K, used 1864530K [0x0000000080200000, 0x00000001039a0000, 0x0000000300150000)
  eden space 1723392K, 100% used [0x0000000080200000, 0x00000000e9500000, 0x00000000e9500000)
  from space 215360K,  65% used [0x00000000e9500000, 0x00000000f1ed4840, 0x00000000f6750000)
  to   space 215360K,   0% used [0x00000000f6750000, 0x00000000f6750000, 0x00000001039a0000)
 tenured generation   total 4308108K, used 4159602K [0x0000000300150000, 0x0000000407073000, 0x0000000800000000)
   the space 4308108K,  96% used [0x0000000300150000, 0x00000003fdf6cad8, 0x00000003fdf6cc00, 0x0000000407073000)
 Metaspace       used 22715K, capacity 23231K, committed 23424K, reserved 1071104K
  class space    used 2354K, capacity 2568K, committed 2688K, reserved 1048576K
}
Event: 791.952 GC heap after
{Heap after GC invocations=651 (full 22):
 def new generation   total 1938752K, used 205700K [0x0000000080200000, 0x00000001039a0000, 0x0000000300150000)
  eden space 1723392K,   0% used [0x0000000080200000, 0x0000000080200000, 0x00000000e9500000)
  from space 215360K,  95% used [0x00000000f6750000, 0x0000000103031050, 0x00000001039a0000)
  to   space 215360K,   0% used [0x00000000e9500000, 0x00000000e9500000, 0x00000000f6750000)
 tenured generation   total 4308108K, used 4197123K [0x0000000300150000, 0x0000000407073000, 0x0000000800000000)
   the space 4308108K,  97% used [0x0000000300150000, 0x0000000400410df0, 0x0000000400410e00, 0x0000000407073000)
 Metaspace       used 22715K, capacity 23231K, committed 23424K, reserved 1071104K
  class space    used 2354K, capacity 2568K, committed 2688K, reserved 1048576K
}
Event: 793.430 GC heap before
{Heap before GC invocations=651 (full 22):
 def new generation   total 1938752K, used 1929092K [0x0000000080200000, 0x00000001039a0000, 0x0000000300150000)
  eden space 1723392K, 100% used [0x0000000080200000, 0x00000000e9500000, 0x00000000e9500000)
  from space 215360K,  95% used [0x00000000f6750000, 0x0000000103031050, 0x00000001039a0000)
  to   space 215360K,   0% used [0x00000000e9500000, 0x00000000e9500000, 0x00000000f6750000)
 tenured generation   total 4308108K, used 4197123K [0x0000000300150000, 0x0000000407073000, 0x0000000800000000)
   the space 4308108K,  97% used [0x0000000300150000, 0x0000000400410df0, 0x0000000400410e00, 0x0000000407073000)
 Metaspace       used 22715K, capacity 23231K, committed 23424K, reserved 1071104K
  class space    used 2354K, capacity 2568K, committed 2688K, reserved 1048576K
}
Event: 793.483 GC heap after
{Heap after GC invocations=652 (full 22):
 def new generation   total 1938752K, used 77922K [0x0000000080200000, 0x00000001039a0000, 0x0000000300150000)
  eden space 1723392K,   0% used [0x0000000080200000, 0x0000000080200000, 0x00000000e9500000)
  from space 215360K,  36% used [0x00000000e9500000, 0x00000000ee118aa8, 0x00000000f6750000)
  to   space 215360K,   0% used [0x00000000f6750000, 0x00000000f6750000, 0x00000001039a0000)
 tenured generation   total 4308108K, used 4197127K [0x0000000300150000, 0x0000000407073000, 0x0000000800000000)
   the space 4308108K,  97% used [0x0000000300150000, 0x0000000400411f60, 0x0000000400412000, 0x0000000407073000)
 Metaspace       used 22715K, capacity 23231K, committed 23424K, reserved 1071104K
  class space    used 2354K, capacity 2568K, committed 2688K, reserved 1048576K
}
Event: 794.990 GC heap before
{Heap before GC invocations=652 (full 22):
 def new generation   total 1938752K, used 1801314K [0x0000000080200000, 0x00000001039a0000, 0x0000000300150000)
  eden space 1723392K, 100% used [0x0000000080200000, 0x00000000e9500000, 0x00000000e9500000)
  from space 215360K,  36% used [0x00000000e9500000, 0x00000000ee118aa8, 0x00000000f6750000)
  to   space 215360K,   0% used [0x00000000f6750000, 0x00000000f6750000, 0x00000001039a0000)
 tenured generation   total 4308108K, used 4197127K [0x0000000300150000, 0x0000000407073000, 0x0000000800000000)
   the space 4308108K,  97% used [0x0000000300150000, 0x0000000400411f60, 0x0000000400412000, 0x0000000407073000)
 Metaspace       used 22715K, capacity 23231K, committed 23424K, reserved 1071104K
  class space    used 2354K, capacity 2568K, committed 2688K, reserved 1048576K
}
Event: 795.127 GC heap after
{Heap after GC invocations=653 (full 22):
 def new generation   total 1938752K, used 181015K [0x0000000080200000, 0x00000001039a0000, 0x0000000300150000)
  eden space 1723392K,   0% used [0x0000000080200000, 0x0000000080200000, 0x00000000e9500000)
  from space 215360K,  84% used [0x00000000f6750000, 0x0000000101815fc0, 0x00000001039a0000)
  to   space 215360K,   0% used [0x00000000e9500000, 0x00000000e9500000, 0x00000000f6750000)
 tenured generation   total 4308108K, used 4197127K [0x0000000300150000, 0x0000000407073000, 0x0000000800000000)
   the space 4308108K,  97% used [0x0000000300150000, 0x0000000400411f60, 0x0000000400412000, 0x0000000407073000)
 Metaspace       used 22715K, capacity 23231K, committed 23424K, reserved 1071104K
  class space    used 2354K, capacity 2568K, committed 2688K, reserved 1048576K
}
Event: 796.630 GC heap before
{Heap before GC invocations=653 (full 22):
 def new generation   total 1938752K, used 1904407K [0x0000000080200000, 0x00000001039a0000, 0x0000000300150000)
  eden space 1723392K, 100% used [0x0000000080200000, 0x00000000e9500000, 0x00000000e9500000)
  from space 215360K,  84% used [0x00000000f6750000, 0x0000000101815fc0, 0x00000001039a0000)
  to   space 215360K,   0% used [0x00000000e9500000, 0x00000000e9500000, 0x00000000f6750000)
 tenured generation   total 4308108K, used 4197127K [0x0000000300150000, 0x0000000407073000, 0x0000000800000000)
   the space 4308108K,  97% used [0x0000000300150000, 0x0000000400411f60, 0x0000000400412000, 0x0000000407073000)
 Metaspace       used 22715K, capacity 23231K, committed 23424K, reserved 1071104K
  class space    used 2354K, capacity 2568K, committed 2688K, reserved 1048576K
}
Event: 796.870 GC heap after
{Heap after GC invocations=654 (full 22):
 def new generation   total 1938752K, used 205706K [0x0000000080200000, 0x00000001039a0000, 0x0000000300150000)
  eden space 1723392K,   0% used [0x0000000080200000, 0x0000000080200000, 0x00000000e9500000)
  from space 215360K,  95% used [0x00000000e9500000, 0x00000000f5de2b90, 0x00000000f6750000)
  to   space 215360K,   0% used [0x00000000f6750000, 0x00000000f6750000, 0x00000001039a0000)
 tenured generation   total 4308108K, used 4274526K [0x0000000300150000, 0x0000000407073000, 0x0000000800000000)
   the space 4308108K,  99% used [0x0000000300150000, 0x0000000404fa79f8, 0x0000000404fa7a00, 0x0000000407073000)
 Metaspace       used 22715K, capacity 23231K, committed 23424K, reserved 1071104K
  class space    used 2354K, capacity 2568K, committed 2688K, reserved 1048576K
}
Event: 798.417 GC heap before
{Heap before GC invocations=654 (full 22):
 def new generation   total 1938752K, used 1929098K [0x0000000080200000, 0x00000001039a0000, 0x0000000300150000)
  eden space 1723392K, 100% used [0x0000000080200000, 0x00000000e9500000, 0x00000000e9500000)
  from space 215360K,  95% used [0x00000000e9500000, 0x00000000f5de2b90, 0x00000000f6750000)
  to   space 215360K,   0% used [0x00000000f6750000, 0x00000000f6750000, 0x00000001039a0000)
 tenured generation   total 4308108K, used 4274526K [0x0000000300150000, 0x0000000407073000, 0x0000000800000000)
   the space 4308108K,  99% used [0x0000000300150000, 0x0000000404fa79f8, 0x0000000404fa7a00, 0x0000000407073000)
 Metaspace       used 22715K, capacity 23231K, committed 23424K, reserved 1071104K
  class space    used 2354K, capacity 2568K, committed 2688K, reserved 1048576K
}
Event: 798.519 GC heap after
{Heap after GC invocations=655 (full 22):
 def new generation   total 1938752K, used 122983K [0x0000000080200000, 0x00000001039a0000, 0x0000000300150000)
  eden space 1723392K,   0% used [0x0000000080200000, 0x0000000080200000, 0x00000000e9500000)
  from space 215360K,  57% used [0x00000000f6750000, 0x00000000fdf69ed0, 0x00000001039a0000)
  to   space 215360K,   0% used [0x00000000e9500000, 0x00000000e9500000, 0x00000000f6750000)
 tenured generation   total 4308108K, used 4281753K [0x0000000300150000, 0x0000000407073000, 0x0000000800000000)
   the space 4308108K,  99% used [0x0000000300150000, 0x00000004056b66d8, 0x00000004056b6800, 0x0000000407073000)
 Metaspace       used 22715K, capacity 23231K, committed 23424K, reserved 1071104K
  class space    used 2354K, capacity 2568K, committed 2688K, reserved 1048576K
}
Event: 800.131 GC heap before
{Heap before GC invocations=655 (full 22):
 def new generation   total 1938752K, used 1846375K [0x0000000080200000, 0x00000001039a0000, 0x0000000300150000)
  eden space 1723392K, 100% used [0x0000000080200000, 0x00000000e9500000, 0x00000000e9500000)
  from space 215360K,  57% used [0x00000000f6750000, 0x00000000fdf69ed0, 0x00000001039a0000)
  to   space 215360K,   0% used [0x00000000e9500000, 0x00000000e9500000, 0x00000000f6750000)
 tenured generation   total 4308108K, used 4281753K [0x0000000300150000, 0x0000000407073000, 0x0000000800000000)
   the space 4308108K,  99% used [0x0000000300150000, 0x00000004056b66d8, 0x00000004056b6800, 0x0000000407073000)
 Metaspace       used 22715K, capacity 23231K, committed 23424K, reserved 1071104K
  class space    used 2354K, capacity 2568K, committed 2688K, reserved 1048576K
}
Event: 800.369 GC heap after
{Heap after GC invocations=656 (full 22):
 def new generation   total 1938752K, used 103617K [0x0000000080200000, 0x00000001039a0000, 0x0000000300150000)
  eden space 1723392K,   0% used [0x0000000080200000, 0x0000000080200000, 0x00000000e9500000)
  from space 215360K,  48% used [0x00000000e9500000, 0x00000000efa30528, 0x00000000f6750000)
  to   space 215360K,   0% used [0x00000000f6750000, 0x00000000f6750000, 0x00000001039a0000)
 tenured generation   total 4404352K, used 4404211K [0x0000000300150000, 0x000000040ce70000, 0x0000000800000000)
   the space 4404352K,  99% used [0x0000000300150000, 0x000000040ce4cd20, 0x000000040ce4ce00, 0x000000040ce70000)
 Metaspace       used 22715K, capacity 23231K, committed 23424K, reserved 1071104K
  class space    used 2354K, capacity 2568K, committed 2688K, reserved 1048576K
}
Event: 800.369 GC heap before
{Heap before GC invocations=656 (full 22):
 def new generation   total 1938752K, used 103617K [0x0000000080200000, 0x00000001039a0000, 0x0000000300150000)
  eden space 1723392K,   0% used [0x0000000080200000, 0x0000000080200000, 0x00000000e9500000)
  from space 215360K,  48% used [0x00000000e9500000, 0x00000000efa30528, 0x00000000f6750000)
  to   space 215360K,   0% used [0x00000000f6750000, 0x00000000f6750000, 0x00000001039a0000)
 tenured generation   total 4404352K, used 4404211K [0x0000000300150000, 0x000000040ce70000, 0x0000000800000000)
   the space 4404352K,  99% used [0x0000000300150000, 0x000000040ce4cd20, 0x000000040ce4ce00, 0x000000040ce70000)
 Metaspace       used 22715K, capacity 23231K, committed 23424K, reserved 1071104K
  class space    used 2354K, capacity 2568K, committed 2688K, reserved 1048576K
}

