# JRE version: OpenJDK Runtime Environment (13.0.7+5) (build 13.0.7+5-Ubuntu-0ubuntu120.04)
# Java VM: OpenJDK 64-Bit Server VM (13.0.7+5-Ubuntu-0ubuntu120.04, mixed mode, tiered, serial gc, linux-amd64)
Heap:
 def new generation   total 2996928K, used 0K [0x00007f39e0600000, 0x00007f3aab9e0000, 0x00007f3f35b50000)
  eden space 2663936K,   0% used [0x00007f39e0600000, 0x00007f39e0600000, 0x00007f3a82f80000)
  from space 332992K,   0% used [0x00007f3a974b0000, 0x00007f3a974b0000, 0x00007f3aab9e0000)
  to   space 332992K,   0% used [0x00007f3a82f80000, 0x00007f3a82f80000, 0x00007f3a974b0000)
 tenured generation   total 7217960K, used 7196988K [0x00007f3f35b50000, 0x00007f40ee41a000, 0x00007f49e0600000)
   the space 7217960K,  99% used [0x00007f3f35b50000, 0x00007f40ecf9f1f8, 0x00007f40ecf9f200, 0x00007f40ee41a000)
 Metaspace       used 30367K, capacity 30769K, committed 30976K, reserved 32768K
GC Heap History (20 events):
Event: 118.702 GC heap after
{Heap after GC invocations=60 (full 4):
 def new generation   total 2996928K, used 216495K [0x00007f39e0600000, 0x00007f3aab9e0000, 0x00007f3f35b50000)
  eden space 2663936K,   0% used [0x00007f39e0600000, 0x00007f39e0600000, 0x00007f3a82f80000)
  from space 332992K,  65% used [0x00007f3a82f80000, 0x00007f3a902ebfe0, 0x00007f3a974b0000)
  to   space 332992K,   0% used [0x00007f3a974b0000, 0x00007f3a974b0000, 0x00007f3aab9e0000)
 tenured generation   total 6659816K, used 4641185K [0x00007f3f35b50000, 0x00007f40cc30a000, 0x00007f49e0600000)
   the space 6659816K,  69% used [0x00007f3f35b50000, 0x00007f4050fb84a8, 0x00007f4050fb8600, 0x00007f40cc30a000)
 Metaspace       used 30367K, capacity 30769K, committed 30976K, reserved 32768K
}
Event: 119.489 GC heap before
{Heap before GC invocations=60 (full 4):
 def new generation   total 2996928K, used 2880431K [0x00007f39e0600000, 0x00007f3aab9e0000, 0x00007f3f35b50000)
  eden space 2663936K, 100% used [0x00007f39e0600000, 0x00007f3a82f80000, 0x00007f3a82f80000)
  from space 332992K,  65% used [0x00007f3a82f80000, 0x00007f3a902ebfe0, 0x00007f3a974b0000)
  to   space 332992K,   0% used [0x00007f3a974b0000, 0x00007f3a974b0000, 0x00007f3aab9e0000)
 tenured generation   total 6659816K, used 4641185K [0x00007f3f35b50000, 0x00007f40cc30a000, 0x00007f49e0600000)
   the space 6659816K,  69% used [0x00007f3f35b50000, 0x00007f4050fb84a8, 0x00007f4050fb8600, 0x00007f40cc30a000)
 Metaspace       used 30367K, capacity 30769K, committed 30976K, reserved 32768K
}
Event: 120.158 GC heap after
{Heap after GC invocations=61 (full 4):
 def new generation   total 2996928K, used 211924K [0x00007f39e0600000, 0x00007f3aab9e0000, 0x00007f3f35b50000)
  eden space 2663936K,   0% used [0x00007f39e0600000, 0x00007f39e0600000, 0x00007f3a82f80000)
  from space 332992K,  63% used [0x00007f3a974b0000, 0x00007f3aa43a5248, 0x00007f3aab9e0000)
  to   space 332992K,   0% used [0x00007f3a82f80000, 0x00007f3a82f80000, 0x00007f3a974b0000)
 tenured generation   total 6659816K, used 4857680K [0x00007f3f35b50000, 0x00007f40cc30a000, 0x00007f49e0600000)
   the space 6659816K,  72% used [0x00007f3f35b50000, 0x00007f405e324178, 0x00007f405e324200, 0x00007f40cc30a000)
 Metaspace       used 30367K, capacity 30769K, committed 30976K, reserved 32768K
}
Event: 120.881 GC heap before
{Heap before GC invocations=61 (full 4):
 def new generation   total 2996928K, used 2875860K [0x00007f39e0600000, 0x00007f3aab9e0000, 0x00007f3f35b50000)
  eden space 2663936K, 100% used [0x00007f39e0600000, 0x00007f3a82f80000, 0x00007f3a82f80000)
  from space 332992K,  63% used [0x00007f3a974b0000, 0x00007f3aa43a5248, 0x00007f3aab9e0000)
  to   space 332992K,   0% used [0x00007f3a82f80000, 0x00007f3a82f80000, 0x00007f3a974b0000)
 tenured generation   total 6659816K, used 4857680K [0x00007f3f35b50000, 0x00007f40cc30a000, 0x00007f49e0600000)
   the space 6659816K,  72% used [0x00007f3f35b50000, 0x00007f405e324178, 0x00007f405e324200, 0x00007f40cc30a000)
 Metaspace       used 30367K, capacity 30769K, committed 30976K, reserved 32768K
}
Event: 124.349 GC heap after
{Heap after GC invocations=62 (full 4):
 def new generation   total 2996928K, used 215342K [0x00007f39e0600000, 0x00007f3aab9e0000, 0x00007f3f35b50000)
  eden space 2663936K,   0% used [0x00007f39e0600000, 0x00007f39e0600000, 0x00007f3a82f80000)
  from space 332992K,  64% used [0x00007f3a82f80000, 0x00007f3a901cb8e8, 0x00007f3a974b0000)
  to   space 332992K,   0% used [0x00007f3a974b0000, 0x00007f3a974b0000, 0x00007f3aab9e0000)
 tenured generation   total 6659816K, used 5069604K [0x00007f3f35b50000, 0x00007f40cc30a000, 0x00007f49e0600000)
   the space 6659816K,  76% used [0x00007f3f35b50000, 0x00007f406b219170, 0x00007f406b219200, 0x00007f40cc30a000)
 Metaspace       used 30367K, capacity 30769K, committed 30976K, reserved 32768K
}
Event: 125.110 GC heap before
{Heap before GC invocations=62 (full 4):
 def new generation   total 2996928K, used 2879278K [0x00007f39e0600000, 0x00007f3aab9e0000, 0x00007f3f35b50000)
  eden space 2663936K, 100% used [0x00007f39e0600000, 0x00007f3a82f80000, 0x00007f3a82f80000)
  from space 332992K,  64% used [0x00007f3a82f80000, 0x00007f3a901cb8e8, 0x00007f3a974b0000)
  to   space 332992K,   0% used [0x00007f3a974b0000, 0x00007f3a974b0000, 0x00007f3aab9e0000)
 tenured generation   total 6659816K, used 5069604K [0x00007f3f35b50000, 0x00007f40cc30a000, 0x00007f49e0600000)
   the space 6659816K,  76% used [0x00007f3f35b50000, 0x00007f406b219170, 0x00007f406b219200, 0x00007f40cc30a000)
 Metaspace       used 30367K, capacity 30769K, committed 30976K, reserved 32768K
}
Event: 125.762 GC heap after
{Heap after GC invocations=63 (full 4):
 def new generation   total 2996928K, used 206158K [0x00007f39e0600000, 0x00007f3aab9e0000, 0x00007f3f35b50000)
  eden space 2663936K,   0% used [0x00007f39e0600000, 0x00007f39e0600000, 0x00007f3a82f80000)
  from space 332992K,  61% used [0x00007f3a974b0000, 0x00007f3aa3e03998, 0x00007f3aab9e0000)
  to   space 332992K,   0% used [0x00007f3a82f80000, 0x00007f3a82f80000, 0x00007f3a974b0000)
 tenured generation   total 6659816K, used 5284946K [0x00007f3f35b50000, 0x00007f40cc30a000, 0x00007f49e0600000)
   the space 6659816K,  79% used [0x00007f3f35b50000, 0x00007f40784648e8, 0x00007f4078464a00, 0x00007f40cc30a000)
 Metaspace       used 30367K, capacity 30769K, committed 30976K, reserved 32768K
}
Event: 126.455 GC heap before
{Heap before GC invocations=63 (full 4):
 def new generation   total 2996928K, used 2870094K [0x00007f39e0600000, 0x00007f3aab9e0000, 0x00007f3f35b50000)
  eden space 2663936K, 100% used [0x00007f39e0600000, 0x00007f3a82f80000, 0x00007f3a82f80000)
  from space 332992K,  61% used [0x00007f3a974b0000, 0x00007f3aa3e03998, 0x00007f3aab9e0000)
  to   space 332992K,   0% used [0x00007f3a82f80000, 0x00007f3a82f80000, 0x00007f3a974b0000)
 tenured generation   total 6659816K, used 5284946K [0x00007f3f35b50000, 0x00007f40cc30a000, 0x00007f49e0600000)
   the space 6659816K,  79% used [0x00007f3f35b50000, 0x00007f40784648e8, 0x00007f4078464a00, 0x00007f40cc30a000)
 Metaspace       used 30367K, capacity 30769K, committed 30976K, reserved 32768K
}
Event: 127.190 GC heap after
{Heap after GC invocations=64 (full 4):
 def new generation   total 2996928K, used 213531K [0x00007f39e0600000, 0x00007f3aab9e0000, 0x00007f3f35b50000)
  eden space 2663936K,   0% used [0x00007f39e0600000, 0x00007f39e0600000, 0x00007f3a82f80000)
  from space 332992K,  64% used [0x00007f3a82f80000, 0x00007f3a90006d58, 0x00007f3a974b0000)
  to   space 332992K,   0% used [0x00007f3a974b0000, 0x00007f3a974b0000, 0x00007f3aab9e0000)
 tenured generation   total 6659816K, used 5491103K [0x00007f3f35b50000, 0x00007f40cc30a000, 0x00007f49e0600000)
   the space 6659816K,  82% used [0x00007f3f35b50000, 0x00007f4084db7dc0, 0x00007f4084db7e00, 0x00007f40cc30a000)
 Metaspace       used 30367K, capacity 30769K, committed 30976K, reserved 32768K
}
Event: 127.849 GC heap before
{Heap before GC invocations=64 (full 4):
 def new generation   total 2996928K, used 2877467K [0x00007f39e0600000, 0x00007f3aab9e0000, 0x00007f3f35b50000)
  eden space 2663936K, 100% used [0x00007f39e0600000, 0x00007f3a82f80000, 0x00007f3a82f80000)
  from space 332992K,  64% used [0x00007f3a82f80000, 0x00007f3a90006d58, 0x00007f3a974b0000)
  to   space 332992K,   0% used [0x00007f3a974b0000, 0x00007f3a974b0000, 0x00007f3aab9e0000)
 tenured generation   total 6659816K, used 5491103K [0x00007f3f35b50000, 0x00007f40cc30a000, 0x00007f49e0600000)
   the space 6659816K,  82% used [0x00007f3f35b50000, 0x00007f4084db7dc0, 0x00007f4084db7e00, 0x00007f40cc30a000)
 Metaspace       used 30367K, capacity 30769K, committed 30976K, reserved 32768K
}
Event: 128.537 GC heap after
{Heap after GC invocations=65 (full 4):
 def new generation   total 2996928K, used 216680K [0x00007f39e0600000, 0x00007f3aab9e0000, 0x00007f3f35b50000)
  eden space 2663936K,   0% used [0x00007f39e0600000, 0x00007f39e0600000, 0x00007f3a82f80000)
  from space 332992K,  65% used [0x00007f3a974b0000, 0x00007f3aa484a160, 0x00007f3aab9e0000)
  to   space 332992K,   0% used [0x00007f3a82f80000, 0x00007f3a82f80000, 0x00007f3a974b0000)
 tenured generation   total 6659816K, used 5704634K [0x00007f3f35b50000, 0x00007f40cc30a000, 0x00007f49e0600000)
   the space 6659816K,  85% used [0x00007f3f35b50000, 0x00007f4091e3e948, 0x00007f4091e3ea00, 0x00007f40cc30a000)
 Metaspace       used 30367K, capacity 30769K, committed 30976K, reserved 32768K
}
Event: 129.229 GC heap before
{Heap before GC invocations=65 (full 4):
 def new generation   total 2996928K, used 2880616K [0x00007f39e0600000, 0x00007f3aab9e0000, 0x00007f3f35b50000)
  eden space 2663936K, 100% used [0x00007f39e0600000, 0x00007f3a82f80000, 0x00007f3a82f80000)
  from space 332992K,  65% used [0x00007f3a974b0000, 0x00007f3aa484a160, 0x00007f3aab9e0000)
  to   space 332992K,   0% used [0x00007f3a82f80000, 0x00007f3a82f80000, 0x00007f3a974b0000)
 tenured generation   total 6659816K, used 5704634K [0x00007f3f35b50000, 0x00007f40cc30a000, 0x00007f49e0600000)
   the space 6659816K,  85% used [0x00007f3f35b50000, 0x00007f4091e3e948, 0x00007f4091e3ea00, 0x00007f40cc30a000)
 Metaspace       used 30367K, capacity 30769K, committed 30976K, reserved 32768K
}
Event: 129.945 GC heap after
{Heap after GC invocations=66 (full 4):
 def new generation   total 2996928K, used 219457K [0x00007f39e0600000, 0x00007f3aab9e0000, 0x00007f3f35b50000)
  eden space 2663936K,   0% used [0x00007f39e0600000, 0x00007f39e0600000, 0x00007f3a82f80000)
  from space 332992K,  65% used [0x00007f3a82f80000, 0x00007f3a905d0788, 0x00007f3a974b0000)
  to   space 332992K,   0% used [0x00007f3a974b0000, 0x00007f3a974b0000, 0x00007f3aab9e0000)
 tenured generation   total 6659816K, used 5921313K [0x00007f3f35b50000, 0x00007f40cc30a000, 0x00007f49e0600000)
   the space 6659816K,  88% used [0x00007f3f35b50000, 0x00007f409f1d8658, 0x00007f409f1d8800, 0x00007f40cc30a000)
 Metaspace       used 30367K, capacity 30769K, committed 30976K, reserved 32768K
}
Event: 130.653 GC heap before
{Heap before GC invocations=66 (full 4):
 def new generation   total 2996928K, used 2883393K [0x00007f39e0600000, 0x00007f3aab9e0000, 0x00007f3f35b50000)
  eden space 2663936K, 100% used [0x00007f39e0600000, 0x00007f3a82f80000, 0x00007f3a82f80000)
  from space 332992K,  65% used [0x00007f3a82f80000, 0x00007f3a905d0788, 0x00007f3a974b0000)
  to   space 332992K,   0% used [0x00007f3a974b0000, 0x00007f3a974b0000, 0x00007f3aab9e0000)
 tenured generation   total 6659816K, used 5921313K [0x00007f3f35b50000, 0x00007f40cc30a000, 0x00007f49e0600000)
   the space 6659816K,  88% used [0x00007f3f35b50000, 0x00007f409f1d8658, 0x00007f409f1d8800, 0x00007f40cc30a000)
 Metaspace       used 30367K, capacity 30769K, committed 30976K, reserved 32768K
}
Event: 131.283 GC heap after
{Heap after GC invocations=67 (full 4):
 def new generation   total 2996928K, used 208451K [0x00007f39e0600000, 0x00007f3aab9e0000, 0x00007f3f35b50000)
  eden space 2663936K,   0% used [0x00007f39e0600000, 0x00007f39e0600000, 0x00007f3a82f80000)
  from space 332992K,  62% used [0x00007f3a974b0000, 0x00007f3aa4040c60, 0x00007f3aab9e0000)
  to   space 332992K,   0% used [0x00007f3a82f80000, 0x00007f3a82f80000, 0x00007f3a974b0000)
 tenured generation   total 6659816K, used 6140770K [0x00007f3f35b50000, 0x00007f40cc30a000, 0x00007f49e0600000)
   the space 6659816K,  92% used [0x00007f3f35b50000, 0x00007f40ac828a40, 0x00007f40ac828c00, 0x00007f40cc30a000)
 Metaspace       used 30367K, capacity 30769K, committed 30976K, reserved 32768K
}
Event: 131.991 GC heap before
{Heap before GC invocations=67 (full 4):
 def new generation   total 2996928K, used 2872387K [0x00007f39e0600000, 0x00007f3aab9e0000, 0x00007f3f35b50000)
  eden space 2663936K, 100% used [0x00007f39e0600000, 0x00007f3a82f80000, 0x00007f3a82f80000)
  from space 332992K,  62% used [0x00007f3a974b0000, 0x00007f3aa4040c60, 0x00007f3aab9e0000)
  to   space 332992K,   0% used [0x00007f3a82f80000, 0x00007f3a82f80000, 0x00007f3a974b0000)
 tenured generation   total 6659816K, used 6140770K [0x00007f3f35b50000, 0x00007f40cc30a000, 0x00007f49e0600000)
   the space 6659816K,  92% used [0x00007f3f35b50000, 0x00007f40ac828a40, 0x00007f40ac828c00, 0x00007f40cc30a000)
 Metaspace       used 30367K, capacity 30769K, committed 30976K, reserved 32768K
}
Event: 132.612 GC heap after
{Heap after GC invocations=68 (full 4):
 def new generation   total 2996928K, used 207536K [0x00007f39e0600000, 0x00007f3aab9e0000, 0x00007f3f35b50000)
  eden space 2663936K,   0% used [0x00007f39e0600000, 0x00007f39e0600000, 0x00007f3a82f80000)
  from space 332992K,  62% used [0x00007f3a82f80000, 0x00007f3a8fa2c3c0, 0x00007f3a974b0000)
  to   space 332992K,   0% used [0x00007f3a974b0000, 0x00007f3a974b0000, 0x00007f3aab9e0000)
 tenured generation   total 6659816K, used 6349221K [0x00007f3f35b50000, 0x00007f40cc30a000, 0x00007f49e0600000)
   the space 6659816K,  95% used [0x00007f3f35b50000, 0x00007f40b93b95a0, 0x00007f40b93b9600, 0x00007f40cc30a000)
 Metaspace       used 30367K, capacity 30769K, committed 30976K, reserved 32768K
}
Event: 182.786 GC heap before
{Heap before GC invocations=68 (full 4):
 def new generation   total 2996928K, used 2871472K [0x00007f39e0600000, 0x00007f3aab9e0000, 0x00007f3f35b50000)
  eden space 2663936K, 100% used [0x00007f39e0600000, 0x00007f3a82f80000, 0x00007f3a82f80000)
  from space 332992K,  62% used [0x00007f3a82f80000, 0x00007f3a8fa2c3c0, 0x00007f3a974b0000)
  to   space 332992K,   0% used [0x00007f3a974b0000, 0x00007f3a974b0000, 0x00007f3aab9e0000)
 tenured generation   total 6659816K, used 6349221K [0x00007f3f35b50000, 0x00007f40cc30a000, 0x00007f49e0600000)
   the space 6659816K,  95% used [0x00007f3f35b50000, 0x00007f40b93b95a0, 0x00007f40b93b9600, 0x00007f40cc30a000)
 Metaspace       used 30367K, capacity 30769K, committed 30976K, reserved 32768K
}
Event: 185.160 GC heap after
{Heap after GC invocations=69 (full 4):
 def new generation   total 2996928K, used 332991K [0x00007f39e0600000, 0x00007f3aab9e0000, 0x00007f3f35b50000)
  eden space 2663936K,   0% used [0x00007f39e0600000, 0x00007f39e0600000, 0x00007f3a82f80000)
  from space 332992K,  99% used [0x00007f3a974b0000, 0x00007f3aab9dfff8, 0x00007f3aab9e0000)
  to   space 332992K,   0% used [0x00007f3a82f80000, 0x00007f3a82f80000, 0x00007f3a974b0000)
 tenured generation   total 7217960K, used 7217841K [0x00007f3f35b50000, 0x00007f40ee41a000, 0x00007f49e0600000)
   the space 7217960K,  99% used [0x00007f3f35b50000, 0x00007f40ee3fc740, 0x00007f40ee3fc800, 0x00007f40ee41a000)
 Metaspace       used 30367K, capacity 30769K, committed 30976K, reserved 32768K
}
Event: 185.160 GC heap before
{Heap before GC invocations=69 (full 4):
 def new generation   total 2996928K, used 332991K [0x00007f39e0600000, 0x00007f3aab9e0000, 0x00007f3f35b50000)
  eden space 2663936K,   0% used [0x00007f39e0600000, 0x00007f39e0600000, 0x00007f3a82f80000)
  from space 332992K,  99% used [0x00007f3a974b0000, 0x00007f3aab9dfff8, 0x00007f3aab9e0000)
  to   space 332992K,   0% used [0x00007f3a82f80000, 0x00007f3a82f80000, 0x00007f3a974b0000)
 tenured generation   total 7217960K, used 7217841K [0x00007f3f35b50000, 0x00007f40ee41a000, 0x00007f49e0600000)
   the space 7217960K,  99% used [0x00007f3f35b50000, 0x00007f40ee3fc740, 0x00007f40ee3fc800, 0x00007f40ee41a000)
 Metaspace       used 30367K, capacity 30769K, committed 30976K, reserved 32768K
}

