# JRE version: OpenJDK Runtime Environment (13.0.7+5) (build 13.0.7+5-Ubuntu-0ubuntu120.04)
# Java VM: OpenJDK 64-Bit Server VM (13.0.7+5-Ubuntu-0ubuntu120.04, mixed mode, tiered, serial gc, linux-amd64)
Heap:
 def new generation   total 1048960K, used 17827K [0x00007fda30600000, 0x00007fda77830000, 0x00007fdf85b50000)
  eden space 932416K,   1% used [0x00007fda30600000, 0x00007fda31768c78, 0x00007fda69490000)
  from space 116544K,   0% used [0x00007fda69490000, 0x00007fda69490000, 0x00007fda70660000)
  to   space 116544K,   0% used [0x00007fda70660000, 0x00007fda70660000, 0x00007fda77830000)
 tenured generation   total 2331072K, used 2331071K [0x00007fdf85b50000, 0x00007fe013fc0000, 0x00007fea30600000)
   the space 2331072K,  99% used [0x00007fdf85b50000, 0x00007fe013fbfff8, 0x00007fe013fc0000, 0x00007fe013fc0000)
 Metaspace       used 24264K, capacity 24657K, committed 24832K, reserved 26624K
GC Heap History (20 events):
Event: 1662.314 GC heap after
{Heap after GC invocations=2744 (full 2):
 def new generation   total 1048960K, used 18215K [0x00007fda30600000, 0x00007fda77830000, 0x00007fdf85b50000)
  eden space 932416K,   0% used [0x00007fda30600000, 0x00007fda30600000, 0x00007fda69490000)
  from space 116544K,  15% used [0x00007fda70660000, 0x00007fda71829c08, 0x00007fda77830000)
  to   space 116544K,   0% used [0x00007fda69490000, 0x00007fda69490000, 0x00007fda70660000)
 tenured generation   total 2330880K, used 2320030K [0x00007fdf85b50000, 0x00007fe013f90000, 0x00007fea30600000)
   the space 2330880K,  99% used [0x00007fdf85b50000, 0x00007fe0134f7bf0, 0x00007fe0134f7c00, 0x00007fe013f90000)
 Metaspace       used 24264K, capacity 24657K, committed 24832K, reserved 26624K
}
Event: 1663.063 GC heap before
{Heap before GC invocations=2744 (full 2):
 def new generation   total 1048960K, used 950631K [0x00007fda30600000, 0x00007fda77830000, 0x00007fdf85b50000)
  eden space 932416K, 100% used [0x00007fda30600000, 0x00007fda69490000, 0x00007fda69490000)
  from space 116544K,  15% used [0x00007fda70660000, 0x00007fda71829c08, 0x00007fda77830000)
  to   space 116544K,   0% used [0x00007fda69490000, 0x00007fda69490000, 0x00007fda70660000)
 tenured generation   total 2330880K, used 2320030K [0x00007fdf85b50000, 0x00007fe013f90000, 0x00007fea30600000)
   the space 2330880K,  99% used [0x00007fdf85b50000, 0x00007fe0134f7bf0, 0x00007fe0134f7c00, 0x00007fe013f90000)
 Metaspace       used 24264K, capacity 24657K, committed 24832K, reserved 26624K
}
Event: 1663.100 GC heap after
{Heap after GC invocations=2745 (full 2):
 def new generation   total 1048960K, used 18024K [0x00007fda30600000, 0x00007fda77830000, 0x00007fdf85b50000)
  eden space 932416K,   0% used [0x00007fda30600000, 0x00007fda30600000, 0x00007fda69490000)
  from space 116544K,  15% used [0x00007fda69490000, 0x00007fda6a62a010, 0x00007fda70660000)
  to   space 116544K,   0% used [0x00007fda70660000, 0x00007fda70660000, 0x00007fda77830000)
 tenured generation   total 2330880K, used 2321270K [0x00007fdf85b50000, 0x00007fe013f90000, 0x00007fea30600000)
   the space 2330880K,  99% used [0x00007fdf85b50000, 0x00007fe01362da60, 0x00007fe01362dc00, 0x00007fe013f90000)
 Metaspace       used 24264K, capacity 24657K, committed 24832K, reserved 26624K
}
Event: 1663.917 GC heap before
{Heap before GC invocations=2745 (full 2):
 def new generation   total 1048960K, used 950440K [0x00007fda30600000, 0x00007fda77830000, 0x00007fdf85b50000)
  eden space 932416K, 100% used [0x00007fda30600000, 0x00007fda69490000, 0x00007fda69490000)
  from space 116544K,  15% used [0x00007fda69490000, 0x00007fda6a62a010, 0x00007fda70660000)
  to   space 116544K,   0% used [0x00007fda70660000, 0x00007fda70660000, 0x00007fda77830000)
 tenured generation   total 2330880K, used 2321270K [0x00007fdf85b50000, 0x00007fe013f90000, 0x00007fea30600000)
   the space 2330880K,  99% used [0x00007fdf85b50000, 0x00007fe01362da60, 0x00007fe01362dc00, 0x00007fe013f90000)
 Metaspace       used 24264K, capacity 24657K, committed 24832K, reserved 26624K
}
Event: 1663.954 GC heap after
{Heap after GC invocations=2746 (full 2):
 def new generation   total 1048960K, used 17970K [0x00007fda30600000, 0x00007fda77830000, 0x00007fdf85b50000)
  eden space 932416K,   0% used [0x00007fda30600000, 0x00007fda30600000, 0x00007fda69490000)
  from space 116544K,  15% used [0x00007fda70660000, 0x00007fda717ec9a0, 0x00007fda77830000)
  to   space 116544K,   0% used [0x00007fda69490000, 0x00007fda69490000, 0x00007fda70660000)
 tenured generation   total 2330880K, used 2322510K [0x00007fdf85b50000, 0x00007fe013f90000, 0x00007fea30600000)
   the space 2330880K,  99% used [0x00007fdf85b50000, 0x00007fe013763960, 0x00007fe013763a00, 0x00007fe013f90000)
 Metaspace       used 24264K, capacity 24657K, committed 24832K, reserved 26624K
}
Event: 1664.728 GC heap before
{Heap before GC invocations=2746 (full 2):
 def new generation   total 1048960K, used 950386K [0x00007fda30600000, 0x00007fda77830000, 0x00007fdf85b50000)
  eden space 932416K, 100% used [0x00007fda30600000, 0x00007fda69490000, 0x00007fda69490000)
  from space 116544K,  15% used [0x00007fda70660000, 0x00007fda717ec9a0, 0x00007fda77830000)
  to   space 116544K,   0% used [0x00007fda69490000, 0x00007fda69490000, 0x00007fda70660000)
 tenured generation   total 2330880K, used 2322510K [0x00007fdf85b50000, 0x00007fe013f90000, 0x00007fea30600000)
   the space 2330880K,  99% used [0x00007fdf85b50000, 0x00007fe013763960, 0x00007fe013763a00, 0x00007fe013f90000)
 Metaspace       used 24264K, capacity 24657K, committed 24832K, reserved 26624K
}
Event: 1664.759 GC heap after
{Heap after GC invocations=2747 (full 2):
 def new generation   total 1048960K, used 17963K [0x00007fda30600000, 0x00007fda77830000, 0x00007fdf85b50000)
  eden space 932416K,   0% used [0x00007fda30600000, 0x00007fda30600000, 0x00007fda69490000)
  from space 116544K,  15% used [0x00007fda69490000, 0x00007fda6a61ae48, 0x00007fda70660000)
  to   space 116544K,   0% used [0x00007fda70660000, 0x00007fda70660000, 0x00007fda77830000)
 tenured generation   total 2330880K, used 2323750K [0x00007fdf85b50000, 0x00007fe013f90000, 0x00007fea30600000)
   the space 2330880K,  99% used [0x00007fdf85b50000, 0x00007fe013899860, 0x00007fe013899a00, 0x00007fe013f90000)
 Metaspace       used 24264K, capacity 24657K, committed 24832K, reserved 26624K
}
Event: 1665.584 GC heap before
{Heap before GC invocations=2747 (full 2):
 def new generation   total 1048960K, used 950379K [0x00007fda30600000, 0x00007fda77830000, 0x00007fdf85b50000)
  eden space 932416K, 100% used [0x00007fda30600000, 0x00007fda69490000, 0x00007fda69490000)
  from space 116544K,  15% used [0x00007fda69490000, 0x00007fda6a61ae48, 0x00007fda70660000)
  to   space 116544K,   0% used [0x00007fda70660000, 0x00007fda70660000, 0x00007fda77830000)
 tenured generation   total 2330880K, used 2323750K [0x00007fdf85b50000, 0x00007fe013f90000, 0x00007fea30600000)
   the space 2330880K,  99% used [0x00007fdf85b50000, 0x00007fe013899860, 0x00007fe013899a00, 0x00007fe013f90000)
 Metaspace       used 24264K, capacity 24657K, committed 24832K, reserved 26624K
}
Event: 1665.627 GC heap after
{Heap after GC invocations=2748 (full 2):
 def new generation   total 1048960K, used 17991K [0x00007fda30600000, 0x00007fda77830000, 0x00007fdf85b50000)
  eden space 932416K,   0% used [0x00007fda30600000, 0x00007fda30600000, 0x00007fda69490000)
  from space 116544K,  15% used [0x00007fda70660000, 0x00007fda717f1de8, 0x00007fda77830000)
  to   space 116544K,   0% used [0x00007fda69490000, 0x00007fda69490000, 0x00007fda70660000)
 tenured generation   total 2330880K, used 2324977K [0x00007fdf85b50000, 0x00007fe013f90000, 0x00007fea30600000)
   the space 2330880K,  99% used [0x00007fdf85b50000, 0x00007fe0139cc760, 0x00007fe0139cc800, 0x00007fe013f90000)
 Metaspace       used 24264K, capacity 24657K, committed 24832K, reserved 26624K
}
Event: 1666.406 GC heap before
{Heap before GC invocations=2748 (full 2):
 def new generation   total 1048960K, used 950407K [0x00007fda30600000, 0x00007fda77830000, 0x00007fdf85b50000)
  eden space 932416K, 100% used [0x00007fda30600000, 0x00007fda69490000, 0x00007fda69490000)
  from space 116544K,  15% used [0x00007fda70660000, 0x00007fda717f1de8, 0x00007fda77830000)
  to   space 116544K,   0% used [0x00007fda69490000, 0x00007fda69490000, 0x00007fda70660000)
 tenured generation   total 2330880K, used 2324977K [0x00007fdf85b50000, 0x00007fe013f90000, 0x00007fea30600000)
   the space 2330880K,  99% used [0x00007fdf85b50000, 0x00007fe0139cc760, 0x00007fe0139cc800, 0x00007fe013f90000)
 Metaspace       used 24264K, capacity 24657K, committed 24832K, reserved 26624K
}
Event: 1666.444 GC heap after
{Heap after GC invocations=2749 (full 2):
 def new generation   total 1048960K, used 18185K [0x00007fda30600000, 0x00007fda77830000, 0x00007fdf85b50000)
  eden space 932416K,   0% used [0x00007fda30600000, 0x00007fda30600000, 0x00007fda69490000)
  from space 116544K,  15% used [0x00007fda69490000, 0x00007fda6a6526c0, 0x00007fda70660000)
  to   space 116544K,   0% used [0x00007fda70660000, 0x00007fda70660000, 0x00007fda77830000)
 tenured generation   total 2330880K, used 2326008K [0x00007fdf85b50000, 0x00007fe013f90000, 0x00007fea30600000)
   the space 2330880K,  99% used [0x00007fdf85b50000, 0x00007fe013ace0f8, 0x00007fe013ace200, 0x00007fe013f90000)
 Metaspace       used 24264K, capacity 24657K, committed 24832K, reserved 26624K
}
Event: 1667.218 GC heap before
{Heap before GC invocations=2749 (full 2):
 def new generation   total 1048960K, used 950601K [0x00007fda30600000, 0x00007fda77830000, 0x00007fdf85b50000)
  eden space 932416K, 100% used [0x00007fda30600000, 0x00007fda69490000, 0x00007fda69490000)
  from space 116544K,  15% used [0x00007fda69490000, 0x00007fda6a6526c0, 0x00007fda70660000)
  to   space 116544K,   0% used [0x00007fda70660000, 0x00007fda70660000, 0x00007fda77830000)
 tenured generation   total 2330880K, used 2326008K [0x00007fdf85b50000, 0x00007fe013f90000, 0x00007fea30600000)
   the space 2330880K,  99% used [0x00007fdf85b50000, 0x00007fe013ace0f8, 0x00007fe013ace200, 0x00007fe013f90000)
 Metaspace       used 24264K, capacity 24657K, committed 24832K, reserved 26624K
}
Event: 1667.258 GC heap after
{Heap after GC invocations=2750 (full 2):
 def new generation   total 1048960K, used 18039K [0x00007fda30600000, 0x00007fda77830000, 0x00007fdf85b50000)
  eden space 932416K,   0% used [0x00007fda30600000, 0x00007fda30600000, 0x00007fda69490000)
  from space 116544K,  15% used [0x00007fda70660000, 0x00007fda717fdc18, 0x00007fda77830000)
  to   space 116544K,   0% used [0x00007fda69490000, 0x00007fda69490000, 0x00007fda70660000)
 tenured generation   total 2330880K, used 2327247K [0x00007fdf85b50000, 0x00007fe013f90000, 0x00007fea30600000)
   the space 2330880K,  99% used [0x00007fdf85b50000, 0x00007fe013c03ff8, 0x00007fe013c04000, 0x00007fe013f90000)
 Metaspace       used 24264K, capacity 24657K, committed 24832K, reserved 26624K
}
Event: 1668.041 GC heap before
{Heap before GC invocations=2750 (full 2):
 def new generation   total 1048960K, used 950455K [0x00007fda30600000, 0x00007fda77830000, 0x00007fdf85b50000)
  eden space 932416K, 100% used [0x00007fda30600000, 0x00007fda69490000, 0x00007fda69490000)
  from space 116544K,  15% used [0x00007fda70660000, 0x00007fda717fdc18, 0x00007fda77830000)
  to   space 116544K,   0% used [0x00007fda69490000, 0x00007fda69490000, 0x00007fda70660000)
 tenured generation   total 2330880K, used 2327247K [0x00007fdf85b50000, 0x00007fe013f90000, 0x00007fea30600000)
   the space 2330880K,  99% used [0x00007fdf85b50000, 0x00007fe013c03ff8, 0x00007fe013c04000, 0x00007fe013f90000)
 Metaspace       used 24264K, capacity 24657K, committed 24832K, reserved 26624K
}
Event: 1668.078 GC heap after
{Heap after GC invocations=2751 (full 2):
 def new generation   total 1048960K, used 17942K [0x00007fda30600000, 0x00007fda77830000, 0x00007fdf85b50000)
  eden space 932416K,   0% used [0x00007fda30600000, 0x00007fda30600000, 0x00007fda69490000)
  from space 116544K,  15% used [0x00007fda69490000, 0x00007fda6a6158e0, 0x00007fda70660000)
  to   space 116544K,   0% used [0x00007fda70660000, 0x00007fda70660000, 0x00007fda77830000)
 tenured generation   total 2330880K, used 2328471K [0x00007fdf85b50000, 0x00007fe013f90000, 0x00007fea30600000)
   the space 2330880K,  99% used [0x00007fdf85b50000, 0x00007fe013d35db8, 0x00007fe013d35e00, 0x00007fe013f90000)
 Metaspace       used 24264K, capacity 24657K, committed 24832K, reserved 26624K
}
Event: 1668.849 GC heap before
{Heap before GC invocations=2751 (full 2):
 def new generation   total 1048960K, used 950358K [0x00007fda30600000, 0x00007fda77830000, 0x00007fdf85b50000)
  eden space 932416K, 100% used [0x00007fda30600000, 0x00007fda69490000, 0x00007fda69490000)
  from space 116544K,  15% used [0x00007fda69490000, 0x00007fda6a6158e0, 0x00007fda70660000)
  to   space 116544K,   0% used [0x00007fda70660000, 0x00007fda70660000, 0x00007fda77830000)
 tenured generation   total 2330880K, used 2328471K [0x00007fdf85b50000, 0x00007fe013f90000, 0x00007fea30600000)
   the space 2330880K,  99% used [0x00007fdf85b50000, 0x00007fe013d35db8, 0x00007fe013d35e00, 0x00007fe013f90000)
 Metaspace       used 24264K, capacity 24657K, committed 24832K, reserved 26624K
}
Event: 1668.887 GC heap after
{Heap after GC invocations=2752 (full 2):
 def new generation   total 1048960K, used 17929K [0x00007fda30600000, 0x00007fda77830000, 0x00007fdf85b50000)
  eden space 932416K,   0% used [0x00007fda30600000, 0x00007fda30600000, 0x00007fda69490000)
  from space 116544K,  15% used [0x00007fda70660000, 0x00007fda717e2780, 0x00007fda77830000)
  to   space 116544K,   0% used [0x00007fda69490000, 0x00007fda69490000, 0x00007fda70660000)
 tenured generation   total 2330880K, used 2329711K [0x00007fdf85b50000, 0x00007fe013f90000, 0x00007fea30600000)
   the space 2330880K,  99% used [0x00007fdf85b50000, 0x00007fe013e6bcb8, 0x00007fe013e6be00, 0x00007fe013f90000)
 Metaspace       used 24264K, capacity 24657K, committed 24832K, reserved 26624K
}
Event: 1669.667 GC heap before
{Heap before GC invocations=2752 (full 2):
 def new generation   total 1048960K, used 950345K [0x00007fda30600000, 0x00007fda77830000, 0x00007fdf85b50000)
  eden space 932416K, 100% used [0x00007fda30600000, 0x00007fda69490000, 0x00007fda69490000)
  from space 116544K,  15% used [0x00007fda70660000, 0x00007fda717e2780, 0x00007fda77830000)
  to   space 116544K,   0% used [0x00007fda69490000, 0x00007fda69490000, 0x00007fda70660000)
 tenured generation   total 2330880K, used 2329711K [0x00007fdf85b50000, 0x00007fe013f90000, 0x00007fea30600000)
   the space 2330880K,  99% used [0x00007fdf85b50000, 0x00007fe013e6bcb8, 0x00007fe013e6be00, 0x00007fe013f90000)
 Metaspace       used 24264K, capacity 24657K, committed 24832K, reserved 26624K
}
Event: 1669.707 GC heap after
{Heap after GC invocations=2753 (full 2):
 def new generation   total 1048960K, used 17948K [0x00007fda30600000, 0x00007fda77830000, 0x00007fdf85b50000)
  eden space 932416K,   0% used [0x00007fda30600000, 0x00007fda30600000, 0x00007fda69490000)
  from space 116544K,  15% used [0x00007fda69490000, 0x00007fda6a6170b8, 0x00007fda70660000)
  to   space 116544K,   0% used [0x00007fda70660000, 0x00007fda70660000, 0x00007fda77830000)
 tenured generation   total 2331072K, used 2330950K [0x00007fdf85b50000, 0x00007fe013fc0000, 0x00007fea30600000)
   the space 2331072K,  99% used [0x00007fdf85b50000, 0x00007fe013fa1bb8, 0x00007fe013fa1c00, 0x00007fe013fc0000)
 Metaspace       used 24264K, capacity 24657K, committed 24832K, reserved 26624K
}
Event: 1669.707 GC heap before
{Heap before GC invocations=2753 (full 2):
 def new generation   total 1048960K, used 17948K [0x00007fda30600000, 0x00007fda77830000, 0x00007fdf85b50000)
  eden space 932416K,   0% used [0x00007fda30600000, 0x00007fda30600000, 0x00007fda69490000)
  from space 116544K,  15% used [0x00007fda69490000, 0x00007fda6a6170b8, 0x00007fda70660000)
  to   space 116544K,   0% used [0x00007fda70660000, 0x00007fda70660000, 0x00007fda77830000)
 tenured generation   total 2331072K, used 2330950K [0x00007fdf85b50000, 0x00007fe013fc0000, 0x00007fea30600000)
   the space 2331072K,  99% used [0x00007fdf85b50000, 0x00007fe013fa1bb8, 0x00007fe013fa1c00, 0x00007fe013fc0000)
 Metaspace       used 24264K, capacity 24657K, committed 24832K, reserved 26624K
}

