# JRE version: OpenJDK Runtime Environment (13.0.7+5) (build 13.0.7+5-Ubuntu-0ubuntu120.04)
# Java VM: OpenJDK 64-Bit Server VM (13.0.7+5-Ubuntu-0ubuntu120.04, mixed mode, tiered, serial gc, linux-amd64)
Heap:
 def new generation   total 629248K, used 0K [0x00007f0948600000, 0x00007f09730c0000, 0x00007f0e9db50000)
  eden space 559360K,   0% used [0x00007f0948600000, 0x00007f0948600000, 0x00007f096a840000)
  from space 69888K,   0% used [0x00007f096a840000, 0x00007f096a840000, 0x00007f096ec80000)
  to   space 69888K,   0% used [0x00007f096ec80000, 0x00007f096ec80000, 0x00007f09730c0000)
 tenured generation   total 9786756K, used 8398389K [0x00007f0e9db50000, 0x00007f10f30b1000, 0x00007f1948600000)
   the space 9786756K,  85% used [0x00007f0e9db50000, 0x00007f109e4dd6c8, 0x00007f109e4dd800, 0x00007f10f30b1000)
 Metaspace       used 23319K, capacity 23686K, committed 23808K, reserved 24576K
GC Heap History (20 events):
Event: 11.450 GC heap after
{Heap after GC invocations=8 (full 1):
 def new generation   total 629248K, used 1K [0x00007f0948600000, 0x00007f09730c0000, 0x00007f0e9db50000)
  eden space 559360K,   0% used [0x00007f0948600000, 0x00007f0948600000, 0x00007f096a840000)
  from space 69888K,   0% used [0x00007f096ec80000, 0x00007f096ec80410, 0x00007f09730c0000)
  to   space 69888K,   0% used [0x00007f096a840000, 0x00007f096a840000, 0x00007f096ec80000)
 tenured generation   total 1398144K, used 866791K [0x00007f0e9db50000, 0x00007f0ef30b0000, 0x00007f1948600000)
   the space 1398144K,  61% used [0x00007f0e9db50000, 0x00007f0ed29c9ec8, 0x00007f0ed29ca000, 0x00007f0ef30b0000)
 Metaspace       used 23249K, capacity 23597K, committed 23808K, reserved 24576K
}
Event: 11.794 GC heap before
{Heap before GC invocations=8 (full 1):
 def new generation   total 629248K, used 387847K [0x00007f0948600000, 0x00007f09730c0000, 0x00007f0e9db50000)
  eden space 559360K,  69% used [0x00007f0948600000, 0x00007f09600c1868, 0x00007f096a840000)
  from space 69888K,   0% used [0x00007f096ec80000, 0x00007f096ec80410, 0x00007f09730c0000)
  to   space 69888K,   0% used [0x00007f096a840000, 0x00007f096a840000, 0x00007f096ec80000)
 tenured generation   total 1398144K, used 866791K [0x00007f0e9db50000, 0x00007f0ef30b0000, 0x00007f1948600000)
   the space 1398144K,  61% used [0x00007f0e9db50000, 0x00007f0ed29c9ec8, 0x00007f0ed29ca000, 0x00007f0ef30b0000)
 Metaspace       used 23250K, capacity 23597K, committed 23808K, reserved 24576K
}
Event: 11.889 GC heap after
{Heap after GC invocations=9 (full 1):
 def new generation   total 629248K, used 65781K [0x00007f0948600000, 0x00007f09730c0000, 0x00007f0e9db50000)
  eden space 559360K,   0% used [0x00007f0948600000, 0x00007f0948600000, 0x00007f096a840000)
  from space 69888K,  94% used [0x00007f096a840000, 0x00007f096e87d670, 0x00007f096ec80000)
  to   space 69888K,   0% used [0x00007f096ec80000, 0x00007f096ec80000, 0x00007f09730c0000)
 tenured generation   total 1398144K, used 965095K [0x00007f0e9db50000, 0x00007f0ef30b0000, 0x00007f1948600000)
   the space 1398144K,  69% used [0x00007f0e9db50000, 0x00007f0ed89c9ef8, 0x00007f0ed89ca000, 0x00007f0ef30b0000)
 Metaspace       used 23250K, capacity 23597K, committed 23808K, reserved 24576K
}
Event: 12.242 GC heap before
{Heap before GC invocations=9 (full 1):
 def new generation   total 629248K, used 601033K [0x00007f0948600000, 0x00007f09730c0000, 0x00007f0e9db50000)
  eden space 559360K,  95% used [0x00007f0948600000, 0x00007f09690b4dd8, 0x00007f096a840000)
  from space 69888K,  94% used [0x00007f096a840000, 0x00007f096e87d670, 0x00007f096ec80000)
  to   space 69888K,   0% used [0x00007f096ec80000, 0x00007f096ec80000, 0x00007f09730c0000)
 tenured generation   total 1398144K, used 965095K [0x00007f0e9db50000, 0x00007f0ef30b0000, 0x00007f1948600000)
   the space 1398144K,  69% used [0x00007f0e9db50000, 0x00007f0ed89c9ef8, 0x00007f0ed89ca000, 0x00007f0ef30b0000)
 Metaspace       used 23250K, capacity 23597K, committed 23808K, reserved 24576K
}
Event: 12.598 GC heap after
{Heap after GC invocations=10 (full 1):
 def new generation   total 629248K, used 0K [0x00007f0948600000, 0x00007f09730c0000, 0x00007f0e9db50000)
  eden space 559360K,   0% used [0x00007f0948600000, 0x00007f0948600000, 0x00007f096a840000)
  from space 69888K,   0% used [0x00007f096ec80000, 0x00007f096ec802d8, 0x00007f09730c0000)
  to   space 69888K,   0% used [0x00007f096a840000, 0x00007f096a840000, 0x00007f096ec80000)
 tenured generation   total 1660292K, used 1489628K [0x00007f0e9db50000, 0x00007f0f030b1000, 0x00007f1948600000)
   the space 1660292K,  89% used [0x00007f0e9db50000, 0x00007f0ef8a07228, 0x00007f0ef8a07400, 0x00007f0f030b1000)
 Metaspace       used 23250K, capacity 23597K, committed 23808K, reserved 24576K
}
Event: 12.598 GC heap before
{Heap before GC invocations=10 (full 1):
 def new generation   total 629248K, used 0K [0x00007f0948600000, 0x00007f09730c0000, 0x00007f0e9db50000)
  eden space 559360K,   0% used [0x00007f0948600000, 0x00007f0948600000, 0x00007f096a840000)
  from space 69888K,   0% used [0x00007f096ec80000, 0x00007f096ec802d8, 0x00007f09730c0000)
  to   space 69888K,   0% used [0x00007f096a840000, 0x00007f096a840000, 0x00007f096ec80000)
 tenured generation   total 1660292K, used 1489628K [0x00007f0e9db50000, 0x00007f0f030b1000, 0x00007f1948600000)
   the space 1660292K,  89% used [0x00007f0e9db50000, 0x00007f0ef8a07228, 0x00007f0ef8a07400, 0x00007f0f030b1000)
 Metaspace       used 23250K, capacity 23597K, committed 23808K, reserved 24576K
}
Event: 12.816 GC heap after
{Heap after GC invocations=10 (full 2):
 def new generation   total 629248K, used 0K [0x00007f0948600000, 0x00007f09730c0000, 0x00007f0e9db50000)
  eden space 559360K,   0% used [0x00007f0948600000, 0x00007f0948600000, 0x00007f096a840000)
  from space 69888K,   0% used [0x00007f096ec80000, 0x00007f096ec80000, 0x00007f09730c0000)
  to   space 69888K,   0% used [0x00007f096a840000, 0x00007f096a840000, 0x00007f096ec80000)
 tenured generation   total 1398144K, used 604640K [0x00007f0e9db50000, 0x00007f0ef30b0000, 0x00007f1948600000)
   the space 1398144K,  43% used [0x00007f0e9db50000, 0x00007f0ec29c8370, 0x00007f0ec29c8400, 0x00007f0ef30b0000)
 Metaspace       used 23250K, capacity 23597K, committed 23808K, reserved 24576K
}
Event: 13.252 GC heap before
{Heap before GC invocations=10 (full 2):
 def new generation   total 629248K, used 535279K [0x00007f0948600000, 0x00007f09730c0000, 0x00007f0e9db50000)
  eden space 559360K,  95% used [0x00007f0948600000, 0x00007f09690bbce0, 0x00007f096a840000)
  from space 69888K,   0% used [0x00007f096ec80000, 0x00007f096ec80000, 0x00007f09730c0000)
  to   space 69888K,   0% used [0x00007f096a840000, 0x00007f096a840000, 0x00007f096ec80000)
 tenured generation   total 1398144K, used 604640K [0x00007f0e9db50000, 0x00007f0ef30b0000, 0x00007f1948600000)
   the space 1398144K,  43% used [0x00007f0e9db50000, 0x00007f0ec29c8370, 0x00007f0ec29c8400, 0x00007f0ef30b0000)
 Metaspace       used 23250K, capacity 23597K, committed 23808K, reserved 24576K
}
Event: 13.328 GC heap after
{Heap after GC invocations=11 (full 2):
 def new generation   total 629248K, used 0K [0x00007f0948600000, 0x00007f09730c0000, 0x00007f0e9db50000)
  eden space 559360K,   0% used [0x00007f0948600000, 0x00007f0948600000, 0x00007f096a840000)
  from space 69888K,   0% used [0x00007f096a840000, 0x00007f096a8403e8, 0x00007f096ec80000)
  to   space 69888K,   0% used [0x00007f096ec80000, 0x00007f096ec80000, 0x00007f09730c0000)
 tenured generation   total 1398144K, used 866784K [0x00007f0e9db50000, 0x00007f0ef30b0000, 0x00007f1948600000)
   the space 1398144K,  61% used [0x00007f0e9db50000, 0x00007f0ed29c83a0, 0x00007f0ed29c8400, 0x00007f0ef30b0000)
 Metaspace       used 23250K, capacity 23597K, committed 23808K, reserved 24576K
}
Event: 13.901 GC heap before
{Heap before GC invocations=11 (full 2):
 def new generation   total 629248K, used 559360K [0x00007f0948600000, 0x00007f09730c0000, 0x00007f0e9db50000)
  eden space 559360K, 100% used [0x00007f0948600000, 0x00007f096a840000, 0x00007f096a840000)
  from space 69888K,   0% used [0x00007f096a840000, 0x00007f096a8403e8, 0x00007f096ec80000)
  to   space 69888K,   0% used [0x00007f096ec80000, 0x00007f096ec80000, 0x00007f09730c0000)
 tenured generation   total 1398144K, used 866784K [0x00007f0e9db50000, 0x00007f0ef30b0000, 0x00007f1948600000)
   the space 1398144K,  61% used [0x00007f0e9db50000, 0x00007f0ed29c83a0, 0x00007f0ed29c8400, 0x00007f0ef30b0000)
 Metaspace       used 23296K, capacity 23671K, committed 23808K, reserved 24576K
}
Event: 13.911 GC heap after
{Heap after GC invocations=12 (full 2):
 def new generation   total 629248K, used 33373K [0x00007f0948600000, 0x00007f09730c0000, 0x00007f0e9db50000)
  eden space 559360K,   0% used [0x00007f0948600000, 0x00007f0948600000, 0x00007f096a840000)
  from space 69888K,  47% used [0x00007f096ec80000, 0x00007f0970d17518, 0x00007f09730c0000)
  to   space 69888K,   0% used [0x00007f096a840000, 0x00007f096a840000, 0x00007f096ec80000)
 tenured generation   total 1398144K, used 866784K [0x00007f0e9db50000, 0x00007f0ef30b0000, 0x00007f1948600000)
   the space 1398144K,  61% used [0x00007f0e9db50000, 0x00007f0ed29c83a0, 0x00007f0ed29c8400, 0x00007f0ef30b0000)
 Metaspace       used 23296K, capacity 23671K, committed 23808K, reserved 24576K
}
Event: 14.421 GC heap before
{Heap before GC invocations=12 (full 2):
 def new generation   total 629248K, used 592733K [0x00007f0948600000, 0x00007f09730c0000, 0x00007f0e9db50000)
  eden space 559360K, 100% used [0x00007f0948600000, 0x00007f096a840000, 0x00007f096a840000)
  from space 69888K,  47% used [0x00007f096ec80000, 0x00007f0970d17518, 0x00007f09730c0000)
  to   space 69888K,   0% used [0x00007f096a840000, 0x00007f096a840000, 0x00007f096ec80000)
 tenured generation   total 1398144K, used 866784K [0x00007f0e9db50000, 0x00007f0ef30b0000, 0x00007f1948600000)
   the space 1398144K,  61% used [0x00007f0e9db50000, 0x00007f0ed29c83a0, 0x00007f0ed29c8400, 0x00007f0ef30b0000)
 Metaspace       used 23314K, capacity 23685K, committed 23808K, reserved 24576K
}
Event: 14.429 GC heap after
{Heap after GC invocations=13 (full 2):
 def new generation   total 629248K, used 33484K [0x00007f0948600000, 0x00007f09730c0000, 0x00007f0e9db50000)
  eden space 559360K,   0% used [0x00007f0948600000, 0x00007f0948600000, 0x00007f096a840000)
  from space 69888K,  47% used [0x00007f096a840000, 0x00007f096c8f30c8, 0x00007f096ec80000)
  to   space 69888K,   0% used [0x00007f096ec80000, 0x00007f096ec80000, 0x00007f09730c0000)
 tenured generation   total 1398144K, used 866784K [0x00007f0e9db50000, 0x00007f0ef30b0000, 0x00007f1948600000)
   the space 1398144K,  61% used [0x00007f0e9db50000, 0x00007f0ed29c83a0, 0x00007f0ed29c8400, 0x00007f0ef30b0000)
 Metaspace       used 23314K, capacity 23685K, committed 23808K, reserved 24576K
}
Event: 14.684 GC heap before
{Heap before GC invocations=13 (full 2):
 def new generation   total 629248K, used 482341K [0x00007f0948600000, 0x00007f09730c0000, 0x00007f0e9db50000)
  eden space 559360K,  80% used [0x00007f0948600000, 0x00007f0963c565a0, 0x00007f096a840000)
  from space 69888K,  47% used [0x00007f096a840000, 0x00007f096c8f30c8, 0x00007f096ec80000)
  to   space 69888K,   0% used [0x00007f096ec80000, 0x00007f096ec80000, 0x00007f09730c0000)
 tenured generation   total 1398144K, used 866784K [0x00007f0e9db50000, 0x00007f0ef30b0000, 0x00007f1948600000)
   the space 1398144K,  61% used [0x00007f0e9db50000, 0x00007f0ed29c83a0, 0x00007f0ed29c8400, 0x00007f0ef30b0000)
 Metaspace       used 23319K, capacity 23686K, committed 23808K, reserved 24576K
}
Event: 14.708 GC heap after
{Heap after GC invocations=14 (full 2):
 def new generation   total 629248K, used 50287K [0x00007f0948600000, 0x00007f09730c0000, 0x00007f0e9db50000)
  eden space 559360K,   0% used [0x00007f0948600000, 0x00007f0948600000, 0x00007f096a840000)
  from space 69888K,  71% used [0x00007f096ec80000, 0x00007f0971d9bee0, 0x00007f09730c0000)
  to   space 69888K,   0% used [0x00007f096a840000, 0x00007f096a840000, 0x00007f096ec80000)
 tenured generation   total 1398144K, used 866784K [0x00007f0e9db50000, 0x00007f0ef30b0000, 0x00007f1948600000)
   the space 1398144K,  61% used [0x00007f0e9db50000, 0x00007f0ed29c83a0, 0x00007f0ed29c8400, 0x00007f0ef30b0000)
 Metaspace       used 23319K, capacity 23686K, committed 23808K, reserved 24576K
}
Event: 14.708 GC heap before
{Heap before GC invocations=14 (full 2):
 def new generation   total 629248K, used 50287K [0x00007f0948600000, 0x00007f09730c0000, 0x00007f0e9db50000)
  eden space 559360K,   0% used [0x00007f0948600000, 0x00007f0948600000, 0x00007f096a840000)
  from space 69888K,  71% used [0x00007f096ec80000, 0x00007f0971d9bee0, 0x00007f09730c0000)
  to   space 69888K,   0% used [0x00007f096a840000, 0x00007f096a840000, 0x00007f096ec80000)
 tenured generation   total 1398144K, used 866784K [0x00007f0e9db50000, 0x00007f0ef30b0000, 0x00007f1948600000)
   the space 1398144K,  61% used [0x00007f0e9db50000, 0x00007f0ed29c83a0, 0x00007f0ed29c8400, 0x00007f0ef30b0000)
 Metaspace       used 23319K, capacity 23686K, committed 23808K, reserved 24576K
}
Event: 14.749 GC heap after
{Heap after GC invocations=14 (full 3):
 def new generation   total 629248K, used 0K [0x00007f0948600000, 0x00007f09730c0000, 0x00007f0e9db50000)
  eden space 559360K,   0% used [0x00007f0948600000, 0x00007f0948600000, 0x00007f096a840000)
  from space 69888K,   0% used [0x00007f096ec80000, 0x00007f096ec80000, 0x00007f09730c0000)
  to   space 69888K,   0% used [0x00007f096a840000, 0x00007f096a840000, 0x00007f096ec80000)
 tenured generation   total 1398144K, used 31527K [0x00007f0e9db50000, 0x00007f0ef30b0000, 0x00007f1948600000)
   the space 1398144K,   2% used [0x00007f0e9db50000, 0x00007f0e9fa19ef8, 0x00007f0e9fa1a000, 0x00007f0ef30b0000)
 Metaspace       used 23319K, capacity 23686K, committed 23808K, reserved 24576K
}
Event: 23.823 GC heap before
{Heap before GC invocations=14 (full 3):
 def new generation   total 629248K, used 11023K [0x00007f0948600000, 0x00007f09730c0000, 0x00007f0e9db50000)
  eden space 559360K,   1% used [0x00007f0948600000, 0x00007f09490c3d88, 0x00007f096a840000)
  from space 69888K,   0% used [0x00007f096ec80000, 0x00007f096ec80000, 0x00007f09730c0000)
  to   space 69888K,   0% used [0x00007f096a840000, 0x00007f096a840000, 0x00007f096ec80000)
 tenured generation   total 9786756K, used 8420135K [0x00007f0e9db50000, 0x00007f10f30b1000, 0x00007f1948600000)
   the space 9786756K,  86% used [0x00007f0e9db50000, 0x00007f109fa19f10, 0x00007f109fa1a000, 0x00007f10f30b1000)
 Metaspace       used 23319K, capacity 23686K, committed 23808K, reserved 24576K
}
Event: 23.864 GC heap after
{Heap after GC invocations=15 (full 3):
 def new generation   total 629248K, used 0K [0x00007f0948600000, 0x00007f09730c0000, 0x00007f0e9db50000)
  eden space 559360K,   0% used [0x00007f0948600000, 0x00007f0948600000, 0x00007f096a840000)
  from space 69888K,   0% used [0x00007f096a840000, 0x00007f096a840178, 0x00007f096ec80000)
  to   space 69888K,   0% used [0x00007f096ec80000, 0x00007f096ec80000, 0x00007f09730c0000)
 tenured generation   total 9786756K, used 8420135K [0x00007f0e9db50000, 0x00007f10f30b1000, 0x00007f1948600000)
   the space 9786756K,  86% used [0x00007f0e9db50000, 0x00007f109fa19f10, 0x00007f109fa1a000, 0x00007f10f30b1000)
 Metaspace       used 23319K, capacity 23686K, committed 23808K, reserved 24576K
}
Event: 23.864 GC heap before
{Heap before GC invocations=15 (full 3):
 def new generation   total 629248K, used 0K [0x00007f0948600000, 0x00007f09730c0000, 0x00007f0e9db50000)
  eden space 559360K,   0% used [0x00007f0948600000, 0x00007f0948600000, 0x00007f096a840000)
  from space 69888K,   0% used [0x00007f096a840000, 0x00007f096a840178, 0x00007f096ec80000)
  to   space 69888K,   0% used [0x00007f096ec80000, 0x00007f096ec80000, 0x00007f09730c0000)
 tenured generation   total 9786756K, used 8420135K [0x00007f0e9db50000, 0x00007f10f30b1000, 0x00007f1948600000)
   the space 9786756K,  86% used [0x00007f0e9db50000, 0x00007f109fa19f10, 0x00007f109fa1a000, 0x00007f10f30b1000)
 Metaspace       used 23319K, capacity 23686K, committed 23808K, reserved 24576K
}

