# JRE version: OpenJDK Runtime Environment (13.0.7+5) (build 13.0.7+5-Ubuntu-0ubuntu120.04)
# Java VM: OpenJDK 64-Bit Server VM (13.0.7+5-Ubuntu-0ubuntu120.04, mixed mode, tiered, serial gc, linux-amd64)
Heap:
 def new generation   total 8270336K, used 0K [0x00007ef124600000, 0x00007ef3553e0000, 0x00007ef679b50000)
  eden space 7351424K,   0% used [0x00007ef124600000, 0x00007ef124600000, 0x00007ef2e5120000)
  from space 918912K,   0% used [0x00007ef31d280000, 0x00007ef31d280000, 0x00007ef3553e0000)
  to   space 918912K,   0% used [0x00007ef2e5120000, 0x00007ef2e5120000, 0x00007ef31d280000)
 tenured generation   total 18777788K, used 18273351K [0x00007ef679b50000, 0x00007efaf3cff000, 0x00007f0124600000)
   the space 18777788K,  97% used [0x00007ef679b50000, 0x00007efad5061ff0, 0x00007efad5062000, 0x00007efaf3cff000)
 Metaspace       used 30642K, capacity 31053K, committed 31232K, reserved 32768K
GC Heap History (20 events):
Event: 730.177 GC heap after
{Heap after GC invocations=41 (full 7):
 def new generation   total 8270336K, used 634679K [0x00007ef124600000, 0x00007ef3553e0000, 0x00007ef679b50000)
  eden space 7351424K,   0% used [0x00007ef124600000, 0x00007ef124600000, 0x00007ef2e5120000)
  from space 918912K,  69% used [0x00007ef2e5120000, 0x00007ef30bcedf90, 0x00007ef31d280000)
  to   space 918912K,   0% used [0x00007ef31d280000, 0x00007ef31d280000, 0x00007ef3553e0000)
 tenured generation   total 18378428K, used 13766745K [0x00007ef679b50000, 0x00007efadb6ff000, 0x00007f0124600000)
   the space 18378428K,  74% used [0x00007ef679b50000, 0x00007ef9c1f667c0, 0x00007ef9c1f66800, 0x00007efadb6ff000)
 Metaspace       used 30642K, capacity 31053K, committed 31232K, reserved 32768K
}
Event: 732.342 GC heap before
{Heap before GC invocations=41 (full 7):
 def new generation   total 8270336K, used 7986103K [0x00007ef124600000, 0x00007ef3553e0000, 0x00007ef679b50000)
  eden space 7351424K, 100% used [0x00007ef124600000, 0x00007ef2e5120000, 0x00007ef2e5120000)
  from space 918912K,  69% used [0x00007ef2e5120000, 0x00007ef30bcedf90, 0x00007ef31d280000)
  to   space 918912K,   0% used [0x00007ef31d280000, 0x00007ef31d280000, 0x00007ef3553e0000)
 tenured generation   total 18378428K, used 13766745K [0x00007ef679b50000, 0x00007efadb6ff000, 0x00007f0124600000)
   the space 18378428K,  74% used [0x00007ef679b50000, 0x00007ef9c1f667c0, 0x00007ef9c1f66800, 0x00007efadb6ff000)
 Metaspace       used 30642K, capacity 31053K, committed 31232K, reserved 32768K
}
Event: 733.734 GC heap after
{Heap after GC invocations=42 (full 7):
 def new generation   total 8270336K, used 572668K [0x00007ef124600000, 0x00007ef3553e0000, 0x00007ef679b50000)
  eden space 7351424K,   0% used [0x00007ef124600000, 0x00007ef124600000, 0x00007ef2e5120000)
  from space 918912K,  62% used [0x00007ef31d280000, 0x00007ef3401bf350, 0x00007ef3553e0000)
  to   space 918912K,   0% used [0x00007ef2e5120000, 0x00007ef2e5120000, 0x00007ef31d280000)
 tenured generation   total 18378428K, used 14401425K [0x00007ef679b50000, 0x00007efadb6ff000, 0x00007f0124600000)
   the space 18378428K,  78% used [0x00007ef679b50000, 0x00007ef9e8b34470, 0x00007ef9e8b34600, 0x00007efadb6ff000)
 Metaspace       used 30642K, capacity 31053K, committed 31232K, reserved 32768K
}
Event: 735.880 GC heap before
{Heap before GC invocations=42 (full 7):
 def new generation   total 8270336K, used 7924092K [0x00007ef124600000, 0x00007ef3553e0000, 0x00007ef679b50000)
  eden space 7351424K, 100% used [0x00007ef124600000, 0x00007ef2e5120000, 0x00007ef2e5120000)
  from space 918912K,  62% used [0x00007ef31d280000, 0x00007ef3401bf350, 0x00007ef3553e0000)
  to   space 918912K,   0% used [0x00007ef2e5120000, 0x00007ef2e5120000, 0x00007ef31d280000)
 tenured generation   total 18378428K, used 14401425K [0x00007ef679b50000, 0x00007efadb6ff000, 0x00007f0124600000)
   the space 18378428K,  78% used [0x00007ef679b50000, 0x00007ef9e8b34470, 0x00007ef9e8b34600, 0x00007efadb6ff000)
 Metaspace       used 30642K, capacity 31053K, committed 31232K, reserved 32768K
}
Event: 737.180 GC heap after
{Heap after GC invocations=43 (full 7):
 def new generation   total 8270336K, used 550372K [0x00007ef124600000, 0x00007ef3553e0000, 0x00007ef679b50000)
  eden space 7351424K,   0% used [0x00007ef124600000, 0x00007ef124600000, 0x00007ef2e5120000)
  from space 918912K,  59% used [0x00007ef2e5120000, 0x00007ef306a99300, 0x00007ef31d280000)
  to   space 918912K,   0% used [0x00007ef31d280000, 0x00007ef31d280000, 0x00007ef3553e0000)
 tenured generation   total 18378428K, used 14974093K [0x00007ef679b50000, 0x00007efadb6ff000, 0x00007f0124600000)
   the space 18378428K,  81% used [0x00007ef679b50000, 0x00007efa0ba736c0, 0x00007efa0ba73800, 0x00007efadb6ff000)
 Metaspace       used 30642K, capacity 31053K, committed 31232K, reserved 32768K
}
Event: 739.301 GC heap before
{Heap before GC invocations=43 (full 7):
 def new generation   total 8270336K, used 7901796K [0x00007ef124600000, 0x00007ef3553e0000, 0x00007ef679b50000)
  eden space 7351424K, 100% used [0x00007ef124600000, 0x00007ef2e5120000, 0x00007ef2e5120000)
  from space 918912K,  59% used [0x00007ef2e5120000, 0x00007ef306a99300, 0x00007ef31d280000)
  to   space 918912K,   0% used [0x00007ef31d280000, 0x00007ef31d280000, 0x00007ef3553e0000)
 tenured generation   total 18378428K, used 14974093K [0x00007ef679b50000, 0x00007efadb6ff000, 0x00007f0124600000)
   the space 18378428K,  81% used [0x00007ef679b50000, 0x00007efa0ba736c0, 0x00007efa0ba73800, 0x00007efadb6ff000)
 Metaspace       used 30642K, capacity 31053K, committed 31232K, reserved 32768K
}
Event: 740.588 GC heap after
{Heap after GC invocations=44 (full 7):
 def new generation   total 8270336K, used 547811K [0x00007ef124600000, 0x00007ef3553e0000, 0x00007ef679b50000)
  eden space 7351424K,   0% used [0x00007ef124600000, 0x00007ef124600000, 0x00007ef2e5120000)
  from space 918912K,  59% used [0x00007ef31d280000, 0x00007ef33e978e10, 0x00007ef3553e0000)
  to   space 918912K,   0% used [0x00007ef2e5120000, 0x00007ef2e5120000, 0x00007ef31d280000)
 tenured generation   total 18378428K, used 15524465K [0x00007ef679b50000, 0x00007efadb6ff000, 0x00007f0124600000)
   the space 18378428K,  84% used [0x00007ef679b50000, 0x00007efa2d3ec600, 0x00007efa2d3ec600, 0x00007efadb6ff000)
 Metaspace       used 30642K, capacity 31053K, committed 31232K, reserved 32768K
}
Event: 742.569 GC heap before
{Heap before GC invocations=44 (full 7):
 def new generation   total 8270336K, used 7899235K [0x00007ef124600000, 0x00007ef3553e0000, 0x00007ef679b50000)
  eden space 7351424K, 100% used [0x00007ef124600000, 0x00007ef2e5120000, 0x00007ef2e5120000)
  from space 918912K,  59% used [0x00007ef31d280000, 0x00007ef33e978e10, 0x00007ef3553e0000)
  to   space 918912K,   0% used [0x00007ef2e5120000, 0x00007ef2e5120000, 0x00007ef31d280000)
 tenured generation   total 18378428K, used 15524465K [0x00007ef679b50000, 0x00007efadb6ff000, 0x00007f0124600000)
   the space 18378428K,  84% used [0x00007ef679b50000, 0x00007efa2d3ec600, 0x00007efa2d3ec600, 0x00007efadb6ff000)
 Metaspace       used 30642K, capacity 31053K, committed 31232K, reserved 32768K
}
Event: 743.864 GC heap after
{Heap after GC invocations=45 (full 7):
 def new generation   total 8270336K, used 541860K [0x00007ef124600000, 0x00007ef3553e0000, 0x00007ef679b50000)
  eden space 7351424K,   0% used [0x00007ef124600000, 0x00007ef124600000, 0x00007ef2e5120000)
  from space 918912K,  58% used [0x00007ef2e5120000, 0x00007ef306249120, 0x00007ef31d280000)
  to   space 918912K,   0% used [0x00007ef31d280000, 0x00007ef31d280000, 0x00007ef3553e0000)
 tenured generation   total 18378428K, used 16072276K [0x00007ef679b50000, 0x00007efadb6ff000, 0x00007f0124600000)
   the space 18378428K,  87% used [0x00007ef679b50000, 0x00007efa4eae5050, 0x00007efa4eae5200, 0x00007efadb6ff000)
 Metaspace       used 30642K, capacity 31053K, committed 31232K, reserved 32768K
}
Event: 745.841 GC heap before
{Heap before GC invocations=45 (full 7):
 def new generation   total 8270336K, used 7893284K [0x00007ef124600000, 0x00007ef3553e0000, 0x00007ef679b50000)
  eden space 7351424K, 100% used [0x00007ef124600000, 0x00007ef2e5120000, 0x00007ef2e5120000)
  from space 918912K,  58% used [0x00007ef2e5120000, 0x00007ef306249120, 0x00007ef31d280000)
  to   space 918912K,   0% used [0x00007ef31d280000, 0x00007ef31d280000, 0x00007ef3553e0000)
 tenured generation   total 18378428K, used 16072276K [0x00007ef679b50000, 0x00007efadb6ff000, 0x00007f0124600000)
   the space 18378428K,  87% used [0x00007ef679b50000, 0x00007efa4eae5050, 0x00007efa4eae5200, 0x00007efadb6ff000)
 Metaspace       used 30642K, capacity 31053K, committed 31232K, reserved 32768K
}
Event: 747.126 GC heap after
{Heap after GC invocations=46 (full 7):
 def new generation   total 8270336K, used 541164K [0x00007ef124600000, 0x00007ef3553e0000, 0x00007ef679b50000)
  eden space 7351424K,   0% used [0x00007ef124600000, 0x00007ef124600000, 0x00007ef2e5120000)
  from space 918912K,  58% used [0x00007ef31d280000, 0x00007ef33e2fb3a0, 0x00007ef3553e0000)
  to   space 918912K,   0% used [0x00007ef2e5120000, 0x00007ef2e5120000, 0x00007ef31d280000)
 tenured generation   total 18378428K, used 16614135K [0x00007ef679b50000, 0x00007efadb6ff000, 0x00007f0124600000)
   the space 18378428K,  90% used [0x00007ef679b50000, 0x00007efa6fc0de90, 0x00007efa6fc0e000, 0x00007efadb6ff000)
 Metaspace       used 30642K, capacity 31053K, committed 31232K, reserved 32768K
}
Event: 749.061 GC heap before
{Heap before GC invocations=46 (full 7):
 def new generation   total 8270336K, used 7892588K [0x00007ef124600000, 0x00007ef3553e0000, 0x00007ef679b50000)
  eden space 7351424K, 100% used [0x00007ef124600000, 0x00007ef2e5120000, 0x00007ef2e5120000)
  from space 918912K,  58% used [0x00007ef31d280000, 0x00007ef33e2fb3a0, 0x00007ef3553e0000)
  to   space 918912K,   0% used [0x00007ef2e5120000, 0x00007ef2e5120000, 0x00007ef31d280000)
 tenured generation   total 18378428K, used 16614135K [0x00007ef679b50000, 0x00007efadb6ff000, 0x00007f0124600000)
   the space 18378428K,  90% used [0x00007ef679b50000, 0x00007efa6fc0de90, 0x00007efa6fc0e000, 0x00007efadb6ff000)
 Metaspace       used 30642K, capacity 31053K, committed 31232K, reserved 32768K
}
Event: 750.360 GC heap after
{Heap after GC invocations=47 (full 7):
 def new generation   total 8270336K, used 540167K [0x00007ef124600000, 0x00007ef3553e0000, 0x00007ef679b50000)
  eden space 7351424K,   0% used [0x00007ef124600000, 0x00007ef124600000, 0x00007ef2e5120000)
  from space 918912K,  58% used [0x00007ef2e5120000, 0x00007ef3060a1ed0, 0x00007ef31d280000)
  to   space 918912K,   0% used [0x00007ef31d280000, 0x00007ef31d280000, 0x00007ef3553e0000)
 tenured generation   total 18378428K, used 17155299K [0x00007ef679b50000, 0x00007efadb6ff000, 0x00007f0124600000)
   the space 18378428K,  93% used [0x00007ef679b50000, 0x00007efa90c88f80, 0x00007efa90c89000, 0x00007efadb6ff000)
 Metaspace       used 30642K, capacity 31053K, committed 31232K, reserved 32768K
}
Event: 752.339 GC heap before
{Heap before GC invocations=47 (full 7):
 def new generation   total 8270336K, used 7891591K [0x00007ef124600000, 0x00007ef3553e0000, 0x00007ef679b50000)
  eden space 7351424K, 100% used [0x00007ef124600000, 0x00007ef2e5120000, 0x00007ef2e5120000)
  from space 918912K,  58% used [0x00007ef2e5120000, 0x00007ef3060a1ed0, 0x00007ef31d280000)
  to   space 918912K,   0% used [0x00007ef31d280000, 0x00007ef31d280000, 0x00007ef3553e0000)
 tenured generation   total 18378428K, used 17155299K [0x00007ef679b50000, 0x00007efadb6ff000, 0x00007f0124600000)
   the space 18378428K,  93% used [0x00007ef679b50000, 0x00007efa90c88f80, 0x00007efa90c89000, 0x00007efadb6ff000)
 Metaspace       used 30642K, capacity 31053K, committed 31232K, reserved 32768K
}
Event: 753.643 GC heap after
{Heap after GC invocations=48 (full 7):
 def new generation   total 8270336K, used 540333K [0x00007ef124600000, 0x00007ef3553e0000, 0x00007ef679b50000)
  eden space 7351424K,   0% used [0x00007ef124600000, 0x00007ef124600000, 0x00007ef2e5120000)
  from space 918912K,  58% used [0x00007ef31d280000, 0x00007ef33e22b500, 0x00007ef3553e0000)
  to   space 918912K,   0% used [0x00007ef2e5120000, 0x00007ef2e5120000, 0x00007ef31d280000)
 tenured generation   total 18378428K, used 17695467K [0x00007ef679b50000, 0x00007efadb6ff000, 0x00007f0124600000)
   the space 18378428K,  96% used [0x00007ef679b50000, 0x00007efab1c0ac10, 0x00007efab1c0ae00, 0x00007efadb6ff000)
 Metaspace       used 30642K, capacity 31053K, committed 31232K, reserved 32768K
}
Event: 755.576 GC heap before
{Heap before GC invocations=48 (full 7):
 def new generation   total 8270336K, used 7891757K [0x00007ef124600000, 0x00007ef3553e0000, 0x00007ef679b50000)
  eden space 7351424K, 100% used [0x00007ef124600000, 0x00007ef2e5120000, 0x00007ef2e5120000)
  from space 918912K,  58% used [0x00007ef31d280000, 0x00007ef33e22b500, 0x00007ef3553e0000)
  to   space 918912K,   0% used [0x00007ef2e5120000, 0x00007ef2e5120000, 0x00007ef31d280000)
 tenured generation   total 18378428K, used 17695467K [0x00007ef679b50000, 0x00007efadb6ff000, 0x00007f0124600000)
   the space 18378428K,  96% used [0x00007ef679b50000, 0x00007efab1c0ac10, 0x00007efab1c0ae00, 0x00007efadb6ff000)
 Metaspace       used 30642K, capacity 31053K, committed 31232K, reserved 32768K
}
Event: 756.857 GC heap after
{Heap after GC invocations=49 (full 7):
 def new generation   total 8270336K, used 541933K [0x00007ef124600000, 0x00007ef3553e0000, 0x00007ef679b50000)
  eden space 7351424K,   0% used [0x00007ef124600000, 0x00007ef124600000, 0x00007ef2e5120000)
  from space 918912K,  58% used [0x00007ef2e5120000, 0x00007ef30625b6a0, 0x00007ef31d280000)
  to   space 918912K,   0% used [0x00007ef31d280000, 0x00007ef31d280000, 0x00007ef3553e0000)
 tenured generation   total 18378428K, used 18235799K [0x00007ef679b50000, 0x00007efadb6ff000, 0x00007f0124600000)
   the space 18378428K,  99% used [0x00007ef679b50000, 0x00007efad2bb5f00, 0x00007efad2bb6000, 0x00007efadb6ff000)
 Metaspace       used 30642K, capacity 31053K, committed 31232K, reserved 32768K
}
Event: 758.825 GC heap before
{Heap before GC invocations=49 (full 7):
 def new generation   total 8270336K, used 7893357K [0x00007ef124600000, 0x00007ef3553e0000, 0x00007ef679b50000)
  eden space 7351424K, 100% used [0x00007ef124600000, 0x00007ef2e5120000, 0x00007ef2e5120000)
  from space 918912K,  58% used [0x00007ef2e5120000, 0x00007ef30625b6a0, 0x00007ef31d280000)
  to   space 918912K,   0% used [0x00007ef31d280000, 0x00007ef31d280000, 0x00007ef3553e0000)
 tenured generation   total 18378428K, used 18235799K [0x00007ef679b50000, 0x00007efadb6ff000, 0x00007f0124600000)
   the space 18378428K,  99% used [0x00007ef679b50000, 0x00007efad2bb5f00, 0x00007efad2bb6000, 0x00007efadb6ff000)
 Metaspace       used 30642K, capacity 31053K, committed 31232K, reserved 32768K
}
Event: 760.449 GC heap after
{Heap after GC invocations=50 (full 7):
 def new generation   total 8270336K, used 669444K [0x00007ef124600000, 0x00007ef3553e0000, 0x00007ef679b50000)
  eden space 7351424K,   0% used [0x00007ef124600000, 0x00007ef124600000, 0x00007ef2e5120000)
  from space 918912K,  72% used [0x00007ef31d280000, 0x00007ef3460412f0, 0x00007ef3553e0000)
  to   space 918912K,   0% used [0x00007ef2e5120000, 0x00007ef2e5120000, 0x00007ef31d280000)
 tenured generation   total 18777788K, used 18777732K [0x00007ef679b50000, 0x00007efaf3cff000, 0x00007f0124600000)
   the space 18777788K,  99% used [0x00007ef679b50000, 0x00007efaf3cf13e0, 0x00007efaf3cf1400, 0x00007efaf3cff000)
 Metaspace       used 30642K, capacity 31053K, committed 31232K, reserved 32768K
}
Event: 760.449 GC heap before
{Heap before GC invocations=50 (full 7):
 def new generation   total 8270336K, used 669444K [0x00007ef124600000, 0x00007ef3553e0000, 0x00007ef679b50000)
  eden space 7351424K,   0% used [0x00007ef124600000, 0x00007ef124600000, 0x00007ef2e5120000)
  from space 918912K,  72% used [0x00007ef31d280000, 0x00007ef3460412f0, 0x00007ef3553e0000)
  to   space 918912K,   0% used [0x00007ef2e5120000, 0x00007ef2e5120000, 0x00007ef31d280000)
 tenured generation   total 18777788K, used 18777732K [0x00007ef679b50000, 0x00007efaf3cff000, 0x00007f0124600000)
   the space 18777788K,  99% used [0x00007ef679b50000, 0x00007efaf3cf13e0, 0x00007efaf3cf1400, 0x00007efaf3cff000)
 Metaspace       used 30642K, capacity 31053K, committed 31232K, reserved 32768K
}

