# JRE version: OpenJDK Runtime Environment (13.0.7+5) (build 13.0.7+5-Ubuntu-0ubuntu120.04)
# Java VM: OpenJDK 64-Bit Server VM (13.0.7+5-Ubuntu-0ubuntu120.04, mixed mode, tiered, serial gc, linux-amd64)
Heap:
 def new generation   total 1833152K, used 0K [0x00007f97e4600000, 0x00007f9860b10000, 0x00007f9d39b50000)
  eden space 1629504K,   0% used [0x00007f97e4600000, 0x00007f97e4600000, 0x00007f9847d50000)
  from space 203648K,   0% used [0x00007f9854430000, 0x00007f9854430000, 0x00007f9860b10000)
  to   space 203648K,   0% used [0x00007f9847d50000, 0x00007f9847d50000, 0x00007f9854430000)
 tenured generation   total 4097880K, used 4032468K [0x00007f9d39b50000, 0x00007f9e33d26000, 0x00007fa7e4600000)
   the space 4097880K,  98% used [0x00007f9d39b50000, 0x00007f9e2fd45358, 0x00007f9e2fd45400, 0x00007f9e33d26000)
 Metaspace       used 30617K, capacity 31050K, committed 31232K, reserved 32768K
GC Heap History (20 events):
Event: 92.839 GC heap after
{Heap after GC invocations=46 (full 3):
 def new generation   total 1833152K, used 134939K [0x00007f97e4600000, 0x00007f9860b10000, 0x00007f9d39b50000)
  eden space 1629504K,   0% used [0x00007f97e4600000, 0x00007f97e4600000, 0x00007f9847d50000)
  from space 203648K,  66% used [0x00007f9847d50000, 0x00007f9850116e08, 0x00007f9854430000)
  to   space 203648K,   0% used [0x00007f9854430000, 0x00007f9854430000, 0x00007f9860b10000)
 tenured generation   total 4073496K, used 2874500K [0x00007f9d39b50000, 0x00007f9e32556000, 0x00007fa7e4600000)
   the space 4073496K,  70% used [0x00007f9d39b50000, 0x00007f9de9271388, 0x00007f9de9271400, 0x00007f9e32556000)
 Metaspace       used 30617K, capacity 31050K, committed 31232K, reserved 32768K
}
Event: 93.434 GC heap before
{Heap before GC invocations=46 (full 3):
 def new generation   total 1833152K, used 1764443K [0x00007f97e4600000, 0x00007f9860b10000, 0x00007f9d39b50000)
  eden space 1629504K, 100% used [0x00007f97e4600000, 0x00007f9847d50000, 0x00007f9847d50000)
  from space 203648K,  66% used [0x00007f9847d50000, 0x00007f9850116e08, 0x00007f9854430000)
  to   space 203648K,   0% used [0x00007f9854430000, 0x00007f9854430000, 0x00007f9860b10000)
 tenured generation   total 4073496K, used 2874500K [0x00007f9d39b50000, 0x00007f9e32556000, 0x00007fa7e4600000)
   the space 4073496K,  70% used [0x00007f9d39b50000, 0x00007f9de9271388, 0x00007f9de9271400, 0x00007f9e32556000)
 Metaspace       used 30617K, capacity 31050K, committed 31232K, reserved 32768K
}
Event: 94.607 GC heap after
{Heap after GC invocations=47 (full 3):
 def new generation   total 1833152K, used 134035K [0x00007f97e4600000, 0x00007f9860b10000, 0x00007f9d39b50000)
  eden space 1629504K,   0% used [0x00007f97e4600000, 0x00007f97e4600000, 0x00007f9847d50000)
  from space 203648K,  65% used [0x00007f9854430000, 0x00007f985c714db0, 0x00007f9860b10000)
  to   space 203648K,   0% used [0x00007f9847d50000, 0x00007f9847d50000, 0x00007f9854430000)
 tenured generation   total 4073496K, used 3009439K [0x00007f9d39b50000, 0x00007f9e32556000, 0x00007fa7e4600000)
   the space 4073496K,  73% used [0x00007f9d39b50000, 0x00007f9df1637da8, 0x00007f9df1637e00, 0x00007f9e32556000)
 Metaspace       used 30617K, capacity 31050K, committed 31232K, reserved 32768K
}
Event: 95.228 GC heap before
{Heap before GC invocations=47 (full 3):
 def new generation   total 1833152K, used 1763539K [0x00007f97e4600000, 0x00007f9860b10000, 0x00007f9d39b50000)
  eden space 1629504K, 100% used [0x00007f97e4600000, 0x00007f9847d50000, 0x00007f9847d50000)
  from space 203648K,  65% used [0x00007f9854430000, 0x00007f985c714db0, 0x00007f9860b10000)
  to   space 203648K,   0% used [0x00007f9847d50000, 0x00007f9847d50000, 0x00007f9854430000)
 tenured generation   total 4073496K, used 3009439K [0x00007f9d39b50000, 0x00007f9e32556000, 0x00007fa7e4600000)
   the space 4073496K,  73% used [0x00007f9d39b50000, 0x00007f9df1637da8, 0x00007f9df1637e00, 0x00007f9e32556000)
 Metaspace       used 30617K, capacity 31050K, committed 31232K, reserved 32768K
}
Event: 95.698 GC heap after
{Heap after GC invocations=48 (full 3):
 def new generation   total 1833152K, used 135337K [0x00007f97e4600000, 0x00007f9860b10000, 0x00007f9d39b50000)
  eden space 1629504K,   0% used [0x00007f97e4600000, 0x00007f97e4600000, 0x00007f9847d50000)
  from space 203648K,  66% used [0x00007f9847d50000, 0x00007f985017a480, 0x00007f9854430000)
  to   space 203648K,   0% used [0x00007f9854430000, 0x00007f9854430000, 0x00007f9860b10000)
 tenured generation   total 4073496K, used 3143473K [0x00007f9d39b50000, 0x00007f9e32556000, 0x00007fa7e4600000)
   the space 4073496K,  77% used [0x00007f9d39b50000, 0x00007f9df991c588, 0x00007f9df991c600, 0x00007f9e32556000)
 Metaspace       used 30617K, capacity 31050K, committed 31232K, reserved 32768K
}
Event: 96.224 GC heap before
{Heap before GC invocations=48 (full 3):
 def new generation   total 1833152K, used 1764841K [0x00007f97e4600000, 0x00007f9860b10000, 0x00007f9d39b50000)
  eden space 1629504K, 100% used [0x00007f97e4600000, 0x00007f9847d50000, 0x00007f9847d50000)
  from space 203648K,  66% used [0x00007f9847d50000, 0x00007f985017a480, 0x00007f9854430000)
  to   space 203648K,   0% used [0x00007f9854430000, 0x00007f9854430000, 0x00007f9860b10000)
 tenured generation   total 4073496K, used 3143473K [0x00007f9d39b50000, 0x00007f9e32556000, 0x00007fa7e4600000)
   the space 4073496K,  77% used [0x00007f9d39b50000, 0x00007f9df991c588, 0x00007f9df991c600, 0x00007f9e32556000)
 Metaspace       used 30617K, capacity 31050K, committed 31232K, reserved 32768K
}
Event: 96.671 GC heap after
{Heap after GC invocations=49 (full 3):
 def new generation   total 1833152K, used 119506K [0x00007f97e4600000, 0x00007f9860b10000, 0x00007f9d39b50000)
  eden space 1629504K,   0% used [0x00007f97e4600000, 0x00007f97e4600000, 0x00007f9847d50000)
  from space 203648K,  58% used [0x00007f9854430000, 0x00007f985b8e4838, 0x00007f9860b10000)
  to   space 203648K,   0% used [0x00007f9847d50000, 0x00007f9847d50000, 0x00007f9854430000)
 tenured generation   total 4073496K, used 3278809K [0x00007f9d39b50000, 0x00007f9e32556000, 0x00007fa7e4600000)
   the space 4073496K,  80% used [0x00007f9d39b50000, 0x00007f9e01d46738, 0x00007f9e01d46800, 0x00007f9e32556000)
 Metaspace       used 30617K, capacity 31050K, committed 31232K, reserved 32768K
}
Event: 97.180 GC heap before
{Heap before GC invocations=49 (full 3):
 def new generation   total 1833152K, used 1749010K [0x00007f97e4600000, 0x00007f9860b10000, 0x00007f9d39b50000)
  eden space 1629504K, 100% used [0x00007f97e4600000, 0x00007f9847d50000, 0x00007f9847d50000)
  from space 203648K,  58% used [0x00007f9854430000, 0x00007f985b8e4838, 0x00007f9860b10000)
  to   space 203648K,   0% used [0x00007f9847d50000, 0x00007f9847d50000, 0x00007f9854430000)
 tenured generation   total 4073496K, used 3278809K [0x00007f9d39b50000, 0x00007f9e32556000, 0x00007fa7e4600000)
   the space 4073496K,  80% used [0x00007f9d39b50000, 0x00007f9e01d46738, 0x00007f9e01d46800, 0x00007f9e32556000)
 Metaspace       used 30617K, capacity 31050K, committed 31232K, reserved 32768K
}
Event: 97.660 GC heap after
{Heap after GC invocations=50 (full 3):
 def new generation   total 1833152K, used 148415K [0x00007f97e4600000, 0x00007f9860b10000, 0x00007f9d39b50000)
  eden space 1629504K,   0% used [0x00007f97e4600000, 0x00007f97e4600000, 0x00007f9847d50000)
  from space 203648K,  72% used [0x00007f9847d50000, 0x00007f9850e3ff80, 0x00007f9854430000)
  to   space 203648K,   0% used [0x00007f9854430000, 0x00007f9854430000, 0x00007f9860b10000)
 tenured generation   total 4073496K, used 3398314K [0x00007f9d39b50000, 0x00007f9e32556000, 0x00007fa7e4600000)
   the space 4073496K,  83% used [0x00007f9d39b50000, 0x00007f9e091fab70, 0x00007f9e091fac00, 0x00007f9e32556000)
 Metaspace       used 30617K, capacity 31050K, committed 31232K, reserved 32768K
}
Event: 98.241 GC heap before
{Heap before GC invocations=50 (full 3):
 def new generation   total 1833152K, used 1777919K [0x00007f97e4600000, 0x00007f9860b10000, 0x00007f9d39b50000)
  eden space 1629504K, 100% used [0x00007f97e4600000, 0x00007f9847d50000, 0x00007f9847d50000)
  from space 203648K,  72% used [0x00007f9847d50000, 0x00007f9850e3ff80, 0x00007f9854430000)
  to   space 203648K,   0% used [0x00007f9854430000, 0x00007f9854430000, 0x00007f9860b10000)
 tenured generation   total 4073496K, used 3398314K [0x00007f9d39b50000, 0x00007f9e32556000, 0x00007fa7e4600000)
   the space 4073496K,  83% used [0x00007f9d39b50000, 0x00007f9e091fab70, 0x00007f9e091fac00, 0x00007f9e32556000)
 Metaspace       used 30617K, capacity 31050K, committed 31232K, reserved 32768K
}
Event: 98.777 GC heap after
{Heap after GC invocations=51 (full 3):
 def new generation   total 1833152K, used 129485K [0x00007f97e4600000, 0x00007f9860b10000, 0x00007f9d39b50000)
  eden space 1629504K,   0% used [0x00007f97e4600000, 0x00007f97e4600000, 0x00007f9847d50000)
  from space 203648K,  63% used [0x00007f9854430000, 0x00007f985c2a3510, 0x00007f9860b10000)
  to   space 203648K,   0% used [0x00007f9847d50000, 0x00007f9847d50000, 0x00007f9854430000)
 tenured generation   total 4073496K, used 3546729K [0x00007f9d39b50000, 0x00007f9e32556000, 0x00007fa7e4600000)
   the space 4073496K,  87% used [0x00007f9d39b50000, 0x00007f9e122ea760, 0x00007f9e122ea800, 0x00007f9e32556000)
 Metaspace       used 30617K, capacity 31050K, committed 31232K, reserved 32768K
}
Event: 99.347 GC heap before
{Heap before GC invocations=51 (full 3):
 def new generation   total 1833152K, used 1758989K [0x00007f97e4600000, 0x00007f9860b10000, 0x00007f9d39b50000)
  eden space 1629504K, 100% used [0x00007f97e4600000, 0x00007f9847d50000, 0x00007f9847d50000)
  from space 203648K,  63% used [0x00007f9854430000, 0x00007f985c2a3510, 0x00007f9860b10000)
  to   space 203648K,   0% used [0x00007f9847d50000, 0x00007f9847d50000, 0x00007f9854430000)
 tenured generation   total 4073496K, used 3546729K [0x00007f9d39b50000, 0x00007f9e32556000, 0x00007fa7e4600000)
   the space 4073496K,  87% used [0x00007f9d39b50000, 0x00007f9e122ea760, 0x00007f9e122ea800, 0x00007f9e32556000)
 Metaspace       used 30617K, capacity 31050K, committed 31232K, reserved 32768K
}
Event: 99.857 GC heap after
{Heap after GC invocations=52 (full 3):
 def new generation   total 1833152K, used 138169K [0x00007f97e4600000, 0x00007f9860b10000, 0x00007f9d39b50000)
  eden space 1629504K,   0% used [0x00007f97e4600000, 0x00007f97e4600000, 0x00007f9847d50000)
  from space 203648K,  67% used [0x00007f9847d50000, 0x00007f985043e5a0, 0x00007f9854430000)
  to   space 203648K,   0% used [0x00007f9854430000, 0x00007f9854430000, 0x00007f9860b10000)
 tenured generation   total 4073496K, used 3676214K [0x00007f9d39b50000, 0x00007f9e32556000, 0x00007fa7e4600000)
   the space 4073496K,  90% used [0x00007f9d39b50000, 0x00007f9e1a15d8e0, 0x00007f9e1a15da00, 0x00007f9e32556000)
 Metaspace       used 30617K, capacity 31050K, committed 31232K, reserved 32768K
}
Event: 100.428 GC heap before
{Heap before GC invocations=52 (full 3):
 def new generation   total 1833152K, used 1767673K [0x00007f97e4600000, 0x00007f9860b10000, 0x00007f9d39b50000)
  eden space 1629504K, 100% used [0x00007f97e4600000, 0x00007f9847d50000, 0x00007f9847d50000)
  from space 203648K,  67% used [0x00007f9847d50000, 0x00007f985043e5a0, 0x00007f9854430000)
  to   space 203648K,   0% used [0x00007f9854430000, 0x00007f9854430000, 0x00007f9860b10000)
 tenured generation   total 4073496K, used 3676214K [0x00007f9d39b50000, 0x00007f9e32556000, 0x00007fa7e4600000)
   the space 4073496K,  90% used [0x00007f9d39b50000, 0x00007f9e1a15d8e0, 0x00007f9e1a15da00, 0x00007f9e32556000)
 Metaspace       used 30617K, capacity 31050K, committed 31232K, reserved 32768K
}
Event: 100.990 GC heap after
{Heap after GC invocations=53 (full 3):
 def new generation   total 1833152K, used 148036K [0x00007f97e4600000, 0x00007f9860b10000, 0x00007f9d39b50000)
  eden space 1629504K,   0% used [0x00007f97e4600000, 0x00007f97e4600000, 0x00007f9847d50000)
  from space 203648K,  72% used [0x00007f9854430000, 0x00007f985d4c1118, 0x00007f9860b10000)
  to   space 203648K,   0% used [0x00007f9847d50000, 0x00007f9847d50000, 0x00007f9854430000)
 tenured generation   total 4073496K, used 3814382K [0x00007f9d39b50000, 0x00007f9e32556000, 0x00007fa7e4600000)
   the space 4073496K,  93% used [0x00007f9d39b50000, 0x00007f9e2284ba30, 0x00007f9e2284bc00, 0x00007f9e32556000)
 Metaspace       used 30617K, capacity 31050K, committed 31232K, reserved 32768K
}
Event: 101.520 GC heap before
{Heap before GC invocations=53 (full 3):
 def new generation   total 1833152K, used 1777540K [0x00007f97e4600000, 0x00007f9860b10000, 0x00007f9d39b50000)
  eden space 1629504K, 100% used [0x00007f97e4600000, 0x00007f9847d50000, 0x00007f9847d50000)
  from space 203648K,  72% used [0x00007f9854430000, 0x00007f985d4c1118, 0x00007f9860b10000)
  to   space 203648K,   0% used [0x00007f9847d50000, 0x00007f9847d50000, 0x00007f9854430000)
 tenured generation   total 4073496K, used 3814382K [0x00007f9d39b50000, 0x00007f9e32556000, 0x00007fa7e4600000)
   the space 4073496K,  93% used [0x00007f9d39b50000, 0x00007f9e2284ba30, 0x00007f9e2284bc00, 0x00007f9e32556000)
 Metaspace       used 30617K, capacity 31050K, committed 31232K, reserved 32768K
}
Event: 101.993 GC heap after
{Heap after GC invocations=54 (full 3):
 def new generation   total 1833152K, used 135362K [0x00007f97e4600000, 0x00007f9860b10000, 0x00007f9d39b50000)
  eden space 1629504K,   0% used [0x00007f97e4600000, 0x00007f97e4600000, 0x00007f9847d50000)
  from space 203648K,  66% used [0x00007f9847d50000, 0x00007f9850180af0, 0x00007f9854430000)
  to   space 203648K,   0% used [0x00007f9854430000, 0x00007f9854430000, 0x00007f9860b10000)
 tenured generation   total 4073496K, used 3962418K [0x00007f9d39b50000, 0x00007f9e32556000, 0x00007fa7e4600000)
   the space 4073496K,  97% used [0x00007f9d39b50000, 0x00007f9e2b8dc8b8, 0x00007f9e2b8dca00, 0x00007f9e32556000)
 Metaspace       used 30617K, capacity 31050K, committed 31232K, reserved 32768K
}
Event: 102.592 GC heap before
{Heap before GC invocations=54 (full 3):
 def new generation   total 1833152K, used 1764866K [0x00007f97e4600000, 0x00007f9860b10000, 0x00007f9d39b50000)
  eden space 1629504K, 100% used [0x00007f97e4600000, 0x00007f9847d50000, 0x00007f9847d50000)
  from space 203648K,  66% used [0x00007f9847d50000, 0x00007f9850180af0, 0x00007f9854430000)
  to   space 203648K,   0% used [0x00007f9854430000, 0x00007f9854430000, 0x00007f9860b10000)
 tenured generation   total 4073496K, used 3962418K [0x00007f9d39b50000, 0x00007f9e32556000, 0x00007fa7e4600000)
   the space 4073496K,  97% used [0x00007f9d39b50000, 0x00007f9e2b8dc8b8, 0x00007f9e2b8dca00, 0x00007f9e32556000)
 Metaspace       used 30617K, capacity 31050K, committed 31232K, reserved 32768K
}
Event: 103.025 GC heap after
{Heap after GC invocations=55 (full 3):
 def new generation   total 1833152K, used 119612K [0x00007f97e4600000, 0x00007f9860b10000, 0x00007f9d39b50000)
  eden space 1629504K,   0% used [0x00007f97e4600000, 0x00007f97e4600000, 0x00007f9847d50000)
  from space 203648K,  58% used [0x00007f9854430000, 0x00007f985b8ff090, 0x00007f9860b10000)
  to   space 203648K,   0% used [0x00007f9847d50000, 0x00007f9847d50000, 0x00007f9854430000)
 tenured generation   total 4097880K, used 4097780K [0x00007f9d39b50000, 0x00007f9e33d26000, 0x00007fa7e4600000)
   the space 4097880K,  99% used [0x00007f9d39b50000, 0x00007f9e33d0d018, 0x00007f9e33d0d200, 0x00007f9e33d26000)
 Metaspace       used 30617K, capacity 31050K, committed 31232K, reserved 32768K
}
Event: 103.025 GC heap before
{Heap before GC invocations=55 (full 3):
 def new generation   total 1833152K, used 119612K [0x00007f97e4600000, 0x00007f9860b10000, 0x00007f9d39b50000)
  eden space 1629504K,   0% used [0x00007f97e4600000, 0x00007f97e4600000, 0x00007f9847d50000)
  from space 203648K,  58% used [0x00007f9854430000, 0x00007f985b8ff090, 0x00007f9860b10000)
  to   space 203648K,   0% used [0x00007f9847d50000, 0x00007f9847d50000, 0x00007f9854430000)
 tenured generation   total 4097880K, used 4097780K [0x00007f9d39b50000, 0x00007f9e33d26000, 0x00007fa7e4600000)
   the space 4097880K,  99% used [0x00007f9d39b50000, 0x00007f9e33d0d018, 0x00007f9e33d0d200, 0x00007f9e33d26000)
 Metaspace       used 30617K, capacity 31050K, committed 31232K, reserved 32768K
}

