# JRE version: OpenJDK Runtime Environment (13.0.7+5) (build 13.0.7+5-Ubuntu-0ubuntu120.04)
# Java VM: OpenJDK 64-Bit Server VM (13.0.7+5-Ubuntu-0ubuntu120.04, mixed mode, tiered, serial gc, linux-amd64)
Heap:
 def new generation   total 3161984K, used 2152237K [0x00007f9f50600000, 0x00007fa026cf0000, 0x00007fa4a5b50000)
  eden space 2810688K,  76% used [0x00007f9f50600000, 0x00007f9fd3bcb6f8, 0x00007f9ffbed0000)
  from space 351296K,   0% used [0x00007fa0115e0000, 0x00007fa0115e0000, 0x00007fa026cf0000)
  to   space 351296K,   0% used [0x00007f9ffbed0000, 0x00007f9ffbed0218, 0x00007fa0115e0000)
 tenured generation   total 7026548K, used 6306976K [0x00007fa4a5b50000, 0x00007fa65292d000, 0x00007faf50600000)
   the space 7026548K,  89% used [0x00007fa4a5b50000, 0x00007fa626a780f8, 0x00007fa626a78200, 0x00007fa65292d000)
 Metaspace       used 24298K, capacity 24707K, committed 24832K, reserved 26624K
GC Heap History (20 events):
Event: 1696.991 GC heap after
{Heap after GC invocations=230 (full 89):
 def new generation   total 3161984K, used 23032K [0x00007f9f50600000, 0x00007fa026cf0000, 0x00007fa4a5b50000)
  eden space 2810688K,   0% used [0x00007f9f50600000, 0x00007f9f50600000, 0x00007f9ffbed0000)
  from space 351296K,   6% used [0x00007fa0115e0000, 0x00007fa012c5e1e0, 0x00007fa026cf0000)
  to   space 351296K,   0% used [0x00007f9ffbed0000, 0x00007f9ffbed0000, 0x00007fa0115e0000)
 tenured generation   total 7026548K, used 6306747K [0x00007fa4a5b50000, 0x00007fa65292d000, 0x00007faf50600000)
   the space 7026548K,  89% used [0x00007fa4a5b50000, 0x00007fa626a3ec30, 0x00007fa626a3ee00, 0x00007fa65292d000)
 Metaspace       used 24298K, capacity 24707K, committed 24832K, reserved 26624K
}
Event: 1701.374 GC heap before
{Heap before GC invocations=230 (full 89):
 def new generation   total 3161984K, used 2175439K [0x00007f9f50600000, 0x00007fa026cf0000, 0x00007fa4a5b50000)
  eden space 2810688K,  76% used [0x00007f9f50600000, 0x00007f9fd3bf5d70, 0x00007f9ffbed0000)
  from space 351296K,   6% used [0x00007fa0115e0000, 0x00007fa012c5e1e0, 0x00007fa026cf0000)
  to   space 351296K,   0% used [0x00007f9ffbed0000, 0x00007f9ffbed0000, 0x00007fa0115e0000)
 tenured generation   total 7026548K, used 6306747K [0x00007fa4a5b50000, 0x00007fa65292d000, 0x00007faf50600000)
   the space 7026548K,  89% used [0x00007fa4a5b50000, 0x00007fa626a3ec30, 0x00007fa626a3ee00, 0x00007fa65292d000)
 Metaspace       used 24298K, capacity 24707K, committed 24832K, reserved 26624K
}
Event: 1704.006 GC heap after
{Heap after GC invocations=231 (full 89):
 def new generation   total 3161984K, used 23036K [0x00007f9f50600000, 0x00007fa026cf0000, 0x00007fa4a5b50000)
  eden space 2810688K,   0% used [0x00007f9f50600000, 0x00007f9f50600000, 0x00007f9ffbed0000)
  from space 351296K,   6% used [0x00007f9ffbed0000, 0x00007f9ffd54f200, 0x00007fa0115e0000)
  to   space 351296K,   0% used [0x00007fa0115e0000, 0x00007fa0115e0000, 0x00007fa026cf0000)
 tenured generation   total 9123704K, used 8403899K [0x00007fa4a5b50000, 0x00007fa6d292e000, 0x00007faf50600000)
   the space 9123704K,  92% used [0x00007fa4a5b50000, 0x00007fa6a6a3ec48, 0x00007fa6a6a3ee00, 0x00007fa6d292e000)
 Metaspace       used 24298K, capacity 24707K, committed 24832K, reserved 26624K
}
Event: 1704.006 GC heap before
{Heap before GC invocations=231 (full 89):
 def new generation   total 3161984K, used 23036K [0x00007f9f50600000, 0x00007fa026cf0000, 0x00007fa4a5b50000)
  eden space 2810688K,   0% used [0x00007f9f50600000, 0x00007f9f50600000, 0x00007f9ffbed0000)
  from space 351296K,   6% used [0x00007f9ffbed0000, 0x00007f9ffd54f200, 0x00007fa0115e0000)
  to   space 351296K,   0% used [0x00007fa0115e0000, 0x00007fa0115e0000, 0x00007fa026cf0000)
 tenured generation   total 9123704K, used 8403899K [0x00007fa4a5b50000, 0x00007fa6d292e000, 0x00007faf50600000)
   the space 9123704K,  92% used [0x00007fa4a5b50000, 0x00007fa6a6a3ec48, 0x00007fa6a6a3ee00, 0x00007fa6d292e000)
 Metaspace       used 24298K, capacity 24707K, committed 24832K, reserved 26624K
}
Event: 1705.596 GC heap after
{Heap after GC invocations=231 (full 90):
 def new generation   total 3161984K, used 0K [0x00007f9f50600000, 0x00007fa026cf0000, 0x00007fa4a5b50000)
  eden space 2810688K,   0% used [0x00007f9f50600000, 0x00007f9f50600000, 0x00007f9ffbed0000)
  from space 351296K,   0% used [0x00007f9ffbed0000, 0x00007f9ffbed0000, 0x00007fa0115e0000)
  to   space 351296K,   0% used [0x00007fa0115e0000, 0x00007fa0115e0000, 0x00007fa026cf0000)
 tenured generation   total 7026548K, used 2112786K [0x00007fa4a5b50000, 0x00007fa65292d000, 0x00007faf50600000)
   the space 7026548K,  30% used [0x00007fa4a5b50000, 0x00007fa526a949f8, 0x00007fa526a94a00, 0x00007fa65292d000)
 Metaspace       used 24298K, capacity 24707K, committed 24832K, reserved 26624K
}
Event: 1719.289 GC heap before
{Heap before GC invocations=231 (full 90):
 def new generation   total 3161984K, used 2152237K [0x00007f9f50600000, 0x00007fa026cf0000, 0x00007fa4a5b50000)
  eden space 2810688K,  76% used [0x00007f9f50600000, 0x00007f9fd3bcb700, 0x00007f9ffbed0000)
  from space 351296K,   0% used [0x00007f9ffbed0000, 0x00007f9ffbed0000, 0x00007fa0115e0000)
  to   space 351296K,   0% used [0x00007fa0115e0000, 0x00007fa0115e0000, 0x00007fa026cf0000)
 tenured generation   total 7026548K, used 6307090K [0x00007fa4a5b50000, 0x00007fa65292d000, 0x00007faf50600000)
   the space 7026548K,  89% used [0x00007fa4a5b50000, 0x00007fa626a94a10, 0x00007fa626a94c00, 0x00007fa65292d000)
 Metaspace       used 24298K, capacity 24707K, committed 24832K, reserved 26624K
}
Event: 1721.967 GC heap after
{Heap after GC invocations=232 (full 90):
 def new generation   total 3161984K, used 1K [0x00007f9f50600000, 0x00007fa026cf0000, 0x00007fa4a5b50000)
  eden space 2810688K,   0% used [0x00007f9f50600000, 0x00007f9f50600000, 0x00007f9ffbed0000)
  from space 351296K,   0% used [0x00007fa0115e0000, 0x00007fa0115e0418, 0x00007fa026cf0000)
  to   space 351296K,   0% used [0x00007f9ffbed0000, 0x00007f9ffbed0000, 0x00007fa0115e0000)
 tenured generation   total 9123704K, used 8404242K [0x00007fa4a5b50000, 0x00007fa6d292e000, 0x00007faf50600000)
   the space 9123704K,  92% used [0x00007fa4a5b50000, 0x00007fa6a6a94a28, 0x00007fa6a6a94c00, 0x00007fa6d292e000)
 Metaspace       used 24298K, capacity 24707K, committed 24832K, reserved 26624K
}
Event: 1721.967 GC heap before
{Heap before GC invocations=232 (full 90):
 def new generation   total 3161984K, used 1K [0x00007f9f50600000, 0x00007fa026cf0000, 0x00007fa4a5b50000)
  eden space 2810688K,   0% used [0x00007f9f50600000, 0x00007f9f50600000, 0x00007f9ffbed0000)
  from space 351296K,   0% used [0x00007fa0115e0000, 0x00007fa0115e0418, 0x00007fa026cf0000)
  to   space 351296K,   0% used [0x00007f9ffbed0000, 0x00007f9ffbed0000, 0x00007fa0115e0000)
 tenured generation   total 9123704K, used 8404242K [0x00007fa4a5b50000, 0x00007fa6d292e000, 0x00007faf50600000)
   the space 9123704K,  92% used [0x00007fa4a5b50000, 0x00007fa6a6a94a28, 0x00007fa6a6a94c00, 0x00007fa6d292e000)
 Metaspace       used 24298K, capacity 24707K, committed 24832K, reserved 26624K
}
Event: 1723.650 GC heap after
{Heap after GC invocations=232 (full 91):
 def new generation   total 3161984K, used 0K [0x00007f9f50600000, 0x00007fa026cf0000, 0x00007fa4a5b50000)
  eden space 2810688K,   0% used [0x00007f9f50600000, 0x00007f9f50600000, 0x00007f9ffbed0000)
  from space 351296K,   0% used [0x00007fa0115e0000, 0x00007fa0115e0000, 0x00007fa026cf0000)
  to   space 351296K,   0% used [0x00007f9ffbed0000, 0x00007f9ffbed0000, 0x00007fa0115e0000)
 tenured generation   total 7026548K, used 2112781K [0x00007fa4a5b50000, 0x00007fa65292d000, 0x00007faf50600000)
   the space 7026548K,  30% used [0x00007fa4a5b50000, 0x00007fa526a93650, 0x00007fa526a93800, 0x00007fa65292d000)
 Metaspace       used 24298K, capacity 24707K, committed 24832K, reserved 26624K
}
Event: 1727.973 GC heap before
{Heap before GC invocations=232 (full 91):
 def new generation   total 3161984K, used 2152632K [0x00007f9f50600000, 0x00007fa026cf0000, 0x00007fa4a5b50000)
  eden space 2810688K,  76% used [0x00007f9f50600000, 0x00007f9fd3c2e260, 0x00007f9ffbed0000)
  from space 351296K,   0% used [0x00007fa0115e0000, 0x00007fa0115e0000, 0x00007fa026cf0000)
  to   space 351296K,   0% used [0x00007f9ffbed0000, 0x00007f9ffbed0000, 0x00007fa0115e0000)
 tenured generation   total 7026548K, used 2112781K [0x00007fa4a5b50000, 0x00007fa65292d000, 0x00007faf50600000)
   the space 7026548K,  30% used [0x00007fa4a5b50000, 0x00007fa526a93650, 0x00007fa526a93800, 0x00007fa65292d000)
 Metaspace       used 24298K, capacity 24707K, committed 24832K, reserved 26624K
}
Event: 1729.571 GC heap after
{Heap after GC invocations=233 (full 91):
 def new generation   total 3161984K, used 0K [0x00007f9f50600000, 0x00007fa026cf0000, 0x00007fa4a5b50000)
  eden space 2810688K,   0% used [0x00007f9f50600000, 0x00007f9f50600000, 0x00007f9ffbed0000)
  from space 351296K,   0% used [0x00007f9ffbed0000, 0x00007f9ffbed02f8, 0x00007fa0115e0000)
  to   space 351296K,   0% used [0x00007fa0115e0000, 0x00007fa0115e0000, 0x00007fa026cf0000)
 tenured generation   total 7026548K, used 4209933K [0x00007fa4a5b50000, 0x00007fa65292d000, 0x00007faf50600000)
   the space 7026548K,  59% used [0x00007fa4a5b50000, 0x00007fa5a6a93680, 0x00007fa5a6a93800, 0x00007fa65292d000)
 Metaspace       used 24298K, capacity 24707K, committed 24832K, reserved 26624K
}
Event: 1734.531 GC heap before
{Heap before GC invocations=233 (full 91):
 def new generation   total 3161984K, used 2810688K [0x00007f9f50600000, 0x00007fa026cf0000, 0x00007fa4a5b50000)
  eden space 2810688K, 100% used [0x00007f9f50600000, 0x00007f9ffbed0000, 0x00007f9ffbed0000)
  from space 351296K,   0% used [0x00007f9ffbed0000, 0x00007f9ffbed02f8, 0x00007fa0115e0000)
  to   space 351296K,   0% used [0x00007fa0115e0000, 0x00007fa0115e0000, 0x00007fa026cf0000)
 tenured generation   total 7026548K, used 4209933K [0x00007fa4a5b50000, 0x00007fa65292d000, 0x00007faf50600000)
   the space 7026548K,  59% used [0x00007fa4a5b50000, 0x00007fa5a6a93680, 0x00007fa5a6a93800, 0x00007fa65292d000)
 Metaspace       used 24298K, capacity 24707K, committed 24832K, reserved 26624K
}
Event: 1734.554 GC heap after
{Heap after GC invocations=234 (full 91):
 def new generation   total 3161984K, used 27136K [0x00007f9f50600000, 0x00007fa026cf0000, 0x00007fa4a5b50000)
  eden space 2810688K,   0% used [0x00007f9f50600000, 0x00007f9f50600000, 0x00007f9ffbed0000)
  from space 351296K,   7% used [0x00007fa0115e0000, 0x00007fa0130601c8, 0x00007fa026cf0000)
  to   space 351296K,   0% used [0x00007f9ffbed0000, 0x00007f9ffbed0000, 0x00007fa0115e0000)
 tenured generation   total 7026548K, used 4209933K [0x00007fa4a5b50000, 0x00007fa65292d000, 0x00007faf50600000)
   the space 7026548K,  59% used [0x00007fa4a5b50000, 0x00007fa5a6a93680, 0x00007fa5a6a93800, 0x00007fa65292d000)
 Metaspace       used 24298K, capacity 24707K, committed 24832K, reserved 26624K
}
Event: 1737.717 GC heap before
{Heap before GC invocations=234 (full 91):
 def new generation   total 3161984K, used 2179555K [0x00007f9f50600000, 0x00007fa026cf0000, 0x00007fa4a5b50000)
  eden space 2810688K,  76% used [0x00007f9f50600000, 0x00007f9fd3bf8de8, 0x00007f9ffbed0000)
  from space 351296K,   7% used [0x00007fa0115e0000, 0x00007fa0130601c8, 0x00007fa026cf0000)
  to   space 351296K,   0% used [0x00007f9ffbed0000, 0x00007f9ffbed0000, 0x00007fa0115e0000)
 tenured generation   total 7026548K, used 4209933K [0x00007fa4a5b50000, 0x00007fa65292d000, 0x00007faf50600000)
   the space 7026548K,  59% used [0x00007fa4a5b50000, 0x00007fa5a6a93680, 0x00007fa5a6a93800, 0x00007fa65292d000)
 Metaspace       used 24298K, capacity 24707K, committed 24832K, reserved 26624K
}
Event: 1739.322 GC heap after
{Heap after GC invocations=235 (full 91):
 def new generation   total 3161984K, used 23032K [0x00007f9f50600000, 0x00007fa026cf0000, 0x00007fa4a5b50000)
  eden space 2810688K,   0% used [0x00007f9f50600000, 0x00007f9f50600000, 0x00007f9ffbed0000)
  from space 351296K,   6% used [0x00007f9ffbed0000, 0x00007f9ffd54e1e0, 0x00007fa0115e0000)
  to   space 351296K,   0% used [0x00007fa0115e0000, 0x00007fa0115e0000, 0x00007fa026cf0000)
 tenured generation   total 7026548K, used 6307085K [0x00007fa4a5b50000, 0x00007fa65292d000, 0x00007faf50600000)
   the space 7026548K,  89% used [0x00007fa4a5b50000, 0x00007fa626a93698, 0x00007fa626a93800, 0x00007fa65292d000)
 Metaspace       used 24298K, capacity 24707K, committed 24832K, reserved 26624K
}
Event: 1743.574 GC heap before
{Heap before GC invocations=235 (full 91):
 def new generation   total 3161984K, used 2175439K [0x00007f9f50600000, 0x00007fa026cf0000, 0x00007fa4a5b50000)
  eden space 2810688K,  76% used [0x00007f9f50600000, 0x00007f9fd3bf5d60, 0x00007f9ffbed0000)
  from space 351296K,   6% used [0x00007f9ffbed0000, 0x00007f9ffd54e1e0, 0x00007fa0115e0000)
  to   space 351296K,   0% used [0x00007fa0115e0000, 0x00007fa0115e0000, 0x00007fa026cf0000)
 tenured generation   total 7026548K, used 6307085K [0x00007fa4a5b50000, 0x00007fa65292d000, 0x00007faf50600000)
   the space 7026548K,  89% used [0x00007fa4a5b50000, 0x00007fa626a93698, 0x00007fa626a93800, 0x00007fa65292d000)
 Metaspace       used 24298K, capacity 24707K, committed 24832K, reserved 26624K
}
Event: 1746.235 GC heap after
{Heap after GC invocations=236 (full 91):
 def new generation   total 3161984K, used 23036K [0x00007f9f50600000, 0x00007fa026cf0000, 0x00007fa4a5b50000)
  eden space 2810688K,   0% used [0x00007f9f50600000, 0x00007f9f50600000, 0x00007f9ffbed0000)
  from space 351296K,   6% used [0x00007fa0115e0000, 0x00007fa012c5f200, 0x00007fa026cf0000)
  to   space 351296K,   0% used [0x00007f9ffbed0000, 0x00007f9ffbed0000, 0x00007fa0115e0000)
 tenured generation   total 9123704K, used 8404237K [0x00007fa4a5b50000, 0x00007fa6d292e000, 0x00007faf50600000)
   the space 9123704K,  92% used [0x00007fa4a5b50000, 0x00007fa6a6a936b0, 0x00007fa6a6a93800, 0x00007fa6d292e000)
 Metaspace       used 24298K, capacity 24707K, committed 24832K, reserved 26624K
}
Event: 1746.235 GC heap before
{Heap before GC invocations=236 (full 91):
 def new generation   total 3161984K, used 23036K [0x00007f9f50600000, 0x00007fa026cf0000, 0x00007fa4a5b50000)
  eden space 2810688K,   0% used [0x00007f9f50600000, 0x00007f9f50600000, 0x00007f9ffbed0000)
  from space 351296K,   6% used [0x00007fa0115e0000, 0x00007fa012c5f200, 0x00007fa026cf0000)
  to   space 351296K,   0% used [0x00007f9ffbed0000, 0x00007f9ffbed0000, 0x00007fa0115e0000)
 tenured generation   total 9123704K, used 8404237K [0x00007fa4a5b50000, 0x00007fa6d292e000, 0x00007faf50600000)
   the space 9123704K,  92% used [0x00007fa4a5b50000, 0x00007fa6a6a936b0, 0x00007fa6a6a93800, 0x00007fa6d292e000)
 Metaspace       used 24298K, capacity 24707K, committed 24832K, reserved 26624K
}
Event: 1747.956 GC heap after
{Heap after GC invocations=236 (full 92):
 def new generation   total 3161984K, used 0K [0x00007f9f50600000, 0x00007fa026cf0000, 0x00007fa4a5b50000)
  eden space 2810688K,   0% used [0x00007f9f50600000, 0x00007f9f50600000, 0x00007f9ffbed0000)
  from space 351296K,   0% used [0x00007fa0115e0000, 0x00007fa0115e0000, 0x00007fa026cf0000)
  to   space 351296K,   0% used [0x00007f9ffbed0000, 0x00007f9ffbed0000, 0x00007fa0115e0000)
 tenured generation   total 7026548K, used 2112672K [0x00007fa4a5b50000, 0x00007fa65292d000, 0x00007faf50600000)
   the space 7026548K,  30% used [0x00007fa4a5b50000, 0x00007fa526a780e0, 0x00007fa526a78200, 0x00007fa65292d000)
 Metaspace       used 24298K, capacity 24707K, committed 24832K, reserved 26624K
}
Event: 1761.505 GC heap before
{Heap before GC invocations=236 (full 92):
 def new generation   total 3161984K, used 2152237K [0x00007f9f50600000, 0x00007fa026cf0000, 0x00007fa4a5b50000)
  eden space 2810688K,  76% used [0x00007f9f50600000, 0x00007f9fd3bcb6f8, 0x00007f9ffbed0000)
  from space 351296K,   0% used [0x00007fa0115e0000, 0x00007fa0115e0000, 0x00007fa026cf0000)
  to   space 351296K,   0% used [0x00007f9ffbed0000, 0x00007f9ffbed0000, 0x00007fa0115e0000)
 tenured generation   total 7026548K, used 6306976K [0x00007fa4a5b50000, 0x00007fa65292d000, 0x00007faf50600000)
   the space 7026548K,  89% used [0x00007fa4a5b50000, 0x00007fa626a780f8, 0x00007fa626a78200, 0x00007fa65292d000)
 Metaspace       used 24298K, capacity 24707K, committed 24832K, reserved 26624K
}

