# JRE version: OpenJDK Runtime Environment (13.0.7+5) (build 13.0.7+5-Ubuntu-0ubuntu120.04)
# Java VM: OpenJDK 64-Bit Server VM (13.0.7+5-Ubuntu-0ubuntu120.04, mixed mode, tiered, serial gc, linux-amd64)
Heap:
 def new generation   total 797632K, used 0K [0x00007f0a58600000, 0x00007f0a8e770000, 0x00007f0fadb50000)
  eden space 709056K,   0% used [0x00007f0a58600000, 0x00007f0a58600000, 0x00007f0a83a70000)
  from space 88576K,   0% used [0x00007f0a890f0000, 0x00007f0a890f0000, 0x00007f0a8e770000)
  to   space 88576K,   0% used [0x00007f0a83a70000, 0x00007f0a83a70000, 0x00007f0a890f0000)
 tenured generation   total 7006412K, used 4203845K [0x00007f0fadb50000, 0x00007f1159583000, 0x00007f1a58600000)
   the space 7006412K,  59% used [0x00007f0fadb50000, 0x00007f10ae4a16f8, 0x00007f10ae4a1800, 0x00007f1159583000)
 Metaspace       used 23393K, capacity 23774K, committed 24064K, reserved 24576K
GC Heap History (20 events):
Event: 22.162 GC heap after
{Heap after GC invocations=10 (full 1):
 def new generation   total 629248K, used 32769K [0x00007f0a58600000, 0x00007f0a830c0000, 0x00007f0fadb50000)
  eden space 559360K,   0% used [0x00007f0a58600000, 0x00007f0a58600000, 0x00007f0a7a840000)
  from space 69888K,  46% used [0x00007f0a7ec80000, 0x00007f0a80c80450, 0x00007f0a830c0000)
  to   space 69888K,   0% used [0x00007f0a7a840000, 0x00007f0a7a840000, 0x00007f0a7ec80000)
 tenured generation   total 1398144K, used 342545K [0x00007f0fadb50000, 0x00007f10030b0000, 0x00007f1a58600000)
   the space 1398144K,  24% used [0x00007f0fadb50000, 0x00007f0fc29d4620, 0x00007f0fc29d4800, 0x00007f10030b0000)
 Metaspace       used 23393K, capacity 23773K, committed 24064K, reserved 24576K
}
Event: 22.958 GC heap before
{Heap before GC invocations=10 (full 1):
 def new generation   total 629248K, used 568133K [0x00007f0a58600000, 0x00007f0a830c0000, 0x00007f0fadb50000)
  eden space 559360K,  95% used [0x00007f0a58600000, 0x00007f0a790d1058, 0x00007f0a7a840000)
  from space 69888K,  46% used [0x00007f0a7ec80000, 0x00007f0a80c80450, 0x00007f0a830c0000)
  to   space 69888K,   0% used [0x00007f0a7a840000, 0x00007f0a7a840000, 0x00007f0a7ec80000)
 tenured generation   total 1398144K, used 342545K [0x00007f0fadb50000, 0x00007f10030b0000, 0x00007f1a58600000)
   the space 1398144K,  24% used [0x00007f0fadb50000, 0x00007f0fc29d4620, 0x00007f0fc29d4800, 0x00007f10030b0000)
 Metaspace       used 23393K, capacity 23773K, committed 24064K, reserved 24576K
}
Event: 23.209 GC heap after
{Heap after GC invocations=11 (full 1):
 def new generation   total 629248K, used 16384K [0x00007f0a58600000, 0x00007f0a830c0000, 0x00007f0fadb50000)
  eden space 559360K,   0% used [0x00007f0a58600000, 0x00007f0a58600000, 0x00007f0a7a840000)
  from space 69888K,  23% used [0x00007f0a7a840000, 0x00007f0a7b840380, 0x00007f0a7ec80000)
  to   space 69888K,   0% used [0x00007f0a7ec80000, 0x00007f0a7ec80000, 0x00007f0a830c0000)
 tenured generation   total 1398144K, used 866833K [0x00007f0fadb50000, 0x00007f10030b0000, 0x00007f1a58600000)
   the space 1398144K,  61% used [0x00007f0fadb50000, 0x00007f0fe29d4638, 0x00007f0fe29d4800, 0x00007f10030b0000)
 Metaspace       used 23393K, capacity 23773K, committed 24064K, reserved 24576K
}
Event: 23.483 GC heap before
{Heap before GC invocations=11 (full 1):
 def new generation   total 629248K, used 551706K [0x00007f0a58600000, 0x00007f0a830c0000, 0x00007f0fadb50000)
  eden space 559360K,  95% used [0x00007f0a58600000, 0x00007f0a790c6820, 0x00007f0a7a840000)
  from space 69888K,  23% used [0x00007f0a7a840000, 0x00007f0a7b840380, 0x00007f0a7ec80000)
  to   space 69888K,   0% used [0x00007f0a7ec80000, 0x00007f0a7ec80000, 0x00007f0a830c0000)
 tenured generation   total 1398144K, used 866833K [0x00007f0fadb50000, 0x00007f10030b0000, 0x00007f1a58600000)
   the space 1398144K,  61% used [0x00007f0fadb50000, 0x00007f0fe29d4638, 0x00007f0fe29d4800, 0x00007f10030b0000)
 Metaspace       used 23393K, capacity 23773K, committed 24064K, reserved 24576K
}
Event: 23.759 GC heap after
{Heap after GC invocations=12 (full 1):
 def new generation   total 629248K, used 16385K [0x00007f0a58600000, 0x00007f0a830c0000, 0x00007f0fadb50000)
  eden space 559360K,   0% used [0x00007f0a58600000, 0x00007f0a58600000, 0x00007f0a7a840000)
  from space 69888K,  23% used [0x00007f0a7ec80000, 0x00007f0a7fc805b0, 0x00007f0a830c0000)
  to   space 69888K,   0% used [0x00007f0a7a840000, 0x00007f0a7a840000, 0x00007f0a7ec80000)
 tenured generation   total 1398144K, used 1391121K [0x00007f0fadb50000, 0x00007f10030b0000, 0x00007f1a58600000)
   the space 1398144K,  99% used [0x00007f0fadb50000, 0x00007f10029d4650, 0x00007f10029d4800, 0x00007f10030b0000)
 Metaspace       used 23393K, capacity 23773K, committed 24064K, reserved 24576K
}
Event: 24.247 GC heap before
{Heap before GC invocations=12 (full 1):
 def new generation   total 629248K, used 551680K [0x00007f0a58600000, 0x00007f0a830c0000, 0x00007f0fadb50000)
  eden space 559360K,  95% used [0x00007f0a58600000, 0x00007f0a790bfbc8, 0x00007f0a7a840000)
  from space 69888K,  23% used [0x00007f0a7ec80000, 0x00007f0a7fc805b0, 0x00007f0a830c0000)
  to   space 69888K,   0% used [0x00007f0a7a840000, 0x00007f0a7a840000, 0x00007f0a7ec80000)
 tenured generation   total 1398144K, used 1391121K [0x00007f0fadb50000, 0x00007f10030b0000, 0x00007f1a58600000)
   the space 1398144K,  99% used [0x00007f0fadb50000, 0x00007f10029d4650, 0x00007f10029d4800, 0x00007f10030b0000)
 Metaspace       used 23393K, capacity 23773K, committed 24064K, reserved 24576K
}
Event: 24.951 GC heap after
{Heap after GC invocations=13 (full 1):
 def new generation   total 629248K, used 16385K [0x00007f0a58600000, 0x00007f0a830c0000, 0x00007f0fadb50000)
  eden space 559360K,   0% used [0x00007f0a58600000, 0x00007f0a58600000, 0x00007f0a7a840000)
  from space 69888K,  23% used [0x00007f0a7a840000, 0x00007f0a7b8405a0, 0x00007f0a7ec80000)
  to   space 69888K,   0% used [0x00007f0a7ec80000, 0x00007f0a7ec80000, 0x00007f0a830c0000)
 tenured generation   total 1922436K, used 1915409K [0x00007f0fadb50000, 0x00007f10230b1000, 0x00007f1a58600000)
   the space 1922436K,  99% used [0x00007f0fadb50000, 0x00007f10229d4668, 0x00007f10229d4800, 0x00007f10230b1000)
 Metaspace       used 23393K, capacity 23773K, committed 24064K, reserved 24576K
}
Event: 24.951 GC heap before
{Heap before GC invocations=13 (full 1):
 def new generation   total 629248K, used 16385K [0x00007f0a58600000, 0x00007f0a830c0000, 0x00007f0fadb50000)
  eden space 559360K,   0% used [0x00007f0a58600000, 0x00007f0a58600000, 0x00007f0a7a840000)
  from space 69888K,  23% used [0x00007f0a7a840000, 0x00007f0a7b8405a0, 0x00007f0a7ec80000)
  to   space 69888K,   0% used [0x00007f0a7ec80000, 0x00007f0a7ec80000, 0x00007f0a830c0000)
 tenured generation   total 1922436K, used 1915409K [0x00007f0fadb50000, 0x00007f10230b1000, 0x00007f1a58600000)
   the space 1922436K,  99% used [0x00007f0fadb50000, 0x00007f10229d4668, 0x00007f10229d4800, 0x00007f10230b1000)
 Metaspace       used 23393K, capacity 23773K, committed 24064K, reserved 24576K
}
Event: 25.395 GC heap after
{Heap after GC invocations=13 (full 2):
 def new generation   total 797632K, used 0K [0x00007f0a58600000, 0x00007f0a8e770000, 0x00007f0fadb50000)
  eden space 709056K,   0% used [0x00007f0a58600000, 0x00007f0a58600000, 0x00007f0a83a70000)
  from space 88576K,   0% used [0x00007f0a83a70000, 0x00007f0a83a70000, 0x00007f0a890f0000)
  to   space 88576K,   0% used [0x00007f0a890f0000, 0x00007f0a890f0000, 0x00007f0a8e770000)
 tenured generation   total 1772372K, used 1063422K [0x00007f0fadb50000, 0x00007f1019e25000, 0x00007f1a58600000)
   the space 1772372K,  59% used [0x00007f0fadb50000, 0x00007f0fee9cfbc8, 0x00007f0fee9cfc00, 0x00007f1019e25000)
 Metaspace       used 23393K, capacity 23773K, committed 24064K, reserved 24576K
}
Event: 25.671 GC heap before
{Heap before GC invocations=13 (full 2):
 def new generation   total 797632K, used 175317K [0x00007f0a58600000, 0x00007f0a8e770000, 0x00007f0fadb50000)
  eden space 709056K,  24% used [0x00007f0a58600000, 0x00007f0a631354c8, 0x00007f0a83a70000)
  from space 88576K,   0% used [0x00007f0a83a70000, 0x00007f0a83a70000, 0x00007f0a890f0000)
  to   space 88576K,   0% used [0x00007f0a890f0000, 0x00007f0a890f0000, 0x00007f0a8e770000)
 tenured generation   total 1772372K, used 1063422K [0x00007f0fadb50000, 0x00007f1019e25000, 0x00007f1a58600000)
   the space 1772372K,  59% used [0x00007f0fadb50000, 0x00007f0fee9cfbc8, 0x00007f0fee9cfc00, 0x00007f1019e25000)
 Metaspace       used 23393K, capacity 23773K, committed 24064K, reserved 24576K
}
Event: 26.283 GC heap after
{Heap after GC invocations=14 (full 2):
 def new generation   total 797632K, used 54671K [0x00007f0a58600000, 0x00007f0a8e770000, 0x00007f0fadb50000)
  eden space 709056K,   0% used [0x00007f0a58600000, 0x00007f0a58600000, 0x00007f0a83a70000)
  from space 88576K,  61% used [0x00007f0a890f0000, 0x00007f0a8c653de8, 0x00007f0a8e770000)
  to   space 88576K,   0% used [0x00007f0a83a70000, 0x00007f0a83a70000, 0x00007f0a890f0000)
 tenured generation   total 1772372K, used 1063422K [0x00007f0fadb50000, 0x00007f1019e25000, 0x00007f1a58600000)
   the space 1772372K,  59% used [0x00007f0fadb50000, 0x00007f0fee9cfbc8, 0x00007f0fee9cfc00, 0x00007f1019e25000)
 Metaspace       used 23393K, capacity 23773K, committed 24064K, reserved 24576K
}
Event: 26.283 GC heap before
{Heap before GC invocations=14 (full 2):
 def new generation   total 797632K, used 54671K [0x00007f0a58600000, 0x00007f0a8e770000, 0x00007f0fadb50000)
  eden space 709056K,   0% used [0x00007f0a58600000, 0x00007f0a58600000, 0x00007f0a83a70000)
  from space 88576K,  61% used [0x00007f0a890f0000, 0x00007f0a8c653de8, 0x00007f0a8e770000)
  to   space 88576K,   0% used [0x00007f0a83a70000, 0x00007f0a83a70000, 0x00007f0a890f0000)
 tenured generation   total 1772372K, used 1063422K [0x00007f0fadb50000, 0x00007f1019e25000, 0x00007f1a58600000)
   the space 1772372K,  59% used [0x00007f0fadb50000, 0x00007f0fee9cfbc8, 0x00007f0fee9cfc00, 0x00007f1019e25000)
 Metaspace       used 23393K, capacity 23773K, committed 24064K, reserved 24576K
}
Event: 26.369 GC heap after
{Heap after GC invocations=14 (full 3):
 def new generation   total 797632K, used 0K [0x00007f0a58600000, 0x00007f0a8e770000, 0x00007f0fadb50000)
  eden space 709056K,   0% used [0x00007f0a58600000, 0x00007f0a58600000, 0x00007f0a83a70000)
  from space 88576K,   0% used [0x00007f0a890f0000, 0x00007f0a890f0000, 0x00007f0a8e770000)
  to   space 88576K,   0% used [0x00007f0a83a70000, 0x00007f0a83a70000, 0x00007f0a890f0000)
 tenured generation   total 1772372K, used 15996K [0x00007f0fadb50000, 0x00007f1019e25000, 0x00007f1a58600000)
   the space 1772372K,   0% used [0x00007f0fadb50000, 0x00007f0faeaef0e8, 0x00007f0faeaef200, 0x00007f1019e25000)
 Metaspace       used 23393K, capacity 23773K, committed 24064K, reserved 24576K
}
Event: 27.358 GC heap before
{Heap before GC invocations=14 (full 3):
 def new generation   total 797632K, used 13930K [0x00007f0a58600000, 0x00007f0a8e770000, 0x00007f0fadb50000)
  eden space 709056K,   1% used [0x00007f0a58600000, 0x00007f0a5939aa20, 0x00007f0a83a70000)
  from space 88576K,   0% used [0x00007f0a890f0000, 0x00007f0a890f0000, 0x00007f0a8e770000)
  to   space 88576K,   0% used [0x00007f0a83a70000, 0x00007f0a83a70000, 0x00007f0a890f0000)
 tenured generation   total 1772372K, used 1064572K [0x00007f0fadb50000, 0x00007f1019e25000, 0x00007f1a58600000)
   the space 1772372K,  60% used [0x00007f0fadb50000, 0x00007f0feeaef100, 0x00007f0feeaef200, 0x00007f1019e25000)
 Metaspace       used 23393K, capacity 23773K, committed 24064K, reserved 24576K
}
Event: 27.372 GC heap after
{Heap after GC invocations=15 (full 3):
 def new generation   total 797632K, used 0K [0x00007f0a58600000, 0x00007f0a8e770000, 0x00007f0fadb50000)
  eden space 709056K,   0% used [0x00007f0a58600000, 0x00007f0a58600000, 0x00007f0a83a70000)
  from space 88576K,   0% used [0x00007f0a83a70000, 0x00007f0a83a70360, 0x00007f0a890f0000)
  to   space 88576K,   0% used [0x00007f0a890f0000, 0x00007f0a890f0000, 0x00007f0a8e770000)
 tenured generation   total 1772372K, used 1064572K [0x00007f0fadb50000, 0x00007f1019e25000, 0x00007f1a58600000)
   the space 1772372K,  60% used [0x00007f0fadb50000, 0x00007f0feeaef100, 0x00007f0feeaef200, 0x00007f1019e25000)
 Metaspace       used 23393K, capacity 23773K, committed 24064K, reserved 24576K
}
Event: 27.372 GC heap before
{Heap before GC invocations=15 (full 3):
 def new generation   total 797632K, used 0K [0x00007f0a58600000, 0x00007f0a8e770000, 0x00007f0fadb50000)
  eden space 709056K,   0% used [0x00007f0a58600000, 0x00007f0a58600000, 0x00007f0a83a70000)
  from space 88576K,   0% used [0x00007f0a83a70000, 0x00007f0a83a70360, 0x00007f0a890f0000)
  to   space 88576K,   0% used [0x00007f0a890f0000, 0x00007f0a890f0000, 0x00007f0a8e770000)
 tenured generation   total 1772372K, used 1064572K [0x00007f0fadb50000, 0x00007f1019e25000, 0x00007f1a58600000)
   the space 1772372K,  60% used [0x00007f0fadb50000, 0x00007f0feeaef100, 0x00007f0feeaef200, 0x00007f1019e25000)
 Metaspace       used 23393K, capacity 23773K, committed 24064K, reserved 24576K
}
Event: 27.681 GC heap after
{Heap after GC invocations=15 (full 4):
 def new generation   total 797632K, used 0K [0x00007f0a58600000, 0x00007f0a8e770000, 0x00007f0fadb50000)
  eden space 709056K,   0% used [0x00007f0a58600000, 0x00007f0a58600000, 0x00007f0a83a70000)
  from space 88576K,   0% used [0x00007f0a83a70000, 0x00007f0a83a70000, 0x00007f0a890f0000)
  to   space 88576K,   0% used [0x00007f0a890f0000, 0x00007f0a890f0000, 0x00007f0a8e770000)
 tenured generation   total 1772372K, used 1058115K [0x00007f0fadb50000, 0x00007f1019e25000, 0x00007f1a58600000)
   the space 1772372K,  59% used [0x00007f0fadb50000, 0x00007f0fee4a0ed0, 0x00007f0fee4a1000, 0x00007f1019e25000)
 Metaspace       used 23393K, capacity 23773K, committed 24064K, reserved 24576K
}
Event: 32.574 GC heap before
{Heap before GC invocations=15 (full 4):
 def new generation   total 797632K, used 13930K [0x00007f0a58600000, 0x00007f0a8e770000, 0x00007f0fadb50000)
  eden space 709056K,   1% used [0x00007f0a58600000, 0x00007f0a5939aa20, 0x00007f0a83a70000)
  from space 88576K,   0% used [0x00007f0a83a70000, 0x00007f0a83a70000, 0x00007f0a890f0000)
  to   space 88576K,   0% used [0x00007f0a890f0000, 0x00007f0a890f0000, 0x00007f0a8e770000)
 tenured generation   total 5966680K, used 5252419K [0x00007f0fadb50000, 0x00007f1119e26000, 0x00007f1a58600000)
   the space 5966680K,  88% used [0x00007f0fadb50000, 0x00007f10ee4a0ee8, 0x00007f10ee4a1000, 0x00007f1119e26000)
 Metaspace       used 23393K, capacity 23774K, committed 24064K, reserved 24576K
}
Event: 32.582 GC heap after
{Heap after GC invocations=16 (full 4):
 def new generation   total 797632K, used 2K [0x00007f0a58600000, 0x00007f0a8e770000, 0x00007f0fadb50000)
  eden space 709056K,   0% used [0x00007f0a58600000, 0x00007f0a58600000, 0x00007f0a83a70000)
  from space 88576K,   0% used [0x00007f0a890f0000, 0x00007f0a890f0a80, 0x00007f0a8e770000)
  to   space 88576K,   0% used [0x00007f0a83a70000, 0x00007f0a83a70000, 0x00007f0a890f0000)
 tenured generation   total 5966680K, used 5252419K [0x00007f0fadb50000, 0x00007f1119e26000, 0x00007f1a58600000)
   the space 5966680K,  88% used [0x00007f0fadb50000, 0x00007f10ee4a0ee8, 0x00007f10ee4a1000, 0x00007f1119e26000)
 Metaspace       used 23393K, capacity 23774K, committed 24064K, reserved 24576K
}
Event: 32.582 GC heap before
{Heap before GC invocations=16 (full 4):
 def new generation   total 797632K, used 2K [0x00007f0a58600000, 0x00007f0a8e770000, 0x00007f0fadb50000)
  eden space 709056K,   0% used [0x00007f0a58600000, 0x00007f0a58600000, 0x00007f0a83a70000)
  from space 88576K,   0% used [0x00007f0a890f0000, 0x00007f0a890f0a80, 0x00007f0a8e770000)
  to   space 88576K,   0% used [0x00007f0a83a70000, 0x00007f0a83a70000, 0x00007f0a890f0000)
 tenured generation   total 5966680K, used 5252419K [0x00007f0fadb50000, 0x00007f1119e26000, 0x00007f1a58600000)
   the space 5966680K,  88% used [0x00007f0fadb50000, 0x00007f10ee4a0ee8, 0x00007f10ee4a1000, 0x00007f1119e26000)
 Metaspace       used 23393K, capacity 23774K, committed 24064K, reserved 24576K
}

