# JRE version: OpenJDK Runtime Environment (13.0.7+5) (build 13.0.7+5-Ubuntu-0ubuntu120.04)
# Java VM: OpenJDK 64-Bit Server VM (13.0.7+5-Ubuntu-0ubuntu120.04, mixed mode, tiered, serial gc, linux-amd64)
Heap:
 def new generation   total 5093376K, used 4283158K [0x00007fcb70600000, 0x00007fccc9ca0000, 0x00007fd0c5b50000)
  eden space 4527488K,  94% used [0x00007fcb70600000, 0x00007fcc75cc54c8, 0x00007fcc84b60000)
  from space 565888K,   0% used [0x00007fcca7400000, 0x00007fcca7400518, 0x00007fccc9ca0000)
  to   space 565888K,   0% used [0x00007fcc84b60000, 0x00007fcc84b60110, 0x00007fcca7400000)
 tenured generation   total 11318440K, used 8431433K [0x00007fd0c5b50000, 0x00007fd37887a000, 0x00007fdb70600000)
   the space 11318440K,  74% used [0x00007fd0c5b50000, 0x00007fd2c8522788, 0x00007fd2c8522800, 0x00007fd37887a000)
 Metaspace       used 23317K, capacity 23725K, committed 23808K, reserved 24576K
GC Heap History (20 events):
Event: 12.177 GC heap after
{Heap after GC invocations=6 (full 4):
 def new generation   total 3205952K, used 0K [0x00007fcb70600000, 0x00007fcc49ca0000, 0x00007fd0c5b50000)
  eden space 2849792K,   0% used [0x00007fcb70600000, 0x00007fcb70600000, 0x00007fcc1e500000)
  from space 356160K,   0% used [0x00007fcc1e500000, 0x00007fcc1e500000, 0x00007fcc340d0000)
  to   space 356160K,   0% used [0x00007fcc340d0000, 0x00007fcc340d0000, 0x00007fcc49ca0000)
 tenured generation   total 7124132K, used 4203590K [0x00007fd0c5b50000, 0x00007fd278879000, 0x00007fdb70600000)
   the space 7124132K,  59% used [0x00007fd0c5b50000, 0x00007fd1c6461b80, 0x00007fd1c6461c00, 0x00007fd278879000)
 Metaspace       used 23223K, capacity 23589K, committed 23808K, reserved 24576K
}
Event: 16.219 GC heap before
{Heap before GC invocations=6 (full 4):
 def new generation   total 3205952K, used 1104079K [0x00007fcb70600000, 0x00007fcc49ca0000, 0x00007fd0c5b50000)
  eden space 2849792K,  38% used [0x00007fcb70600000, 0x00007fcbb3c33d20, 0x00007fcc1e500000)
  from space 356160K,   0% used [0x00007fcc1e500000, 0x00007fcc1e500000, 0x00007fcc340d0000)
  to   space 356160K,   0% used [0x00007fcc340d0000, 0x00007fcc340d0000, 0x00007fcc49ca0000)
 tenured generation   total 11318440K, used 8397894K [0x00007fd0c5b50000, 0x00007fd37887a000, 0x00007fdb70600000)
   the space 11318440K,  74% used [0x00007fd0c5b50000, 0x00007fd2c6461b98, 0x00007fd2c6461c00, 0x00007fd37887a000)
 Metaspace       used 23223K, capacity 23589K, committed 23808K, reserved 24576K
}
Event: 16.718 GC heap after
{Heap after GC invocations=7 (full 4):
 def new generation   total 3205952K, used 2K [0x00007fcb70600000, 0x00007fcc49ca0000, 0x00007fd0c5b50000)
  eden space 2849792K,   0% used [0x00007fcb70600000, 0x00007fcb70600000, 0x00007fcc1e500000)
  from space 356160K,   0% used [0x00007fcc340d0000, 0x00007fcc340d08f0, 0x00007fcc49ca0000)
  to   space 356160K,   0% used [0x00007fcc1e500000, 0x00007fcc1e500000, 0x00007fcc340d0000)
 tenured generation   total 11318440K, used 9446470K [0x00007fd0c5b50000, 0x00007fd37887a000, 0x00007fdb70600000)
   the space 11318440K,  83% used [0x00007fd0c5b50000, 0x00007fd306461bc8, 0x00007fd306461c00, 0x00007fd37887a000)
 Metaspace       used 23223K, capacity 23589K, committed 23808K, reserved 24576K
}
Event: 16.718 GC heap before
{Heap before GC invocations=7 (full 4):
 def new generation   total 3205952K, used 2K [0x00007fcb70600000, 0x00007fcc49ca0000, 0x00007fd0c5b50000)
  eden space 2849792K,   0% used [0x00007fcb70600000, 0x00007fcb70600000, 0x00007fcc1e500000)
  from space 356160K,   0% used [0x00007fcc340d0000, 0x00007fcc340d08f0, 0x00007fcc49ca0000)
  to   space 356160K,   0% used [0x00007fcc1e500000, 0x00007fcc1e500000, 0x00007fcc340d0000)
 tenured generation   total 11318440K, used 9446470K [0x00007fd0c5b50000, 0x00007fd37887a000, 0x00007fdb70600000)
   the space 11318440K,  83% used [0x00007fd0c5b50000, 0x00007fd306461bc8, 0x00007fd306461c00, 0x00007fd37887a000)
 Metaspace       used 23223K, capacity 23589K, committed 23808K, reserved 24576K
}
Event: 17.033 GC heap after
{Heap after GC invocations=7 (full 5):
 def new generation   total 5093376K, used 0K [0x00007fcb70600000, 0x00007fccc9ca0000, 0x00007fd0c5b50000)
  eden space 4527488K,   0% used [0x00007fcb70600000, 0x00007fcb70600000, 0x00007fcc84b60000)
  from space 565888K,   0% used [0x00007fcc84b60000, 0x00007fcc84b60000, 0x00007fcca7400000)
  to   space 565888K,   0% used [0x00007fcca7400000, 0x00007fcca7400000, 0x00007fccc9ca0000)
 tenured generation   total 11318440K, used 1057863K [0x00007fd0c5b50000, 0x00007fd37887a000, 0x00007fdb70600000)
   the space 11318440K,   9% used [0x00007fd0c5b50000, 0x00007fd106461f58, 0x00007fd106462000, 0x00007fd37887a000)
 Metaspace       used 23223K, capacity 23589K, committed 23808K, reserved 24576K
}
Event: 25.606 GC heap before
{Heap before GC invocations=7 (full 5):
 def new generation   total 5093376K, used 4282482K [0x00007fcb70600000, 0x00007fccc9ca0000, 0x00007fd0c5b50000)
  eden space 4527488K,  94% used [0x00007fcb70600000, 0x00007fcc75c1c9c8, 0x00007fcc84b60000)
  from space 565888K,   0% used [0x00007fcc84b60000, 0x00007fcc84b60000, 0x00007fcca7400000)
  to   space 565888K,   0% used [0x00007fcca7400000, 0x00007fcca7400000, 0x00007fccc9ca0000)
 tenured generation   total 11318440K, used 9446471K [0x00007fd0c5b50000, 0x00007fd37887a000, 0x00007fdb70600000)
   the space 11318440K,  83% used [0x00007fd0c5b50000, 0x00007fd306461f70, 0x00007fd306462000, 0x00007fd37887a000)
 Metaspace       used 23223K, capacity 23589K, committed 23808K, reserved 24576K
}
Event: 26.787 GC heap after
{Heap after GC invocations=8 (full 5):
 def new generation   total 5093376K, used 0K [0x00007fcb70600000, 0x00007fccc9ca0000, 0x00007fd0c5b50000)
  eden space 4527488K,   0% used [0x00007fcb70600000, 0x00007fcb70600000, 0x00007fcc84b60000)
  from space 565888K,   0% used [0x00007fcca7400000, 0x00007fcca7400358, 0x00007fccc9ca0000)
  to   space 565888K,   0% used [0x00007fcc84b60000, 0x00007fcc84b60000, 0x00007fcca7400000)
 tenured generation   total 15512748K, used 13640775K [0x00007fd0c5b50000, 0x00007fd47887b000, 0x00007fdb70600000)
   the space 15512748K,  87% used [0x00007fd0c5b50000, 0x00007fd406461f88, 0x00007fd406462000, 0x00007fd47887b000)
 Metaspace       used 23223K, capacity 23589K, committed 23808K, reserved 24576K
}
Event: 26.787 GC heap before
{Heap before GC invocations=8 (full 5):
 def new generation   total 5093376K, used 0K [0x00007fcb70600000, 0x00007fccc9ca0000, 0x00007fd0c5b50000)
  eden space 4527488K,   0% used [0x00007fcb70600000, 0x00007fcb70600000, 0x00007fcc84b60000)
  from space 565888K,   0% used [0x00007fcca7400000, 0x00007fcca7400358, 0x00007fccc9ca0000)
  to   space 565888K,   0% used [0x00007fcc84b60000, 0x00007fcc84b60000, 0x00007fcca7400000)
 tenured generation   total 15512748K, used 13640775K [0x00007fd0c5b50000, 0x00007fd47887b000, 0x00007fdb70600000)
   the space 15512748K,  87% used [0x00007fd0c5b50000, 0x00007fd406461f88, 0x00007fd406462000, 0x00007fd47887b000)
 Metaspace       used 23223K, capacity 23589K, committed 23808K, reserved 24576K
}
Event: 27.474 GC heap after
{Heap after GC invocations=8 (full 6):
 def new generation   total 5093376K, used 0K [0x00007fcb70600000, 0x00007fccc9ca0000, 0x00007fd0c5b50000)
  eden space 4527488K,   0% used [0x00007fcb70600000, 0x00007fcb70600000, 0x00007fcc84b60000)
  from space 565888K,   0% used [0x00007fcca7400000, 0x00007fcca7400000, 0x00007fccc9ca0000)
  to   space 565888K,   0% used [0x00007fcc84b60000, 0x00007fcc84b60000, 0x00007fcca7400000)
 tenured generation   total 11318440K, used 4203591K [0x00007fd0c5b50000, 0x00007fd37887a000, 0x00007fdb70600000)
   the space 11318440K,  37% used [0x00007fd0c5b50000, 0x00007fd1c6461e08, 0x00007fd1c6462000, 0x00007fd37887a000)
 Metaspace       used 23223K, capacity 23589K, committed 23808K, reserved 24576K
}
Event: 29.811 GC heap before
{Heap before GC invocations=8 (full 6):
 def new generation   total 5093376K, used 4283312K [0x00007fcb70600000, 0x00007fccc9ca0000, 0x00007fd0c5b50000)
  eden space 4527488K,  94% used [0x00007fcb70600000, 0x00007fcc75cec1d0, 0x00007fcc84b60000)
  from space 565888K,   0% used [0x00007fcca7400000, 0x00007fcca7400000, 0x00007fccc9ca0000)
  to   space 565888K,   0% used [0x00007fcc84b60000, 0x00007fcc84b60000, 0x00007fcca7400000)
 tenured generation   total 11318440K, used 4203591K [0x00007fd0c5b50000, 0x00007fd37887a000, 0x00007fdb70600000)
   the space 11318440K,  37% used [0x00007fd0c5b50000, 0x00007fd1c6461e08, 0x00007fd1c6462000, 0x00007fd37887a000)
 Metaspace       used 23223K, capacity 23589K, committed 23808K, reserved 24576K
}
Event: 30.891 GC heap after
{Heap after GC invocations=9 (full 6):
 def new generation   total 5093376K, used 0K [0x00007fcb70600000, 0x00007fccc9ca0000, 0x00007fd0c5b50000)
  eden space 4527488K,   0% used [0x00007fcb70600000, 0x00007fcb70600000, 0x00007fcc84b60000)
  from space 565888K,   0% used [0x00007fcc84b60000, 0x00007fcc84b603a0, 0x00007fcca7400000)
  to   space 565888K,   0% used [0x00007fcca7400000, 0x00007fcca7400000, 0x00007fccc9ca0000)
 tenured generation   total 11318440K, used 8397895K [0x00007fd0c5b50000, 0x00007fd37887a000, 0x00007fdb70600000)
   the space 11318440K,  74% used [0x00007fd0c5b50000, 0x00007fd2c6461e38, 0x00007fd2c6462000, 0x00007fd37887a000)
 Metaspace       used 23223K, capacity 23589K, committed 23808K, reserved 24576K
}
Event: 34.037 GC heap before
{Heap before GC invocations=9 (full 6):
 def new generation   total 5093376K, used 3048276K [0x00007fcb70600000, 0x00007fccc9ca0000, 0x00007fd0c5b50000)
  eden space 4527488K,  67% used [0x00007fcb70600000, 0x00007fcc2a6d4f18, 0x00007fcc84b60000)
  from space 565888K,   0% used [0x00007fcc84b60000, 0x00007fcc84b603a0, 0x00007fcca7400000)
  to   space 565888K,   0% used [0x00007fcca7400000, 0x00007fcca7400000, 0x00007fccc9ca0000)
 tenured generation   total 11318440K, used 8397895K [0x00007fd0c5b50000, 0x00007fd37887a000, 0x00007fdb70600000)
   the space 11318440K,  74% used [0x00007fd0c5b50000, 0x00007fd2c6461e38, 0x00007fd2c6462000, 0x00007fd37887a000)
 Metaspace       used 23316K, capacity 23725K, committed 23808K, reserved 24576K
}
Event: 34.078 GC heap after
{Heap after GC invocations=10 (full 6):
 def new generation   total 5093376K, used 77102K [0x00007fcb70600000, 0x00007fccc9ca0000, 0x00007fd0c5b50000)
  eden space 4527488K,   0% used [0x00007fcb70600000, 0x00007fcb70600000, 0x00007fcc84b60000)
  from space 565888K,  13% used [0x00007fcca7400000, 0x00007fccabf4bb10, 0x00007fccc9ca0000)
  to   space 565888K,   0% used [0x00007fcc84b60000, 0x00007fcc84b60000, 0x00007fcca7400000)
 tenured generation   total 11318440K, used 8397895K [0x00007fd0c5b50000, 0x00007fd37887a000, 0x00007fdb70600000)
   the space 11318440K,  74% used [0x00007fd0c5b50000, 0x00007fd2c6461e38, 0x00007fd2c6462000, 0x00007fd37887a000)
 Metaspace       used 23316K, capacity 23725K, committed 23808K, reserved 24576K
}
Event: 36.839 GC heap before
{Heap before GC invocations=10 (full 6):
 def new generation   total 5093376K, used 4359646K [0x00007fcb70600000, 0x00007fccc9ca0000, 0x00007fd0c5b50000)
  eden space 4527488K,  94% used [0x00007fcb70600000, 0x00007fcc75c2c0a0, 0x00007fcc84b60000)
  from space 565888K,  13% used [0x00007fcca7400000, 0x00007fccabf4bb10, 0x00007fccc9ca0000)
  to   space 565888K,   0% used [0x00007fcc84b60000, 0x00007fcc84b60000, 0x00007fcca7400000)
 tenured generation   total 11318440K, used 8397895K [0x00007fd0c5b50000, 0x00007fd37887a000, 0x00007fdb70600000)
   the space 11318440K,  74% used [0x00007fd0c5b50000, 0x00007fd2c6461e38, 0x00007fd2c6462000, 0x00007fd37887a000)
 Metaspace       used 23317K, capacity 23725K, committed 23808K, reserved 24576K
}
Event: 37.784 GC heap after
{Heap after GC invocations=11 (full 6):
 def new generation   total 5093376K, used 44326K [0x00007fcb70600000, 0x00007fccc9ca0000, 0x00007fd0c5b50000)
  eden space 4527488K,   0% used [0x00007fcb70600000, 0x00007fcb70600000, 0x00007fcc84b60000)
  from space 565888K,   7% used [0x00007fcc84b60000, 0x00007fcc876a9840, 0x00007fcca7400000)
  to   space 565888K,   0% used [0x00007fcca7400000, 0x00007fcca7400000, 0x00007fccc9ca0000)
 tenured generation   total 15512748K, used 12592199K [0x00007fd0c5b50000, 0x00007fd47887b000, 0x00007fdb70600000)
   the space 15512748K,  81% used [0x00007fd0c5b50000, 0x00007fd3c6461e50, 0x00007fd3c6462000, 0x00007fd47887b000)
 Metaspace       used 23317K, capacity 23725K, committed 23808K, reserved 24576K
}
Event: 37.784 GC heap before
{Heap before GC invocations=11 (full 6):
 def new generation   total 5093376K, used 44326K [0x00007fcb70600000, 0x00007fccc9ca0000, 0x00007fd0c5b50000)
  eden space 4527488K,   0% used [0x00007fcb70600000, 0x00007fcb70600000, 0x00007fcc84b60000)
  from space 565888K,   7% used [0x00007fcc84b60000, 0x00007fcc876a9840, 0x00007fcca7400000)
  to   space 565888K,   0% used [0x00007fcca7400000, 0x00007fcca7400000, 0x00007fccc9ca0000)
 tenured generation   total 15512748K, used 12592199K [0x00007fd0c5b50000, 0x00007fd47887b000, 0x00007fdb70600000)
   the space 15512748K,  81% used [0x00007fd0c5b50000, 0x00007fd3c6461e50, 0x00007fd3c6462000, 0x00007fd47887b000)
 Metaspace       used 23317K, capacity 23725K, committed 23808K, reserved 24576K
}
Event: 38.504 GC heap after
{Heap after GC invocations=11 (full 7):
 def new generation   total 5093376K, used 0K [0x00007fcb70600000, 0x00007fccc9ca0000, 0x00007fd0c5b50000)
  eden space 4527488K,   0% used [0x00007fcb70600000, 0x00007fcb70600000, 0x00007fcc84b60000)
  from space 565888K,   0% used [0x00007fcc84b60000, 0x00007fcc84b60000, 0x00007fcca7400000)
  to   space 565888K,   0% used [0x00007fcca7400000, 0x00007fcca7400000, 0x00007fccc9ca0000)
 tenured generation   total 11318440K, used 4237129K [0x00007fd0c5b50000, 0x00007fd37887a000, 0x00007fdb70600000)
   the space 11318440K,  37% used [0x00007fd0c5b50000, 0x00007fd1c8522758, 0x00007fd1c8522800, 0x00007fd37887a000)
 Metaspace       used 23317K, capacity 23725K, committed 23808K, reserved 24576K
}
Event: 40.867 GC heap before
{Heap before GC invocations=11 (full 7):
 def new generation   total 5093376K, used 4283256K [0x00007fcb70600000, 0x00007fccc9ca0000, 0x00007fd0c5b50000)
  eden space 4527488K,  94% used [0x00007fcb70600000, 0x00007fcc75cde0e0, 0x00007fcc84b60000)
  from space 565888K,   0% used [0x00007fcc84b60000, 0x00007fcc84b60000, 0x00007fcca7400000)
  to   space 565888K,   0% used [0x00007fcca7400000, 0x00007fcca7400000, 0x00007fccc9ca0000)
 tenured generation   total 11318440K, used 4237129K [0x00007fd0c5b50000, 0x00007fd37887a000, 0x00007fdb70600000)
   the space 11318440K,  37% used [0x00007fd0c5b50000, 0x00007fd1c8522758, 0x00007fd1c8522800, 0x00007fd37887a000)
 Metaspace       used 23317K, capacity 23725K, committed 23808K, reserved 24576K
}
Event: 41.535 GC heap after
{Heap after GC invocations=12 (full 7):
 def new generation   total 5093376K, used 1K [0x00007fcb70600000, 0x00007fccc9ca0000, 0x00007fd0c5b50000)
  eden space 4527488K,   0% used [0x00007fcb70600000, 0x00007fcb70600000, 0x00007fcc84b60000)
  from space 565888K,   0% used [0x00007fcca7400000, 0x00007fcca7400518, 0x00007fccc9ca0000)
  to   space 565888K,   0% used [0x00007fcc84b60000, 0x00007fcc84b60000, 0x00007fcca7400000)
 tenured generation   total 11318440K, used 8431433K [0x00007fd0c5b50000, 0x00007fd37887a000, 0x00007fdb70600000)
   the space 11318440K,  74% used [0x00007fd0c5b50000, 0x00007fd2c8522788, 0x00007fd2c8522800, 0x00007fd37887a000)
 Metaspace       used 23317K, capacity 23725K, committed 23808K, reserved 24576K
}
Event: 44.037 GC heap before
{Heap before GC invocations=12 (full 7):
 def new generation   total 5093376K, used 4283158K [0x00007fcb70600000, 0x00007fccc9ca0000, 0x00007fd0c5b50000)
  eden space 4527488K,  94% used [0x00007fcb70600000, 0x00007fcc75cc54c8, 0x00007fcc84b60000)
  from space 565888K,   0% used [0x00007fcca7400000, 0x00007fcca7400518, 0x00007fccc9ca0000)
  to   space 565888K,   0% used [0x00007fcc84b60000, 0x00007fcc84b60000, 0x00007fcca7400000)
 tenured generation   total 11318440K, used 8431433K [0x00007fd0c5b50000, 0x00007fd37887a000, 0x00007fdb70600000)
   the space 11318440K,  74% used [0x00007fd0c5b50000, 0x00007fd2c8522788, 0x00007fd2c8522800, 0x00007fd37887a000)
 Metaspace       used 23317K, capacity 23725K, committed 23808K, reserved 24576K
}

