# JRE version: OpenJDK Runtime Environment (13.0.7+5) (build 13.0.7+5-Ubuntu-0ubuntu120.04)
# Java VM: OpenJDK 64-Bit Server VM (13.0.7+5-Ubuntu-0ubuntu120.04, mixed mode, tiered, serial gc, linux-amd64)
Heap:
 def new generation   total 7871424K, used 0K [0x00007f2abc600000, 0x00007f2cd2300000, 0x00007f3011b50000)
  eden space 6996864K,   0% used [0x00007f2abc600000, 0x00007f2abc600000, 0x00007f2c676e0000)
  from space 874560K,   0% used [0x00007f2c676e0000, 0x00007f2c676e0000, 0x00007f2c9ccf0000)
  to   space 874560K,   0% used [0x00007f2c9ccf0000, 0x00007f2c9ccf0000, 0x00007f2cd2300000)
 tenured generation   total 17624928K, used 16537156K [0x00007f3011b50000, 0x00007f3445728000, 0x00007f3abc600000)
   the space 17624928K,  93% used [0x00007f3011b50000, 0x00007f34030e1288, 0x00007f34030e1400, 0x00007f3445728000)
 Metaspace       used 30405K, capacity 30786K, committed 30976K, reserved 32768K
GC Heap History (20 events):
Event: 73.955 GC heap after
{Heap after GC invocations=17 (full 7):
 def new generation   total 7871424K, used 874560K [0x00007f2abc600000, 0x00007f2cd2300000, 0x00007f3011b50000)
  eden space 6996864K,   0% used [0x00007f2abc600000, 0x00007f2abc600000, 0x00007f2c676e0000)
  from space 874560K, 100% used [0x00007f2c9ccf0000, 0x00007f2cd2300000, 0x00007f2cd2300000)
  to   space 874560K,   0% used [0x00007f2c676e0000, 0x00007f2c676e0000, 0x00007f2c9ccf0000)
 tenured generation   total 17491872K, used 5380029K [0x00007f3011b50000, 0x00007f343d538000, 0x00007f3abc600000)
   the space 17491872K,  30% used [0x00007f3011b50000, 0x00007f315a13f5a0, 0x00007f315a13f600, 0x00007f343d538000)
 Metaspace       used 30405K, capacity 30786K, committed 30976K, reserved 32768K
}
Event: 75.820 GC heap before
{Heap before GC invocations=17 (full 7):
 def new generation   total 7871424K, used 7871424K [0x00007f2abc600000, 0x00007f2cd2300000, 0x00007f3011b50000)
  eden space 6996864K, 100% used [0x00007f2abc600000, 0x00007f2c676e0000, 0x00007f2c676e0000)
  from space 874560K, 100% used [0x00007f2c9ccf0000, 0x00007f2cd2300000, 0x00007f2cd2300000)
  to   space 874560K,   0% used [0x00007f2c676e0000, 0x00007f2c676e0000, 0x00007f2c9ccf0000)
 tenured generation   total 17491872K, used 5380029K [0x00007f3011b50000, 0x00007f343d538000, 0x00007f3abc600000)
   the space 17491872K,  30% used [0x00007f3011b50000, 0x00007f315a13f5a0, 0x00007f315a13f600, 0x00007f343d538000)
 Metaspace       used 30405K, capacity 30786K, committed 30976K, reserved 32768K
}
Event: 78.477 GC heap after
{Heap after GC invocations=18 (full 7):
 def new generation   total 7871424K, used 874560K [0x00007f2abc600000, 0x00007f2cd2300000, 0x00007f3011b50000)
  eden space 6996864K,   0% used [0x00007f2abc600000, 0x00007f2abc600000, 0x00007f2c676e0000)
  from space 874560K, 100% used [0x00007f2c676e0000, 0x00007f2c9ccf0000, 0x00007f2c9ccf0000)
  to   space 874560K,   0% used [0x00007f2c9ccf0000, 0x00007f2c9ccf0000, 0x00007f2cd2300000)
 tenured generation   total 17491872K, used 6367834K [0x00007f3011b50000, 0x00007f343d538000, 0x00007f3abc600000)
   the space 17491872K,  36% used [0x00007f3011b50000, 0x00007f31965e6a50, 0x00007f31965e6c00, 0x00007f343d538000)
 Metaspace       used 30405K, capacity 30786K, committed 30976K, reserved 32768K
}
Event: 80.358 GC heap before
{Heap before GC invocations=18 (full 7):
 def new generation   total 7871424K, used 7871424K [0x00007f2abc600000, 0x00007f2cd2300000, 0x00007f3011b50000)
  eden space 6996864K, 100% used [0x00007f2abc600000, 0x00007f2c676e0000, 0x00007f2c676e0000)
  from space 874560K, 100% used [0x00007f2c676e0000, 0x00007f2c9ccf0000, 0x00007f2c9ccf0000)
  to   space 874560K,   0% used [0x00007f2c9ccf0000, 0x00007f2c9ccf0000, 0x00007f2cd2300000)
 tenured generation   total 17491872K, used 6367834K [0x00007f3011b50000, 0x00007f343d538000, 0x00007f3abc600000)
   the space 17491872K,  36% used [0x00007f3011b50000, 0x00007f31965e6a50, 0x00007f31965e6c00, 0x00007f343d538000)
 Metaspace       used 30405K, capacity 30786K, committed 30976K, reserved 32768K
}
Event: 83.002 GC heap after
{Heap after GC invocations=19 (full 7):
 def new generation   total 7871424K, used 874559K [0x00007f2abc600000, 0x00007f2cd2300000, 0x00007f3011b50000)
  eden space 6996864K,   0% used [0x00007f2abc600000, 0x00007f2abc600000, 0x00007f2c676e0000)
  from space 874560K,  99% used [0x00007f2c9ccf0000, 0x00007f2cd22ffff8, 0x00007f2cd2300000)
  to   space 874560K,   0% used [0x00007f2c676e0000, 0x00007f2c676e0000, 0x00007f2c9ccf0000)
 tenured generation   total 17491872K, used 7326720K [0x00007f3011b50000, 0x00007f343d538000, 0x00007f3abc600000)
   the space 17491872K,  41% used [0x00007f3011b50000, 0x00007f31d0e50298, 0x00007f31d0e50400, 0x00007f343d538000)
 Metaspace       used 30405K, capacity 30786K, committed 30976K, reserved 32768K
}
Event: 112.000 GC heap before
{Heap before GC invocations=19 (full 7):
 def new generation   total 7871424K, used 7871423K [0x00007f2abc600000, 0x00007f2cd2300000, 0x00007f3011b50000)
  eden space 6996864K, 100% used [0x00007f2abc600000, 0x00007f2c676e0000, 0x00007f2c676e0000)
  from space 874560K,  99% used [0x00007f2c9ccf0000, 0x00007f2cd22ffff8, 0x00007f2cd2300000)
  to   space 874560K,   0% used [0x00007f2c676e0000, 0x00007f2c676e0000, 0x00007f2c9ccf0000)
 tenured generation   total 17491872K, used 7326720K [0x00007f3011b50000, 0x00007f343d538000, 0x00007f3abc600000)
   the space 17491872K,  41% used [0x00007f3011b50000, 0x00007f31d0e50298, 0x00007f31d0e50400, 0x00007f343d538000)
 Metaspace       used 30405K, capacity 30786K, committed 30976K, reserved 32768K
}
Event: 116.619 GC heap after
{Heap after GC invocations=20 (full 7):
 def new generation   total 7871424K, used 874560K [0x00007f2abc600000, 0x00007f2cd2300000, 0x00007f3011b50000)
  eden space 6996864K,   0% used [0x00007f2abc600000, 0x00007f2abc600000, 0x00007f2c676e0000)
  from space 874560K, 100% used [0x00007f2c676e0000, 0x00007f2c9ccf0000, 0x00007f2c9ccf0000)
  to   space 874560K,   0% used [0x00007f2c9ccf0000, 0x00007f2c9ccf0000, 0x00007f2cd2300000)
 tenured generation   total 17491872K, used 8727320K [0x00007f3011b50000, 0x00007f343d538000, 0x00007f3abc600000)
   the space 17491872K,  49% used [0x00007f3011b50000, 0x00007f32266160e8, 0x00007f3226616200, 0x00007f343d538000)
 Metaspace       used 30405K, capacity 30786K, committed 30976K, reserved 32768K
}
Event: 486.247 GC heap before
{Heap before GC invocations=20 (full 7):
 def new generation   total 7871424K, used 7871424K [0x00007f2abc600000, 0x00007f2cd2300000, 0x00007f3011b50000)
  eden space 6996864K, 100% used [0x00007f2abc600000, 0x00007f2c676e0000, 0x00007f2c676e0000)
  from space 874560K, 100% used [0x00007f2c676e0000, 0x00007f2c9ccf0000, 0x00007f2c9ccf0000)
  to   space 874560K,   0% used [0x00007f2c9ccf0000, 0x00007f2c9ccf0000, 0x00007f2cd2300000)
 tenured generation   total 17491872K, used 8727320K [0x00007f3011b50000, 0x00007f343d538000, 0x00007f3abc600000)
   the space 17491872K,  49% used [0x00007f3011b50000, 0x00007f32266160e8, 0x00007f3226616200, 0x00007f343d538000)
 Metaspace       used 30405K, capacity 30786K, committed 30976K, reserved 32768K
}
Event: 491.641 GC heap after
{Heap after GC invocations=21 (full 7):
 def new generation   total 7871424K, used 874559K [0x00007f2abc600000, 0x00007f2cd2300000, 0x00007f3011b50000)
  eden space 6996864K,   0% used [0x00007f2abc600000, 0x00007f2abc600000, 0x00007f2c676e0000)
  from space 874560K,  99% used [0x00007f2c9ccf0000, 0x00007f2cd22fffe8, 0x00007f2cd2300000)
  to   space 874560K,   0% used [0x00007f2c676e0000, 0x00007f2c676e0000, 0x00007f2c9ccf0000)
 tenured generation   total 17491872K, used 10858197K [0x00007f3011b50000, 0x00007f343d538000, 0x00007f3abc600000)
   the space 17491872K,  62% used [0x00007f3011b50000, 0x00007f32a8705568, 0x00007f32a8705600, 0x00007f343d538000)
 Metaspace       used 30405K, capacity 30786K, committed 30976K, reserved 32768K
}
Event: 838.557 GC heap before
{Heap before GC invocations=21 (full 7):
 def new generation   total 7871424K, used 7871423K [0x00007f2abc600000, 0x00007f2cd2300000, 0x00007f3011b50000)
  eden space 6996864K, 100% used [0x00007f2abc600000, 0x00007f2c676e0000, 0x00007f2c676e0000)
  from space 874560K,  99% used [0x00007f2c9ccf0000, 0x00007f2cd22fffe8, 0x00007f2cd2300000)
  to   space 874560K,   0% used [0x00007f2c676e0000, 0x00007f2c676e0000, 0x00007f2c9ccf0000)
 tenured generation   total 17491872K, used 10858197K [0x00007f3011b50000, 0x00007f343d538000, 0x00007f3abc600000)
   the space 17491872K,  62% used [0x00007f3011b50000, 0x00007f32a8705568, 0x00007f32a8705600, 0x00007f343d538000)
 Metaspace       used 30405K, capacity 30786K, committed 30976K, reserved 32768K
}
Event: 842.199 GC heap after
{Heap after GC invocations=22 (full 7):
 def new generation   total 7871424K, used 874559K [0x00007f2abc600000, 0x00007f2cd2300000, 0x00007f3011b50000)
  eden space 6996864K,   0% used [0x00007f2abc600000, 0x00007f2abc600000, 0x00007f2c676e0000)
  from space 874560K,  99% used [0x00007f2c676e0000, 0x00007f2c9ccefff0, 0x00007f2c9ccf0000)
  to   space 874560K,   0% used [0x00007f2c9ccf0000, 0x00007f2c9ccf0000, 0x00007f2cd2300000)
 tenured generation   total 17491872K, used 12331215K [0x00007f3011b50000, 0x00007f343d538000, 0x00007f3abc600000)
   the space 17491872K,  70% used [0x00007f3011b50000, 0x00007f3302583ca0, 0x00007f3302583e00, 0x00007f343d538000)
 Metaspace       used 30405K, capacity 30786K, committed 30976K, reserved 32768K
}
Event: 1189.058 GC heap before
{Heap before GC invocations=22 (full 7):
 def new generation   total 7871424K, used 7871423K [0x00007f2abc600000, 0x00007f2cd2300000, 0x00007f3011b50000)
  eden space 6996864K, 100% used [0x00007f2abc600000, 0x00007f2c676e0000, 0x00007f2c676e0000)
  from space 874560K,  99% used [0x00007f2c676e0000, 0x00007f2c9ccefff0, 0x00007f2c9ccf0000)
  to   space 874560K,   0% used [0x00007f2c9ccf0000, 0x00007f2c9ccf0000, 0x00007f2cd2300000)
 tenured generation   total 17491872K, used 12331215K [0x00007f3011b50000, 0x00007f343d538000, 0x00007f3abc600000)
   the space 17491872K,  70% used [0x00007f3011b50000, 0x00007f3302583ca0, 0x00007f3302583e00, 0x00007f343d538000)
 Metaspace       used 30405K, capacity 30786K, committed 30976K, reserved 32768K
}
Event: 1192.731 GC heap after
{Heap after GC invocations=23 (full 7):
 def new generation   total 7871424K, used 874559K [0x00007f2abc600000, 0x00007f2cd2300000, 0x00007f3011b50000)
  eden space 6996864K,   0% used [0x00007f2abc600000, 0x00007f2abc600000, 0x00007f2c676e0000)
  from space 874560K,  99% used [0x00007f2c9ccf0000, 0x00007f2cd22ffff0, 0x00007f2cd2300000)
  to   space 874560K,   0% used [0x00007f2c676e0000, 0x00007f2c676e0000, 0x00007f2c9ccf0000)
 tenured generation   total 17491872K, used 13804233K [0x00007f3011b50000, 0x00007f343d538000, 0x00007f3abc600000)
   the space 17491872K,  78% used [0x00007f3011b50000, 0x00007f335c402460, 0x00007f335c402600, 0x00007f343d538000)
 Metaspace       used 30405K, capacity 30786K, committed 30976K, reserved 32768K
}
Event: 1527.721 GC heap before
{Heap before GC invocations=23 (full 7):
 def new generation   total 7871424K, used 7871423K [0x00007f2abc600000, 0x00007f2cd2300000, 0x00007f3011b50000)
  eden space 6996864K, 100% used [0x00007f2abc600000, 0x00007f2c676e0000, 0x00007f2c676e0000)
  from space 874560K,  99% used [0x00007f2c9ccf0000, 0x00007f2cd22ffff0, 0x00007f2cd2300000)
  to   space 874560K,   0% used [0x00007f2c676e0000, 0x00007f2c676e0000, 0x00007f2c9ccf0000)
 tenured generation   total 17491872K, used 13804233K [0x00007f3011b50000, 0x00007f343d538000, 0x00007f3abc600000)
   the space 17491872K,  78% used [0x00007f3011b50000, 0x00007f335c402460, 0x00007f335c402600, 0x00007f343d538000)
 Metaspace       used 30405K, capacity 30786K, committed 30976K, reserved 32768K
}
Event: 1531.500 GC heap after
{Heap after GC invocations=24 (full 7):
 def new generation   total 7871424K, used 874560K [0x00007f2abc600000, 0x00007f2cd2300000, 0x00007f3011b50000)
  eden space 6996864K,   0% used [0x00007f2abc600000, 0x00007f2abc600000, 0x00007f2c676e0000)
  from space 874560K, 100% used [0x00007f2c676e0000, 0x00007f2c9ccf0000, 0x00007f2c9ccf0000)
  to   space 874560K,   0% used [0x00007f2c9ccf0000, 0x00007f2c9ccf0000, 0x00007f2cd2300000)
 tenured generation   total 17491872K, used 15277250K [0x00007f3011b50000, 0x00007f343d538000, 0x00007f3abc600000)
   the space 17491872K,  87% used [0x00007f3011b50000, 0x00007f33b6280ba0, 0x00007f33b6280c00, 0x00007f343d538000)
 Metaspace       used 30405K, capacity 30786K, committed 30976K, reserved 32768K
}
Event: 1800.805 GC heap before
{Heap before GC invocations=24 (full 7):
 def new generation   total 7871424K, used 7871424K [0x00007f2abc600000, 0x00007f2cd2300000, 0x00007f3011b50000)
  eden space 6996864K, 100% used [0x00007f2abc600000, 0x00007f2c676e0000, 0x00007f2c676e0000)
  from space 874560K, 100% used [0x00007f2c676e0000, 0x00007f2c9ccf0000, 0x00007f2c9ccf0000)
  to   space 874560K,   0% used [0x00007f2c9ccf0000, 0x00007f2c9ccf0000, 0x00007f2cd2300000)
 tenured generation   total 17491872K, used 15277250K [0x00007f3011b50000, 0x00007f343d538000, 0x00007f3abc600000)
   the space 17491872K,  87% used [0x00007f3011b50000, 0x00007f33b6280ba0, 0x00007f33b6280c00, 0x00007f343d538000)
 Metaspace       used 30405K, capacity 30786K, committed 30976K, reserved 32768K
}
Event: 1804.518 GC heap after
{Heap after GC invocations=25 (full 7):
 def new generation   total 7871424K, used 874559K [0x00007f2abc600000, 0x00007f2cd2300000, 0x00007f3011b50000)
  eden space 6996864K,   0% used [0x00007f2abc600000, 0x00007f2abc600000, 0x00007f2c676e0000)
  from space 874560K,  99% used [0x00007f2c9ccf0000, 0x00007f2cd22ffff0, 0x00007f2cd2300000)
  to   space 874560K,   0% used [0x00007f2c676e0000, 0x00007f2c676e0000, 0x00007f2c9ccf0000)
 tenured generation   total 17491872K, used 16750268K [0x00007f3011b50000, 0x00007f343d538000, 0x00007f3abc600000)
   the space 17491872K,  95% used [0x00007f3011b50000, 0x00007f34100ff360, 0x00007f34100ff400, 0x00007f343d538000)
 Metaspace       used 30405K, capacity 30786K, committed 30976K, reserved 32768K
}
Event: 1847.468 GC heap before
{Heap before GC invocations=25 (full 7):
 def new generation   total 7871424K, used 7871423K [0x00007f2abc600000, 0x00007f2cd2300000, 0x00007f3011b50000)
  eden space 6996864K, 100% used [0x00007f2abc600000, 0x00007f2c676e0000, 0x00007f2c676e0000)
  from space 874560K,  99% used [0x00007f2c9ccf0000, 0x00007f2cd22ffff0, 0x00007f2cd2300000)
  to   space 874560K,   0% used [0x00007f2c676e0000, 0x00007f2c676e0000, 0x00007f2c9ccf0000)
 tenured generation   total 17491872K, used 16750268K [0x00007f3011b50000, 0x00007f343d538000, 0x00007f3abc600000)
   the space 17491872K,  95% used [0x00007f3011b50000, 0x00007f34100ff360, 0x00007f34100ff400, 0x00007f343d538000)
 Metaspace       used 30405K, capacity 30786K, committed 30976K, reserved 32768K
}
Event: 1849.686 GC heap after
{Heap after GC invocations=26 (full 7):
 def new generation   total 7871424K, used 852649K [0x00007f2abc600000, 0x00007f2cd2300000, 0x00007f3011b50000)
  eden space 6996864K,   0% used [0x00007f2abc600000, 0x00007f2abc600000, 0x00007f2c676e0000)
  from space 874560K,  97% used [0x00007f2c676e0000, 0x00007f2c9b78a600, 0x00007f2c9ccf0000)
  to   space 874560K,   0% used [0x00007f2c9ccf0000, 0x00007f2c9ccf0000, 0x00007f2cd2300000)
 tenured generation   total 17624928K, used 17624828K [0x00007f3011b50000, 0x00007f3445728000, 0x00007f3abc600000)
   the space 17624928K,  99% used [0x00007f3011b50000, 0x00007f344570f2a0, 0x00007f344570f400, 0x00007f3445728000)
 Metaspace       used 30405K, capacity 30786K, committed 30976K, reserved 32768K
}
Event: 1849.686 GC heap before
{Heap before GC invocations=26 (full 7):
 def new generation   total 7871424K, used 852649K [0x00007f2abc600000, 0x00007f2cd2300000, 0x00007f3011b50000)
  eden space 6996864K,   0% used [0x00007f2abc600000, 0x00007f2abc600000, 0x00007f2c676e0000)
  from space 874560K,  97% used [0x00007f2c676e0000, 0x00007f2c9b78a600, 0x00007f2c9ccf0000)
  to   space 874560K,   0% used [0x00007f2c9ccf0000, 0x00007f2c9ccf0000, 0x00007f2cd2300000)
 tenured generation   total 17624928K, used 17624828K [0x00007f3011b50000, 0x00007f3445728000, 0x00007f3abc600000)
   the space 17624928K,  99% used [0x00007f3011b50000, 0x00007f344570f2a0, 0x00007f344570f400, 0x00007f3445728000)
 Metaspace       used 30405K, capacity 30786K, committed 30976K, reserved 32768K
}

