# JRE version: OpenJDK Runtime Environment (13.0.7+5) (build 13.0.7+5-Ubuntu-0ubuntu120.04)
# Java VM: OpenJDK 64-Bit Server VM (13.0.7+5-Ubuntu-0ubuntu120.04, mixed mode, tiered, serial gc, linux-amd64)
Heap:
 def new generation   total 1844864K, used 0K [0x00007fbe3c600000, 0x00007fbeb97c0000, 0x00007fc391b50000)
  eden space 1639936K,   0% used [0x00007fbe3c600000, 0x00007fbe3c600000, 0x00007fbea0780000)
  from space 204928K,   0% used [0x00007fbeacfa0000, 0x00007fbeacfa0000, 0x00007fbeb97c0000)
  to   space 204928K,   0% used [0x00007fbea0780000, 0x00007fbea0780000, 0x00007fbeacfa0000)
 tenured generation   total 4215680K, used 4170332K [0x00007fc391b50000, 0x00007fc493030000, 0x00007fce3c600000)
   the space 4215680K,  98% used [0x00007fc391b50000, 0x00007fc4903e7128, 0x00007fc4903e7200, 0x00007fc493030000)
 Metaspace       used 30538K, capacity 30926K, committed 31232K, reserved 32768K
GC Heap History (20 events):
Event: 112.069 GC heap after
{Heap after GC invocations=90 (full 7):
 def new generation   total 1844864K, used 146994K [0x00007fbe3c600000, 0x00007fbeb97c0000, 0x00007fc391b50000)
  eden space 1639936K,   0% used [0x00007fbe3c600000, 0x00007fbe3c600000, 0x00007fbea0780000)
  from space 204928K,  71% used [0x00007fbea0780000, 0x00007fbea970c868, 0x00007fbeacfa0000)
  to   space 204928K,   0% used [0x00007fbeacfa0000, 0x00007fbeacfa0000, 0x00007fbeb97c0000)
 tenured generation   total 4099520K, used 2916176K [0x00007fc391b50000, 0x00007fc48bec0000, 0x00007fce3c600000)
   the space 4099520K,  71% used [0x00007fc391b50000, 0x00007fc443b24290, 0x00007fc443b24400, 0x00007fc48bec0000)
 Metaspace       used 30538K, capacity 30926K, committed 31232K, reserved 32768K
}
Event: 112.539 GC heap before
{Heap before GC invocations=90 (full 7):
 def new generation   total 1844864K, used 1786930K [0x00007fbe3c600000, 0x00007fbeb97c0000, 0x00007fc391b50000)
  eden space 1639936K, 100% used [0x00007fbe3c600000, 0x00007fbea0780000, 0x00007fbea0780000)
  from space 204928K,  71% used [0x00007fbea0780000, 0x00007fbea970c868, 0x00007fbeacfa0000)
  to   space 204928K,   0% used [0x00007fbeacfa0000, 0x00007fbeacfa0000, 0x00007fbeb97c0000)
 tenured generation   total 4099520K, used 2916176K [0x00007fc391b50000, 0x00007fc48bec0000, 0x00007fce3c600000)
   the space 4099520K,  71% used [0x00007fc391b50000, 0x00007fc443b24290, 0x00007fc443b24400, 0x00007fc48bec0000)
 Metaspace       used 30538K, capacity 30926K, committed 31232K, reserved 32768K
}
Event: 112.951 GC heap after
{Heap after GC invocations=91 (full 7):
 def new generation   total 1844864K, used 134615K [0x00007fbe3c600000, 0x00007fbeb97c0000, 0x00007fc391b50000)
  eden space 1639936K,   0% used [0x00007fbe3c600000, 0x00007fbe3c600000, 0x00007fbea0780000)
  from space 204928K,  65% used [0x00007fbeacfa0000, 0x00007fbeb5315d50, 0x00007fbeb97c0000)
  to   space 204928K,   0% used [0x00007fbea0780000, 0x00007fbea0780000, 0x00007fbeacfa0000)
 tenured generation   total 4099520K, used 3063169K [0x00007fc391b50000, 0x00007fc48bec0000, 0x00007fce3c600000)
   the space 4099520K,  74% used [0x00007fc391b50000, 0x00007fc44cab0798, 0x00007fc44cab0800, 0x00007fc48bec0000)
 Metaspace       used 30538K, capacity 30926K, committed 31232K, reserved 32768K
}
Event: 113.447 GC heap before
{Heap before GC invocations=91 (full 7):
 def new generation   total 1844864K, used 1774551K [0x00007fbe3c600000, 0x00007fbeb97c0000, 0x00007fc391b50000)
  eden space 1639936K, 100% used [0x00007fbe3c600000, 0x00007fbea0780000, 0x00007fbea0780000)
  from space 204928K,  65% used [0x00007fbeacfa0000, 0x00007fbeb5315d50, 0x00007fbeb97c0000)
  to   space 204928K,   0% used [0x00007fbea0780000, 0x00007fbea0780000, 0x00007fbeacfa0000)
 tenured generation   total 4099520K, used 3063169K [0x00007fc391b50000, 0x00007fc48bec0000, 0x00007fce3c600000)
   the space 4099520K,  74% used [0x00007fc391b50000, 0x00007fc44cab0798, 0x00007fc44cab0800, 0x00007fc48bec0000)
 Metaspace       used 30538K, capacity 30926K, committed 31232K, reserved 32768K
}
Event: 113.945 GC heap after
{Heap after GC invocations=92 (full 7):
 def new generation   total 1844864K, used 142119K [0x00007fbe3c600000, 0x00007fbeb97c0000, 0x00007fc391b50000)
  eden space 1639936K,   0% used [0x00007fbe3c600000, 0x00007fbe3c600000, 0x00007fbea0780000)
  from space 204928K,  69% used [0x00007fbea0780000, 0x00007fbea9249f60, 0x00007fbeacfa0000)
  to   space 204928K,   0% used [0x00007fbeacfa0000, 0x00007fbeacfa0000, 0x00007fbeb97c0000)
 tenured generation   total 4099520K, used 3197784K [0x00007fc391b50000, 0x00007fc48bec0000, 0x00007fce3c600000)
   the space 4099520K,  78% used [0x00007fc391b50000, 0x00007fc454e262d8, 0x00007fc454e26400, 0x00007fc48bec0000)
 Metaspace       used 30538K, capacity 30926K, committed 31232K, reserved 32768K
}
Event: 114.391 GC heap before
{Heap before GC invocations=92 (full 7):
 def new generation   total 1844864K, used 1782055K [0x00007fbe3c600000, 0x00007fbeb97c0000, 0x00007fc391b50000)
  eden space 1639936K, 100% used [0x00007fbe3c600000, 0x00007fbea0780000, 0x00007fbea0780000)
  from space 204928K,  69% used [0x00007fbea0780000, 0x00007fbea9249f60, 0x00007fbeacfa0000)
  to   space 204928K,   0% used [0x00007fbeacfa0000, 0x00007fbeacfa0000, 0x00007fbeb97c0000)
 tenured generation   total 4099520K, used 3197784K [0x00007fc391b50000, 0x00007fc48bec0000, 0x00007fce3c600000)
   the space 4099520K,  78% used [0x00007fc391b50000, 0x00007fc454e262d8, 0x00007fc454e26400, 0x00007fc48bec0000)
 Metaspace       used 30538K, capacity 30926K, committed 31232K, reserved 32768K
}
Event: 114.925 GC heap after
{Heap after GC invocations=93 (full 7):
 def new generation   total 1844864K, used 151600K [0x00007fbe3c600000, 0x00007fbeb97c0000, 0x00007fc391b50000)
  eden space 1639936K,   0% used [0x00007fbe3c600000, 0x00007fbe3c600000, 0x00007fbea0780000)
  from space 204928K,  73% used [0x00007fbeacfa0000, 0x00007fbeb63ac078, 0x00007fbeb97c0000)
  to   space 204928K,   0% used [0x00007fbea0780000, 0x00007fbea0780000, 0x00007fbeacfa0000)
 tenured generation   total 4099520K, used 3339903K [0x00007fc391b50000, 0x00007fc48bec0000, 0x00007fce3c600000)
   the space 4099520K,  81% used [0x00007fc391b50000, 0x00007fc45d8effd8, 0x00007fc45d8f0000, 0x00007fc48bec0000)
 Metaspace       used 30538K, capacity 30926K, committed 31232K, reserved 32768K
}
Event: 115.393 GC heap before
{Heap before GC invocations=93 (full 7):
 def new generation   total 1844864K, used 1791536K [0x00007fbe3c600000, 0x00007fbeb97c0000, 0x00007fc391b50000)
  eden space 1639936K, 100% used [0x00007fbe3c600000, 0x00007fbea0780000, 0x00007fbea0780000)
  from space 204928K,  73% used [0x00007fbeacfa0000, 0x00007fbeb63ac078, 0x00007fbeb97c0000)
  to   space 204928K,   0% used [0x00007fbea0780000, 0x00007fbea0780000, 0x00007fbeacfa0000)
 tenured generation   total 4099520K, used 3339903K [0x00007fc391b50000, 0x00007fc48bec0000, 0x00007fce3c600000)
   the space 4099520K,  81% used [0x00007fc391b50000, 0x00007fc45d8effd8, 0x00007fc45d8f0000, 0x00007fc48bec0000)
 Metaspace       used 30538K, capacity 30926K, committed 31232K, reserved 32768K
}
Event: 115.816 GC heap after
{Heap after GC invocations=94 (full 7):
 def new generation   total 1844864K, used 147568K [0x00007fbe3c600000, 0x00007fbeb97c0000, 0x00007fc391b50000)
  eden space 1639936K,   0% used [0x00007fbe3c600000, 0x00007fbe3c600000, 0x00007fbea0780000)
  from space 204928K,  72% used [0x00007fbea0780000, 0x00007fbea979c368, 0x00007fbeacfa0000)
  to   space 204928K,   0% used [0x00007fbeacfa0000, 0x00007fbeacfa0000, 0x00007fbeb97c0000)
 tenured generation   total 4099520K, used 3491503K [0x00007fc391b50000, 0x00007fc48bec0000, 0x00007fce3c600000)
   the space 4099520K,  85% used [0x00007fc391b50000, 0x00007fc466cfbc70, 0x00007fc466cfbe00, 0x00007fc48bec0000)
 Metaspace       used 30538K, capacity 30926K, committed 31232K, reserved 32768K
}
Event: 116.304 GC heap before
{Heap before GC invocations=94 (full 7):
 def new generation   total 1844864K, used 1787504K [0x00007fbe3c600000, 0x00007fbeb97c0000, 0x00007fc391b50000)
  eden space 1639936K, 100% used [0x00007fbe3c600000, 0x00007fbea0780000, 0x00007fbea0780000)
  from space 204928K,  72% used [0x00007fbea0780000, 0x00007fbea979c368, 0x00007fbeacfa0000)
  to   space 204928K,   0% used [0x00007fbeacfa0000, 0x00007fbeacfa0000, 0x00007fbeb97c0000)
 tenured generation   total 4099520K, used 3491503K [0x00007fc391b50000, 0x00007fc48bec0000, 0x00007fce3c600000)
   the space 4099520K,  85% used [0x00007fc391b50000, 0x00007fc466cfbc70, 0x00007fc466cfbe00, 0x00007fc48bec0000)
 Metaspace       used 30538K, capacity 30926K, committed 31232K, reserved 32768K
}
Event: 116.803 GC heap after
{Heap after GC invocations=95 (full 7):
 def new generation   total 1844864K, used 141203K [0x00007fbe3c600000, 0x00007fbeb97c0000, 0x00007fc391b50000)
  eden space 1639936K,   0% used [0x00007fbe3c600000, 0x00007fbe3c600000, 0x00007fbea0780000)
  from space 204928K,  68% used [0x00007fbeacfa0000, 0x00007fbeb5984e00, 0x00007fbeb97c0000)
  to   space 204928K,   0% used [0x00007fbea0780000, 0x00007fbea0780000, 0x00007fbeacfa0000)
 tenured generation   total 4099520K, used 3639071K [0x00007fc391b50000, 0x00007fc48bec0000, 0x00007fce3c600000)
   the space 4099520K,  88% used [0x00007fc391b50000, 0x00007fc46fd17d18, 0x00007fc46fd17e00, 0x00007fc48bec0000)
 Metaspace       used 30538K, capacity 30926K, committed 31232K, reserved 32768K
}
Event: 117.287 GC heap before
{Heap before GC invocations=95 (full 7):
 def new generation   total 1844864K, used 1781139K [0x00007fbe3c600000, 0x00007fbeb97c0000, 0x00007fc391b50000)
  eden space 1639936K, 100% used [0x00007fbe3c600000, 0x00007fbea0780000, 0x00007fbea0780000)
  from space 204928K,  68% used [0x00007fbeacfa0000, 0x00007fbeb5984e00, 0x00007fbeb97c0000)
  to   space 204928K,   0% used [0x00007fbea0780000, 0x00007fbea0780000, 0x00007fbeacfa0000)
 tenured generation   total 4099520K, used 3639071K [0x00007fc391b50000, 0x00007fc48bec0000, 0x00007fce3c600000)
   the space 4099520K,  88% used [0x00007fc391b50000, 0x00007fc46fd17d18, 0x00007fc46fd17e00, 0x00007fc48bec0000)
 Metaspace       used 30538K, capacity 30926K, committed 31232K, reserved 32768K
}
Event: 117.819 GC heap after
{Heap after GC invocations=96 (full 7):
 def new generation   total 1844864K, used 154767K [0x00007fbe3c600000, 0x00007fbeb97c0000, 0x00007fc391b50000)
  eden space 1639936K,   0% used [0x00007fbe3c600000, 0x00007fbe3c600000, 0x00007fbea0780000)
  from space 204928K,  75% used [0x00007fbea0780000, 0x00007fbea9ea3e80, 0x00007fbeacfa0000)
  to   space 204928K,   0% used [0x00007fbeacfa0000, 0x00007fbeacfa0000, 0x00007fbeb97c0000)
 tenured generation   total 4099520K, used 3780274K [0x00007fc391b50000, 0x00007fc48bec0000, 0x00007fce3c600000)
   the space 4099520K,  92% used [0x00007fc391b50000, 0x00007fc4786fc838, 0x00007fc4786fca00, 0x00007fc48bec0000)
 Metaspace       used 30538K, capacity 30926K, committed 31232K, reserved 32768K
}
Event: 118.352 GC heap before
{Heap before GC invocations=96 (full 7):
 def new generation   total 1844864K, used 1794703K [0x00007fbe3c600000, 0x00007fbeb97c0000, 0x00007fc391b50000)
  eden space 1639936K, 100% used [0x00007fbe3c600000, 0x00007fbea0780000, 0x00007fbea0780000)
  from space 204928K,  75% used [0x00007fbea0780000, 0x00007fbea9ea3e80, 0x00007fbeacfa0000)
  to   space 204928K,   0% used [0x00007fbeacfa0000, 0x00007fbeacfa0000, 0x00007fbeb97c0000)
 tenured generation   total 4099520K, used 3780274K [0x00007fc391b50000, 0x00007fc48bec0000, 0x00007fce3c600000)
   the space 4099520K,  92% used [0x00007fc391b50000, 0x00007fc4786fc838, 0x00007fc4786fca00, 0x00007fc48bec0000)
 Metaspace       used 30538K, capacity 30926K, committed 31232K, reserved 32768K
}
Event: 118.810 GC heap after
{Heap after GC invocations=97 (full 7):
 def new generation   total 1844864K, used 138037K [0x00007fbe3c600000, 0x00007fbeb97c0000, 0x00007fc391b50000)
  eden space 1639936K,   0% used [0x00007fbe3c600000, 0x00007fbe3c600000, 0x00007fbea0780000)
  from space 204928K,  67% used [0x00007fbeacfa0000, 0x00007fbeb566d778, 0x00007fbeb97c0000)
  to   space 204928K,   0% used [0x00007fbea0780000, 0x00007fbea0780000, 0x00007fbeacfa0000)
 tenured generation   total 4099520K, used 3935041K [0x00007fc391b50000, 0x00007fc48bec0000, 0x00007fce3c600000)
   the space 4099520K,  95% used [0x00007fc391b50000, 0x00007fc481e20568, 0x00007fc481e20600, 0x00007fc48bec0000)
 Metaspace       used 30538K, capacity 30926K, committed 31232K, reserved 32768K
}
Event: 119.284 GC heap before
{Heap before GC invocations=97 (full 7):
 def new generation   total 1844864K, used 1777973K [0x00007fbe3c600000, 0x00007fbeb97c0000, 0x00007fc391b50000)
  eden space 1639936K, 100% used [0x00007fbe3c600000, 0x00007fbea0780000, 0x00007fbea0780000)
  from space 204928K,  67% used [0x00007fbeacfa0000, 0x00007fbeb566d778, 0x00007fbeb97c0000)
  to   space 204928K,   0% used [0x00007fbea0780000, 0x00007fbea0780000, 0x00007fbeacfa0000)
 tenured generation   total 4099520K, used 3935041K [0x00007fc391b50000, 0x00007fc48bec0000, 0x00007fce3c600000)
   the space 4099520K,  95% used [0x00007fc391b50000, 0x00007fc481e20568, 0x00007fc481e20600, 0x00007fc48bec0000)
 Metaspace       used 30538K, capacity 30926K, committed 31232K, reserved 32768K
}
Event: 119.780 GC heap after
{Heap after GC invocations=98 (full 7):
 def new generation   total 1844864K, used 142452K [0x00007fbe3c600000, 0x00007fbeb97c0000, 0x00007fc391b50000)
  eden space 1639936K,   0% used [0x00007fbe3c600000, 0x00007fbe3c600000, 0x00007fbea0780000)
  from space 204928K,  69% used [0x00007fbea0780000, 0x00007fbea929d050, 0x00007fbeacfa0000)
  to   space 204928K,   0% used [0x00007fbeacfa0000, 0x00007fbeacfa0000, 0x00007fbeb97c0000)
 tenured generation   total 4099520K, used 4073078K [0x00007fc391b50000, 0x00007fc48bec0000, 0x00007fce3c600000)
   the space 4099520K,  99% used [0x00007fc391b50000, 0x00007fc48a4edac0, 0x00007fc48a4edc00, 0x00007fc48bec0000)
 Metaspace       used 30538K, capacity 30926K, committed 31232K, reserved 32768K
}
Event: 120.240 GC heap before
{Heap before GC invocations=98 (full 7):
 def new generation   total 1844864K, used 1782388K [0x00007fbe3c600000, 0x00007fbeb97c0000, 0x00007fc391b50000)
  eden space 1639936K, 100% used [0x00007fbe3c600000, 0x00007fbea0780000, 0x00007fbea0780000)
  from space 204928K,  69% used [0x00007fbea0780000, 0x00007fbea929d050, 0x00007fbeacfa0000)
  to   space 204928K,   0% used [0x00007fbeacfa0000, 0x00007fbeacfa0000, 0x00007fbeb97c0000)
 tenured generation   total 4099520K, used 4073078K [0x00007fc391b50000, 0x00007fc48bec0000, 0x00007fce3c600000)
   the space 4099520K,  99% used [0x00007fc391b50000, 0x00007fc48a4edac0, 0x00007fc48a4edc00, 0x00007fc48bec0000)
 Metaspace       used 30538K, capacity 30926K, committed 31232K, reserved 32768K
}
Event: 120.714 GC heap after
{Heap after GC invocations=99 (full 7):
 def new generation   total 1844864K, used 144174K [0x00007fbe3c600000, 0x00007fbeb97c0000, 0x00007fc391b50000)
  eden space 1639936K,   0% used [0x00007fbe3c600000, 0x00007fbe3c600000, 0x00007fbea0780000)
  from space 204928K,  70% used [0x00007fbeacfa0000, 0x00007fbeb5c6b8d8, 0x00007fbeb97c0000)
  to   space 204928K,   0% used [0x00007fbea0780000, 0x00007fbea0780000, 0x00007fbeacfa0000)
 tenured generation   total 4215680K, used 4215529K [0x00007fc391b50000, 0x00007fc493030000, 0x00007fce3c600000)
   the space 4215680K,  99% used [0x00007fc391b50000, 0x00007fc49300a7a0, 0x00007fc49300a800, 0x00007fc493030000)
 Metaspace       used 30538K, capacity 30926K, committed 31232K, reserved 32768K
}
Event: 120.714 GC heap before
{Heap before GC invocations=99 (full 7):
 def new generation   total 1844864K, used 144174K [0x00007fbe3c600000, 0x00007fbeb97c0000, 0x00007fc391b50000)
  eden space 1639936K,   0% used [0x00007fbe3c600000, 0x00007fbe3c600000, 0x00007fbea0780000)
  from space 204928K,  70% used [0x00007fbeacfa0000, 0x00007fbeb5c6b8d8, 0x00007fbeb97c0000)
  to   space 204928K,   0% used [0x00007fbea0780000, 0x00007fbea0780000, 0x00007fbeacfa0000)
 tenured generation   total 4215680K, used 4215529K [0x00007fc391b50000, 0x00007fc493030000, 0x00007fce3c600000)
   the space 4215680K,  99% used [0x00007fc391b50000, 0x00007fc49300a7a0, 0x00007fc49300a800, 0x00007fc493030000)
 Metaspace       used 30538K, capacity 30926K, committed 31232K, reserved 32768K
}

