# JRE version: OpenJDK Runtime Environment (13.0.7+5) (build 13.0.7+5-Ubuntu-0ubuntu120.04)
# Java VM: OpenJDK 64-Bit Server VM (13.0.7+5-Ubuntu-0ubuntu120.04, mixed mode, tiered, serial gc, linux-amd64)
Heap:
 def new generation   total 3484608K, used 168532K [0x00007f8eb8600000, 0x00007f8fa4b00000, 0x00007f99630a0000)
  eden space 3097472K,   5% used [0x00007f8eb8600000, 0x00007f8ec2a953a8, 0x00007f8f756e0000)
  from space 387136K,   0% used [0x00007f8f8d0f0000, 0x00007f8f8d0f0000, 0x00007f8fa4b00000)
  to   space 387136K,   0% used [0x00007f8f756e0000, 0x00007f8f756e0000, 0x00007f8f8d0f0000)
 tenured generation   total 7759748K, used 7748485K [0x00007f99630a0000, 0x00007f9b3ca81000, 0x00007faeb8600000)
   the space 7759748K,  99% used [0x00007f99630a0000, 0x00007f9b3bf81578, 0x00007f9b3bf81600, 0x00007f9b3ca81000)
 Metaspace       used 24276K, capacity 24640K, committed 24832K, reserved 26624K
GC Heap History (20 events):
Event: 729.877 GC heap after
{Heap after GC invocations=1161 (full 6):
 def new generation   total 3484608K, used 203448K [0x00007f8eb8600000, 0x00007f8fa4b00000, 0x00007f99630a0000)
  eden space 3097472K,   0% used [0x00007f8eb8600000, 0x00007f8eb8600000, 0x00007f8f756e0000)
  from space 387136K,  52% used [0x00007f8f756e0000, 0x00007f8f81d8e298, 0x00007f8f8d0f0000)
  to   space 387136K,   0% used [0x00007f8f8d0f0000, 0x00007f8f8d0f0000, 0x00007f8fa4b00000)
 tenured generation   total 7743360K, used 7527963K [0x00007f99630a0000, 0x00007f9b3ba80000, 0x00007faeb8600000)
   the space 7743360K,  97% used [0x00007f99630a0000, 0x00007f9b2e826f78, 0x00007f9b2e827000, 0x00007f9b3ba80000)
 Metaspace       used 24275K, capacity 24640K, committed 24832K, reserved 26624K
}
Event: 731.369 GC heap before
{Heap before GC invocations=1161 (full 6):
 def new generation   total 3484608K, used 3300920K [0x00007f8eb8600000, 0x00007f8fa4b00000, 0x00007f99630a0000)
  eden space 3097472K, 100% used [0x00007f8eb8600000, 0x00007f8f756e0000, 0x00007f8f756e0000)
  from space 387136K,  52% used [0x00007f8f756e0000, 0x00007f8f81d8e298, 0x00007f8f8d0f0000)
  to   space 387136K,   0% used [0x00007f8f8d0f0000, 0x00007f8f8d0f0000, 0x00007f8fa4b00000)
 tenured generation   total 7743360K, used 7527963K [0x00007f99630a0000, 0x00007f9b3ba80000, 0x00007faeb8600000)
   the space 7743360K,  97% used [0x00007f99630a0000, 0x00007f9b2e826f78, 0x00007f9b2e827000, 0x00007f9b3ba80000)
 Metaspace       used 24275K, capacity 24640K, committed 24832K, reserved 26624K
}
Event: 731.416 GC heap after
{Heap after GC invocations=1162 (full 6):
 def new generation   total 3484608K, used 207597K [0x00007f8eb8600000, 0x00007f8fa4b00000, 0x00007f99630a0000)
  eden space 3097472K,   0% used [0x00007f8eb8600000, 0x00007f8eb8600000, 0x00007f8f756e0000)
  from space 387136K,  53% used [0x00007f8f8d0f0000, 0x00007f8f99bab660, 0x00007f8fa4b00000)
  to   space 387136K,   0% used [0x00007f8f756e0000, 0x00007f8f756e0000, 0x00007f8f8d0f0000)
 tenured generation   total 7743360K, used 7544922K [0x00007f99630a0000, 0x00007f9b3ba80000, 0x00007faeb8600000)
   the space 7743360K,  97% used [0x00007f99630a0000, 0x00007f9b2f8b6940, 0x00007f9b2f8b6a00, 0x00007f9b3ba80000)
 Metaspace       used 24275K, capacity 24640K, committed 24832K, reserved 26624K
}
Event: 732.818 GC heap before
{Heap before GC invocations=1162 (full 6):
 def new generation   total 3484608K, used 3305069K [0x00007f8eb8600000, 0x00007f8fa4b00000, 0x00007f99630a0000)
  eden space 3097472K, 100% used [0x00007f8eb8600000, 0x00007f8f756e0000, 0x00007f8f756e0000)
  from space 387136K,  53% used [0x00007f8f8d0f0000, 0x00007f8f99bab660, 0x00007f8fa4b00000)
  to   space 387136K,   0% used [0x00007f8f756e0000, 0x00007f8f756e0000, 0x00007f8f8d0f0000)
 tenured generation   total 7743360K, used 7544922K [0x00007f99630a0000, 0x00007f9b3ba80000, 0x00007faeb8600000)
   the space 7743360K,  97% used [0x00007f99630a0000, 0x00007f9b2f8b6940, 0x00007f9b2f8b6a00, 0x00007f9b3ba80000)
 Metaspace       used 24275K, capacity 24640K, committed 24832K, reserved 26624K
}
Event: 732.876 GC heap after
{Heap after GC invocations=1163 (full 6):
 def new generation   total 3484608K, used 197812K [0x00007f8eb8600000, 0x00007f8fa4b00000, 0x00007f99630a0000)
  eden space 3097472K,   0% used [0x00007f8eb8600000, 0x00007f8eb8600000, 0x00007f8f756e0000)
  from space 387136K,  51% used [0x00007f8f756e0000, 0x00007f8f8180d100, 0x00007f8f8d0f0000)
  to   space 387136K,   0% used [0x00007f8f8d0f0000, 0x00007f8f8d0f0000, 0x00007f8fa4b00000)
 tenured generation   total 7743360K, used 7578839K [0x00007f99630a0000, 0x00007f9b3ba80000, 0x00007faeb8600000)
   the space 7743360K,  97% used [0x00007f99630a0000, 0x00007f9b319d5cd0, 0x00007f9b319d5e00, 0x00007f9b3ba80000)
 Metaspace       used 24275K, capacity 24640K, committed 24832K, reserved 26624K
}
Event: 734.279 GC heap before
{Heap before GC invocations=1163 (full 6):
 def new generation   total 3484608K, used 3295284K [0x00007f8eb8600000, 0x00007f8fa4b00000, 0x00007f99630a0000)
  eden space 3097472K, 100% used [0x00007f8eb8600000, 0x00007f8f756e0000, 0x00007f8f756e0000)
  from space 387136K,  51% used [0x00007f8f756e0000, 0x00007f8f8180d100, 0x00007f8f8d0f0000)
  to   space 387136K,   0% used [0x00007f8f8d0f0000, 0x00007f8f8d0f0000, 0x00007f8fa4b00000)
 tenured generation   total 7743360K, used 7578839K [0x00007f99630a0000, 0x00007f9b3ba80000, 0x00007faeb8600000)
   the space 7743360K,  97% used [0x00007f99630a0000, 0x00007f9b319d5cd0, 0x00007f9b319d5e00, 0x00007f9b3ba80000)
 Metaspace       used 24275K, capacity 24640K, committed 24832K, reserved 26624K
}
Event: 734.332 GC heap after
{Heap after GC invocations=1164 (full 6):
 def new generation   total 3484608K, used 202932K [0x00007f8eb8600000, 0x00007f8fa4b00000, 0x00007f99630a0000)
  eden space 3097472K,   0% used [0x00007f8eb8600000, 0x00007f8eb8600000, 0x00007f8f756e0000)
  from space 387136K,  52% used [0x00007f8f8d0f0000, 0x00007f8f9971d2c8, 0x00007f8fa4b00000)
  to   space 387136K,   0% used [0x00007f8f756e0000, 0x00007f8f756e0000, 0x00007f8f8d0f0000)
 tenured generation   total 7743360K, used 7595797K [0x00007f99630a0000, 0x00007f9b3ba80000, 0x00007faeb8600000)
   the space 7743360K,  98% used [0x00007f99630a0000, 0x00007f9b32a65698, 0x00007f9b32a65800, 0x00007f9b3ba80000)
 Metaspace       used 24275K, capacity 24640K, committed 24832K, reserved 26624K
}
Event: 735.762 GC heap before
{Heap before GC invocations=1164 (full 6):
 def new generation   total 3484608K, used 3300404K [0x00007f8eb8600000, 0x00007f8fa4b00000, 0x00007f99630a0000)
  eden space 3097472K, 100% used [0x00007f8eb8600000, 0x00007f8f756e0000, 0x00007f8f756e0000)
  from space 387136K,  52% used [0x00007f8f8d0f0000, 0x00007f8f9971d2c8, 0x00007f8fa4b00000)
  to   space 387136K,   0% used [0x00007f8f756e0000, 0x00007f8f756e0000, 0x00007f8f8d0f0000)
 tenured generation   total 7743360K, used 7595797K [0x00007f99630a0000, 0x00007f9b3ba80000, 0x00007faeb8600000)
   the space 7743360K,  98% used [0x00007f99630a0000, 0x00007f9b32a65698, 0x00007f9b32a65800, 0x00007f9b3ba80000)
 Metaspace       used 24275K, capacity 24640K, committed 24832K, reserved 26624K
}
Event: 735.814 GC heap after
{Heap after GC invocations=1165 (full 6):
 def new generation   total 3484608K, used 203446K [0x00007f8eb8600000, 0x00007f8fa4b00000, 0x00007f99630a0000)
  eden space 3097472K,   0% used [0x00007f8eb8600000, 0x00007f8eb8600000, 0x00007f8f756e0000)
  from space 387136K,  52% used [0x00007f8f756e0000, 0x00007f8f81d8dbb8, 0x00007f8f8d0f0000)
  to   space 387136K,   0% used [0x00007f8f8d0f0000, 0x00007f8f8d0f0000, 0x00007f8fa4b00000)
 tenured generation   total 7743360K, used 7612756K [0x00007f99630a0000, 0x00007f9b3ba80000, 0x00007faeb8600000)
   the space 7743360K,  98% used [0x00007f99630a0000, 0x00007f9b33af5060, 0x00007f9b33af5200, 0x00007f9b3ba80000)
 Metaspace       used 24275K, capacity 24640K, committed 24832K, reserved 26624K
}
Event: 737.225 GC heap before
{Heap before GC invocations=1165 (full 6):
 def new generation   total 3484608K, used 3300918K [0x00007f8eb8600000, 0x00007f8fa4b00000, 0x00007f99630a0000)
  eden space 3097472K, 100% used [0x00007f8eb8600000, 0x00007f8f756e0000, 0x00007f8f756e0000)
  from space 387136K,  52% used [0x00007f8f756e0000, 0x00007f8f81d8dbb8, 0x00007f8f8d0f0000)
  to   space 387136K,   0% used [0x00007f8f8d0f0000, 0x00007f8f8d0f0000, 0x00007f8fa4b00000)
 tenured generation   total 7743360K, used 7612756K [0x00007f99630a0000, 0x00007f9b3ba80000, 0x00007faeb8600000)
   the space 7743360K,  98% used [0x00007f99630a0000, 0x00007f9b33af5060, 0x00007f9b33af5200, 0x00007f9b3ba80000)
 Metaspace       used 24275K, capacity 24640K, committed 24832K, reserved 26624K
}
Event: 737.272 GC heap after
{Heap after GC invocations=1166 (full 6):
 def new generation   total 3484608K, used 212715K [0x00007f8eb8600000, 0x00007f8fa4b00000, 0x00007f99630a0000)
  eden space 3097472K,   0% used [0x00007f8eb8600000, 0x00007f8eb8600000, 0x00007f8f756e0000)
  from space 387136K,  54% used [0x00007f8f8d0f0000, 0x00007f8f9a0aac98, 0x00007f8fa4b00000)
  to   space 387136K,   0% used [0x00007f8f756e0000, 0x00007f8f756e0000, 0x00007f8f8d0f0000)
 tenured generation   total 7743360K, used 7629714K [0x00007f99630a0000, 0x00007f9b3ba80000, 0x00007faeb8600000)
   the space 7743360K,  98% used [0x00007f99630a0000, 0x00007f9b34b84a28, 0x00007f9b34b84c00, 0x00007f9b3ba80000)
 Metaspace       used 24275K, capacity 24640K, committed 24832K, reserved 26624K
}
Event: 738.665 GC heap before
{Heap before GC invocations=1166 (full 6):
 def new generation   total 3484608K, used 3310187K [0x00007f8eb8600000, 0x00007f8fa4b00000, 0x00007f99630a0000)
  eden space 3097472K, 100% used [0x00007f8eb8600000, 0x00007f8f756e0000, 0x00007f8f756e0000)
  from space 387136K,  54% used [0x00007f8f8d0f0000, 0x00007f8f9a0aac98, 0x00007f8fa4b00000)
  to   space 387136K,   0% used [0x00007f8f756e0000, 0x00007f8f756e0000, 0x00007f8f8d0f0000)
 tenured generation   total 7743360K, used 7629714K [0x00007f99630a0000, 0x00007f9b3ba80000, 0x00007faeb8600000)
   the space 7743360K,  98% used [0x00007f99630a0000, 0x00007f9b34b84a28, 0x00007f9b34b84c00, 0x00007f9b3ba80000)
 Metaspace       used 24275K, capacity 24640K, committed 24832K, reserved 26624K
}
Event: 738.721 GC heap after
{Heap after GC invocations=1167 (full 6):
 def new generation   total 3484608K, used 203471K [0x00007f8eb8600000, 0x00007f8fa4b00000, 0x00007f99630a0000)
  eden space 3097472K,   0% used [0x00007f8eb8600000, 0x00007f8eb8600000, 0x00007f8f756e0000)
  from space 387136K,  52% used [0x00007f8f756e0000, 0x00007f8f81d93c98, 0x00007f8f8d0f0000)
  to   space 387136K,   0% used [0x00007f8f8d0f0000, 0x00007f8f8d0f0000, 0x00007f8fa4b00000)
 tenured generation   total 7743360K, used 7663631K [0x00007f99630a0000, 0x00007f9b3ba80000, 0x00007faeb8600000)
   the space 7743360K,  98% used [0x00007f99630a0000, 0x00007f9b36ca3db8, 0x00007f9b36ca3e00, 0x00007f9b3ba80000)
 Metaspace       used 24275K, capacity 24640K, committed 24832K, reserved 26624K
}
Event: 739.967 GC heap before
{Heap before GC invocations=1167 (full 6):
 def new generation   total 3484608K, used 3293293K [0x00007f8eb8600000, 0x00007f8fa4b00000, 0x00007f99630a0000)
  eden space 3097472K,  99% used [0x00007f8eb8600000, 0x00007f8f74f67b40, 0x00007f8f756e0000)
  from space 387136K,  52% used [0x00007f8f756e0000, 0x00007f8f81d93c98, 0x00007f8f8d0f0000)
  to   space 387136K,   0% used [0x00007f8f8d0f0000, 0x00007f8f8d0f0000, 0x00007f8fa4b00000)
 tenured generation   total 7743360K, used 7663631K [0x00007f99630a0000, 0x00007f9b3ba80000, 0x00007faeb8600000)
   the space 7743360K,  98% used [0x00007f99630a0000, 0x00007f9b36ca3db8, 0x00007f9b36ca3e00, 0x00007f9b3ba80000)
 Metaspace       used 24275K, capacity 24640K, committed 24832K, reserved 26624K
}
Event: 740.025 GC heap after
{Heap after GC invocations=1168 (full 6):
 def new generation   total 3484608K, used 239983K [0x00007f8eb8600000, 0x00007f8fa4b00000, 0x00007f99630a0000)
  eden space 3097472K,   0% used [0x00007f8eb8600000, 0x00007f8eb8600000, 0x00007f8f756e0000)
  from space 387136K,  61% used [0x00007f8f8d0f0000, 0x00007f8f9bb4bf00, 0x00007f8fa4b00000)
  to   space 387136K,   0% used [0x00007f8f756e0000, 0x00007f8f756e0000, 0x00007f8f8d0f0000)
 tenured generation   total 7743360K, used 7680589K [0x00007f99630a0000, 0x00007f9b3ba80000, 0x00007faeb8600000)
   the space 7743360K,  99% used [0x00007f99630a0000, 0x00007f9b37d33780, 0x00007f9b37d33800, 0x00007f9b3ba80000)
 Metaspace       used 24275K, capacity 24640K, committed 24832K, reserved 26624K
}
Event: 741.434 GC heap before
{Heap before GC invocations=1168 (full 6):
 def new generation   total 3484608K, used 3337455K [0x00007f8eb8600000, 0x00007f8fa4b00000, 0x00007f99630a0000)
  eden space 3097472K, 100% used [0x00007f8eb8600000, 0x00007f8f756e0000, 0x00007f8f756e0000)
  from space 387136K,  61% used [0x00007f8f8d0f0000, 0x00007f8f9bb4bf00, 0x00007f8fa4b00000)
  to   space 387136K,   0% used [0x00007f8f756e0000, 0x00007f8f756e0000, 0x00007f8f8d0f0000)
 tenured generation   total 7743360K, used 7680589K [0x00007f99630a0000, 0x00007f9b3ba80000, 0x00007faeb8600000)
   the space 7743360K,  99% used [0x00007f99630a0000, 0x00007f9b37d33780, 0x00007f9b37d33800, 0x00007f9b3ba80000)
 Metaspace       used 24276K, capacity 24640K, committed 24832K, reserved 26624K
}
Event: 741.514 GC heap after
{Heap after GC invocations=1169 (full 6):
 def new generation   total 3484608K, used 200402K [0x00007f8eb8600000, 0x00007f8fa4b00000, 0x00007f99630a0000)
  eden space 3097472K,   0% used [0x00007f8eb8600000, 0x00007f8eb8600000, 0x00007f8f756e0000)
  from space 387136K,  51% used [0x00007f8f756e0000, 0x00007f8f81a94ac0, 0x00007f8f8d0f0000)
  to   space 387136K,   0% used [0x00007f8f8d0f0000, 0x00007f8f8d0f0000, 0x00007f8fa4b00000)
 tenured generation   total 7743360K, used 7731465K [0x00007f99630a0000, 0x00007f9b3ba80000, 0x00007faeb8600000)
   the space 7743360K,  99% used [0x00007f99630a0000, 0x00007f9b3aee24d8, 0x00007f9b3aee2600, 0x00007f9b3ba80000)
 Metaspace       used 24276K, capacity 24640K, committed 24832K, reserved 26624K
}
Event: 743.170 GC heap before
{Heap before GC invocations=1169 (full 6):
 def new generation   total 3484608K, used 3297874K [0x00007f8eb8600000, 0x00007f8fa4b00000, 0x00007f99630a0000)
  eden space 3097472K, 100% used [0x00007f8eb8600000, 0x00007f8f756e0000, 0x00007f8f756e0000)
  from space 387136K,  51% used [0x00007f8f756e0000, 0x00007f8f81a94ac0, 0x00007f8f8d0f0000)
  to   space 387136K,   0% used [0x00007f8f8d0f0000, 0x00007f8f8d0f0000, 0x00007f8fa4b00000)
 tenured generation   total 7743360K, used 7731465K [0x00007f99630a0000, 0x00007f9b3ba80000, 0x00007faeb8600000)
   the space 7743360K,  99% used [0x00007f99630a0000, 0x00007f9b3aee24d8, 0x00007f9b3aee2600, 0x00007f9b3ba80000)
 Metaspace       used 24276K, capacity 24640K, committed 24832K, reserved 26624K
}
Event: 743.230 GC heap after
{Heap after GC invocations=1170 (full 6):
 def new generation   total 3484608K, used 185501K [0x00007f8eb8600000, 0x00007f8fa4b00000, 0x00007f99630a0000)
  eden space 3097472K,   0% used [0x00007f8eb8600000, 0x00007f8eb8600000, 0x00007f8f756e0000)
  from space 387136K,  47% used [0x00007f8f8d0f0000, 0x00007f8f986177a8, 0x00007f8fa4b00000)
  to   space 387136K,   0% used [0x00007f8f756e0000, 0x00007f8f756e0000, 0x00007f8f8d0f0000)
 tenured generation   total 7759748K, used 7748423K [0x00007f99630a0000, 0x00007f9b3ca81000, 0x00007faeb8600000)
   the space 7759748K,  99% used [0x00007f99630a0000, 0x00007f9b3bf71ea0, 0x00007f9b3bf72000, 0x00007f9b3ca81000)
 Metaspace       used 24276K, capacity 24640K, committed 24832K, reserved 26624K
}
Event: 743.230 GC heap before
{Heap before GC invocations=1170 (full 6):
 def new generation   total 3484608K, used 185501K [0x00007f8eb8600000, 0x00007f8fa4b00000, 0x00007f99630a0000)
  eden space 3097472K,   0% used [0x00007f8eb8600000, 0x00007f8eb8600000, 0x00007f8f756e0000)
  from space 387136K,  47% used [0x00007f8f8d0f0000, 0x00007f8f986177a8, 0x00007f8fa4b00000)
  to   space 387136K,   0% used [0x00007f8f756e0000, 0x00007f8f756e0000, 0x00007f8f8d0f0000)
 tenured generation   total 7759748K, used 7748423K [0x00007f99630a0000, 0x00007f9b3ca81000, 0x00007faeb8600000)
   the space 7759748K,  99% used [0x00007f99630a0000, 0x00007f9b3bf71ea0, 0x00007f9b3bf72000, 0x00007f9b3ca81000)
 Metaspace       used 24276K, capacity 24640K, committed 24832K, reserved 26624K
}

