# JRE version: OpenJDK Runtime Environment (13.0.7+5) (build 13.0.7+5-Ubuntu-0ubuntu120.04)
# Java VM: OpenJDK 64-Bit Server VM (13.0.7+5-Ubuntu-0ubuntu120.04, mixed mode, tiered, serial gc, linux-amd64)
Heap:
 def new generation   total 2696000K, used 137160K [0x00007f8fb8600000, 0x00007f906f350000, 0x00007f9a630a0000)
  eden space 2396480K,   5% used [0x00007f8fb8600000, 0x00007f8fc0bf20d0, 0x00007f904aa50000)
  from space 299520K,   0% used [0x00007f905ced0000, 0x00007f905ced0000, 0x00007f906f350000)
  to   space 299520K,   0% used [0x00007f904aa50000, 0x00007f904aa50000, 0x00007f905ced0000)
 tenured generation   total 6023772K, used 6021181K [0x00007f9a630a0000, 0x00007f9bd2b37000, 0x00007fafb8600000)
   the space 6023772K,  99% used [0x00007f9a630a0000, 0x00007f9bd28af4e8, 0x00007f9bd28af600, 0x00007f9bd2b37000)
 Metaspace       used 24196K, capacity 24634K, committed 24832K, reserved 26624K
GC Heap History (20 events):
Event: 1557.355 GC heap after
{Heap after GC invocations=1276 (full 6):
 def new generation   total 2696000K, used 145899K [0x00007f8fb8600000, 0x00007f906f350000, 0x00007f9a630a0000)
  eden space 2396480K,   0% used [0x00007f8fb8600000, 0x00007f8fb8600000, 0x00007f904aa50000)
  from space 299520K,  48% used [0x00007f904aa50000, 0x00007f90538cae70, 0x00007f905ced0000)
  to   space 299520K,   0% used [0x00007f905ced0000, 0x00007f905ced0000, 0x00007f906f350000)
 tenured generation   total 5990996K, used 5862377K [0x00007f9a630a0000, 0x00007f9bd0b35000, 0x00007fafb8600000)
   the space 5990996K,  97% used [0x00007f9a630a0000, 0x00007f9bc8d9a620, 0x00007f9bc8d9a800, 0x00007f9bd0b35000)
 Metaspace       used 24196K, capacity 24634K, committed 24832K, reserved 26624K
}
Event: 1560.274 GC heap before
{Heap before GC invocations=1276 (full 6):
 def new generation   total 2696000K, used 2542379K [0x00007f8fb8600000, 0x00007f906f350000, 0x00007f9a630a0000)
  eden space 2396480K, 100% used [0x00007f8fb8600000, 0x00007f904aa50000, 0x00007f904aa50000)
  from space 299520K,  48% used [0x00007f904aa50000, 0x00007f90538cae70, 0x00007f905ced0000)
  to   space 299520K,   0% used [0x00007f905ced0000, 0x00007f905ced0000, 0x00007f906f350000)
 tenured generation   total 5990996K, used 5862377K [0x00007f9a630a0000, 0x00007f9bd0b35000, 0x00007fafb8600000)
   the space 5990996K,  97% used [0x00007f9a630a0000, 0x00007f9bc8d9a620, 0x00007f9bc8d9a800, 0x00007f9bd0b35000)
 Metaspace       used 24196K, capacity 24634K, committed 24832K, reserved 26624K
}
Event: 1560.410 GC heap after
{Heap after GC invocations=1277 (full 6):
 def new generation   total 2696000K, used 177253K [0x00007f8fb8600000, 0x00007f906f350000, 0x00007f9a630a0000)
  eden space 2396480K,   0% used [0x00007f8fb8600000, 0x00007f8fb8600000, 0x00007f904aa50000)
  from space 299520K,  59% used [0x00007f905ced0000, 0x00007f9067be9460, 0x00007f906f350000)
  to   space 299520K,   0% used [0x00007f904aa50000, 0x00007f904aa50000, 0x00007f905ced0000)
 tenured generation   total 5990996K, used 5862377K [0x00007f9a630a0000, 0x00007f9bd0b35000, 0x00007fafb8600000)
   the space 5990996K,  97% used [0x00007f9a630a0000, 0x00007f9bc8d9a620, 0x00007f9bc8d9a800, 0x00007f9bd0b35000)
 Metaspace       used 24196K, capacity 24634K, committed 24832K, reserved 26624K
}
Event: 1563.309 GC heap before
{Heap before GC invocations=1277 (full 6):
 def new generation   total 2696000K, used 2573733K [0x00007f8fb8600000, 0x00007f906f350000, 0x00007f9a630a0000)
  eden space 2396480K, 100% used [0x00007f8fb8600000, 0x00007f904aa50000, 0x00007f904aa50000)
  from space 299520K,  59% used [0x00007f905ced0000, 0x00007f9067be9460, 0x00007f906f350000)
  to   space 299520K,   0% used [0x00007f904aa50000, 0x00007f904aa50000, 0x00007f905ced0000)
 tenured generation   total 5990996K, used 5862377K [0x00007f9a630a0000, 0x00007f9bd0b35000, 0x00007fafb8600000)
   the space 5990996K,  97% used [0x00007f9a630a0000, 0x00007f9bc8d9a620, 0x00007f9bc8d9a800, 0x00007f9bd0b35000)
 Metaspace       used 24196K, capacity 24634K, committed 24832K, reserved 26624K
}
Event: 1563.459 GC heap after
{Heap after GC invocations=1278 (full 6):
 def new generation   total 2696000K, used 143847K [0x00007f8fb8600000, 0x00007f906f350000, 0x00007f9a630a0000)
  eden space 2396480K,   0% used [0x00007f8fb8600000, 0x00007f8fb8600000, 0x00007f904aa50000)
  from space 299520K,  48% used [0x00007f904aa50000, 0x00007f90536c9ec8, 0x00007f905ced0000)
  to   space 299520K,   0% used [0x00007f905ced0000, 0x00007f905ced0000, 0x00007f906f350000)
 tenured generation   total 5990996K, used 5896294K [0x00007f9a630a0000, 0x00007f9bd0b35000, 0x00007fafb8600000)
   the space 5990996K,  98% used [0x00007f9a630a0000, 0x00007f9bcaeb99b0, 0x00007f9bcaeb9a00, 0x00007f9bd0b35000)
 Metaspace       used 24196K, capacity 24634K, committed 24832K, reserved 26624K
}
Event: 1566.317 GC heap before
{Heap before GC invocations=1278 (full 6):
 def new generation   total 2696000K, used 2540327K [0x00007f8fb8600000, 0x00007f906f350000, 0x00007f9a630a0000)
  eden space 2396480K, 100% used [0x00007f8fb8600000, 0x00007f904aa50000, 0x00007f904aa50000)
  from space 299520K,  48% used [0x00007f904aa50000, 0x00007f90536c9ec8, 0x00007f905ced0000)
  to   space 299520K,   0% used [0x00007f905ced0000, 0x00007f905ced0000, 0x00007f906f350000)
 tenured generation   total 5990996K, used 5896294K [0x00007f9a630a0000, 0x00007f9bd0b35000, 0x00007fafb8600000)
   the space 5990996K,  98% used [0x00007f9a630a0000, 0x00007f9bcaeb99b0, 0x00007f9bcaeb9a00, 0x00007f9bd0b35000)
 Metaspace       used 24196K, capacity 24634K, committed 24832K, reserved 26624K
}
Event: 1566.483 GC heap after
{Heap after GC invocations=1279 (full 6):
 def new generation   total 2696000K, used 176740K [0x00007f8fb8600000, 0x00007f906f350000, 0x00007f9a630a0000)
  eden space 2396480K,   0% used [0x00007f8fb8600000, 0x00007f8fb8600000, 0x00007f904aa50000)
  from space 299520K,  59% used [0x00007f905ced0000, 0x00007f9067b69300, 0x00007f906f350000)
  to   space 299520K,   0% used [0x00007f904aa50000, 0x00007f904aa50000, 0x00007f905ced0000)
 tenured generation   total 5990996K, used 5896294K [0x00007f9a630a0000, 0x00007f9bd0b35000, 0x00007fafb8600000)
   the space 5990996K,  98% used [0x00007f9a630a0000, 0x00007f9bcaeb99b0, 0x00007f9bcaeb9a00, 0x00007f9bd0b35000)
 Metaspace       used 24196K, capacity 24634K, committed 24832K, reserved 26624K
}
Event: 1569.033 GC heap before
{Heap before GC invocations=1279 (full 6):
 def new generation   total 2696000K, used 2573220K [0x00007f8fb8600000, 0x00007f906f350000, 0x00007f9a630a0000)
  eden space 2396480K, 100% used [0x00007f8fb8600000, 0x00007f904aa50000, 0x00007f904aa50000)
  from space 299520K,  59% used [0x00007f905ced0000, 0x00007f9067b69300, 0x00007f906f350000)
  to   space 299520K,   0% used [0x00007f904aa50000, 0x00007f904aa50000, 0x00007f905ced0000)
 tenured generation   total 5990996K, used 5896294K [0x00007f9a630a0000, 0x00007f9bd0b35000, 0x00007fafb8600000)
   the space 5990996K,  98% used [0x00007f9a630a0000, 0x00007f9bcaeb99b0, 0x00007f9bcaeb9a00, 0x00007f9bd0b35000)
 Metaspace       used 24196K, capacity 24634K, committed 24832K, reserved 26624K
}
Event: 1569.177 GC heap after
{Heap after GC invocations=1280 (full 6):
 def new generation   total 2696000K, used 143855K [0x00007f8fb8600000, 0x00007f906f350000, 0x00007f9a630a0000)
  eden space 2396480K,   0% used [0x00007f8fb8600000, 0x00007f8fb8600000, 0x00007f904aa50000)
  from space 299520K,  48% used [0x00007f904aa50000, 0x00007f90536cbd48, 0x00007f905ced0000)
  to   space 299520K,   0% used [0x00007f905ced0000, 0x00007f905ced0000, 0x00007f906f350000)
 tenured generation   total 5990996K, used 5930211K [0x00007f9a630a0000, 0x00007f9bd0b35000, 0x00007fafb8600000)
   the space 5990996K,  98% used [0x00007f9a630a0000, 0x00007f9bccfd8d40, 0x00007f9bccfd8e00, 0x00007f9bd0b35000)
 Metaspace       used 24196K, capacity 24634K, committed 24832K, reserved 26624K
}
Event: 1571.568 GC heap before
{Heap before GC invocations=1280 (full 6):
 def new generation   total 2696000K, used 2540335K [0x00007f8fb8600000, 0x00007f906f350000, 0x00007f9a630a0000)
  eden space 2396480K, 100% used [0x00007f8fb8600000, 0x00007f904aa50000, 0x00007f904aa50000)
  from space 299520K,  48% used [0x00007f904aa50000, 0x00007f90536cbd48, 0x00007f905ced0000)
  to   space 299520K,   0% used [0x00007f905ced0000, 0x00007f905ced0000, 0x00007f906f350000)
 tenured generation   total 5990996K, used 5930211K [0x00007f9a630a0000, 0x00007f9bd0b35000, 0x00007fafb8600000)
   the space 5990996K,  98% used [0x00007f9a630a0000, 0x00007f9bccfd8d40, 0x00007f9bccfd8e00, 0x00007f9bd0b35000)
 Metaspace       used 24196K, capacity 24634K, committed 24832K, reserved 26624K
}
Event: 1571.696 GC heap after
{Heap after GC invocations=1281 (full 6):
 def new generation   total 2696000K, used 159283K [0x00007f8fb8600000, 0x00007f906f350000, 0x00007f9a630a0000)
  eden space 2396480K,   0% used [0x00007f8fb8600000, 0x00007f8fb8600000, 0x00007f904aa50000)
  from space 299520K,  53% used [0x00007f905ced0000, 0x00007f9066a5cfe8, 0x00007f906f350000)
  to   space 299520K,   0% used [0x00007f904aa50000, 0x00007f904aa50000, 0x00007f905ced0000)
 tenured generation   total 5990996K, used 5930211K [0x00007f9a630a0000, 0x00007f9bd0b35000, 0x00007fafb8600000)
   the space 5990996K,  98% used [0x00007f9a630a0000, 0x00007f9bccfd8d40, 0x00007f9bccfd8e00, 0x00007f9bd0b35000)
 Metaspace       used 24196K, capacity 24634K, committed 24832K, reserved 26624K
}
Event: 1574.225 GC heap before
{Heap before GC invocations=1281 (full 6):
 def new generation   total 2696000K, used 2555763K [0x00007f8fb8600000, 0x00007f906f350000, 0x00007f9a630a0000)
  eden space 2396480K, 100% used [0x00007f8fb8600000, 0x00007f904aa50000, 0x00007f904aa50000)
  from space 299520K,  53% used [0x00007f905ced0000, 0x00007f9066a5cfe8, 0x00007f906f350000)
  to   space 299520K,   0% used [0x00007f904aa50000, 0x00007f904aa50000, 0x00007f905ced0000)
 tenured generation   total 5990996K, used 5930211K [0x00007f9a630a0000, 0x00007f9bd0b35000, 0x00007fafb8600000)
   the space 5990996K,  98% used [0x00007f9a630a0000, 0x00007f9bccfd8d40, 0x00007f9bccfd8e00, 0x00007f9bd0b35000)
 Metaspace       used 24196K, capacity 24634K, committed 24832K, reserved 26624K
}
Event: 1574.353 GC heap after
{Heap after GC invocations=1282 (full 6):
 def new generation   total 2696000K, used 175716K [0x00007f8fb8600000, 0x00007f906f350000, 0x00007f9a630a0000)
  eden space 2396480K,   0% used [0x00007f8fb8600000, 0x00007f8fb8600000, 0x00007f904aa50000)
  from space 299520K,  58% used [0x00007f904aa50000, 0x00007f90555e9040, 0x00007f905ced0000)
  to   space 299520K,   0% used [0x00007f905ced0000, 0x00007f905ced0000, 0x00007f906f350000)
 tenured generation   total 5990996K, used 5947169K [0x00007f9a630a0000, 0x00007f9bd0b35000, 0x00007fafb8600000)
   the space 5990996K,  99% used [0x00007f9a630a0000, 0x00007f9bce068708, 0x00007f9bce068800, 0x00007f9bd0b35000)
 Metaspace       used 24196K, capacity 24634K, committed 24832K, reserved 26624K
}
Event: 1577.069 GC heap before
{Heap before GC invocations=1282 (full 6):
 def new generation   total 2696000K, used 2572196K [0x00007f8fb8600000, 0x00007f906f350000, 0x00007f9a630a0000)
  eden space 2396480K, 100% used [0x00007f8fb8600000, 0x00007f904aa50000, 0x00007f904aa50000)
  from space 299520K,  58% used [0x00007f904aa50000, 0x00007f90555e9040, 0x00007f905ced0000)
  to   space 299520K,   0% used [0x00007f905ced0000, 0x00007f905ced0000, 0x00007f906f350000)
 tenured generation   total 5990996K, used 5947169K [0x00007f9a630a0000, 0x00007f9bd0b35000, 0x00007fafb8600000)
   the space 5990996K,  99% used [0x00007f9a630a0000, 0x00007f9bce068708, 0x00007f9bce068800, 0x00007f9bd0b35000)
 Metaspace       used 24196K, capacity 24634K, committed 24832K, reserved 26624K
}
Event: 1577.220 GC heap after
{Heap after GC invocations=1283 (full 6):
 def new generation   total 2696000K, used 141807K [0x00007f8fb8600000, 0x00007f906f350000, 0x00007f9a630a0000)
  eden space 2396480K,   0% used [0x00007f8fb8600000, 0x00007f8fb8600000, 0x00007f904aa50000)
  from space 299520K,  47% used [0x00007f905ced0000, 0x00007f906594bea0, 0x00007f906f350000)
  to   space 299520K,   0% used [0x00007f904aa50000, 0x00007f904aa50000, 0x00007f905ced0000)
 tenured generation   total 5990996K, used 5981086K [0x00007f9a630a0000, 0x00007f9bd0b35000, 0x00007fafb8600000)
   the space 5990996K,  99% used [0x00007f9a630a0000, 0x00007f9bd0187a98, 0x00007f9bd0187c00, 0x00007f9bd0b35000)
 Metaspace       used 24196K, capacity 24634K, committed 24832K, reserved 26624K
}
Event: 1580.004 GC heap before
{Heap before GC invocations=1283 (full 6):
 def new generation   total 2696000K, used 2538287K [0x00007f8fb8600000, 0x00007f906f350000, 0x00007f9a630a0000)
  eden space 2396480K, 100% used [0x00007f8fb8600000, 0x00007f904aa50000, 0x00007f904aa50000)
  from space 299520K,  47% used [0x00007f905ced0000, 0x00007f906594bea0, 0x00007f906f350000)
  to   space 299520K,   0% used [0x00007f904aa50000, 0x00007f904aa50000, 0x00007f905ced0000)
 tenured generation   total 5990996K, used 5981086K [0x00007f9a630a0000, 0x00007f9bd0b35000, 0x00007fafb8600000)
   the space 5990996K,  99% used [0x00007f9a630a0000, 0x00007f9bd0187a98, 0x00007f9bd0187c00, 0x00007f9bd0b35000)
 Metaspace       used 24196K, capacity 24634K, committed 24832K, reserved 26624K
}
Event: 1580.122 GC heap after
{Heap after GC invocations=1284 (full 6):
 def new generation   total 2696000K, used 175203K [0x00007f8fb8600000, 0x00007f906f350000, 0x00007f9a630a0000)
  eden space 2396480K,   0% used [0x00007f8fb8600000, 0x00007f8fb8600000, 0x00007f904aa50000)
  from space 299520K,  58% used [0x00007f904aa50000, 0x00007f9055568ee0, 0x00007f905ced0000)
  to   space 299520K,   0% used [0x00007f905ced0000, 0x00007f905ced0000, 0x00007f906f350000)
 tenured generation   total 5990996K, used 5981086K [0x00007f9a630a0000, 0x00007f9bd0b35000, 0x00007fafb8600000)
   the space 5990996K,  99% used [0x00007f9a630a0000, 0x00007f9bd0187a98, 0x00007f9bd0187c00, 0x00007f9bd0b35000)
 Metaspace       used 24196K, capacity 24634K, committed 24832K, reserved 26624K
}
Event: 1582.744 GC heap before
{Heap before GC invocations=1284 (full 6):
 def new generation   total 2696000K, used 2571683K [0x00007f8fb8600000, 0x00007f906f350000, 0x00007f9a630a0000)
  eden space 2396480K, 100% used [0x00007f8fb8600000, 0x00007f904aa50000, 0x00007f904aa50000)
  from space 299520K,  58% used [0x00007f904aa50000, 0x00007f9055568ee0, 0x00007f905ced0000)
  to   space 299520K,   0% used [0x00007f905ced0000, 0x00007f905ced0000, 0x00007f906f350000)
 tenured generation   total 5990996K, used 5981086K [0x00007f9a630a0000, 0x00007f9bd0b35000, 0x00007fafb8600000)
   the space 5990996K,  99% used [0x00007f9a630a0000, 0x00007f9bd0187a98, 0x00007f9bd0187c00, 0x00007f9bd0b35000)
 Metaspace       used 24196K, capacity 24634K, committed 24832K, reserved 26624K
}
Event: 1582.898 GC heap after
{Heap after GC invocations=1285 (full 6):
 def new generation   total 2696000K, used 143337K [0x00007f8fb8600000, 0x00007f906f350000, 0x00007f9a630a0000)
  eden space 2396480K,   0% used [0x00007f8fb8600000, 0x00007f8fb8600000, 0x00007f904aa50000)
  from space 299520K,  47% used [0x00007f905ced0000, 0x00007f9065aca790, 0x00007f906f350000)
  to   space 299520K,   0% used [0x00007f904aa50000, 0x00007f904aa50000, 0x00007f905ced0000)
 tenured generation   total 6023772K, used 6015003K [0x00007f9a630a0000, 0x00007f9bd2b37000, 0x00007fafb8600000)
   the space 6023772K,  99% used [0x00007f9a630a0000, 0x00007f9bd22a6e28, 0x00007f9bd22a7000, 0x00007f9bd2b37000)
 Metaspace       used 24196K, capacity 24634K, committed 24832K, reserved 26624K
}
Event: 1582.898 GC heap before
{Heap before GC invocations=1285 (full 6):
 def new generation   total 2696000K, used 143337K [0x00007f8fb8600000, 0x00007f906f350000, 0x00007f9a630a0000)
  eden space 2396480K,   0% used [0x00007f8fb8600000, 0x00007f8fb8600000, 0x00007f904aa50000)
  from space 299520K,  47% used [0x00007f905ced0000, 0x00007f9065aca790, 0x00007f906f350000)
  to   space 299520K,   0% used [0x00007f904aa50000, 0x00007f904aa50000, 0x00007f905ced0000)
 tenured generation   total 6023772K, used 6015003K [0x00007f9a630a0000, 0x00007f9bd2b37000, 0x00007fafb8600000)
   the space 6023772K,  99% used [0x00007f9a630a0000, 0x00007f9bd22a6e28, 0x00007f9bd22a7000, 0x00007f9bd2b37000)
 Metaspace       used 24196K, capacity 24634K, committed 24832K, reserved 26624K
}

