# JRE version: OpenJDK Runtime Environment (13.0.7+5) (build 13.0.7+5-Ubuntu-0ubuntu120.04)
# Java VM: OpenJDK 64-Bit Server VM (13.0.7+5-Ubuntu-0ubuntu120.04, mixed mode, tiered, serial gc, linux-amd64)
Heap:
 def new generation   total 629248K, used 0K [0x00007fc29c600000, 0x00007fc2c70c0000, 0x00007fc7f1b50000)
  eden space 559360K,   0% used [0x00007fc29c600000, 0x00007fc29c600000, 0x00007fc2be840000)
  from space 69888K,   0% used [0x00007fc2c2c80000, 0x00007fc2c2c80000, 0x00007fc2c70c0000)
  to   space 69888K,   0% used [0x00007fc2be840000, 0x00007fc2be840000, 0x00007fc2c2c80000)
 tenured generation   total 7015272K, used 4209162K [0x00007fc7f1b50000, 0x00007fc99de2a000, 0x00007fd29c600000)
   the space 7015272K,  59% used [0x00007fc7f1b50000, 0x00007fc8f29d2b28, 0x00007fc8f29d2c00, 0x00007fc99de2a000)
 Metaspace       used 23183K, capacity 23540K, committed 23808K, reserved 24576K
GC Heap History (15 events):
Event: 3.394 GC heap before
{Heap before GC invocations=0 (full 0):
 def new generation   total 629120K, used 111853K [0x00007fc29c600000, 0x00007fc2c70a0000, 0x00007fc7f1b50000)
  eden space 559232K,  20% used [0x00007fc29c600000, 0x00007fc2a333b570, 0x00007fc2be820000)
  from space 69888K,   0% used [0x00007fc2be820000, 0x00007fc2be820000, 0x00007fc2c2c60000)
  to   space 69888K,   0% used [0x00007fc2c2c60000, 0x00007fc2c2c60000, 0x00007fc2c70a0000)
 tenured generation   total 1398144K, used 0K [0x00007fc7f1b50000, 0x00007fc8470b0000, 0x00007fd29c600000)
   the space 1398144K,   0% used [0x00007fc7f1b50000, 0x00007fc7f1b50000, 0x00007fc7f1b50200, 0x00007fc8470b0000)
 Metaspace       used 20893K, capacity 21207K, committed 21248K, reserved 22528K
}
Event: 3.524 GC heap after
{Heap after GC invocations=1 (full 1):
 def new generation   total 629248K, used 0K [0x00007fc29c600000, 0x00007fc2c70c0000, 0x00007fc7f1b50000)
  eden space 559360K,   0% used [0x00007fc29c600000, 0x00007fc29c600000, 0x00007fc2be840000)
  from space 69888K,   0% used [0x00007fc2be840000, 0x00007fc2be840000, 0x00007fc2c2c80000)
  to   space 69888K,   0% used [0x00007fc2c2c80000, 0x00007fc2c2c80000, 0x00007fc2c70c0000)
 tenured generation   total 1398144K, used 13607K [0x00007fc7f1b50000, 0x00007fc8470b0000, 0x00007fd29c600000)
   the space 1398144K,   0% used [0x00007fc7f1b50000, 0x00007fc7f2899e48, 0x00007fc7f289a000, 0x00007fc8470b0000)
 Metaspace       used 20893K, capacity 21207K, committed 21248K, reserved 22528K
}
Event: 5.852 GC heap before
{Heap before GC invocations=1 (full 1):
 def new generation   total 629248K, used 559360K [0x00007fc29c600000, 0x00007fc2c70c0000, 0x00007fc7f1b50000)
  eden space 559360K, 100% used [0x00007fc29c600000, 0x00007fc2be840000, 0x00007fc2be840000)
  from space 69888K,   0% used [0x00007fc2be840000, 0x00007fc2be840000, 0x00007fc2c2c80000)
  to   space 69888K,   0% used [0x00007fc2c2c80000, 0x00007fc2c2c80000, 0x00007fc2c70c0000)
 tenured generation   total 1398144K, used 13607K [0x00007fc7f1b50000, 0x00007fc8470b0000, 0x00007fd29c600000)
   the space 1398144K,   0% used [0x00007fc7f1b50000, 0x00007fc7f2899e48, 0x00007fc7f289a000, 0x00007fc8470b0000)
 Metaspace       used 23024K, capacity 23398K, committed 23552K, reserved 24576K
}
Event: 5.859 GC heap after
{Heap after GC invocations=2 (full 1):
 def new generation   total 629248K, used 727K [0x00007fc29c600000, 0x00007fc2c70c0000, 0x00007fc7f1b50000)
  eden space 559360K,   0% used [0x00007fc29c600000, 0x00007fc29c600000, 0x00007fc2be840000)
  from space 69888K,   1% used [0x00007fc2c2c80000, 0x00007fc2c2d35da8, 0x00007fc2c70c0000)
  to   space 69888K,   0% used [0x00007fc2be840000, 0x00007fc2be840000, 0x00007fc2c2c80000)
 tenured generation   total 1398144K, used 13607K [0x00007fc7f1b50000, 0x00007fc8470b0000, 0x00007fd29c600000)
   the space 1398144K,   0% used [0x00007fc7f1b50000, 0x00007fc7f2899e48, 0x00007fc7f289a000, 0x00007fc8470b0000)
 Metaspace       used 23024K, capacity 23398K, committed 23552K, reserved 24576K
}
Event: 7.072 GC heap before
{Heap before GC invocations=2 (full 1):
 def new generation   total 629248K, used 560087K [0x00007fc29c600000, 0x00007fc2c70c0000, 0x00007fc7f1b50000)
  eden space 559360K, 100% used [0x00007fc29c600000, 0x00007fc2be840000, 0x00007fc2be840000)
  from space 69888K,   1% used [0x00007fc2c2c80000, 0x00007fc2c2d35da8, 0x00007fc2c70c0000)
  to   space 69888K,   0% used [0x00007fc2be840000, 0x00007fc2be840000, 0x00007fc2c2c80000)
 tenured generation   total 1398144K, used 13607K [0x00007fc7f1b50000, 0x00007fc8470b0000, 0x00007fd29c600000)
   the space 1398144K,   0% used [0x00007fc7f1b50000, 0x00007fc7f2899e48, 0x00007fc7f289a000, 0x00007fc8470b0000)
 Metaspace       used 23031K, capacity 23399K, committed 23552K, reserved 24576K
}
Event: 7.076 GC heap after
{Heap after GC invocations=3 (full 1):
 def new generation   total 629248K, used 1092K [0x00007fc29c600000, 0x00007fc2c70c0000, 0x00007fc7f1b50000)
  eden space 559360K,   0% used [0x00007fc29c600000, 0x00007fc29c600000, 0x00007fc2be840000)
  from space 69888K,   1% used [0x00007fc2be840000, 0x00007fc2be9511b8, 0x00007fc2c2c80000)
  to   space 69888K,   0% used [0x00007fc2c2c80000, 0x00007fc2c2c80000, 0x00007fc2c70c0000)
 tenured generation   total 1398144K, used 13607K [0x00007fc7f1b50000, 0x00007fc8470b0000, 0x00007fd29c600000)
   the space 1398144K,   0% used [0x00007fc7f1b50000, 0x00007fc7f2899e48, 0x00007fc7f289a000, 0x00007fc8470b0000)
 Metaspace       used 23031K, capacity 23399K, committed 23552K, reserved 24576K
}
Event: 7.848 GC heap before
{Heap before GC invocations=3 (full 1):
 def new generation   total 629248K, used 354921K [0x00007fc29c600000, 0x00007fc2c70c0000, 0x00007fc7f1b50000)
  eden space 559360K,  63% used [0x00007fc29c600000, 0x00007fc2b1f89618, 0x00007fc2be840000)
  from space 69888K,   1% used [0x00007fc2be840000, 0x00007fc2be9511b8, 0x00007fc2c2c80000)
  to   space 69888K,   0% used [0x00007fc2c2c80000, 0x00007fc2c2c80000, 0x00007fc2c70c0000)
 tenured generation   total 1398144K, used 13607K [0x00007fc7f1b50000, 0x00007fc8470b0000, 0x00007fd29c600000)
   the space 1398144K,   0% used [0x00007fc7f1b50000, 0x00007fc7f2899e48, 0x00007fc7f289a000, 0x00007fc8470b0000)
 Metaspace       used 23181K, capacity 23540K, committed 23808K, reserved 24576K
}
Event: 7.887 GC heap after
{Heap after GC invocations=4 (full 1):
 def new generation   total 629248K, used 34021K [0x00007fc29c600000, 0x00007fc2c70c0000, 0x00007fc7f1b50000)
  eden space 559360K,   0% used [0x00007fc29c600000, 0x00007fc29c600000, 0x00007fc2be840000)
  from space 69888K,  48% used [0x00007fc2c2c80000, 0x00007fc2c4db96f8, 0x00007fc2c70c0000)
  to   space 69888K,   0% used [0x00007fc2be840000, 0x00007fc2be840000, 0x00007fc2c2c80000)
 tenured generation   total 1398144K, used 13607K [0x00007fc7f1b50000, 0x00007fc8470b0000, 0x00007fd29c600000)
   the space 1398144K,   0% used [0x00007fc7f1b50000, 0x00007fc7f2899e48, 0x00007fc7f289a000, 0x00007fc8470b0000)
 Metaspace       used 23181K, capacity 23540K, committed 23808K, reserved 24576K
}
Event: 8.512 GC heap before
{Heap before GC invocations=4 (full 1):
 def new generation   total 629248K, used 569214K [0x00007fc29c600000, 0x00007fc2c70c0000, 0x00007fc7f1b50000)
  eden space 559360K,  95% used [0x00007fc29c600000, 0x00007fc2bd0a62a8, 0x00007fc2be840000)
  from space 69888K,  48% used [0x00007fc2c2c80000, 0x00007fc2c4db96f8, 0x00007fc2c70c0000)
  to   space 69888K,   0% used [0x00007fc2be840000, 0x00007fc2be840000, 0x00007fc2c2c80000)
 tenured generation   total 1398144K, used 13607K [0x00007fc7f1b50000, 0x00007fc8470b0000, 0x00007fd29c600000)
   the space 1398144K,   0% used [0x00007fc7f1b50000, 0x00007fc7f2899e48, 0x00007fc7f289a000, 0x00007fc8470b0000)
 Metaspace       used 23183K, capacity 23540K, committed 23808K, reserved 24576K
}
Event: 9.168 GC heap after
{Heap after GC invocations=5 (full 1):
 def new generation   total 629248K, used 1252K [0x00007fc29c600000, 0x00007fc2c70c0000, 0x00007fc7f1b50000)
  eden space 559360K,   0% used [0x00007fc29c600000, 0x00007fc29c600000, 0x00007fc2be840000)
  from space 69888K,   1% used [0x00007fc2be840000, 0x00007fc2be979148, 0x00007fc2c2c80000)
  to   space 69888K,   0% used [0x00007fc2c2c80000, 0x00007fc2c2c80000, 0x00007fc2c70c0000)
 tenured generation   total 1398144K, used 537895K [0x00007fc7f1b50000, 0x00007fc8470b0000, 0x00007fd29c600000)
   the space 1398144K,  38% used [0x00007fc7f1b50000, 0x00007fc812899e60, 0x00007fc81289a000, 0x00007fc8470b0000)
 Metaspace       used 23183K, capacity 23540K, committed 23808K, reserved 24576K
}
Event: 9.168 GC heap before
{Heap before GC invocations=5 (full 1):
 def new generation   total 629248K, used 1252K [0x00007fc29c600000, 0x00007fc2c70c0000, 0x00007fc7f1b50000)
  eden space 559360K,   0% used [0x00007fc29c600000, 0x00007fc29c600000, 0x00007fc2be840000)
  from space 69888K,   1% used [0x00007fc2be840000, 0x00007fc2be979148, 0x00007fc2c2c80000)
  to   space 69888K,   0% used [0x00007fc2c2c80000, 0x00007fc2c2c80000, 0x00007fc2c70c0000)
 tenured generation   total 1398144K, used 537895K [0x00007fc7f1b50000, 0x00007fc8470b0000, 0x00007fd29c600000)
   the space 1398144K,  38% used [0x00007fc7f1b50000, 0x00007fc812899e60, 0x00007fc81289a000, 0x00007fc8470b0000)
 Metaspace       used 23183K, capacity 23540K, committed 23808K, reserved 24576K
}
Event: 9.213 GC heap after
{Heap after GC invocations=5 (full 2):
 def new generation   total 629248K, used 0K [0x00007fc29c600000, 0x00007fc2c70c0000, 0x00007fc7f1b50000)
  eden space 559360K,   0% used [0x00007fc29c600000, 0x00007fc29c600000, 0x00007fc2be840000)
  from space 69888K,   0% used [0x00007fc2be840000, 0x00007fc2be840000, 0x00007fc2c2c80000)
  to   space 69888K,   0% used [0x00007fc2c2c80000, 0x00007fc2c2c80000, 0x00007fc2c70c0000)
 tenured generation   total 1398144K, used 539147K [0x00007fc7f1b50000, 0x00007fc8470b0000, 0x00007fd29c600000)
   the space 1398144K,  38% used [0x00007fc7f1b50000, 0x00007fc8129d2d38, 0x00007fc8129d2e00, 0x00007fc8470b0000)
 Metaspace       used 23183K, capacity 23540K, committed 23808K, reserved 24576K
}
Event: 16.261 GC heap before
{Heap before GC invocations=5 (full 2):
 def new generation   total 629248K, used 10990K [0x00007fc29c600000, 0x00007fc2c70c0000, 0x00007fc7f1b50000)
  eden space 559360K,   1% used [0x00007fc29c600000, 0x00007fc29d0bbb08, 0x00007fc2be840000)
  from space 69888K,   0% used [0x00007fc2be840000, 0x00007fc2be840000, 0x00007fc2c2c80000)
  to   space 69888K,   0% used [0x00007fc2c2c80000, 0x00007fc2c2c80000, 0x00007fc2c70c0000)
 tenured generation   total 5592452K, used 4733451K [0x00007fc7f1b50000, 0x00007fc9470b1000, 0x00007fd29c600000)
   the space 5592452K,  84% used [0x00007fc7f1b50000, 0x00007fc9129d2d50, 0x00007fc9129d2e00, 0x00007fc9470b1000)
 Metaspace       used 23183K, capacity 23540K, committed 23808K, reserved 24576K
}
Event: 16.279 GC heap after
{Heap after GC invocations=6 (full 2):
 def new generation   total 629248K, used 0K [0x00007fc29c600000, 0x00007fc2c70c0000, 0x00007fc7f1b50000)
  eden space 559360K,   0% used [0x00007fc29c600000, 0x00007fc29c600000, 0x00007fc2be840000)
  from space 69888K,   0% used [0x00007fc2c2c80000, 0x00007fc2c2c80160, 0x00007fc2c70c0000)
  to   space 69888K,   0% used [0x00007fc2be840000, 0x00007fc2be840000, 0x00007fc2c2c80000)
 tenured generation   total 5592452K, used 4733451K [0x00007fc7f1b50000, 0x00007fc9470b1000, 0x00007fd29c600000)
   the space 5592452K,  84% used [0x00007fc7f1b50000, 0x00007fc9129d2d50, 0x00007fc9129d2e00, 0x00007fc9470b1000)
 Metaspace       used 23183K, capacity 23540K, committed 23808K, reserved 24576K
}
Event: 16.279 GC heap before
{Heap before GC invocations=6 (full 2):
 def new generation   total 629248K, used 0K [0x00007fc29c600000, 0x00007fc2c70c0000, 0x00007fc7f1b50000)
  eden space 559360K,   0% used [0x00007fc29c600000, 0x00007fc29c600000, 0x00007fc2be840000)
  from space 69888K,   0% used [0x00007fc2c2c80000, 0x00007fc2c2c80160, 0x00007fc2c70c0000)
  to   space 69888K,   0% used [0x00007fc2be840000, 0x00007fc2be840000, 0x00007fc2c2c80000)
 tenured generation   total 5592452K, used 4733451K [0x00007fc7f1b50000, 0x00007fc9470b1000, 0x00007fd29c600000)
   the space 5592452K,  84% used [0x00007fc7f1b50000, 0x00007fc9129d2d50, 0x00007fc9129d2e00, 0x00007fc9470b1000)
 Metaspace       used 23183K, capacity 23540K, committed 23808K, reserved 24576K
}

