# JRE version: OpenJDK Runtime Environment (13.0.7+5) (build 13.0.7+5-Ubuntu-0ubuntu120.04)
# Java VM: OpenJDK 64-Bit Server VM (13.0.7+5-Ubuntu-0ubuntu120.04, mixed mode, tiered, serial gc, linux-amd64)
Heap:
 def new generation   total 8676032K, used 589564K [0x00007f4b1c600000, 0x00007f4d68c10000, 0x00007f5071b50000)
  eden space 7712064K,   7% used [0x00007f4b1c600000, 0x00007f4b405bf148, 0x00007f4cf3150000)
  from space 963968K,   0% used [0x00007f4d2deb0000, 0x00007f4d2deb0000, 0x00007f4d68c10000)
  to   space 963968K,   0% used [0x00007f4cf3150000, 0x00007f4cf3150000, 0x00007f4d2deb0000)
 tenured generation   total 19407428K, used 19407428K [0x00007f5071b50000, 0x00007f55123e1000, 0x00007f5b1c600000)
   the space 19407428K, 100% used [0x00007f5071b50000, 0x00007f55123e1000, 0x00007f55123e1000, 0x00007f55123e1000)
 Metaspace       used 31127K, capacity 31564K, committed 31744K, reserved 32768K
GC Heap History (20 events):
Event: 983.446 GC heap after
{Heap after GC invocations=68 (full 12):
 def new generation   total 8676032K, used 670573K [0x00007f4b1c600000, 0x00007f4d68c10000, 0x00007f5071b50000)
  eden space 7712064K,   0% used [0x00007f4b1c600000, 0x00007f4b1c600000, 0x00007f4cf3150000)
  from space 963968K,  69% used [0x00007f4cf3150000, 0x00007f4d1c02b520, 0x00007f4d2deb0000)
  to   space 963968K,   0% used [0x00007f4d2deb0000, 0x00007f4d2deb0000, 0x00007f4d68c10000)
 tenured generation   total 19279940K, used 13638929K [0x00007f5071b50000, 0x00007f550a761000, 0x00007f5b1c600000)
   the space 19279940K,  70% used [0x00007f5071b50000, 0x00007f53b2294788, 0x00007f53b2294800, 0x00007f550a761000)
 Metaspace       used 31127K, capacity 31564K, committed 31744K, reserved 32768K
}
Event: 985.413 GC heap before
{Heap before GC invocations=68 (full 12):
 def new generation   total 8676032K, used 8382637K [0x00007f4b1c600000, 0x00007f4d68c10000, 0x00007f5071b50000)
  eden space 7712064K, 100% used [0x00007f4b1c600000, 0x00007f4cf3150000, 0x00007f4cf3150000)
  from space 963968K,  69% used [0x00007f4cf3150000, 0x00007f4d1c02b520, 0x00007f4d2deb0000)
  to   space 963968K,   0% used [0x00007f4d2deb0000, 0x00007f4d2deb0000, 0x00007f4d68c10000)
 tenured generation   total 19279940K, used 13638929K [0x00007f5071b50000, 0x00007f550a761000, 0x00007f5b1c600000)
   the space 19279940K,  70% used [0x00007f5071b50000, 0x00007f53b2294788, 0x00007f53b2294800, 0x00007f550a761000)
 Metaspace       used 31127K, capacity 31564K, committed 31744K, reserved 32768K
}
Event: 987.017 GC heap after
{Heap after GC invocations=69 (full 12):
 def new generation   total 8676032K, used 643564K [0x00007f4b1c600000, 0x00007f4d68c10000, 0x00007f5071b50000)
  eden space 7712064K,   0% used [0x00007f4b1c600000, 0x00007f4b1c600000, 0x00007f4cf3150000)
  from space 963968K,  66% used [0x00007f4d2deb0000, 0x00007f4d5532b3f0, 0x00007f4d68c10000)
  to   space 963968K,   0% used [0x00007f4cf3150000, 0x00007f4cf3150000, 0x00007f4d2deb0000)
 tenured generation   total 19279940K, used 14309502K [0x00007f5071b50000, 0x00007f550a761000, 0x00007f5b1c600000)
   the space 19279940K,  74% used [0x00007f5071b50000, 0x00007f53db16fbe8, 0x00007f53db16fc00, 0x00007f550a761000)
 Metaspace       used 31127K, capacity 31564K, committed 31744K, reserved 32768K
}
Event: 988.890 GC heap before
{Heap before GC invocations=69 (full 12):
 def new generation   total 8676032K, used 8355628K [0x00007f4b1c600000, 0x00007f4d68c10000, 0x00007f5071b50000)
  eden space 7712064K, 100% used [0x00007f4b1c600000, 0x00007f4cf3150000, 0x00007f4cf3150000)
  from space 963968K,  66% used [0x00007f4d2deb0000, 0x00007f4d5532b3f0, 0x00007f4d68c10000)
  to   space 963968K,   0% used [0x00007f4cf3150000, 0x00007f4cf3150000, 0x00007f4d2deb0000)
 tenured generation   total 19279940K, used 14309502K [0x00007f5071b50000, 0x00007f550a761000, 0x00007f5b1c600000)
   the space 19279940K,  74% used [0x00007f5071b50000, 0x00007f53db16fbe8, 0x00007f53db16fc00, 0x00007f550a761000)
 Metaspace       used 31127K, capacity 31564K, committed 31744K, reserved 32768K
}
Event: 990.395 GC heap after
{Heap after GC invocations=70 (full 12):
 def new generation   total 8676032K, used 577933K [0x00007f4b1c600000, 0x00007f4d68c10000, 0x00007f5071b50000)
  eden space 7712064K,   0% used [0x00007f4b1c600000, 0x00007f4b1c600000, 0x00007f4cf3150000)
  from space 963968K,  59% used [0x00007f4cf3150000, 0x00007f4d165b3598, 0x00007f4d2deb0000)
  to   space 963968K,   0% used [0x00007f4d2deb0000, 0x00007f4d2deb0000, 0x00007f4d68c10000)
 tenured generation   total 19279940K, used 14953066K [0x00007f5071b50000, 0x00007f550a761000, 0x00007f5b1c600000)
   the space 19279940K,  77% used [0x00007f5071b50000, 0x00007f54025eaba8, 0x00007f54025eac00, 0x00007f550a761000)
 Metaspace       used 31127K, capacity 31564K, committed 31744K, reserved 32768K
}
Event: 992.265 GC heap before
{Heap before GC invocations=70 (full 12):
 def new generation   total 8676032K, used 8289997K [0x00007f4b1c600000, 0x00007f4d68c10000, 0x00007f5071b50000)
  eden space 7712064K, 100% used [0x00007f4b1c600000, 0x00007f4cf3150000, 0x00007f4cf3150000)
  from space 963968K,  59% used [0x00007f4cf3150000, 0x00007f4d165b3598, 0x00007f4d2deb0000)
  to   space 963968K,   0% used [0x00007f4d2deb0000, 0x00007f4d2deb0000, 0x00007f4d68c10000)
 tenured generation   total 19279940K, used 14953066K [0x00007f5071b50000, 0x00007f550a761000, 0x00007f5b1c600000)
   the space 19279940K,  77% used [0x00007f5071b50000, 0x00007f54025eaba8, 0x00007f54025eac00, 0x00007f550a761000)
 Metaspace       used 31127K, capacity 31564K, committed 31744K, reserved 32768K
}
Event: 993.665 GC heap after
{Heap after GC invocations=71 (full 12):
 def new generation   total 8676032K, used 577561K [0x00007f4b1c600000, 0x00007f4d68c10000, 0x00007f5071b50000)
  eden space 7712064K,   0% used [0x00007f4b1c600000, 0x00007f4b1c600000, 0x00007f4cf3150000)
  from space 963968K,  59% used [0x00007f4d2deb0000, 0x00007f4d512b6498, 0x00007f4d68c10000)
  to   space 963968K,   0% used [0x00007f4cf3150000, 0x00007f4cf3150000, 0x00007f4d2deb0000)
 tenured generation   total 19279940K, used 15531000K [0x00007f5071b50000, 0x00007f550a761000, 0x00007f5b1c600000)
   the space 19279940K,  80% used [0x00007f5071b50000, 0x00007f5425a4e100, 0x00007f5425a4e200, 0x00007f550a761000)
 Metaspace       used 31127K, capacity 31564K, committed 31744K, reserved 32768K
}
Event: 995.475 GC heap before
{Heap before GC invocations=71 (full 12):
 def new generation   total 8676032K, used 8289625K [0x00007f4b1c600000, 0x00007f4d68c10000, 0x00007f5071b50000)
  eden space 7712064K, 100% used [0x00007f4b1c600000, 0x00007f4cf3150000, 0x00007f4cf3150000)
  from space 963968K,  59% used [0x00007f4d2deb0000, 0x00007f4d512b6498, 0x00007f4d68c10000)
  to   space 963968K,   0% used [0x00007f4cf3150000, 0x00007f4cf3150000, 0x00007f4d2deb0000)
 tenured generation   total 19279940K, used 15531000K [0x00007f5071b50000, 0x00007f550a761000, 0x00007f5b1c600000)
   the space 19279940K,  80% used [0x00007f5071b50000, 0x00007f5425a4e100, 0x00007f5425a4e200, 0x00007f550a761000)
 Metaspace       used 31127K, capacity 31564K, committed 31744K, reserved 32768K
}
Event: 996.921 GC heap after
{Heap after GC invocations=72 (full 12):
 def new generation   total 8676032K, used 589983K [0x00007f4b1c600000, 0x00007f4d68c10000, 0x00007f5071b50000)
  eden space 7712064K,   0% used [0x00007f4b1c600000, 0x00007f4b1c600000, 0x00007f4cf3150000)
  from space 963968K,  61% used [0x00007f4cf3150000, 0x00007f4d17177d30, 0x00007f4d2deb0000)
  to   space 963968K,   0% used [0x00007f4d2deb0000, 0x00007f4d2deb0000, 0x00007f4d68c10000)
 tenured generation   total 19279940K, used 16108560K [0x00007f5071b50000, 0x00007f550a761000, 0x00007f5b1c600000)
   the space 19279940K,  83% used [0x00007f5071b50000, 0x00007f5448e542e8, 0x00007f5448e54400, 0x00007f550a761000)
 Metaspace       used 31127K, capacity 31564K, committed 31744K, reserved 32768K
}
Event: 999.048 GC heap before
{Heap before GC invocations=72 (full 12):
 def new generation   total 8676032K, used 8302047K [0x00007f4b1c600000, 0x00007f4d68c10000, 0x00007f5071b50000)
  eden space 7712064K, 100% used [0x00007f4b1c600000, 0x00007f4cf3150000, 0x00007f4cf3150000)
  from space 963968K,  61% used [0x00007f4cf3150000, 0x00007f4d17177d30, 0x00007f4d2deb0000)
  to   space 963968K,   0% used [0x00007f4d2deb0000, 0x00007f4d2deb0000, 0x00007f4d68c10000)
 tenured generation   total 19279940K, used 16108560K [0x00007f5071b50000, 0x00007f550a761000, 0x00007f5b1c600000)
   the space 19279940K,  83% used [0x00007f5071b50000, 0x00007f5448e542e8, 0x00007f5448e54400, 0x00007f550a761000)
 Metaspace       used 31127K, capacity 31564K, committed 31744K, reserved 32768K
}
Event: 1000.651 GC heap after
{Heap after GC invocations=73 (full 12):
 def new generation   total 8676032K, used 694635K [0x00007f4b1c600000, 0x00007f4d68c10000, 0x00007f5071b50000)
  eden space 7712064K,   0% used [0x00007f4b1c600000, 0x00007f4b1c600000, 0x00007f4cf3150000)
  from space 963968K,  72% used [0x00007f4d2deb0000, 0x00007f4d5850ad78, 0x00007f4d68c10000)
  to   space 963968K,   0% used [0x00007f4cf3150000, 0x00007f4cf3150000, 0x00007f4d2deb0000)
 tenured generation   total 19279940K, used 16698543K [0x00007f5071b50000, 0x00007f550a761000, 0x00007f5b1c600000)
   the space 19279940K,  86% used [0x00007f5071b50000, 0x00007f546ce7be88, 0x00007f546ce7c000, 0x00007f550a761000)
 Metaspace       used 31127K, capacity 31564K, committed 31744K, reserved 32768K
}
Event: 1002.754 GC heap before
{Heap before GC invocations=73 (full 12):
 def new generation   total 8676032K, used 8406699K [0x00007f4b1c600000, 0x00007f4d68c10000, 0x00007f5071b50000)
  eden space 7712064K, 100% used [0x00007f4b1c600000, 0x00007f4cf3150000, 0x00007f4cf3150000)
  from space 963968K,  72% used [0x00007f4d2deb0000, 0x00007f4d5850ad78, 0x00007f4d68c10000)
  to   space 963968K,   0% used [0x00007f4cf3150000, 0x00007f4cf3150000, 0x00007f4d2deb0000)
 tenured generation   total 19279940K, used 16698543K [0x00007f5071b50000, 0x00007f550a761000, 0x00007f5b1c600000)
   the space 19279940K,  86% used [0x00007f5071b50000, 0x00007f546ce7be88, 0x00007f546ce7c000, 0x00007f550a761000)
 Metaspace       used 31127K, capacity 31564K, committed 31744K, reserved 32768K
}
Event: 1004.325 GC heap after
{Heap after GC invocations=74 (full 12):
 def new generation   total 8676032K, used 606066K [0x00007f4b1c600000, 0x00007f4d68c10000, 0x00007f5071b50000)
  eden space 7712064K,   0% used [0x00007f4b1c600000, 0x00007f4b1c600000, 0x00007f4cf3150000)
  from space 963968K,  62% used [0x00007f4cf3150000, 0x00007f4d1812ca28, 0x00007f4d2deb0000)
  to   space 963968K,   0% used [0x00007f4d2deb0000, 0x00007f4d2deb0000, 0x00007f4d68c10000)
 tenured generation   total 19279940K, used 17393178K [0x00007f5071b50000, 0x00007f550a761000, 0x00007f5b1c600000)
   the space 19279940K,  90% used [0x00007f5071b50000, 0x00007f54974d6bc0, 0x00007f54974d6c00, 0x00007f550a761000)
 Metaspace       used 31127K, capacity 31564K, committed 31744K, reserved 32768K
}
Event: 1006.413 GC heap before
{Heap before GC invocations=74 (full 12):
 def new generation   total 8676032K, used 8318130K [0x00007f4b1c600000, 0x00007f4d68c10000, 0x00007f5071b50000)
  eden space 7712064K, 100% used [0x00007f4b1c600000, 0x00007f4cf3150000, 0x00007f4cf3150000)
  from space 963968K,  62% used [0x00007f4cf3150000, 0x00007f4d1812ca28, 0x00007f4d2deb0000)
  to   space 963968K,   0% used [0x00007f4d2deb0000, 0x00007f4d2deb0000, 0x00007f4d68c10000)
 tenured generation   total 19279940K, used 17393178K [0x00007f5071b50000, 0x00007f550a761000, 0x00007f5b1c600000)
   the space 19279940K,  90% used [0x00007f5071b50000, 0x00007f54974d6bc0, 0x00007f54974d6c00, 0x00007f550a761000)
 Metaspace       used 31127K, capacity 31564K, committed 31744K, reserved 32768K
}
Event: 1007.969 GC heap after
{Heap after GC invocations=75 (full 12):
 def new generation   total 8676032K, used 635130K [0x00007f4b1c600000, 0x00007f4d68c10000, 0x00007f5071b50000)
  eden space 7712064K,   0% used [0x00007f4b1c600000, 0x00007f4b1c600000, 0x00007f4cf3150000)
  from space 963968K,  65% used [0x00007f4d2deb0000, 0x00007f4d54aeebc0, 0x00007f4d68c10000)
  to   space 963968K,   0% used [0x00007f4cf3150000, 0x00007f4cf3150000, 0x00007f4d2deb0000)
 tenured generation   total 19279940K, used 17999244K [0x00007f5071b50000, 0x00007f550a761000, 0x00007f5b1c600000)
   the space 19279940K,  93% used [0x00007f5071b50000, 0x00007f54bc4b32e8, 0x00007f54bc4b3400, 0x00007f550a761000)
 Metaspace       used 31127K, capacity 31564K, committed 31744K, reserved 32768K
}
Event: 1009.911 GC heap before
{Heap before GC invocations=75 (full 12):
 def new generation   total 8676032K, used 8347194K [0x00007f4b1c600000, 0x00007f4d68c10000, 0x00007f5071b50000)
  eden space 7712064K, 100% used [0x00007f4b1c600000, 0x00007f4cf3150000, 0x00007f4cf3150000)
  from space 963968K,  65% used [0x00007f4d2deb0000, 0x00007f4d54aeebc0, 0x00007f4d68c10000)
  to   space 963968K,   0% used [0x00007f4cf3150000, 0x00007f4cf3150000, 0x00007f4d2deb0000)
 tenured generation   total 19279940K, used 17999244K [0x00007f5071b50000, 0x00007f550a761000, 0x00007f5b1c600000)
   the space 19279940K,  93% used [0x00007f5071b50000, 0x00007f54bc4b32e8, 0x00007f54bc4b3400, 0x00007f550a761000)
 Metaspace       used 31127K, capacity 31564K, committed 31744K, reserved 32768K
}
Event: 1011.779 GC heap after
{Heap after GC invocations=76 (full 12):
 def new generation   total 8676032K, used 772992K [0x00007f4b1c600000, 0x00007f4d68c10000, 0x00007f5071b50000)
  eden space 7712064K,   0% used [0x00007f4b1c600000, 0x00007f4b1c600000, 0x00007f4cf3150000)
  from space 963968K,  80% used [0x00007f4cf3150000, 0x00007f4d224300d0, 0x00007f4d2deb0000)
  to   space 963968K,   0% used [0x00007f4d2deb0000, 0x00007f4d2deb0000, 0x00007f4d68c10000)
 tenured generation   total 19279940K, used 18634375K [0x00007f5071b50000, 0x00007f550a761000, 0x00007f5b1c600000)
   the space 19279940K,  96% used [0x00007f5071b50000, 0x00007f54e30f1d38, 0x00007f54e30f1e00, 0x00007f550a761000)
 Metaspace       used 31127K, capacity 31564K, committed 31744K, reserved 32768K
}
Event: 1013.605 GC heap before
{Heap before GC invocations=76 (full 12):
 def new generation   total 8676032K, used 8485056K [0x00007f4b1c600000, 0x00007f4d68c10000, 0x00007f5071b50000)
  eden space 7712064K, 100% used [0x00007f4b1c600000, 0x00007f4cf3150000, 0x00007f4cf3150000)
  from space 963968K,  80% used [0x00007f4cf3150000, 0x00007f4d224300d0, 0x00007f4d2deb0000)
  to   space 963968K,   0% used [0x00007f4d2deb0000, 0x00007f4d2deb0000, 0x00007f4d68c10000)
 tenured generation   total 19279940K, used 18634375K [0x00007f5071b50000, 0x00007f550a761000, 0x00007f5b1c600000)
   the space 19279940K,  96% used [0x00007f5071b50000, 0x00007f54e30f1d38, 0x00007f54e30f1e00, 0x00007f550a761000)
 Metaspace       used 31127K, capacity 31564K, committed 31744K, reserved 32768K
}
Event: 1015.288 GC heap after
{Heap after GC invocations=77 (full 12):
 def new generation   total 8676032K, used 589625K [0x00007f4b1c600000, 0x00007f4d68c10000, 0x00007f5071b50000)
  eden space 7712064K,   0% used [0x00007f4b1c600000, 0x00007f4b1c600000, 0x00007f4cf3150000)
  from space 963968K,  61% used [0x00007f4d2deb0000, 0x00007f4d51e7e690, 0x00007f4d68c10000)
  to   space 963968K,   0% used [0x00007f4cf3150000, 0x00007f4cf3150000, 0x00007f4d2deb0000)
 tenured generation   total 19407428K, used 19407366K [0x00007f5071b50000, 0x00007f55123e1000, 0x00007f5b1c600000)
   the space 19407428K,  99% used [0x00007f5071b50000, 0x00007f55123d1ab8, 0x00007f55123d1c00, 0x00007f55123e1000)
 Metaspace       used 31127K, capacity 31564K, committed 31744K, reserved 32768K
}
Event: 1015.288 GC heap before
{Heap before GC invocations=77 (full 12):
 def new generation   total 8676032K, used 589625K [0x00007f4b1c600000, 0x00007f4d68c10000, 0x00007f5071b50000)
  eden space 7712064K,   0% used [0x00007f4b1c600000, 0x00007f4b1c600000, 0x00007f4cf3150000)
  from space 963968K,  61% used [0x00007f4d2deb0000, 0x00007f4d51e7e690, 0x00007f4d68c10000)
  to   space 963968K,   0% used [0x00007f4cf3150000, 0x00007f4cf3150000, 0x00007f4d2deb0000)
 tenured generation   total 19407428K, used 19407366K [0x00007f5071b50000, 0x00007f55123e1000, 0x00007f5b1c600000)
   the space 19407428K,  99% used [0x00007f5071b50000, 0x00007f55123d1ab8, 0x00007f55123d1c00, 0x00007f55123e1000)
 Metaspace       used 31127K, capacity 31564K, committed 31744K, reserved 32768K
}

