# JRE version: OpenJDK Runtime Environment (13.0.7+5) (build 13.0.7+5-Ubuntu-0ubuntu120.04)
# Java VM: OpenJDK 64-Bit Server VM (13.0.7+5-Ubuntu-0ubuntu120.04, mixed mode, tiered, serial gc, linux-amd64)
Heap:
 def new generation   total 629248K, used 0K [0x00007efd58600000, 0x00007efd830c0000, 0x00007f02adb50000)
  eden space 559360K,   0% used [0x00007efd58600000, 0x00007efd58600000, 0x00007efd7a840000)
  from space 69888K,   0% used [0x00007efd7a840000, 0x00007efd7a840000, 0x00007efd7ec80000)
  to   space 69888K,   0% used [0x00007efd7ec80000, 0x00007efd7ec80000, 0x00007efd830c0000)
 tenured generation   total 1398144K, used 14643K [0x00007f02adb50000, 0x00007f03030b0000, 0x00007f0d58600000)
   the space 1398144K,   1% used [0x00007f02adb50000, 0x00007f02ae99cf28, 0x00007f02ae99d000, 0x00007f03030b0000)
 Metaspace       used 23190K, capacity 23534K, committed 23808K, reserved 24576K
GC Heap History (20 events):
Event: 6.803 GC heap before
{Heap before GC invocations=1 (full 1):
 def new generation   total 629248K, used 559360K [0x00007efd58600000, 0x00007efd830c0000, 0x00007f02adb50000)
  eden space 559360K, 100% used [0x00007efd58600000, 0x00007efd7a840000, 0x00007efd7a840000)
  from space 69888K,   0% used [0x00007efd7a840000, 0x00007efd7a840000, 0x00007efd7ec80000)
  to   space 69888K,   0% used [0x00007efd7ec80000, 0x00007efd7ec80000, 0x00007efd830c0000)
 tenured generation   total 1398144K, used 13586K [0x00007f02adb50000, 0x00007f03030b0000, 0x00007f0d58600000)
   the space 1398144K,   0% used [0x00007f02adb50000, 0x00007f02ae894ab8, 0x00007f02ae894c00, 0x00007f03030b0000)
 Metaspace       used 23007K, capacity 23388K, committed 23552K, reserved 24576K
}
Event: 6.810 GC heap after
{Heap after GC invocations=2 (full 1):
 def new generation   total 629248K, used 691K [0x00007efd58600000, 0x00007efd830c0000, 0x00007f02adb50000)
  eden space 559360K,   0% used [0x00007efd58600000, 0x00007efd58600000, 0x00007efd7a840000)
  from space 69888K,   0% used [0x00007efd7ec80000, 0x00007efd7ed2cda0, 0x00007efd830c0000)
  to   space 69888K,   0% used [0x00007efd7a840000, 0x00007efd7a840000, 0x00007efd7ec80000)
 tenured generation   total 1398144K, used 13586K [0x00007f02adb50000, 0x00007f03030b0000, 0x00007f0d58600000)
   the space 1398144K,   0% used [0x00007f02adb50000, 0x00007f02ae894ab8, 0x00007f02ae894c00, 0x00007f03030b0000)
 Metaspace       used 23007K, capacity 23388K, committed 23552K, reserved 24576K
}
Event: 8.569 GC heap before
{Heap before GC invocations=2 (full 1):
 def new generation   total 629248K, used 554171K [0x00007efd58600000, 0x00007efd830c0000, 0x00007f02adb50000)
  eden space 559360K,  98% used [0x00007efd58600000, 0x00007efd7a281f80, 0x00007efd7a840000)
  from space 69888K,   0% used [0x00007efd7ec80000, 0x00007efd7ed2cda0, 0x00007efd830c0000)
  to   space 69888K,   0% used [0x00007efd7a840000, 0x00007efd7a840000, 0x00007efd7ec80000)
 tenured generation   total 1398144K, used 13586K [0x00007f02adb50000, 0x00007f03030b0000, 0x00007f0d58600000)
   the space 1398144K,   0% used [0x00007f02adb50000, 0x00007f02ae894ab8, 0x00007f02ae894c00, 0x00007f03030b0000)
 Metaspace       used 23182K, capacity 23533K, committed 23808K, reserved 24576K
}
Event: 8.778 GC heap after
{Heap after GC invocations=3 (full 1):
 def new generation   total 629248K, used 1183K [0x00007efd58600000, 0x00007efd830c0000, 0x00007f02adb50000)
  eden space 559360K,   0% used [0x00007efd58600000, 0x00007efd58600000, 0x00007efd7a840000)
  from space 69888K,   1% used [0x00007efd7a840000, 0x00007efd7a967cd8, 0x00007efd7ec80000)
  to   space 69888K,   0% used [0x00007efd7ec80000, 0x00007efd7ec80000, 0x00007efd830c0000)
 tenured generation   total 1398144K, used 144658K [0x00007f02adb50000, 0x00007f03030b0000, 0x00007f0d58600000)
   the space 1398144K,  10% used [0x00007f02adb50000, 0x00007f02b6894ad0, 0x00007f02b6894c00, 0x00007f03030b0000)
 Metaspace       used 23182K, capacity 23533K, committed 23808K, reserved 24576K
}
Event: 9.543 GC heap before
{Heap before GC invocations=3 (full 1):
 def new generation   total 629248K, used 540031K [0x00007efd58600000, 0x00007efd830c0000, 0x00007f02adb50000)
  eden space 559360K,  96% used [0x00007efd58600000, 0x00007efd79438260, 0x00007efd7a840000)
  from space 69888K,   1% used [0x00007efd7a840000, 0x00007efd7a967cd8, 0x00007efd7ec80000)
  to   space 69888K,   0% used [0x00007efd7ec80000, 0x00007efd7ec80000, 0x00007efd830c0000)
 tenured generation   total 1398144K, used 144658K [0x00007f02adb50000, 0x00007f03030b0000, 0x00007f0d58600000)
   the space 1398144K,  10% used [0x00007f02adb50000, 0x00007f02b6894ad0, 0x00007f02b6894c00, 0x00007f03030b0000)
 Metaspace       used 23184K, capacity 23533K, committed 23808K, reserved 24576K
}
Event: 9.919 GC heap after
{Heap after GC invocations=4 (full 1):
 def new generation   total 629248K, used 1021K [0x00007efd58600000, 0x00007efd830c0000, 0x00007f02adb50000)
  eden space 559360K,   0% used [0x00007efd58600000, 0x00007efd58600000, 0x00007efd7a840000)
  from space 69888K,   1% used [0x00007efd7ec80000, 0x00007efd7ed7f4a8, 0x00007efd830c0000)
  to   space 69888K,   0% used [0x00007efd7a840000, 0x00007efd7a840000, 0x00007efd7ec80000)
 tenured generation   total 1398144K, used 275730K [0x00007f02adb50000, 0x00007f03030b0000, 0x00007f0d58600000)
   the space 1398144K,  19% used [0x00007f02adb50000, 0x00007f02be894ae8, 0x00007f02be894c00, 0x00007f03030b0000)
 Metaspace       used 23184K, capacity 23533K, committed 23808K, reserved 24576K
}
Event: 10.561 GC heap before
{Heap before GC invocations=4 (full 1):
 def new generation   total 629248K, used 511700K [0x00007efd58600000, 0x00007efd830c0000, 0x00007f02adb50000)
  eden space 559360K,  91% used [0x00007efd58600000, 0x00007efd778b5c08, 0x00007efd7a840000)
  from space 69888K,   1% used [0x00007efd7ec80000, 0x00007efd7ed7f4a8, 0x00007efd830c0000)
  to   space 69888K,   0% used [0x00007efd7a840000, 0x00007efd7a840000, 0x00007efd7ec80000)
 tenured generation   total 1398144K, used 275730K [0x00007f02adb50000, 0x00007f03030b0000, 0x00007f0d58600000)
   the space 1398144K,  19% used [0x00007f02adb50000, 0x00007f02be894ae8, 0x00007f02be894c00, 0x00007f03030b0000)
 Metaspace       used 23190K, capacity 23534K, committed 23808K, reserved 24576K
}
Event: 11.022 GC heap after
{Heap after GC invocations=5 (full 1):
 def new generation   total 629248K, used 66600K [0x00007efd58600000, 0x00007efd830c0000, 0x00007f02adb50000)
  eden space 559360K,   0% used [0x00007efd58600000, 0x00007efd58600000, 0x00007efd7a840000)
  from space 69888K,  95% used [0x00007efd7a840000, 0x00007efd7e94a0e0, 0x00007efd7ec80000)
  to   space 69888K,   0% used [0x00007efd7ec80000, 0x00007efd7ec80000, 0x00007efd830c0000)
 tenured generation   total 1398144K, used 341266K [0x00007f02adb50000, 0x00007f03030b0000, 0x00007f0d58600000)
   the space 1398144K,  24% used [0x00007f02adb50000, 0x00007f02c2894b00, 0x00007f02c2894c00, 0x00007f03030b0000)
 Metaspace       used 23190K, capacity 23534K, committed 23808K, reserved 24576K
}
Event: 11.453 GC heap before
{Heap before GC invocations=5 (full 1):
 def new generation   total 629248K, used 601848K [0x00007efd58600000, 0x00007efd830c0000, 0x00007f02adb50000)
  eden space 559360K,  95% used [0x00007efd58600000, 0x00007efd790b3fa0, 0x00007efd7a840000)
  from space 69888K,  95% used [0x00007efd7a840000, 0x00007efd7e94a0e0, 0x00007efd7ec80000)
  to   space 69888K,   0% used [0x00007efd7ec80000, 0x00007efd7ec80000, 0x00007efd830c0000)
 tenured generation   total 1398144K, used 341266K [0x00007f02adb50000, 0x00007f03030b0000, 0x00007f0d58600000)
   the space 1398144K,  24% used [0x00007f02adb50000, 0x00007f02c2894b00, 0x00007f02c2894c00, 0x00007f03030b0000)
 Metaspace       used 23190K, capacity 23534K, committed 23808K, reserved 24576K
}
Event: 12.772 GC heap after
{Heap after GC invocations=6 (full 1):
 def new generation   total 629248K, used 0K [0x00007efd58600000, 0x00007efd830c0000, 0x00007f02adb50000)
  eden space 559360K,   0% used [0x00007efd58600000, 0x00007efd58600000, 0x00007efd7a840000)
  from space 69888K,   0% used [0x00007efd7ec80000, 0x00007efd7ec80170, 0x00007efd830c0000)
  to   space 69888K,   0% used [0x00007efd7a840000, 0x00007efd7a840000, 0x00007efd7ec80000)
 tenured generation   total 1398144K, used 866618K [0x00007f02adb50000, 0x00007f03030b0000, 0x00007f0d58600000)
   the space 1398144K,  61% used [0x00007f02adb50000, 0x00007f02e299ea10, 0x00007f02e299ec00, 0x00007f03030b0000)
 Metaspace       used 23190K, capacity 23534K, committed 23808K, reserved 24576K
}
Event: 13.366 GC heap before
{Heap before GC invocations=6 (full 1):
 def new generation   total 629248K, used 535319K [0x00007efd58600000, 0x00007efd830c0000, 0x00007f02adb50000)
  eden space 559360K,  95% used [0x00007efd58600000, 0x00007efd790c5ac0, 0x00007efd7a840000)
  from space 69888K,   0% used [0x00007efd7ec80000, 0x00007efd7ec80170, 0x00007efd830c0000)
  to   space 69888K,   0% used [0x00007efd7a840000, 0x00007efd7a840000, 0x00007efd7ec80000)
 tenured generation   total 1398144K, used 866618K [0x00007f02adb50000, 0x00007f03030b0000, 0x00007f0d58600000)
   the space 1398144K,  61% used [0x00007f02adb50000, 0x00007f02e299ea10, 0x00007f02e299ec00, 0x00007f03030b0000)
 Metaspace       used 23190K, capacity 23534K, committed 23808K, reserved 24576K
}
Event: 15.113 GC heap after
{Heap after GC invocations=7 (full 1):
 def new generation   total 629248K, used 1K [0x00007efd58600000, 0x00007efd830c0000, 0x00007f02adb50000)
  eden space 559360K,   0% used [0x00007efd58600000, 0x00007efd58600000, 0x00007efd7a840000)
  from space 69888K,   0% used [0x00007efd7a840000, 0x00007efd7a840720, 0x00007efd7ec80000)
  to   space 69888K,   0% used [0x00007efd7ec80000, 0x00007efd7ec80000, 0x00007efd830c0000)
 tenured generation   total 1398144K, used 1390906K [0x00007f02adb50000, 0x00007f03030b0000, 0x00007f0d58600000)
   the space 1398144K,  99% used [0x00007f02adb50000, 0x00007f030299ea40, 0x00007f030299ec00, 0x00007f03030b0000)
 Metaspace       used 23190K, capacity 23534K, committed 23808K, reserved 24576K
}
Event: 15.932 GC heap before
{Heap before GC invocations=7 (full 1):
 def new generation   total 629248K, used 535294K [0x00007efd58600000, 0x00007efd830c0000, 0x00007f02adb50000)
  eden space 559360K,  95% used [0x00007efd58600000, 0x00007efd790bf330, 0x00007efd7a840000)
  from space 69888K,   0% used [0x00007efd7a840000, 0x00007efd7a840720, 0x00007efd7ec80000)
  to   space 69888K,   0% used [0x00007efd7ec80000, 0x00007efd7ec80000, 0x00007efd830c0000)
 tenured generation   total 1398144K, used 1390906K [0x00007f02adb50000, 0x00007f03030b0000, 0x00007f0d58600000)
   the space 1398144K,  99% used [0x00007f02adb50000, 0x00007f030299ea40, 0x00007f030299ec00, 0x00007f03030b0000)
 Metaspace       used 23190K, capacity 23534K, committed 23808K, reserved 24576K
}
Event: 16.526 GC heap after
{Heap after GC invocations=8 (full 1):
 def new generation   total 629248K, used 1K [0x00007efd58600000, 0x00007efd830c0000, 0x00007f02adb50000)
  eden space 559360K,   0% used [0x00007efd58600000, 0x00007efd58600000, 0x00007efd7a840000)
  from space 69888K,   0% used [0x00007efd7ec80000, 0x00007efd7ec804f0, 0x00007efd830c0000)
  to   space 69888K,   0% used [0x00007efd7a840000, 0x00007efd7a840000, 0x00007efd7ec80000)
 tenured generation   total 1922436K, used 1915194K [0x00007f02adb50000, 0x00007f03230b1000, 0x00007f0d58600000)
   the space 1922436K,  99% used [0x00007f02adb50000, 0x00007f032299ea58, 0x00007f032299ec00, 0x00007f03230b1000)
 Metaspace       used 23190K, capacity 23534K, committed 23808K, reserved 24576K
}
Event: 16.526 GC heap before
{Heap before GC invocations=8 (full 1):
 def new generation   total 629248K, used 1K [0x00007efd58600000, 0x00007efd830c0000, 0x00007f02adb50000)
  eden space 559360K,   0% used [0x00007efd58600000, 0x00007efd58600000, 0x00007efd7a840000)
  from space 69888K,   0% used [0x00007efd7ec80000, 0x00007efd7ec804f0, 0x00007efd830c0000)
  to   space 69888K,   0% used [0x00007efd7a840000, 0x00007efd7a840000, 0x00007efd7ec80000)
 tenured generation   total 1922436K, used 1915194K [0x00007f02adb50000, 0x00007f03230b1000, 0x00007f0d58600000)
   the space 1922436K,  99% used [0x00007f02adb50000, 0x00007f032299ea58, 0x00007f032299ec00, 0x00007f03230b1000)
 Metaspace       used 23190K, capacity 23534K, committed 23808K, reserved 24576K
}
Event: 18.156 GC heap after
{Heap after GC invocations=8 (full 2):
 def new generation   total 629248K, used 0K [0x00007efd58600000, 0x00007efd830c0000, 0x00007f02adb50000)
  eden space 559360K,   0% used [0x00007efd58600000, 0x00007efd58600000, 0x00007efd7a840000)
  from space 69888K,   0% used [0x00007efd7ec80000, 0x00007efd7ec80000, 0x00007efd830c0000)
  to   space 69888K,   0% used [0x00007efd7a840000, 0x00007efd7a840000, 0x00007efd7ec80000)
 tenured generation   total 1398144K, used 801073K [0x00007f02adb50000, 0x00007f03030b0000, 0x00007f0d58600000)
   the space 1398144K,  57% used [0x00007f02adb50000, 0x00007f02de99c520, 0x00007f02de99c600, 0x00007f03030b0000)
 Metaspace       used 23190K, capacity 23534K, committed 23808K, reserved 24576K
}
Event: 18.469 GC heap before
{Heap before GC invocations=8 (full 2):
 def new generation   total 629248K, used 404204K [0x00007efd58600000, 0x00007efd830c0000, 0x00007f02adb50000)
  eden space 559360K,  72% used [0x00007efd58600000, 0x00007efd710bb0e8, 0x00007efd7a840000)
  from space 69888K,   0% used [0x00007efd7ec80000, 0x00007efd7ec80000, 0x00007efd830c0000)
  to   space 69888K,   0% used [0x00007efd7a840000, 0x00007efd7a840000, 0x00007efd7ec80000)
 tenured generation   total 1398144K, used 801073K [0x00007f02adb50000, 0x00007f03030b0000, 0x00007f0d58600000)
   the space 1398144K,  57% used [0x00007f02adb50000, 0x00007f02de99c520, 0x00007f02de99c600, 0x00007f03030b0000)
 Metaspace       used 23190K, capacity 23534K, committed 23808K, reserved 24576K
}
Event: 18.486 GC heap after
{Heap after GC invocations=9 (full 2):
 def new generation   total 629248K, used 65557K [0x00007efd58600000, 0x00007efd830c0000, 0x00007f02adb50000)
  eden space 559360K,   0% used [0x00007efd58600000, 0x00007efd58600000, 0x00007efd7a840000)
  from space 69888K,  93% used [0x00007efd7a840000, 0x00007efd7e8457f0, 0x00007efd7ec80000)
  to   space 69888K,   0% used [0x00007efd7ec80000, 0x00007efd7ec80000, 0x00007efd830c0000)
 tenured generation   total 1398144K, used 801073K [0x00007f02adb50000, 0x00007f03030b0000, 0x00007f0d58600000)
   the space 1398144K,  57% used [0x00007f02adb50000, 0x00007f02de99c520, 0x00007f02de99c600, 0x00007f03030b0000)
 Metaspace       used 23190K, capacity 23534K, committed 23808K, reserved 24576K
}
Event: 18.486 GC heap before
{Heap before GC invocations=9 (full 2):
 def new generation   total 629248K, used 65557K [0x00007efd58600000, 0x00007efd830c0000, 0x00007f02adb50000)
  eden space 559360K,   0% used [0x00007efd58600000, 0x00007efd58600000, 0x00007efd7a840000)
  from space 69888K,  93% used [0x00007efd7a840000, 0x00007efd7e8457f0, 0x00007efd7ec80000)
  to   space 69888K,   0% used [0x00007efd7ec80000, 0x00007efd7ec80000, 0x00007efd830c0000)
 tenured generation   total 1398144K, used 801073K [0x00007f02adb50000, 0x00007f03030b0000, 0x00007f0d58600000)
   the space 1398144K,  57% used [0x00007f02adb50000, 0x00007f02de99c520, 0x00007f02de99c600, 0x00007f03030b0000)
 Metaspace       used 23190K, capacity 23534K, committed 23808K, reserved 24576K
}
Event: 18.499 GC heap after
{Heap after GC invocations=9 (full 3):
 def new generation   total 629248K, used 0K [0x00007efd58600000, 0x00007efd830c0000, 0x00007f02adb50000)
  eden space 559360K,   0% used [0x00007efd58600000, 0x00007efd58600000, 0x00007efd7a840000)
  from space 69888K,   0% used [0x00007efd7a840000, 0x00007efd7a840000, 0x00007efd7ec80000)
  to   space 69888K,   0% used [0x00007efd7ec80000, 0x00007efd7ec80000, 0x00007efd830c0000)
 tenured generation   total 1398144K, used 14643K [0x00007f02adb50000, 0x00007f03030b0000, 0x00007f0d58600000)
   the space 1398144K,   1% used [0x00007f02adb50000, 0x00007f02ae99cf28, 0x00007f02ae99d000, 0x00007f03030b0000)
 Metaspace       used 23190K, capacity 23534K, committed 23808K, reserved 24576K
}

