# JRE version: OpenJDK Runtime Environment (13.0.7+5) (build 13.0.7+5-Ubuntu-0ubuntu120.04)
# Java VM: OpenJDK 64-Bit Server VM (13.0.7+5-Ubuntu-0ubuntu120.04, mixed mode, tiered, serial gc, linux-amd64)
Heap:
 def new generation   total 1782464K, used 1115415K [0x00007fa0c8600000, 0x00007fa141410000, 0x00007fa61db50000)
  eden space 1584448K,  68% used [0x00007fa0c8600000, 0x00007fa10a46e518, 0x00007fa129150000)
  from space 198016K,  18% used [0x00007fa129150000, 0x00007fa12b427930, 0x00007fa1352b0000)
  to   space 198016K,   0% used [0x00007fa1352b0000, 0x00007fa1352b2000, 0x00007fa141410000)
 tenured generation   total 3960924K, used 3425129K [0x00007fa61db50000, 0x00007fa70f767000, 0x00007fb0c8600000)
   the space 3960924K,  86% used [0x00007fa61db50000, 0x00007fa6eec2a708, 0x00007fa6eec2a800, 0x00007fa70f767000)
 Metaspace       used 24326K, capacity 24779K, committed 24832K, reserved 26624K
GC Heap History (20 events):
Event: 24128.897 GC heap after
{Heap after GC invocations=10706 (full 3535):
 def new generation   total 1782336K, used 35705K [0x00007fa0c8600000, 0x00007fa1413f0000, 0x00007fa61db50000)
  eden space 1584320K,   0% used [0x00007fa0c8600000, 0x00007fa0c8600000, 0x00007fa129130000)
  from space 198016K,  18% used [0x00007fa135290000, 0x00007fa13756e760, 0x00007fa1413f0000)
  to   space 198016K,   0% used [0x00007fa129130000, 0x00007fa129130000, 0x00007fa135290000)
 tenured generation   total 3960684K, used 2376408K [0x00007fa61db50000, 0x00007fa70f72b000, 0x00007fb0c8600000)
   the space 3960684K,  59% used [0x00007fa61db50000, 0x00007fa6aec06210, 0x00007fa6aec06400, 0x00007fa70f72b000)
 Metaspace       used 24326K, capacity 24779K, committed 24832K, reserved 26624K
}
Event: 24129.956 GC heap before
{Heap before GC invocations=10706 (full 3535):
 def new generation   total 1782336K, used 1209607K [0x00007fa0c8600000, 0x00007fa1413f0000, 0x00007fa61db50000)
  eden space 1584320K,  74% used [0x00007fa0c8600000, 0x00007fa110063680, 0x00007fa129130000)
  from space 198016K,  18% used [0x00007fa135290000, 0x00007fa13756e760, 0x00007fa1413f0000)
  to   space 198016K,   0% used [0x00007fa129130000, 0x00007fa129130000, 0x00007fa135290000)
 tenured generation   total 3960684K, used 2376408K [0x00007fa61db50000, 0x00007fa70f72b000, 0x00007fb0c8600000)
   the space 3960684K,  59% used [0x00007fa61db50000, 0x00007fa6aec06210, 0x00007fa6aec06400, 0x00007fa70f72b000)
 Metaspace       used 24326K, capacity 24779K, committed 24832K, reserved 26624K
}
Event: 24130.396 GC heap after
{Heap after GC invocations=10707 (full 3535):
 def new generation   total 1782336K, used 35678K [0x00007fa0c8600000, 0x00007fa1413f0000, 0x00007fa61db50000)
  eden space 1584320K,   0% used [0x00007fa0c8600000, 0x00007fa0c8600000, 0x00007fa129130000)
  from space 198016K,  18% used [0x00007fa129130000, 0x00007fa12b407ad0, 0x00007fa135290000)
  to   space 198016K,   0% used [0x00007fa135290000, 0x00007fa135290000, 0x00007fa1413f0000)
 tenured generation   total 3960684K, used 3424984K [0x00007fa61db50000, 0x00007fa70f72b000, 0x00007fb0c8600000)
   the space 3960684K,  86% used [0x00007fa61db50000, 0x00007fa6eec06228, 0x00007fa6eec06400, 0x00007fa70f72b000)
 Metaspace       used 24326K, capacity 24779K, committed 24832K, reserved 26624K
}
Event: 24131.088 GC heap before
{Heap before GC invocations=10707 (full 3535):
 def new generation   total 1782336K, used 1115414K [0x00007fa0c8600000, 0x00007fa1413f0000, 0x00007fa61db50000)
  eden space 1584320K,  68% used [0x00007fa0c8600000, 0x00007fa10a46dec0, 0x00007fa129130000)
  from space 198016K,  18% used [0x00007fa129130000, 0x00007fa12b407ad0, 0x00007fa135290000)
  to   space 198016K,   0% used [0x00007fa135290000, 0x00007fa135290000, 0x00007fa1413f0000)
 tenured generation   total 3960684K, used 3424984K [0x00007fa61db50000, 0x00007fa70f72b000, 0x00007fb0c8600000)
   the space 3960684K,  86% used [0x00007fa61db50000, 0x00007fa6eec06228, 0x00007fa6eec06400, 0x00007fa70f72b000)
 Metaspace       used 24326K, capacity 24779K, committed 24832K, reserved 26624K
}
Event: 24131.923 GC heap after
{Heap after GC invocations=10708 (full 3535):
 def new generation   total 1782336K, used 35679K [0x00007fa0c8600000, 0x00007fa1413f0000, 0x00007fa61db50000)
  eden space 1584320K,   0% used [0x00007fa0c8600000, 0x00007fa0c8600000, 0x00007fa129130000)
  from space 198016K,  18% used [0x00007fa135290000, 0x00007fa137567d48, 0x00007fa1413f0000)
  to   space 198016K,   0% used [0x00007fa129130000, 0x00007fa129130000, 0x00007fa135290000)
 tenured generation   total 5009264K, used 4473560K [0x00007fa61db50000, 0x00007fa74f72c000, 0x00007fb0c8600000)
   the space 5009264K,  89% used [0x00007fa61db50000, 0x00007fa72ec06240, 0x00007fa72ec06400, 0x00007fa74f72c000)
 Metaspace       used 24326K, capacity 24779K, committed 24832K, reserved 26624K
}
Event: 24131.923 GC heap before
{Heap before GC invocations=10708 (full 3535):
 def new generation   total 1782336K, used 35679K [0x00007fa0c8600000, 0x00007fa1413f0000, 0x00007fa61db50000)
  eden space 1584320K,   0% used [0x00007fa0c8600000, 0x00007fa0c8600000, 0x00007fa129130000)
  from space 198016K,  18% used [0x00007fa135290000, 0x00007fa137567d48, 0x00007fa1413f0000)
  to   space 198016K,   0% used [0x00007fa129130000, 0x00007fa129130000, 0x00007fa135290000)
 tenured generation   total 5009264K, used 4473560K [0x00007fa61db50000, 0x00007fa74f72c000, 0x00007fb0c8600000)
   the space 5009264K,  89% used [0x00007fa61db50000, 0x00007fa72ec06240, 0x00007fa72ec06400, 0x00007fa74f72c000)
 Metaspace       used 24326K, capacity 24779K, committed 24832K, reserved 26624K
}
Event: 24133.171 GC heap after
{Heap after GC invocations=10708 (full 3536):
 def new generation   total 1782400K, used 0K [0x00007fa0c8600000, 0x00007fa141400000, 0x00007fa61db50000)
  eden space 1584384K,   0% used [0x00007fa0c8600000, 0x00007fa0c8600000, 0x00007fa129140000)
  from space 198016K,   0% used [0x00007fa129140000, 0x00007fa129140000, 0x00007fa1352a0000)
  to   space 198016K,   0% used [0x00007fa1352a0000, 0x00007fa1352a0000, 0x00007fa141400000)
 tenured generation   total 3960792K, used 2376475K [0x00007fa61db50000, 0x00007fa70f746000, 0x00007fb0c8600000)
   the space 3960792K,  59% used [0x00007fa61db50000, 0x00007fa6aec16c40, 0x00007fa6aec16e00, 0x00007fa70f746000)
 Metaspace       used 24326K, capacity 24779K, committed 24832K, reserved 26624K
}
Event: 24135.138 GC heap before
{Heap before GC invocations=10708 (full 3536):
 def new generation   total 1782400K, used 1584384K [0x00007fa0c8600000, 0x00007fa141400000, 0x00007fa61db50000)
  eden space 1584384K, 100% used [0x00007fa0c8600000, 0x00007fa129140000, 0x00007fa129140000)
  from space 198016K,   0% used [0x00007fa129140000, 0x00007fa129140000, 0x00007fa1352a0000)
  to   space 198016K,   0% used [0x00007fa1352a0000, 0x00007fa1352a0000, 0x00007fa141400000)
 tenured generation   total 3960792K, used 2376475K [0x00007fa61db50000, 0x00007fa70f746000, 0x00007fb0c8600000)
   the space 3960792K,  59% used [0x00007fa61db50000, 0x00007fa6aec16c40, 0x00007fa6aec16e00, 0x00007fa70f746000)
 Metaspace       used 24326K, capacity 24779K, committed 24832K, reserved 26624K
}
Event: 24135.157 GC heap after
{Heap after GC invocations=10709 (full 3536):
 def new generation   total 1782400K, used 35711K [0x00007fa0c8600000, 0x00007fa141400000, 0x00007fa61db50000)
  eden space 1584384K,   0% used [0x00007fa0c8600000, 0x00007fa0c8600000, 0x00007fa129140000)
  from space 198016K,  18% used [0x00007fa1352a0000, 0x00007fa13757fd58, 0x00007fa141400000)
  to   space 198016K,   0% used [0x00007fa129140000, 0x00007fa129140000, 0x00007fa1352a0000)
 tenured generation   total 3960792K, used 2376475K [0x00007fa61db50000, 0x00007fa70f746000, 0x00007fb0c8600000)
   the space 3960792K,  59% used [0x00007fa61db50000, 0x00007fa6aec16c40, 0x00007fa6aec16e00, 0x00007fa70f746000)
 Metaspace       used 24326K, capacity 24779K, committed 24832K, reserved 26624K
}
Event: 24136.233 GC heap before
{Heap before GC invocations=10709 (full 3536):
 def new generation   total 1782400K, used 1209615K [0x00007fa0c8600000, 0x00007fa141400000, 0x00007fa61db50000)
  eden space 1584384K,  74% used [0x00007fa0c8600000, 0x00007fa110064060, 0x00007fa129140000)
  from space 198016K,  18% used [0x00007fa1352a0000, 0x00007fa13757fd58, 0x00007fa141400000)
  to   space 198016K,   0% used [0x00007fa129140000, 0x00007fa129140000, 0x00007fa1352a0000)
 tenured generation   total 3960792K, used 2376475K [0x00007fa61db50000, 0x00007fa70f746000, 0x00007fb0c8600000)
   the space 3960792K,  59% used [0x00007fa61db50000, 0x00007fa6aec16c40, 0x00007fa6aec16e00, 0x00007fa70f746000)
 Metaspace       used 24326K, capacity 24779K, committed 24832K, reserved 26624K
}
Event: 24136.690 GC heap after
{Heap after GC invocations=10710 (full 3536):
 def new generation   total 1782400K, used 35678K [0x00007fa0c8600000, 0x00007fa141400000, 0x00007fa61db50000)
  eden space 1584384K,   0% used [0x00007fa0c8600000, 0x00007fa0c8600000, 0x00007fa129140000)
  from space 198016K,  18% used [0x00007fa129140000, 0x00007fa12b417930, 0x00007fa1352a0000)
  to   space 198016K,   0% used [0x00007fa1352a0000, 0x00007fa1352a0000, 0x00007fa141400000)
 tenured generation   total 3960792K, used 3425051K [0x00007fa61db50000, 0x00007fa70f746000, 0x00007fb0c8600000)
   the space 3960792K,  86% used [0x00007fa61db50000, 0x00007fa6eec16c58, 0x00007fa6eec16e00, 0x00007fa70f746000)
 Metaspace       used 24326K, capacity 24779K, committed 24832K, reserved 26624K
}
Event: 24137.427 GC heap before
{Heap before GC invocations=10710 (full 3536):
 def new generation   total 1782400K, used 1115414K [0x00007fa0c8600000, 0x00007fa141400000, 0x00007fa61db50000)
  eden space 1584384K,  68% used [0x00007fa0c8600000, 0x00007fa10a46e1d0, 0x00007fa129140000)
  from space 198016K,  18% used [0x00007fa129140000, 0x00007fa12b417930, 0x00007fa1352a0000)
  to   space 198016K,   0% used [0x00007fa1352a0000, 0x00007fa1352a0000, 0x00007fa141400000)
 tenured generation   total 3960792K, used 3425051K [0x00007fa61db50000, 0x00007fa70f746000, 0x00007fb0c8600000)
   the space 3960792K,  86% used [0x00007fa61db50000, 0x00007fa6eec16c58, 0x00007fa6eec16e00, 0x00007fa70f746000)
 Metaspace       used 24326K, capacity 24779K, committed 24832K, reserved 26624K
}
Event: 24138.247 GC heap after
{Heap after GC invocations=10711 (full 3536):
 def new generation   total 1782400K, used 35678K [0x00007fa0c8600000, 0x00007fa141400000, 0x00007fa61db50000)
  eden space 1584384K,   0% used [0x00007fa0c8600000, 0x00007fa0c8600000, 0x00007fa129140000)
  from space 198016K,  18% used [0x00007fa1352a0000, 0x00007fa137577ba8, 0x00007fa141400000)
  to   space 198016K,   0% used [0x00007fa129140000, 0x00007fa129140000, 0x00007fa1352a0000)
 tenured generation   total 5009372K, used 4473627K [0x00007fa61db50000, 0x00007fa74f747000, 0x00007fb0c8600000)
   the space 5009372K,  89% used [0x00007fa61db50000, 0x00007fa72ec16c70, 0x00007fa72ec16e00, 0x00007fa74f747000)
 Metaspace       used 24326K, capacity 24779K, committed 24832K, reserved 26624K
}
Event: 24138.247 GC heap before
{Heap before GC invocations=10711 (full 3536):
 def new generation   total 1782400K, used 35678K [0x00007fa0c8600000, 0x00007fa141400000, 0x00007fa61db50000)
  eden space 1584384K,   0% used [0x00007fa0c8600000, 0x00007fa0c8600000, 0x00007fa129140000)
  from space 198016K,  18% used [0x00007fa1352a0000, 0x00007fa137577ba8, 0x00007fa141400000)
  to   space 198016K,   0% used [0x00007fa129140000, 0x00007fa129140000, 0x00007fa1352a0000)
 tenured generation   total 5009372K, used 4473627K [0x00007fa61db50000, 0x00007fa74f747000, 0x00007fb0c8600000)
   the space 5009372K,  89% used [0x00007fa61db50000, 0x00007fa72ec16c70, 0x00007fa72ec16e00, 0x00007fa74f747000)
 Metaspace       used 24326K, capacity 24779K, committed 24832K, reserved 26624K
}
Event: 24139.462 GC heap after
{Heap after GC invocations=10711 (full 3537):
 def new generation   total 1782464K, used 0K [0x00007fa0c8600000, 0x00007fa141410000, 0x00007fa61db50000)
  eden space 1584448K,   0% used [0x00007fa0c8600000, 0x00007fa0c8600000, 0x00007fa129150000)
  from space 198016K,   0% used [0x00007fa129150000, 0x00007fa129150000, 0x00007fa1352b0000)
  to   space 198016K,   0% used [0x00007fa1352b0000, 0x00007fa1352b0000, 0x00007fa141410000)
 tenured generation   total 3960924K, used 2376553K [0x00007fa61db50000, 0x00007fa70f767000, 0x00007fb0c8600000)
   the space 3960924K,  59% used [0x00007fa61db50000, 0x00007fa6aec2a6f0, 0x00007fa6aec2a800, 0x00007fa70f767000)
 Metaspace       used 24326K, capacity 24779K, committed 24832K, reserved 26624K
}
Event: 24141.404 GC heap before
{Heap before GC invocations=10711 (full 3537):
 def new generation   total 1782464K, used 1584448K [0x00007fa0c8600000, 0x00007fa141410000, 0x00007fa61db50000)
  eden space 1584448K, 100% used [0x00007fa0c8600000, 0x00007fa129150000, 0x00007fa129150000)
  from space 198016K,   0% used [0x00007fa129150000, 0x00007fa129150000, 0x00007fa1352b0000)
  to   space 198016K,   0% used [0x00007fa1352b0000, 0x00007fa1352b0000, 0x00007fa141410000)
 tenured generation   total 3960924K, used 2376553K [0x00007fa61db50000, 0x00007fa70f767000, 0x00007fb0c8600000)
   the space 3960924K,  59% used [0x00007fa61db50000, 0x00007fa6aec2a6f0, 0x00007fa6aec2a800, 0x00007fa70f767000)
 Metaspace       used 24326K, capacity 24779K, committed 24832K, reserved 26624K
}
Event: 24141.423 GC heap after
{Heap after GC invocations=10712 (full 3537):
 def new generation   total 1782464K, used 35701K [0x00007fa0c8600000, 0x00007fa141410000, 0x00007fa61db50000)
  eden space 1584448K,   0% used [0x00007fa0c8600000, 0x00007fa0c8600000, 0x00007fa129150000)
  from space 198016K,  18% used [0x00007fa1352b0000, 0x00007fa13758d430, 0x00007fa141410000)
  to   space 198016K,   0% used [0x00007fa129150000, 0x00007fa129150000, 0x00007fa1352b0000)
 tenured generation   total 3960924K, used 2376553K [0x00007fa61db50000, 0x00007fa70f767000, 0x00007fb0c8600000)
   the space 3960924K,  59% used [0x00007fa61db50000, 0x00007fa6aec2a6f0, 0x00007fa6aec2a800, 0x00007fa70f767000)
 Metaspace       used 24326K, capacity 24779K, committed 24832K, reserved 26624K
}
Event: 24142.455 GC heap before
{Heap before GC invocations=10712 (full 3537):
 def new generation   total 1782464K, used 1209607K [0x00007fa0c8600000, 0x00007fa141410000, 0x00007fa61db50000)
  eden space 1584448K,  74% used [0x00007fa0c8600000, 0x00007fa110064870, 0x00007fa129150000)
  from space 198016K,  18% used [0x00007fa1352b0000, 0x00007fa13758d430, 0x00007fa141410000)
  to   space 198016K,   0% used [0x00007fa129150000, 0x00007fa129150000, 0x00007fa1352b0000)
 tenured generation   total 3960924K, used 2376553K [0x00007fa61db50000, 0x00007fa70f767000, 0x00007fb0c8600000)
   the space 3960924K,  59% used [0x00007fa61db50000, 0x00007fa6aec2a6f0, 0x00007fa6aec2a800, 0x00007fa70f767000)
 Metaspace       used 24326K, capacity 24779K, committed 24832K, reserved 26624K
}
Event: 24142.920 GC heap after
{Heap after GC invocations=10713 (full 3537):
 def new generation   total 1782464K, used 35678K [0x00007fa0c8600000, 0x00007fa141410000, 0x00007fa61db50000)
  eden space 1584448K,   0% used [0x00007fa0c8600000, 0x00007fa0c8600000, 0x00007fa129150000)
  from space 198016K,  18% used [0x00007fa129150000, 0x00007fa12b427930, 0x00007fa1352b0000)
  to   space 198016K,   0% used [0x00007fa1352b0000, 0x00007fa1352b0000, 0x00007fa141410000)
 tenured generation   total 3960924K, used 3425129K [0x00007fa61db50000, 0x00007fa70f767000, 0x00007fb0c8600000)
   the space 3960924K,  86% used [0x00007fa61db50000, 0x00007fa6eec2a708, 0x00007fa6eec2a800, 0x00007fa70f767000)
 Metaspace       used 24326K, capacity 24779K, committed 24832K, reserved 26624K
}
Event: 24143.685 GC heap before
{Heap before GC invocations=10713 (full 3537):
 def new generation   total 1782464K, used 1115415K [0x00007fa0c8600000, 0x00007fa141410000, 0x00007fa61db50000)
  eden space 1584448K,  68% used [0x00007fa0c8600000, 0x00007fa10a46e518, 0x00007fa129150000)
  from space 198016K,  18% used [0x00007fa129150000, 0x00007fa12b427930, 0x00007fa1352b0000)
  to   space 198016K,   0% used [0x00007fa1352b0000, 0x00007fa1352b0000, 0x00007fa141410000)
 tenured generation   total 3960924K, used 3425129K [0x00007fa61db50000, 0x00007fa70f767000, 0x00007fb0c8600000)
   the space 3960924K,  86% used [0x00007fa61db50000, 0x00007fa6eec2a708, 0x00007fa6eec2a800, 0x00007fa70f767000)
 Metaspace       used 24326K, capacity 24779K, committed 24832K, reserved 26624K
}

