# JRE version: OpenJDK Runtime Environment (13.0.7+5) (build 13.0.7+5-Ubuntu-0ubuntu120.04)
# Java VM: OpenJDK 64-Bit Server VM (13.0.7+5-Ubuntu-0ubuntu120.04, mixed mode, tiered, serial gc, linux-amd64)
Heap:
 def new generation   total 12642752K, used 0K [0x00007fbd44600000, 0x00007fc09dc40000, 0x00007fc299b50000)
  eden space 11238016K,   0% used [0x00007fbd44600000, 0x00007fbd44600000, 0x00007fbff24a0000)
  from space 1404736K,   0% used [0x00007fc048070000, 0x00007fc048070000, 0x00007fc09dc40000)
  to   space 1404736K,   0% used [0x00007fbff24a0000, 0x00007fbff24a0000, 0x00007fc048070000)
 tenured generation   total 28237620K, used 26636955K [0x00007fc299b50000, 0x00007fc95531d000, 0x00007fcd44600000)
   the space 28237620K,  94% used [0x00007fc299b50000, 0x00007fc8f37f6f50, 0x00007fc8f37f7000, 0x00007fc95531d000)
 Metaspace       used 30033K, capacity 30434K, committed 30720K, reserved 30720K
GC Heap History (20 events):
Event: 1737.674 GC heap after
{Heap after GC invocations=82 (full 7):
 def new generation   total 12642752K, used 942193K [0x00007fbd44600000, 0x00007fc09dc40000, 0x00007fc299b50000)
  eden space 11238016K,   0% used [0x00007fbd44600000, 0x00007fbd44600000, 0x00007fbff24a0000)
  from space 1404736K,  67% used [0x00007fbff24a0000, 0x00007fc02bcbc590, 0x00007fc048070000)
  to   space 1404736K,   0% used [0x00007fc048070000, 0x00007fc048070000, 0x00007fc09dc40000)
 tenured generation   total 28094964K, used 19759744K [0x00007fc299b50000, 0x00007fc94c7cd000, 0x00007fcd44600000)
   the space 28094964K,  70% used [0x00007fc299b50000, 0x00007fc74fbf02e8, 0x00007fc74fbf0400, 0x00007fc94c7cd000)
 Metaspace       used 30033K, capacity 30434K, committed 30720K, reserved 30720K
}
Event: 1740.936 GC heap before
{Heap before GC invocations=82 (full 7):
 def new generation   total 12642752K, used 12180209K [0x00007fbd44600000, 0x00007fc09dc40000, 0x00007fc299b50000)
  eden space 11238016K, 100% used [0x00007fbd44600000, 0x00007fbff24a0000, 0x00007fbff24a0000)
  from space 1404736K,  67% used [0x00007fbff24a0000, 0x00007fc02bcbc590, 0x00007fc048070000)
  to   space 1404736K,   0% used [0x00007fc048070000, 0x00007fc048070000, 0x00007fc09dc40000)
 tenured generation   total 28094964K, used 19759744K [0x00007fc299b50000, 0x00007fc94c7cd000, 0x00007fcd44600000)
   the space 28094964K,  70% used [0x00007fc299b50000, 0x00007fc74fbf02e8, 0x00007fc74fbf0400, 0x00007fc94c7cd000)
 Metaspace       used 30033K, capacity 30434K, committed 30720K, reserved 30720K
}
Event: 1744.065 GC heap after
{Heap after GC invocations=83 (full 7):
 def new generation   total 12642752K, used 960536K [0x00007fbd44600000, 0x00007fc09dc40000, 0x00007fc299b50000)
  eden space 11238016K,   0% used [0x00007fbd44600000, 0x00007fbd44600000, 0x00007fbff24a0000)
  from space 1404736K,  68% used [0x00007fc048070000, 0x00007fc082a76150, 0x00007fc09dc40000)
  to   space 1404736K,   0% used [0x00007fbff24a0000, 0x00007fbff24a0000, 0x00007fc048070000)
 tenured generation   total 28094964K, used 20701937K [0x00007fc299b50000, 0x00007fc94c7cd000, 0x00007fcd44600000)
   the space 28094964K,  73% used [0x00007fc299b50000, 0x00007fc78940c6b8, 0x00007fc78940c800, 0x00007fc94c7cd000)
 Metaspace       used 30033K, capacity 30434K, committed 30720K, reserved 30720K
}
Event: 1747.389 GC heap before
{Heap before GC invocations=83 (full 7):
 def new generation   total 12642752K, used 12198552K [0x00007fbd44600000, 0x00007fc09dc40000, 0x00007fc299b50000)
  eden space 11238016K, 100% used [0x00007fbd44600000, 0x00007fbff24a0000, 0x00007fbff24a0000)
  from space 1404736K,  68% used [0x00007fc048070000, 0x00007fc082a76150, 0x00007fc09dc40000)
  to   space 1404736K,   0% used [0x00007fbff24a0000, 0x00007fbff24a0000, 0x00007fc048070000)
 tenured generation   total 28094964K, used 20701937K [0x00007fc299b50000, 0x00007fc94c7cd000, 0x00007fcd44600000)
   the space 28094964K,  73% used [0x00007fc299b50000, 0x00007fc78940c6b8, 0x00007fc78940c800, 0x00007fc94c7cd000)
 Metaspace       used 30033K, capacity 30434K, committed 30720K, reserved 30720K
}
Event: 1750.758 GC heap after
{Heap after GC invocations=84 (full 7):
 def new generation   total 12642752K, used 967646K [0x00007fbd44600000, 0x00007fc09dc40000, 0x00007fc299b50000)
  eden space 11238016K,   0% used [0x00007fbd44600000, 0x00007fbd44600000, 0x00007fbff24a0000)
  from space 1404736K,  68% used [0x00007fbff24a0000, 0x00007fc02d5978f0, 0x00007fc048070000)
  to   space 1404736K,   0% used [0x00007fc048070000, 0x00007fc048070000, 0x00007fc09dc40000)
 tenured generation   total 28094964K, used 21662473K [0x00007fc299b50000, 0x00007fc94c7cd000, 0x00007fcd44600000)
   the space 28094964K,  77% used [0x00007fc299b50000, 0x00007fc7c3e12558, 0x00007fc7c3e12600, 0x00007fc94c7cd000)
 Metaspace       used 30033K, capacity 30434K, committed 30720K, reserved 30720K
}
Event: 1754.084 GC heap before
{Heap before GC invocations=84 (full 7):
 def new generation   total 12642752K, used 12205662K [0x00007fbd44600000, 0x00007fc09dc40000, 0x00007fc299b50000)
  eden space 11238016K, 100% used [0x00007fbd44600000, 0x00007fbff24a0000, 0x00007fbff24a0000)
  from space 1404736K,  68% used [0x00007fbff24a0000, 0x00007fc02d5978f0, 0x00007fc048070000)
  to   space 1404736K,   0% used [0x00007fc048070000, 0x00007fc048070000, 0x00007fc09dc40000)
 tenured generation   total 28094964K, used 21662473K [0x00007fc299b50000, 0x00007fc94c7cd000, 0x00007fcd44600000)
   the space 28094964K,  77% used [0x00007fc299b50000, 0x00007fc7c3e12558, 0x00007fc7c3e12600, 0x00007fc94c7cd000)
 Metaspace       used 30033K, capacity 30434K, committed 30720K, reserved 30720K
}
Event: 1756.896 GC heap after
{Heap after GC invocations=85 (full 7):
 def new generation   total 12642752K, used 923501K [0x00007fbd44600000, 0x00007fc09dc40000, 0x00007fc299b50000)
  eden space 11238016K,   0% used [0x00007fbd44600000, 0x00007fbd44600000, 0x00007fbff24a0000)
  from space 1404736K,  65% used [0x00007fc048070000, 0x00007fc08064b7b0, 0x00007fc09dc40000)
  to   space 1404736K,   0% used [0x00007fbff24a0000, 0x00007fbff24a0000, 0x00007fc048070000)
 tenured generation   total 28094964K, used 22630119K [0x00007fc299b50000, 0x00007fc94c7cd000, 0x00007fcd44600000)
   the space 28094964K,  80% used [0x00007fc299b50000, 0x00007fc7fef09cc8, 0x00007fc7fef09e00, 0x00007fc94c7cd000)
 Metaspace       used 30033K, capacity 30434K, committed 30720K, reserved 30720K
}
Event: 1759.993 GC heap before
{Heap before GC invocations=85 (full 7):
 def new generation   total 12642752K, used 12161517K [0x00007fbd44600000, 0x00007fc09dc40000, 0x00007fc299b50000)
  eden space 11238016K, 100% used [0x00007fbd44600000, 0x00007fbff24a0000, 0x00007fbff24a0000)
  from space 1404736K,  65% used [0x00007fc048070000, 0x00007fc08064b7b0, 0x00007fc09dc40000)
  to   space 1404736K,   0% used [0x00007fbff24a0000, 0x00007fbff24a0000, 0x00007fc048070000)
 tenured generation   total 28094964K, used 22630119K [0x00007fc299b50000, 0x00007fc94c7cd000, 0x00007fcd44600000)
   the space 28094964K,  80% used [0x00007fc299b50000, 0x00007fc7fef09cc8, 0x00007fc7fef09e00, 0x00007fc94c7cd000)
 Metaspace       used 30033K, capacity 30434K, committed 30720K, reserved 30720K
}
Event: 1762.835 GC heap after
{Heap after GC invocations=86 (full 7):
 def new generation   total 12642752K, used 927388K [0x00007fbd44600000, 0x00007fc09dc40000, 0x00007fc299b50000)
  eden space 11238016K,   0% used [0x00007fbd44600000, 0x00007fbd44600000, 0x00007fbff24a0000)
  from space 1404736K,  66% used [0x00007fbff24a0000, 0x00007fc02ae47390, 0x00007fc048070000)
  to   space 1404736K,   0% used [0x00007fc048070000, 0x00007fc048070000, 0x00007fc09dc40000)
 tenured generation   total 28094964K, used 23553620K [0x00007fc299b50000, 0x00007fc94c7cd000, 0x00007fcd44600000)
   the space 28094964K,  83% used [0x00007fc299b50000, 0x00007fc8374e5268, 0x00007fc8374e5400, 0x00007fc94c7cd000)
 Metaspace       used 30033K, capacity 30434K, committed 30720K, reserved 30720K
}
Event: 1765.769 GC heap before
{Heap before GC invocations=86 (full 7):
 def new generation   total 12642752K, used 12165404K [0x00007fbd44600000, 0x00007fc09dc40000, 0x00007fc299b50000)
  eden space 11238016K, 100% used [0x00007fbd44600000, 0x00007fbff24a0000, 0x00007fbff24a0000)
  from space 1404736K,  66% used [0x00007fbff24a0000, 0x00007fc02ae47390, 0x00007fc048070000)
  to   space 1404736K,   0% used [0x00007fc048070000, 0x00007fc048070000, 0x00007fc09dc40000)
 tenured generation   total 28094964K, used 23553620K [0x00007fc299b50000, 0x00007fc94c7cd000, 0x00007fcd44600000)
   the space 28094964K,  83% used [0x00007fc299b50000, 0x00007fc8374e5268, 0x00007fc8374e5400, 0x00007fc94c7cd000)
 Metaspace       used 30033K, capacity 30434K, committed 30720K, reserved 30720K
}
Event: 1768.580 GC heap after
{Heap after GC invocations=87 (full 7):
 def new generation   total 12642752K, used 929134K [0x00007fbd44600000, 0x00007fc09dc40000, 0x00007fc299b50000)
  eden space 11238016K,   0% used [0x00007fbd44600000, 0x00007fbd44600000, 0x00007fbff24a0000)
  from space 1404736K,  66% used [0x00007fc048070000, 0x00007fc080bcbab0, 0x00007fc09dc40000)
  to   space 1404736K,   0% used [0x00007fbff24a0000, 0x00007fbff24a0000, 0x00007fc048070000)
 tenured generation   total 28094964K, used 24481009K [0x00007fc299b50000, 0x00007fc94c7cd000, 0x00007fcd44600000)
   the space 28094964K,  87% used [0x00007fc299b50000, 0x00007fc86fe8c478, 0x00007fc86fe8c600, 0x00007fc94c7cd000)
 Metaspace       used 30033K, capacity 30434K, committed 30720K, reserved 30720K
}
Event: 1771.766 GC heap before
{Heap before GC invocations=87 (full 7):
 def new generation   total 12642752K, used 12167150K [0x00007fbd44600000, 0x00007fc09dc40000, 0x00007fc299b50000)
  eden space 11238016K, 100% used [0x00007fbd44600000, 0x00007fbff24a0000, 0x00007fbff24a0000)
  from space 1404736K,  66% used [0x00007fc048070000, 0x00007fc080bcbab0, 0x00007fc09dc40000)
  to   space 1404736K,   0% used [0x00007fbff24a0000, 0x00007fbff24a0000, 0x00007fc048070000)
 tenured generation   total 28094964K, used 24481009K [0x00007fc299b50000, 0x00007fc94c7cd000, 0x00007fcd44600000)
   the space 28094964K,  87% used [0x00007fc299b50000, 0x00007fc86fe8c478, 0x00007fc86fe8c600, 0x00007fc94c7cd000)
 Metaspace       used 30033K, capacity 30434K, committed 30720K, reserved 30720K
}
Event: 1774.667 GC heap after
{Heap after GC invocations=88 (full 7):
 def new generation   total 12642752K, used 948395K [0x00007fbd44600000, 0x00007fc09dc40000, 0x00007fc299b50000)
  eden space 11238016K,   0% used [0x00007fbd44600000, 0x00007fbd44600000, 0x00007fbff24a0000)
  from space 1404736K,  67% used [0x00007fbff24a0000, 0x00007fc02c2caeb0, 0x00007fc048070000)
  to   space 1404736K,   0% used [0x00007fc048070000, 0x00007fc048070000, 0x00007fc09dc40000)
 tenured generation   total 28094964K, used 25410143K [0x00007fc299b50000, 0x00007fc94c7cd000, 0x00007fcd44600000)
   the space 28094964K,  90% used [0x00007fc299b50000, 0x00007fc8a89e7e28, 0x00007fc8a89e8000, 0x00007fc94c7cd000)
 Metaspace       used 30033K, capacity 30434K, committed 30720K, reserved 30720K
}
Event: 1777.656 GC heap before
{Heap before GC invocations=88 (full 7):
 def new generation   total 12642752K, used 12186411K [0x00007fbd44600000, 0x00007fc09dc40000, 0x00007fc299b50000)
  eden space 11238016K, 100% used [0x00007fbd44600000, 0x00007fbff24a0000, 0x00007fbff24a0000)
  from space 1404736K,  67% used [0x00007fbff24a0000, 0x00007fc02c2caeb0, 0x00007fc048070000)
  to   space 1404736K,   0% used [0x00007fc048070000, 0x00007fc048070000, 0x00007fc09dc40000)
 tenured generation   total 28094964K, used 25410143K [0x00007fc299b50000, 0x00007fc94c7cd000, 0x00007fcd44600000)
   the space 28094964K,  90% used [0x00007fc299b50000, 0x00007fc8a89e7e28, 0x00007fc8a89e8000, 0x00007fc94c7cd000)
 Metaspace       used 30033K, capacity 30434K, committed 30720K, reserved 30720K
}
Event: 1780.565 GC heap after
{Heap after GC invocations=89 (full 7):
 def new generation   total 12642752K, used 933597K [0x00007fbd44600000, 0x00007fc09dc40000, 0x00007fc299b50000)
  eden space 11238016K,   0% used [0x00007fbd44600000, 0x00007fbd44600000, 0x00007fbff24a0000)
  from space 1404736K,  66% used [0x00007fc048070000, 0x00007fc081027620, 0x00007fc09dc40000)
  to   space 1404736K,   0% used [0x00007fbff24a0000, 0x00007fbff24a0000, 0x00007fc048070000)
 tenured generation   total 28094964K, used 26358538K [0x00007fc299b50000, 0x00007fc94c7cd000, 0x00007fcd44600000)
   the space 28094964K,  93% used [0x00007fc299b50000, 0x00007fc8e2812bd8, 0x00007fc8e2812c00, 0x00007fc94c7cd000)
 Metaspace       used 30033K, capacity 30434K, committed 30720K, reserved 30720K
}
Event: 1783.639 GC heap before
{Heap before GC invocations=89 (full 7):
 def new generation   total 12642752K, used 12171613K [0x00007fbd44600000, 0x00007fc09dc40000, 0x00007fc299b50000)
  eden space 11238016K, 100% used [0x00007fbd44600000, 0x00007fbff24a0000, 0x00007fbff24a0000)
  from space 1404736K,  66% used [0x00007fc048070000, 0x00007fc081027620, 0x00007fc09dc40000)
  to   space 1404736K,   0% used [0x00007fbff24a0000, 0x00007fbff24a0000, 0x00007fc048070000)
 tenured generation   total 28094964K, used 26358538K [0x00007fc299b50000, 0x00007fc94c7cd000, 0x00007fcd44600000)
   the space 28094964K,  93% used [0x00007fc299b50000, 0x00007fc8e2812bd8, 0x00007fc8e2812c00, 0x00007fc94c7cd000)
 Metaspace       used 30033K, capacity 30434K, committed 30720K, reserved 30720K
}
Event: 1786.555 GC heap after
{Heap after GC invocations=90 (full 7):
 def new generation   total 12642752K, used 945337K [0x00007fbd44600000, 0x00007fc09dc40000, 0x00007fc299b50000)
  eden space 11238016K,   0% used [0x00007fbd44600000, 0x00007fbd44600000, 0x00007fbff24a0000)
  from space 1404736K,  67% used [0x00007fbff24a0000, 0x00007fc02bfce690, 0x00007fc048070000)
  to   space 1404736K,   0% used [0x00007fc048070000, 0x00007fc048070000, 0x00007fc09dc40000)
 tenured generation   total 28094964K, used 27292135K [0x00007fc299b50000, 0x00007fc94c7cd000, 0x00007fcd44600000)
   the space 28094964K,  97% used [0x00007fc299b50000, 0x00007fc91b7c9f08, 0x00007fc91b7ca000, 0x00007fc94c7cd000)
 Metaspace       used 30033K, capacity 30434K, committed 30720K, reserved 30720K
}
Event: 1789.692 GC heap before
{Heap before GC invocations=90 (full 7):
 def new generation   total 12642752K, used 12183353K [0x00007fbd44600000, 0x00007fc09dc40000, 0x00007fc299b50000)
  eden space 11238016K, 100% used [0x00007fbd44600000, 0x00007fbff24a0000, 0x00007fbff24a0000)
  from space 1404736K,  67% used [0x00007fbff24a0000, 0x00007fc02bfce690, 0x00007fc048070000)
  to   space 1404736K,   0% used [0x00007fc048070000, 0x00007fc048070000, 0x00007fc09dc40000)
 tenured generation   total 28094964K, used 27292135K [0x00007fc299b50000, 0x00007fc94c7cd000, 0x00007fcd44600000)
   the space 28094964K,  97% used [0x00007fc299b50000, 0x00007fc91b7c9f08, 0x00007fc91b7ca000, 0x00007fc94c7cd000)
 Metaspace       used 30033K, capacity 30434K, committed 30720K, reserved 30720K
}
Event: 1792.743 GC heap after
{Heap after GC invocations=91 (full 7):
 def new generation   total 12642752K, used 986647K [0x00007fbd44600000, 0x00007fc09dc40000, 0x00007fc299b50000)
  eden space 11238016K,   0% used [0x00007fbd44600000, 0x00007fbd44600000, 0x00007fbff24a0000)
  from space 1404736K,  70% used [0x00007fc048070000, 0x00007fc0843f5eb0, 0x00007fc09dc40000)
  to   space 1404736K,   0% used [0x00007fbff24a0000, 0x00007fbff24a0000, 0x00007fc048070000)
 tenured generation   total 28237620K, used 28237472K [0x00007fc299b50000, 0x00007fc95531d000, 0x00007fcd44600000)
   the space 28237620K,  99% used [0x00007fc299b50000, 0x00007fc9552f8348, 0x00007fc9552f8400, 0x00007fc95531d000)
 Metaspace       used 30033K, capacity 30434K, committed 30720K, reserved 30720K
}
Event: 1792.743 GC heap before
{Heap before GC invocations=91 (full 7):
 def new generation   total 12642752K, used 986647K [0x00007fbd44600000, 0x00007fc09dc40000, 0x00007fc299b50000)
  eden space 11238016K,   0% used [0x00007fbd44600000, 0x00007fbd44600000, 0x00007fbff24a0000)
  from space 1404736K,  70% used [0x00007fc048070000, 0x00007fc0843f5eb0, 0x00007fc09dc40000)
  to   space 1404736K,   0% used [0x00007fbff24a0000, 0x00007fbff24a0000, 0x00007fc048070000)
 tenured generation   total 28237620K, used 28237472K [0x00007fc299b50000, 0x00007fc95531d000, 0x00007fcd44600000)
   the space 28237620K,  99% used [0x00007fc299b50000, 0x00007fc9552f8348, 0x00007fc9552f8400, 0x00007fc95531d000)
 Metaspace       used 30033K, capacity 30434K, committed 30720K, reserved 30720K
}

