# JRE version: OpenJDK Runtime Environment (13.0.7+5) (build 13.0.7+5-Ubuntu-0ubuntu120.04)
# Java VM: OpenJDK 64-Bit Server VM (13.0.7+5-Ubuntu-0ubuntu120.04, mixed mode, tiered, serial gc, linux-amd64)
Heap:
 def new generation   total 2912064K, used 26550K [0x00007fa6ac600000, 0x00007fa771dc0000, 0x00007fac01b50000)
  eden space 2588544K,   1% used [0x00007fa6ac600000, 0x00007fa6adfedb90, 0x00007fa74a5e0000)
  from space 323520K,   0% used [0x00007fa75e1d0000, 0x00007fa75e1d0000, 0x00007fa771dc0000)
  to   space 323520K,   0% used [0x00007fa74a5e0000, 0x00007fa74a5e0000, 0x00007fa75e1d0000)
 tenured generation   total 6471868K, used 6471868K [0x00007fac01b50000, 0x00007fad8cb7f000, 0x00007fb6ac600000)
   the space 6471868K, 100% used [0x00007fac01b50000, 0x00007fad8cb7f000, 0x00007fad8cb7f000, 0x00007fad8cb7f000)
 Metaspace       used 24323K, capacity 24711K, committed 24832K, reserved 26624K
GC Heap History (20 events):
Event: 3913.307 GC heap after
{Heap after GC invocations=6443 (full 4):
 def new generation   total 2912064K, used 33591K [0x00007fa6ac600000, 0x00007fa771dc0000, 0x00007fac01b50000)
  eden space 2588544K,   0% used [0x00007fa6ac600000, 0x00007fa6ac600000, 0x00007fa74a5e0000)
  from space 323520K,  10% used [0x00007fa74a5e0000, 0x00007fa74c6adcf8, 0x00007fa75e1d0000)
  to   space 323520K,   0% used [0x00007fa75e1d0000, 0x00007fa75e1d0000, 0x00007fa771dc0000)
 tenured generation   total 6471100K, used 6448038K [0x00007fac01b50000, 0x00007fad8cabf000, 0x00007fb6ac600000)
   the space 6471100K,  99% used [0x00007fac01b50000, 0x00007fad8b439b80, 0x00007fad8b439c00, 0x00007fad8cabf000)
 Metaspace       used 24323K, capacity 24711K, committed 24832K, reserved 26624K
}
Event: 3914.544 GC heap before
{Heap before GC invocations=6443 (full 4):
 def new generation   total 2912064K, used 2622135K [0x00007fa6ac600000, 0x00007fa771dc0000, 0x00007fac01b50000)
  eden space 2588544K, 100% used [0x00007fa6ac600000, 0x00007fa74a5e0000, 0x00007fa74a5e0000)
  from space 323520K,  10% used [0x00007fa74a5e0000, 0x00007fa74c6adcf8, 0x00007fa75e1d0000)
  to   space 323520K,   0% used [0x00007fa75e1d0000, 0x00007fa75e1d0000, 0x00007fa771dc0000)
 tenured generation   total 6471100K, used 6448038K [0x00007fac01b50000, 0x00007fad8cabf000, 0x00007fb6ac600000)
   the space 6471100K,  99% used [0x00007fac01b50000, 0x00007fad8b439b80, 0x00007fad8b439c00, 0x00007fad8cabf000)
 Metaspace       used 24323K, capacity 24711K, committed 24832K, reserved 26624K
}
Event: 3914.589 GC heap after
{Heap after GC invocations=6444 (full 4):
 def new generation   total 2912064K, used 33230K [0x00007fa6ac600000, 0x00007fa771dc0000, 0x00007fac01b50000)
  eden space 2588544K,   0% used [0x00007fa6ac600000, 0x00007fa6ac600000, 0x00007fa74a5e0000)
  from space 323520K,  10% used [0x00007fa75e1d0000, 0x00007fa760243a80, 0x00007fa771dc0000)
  to   space 323520K,   0% used [0x00007fa74a5e0000, 0x00007fa74a5e0000, 0x00007fa75e1d0000)
 tenured generation   total 6471100K, used 6450350K [0x00007fac01b50000, 0x00007fad8cabf000, 0x00007fb6ac600000)
   the space 6471100K,  99% used [0x00007fac01b50000, 0x00007fad8b67b998, 0x00007fad8b67ba00, 0x00007fad8cabf000)
 Metaspace       used 24323K, capacity 24711K, committed 24832K, reserved 26624K
}
Event: 3915.821 GC heap before
{Heap before GC invocations=6444 (full 4):
 def new generation   total 2912064K, used 2621774K [0x00007fa6ac600000, 0x00007fa771dc0000, 0x00007fac01b50000)
  eden space 2588544K, 100% used [0x00007fa6ac600000, 0x00007fa74a5e0000, 0x00007fa74a5e0000)
  from space 323520K,  10% used [0x00007fa75e1d0000, 0x00007fa760243a80, 0x00007fa771dc0000)
  to   space 323520K,   0% used [0x00007fa74a5e0000, 0x00007fa74a5e0000, 0x00007fa75e1d0000)
 tenured generation   total 6471100K, used 6450350K [0x00007fac01b50000, 0x00007fad8cabf000, 0x00007fb6ac600000)
   the space 6471100K,  99% used [0x00007fac01b50000, 0x00007fad8b67b998, 0x00007fad8b67ba00, 0x00007fad8cabf000)
 Metaspace       used 24323K, capacity 24711K, committed 24832K, reserved 26624K
}
Event: 3915.841 GC heap after
{Heap after GC invocations=6445 (full 4):
 def new generation   total 2912064K, used 32775K [0x00007fa6ac600000, 0x00007fa771dc0000, 0x00007fac01b50000)
  eden space 2588544K,   0% used [0x00007fa6ac600000, 0x00007fa6ac600000, 0x00007fa74a5e0000)
  from space 323520K,  10% used [0x00007fa74a5e0000, 0x00007fa74c5e1f30, 0x00007fa75e1d0000)
  to   space 323520K,   0% used [0x00007fa75e1d0000, 0x00007fa75e1d0000, 0x00007fa771dc0000)
 tenured generation   total 6471100K, used 6452662K [0x00007fac01b50000, 0x00007fad8cabf000, 0x00007fb6ac600000)
   the space 6471100K,  99% used [0x00007fac01b50000, 0x00007fad8b8bd9f0, 0x00007fad8b8bda00, 0x00007fad8cabf000)
 Metaspace       used 24323K, capacity 24711K, committed 24832K, reserved 26624K
}
Event: 3917.811 GC heap before
{Heap before GC invocations=6445 (full 4):
 def new generation   total 2912064K, used 2621319K [0x00007fa6ac600000, 0x00007fa771dc0000, 0x00007fac01b50000)
  eden space 2588544K, 100% used [0x00007fa6ac600000, 0x00007fa74a5e0000, 0x00007fa74a5e0000)
  from space 323520K,  10% used [0x00007fa74a5e0000, 0x00007fa74c5e1f30, 0x00007fa75e1d0000)
  to   space 323520K,   0% used [0x00007fa75e1d0000, 0x00007fa75e1d0000, 0x00007fa771dc0000)
 tenured generation   total 6471100K, used 6452662K [0x00007fac01b50000, 0x00007fad8cabf000, 0x00007fb6ac600000)
   the space 6471100K,  99% used [0x00007fac01b50000, 0x00007fad8b8bd9f0, 0x00007fad8b8bda00, 0x00007fad8cabf000)
 Metaspace       used 24323K, capacity 24711K, committed 24832K, reserved 26624K
}
Event: 3917.846 GC heap after
{Heap after GC invocations=6446 (full 4):
 def new generation   total 2912064K, used 32395K [0x00007fa6ac600000, 0x00007fa771dc0000, 0x00007fac01b50000)
  eden space 2588544K,   0% used [0x00007fa6ac600000, 0x00007fa6ac600000, 0x00007fa74a5e0000)
  from space 323520K,  10% used [0x00007fa75e1d0000, 0x00007fa760172ca8, 0x00007fa771dc0000)
  to   space 323520K,   0% used [0x00007fa74a5e0000, 0x00007fa74a5e0000, 0x00007fa75e1d0000)
 tenured generation   total 6471100K, used 6454888K [0x00007fac01b50000, 0x00007fad8cabf000, 0x00007fb6ac600000)
   the space 6471100K,  99% used [0x00007fac01b50000, 0x00007fad8baea3c0, 0x00007fad8baea400, 0x00007fad8cabf000)
 Metaspace       used 24323K, capacity 24711K, committed 24832K, reserved 26624K
}
Event: 3919.082 GC heap before
{Heap before GC invocations=6446 (full 4):
 def new generation   total 2912064K, used 2620939K [0x00007fa6ac600000, 0x00007fa771dc0000, 0x00007fac01b50000)
  eden space 2588544K, 100% used [0x00007fa6ac600000, 0x00007fa74a5e0000, 0x00007fa74a5e0000)
  from space 323520K,  10% used [0x00007fa75e1d0000, 0x00007fa760172ca8, 0x00007fa771dc0000)
  to   space 323520K,   0% used [0x00007fa74a5e0000, 0x00007fa74a5e0000, 0x00007fa75e1d0000)
 tenured generation   total 6471100K, used 6454888K [0x00007fac01b50000, 0x00007fad8cabf000, 0x00007fb6ac600000)
   the space 6471100K,  99% used [0x00007fac01b50000, 0x00007fad8baea3c0, 0x00007fad8baea400, 0x00007fad8cabf000)
 Metaspace       used 24323K, capacity 24711K, committed 24832K, reserved 26624K
}
Event: 3919.101 GC heap after
{Heap after GC invocations=6447 (full 4):
 def new generation   total 2912064K, used 31949K [0x00007fa6ac600000, 0x00007fa771dc0000, 0x00007fac01b50000)
  eden space 2588544K,   0% used [0x00007fa6ac600000, 0x00007fa6ac600000, 0x00007fa74a5e0000)
  from space 323520K,   9% used [0x00007fa74a5e0000, 0x00007fa74c513438, 0x00007fa75e1d0000)
  to   space 323520K,   0% used [0x00007fa75e1d0000, 0x00007fa75e1d0000, 0x00007fa771dc0000)
 tenured generation   total 6471100K, used 6457201K [0x00007fac01b50000, 0x00007fad8cabf000, 0x00007fb6ac600000)
   the space 6471100K,  99% used [0x00007fac01b50000, 0x00007fad8bd2c418, 0x00007fad8bd2c600, 0x00007fad8cabf000)
 Metaspace       used 24323K, capacity 24711K, committed 24832K, reserved 26624K
}
Event: 3920.305 GC heap before
{Heap before GC invocations=6447 (full 4):
 def new generation   total 2912064K, used 2620493K [0x00007fa6ac600000, 0x00007fa771dc0000, 0x00007fac01b50000)
  eden space 2588544K, 100% used [0x00007fa6ac600000, 0x00007fa74a5e0000, 0x00007fa74a5e0000)
  from space 323520K,   9% used [0x00007fa74a5e0000, 0x00007fa74c513438, 0x00007fa75e1d0000)
  to   space 323520K,   0% used [0x00007fa75e1d0000, 0x00007fa75e1d0000, 0x00007fa771dc0000)
 tenured generation   total 6471100K, used 6457201K [0x00007fac01b50000, 0x00007fad8cabf000, 0x00007fb6ac600000)
   the space 6471100K,  99% used [0x00007fac01b50000, 0x00007fad8bd2c418, 0x00007fad8bd2c600, 0x00007fad8cabf000)
 Metaspace       used 24323K, capacity 24711K, committed 24832K, reserved 26624K
}
Event: 3920.324 GC heap after
{Heap after GC invocations=6448 (full 4):
 def new generation   total 2912064K, used 30782K [0x00007fa6ac600000, 0x00007fa771dc0000, 0x00007fac01b50000)
  eden space 2588544K,   0% used [0x00007fa6ac600000, 0x00007fa6ac600000, 0x00007fa74a5e0000)
  from space 323520K,   9% used [0x00007fa75e1d0000, 0x00007fa75ffdfba8, 0x00007fa771dc0000)
  to   space 323520K,   0% used [0x00007fa74a5e0000, 0x00007fa74a5e0000, 0x00007fa75e1d0000)
 tenured generation   total 6471100K, used 6460112K [0x00007fac01b50000, 0x00007fad8cabf000, 0x00007fb6ac600000)
   the space 6471100K,  99% used [0x00007fac01b50000, 0x00007fad8c004138, 0x00007fad8c004200, 0x00007fad8cabf000)
 Metaspace       used 24323K, capacity 24711K, committed 24832K, reserved 26624K
}
Event: 3922.322 GC heap before
{Heap before GC invocations=6448 (full 4):
 def new generation   total 2912064K, used 2619326K [0x00007fa6ac600000, 0x00007fa771dc0000, 0x00007fac01b50000)
  eden space 2588544K, 100% used [0x00007fa6ac600000, 0x00007fa74a5e0000, 0x00007fa74a5e0000)
  from space 323520K,   9% used [0x00007fa75e1d0000, 0x00007fa75ffdfba8, 0x00007fa771dc0000)
  to   space 323520K,   0% used [0x00007fa74a5e0000, 0x00007fa74a5e0000, 0x00007fa75e1d0000)
 tenured generation   total 6471100K, used 6460112K [0x00007fac01b50000, 0x00007fad8cabf000, 0x00007fb6ac600000)
   the space 6471100K,  99% used [0x00007fac01b50000, 0x00007fad8c004138, 0x00007fad8c004200, 0x00007fad8cabf000)
 Metaspace       used 24323K, capacity 24711K, committed 24832K, reserved 26624K
}
Event: 3922.351 GC heap after
{Heap after GC invocations=6449 (full 4):
 def new generation   total 2912064K, used 28891K [0x00007fa6ac600000, 0x00007fa771dc0000, 0x00007fac01b50000)
  eden space 2588544K,   0% used [0x00007fa6ac600000, 0x00007fa6ac600000, 0x00007fa74a5e0000)
  from space 323520K,   8% used [0x00007fa74a5e0000, 0x00007fa74c216f58, 0x00007fa75e1d0000)
  to   space 323520K,   0% used [0x00007fa75e1d0000, 0x00007fa75e1d0000, 0x00007fa771dc0000)
 tenured generation   total 6471100K, used 6463953K [0x00007fac01b50000, 0x00007fad8cabf000, 0x00007fb6ac600000)
   the space 6471100K,  99% used [0x00007fac01b50000, 0x00007fad8c3c4480, 0x00007fad8c3c4600, 0x00007fad8cabf000)
 Metaspace       used 24323K, capacity 24711K, committed 24832K, reserved 26624K
}
Event: 3923.571 GC heap before
{Heap before GC invocations=6449 (full 4):
 def new generation   total 2912064K, used 2617435K [0x00007fa6ac600000, 0x00007fa771dc0000, 0x00007fac01b50000)
  eden space 2588544K, 100% used [0x00007fa6ac600000, 0x00007fa74a5e0000, 0x00007fa74a5e0000)
  from space 323520K,   8% used [0x00007fa74a5e0000, 0x00007fa74c216f58, 0x00007fa75e1d0000)
  to   space 323520K,   0% used [0x00007fa75e1d0000, 0x00007fa75e1d0000, 0x00007fa771dc0000)
 tenured generation   total 6471100K, used 6463953K [0x00007fac01b50000, 0x00007fad8cabf000, 0x00007fb6ac600000)
   the space 6471100K,  99% used [0x00007fac01b50000, 0x00007fad8c3c4480, 0x00007fad8c3c4600, 0x00007fad8cabf000)
 Metaspace       used 24323K, capacity 24711K, committed 24832K, reserved 26624K
}
Event: 3923.587 GC heap after
{Heap after GC invocations=6450 (full 4):
 def new generation   total 2912064K, used 26939K [0x00007fa6ac600000, 0x00007fa771dc0000, 0x00007fac01b50000)
  eden space 2588544K,   0% used [0x00007fa6ac600000, 0x00007fa6ac600000, 0x00007fa74a5e0000)
  from space 323520K,   8% used [0x00007fa75e1d0000, 0x00007fa75fc1ed60, 0x00007fa771dc0000)
  to   space 323520K,   0% used [0x00007fa74a5e0000, 0x00007fa74a5e0000, 0x00007fa75e1d0000)
 tenured generation   total 6471100K, used 6467793K [0x00007fac01b50000, 0x00007fad8cabf000, 0x00007fb6ac600000)
   the space 6471100K,  99% used [0x00007fac01b50000, 0x00007fad8c7847c8, 0x00007fad8c784800, 0x00007fad8cabf000)
 Metaspace       used 24323K, capacity 24711K, committed 24832K, reserved 26624K
}
Event: 3924.793 GC heap before
{Heap before GC invocations=6450 (full 4):
 def new generation   total 2912064K, used 2615483K [0x00007fa6ac600000, 0x00007fa771dc0000, 0x00007fac01b50000)
  eden space 2588544K, 100% used [0x00007fa6ac600000, 0x00007fa74a5e0000, 0x00007fa74a5e0000)
  from space 323520K,   8% used [0x00007fa75e1d0000, 0x00007fa75fc1ed60, 0x00007fa771dc0000)
  to   space 323520K,   0% used [0x00007fa74a5e0000, 0x00007fa74a5e0000, 0x00007fa75e1d0000)
 tenured generation   total 6471100K, used 6467793K [0x00007fac01b50000, 0x00007fad8cabf000, 0x00007fb6ac600000)
   the space 6471100K,  99% used [0x00007fac01b50000, 0x00007fad8c7847c8, 0x00007fad8c784800, 0x00007fad8cabf000)
 Metaspace       used 24323K, capacity 24711K, committed 24832K, reserved 26624K
}
Event: 3924.807 GC heap after
{Heap after GC invocations=6451 (full 4):
 def new generation   total 2912064K, used 26178K [0x00007fa6ac600000, 0x00007fa771dc0000, 0x00007fac01b50000)
  eden space 2588544K,   0% used [0x00007fa6ac600000, 0x00007fa6ac600000, 0x00007fa74a5e0000)
  from space 323520K,   8% used [0x00007fa74a5e0000, 0x00007fa74bf70b38, 0x00007fa75e1d0000)
  to   space 323520K,   0% used [0x00007fa75e1d0000, 0x00007fa75e1d0000, 0x00007fa771dc0000)
 tenured generation   total 6471100K, used 6470364K [0x00007fac01b50000, 0x00007fad8cabf000, 0x00007fb6ac600000)
   the space 6471100K,  99% used [0x00007fac01b50000, 0x00007fad8ca073b0, 0x00007fad8ca07400, 0x00007fad8cabf000)
 Metaspace       used 24323K, capacity 24711K, committed 24832K, reserved 26624K
}
Event: 3926.145 GC heap before
{Heap before GC invocations=6451 (full 4):
 def new generation   total 2912064K, used 2614722K [0x00007fa6ac600000, 0x00007fa771dc0000, 0x00007fac01b50000)
  eden space 2588544K, 100% used [0x00007fa6ac600000, 0x00007fa74a5e0000, 0x00007fa74a5e0000)
  from space 323520K,   8% used [0x00007fa74a5e0000, 0x00007fa74bf70b38, 0x00007fa75e1d0000)
  to   space 323520K,   0% used [0x00007fa75e1d0000, 0x00007fa75e1d0000, 0x00007fa771dc0000)
 tenured generation   total 6471100K, used 6470364K [0x00007fac01b50000, 0x00007fad8cabf000, 0x00007fb6ac600000)
   the space 6471100K,  99% used [0x00007fac01b50000, 0x00007fad8ca073b0, 0x00007fad8ca07400, 0x00007fad8cabf000)
 Metaspace       used 24323K, capacity 24711K, committed 24832K, reserved 26624K
}
Event: 3926.165 GC heap after
{Heap after GC invocations=6452 (full 4):
 def new generation   total 2912064K, used 26677K [0x00007fa6ac600000, 0x00007fa771dc0000, 0x00007fac01b50000)
  eden space 2588544K,   0% used [0x00007fa6ac600000, 0x00007fa6ac600000, 0x00007fa74a5e0000)
  from space 323520K,   8% used [0x00007fa75e1d0000, 0x00007fa75fbdd460, 0x00007fa771dc0000)
  to   space 323520K,   0% used [0x00007fa74a5e0000, 0x00007fa74a5e0000, 0x00007fa75e1d0000)
 tenured generation   total 6471868K, used 6471741K [0x00007fac01b50000, 0x00007fad8cb7f000, 0x00007fb6ac600000)
   the space 6471868K,  99% used [0x00007fac01b50000, 0x00007fad8cb5f730, 0x00007fad8cb5f800, 0x00007fad8cb7f000)
 Metaspace       used 24323K, capacity 24711K, committed 24832K, reserved 26624K
}
Event: 3926.165 GC heap before
{Heap before GC invocations=6452 (full 4):
 def new generation   total 2912064K, used 26677K [0x00007fa6ac600000, 0x00007fa771dc0000, 0x00007fac01b50000)
  eden space 2588544K,   0% used [0x00007fa6ac600000, 0x00007fa6ac600000, 0x00007fa74a5e0000)
  from space 323520K,   8% used [0x00007fa75e1d0000, 0x00007fa75fbdd460, 0x00007fa771dc0000)
  to   space 323520K,   0% used [0x00007fa74a5e0000, 0x00007fa74a5e0000, 0x00007fa75e1d0000)
 tenured generation   total 6471868K, used 6471741K [0x00007fac01b50000, 0x00007fad8cb7f000, 0x00007fb6ac600000)
   the space 6471868K,  99% used [0x00007fac01b50000, 0x00007fad8cb5f730, 0x00007fad8cb5f800, 0x00007fad8cb7f000)
 Metaspace       used 24323K, capacity 24711K, committed 24832K, reserved 26624K
}

