# JRE version: OpenJDK Runtime Environment (13.0.7+5) (build 13.0.7+5-Ubuntu-0ubuntu120.04)
# Java VM: OpenJDK 64-Bit Server VM (13.0.7+5-Ubuntu-0ubuntu120.04, mixed mode, tiered, serial gc, linux-amd64)
Heap:
 def new generation   total 4820032K, used 7361K [0x00007f5a2c600000, 0x00007f5b73410000, 0x00007f5f81b50000)
  eden space 4284480K,   0% used [0x00007f5a2c600000, 0x00007f5a2cd307a0, 0x00007f5b31e10000)
  from space 535552K,   0% used [0x00007f5b31e10000, 0x00007f5b31e10000, 0x00007f5b52910000)
  to   space 535552K,   0% used [0x00007f5b52910000, 0x00007f5b52910000, 0x00007f5b73410000)
 tenured generation   total 10711472K, used 10711471K [0x00007f5f81b50000, 0x00007f620f7bc000, 0x00007f6a2c600000)
   the space 10711472K,  99% used [0x00007f5f81b50000, 0x00007f620f7bbfa8, 0x00007f620f7bc000, 0x00007f620f7bc000)
 Metaspace       used 24315K, capacity 24752K, committed 24832K, reserved 26624K
GC Heap History (20 events):
Event: 35891.291 GC heap after
{Heap after GC invocations=51339 (full 5):
 def new generation   total 4820032K, used 7434K [0x00007f5a2c600000, 0x00007f5b73410000, 0x00007f5f81b50000)
  eden space 4284480K,   0% used [0x00007f5a2c600000, 0x00007f5a2c600000, 0x00007f5b31e10000)
  from space 535552K,   1% used [0x00007f5b52910000, 0x00007f5b53052a80, 0x00007f5b73410000)
  to   space 535552K,   0% used [0x00007f5b31e10000, 0x00007f5b31e10000, 0x00007f5b52910000)
 tenured generation   total 10711088K, used 10706780K [0x00007f5f81b50000, 0x00007f620f75c000, 0x00007f6a2c600000)
   the space 10711088K,  99% used [0x00007f5f81b50000, 0x00007f620f327018, 0x00007f620f327200, 0x00007f620f75c000)
 Metaspace       used 24315K, capacity 24752K, committed 24832K, reserved 26624K
}
Event: 35893.093 GC heap before
{Heap before GC invocations=51339 (full 5):
 def new generation   total 4820032K, used 4291914K [0x00007f5a2c600000, 0x00007f5b73410000, 0x00007f5f81b50000)
  eden space 4284480K, 100% used [0x00007f5a2c600000, 0x00007f5b31e10000, 0x00007f5b31e10000)
  from space 535552K,   1% used [0x00007f5b52910000, 0x00007f5b53052a80, 0x00007f5b73410000)
  to   space 535552K,   0% used [0x00007f5b31e10000, 0x00007f5b31e10000, 0x00007f5b52910000)
 tenured generation   total 10711088K, used 10706780K [0x00007f5f81b50000, 0x00007f620f75c000, 0x00007f6a2c600000)
   the space 10711088K,  99% used [0x00007f5f81b50000, 0x00007f620f327018, 0x00007f620f327200, 0x00007f620f75c000)
 Metaspace       used 24315K, capacity 24752K, committed 24832K, reserved 26624K
}
Event: 35893.099 GC heap after
{Heap after GC invocations=51340 (full 5):
 def new generation   total 4820032K, used 7425K [0x00007f5a2c600000, 0x00007f5b73410000, 0x00007f5f81b50000)
  eden space 4284480K,   0% used [0x00007f5a2c600000, 0x00007f5a2c600000, 0x00007f5b31e10000)
  from space 535552K,   1% used [0x00007f5b31e10000, 0x00007f5b325507d8, 0x00007f5b52910000)
  to   space 535552K,   0% used [0x00007f5b52910000, 0x00007f5b52910000, 0x00007f5b73410000)
 tenured generation   total 10711088K, used 10707290K [0x00007f5f81b50000, 0x00007f620f75c000, 0x00007f6a2c600000)
   the space 10711088K,  99% used [0x00007f5f81b50000, 0x00007f620f3a68d8, 0x00007f620f3a6a00, 0x00007f620f75c000)
 Metaspace       used 24315K, capacity 24752K, committed 24832K, reserved 26624K
}
Event: 35894.900 GC heap before
{Heap before GC invocations=51340 (full 5):
 def new generation   total 4820032K, used 4291905K [0x00007f5a2c600000, 0x00007f5b73410000, 0x00007f5f81b50000)
  eden space 4284480K, 100% used [0x00007f5a2c600000, 0x00007f5b31e10000, 0x00007f5b31e10000)
  from space 535552K,   1% used [0x00007f5b31e10000, 0x00007f5b325507d8, 0x00007f5b52910000)
  to   space 535552K,   0% used [0x00007f5b52910000, 0x00007f5b52910000, 0x00007f5b73410000)
 tenured generation   total 10711088K, used 10707290K [0x00007f5f81b50000, 0x00007f620f75c000, 0x00007f6a2c600000)
   the space 10711088K,  99% used [0x00007f5f81b50000, 0x00007f620f3a68d8, 0x00007f620f3a6a00, 0x00007f620f75c000)
 Metaspace       used 24315K, capacity 24752K, committed 24832K, reserved 26624K
}
Event: 35894.907 GC heap after
{Heap after GC invocations=51341 (full 5):
 def new generation   total 4820032K, used 7399K [0x00007f5a2c600000, 0x00007f5b73410000, 0x00007f5f81b50000)
  eden space 4284480K,   0% used [0x00007f5a2c600000, 0x00007f5a2c600000, 0x00007f5b31e10000)
  from space 535552K,   1% used [0x00007f5b52910000, 0x00007f5b53049d00, 0x00007f5b73410000)
  to   space 535552K,   0% used [0x00007f5b31e10000, 0x00007f5b31e10000, 0x00007f5b52910000)
 tenured generation   total 10711088K, used 10707800K [0x00007f5f81b50000, 0x00007f620f75c000, 0x00007f6a2c600000)
   the space 10711088K,  99% used [0x00007f5f81b50000, 0x00007f620f4263d8, 0x00007f620f426400, 0x00007f620f75c000)
 Metaspace       used 24315K, capacity 24752K, committed 24832K, reserved 26624K
}
Event: 35896.701 GC heap before
{Heap before GC invocations=51341 (full 5):
 def new generation   total 4820032K, used 4291879K [0x00007f5a2c600000, 0x00007f5b73410000, 0x00007f5f81b50000)
  eden space 4284480K, 100% used [0x00007f5a2c600000, 0x00007f5b31e10000, 0x00007f5b31e10000)
  from space 535552K,   1% used [0x00007f5b52910000, 0x00007f5b53049d00, 0x00007f5b73410000)
  to   space 535552K,   0% used [0x00007f5b31e10000, 0x00007f5b31e10000, 0x00007f5b52910000)
 tenured generation   total 10711088K, used 10707800K [0x00007f5f81b50000, 0x00007f620f75c000, 0x00007f6a2c600000)
   the space 10711088K,  99% used [0x00007f5f81b50000, 0x00007f620f4263d8, 0x00007f620f426400, 0x00007f620f75c000)
 Metaspace       used 24315K, capacity 24752K, committed 24832K, reserved 26624K
}
Event: 35896.708 GC heap after
{Heap after GC invocations=51342 (full 5):
 def new generation   total 4820032K, used 7399K [0x00007f5a2c600000, 0x00007f5b73410000, 0x00007f5f81b50000)
  eden space 4284480K,   0% used [0x00007f5a2c600000, 0x00007f5a2c600000, 0x00007f5b31e10000)
  from space 535552K,   1% used [0x00007f5b31e10000, 0x00007f5b32549d00, 0x00007f5b52910000)
  to   space 535552K,   0% used [0x00007f5b52910000, 0x00007f5b52910000, 0x00007f5b73410000)
 tenured generation   total 10711088K, used 10708311K [0x00007f5f81b50000, 0x00007f620f75c000, 0x00007f6a2c600000)
   the space 10711088K,  99% used [0x00007f5f81b50000, 0x00007f620f4a5ed8, 0x00007f620f4a6000, 0x00007f620f75c000)
 Metaspace       used 24315K, capacity 24752K, committed 24832K, reserved 26624K
}
Event: 35898.490 GC heap before
{Heap before GC invocations=51342 (full 5):
 def new generation   total 4820032K, used 4291879K [0x00007f5a2c600000, 0x00007f5b73410000, 0x00007f5f81b50000)
  eden space 4284480K, 100% used [0x00007f5a2c600000, 0x00007f5b31e10000, 0x00007f5b31e10000)
  from space 535552K,   1% used [0x00007f5b31e10000, 0x00007f5b32549d00, 0x00007f5b52910000)
  to   space 535552K,   0% used [0x00007f5b52910000, 0x00007f5b52910000, 0x00007f5b73410000)
 tenured generation   total 10711088K, used 10708311K [0x00007f5f81b50000, 0x00007f620f75c000, 0x00007f6a2c600000)
   the space 10711088K,  99% used [0x00007f5f81b50000, 0x00007f620f4a5ed8, 0x00007f620f4a6000, 0x00007f620f75c000)
 Metaspace       used 24315K, capacity 24752K, committed 24832K, reserved 26624K
}
Event: 35898.500 GC heap after
{Heap after GC invocations=51343 (full 5):
 def new generation   total 4820032K, used 7429K [0x00007f5a2c600000, 0x00007f5b73410000, 0x00007f5f81b50000)
  eden space 4284480K,   0% used [0x00007f5a2c600000, 0x00007f5a2c600000, 0x00007f5b31e10000)
  from space 535552K,   1% used [0x00007f5b52910000, 0x00007f5b530514c8, 0x00007f5b73410000)
  to   space 535552K,   0% used [0x00007f5b31e10000, 0x00007f5b31e10000, 0x00007f5b52910000)
 tenured generation   total 10711088K, used 10708806K [0x00007f5f81b50000, 0x00007f620f75c000, 0x00007f6a2c600000)
   the space 10711088K,  99% used [0x00007f5f81b50000, 0x00007f620f521838, 0x00007f620f521a00, 0x00007f620f75c000)
 Metaspace       used 24315K, capacity 24752K, committed 24832K, reserved 26624K
}
Event: 35900.283 GC heap before
{Heap before GC invocations=51343 (full 5):
 def new generation   total 4820032K, used 4291909K [0x00007f5a2c600000, 0x00007f5b73410000, 0x00007f5f81b50000)
  eden space 4284480K, 100% used [0x00007f5a2c600000, 0x00007f5b31e10000, 0x00007f5b31e10000)
  from space 535552K,   1% used [0x00007f5b52910000, 0x00007f5b530514c8, 0x00007f5b73410000)
  to   space 535552K,   0% used [0x00007f5b31e10000, 0x00007f5b31e10000, 0x00007f5b52910000)
 tenured generation   total 10711088K, used 10708806K [0x00007f5f81b50000, 0x00007f620f75c000, 0x00007f6a2c600000)
   the space 10711088K,  99% used [0x00007f5f81b50000, 0x00007f620f521838, 0x00007f620f521a00, 0x00007f620f75c000)
 Metaspace       used 24315K, capacity 24752K, committed 24832K, reserved 26624K
}
Event: 35900.289 GC heap after
{Heap after GC invocations=51344 (full 5):
 def new generation   total 4820032K, used 7418K [0x00007f5a2c600000, 0x00007f5b73410000, 0x00007f5f81b50000)
  eden space 4284480K,   0% used [0x00007f5a2c600000, 0x00007f5a2c600000, 0x00007f5b31e10000)
  from space 535552K,   1% used [0x00007f5b31e10000, 0x00007f5b3254e830, 0x00007f5b52910000)
  to   space 535552K,   0% used [0x00007f5b52910000, 0x00007f5b52910000, 0x00007f5b73410000)
 tenured generation   total 10711088K, used 10709316K [0x00007f5f81b50000, 0x00007f620f75c000, 0x00007f6a2c600000)
   the space 10711088K,  99% used [0x00007f5f81b50000, 0x00007f620f5a10f8, 0x00007f620f5a1200, 0x00007f620f75c000)
 Metaspace       used 24315K, capacity 24752K, committed 24832K, reserved 26624K
}
Event: 35902.144 GC heap before
{Heap before GC invocations=51344 (full 5):
 def new generation   total 4820032K, used 4291898K [0x00007f5a2c600000, 0x00007f5b73410000, 0x00007f5f81b50000)
  eden space 4284480K, 100% used [0x00007f5a2c600000, 0x00007f5b31e10000, 0x00007f5b31e10000)
  from space 535552K,   1% used [0x00007f5b31e10000, 0x00007f5b3254e830, 0x00007f5b52910000)
  to   space 535552K,   0% used [0x00007f5b52910000, 0x00007f5b52910000, 0x00007f5b73410000)
 tenured generation   total 10711088K, used 10709316K [0x00007f5f81b50000, 0x00007f620f75c000, 0x00007f6a2c600000)
   the space 10711088K,  99% used [0x00007f5f81b50000, 0x00007f620f5a10f8, 0x00007f620f5a1200, 0x00007f620f75c000)
 Metaspace       used 24315K, capacity 24752K, committed 24832K, reserved 26624K
}
Event: 35902.151 GC heap after
{Heap after GC invocations=51345 (full 5):
 def new generation   total 4820032K, used 7417K [0x00007f5a2c600000, 0x00007f5b73410000, 0x00007f5f81b50000)
  eden space 4284480K,   0% used [0x00007f5a2c600000, 0x00007f5a2c600000, 0x00007f5b31e10000)
  from space 535552K,   1% used [0x00007f5b52910000, 0x00007f5b5304e4c0, 0x00007f5b73410000)
  to   space 535552K,   0% used [0x00007f5b31e10000, 0x00007f5b31e10000, 0x00007f5b52910000)
 tenured generation   total 10711088K, used 10709826K [0x00007f5f81b50000, 0x00007f620f75c000, 0x00007f6a2c600000)
   the space 10711088K,  99% used [0x00007f5f81b50000, 0x00007f620f620bf8, 0x00007f620f620c00, 0x00007f620f75c000)
 Metaspace       used 24315K, capacity 24752K, committed 24832K, reserved 26624K
}
Event: 35904.036 GC heap before
{Heap before GC invocations=51345 (full 5):
 def new generation   total 4820032K, used 4291897K [0x00007f5a2c600000, 0x00007f5b73410000, 0x00007f5f81b50000)
  eden space 4284480K, 100% used [0x00007f5a2c600000, 0x00007f5b31e10000, 0x00007f5b31e10000)
  from space 535552K,   1% used [0x00007f5b52910000, 0x00007f5b5304e4c0, 0x00007f5b73410000)
  to   space 535552K,   0% used [0x00007f5b31e10000, 0x00007f5b31e10000, 0x00007f5b52910000)
 tenured generation   total 10711088K, used 10709826K [0x00007f5f81b50000, 0x00007f620f75c000, 0x00007f6a2c600000)
   the space 10711088K,  99% used [0x00007f5f81b50000, 0x00007f620f620bf8, 0x00007f620f620c00, 0x00007f620f75c000)
 Metaspace       used 24315K, capacity 24752K, committed 24832K, reserved 26624K
}
Event: 35904.043 GC heap after
{Heap after GC invocations=51346 (full 5):
 def new generation   total 4820032K, used 7395K [0x00007f5a2c600000, 0x00007f5b73410000, 0x00007f5f81b50000)
  eden space 4284480K,   0% used [0x00007f5a2c600000, 0x00007f5a2c600000, 0x00007f5b31e10000)
  from space 535552K,   1% used [0x00007f5b31e10000, 0x00007f5b32548f20, 0x00007f5b52910000)
  to   space 535552K,   0% used [0x00007f5b52910000, 0x00007f5b52910000, 0x00007f5b73410000)
 tenured generation   total 10711088K, used 10710337K [0x00007f5f81b50000, 0x00007f620f75c000, 0x00007f6a2c600000)
   the space 10711088K,  99% used [0x00007f5f81b50000, 0x00007f620f6a06f8, 0x00007f620f6a0800, 0x00007f620f75c000)
 Metaspace       used 24315K, capacity 24752K, committed 24832K, reserved 26624K
}
Event: 35905.873 GC heap before
{Heap before GC invocations=51346 (full 5):
 def new generation   total 4820032K, used 4291875K [0x00007f5a2c600000, 0x00007f5b73410000, 0x00007f5f81b50000)
  eden space 4284480K, 100% used [0x00007f5a2c600000, 0x00007f5b31e10000, 0x00007f5b31e10000)
  from space 535552K,   1% used [0x00007f5b31e10000, 0x00007f5b32548f20, 0x00007f5b52910000)
  to   space 535552K,   0% used [0x00007f5b52910000, 0x00007f5b52910000, 0x00007f5b73410000)
 tenured generation   total 10711088K, used 10710337K [0x00007f5f81b50000, 0x00007f620f75c000, 0x00007f6a2c600000)
   the space 10711088K,  99% used [0x00007f5f81b50000, 0x00007f620f6a06f8, 0x00007f620f6a0800, 0x00007f620f75c000)
 Metaspace       used 24315K, capacity 24752K, committed 24832K, reserved 26624K
}
Event: 35905.880 GC heap after
{Heap after GC invocations=51347 (full 5):
 def new generation   total 4820032K, used 7261K [0x00007f5a2c600000, 0x00007f5b73410000, 0x00007f5f81b50000)
  eden space 4284480K,   0% used [0x00007f5a2c600000, 0x00007f5a2c600000, 0x00007f5b31e10000)
  from space 535552K,   1% used [0x00007f5b52910000, 0x00007f5b53027410, 0x00007f5b73410000)
  to   space 535552K,   0% used [0x00007f5b31e10000, 0x00007f5b31e10000, 0x00007f5b52910000)
 tenured generation   total 10711088K, used 10710993K [0x00007f5f81b50000, 0x00007f620f75c000, 0x00007f6a2c600000)
   the space 10711088K,  99% used [0x00007f5f81b50000, 0x00007f620f7445e0, 0x00007f620f744600, 0x00007f620f75c000)
 Metaspace       used 24315K, capacity 24752K, committed 24832K, reserved 26624K
}
Event: 35907.755 GC heap before
{Heap before GC invocations=51347 (full 5):
 def new generation   total 4820032K, used 4291741K [0x00007f5a2c600000, 0x00007f5b73410000, 0x00007f5f81b50000)
  eden space 4284480K, 100% used [0x00007f5a2c600000, 0x00007f5b31e10000, 0x00007f5b31e10000)
  from space 535552K,   1% used [0x00007f5b52910000, 0x00007f5b53027410, 0x00007f5b73410000)
  to   space 535552K,   0% used [0x00007f5b31e10000, 0x00007f5b31e10000, 0x00007f5b52910000)
 tenured generation   total 10711088K, used 10710993K [0x00007f5f81b50000, 0x00007f620f75c000, 0x00007f6a2c600000)
   the space 10711088K,  99% used [0x00007f5f81b50000, 0x00007f620f7445e0, 0x00007f620f744600, 0x00007f620f75c000)
 Metaspace       used 24315K, capacity 24752K, committed 24832K, reserved 26624K
}
Event: 35907.762 GC heap after
{Heap after GC invocations=51348 (full 5):
 def new generation   total 4820032K, used 7430K [0x00007f5a2c600000, 0x00007f5b73410000, 0x00007f5f81b50000)
  eden space 4284480K,   0% used [0x00007f5a2c600000, 0x00007f5a2c600000, 0x00007f5b31e10000)
  from space 535552K,   1% used [0x00007f5b31e10000, 0x00007f5b325519b8, 0x00007f5b52910000)
  to   space 535552K,   0% used [0x00007f5b52910000, 0x00007f5b52910000, 0x00007f5b73410000)
 tenured generation   total 10711472K, used 10711403K [0x00007f5f81b50000, 0x00007f620f7bc000, 0x00007f6a2c600000)
   the space 10711472K,  99% used [0x00007f5f81b50000, 0x00007f620f7aad90, 0x00007f620f7aae00, 0x00007f620f7bc000)
 Metaspace       used 24315K, capacity 24752K, committed 24832K, reserved 26624K
}
Event: 35907.762 GC heap before
{Heap before GC invocations=51348 (full 5):
 def new generation   total 4820032K, used 7430K [0x00007f5a2c600000, 0x00007f5b73410000, 0x00007f5f81b50000)
  eden space 4284480K,   0% used [0x00007f5a2c600000, 0x00007f5a2c600000, 0x00007f5b31e10000)
  from space 535552K,   1% used [0x00007f5b31e10000, 0x00007f5b325519b8, 0x00007f5b52910000)
  to   space 535552K,   0% used [0x00007f5b52910000, 0x00007f5b52910000, 0x00007f5b73410000)
 tenured generation   total 10711472K, used 10711403K [0x00007f5f81b50000, 0x00007f620f7bc000, 0x00007f6a2c600000)
   the space 10711472K,  99% used [0x00007f5f81b50000, 0x00007f620f7aad90, 0x00007f620f7aae00, 0x00007f620f7bc000)
 Metaspace       used 24315K, capacity 24752K, committed 24832K, reserved 26624K
}

