# JRE version: OpenJDK Runtime Environment (13.0.7+5) (build 13.0.7+5-Ubuntu-0ubuntu120.04)
# Java VM: OpenJDK 64-Bit Server VM (13.0.7+5-Ubuntu-0ubuntu120.04, mixed mode, tiered, serial gc, linux-amd64)
Heap:
 def new generation   total 5836800K, used 0K [0x00007fd184600000, 0x00007fd310350000, 0x00007fd6d9b50000)
  eden space 5188288K,   0% used [0x00007fd184600000, 0x00007fd184600000, 0x00007fd2c10b0000)
  from space 648512K,   0% used [0x00007fd2c10b0000, 0x00007fd2c10b0000, 0x00007fd2e8a00000)
  to   space 648512K,   0% used [0x00007fd2e8a00000, 0x00007fd2e8a00000, 0x00007fd310350000)
 tenured generation   total 13485440K, used 13349706K [0x00007fd6d9b50000, 0x00007fda10cb0000, 0x00007fe184600000)
   the space 13485440K,  98% used [0x00007fd6d9b50000, 0x00007fda08822be8, 0x00007fda08822c00, 0x00007fda10cb0000)
 Metaspace       used 30428K, capacity 30856K, committed 31232K, reserved 32768K
GC Heap History (20 events):
Event: 99.515 GC heap after
{Heap after GC invocations=55 (full 4):
 def new generation   total 2894848K, used 308090K [0x00007fd184600000, 0x00007fd248b10000, 0x00007fd6d9b50000)
  eden space 2573248K,   0% used [0x00007fd184600000, 0x00007fd184600000, 0x00007fd2216f0000)
  from space 321600K,  95% used [0x00007fd235100000, 0x00007fd247dde8e0, 0x00007fd248b10000)
  to   space 321600K,   0% used [0x00007fd2216f0000, 0x00007fd2216f0000, 0x00007fd235100000)
 tenured generation   total 6432856K, used 6124122K [0x00007fd6d9b50000, 0x00007fd862566000, 0x00007fe184600000)
   the space 6432856K,  95% used [0x00007fd6d9b50000, 0x00007fd84f7e6a50, 0x00007fd84f7e6c00, 0x00007fd862566000)
 Metaspace       used 30428K, capacity 30856K, committed 31232K, reserved 32768K
}
Event: 100.371 GC heap before
{Heap before GC invocations=55 (full 4):
 def new generation   total 2894848K, used 2881338K [0x00007fd184600000, 0x00007fd248b10000, 0x00007fd6d9b50000)
  eden space 2573248K, 100% used [0x00007fd184600000, 0x00007fd2216f0000, 0x00007fd2216f0000)
  from space 321600K,  95% used [0x00007fd235100000, 0x00007fd247dde8e0, 0x00007fd248b10000)
  to   space 321600K,   0% used [0x00007fd2216f0000, 0x00007fd2216f0000, 0x00007fd235100000)
 tenured generation   total 6432856K, used 6124122K [0x00007fd6d9b50000, 0x00007fd862566000, 0x00007fe184600000)
   the space 6432856K,  95% used [0x00007fd6d9b50000, 0x00007fd84f7e6a50, 0x00007fd84f7e6c00, 0x00007fd862566000)
 Metaspace       used 30428K, capacity 30856K, committed 31232K, reserved 32768K
}
Event: 101.480 GC heap after
{Heap after GC invocations=56 (full 4):
 def new generation   total 2894848K, used 314607K [0x00007fd184600000, 0x00007fd248b10000, 0x00007fd6d9b50000)
  eden space 2573248K,   0% used [0x00007fd184600000, 0x00007fd184600000, 0x00007fd2216f0000)
  from space 321600K,  97% used [0x00007fd2216f0000, 0x00007fd234a2bd50, 0x00007fd235100000)
  to   space 321600K,   0% used [0x00007fd235100000, 0x00007fd235100000, 0x00007fd248b10000)
 tenured generation   total 6432856K, used 6432212K [0x00007fd6d9b50000, 0x00007fd862566000, 0x00007fe184600000)
   the space 6432856K,  99% used [0x00007fd6d9b50000, 0x00007fd8624c51b0, 0x00007fd8624c5200, 0x00007fd862566000)
 Metaspace       used 30428K, capacity 30856K, committed 31232K, reserved 32768K
}
Event: 177.479 GC heap before
{Heap before GC invocations=56 (full 4):
 def new generation   total 2894848K, used 2887855K [0x00007fd184600000, 0x00007fd248b10000, 0x00007fd6d9b50000)
  eden space 2573248K, 100% used [0x00007fd184600000, 0x00007fd2216f0000, 0x00007fd2216f0000)
  from space 321600K,  97% used [0x00007fd2216f0000, 0x00007fd234a2bd50, 0x00007fd235100000)
  to   space 321600K,   0% used [0x00007fd235100000, 0x00007fd235100000, 0x00007fd248b10000)
 tenured generation   total 6432856K, used 6432212K [0x00007fd6d9b50000, 0x00007fd862566000, 0x00007fe184600000)
   the space 6432856K,  99% used [0x00007fd6d9b50000, 0x00007fd8624c51b0, 0x00007fd8624c5200, 0x00007fd862566000)
 Metaspace       used 30428K, capacity 30856K, committed 31232K, reserved 32768K
}
Event: 180.398 GC heap after
{Heap after GC invocations=57 (full 4):
 def new generation   total 2894848K, used 321600K [0x00007fd184600000, 0x00007fd248b10000, 0x00007fd6d9b50000)
  eden space 2573248K,   0% used [0x00007fd184600000, 0x00007fd184600000, 0x00007fd2216f0000)
  from space 321600K, 100% used [0x00007fd235100000, 0x00007fd248b10000, 0x00007fd248b10000)
  to   space 321600K,   0% used [0x00007fd2216f0000, 0x00007fd2216f0000, 0x00007fd235100000)
 tenured generation   total 7813144K, used 7813110K [0x00007fd6d9b50000, 0x00007fd8b6956000, 0x00007fe184600000)
   the space 7813144K,  99% used [0x00007fd6d9b50000, 0x00007fd8b694d858, 0x00007fd8b694da00, 0x00007fd8b6956000)
 Metaspace       used 30428K, capacity 30856K, committed 31232K, reserved 32768K
}
Event: 180.398 GC heap before
{Heap before GC invocations=57 (full 4):
 def new generation   total 2894848K, used 321600K [0x00007fd184600000, 0x00007fd248b10000, 0x00007fd6d9b50000)
  eden space 2573248K,   0% used [0x00007fd184600000, 0x00007fd184600000, 0x00007fd2216f0000)
  from space 321600K, 100% used [0x00007fd235100000, 0x00007fd248b10000, 0x00007fd248b10000)
  to   space 321600K,   0% used [0x00007fd2216f0000, 0x00007fd2216f0000, 0x00007fd235100000)
 tenured generation   total 7813144K, used 7813110K [0x00007fd6d9b50000, 0x00007fd8b6956000, 0x00007fe184600000)
   the space 7813144K,  99% used [0x00007fd6d9b50000, 0x00007fd8b694d858, 0x00007fd8b694da00, 0x00007fd8b6956000)
 Metaspace       used 30428K, capacity 30856K, committed 31232K, reserved 32768K
}
Event: 194.278 GC heap after
{Heap after GC invocations=57 (full 5):
 def new generation   total 5836800K, used 306217K [0x00007fd184600000, 0x00007fd310350000, 0x00007fd6d9b50000)
  eden space 5188288K,   5% used [0x00007fd184600000, 0x00007fd19710a450, 0x00007fd2c10b0000)
  from space 648512K,   0% used [0x00007fd2c10b0000, 0x00007fd2c10b0000, 0x00007fd2e8a00000)
  to   space 648512K,   0% used [0x00007fd2e8a00000, 0x00007fd2e8a00000, 0x00007fd310350000)
 tenured generation   total 12970496K, used 7782295K [0x00007fd6d9b50000, 0x00007fd9f15d0000, 0x00007fe184600000)
   the space 12970496K,  59% used [0x00007fd6d9b50000, 0x00007fd8b4b35f08, 0x00007fd8b4b36000, 0x00007fd9f15d0000)
 Metaspace       used 30428K, capacity 30856K, committed 31232K, reserved 32768K
}
Event: 446.430 GC heap before
{Heap before GC invocations=57 (full 5):
 def new generation   total 5836800K, used 5188288K [0x00007fd184600000, 0x00007fd310350000, 0x00007fd6d9b50000)
  eden space 5188288K, 100% used [0x00007fd184600000, 0x00007fd2c10b0000, 0x00007fd2c10b0000)
  from space 648512K,   0% used [0x00007fd2c10b0000, 0x00007fd2c10b0000, 0x00007fd2e8a00000)
  to   space 648512K,   0% used [0x00007fd2e8a00000, 0x00007fd2e8a00000, 0x00007fd310350000)
 tenured generation   total 12970496K, used 7782295K [0x00007fd6d9b50000, 0x00007fd9f15d0000, 0x00007fe184600000)
   the space 12970496K,  59% used [0x00007fd6d9b50000, 0x00007fd8b4b35f08, 0x00007fd8b4b36000, 0x00007fd9f15d0000)
 Metaspace       used 30428K, capacity 30856K, committed 31232K, reserved 32768K
}
Event: 450.893 GC heap after
{Heap after GC invocations=58 (full 5):
 def new generation   total 5836800K, used 648512K [0x00007fd184600000, 0x00007fd310350000, 0x00007fd6d9b50000)
  eden space 5188288K,   0% used [0x00007fd184600000, 0x00007fd184600000, 0x00007fd2c10b0000)
  from space 648512K, 100% used [0x00007fd2e8a00000, 0x00007fd310350000, 0x00007fd310350000)
  to   space 648512K,   0% used [0x00007fd2c10b0000, 0x00007fd2c10b0000, 0x00007fd2e8a00000)
 tenured generation   total 12970496K, used 8467799K [0x00007fd6d9b50000, 0x00007fd9f15d0000, 0x00007fe184600000)
   the space 12970496K,  65% used [0x00007fd6d9b50000, 0x00007fd8de8a5e68, 0x00007fd8de8a6000, 0x00007fd9f15d0000)
 Metaspace       used 30428K, capacity 30856K, committed 31232K, reserved 32768K
}
Event: 666.454 GC heap before
{Heap before GC invocations=58 (full 5):
 def new generation   total 5836800K, used 5836800K [0x00007fd184600000, 0x00007fd310350000, 0x00007fd6d9b50000)
  eden space 5188288K, 100% used [0x00007fd184600000, 0x00007fd2c10b0000, 0x00007fd2c10b0000)
  from space 648512K, 100% used [0x00007fd2e8a00000, 0x00007fd310350000, 0x00007fd310350000)
  to   space 648512K,   0% used [0x00007fd2c10b0000, 0x00007fd2c10b0000, 0x00007fd2e8a00000)
 tenured generation   total 12970496K, used 8467799K [0x00007fd6d9b50000, 0x00007fd9f15d0000, 0x00007fe184600000)
   the space 12970496K,  65% used [0x00007fd6d9b50000, 0x00007fd8de8a5e68, 0x00007fd8de8a6000, 0x00007fd9f15d0000)
 Metaspace       used 30428K, capacity 30856K, committed 31232K, reserved 32768K
}
Event: 668.865 GC heap after
{Heap after GC invocations=59 (full 5):
 def new generation   total 5836800K, used 648511K [0x00007fd184600000, 0x00007fd310350000, 0x00007fd6d9b50000)
  eden space 5188288K,   0% used [0x00007fd184600000, 0x00007fd184600000, 0x00007fd2c10b0000)
  from space 648512K,  99% used [0x00007fd2c10b0000, 0x00007fd2e89ffff0, 0x00007fd2e8a00000)
  to   space 648512K,   0% used [0x00007fd2e8a00000, 0x00007fd2e8a00000, 0x00007fd310350000)
 tenured generation   total 12970496K, used 9560064K [0x00007fd6d9b50000, 0x00007fd9f15d0000, 0x00007fe184600000)
   the space 12970496K,  73% used [0x00007fd6d9b50000, 0x00007fd921350158, 0x00007fd921350200, 0x00007fd9f15d0000)
 Metaspace       used 30428K, capacity 30856K, committed 31232K, reserved 32768K
}
Event: 811.216 GC heap before
{Heap before GC invocations=59 (full 5):
 def new generation   total 5836800K, used 5836799K [0x00007fd184600000, 0x00007fd310350000, 0x00007fd6d9b50000)
  eden space 5188288K, 100% used [0x00007fd184600000, 0x00007fd2c10b0000, 0x00007fd2c10b0000)
  from space 648512K,  99% used [0x00007fd2c10b0000, 0x00007fd2e89ffff0, 0x00007fd2e8a00000)
  to   space 648512K,   0% used [0x00007fd2e8a00000, 0x00007fd2e8a00000, 0x00007fd310350000)
 tenured generation   total 12970496K, used 9560064K [0x00007fd6d9b50000, 0x00007fd9f15d0000, 0x00007fe184600000)
   the space 12970496K,  73% used [0x00007fd6d9b50000, 0x00007fd921350158, 0x00007fd921350200, 0x00007fd9f15d0000)
 Metaspace       used 30428K, capacity 30856K, committed 31232K, reserved 32768K
}
Event: 813.638 GC heap after
{Heap after GC invocations=60 (full 5):
 def new generation   total 5836800K, used 648511K [0x00007fd184600000, 0x00007fd310350000, 0x00007fd6d9b50000)
  eden space 5188288K,   0% used [0x00007fd184600000, 0x00007fd184600000, 0x00007fd2c10b0000)
  from space 648512K,  99% used [0x00007fd2e8a00000, 0x00007fd31034fff0, 0x00007fd310350000)
  to   space 648512K,   0% used [0x00007fd2c10b0000, 0x00007fd2c10b0000, 0x00007fd2e8a00000)
 tenured generation   total 12970496K, used 10652329K [0x00007fd6d9b50000, 0x00007fd9f15d0000, 0x00007fe184600000)
   the space 12970496K,  82% used [0x00007fd6d9b50000, 0x00007fd963dfa558, 0x00007fd963dfa600, 0x00007fd9f15d0000)
 Metaspace       used 30428K, capacity 30856K, committed 31232K, reserved 32768K
}
Event: 960.223 GC heap before
{Heap before GC invocations=60 (full 5):
 def new generation   total 5836800K, used 5836799K [0x00007fd184600000, 0x00007fd310350000, 0x00007fd6d9b50000)
  eden space 5188288K, 100% used [0x00007fd184600000, 0x00007fd2c10b0000, 0x00007fd2c10b0000)
  from space 648512K,  99% used [0x00007fd2e8a00000, 0x00007fd31034fff0, 0x00007fd310350000)
  to   space 648512K,   0% used [0x00007fd2c10b0000, 0x00007fd2c10b0000, 0x00007fd2e8a00000)
 tenured generation   total 12970496K, used 10652329K [0x00007fd6d9b50000, 0x00007fd9f15d0000, 0x00007fe184600000)
   the space 12970496K,  82% used [0x00007fd6d9b50000, 0x00007fd963dfa558, 0x00007fd963dfa600, 0x00007fd9f15d0000)
 Metaspace       used 30428K, capacity 30856K, committed 31232K, reserved 32768K
}
Event: 962.597 GC heap after
{Heap after GC invocations=61 (full 5):
 def new generation   total 5836800K, used 648511K [0x00007fd184600000, 0x00007fd310350000, 0x00007fd6d9b50000)
  eden space 5188288K,   0% used [0x00007fd184600000, 0x00007fd184600000, 0x00007fd2c10b0000)
  from space 648512K,  99% used [0x00007fd2c10b0000, 0x00007fd2e89ffff0, 0x00007fd2e8a00000)
  to   space 648512K,   0% used [0x00007fd2e8a00000, 0x00007fd2e8a00000, 0x00007fd310350000)
 tenured generation   total 12970496K, used 11744594K [0x00007fd6d9b50000, 0x00007fd9f15d0000, 0x00007fe184600000)
   the space 12970496K,  90% used [0x00007fd6d9b50000, 0x00007fd9a68a4978, 0x00007fd9a68a4a00, 0x00007fd9f15d0000)
 Metaspace       used 30428K, capacity 30856K, committed 31232K, reserved 32768K
}
Event: 1047.033 GC heap before
{Heap before GC invocations=61 (full 5):
 def new generation   total 5836800K, used 5836799K [0x00007fd184600000, 0x00007fd310350000, 0x00007fd6d9b50000)
  eden space 5188288K, 100% used [0x00007fd184600000, 0x00007fd2c10b0000, 0x00007fd2c10b0000)
  from space 648512K,  99% used [0x00007fd2c10b0000, 0x00007fd2e89ffff0, 0x00007fd2e8a00000)
  to   space 648512K,   0% used [0x00007fd2e8a00000, 0x00007fd2e8a00000, 0x00007fd310350000)
 tenured generation   total 12970496K, used 11744594K [0x00007fd6d9b50000, 0x00007fd9f15d0000, 0x00007fe184600000)
   the space 12970496K,  90% used [0x00007fd6d9b50000, 0x00007fd9a68a4978, 0x00007fd9a68a4a00, 0x00007fd9f15d0000)
 Metaspace       used 30428K, capacity 30856K, committed 31232K, reserved 32768K
}
Event: 1049.533 GC heap after
{Heap after GC invocations=62 (full 5):
 def new generation   total 5836800K, used 648511K [0x00007fd184600000, 0x00007fd310350000, 0x00007fd6d9b50000)
  eden space 5188288K,   0% used [0x00007fd184600000, 0x00007fd184600000, 0x00007fd2c10b0000)
  from space 648512K,  99% used [0x00007fd2e8a00000, 0x00007fd31034fff0, 0x00007fd310350000)
  to   space 648512K,   0% used [0x00007fd2c10b0000, 0x00007fd2c10b0000, 0x00007fd2e8a00000)
 tenured generation   total 12970496K, used 12836859K [0x00007fd6d9b50000, 0x00007fd9f15d0000, 0x00007fe184600000)
   the space 12970496K,  98% used [0x00007fd6d9b50000, 0x00007fd9e934edb8, 0x00007fd9e934ee00, 0x00007fd9f15d0000)
 Metaspace       used 30428K, capacity 30856K, committed 31232K, reserved 32768K
}
Event: 1051.570 GC heap before
{Heap before GC invocations=62 (full 5):
 def new generation   total 5836800K, used 5836799K [0x00007fd184600000, 0x00007fd310350000, 0x00007fd6d9b50000)
  eden space 5188288K, 100% used [0x00007fd184600000, 0x00007fd2c10b0000, 0x00007fd2c10b0000)
  from space 648512K,  99% used [0x00007fd2e8a00000, 0x00007fd31034fff0, 0x00007fd310350000)
  to   space 648512K,   0% used [0x00007fd2c10b0000, 0x00007fd2c10b0000, 0x00007fd2e8a00000)
 tenured generation   total 12970496K, used 12836859K [0x00007fd6d9b50000, 0x00007fd9f15d0000, 0x00007fe184600000)
   the space 12970496K,  98% used [0x00007fd6d9b50000, 0x00007fd9e934edb8, 0x00007fd9e934ee00, 0x00007fd9f15d0000)
 Metaspace       used 30428K, capacity 30856K, committed 31232K, reserved 32768K
}
Event: 1052.996 GC heap after
{Heap after GC invocations=63 (full 5):
 def new generation   total 5836800K, used 503689K [0x00007fd184600000, 0x00007fd310350000, 0x00007fd6d9b50000)
  eden space 5188288K,   0% used [0x00007fd184600000, 0x00007fd184600000, 0x00007fd2c10b0000)
  from space 648512K,  77% used [0x00007fd2c10b0000, 0x00007fd2dfc925c8, 0x00007fd2e8a00000)
  to   space 648512K,   0% used [0x00007fd2e8a00000, 0x00007fd2e8a00000, 0x00007fd310350000)
 tenured generation   total 13485440K, used 13485371K [0x00007fd6d9b50000, 0x00007fda10cb0000, 0x00007fe184600000)
   the space 13485440K,  99% used [0x00007fd6d9b50000, 0x00007fda10c9ecf8, 0x00007fda10c9ee00, 0x00007fda10cb0000)
 Metaspace       used 30428K, capacity 30856K, committed 31232K, reserved 32768K
}
Event: 1052.996 GC heap before
{Heap before GC invocations=63 (full 5):
 def new generation   total 5836800K, used 503689K [0x00007fd184600000, 0x00007fd310350000, 0x00007fd6d9b50000)
  eden space 5188288K,   0% used [0x00007fd184600000, 0x00007fd184600000, 0x00007fd2c10b0000)
  from space 648512K,  77% used [0x00007fd2c10b0000, 0x00007fd2dfc925c8, 0x00007fd2e8a00000)
  to   space 648512K,   0% used [0x00007fd2e8a00000, 0x00007fd2e8a00000, 0x00007fd310350000)
 tenured generation   total 13485440K, used 13485371K [0x00007fd6d9b50000, 0x00007fda10cb0000, 0x00007fe184600000)
   the space 13485440K,  99% used [0x00007fd6d9b50000, 0x00007fda10c9ecf8, 0x00007fda10c9ee00, 0x00007fda10cb0000)
 Metaspace       used 30428K, capacity 30856K, committed 31232K, reserved 32768K
}

