# JRE version: OpenJDK Runtime Environment (13.0.7+5) (build 13.0.7+5-Ubuntu-0ubuntu120.04)
# Java VM: OpenJDK 64-Bit Server VM (13.0.7+5-Ubuntu-0ubuntu120.04, mixed mode, tiered, serial gc, linux-amd64)
Heap:
 def new generation   total 1748160K, used 0K [0x00007eee78400000, 0x00007eeeeecd0000, 0x00007ef3cd950000)
  eden space 1553984K,   0% used [0x00007eee78400000, 0x00007eee78400000, 0x00007eeed7190000)
  from space 194176K,   0% used [0x00007eeee2f30000, 0x00007eeee2f30000, 0x00007eeeeecd0000)
  to   space 194176K,   0% used [0x00007eeed7190000, 0x00007eeed7190000, 0x00007eeee2f30000)
 tenured generation   total 3884972K, used 3867530K [0x00007ef3cd950000, 0x00007ef4bab3b000, 0x00007efe78400000)
   the space 3884972K,  99% used [0x00007ef3cd950000, 0x00007ef4b9a32920, 0x00007ef4b9a32a00, 0x00007ef4bab3b000)
 Metaspace       used 24327K, capacity 24778K, committed 25088K, reserved 26624K
GC Heap History (20 events):
Event: 10406.685 GC heap after
{Heap after GC invocations=12272 (full 3):
 def new generation   total 1748160K, used 8313K [0x00007eee78400000, 0x00007eeeeecd0000, 0x00007ef3cd950000)
  eden space 1553984K,   0% used [0x00007eee78400000, 0x00007eee78400000, 0x00007eeed7190000)
  from space 194176K,   4% used [0x00007eeed7190000, 0x00007eeed79ae4d8, 0x00007eeee2f30000)
  to   space 194176K,   0% used [0x00007eeee2f30000, 0x00007eeee2f30000, 0x00007eeeeecd0000)
 tenured generation   total 3884588K, used 3880374K [0x00007ef3cd950000, 0x00007ef4baadb000, 0x00007efe78400000)
   the space 3884588K,  99% used [0x00007ef3cd950000, 0x00007ef4ba6bdbf8, 0x00007ef4ba6bdc00, 0x00007ef4baadb000)
 Metaspace       used 24327K, capacity 24778K, committed 25088K, reserved 26624K
}
Event: 10408.296 GC heap before
{Heap before GC invocations=12272 (full 3):
 def new generation   total 1748160K, used 1562297K [0x00007eee78400000, 0x00007eeeeecd0000, 0x00007ef3cd950000)
  eden space 1553984K, 100% used [0x00007eee78400000, 0x00007eeed7190000, 0x00007eeed7190000)
  from space 194176K,   4% used [0x00007eeed7190000, 0x00007eeed79ae4d8, 0x00007eeee2f30000)
  to   space 194176K,   0% used [0x00007eeee2f30000, 0x00007eeee2f30000, 0x00007eeeeecd0000)
 tenured generation   total 3884588K, used 3880374K [0x00007ef3cd950000, 0x00007ef4baadb000, 0x00007efe78400000)
   the space 3884588K,  99% used [0x00007ef3cd950000, 0x00007ef4ba6bdbf8, 0x00007ef4ba6bdc00, 0x00007ef4baadb000)
 Metaspace       used 24327K, capacity 24778K, committed 25088K, reserved 26624K
}
Event: 10408.315 GC heap after
{Heap after GC invocations=12273 (full 3):
 def new generation   total 1748160K, used 8420K [0x00007eee78400000, 0x00007eeeeecd0000, 0x00007ef3cd950000)
  eden space 1553984K,   0% used [0x00007eee78400000, 0x00007eee78400000, 0x00007eeed7190000)
  from space 194176K,   4% used [0x00007eeee2f30000, 0x00007eeee37691b8, 0x00007eeeeecd0000)
  to   space 194176K,   0% used [0x00007eeed7190000, 0x00007eeed7190000, 0x00007eeee2f30000)
 tenured generation   total 3884588K, used 3880895K [0x00007ef3cd950000, 0x00007ef4baadb000, 0x00007efe78400000)
   the space 3884588K,  99% used [0x00007ef3cd950000, 0x00007ef4ba73fed8, 0x00007ef4ba740000, 0x00007ef4baadb000)
 Metaspace       used 24327K, capacity 24778K, committed 25088K, reserved 26624K
}
Event: 10409.865 GC heap before
{Heap before GC invocations=12273 (full 3):
 def new generation   total 1748160K, used 1562404K [0x00007eee78400000, 0x00007eeeeecd0000, 0x00007ef3cd950000)
  eden space 1553984K, 100% used [0x00007eee78400000, 0x00007eeed7190000, 0x00007eeed7190000)
  from space 194176K,   4% used [0x00007eeee2f30000, 0x00007eeee37691b8, 0x00007eeeeecd0000)
  to   space 194176K,   0% used [0x00007eeed7190000, 0x00007eeed7190000, 0x00007eeee2f30000)
 tenured generation   total 3884588K, used 3880895K [0x00007ef3cd950000, 0x00007ef4baadb000, 0x00007efe78400000)
   the space 3884588K,  99% used [0x00007ef3cd950000, 0x00007ef4ba73fed8, 0x00007ef4ba740000, 0x00007ef4baadb000)
 Metaspace       used 24327K, capacity 24778K, committed 25088K, reserved 26624K
}
Event: 10409.891 GC heap after
{Heap after GC invocations=12274 (full 3):
 def new generation   total 1748160K, used 8553K [0x00007eee78400000, 0x00007eeeeecd0000, 0x00007ef3cd950000)
  eden space 1553984K,   0% used [0x00007eee78400000, 0x00007eee78400000, 0x00007eeed7190000)
  from space 194176K,   4% used [0x00007eeed7190000, 0x00007eeed79ea468, 0x00007eeee2f30000)
  to   space 194176K,   0% used [0x00007eeee2f30000, 0x00007eeee2f30000, 0x00007eeeeecd0000)
 tenured generation   total 3884588K, used 3881333K [0x00007ef3cd950000, 0x00007ef4baadb000, 0x00007efe78400000)
   the space 3884588K,  99% used [0x00007ef3cd950000, 0x00007ef4ba7ad738, 0x00007ef4ba7ad800, 0x00007ef4baadb000)
 Metaspace       used 24327K, capacity 24778K, committed 25088K, reserved 26624K
}
Event: 10411.519 GC heap before
{Heap before GC invocations=12274 (full 3):
 def new generation   total 1748160K, used 1562537K [0x00007eee78400000, 0x00007eeeeecd0000, 0x00007ef3cd950000)
  eden space 1553984K, 100% used [0x00007eee78400000, 0x00007eeed7190000, 0x00007eeed7190000)
  from space 194176K,   4% used [0x00007eeed7190000, 0x00007eeed79ea468, 0x00007eeee2f30000)
  to   space 194176K,   0% used [0x00007eeee2f30000, 0x00007eeee2f30000, 0x00007eeeeecd0000)
 tenured generation   total 3884588K, used 3881333K [0x00007ef3cd950000, 0x00007ef4baadb000, 0x00007efe78400000)
   the space 3884588K,  99% used [0x00007ef3cd950000, 0x00007ef4ba7ad738, 0x00007ef4ba7ad800, 0x00007ef4baadb000)
 Metaspace       used 24327K, capacity 24778K, committed 25088K, reserved 26624K
}
Event: 10411.547 GC heap after
{Heap after GC invocations=12275 (full 3):
 def new generation   total 1748160K, used 8525K [0x00007eee78400000, 0x00007eeeeecd0000, 0x00007ef3cd950000)
  eden space 1553984K,   0% used [0x00007eee78400000, 0x00007eee78400000, 0x00007eeed7190000)
  from space 194176K,   4% used [0x00007eeee2f30000, 0x00007eeee37835a0, 0x00007eeeeecd0000)
  to   space 194176K,   0% used [0x00007eeed7190000, 0x00007eeed7190000, 0x00007eeee2f30000)
 tenured generation   total 3884588K, used 3881805K [0x00007ef3cd950000, 0x00007ef4baadb000, 0x00007efe78400000)
   the space 3884588K,  99% used [0x00007ef3cd950000, 0x00007ef4ba823798, 0x00007ef4ba823800, 0x00007ef4baadb000)
 Metaspace       used 24327K, capacity 24778K, committed 25088K, reserved 26624K
}
Event: 10413.148 GC heap before
{Heap before GC invocations=12275 (full 3):
 def new generation   total 1748160K, used 1562509K [0x00007eee78400000, 0x00007eeeeecd0000, 0x00007ef3cd950000)
  eden space 1553984K, 100% used [0x00007eee78400000, 0x00007eeed7190000, 0x00007eeed7190000)
  from space 194176K,   4% used [0x00007eeee2f30000, 0x00007eeee37835a0, 0x00007eeeeecd0000)
  to   space 194176K,   0% used [0x00007eeed7190000, 0x00007eeed7190000, 0x00007eeee2f30000)
 tenured generation   total 3884588K, used 3881805K [0x00007ef3cd950000, 0x00007ef4baadb000, 0x00007efe78400000)
   the space 3884588K,  99% used [0x00007ef3cd950000, 0x00007ef4ba823798, 0x00007ef4ba823800, 0x00007ef4baadb000)
 Metaspace       used 24327K, capacity 24778K, committed 25088K, reserved 26624K
}
Event: 10413.171 GC heap after
{Heap after GC invocations=12276 (full 3):
 def new generation   total 1748160K, used 8504K [0x00007eee78400000, 0x00007eeeeecd0000, 0x00007ef3cd950000)
  eden space 1553984K,   0% used [0x00007eee78400000, 0x00007eee78400000, 0x00007eeed7190000)
  from space 194176K,   4% used [0x00007eeed7190000, 0x00007eeed79de2f8, 0x00007eeee2f30000)
  to   space 194176K,   0% used [0x00007eeee2f30000, 0x00007eeee2f30000, 0x00007eeeeecd0000)
 tenured generation   total 3884588K, used 3882330K [0x00007ef3cd950000, 0x00007ef4baadb000, 0x00007efe78400000)
   the space 3884588K,  99% used [0x00007ef3cd950000, 0x00007ef4ba8a68a8, 0x00007ef4ba8a6a00, 0x00007ef4baadb000)
 Metaspace       used 24327K, capacity 24778K, committed 25088K, reserved 26624K
}
Event: 10414.823 GC heap before
{Heap before GC invocations=12276 (full 3):
 def new generation   total 1748160K, used 1562488K [0x00007eee78400000, 0x00007eeeeecd0000, 0x00007ef3cd950000)
  eden space 1553984K, 100% used [0x00007eee78400000, 0x00007eeed7190000, 0x00007eeed7190000)
  from space 194176K,   4% used [0x00007eeed7190000, 0x00007eeed79de2f8, 0x00007eeee2f30000)
  to   space 194176K,   0% used [0x00007eeee2f30000, 0x00007eeee2f30000, 0x00007eeeeecd0000)
 tenured generation   total 3884588K, used 3882330K [0x00007ef3cd950000, 0x00007ef4baadb000, 0x00007efe78400000)
   the space 3884588K,  99% used [0x00007ef3cd950000, 0x00007ef4ba8a68a8, 0x00007ef4ba8a6a00, 0x00007ef4baadb000)
 Metaspace       used 24327K, capacity 24778K, committed 25088K, reserved 26624K
}
Event: 10414.847 GC heap after
{Heap after GC invocations=12277 (full 3):
 def new generation   total 1748160K, used 8488K [0x00007eee78400000, 0x00007eeeeecd0000, 0x00007ef3cd950000)
  eden space 1553984K,   0% used [0x00007eee78400000, 0x00007eee78400000, 0x00007eeed7190000)
  from space 194176K,   4% used [0x00007eeee2f30000, 0x00007eeee377a1a8, 0x00007eeeeecd0000)
  to   space 194176K,   0% used [0x00007eeed7190000, 0x00007eeed7190000, 0x00007eeee2f30000)
 tenured generation   total 3884588K, used 3882854K [0x00007ef3cd950000, 0x00007ef4baadb000, 0x00007efe78400000)
   the space 3884588K,  99% used [0x00007ef3cd950000, 0x00007ef4ba9299b8, 0x00007ef4ba929a00, 0x00007ef4baadb000)
 Metaspace       used 24327K, capacity 24778K, committed 25088K, reserved 26624K
}
Event: 10416.430 GC heap before
{Heap before GC invocations=12277 (full 3):
 def new generation   total 1748160K, used 1562472K [0x00007eee78400000, 0x00007eeeeecd0000, 0x00007ef3cd950000)
  eden space 1553984K, 100% used [0x00007eee78400000, 0x00007eeed7190000, 0x00007eeed7190000)
  from space 194176K,   4% used [0x00007eeee2f30000, 0x00007eeee377a1a8, 0x00007eeeeecd0000)
  to   space 194176K,   0% used [0x00007eeed7190000, 0x00007eeed7190000, 0x00007eeee2f30000)
 tenured generation   total 3884588K, used 3882854K [0x00007ef3cd950000, 0x00007ef4baadb000, 0x00007efe78400000)
   the space 3884588K,  99% used [0x00007ef3cd950000, 0x00007ef4ba9299b8, 0x00007ef4ba929a00, 0x00007ef4baadb000)
 Metaspace       used 24327K, capacity 24778K, committed 25088K, reserved 26624K
}
Event: 10416.454 GC heap after
{Heap after GC invocations=12278 (full 3):
 def new generation   total 1748160K, used 8488K [0x00007eee78400000, 0x00007eeeeecd0000, 0x00007ef3cd950000)
  eden space 1553984K,   0% used [0x00007eee78400000, 0x00007eee78400000, 0x00007eeed7190000)
  from space 194176K,   4% used [0x00007eeed7190000, 0x00007eeed79da3c0, 0x00007eeee2f30000)
  to   space 194176K,   0% used [0x00007eeee2f30000, 0x00007eeee2f30000, 0x00007eeeeecd0000)
 tenured generation   total 3884588K, used 3883378K [0x00007ef3cd950000, 0x00007ef4baadb000, 0x00007efe78400000)
   the space 3884588K,  99% used [0x00007ef3cd950000, 0x00007ef4ba9acac8, 0x00007ef4ba9acc00, 0x00007ef4baadb000)
 Metaspace       used 24327K, capacity 24778K, committed 25088K, reserved 26624K
}
Event: 10418.023 GC heap before
{Heap before GC invocations=12278 (full 3):
 def new generation   total 1748160K, used 1562472K [0x00007eee78400000, 0x00007eeeeecd0000, 0x00007ef3cd950000)
  eden space 1553984K, 100% used [0x00007eee78400000, 0x00007eeed7190000, 0x00007eeed7190000)
  from space 194176K,   4% used [0x00007eeed7190000, 0x00007eeed79da3c0, 0x00007eeee2f30000)
  to   space 194176K,   0% used [0x00007eeee2f30000, 0x00007eeee2f30000, 0x00007eeeeecd0000)
 tenured generation   total 3884588K, used 3883378K [0x00007ef3cd950000, 0x00007ef4baadb000, 0x00007efe78400000)
   the space 3884588K,  99% used [0x00007ef3cd950000, 0x00007ef4ba9acac8, 0x00007ef4ba9acc00, 0x00007ef4baadb000)
 Metaspace       used 24327K, capacity 24778K, committed 25088K, reserved 26624K
}
Event: 10418.046 GC heap after
{Heap after GC invocations=12279 (full 3):
 def new generation   total 1748160K, used 8489K [0x00007eee78400000, 0x00007eeeeecd0000, 0x00007ef3cd950000)
  eden space 1553984K,   0% used [0x00007eee78400000, 0x00007eee78400000, 0x00007eeed7190000)
  from space 194176K,   4% used [0x00007eeee2f30000, 0x00007eeee377a768, 0x00007eeeeecd0000)
  to   space 194176K,   0% used [0x00007eeed7190000, 0x00007eeed7190000, 0x00007eeee2f30000)
 tenured generation   total 3884588K, used 3883902K [0x00007ef3cd950000, 0x00007ef4baadb000, 0x00007efe78400000)
   the space 3884588K,  99% used [0x00007ef3cd950000, 0x00007ef4baa2fbd8, 0x00007ef4baa2fc00, 0x00007ef4baadb000)
 Metaspace       used 24327K, capacity 24778K, committed 25088K, reserved 26624K
}
Event: 10419.621 GC heap before
{Heap before GC invocations=12279 (full 3):
 def new generation   total 1748160K, used 1562473K [0x00007eee78400000, 0x00007eeeeecd0000, 0x00007ef3cd950000)
  eden space 1553984K, 100% used [0x00007eee78400000, 0x00007eeed7190000, 0x00007eeed7190000)
  from space 194176K,   4% used [0x00007eeee2f30000, 0x00007eeee377a768, 0x00007eeeeecd0000)
  to   space 194176K,   0% used [0x00007eeed7190000, 0x00007eeed7190000, 0x00007eeee2f30000)
 tenured generation   total 3884588K, used 3883902K [0x00007ef3cd950000, 0x00007ef4baadb000, 0x00007efe78400000)
   the space 3884588K,  99% used [0x00007ef3cd950000, 0x00007ef4baa2fbd8, 0x00007ef4baa2fc00, 0x00007ef4baadb000)
 Metaspace       used 24327K, capacity 24778K, committed 25088K, reserved 26624K
}
Event: 10419.646 GC heap after
{Heap after GC invocations=12280 (full 3):
 def new generation   total 1748160K, used 8489K [0x00007eee78400000, 0x00007eeeeecd0000, 0x00007ef3cd950000)
  eden space 1553984K,   0% used [0x00007eee78400000, 0x00007eee78400000, 0x00007eeed7190000)
  from space 194176K,   4% used [0x00007eeed7190000, 0x00007eeed79da740, 0x00007eeee2f30000)
  to   space 194176K,   0% used [0x00007eeee2f30000, 0x00007eeee2f30000, 0x00007eeeeecd0000)
 tenured generation   total 3884588K, used 3884427K [0x00007ef3cd950000, 0x00007ef4baadb000, 0x00007efe78400000)
   the space 3884588K,  99% used [0x00007ef3cd950000, 0x00007ef4baab2ce8, 0x00007ef4baab2e00, 0x00007ef4baadb000)
 Metaspace       used 24327K, capacity 24778K, committed 25088K, reserved 26624K
}
Event: 10421.211 GC heap before
{Heap before GC invocations=12280 (full 3):
 def new generation   total 1748160K, used 1562473K [0x00007eee78400000, 0x00007eeeeecd0000, 0x00007ef3cd950000)
  eden space 1553984K, 100% used [0x00007eee78400000, 0x00007eeed7190000, 0x00007eeed7190000)
  from space 194176K,   4% used [0x00007eeed7190000, 0x00007eeed79da740, 0x00007eeee2f30000)
  to   space 194176K,   0% used [0x00007eeee2f30000, 0x00007eeee2f30000, 0x00007eeeeecd0000)
 tenured generation   total 3884588K, used 3884427K [0x00007ef3cd950000, 0x00007ef4baadb000, 0x00007efe78400000)
   the space 3884588K,  99% used [0x00007ef3cd950000, 0x00007ef4baab2ce8, 0x00007ef4baab2e00, 0x00007ef4baadb000)
 Metaspace       used 24327K, capacity 24778K, committed 25088K, reserved 26624K
}
Event: 10421.234 GC heap after
{Heap after GC invocations=12281 (full 3):
 def new generation   total 1748160K, used 8506K [0x00007eee78400000, 0x00007eeeeecd0000, 0x00007ef3cd950000)
  eden space 1553984K,   0% used [0x00007eee78400000, 0x00007eee78400000, 0x00007eeed7190000)
  from space 194176K,   4% used [0x00007eeee2f30000, 0x00007eeee377ebf0, 0x00007eeeeecd0000)
  to   space 194176K,   0% used [0x00007eeed7190000, 0x00007eeed7190000, 0x00007eeee2f30000)
 tenured generation   total 3884972K, used 3884934K [0x00007ef3cd950000, 0x00007ef4bab3b000, 0x00007efe78400000)
   the space 3884972K,  99% used [0x00007ef3cd950000, 0x00007ef4bab31878, 0x00007ef4bab31a00, 0x00007ef4bab3b000)
 Metaspace       used 24327K, capacity 24778K, committed 25088K, reserved 26624K
}
Event: 10421.234 GC heap before
{Heap before GC invocations=12281 (full 3):
 def new generation   total 1748160K, used 8506K [0x00007eee78400000, 0x00007eeeeecd0000, 0x00007ef3cd950000)
  eden space 1553984K,   0% used [0x00007eee78400000, 0x00007eee78400000, 0x00007eeed7190000)
  from space 194176K,   4% used [0x00007eeee2f30000, 0x00007eeee377ebf0, 0x00007eeeeecd0000)
  to   space 194176K,   0% used [0x00007eeed7190000, 0x00007eeed7190000, 0x00007eeee2f30000)
 tenured generation   total 3884972K, used 3884934K [0x00007ef3cd950000, 0x00007ef4bab3b000, 0x00007efe78400000)
   the space 3884972K,  99% used [0x00007ef3cd950000, 0x00007ef4bab31878, 0x00007ef4bab31a00, 0x00007ef4bab3b000)
 Metaspace       used 24327K, capacity 24778K, committed 25088K, reserved 26624K
}

