# JRE version: OpenJDK Runtime Environment (13.0.7+5) (build 13.0.7+5-Ubuntu-0ubuntu120.04)
# Java VM: OpenJDK 64-Bit Server VM (13.0.7+5-Ubuntu-0ubuntu120.04, mixed mode, tiered, serial gc, linux-amd64)
Heap:
 def new generation   total 629248K, used 0K [0x00007fce1c600000, 0x00007fce470c0000, 0x00007fd371b50000)
  eden space 559360K,   0% used [0x00007fce1c600000, 0x00007fce1c600000, 0x00007fce3e840000)
  from space 69888K,   0% used [0x00007fce42c80000, 0x00007fce42c80000, 0x00007fce470c0000)
  to   space 69888K,   0% used [0x00007fce3e840000, 0x00007fce3e840000, 0x00007fce42c80000)
 tenured generation   total 9786756K, used 8403345K [0x00007fd371b50000, 0x00007fd5c70b1000, 0x00007fde1c600000)
   the space 9786756K,  85% used [0x00007fd371b50000, 0x00007fd5729b4488, 0x00007fd5729b4600, 0x00007fd5c70b1000)
 Metaspace       used 23277K, capacity 23674K, committed 23808K, reserved 24576K
GC Heap History (19 events):
Event: 2.949 GC heap before
{Heap before GC invocations=0 (full 0):
 def new generation   total 629120K, used 100662K [0x00007fce1c600000, 0x00007fce470a0000, 0x00007fd371b50000)
  eden space 559232K,  18% used [0x00007fce1c600000, 0x00007fce2284d8e0, 0x00007fce3e820000)
  from space 69888K,   0% used [0x00007fce3e820000, 0x00007fce3e820000, 0x00007fce42c60000)
  to   space 69888K,   0% used [0x00007fce42c60000, 0x00007fce42c60000, 0x00007fce470a0000)
 tenured generation   total 1398144K, used 0K [0x00007fd371b50000, 0x00007fd3c70b0000, 0x00007fde1c600000)
   the space 1398144K,   0% used [0x00007fd371b50000, 0x00007fd371b50000, 0x00007fd371b50200, 0x00007fd3c70b0000)
 Metaspace       used 20911K, capacity 21206K, committed 21248K, reserved 22528K
}
Event: 3.033 GC heap after
{Heap after GC invocations=1 (full 1):
 def new generation   total 629248K, used 0K [0x00007fce1c600000, 0x00007fce470c0000, 0x00007fd371b50000)
  eden space 559360K,   0% used [0x00007fce1c600000, 0x00007fce1c600000, 0x00007fce3e840000)
  from space 69888K,   0% used [0x00007fce3e840000, 0x00007fce3e840000, 0x00007fce42c80000)
  to   space 69888K,   0% used [0x00007fce42c80000, 0x00007fce42c80000, 0x00007fce470c0000)
 tenured generation   total 1398144K, used 13588K [0x00007fd371b50000, 0x00007fd3c70b0000, 0x00007fde1c600000)
   the space 1398144K,   0% used [0x00007fd371b50000, 0x00007fd372895058, 0x00007fd372895200, 0x00007fd3c70b0000)
 Metaspace       used 20911K, capacity 21206K, committed 21248K, reserved 22528K
}
Event: 5.032 GC heap before
{Heap before GC invocations=1 (full 1):
 def new generation   total 629248K, used 559360K [0x00007fce1c600000, 0x00007fce470c0000, 0x00007fd371b50000)
  eden space 559360K, 100% used [0x00007fce1c600000, 0x00007fce3e840000, 0x00007fce3e840000)
  from space 69888K,   0% used [0x00007fce3e840000, 0x00007fce3e840000, 0x00007fce42c80000)
  to   space 69888K,   0% used [0x00007fce42c80000, 0x00007fce42c80000, 0x00007fce470c0000)
 tenured generation   total 1398144K, used 13588K [0x00007fd371b50000, 0x00007fd3c70b0000, 0x00007fde1c600000)
   the space 1398144K,   0% used [0x00007fd371b50000, 0x00007fd372895058, 0x00007fd372895200, 0x00007fd3c70b0000)
 Metaspace       used 23060K, capacity 23393K, committed 23552K, reserved 24576K
}
Event: 5.039 GC heap after
{Heap after GC invocations=2 (full 1):
 def new generation   total 629248K, used 731K [0x00007fce1c600000, 0x00007fce470c0000, 0x00007fd371b50000)
  eden space 559360K,   0% used [0x00007fce1c600000, 0x00007fce1c600000, 0x00007fce3e840000)
  from space 69888K,   1% used [0x00007fce42c80000, 0x00007fce42d36c68, 0x00007fce470c0000)
  to   space 69888K,   0% used [0x00007fce3e840000, 0x00007fce3e840000, 0x00007fce42c80000)
 tenured generation   total 1398144K, used 13588K [0x00007fd371b50000, 0x00007fd3c70b0000, 0x00007fde1c600000)
   the space 1398144K,   0% used [0x00007fd371b50000, 0x00007fd372895058, 0x00007fd372895200, 0x00007fd3c70b0000)
 Metaspace       used 23060K, capacity 23393K, committed 23552K, reserved 24576K
}
Event: 6.041 GC heap before
{Heap before GC invocations=2 (full 1):
 def new generation   total 629248K, used 560091K [0x00007fce1c600000, 0x00007fce470c0000, 0x00007fd371b50000)
  eden space 559360K, 100% used [0x00007fce1c600000, 0x00007fce3e840000, 0x00007fce3e840000)
  from space 69888K,   1% used [0x00007fce42c80000, 0x00007fce42d36c68, 0x00007fce470c0000)
  to   space 69888K,   0% used [0x00007fce3e840000, 0x00007fce3e840000, 0x00007fce42c80000)
 tenured generation   total 1398144K, used 13588K [0x00007fd371b50000, 0x00007fd3c70b0000, 0x00007fde1c600000)
   the space 1398144K,   0% used [0x00007fd371b50000, 0x00007fd372895058, 0x00007fd372895200, 0x00007fd3c70b0000)
 Metaspace       used 23070K, capacity 23394K, committed 23552K, reserved 24576K
}
Event: 6.044 GC heap after
{Heap after GC invocations=3 (full 1):
 def new generation   total 629248K, used 977K [0x00007fce1c600000, 0x00007fce470c0000, 0x00007fd371b50000)
  eden space 559360K,   0% used [0x00007fce1c600000, 0x00007fce1c600000, 0x00007fce3e840000)
  from space 69888K,   1% used [0x00007fce3e840000, 0x00007fce3e934788, 0x00007fce42c80000)
  to   space 69888K,   0% used [0x00007fce42c80000, 0x00007fce42c80000, 0x00007fce470c0000)
 tenured generation   total 1398144K, used 13588K [0x00007fd371b50000, 0x00007fd3c70b0000, 0x00007fde1c600000)
   the space 1398144K,   0% used [0x00007fd371b50000, 0x00007fd372895058, 0x00007fd372895200, 0x00007fd3c70b0000)
 Metaspace       used 23070K, capacity 23394K, committed 23552K, reserved 24576K
}
Event: 6.775 GC heap before
{Heap before GC invocations=3 (full 1):
 def new generation   total 629248K, used 522248K [0x00007fce1c600000, 0x00007fce470c0000, 0x00007fd371b50000)
  eden space 559360K,  93% used [0x00007fce1c600000, 0x00007fce3c30d9e0, 0x00007fce3e840000)
  from space 69888K,   1% used [0x00007fce3e840000, 0x00007fce3e934788, 0x00007fce42c80000)
  to   space 69888K,   0% used [0x00007fce42c80000, 0x00007fce42c80000, 0x00007fce470c0000)
 tenured generation   total 1398144K, used 13588K [0x00007fd371b50000, 0x00007fd3c70b0000, 0x00007fde1c600000)
   the space 1398144K,   0% used [0x00007fd371b50000, 0x00007fd372895058, 0x00007fd372895200, 0x00007fd3c70b0000)
 Metaspace       used 23274K, capacity 23674K, committed 23808K, reserved 24576K
}
Event: 6.831 GC heap after
{Heap after GC invocations=4 (full 1):
 def new generation   total 629248K, used 66687K [0x00007fce1c600000, 0x00007fce470c0000, 0x00007fd371b50000)
  eden space 559360K,   0% used [0x00007fce1c600000, 0x00007fce1c600000, 0x00007fce3e840000)
  from space 69888K,  95% used [0x00007fce42c80000, 0x00007fce46d9fca0, 0x00007fce470c0000)
  to   space 69888K,   0% used [0x00007fce3e840000, 0x00007fce3e840000, 0x00007fce42c80000)
 tenured generation   total 1398144K, used 13588K [0x00007fd371b50000, 0x00007fd3c70b0000, 0x00007fde1c600000)
   the space 1398144K,   0% used [0x00007fd371b50000, 0x00007fd372895058, 0x00007fd372895200, 0x00007fd3c70b0000)
 Metaspace       used 23274K, capacity 23674K, committed 23808K, reserved 24576K
}
Event: 6.853 GC heap before
{Heap before GC invocations=4 (full 1):
 def new generation   total 629248K, used 146834K [0x00007fce1c600000, 0x00007fce470c0000, 0x00007fd371b50000)
  eden space 559360K,  14% used [0x00007fce1c600000, 0x00007fce21444cd8, 0x00007fce3e840000)
  from space 69888K,  95% used [0x00007fce42c80000, 0x00007fce46d9fca0, 0x00007fce470c0000)
  to   space 69888K,   0% used [0x00007fce3e840000, 0x00007fce3e840000, 0x00007fce42c80000)
 tenured generation   total 1398144K, used 13588K [0x00007fd371b50000, 0x00007fd3c70b0000, 0x00007fde1c600000)
   the space 1398144K,   0% used [0x00007fd371b50000, 0x00007fd372895058, 0x00007fd372895200, 0x00007fd3c70b0000)
 Metaspace       used 23277K, capacity 23674K, committed 23808K, reserved 24576K
}
Event: 6.974 GC heap after
{Heap after GC invocations=5 (full 1):
 def new generation   total 629248K, used 65536K [0x00007fce1c600000, 0x00007fce470c0000, 0x00007fd371b50000)
  eden space 559360K,   0% used [0x00007fce1c600000, 0x00007fce1c600000, 0x00007fce3e840000)
  from space 69888K,  93% used [0x00007fce3e840000, 0x00007fce428402b0, 0x00007fce42c80000)
  to   space 69888K,   0% used [0x00007fce42c80000, 0x00007fce42c80000, 0x00007fce470c0000)
 tenured generation   total 1398144K, used 80274K [0x00007fd371b50000, 0x00007fd3c70b0000, 0x00007fde1c600000)
   the space 1398144K,   5% used [0x00007fd371b50000, 0x00007fd3769b49e8, 0x00007fd3769b4a00, 0x00007fd3c70b0000)
 Metaspace       used 23277K, capacity 23674K, committed 23808K, reserved 24576K
}
Event: 7.392 GC heap before
{Heap before GC invocations=5 (full 1):
 def new generation   total 629248K, used 600799K [0x00007fce1c600000, 0x00007fce470c0000, 0x00007fd371b50000)
  eden space 559360K,  95% used [0x00007fce1c600000, 0x00007fce3d0b7cf0, 0x00007fce3e840000)
  from space 69888K,  93% used [0x00007fce3e840000, 0x00007fce428402b0, 0x00007fce42c80000)
  to   space 69888K,   0% used [0x00007fce42c80000, 0x00007fce42c80000, 0x00007fce470c0000)
 tenured generation   total 1398144K, used 80274K [0x00007fd371b50000, 0x00007fd3c70b0000, 0x00007fde1c600000)
   the space 1398144K,   5% used [0x00007fd371b50000, 0x00007fd3769b49e8, 0x00007fd3769b4a00, 0x00007fd3c70b0000)
 Metaspace       used 23277K, capacity 23674K, committed 23808K, reserved 24576K
}
Event: 7.975 GC heap after
{Heap after GC invocations=6 (full 1):
 def new generation   total 629248K, used 0K [0x00007fce1c600000, 0x00007fce470c0000, 0x00007fd371b50000)
  eden space 559360K,   0% used [0x00007fce1c600000, 0x00007fce1c600000, 0x00007fce3e840000)
  from space 69888K,   0% used [0x00007fce42c80000, 0x00007fce42c80158, 0x00007fce470c0000)
  to   space 69888K,   0% used [0x00007fce3e840000, 0x00007fce3e840000, 0x00007fce42c80000)
 tenured generation   total 1398144K, used 670098K [0x00007fd371b50000, 0x00007fd3c70b0000, 0x00007fde1c600000)
   the space 1398144K,  47% used [0x00007fd371b50000, 0x00007fd39a9b4b60, 0x00007fd39a9b4c00, 0x00007fd3c70b0000)
 Metaspace       used 23277K, capacity 23674K, committed 23808K, reserved 24576K
}
Event: 8.324 GC heap before
{Heap before GC invocations=6 (full 1):
 def new generation   total 629248K, used 535257K [0x00007fce1c600000, 0x00007fce470c0000, 0x00007fd371b50000)
  eden space 559360K,  95% used [0x00007fce1c600000, 0x00007fce3d0b64c0, 0x00007fce3e840000)
  from space 69888K,   0% used [0x00007fce42c80000, 0x00007fce42c80158, 0x00007fce470c0000)
  to   space 69888K,   0% used [0x00007fce3e840000, 0x00007fce3e840000, 0x00007fce42c80000)
 tenured generation   total 1398144K, used 670098K [0x00007fd371b50000, 0x00007fd3c70b0000, 0x00007fde1c600000)
   the space 1398144K,  47% used [0x00007fd371b50000, 0x00007fd39a9b4b60, 0x00007fd39a9b4c00, 0x00007fd3c70b0000)
 Metaspace       used 23277K, capacity 23674K, committed 23808K, reserved 24576K
}
Event: 8.857 GC heap after
{Heap after GC invocations=7 (full 1):
 def new generation   total 629248K, used 1K [0x00007fce1c600000, 0x00007fce470c0000, 0x00007fd371b50000)
  eden space 559360K,   0% used [0x00007fce1c600000, 0x00007fce1c600000, 0x00007fce3e840000)
  from space 69888K,   0% used [0x00007fce3e840000, 0x00007fce3e840420, 0x00007fce42c80000)
  to   space 69888K,   0% used [0x00007fce42c80000, 0x00007fce42c80000, 0x00007fce470c0000)
 tenured generation   total 1398144K, used 1194386K [0x00007fd371b50000, 0x00007fd3c70b0000, 0x00007fde1c600000)
   the space 1398144K,  85% used [0x00007fd371b50000, 0x00007fd3ba9b4b90, 0x00007fd3ba9b4c00, 0x00007fd3c70b0000)
 Metaspace       used 23277K, capacity 23674K, committed 23808K, reserved 24576K
}
Event: 8.857 GC heap before
{Heap before GC invocations=7 (full 1):
 def new generation   total 629248K, used 1K [0x00007fce1c600000, 0x00007fce470c0000, 0x00007fd371b50000)
  eden space 559360K,   0% used [0x00007fce1c600000, 0x00007fce1c600000, 0x00007fce3e840000)
  from space 69888K,   0% used [0x00007fce3e840000, 0x00007fce3e840420, 0x00007fce42c80000)
  to   space 69888K,   0% used [0x00007fce42c80000, 0x00007fce42c80000, 0x00007fce470c0000)
 tenured generation   total 1398144K, used 1194386K [0x00007fd371b50000, 0x00007fd3c70b0000, 0x00007fde1c600000)
   the space 1398144K,  85% used [0x00007fd371b50000, 0x00007fd3ba9b4b90, 0x00007fd3ba9b4c00, 0x00007fd3c70b0000)
 Metaspace       used 23277K, capacity 23674K, committed 23808K, reserved 24576K
}
Event: 9.049 GC heap after
{Heap after GC invocations=7 (full 2):
 def new generation   total 629248K, used 0K [0x00007fce1c600000, 0x00007fce470c0000, 0x00007fd371b50000)
  eden space 559360K,   0% used [0x00007fce1c600000, 0x00007fce1c600000, 0x00007fce3e840000)
  from space 69888K,   0% used [0x00007fce3e840000, 0x00007fce3e840000, 0x00007fce42c80000)
  to   space 69888K,   0% used [0x00007fce42c80000, 0x00007fce42c80000, 0x00007fce470c0000)
 tenured generation   total 1398144K, used 539025K [0x00007fd371b50000, 0x00007fd3c70b0000, 0x00007fde1c600000)
   the space 1398144K,  38% used [0x00007fd371b50000, 0x00007fd3929b45b8, 0x00007fd3929b4600, 0x00007fd3c70b0000)
 Metaspace       used 23277K, capacity 23674K, committed 23808K, reserved 24576K
}
Event: 18.064 GC heap before
{Heap before GC invocations=7 (full 2):
 def new generation   total 629248K, used 10965K [0x00007fce1c600000, 0x00007fce470c0000, 0x00007fd371b50000)
  eden space 559360K,   1% used [0x00007fce1c600000, 0x00007fce1d0b54f0, 0x00007fce3e840000)
  from space 69888K,   0% used [0x00007fce3e840000, 0x00007fce3e840000, 0x00007fce42c80000)
  to   space 69888K,   0% used [0x00007fce42c80000, 0x00007fce42c80000, 0x00007fce470c0000)
 tenured generation   total 9786756K, used 8927633K [0x00007fd371b50000, 0x00007fd5c70b1000, 0x00007fde1c600000)
   the space 9786756K,  91% used [0x00007fd371b50000, 0x00007fd5929b45d0, 0x00007fd5929b4600, 0x00007fd5c70b1000)
 Metaspace       used 23277K, capacity 23674K, committed 23808K, reserved 24576K
}
Event: 18.213 GC heap after
{Heap after GC invocations=8 (full 2):
 def new generation   total 629248K, used 0K [0x00007fce1c600000, 0x00007fce470c0000, 0x00007fd371b50000)
  eden space 559360K,   0% used [0x00007fce1c600000, 0x00007fce1c600000, 0x00007fce3e840000)
  from space 69888K,   0% used [0x00007fce42c80000, 0x00007fce42c80200, 0x00007fce470c0000)
  to   space 69888K,   0% used [0x00007fce3e840000, 0x00007fce3e840000, 0x00007fce42c80000)
 tenured generation   total 9786756K, used 8927633K [0x00007fd371b50000, 0x00007fd5c70b1000, 0x00007fde1c600000)
   the space 9786756K,  91% used [0x00007fd371b50000, 0x00007fd5929b45d0, 0x00007fd5929b4600, 0x00007fd5c70b1000)
 Metaspace       used 23277K, capacity 23674K, committed 23808K, reserved 24576K
}
Event: 18.213 GC heap before
{Heap before GC invocations=8 (full 2):
 def new generation   total 629248K, used 0K [0x00007fce1c600000, 0x00007fce470c0000, 0x00007fd371b50000)
  eden space 559360K,   0% used [0x00007fce1c600000, 0x00007fce1c600000, 0x00007fce3e840000)
  from space 69888K,   0% used [0x00007fce42c80000, 0x00007fce42c80200, 0x00007fce470c0000)
  to   space 69888K,   0% used [0x00007fce3e840000, 0x00007fce3e840000, 0x00007fce42c80000)
 tenured generation   total 9786756K, used 8927633K [0x00007fd371b50000, 0x00007fd5c70b1000, 0x00007fde1c600000)
   the space 9786756K,  91% used [0x00007fd371b50000, 0x00007fd5929b45d0, 0x00007fd5929b4600, 0x00007fd5c70b1000)
 Metaspace       used 23277K, capacity 23674K, committed 23808K, reserved 24576K
}

