# JRE version: OpenJDK Runtime Environment (13.0.7+5) (build 13.0.7+5-Ubuntu-0ubuntu120.04)
# Java VM: OpenJDK 64-Bit Server VM (13.0.7+5-Ubuntu-0ubuntu120.04, mixed mode, tiered, serial gc, linux-amd64)
Heap:
 def new generation   total 2912832K, used 23743K [0x00007f74f8600000, 0x00007f75bdea0000, 0x00007f7a4db50000)
  eden space 2589184K,   0% used [0x00007f74f8600000, 0x00007f74f9d2fe10, 0x00007f7596680000)
  from space 323648K,   0% used [0x00007f75aa290000, 0x00007f75aa290000, 0x00007f75bdea0000)
  to   space 323648K,   0% used [0x00007f7596680000, 0x00007f7596680000, 0x00007f75aa290000)
 tenured generation   total 6473024K, used 6473023K [0x00007f7a4db50000, 0x00007f7bd8ca0000, 0x00007f84f8600000)
   the space 6473024K,  99% used [0x00007f7a4db50000, 0x00007f7bd8c9ffc8, 0x00007f7bd8ca0000, 0x00007f7bd8ca0000)
 Metaspace       used 24260K, capacity 24619K, committed 24832K, reserved 26624K
GC Heap History (20 events):
Event: 7477.126 GC heap after
{Heap after GC invocations=10442 (full 4):
 def new generation   total 2912832K, used 23327K [0x00007f74f8600000, 0x00007f75bdea0000, 0x00007f7a4db50000)
  eden space 2589184K,   0% used [0x00007f74f8600000, 0x00007f74f8600000, 0x00007f7596680000)
  from space 323648K,   7% used [0x00007f7596680000, 0x00007f7597d47f50, 0x00007f75aa290000)
  to   space 323648K,   0% used [0x00007f75aa290000, 0x00007f75aa290000, 0x00007f75bdea0000)
 tenured generation   total 6472832K, used 6458148K [0x00007f7a4db50000, 0x00007f7bd8c70000, 0x00007f84f8600000)
   the space 6472832K,  99% used [0x00007f7a4db50000, 0x00007f7bd7e19298, 0x00007f7bd7e19400, 0x00007f7bd8c70000)
 Metaspace       used 24260K, capacity 24619K, committed 24832K, reserved 26624K
}
Event: 7478.633 GC heap before
{Heap before GC invocations=10442 (full 4):
 def new generation   total 2912832K, used 2612511K [0x00007f74f8600000, 0x00007f75bdea0000, 0x00007f7a4db50000)
  eden space 2589184K, 100% used [0x00007f74f8600000, 0x00007f7596680000, 0x00007f7596680000)
  from space 323648K,   7% used [0x00007f7596680000, 0x00007f7597d47f50, 0x00007f75aa290000)
  to   space 323648K,   0% used [0x00007f75aa290000, 0x00007f75aa290000, 0x00007f75bdea0000)
 tenured generation   total 6472832K, used 6458148K [0x00007f7a4db50000, 0x00007f7bd8c70000, 0x00007f84f8600000)
   the space 6472832K,  99% used [0x00007f7a4db50000, 0x00007f7bd7e19298, 0x00007f7bd7e19400, 0x00007f7bd8c70000)
 Metaspace       used 24260K, capacity 24619K, committed 24832K, reserved 26624K
}
Event: 7478.675 GC heap after
{Heap after GC invocations=10443 (full 4):
 def new generation   total 2912832K, used 21966K [0x00007f74f8600000, 0x00007f75bdea0000, 0x00007f7a4db50000)
  eden space 2589184K,   0% used [0x00007f74f8600000, 0x00007f74f8600000, 0x00007f7596680000)
  from space 323648K,   6% used [0x00007f75aa290000, 0x00007f75ab803ac0, 0x00007f75bdea0000)
  to   space 323648K,   0% used [0x00007f7596680000, 0x00007f7596680000, 0x00007f75aa290000)
 tenured generation   total 6472832K, used 6460491K [0x00007f7a4db50000, 0x00007f7bd8c70000, 0x00007f84f8600000)
   the space 6472832K,  99% used [0x00007f7a4db50000, 0x00007f7bd8062dc8, 0x00007f7bd8062e00, 0x00007f7bd8c70000)
 Metaspace       used 24260K, capacity 24619K, committed 24832K, reserved 26624K
}
Event: 7480.189 GC heap before
{Heap before GC invocations=10443 (full 4):
 def new generation   total 2912832K, used 2611150K [0x00007f74f8600000, 0x00007f75bdea0000, 0x00007f7a4db50000)
  eden space 2589184K, 100% used [0x00007f74f8600000, 0x00007f7596680000, 0x00007f7596680000)
  from space 323648K,   6% used [0x00007f75aa290000, 0x00007f75ab803ac0, 0x00007f75bdea0000)
  to   space 323648K,   0% used [0x00007f7596680000, 0x00007f7596680000, 0x00007f75aa290000)
 tenured generation   total 6472832K, used 6460491K [0x00007f7a4db50000, 0x00007f7bd8c70000, 0x00007f84f8600000)
   the space 6472832K,  99% used [0x00007f7a4db50000, 0x00007f7bd8062dc8, 0x00007f7bd8062e00, 0x00007f7bd8c70000)
 Metaspace       used 24260K, capacity 24619K, committed 24832K, reserved 26624K
}
Event: 7480.226 GC heap after
{Heap after GC invocations=10444 (full 4):
 def new generation   total 2912832K, used 20655K [0x00007f74f8600000, 0x00007f75bdea0000, 0x00007f7a4db50000)
  eden space 2589184K,   0% used [0x00007f74f8600000, 0x00007f74f8600000, 0x00007f7596680000)
  from space 323648K,   6% used [0x00007f7596680000, 0x00007f7597aabc68, 0x00007f75aa290000)
  to   space 323648K,   0% used [0x00007f75aa290000, 0x00007f75aa290000, 0x00007f75bdea0000)
 tenured generation   total 6472832K, used 6462854K [0x00007f7a4db50000, 0x00007f7bd8c70000, 0x00007f84f8600000)
   the space 6472832K,  99% used [0x00007f7a4db50000, 0x00007f7bd82b19b8, 0x00007f7bd82b1a00, 0x00007f7bd8c70000)
 Metaspace       used 24260K, capacity 24619K, committed 24832K, reserved 26624K
}
Event: 7481.762 GC heap before
{Heap before GC invocations=10444 (full 4):
 def new generation   total 2912832K, used 2609839K [0x00007f74f8600000, 0x00007f75bdea0000, 0x00007f7a4db50000)
  eden space 2589184K, 100% used [0x00007f74f8600000, 0x00007f7596680000, 0x00007f7596680000)
  from space 323648K,   6% used [0x00007f7596680000, 0x00007f7597aabc68, 0x00007f75aa290000)
  to   space 323648K,   0% used [0x00007f75aa290000, 0x00007f75aa290000, 0x00007f75bdea0000)
 tenured generation   total 6472832K, used 6462854K [0x00007f7a4db50000, 0x00007f7bd8c70000, 0x00007f84f8600000)
   the space 6472832K,  99% used [0x00007f7a4db50000, 0x00007f7bd82b19b8, 0x00007f7bd82b1a00, 0x00007f7bd8c70000)
 Metaspace       used 24260K, capacity 24619K, committed 24832K, reserved 26624K
}
Event: 7481.798 GC heap after
{Heap after GC invocations=10445 (full 4):
 def new generation   total 2912832K, used 21770K [0x00007f74f8600000, 0x00007f75bdea0000, 0x00007f7a4db50000)
  eden space 2589184K,   0% used [0x00007f74f8600000, 0x00007f74f8600000, 0x00007f7596680000)
  from space 323648K,   6% used [0x00007f75aa290000, 0x00007f75ab7d2a08, 0x00007f75bdea0000)
  to   space 323648K,   0% used [0x00007f7596680000, 0x00007f7596680000, 0x00007f75aa290000)
 tenured generation   total 6472832K, used 6463873K [0x00007f7a4db50000, 0x00007f7bd8c70000, 0x00007f84f8600000)
   the space 6472832K,  99% used [0x00007f7a4db50000, 0x00007f7bd83b0558, 0x00007f7bd83b0600, 0x00007f7bd8c70000)
 Metaspace       used 24260K, capacity 24619K, committed 24832K, reserved 26624K
}
Event: 7483.309 GC heap before
{Heap before GC invocations=10445 (full 4):
 def new generation   total 2912832K, used 2610954K [0x00007f74f8600000, 0x00007f75bdea0000, 0x00007f7a4db50000)
  eden space 2589184K, 100% used [0x00007f74f8600000, 0x00007f7596680000, 0x00007f7596680000)
  from space 323648K,   6% used [0x00007f75aa290000, 0x00007f75ab7d2a08, 0x00007f75bdea0000)
  to   space 323648K,   0% used [0x00007f7596680000, 0x00007f7596680000, 0x00007f75aa290000)
 tenured generation   total 6472832K, used 6463873K [0x00007f7a4db50000, 0x00007f7bd8c70000, 0x00007f84f8600000)
   the space 6472832K,  99% used [0x00007f7a4db50000, 0x00007f7bd83b0558, 0x00007f7bd83b0600, 0x00007f7bd8c70000)
 Metaspace       used 24260K, capacity 24619K, committed 24832K, reserved 26624K
}
Event: 7483.352 GC heap after
{Heap after GC invocations=10446 (full 4):
 def new generation   total 2912832K, used 23177K [0x00007f74f8600000, 0x00007f75bdea0000, 0x00007f7a4db50000)
  eden space 2589184K,   0% used [0x00007f74f8600000, 0x00007f74f8600000, 0x00007f7596680000)
  from space 323648K,   7% used [0x00007f7596680000, 0x00007f7597d22418, 0x00007f75aa290000)
  to   space 323648K,   0% used [0x00007f75aa290000, 0x00007f75aa290000, 0x00007f75bdea0000)
 tenured generation   total 6472832K, used 6464796K [0x00007f7a4db50000, 0x00007f7bd8c70000, 0x00007f84f8600000)
   the space 6472832K,  99% used [0x00007f7a4db50000, 0x00007f7bd8497058, 0x00007f7bd8497200, 0x00007f7bd8c70000)
 Metaspace       used 24260K, capacity 24619K, committed 24832K, reserved 26624K
}
Event: 7484.864 GC heap before
{Heap before GC invocations=10446 (full 4):
 def new generation   total 2912832K, used 2612361K [0x00007f74f8600000, 0x00007f75bdea0000, 0x00007f7a4db50000)
  eden space 2589184K, 100% used [0x00007f74f8600000, 0x00007f7596680000, 0x00007f7596680000)
  from space 323648K,   7% used [0x00007f7596680000, 0x00007f7597d22418, 0x00007f75aa290000)
  to   space 323648K,   0% used [0x00007f75aa290000, 0x00007f75aa290000, 0x00007f75bdea0000)
 tenured generation   total 6472832K, used 6464796K [0x00007f7a4db50000, 0x00007f7bd8c70000, 0x00007f84f8600000)
   the space 6472832K,  99% used [0x00007f7a4db50000, 0x00007f7bd8497058, 0x00007f7bd8497200, 0x00007f7bd8c70000)
 Metaspace       used 24260K, capacity 24619K, committed 24832K, reserved 26624K
}
Event: 7484.907 GC heap after
{Heap after GC invocations=10447 (full 4):
 def new generation   total 2912832K, used 22381K [0x00007f74f8600000, 0x00007f75bdea0000, 0x00007f7a4db50000)
  eden space 2589184K,   0% used [0x00007f74f8600000, 0x00007f74f8600000, 0x00007f7596680000)
  from space 323648K,   6% used [0x00007f75aa290000, 0x00007f75ab86b700, 0x00007f75bdea0000)
  to   space 323648K,   0% used [0x00007f7596680000, 0x00007f7596680000, 0x00007f75aa290000)
 tenured generation   total 6472832K, used 6466329K [0x00007f7a4db50000, 0x00007f7bd8c70000, 0x00007f84f8600000)
   the space 6472832K,  99% used [0x00007f7a4db50000, 0x00007f7bd8616598, 0x00007f7bd8616600, 0x00007f7bd8c70000)
 Metaspace       used 24260K, capacity 24619K, committed 24832K, reserved 26624K
}
Event: 7486.432 GC heap before
{Heap before GC invocations=10447 (full 4):
 def new generation   total 2912832K, used 2611565K [0x00007f74f8600000, 0x00007f75bdea0000, 0x00007f7a4db50000)
  eden space 2589184K, 100% used [0x00007f74f8600000, 0x00007f7596680000, 0x00007f7596680000)
  from space 323648K,   6% used [0x00007f75aa290000, 0x00007f75ab86b700, 0x00007f75bdea0000)
  to   space 323648K,   0% used [0x00007f7596680000, 0x00007f7596680000, 0x00007f75aa290000)
 tenured generation   total 6472832K, used 6466329K [0x00007f7a4db50000, 0x00007f7bd8c70000, 0x00007f84f8600000)
   the space 6472832K,  99% used [0x00007f7a4db50000, 0x00007f7bd8616598, 0x00007f7bd8616600, 0x00007f7bd8c70000)
 Metaspace       used 24260K, capacity 24619K, committed 24832K, reserved 26624K
}
Event: 7486.474 GC heap after
{Heap after GC invocations=10448 (full 4):
 def new generation   total 2912832K, used 21724K [0x00007f74f8600000, 0x00007f75bdea0000, 0x00007f7a4db50000)
  eden space 2589184K,   0% used [0x00007f74f8600000, 0x00007f74f8600000, 0x00007f7596680000)
  from space 323648K,   6% used [0x00007f7596680000, 0x00007f7597bb73d0, 0x00007f75aa290000)
  to   space 323648K,   0% used [0x00007f75aa290000, 0x00007f75aa290000, 0x00007f75bdea0000)
 tenured generation   total 6472832K, used 6467991K [0x00007f7a4db50000, 0x00007f7bd8c70000, 0x00007f84f8600000)
   the space 6472832K,  99% used [0x00007f7a4db50000, 0x00007f7bd87b5eb8, 0x00007f7bd87b6000, 0x00007f7bd8c70000)
 Metaspace       used 24260K, capacity 24619K, committed 24832K, reserved 26624K
}
Event: 7487.975 GC heap before
{Heap before GC invocations=10448 (full 4):
 def new generation   total 2912832K, used 2610908K [0x00007f74f8600000, 0x00007f75bdea0000, 0x00007f7a4db50000)
  eden space 2589184K, 100% used [0x00007f74f8600000, 0x00007f7596680000, 0x00007f7596680000)
  from space 323648K,   6% used [0x00007f7596680000, 0x00007f7597bb73d0, 0x00007f75aa290000)
  to   space 323648K,   0% used [0x00007f75aa290000, 0x00007f75aa290000, 0x00007f75bdea0000)
 tenured generation   total 6472832K, used 6467991K [0x00007f7a4db50000, 0x00007f7bd8c70000, 0x00007f84f8600000)
   the space 6472832K,  99% used [0x00007f7a4db50000, 0x00007f7bd87b5eb8, 0x00007f7bd87b6000, 0x00007f7bd8c70000)
 Metaspace       used 24260K, capacity 24619K, committed 24832K, reserved 26624K
}
Event: 7488.024 GC heap after
{Heap after GC invocations=10449 (full 4):
 def new generation   total 2912832K, used 21817K [0x00007f74f8600000, 0x00007f75bdea0000, 0x00007f7a4db50000)
  eden space 2589184K,   0% used [0x00007f74f8600000, 0x00007f74f8600000, 0x00007f7596680000)
  from space 323648K,   6% used [0x00007f75aa290000, 0x00007f75ab7de4f8, 0x00007f75bdea0000)
  to   space 323648K,   0% used [0x00007f7596680000, 0x00007f7596680000, 0x00007f75aa290000)
 tenured generation   total 6472832K, used 6470667K [0x00007f7a4db50000, 0x00007f7bd8c70000, 0x00007f84f8600000)
   the space 6472832K,  99% used [0x00007f7a4db50000, 0x00007f7bd8a52d08, 0x00007f7bd8a52e00, 0x00007f7bd8c70000)
 Metaspace       used 24260K, capacity 24619K, committed 24832K, reserved 26624K
}
Event: 7489.536 GC heap before
{Heap before GC invocations=10449 (full 4):
 def new generation   total 2912832K, used 2611001K [0x00007f74f8600000, 0x00007f75bdea0000, 0x00007f7a4db50000)
  eden space 2589184K, 100% used [0x00007f74f8600000, 0x00007f7596680000, 0x00007f7596680000)
  from space 323648K,   6% used [0x00007f75aa290000, 0x00007f75ab7de4f8, 0x00007f75bdea0000)
  to   space 323648K,   0% used [0x00007f7596680000, 0x00007f7596680000, 0x00007f75aa290000)
 tenured generation   total 6472832K, used 6470667K [0x00007f7a4db50000, 0x00007f7bd8c70000, 0x00007f84f8600000)
   the space 6472832K,  99% used [0x00007f7a4db50000, 0x00007f7bd8a52d08, 0x00007f7bd8a52e00, 0x00007f7bd8c70000)
 Metaspace       used 24260K, capacity 24619K, committed 24832K, reserved 26624K
}
Event: 7489.579 GC heap after
{Heap after GC invocations=10450 (full 4):
 def new generation   total 2912832K, used 23710K [0x00007f74f8600000, 0x00007f75bdea0000, 0x00007f7a4db50000)
  eden space 2589184K,   0% used [0x00007f74f8600000, 0x00007f74f8600000, 0x00007f7596680000)
  from space 323648K,   7% used [0x00007f7596680000, 0x00007f7597da7800, 0x00007f75aa290000)
  to   space 323648K,   0% used [0x00007f75aa290000, 0x00007f75aa290000, 0x00007f75bdea0000)
 tenured generation   total 6472832K, used 6472055K [0x00007f7a4db50000, 0x00007f7bd8c70000, 0x00007f84f8600000)
   the space 6472832K,  99% used [0x00007f7a4db50000, 0x00007f7bd8bade98, 0x00007f7bd8bae000, 0x00007f7bd8c70000)
 Metaspace       used 24260K, capacity 24619K, committed 24832K, reserved 26624K
}
Event: 7491.082 GC heap before
{Heap before GC invocations=10450 (full 4):
 def new generation   total 2912832K, used 2612894K [0x00007f74f8600000, 0x00007f75bdea0000, 0x00007f7a4db50000)
  eden space 2589184K, 100% used [0x00007f74f8600000, 0x00007f7596680000, 0x00007f7596680000)
  from space 323648K,   7% used [0x00007f7596680000, 0x00007f7597da7800, 0x00007f75aa290000)
  to   space 323648K,   0% used [0x00007f75aa290000, 0x00007f75aa290000, 0x00007f75bdea0000)
 tenured generation   total 6472832K, used 6472055K [0x00007f7a4db50000, 0x00007f7bd8c70000, 0x00007f84f8600000)
   the space 6472832K,  99% used [0x00007f7a4db50000, 0x00007f7bd8bade98, 0x00007f7bd8bae000, 0x00007f7bd8c70000)
 Metaspace       used 24260K, capacity 24619K, committed 24832K, reserved 26624K
}
Event: 7491.133 GC heap after
{Heap after GC invocations=10451 (full 4):
 def new generation   total 2912832K, used 23788K [0x00007f74f8600000, 0x00007f75bdea0000, 0x00007f7a4db50000)
  eden space 2589184K,   0% used [0x00007f74f8600000, 0x00007f74f8600000, 0x00007f7596680000)
  from space 323648K,   7% used [0x00007f75aa290000, 0x00007f75ab9cb290, 0x00007f75bdea0000)
  to   space 323648K,   0% used [0x00007f7596680000, 0x00007f7596680000, 0x00007f75aa290000)
 tenured generation   total 6473024K, used 6472978K [0x00007f7a4db50000, 0x00007f7bd8ca0000, 0x00007f84f8600000)
   the space 6473024K,  99% used [0x00007f7a4db50000, 0x00007f7bd8c94b48, 0x00007f7bd8c94c00, 0x00007f7bd8ca0000)
 Metaspace       used 24260K, capacity 24619K, committed 24832K, reserved 26624K
}
Event: 7491.133 GC heap before
{Heap before GC invocations=10451 (full 4):
 def new generation   total 2912832K, used 23788K [0x00007f74f8600000, 0x00007f75bdea0000, 0x00007f7a4db50000)
  eden space 2589184K,   0% used [0x00007f74f8600000, 0x00007f74f8600000, 0x00007f7596680000)
  from space 323648K,   7% used [0x00007f75aa290000, 0x00007f75ab9cb290, 0x00007f75bdea0000)
  to   space 323648K,   0% used [0x00007f7596680000, 0x00007f7596680000, 0x00007f75aa290000)
 tenured generation   total 6473024K, used 6472978K [0x00007f7a4db50000, 0x00007f7bd8ca0000, 0x00007f84f8600000)
   the space 6473024K,  99% used [0x00007f7a4db50000, 0x00007f7bd8c94b48, 0x00007f7bd8c94c00, 0x00007f7bd8ca0000)
 Metaspace       used 24260K, capacity 24619K, committed 24832K, reserved 26624K
}

