# JRE version: OpenJDK Runtime Environment (13.0.7+5) (build 13.0.7+5-Ubuntu-0ubuntu120.04)
# Java VM: OpenJDK 64-Bit Server VM (13.0.7+5-Ubuntu-0ubuntu120.04, mixed mode, tiered, serial gc, linux-amd64)
Heap:
 def new generation   total 5366976K, used 0K [0x00007f3ec0600000, 0x00007f402c580000, 0x00007f4415b50000)
  eden space 4770688K,   0% used [0x00007f3ec0600000, 0x00007f3ec0600000, 0x00007f3fe38e0000)
  from space 596288K,   0% used [0x00007f4007f30000, 0x00007f4007f30000, 0x00007f402c580000)
  to   space 596288K,   0% used [0x00007f3fe38e0000, 0x00007f3fe38e0000, 0x00007f4007f30000)
 tenured generation   total 13591664K, used 13438762K [0x00007f4415b50000, 0x00007f475346c000, 0x00007f4ec0600000)
   the space 13591664K,  98% used [0x00007f4415b50000, 0x00007f4749f1aa38, 0x00007f4749f1ac00, 0x00007f475346c000)
 Metaspace       used 30222K, capacity 30644K, committed 30976K, reserved 32768K
GC Heap History (20 events):
Event: 182.210 GC heap after
{Heap after GC invocations=43 (full 6):
 def new generation   total 5366976K, used 410548K [0x00007f3ec0600000, 0x00007f402c580000, 0x00007f4415b50000)
  eden space 4770688K,   0% used [0x00007f3ec0600000, 0x00007f3ec0600000, 0x00007f3fe38e0000)
  from space 596288K,  68% used [0x00007f3fe38e0000, 0x00007f3ffc9cd038, 0x00007f4007f30000)
  to   space 596288K,   0% used [0x00007f4007f30000, 0x00007f4007f30000, 0x00007f402c580000)
 tenured generation   total 11926448K, used 8291999K [0x00007f4415b50000, 0x00007f46eda3c000, 0x00007f4ec0600000)
   the space 11926448K,  69% used [0x00007f4415b50000, 0x00007f460fcf7e58, 0x00007f460fcf8000, 0x00007f46eda3c000)
 Metaspace       used 30222K, capacity 30644K, committed 30976K, reserved 32768K
}
Event: 183.557 GC heap before
{Heap before GC invocations=43 (full 6):
 def new generation   total 5366976K, used 5181236K [0x00007f3ec0600000, 0x00007f402c580000, 0x00007f4415b50000)
  eden space 4770688K, 100% used [0x00007f3ec0600000, 0x00007f3fe38e0000, 0x00007f3fe38e0000)
  from space 596288K,  68% used [0x00007f3fe38e0000, 0x00007f3ffc9cd038, 0x00007f4007f30000)
  to   space 596288K,   0% used [0x00007f4007f30000, 0x00007f4007f30000, 0x00007f402c580000)
 tenured generation   total 11926448K, used 8291999K [0x00007f4415b50000, 0x00007f46eda3c000, 0x00007f4ec0600000)
   the space 11926448K,  69% used [0x00007f4415b50000, 0x00007f460fcf7e58, 0x00007f460fcf8000, 0x00007f46eda3c000)
 Metaspace       used 30222K, capacity 30644K, committed 30976K, reserved 32768K
}
Event: 184.700 GC heap after
{Heap after GC invocations=44 (full 6):
 def new generation   total 5366976K, used 375317K [0x00007f3ec0600000, 0x00007f402c580000, 0x00007f4415b50000)
  eden space 4770688K,   0% used [0x00007f3ec0600000, 0x00007f3ec0600000, 0x00007f3fe38e0000)
  from space 596288K,  62% used [0x00007f4007f30000, 0x00007f401edb5748, 0x00007f402c580000)
  to   space 596288K,   0% used [0x00007f3fe38e0000, 0x00007f3fe38e0000, 0x00007f4007f30000)
 tenured generation   total 11926448K, used 8702546K [0x00007f4415b50000, 0x00007f46eda3c000, 0x00007f4ec0600000)
   the space 11926448K,  72% used [0x00007f4415b50000, 0x00007f4628de4a30, 0x00007f4628de4c00, 0x00007f46eda3c000)
 Metaspace       used 30222K, capacity 30644K, committed 30976K, reserved 32768K
}
Event: 186.046 GC heap before
{Heap before GC invocations=44 (full 6):
 def new generation   total 5366976K, used 5146005K [0x00007f3ec0600000, 0x00007f402c580000, 0x00007f4415b50000)
  eden space 4770688K, 100% used [0x00007f3ec0600000, 0x00007f3fe38e0000, 0x00007f3fe38e0000)
  from space 596288K,  62% used [0x00007f4007f30000, 0x00007f401edb5748, 0x00007f402c580000)
  to   space 596288K,   0% used [0x00007f3fe38e0000, 0x00007f3fe38e0000, 0x00007f4007f30000)
 tenured generation   total 11926448K, used 8702546K [0x00007f4415b50000, 0x00007f46eda3c000, 0x00007f4ec0600000)
   the space 11926448K,  72% used [0x00007f4415b50000, 0x00007f4628de4a30, 0x00007f4628de4c00, 0x00007f46eda3c000)
 Metaspace       used 30222K, capacity 30644K, committed 30976K, reserved 32768K
}
Event: 187.180 GC heap after
{Heap after GC invocations=45 (full 6):
 def new generation   total 5366976K, used 378361K [0x00007f3ec0600000, 0x00007f402c580000, 0x00007f4415b50000)
  eden space 4770688K,   0% used [0x00007f3ec0600000, 0x00007f3ec0600000, 0x00007f3fe38e0000)
  from space 596288K,  63% used [0x00007f3fe38e0000, 0x00007f3ffaa5e6b8, 0x00007f4007f30000)
  to   space 596288K,   0% used [0x00007f4007f30000, 0x00007f4007f30000, 0x00007f402c580000)
 tenured generation   total 11926448K, used 9077863K [0x00007f4415b50000, 0x00007f46eda3c000, 0x00007f4ec0600000)
   the space 11926448K,  76% used [0x00007f4415b50000, 0x00007f463fc69f18, 0x00007f463fc6a000, 0x00007f46eda3c000)
 Metaspace       used 30222K, capacity 30644K, committed 30976K, reserved 32768K
}
Event: 188.574 GC heap before
{Heap before GC invocations=45 (full 6):
 def new generation   total 5366976K, used 5149049K [0x00007f3ec0600000, 0x00007f402c580000, 0x00007f4415b50000)
  eden space 4770688K, 100% used [0x00007f3ec0600000, 0x00007f3fe38e0000, 0x00007f3fe38e0000)
  from space 596288K,  63% used [0x00007f3fe38e0000, 0x00007f3ffaa5e6b8, 0x00007f4007f30000)
  to   space 596288K,   0% used [0x00007f4007f30000, 0x00007f4007f30000, 0x00007f402c580000)
 tenured generation   total 11926448K, used 9077863K [0x00007f4415b50000, 0x00007f46eda3c000, 0x00007f4ec0600000)
   the space 11926448K,  76% used [0x00007f4415b50000, 0x00007f463fc69f18, 0x00007f463fc6a000, 0x00007f46eda3c000)
 Metaspace       used 30222K, capacity 30644K, committed 30976K, reserved 32768K
}
Event: 189.670 GC heap after
{Heap after GC invocations=46 (full 6):
 def new generation   total 5366976K, used 381472K [0x00007f3ec0600000, 0x00007f402c580000, 0x00007f4415b50000)
  eden space 4770688K,   0% used [0x00007f3ec0600000, 0x00007f3ec0600000, 0x00007f3fe38e0000)
  from space 596288K,  63% used [0x00007f4007f30000, 0x00007f401f3b8070, 0x00007f402c580000)
  to   space 596288K,   0% used [0x00007f3fe38e0000, 0x00007f3fe38e0000, 0x00007f4007f30000)
 tenured generation   total 11926448K, used 9456224K [0x00007f4415b50000, 0x00007f46eda3c000, 0x00007f4ec0600000)
   the space 11926448K,  79% used [0x00007f4415b50000, 0x00007f4656de8170, 0x00007f4656de8200, 0x00007f46eda3c000)
 Metaspace       used 30222K, capacity 30644K, committed 30976K, reserved 32768K
}
Event: 191.078 GC heap before
{Heap before GC invocations=46 (full 6):
 def new generation   total 5366976K, used 5152160K [0x00007f3ec0600000, 0x00007f402c580000, 0x00007f4415b50000)
  eden space 4770688K, 100% used [0x00007f3ec0600000, 0x00007f3fe38e0000, 0x00007f3fe38e0000)
  from space 596288K,  63% used [0x00007f4007f30000, 0x00007f401f3b8070, 0x00007f402c580000)
  to   space 596288K,   0% used [0x00007f3fe38e0000, 0x00007f3fe38e0000, 0x00007f4007f30000)
 tenured generation   total 11926448K, used 9456224K [0x00007f4415b50000, 0x00007f46eda3c000, 0x00007f4ec0600000)
   the space 11926448K,  79% used [0x00007f4415b50000, 0x00007f4656de8170, 0x00007f4656de8200, 0x00007f46eda3c000)
 Metaspace       used 30222K, capacity 30644K, committed 30976K, reserved 32768K
}
Event: 192.172 GC heap after
{Heap after GC invocations=47 (full 6):
 def new generation   total 5366976K, used 410336K [0x00007f3ec0600000, 0x00007f402c580000, 0x00007f4415b50000)
  eden space 4770688K,   0% used [0x00007f3ec0600000, 0x00007f3ec0600000, 0x00007f3fe38e0000)
  from space 596288K,  68% used [0x00007f3fe38e0000, 0x00007f3ffc998250, 0x00007f4007f30000)
  to   space 596288K,   0% used [0x00007f4007f30000, 0x00007f4007f30000, 0x00007f402c580000)
 tenured generation   total 11926448K, used 9837695K [0x00007f4415b50000, 0x00007f46eda3c000, 0x00007f4ec0600000)
   the space 11926448K,  82% used [0x00007f4415b50000, 0x00007f466e26fd30, 0x00007f466e26fe00, 0x00007f46eda3c000)
 Metaspace       used 30222K, capacity 30644K, committed 30976K, reserved 32768K
}
Event: 193.495 GC heap before
{Heap before GC invocations=47 (full 6):
 def new generation   total 5366976K, used 5181024K [0x00007f3ec0600000, 0x00007f402c580000, 0x00007f4415b50000)
  eden space 4770688K, 100% used [0x00007f3ec0600000, 0x00007f3fe38e0000, 0x00007f3fe38e0000)
  from space 596288K,  68% used [0x00007f3fe38e0000, 0x00007f3ffc998250, 0x00007f4007f30000)
  to   space 596288K,   0% used [0x00007f4007f30000, 0x00007f4007f30000, 0x00007f402c580000)
 tenured generation   total 11926448K, used 9837695K [0x00007f4415b50000, 0x00007f46eda3c000, 0x00007f4ec0600000)
   the space 11926448K,  82% used [0x00007f4415b50000, 0x00007f466e26fd30, 0x00007f466e26fe00, 0x00007f46eda3c000)
 Metaspace       used 30222K, capacity 30644K, committed 30976K, reserved 32768K
}
Event: 194.606 GC heap after
{Heap after GC invocations=48 (full 6):
 def new generation   total 5366976K, used 394159K [0x00007f3ec0600000, 0x00007f402c580000, 0x00007f4415b50000)
  eden space 4770688K,   0% used [0x00007f3ec0600000, 0x00007f3ec0600000, 0x00007f3fe38e0000)
  from space 596288K,  66% used [0x00007f4007f30000, 0x00007f402001be90, 0x00007f402c580000)
  to   space 596288K,   0% used [0x00007f3fe38e0000, 0x00007f3fe38e0000, 0x00007f4007f30000)
 tenured generation   total 11926448K, used 10248031K [0x00007f4415b50000, 0x00007f46eda3c000, 0x00007f4ec0600000)
   the space 11926448K,  85% used [0x00007f4415b50000, 0x00007f4687327e30, 0x00007f4687328000, 0x00007f46eda3c000)
 Metaspace       used 30222K, capacity 30644K, committed 30976K, reserved 32768K
}
Event: 195.932 GC heap before
{Heap before GC invocations=48 (full 6):
 def new generation   total 5366976K, used 5164847K [0x00007f3ec0600000, 0x00007f402c580000, 0x00007f4415b50000)
  eden space 4770688K, 100% used [0x00007f3ec0600000, 0x00007f3fe38e0000, 0x00007f3fe38e0000)
  from space 596288K,  66% used [0x00007f4007f30000, 0x00007f402001be90, 0x00007f402c580000)
  to   space 596288K,   0% used [0x00007f3fe38e0000, 0x00007f3fe38e0000, 0x00007f4007f30000)
 tenured generation   total 11926448K, used 10248031K [0x00007f4415b50000, 0x00007f46eda3c000, 0x00007f4ec0600000)
   the space 11926448K,  85% used [0x00007f4415b50000, 0x00007f4687327e30, 0x00007f4687328000, 0x00007f46eda3c000)
 Metaspace       used 30222K, capacity 30644K, committed 30976K, reserved 32768K
}
Event: 197.064 GC heap after
{Heap after GC invocations=49 (full 6):
 def new generation   total 5366976K, used 394431K [0x00007f3ec0600000, 0x00007f402c580000, 0x00007f4415b50000)
  eden space 4770688K,   0% used [0x00007f3ec0600000, 0x00007f3ec0600000, 0x00007f3fe38e0000)
  from space 596288K,  66% used [0x00007f3fe38e0000, 0x00007f3ffba0ff68, 0x00007f4007f30000)
  to   space 596288K,   0% used [0x00007f4007f30000, 0x00007f4007f30000, 0x00007f402c580000)
 tenured generation   total 11926448K, used 10642189K [0x00007f4415b50000, 0x00007f46eda3c000, 0x00007f4ec0600000)
   the space 11926448K,  89% used [0x00007f4415b50000, 0x00007f469f413740, 0x00007f469f413800, 0x00007f46eda3c000)
 Metaspace       used 30222K, capacity 30644K, committed 30976K, reserved 32768K
}
Event: 198.420 GC heap before
{Heap before GC invocations=49 (full 6):
 def new generation   total 5366976K, used 5165119K [0x00007f3ec0600000, 0x00007f402c580000, 0x00007f4415b50000)
  eden space 4770688K, 100% used [0x00007f3ec0600000, 0x00007f3fe38e0000, 0x00007f3fe38e0000)
  from space 596288K,  66% used [0x00007f3fe38e0000, 0x00007f3ffba0ff68, 0x00007f4007f30000)
  to   space 596288K,   0% used [0x00007f4007f30000, 0x00007f4007f30000, 0x00007f402c580000)
 tenured generation   total 11926448K, used 10642189K [0x00007f4415b50000, 0x00007f46eda3c000, 0x00007f4ec0600000)
   the space 11926448K,  89% used [0x00007f4415b50000, 0x00007f469f413740, 0x00007f469f413800, 0x00007f46eda3c000)
 Metaspace       used 30222K, capacity 30644K, committed 30976K, reserved 32768K
}
Event: 199.520 GC heap after
{Heap after GC invocations=50 (full 6):
 def new generation   total 5366976K, used 386852K [0x00007f3ec0600000, 0x00007f402c580000, 0x00007f4415b50000)
  eden space 4770688K,   0% used [0x00007f3ec0600000, 0x00007f3ec0600000, 0x00007f3fe38e0000)
  from space 596288K,  64% used [0x00007f4007f30000, 0x00007f401f8f93a0, 0x00007f402c580000)
  to   space 596288K,   0% used [0x00007f3fe38e0000, 0x00007f3fe38e0000, 0x00007f4007f30000)
 tenured generation   total 11926448K, used 11036620K [0x00007f4415b50000, 0x00007f46eda3c000, 0x00007f4ec0600000)
   the space 11926448K,  92% used [0x00007f4415b50000, 0x00007f46b7543328, 0x00007f46b7543400, 0x00007f46eda3c000)
 Metaspace       used 30222K, capacity 30644K, committed 30976K, reserved 32768K
}
Event: 200.858 GC heap before
{Heap before GC invocations=50 (full 6):
 def new generation   total 5366976K, used 5157540K [0x00007f3ec0600000, 0x00007f402c580000, 0x00007f4415b50000)
  eden space 4770688K, 100% used [0x00007f3ec0600000, 0x00007f3fe38e0000, 0x00007f3fe38e0000)
  from space 596288K,  64% used [0x00007f4007f30000, 0x00007f401f8f93a0, 0x00007f402c580000)
  to   space 596288K,   0% used [0x00007f3fe38e0000, 0x00007f3fe38e0000, 0x00007f4007f30000)
 tenured generation   total 11926448K, used 11036620K [0x00007f4415b50000, 0x00007f46eda3c000, 0x00007f4ec0600000)
   the space 11926448K,  92% used [0x00007f4415b50000, 0x00007f46b7543328, 0x00007f46b7543400, 0x00007f46eda3c000)
 Metaspace       used 30222K, capacity 30644K, committed 30976K, reserved 32768K
}
Event: 201.911 GC heap after
{Heap after GC invocations=51 (full 6):
 def new generation   total 5366976K, used 400919K [0x00007f3ec0600000, 0x00007f402c580000, 0x00007f4415b50000)
  eden space 4770688K,   0% used [0x00007f3ec0600000, 0x00007f3ec0600000, 0x00007f3fe38e0000)
  from space 596288K,  67% used [0x00007f3fe38e0000, 0x00007f3ffc065ff0, 0x00007f4007f30000)
  to   space 596288K,   0% used [0x00007f4007f30000, 0x00007f4007f30000, 0x00007f402c580000)
 tenured generation   total 11926448K, used 11423472K [0x00007f4415b50000, 0x00007f46eda3c000, 0x00007f4ec0600000)
   the space 11926448K,  95% used [0x00007f4415b50000, 0x00007f46cef0c3b8, 0x00007f46cef0c400, 0x00007f46eda3c000)
 Metaspace       used 30222K, capacity 30644K, committed 30976K, reserved 32768K
}
Event: 376.095 GC heap before
{Heap before GC invocations=51 (full 6):
 def new generation   total 5366976K, used 5171607K [0x00007f3ec0600000, 0x00007f402c580000, 0x00007f4415b50000)
  eden space 4770688K, 100% used [0x00007f3ec0600000, 0x00007f3fe38e0000, 0x00007f3fe38e0000)
  from space 596288K,  67% used [0x00007f3fe38e0000, 0x00007f3ffc065ff0, 0x00007f4007f30000)
  to   space 596288K,   0% used [0x00007f4007f30000, 0x00007f4007f30000, 0x00007f402c580000)
 tenured generation   total 11926448K, used 11423472K [0x00007f4415b50000, 0x00007f46eda3c000, 0x00007f4ec0600000)
   the space 11926448K,  95% used [0x00007f4415b50000, 0x00007f46cef0c3b8, 0x00007f46cef0c400, 0x00007f46eda3c000)
 Metaspace       used 30222K, capacity 30644K, committed 30976K, reserved 32768K
}
Event: 381.642 GC heap after
{Heap after GC invocations=52 (full 6):
 def new generation   total 5366976K, used 596287K [0x00007f3ec0600000, 0x00007f402c580000, 0x00007f4415b50000)
  eden space 4770688K,   0% used [0x00007f3ec0600000, 0x00007f3ec0600000, 0x00007f3fe38e0000)
  from space 596288K,  99% used [0x00007f4007f30000, 0x00007f402c57fff0, 0x00007f402c580000)
  to   space 596288K,   0% used [0x00007f3fe38e0000, 0x00007f3fe38e0000, 0x00007f4007f30000)
 tenured generation   total 13591664K, used 13591538K [0x00007f4415b50000, 0x00007f475346c000, 0x00007f4ec0600000)
   the space 13591664K,  99% used [0x00007f4415b50000, 0x00007f475344c988, 0x00007f475344ca00, 0x00007f475346c000)
 Metaspace       used 30222K, capacity 30644K, committed 30976K, reserved 32768K
}
Event: 381.642 GC heap before
{Heap before GC invocations=52 (full 6):
 def new generation   total 5366976K, used 596287K [0x00007f3ec0600000, 0x00007f402c580000, 0x00007f4415b50000)
  eden space 4770688K,   0% used [0x00007f3ec0600000, 0x00007f3ec0600000, 0x00007f3fe38e0000)
  from space 596288K,  99% used [0x00007f4007f30000, 0x00007f402c57fff0, 0x00007f402c580000)
  to   space 596288K,   0% used [0x00007f3fe38e0000, 0x00007f3fe38e0000, 0x00007f4007f30000)
 tenured generation   total 13591664K, used 13591538K [0x00007f4415b50000, 0x00007f475346c000, 0x00007f4ec0600000)
   the space 13591664K,  99% used [0x00007f4415b50000, 0x00007f475344c988, 0x00007f475344ca00, 0x00007f475346c000)
 Metaspace       used 30222K, capacity 30644K, committed 30976K, reserved 32768K
}

