# JRE version: OpenJDK Runtime Environment (13.0.7+5) (build 13.0.7+5-Ubuntu-0ubuntu120.04)
# Java VM: OpenJDK 64-Bit Server VM (13.0.7+5-Ubuntu-0ubuntu120.04, mixed mode, tiered, serial gc, linux-amd64)
Heap:
 def new generation   total 1583936K, used 0K [0x00007fddf8600000, 0x00007fde63ca0000, 0x00007fe34db50000)
  eden space 1408000K,   0% used [0x00007fddf8600000, 0x00007fddf8600000, 0x00007fde4e500000)
  from space 175936K,   0% used [0x00007fde590d0000, 0x00007fde590d0000, 0x00007fde63ca0000)
  to   space 175936K,   0% used [0x00007fde4e500000, 0x00007fde4e500000, 0x00007fde590d0000)
 tenured generation   total 4241156K, used 3451837K [0x00007fe34db50000, 0x00007fe450911000, 0x00007fedf8600000)
   the space 4241156K,  81% used [0x00007fe34db50000, 0x00007fe42063f680, 0x00007fe42063f800, 0x00007fe450911000)
 Metaspace       used 30596K, capacity 30973K, committed 31232K, reserved 32768K
GC Heap History (20 events):
Event: 113.927 GC heap after
{Heap after GC invocations=28 (full 5):
 def new generation   total 1583936K, used 107405K [0x00007fddf8600000, 0x00007fde63ca0000, 0x00007fe34db50000)
  eden space 1408000K,   0% used [0x00007fddf8600000, 0x00007fddf8600000, 0x00007fde4e500000)
  from space 175936K,  61% used [0x00007fde4e500000, 0x00007fde54de3660, 0x00007fde590d0000)
  to   space 175936K,   0% used [0x00007fde590d0000, 0x00007fde590d0000, 0x00007fde63ca0000)
 tenured generation   total 3519620K, used 2273808K [0x00007fe34db50000, 0x00007fe424871000, 0x00007fedf8600000)
   the space 3519620K,  64% used [0x00007fe34db50000, 0x00007fe3d87d4108, 0x00007fe3d87d4200, 0x00007fe424871000)
 Metaspace       used 30596K, capacity 30973K, committed 31232K, reserved 32768K
}
Event: 114.338 GC heap before
{Heap before GC invocations=28 (full 5):
 def new generation   total 1583936K, used 1515405K [0x00007fddf8600000, 0x00007fde63ca0000, 0x00007fe34db50000)
  eden space 1408000K, 100% used [0x00007fddf8600000, 0x00007fde4e500000, 0x00007fde4e500000)
  from space 175936K,  61% used [0x00007fde4e500000, 0x00007fde54de3660, 0x00007fde590d0000)
  to   space 175936K,   0% used [0x00007fde590d0000, 0x00007fde590d0000, 0x00007fde63ca0000)
 tenured generation   total 3519620K, used 2273808K [0x00007fe34db50000, 0x00007fe424871000, 0x00007fedf8600000)
   the space 3519620K,  64% used [0x00007fe34db50000, 0x00007fe3d87d4108, 0x00007fe3d87d4200, 0x00007fe424871000)
 Metaspace       used 30596K, capacity 30973K, committed 31232K, reserved 32768K
}
Event: 114.686 GC heap after
{Heap after GC invocations=29 (full 5):
 def new generation   total 1583936K, used 108139K [0x00007fddf8600000, 0x00007fde63ca0000, 0x00007fe34db50000)
  eden space 1408000K,   0% used [0x00007fddf8600000, 0x00007fddf8600000, 0x00007fde4e500000)
  from space 175936K,  61% used [0x00007fde590d0000, 0x00007fde5fa6adb0, 0x00007fde63ca0000)
  to   space 175936K,   0% used [0x00007fde4e500000, 0x00007fde4e500000, 0x00007fde590d0000)
 tenured generation   total 3519620K, used 2381213K [0x00007fe34db50000, 0x00007fe424871000, 0x00007fedf8600000)
   the space 3519620K,  67% used [0x00007fe34db50000, 0x00007fe3df0b7508, 0x00007fe3df0b7600, 0x00007fe424871000)
 Metaspace       used 30596K, capacity 30973K, committed 31232K, reserved 32768K
}
Event: 115.113 GC heap before
{Heap before GC invocations=29 (full 5):
 def new generation   total 1583936K, used 1516139K [0x00007fddf8600000, 0x00007fde63ca0000, 0x00007fe34db50000)
  eden space 1408000K, 100% used [0x00007fddf8600000, 0x00007fde4e500000, 0x00007fde4e500000)
  from space 175936K,  61% used [0x00007fde590d0000, 0x00007fde5fa6adb0, 0x00007fde63ca0000)
  to   space 175936K,   0% used [0x00007fde4e500000, 0x00007fde4e500000, 0x00007fde590d0000)
 tenured generation   total 3519620K, used 2381213K [0x00007fe34db50000, 0x00007fe424871000, 0x00007fedf8600000)
   the space 3519620K,  67% used [0x00007fe34db50000, 0x00007fe3df0b7508, 0x00007fe3df0b7600, 0x00007fe424871000)
 Metaspace       used 30596K, capacity 30973K, committed 31232K, reserved 32768K
}
Event: 115.503 GC heap after
{Heap after GC invocations=30 (full 5):
 def new generation   total 1583936K, used 123567K [0x00007fddf8600000, 0x00007fde63ca0000, 0x00007fe34db50000)
  eden space 1408000K,   0% used [0x00007fddf8600000, 0x00007fddf8600000, 0x00007fde4e500000)
  from space 175936K,  70% used [0x00007fde4e500000, 0x00007fde55dabf90, 0x00007fde590d0000)
  to   space 175936K,   0% used [0x00007fde590d0000, 0x00007fde590d0000, 0x00007fde63ca0000)
 tenured generation   total 3519620K, used 2489352K [0x00007fe34db50000, 0x00007fe424871000, 0x00007fedf8600000)
   the space 3519620K,  70% used [0x00007fe34db50000, 0x00007fe3e5a52138, 0x00007fe3e5a52200, 0x00007fe424871000)
 Metaspace       used 30596K, capacity 30973K, committed 31232K, reserved 32768K
}
Event: 115.951 GC heap before
{Heap before GC invocations=30 (full 5):
 def new generation   total 1583936K, used 1531567K [0x00007fddf8600000, 0x00007fde63ca0000, 0x00007fe34db50000)
  eden space 1408000K, 100% used [0x00007fddf8600000, 0x00007fde4e500000, 0x00007fde4e500000)
  from space 175936K,  70% used [0x00007fde4e500000, 0x00007fde55dabf90, 0x00007fde590d0000)
  to   space 175936K,   0% used [0x00007fde590d0000, 0x00007fde590d0000, 0x00007fde63ca0000)
 tenured generation   total 3519620K, used 2489352K [0x00007fe34db50000, 0x00007fe424871000, 0x00007fedf8600000)
   the space 3519620K,  70% used [0x00007fe34db50000, 0x00007fe3e5a52138, 0x00007fe3e5a52200, 0x00007fe424871000)
 Metaspace       used 30596K, capacity 30973K, committed 31232K, reserved 32768K
}
Event: 116.363 GC heap after
{Heap after GC invocations=31 (full 5):
 def new generation   total 1583936K, used 123774K [0x00007fddf8600000, 0x00007fde63ca0000, 0x00007fe34db50000)
  eden space 1408000K,   0% used [0x00007fddf8600000, 0x00007fddf8600000, 0x00007fde4e500000)
  from space 175936K,  70% used [0x00007fde590d0000, 0x00007fde609afa48, 0x00007fde63ca0000)
  to   space 175936K,   0% used [0x00007fde4e500000, 0x00007fde4e500000, 0x00007fde590d0000)
 tenured generation   total 3519620K, used 2612919K [0x00007fe34db50000, 0x00007fe424871000, 0x00007fedf8600000)
   the space 3519620K,  74% used [0x00007fe34db50000, 0x00007fe3ed2fdf48, 0x00007fe3ed2fe000, 0x00007fe424871000)
 Metaspace       used 30596K, capacity 30973K, committed 31232K, reserved 32768K
}
Event: 116.760 GC heap before
{Heap before GC invocations=31 (full 5):
 def new generation   total 1583936K, used 1531774K [0x00007fddf8600000, 0x00007fde63ca0000, 0x00007fe34db50000)
  eden space 1408000K, 100% used [0x00007fddf8600000, 0x00007fde4e500000, 0x00007fde4e500000)
  from space 175936K,  70% used [0x00007fde590d0000, 0x00007fde609afa48, 0x00007fde63ca0000)
  to   space 175936K,   0% used [0x00007fde4e500000, 0x00007fde4e500000, 0x00007fde590d0000)
 tenured generation   total 3519620K, used 2612919K [0x00007fe34db50000, 0x00007fe424871000, 0x00007fedf8600000)
   the space 3519620K,  74% used [0x00007fe34db50000, 0x00007fe3ed2fdf48, 0x00007fe3ed2fe000, 0x00007fe424871000)
 Metaspace       used 30596K, capacity 30973K, committed 31232K, reserved 32768K
}
Event: 117.182 GC heap after
{Heap after GC invocations=32 (full 5):
 def new generation   total 1583936K, used 112787K [0x00007fddf8600000, 0x00007fde63ca0000, 0x00007fe34db50000)
  eden space 1408000K,   0% used [0x00007fddf8600000, 0x00007fddf8600000, 0x00007fde4e500000)
  from space 175936K,  64% used [0x00007fde4e500000, 0x00007fde55324c30, 0x00007fde590d0000)
  to   space 175936K,   0% used [0x00007fde590d0000, 0x00007fde590d0000, 0x00007fde63ca0000)
 tenured generation   total 3519620K, used 2736694K [0x00007fe34db50000, 0x00007fe424871000, 0x00007fedf8600000)
   the space 3519620K,  77% used [0x00007fe34db50000, 0x00007fe3f4bdd970, 0x00007fe3f4bdda00, 0x00007fe424871000)
 Metaspace       used 30596K, capacity 30973K, committed 31232K, reserved 32768K
}
Event: 117.615 GC heap before
{Heap before GC invocations=32 (full 5):
 def new generation   total 1583936K, used 1520787K [0x00007fddf8600000, 0x00007fde63ca0000, 0x00007fe34db50000)
  eden space 1408000K, 100% used [0x00007fddf8600000, 0x00007fde4e500000, 0x00007fde4e500000)
  from space 175936K,  64% used [0x00007fde4e500000, 0x00007fde55324c30, 0x00007fde590d0000)
  to   space 175936K,   0% used [0x00007fde590d0000, 0x00007fde590d0000, 0x00007fde63ca0000)
 tenured generation   total 3519620K, used 2736694K [0x00007fe34db50000, 0x00007fe424871000, 0x00007fedf8600000)
   the space 3519620K,  77% used [0x00007fe34db50000, 0x00007fe3f4bdd970, 0x00007fe3f4bdda00, 0x00007fe424871000)
 Metaspace       used 30596K, capacity 30973K, committed 31232K, reserved 32768K
}
Event: 118.053 GC heap after
{Heap after GC invocations=33 (full 5):
 def new generation   total 1583936K, used 117434K [0x00007fddf8600000, 0x00007fde63ca0000, 0x00007fe34db50000)
  eden space 1408000K,   0% used [0x00007fddf8600000, 0x00007fddf8600000, 0x00007fde4e500000)
  from space 175936K,  66% used [0x00007fde590d0000, 0x00007fde6037e888, 0x00007fde63ca0000)
  to   space 175936K,   0% used [0x00007fde4e500000, 0x00007fde4e500000, 0x00007fde590d0000)
 tenured generation   total 3519620K, used 2849481K [0x00007fe34db50000, 0x00007fe424871000, 0x00007fedf8600000)
   the space 3519620K,  80% used [0x00007fe34db50000, 0x00007fe3fba02580, 0x00007fe3fba02600, 0x00007fe424871000)
 Metaspace       used 30596K, capacity 30973K, committed 31232K, reserved 32768K
}
Event: 118.516 GC heap before
{Heap before GC invocations=33 (full 5):
 def new generation   total 1583936K, used 1525434K [0x00007fddf8600000, 0x00007fde63ca0000, 0x00007fe34db50000)
  eden space 1408000K, 100% used [0x00007fddf8600000, 0x00007fde4e500000, 0x00007fde4e500000)
  from space 175936K,  66% used [0x00007fde590d0000, 0x00007fde6037e888, 0x00007fde63ca0000)
  to   space 175936K,   0% used [0x00007fde4e500000, 0x00007fde4e500000, 0x00007fde590d0000)
 tenured generation   total 3519620K, used 2849481K [0x00007fe34db50000, 0x00007fe424871000, 0x00007fedf8600000)
   the space 3519620K,  80% used [0x00007fe34db50000, 0x00007fe3fba02580, 0x00007fe3fba02600, 0x00007fe424871000)
 Metaspace       used 30596K, capacity 30973K, committed 31232K, reserved 32768K
}
Event: 118.928 GC heap after
{Heap after GC invocations=34 (full 5):
 def new generation   total 1583936K, used 117759K [0x00007fddf8600000, 0x00007fde63ca0000, 0x00007fe34db50000)
  eden space 1408000K,   0% used [0x00007fddf8600000, 0x00007fddf8600000, 0x00007fde4e500000)
  from space 175936K,  66% used [0x00007fde4e500000, 0x00007fde557ffea0, 0x00007fde590d0000)
  to   space 175936K,   0% used [0x00007fde590d0000, 0x00007fde590d0000, 0x00007fde63ca0000)
 tenured generation   total 3519620K, used 2966914K [0x00007fe34db50000, 0x00007fe424871000, 0x00007fedf8600000)
   the space 3519620K,  84% used [0x00007fe34db50000, 0x00007fe402cb0b88, 0x00007fe402cb0c00, 0x00007fe424871000)
 Metaspace       used 30596K, capacity 30973K, committed 31232K, reserved 32768K
}
Event: 119.393 GC heap before
{Heap before GC invocations=34 (full 5):
 def new generation   total 1583936K, used 1525759K [0x00007fddf8600000, 0x00007fde63ca0000, 0x00007fe34db50000)
  eden space 1408000K, 100% used [0x00007fddf8600000, 0x00007fde4e500000, 0x00007fde4e500000)
  from space 175936K,  66% used [0x00007fde4e500000, 0x00007fde557ffea0, 0x00007fde590d0000)
  to   space 175936K,   0% used [0x00007fde590d0000, 0x00007fde590d0000, 0x00007fde63ca0000)
 tenured generation   total 3519620K, used 2966914K [0x00007fe34db50000, 0x00007fe424871000, 0x00007fedf8600000)
   the space 3519620K,  84% used [0x00007fe34db50000, 0x00007fe402cb0b88, 0x00007fe402cb0c00, 0x00007fe424871000)
 Metaspace       used 30596K, capacity 30973K, committed 31232K, reserved 32768K
}
Event: 119.922 GC heap after
{Heap after GC invocations=35 (full 5):
 def new generation   total 1583936K, used 174714K [0x00007fddf8600000, 0x00007fde63ca0000, 0x00007fe34db50000)
  eden space 1408000K,   0% used [0x00007fddf8600000, 0x00007fddf8600000, 0x00007fde4e500000)
  from space 175936K,  99% used [0x00007fde590d0000, 0x00007fde63b6e900, 0x00007fde63ca0000)
  to   space 175936K,   0% used [0x00007fde4e500000, 0x00007fde4e500000, 0x00007fde590d0000)
 tenured generation   total 3519620K, used 3084673K [0x00007fe34db50000, 0x00007fe424871000, 0x00007fedf8600000)
   the space 3519620K,  87% used [0x00007fe34db50000, 0x00007fe409fb0738, 0x00007fe409fb0800, 0x00007fe424871000)
 Metaspace       used 30596K, capacity 30973K, committed 31232K, reserved 32768K
}
Event: 120.333 GC heap before
{Heap before GC invocations=35 (full 5):
 def new generation   total 1583936K, used 1582714K [0x00007fddf8600000, 0x00007fde63ca0000, 0x00007fe34db50000)
  eden space 1408000K, 100% used [0x00007fddf8600000, 0x00007fde4e500000, 0x00007fde4e500000)
  from space 175936K,  99% used [0x00007fde590d0000, 0x00007fde63b6e900, 0x00007fde63ca0000)
  to   space 175936K,   0% used [0x00007fde4e500000, 0x00007fde4e500000, 0x00007fde590d0000)
 tenured generation   total 3519620K, used 3084673K [0x00007fe34db50000, 0x00007fe424871000, 0x00007fedf8600000)
   the space 3519620K,  87% used [0x00007fe34db50000, 0x00007fe409fb0738, 0x00007fe409fb0800, 0x00007fe424871000)
 Metaspace       used 30596K, capacity 30973K, committed 31232K, reserved 32768K
}
Event: 120.760 GC heap after
{Heap after GC invocations=36 (full 5):
 def new generation   total 1583936K, used 112606K [0x00007fddf8600000, 0x00007fde63ca0000, 0x00007fe34db50000)
  eden space 1408000K,   0% used [0x00007fddf8600000, 0x00007fddf8600000, 0x00007fde4e500000)
  from space 175936K,  64% used [0x00007fde4e500000, 0x00007fde552f7af0, 0x00007fde590d0000)
  to   space 175936K,   0% used [0x00007fde590d0000, 0x00007fde590d0000, 0x00007fde63ca0000)
 tenured generation   total 3519620K, used 3259387K [0x00007fe34db50000, 0x00007fe424871000, 0x00007fedf8600000)
   the space 3519620K,  92% used [0x00007fe34db50000, 0x00007fe414a4ed38, 0x00007fe414a4ee00, 0x00007fe424871000)
 Metaspace       used 30596K, capacity 30973K, committed 31232K, reserved 32768K
}
Event: 152.730 GC heap before
{Heap before GC invocations=36 (full 5):
 def new generation   total 1583936K, used 1520606K [0x00007fddf8600000, 0x00007fde63ca0000, 0x00007fe34db50000)
  eden space 1408000K, 100% used [0x00007fddf8600000, 0x00007fde4e500000, 0x00007fde4e500000)
  from space 175936K,  64% used [0x00007fde4e500000, 0x00007fde552f7af0, 0x00007fde590d0000)
  to   space 175936K,   0% used [0x00007fde590d0000, 0x00007fde590d0000, 0x00007fde63ca0000)
 tenured generation   total 3519620K, used 3259387K [0x00007fe34db50000, 0x00007fe424871000, 0x00007fedf8600000)
   the space 3519620K,  92% used [0x00007fe34db50000, 0x00007fe414a4ed38, 0x00007fe414a4ee00, 0x00007fe424871000)
 Metaspace       used 30596K, capacity 30973K, committed 31232K, reserved 32768K
}
Event: 155.678 GC heap after
{Heap after GC invocations=37 (full 5):
 def new generation   total 1583936K, used 175936K [0x00007fddf8600000, 0x00007fde63ca0000, 0x00007fe34db50000)
  eden space 1408000K,   0% used [0x00007fddf8600000, 0x00007fddf8600000, 0x00007fde4e500000)
  from space 175936K, 100% used [0x00007fde590d0000, 0x00007fde63ca0000, 0x00007fde63ca0000)
  to   space 175936K,   0% used [0x00007fde4e500000, 0x00007fde4e500000, 0x00007fde590d0000)
 tenured generation   total 4241156K, used 4241136K [0x00007fe34db50000, 0x00007fe450911000, 0x00007fedf8600000)
   the space 4241156K,  99% used [0x00007fe34db50000, 0x00007fe45090c148, 0x00007fe45090c200, 0x00007fe450911000)
 Metaspace       used 30596K, capacity 30973K, committed 31232K, reserved 32768K
}
Event: 155.678 GC heap before
{Heap before GC invocations=37 (full 5):
 def new generation   total 1583936K, used 175936K [0x00007fddf8600000, 0x00007fde63ca0000, 0x00007fe34db50000)
  eden space 1408000K,   0% used [0x00007fddf8600000, 0x00007fddf8600000, 0x00007fde4e500000)
  from space 175936K, 100% used [0x00007fde590d0000, 0x00007fde63ca0000, 0x00007fde63ca0000)
  to   space 175936K,   0% used [0x00007fde4e500000, 0x00007fde4e500000, 0x00007fde590d0000)
 tenured generation   total 4241156K, used 4241136K [0x00007fe34db50000, 0x00007fe450911000, 0x00007fedf8600000)
   the space 4241156K,  99% used [0x00007fe34db50000, 0x00007fe45090c148, 0x00007fe45090c200, 0x00007fe450911000)
 Metaspace       used 30596K, capacity 30973K, committed 31232K, reserved 32768K
}

