# JRE version: OpenJDK Runtime Environment (13.0.7+5) (build 13.0.7+5-Ubuntu-0ubuntu120.04)
# Java VM: OpenJDK 64-Bit Server VM (13.0.7+5-Ubuntu-0ubuntu120.04, mixed mode, tiered, serial gc, linux-amd64)
Heap:
 def new generation   total 2661120K, used 112031K [0x00007ede30600000, 0x00007edee4d80000, 0x00007ee8db0a0000)
  eden space 2365440K,   4% used [0x00007ede30600000, 0x00007ede37367d80, 0x00007edec0c00000)
  from space 295680K,   0% used [0x00007eded2cc0000, 0x00007eded2cc0000, 0x00007edee4d80000)
  to   space 295680K,   0% used [0x00007edec0c00000, 0x00007edec0c00000, 0x00007eded2cc0000)
 tenured generation   total 5929928K, used 5918904K [0x00007ee8db0a0000, 0x00007eea44f92000, 0x00007efe30600000)
   the space 5929928K,  99% used [0x00007ee8db0a0000, 0x00007eea444ce2b8, 0x00007eea444ce400, 0x00007eea44f92000)
 Metaspace       used 24275K, capacity 24701K, committed 24832K, reserved 26624K
GC Heap History (20 events):
Event: 3137.459 GC heap after
{Heap after GC invocations=2401 (full 6):
 def new generation   total 2661120K, used 101773K [0x00007ede30600000, 0x00007edee4d80000, 0x00007ee8db0a0000)
  eden space 2365440K,   0% used [0x00007ede30600000, 0x00007ede30600000, 0x00007edec0c00000)
  from space 295680K,  34% used [0x00007edec0c00000, 0x00007edec6f63448, 0x00007eded2cc0000)
  to   space 295680K,   0% used [0x00007eded2cc0000, 0x00007eded2cc0000, 0x00007edee4d80000)
 tenured generation   total 5913540K, used 5868024K [0x00007ee8db0a0000, 0x00007eea43f91000, 0x00007efe30600000)
   the space 5913540K,  99% used [0x00007ee8db0a0000, 0x00007eea4131e168, 0x00007eea4131e200, 0x00007eea43f91000)
 Metaspace       used 24275K, capacity 24701K, committed 24832K, reserved 26624K
}
Event: 3139.562 GC heap before
{Heap before GC invocations=2401 (full 6):
 def new generation   total 2661120K, used 2458813K [0x00007ede30600000, 0x00007edee4d80000, 0x00007ee8db0a0000)
  eden space 2365440K,  99% used [0x00007ede30600000, 0x00007edec03cc0f8, 0x00007edec0c00000)
  from space 295680K,  34% used [0x00007edec0c00000, 0x00007edec6f63448, 0x00007eded2cc0000)
  to   space 295680K,   0% used [0x00007eded2cc0000, 0x00007eded2cc0000, 0x00007edee4d80000)
 tenured generation   total 5913540K, used 5868024K [0x00007ee8db0a0000, 0x00007eea43f91000, 0x00007efe30600000)
   the space 5913540K,  99% used [0x00007ee8db0a0000, 0x00007eea4131e168, 0x00007eea4131e200, 0x00007eea43f91000)
 Metaspace       used 24275K, capacity 24701K, committed 24832K, reserved 26624K
}
Event: 3139.638 GC heap after
{Heap after GC invocations=2402 (full 6):
 def new generation   total 2661120K, used 104343K [0x00007ede30600000, 0x00007edee4d80000, 0x00007ee8db0a0000)
  eden space 2365440K,   0% used [0x00007ede30600000, 0x00007ede30600000, 0x00007edec0c00000)
  from space 295680K,  35% used [0x00007eded2cc0000, 0x00007eded92a5ee0, 0x00007edee4d80000)
  to   space 295680K,   0% used [0x00007edec0c00000, 0x00007edec0c00000, 0x00007eded2cc0000)
 tenured generation   total 5913540K, used 5868024K [0x00007ee8db0a0000, 0x00007eea43f91000, 0x00007efe30600000)
   the space 5913540K,  99% used [0x00007ee8db0a0000, 0x00007eea4131e168, 0x00007eea4131e200, 0x00007eea43f91000)
 Metaspace       used 24275K, capacity 24701K, committed 24832K, reserved 26624K
}
Event: 3141.911 GC heap before
{Heap before GC invocations=2402 (full 6):
 def new generation   total 2661120K, used 2464552K [0x00007ede30600000, 0x00007edee4d80000, 0x00007ee8db0a0000)
  eden space 2365440K,  99% used [0x00007ede30600000, 0x00007edec06e43c8, 0x00007edec0c00000)
  from space 295680K,  35% used [0x00007eded2cc0000, 0x00007eded92a5ee0, 0x00007edee4d80000)
  to   space 295680K,   0% used [0x00007edec0c00000, 0x00007edec0c00000, 0x00007eded2cc0000)
 tenured generation   total 5913540K, used 5868024K [0x00007ee8db0a0000, 0x00007eea43f91000, 0x00007efe30600000)
   the space 5913540K,  99% used [0x00007ee8db0a0000, 0x00007eea4131e168, 0x00007eea4131e200, 0x00007eea43f91000)
 Metaspace       used 24275K, capacity 24701K, committed 24832K, reserved 26624K
}
Event: 3142.005 GC heap after
{Heap after GC invocations=2403 (full 6):
 def new generation   total 2661120K, used 113070K [0x00007ede30600000, 0x00007edee4d80000, 0x00007ee8db0a0000)
  eden space 2365440K,   0% used [0x00007ede30600000, 0x00007ede30600000, 0x00007edec0c00000)
  from space 295680K,  38% used [0x00007edec0c00000, 0x00007edec7a6b948, 0x00007eded2cc0000)
  to   space 295680K,   0% used [0x00007eded2cc0000, 0x00007eded2cc0000, 0x00007edee4d80000)
 tenured generation   total 5913540K, used 5884984K [0x00007ee8db0a0000, 0x00007eea43f91000, 0x00007efe30600000)
   the space 5913540K,  99% used [0x00007ee8db0a0000, 0x00007eea423ae160, 0x00007eea423ae200, 0x00007eea43f91000)
 Metaspace       used 24275K, capacity 24701K, committed 24832K, reserved 26624K
}
Event: 3144.044 GC heap before
{Heap before GC invocations=2403 (full 6):
 def new generation   total 2661120K, used 2478510K [0x00007ede30600000, 0x00007edee4d80000, 0x00007ee8db0a0000)
  eden space 2365440K, 100% used [0x00007ede30600000, 0x00007edec0c00000, 0x00007edec0c00000)
  from space 295680K,  38% used [0x00007edec0c00000, 0x00007edec7a6b948, 0x00007eded2cc0000)
  to   space 295680K,   0% used [0x00007eded2cc0000, 0x00007eded2cc0000, 0x00007edee4d80000)
 tenured generation   total 5913540K, used 5884984K [0x00007ee8db0a0000, 0x00007eea43f91000, 0x00007efe30600000)
   the space 5913540K,  99% used [0x00007ee8db0a0000, 0x00007eea423ae160, 0x00007eea423ae200, 0x00007eea43f91000)
 Metaspace       used 24275K, capacity 24701K, committed 24832K, reserved 26624K
}
Event: 3144.102 GC heap after
{Heap after GC invocations=2404 (full 6):
 def new generation   total 2661120K, used 101769K [0x00007ede30600000, 0x00007edee4d80000, 0x00007ee8db0a0000)
  eden space 2365440K,   0% used [0x00007ede30600000, 0x00007ede30600000, 0x00007edec0c00000)
  from space 295680K,  34% used [0x00007eded2cc0000, 0x00007eded90225f0, 0x00007edee4d80000)
  to   space 295680K,   0% used [0x00007edec0c00000, 0x00007edec0c00000, 0x00007eded2cc0000)
 tenured generation   total 5913540K, used 5884984K [0x00007ee8db0a0000, 0x00007eea43f91000, 0x00007efe30600000)
   the space 5913540K,  99% used [0x00007ee8db0a0000, 0x00007eea423ae160, 0x00007eea423ae200, 0x00007eea43f91000)
 Metaspace       used 24275K, capacity 24701K, committed 24832K, reserved 26624K
}
Event: 3145.949 GC heap before
{Heap before GC invocations=2404 (full 6):
 def new generation   total 2661120K, used 2467209K [0x00007ede30600000, 0x00007edee4d80000, 0x00007ee8db0a0000)
  eden space 2365440K, 100% used [0x00007ede30600000, 0x00007edec0c00000, 0x00007edec0c00000)
  from space 295680K,  34% used [0x00007eded2cc0000, 0x00007eded90225f0, 0x00007edee4d80000)
  to   space 295680K,   0% used [0x00007edec0c00000, 0x00007edec0c00000, 0x00007eded2cc0000)
 tenured generation   total 5913540K, used 5884984K [0x00007ee8db0a0000, 0x00007eea43f91000, 0x00007efe30600000)
   the space 5913540K,  99% used [0x00007ee8db0a0000, 0x00007eea423ae160, 0x00007eea423ae200, 0x00007eea43f91000)
 Metaspace       used 24275K, capacity 24701K, committed 24832K, reserved 26624K
}
Event: 3146.016 GC heap after
{Heap after GC invocations=2405 (full 6):
 def new generation   total 2661120K, used 101769K [0x00007ede30600000, 0x00007edee4d80000, 0x00007ee8db0a0000)
  eden space 2365440K,   0% used [0x00007ede30600000, 0x00007ede30600000, 0x00007edec0c00000)
  from space 295680K,  34% used [0x00007edec0c00000, 0x00007edec6f62490, 0x00007eded2cc0000)
  to   space 295680K,   0% used [0x00007eded2cc0000, 0x00007eded2cc0000, 0x00007edee4d80000)
 tenured generation   total 5913540K, used 5884984K [0x00007ee8db0a0000, 0x00007eea43f91000, 0x00007efe30600000)
   the space 5913540K,  99% used [0x00007ee8db0a0000, 0x00007eea423ae160, 0x00007eea423ae200, 0x00007eea43f91000)
 Metaspace       used 24275K, capacity 24701K, committed 24832K, reserved 26624K
}
Event: 3148.248 GC heap before
{Heap before GC invocations=2405 (full 6):
 def new generation   total 2661120K, used 2467209K [0x00007ede30600000, 0x00007edee4d80000, 0x00007ee8db0a0000)
  eden space 2365440K, 100% used [0x00007ede30600000, 0x00007edec0c00000, 0x00007edec0c00000)
  from space 295680K,  34% used [0x00007edec0c00000, 0x00007edec6f62490, 0x00007eded2cc0000)
  to   space 295680K,   0% used [0x00007eded2cc0000, 0x00007eded2cc0000, 0x00007edee4d80000)
 tenured generation   total 5913540K, used 5884984K [0x00007ee8db0a0000, 0x00007eea43f91000, 0x00007efe30600000)
   the space 5913540K,  99% used [0x00007ee8db0a0000, 0x00007eea423ae160, 0x00007eea423ae200, 0x00007eea43f91000)
 Metaspace       used 24275K, capacity 24701K, committed 24832K, reserved 26624K
}
Event: 3148.335 GC heap after
{Heap after GC invocations=2406 (full 6):
 def new generation   total 2661120K, used 107932K [0x00007ede30600000, 0x00007edee4d80000, 0x00007ee8db0a0000)
  eden space 2365440K,   0% used [0x00007ede30600000, 0x00007ede30600000, 0x00007edec0c00000)
  from space 295680K,  36% used [0x00007eded2cc0000, 0x00007eded9627268, 0x00007edee4d80000)
  to   space 295680K,   0% used [0x00007edec0c00000, 0x00007edec0c00000, 0x00007eded2cc0000)
 tenured generation   total 5913540K, used 5901944K [0x00007ee8db0a0000, 0x00007eea43f91000, 0x00007efe30600000)
   the space 5913540K,  99% used [0x00007ee8db0a0000, 0x00007eea4343e158, 0x00007eea4343e200, 0x00007eea43f91000)
 Metaspace       used 24275K, capacity 24701K, committed 24832K, reserved 26624K
}
Event: 3150.387 GC heap before
{Heap before GC invocations=2406 (full 6):
 def new generation   total 2661120K, used 2473372K [0x00007ede30600000, 0x00007edee4d80000, 0x00007ee8db0a0000)
  eden space 2365440K, 100% used [0x00007ede30600000, 0x00007edec0c00000, 0x00007edec0c00000)
  from space 295680K,  36% used [0x00007eded2cc0000, 0x00007eded9627268, 0x00007edee4d80000)
  to   space 295680K,   0% used [0x00007edec0c00000, 0x00007edec0c00000, 0x00007eded2cc0000)
 tenured generation   total 5913540K, used 5901944K [0x00007ee8db0a0000, 0x00007eea43f91000, 0x00007efe30600000)
   the space 5913540K,  99% used [0x00007ee8db0a0000, 0x00007eea4343e158, 0x00007eea4343e200, 0x00007eea43f91000)
 Metaspace       used 24275K, capacity 24701K, committed 24832K, reserved 26624K
}
Event: 3150.446 GC heap after
{Heap after GC invocations=2407 (full 6):
 def new generation   total 2661120K, used 99716K [0x00007ede30600000, 0x00007edee4d80000, 0x00007ee8db0a0000)
  eden space 2365440K,   0% used [0x00007ede30600000, 0x00007ede30600000, 0x00007edec0c00000)
  from space 295680K,  33% used [0x00007edec0c00000, 0x00007edec6d61338, 0x00007eded2cc0000)
  to   space 295680K,   0% used [0x00007eded2cc0000, 0x00007eded2cc0000, 0x00007edee4d80000)
 tenured generation   total 5913540K, used 5901944K [0x00007ee8db0a0000, 0x00007eea43f91000, 0x00007efe30600000)
   the space 5913540K,  99% used [0x00007ee8db0a0000, 0x00007eea4343e158, 0x00007eea4343e200, 0x00007eea43f91000)
 Metaspace       used 24275K, capacity 24701K, committed 24832K, reserved 26624K
}
Event: 3152.470 GC heap before
{Heap before GC invocations=2407 (full 6):
 def new generation   total 2661120K, used 2465156K [0x00007ede30600000, 0x00007edee4d80000, 0x00007ee8db0a0000)
  eden space 2365440K, 100% used [0x00007ede30600000, 0x00007edec0c00000, 0x00007edec0c00000)
  from space 295680K,  33% used [0x00007edec0c00000, 0x00007edec6d61338, 0x00007eded2cc0000)
  to   space 295680K,   0% used [0x00007eded2cc0000, 0x00007eded2cc0000, 0x00007edee4d80000)
 tenured generation   total 5913540K, used 5901944K [0x00007ee8db0a0000, 0x00007eea43f91000, 0x00007efe30600000)
   the space 5913540K,  99% used [0x00007ee8db0a0000, 0x00007eea4343e158, 0x00007eea4343e200, 0x00007eea43f91000)
 Metaspace       used 24275K, capacity 24701K, committed 24832K, reserved 26624K
}
Event: 3152.531 GC heap after
{Heap after GC invocations=2408 (full 6):
 def new generation   total 2661120K, used 101756K [0x00007ede30600000, 0x00007edee4d80000, 0x00007ee8db0a0000)
  eden space 2365440K,   0% used [0x00007ede30600000, 0x00007ede30600000, 0x00007edec0c00000)
  from space 295680K,  34% used [0x00007eded2cc0000, 0x00007eded901f378, 0x00007edee4d80000)
  to   space 295680K,   0% used [0x00007edec0c00000, 0x00007edec0c00000, 0x00007eded2cc0000)
 tenured generation   total 5913540K, used 5901944K [0x00007ee8db0a0000, 0x00007eea43f91000, 0x00007efe30600000)
   the space 5913540K,  99% used [0x00007ee8db0a0000, 0x00007eea4343e158, 0x00007eea4343e200, 0x00007eea43f91000)
 Metaspace       used 24275K, capacity 24701K, committed 24832K, reserved 26624K
}
Event: 3154.653 GC heap before
{Heap before GC invocations=2408 (full 6):
 def new generation   total 2661120K, used 2467196K [0x00007ede30600000, 0x00007edee4d80000, 0x00007ee8db0a0000)
  eden space 2365440K, 100% used [0x00007ede30600000, 0x00007edec0c00000, 0x00007edec0c00000)
  from space 295680K,  34% used [0x00007eded2cc0000, 0x00007eded901f378, 0x00007edee4d80000)
  to   space 295680K,   0% used [0x00007edec0c00000, 0x00007edec0c00000, 0x00007eded2cc0000)
 tenured generation   total 5913540K, used 5901944K [0x00007ee8db0a0000, 0x00007eea43f91000, 0x00007efe30600000)
   the space 5913540K,  99% used [0x00007ee8db0a0000, 0x00007eea4343e158, 0x00007eea4343e200, 0x00007eea43f91000)
 Metaspace       used 24275K, capacity 24701K, committed 24832K, reserved 26624K
}
Event: 3154.717 GC heap after
{Heap after GC invocations=2409 (full 6):
 def new generation   total 2661120K, used 103829K [0x00007ede30600000, 0x00007edee4d80000, 0x00007ee8db0a0000)
  eden space 2365440K,   0% used [0x00007ede30600000, 0x00007ede30600000, 0x00007edec0c00000)
  from space 295680K,  35% used [0x00007edec0c00000, 0x00007edec7165700, 0x00007eded2cc0000)
  to   space 295680K,   0% used [0x00007eded2cc0000, 0x00007eded2cc0000, 0x00007edee4d80000)
 tenured generation   total 5913540K, used 5901944K [0x00007ee8db0a0000, 0x00007eea43f91000, 0x00007efe30600000)
   the space 5913540K,  99% used [0x00007ee8db0a0000, 0x00007eea4343e158, 0x00007eea4343e200, 0x00007eea43f91000)
 Metaspace       used 24275K, capacity 24701K, committed 24832K, reserved 26624K
}
Event: 3156.928 GC heap before
{Heap before GC invocations=2409 (full 6):
 def new generation   total 2661120K, used 2461809K [0x00007ede30600000, 0x00007edee4d80000, 0x00007ee8db0a0000)
  eden space 2365440K,  99% used [0x00007ede30600000, 0x00007edec04b6de0, 0x00007edec0c00000)
  from space 295680K,  35% used [0x00007edec0c00000, 0x00007edec7165700, 0x00007eded2cc0000)
  to   space 295680K,   0% used [0x00007eded2cc0000, 0x00007eded2cc0000, 0x00007edee4d80000)
 tenured generation   total 5913540K, used 5901944K [0x00007ee8db0a0000, 0x00007eea43f91000, 0x00007efe30600000)
   the space 5913540K,  99% used [0x00007ee8db0a0000, 0x00007eea4343e158, 0x00007eea4343e200, 0x00007eea43f91000)
 Metaspace       used 24275K, capacity 24701K, committed 24832K, reserved 26624K
}
Event: 3157.021 GC heap after
{Heap after GC invocations=2410 (full 6):
 def new generation   total 2661120K, used 112031K [0x00007ede30600000, 0x00007edee4d80000, 0x00007ee8db0a0000)
  eden space 2365440K,   0% used [0x00007ede30600000, 0x00007ede30600000, 0x00007edec0c00000)
  from space 295680K,  37% used [0x00007eded2cc0000, 0x00007eded9a27ee8, 0x00007edee4d80000)
  to   space 295680K,   0% used [0x00007edec0c00000, 0x00007edec0c00000, 0x00007eded2cc0000)
 tenured generation   total 5929928K, used 5918904K [0x00007ee8db0a0000, 0x00007eea44f92000, 0x00007efe30600000)
   the space 5929928K,  99% used [0x00007ee8db0a0000, 0x00007eea444ce150, 0x00007eea444ce200, 0x00007eea44f92000)
 Metaspace       used 24275K, capacity 24701K, committed 24832K, reserved 26624K
}
Event: 3157.021 GC heap before
{Heap before GC invocations=2410 (full 6):
 def new generation   total 2661120K, used 112031K [0x00007ede30600000, 0x00007edee4d80000, 0x00007ee8db0a0000)
  eden space 2365440K,   0% used [0x00007ede30600000, 0x00007ede30600000, 0x00007edec0c00000)
  from space 295680K,  37% used [0x00007eded2cc0000, 0x00007eded9a27ee8, 0x00007edee4d80000)
  to   space 295680K,   0% used [0x00007edec0c00000, 0x00007edec0c00000, 0x00007eded2cc0000)
 tenured generation   total 5929928K, used 5918904K [0x00007ee8db0a0000, 0x00007eea44f92000, 0x00007efe30600000)
   the space 5929928K,  99% used [0x00007ee8db0a0000, 0x00007eea444ce150, 0x00007eea444ce200, 0x00007eea44f92000)
 Metaspace       used 24275K, capacity 24701K, committed 24832K, reserved 26624K
}

