# JRE version: OpenJDK Runtime Environment (13.0.7+5) (build 13.0.7+5-Ubuntu-0ubuntu120.04)
# Java VM: OpenJDK 64-Bit Server VM (13.0.7+5-Ubuntu-0ubuntu120.04, mixed mode, tiered, serial gc, linux-amd64)
Heap:
 def new generation   total 1048832K, used 577K [0x00007f5e88600000, 0x00007f5ecf800000, 0x00007f63ddb50000)
  eden space 932352K,   0% used [0x00007f5e88600000, 0x00007f5e88690458, 0x00007f5ec1480000)
  from space 116480K,   0% used [0x00007f5ec1480000, 0x00007f5ec1480000, 0x00007f5ec8640000)
  to   space 116480K,   0% used [0x00007f5ec8640000, 0x00007f5ec8640000, 0x00007f5ecf800000)
 tenured generation   total 2330752K, used 2330751K [0x00007f63ddb50000, 0x00007f646bf70000, 0x00007f6e88600000)
   the space 2330752K,  99% used [0x00007f63ddb50000, 0x00007f646bf6fe08, 0x00007f646bf70000, 0x00007f646bf70000)
 Metaspace       used 24353K, capacity 24766K, committed 24832K, reserved 26624K
GC Heap History (20 events):
Event: 33017.689 GC heap after
{Heap after GC invocations=67842 (full 2):
 def new generation   total 1048832K, used 675K [0x00007f5e88600000, 0x00007f5ecf800000, 0x00007f63ddb50000)
  eden space 932352K,   0% used [0x00007f5e88600000, 0x00007f5e88600000, 0x00007f5ec1480000)
  from space 116480K,   0% used [0x00007f5ec8640000, 0x00007f5ec86e8f78, 0x00007f5ecf800000)
  to   space 116480K,   0% used [0x00007f5ec1480000, 0x00007f5ec1480000, 0x00007f5ec8640000)
 tenured generation   total 2330560K, used 2330203K [0x00007f63ddb50000, 0x00007f646bf40000, 0x00007f6e88600000)
   the space 2330560K,  99% used [0x00007f63ddb50000, 0x00007f646bee6c98, 0x00007f646bee6e00, 0x00007f646bf40000)
 Metaspace       used 24353K, capacity 24766K, committed 24832K, reserved 26624K
}
Event: 33018.212 GC heap before
{Heap before GC invocations=67842 (full 2):
 def new generation   total 1048832K, used 933027K [0x00007f5e88600000, 0x00007f5ecf800000, 0x00007f63ddb50000)
  eden space 932352K, 100% used [0x00007f5e88600000, 0x00007f5ec1480000, 0x00007f5ec1480000)
  from space 116480K,   0% used [0x00007f5ec8640000, 0x00007f5ec86e8f78, 0x00007f5ecf800000)
  to   space 116480K,   0% used [0x00007f5ec1480000, 0x00007f5ec1480000, 0x00007f5ec8640000)
 tenured generation   total 2330560K, used 2330203K [0x00007f63ddb50000, 0x00007f646bf40000, 0x00007f6e88600000)
   the space 2330560K,  99% used [0x00007f63ddb50000, 0x00007f646bee6c98, 0x00007f646bee6e00, 0x00007f646bf40000)
 Metaspace       used 24353K, capacity 24766K, committed 24832K, reserved 26624K
}
Event: 33018.215 GC heap after
{Heap after GC invocations=67843 (full 2):
 def new generation   total 1048832K, used 680K [0x00007f5e88600000, 0x00007f5ecf800000, 0x00007f63ddb50000)
  eden space 932352K,   0% used [0x00007f5e88600000, 0x00007f5e88600000, 0x00007f5ec1480000)
  from space 116480K,   0% used [0x00007f5ec1480000, 0x00007f5ec152a290, 0x00007f5ec8640000)
  to   space 116480K,   0% used [0x00007f5ec8640000, 0x00007f5ec8640000, 0x00007f5ecf800000)
 tenured generation   total 2330560K, used 2330254K [0x00007f63ddb50000, 0x00007f646bf40000, 0x00007f6e88600000)
   the space 2330560K,  99% used [0x00007f63ddb50000, 0x00007f646bef3ba8, 0x00007f646bef3c00, 0x00007f646bf40000)
 Metaspace       used 24353K, capacity 24766K, committed 24832K, reserved 26624K
}
Event: 33018.841 GC heap before
{Heap before GC invocations=67843 (full 2):
 def new generation   total 1048832K, used 933032K [0x00007f5e88600000, 0x00007f5ecf800000, 0x00007f63ddb50000)
  eden space 932352K, 100% used [0x00007f5e88600000, 0x00007f5ec1480000, 0x00007f5ec1480000)
  from space 116480K,   0% used [0x00007f5ec1480000, 0x00007f5ec152a290, 0x00007f5ec8640000)
  to   space 116480K,   0% used [0x00007f5ec8640000, 0x00007f5ec8640000, 0x00007f5ecf800000)
 tenured generation   total 2330560K, used 2330254K [0x00007f63ddb50000, 0x00007f646bf40000, 0x00007f6e88600000)
   the space 2330560K,  99% used [0x00007f63ddb50000, 0x00007f646bef3ba8, 0x00007f646bef3c00, 0x00007f646bf40000)
 Metaspace       used 24353K, capacity 24766K, committed 24832K, reserved 26624K
}
Event: 33018.843 GC heap after
{Heap after GC invocations=67844 (full 2):
 def new generation   total 1048832K, used 695K [0x00007f5e88600000, 0x00007f5ecf800000, 0x00007f63ddb50000)
  eden space 932352K,   0% used [0x00007f5e88600000, 0x00007f5e88600000, 0x00007f5ec1480000)
  from space 116480K,   0% used [0x00007f5ec8640000, 0x00007f5ec86edd18, 0x00007f5ecf800000)
  to   space 116480K,   0% used [0x00007f5ec1480000, 0x00007f5ec1480000, 0x00007f5ec8640000)
 tenured generation   total 2330560K, used 2330280K [0x00007f63ddb50000, 0x00007f646bf40000, 0x00007f6e88600000)
   the space 2330560K,  99% used [0x00007f63ddb50000, 0x00007f646befa330, 0x00007f646befa400, 0x00007f646bf40000)
 Metaspace       used 24353K, capacity 24766K, committed 24832K, reserved 26624K
}
Event: 33019.757 GC heap before
{Heap before GC invocations=67844 (full 2):
 def new generation   total 1048832K, used 933047K [0x00007f5e88600000, 0x00007f5ecf800000, 0x00007f63ddb50000)
  eden space 932352K, 100% used [0x00007f5e88600000, 0x00007f5ec1480000, 0x00007f5ec1480000)
  from space 116480K,   0% used [0x00007f5ec8640000, 0x00007f5ec86edd18, 0x00007f5ecf800000)
  to   space 116480K,   0% used [0x00007f5ec1480000, 0x00007f5ec1480000, 0x00007f5ec8640000)
 tenured generation   total 2330560K, used 2330280K [0x00007f63ddb50000, 0x00007f646bf40000, 0x00007f6e88600000)
   the space 2330560K,  99% used [0x00007f63ddb50000, 0x00007f646befa330, 0x00007f646befa400, 0x00007f646bf40000)
 Metaspace       used 24353K, capacity 24766K, committed 24832K, reserved 26624K
}
Event: 33019.791 GC heap after
{Heap after GC invocations=67845 (full 2):
 def new generation   total 1048832K, used 711K [0x00007f5e88600000, 0x00007f5ecf800000, 0x00007f63ddb50000)
  eden space 932352K,   0% used [0x00007f5e88600000, 0x00007f5e88600000, 0x00007f5ec1480000)
  from space 116480K,   0% used [0x00007f5ec1480000, 0x00007f5ec1531d78, 0x00007f5ec8640000)
  to   space 116480K,   0% used [0x00007f5ec8640000, 0x00007f5ec8640000, 0x00007f5ecf800000)
 tenured generation   total 2330560K, used 2330332K [0x00007f63ddb50000, 0x00007f646bf40000, 0x00007f6e88600000)
   the space 2330560K,  99% used [0x00007f63ddb50000, 0x00007f646bf07240, 0x00007f646bf07400, 0x00007f646bf40000)
 Metaspace       used 24353K, capacity 24766K, committed 24832K, reserved 26624K
}
Event: 33020.566 GC heap before
{Heap before GC invocations=67845 (full 2):
 def new generation   total 1048832K, used 933063K [0x00007f5e88600000, 0x00007f5ecf800000, 0x00007f63ddb50000)
  eden space 932352K, 100% used [0x00007f5e88600000, 0x00007f5ec1480000, 0x00007f5ec1480000)
  from space 116480K,   0% used [0x00007f5ec1480000, 0x00007f5ec1531d78, 0x00007f5ec8640000)
  to   space 116480K,   0% used [0x00007f5ec8640000, 0x00007f5ec8640000, 0x00007f5ecf800000)
 tenured generation   total 2330560K, used 2330332K [0x00007f63ddb50000, 0x00007f646bf40000, 0x00007f6e88600000)
   the space 2330560K,  99% used [0x00007f63ddb50000, 0x00007f646bf07240, 0x00007f646bf07400, 0x00007f646bf40000)
 Metaspace       used 24353K, capacity 24766K, committed 24832K, reserved 26624K
}
Event: 33020.570 GC heap after
{Heap after GC invocations=67846 (full 2):
 def new generation   total 1048832K, used 731K [0x00007f5e88600000, 0x00007f5ecf800000, 0x00007f63ddb50000)
  eden space 932352K,   0% used [0x00007f5e88600000, 0x00007f5e88600000, 0x00007f5ec1480000)
  from space 116480K,   0% used [0x00007f5ec8640000, 0x00007f5ec86f6f70, 0x00007f5ecf800000)
  to   space 116480K,   0% used [0x00007f5ec1480000, 0x00007f5ec1480000, 0x00007f5ec8640000)
 tenured generation   total 2330560K, used 2330358K [0x00007f63ddb50000, 0x00007f646bf40000, 0x00007f6e88600000)
   the space 2330560K,  99% used [0x00007f63ddb50000, 0x00007f646bf0d9c8, 0x00007f646bf0da00, 0x00007f646bf40000)
 Metaspace       used 24353K, capacity 24766K, committed 24832K, reserved 26624K
}
Event: 33021.116 GC heap before
{Heap before GC invocations=67846 (full 2):
 def new generation   total 1048832K, used 933083K [0x00007f5e88600000, 0x00007f5ecf800000, 0x00007f63ddb50000)
  eden space 932352K, 100% used [0x00007f5e88600000, 0x00007f5ec1480000, 0x00007f5ec1480000)
  from space 116480K,   0% used [0x00007f5ec8640000, 0x00007f5ec86f6f70, 0x00007f5ecf800000)
  to   space 116480K,   0% used [0x00007f5ec1480000, 0x00007f5ec1480000, 0x00007f5ec8640000)
 tenured generation   total 2330560K, used 2330358K [0x00007f63ddb50000, 0x00007f646bf40000, 0x00007f6e88600000)
   the space 2330560K,  99% used [0x00007f63ddb50000, 0x00007f646bf0d9c8, 0x00007f646bf0da00, 0x00007f646bf40000)
 Metaspace       used 24353K, capacity 24766K, committed 24832K, reserved 26624K
}
Event: 33021.118 GC heap after
{Heap after GC invocations=67847 (full 2):
 def new generation   total 1048832K, used 709K [0x00007f5e88600000, 0x00007f5ecf800000, 0x00007f63ddb50000)
  eden space 932352K,   0% used [0x00007f5e88600000, 0x00007f5e88600000, 0x00007f5ec1480000)
  from space 116480K,   0% used [0x00007f5ec1480000, 0x00007f5ec15314b0, 0x00007f5ec8640000)
  to   space 116480K,   0% used [0x00007f5ec8640000, 0x00007f5ec8640000, 0x00007f5ecf800000)
 tenured generation   total 2330560K, used 2330410K [0x00007f63ddb50000, 0x00007f646bf40000, 0x00007f6e88600000)
   the space 2330560K,  99% used [0x00007f63ddb50000, 0x00007f646bf1a8d8, 0x00007f646bf1aa00, 0x00007f646bf40000)
 Metaspace       used 24353K, capacity 24766K, committed 24832K, reserved 26624K
}
Event: 33021.631 GC heap before
{Heap before GC invocations=67847 (full 2):
 def new generation   total 1048832K, used 933061K [0x00007f5e88600000, 0x00007f5ecf800000, 0x00007f63ddb50000)
  eden space 932352K, 100% used [0x00007f5e88600000, 0x00007f5ec1480000, 0x00007f5ec1480000)
  from space 116480K,   0% used [0x00007f5ec1480000, 0x00007f5ec15314b0, 0x00007f5ec8640000)
  to   space 116480K,   0% used [0x00007f5ec8640000, 0x00007f5ec8640000, 0x00007f5ecf800000)
 tenured generation   total 2330560K, used 2330410K [0x00007f63ddb50000, 0x00007f646bf40000, 0x00007f6e88600000)
   the space 2330560K,  99% used [0x00007f63ddb50000, 0x00007f646bf1a8d8, 0x00007f646bf1aa00, 0x00007f646bf40000)
 Metaspace       used 24353K, capacity 24766K, committed 24832K, reserved 26624K
}
Event: 33021.633 GC heap after
{Heap after GC invocations=67848 (full 2):
 def new generation   total 1048832K, used 731K [0x00007f5e88600000, 0x00007f5ecf800000, 0x00007f63ddb50000)
  eden space 932352K,   0% used [0x00007f5e88600000, 0x00007f5e88600000, 0x00007f5ec1480000)
  from space 116480K,   0% used [0x00007f5ec8640000, 0x00007f5ec86f6d60, 0x00007f5ecf800000)
  to   space 116480K,   0% used [0x00007f5ec1480000, 0x00007f5ec1480000, 0x00007f5ec8640000)
 tenured generation   total 2330560K, used 2330436K [0x00007f63ddb50000, 0x00007f646bf40000, 0x00007f6e88600000)
   the space 2330560K,  99% used [0x00007f63ddb50000, 0x00007f646bf21060, 0x00007f646bf21200, 0x00007f646bf40000)
 Metaspace       used 24353K, capacity 24766K, committed 24832K, reserved 26624K
}
Event: 33022.152 GC heap before
{Heap before GC invocations=67848 (full 2):
 def new generation   total 1048832K, used 933083K [0x00007f5e88600000, 0x00007f5ecf800000, 0x00007f63ddb50000)
  eden space 932352K, 100% used [0x00007f5e88600000, 0x00007f5ec1480000, 0x00007f5ec1480000)
  from space 116480K,   0% used [0x00007f5ec8640000, 0x00007f5ec86f6d60, 0x00007f5ecf800000)
  to   space 116480K,   0% used [0x00007f5ec1480000, 0x00007f5ec1480000, 0x00007f5ec8640000)
 tenured generation   total 2330560K, used 2330436K [0x00007f63ddb50000, 0x00007f646bf40000, 0x00007f6e88600000)
   the space 2330560K,  99% used [0x00007f63ddb50000, 0x00007f646bf21060, 0x00007f646bf21200, 0x00007f646bf40000)
 Metaspace       used 24353K, capacity 24766K, committed 24832K, reserved 26624K
}
Event: 33022.155 GC heap after
{Heap after GC invocations=67849 (full 2):
 def new generation   total 1048832K, used 736K [0x00007f5e88600000, 0x00007f5ecf800000, 0x00007f63ddb50000)
  eden space 932352K,   0% used [0x00007f5e88600000, 0x00007f5e88600000, 0x00007f5ec1480000)
  from space 116480K,   0% used [0x00007f5ec1480000, 0x00007f5ec1538090, 0x00007f5ec8640000)
  to   space 116480K,   0% used [0x00007f5ec8640000, 0x00007f5ec8640000, 0x00007f5ecf800000)
 tenured generation   total 2330560K, used 2330487K [0x00007f63ddb50000, 0x00007f646bf40000, 0x00007f6e88600000)
   the space 2330560K,  99% used [0x00007f63ddb50000, 0x00007f646bf2dff8, 0x00007f646bf2e000, 0x00007f646bf40000)
 Metaspace       used 24353K, capacity 24766K, committed 24832K, reserved 26624K
}
Event: 33022.673 GC heap before
{Heap before GC invocations=67849 (full 2):
 def new generation   total 1048832K, used 933088K [0x00007f5e88600000, 0x00007f5ecf800000, 0x00007f63ddb50000)
  eden space 932352K, 100% used [0x00007f5e88600000, 0x00007f5ec1480000, 0x00007f5ec1480000)
  from space 116480K,   0% used [0x00007f5ec1480000, 0x00007f5ec1538090, 0x00007f5ec8640000)
  to   space 116480K,   0% used [0x00007f5ec8640000, 0x00007f5ec8640000, 0x00007f5ecf800000)
 tenured generation   total 2330560K, used 2330487K [0x00007f63ddb50000, 0x00007f646bf40000, 0x00007f6e88600000)
   the space 2330560K,  99% used [0x00007f63ddb50000, 0x00007f646bf2dff8, 0x00007f646bf2e000, 0x00007f646bf40000)
 Metaspace       used 24353K, capacity 24766K, committed 24832K, reserved 26624K
}
Event: 33022.675 GC heap after
{Heap after GC invocations=67850 (full 2):
 def new generation   total 1048832K, used 754K [0x00007f5e88600000, 0x00007f5ecf800000, 0x00007f63ddb50000)
  eden space 932352K,   0% used [0x00007f5e88600000, 0x00007f5e88600000, 0x00007f5ec1480000)
  from space 116480K,   0% used [0x00007f5ec8640000, 0x00007f5ec86fc878, 0x00007f5ecf800000)
  to   space 116480K,   0% used [0x00007f5ec1480000, 0x00007f5ec1480000, 0x00007f5ec8640000)
 tenured generation   total 2330560K, used 2330513K [0x00007f63ddb50000, 0x00007f646bf40000, 0x00007f6e88600000)
   the space 2330560K,  99% used [0x00007f63ddb50000, 0x00007f646bf346f0, 0x00007f646bf34800, 0x00007f646bf40000)
 Metaspace       used 24353K, capacity 24766K, committed 24832K, reserved 26624K
}
Event: 33023.186 GC heap before
{Heap before GC invocations=67850 (full 2):
 def new generation   total 1048832K, used 933106K [0x00007f5e88600000, 0x00007f5ecf800000, 0x00007f63ddb50000)
  eden space 932352K, 100% used [0x00007f5e88600000, 0x00007f5ec1480000, 0x00007f5ec1480000)
  from space 116480K,   0% used [0x00007f5ec8640000, 0x00007f5ec86fc878, 0x00007f5ecf800000)
  to   space 116480K,   0% used [0x00007f5ec1480000, 0x00007f5ec1480000, 0x00007f5ec8640000)
 tenured generation   total 2330560K, used 2330513K [0x00007f63ddb50000, 0x00007f646bf40000, 0x00007f6e88600000)
   the space 2330560K,  99% used [0x00007f63ddb50000, 0x00007f646bf346f0, 0x00007f646bf34800, 0x00007f646bf40000)
 Metaspace       used 24353K, capacity 24766K, committed 24832K, reserved 26624K
}
Event: 33023.189 GC heap after
{Heap after GC invocations=67851 (full 2):
 def new generation   total 1048832K, used 763K [0x00007f5e88600000, 0x00007f5ecf800000, 0x00007f63ddb50000)
  eden space 932352K,   0% used [0x00007f5e88600000, 0x00007f5e88600000, 0x00007f5ec1480000)
  from space 116480K,   0% used [0x00007f5ec1480000, 0x00007f5ec153ed80, 0x00007f5ec8640000)
  to   space 116480K,   0% used [0x00007f5ec8640000, 0x00007f5ec8640000, 0x00007f5ecf800000)
 tenured generation   total 2330752K, used 2330565K [0x00007f63ddb50000, 0x00007f646bf70000, 0x00007f6e88600000)
   the space 2330752K,  99% used [0x00007f63ddb50000, 0x00007f646bf414e0, 0x00007f646bf41600, 0x00007f646bf70000)
 Metaspace       used 24353K, capacity 24766K, committed 24832K, reserved 26624K
}
Event: 33023.189 GC heap before
{Heap before GC invocations=67851 (full 2):
 def new generation   total 1048832K, used 763K [0x00007f5e88600000, 0x00007f5ecf800000, 0x00007f63ddb50000)
  eden space 932352K,   0% used [0x00007f5e88600000, 0x00007f5e88600000, 0x00007f5ec1480000)
  from space 116480K,   0% used [0x00007f5ec1480000, 0x00007f5ec153ed80, 0x00007f5ec8640000)
  to   space 116480K,   0% used [0x00007f5ec8640000, 0x00007f5ec8640000, 0x00007f5ecf800000)
 tenured generation   total 2330752K, used 2330565K [0x00007f63ddb50000, 0x00007f646bf70000, 0x00007f6e88600000)
   the space 2330752K,  99% used [0x00007f63ddb50000, 0x00007f646bf414e0, 0x00007f646bf41600, 0x00007f646bf70000)
 Metaspace       used 24353K, capacity 24766K, committed 24832K, reserved 26624K
}

