# JRE version: OpenJDK Runtime Environment (13.0.7+5) (build 13.0.7+5-Ubuntu-0ubuntu120.04)
# Java VM: OpenJDK 64-Bit Server VM (13.0.7+5-Ubuntu-0ubuntu120.04, mixed mode, tiered, serial gc, linux-amd64)
Heap:
 def new generation   total 9333184K, used 1036959K [0x00007f7404600000, 0x00007f767d520000, 0x00007f7959b50000)
  eden space 8296192K,  12% used [0x00007f7404600000, 0x00007f7443aa7ce0, 0x00007f75febc0000)
  from space 1036992K,   0% used [0x00007f75febc0000, 0x00007f75febc0000, 0x00007f763e070000)
  to   space 1036992K,   0% used [0x00007f763e070000, 0x00007f763e070000, 0x00007f767d520000)
 tenured generation   total 27999368K, used 27999366K [0x00007f7959b50000, 0x00007f8006a72000, 0x00007f8404600000)
   the space 27999368K,  99% used [0x00007f7959b50000, 0x00007f8006a719f8, 0x00007f8006a71a00, 0x00007f8006a72000)
 Metaspace       used 30663K, capacity 31098K, committed 31488K, reserved 32768K
GC Heap History (20 events):
Event: 654.633 GC heap after
{Heap after GC invocations=72 (full 6):
 def new generation   total 4663488K, used 518144K [0x00007f7404600000, 0x00007f7540a30000, 0x00007f7959b50000)
  eden space 4145344K,   0% used [0x00007f7404600000, 0x00007f7404600000, 0x00007f7501630000)
  from space 518144K, 100% used [0x00007f7501630000, 0x00007f7521030000, 0x00007f7521030000)
  to   space 518144K,   0% used [0x00007f7521030000, 0x00007f7521030000, 0x00007f7540a30000)
 tenured generation   total 10394284K, used 10394270K [0x00007f7959b50000, 0x00007f7bd41fb000, 0x00007f8404600000)
   the space 10394284K,  99% used [0x00007f7959b50000, 0x00007f7bd41f7b98, 0x00007f7bd41f7c00, 0x00007f7bd41fb000)
 Metaspace       used 30658K, capacity 31098K, committed 31488K, reserved 32768K
}
Event: 654.633 GC heap before
{Heap before GC invocations=72 (full 6):
 def new generation   total 4663488K, used 518144K [0x00007f7404600000, 0x00007f7540a30000, 0x00007f7959b50000)
  eden space 4145344K,   0% used [0x00007f7404600000, 0x00007f7404600000, 0x00007f7501630000)
  from space 518144K, 100% used [0x00007f7501630000, 0x00007f7521030000, 0x00007f7521030000)
  to   space 518144K,   0% used [0x00007f7521030000, 0x00007f7521030000, 0x00007f7540a30000)
 tenured generation   total 10394284K, used 10394270K [0x00007f7959b50000, 0x00007f7bd41fb000, 0x00007f8404600000)
   the space 10394284K,  99% used [0x00007f7959b50000, 0x00007f7bd41f7b98, 0x00007f7bd41f7c00, 0x00007f7bd41fb000)
 Metaspace       used 30658K, capacity 31098K, committed 31488K, reserved 32768K
}
Event: 666.849 GC heap after
{Heap after GC invocations=72 (full 7):
 def new generation   total 6245184K, used 0K [0x00007f7404600000, 0x00007f75abe70000, 0x00007f7959b50000)
  eden space 5551296K,   0% used [0x00007f7404600000, 0x00007f7404600000, 0x00007f7557330000)
  from space 693888K,   0% used [0x00007f7557330000, 0x00007f7557330000, 0x00007f75818d0000)
  to   space 693888K,   0% used [0x00007f75818d0000, 0x00007f75818d0000, 0x00007f75abe70000)
 tenured generation   total 13878112K, used 8326866K [0x00007f7959b50000, 0x00007f7ca8c28000, 0x00007f8404600000)
   the space 13878112K,  59% used [0x00007f7959b50000, 0x00007f7b55f04a38, 0x00007f7b55f04c00, 0x00007f7ca8c28000)
 Metaspace       used 30658K, capacity 31098K, committed 31488K, reserved 32768K
}
Event: 668.979 GC heap before
{Heap before GC invocations=72 (full 7):
 def new generation   total 6245184K, used 5551296K [0x00007f7404600000, 0x00007f75abe70000, 0x00007f7959b50000)
  eden space 5551296K, 100% used [0x00007f7404600000, 0x00007f7557330000, 0x00007f7557330000)
  from space 693888K,   0% used [0x00007f7557330000, 0x00007f7557330000, 0x00007f75818d0000)
  to   space 693888K,   0% used [0x00007f75818d0000, 0x00007f75818d0000, 0x00007f75abe70000)
 tenured generation   total 13878112K, used 8326866K [0x00007f7959b50000, 0x00007f7ca8c28000, 0x00007f8404600000)
   the space 13878112K,  59% used [0x00007f7959b50000, 0x00007f7b55f04a38, 0x00007f7b55f04c00, 0x00007f7ca8c28000)
 Metaspace       used 30658K, capacity 31098K, committed 31488K, reserved 32768K
}
Event: 670.985 GC heap after
{Heap after GC invocations=73 (full 7):
 def new generation   total 6245184K, used 693887K [0x00007f7404600000, 0x00007f75abe70000, 0x00007f7959b50000)
  eden space 5551296K,   0% used [0x00007f7404600000, 0x00007f7404600000, 0x00007f7557330000)
  from space 693888K,  99% used [0x00007f75818d0000, 0x00007f75abe6fff8, 0x00007f75abe70000)
  to   space 693888K,   0% used [0x00007f7557330000, 0x00007f7557330000, 0x00007f75818d0000)
 tenured generation   total 13878112K, used 9026026K [0x00007f7959b50000, 0x00007f7ca8c28000, 0x00007f8404600000)
   the space 13878112K,  65% used [0x00007f7959b50000, 0x00007f7b809ca800, 0x00007f7b809ca800, 0x00007f7ca8c28000)
 Metaspace       used 30658K, capacity 31098K, committed 31488K, reserved 32768K
}
Event: 673.199 GC heap before
{Heap before GC invocations=73 (full 7):
 def new generation   total 6245184K, used 6245183K [0x00007f7404600000, 0x00007f75abe70000, 0x00007f7959b50000)
  eden space 5551296K, 100% used [0x00007f7404600000, 0x00007f7557330000, 0x00007f7557330000)
  from space 693888K,  99% used [0x00007f75818d0000, 0x00007f75abe6fff8, 0x00007f75abe70000)
  to   space 693888K,   0% used [0x00007f7557330000, 0x00007f7557330000, 0x00007f75818d0000)
 tenured generation   total 13878112K, used 9026026K [0x00007f7959b50000, 0x00007f7ca8c28000, 0x00007f8404600000)
   the space 13878112K,  65% used [0x00007f7959b50000, 0x00007f7b809ca800, 0x00007f7b809ca800, 0x00007f7ca8c28000)
 Metaspace       used 30658K, capacity 31098K, committed 31488K, reserved 32768K
}
Event: 675.781 GC heap after
{Heap after GC invocations=74 (full 7):
 def new generation   total 6245184K, used 693887K [0x00007f7404600000, 0x00007f75abe70000, 0x00007f7959b50000)
  eden space 5551296K,   0% used [0x00007f7404600000, 0x00007f7404600000, 0x00007f7557330000)
  from space 693888K,  99% used [0x00007f7557330000, 0x00007f75818cfff0, 0x00007f75818d0000)
  to   space 693888K,   0% used [0x00007f75818d0000, 0x00007f75818d0000, 0x00007f75abe70000)
 tenured generation   total 13878112K, used 10415243K [0x00007f7959b50000, 0x00007f7ca8c28000, 0x00007f8404600000)
   the space 13878112K,  75% used [0x00007f7959b50000, 0x00007f7bd5672d98, 0x00007f7bd5672e00, 0x00007f7ca8c28000)
 Metaspace       used 30658K, capacity 31098K, committed 31488K, reserved 32768K
}
Event: 677.842 GC heap before
{Heap before GC invocations=74 (full 7):
 def new generation   total 6245184K, used 6245183K [0x00007f7404600000, 0x00007f75abe70000, 0x00007f7959b50000)
  eden space 5551296K, 100% used [0x00007f7404600000, 0x00007f7557330000, 0x00007f7557330000)
  from space 693888K,  99% used [0x00007f7557330000, 0x00007f75818cfff0, 0x00007f75818d0000)
  to   space 693888K,   0% used [0x00007f75818d0000, 0x00007f75818d0000, 0x00007f75abe70000)
 tenured generation   total 13878112K, used 10415243K [0x00007f7959b50000, 0x00007f7ca8c28000, 0x00007f8404600000)
   the space 13878112K,  75% used [0x00007f7959b50000, 0x00007f7bd5672d98, 0x00007f7bd5672e00, 0x00007f7ca8c28000)
 Metaspace       used 30658K, capacity 31098K, committed 31488K, reserved 32768K
}
Event: 680.521 GC heap after
{Heap after GC invocations=75 (full 7):
 def new generation   total 6245184K, used 693888K [0x00007f7404600000, 0x00007f75abe70000, 0x00007f7959b50000)
  eden space 5551296K,   0% used [0x00007f7404600000, 0x00007f7404600000, 0x00007f7557330000)
  from space 693888K, 100% used [0x00007f75818d0000, 0x00007f75abe70000, 0x00007f75abe70000)
  to   space 693888K,   0% used [0x00007f7557330000, 0x00007f7557330000, 0x00007f75818d0000)
 tenured generation   total 13878112K, used 11803065K [0x00007f7959b50000, 0x00007f7ca8c28000, 0x00007f8404600000)
   the space 13878112K,  85% used [0x00007f7959b50000, 0x00007f7c2a1be7d8, 0x00007f7c2a1be800, 0x00007f7ca8c28000)
 Metaspace       used 30658K, capacity 31098K, committed 31488K, reserved 32768K
}
Event: 684.319 GC heap before
{Heap before GC invocations=75 (full 7):
 def new generation   total 6245184K, used 6245184K [0x00007f7404600000, 0x00007f75abe70000, 0x00007f7959b50000)
  eden space 5551296K, 100% used [0x00007f7404600000, 0x00007f7557330000, 0x00007f7557330000)
  from space 693888K, 100% used [0x00007f75818d0000, 0x00007f75abe70000, 0x00007f75abe70000)
  to   space 693888K,   0% used [0x00007f7557330000, 0x00007f7557330000, 0x00007f75818d0000)
 tenured generation   total 13878112K, used 11803065K [0x00007f7959b50000, 0x00007f7ca8c28000, 0x00007f8404600000)
   the space 13878112K,  85% used [0x00007f7959b50000, 0x00007f7c2a1be7d8, 0x00007f7c2a1be800, 0x00007f7ca8c28000)
 Metaspace       used 30658K, capacity 31098K, committed 31488K, reserved 32768K
}
Event: 688.292 GC heap after
{Heap after GC invocations=76 (full 7):
 def new generation   total 6245184K, used 693887K [0x00007f7404600000, 0x00007f75abe70000, 0x00007f7959b50000)
  eden space 5551296K,   0% used [0x00007f7404600000, 0x00007f7404600000, 0x00007f7557330000)
  from space 693888K,  99% used [0x00007f7557330000, 0x00007f75818cfff8, 0x00007f75818d0000)
  to   space 693888K,   0% used [0x00007f75818d0000, 0x00007f75818d0000, 0x00007f75abe70000)
 tenured generation   total 13878112K, used 13700752K [0x00007f7959b50000, 0x00007f7ca8c28000, 0x00007f8404600000)
   the space 13878112K,  98% used [0x00007f7959b50000, 0x00007f7c9def4398, 0x00007f7c9def4400, 0x00007f7ca8c28000)
 Metaspace       used 30658K, capacity 31098K, committed 31488K, reserved 32768K
}
Event: 689.529 GC heap before
{Heap before GC invocations=76 (full 7):
 def new generation   total 6245184K, used 6245183K [0x00007f7404600000, 0x00007f75abe70000, 0x00007f7959b50000)
  eden space 5551296K, 100% used [0x00007f7404600000, 0x00007f7557330000, 0x00007f7557330000)
  from space 693888K,  99% used [0x00007f7557330000, 0x00007f75818cfff8, 0x00007f75818d0000)
  to   space 693888K,   0% used [0x00007f75818d0000, 0x00007f75818d0000, 0x00007f75abe70000)
 tenured generation   total 13878112K, used 13700752K [0x00007f7959b50000, 0x00007f7ca8c28000, 0x00007f8404600000)
   the space 13878112K,  98% used [0x00007f7959b50000, 0x00007f7c9def4398, 0x00007f7c9def4400, 0x00007f7ca8c28000)
 Metaspace       used 30663K, capacity 31098K, committed 31488K, reserved 32768K
}
Event: 692.787 GC heap after
{Heap after GC invocations=77 (full 7):
 def new generation   total 6245184K, used 693887K [0x00007f7404600000, 0x00007f75abe70000, 0x00007f7959b50000)
  eden space 5551296K,   0% used [0x00007f7404600000, 0x00007f7404600000, 0x00007f7557330000)
  from space 693888K,  99% used [0x00007f75818d0000, 0x00007f75abe6ffe8, 0x00007f75abe70000)
  to   space 693888K,   0% used [0x00007f7557330000, 0x00007f7557330000, 0x00007f75818d0000)
 tenured generation   total 18962656K, used 18962469K [0x00007f7959b50000, 0x00007f7ddf188000, 0x00007f8404600000)
   the space 18962656K,  99% used [0x00007f7959b50000, 0x00007f7ddf1594a0, 0x00007f7ddf159600, 0x00007f7ddf188000)
 Metaspace       used 30663K, capacity 31098K, committed 31488K, reserved 32768K
}
Event: 692.787 GC heap before
{Heap before GC invocations=77 (full 7):
 def new generation   total 6245184K, used 693887K [0x00007f7404600000, 0x00007f75abe70000, 0x00007f7959b50000)
  eden space 5551296K,   0% used [0x00007f7404600000, 0x00007f7404600000, 0x00007f7557330000)
  from space 693888K,  99% used [0x00007f75818d0000, 0x00007f75abe6ffe8, 0x00007f75abe70000)
  to   space 693888K,   0% used [0x00007f7557330000, 0x00007f7557330000, 0x00007f75818d0000)
 tenured generation   total 18962656K, used 18962469K [0x00007f7959b50000, 0x00007f7ddf188000, 0x00007f8404600000)
   the space 18962656K,  99% used [0x00007f7959b50000, 0x00007f7ddf1594a0, 0x00007f7ddf159600, 0x00007f7ddf188000)
 Metaspace       used 30663K, capacity 31098K, committed 31488K, reserved 32768K
}
Event: 703.869 GC heap after
{Heap after GC invocations=77 (full 8):
 def new generation   total 9333184K, used 0K [0x00007f7404600000, 0x00007f767d520000, 0x00007f7959b50000)
  eden space 8296192K,   0% used [0x00007f7404600000, 0x00007f7404600000, 0x00007f75febc0000)
  from space 1036992K,   0% used [0x00007f75febc0000, 0x00007f75febc0000, 0x00007f763e070000)
  to   space 1036992K,   0% used [0x00007f763e070000, 0x00007f763e070000, 0x00007f767d520000)
 tenured generation   total 20740232K, used 12444137K [0x00007f7959b50000, 0x00007f7e4b972000, 0x00007f8404600000)
   the space 20740232K,  59% used [0x00007f7959b50000, 0x00007f7c513ca518, 0x00007f7c513ca600, 0x00007f7e4b972000)
 Metaspace       used 30663K, capacity 31098K, committed 31488K, reserved 32768K
}
Event: 705.033 GC heap before
{Heap before GC invocations=77 (full 8):
 def new generation   total 9333184K, used 8296192K [0x00007f7404600000, 0x00007f767d520000, 0x00007f7959b50000)
  eden space 8296192K, 100% used [0x00007f7404600000, 0x00007f75febc0000, 0x00007f75febc0000)
  from space 1036992K,   0% used [0x00007f75febc0000, 0x00007f75febc0000, 0x00007f763e070000)
  to   space 1036992K,   0% used [0x00007f763e070000, 0x00007f763e070000, 0x00007f767d520000)
 tenured generation   total 20740232K, used 12444137K [0x00007f7959b50000, 0x00007f7e4b972000, 0x00007f8404600000)
   the space 20740232K,  59% used [0x00007f7959b50000, 0x00007f7c513ca518, 0x00007f7c513ca600, 0x00007f7e4b972000)
 Metaspace       used 30663K, capacity 31098K, committed 31488K, reserved 32768K
}
Event: 707.343 GC heap after
{Heap after GC invocations=78 (full 8):
 def new generation   total 9333184K, used 1036991K [0x00007f7404600000, 0x00007f767d520000, 0x00007f7959b50000)
  eden space 8296192K,   0% used [0x00007f7404600000, 0x00007f7404600000, 0x00007f75febc0000)
  from space 1036992K,  99% used [0x00007f763e070000, 0x00007f767d51fee0, 0x00007f767d520000)
  to   space 1036992K,   0% used [0x00007f75febc0000, 0x00007f75febc0000, 0x00007f763e070000)
 tenured generation   total 20740232K, used 19703207K [0x00007f7959b50000, 0x00007f7e4b972000, 0x00007f8404600000)
   the space 20740232K,  94% used [0x00007f7959b50000, 0x00007f7e0c4b9d18, 0x00007f7e0c4b9e00, 0x00007f7e4b972000)
 Metaspace       used 30663K, capacity 31098K, committed 31488K, reserved 32768K
}
Event: 708.242 GC heap before
{Heap before GC invocations=78 (full 8):
 def new generation   total 9333184K, used 9333183K [0x00007f7404600000, 0x00007f767d520000, 0x00007f7959b50000)
  eden space 8296192K, 100% used [0x00007f7404600000, 0x00007f75febc0000, 0x00007f75febc0000)
  from space 1036992K,  99% used [0x00007f763e070000, 0x00007f767d51fee0, 0x00007f767d520000)
  to   space 1036992K,   0% used [0x00007f75febc0000, 0x00007f75febc0000, 0x00007f763e070000)
 tenured generation   total 20740232K, used 19703207K [0x00007f7959b50000, 0x00007f7e4b972000, 0x00007f8404600000)
   the space 20740232K,  94% used [0x00007f7959b50000, 0x00007f7e0c4b9d18, 0x00007f7e0c4b9e00, 0x00007f7e4b972000)
 Metaspace       used 30663K, capacity 31098K, committed 31488K, reserved 32768K
}
Event: 712.398 GC heap after
{Heap after GC invocations=79 (full 8):
 def new generation   total 9333184K, used 1036991K [0x00007f7404600000, 0x00007f767d520000, 0x00007f7959b50000)
  eden space 8296192K,   0% used [0x00007f7404600000, 0x00007f7404600000, 0x00007f75febc0000)
  from space 1036992K,  99% used [0x00007f75febc0000, 0x00007f763e06fee0, 0x00007f763e070000)
  to   space 1036992K,   0% used [0x00007f763e070000, 0x00007f763e070000, 0x00007f767d520000)
 tenured generation   total 27999368K, used 27999333K [0x00007f7959b50000, 0x00007f8006a72000, 0x00007f8404600000)
   the space 27999368K,  99% used [0x00007f7959b50000, 0x00007f8006a697f8, 0x00007f8006a69800, 0x00007f8006a72000)
 Metaspace       used 30663K, capacity 31098K, committed 31488K, reserved 32768K
}
Event: 712.398 GC heap before
{Heap before GC invocations=79 (full 8):
 def new generation   total 9333184K, used 1036991K [0x00007f7404600000, 0x00007f767d520000, 0x00007f7959b50000)
  eden space 8296192K,   0% used [0x00007f7404600000, 0x00007f7404600000, 0x00007f75febc0000)
  from space 1036992K,  99% used [0x00007f75febc0000, 0x00007f763e06fee0, 0x00007f763e070000)
  to   space 1036992K,   0% used [0x00007f763e070000, 0x00007f763e070000, 0x00007f767d520000)
 tenured generation   total 27999368K, used 27999333K [0x00007f7959b50000, 0x00007f8006a72000, 0x00007f8404600000)
   the space 27999368K,  99% used [0x00007f7959b50000, 0x00007f8006a697f8, 0x00007f8006a69800, 0x00007f8006a72000)
 Metaspace       used 30663K, capacity 31098K, committed 31488K, reserved 32768K
}

