# JRE version: OpenJDK Runtime Environment (13.0.7+5) (build 13.0.7+5-Ubuntu-0ubuntu120.04)
# Java VM: OpenJDK 64-Bit Server VM (13.0.7+5-Ubuntu-0ubuntu120.04, mixed mode, tiered, serial gc, linux-amd64)
Heap:
 def new generation   total 3206336K, used 356223K [0x00007f0f70600000, 0x00007f1049d10000, 0x00007f14c5b50000)
  eden space 2850112K,  12% used [0x00007f0f70600000, 0x00007f0f861dfe78, 0x00007f101e550000)
  from space 356224K,   0% used [0x00007f1034130000, 0x00007f1034130000, 0x00007f1049d10000)
  to   space 356224K,   0% used [0x00007f101e550000, 0x00007f101e550000, 0x00007f1034130000)
 tenured generation   total 8366488K, used 8361062K [0x00007f14c5b50000, 0x00007f16c45b6000, 0x00007f1f70600000)
   the space 8366488K,  99% used [0x00007f14c5b50000, 0x00007f16c4069ac8, 0x00007f16c4069c00, 0x00007f16c45b6000)
 Metaspace       used 30876K, capacity 31340K, committed 31488K, reserved 32768K
GC Heap History (20 events):
Event: 10.987 GC heap after
{Heap after GC invocations=4 (full 1):
 def new generation   total 629248K, used 69888K [0x00007f0f70600000, 0x00007f0f9b0c0000, 0x00007f14c5b50000)
  eden space 559360K,   0% used [0x00007f0f70600000, 0x00007f0f70600000, 0x00007f0f92840000)
  from space 69888K, 100% used [0x00007f0f96c80000, 0x00007f0f9b0c0000, 0x00007f0f9b0c0000)
  to   space 69888K,   0% used [0x00007f0f92840000, 0x00007f0f92840000, 0x00007f0f96c80000)
 tenured generation   total 1398144K, used 781063K [0x00007f14c5b50000, 0x00007f151b0b0000, 0x00007f1f70600000)
   the space 1398144K,  55% used [0x00007f14c5b50000, 0x00007f14f5611c60, 0x00007f14f5611e00, 0x00007f151b0b0000)
 Metaspace       used 30876K, capacity 31340K, committed 31488K, reserved 32768K
}
Event: 11.353 GC heap before
{Heap before GC invocations=4 (full 1):
 def new generation   total 629248K, used 629248K [0x00007f0f70600000, 0x00007f0f9b0c0000, 0x00007f14c5b50000)
  eden space 559360K, 100% used [0x00007f0f70600000, 0x00007f0f92840000, 0x00007f0f92840000)
  from space 69888K, 100% used [0x00007f0f96c80000, 0x00007f0f9b0c0000, 0x00007f0f9b0c0000)
  to   space 69888K,   0% used [0x00007f0f92840000, 0x00007f0f92840000, 0x00007f0f96c80000)
 tenured generation   total 1398144K, used 781063K [0x00007f14c5b50000, 0x00007f151b0b0000, 0x00007f1f70600000)
   the space 1398144K,  55% used [0x00007f14c5b50000, 0x00007f14f5611c60, 0x00007f14f5611e00, 0x00007f151b0b0000)
 Metaspace       used 30876K, capacity 31340K, committed 31488K, reserved 32768K
}
Event: 11.906 GC heap after
{Heap after GC invocations=5 (full 1):
 def new generation   total 629248K, used 69887K [0x00007f0f70600000, 0x00007f0f9b0c0000, 0x00007f14c5b50000)
  eden space 559360K,   0% used [0x00007f0f70600000, 0x00007f0f70600000, 0x00007f0f92840000)
  from space 69888K,  99% used [0x00007f0f92840000, 0x00007f0f96c7ff38, 0x00007f0f96c80000)
  to   space 69888K,   0% used [0x00007f0f96c80000, 0x00007f0f96c80000, 0x00007f0f9b0c0000)
 tenured generation   total 1398144K, used 1340388K [0x00007f14c5b50000, 0x00007f151b0b0000, 0x00007f1f70600000)
   the space 1398144K,  95% used [0x00007f14c5b50000, 0x00007f15178492d8, 0x00007f1517849400, 0x00007f151b0b0000)
 Metaspace       used 30876K, capacity 31340K, committed 31488K, reserved 32768K
}
Event: 12.235 GC heap before
{Heap before GC invocations=5 (full 1):
 def new generation   total 629248K, used 629247K [0x00007f0f70600000, 0x00007f0f9b0c0000, 0x00007f14c5b50000)
  eden space 559360K, 100% used [0x00007f0f70600000, 0x00007f0f92840000, 0x00007f0f92840000)
  from space 69888K,  99% used [0x00007f0f92840000, 0x00007f0f96c7ff38, 0x00007f0f96c80000)
  to   space 69888K,   0% used [0x00007f0f96c80000, 0x00007f0f96c80000, 0x00007f0f9b0c0000)
 tenured generation   total 1398144K, used 1340388K [0x00007f14c5b50000, 0x00007f151b0b0000, 0x00007f1f70600000)
   the space 1398144K,  95% used [0x00007f14c5b50000, 0x00007f15178492d8, 0x00007f1517849400, 0x00007f151b0b0000)
 Metaspace       used 30876K, capacity 31340K, committed 31488K, reserved 32768K
}
Event: 12.859 GC heap after
{Heap after GC invocations=6 (full 1):
 def new generation   total 629248K, used 69887K [0x00007f0f70600000, 0x00007f0f9b0c0000, 0x00007f14c5b50000)
  eden space 559360K,   0% used [0x00007f0f70600000, 0x00007f0f70600000, 0x00007f0f92840000)
  from space 69888K,  99% used [0x00007f0f96c80000, 0x00007f0f9b0bff38, 0x00007f0f9b0c0000)
  to   space 69888K,   0% used [0x00007f0f92840000, 0x00007f0f92840000, 0x00007f0f96c80000)
 tenured generation   total 1899840K, used 1899700K [0x00007f14c5b50000, 0x00007f1539aa0000, 0x00007f1f70600000)
   the space 1899840K,  99% used [0x00007f14c5b50000, 0x00007f1539a7d218, 0x00007f1539a7d400, 0x00007f1539aa0000)
 Metaspace       used 30876K, capacity 31340K, committed 31488K, reserved 32768K
}
Event: 12.859 GC heap before
{Heap before GC invocations=6 (full 1):
 def new generation   total 629248K, used 69887K [0x00007f0f70600000, 0x00007f0f9b0c0000, 0x00007f14c5b50000)
  eden space 559360K,   0% used [0x00007f0f70600000, 0x00007f0f70600000, 0x00007f0f92840000)
  from space 69888K,  99% used [0x00007f0f96c80000, 0x00007f0f9b0bff38, 0x00007f0f9b0c0000)
  to   space 69888K,   0% used [0x00007f0f92840000, 0x00007f0f92840000, 0x00007f0f96c80000)
 tenured generation   total 1899840K, used 1899700K [0x00007f14c5b50000, 0x00007f1539aa0000, 0x00007f1f70600000)
   the space 1899840K,  99% used [0x00007f14c5b50000, 0x00007f1539a7d218, 0x00007f1539a7d400, 0x00007f1539aa0000)
 Metaspace       used 30876K, capacity 31340K, committed 31488K, reserved 32768K
}
Event: 13.527 GC heap after
{Heap after GC invocations=6 (full 2):
 def new generation   total 1424960K, used 69748K [0x00007f0f70600000, 0x00007f0fd1020000, 0x00007f14c5b50000)
  eden space 1266688K,   5% used [0x00007f0f70600000, 0x00007f0f74a1d248, 0x00007f0fbdb00000)
  from space 158272K,   0% used [0x00007f0fbdb00000, 0x00007f0fbdb00000, 0x00007f0fc7590000)
  to   space 158272K,   0% used [0x00007f0fc7590000, 0x00007f0fc7590000, 0x00007f0fd1020000)
 tenured generation   total 3166400K, used 1899839K [0x00007f14c5b50000, 0x00007f1586f80000, 0x00007f1f70600000)
   the space 3166400K,  59% used [0x00007f14c5b50000, 0x00007f1539a9ff08, 0x00007f1539aa0000, 0x00007f1586f80000)
 Metaspace       used 30876K, capacity 31340K, committed 31488K, reserved 32768K
}
Event: 13.989 GC heap before
{Heap before GC invocations=6 (full 2):
 def new generation   total 1424960K, used 1266688K [0x00007f0f70600000, 0x00007f0fd1020000, 0x00007f14c5b50000)
  eden space 1266688K, 100% used [0x00007f0f70600000, 0x00007f0fbdb00000, 0x00007f0fbdb00000)
  from space 158272K,   0% used [0x00007f0fbdb00000, 0x00007f0fbdb00000, 0x00007f0fc7590000)
  to   space 158272K,   0% used [0x00007f0fc7590000, 0x00007f0fc7590000, 0x00007f0fd1020000)
 tenured generation   total 3166400K, used 1899839K [0x00007f14c5b50000, 0x00007f1586f80000, 0x00007f1f70600000)
   the space 3166400K,  59% used [0x00007f14c5b50000, 0x00007f1539a9ff08, 0x00007f1539aa0000, 0x00007f1586f80000)
 Metaspace       used 30876K, capacity 31340K, committed 31488K, reserved 32768K
}
Event: 15.219 GC heap after
{Heap after GC invocations=7 (full 2):
 def new generation   total 1424960K, used 158271K [0x00007f0f70600000, 0x00007f0fd1020000, 0x00007f14c5b50000)
  eden space 1266688K,   0% used [0x00007f0f70600000, 0x00007f0f70600000, 0x00007f0fbdb00000)
  from space 158272K,  99% used [0x00007f0fc7590000, 0x00007f0fd101ff30, 0x00007f0fd1020000)
  to   space 158272K,   0% used [0x00007f0fbdb00000, 0x00007f0fbdb00000, 0x00007f0fc7590000)
 tenured generation   total 3166400K, used 3008205K [0x00007f14c5b50000, 0x00007f1586f80000, 0x00007f1f70600000)
   the space 3166400K,  95% used [0x00007f14c5b50000, 0x00007f157d503438, 0x00007f157d503600, 0x00007f1586f80000)
 Metaspace       used 30876K, capacity 31340K, committed 31488K, reserved 32768K
}
Event: 16.033 GC heap before
{Heap before GC invocations=7 (full 2):
 def new generation   total 1424960K, used 1424959K [0x00007f0f70600000, 0x00007f0fd1020000, 0x00007f14c5b50000)
  eden space 1266688K, 100% used [0x00007f0f70600000, 0x00007f0fbdb00000, 0x00007f0fbdb00000)
  from space 158272K,  99% used [0x00007f0fc7590000, 0x00007f0fd101ff30, 0x00007f0fd1020000)
  to   space 158272K,   0% used [0x00007f0fbdb00000, 0x00007f0fbdb00000, 0x00007f0fc7590000)
 tenured generation   total 3166400K, used 3008205K [0x00007f14c5b50000, 0x00007f1586f80000, 0x00007f1f70600000)
   the space 3166400K,  95% used [0x00007f14c5b50000, 0x00007f157d503438, 0x00007f157d503600, 0x00007f1586f80000)
 Metaspace       used 30876K, capacity 31340K, committed 31488K, reserved 32768K
}
Event: 17.846 GC heap after
{Heap after GC invocations=8 (full 2):
 def new generation   total 1424960K, used 158271K [0x00007f0f70600000, 0x00007f0fd1020000, 0x00007f14c5b50000)
  eden space 1266688K,   0% used [0x00007f0f70600000, 0x00007f0f70600000, 0x00007f0fbdb00000)
  from space 158272K,  99% used [0x00007f0fbdb00000, 0x00007f0fc758ff30, 0x00007f0fc7590000)
  to   space 158272K,   0% used [0x00007f0fc7590000, 0x00007f0fc7590000, 0x00007f0fd1020000)
 tenured generation   total 4275008K, used 4274852K [0x00007f14c5b50000, 0x00007f15caa20000, 0x00007f1f70600000)
   the space 4275008K,  99% used [0x00007f14c5b50000, 0x00007f15ca9f9278, 0x00007f15ca9f9400, 0x00007f15caa20000)
 Metaspace       used 30876K, capacity 31340K, committed 31488K, reserved 32768K
}
Event: 17.846 GC heap before
{Heap before GC invocations=8 (full 2):
 def new generation   total 1424960K, used 158271K [0x00007f0f70600000, 0x00007f0fd1020000, 0x00007f14c5b50000)
  eden space 1266688K,   0% used [0x00007f0f70600000, 0x00007f0f70600000, 0x00007f0fbdb00000)
  from space 158272K,  99% used [0x00007f0fbdb00000, 0x00007f0fc758ff30, 0x00007f0fc7590000)
  to   space 158272K,   0% used [0x00007f0fc7590000, 0x00007f0fc7590000, 0x00007f0fd1020000)
 tenured generation   total 4275008K, used 4274852K [0x00007f14c5b50000, 0x00007f15caa20000, 0x00007f1f70600000)
   the space 4275008K,  99% used [0x00007f14c5b50000, 0x00007f15ca9f9278, 0x00007f15ca9f9400, 0x00007f15caa20000)
 Metaspace       used 30876K, capacity 31340K, committed 31488K, reserved 32768K
}
Event: 20.174 GC heap after
{Heap after GC invocations=8 (full 3):
 def new generation   total 3206336K, used 158116K [0x00007f0f70600000, 0x00007f1049d10000, 0x00007f14c5b50000)
  eden space 2850112K,   5% used [0x00007f0f70600000, 0x00007f0f7a069370, 0x00007f101e550000)
  from space 356224K,   0% used [0x00007f101e550000, 0x00007f101e550000, 0x00007f1034130000)
  to   space 356224K,   0% used [0x00007f1034130000, 0x00007f1034130000, 0x00007f1049d10000)
 tenured generation   total 7125016K, used 4275007K [0x00007f14c5b50000, 0x00007f1678956000, 0x00007f1f70600000)
   the space 7125016K,  59% used [0x00007f14c5b50000, 0x00007f15caa1fe38, 0x00007f15caa20000, 0x00007f1678956000)
 Metaspace       used 30876K, capacity 31340K, committed 31488K, reserved 32768K
}
Event: 26.225 GC heap before
{Heap before GC invocations=8 (full 3):
 def new generation   total 3206336K, used 2850112K [0x00007f0f70600000, 0x00007f1049d10000, 0x00007f14c5b50000)
  eden space 2850112K, 100% used [0x00007f0f70600000, 0x00007f101e550000, 0x00007f101e550000)
  from space 356224K,   0% used [0x00007f101e550000, 0x00007f101e550000, 0x00007f1034130000)
  to   space 356224K,   0% used [0x00007f1034130000, 0x00007f1034130000, 0x00007f1049d10000)
 tenured generation   total 7125016K, used 4275007K [0x00007f14c5b50000, 0x00007f1678956000, 0x00007f1f70600000)
   the space 7125016K,  59% used [0x00007f14c5b50000, 0x00007f15caa1fe38, 0x00007f15caa20000, 0x00007f1678956000)
 Metaspace       used 30876K, capacity 31340K, committed 31488K, reserved 32768K
}
Event: 28.411 GC heap after
{Heap after GC invocations=9 (full 3):
 def new generation   total 3206336K, used 356223K [0x00007f0f70600000, 0x00007f1049d10000, 0x00007f14c5b50000)
  eden space 2850112K,   0% used [0x00007f0f70600000, 0x00007f0f70600000, 0x00007f101e550000)
  from space 356224K,  99% used [0x00007f1034130000, 0x00007f1049d0fff8, 0x00007f1049d10000)
  to   space 356224K,   0% used [0x00007f101e550000, 0x00007f101e550000, 0x00007f1034130000)
 tenured generation   total 7125016K, used 5514941K [0x00007f14c5b50000, 0x00007f1678956000, 0x00007f1f70600000)
   the space 7125016K,  77% used [0x00007f14c5b50000, 0x00007f16164ff400, 0x00007f16164ff400, 0x00007f1678956000)
 Metaspace       used 30876K, capacity 31340K, committed 31488K, reserved 32768K
}
Event: 34.985 GC heap before
{Heap before GC invocations=9 (full 3):
 def new generation   total 3206336K, used 3206335K [0x00007f0f70600000, 0x00007f1049d10000, 0x00007f14c5b50000)
  eden space 2850112K, 100% used [0x00007f0f70600000, 0x00007f101e550000, 0x00007f101e550000)
  from space 356224K,  99% used [0x00007f1034130000, 0x00007f1049d0fff8, 0x00007f1049d10000)
  to   space 356224K,   0% used [0x00007f101e550000, 0x00007f101e550000, 0x00007f1034130000)
 tenured generation   total 7125016K, used 5514941K [0x00007f14c5b50000, 0x00007f1678956000, 0x00007f1f70600000)
   the space 7125016K,  77% used [0x00007f14c5b50000, 0x00007f16164ff400, 0x00007f16164ff400, 0x00007f1678956000)
 Metaspace       used 30876K, capacity 31340K, committed 31488K, reserved 32768K
}
Event: 35.604 GC heap after
{Heap after GC invocations=10 (full 3):
 def new generation   total 3206336K, used 1445K [0x00007f0f70600000, 0x00007f1049d10000, 0x00007f14c5b50000)
  eden space 2850112K,   0% used [0x00007f0f70600000, 0x00007f0f70600000, 0x00007f101e550000)
  from space 356224K,   0% used [0x00007f101e550000, 0x00007f101e6b9430, 0x00007f1034130000)
  to   space 356224K,   0% used [0x00007f1034130000, 0x00007f1034130000, 0x00007f1049d10000)
 tenured generation   total 7125016K, used 5871164K [0x00007f14c5b50000, 0x00007f1678956000, 0x00007f1f70600000)
   the space 7125016K,  82% used [0x00007f14c5b50000, 0x00007f162c0df348, 0x00007f162c0df400, 0x00007f1678956000)
 Metaspace       used 30876K, capacity 31340K, committed 31488K, reserved 32768K
}
Event: 36.678 GC heap before
{Heap before GC invocations=10 (full 3):
 def new generation   total 3206336K, used 2851557K [0x00007f0f70600000, 0x00007f1049d10000, 0x00007f14c5b50000)
  eden space 2850112K, 100% used [0x00007f0f70600000, 0x00007f101e550000, 0x00007f101e550000)
  from space 356224K,   0% used [0x00007f101e550000, 0x00007f101e6b9430, 0x00007f1034130000)
  to   space 356224K,   0% used [0x00007f1034130000, 0x00007f1034130000, 0x00007f1049d10000)
 tenured generation   total 7125016K, used 5871164K [0x00007f14c5b50000, 0x00007f1678956000, 0x00007f1f70600000)
   the space 7125016K,  82% used [0x00007f14c5b50000, 0x00007f162c0df348, 0x00007f162c0df400, 0x00007f1678956000)
 Metaspace       used 30876K, capacity 31340K, committed 31488K, reserved 32768K
}
Event: 39.755 GC heap after
{Heap after GC invocations=11 (full 3):
 def new generation   total 3206336K, used 356223K [0x00007f0f70600000, 0x00007f1049d10000, 0x00007f14c5b50000)
  eden space 2850112K,   0% used [0x00007f0f70600000, 0x00007f0f70600000, 0x00007f101e550000)
  from space 356224K,  99% used [0x00007f1034130000, 0x00007f1049d0fe78, 0x00007f1049d10000)
  to   space 356224K,   0% used [0x00007f101e550000, 0x00007f101e550000, 0x00007f1034130000)
 tenured generation   total 8366488K, used 8366450K [0x00007f14c5b50000, 0x00007f16c45b6000, 0x00007f1f70600000)
   the space 8366488K,  99% used [0x00007f14c5b50000, 0x00007f16c45ac808, 0x00007f16c45aca00, 0x00007f16c45b6000)
 Metaspace       used 30876K, capacity 31340K, committed 31488K, reserved 32768K
}
Event: 39.756 GC heap before
{Heap before GC invocations=11 (full 3):
 def new generation   total 3206336K, used 356223K [0x00007f0f70600000, 0x00007f1049d10000, 0x00007f14c5b50000)
  eden space 2850112K,   0% used [0x00007f0f70600000, 0x00007f0f70600000, 0x00007f101e550000)
  from space 356224K,  99% used [0x00007f1034130000, 0x00007f1049d0fe78, 0x00007f1049d10000)
  to   space 356224K,   0% used [0x00007f101e550000, 0x00007f101e550000, 0x00007f1034130000)
 tenured generation   total 8366488K, used 8366450K [0x00007f14c5b50000, 0x00007f16c45b6000, 0x00007f1f70600000)
   the space 8366488K,  99% used [0x00007f14c5b50000, 0x00007f16c45ac808, 0x00007f16c45aca00, 0x00007f16c45b6000)
 Metaspace       used 30876K, capacity 31340K, committed 31488K, reserved 32768K
}

