# JRE version: OpenJDK Runtime Environment (13.0.7+5) (build 13.0.7+5-Ubuntu-0ubuntu120.04)
# Java VM: OpenJDK 64-Bit Server VM (13.0.7+5-Ubuntu-0ubuntu120.04, mixed mode, tiered, serial gc, linux-amd64)
Heap:
 def new generation   total 4840256K, used 0K [0x00007f3100600000, 0x00007f3248a00000, 0x00007f3655b50000)
  eden space 4302464K,   0% used [0x00007f3100600000, 0x00007f3100600000, 0x00007f3206fa0000)
  from space 537792K,   0% used [0x00007f3227cd0000, 0x00007f3227cd0000, 0x00007f3248a00000)
  to   space 537792K,   0% used [0x00007f3206fa0000, 0x00007f3206fa0000, 0x00007f3227cd0000)
 tenured generation   total 11804556K, used 8690220K [0x00007f3655b50000, 0x00007f3926333000, 0x00007f4100600000)
   the space 11804556K,  73% used [0x00007f3655b50000, 0x00007f38681db1b8, 0x00007f38681db200, 0x00007f3926333000)
 Metaspace       used 24639K, capacity 25061K, committed 25088K, reserved 26624K
GC Heap History (20 events):
Event: 21857.729 GC heap after
{Heap after GC invocations=20787 (full 5):
 def new generation   total 4840256K, used 17441K [0x00007f3100600000, 0x00007f3248a00000, 0x00007f3655b50000)
  eden space 4302464K,   0% used [0x00007f3100600000, 0x00007f3100600000, 0x00007f3206fa0000)
  from space 537792K,   3% used [0x00007f3206fa0000, 0x00007f32080a8508, 0x00007f3227cd0000)
  to   space 537792K,   0% used [0x00007f3227cd0000, 0x00007f3227cd0000, 0x00007f3248a00000)
 tenured generation   total 10755976K, used 7575218K [0x00007f3655b50000, 0x00007f38e6332000, 0x00007f4100600000)
   the space 10755976K,  70% used [0x00007f3655b50000, 0x00007f38240fcb88, 0x00007f38240fcc00, 0x00007f38e6332000)
 Metaspace       used 24243K, capacity 24641K, committed 24832K, reserved 26624K
}
Event: 21860.922 GC heap before
{Heap before GC invocations=20787 (full 5):
 def new generation   total 4840256K, used 4319905K [0x00007f3100600000, 0x00007f3248a00000, 0x00007f3655b50000)
  eden space 4302464K, 100% used [0x00007f3100600000, 0x00007f3206fa0000, 0x00007f3206fa0000)
  from space 537792K,   3% used [0x00007f3206fa0000, 0x00007f32080a8508, 0x00007f3227cd0000)
  to   space 537792K,   0% used [0x00007f3227cd0000, 0x00007f3227cd0000, 0x00007f3248a00000)
 tenured generation   total 10755976K, used 7575218K [0x00007f3655b50000, 0x00007f38e6332000, 0x00007f4100600000)
   the space 10755976K,  70% used [0x00007f3655b50000, 0x00007f38240fcb88, 0x00007f38240fcc00, 0x00007f38e6332000)
 Metaspace       used 24243K, capacity 24641K, committed 24832K, reserved 26624K
}
Event: 21860.949 GC heap after
{Heap after GC invocations=20788 (full 5):
 def new generation   total 4840256K, used 18190K [0x00007f3100600000, 0x00007f3248a00000, 0x00007f3655b50000)
  eden space 4302464K,   0% used [0x00007f3100600000, 0x00007f3100600000, 0x00007f3206fa0000)
  from space 537792K,   3% used [0x00007f3227cd0000, 0x00007f3228e93840, 0x00007f3248a00000)
  to   space 537792K,   0% used [0x00007f3206fa0000, 0x00007f3206fa0000, 0x00007f3227cd0000)
 tenured generation   total 10755976K, used 7576126K [0x00007f3655b50000, 0x00007f38e6332000, 0x00007f4100600000)
   the space 10755976K,  70% used [0x00007f3655b50000, 0x00007f38241df8c8, 0x00007f38241dfa00, 0x00007f38e6332000)
 Metaspace       used 24243K, capacity 24641K, committed 24832K, reserved 26624K
}
Event: 21864.361 GC heap before
{Heap before GC invocations=20788 (full 5):
 def new generation   total 4840256K, used 4320654K [0x00007f3100600000, 0x00007f3248a00000, 0x00007f3655b50000)
  eden space 4302464K, 100% used [0x00007f3100600000, 0x00007f3206fa0000, 0x00007f3206fa0000)
  from space 537792K,   3% used [0x00007f3227cd0000, 0x00007f3228e93840, 0x00007f3248a00000)
  to   space 537792K,   0% used [0x00007f3206fa0000, 0x00007f3206fa0000, 0x00007f3227cd0000)
 tenured generation   total 10755976K, used 7576126K [0x00007f3655b50000, 0x00007f38e6332000, 0x00007f4100600000)
   the space 10755976K,  70% used [0x00007f3655b50000, 0x00007f38241df8c8, 0x00007f38241dfa00, 0x00007f38e6332000)
 Metaspace       used 24243K, capacity 24641K, committed 24832K, reserved 26624K
}
Event: 21864.400 GC heap after
{Heap after GC invocations=20789 (full 5):
 def new generation   total 4840256K, used 19377K [0x00007f3100600000, 0x00007f3248a00000, 0x00007f3655b50000)
  eden space 4302464K,   0% used [0x00007f3100600000, 0x00007f3100600000, 0x00007f3206fa0000)
  from space 537792K,   3% used [0x00007f3206fa0000, 0x00007f320828c520, 0x00007f3227cd0000)
  to   space 537792K,   0% used [0x00007f3227cd0000, 0x00007f3227cd0000, 0x00007f3248a00000)
 tenured generation   total 10755976K, used 7577033K [0x00007f3655b50000, 0x00007f38e6332000, 0x00007f4100600000)
   the space 10755976K,  70% used [0x00007f3655b50000, 0x00007f38242c2608, 0x00007f38242c2800, 0x00007f38e6332000)
 Metaspace       used 24243K, capacity 24641K, committed 24832K, reserved 26624K
}
Event: 21867.891 GC heap before
{Heap before GC invocations=20789 (full 5):
 def new generation   total 4840256K, used 4321841K [0x00007f3100600000, 0x00007f3248a00000, 0x00007f3655b50000)
  eden space 4302464K, 100% used [0x00007f3100600000, 0x00007f3206fa0000, 0x00007f3206fa0000)
  from space 537792K,   3% used [0x00007f3206fa0000, 0x00007f320828c520, 0x00007f3227cd0000)
  to   space 537792K,   0% used [0x00007f3227cd0000, 0x00007f3227cd0000, 0x00007f3248a00000)
 tenured generation   total 10755976K, used 7577033K [0x00007f3655b50000, 0x00007f38e6332000, 0x00007f4100600000)
   the space 10755976K,  70% used [0x00007f3655b50000, 0x00007f38242c2608, 0x00007f38242c2800, 0x00007f38e6332000)
 Metaspace       used 24243K, capacity 24641K, committed 24832K, reserved 26624K
}
Event: 21867.926 GC heap after
{Heap after GC invocations=20790 (full 5):
 def new generation   total 4840256K, used 20542K [0x00007f3100600000, 0x00007f3248a00000, 0x00007f3655b50000)
  eden space 4302464K,   0% used [0x00007f3100600000, 0x00007f3100600000, 0x00007f3206fa0000)
  from space 537792K,   3% used [0x00007f3227cd0000, 0x00007f32290df860, 0x00007f3248a00000)
  to   space 537792K,   0% used [0x00007f3206fa0000, 0x00007f3206fa0000, 0x00007f3227cd0000)
 tenured generation   total 10755976K, used 7578016K [0x00007f3655b50000, 0x00007f38e6332000, 0x00007f4100600000)
   the space 10755976K,  70% used [0x00007f3655b50000, 0x00007f38243b81b8, 0x00007f38243b8200, 0x00007f38e6332000)
 Metaspace       used 24243K, capacity 24641K, committed 24832K, reserved 26624K
}
Event: 21871.338 GC heap before
{Heap before GC invocations=20790 (full 5):
 def new generation   total 4840256K, used 4323006K [0x00007f3100600000, 0x00007f3248a00000, 0x00007f3655b50000)
  eden space 4302464K, 100% used [0x00007f3100600000, 0x00007f3206fa0000, 0x00007f3206fa0000)
  from space 537792K,   3% used [0x00007f3227cd0000, 0x00007f32290df860, 0x00007f3248a00000)
  to   space 537792K,   0% used [0x00007f3206fa0000, 0x00007f3206fa0000, 0x00007f3227cd0000)
 tenured generation   total 10755976K, used 7578016K [0x00007f3655b50000, 0x00007f38e6332000, 0x00007f4100600000)
   the space 10755976K,  70% used [0x00007f3655b50000, 0x00007f38243b81b8, 0x00007f38243b8200, 0x00007f38e6332000)
 Metaspace       used 24243K, capacity 24641K, committed 24832K, reserved 26624K
}
Event: 21871.371 GC heap after
{Heap after GC invocations=20791 (full 5):
 def new generation   total 4840256K, used 21757K [0x00007f3100600000, 0x00007f3248a00000, 0x00007f3655b50000)
  eden space 4302464K,   0% used [0x00007f3100600000, 0x00007f3100600000, 0x00007f3206fa0000)
  from space 537792K,   4% used [0x00007f3206fa0000, 0x00007f32084df418, 0x00007f3227cd0000)
  to   space 537792K,   0% used [0x00007f3227cd0000, 0x00007f3227cd0000, 0x00007f3248a00000)
 tenured generation   total 10755976K, used 7578923K [0x00007f3655b50000, 0x00007f38e6332000, 0x00007f4100600000)
   the space 10755976K,  70% used [0x00007f3655b50000, 0x00007f382449aef8, 0x00007f382449b000, 0x00007f38e6332000)
 Metaspace       used 24243K, capacity 24641K, committed 24832K, reserved 26624K
}
Event: 21874.877 GC heap before
{Heap before GC invocations=20791 (full 5):
 def new generation   total 4840256K, used 4324221K [0x00007f3100600000, 0x00007f3248a00000, 0x00007f3655b50000)
  eden space 4302464K, 100% used [0x00007f3100600000, 0x00007f3206fa0000, 0x00007f3206fa0000)
  from space 537792K,   4% used [0x00007f3206fa0000, 0x00007f32084df418, 0x00007f3227cd0000)
  to   space 537792K,   0% used [0x00007f3227cd0000, 0x00007f3227cd0000, 0x00007f3248a00000)
 tenured generation   total 10755976K, used 7578923K [0x00007f3655b50000, 0x00007f38e6332000, 0x00007f4100600000)
   the space 10755976K,  70% used [0x00007f3655b50000, 0x00007f382449aef8, 0x00007f382449b000, 0x00007f38e6332000)
 Metaspace       used 24243K, capacity 24641K, committed 24832K, reserved 26624K
}
Event: 21874.916 GC heap after
{Heap after GC invocations=20792 (full 5):
 def new generation   total 4840256K, used 23008K [0x00007f3100600000, 0x00007f3248a00000, 0x00007f3655b50000)
  eden space 4302464K,   0% used [0x00007f3100600000, 0x00007f3100600000, 0x00007f3206fa0000)
  from space 537792K,   4% used [0x00007f3227cd0000, 0x00007f3229348228, 0x00007f3248a00000)
  to   space 537792K,   0% used [0x00007f3206fa0000, 0x00007f3206fa0000, 0x00007f3227cd0000)
 tenured generation   total 10755976K, used 7579831K [0x00007f3655b50000, 0x00007f38e6332000, 0x00007f4100600000)
   the space 10755976K,  70% used [0x00007f3655b50000, 0x00007f382457dc38, 0x00007f382457de00, 0x00007f38e6332000)
 Metaspace       used 24243K, capacity 24641K, committed 24832K, reserved 26624K
}
Event: 21880.240 GC heap before
{Heap before GC invocations=20792 (full 5):
 def new generation   total 4840256K, used 4088889K [0x00007f3100600000, 0x00007f3248a00000, 0x00007f3655b50000)
  eden space 4302464K,  94% used [0x00007f3100600000, 0x00007f31f8896288, 0x00007f3206fa0000)
  from space 537792K,   4% used [0x00007f3227cd0000, 0x00007f3229348228, 0x00007f3248a00000)
  to   space 537792K,   0% used [0x00007f3206fa0000, 0x00007f3206fa0000, 0x00007f3227cd0000)
 tenured generation   total 10755976K, used 7579831K [0x00007f3655b50000, 0x00007f38e6332000, 0x00007f4100600000)
   the space 10755976K,  70% used [0x00007f3655b50000, 0x00007f382457dc38, 0x00007f382457de00, 0x00007f38e6332000)
 Metaspace       used 24637K, capacity 25061K, committed 25088K, reserved 26624K
}
Event: 21881.998 GC heap after
{Heap after GC invocations=20793 (full 5):
 def new generation   total 4840256K, used 60832K [0x00007f3100600000, 0x00007f3248a00000, 0x00007f3655b50000)
  eden space 4302464K,   0% used [0x00007f3100600000, 0x00007f3100600000, 0x00007f3206fa0000)
  from space 537792K,  11% used [0x00007f3206fa0000, 0x00007f320ab081a0, 0x00007f3227cd0000)
  to   space 537792K,   0% used [0x00007f3227cd0000, 0x00007f3227cd0000, 0x00007f3248a00000)
 tenured generation   total 10755976K, used 8629390K [0x00007f3655b50000, 0x00007f38e6332000, 0x00007f4100600000)
   the space 10755976K,  80% used [0x00007f3655b50000, 0x00007f3864673800, 0x00007f3864673800, 0x00007f38e6332000)
 Metaspace       used 24637K, capacity 25061K, committed 25088K, reserved 26624K
}
Event: 21886.757 GC heap before
{Heap before GC invocations=20793 (full 5):
 def new generation   total 4840256K, used 3528210K [0x00007f3100600000, 0x00007f3248a00000, 0x00007f3655b50000)
  eden space 4302464K,  80% used [0x00007f3100600000, 0x00007f31d401c870, 0x00007f3206fa0000)
  from space 537792K,  11% used [0x00007f3206fa0000, 0x00007f320ab081a0, 0x00007f3227cd0000)
  to   space 537792K,   0% used [0x00007f3227cd0000, 0x00007f3227cd0000, 0x00007f3248a00000)
 tenured generation   total 10755976K, used 8629390K [0x00007f3655b50000, 0x00007f38e6332000, 0x00007f4100600000)
   the space 10755976K,  80% used [0x00007f3655b50000, 0x00007f3864673800, 0x00007f3864673800, 0x00007f38e6332000)
 Metaspace       used 24637K, capacity 25061K, committed 25088K, reserved 26624K
}
Event: 21888.193 GC heap after
{Heap after GC invocations=20794 (full 5):
 def new generation   total 4840256K, used 59955K [0x00007f3100600000, 0x00007f3248a00000, 0x00007f3655b50000)
  eden space 4302464K,   0% used [0x00007f3100600000, 0x00007f3100600000, 0x00007f3206fa0000)
  from space 537792K,  11% used [0x00007f3227cd0000, 0x00007f322b75cca8, 0x00007f3248a00000)
  to   space 537792K,   0% used [0x00007f3206fa0000, 0x00007f3206fa0000, 0x00007f3227cd0000)
 tenured generation   total 10755976K, used 9678873K [0x00007f3655b50000, 0x00007f38e6332000, 0x00007f4100600000)
   the space 10755976K,  89% used [0x00007f3655b50000, 0x00007f38a4756558, 0x00007f38a4756600, 0x00007f38e6332000)
 Metaspace       used 24637K, capacity 25061K, committed 25088K, reserved 26624K
}
Event: 21892.883 GC heap before
{Heap before GC invocations=20794 (full 5):
 def new generation   total 4840256K, used 3527307K [0x00007f3100600000, 0x00007f3248a00000, 0x00007f3655b50000)
  eden space 4302464K,  80% used [0x00007f3100600000, 0x00007f31d4016120, 0x00007f3206fa0000)
  from space 537792K,  11% used [0x00007f3227cd0000, 0x00007f322b75cca8, 0x00007f3248a00000)
  to   space 537792K,   0% used [0x00007f3206fa0000, 0x00007f3206fa0000, 0x00007f3227cd0000)
 tenured generation   total 10755976K, used 9678873K [0x00007f3655b50000, 0x00007f38e6332000, 0x00007f4100600000)
   the space 10755976K,  89% used [0x00007f3655b50000, 0x00007f38a4756558, 0x00007f38a4756600, 0x00007f38e6332000)
 Metaspace       used 24639K, capacity 25061K, committed 25088K, reserved 26624K
}
Event: 21894.415 GC heap after
{Heap after GC invocations=20795 (full 5):
 def new generation   total 4840256K, used 59048K [0x00007f3100600000, 0x00007f3248a00000, 0x00007f3655b50000)
  eden space 4302464K,   0% used [0x00007f3100600000, 0x00007f3100600000, 0x00007f3206fa0000)
  from space 537792K,  10% used [0x00007f3206fa0000, 0x00007f320a94a300, 0x00007f3227cd0000)
  to   space 537792K,   0% used [0x00007f3227cd0000, 0x00007f3227cd0000, 0x00007f3248a00000)
 tenured generation   total 10755976K, used 10728356K [0x00007f3655b50000, 0x00007f38e6332000, 0x00007f4100600000)
   the space 10755976K,  99% used [0x00007f3655b50000, 0x00007f38e48392b0, 0x00007f38e4839400, 0x00007f38e6332000)
 Metaspace       used 24639K, capacity 25061K, committed 25088K, reserved 26624K
}
Event: 21899.060 GC heap before
{Heap before GC invocations=20795 (full 5):
 def new generation   total 4840256K, used 3526849K [0x00007f3100600000, 0x00007f3248a00000, 0x00007f3655b50000)
  eden space 4302464K,  80% used [0x00007f3100600000, 0x00007f31d4086348, 0x00007f3206fa0000)
  from space 537792K,  10% used [0x00007f3206fa0000, 0x00007f320a94a300, 0x00007f3227cd0000)
  to   space 537792K,   0% used [0x00007f3227cd0000, 0x00007f3227cd0000, 0x00007f3248a00000)
 tenured generation   total 10755976K, used 10728356K [0x00007f3655b50000, 0x00007f38e6332000, 0x00007f4100600000)
   the space 10755976K,  99% used [0x00007f3655b50000, 0x00007f38e48392b0, 0x00007f38e4839400, 0x00007f38e6332000)
 Metaspace       used 24639K, capacity 25061K, committed 25088K, reserved 26624K
}
Event: 21900.472 GC heap after
{Heap after GC invocations=20796 (full 5):
 def new generation   total 4840256K, used 57874K [0x00007f3100600000, 0x00007f3248a00000, 0x00007f3655b50000)
  eden space 4302464K,   0% used [0x00007f3100600000, 0x00007f3100600000, 0x00007f3206fa0000)
  from space 537792K,  10% used [0x00007f3227cd0000, 0x00007f322b554880, 0x00007f3248a00000)
  to   space 537792K,   0% used [0x00007f3206fa0000, 0x00007f3206fa0000, 0x00007f3227cd0000)
 tenured generation   total 11804556K, used 11778142K [0x00007f3655b50000, 0x00007f3926333000, 0x00007f4100600000)
   the space 11804556K,  99% used [0x00007f3655b50000, 0x00007f3924967998, 0x00007f3924967a00, 0x00007f3926333000)
 Metaspace       used 24639K, capacity 25061K, committed 25088K, reserved 26624K
}
Event: 21900.472 GC heap before
{Heap before GC invocations=20796 (full 5):
 def new generation   total 4840256K, used 57874K [0x00007f3100600000, 0x00007f3248a00000, 0x00007f3655b50000)
  eden space 4302464K,   0% used [0x00007f3100600000, 0x00007f3100600000, 0x00007f3206fa0000)
  from space 537792K,  10% used [0x00007f3227cd0000, 0x00007f322b554880, 0x00007f3248a00000)
  to   space 537792K,   0% used [0x00007f3206fa0000, 0x00007f3206fa0000, 0x00007f3227cd0000)
 tenured generation   total 11804556K, used 11778142K [0x00007f3655b50000, 0x00007f3926333000, 0x00007f4100600000)
   the space 11804556K,  99% used [0x00007f3655b50000, 0x00007f3924967998, 0x00007f3924967a00, 0x00007f3926333000)
 Metaspace       used 24639K, capacity 25061K, committed 25088K, reserved 26624K
}

