# JRE version: OpenJDK Runtime Environment (13.0.7+5) (build 13.0.7+5-Ubuntu-0ubuntu120.04)
# Java VM: OpenJDK 64-Bit Server VM (13.0.7+5-Ubuntu-0ubuntu120.04, mixed mode, tiered, serial gc, linux-amd64)
Heap:
 def new generation   total 3546048K, used 0K [0x00007f8584600000, 0x00007f8674db0000, 0x00007f8ad9b50000)
  eden space 3152064K,   0% used [0x00007f8584600000, 0x00007f8584600000, 0x00007f8644c30000)
  from space 393984K,   0% used [0x00007f865ccf0000, 0x00007f865ccf0000, 0x00007f8674db0000)
  to   space 393984K,   0% used [0x00007f8644c30000, 0x00007f8644c30000, 0x00007f865ccf0000)
 tenured generation   total 8152044K, used 7901686K [0x00007f8ad9b50000, 0x00007f8ccb44b000, 0x00007f9584600000)
   the space 8152044K,  96% used [0x00007f8ad9b50000, 0x00007f8cbbfcd8d8, 0x00007f8cbbfcda00, 0x00007f8ccb44b000)
 Metaspace       used 30950K, capacity 31404K, committed 31744K, reserved 32768K
GC Heap History (20 events):
Event: 131.199 GC heap after
{Heap after GC invocations=34 (full 7):
 def new generation   total 3546048K, used 234400K [0x00007f8584600000, 0x00007f8674db0000, 0x00007f8ad9b50000)
  eden space 3152064K,   0% used [0x00007f8584600000, 0x00007f8584600000, 0x00007f8644c30000)
  from space 393984K,  59% used [0x00007f8644c30000, 0x00007f8653118250, 0x00007f865ccf0000)
  to   space 393984K,   0% used [0x00007f865ccf0000, 0x00007f865ccf0000, 0x00007f8674db0000)
 tenured generation   total 7879980K, used 3182714K [0x00007f8ad9b50000, 0x00007f8cbaa9b000, 0x00007f9584600000)
   the space 7879980K,  40% used [0x00007f8ad9b50000, 0x00007f8b9bf6e8c0, 0x00007f8b9bf6ea00, 0x00007f8cbaa9b000)
 Metaspace       used 30950K, capacity 31404K, committed 31744K, reserved 32768K
}
Event: 132.010 GC heap before
{Heap before GC invocations=34 (full 7):
 def new generation   total 3546048K, used 3386464K [0x00007f8584600000, 0x00007f8674db0000, 0x00007f8ad9b50000)
  eden space 3152064K, 100% used [0x00007f8584600000, 0x00007f8644c30000, 0x00007f8644c30000)
  from space 393984K,  59% used [0x00007f8644c30000, 0x00007f8653118250, 0x00007f865ccf0000)
  to   space 393984K,   0% used [0x00007f865ccf0000, 0x00007f865ccf0000, 0x00007f8674db0000)
 tenured generation   total 7879980K, used 3182714K [0x00007f8ad9b50000, 0x00007f8cbaa9b000, 0x00007f9584600000)
   the space 7879980K,  40% used [0x00007f8ad9b50000, 0x00007f8b9bf6e8c0, 0x00007f8b9bf6ea00, 0x00007f8cbaa9b000)
 Metaspace       used 30950K, capacity 31404K, committed 31744K, reserved 32768K
}
Event: 132.947 GC heap after
{Heap after GC invocations=35 (full 7):
 def new generation   total 3546048K, used 306152K [0x00007f8584600000, 0x00007f8674db0000, 0x00007f8ad9b50000)
  eden space 3152064K,   0% used [0x00007f8584600000, 0x00007f8584600000, 0x00007f8644c30000)
  from space 393984K,  77% used [0x00007f865ccf0000, 0x00007f866f7ea3d8, 0x00007f8674db0000)
  to   space 393984K,   0% used [0x00007f8644c30000, 0x00007f8644c30000, 0x00007f865ccf0000)
 tenured generation   total 7879980K, used 3417114K [0x00007f8ad9b50000, 0x00007f8cbaa9b000, 0x00007f9584600000)
   the space 7879980K,  43% used [0x00007f8ad9b50000, 0x00007f8baa456b10, 0x00007f8baa456c00, 0x00007f8cbaa9b000)
 Metaspace       used 30950K, capacity 31404K, committed 31744K, reserved 32768K
}
Event: 133.797 GC heap before
{Heap before GC invocations=35 (full 7):
 def new generation   total 3546048K, used 3458216K [0x00007f8584600000, 0x00007f8674db0000, 0x00007f8ad9b50000)
  eden space 3152064K, 100% used [0x00007f8584600000, 0x00007f8644c30000, 0x00007f8644c30000)
  from space 393984K,  77% used [0x00007f865ccf0000, 0x00007f866f7ea3d8, 0x00007f8674db0000)
  to   space 393984K,   0% used [0x00007f8644c30000, 0x00007f8644c30000, 0x00007f865ccf0000)
 tenured generation   total 7879980K, used 3417114K [0x00007f8ad9b50000, 0x00007f8cbaa9b000, 0x00007f9584600000)
   the space 7879980K,  43% used [0x00007f8ad9b50000, 0x00007f8baa456b10, 0x00007f8baa456c00, 0x00007f8cbaa9b000)
 Metaspace       used 30950K, capacity 31404K, committed 31744K, reserved 32768K
}
Event: 134.600 GC heap after
{Heap after GC invocations=36 (full 7):
 def new generation   total 3546048K, used 235298K [0x00007f8584600000, 0x00007f8674db0000, 0x00007f8ad9b50000)
  eden space 3152064K,   0% used [0x00007f8584600000, 0x00007f8584600000, 0x00007f8644c30000)
  from space 393984K,  59% used [0x00007f8644c30000, 0x00007f86531f89b0, 0x00007f865ccf0000)
  to   space 393984K,   0% used [0x00007f865ccf0000, 0x00007f865ccf0000, 0x00007f8674db0000)
 tenured generation   total 7879980K, used 3723267K [0x00007f8ad9b50000, 0x00007f8cbaa9b000, 0x00007f9584600000)
   the space 7879980K,  47% used [0x00007f8ad9b50000, 0x00007f8bbcf50d68, 0x00007f8bbcf50e00, 0x00007f8cbaa9b000)
 Metaspace       used 30950K, capacity 31404K, committed 31744K, reserved 32768K
}
Event: 135.531 GC heap before
{Heap before GC invocations=36 (full 7):
 def new generation   total 3546048K, used 3387362K [0x00007f8584600000, 0x00007f8674db0000, 0x00007f8ad9b50000)
  eden space 3152064K, 100% used [0x00007f8584600000, 0x00007f8644c30000, 0x00007f8644c30000)
  from space 393984K,  59% used [0x00007f8644c30000, 0x00007f86531f89b0, 0x00007f865ccf0000)
  to   space 393984K,   0% used [0x00007f865ccf0000, 0x00007f865ccf0000, 0x00007f8674db0000)
 tenured generation   total 7879980K, used 3723267K [0x00007f8ad9b50000, 0x00007f8cbaa9b000, 0x00007f9584600000)
   the space 7879980K,  47% used [0x00007f8ad9b50000, 0x00007f8bbcf50d68, 0x00007f8bbcf50e00, 0x00007f8cbaa9b000)
 Metaspace       used 30950K, capacity 31404K, committed 31744K, reserved 32768K
}
Event: 136.336 GC heap after
{Heap after GC invocations=37 (full 7):
 def new generation   total 3546048K, used 288385K [0x00007f8584600000, 0x00007f8674db0000, 0x00007f8ad9b50000)
  eden space 3152064K,   0% used [0x00007f8584600000, 0x00007f8584600000, 0x00007f8644c30000)
  from space 393984K,  73% used [0x00007f865ccf0000, 0x00007f866e6906f8, 0x00007f8674db0000)
  to   space 393984K,   0% used [0x00007f8644c30000, 0x00007f8644c30000, 0x00007f865ccf0000)
 tenured generation   total 7879980K, used 3958565K [0x00007f8ad9b50000, 0x00007f8cbaa9b000, 0x00007f9584600000)
   the space 7879980K,  50% used [0x00007f8ad9b50000, 0x00007f8bcb5195a8, 0x00007f8bcb519600, 0x00007f8cbaa9b000)
 Metaspace       used 30950K, capacity 31404K, committed 31744K, reserved 32768K
}
Event: 137.297 GC heap before
{Heap before GC invocations=37 (full 7):
 def new generation   total 3546048K, used 3440449K [0x00007f8584600000, 0x00007f8674db0000, 0x00007f8ad9b50000)
  eden space 3152064K, 100% used [0x00007f8584600000, 0x00007f8644c30000, 0x00007f8644c30000)
  from space 393984K,  73% used [0x00007f865ccf0000, 0x00007f866e6906f8, 0x00007f8674db0000)
  to   space 393984K,   0% used [0x00007f8644c30000, 0x00007f8644c30000, 0x00007f865ccf0000)
 tenured generation   total 7879980K, used 3958565K [0x00007f8ad9b50000, 0x00007f8cbaa9b000, 0x00007f9584600000)
   the space 7879980K,  50% used [0x00007f8ad9b50000, 0x00007f8bcb5195a8, 0x00007f8bcb519600, 0x00007f8cbaa9b000)
 Metaspace       used 30950K, capacity 31404K, committed 31744K, reserved 32768K
}
Event: 138.403 GC heap after
{Heap after GC invocations=38 (full 7):
 def new generation   total 3546048K, used 393984K [0x00007f8584600000, 0x00007f8674db0000, 0x00007f8ad9b50000)
  eden space 3152064K,   0% used [0x00007f8584600000, 0x00007f8584600000, 0x00007f8644c30000)
  from space 393984K, 100% used [0x00007f8644c30000, 0x00007f865ccf0000, 0x00007f865ccf0000)
  to   space 393984K,   0% used [0x00007f865ccf0000, 0x00007f865ccf0000, 0x00007f8674db0000)
 tenured generation   total 7879980K, used 4288561K [0x00007f8ad9b50000, 0x00007f8cbaa9b000, 0x00007f9584600000)
   the space 7879980K,  54% used [0x00007f8ad9b50000, 0x00007f8bdf75c548, 0x00007f8bdf75c600, 0x00007f8cbaa9b000)
 Metaspace       used 30950K, capacity 31404K, committed 31744K, reserved 32768K
}
Event: 139.344 GC heap before
{Heap before GC invocations=38 (full 7):
 def new generation   total 3546048K, used 3546048K [0x00007f8584600000, 0x00007f8674db0000, 0x00007f8ad9b50000)
  eden space 3152064K, 100% used [0x00007f8584600000, 0x00007f8644c30000, 0x00007f8644c30000)
  from space 393984K, 100% used [0x00007f8644c30000, 0x00007f865ccf0000, 0x00007f865ccf0000)
  to   space 393984K,   0% used [0x00007f865ccf0000, 0x00007f865ccf0000, 0x00007f8674db0000)
 tenured generation   total 7879980K, used 4288561K [0x00007f8ad9b50000, 0x00007f8cbaa9b000, 0x00007f9584600000)
   the space 7879980K,  54% used [0x00007f8ad9b50000, 0x00007f8bdf75c548, 0x00007f8bdf75c600, 0x00007f8cbaa9b000)
 Metaspace       used 30950K, capacity 31404K, committed 31744K, reserved 32768K
}
Event: 140.814 GC heap after
{Heap after GC invocations=39 (full 7):
 def new generation   total 3546048K, used 393984K [0x00007f8584600000, 0x00007f8674db0000, 0x00007f8ad9b50000)
  eden space 3152064K,   0% used [0x00007f8584600000, 0x00007f8584600000, 0x00007f8644c30000)
  from space 393984K, 100% used [0x00007f865ccf0000, 0x00007f8674db0000, 0x00007f8674db0000)
  to   space 393984K,   0% used [0x00007f8644c30000, 0x00007f8644c30000, 0x00007f865ccf0000)
 tenured generation   total 7879980K, used 4846938K [0x00007f8ad9b50000, 0x00007f8cbaa9b000, 0x00007f9584600000)
   the space 7879980K,  61% used [0x00007f8ad9b50000, 0x00007f8c018a69d8, 0x00007f8c018a6a00, 0x00007f8cbaa9b000)
 Metaspace       used 30950K, capacity 31404K, committed 31744K, reserved 32768K
}
Event: 141.649 GC heap before
{Heap before GC invocations=39 (full 7):
 def new generation   total 3546048K, used 3546048K [0x00007f8584600000, 0x00007f8674db0000, 0x00007f8ad9b50000)
  eden space 3152064K, 100% used [0x00007f8584600000, 0x00007f8644c30000, 0x00007f8644c30000)
  from space 393984K, 100% used [0x00007f865ccf0000, 0x00007f8674db0000, 0x00007f8674db0000)
  to   space 393984K,   0% used [0x00007f8644c30000, 0x00007f8644c30000, 0x00007f865ccf0000)
 tenured generation   total 7879980K, used 4846938K [0x00007f8ad9b50000, 0x00007f8cbaa9b000, 0x00007f9584600000)
   the space 7879980K,  61% used [0x00007f8ad9b50000, 0x00007f8c018a69d8, 0x00007f8c018a6a00, 0x00007f8cbaa9b000)
 Metaspace       used 30950K, capacity 31404K, committed 31744K, reserved 32768K
}
Event: 143.175 GC heap after
{Heap after GC invocations=40 (full 7):
 def new generation   total 3546048K, used 393983K [0x00007f8584600000, 0x00007f8674db0000, 0x00007f8ad9b50000)
  eden space 3152064K,   0% used [0x00007f8584600000, 0x00007f8584600000, 0x00007f8644c30000)
  from space 393984K,  99% used [0x00007f8644c30000, 0x00007f865ccefff8, 0x00007f865ccf0000)
  to   space 393984K,   0% used [0x00007f865ccf0000, 0x00007f865ccf0000, 0x00007f8674db0000)
 tenured generation   total 7879980K, used 5352986K [0x00007f8ad9b50000, 0x00007f8cbaa9b000, 0x00007f9584600000)
   the space 7879980K,  67% used [0x00007f8ad9b50000, 0x00007f8c206d6930, 0x00007f8c206d6a00, 0x00007f8cbaa9b000)
 Metaspace       used 30950K, capacity 31404K, committed 31744K, reserved 32768K
}
Event: 213.534 GC heap before
{Heap before GC invocations=40 (full 7):
 def new generation   total 3546048K, used 3546047K [0x00007f8584600000, 0x00007f8674db0000, 0x00007f8ad9b50000)
  eden space 3152064K, 100% used [0x00007f8584600000, 0x00007f8644c30000, 0x00007f8644c30000)
  from space 393984K,  99% used [0x00007f8644c30000, 0x00007f865ccefff8, 0x00007f865ccf0000)
  to   space 393984K,   0% used [0x00007f865ccf0000, 0x00007f865ccf0000, 0x00007f8674db0000)
 tenured generation   total 7879980K, used 5352986K [0x00007f8ad9b50000, 0x00007f8cbaa9b000, 0x00007f9584600000)
   the space 7879980K,  67% used [0x00007f8ad9b50000, 0x00007f8c206d6930, 0x00007f8c206d6a00, 0x00007f8cbaa9b000)
 Metaspace       used 30950K, capacity 31404K, committed 31744K, reserved 32768K
}
Event: 218.274 GC heap after
{Heap after GC invocations=41 (full 7):
 def new generation   total 3546048K, used 393984K [0x00007f8584600000, 0x00007f8674db0000, 0x00007f8ad9b50000)
  eden space 3152064K,   0% used [0x00007f8584600000, 0x00007f8584600000, 0x00007f8644c30000)
  from space 393984K, 100% used [0x00007f865ccf0000, 0x00007f8674db0000, 0x00007f8674db0000)
  to   space 393984K,   0% used [0x00007f8644c30000, 0x00007f8644c30000, 0x00007f865ccf0000)
 tenured generation   total 7879980K, used 6824701K [0x00007f8ad9b50000, 0x00007f8cbaa9b000, 0x00007f9584600000)
   the space 7879980K,  86% used [0x00007f8ad9b50000, 0x00007f8c7a40f678, 0x00007f8c7a40f800, 0x00007f8cbaa9b000)
 Metaspace       used 30950K, capacity 31404K, committed 31744K, reserved 32768K
}
Event: 310.174 GC heap before
{Heap before GC invocations=41 (full 7):
 def new generation   total 3546048K, used 3546048K [0x00007f8584600000, 0x00007f8674db0000, 0x00007f8ad9b50000)
  eden space 3152064K, 100% used [0x00007f8584600000, 0x00007f8644c30000, 0x00007f8644c30000)
  from space 393984K, 100% used [0x00007f865ccf0000, 0x00007f8674db0000, 0x00007f8674db0000)
  to   space 393984K,   0% used [0x00007f8644c30000, 0x00007f8644c30000, 0x00007f865ccf0000)
 tenured generation   total 7879980K, used 6824701K [0x00007f8ad9b50000, 0x00007f8cbaa9b000, 0x00007f9584600000)
   the space 7879980K,  86% used [0x00007f8ad9b50000, 0x00007f8c7a40f678, 0x00007f8c7a40f800, 0x00007f8cbaa9b000)
 Metaspace       used 30950K, capacity 31404K, committed 31744K, reserved 32768K
}
Event: 311.774 GC heap after
{Heap after GC invocations=42 (full 7):
 def new generation   total 3546048K, used 393984K [0x00007f8584600000, 0x00007f8674db0000, 0x00007f8ad9b50000)
  eden space 3152064K,   0% used [0x00007f8584600000, 0x00007f8584600000, 0x00007f8644c30000)
  from space 393984K, 100% used [0x00007f8644c30000, 0x00007f865ccf0000, 0x00007f865ccf0000)
  to   space 393984K,   0% used [0x00007f865ccf0000, 0x00007f865ccf0000, 0x00007f8674db0000)
 tenured generation   total 7879980K, used 7488287K [0x00007f8ad9b50000, 0x00007f8cbaa9b000, 0x00007f9584600000)
   the space 7879980K,  95% used [0x00007f8ad9b50000, 0x00007f8ca2c17e68, 0x00007f8ca2c18000, 0x00007f8cbaa9b000)
 Metaspace       used 30950K, capacity 31404K, committed 31744K, reserved 32768K
}
Event: 435.774 GC heap before
{Heap before GC invocations=42 (full 7):
 def new generation   total 3546048K, used 3546048K [0x00007f8584600000, 0x00007f8674db0000, 0x00007f8ad9b50000)
  eden space 3152064K, 100% used [0x00007f8584600000, 0x00007f8644c30000, 0x00007f8644c30000)
  from space 393984K, 100% used [0x00007f8644c30000, 0x00007f865ccf0000, 0x00007f865ccf0000)
  to   space 393984K,   0% used [0x00007f865ccf0000, 0x00007f865ccf0000, 0x00007f8674db0000)
 tenured generation   total 7879980K, used 7488287K [0x00007f8ad9b50000, 0x00007f8cbaa9b000, 0x00007f9584600000)
   the space 7879980K,  95% used [0x00007f8ad9b50000, 0x00007f8ca2c17e68, 0x00007f8ca2c18000, 0x00007f8cbaa9b000)
 Metaspace       used 30950K, capacity 31404K, committed 31744K, reserved 32768K
}
Event: 437.245 GC heap after
{Heap after GC invocations=43 (full 7):
 def new generation   total 3546048K, used 393983K [0x00007f8584600000, 0x00007f8674db0000, 0x00007f8ad9b50000)
  eden space 3152064K,   0% used [0x00007f8584600000, 0x00007f8584600000, 0x00007f8644c30000)
  from space 393984K,  99% used [0x00007f865ccf0000, 0x00007f8674dafff0, 0x00007f8674db0000)
  to   space 393984K,   0% used [0x00007f8644c30000, 0x00007f8644c30000, 0x00007f865ccf0000)
 tenured generation   total 8152044K, used 8151874K [0x00007f8ad9b50000, 0x00007f8ccb44b000, 0x00007f9584600000)
   the space 8152044K,  99% used [0x00007f8ad9b50000, 0x00007f8ccb420808, 0x00007f8ccb420a00, 0x00007f8ccb44b000)
 Metaspace       used 30950K, capacity 31404K, committed 31744K, reserved 32768K
}
Event: 437.245 GC heap before
{Heap before GC invocations=43 (full 7):
 def new generation   total 3546048K, used 393983K [0x00007f8584600000, 0x00007f8674db0000, 0x00007f8ad9b50000)
  eden space 3152064K,   0% used [0x00007f8584600000, 0x00007f8584600000, 0x00007f8644c30000)
  from space 393984K,  99% used [0x00007f865ccf0000, 0x00007f8674dafff0, 0x00007f8674db0000)
  to   space 393984K,   0% used [0x00007f8644c30000, 0x00007f8644c30000, 0x00007f865ccf0000)
 tenured generation   total 8152044K, used 8151874K [0x00007f8ad9b50000, 0x00007f8ccb44b000, 0x00007f9584600000)
   the space 8152044K,  99% used [0x00007f8ad9b50000, 0x00007f8ccb420808, 0x00007f8ccb420a00, 0x00007f8ccb44b000)
 Metaspace       used 30950K, capacity 31404K, committed 31744K, reserved 32768K
}

