# JRE version: OpenJDK Runtime Environment (13.0.7+5) (build 13.0.7+5-Ubuntu-0ubuntu120.04)
# Java VM: OpenJDK 64-Bit Server VM (13.0.7+5-Ubuntu-0ubuntu120.04, mixed mode, tiered, serial gc, linux-amd64)
Heap:
 def new generation   total 10761088K, used 0K [0x00007fcae0600000, 0x00007fcdba280000, 0x00007fd035b50000)
  eden space 9565440K,   0% used [0x00007fcae0600000, 0x00007fcae0600000, 0x00007fcd28340000)
  from space 1195648K,   0% used [0x00007fcd712e0000, 0x00007fcd712e0000, 0x00007fcdba280000)
  to   space 1195648K,   0% used [0x00007fcd28340000, 0x00007fcd28340000, 0x00007fcd712e0000)
 tenured generation   total 24542336K, used 22216995K [0x00007fd035b50000, 0x00007fd60fa70000, 0x00007fdae0600000)
   the space 24542336K,  90% used [0x00007fd035b50000, 0x00007fd581b98c38, 0x00007fd581b98e00, 0x00007fd60fa70000)
 Metaspace       used 30453K, capacity 30912K, committed 31232K, reserved 32768K
GC Heap History (20 events):
Event: 1436.687 GC heap after
{Heap after GC invocations=84 (full 7):
 def new generation   total 10761088K, used 1017899K [0x00007fcae0600000, 0x00007fcdba280000, 0x00007fd035b50000)
  eden space 9565440K,   0% used [0x00007fcae0600000, 0x00007fcae0600000, 0x00007fcd28340000)
  from space 1195648K,  85% used [0x00007fcd28340000, 0x00007fcd6654ae08, 0x00007fcd712e0000)
  to   space 1195648K,   0% used [0x00007fcd712e0000, 0x00007fcd712e0000, 0x00007fcdba280000)
 tenured generation   total 23913344K, used 15367103K [0x00007fd035b50000, 0x00007fd5e9430000, 0x00007fdae0600000)
   the space 23913344K,  64% used [0x00007fd035b50000, 0x00007fd3dfa3fc18, 0x00007fd3dfa3fe00, 0x00007fd5e9430000)
 Metaspace       used 30453K, capacity 30912K, committed 31232K, reserved 32768K
}
Event: 1439.381 GC heap before
{Heap before GC invocations=84 (full 7):
 def new generation   total 10761088K, used 10583339K [0x00007fcae0600000, 0x00007fcdba280000, 0x00007fd035b50000)
  eden space 9565440K, 100% used [0x00007fcae0600000, 0x00007fcd28340000, 0x00007fcd28340000)
  from space 1195648K,  85% used [0x00007fcd28340000, 0x00007fcd6654ae08, 0x00007fcd712e0000)
  to   space 1195648K,   0% used [0x00007fcd712e0000, 0x00007fcd712e0000, 0x00007fcdba280000)
 tenured generation   total 23913344K, used 15367103K [0x00007fd035b50000, 0x00007fd5e9430000, 0x00007fdae0600000)
   the space 23913344K,  64% used [0x00007fd035b50000, 0x00007fd3dfa3fc18, 0x00007fd3dfa3fe00, 0x00007fd5e9430000)
 Metaspace       used 30453K, capacity 30912K, committed 31232K, reserved 32768K
}
Event: 1442.197 GC heap after
{Heap after GC invocations=85 (full 7):
 def new generation   total 10761088K, used 1023750K [0x00007fcae0600000, 0x00007fcdba280000, 0x00007fd035b50000)
  eden space 9565440K,   0% used [0x00007fcae0600000, 0x00007fcae0600000, 0x00007fcd28340000)
  from space 1195648K,  85% used [0x00007fcd712e0000, 0x00007fcdafaa1bd8, 0x00007fcdba280000)
  to   space 1195648K,   0% used [0x00007fcd28340000, 0x00007fcd28340000, 0x00007fcd712e0000)
 tenured generation   total 23913344K, used 16385002K [0x00007fd035b50000, 0x00007fd5e9430000, 0x00007fdae0600000)
   the space 23913344K,  68% used [0x00007fd035b50000, 0x00007fd41dc4aa20, 0x00007fd41dc4ac00, 0x00007fd5e9430000)
 Metaspace       used 30453K, capacity 30912K, committed 31232K, reserved 32768K
}
Event: 1444.919 GC heap before
{Heap before GC invocations=85 (full 7):
 def new generation   total 10761088K, used 10589190K [0x00007fcae0600000, 0x00007fcdba280000, 0x00007fd035b50000)
  eden space 9565440K, 100% used [0x00007fcae0600000, 0x00007fcd28340000, 0x00007fcd28340000)
  from space 1195648K,  85% used [0x00007fcd712e0000, 0x00007fcdafaa1bd8, 0x00007fcdba280000)
  to   space 1195648K,   0% used [0x00007fcd28340000, 0x00007fcd28340000, 0x00007fcd712e0000)
 tenured generation   total 23913344K, used 16385002K [0x00007fd035b50000, 0x00007fd5e9430000, 0x00007fdae0600000)
   the space 23913344K,  68% used [0x00007fd035b50000, 0x00007fd41dc4aa20, 0x00007fd41dc4ac00, 0x00007fd5e9430000)
 Metaspace       used 30453K, capacity 30912K, committed 31232K, reserved 32768K
}
Event: 1447.921 GC heap after
{Heap after GC invocations=86 (full 7):
 def new generation   total 10761088K, used 1022358K [0x00007fcae0600000, 0x00007fcdba280000, 0x00007fd035b50000)
  eden space 9565440K,   0% used [0x00007fcae0600000, 0x00007fcae0600000, 0x00007fcd28340000)
  from space 1195648K,  85% used [0x00007fcd28340000, 0x00007fcd669a5900, 0x00007fcd712e0000)
  to   space 1195648K,   0% used [0x00007fcd712e0000, 0x00007fcd712e0000, 0x00007fcdba280000)
 tenured generation   total 23913344K, used 17408753K [0x00007fd035b50000, 0x00007fd5e9430000, 0x00007fdae0600000)
   the space 23913344K,  72% used [0x00007fd035b50000, 0x00007fd45c40c5d8, 0x00007fd45c40c600, 0x00007fd5e9430000)
 Metaspace       used 30453K, capacity 30912K, committed 31232K, reserved 32768K
}
Event: 1450.630 GC heap before
{Heap before GC invocations=86 (full 7):
 def new generation   total 10761088K, used 10587798K [0x00007fcae0600000, 0x00007fcdba280000, 0x00007fd035b50000)
  eden space 9565440K, 100% used [0x00007fcae0600000, 0x00007fcd28340000, 0x00007fcd28340000)
  from space 1195648K,  85% used [0x00007fcd28340000, 0x00007fcd669a5900, 0x00007fcd712e0000)
  to   space 1195648K,   0% used [0x00007fcd712e0000, 0x00007fcd712e0000, 0x00007fcdba280000)
 tenured generation   total 23913344K, used 17408753K [0x00007fd035b50000, 0x00007fd5e9430000, 0x00007fdae0600000)
   the space 23913344K,  72% used [0x00007fd035b50000, 0x00007fd45c40c5d8, 0x00007fd45c40c600, 0x00007fd5e9430000)
 Metaspace       used 30453K, capacity 30912K, committed 31232K, reserved 32768K
}
Event: 1453.587 GC heap after
{Heap after GC invocations=87 (full 7):
 def new generation   total 10761088K, used 1003020K [0x00007fcae0600000, 0x00007fcdba280000, 0x00007fd035b50000)
  eden space 9565440K,   0% used [0x00007fcae0600000, 0x00007fcae0600000, 0x00007fcd28340000)
  from space 1195648K,  83% used [0x00007fcd712e0000, 0x00007fcdae663240, 0x00007fcdba280000)
  to   space 1195648K,   0% used [0x00007fcd28340000, 0x00007fcd28340000, 0x00007fcd712e0000)
 tenured generation   total 23913344K, used 18431111K [0x00007fd035b50000, 0x00007fd5e9430000, 0x00007fdae0600000)
   the space 23913344K,  77% used [0x00007fd035b50000, 0x00007fd49aa71e48, 0x00007fd49aa72000, 0x00007fd5e9430000)
 Metaspace       used 30453K, capacity 30912K, committed 31232K, reserved 32768K
}
Event: 1456.319 GC heap before
{Heap before GC invocations=87 (full 7):
 def new generation   total 10761088K, used 10568460K [0x00007fcae0600000, 0x00007fcdba280000, 0x00007fd035b50000)
  eden space 9565440K, 100% used [0x00007fcae0600000, 0x00007fcd28340000, 0x00007fcd28340000)
  from space 1195648K,  83% used [0x00007fcd712e0000, 0x00007fcdae663240, 0x00007fcdba280000)
  to   space 1195648K,   0% used [0x00007fcd28340000, 0x00007fcd28340000, 0x00007fcd712e0000)
 tenured generation   total 23913344K, used 18431111K [0x00007fd035b50000, 0x00007fd5e9430000, 0x00007fdae0600000)
   the space 23913344K,  77% used [0x00007fd035b50000, 0x00007fd49aa71e48, 0x00007fd49aa72000, 0x00007fd5e9430000)
 Metaspace       used 30453K, capacity 30912K, committed 31232K, reserved 32768K
}
Event: 1459.270 GC heap after
{Heap after GC invocations=88 (full 7):
 def new generation   total 10761088K, used 1007771K [0x00007fcae0600000, 0x00007fcdba280000, 0x00007fd035b50000)
  eden space 9565440K,   0% used [0x00007fcae0600000, 0x00007fcae0600000, 0x00007fcd28340000)
  from space 1195648K,  84% used [0x00007fcd28340000, 0x00007fcd65b66d50, 0x00007fcd712e0000)
  to   space 1195648K,   0% used [0x00007fcd712e0000, 0x00007fcd712e0000, 0x00007fcdba280000)
 tenured generation   total 23913344K, used 19434131K [0x00007fd035b50000, 0x00007fd5e9430000, 0x00007fdae0600000)
   the space 23913344K,  81% used [0x00007fd035b50000, 0x00007fd4d7df4f88, 0x00007fd4d7df5000, 0x00007fd5e9430000)
 Metaspace       used 30453K, capacity 30912K, committed 31232K, reserved 32768K
}
Event: 1461.956 GC heap before
{Heap before GC invocations=88 (full 7):
 def new generation   total 10761088K, used 10573211K [0x00007fcae0600000, 0x00007fcdba280000, 0x00007fd035b50000)
  eden space 9565440K, 100% used [0x00007fcae0600000, 0x00007fcd28340000, 0x00007fcd28340000)
  from space 1195648K,  84% used [0x00007fcd28340000, 0x00007fcd65b66d50, 0x00007fcd712e0000)
  to   space 1195648K,   0% used [0x00007fcd712e0000, 0x00007fcd712e0000, 0x00007fcdba280000)
 tenured generation   total 23913344K, used 19434131K [0x00007fd035b50000, 0x00007fd5e9430000, 0x00007fdae0600000)
   the space 23913344K,  81% used [0x00007fd035b50000, 0x00007fd4d7df4f88, 0x00007fd4d7df5000, 0x00007fd5e9430000)
 Metaspace       used 30453K, capacity 30912K, committed 31232K, reserved 32768K
}
Event: 1464.944 GC heap after
{Heap after GC invocations=89 (full 7):
 def new generation   total 10761088K, used 1035890K [0x00007fcae0600000, 0x00007fcdba280000, 0x00007fd035b50000)
  eden space 9565440K,   0% used [0x00007fcae0600000, 0x00007fcae0600000, 0x00007fcd28340000)
  from space 1195648K,  86% used [0x00007fcd712e0000, 0x00007fcdb067ca30, 0x00007fcdba280000)
  to   space 1195648K,   0% used [0x00007fcd28340000, 0x00007fcd28340000, 0x00007fcd712e0000)
 tenured generation   total 23913344K, used 20441902K [0x00007fd035b50000, 0x00007fd5e9430000, 0x00007fdae0600000)
   the space 23913344K,  85% used [0x00007fd035b50000, 0x00007fd51561bab8, 0x00007fd51561bc00, 0x00007fd5e9430000)
 Metaspace       used 30453K, capacity 30912K, committed 31232K, reserved 32768K
}
Event: 1467.584 GC heap before
{Heap before GC invocations=89 (full 7):
 def new generation   total 10761088K, used 10601330K [0x00007fcae0600000, 0x00007fcdba280000, 0x00007fd035b50000)
  eden space 9565440K, 100% used [0x00007fcae0600000, 0x00007fcd28340000, 0x00007fcd28340000)
  from space 1195648K,  86% used [0x00007fcd712e0000, 0x00007fcdb067ca30, 0x00007fcdba280000)
  to   space 1195648K,   0% used [0x00007fcd28340000, 0x00007fcd28340000, 0x00007fcd712e0000)
 tenured generation   total 23913344K, used 20441902K [0x00007fd035b50000, 0x00007fd5e9430000, 0x00007fdae0600000)
   the space 23913344K,  85% used [0x00007fd035b50000, 0x00007fd51561bab8, 0x00007fd51561bc00, 0x00007fd5e9430000)
 Metaspace       used 30453K, capacity 30912K, committed 31232K, reserved 32768K
}
Event: 1470.558 GC heap after
{Heap after GC invocations=90 (full 7):
 def new generation   total 10761088K, used 1009533K [0x00007fcae0600000, 0x00007fcdba280000, 0x00007fd035b50000)
  eden space 9565440K,   0% used [0x00007fcae0600000, 0x00007fcae0600000, 0x00007fcd28340000)
  from space 1195648K,  84% used [0x00007fcd28340000, 0x00007fcd65d1f628, 0x00007fcd712e0000)
  to   space 1195648K,   0% used [0x00007fcd712e0000, 0x00007fcd712e0000, 0x00007fcdba280000)
 tenured generation   total 23913344K, used 21477792K [0x00007fd035b50000, 0x00007fd5e9430000, 0x00007fdae0600000)
   the space 23913344K,  89% used [0x00007fd035b50000, 0x00007fd5549b83d8, 0x00007fd5549b8400, 0x00007fd5e9430000)
 Metaspace       used 30453K, capacity 30912K, committed 31232K, reserved 32768K
}
Event: 1473.365 GC heap before
{Heap before GC invocations=90 (full 7):
 def new generation   total 10761088K, used 10574973K [0x00007fcae0600000, 0x00007fcdba280000, 0x00007fd035b50000)
  eden space 9565440K, 100% used [0x00007fcae0600000, 0x00007fcd28340000, 0x00007fcd28340000)
  from space 1195648K,  84% used [0x00007fcd28340000, 0x00007fcd65d1f628, 0x00007fcd712e0000)
  to   space 1195648K,   0% used [0x00007fcd712e0000, 0x00007fcd712e0000, 0x00007fcdba280000)
 tenured generation   total 23913344K, used 21477792K [0x00007fd035b50000, 0x00007fd5e9430000, 0x00007fdae0600000)
   the space 23913344K,  89% used [0x00007fd035b50000, 0x00007fd5549b83d8, 0x00007fd5549b8400, 0x00007fd5e9430000)
 Metaspace       used 30453K, capacity 30912K, committed 31232K, reserved 32768K
}
Event: 1476.362 GC heap after
{Heap after GC invocations=91 (full 7):
 def new generation   total 10761088K, used 1027025K [0x00007fcae0600000, 0x00007fcdba280000, 0x00007fd035b50000)
  eden space 9565440K,   0% used [0x00007fcae0600000, 0x00007fcae0600000, 0x00007fcd28340000)
  from space 1195648K,  85% used [0x00007fcd712e0000, 0x00007fcdafdd46e8, 0x00007fcdba280000)
  to   space 1195648K,   0% used [0x00007fcd28340000, 0x00007fcd28340000, 0x00007fcd712e0000)
 tenured generation   total 23913344K, used 22487325K [0x00007fd035b50000, 0x00007fd5e9430000, 0x00007fdae0600000)
   the space 23913344K,  94% used [0x00007fd035b50000, 0x00007fd5923977c0, 0x00007fd592397800, 0x00007fd5e9430000)
 Metaspace       used 30453K, capacity 30912K, committed 31232K, reserved 32768K
}
Event: 1479.539 GC heap before
{Heap before GC invocations=91 (full 7):
 def new generation   total 10761088K, used 10592465K [0x00007fcae0600000, 0x00007fcdba280000, 0x00007fd035b50000)
  eden space 9565440K, 100% used [0x00007fcae0600000, 0x00007fcd28340000, 0x00007fcd28340000)
  from space 1195648K,  85% used [0x00007fcd712e0000, 0x00007fcdafdd46e8, 0x00007fcdba280000)
  to   space 1195648K,   0% used [0x00007fcd28340000, 0x00007fcd28340000, 0x00007fcd712e0000)
 tenured generation   total 23913344K, used 22487325K [0x00007fd035b50000, 0x00007fd5e9430000, 0x00007fdae0600000)
   the space 23913344K,  94% used [0x00007fd035b50000, 0x00007fd5923977c0, 0x00007fd592397800, 0x00007fd5e9430000)
 Metaspace       used 30453K, capacity 30912K, committed 31232K, reserved 32768K
}
Event: 1482.598 GC heap after
{Heap after GC invocations=92 (full 7):
 def new generation   total 10761088K, used 1027836K [0x00007fcae0600000, 0x00007fcdba280000, 0x00007fd035b50000)
  eden space 9565440K,   0% used [0x00007fcae0600000, 0x00007fcae0600000, 0x00007fcd28340000)
  from space 1195648K,  85% used [0x00007fcd28340000, 0x00007fcd66eff1d0, 0x00007fcd712e0000)
  to   space 1195648K,   0% used [0x00007fcd712e0000, 0x00007fcd712e0000, 0x00007fcdba280000)
 tenured generation   total 23913344K, used 23514351K [0x00007fd035b50000, 0x00007fd5e9430000, 0x00007fdae0600000)
   the space 23913344K,  98% used [0x00007fd035b50000, 0x00007fd5d0e8bda8, 0x00007fd5d0e8be00, 0x00007fd5e9430000)
 Metaspace       used 30453K, capacity 30912K, committed 31232K, reserved 32768K
}
Event: 1485.505 GC heap before
{Heap before GC invocations=92 (full 7):
 def new generation   total 10761088K, used 10593276K [0x00007fcae0600000, 0x00007fcdba280000, 0x00007fd035b50000)
  eden space 9565440K, 100% used [0x00007fcae0600000, 0x00007fcd28340000, 0x00007fcd28340000)
  from space 1195648K,  85% used [0x00007fcd28340000, 0x00007fcd66eff1d0, 0x00007fcd712e0000)
  to   space 1195648K,   0% used [0x00007fcd712e0000, 0x00007fcd712e0000, 0x00007fcdba280000)
 tenured generation   total 23913344K, used 23514351K [0x00007fd035b50000, 0x00007fd5e9430000, 0x00007fdae0600000)
   the space 23913344K,  98% used [0x00007fd035b50000, 0x00007fd5d0e8bda8, 0x00007fd5d0e8be00, 0x00007fd5e9430000)
 Metaspace       used 30453K, capacity 30912K, committed 31232K, reserved 32768K
}
Event: 1488.714 GC heap after
{Heap after GC invocations=93 (full 7):
 def new generation   total 10761088K, used 1034992K [0x00007fcae0600000, 0x00007fcdba280000, 0x00007fd035b50000)
  eden space 9565440K,   0% used [0x00007fcae0600000, 0x00007fcae0600000, 0x00007fcd28340000)
  from space 1195648K,  86% used [0x00007fcd712e0000, 0x00007fcdb059c398, 0x00007fcdba280000)
  to   space 1195648K,   0% used [0x00007fcd28340000, 0x00007fcd28340000, 0x00007fcd712e0000)
 tenured generation   total 24542336K, used 24542187K [0x00007fd035b50000, 0x00007fd60fa70000, 0x00007fdae0600000)
   the space 24542336K,  99% used [0x00007fd035b50000, 0x00007fd60fa4af38, 0x00007fd60fa4b000, 0x00007fd60fa70000)
 Metaspace       used 30453K, capacity 30912K, committed 31232K, reserved 32768K
}
Event: 1488.714 GC heap before
{Heap before GC invocations=93 (full 7):
 def new generation   total 10761088K, used 1034992K [0x00007fcae0600000, 0x00007fcdba280000, 0x00007fd035b50000)
  eden space 9565440K,   0% used [0x00007fcae0600000, 0x00007fcae0600000, 0x00007fcd28340000)
  from space 1195648K,  86% used [0x00007fcd712e0000, 0x00007fcdb059c398, 0x00007fcdba280000)
  to   space 1195648K,   0% used [0x00007fcd28340000, 0x00007fcd28340000, 0x00007fcd712e0000)
 tenured generation   total 24542336K, used 24542187K [0x00007fd035b50000, 0x00007fd60fa70000, 0x00007fdae0600000)
   the space 24542336K,  99% used [0x00007fd035b50000, 0x00007fd60fa4af38, 0x00007fd60fa4b000, 0x00007fd60fa70000)
 Metaspace       used 30453K, capacity 30912K, committed 31232K, reserved 32768K
}

