# JRE version: OpenJDK Runtime Environment (13.0.7+5) (build 13.0.7+5-Ubuntu-0ubuntu120.04)
# Java VM: OpenJDK 64-Bit Server VM (13.0.7+5-Ubuntu-0ubuntu120.04, mixed mode, tiered, serial gc, linux-amd64)
Heap:
 def new generation   total 4892544K, used 543481K [0x00007fe6e0600000, 0x00007fe82c2c0000, 0x00007fec35b50000)
  eden space 4348928K,  12% used [0x00007fe6e0600000, 0x00007fe7018be500, 0x00007fe7e9d00000)
  from space 543616K,   0% used [0x00007fe7e9d00000, 0x00007fe7e9d00000, 0x00007fe80afe0000)
  to   space 543616K,   0% used [0x00007fe80afe0000, 0x00007fe80afe0000, 0x00007fe82c2c0000)
 tenured generation   total 14677532K, used 14677530K [0x00007fec35b50000, 0x00007fefb58d7000, 0x00007ff6e0600000)
   the space 14677532K,  99% used [0x00007fec35b50000, 0x00007fefb58d69a0, 0x00007fefb58d6a00, 0x00007fefb58d7000)
 Metaspace       used 30638K, capacity 31062K, committed 31232K, reserved 32768K
GC Heap History (20 events):
Event: 203.307 GC heap after
{Heap after GC invocations=38 (full 8):
 def new generation   total 4404096K, used 347901K [0x00007fe6e0600000, 0x00007fe80b0c0000, 0x00007fec35b50000)
  eden space 3914752K,   0% used [0x00007fe6e0600000, 0x00007fe6e0600000, 0x00007fe7cf500000)
  from space 489344K,  71% used [0x00007fe7cf500000, 0x00007fe7e48bf5f8, 0x00007fe7ed2e0000)
  to   space 489344K,   0% used [0x00007fe7ed2e0000, 0x00007fe7ed2e0000, 0x00007fe80b0c0000)
 tenured generation   total 9786760K, used 9645727K [0x00007fec35b50000, 0x00007fee8b0b2000, 0x00007ff6e0600000)
   the space 9786760K,  98% used [0x00007fec35b50000, 0x00007fee826f7d80, 0x00007fee826f7e00, 0x00007fee8b0b2000)
 Metaspace       used 30632K, capacity 31062K, committed 31232K, reserved 32768K
}
Event: 204.709 GC heap before
{Heap before GC invocations=38 (full 8):
 def new generation   total 4404096K, used 4262653K [0x00007fe6e0600000, 0x00007fe80b0c0000, 0x00007fec35b50000)
  eden space 3914752K, 100% used [0x00007fe6e0600000, 0x00007fe7cf500000, 0x00007fe7cf500000)
  from space 489344K,  71% used [0x00007fe7cf500000, 0x00007fe7e48bf5f8, 0x00007fe7ed2e0000)
  to   space 489344K,   0% used [0x00007fe7ed2e0000, 0x00007fe7ed2e0000, 0x00007fe80b0c0000)
 tenured generation   total 9786760K, used 9645727K [0x00007fec35b50000, 0x00007fee8b0b2000, 0x00007ff6e0600000)
   the space 9786760K,  98% used [0x00007fec35b50000, 0x00007fee826f7d80, 0x00007fee826f7e00, 0x00007fee8b0b2000)
 Metaspace       used 30632K, capacity 31062K, committed 31232K, reserved 32768K
}
Event: 206.095 GC heap after
{Heap after GC invocations=39 (full 8):
 def new generation   total 4404096K, used 391203K [0x00007fe6e0600000, 0x00007fe80b0c0000, 0x00007fec35b50000)
  eden space 3914752K,   0% used [0x00007fe6e0600000, 0x00007fe6e0600000, 0x00007fe7cf500000)
  from space 489344K,  79% used [0x00007fe7ed2e0000, 0x00007fe8050e8e88, 0x00007fe80b0c0000)
  to   space 489344K,   0% used [0x00007fe7cf500000, 0x00007fe7cf500000, 0x00007fe7ed2e0000)
 tenured generation   total 9993736K, used 9993628K [0x00007fec35b50000, 0x00007fee97ad2000, 0x00007ff6e0600000)
   the space 9993736K,  99% used [0x00007fec35b50000, 0x00007fee97ab7288, 0x00007fee97ab7400, 0x00007fee97ad2000)
 Metaspace       used 30632K, capacity 31062K, committed 31232K, reserved 32768K
}
Event: 206.095 GC heap before
{Heap before GC invocations=39 (full 8):
 def new generation   total 4404096K, used 391203K [0x00007fe6e0600000, 0x00007fe80b0c0000, 0x00007fec35b50000)
  eden space 3914752K,   0% used [0x00007fe6e0600000, 0x00007fe6e0600000, 0x00007fe7cf500000)
  from space 489344K,  79% used [0x00007fe7ed2e0000, 0x00007fe8050e8e88, 0x00007fe80b0c0000)
  to   space 489344K,   0% used [0x00007fe7cf500000, 0x00007fe7cf500000, 0x00007fe7ed2e0000)
 tenured generation   total 9993736K, used 9993628K [0x00007fec35b50000, 0x00007fee97ad2000, 0x00007ff6e0600000)
   the space 9993736K,  99% used [0x00007fec35b50000, 0x00007fee97ab7288, 0x00007fee97ab7400, 0x00007fee97ad2000)
 Metaspace       used 30632K, capacity 31062K, committed 31232K, reserved 32768K
}
Event: 214.960 GC heap after
{Heap after GC invocations=39 (full 9):
 def new generation   total 4404096K, used 0K [0x00007fe6e0600000, 0x00007fe80b0c0000, 0x00007fec35b50000)
  eden space 3914752K,   0% used [0x00007fe6e0600000, 0x00007fe6e0600000, 0x00007fe7cf500000)
  from space 489344K,   0% used [0x00007fe7ed2e0000, 0x00007fe7ed2e0000, 0x00007fe80b0c0000)
  to   space 489344K,   0% used [0x00007fe7cf500000, 0x00007fe7cf500000, 0x00007fe7ed2e0000)
 tenured generation   total 9786760K, used 3834605K [0x00007fec35b50000, 0x00007fee8b0b2000, 0x00007ff6e0600000)
   the space 9786760K,  39% used [0x00007fec35b50000, 0x00007fed1fc0b690, 0x00007fed1fc0b800, 0x00007fee8b0b2000)
 Metaspace       used 30632K, capacity 31062K, committed 31232K, reserved 32768K
}
Event: 231.386 GC heap before
{Heap before GC invocations=39 (full 9):
 def new generation   total 4404096K, used 3914752K [0x00007fe6e0600000, 0x00007fe80b0c0000, 0x00007fec35b50000)
  eden space 3914752K, 100% used [0x00007fe6e0600000, 0x00007fe7cf500000, 0x00007fe7cf500000)
  from space 489344K,   0% used [0x00007fe7ed2e0000, 0x00007fe7ed2e0000, 0x00007fe80b0c0000)
  to   space 489344K,   0% used [0x00007fe7cf500000, 0x00007fe7cf500000, 0x00007fe7ed2e0000)
 tenured generation   total 9786760K, used 3834605K [0x00007fec35b50000, 0x00007fee8b0b2000, 0x00007ff6e0600000)
   the space 9786760K,  39% used [0x00007fec35b50000, 0x00007fed1fc0b690, 0x00007fed1fc0b800, 0x00007fee8b0b2000)
 Metaspace       used 30632K, capacity 31062K, committed 31232K, reserved 32768K
}
Event: 235.131 GC heap after
{Heap after GC invocations=40 (full 9):
 def new generation   total 4404096K, used 489344K [0x00007fe6e0600000, 0x00007fe80b0c0000, 0x00007fec35b50000)
  eden space 3914752K,   0% used [0x00007fe6e0600000, 0x00007fe6e0600000, 0x00007fe7cf500000)
  from space 489344K, 100% used [0x00007fe7cf500000, 0x00007fe7ed2e0000, 0x00007fe7ed2e0000)
  to   space 489344K,   0% used [0x00007fe7ed2e0000, 0x00007fe7ed2e0000, 0x00007fe80b0c0000)
 tenured generation   total 9786760K, used 4766547K [0x00007fec35b50000, 0x00007fee8b0b2000, 0x00007ff6e0600000)
   the space 9786760K,  48% used [0x00007fec35b50000, 0x00007fed58a24ca0, 0x00007fed58a24e00, 0x00007fee8b0b2000)
 Metaspace       used 30632K, capacity 31062K, committed 31232K, reserved 32768K
}
Event: 314.353 GC heap before
{Heap before GC invocations=40 (full 9):
 def new generation   total 4404096K, used 4404096K [0x00007fe6e0600000, 0x00007fe80b0c0000, 0x00007fec35b50000)
  eden space 3914752K, 100% used [0x00007fe6e0600000, 0x00007fe7cf500000, 0x00007fe7cf500000)
  from space 489344K, 100% used [0x00007fe7cf500000, 0x00007fe7ed2e0000, 0x00007fe7ed2e0000)
  to   space 489344K,   0% used [0x00007fe7ed2e0000, 0x00007fe7ed2e0000, 0x00007fe80b0c0000)
 tenured generation   total 9786760K, used 4766547K [0x00007fec35b50000, 0x00007fee8b0b2000, 0x00007ff6e0600000)
   the space 9786760K,  48% used [0x00007fec35b50000, 0x00007fed58a24ca0, 0x00007fed58a24e00, 0x00007fee8b0b2000)
 Metaspace       used 30632K, capacity 31062K, committed 31232K, reserved 32768K
}
Event: 316.733 GC heap after
{Heap after GC invocations=41 (full 9):
 def new generation   total 4404096K, used 489343K [0x00007fe6e0600000, 0x00007fe80b0c0000, 0x00007fec35b50000)
  eden space 3914752K,   0% used [0x00007fe6e0600000, 0x00007fe6e0600000, 0x00007fe7cf500000)
  from space 489344K,  99% used [0x00007fe7ed2e0000, 0x00007fe80b0bfff0, 0x00007fe80b0c0000)
  to   space 489344K,   0% used [0x00007fe7cf500000, 0x00007fe7cf500000, 0x00007fe7ed2e0000)
 tenured generation   total 9786760K, used 5590699K [0x00007fec35b50000, 0x00007fee8b0b2000, 0x00007ff6e0600000)
   the space 9786760K,  57% used [0x00007fec35b50000, 0x00007fed8aefac70, 0x00007fed8aefae00, 0x00007fee8b0b2000)
 Metaspace       used 30632K, capacity 31062K, committed 31232K, reserved 32768K
}
Event: 327.768 GC heap before
{Heap before GC invocations=41 (full 9):
 def new generation   total 4404096K, used 4404095K [0x00007fe6e0600000, 0x00007fe80b0c0000, 0x00007fec35b50000)
  eden space 3914752K, 100% used [0x00007fe6e0600000, 0x00007fe7cf500000, 0x00007fe7cf500000)
  from space 489344K,  99% used [0x00007fe7ed2e0000, 0x00007fe80b0bfff0, 0x00007fe80b0c0000)
  to   space 489344K,   0% used [0x00007fe7cf500000, 0x00007fe7cf500000, 0x00007fe7ed2e0000)
 tenured generation   total 9786760K, used 5590699K [0x00007fec35b50000, 0x00007fee8b0b2000, 0x00007ff6e0600000)
   the space 9786760K,  57% used [0x00007fec35b50000, 0x00007fed8aefac70, 0x00007fed8aefae00, 0x00007fee8b0b2000)
 Metaspace       used 30633K, capacity 31062K, committed 31232K, reserved 32768K
}
Event: 330.615 GC heap after
{Heap after GC invocations=42 (full 9):
 def new generation   total 4404096K, used 489343K [0x00007fe6e0600000, 0x00007fe80b0c0000, 0x00007fec35b50000)
  eden space 3914752K,   0% used [0x00007fe6e0600000, 0x00007fe6e0600000, 0x00007fe7cf500000)
  from space 489344K,  99% used [0x00007fe7cf500000, 0x00007fe7ed2dfff8, 0x00007fe7ed2e0000)
  to   space 489344K,   0% used [0x00007fe7ed2e0000, 0x00007fe7ed2e0000, 0x00007fe80b0c0000)
 tenured generation   total 9786760K, used 7674341K [0x00007fec35b50000, 0x00007fee8b0b2000, 0x00007ff6e0600000)
   the space 9786760K,  78% used [0x00007fec35b50000, 0x00007fee0a1c9450, 0x00007fee0a1c9600, 0x00007fee8b0b2000)
 Metaspace       used 30633K, capacity 31062K, committed 31232K, reserved 32768K
}
Event: 332.056 GC heap before
{Heap before GC invocations=42 (full 9):
 def new generation   total 4404096K, used 4404095K [0x00007fe6e0600000, 0x00007fe80b0c0000, 0x00007fec35b50000)
  eden space 3914752K, 100% used [0x00007fe6e0600000, 0x00007fe7cf500000, 0x00007fe7cf500000)
  from space 489344K,  99% used [0x00007fe7cf500000, 0x00007fe7ed2dfff8, 0x00007fe7ed2e0000)
  to   space 489344K,   0% used [0x00007fe7ed2e0000, 0x00007fe7ed2e0000, 0x00007fe80b0c0000)
 tenured generation   total 9786760K, used 7674341K [0x00007fec35b50000, 0x00007fee8b0b2000, 0x00007ff6e0600000)
   the space 9786760K,  78% used [0x00007fec35b50000, 0x00007fee0a1c9450, 0x00007fee0a1c9600, 0x00007fee8b0b2000)
 Metaspace       used 30638K, capacity 31062K, committed 31232K, reserved 32768K
}
Event: 334.587 GC heap after
{Heap after GC invocations=43 (full 9):
 def new generation   total 4404096K, used 489343K [0x00007fe6e0600000, 0x00007fe80b0c0000, 0x00007fec35b50000)
  eden space 3914752K,   0% used [0x00007fe6e0600000, 0x00007fe6e0600000, 0x00007fe7cf500000)
  from space 489344K,  99% used [0x00007fe7ed2e0000, 0x00007fe80b0bfff8, 0x00007fe80b0c0000)
  to   space 489344K,   0% used [0x00007fe7cf500000, 0x00007fe7cf500000, 0x00007fe7ed2e0000)
 tenured generation   total 10865224K, used 10865090K [0x00007fec35b50000, 0x00007feeccde2000, 0x00007ff6e0600000)
   the space 10865224K,  99% used [0x00007fec35b50000, 0x00007feeccdc0b58, 0x00007feeccdc0c00, 0x00007feeccde2000)
 Metaspace       used 30638K, capacity 31062K, committed 31232K, reserved 32768K
}
Event: 334.587 GC heap before
{Heap before GC invocations=43 (full 9):
 def new generation   total 4404096K, used 489343K [0x00007fe6e0600000, 0x00007fe80b0c0000, 0x00007fec35b50000)
  eden space 3914752K,   0% used [0x00007fe6e0600000, 0x00007fe6e0600000, 0x00007fe7cf500000)
  from space 489344K,  99% used [0x00007fe7ed2e0000, 0x00007fe80b0bfff8, 0x00007fe80b0c0000)
  to   space 489344K,   0% used [0x00007fe7cf500000, 0x00007fe7cf500000, 0x00007fe7ed2e0000)
 tenured generation   total 10865224K, used 10865090K [0x00007fec35b50000, 0x00007feeccde2000, 0x00007ff6e0600000)
   the space 10865224K,  99% used [0x00007fec35b50000, 0x00007feeccdc0b58, 0x00007feeccdc0c00, 0x00007feeccde2000)
 Metaspace       used 30638K, capacity 31062K, committed 31232K, reserved 32768K
}
Event: 344.051 GC heap after
{Heap after GC invocations=43 (full 10):
 def new generation   total 4892544K, used 0K [0x00007fe6e0600000, 0x00007fe82c2c0000, 0x00007fec35b50000)
  eden space 4348928K,   0% used [0x00007fe6e0600000, 0x00007fe6e0600000, 0x00007fe7e9d00000)
  from space 543616K,   0% used [0x00007fe7e9d00000, 0x00007fe7e9d00000, 0x00007fe80afe0000)
  to   space 543616K,   0% used [0x00007fe80afe0000, 0x00007fe80afe0000, 0x00007fe82c2c0000)
 tenured generation   total 10872284K, used 6523369K [0x00007fec35b50000, 0x00007feecd4c7000, 0x00007ff6e0600000)
   the space 10872284K,  59% used [0x00007fec35b50000, 0x00007fedc3dca720, 0x00007fedc3dca800, 0x00007feecd4c7000)
 Metaspace       used 30638K, capacity 31062K, committed 31232K, reserved 32768K
}
Event: 344.852 GC heap before
{Heap before GC invocations=43 (full 10):
 def new generation   total 4892544K, used 4348928K [0x00007fe6e0600000, 0x00007fe82c2c0000, 0x00007fec35b50000)
  eden space 4348928K, 100% used [0x00007fe6e0600000, 0x00007fe7e9d00000, 0x00007fe7e9d00000)
  from space 543616K,   0% used [0x00007fe7e9d00000, 0x00007fe7e9d00000, 0x00007fe80afe0000)
  to   space 543616K,   0% used [0x00007fe80afe0000, 0x00007fe80afe0000, 0x00007fe82c2c0000)
 tenured generation   total 10872284K, used 6523369K [0x00007fec35b50000, 0x00007feecd4c7000, 0x00007ff6e0600000)
   the space 10872284K,  59% used [0x00007fec35b50000, 0x00007fedc3dca720, 0x00007fedc3dca800, 0x00007feecd4c7000)
 Metaspace       used 30638K, capacity 31062K, committed 31232K, reserved 32768K
}
Event: 346.308 GC heap after
{Heap after GC invocations=44 (full 10):
 def new generation   total 4892544K, used 543615K [0x00007fe6e0600000, 0x00007fe82c2c0000, 0x00007fec35b50000)
  eden space 4348928K,   0% used [0x00007fe6e0600000, 0x00007fe6e0600000, 0x00007fe7e9d00000)
  from space 543616K,  99% used [0x00007fe80afe0000, 0x00007fe82c2bfd40, 0x00007fe82c2c0000)
  to   space 543616K,   0% used [0x00007fe7e9d00000, 0x00007fe7e9d00000, 0x00007fe80afe0000)
 tenured generation   total 10872284K, used 10328579K [0x00007fec35b50000, 0x00007feecd4c7000, 0x00007ff6e0600000)
   the space 10872284K,  94% used [0x00007fec35b50000, 0x00007feeac1d0de0, 0x00007feeac1d0e00, 0x00007feecd4c7000)
 Metaspace       used 30638K, capacity 31062K, committed 31232K, reserved 32768K
}
Event: 346.939 GC heap before
{Heap before GC invocations=44 (full 10):
 def new generation   total 4892544K, used 4892543K [0x00007fe6e0600000, 0x00007fe82c2c0000, 0x00007fec35b50000)
  eden space 4348928K, 100% used [0x00007fe6e0600000, 0x00007fe7e9d00000, 0x00007fe7e9d00000)
  from space 543616K,  99% used [0x00007fe80afe0000, 0x00007fe82c2bfd40, 0x00007fe82c2c0000)
  to   space 543616K,   0% used [0x00007fe7e9d00000, 0x00007fe7e9d00000, 0x00007fe80afe0000)
 tenured generation   total 10872284K, used 10328579K [0x00007fec35b50000, 0x00007feecd4c7000, 0x00007ff6e0600000)
   the space 10872284K,  94% used [0x00007fec35b50000, 0x00007feeac1d0de0, 0x00007feeac1d0e00, 0x00007feecd4c7000)
 Metaspace       used 30638K, capacity 31062K, committed 31232K, reserved 32768K
}
Event: 349.309 GC heap after
{Heap after GC invocations=45 (full 10):
 def new generation   total 4892544K, used 543615K [0x00007fe6e0600000, 0x00007fe82c2c0000, 0x00007fec35b50000)
  eden space 4348928K,   0% used [0x00007fe6e0600000, 0x00007fe6e0600000, 0x00007fe7e9d00000)
  from space 543616K,  99% used [0x00007fe7e9d00000, 0x00007fe80afdfd40, 0x00007fe80afe0000)
  to   space 543616K,   0% used [0x00007fe80afe0000, 0x00007fe80afe0000, 0x00007fe82c2c0000)
 tenured generation   total 14677532K, used 14677396K [0x00007fec35b50000, 0x00007fefb58d7000, 0x00007ff6e0600000)
   the space 14677532K,  99% used [0x00007fec35b50000, 0x00007fefb58b5160, 0x00007fefb58b5200, 0x00007fefb58d7000)
 Metaspace       used 30638K, capacity 31062K, committed 31232K, reserved 32768K
}
Event: 349.309 GC heap before
{Heap before GC invocations=45 (full 10):
 def new generation   total 4892544K, used 543615K [0x00007fe6e0600000, 0x00007fe82c2c0000, 0x00007fec35b50000)
  eden space 4348928K,   0% used [0x00007fe6e0600000, 0x00007fe6e0600000, 0x00007fe7e9d00000)
  from space 543616K,  99% used [0x00007fe7e9d00000, 0x00007fe80afdfd40, 0x00007fe80afe0000)
  to   space 543616K,   0% used [0x00007fe80afe0000, 0x00007fe80afe0000, 0x00007fe82c2c0000)
 tenured generation   total 14677532K, used 14677396K [0x00007fec35b50000, 0x00007fefb58d7000, 0x00007ff6e0600000)
   the space 14677532K,  99% used [0x00007fec35b50000, 0x00007fefb58b5160, 0x00007fefb58b5200, 0x00007fefb58d7000)
 Metaspace       used 30638K, capacity 31062K, committed 31232K, reserved 32768K
}

