# JRE version: OpenJDK Runtime Environment (13.0.7+5) (build 13.0.7+5-Ubuntu-0ubuntu120.04)
# Java VM: OpenJDK 64-Bit Server VM (13.0.7+5-Ubuntu-0ubuntu120.04, mixed mode, tiered, serial gc, linux-amd64)
Heap:
 def new generation   total 2921856K, used 171783K [0x00007f5410600000, 0x00007f54d6860000, 0x00007f5965b50000)
  eden space 2597248K,   6% used [0x00007f5410600000, 0x00007f541adc1c40, 0x00007f54aee60000)
  from space 324608K,   0% used [0x00007f54c2b60000, 0x00007f54c2b60000, 0x00007f54d6860000)
  to   space 324608K,   0% used [0x00007f54aee60000, 0x00007f54aee60000, 0x00007f54c2b60000)
 tenured generation   total 6503744K, used 6503743K [0x00007f5965b50000, 0x00007f5af2aa0000, 0x00007f6410600000)
   the space 6503744K,  99% used [0x00007f5965b50000, 0x00007f5af2a9ffd0, 0x00007f5af2aa0000, 0x00007f5af2aa0000)
 Metaspace       used 24216K, capacity 24589K, committed 24832K, reserved 26624K
GC Heap History (20 events):
Event: 731.238 GC heap after
{Heap after GC invocations=855 (full 4):
 def new generation   total 2921856K, used 168470K [0x00007f5410600000, 0x00007f54d6860000, 0x00007f5965b50000)
  eden space 2597248K,   0% used [0x00007f5410600000, 0x00007f5410600000, 0x00007f54aee60000)
  from space 324608K,  51% used [0x00007f54aee60000, 0x00007f54b92e58c0, 0x00007f54c2b60000)
  to   space 324608K,   0% used [0x00007f54c2b60000, 0x00007f54c2b60000, 0x00007f54d6860000)
 tenured generation   total 6492800K, used 6350960K [0x00007f5965b50000, 0x00007f5af1ff0000, 0x00007f6410600000)
   the space 6492800K,  97% used [0x00007f5965b50000, 0x00007f5ae956c238, 0x00007f5ae956c400, 0x00007f5af1ff0000)
 Metaspace       used 24216K, capacity 24589K, committed 24832K, reserved 26624K
}
Event: 732.897 GC heap before
{Heap before GC invocations=855 (full 4):
 def new generation   total 2921856K, used 2765718K [0x00007f5410600000, 0x00007f54d6860000, 0x00007f5965b50000)
  eden space 2597248K, 100% used [0x00007f5410600000, 0x00007f54aee60000, 0x00007f54aee60000)
  from space 324608K,  51% used [0x00007f54aee60000, 0x00007f54b92e58c0, 0x00007f54c2b60000)
  to   space 324608K,   0% used [0x00007f54c2b60000, 0x00007f54c2b60000, 0x00007f54d6860000)
 tenured generation   total 6492800K, used 6350960K [0x00007f5965b50000, 0x00007f5af1ff0000, 0x00007f6410600000)
   the space 6492800K,  97% used [0x00007f5965b50000, 0x00007f5ae956c238, 0x00007f5ae956c400, 0x00007f5af1ff0000)
 Metaspace       used 24216K, capacity 24589K, committed 24832K, reserved 26624K
}
Event: 733.101 GC heap after
{Heap after GC invocations=856 (full 4):
 def new generation   total 2921856K, used 168108K [0x00007f5410600000, 0x00007f54d6860000, 0x00007f5965b50000)
  eden space 2597248K,   0% used [0x00007f5410600000, 0x00007f5410600000, 0x00007f54aee60000)
  from space 324608K,  51% used [0x00007f54c2b60000, 0x00007f54ccf8b368, 0x00007f54d6860000)
  to   space 324608K,   0% used [0x00007f54aee60000, 0x00007f54aee60000, 0x00007f54c2b60000)
 tenured generation   total 6492800K, used 6368586K [0x00007f5965b50000, 0x00007f5af1ff0000, 0x00007f6410600000)
   the space 6492800K,  98% used [0x00007f5965b50000, 0x00007f5aea6a2bc8, 0x00007f5aea6a2c00, 0x00007f5af1ff0000)
 Metaspace       used 24216K, capacity 24589K, committed 24832K, reserved 26624K
}
Event: 734.715 GC heap before
{Heap before GC invocations=856 (full 4):
 def new generation   total 2921856K, used 2765356K [0x00007f5410600000, 0x00007f54d6860000, 0x00007f5965b50000)
  eden space 2597248K, 100% used [0x00007f5410600000, 0x00007f54aee60000, 0x00007f54aee60000)
  from space 324608K,  51% used [0x00007f54c2b60000, 0x00007f54ccf8b368, 0x00007f54d6860000)
  to   space 324608K,   0% used [0x00007f54aee60000, 0x00007f54aee60000, 0x00007f54c2b60000)
 tenured generation   total 6492800K, used 6368586K [0x00007f5965b50000, 0x00007f5af1ff0000, 0x00007f6410600000)
   the space 6492800K,  98% used [0x00007f5965b50000, 0x00007f5aea6a2bc8, 0x00007f5aea6a2c00, 0x00007f5af1ff0000)
 Metaspace       used 24216K, capacity 24589K, committed 24832K, reserved 26624K
}
Event: 734.908 GC heap after
{Heap after GC invocations=857 (full 4):
 def new generation   total 2921856K, used 174114K [0x00007f5410600000, 0x00007f54d6860000, 0x00007f5965b50000)
  eden space 2597248K,   0% used [0x00007f5410600000, 0x00007f5410600000, 0x00007f54aee60000)
  from space 324608K,  53% used [0x00007f54aee60000, 0x00007f54b9868808, 0x00007f54c2b60000)
  to   space 324608K,   0% used [0x00007f54c2b60000, 0x00007f54c2b60000, 0x00007f54d6860000)
 tenured generation   total 6492800K, used 6383452K [0x00007f5965b50000, 0x00007f5af1ff0000, 0x00007f6410600000)
   the space 6492800K,  98% used [0x00007f5965b50000, 0x00007f5aeb527350, 0x00007f5aeb527400, 0x00007f5af1ff0000)
 Metaspace       used 24216K, capacity 24589K, committed 24832K, reserved 26624K
}
Event: 736.538 GC heap before
{Heap before GC invocations=857 (full 4):
 def new generation   total 2921856K, used 2771362K [0x00007f5410600000, 0x00007f54d6860000, 0x00007f5965b50000)
  eden space 2597248K, 100% used [0x00007f5410600000, 0x00007f54aee60000, 0x00007f54aee60000)
  from space 324608K,  53% used [0x00007f54aee60000, 0x00007f54b9868808, 0x00007f54c2b60000)
  to   space 324608K,   0% used [0x00007f54c2b60000, 0x00007f54c2b60000, 0x00007f54d6860000)
 tenured generation   total 6492800K, used 6383452K [0x00007f5965b50000, 0x00007f5af1ff0000, 0x00007f6410600000)
   the space 6492800K,  98% used [0x00007f5965b50000, 0x00007f5aeb527350, 0x00007f5aeb527400, 0x00007f5af1ff0000)
 Metaspace       used 24216K, capacity 24589K, committed 24832K, reserved 26624K
}
Event: 736.731 GC heap after
{Heap after GC invocations=858 (full 4):
 def new generation   total 2921856K, used 173817K [0x00007f5410600000, 0x00007f54d6860000, 0x00007f5965b50000)
  eden space 2597248K,   0% used [0x00007f5410600000, 0x00007f5410600000, 0x00007f54aee60000)
  from space 324608K,  53% used [0x00007f54c2b60000, 0x00007f54cd51e4c0, 0x00007f54d6860000)
  to   space 324608K,   0% used [0x00007f54aee60000, 0x00007f54aee60000, 0x00007f54c2b60000)
 tenured generation   total 6492800K, used 6396887K [0x00007f5965b50000, 0x00007f5af1ff0000, 0x00007f6410600000)
   the space 6492800K,  98% used [0x00007f5965b50000, 0x00007f5aec245e58, 0x00007f5aec246000, 0x00007f5af1ff0000)
 Metaspace       used 24216K, capacity 24589K, committed 24832K, reserved 26624K
}
Event: 738.376 GC heap before
{Heap before GC invocations=858 (full 4):
 def new generation   total 2921856K, used 2771065K [0x00007f5410600000, 0x00007f54d6860000, 0x00007f5965b50000)
  eden space 2597248K, 100% used [0x00007f5410600000, 0x00007f54aee60000, 0x00007f54aee60000)
  from space 324608K,  53% used [0x00007f54c2b60000, 0x00007f54cd51e4c0, 0x00007f54d6860000)
  to   space 324608K,   0% used [0x00007f54aee60000, 0x00007f54aee60000, 0x00007f54c2b60000)
 tenured generation   total 6492800K, used 6396887K [0x00007f5965b50000, 0x00007f5af1ff0000, 0x00007f6410600000)
   the space 6492800K,  98% used [0x00007f5965b50000, 0x00007f5aec245e58, 0x00007f5aec246000, 0x00007f5af1ff0000)
 Metaspace       used 24216K, capacity 24589K, committed 24832K, reserved 26624K
}
Event: 738.557 GC heap after
{Heap after GC invocations=859 (full 4):
 def new generation   total 2921856K, used 169246K [0x00007f5410600000, 0x00007f54d6860000, 0x00007f5965b50000)
  eden space 2597248K,   0% used [0x00007f5410600000, 0x00007f5410600000, 0x00007f54aee60000)
  from space 324608K,  52% used [0x00007f54aee60000, 0x00007f54b93a7898, 0x00007f54c2b60000)
  to   space 324608K,   0% used [0x00007f54c2b60000, 0x00007f54c2b60000, 0x00007f54d6860000)
 tenured generation   total 6492800K, used 6414234K [0x00007f5965b50000, 0x00007f5af1ff0000, 0x00007f6410600000)
   the space 6492800K,  98% used [0x00007f5965b50000, 0x00007f5aed336998, 0x00007f5aed336a00, 0x00007f5af1ff0000)
 Metaspace       used 24216K, capacity 24589K, committed 24832K, reserved 26624K
}
Event: 740.212 GC heap before
{Heap before GC invocations=859 (full 4):
 def new generation   total 2921856K, used 2766494K [0x00007f5410600000, 0x00007f54d6860000, 0x00007f5965b50000)
  eden space 2597248K, 100% used [0x00007f5410600000, 0x00007f54aee60000, 0x00007f54aee60000)
  from space 324608K,  52% used [0x00007f54aee60000, 0x00007f54b93a7898, 0x00007f54c2b60000)
  to   space 324608K,   0% used [0x00007f54c2b60000, 0x00007f54c2b60000, 0x00007f54d6860000)
 tenured generation   total 6492800K, used 6414234K [0x00007f5965b50000, 0x00007f5af1ff0000, 0x00007f6410600000)
   the space 6492800K,  98% used [0x00007f5965b50000, 0x00007f5aed336998, 0x00007f5aed336a00, 0x00007f5af1ff0000)
 Metaspace       used 24216K, capacity 24589K, committed 24832K, reserved 26624K
}
Event: 740.410 GC heap after
{Heap after GC invocations=860 (full 4):
 def new generation   total 2921856K, used 173371K [0x00007f5410600000, 0x00007f54d6860000, 0x00007f5965b50000)
  eden space 2597248K,   0% used [0x00007f5410600000, 0x00007f5410600000, 0x00007f54aee60000)
  from space 324608K,  53% used [0x00007f54c2b60000, 0x00007f54cd4aeeb0, 0x00007f54d6860000)
  to   space 324608K,   0% used [0x00007f54aee60000, 0x00007f54aee60000, 0x00007f54c2b60000)
 tenured generation   total 6492800K, used 6429100K [0x00007f5965b50000, 0x00007f5af1ff0000, 0x00007f6410600000)
   the space 6492800K,  99% used [0x00007f5965b50000, 0x00007f5aee1bb1b0, 0x00007f5aee1bb200, 0x00007f5af1ff0000)
 Metaspace       used 24216K, capacity 24589K, committed 24832K, reserved 26624K
}
Event: 742.024 GC heap before
{Heap before GC invocations=860 (full 4):
 def new generation   total 2921856K, used 2770619K [0x00007f5410600000, 0x00007f54d6860000, 0x00007f5965b50000)
  eden space 2597248K, 100% used [0x00007f5410600000, 0x00007f54aee60000, 0x00007f54aee60000)
  from space 324608K,  53% used [0x00007f54c2b60000, 0x00007f54cd4aeeb0, 0x00007f54d6860000)
  to   space 324608K,   0% used [0x00007f54aee60000, 0x00007f54aee60000, 0x00007f54c2b60000)
 tenured generation   total 6492800K, used 6429100K [0x00007f5965b50000, 0x00007f5af1ff0000, 0x00007f6410600000)
   the space 6492800K,  99% used [0x00007f5965b50000, 0x00007f5aee1bb1b0, 0x00007f5aee1bb200, 0x00007f5af1ff0000)
 Metaspace       used 24216K, capacity 24589K, committed 24832K, reserved 26624K
}
Event: 742.224 GC heap after
{Heap after GC invocations=861 (full 4):
 def new generation   total 2921856K, used 178319K [0x00007f5410600000, 0x00007f54d6860000, 0x00007f5965b50000)
  eden space 2597248K,   0% used [0x00007f5410600000, 0x00007f5410600000, 0x00007f54aee60000)
  from space 324608K,  54% used [0x00007f54aee60000, 0x00007f54b9c83c80, 0x00007f54c2b60000)
  to   space 324608K,   0% used [0x00007f54c2b60000, 0x00007f54c2b60000, 0x00007f54d6860000)
 tenured generation   total 6492800K, used 6444151K [0x00007f5965b50000, 0x00007f5af1ff0000, 0x00007f6410600000)
   the space 6492800K,  99% used [0x00007f5965b50000, 0x00007f5aef06dd88, 0x00007f5aef06de00, 0x00007f5af1ff0000)
 Metaspace       used 24216K, capacity 24589K, committed 24832K, reserved 26624K
}
Event: 743.819 GC heap before
{Heap before GC invocations=861 (full 4):
 def new generation   total 2921856K, used 2775567K [0x00007f5410600000, 0x00007f54d6860000, 0x00007f5965b50000)
  eden space 2597248K, 100% used [0x00007f5410600000, 0x00007f54aee60000, 0x00007f54aee60000)
  from space 324608K,  54% used [0x00007f54aee60000, 0x00007f54b9c83c80, 0x00007f54c2b60000)
  to   space 324608K,   0% used [0x00007f54c2b60000, 0x00007f54c2b60000, 0x00007f54d6860000)
 tenured generation   total 6492800K, used 6444151K [0x00007f5965b50000, 0x00007f5af1ff0000, 0x00007f6410600000)
   the space 6492800K,  99% used [0x00007f5965b50000, 0x00007f5aef06dd88, 0x00007f5aef06de00, 0x00007f5af1ff0000)
 Metaspace       used 24216K, capacity 24589K, committed 24832K, reserved 26624K
}
Event: 744.048 GC heap after
{Heap after GC invocations=862 (full 4):
 def new generation   total 2921856K, used 169732K [0x00007f5410600000, 0x00007f54d6860000, 0x00007f5965b50000)
  eden space 2597248K,   0% used [0x00007f5410600000, 0x00007f5410600000, 0x00007f54aee60000)
  from space 324608K,  52% used [0x00007f54c2b60000, 0x00007f54cd121220, 0x00007f54d6860000)
  to   space 324608K,   0% used [0x00007f54aee60000, 0x00007f54aee60000, 0x00007f54c2b60000)
 tenured generation   total 6492800K, used 6471721K [0x00007f5965b50000, 0x00007f5af1ff0000, 0x00007f6410600000)
   the space 6492800K,  99% used [0x00007f5965b50000, 0x00007f5af0b5a718, 0x00007f5af0b5a800, 0x00007f5af1ff0000)
 Metaspace       used 24216K, capacity 24589K, committed 24832K, reserved 26624K
}
Event: 745.699 GC heap before
{Heap before GC invocations=862 (full 4):
 def new generation   total 2921856K, used 2766980K [0x00007f5410600000, 0x00007f54d6860000, 0x00007f5965b50000)
  eden space 2597248K, 100% used [0x00007f5410600000, 0x00007f54aee60000, 0x00007f54aee60000)
  from space 324608K,  52% used [0x00007f54c2b60000, 0x00007f54cd121220, 0x00007f54d6860000)
  to   space 324608K,   0% used [0x00007f54aee60000, 0x00007f54aee60000, 0x00007f54c2b60000)
 tenured generation   total 6492800K, used 6471721K [0x00007f5965b50000, 0x00007f5af1ff0000, 0x00007f6410600000)
   the space 6492800K,  99% used [0x00007f5965b50000, 0x00007f5af0b5a718, 0x00007f5af0b5a800, 0x00007f5af1ff0000)
 Metaspace       used 24216K, capacity 24589K, committed 24832K, reserved 26624K
}
Event: 745.886 GC heap after
{Heap after GC invocations=863 (full 4):
 def new generation   total 2921856K, used 169094K [0x00007f5410600000, 0x00007f54d6860000, 0x00007f5965b50000)
  eden space 2597248K,   0% used [0x00007f5410600000, 0x00007f5410600000, 0x00007f54aee60000)
  from space 324608K,  52% used [0x00007f54aee60000, 0x00007f54b9381830, 0x00007f54c2b60000)
  to   space 324608K,   0% used [0x00007f54c2b60000, 0x00007f54c2b60000, 0x00007f54d6860000)
 tenured generation   total 6492800K, used 6488308K [0x00007f5965b50000, 0x00007f5af1ff0000, 0x00007f6410600000)
   the space 6492800K,  99% used [0x00007f5965b50000, 0x00007f5af1b8d150, 0x00007f5af1b8d200, 0x00007f5af1ff0000)
 Metaspace       used 24216K, capacity 24589K, committed 24832K, reserved 26624K
}
Event: 747.467 GC heap before
{Heap before GC invocations=863 (full 4):
 def new generation   total 2921856K, used 2766342K [0x00007f5410600000, 0x00007f54d6860000, 0x00007f5965b50000)
  eden space 2597248K, 100% used [0x00007f5410600000, 0x00007f54aee60000, 0x00007f54aee60000)
  from space 324608K,  52% used [0x00007f54aee60000, 0x00007f54b9381830, 0x00007f54c2b60000)
  to   space 324608K,   0% used [0x00007f54c2b60000, 0x00007f54c2b60000, 0x00007f54d6860000)
 tenured generation   total 6492800K, used 6488308K [0x00007f5965b50000, 0x00007f5af1ff0000, 0x00007f6410600000)
   the space 6492800K,  99% used [0x00007f5965b50000, 0x00007f5af1b8d150, 0x00007f5af1b8d200, 0x00007f5af1ff0000)
 Metaspace       used 24216K, capacity 24589K, committed 24832K, reserved 26624K
}
Event: 747.672 GC heap after
{Heap after GC invocations=864 (full 4):
 def new generation   total 2921856K, used 171853K [0x00007f5410600000, 0x00007f54d6860000, 0x00007f5965b50000)
  eden space 2597248K,   0% used [0x00007f5410600000, 0x00007f5410600000, 0x00007f54aee60000)
  from space 324608K,  52% used [0x00007f54c2b60000, 0x00007f54cd333720, 0x00007f54d6860000)
  to   space 324608K,   0% used [0x00007f54aee60000, 0x00007f54aee60000, 0x00007f54c2b60000)
 tenured generation   total 6503744K, used 6503673K [0x00007f5965b50000, 0x00007f5af2aa0000, 0x00007f6410600000)
   the space 6503744K,  99% used [0x00007f5965b50000, 0x00007f5af2a8e4f0, 0x00007f5af2a8e600, 0x00007f5af2aa0000)
 Metaspace       used 24216K, capacity 24589K, committed 24832K, reserved 26624K
}
Event: 747.672 GC heap before
{Heap before GC invocations=864 (full 4):
 def new generation   total 2921856K, used 171853K [0x00007f5410600000, 0x00007f54d6860000, 0x00007f5965b50000)
  eden space 2597248K,   0% used [0x00007f5410600000, 0x00007f5410600000, 0x00007f54aee60000)
  from space 324608K,  52% used [0x00007f54c2b60000, 0x00007f54cd333720, 0x00007f54d6860000)
  to   space 324608K,   0% used [0x00007f54aee60000, 0x00007f54aee60000, 0x00007f54c2b60000)
 tenured generation   total 6503744K, used 6503673K [0x00007f5965b50000, 0x00007f5af2aa0000, 0x00007f6410600000)
   the space 6503744K,  99% used [0x00007f5965b50000, 0x00007f5af2a8e4f0, 0x00007f5af2a8e600, 0x00007f5af2aa0000)
 Metaspace       used 24216K, capacity 24589K, committed 24832K, reserved 26624K
}

