# JRE version: OpenJDK Runtime Environment (13.0.7+5) (build 13.0.7+5-Ubuntu-0ubuntu120.04)
# Java VM: OpenJDK 64-Bit Server VM (13.0.7+5-Ubuntu-0ubuntu120.04, mixed mode, tiered, serial gc, linux-amd64)
Heap:
 def new generation   total 11849088K, used 1316543K [0x00007f7850600000, 0x00007f7b73f10000, 0x00007f7da5b50000)
  eden space 10532544K,  12% used [0x00007f7850600000, 0x00007f78a0baffa0, 0x00007f7ad33b0000)
  from space 1316544K,   0% used [0x00007f7ad33b0000, 0x00007f7ad33b0000, 0x00007f7b23960000)
  to   space 1316544K,   0% used [0x00007f7b23960000, 0x00007f7b23960000, 0x00007f7b73f10000)
 tenured generation   total 27293432K, used 27293271K [0x00007f7da5b50000, 0x00007f842790e000, 0x00007f8850600000)
   the space 27293432K,  99% used [0x00007f7da5b50000, 0x00007f84278e5e28, 0x00007f84278e6000, 0x00007f842790e000)
 Metaspace       used 31199K, capacity 31607K, committed 31744K, reserved 32768K
GC Heap History (20 events):
Event: 71.415 GC heap after
{Heap after GC invocations=29 (full 3):
 def new generation   total 2814464K, used 312703K [0x00007f7850600000, 0x00007f790f3e0000, 0x00007f7da5b50000)
  eden space 2501760K,   0% used [0x00007f7850600000, 0x00007f7850600000, 0x00007f78e9120000)
  from space 312704K,  99% used [0x00007f78fc280000, 0x00007f790f3dfec8, 0x00007f790f3e0000)
  to   space 312704K,   0% used [0x00007f78e9120000, 0x00007f78e9120000, 0x00007f78fc280000)
 tenured generation   total 6254296K, used 4047880K [0x00007f7da5b50000, 0x00007f7f23706000, 0x00007f8850600000)
   the space 6254296K,  64% used [0x00007f7da5b50000, 0x00007f7e9cc52048, 0x00007f7e9cc52200, 0x00007f7f23706000)
 Metaspace       used 31199K, capacity 31607K, committed 31744K, reserved 32768K
}
Event: 76.434 GC heap before
{Heap before GC invocations=29 (full 3):
 def new generation   total 2814464K, used 2814463K [0x00007f7850600000, 0x00007f790f3e0000, 0x00007f7da5b50000)
  eden space 2501760K, 100% used [0x00007f7850600000, 0x00007f78e9120000, 0x00007f78e9120000)
  from space 312704K,  99% used [0x00007f78fc280000, 0x00007f790f3dfec8, 0x00007f790f3e0000)
  to   space 312704K,   0% used [0x00007f78e9120000, 0x00007f78e9120000, 0x00007f78fc280000)
 tenured generation   total 6254296K, used 4047880K [0x00007f7da5b50000, 0x00007f7f23706000, 0x00007f8850600000)
   the space 6254296K,  64% used [0x00007f7da5b50000, 0x00007f7e9cc52048, 0x00007f7e9cc52200, 0x00007f7f23706000)
 Metaspace       used 31199K, capacity 31607K, committed 31744K, reserved 32768K
}
Event: 79.545 GC heap after
{Heap after GC invocations=30 (full 3):
 def new generation   total 2814464K, used 312703K [0x00007f7850600000, 0x00007f790f3e0000, 0x00007f7da5b50000)
  eden space 2501760K,   0% used [0x00007f7850600000, 0x00007f7850600000, 0x00007f78e9120000)
  from space 312704K,  99% used [0x00007f78e9120000, 0x00007f78fc27fff0, 0x00007f78fc280000)
  to   space 312704K,   0% used [0x00007f78fc280000, 0x00007f78fc280000, 0x00007f790f3e0000)
 tenured generation   total 6254296K, used 5462127K [0x00007f7da5b50000, 0x00007f7f23706000, 0x00007f8850600000)
   the space 6254296K,  87% used [0x00007f7da5b50000, 0x00007f7ef316bc40, 0x00007f7ef316be00, 0x00007f7f23706000)
 Metaspace       used 31199K, capacity 31607K, committed 31744K, reserved 32768K
}
Event: 81.283 GC heap before
{Heap before GC invocations=30 (full 3):
 def new generation   total 2814464K, used 2814463K [0x00007f7850600000, 0x00007f790f3e0000, 0x00007f7da5b50000)
  eden space 2501760K, 100% used [0x00007f7850600000, 0x00007f78e9120000, 0x00007f78e9120000)
  from space 312704K,  99% used [0x00007f78e9120000, 0x00007f78fc27fff0, 0x00007f78fc280000)
  to   space 312704K,   0% used [0x00007f78fc280000, 0x00007f78fc280000, 0x00007f790f3e0000)
 tenured generation   total 6254296K, used 5462127K [0x00007f7da5b50000, 0x00007f7f23706000, 0x00007f8850600000)
   the space 6254296K,  87% used [0x00007f7da5b50000, 0x00007f7ef316bc40, 0x00007f7ef316be00, 0x00007f7f23706000)
 Metaspace       used 31199K, capacity 31607K, committed 31744K, reserved 32768K
}
Event: 87.081 GC heap after
{Heap after GC invocations=31 (full 3):
 def new generation   total 2814464K, used 312703K [0x00007f7850600000, 0x00007f790f3e0000, 0x00007f7da5b50000)
  eden space 2501760K,   0% used [0x00007f7850600000, 0x00007f7850600000, 0x00007f78e9120000)
  from space 312704K,  99% used [0x00007f78fc280000, 0x00007f790f3dfea0, 0x00007f790f3e0000)
  to   space 312704K,   0% used [0x00007f78e9120000, 0x00007f78e9120000, 0x00007f78fc280000)
 tenured generation   total 7963864K, used 7963857K [0x00007f7da5b50000, 0x00007f7f8bc86000, 0x00007f8850600000)
   the space 7963864K,  99% used [0x00007f7da5b50000, 0x00007f7f8bc84490, 0x00007f7f8bc84600, 0x00007f7f8bc86000)
 Metaspace       used 31199K, capacity 31607K, committed 31744K, reserved 32768K
}
Event: 87.081 GC heap before
{Heap before GC invocations=31 (full 3):
 def new generation   total 2814464K, used 312703K [0x00007f7850600000, 0x00007f790f3e0000, 0x00007f7da5b50000)
  eden space 2501760K,   0% used [0x00007f7850600000, 0x00007f7850600000, 0x00007f78e9120000)
  from space 312704K,  99% used [0x00007f78fc280000, 0x00007f790f3dfea0, 0x00007f790f3e0000)
  to   space 312704K,   0% used [0x00007f78e9120000, 0x00007f78e9120000, 0x00007f78fc280000)
 tenured generation   total 7963864K, used 7963857K [0x00007f7da5b50000, 0x00007f7f8bc86000, 0x00007f8850600000)
   the space 7963864K,  99% used [0x00007f7da5b50000, 0x00007f7f8bc84490, 0x00007f7f8bc84600, 0x00007f7f8bc86000)
 Metaspace       used 31199K, capacity 31607K, committed 31744K, reserved 32768K
}
Event: 98.940 GC heap after
{Heap after GC invocations=31 (full 4):
 def new generation   total 5972992K, used 282541K [0x00007f7850600000, 0x00007f79e5710000, 0x00007f7da5b50000)
  eden space 5309376K,   5% used [0x00007f7850600000, 0x00007f78619eb460, 0x00007f79946f0000)
  from space 663616K,   0% used [0x00007f79946f0000, 0x00007f79946f0000, 0x00007f79bcf00000)
  to   space 663616K,   0% used [0x00007f79bcf00000, 0x00007f79bcf00000, 0x00007f79e5710000)
 tenured generation   total 13273108K, used 7963863K [0x00007f7da5b50000, 0x00007f80cfd55000, 0x00007f8850600000)
   the space 13273108K,  59% used [0x00007f7da5b50000, 0x00007f7f8bc85ed0, 0x00007f7f8bc86000, 0x00007f80cfd55000)
 Metaspace       used 31199K, capacity 31607K, committed 31744K, reserved 32768K
}
Event: 116.209 GC heap before
{Heap before GC invocations=31 (full 4):
 def new generation   total 5972992K, used 5309376K [0x00007f7850600000, 0x00007f79e5710000, 0x00007f7da5b50000)
  eden space 5309376K, 100% used [0x00007f7850600000, 0x00007f79946f0000, 0x00007f79946f0000)
  from space 663616K,   0% used [0x00007f79946f0000, 0x00007f79946f0000, 0x00007f79bcf00000)
  to   space 663616K,   0% used [0x00007f79bcf00000, 0x00007f79bcf00000, 0x00007f79e5710000)
 tenured generation   total 13273108K, used 7963863K [0x00007f7da5b50000, 0x00007f80cfd55000, 0x00007f8850600000)
   the space 13273108K,  59% used [0x00007f7da5b50000, 0x00007f7f8bc85ed0, 0x00007f7f8bc86000, 0x00007f80cfd55000)
 Metaspace       used 31199K, capacity 31607K, committed 31744K, reserved 32768K
}
Event: 127.985 GC heap after
{Heap after GC invocations=32 (full 4):
 def new generation   total 5972992K, used 663615K [0x00007f7850600000, 0x00007f79e5710000, 0x00007f7da5b50000)
  eden space 5309376K,   0% used [0x00007f7850600000, 0x00007f7850600000, 0x00007f79946f0000)
  from space 663616K,  99% used [0x00007f79bcf00000, 0x00007f79e570ff48, 0x00007f79e5710000)
  to   space 663616K,   0% used [0x00007f79946f0000, 0x00007f79946f0000, 0x00007f79bcf00000)
 tenured generation   total 13273108K, used 9639986K [0x00007f7da5b50000, 0x00007f80cfd55000, 0x00007f8850600000)
   the space 13273108K,  72% used [0x00007f7da5b50000, 0x00007f7ff215c9e8, 0x00007f7ff215ca00, 0x00007f80cfd55000)
 Metaspace       used 31199K, capacity 31607K, committed 31744K, reserved 32768K
}
Event: 145.299 GC heap before
{Heap before GC invocations=32 (full 4):
 def new generation   total 5972992K, used 5972991K [0x00007f7850600000, 0x00007f79e5710000, 0x00007f7da5b50000)
  eden space 5309376K, 100% used [0x00007f7850600000, 0x00007f79946f0000, 0x00007f79946f0000)
  from space 663616K,  99% used [0x00007f79bcf00000, 0x00007f79e570ff48, 0x00007f79e5710000)
  to   space 663616K,   0% used [0x00007f79946f0000, 0x00007f79946f0000, 0x00007f79bcf00000)
 tenured generation   total 13273108K, used 9639986K [0x00007f7da5b50000, 0x00007f80cfd55000, 0x00007f8850600000)
   the space 13273108K,  72% used [0x00007f7da5b50000, 0x00007f7ff215c9e8, 0x00007f7ff215ca00, 0x00007f80cfd55000)
 Metaspace       used 31199K, capacity 31607K, committed 31744K, reserved 32768K
}
Event: 148.681 GC heap after
{Heap after GC invocations=33 (full 4):
 def new generation   total 5972992K, used 663615K [0x00007f7850600000, 0x00007f79e5710000, 0x00007f7da5b50000)
  eden space 5309376K,   0% used [0x00007f7850600000, 0x00007f7850600000, 0x00007f79946f0000)
  from space 663616K,  99% used [0x00007f79946f0000, 0x00007f79bceffed0, 0x00007f79bcf00000)
  to   space 663616K,   0% used [0x00007f79bcf00000, 0x00007f79bcf00000, 0x00007f79e5710000)
 tenured generation   total 13273108K, used 11979683K [0x00007f7da5b50000, 0x00007f80cfd55000, 0x00007f8850600000)
   the space 13273108K,  90% used [0x00007f7da5b50000, 0x00007f8080e38ee0, 0x00007f8080e39000, 0x00007f80cfd55000)
 Metaspace       used 31199K, capacity 31607K, committed 31744K, reserved 32768K
}
Event: 155.080 GC heap before
{Heap before GC invocations=33 (full 4):
 def new generation   total 5972992K, used 5972991K [0x00007f7850600000, 0x00007f79e5710000, 0x00007f7da5b50000)
  eden space 5309376K, 100% used [0x00007f7850600000, 0x00007f79946f0000, 0x00007f79946f0000)
  from space 663616K,  99% used [0x00007f79946f0000, 0x00007f79bceffed0, 0x00007f79bcf00000)
  to   space 663616K,   0% used [0x00007f79bcf00000, 0x00007f79bcf00000, 0x00007f79e5710000)
 tenured generation   total 13273108K, used 11979683K [0x00007f7da5b50000, 0x00007f80cfd55000, 0x00007f8850600000)
   the space 13273108K,  90% used [0x00007f7da5b50000, 0x00007f8080e38ee0, 0x00007f8080e39000, 0x00007f80cfd55000)
 Metaspace       used 31199K, capacity 31607K, committed 31744K, reserved 32768K
}
Event: 159.603 GC heap after
{Heap after GC invocations=34 (full 4):
 def new generation   total 5972992K, used 663615K [0x00007f7850600000, 0x00007f79e5710000, 0x00007f7da5b50000)
  eden space 5309376K,   0% used [0x00007f7850600000, 0x00007f7850600000, 0x00007f79946f0000)
  from space 663616K,  99% used [0x00007f79bcf00000, 0x00007f79e570ff38, 0x00007f79e5710000)
  to   space 663616K,   0% used [0x00007f79946f0000, 0x00007f79946f0000, 0x00007f79bcf00000)
 tenured generation   total 15798676K, used 15798617K [0x00007f7da5b50000, 0x00007f8169fb5000, 0x00007f8850600000)
   the space 15798676K,  99% used [0x00007f7da5b50000, 0x00007f8169fa6758, 0x00007f8169fa6800, 0x00007f8169fb5000)
 Metaspace       used 31199K, capacity 31607K, committed 31744K, reserved 32768K
}
Event: 159.603 GC heap before
{Heap before GC invocations=34 (full 4):
 def new generation   total 5972992K, used 663615K [0x00007f7850600000, 0x00007f79e5710000, 0x00007f7da5b50000)
  eden space 5309376K,   0% used [0x00007f7850600000, 0x00007f7850600000, 0x00007f79946f0000)
  from space 663616K,  99% used [0x00007f79bcf00000, 0x00007f79e570ff38, 0x00007f79e5710000)
  to   space 663616K,   0% used [0x00007f79946f0000, 0x00007f79946f0000, 0x00007f79bcf00000)
 tenured generation   total 15798676K, used 15798617K [0x00007f7da5b50000, 0x00007f8169fb5000, 0x00007f8850600000)
   the space 15798676K,  99% used [0x00007f7da5b50000, 0x00007f8169fa6758, 0x00007f8169fa6800, 0x00007f8169fb5000)
 Metaspace       used 31199K, capacity 31607K, committed 31744K, reserved 32768K
}
Event: 175.652 GC heap after
{Heap after GC invocations=34 (full 5):
 def new generation   total 11849088K, used 663558K [0x00007f7850600000, 0x00007f7b73f10000, 0x00007f7da5b50000)
  eden space 10532544K,   6% used [0x00007f7850600000, 0x00007f7878e01838, 0x00007f7ad33b0000)
  from space 1316544K,   0% used [0x00007f7ad33b0000, 0x00007f7ad33b0000, 0x00007f7b23960000)
  to   space 1316544K,   0% used [0x00007f7b23960000, 0x00007f7b23960000, 0x00007f7b73f10000)
 tenured generation   total 26331128K, used 15798675K [0x00007f7da5b50000, 0x00007f83ecd4e000, 0x00007f8850600000)
   the space 26331128K,  59% used [0x00007f7da5b50000, 0x00007f8169fb4e58, 0x00007f8169fb5000, 0x00007f83ecd4e000)
 Metaspace       used 31199K, capacity 31607K, committed 31744K, reserved 32768K
}
Event: 194.580 GC heap before
{Heap before GC invocations=34 (full 5):
 def new generation   total 11849088K, used 10532544K [0x00007f7850600000, 0x00007f7b73f10000, 0x00007f7da5b50000)
  eden space 10532544K, 100% used [0x00007f7850600000, 0x00007f7ad33b0000, 0x00007f7ad33b0000)
  from space 1316544K,   0% used [0x00007f7ad33b0000, 0x00007f7ad33b0000, 0x00007f7b23960000)
  to   space 1316544K,   0% used [0x00007f7b23960000, 0x00007f7b23960000, 0x00007f7b73f10000)
 tenured generation   total 26331128K, used 15798675K [0x00007f7da5b50000, 0x00007f83ecd4e000, 0x00007f8850600000)
   the space 26331128K,  59% used [0x00007f7da5b50000, 0x00007f8169fb4e58, 0x00007f8169fb5000, 0x00007f83ecd4e000)
 Metaspace       used 31199K, capacity 31607K, committed 31744K, reserved 32768K
}
Event: 210.550 GC heap after
{Heap after GC invocations=35 (full 5):
 def new generation   total 11849088K, used 1316543K [0x00007f7850600000, 0x00007f7b73f10000, 0x00007f7da5b50000)
  eden space 10532544K,   0% used [0x00007f7850600000, 0x00007f7850600000, 0x00007f7ad33b0000)
  from space 1316544K,  99% used [0x00007f7b23960000, 0x00007f7b73f0fef0, 0x00007f7b73f10000)
  to   space 1316544K,   0% used [0x00007f7ad33b0000, 0x00007f7ad33b0000, 0x00007f7b23960000)
 tenured generation   total 26331128K, used 20542594K [0x00007f7da5b50000, 0x00007f83ecd4e000, 0x00007f8850600000)
   the space 26331128K,  78% used [0x00007f7da5b50000, 0x00007f828b870b88, 0x00007f828b870c00, 0x00007f83ecd4e000)
 Metaspace       used 31199K, capacity 31607K, committed 31744K, reserved 32768K
}
Event: 229.190 GC heap before
{Heap before GC invocations=35 (full 5):
 def new generation   total 11849088K, used 11849087K [0x00007f7850600000, 0x00007f7b73f10000, 0x00007f7da5b50000)
  eden space 10532544K, 100% used [0x00007f7850600000, 0x00007f7ad33b0000, 0x00007f7ad33b0000)
  from space 1316544K,  99% used [0x00007f7b23960000, 0x00007f7b73f0fef0, 0x00007f7b73f10000)
  to   space 1316544K,   0% used [0x00007f7ad33b0000, 0x00007f7ad33b0000, 0x00007f7b23960000)
 tenured generation   total 26331128K, used 20542594K [0x00007f7da5b50000, 0x00007f83ecd4e000, 0x00007f8850600000)
   the space 26331128K,  78% used [0x00007f7da5b50000, 0x00007f828b870b88, 0x00007f828b870c00, 0x00007f83ecd4e000)
 Metaspace       used 31199K, capacity 31607K, committed 31744K, reserved 32768K
}
Event: 242.216 GC heap after
{Heap after GC invocations=36 (full 5):
 def new generation   total 11849088K, used 1316543K [0x00007f7850600000, 0x00007f7b73f10000, 0x00007f7da5b50000)
  eden space 10532544K,   0% used [0x00007f7850600000, 0x00007f7850600000, 0x00007f7ad33b0000)
  from space 1316544K,  99% used [0x00007f7ad33b0000, 0x00007f7b2395ffc8, 0x00007f7b23960000)
  to   space 1316544K,   0% used [0x00007f7b23960000, 0x00007f7b23960000, 0x00007f7b73f10000)
 tenured generation   total 27293432K, used 27293271K [0x00007f7da5b50000, 0x00007f842790e000, 0x00007f8850600000)
   the space 27293432K,  99% used [0x00007f7da5b50000, 0x00007f84278e5e00, 0x00007f84278e5e00, 0x00007f842790e000)
 Metaspace       used 31199K, capacity 31607K, committed 31744K, reserved 32768K
}
Event: 242.216 GC heap before
{Heap before GC invocations=36 (full 5):
 def new generation   total 11849088K, used 1316543K [0x00007f7850600000, 0x00007f7b73f10000, 0x00007f7da5b50000)
  eden space 10532544K,   0% used [0x00007f7850600000, 0x00007f7850600000, 0x00007f7ad33b0000)
  from space 1316544K,  99% used [0x00007f7ad33b0000, 0x00007f7b2395ffc8, 0x00007f7b23960000)
  to   space 1316544K,   0% used [0x00007f7b23960000, 0x00007f7b23960000, 0x00007f7b73f10000)
 tenured generation   total 27293432K, used 27293271K [0x00007f7da5b50000, 0x00007f842790e000, 0x00007f8850600000)
   the space 27293432K,  99% used [0x00007f7da5b50000, 0x00007f84278e5e00, 0x00007f84278e5e00, 0x00007f842790e000)
 Metaspace       used 31199K, capacity 31607K, committed 31744K, reserved 32768K
}

