# JRE version: OpenJDK Runtime Environment (13.0.7+5) (build 13.0.7+5-Ubuntu-0ubuntu120.04)
# Java VM: OpenJDK 64-Bit Server VM (13.0.7+5-Ubuntu-0ubuntu120.04, mixed mode, tiered, compressed oops, serial gc, linux-amd64)
Heap:
 def new generation   total 2150528K, used 0K [0x0000000080200000, 0x0000000111f70000, 0x0000000300150000)
  eden space 1911616K,   0% used [0x0000000080200000, 0x0000000080200000, 0x00000000f4cd0000)
  from space 238912K,   0% used [0x00000000f4cd0000, 0x00000000f4cd0000, 0x0000000103620000)
  to   space 238912K,   0% used [0x0000000103620000, 0x0000000103620000, 0x0000000111f70000)
 tenured generation   total 4795208K, used 3302961K [0x0000000300150000, 0x0000000424c22000, 0x0000000800000000)
   the space 4795208K,  68% used [0x0000000300150000, 0x00000003c9adc508, 0x00000003c9adc600, 0x0000000424c22000)
 Metaspace       used 22692K, capacity 23232K, committed 23424K, reserved 1071104K
  class space    used 2354K, capacity 2568K, committed 2688K, reserved 1048576K
GC Heap History (20 events):
Event: 863.239 GC heap after
{Heap after GC invocations=722 (full 24):
 def new generation   total 2150528K, used 116758K [0x0000000080200000, 0x0000000111f70000, 0x0000000300150000)
  eden space 1911616K,   0% used [0x0000000080200000, 0x0000000080200000, 0x00000000f4cd0000)
  from space 238912K,  48% used [0x0000000103620000, 0x000000010a825b10, 0x0000000111f70000)
  to   space 238912K,   0% used [0x00000000f4cd0000, 0x00000000f4cd0000, 0x0000000103620000)
 tenured generation   total 4778820K, used 4503313K [0x0000000300150000, 0x0000000423c21000, 0x0000000800000000)
   the space 4778820K,  94% used [0x0000000300150000, 0x0000000412f146b8, 0x0000000412f14800, 0x0000000423c21000)
 Metaspace       used 22692K, capacity 23232K, committed 23424K, reserved 1071104K
  class space    used 2354K, capacity 2568K, committed 2688K, reserved 1048576K
}
Event: 864.688 GC heap before
{Heap before GC invocations=722 (full 24):
 def new generation   total 2150528K, used 2028374K [0x0000000080200000, 0x0000000111f70000, 0x0000000300150000)
  eden space 1911616K, 100% used [0x0000000080200000, 0x00000000f4cd0000, 0x00000000f4cd0000)
  from space 238912K,  48% used [0x0000000103620000, 0x000000010a825b10, 0x0000000111f70000)
  to   space 238912K,   0% used [0x00000000f4cd0000, 0x00000000f4cd0000, 0x0000000103620000)
 tenured generation   total 4778820K, used 4503313K [0x0000000300150000, 0x0000000423c21000, 0x0000000800000000)
   the space 4778820K,  94% used [0x0000000300150000, 0x0000000412f146b8, 0x0000000412f14800, 0x0000000423c21000)
 Metaspace       used 22692K, capacity 23232K, committed 23424K, reserved 1071104K
  class space    used 2354K, capacity 2568K, committed 2688K, reserved 1048576K
}
Event: 864.831 GC heap after
{Heap after GC invocations=723 (full 24):
 def new generation   total 2150528K, used 230746K [0x0000000080200000, 0x0000000111f70000, 0x0000000300150000)
  eden space 1911616K,   0% used [0x0000000080200000, 0x0000000080200000, 0x00000000f4cd0000)
  from space 238912K,  96% used [0x00000000f4cd0000, 0x0000000102e26910, 0x0000000103620000)
  to   space 238912K,   0% used [0x0000000103620000, 0x0000000103620000, 0x0000000111f70000)
 tenured generation   total 4778820K, used 4503313K [0x0000000300150000, 0x0000000423c21000, 0x0000000800000000)
   the space 4778820K,  94% used [0x0000000300150000, 0x0000000412f146b8, 0x0000000412f14800, 0x0000000423c21000)
 Metaspace       used 22692K, capacity 23232K, committed 23424K, reserved 1071104K
  class space    used 2354K, capacity 2568K, committed 2688K, reserved 1048576K
}
Event: 866.270 GC heap before
{Heap before GC invocations=723 (full 24):
 def new generation   total 2150528K, used 2142041K [0x0000000080200000, 0x0000000111f70000, 0x0000000300150000)
  eden space 1911616K,  99% used [0x0000000080200000, 0x00000000f4c7fda8, 0x00000000f4cd0000)
  from space 238912K,  96% used [0x00000000f4cd0000, 0x0000000102e26910, 0x0000000103620000)
  to   space 238912K,   0% used [0x0000000103620000, 0x0000000103620000, 0x0000000111f70000)
 tenured generation   total 4778820K, used 4503313K [0x0000000300150000, 0x0000000423c21000, 0x0000000800000000)
   the space 4778820K,  94% used [0x0000000300150000, 0x0000000412f146b8, 0x0000000412f14800, 0x0000000423c21000)
 Metaspace       used 22692K, capacity 23232K, committed 23424K, reserved 1071104K
  class space    used 2354K, capacity 2568K, committed 2688K, reserved 1048576K
}
Event: 866.321 GC heap after
{Heap after GC invocations=724 (full 24):
 def new generation   total 2150528K, used 69636K [0x0000000080200000, 0x0000000111f70000, 0x0000000300150000)
  eden space 1911616K,   0% used [0x0000000080200000, 0x0000000080200000, 0x00000000f4cd0000)
  from space 238912K,  29% used [0x0000000103620000, 0x0000000107a21150, 0x0000000111f70000)
  to   space 238912K,   0% used [0x00000000f4cd0000, 0x00000000f4cd0000, 0x0000000103620000)
 tenured generation   total 4778820K, used 4523870K [0x0000000300150000, 0x0000000423c21000, 0x0000000800000000)
   the space 4778820K,  94% used [0x0000000300150000, 0x00000004143279d0, 0x0000000414327a00, 0x0000000423c21000)
 Metaspace       used 22692K, capacity 23232K, committed 23424K, reserved 1071104K
  class space    used 2354K, capacity 2568K, committed 2688K, reserved 1048576K
}
Event: 867.812 GC heap before
{Heap before GC invocations=724 (full 24):
 def new generation   total 2150528K, used 1981252K [0x0000000080200000, 0x0000000111f70000, 0x0000000300150000)
  eden space 1911616K, 100% used [0x0000000080200000, 0x00000000f4cd0000, 0x00000000f4cd0000)
  from space 238912K,  29% used [0x0000000103620000, 0x0000000107a21150, 0x0000000111f70000)
  to   space 238912K,   0% used [0x00000000f4cd0000, 0x00000000f4cd0000, 0x0000000103620000)
 tenured generation   total 4778820K, used 4523870K [0x0000000300150000, 0x0000000423c21000, 0x0000000800000000)
   the space 4778820K,  94% used [0x0000000300150000, 0x00000004143279d0, 0x0000000414327a00, 0x0000000423c21000)
 Metaspace       used 22692K, capacity 23232K, committed 23424K, reserved 1071104K
  class space    used 2354K, capacity 2568K, committed 2688K, reserved 1048576K
}
Event: 867.901 GC heap after
{Heap after GC invocations=725 (full 24):
 def new generation   total 2150528K, used 183623K [0x0000000080200000, 0x0000000111f70000, 0x0000000300150000)
  eden space 1911616K,   0% used [0x0000000080200000, 0x0000000080200000, 0x00000000f4cd0000)
  from space 238912K,  76% used [0x00000000f4cd0000, 0x0000000100021f50, 0x0000000103620000)
  to   space 238912K,   0% used [0x0000000103620000, 0x0000000103620000, 0x0000000111f70000)
 tenured generation   total 4778820K, used 4523870K [0x0000000300150000, 0x0000000423c21000, 0x0000000800000000)
   the space 4778820K,  94% used [0x0000000300150000, 0x00000004143279d0, 0x0000000414327a00, 0x0000000423c21000)
 Metaspace       used 22692K, capacity 23232K, committed 23424K, reserved 1071104K
  class space    used 2354K, capacity 2568K, committed 2688K, reserved 1048576K
}
Event: 869.375 GC heap before
{Heap before GC invocations=725 (full 24):
 def new generation   total 2150528K, used 2095239K [0x0000000080200000, 0x0000000111f70000, 0x0000000300150000)
  eden space 1911616K, 100% used [0x0000000080200000, 0x00000000f4cd0000, 0x00000000f4cd0000)
  from space 238912K,  76% used [0x00000000f4cd0000, 0x0000000100021f50, 0x0000000103620000)
  to   space 238912K,   0% used [0x0000000103620000, 0x0000000103620000, 0x0000000111f70000)
 tenured generation   total 4778820K, used 4523870K [0x0000000300150000, 0x0000000423c21000, 0x0000000800000000)
   the space 4778820K,  94% used [0x0000000300150000, 0x00000004143279d0, 0x0000000414327a00, 0x0000000423c21000)
 Metaspace       used 22692K, capacity 23232K, committed 23424K, reserved 1071104K
  class space    used 2354K, capacity 2568K, committed 2688K, reserved 1048576K
}
Event: 869.590 GC heap after
{Heap after GC invocations=726 (full 24):
 def new generation   total 2150528K, used 228491K [0x0000000080200000, 0x0000000111f70000, 0x0000000300150000)
  eden space 1911616K,   0% used [0x0000000080200000, 0x0000000080200000, 0x00000000f4cd0000)
  from space 238912K,  95% used [0x0000000103620000, 0x0000000111542d18, 0x0000000111f70000)
  to   space 238912K,   0% used [0x00000000f4cd0000, 0x00000000f4cd0000, 0x0000000103620000)
 tenured generation   total 4778820K, used 4592990K [0x0000000300150000, 0x0000000423c21000, 0x0000000800000000)
   the space 4778820K,  96% used [0x0000000300150000, 0x00000004186a7a08, 0x00000004186a7c00, 0x0000000423c21000)
 Metaspace       used 22692K, capacity 23232K, committed 23424K, reserved 1071104K
  class space    used 2354K, capacity 2568K, committed 2688K, reserved 1048576K
}
Event: 871.045 GC heap before
{Heap before GC invocations=726 (full 24):
 def new generation   total 2150528K, used 2140107K [0x0000000080200000, 0x0000000111f70000, 0x0000000300150000)
  eden space 1911616K, 100% used [0x0000000080200000, 0x00000000f4cd0000, 0x00000000f4cd0000)
  from space 238912K,  95% used [0x0000000103620000, 0x0000000111542d18, 0x0000000111f70000)
  to   space 238912K,   0% used [0x00000000f4cd0000, 0x00000000f4cd0000, 0x0000000103620000)
 tenured generation   total 4778820K, used 4592990K [0x0000000300150000, 0x0000000423c21000, 0x0000000800000000)
   the space 4778820K,  96% used [0x0000000300150000, 0x00000004186a7a08, 0x00000004186a7c00, 0x0000000423c21000)
 Metaspace       used 22692K, capacity 23232K, committed 23424K, reserved 1071104K
  class space    used 2354K, capacity 2568K, committed 2688K, reserved 1048576K
}
Event: 871.151 GC heap after
{Heap after GC invocations=727 (full 24):
 def new generation   total 2150528K, used 148385K [0x0000000080200000, 0x0000000111f70000, 0x0000000300150000)
  eden space 1911616K,   0% used [0x0000000080200000, 0x0000000080200000, 0x00000000f4cd0000)
  from space 238912K,  62% used [0x00000000f4cd0000, 0x00000000fddb87b8, 0x0000000103620000)
  to   space 238912K,   0% used [0x0000000103620000, 0x0000000103620000, 0x0000000111f70000)
 tenured generation   total 4778820K, used 4599699K [0x0000000300150000, 0x0000000423c21000, 0x0000000800000000)
   the space 4778820K,  96% used [0x0000000300150000, 0x0000000418d34fb8, 0x0000000418d35000, 0x0000000423c21000)
 Metaspace       used 22692K, capacity 23232K, committed 23424K, reserved 1071104K
  class space    used 2354K, capacity 2568K, committed 2688K, reserved 1048576K
}
Event: 872.562 GC heap before
{Heap before GC invocations=727 (full 24):
 def new generation   total 2150528K, used 2060001K [0x0000000080200000, 0x0000000111f70000, 0x0000000300150000)
  eden space 1911616K, 100% used [0x0000000080200000, 0x00000000f4cd0000, 0x00000000f4cd0000)
  from space 238912K,  62% used [0x00000000f4cd0000, 0x00000000fddb87b8, 0x0000000103620000)
  to   space 238912K,   0% used [0x0000000103620000, 0x0000000103620000, 0x0000000111f70000)
 tenured generation   total 4778820K, used 4599699K [0x0000000300150000, 0x0000000423c21000, 0x0000000800000000)
   the space 4778820K,  96% used [0x0000000300150000, 0x0000000418d34fb8, 0x0000000418d35000, 0x0000000423c21000)
 Metaspace       used 22692K, capacity 23232K, committed 23424K, reserved 1071104K
  class space    used 2354K, capacity 2568K, committed 2688K, reserved 1048576K
}
Event: 872.792 GC heap after
{Heap after GC invocations=728 (full 24):
 def new generation   total 2150528K, used 114503K [0x0000000080200000, 0x0000000111f70000, 0x0000000300150000)
  eden space 1911616K,   0% used [0x0000000080200000, 0x0000000080200000, 0x00000000f4cd0000)
  from space 238912K,  47% used [0x0000000103620000, 0x000000010a5f1f18, 0x0000000111f70000)
  to   space 238912K,   0% used [0x00000000f4cd0000, 0x00000000f4cd0000, 0x0000000103620000)
 tenured generation   total 4778820K, used 4747569K [0x0000000300150000, 0x0000000423c21000, 0x0000000800000000)
   the space 4778820K,  99% used [0x0000000300150000, 0x0000000421d9c658, 0x0000000421d9c800, 0x0000000423c21000)
 Metaspace       used 22692K, capacity 23232K, committed 23424K, reserved 1071104K
  class space    used 2354K, capacity 2568K, committed 2688K, reserved 1048576K
}
Event: 874.176 GC heap before
{Heap before GC invocations=728 (full 24):
 def new generation   total 2150528K, used 2026119K [0x0000000080200000, 0x0000000111f70000, 0x0000000300150000)
  eden space 1911616K, 100% used [0x0000000080200000, 0x00000000f4cd0000, 0x00000000f4cd0000)
  from space 238912K,  47% used [0x0000000103620000, 0x000000010a5f1f18, 0x0000000111f70000)
  to   space 238912K,   0% used [0x00000000f4cd0000, 0x00000000f4cd0000, 0x0000000103620000)
 tenured generation   total 4778820K, used 4747569K [0x0000000300150000, 0x0000000423c21000, 0x0000000800000000)
   the space 4778820K,  99% used [0x0000000300150000, 0x0000000421d9c658, 0x0000000421d9c800, 0x0000000423c21000)
 Metaspace       used 22692K, capacity 23232K, committed 23424K, reserved 1071104K
  class space    used 2354K, capacity 2568K, committed 2688K, reserved 1048576K
}
Event: 874.261 GC heap after
{Heap after GC invocations=729 (full 24):
 def new generation   total 2150528K, used 126048K [0x0000000080200000, 0x0000000111f70000, 0x0000000300150000)
  eden space 1911616K,   0% used [0x0000000080200000, 0x0000000080200000, 0x00000000f4cd0000)
  from space 238912K,  52% used [0x00000000f4cd0000, 0x00000000fc7e8208, 0x0000000103620000)
  to   space 238912K,   0% used [0x0000000103620000, 0x0000000103620000, 0x0000000111f70000)
 tenured generation   total 4778820K, used 4747569K [0x0000000300150000, 0x0000000423c21000, 0x0000000800000000)
   the space 4778820K,  99% used [0x0000000300150000, 0x0000000421d9c658, 0x0000000421d9c800, 0x0000000423c21000)
 Metaspace       used 22692K, capacity 23232K, committed 23424K, reserved 1071104K
  class space    used 2354K, capacity 2568K, committed 2688K, reserved 1048576K
}
Event: 875.724 GC heap before
{Heap before GC invocations=729 (full 24):
 def new generation   total 2150528K, used 2037664K [0x0000000080200000, 0x0000000111f70000, 0x0000000300150000)
  eden space 1911616K, 100% used [0x0000000080200000, 0x00000000f4cd0000, 0x00000000f4cd0000)
  from space 238912K,  52% used [0x00000000f4cd0000, 0x00000000fc7e8208, 0x0000000103620000)
  to   space 238912K,   0% used [0x0000000103620000, 0x0000000103620000, 0x0000000111f70000)
 tenured generation   total 4778820K, used 4747569K [0x0000000300150000, 0x0000000423c21000, 0x0000000800000000)
   the space 4778820K,  99% used [0x0000000300150000, 0x0000000421d9c658, 0x0000000421d9c800, 0x0000000423c21000)
 Metaspace       used 22692K, capacity 23232K, committed 23424K, reserved 1071104K
  class space    used 2354K, capacity 2568K, committed 2688K, reserved 1048576K
}
Event: 875.855 GC heap after
{Heap after GC invocations=730 (full 24):
 def new generation   total 2150528K, used 224493K [0x0000000080200000, 0x0000000111f70000, 0x0000000300150000)
  eden space 1911616K,   0% used [0x0000000080200000, 0x0000000080200000, 0x00000000f4cd0000)
  from space 238912K,  93% used [0x0000000103620000, 0x000000011115b518, 0x0000000111f70000)
  to   space 238912K,   0% used [0x00000000f4cd0000, 0x00000000f4cd0000, 0x0000000103620000)
 tenured generation   total 4778820K, used 4763112K [0x0000000300150000, 0x0000000423c21000, 0x0000000800000000)
   the space 4778820K,  99% used [0x0000000300150000, 0x0000000422cca148, 0x0000000422cca200, 0x0000000423c21000)
 Metaspace       used 22692K, capacity 23232K, committed 23424K, reserved 1071104K
  class space    used 2354K, capacity 2568K, committed 2688K, reserved 1048576K
}
Event: 877.328 GC heap before
{Heap before GC invocations=730 (full 24):
 def new generation   total 2150528K, used 2136109K [0x0000000080200000, 0x0000000111f70000, 0x0000000300150000)
  eden space 1911616K, 100% used [0x0000000080200000, 0x00000000f4cd0000, 0x00000000f4cd0000)
  from space 238912K,  93% used [0x0000000103620000, 0x000000011115b518, 0x0000000111f70000)
  to   space 238912K,   0% used [0x00000000f4cd0000, 0x00000000f4cd0000, 0x0000000103620000)
 tenured generation   total 4778820K, used 4763112K [0x0000000300150000, 0x0000000423c21000, 0x0000000800000000)
   the space 4778820K,  99% used [0x0000000300150000, 0x0000000422cca148, 0x0000000422cca200, 0x0000000423c21000)
 Metaspace       used 22692K, capacity 23232K, committed 23424K, reserved 1071104K
  class space    used 2354K, capacity 2568K, committed 2688K, reserved 1048576K
}
Event: 877.407 GC heap after
{Heap after GC invocations=731 (full 24):
 def new generation   total 2150528K, used 54610K [0x0000000080200000, 0x0000000111f70000, 0x0000000300150000)
  eden space 1911616K,   0% used [0x0000000080200000, 0x0000000080200000, 0x00000000f4cd0000)
  from space 238912K,  22% used [0x00000000f4cd0000, 0x00000000f8224af8, 0x0000000103620000)
  to   space 238912K,   0% used [0x0000000103620000, 0x0000000103620000, 0x0000000111f70000)
 tenured generation   total 4795208K, used 4792953K [0x0000000300150000, 0x0000000424c22000, 0x0000000800000000)
   the space 4795208K,  99% used [0x0000000300150000, 0x00000004249ee660, 0x00000004249ee800, 0x0000000424c22000)
 Metaspace       used 22692K, capacity 23232K, committed 23424K, reserved 1071104K
  class space    used 2354K, capacity 2568K, committed 2688K, reserved 1048576K
}
Event: 877.407 GC heap before
{Heap before GC invocations=731 (full 24):
 def new generation   total 2150528K, used 54610K [0x0000000080200000, 0x0000000111f70000, 0x0000000300150000)
  eden space 1911616K,   0% used [0x0000000080200000, 0x0000000080200000, 0x00000000f4cd0000)
  from space 238912K,  22% used [0x00000000f4cd0000, 0x00000000f8224af8, 0x0000000103620000)
  to   space 238912K,   0% used [0x0000000103620000, 0x0000000103620000, 0x0000000111f70000)
 tenured generation   total 4795208K, used 4792953K [0x0000000300150000, 0x0000000424c22000, 0x0000000800000000)
   the space 4795208K,  99% used [0x0000000300150000, 0x00000004249ee660, 0x00000004249ee800, 0x0000000424c22000)
 Metaspace       used 22692K, capacity 23232K, committed 23424K, reserved 1071104K
  class space    used 2354K, capacity 2568K, committed 2688K, reserved 1048576K
}

