# JRE version: OpenJDK Runtime Environment (13.0.7+5) (build 13.0.7+5-Ubuntu-0ubuntu120.04)
# Java VM: OpenJDK 64-Bit Server VM (13.0.7+5-Ubuntu-0ubuntu120.04, mixed mode, tiered, serial gc, linux-amd64)
Heap:
 def new generation   total 2733184K, used 153616K [0x00007f4794600000, 0x00007f484dbb0000, 0x00007f523f0a0000)
  eden space 2429504K,   6% used [0x00007f4794600000, 0x00007f479dc042c8, 0x00007f4828a90000)
  from space 303680K,   0% used [0x00007f483b320000, 0x00007f483b320000, 0x00007f484dbb0000)
  to   space 303680K,   0% used [0x00007f4828a90000, 0x00007f4828a90000, 0x00007f483b320000)
 tenured generation   total 6090032K, used 6088774K [0x00007f523f0a0000, 0x00007f53b2bec000, 0x00007f6794600000)
   the space 6090032K,  99% used [0x00007f523f0a0000, 0x00007f53b2ab1ae0, 0x00007f53b2ab1c00, 0x00007f53b2bec000)
 Metaspace       used 24258K, capacity 24635K, committed 24832K, reserved 26624K
GC Heap History (20 events):
Event: 1488.891 GC heap after
{Heap after GC invocations=1352 (full 6):
 def new generation   total 2733184K, used 144360K [0x00007f4794600000, 0x00007f484dbb0000, 0x00007f523f0a0000)
  eden space 2429504K,   0% used [0x00007f4794600000, 0x00007f4794600000, 0x00007f4828a90000)
  from space 303680K,  47% used [0x00007f4828a90000, 0x00007f483178a148, 0x00007f483b320000)
  to   space 303680K,   0% used [0x00007f483b320000, 0x00007f483b320000, 0x00007f484dbb0000)
 tenured generation   total 6073644K, used 5943850K [0x00007f523f0a0000, 0x00007f53b1beb000, 0x00007f6794600000)
   the space 6073644K,  97% used [0x00007f523f0a0000, 0x00007f53a9d2aa40, 0x00007f53a9d2ac00, 0x00007f53b1beb000)
 Metaspace       used 24258K, capacity 24635K, committed 24832K, reserved 26624K
}
Event: 1491.653 GC heap before
{Heap before GC invocations=1352 (full 6):
 def new generation   total 2733184K, used 2573864K [0x00007f4794600000, 0x00007f484dbb0000, 0x00007f523f0a0000)
  eden space 2429504K, 100% used [0x00007f4794600000, 0x00007f4828a90000, 0x00007f4828a90000)
  from space 303680K,  47% used [0x00007f4828a90000, 0x00007f483178a148, 0x00007f483b320000)
  to   space 303680K,   0% used [0x00007f483b320000, 0x00007f483b320000, 0x00007f484dbb0000)
 tenured generation   total 6073644K, used 5943850K [0x00007f523f0a0000, 0x00007f53b1beb000, 0x00007f6794600000)
   the space 6073644K,  97% used [0x00007f523f0a0000, 0x00007f53a9d2aa40, 0x00007f53a9d2ac00, 0x00007f53b1beb000)
 Metaspace       used 24258K, capacity 24635K, committed 24832K, reserved 26624K
}
Event: 1491.766 GC heap after
{Heap after GC invocations=1353 (full 6):
 def new generation   total 2733184K, used 178277K [0x00007f4794600000, 0x00007f484dbb0000, 0x00007f523f0a0000)
  eden space 2429504K,   0% used [0x00007f4794600000, 0x00007f4794600000, 0x00007f4828a90000)
  from space 303680K,  58% used [0x00007f483b320000, 0x00007f4846139720, 0x00007f484dbb0000)
  to   space 303680K,   0% used [0x00007f4828a90000, 0x00007f4828a90000, 0x00007f483b320000)
 tenured generation   total 6073644K, used 5943850K [0x00007f523f0a0000, 0x00007f53b1beb000, 0x00007f6794600000)
   the space 6073644K,  97% used [0x00007f523f0a0000, 0x00007f53a9d2aa40, 0x00007f53a9d2ac00, 0x00007f53b1beb000)
 Metaspace       used 24258K, capacity 24635K, committed 24832K, reserved 26624K
}
Event: 1494.431 GC heap before
{Heap before GC invocations=1353 (full 6):
 def new generation   total 2733184K, used 2607781K [0x00007f4794600000, 0x00007f484dbb0000, 0x00007f523f0a0000)
  eden space 2429504K, 100% used [0x00007f4794600000, 0x00007f4828a90000, 0x00007f4828a90000)
  from space 303680K,  58% used [0x00007f483b320000, 0x00007f4846139720, 0x00007f484dbb0000)
  to   space 303680K,   0% used [0x00007f4828a90000, 0x00007f4828a90000, 0x00007f483b320000)
 tenured generation   total 6073644K, used 5943850K [0x00007f523f0a0000, 0x00007f53b1beb000, 0x00007f6794600000)
   the space 6073644K,  97% used [0x00007f523f0a0000, 0x00007f53a9d2aa40, 0x00007f53a9d2ac00, 0x00007f53b1beb000)
 Metaspace       used 24258K, capacity 24635K, committed 24832K, reserved 26624K
}
Event: 1494.575 GC heap after
{Heap after GC invocations=1354 (full 6):
 def new generation   total 2733184K, used 145905K [0x00007f4794600000, 0x00007f484dbb0000, 0x00007f523f0a0000)
  eden space 2429504K,   0% used [0x00007f4794600000, 0x00007f4794600000, 0x00007f4828a90000)
  from space 303680K,  48% used [0x00007f4828a90000, 0x00007f483190c5d8, 0x00007f483b320000)
  to   space 303680K,   0% used [0x00007f483b320000, 0x00007f483b320000, 0x00007f484dbb0000)
 tenured generation   total 6073644K, used 5977767K [0x00007f523f0a0000, 0x00007f53b1beb000, 0x00007f6794600000)
   the space 6073644K,  98% used [0x00007f523f0a0000, 0x00007f53abe49dd0, 0x00007f53abe49e00, 0x00007f53b1beb000)
 Metaspace       used 24258K, capacity 24635K, committed 24832K, reserved 26624K
}
Event: 1497.372 GC heap before
{Heap before GC invocations=1354 (full 6):
 def new generation   total 2733184K, used 2575409K [0x00007f4794600000, 0x00007f484dbb0000, 0x00007f523f0a0000)
  eden space 2429504K, 100% used [0x00007f4794600000, 0x00007f4828a90000, 0x00007f4828a90000)
  from space 303680K,  48% used [0x00007f4828a90000, 0x00007f483190c5d8, 0x00007f483b320000)
  to   space 303680K,   0% used [0x00007f483b320000, 0x00007f483b320000, 0x00007f484dbb0000)
 tenured generation   total 6073644K, used 5977767K [0x00007f523f0a0000, 0x00007f53b1beb000, 0x00007f6794600000)
   the space 6073644K,  98% used [0x00007f523f0a0000, 0x00007f53abe49dd0, 0x00007f53abe49e00, 0x00007f53b1beb000)
 Metaspace       used 24258K, capacity 24635K, committed 24832K, reserved 26624K
}
Event: 1497.482 GC heap after
{Heap after GC invocations=1355 (full 6):
 def new generation   total 2733184K, used 161845K [0x00007f4794600000, 0x00007f484dbb0000, 0x00007f523f0a0000)
  eden space 2429504K,   0% used [0x00007f4794600000, 0x00007f4794600000, 0x00007f4828a90000)
  from space 303680K,  53% used [0x00007f483b320000, 0x00007f484512d6c8, 0x00007f484dbb0000)
  to   space 303680K,   0% used [0x00007f4828a90000, 0x00007f4828a90000, 0x00007f483b320000)
 tenured generation   total 6073644K, used 5977767K [0x00007f523f0a0000, 0x00007f53b1beb000, 0x00007f6794600000)
   the space 6073644K,  98% used [0x00007f523f0a0000, 0x00007f53abe49dd0, 0x00007f53abe49e00, 0x00007f53b1beb000)
 Metaspace       used 24258K, capacity 24635K, committed 24832K, reserved 26624K
}
Event: 1500.199 GC heap before
{Heap before GC invocations=1355 (full 6):
 def new generation   total 2733184K, used 2591349K [0x00007f4794600000, 0x00007f484dbb0000, 0x00007f523f0a0000)
  eden space 2429504K, 100% used [0x00007f4794600000, 0x00007f4828a90000, 0x00007f4828a90000)
  from space 303680K,  53% used [0x00007f483b320000, 0x00007f484512d6c8, 0x00007f484dbb0000)
  to   space 303680K,   0% used [0x00007f4828a90000, 0x00007f4828a90000, 0x00007f483b320000)
 tenured generation   total 6073644K, used 5977767K [0x00007f523f0a0000, 0x00007f53b1beb000, 0x00007f6794600000)
   the space 6073644K,  98% used [0x00007f523f0a0000, 0x00007f53abe49dd0, 0x00007f53abe49e00, 0x00007f53b1beb000)
 Metaspace       used 24258K, capacity 24635K, committed 24832K, reserved 26624K
}
Event: 1500.335 GC heap after
{Heap after GC invocations=1356 (full 6):
 def new generation   total 2733184K, used 178790K [0x00007f4794600000, 0x00007f484dbb0000, 0x00007f523f0a0000)
  eden space 2429504K,   0% used [0x00007f4794600000, 0x00007f4794600000, 0x00007f4828a90000)
  from space 303680K,  58% used [0x00007f4828a90000, 0x00007f4833929880, 0x00007f483b320000)
  to   space 303680K,   0% used [0x00007f483b320000, 0x00007f483b320000, 0x00007f484dbb0000)
 tenured generation   total 6073644K, used 5994725K [0x00007f523f0a0000, 0x00007f53b1beb000, 0x00007f6794600000)
   the space 6073644K,  98% used [0x00007f523f0a0000, 0x00007f53aced9798, 0x00007f53aced9800, 0x00007f53b1beb000)
 Metaspace       used 24258K, capacity 24635K, committed 24832K, reserved 26624K
}
Event: 1503.127 GC heap before
{Heap before GC invocations=1356 (full 6):
 def new generation   total 2733184K, used 2608294K [0x00007f4794600000, 0x00007f484dbb0000, 0x00007f523f0a0000)
  eden space 2429504K, 100% used [0x00007f4794600000, 0x00007f4828a90000, 0x00007f4828a90000)
  from space 303680K,  58% used [0x00007f4828a90000, 0x00007f4833929880, 0x00007f483b320000)
  to   space 303680K,   0% used [0x00007f483b320000, 0x00007f483b320000, 0x00007f484dbb0000)
 tenured generation   total 6073644K, used 5994725K [0x00007f523f0a0000, 0x00007f53b1beb000, 0x00007f6794600000)
   the space 6073644K,  98% used [0x00007f523f0a0000, 0x00007f53aced9798, 0x00007f53aced9800, 0x00007f53b1beb000)
 Metaspace       used 24258K, capacity 24635K, committed 24832K, reserved 26624K
}
Event: 1503.273 GC heap after
{Heap after GC invocations=1357 (full 6):
 def new generation   total 2733184K, used 147441K [0x00007f4794600000, 0x00007f484dbb0000, 0x00007f523f0a0000)
  eden space 2429504K,   0% used [0x00007f4794600000, 0x00007f4794600000, 0x00007f4828a90000)
  from space 303680K,  48% used [0x00007f483b320000, 0x00007f484431c468, 0x00007f484dbb0000)
  to   space 303680K,   0% used [0x00007f4828a90000, 0x00007f4828a90000, 0x00007f483b320000)
 tenured generation   total 6073644K, used 6028642K [0x00007f523f0a0000, 0x00007f53b1beb000, 0x00007f6794600000)
   the space 6073644K,  99% used [0x00007f523f0a0000, 0x00007f53aeff8b28, 0x00007f53aeff8c00, 0x00007f53b1beb000)
 Metaspace       used 24258K, capacity 24635K, committed 24832K, reserved 26624K
}
Event: 1505.859 GC heap before
{Heap before GC invocations=1357 (full 6):
 def new generation   total 2733184K, used 2576945K [0x00007f4794600000, 0x00007f484dbb0000, 0x00007f523f0a0000)
  eden space 2429504K, 100% used [0x00007f4794600000, 0x00007f4828a90000, 0x00007f4828a90000)
  from space 303680K,  48% used [0x00007f483b320000, 0x00007f484431c468, 0x00007f484dbb0000)
  to   space 303680K,   0% used [0x00007f4828a90000, 0x00007f4828a90000, 0x00007f483b320000)
 tenured generation   total 6073644K, used 6028642K [0x00007f523f0a0000, 0x00007f53b1beb000, 0x00007f6794600000)
   the space 6073644K,  99% used [0x00007f523f0a0000, 0x00007f53aeff8b28, 0x00007f53aeff8c00, 0x00007f53b1beb000)
 Metaspace       used 24258K, capacity 24635K, committed 24832K, reserved 26624K
}
Event: 1505.988 GC heap after
{Heap after GC invocations=1358 (full 6):
 def new generation   total 2733184K, used 179302K [0x00007f4794600000, 0x00007f484dbb0000, 0x00007f523f0a0000)
  eden space 2429504K,   0% used [0x00007f4794600000, 0x00007f4794600000, 0x00007f4828a90000)
  from space 303680K,  59% used [0x00007f4828a90000, 0x00007f48339a99e0, 0x00007f483b320000)
  to   space 303680K,   0% used [0x00007f483b320000, 0x00007f483b320000, 0x00007f484dbb0000)
 tenured generation   total 6073644K, used 6028642K [0x00007f523f0a0000, 0x00007f53b1beb000, 0x00007f6794600000)
   the space 6073644K,  99% used [0x00007f523f0a0000, 0x00007f53aeff8b28, 0x00007f53aeff8c00, 0x00007f53b1beb000)
 Metaspace       used 24258K, capacity 24635K, committed 24832K, reserved 26624K
}
Event: 1508.743 GC heap before
{Heap before GC invocations=1358 (full 6):
 def new generation   total 2733184K, used 2608806K [0x00007f4794600000, 0x00007f484dbb0000, 0x00007f523f0a0000)
  eden space 2429504K, 100% used [0x00007f4794600000, 0x00007f4828a90000, 0x00007f4828a90000)
  from space 303680K,  59% used [0x00007f4828a90000, 0x00007f48339a99e0, 0x00007f483b320000)
  to   space 303680K,   0% used [0x00007f483b320000, 0x00007f483b320000, 0x00007f484dbb0000)
 tenured generation   total 6073644K, used 6028642K [0x00007f523f0a0000, 0x00007f53b1beb000, 0x00007f6794600000)
   the space 6073644K,  99% used [0x00007f523f0a0000, 0x00007f53aeff8b28, 0x00007f53aeff8c00, 0x00007f53b1beb000)
 Metaspace       used 24258K, capacity 24635K, committed 24832K, reserved 26624K
}
Event: 1508.916 GC heap after
{Heap after GC invocations=1359 (full 6):
 def new generation   total 2733184K, used 146409K [0x00007f4794600000, 0x00007f484dbb0000, 0x00007f523f0a0000)
  eden space 2429504K,   0% used [0x00007f4794600000, 0x00007f4794600000, 0x00007f4828a90000)
  from space 303680K,  48% used [0x00007f483b320000, 0x00007f484421a5a8, 0x00007f484dbb0000)
  to   space 303680K,   0% used [0x00007f4828a90000, 0x00007f4828a90000, 0x00007f483b320000)
 tenured generation   total 6073644K, used 6062559K [0x00007f523f0a0000, 0x00007f53b1beb000, 0x00007f6794600000)
   the space 6073644K,  99% used [0x00007f523f0a0000, 0x00007f53b1117eb8, 0x00007f53b1118000, 0x00007f53b1beb000)
 Metaspace       used 24258K, capacity 24635K, committed 24832K, reserved 26624K
}
Event: 1511.619 GC heap before
{Heap before GC invocations=1359 (full 6):
 def new generation   total 2733184K, used 2575913K [0x00007f4794600000, 0x00007f484dbb0000, 0x00007f523f0a0000)
  eden space 2429504K, 100% used [0x00007f4794600000, 0x00007f4828a90000, 0x00007f4828a90000)
  from space 303680K,  48% used [0x00007f483b320000, 0x00007f484421a5a8, 0x00007f484dbb0000)
  to   space 303680K,   0% used [0x00007f4828a90000, 0x00007f4828a90000, 0x00007f483b320000)
 tenured generation   total 6073644K, used 6062559K [0x00007f523f0a0000, 0x00007f53b1beb000, 0x00007f6794600000)
   the space 6073644K,  99% used [0x00007f523f0a0000, 0x00007f53b1117eb8, 0x00007f53b1118000, 0x00007f53b1beb000)
 Metaspace       used 24258K, capacity 24635K, committed 24832K, reserved 26624K
}
Event: 1511.716 GC heap after
{Heap after GC invocations=1360 (full 6):
 def new generation   total 2733184K, used 162874K [0x00007f4794600000, 0x00007f484dbb0000, 0x00007f523f0a0000)
  eden space 2429504K,   0% used [0x00007f4794600000, 0x00007f4794600000, 0x00007f4828a90000)
  from space 303680K,  53% used [0x00007f4828a90000, 0x00007f483299e940, 0x00007f483b320000)
  to   space 303680K,   0% used [0x00007f483b320000, 0x00007f483b320000, 0x00007f484dbb0000)
 tenured generation   total 6073644K, used 6062559K [0x00007f523f0a0000, 0x00007f53b1beb000, 0x00007f6794600000)
   the space 6073644K,  99% used [0x00007f523f0a0000, 0x00007f53b1117eb8, 0x00007f53b1118000, 0x00007f53b1beb000)
 Metaspace       used 24258K, capacity 24635K, committed 24832K, reserved 26624K
}
Event: 1514.358 GC heap before
{Heap before GC invocations=1360 (full 6):
 def new generation   total 2733184K, used 2592378K [0x00007f4794600000, 0x00007f484dbb0000, 0x00007f523f0a0000)
  eden space 2429504K, 100% used [0x00007f4794600000, 0x00007f4828a90000, 0x00007f4828a90000)
  from space 303680K,  53% used [0x00007f4828a90000, 0x00007f483299e940, 0x00007f483b320000)
  to   space 303680K,   0% used [0x00007f483b320000, 0x00007f483b320000, 0x00007f484dbb0000)
 tenured generation   total 6073644K, used 6062559K [0x00007f523f0a0000, 0x00007f53b1beb000, 0x00007f6794600000)
   the space 6073644K,  99% used [0x00007f523f0a0000, 0x00007f53b1117eb8, 0x00007f53b1118000, 0x00007f53b1beb000)
 Metaspace       used 24258K, capacity 24635K, committed 24832K, reserved 26624K
}
Event: 1514.484 GC heap after
{Heap after GC invocations=1361 (full 6):
 def new generation   total 2733184K, used 162873K [0x00007f4794600000, 0x00007f484dbb0000, 0x00007f523f0a0000)
  eden space 2429504K,   0% used [0x00007f4794600000, 0x00007f4794600000, 0x00007f4828a90000)
  from space 303680K,  53% used [0x00007f483b320000, 0x00007f484522e528, 0x00007f484dbb0000)
  to   space 303680K,   0% used [0x00007f4828a90000, 0x00007f4828a90000, 0x00007f483b320000)
 tenured generation   total 6090032K, used 6079518K [0x00007f523f0a0000, 0x00007f53b2bec000, 0x00007f6794600000)
   the space 6090032K,  99% used [0x00007f523f0a0000, 0x00007f53b21a7880, 0x00007f53b21a7a00, 0x00007f53b2bec000)
 Metaspace       used 24258K, capacity 24635K, committed 24832K, reserved 26624K
}
Event: 1514.484 GC heap before
{Heap before GC invocations=1361 (full 6):
 def new generation   total 2733184K, used 162873K [0x00007f4794600000, 0x00007f484dbb0000, 0x00007f523f0a0000)
  eden space 2429504K,   0% used [0x00007f4794600000, 0x00007f4794600000, 0x00007f4828a90000)
  from space 303680K,  53% used [0x00007f483b320000, 0x00007f484522e528, 0x00007f484dbb0000)
  to   space 303680K,   0% used [0x00007f4828a90000, 0x00007f4828a90000, 0x00007f483b320000)
 tenured generation   total 6090032K, used 6079518K [0x00007f523f0a0000, 0x00007f53b2bec000, 0x00007f6794600000)
   the space 6090032K,  99% used [0x00007f523f0a0000, 0x00007f53b21a7880, 0x00007f53b21a7a00, 0x00007f53b2bec000)
 Metaspace       used 24258K, capacity 24635K, committed 24832K, reserved 26624K
}

