# JRE version: OpenJDK Runtime Environment (13.0.7+5) (build 13.0.7+5-Ubuntu-0ubuntu120.04)
# Java VM: OpenJDK 64-Bit Server VM (13.0.7+5-Ubuntu-0ubuntu120.04, mixed mode, tiered, serial gc, linux-amd64)
Heap:
 def new generation   total 1572992K, used 0K [0x00007f6e18600000, 0x00007f6e830c0000, 0x00007f736db50000)
  eden space 1398272K,   0% used [0x00007f6e18600000, 0x00007f6e18600000, 0x00007f6e6db80000)
  from space 174720K,   0% used [0x00007f6e78620000, 0x00007f6e78620000, 0x00007f6e830c0000)
  to   space 174720K,   0% used [0x00007f6e6db80000, 0x00007f6e6db80000, 0x00007f6e78620000)
 tenured generation   total 16078216K, used 12592399K [0x00007f736db50000, 0x00007f77430b2000, 0x00007f7e18600000)
   the space 16078216K,  78% used [0x00007f736db50000, 0x00007f766e493ca8, 0x00007f766e493e00, 0x00007f77430b2000)
 Metaspace       used 23336K, capacity 23686K, committed 23808K, reserved 24576K
GC Heap History (20 events):
Event: 4.215 GC heap after
{Heap after GC invocations=3 (full 1):
 def new generation   total 629248K, used 861K [0x00007f6e18600000, 0x00007f6e430c0000, 0x00007f736db50000)
  eden space 559360K,   0% used [0x00007f6e18600000, 0x00007f6e18600000, 0x00007f6e3a840000)
  from space 69888K,   1% used [0x00007f6e3a840000, 0x00007f6e3a917410, 0x00007f6e3ec80000)
  to   space 69888K,   0% used [0x00007f6e3ec80000, 0x00007f6e3ec80000, 0x00007f6e430c0000)
 tenured generation   total 1398144K, used 13603K [0x00007f736db50000, 0x00007f73c30b0000, 0x00007f7e18600000)
   the space 1398144K,   0% used [0x00007f736db50000, 0x00007f736e898cf0, 0x00007f736e898e00, 0x00007f73c30b0000)
 Metaspace       used 23112K, capacity 23471K, committed 23552K, reserved 24576K
}
Event: 4.809 GC heap before
{Heap before GC invocations=3 (full 1):
 def new generation   total 629248K, used 560221K [0x00007f6e18600000, 0x00007f6e430c0000, 0x00007f736db50000)
  eden space 559360K, 100% used [0x00007f6e18600000, 0x00007f6e3a840000, 0x00007f6e3a840000)
  from space 69888K,   1% used [0x00007f6e3a840000, 0x00007f6e3a917410, 0x00007f6e3ec80000)
  to   space 69888K,   0% used [0x00007f6e3ec80000, 0x00007f6e3ec80000, 0x00007f6e430c0000)
 tenured generation   total 1398144K, used 13603K [0x00007f736db50000, 0x00007f73c30b0000, 0x00007f7e18600000)
   the space 1398144K,   0% used [0x00007f736db50000, 0x00007f736e898cf0, 0x00007f736e898e00, 0x00007f73c30b0000)
 Metaspace       used 23120K, capacity 23472K, committed 23552K, reserved 24576K
}
Event: 4.812 GC heap after
{Heap after GC invocations=4 (full 1):
 def new generation   total 629248K, used 1080K [0x00007f6e18600000, 0x00007f6e430c0000, 0x00007f736db50000)
  eden space 559360K,   0% used [0x00007f6e18600000, 0x00007f6e18600000, 0x00007f6e3a840000)
  from space 69888K,   1% used [0x00007f6e3ec80000, 0x00007f6e3ed8e2a8, 0x00007f6e430c0000)
  to   space 69888K,   0% used [0x00007f6e3a840000, 0x00007f6e3a840000, 0x00007f6e3ec80000)
 tenured generation   total 1398144K, used 13603K [0x00007f736db50000, 0x00007f73c30b0000, 0x00007f7e18600000)
   the space 1398144K,   0% used [0x00007f736db50000, 0x00007f736e898cf0, 0x00007f736e898e00, 0x00007f73c30b0000)
 Metaspace       used 23120K, capacity 23472K, committed 23552K, reserved 24576K
}
Event: 5.398 GC heap before
{Heap before GC invocations=4 (full 1):
 def new generation   total 629248K, used 435029K [0x00007f6e18600000, 0x00007f6e430c0000, 0x00007f736db50000)
  eden space 559360K,  77% used [0x00007f6e18600000, 0x00007f6e32dc7328, 0x00007f6e3a840000)
  from space 69888K,   1% used [0x00007f6e3ec80000, 0x00007f6e3ed8e2a8, 0x00007f6e430c0000)
  to   space 69888K,   0% used [0x00007f6e3a840000, 0x00007f6e3a840000, 0x00007f6e3ec80000)
 tenured generation   total 1398144K, used 13603K [0x00007f736db50000, 0x00007f73c30b0000, 0x00007f7e18600000)
   the space 1398144K,   0% used [0x00007f736db50000, 0x00007f736e898cf0, 0x00007f736e898e00, 0x00007f73c30b0000)
 Metaspace       used 23284K, capacity 23678K, committed 23808K, reserved 24576K
}
Event: 5.402 GC heap after
{Heap after GC invocations=5 (full 1):
 def new generation   total 629248K, used 2449K [0x00007f6e18600000, 0x00007f6e430c0000, 0x00007f736db50000)
  eden space 559360K,   0% used [0x00007f6e18600000, 0x00007f6e18600000, 0x00007f6e3a840000)
  from space 69888K,   3% used [0x00007f6e3a840000, 0x00007f6e3aaa4478, 0x00007f6e3ec80000)
  to   space 69888K,   0% used [0x00007f6e3ec80000, 0x00007f6e3ec80000, 0x00007f6e430c0000)
 tenured generation   total 1398144K, used 13603K [0x00007f736db50000, 0x00007f73c30b0000, 0x00007f7e18600000)
   the space 1398144K,   0% used [0x00007f736db50000, 0x00007f736e898cf0, 0x00007f736e898e00, 0x00007f73c30b0000)
 Metaspace       used 23284K, capacity 23678K, committed 23808K, reserved 24576K
}
Event: 6.220 GC heap before
{Heap before GC invocations=5 (full 1):
 def new generation   total 629248K, used 537719K [0x00007f6e18600000, 0x00007f6e430c0000, 0x00007f736db50000)
  eden space 559360K,  95% used [0x00007f6e18600000, 0x00007f6e390b9818, 0x00007f6e3a840000)
  from space 69888K,   3% used [0x00007f6e3a840000, 0x00007f6e3aaa4478, 0x00007f6e3ec80000)
  to   space 69888K,   0% used [0x00007f6e3ec80000, 0x00007f6e3ec80000, 0x00007f6e430c0000)
 tenured generation   total 1398144K, used 13603K [0x00007f736db50000, 0x00007f73c30b0000, 0x00007f7e18600000)
   the space 1398144K,   0% used [0x00007f736db50000, 0x00007f736e898cf0, 0x00007f736e898e00, 0x00007f73c30b0000)
 Metaspace       used 23287K, capacity 23678K, committed 23808K, reserved 24576K
}
Event: 6.850 GC heap after
{Heap after GC invocations=6 (full 1):
 def new generation   total 629248K, used 1905K [0x00007f6e18600000, 0x00007f6e430c0000, 0x00007f736db50000)
  eden space 559360K,   0% used [0x00007f6e18600000, 0x00007f6e18600000, 0x00007f6e3a840000)
  from space 69888K,   2% used [0x00007f6e3ec80000, 0x00007f6e3ee5c5f8, 0x00007f6e430c0000)
  to   space 69888K,   0% used [0x00007f6e3a840000, 0x00007f6e3a840000, 0x00007f6e3ec80000)
 tenured generation   total 1398144K, used 537891K [0x00007f736db50000, 0x00007f73c30b0000, 0x00007f7e18600000)
   the space 1398144K,  38% used [0x00007f736db50000, 0x00007f738e898d08, 0x00007f738e898e00, 0x00007f73c30b0000)
 Metaspace       used 23287K, capacity 23678K, committed 23808K, reserved 24576K
}
Event: 7.498 GC heap before
{Heap before GC invocations=6 (full 1):
 def new generation   total 629248K, used 537191K [0x00007f6e18600000, 0x00007f6e430c0000, 0x00007f736db50000)
  eden space 559360K,  95% used [0x00007f6e18600000, 0x00007f6e390bd928, 0x00007f6e3a840000)
  from space 69888K,   2% used [0x00007f6e3ec80000, 0x00007f6e3ee5c5f8, 0x00007f6e430c0000)
  to   space 69888K,   0% used [0x00007f6e3a840000, 0x00007f6e3a840000, 0x00007f6e3ec80000)
 tenured generation   total 1398144K, used 537891K [0x00007f736db50000, 0x00007f73c30b0000, 0x00007f7e18600000)
   the space 1398144K,  38% used [0x00007f736db50000, 0x00007f738e898d08, 0x00007f738e898e00, 0x00007f73c30b0000)
 Metaspace       used 23287K, capacity 23678K, committed 23808K, reserved 24576K
}
Event: 7.504 GC heap after
{Heap after GC invocations=7 (full 1):
 def new generation   total 629248K, used 1393K [0x00007f6e18600000, 0x00007f6e430c0000, 0x00007f736db50000)
  eden space 559360K,   0% used [0x00007f6e18600000, 0x00007f6e18600000, 0x00007f6e3a840000)
  from space 69888K,   1% used [0x00007f6e3a840000, 0x00007f6e3a99c7a8, 0x00007f6e3ec80000)
  to   space 69888K,   0% used [0x00007f6e3ec80000, 0x00007f6e3ec80000, 0x00007f6e430c0000)
 tenured generation   total 1398144K, used 537891K [0x00007f736db50000, 0x00007f73c30b0000, 0x00007f7e18600000)
   the space 1398144K,  38% used [0x00007f736db50000, 0x00007f738e898d08, 0x00007f738e898e00, 0x00007f73c30b0000)
 Metaspace       used 23287K, capacity 23678K, committed 23808K, reserved 24576K
}
Event: 7.504 GC heap before
{Heap before GC invocations=7 (full 1):
 def new generation   total 629248K, used 1393K [0x00007f6e18600000, 0x00007f6e430c0000, 0x00007f736db50000)
  eden space 559360K,   0% used [0x00007f6e18600000, 0x00007f6e18600000, 0x00007f6e3a840000)
  from space 69888K,   1% used [0x00007f6e3a840000, 0x00007f6e3a99c7a8, 0x00007f6e3ec80000)
  to   space 69888K,   0% used [0x00007f6e3ec80000, 0x00007f6e3ec80000, 0x00007f6e430c0000)
 tenured generation   total 1398144K, used 537891K [0x00007f736db50000, 0x00007f73c30b0000, 0x00007f7e18600000)
   the space 1398144K,  38% used [0x00007f736db50000, 0x00007f738e898d08, 0x00007f738e898e00, 0x00007f73c30b0000)
 Metaspace       used 23287K, capacity 23678K, committed 23808K, reserved 24576K
}
Event: 7.547 GC heap after
{Heap after GC invocations=7 (full 2):
 def new generation   total 629248K, used 0K [0x00007f6e18600000, 0x00007f6e430c0000, 0x00007f736db50000)
  eden space 559360K,   0% used [0x00007f6e18600000, 0x00007f6e18600000, 0x00007f6e3a840000)
  from space 69888K,   0% used [0x00007f6e3a840000, 0x00007f6e3a840000, 0x00007f6e3ec80000)
  to   space 69888K,   0% used [0x00007f6e3ec80000, 0x00007f6e3ec80000, 0x00007f6e430c0000)
 tenured generation   total 1398144K, used 14996K [0x00007f736db50000, 0x00007f73c30b0000, 0x00007f7e18600000)
   the space 1398144K,   1% used [0x00007f736db50000, 0x00007f736e9f5150, 0x00007f736e9f5200, 0x00007f73c30b0000)
 Metaspace       used 23287K, capacity 23678K, committed 23808K, reserved 24576K
}
Event: 10.325 GC heap before
{Heap before GC invocations=7 (full 2):
 def new generation   total 629248K, used 559360K [0x00007f6e18600000, 0x00007f6e430c0000, 0x00007f736db50000)
  eden space 559360K, 100% used [0x00007f6e18600000, 0x00007f6e3a840000, 0x00007f6e3a840000)
  from space 69888K,   0% used [0x00007f6e3a840000, 0x00007f6e3a840000, 0x00007f6e3ec80000)
  to   space 69888K,   0% used [0x00007f6e3ec80000, 0x00007f6e3ec80000, 0x00007f6e430c0000)
 tenured generation   total 3495300K, used 2112148K [0x00007f736db50000, 0x00007f74430b1000, 0x00007f7e18600000)
   the space 3495300K,  60% used [0x00007f736db50000, 0x00007f73ee9f5168, 0x00007f73ee9f5200, 0x00007f74430b1000)
 Metaspace       used 23326K, capacity 23684K, committed 23808K, reserved 24576K
}
Event: 10.332 GC heap after
{Heap after GC invocations=8 (full 2):
 def new generation   total 629248K, used 436K [0x00007f6e18600000, 0x00007f6e430c0000, 0x00007f736db50000)
  eden space 559360K,   0% used [0x00007f6e18600000, 0x00007f6e18600000, 0x00007f6e3a840000)
  from space 69888K,   0% used [0x00007f6e3ec80000, 0x00007f6e3eced1c8, 0x00007f6e430c0000)
  to   space 69888K,   0% used [0x00007f6e3a840000, 0x00007f6e3a840000, 0x00007f6e3ec80000)
 tenured generation   total 3495300K, used 2112148K [0x00007f736db50000, 0x00007f74430b1000, 0x00007f7e18600000)
   the space 3495300K,  60% used [0x00007f736db50000, 0x00007f73ee9f5168, 0x00007f73ee9f5200, 0x00007f74430b1000)
 Metaspace       used 23326K, capacity 23684K, committed 23808K, reserved 24576K
}
Event: 10.760 GC heap before
{Heap before GC invocations=8 (full 2):
 def new generation   total 629248K, used 206350K [0x00007f6e18600000, 0x00007f6e430c0000, 0x00007f736db50000)
  eden space 559360K,  36% used [0x00007f6e18600000, 0x00007f6e24f16998, 0x00007f6e3a840000)
  from space 69888K,   0% used [0x00007f6e3ec80000, 0x00007f6e3eced1c8, 0x00007f6e430c0000)
  to   space 69888K,   0% used [0x00007f6e3a840000, 0x00007f6e3a840000, 0x00007f6e3ec80000)
 tenured generation   total 3495300K, used 2112148K [0x00007f736db50000, 0x00007f74430b1000, 0x00007f7e18600000)
   the space 3495300K,  60% used [0x00007f736db50000, 0x00007f73ee9f5168, 0x00007f73ee9f5200, 0x00007f74430b1000)
 Metaspace       used 23336K, capacity 23686K, committed 23808K, reserved 24576K
}
Event: 10.783 GC heap after
{Heap after GC invocations=9 (full 2):
 def new generation   total 629248K, used 17149K [0x00007f6e18600000, 0x00007f6e430c0000, 0x00007f736db50000)
  eden space 559360K,   0% used [0x00007f6e18600000, 0x00007f6e18600000, 0x00007f6e3a840000)
  from space 69888K,  24% used [0x00007f6e3a840000, 0x00007f6e3b8ff4f8, 0x00007f6e3ec80000)
  to   space 69888K,   0% used [0x00007f6e3ec80000, 0x00007f6e3ec80000, 0x00007f6e430c0000)
 tenured generation   total 3495300K, used 2112148K [0x00007f736db50000, 0x00007f74430b1000, 0x00007f7e18600000)
   the space 3495300K,  60% used [0x00007f736db50000, 0x00007f73ee9f5168, 0x00007f73ee9f5200, 0x00007f74430b1000)
 Metaspace       used 23336K, capacity 23686K, committed 23808K, reserved 24576K
}
Event: 10.783 GC heap before
{Heap before GC invocations=9 (full 2):
 def new generation   total 629248K, used 17149K [0x00007f6e18600000, 0x00007f6e430c0000, 0x00007f736db50000)
  eden space 559360K,   0% used [0x00007f6e18600000, 0x00007f6e18600000, 0x00007f6e3a840000)
  from space 69888K,  24% used [0x00007f6e3a840000, 0x00007f6e3b8ff4f8, 0x00007f6e3ec80000)
  to   space 69888K,   0% used [0x00007f6e3ec80000, 0x00007f6e3ec80000, 0x00007f6e430c0000)
 tenured generation   total 3495300K, used 2112148K [0x00007f736db50000, 0x00007f74430b1000, 0x00007f7e18600000)
   the space 3495300K,  60% used [0x00007f736db50000, 0x00007f73ee9f5168, 0x00007f73ee9f5200, 0x00007f74430b1000)
 Metaspace       used 23336K, capacity 23686K, committed 23808K, reserved 24576K
}
Event: 10.840 GC heap after
{Heap after GC invocations=9 (full 3):
 def new generation   total 1572992K, used 0K [0x00007f6e18600000, 0x00007f6e830c0000, 0x00007f736db50000)
  eden space 1398272K,   0% used [0x00007f6e18600000, 0x00007f6e18600000, 0x00007f6e6db80000)
  from space 174720K,   0% used [0x00007f6e6db80000, 0x00007f6e6db80000, 0x00007f6e78620000)
  to   space 174720K,   0% used [0x00007f6e78620000, 0x00007f6e78620000, 0x00007f6e830c0000)
 tenured generation   total 3495300K, used 32145K [0x00007f736db50000, 0x00007f74430b1000, 0x00007f7e18600000)
   the space 3495300K,   0% used [0x00007f736db50000, 0x00007f736fab4648, 0x00007f736fab4800, 0x00007f74430b1000)
 Metaspace       used 23336K, capacity 23686K, committed 23808K, reserved 24576K
}
Event: 42.136 GC heap before
{Heap before GC invocations=9 (full 3):
 def new generation   total 1572992K, used 27675K [0x00007f6e18600000, 0x00007f6e830c0000, 0x00007f736db50000)
  eden space 1398272K,   1% used [0x00007f6e18600000, 0x00007f6e1a106f90, 0x00007f6e6db80000)
  from space 174720K,   0% used [0x00007f6e6db80000, 0x00007f6e6db80000, 0x00007f6e78620000)
  to   space 174720K,   0% used [0x00007f6e78620000, 0x00007f6e78620000, 0x00007f6e830c0000)
 tenured generation   total 16078216K, used 12615057K [0x00007f736db50000, 0x00007f77430b2000, 0x00007f7e18600000)
   the space 16078216K,  78% used [0x00007f736db50000, 0x00007f766fab4660, 0x00007f766fab4800, 0x00007f77430b2000)
 Metaspace       used 23336K, capacity 23686K, committed 23808K, reserved 24576K
}
Event: 42.275 GC heap after
{Heap after GC invocations=10 (full 3):
 def new generation   total 1572992K, used 0K [0x00007f6e18600000, 0x00007f6e830c0000, 0x00007f736db50000)
  eden space 1398272K,   0% used [0x00007f6e18600000, 0x00007f6e18600000, 0x00007f6e6db80000)
  from space 174720K,   0% used [0x00007f6e78620000, 0x00007f6e78620178, 0x00007f6e830c0000)
  to   space 174720K,   0% used [0x00007f6e6db80000, 0x00007f6e6db80000, 0x00007f6e78620000)
 tenured generation   total 16078216K, used 12615057K [0x00007f736db50000, 0x00007f77430b2000, 0x00007f7e18600000)
   the space 16078216K,  78% used [0x00007f736db50000, 0x00007f766fab4660, 0x00007f766fab4800, 0x00007f77430b2000)
 Metaspace       used 23336K, capacity 23686K, committed 23808K, reserved 24576K
}
Event: 42.275 GC heap before
{Heap before GC invocations=10 (full 3):
 def new generation   total 1572992K, used 0K [0x00007f6e18600000, 0x00007f6e830c0000, 0x00007f736db50000)
  eden space 1398272K,   0% used [0x00007f6e18600000, 0x00007f6e18600000, 0x00007f6e6db80000)
  from space 174720K,   0% used [0x00007f6e78620000, 0x00007f6e78620178, 0x00007f6e830c0000)
  to   space 174720K,   0% used [0x00007f6e6db80000, 0x00007f6e6db80000, 0x00007f6e78620000)
 tenured generation   total 16078216K, used 12615057K [0x00007f736db50000, 0x00007f77430b2000, 0x00007f7e18600000)
   the space 16078216K,  78% used [0x00007f736db50000, 0x00007f766fab4660, 0x00007f766fab4800, 0x00007f77430b2000)
 Metaspace       used 23336K, capacity 23686K, committed 23808K, reserved 24576K
}

