# JRE version: OpenJDK Runtime Environment (13.0.7+5) (build 13.0.7+5-Ubuntu-0ubuntu120.04)
# Java VM: OpenJDK 64-Bit Server VM (13.0.7+5-Ubuntu-0ubuntu120.04, mixed mode, tiered, serial gc, linux-amd64)
Heap:
 def new generation   total 13239360K, used 941597K [0x00007f6110600000, 0x00007f64923a0000, 0x00007f6665b50000)
  eden space 11768320K,   8% used [0x00007f6110600000, 0x00007f6149d87768, 0x00007f63dea80000)
  from space 1471040K,   0% used [0x00007f6438710000, 0x00007f6438710000, 0x00007f64923a0000)
  to   space 1471040K,   0% used [0x00007f63dea80000, 0x00007f63dea80000, 0x00007f6438710000)
 tenured generation   total 29999240K, used 29999240K [0x00007f6665b50000, 0x00007f6d8cb72000, 0x00007f7110600000)
   the space 29999240K, 100% used [0x00007f6665b50000, 0x00007f6d8cb72000, 0x00007f6d8cb72000, 0x00007f6d8cb72000)
 Metaspace       used 30500K, capacity 30905K, committed 31232K, reserved 32768K
GC Heap History (20 events):
Event: 1095.547 GC heap after
{Heap after GC invocations=108 (full 8):
 def new generation   total 13239360K, used 1365219K [0x00007f6110600000, 0x00007f64923a0000, 0x00007f6665b50000)
  eden space 11768320K,   0% used [0x00007f6110600000, 0x00007f6110600000, 0x00007f63dea80000)
  from space 1471040K,  92% used [0x00007f63dea80000, 0x00007f6431fb8d30, 0x00007f6438710000)
  to   space 1471040K,   0% used [0x00007f6438710000, 0x00007f6438710000, 0x00007f64923a0000)
 tenured generation   total 29420744K, used 20437183K [0x00007f6665b50000, 0x00007f6d69682000, 0x00007f7110600000)
   the space 29420744K,  69% used [0x00007f6665b50000, 0x00007f6b4517fe08, 0x00007f6b45180000, 0x00007f6d69682000)
 Metaspace       used 30500K, capacity 30905K, committed 31232K, reserved 32768K
}
Event: 1098.937 GC heap before
{Heap before GC invocations=108 (full 8):
 def new generation   total 13239360K, used 13133539K [0x00007f6110600000, 0x00007f64923a0000, 0x00007f6665b50000)
  eden space 11768320K, 100% used [0x00007f6110600000, 0x00007f63dea80000, 0x00007f63dea80000)
  from space 1471040K,  92% used [0x00007f63dea80000, 0x00007f6431fb8d30, 0x00007f6438710000)
  to   space 1471040K,   0% used [0x00007f6438710000, 0x00007f6438710000, 0x00007f64923a0000)
 tenured generation   total 29420744K, used 20437183K [0x00007f6665b50000, 0x00007f6d69682000, 0x00007f7110600000)
   the space 29420744K,  69% used [0x00007f6665b50000, 0x00007f6b4517fe08, 0x00007f6b45180000, 0x00007f6d69682000)
 Metaspace       used 30500K, capacity 30905K, committed 31232K, reserved 32768K
}
Event: 1102.198 GC heap after
{Heap after GC invocations=109 (full 8):
 def new generation   total 13239360K, used 1077851K [0x00007f6110600000, 0x00007f64923a0000, 0x00007f6665b50000)
  eden space 11768320K,   0% used [0x00007f6110600000, 0x00007f6110600000, 0x00007f63dea80000)
  from space 1471040K,  73% used [0x00007f6438710000, 0x00007f647a3a6f60, 0x00007f64923a0000)
  to   space 1471040K,   0% used [0x00007f63dea80000, 0x00007f63dea80000, 0x00007f6438710000)
 tenured generation   total 29420744K, used 21802402K [0x00007f6665b50000, 0x00007f6d69682000, 0x00007f7110600000)
   the space 29420744K,  74% used [0x00007f6665b50000, 0x00007f6b986b8998, 0x00007f6b986b8a00, 0x00007f6d69682000)
 Metaspace       used 30500K, capacity 30905K, committed 31232K, reserved 32768K
}
Event: 1105.491 GC heap before
{Heap before GC invocations=109 (full 8):
 def new generation   total 13239360K, used 12846171K [0x00007f6110600000, 0x00007f64923a0000, 0x00007f6665b50000)
  eden space 11768320K, 100% used [0x00007f6110600000, 0x00007f63dea80000, 0x00007f63dea80000)
  from space 1471040K,  73% used [0x00007f6438710000, 0x00007f647a3a6f60, 0x00007f64923a0000)
  to   space 1471040K,   0% used [0x00007f63dea80000, 0x00007f63dea80000, 0x00007f6438710000)
 tenured generation   total 29420744K, used 21802402K [0x00007f6665b50000, 0x00007f6d69682000, 0x00007f7110600000)
   the space 29420744K,  74% used [0x00007f6665b50000, 0x00007f6b986b8998, 0x00007f6b986b8a00, 0x00007f6d69682000)
 Metaspace       used 30500K, capacity 30905K, committed 31232K, reserved 32768K
}
Event: 1108.288 GC heap after
{Heap after GC invocations=110 (full 8):
 def new generation   total 13239360K, used 930624K [0x00007f6110600000, 0x00007f64923a0000, 0x00007f6665b50000)
  eden space 11768320K,   0% used [0x00007f6110600000, 0x00007f6110600000, 0x00007f63dea80000)
  from space 1471040K,  63% used [0x00007f63dea80000, 0x00007f6417750090, 0x00007f6438710000)
  to   space 1471040K,   0% used [0x00007f6438710000, 0x00007f6438710000, 0x00007f64923a0000)
 tenured generation   total 29420744K, used 22880254K [0x00007f6665b50000, 0x00007f6d69682000, 0x00007f7110600000)
   the space 29420744K,  77% used [0x00007f6665b50000, 0x00007f6bda34f818, 0x00007f6bda34fa00, 0x00007f6d69682000)
 Metaspace       used 30500K, capacity 30905K, committed 31232K, reserved 32768K
}
Event: 1111.635 GC heap before
{Heap before GC invocations=110 (full 8):
 def new generation   total 13239360K, used 12698944K [0x00007f6110600000, 0x00007f64923a0000, 0x00007f6665b50000)
  eden space 11768320K, 100% used [0x00007f6110600000, 0x00007f63dea80000, 0x00007f63dea80000)
  from space 1471040K,  63% used [0x00007f63dea80000, 0x00007f6417750090, 0x00007f6438710000)
  to   space 1471040K,   0% used [0x00007f6438710000, 0x00007f6438710000, 0x00007f64923a0000)
 tenured generation   total 29420744K, used 22880254K [0x00007f6665b50000, 0x00007f6d69682000, 0x00007f7110600000)
   the space 29420744K,  77% used [0x00007f6665b50000, 0x00007f6bda34f818, 0x00007f6bda34fa00, 0x00007f6d69682000)
 Metaspace       used 30500K, capacity 30905K, committed 31232K, reserved 32768K
}
Event: 1114.272 GC heap after
{Heap after GC invocations=111 (full 8):
 def new generation   total 13239360K, used 934054K [0x00007f6110600000, 0x00007f64923a0000, 0x00007f6665b50000)
  eden space 11768320K,   0% used [0x00007f6110600000, 0x00007f6110600000, 0x00007f63dea80000)
  from space 1471040K,  63% used [0x00007f6438710000, 0x00007f6471739960, 0x00007f64923a0000)
  to   space 1471040K,   0% used [0x00007f63dea80000, 0x00007f63dea80000, 0x00007f6438710000)
 tenured generation   total 29420744K, used 23810877K [0x00007f6665b50000, 0x00007f6d69682000, 0x00007f7110600000)
   the space 29420744K,  80% used [0x00007f6665b50000, 0x00007f6c1301f608, 0x00007f6c1301f800, 0x00007f6d69682000)
 Metaspace       used 30500K, capacity 30905K, committed 31232K, reserved 32768K
}
Event: 1117.655 GC heap before
{Heap before GC invocations=111 (full 8):
 def new generation   total 13239360K, used 12702374K [0x00007f6110600000, 0x00007f64923a0000, 0x00007f6665b50000)
  eden space 11768320K, 100% used [0x00007f6110600000, 0x00007f63dea80000, 0x00007f63dea80000)
  from space 1471040K,  63% used [0x00007f6438710000, 0x00007f6471739960, 0x00007f64923a0000)
  to   space 1471040K,   0% used [0x00007f63dea80000, 0x00007f63dea80000, 0x00007f6438710000)
 tenured generation   total 29420744K, used 23810877K [0x00007f6665b50000, 0x00007f6d69682000, 0x00007f7110600000)
   the space 29420744K,  80% used [0x00007f6665b50000, 0x00007f6c1301f608, 0x00007f6c1301f800, 0x00007f6d69682000)
 Metaspace       used 30500K, capacity 30905K, committed 31232K, reserved 32768K
}
Event: 1120.245 GC heap after
{Heap after GC invocations=112 (full 8):
 def new generation   total 13239360K, used 919745K [0x00007f6110600000, 0x00007f64923a0000, 0x00007f6665b50000)
  eden space 11768320K,   0% used [0x00007f6110600000, 0x00007f6110600000, 0x00007f63dea80000)
  from space 1471040K,  62% used [0x00007f63dea80000, 0x00007f6416cb0580, 0x00007f6438710000)
  to   space 1471040K,   0% used [0x00007f6438710000, 0x00007f6438710000, 0x00007f64923a0000)
 tenured generation   total 29420744K, used 24744930K [0x00007f6665b50000, 0x00007f6d69682000, 0x00007f7110600000)
   the space 29420744K,  84% used [0x00007f6665b50000, 0x00007f6c4c048b88, 0x00007f6c4c048c00, 0x00007f6d69682000)
 Metaspace       used 30500K, capacity 30905K, committed 31232K, reserved 32768K
}
Event: 1123.449 GC heap before
{Heap before GC invocations=112 (full 8):
 def new generation   total 13239360K, used 12688065K [0x00007f6110600000, 0x00007f64923a0000, 0x00007f6665b50000)
  eden space 11768320K, 100% used [0x00007f6110600000, 0x00007f63dea80000, 0x00007f63dea80000)
  from space 1471040K,  62% used [0x00007f63dea80000, 0x00007f6416cb0580, 0x00007f6438710000)
  to   space 1471040K,   0% used [0x00007f6438710000, 0x00007f6438710000, 0x00007f64923a0000)
 tenured generation   total 29420744K, used 24744930K [0x00007f6665b50000, 0x00007f6d69682000, 0x00007f7110600000)
   the space 29420744K,  84% used [0x00007f6665b50000, 0x00007f6c4c048b88, 0x00007f6c4c048c00, 0x00007f6d69682000)
 Metaspace       used 30500K, capacity 30905K, committed 31232K, reserved 32768K
}
Event: 1126.016 GC heap after
{Heap after GC invocations=113 (full 8):
 def new generation   total 13239360K, used 928110K [0x00007f6110600000, 0x00007f64923a0000, 0x00007f6665b50000)
  eden space 11768320K,   0% used [0x00007f6110600000, 0x00007f6110600000, 0x00007f63dea80000)
  from space 1471040K,  63% used [0x00007f6438710000, 0x00007f647116b958, 0x00007f64923a0000)
  to   space 1471040K,   0% used [0x00007f63dea80000, 0x00007f63dea80000, 0x00007f6438710000)
 tenured generation   total 29420744K, used 25664675K [0x00007f6665b50000, 0x00007f6d69682000, 0x00007f7110600000)
   the space 29420744K,  87% used [0x00007f6665b50000, 0x00007f6c84278e18, 0x00007f6c84279000, 0x00007f6d69682000)
 Metaspace       used 30500K, capacity 30905K, committed 31232K, reserved 32768K
}
Event: 1129.597 GC heap before
{Heap before GC invocations=113 (full 8):
 def new generation   total 13239360K, used 12696430K [0x00007f6110600000, 0x00007f64923a0000, 0x00007f6665b50000)
  eden space 11768320K, 100% used [0x00007f6110600000, 0x00007f63dea80000, 0x00007f63dea80000)
  from space 1471040K,  63% used [0x00007f6438710000, 0x00007f647116b958, 0x00007f64923a0000)
  to   space 1471040K,   0% used [0x00007f63dea80000, 0x00007f63dea80000, 0x00007f6438710000)
 tenured generation   total 29420744K, used 25664675K [0x00007f6665b50000, 0x00007f6d69682000, 0x00007f7110600000)
   the space 29420744K,  87% used [0x00007f6665b50000, 0x00007f6c84278e18, 0x00007f6c84279000, 0x00007f6d69682000)
 Metaspace       used 30500K, capacity 30905K, committed 31232K, reserved 32768K
}
Event: 1132.766 GC heap after
{Heap after GC invocations=114 (full 8):
 def new generation   total 13239360K, used 1361190K [0x00007f6110600000, 0x00007f64923a0000, 0x00007f6665b50000)
  eden space 11768320K,   0% used [0x00007f6110600000, 0x00007f6110600000, 0x00007f63dea80000)
  from space 1471040K,  92% used [0x00007f63dea80000, 0x00007f6431bc98e8, 0x00007f6438710000)
  to   space 1471040K,   0% used [0x00007f6438710000, 0x00007f6438710000, 0x00007f64923a0000)
 tenured generation   total 29420744K, used 26592785K [0x00007f6665b50000, 0x00007f6d69682000, 0x00007f7110600000)
   the space 29420744K,  90% used [0x00007f6665b50000, 0x00007f6cbccd46b0, 0x00007f6cbccd4800, 0x00007f6d69682000)
 Metaspace       used 30500K, capacity 30905K, committed 31232K, reserved 32768K
}
Event: 1136.192 GC heap before
{Heap before GC invocations=114 (full 8):
 def new generation   total 13239360K, used 13129510K [0x00007f6110600000, 0x00007f64923a0000, 0x00007f6665b50000)
  eden space 11768320K, 100% used [0x00007f6110600000, 0x00007f63dea80000, 0x00007f63dea80000)
  from space 1471040K,  92% used [0x00007f63dea80000, 0x00007f6431bc98e8, 0x00007f6438710000)
  to   space 1471040K,   0% used [0x00007f6438710000, 0x00007f6438710000, 0x00007f64923a0000)
 tenured generation   total 29420744K, used 26592785K [0x00007f6665b50000, 0x00007f6d69682000, 0x00007f7110600000)
   the space 29420744K,  90% used [0x00007f6665b50000, 0x00007f6cbccd46b0, 0x00007f6cbccd4800, 0x00007f6d69682000)
 Metaspace       used 30500K, capacity 30905K, committed 31232K, reserved 32768K
}
Event: 1139.422 GC heap after
{Heap after GC invocations=115 (full 8):
 def new generation   total 13239360K, used 1106869K [0x00007f6110600000, 0x00007f64923a0000, 0x00007f6665b50000)
  eden space 11768320K,   0% used [0x00007f6110600000, 0x00007f6110600000, 0x00007f63dea80000)
  from space 1471040K,  75% used [0x00007f6438710000, 0x00007f647bffd4f0, 0x00007f64923a0000)
  to   space 1471040K,   0% used [0x00007f63dea80000, 0x00007f63dea80000, 0x00007f6438710000)
 tenured generation   total 29420744K, used 27953975K [0x00007f6665b50000, 0x00007f6d69682000, 0x00007f7110600000)
   the space 29420744K,  95% used [0x00007f6665b50000, 0x00007f6d0fe1df78, 0x00007f6d0fe1e000, 0x00007f6d69682000)
 Metaspace       used 30500K, capacity 30905K, committed 31232K, reserved 32768K
}
Event: 1142.676 GC heap before
{Heap before GC invocations=115 (full 8):
 def new generation   total 13239360K, used 12875189K [0x00007f6110600000, 0x00007f64923a0000, 0x00007f6665b50000)
  eden space 11768320K, 100% used [0x00007f6110600000, 0x00007f63dea80000, 0x00007f63dea80000)
  from space 1471040K,  75% used [0x00007f6438710000, 0x00007f647bffd4f0, 0x00007f64923a0000)
  to   space 1471040K,   0% used [0x00007f63dea80000, 0x00007f63dea80000, 0x00007f6438710000)
 tenured generation   total 29420744K, used 27953975K [0x00007f6665b50000, 0x00007f6d69682000, 0x00007f7110600000)
   the space 29420744K,  95% used [0x00007f6665b50000, 0x00007f6d0fe1df78, 0x00007f6d0fe1e000, 0x00007f6d69682000)
 Metaspace       used 30500K, capacity 30905K, committed 31232K, reserved 32768K
}
Event: 1145.722 GC heap after
{Heap after GC invocations=116 (full 8):
 def new generation   total 13239360K, used 938280K [0x00007f6110600000, 0x00007f64923a0000, 0x00007f6665b50000)
  eden space 11768320K,   0% used [0x00007f6110600000, 0x00007f6110600000, 0x00007f63dea80000)
  from space 1471040K,  63% used [0x00007f63dea80000, 0x00007f6417eca070, 0x00007f6438710000)
  to   space 1471040K,   0% used [0x00007f6438710000, 0x00007f6438710000, 0x00007f64923a0000)
 tenured generation   total 29420744K, used 29060844K [0x00007f6665b50000, 0x00007f6d69682000, 0x00007f7110600000)
   the space 29420744K,  98% used [0x00007f6665b50000, 0x00007f6d5370b0c8, 0x00007f6d5370b200, 0x00007f6d69682000)
 Metaspace       used 30500K, capacity 30905K, committed 31232K, reserved 32768K
}
Event: 1149.319 GC heap before
{Heap before GC invocations=116 (full 8):
 def new generation   total 13239360K, used 12706600K [0x00007f6110600000, 0x00007f64923a0000, 0x00007f6665b50000)
  eden space 11768320K, 100% used [0x00007f6110600000, 0x00007f63dea80000, 0x00007f63dea80000)
  from space 1471040K,  63% used [0x00007f63dea80000, 0x00007f6417eca070, 0x00007f6438710000)
  to   space 1471040K,   0% used [0x00007f6438710000, 0x00007f6438710000, 0x00007f64923a0000)
 tenured generation   total 29420744K, used 29060844K [0x00007f6665b50000, 0x00007f6d69682000, 0x00007f7110600000)
   the space 29420744K,  98% used [0x00007f6665b50000, 0x00007f6d5370b0c8, 0x00007f6d5370b200, 0x00007f6d69682000)
 Metaspace       used 30500K, capacity 30905K, committed 31232K, reserved 32768K
}
Event: 1152.024 GC heap after
{Heap after GC invocations=117 (full 8):
 def new generation   total 13239360K, used 941714K [0x00007f6110600000, 0x00007f64923a0000, 0x00007f6665b50000)
  eden space 11768320K,   0% used [0x00007f6110600000, 0x00007f6110600000, 0x00007f63dea80000)
  from space 1471040K,  64% used [0x00007f6438710000, 0x00007f6471eb49d0, 0x00007f64923a0000)
  to   space 1471040K,   0% used [0x00007f63dea80000, 0x00007f63dea80000, 0x00007f6438710000)
 tenured generation   total 29999240K, used 29999123K [0x00007f6665b50000, 0x00007f6d8cb72000, 0x00007f7110600000)
   the space 29999240K,  99% used [0x00007f6665b50000, 0x00007f6d8cb54d98, 0x00007f6d8cb54e00, 0x00007f6d8cb72000)
 Metaspace       used 30500K, capacity 30905K, committed 31232K, reserved 32768K
}
Event: 1152.024 GC heap before
{Heap before GC invocations=117 (full 8):
 def new generation   total 13239360K, used 941714K [0x00007f6110600000, 0x00007f64923a0000, 0x00007f6665b50000)
  eden space 11768320K,   0% used [0x00007f6110600000, 0x00007f6110600000, 0x00007f63dea80000)
  from space 1471040K,  64% used [0x00007f6438710000, 0x00007f6471eb49d0, 0x00007f64923a0000)
  to   space 1471040K,   0% used [0x00007f63dea80000, 0x00007f63dea80000, 0x00007f6438710000)
 tenured generation   total 29999240K, used 29999123K [0x00007f6665b50000, 0x00007f6d8cb72000, 0x00007f7110600000)
   the space 29999240K,  99% used [0x00007f6665b50000, 0x00007f6d8cb54d98, 0x00007f6d8cb54e00, 0x00007f6d8cb72000)
 Metaspace       used 30500K, capacity 30905K, committed 31232K, reserved 32768K
}

