# JRE version: OpenJDK Runtime Environment (13.0.7+5) (build 13.0.7+5-Ubuntu-0ubuntu120.04)
# Java VM: OpenJDK 64-Bit Server VM (13.0.7+5-Ubuntu-0ubuntu120.04, mixed mode, tiered, serial gc, linux-amd64)
Heap:
 def new generation   total 1374912K, used 0K [0x00007f9944600000, 0x00007f99a19e0000, 0x00007f9e99b50000)
  eden space 1222144K,   0% used [0x00007f9944600000, 0x00007f9944600000, 0x00007f998ef80000)
  from space 152768K,   0% used [0x00007f99984b0000, 0x00007f99984b0000, 0x00007f99a19e0000)
  to   space 152768K,   0% used [0x00007f998ef80000, 0x00007f998ef80000, 0x00007f99984b0000)
 tenured generation   total 3061440K, used 3001436K [0x00007f9e99b50000, 0x00007f9f54900000, 0x00007fa944600000)
   the space 3061440K,  98% used [0x00007f9e99b50000, 0x00007f9f50e671c8, 0x00007f9f50e67200, 0x00007f9f54900000)
 Metaspace       used 31408K, capacity 31873K, committed 32000K, reserved 32768K
GC Heap History (20 events):
Event: 381.775 GC heap after
{Heap after GC invocations=443 (full 59):
 def new generation   total 1374912K, used 102980K [0x00007f9944600000, 0x00007f99a19e0000, 0x00007f9e99b50000)
  eden space 1222144K,   0% used [0x00007f9944600000, 0x00007f9944600000, 0x00007f998ef80000)
  from space 152768K,  67% used [0x00007f998ef80000, 0x00007f9995411228, 0x00007f99984b0000)
  to   space 152768K,   0% used [0x00007f99984b0000, 0x00007f99984b0000, 0x00007f99a19e0000)
 tenured generation   total 3055296K, used 2156956K [0x00007f9e99b50000, 0x00007f9f54300000, 0x00007fa944600000)
   the space 3055296K,  70% used [0x00007f9e99b50000, 0x00007f9f1d5b72b8, 0x00007f9f1d5b7400, 0x00007f9f54300000)
 Metaspace       used 31408K, capacity 31873K, committed 32000K, reserved 32768K
}
Event: 382.080 GC heap before
{Heap before GC invocations=443 (full 59):
 def new generation   total 1374912K, used 1325124K [0x00007f9944600000, 0x00007f99a19e0000, 0x00007f9e99b50000)
  eden space 1222144K, 100% used [0x00007f9944600000, 0x00007f998ef80000, 0x00007f998ef80000)
  from space 152768K,  67% used [0x00007f998ef80000, 0x00007f9995411228, 0x00007f99984b0000)
  to   space 152768K,   0% used [0x00007f99984b0000, 0x00007f99984b0000, 0x00007f99a19e0000)
 tenured generation   total 3055296K, used 2156956K [0x00007f9e99b50000, 0x00007f9f54300000, 0x00007fa944600000)
   the space 3055296K,  70% used [0x00007f9e99b50000, 0x00007f9f1d5b72b8, 0x00007f9f1d5b7400, 0x00007f9f54300000)
 Metaspace       used 31408K, capacity 31873K, committed 32000K, reserved 32768K
}
Event: 382.284 GC heap after
{Heap after GC invocations=444 (full 59):
 def new generation   total 1374912K, used 76106K [0x00007f9944600000, 0x00007f99a19e0000, 0x00007f9e99b50000)
  eden space 1222144K,   0% used [0x00007f9944600000, 0x00007f9944600000, 0x00007f998ef80000)
  from space 152768K,  49% used [0x00007f99984b0000, 0x00007f999cf02bd0, 0x00007f99a19e0000)
  to   space 152768K,   0% used [0x00007f998ef80000, 0x00007f998ef80000, 0x00007f99984b0000)
 tenured generation   total 3055296K, used 2259936K [0x00007f9e99b50000, 0x00007f9f54300000, 0x00007fa944600000)
   the space 3055296K,  73% used [0x00007f9e99b50000, 0x00007f9f23a48060, 0x00007f9f23a48200, 0x00007f9f54300000)
 Metaspace       used 31408K, capacity 31873K, committed 32000K, reserved 32768K
}
Event: 382.627 GC heap before
{Heap before GC invocations=444 (full 59):
 def new generation   total 1374912K, used 1298250K [0x00007f9944600000, 0x00007f99a19e0000, 0x00007f9e99b50000)
  eden space 1222144K, 100% used [0x00007f9944600000, 0x00007f998ef80000, 0x00007f998ef80000)
  from space 152768K,  49% used [0x00007f99984b0000, 0x00007f999cf02bd0, 0x00007f99a19e0000)
  to   space 152768K,   0% used [0x00007f998ef80000, 0x00007f998ef80000, 0x00007f99984b0000)
 tenured generation   total 3055296K, used 2259936K [0x00007f9e99b50000, 0x00007f9f54300000, 0x00007fa944600000)
   the space 3055296K,  73% used [0x00007f9e99b50000, 0x00007f9f23a48060, 0x00007f9f23a48200, 0x00007f9f54300000)
 Metaspace       used 31408K, capacity 31873K, committed 32000K, reserved 32768K
}
Event: 382.855 GC heap after
{Heap after GC invocations=445 (full 59):
 def new generation   total 1374912K, used 152768K [0x00007f9944600000, 0x00007f99a19e0000, 0x00007f9e99b50000)
  eden space 1222144K,   0% used [0x00007f9944600000, 0x00007f9944600000, 0x00007f998ef80000)
  from space 152768K, 100% used [0x00007f998ef80000, 0x00007f99984b0000, 0x00007f99984b0000)
  to   space 152768K,   0% used [0x00007f99984b0000, 0x00007f99984b0000, 0x00007f99a19e0000)
 tenured generation   total 3055296K, used 2289905K [0x00007f9e99b50000, 0x00007f9f54300000, 0x00007fa944600000)
   the space 3055296K,  74% used [0x00007f9e99b50000, 0x00007f9f2578c440, 0x00007f9f2578c600, 0x00007f9f54300000)
 Metaspace       used 31408K, capacity 31873K, committed 32000K, reserved 32768K
}
Event: 383.219 GC heap before
{Heap before GC invocations=445 (full 59):
 def new generation   total 1374912K, used 1374912K [0x00007f9944600000, 0x00007f99a19e0000, 0x00007f9e99b50000)
  eden space 1222144K, 100% used [0x00007f9944600000, 0x00007f998ef80000, 0x00007f998ef80000)
  from space 152768K, 100% used [0x00007f998ef80000, 0x00007f99984b0000, 0x00007f99984b0000)
  to   space 152768K,   0% used [0x00007f99984b0000, 0x00007f99984b0000, 0x00007f99a19e0000)
 tenured generation   total 3055296K, used 2289905K [0x00007f9e99b50000, 0x00007f9f54300000, 0x00007fa944600000)
   the space 3055296K,  74% used [0x00007f9e99b50000, 0x00007f9f2578c440, 0x00007f9f2578c600, 0x00007f9f54300000)
 Metaspace       used 31408K, capacity 31873K, committed 32000K, reserved 32768K
}
Event: 383.472 GC heap after
{Heap after GC invocations=446 (full 59):
 def new generation   total 1374912K, used 93747K [0x00007f9944600000, 0x00007f99a19e0000, 0x00007f9e99b50000)
  eden space 1222144K,   0% used [0x00007f9944600000, 0x00007f9944600000, 0x00007f998ef80000)
  from space 152768K,  61% used [0x00007f99984b0000, 0x00007f999e03cf08, 0x00007f99a19e0000)
  to   space 152768K,   0% used [0x00007f998ef80000, 0x00007f998ef80000, 0x00007f99984b0000)
 tenured generation   total 3055296K, used 2442672K [0x00007f9e99b50000, 0x00007f9f54300000, 0x00007fa944600000)
   the space 3055296K,  79% used [0x00007f9e99b50000, 0x00007f9f2ecbc0d0, 0x00007f9f2ecbc200, 0x00007f9f54300000)
 Metaspace       used 31408K, capacity 31873K, committed 32000K, reserved 32768K
}
Event: 383.802 GC heap before
{Heap before GC invocations=446 (full 59):
 def new generation   total 1374912K, used 1315891K [0x00007f9944600000, 0x00007f99a19e0000, 0x00007f9e99b50000)
  eden space 1222144K, 100% used [0x00007f9944600000, 0x00007f998ef80000, 0x00007f998ef80000)
  from space 152768K,  61% used [0x00007f99984b0000, 0x00007f999e03cf08, 0x00007f99a19e0000)
  to   space 152768K,   0% used [0x00007f998ef80000, 0x00007f998ef80000, 0x00007f99984b0000)
 tenured generation   total 3055296K, used 2442672K [0x00007f9e99b50000, 0x00007f9f54300000, 0x00007fa944600000)
   the space 3055296K,  79% used [0x00007f9e99b50000, 0x00007f9f2ecbc0d0, 0x00007f9f2ecbc200, 0x00007f9f54300000)
 Metaspace       used 31408K, capacity 31873K, committed 32000K, reserved 32768K
}
Event: 384.065 GC heap after
{Heap after GC invocations=447 (full 59):
 def new generation   total 1374912K, used 117936K [0x00007f9944600000, 0x00007f99a19e0000, 0x00007f9e99b50000)
  eden space 1222144K,   0% used [0x00007f9944600000, 0x00007f9944600000, 0x00007f998ef80000)
  from space 152768K,  77% used [0x00007f998ef80000, 0x00007f99962ac1e0, 0x00007f99984b0000)
  to   space 152768K,   0% used [0x00007f99984b0000, 0x00007f99984b0000, 0x00007f99a19e0000)
 tenured generation   total 3055296K, used 2536418K [0x00007f9e99b50000, 0x00007f9f54300000, 0x00007fa944600000)
   the space 3055296K,  83% used [0x00007f9e99b50000, 0x00007f9f34848ba8, 0x00007f9f34848c00, 0x00007f9f54300000)
 Metaspace       used 31408K, capacity 31873K, committed 32000K, reserved 32768K
}
Event: 384.348 GC heap before
{Heap before GC invocations=447 (full 59):
 def new generation   total 1374912K, used 1340080K [0x00007f9944600000, 0x00007f99a19e0000, 0x00007f9e99b50000)
  eden space 1222144K, 100% used [0x00007f9944600000, 0x00007f998ef80000, 0x00007f998ef80000)
  from space 152768K,  77% used [0x00007f998ef80000, 0x00007f99962ac1e0, 0x00007f99984b0000)
  to   space 152768K,   0% used [0x00007f99984b0000, 0x00007f99984b0000, 0x00007f99a19e0000)
 tenured generation   total 3055296K, used 2536418K [0x00007f9e99b50000, 0x00007f9f54300000, 0x00007fa944600000)
   the space 3055296K,  83% used [0x00007f9e99b50000, 0x00007f9f34848ba8, 0x00007f9f34848c00, 0x00007f9f54300000)
 Metaspace       used 31408K, capacity 31873K, committed 32000K, reserved 32768K
}
Event: 384.595 GC heap after
{Heap after GC invocations=448 (full 59):
 def new generation   total 1374912K, used 94247K [0x00007f9944600000, 0x00007f99a19e0000, 0x00007f9e99b50000)
  eden space 1222144K,   0% used [0x00007f9944600000, 0x00007f9944600000, 0x00007f998ef80000)
  from space 152768K,  61% used [0x00007f99984b0000, 0x00007f999e0b9ed0, 0x00007f99a19e0000)
  to   space 152768K,   0% used [0x00007f998ef80000, 0x00007f998ef80000, 0x00007f99984b0000)
 tenured generation   total 3055296K, used 2654354K [0x00007f9e99b50000, 0x00007f9f54300000, 0x00007fa944600000)
   the space 3055296K,  86% used [0x00007f9e99b50000, 0x00007f9f3bb74a88, 0x00007f9f3bb74c00, 0x00007f9f54300000)
 Metaspace       used 31408K, capacity 31873K, committed 32000K, reserved 32768K
}
Event: 384.960 GC heap before
{Heap before GC invocations=448 (full 59):
 def new generation   total 1374912K, used 1316391K [0x00007f9944600000, 0x00007f99a19e0000, 0x00007f9e99b50000)
  eden space 1222144K, 100% used [0x00007f9944600000, 0x00007f998ef80000, 0x00007f998ef80000)
  from space 152768K,  61% used [0x00007f99984b0000, 0x00007f999e0b9ed0, 0x00007f99a19e0000)
  to   space 152768K,   0% used [0x00007f998ef80000, 0x00007f998ef80000, 0x00007f99984b0000)
 tenured generation   total 3055296K, used 2654354K [0x00007f9e99b50000, 0x00007f9f54300000, 0x00007fa944600000)
   the space 3055296K,  86% used [0x00007f9e99b50000, 0x00007f9f3bb74a88, 0x00007f9f3bb74c00, 0x00007f9f54300000)
 Metaspace       used 31408K, capacity 31873K, committed 32000K, reserved 32768K
}
Event: 385.194 GC heap after
{Heap after GC invocations=449 (full 59):
 def new generation   total 1374912K, used 109949K [0x00007f9944600000, 0x00007f99a19e0000, 0x00007f9e99b50000)
  eden space 1222144K,   0% used [0x00007f9944600000, 0x00007f9944600000, 0x00007f998ef80000)
  from space 152768K,  71% used [0x00007f998ef80000, 0x00007f9995adf690, 0x00007f99984b0000)
  to   space 152768K,   0% used [0x00007f99984b0000, 0x00007f99984b0000, 0x00007f99a19e0000)
 tenured generation   total 3055296K, used 2748601K [0x00007f9e99b50000, 0x00007f9f54300000, 0x00007fa944600000)
   the space 3055296K,  89% used [0x00007f9e99b50000, 0x00007f9f4177e608, 0x00007f9f4177e800, 0x00007f9f54300000)
 Metaspace       used 31408K, capacity 31873K, committed 32000K, reserved 32768K
}
Event: 385.531 GC heap before
{Heap before GC invocations=449 (full 59):
 def new generation   total 1374912K, used 1332093K [0x00007f9944600000, 0x00007f99a19e0000, 0x00007f9e99b50000)
  eden space 1222144K, 100% used [0x00007f9944600000, 0x00007f998ef80000, 0x00007f998ef80000)
  from space 152768K,  71% used [0x00007f998ef80000, 0x00007f9995adf690, 0x00007f99984b0000)
  to   space 152768K,   0% used [0x00007f99984b0000, 0x00007f99984b0000, 0x00007f99a19e0000)
 tenured generation   total 3055296K, used 2748601K [0x00007f9e99b50000, 0x00007f9f54300000, 0x00007fa944600000)
   the space 3055296K,  89% used [0x00007f9e99b50000, 0x00007f9f4177e608, 0x00007f9f4177e800, 0x00007f9f54300000)
 Metaspace       used 31408K, capacity 31873K, committed 32000K, reserved 32768K
}
Event: 385.761 GC heap after
{Heap after GC invocations=450 (full 59):
 def new generation   total 1374912K, used 93323K [0x00007f9944600000, 0x00007f99a19e0000, 0x00007f9e99b50000)
  eden space 1222144K,   0% used [0x00007f9944600000, 0x00007f9944600000, 0x00007f998ef80000)
  from space 152768K,  61% used [0x00007f99984b0000, 0x00007f999dfd2ec8, 0x00007f99a19e0000)
  to   space 152768K,   0% used [0x00007f998ef80000, 0x00007f998ef80000, 0x00007f99984b0000)
 tenured generation   total 3055296K, used 2858549K [0x00007f9e99b50000, 0x00007f9f54300000, 0x00007fa944600000)
   the space 3055296K,  93% used [0x00007f9e99b50000, 0x00007f9f482dd7e8, 0x00007f9f482dd800, 0x00007f9f54300000)
 Metaspace       used 31408K, capacity 31873K, committed 32000K, reserved 32768K
}
Event: 386.088 GC heap before
{Heap before GC invocations=450 (full 59):
 def new generation   total 1374912K, used 1315467K [0x00007f9944600000, 0x00007f99a19e0000, 0x00007f9e99b50000)
  eden space 1222144K, 100% used [0x00007f9944600000, 0x00007f998ef80000, 0x00007f998ef80000)
  from space 152768K,  61% used [0x00007f99984b0000, 0x00007f999dfd2ec8, 0x00007f99a19e0000)
  to   space 152768K,   0% used [0x00007f998ef80000, 0x00007f998ef80000, 0x00007f99984b0000)
 tenured generation   total 3055296K, used 2858549K [0x00007f9e99b50000, 0x00007f9f54300000, 0x00007fa944600000)
   the space 3055296K,  93% used [0x00007f9e99b50000, 0x00007f9f482dd7e8, 0x00007f9f482dd800, 0x00007f9f54300000)
 Metaspace       used 31408K, capacity 31873K, committed 32000K, reserved 32768K
}
Event: 386.338 GC heap after
{Heap after GC invocations=451 (full 59):
 def new generation   total 1374912K, used 109507K [0x00007f9944600000, 0x00007f99a19e0000, 0x00007f9e99b50000)
  eden space 1222144K,   0% used [0x00007f9944600000, 0x00007f9944600000, 0x00007f998ef80000)
  from space 152768K,  71% used [0x00007f998ef80000, 0x00007f9995a70f48, 0x00007f99984b0000)
  to   space 152768K,   0% used [0x00007f99984b0000, 0x00007f99984b0000, 0x00007f99a19e0000)
 tenured generation   total 3055296K, used 2951873K [0x00007f9e99b50000, 0x00007f9f54300000, 0x00007fa944600000)
   the space 3055296K,  96% used [0x00007f9e99b50000, 0x00007f9f4de00420, 0x00007f9f4de00600, 0x00007f9f54300000)
 Metaspace       used 31408K, capacity 31873K, committed 32000K, reserved 32768K
}
Event: 386.639 GC heap before
{Heap before GC invocations=451 (full 59):
 def new generation   total 1374912K, used 1331651K [0x00007f9944600000, 0x00007f99a19e0000, 0x00007f9e99b50000)
  eden space 1222144K, 100% used [0x00007f9944600000, 0x00007f998ef80000, 0x00007f998ef80000)
  from space 152768K,  71% used [0x00007f998ef80000, 0x00007f9995a70f48, 0x00007f99984b0000)
  to   space 152768K,   0% used [0x00007f99984b0000, 0x00007f99984b0000, 0x00007f99a19e0000)
 tenured generation   total 3055296K, used 2951873K [0x00007f9e99b50000, 0x00007f9f54300000, 0x00007fa944600000)
   the space 3055296K,  96% used [0x00007f9e99b50000, 0x00007f9f4de00420, 0x00007f9f4de00600, 0x00007f9f54300000)
 Metaspace       used 31408K, capacity 31873K, committed 32000K, reserved 32768K
}
Event: 386.897 GC heap after
{Heap after GC invocations=452 (full 59):
 def new generation   total 1374912K, used 110098K [0x00007f9944600000, 0x00007f99a19e0000, 0x00007f9e99b50000)
  eden space 1222144K,   0% used [0x00007f9944600000, 0x00007f9944600000, 0x00007f998ef80000)
  from space 152768K,  72% used [0x00007f99984b0000, 0x00007f999f034b48, 0x00007f99a19e0000)
  to   space 152768K,   0% used [0x00007f998ef80000, 0x00007f998ef80000, 0x00007f99984b0000)
 tenured generation   total 3061440K, used 3061380K [0x00007f9e99b50000, 0x00007f9f54900000, 0x00007fa944600000)
   the space 3061440K,  99% used [0x00007f9e99b50000, 0x00007f9f548f1038, 0x00007f9f548f1200, 0x00007f9f54900000)
 Metaspace       used 31408K, capacity 31873K, committed 32000K, reserved 32768K
}
Event: 386.897 GC heap before
{Heap before GC invocations=452 (full 59):
 def new generation   total 1374912K, used 110098K [0x00007f9944600000, 0x00007f99a19e0000, 0x00007f9e99b50000)
  eden space 1222144K,   0% used [0x00007f9944600000, 0x00007f9944600000, 0x00007f998ef80000)
  from space 152768K,  72% used [0x00007f99984b0000, 0x00007f999f034b48, 0x00007f99a19e0000)
  to   space 152768K,   0% used [0x00007f998ef80000, 0x00007f998ef80000, 0x00007f99984b0000)
 tenured generation   total 3061440K, used 3061380K [0x00007f9e99b50000, 0x00007f9f54900000, 0x00007fa944600000)
   the space 3061440K,  99% used [0x00007f9e99b50000, 0x00007f9f548f1038, 0x00007f9f548f1200, 0x00007f9f54900000)
 Metaspace       used 31408K, capacity 31873K, committed 32000K, reserved 32768K
}

