# JRE version: OpenJDK Runtime Environment (13.0.7+5) (build 13.0.7+5-Ubuntu-0ubuntu120.04)
# Java VM: OpenJDK 64-Bit Server VM (13.0.7+5-Ubuntu-0ubuntu120.04, mixed mode, tiered, serial gc, linux-amd64)
Heap:
 def new generation   total 2372160K, used 0K [0x00007fde78600000, 0x00007fdf193f0000, 0x00007fe3cdb50000)
  eden space 2108608K,   0% used [0x00007fde78600000, 0x00007fde78600000, 0x00007fdef9130000)
  from space 263552K,   0% used [0x00007fdf09290000, 0x00007fdf09290000, 0x00007fdf193f0000)
  to   space 263552K,   0% used [0x00007fdef9130000, 0x00007fdef9130000, 0x00007fdf09290000)
 tenured generation   total 10505124K, used 6303073K [0x00007fe3cdb50000, 0x00007fe64ee39000, 0x00007fee78600000)
   the space 10505124K,  59% used [0x00007fe3cdb50000, 0x00007fe54e6a86c0, 0x00007fe54e6a8800, 0x00007fe64ee39000)
 Metaspace       used 30684K, capacity 31075K, committed 31232K, reserved 32768K
GC Heap History (20 events):
Event: 62.212 GC heap after
{Heap after GC invocations=96 (full 1):
 def new generation   total 629248K, used 3252K [0x00007fde78600000, 0x00007fdea30c0000, 0x00007fe3cdb50000)
  eden space 559360K,   0% used [0x00007fde78600000, 0x00007fde78600000, 0x00007fde9a840000)
  from space 69888K,   4% used [0x00007fde9ec80000, 0x00007fde9efad290, 0x00007fdea30c0000)
  to   space 69888K,   0% used [0x00007fde9a840000, 0x00007fde9a840000, 0x00007fde9ec80000)
 tenured generation   total 1398144K, used 16348K [0x00007fe3cdb50000, 0x00007fe4230b0000, 0x00007fee78600000)
   the space 1398144K,   1% used [0x00007fe3cdb50000, 0x00007fe3ceb47180, 0x00007fe3ceb47200, 0x00007fe4230b0000)
 Metaspace       used 30663K, capacity 31065K, committed 31232K, reserved 32768K
}
Event: 62.544 GC heap before
{Heap before GC invocations=96 (full 1):
 def new generation   total 629248K, used 562612K [0x00007fde78600000, 0x00007fdea30c0000, 0x00007fe3cdb50000)
  eden space 559360K, 100% used [0x00007fde78600000, 0x00007fde9a840000, 0x00007fde9a840000)
  from space 69888K,   4% used [0x00007fde9ec80000, 0x00007fde9efad290, 0x00007fdea30c0000)
  to   space 69888K,   0% used [0x00007fde9a840000, 0x00007fde9a840000, 0x00007fde9ec80000)
 tenured generation   total 1398144K, used 16348K [0x00007fe3cdb50000, 0x00007fe4230b0000, 0x00007fee78600000)
   the space 1398144K,   1% used [0x00007fe3cdb50000, 0x00007fe3ceb47180, 0x00007fe3ceb47200, 0x00007fe4230b0000)
 Metaspace       used 30663K, capacity 31065K, committed 31232K, reserved 32768K
}
Event: 62.551 GC heap after
{Heap after GC invocations=97 (full 1):
 def new generation   total 629248K, used 4095K [0x00007fde78600000, 0x00007fdea30c0000, 0x00007fe3cdb50000)
  eden space 559360K,   0% used [0x00007fde78600000, 0x00007fde78600000, 0x00007fde9a840000)
  from space 69888K,   5% used [0x00007fde9a840000, 0x00007fde9ac3fed0, 0x00007fde9ec80000)
  to   space 69888K,   0% used [0x00007fde9ec80000, 0x00007fde9ec80000, 0x00007fdea30c0000)
 tenured generation   total 1398144K, used 16348K [0x00007fe3cdb50000, 0x00007fe4230b0000, 0x00007fee78600000)
   the space 1398144K,   1% used [0x00007fe3cdb50000, 0x00007fe3ceb47180, 0x00007fe3ceb47200, 0x00007fe4230b0000)
 Metaspace       used 30663K, capacity 31065K, committed 31232K, reserved 32768K
}
Event: 63.216 GC heap before
{Heap before GC invocations=97 (full 1):
 def new generation   total 629248K, used 563455K [0x00007fde78600000, 0x00007fdea30c0000, 0x00007fe3cdb50000)
  eden space 559360K, 100% used [0x00007fde78600000, 0x00007fde9a840000, 0x00007fde9a840000)
  from space 69888K,   5% used [0x00007fde9a840000, 0x00007fde9ac3fed0, 0x00007fde9ec80000)
  to   space 69888K,   0% used [0x00007fde9ec80000, 0x00007fde9ec80000, 0x00007fdea30c0000)
 tenured generation   total 1398144K, used 16348K [0x00007fe3cdb50000, 0x00007fe4230b0000, 0x00007fee78600000)
   the space 1398144K,   1% used [0x00007fe3cdb50000, 0x00007fe3ceb47180, 0x00007fe3ceb47200, 0x00007fe4230b0000)
 Metaspace       used 30684K, capacity 31075K, committed 31232K, reserved 32768K
}
Event: 63.225 GC heap after
{Heap after GC invocations=98 (full 1):
 def new generation   total 629248K, used 2757K [0x00007fde78600000, 0x00007fdea30c0000, 0x00007fe3cdb50000)
  eden space 559360K,   0% used [0x00007fde78600000, 0x00007fde78600000, 0x00007fde9a840000)
  from space 69888K,   3% used [0x00007fde9ec80000, 0x00007fde9ef31680, 0x00007fdea30c0000)
  to   space 69888K,   0% used [0x00007fde9a840000, 0x00007fde9a840000, 0x00007fde9ec80000)
 tenured generation   total 1398144K, used 16348K [0x00007fe3cdb50000, 0x00007fe4230b0000, 0x00007fee78600000)
   the space 1398144K,   1% used [0x00007fe3cdb50000, 0x00007fe3ceb47180, 0x00007fe3ceb47200, 0x00007fe4230b0000)
 Metaspace       used 30684K, capacity 31075K, committed 31232K, reserved 32768K
}
Event: 64.243 GC heap before
{Heap before GC invocations=98 (full 1):
 def new generation   total 629248K, used 562117K [0x00007fde78600000, 0x00007fdea30c0000, 0x00007fe3cdb50000)
  eden space 559360K, 100% used [0x00007fde78600000, 0x00007fde9a840000, 0x00007fde9a840000)
  from space 69888K,   3% used [0x00007fde9ec80000, 0x00007fde9ef31680, 0x00007fdea30c0000)
  to   space 69888K,   0% used [0x00007fde9a840000, 0x00007fde9a840000, 0x00007fde9ec80000)
 tenured generation   total 1398144K, used 16348K [0x00007fe3cdb50000, 0x00007fe4230b0000, 0x00007fee78600000)
   the space 1398144K,   1% used [0x00007fe3cdb50000, 0x00007fe3ceb47180, 0x00007fe3ceb47200, 0x00007fe4230b0000)
 Metaspace       used 30684K, capacity 31075K, committed 31232K, reserved 32768K
}
Event: 64.247 GC heap after
{Heap after GC invocations=99 (full 1):
 def new generation   total 629248K, used 2937K [0x00007fde78600000, 0x00007fdea30c0000, 0x00007fe3cdb50000)
  eden space 559360K,   0% used [0x00007fde78600000, 0x00007fde78600000, 0x00007fde9a840000)
  from space 69888K,   4% used [0x00007fde9a840000, 0x00007fde9ab1e788, 0x00007fde9ec80000)
  to   space 69888K,   0% used [0x00007fde9ec80000, 0x00007fde9ec80000, 0x00007fdea30c0000)
 tenured generation   total 1398144K, used 16348K [0x00007fe3cdb50000, 0x00007fe4230b0000, 0x00007fee78600000)
   the space 1398144K,   1% used [0x00007fe3cdb50000, 0x00007fe3ceb47180, 0x00007fe3ceb47200, 0x00007fe4230b0000)
 Metaspace       used 30684K, capacity 31075K, committed 31232K, reserved 32768K
}
Event: 64.669 GC heap before
{Heap before GC invocations=99 (full 1):
 def new generation   total 629248K, used 214739K [0x00007fde78600000, 0x00007fdea30c0000, 0x00007fe3cdb50000)
  eden space 559360K,  37% used [0x00007fde78600000, 0x00007fde854d6630, 0x00007fde9a840000)
  from space 69888K,   4% used [0x00007fde9a840000, 0x00007fde9ab1e788, 0x00007fde9ec80000)
  to   space 69888K,   0% used [0x00007fde9ec80000, 0x00007fde9ec80000, 0x00007fdea30c0000)
 tenured generation   total 1398144K, used 16348K [0x00007fe3cdb50000, 0x00007fe4230b0000, 0x00007fee78600000)
   the space 1398144K,   1% used [0x00007fe3cdb50000, 0x00007fe3ceb47180, 0x00007fe3ceb47200, 0x00007fe4230b0000)
 Metaspace       used 30684K, capacity 31075K, committed 31232K, reserved 32768K
}
Event: 64.695 GC heap after
{Heap after GC invocations=100 (full 1):
 def new generation   total 629248K, used 33492K [0x00007fde78600000, 0x00007fdea30c0000, 0x00007fe3cdb50000)
  eden space 559360K,   0% used [0x00007fde78600000, 0x00007fde78600000, 0x00007fde9a840000)
  from space 69888K,  47% used [0x00007fde9ec80000, 0x00007fdea0d35300, 0x00007fdea30c0000)
  to   space 69888K,   0% used [0x00007fde9a840000, 0x00007fde9a840000, 0x00007fde9ec80000)
 tenured generation   total 1398144K, used 16348K [0x00007fe3cdb50000, 0x00007fe4230b0000, 0x00007fee78600000)
   the space 1398144K,   1% used [0x00007fe3cdb50000, 0x00007fe3ceb47180, 0x00007fe3ceb47200, 0x00007fe4230b0000)
 Metaspace       used 30684K, capacity 31075K, committed 31232K, reserved 32768K
}
Event: 65.227 GC heap before
{Heap before GC invocations=100 (full 1):
 def new generation   total 629248K, used 568964K [0x00007fde78600000, 0x00007fdea30c0000, 0x00007fe3cdb50000)
  eden space 559360K,  95% used [0x00007fde78600000, 0x00007fde990ebe78, 0x00007fde9a840000)
  from space 69888K,  47% used [0x00007fde9ec80000, 0x00007fdea0d35300, 0x00007fdea30c0000)
  to   space 69888K,   0% used [0x00007fde9a840000, 0x00007fde9a840000, 0x00007fde9ec80000)
 tenured generation   total 1398144K, used 16348K [0x00007fe3cdb50000, 0x00007fe4230b0000, 0x00007fee78600000)
   the space 1398144K,   1% used [0x00007fe3cdb50000, 0x00007fe3ceb47180, 0x00007fe3ceb47200, 0x00007fe4230b0000)
 Metaspace       used 30684K, capacity 31075K, committed 31232K, reserved 32768K
}
Event: 65.683 GC heap after
{Heap after GC invocations=101 (full 1):
 def new generation   total 629248K, used 723K [0x00007fde78600000, 0x00007fdea30c0000, 0x00007fe3cdb50000)
  eden space 559360K,   0% used [0x00007fde78600000, 0x00007fde78600000, 0x00007fde9a840000)
  from space 69888K,   1% used [0x00007fde9a840000, 0x00007fde9a8f4f20, 0x00007fde9ec80000)
  to   space 69888K,   0% used [0x00007fde9ec80000, 0x00007fde9ec80000, 0x00007fdea30c0000)
 tenured generation   total 1398144K, used 540636K [0x00007fe3cdb50000, 0x00007fe4230b0000, 0x00007fee78600000)
   the space 1398144K,  38% used [0x00007fe3cdb50000, 0x00007fe3eeb47198, 0x00007fe3eeb47200, 0x00007fe4230b0000)
 Metaspace       used 30684K, capacity 31075K, committed 31232K, reserved 32768K
}
Event: 65.683 GC heap before
{Heap before GC invocations=101 (full 1):
 def new generation   total 629248K, used 723K [0x00007fde78600000, 0x00007fdea30c0000, 0x00007fe3cdb50000)
  eden space 559360K,   0% used [0x00007fde78600000, 0x00007fde78600000, 0x00007fde9a840000)
  from space 69888K,   1% used [0x00007fde9a840000, 0x00007fde9a8f4f20, 0x00007fde9ec80000)
  to   space 69888K,   0% used [0x00007fde9ec80000, 0x00007fde9ec80000, 0x00007fdea30c0000)
 tenured generation   total 1398144K, used 540636K [0x00007fe3cdb50000, 0x00007fe4230b0000, 0x00007fee78600000)
   the space 1398144K,  38% used [0x00007fe3cdb50000, 0x00007fe3eeb47198, 0x00007fe3eeb47200, 0x00007fe4230b0000)
 Metaspace       used 30684K, capacity 31075K, committed 31232K, reserved 32768K
}
Event: 65.831 GC heap after
{Heap after GC invocations=101 (full 2):
 def new generation   total 629248K, used 0K [0x00007fde78600000, 0x00007fdea30c0000, 0x00007fe3cdb50000)
  eden space 559360K,   0% used [0x00007fde78600000, 0x00007fde78600000, 0x00007fde9a840000)
  from space 69888K,   0% used [0x00007fde9a840000, 0x00007fde9a840000, 0x00007fde9ec80000)
  to   space 69888K,   0% used [0x00007fde9ec80000, 0x00007fde9ec80000, 0x00007fdea30c0000)
 tenured generation   total 1398144K, used 541360K [0x00007fe3cdb50000, 0x00007fe4230b0000, 0x00007fee78600000)
   the space 1398144K,  38% used [0x00007fe3cdb50000, 0x00007fe3eebfc0b8, 0x00007fe3eebfc200, 0x00007fe4230b0000)
 Metaspace       used 30684K, capacity 31075K, committed 31232K, reserved 32768K
}
Event: 69.748 GC heap before
{Heap before GC invocations=101 (full 2):
 def new generation   total 629248K, used 11125K [0x00007fde78600000, 0x00007fdea30c0000, 0x00007fe3cdb50000)
  eden space 559360K,   1% used [0x00007fde78600000, 0x00007fde790dd478, 0x00007fde9a840000)
  from space 69888K,   0% used [0x00007fde9a840000, 0x00007fde9a840000, 0x00007fde9ec80000)
  to   space 69888K,   0% used [0x00007fde9ec80000, 0x00007fde9ec80000, 0x00007fdea30c0000)
 tenured generation   total 4543876K, used 3687088K [0x00007fe3cdb50000, 0x00007fe4e30b1000, 0x00007fee78600000)
   the space 4543876K,  81% used [0x00007fe3cdb50000, 0x00007fe4aebfc0d0, 0x00007fe4aebfc200, 0x00007fe4e30b1000)
 Metaspace       used 30684K, capacity 31075K, committed 31232K, reserved 32768K
}
Event: 69.817 GC heap after
{Heap after GC invocations=102 (full 2):
 def new generation   total 629248K, used 0K [0x00007fde78600000, 0x00007fdea30c0000, 0x00007fe3cdb50000)
  eden space 559360K,   0% used [0x00007fde78600000, 0x00007fde78600000, 0x00007fde9a840000)
  from space 69888K,   0% used [0x00007fde9ec80000, 0x00007fde9ec801f8, 0x00007fdea30c0000)
  to   space 69888K,   0% used [0x00007fde9a840000, 0x00007fde9a840000, 0x00007fde9ec80000)
 tenured generation   total 4543876K, used 3687088K [0x00007fe3cdb50000, 0x00007fe4e30b1000, 0x00007fee78600000)
   the space 4543876K,  81% used [0x00007fe3cdb50000, 0x00007fe4aebfc0d0, 0x00007fe4aebfc200, 0x00007fe4e30b1000)
 Metaspace       used 30684K, capacity 31075K, committed 31232K, reserved 32768K
}
Event: 69.817 GC heap before
{Heap before GC invocations=102 (full 2):
 def new generation   total 629248K, used 0K [0x00007fde78600000, 0x00007fdea30c0000, 0x00007fe3cdb50000)
  eden space 559360K,   0% used [0x00007fde78600000, 0x00007fde78600000, 0x00007fde9a840000)
  from space 69888K,   0% used [0x00007fde9ec80000, 0x00007fde9ec801f8, 0x00007fdea30c0000)
  to   space 69888K,   0% used [0x00007fde9a840000, 0x00007fde9a840000, 0x00007fde9ec80000)
 tenured generation   total 4543876K, used 3687088K [0x00007fe3cdb50000, 0x00007fe4e30b1000, 0x00007fee78600000)
   the space 4543876K,  81% used [0x00007fe3cdb50000, 0x00007fe4aebfc0d0, 0x00007fe4aebfc200, 0x00007fe4e30b1000)
 Metaspace       used 30684K, capacity 31075K, committed 31232K, reserved 32768K
}
Event: 71.748 GC heap after
{Heap after GC invocations=102 (full 3):
 def new generation   total 2372160K, used 0K [0x00007fde78600000, 0x00007fdf193f0000, 0x00007fe3cdb50000)
  eden space 2108608K,   0% used [0x00007fde78600000, 0x00007fde78600000, 0x00007fdef9130000)
  from space 263552K,   0% used [0x00007fdef9130000, 0x00007fdef9130000, 0x00007fdf09290000)
  to   space 263552K,   0% used [0x00007fdf09290000, 0x00007fdf09290000, 0x00007fdf193f0000)
 tenured generation   total 5271336K, used 3162799K [0x00007fe3cdb50000, 0x00007fe50f71a000, 0x00007fee78600000)
   the space 5271336K,  59% used [0x00007fe3cdb50000, 0x00007fe48ebfbe48, 0x00007fe48ebfc000, 0x00007fe50f71a000)
 Metaspace       used 30684K, capacity 31075K, committed 31232K, reserved 32768K
}
Event: 74.031 GC heap before
{Heap before GC invocations=102 (full 3):
 def new generation   total 2372160K, used 41938K [0x00007fde78600000, 0x00007fdf193f0000, 0x00007fe3cdb50000)
  eden space 2108608K,   1% used [0x00007fde78600000, 0x00007fde7aef4838, 0x00007fdef9130000)
  from space 263552K,   0% used [0x00007fdef9130000, 0x00007fdef9130000, 0x00007fdf09290000)
  to   space 263552K,   0% used [0x00007fdf09290000, 0x00007fdf09290000, 0x00007fdf193f0000)
 tenured generation   total 8417068K, used 6308527K [0x00007fe3cdb50000, 0x00007fe5cf71b000, 0x00007fee78600000)
   the space 8417068K,  74% used [0x00007fe3cdb50000, 0x00007fe54ebfbe60, 0x00007fe54ebfc000, 0x00007fe5cf71b000)
 Metaspace       used 30684K, capacity 31075K, committed 31232K, reserved 32768K
}
Event: 74.037 GC heap after
{Heap after GC invocations=103 (full 3):
 def new generation   total 2372160K, used 0K [0x00007fde78600000, 0x00007fdf193f0000, 0x00007fe3cdb50000)
  eden space 2108608K,   0% used [0x00007fde78600000, 0x00007fde78600000, 0x00007fdef9130000)
  from space 263552K,   0% used [0x00007fdf09290000, 0x00007fdf09290248, 0x00007fdf193f0000)
  to   space 263552K,   0% used [0x00007fdef9130000, 0x00007fdef9130000, 0x00007fdf09290000)
 tenured generation   total 8417068K, used 6308527K [0x00007fe3cdb50000, 0x00007fe5cf71b000, 0x00007fee78600000)
   the space 8417068K,  74% used [0x00007fe3cdb50000, 0x00007fe54ebfbe60, 0x00007fe54ebfc000, 0x00007fe5cf71b000)
 Metaspace       used 30684K, capacity 31075K, committed 31232K, reserved 32768K
}
Event: 74.037 GC heap before
{Heap before GC invocations=103 (full 3):
 def new generation   total 2372160K, used 0K [0x00007fde78600000, 0x00007fdf193f0000, 0x00007fe3cdb50000)
  eden space 2108608K,   0% used [0x00007fde78600000, 0x00007fde78600000, 0x00007fdef9130000)
  from space 263552K,   0% used [0x00007fdf09290000, 0x00007fdf09290248, 0x00007fdf193f0000)
  to   space 263552K,   0% used [0x00007fdef9130000, 0x00007fdef9130000, 0x00007fdf09290000)
 tenured generation   total 8417068K, used 6308527K [0x00007fe3cdb50000, 0x00007fe5cf71b000, 0x00007fee78600000)
   the space 8417068K,  74% used [0x00007fe3cdb50000, 0x00007fe54ebfbe60, 0x00007fe54ebfc000, 0x00007fe5cf71b000)
 Metaspace       used 30684K, capacity 31075K, committed 31232K, reserved 32768K
}

