# JRE version: OpenJDK Runtime Environment (13.0.7+5) (build 13.0.7+5-Ubuntu-0ubuntu120.04)
# Java VM: OpenJDK 64-Bit Server VM (13.0.7+5-Ubuntu-0ubuntu120.04, mixed mode, tiered, serial gc, linux-amd64)
Heap:
 def new generation   total 1748160K, used 18552K [0x00007f611c600000, 0x00007f6192ed0000, 0x00007f6671b50000)
  eden space 1553984K,   1% used [0x00007f611c600000, 0x00007f611d81e108, 0x00007f617b390000)
  from space 194176K,   0% used [0x00007f617b390000, 0x00007f617b390000, 0x00007f6187130000)
  to   space 194176K,   0% used [0x00007f6187130000, 0x00007f6187130000, 0x00007f6192ed0000)
 tenured generation   total 3886124K, used 3886123K [0x00007f6671b50000, 0x00007f675ee5b000, 0x00007f711c600000)
   the space 3886124K,  99% used [0x00007f6671b50000, 0x00007f675ee5af48, 0x00007f675ee5b000, 0x00007f675ee5b000)
 Metaspace       used 24245K, capacity 24692K, committed 24832K, reserved 26624K
GC Heap History (20 events):
Event: 2659.026 GC heap after
{Heap after GC invocations=4953 (full 3):
 def new generation   total 1748160K, used 21721K [0x00007f611c600000, 0x00007f6192ed0000, 0x00007f6671b50000)
  eden space 1553984K,   0% used [0x00007f611c600000, 0x00007f611c600000, 0x00007f617b390000)
  from space 194176K,  11% used [0x00007f6187130000, 0x00007f6188666580, 0x00007f6192ed0000)
  to   space 194176K,   0% used [0x00007f617b390000, 0x00007f617b390000, 0x00007f6187130000)
 tenured generation   total 3884588K, used 3874104K [0x00007f6671b50000, 0x00007f675ecdb000, 0x00007f711c600000)
   the space 3884588K,  99% used [0x00007f6671b50000, 0x00007f675e29e030, 0x00007f675e29e200, 0x00007f675ecdb000)
 Metaspace       used 24245K, capacity 24692K, committed 24832K, reserved 26624K
}
Event: 2659.909 GC heap before
{Heap before GC invocations=4953 (full 3):
 def new generation   total 1748160K, used 1575705K [0x00007f611c600000, 0x00007f6192ed0000, 0x00007f6671b50000)
  eden space 1553984K, 100% used [0x00007f611c600000, 0x00007f617b390000, 0x00007f617b390000)
  from space 194176K,  11% used [0x00007f6187130000, 0x00007f6188666580, 0x00007f6192ed0000)
  to   space 194176K,   0% used [0x00007f617b390000, 0x00007f617b390000, 0x00007f6187130000)
 tenured generation   total 3884588K, used 3874104K [0x00007f6671b50000, 0x00007f675ecdb000, 0x00007f711c600000)
   the space 3884588K,  99% used [0x00007f6671b50000, 0x00007f675e29e030, 0x00007f675e29e200, 0x00007f675ecdb000)
 Metaspace       used 24245K, capacity 24692K, committed 24832K, reserved 26624K
}
Event: 2659.945 GC heap after
{Heap after GC invocations=4954 (full 3):
 def new generation   total 1748160K, used 21856K [0x00007f611c600000, 0x00007f6192ed0000, 0x00007f6671b50000)
  eden space 1553984K,   0% used [0x00007f611c600000, 0x00007f611c600000, 0x00007f617b390000)
  from space 194176K,  11% used [0x00007f617b390000, 0x00007f617c8e80d8, 0x00007f6187130000)
  to   space 194176K,   0% used [0x00007f6187130000, 0x00007f6187130000, 0x00007f6192ed0000)
 tenured generation   total 3884588K, used 3875024K [0x00007f6671b50000, 0x00007f675ecdb000, 0x00007f711c600000)
   the space 3884588K,  99% used [0x00007f6671b50000, 0x00007f675e384108, 0x00007f675e384200, 0x00007f675ecdb000)
 Metaspace       used 24245K, capacity 24692K, committed 24832K, reserved 26624K
}
Event: 2660.860 GC heap before
{Heap before GC invocations=4954 (full 3):
 def new generation   total 1748160K, used 1575840K [0x00007f611c600000, 0x00007f6192ed0000, 0x00007f6671b50000)
  eden space 1553984K, 100% used [0x00007f611c600000, 0x00007f617b390000, 0x00007f617b390000)
  from space 194176K,  11% used [0x00007f617b390000, 0x00007f617c8e80d8, 0x00007f6187130000)
  to   space 194176K,   0% used [0x00007f6187130000, 0x00007f6187130000, 0x00007f6192ed0000)
 tenured generation   total 3884588K, used 3875024K [0x00007f6671b50000, 0x00007f675ecdb000, 0x00007f711c600000)
   the space 3884588K,  99% used [0x00007f6671b50000, 0x00007f675e384108, 0x00007f675e384200, 0x00007f675ecdb000)
 Metaspace       used 24245K, capacity 24692K, committed 24832K, reserved 26624K
}
Event: 2660.903 GC heap after
{Heap after GC invocations=4955 (full 3):
 def new generation   total 1748160K, used 22366K [0x00007f611c600000, 0x00007f6192ed0000, 0x00007f6671b50000)
  eden space 1553984K,   0% used [0x00007f611c600000, 0x00007f611c600000, 0x00007f617b390000)
  from space 194176K,  11% used [0x00007f6187130000, 0x00007f6188707950, 0x00007f6192ed0000)
  to   space 194176K,   0% used [0x00007f617b390000, 0x00007f617b390000, 0x00007f6187130000)
 tenured generation   total 3884588K, used 3876116K [0x00007f6671b50000, 0x00007f675ecdb000, 0x00007f711c600000)
   the space 3884588K,  99% used [0x00007f6671b50000, 0x00007f675e495360, 0x00007f675e495400, 0x00007f675ecdb000)
 Metaspace       used 24245K, capacity 24692K, committed 24832K, reserved 26624K
}
Event: 2661.809 GC heap before
{Heap before GC invocations=4955 (full 3):
 def new generation   total 1748160K, used 1576350K [0x00007f611c600000, 0x00007f6192ed0000, 0x00007f6671b50000)
  eden space 1553984K, 100% used [0x00007f611c600000, 0x00007f617b390000, 0x00007f617b390000)
  from space 194176K,  11% used [0x00007f6187130000, 0x00007f6188707950, 0x00007f6192ed0000)
  to   space 194176K,   0% used [0x00007f617b390000, 0x00007f617b390000, 0x00007f6187130000)
 tenured generation   total 3884588K, used 3876116K [0x00007f6671b50000, 0x00007f675ecdb000, 0x00007f711c600000)
   the space 3884588K,  99% used [0x00007f6671b50000, 0x00007f675e495360, 0x00007f675e495400, 0x00007f675ecdb000)
 Metaspace       used 24245K, capacity 24692K, committed 24832K, reserved 26624K
}
Event: 2661.856 GC heap after
{Heap after GC invocations=4956 (full 3):
 def new generation   total 1748160K, used 22884K [0x00007f611c600000, 0x00007f6192ed0000, 0x00007f6671b50000)
  eden space 1553984K,   0% used [0x00007f611c600000, 0x00007f611c600000, 0x00007f617b390000)
  from space 194176K,  11% used [0x00007f617b390000, 0x00007f617c9e9020, 0x00007f6187130000)
  to   space 194176K,   0% used [0x00007f6187130000, 0x00007f6187130000, 0x00007f6192ed0000)
 tenured generation   total 3884588K, used 3877420K [0x00007f6671b50000, 0x00007f675ecdb000, 0x00007f711c600000)
   the space 3884588K,  99% used [0x00007f6671b50000, 0x00007f675e5db068, 0x00007f675e5db200, 0x00007f675ecdb000)
 Metaspace       used 24245K, capacity 24692K, committed 24832K, reserved 26624K
}
Event: 2662.736 GC heap before
{Heap before GC invocations=4956 (full 3):
 def new generation   total 1748160K, used 1576868K [0x00007f611c600000, 0x00007f6192ed0000, 0x00007f6671b50000)
  eden space 1553984K, 100% used [0x00007f611c600000, 0x00007f617b390000, 0x00007f617b390000)
  from space 194176K,  11% used [0x00007f617b390000, 0x00007f617c9e9020, 0x00007f6187130000)
  to   space 194176K,   0% used [0x00007f6187130000, 0x00007f6187130000, 0x00007f6192ed0000)
 tenured generation   total 3884588K, used 3877420K [0x00007f6671b50000, 0x00007f675ecdb000, 0x00007f711c600000)
   the space 3884588K,  99% used [0x00007f6671b50000, 0x00007f675e5db068, 0x00007f675e5db200, 0x00007f675ecdb000)
 Metaspace       used 24245K, capacity 24692K, committed 24832K, reserved 26624K
}
Event: 2662.778 GC heap after
{Heap after GC invocations=4957 (full 3):
 def new generation   total 1748160K, used 22868K [0x00007f611c600000, 0x00007f6192ed0000, 0x00007f6671b50000)
  eden space 1553984K,   0% used [0x00007f611c600000, 0x00007f611c600000, 0x00007f617b390000)
  from space 194176K,  11% used [0x00007f6187130000, 0x00007f6188785338, 0x00007f6192ed0000)
  to   space 194176K,   0% used [0x00007f617b390000, 0x00007f617b390000, 0x00007f6187130000)
 tenured generation   total 3884588K, used 3879235K [0x00007f6671b50000, 0x00007f675ecdb000, 0x00007f711c600000)
   the space 3884588K,  99% used [0x00007f6671b50000, 0x00007f675e7a0f18, 0x00007f675e7a1000, 0x00007f675ecdb000)
 Metaspace       used 24245K, capacity 24692K, committed 24832K, reserved 26624K
}
Event: 2663.661 GC heap before
{Heap before GC invocations=4957 (full 3):
 def new generation   total 1748160K, used 1576852K [0x00007f611c600000, 0x00007f6192ed0000, 0x00007f6671b50000)
  eden space 1553984K, 100% used [0x00007f611c600000, 0x00007f617b390000, 0x00007f617b390000)
  from space 194176K,  11% used [0x00007f6187130000, 0x00007f6188785338, 0x00007f6192ed0000)
  to   space 194176K,   0% used [0x00007f617b390000, 0x00007f617b390000, 0x00007f6187130000)
 tenured generation   total 3884588K, used 3879235K [0x00007f6671b50000, 0x00007f675ecdb000, 0x00007f711c600000)
   the space 3884588K,  99% used [0x00007f6671b50000, 0x00007f675e7a0f18, 0x00007f675e7a1000, 0x00007f675ecdb000)
 Metaspace       used 24245K, capacity 24692K, committed 24832K, reserved 26624K
}
Event: 2663.707 GC heap after
{Heap after GC invocations=4958 (full 3):
 def new generation   total 1748160K, used 22600K [0x00007f611c600000, 0x00007f6192ed0000, 0x00007f6671b50000)
  eden space 1553984K,   0% used [0x00007f611c600000, 0x00007f611c600000, 0x00007f617b390000)
  from space 194176K,  11% used [0x00007f617b390000, 0x00007f617c9a20c8, 0x00007f6187130000)
  to   space 194176K,   0% used [0x00007f6187130000, 0x00007f6187130000, 0x00007f6192ed0000)
 tenured generation   total 3884588K, used 3881042K [0x00007f6671b50000, 0x00007f675ecdb000, 0x00007f711c600000)
   the space 3884588K,  99% used [0x00007f6671b50000, 0x00007f675e964ac0, 0x00007f675e964c00, 0x00007f675ecdb000)
 Metaspace       used 24245K, capacity 24692K, committed 24832K, reserved 26624K
}
Event: 2664.612 GC heap before
{Heap before GC invocations=4958 (full 3):
 def new generation   total 1748160K, used 1576584K [0x00007f611c600000, 0x00007f6192ed0000, 0x00007f6671b50000)
  eden space 1553984K, 100% used [0x00007f611c600000, 0x00007f617b390000, 0x00007f617b390000)
  from space 194176K,  11% used [0x00007f617b390000, 0x00007f617c9a20c8, 0x00007f6187130000)
  to   space 194176K,   0% used [0x00007f6187130000, 0x00007f6187130000, 0x00007f6192ed0000)
 tenured generation   total 3884588K, used 3881042K [0x00007f6671b50000, 0x00007f675ecdb000, 0x00007f711c600000)
   the space 3884588K,  99% used [0x00007f6671b50000, 0x00007f675e964ac0, 0x00007f675e964c00, 0x00007f675ecdb000)
 Metaspace       used 24245K, capacity 24692K, committed 24832K, reserved 26624K
}
Event: 2664.654 GC heap after
{Heap after GC invocations=4959 (full 3):
 def new generation   total 1748160K, used 23444K [0x00007f611c600000, 0x00007f6192ed0000, 0x00007f6671b50000)
  eden space 1553984K,   0% used [0x00007f611c600000, 0x00007f611c600000, 0x00007f617b390000)
  from space 194176K,  12% used [0x00007f6187130000, 0x00007f61888153d0, 0x00007f6192ed0000)
  to   space 194176K,   0% used [0x00007f617b390000, 0x00007f617b390000, 0x00007f6187130000)
 tenured generation   total 3884588K, used 3882015K [0x00007f6671b50000, 0x00007f675ecdb000, 0x00007f711c600000)
   the space 3884588K,  99% used [0x00007f6671b50000, 0x00007f675ea57cb8, 0x00007f675ea57e00, 0x00007f675ecdb000)
 Metaspace       used 24245K, capacity 24692K, committed 24832K, reserved 26624K
}
Event: 2665.543 GC heap before
{Heap before GC invocations=4959 (full 3):
 def new generation   total 1748160K, used 1577428K [0x00007f611c600000, 0x00007f6192ed0000, 0x00007f6671b50000)
  eden space 1553984K, 100% used [0x00007f611c600000, 0x00007f617b390000, 0x00007f617b390000)
  from space 194176K,  12% used [0x00007f6187130000, 0x00007f61888153d0, 0x00007f6192ed0000)
  to   space 194176K,   0% used [0x00007f617b390000, 0x00007f617b390000, 0x00007f6187130000)
 tenured generation   total 3884588K, used 3882015K [0x00007f6671b50000, 0x00007f675ecdb000, 0x00007f711c600000)
   the space 3884588K,  99% used [0x00007f6671b50000, 0x00007f675ea57cb8, 0x00007f675ea57e00, 0x00007f675ecdb000)
 Metaspace       used 24245K, capacity 24692K, committed 24832K, reserved 26624K
}
Event: 2665.591 GC heap after
{Heap after GC invocations=4960 (full 3):
 def new generation   total 1748160K, used 24172K [0x00007f611c600000, 0x00007f6192ed0000, 0x00007f6671b50000)
  eden space 1553984K,   0% used [0x00007f611c600000, 0x00007f611c600000, 0x00007f617b390000)
  from space 194176K,  12% used [0x00007f617b390000, 0x00007f617cb2b228, 0x00007f6187130000)
  to   space 194176K,   0% used [0x00007f6187130000, 0x00007f6187130000, 0x00007f6192ed0000)
 tenured generation   total 3884588K, used 3883108K [0x00007f6671b50000, 0x00007f675ecdb000, 0x00007f711c600000)
   the space 3884588K,  99% used [0x00007f6671b50000, 0x00007f675eb69030, 0x00007f675eb69200, 0x00007f675ecdb000)
 Metaspace       used 24245K, capacity 24692K, committed 24832K, reserved 26624K
}
Event: 2666.459 GC heap before
{Heap before GC invocations=4960 (full 3):
 def new generation   total 1748160K, used 1578156K [0x00007f611c600000, 0x00007f6192ed0000, 0x00007f6671b50000)
  eden space 1553984K, 100% used [0x00007f611c600000, 0x00007f617b390000, 0x00007f617b390000)
  from space 194176K,  12% used [0x00007f617b390000, 0x00007f617cb2b228, 0x00007f6187130000)
  to   space 194176K,   0% used [0x00007f6187130000, 0x00007f6187130000, 0x00007f6192ed0000)
 tenured generation   total 3884588K, used 3883108K [0x00007f6671b50000, 0x00007f675ecdb000, 0x00007f711c600000)
   the space 3884588K,  99% used [0x00007f6671b50000, 0x00007f675eb69030, 0x00007f675eb69200, 0x00007f675ecdb000)
 Metaspace       used 24245K, capacity 24692K, committed 24832K, reserved 26624K
}
Event: 2666.510 GC heap after
{Heap after GC invocations=4961 (full 3):
 def new generation   total 1748160K, used 24774K [0x00007f611c600000, 0x00007f6192ed0000, 0x00007f6671b50000)
  eden space 1553984K,   0% used [0x00007f611c600000, 0x00007f611c600000, 0x00007f617b390000)
  from space 194176K,  12% used [0x00007f6187130000, 0x00007f6188961be8, 0x00007f6192ed0000)
  to   space 194176K,   0% used [0x00007f617b390000, 0x00007f617b390000, 0x00007f6187130000)
 tenured generation   total 3884588K, used 3884305K [0x00007f6671b50000, 0x00007f675ecdb000, 0x00007f711c600000)
   the space 3884588K,  99% used [0x00007f6671b50000, 0x00007f675ec94798, 0x00007f675ec94800, 0x00007f675ecdb000)
 Metaspace       used 24245K, capacity 24692K, committed 24832K, reserved 26624K
}
Event: 2667.318 GC heap before
{Heap before GC invocations=4961 (full 3):
 def new generation   total 1748160K, used 1578758K [0x00007f611c600000, 0x00007f6192ed0000, 0x00007f6671b50000)
  eden space 1553984K, 100% used [0x00007f611c600000, 0x00007f617b390000, 0x00007f617b390000)
  from space 194176K,  12% used [0x00007f6187130000, 0x00007f6188961be8, 0x00007f6192ed0000)
  to   space 194176K,   0% used [0x00007f617b390000, 0x00007f617b390000, 0x00007f6187130000)
 tenured generation   total 3884588K, used 3884305K [0x00007f6671b50000, 0x00007f675ecdb000, 0x00007f711c600000)
   the space 3884588K,  99% used [0x00007f6671b50000, 0x00007f675ec94798, 0x00007f675ec94800, 0x00007f675ecdb000)
 Metaspace       used 24245K, capacity 24692K, committed 24832K, reserved 26624K
}
Event: 2667.362 GC heap after
{Heap after GC invocations=4962 (full 3):
 def new generation   total 1748160K, used 24091K [0x00007f611c600000, 0x00007f6192ed0000, 0x00007f6671b50000)
  eden space 1553984K,   0% used [0x00007f611c600000, 0x00007f611c600000, 0x00007f617b390000)
  from space 194176K,  12% used [0x00007f617b390000, 0x00007f617cb16d70, 0x00007f6187130000)
  to   space 194176K,   0% used [0x00007f6187130000, 0x00007f6187130000, 0x00007f6192ed0000)
 tenured generation   total 3886124K, used 3886108K [0x00007f6671b50000, 0x00007f675ee5b000, 0x00007f711c600000)
   the space 3886124K,  99% used [0x00007f6671b50000, 0x00007f675ee57200, 0x00007f675ee57200, 0x00007f675ee5b000)
 Metaspace       used 24245K, capacity 24692K, committed 24832K, reserved 26624K
}
Event: 2667.362 GC heap before
{Heap before GC invocations=4962 (full 3):
 def new generation   total 1748160K, used 24091K [0x00007f611c600000, 0x00007f6192ed0000, 0x00007f6671b50000)
  eden space 1553984K,   0% used [0x00007f611c600000, 0x00007f611c600000, 0x00007f617b390000)
  from space 194176K,  12% used [0x00007f617b390000, 0x00007f617cb16d70, 0x00007f6187130000)
  to   space 194176K,   0% used [0x00007f6187130000, 0x00007f6187130000, 0x00007f6192ed0000)
 tenured generation   total 3886124K, used 3886108K [0x00007f6671b50000, 0x00007f675ee5b000, 0x00007f711c600000)
   the space 3886124K,  99% used [0x00007f6671b50000, 0x00007f675ee57200, 0x00007f675ee57200, 0x00007f675ee5b000)
 Metaspace       used 24245K, capacity 24692K, committed 24832K, reserved 26624K
}

