# JRE version: OpenJDK Runtime Environment (13.0.7+5) (build 13.0.7+5-Ubuntu-0ubuntu120.04)
# Java VM: OpenJDK 64-Bit Server VM (13.0.7+5-Ubuntu-0ubuntu120.04, mixed mode, tiered, serial gc, linux-amd64)
Heap:
 def new generation   total 1660416K, used 70904K [0x00007f5ec4600000, 0x00007f5f34fa0000, 0x00007f696f0a0000)
  eden space 1475968K,   4% used [0x00007f5ec4600000, 0x00007f5ec8b3e190, 0x00007f5f1e760000)
  from space 184448K,   0% used [0x00007f5f29b80000, 0x00007f5f29b80000, 0x00007f5f34fa0000)
  to   space 184448K,   0% used [0x00007f5f1e760000, 0x00007f5f1e760000, 0x00007f5f29b80000)
 tenured generation   total 3706036K, used 3703086K [0x00007f696f0a0000, 0x00007f6a513cd000, 0x00007f7ec4600000)
   the space 3706036K,  99% used [0x00007f696f0a0000, 0x00007f6a510ebbf0, 0x00007f6a510ebc00, 0x00007f6a513cd000)
 Metaspace       used 24273K, capacity 24635K, committed 24832K, reserved 26624K
GC Heap History (20 events):
Event: 1079.782 GC heap after
{Heap after GC invocations=1239 (full 5):
 def new generation   total 1660416K, used 90964K [0x00007f5ec4600000, 0x00007f5f34fa0000, 0x00007f696f0a0000)
  eden space 1475968K,   0% used [0x00007f5ec4600000, 0x00007f5ec4600000, 0x00007f5f1e760000)
  from space 184448K,  49% used [0x00007f5f1e760000, 0x00007f5f24035188, 0x00007f5f29b80000)
  to   space 184448K,   0% used [0x00007f5f29b80000, 0x00007f5f29b80000, 0x00007f5f34fa0000)
 tenured generation   total 3689648K, used 3623420K [0x00007f696f0a0000, 0x00007f6a503cc000, 0x00007f7ec4600000)
   the space 3689648K,  98% used [0x00007f696f0a0000, 0x00007f6a4c31f060, 0x00007f6a4c31f200, 0x00007f6a503cc000)
 Metaspace       used 24273K, capacity 24635K, committed 24832K, reserved 26624K
}
Event: 1081.388 GC heap before
{Heap before GC invocations=1239 (full 5):
 def new generation   total 1660416K, used 1558034K [0x00007f5ec4600000, 0x00007f5f34fa0000, 0x00007f696f0a0000)
  eden space 1475968K,  99% used [0x00007f5ec4600000, 0x00007f5f1deaf6d0, 0x00007f5f1e760000)
  from space 184448K,  49% used [0x00007f5f1e760000, 0x00007f5f24035188, 0x00007f5f29b80000)
  to   space 184448K,   0% used [0x00007f5f29b80000, 0x00007f5f29b80000, 0x00007f5f34fa0000)
 tenured generation   total 3689648K, used 3623420K [0x00007f696f0a0000, 0x00007f6a503cc000, 0x00007f7ec4600000)
   the space 3689648K,  98% used [0x00007f696f0a0000, 0x00007f6a4c31f060, 0x00007f6a4c31f200, 0x00007f6a503cc000)
 Metaspace       used 24273K, capacity 24635K, committed 24832K, reserved 26624K
}
Event: 1081.451 GC heap after
{Heap after GC invocations=1240 (full 5):
 def new generation   total 1660416K, used 99692K [0x00007f5ec4600000, 0x00007f5f34fa0000, 0x00007f696f0a0000)
  eden space 1475968K,   0% used [0x00007f5ec4600000, 0x00007f5ec4600000, 0x00007f5f1e760000)
  from space 184448K,  54% used [0x00007f5f29b80000, 0x00007f5f2fcdb1c8, 0x00007f5f34fa0000)
  to   space 184448K,   0% used [0x00007f5f1e760000, 0x00007f5f1e760000, 0x00007f5f29b80000)
 tenured generation   total 3689648K, used 3623420K [0x00007f696f0a0000, 0x00007f6a503cc000, 0x00007f7ec4600000)
   the space 3689648K,  98% used [0x00007f696f0a0000, 0x00007f6a4c31f060, 0x00007f6a4c31f200, 0x00007f6a503cc000)
 Metaspace       used 24273K, capacity 24635K, committed 24832K, reserved 26624K
}
Event: 1082.720 GC heap before
{Heap before GC invocations=1240 (full 5):
 def new generation   total 1660416K, used 1575660K [0x00007f5ec4600000, 0x00007f5f34fa0000, 0x00007f696f0a0000)
  eden space 1475968K, 100% used [0x00007f5ec4600000, 0x00007f5f1e760000, 0x00007f5f1e760000)
  from space 184448K,  54% used [0x00007f5f29b80000, 0x00007f5f2fcdb1c8, 0x00007f5f34fa0000)
  to   space 184448K,   0% used [0x00007f5f1e760000, 0x00007f5f1e760000, 0x00007f5f29b80000)
 tenured generation   total 3689648K, used 3623420K [0x00007f696f0a0000, 0x00007f6a503cc000, 0x00007f7ec4600000)
   the space 3689648K,  98% used [0x00007f696f0a0000, 0x00007f6a4c31f060, 0x00007f6a4c31f200, 0x00007f6a503cc000)
 Metaspace       used 24273K, capacity 24635K, committed 24832K, reserved 26624K
}
Event: 1082.837 GC heap after
{Heap after GC invocations=1241 (full 5):
 def new generation   total 1660416K, used 84770K [0x00007f5ec4600000, 0x00007f5f34fa0000, 0x00007f696f0a0000)
  eden space 1475968K,   0% used [0x00007f5ec4600000, 0x00007f5ec4600000, 0x00007f5f1e760000)
  from space 184448K,  45% used [0x00007f5f1e760000, 0x00007f5f23a28b68, 0x00007f5f29b80000)
  to   space 184448K,   0% used [0x00007f5f29b80000, 0x00007f5f29b80000, 0x00007f5f34fa0000)
 tenured generation   total 3689648K, used 3640378K [0x00007f696f0a0000, 0x00007f6a503cc000, 0x00007f7ec4600000)
   the space 3689648K,  98% used [0x00007f696f0a0000, 0x00007f6a4d3aeb48, 0x00007f6a4d3aec00, 0x00007f6a503cc000)
 Metaspace       used 24273K, capacity 24635K, committed 24832K, reserved 26624K
}
Event: 1084.456 GC heap before
{Heap before GC invocations=1241 (full 5):
 def new generation   total 1660416K, used 1548724K [0x00007f5ec4600000, 0x00007f5f34fa0000, 0x00007f696f0a0000)
  eden space 1475968K,  99% used [0x00007f5ec4600000, 0x00007f5f1dba4750, 0x00007f5f1e760000)
  from space 184448K,  45% used [0x00007f5f1e760000, 0x00007f5f23a28b68, 0x00007f5f29b80000)
  to   space 184448K,   0% used [0x00007f5f29b80000, 0x00007f5f29b80000, 0x00007f5f34fa0000)
 tenured generation   total 3689648K, used 3640378K [0x00007f696f0a0000, 0x00007f6a503cc000, 0x00007f7ec4600000)
   the space 3689648K,  98% used [0x00007f696f0a0000, 0x00007f6a4d3aeb48, 0x00007f6a4d3aec00, 0x00007f6a503cc000)
 Metaspace       used 24273K, capacity 24635K, committed 24832K, reserved 26624K
}
Event: 1084.531 GC heap after
{Heap after GC invocations=1242 (full 5):
 def new generation   total 1660416K, used 110974K [0x00007f5ec4600000, 0x00007f5f34fa0000, 0x00007f696f0a0000)
  eden space 1475968K,   0% used [0x00007f5ec4600000, 0x00007f5ec4600000, 0x00007f5f1e760000)
  from space 184448K,  60% used [0x00007f5f29b80000, 0x00007f5f307df980, 0x00007f5f34fa0000)
  to   space 184448K,   0% used [0x00007f5f1e760000, 0x00007f5f1e760000, 0x00007f5f29b80000)
 tenured generation   total 3689648K, used 3640378K [0x00007f696f0a0000, 0x00007f6a503cc000, 0x00007f7ec4600000)
   the space 3689648K,  98% used [0x00007f696f0a0000, 0x00007f6a4d3aeb48, 0x00007f6a4d3aec00, 0x00007f6a503cc000)
 Metaspace       used 24273K, capacity 24635K, committed 24832K, reserved 26624K
}
Event: 1086.062 GC heap before
{Heap before GC invocations=1242 (full 5):
 def new generation   total 1660416K, used 1586942K [0x00007f5ec4600000, 0x00007f5f34fa0000, 0x00007f696f0a0000)
  eden space 1475968K, 100% used [0x00007f5ec4600000, 0x00007f5f1e760000, 0x00007f5f1e760000)
  from space 184448K,  60% used [0x00007f5f29b80000, 0x00007f5f307df980, 0x00007f5f34fa0000)
  to   space 184448K,   0% used [0x00007f5f1e760000, 0x00007f5f1e760000, 0x00007f5f29b80000)
 tenured generation   total 3689648K, used 3640378K [0x00007f696f0a0000, 0x00007f6a503cc000, 0x00007f7ec4600000)
   the space 3689648K,  98% used [0x00007f696f0a0000, 0x00007f6a4d3aeb48, 0x00007f6a4d3aec00, 0x00007f6a503cc000)
 Metaspace       used 24273K, capacity 24635K, committed 24832K, reserved 26624K
}
Event: 1086.155 GC heap after
{Heap after GC invocations=1243 (full 5):
 def new generation   total 1660416K, used 67821K [0x00007f5ec4600000, 0x00007f5f34fa0000, 0x00007f696f0a0000)
  eden space 1475968K,   0% used [0x00007f5ec4600000, 0x00007f5ec4600000, 0x00007f5f1e760000)
  from space 184448K,  36% used [0x00007f5f1e760000, 0x00007f5f2299b610, 0x00007f5f29b80000)
  to   space 184448K,   0% used [0x00007f5f29b80000, 0x00007f5f29b80000, 0x00007f5f34fa0000)
 tenured generation   total 3689648K, used 3674296K [0x00007f696f0a0000, 0x00007f6a503cc000, 0x00007f7ec4600000)
   the space 3689648K,  99% used [0x00007f696f0a0000, 0x00007f6a4f4ce118, 0x00007f6a4f4ce200, 0x00007f6a503cc000)
 Metaspace       used 24273K, capacity 24635K, committed 24832K, reserved 26624K
}
Event: 1087.412 GC heap before
{Heap before GC invocations=1243 (full 5):
 def new generation   total 1660416K, used 1543789K [0x00007f5ec4600000, 0x00007f5f34fa0000, 0x00007f696f0a0000)
  eden space 1475968K, 100% used [0x00007f5ec4600000, 0x00007f5f1e760000, 0x00007f5f1e760000)
  from space 184448K,  36% used [0x00007f5f1e760000, 0x00007f5f2299b610, 0x00007f5f29b80000)
  to   space 184448K,   0% used [0x00007f5f29b80000, 0x00007f5f29b80000, 0x00007f5f34fa0000)
 tenured generation   total 3689648K, used 3674296K [0x00007f696f0a0000, 0x00007f6a503cc000, 0x00007f7ec4600000)
   the space 3689648K,  99% used [0x00007f696f0a0000, 0x00007f6a4f4ce118, 0x00007f6a4f4ce200, 0x00007f6a503cc000)
 Metaspace       used 24273K, capacity 24635K, committed 24832K, reserved 26624K
}
Event: 1087.462 GC heap after
{Heap after GC invocations=1244 (full 5):
 def new generation   total 1660416K, used 70919K [0x00007f5ec4600000, 0x00007f5f34fa0000, 0x00007f696f0a0000)
  eden space 1475968K,   0% used [0x00007f5ec4600000, 0x00007f5ec4600000, 0x00007f5f1e760000)
  from space 184448K,  38% used [0x00007f5f29b80000, 0x00007f5f2e0c1f60, 0x00007f5f34fa0000)
  to   space 184448K,   0% used [0x00007f5f1e760000, 0x00007f5f1e760000, 0x00007f5f29b80000)
 tenured generation   total 3689648K, used 3674296K [0x00007f696f0a0000, 0x00007f6a503cc000, 0x00007f7ec4600000)
   the space 3689648K,  99% used [0x00007f696f0a0000, 0x00007f6a4f4ce118, 0x00007f6a4f4ce200, 0x00007f6a503cc000)
 Metaspace       used 24273K, capacity 24635K, committed 24832K, reserved 26624K
}
Event: 1089.093 GC heap before
{Heap before GC invocations=1244 (full 5):
 def new generation   total 1660416K, used 1543923K [0x00007f5ec4600000, 0x00007f5f34fa0000, 0x00007f696f0a0000)
  eden space 1475968K,  99% used [0x00007f5ec4600000, 0x00007f5f1e47ae68, 0x00007f5f1e760000)
  from space 184448K,  38% used [0x00007f5f29b80000, 0x00007f5f2e0c1f60, 0x00007f5f34fa0000)
  to   space 184448K,   0% used [0x00007f5f1e760000, 0x00007f5f1e760000, 0x00007f5f29b80000)
 tenured generation   total 3689648K, used 3674296K [0x00007f696f0a0000, 0x00007f6a503cc000, 0x00007f7ec4600000)
   the space 3689648K,  99% used [0x00007f696f0a0000, 0x00007f6a4f4ce118, 0x00007f6a4f4ce200, 0x00007f6a503cc000)
 Metaspace       used 24273K, capacity 24635K, committed 24832K, reserved 26624K
}
Event: 1089.151 GC heap after
{Heap after GC invocations=1245 (full 5):
 def new generation   total 1660416K, used 88919K [0x00007f5ec4600000, 0x00007f5f34fa0000, 0x00007f696f0a0000)
  eden space 1475968K,   0% used [0x00007f5ec4600000, 0x00007f5ec4600000, 0x00007f5f1e760000)
  from space 184448K,  48% used [0x00007f5f1e760000, 0x00007f5f23e35eb0, 0x00007f5f29b80000)
  to   space 184448K,   0% used [0x00007f5f29b80000, 0x00007f5f29b80000, 0x00007f5f34fa0000)
 tenured generation   total 3689648K, used 3674296K [0x00007f696f0a0000, 0x00007f6a503cc000, 0x00007f7ec4600000)
   the space 3689648K,  99% used [0x00007f696f0a0000, 0x00007f6a4f4ce118, 0x00007f6a4f4ce200, 0x00007f6a503cc000)
 Metaspace       used 24273K, capacity 24635K, committed 24832K, reserved 26624K
}
Event: 1090.437 GC heap before
{Heap before GC invocations=1245 (full 5):
 def new generation   total 1660416K, used 1564887K [0x00007f5ec4600000, 0x00007f5f34fa0000, 0x00007f696f0a0000)
  eden space 1475968K, 100% used [0x00007f5ec4600000, 0x00007f5f1e760000, 0x00007f5f1e760000)
  from space 184448K,  48% used [0x00007f5f1e760000, 0x00007f5f23e35eb0, 0x00007f5f29b80000)
  to   space 184448K,   0% used [0x00007f5f29b80000, 0x00007f5f29b80000, 0x00007f5f34fa0000)
 tenured generation   total 3689648K, used 3674296K [0x00007f696f0a0000, 0x00007f6a503cc000, 0x00007f7ec4600000)
   the space 3689648K,  99% used [0x00007f696f0a0000, 0x00007f6a4f4ce118, 0x00007f6a4f4ce200, 0x00007f6a503cc000)
 Metaspace       used 24273K, capacity 24635K, committed 24832K, reserved 26624K
}
Event: 1090.500 GC heap after
{Heap after GC invocations=1246 (full 5):
 def new generation   total 1660416K, used 84784K [0x00007f5ec4600000, 0x00007f5f34fa0000, 0x00007f696f0a0000)
  eden space 1475968K,   0% used [0x00007f5ec4600000, 0x00007f5ec4600000, 0x00007f5f1e760000)
  from space 184448K,  45% used [0x00007f5f29b80000, 0x00007f5f2ee4c0f8, 0x00007f5f34fa0000)
  to   space 184448K,   0% used [0x00007f5f1e760000, 0x00007f5f1e760000, 0x00007f5f29b80000)
 tenured generation   total 3689648K, used 3674296K [0x00007f696f0a0000, 0x00007f6a503cc000, 0x00007f7ec4600000)
   the space 3689648K,  99% used [0x00007f696f0a0000, 0x00007f6a4f4ce118, 0x00007f6a4f4ce200, 0x00007f6a503cc000)
 Metaspace       used 24273K, capacity 24635K, committed 24832K, reserved 26624K
}
Event: 1092.048 GC heap before
{Heap before GC invocations=1246 (full 5):
 def new generation   total 1660416K, used 1560752K [0x00007f5ec4600000, 0x00007f5f34fa0000, 0x00007f696f0a0000)
  eden space 1475968K, 100% used [0x00007f5ec4600000, 0x00007f5f1e760000, 0x00007f5f1e760000)
  from space 184448K,  45% used [0x00007f5f29b80000, 0x00007f5f2ee4c0f8, 0x00007f5f34fa0000)
  to   space 184448K,   0% used [0x00007f5f1e760000, 0x00007f5f1e760000, 0x00007f5f29b80000)
 tenured generation   total 3689648K, used 3674296K [0x00007f696f0a0000, 0x00007f6a503cc000, 0x00007f7ec4600000)
   the space 3689648K,  99% used [0x00007f696f0a0000, 0x00007f6a4f4ce118, 0x00007f6a4f4ce200, 0x00007f6a503cc000)
 Metaspace       used 24273K, capacity 24635K, committed 24832K, reserved 26624K
}
Event: 1092.111 GC heap after
{Heap after GC invocations=1247 (full 5):
 def new generation   total 1660416K, used 106879K [0x00007f5ec4600000, 0x00007f5f34fa0000, 0x00007f696f0a0000)
  eden space 1475968K,   0% used [0x00007f5ec4600000, 0x00007f5ec4600000, 0x00007f5f1e760000)
  from space 184448K,  57% used [0x00007f5f1e760000, 0x00007f5f24fbfdc0, 0x00007f5f29b80000)
  to   space 184448K,   0% used [0x00007f5f29b80000, 0x00007f5f29b80000, 0x00007f5f34fa0000)
 tenured generation   total 3689648K, used 3674296K [0x00007f696f0a0000, 0x00007f6a503cc000, 0x00007f7ec4600000)
   the space 3689648K,  99% used [0x00007f696f0a0000, 0x00007f6a4f4ce118, 0x00007f6a4f4ce200, 0x00007f6a503cc000)
 Metaspace       used 24273K, capacity 24635K, committed 24832K, reserved 26624K
}
Event: 1093.627 GC heap before
{Heap before GC invocations=1247 (full 5):
 def new generation   total 1660416K, used 1582847K [0x00007f5ec4600000, 0x00007f5f34fa0000, 0x00007f696f0a0000)
  eden space 1475968K, 100% used [0x00007f5ec4600000, 0x00007f5f1e760000, 0x00007f5f1e760000)
  from space 184448K,  57% used [0x00007f5f1e760000, 0x00007f5f24fbfdc0, 0x00007f5f29b80000)
  to   space 184448K,   0% used [0x00007f5f29b80000, 0x00007f5f29b80000, 0x00007f5f34fa0000)
 tenured generation   total 3689648K, used 3674296K [0x00007f696f0a0000, 0x00007f6a503cc000, 0x00007f7ec4600000)
   the space 3689648K,  99% used [0x00007f696f0a0000, 0x00007f6a4f4ce118, 0x00007f6a4f4ce200, 0x00007f6a503cc000)
 Metaspace       used 24273K, capacity 24635K, committed 24832K, reserved 26624K
}
Event: 1093.704 GC heap after
{Heap after GC invocations=1248 (full 5):
 def new generation   total 1660416K, used 82736K [0x00007f5ec4600000, 0x00007f5f34fa0000, 0x00007f696f0a0000)
  eden space 1475968K,   0% used [0x00007f5ec4600000, 0x00007f5ec4600000, 0x00007f5f1e760000)
  from space 184448K,  44% used [0x00007f5f29b80000, 0x00007f5f2ec4c180, 0x00007f5f34fa0000)
  to   space 184448K,   0% used [0x00007f5f1e760000, 0x00007f5f1e760000, 0x00007f5f29b80000)
 tenured generation   total 3706036K, used 3691255K [0x00007f696f0a0000, 0x00007f6a513cd000, 0x00007f7ec4600000)
   the space 3706036K,  99% used [0x00007f696f0a0000, 0x00007f6a5055dc00, 0x00007f6a5055dc00, 0x00007f6a513cd000)
 Metaspace       used 24273K, capacity 24635K, committed 24832K, reserved 26624K
}
Event: 1093.704 GC heap before
{Heap before GC invocations=1248 (full 5):
 def new generation   total 1660416K, used 82736K [0x00007f5ec4600000, 0x00007f5f34fa0000, 0x00007f696f0a0000)
  eden space 1475968K,   0% used [0x00007f5ec4600000, 0x00007f5ec4600000, 0x00007f5f1e760000)
  from space 184448K,  44% used [0x00007f5f29b80000, 0x00007f5f2ec4c180, 0x00007f5f34fa0000)
  to   space 184448K,   0% used [0x00007f5f1e760000, 0x00007f5f1e760000, 0x00007f5f29b80000)
 tenured generation   total 3706036K, used 3691255K [0x00007f696f0a0000, 0x00007f6a513cd000, 0x00007f7ec4600000)
   the space 3706036K,  99% used [0x00007f696f0a0000, 0x00007f6a5055dc00, 0x00007f6a5055dc00, 0x00007f6a513cd000)
 Metaspace       used 24273K, capacity 24635K, committed 24832K, reserved 26624K
}

