# JRE version: OpenJDK Runtime Environment (13.0.7+5) (build 13.0.7+5-Ubuntu-0ubuntu120.04)
# Java VM: OpenJDK 64-Bit Server VM (13.0.7+5-Ubuntu-0ubuntu120.04, mixed mode, tiered, serial gc, linux-amd64)
Heap:
 def new generation   total 629248K, used 0K [0x00007f1cf4600000, 0x00007f1d1f0c0000, 0x00007f2249b50000)
  eden space 559360K,   0% used [0x00007f1cf4600000, 0x00007f1cf4600000, 0x00007f1d16840000)
  from space 69888K,   0% used [0x00007f1d1ac80000, 0x00007f1d1ac80000, 0x00007f1d1f0c0000)
  to   space 69888K,   0% used [0x00007f1d16840000, 0x00007f1d16840000, 0x00007f1d1ac80000)
 tenured generation   total 7233616K, used 4340168K [0x00007f2249b50000, 0x00007f2403364000, 0x00007f2cf4600000)
   the space 7233616K,  59% used [0x00007f2249b50000, 0x00007f23529c2080, 0x00007f23529c2200, 0x00007f2403364000)
 Metaspace       used 23183K, capacity 23588K, committed 23808K, reserved 24576K
GC Heap History (15 events):
Event: 3.456 GC heap before
{Heap before GC invocations=0 (full 0):
 def new generation   total 629120K, used 111861K [0x00007f1cf4600000, 0x00007f1d1f0a0000, 0x00007f2249b50000)
  eden space 559232K,  20% used [0x00007f1cf4600000, 0x00007f1cfb33d6f8, 0x00007f1d16820000)
  from space 69888K,   0% used [0x00007f1d16820000, 0x00007f1d16820000, 0x00007f1d1ac60000)
  to   space 69888K,   0% used [0x00007f1d1ac60000, 0x00007f1d1ac60000, 0x00007f1d1f0a0000)
 tenured generation   total 1398144K, used 0K [0x00007f2249b50000, 0x00007f229f0b0000, 0x00007f2cf4600000)
   the space 1398144K,   0% used [0x00007f2249b50000, 0x00007f2249b50000, 0x00007f2249b50200, 0x00007f229f0b0000)
 Metaspace       used 20890K, capacity 21207K, committed 21248K, reserved 22528K
}
Event: 3.576 GC heap after
{Heap after GC invocations=1 (full 1):
 def new generation   total 629248K, used 0K [0x00007f1cf4600000, 0x00007f1d1f0c0000, 0x00007f2249b50000)
  eden space 559360K,   0% used [0x00007f1cf4600000, 0x00007f1cf4600000, 0x00007f1d16840000)
  from space 69888K,   0% used [0x00007f1d16840000, 0x00007f1d16840000, 0x00007f1d1ac80000)
  to   space 69888K,   0% used [0x00007f1d1ac80000, 0x00007f1d1ac80000, 0x00007f1d1f0c0000)
 tenured generation   total 1398144K, used 13603K [0x00007f2249b50000, 0x00007f229f0b0000, 0x00007f2cf4600000)
   the space 1398144K,   0% used [0x00007f2249b50000, 0x00007f224a898f50, 0x00007f224a899000, 0x00007f229f0b0000)
 Metaspace       used 20890K, capacity 21207K, committed 21248K, reserved 22528K
}
Event: 5.482 GC heap before
{Heap before GC invocations=1 (full 1):
 def new generation   total 629248K, used 559360K [0x00007f1cf4600000, 0x00007f1d1f0c0000, 0x00007f2249b50000)
  eden space 559360K, 100% used [0x00007f1cf4600000, 0x00007f1d16840000, 0x00007f1d16840000)
  from space 69888K,   0% used [0x00007f1d16840000, 0x00007f1d16840000, 0x00007f1d1ac80000)
  to   space 69888K,   0% used [0x00007f1d1ac80000, 0x00007f1d1ac80000, 0x00007f1d1f0c0000)
 tenured generation   total 1398144K, used 13603K [0x00007f2249b50000, 0x00007f229f0b0000, 0x00007f2cf4600000)
   the space 1398144K,   0% used [0x00007f2249b50000, 0x00007f224a898f50, 0x00007f224a899000, 0x00007f229f0b0000)
 Metaspace       used 22985K, capacity 23373K, committed 23552K, reserved 24576K
}
Event: 5.489 GC heap after
{Heap after GC invocations=2 (full 1):
 def new generation   total 629248K, used 712K [0x00007f1cf4600000, 0x00007f1d1f0c0000, 0x00007f2249b50000)
  eden space 559360K,   0% used [0x00007f1cf4600000, 0x00007f1cf4600000, 0x00007f1d16840000)
  from space 69888K,   1% used [0x00007f1d1ac80000, 0x00007f1d1ad32168, 0x00007f1d1f0c0000)
  to   space 69888K,   0% used [0x00007f1d16840000, 0x00007f1d16840000, 0x00007f1d1ac80000)
 tenured generation   total 1398144K, used 13603K [0x00007f2249b50000, 0x00007f229f0b0000, 0x00007f2cf4600000)
   the space 1398144K,   0% used [0x00007f2249b50000, 0x00007f224a898f50, 0x00007f224a899000, 0x00007f229f0b0000)
 Metaspace       used 22985K, capacity 23373K, committed 23552K, reserved 24576K
}
Event: 6.991 GC heap before
{Heap before GC invocations=2 (full 1):
 def new generation   total 629248K, used 560072K [0x00007f1cf4600000, 0x00007f1d1f0c0000, 0x00007f2249b50000)
  eden space 559360K, 100% used [0x00007f1cf4600000, 0x00007f1d16840000, 0x00007f1d16840000)
  from space 69888K,   1% used [0x00007f1d1ac80000, 0x00007f1d1ad32168, 0x00007f1d1f0c0000)
  to   space 69888K,   0% used [0x00007f1d16840000, 0x00007f1d16840000, 0x00007f1d1ac80000)
 tenured generation   total 1398144K, used 13603K [0x00007f2249b50000, 0x00007f229f0b0000, 0x00007f2cf4600000)
   the space 1398144K,   0% used [0x00007f2249b50000, 0x00007f224a898f50, 0x00007f224a899000, 0x00007f229f0b0000)
 Metaspace       used 23005K, capacity 23374K, committed 23552K, reserved 24576K
}
Event: 6.994 GC heap after
{Heap after GC invocations=3 (full 1):
 def new generation   total 629248K, used 907K [0x00007f1cf4600000, 0x00007f1d1f0c0000, 0x00007f2249b50000)
  eden space 559360K,   0% used [0x00007f1cf4600000, 0x00007f1cf4600000, 0x00007f1d16840000)
  from space 69888K,   1% used [0x00007f1d16840000, 0x00007f1d16922ff0, 0x00007f1d1ac80000)
  to   space 69888K,   0% used [0x00007f1d1ac80000, 0x00007f1d1ac80000, 0x00007f1d1f0c0000)
 tenured generation   total 1398144K, used 13603K [0x00007f2249b50000, 0x00007f229f0b0000, 0x00007f2cf4600000)
   the space 1398144K,   0% used [0x00007f2249b50000, 0x00007f224a898f50, 0x00007f224a899000, 0x00007f229f0b0000)
 Metaspace       used 23005K, capacity 23374K, committed 23552K, reserved 24576K
}
Event: 8.071 GC heap before
{Heap before GC invocations=3 (full 1):
 def new generation   total 629248K, used 541690K [0x00007f1cf4600000, 0x00007f1d1f0c0000, 0x00007f2249b50000)
  eden space 559360K,  96% used [0x00007f1cf4600000, 0x00007f1d1561ba88, 0x00007f1d16840000)
  from space 69888K,   1% used [0x00007f1d16840000, 0x00007f1d16922ff0, 0x00007f1d1ac80000)
  to   space 69888K,   0% used [0x00007f1d1ac80000, 0x00007f1d1ac80000, 0x00007f1d1f0c0000)
 tenured generation   total 1398144K, used 13603K [0x00007f2249b50000, 0x00007f229f0b0000, 0x00007f2cf4600000)
   the space 1398144K,   0% used [0x00007f2249b50000, 0x00007f224a898f50, 0x00007f224a899000, 0x00007f229f0b0000)
 Metaspace       used 23181K, capacity 23588K, committed 23808K, reserved 24576K
}
Event: 8.074 GC heap after
{Heap after GC invocations=4 (full 1):
 def new generation   total 629248K, used 1476K [0x00007f1cf4600000, 0x00007f1d1f0c0000, 0x00007f2249b50000)
  eden space 559360K,   0% used [0x00007f1cf4600000, 0x00007f1cf4600000, 0x00007f1d16840000)
  from space 69888K,   2% used [0x00007f1d1ac80000, 0x00007f1d1adf11b8, 0x00007f1d1f0c0000)
  to   space 69888K,   0% used [0x00007f1d16840000, 0x00007f1d16840000, 0x00007f1d1ac80000)
 tenured generation   total 1398144K, used 13603K [0x00007f2249b50000, 0x00007f229f0b0000, 0x00007f2cf4600000)
   the space 1398144K,   0% used [0x00007f2249b50000, 0x00007f224a898f50, 0x00007f224a899000, 0x00007f229f0b0000)
 Metaspace       used 23181K, capacity 23588K, committed 23808K, reserved 24576K
}
Event: 8.205 GC heap before
{Heap before GC invocations=4 (full 1):
 def new generation   total 629248K, used 147156K [0x00007f1cf4600000, 0x00007f1d1f0c0000, 0x00007f2249b50000)
  eden space 559360K,  26% used [0x00007f1cf4600000, 0x00007f1cfd443ef8, 0x00007f1d16840000)
  from space 69888K,   2% used [0x00007f1d1ac80000, 0x00007f1d1adf11b8, 0x00007f1d1f0c0000)
  to   space 69888K,   0% used [0x00007f1d16840000, 0x00007f1d16840000, 0x00007f1d1ac80000)
 tenured generation   total 1398144K, used 13603K [0x00007f2249b50000, 0x00007f229f0b0000, 0x00007f2cf4600000)
   the space 1398144K,   0% used [0x00007f2249b50000, 0x00007f224a898f50, 0x00007f224a899000, 0x00007f229f0b0000)
 Metaspace       used 23183K, capacity 23588K, committed 23808K, reserved 24576K
}
Event: 8.310 GC heap after
{Heap after GC invocations=5 (full 1):
 def new generation   total 629248K, used 1188K [0x00007f1cf4600000, 0x00007f1d1f0c0000, 0x00007f2249b50000)
  eden space 559360K,   0% used [0x00007f1cf4600000, 0x00007f1cf4600000, 0x00007f1d16840000)
  from space 69888K,   1% used [0x00007f1d16840000, 0x00007f1d16969280, 0x00007f1d1ac80000)
  to   space 69888K,   0% used [0x00007f1d1ac80000, 0x00007f1d1ac80000, 0x00007f1d1f0c0000)
 tenured generation   total 1398144K, used 144675K [0x00007f2249b50000, 0x00007f229f0b0000, 0x00007f2cf4600000)
   the space 1398144K,  10% used [0x00007f2249b50000, 0x00007f2252898f68, 0x00007f2252899000, 0x00007f229f0b0000)
 Metaspace       used 23183K, capacity 23588K, committed 23808K, reserved 24576K
}
Event: 8.310 GC heap before
{Heap before GC invocations=5 (full 1):
 def new generation   total 629248K, used 1188K [0x00007f1cf4600000, 0x00007f1d1f0c0000, 0x00007f2249b50000)
  eden space 559360K,   0% used [0x00007f1cf4600000, 0x00007f1cf4600000, 0x00007f1d16840000)
  from space 69888K,   1% used [0x00007f1d16840000, 0x00007f1d16969280, 0x00007f1d1ac80000)
  to   space 69888K,   0% used [0x00007f1d1ac80000, 0x00007f1d1ac80000, 0x00007f1d1f0c0000)
 tenured generation   total 1398144K, used 144675K [0x00007f2249b50000, 0x00007f229f0b0000, 0x00007f2cf4600000)
   the space 1398144K,  10% used [0x00007f2249b50000, 0x00007f2252898f68, 0x00007f2252899000, 0x00007f229f0b0000)
 Metaspace       used 23183K, capacity 23588K, committed 23808K, reserved 24576K
}
Event: 8.352 GC heap after
{Heap after GC invocations=5 (full 2):
 def new generation   total 629248K, used 0K [0x00007f1cf4600000, 0x00007f1d1f0c0000, 0x00007f2249b50000)
  eden space 559360K,   0% used [0x00007f1cf4600000, 0x00007f1cf4600000, 0x00007f1d16840000)
  from space 69888K,   0% used [0x00007f1d16840000, 0x00007f1d16840000, 0x00007f1d1ac80000)
  to   space 69888K,   0% used [0x00007f1d1ac80000, 0x00007f1d1ac80000, 0x00007f1d1f0c0000)
 tenured generation   total 1398144K, used 145863K [0x00007f2249b50000, 0x00007f229f0b0000, 0x00007f2cf4600000)
   the space 1398144K,  10% used [0x00007f2249b50000, 0x00007f22529c1fa0, 0x00007f22529c2000, 0x00007f229f0b0000)
 Metaspace       used 23183K, capacity 23588K, committed 23808K, reserved 24576K
}
Event: 15.659 GC heap before
{Heap before GC invocations=5 (full 2):
 def new generation   total 629248K, used 10971K [0x00007f1cf4600000, 0x00007f1d1f0c0000, 0x00007f2249b50000)
  eden space 559360K,   1% used [0x00007f1cf4600000, 0x00007f1cf50b6f20, 0x00007f1d16840000)
  from space 69888K,   0% used [0x00007f1d16840000, 0x00007f1d16840000, 0x00007f1d1ac80000)
  to   space 69888K,   0% used [0x00007f1d1ac80000, 0x00007f1d1ac80000, 0x00007f1d1f0c0000)
 tenured generation   total 5592452K, used 4340167K [0x00007f2249b50000, 0x00007f239f0b1000, 0x00007f2cf4600000)
   the space 5592452K,  77% used [0x00007f2249b50000, 0x00007f23529c1fb8, 0x00007f23529c2000, 0x00007f239f0b1000)
 Metaspace       used 23183K, capacity 23588K, committed 23808K, reserved 24576K
}
Event: 15.671 GC heap after
{Heap after GC invocations=6 (full 2):
 def new generation   total 629248K, used 0K [0x00007f1cf4600000, 0x00007f1d1f0c0000, 0x00007f2249b50000)
  eden space 559360K,   0% used [0x00007f1cf4600000, 0x00007f1cf4600000, 0x00007f1d16840000)
  from space 69888K,   0% used [0x00007f1d1ac80000, 0x00007f1d1ac800c8, 0x00007f1d1f0c0000)
  to   space 69888K,   0% used [0x00007f1d16840000, 0x00007f1d16840000, 0x00007f1d1ac80000)
 tenured generation   total 5592452K, used 4340167K [0x00007f2249b50000, 0x00007f239f0b1000, 0x00007f2cf4600000)
   the space 5592452K,  77% used [0x00007f2249b50000, 0x00007f23529c1fb8, 0x00007f23529c2000, 0x00007f239f0b1000)
 Metaspace       used 23183K, capacity 23588K, committed 23808K, reserved 24576K
}
Event: 15.671 GC heap before
{Heap before GC invocations=6 (full 2):
 def new generation   total 629248K, used 0K [0x00007f1cf4600000, 0x00007f1d1f0c0000, 0x00007f2249b50000)
  eden space 559360K,   0% used [0x00007f1cf4600000, 0x00007f1cf4600000, 0x00007f1d16840000)
  from space 69888K,   0% used [0x00007f1d1ac80000, 0x00007f1d1ac800c8, 0x00007f1d1f0c0000)
  to   space 69888K,   0% used [0x00007f1d16840000, 0x00007f1d16840000, 0x00007f1d1ac80000)
 tenured generation   total 5592452K, used 4340167K [0x00007f2249b50000, 0x00007f239f0b1000, 0x00007f2cf4600000)
   the space 5592452K,  77% used [0x00007f2249b50000, 0x00007f23529c1fb8, 0x00007f23529c2000, 0x00007f239f0b1000)
 Metaspace       used 23183K, capacity 23588K, committed 23808K, reserved 24576K
}

