# JRE version: OpenJDK Runtime Environment (13.0.7+5) (build 13.0.7+5-Ubuntu-0ubuntu120.04)
# Java VM: OpenJDK 64-Bit Server VM (13.0.7+5-Ubuntu-0ubuntu120.04, mixed mode, tiered, serial gc, linux-amd64)
Heap:
 def new generation   total 1048832K, used 4097K [0x00007f7928600000, 0x00007f796f800000, 0x00007f7e7db50000)
  eden space 932352K,   0% used [0x00007f7928600000, 0x00007f7928a00470, 0x00007f7961480000)
  from space 116480K,   0% used [0x00007f7968640000, 0x00007f7968640000, 0x00007f796f800000)
  to   space 116480K,   0% used [0x00007f7961480000, 0x00007f7961480000, 0x00007f7968640000)
 tenured generation   total 2330752K, used 2330751K [0x00007f7e7db50000, 0x00007f7f0bf70000, 0x00007f8928600000)
   the space 2330752K,  99% used [0x00007f7e7db50000, 0x00007f7f0bf6fe38, 0x00007f7f0bf70000, 0x00007f7f0bf70000)
 Metaspace       used 24376K, capacity 24769K, committed 24832K, reserved 26624K
GC Heap History (20 events):
Event: 8234.451 GC heap after
{Heap after GC invocations=12479 (full 2):
 def new generation   total 1048832K, used 4125K [0x00007f7928600000, 0x00007f796f800000, 0x00007f7e7db50000)
  eden space 932352K,   0% used [0x00007f7928600000, 0x00007f7928600000, 0x00007f7961480000)
  from space 116480K,   3% used [0x00007f7961480000, 0x00007f7961887448, 0x00007f7968640000)
  to   space 116480K,   0% used [0x00007f7968640000, 0x00007f7968640000, 0x00007f796f800000)
 tenured generation   total 2330560K, used 2328306K [0x00007f7e7db50000, 0x00007f7f0bf40000, 0x00007f8928600000)
   the space 2330560K,  99% used [0x00007f7e7db50000, 0x00007f7f0bd0cb88, 0x00007f7f0bd0cc00, 0x00007f7f0bf40000)
 Metaspace       used 24376K, capacity 24769K, committed 24832K, reserved 26624K
}
Event: 8235.381 GC heap before
{Heap before GC invocations=12479 (full 2):
 def new generation   total 1048832K, used 936477K [0x00007f7928600000, 0x00007f796f800000, 0x00007f7e7db50000)
  eden space 932352K, 100% used [0x00007f7928600000, 0x00007f7961480000, 0x00007f7961480000)
  from space 116480K,   3% used [0x00007f7961480000, 0x00007f7961887448, 0x00007f7968640000)
  to   space 116480K,   0% used [0x00007f7968640000, 0x00007f7968640000, 0x00007f796f800000)
 tenured generation   total 2330560K, used 2328306K [0x00007f7e7db50000, 0x00007f7f0bf40000, 0x00007f8928600000)
   the space 2330560K,  99% used [0x00007f7e7db50000, 0x00007f7f0bd0cb88, 0x00007f7f0bd0cc00, 0x00007f7f0bf40000)
 Metaspace       used 24376K, capacity 24769K, committed 24832K, reserved 26624K
}
Event: 8235.389 GC heap after
{Heap after GC invocations=12480 (full 2):
 def new generation   total 1048832K, used 4116K [0x00007f7928600000, 0x00007f796f800000, 0x00007f7e7db50000)
  eden space 932352K,   0% used [0x00007f7928600000, 0x00007f7928600000, 0x00007f7961480000)
  from space 116480K,   3% used [0x00007f7968640000, 0x00007f7968a45230, 0x00007f796f800000)
  to   space 116480K,   0% used [0x00007f7961480000, 0x00007f7961480000, 0x00007f7968640000)
 tenured generation   total 2330560K, used 2328581K [0x00007f7e7db50000, 0x00007f7f0bf40000, 0x00007f8928600000)
   the space 2330560K,  99% used [0x00007f7e7db50000, 0x00007f7f0bd51518, 0x00007f7f0bd51600, 0x00007f7f0bf40000)
 Metaspace       used 24376K, capacity 24769K, committed 24832K, reserved 26624K
}
Event: 8236.251 GC heap before
{Heap before GC invocations=12480 (full 2):
 def new generation   total 1048832K, used 936468K [0x00007f7928600000, 0x00007f796f800000, 0x00007f7e7db50000)
  eden space 932352K, 100% used [0x00007f7928600000, 0x00007f7961480000, 0x00007f7961480000)
  from space 116480K,   3% used [0x00007f7968640000, 0x00007f7968a45230, 0x00007f796f800000)
  to   space 116480K,   0% used [0x00007f7961480000, 0x00007f7961480000, 0x00007f7968640000)
 tenured generation   total 2330560K, used 2328581K [0x00007f7e7db50000, 0x00007f7f0bf40000, 0x00007f8928600000)
   the space 2330560K,  99% used [0x00007f7e7db50000, 0x00007f7f0bd51518, 0x00007f7f0bd51600, 0x00007f7f0bf40000)
 Metaspace       used 24376K, capacity 24769K, committed 24832K, reserved 26624K
}
Event: 8236.266 GC heap after
{Heap after GC invocations=12481 (full 2):
 def new generation   total 1048832K, used 4113K [0x00007f7928600000, 0x00007f796f800000, 0x00007f7e7db50000)
  eden space 932352K,   0% used [0x00007f7928600000, 0x00007f7928600000, 0x00007f7961480000)
  from space 116480K,   3% used [0x00007f7961480000, 0x00007f7961884568, 0x00007f7968640000)
  to   space 116480K,   0% used [0x00007f7968640000, 0x00007f7968640000, 0x00007f796f800000)
 tenured generation   total 2330560K, used 2328856K [0x00007f7e7db50000, 0x00007f7f0bf40000, 0x00007f8928600000)
   the space 2330560K,  99% used [0x00007f7e7db50000, 0x00007f7f0bd96208, 0x00007f7f0bd96400, 0x00007f7f0bf40000)
 Metaspace       used 24376K, capacity 24769K, committed 24832K, reserved 26624K
}
Event: 8237.215 GC heap before
{Heap before GC invocations=12481 (full 2):
 def new generation   total 1048832K, used 936465K [0x00007f7928600000, 0x00007f796f800000, 0x00007f7e7db50000)
  eden space 932352K, 100% used [0x00007f7928600000, 0x00007f7961480000, 0x00007f7961480000)
  from space 116480K,   3% used [0x00007f7961480000, 0x00007f7961884568, 0x00007f7968640000)
  to   space 116480K,   0% used [0x00007f7968640000, 0x00007f7968640000, 0x00007f796f800000)
 tenured generation   total 2330560K, used 2328856K [0x00007f7e7db50000, 0x00007f7f0bf40000, 0x00007f8928600000)
   the space 2330560K,  99% used [0x00007f7e7db50000, 0x00007f7f0bd96208, 0x00007f7f0bd96400, 0x00007f7f0bf40000)
 Metaspace       used 24376K, capacity 24769K, committed 24832K, reserved 26624K
}
Event: 8237.226 GC heap after
{Heap after GC invocations=12482 (full 2):
 def new generation   total 1048832K, used 4114K [0x00007f7928600000, 0x00007f796f800000, 0x00007f7e7db50000)
  eden space 932352K,   0% used [0x00007f7928600000, 0x00007f7928600000, 0x00007f7961480000)
  from space 116480K,   3% used [0x00007f7968640000, 0x00007f7968a44b40, 0x00007f796f800000)
  to   space 116480K,   0% used [0x00007f7961480000, 0x00007f7961480000, 0x00007f7968640000)
 tenured generation   total 2330560K, used 2329131K [0x00007f7e7db50000, 0x00007f7f0bf40000, 0x00007f8928600000)
   the space 2330560K,  99% used [0x00007f7e7db50000, 0x00007f7f0bddaef8, 0x00007f7f0bddb000, 0x00007f7f0bf40000)
 Metaspace       used 24376K, capacity 24769K, committed 24832K, reserved 26624K
}
Event: 8238.077 GC heap before
{Heap before GC invocations=12482 (full 2):
 def new generation   total 1048832K, used 936466K [0x00007f7928600000, 0x00007f796f800000, 0x00007f7e7db50000)
  eden space 932352K, 100% used [0x00007f7928600000, 0x00007f7961480000, 0x00007f7961480000)
  from space 116480K,   3% used [0x00007f7968640000, 0x00007f7968a44b40, 0x00007f796f800000)
  to   space 116480K,   0% used [0x00007f7961480000, 0x00007f7961480000, 0x00007f7968640000)
 tenured generation   total 2330560K, used 2329131K [0x00007f7e7db50000, 0x00007f7f0bf40000, 0x00007f8928600000)
   the space 2330560K,  99% used [0x00007f7e7db50000, 0x00007f7f0bddaef8, 0x00007f7f0bddb000, 0x00007f7f0bf40000)
 Metaspace       used 24376K, capacity 24769K, committed 24832K, reserved 26624K
}
Event: 8238.089 GC heap after
{Heap after GC invocations=12483 (full 2):
 def new generation   total 1048832K, used 4095K [0x00007f7928600000, 0x00007f796f800000, 0x00007f7e7db50000)
  eden space 932352K,   0% used [0x00007f7928600000, 0x00007f7928600000, 0x00007f7961480000)
  from space 116480K,   3% used [0x00007f7961480000, 0x00007f796187fdb8, 0x00007f7968640000)
  to   space 116480K,   0% used [0x00007f7968640000, 0x00007f7968640000, 0x00007f796f800000)
 tenured generation   total 2330560K, used 2329406K [0x00007f7e7db50000, 0x00007f7f0bf40000, 0x00007f8928600000)
   the space 2330560K,  99% used [0x00007f7e7db50000, 0x00007f7f0be1fbe8, 0x00007f7f0be1fc00, 0x00007f7f0bf40000)
 Metaspace       used 24376K, capacity 24769K, committed 24832K, reserved 26624K
}
Event: 8238.933 GC heap before
{Heap before GC invocations=12483 (full 2):
 def new generation   total 1048832K, used 936447K [0x00007f7928600000, 0x00007f796f800000, 0x00007f7e7db50000)
  eden space 932352K, 100% used [0x00007f7928600000, 0x00007f7961480000, 0x00007f7961480000)
  from space 116480K,   3% used [0x00007f7961480000, 0x00007f796187fdb8, 0x00007f7968640000)
  to   space 116480K,   0% used [0x00007f7968640000, 0x00007f7968640000, 0x00007f796f800000)
 tenured generation   total 2330560K, used 2329406K [0x00007f7e7db50000, 0x00007f7f0bf40000, 0x00007f8928600000)
   the space 2330560K,  99% used [0x00007f7e7db50000, 0x00007f7f0be1fbe8, 0x00007f7f0be1fc00, 0x00007f7f0bf40000)
 Metaspace       used 24376K, capacity 24769K, committed 24832K, reserved 26624K
}
Event: 8238.946 GC heap after
{Heap after GC invocations=12484 (full 2):
 def new generation   total 1048832K, used 4069K [0x00007f7928600000, 0x00007f796f800000, 0x00007f7e7db50000)
  eden space 932352K,   0% used [0x00007f7928600000, 0x00007f7928600000, 0x00007f7961480000)
  from space 116480K,   3% used [0x00007f7968640000, 0x00007f7968a395d0, 0x00007f796f800000)
  to   space 116480K,   0% used [0x00007f7961480000, 0x00007f7961480000, 0x00007f7968640000)
 tenured generation   total 2330560K, used 2329682K [0x00007f7e7db50000, 0x00007f7f0bf40000, 0x00007f8928600000)
   the space 2330560K,  99% used [0x00007f7e7db50000, 0x00007f7f0be648d8, 0x00007f7f0be64a00, 0x00007f7f0bf40000)
 Metaspace       used 24376K, capacity 24769K, committed 24832K, reserved 26624K
}
Event: 8239.888 GC heap before
{Heap before GC invocations=12484 (full 2):
 def new generation   total 1048832K, used 936421K [0x00007f7928600000, 0x00007f796f800000, 0x00007f7e7db50000)
  eden space 932352K, 100% used [0x00007f7928600000, 0x00007f7961480000, 0x00007f7961480000)
  from space 116480K,   3% used [0x00007f7968640000, 0x00007f7968a395d0, 0x00007f796f800000)
  to   space 116480K,   0% used [0x00007f7961480000, 0x00007f7961480000, 0x00007f7968640000)
 tenured generation   total 2330560K, used 2329682K [0x00007f7e7db50000, 0x00007f7f0bf40000, 0x00007f8928600000)
   the space 2330560K,  99% used [0x00007f7e7db50000, 0x00007f7f0be648d8, 0x00007f7f0be64a00, 0x00007f7f0bf40000)
 Metaspace       used 24376K, capacity 24769K, committed 24832K, reserved 26624K
}
Event: 8239.902 GC heap after
{Heap after GC invocations=12485 (full 2):
 def new generation   total 1048832K, used 4027K [0x00007f7928600000, 0x00007f796f800000, 0x00007f7e7db50000)
  eden space 932352K,   0% used [0x00007f7928600000, 0x00007f7928600000, 0x00007f7961480000)
  from space 116480K,   3% used [0x00007f7961480000, 0x00007f796186ec78, 0x00007f7968640000)
  to   space 116480K,   0% used [0x00007f7968640000, 0x00007f7968640000, 0x00007f796f800000)
 tenured generation   total 2330560K, used 2329957K [0x00007f7e7db50000, 0x00007f7f0bf40000, 0x00007f8928600000)
   the space 2330560K,  99% used [0x00007f7e7db50000, 0x00007f7f0bea95c8, 0x00007f7f0bea9600, 0x00007f7f0bf40000)
 Metaspace       used 24376K, capacity 24769K, committed 24832K, reserved 26624K
}
Event: 8240.791 GC heap before
{Heap before GC invocations=12485 (full 2):
 def new generation   total 1048832K, used 936379K [0x00007f7928600000, 0x00007f796f800000, 0x00007f7e7db50000)
  eden space 932352K, 100% used [0x00007f7928600000, 0x00007f7961480000, 0x00007f7961480000)
  from space 116480K,   3% used [0x00007f7961480000, 0x00007f796186ec78, 0x00007f7968640000)
  to   space 116480K,   0% used [0x00007f7968640000, 0x00007f7968640000, 0x00007f796f800000)
 tenured generation   total 2330560K, used 2329957K [0x00007f7e7db50000, 0x00007f7f0bf40000, 0x00007f8928600000)
   the space 2330560K,  99% used [0x00007f7e7db50000, 0x00007f7f0bea95c8, 0x00007f7f0bea9600, 0x00007f7f0bf40000)
 Metaspace       used 24376K, capacity 24769K, committed 24832K, reserved 26624K
}
Event: 8240.803 GC heap after
{Heap after GC invocations=12486 (full 2):
 def new generation   total 1048832K, used 4119K [0x00007f7928600000, 0x00007f796f800000, 0x00007f7e7db50000)
  eden space 932352K,   0% used [0x00007f7928600000, 0x00007f7928600000, 0x00007f7961480000)
  from space 116480K,   3% used [0x00007f7968640000, 0x00007f7968a45f08, 0x00007f796f800000)
  to   space 116480K,   0% used [0x00007f7961480000, 0x00007f7961480000, 0x00007f7968640000)
 tenured generation   total 2330560K, used 2330178K [0x00007f7e7db50000, 0x00007f7f0bf40000, 0x00007f8928600000)
   the space 2330560K,  99% used [0x00007f7e7db50000, 0x00007f7f0bee09e8, 0x00007f7f0bee0a00, 0x00007f7f0bf40000)
 Metaspace       used 24376K, capacity 24769K, committed 24832K, reserved 26624K
}
Event: 8241.688 GC heap before
{Heap before GC invocations=12486 (full 2):
 def new generation   total 1048832K, used 936471K [0x00007f7928600000, 0x00007f796f800000, 0x00007f7e7db50000)
  eden space 932352K, 100% used [0x00007f7928600000, 0x00007f7961480000, 0x00007f7961480000)
  from space 116480K,   3% used [0x00007f7968640000, 0x00007f7968a45f08, 0x00007f796f800000)
  to   space 116480K,   0% used [0x00007f7961480000, 0x00007f7961480000, 0x00007f7968640000)
 tenured generation   total 2330560K, used 2330178K [0x00007f7e7db50000, 0x00007f7f0bf40000, 0x00007f8928600000)
   the space 2330560K,  99% used [0x00007f7e7db50000, 0x00007f7f0bee09e8, 0x00007f7f0bee0a00, 0x00007f7f0bf40000)
 Metaspace       used 24376K, capacity 24769K, committed 24832K, reserved 26624K
}
Event: 8241.697 GC heap after
{Heap after GC invocations=12487 (full 2):
 def new generation   total 1048832K, used 4119K [0x00007f7928600000, 0x00007f796f800000, 0x00007f7e7db50000)
  eden space 932352K,   0% used [0x00007f7928600000, 0x00007f7928600000, 0x00007f7961480000)
  from space 116480K,   3% used [0x00007f7961480000, 0x00007f7961885e78, 0x00007f7968640000)
  to   space 116480K,   0% used [0x00007f7968640000, 0x00007f7968640000, 0x00007f796f800000)
 tenured generation   total 2330560K, used 2330452K [0x00007f7e7db50000, 0x00007f7f0bf40000, 0x00007f8928600000)
   the space 2330560K,  99% used [0x00007f7e7db50000, 0x00007f7f0bf25378, 0x00007f7f0bf25400, 0x00007f7f0bf40000)
 Metaspace       used 24376K, capacity 24769K, committed 24832K, reserved 26624K
}
Event: 8242.576 GC heap before
{Heap before GC invocations=12487 (full 2):
 def new generation   total 1048832K, used 936471K [0x00007f7928600000, 0x00007f796f800000, 0x00007f7e7db50000)
  eden space 932352K, 100% used [0x00007f7928600000, 0x00007f7961480000, 0x00007f7961480000)
  from space 116480K,   3% used [0x00007f7961480000, 0x00007f7961885e78, 0x00007f7968640000)
  to   space 116480K,   0% used [0x00007f7968640000, 0x00007f7968640000, 0x00007f796f800000)
 tenured generation   total 2330560K, used 2330452K [0x00007f7e7db50000, 0x00007f7f0bf40000, 0x00007f8928600000)
   the space 2330560K,  99% used [0x00007f7e7db50000, 0x00007f7f0bf25378, 0x00007f7f0bf25400, 0x00007f7f0bf40000)
 Metaspace       used 24376K, capacity 24769K, committed 24832K, reserved 26624K
}
Event: 8242.590 GC heap after
{Heap after GC invocations=12488 (full 2):
 def new generation   total 1048832K, used 4118K [0x00007f7928600000, 0x00007f796f800000, 0x00007f7e7db50000)
  eden space 932352K,   0% used [0x00007f7928600000, 0x00007f7928600000, 0x00007f7961480000)
  from space 116480K,   3% used [0x00007f7968640000, 0x00007f7968a45a88, 0x00007f796f800000)
  to   space 116480K,   0% used [0x00007f7961480000, 0x00007f7961480000, 0x00007f7968640000)
 tenured generation   total 2330752K, used 2330730K [0x00007f7e7db50000, 0x00007f7f0bf70000, 0x00007f8928600000)
   the space 2330752K,  99% used [0x00007f7e7db50000, 0x00007f7f0bf6a820, 0x00007f7f0bf6aa00, 0x00007f7f0bf70000)
 Metaspace       used 24376K, capacity 24769K, committed 24832K, reserved 26624K
}
Event: 8242.590 GC heap before
{Heap before GC invocations=12488 (full 2):
 def new generation   total 1048832K, used 4118K [0x00007f7928600000, 0x00007f796f800000, 0x00007f7e7db50000)
  eden space 932352K,   0% used [0x00007f7928600000, 0x00007f7928600000, 0x00007f7961480000)
  from space 116480K,   3% used [0x00007f7968640000, 0x00007f7968a45a88, 0x00007f796f800000)
  to   space 116480K,   0% used [0x00007f7961480000, 0x00007f7961480000, 0x00007f7968640000)
 tenured generation   total 2330752K, used 2330730K [0x00007f7e7db50000, 0x00007f7f0bf70000, 0x00007f8928600000)
   the space 2330752K,  99% used [0x00007f7e7db50000, 0x00007f7f0bf6a820, 0x00007f7f0bf6aa00, 0x00007f7f0bf70000)
 Metaspace       used 24376K, capacity 24769K, committed 24832K, reserved 26624K
}

