# JRE version: OpenJDK Runtime Environment (13.0.7+5) (build 13.0.7+5-Ubuntu-0ubuntu120.04)
# Java VM: OpenJDK 64-Bit Server VM (13.0.7+5-Ubuntu-0ubuntu120.04, mixed mode, tiered, serial gc, linux-amd64)
Heap:
 def new generation   total 629248K, used 0K [0x00007fb7fc600000, 0x00007fb8270c0000, 0x00007fbd51b50000)
  eden space 559360K,   0% used [0x00007fb7fc600000, 0x00007fb7fc600000, 0x00007fb81e840000)
  from space 69888K,   0% used [0x00007fb822c80000, 0x00007fb822c80000, 0x00007fb8270c0000)
  to   space 69888K,   0% used [0x00007fb81e840000, 0x00007fb81e840000, 0x00007fb822c80000)
 tenured generation   total 7042292K, used 4225374K [0x00007fbd51b50000, 0x00007fbeff88d000, 0x00007fc7fc600000)
   the space 7042292K,  59% used [0x00007fbd51b50000, 0x00007fbe539a7868, 0x00007fbe539a7a00, 0x00007fbeff88d000)
 Metaspace       used 23146K, capacity 23535K, committed 23808K, reserved 24576K
GC Heap History (11 events):
Event: 3.170 GC heap before
{Heap before GC invocations=0 (full 0):
 def new generation   total 629120K, used 89478K [0x00007fb7fc600000, 0x00007fb8270a0000, 0x00007fbd51b50000)
  eden space 559232K,  16% used [0x00007fb7fc600000, 0x00007fb801d61850, 0x00007fb81e820000)
  from space 69888K,   0% used [0x00007fb81e820000, 0x00007fb81e820000, 0x00007fb822c60000)
  to   space 69888K,   0% used [0x00007fb822c60000, 0x00007fb822c60000, 0x00007fb8270a0000)
 tenured generation   total 1398144K, used 0K [0x00007fbd51b50000, 0x00007fbda70b0000, 0x00007fc7fc600000)
   the space 1398144K,   0% used [0x00007fbd51b50000, 0x00007fbd51b50000, 0x00007fbd51b50200, 0x00007fbda70b0000)
 Metaspace       used 20904K, capacity 21208K, committed 21248K, reserved 22528K
}
Event: 3.280 GC heap after
{Heap after GC invocations=1 (full 1):
 def new generation   total 629248K, used 0K [0x00007fb7fc600000, 0x00007fb8270c0000, 0x00007fbd51b50000)
  eden space 559360K,   0% used [0x00007fb7fc600000, 0x00007fb7fc600000, 0x00007fb81e840000)
  from space 69888K,   0% used [0x00007fb81e840000, 0x00007fb81e840000, 0x00007fb822c80000)
  to   space 69888K,   0% used [0x00007fb822c80000, 0x00007fb822c80000, 0x00007fb8270c0000)
 tenured generation   total 1398144K, used 13583K [0x00007fbd51b50000, 0x00007fbda70b0000, 0x00007fc7fc600000)
   the space 1398144K,   0% used [0x00007fbd51b50000, 0x00007fbd52893f58, 0x00007fbd52894000, 0x00007fbda70b0000)
 Metaspace       used 20904K, capacity 21208K, committed 21248K, reserved 22528K
}
Event: 5.511 GC heap before
{Heap before GC invocations=1 (full 1):
 def new generation   total 629248K, used 559360K [0x00007fb7fc600000, 0x00007fb8270c0000, 0x00007fbd51b50000)
  eden space 559360K, 100% used [0x00007fb7fc600000, 0x00007fb81e840000, 0x00007fb81e840000)
  from space 69888K,   0% used [0x00007fb81e840000, 0x00007fb81e840000, 0x00007fb822c80000)
  to   space 69888K,   0% used [0x00007fb822c80000, 0x00007fb822c80000, 0x00007fb8270c0000)
 tenured generation   total 1398144K, used 13583K [0x00007fbd51b50000, 0x00007fbda70b0000, 0x00007fc7fc600000)
   the space 1398144K,   0% used [0x00007fbd51b50000, 0x00007fbd52893f58, 0x00007fbd52894000, 0x00007fbda70b0000)
 Metaspace       used 22965K, capacity 23318K, committed 23552K, reserved 24576K
}
Event: 5.518 GC heap after
{Heap after GC invocations=2 (full 1):
 def new generation   total 629248K, used 734K [0x00007fb7fc600000, 0x00007fb8270c0000, 0x00007fbd51b50000)
  eden space 559360K,   0% used [0x00007fb7fc600000, 0x00007fb7fc600000, 0x00007fb81e840000)
  from space 69888K,   1% used [0x00007fb822c80000, 0x00007fb822d37980, 0x00007fb8270c0000)
  to   space 69888K,   0% used [0x00007fb81e840000, 0x00007fb81e840000, 0x00007fb822c80000)
 tenured generation   total 1398144K, used 13583K [0x00007fbd51b50000, 0x00007fbda70b0000, 0x00007fc7fc600000)
   the space 1398144K,   0% used [0x00007fbd51b50000, 0x00007fbd52893f58, 0x00007fbd52894000, 0x00007fbda70b0000)
 Metaspace       used 22965K, capacity 23318K, committed 23552K, reserved 24576K
}
Event: 6.347 GC heap before
{Heap before GC invocations=2 (full 1):
 def new generation   total 629248K, used 499779K [0x00007fb7fc600000, 0x00007fb8270c0000, 0x00007fbd51b50000)
  eden space 559360K,  89% used [0x00007fb7fc600000, 0x00007fb81ad592d0, 0x00007fb81e840000)
  from space 69888K,   1% used [0x00007fb822c80000, 0x00007fb822d37980, 0x00007fb8270c0000)
  to   space 69888K,   0% used [0x00007fb81e840000, 0x00007fb81e840000, 0x00007fb822c80000)
 tenured generation   total 1398144K, used 13583K [0x00007fbd51b50000, 0x00007fbda70b0000, 0x00007fc7fc600000)
   the space 1398144K,   0% used [0x00007fbd51b50000, 0x00007fbd52893f58, 0x00007fbd52894000, 0x00007fbda70b0000)
 Metaspace       used 23143K, capacity 23535K, committed 23808K, reserved 24576K
}
Event: 6.369 GC heap after
{Heap after GC invocations=3 (full 1):
 def new generation   total 629248K, used 17492K [0x00007fb7fc600000, 0x00007fb8270c0000, 0x00007fbd51b50000)
  eden space 559360K,   0% used [0x00007fb7fc600000, 0x00007fb7fc600000, 0x00007fb81e840000)
  from space 69888K,  25% used [0x00007fb81e840000, 0x00007fb81f9551c0, 0x00007fb822c80000)
  to   space 69888K,   0% used [0x00007fb822c80000, 0x00007fb822c80000, 0x00007fb8270c0000)
 tenured generation   total 1398144K, used 13583K [0x00007fbd51b50000, 0x00007fbda70b0000, 0x00007fc7fc600000)
   the space 1398144K,   0% used [0x00007fbd51b50000, 0x00007fbd52893f58, 0x00007fbd52894000, 0x00007fbda70b0000)
 Metaspace       used 23143K, capacity 23535K, committed 23808K, reserved 24576K
}
Event: 6.369 GC heap before
{Heap before GC invocations=3 (full 1):
 def new generation   total 629248K, used 17492K [0x00007fb7fc600000, 0x00007fb8270c0000, 0x00007fbd51b50000)
  eden space 559360K,   0% used [0x00007fb7fc600000, 0x00007fb7fc600000, 0x00007fb81e840000)
  from space 69888K,  25% used [0x00007fb81e840000, 0x00007fb81f9551c0, 0x00007fb822c80000)
  to   space 69888K,   0% used [0x00007fb822c80000, 0x00007fb822c80000, 0x00007fb8270c0000)
 tenured generation   total 1398144K, used 13583K [0x00007fbd51b50000, 0x00007fbda70b0000, 0x00007fc7fc600000)
   the space 1398144K,   0% used [0x00007fbd51b50000, 0x00007fbd52893f58, 0x00007fbd52894000, 0x00007fbda70b0000)
 Metaspace       used 23143K, capacity 23535K, committed 23808K, reserved 24576K
}
Event: 6.440 GC heap after
{Heap after GC invocations=3 (full 2):
 def new generation   total 629248K, used 0K [0x00007fb7fc600000, 0x00007fb8270c0000, 0x00007fbd51b50000)
  eden space 559360K,   0% used [0x00007fb7fc600000, 0x00007fb7fc600000, 0x00007fb81e840000)
  from space 69888K,   0% used [0x00007fb81e840000, 0x00007fb81e840000, 0x00007fb822c80000)
  to   space 69888K,   0% used [0x00007fb822c80000, 0x00007fb822c80000, 0x00007fb8270c0000)
 tenured generation   total 1398144K, used 31069K [0x00007fbd51b50000, 0x00007fbda70b0000, 0x00007fc7fc600000)
   the space 1398144K,   2% used [0x00007fbd51b50000, 0x00007fbd539a76a8, 0x00007fbd539a7800, 0x00007fbda70b0000)
 Metaspace       used 23143K, capacity 23535K, committed 23808K, reserved 24576K
}
Event: 12.340 GC heap before
{Heap before GC invocations=3 (full 2):
 def new generation   total 629248K, used 14598K [0x00007fb7fc600000, 0x00007fb8270c0000, 0x00007fbd51b50000)
  eden space 559360K,   2% used [0x00007fb7fc600000, 0x00007fb7fd441878, 0x00007fb81e840000)
  from space 69888K,   0% used [0x00007fb81e840000, 0x00007fb81e840000, 0x00007fb822c80000)
  to   space 69888K,   0% used [0x00007fb822c80000, 0x00007fb822c80000, 0x00007fb8270c0000)
 tenured generation   total 5592452K, used 4225373K [0x00007fbd51b50000, 0x00007fbea70b1000, 0x00007fc7fc600000)
   the space 5592452K,  75% used [0x00007fbd51b50000, 0x00007fbe539a76c0, 0x00007fbe539a7800, 0x00007fbea70b1000)
 Metaspace       used 23146K, capacity 23535K, committed 23808K, reserved 24576K
}
Event: 12.358 GC heap after
{Heap after GC invocations=4 (full 2):
 def new generation   total 629248K, used 0K [0x00007fb7fc600000, 0x00007fb8270c0000, 0x00007fbd51b50000)
  eden space 559360K,   0% used [0x00007fb7fc600000, 0x00007fb7fc600000, 0x00007fb81e840000)
  from space 69888K,   0% used [0x00007fb822c80000, 0x00007fb822c801a8, 0x00007fb8270c0000)
  to   space 69888K,   0% used [0x00007fb81e840000, 0x00007fb81e840000, 0x00007fb822c80000)
 tenured generation   total 5592452K, used 4225373K [0x00007fbd51b50000, 0x00007fbea70b1000, 0x00007fc7fc600000)
   the space 5592452K,  75% used [0x00007fbd51b50000, 0x00007fbe539a76c0, 0x00007fbe539a7800, 0x00007fbea70b1000)
 Metaspace       used 23146K, capacity 23535K, committed 23808K, reserved 24576K
}
Event: 12.358 GC heap before
{Heap before GC invocations=4 (full 2):
 def new generation   total 629248K, used 0K [0x00007fb7fc600000, 0x00007fb8270c0000, 0x00007fbd51b50000)
  eden space 559360K,   0% used [0x00007fb7fc600000, 0x00007fb7fc600000, 0x00007fb81e840000)
  from space 69888K,   0% used [0x00007fb822c80000, 0x00007fb822c801a8, 0x00007fb8270c0000)
  to   space 69888K,   0% used [0x00007fb81e840000, 0x00007fb81e840000, 0x00007fb822c80000)
 tenured generation   total 5592452K, used 4225373K [0x00007fbd51b50000, 0x00007fbea70b1000, 0x00007fc7fc600000)
   the space 5592452K,  75% used [0x00007fbd51b50000, 0x00007fbe539a76c0, 0x00007fbe539a7800, 0x00007fbea70b1000)
 Metaspace       used 23146K, capacity 23535K, committed 23808K, reserved 24576K
}

