# JRE version: OpenJDK Runtime Environment (13.0.7+5) (build 13.0.7+5-Ubuntu-0ubuntu120.04)
# Java VM: OpenJDK 64-Bit Server VM (13.0.7+5-Ubuntu-0ubuntu120.04, mixed mode, tiered, serial gc, linux-amd64)
Heap:
 def new generation   total 3430336K, used 0K [0x00007f8c6c600000, 0x00007f8d55020000, 0x00007f91c1b50000)
  eden space 3049216K,   0% used [0x00007f8c6c600000, 0x00007f8c6c600000, 0x00007f8d267c0000)
  from space 381120K,   0% used [0x00007f8d267c0000, 0x00007f8d267c0000, 0x00007f8d3dbf0000)
  to   space 381120K,   0% used [0x00007f8d3dbf0000, 0x00007f8d3dbf0000, 0x00007f8d55020000)
 tenured generation   total 7622876K, used 4203831K [0x00007f91c1b50000, 0x00007f9392f87000, 0x00007f9c6c600000)
   the space 7622876K,  55% used [0x00007f91c1b50000, 0x00007f92c249dfe8, 0x00007f92c249e000, 0x00007f9392f87000)
 Metaspace       used 23321K, capacity 23690K, committed 23808K, reserved 24576K
GC Heap History (20 events):
Event: 11.031 GC heap before
{Heap before GC invocations=8 (full 2):
 def new generation   total 629248K, used 559360K [0x00007f8c6c600000, 0x00007f8c970c0000, 0x00007f91c1b50000)
  eden space 559360K, 100% used [0x00007f8c6c600000, 0x00007f8c8e840000, 0x00007f8c8e840000)
  from space 69888K,   0% used [0x00007f8c92c80000, 0x00007f8c92c80000, 0x00007f8c970c0000)
  to   space 69888K,   0% used [0x00007f8c8e840000, 0x00007f8c8e840000, 0x00007f8c92c80000)
 tenured generation   total 3495300K, used 2112022K [0x00007f91c1b50000, 0x00007f92970b1000, 0x00007f9c6c600000)
   the space 3495300K,  60% used [0x00007f91c1b50000, 0x00007f92429d5ac0, 0x00007f92429d5c00, 0x00007f92970b1000)
 Metaspace       used 23315K, capacity 23688K, committed 23808K, reserved 24576K
}
Event: 11.035 GC heap after
{Heap after GC invocations=9 (full 2):
 def new generation   total 629248K, used 272K [0x00007f8c6c600000, 0x00007f8c970c0000, 0x00007f91c1b50000)
  eden space 559360K,   0% used [0x00007f8c6c600000, 0x00007f8c6c600000, 0x00007f8c8e840000)
  from space 69888K,   0% used [0x00007f8c8e840000, 0x00007f8c8e8840d8, 0x00007f8c92c80000)
  to   space 69888K,   0% used [0x00007f8c92c80000, 0x00007f8c92c80000, 0x00007f8c970c0000)
 tenured generation   total 3495300K, used 2112022K [0x00007f91c1b50000, 0x00007f92970b1000, 0x00007f9c6c600000)
   the space 3495300K,  60% used [0x00007f91c1b50000, 0x00007f92429d5ac0, 0x00007f92429d5c00, 0x00007f92970b1000)
 Metaspace       used 23315K, capacity 23688K, committed 23808K, reserved 24576K
}
Event: 11.734 GC heap before
{Heap before GC invocations=9 (full 2):
 def new generation   total 629248K, used 552655K [0x00007f8c6c600000, 0x00007f8c970c0000, 0x00007f91c1b50000)
  eden space 559360K,  98% used [0x00007f8c6c600000, 0x00007f8c8e16fe48, 0x00007f8c8e840000)
  from space 69888K,   0% used [0x00007f8c8e840000, 0x00007f8c8e8840d8, 0x00007f8c92c80000)
  to   space 69888K,   0% used [0x00007f8c92c80000, 0x00007f8c92c80000, 0x00007f8c970c0000)
 tenured generation   total 3495300K, used 2112022K [0x00007f91c1b50000, 0x00007f92970b1000, 0x00007f9c6c600000)
   the space 3495300K,  60% used [0x00007f91c1b50000, 0x00007f92429d5ac0, 0x00007f92429d5c00, 0x00007f92970b1000)
 Metaspace       used 23321K, capacity 23690K, committed 23808K, reserved 24576K
}
Event: 11.740 GC heap after
{Heap after GC invocations=10 (full 2):
 def new generation   total 629248K, used 4882K [0x00007f8c6c600000, 0x00007f8c970c0000, 0x00007f91c1b50000)
  eden space 559360K,   0% used [0x00007f8c6c600000, 0x00007f8c6c600000, 0x00007f8c8e840000)
  from space 69888K,   6% used [0x00007f8c92c80000, 0x00007f8c931449d0, 0x00007f8c970c0000)
  to   space 69888K,   0% used [0x00007f8c8e840000, 0x00007f8c8e840000, 0x00007f8c92c80000)
 tenured generation   total 3495300K, used 2112022K [0x00007f91c1b50000, 0x00007f92970b1000, 0x00007f9c6c600000)
   the space 3495300K,  60% used [0x00007f91c1b50000, 0x00007f92429d5ac0, 0x00007f92429d5c00, 0x00007f92970b1000)
 Metaspace       used 23321K, capacity 23690K, committed 23808K, reserved 24576K
}
Event: 11.740 GC heap before
{Heap before GC invocations=10 (full 2):
 def new generation   total 629248K, used 4882K [0x00007f8c6c600000, 0x00007f8c970c0000, 0x00007f91c1b50000)
  eden space 559360K,   0% used [0x00007f8c6c600000, 0x00007f8c6c600000, 0x00007f8c8e840000)
  from space 69888K,   6% used [0x00007f8c92c80000, 0x00007f8c931449d0, 0x00007f8c970c0000)
  to   space 69888K,   0% used [0x00007f8c8e840000, 0x00007f8c8e840000, 0x00007f8c92c80000)
 tenured generation   total 3495300K, used 2112022K [0x00007f91c1b50000, 0x00007f92970b1000, 0x00007f9c6c600000)
   the space 3495300K,  60% used [0x00007f91c1b50000, 0x00007f92429d5ac0, 0x00007f92429d5c00, 0x00007f92970b1000)
 Metaspace       used 23321K, capacity 23690K, committed 23808K, reserved 24576K
}
Event: 11.816 GC heap after
{Heap after GC invocations=10 (full 3):
 def new generation   total 1572992K, used 0K [0x00007f8c6c600000, 0x00007f8cd70c0000, 0x00007f91c1b50000)
  eden space 1398272K,   0% used [0x00007f8c6c600000, 0x00007f8c6c600000, 0x00007f8cc1b80000)
  from space 174720K,   0% used [0x00007f8cc1b80000, 0x00007f8cc1b80000, 0x00007f8ccc620000)
  to   space 174720K,   0% used [0x00007f8ccc620000, 0x00007f8ccc620000, 0x00007f8cd70c0000)
 tenured generation   total 3495300K, used 19753K [0x00007f91c1b50000, 0x00007f92970b1000, 0x00007f9c6c600000)
   the space 3495300K,   0% used [0x00007f91c1b50000, 0x00007f91c2e9a478, 0x00007f91c2e9a600, 0x00007f92970b1000)
 Metaspace       used 23321K, capacity 23690K, committed 23808K, reserved 24576K
}
Event: 23.233 GC heap before
{Heap before GC invocations=10 (full 3):
 def new generation   total 1572992K, used 27609K [0x00007f8c6c600000, 0x00007f8cd70c0000, 0x00007f91c1b50000)
  eden space 1398272K,   1% used [0x00007f8c6c600000, 0x00007f8c6e0f6468, 0x00007f8cc1b80000)
  from space 174720K,   0% used [0x00007f8cc1b80000, 0x00007f8cc1b80000, 0x00007f8ccc620000)
  to   space 174720K,   0% used [0x00007f8ccc620000, 0x00007f8ccc620000, 0x00007f8cd70c0000)
 tenured generation   total 7689608K, used 6311209K [0x00007f91c1b50000, 0x00007f93970b2000, 0x00007f9c6c600000)
   the space 7689608K,  82% used [0x00007f91c1b50000, 0x00007f9342e9a4a8, 0x00007f9342e9a600, 0x00007f93970b2000)
 Metaspace       used 23321K, capacity 23690K, committed 23808K, reserved 24576K
}
Event: 23.615 GC heap after
{Heap after GC invocations=11 (full 3):
 def new generation   total 1572992K, used 0K [0x00007f8c6c600000, 0x00007f8cd70c0000, 0x00007f91c1b50000)
  eden space 1398272K,   0% used [0x00007f8c6c600000, 0x00007f8c6c600000, 0x00007f8cc1b80000)
  from space 174720K,   0% used [0x00007f8ccc620000, 0x00007f8ccc6201b8, 0x00007f8cd70c0000)
  to   space 174720K,   0% used [0x00007f8cc1b80000, 0x00007f8cc1b80000, 0x00007f8ccc620000)
 tenured generation   total 7689608K, used 6311209K [0x00007f91c1b50000, 0x00007f93970b2000, 0x00007f9c6c600000)
   the space 7689608K,  82% used [0x00007f91c1b50000, 0x00007f9342e9a4a8, 0x00007f9342e9a600, 0x00007f93970b2000)
 Metaspace       used 23321K, capacity 23690K, committed 23808K, reserved 24576K
}
Event: 23.616 GC heap before
{Heap before GC invocations=11 (full 3):
 def new generation   total 1572992K, used 0K [0x00007f8c6c600000, 0x00007f8cd70c0000, 0x00007f91c1b50000)
  eden space 1398272K,   0% used [0x00007f8c6c600000, 0x00007f8c6c600000, 0x00007f8cc1b80000)
  from space 174720K,   0% used [0x00007f8ccc620000, 0x00007f8ccc6201b8, 0x00007f8cd70c0000)
  to   space 174720K,   0% used [0x00007f8cc1b80000, 0x00007f8cc1b80000, 0x00007f8ccc620000)
 tenured generation   total 7689608K, used 6311209K [0x00007f91c1b50000, 0x00007f93970b2000, 0x00007f9c6c600000)
   the space 7689608K,  82% used [0x00007f91c1b50000, 0x00007f9342e9a4a8, 0x00007f9342e9a600, 0x00007f93970b2000)
 Metaspace       used 23321K, capacity 23690K, committed 23808K, reserved 24576K
}
Event: 24.398 GC heap after
{Heap after GC invocations=11 (full 4):
 def new generation   total 3430336K, used 0K [0x00007f8c6c600000, 0x00007f8d55020000, 0x00007f91c1b50000)
  eden space 3049216K,   0% used [0x00007f8c6c600000, 0x00007f8c6c600000, 0x00007f8d267c0000)
  from space 381120K,   0% used [0x00007f8d267c0000, 0x00007f8d267c0000, 0x00007f8d3dbf0000)
  to   space 381120K,   0% used [0x00007f8d3dbf0000, 0x00007f8d3dbf0000, 0x00007f8d55020000)
 tenured generation   total 7622876K, used 2106678K [0x00007f91c1b50000, 0x00007f9392f87000, 0x00007f9c6c600000)
   the space 7622876K,  27% used [0x00007f91c1b50000, 0x00007f924249dbf8, 0x00007f924249dc00, 0x00007f9392f87000)
 Metaspace       used 23321K, capacity 23690K, committed 23808K, reserved 24576K
}
Event: 35.699 GC heap before
{Heap before GC invocations=11 (full 4):
 def new generation   total 3430336K, used 2157359K [0x00007f8c6c600000, 0x00007f8d55020000, 0x00007f91c1b50000)
  eden space 3049216K,  70% used [0x00007f8c6c600000, 0x00007f8cf00cbd08, 0x00007f8d267c0000)
  from space 381120K,   0% used [0x00007f8d267c0000, 0x00007f8d267c0000, 0x00007f8d3dbf0000)
  to   space 381120K,   0% used [0x00007f8d3dbf0000, 0x00007f8d3dbf0000, 0x00007f8d55020000)
 tenured generation   total 7622876K, used 2106678K [0x00007f91c1b50000, 0x00007f9392f87000, 0x00007f9c6c600000)
   the space 7622876K,  27% used [0x00007f91c1b50000, 0x00007f924249dbf8, 0x00007f924249dc00, 0x00007f9392f87000)
 Metaspace       used 23321K, capacity 23690K, committed 23808K, reserved 24576K
}
Event: 36.451 GC heap after
{Heap after GC invocations=12 (full 4):
 def new generation   total 3430336K, used 0K [0x00007f8c6c600000, 0x00007f8d55020000, 0x00007f91c1b50000)
  eden space 3049216K,   0% used [0x00007f8c6c600000, 0x00007f8c6c600000, 0x00007f8d267c0000)
  from space 381120K,   0% used [0x00007f8d3dbf0000, 0x00007f8d3dbf0248, 0x00007f8d55020000)
  to   space 381120K,   0% used [0x00007f8d267c0000, 0x00007f8d267c0000, 0x00007f8d3dbf0000)
 tenured generation   total 7622876K, used 4203831K [0x00007f91c1b50000, 0x00007f9392f87000, 0x00007f9c6c600000)
   the space 7622876K,  55% used [0x00007f91c1b50000, 0x00007f92c249dc10, 0x00007f92c249de00, 0x00007f9392f87000)
 Metaspace       used 23321K, capacity 23690K, committed 23808K, reserved 24576K
}
Event: 44.030 GC heap before
{Heap before GC invocations=12 (full 4):
 def new generation   total 3430336K, used 2288108K [0x00007f8c6c600000, 0x00007f8d55020000, 0x00007f91c1b50000)
  eden space 3049216K,  75% used [0x00007f8c6c600000, 0x00007f8cf807ae70, 0x00007f8d267c0000)
  from space 381120K,   0% used [0x00007f8d3dbf0000, 0x00007f8d3dbf0248, 0x00007f8d55020000)
  to   space 381120K,   0% used [0x00007f8d267c0000, 0x00007f8d267c0000, 0x00007f8d3dbf0000)
 tenured generation   total 7622876K, used 4203831K [0x00007f91c1b50000, 0x00007f9392f87000, 0x00007f9c6c600000)
   the space 7622876K,  55% used [0x00007f91c1b50000, 0x00007f92c249dc10, 0x00007f92c249de00, 0x00007f9392f87000)
 Metaspace       used 23321K, capacity 23690K, committed 23808K, reserved 24576K
}
Event: 44.181 GC heap after
{Heap after GC invocations=13 (full 4):
 def new generation   total 3430336K, used 131073K [0x00007f8c6c600000, 0x00007f8d55020000, 0x00007f91c1b50000)
  eden space 3049216K,   0% used [0x00007f8c6c600000, 0x00007f8c6c600000, 0x00007f8d267c0000)
  from space 381120K,  34% used [0x00007f8d267c0000, 0x00007f8d2e7c0450, 0x00007f8d3dbf0000)
  to   space 381120K,   0% used [0x00007f8d3dbf0000, 0x00007f8d3dbf0000, 0x00007f8d55020000)
 tenured generation   total 7622876K, used 4203831K [0x00007f91c1b50000, 0x00007f9392f87000, 0x00007f9c6c600000)
   the space 7622876K,  55% used [0x00007f91c1b50000, 0x00007f92c249dc10, 0x00007f92c249de00, 0x00007f9392f87000)
 Metaspace       used 23321K, capacity 23690K, committed 23808K, reserved 24576K
}
Event: 46.494 GC heap before
{Heap before GC invocations=13 (full 4):
 def new generation   total 3430336K, used 2287935K [0x00007f8c6c600000, 0x00007f8d55020000, 0x00007f91c1b50000)
  eden space 3049216K,  70% used [0x00007f8c6c600000, 0x00007f8cf004f8e8, 0x00007f8d267c0000)
  from space 381120K,  34% used [0x00007f8d267c0000, 0x00007f8d2e7c0450, 0x00007f8d3dbf0000)
  to   space 381120K,   0% used [0x00007f8d3dbf0000, 0x00007f8d3dbf0000, 0x00007f8d55020000)
 tenured generation   total 7622876K, used 4203831K [0x00007f91c1b50000, 0x00007f9392f87000, 0x00007f9c6c600000)
   the space 7622876K,  55% used [0x00007f91c1b50000, 0x00007f92c249dc10, 0x00007f92c249de00, 0x00007f9392f87000)
 Metaspace       used 23321K, capacity 23690K, committed 23808K, reserved 24576K
}
Event: 47.702 GC heap after
{Heap after GC invocations=14 (full 4):
 def new generation   total 3430336K, used 65537K [0x00007f8c6c600000, 0x00007f8d55020000, 0x00007f91c1b50000)
  eden space 3049216K,   0% used [0x00007f8c6c600000, 0x00007f8c6c600000, 0x00007f8d267c0000)
  from space 381120K,  17% used [0x00007f8d3dbf0000, 0x00007f8d41bf0430, 0x00007f8d55020000)
  to   space 381120K,   0% used [0x00007f8d267c0000, 0x00007f8d267c0000, 0x00007f8d3dbf0000)
 tenured generation   total 7622876K, used 6300983K [0x00007f91c1b50000, 0x00007f9392f87000, 0x00007f9c6c600000)
   the space 7622876K,  82% used [0x00007f91c1b50000, 0x00007f934249dc28, 0x00007f934249de00, 0x00007f9392f87000)
 Metaspace       used 23321K, capacity 23690K, committed 23808K, reserved 24576K
}
Event: 49.343 GC heap before
{Heap before GC invocations=14 (full 4):
 def new generation   total 3430336K, used 2222254K [0x00007f8c6c600000, 0x00007f8d55020000, 0x00007f91c1b50000)
  eden space 3049216K,  70% used [0x00007f8c6c600000, 0x00007f8cf002b560, 0x00007f8d267c0000)
  from space 381120K,  17% used [0x00007f8d3dbf0000, 0x00007f8d41bf0430, 0x00007f8d55020000)
  to   space 381120K,   0% used [0x00007f8d267c0000, 0x00007f8d267c0000, 0x00007f8d3dbf0000)
 tenured generation   total 7622876K, used 6300983K [0x00007f91c1b50000, 0x00007f9392f87000, 0x00007f9c6c600000)
   the space 7622876K,  82% used [0x00007f91c1b50000, 0x00007f934249dc28, 0x00007f934249de00, 0x00007f9392f87000)
 Metaspace       used 23321K, capacity 23690K, committed 23808K, reserved 24576K
}
Event: 52.536 GC heap after
{Heap after GC invocations=15 (full 4):
 def new generation   total 3430336K, used 65537K [0x00007f8c6c600000, 0x00007f8d55020000, 0x00007f91c1b50000)
  eden space 3049216K,   0% used [0x00007f8c6c600000, 0x00007f8c6c600000, 0x00007f8d267c0000)
  from space 381120K,  17% used [0x00007f8d267c0000, 0x00007f8d2a7c06c0, 0x00007f8d3dbf0000)
  to   space 381120K,   0% used [0x00007f8d3dbf0000, 0x00007f8d3dbf0000, 0x00007f8d55020000)
 tenured generation   total 9720032K, used 8398135K [0x00007f91c1b50000, 0x00007f9412f88000, 0x00007f9c6c600000)
   the space 9720032K,  86% used [0x00007f91c1b50000, 0x00007f93c249dc40, 0x00007f93c249de00, 0x00007f9412f88000)
 Metaspace       used 23321K, capacity 23690K, committed 23808K, reserved 24576K
}
Event: 52.536 GC heap before
{Heap before GC invocations=15 (full 4):
 def new generation   total 3430336K, used 65537K [0x00007f8c6c600000, 0x00007f8d55020000, 0x00007f91c1b50000)
  eden space 3049216K,   0% used [0x00007f8c6c600000, 0x00007f8c6c600000, 0x00007f8d267c0000)
  from space 381120K,  17% used [0x00007f8d267c0000, 0x00007f8d2a7c06c0, 0x00007f8d3dbf0000)
  to   space 381120K,   0% used [0x00007f8d3dbf0000, 0x00007f8d3dbf0000, 0x00007f8d55020000)
 tenured generation   total 9720032K, used 8398135K [0x00007f91c1b50000, 0x00007f9412f88000, 0x00007f9c6c600000)
   the space 9720032K,  86% used [0x00007f91c1b50000, 0x00007f93c249dc40, 0x00007f93c249de00, 0x00007f9412f88000)
 Metaspace       used 23321K, capacity 23690K, committed 23808K, reserved 24576K
}
Event: 54.615 GC heap after
{Heap after GC invocations=15 (full 5):
 def new generation   total 3430336K, used 0K [0x00007f8c6c600000, 0x00007f8d55020000, 0x00007f91c1b50000)
  eden space 3049216K,   0% used [0x00007f8c6c600000, 0x00007f8c6c600000, 0x00007f8d267c0000)
  from space 381120K,   0% used [0x00007f8d267c0000, 0x00007f8d267c0000, 0x00007f8d3dbf0000)
  to   space 381120K,   0% used [0x00007f8d3dbf0000, 0x00007f8d3dbf0000, 0x00007f8d55020000)
 tenured generation   total 7622876K, used 4203831K [0x00007f91c1b50000, 0x00007f9392f87000, 0x00007f9c6c600000)
   the space 7622876K,  55% used [0x00007f91c1b50000, 0x00007f92c249dfe8, 0x00007f92c249e000, 0x00007f9392f87000)
 Metaspace       used 23321K, capacity 23690K, committed 23808K, reserved 24576K
}

