# JRE version: OpenJDK Runtime Environment (13.0.7+5) (build 13.0.7+5-Ubuntu-0ubuntu120.04)
# Java VM: OpenJDK 64-Bit Server VM (13.0.7+5-Ubuntu-0ubuntu120.04, mixed mode, tiered, serial gc, linux-amd64)
Heap:
 def new generation   total 14447680K, used 0K [0x00007f0e64600000, 0x00007f12382b0000, 0x00007f13b9b50000)
  eden space 12842432K,   0% used [0x00007f0e64600000, 0x00007f0e64600000, 0x00007f1174370000)
  from space 1605248K,   0% used [0x00007f1174370000, 0x00007f1174370000, 0x00007f11d6310000)
  to   space 1605248K,   0% used [0x00007f11d6310000, 0x00007f11d6310000, 0x00007f12382b0000)
 tenured generation   total 32457852K, used 32057792K [0x00007f13b9b50000, 0x00007f1b76c6f000, 0x00007f1e64600000)
   the space 32457852K,  98% used [0x00007f13b9b50000, 0x00007f1b5e5c02b8, 0x00007f1b5e5c0400, 0x00007f1b76c6f000)
 Metaspace       used 30540K, capacity 30978K, committed 31232K, reserved 32768K
GC Heap History (20 events):
Event: 1690.195 GC heap after
{Heap after GC invocations=105 (full 7):
 def new generation   total 14447680K, used 1289462K [0x00007f0e64600000, 0x00007f12382b0000, 0x00007f13b9b50000)
  eden space 12842432K,   0% used [0x00007f0e64600000, 0x00007f0e64600000, 0x00007f1174370000)
  from space 1605248K,  80% used [0x00007f11d6310000, 0x00007f1224e4d888, 0x00007f12382b0000)
  to   space 1605248K,   0% used [0x00007f1174370000, 0x00007f1174370000, 0x00007f11d6310000)
 tenured generation   total 32105724K, used 23136786K [0x00007f13b9b50000, 0x00007f1b6148f000, 0x00007f1e64600000)
   the space 32105724K,  72% used [0x00007f13b9b50000, 0x00007f193ddd4ab0, 0x00007f193ddd4c00, 0x00007f1b6148f000)
 Metaspace       used 30540K, capacity 30978K, committed 31232K, reserved 32768K
}
Event: 1693.892 GC heap before
{Heap before GC invocations=105 (full 7):
 def new generation   total 14447680K, used 14131894K [0x00007f0e64600000, 0x00007f12382b0000, 0x00007f13b9b50000)
  eden space 12842432K, 100% used [0x00007f0e64600000, 0x00007f1174370000, 0x00007f1174370000)
  from space 1605248K,  80% used [0x00007f11d6310000, 0x00007f1224e4d888, 0x00007f12382b0000)
  to   space 1605248K,   0% used [0x00007f1174370000, 0x00007f1174370000, 0x00007f11d6310000)
 tenured generation   total 32105724K, used 23136786K [0x00007f13b9b50000, 0x00007f1b6148f000, 0x00007f1e64600000)
   the space 32105724K,  72% used [0x00007f13b9b50000, 0x00007f193ddd4ab0, 0x00007f193ddd4c00, 0x00007f1b6148f000)
 Metaspace       used 30540K, capacity 30978K, committed 31232K, reserved 32768K
}
Event: 1697.537 GC heap after
{Heap after GC invocations=106 (full 7):
 def new generation   total 14447680K, used 1027400K [0x00007f0e64600000, 0x00007f12382b0000, 0x00007f13b9b50000)
  eden space 12842432K,   0% used [0x00007f0e64600000, 0x00007f0e64600000, 0x00007f1174370000)
  from space 1605248K,  64% used [0x00007f1174370000, 0x00007f11b2ec20f8, 0x00007f11d6310000)
  to   space 1605248K,   0% used [0x00007f11d6310000, 0x00007f11d6310000, 0x00007f12382b0000)
 tenured generation   total 32105724K, used 24426248K [0x00007f13b9b50000, 0x00007f1b6148f000, 0x00007f1e64600000)
   the space 32105724K,  76% used [0x00007f13b9b50000, 0x00007f198c912318, 0x00007f198c912400, 0x00007f1b6148f000)
 Metaspace       used 30540K, capacity 30978K, committed 31232K, reserved 32768K
}
Event: 1701.105 GC heap before
{Heap before GC invocations=106 (full 7):
 def new generation   total 14447680K, used 13869832K [0x00007f0e64600000, 0x00007f12382b0000, 0x00007f13b9b50000)
  eden space 12842432K, 100% used [0x00007f0e64600000, 0x00007f1174370000, 0x00007f1174370000)
  from space 1605248K,  64% used [0x00007f1174370000, 0x00007f11b2ec20f8, 0x00007f11d6310000)
  to   space 1605248K,   0% used [0x00007f11d6310000, 0x00007f11d6310000, 0x00007f12382b0000)
 tenured generation   total 32105724K, used 24426248K [0x00007f13b9b50000, 0x00007f1b6148f000, 0x00007f1e64600000)
   the space 32105724K,  76% used [0x00007f13b9b50000, 0x00007f198c912318, 0x00007f198c912400, 0x00007f1b6148f000)
 Metaspace       used 30540K, capacity 30978K, committed 31232K, reserved 32768K
}
Event: 1704.343 GC heap after
{Heap after GC invocations=107 (full 7):
 def new generation   total 14447680K, used 972024K [0x00007f0e64600000, 0x00007f12382b0000, 0x00007f13b9b50000)
  eden space 12842432K,   0% used [0x00007f0e64600000, 0x00007f0e64600000, 0x00007f1174370000)
  from space 1605248K,  60% used [0x00007f11d6310000, 0x00007f121184e160, 0x00007f12382b0000)
  to   space 1605248K,   0% used [0x00007f1174370000, 0x00007f1174370000, 0x00007f11d6310000)
 tenured generation   total 32105724K, used 25453648K [0x00007f13b9b50000, 0x00007f1b6148f000, 0x00007f1e64600000)
   the space 32105724K,  79% used [0x00007f13b9b50000, 0x00007f19cb4641b0, 0x00007f19cb464200, 0x00007f1b6148f000)
 Metaspace       used 30540K, capacity 30978K, committed 31232K, reserved 32768K
}
Event: 1707.706 GC heap before
{Heap before GC invocations=107 (full 7):
 def new generation   total 14447680K, used 13814456K [0x00007f0e64600000, 0x00007f12382b0000, 0x00007f13b9b50000)
  eden space 12842432K, 100% used [0x00007f0e64600000, 0x00007f1174370000, 0x00007f1174370000)
  from space 1605248K,  60% used [0x00007f11d6310000, 0x00007f121184e160, 0x00007f12382b0000)
  to   space 1605248K,   0% used [0x00007f1174370000, 0x00007f1174370000, 0x00007f11d6310000)
 tenured generation   total 32105724K, used 25453648K [0x00007f13b9b50000, 0x00007f1b6148f000, 0x00007f1e64600000)
   the space 32105724K,  79% used [0x00007f13b9b50000, 0x00007f19cb4641b0, 0x00007f19cb464200, 0x00007f1b6148f000)
 Metaspace       used 30540K, capacity 30978K, committed 31232K, reserved 32768K
}
Event: 1710.922 GC heap after
{Heap after GC invocations=108 (full 7):
 def new generation   total 14447680K, used 965122K [0x00007f0e64600000, 0x00007f12382b0000, 0x00007f13b9b50000)
  eden space 12842432K,   0% used [0x00007f0e64600000, 0x00007f0e64600000, 0x00007f1174370000)
  from space 1605248K,  60% used [0x00007f1174370000, 0x00007f11af1f09c0, 0x00007f11d6310000)
  to   space 1605248K,   0% used [0x00007f11d6310000, 0x00007f11d6310000, 0x00007f12382b0000)
 tenured generation   total 32105724K, used 26425671K [0x00007f13b9b50000, 0x00007f1b6148f000, 0x00007f1e64600000)
   the space 32105724K,  82% used [0x00007f13b9b50000, 0x00007f1a069a1f80, 0x00007f1a069a2000, 0x00007f1b6148f000)
 Metaspace       used 30540K, capacity 30978K, committed 31232K, reserved 32768K
}
Event: 1714.332 GC heap before
{Heap before GC invocations=108 (full 7):
 def new generation   total 14447680K, used 13807554K [0x00007f0e64600000, 0x00007f12382b0000, 0x00007f13b9b50000)
  eden space 12842432K, 100% used [0x00007f0e64600000, 0x00007f1174370000, 0x00007f1174370000)
  from space 1605248K,  60% used [0x00007f1174370000, 0x00007f11af1f09c0, 0x00007f11d6310000)
  to   space 1605248K,   0% used [0x00007f11d6310000, 0x00007f11d6310000, 0x00007f12382b0000)
 tenured generation   total 32105724K, used 26425671K [0x00007f13b9b50000, 0x00007f1b6148f000, 0x00007f1e64600000)
   the space 32105724K,  82% used [0x00007f13b9b50000, 0x00007f1a069a1f80, 0x00007f1a069a2000, 0x00007f1b6148f000)
 Metaspace       used 30540K, capacity 30978K, committed 31232K, reserved 32768K
}
Event: 1717.646 GC heap after
{Heap after GC invocations=109 (full 7):
 def new generation   total 14447680K, used 965089K [0x00007f0e64600000, 0x00007f12382b0000, 0x00007f13b9b50000)
  eden space 12842432K,   0% used [0x00007f0e64600000, 0x00007f0e64600000, 0x00007f1174370000)
  from space 1605248K,  60% used [0x00007f11d6310000, 0x00007f1211188680, 0x00007f12382b0000)
  to   space 1605248K,   0% used [0x00007f1174370000, 0x00007f1174370000, 0x00007f11d6310000)
 tenured generation   total 32105724K, used 27390793K [0x00007f13b9b50000, 0x00007f1b6148f000, 0x00007f1e64600000)
   the space 32105724K,  85% used [0x00007f13b9b50000, 0x00007f1a418225b0, 0x00007f1a41822600, 0x00007f1b6148f000)
 Metaspace       used 30540K, capacity 30978K, committed 31232K, reserved 32768K
}
Event: 1720.982 GC heap before
{Heap before GC invocations=109 (full 7):
 def new generation   total 14447680K, used 13807521K [0x00007f0e64600000, 0x00007f12382b0000, 0x00007f13b9b50000)
  eden space 12842432K, 100% used [0x00007f0e64600000, 0x00007f1174370000, 0x00007f1174370000)
  from space 1605248K,  60% used [0x00007f11d6310000, 0x00007f1211188680, 0x00007f12382b0000)
  to   space 1605248K,   0% used [0x00007f1174370000, 0x00007f1174370000, 0x00007f11d6310000)
 tenured generation   total 32105724K, used 27390793K [0x00007f13b9b50000, 0x00007f1b6148f000, 0x00007f1e64600000)
   the space 32105724K,  85% used [0x00007f13b9b50000, 0x00007f1a418225b0, 0x00007f1a41822600, 0x00007f1b6148f000)
 Metaspace       used 30540K, capacity 30978K, committed 31232K, reserved 32768K
}
Event: 1724.250 GC heap after
{Heap after GC invocations=110 (full 7):
 def new generation   total 14447680K, used 967999K [0x00007f0e64600000, 0x00007f12382b0000, 0x00007f13b9b50000)
  eden space 12842432K,   0% used [0x00007f0e64600000, 0x00007f0e64600000, 0x00007f1174370000)
  from space 1605248K,  60% used [0x00007f1174370000, 0x00007f11af4bfe50, 0x00007f11d6310000)
  to   space 1605248K,   0% used [0x00007f11d6310000, 0x00007f11d6310000, 0x00007f12382b0000)
 tenured generation   total 32105724K, used 28355882K [0x00007f13b9b50000, 0x00007f1b6148f000, 0x00007f1e64600000)
   the space 32105724K,  88% used [0x00007f13b9b50000, 0x00007f1a7c69a8a0, 0x00007f1a7c69aa00, 0x00007f1b6148f000)
 Metaspace       used 30540K, capacity 30978K, committed 31232K, reserved 32768K
}
Event: 1727.641 GC heap before
{Heap before GC invocations=110 (full 7):
 def new generation   total 14447680K, used 13810431K [0x00007f0e64600000, 0x00007f12382b0000, 0x00007f13b9b50000)
  eden space 12842432K, 100% used [0x00007f0e64600000, 0x00007f1174370000, 0x00007f1174370000)
  from space 1605248K,  60% used [0x00007f1174370000, 0x00007f11af4bfe50, 0x00007f11d6310000)
  to   space 1605248K,   0% used [0x00007f11d6310000, 0x00007f11d6310000, 0x00007f12382b0000)
 tenured generation   total 32105724K, used 28355882K [0x00007f13b9b50000, 0x00007f1b6148f000, 0x00007f1e64600000)
   the space 32105724K,  88% used [0x00007f13b9b50000, 0x00007f1a7c69a8a0, 0x00007f1a7c69aa00, 0x00007f1b6148f000)
 Metaspace       used 30540K, capacity 30978K, committed 31232K, reserved 32768K
}
Event: 1730.891 GC heap after
{Heap after GC invocations=111 (full 7):
 def new generation   total 14447680K, used 972188K [0x00007f0e64600000, 0x00007f12382b0000, 0x00007f13b9b50000)
  eden space 12842432K,   0% used [0x00007f0e64600000, 0x00007f0e64600000, 0x00007f1174370000)
  from space 1605248K,  60% used [0x00007f11d6310000, 0x00007f1211877170, 0x00007f12382b0000)
  to   space 1605248K,   0% used [0x00007f1174370000, 0x00007f1174370000, 0x00007f11d6310000)
 tenured generation   total 32105724K, used 29323881K [0x00007f13b9b50000, 0x00007f1b6148f000, 0x00007f1e64600000)
   the space 32105724K,  91% used [0x00007f13b9b50000, 0x00007f1ab77ea4b0, 0x00007f1ab77ea600, 0x00007f1b6148f000)
 Metaspace       used 30540K, capacity 30978K, committed 31232K, reserved 32768K
}
Event: 1734.178 GC heap before
{Heap before GC invocations=111 (full 7):
 def new generation   total 14447680K, used 13814620K [0x00007f0e64600000, 0x00007f12382b0000, 0x00007f13b9b50000)
  eden space 12842432K, 100% used [0x00007f0e64600000, 0x00007f1174370000, 0x00007f1174370000)
  from space 1605248K,  60% used [0x00007f11d6310000, 0x00007f1211877170, 0x00007f12382b0000)
  to   space 1605248K,   0% used [0x00007f1174370000, 0x00007f1174370000, 0x00007f11d6310000)
 tenured generation   total 32105724K, used 29323881K [0x00007f13b9b50000, 0x00007f1b6148f000, 0x00007f1e64600000)
   the space 32105724K,  91% used [0x00007f13b9b50000, 0x00007f1ab77ea4b0, 0x00007f1ab77ea600, 0x00007f1b6148f000)
 Metaspace       used 30540K, capacity 30978K, committed 31232K, reserved 32768K
}
Event: 1737.422 GC heap after
{Heap after GC invocations=112 (full 7):
 def new generation   total 14447680K, used 970753K [0x00007f0e64600000, 0x00007f12382b0000, 0x00007f13b9b50000)
  eden space 12842432K,   0% used [0x00007f0e64600000, 0x00007f0e64600000, 0x00007f1174370000)
  from space 1605248K,  60% used [0x00007f1174370000, 0x00007f11af770580, 0x00007f11d6310000)
  to   space 1605248K,   0% used [0x00007f11d6310000, 0x00007f11d6310000, 0x00007f12382b0000)
 tenured generation   total 32105724K, used 30296068K [0x00007f13b9b50000, 0x00007f1b6148f000, 0x00007f1e64600000)
   the space 32105724K,  94% used [0x00007f13b9b50000, 0x00007f1af2d51350, 0x00007f1af2d51400, 0x00007f1b6148f000)
 Metaspace       used 30540K, capacity 30978K, committed 31232K, reserved 32768K
}
Event: 1740.762 GC heap before
{Heap before GC invocations=112 (full 7):
 def new generation   total 14447680K, used 13813185K [0x00007f0e64600000, 0x00007f12382b0000, 0x00007f13b9b50000)
  eden space 12842432K, 100% used [0x00007f0e64600000, 0x00007f1174370000, 0x00007f1174370000)
  from space 1605248K,  60% used [0x00007f1174370000, 0x00007f11af770580, 0x00007f11d6310000)
  to   space 1605248K,   0% used [0x00007f11d6310000, 0x00007f11d6310000, 0x00007f12382b0000)
 tenured generation   total 32105724K, used 30296068K [0x00007f13b9b50000, 0x00007f1b6148f000, 0x00007f1e64600000)
   the space 32105724K,  94% used [0x00007f13b9b50000, 0x00007f1af2d51350, 0x00007f1af2d51400, 0x00007f1b6148f000)
 Metaspace       used 30540K, capacity 30978K, committed 31232K, reserved 32768K
}
Event: 1744.631 GC heap after
{Heap after GC invocations=113 (full 7):
 def new generation   total 14447680K, used 1190876K [0x00007f0e64600000, 0x00007f12382b0000, 0x00007f13b9b50000)
  eden space 12842432K,   0% used [0x00007f0e64600000, 0x00007f0e64600000, 0x00007f1174370000)
  from space 1605248K,  74% used [0x00007f11d6310000, 0x00007f121ee07060, 0x00007f12382b0000)
  to   space 1605248K,   0% used [0x00007f1174370000, 0x00007f1174370000, 0x00007f11d6310000)
 tenured generation   total 32105724K, used 31266821K [0x00007f13b9b50000, 0x00007f1b6148f000, 0x00007f1e64600000)
   the space 32105724K,  97% used [0x00007f13b9b50000, 0x00007f1b2e151540, 0x00007f1b2e151600, 0x00007f1b6148f000)
 Metaspace       used 30540K, capacity 30978K, committed 31232K, reserved 32768K
}
Event: 1748.454 GC heap before
{Heap before GC invocations=113 (full 7):
 def new generation   total 14447680K, used 14033308K [0x00007f0e64600000, 0x00007f12382b0000, 0x00007f13b9b50000)
  eden space 12842432K, 100% used [0x00007f0e64600000, 0x00007f1174370000, 0x00007f1174370000)
  from space 1605248K,  74% used [0x00007f11d6310000, 0x00007f121ee07060, 0x00007f12382b0000)
  to   space 1605248K,   0% used [0x00007f1174370000, 0x00007f1174370000, 0x00007f11d6310000)
 tenured generation   total 32105724K, used 31266821K [0x00007f13b9b50000, 0x00007f1b6148f000, 0x00007f1e64600000)
   the space 32105724K,  97% used [0x00007f13b9b50000, 0x00007f1b2e151540, 0x00007f1b2e151600, 0x00007f1b6148f000)
 Metaspace       used 30540K, capacity 30978K, committed 31232K, reserved 32768K
}
Event: 1752.218 GC heap after
{Heap after GC invocations=114 (full 7):
 def new generation   total 14447680K, used 1133107K [0x00007f0e64600000, 0x00007f12382b0000, 0x00007f13b9b50000)
  eden space 12842432K,   0% used [0x00007f0e64600000, 0x00007f0e64600000, 0x00007f1174370000)
  from space 1605248K,  70% used [0x00007f1174370000, 0x00007f11b95fce60, 0x00007f11d6310000)
  to   space 1605248K,   0% used [0x00007f11d6310000, 0x00007f11d6310000, 0x00007f12382b0000)
 tenured generation   total 32457852K, used 32457696K [0x00007f13b9b50000, 0x00007f1b76c6f000, 0x00007f1e64600000)
   the space 32457852K,  99% used [0x00007f13b9b50000, 0x00007f1b76c48310, 0x00007f1b76c48400, 0x00007f1b76c6f000)
 Metaspace       used 30540K, capacity 30978K, committed 31232K, reserved 32768K
}
Event: 1752.218 GC heap before
{Heap before GC invocations=114 (full 7):
 def new generation   total 14447680K, used 1133107K [0x00007f0e64600000, 0x00007f12382b0000, 0x00007f13b9b50000)
  eden space 12842432K,   0% used [0x00007f0e64600000, 0x00007f0e64600000, 0x00007f1174370000)
  from space 1605248K,  70% used [0x00007f1174370000, 0x00007f11b95fce60, 0x00007f11d6310000)
  to   space 1605248K,   0% used [0x00007f11d6310000, 0x00007f11d6310000, 0x00007f12382b0000)
 tenured generation   total 32457852K, used 32457696K [0x00007f13b9b50000, 0x00007f1b76c6f000, 0x00007f1e64600000)
   the space 32457852K,  99% used [0x00007f13b9b50000, 0x00007f1b76c48310, 0x00007f1b76c48400, 0x00007f1b76c6f000)
 Metaspace       used 30540K, capacity 30978K, committed 31232K, reserved 32768K
}

