# JRE version: OpenJDK Runtime Environment (13.0.7+5) (build 13.0.7+5-Ubuntu-0ubuntu120.04)
# Java VM: OpenJDK 64-Bit Server VM (13.0.7+5-Ubuntu-0ubuntu120.04, mixed mode, tiered, serial gc, linux-amd64)
Heap:
 def new generation   total 4577216K, used 0K [0x00007faf40600000, 0x00007fb076c90000, 0x00007fb9eb0a0000)
  eden space 4068672K,   0% used [0x00007faf40600000, 0x00007faf40600000, 0x00007fb038b50000)
  from space 508544K,   0% used [0x00007fb057bf0000, 0x00007fb057bf0000, 0x00007fb076c90000)
  to   space 508544K,   0% used [0x00007fb038b50000, 0x00007fb038b50000, 0x00007fb057bf0000)
 tenured generation   total 10187808K, used 10033065K [0x00007fb9eb0a0000, 0x00007fbc58da8000, 0x00007fcf40600000)
   the space 10187808K,  98% used [0x00007fb9eb0a0000, 0x00007fbc4f68a478, 0x00007fbc4f68a600, 0x00007fbc58da8000)
 Metaspace       used 24274K, capacity 24698K, committed 24832K, reserved 26624K
GC Heap History (20 events):
Event: 5059.297 GC heap after
{Heap after GC invocations=2950 (full 7):
 def new generation   total 4577216K, used 153672K [0x00007faf40600000, 0x00007fb076c90000, 0x00007fb9eb0a0000)
  eden space 4068672K,   0% used [0x00007faf40600000, 0x00007faf40600000, 0x00007fb038b50000)
  from space 508544K,  30% used [0x00007fb038b50000, 0x00007fb042162308, 0x00007fb057bf0000)
  to   space 508544K,   0% used [0x00007fb057bf0000, 0x00007fb057bf0000, 0x00007fb076c90000)
 tenured generation   total 10171420K, used 10097190K [0x00007fb9eb0a0000, 0x00007fbc57da7000, 0x00007fcf40600000)
   the space 10171420K,  99% used [0x00007fb9eb0a0000, 0x00007fbc53529948, 0x00007fbc53529a00, 0x00007fbc57da7000)
 Metaspace       used 24274K, capacity 24698K, committed 24832K, reserved 26624K
}
Event: 5064.144 GC heap before
{Heap before GC invocations=2950 (full 7):
 def new generation   total 4577216K, used 4222344K [0x00007faf40600000, 0x00007fb076c90000, 0x00007fb9eb0a0000)
  eden space 4068672K, 100% used [0x00007faf40600000, 0x00007fb038b50000, 0x00007fb038b50000)
  from space 508544K,  30% used [0x00007fb038b50000, 0x00007fb042162308, 0x00007fb057bf0000)
  to   space 508544K,   0% used [0x00007fb057bf0000, 0x00007fb057bf0000, 0x00007fb076c90000)
 tenured generation   total 10171420K, used 10097190K [0x00007fb9eb0a0000, 0x00007fbc57da7000, 0x00007fcf40600000)
   the space 10171420K,  99% used [0x00007fb9eb0a0000, 0x00007fbc53529948, 0x00007fbc53529a00, 0x00007fbc57da7000)
 Metaspace       used 24274K, capacity 24698K, committed 24832K, reserved 26624K
}
Event: 5064.287 GC heap after
{Heap after GC invocations=2951 (full 7):
 def new generation   total 4577216K, used 150068K [0x00007faf40600000, 0x00007fb076c90000, 0x00007fb9eb0a0000)
  eden space 4068672K,   0% used [0x00007faf40600000, 0x00007faf40600000, 0x00007fb038b50000)
  from space 508544K,  29% used [0x00007fb057bf0000, 0x00007fb060e7d120, 0x00007fb076c90000)
  to   space 508544K,   0% used [0x00007fb038b50000, 0x00007fb038b50000, 0x00007fb057bf0000)
 tenured generation   total 10171420K, used 10114150K [0x00007fb9eb0a0000, 0x00007fbc57da7000, 0x00007fcf40600000)
   the space 10171420K,  99% used [0x00007fb9eb0a0000, 0x00007fbc545b9940, 0x00007fbc545b9a00, 0x00007fbc57da7000)
 Metaspace       used 24274K, capacity 24698K, committed 24832K, reserved 26624K
}
Event: 5068.188 GC heap before
{Heap before GC invocations=2951 (full 7):
 def new generation   total 4577216K, used 4218740K [0x00007faf40600000, 0x00007fb076c90000, 0x00007fb9eb0a0000)
  eden space 4068672K, 100% used [0x00007faf40600000, 0x00007fb038b50000, 0x00007fb038b50000)
  from space 508544K,  29% used [0x00007fb057bf0000, 0x00007fb060e7d120, 0x00007fb076c90000)
  to   space 508544K,   0% used [0x00007fb038b50000, 0x00007fb038b50000, 0x00007fb057bf0000)
 tenured generation   total 10171420K, used 10114150K [0x00007fb9eb0a0000, 0x00007fbc57da7000, 0x00007fcf40600000)
   the space 10171420K,  99% used [0x00007fb9eb0a0000, 0x00007fbc545b9940, 0x00007fbc545b9a00, 0x00007fbc57da7000)
 Metaspace       used 24274K, capacity 24698K, committed 24832K, reserved 26624K
}
Event: 5068.320 GC heap after
{Heap after GC invocations=2952 (full 7):
 def new generation   total 4577216K, used 152645K [0x00007faf40600000, 0x00007fb076c90000, 0x00007fb9eb0a0000)
  eden space 4068672K,   0% used [0x00007faf40600000, 0x00007faf40600000, 0x00007fb038b50000)
  from space 508544K,  30% used [0x00007fb038b50000, 0x00007fb042061568, 0x00007fb057bf0000)
  to   space 508544K,   0% used [0x00007fb057bf0000, 0x00007fb057bf0000, 0x00007fb076c90000)
 tenured generation   total 10171420K, used 10114150K [0x00007fb9eb0a0000, 0x00007fbc57da7000, 0x00007fcf40600000)
   the space 10171420K,  99% used [0x00007fb9eb0a0000, 0x00007fbc545b9940, 0x00007fbc545b9a00, 0x00007fbc57da7000)
 Metaspace       used 24274K, capacity 24698K, committed 24832K, reserved 26624K
}
Event: 5073.261 GC heap before
{Heap before GC invocations=2952 (full 7):
 def new generation   total 4577216K, used 4221317K [0x00007faf40600000, 0x00007fb076c90000, 0x00007fb9eb0a0000)
  eden space 4068672K, 100% used [0x00007faf40600000, 0x00007fb038b50000, 0x00007fb038b50000)
  from space 508544K,  30% used [0x00007fb038b50000, 0x00007fb042061568, 0x00007fb057bf0000)
  to   space 508544K,   0% used [0x00007fb057bf0000, 0x00007fb057bf0000, 0x00007fb076c90000)
 tenured generation   total 10171420K, used 10114150K [0x00007fb9eb0a0000, 0x00007fbc57da7000, 0x00007fcf40600000)
   the space 10171420K,  99% used [0x00007fb9eb0a0000, 0x00007fbc545b9940, 0x00007fbc545b9a00, 0x00007fbc57da7000)
 Metaspace       used 24274K, capacity 24698K, committed 24832K, reserved 26624K
}
Event: 5073.418 GC heap after
{Heap after GC invocations=2953 (full 7):
 def new generation   total 4577216K, used 149057K [0x00007faf40600000, 0x00007fb076c90000, 0x00007fb9eb0a0000)
  eden space 4068672K,   0% used [0x00007faf40600000, 0x00007faf40600000, 0x00007fb038b50000)
  from space 508544K,  29% used [0x00007fb057bf0000, 0x00007fb060d80658, 0x00007fb076c90000)
  to   space 508544K,   0% used [0x00007fb038b50000, 0x00007fb038b50000, 0x00007fb057bf0000)
 tenured generation   total 10171420K, used 10131111K [0x00007fb9eb0a0000, 0x00007fbc57da7000, 0x00007fcf40600000)
   the space 10171420K,  99% used [0x00007fb9eb0a0000, 0x00007fbc55649cb8, 0x00007fbc55649e00, 0x00007fbc57da7000)
 Metaspace       used 24274K, capacity 24698K, committed 24832K, reserved 26624K
}
Event: 5076.994 GC heap before
{Heap before GC invocations=2953 (full 7):
 def new generation   total 4577216K, used 4217729K [0x00007faf40600000, 0x00007fb076c90000, 0x00007fb9eb0a0000)
  eden space 4068672K, 100% used [0x00007faf40600000, 0x00007fb038b50000, 0x00007fb038b50000)
  from space 508544K,  29% used [0x00007fb057bf0000, 0x00007fb060d80658, 0x00007fb076c90000)
  to   space 508544K,   0% used [0x00007fb038b50000, 0x00007fb038b50000, 0x00007fb057bf0000)
 tenured generation   total 10171420K, used 10131111K [0x00007fb9eb0a0000, 0x00007fbc57da7000, 0x00007fcf40600000)
   the space 10171420K,  99% used [0x00007fb9eb0a0000, 0x00007fbc55649cb8, 0x00007fbc55649e00, 0x00007fbc57da7000)
 Metaspace       used 24274K, capacity 24698K, committed 24832K, reserved 26624K
}
Event: 5077.136 GC heap after
{Heap after GC invocations=2954 (full 7):
 def new generation   total 4577216K, used 152647K [0x00007faf40600000, 0x00007fb076c90000, 0x00007fb9eb0a0000)
  eden space 4068672K,   0% used [0x00007faf40600000, 0x00007faf40600000, 0x00007fb038b50000)
  from space 508544K,  30% used [0x00007fb038b50000, 0x00007fb042061e20, 0x00007fb057bf0000)
  to   space 508544K,   0% used [0x00007fb057bf0000, 0x00007fb057bf0000, 0x00007fb076c90000)
 tenured generation   total 10171420K, used 10131111K [0x00007fb9eb0a0000, 0x00007fbc57da7000, 0x00007fcf40600000)
   the space 10171420K,  99% used [0x00007fb9eb0a0000, 0x00007fbc55649cb8, 0x00007fbc55649e00, 0x00007fbc57da7000)
 Metaspace       used 24274K, capacity 24698K, committed 24832K, reserved 26624K
}
Event: 5082.062 GC heap before
{Heap before GC invocations=2954 (full 7):
 def new generation   total 4577216K, used 4221319K [0x00007faf40600000, 0x00007fb076c90000, 0x00007fb9eb0a0000)
  eden space 4068672K, 100% used [0x00007faf40600000, 0x00007fb038b50000, 0x00007fb038b50000)
  from space 508544K,  30% used [0x00007fb038b50000, 0x00007fb042061e20, 0x00007fb057bf0000)
  to   space 508544K,   0% used [0x00007fb057bf0000, 0x00007fb057bf0000, 0x00007fb076c90000)
 tenured generation   total 10171420K, used 10131111K [0x00007fb9eb0a0000, 0x00007fbc57da7000, 0x00007fcf40600000)
   the space 10171420K,  99% used [0x00007fb9eb0a0000, 0x00007fbc55649cb8, 0x00007fbc55649e00, 0x00007fbc57da7000)
 Metaspace       used 24274K, capacity 24698K, committed 24832K, reserved 26624K
}
Event: 5082.192 GC heap after
{Heap after GC invocations=2955 (full 7):
 def new generation   total 4577216K, used 147005K [0x00007faf40600000, 0x00007fb076c90000, 0x00007fb9eb0a0000)
  eden space 4068672K,   0% used [0x00007faf40600000, 0x00007faf40600000, 0x00007fb038b50000)
  from space 508544K,  28% used [0x00007fb057bf0000, 0x00007fb060b7f778, 0x00007fb076c90000)
  to   space 508544K,   0% used [0x00007fb038b50000, 0x00007fb038b50000, 0x00007fb057bf0000)
 tenured generation   total 10171420K, used 10148071K [0x00007fb9eb0a0000, 0x00007fbc57da7000, 0x00007fcf40600000)
   the space 10171420K,  99% used [0x00007fb9eb0a0000, 0x00007fbc566d9cb0, 0x00007fbc566d9e00, 0x00007fbc57da7000)
 Metaspace       used 24274K, capacity 24698K, committed 24832K, reserved 26624K
}
Event: 5085.834 GC heap before
{Heap before GC invocations=2955 (full 7):
 def new generation   total 4577216K, used 4215677K [0x00007faf40600000, 0x00007fb076c90000, 0x00007fb9eb0a0000)
  eden space 4068672K, 100% used [0x00007faf40600000, 0x00007fb038b50000, 0x00007fb038b50000)
  from space 508544K,  28% used [0x00007fb057bf0000, 0x00007fb060b7f778, 0x00007fb076c90000)
  to   space 508544K,   0% used [0x00007fb038b50000, 0x00007fb038b50000, 0x00007fb057bf0000)
 tenured generation   total 10171420K, used 10148071K [0x00007fb9eb0a0000, 0x00007fbc57da7000, 0x00007fcf40600000)
   the space 10171420K,  99% used [0x00007fb9eb0a0000, 0x00007fbc566d9cb0, 0x00007fbc566d9e00, 0x00007fbc57da7000)
 Metaspace       used 24274K, capacity 24698K, committed 24832K, reserved 26624K
}
Event: 5085.937 GC heap after
{Heap after GC invocations=2956 (full 7):
 def new generation   total 4577216K, used 153144K [0x00007faf40600000, 0x00007fb076c90000, 0x00007fb9eb0a0000)
  eden space 4068672K,   0% used [0x00007faf40600000, 0x00007faf40600000, 0x00007fb038b50000)
  from space 508544K,  30% used [0x00007fb038b50000, 0x00007fb0420de028, 0x00007fb057bf0000)
  to   space 508544K,   0% used [0x00007fb057bf0000, 0x00007fb057bf0000, 0x00007fb076c90000)
 tenured generation   total 10171420K, used 10148071K [0x00007fb9eb0a0000, 0x00007fbc57da7000, 0x00007fcf40600000)
   the space 10171420K,  99% used [0x00007fb9eb0a0000, 0x00007fbc566d9cb0, 0x00007fbc566d9e00, 0x00007fbc57da7000)
 Metaspace       used 24274K, capacity 24698K, committed 24832K, reserved 26624K
}
Event: 5090.798 GC heap before
{Heap before GC invocations=2956 (full 7):
 def new generation   total 4577216K, used 4221816K [0x00007faf40600000, 0x00007fb076c90000, 0x00007fb9eb0a0000)
  eden space 4068672K, 100% used [0x00007faf40600000, 0x00007fb038b50000, 0x00007fb038b50000)
  from space 508544K,  30% used [0x00007fb038b50000, 0x00007fb0420de028, 0x00007fb057bf0000)
  to   space 508544K,   0% used [0x00007fb057bf0000, 0x00007fb057bf0000, 0x00007fb076c90000)
 tenured generation   total 10171420K, used 10148071K [0x00007fb9eb0a0000, 0x00007fbc57da7000, 0x00007fcf40600000)
   the space 10171420K,  99% used [0x00007fb9eb0a0000, 0x00007fbc566d9cb0, 0x00007fbc566d9e00, 0x00007fbc57da7000)
 Metaspace       used 24274K, capacity 24698K, committed 24832K, reserved 26624K
}
Event: 5090.936 GC heap after
{Heap after GC invocations=2957 (full 7):
 def new generation   total 4577216K, used 145982K [0x00007faf40600000, 0x00007fb076c90000, 0x00007fb9eb0a0000)
  eden space 4068672K,   0% used [0x00007faf40600000, 0x00007faf40600000, 0x00007fb038b50000)
  from space 508544K,  28% used [0x00007fb057bf0000, 0x00007fb060a7fab0, 0x00007fb076c90000)
  to   space 508544K,   0% used [0x00007fb038b50000, 0x00007fb038b50000, 0x00007fb057bf0000)
 tenured generation   total 10171420K, used 10165031K [0x00007fb9eb0a0000, 0x00007fbc57da7000, 0x00007fcf40600000)
   the space 10171420K,  99% used [0x00007fb9eb0a0000, 0x00007fbc57769ca8, 0x00007fbc57769e00, 0x00007fbc57da7000)
 Metaspace       used 24274K, capacity 24698K, committed 24832K, reserved 26624K
}
Event: 5094.568 GC heap before
{Heap before GC invocations=2957 (full 7):
 def new generation   total 4577216K, used 4214654K [0x00007faf40600000, 0x00007fb076c90000, 0x00007fb9eb0a0000)
  eden space 4068672K, 100% used [0x00007faf40600000, 0x00007fb038b50000, 0x00007fb038b50000)
  from space 508544K,  28% used [0x00007fb057bf0000, 0x00007fb060a7fab0, 0x00007fb076c90000)
  to   space 508544K,   0% used [0x00007fb038b50000, 0x00007fb038b50000, 0x00007fb057bf0000)
 tenured generation   total 10171420K, used 10165031K [0x00007fb9eb0a0000, 0x00007fbc57da7000, 0x00007fcf40600000)
   the space 10171420K,  99% used [0x00007fb9eb0a0000, 0x00007fbc57769ca8, 0x00007fbc57769e00, 0x00007fbc57da7000)
 Metaspace       used 24274K, capacity 24698K, committed 24832K, reserved 26624K
}
Event: 5094.677 GC heap after
{Heap after GC invocations=2958 (full 7):
 def new generation   total 4577216K, used 152638K [0x00007faf40600000, 0x00007fb076c90000, 0x00007fb9eb0a0000)
  eden space 4068672K,   0% used [0x00007faf40600000, 0x00007faf40600000, 0x00007fb038b50000)
  from space 508544K,  30% used [0x00007fb038b50000, 0x00007fb04205faf8, 0x00007fb057bf0000)
  to   space 508544K,   0% used [0x00007fb057bf0000, 0x00007fb057bf0000, 0x00007fb076c90000)
 tenured generation   total 10171420K, used 10165031K [0x00007fb9eb0a0000, 0x00007fbc57da7000, 0x00007fcf40600000)
   the space 10171420K,  99% used [0x00007fb9eb0a0000, 0x00007fbc57769ca8, 0x00007fbc57769e00, 0x00007fbc57da7000)
 Metaspace       used 24274K, capacity 24698K, committed 24832K, reserved 26624K
}
Event: 5099.519 GC heap before
{Heap before GC invocations=2958 (full 7):
 def new generation   total 4577216K, used 4217908K [0x00007faf40600000, 0x00007fb076c90000, 0x00007fb9eb0a0000)
  eden space 4068672K,  99% used [0x00007faf40600000, 0x00007fb0387fd580, 0x00007fb038b50000)
  from space 508544K,  30% used [0x00007fb038b50000, 0x00007fb04205faf8, 0x00007fb057bf0000)
  to   space 508544K,   0% used [0x00007fb057bf0000, 0x00007fb057bf0000, 0x00007fb076c90000)
 tenured generation   total 10171420K, used 10165031K [0x00007fb9eb0a0000, 0x00007fbc57da7000, 0x00007fcf40600000)
   the space 10171420K,  99% used [0x00007fb9eb0a0000, 0x00007fbc57769ca8, 0x00007fbc57769e00, 0x00007fbc57da7000)
 Metaspace       used 24274K, capacity 24698K, committed 24832K, reserved 26624K
}
Event: 5099.651 GC heap after
{Heap after GC invocations=2959 (full 7):
 def new generation   total 4577216K, used 153716K [0x00007faf40600000, 0x00007fb076c90000, 0x00007fb9eb0a0000)
  eden space 4068672K,   0% used [0x00007faf40600000, 0x00007faf40600000, 0x00007fb038b50000)
  from space 508544K,  30% used [0x00007fb057bf0000, 0x00007fb06120d018, 0x00007fb076c90000)
  to   space 508544K,   0% used [0x00007fb038b50000, 0x00007fb038b50000, 0x00007fb057bf0000)
 tenured generation   total 10187808K, used 10181991K [0x00007fb9eb0a0000, 0x00007fbc58da8000, 0x00007fcf40600000)
   the space 10187808K,  99% used [0x00007fb9eb0a0000, 0x00007fbc587f9ca0, 0x00007fbc587f9e00, 0x00007fbc58da8000)
 Metaspace       used 24274K, capacity 24698K, committed 24832K, reserved 26624K
}
Event: 5099.651 GC heap before
{Heap before GC invocations=2959 (full 7):
 def new generation   total 4577216K, used 153716K [0x00007faf40600000, 0x00007fb076c90000, 0x00007fb9eb0a0000)
  eden space 4068672K,   0% used [0x00007faf40600000, 0x00007faf40600000, 0x00007fb038b50000)
  from space 508544K,  30% used [0x00007fb057bf0000, 0x00007fb06120d018, 0x00007fb076c90000)
  to   space 508544K,   0% used [0x00007fb038b50000, 0x00007fb038b50000, 0x00007fb057bf0000)
 tenured generation   total 10187808K, used 10181991K [0x00007fb9eb0a0000, 0x00007fbc58da8000, 0x00007fcf40600000)
   the space 10187808K,  99% used [0x00007fb9eb0a0000, 0x00007fbc587f9ca0, 0x00007fbc587f9e00, 0x00007fbc58da8000)
 Metaspace       used 24274K, capacity 24698K, committed 24832K, reserved 26624K
}

