# JRE version: OpenJDK Runtime Environment (13.0.7+5) (build 13.0.7+5-Ubuntu-0ubuntu120.04)
# Java VM: OpenJDK 64-Bit Server VM (13.0.7+5-Ubuntu-0ubuntu120.04, mixed mode, tiered, serial gc, linux-amd64)
Heap:
 def new generation   total 2907456K, used 20857K [0x00007fbaa8600000, 0x00007fbb6d8c0000, 0x00007fbffdb50000)
  eden space 2584448K,   0% used [0x00007fbaa8600000, 0x00007fbaa9a5e7e0, 0x00007fbb461e0000)
  from space 323008K,   0% used [0x00007fbb461e0000, 0x00007fbb461e0000, 0x00007fbb59d50000)
  to   space 323008K,   0% used [0x00007fbb59d50000, 0x00007fbb59d50000, 0x00007fbb6d8c0000)
 tenured generation   total 6461412K, used 6461409K [0x00007fbffdb50000, 0x00007fc188149000, 0x00007fcaa8600000)
   the space 6461412K,  99% used [0x00007fbffdb50000, 0x00007fc188148570, 0x00007fc188148600, 0x00007fc188149000)
 Metaspace       used 24370K, capacity 24774K, committed 24832K, reserved 26624K
GC Heap History (20 events):
Event: 9696.890 GC heap after
{Heap after GC invocations=10350 (full 4):
 def new generation   total 2907456K, used 20528K [0x00007fbaa8600000, 0x00007fbb6d8c0000, 0x00007fbffdb50000)
  eden space 2584448K,   0% used [0x00007fbaa8600000, 0x00007fbaa8600000, 0x00007fbb461e0000)
  from space 323008K,   6% used [0x00007fbb59d50000, 0x00007fbb5b15c248, 0x00007fbb6d8c0000)
  to   space 323008K,   0% used [0x00007fbb461e0000, 0x00007fbb461e0000, 0x00007fbb59d50000)
 tenured generation   total 6460836K, used 6449295K [0x00007fbffdb50000, 0x00007fc1880b9000, 0x00007fcaa8600000)
   the space 6460836K,  99% used [0x00007fbffdb50000, 0x00007fc187573c28, 0x00007fc187573e00, 0x00007fc1880b9000)
 Metaspace       used 24370K, capacity 24774K, committed 24832K, reserved 26624K
}
Event: 9698.797 GC heap before
{Heap before GC invocations=10350 (full 4):
 def new generation   total 2907456K, used 2604976K [0x00007fbaa8600000, 0x00007fbb6d8c0000, 0x00007fbffdb50000)
  eden space 2584448K, 100% used [0x00007fbaa8600000, 0x00007fbb461e0000, 0x00007fbb461e0000)
  from space 323008K,   6% used [0x00007fbb59d50000, 0x00007fbb5b15c248, 0x00007fbb6d8c0000)
  to   space 323008K,   0% used [0x00007fbb461e0000, 0x00007fbb461e0000, 0x00007fbb59d50000)
 tenured generation   total 6460836K, used 6449295K [0x00007fbffdb50000, 0x00007fc1880b9000, 0x00007fcaa8600000)
   the space 6460836K,  99% used [0x00007fbffdb50000, 0x00007fc187573c28, 0x00007fc187573e00, 0x00007fc1880b9000)
 Metaspace       used 24370K, capacity 24774K, committed 24832K, reserved 26624K
}
Event: 9698.827 GC heap after
{Heap after GC invocations=10351 (full 4):
 def new generation   total 2907456K, used 20728K [0x00007fbaa8600000, 0x00007fbb6d8c0000, 0x00007fbffdb50000)
  eden space 2584448K,   0% used [0x00007fbaa8600000, 0x00007fbaa8600000, 0x00007fbb461e0000)
  from space 323008K,   6% used [0x00007fbb461e0000, 0x00007fbb4761e298, 0x00007fbb59d50000)
  to   space 323008K,   0% used [0x00007fbb59d50000, 0x00007fbb59d50000, 0x00007fbb6d8c0000)
 tenured generation   total 6460836K, used 6450503K [0x00007fbffdb50000, 0x00007fc1880b9000, 0x00007fcaa8600000)
   the space 6460836K,  99% used [0x00007fbffdb50000, 0x00007fc1876a1e88, 0x00007fc1876a2000, 0x00007fc1880b9000)
 Metaspace       used 24370K, capacity 24774K, committed 24832K, reserved 26624K
}
Event: 9700.728 GC heap before
{Heap before GC invocations=10351 (full 4):
 def new generation   total 2907456K, used 2605176K [0x00007fbaa8600000, 0x00007fbb6d8c0000, 0x00007fbffdb50000)
  eden space 2584448K, 100% used [0x00007fbaa8600000, 0x00007fbb461e0000, 0x00007fbb461e0000)
  from space 323008K,   6% used [0x00007fbb461e0000, 0x00007fbb4761e298, 0x00007fbb59d50000)
  to   space 323008K,   0% used [0x00007fbb59d50000, 0x00007fbb59d50000, 0x00007fbb6d8c0000)
 tenured generation   total 6460836K, used 6450503K [0x00007fbffdb50000, 0x00007fc1880b9000, 0x00007fcaa8600000)
   the space 6460836K,  99% used [0x00007fbffdb50000, 0x00007fc1876a1e88, 0x00007fc1876a2000, 0x00007fc1880b9000)
 Metaspace       used 24370K, capacity 24774K, committed 24832K, reserved 26624K
}
Event: 9700.760 GC heap after
{Heap after GC invocations=10352 (full 4):
 def new generation   total 2907456K, used 20878K [0x00007fbaa8600000, 0x00007fbb6d8c0000, 0x00007fbffdb50000)
  eden space 2584448K,   0% used [0x00007fbaa8600000, 0x00007fbaa8600000, 0x00007fbb461e0000)
  from space 323008K,   6% used [0x00007fbb59d50000, 0x00007fbb5b1b3bc0, 0x00007fbb6d8c0000)
  to   space 323008K,   0% used [0x00007fbb461e0000, 0x00007fbb461e0000, 0x00007fbb59d50000)
 tenured generation   total 6460836K, used 6451712K [0x00007fbffdb50000, 0x00007fc1880b9000, 0x00007fcaa8600000)
   the space 6460836K,  99% used [0x00007fbffdb50000, 0x00007fc1877d00e8, 0x00007fc1877d0200, 0x00007fc1880b9000)
 Metaspace       used 24370K, capacity 24774K, committed 24832K, reserved 26624K
}
Event: 9702.661 GC heap before
{Heap before GC invocations=10352 (full 4):
 def new generation   total 2907456K, used 2605326K [0x00007fbaa8600000, 0x00007fbb6d8c0000, 0x00007fbffdb50000)
  eden space 2584448K, 100% used [0x00007fbaa8600000, 0x00007fbb461e0000, 0x00007fbb461e0000)
  from space 323008K,   6% used [0x00007fbb59d50000, 0x00007fbb5b1b3bc0, 0x00007fbb6d8c0000)
  to   space 323008K,   0% used [0x00007fbb461e0000, 0x00007fbb461e0000, 0x00007fbb59d50000)
 tenured generation   total 6460836K, used 6451712K [0x00007fbffdb50000, 0x00007fc1880b9000, 0x00007fcaa8600000)
   the space 6460836K,  99% used [0x00007fbffdb50000, 0x00007fc1877d00e8, 0x00007fc1877d0200, 0x00007fc1880b9000)
 Metaspace       used 24370K, capacity 24774K, committed 24832K, reserved 26624K
}
Event: 9702.691 GC heap after
{Heap after GC invocations=10353 (full 4):
 def new generation   total 2907456K, used 20947K [0x00007fbaa8600000, 0x00007fbb6d8c0000, 0x00007fbffdb50000)
  eden space 2584448K,   0% used [0x00007fbaa8600000, 0x00007fbaa8600000, 0x00007fbb461e0000)
  from space 323008K,   6% used [0x00007fbb461e0000, 0x00007fbb47654f60, 0x00007fbb59d50000)
  to   space 323008K,   0% used [0x00007fbb59d50000, 0x00007fbb59d50000, 0x00007fbb6d8c0000)
 tenured generation   total 6460836K, used 6453041K [0x00007fbffdb50000, 0x00007fc1880b9000, 0x00007fcaa8600000)
   the space 6460836K,  99% used [0x00007fbffdb50000, 0x00007fc18791c598, 0x00007fc18791c600, 0x00007fc1880b9000)
 Metaspace       used 24370K, capacity 24774K, committed 24832K, reserved 26624K
}
Event: 9704.583 GC heap before
{Heap before GC invocations=10353 (full 4):
 def new generation   total 2907456K, used 2605395K [0x00007fbaa8600000, 0x00007fbb6d8c0000, 0x00007fbffdb50000)
  eden space 2584448K, 100% used [0x00007fbaa8600000, 0x00007fbb461e0000, 0x00007fbb461e0000)
  from space 323008K,   6% used [0x00007fbb461e0000, 0x00007fbb47654f60, 0x00007fbb59d50000)
  to   space 323008K,   0% used [0x00007fbb59d50000, 0x00007fbb59d50000, 0x00007fbb6d8c0000)
 tenured generation   total 6460836K, used 6453041K [0x00007fbffdb50000, 0x00007fc1880b9000, 0x00007fcaa8600000)
   the space 6460836K,  99% used [0x00007fbffdb50000, 0x00007fc18791c598, 0x00007fc18791c600, 0x00007fc1880b9000)
 Metaspace       used 24370K, capacity 24774K, committed 24832K, reserved 26624K
}
Event: 9704.613 GC heap after
{Heap after GC invocations=10354 (full 4):
 def new generation   total 2907456K, used 20994K [0x00007fbaa8600000, 0x00007fbb6d8c0000, 0x00007fbffdb50000)
  eden space 2584448K,   0% used [0x00007fbaa8600000, 0x00007fbaa8600000, 0x00007fbb461e0000)
  from space 323008K,   6% used [0x00007fbb59d50000, 0x00007fbb5b1d0b48, 0x00007fbb6d8c0000)
  to   space 323008K,   0% used [0x00007fbb461e0000, 0x00007fbb461e0000, 0x00007fbb59d50000)
 tenured generation   total 6460836K, used 6454369K [0x00007fbffdb50000, 0x00007fc1880b9000, 0x00007fcaa8600000)
   the space 6460836K,  99% used [0x00007fbffdb50000, 0x00007fc187a68538, 0x00007fc187a68600, 0x00007fc1880b9000)
 Metaspace       used 24370K, capacity 24774K, committed 24832K, reserved 26624K
}
Event: 9706.521 GC heap before
{Heap before GC invocations=10354 (full 4):
 def new generation   total 2907456K, used 2605442K [0x00007fbaa8600000, 0x00007fbb6d8c0000, 0x00007fbffdb50000)
  eden space 2584448K, 100% used [0x00007fbaa8600000, 0x00007fbb461e0000, 0x00007fbb461e0000)
  from space 323008K,   6% used [0x00007fbb59d50000, 0x00007fbb5b1d0b48, 0x00007fbb6d8c0000)
  to   space 323008K,   0% used [0x00007fbb461e0000, 0x00007fbb461e0000, 0x00007fbb59d50000)
 tenured generation   total 6460836K, used 6454369K [0x00007fbffdb50000, 0x00007fc1880b9000, 0x00007fcaa8600000)
   the space 6460836K,  99% used [0x00007fbffdb50000, 0x00007fc187a68538, 0x00007fc187a68600, 0x00007fc1880b9000)
 Metaspace       used 24370K, capacity 24774K, committed 24832K, reserved 26624K
}
Event: 9706.556 GC heap after
{Heap after GC invocations=10355 (full 4):
 def new generation   total 2907456K, used 21046K [0x00007fbaa8600000, 0x00007fbb6d8c0000, 0x00007fbffdb50000)
  eden space 2584448K,   0% used [0x00007fbaa8600000, 0x00007fbaa8600000, 0x00007fbb461e0000)
  from space 323008K,   6% used [0x00007fbb461e0000, 0x00007fbb4766d878, 0x00007fbb59d50000)
  to   space 323008K,   0% used [0x00007fbb59d50000, 0x00007fbb59d50000, 0x00007fbb6d8c0000)
 tenured generation   total 6460836K, used 6455698K [0x00007fbffdb50000, 0x00007fc1880b9000, 0x00007fcaa8600000)
   the space 6460836K,  99% used [0x00007fbffdb50000, 0x00007fc187bb4838, 0x00007fc187bb4a00, 0x00007fc1880b9000)
 Metaspace       used 24370K, capacity 24774K, committed 24832K, reserved 26624K
}
Event: 9708.488 GC heap before
{Heap before GC invocations=10355 (full 4):
 def new generation   total 2907456K, used 2605494K [0x00007fbaa8600000, 0x00007fbb6d8c0000, 0x00007fbffdb50000)
  eden space 2584448K, 100% used [0x00007fbaa8600000, 0x00007fbb461e0000, 0x00007fbb461e0000)
  from space 323008K,   6% used [0x00007fbb461e0000, 0x00007fbb4766d878, 0x00007fbb59d50000)
  to   space 323008K,   0% used [0x00007fbb59d50000, 0x00007fbb59d50000, 0x00007fbb6d8c0000)
 tenured generation   total 6460836K, used 6455698K [0x00007fbffdb50000, 0x00007fc1880b9000, 0x00007fcaa8600000)
   the space 6460836K,  99% used [0x00007fbffdb50000, 0x00007fc187bb4838, 0x00007fc187bb4a00, 0x00007fc1880b9000)
 Metaspace       used 24370K, capacity 24774K, committed 24832K, reserved 26624K
}
Event: 9708.518 GC heap after
{Heap after GC invocations=10356 (full 4):
 def new generation   total 2907456K, used 21001K [0x00007fbaa8600000, 0x00007fbb6d8c0000, 0x00007fbffdb50000)
  eden space 2584448K,   0% used [0x00007fbaa8600000, 0x00007fbaa8600000, 0x00007fbb461e0000)
  from space 323008K,   6% used [0x00007fbb59d50000, 0x00007fbb5b1d2410, 0x00007fbb6d8c0000)
  to   space 323008K,   0% used [0x00007fbb461e0000, 0x00007fbb461e0000, 0x00007fbb59d50000)
 tenured generation   total 6460836K, used 6457145K [0x00007fbffdb50000, 0x00007fc1880b9000, 0x00007fcaa8600000)
   the space 6460836K,  99% used [0x00007fbffdb50000, 0x00007fc187d1e758, 0x00007fc187d1e800, 0x00007fc1880b9000)
 Metaspace       used 24370K, capacity 24774K, committed 24832K, reserved 26624K
}
Event: 9710.489 GC heap before
{Heap before GC invocations=10356 (full 4):
 def new generation   total 2907456K, used 2605449K [0x00007fbaa8600000, 0x00007fbb6d8c0000, 0x00007fbffdb50000)
  eden space 2584448K, 100% used [0x00007fbaa8600000, 0x00007fbb461e0000, 0x00007fbb461e0000)
  from space 323008K,   6% used [0x00007fbb59d50000, 0x00007fbb5b1d2410, 0x00007fbb6d8c0000)
  to   space 323008K,   0% used [0x00007fbb461e0000, 0x00007fbb461e0000, 0x00007fbb59d50000)
 tenured generation   total 6460836K, used 6457145K [0x00007fbffdb50000, 0x00007fc1880b9000, 0x00007fcaa8600000)
   the space 6460836K,  99% used [0x00007fbffdb50000, 0x00007fc187d1e758, 0x00007fc187d1e800, 0x00007fc1880b9000)
 Metaspace       used 24370K, capacity 24774K, committed 24832K, reserved 26624K
}
Event: 9710.521 GC heap after
{Heap after GC invocations=10357 (full 4):
 def new generation   total 2907456K, used 21035K [0x00007fbaa8600000, 0x00007fbb6d8c0000, 0x00007fbffdb50000)
  eden space 2584448K,   0% used [0x00007fbaa8600000, 0x00007fbaa8600000, 0x00007fbb461e0000)
  from space 323008K,   6% used [0x00007fbb461e0000, 0x00007fbb4766adf8, 0x00007fbb59d50000)
  to   space 323008K,   0% used [0x00007fbb59d50000, 0x00007fbb59d50000, 0x00007fbb6d8c0000)
 tenured generation   total 6460836K, used 6458474K [0x00007fbffdb50000, 0x00007fc1880b9000, 0x00007fcaa8600000)
   the space 6460836K,  99% used [0x00007fbffdb50000, 0x00007fc187e6aa58, 0x00007fc187e6ac00, 0x00007fc1880b9000)
 Metaspace       used 24370K, capacity 24774K, committed 24832K, reserved 26624K
}
Event: 9712.459 GC heap before
{Heap before GC invocations=10357 (full 4):
 def new generation   total 2907456K, used 2605483K [0x00007fbaa8600000, 0x00007fbb6d8c0000, 0x00007fbffdb50000)
  eden space 2584448K, 100% used [0x00007fbaa8600000, 0x00007fbb461e0000, 0x00007fbb461e0000)
  from space 323008K,   6% used [0x00007fbb461e0000, 0x00007fbb4766adf8, 0x00007fbb59d50000)
  to   space 323008K,   0% used [0x00007fbb59d50000, 0x00007fbb59d50000, 0x00007fbb6d8c0000)
 tenured generation   total 6460836K, used 6458474K [0x00007fbffdb50000, 0x00007fc1880b9000, 0x00007fcaa8600000)
   the space 6460836K,  99% used [0x00007fbffdb50000, 0x00007fc187e6aa58, 0x00007fc187e6ac00, 0x00007fc1880b9000)
 Metaspace       used 24370K, capacity 24774K, committed 24832K, reserved 26624K
}
Event: 9712.488 GC heap after
{Heap after GC invocations=10358 (full 4):
 def new generation   total 2907456K, used 20992K [0x00007fbaa8600000, 0x00007fbb6d8c0000, 0x00007fbffdb50000)
  eden space 2584448K,   0% used [0x00007fbaa8600000, 0x00007fbaa8600000, 0x00007fbb461e0000)
  from space 323008K,   6% used [0x00007fbb59d50000, 0x00007fbb5b1d0310, 0x00007fbb6d8c0000)
  to   space 323008K,   0% used [0x00007fbb461e0000, 0x00007fbb461e0000, 0x00007fbb59d50000)
 tenured generation   total 6460836K, used 6459922K [0x00007fbffdb50000, 0x00007fc1880b9000, 0x00007fcaa8600000)
   the space 6460836K,  99% used [0x00007fbffdb50000, 0x00007fc187fd4978, 0x00007fc187fd4a00, 0x00007fc1880b9000)
 Metaspace       used 24370K, capacity 24774K, committed 24832K, reserved 26624K
}
Event: 9714.467 GC heap before
{Heap before GC invocations=10358 (full 4):
 def new generation   total 2907456K, used 2605440K [0x00007fbaa8600000, 0x00007fbb6d8c0000, 0x00007fbffdb50000)
  eden space 2584448K,  99% used [0x00007fbaa8600000, 0x00007fbb461dffd8, 0x00007fbb461e0000)
  from space 323008K,   6% used [0x00007fbb59d50000, 0x00007fbb5b1d0310, 0x00007fbb6d8c0000)
  to   space 323008K,   0% used [0x00007fbb461e0000, 0x00007fbb461e0000, 0x00007fbb59d50000)
 tenured generation   total 6460836K, used 6459922K [0x00007fbffdb50000, 0x00007fc1880b9000, 0x00007fcaa8600000)
   the space 6460836K,  99% used [0x00007fbffdb50000, 0x00007fc187fd4978, 0x00007fc187fd4a00, 0x00007fc1880b9000)
 Metaspace       used 24370K, capacity 24774K, committed 24832K, reserved 26624K
}
Event: 9714.497 GC heap after
{Heap after GC invocations=10359 (full 4):
 def new generation   total 2907456K, used 21016K [0x00007fbaa8600000, 0x00007fbb6d8c0000, 0x00007fbffdb50000)
  eden space 2584448K,   0% used [0x00007fbaa8600000, 0x00007fbaa8600000, 0x00007fbb461e0000)
  from space 323008K,   6% used [0x00007fbb461e0000, 0x00007fbb476660d8, 0x00007fbb59d50000)
  to   space 323008K,   0% used [0x00007fbb59d50000, 0x00007fbb59d50000, 0x00007fbb6d8c0000)
 tenured generation   total 6461412K, used 6461251K [0x00007fbffdb50000, 0x00007fc188149000, 0x00007fcaa8600000)
   the space 6461412K,  99% used [0x00007fbffdb50000, 0x00007fc188120c78, 0x00007fc188120e00, 0x00007fc188149000)
 Metaspace       used 24370K, capacity 24774K, committed 24832K, reserved 26624K
}
Event: 9714.497 GC heap before
{Heap before GC invocations=10359 (full 4):
 def new generation   total 2907456K, used 21016K [0x00007fbaa8600000, 0x00007fbb6d8c0000, 0x00007fbffdb50000)
  eden space 2584448K,   0% used [0x00007fbaa8600000, 0x00007fbaa8600000, 0x00007fbb461e0000)
  from space 323008K,   6% used [0x00007fbb461e0000, 0x00007fbb476660d8, 0x00007fbb59d50000)
  to   space 323008K,   0% used [0x00007fbb59d50000, 0x00007fbb59d50000, 0x00007fbb6d8c0000)
 tenured generation   total 6461412K, used 6461251K [0x00007fbffdb50000, 0x00007fc188149000, 0x00007fcaa8600000)
   the space 6461412K,  99% used [0x00007fbffdb50000, 0x00007fc188120c78, 0x00007fc188120e00, 0x00007fc188149000)
 Metaspace       used 24370K, capacity 24774K, committed 24832K, reserved 26624K
}

