# JRE version: OpenJDK Runtime Environment (13.0.7+5) (build 13.0.7+5-Ubuntu-0ubuntu120.04)
# Java VM: OpenJDK 64-Bit Server VM (13.0.7+5-Ubuntu-0ubuntu120.04, mixed mode, tiered, serial gc, linux-amd64)
Heap:
 def new generation   total 2050688K, used 0K [0x00007f4910600000, 0x00007f499b720000, 0x00007f4e65b50000)
  eden space 1822848K,   0% used [0x00007f4910600000, 0x00007f4910600000, 0x00007f497fa20000)
  from space 227840K,   0% used [0x00007f498d8a0000, 0x00007f498d8a0000, 0x00007f499b720000)
  to   space 227840K,   0% used [0x00007f497fa20000, 0x00007f497fa20000, 0x00007f498d8a0000)
 tenured generation   total 4627768K, used 4494494K [0x00007f4e65b50000, 0x00007f4f8029e000, 0x00007f5910600000)
   the space 4627768K,  97% used [0x00007f4e65b50000, 0x00007f4f78077ad8, 0x00007f4f78077c00, 0x00007f4f8029e000)
 Metaspace       used 30700K, capacity 31132K, committed 31488K, reserved 32768K
GC Heap History (20 events):
Event: 255.639 GC heap after
{Heap after GC invocations=340 (full 41):
 def new generation   total 2050688K, used 149314K [0x00007f4910600000, 0x00007f499b720000, 0x00007f4e65b50000)
  eden space 1822848K,   0% used [0x00007f4910600000, 0x00007f4910600000, 0x00007f497fa20000)
  from space 227840K,  65% used [0x00007f497fa20000, 0x00007f4988bf0a10, 0x00007f498d8a0000)
  to   space 227840K,   0% used [0x00007f498d8a0000, 0x00007f498d8a0000, 0x00007f499b720000)
 tenured generation   total 4556920K, used 3177389K [0x00007f4e65b50000, 0x00007f4f7bd6e000, 0x00007f5910600000)
   the space 4556920K,  69% used [0x00007f4e65b50000, 0x00007f4f27a3b6a8, 0x00007f4f27a3b800, 0x00007f4f7bd6e000)
 Metaspace       used 30700K, capacity 31132K, committed 31488K, reserved 32768K
}
Event: 256.165 GC heap before
{Heap before GC invocations=340 (full 41):
 def new generation   total 2050688K, used 1972162K [0x00007f4910600000, 0x00007f499b720000, 0x00007f4e65b50000)
  eden space 1822848K, 100% used [0x00007f4910600000, 0x00007f497fa20000, 0x00007f497fa20000)
  from space 227840K,  65% used [0x00007f497fa20000, 0x00007f4988bf0a10, 0x00007f498d8a0000)
  to   space 227840K,   0% used [0x00007f498d8a0000, 0x00007f498d8a0000, 0x00007f499b720000)
 tenured generation   total 4556920K, used 3177389K [0x00007f4e65b50000, 0x00007f4f7bd6e000, 0x00007f5910600000)
   the space 4556920K,  69% used [0x00007f4e65b50000, 0x00007f4f27a3b6a8, 0x00007f4f27a3b800, 0x00007f4f7bd6e000)
 Metaspace       used 30700K, capacity 31132K, committed 31488K, reserved 32768K
}
Event: 256.696 GC heap after
{Heap after GC invocations=341 (full 41):
 def new generation   total 2050688K, used 162007K [0x00007f4910600000, 0x00007f499b720000, 0x00007f4e65b50000)
  eden space 1822848K,   0% used [0x00007f4910600000, 0x00007f4910600000, 0x00007f497fa20000)
  from space 227840K,  71% used [0x00007f498d8a0000, 0x00007f49976d5d68, 0x00007f499b720000)
  to   space 227840K,   0% used [0x00007f497fa20000, 0x00007f497fa20000, 0x00007f498d8a0000)
 tenured generation   total 4556920K, used 3326703K [0x00007f4e65b50000, 0x00007f4f7bd6e000, 0x00007f5910600000)
   the space 4556920K,  73% used [0x00007f4e65b50000, 0x00007f4f30c0be78, 0x00007f4f30c0c000, 0x00007f4f7bd6e000)
 Metaspace       used 30700K, capacity 31132K, committed 31488K, reserved 32768K
}
Event: 257.234 GC heap before
{Heap before GC invocations=341 (full 41):
 def new generation   total 2050688K, used 1984855K [0x00007f4910600000, 0x00007f499b720000, 0x00007f4e65b50000)
  eden space 1822848K, 100% used [0x00007f4910600000, 0x00007f497fa20000, 0x00007f497fa20000)
  from space 227840K,  71% used [0x00007f498d8a0000, 0x00007f49976d5d68, 0x00007f499b720000)
  to   space 227840K,   0% used [0x00007f497fa20000, 0x00007f497fa20000, 0x00007f498d8a0000)
 tenured generation   total 4556920K, used 3326703K [0x00007f4e65b50000, 0x00007f4f7bd6e000, 0x00007f5910600000)
   the space 4556920K,  73% used [0x00007f4e65b50000, 0x00007f4f30c0be78, 0x00007f4f30c0c000, 0x00007f4f7bd6e000)
 Metaspace       used 30700K, capacity 31132K, committed 31488K, reserved 32768K
}
Event: 257.825 GC heap after
{Heap after GC invocations=342 (full 41):
 def new generation   total 2050688K, used 160916K [0x00007f4910600000, 0x00007f499b720000, 0x00007f4e65b50000)
  eden space 1822848K,   0% used [0x00007f4910600000, 0x00007f4910600000, 0x00007f497fa20000)
  from space 227840K,  70% used [0x00007f497fa20000, 0x00007f4989745088, 0x00007f498d8a0000)
  to   space 227840K,   0% used [0x00007f498d8a0000, 0x00007f498d8a0000, 0x00007f499b720000)
 tenured generation   total 4556920K, used 3488710K [0x00007f4e65b50000, 0x00007f4f7bd6e000, 0x00007f5910600000)
   the space 4556920K,  76% used [0x00007f4e65b50000, 0x00007f4f3aa41a80, 0x00007f4f3aa41c00, 0x00007f4f7bd6e000)
 Metaspace       used 30700K, capacity 31132K, committed 31488K, reserved 32768K
}
Event: 258.306 GC heap before
{Heap before GC invocations=342 (full 41):
 def new generation   total 2050688K, used 1983764K [0x00007f4910600000, 0x00007f499b720000, 0x00007f4e65b50000)
  eden space 1822848K, 100% used [0x00007f4910600000, 0x00007f497fa20000, 0x00007f497fa20000)
  from space 227840K,  70% used [0x00007f497fa20000, 0x00007f4989745088, 0x00007f498d8a0000)
  to   space 227840K,   0% used [0x00007f498d8a0000, 0x00007f498d8a0000, 0x00007f499b720000)
 tenured generation   total 4556920K, used 3488710K [0x00007f4e65b50000, 0x00007f4f7bd6e000, 0x00007f5910600000)
   the space 4556920K,  76% used [0x00007f4e65b50000, 0x00007f4f3aa41a80, 0x00007f4f3aa41c00, 0x00007f4f7bd6e000)
 Metaspace       used 30700K, capacity 31132K, committed 31488K, reserved 32768K
}
Event: 258.813 GC heap after
{Heap after GC invocations=343 (full 41):
 def new generation   total 2050688K, used 150432K [0x00007f4910600000, 0x00007f499b720000, 0x00007f4e65b50000)
  eden space 1822848K,   0% used [0x00007f4910600000, 0x00007f4910600000, 0x00007f497fa20000)
  from space 227840K,  66% used [0x00007f498d8a0000, 0x00007f4996b88210, 0x00007f499b720000)
  to   space 227840K,   0% used [0x00007f497fa20000, 0x00007f497fa20000, 0x00007f498d8a0000)
 tenured generation   total 4556920K, used 3649626K [0x00007f4e65b50000, 0x00007f4f7bd6e000, 0x00007f5910600000)
   the space 4556920K,  80% used [0x00007f4e65b50000, 0x00007f4f447668f8, 0x00007f4f44766a00, 0x00007f4f7bd6e000)
 Metaspace       used 30700K, capacity 31132K, committed 31488K, reserved 32768K
}
Event: 259.315 GC heap before
{Heap before GC invocations=343 (full 41):
 def new generation   total 2050688K, used 1973280K [0x00007f4910600000, 0x00007f499b720000, 0x00007f4e65b50000)
  eden space 1822848K, 100% used [0x00007f4910600000, 0x00007f497fa20000, 0x00007f497fa20000)
  from space 227840K,  66% used [0x00007f498d8a0000, 0x00007f4996b88210, 0x00007f499b720000)
  to   space 227840K,   0% used [0x00007f497fa20000, 0x00007f497fa20000, 0x00007f498d8a0000)
 tenured generation   total 4556920K, used 3649626K [0x00007f4e65b50000, 0x00007f4f7bd6e000, 0x00007f5910600000)
   the space 4556920K,  80% used [0x00007f4e65b50000, 0x00007f4f447668f8, 0x00007f4f44766a00, 0x00007f4f7bd6e000)
 Metaspace       used 30700K, capacity 31132K, committed 31488K, reserved 32768K
}
Event: 259.847 GC heap after
{Heap after GC invocations=344 (full 41):
 def new generation   total 2050688K, used 153448K [0x00007f4910600000, 0x00007f499b720000, 0x00007f4e65b50000)
  eden space 1822848K,   0% used [0x00007f4910600000, 0x00007f4910600000, 0x00007f497fa20000)
  from space 227840K,  67% used [0x00007f497fa20000, 0x00007f4988ffa158, 0x00007f498d8a0000)
  to   space 227840K,   0% used [0x00007f498d8a0000, 0x00007f498d8a0000, 0x00007f499b720000)
 tenured generation   total 4556920K, used 3800058K [0x00007f4e65b50000, 0x00007f4f7bd6e000, 0x00007f5910600000)
   the space 4556920K,  83% used [0x00007f4e65b50000, 0x00007f4f4da4e8f8, 0x00007f4f4da4ea00, 0x00007f4f7bd6e000)
 Metaspace       used 30700K, capacity 31132K, committed 31488K, reserved 32768K
}
Event: 260.409 GC heap before
{Heap before GC invocations=344 (full 41):
 def new generation   total 2050688K, used 1976296K [0x00007f4910600000, 0x00007f499b720000, 0x00007f4e65b50000)
  eden space 1822848K, 100% used [0x00007f4910600000, 0x00007f497fa20000, 0x00007f497fa20000)
  from space 227840K,  67% used [0x00007f497fa20000, 0x00007f4988ffa158, 0x00007f498d8a0000)
  to   space 227840K,   0% used [0x00007f498d8a0000, 0x00007f498d8a0000, 0x00007f499b720000)
 tenured generation   total 4556920K, used 3800058K [0x00007f4e65b50000, 0x00007f4f7bd6e000, 0x00007f5910600000)
   the space 4556920K,  83% used [0x00007f4e65b50000, 0x00007f4f4da4e8f8, 0x00007f4f4da4ea00, 0x00007f4f7bd6e000)
 Metaspace       used 30700K, capacity 31132K, committed 31488K, reserved 32768K
}
Event: 260.993 GC heap after
{Heap after GC invocations=345 (full 41):
 def new generation   total 2050688K, used 176767K [0x00007f4910600000, 0x00007f499b720000, 0x00007f4e65b50000)
  eden space 1822848K,   0% used [0x00007f4910600000, 0x00007f4910600000, 0x00007f497fa20000)
  from space 227840K,  77% used [0x00007f498d8a0000, 0x00007f499853ff88, 0x00007f499b720000)
  to   space 227840K,   0% used [0x00007f497fa20000, 0x00007f497fa20000, 0x00007f498d8a0000)
 tenured generation   total 4556920K, used 3953506K [0x00007f4e65b50000, 0x00007f4f7bd6e000, 0x00007f5910600000)
   the space 4556920K,  86% used [0x00007f4e65b50000, 0x00007f4f57028a50, 0x00007f4f57028c00, 0x00007f4f7bd6e000)
 Metaspace       used 30700K, capacity 31132K, committed 31488K, reserved 32768K
}
Event: 261.508 GC heap before
{Heap before GC invocations=345 (full 41):
 def new generation   total 2050688K, used 1999615K [0x00007f4910600000, 0x00007f499b720000, 0x00007f4e65b50000)
  eden space 1822848K, 100% used [0x00007f4910600000, 0x00007f497fa20000, 0x00007f497fa20000)
  from space 227840K,  77% used [0x00007f498d8a0000, 0x00007f499853ff88, 0x00007f499b720000)
  to   space 227840K,   0% used [0x00007f497fa20000, 0x00007f497fa20000, 0x00007f498d8a0000)
 tenured generation   total 4556920K, used 3953506K [0x00007f4e65b50000, 0x00007f4f7bd6e000, 0x00007f5910600000)
   the space 4556920K,  86% used [0x00007f4e65b50000, 0x00007f4f57028a50, 0x00007f4f57028c00, 0x00007f4f7bd6e000)
 Metaspace       used 30700K, capacity 31132K, committed 31488K, reserved 32768K
}
Event: 262.074 GC heap after
{Heap after GC invocations=346 (full 41):
 def new generation   total 2050688K, used 168314K [0x00007f4910600000, 0x00007f499b720000, 0x00007f4e65b50000)
  eden space 1822848K,   0% used [0x00007f4910600000, 0x00007f4910600000, 0x00007f497fa20000)
  from space 227840K,  73% used [0x00007f497fa20000, 0x00007f4989e7e9b0, 0x00007f498d8a0000)
  to   space 227840K,   0% used [0x00007f498d8a0000, 0x00007f498d8a0000, 0x00007f499b720000)
 tenured generation   total 4556920K, used 4130274K [0x00007f4e65b50000, 0x00007f4f7bd6e000, 0x00007f5910600000)
   the space 4556920K,  90% used [0x00007f4e65b50000, 0x00007f4f61cc88a8, 0x00007f4f61cc8a00, 0x00007f4f7bd6e000)
 Metaspace       used 30700K, capacity 31132K, committed 31488K, reserved 32768K
}
Event: 262.552 GC heap before
{Heap before GC invocations=346 (full 41):
 def new generation   total 2050688K, used 1991162K [0x00007f4910600000, 0x00007f499b720000, 0x00007f4e65b50000)
  eden space 1822848K, 100% used [0x00007f4910600000, 0x00007f497fa20000, 0x00007f497fa20000)
  from space 227840K,  73% used [0x00007f497fa20000, 0x00007f4989e7e9b0, 0x00007f498d8a0000)
  to   space 227840K,   0% used [0x00007f498d8a0000, 0x00007f498d8a0000, 0x00007f499b720000)
 tenured generation   total 4556920K, used 4130274K [0x00007f4e65b50000, 0x00007f4f7bd6e000, 0x00007f5910600000)
   the space 4556920K,  90% used [0x00007f4e65b50000, 0x00007f4f61cc88a8, 0x00007f4f61cc8a00, 0x00007f4f7bd6e000)
 Metaspace       used 30700K, capacity 31132K, committed 31488K, reserved 32768K
}
Event: 263.086 GC heap after
{Heap after GC invocations=347 (full 41):
 def new generation   total 2050688K, used 158592K [0x00007f4910600000, 0x00007f499b720000, 0x00007f4e65b50000)
  eden space 1822848K,   0% used [0x00007f4910600000, 0x00007f4910600000, 0x00007f497fa20000)
  from space 227840K,  69% used [0x00007f498d8a0000, 0x00007f4997380110, 0x00007f499b720000)
  to   space 227840K,   0% used [0x00007f497fa20000, 0x00007f497fa20000, 0x00007f498d8a0000)
 tenured generation   total 4556920K, used 4298588K [0x00007f4e65b50000, 0x00007f4f7bd6e000, 0x00007f5910600000)
   the space 4556920K,  94% used [0x00007f4e65b50000, 0x00007f4f6c127018, 0x00007f4f6c127200, 0x00007f4f7bd6e000)
 Metaspace       used 30700K, capacity 31132K, committed 31488K, reserved 32768K
}
Event: 263.581 GC heap before
{Heap before GC invocations=347 (full 41):
 def new generation   total 2050688K, used 1981440K [0x00007f4910600000, 0x00007f499b720000, 0x00007f4e65b50000)
  eden space 1822848K, 100% used [0x00007f4910600000, 0x00007f497fa20000, 0x00007f497fa20000)
  from space 227840K,  69% used [0x00007f498d8a0000, 0x00007f4997380110, 0x00007f499b720000)
  to   space 227840K,   0% used [0x00007f497fa20000, 0x00007f497fa20000, 0x00007f498d8a0000)
 tenured generation   total 4556920K, used 4298588K [0x00007f4e65b50000, 0x00007f4f7bd6e000, 0x00007f5910600000)
   the space 4556920K,  94% used [0x00007f4e65b50000, 0x00007f4f6c127018, 0x00007f4f6c127200, 0x00007f4f7bd6e000)
 Metaspace       used 30700K, capacity 31132K, committed 31488K, reserved 32768K
}
Event: 264.122 GC heap after
{Heap after GC invocations=348 (full 41):
 def new generation   total 2050688K, used 170528K [0x00007f4910600000, 0x00007f499b720000, 0x00007f4e65b50000)
  eden space 1822848K,   0% used [0x00007f4910600000, 0x00007f4910600000, 0x00007f497fa20000)
  from space 227840K,  74% used [0x00007f497fa20000, 0x00007f498a0a83d0, 0x00007f498d8a0000)
  to   space 227840K,   0% used [0x00007f498d8a0000, 0x00007f498d8a0000, 0x00007f499b720000)
 tenured generation   total 4556920K, used 4457179K [0x00007f4e65b50000, 0x00007f4f7bd6e000, 0x00007f5910600000)
   the space 4556920K,  97% used [0x00007f4e65b50000, 0x00007f4f75c06ee8, 0x00007f4f75c07000, 0x00007f4f7bd6e000)
 Metaspace       used 30700K, capacity 31132K, committed 31488K, reserved 32768K
}
Event: 264.658 GC heap before
{Heap before GC invocations=348 (full 41):
 def new generation   total 2050688K, used 1993376K [0x00007f4910600000, 0x00007f499b720000, 0x00007f4e65b50000)
  eden space 1822848K, 100% used [0x00007f4910600000, 0x00007f497fa20000, 0x00007f497fa20000)
  from space 227840K,  74% used [0x00007f497fa20000, 0x00007f498a0a83d0, 0x00007f498d8a0000)
  to   space 227840K,   0% used [0x00007f498d8a0000, 0x00007f498d8a0000, 0x00007f499b720000)
 tenured generation   total 4556920K, used 4457179K [0x00007f4e65b50000, 0x00007f4f7bd6e000, 0x00007f5910600000)
   the space 4556920K,  97% used [0x00007f4e65b50000, 0x00007f4f75c06ee8, 0x00007f4f75c07000, 0x00007f4f7bd6e000)
 Metaspace       used 30700K, capacity 31132K, committed 31488K, reserved 32768K
}
Event: 265.212 GC heap after
{Heap after GC invocations=349 (full 41):
 def new generation   total 2050688K, used 165125K [0x00007f4910600000, 0x00007f499b720000, 0x00007f4e65b50000)
  eden space 1822848K,   0% used [0x00007f4910600000, 0x00007f4910600000, 0x00007f497fa20000)
  from space 227840K,  72% used [0x00007f498d8a0000, 0x00007f49979e1620, 0x00007f499b720000)
  to   space 227840K,   0% used [0x00007f497fa20000, 0x00007f497fa20000, 0x00007f498d8a0000)
 tenured generation   total 4627768K, used 4627708K [0x00007f4e65b50000, 0x00007f4f8029e000, 0x00007f5910600000)
   the space 4627768K,  99% used [0x00007f4e65b50000, 0x00007f4f8028f0f8, 0x00007f4f8028f200, 0x00007f4f8029e000)
 Metaspace       used 30700K, capacity 31132K, committed 31488K, reserved 32768K
}
Event: 265.212 GC heap before
{Heap before GC invocations=349 (full 41):
 def new generation   total 2050688K, used 165125K [0x00007f4910600000, 0x00007f499b720000, 0x00007f4e65b50000)
  eden space 1822848K,   0% used [0x00007f4910600000, 0x00007f4910600000, 0x00007f497fa20000)
  from space 227840K,  72% used [0x00007f498d8a0000, 0x00007f49979e1620, 0x00007f499b720000)
  to   space 227840K,   0% used [0x00007f497fa20000, 0x00007f497fa20000, 0x00007f498d8a0000)
 tenured generation   total 4627768K, used 4627708K [0x00007f4e65b50000, 0x00007f4f8029e000, 0x00007f5910600000)
   the space 4627768K,  99% used [0x00007f4e65b50000, 0x00007f4f8028f0f8, 0x00007f4f8028f200, 0x00007f4f8029e000)
 Metaspace       used 30700K, capacity 31132K, committed 31488K, reserved 32768K
}

