# JRE version: OpenJDK Runtime Environment (13.0.7+5) (build 13.0.7+5-Ubuntu-0ubuntu120.04)
# Java VM: OpenJDK 64-Bit Server VM (13.0.7+5-Ubuntu-0ubuntu120.04, mixed mode, tiered, serial gc, linux-amd64)
Heap:
 def new generation   total 13142208K, used 1275529K [0x00007fe320600000, 0x00007fe69ba30000, 0x00007fe875b50000)
  eden space 11681984K,  10% used [0x00007fe320600000, 0x00007fe36e3a2560, 0x00007fe5e9630000)
  from space 1460224K,   0% used [0x00007fe5e9630000, 0x00007fe5e9630000, 0x00007fe642830000)
  to   space 1460224K,   0% used [0x00007fe642830000, 0x00007fe642830000, 0x00007fe69ba30000)
 tenured generation   total 30176712K, used 30176711K [0x00007fe875b50000, 0x00007fefa78c2000, 0x00007ff320600000)
   the space 30176712K,  99% used [0x00007fe875b50000, 0x00007fefa78c1ff8, 0x00007fefa78c2000, 0x00007fefa78c2000)
 Metaspace       used 31177K, capacity 31612K, committed 31744K, reserved 32768K
GC Heap History (20 events):
Event: 1364.391 GC heap after
{Heap after GC invocations=116 (full 11):
 def new generation   total 7494336K, used 832703K [0x00007fe320600000, 0x00007fe51c9e0000, 0x00007fe875b50000)
  eden space 6661632K,   0% used [0x00007fe320600000, 0x00007fe320600000, 0x00007fe4b6f80000)
  from space 832704K,  99% used [0x00007fe4b6f80000, 0x00007fe4e9cafff0, 0x00007fe4e9cb0000)
  to   space 832704K,   0% used [0x00007fe4e9cb0000, 0x00007fe4e9cb0000, 0x00007fe51c9e0000)
 tenured generation   total 16654016K, used 14958172K [0x00007fe875b50000, 0x00007fec6e300000, 0x00007ff320600000)
   the space 16654016K,  89% used [0x00007fe875b50000, 0x00007fec06ae7350, 0x00007fec06ae7400, 0x00007fec6e300000)
 Metaspace       used 31177K, capacity 31612K, committed 31744K, reserved 32768K
}
Event: 1898.030 GC heap before
{Heap before GC invocations=116 (full 11):
 def new generation   total 7494336K, used 7494335K [0x00007fe320600000, 0x00007fe51c9e0000, 0x00007fe875b50000)
  eden space 6661632K, 100% used [0x00007fe320600000, 0x00007fe4b6f80000, 0x00007fe4b6f80000)
  from space 832704K,  99% used [0x00007fe4b6f80000, 0x00007fe4e9cafff0, 0x00007fe4e9cb0000)
  to   space 832704K,   0% used [0x00007fe4e9cb0000, 0x00007fe4e9cb0000, 0x00007fe51c9e0000)
 tenured generation   total 16654016K, used 14958172K [0x00007fe875b50000, 0x00007fec6e300000, 0x00007ff320600000)
   the space 16654016K,  89% used [0x00007fe875b50000, 0x00007fec06ae7350, 0x00007fec06ae7400, 0x00007fec6e300000)
 Metaspace       used 31177K, capacity 31612K, committed 31744K, reserved 32768K
}
Event: 1901.232 GC heap after
{Heap after GC invocations=117 (full 11):
 def new generation   total 7494336K, used 832703K [0x00007fe320600000, 0x00007fe51c9e0000, 0x00007fe875b50000)
  eden space 6661632K,   0% used [0x00007fe320600000, 0x00007fe320600000, 0x00007fe4b6f80000)
  from space 832704K,  99% used [0x00007fe4e9cb0000, 0x00007fe51c9dfff0, 0x00007fe51c9e0000)
  to   space 832704K,   0% used [0x00007fe4b6f80000, 0x00007fe4b6f80000, 0x00007fe4e9cb0000)
 tenured generation   total 16654016K, used 16360615K [0x00007fe875b50000, 0x00007fec6e300000, 0x00007ff320600000)
   the space 16654016K,  98% used [0x00007fe875b50000, 0x00007fec5c479df0, 0x00007fec5c479e00, 0x00007fec6e300000)
 Metaspace       used 31177K, capacity 31612K, committed 31744K, reserved 32768K
}
Event: 2604.190 GC heap before
{Heap before GC invocations=117 (full 11):
 def new generation   total 7494336K, used 7494335K [0x00007fe320600000, 0x00007fe51c9e0000, 0x00007fe875b50000)
  eden space 6661632K, 100% used [0x00007fe320600000, 0x00007fe4b6f80000, 0x00007fe4b6f80000)
  from space 832704K,  99% used [0x00007fe4e9cb0000, 0x00007fe51c9dfff0, 0x00007fe51c9e0000)
  to   space 832704K,   0% used [0x00007fe4b6f80000, 0x00007fe4b6f80000, 0x00007fe4e9cb0000)
 tenured generation   total 16654016K, used 16360615K [0x00007fe875b50000, 0x00007fec6e300000, 0x00007ff320600000)
   the space 16654016K,  98% used [0x00007fe875b50000, 0x00007fec5c479df0, 0x00007fec5c479e00, 0x00007fec6e300000)
 Metaspace       used 31177K, capacity 31612K, committed 31744K, reserved 32768K
}
Event: 2607.136 GC heap after
{Heap after GC invocations=118 (full 11):
 def new generation   total 7494336K, used 832703K [0x00007fe320600000, 0x00007fe51c9e0000, 0x00007fe875b50000)
  eden space 6661632K,   0% used [0x00007fe320600000, 0x00007fe320600000, 0x00007fe4b6f80000)
  from space 832704K,  99% used [0x00007fe4b6f80000, 0x00007fe4e9cafff0, 0x00007fe4e9cb0000)
  to   space 832704K,   0% used [0x00007fe4e9cb0000, 0x00007fe4e9cb0000, 0x00007fe51c9e0000)
 tenured generation   total 17763200K, used 17763058K [0x00007fe875b50000, 0x00007fecb1e30000, 0x00007ff320600000)
   the space 17763200K,  99% used [0x00007fe875b50000, 0x00007fecb1e0c8d0, 0x00007fecb1e0ca00, 0x00007fecb1e30000)
 Metaspace       used 31177K, capacity 31612K, committed 31744K, reserved 32768K
}
Event: 2607.136 GC heap before
{Heap before GC invocations=118 (full 11):
 def new generation   total 7494336K, used 832703K [0x00007fe320600000, 0x00007fe51c9e0000, 0x00007fe875b50000)
  eden space 6661632K,   0% used [0x00007fe320600000, 0x00007fe320600000, 0x00007fe4b6f80000)
  from space 832704K,  99% used [0x00007fe4b6f80000, 0x00007fe4e9cafff0, 0x00007fe4e9cb0000)
  to   space 832704K,   0% used [0x00007fe4e9cb0000, 0x00007fe4e9cb0000, 0x00007fe51c9e0000)
 tenured generation   total 17763200K, used 17763058K [0x00007fe875b50000, 0x00007fecb1e30000, 0x00007ff320600000)
   the space 17763200K,  99% used [0x00007fe875b50000, 0x00007fecb1e0c8d0, 0x00007fecb1e0ca00, 0x00007fecb1e30000)
 Metaspace       used 31177K, capacity 31612K, committed 31744K, reserved 32768K
}
Event: 2639.500 GC heap after
{Heap after GC invocations=118 (full 12):
 def new generation   total 13142208K, used 0K [0x00007fe320600000, 0x00007fe69ba30000, 0x00007fe875b50000)
  eden space 11681984K,   0% used [0x00007fe320600000, 0x00007fe320600000, 0x00007fe5e9630000)
  from space 1460224K,   0% used [0x00007fe5e9630000, 0x00007fe5e9630000, 0x00007fe642830000)
  to   space 1460224K,   0% used [0x00007fe642830000, 0x00007fe642830000, 0x00007fe69ba30000)
 tenured generation   total 29204808K, used 17522884K [0x00007fe875b50000, 0x00007fef6c3a2000, 0x00007ff320600000)
   the space 29204808K,  59% used [0x00007fe875b50000, 0x00007feca33811d0, 0x00007feca3381200, 0x00007fef6c3a2000)
 Metaspace       used 31177K, capacity 31612K, committed 31744K, reserved 32768K
}
Event: 3540.953 GC heap before
{Heap before GC invocations=118 (full 12):
 def new generation   total 13142208K, used 11681984K [0x00007fe320600000, 0x00007fe69ba30000, 0x00007fe875b50000)
  eden space 11681984K, 100% used [0x00007fe320600000, 0x00007fe5e9630000, 0x00007fe5e9630000)
  from space 1460224K,   0% used [0x00007fe5e9630000, 0x00007fe5e9630000, 0x00007fe642830000)
  to   space 1460224K,   0% used [0x00007fe642830000, 0x00007fe642830000, 0x00007fe69ba30000)
 tenured generation   total 29204808K, used 17522884K [0x00007fe875b50000, 0x00007fef6c3a2000, 0x00007ff320600000)
   the space 29204808K,  59% used [0x00007fe875b50000, 0x00007feca33811d0, 0x00007feca3381200, 0x00007fef6c3a2000)
 Metaspace       used 31177K, capacity 31612K, committed 31744K, reserved 32768K
}
Event: 3544.428 GC heap after
{Heap after GC invocations=119 (full 12):
 def new generation   total 13142208K, used 1460223K [0x00007fe320600000, 0x00007fe69ba30000, 0x00007fe875b50000)
  eden space 11681984K,   0% used [0x00007fe320600000, 0x00007fe320600000, 0x00007fe5e9630000)
  from space 1460224K,  99% used [0x00007fe642830000, 0x00007fe69ba2fff0, 0x00007fe69ba30000)
  to   space 1460224K,   0% used [0x00007fe5e9630000, 0x00007fe5e9630000, 0x00007fe642830000)
 tenured generation   total 29204808K, used 18522019K [0x00007fe875b50000, 0x00007fef6c3a2000, 0x00007ff320600000)
   the space 29204808K,  63% used [0x00007fe875b50000, 0x00007fece0338e30, 0x00007fece0339000, 0x00007fef6c3a2000)
 Metaspace       used 31177K, capacity 31612K, committed 31744K, reserved 32768K
}
Event: 4371.257 GC heap before
{Heap before GC invocations=119 (full 12):
 def new generation   total 13142208K, used 13142207K [0x00007fe320600000, 0x00007fe69ba30000, 0x00007fe875b50000)
  eden space 11681984K, 100% used [0x00007fe320600000, 0x00007fe5e9630000, 0x00007fe5e9630000)
  from space 1460224K,  99% used [0x00007fe642830000, 0x00007fe69ba2fff0, 0x00007fe69ba30000)
  to   space 1460224K,   0% used [0x00007fe5e9630000, 0x00007fe5e9630000, 0x00007fe642830000)
 tenured generation   total 29204808K, used 18522019K [0x00007fe875b50000, 0x00007fef6c3a2000, 0x00007ff320600000)
   the space 29204808K,  63% used [0x00007fe875b50000, 0x00007fece0338e30, 0x00007fece0339000, 0x00007fef6c3a2000)
 Metaspace       used 31177K, capacity 31612K, committed 31744K, reserved 32768K
}
Event: 4375.742 GC heap after
{Heap after GC invocations=120 (full 12):
 def new generation   total 13142208K, used 1460223K [0x00007fe320600000, 0x00007fe69ba30000, 0x00007fe875b50000)
  eden space 11681984K,   0% used [0x00007fe320600000, 0x00007fe320600000, 0x00007fe5e9630000)
  from space 1460224K,  99% used [0x00007fe5e9630000, 0x00007fe64282fff0, 0x00007fe642830000)
  to   space 1460224K,   0% used [0x00007fe642830000, 0x00007fe642830000, 0x00007fe69ba30000)
 tenured generation   total 29204808K, used 20981378K [0x00007fe875b50000, 0x00007fef6c3a2000, 0x00007ff320600000)
   the space 29204808K,  71% used [0x00007fe875b50000, 0x00007fed764f0a50, 0x00007fed764f0c00, 0x00007fef6c3a2000)
 Metaspace       used 31177K, capacity 31612K, committed 31744K, reserved 32768K
}
Event: 5047.702 GC heap before
{Heap before GC invocations=120 (full 12):
 def new generation   total 13142208K, used 13142207K [0x00007fe320600000, 0x00007fe69ba30000, 0x00007fe875b50000)
  eden space 11681984K, 100% used [0x00007fe320600000, 0x00007fe5e9630000, 0x00007fe5e9630000)
  from space 1460224K,  99% used [0x00007fe5e9630000, 0x00007fe64282fff0, 0x00007fe642830000)
  to   space 1460224K,   0% used [0x00007fe642830000, 0x00007fe642830000, 0x00007fe69ba30000)
 tenured generation   total 29204808K, used 20981378K [0x00007fe875b50000, 0x00007fef6c3a2000, 0x00007ff320600000)
   the space 29204808K,  71% used [0x00007fe875b50000, 0x00007fed764f0a50, 0x00007fed764f0c00, 0x00007fef6c3a2000)
 Metaspace       used 31177K, capacity 31612K, committed 31744K, reserved 32768K
}
Event: 5052.037 GC heap after
{Heap after GC invocations=121 (full 12):
 def new generation   total 13142208K, used 1460224K [0x00007fe320600000, 0x00007fe69ba30000, 0x00007fe875b50000)
  eden space 11681984K,   0% used [0x00007fe320600000, 0x00007fe320600000, 0x00007fe5e9630000)
  from space 1460224K, 100% used [0x00007fe642830000, 0x00007fe69ba30000, 0x00007fe69ba30000)
  to   space 1460224K,   0% used [0x00007fe5e9630000, 0x00007fe5e9630000, 0x00007fe642830000)
 tenured generation   total 29204808K, used 23440737K [0x00007fe875b50000, 0x00007fef6c3a2000, 0x00007ff320600000)
   the space 29204808K,  80% used [0x00007fe875b50000, 0x00007fee0c6a8590, 0x00007fee0c6a8600, 0x00007fef6c3a2000)
 Metaspace       used 31177K, capacity 31612K, committed 31744K, reserved 32768K
}
Event: 5667.500 GC heap before
{Heap before GC invocations=121 (full 12):
 def new generation   total 13142208K, used 13142208K [0x00007fe320600000, 0x00007fe69ba30000, 0x00007fe875b50000)
  eden space 11681984K, 100% used [0x00007fe320600000, 0x00007fe5e9630000, 0x00007fe5e9630000)
  from space 1460224K, 100% used [0x00007fe642830000, 0x00007fe69ba30000, 0x00007fe69ba30000)
  to   space 1460224K,   0% used [0x00007fe5e9630000, 0x00007fe5e9630000, 0x00007fe642830000)
 tenured generation   total 29204808K, used 23440737K [0x00007fe875b50000, 0x00007fef6c3a2000, 0x00007ff320600000)
   the space 29204808K,  80% used [0x00007fe875b50000, 0x00007fee0c6a8590, 0x00007fee0c6a8600, 0x00007fef6c3a2000)
 Metaspace       used 31177K, capacity 31612K, committed 31744K, reserved 32768K
}
Event: 5671.852 GC heap after
{Heap after GC invocations=122 (full 12):
 def new generation   total 13142208K, used 1460223K [0x00007fe320600000, 0x00007fe69ba30000, 0x00007fe875b50000)
  eden space 11681984K,   0% used [0x00007fe320600000, 0x00007fe320600000, 0x00007fe5e9630000)
  from space 1460224K,  99% used [0x00007fe5e9630000, 0x00007fe64282fff0, 0x00007fe642830000)
  to   space 1460224K,   0% used [0x00007fe642830000, 0x00007fe642830000, 0x00007fe69ba30000)
 tenured generation   total 29204808K, used 25900096K [0x00007fe875b50000, 0x00007fef6c3a2000, 0x00007ff320600000)
   the space 29204808K,  88% used [0x00007fe875b50000, 0x00007feea28601d0, 0x00007feea2860200, 0x00007fef6c3a2000)
 Metaspace       used 31177K, capacity 31612K, committed 31744K, reserved 32768K
}
Event: 6043.236 GC heap before
{Heap before GC invocations=122 (full 12):
 def new generation   total 13142208K, used 13142207K [0x00007fe320600000, 0x00007fe69ba30000, 0x00007fe875b50000)
  eden space 11681984K, 100% used [0x00007fe320600000, 0x00007fe5e9630000, 0x00007fe5e9630000)
  from space 1460224K,  99% used [0x00007fe5e9630000, 0x00007fe64282fff0, 0x00007fe642830000)
  to   space 1460224K,   0% used [0x00007fe642830000, 0x00007fe642830000, 0x00007fe69ba30000)
 tenured generation   total 29204808K, used 25900096K [0x00007fe875b50000, 0x00007fef6c3a2000, 0x00007ff320600000)
   the space 29204808K,  88% used [0x00007fe875b50000, 0x00007feea28601d0, 0x00007feea2860200, 0x00007fef6c3a2000)
 Metaspace       used 31177K, capacity 31612K, committed 31744K, reserved 32768K
}
Event: 6047.197 GC heap after
{Heap after GC invocations=123 (full 12):
 def new generation   total 13142208K, used 1460223K [0x00007fe320600000, 0x00007fe69ba30000, 0x00007fe875b50000)
  eden space 11681984K,   0% used [0x00007fe320600000, 0x00007fe320600000, 0x00007fe5e9630000)
  from space 1460224K,  99% used [0x00007fe642830000, 0x00007fe69ba2fff0, 0x00007fe69ba30000)
  to   space 1460224K,   0% used [0x00007fe5e9630000, 0x00007fe5e9630000, 0x00007fe642830000)
 tenured generation   total 29204808K, used 28359455K [0x00007fe875b50000, 0x00007fef6c3a2000, 0x00007ff320600000)
   the space 29204808K,  97% used [0x00007fe875b50000, 0x00007fef38a17d90, 0x00007fef38a17e00, 0x00007fef6c3a2000)
 Metaspace       used 31177K, capacity 31612K, committed 31744K, reserved 32768K
}
Event: 6144.868 GC heap before
{Heap before GC invocations=123 (full 12):
 def new generation   total 13142208K, used 13142207K [0x00007fe320600000, 0x00007fe69ba30000, 0x00007fe875b50000)
  eden space 11681984K, 100% used [0x00007fe320600000, 0x00007fe5e9630000, 0x00007fe5e9630000)
  from space 1460224K,  99% used [0x00007fe642830000, 0x00007fe69ba2fff0, 0x00007fe69ba30000)
  to   space 1460224K,   0% used [0x00007fe5e9630000, 0x00007fe5e9630000, 0x00007fe642830000)
 tenured generation   total 29204808K, used 28359455K [0x00007fe875b50000, 0x00007fef6c3a2000, 0x00007ff320600000)
   the space 29204808K,  97% used [0x00007fe875b50000, 0x00007fef38a17d90, 0x00007fef38a17e00, 0x00007fef6c3a2000)
 Metaspace       used 31177K, capacity 31612K, committed 31744K, reserved 32768K
}
Event: 6148.736 GC heap after
{Heap after GC invocations=124 (full 12):
 def new generation   total 13142208K, used 1460224K [0x00007fe320600000, 0x00007fe69ba30000, 0x00007fe875b50000)
  eden space 11681984K,   0% used [0x00007fe320600000, 0x00007fe320600000, 0x00007fe5e9630000)
  from space 1460224K, 100% used [0x00007fe5e9630000, 0x00007fe642830000, 0x00007fe642830000)
  to   space 1460224K,   0% used [0x00007fe642830000, 0x00007fe642830000, 0x00007fe69ba30000)
 tenured generation   total 30176712K, used 30176654K [0x00007fe875b50000, 0x00007fefa78c2000, 0x00007ff320600000)
   the space 30176712K,  99% used [0x00007fe875b50000, 0x00007fefa78b3830, 0x00007fefa78b3a00, 0x00007fefa78c2000)
 Metaspace       used 31177K, capacity 31612K, committed 31744K, reserved 32768K
}
Event: 6148.737 GC heap before
{Heap before GC invocations=124 (full 12):
 def new generation   total 13142208K, used 1460224K [0x00007fe320600000, 0x00007fe69ba30000, 0x00007fe875b50000)
  eden space 11681984K,   0% used [0x00007fe320600000, 0x00007fe320600000, 0x00007fe5e9630000)
  from space 1460224K, 100% used [0x00007fe5e9630000, 0x00007fe642830000, 0x00007fe642830000)
  to   space 1460224K,   0% used [0x00007fe642830000, 0x00007fe642830000, 0x00007fe69ba30000)
 tenured generation   total 30176712K, used 30176654K [0x00007fe875b50000, 0x00007fefa78c2000, 0x00007ff320600000)
   the space 30176712K,  99% used [0x00007fe875b50000, 0x00007fefa78b3830, 0x00007fefa78b3a00, 0x00007fefa78c2000)
 Metaspace       used 31177K, capacity 31612K, committed 31744K, reserved 32768K
}

