# JRE version: OpenJDK Runtime Environment (13.0.7+5) (build 13.0.7+5-Ubuntu-0ubuntu120.04)
# Java VM: OpenJDK 64-Bit Server VM (13.0.7+5-Ubuntu-0ubuntu120.04, mixed mode, tiered, serial gc, linux-amd64)
Heap:
 def new generation   total 13206912K, used 1467391K [0x00007f33c4600000, 0x00007f3744060000, 0x00007f3919b50000)
  eden space 11739520K,  12% used [0x00007f33c4600000, 0x00007f341deffea0, 0x00007f3690e60000)
  from space 1467392K,   0% used [0x00007f3690e60000, 0x00007f3690e60000, 0x00007f36ea760000)
  to   space 1467392K,   0% used [0x00007f36ea760000, 0x00007f36ea760000, 0x00007f3744060000)
 tenured generation   total 29655404K, used 29655377K [0x00007f3919b50000, 0x00007f402bbab000, 0x00007f43c4600000)
   the space 29655404K,  99% used [0x00007f3919b50000, 0x00007f402bba4430, 0x00007f402bba4600, 0x00007f402bbab000)
 Metaspace       used 31065K, capacity 31536K, committed 31744K, reserved 32768K
GC Heap History (20 events):
Event: 43.469 GC heap after
{Heap after GC invocations=28 (full 4):
 def new generation   total 3816576K, used 228060K [0x00007f33c4600000, 0x00007f34c7340000, 0x00007f3919b50000)
  eden space 3392512K,   6% used [0x00007f33c4600000, 0x00007f33d24b72b0, 0x00007f3493700000)
  from space 424064K,   0% used [0x00007f3493700000, 0x00007f3493700000, 0x00007f34ad520000)
  to   space 424064K,   0% used [0x00007f34ad520000, 0x00007f34ad520000, 0x00007f34c7340000)
 tenured generation   total 8481176K, used 5088703K [0x00007f3919b50000, 0x00007f3b1f5b6000, 0x00007f43c4600000)
   the space 8481176K,  59% used [0x00007f3919b50000, 0x00007f3a504bff60, 0x00007f3a504c0000, 0x00007f3b1f5b6000)
 Metaspace       used 31065K, capacity 31536K, committed 31744K, reserved 32768K
}
Event: 49.898 GC heap before
{Heap before GC invocations=28 (full 4):
 def new generation   total 3816576K, used 3392512K [0x00007f33c4600000, 0x00007f34c7340000, 0x00007f3919b50000)
  eden space 3392512K, 100% used [0x00007f33c4600000, 0x00007f3493700000, 0x00007f3493700000)
  from space 424064K,   0% used [0x00007f3493700000, 0x00007f3493700000, 0x00007f34ad520000)
  to   space 424064K,   0% used [0x00007f34ad520000, 0x00007f34ad520000, 0x00007f34c7340000)
 tenured generation   total 8481176K, used 5088703K [0x00007f3919b50000, 0x00007f3b1f5b6000, 0x00007f43c4600000)
   the space 8481176K,  59% used [0x00007f3919b50000, 0x00007f3a504bff60, 0x00007f3a504c0000, 0x00007f3b1f5b6000)
 Metaspace       used 31065K, capacity 31536K, committed 31744K, reserved 32768K
}
Event: 53.816 GC heap after
{Heap after GC invocations=29 (full 4):
 def new generation   total 3816576K, used 424063K [0x00007f33c4600000, 0x00007f34c7340000, 0x00007f3919b50000)
  eden space 3392512K,   0% used [0x00007f33c4600000, 0x00007f33c4600000, 0x00007f3493700000)
  from space 424064K,  99% used [0x00007f34ad520000, 0x00007f34c733fe28, 0x00007f34c7340000)
  to   space 424064K,   0% used [0x00007f3493700000, 0x00007f3493700000, 0x00007f34ad520000)
 tenured generation   total 8481176K, used 6558323K [0x00007f3919b50000, 0x00007f3b1f5b6000, 0x00007f43c4600000)
   the space 8481176K,  77% used [0x00007f3919b50000, 0x00007f3aa9feccc8, 0x00007f3aa9fece00, 0x00007f3b1f5b6000)
 Metaspace       used 31065K, capacity 31536K, committed 31744K, reserved 32768K
}
Event: 61.192 GC heap before
{Heap before GC invocations=29 (full 4):
 def new generation   total 3816576K, used 3816575K [0x00007f33c4600000, 0x00007f34c7340000, 0x00007f3919b50000)
  eden space 3392512K, 100% used [0x00007f33c4600000, 0x00007f3493700000, 0x00007f3493700000)
  from space 424064K,  99% used [0x00007f34ad520000, 0x00007f34c733fe28, 0x00007f34c7340000)
  to   space 424064K,   0% used [0x00007f3493700000, 0x00007f3493700000, 0x00007f34ad520000)
 tenured generation   total 8481176K, used 6558323K [0x00007f3919b50000, 0x00007f3b1f5b6000, 0x00007f43c4600000)
   the space 8481176K,  77% used [0x00007f3919b50000, 0x00007f3aa9feccc8, 0x00007f3aa9fece00, 0x00007f3b1f5b6000)
 Metaspace       used 31065K, capacity 31536K, committed 31744K, reserved 32768K
}
Event: 65.140 GC heap after
{Heap after GC invocations=30 (full 4):
 def new generation   total 3816576K, used 424063K [0x00007f33c4600000, 0x00007f34c7340000, 0x00007f3919b50000)
  eden space 3392512K,   0% used [0x00007f33c4600000, 0x00007f33c4600000, 0x00007f3493700000)
  from space 424064K,  99% used [0x00007f3493700000, 0x00007f34ad51ff98, 0x00007f34ad520000)
  to   space 424064K,   0% used [0x00007f34ad520000, 0x00007f34ad520000, 0x00007f34c7340000)
 tenured generation   total 8481176K, used 8286800K [0x00007f3919b50000, 0x00007f3b1f5b6000, 0x00007f43c4600000)
   the space 8481176K,  97% used [0x00007f3919b50000, 0x00007f3b137e4140, 0x00007f3b137e4200, 0x00007f3b1f5b6000)
 Metaspace       used 31065K, capacity 31536K, committed 31744K, reserved 32768K
}
Event: 72.364 GC heap before
{Heap before GC invocations=30 (full 4):
 def new generation   total 3816576K, used 3816575K [0x00007f33c4600000, 0x00007f34c7340000, 0x00007f3919b50000)
  eden space 3392512K, 100% used [0x00007f33c4600000, 0x00007f3493700000, 0x00007f3493700000)
  from space 424064K,  99% used [0x00007f3493700000, 0x00007f34ad51ff98, 0x00007f34ad520000)
  to   space 424064K,   0% used [0x00007f34ad520000, 0x00007f34ad520000, 0x00007f34c7340000)
 tenured generation   total 8481176K, used 8286800K [0x00007f3919b50000, 0x00007f3b1f5b6000, 0x00007f43c4600000)
   the space 8481176K,  97% used [0x00007f3919b50000, 0x00007f3b137e4140, 0x00007f3b137e4200, 0x00007f3b1f5b6000)
 Metaspace       used 31065K, capacity 31536K, committed 31744K, reserved 32768K
}
Event: 76.219 GC heap after
{Heap after GC invocations=31 (full 4):
 def new generation   total 3816576K, used 424063K [0x00007f33c4600000, 0x00007f34c7340000, 0x00007f3919b50000)
  eden space 3392512K,   0% used [0x00007f33c4600000, 0x00007f33c4600000, 0x00007f3493700000)
  from space 424064K,  99% used [0x00007f34ad520000, 0x00007f34c733fe28, 0x00007f34c7340000)
  to   space 424064K,   0% used [0x00007f3493700000, 0x00007f3493700000, 0x00007f34ad520000)
 tenured generation   total 10013720K, used 10013627K [0x00007f3919b50000, 0x00007f3b7ce56000, 0x00007f43c4600000)
   the space 10013720K,  99% used [0x00007f3919b50000, 0x00007f3b7ce3ed90, 0x00007f3b7ce3ee00, 0x00007f3b7ce56000)
 Metaspace       used 31065K, capacity 31536K, committed 31744K, reserved 32768K
}
Event: 76.219 GC heap before
{Heap before GC invocations=31 (full 4):
 def new generation   total 3816576K, used 424063K [0x00007f33c4600000, 0x00007f34c7340000, 0x00007f3919b50000)
  eden space 3392512K,   0% used [0x00007f33c4600000, 0x00007f33c4600000, 0x00007f3493700000)
  from space 424064K,  99% used [0x00007f34ad520000, 0x00007f34c733fe28, 0x00007f34c7340000)
  to   space 424064K,   0% used [0x00007f3493700000, 0x00007f3493700000, 0x00007f34ad520000)
 tenured generation   total 10013720K, used 10013627K [0x00007f3919b50000, 0x00007f3b7ce56000, 0x00007f43c4600000)
   the space 10013720K,  99% used [0x00007f3919b50000, 0x00007f3b7ce3ed90, 0x00007f3b7ce3ee00, 0x00007f3b7ce56000)
 Metaspace       used 31065K, capacity 31536K, committed 31744K, reserved 32768K
}
Event: 84.366 GC heap after
{Heap after GC invocations=31 (full 5):
 def new generation   total 7510272K, used 424063K [0x00007f33c4600000, 0x00007f35c1b20000, 0x00007f3919b50000)
  eden space 6675840K,   6% used [0x00007f33c4600000, 0x00007f33de41fe28, 0x00007f355bd60000)
  from space 834432K,   0% used [0x00007f355bd60000, 0x00007f355bd60000, 0x00007f358ec40000)
  to   space 834432K,   0% used [0x00007f358ec40000, 0x00007f358ec40000, 0x00007f35c1b20000)
 tenured generation   total 16689380K, used 10013627K [0x00007f3919b50000, 0x00007f3d14589000, 0x00007f43c4600000)
   the space 16689380K,  59% used [0x00007f3919b50000, 0x00007f3b7ce3ed90, 0x00007f3b7ce3ee00, 0x00007f3d14589000)
 Metaspace       used 31065K, capacity 31536K, committed 31744K, reserved 32768K
}
Event: 96.661 GC heap before
{Heap before GC invocations=31 (full 5):
 def new generation   total 7510272K, used 6675840K [0x00007f33c4600000, 0x00007f35c1b20000, 0x00007f3919b50000)
  eden space 6675840K, 100% used [0x00007f33c4600000, 0x00007f355bd60000, 0x00007f355bd60000)
  from space 834432K,   0% used [0x00007f355bd60000, 0x00007f355bd60000, 0x00007f358ec40000)
  to   space 834432K,   0% used [0x00007f358ec40000, 0x00007f358ec40000, 0x00007f35c1b20000)
 tenured generation   total 16689380K, used 10013627K [0x00007f3919b50000, 0x00007f3d14589000, 0x00007f43c4600000)
   the space 16689380K,  59% used [0x00007f3919b50000, 0x00007f3b7ce3ed90, 0x00007f3b7ce3ee00, 0x00007f3d14589000)
 Metaspace       used 31065K, capacity 31536K, committed 31744K, reserved 32768K
}
Event: 106.951 GC heap after
{Heap after GC invocations=32 (full 5):
 def new generation   total 7510272K, used 834431K [0x00007f33c4600000, 0x00007f35c1b20000, 0x00007f3919b50000)
  eden space 6675840K,   0% used [0x00007f33c4600000, 0x00007f33c4600000, 0x00007f355bd60000)
  from space 834432K,  99% used [0x00007f358ec40000, 0x00007f35c1b1ff48, 0x00007f35c1b20000)
  to   space 834432K,   0% used [0x00007f355bd60000, 0x00007f355bd60000, 0x00007f358ec40000)
 tenured generation   total 16689380K, used 13506341K [0x00007f3919b50000, 0x00007f3d14589000, 0x00007f43c4600000)
   the space 16689380K,  80% used [0x00007f3919b50000, 0x00007f3c52119650, 0x00007f3c52119800, 0x00007f3d14589000)
 Metaspace       used 31065K, capacity 31536K, committed 31744K, reserved 32768K
}
Event: 121.239 GC heap before
{Heap before GC invocations=32 (full 5):
 def new generation   total 7510272K, used 7510271K [0x00007f33c4600000, 0x00007f35c1b20000, 0x00007f3919b50000)
  eden space 6675840K, 100% used [0x00007f33c4600000, 0x00007f355bd60000, 0x00007f355bd60000)
  from space 834432K,  99% used [0x00007f358ec40000, 0x00007f35c1b1ff48, 0x00007f35c1b20000)
  to   space 834432K,   0% used [0x00007f355bd60000, 0x00007f355bd60000, 0x00007f358ec40000)
 tenured generation   total 16689380K, used 13506341K [0x00007f3919b50000, 0x00007f3d14589000, 0x00007f43c4600000)
   the space 16689380K,  80% used [0x00007f3919b50000, 0x00007f3c52119650, 0x00007f3c52119800, 0x00007f3d14589000)
 Metaspace       used 31065K, capacity 31536K, committed 31744K, reserved 32768K
}
Event: 130.821 GC heap after
{Heap after GC invocations=33 (full 5):
 def new generation   total 7510272K, used 834431K [0x00007f33c4600000, 0x00007f35c1b20000, 0x00007f3919b50000)
  eden space 6675840K,   0% used [0x00007f33c4600000, 0x00007f33c4600000, 0x00007f355bd60000)
  from space 834432K,  99% used [0x00007f355bd60000, 0x00007f358ec3feb8, 0x00007f358ec40000)
  to   space 834432K,   0% used [0x00007f358ec40000, 0x00007f358ec40000, 0x00007f35c1b20000)
 tenured generation   total 17609252K, used 17609151K [0x00007f3919b50000, 0x00007f3d4c7d9000, 0x00007f43c4600000)
   the space 17609252K,  99% used [0x00007f3919b50000, 0x00007f3d4c7bfe40, 0x00007f3d4c7c0000, 0x00007f3d4c7d9000)
 Metaspace       used 31065K, capacity 31536K, committed 31744K, reserved 32768K
}
Event: 130.821 GC heap before
{Heap before GC invocations=33 (full 5):
 def new generation   total 7510272K, used 834431K [0x00007f33c4600000, 0x00007f35c1b20000, 0x00007f3919b50000)
  eden space 6675840K,   0% used [0x00007f33c4600000, 0x00007f33c4600000, 0x00007f355bd60000)
  from space 834432K,  99% used [0x00007f355bd60000, 0x00007f358ec3feb8, 0x00007f358ec40000)
  to   space 834432K,   0% used [0x00007f358ec40000, 0x00007f358ec40000, 0x00007f35c1b20000)
 tenured generation   total 17609252K, used 17609151K [0x00007f3919b50000, 0x00007f3d4c7d9000, 0x00007f43c4600000)
   the space 17609252K,  99% used [0x00007f3919b50000, 0x00007f3d4c7bfe40, 0x00007f3d4c7c0000, 0x00007f3d4c7d9000)
 Metaspace       used 31065K, capacity 31536K, committed 31744K, reserved 32768K
}
Event: 145.358 GC heap after
{Heap after GC invocations=33 (full 6):
 def new generation   total 13206912K, used 834431K [0x00007f33c4600000, 0x00007f3744060000, 0x00007f3919b50000)
  eden space 11739520K,   7% used [0x00007f33c4600000, 0x00007f33f74dfeb8, 0x00007f3690e60000)
  from space 1467392K,   0% used [0x00007f3690e60000, 0x00007f3690e60000, 0x00007f36ea760000)
  to   space 1467392K,   0% used [0x00007f36ea760000, 0x00007f36ea760000, 0x00007f3744060000)
 tenured generation   total 29348588K, used 17609151K [0x00007f3919b50000, 0x00007f401900b000, 0x00007f43c4600000)
   the space 29348588K,  59% used [0x00007f3919b50000, 0x00007f3d4c7bfe40, 0x00007f3d4c7c0000, 0x00007f401900b000)
 Metaspace       used 31065K, capacity 31536K, committed 31744K, reserved 32768K
}
Event: 172.380 GC heap before
{Heap before GC invocations=33 (full 6):
 def new generation   total 13206912K, used 11739520K [0x00007f33c4600000, 0x00007f3744060000, 0x00007f3919b50000)
  eden space 11739520K, 100% used [0x00007f33c4600000, 0x00007f3690e60000, 0x00007f3690e60000)
  from space 1467392K,   0% used [0x00007f3690e60000, 0x00007f3690e60000, 0x00007f36ea760000)
  to   space 1467392K,   0% used [0x00007f36ea760000, 0x00007f36ea760000, 0x00007f3744060000)
 tenured generation   total 29348588K, used 17609151K [0x00007f3919b50000, 0x00007f401900b000, 0x00007f43c4600000)
   the space 29348588K,  59% used [0x00007f3919b50000, 0x00007f3d4c7bfe40, 0x00007f3d4c7c0000, 0x00007f401900b000)
 Metaspace       used 31065K, capacity 31536K, committed 31744K, reserved 32768K
}
Event: 194.359 GC heap after
{Heap after GC invocations=34 (full 6):
 def new generation   total 13206912K, used 1467391K [0x00007f33c4600000, 0x00007f3744060000, 0x00007f3919b50000)
  eden space 11739520K,   0% used [0x00007f33c4600000, 0x00007f33c4600000, 0x00007f3690e60000)
  from space 1467392K,  99% used [0x00007f36ea760000, 0x00007f374405ff78, 0x00007f3744060000)
  to   space 1467392K,   0% used [0x00007f3690e60000, 0x00007f3690e60000, 0x00007f36ea760000)
 tenured generation   total 29348588K, used 22933545K [0x00007f3919b50000, 0x00007f401900b000, 0x00007f43c4600000)
   the space 29348588K,  78% used [0x00007f3919b50000, 0x00007f3e9175a718, 0x00007f3e9175a800, 0x00007f401900b000)
 Metaspace       used 31065K, capacity 31536K, committed 31744K, reserved 32768K
}
Event: 226.110 GC heap before
{Heap before GC invocations=34 (full 6):
 def new generation   total 13206912K, used 13206911K [0x00007f33c4600000, 0x00007f3744060000, 0x00007f3919b50000)
  eden space 11739520K, 100% used [0x00007f33c4600000, 0x00007f3690e60000, 0x00007f3690e60000)
  from space 1467392K,  99% used [0x00007f36ea760000, 0x00007f374405ff78, 0x00007f3744060000)
  to   space 1467392K,   0% used [0x00007f3690e60000, 0x00007f3690e60000, 0x00007f36ea760000)
 tenured generation   total 29348588K, used 22933545K [0x00007f3919b50000, 0x00007f401900b000, 0x00007f43c4600000)
   the space 29348588K,  78% used [0x00007f3919b50000, 0x00007f3e9175a718, 0x00007f3e9175a800, 0x00007f401900b000)
 Metaspace       used 31065K, capacity 31536K, committed 31744K, reserved 32768K
}
Event: 241.488 GC heap after
{Heap after GC invocations=35 (full 6):
 def new generation   total 13206912K, used 1467391K [0x00007f33c4600000, 0x00007f3744060000, 0x00007f3919b50000)
  eden space 11739520K,   0% used [0x00007f33c4600000, 0x00007f33c4600000, 0x00007f3690e60000)
  from space 1467392K,  99% used [0x00007f3690e60000, 0x00007f36ea75fea0, 0x00007f36ea760000)
  to   space 1467392K,   0% used [0x00007f36ea760000, 0x00007f36ea760000, 0x00007f3744060000)
 tenured generation   total 29655404K, used 29655377K [0x00007f3919b50000, 0x00007f402bbab000, 0x00007f43c4600000)
   the space 29655404K,  99% used [0x00007f3919b50000, 0x00007f402bba4430, 0x00007f402bba4600, 0x00007f402bbab000)
 Metaspace       used 31065K, capacity 31536K, committed 31744K, reserved 32768K
}
Event: 241.488 GC heap before
{Heap before GC invocations=35 (full 6):
 def new generation   total 13206912K, used 1467391K [0x00007f33c4600000, 0x00007f3744060000, 0x00007f3919b50000)
  eden space 11739520K,   0% used [0x00007f33c4600000, 0x00007f33c4600000, 0x00007f3690e60000)
  from space 1467392K,  99% used [0x00007f3690e60000, 0x00007f36ea75fea0, 0x00007f36ea760000)
  to   space 1467392K,   0% used [0x00007f36ea760000, 0x00007f36ea760000, 0x00007f3744060000)
 tenured generation   total 29655404K, used 29655377K [0x00007f3919b50000, 0x00007f402bbab000, 0x00007f43c4600000)
   the space 29655404K,  99% used [0x00007f3919b50000, 0x00007f402bba4430, 0x00007f402bba4600, 0x00007f402bbab000)
 Metaspace       used 31065K, capacity 31536K, committed 31744K, reserved 32768K
}

