# JRE version: OpenJDK Runtime Environment (13.0.7+5) (build 13.0.7+5-Ubuntu-0ubuntu120.04)
# Java VM: OpenJDK 64-Bit Server VM (13.0.7+5-Ubuntu-0ubuntu120.04, mixed mode, tiered, serial gc, linux-amd64)
Heap:
 def new generation   total 3353280K, used 0K [0x00007f1ac8600000, 0x00007f1babc80000, 0x00007f201db50000)
  eden space 2980736K,   0% used [0x00007f1ac8600000, 0x00007f1ac8600000, 0x00007f1b7e4e0000)
  from space 372544K,   0% used [0x00007f1b7e4e0000, 0x00007f1b7e4e0000, 0x00007f1b950b0000)
  to   space 372544K,   0% used [0x00007f1b950b0000, 0x00007f1b950b0000, 0x00007f1babc80000)
 tenured generation   total 8069532K, used 7150617K [0x00007f201db50000, 0x00007f220a3b7000, 0x00007f2ac8600000)
   the space 8069532K,  88% used [0x00007f201db50000, 0x00007f21d22567a0, 0x00007f21d2256800, 0x00007f220a3b7000)
 Metaspace       used 30408K, capacity 30783K, committed 30976K, reserved 32768K
GC Heap History (20 events):
Event: 128.641 GC heap after
{Heap after GC invocations=33 (full 9):
 def new generation   total 3353280K, used 245300K [0x00007f1ac8600000, 0x00007f1babc80000, 0x00007f201db50000)
  eden space 2980736K,   0% used [0x00007f1ac8600000, 0x00007f1ac8600000, 0x00007f1b7e4e0000)
  from space 372544K,  65% used [0x00007f1b950b0000, 0x00007f1ba403d2e0, 0x00007f1babc80000)
  to   space 372544K,   0% used [0x00007f1b7e4e0000, 0x00007f1b7e4e0000, 0x00007f1b950b0000)
 tenured generation   total 7451608K, used 3822588K [0x00007f201db50000, 0x00007f21e4846000, 0x00007f2ac8600000)
   the space 7451608K,  51% used [0x00007f201db50000, 0x00007f210704f248, 0x00007f210704f400, 0x00007f21e4846000)
 Metaspace       used 30408K, capacity 30783K, committed 30976K, reserved 32768K
}
Event: 130.051 GC heap before
{Heap before GC invocations=33 (full 9):
 def new generation   total 3353280K, used 3226036K [0x00007f1ac8600000, 0x00007f1babc80000, 0x00007f201db50000)
  eden space 2980736K, 100% used [0x00007f1ac8600000, 0x00007f1b7e4e0000, 0x00007f1b7e4e0000)
  from space 372544K,  65% used [0x00007f1b950b0000, 0x00007f1ba403d2e0, 0x00007f1babc80000)
  to   space 372544K,   0% used [0x00007f1b7e4e0000, 0x00007f1b7e4e0000, 0x00007f1b950b0000)
 tenured generation   total 7451608K, used 3822588K [0x00007f201db50000, 0x00007f21e4846000, 0x00007f2ac8600000)
   the space 7451608K,  51% used [0x00007f201db50000, 0x00007f210704f248, 0x00007f210704f400, 0x00007f21e4846000)
 Metaspace       used 30408K, capacity 30783K, committed 30976K, reserved 32768K
}
Event: 130.839 GC heap after
{Heap after GC invocations=34 (full 9):
 def new generation   total 3353280K, used 244592K [0x00007f1ac8600000, 0x00007f1babc80000, 0x00007f201db50000)
  eden space 2980736K,   0% used [0x00007f1ac8600000, 0x00007f1ac8600000, 0x00007f1b7e4e0000)
  from space 372544K,  65% used [0x00007f1b7e4e0000, 0x00007f1b8d3bc380, 0x00007f1b950b0000)
  to   space 372544K,   0% used [0x00007f1b950b0000, 0x00007f1b950b0000, 0x00007f1babc80000)
 tenured generation   total 7451608K, used 4067888K [0x00007f201db50000, 0x00007f21e4846000, 0x00007f2ac8600000)
   the space 7451608K,  54% used [0x00007f201db50000, 0x00007f2115fdc298, 0x00007f2115fdc400, 0x00007f21e4846000)
 Metaspace       used 30408K, capacity 30783K, committed 30976K, reserved 32768K
}
Event: 131.634 GC heap before
{Heap before GC invocations=34 (full 9):
 def new generation   total 3353280K, used 3225328K [0x00007f1ac8600000, 0x00007f1babc80000, 0x00007f201db50000)
  eden space 2980736K, 100% used [0x00007f1ac8600000, 0x00007f1b7e4e0000, 0x00007f1b7e4e0000)
  from space 372544K,  65% used [0x00007f1b7e4e0000, 0x00007f1b8d3bc380, 0x00007f1b950b0000)
  to   space 372544K,   0% used [0x00007f1b950b0000, 0x00007f1b950b0000, 0x00007f1babc80000)
 tenured generation   total 7451608K, used 4067888K [0x00007f201db50000, 0x00007f21e4846000, 0x00007f2ac8600000)
   the space 7451608K,  54% used [0x00007f201db50000, 0x00007f2115fdc298, 0x00007f2115fdc400, 0x00007f21e4846000)
 Metaspace       used 30408K, capacity 30783K, committed 30976K, reserved 32768K
}
Event: 132.394 GC heap after
{Heap after GC invocations=35 (full 9):
 def new generation   total 3353280K, used 241949K [0x00007f1ac8600000, 0x00007f1babc80000, 0x00007f201db50000)
  eden space 2980736K,   0% used [0x00007f1ac8600000, 0x00007f1ac8600000, 0x00007f1b7e4e0000)
  from space 372544K,  64% used [0x00007f1b950b0000, 0x00007f1ba3cf7750, 0x00007f1babc80000)
  to   space 372544K,   0% used [0x00007f1b7e4e0000, 0x00007f1b7e4e0000, 0x00007f1b950b0000)
 tenured generation   total 7451608K, used 4312481K [0x00007f201db50000, 0x00007f21e4846000, 0x00007f2ac8600000)
   the space 7451608K,  57% used [0x00007f201db50000, 0x00007f2124eb84f8, 0x00007f2124eb8600, 0x00007f21e4846000)
 Metaspace       used 30408K, capacity 30783K, committed 30976K, reserved 32768K
}
Event: 133.278 GC heap before
{Heap before GC invocations=35 (full 9):
 def new generation   total 3353280K, used 3222685K [0x00007f1ac8600000, 0x00007f1babc80000, 0x00007f201db50000)
  eden space 2980736K, 100% used [0x00007f1ac8600000, 0x00007f1b7e4e0000, 0x00007f1b7e4e0000)
  from space 372544K,  64% used [0x00007f1b950b0000, 0x00007f1ba3cf7750, 0x00007f1babc80000)
  to   space 372544K,   0% used [0x00007f1b7e4e0000, 0x00007f1b7e4e0000, 0x00007f1b950b0000)
 tenured generation   total 7451608K, used 4312481K [0x00007f201db50000, 0x00007f21e4846000, 0x00007f2ac8600000)
   the space 7451608K,  57% used [0x00007f201db50000, 0x00007f2124eb84f8, 0x00007f2124eb8600, 0x00007f21e4846000)
 Metaspace       used 30408K, capacity 30783K, committed 30976K, reserved 32768K
}
Event: 134.070 GC heap after
{Heap after GC invocations=36 (full 9):
 def new generation   total 3353280K, used 287475K [0x00007f1ac8600000, 0x00007f1babc80000, 0x00007f201db50000)
  eden space 2980736K,   0% used [0x00007f1ac8600000, 0x00007f1ac8600000, 0x00007f1b7e4e0000)
  from space 372544K,  77% used [0x00007f1b7e4e0000, 0x00007f1b8fd9cf90, 0x00007f1b950b0000)
  to   space 372544K,   0% used [0x00007f1b950b0000, 0x00007f1b950b0000, 0x00007f1babc80000)
 tenured generation   total 7451608K, used 4554430K [0x00007f201db50000, 0x00007f21e4846000, 0x00007f2ac8600000)
   the space 7451608K,  61% used [0x00007f201db50000, 0x00007f2133affa58, 0x00007f2133affc00, 0x00007f21e4846000)
 Metaspace       used 30408K, capacity 30783K, committed 30976K, reserved 32768K
}
Event: 134.869 GC heap before
{Heap before GC invocations=36 (full 9):
 def new generation   total 3353280K, used 3268211K [0x00007f1ac8600000, 0x00007f1babc80000, 0x00007f201db50000)
  eden space 2980736K, 100% used [0x00007f1ac8600000, 0x00007f1b7e4e0000, 0x00007f1b7e4e0000)
  from space 372544K,  77% used [0x00007f1b7e4e0000, 0x00007f1b8fd9cf90, 0x00007f1b950b0000)
  to   space 372544K,   0% used [0x00007f1b950b0000, 0x00007f1b950b0000, 0x00007f1babc80000)
 tenured generation   total 7451608K, used 4554430K [0x00007f201db50000, 0x00007f21e4846000, 0x00007f2ac8600000)
   the space 7451608K,  61% used [0x00007f201db50000, 0x00007f2133affa58, 0x00007f2133affc00, 0x00007f21e4846000)
 Metaspace       used 30408K, capacity 30783K, committed 30976K, reserved 32768K
}
Event: 135.657 GC heap after
{Heap after GC invocations=37 (full 9):
 def new generation   total 3353280K, used 254629K [0x00007f1ac8600000, 0x00007f1babc80000, 0x00007f201db50000)
  eden space 2980736K,   0% used [0x00007f1ac8600000, 0x00007f1ac8600000, 0x00007f1b7e4e0000)
  from space 372544K,  68% used [0x00007f1b950b0000, 0x00007f1ba49597e0, 0x00007f1babc80000)
  to   space 372544K,   0% used [0x00007f1b7e4e0000, 0x00007f1b7e4e0000, 0x00007f1b950b0000)
 tenured generation   total 7451608K, used 4841905K [0x00007f201db50000, 0x00007f21e4846000, 0x00007f2ac8600000)
   the space 7451608K,  64% used [0x00007f201db50000, 0x00007f21453bc7e8, 0x00007f21453bc800, 0x00007f21e4846000)
 Metaspace       used 30408K, capacity 30783K, committed 30976K, reserved 32768K
}
Event: 136.456 GC heap before
{Heap before GC invocations=37 (full 9):
 def new generation   total 3353280K, used 3235365K [0x00007f1ac8600000, 0x00007f1babc80000, 0x00007f201db50000)
  eden space 2980736K, 100% used [0x00007f1ac8600000, 0x00007f1b7e4e0000, 0x00007f1b7e4e0000)
  from space 372544K,  68% used [0x00007f1b950b0000, 0x00007f1ba49597e0, 0x00007f1babc80000)
  to   space 372544K,   0% used [0x00007f1b7e4e0000, 0x00007f1b7e4e0000, 0x00007f1b950b0000)
 tenured generation   total 7451608K, used 4841905K [0x00007f201db50000, 0x00007f21e4846000, 0x00007f2ac8600000)
   the space 7451608K,  64% used [0x00007f201db50000, 0x00007f21453bc7e8, 0x00007f21453bc800, 0x00007f21e4846000)
 Metaspace       used 30408K, capacity 30783K, committed 30976K, reserved 32768K
}
Event: 137.207 GC heap after
{Heap after GC invocations=38 (full 9):
 def new generation   total 3353280K, used 245436K [0x00007f1ac8600000, 0x00007f1babc80000, 0x00007f201db50000)
  eden space 2980736K,   0% used [0x00007f1ac8600000, 0x00007f1ac8600000, 0x00007f1b7e4e0000)
  from space 372544K,  65% used [0x00007f1b7e4e0000, 0x00007f1b8d48f350, 0x00007f1b950b0000)
  to   space 372544K,   0% used [0x00007f1b950b0000, 0x00007f1b950b0000, 0x00007f1babc80000)
 tenured generation   total 7451608K, used 5096535K [0x00007f201db50000, 0x00007f21e4846000, 0x00007f2ac8600000)
   the space 7451608K,  68% used [0x00007f201db50000, 0x00007f2154c65d68, 0x00007f2154c65e00, 0x00007f21e4846000)
 Metaspace       used 30408K, capacity 30783K, committed 30976K, reserved 32768K
}
Event: 137.984 GC heap before
{Heap before GC invocations=38 (full 9):
 def new generation   total 3353280K, used 3226172K [0x00007f1ac8600000, 0x00007f1babc80000, 0x00007f201db50000)
  eden space 2980736K, 100% used [0x00007f1ac8600000, 0x00007f1b7e4e0000, 0x00007f1b7e4e0000)
  from space 372544K,  65% used [0x00007f1b7e4e0000, 0x00007f1b8d48f350, 0x00007f1b950b0000)
  to   space 372544K,   0% used [0x00007f1b950b0000, 0x00007f1b950b0000, 0x00007f1babc80000)
 tenured generation   total 7451608K, used 5096535K [0x00007f201db50000, 0x00007f21e4846000, 0x00007f2ac8600000)
   the space 7451608K,  68% used [0x00007f201db50000, 0x00007f2154c65d68, 0x00007f2154c65e00, 0x00007f21e4846000)
 Metaspace       used 30408K, capacity 30783K, committed 30976K, reserved 32768K
}
Event: 138.720 GC heap after
{Heap after GC invocations=39 (full 9):
 def new generation   total 3353280K, used 254032K [0x00007f1ac8600000, 0x00007f1babc80000, 0x00007f201db50000)
  eden space 2980736K,   0% used [0x00007f1ac8600000, 0x00007f1ac8600000, 0x00007f1b7e4e0000)
  from space 372544K,  68% used [0x00007f1b950b0000, 0x00007f1ba48c43c0, 0x00007f1babc80000)
  to   space 372544K,   0% used [0x00007f1b7e4e0000, 0x00007f1b7e4e0000, 0x00007f1b950b0000)
 tenured generation   total 7451608K, used 5341971K [0x00007f201db50000, 0x00007f21e4846000, 0x00007f2ac8600000)
   the space 7451608K,  71% used [0x00007f201db50000, 0x00007f2163c14f68, 0x00007f2163c15000, 0x00007f21e4846000)
 Metaspace       used 30408K, capacity 30783K, committed 30976K, reserved 32768K
}
Event: 139.504 GC heap before
{Heap before GC invocations=39 (full 9):
 def new generation   total 3353280K, used 3234768K [0x00007f1ac8600000, 0x00007f1babc80000, 0x00007f201db50000)
  eden space 2980736K, 100% used [0x00007f1ac8600000, 0x00007f1b7e4e0000, 0x00007f1b7e4e0000)
  from space 372544K,  68% used [0x00007f1b950b0000, 0x00007f1ba48c43c0, 0x00007f1babc80000)
  to   space 372544K,   0% used [0x00007f1b7e4e0000, 0x00007f1b7e4e0000, 0x00007f1b950b0000)
 tenured generation   total 7451608K, used 5341971K [0x00007f201db50000, 0x00007f21e4846000, 0x00007f2ac8600000)
   the space 7451608K,  71% used [0x00007f201db50000, 0x00007f2163c14f68, 0x00007f2163c15000, 0x00007f21e4846000)
 Metaspace       used 30408K, capacity 30783K, committed 30976K, reserved 32768K
}
Event: 140.276 GC heap after
{Heap after GC invocations=40 (full 9):
 def new generation   total 3353280K, used 257156K [0x00007f1ac8600000, 0x00007f1babc80000, 0x00007f201db50000)
  eden space 2980736K,   0% used [0x00007f1ac8600000, 0x00007f1ac8600000, 0x00007f1b7e4e0000)
  from space 372544K,  69% used [0x00007f1b7e4e0000, 0x00007f1b8e0011c0, 0x00007f1b950b0000)
  to   space 372544K,   0% used [0x00007f1b950b0000, 0x00007f1b950b0000, 0x00007f1babc80000)
 tenured generation   total 7451608K, used 5596004K [0x00007f201db50000, 0x00007f21e4846000, 0x00007f2ac8600000)
   the space 7451608K,  75% used [0x00007f201db50000, 0x00007f2173429188, 0x00007f2173429200, 0x00007f21e4846000)
 Metaspace       used 30408K, capacity 30783K, committed 30976K, reserved 32768K
}
Event: 174.316 GC heap before
{Heap before GC invocations=40 (full 9):
 def new generation   total 3353280K, used 3237892K [0x00007f1ac8600000, 0x00007f1babc80000, 0x00007f201db50000)
  eden space 2980736K, 100% used [0x00007f1ac8600000, 0x00007f1b7e4e0000, 0x00007f1b7e4e0000)
  from space 372544K,  69% used [0x00007f1b7e4e0000, 0x00007f1b8e0011c0, 0x00007f1b950b0000)
  to   space 372544K,   0% used [0x00007f1b950b0000, 0x00007f1b950b0000, 0x00007f1babc80000)
 tenured generation   total 7451608K, used 5596004K [0x00007f201db50000, 0x00007f21e4846000, 0x00007f2ac8600000)
   the space 7451608K,  75% used [0x00007f201db50000, 0x00007f2173429188, 0x00007f2173429200, 0x00007f21e4846000)
 Metaspace       used 30408K, capacity 30783K, committed 30976K, reserved 32768K
}
Event: 178.422 GC heap after
{Heap after GC invocations=41 (full 9):
 def new generation   total 3353280K, used 372544K [0x00007f1ac8600000, 0x00007f1babc80000, 0x00007f201db50000)
  eden space 2980736K,   0% used [0x00007f1ac8600000, 0x00007f1ac8600000, 0x00007f1b7e4e0000)
  from space 372544K, 100% used [0x00007f1b950b0000, 0x00007f1babc80000, 0x00007f1babc80000)
  to   space 372544K,   0% used [0x00007f1b7e4e0000, 0x00007f1b7e4e0000, 0x00007f1b950b0000)
 tenured generation   total 7451608K, used 7441958K [0x00007f201db50000, 0x00007f21e4846000, 0x00007f2ac8600000)
   the space 7451608K,  99% used [0x00007f201db50000, 0x00007f21e3ed9a28, 0x00007f21e3ed9c00, 0x00007f21e4846000)
 Metaspace       used 30408K, capacity 30783K, committed 30976K, reserved 32768K
}
Event: 232.647 GC heap before
{Heap before GC invocations=41 (full 9):
 def new generation   total 3353280K, used 3353280K [0x00007f1ac8600000, 0x00007f1babc80000, 0x00007f201db50000)
  eden space 2980736K, 100% used [0x00007f1ac8600000, 0x00007f1b7e4e0000, 0x00007f1b7e4e0000)
  from space 372544K, 100% used [0x00007f1b950b0000, 0x00007f1babc80000, 0x00007f1babc80000)
  to   space 372544K,   0% used [0x00007f1b7e4e0000, 0x00007f1b7e4e0000, 0x00007f1b950b0000)
 tenured generation   total 7451608K, used 7441958K [0x00007f201db50000, 0x00007f21e4846000, 0x00007f2ac8600000)
   the space 7451608K,  99% used [0x00007f201db50000, 0x00007f21e3ed9a28, 0x00007f21e3ed9c00, 0x00007f21e4846000)
 Metaspace       used 30408K, capacity 30783K, committed 30976K, reserved 32768K
}
Event: 234.122 GC heap after
{Heap after GC invocations=42 (full 9):
 def new generation   total 3353280K, used 372543K [0x00007f1ac8600000, 0x00007f1babc80000, 0x00007f201db50000)
  eden space 2980736K,   0% used [0x00007f1ac8600000, 0x00007f1ac8600000, 0x00007f1b7e4e0000)
  from space 372544K,  99% used [0x00007f1b7e4e0000, 0x00007f1b950afff0, 0x00007f1b950b0000)
  to   space 372544K,   0% used [0x00007f1b950b0000, 0x00007f1b950b0000, 0x00007f1babc80000)
 tenured generation   total 8069532K, used 8069475K [0x00007f201db50000, 0x00007f220a3b7000, 0x00007f2ac8600000)
   the space 8069532K,  99% used [0x00007f201db50000, 0x00007f220a3a8e78, 0x00007f220a3a9000, 0x00007f220a3b7000)
 Metaspace       used 30408K, capacity 30783K, committed 30976K, reserved 32768K
}
Event: 234.122 GC heap before
{Heap before GC invocations=42 (full 9):
 def new generation   total 3353280K, used 372543K [0x00007f1ac8600000, 0x00007f1babc80000, 0x00007f201db50000)
  eden space 2980736K,   0% used [0x00007f1ac8600000, 0x00007f1ac8600000, 0x00007f1b7e4e0000)
  from space 372544K,  99% used [0x00007f1b7e4e0000, 0x00007f1b950afff0, 0x00007f1b950b0000)
  to   space 372544K,   0% used [0x00007f1b950b0000, 0x00007f1b950b0000, 0x00007f1babc80000)
 tenured generation   total 8069532K, used 8069475K [0x00007f201db50000, 0x00007f220a3b7000, 0x00007f2ac8600000)
   the space 8069532K,  99% used [0x00007f201db50000, 0x00007f220a3a8e78, 0x00007f220a3a9000, 0x00007f220a3b7000)
 Metaspace       used 30408K, capacity 30783K, committed 30976K, reserved 32768K
}

