# JRE version: OpenJDK Runtime Environment (13.0.7+5) (build 13.0.7+5-Ubuntu-0ubuntu120.04)
# Java VM: OpenJDK 64-Bit Server VM (13.0.7+5-Ubuntu-0ubuntu120.04, mixed mode, tiered, serial gc, linux-amd64)
Heap:
 def new generation   total 1024128K, used 0K [0x00007f9220600000, 0x00007f9265d30000, 0x00007f9ccb0a0000)
  eden space 910400K,   0% used [0x00007f9220600000, 0x00007f9220600000, 0x00007f9257f10000)
  from space 113728K,   0% used [0x00007f925ee20000, 0x00007f925ee20000, 0x00007f9265d30000)
  to   space 113728K,   0% used [0x00007f9257f10000, 0x00007f9257f10000, 0x00007f925ee20000)
 tenured generation   total 2292000K, used 2131547K [0x00007f9ccb0a0000, 0x00007f9d56ee8000, 0x00007fb220600000)
   the space 2292000K,  92% used [0x00007f9ccb0a0000, 0x00007f9d4d236fc8, 0x00007f9d4d237000, 0x00007f9d56ee8000)
 Metaspace       used 24287K, capacity 24710K, committed 24832K, reserved 26624K
GC Heap History (20 events):
Event: 716.482 GC heap after
{Heap after GC invocations=928 (full 4):
 def new generation   total 1024128K, used 13347K [0x00007f9220600000, 0x00007f9265d30000, 0x00007f9ccb0a0000)
  eden space 910400K,   0% used [0x00007f9220600000, 0x00007f9220600000, 0x00007f9257f10000)
  from space 113728K,  11% used [0x00007f9257f10000, 0x00007f9258c18c00, 0x00007f925ee20000)
  to   space 113728K,   0% used [0x00007f925ee20000, 0x00007f925ee20000, 0x00007f9265d30000)
 tenured generation   total 2275612K, used 2260424K [0x00007f9ccb0a0000, 0x00007f9d55ee7000, 0x00007fb220600000)
   the space 2275612K,  99% used [0x00007f9ccb0a0000, 0x00007f9d550121f0, 0x00007f9d55012200, 0x00007f9d55ee7000)
 Metaspace       used 24287K, capacity 24710K, committed 24832K, reserved 26624K
}
Event: 717.231 GC heap before
{Heap before GC invocations=928 (full 4):
 def new generation   total 1024128K, used 923747K [0x00007f9220600000, 0x00007f9265d30000, 0x00007f9ccb0a0000)
  eden space 910400K, 100% used [0x00007f9220600000, 0x00007f9257f10000, 0x00007f9257f10000)
  from space 113728K,  11% used [0x00007f9257f10000, 0x00007f9258c18c00, 0x00007f925ee20000)
  to   space 113728K,   0% used [0x00007f925ee20000, 0x00007f925ee20000, 0x00007f9265d30000)
 tenured generation   total 2275612K, used 2260424K [0x00007f9ccb0a0000, 0x00007f9d55ee7000, 0x00007fb220600000)
   the space 2275612K,  99% used [0x00007f9ccb0a0000, 0x00007f9d550121f0, 0x00007f9d55012200, 0x00007f9d55ee7000)
 Metaspace       used 24287K, capacity 24710K, committed 24832K, reserved 26624K
}
Event: 717.246 GC heap after
{Heap after GC invocations=929 (full 4):
 def new generation   total 1024128K, used 13368K [0x00007f9220600000, 0x00007f9265d30000, 0x00007f9ccb0a0000)
  eden space 910400K,   0% used [0x00007f9220600000, 0x00007f9220600000, 0x00007f9257f10000)
  from space 113728K,  11% used [0x00007f925ee20000, 0x00007f925fb2e328, 0x00007f9265d30000)
  to   space 113728K,   0% used [0x00007f9257f10000, 0x00007f9257f10000, 0x00007f925ee20000)
 tenured generation   total 2275612K, used 2260424K [0x00007f9ccb0a0000, 0x00007f9d55ee7000, 0x00007fb220600000)
   the space 2275612K,  99% used [0x00007f9ccb0a0000, 0x00007f9d550121f0, 0x00007f9d55012200, 0x00007f9d55ee7000)
 Metaspace       used 24287K, capacity 24710K, committed 24832K, reserved 26624K
}
Event: 718.312 GC heap before
{Heap before GC invocations=929 (full 4):
 def new generation   total 1024128K, used 922553K [0x00007f9220600000, 0x00007f9265d30000, 0x00007f9ccb0a0000)
  eden space 910400K,  99% used [0x00007f9220600000, 0x00007f9257de0450, 0x00007f9257f10000)
  from space 113728K,  11% used [0x00007f925ee20000, 0x00007f925fb2e328, 0x00007f9265d30000)
  to   space 113728K,   0% used [0x00007f9257f10000, 0x00007f9257f10000, 0x00007f925ee20000)
 tenured generation   total 2275612K, used 2260424K [0x00007f9ccb0a0000, 0x00007f9d55ee7000, 0x00007fb220600000)
   the space 2275612K,  99% used [0x00007f9ccb0a0000, 0x00007f9d550121f0, 0x00007f9d55012200, 0x00007f9d55ee7000)
 Metaspace       used 24287K, capacity 24710K, committed 24832K, reserved 26624K
}
Event: 718.353 GC heap after
{Heap after GC invocations=930 (full 4):
 def new generation   total 1024128K, used 57530K [0x00007f9220600000, 0x00007f9265d30000, 0x00007f9ccb0a0000)
  eden space 910400K,   0% used [0x00007f9220600000, 0x00007f9220600000, 0x00007f9257f10000)
  from space 113728K,  50% used [0x00007f9257f10000, 0x00007f925b73eac8, 0x00007f925ee20000)
  to   space 113728K,   0% used [0x00007f925ee20000, 0x00007f925ee20000, 0x00007f9265d30000)
 tenured generation   total 2275612K, used 2260424K [0x00007f9ccb0a0000, 0x00007f9d55ee7000, 0x00007fb220600000)
   the space 2275612K,  99% used [0x00007f9ccb0a0000, 0x00007f9d550121f0, 0x00007f9d55012200, 0x00007f9d55ee7000)
 Metaspace       used 24287K, capacity 24710K, committed 24832K, reserved 26624K
}
Event: 719.412 GC heap before
{Heap before GC invocations=930 (full 4):
 def new generation   total 1024128K, used 967519K [0x00007f9220600000, 0x00007f9265d30000, 0x00007f9ccb0a0000)
  eden space 910400K,  99% used [0x00007f9220600000, 0x00007f9257ea9308, 0x00007f9257f10000)
  from space 113728K,  50% used [0x00007f9257f10000, 0x00007f925b73eac8, 0x00007f925ee20000)
  to   space 113728K,   0% used [0x00007f925ee20000, 0x00007f925ee20000, 0x00007f9265d30000)
 tenured generation   total 2275612K, used 2260424K [0x00007f9ccb0a0000, 0x00007f9d55ee7000, 0x00007fb220600000)
   the space 2275612K,  99% used [0x00007f9ccb0a0000, 0x00007f9d550121f0, 0x00007f9d55012200, 0x00007f9d55ee7000)
 Metaspace       used 24287K, capacity 24710K, committed 24832K, reserved 26624K
}
Event: 719.437 GC heap after
{Heap after GC invocations=931 (full 4):
 def new generation   total 1024128K, used 46244K [0x00007f9220600000, 0x00007f9265d30000, 0x00007f9ccb0a0000)
  eden space 910400K,   0% used [0x00007f9220600000, 0x00007f9220600000, 0x00007f9257f10000)
  from space 113728K,  40% used [0x00007f925ee20000, 0x00007f9261b491d8, 0x00007f9265d30000)
  to   space 113728K,   0% used [0x00007f9257f10000, 0x00007f9257f10000, 0x00007f925ee20000)
 tenured generation   total 2275612K, used 2261961K [0x00007f9ccb0a0000, 0x00007f9d55ee7000, 0x00007fb220600000)
   the space 2275612K,  99% used [0x00007f9ccb0a0000, 0x00007f9d551927e8, 0x00007f9d55192800, 0x00007f9d55ee7000)
 Metaspace       used 24287K, capacity 24710K, committed 24832K, reserved 26624K
}
Event: 720.354 GC heap before
{Heap before GC invocations=931 (full 4):
 def new generation   total 1024128K, used 956644K [0x00007f9220600000, 0x00007f9265d30000, 0x00007f9ccb0a0000)
  eden space 910400K, 100% used [0x00007f9220600000, 0x00007f9257f10000, 0x00007f9257f10000)
  from space 113728K,  40% used [0x00007f925ee20000, 0x00007f9261b491d8, 0x00007f9265d30000)
  to   space 113728K,   0% used [0x00007f9257f10000, 0x00007f9257f10000, 0x00007f925ee20000)
 tenured generation   total 2275612K, used 2261961K [0x00007f9ccb0a0000, 0x00007f9d55ee7000, 0x00007fb220600000)
   the space 2275612K,  99% used [0x00007f9ccb0a0000, 0x00007f9d551927e8, 0x00007f9d55192800, 0x00007f9d55ee7000)
 Metaspace       used 24287K, capacity 24710K, committed 24832K, reserved 26624K
}
Event: 720.387 GC heap after
{Heap after GC invocations=932 (full 4):
 def new generation   total 1024128K, used 49318K [0x00007f9220600000, 0x00007f9265d30000, 0x00007f9ccb0a0000)
  eden space 910400K,   0% used [0x00007f9220600000, 0x00007f9220600000, 0x00007f9257f10000)
  from space 113728K,  43% used [0x00007f9257f10000, 0x00007f925af39978, 0x00007f925ee20000)
  to   space 113728K,   0% used [0x00007f925ee20000, 0x00007f925ee20000, 0x00007f9265d30000)
 tenured generation   total 2275612K, used 2261961K [0x00007f9ccb0a0000, 0x00007f9d55ee7000, 0x00007fb220600000)
   the space 2275612K,  99% used [0x00007f9ccb0a0000, 0x00007f9d551927e8, 0x00007f9d55192800, 0x00007f9d55ee7000)
 Metaspace       used 24287K, capacity 24710K, committed 24832K, reserved 26624K
}
Event: 721.245 GC heap before
{Heap before GC invocations=932 (full 4):
 def new generation   total 1024128K, used 959718K [0x00007f9220600000, 0x00007f9265d30000, 0x00007f9ccb0a0000)
  eden space 910400K, 100% used [0x00007f9220600000, 0x00007f9257f10000, 0x00007f9257f10000)
  from space 113728K,  43% used [0x00007f9257f10000, 0x00007f925af39978, 0x00007f925ee20000)
  to   space 113728K,   0% used [0x00007f925ee20000, 0x00007f925ee20000, 0x00007f9265d30000)
 tenured generation   total 2275612K, used 2261961K [0x00007f9ccb0a0000, 0x00007f9d55ee7000, 0x00007fb220600000)
   the space 2275612K,  99% used [0x00007f9ccb0a0000, 0x00007f9d551927e8, 0x00007f9d55192800, 0x00007f9d55ee7000)
 Metaspace       used 24287K, capacity 24710K, committed 24832K, reserved 26624K
}
Event: 721.292 GC heap after
{Heap after GC invocations=933 (full 4):
 def new generation   total 1024128K, used 52392K [0x00007f9220600000, 0x00007f9265d30000, 0x00007f9ccb0a0000)
  eden space 910400K,   0% used [0x00007f9220600000, 0x00007f9220600000, 0x00007f9257f10000)
  from space 113728K,  46% used [0x00007f925ee20000, 0x00007f926214a098, 0x00007f9265d30000)
  to   space 113728K,   0% used [0x00007f9257f10000, 0x00007f9257f10000, 0x00007f925ee20000)
 tenured generation   total 2275612K, used 2261961K [0x00007f9ccb0a0000, 0x00007f9d55ee7000, 0x00007fb220600000)
   the space 2275612K,  99% used [0x00007f9ccb0a0000, 0x00007f9d551927e8, 0x00007f9d55192800, 0x00007f9d55ee7000)
 Metaspace       used 24287K, capacity 24710K, committed 24832K, reserved 26624K
}
Event: 722.094 GC heap before
{Heap before GC invocations=933 (full 4):
 def new generation   total 1024128K, used 962792K [0x00007f9220600000, 0x00007f9265d30000, 0x00007f9ccb0a0000)
  eden space 910400K, 100% used [0x00007f9220600000, 0x00007f9257f10000, 0x00007f9257f10000)
  from space 113728K,  46% used [0x00007f925ee20000, 0x00007f926214a098, 0x00007f9265d30000)
  to   space 113728K,   0% used [0x00007f9257f10000, 0x00007f9257f10000, 0x00007f925ee20000)
 tenured generation   total 2275612K, used 2261961K [0x00007f9ccb0a0000, 0x00007f9d55ee7000, 0x00007fb220600000)
   the space 2275612K,  99% used [0x00007f9ccb0a0000, 0x00007f9d551927e8, 0x00007f9d55192800, 0x00007f9d55ee7000)
 Metaspace       used 24287K, capacity 24710K, committed 24832K, reserved 26624K
}
Event: 722.135 GC heap after
{Heap after GC invocations=934 (full 4):
 def new generation   total 1024128K, used 51896K [0x00007f9220600000, 0x00007f9265d30000, 0x00007f9ccb0a0000)
  eden space 910400K,   0% used [0x00007f9220600000, 0x00007f9220600000, 0x00007f9257f10000)
  from space 113728K,  45% used [0x00007f9257f10000, 0x00007f925b1be248, 0x00007f925ee20000)
  to   space 113728K,   0% used [0x00007f925ee20000, 0x00007f925ee20000, 0x00007f9265d30000)
 tenured generation   total 2275612K, used 2261961K [0x00007f9ccb0a0000, 0x00007f9d55ee7000, 0x00007fb220600000)
   the space 2275612K,  99% used [0x00007f9ccb0a0000, 0x00007f9d551927e8, 0x00007f9d55192800, 0x00007f9d55ee7000)
 Metaspace       used 24287K, capacity 24710K, committed 24832K, reserved 26624K
}
Event: 723.241 GC heap before
{Heap before GC invocations=934 (full 4):
 def new generation   total 1024128K, used 962296K [0x00007f9220600000, 0x00007f9265d30000, 0x00007f9ccb0a0000)
  eden space 910400K, 100% used [0x00007f9220600000, 0x00007f9257f10000, 0x00007f9257f10000)
  from space 113728K,  45% used [0x00007f9257f10000, 0x00007f925b1be248, 0x00007f925ee20000)
  to   space 113728K,   0% used [0x00007f925ee20000, 0x00007f925ee20000, 0x00007f9265d30000)
 tenured generation   total 2275612K, used 2261961K [0x00007f9ccb0a0000, 0x00007f9d55ee7000, 0x00007fb220600000)
   the space 2275612K,  99% used [0x00007f9ccb0a0000, 0x00007f9d551927e8, 0x00007f9d55192800, 0x00007f9d55ee7000)
 Metaspace       used 24287K, capacity 24710K, committed 24832K, reserved 26624K
}
Event: 723.278 GC heap after
{Heap after GC invocations=935 (full 4):
 def new generation   total 1024128K, used 56535K [0x00007f9220600000, 0x00007f9265d30000, 0x00007f9ccb0a0000)
  eden space 910400K,   0% used [0x00007f9220600000, 0x00007f9220600000, 0x00007f9257f10000)
  from space 113728K,  49% used [0x00007f925ee20000, 0x00007f9262555e50, 0x00007f9265d30000)
  to   space 113728K,   0% used [0x00007f9257f10000, 0x00007f9257f10000, 0x00007f925ee20000)
 tenured generation   total 2275612K, used 2261961K [0x00007f9ccb0a0000, 0x00007f9d55ee7000, 0x00007fb220600000)
   the space 2275612K,  99% used [0x00007f9ccb0a0000, 0x00007f9d551927e8, 0x00007f9d55192800, 0x00007f9d55ee7000)
 Metaspace       used 24287K, capacity 24710K, committed 24832K, reserved 26624K
}
Event: 724.281 GC heap before
{Heap before GC invocations=935 (full 4):
 def new generation   total 1024128K, used 962918K [0x00007f9220600000, 0x00007f9265d30000, 0x00007f9ccb0a0000)
  eden space 910400K,  99% used [0x00007f9220600000, 0x00007f9257b23d10, 0x00007f9257f10000)
  from space 113728K,  49% used [0x00007f925ee20000, 0x00007f9262555e50, 0x00007f9265d30000)
  to   space 113728K,   0% used [0x00007f9257f10000, 0x00007f9257f10000, 0x00007f925ee20000)
 tenured generation   total 2275612K, used 2261961K [0x00007f9ccb0a0000, 0x00007f9d55ee7000, 0x00007fb220600000)
   the space 2275612K,  99% used [0x00007f9ccb0a0000, 0x00007f9d551927e8, 0x00007f9d55192800, 0x00007f9d55ee7000)
 Metaspace       used 24287K, capacity 24710K, committed 24832K, reserved 26624K
}
Event: 724.320 GC heap after
{Heap after GC invocations=936 (full 4):
 def new generation   total 1024128K, used 62187K [0x00007f9220600000, 0x00007f9265d30000, 0x00007f9ccb0a0000)
  eden space 910400K,   0% used [0x00007f9220600000, 0x00007f9220600000, 0x00007f9257f10000)
  from space 113728K,  54% used [0x00007f9257f10000, 0x00007f925bbcad18, 0x00007f925ee20000)
  to   space 113728K,   0% used [0x00007f925ee20000, 0x00007f925ee20000, 0x00007f9265d30000)
 tenured generation   total 2275612K, used 2261961K [0x00007f9ccb0a0000, 0x00007f9d55ee7000, 0x00007fb220600000)
   the space 2275612K,  99% used [0x00007f9ccb0a0000, 0x00007f9d551927e8, 0x00007f9d55192800, 0x00007f9d55ee7000)
 Metaspace       used 24287K, capacity 24710K, committed 24832K, reserved 26624K
}
Event: 725.302 GC heap before
{Heap before GC invocations=936 (full 4):
 def new generation   total 1024128K, used 962717K [0x00007f9220600000, 0x00007f9265d30000, 0x00007f9ccb0a0000)
  eden space 910400K,  98% used [0x00007f9220600000, 0x00007f925756c7b8, 0x00007f9257f10000)
  from space 113728K,  54% used [0x00007f9257f10000, 0x00007f925bbcad18, 0x00007f925ee20000)
  to   space 113728K,   0% used [0x00007f925ee20000, 0x00007f925ee20000, 0x00007f9265d30000)
 tenured generation   total 2275612K, used 2261961K [0x00007f9ccb0a0000, 0x00007f9d55ee7000, 0x00007fb220600000)
   the space 2275612K,  99% used [0x00007f9ccb0a0000, 0x00007f9d551927e8, 0x00007f9d55192800, 0x00007f9d55ee7000)
 Metaspace       used 24287K, capacity 24710K, committed 24832K, reserved 26624K
}
Event: 725.375 GC heap after
{Heap after GC invocations=937 (full 4):
 def new generation   total 1024128K, used 64718K [0x00007f9220600000, 0x00007f9265d30000, 0x00007f9ccb0a0000)
  eden space 910400K,   0% used [0x00007f9220600000, 0x00007f9220600000, 0x00007f9257f10000)
  from space 113728K,  56% used [0x00007f925ee20000, 0x00007f9262d53a08, 0x00007f9265d30000)
  to   space 113728K,   0% used [0x00007f9257f10000, 0x00007f9257f10000, 0x00007f925ee20000)
 tenured generation   total 2292000K, used 2280974K [0x00007f9ccb0a0000, 0x00007f9d56ee8000, 0x00007fb220600000)
   the space 2292000K,  99% used [0x00007f9ccb0a0000, 0x00007f9d56423a20, 0x00007f9d56423c00, 0x00007f9d56ee8000)
 Metaspace       used 24287K, capacity 24710K, committed 24832K, reserved 26624K
}
Event: 725.375 GC heap before
{Heap before GC invocations=937 (full 4):
 def new generation   total 1024128K, used 64718K [0x00007f9220600000, 0x00007f9265d30000, 0x00007f9ccb0a0000)
  eden space 910400K,   0% used [0x00007f9220600000, 0x00007f9220600000, 0x00007f9257f10000)
  from space 113728K,  56% used [0x00007f925ee20000, 0x00007f9262d53a08, 0x00007f9265d30000)
  to   space 113728K,   0% used [0x00007f9257f10000, 0x00007f9257f10000, 0x00007f925ee20000)
 tenured generation   total 2292000K, used 2280974K [0x00007f9ccb0a0000, 0x00007f9d56ee8000, 0x00007fb220600000)
   the space 2292000K,  99% used [0x00007f9ccb0a0000, 0x00007f9d56423a20, 0x00007f9d56423c00, 0x00007f9d56ee8000)
 Metaspace       used 24287K, capacity 24710K, committed 24832K, reserved 26624K
}

