# JRE version: OpenJDK Runtime Environment (13.0.7+5) (build 13.0.7+5-Ubuntu-0ubuntu120.04)
# Java VM: OpenJDK 64-Bit Server VM (13.0.7+5-Ubuntu-0ubuntu120.04, mixed mode, tiered, serial gc, linux-amd64)
Heap:
 def new generation   total 1048832K, used 6209K [0x00007efc70600000, 0x00007efcb7800000, 0x00007f01c5b50000)
  eden space 932352K,   0% used [0x00007efc70600000, 0x00007efc70c10430, 0x00007efca9480000)
  from space 116480K,   0% used [0x00007efcb0640000, 0x00007efcb0640000, 0x00007efcb7800000)
  to   space 116480K,   0% used [0x00007efca9480000, 0x00007efca9480000, 0x00007efcb0640000)
 tenured generation   total 2331136K, used 2331135K [0x00007f01c5b50000, 0x00007f0253fd0000, 0x00007f0c70600000)
   the space 2331136K,  99% used [0x00007f01c5b50000, 0x00007f0253fcfeb0, 0x00007f0253fd0000, 0x00007f0253fd0000)
 Metaspace       used 24370K, capacity 24828K, committed 25088K, reserved 26624K
GC Heap History (20 events):
Event: 2976.576 GC heap after
{Heap after GC invocations=6681 (full 2):
 def new generation   total 1048832K, used 6959K [0x00007efc70600000, 0x00007efcb7800000, 0x00007f01c5b50000)
  eden space 932352K,   0% used [0x00007efc70600000, 0x00007efc70600000, 0x00007efca9480000)
  from space 116480K,   5% used [0x00007efca9480000, 0x00007efca9b4bc10, 0x00007efcb0640000)
  to   space 116480K,   0% used [0x00007efcb0640000, 0x00007efcb0640000, 0x00007efcb7800000)
 tenured generation   total 2330560K, used 2326244K [0x00007f01c5b50000, 0x00007f0253f40000, 0x00007f0c70600000)
   the space 2330560K,  99% used [0x00007f01c5b50000, 0x00007f0253b09090, 0x00007f0253b09200, 0x00007f0253f40000)
 Metaspace       used 24370K, capacity 24828K, committed 25088K, reserved 26624K
}
Event: 2977.274 GC heap before
{Heap before GC invocations=6681 (full 2):
 def new generation   total 1048832K, used 939311K [0x00007efc70600000, 0x00007efcb7800000, 0x00007f01c5b50000)
  eden space 932352K, 100% used [0x00007efc70600000, 0x00007efca9480000, 0x00007efca9480000)
  from space 116480K,   5% used [0x00007efca9480000, 0x00007efca9b4bc10, 0x00007efcb0640000)
  to   space 116480K,   0% used [0x00007efcb0640000, 0x00007efcb0640000, 0x00007efcb7800000)
 tenured generation   total 2330560K, used 2326244K [0x00007f01c5b50000, 0x00007f0253f40000, 0x00007f0c70600000)
   the space 2330560K,  99% used [0x00007f01c5b50000, 0x00007f0253b09090, 0x00007f0253b09200, 0x00007f0253f40000)
 Metaspace       used 24370K, capacity 24828K, committed 25088K, reserved 26624K
}
Event: 2977.286 GC heap after
{Heap after GC invocations=6682 (full 2):
 def new generation   total 1048832K, used 6710K [0x00007efc70600000, 0x00007efcb7800000, 0x00007f01c5b50000)
  eden space 932352K,   0% used [0x00007efc70600000, 0x00007efc70600000, 0x00007efca9480000)
  from space 116480K,   5% used [0x00007efcb0640000, 0x00007efcb0ccd8c8, 0x00007efcb7800000)
  to   space 116480K,   0% used [0x00007efca9480000, 0x00007efca9480000, 0x00007efcb0640000)
 tenured generation   total 2330560K, used 2326773K [0x00007f01c5b50000, 0x00007f0253f40000, 0x00007f0c70600000)
   the space 2330560K,  99% used [0x00007f01c5b50000, 0x00007f0253b8d660, 0x00007f0253b8d800, 0x00007f0253f40000)
 Metaspace       used 24370K, capacity 24828K, committed 25088K, reserved 26624K
}
Event: 2977.970 GC heap before
{Heap before GC invocations=6682 (full 2):
 def new generation   total 1048832K, used 939062K [0x00007efc70600000, 0x00007efcb7800000, 0x00007f01c5b50000)
  eden space 932352K, 100% used [0x00007efc70600000, 0x00007efca9480000, 0x00007efca9480000)
  from space 116480K,   5% used [0x00007efcb0640000, 0x00007efcb0ccd8c8, 0x00007efcb7800000)
  to   space 116480K,   0% used [0x00007efca9480000, 0x00007efca9480000, 0x00007efcb0640000)
 tenured generation   total 2330560K, used 2326773K [0x00007f01c5b50000, 0x00007f0253f40000, 0x00007f0c70600000)
   the space 2330560K,  99% used [0x00007f01c5b50000, 0x00007f0253b8d660, 0x00007f0253b8d800, 0x00007f0253f40000)
 Metaspace       used 24370K, capacity 24828K, committed 25088K, reserved 26624K
}
Event: 2977.980 GC heap after
{Heap after GC invocations=6683 (full 2):
 def new generation   total 1048832K, used 6479K [0x00007efc70600000, 0x00007efcb7800000, 0x00007f01c5b50000)
  eden space 932352K,   0% used [0x00007efc70600000, 0x00007efc70600000, 0x00007efca9480000)
  from space 116480K,   5% used [0x00007efca9480000, 0x00007efca9ad3c18, 0x00007efcb0640000)
  to   space 116480K,   0% used [0x00007efcb0640000, 0x00007efcb0640000, 0x00007efcb7800000)
 tenured generation   total 2330560K, used 2327303K [0x00007f01c5b50000, 0x00007f0253f40000, 0x00007f0c70600000)
   the space 2330560K,  99% used [0x00007f01c5b50000, 0x00007f0253c11c30, 0x00007f0253c11e00, 0x00007f0253f40000)
 Metaspace       used 24370K, capacity 24828K, committed 25088K, reserved 26624K
}
Event: 2978.640 GC heap before
{Heap before GC invocations=6683 (full 2):
 def new generation   total 1048832K, used 938831K [0x00007efc70600000, 0x00007efcb7800000, 0x00007f01c5b50000)
  eden space 932352K, 100% used [0x00007efc70600000, 0x00007efca9480000, 0x00007efca9480000)
  from space 116480K,   5% used [0x00007efca9480000, 0x00007efca9ad3c18, 0x00007efcb0640000)
  to   space 116480K,   0% used [0x00007efcb0640000, 0x00007efcb0640000, 0x00007efcb7800000)
 tenured generation   total 2330560K, used 2327303K [0x00007f01c5b50000, 0x00007f0253f40000, 0x00007f0c70600000)
   the space 2330560K,  99% used [0x00007f01c5b50000, 0x00007f0253c11c30, 0x00007f0253c11e00, 0x00007f0253f40000)
 Metaspace       used 24370K, capacity 24828K, committed 25088K, reserved 26624K
}
Event: 2978.652 GC heap after
{Heap after GC invocations=6684 (full 2):
 def new generation   total 1048832K, used 6353K [0x00007efc70600000, 0x00007efcb7800000, 0x00007f01c5b50000)
  eden space 932352K,   0% used [0x00007efc70600000, 0x00007efc70600000, 0x00007efca9480000)
  from space 116480K,   5% used [0x00007efcb0640000, 0x00007efcb0c747d0, 0x00007efcb7800000)
  to   space 116480K,   0% used [0x00007efca9480000, 0x00007efca9480000, 0x00007efcb0640000)
 tenured generation   total 2330560K, used 2327832K [0x00007f01c5b50000, 0x00007f0253f40000, 0x00007f0c70600000)
   the space 2330560K,  99% used [0x00007f01c5b50000, 0x00007f0253c96200, 0x00007f0253c96200, 0x00007f0253f40000)
 Metaspace       used 24370K, capacity 24828K, committed 25088K, reserved 26624K
}
Event: 2979.321 GC heap before
{Heap before GC invocations=6684 (full 2):
 def new generation   total 1048832K, used 938705K [0x00007efc70600000, 0x00007efcb7800000, 0x00007f01c5b50000)
  eden space 932352K, 100% used [0x00007efc70600000, 0x00007efca9480000, 0x00007efca9480000)
  from space 116480K,   5% used [0x00007efcb0640000, 0x00007efcb0c747d0, 0x00007efcb7800000)
  to   space 116480K,   0% used [0x00007efca9480000, 0x00007efca9480000, 0x00007efcb0640000)
 tenured generation   total 2330560K, used 2327832K [0x00007f01c5b50000, 0x00007f0253f40000, 0x00007f0c70600000)
   the space 2330560K,  99% used [0x00007f01c5b50000, 0x00007f0253c96200, 0x00007f0253c96200, 0x00007f0253f40000)
 Metaspace       used 24370K, capacity 24828K, committed 25088K, reserved 26624K
}
Event: 2979.333 GC heap after
{Heap after GC invocations=6685 (full 2):
 def new generation   total 1048832K, used 6358K [0x00007efc70600000, 0x00007efcb7800000, 0x00007f01c5b50000)
  eden space 932352K,   0% used [0x00007efc70600000, 0x00007efc70600000, 0x00007efca9480000)
  from space 116480K,   5% used [0x00007efca9480000, 0x00007efca9ab5808, 0x00007efcb0640000)
  to   space 116480K,   0% used [0x00007efcb0640000, 0x00007efcb0640000, 0x00007efcb7800000)
 tenured generation   total 2330560K, used 2328361K [0x00007f01c5b50000, 0x00007f0253f40000, 0x00007f0c70600000)
   the space 2330560K,  99% used [0x00007f01c5b50000, 0x00007f0253d1a7d0, 0x00007f0253d1a800, 0x00007f0253f40000)
 Metaspace       used 24370K, capacity 24828K, committed 25088K, reserved 26624K
}
Event: 2980.097 GC heap before
{Heap before GC invocations=6685 (full 2):
 def new generation   total 1048832K, used 938710K [0x00007efc70600000, 0x00007efcb7800000, 0x00007f01c5b50000)
  eden space 932352K, 100% used [0x00007efc70600000, 0x00007efca9480000, 0x00007efca9480000)
  from space 116480K,   5% used [0x00007efca9480000, 0x00007efca9ab5808, 0x00007efcb0640000)
  to   space 116480K,   0% used [0x00007efcb0640000, 0x00007efcb0640000, 0x00007efcb7800000)
 tenured generation   total 2330560K, used 2328361K [0x00007f01c5b50000, 0x00007f0253f40000, 0x00007f0c70600000)
   the space 2330560K,  99% used [0x00007f01c5b50000, 0x00007f0253d1a7d0, 0x00007f0253d1a800, 0x00007f0253f40000)
 Metaspace       used 24370K, capacity 24828K, committed 25088K, reserved 26624K
}
Event: 2980.111 GC heap after
{Heap after GC invocations=6686 (full 2):
 def new generation   total 1048832K, used 6347K [0x00007efc70600000, 0x00007efcb7800000, 0x00007f01c5b50000)
  eden space 932352K,   0% used [0x00007efc70600000, 0x00007efc70600000, 0x00007efca9480000)
  from space 116480K,   5% used [0x00007efcb0640000, 0x00007efcb0c72d68, 0x00007efcb7800000)
  to   space 116480K,   0% used [0x00007efca9480000, 0x00007efca9480000, 0x00007efcb0640000)
 tenured generation   total 2330560K, used 2328874K [0x00007f01c5b50000, 0x00007f0253f40000, 0x00007f0c70600000)
   the space 2330560K,  99% used [0x00007f01c5b50000, 0x00007f0253d9a828, 0x00007f0253d9aa00, 0x00007f0253f40000)
 Metaspace       used 24370K, capacity 24828K, committed 25088K, reserved 26624K
}
Event: 2980.769 GC heap before
{Heap before GC invocations=6686 (full 2):
 def new generation   total 1048832K, used 938699K [0x00007efc70600000, 0x00007efcb7800000, 0x00007f01c5b50000)
  eden space 932352K, 100% used [0x00007efc70600000, 0x00007efca9480000, 0x00007efca9480000)
  from space 116480K,   5% used [0x00007efcb0640000, 0x00007efcb0c72d68, 0x00007efcb7800000)
  to   space 116480K,   0% used [0x00007efca9480000, 0x00007efca9480000, 0x00007efcb0640000)
 tenured generation   total 2330560K, used 2328874K [0x00007f01c5b50000, 0x00007f0253f40000, 0x00007f0c70600000)
   the space 2330560K,  99% used [0x00007f01c5b50000, 0x00007f0253d9a828, 0x00007f0253d9aa00, 0x00007f0253f40000)
 Metaspace       used 24370K, capacity 24828K, committed 25088K, reserved 26624K
}
Event: 2980.782 GC heap after
{Heap after GC invocations=6687 (full 2):
 def new generation   total 1048832K, used 6356K [0x00007efc70600000, 0x00007efcb7800000, 0x00007f01c5b50000)
  eden space 932352K,   0% used [0x00007efc70600000, 0x00007efc70600000, 0x00007efca9480000)
  from space 116480K,   5% used [0x00007efca9480000, 0x00007efca9ab50b0, 0x00007efcb0640000)
  to   space 116480K,   0% used [0x00007efcb0640000, 0x00007efcb0640000, 0x00007efcb7800000)
 tenured generation   total 2330560K, used 2329403K [0x00007f01c5b50000, 0x00007f0253f40000, 0x00007f0c70600000)
   the space 2330560K,  99% used [0x00007f01c5b50000, 0x00007f0253e1ecd8, 0x00007f0253e1ee00, 0x00007f0253f40000)
 Metaspace       used 24370K, capacity 24828K, committed 25088K, reserved 26624K
}
Event: 2981.433 GC heap before
{Heap before GC invocations=6687 (full 2):
 def new generation   total 1048832K, used 938708K [0x00007efc70600000, 0x00007efcb7800000, 0x00007f01c5b50000)
  eden space 932352K, 100% used [0x00007efc70600000, 0x00007efca9480000, 0x00007efca9480000)
  from space 116480K,   5% used [0x00007efca9480000, 0x00007efca9ab50b0, 0x00007efcb0640000)
  to   space 116480K,   0% used [0x00007efcb0640000, 0x00007efcb0640000, 0x00007efcb7800000)
 tenured generation   total 2330560K, used 2329403K [0x00007f01c5b50000, 0x00007f0253f40000, 0x00007f0c70600000)
   the space 2330560K,  99% used [0x00007f01c5b50000, 0x00007f0253e1ecd8, 0x00007f0253e1ee00, 0x00007f0253f40000)
 Metaspace       used 24370K, capacity 24828K, committed 25088K, reserved 26624K
}
Event: 2981.446 GC heap after
{Heap after GC invocations=6688 (full 2):
 def new generation   total 1048832K, used 6354K [0x00007efc70600000, 0x00007efcb7800000, 0x00007f01c5b50000)
  eden space 932352K,   0% used [0x00007efc70600000, 0x00007efc70600000, 0x00007efca9480000)
  from space 116480K,   5% used [0x00007efcb0640000, 0x00007efcb0c74a48, 0x00007efcb7800000)
  to   space 116480K,   0% used [0x00007efca9480000, 0x00007efca9480000, 0x00007efcb0640000)
 tenured generation   total 2330560K, used 2329932K [0x00007f01c5b50000, 0x00007f0253f40000, 0x00007f0c70600000)
   the space 2330560K,  99% used [0x00007f01c5b50000, 0x00007f0253ea32a8, 0x00007f0253ea3400, 0x00007f0253f40000)
 Metaspace       used 24370K, capacity 24828K, committed 25088K, reserved 26624K
}
Event: 2982.090 GC heap before
{Heap before GC invocations=6688 (full 2):
 def new generation   total 1048832K, used 938706K [0x00007efc70600000, 0x00007efcb7800000, 0x00007f01c5b50000)
  eden space 932352K, 100% used [0x00007efc70600000, 0x00007efca9480000, 0x00007efca9480000)
  from space 116480K,   5% used [0x00007efcb0640000, 0x00007efcb0c74a48, 0x00007efcb7800000)
  to   space 116480K,   0% used [0x00007efca9480000, 0x00007efca9480000, 0x00007efcb0640000)
 tenured generation   total 2330560K, used 2329932K [0x00007f01c5b50000, 0x00007f0253f40000, 0x00007f0c70600000)
   the space 2330560K,  99% used [0x00007f01c5b50000, 0x00007f0253ea32a8, 0x00007f0253ea3400, 0x00007f0253f40000)
 Metaspace       used 24370K, capacity 24828K, committed 25088K, reserved 26624K
}
Event: 2982.102 GC heap after
{Heap after GC invocations=6689 (full 2):
 def new generation   total 1048832K, used 6349K [0x00007efc70600000, 0x00007efcb7800000, 0x00007f01c5b50000)
  eden space 932352K,   0% used [0x00007efc70600000, 0x00007efc70600000, 0x00007efca9480000)
  from space 116480K,   5% used [0x00007efca9480000, 0x00007efca9ab3428, 0x00007efcb0640000)
  to   space 116480K,   0% used [0x00007efcb0640000, 0x00007efcb0640000, 0x00007efcb7800000)
 tenured generation   total 2330560K, used 2330466K [0x00007f01c5b50000, 0x00007f0253f40000, 0x00007f0c70600000)
   the space 2330560K,  99% used [0x00007f01c5b50000, 0x00007f0253f289b8, 0x00007f0253f28a00, 0x00007f0253f40000)
 Metaspace       used 24370K, capacity 24828K, committed 25088K, reserved 26624K
}
Event: 2982.792 GC heap before
{Heap before GC invocations=6689 (full 2):
 def new generation   total 1048832K, used 938701K [0x00007efc70600000, 0x00007efcb7800000, 0x00007f01c5b50000)
  eden space 932352K, 100% used [0x00007efc70600000, 0x00007efca9480000, 0x00007efca9480000)
  from space 116480K,   5% used [0x00007efca9480000, 0x00007efca9ab3428, 0x00007efcb0640000)
  to   space 116480K,   0% used [0x00007efcb0640000, 0x00007efcb0640000, 0x00007efcb7800000)
 tenured generation   total 2330560K, used 2330466K [0x00007f01c5b50000, 0x00007f0253f40000, 0x00007f0c70600000)
   the space 2330560K,  99% used [0x00007f01c5b50000, 0x00007f0253f289b8, 0x00007f0253f28a00, 0x00007f0253f40000)
 Metaspace       used 24370K, capacity 24828K, committed 25088K, reserved 26624K
}
Event: 2982.806 GC heap after
{Heap after GC invocations=6690 (full 2):
 def new generation   total 1048832K, used 6357K [0x00007efc70600000, 0x00007efcb7800000, 0x00007f01c5b50000)
  eden space 932352K,   0% used [0x00007efc70600000, 0x00007efc70600000, 0x00007efca9480000)
  from space 116480K,   5% used [0x00007efcb0640000, 0x00007efcb0c755c8, 0x00007efcb7800000)
  to   space 116480K,   0% used [0x00007efca9480000, 0x00007efca9480000, 0x00007efcb0640000)
 tenured generation   total 2331136K, used 2330995K [0x00007f01c5b50000, 0x00007f0253fd0000, 0x00007f0c70600000)
   the space 2331136K,  99% used [0x00007f01c5b50000, 0x00007f0253facf88, 0x00007f0253fad000, 0x00007f0253fd0000)
 Metaspace       used 24370K, capacity 24828K, committed 25088K, reserved 26624K
}
Event: 2982.806 GC heap before
{Heap before GC invocations=6690 (full 2):
 def new generation   total 1048832K, used 6357K [0x00007efc70600000, 0x00007efcb7800000, 0x00007f01c5b50000)
  eden space 932352K,   0% used [0x00007efc70600000, 0x00007efc70600000, 0x00007efca9480000)
  from space 116480K,   5% used [0x00007efcb0640000, 0x00007efcb0c755c8, 0x00007efcb7800000)
  to   space 116480K,   0% used [0x00007efca9480000, 0x00007efca9480000, 0x00007efcb0640000)
 tenured generation   total 2331136K, used 2330995K [0x00007f01c5b50000, 0x00007f0253fd0000, 0x00007f0c70600000)
   the space 2331136K,  99% used [0x00007f01c5b50000, 0x00007f0253facf88, 0x00007f0253fad000, 0x00007f0253fd0000)
 Metaspace       used 24370K, capacity 24828K, committed 25088K, reserved 26624K
}

