# JRE version: OpenJDK Runtime Environment (13.0.7+5) (build 13.0.7+5-Ubuntu-0ubuntu120.04)
# Java VM: OpenJDK 64-Bit Server VM (13.0.7+5-Ubuntu-0ubuntu120.04, mixed mode, tiered, serial gc, linux-amd64)
Heap:
 def new generation   total 3152832K, used 0K [0x00007efc88600000, 0x00007efd5e300000, 0x00007f01ddb50000)
  eden space 2802560K,   0% used [0x00007efc88600000, 0x00007efc88600000, 0x00007efd336e0000)
  from space 350272K,   0% used [0x00007efd48cf0000, 0x00007efd48cf0000, 0x00007efd5e300000)
  to   space 350272K,   0% used [0x00007efd336e0000, 0x00007efd336e0000, 0x00007efd48cf0000)
 tenured generation   total 7006104K, used 25864K [0x00007f01ddb50000, 0x00007f0389536000, 0x00007f0c88600000)
   the space 7006104K,   0% used [0x00007f01ddb50000, 0x00007f01df492260, 0x00007f01df492400, 0x00007f0389536000)
 Metaspace       used 23228K, capacity 23612K, committed 23808K, reserved 24576K
GC Heap History (20 events):
Event: 12.014 GC heap before
{Heap before GC invocations=1 (full 1):
 def new generation   total 629248K, used 559360K [0x00007efc88600000, 0x00007efcb30c0000, 0x00007f01ddb50000)
  eden space 559360K, 100% used [0x00007efc88600000, 0x00007efcaa840000, 0x00007efcaa840000)
  from space 69888K,   0% used [0x00007efcaa840000, 0x00007efcaa840000, 0x00007efcaec80000)
  to   space 69888K,   0% used [0x00007efcaec80000, 0x00007efcaec80000, 0x00007efcb30c0000)
 tenured generation   total 1398144K, used 13608K [0x00007f01ddb50000, 0x00007f02330b0000, 0x00007f0c88600000)
   the space 1398144K,   0% used [0x00007f01ddb50000, 0x00007f01de89a3e0, 0x00007f01de89a400, 0x00007f02330b0000)
 Metaspace       used 23045K, capacity 23406K, committed 23552K, reserved 24576K
}
Event: 12.026 GC heap after
{Heap after GC invocations=2 (full 1):
 def new generation   total 629248K, used 668K [0x00007efc88600000, 0x00007efcb30c0000, 0x00007f01ddb50000)
  eden space 559360K,   0% used [0x00007efc88600000, 0x00007efc88600000, 0x00007efcaa840000)
  from space 69888K,   0% used [0x00007efcaec80000, 0x00007efcaed27390, 0x00007efcb30c0000)
  to   space 69888K,   0% used [0x00007efcaa840000, 0x00007efcaa840000, 0x00007efcaec80000)
 tenured generation   total 1398144K, used 13608K [0x00007f01ddb50000, 0x00007f02330b0000, 0x00007f0c88600000)
   the space 1398144K,   0% used [0x00007f01ddb50000, 0x00007f01de89a3e0, 0x00007f01de89a400, 0x00007f02330b0000)
 Metaspace       used 23045K, capacity 23406K, committed 23552K, reserved 24576K
}
Event: 13.325 GC heap before
{Heap before GC invocations=2 (full 1):
 def new generation   total 629248K, used 560028K [0x00007efc88600000, 0x00007efcb30c0000, 0x00007f01ddb50000)
  eden space 559360K, 100% used [0x00007efc88600000, 0x00007efcaa840000, 0x00007efcaa840000)
  from space 69888K,   0% used [0x00007efcaec80000, 0x00007efcaed27390, 0x00007efcb30c0000)
  to   space 69888K,   0% used [0x00007efcaa840000, 0x00007efcaa840000, 0x00007efcaec80000)
 tenured generation   total 1398144K, used 13608K [0x00007f01ddb50000, 0x00007f02330b0000, 0x00007f0c88600000)
   the space 1398144K,   0% used [0x00007f01ddb50000, 0x00007f01de89a3e0, 0x00007f01de89a400, 0x00007f02330b0000)
 Metaspace       used 23070K, capacity 23407K, committed 23552K, reserved 24576K
}
Event: 13.329 GC heap after
{Heap after GC invocations=3 (full 1):
 def new generation   total 629248K, used 856K [0x00007efc88600000, 0x00007efcb30c0000, 0x00007f01ddb50000)
  eden space 559360K,   0% used [0x00007efc88600000, 0x00007efc88600000, 0x00007efcaa840000)
  from space 69888K,   1% used [0x00007efcaa840000, 0x00007efcaa916290, 0x00007efcaec80000)
  to   space 69888K,   0% used [0x00007efcaec80000, 0x00007efcaec80000, 0x00007efcb30c0000)
 tenured generation   total 1398144K, used 13608K [0x00007f01ddb50000, 0x00007f02330b0000, 0x00007f0c88600000)
   the space 1398144K,   0% used [0x00007f01ddb50000, 0x00007f01de89a3e0, 0x00007f01de89a400, 0x00007f02330b0000)
 Metaspace       used 23070K, capacity 23407K, committed 23552K, reserved 24576K
}
Event: 15.070 GC heap before
{Heap before GC invocations=3 (full 1):
 def new generation   total 629248K, used 471018K [0x00007efc88600000, 0x00007efcb30c0000, 0x00007f01ddb50000)
  eden space 559360K,  84% used [0x00007efc88600000, 0x00007efca5124848, 0x00007efcaa840000)
  from space 69888K,   1% used [0x00007efcaa840000, 0x00007efcaa916290, 0x00007efcaec80000)
  to   space 69888K,   0% used [0x00007efcaec80000, 0x00007efcaec80000, 0x00007efcb30c0000)
 tenured generation   total 1398144K, used 13608K [0x00007f01ddb50000, 0x00007f02330b0000, 0x00007f0c88600000)
   the space 1398144K,   0% used [0x00007f01ddb50000, 0x00007f01de89a3e0, 0x00007f01de89a400, 0x00007f02330b0000)
 Metaspace       used 23226K, capacity 23611K, committed 23808K, reserved 24576K
}
Event: 15.078 GC heap after
{Heap after GC invocations=4 (full 1):
 def new generation   total 629248K, used 5223K [0x00007efc88600000, 0x00007efcb30c0000, 0x00007f01ddb50000)
  eden space 559360K,   0% used [0x00007efc88600000, 0x00007efc88600000, 0x00007efcaa840000)
  from space 69888K,   7% used [0x00007efcaec80000, 0x00007efcaf199e40, 0x00007efcb30c0000)
  to   space 69888K,   0% used [0x00007efcaa840000, 0x00007efcaa840000, 0x00007efcaec80000)
 tenured generation   total 1398144K, used 13608K [0x00007f01ddb50000, 0x00007f02330b0000, 0x00007f0c88600000)
   the space 1398144K,   0% used [0x00007f01ddb50000, 0x00007f01de89a3e0, 0x00007f01de89a400, 0x00007f02330b0000)
 Metaspace       used 23226K, capacity 23611K, committed 23808K, reserved 24576K
}
Event: 15.078 GC heap before
{Heap before GC invocations=4 (full 1):
 def new generation   total 629248K, used 5223K [0x00007efc88600000, 0x00007efcb30c0000, 0x00007f01ddb50000)
  eden space 559360K,   0% used [0x00007efc88600000, 0x00007efc88600000, 0x00007efcaa840000)
  from space 69888K,   7% used [0x00007efcaec80000, 0x00007efcaf199e40, 0x00007efcb30c0000)
  to   space 69888K,   0% used [0x00007efcaa840000, 0x00007efcaa840000, 0x00007efcaec80000)
 tenured generation   total 1398144K, used 13608K [0x00007f01ddb50000, 0x00007f02330b0000, 0x00007f0c88600000)
   the space 1398144K,   0% used [0x00007f01ddb50000, 0x00007f01de89a3e0, 0x00007f01de89a400, 0x00007f02330b0000)
 Metaspace       used 23226K, capacity 23611K, committed 23808K, reserved 24576K
}
Event: 15.127 GC heap after
{Heap after GC invocations=4 (full 2):
 def new generation   total 629248K, used 0K [0x00007efc88600000, 0x00007efcb30c0000, 0x00007f01ddb50000)
  eden space 559360K,   0% used [0x00007efc88600000, 0x00007efc88600000, 0x00007efcaa840000)
  from space 69888K,   0% used [0x00007efcaec80000, 0x00007efcaec80000, 0x00007efcb30c0000)
  to   space 69888K,   0% used [0x00007efcaa840000, 0x00007efcaa840000, 0x00007efcaec80000)
 tenured generation   total 1398144K, used 18832K [0x00007f01ddb50000, 0x00007f02330b0000, 0x00007f0c88600000)
   the space 1398144K,   1% used [0x00007f01ddb50000, 0x00007f01dedb41d0, 0x00007f01dedb4200, 0x00007f02330b0000)
 Metaspace       used 23226K, capacity 23611K, committed 23808K, reserved 24576K
}
Event: 22.400 GC heap before
{Heap before GC invocations=4 (full 2):
 def new generation   total 629248K, used 10945K [0x00007efc88600000, 0x00007efcb30c0000, 0x00007f01ddb50000)
  eden space 559360K,   1% used [0x00007efc88600000, 0x00007efc890b07f8, 0x00007efcaa840000)
  from space 69888K,   0% used [0x00007efcaec80000, 0x00007efcaec80000, 0x00007efcb30c0000)
  to   space 69888K,   0% used [0x00007efcaa840000, 0x00007efcaa840000, 0x00007efcaec80000)
 tenured generation   total 3495300K, used 2115984K [0x00007f01ddb50000, 0x00007f02b30b1000, 0x00007f0c88600000)
   the space 3495300K,  60% used [0x00007f01ddb50000, 0x00007f025edb41e8, 0x00007f025edb4200, 0x00007f02b30b1000)
 Metaspace       used 23226K, capacity 23611K, committed 23808K, reserved 24576K
}
Event: 22.404 GC heap after
{Heap after GC invocations=5 (full 2):
 def new generation   total 629248K, used 0K [0x00007efc88600000, 0x00007efcb30c0000, 0x00007f01ddb50000)
  eden space 559360K,   0% used [0x00007efc88600000, 0x00007efc88600000, 0x00007efcaa840000)
  from space 69888K,   0% used [0x00007efcaa840000, 0x00007efcaa8400b0, 0x00007efcaec80000)
  to   space 69888K,   0% used [0x00007efcaec80000, 0x00007efcaec80000, 0x00007efcb30c0000)
 tenured generation   total 3495300K, used 2115984K [0x00007f01ddb50000, 0x00007f02b30b1000, 0x00007f0c88600000)
   the space 3495300K,  60% used [0x00007f01ddb50000, 0x00007f025edb41e8, 0x00007f025edb4200, 0x00007f02b30b1000)
 Metaspace       used 23226K, capacity 23611K, committed 23808K, reserved 24576K
}
Event: 22.404 GC heap before
{Heap before GC invocations=5 (full 2):
 def new generation   total 629248K, used 0K [0x00007efc88600000, 0x00007efcb30c0000, 0x00007f01ddb50000)
  eden space 559360K,   0% used [0x00007efc88600000, 0x00007efc88600000, 0x00007efcaa840000)
  from space 69888K,   0% used [0x00007efcaa840000, 0x00007efcaa8400b0, 0x00007efcaec80000)
  to   space 69888K,   0% used [0x00007efcaec80000, 0x00007efcaec80000, 0x00007efcb30c0000)
 tenured generation   total 3495300K, used 2115984K [0x00007f01ddb50000, 0x00007f02b30b1000, 0x00007f0c88600000)
   the space 3495300K,  60% used [0x00007f01ddb50000, 0x00007f025edb41e8, 0x00007f025edb4200, 0x00007f02b30b1000)
 Metaspace       used 23226K, capacity 23611K, committed 23808K, reserved 24576K
}
Event: 22.449 GC heap after
{Heap after GC invocations=5 (full 3):
 def new generation   total 1587008K, used 0K [0x00007efc88600000, 0x00007efcf4000000, 0x00007f01ddb50000)
  eden space 1410688K,   0% used [0x00007efc88600000, 0x00007efc88600000, 0x00007efcde7a0000)
  from space 176320K,   0% used [0x00007efcde7a0000, 0x00007efcde7a0000, 0x00007efce93d0000)
  to   space 176320K,   0% used [0x00007efce93d0000, 0x00007efce93d0000, 0x00007efcf4000000)
 tenured generation   total 3526644K, used 2115984K [0x00007f01ddb50000, 0x00007f02b4f4d000, 0x00007f0c88600000)
   the space 3526644K,  59% used [0x00007f01ddb50000, 0x00007f025edb4298, 0x00007f025edb4400, 0x00007f02b4f4d000)
 Metaspace       used 23226K, capacity 23611K, committed 23808K, reserved 24576K
}
Event: 26.431 GC heap before
{Heap before GC invocations=5 (full 3):
 def new generation   total 1587008K, used 27605K [0x00007efc88600000, 0x00007efcf4000000, 0x00007f01ddb50000)
  eden space 1410688K,   1% used [0x00007efc88600000, 0x00007efc8a0f55a0, 0x00007efcde7a0000)
  from space 176320K,   0% used [0x00007efcde7a0000, 0x00007efcde7a0000, 0x00007efce93d0000)
  to   space 176320K,   0% used [0x00007efce93d0000, 0x00007efce93d0000, 0x00007efcf4000000)
 tenured generation   total 5623800K, used 4213136K [0x00007f01ddb50000, 0x00007f0334f4e000, 0x00007f0c88600000)
   the space 5623800K,  74% used [0x00007f01ddb50000, 0x00007f02dedb42b0, 0x00007f02dedb4400, 0x00007f0334f4e000)
 Metaspace       used 23226K, capacity 23611K, committed 23808K, reserved 24576K
}
Event: 26.436 GC heap after
{Heap after GC invocations=6 (full 3):
 def new generation   total 1587008K, used 0K [0x00007efc88600000, 0x00007efcf4000000, 0x00007f01ddb50000)
  eden space 1410688K,   0% used [0x00007efc88600000, 0x00007efc88600000, 0x00007efcde7a0000)
  from space 176320K,   0% used [0x00007efce93d0000, 0x00007efce93d0278, 0x00007efcf4000000)
  to   space 176320K,   0% used [0x00007efcde7a0000, 0x00007efcde7a0000, 0x00007efce93d0000)
 tenured generation   total 5623800K, used 4213136K [0x00007f01ddb50000, 0x00007f0334f4e000, 0x00007f0c88600000)
   the space 5623800K,  74% used [0x00007f01ddb50000, 0x00007f02dedb42b0, 0x00007f02dedb4400, 0x00007f0334f4e000)
 Metaspace       used 23226K, capacity 23611K, committed 23808K, reserved 24576K
}
Event: 26.436 GC heap before
{Heap before GC invocations=6 (full 3):
 def new generation   total 1587008K, used 0K [0x00007efc88600000, 0x00007efcf4000000, 0x00007f01ddb50000)
  eden space 1410688K,   0% used [0x00007efc88600000, 0x00007efc88600000, 0x00007efcde7a0000)
  from space 176320K,   0% used [0x00007efce93d0000, 0x00007efce93d0278, 0x00007efcf4000000)
  to   space 176320K,   0% used [0x00007efcde7a0000, 0x00007efcde7a0000, 0x00007efce93d0000)
 tenured generation   total 5623800K, used 4213136K [0x00007f01ddb50000, 0x00007f0334f4e000, 0x00007f0c88600000)
   the space 5623800K,  74% used [0x00007f01ddb50000, 0x00007f02dedb42b0, 0x00007f02dedb4400, 0x00007f0334f4e000)
 Metaspace       used 23226K, capacity 23611K, committed 23808K, reserved 24576K
}
Event: 27.887 GC heap after
{Heap after GC invocations=6 (full 4):
 def new generation   total 3152832K, used 0K [0x00007efc88600000, 0x00007efd5e300000, 0x00007f01ddb50000)
  eden space 2802560K,   0% used [0x00007efc88600000, 0x00007efc88600000, 0x00007efd336e0000)
  from space 350272K,   0% used [0x00007efd336e0000, 0x00007efd336e0000, 0x00007efd48cf0000)
  to   space 350272K,   0% used [0x00007efd48cf0000, 0x00007efd48cf0000, 0x00007efd5e300000)
 tenured generation   total 7006104K, used 4203661K [0x00007f01ddb50000, 0x00007f0389536000, 0x00007f0c88600000)
   the space 7006104K,  59% used [0x00007f01ddb50000, 0x00007f02de473790, 0x00007f02de473800, 0x00007f0389536000)
 Metaspace       used 23226K, capacity 23611K, committed 23808K, reserved 24576K
}
Event: 31.425 GC heap before
{Heap before GC invocations=6 (full 4):
 def new generation   total 3152832K, used 2579605K [0x00007efc88600000, 0x00007efd5e300000, 0x00007f01ddb50000)
  eden space 2802560K,  92% used [0x00007efc88600000, 0x00007efd25d25500, 0x00007efd336e0000)
  from space 350272K,   0% used [0x00007efd336e0000, 0x00007efd336e0000, 0x00007efd48cf0000)
  to   space 350272K,   0% used [0x00007efd48cf0000, 0x00007efd48cf0000, 0x00007efd5e300000)
 tenured generation   total 7006104K, used 4203661K [0x00007f01ddb50000, 0x00007f0389536000, 0x00007f0c88600000)
   the space 7006104K,  59% used [0x00007f01ddb50000, 0x00007f02de473790, 0x00007f02de473800, 0x00007f0389536000)
 Metaspace       used 23228K, capacity 23612K, committed 23808K, reserved 24576K
}
Event: 31.766 GC heap after
{Heap after GC invocations=7 (full 4):
 def new generation   total 3152832K, used 263373K [0x00007efc88600000, 0x00007efd5e300000, 0x00007f01ddb50000)
  eden space 2802560K,   0% used [0x00007efc88600000, 0x00007efc88600000, 0x00007efd336e0000)
  from space 350272K,  75% used [0x00007efd48cf0000, 0x00007efd58e23720, 0x00007efd5e300000)
  to   space 350272K,   0% used [0x00007efd336e0000, 0x00007efd336e0000, 0x00007efd48cf0000)
 tenured generation   total 7006104K, used 4203661K [0x00007f01ddb50000, 0x00007f0389536000, 0x00007f0c88600000)
   the space 7006104K,  59% used [0x00007f01ddb50000, 0x00007f02de473790, 0x00007f02de473800, 0x00007f0389536000)
 Metaspace       used 23228K, capacity 23612K, committed 23808K, reserved 24576K
}
Event: 31.766 GC heap before
{Heap before GC invocations=7 (full 4):
 def new generation   total 3152832K, used 263373K [0x00007efc88600000, 0x00007efd5e300000, 0x00007f01ddb50000)
  eden space 2802560K,   0% used [0x00007efc88600000, 0x00007efc88600000, 0x00007efd336e0000)
  from space 350272K,  75% used [0x00007efd48cf0000, 0x00007efd58e23720, 0x00007efd5e300000)
  to   space 350272K,   0% used [0x00007efd336e0000, 0x00007efd336e0000, 0x00007efd48cf0000)
 tenured generation   total 7006104K, used 4203661K [0x00007f01ddb50000, 0x00007f0389536000, 0x00007f0c88600000)
   the space 7006104K,  59% used [0x00007f01ddb50000, 0x00007f02de473790, 0x00007f02de473800, 0x00007f0389536000)
 Metaspace       used 23228K, capacity 23612K, committed 23808K, reserved 24576K
}
Event: 31.815 GC heap after
{Heap after GC invocations=7 (full 5):
 def new generation   total 3152832K, used 0K [0x00007efc88600000, 0x00007efd5e300000, 0x00007f01ddb50000)
  eden space 2802560K,   0% used [0x00007efc88600000, 0x00007efc88600000, 0x00007efd336e0000)
  from space 350272K,   0% used [0x00007efd48cf0000, 0x00007efd48cf0000, 0x00007efd5e300000)
  to   space 350272K,   0% used [0x00007efd336e0000, 0x00007efd336e0000, 0x00007efd48cf0000)
 tenured generation   total 7006104K, used 25864K [0x00007f01ddb50000, 0x00007f0389536000, 0x00007f0c88600000)
   the space 7006104K,   0% used [0x00007f01ddb50000, 0x00007f01df492260, 0x00007f01df492400, 0x00007f0389536000)
 Metaspace       used 23228K, capacity 23612K, committed 23808K, reserved 24576K
}

