# JRE version: OpenJDK Runtime Environment (13.0.7+5) (build 13.0.7+5-Ubuntu-0ubuntu120.04)
# Java VM: OpenJDK 64-Bit Server VM (13.0.7+5-Ubuntu-0ubuntu120.04, mixed mode, tiered, serial gc, linux-amd64)
Heap:
 def new generation   total 3258944K, used 0K [0x00007f83bc600000, 0x00007f8499620000, 0x00007f8911b50000)
  eden space 2896896K,   0% used [0x00007f83bc600000, 0x00007f83bc600000, 0x00007f846d300000)
  from space 362048K,   0% used [0x00007f846d300000, 0x00007f846d300000, 0x00007f8483490000)
  to   space 362048K,   0% used [0x00007f8483490000, 0x00007f8483490000, 0x00007f8499620000)
 tenured generation   total 7351984K, used 6368268K [0x00007f8911b50000, 0x00007f8ad26fc000, 0x00007f93bc600000)
   the space 7351984K,  86% used [0x00007f8911b50000, 0x00007f8a96653008, 0x00007f8a96653200, 0x00007f8ad26fc000)
 Metaspace       used 30312K, capacity 30728K, committed 30976K, reserved 32768K
GC Heap History (20 events):
Event: 128.434 GC heap after
{Heap after GC invocations=55 (full 4):
 def new generation   total 1732032K, used 192448K [0x00007f83bc600000, 0x00007f8431d60000, 0x00007f8911b50000)
  eden space 1539584K,   0% used [0x00007f83bc600000, 0x00007f83bc600000, 0x00007f841a580000)
  from space 192448K, 100% used [0x00007f841a580000, 0x00007f8426170000, 0x00007f8426170000)
  to   space 192448K,   0% used [0x00007f8426170000, 0x00007f8426170000, 0x00007f8431d60000)
 tenured generation   total 4782332K, used 4782256K [0x00007f8911b50000, 0x00007f8a3598f000, 0x00007f93bc600000)
   the space 4782332K,  99% used [0x00007f8911b50000, 0x00007f8a3597c2a0, 0x00007f8a3597c400, 0x00007f8a3598f000)
 Metaspace       used 30312K, capacity 30728K, committed 30976K, reserved 32768K
}
Event: 128.434 GC heap before
{Heap before GC invocations=55 (full 4):
 def new generation   total 1732032K, used 192448K [0x00007f83bc600000, 0x00007f8431d60000, 0x00007f8911b50000)
  eden space 1539584K,   0% used [0x00007f83bc600000, 0x00007f83bc600000, 0x00007f841a580000)
  from space 192448K, 100% used [0x00007f841a580000, 0x00007f8426170000, 0x00007f8426170000)
  to   space 192448K,   0% used [0x00007f8426170000, 0x00007f8426170000, 0x00007f8431d60000)
 tenured generation   total 4782332K, used 4782256K [0x00007f8911b50000, 0x00007f8a3598f000, 0x00007f93bc600000)
   the space 4782332K,  99% used [0x00007f8911b50000, 0x00007f8a3597c2a0, 0x00007f8a3597c400, 0x00007f8a3598f000)
 Metaspace       used 30312K, capacity 30728K, committed 30976K, reserved 32768K
}
Event: 142.099 GC heap after
{Heap after GC invocations=55 (full 5):
 def new generation   total 3258944K, used 0K [0x00007f83bc600000, 0x00007f8499620000, 0x00007f8911b50000)
  eden space 2896896K,   0% used [0x00007f83bc600000, 0x00007f83bc600000, 0x00007f846d300000)
  from space 362048K,   0% used [0x00007f846d300000, 0x00007f846d300000, 0x00007f8483490000)
  to   space 362048K,   0% used [0x00007f8483490000, 0x00007f8483490000, 0x00007f8499620000)
 tenured generation   total 7241968K, used 4345179K [0x00007f8911b50000, 0x00007f8acbb8c000, 0x00007f93bc600000)
   the space 7241968K,  59% used [0x00007f8911b50000, 0x00007f8a1aea6c08, 0x00007f8a1aea6e00, 0x00007f8acbb8c000)
 Metaspace       used 30312K, capacity 30728K, committed 30976K, reserved 32768K
}
Event: 219.256 GC heap before
{Heap before GC invocations=55 (full 5):
 def new generation   total 3258944K, used 2896896K [0x00007f83bc600000, 0x00007f8499620000, 0x00007f8911b50000)
  eden space 2896896K, 100% used [0x00007f83bc600000, 0x00007f846d300000, 0x00007f846d300000)
  from space 362048K,   0% used [0x00007f846d300000, 0x00007f846d300000, 0x00007f8483490000)
  to   space 362048K,   0% used [0x00007f8483490000, 0x00007f8483490000, 0x00007f8499620000)
 tenured generation   total 7241968K, used 4345179K [0x00007f8911b50000, 0x00007f8acbb8c000, 0x00007f93bc600000)
   the space 7241968K,  59% used [0x00007f8911b50000, 0x00007f8a1aea6c08, 0x00007f8a1aea6e00, 0x00007f8acbb8c000)
 Metaspace       used 30312K, capacity 30728K, committed 30976K, reserved 32768K
}
Event: 220.377 GC heap after
{Heap after GC invocations=56 (full 5):
 def new generation   total 3258944K, used 362047K [0x00007f83bc600000, 0x00007f8499620000, 0x00007f8911b50000)
  eden space 2896896K,   0% used [0x00007f83bc600000, 0x00007f83bc600000, 0x00007f846d300000)
  from space 362048K,  99% used [0x00007f8483490000, 0x00007f849961ffe8, 0x00007f8499620000)
  to   space 362048K,   0% used [0x00007f846d300000, 0x00007f846d300000, 0x00007f8483490000)
 tenured generation   total 7241968K, used 4626752K [0x00007f8911b50000, 0x00007f8acbb8c000, 0x00007f93bc600000)
   the space 7241968K,  63% used [0x00007f8911b50000, 0x00007f8a2c1a0048, 0x00007f8a2c1a0200, 0x00007f8acbb8c000)
 Metaspace       used 30312K, capacity 30728K, committed 30976K, reserved 32768K
}
Event: 320.933 GC heap before
{Heap before GC invocations=56 (full 5):
 def new generation   total 3258944K, used 3258943K [0x00007f83bc600000, 0x00007f8499620000, 0x00007f8911b50000)
  eden space 2896896K, 100% used [0x00007f83bc600000, 0x00007f846d300000, 0x00007f846d300000)
  from space 362048K,  99% used [0x00007f8483490000, 0x00007f849961ffe8, 0x00007f8499620000)
  to   space 362048K,   0% used [0x00007f846d300000, 0x00007f846d300000, 0x00007f8483490000)
 tenured generation   total 7241968K, used 4626752K [0x00007f8911b50000, 0x00007f8acbb8c000, 0x00007f93bc600000)
   the space 7241968K,  63% used [0x00007f8911b50000, 0x00007f8a2c1a0048, 0x00007f8a2c1a0200, 0x00007f8acbb8c000)
 Metaspace       used 30312K, capacity 30728K, committed 30976K, reserved 32768K
}
Event: 322.404 GC heap after
{Heap after GC invocations=57 (full 5):
 def new generation   total 3258944K, used 362047K [0x00007f83bc600000, 0x00007f8499620000, 0x00007f8911b50000)
  eden space 2896896K,   0% used [0x00007f83bc600000, 0x00007f83bc600000, 0x00007f846d300000)
  from space 362048K,  99% used [0x00007f846d300000, 0x00007f848348fff0, 0x00007f8483490000)
  to   space 362048K,   0% used [0x00007f8483490000, 0x00007f8483490000, 0x00007f8499620000)
 tenured generation   total 7241968K, used 5236618K [0x00007f8911b50000, 0x00007f8acbb8c000, 0x00007f93bc600000)
   the space 7241968K,  72% used [0x00007f8911b50000, 0x00007f8a51532b80, 0x00007f8a51532c00, 0x00007f8acbb8c000)
 Metaspace       used 30312K, capacity 30728K, committed 30976K, reserved 32768K
}
Event: 339.416 GC heap before
{Heap before GC invocations=57 (full 5):
 def new generation   total 3258944K, used 3258943K [0x00007f83bc600000, 0x00007f8499620000, 0x00007f8911b50000)
  eden space 2896896K, 100% used [0x00007f83bc600000, 0x00007f846d300000, 0x00007f846d300000)
  from space 362048K,  99% used [0x00007f846d300000, 0x00007f848348fff0, 0x00007f8483490000)
  to   space 362048K,   0% used [0x00007f8483490000, 0x00007f8483490000, 0x00007f8499620000)
 tenured generation   total 7241968K, used 5236618K [0x00007f8911b50000, 0x00007f8acbb8c000, 0x00007f93bc600000)
   the space 7241968K,  72% used [0x00007f8911b50000, 0x00007f8a51532b80, 0x00007f8a51532c00, 0x00007f8acbb8c000)
 Metaspace       used 30312K, capacity 30728K, committed 30976K, reserved 32768K
}
Event: 340.492 GC heap after
{Heap after GC invocations=58 (full 5):
 def new generation   total 3258944K, used 362048K [0x00007f83bc600000, 0x00007f8499620000, 0x00007f8911b50000)
  eden space 2896896K,   0% used [0x00007f83bc600000, 0x00007f83bc600000, 0x00007f846d300000)
  from space 362048K, 100% used [0x00007f8483490000, 0x00007f8499620000, 0x00007f8499620000)
  to   space 362048K,   0% used [0x00007f846d300000, 0x00007f846d300000, 0x00007f8483490000)
 tenured generation   total 7241968K, used 5716945K [0x00007f8911b50000, 0x00007f8acbb8c000, 0x00007f93bc600000)
   the space 7241968K,  78% used [0x00007f8911b50000, 0x00007f8a6ea44460, 0x00007f8a6ea44600, 0x00007f8acbb8c000)
 Metaspace       used 30312K, capacity 30728K, committed 30976K, reserved 32768K
}
Event: 341.494 GC heap before
{Heap before GC invocations=58 (full 5):
 def new generation   total 3258944K, used 3258944K [0x00007f83bc600000, 0x00007f8499620000, 0x00007f8911b50000)
  eden space 2896896K, 100% used [0x00007f83bc600000, 0x00007f846d300000, 0x00007f846d300000)
  from space 362048K, 100% used [0x00007f8483490000, 0x00007f8499620000, 0x00007f8499620000)
  to   space 362048K,   0% used [0x00007f846d300000, 0x00007f846d300000, 0x00007f8483490000)
 tenured generation   total 7241968K, used 5716945K [0x00007f8911b50000, 0x00007f8acbb8c000, 0x00007f93bc600000)
   the space 7241968K,  78% used [0x00007f8911b50000, 0x00007f8a6ea44460, 0x00007f8a6ea44600, 0x00007f8acbb8c000)
 Metaspace       used 30312K, capacity 30728K, committed 30976K, reserved 32768K
}
Event: 342.520 GC heap after
{Heap after GC invocations=59 (full 5):
 def new generation   total 3258944K, used 331309K [0x00007f83bc600000, 0x00007f8499620000, 0x00007f8911b50000)
  eden space 2896896K,   0% used [0x00007f83bc600000, 0x00007f83bc600000, 0x00007f846d300000)
  from space 362048K,  91% used [0x00007f846d300000, 0x00007f848168b488, 0x00007f8483490000)
  to   space 362048K,   0% used [0x00007f8483490000, 0x00007f8483490000, 0x00007f8499620000)
 tenured generation   total 7241968K, used 6078992K [0x00007f8911b50000, 0x00007f8acbb8c000, 0x00007f93bc600000)
   the space 7241968K,  83% used [0x00007f8911b50000, 0x00007f8a84bd4270, 0x00007f8a84bd4400, 0x00007f8acbb8c000)
 Metaspace       used 30312K, capacity 30728K, committed 30976K, reserved 32768K
}
Event: 343.644 GC heap before
{Heap before GC invocations=59 (full 5):
 def new generation   total 3258944K, used 3228205K [0x00007f83bc600000, 0x00007f8499620000, 0x00007f8911b50000)
  eden space 2896896K, 100% used [0x00007f83bc600000, 0x00007f846d300000, 0x00007f846d300000)
  from space 362048K,  91% used [0x00007f846d300000, 0x00007f848168b488, 0x00007f8483490000)
  to   space 362048K,   0% used [0x00007f8483490000, 0x00007f8483490000, 0x00007f8499620000)
 tenured generation   total 7241968K, used 6078992K [0x00007f8911b50000, 0x00007f8acbb8c000, 0x00007f93bc600000)
   the space 7241968K,  83% used [0x00007f8911b50000, 0x00007f8a84bd4270, 0x00007f8a84bd4400, 0x00007f8acbb8c000)
 Metaspace       used 30312K, capacity 30728K, committed 30976K, reserved 32768K
}
Event: 344.812 GC heap after
{Heap after GC invocations=60 (full 5):
 def new generation   total 3258944K, used 324585K [0x00007f83bc600000, 0x00007f8499620000, 0x00007f8911b50000)
  eden space 2896896K,   0% used [0x00007f83bc600000, 0x00007f83bc600000, 0x00007f846d300000)
  from space 362048K,  89% used [0x00007f8483490000, 0x00007f849718a698, 0x00007f8499620000)
  to   space 362048K,   0% used [0x00007f846d300000, 0x00007f846d300000, 0x00007f8483490000)
 tenured generation   total 7241968K, used 6410301K [0x00007f8911b50000, 0x00007f8acbb8c000, 0x00007f93bc600000)
   the space 7241968K,  88% used [0x00007f8911b50000, 0x00007f8a98f5f5f8, 0x00007f8a98f5f600, 0x00007f8acbb8c000)
 Metaspace       used 30312K, capacity 30728K, committed 30976K, reserved 32768K
}
Event: 345.939 GC heap before
{Heap before GC invocations=60 (full 5):
 def new generation   total 3258944K, used 3221481K [0x00007f83bc600000, 0x00007f8499620000, 0x00007f8911b50000)
  eden space 2896896K, 100% used [0x00007f83bc600000, 0x00007f846d300000, 0x00007f846d300000)
  from space 362048K,  89% used [0x00007f8483490000, 0x00007f849718a698, 0x00007f8499620000)
  to   space 362048K,   0% used [0x00007f846d300000, 0x00007f846d300000, 0x00007f8483490000)
 tenured generation   total 7241968K, used 6410301K [0x00007f8911b50000, 0x00007f8acbb8c000, 0x00007f93bc600000)
   the space 7241968K,  88% used [0x00007f8911b50000, 0x00007f8a98f5f5f8, 0x00007f8a98f5f600, 0x00007f8acbb8c000)
 Metaspace       used 30312K, capacity 30728K, committed 30976K, reserved 32768K
}
Event: 346.945 GC heap after
{Heap after GC invocations=61 (full 5):
 def new generation   total 3258944K, used 321358K [0x00007f83bc600000, 0x00007f8499620000, 0x00007f8911b50000)
  eden space 2896896K,   0% used [0x00007f83bc600000, 0x00007f83bc600000, 0x00007f846d300000)
  from space 362048K,  88% used [0x00007f846d300000, 0x00007f8480cd3be0, 0x00007f8483490000)
  to   space 362048K,   0% used [0x00007f8483490000, 0x00007f8483490000, 0x00007f8499620000)
 tenured generation   total 7241968K, used 6734886K [0x00007f8911b50000, 0x00007f8acbb8c000, 0x00007f93bc600000)
   the space 7241968K,  92% used [0x00007f8911b50000, 0x00007f8aacc59bd0, 0x00007f8aacc59c00, 0x00007f8acbb8c000)
 Metaspace       used 30312K, capacity 30728K, committed 30976K, reserved 32768K
}
Event: 348.083 GC heap before
{Heap before GC invocations=61 (full 5):
 def new generation   total 3258944K, used 3218254K [0x00007f83bc600000, 0x00007f8499620000, 0x00007f8911b50000)
  eden space 2896896K, 100% used [0x00007f83bc600000, 0x00007f846d300000, 0x00007f846d300000)
  from space 362048K,  88% used [0x00007f846d300000, 0x00007f8480cd3be0, 0x00007f8483490000)
  to   space 362048K,   0% used [0x00007f8483490000, 0x00007f8483490000, 0x00007f8499620000)
 tenured generation   total 7241968K, used 6734886K [0x00007f8911b50000, 0x00007f8acbb8c000, 0x00007f93bc600000)
   the space 7241968K,  92% used [0x00007f8911b50000, 0x00007f8aacc59bd0, 0x00007f8aacc59c00, 0x00007f8acbb8c000)
 Metaspace       used 30312K, capacity 30728K, committed 30976K, reserved 32768K
}
Event: 349.043 GC heap after
{Heap after GC invocations=62 (full 5):
 def new generation   total 3258944K, used 295587K [0x00007f83bc600000, 0x00007f8499620000, 0x00007f8911b50000)
  eden space 2896896K,   0% used [0x00007f83bc600000, 0x00007f83bc600000, 0x00007f846d300000)
  from space 362048K,  81% used [0x00007f8483490000, 0x00007f8495538d38, 0x00007f8499620000)
  to   space 362048K,   0% used [0x00007f846d300000, 0x00007f846d300000, 0x00007f8483490000)
 tenured generation   total 7241968K, used 7056245K [0x00007f8911b50000, 0x00007f8acbb8c000, 0x00007f93bc600000)
   the space 7241968K,  97% used [0x00007f8911b50000, 0x00007f8ac062d630, 0x00007f8ac062d800, 0x00007f8acbb8c000)
 Metaspace       used 30312K, capacity 30728K, committed 30976K, reserved 32768K
}
Event: 350.162 GC heap before
{Heap before GC invocations=62 (full 5):
 def new generation   total 3258944K, used 3192483K [0x00007f83bc600000, 0x00007f8499620000, 0x00007f8911b50000)
  eden space 2896896K, 100% used [0x00007f83bc600000, 0x00007f846d300000, 0x00007f846d300000)
  from space 362048K,  81% used [0x00007f8483490000, 0x00007f8495538d38, 0x00007f8499620000)
  to   space 362048K,   0% used [0x00007f846d300000, 0x00007f846d300000, 0x00007f8483490000)
 tenured generation   total 7241968K, used 7056245K [0x00007f8911b50000, 0x00007f8acbb8c000, 0x00007f93bc600000)
   the space 7241968K,  97% used [0x00007f8911b50000, 0x00007f8ac062d630, 0x00007f8ac062d800, 0x00007f8acbb8c000)
 Metaspace       used 30312K, capacity 30728K, committed 30976K, reserved 32768K
}
Event: 351.178 GC heap after
{Heap after GC invocations=63 (full 5):
 def new generation   total 3258944K, used 308606K [0x00007f83bc600000, 0x00007f8499620000, 0x00007f8911b50000)
  eden space 2896896K,   0% used [0x00007f83bc600000, 0x00007f83bc600000, 0x00007f846d300000)
  from space 362048K,  85% used [0x00007f846d300000, 0x00007f848005f8f8, 0x00007f8483490000)
  to   space 362048K,   0% used [0x00007f8483490000, 0x00007f8483490000, 0x00007f8499620000)
 tenured generation   total 7351984K, used 7351832K [0x00007f8911b50000, 0x00007f8ad26fc000, 0x00007f93bc600000)
   the space 7351984K,  99% used [0x00007f8911b50000, 0x00007f8ad26d6238, 0x00007f8ad26d6400, 0x00007f8ad26fc000)
 Metaspace       used 30312K, capacity 30728K, committed 30976K, reserved 32768K
}
Event: 351.178 GC heap before
{Heap before GC invocations=63 (full 5):
 def new generation   total 3258944K, used 308606K [0x00007f83bc600000, 0x00007f8499620000, 0x00007f8911b50000)
  eden space 2896896K,   0% used [0x00007f83bc600000, 0x00007f83bc600000, 0x00007f846d300000)
  from space 362048K,  85% used [0x00007f846d300000, 0x00007f848005f8f8, 0x00007f8483490000)
  to   space 362048K,   0% used [0x00007f8483490000, 0x00007f8483490000, 0x00007f8499620000)
 tenured generation   total 7351984K, used 7351832K [0x00007f8911b50000, 0x00007f8ad26fc000, 0x00007f93bc600000)
   the space 7351984K,  99% used [0x00007f8911b50000, 0x00007f8ad26d6238, 0x00007f8ad26d6400, 0x00007f8ad26fc000)
 Metaspace       used 30312K, capacity 30728K, committed 30976K, reserved 32768K
}

