# JRE version: OpenJDK Runtime Environment (13.0.7+5) (build 13.0.7+5-Ubuntu-0ubuntu120.04)
# Java VM: OpenJDK 64-Bit Server VM (13.0.7+5-Ubuntu-0ubuntu120.04, mixed mode, tiered, serial gc, linux-amd64)
Heap:
 def new generation   total 12460288K, used 0K [0x00007f7d54600000, 0x00007f80a1640000, 0x00007f82a9b50000)
  eden space 11075840K,   0% used [0x00007f7d54600000, 0x00007f7d54600000, 0x00007f7ff8640000)
  from space 1384448K,   0% used [0x00007f7ff8640000, 0x00007f7ff8640000, 0x00007f804ce40000)
  to   space 1384448K,   0% used [0x00007f804ce40000, 0x00007f804ce40000, 0x00007f80a1640000)
 tenured generation   total 28286160K, used 27376209K [0x00007f82a9b50000, 0x00007f8968284000, 0x00007f8d54600000)
   the space 28286160K,  96% used [0x00007f82a9b50000, 0x00007f89309e4658, 0x00007f89309e4800, 0x00007f8968284000)
 Metaspace       used 31170K, capacity 31635K, committed 31744K, reserved 32768K
GC Heap History (20 events):
Event: 3237.522 GC heap after
{Heap after GC invocations=114 (full 10):
 def new generation   total 12460288K, used 887978K [0x00007f7d54600000, 0x00007f80a1640000, 0x00007f82a9b50000)
  eden space 11075840K,   0% used [0x00007f7d54600000, 0x00007f7d54600000, 0x00007f7ff8640000)
  from space 1384448K,  64% used [0x00007f804ce40000, 0x00007f808316a890, 0x00007f80a1640000)
  to   space 1384448K,   0% used [0x00007f7ff8640000, 0x00007f7ff8640000, 0x00007f804ce40000)
 tenured generation   total 27689424K, used 20179478K [0x00007f82a9b50000, 0x00007f8943bc4000, 0x00007f8d54600000)
   the space 27689424K,  72% used [0x00007f82a9b50000, 0x00007f87795d59d8, 0x00007f87795d5a00, 0x00007f8943bc4000)
 Metaspace       used 31170K, capacity 31635K, committed 31744K, reserved 32768K
}
Event: 3241.563 GC heap before
{Heap before GC invocations=114 (full 10):
 def new generation   total 12460288K, used 11963818K [0x00007f7d54600000, 0x00007f80a1640000, 0x00007f82a9b50000)
  eden space 11075840K, 100% used [0x00007f7d54600000, 0x00007f7ff8640000, 0x00007f7ff8640000)
  from space 1384448K,  64% used [0x00007f804ce40000, 0x00007f808316a890, 0x00007f80a1640000)
  to   space 1384448K,   0% used [0x00007f7ff8640000, 0x00007f7ff8640000, 0x00007f804ce40000)
 tenured generation   total 27689424K, used 20179478K [0x00007f82a9b50000, 0x00007f8943bc4000, 0x00007f8d54600000)
   the space 27689424K,  72% used [0x00007f82a9b50000, 0x00007f87795d59d8, 0x00007f87795d5a00, 0x00007f8943bc4000)
 Metaspace       used 31170K, capacity 31635K, committed 31744K, reserved 32768K
}
Event: 3244.647 GC heap after
{Heap after GC invocations=115 (full 10):
 def new generation   total 12460288K, used 917146K [0x00007f7d54600000, 0x00007f80a1640000, 0x00007f82a9b50000)
  eden space 11075840K,   0% used [0x00007f7d54600000, 0x00007f7d54600000, 0x00007f7ff8640000)
  from space 1384448K,  66% used [0x00007f7ff8640000, 0x00007f80305e6890, 0x00007f804ce40000)
  to   space 1384448K,   0% used [0x00007f804ce40000, 0x00007f804ce40000, 0x00007f80a1640000)
 tenured generation   total 27689424K, used 21067456K [0x00007f82a9b50000, 0x00007f8943bc4000, 0x00007f8d54600000)
   the space 27689424K,  76% used [0x00007f82a9b50000, 0x00007f87af900078, 0x00007f87af900200, 0x00007f8943bc4000)
 Metaspace       used 31170K, capacity 31635K, committed 31744K, reserved 32768K
}
Event: 3248.130 GC heap before
{Heap before GC invocations=115 (full 10):
 def new generation   total 12460288K, used 11992986K [0x00007f7d54600000, 0x00007f80a1640000, 0x00007f82a9b50000)
  eden space 11075840K, 100% used [0x00007f7d54600000, 0x00007f7ff8640000, 0x00007f7ff8640000)
  from space 1384448K,  66% used [0x00007f7ff8640000, 0x00007f80305e6890, 0x00007f804ce40000)
  to   space 1384448K,   0% used [0x00007f804ce40000, 0x00007f804ce40000, 0x00007f80a1640000)
 tenured generation   total 27689424K, used 21067456K [0x00007f82a9b50000, 0x00007f8943bc4000, 0x00007f8d54600000)
   the space 27689424K,  76% used [0x00007f82a9b50000, 0x00007f87af900078, 0x00007f87af900200, 0x00007f8943bc4000)
 Metaspace       used 31170K, capacity 31635K, committed 31744K, reserved 32768K
}
Event: 3251.348 GC heap after
{Heap after GC invocations=116 (full 10):
 def new generation   total 12460288K, used 889582K [0x00007f7d54600000, 0x00007f80a1640000, 0x00007f82a9b50000)
  eden space 11075840K,   0% used [0x00007f7d54600000, 0x00007f7d54600000, 0x00007f7ff8640000)
  from space 1384448K,  64% used [0x00007f804ce40000, 0x00007f80832fb870, 0x00007f80a1640000)
  to   space 1384448K,   0% used [0x00007f7ff8640000, 0x00007f7ff8640000, 0x00007f804ce40000)
 tenured generation   total 27689424K, used 21984601K [0x00007f82a9b50000, 0x00007f8943bc4000, 0x00007f8d54600000)
   the space 27689424K,  79% used [0x00007f82a9b50000, 0x00007f87e78a66c8, 0x00007f87e78a6800, 0x00007f8943bc4000)
 Metaspace       used 31170K, capacity 31635K, committed 31744K, reserved 32768K
}
Event: 3254.806 GC heap before
{Heap before GC invocations=116 (full 10):
 def new generation   total 12460288K, used 11965422K [0x00007f7d54600000, 0x00007f80a1640000, 0x00007f82a9b50000)
  eden space 11075840K, 100% used [0x00007f7d54600000, 0x00007f7ff8640000, 0x00007f7ff8640000)
  from space 1384448K,  64% used [0x00007f804ce40000, 0x00007f80832fb870, 0x00007f80a1640000)
  to   space 1384448K,   0% used [0x00007f7ff8640000, 0x00007f7ff8640000, 0x00007f804ce40000)
 tenured generation   total 27689424K, used 21984601K [0x00007f82a9b50000, 0x00007f8943bc4000, 0x00007f8d54600000)
   the space 27689424K,  79% used [0x00007f82a9b50000, 0x00007f87e78a66c8, 0x00007f87e78a6800, 0x00007f8943bc4000)
 Metaspace       used 31170K, capacity 31635K, committed 31744K, reserved 32768K
}
Event: 3257.949 GC heap after
{Heap after GC invocations=117 (full 10):
 def new generation   total 12460288K, used 894198K [0x00007f7d54600000, 0x00007f80a1640000, 0x00007f82a9b50000)
  eden space 11075840K,   0% used [0x00007f7d54600000, 0x00007f7d54600000, 0x00007f7ff8640000)
  from space 1384448K,  64% used [0x00007f7ff8640000, 0x00007f802ef7dba8, 0x00007f804ce40000)
  to   space 1384448K,   0% used [0x00007f804ce40000, 0x00007f804ce40000, 0x00007f80a1640000)
 tenured generation   total 27689424K, used 22874183K [0x00007f82a9b50000, 0x00007f8943bc4000, 0x00007f8d54600000)
   the space 27689424K,  82% used [0x00007f82a9b50000, 0x00007f881dd61dd8, 0x00007f881dd61e00, 0x00007f8943bc4000)
 Metaspace       used 31170K, capacity 31635K, committed 31744K, reserved 32768K
}
Event: 3261.502 GC heap before
{Heap before GC invocations=117 (full 10):
 def new generation   total 12460288K, used 11970038K [0x00007f7d54600000, 0x00007f80a1640000, 0x00007f82a9b50000)
  eden space 11075840K, 100% used [0x00007f7d54600000, 0x00007f7ff8640000, 0x00007f7ff8640000)
  from space 1384448K,  64% used [0x00007f7ff8640000, 0x00007f802ef7dba8, 0x00007f804ce40000)
  to   space 1384448K,   0% used [0x00007f804ce40000, 0x00007f804ce40000, 0x00007f80a1640000)
 tenured generation   total 27689424K, used 22874183K [0x00007f82a9b50000, 0x00007f8943bc4000, 0x00007f8d54600000)
   the space 27689424K,  82% used [0x00007f82a9b50000, 0x00007f881dd61dd8, 0x00007f881dd61e00, 0x00007f8943bc4000)
 Metaspace       used 31170K, capacity 31635K, committed 31744K, reserved 32768K
}
Event: 3264.657 GC heap after
{Heap after GC invocations=118 (full 10):
 def new generation   total 12460288K, used 913062K [0x00007f7d54600000, 0x00007f80a1640000, 0x00007f82a9b50000)
  eden space 11075840K,   0% used [0x00007f7d54600000, 0x00007f7d54600000, 0x00007f7ff8640000)
  from space 1384448K,  65% used [0x00007f804ce40000, 0x00007f80849e9960, 0x00007f80a1640000)
  to   space 1384448K,   0% used [0x00007f7ff8640000, 0x00007f7ff8640000, 0x00007f804ce40000)
 tenured generation   total 27689424K, used 23768382K [0x00007f82a9b50000, 0x00007f8943bc4000, 0x00007f8d54600000)
   the space 27689424K,  85% used [0x00007f82a9b50000, 0x00007f885469f850, 0x00007f885469fa00, 0x00007f8943bc4000)
 Metaspace       used 31170K, capacity 31635K, committed 31744K, reserved 32768K
}
Event: 3268.073 GC heap before
{Heap before GC invocations=118 (full 10):
 def new generation   total 12460288K, used 11988902K [0x00007f7d54600000, 0x00007f80a1640000, 0x00007f82a9b50000)
  eden space 11075840K, 100% used [0x00007f7d54600000, 0x00007f7ff8640000, 0x00007f7ff8640000)
  from space 1384448K,  65% used [0x00007f804ce40000, 0x00007f80849e9960, 0x00007f80a1640000)
  to   space 1384448K,   0% used [0x00007f7ff8640000, 0x00007f7ff8640000, 0x00007f804ce40000)
 tenured generation   total 27689424K, used 23768382K [0x00007f82a9b50000, 0x00007f8943bc4000, 0x00007f8d54600000)
   the space 27689424K,  85% used [0x00007f82a9b50000, 0x00007f885469f850, 0x00007f885469fa00, 0x00007f8943bc4000)
 Metaspace       used 31170K, capacity 31635K, committed 31744K, reserved 32768K
}
Event: 3271.135 GC heap after
{Heap after GC invocations=119 (full 10):
 def new generation   total 12460288K, used 902482K [0x00007f7d54600000, 0x00007f80a1640000, 0x00007f82a9b50000)
  eden space 11075840K,   0% used [0x00007f7d54600000, 0x00007f7d54600000, 0x00007f7ff8640000)
  from space 1384448K,  65% used [0x00007f7ff8640000, 0x00007f802f794bb8, 0x00007f804ce40000)
  to   space 1384448K,   0% used [0x00007f804ce40000, 0x00007f804ce40000, 0x00007f80a1640000)
 tenured generation   total 27689424K, used 24681444K [0x00007f82a9b50000, 0x00007f8943bc4000, 0x00007f8d54600000)
   the space 27689424K,  89% used [0x00007f82a9b50000, 0x00007f888c249170, 0x00007f888c249200, 0x00007f8943bc4000)
 Metaspace       used 31170K, capacity 31635K, committed 31744K, reserved 32768K
}
Event: 3274.312 GC heap before
{Heap before GC invocations=119 (full 10):
 def new generation   total 12460288K, used 11978322K [0x00007f7d54600000, 0x00007f80a1640000, 0x00007f82a9b50000)
  eden space 11075840K, 100% used [0x00007f7d54600000, 0x00007f7ff8640000, 0x00007f7ff8640000)
  from space 1384448K,  65% used [0x00007f7ff8640000, 0x00007f802f794bb8, 0x00007f804ce40000)
  to   space 1384448K,   0% used [0x00007f804ce40000, 0x00007f804ce40000, 0x00007f80a1640000)
 tenured generation   total 27689424K, used 24681444K [0x00007f82a9b50000, 0x00007f8943bc4000, 0x00007f8d54600000)
   the space 27689424K,  89% used [0x00007f82a9b50000, 0x00007f888c249170, 0x00007f888c249200, 0x00007f8943bc4000)
 Metaspace       used 31170K, capacity 31635K, committed 31744K, reserved 32768K
}
Event: 3277.337 GC heap after
{Heap after GC invocations=120 (full 10):
 def new generation   total 12460288K, used 881799K [0x00007f7d54600000, 0x00007f80a1640000, 0x00007f82a9b50000)
  eden space 11075840K,   0% used [0x00007f7d54600000, 0x00007f7d54600000, 0x00007f7ff8640000)
  from space 1384448K,  63% used [0x00007f804ce40000, 0x00007f8082b61d98, 0x00007f80a1640000)
  to   space 1384448K,   0% used [0x00007f7ff8640000, 0x00007f7ff8640000, 0x00007f804ce40000)
 tenured generation   total 27689424K, used 25583926K [0x00007f82a9b50000, 0x00007f8943bc4000, 0x00007f8d54600000)
   the space 27689424K,  92% used [0x00007f82a9b50000, 0x00007f88c339dbb8, 0x00007f88c339dc00, 0x00007f8943bc4000)
 Metaspace       used 31170K, capacity 31635K, committed 31744K, reserved 32768K
}
Event: 3281.220 GC heap before
{Heap before GC invocations=120 (full 10):
 def new generation   total 12460288K, used 11957639K [0x00007f7d54600000, 0x00007f80a1640000, 0x00007f82a9b50000)
  eden space 11075840K, 100% used [0x00007f7d54600000, 0x00007f7ff8640000, 0x00007f7ff8640000)
  from space 1384448K,  63% used [0x00007f804ce40000, 0x00007f8082b61d98, 0x00007f80a1640000)
  to   space 1384448K,   0% used [0x00007f7ff8640000, 0x00007f7ff8640000, 0x00007f804ce40000)
 tenured generation   total 27689424K, used 25583926K [0x00007f82a9b50000, 0x00007f8943bc4000, 0x00007f8d54600000)
   the space 27689424K,  92% used [0x00007f82a9b50000, 0x00007f88c339dbb8, 0x00007f88c339dc00, 0x00007f8943bc4000)
 Metaspace       used 31170K, capacity 31635K, committed 31744K, reserved 32768K
}
Event: 3284.292 GC heap after
{Heap after GC invocations=121 (full 10):
 def new generation   total 12460288K, used 914299K [0x00007f7d54600000, 0x00007f80a1640000, 0x00007f82a9b50000)
  eden space 11075840K,   0% used [0x00007f7d54600000, 0x00007f7d54600000, 0x00007f7ff8640000)
  from space 1384448K,  66% used [0x00007f7ff8640000, 0x00007f803031eed8, 0x00007f804ce40000)
  to   space 1384448K,   0% used [0x00007f804ce40000, 0x00007f804ce40000, 0x00007f80a1640000)
 tenured generation   total 27689424K, used 26465726K [0x00007f82a9b50000, 0x00007f8943bc4000, 0x00007f8d54600000)
   the space 27689424K,  95% used [0x00007f82a9b50000, 0x00007f88f90bf850, 0x00007f88f90bfa00, 0x00007f8943bc4000)
 Metaspace       used 31170K, capacity 31635K, committed 31744K, reserved 32768K
}
Event: 3287.649 GC heap before
{Heap before GC invocations=121 (full 10):
 def new generation   total 12460288K, used 11990139K [0x00007f7d54600000, 0x00007f80a1640000, 0x00007f82a9b50000)
  eden space 11075840K, 100% used [0x00007f7d54600000, 0x00007f7ff8640000, 0x00007f7ff8640000)
  from space 1384448K,  66% used [0x00007f7ff8640000, 0x00007f803031eed8, 0x00007f804ce40000)
  to   space 1384448K,   0% used [0x00007f804ce40000, 0x00007f804ce40000, 0x00007f80a1640000)
 tenured generation   total 27689424K, used 26465726K [0x00007f82a9b50000, 0x00007f8943bc4000, 0x00007f8d54600000)
   the space 27689424K,  95% used [0x00007f82a9b50000, 0x00007f88f90bf850, 0x00007f88f90bfa00, 0x00007f8943bc4000)
 Metaspace       used 31170K, capacity 31635K, committed 31744K, reserved 32768K
}
Event: 3290.809 GC heap after
{Heap after GC invocations=122 (full 10):
 def new generation   total 12460288K, used 906098K [0x00007f7d54600000, 0x00007f80a1640000, 0x00007f82a9b50000)
  eden space 11075840K,   0% used [0x00007f7d54600000, 0x00007f7d54600000, 0x00007f7ff8640000)
  from space 1384448K,  65% used [0x00007f804ce40000, 0x00007f808431cb10, 0x00007f80a1640000)
  to   space 1384448K,   0% used [0x00007f7ff8640000, 0x00007f7ff8640000, 0x00007f804ce40000)
 tenured generation   total 27689424K, used 27380025K [0x00007f82a9b50000, 0x00007f8943bc4000, 0x00007f8d54600000)
   the space 27689424K,  98% used [0x00007f82a9b50000, 0x00007f8930d9e588, 0x00007f8930d9e600, 0x00007f8943bc4000)
 Metaspace       used 31170K, capacity 31635K, committed 31744K, reserved 32768K
}
Event: 3294.713 GC heap before
{Heap before GC invocations=122 (full 10):
 def new generation   total 12460288K, used 11981938K [0x00007f7d54600000, 0x00007f80a1640000, 0x00007f82a9b50000)
  eden space 11075840K, 100% used [0x00007f7d54600000, 0x00007f7ff8640000, 0x00007f7ff8640000)
  from space 1384448K,  65% used [0x00007f804ce40000, 0x00007f808431cb10, 0x00007f80a1640000)
  to   space 1384448K,   0% used [0x00007f7ff8640000, 0x00007f7ff8640000, 0x00007f804ce40000)
 tenured generation   total 27689424K, used 27380025K [0x00007f82a9b50000, 0x00007f8943bc4000, 0x00007f8d54600000)
   the space 27689424K,  98% used [0x00007f82a9b50000, 0x00007f8930d9e588, 0x00007f8930d9e600, 0x00007f8943bc4000)
 Metaspace       used 31170K, capacity 31635K, committed 31744K, reserved 32768K
}
Event: 3297.940 GC heap after
{Heap after GC invocations=123 (full 10):
 def new generation   total 12460288K, used 920385K [0x00007f7d54600000, 0x00007f80a1640000, 0x00007f82a9b50000)
  eden space 11075840K,   0% used [0x00007f7d54600000, 0x00007f7d54600000, 0x00007f7ff8640000)
  from space 1384448K,  66% used [0x00007f7ff8640000, 0x00007f80309104f0, 0x00007f804ce40000)
  to   space 1384448K,   0% used [0x00007f804ce40000, 0x00007f804ce40000, 0x00007f80a1640000)
 tenured generation   total 28286160K, used 28286123K [0x00007f82a9b50000, 0x00007f8968284000, 0x00007f8d54600000)
   the space 28286160K,  99% used [0x00007f82a9b50000, 0x00007f896827ae68, 0x00007f896827b000, 0x00007f8968284000)
 Metaspace       used 31170K, capacity 31635K, committed 31744K, reserved 32768K
}
Event: 3297.940 GC heap before
{Heap before GC invocations=123 (full 10):
 def new generation   total 12460288K, used 920385K [0x00007f7d54600000, 0x00007f80a1640000, 0x00007f82a9b50000)
  eden space 11075840K,   0% used [0x00007f7d54600000, 0x00007f7d54600000, 0x00007f7ff8640000)
  from space 1384448K,  66% used [0x00007f7ff8640000, 0x00007f80309104f0, 0x00007f804ce40000)
  to   space 1384448K,   0% used [0x00007f804ce40000, 0x00007f804ce40000, 0x00007f80a1640000)
 tenured generation   total 28286160K, used 28286123K [0x00007f82a9b50000, 0x00007f8968284000, 0x00007f8d54600000)
   the space 28286160K,  99% used [0x00007f82a9b50000, 0x00007f896827ae68, 0x00007f896827b000, 0x00007f8968284000)
 Metaspace       used 31170K, capacity 31635K, committed 31744K, reserved 32768K
}

