# JRE version: OpenJDK Runtime Environment (13.0.7+5) (build 13.0.7+5-Ubuntu-0ubuntu120.04)
# Java VM: OpenJDK 64-Bit Server VM (13.0.7+5-Ubuntu-0ubuntu120.04, mixed mode, tiered, serial gc, linux-amd64)
Heap:
 def new generation   total 2900288K, used 6503K [0x00007fd13c600000, 0x00007fd201100000, 0x00007fd691b50000)
  eden space 2578048K,   0% used [0x00007fd13c600000, 0x00007fd13cc59f58, 0x00007fd1d9ba0000)
  from space 322240K,   0% used [0x00007fd1d9ba0000, 0x00007fd1d9ba0000, 0x00007fd1ed650000)
  to   space 322240K,   0% used [0x00007fd1ed650000, 0x00007fd1ed650000, 0x00007fd201100000)
 tenured generation   total 6445540K, used 6445539K [0x00007fd691b50000, 0x00007fd81b1c9000, 0x00007fe13c600000)
   the space 6445540K,  99% used [0x00007fd691b50000, 0x00007fd81b1c8f88, 0x00007fd81b1c9000, 0x00007fd81b1c9000)
 Metaspace       used 24400K, capacity 24785K, committed 24832K, reserved 26624K
GC Heap History (20 events):
Event: 14407.196 GC heap after
{Heap after GC invocations=26552 (full 4):
 def new generation   total 2900288K, used 8154K [0x00007fd13c600000, 0x00007fd201100000, 0x00007fd691b50000)
  eden space 2578048K,   0% used [0x00007fd13c600000, 0x00007fd13c600000, 0x00007fd1d9ba0000)
  from space 322240K,   2% used [0x00007fd1ed650000, 0x00007fd1ede46a48, 0x00007fd201100000)
  to   space 322240K,   0% used [0x00007fd1d9ba0000, 0x00007fd1d9ba0000, 0x00007fd1ed650000)
 tenured generation   total 6444964K, used 6439962K [0x00007fd691b50000, 0x00007fd81b139000, 0x00007fe13c600000)
   the space 6444964K,  99% used [0x00007fd691b50000, 0x00007fd81ac56820, 0x00007fd81ac56a00, 0x00007fd81b139000)
 Metaspace       used 24400K, capacity 24785K, committed 24832K, reserved 26624K
}
Event: 14408.397 GC heap before
{Heap before GC invocations=26552 (full 4):
 def new generation   total 2900288K, used 2586202K [0x00007fd13c600000, 0x00007fd201100000, 0x00007fd691b50000)
  eden space 2578048K, 100% used [0x00007fd13c600000, 0x00007fd1d9ba0000, 0x00007fd1d9ba0000)
  from space 322240K,   2% used [0x00007fd1ed650000, 0x00007fd1ede46a48, 0x00007fd201100000)
  to   space 322240K,   0% used [0x00007fd1d9ba0000, 0x00007fd1d9ba0000, 0x00007fd1ed650000)
 tenured generation   total 6444964K, used 6439962K [0x00007fd691b50000, 0x00007fd81b139000, 0x00007fe13c600000)
   the space 6444964K,  99% used [0x00007fd691b50000, 0x00007fd81ac56820, 0x00007fd81ac56a00, 0x00007fd81b139000)
 Metaspace       used 24400K, capacity 24785K, committed 24832K, reserved 26624K
}
Event: 14408.401 GC heap after
{Heap after GC invocations=26553 (full 4):
 def new generation   total 2900288K, used 7816K [0x00007fd13c600000, 0x00007fd201100000, 0x00007fd691b50000)
  eden space 2578048K,   0% used [0x00007fd13c600000, 0x00007fd13c600000, 0x00007fd1d9ba0000)
  from space 322240K,   2% used [0x00007fd1d9ba0000, 0x00007fd1da342308, 0x00007fd1ed650000)
  to   space 322240K,   0% used [0x00007fd1ed650000, 0x00007fd1ed650000, 0x00007fd201100000)
 tenured generation   total 6444964K, used 6440609K [0x00007fd691b50000, 0x00007fd81b139000, 0x00007fe13c600000)
   the space 6444964K,  99% used [0x00007fd691b50000, 0x00007fd81acf8658, 0x00007fd81acf8800, 0x00007fd81b139000)
 Metaspace       used 24400K, capacity 24785K, committed 24832K, reserved 26624K
}
Event: 14409.610 GC heap before
{Heap before GC invocations=26553 (full 4):
 def new generation   total 2900288K, used 2585864K [0x00007fd13c600000, 0x00007fd201100000, 0x00007fd691b50000)
  eden space 2578048K, 100% used [0x00007fd13c600000, 0x00007fd1d9ba0000, 0x00007fd1d9ba0000)
  from space 322240K,   2% used [0x00007fd1d9ba0000, 0x00007fd1da342308, 0x00007fd1ed650000)
  to   space 322240K,   0% used [0x00007fd1ed650000, 0x00007fd1ed650000, 0x00007fd201100000)
 tenured generation   total 6444964K, used 6440609K [0x00007fd691b50000, 0x00007fd81b139000, 0x00007fe13c600000)
   the space 6444964K,  99% used [0x00007fd691b50000, 0x00007fd81acf8658, 0x00007fd81acf8800, 0x00007fd81b139000)
 Metaspace       used 24400K, capacity 24785K, committed 24832K, reserved 26624K
}
Event: 14409.614 GC heap after
{Heap after GC invocations=26554 (full 4):
 def new generation   total 2900288K, used 7706K [0x00007fd13c600000, 0x00007fd201100000, 0x00007fd691b50000)
  eden space 2578048K,   0% used [0x00007fd13c600000, 0x00007fd13c600000, 0x00007fd1d9ba0000)
  from space 322240K,   2% used [0x00007fd1ed650000, 0x00007fd1eddd6948, 0x00007fd201100000)
  to   space 322240K,   0% used [0x00007fd1d9ba0000, 0x00007fd1d9ba0000, 0x00007fd1ed650000)
 tenured generation   total 6444964K, used 6441257K [0x00007fd691b50000, 0x00007fd81b139000, 0x00007fe13c600000)
   the space 6444964K,  99% used [0x00007fd691b50000, 0x00007fd81ad9a490, 0x00007fd81ad9a600, 0x00007fd81b139000)
 Metaspace       used 24400K, capacity 24785K, committed 24832K, reserved 26624K
}
Event: 14410.808 GC heap before
{Heap before GC invocations=26554 (full 4):
 def new generation   total 2900288K, used 2585754K [0x00007fd13c600000, 0x00007fd201100000, 0x00007fd691b50000)
  eden space 2578048K, 100% used [0x00007fd13c600000, 0x00007fd1d9ba0000, 0x00007fd1d9ba0000)
  from space 322240K,   2% used [0x00007fd1ed650000, 0x00007fd1eddd6948, 0x00007fd201100000)
  to   space 322240K,   0% used [0x00007fd1d9ba0000, 0x00007fd1d9ba0000, 0x00007fd1ed650000)
 tenured generation   total 6444964K, used 6441257K [0x00007fd691b50000, 0x00007fd81b139000, 0x00007fe13c600000)
   the space 6444964K,  99% used [0x00007fd691b50000, 0x00007fd81ad9a490, 0x00007fd81ad9a600, 0x00007fd81b139000)
 Metaspace       used 24400K, capacity 24785K, committed 24832K, reserved 26624K
}
Event: 14410.813 GC heap after
{Heap after GC invocations=26555 (full 4):
 def new generation   total 2900288K, used 7523K [0x00007fd13c600000, 0x00007fd201100000, 0x00007fd691b50000)
  eden space 2578048K,   0% used [0x00007fd13c600000, 0x00007fd13c600000, 0x00007fd1d9ba0000)
  from space 322240K,   2% used [0x00007fd1d9ba0000, 0x00007fd1da2f8d98, 0x00007fd1ed650000)
  to   space 322240K,   0% used [0x00007fd1ed650000, 0x00007fd1ed650000, 0x00007fd201100000)
 tenured generation   total 6444964K, used 6441904K [0x00007fd691b50000, 0x00007fd81b139000, 0x00007fe13c600000)
   the space 6444964K,  99% used [0x00007fd691b50000, 0x00007fd81ae3c2c8, 0x00007fd81ae3c400, 0x00007fd81b139000)
 Metaspace       used 24400K, capacity 24785K, committed 24832K, reserved 26624K
}
Event: 14412.007 GC heap before
{Heap before GC invocations=26555 (full 4):
 def new generation   total 2900288K, used 2585571K [0x00007fd13c600000, 0x00007fd201100000, 0x00007fd691b50000)
  eden space 2578048K, 100% used [0x00007fd13c600000, 0x00007fd1d9ba0000, 0x00007fd1d9ba0000)
  from space 322240K,   2% used [0x00007fd1d9ba0000, 0x00007fd1da2f8d98, 0x00007fd1ed650000)
  to   space 322240K,   0% used [0x00007fd1ed650000, 0x00007fd1ed650000, 0x00007fd201100000)
 tenured generation   total 6444964K, used 6441904K [0x00007fd691b50000, 0x00007fd81b139000, 0x00007fe13c600000)
   the space 6444964K,  99% used [0x00007fd691b50000, 0x00007fd81ae3c2c8, 0x00007fd81ae3c400, 0x00007fd81b139000)
 Metaspace       used 24400K, capacity 24785K, committed 24832K, reserved 26624K
}
Event: 14412.011 GC heap after
{Heap after GC invocations=26556 (full 4):
 def new generation   total 2900288K, used 7302K [0x00007fd13c600000, 0x00007fd201100000, 0x00007fd691b50000)
  eden space 2578048K,   0% used [0x00007fd13c600000, 0x00007fd13c600000, 0x00007fd1d9ba0000)
  from space 322240K,   2% used [0x00007fd1ed650000, 0x00007fd1edd71b00, 0x00007fd201100000)
  to   space 322240K,   0% used [0x00007fd1d9ba0000, 0x00007fd1d9ba0000, 0x00007fd1ed650000)
 tenured generation   total 6444964K, used 6442552K [0x00007fd691b50000, 0x00007fd81b139000, 0x00007fe13c600000)
   the space 6444964K,  99% used [0x00007fd691b50000, 0x00007fd81aede100, 0x00007fd81aede200, 0x00007fd81b139000)
 Metaspace       used 24400K, capacity 24785K, committed 24832K, reserved 26624K
}
Event: 14413.222 GC heap before
{Heap before GC invocations=26556 (full 4):
 def new generation   total 2900288K, used 2585350K [0x00007fd13c600000, 0x00007fd201100000, 0x00007fd691b50000)
  eden space 2578048K, 100% used [0x00007fd13c600000, 0x00007fd1d9ba0000, 0x00007fd1d9ba0000)
  from space 322240K,   2% used [0x00007fd1ed650000, 0x00007fd1edd71b00, 0x00007fd201100000)
  to   space 322240K,   0% used [0x00007fd1d9ba0000, 0x00007fd1d9ba0000, 0x00007fd1ed650000)
 tenured generation   total 6444964K, used 6442552K [0x00007fd691b50000, 0x00007fd81b139000, 0x00007fe13c600000)
   the space 6444964K,  99% used [0x00007fd691b50000, 0x00007fd81aede100, 0x00007fd81aede200, 0x00007fd81b139000)
 Metaspace       used 24400K, capacity 24785K, committed 24832K, reserved 26624K
}
Event: 14413.226 GC heap after
{Heap after GC invocations=26557 (full 4):
 def new generation   total 2900288K, used 6992K [0x00007fd13c600000, 0x00007fd201100000, 0x00007fd691b50000)
  eden space 2578048K,   0% used [0x00007fd13c600000, 0x00007fd13c600000, 0x00007fd1d9ba0000)
  from space 322240K,   2% used [0x00007fd1d9ba0000, 0x00007fd1da274168, 0x00007fd1ed650000)
  to   space 322240K,   0% used [0x00007fd1ed650000, 0x00007fd1ed650000, 0x00007fd201100000)
 tenured generation   total 6444964K, used 6443199K [0x00007fd691b50000, 0x00007fd81b139000, 0x00007fe13c600000)
   the space 6444964K,  99% used [0x00007fd691b50000, 0x00007fd81af7ff38, 0x00007fd81af80000, 0x00007fd81b139000)
 Metaspace       used 24400K, capacity 24785K, committed 24832K, reserved 26624K
}
Event: 14414.417 GC heap before
{Heap before GC invocations=26557 (full 4):
 def new generation   total 2900288K, used 2585040K [0x00007fd13c600000, 0x00007fd201100000, 0x00007fd691b50000)
  eden space 2578048K, 100% used [0x00007fd13c600000, 0x00007fd1d9ba0000, 0x00007fd1d9ba0000)
  from space 322240K,   2% used [0x00007fd1d9ba0000, 0x00007fd1da274168, 0x00007fd1ed650000)
  to   space 322240K,   0% used [0x00007fd1ed650000, 0x00007fd1ed650000, 0x00007fd201100000)
 tenured generation   total 6444964K, used 6443199K [0x00007fd691b50000, 0x00007fd81b139000, 0x00007fe13c600000)
   the space 6444964K,  99% used [0x00007fd691b50000, 0x00007fd81af7ff38, 0x00007fd81af80000, 0x00007fd81b139000)
 Metaspace       used 24400K, capacity 24785K, committed 24832K, reserved 26624K
}
Event: 14414.421 GC heap after
{Heap after GC invocations=26558 (full 4):
 def new generation   total 2900288K, used 6885K [0x00007fd13c600000, 0x00007fd201100000, 0x00007fd691b50000)
  eden space 2578048K,   0% used [0x00007fd13c600000, 0x00007fd13c600000, 0x00007fd1d9ba0000)
  from space 322240K,   2% used [0x00007fd1ed650000, 0x00007fd1edd095a8, 0x00007fd201100000)
  to   space 322240K,   0% used [0x00007fd1d9ba0000, 0x00007fd1d9ba0000, 0x00007fd1ed650000)
 tenured generation   total 6444964K, used 6443847K [0x00007fd691b50000, 0x00007fd81b139000, 0x00007fe13c600000)
   the space 6444964K,  99% used [0x00007fd691b50000, 0x00007fd81b021d70, 0x00007fd81b021e00, 0x00007fd81b139000)
 Metaspace       used 24400K, capacity 24785K, committed 24832K, reserved 26624K
}
Event: 14415.617 GC heap before
{Heap before GC invocations=26558 (full 4):
 def new generation   total 2900288K, used 2584933K [0x00007fd13c600000, 0x00007fd201100000, 0x00007fd691b50000)
  eden space 2578048K, 100% used [0x00007fd13c600000, 0x00007fd1d9ba0000, 0x00007fd1d9ba0000)
  from space 322240K,   2% used [0x00007fd1ed650000, 0x00007fd1edd095a8, 0x00007fd201100000)
  to   space 322240K,   0% used [0x00007fd1d9ba0000, 0x00007fd1d9ba0000, 0x00007fd1ed650000)
 tenured generation   total 6444964K, used 6443847K [0x00007fd691b50000, 0x00007fd81b139000, 0x00007fe13c600000)
   the space 6444964K,  99% used [0x00007fd691b50000, 0x00007fd81b021d70, 0x00007fd81b021e00, 0x00007fd81b139000)
 Metaspace       used 24400K, capacity 24785K, committed 24832K, reserved 26624K
}
Event: 14415.622 GC heap after
{Heap after GC invocations=26559 (full 4):
 def new generation   total 2900288K, used 6662K [0x00007fd13c600000, 0x00007fd201100000, 0x00007fd691b50000)
  eden space 2578048K,   0% used [0x00007fd13c600000, 0x00007fd13c600000, 0x00007fd1d9ba0000)
  from space 322240K,   2% used [0x00007fd1d9ba0000, 0x00007fd1da221aa0, 0x00007fd1ed650000)
  to   space 322240K,   0% used [0x00007fd1ed650000, 0x00007fd1ed650000, 0x00007fd201100000)
 tenured generation   total 6444964K, used 6444533K [0x00007fd691b50000, 0x00007fd81b139000, 0x00007fe13c600000)
   the space 6444964K,  99% used [0x00007fd691b50000, 0x00007fd81b0cd680, 0x00007fd81b0cd800, 0x00007fd81b139000)
 Metaspace       used 24400K, capacity 24785K, committed 24832K, reserved 26624K
}
Event: 14416.820 GC heap before
{Heap before GC invocations=26559 (full 4):
 def new generation   total 2900288K, used 2584710K [0x00007fd13c600000, 0x00007fd201100000, 0x00007fd691b50000)
  eden space 2578048K, 100% used [0x00007fd13c600000, 0x00007fd1d9ba0000, 0x00007fd1d9ba0000)
  from space 322240K,   2% used [0x00007fd1d9ba0000, 0x00007fd1da221aa0, 0x00007fd1ed650000)
  to   space 322240K,   0% used [0x00007fd1ed650000, 0x00007fd1ed650000, 0x00007fd201100000)
 tenured generation   total 6444964K, used 6444533K [0x00007fd691b50000, 0x00007fd81b139000, 0x00007fe13c600000)
   the space 6444964K,  99% used [0x00007fd691b50000, 0x00007fd81b0cd680, 0x00007fd81b0cd800, 0x00007fd81b139000)
 Metaspace       used 24400K, capacity 24785K, committed 24832K, reserved 26624K
}
Event: 14416.824 GC heap after
{Heap after GC invocations=26560 (full 4):
 def new generation   total 2900288K, used 6712K [0x00007fd13c600000, 0x00007fd201100000, 0x00007fd691b50000)
  eden space 2578048K,   0% used [0x00007fd13c600000, 0x00007fd13c600000, 0x00007fd1d9ba0000)
  from space 322240K,   2% used [0x00007fd1ed650000, 0x00007fd1edcde048, 0x00007fd201100000)
  to   space 322240K,   0% used [0x00007fd1d9ba0000, 0x00007fd1d9ba0000, 0x00007fd1ed650000)
 tenured generation   total 6444964K, used 6444914K [0x00007fd691b50000, 0x00007fd81b139000, 0x00007fe13c600000)
   the space 6444964K,  99% used [0x00007fd691b50000, 0x00007fd81b12ca98, 0x00007fd81b12cc00, 0x00007fd81b139000)
 Metaspace       used 24400K, capacity 24785K, committed 24832K, reserved 26624K
}
Event: 14418.038 GC heap before
{Heap before GC invocations=26560 (full 4):
 def new generation   total 2900288K, used 2584760K [0x00007fd13c600000, 0x00007fd201100000, 0x00007fd691b50000)
  eden space 2578048K, 100% used [0x00007fd13c600000, 0x00007fd1d9ba0000, 0x00007fd1d9ba0000)
  from space 322240K,   2% used [0x00007fd1ed650000, 0x00007fd1edcde048, 0x00007fd201100000)
  to   space 322240K,   0% used [0x00007fd1d9ba0000, 0x00007fd1d9ba0000, 0x00007fd1ed650000)
 tenured generation   total 6444964K, used 6444914K [0x00007fd691b50000, 0x00007fd81b139000, 0x00007fe13c600000)
   the space 6444964K,  99% used [0x00007fd691b50000, 0x00007fd81b12ca98, 0x00007fd81b12cc00, 0x00007fd81b139000)
 Metaspace       used 24400K, capacity 24785K, committed 24832K, reserved 26624K
}
Event: 14418.042 GC heap after
{Heap after GC invocations=26561 (full 4):
 def new generation   total 2900288K, used 6688K [0x00007fd13c600000, 0x00007fd201100000, 0x00007fd691b50000)
  eden space 2578048K,   0% used [0x00007fd13c600000, 0x00007fd13c600000, 0x00007fd1d9ba0000)
  from space 322240K,   2% used [0x00007fd1d9ba0000, 0x00007fd1da2281d0, 0x00007fd1ed650000)
  to   space 322240K,   0% used [0x00007fd1ed650000, 0x00007fd1ed650000, 0x00007fd201100000)
 tenured generation   total 6445540K, used 6445355K [0x00007fd691b50000, 0x00007fd81b1c9000, 0x00007fe13c600000)
   the space 6445540K,  99% used [0x00007fd691b50000, 0x00007fd81b19ad10, 0x00007fd81b19ae00, 0x00007fd81b1c9000)
 Metaspace       used 24400K, capacity 24785K, committed 24832K, reserved 26624K
}
Event: 14418.042 GC heap before
{Heap before GC invocations=26561 (full 4):
 def new generation   total 2900288K, used 6688K [0x00007fd13c600000, 0x00007fd201100000, 0x00007fd691b50000)
  eden space 2578048K,   0% used [0x00007fd13c600000, 0x00007fd13c600000, 0x00007fd1d9ba0000)
  from space 322240K,   2% used [0x00007fd1d9ba0000, 0x00007fd1da2281d0, 0x00007fd1ed650000)
  to   space 322240K,   0% used [0x00007fd1ed650000, 0x00007fd1ed650000, 0x00007fd201100000)
 tenured generation   total 6445540K, used 6445355K [0x00007fd691b50000, 0x00007fd81b1c9000, 0x00007fe13c600000)
   the space 6445540K,  99% used [0x00007fd691b50000, 0x00007fd81b19ad10, 0x00007fd81b19ae00, 0x00007fd81b1c9000)
 Metaspace       used 24400K, capacity 24785K, committed 24832K, reserved 26624K
}

