# JRE version: OpenJDK Runtime Environment (13.0.7+5) (build 13.0.7+5-Ubuntu-0ubuntu120.04)
# Java VM: OpenJDK 64-Bit Server VM (13.0.7+5-Ubuntu-0ubuntu120.04, mixed mode, tiered, serial gc, linux-amd64)
Heap:
 def new generation   total 629248K, used 0K [0x00007f24bc600000, 0x00007f24e70c0000, 0x00007f2a11b50000)
  eden space 559360K,   0% used [0x00007f24bc600000, 0x00007f24bc600000, 0x00007f24de840000)
  from space 69888K,   0% used [0x00007f24de840000, 0x00007f24de840000, 0x00007f24e2c80000)
  to   space 69888K,   0% used [0x00007f24e2c80000, 0x00007f24e2c80000, 0x00007f24e70c0000)
 tenured generation   total 1398144K, used 14865K [0x00007f2a11b50000, 0x00007f2a670b0000, 0x00007f34bc600000)
   the space 1398144K,   1% used [0x00007f2a11b50000, 0x00007f2a129d47a8, 0x00007f2a129d4800, 0x00007f2a670b0000)
 Metaspace       used 23236K, capacity 23609K, committed 23808K, reserved 24576K
GC Heap History (16 events):
Event: 4.214 GC heap before
{Heap before GC invocations=0 (full 0):
 def new generation   total 629120K, used 123034K [0x00007f24bc600000, 0x00007f24e70a0000, 0x00007f2a11b50000)
  eden space 559232K,  22% used [0x00007f24bc600000, 0x00007f24c3e26988, 0x00007f24de820000)
  from space 69888K,   0% used [0x00007f24de820000, 0x00007f24de820000, 0x00007f24e2c60000)
  to   space 69888K,   0% used [0x00007f24e2c60000, 0x00007f24e2c60000, 0x00007f24e70a0000)
 tenured generation   total 1398144K, used 0K [0x00007f2a11b50000, 0x00007f2a670b0000, 0x00007f34bc600000)
   the space 1398144K,   0% used [0x00007f2a11b50000, 0x00007f2a11b50000, 0x00007f2a11b50200, 0x00007f2a670b0000)
 Metaspace       used 20904K, capacity 21222K, committed 21248K, reserved 22528K
}
Event: 4.369 GC heap after
{Heap after GC invocations=1 (full 1):
 def new generation   total 629248K, used 0K [0x00007f24bc600000, 0x00007f24e70c0000, 0x00007f2a11b50000)
  eden space 559360K,   0% used [0x00007f24bc600000, 0x00007f24bc600000, 0x00007f24de840000)
  from space 69888K,   0% used [0x00007f24de840000, 0x00007f24de840000, 0x00007f24e2c80000)
  to   space 69888K,   0% used [0x00007f24e2c80000, 0x00007f24e2c80000, 0x00007f24e70c0000)
 tenured generation   total 1398144K, used 13610K [0x00007f2a11b50000, 0x00007f2a670b0000, 0x00007f34bc600000)
   the space 1398144K,   0% used [0x00007f2a11b50000, 0x00007f2a1289aa00, 0x00007f2a1289aa00, 0x00007f2a670b0000)
 Metaspace       used 20904K, capacity 21222K, committed 21248K, reserved 22528K
}
Event: 7.324 GC heap before
{Heap before GC invocations=1 (full 1):
 def new generation   total 629248K, used 559360K [0x00007f24bc600000, 0x00007f24e70c0000, 0x00007f2a11b50000)
  eden space 559360K, 100% used [0x00007f24bc600000, 0x00007f24de840000, 0x00007f24de840000)
  from space 69888K,   0% used [0x00007f24de840000, 0x00007f24de840000, 0x00007f24e2c80000)
  to   space 69888K,   0% used [0x00007f24e2c80000, 0x00007f24e2c80000, 0x00007f24e70c0000)
 tenured generation   total 1398144K, used 13610K [0x00007f2a11b50000, 0x00007f2a670b0000, 0x00007f34bc600000)
   the space 1398144K,   0% used [0x00007f2a11b50000, 0x00007f2a1289aa00, 0x00007f2a1289aa00, 0x00007f2a670b0000)
 Metaspace       used 23004K, capacity 23393K, committed 23552K, reserved 24576K
}
Event: 7.341 GC heap after
{Heap after GC invocations=2 (full 1):
 def new generation   total 629248K, used 717K [0x00007f24bc600000, 0x00007f24e70c0000, 0x00007f2a11b50000)
  eden space 559360K,   0% used [0x00007f24bc600000, 0x00007f24bc600000, 0x00007f24de840000)
  from space 69888K,   1% used [0x00007f24e2c80000, 0x00007f24e2d33750, 0x00007f24e70c0000)
  to   space 69888K,   0% used [0x00007f24de840000, 0x00007f24de840000, 0x00007f24e2c80000)
 tenured generation   total 1398144K, used 13610K [0x00007f2a11b50000, 0x00007f2a670b0000, 0x00007f34bc600000)
   the space 1398144K,   0% used [0x00007f2a11b50000, 0x00007f2a1289aa00, 0x00007f2a1289aa00, 0x00007f2a670b0000)
 Metaspace       used 23004K, capacity 23393K, committed 23552K, reserved 24576K
}
Event: 8.202 GC heap before
{Heap before GC invocations=2 (full 1):
 def new generation   total 629248K, used 560077K [0x00007f24bc600000, 0x00007f24e70c0000, 0x00007f2a11b50000)
  eden space 559360K, 100% used [0x00007f24bc600000, 0x00007f24de840000, 0x00007f24de840000)
  from space 69888K,   1% used [0x00007f24e2c80000, 0x00007f24e2d33750, 0x00007f24e70c0000)
  to   space 69888K,   0% used [0x00007f24de840000, 0x00007f24de840000, 0x00007f24e2c80000)
 tenured generation   total 1398144K, used 13610K [0x00007f2a11b50000, 0x00007f2a670b0000, 0x00007f34bc600000)
   the space 1398144K,   0% used [0x00007f2a11b50000, 0x00007f2a1289aa00, 0x00007f2a1289aa00, 0x00007f2a670b0000)
 Metaspace       used 23019K, capacity 23393K, committed 23552K, reserved 24576K
}
Event: 8.203 GC heap after
{Heap after GC invocations=3 (full 1):
 def new generation   total 629248K, used 949K [0x00007f24bc600000, 0x00007f24e70c0000, 0x00007f2a11b50000)
  eden space 559360K,   0% used [0x00007f24bc600000, 0x00007f24bc600000, 0x00007f24de840000)
  from space 69888K,   1% used [0x00007f24de840000, 0x00007f24de92d750, 0x00007f24e2c80000)
  to   space 69888K,   0% used [0x00007f24e2c80000, 0x00007f24e2c80000, 0x00007f24e70c0000)
 tenured generation   total 1398144K, used 13610K [0x00007f2a11b50000, 0x00007f2a670b0000, 0x00007f34bc600000)
   the space 1398144K,   0% used [0x00007f2a11b50000, 0x00007f2a1289aa00, 0x00007f2a1289aa00, 0x00007f2a670b0000)
 Metaspace       used 23019K, capacity 23393K, committed 23552K, reserved 24576K
}
Event: 15.219 GC heap before
{Heap before GC invocations=3 (full 1):
 def new generation   total 629248K, used 560309K [0x00007f24bc600000, 0x00007f24e70c0000, 0x00007f2a11b50000)
  eden space 559360K, 100% used [0x00007f24bc600000, 0x00007f24de840000, 0x00007f24de840000)
  from space 69888K,   1% used [0x00007f24de840000, 0x00007f24de92d750, 0x00007f24e2c80000)
  to   space 69888K,   0% used [0x00007f24e2c80000, 0x00007f24e2c80000, 0x00007f24e70c0000)
 tenured generation   total 1398144K, used 13610K [0x00007f2a11b50000, 0x00007f2a670b0000, 0x00007f34bc600000)
   the space 1398144K,   0% used [0x00007f2a11b50000, 0x00007f2a1289aa00, 0x00007f2a1289aa00, 0x00007f2a670b0000)
 Metaspace       used 23219K, capacity 23609K, committed 23808K, reserved 24576K
}
Event: 15.229 GC heap after
{Heap after GC invocations=4 (full 1):
 def new generation   total 629248K, used 2282K [0x00007f24bc600000, 0x00007f24e70c0000, 0x00007f2a11b50000)
  eden space 559360K,   0% used [0x00007f24bc600000, 0x00007f24bc600000, 0x00007f24de840000)
  from space 69888K,   3% used [0x00007f24e2c80000, 0x00007f24e2eba850, 0x00007f24e70c0000)
  to   space 69888K,   0% used [0x00007f24de840000, 0x00007f24de840000, 0x00007f24e2c80000)
 tenured generation   total 1398144K, used 13610K [0x00007f2a11b50000, 0x00007f2a670b0000, 0x00007f34bc600000)
   the space 1398144K,   0% used [0x00007f2a11b50000, 0x00007f2a1289aa00, 0x00007f2a1289aa00, 0x00007f2a670b0000)
 Metaspace       used 23219K, capacity 23609K, committed 23808K, reserved 24576K
}
Event: 15.856 GC heap before
{Heap before GC invocations=4 (full 1):
 def new generation   total 629248K, used 367893K [0x00007f24bc600000, 0x00007f24e70c0000, 0x00007f2a11b50000)
  eden space 559360K,  65% used [0x00007f24bc600000, 0x00007f24d2b0ae40, 0x00007f24de840000)
  from space 69888K,   3% used [0x00007f24e2c80000, 0x00007f24e2eba850, 0x00007f24e70c0000)
  to   space 69888K,   0% used [0x00007f24de840000, 0x00007f24de840000, 0x00007f24e2c80000)
 tenured generation   total 1398144K, used 13610K [0x00007f2a11b50000, 0x00007f2a670b0000, 0x00007f34bc600000)
   the space 1398144K,   0% used [0x00007f2a11b50000, 0x00007f2a1289aa00, 0x00007f2a1289aa00, 0x00007f2a670b0000)
 Metaspace       used 23222K, capacity 23609K, committed 23808K, reserved 24576K
}
Event: 16.436 GC heap after
{Heap after GC invocations=5 (full 1):
 def new generation   total 629248K, used 1253K [0x00007f24bc600000, 0x00007f24e70c0000, 0x00007f2a11b50000)
  eden space 559360K,   0% used [0x00007f24bc600000, 0x00007f24bc600000, 0x00007f24de840000)
  from space 69888K,   1% used [0x00007f24de840000, 0x00007f24de979738, 0x00007f24e2c80000)
  to   space 69888K,   0% used [0x00007f24e2c80000, 0x00007f24e2c80000, 0x00007f24e70c0000)
 tenured generation   total 1398144K, used 275754K [0x00007f2a11b50000, 0x00007f2a670b0000, 0x00007f34bc600000)
   the space 1398144K,  19% used [0x00007f2a11b50000, 0x00007f2a2289aa18, 0x00007f2a2289ac00, 0x00007f2a670b0000)
 Metaspace       used 23222K, capacity 23609K, committed 23808K, reserved 24576K
}
Event: 16.829 GC heap before
{Heap before GC invocations=5 (full 1):
 def new generation   total 629248K, used 552880K [0x00007f24bc600000, 0x00007f24e70c0000, 0x00007f2a11b50000)
  eden space 559360K,  98% used [0x00007f24bc600000, 0x00007f24de0b2c38, 0x00007f24de840000)
  from space 69888K,   1% used [0x00007f24de840000, 0x00007f24de979738, 0x00007f24e2c80000)
  to   space 69888K,   0% used [0x00007f24e2c80000, 0x00007f24e2c80000, 0x00007f24e70c0000)
 tenured generation   total 1398144K, used 275754K [0x00007f2a11b50000, 0x00007f2a670b0000, 0x00007f34bc600000)
   the space 1398144K,  19% used [0x00007f2a11b50000, 0x00007f2a2289aa18, 0x00007f2a2289ac00, 0x00007f2a670b0000)
 Metaspace       used 23222K, capacity 23609K, committed 23808K, reserved 24576K
}
Event: 17.714 GC heap after
{Heap after GC invocations=6 (full 1):
 def new generation   total 629248K, used 17637K [0x00007f24bc600000, 0x00007f24e70c0000, 0x00007f2a11b50000)
  eden space 559360K,   0% used [0x00007f24bc600000, 0x00007f24bc600000, 0x00007f24de840000)
  from space 69888K,  25% used [0x00007f24e2c80000, 0x00007f24e3db94b0, 0x00007f24e70c0000)
  to   space 69888K,   0% used [0x00007f24de840000, 0x00007f24de840000, 0x00007f24e2c80000)
 tenured generation   total 1398144K, used 275754K [0x00007f2a11b50000, 0x00007f2a670b0000, 0x00007f34bc600000)
   the space 1398144K,  19% used [0x00007f2a11b50000, 0x00007f2a2289aa18, 0x00007f2a2289ac00, 0x00007f2a670b0000)
 Metaspace       used 23222K, capacity 23609K, committed 23808K, reserved 24576K
}
Event: 17.936 GC heap before
{Heap before GC invocations=6 (full 1):
 def new generation   total 629248K, used 161262K [0x00007f24bc600000, 0x00007f24e70c0000, 0x00007f2a11b50000)
  eden space 559360K,  25% used [0x00007f24bc600000, 0x00007f24c52423a8, 0x00007f24de840000)
  from space 69888K,  25% used [0x00007f24e2c80000, 0x00007f24e3db94b0, 0x00007f24e70c0000)
  to   space 69888K,   0% used [0x00007f24de840000, 0x00007f24de840000, 0x00007f24e2c80000)
 tenured generation   total 1398144K, used 275754K [0x00007f2a11b50000, 0x00007f2a670b0000, 0x00007f34bc600000)
   the space 1398144K,  19% used [0x00007f2a11b50000, 0x00007f2a2289aa18, 0x00007f2a2289ac00, 0x00007f2a670b0000)
 Metaspace       used 23236K, capacity 23609K, committed 23808K, reserved 24576K
}
Event: 17.937 GC heap after
{Heap after GC invocations=7 (full 1):
 def new generation   total 629248K, used 1292K [0x00007f24bc600000, 0x00007f24e70c0000, 0x00007f2a11b50000)
  eden space 559360K,   0% used [0x00007f24bc600000, 0x00007f24bc600000, 0x00007f24de840000)
  from space 69888K,   1% used [0x00007f24de840000, 0x00007f24de983188, 0x00007f24e2c80000)
  to   space 69888K,   0% used [0x00007f24e2c80000, 0x00007f24e2c80000, 0x00007f24e70c0000)
 tenured generation   total 1398144K, used 275754K [0x00007f2a11b50000, 0x00007f2a670b0000, 0x00007f34bc600000)
   the space 1398144K,  19% used [0x00007f2a11b50000, 0x00007f2a2289aa18, 0x00007f2a2289ac00, 0x00007f2a670b0000)
 Metaspace       used 23236K, capacity 23609K, committed 23808K, reserved 24576K
}
Event: 17.937 GC heap before
{Heap before GC invocations=7 (full 1):
 def new generation   total 629248K, used 1292K [0x00007f24bc600000, 0x00007f24e70c0000, 0x00007f2a11b50000)
  eden space 559360K,   0% used [0x00007f24bc600000, 0x00007f24bc600000, 0x00007f24de840000)
  from space 69888K,   1% used [0x00007f24de840000, 0x00007f24de983188, 0x00007f24e2c80000)
  to   space 69888K,   0% used [0x00007f24e2c80000, 0x00007f24e2c80000, 0x00007f24e70c0000)
 tenured generation   total 1398144K, used 275754K [0x00007f2a11b50000, 0x00007f2a670b0000, 0x00007f34bc600000)
   the space 1398144K,  19% used [0x00007f2a11b50000, 0x00007f2a2289aa18, 0x00007f2a2289ac00, 0x00007f2a670b0000)
 Metaspace       used 23236K, capacity 23609K, committed 23808K, reserved 24576K
}
Event: 17.971 GC heap after
{Heap after GC invocations=7 (full 2):
 def new generation   total 629248K, used 0K [0x00007f24bc600000, 0x00007f24e70c0000, 0x00007f2a11b50000)
  eden space 559360K,   0% used [0x00007f24bc600000, 0x00007f24bc600000, 0x00007f24de840000)
  from space 69888K,   0% used [0x00007f24de840000, 0x00007f24de840000, 0x00007f24e2c80000)
  to   space 69888K,   0% used [0x00007f24e2c80000, 0x00007f24e2c80000, 0x00007f24e70c0000)
 tenured generation   total 1398144K, used 14865K [0x00007f2a11b50000, 0x00007f2a670b0000, 0x00007f34bc600000)
   the space 1398144K,   1% used [0x00007f2a11b50000, 0x00007f2a129d47a8, 0x00007f2a129d4800, 0x00007f2a670b0000)
 Metaspace       used 23236K, capacity 23609K, committed 23808K, reserved 24576K
}

