# JRE version: OpenJDK Runtime Environment (13.0.7+5) (build 13.0.7+5-Ubuntu-0ubuntu120.04)
# Java VM: OpenJDK 64-Bit Server VM (13.0.7+5-Ubuntu-0ubuntu120.04, mixed mode, tiered, serial gc, linux-amd64)
Heap:
 def new generation   total 4583360K, used 250250K [0x00007fd064600000, 0x00007fd19b340000, 0x00007fd5b9b50000)
  eden space 4074112K,   6% used [0x00007fd064600000, 0x00007fd073a62800, 0x00007fd15d0a0000)
  from space 509248K,   0% used [0x00007fd15d0a0000, 0x00007fd15d0a0000, 0x00007fd17c1f0000)
  to   space 509248K,   0% used [0x00007fd17c1f0000, 0x00007fd17c1f0000, 0x00007fd19b340000)
 tenured generation   total 10746008K, used 10746007K [0x00007fd5b9b50000, 0x00007fd849976000, 0x00007fe064600000)
   the space 10746008K,  99% used [0x00007fd5b9b50000, 0x00007fd849975fe8, 0x00007fd849976000, 0x00007fd849976000)
 Metaspace       used 30346K, capacity 30735K, committed 30976K, reserved 32768K
GC Heap History (20 events):
Event: 144.667 GC heap after
{Heap after GC invocations=76 (full 8):
 def new generation   total 2746816K, used 186782K [0x00007fd064600000, 0x00007fd11ea70000, 0x00007fd5b9b50000)
  eden space 2441664K,   0% used [0x00007fd064600000, 0x00007fd064600000, 0x00007fd0f9670000)
  from space 305152K,  61% used [0x00007fd0f9670000, 0x00007fd104cd7a30, 0x00007fd10c070000)
  to   space 305152K,   0% used [0x00007fd10c070000, 0x00007fd10c070000, 0x00007fd11ea70000)
 tenured generation   total 6103808K, used 5733837K [0x00007fd5b9b50000, 0x00007fd72e410000, 0x00007fe064600000)
   the space 6103808K,  93% used [0x00007fd5b9b50000, 0x00007fd717ac3758, 0x00007fd717ac3800, 0x00007fd72e410000)
 Metaspace       used 30346K, capacity 30735K, committed 30976K, reserved 32768K
}
Event: 145.252 GC heap before
{Heap before GC invocations=76 (full 8):
 def new generation   total 2746816K, used 2628446K [0x00007fd064600000, 0x00007fd11ea70000, 0x00007fd5b9b50000)
  eden space 2441664K, 100% used [0x00007fd064600000, 0x00007fd0f9670000, 0x00007fd0f9670000)
  from space 305152K,  61% used [0x00007fd0f9670000, 0x00007fd104cd7a30, 0x00007fd10c070000)
  to   space 305152K,   0% used [0x00007fd10c070000, 0x00007fd10c070000, 0x00007fd11ea70000)
 tenured generation   total 6103808K, used 5733837K [0x00007fd5b9b50000, 0x00007fd72e410000, 0x00007fe064600000)
   the space 6103808K,  93% used [0x00007fd5b9b50000, 0x00007fd717ac3758, 0x00007fd717ac3800, 0x00007fd72e410000)
 Metaspace       used 30346K, capacity 30735K, committed 30976K, reserved 32768K
}
Event: 145.780 GC heap after
{Heap after GC invocations=77 (full 8):
 def new generation   total 2746816K, used 190312K [0x00007fd064600000, 0x00007fd11ea70000, 0x00007fd5b9b50000)
  eden space 2441664K,   0% used [0x00007fd064600000, 0x00007fd064600000, 0x00007fd0f9670000)
  from space 305152K,  62% used [0x00007fd10c070000, 0x00007fd117a4a388, 0x00007fd11ea70000)
  to   space 305152K,   0% used [0x00007fd0f9670000, 0x00007fd0f9670000, 0x00007fd10c070000)
 tenured generation   total 6103808K, used 5920619K [0x00007fd5b9b50000, 0x00007fd72e410000, 0x00007fe064600000)
   the space 6103808K,  96% used [0x00007fd5b9b50000, 0x00007fd72312ad38, 0x00007fd72312ae00, 0x00007fd72e410000)
 Metaspace       used 30346K, capacity 30735K, committed 30976K, reserved 32768K
}
Event: 146.371 GC heap before
{Heap before GC invocations=77 (full 8):
 def new generation   total 2746816K, used 2631976K [0x00007fd064600000, 0x00007fd11ea70000, 0x00007fd5b9b50000)
  eden space 2441664K, 100% used [0x00007fd064600000, 0x00007fd0f9670000, 0x00007fd0f9670000)
  from space 305152K,  62% used [0x00007fd10c070000, 0x00007fd117a4a388, 0x00007fd11ea70000)
  to   space 305152K,   0% used [0x00007fd0f9670000, 0x00007fd0f9670000, 0x00007fd10c070000)
 tenured generation   total 6103808K, used 5920619K [0x00007fd5b9b50000, 0x00007fd72e410000, 0x00007fe064600000)
   the space 6103808K,  96% used [0x00007fd5b9b50000, 0x00007fd72312ad38, 0x00007fd72312ae00, 0x00007fd72e410000)
 Metaspace       used 30346K, capacity 30735K, committed 30976K, reserved 32768K
}
Event: 146.868 GC heap after
{Heap after GC invocations=78 (full 8):
 def new generation   total 2746816K, used 187464K [0x00007fd064600000, 0x00007fd11ea70000, 0x00007fd5b9b50000)
  eden space 2441664K,   0% used [0x00007fd064600000, 0x00007fd064600000, 0x00007fd0f9670000)
  from space 305152K,  61% used [0x00007fd0f9670000, 0x00007fd104d821c0, 0x00007fd10c070000)
  to   space 305152K,   0% used [0x00007fd10c070000, 0x00007fd10c070000, 0x00007fd11ea70000)
 tenured generation   total 6111104K, used 6110931K [0x00007fd5b9b50000, 0x00007fd72eb30000, 0x00007fe064600000)
   the space 6111104K,  99% used [0x00007fd5b9b50000, 0x00007fd72eb04c60, 0x00007fd72eb04e00, 0x00007fd72eb30000)
 Metaspace       used 30346K, capacity 30735K, committed 30976K, reserved 32768K
}
Event: 146.868 GC heap before
{Heap before GC invocations=78 (full 8):
 def new generation   total 2746816K, used 187464K [0x00007fd064600000, 0x00007fd11ea70000, 0x00007fd5b9b50000)
  eden space 2441664K,   0% used [0x00007fd064600000, 0x00007fd064600000, 0x00007fd0f9670000)
  from space 305152K,  61% used [0x00007fd0f9670000, 0x00007fd104d821c0, 0x00007fd10c070000)
  to   space 305152K,   0% used [0x00007fd10c070000, 0x00007fd10c070000, 0x00007fd11ea70000)
 tenured generation   total 6111104K, used 6110931K [0x00007fd5b9b50000, 0x00007fd72eb30000, 0x00007fe064600000)
   the space 6111104K,  99% used [0x00007fd5b9b50000, 0x00007fd72eb04c60, 0x00007fd72eb04e00, 0x00007fd72eb30000)
 Metaspace       used 30346K, capacity 30735K, committed 30976K, reserved 32768K
}
Event: 155.453 GC heap after
{Heap after GC invocations=78 (full 9):
 def new generation   total 4583360K, used 187291K [0x00007fd064600000, 0x00007fd19b340000, 0x00007fd5b9b50000)
  eden space 4074112K,   4% used [0x00007fd064600000, 0x00007fd06fce6e28, 0x00007fd15d0a0000)
  from space 509248K,   0% used [0x00007fd15d0a0000, 0x00007fd15d0a0000, 0x00007fd17c1f0000)
  to   space 509248K,   0% used [0x00007fd17c1f0000, 0x00007fd17c1f0000, 0x00007fd19b340000)
 tenured generation   total 10185176K, used 6111103K [0x00007fd5b9b50000, 0x00007fd8275c6000, 0x00007fe064600000)
   the space 10185176K,  59% used [0x00007fd5b9b50000, 0x00007fd72eb2fff8, 0x00007fd72eb30000, 0x00007fd8275c6000)
 Metaspace       used 30346K, capacity 30735K, committed 30976K, reserved 32768K
}
Event: 156.788 GC heap before
{Heap before GC invocations=78 (full 9):
 def new generation   total 4583360K, used 4074112K [0x00007fd064600000, 0x00007fd19b340000, 0x00007fd5b9b50000)
  eden space 4074112K, 100% used [0x00007fd064600000, 0x00007fd15d0a0000, 0x00007fd15d0a0000)
  from space 509248K,   0% used [0x00007fd15d0a0000, 0x00007fd15d0a0000, 0x00007fd17c1f0000)
  to   space 509248K,   0% used [0x00007fd17c1f0000, 0x00007fd17c1f0000, 0x00007fd19b340000)
 tenured generation   total 10185176K, used 6111103K [0x00007fd5b9b50000, 0x00007fd8275c6000, 0x00007fe064600000)
   the space 10185176K,  59% used [0x00007fd5b9b50000, 0x00007fd72eb2fff8, 0x00007fd72eb30000, 0x00007fd8275c6000)
 Metaspace       used 30346K, capacity 30735K, committed 30976K, reserved 32768K
}
Event: 159.075 GC heap after
{Heap after GC invocations=79 (full 9):
 def new generation   total 4583360K, used 488621K [0x00007fd064600000, 0x00007fd19b340000, 0x00007fd5b9b50000)
  eden space 4074112K,   0% used [0x00007fd064600000, 0x00007fd064600000, 0x00007fd15d0a0000)
  from space 509248K,  95% used [0x00007fd17c1f0000, 0x00007fd199f1b458, 0x00007fd19b340000)
  to   space 509248K,   0% used [0x00007fd15d0a0000, 0x00007fd15d0a0000, 0x00007fd17c1f0000)
 tenured generation   total 10185176K, used 6111103K [0x00007fd5b9b50000, 0x00007fd8275c6000, 0x00007fe064600000)
   the space 10185176K,  59% used [0x00007fd5b9b50000, 0x00007fd72eb2fff8, 0x00007fd72eb30000, 0x00007fd8275c6000)
 Metaspace       used 30346K, capacity 30735K, committed 30976K, reserved 32768K
}
Event: 172.839 GC heap before
{Heap before GC invocations=79 (full 9):
 def new generation   total 4583360K, used 4562733K [0x00007fd064600000, 0x00007fd19b340000, 0x00007fd5b9b50000)
  eden space 4074112K, 100% used [0x00007fd064600000, 0x00007fd15d0a0000, 0x00007fd15d0a0000)
  from space 509248K,  95% used [0x00007fd17c1f0000, 0x00007fd199f1b458, 0x00007fd19b340000)
  to   space 509248K,   0% used [0x00007fd15d0a0000, 0x00007fd15d0a0000, 0x00007fd17c1f0000)
 tenured generation   total 10185176K, used 6111103K [0x00007fd5b9b50000, 0x00007fd8275c6000, 0x00007fe064600000)
   the space 10185176K,  59% used [0x00007fd5b9b50000, 0x00007fd72eb2fff8, 0x00007fd72eb30000, 0x00007fd8275c6000)
 Metaspace       used 30346K, capacity 30735K, committed 30976K, reserved 32768K
}
Event: 175.280 GC heap after
{Heap after GC invocations=80 (full 9):
 def new generation   total 4583360K, used 509247K [0x00007fd064600000, 0x00007fd19b340000, 0x00007fd5b9b50000)
  eden space 4074112K,   0% used [0x00007fd064600000, 0x00007fd064600000, 0x00007fd15d0a0000)
  from space 509248K,  99% used [0x00007fd15d0a0000, 0x00007fd17c1effe8, 0x00007fd17c1f0000)
  to   space 509248K,   0% used [0x00007fd17c1f0000, 0x00007fd17c1f0000, 0x00007fd19b340000)
 tenured generation   total 10185176K, used 6772414K [0x00007fd5b9b50000, 0x00007fd8275c6000, 0x00007fe064600000)
   the space 10185176K,  66% used [0x00007fd5b9b50000, 0x00007fd7570ffb10, 0x00007fd7570ffc00, 0x00007fd8275c6000)
 Metaspace       used 30346K, capacity 30735K, committed 30976K, reserved 32768K
}
Event: 324.821 GC heap before
{Heap before GC invocations=80 (full 9):
 def new generation   total 4583360K, used 4583359K [0x00007fd064600000, 0x00007fd19b340000, 0x00007fd5b9b50000)
  eden space 4074112K, 100% used [0x00007fd064600000, 0x00007fd15d0a0000, 0x00007fd15d0a0000)
  from space 509248K,  99% used [0x00007fd15d0a0000, 0x00007fd17c1effe8, 0x00007fd17c1f0000)
  to   space 509248K,   0% used [0x00007fd17c1f0000, 0x00007fd17c1f0000, 0x00007fd19b340000)
 tenured generation   total 10185176K, used 6772414K [0x00007fd5b9b50000, 0x00007fd8275c6000, 0x00007fe064600000)
   the space 10185176K,  66% used [0x00007fd5b9b50000, 0x00007fd7570ffb10, 0x00007fd7570ffc00, 0x00007fd8275c6000)
 Metaspace       used 30346K, capacity 30735K, committed 30976K, reserved 32768K
}
Event: 327.158 GC heap after
{Heap after GC invocations=81 (full 9):
 def new generation   total 4583360K, used 509247K [0x00007fd064600000, 0x00007fd19b340000, 0x00007fd5b9b50000)
  eden space 4074112K,   0% used [0x00007fd064600000, 0x00007fd064600000, 0x00007fd15d0a0000)
  from space 509248K,  99% used [0x00007fd17c1f0000, 0x00007fd19b33fff0, 0x00007fd19b340000)
  to   space 509248K,   0% used [0x00007fd15d0a0000, 0x00007fd15d0a0000, 0x00007fd17c1f0000)
 tenured generation   total 10185176K, used 8172863K [0x00007fd5b9b50000, 0x00007fd8275c6000, 0x00007fe064600000)
   the space 10185176K,  80% used [0x00007fd5b9b50000, 0x00007fd7ac89fc38, 0x00007fd7ac89fe00, 0x00007fd8275c6000)
 Metaspace       used 30346K, capacity 30735K, committed 30976K, reserved 32768K
}
Event: 461.469 GC heap before
{Heap before GC invocations=81 (full 9):
 def new generation   total 4583360K, used 4583359K [0x00007fd064600000, 0x00007fd19b340000, 0x00007fd5b9b50000)
  eden space 4074112K, 100% used [0x00007fd064600000, 0x00007fd15d0a0000, 0x00007fd15d0a0000)
  from space 509248K,  99% used [0x00007fd17c1f0000, 0x00007fd19b33fff0, 0x00007fd19b340000)
  to   space 509248K,   0% used [0x00007fd15d0a0000, 0x00007fd15d0a0000, 0x00007fd17c1f0000)
 tenured generation   total 10185176K, used 8172863K [0x00007fd5b9b50000, 0x00007fd8275c6000, 0x00007fe064600000)
   the space 10185176K,  80% used [0x00007fd5b9b50000, 0x00007fd7ac89fc38, 0x00007fd7ac89fe00, 0x00007fd8275c6000)
 Metaspace       used 30346K, capacity 30735K, committed 30976K, reserved 32768K
}
Event: 463.348 GC heap after
{Heap after GC invocations=82 (full 9):
 def new generation   total 4583360K, used 509247K [0x00007fd064600000, 0x00007fd19b340000, 0x00007fd5b9b50000)
  eden space 4074112K,   0% used [0x00007fd064600000, 0x00007fd064600000, 0x00007fd15d0a0000)
  from space 509248K,  99% used [0x00007fd15d0a0000, 0x00007fd17c1efff0, 0x00007fd17c1f0000)
  to   space 509248K,   0% used [0x00007fd17c1f0000, 0x00007fd17c1f0000, 0x00007fd19b340000)
 tenured generation   total 10185176K, used 9030564K [0x00007fd5b9b50000, 0x00007fd8275c6000, 0x00007fe064600000)
   the space 10185176K,  88% used [0x00007fd5b9b50000, 0x00007fd7e0e39298, 0x00007fd7e0e39400, 0x00007fd8275c6000)
 Metaspace       used 30346K, capacity 30735K, committed 30976K, reserved 32768K
}
Event: 598.309 GC heap before
{Heap before GC invocations=82 (full 9):
 def new generation   total 4583360K, used 4583359K [0x00007fd064600000, 0x00007fd19b340000, 0x00007fd5b9b50000)
  eden space 4074112K, 100% used [0x00007fd064600000, 0x00007fd15d0a0000, 0x00007fd15d0a0000)
  from space 509248K,  99% used [0x00007fd15d0a0000, 0x00007fd17c1efff0, 0x00007fd17c1f0000)
  to   space 509248K,   0% used [0x00007fd17c1f0000, 0x00007fd17c1f0000, 0x00007fd19b340000)
 tenured generation   total 10185176K, used 9030564K [0x00007fd5b9b50000, 0x00007fd8275c6000, 0x00007fe064600000)
   the space 10185176K,  88% used [0x00007fd5b9b50000, 0x00007fd7e0e39298, 0x00007fd7e0e39400, 0x00007fd8275c6000)
 Metaspace       used 30346K, capacity 30735K, committed 30976K, reserved 32768K
}
Event: 599.878 GC heap after
{Heap after GC invocations=83 (full 9):
 def new generation   total 4583360K, used 509247K [0x00007fd064600000, 0x00007fd19b340000, 0x00007fd5b9b50000)
  eden space 4074112K,   0% used [0x00007fd064600000, 0x00007fd064600000, 0x00007fd15d0a0000)
  from space 509248K,  99% used [0x00007fd17c1f0000, 0x00007fd19b33fff0, 0x00007fd19b340000)
  to   space 509248K,   0% used [0x00007fd15d0a0000, 0x00007fd15d0a0000, 0x00007fd17c1f0000)
 tenured generation   total 10185176K, used 9888266K [0x00007fd5b9b50000, 0x00007fd8275c6000, 0x00007fe064600000)
   the space 10185176K,  97% used [0x00007fd5b9b50000, 0x00007fd8153d28f8, 0x00007fd8153d2a00, 0x00007fd8275c6000)
 Metaspace       used 30346K, capacity 30735K, committed 30976K, reserved 32768K
}
Event: 715.573 GC heap before
{Heap before GC invocations=83 (full 9):
 def new generation   total 4583360K, used 4583359K [0x00007fd064600000, 0x00007fd19b340000, 0x00007fd5b9b50000)
  eden space 4074112K, 100% used [0x00007fd064600000, 0x00007fd15d0a0000, 0x00007fd15d0a0000)
  from space 509248K,  99% used [0x00007fd17c1f0000, 0x00007fd19b33fff0, 0x00007fd19b340000)
  to   space 509248K,   0% used [0x00007fd15d0a0000, 0x00007fd15d0a0000, 0x00007fd17c1f0000)
 tenured generation   total 10185176K, used 9888266K [0x00007fd5b9b50000, 0x00007fd8275c6000, 0x00007fe064600000)
   the space 10185176K,  97% used [0x00007fd5b9b50000, 0x00007fd8153d28f8, 0x00007fd8153d2a00, 0x00007fd8275c6000)
 Metaspace       used 30346K, capacity 30735K, committed 30976K, reserved 32768K
}
Event: 717.312 GC heap after
{Heap after GC invocations=84 (full 9):
 def new generation   total 4583360K, used 509247K [0x00007fd064600000, 0x00007fd19b340000, 0x00007fd5b9b50000)
  eden space 4074112K,   0% used [0x00007fd064600000, 0x00007fd064600000, 0x00007fd15d0a0000)
  from space 509248K,  99% used [0x00007fd15d0a0000, 0x00007fd17c1efff0, 0x00007fd17c1f0000)
  to   space 509248K,   0% used [0x00007fd17c1f0000, 0x00007fd17c1f0000, 0x00007fd19b340000)
 tenured generation   total 10746008K, used 10745967K [0x00007fd5b9b50000, 0x00007fd849976000, 0x00007fe064600000)
   the space 10746008K,  99% used [0x00007fd5b9b50000, 0x00007fd84996bf78, 0x00007fd84996c000, 0x00007fd849976000)
 Metaspace       used 30346K, capacity 30735K, committed 30976K, reserved 32768K
}
Event: 717.312 GC heap before
{Heap before GC invocations=84 (full 9):
 def new generation   total 4583360K, used 509247K [0x00007fd064600000, 0x00007fd19b340000, 0x00007fd5b9b50000)
  eden space 4074112K,   0% used [0x00007fd064600000, 0x00007fd064600000, 0x00007fd15d0a0000)
  from space 509248K,  99% used [0x00007fd15d0a0000, 0x00007fd17c1efff0, 0x00007fd17c1f0000)
  to   space 509248K,   0% used [0x00007fd17c1f0000, 0x00007fd17c1f0000, 0x00007fd19b340000)
 tenured generation   total 10746008K, used 10745967K [0x00007fd5b9b50000, 0x00007fd849976000, 0x00007fe064600000)
   the space 10746008K,  99% used [0x00007fd5b9b50000, 0x00007fd84996bf78, 0x00007fd84996c000, 0x00007fd849976000)
 Metaspace       used 30346K, capacity 30735K, committed 30976K, reserved 32768K
}

