# JRE version: OpenJDK Runtime Environment (13.0.7+5) (build 13.0.7+5-Ubuntu-0ubuntu120.04)
# Java VM: OpenJDK 64-Bit Server VM (13.0.7+5-Ubuntu-0ubuntu120.04, mixed mode, tiered, serial gc, linux-amd64)
Heap:
 def new generation   total 3550144K, used 2159090K [0x00007f5124600000, 0x00007f5215220000, 0x00007f5679b50000)
  eden space 3155712K,  68% used [0x00007f5124600000, 0x00007f51a827cb28, 0x00007f51e4fc0000)
  from space 394432K,   0% used [0x00007f51fd0f0000, 0x00007f51fd0f00b0, 0x00007f5215220000)
  to   space 394432K,   0% used [0x00007f51e4fc0000, 0x00007f51e4fc0230, 0x00007f51fd0f0000)
 tenured generation   total 7889084K, used 6830601K [0x00007f5679b50000, 0x00007f585b37f000, 0x00007f6124600000)
   the space 7889084K,  86% used [0x00007f5679b50000, 0x00007f581a9d2620, 0x00007f581a9d2800, 0x00007f585b37f000)
 Metaspace       used 23312K, capacity 23687K, committed 23808K, reserved 24576K
GC Heap History (20 events):
Event: 5.565 GC heap after
{Heap after GC invocations=4 (full 1):
 def new generation   total 629248K, used 1461K [0x00007f5124600000, 0x00007f514f0c0000, 0x00007f5679b50000)
  eden space 559360K,   0% used [0x00007f5124600000, 0x00007f5124600000, 0x00007f5146840000)
  from space 69888K,   2% used [0x00007f514ac80000, 0x00007f514aded7c8, 0x00007f514f0c0000)
  to   space 69888K,   0% used [0x00007f5146840000, 0x00007f5146840000, 0x00007f514ac80000)
 tenured generation   total 1398144K, used 13589K [0x00007f5679b50000, 0x00007f56cf0b0000, 0x00007f6124600000)
   the space 1398144K,   0% used [0x00007f5679b50000, 0x00007f567a895688, 0x00007f567a895800, 0x00007f56cf0b0000)
 Metaspace       used 23266K, capacity 23679K, committed 23808K, reserved 24576K
}
Event: 6.153 GC heap before
{Heap before GC invocations=4 (full 1):
 def new generation   total 629248K, used 560821K [0x00007f5124600000, 0x00007f514f0c0000, 0x00007f5679b50000)
  eden space 559360K, 100% used [0x00007f5124600000, 0x00007f5146840000, 0x00007f5146840000)
  from space 69888K,   2% used [0x00007f514ac80000, 0x00007f514aded7c8, 0x00007f514f0c0000)
  to   space 69888K,   0% used [0x00007f5146840000, 0x00007f5146840000, 0x00007f514ac80000)
 tenured generation   total 1398144K, used 13589K [0x00007f5679b50000, 0x00007f56cf0b0000, 0x00007f6124600000)
   the space 1398144K,   0% used [0x00007f5679b50000, 0x00007f567a895688, 0x00007f567a895800, 0x00007f56cf0b0000)
 Metaspace       used 23290K, capacity 23681K, committed 23808K, reserved 24576K
}
Event: 6.156 GC heap after
{Heap after GC invocations=5 (full 1):
 def new generation   total 629248K, used 1304K [0x00007f5124600000, 0x00007f514f0c0000, 0x00007f5679b50000)
  eden space 559360K,   0% used [0x00007f5124600000, 0x00007f5124600000, 0x00007f5146840000)
  from space 69888K,   1% used [0x00007f5146840000, 0x00007f51469861d0, 0x00007f514ac80000)
  to   space 69888K,   0% used [0x00007f514ac80000, 0x00007f514ac80000, 0x00007f514f0c0000)
 tenured generation   total 1398144K, used 13589K [0x00007f5679b50000, 0x00007f56cf0b0000, 0x00007f6124600000)
   the space 1398144K,   0% used [0x00007f5679b50000, 0x00007f567a895688, 0x00007f567a895800, 0x00007f56cf0b0000)
 Metaspace       used 23290K, capacity 23681K, committed 23808K, reserved 24576K
}
Event: 6.887 GC heap before
{Heap before GC invocations=5 (full 1):
 def new generation   total 629248K, used 560664K [0x00007f5124600000, 0x00007f514f0c0000, 0x00007f5679b50000)
  eden space 559360K, 100% used [0x00007f5124600000, 0x00007f5146840000, 0x00007f5146840000)
  from space 69888K,   1% used [0x00007f5146840000, 0x00007f51469861d0, 0x00007f514ac80000)
  to   space 69888K,   0% used [0x00007f514ac80000, 0x00007f514ac80000, 0x00007f514f0c0000)
 tenured generation   total 1398144K, used 13589K [0x00007f5679b50000, 0x00007f56cf0b0000, 0x00007f6124600000)
   the space 1398144K,   0% used [0x00007f5679b50000, 0x00007f567a895688, 0x00007f567a895800, 0x00007f56cf0b0000)
 Metaspace       used 23290K, capacity 23681K, committed 23808K, reserved 24576K
}
Event: 6.890 GC heap after
{Heap after GC invocations=6 (full 1):
 def new generation   total 629248K, used 1597K [0x00007f5124600000, 0x00007f514f0c0000, 0x00007f5679b50000)
  eden space 559360K,   0% used [0x00007f5124600000, 0x00007f5124600000, 0x00007f5146840000)
  from space 69888K,   2% used [0x00007f514ac80000, 0x00007f514ae0f440, 0x00007f514f0c0000)
  to   space 69888K,   0% used [0x00007f5146840000, 0x00007f5146840000, 0x00007f514ac80000)
 tenured generation   total 1398144K, used 13589K [0x00007f5679b50000, 0x00007f56cf0b0000, 0x00007f6124600000)
   the space 1398144K,   0% used [0x00007f5679b50000, 0x00007f567a895688, 0x00007f567a895800, 0x00007f56cf0b0000)
 Metaspace       used 23290K, capacity 23681K, committed 23808K, reserved 24576K
}
Event: 7.366 GC heap before
{Heap before GC invocations=6 (full 1):
 def new generation   total 629248K, used 447903K [0x00007f5124600000, 0x00007f514f0c0000, 0x00007f5679b50000)
  eden space 559360K,  79% used [0x00007f5124600000, 0x00007f513f9d89a0, 0x00007f5146840000)
  from space 69888K,   2% used [0x00007f514ac80000, 0x00007f514ae0f440, 0x00007f514f0c0000)
  to   space 69888K,   0% used [0x00007f5146840000, 0x00007f5146840000, 0x00007f514ac80000)
 tenured generation   total 1398144K, used 13589K [0x00007f5679b50000, 0x00007f56cf0b0000, 0x00007f6124600000)
   the space 1398144K,   0% used [0x00007f5679b50000, 0x00007f567a895688, 0x00007f567a895800, 0x00007f56cf0b0000)
 Metaspace       used 23312K, capacity 23687K, committed 23808K, reserved 24576K
}
Event: 7.378 GC heap after
{Heap after GC invocations=7 (full 1):
 def new generation   total 629248K, used 17651K [0x00007f5124600000, 0x00007f514f0c0000, 0x00007f5679b50000)
  eden space 559360K,   0% used [0x00007f5124600000, 0x00007f5124600000, 0x00007f5146840000)
  from space 69888K,  25% used [0x00007f5146840000, 0x00007f514797cff0, 0x00007f514ac80000)
  to   space 69888K,   0% used [0x00007f514ac80000, 0x00007f514ac80000, 0x00007f514f0c0000)
 tenured generation   total 1398144K, used 13589K [0x00007f5679b50000, 0x00007f56cf0b0000, 0x00007f6124600000)
   the space 1398144K,   0% used [0x00007f5679b50000, 0x00007f567a895688, 0x00007f567a895800, 0x00007f56cf0b0000)
 Metaspace       used 23312K, capacity 23687K, committed 23808K, reserved 24576K
}
Event: 7.875 GC heap before
{Heap before GC invocations=7 (full 1):
 def new generation   total 629248K, used 552991K [0x00007f5124600000, 0x00007f514f0c0000, 0x00007f5679b50000)
  eden space 559360K,  95% used [0x00007f5124600000, 0x00007f51450caca0, 0x00007f5146840000)
  from space 69888K,  25% used [0x00007f5146840000, 0x00007f514797cff0, 0x00007f514ac80000)
  to   space 69888K,   0% used [0x00007f514ac80000, 0x00007f514ac80000, 0x00007f514f0c0000)
 tenured generation   total 1398144K, used 13589K [0x00007f5679b50000, 0x00007f56cf0b0000, 0x00007f6124600000)
   the space 1398144K,   0% used [0x00007f5679b50000, 0x00007f567a895688, 0x00007f567a895800, 0x00007f56cf0b0000)
 Metaspace       used 23312K, capacity 23687K, committed 23808K, reserved 24576K
}
Event: 8.427 GC heap after
{Heap after GC invocations=8 (full 1):
 def new generation   total 629248K, used 1268K [0x00007f5124600000, 0x00007f514f0c0000, 0x00007f5679b50000)
  eden space 559360K,   0% used [0x00007f5124600000, 0x00007f5124600000, 0x00007f5146840000)
  from space 69888K,   1% used [0x00007f514ac80000, 0x00007f514adbd078, 0x00007f514f0c0000)
  to   space 69888K,   0% used [0x00007f5146840000, 0x00007f5146840000, 0x00007f514ac80000)
 tenured generation   total 1398144K, used 537877K [0x00007f5679b50000, 0x00007f56cf0b0000, 0x00007f6124600000)
   the space 1398144K,  38% used [0x00007f5679b50000, 0x00007f569a8956a0, 0x00007f569a895800, 0x00007f56cf0b0000)
 Metaspace       used 23312K, capacity 23687K, committed 23808K, reserved 24576K
}
Event: 8.759 GC heap before
{Heap before GC invocations=8 (full 1):
 def new generation   total 629248K, used 536641K [0x00007f5124600000, 0x00007f514f0c0000, 0x00007f5679b50000)
  eden space 559360K,  95% used [0x00007f5124600000, 0x00007f51450d3758, 0x00007f5146840000)
  from space 69888K,   1% used [0x00007f514ac80000, 0x00007f514adbd078, 0x00007f514f0c0000)
  to   space 69888K,   0% used [0x00007f5146840000, 0x00007f5146840000, 0x00007f514ac80000)
 tenured generation   total 1398144K, used 537877K [0x00007f5679b50000, 0x00007f56cf0b0000, 0x00007f6124600000)
   the space 1398144K,  38% used [0x00007f5679b50000, 0x00007f569a8956a0, 0x00007f569a895800, 0x00007f56cf0b0000)
 Metaspace       used 23312K, capacity 23687K, committed 23808K, reserved 24576K
}
Event: 9.126 GC heap after
{Heap after GC invocations=9 (full 1):
 def new generation   total 629248K, used 1268K [0x00007f5124600000, 0x00007f514f0c0000, 0x00007f5679b50000)
  eden space 559360K,   0% used [0x00007f5124600000, 0x00007f5124600000, 0x00007f5146840000)
  from space 69888K,   1% used [0x00007f5146840000, 0x00007f514697d2f0, 0x00007f514ac80000)
  to   space 69888K,   0% used [0x00007f514ac80000, 0x00007f514ac80000, 0x00007f514f0c0000)
 tenured generation   total 1398144K, used 1062165K [0x00007f5679b50000, 0x00007f56cf0b0000, 0x00007f6124600000)
   the space 1398144K,  75% used [0x00007f5679b50000, 0x00007f56ba8956b8, 0x00007f56ba895800, 0x00007f56cf0b0000)
 Metaspace       used 23312K, capacity 23687K, committed 23808K, reserved 24576K
}
Event: 9.126 GC heap before
{Heap before GC invocations=9 (full 1):
 def new generation   total 629248K, used 1268K [0x00007f5124600000, 0x00007f514f0c0000, 0x00007f5679b50000)
  eden space 559360K,   0% used [0x00007f5124600000, 0x00007f5124600000, 0x00007f5146840000)
  from space 69888K,   1% used [0x00007f5146840000, 0x00007f514697d2f0, 0x00007f514ac80000)
  to   space 69888K,   0% used [0x00007f514ac80000, 0x00007f514ac80000, 0x00007f514f0c0000)
 tenured generation   total 1398144K, used 1062165K [0x00007f5679b50000, 0x00007f56cf0b0000, 0x00007f6124600000)
   the space 1398144K,  75% used [0x00007f5679b50000, 0x00007f56ba8956b8, 0x00007f56ba895800, 0x00007f56cf0b0000)
 Metaspace       used 23312K, capacity 23687K, committed 23808K, reserved 24576K
}
Event: 9.179 GC heap after
{Heap after GC invocations=9 (full 2):
 def new generation   total 797632K, used 0K [0x00007f5124600000, 0x00007f515a770000, 0x00007f5679b50000)
  eden space 709056K,   0% used [0x00007f5124600000, 0x00007f5124600000, 0x00007f514fa70000)
  from space 88576K,   0% used [0x00007f514fa70000, 0x00007f514fa70000, 0x00007f51550f0000)
  to   space 88576K,   0% used [0x00007f51550f0000, 0x00007f51550f0000, 0x00007f515a770000)
 tenured generation   total 1772392K, used 1063434K [0x00007f5679b50000, 0x00007f56e5e2a000, 0x00007f6124600000)
   the space 1772392K,  59% used [0x00007f5679b50000, 0x00007f56ba9d2958, 0x00007f56ba9d2a00, 0x00007f56e5e2a000)
 Metaspace       used 23312K, capacity 23687K, committed 23808K, reserved 24576K
}
Event: 13.814 GC heap before
{Heap before GC invocations=9 (full 2):
 def new generation   total 797632K, used 13995K [0x00007f5124600000, 0x00007f515a770000, 0x00007f5679b50000)
  eden space 709056K,   1% used [0x00007f5124600000, 0x00007f51253aac30, 0x00007f514fa70000)
  from space 88576K,   0% used [0x00007f514fa70000, 0x00007f514fa70000, 0x00007f51550f0000)
  to   space 88576K,   0% used [0x00007f51550f0000, 0x00007f51550f0000, 0x00007f515a770000)
 tenured generation   total 5966700K, used 5257738K [0x00007f5679b50000, 0x00007f57e5e2b000, 0x00007f6124600000)
   the space 5966700K,  88% used [0x00007f5679b50000, 0x00007f57ba9d2970, 0x00007f57ba9d2a00, 0x00007f57e5e2b000)
 Metaspace       used 23312K, capacity 23687K, committed 23808K, reserved 24576K
}
Event: 13.823 GC heap after
{Heap after GC invocations=10 (full 2):
 def new generation   total 797632K, used 0K [0x00007f5124600000, 0x00007f515a770000, 0x00007f5679b50000)
  eden space 709056K,   0% used [0x00007f5124600000, 0x00007f5124600000, 0x00007f514fa70000)
  from space 88576K,   0% used [0x00007f51550f0000, 0x00007f51550f0160, 0x00007f515a770000)
  to   space 88576K,   0% used [0x00007f514fa70000, 0x00007f514fa70000, 0x00007f51550f0000)
 tenured generation   total 5966700K, used 5257738K [0x00007f5679b50000, 0x00007f57e5e2b000, 0x00007f6124600000)
   the space 5966700K,  88% used [0x00007f5679b50000, 0x00007f57ba9d2970, 0x00007f57ba9d2a00, 0x00007f57e5e2b000)
 Metaspace       used 23312K, capacity 23687K, committed 23808K, reserved 24576K
}
Event: 13.823 GC heap before
{Heap before GC invocations=10 (full 2):
 def new generation   total 797632K, used 0K [0x00007f5124600000, 0x00007f515a770000, 0x00007f5679b50000)
  eden space 709056K,   0% used [0x00007f5124600000, 0x00007f5124600000, 0x00007f514fa70000)
  from space 88576K,   0% used [0x00007f51550f0000, 0x00007f51550f0160, 0x00007f515a770000)
  to   space 88576K,   0% used [0x00007f514fa70000, 0x00007f514fa70000, 0x00007f51550f0000)
 tenured generation   total 5966700K, used 5257738K [0x00007f5679b50000, 0x00007f57e5e2b000, 0x00007f6124600000)
   the space 5966700K,  88% used [0x00007f5679b50000, 0x00007f57ba9d2970, 0x00007f57ba9d2a00, 0x00007f57e5e2b000)
 Metaspace       used 23312K, capacity 23687K, committed 23808K, reserved 24576K
}
Event: 16.996 GC heap after
{Heap after GC invocations=10 (full 3):
 def new generation   total 3550144K, used 0K [0x00007f5124600000, 0x00007f5215220000, 0x00007f5679b50000)
  eden space 3155712K,   0% used [0x00007f5124600000, 0x00007f5124600000, 0x00007f51e4fc0000)
  from space 394432K,   0% used [0x00007f51e4fc0000, 0x00007f51e4fc0000, 0x00007f51fd0f0000)
  to   space 394432K,   0% used [0x00007f51fd0f0000, 0x00007f51fd0f0000, 0x00007f5215220000)
 tenured generation   total 7889084K, used 4733449K [0x00007f5679b50000, 0x00007f585b37f000, 0x00007f6124600000)
   the space 7889084K,  59% used [0x00007f5679b50000, 0x00007f579a9d2608, 0x00007f579a9d2800, 0x00007f585b37f000)
 Metaspace       used 23312K, capacity 23687K, committed 23808K, reserved 24576K
}
Event: 29.446 GC heap before
{Heap before GC invocations=10 (full 3):
 def new generation   total 3550144K, used 2159438K [0x00007f5124600000, 0x00007f5215220000, 0x00007f5679b50000)
  eden space 3155712K,  68% used [0x00007f5124600000, 0x00007f51a82d3808, 0x00007f51e4fc0000)
  from space 394432K,   0% used [0x00007f51e4fc0000, 0x00007f51e4fc0000, 0x00007f51fd0f0000)
  to   space 394432K,   0% used [0x00007f51fd0f0000, 0x00007f51fd0f0000, 0x00007f5215220000)
 tenured generation   total 7889084K, used 4733449K [0x00007f5679b50000, 0x00007f585b37f000, 0x00007f6124600000)
   the space 7889084K,  59% used [0x00007f5679b50000, 0x00007f579a9d2608, 0x00007f579a9d2800, 0x00007f585b37f000)
 Metaspace       used 23312K, capacity 23687K, committed 23808K, reserved 24576K
}
Event: 30.948 GC heap after
{Heap after GC invocations=11 (full 3):
 def new generation   total 3550144K, used 0K [0x00007f5124600000, 0x00007f5215220000, 0x00007f5679b50000)
  eden space 3155712K,   0% used [0x00007f5124600000, 0x00007f5124600000, 0x00007f51e4fc0000)
  from space 394432K,   0% used [0x00007f51fd0f0000, 0x00007f51fd0f00b0, 0x00007f5215220000)
  to   space 394432K,   0% used [0x00007f51e4fc0000, 0x00007f51e4fc0000, 0x00007f51fd0f0000)
 tenured generation   total 7889084K, used 6830601K [0x00007f5679b50000, 0x00007f585b37f000, 0x00007f6124600000)
   the space 7889084K,  86% used [0x00007f5679b50000, 0x00007f581a9d2620, 0x00007f581a9d2800, 0x00007f585b37f000)
 Metaspace       used 23312K, capacity 23687K, committed 23808K, reserved 24576K
}
Event: 33.134 GC heap before
{Heap before GC invocations=11 (full 3):
 def new generation   total 3550144K, used 2159090K [0x00007f5124600000, 0x00007f5215220000, 0x00007f5679b50000)
  eden space 3155712K,  68% used [0x00007f5124600000, 0x00007f51a827cb28, 0x00007f51e4fc0000)
  from space 394432K,   0% used [0x00007f51fd0f0000, 0x00007f51fd0f00b0, 0x00007f5215220000)
  to   space 394432K,   0% used [0x00007f51e4fc0000, 0x00007f51e4fc0000, 0x00007f51fd0f0000)
 tenured generation   total 7889084K, used 6830601K [0x00007f5679b50000, 0x00007f585b37f000, 0x00007f6124600000)
   the space 7889084K,  86% used [0x00007f5679b50000, 0x00007f581a9d2620, 0x00007f581a9d2800, 0x00007f585b37f000)
 Metaspace       used 23312K, capacity 23687K, committed 23808K, reserved 24576K
}

