# JRE version: OpenJDK Runtime Environment (13.0.7+5) (build 13.0.7+5-Ubuntu-0ubuntu120.04)
# Java VM: OpenJDK 64-Bit Server VM (13.0.7+5-Ubuntu-0ubuntu120.04, mixed mode, tiered, serial gc, linux-amd64)
Heap:
 def new generation   total 4485760K, used 0K [0x00007f71b8600000, 0x00007f72e8950000, 0x00007f770db50000)
  eden space 3987392K,   0% used [0x00007f71b8600000, 0x00007f71b8600000, 0x00007f72abbf0000)
  from space 498368K,   0% used [0x00007f72abbf0000, 0x00007f72abbf0000, 0x00007f72ca2a0000)
  to   space 498368K,   0% used [0x00007f72ca2a0000, 0x00007f72ca2a0000, 0x00007f72e8950000)
 tenured generation   total 10145268K, used 9810390K [0x00007f770db50000, 0x00007f7978ecd000, 0x00007f81b8600000)
   the space 10145268K,  96% used [0x00007f770db50000, 0x00007f79647c5b10, 0x00007f79647c5c00, 0x00007f7978ecd000)
 Metaspace       used 30473K, capacity 30864K, committed 31232K, reserved 32768K
GC Heap History (20 events):
Event: 506.889 GC heap after
{Heap after GC invocations=75 (full 5):
 def new generation   total 4485760K, used 317165K [0x00007f71b8600000, 0x00007f72e8950000, 0x00007f770db50000)
  eden space 3987392K,   0% used [0x00007f71b8600000, 0x00007f71b8600000, 0x00007f72abbf0000)
  from space 498368K,  63% used [0x00007f72ca2a0000, 0x00007f72dd85b4f0, 0x00007f72e8950000)
  to   space 498368K,   0% used [0x00007f72abbf0000, 0x00007f72abbf0000, 0x00007f72ca2a0000)
 tenured generation   total 9968244K, used 7254317K [0x00007f770db50000, 0x00007f796e1ed000, 0x00007f81b8600000)
   the space 9968244K,  72% used [0x00007f770db50000, 0x00007f78c879b730, 0x00007f78c879b800, 0x00007f796e1ed000)
 Metaspace       used 30473K, capacity 30864K, committed 31232K, reserved 32768K
}
Event: 507.987 GC heap before
{Heap before GC invocations=75 (full 5):
 def new generation   total 4485760K, used 4304557K [0x00007f71b8600000, 0x00007f72e8950000, 0x00007f770db50000)
  eden space 3987392K, 100% used [0x00007f71b8600000, 0x00007f72abbf0000, 0x00007f72abbf0000)
  from space 498368K,  63% used [0x00007f72ca2a0000, 0x00007f72dd85b4f0, 0x00007f72e8950000)
  to   space 498368K,   0% used [0x00007f72abbf0000, 0x00007f72abbf0000, 0x00007f72ca2a0000)
 tenured generation   total 9968244K, used 7254317K [0x00007f770db50000, 0x00007f796e1ed000, 0x00007f81b8600000)
   the space 9968244K,  72% used [0x00007f770db50000, 0x00007f78c879b730, 0x00007f78c879b800, 0x00007f796e1ed000)
 Metaspace       used 30473K, capacity 30864K, committed 31232K, reserved 32768K
}
Event: 508.908 GC heap after
{Heap after GC invocations=76 (full 5):
 def new generation   total 4485760K, used 314926K [0x00007f71b8600000, 0x00007f72e8950000, 0x00007f770db50000)
  eden space 3987392K,   0% used [0x00007f71b8600000, 0x00007f71b8600000, 0x00007f72abbf0000)
  from space 498368K,  63% used [0x00007f72abbf0000, 0x00007f72bef7bb40, 0x00007f72ca2a0000)
  to   space 498368K,   0% used [0x00007f72ca2a0000, 0x00007f72ca2a0000, 0x00007f72e8950000)
 tenured generation   total 9968244K, used 7571482K [0x00007f770db50000, 0x00007f796e1ed000, 0x00007f81b8600000)
   the space 9968244K,  75% used [0x00007f770db50000, 0x00007f78dbd56be0, 0x00007f78dbd56c00, 0x00007f796e1ed000)
 Metaspace       used 30473K, capacity 30864K, committed 31232K, reserved 32768K
}
Event: 510.026 GC heap before
{Heap before GC invocations=76 (full 5):
 def new generation   total 4485760K, used 4302318K [0x00007f71b8600000, 0x00007f72e8950000, 0x00007f770db50000)
  eden space 3987392K, 100% used [0x00007f71b8600000, 0x00007f72abbf0000, 0x00007f72abbf0000)
  from space 498368K,  63% used [0x00007f72abbf0000, 0x00007f72bef7bb40, 0x00007f72ca2a0000)
  to   space 498368K,   0% used [0x00007f72ca2a0000, 0x00007f72ca2a0000, 0x00007f72e8950000)
 tenured generation   total 9968244K, used 7571482K [0x00007f770db50000, 0x00007f796e1ed000, 0x00007f81b8600000)
   the space 9968244K,  75% used [0x00007f770db50000, 0x00007f78dbd56be0, 0x00007f78dbd56c00, 0x00007f796e1ed000)
 Metaspace       used 30473K, capacity 30864K, committed 31232K, reserved 32768K
}
Event: 510.957 GC heap after
{Heap after GC invocations=77 (full 5):
 def new generation   total 4485760K, used 310286K [0x00007f71b8600000, 0x00007f72e8950000, 0x00007f770db50000)
  eden space 3987392K,   0% used [0x00007f71b8600000, 0x00007f71b8600000, 0x00007f72abbf0000)
  from space 498368K,  62% used [0x00007f72ca2a0000, 0x00007f72dd1a3a60, 0x00007f72e8950000)
  to   space 498368K,   0% used [0x00007f72abbf0000, 0x00007f72abbf0000, 0x00007f72ca2a0000)
 tenured generation   total 9968244K, used 7886409K [0x00007f770db50000, 0x00007f796e1ed000, 0x00007f81b8600000)
   the space 9968244K,  79% used [0x00007f770db50000, 0x00007f78ef0e2530, 0x00007f78ef0e2600, 0x00007f796e1ed000)
 Metaspace       used 30473K, capacity 30864K, committed 31232K, reserved 32768K
}
Event: 512.232 GC heap before
{Heap before GC invocations=77 (full 5):
 def new generation   total 4485760K, used 4297678K [0x00007f71b8600000, 0x00007f72e8950000, 0x00007f770db50000)
  eden space 3987392K, 100% used [0x00007f71b8600000, 0x00007f72abbf0000, 0x00007f72abbf0000)
  from space 498368K,  62% used [0x00007f72ca2a0000, 0x00007f72dd1a3a60, 0x00007f72e8950000)
  to   space 498368K,   0% used [0x00007f72abbf0000, 0x00007f72abbf0000, 0x00007f72ca2a0000)
 tenured generation   total 9968244K, used 7886409K [0x00007f770db50000, 0x00007f796e1ed000, 0x00007f81b8600000)
   the space 9968244K,  79% used [0x00007f770db50000, 0x00007f78ef0e2530, 0x00007f78ef0e2600, 0x00007f796e1ed000)
 Metaspace       used 30473K, capacity 30864K, committed 31232K, reserved 32768K
}
Event: 513.127 GC heap after
{Heap after GC invocations=78 (full 5):
 def new generation   total 4485760K, used 314351K [0x00007f71b8600000, 0x00007f72e8950000, 0x00007f770db50000)
  eden space 3987392K,   0% used [0x00007f71b8600000, 0x00007f71b8600000, 0x00007f72abbf0000)
  from space 498368K,  63% used [0x00007f72abbf0000, 0x00007f72beeebf10, 0x00007f72ca2a0000)
  to   space 498368K,   0% used [0x00007f72ca2a0000, 0x00007f72ca2a0000, 0x00007f72e8950000)
 tenured generation   total 9968244K, used 8196695K [0x00007f770db50000, 0x00007f796e1ed000, 0x00007f81b8600000)
   the space 9968244K,  82% used [0x00007f770db50000, 0x00007f7901fe5e90, 0x00007f7901fe6000, 0x00007f796e1ed000)
 Metaspace       used 30473K, capacity 30864K, committed 31232K, reserved 32768K
}
Event: 514.238 GC heap before
{Heap before GC invocations=78 (full 5):
 def new generation   total 4485760K, used 4301743K [0x00007f71b8600000, 0x00007f72e8950000, 0x00007f770db50000)
  eden space 3987392K, 100% used [0x00007f71b8600000, 0x00007f72abbf0000, 0x00007f72abbf0000)
  from space 498368K,  63% used [0x00007f72abbf0000, 0x00007f72beeebf10, 0x00007f72ca2a0000)
  to   space 498368K,   0% used [0x00007f72ca2a0000, 0x00007f72ca2a0000, 0x00007f72e8950000)
 tenured generation   total 9968244K, used 8196695K [0x00007f770db50000, 0x00007f796e1ed000, 0x00007f81b8600000)
   the space 9968244K,  82% used [0x00007f770db50000, 0x00007f7901fe5e90, 0x00007f7901fe6000, 0x00007f796e1ed000)
 Metaspace       used 30473K, capacity 30864K, committed 31232K, reserved 32768K
}
Event: 515.183 GC heap after
{Heap after GC invocations=79 (full 5):
 def new generation   total 4485760K, used 309951K [0x00007f71b8600000, 0x00007f72e8950000, 0x00007f770db50000)
  eden space 3987392K,   0% used [0x00007f71b8600000, 0x00007f71b8600000, 0x00007f72abbf0000)
  from space 498368K,  62% used [0x00007f72ca2a0000, 0x00007f72dd14fc80, 0x00007f72e8950000)
  to   space 498368K,   0% used [0x00007f72abbf0000, 0x00007f72abbf0000, 0x00007f72ca2a0000)
 tenured generation   total 9968244K, used 8511046K [0x00007f770db50000, 0x00007f796e1ed000, 0x00007f81b8600000)
   the space 9968244K,  85% used [0x00007f770db50000, 0x00007f79152e1b60, 0x00007f79152e1c00, 0x00007f796e1ed000)
 Metaspace       used 30473K, capacity 30864K, committed 31232K, reserved 32768K
}
Event: 516.277 GC heap before
{Heap before GC invocations=79 (full 5):
 def new generation   total 4485760K, used 4297343K [0x00007f71b8600000, 0x00007f72e8950000, 0x00007f770db50000)
  eden space 3987392K, 100% used [0x00007f71b8600000, 0x00007f72abbf0000, 0x00007f72abbf0000)
  from space 498368K,  62% used [0x00007f72ca2a0000, 0x00007f72dd14fc80, 0x00007f72e8950000)
  to   space 498368K,   0% used [0x00007f72abbf0000, 0x00007f72abbf0000, 0x00007f72ca2a0000)
 tenured generation   total 9968244K, used 8511046K [0x00007f770db50000, 0x00007f796e1ed000, 0x00007f81b8600000)
   the space 9968244K,  85% used [0x00007f770db50000, 0x00007f79152e1b60, 0x00007f79152e1c00, 0x00007f796e1ed000)
 Metaspace       used 30473K, capacity 30864K, committed 31232K, reserved 32768K
}
Event: 517.203 GC heap after
{Heap after GC invocations=80 (full 5):
 def new generation   total 4485760K, used 312462K [0x00007f71b8600000, 0x00007f72e8950000, 0x00007f770db50000)
  eden space 3987392K,   0% used [0x00007f71b8600000, 0x00007f71b8600000, 0x00007f72abbf0000)
  from space 498368K,  62% used [0x00007f72abbf0000, 0x00007f72bed13bb0, 0x00007f72ca2a0000)
  to   space 498368K,   0% used [0x00007f72ca2a0000, 0x00007f72ca2a0000, 0x00007f72e8950000)
 tenured generation   total 9968244K, used 8820997K [0x00007f770db50000, 0x00007f796e1ed000, 0x00007f81b8600000)
   the space 9968244K,  88% used [0x00007f770db50000, 0x00007f79281915f0, 0x00007f7928191600, 0x00007f796e1ed000)
 Metaspace       used 30473K, capacity 30864K, committed 31232K, reserved 32768K
}
Event: 518.343 GC heap before
{Heap before GC invocations=80 (full 5):
 def new generation   total 4485760K, used 4299854K [0x00007f71b8600000, 0x00007f72e8950000, 0x00007f770db50000)
  eden space 3987392K, 100% used [0x00007f71b8600000, 0x00007f72abbf0000, 0x00007f72abbf0000)
  from space 498368K,  62% used [0x00007f72abbf0000, 0x00007f72bed13bb0, 0x00007f72ca2a0000)
  to   space 498368K,   0% used [0x00007f72ca2a0000, 0x00007f72ca2a0000, 0x00007f72e8950000)
 tenured generation   total 9968244K, used 8820997K [0x00007f770db50000, 0x00007f796e1ed000, 0x00007f81b8600000)
   the space 9968244K,  88% used [0x00007f770db50000, 0x00007f79281915f0, 0x00007f7928191600, 0x00007f796e1ed000)
 Metaspace       used 30473K, capacity 30864K, committed 31232K, reserved 32768K
}
Event: 519.296 GC heap after
{Heap after GC invocations=81 (full 5):
 def new generation   total 4485760K, used 313612K [0x00007f71b8600000, 0x00007f72e8950000, 0x00007f770db50000)
  eden space 3987392K,   0% used [0x00007f71b8600000, 0x00007f71b8600000, 0x00007f72abbf0000)
  from space 498368K,  62% used [0x00007f72ca2a0000, 0x00007f72dd4e3210, 0x00007f72e8950000)
  to   space 498368K,   0% used [0x00007f72abbf0000, 0x00007f72abbf0000, 0x00007f72ca2a0000)
 tenured generation   total 9968244K, used 9133460K [0x00007f770db50000, 0x00007f796e1ed000, 0x00007f81b8600000)
   the space 9968244K,  91% used [0x00007f770db50000, 0x00007f793b2b5000, 0x00007f793b2b5000, 0x00007f796e1ed000)
 Metaspace       used 30473K, capacity 30864K, committed 31232K, reserved 32768K
}
Event: 520.622 GC heap before
{Heap before GC invocations=81 (full 5):
 def new generation   total 4485760K, used 4301004K [0x00007f71b8600000, 0x00007f72e8950000, 0x00007f770db50000)
  eden space 3987392K, 100% used [0x00007f71b8600000, 0x00007f72abbf0000, 0x00007f72abbf0000)
  from space 498368K,  62% used [0x00007f72ca2a0000, 0x00007f72dd4e3210, 0x00007f72e8950000)
  to   space 498368K,   0% used [0x00007f72abbf0000, 0x00007f72abbf0000, 0x00007f72ca2a0000)
 tenured generation   total 9968244K, used 9133460K [0x00007f770db50000, 0x00007f796e1ed000, 0x00007f81b8600000)
   the space 9968244K,  91% used [0x00007f770db50000, 0x00007f793b2b5000, 0x00007f793b2b5000, 0x00007f796e1ed000)
 Metaspace       used 30473K, capacity 30864K, committed 31232K, reserved 32768K
}
Event: 521.571 GC heap after
{Heap after GC invocations=82 (full 5):
 def new generation   total 4485760K, used 329065K [0x00007f71b8600000, 0x00007f72e8950000, 0x00007f770db50000)
  eden space 3987392K,   0% used [0x00007f71b8600000, 0x00007f71b8600000, 0x00007f72abbf0000)
  from space 498368K,  66% used [0x00007f72abbf0000, 0x00007f72bfd4a720, 0x00007f72ca2a0000)
  to   space 498368K,   0% used [0x00007f72ca2a0000, 0x00007f72ca2a0000, 0x00007f72e8950000)
 tenured generation   total 9968244K, used 9447072K [0x00007f770db50000, 0x00007f796e1ed000, 0x00007f81b8600000)
   the space 9968244K,  94% used [0x00007f770db50000, 0x00007f794e4f8070, 0x00007f794e4f8200, 0x00007f796e1ed000)
 Metaspace       used 30473K, capacity 30864K, committed 31232K, reserved 32768K
}
Event: 522.762 GC heap before
{Heap before GC invocations=82 (full 5):
 def new generation   total 4485760K, used 4316457K [0x00007f71b8600000, 0x00007f72e8950000, 0x00007f770db50000)
  eden space 3987392K, 100% used [0x00007f71b8600000, 0x00007f72abbf0000, 0x00007f72abbf0000)
  from space 498368K,  66% used [0x00007f72abbf0000, 0x00007f72bfd4a720, 0x00007f72ca2a0000)
  to   space 498368K,   0% used [0x00007f72ca2a0000, 0x00007f72ca2a0000, 0x00007f72e8950000)
 tenured generation   total 9968244K, used 9447072K [0x00007f770db50000, 0x00007f796e1ed000, 0x00007f81b8600000)
   the space 9968244K,  94% used [0x00007f770db50000, 0x00007f794e4f8070, 0x00007f794e4f8200, 0x00007f796e1ed000)
 Metaspace       used 30473K, capacity 30864K, committed 31232K, reserved 32768K
}
Event: 523.810 GC heap after
{Heap after GC invocations=83 (full 5):
 def new generation   total 4485760K, used 369053K [0x00007f71b8600000, 0x00007f72e8950000, 0x00007f770db50000)
  eden space 3987392K,   0% used [0x00007f71b8600000, 0x00007f71b8600000, 0x00007f72abbf0000)
  from space 498368K,  74% used [0x00007f72ca2a0000, 0x00007f72e0b074c0, 0x00007f72e8950000)
  to   space 498368K,   0% used [0x00007f72abbf0000, 0x00007f72abbf0000, 0x00007f72ca2a0000)
 tenured generation   total 9968244K, used 9776137K [0x00007f770db50000, 0x00007f796e1ed000, 0x00007f81b8600000)
   the space 9968244K,  98% used [0x00007f770db50000, 0x00007f7962652630, 0x00007f7962652800, 0x00007f796e1ed000)
 Metaspace       used 30473K, capacity 30864K, committed 31232K, reserved 32768K
}
Event: 524.939 GC heap before
{Heap before GC invocations=83 (full 5):
 def new generation   total 4485760K, used 4356445K [0x00007f71b8600000, 0x00007f72e8950000, 0x00007f770db50000)
  eden space 3987392K, 100% used [0x00007f71b8600000, 0x00007f72abbf0000, 0x00007f72abbf0000)
  from space 498368K,  74% used [0x00007f72ca2a0000, 0x00007f72e0b074c0, 0x00007f72e8950000)
  to   space 498368K,   0% used [0x00007f72abbf0000, 0x00007f72abbf0000, 0x00007f72ca2a0000)
 tenured generation   total 9968244K, used 9776137K [0x00007f770db50000, 0x00007f796e1ed000, 0x00007f81b8600000)
   the space 9968244K,  98% used [0x00007f770db50000, 0x00007f7962652630, 0x00007f7962652800, 0x00007f796e1ed000)
 Metaspace       used 30473K, capacity 30864K, committed 31232K, reserved 32768K
}
Event: 525.951 GC heap after
{Heap after GC invocations=84 (full 5):
 def new generation   total 4485760K, used 326303K [0x00007f71b8600000, 0x00007f72e8950000, 0x00007f770db50000)
  eden space 3987392K,   0% used [0x00007f71b8600000, 0x00007f71b8600000, 0x00007f72abbf0000)
  from space 498368K,  65% used [0x00007f72abbf0000, 0x00007f72bfa97d90, 0x00007f72ca2a0000)
  to   space 498368K,   0% used [0x00007f72ca2a0000, 0x00007f72ca2a0000, 0x00007f72e8950000)
 tenured generation   total 10145268K, used 10145190K [0x00007f770db50000, 0x00007f7978ecd000, 0x00007f81b8600000)
   the space 10145268K,  99% used [0x00007f770db50000, 0x00007f7978eb9800, 0x00007f7978eb9800, 0x00007f7978ecd000)
 Metaspace       used 30473K, capacity 30864K, committed 31232K, reserved 32768K
}
Event: 525.951 GC heap before
{Heap before GC invocations=84 (full 5):
 def new generation   total 4485760K, used 326303K [0x00007f71b8600000, 0x00007f72e8950000, 0x00007f770db50000)
  eden space 3987392K,   0% used [0x00007f71b8600000, 0x00007f71b8600000, 0x00007f72abbf0000)
  from space 498368K,  65% used [0x00007f72abbf0000, 0x00007f72bfa97d90, 0x00007f72ca2a0000)
  to   space 498368K,   0% used [0x00007f72ca2a0000, 0x00007f72ca2a0000, 0x00007f72e8950000)
 tenured generation   total 10145268K, used 10145190K [0x00007f770db50000, 0x00007f7978ecd000, 0x00007f81b8600000)
   the space 10145268K,  99% used [0x00007f770db50000, 0x00007f7978eb9800, 0x00007f7978eb9800, 0x00007f7978ecd000)
 Metaspace       used 30473K, capacity 30864K, committed 31232K, reserved 32768K
}

