# JRE version: OpenJDK Runtime Environment (13.0.7+5) (build 13.0.7+5-Ubuntu-0ubuntu120.04)
# Java VM: OpenJDK 64-Bit Server VM (13.0.7+5-Ubuntu-0ubuntu120.04, mixed mode, tiered, serial gc, linux-amd64)
Heap:
 def new generation   total 1748160K, used 0K [0x00007f711c600000, 0x00007f7192ed0000, 0x00007f7671b50000)
  eden space 1553984K,   0% used [0x00007f711c600000, 0x00007f711c600000, 0x00007f717b390000)
  from space 194176K,   0% used [0x00007f717b390000, 0x00007f717b390000, 0x00007f7187130000)
  to   space 194176K,   0% used [0x00007f7187130000, 0x00007f7187130000, 0x00007f7192ed0000)
 tenured generation   total 3884972K, used 3855322K [0x00007f7671b50000, 0x00007f775ed3b000, 0x00007f811c600000)
   the space 3884972K,  99% used [0x00007f7671b50000, 0x00007f775d046aa8, 0x00007f775d046c00, 0x00007f775ed3b000)
 Metaspace       used 24227K, capacity 24593K, committed 24832K, reserved 26624K
GC Heap History (20 events):
Event: 12035.567 GC heap after
{Heap after GC invocations=18187 (full 3):
 def new generation   total 1748160K, used 5732K [0x00007f711c600000, 0x00007f7192ed0000, 0x00007f7671b50000)
  eden space 1553984K,   0% used [0x00007f711c600000, 0x00007f711c600000, 0x00007f717b390000)
  from space 194176K,   2% used [0x00007f7187130000, 0x00007f71876c93a8, 0x00007f7192ed0000)
  to   space 194176K,   0% used [0x00007f717b390000, 0x00007f717b390000, 0x00007f7187130000)
 tenured generation   total 3884588K, used 3881413K [0x00007f7671b50000, 0x00007f775ecdb000, 0x00007f811c600000)
   the space 3884588K,  99% used [0x00007f7671b50000, 0x00007f775e9c1470, 0x00007f775e9c1600, 0x00007f775ecdb000)
 Metaspace       used 24227K, capacity 24593K, committed 24832K, reserved 26624K
}
Event: 12036.626 GC heap before
{Heap before GC invocations=18187 (full 3):
 def new generation   total 1748160K, used 1559716K [0x00007f711c600000, 0x00007f7192ed0000, 0x00007f7671b50000)
  eden space 1553984K, 100% used [0x00007f711c600000, 0x00007f717b390000, 0x00007f717b390000)
  from space 194176K,   2% used [0x00007f7187130000, 0x00007f71876c93a8, 0x00007f7192ed0000)
  to   space 194176K,   0% used [0x00007f717b390000, 0x00007f717b390000, 0x00007f7187130000)
 tenured generation   total 3884588K, used 3881413K [0x00007f7671b50000, 0x00007f775ecdb000, 0x00007f811c600000)
   the space 3884588K,  99% used [0x00007f7671b50000, 0x00007f775e9c1470, 0x00007f775e9c1600, 0x00007f775ecdb000)
 Metaspace       used 24227K, capacity 24593K, committed 24832K, reserved 26624K
}
Event: 12036.634 GC heap after
{Heap after GC invocations=18188 (full 3):
 def new generation   total 1748160K, used 5741K [0x00007f711c600000, 0x00007f7192ed0000, 0x00007f7671b50000)
  eden space 1553984K,   0% used [0x00007f711c600000, 0x00007f711c600000, 0x00007f717b390000)
  from space 194176K,   2% used [0x00007f717b390000, 0x00007f717b92b500, 0x00007f7187130000)
  to   space 194176K,   0% used [0x00007f7187130000, 0x00007f7187130000, 0x00007f7192ed0000)
 tenured generation   total 3884588K, used 3881794K [0x00007f7671b50000, 0x00007f775ecdb000, 0x00007f811c600000)
   the space 3884588K,  99% used [0x00007f7671b50000, 0x00007f775ea20a38, 0x00007f775ea20c00, 0x00007f775ecdb000)
 Metaspace       used 24227K, capacity 24593K, committed 24832K, reserved 26624K
}
Event: 12037.781 GC heap before
{Heap before GC invocations=18188 (full 3):
 def new generation   total 1748160K, used 1559725K [0x00007f711c600000, 0x00007f7192ed0000, 0x00007f7671b50000)
  eden space 1553984K, 100% used [0x00007f711c600000, 0x00007f717b390000, 0x00007f717b390000)
  from space 194176K,   2% used [0x00007f717b390000, 0x00007f717b92b500, 0x00007f7187130000)
  to   space 194176K,   0% used [0x00007f7187130000, 0x00007f7187130000, 0x00007f7192ed0000)
 tenured generation   total 3884588K, used 3881794K [0x00007f7671b50000, 0x00007f775ecdb000, 0x00007f811c600000)
   the space 3884588K,  99% used [0x00007f7671b50000, 0x00007f775ea20a38, 0x00007f775ea20c00, 0x00007f775ecdb000)
 Metaspace       used 24227K, capacity 24593K, committed 24832K, reserved 26624K
}
Event: 12037.792 GC heap after
{Heap after GC invocations=18189 (full 3):
 def new generation   total 1748160K, used 5746K [0x00007f711c600000, 0x00007f7192ed0000, 0x00007f7671b50000)
  eden space 1553984K,   0% used [0x00007f711c600000, 0x00007f711c600000, 0x00007f717b390000)
  from space 194176K,   2% used [0x00007f7187130000, 0x00007f71876cc948, 0x00007f7192ed0000)
  to   space 194176K,   0% used [0x00007f717b390000, 0x00007f717b390000, 0x00007f7187130000)
 tenured generation   total 3884588K, used 3882176K [0x00007f7671b50000, 0x00007f775ecdb000, 0x00007f811c600000)
   the space 3884588K,  99% used [0x00007f7671b50000, 0x00007f775ea80000, 0x00007f775ea80000, 0x00007f775ecdb000)
 Metaspace       used 24227K, capacity 24593K, committed 24832K, reserved 26624K
}
Event: 12038.844 GC heap before
{Heap before GC invocations=18189 (full 3):
 def new generation   total 1748160K, used 1559730K [0x00007f711c600000, 0x00007f7192ed0000, 0x00007f7671b50000)
  eden space 1553984K, 100% used [0x00007f711c600000, 0x00007f717b390000, 0x00007f717b390000)
  from space 194176K,   2% used [0x00007f7187130000, 0x00007f71876cc948, 0x00007f7192ed0000)
  to   space 194176K,   0% used [0x00007f717b390000, 0x00007f717b390000, 0x00007f7187130000)
 tenured generation   total 3884588K, used 3882176K [0x00007f7671b50000, 0x00007f775ecdb000, 0x00007f811c600000)
   the space 3884588K,  99% used [0x00007f7671b50000, 0x00007f775ea80000, 0x00007f775ea80000, 0x00007f775ecdb000)
 Metaspace       used 24227K, capacity 24593K, committed 24832K, reserved 26624K
}
Event: 12038.853 GC heap after
{Heap after GC invocations=18190 (full 3):
 def new generation   total 1748160K, used 5736K [0x00007f711c600000, 0x00007f7192ed0000, 0x00007f7671b50000)
  eden space 1553984K,   0% used [0x00007f711c600000, 0x00007f711c600000, 0x00007f717b390000)
  from space 194176K,   2% used [0x00007f717b390000, 0x00007f717b92a1f0, 0x00007f7187130000)
  to   space 194176K,   0% used [0x00007f7187130000, 0x00007f7187130000, 0x00007f7192ed0000)
 tenured generation   total 3884588K, used 3882575K [0x00007f7671b50000, 0x00007f775ecdb000, 0x00007f811c600000)
   the space 3884588K,  99% used [0x00007f7671b50000, 0x00007f775eae3e70, 0x00007f775eae4000, 0x00007f775ecdb000)
 Metaspace       used 24227K, capacity 24593K, committed 24832K, reserved 26624K
}
Event: 12039.897 GC heap before
{Heap before GC invocations=18190 (full 3):
 def new generation   total 1748160K, used 1559720K [0x00007f711c600000, 0x00007f7192ed0000, 0x00007f7671b50000)
  eden space 1553984K, 100% used [0x00007f711c600000, 0x00007f717b390000, 0x00007f717b390000)
  from space 194176K,   2% used [0x00007f717b390000, 0x00007f717b92a1f0, 0x00007f7187130000)
  to   space 194176K,   0% used [0x00007f7187130000, 0x00007f7187130000, 0x00007f7192ed0000)
 tenured generation   total 3884588K, used 3882575K [0x00007f7671b50000, 0x00007f775ecdb000, 0x00007f811c600000)
   the space 3884588K,  99% used [0x00007f7671b50000, 0x00007f775eae3e70, 0x00007f775eae4000, 0x00007f775ecdb000)
 Metaspace       used 24227K, capacity 24593K, committed 24832K, reserved 26624K
}
Event: 12039.908 GC heap after
{Heap after GC invocations=18191 (full 3):
 def new generation   total 1748160K, used 5731K [0x00007f711c600000, 0x00007f7192ed0000, 0x00007f7671b50000)
  eden space 1553984K,   0% used [0x00007f711c600000, 0x00007f711c600000, 0x00007f717b390000)
  from space 194176K,   2% used [0x00007f7187130000, 0x00007f71876c8d60, 0x00007f7192ed0000)
  to   space 194176K,   0% used [0x00007f717b390000, 0x00007f717b390000, 0x00007f7187130000)
 tenured generation   total 3884588K, used 3882957K [0x00007f7671b50000, 0x00007f775ecdb000, 0x00007f811c600000)
   the space 3884588K,  99% used [0x00007f7671b50000, 0x00007f775eb43438, 0x00007f775eb43600, 0x00007f775ecdb000)
 Metaspace       used 24227K, capacity 24593K, committed 24832K, reserved 26624K
}
Event: 12040.956 GC heap before
{Heap before GC invocations=18191 (full 3):
 def new generation   total 1748160K, used 1559715K [0x00007f711c600000, 0x00007f7192ed0000, 0x00007f7671b50000)
  eden space 1553984K, 100% used [0x00007f711c600000, 0x00007f717b390000, 0x00007f717b390000)
  from space 194176K,   2% used [0x00007f7187130000, 0x00007f71876c8d60, 0x00007f7192ed0000)
  to   space 194176K,   0% used [0x00007f717b390000, 0x00007f717b390000, 0x00007f7187130000)
 tenured generation   total 3884588K, used 3882957K [0x00007f7671b50000, 0x00007f775ecdb000, 0x00007f811c600000)
   the space 3884588K,  99% used [0x00007f7671b50000, 0x00007f775eb43438, 0x00007f775eb43600, 0x00007f775ecdb000)
 Metaspace       used 24227K, capacity 24593K, committed 24832K, reserved 26624K
}
Event: 12040.969 GC heap after
{Heap after GC invocations=18192 (full 3):
 def new generation   total 1748160K, used 5732K [0x00007f711c600000, 0x00007f7192ed0000, 0x00007f7671b50000)
  eden space 1553984K,   0% used [0x00007f711c600000, 0x00007f711c600000, 0x00007f717b390000)
  from space 194176K,   2% used [0x00007f717b390000, 0x00007f717b929358, 0x00007f7187130000)
  to   space 194176K,   0% used [0x00007f7187130000, 0x00007f7187130000, 0x00007f7192ed0000)
 tenured generation   total 3884588K, used 3883338K [0x00007f7671b50000, 0x00007f775ecdb000, 0x00007f811c600000)
   the space 3884588K,  99% used [0x00007f7671b50000, 0x00007f775eba2a00, 0x00007f775eba2a00, 0x00007f775ecdb000)
 Metaspace       used 24227K, capacity 24593K, committed 24832K, reserved 26624K
}
Event: 12041.977 GC heap before
{Heap before GC invocations=18192 (full 3):
 def new generation   total 1748160K, used 1559716K [0x00007f711c600000, 0x00007f7192ed0000, 0x00007f7671b50000)
  eden space 1553984K, 100% used [0x00007f711c600000, 0x00007f717b390000, 0x00007f717b390000)
  from space 194176K,   2% used [0x00007f717b390000, 0x00007f717b929358, 0x00007f7187130000)
  to   space 194176K,   0% used [0x00007f7187130000, 0x00007f7187130000, 0x00007f7192ed0000)
 tenured generation   total 3884588K, used 3883338K [0x00007f7671b50000, 0x00007f775ecdb000, 0x00007f811c600000)
   the space 3884588K,  99% used [0x00007f7671b50000, 0x00007f775eba2a00, 0x00007f775eba2a00, 0x00007f775ecdb000)
 Metaspace       used 24227K, capacity 24593K, committed 24832K, reserved 26624K
}
Event: 12041.988 GC heap after
{Heap after GC invocations=18193 (full 3):
 def new generation   total 1748160K, used 5744K [0x00007f711c600000, 0x00007f7192ed0000, 0x00007f7671b50000)
  eden space 1553984K,   0% used [0x00007f711c600000, 0x00007f711c600000, 0x00007f717b390000)
  from space 194176K,   2% used [0x00007f7187130000, 0x00007f71876cc1b0, 0x00007f7192ed0000)
  to   space 194176K,   0% used [0x00007f717b390000, 0x00007f717b390000, 0x00007f7187130000)
 tenured generation   total 3884588K, used 3883719K [0x00007f7671b50000, 0x00007f775ecdb000, 0x00007f811c600000)
   the space 3884588K,  99% used [0x00007f7671b50000, 0x00007f775ec01fc8, 0x00007f775ec02000, 0x00007f775ecdb000)
 Metaspace       used 24227K, capacity 24593K, committed 24832K, reserved 26624K
}
Event: 12043.126 GC heap before
{Heap before GC invocations=18193 (full 3):
 def new generation   total 1748160K, used 1559728K [0x00007f711c600000, 0x00007f7192ed0000, 0x00007f7671b50000)
  eden space 1553984K, 100% used [0x00007f711c600000, 0x00007f717b390000, 0x00007f717b390000)
  from space 194176K,   2% used [0x00007f7187130000, 0x00007f71876cc1b0, 0x00007f7192ed0000)
  to   space 194176K,   0% used [0x00007f717b390000, 0x00007f717b390000, 0x00007f7187130000)
 tenured generation   total 3884588K, used 3883719K [0x00007f7671b50000, 0x00007f775ecdb000, 0x00007f811c600000)
   the space 3884588K,  99% used [0x00007f7671b50000, 0x00007f775ec01fc8, 0x00007f775ec02000, 0x00007f775ecdb000)
 Metaspace       used 24227K, capacity 24593K, committed 24832K, reserved 26624K
}
Event: 12043.136 GC heap after
{Heap after GC invocations=18194 (full 3):
 def new generation   total 1748160K, used 5732K [0x00007f711c600000, 0x00007f7192ed0000, 0x00007f7671b50000)
  eden space 1553984K,   0% used [0x00007f711c600000, 0x00007f711c600000, 0x00007f717b390000)
  from space 194176K,   2% used [0x00007f717b390000, 0x00007f717b929328, 0x00007f7187130000)
  to   space 194176K,   0% used [0x00007f7187130000, 0x00007f7187130000, 0x00007f7192ed0000)
 tenured generation   total 3884588K, used 3884123K [0x00007f7671b50000, 0x00007f775ecdb000, 0x00007f811c600000)
   the space 3884588K,  99% used [0x00007f7671b50000, 0x00007f775ec66f78, 0x00007f775ec67000, 0x00007f775ecdb000)
 Metaspace       used 24227K, capacity 24593K, committed 24832K, reserved 26624K
}
Event: 12044.147 GC heap before
{Heap before GC invocations=18194 (full 3):
 def new generation   total 1748160K, used 1559716K [0x00007f711c600000, 0x00007f7192ed0000, 0x00007f7671b50000)
  eden space 1553984K, 100% used [0x00007f711c600000, 0x00007f717b390000, 0x00007f717b390000)
  from space 194176K,   2% used [0x00007f717b390000, 0x00007f717b929328, 0x00007f7187130000)
  to   space 194176K,   0% used [0x00007f7187130000, 0x00007f7187130000, 0x00007f7192ed0000)
 tenured generation   total 3884588K, used 3884123K [0x00007f7671b50000, 0x00007f775ecdb000, 0x00007f811c600000)
   the space 3884588K,  99% used [0x00007f7671b50000, 0x00007f775ec66f78, 0x00007f775ec67000, 0x00007f775ecdb000)
 Metaspace       used 24227K, capacity 24593K, committed 24832K, reserved 26624K
}
Event: 12044.158 GC heap after
{Heap after GC invocations=18195 (full 3):
 def new generation   total 1748160K, used 5725K [0x00007f711c600000, 0x00007f7192ed0000, 0x00007f7671b50000)
  eden space 1553984K,   0% used [0x00007f711c600000, 0x00007f711c600000, 0x00007f717b390000)
  from space 194176K,   2% used [0x00007f7187130000, 0x00007f71876c7418, 0x00007f7192ed0000)
  to   space 194176K,   0% used [0x00007f717b390000, 0x00007f717b390000, 0x00007f7187130000)
 tenured generation   total 3884588K, used 3884505K [0x00007f7671b50000, 0x00007f775ecdb000, 0x00007f811c600000)
   the space 3884588K,  99% used [0x00007f7671b50000, 0x00007f775ecc6540, 0x00007f775ecc6600, 0x00007f775ecdb000)
 Metaspace       used 24227K, capacity 24593K, committed 24832K, reserved 26624K
}
Event: 12045.142 GC heap before
{Heap before GC invocations=18195 (full 3):
 def new generation   total 1748160K, used 1559709K [0x00007f711c600000, 0x00007f7192ed0000, 0x00007f7671b50000)
  eden space 1553984K, 100% used [0x00007f711c600000, 0x00007f717b390000, 0x00007f717b390000)
  from space 194176K,   2% used [0x00007f7187130000, 0x00007f71876c7418, 0x00007f7192ed0000)
  to   space 194176K,   0% used [0x00007f717b390000, 0x00007f717b390000, 0x00007f7187130000)
 tenured generation   total 3884588K, used 3884505K [0x00007f7671b50000, 0x00007f775ecdb000, 0x00007f811c600000)
   the space 3884588K,  99% used [0x00007f7671b50000, 0x00007f775ecc6540, 0x00007f775ecc6600, 0x00007f775ecdb000)
 Metaspace       used 24227K, capacity 24593K, committed 24832K, reserved 26624K
}
Event: 12045.156 GC heap after
{Heap after GC invocations=18196 (full 3):
 def new generation   total 1748160K, used 5732K [0x00007f711c600000, 0x00007f7192ed0000, 0x00007f7671b50000)
  eden space 1553984K,   0% used [0x00007f711c600000, 0x00007f711c600000, 0x00007f717b390000)
  from space 194176K,   2% used [0x00007f717b390000, 0x00007f717b929370, 0x00007f7187130000)
  to   space 194176K,   0% used [0x00007f7187130000, 0x00007f7187130000, 0x00007f7192ed0000)
 tenured generation   total 3884972K, used 3884886K [0x00007f7671b50000, 0x00007f775ed3b000, 0x00007f811c600000)
   the space 3884972K,  99% used [0x00007f7671b50000, 0x00007f775ed25b08, 0x00007f775ed25c00, 0x00007f775ed3b000)
 Metaspace       used 24227K, capacity 24593K, committed 24832K, reserved 26624K
}
Event: 12045.156 GC heap before
{Heap before GC invocations=18196 (full 3):
 def new generation   total 1748160K, used 5732K [0x00007f711c600000, 0x00007f7192ed0000, 0x00007f7671b50000)
  eden space 1553984K,   0% used [0x00007f711c600000, 0x00007f711c600000, 0x00007f717b390000)
  from space 194176K,   2% used [0x00007f717b390000, 0x00007f717b929370, 0x00007f7187130000)
  to   space 194176K,   0% used [0x00007f7187130000, 0x00007f7187130000, 0x00007f7192ed0000)
 tenured generation   total 3884972K, used 3884886K [0x00007f7671b50000, 0x00007f775ed3b000, 0x00007f811c600000)
   the space 3884972K,  99% used [0x00007f7671b50000, 0x00007f775ed25b08, 0x00007f775ed25c00, 0x00007f775ed3b000)
 Metaspace       used 24227K, capacity 24593K, committed 24832K, reserved 26624K
}

