# JRE version: OpenJDK Runtime Environment (13.0.7+5) (build 13.0.7+5-Ubuntu-0ubuntu120.04)
# Java VM: OpenJDK 64-Bit Server VM (13.0.7+5-Ubuntu-0ubuntu120.04, mixed mode, tiered, serial gc, linux-amd64)
Heap:
 def new generation   total 6306240K, used 4303746K [0x00007f080c400000, 0x00007f09b7eb0000, 0x00007f0d61950000)
  eden space 5605568K,  76% used [0x00007f080c400000, 0x00007f0912ee0990, 0x00007f0962630000)
  from space 700672K,   0% used [0x00007f0962630000, 0x00007f0962630000, 0x00007f098d270000)
  to   space 700672K,   0% used [0x00007f098d270000, 0x00007f098d270298, 0x00007f09b7eb0000)
 tenured generation   total 14013692K, used 12595350K [0x00007f0d61950000, 0x00007f10b8e8f000, 0x00007f180c400000)
   the space 14013692K,  89% used [0x00007f0d61950000, 0x00007f1062575828, 0x00007f1062575a00, 0x00007f10b8e8f000)
 Metaspace       used 29848K, capacity 30253K, committed 30464K, reserved 30720K
GC Heap History (20 events):
Event: 77.892 GC heap after
{Heap after GC invocations=23 (full 11):
 def new generation   total 6860032K, used 0K [0x00007f080c400000, 0x00007f09dd790000, 0x00007f0d61950000)
  eden space 6097856K,   0% used [0x00007f080c400000, 0x00007f080c400000, 0x00007f09806f0000)
  from space 762176K,   0% used [0x00007f09806f0000, 0x00007f09806f0000, 0x00007f09aef40000)
  to   space 762176K,   0% used [0x00007f09aef40000, 0x00007f09aef40000, 0x00007f09dd790000)
 tenured generation   total 15244352K, used 4205366K [0x00007f0d61950000, 0x00007f1104060000, 0x00007f180c400000)
   the space 15244352K,  27% used [0x00007f0d61950000, 0x00007f0e6241da90, 0x00007f0e6241dc00, 0x00007f1104060000)
 Metaspace       used 23161K, capacity 23531K, committed 23808K, reserved 24576K
}
Event: 86.377 GC heap before
{Heap before GC invocations=23 (full 11):
 def new generation   total 6860032K, used 4313895K [0x00007f080c400000, 0x00007f09dd790000, 0x00007f0d61950000)
  eden space 6097856K,  70% used [0x00007f080c400000, 0x00007f09138c9f30, 0x00007f09806f0000)
  from space 762176K,   0% used [0x00007f09806f0000, 0x00007f09806f0000, 0x00007f09aef40000)
  to   space 762176K,   0% used [0x00007f09aef40000, 0x00007f09aef40000, 0x00007f09dd790000)
 tenured generation   total 15244352K, used 12593974K [0x00007f0d61950000, 0x00007f1104060000, 0x00007f180c400000)
   the space 15244352K,  82% used [0x00007f0d61950000, 0x00007f106241daa8, 0x00007f106241dc00, 0x00007f1104060000)
 Metaspace       used 23161K, capacity 23531K, committed 23808K, reserved 24576K
}
Event: 87.482 GC heap after
{Heap after GC invocations=24 (full 11):
 def new generation   total 6860032K, used 0K [0x00007f080c400000, 0x00007f09dd790000, 0x00007f0d61950000)
  eden space 6097856K,   0% used [0x00007f080c400000, 0x00007f080c400000, 0x00007f09806f0000)
  from space 762176K,   0% used [0x00007f09aef40000, 0x00007f09aef40398, 0x00007f09dd790000)
  to   space 762176K,   0% used [0x00007f09806f0000, 0x00007f09806f0000, 0x00007f09aef40000)
 tenured generation   total 19438660K, used 16788278K [0x00007f0d61950000, 0x00007f1204061000, 0x00007f180c400000)
   the space 19438660K,  86% used [0x00007f0d61950000, 0x00007f116241dac0, 0x00007f116241dc00, 0x00007f1204061000)
 Metaspace       used 23161K, capacity 23531K, committed 23808K, reserved 24576K
}
Event: 87.482 GC heap before
{Heap before GC invocations=24 (full 11):
 def new generation   total 6860032K, used 0K [0x00007f080c400000, 0x00007f09dd790000, 0x00007f0d61950000)
  eden space 6097856K,   0% used [0x00007f080c400000, 0x00007f080c400000, 0x00007f09806f0000)
  from space 762176K,   0% used [0x00007f09aef40000, 0x00007f09aef40398, 0x00007f09dd790000)
  to   space 762176K,   0% used [0x00007f09806f0000, 0x00007f09806f0000, 0x00007f09aef40000)
 tenured generation   total 19438660K, used 16788278K [0x00007f0d61950000, 0x00007f1204061000, 0x00007f180c400000)
   the space 19438660K,  86% used [0x00007f0d61950000, 0x00007f116241dac0, 0x00007f116241dc00, 0x00007f1204061000)
 Metaspace       used 23161K, capacity 23531K, committed 23808K, reserved 24576K
}
Event: 88.175 GC heap after
{Heap after GC invocations=24 (full 12):
 def new generation   total 6306240K, used 0K [0x00007f080c400000, 0x00007f09b7eb0000, 0x00007f0d61950000)
  eden space 5605568K,   0% used [0x00007f080c400000, 0x00007f080c400000, 0x00007f0962630000)
  from space 700672K,   0% used [0x00007f0962630000, 0x00007f0962630000, 0x00007f098d270000)
  to   space 700672K,   0% used [0x00007f098d270000, 0x00007f098d270000, 0x00007f09b7eb0000)
 tenured generation   total 14013692K, used 4204106K [0x00007f0d61950000, 0x00007f10b8e8f000, 0x00007f180c400000)
   the space 14013692K,  29% used [0x00007f0d61950000, 0x00007f0e622e2b48, 0x00007f0e622e2c00, 0x00007f10b8e8f000)
 Metaspace       used 23161K, capacity 23531K, committed 23808K, reserved 24576K
}
Event: 89.967 GC heap before
{Heap before GC invocations=24 (full 12):
 def new generation   total 6306240K, used 4305002K [0x00007f080c400000, 0x00007f09b7eb0000, 0x00007f0d61950000)
  eden space 5605568K,  76% used [0x00007f080c400000, 0x00007f091301a848, 0x00007f0962630000)
  from space 700672K,   0% used [0x00007f0962630000, 0x00007f0962630000, 0x00007f098d270000)
  to   space 700672K,   0% used [0x00007f098d270000, 0x00007f098d270000, 0x00007f09b7eb0000)
 tenured generation   total 14013692K, used 4204106K [0x00007f0d61950000, 0x00007f10b8e8f000, 0x00007f180c400000)
   the space 14013692K,  29% used [0x00007f0d61950000, 0x00007f0e622e2b48, 0x00007f0e622e2c00, 0x00007f10b8e8f000)
 Metaspace       used 23161K, capacity 23531K, committed 23808K, reserved 24576K
}
Event: 90.709 GC heap after
{Heap after GC invocations=25 (full 12):
 def new generation   total 6306240K, used 1K [0x00007f080c400000, 0x00007f09b7eb0000, 0x00007f0d61950000)
  eden space 5605568K,   0% used [0x00007f080c400000, 0x00007f080c400000, 0x00007f0962630000)
  from space 700672K,   0% used [0x00007f098d270000, 0x00007f098d270438, 0x00007f09b7eb0000)
  to   space 700672K,   0% used [0x00007f0962630000, 0x00007f0962630000, 0x00007f098d270000)
 tenured generation   total 14013692K, used 8398410K [0x00007f0d61950000, 0x00007f10b8e8f000, 0x00007f180c400000)
   the space 14013692K,  59% used [0x00007f0d61950000, 0x00007f0f622e2b78, 0x00007f0f622e2c00, 0x00007f10b8e8f000)
 Metaspace       used 23161K, capacity 23531K, committed 23808K, reserved 24576K
}
Event: 94.176 GC heap before
{Heap before GC invocations=25 (full 12):
 def new generation   total 6306240K, used 4297913K [0x00007f080c400000, 0x00007f09b7eb0000, 0x00007f0d61950000)
  eden space 5605568K,  76% used [0x00007f080c400000, 0x00007f091292e210, 0x00007f0962630000)
  from space 700672K,   0% used [0x00007f098d270000, 0x00007f098d270438, 0x00007f09b7eb0000)
  to   space 700672K,   0% used [0x00007f0962630000, 0x00007f0962630000, 0x00007f098d270000)
 tenured generation   total 14013692K, used 8398410K [0x00007f0d61950000, 0x00007f10b8e8f000, 0x00007f180c400000)
   the space 14013692K,  59% used [0x00007f0d61950000, 0x00007f0f622e2b78, 0x00007f0f622e2c00, 0x00007f10b8e8f000)
 Metaspace       used 29838K, capacity 30253K, committed 30464K, reserved 30720K
}
Event: 94.276 GC heap after
{Heap after GC invocations=26 (full 12):
 def new generation   total 6306240K, used 536552K [0x00007f080c400000, 0x00007f09b7eb0000, 0x00007f0d61950000)
  eden space 5605568K,   0% used [0x00007f080c400000, 0x00007f080c400000, 0x00007f0962630000)
  from space 700672K,  76% used [0x00007f0962630000, 0x00007f098322a298, 0x00007f098d270000)
  to   space 700672K,   0% used [0x00007f098d270000, 0x00007f098d270000, 0x00007f09b7eb0000)
 tenured generation   total 14013692K, used 8398410K [0x00007f0d61950000, 0x00007f10b8e8f000, 0x00007f180c400000)
   the space 14013692K,  59% used [0x00007f0d61950000, 0x00007f0f622e2b78, 0x00007f0f622e2c00, 0x00007f10b8e8f000)
 Metaspace       used 29838K, capacity 30253K, committed 30464K, reserved 30720K
}
Event: 97.406 GC heap before
{Heap before GC invocations=26 (full 12):
 def new generation   total 6306240K, used 5430316K [0x00007f080c400000, 0x00007f09b7eb0000, 0x00007f0d61950000)
  eden space 5605568K,  87% used [0x00007f080c400000, 0x00007f0936f11080, 0x00007f0962630000)
  from space 700672K,  76% used [0x00007f0962630000, 0x00007f098322a298, 0x00007f098d270000)
  to   space 700672K,   0% used [0x00007f098d270000, 0x00007f098d270000, 0x00007f09b7eb0000)
 tenured generation   total 14013692K, used 8398410K [0x00007f0d61950000, 0x00007f10b8e8f000, 0x00007f180c400000)
   the space 14013692K,  59% used [0x00007f0d61950000, 0x00007f0f622e2b78, 0x00007f0f622e2c00, 0x00007f10b8e8f000)
 Metaspace       used 29844K, capacity 30253K, committed 30464K, reserved 30720K
}
Event: 97.452 GC heap after
{Heap after GC invocations=27 (full 12):
 def new generation   total 6306240K, used 131131K [0x00007f080c400000, 0x00007f09b7eb0000, 0x00007f0d61950000)
  eden space 5605568K,   0% used [0x00007f080c400000, 0x00007f080c400000, 0x00007f0962630000)
  from space 700672K,  18% used [0x00007f098d270000, 0x00007f099527ece8, 0x00007f09b7eb0000)
  to   space 700672K,   0% used [0x00007f0962630000, 0x00007f0962630000, 0x00007f098d270000)
 tenured generation   total 14013692K, used 8410609K [0x00007f0d61950000, 0x00007f10b8e8f000, 0x00007f180c400000)
   the space 14013692K,  60% used [0x00007f0d61950000, 0x00007f0f62ecc630, 0x00007f0f62ecc800, 0x00007f10b8e8f000)
 Metaspace       used 29844K, capacity 30253K, committed 30464K, reserved 30720K
}
Event: 98.554 GC heap before
{Heap before GC invocations=27 (full 12):
 def new generation   total 6306240K, used 2337979K [0x00007f080c400000, 0x00007f09b7eb0000, 0x00007f0d61950000)
  eden space 5605568K,  39% used [0x00007f080c400000, 0x00007f0892f20280, 0x00007f0962630000)
  from space 700672K,  18% used [0x00007f098d270000, 0x00007f099527ece8, 0x00007f09b7eb0000)
  to   space 700672K,   0% used [0x00007f0962630000, 0x00007f0962630000, 0x00007f098d270000)
 tenured generation   total 14013692K, used 8410609K [0x00007f0d61950000, 0x00007f10b8e8f000, 0x00007f180c400000)
   the space 14013692K,  60% used [0x00007f0d61950000, 0x00007f0f62ecc630, 0x00007f0f62ecc800, 0x00007f10b8e8f000)
 Metaspace       used 29844K, capacity 30253K, committed 30464K, reserved 30720K
}
Event: 98.778 GC heap after
{Heap after GC invocations=28 (full 12):
 def new generation   total 6306240K, used 524347K [0x00007f080c400000, 0x00007f09b7eb0000, 0x00007f0d61950000)
  eden space 5605568K,   0% used [0x00007f080c400000, 0x00007f080c400000, 0x00007f0962630000)
  from space 700672K,  74% used [0x00007f0962630000, 0x00007f098263ee40, 0x00007f098d270000)
  to   space 700672K,   0% used [0x00007f098d270000, 0x00007f098d270000, 0x00007f09b7eb0000)
 tenured generation   total 14013692K, used 8934897K [0x00007f0d61950000, 0x00007f10b8e8f000, 0x00007f180c400000)
   the space 14013692K,  63% used [0x00007f0d61950000, 0x00007f0f82ecc648, 0x00007f0f82ecc800, 0x00007f10b8e8f000)
 Metaspace       used 29844K, capacity 30253K, committed 30464K, reserved 30720K
}
Event: 101.392 GC heap before
{Heap before GC invocations=28 (full 12):
 def new generation   total 6306240K, used 4828348K [0x00007f080c400000, 0x00007f09b7eb0000, 0x00007f0d61950000)
  eden space 5605568K,  76% used [0x00007f080c400000, 0x00007f0912f20250, 0x00007f0962630000)
  from space 700672K,  74% used [0x00007f0962630000, 0x00007f098263ee40, 0x00007f098d270000)
  to   space 700672K,   0% used [0x00007f098d270000, 0x00007f098d270000, 0x00007f09b7eb0000)
 tenured generation   total 14013692K, used 8934897K [0x00007f0d61950000, 0x00007f10b8e8f000, 0x00007f180c400000)
   the space 14013692K,  63% used [0x00007f0d61950000, 0x00007f0f82ecc648, 0x00007f0f82ecc800, 0x00007f10b8e8f000)
 Metaspace       used 29844K, capacity 30253K, committed 30464K, reserved 30720K
}
Event: 102.554 GC heap after
{Heap after GC invocations=29 (full 12):
 def new generation   total 6306240K, used 0K [0x00007f080c400000, 0x00007f09b7eb0000, 0x00007f0d61950000)
  eden space 5605568K,   0% used [0x00007f080c400000, 0x00007f080c400000, 0x00007f0962630000)
  from space 700672K,   0% used [0x00007f098d270000, 0x00007f098d270170, 0x00007f09b7eb0000)
  to   space 700672K,   0% used [0x00007f0962630000, 0x00007f0962630000, 0x00007f098d270000)
 tenured generation   total 14013692K, used 13129260K [0x00007f0d61950000, 0x00007f10b8e8f000, 0x00007f180c400000)
   the space 14013692K,  93% used [0x00007f0d61950000, 0x00007f1082edb0c8, 0x00007f1082edb200, 0x00007f10b8e8f000)
 Metaspace       used 29844K, capacity 30253K, committed 30464K, reserved 30720K
}
Event: 104.593 GC heap before
{Heap before GC invocations=29 (full 12):
 def new generation   total 6306240K, used 4303846K [0x00007f080c400000, 0x00007f09b7eb0000, 0x00007f0d61950000)
  eden space 5605568K,  76% used [0x00007f080c400000, 0x00007f0912ef96f0, 0x00007f0962630000)
  from space 700672K,   0% used [0x00007f098d270000, 0x00007f098d270170, 0x00007f09b7eb0000)
  to   space 700672K,   0% used [0x00007f0962630000, 0x00007f0962630000, 0x00007f098d270000)
 tenured generation   total 14013692K, used 13129260K [0x00007f0d61950000, 0x00007f10b8e8f000, 0x00007f180c400000)
   the space 14013692K,  93% used [0x00007f0d61950000, 0x00007f1082edb0c8, 0x00007f1082edb200, 0x00007f10b8e8f000)
 Metaspace       used 29847K, capacity 30253K, committed 30464K, reserved 30720K
}
Event: 106.815 GC heap after
{Heap after GC invocations=30 (full 12):
 def new generation   total 6306240K, used 1K [0x00007f080c400000, 0x00007f09b7eb0000, 0x00007f0d61950000)
  eden space 5605568K,   0% used [0x00007f080c400000, 0x00007f080c400000, 0x00007f0962630000)
  from space 700672K,   0% used [0x00007f0962630000, 0x00007f0962630590, 0x00007f098d270000)
  to   space 700672K,   0% used [0x00007f098d270000, 0x00007f098d270000, 0x00007f09b7eb0000)
 tenured generation   total 18208004K, used 17323564K [0x00007f0d61950000, 0x00007f11b8e91000, 0x00007f180c400000)
   the space 18208004K,  95% used [0x00007f0d61950000, 0x00007f1182edb0f8, 0x00007f1182edb200, 0x00007f11b8e91000)
 Metaspace       used 29847K, capacity 30253K, committed 30464K, reserved 30720K
}
Event: 106.815 GC heap before
{Heap before GC invocations=30 (full 12):
 def new generation   total 6306240K, used 1K [0x00007f080c400000, 0x00007f09b7eb0000, 0x00007f0d61950000)
  eden space 5605568K,   0% used [0x00007f080c400000, 0x00007f080c400000, 0x00007f0962630000)
  from space 700672K,   0% used [0x00007f0962630000, 0x00007f0962630590, 0x00007f098d270000)
  to   space 700672K,   0% used [0x00007f098d270000, 0x00007f098d270000, 0x00007f09b7eb0000)
 tenured generation   total 18208004K, used 17323564K [0x00007f0d61950000, 0x00007f11b8e91000, 0x00007f180c400000)
   the space 18208004K,  95% used [0x00007f0d61950000, 0x00007f1182edb0f8, 0x00007f1182edb200, 0x00007f11b8e91000)
 Metaspace       used 29847K, capacity 30253K, committed 30464K, reserved 30720K
}
Event: 107.450 GC heap after
{Heap after GC invocations=30 (full 13):
 def new generation   total 6306240K, used 0K [0x00007f080c400000, 0x00007f09b7eb0000, 0x00007f0d61950000)
  eden space 5605568K,   0% used [0x00007f080c400000, 0x00007f080c400000, 0x00007f0962630000)
  from space 700672K,   0% used [0x00007f0962630000, 0x00007f0962630000, 0x00007f098d270000)
  to   space 700672K,   0% used [0x00007f098d270000, 0x00007f098d270000, 0x00007f09b7eb0000)
 tenured generation   total 14013692K, used 4206742K [0x00007f0d61950000, 0x00007f10b8e8f000, 0x00007f180c400000)
   the space 14013692K,  30% used [0x00007f0d61950000, 0x00007f0e62575810, 0x00007f0e62575a00, 0x00007f10b8e8f000)
 Metaspace       used 29847K, capacity 30253K, committed 30464K, reserved 30720K
}
Event: 116.079 GC heap before
{Heap before GC invocations=30 (full 13):
 def new generation   total 6306240K, used 4303746K [0x00007f080c400000, 0x00007f09b7eb0000, 0x00007f0d61950000)
  eden space 5605568K,  76% used [0x00007f080c400000, 0x00007f0912ee0990, 0x00007f0962630000)
  from space 700672K,   0% used [0x00007f0962630000, 0x00007f0962630000, 0x00007f098d270000)
  to   space 700672K,   0% used [0x00007f098d270000, 0x00007f098d270000, 0x00007f09b7eb0000)
 tenured generation   total 14013692K, used 12595350K [0x00007f0d61950000, 0x00007f10b8e8f000, 0x00007f180c400000)
   the space 14013692K,  89% used [0x00007f0d61950000, 0x00007f1062575828, 0x00007f1062575a00, 0x00007f10b8e8f000)
 Metaspace       used 29848K, capacity 30253K, committed 30464K, reserved 30720K
}

