# JRE version: OpenJDK Runtime Environment (13.0.7+5) (build 13.0.7+5-Ubuntu-0ubuntu120.04)
# Java VM: OpenJDK 64-Bit Server VM (13.0.7+5-Ubuntu-0ubuntu120.04, mixed mode, tiered, serial gc, linux-amd64)
Heap:
 def new generation   total 1749312K, used 31905K [0x00007f2a18600000, 0x00007f2a8f020000, 0x00007f2f6db50000)
  eden space 1554944K,   2% used [0x00007f2a18600000, 0x00007f2a1a5287f0, 0x00007f2a77480000)
  from space 194368K,   0% used [0x00007f2a83250000, 0x00007f2a83250000, 0x00007f2a8f020000)
  to   space 194368K,   0% used [0x00007f2a77480000, 0x00007f2a77480000, 0x00007f2a83250000)
 tenured generation   total 3888408K, used 3888407K [0x00007f2f6db50000, 0x00007f305b096000, 0x00007f3a18600000)
   the space 3888408K,  99% used [0x00007f2f6db50000, 0x00007f305b095ff8, 0x00007f305b096000, 0x00007f305b096000)
 Metaspace       used 24222K, capacity 24604K, committed 24832K, reserved 26624K
GC Heap History (20 events):
Event: 2295.034 GC heap after
{Heap after GC invocations=2794 (full 3):
 def new generation   total 1749312K, used 36087K [0x00007f2a18600000, 0x00007f2a8f020000, 0x00007f2f6db50000)
  eden space 1554944K,   0% used [0x00007f2a18600000, 0x00007f2a18600000, 0x00007f2a77480000)
  from space 194368K,  18% used [0x00007f2a77480000, 0x00007f2a797bde48, 0x00007f2a83250000)
  to   space 194368K,   0% used [0x00007f2a83250000, 0x00007f2a83250000, 0x00007f2a8f020000)
 tenured generation   total 3887256K, used 3866367K [0x00007f2f6db50000, 0x00007f305af76000, 0x00007f3a18600000)
   the space 3887256K,  99% used [0x00007f2f6db50000, 0x00007f3059b0fec0, 0x00007f3059b10000, 0x00007f305af76000)
 Metaspace       used 24222K, capacity 24604K, committed 24832K, reserved 26624K
}
Event: 2296.429 GC heap before
{Heap before GC invocations=2794 (full 3):
 def new generation   total 1749312K, used 1591031K [0x00007f2a18600000, 0x00007f2a8f020000, 0x00007f2f6db50000)
  eden space 1554944K, 100% used [0x00007f2a18600000, 0x00007f2a77480000, 0x00007f2a77480000)
  from space 194368K,  18% used [0x00007f2a77480000, 0x00007f2a797bde48, 0x00007f2a83250000)
  to   space 194368K,   0% used [0x00007f2a83250000, 0x00007f2a83250000, 0x00007f2a8f020000)
 tenured generation   total 3887256K, used 3866367K [0x00007f2f6db50000, 0x00007f305af76000, 0x00007f3a18600000)
   the space 3887256K,  99% used [0x00007f2f6db50000, 0x00007f3059b0fec0, 0x00007f3059b10000, 0x00007f305af76000)
 Metaspace       used 24222K, capacity 24604K, committed 24832K, reserved 26624K
}
Event: 2296.536 GC heap after
{Heap after GC invocations=2795 (full 3):
 def new generation   total 1749312K, used 37078K [0x00007f2a18600000, 0x00007f2a8f020000, 0x00007f2f6db50000)
  eden space 1554944K,   0% used [0x00007f2a18600000, 0x00007f2a18600000, 0x00007f2a77480000)
  from space 194368K,  19% used [0x00007f2a83250000, 0x00007f2a85685878, 0x00007f2a8f020000)
  to   space 194368K,   0% used [0x00007f2a77480000, 0x00007f2a77480000, 0x00007f2a83250000)
 tenured generation   total 3887256K, used 3868310K [0x00007f2f6db50000, 0x00007f305af76000, 0x00007f3a18600000)
   the space 3887256K,  99% used [0x00007f2f6db50000, 0x00007f3059cf5950, 0x00007f3059cf5a00, 0x00007f305af76000)
 Metaspace       used 24222K, capacity 24604K, committed 24832K, reserved 26624K
}
Event: 2297.956 GC heap before
{Heap before GC invocations=2795 (full 3):
 def new generation   total 1749312K, used 1592022K [0x00007f2a18600000, 0x00007f2a8f020000, 0x00007f2f6db50000)
  eden space 1554944K, 100% used [0x00007f2a18600000, 0x00007f2a77480000, 0x00007f2a77480000)
  from space 194368K,  19% used [0x00007f2a83250000, 0x00007f2a85685878, 0x00007f2a8f020000)
  to   space 194368K,   0% used [0x00007f2a77480000, 0x00007f2a77480000, 0x00007f2a83250000)
 tenured generation   total 3887256K, used 3868310K [0x00007f2f6db50000, 0x00007f305af76000, 0x00007f3a18600000)
   the space 3887256K,  99% used [0x00007f2f6db50000, 0x00007f3059cf5950, 0x00007f3059cf5a00, 0x00007f305af76000)
 Metaspace       used 24222K, capacity 24604K, committed 24832K, reserved 26624K
}
Event: 2298.081 GC heap after
{Heap after GC invocations=2796 (full 3):
 def new generation   total 1749312K, used 38844K [0x00007f2a18600000, 0x00007f2a8f020000, 0x00007f2f6db50000)
  eden space 1554944K,   0% used [0x00007f2a18600000, 0x00007f2a18600000, 0x00007f2a77480000)
  from space 194368K,  19% used [0x00007f2a77480000, 0x00007f2a79a6f348, 0x00007f2a83250000)
  to   space 194368K,   0% used [0x00007f2a83250000, 0x00007f2a83250000, 0x00007f2a8f020000)
 tenured generation   total 3887256K, used 3870587K [0x00007f2f6db50000, 0x00007f305af76000, 0x00007f3a18600000)
   the space 3887256K,  99% used [0x00007f2f6db50000, 0x00007f3059f2ed38, 0x00007f3059f2ee00, 0x00007f305af76000)
 Metaspace       used 24222K, capacity 24604K, committed 24832K, reserved 26624K
}
Event: 2299.483 GC heap before
{Heap before GC invocations=2796 (full 3):
 def new generation   total 1749312K, used 1593788K [0x00007f2a18600000, 0x00007f2a8f020000, 0x00007f2f6db50000)
  eden space 1554944K, 100% used [0x00007f2a18600000, 0x00007f2a77480000, 0x00007f2a77480000)
  from space 194368K,  19% used [0x00007f2a77480000, 0x00007f2a79a6f348, 0x00007f2a83250000)
  to   space 194368K,   0% used [0x00007f2a83250000, 0x00007f2a83250000, 0x00007f2a8f020000)
 tenured generation   total 3887256K, used 3870587K [0x00007f2f6db50000, 0x00007f305af76000, 0x00007f3a18600000)
   the space 3887256K,  99% used [0x00007f2f6db50000, 0x00007f3059f2ed38, 0x00007f3059f2ee00, 0x00007f305af76000)
 Metaspace       used 24222K, capacity 24604K, committed 24832K, reserved 26624K
}
Event: 2299.592 GC heap after
{Heap after GC invocations=2797 (full 3):
 def new generation   total 1749312K, used 39558K [0x00007f2a18600000, 0x00007f2a8f020000, 0x00007f2f6db50000)
  eden space 1554944K,   0% used [0x00007f2a18600000, 0x00007f2a18600000, 0x00007f2a77480000)
  from space 194368K,  20% used [0x00007f2a83250000, 0x00007f2a858f18d0, 0x00007f2a8f020000)
  to   space 194368K,   0% used [0x00007f2a77480000, 0x00007f2a77480000, 0x00007f2a83250000)
 tenured generation   total 3887256K, used 3872393K [0x00007f2f6db50000, 0x00007f305af76000, 0x00007f3a18600000)
   the space 3887256K,  99% used [0x00007f2f6db50000, 0x00007f305a0f24c0, 0x00007f305a0f2600, 0x00007f305af76000)
 Metaspace       used 24222K, capacity 24604K, committed 24832K, reserved 26624K
}
Event: 2301.048 GC heap before
{Heap before GC invocations=2797 (full 3):
 def new generation   total 1749312K, used 1594502K [0x00007f2a18600000, 0x00007f2a8f020000, 0x00007f2f6db50000)
  eden space 1554944K, 100% used [0x00007f2a18600000, 0x00007f2a77480000, 0x00007f2a77480000)
  from space 194368K,  20% used [0x00007f2a83250000, 0x00007f2a858f18d0, 0x00007f2a8f020000)
  to   space 194368K,   0% used [0x00007f2a77480000, 0x00007f2a77480000, 0x00007f2a83250000)
 tenured generation   total 3887256K, used 3872393K [0x00007f2f6db50000, 0x00007f305af76000, 0x00007f3a18600000)
   the space 3887256K,  99% used [0x00007f2f6db50000, 0x00007f305a0f24c0, 0x00007f305a0f2600, 0x00007f305af76000)
 Metaspace       used 24222K, capacity 24604K, committed 24832K, reserved 26624K
}
Event: 2301.164 GC heap after
{Heap after GC invocations=2798 (full 3):
 def new generation   total 1749312K, used 39631K [0x00007f2a18600000, 0x00007f2a8f020000, 0x00007f2f6db50000)
  eden space 1554944K,   0% used [0x00007f2a18600000, 0x00007f2a18600000, 0x00007f2a77480000)
  from space 194368K,  20% used [0x00007f2a77480000, 0x00007f2a79b33c20, 0x00007f2a83250000)
  to   space 194368K,   0% used [0x00007f2a83250000, 0x00007f2a83250000, 0x00007f2a8f020000)
 tenured generation   total 3887256K, used 3874809K [0x00007f2f6db50000, 0x00007f305af76000, 0x00007f3a18600000)
   the space 3887256K,  99% used [0x00007f2f6db50000, 0x00007f305a34e7c8, 0x00007f305a34e800, 0x00007f305af76000)
 Metaspace       used 24222K, capacity 24604K, committed 24832K, reserved 26624K
}
Event: 2302.597 GC heap before
{Heap before GC invocations=2798 (full 3):
 def new generation   total 1749312K, used 1594575K [0x00007f2a18600000, 0x00007f2a8f020000, 0x00007f2f6db50000)
  eden space 1554944K, 100% used [0x00007f2a18600000, 0x00007f2a77480000, 0x00007f2a77480000)
  from space 194368K,  20% used [0x00007f2a77480000, 0x00007f2a79b33c20, 0x00007f2a83250000)
  to   space 194368K,   0% used [0x00007f2a83250000, 0x00007f2a83250000, 0x00007f2a8f020000)
 tenured generation   total 3887256K, used 3874809K [0x00007f2f6db50000, 0x00007f305af76000, 0x00007f3a18600000)
   the space 3887256K,  99% used [0x00007f2f6db50000, 0x00007f305a34e7c8, 0x00007f305a34e800, 0x00007f305af76000)
 Metaspace       used 24222K, capacity 24604K, committed 24832K, reserved 26624K
}
Event: 2302.702 GC heap after
{Heap after GC invocations=2799 (full 3):
 def new generation   total 1749312K, used 39507K [0x00007f2a18600000, 0x00007f2a8f020000, 0x00007f2f6db50000)
  eden space 1554944K,   0% used [0x00007f2a18600000, 0x00007f2a18600000, 0x00007f2a77480000)
  from space 194368K,  20% used [0x00007f2a83250000, 0x00007f2a858e4c10, 0x00007f2a8f020000)
  to   space 194368K,   0% used [0x00007f2a77480000, 0x00007f2a77480000, 0x00007f2a83250000)
 tenured generation   total 3887256K, used 3876658K [0x00007f2f6db50000, 0x00007f305af76000, 0x00007f3a18600000)
   the space 3887256K,  99% used [0x00007f2f6db50000, 0x00007f305a51c960, 0x00007f305a51ca00, 0x00007f305af76000)
 Metaspace       used 24222K, capacity 24604K, committed 24832K, reserved 26624K
}
Event: 2304.149 GC heap before
{Heap before GC invocations=2799 (full 3):
 def new generation   total 1749312K, used 1594451K [0x00007f2a18600000, 0x00007f2a8f020000, 0x00007f2f6db50000)
  eden space 1554944K, 100% used [0x00007f2a18600000, 0x00007f2a77480000, 0x00007f2a77480000)
  from space 194368K,  20% used [0x00007f2a83250000, 0x00007f2a858e4c10, 0x00007f2a8f020000)
  to   space 194368K,   0% used [0x00007f2a77480000, 0x00007f2a77480000, 0x00007f2a83250000)
 tenured generation   total 3887256K, used 3876658K [0x00007f2f6db50000, 0x00007f305af76000, 0x00007f3a18600000)
   the space 3887256K,  99% used [0x00007f2f6db50000, 0x00007f305a51c960, 0x00007f305a51ca00, 0x00007f305af76000)
 Metaspace       used 24222K, capacity 24604K, committed 24832K, reserved 26624K
}
Event: 2304.236 GC heap after
{Heap after GC invocations=2800 (full 3):
 def new generation   total 1749312K, used 38799K [0x00007f2a18600000, 0x00007f2a8f020000, 0x00007f2f6db50000)
  eden space 1554944K,   0% used [0x00007f2a18600000, 0x00007f2a18600000, 0x00007f2a77480000)
  from space 194368K,  19% used [0x00007f2a77480000, 0x00007f2a79a63c40, 0x00007f2a83250000)
  to   space 194368K,   0% used [0x00007f2a83250000, 0x00007f2a83250000, 0x00007f2a8f020000)
 tenured generation   total 3887256K, used 3879087K [0x00007f2f6db50000, 0x00007f305af76000, 0x00007f3a18600000)
   the space 3887256K,  99% used [0x00007f2f6db50000, 0x00007f305a77bc00, 0x00007f305a77bc00, 0x00007f305af76000)
 Metaspace       used 24222K, capacity 24604K, committed 24832K, reserved 26624K
}
Event: 2305.666 GC heap before
{Heap before GC invocations=2800 (full 3):
 def new generation   total 1749312K, used 1593743K [0x00007f2a18600000, 0x00007f2a8f020000, 0x00007f2f6db50000)
  eden space 1554944K, 100% used [0x00007f2a18600000, 0x00007f2a77480000, 0x00007f2a77480000)
  from space 194368K,  19% used [0x00007f2a77480000, 0x00007f2a79a63c40, 0x00007f2a83250000)
  to   space 194368K,   0% used [0x00007f2a83250000, 0x00007f2a83250000, 0x00007f2a8f020000)
 tenured generation   total 3887256K, used 3879087K [0x00007f2f6db50000, 0x00007f305af76000, 0x00007f3a18600000)
   the space 3887256K,  99% used [0x00007f2f6db50000, 0x00007f305a77bc00, 0x00007f305a77bc00, 0x00007f305af76000)
 Metaspace       used 24222K, capacity 24604K, committed 24832K, reserved 26624K
}
Event: 2305.776 GC heap after
{Heap after GC invocations=2801 (full 3):
 def new generation   total 1749312K, used 38082K [0x00007f2a18600000, 0x00007f2a8f020000, 0x00007f2f6db50000)
  eden space 1554944K,   0% used [0x00007f2a18600000, 0x00007f2a18600000, 0x00007f2a77480000)
  from space 194368K,  19% used [0x00007f2a83250000, 0x00007f2a85780a78, 0x00007f2a8f020000)
  to   space 194368K,   0% used [0x00007f2a77480000, 0x00007f2a77480000, 0x00007f2a83250000)
 tenured generation   total 3887256K, used 3882644K [0x00007f2f6db50000, 0x00007f305af76000, 0x00007f3a18600000)
   the space 3887256K,  99% used [0x00007f2f6db50000, 0x00007f305aaf5280, 0x00007f305aaf5400, 0x00007f305af76000)
 Metaspace       used 24222K, capacity 24604K, committed 24832K, reserved 26624K
}
Event: 2307.211 GC heap before
{Heap before GC invocations=2801 (full 3):
 def new generation   total 1749312K, used 1593026K [0x00007f2a18600000, 0x00007f2a8f020000, 0x00007f2f6db50000)
  eden space 1554944K, 100% used [0x00007f2a18600000, 0x00007f2a77480000, 0x00007f2a77480000)
  from space 194368K,  19% used [0x00007f2a83250000, 0x00007f2a85780a78, 0x00007f2a8f020000)
  to   space 194368K,   0% used [0x00007f2a77480000, 0x00007f2a77480000, 0x00007f2a83250000)
 tenured generation   total 3887256K, used 3882644K [0x00007f2f6db50000, 0x00007f305af76000, 0x00007f3a18600000)
   the space 3887256K,  99% used [0x00007f2f6db50000, 0x00007f305aaf5280, 0x00007f305aaf5400, 0x00007f305af76000)
 Metaspace       used 24222K, capacity 24604K, committed 24832K, reserved 26624K
}
Event: 2307.325 GC heap after
{Heap after GC invocations=2802 (full 3):
 def new generation   total 1749312K, used 39070K [0x00007f2a18600000, 0x00007f2a8f020000, 0x00007f2f6db50000)
  eden space 1554944K,   0% used [0x00007f2a18600000, 0x00007f2a18600000, 0x00007f2a77480000)
  from space 194368K,  20% used [0x00007f2a77480000, 0x00007f2a79aa78d8, 0x00007f2a83250000)
  to   space 194368K,   0% used [0x00007f2a83250000, 0x00007f2a83250000, 0x00007f2a8f020000)
 tenured generation   total 3887256K, used 3884782K [0x00007f2f6db50000, 0x00007f305af76000, 0x00007f3a18600000)
   the space 3887256K,  99% used [0x00007f2f6db50000, 0x00007f305ad0b8c0, 0x00007f305ad0ba00, 0x00007f305af76000)
 Metaspace       used 24222K, capacity 24604K, committed 24832K, reserved 26624K
}
Event: 2308.790 GC heap before
{Heap before GC invocations=2802 (full 3):
 def new generation   total 1749312K, used 1594014K [0x00007f2a18600000, 0x00007f2a8f020000, 0x00007f2f6db50000)
  eden space 1554944K, 100% used [0x00007f2a18600000, 0x00007f2a77480000, 0x00007f2a77480000)
  from space 194368K,  20% used [0x00007f2a77480000, 0x00007f2a79aa78d8, 0x00007f2a83250000)
  to   space 194368K,   0% used [0x00007f2a83250000, 0x00007f2a83250000, 0x00007f2a8f020000)
 tenured generation   total 3887256K, used 3884782K [0x00007f2f6db50000, 0x00007f305af76000, 0x00007f3a18600000)
   the space 3887256K,  99% used [0x00007f2f6db50000, 0x00007f305ad0b8c0, 0x00007f305ad0ba00, 0x00007f305af76000)
 Metaspace       used 24222K, capacity 24604K, committed 24832K, reserved 26624K
}
Event: 2308.895 GC heap after
{Heap after GC invocations=2803 (full 3):
 def new generation   total 1749312K, used 37550K [0x00007f2a18600000, 0x00007f2a8f020000, 0x00007f2f6db50000)
  eden space 1554944K,   0% used [0x00007f2a18600000, 0x00007f2a18600000, 0x00007f2a77480000)
  from space 194368K,  19% used [0x00007f2a83250000, 0x00007f2a856fb810, 0x00007f2a8f020000)
  to   space 194368K,   0% used [0x00007f2a77480000, 0x00007f2a77480000, 0x00007f2a83250000)
 tenured generation   total 3888408K, used 3888277K [0x00007f2f6db50000, 0x00007f305b096000, 0x00007f3a18600000)
   the space 3888408K,  99% used [0x00007f2f6db50000, 0x00007f305b0756f0, 0x00007f305b075800, 0x00007f305b096000)
 Metaspace       used 24222K, capacity 24604K, committed 24832K, reserved 26624K
}
Event: 2308.895 GC heap before
{Heap before GC invocations=2803 (full 3):
 def new generation   total 1749312K, used 37550K [0x00007f2a18600000, 0x00007f2a8f020000, 0x00007f2f6db50000)
  eden space 1554944K,   0% used [0x00007f2a18600000, 0x00007f2a18600000, 0x00007f2a77480000)
  from space 194368K,  19% used [0x00007f2a83250000, 0x00007f2a856fb810, 0x00007f2a8f020000)
  to   space 194368K,   0% used [0x00007f2a77480000, 0x00007f2a77480000, 0x00007f2a83250000)
 tenured generation   total 3888408K, used 3888277K [0x00007f2f6db50000, 0x00007f305b096000, 0x00007f3a18600000)
   the space 3888408K,  99% used [0x00007f2f6db50000, 0x00007f305b0756f0, 0x00007f305b075800, 0x00007f305b096000)
 Metaspace       used 24222K, capacity 24604K, committed 24832K, reserved 26624K
}

