# JRE version: OpenJDK Runtime Environment (13.0.7+5) (build 13.0.7+5-Ubuntu-0ubuntu120.04)
# Java VM: OpenJDK 64-Bit Server VM (13.0.7+5-Ubuntu-0ubuntu120.04, mixed mode, tiered, serial gc, linux-amd64)
Heap:
 def new generation   total 4607296K, used 270220K [0x00007f9990600000, 0x00007f9ac8d30000, 0x00007f9ee5b50000)
  eden space 4095424K,   6% used [0x00007f9990600000, 0x00007f99a0de3160, 0x00007f9a8a570000)
  from space 511872K,   0% used [0x00007f9aa9950000, 0x00007f9aa9950000, 0x00007f9ac8d30000)
  to   space 511872K,   0% used [0x00007f9a8a570000, 0x00007f9a8a570000, 0x00007f9aa9950000)
 tenured generation   total 10700920K, used 10700919K [0x00007f9ee5b50000, 0x00007fa172d6e000, 0x00007fa990600000)
   the space 10700920K,  99% used [0x00007f9ee5b50000, 0x00007fa172d6dff0, 0x00007fa172d6e000, 0x00007fa172d6e000)
 Metaspace       used 30120K, capacity 30573K, committed 30720K, reserved 30720K
GC Heap History (20 events):
Event: 141.455 GC heap after
{Heap after GC invocations=43 (full 4):
 def new generation   total 4607296K, used 0K [0x00007f9990600000, 0x00007f9ac8d30000, 0x00007f9ee5b50000)
  eden space 4095424K,   0% used [0x00007f9990600000, 0x00007f9990600000, 0x00007f9a8a570000)
  from space 511872K,   0% used [0x00007f9a8a570000, 0x00007f9a8a570000, 0x00007f9aa9950000)
  to   space 511872K,   0% used [0x00007f9aa9950000, 0x00007f9aa9950000, 0x00007f9ac8d30000)
 tenured generation   total 10238200K, used 6142919K [0x00007f9ee5b50000, 0x00007fa15698e000, 0x00007fa990600000)
   the space 10238200K,  59% used [0x00007f9ee5b50000, 0x00007fa05ca41ff8, 0x00007fa05ca42000, 0x00007fa15698e000)
 Metaspace       used 30117K, capacity 30573K, committed 30720K, reserved 30720K
}
Event: 142.423 GC heap before
{Heap before GC invocations=43 (full 4):
 def new generation   total 4607296K, used 4095424K [0x00007f9990600000, 0x00007f9ac8d30000, 0x00007f9ee5b50000)
  eden space 4095424K, 100% used [0x00007f9990600000, 0x00007f9a8a570000, 0x00007f9a8a570000)
  from space 511872K,   0% used [0x00007f9a8a570000, 0x00007f9a8a570000, 0x00007f9aa9950000)
  to   space 511872K,   0% used [0x00007f9aa9950000, 0x00007f9aa9950000, 0x00007f9ac8d30000)
 tenured generation   total 10238200K, used 6142919K [0x00007f9ee5b50000, 0x00007fa15698e000, 0x00007fa990600000)
   the space 10238200K,  59% used [0x00007f9ee5b50000, 0x00007fa05ca41ff8, 0x00007fa05ca42000, 0x00007fa15698e000)
 Metaspace       used 30120K, capacity 30573K, committed 30720K, reserved 30720K
}
Event: 143.053 GC heap after
{Heap after GC invocations=44 (full 4):
 def new generation   total 4607296K, used 313006K [0x00007f9990600000, 0x00007f9ac8d30000, 0x00007f9ee5b50000)
  eden space 4095424K,   0% used [0x00007f9990600000, 0x00007f9990600000, 0x00007f9a8a570000)
  from space 511872K,  61% used [0x00007f9aa9950000, 0x00007f9abcafbb00, 0x00007f9ac8d30000)
  to   space 511872K,   0% used [0x00007f9a8a570000, 0x00007f9a8a570000, 0x00007f9aa9950000)
 tenured generation   total 10238200K, used 6142919K [0x00007f9ee5b50000, 0x00007fa15698e000, 0x00007fa990600000)
   the space 10238200K,  59% used [0x00007f9ee5b50000, 0x00007fa05ca41ff8, 0x00007fa05ca42000, 0x00007fa15698e000)
 Metaspace       used 30120K, capacity 30573K, committed 30720K, reserved 30720K
}
Event: 143.965 GC heap before
{Heap before GC invocations=44 (full 4):
 def new generation   total 4607296K, used 4408430K [0x00007f9990600000, 0x00007f9ac8d30000, 0x00007f9ee5b50000)
  eden space 4095424K, 100% used [0x00007f9990600000, 0x00007f9a8a570000, 0x00007f9a8a570000)
  from space 511872K,  61% used [0x00007f9aa9950000, 0x00007f9abcafbb00, 0x00007f9ac8d30000)
  to   space 511872K,   0% used [0x00007f9a8a570000, 0x00007f9a8a570000, 0x00007f9aa9950000)
 tenured generation   total 10238200K, used 6142919K [0x00007f9ee5b50000, 0x00007fa15698e000, 0x00007fa990600000)
   the space 10238200K,  59% used [0x00007f9ee5b50000, 0x00007fa05ca41ff8, 0x00007fa05ca42000, 0x00007fa15698e000)
 Metaspace       used 30120K, capacity 30573K, committed 30720K, reserved 30720K
}
Event: 144.779 GC heap after
{Heap after GC invocations=45 (full 4):
 def new generation   total 4607296K, used 312812K [0x00007f9990600000, 0x00007f9ac8d30000, 0x00007f9ee5b50000)
  eden space 4095424K,   0% used [0x00007f9990600000, 0x00007f9990600000, 0x00007f9a8a570000)
  from space 511872K,  61% used [0x00007f9a8a570000, 0x00007f9a9d6eb188, 0x00007f9aa9950000)
  to   space 511872K,   0% used [0x00007f9aa9950000, 0x00007f9aa9950000, 0x00007f9ac8d30000)
 tenured generation   total 10238200K, used 6455926K [0x00007f9ee5b50000, 0x00007fa15698e000, 0x00007fa990600000)
   the space 10238200K,  63% used [0x00007f9ee5b50000, 0x00007fa06fbed9b8, 0x00007fa06fbeda00, 0x00007fa15698e000)
 Metaspace       used 30120K, capacity 30573K, committed 30720K, reserved 30720K
}
Event: 145.732 GC heap before
{Heap before GC invocations=45 (full 4):
 def new generation   total 4607296K, used 4408236K [0x00007f9990600000, 0x00007f9ac8d30000, 0x00007f9ee5b50000)
  eden space 4095424K, 100% used [0x00007f9990600000, 0x00007f9a8a570000, 0x00007f9a8a570000)
  from space 511872K,  61% used [0x00007f9a8a570000, 0x00007f9a9d6eb188, 0x00007f9aa9950000)
  to   space 511872K,   0% used [0x00007f9aa9950000, 0x00007f9aa9950000, 0x00007f9ac8d30000)
 tenured generation   total 10238200K, used 6455926K [0x00007f9ee5b50000, 0x00007fa15698e000, 0x00007fa990600000)
   the space 10238200K,  63% used [0x00007f9ee5b50000, 0x00007fa06fbed9b8, 0x00007fa06fbeda00, 0x00007fa15698e000)
 Metaspace       used 30120K, capacity 30573K, committed 30720K, reserved 30720K
}
Event: 146.529 GC heap after
{Heap after GC invocations=46 (full 4):
 def new generation   total 4607296K, used 316575K [0x00007f9990600000, 0x00007f9ac8d30000, 0x00007f9ee5b50000)
  eden space 4095424K,   0% used [0x00007f9990600000, 0x00007f9990600000, 0x00007f9a8a570000)
  from space 511872K,  61% used [0x00007f9aa9950000, 0x00007f9abce77e48, 0x00007f9ac8d30000)
  to   space 511872K,   0% used [0x00007f9a8a570000, 0x00007f9a8a570000, 0x00007f9aa9950000)
 tenured generation   total 10238200K, used 6768738K [0x00007f9ee5b50000, 0x00007fa15698e000, 0x00007fa990600000)
   the space 10238200K,  66% used [0x00007f9ee5b50000, 0x00007fa082d68a60, 0x00007fa082d68c00, 0x00007fa15698e000)
 Metaspace       used 30120K, capacity 30573K, committed 30720K, reserved 30720K
}
Event: 147.457 GC heap before
{Heap before GC invocations=46 (full 4):
 def new generation   total 4607296K, used 4411999K [0x00007f9990600000, 0x00007f9ac8d30000, 0x00007f9ee5b50000)
  eden space 4095424K, 100% used [0x00007f9990600000, 0x00007f9a8a570000, 0x00007f9a8a570000)
  from space 511872K,  61% used [0x00007f9aa9950000, 0x00007f9abce77e48, 0x00007f9ac8d30000)
  to   space 511872K,   0% used [0x00007f9a8a570000, 0x00007f9a8a570000, 0x00007f9aa9950000)
 tenured generation   total 10238200K, used 6768738K [0x00007f9ee5b50000, 0x00007fa15698e000, 0x00007fa990600000)
   the space 10238200K,  66% used [0x00007f9ee5b50000, 0x00007fa082d68a60, 0x00007fa082d68c00, 0x00007fa15698e000)
 Metaspace       used 30120K, capacity 30573K, committed 30720K, reserved 30720K
}
Event: 148.244 GC heap after
{Heap after GC invocations=47 (full 4):
 def new generation   total 4607296K, used 319271K [0x00007f9990600000, 0x00007f9ac8d30000, 0x00007f9ee5b50000)
  eden space 4095424K,   0% used [0x00007f9990600000, 0x00007f9990600000, 0x00007f9a8a570000)
  from space 511872K,  62% used [0x00007f9a8a570000, 0x00007f9a9dd39c40, 0x00007f9aa9950000)
  to   space 511872K,   0% used [0x00007f9aa9950000, 0x00007f9aa9950000, 0x00007f9ac8d30000)
 tenured generation   total 10238200K, used 7085312K [0x00007f9ee5b50000, 0x00007fa15698e000, 0x00007fa990600000)
   the space 10238200K,  69% used [0x00007f9ee5b50000, 0x00007fa096290368, 0x00007fa096290400, 0x00007fa15698e000)
 Metaspace       used 30120K, capacity 30573K, committed 30720K, reserved 30720K
}
Event: 149.211 GC heap before
{Heap before GC invocations=47 (full 4):
 def new generation   total 4607296K, used 4414695K [0x00007f9990600000, 0x00007f9ac8d30000, 0x00007f9ee5b50000)
  eden space 4095424K, 100% used [0x00007f9990600000, 0x00007f9a8a570000, 0x00007f9a8a570000)
  from space 511872K,  62% used [0x00007f9a8a570000, 0x00007f9a9dd39c40, 0x00007f9aa9950000)
  to   space 511872K,   0% used [0x00007f9aa9950000, 0x00007f9aa9950000, 0x00007f9ac8d30000)
 tenured generation   total 10238200K, used 7085312K [0x00007f9ee5b50000, 0x00007fa15698e000, 0x00007fa990600000)
   the space 10238200K,  69% used [0x00007f9ee5b50000, 0x00007fa096290368, 0x00007fa096290400, 0x00007fa15698e000)
 Metaspace       used 30120K, capacity 30573K, committed 30720K, reserved 30720K
}
Event: 150.039 GC heap after
{Heap after GC invocations=48 (full 4):
 def new generation   total 4607296K, used 319938K [0x00007f9990600000, 0x00007f9ac8d30000, 0x00007f9ee5b50000)
  eden space 4095424K,   0% used [0x00007f9990600000, 0x00007f9990600000, 0x00007f9a8a570000)
  from space 511872K,  62% used [0x00007f9aa9950000, 0x00007f9abd1c0b28, 0x00007f9ac8d30000)
  to   space 511872K,   0% used [0x00007f9a8a570000, 0x00007f9a8a570000, 0x00007f9aa9950000)
 tenured generation   total 10238200K, used 7404582K [0x00007f9ee5b50000, 0x00007fa15698e000, 0x00007fa990600000)
   the space 10238200K,  72% used [0x00007f9ee5b50000, 0x00007fa0a9a59a88, 0x00007fa0a9a59c00, 0x00007fa15698e000)
 Metaspace       used 30120K, capacity 30573K, committed 30720K, reserved 30720K
}
Event: 150.993 GC heap before
{Heap before GC invocations=48 (full 4):
 def new generation   total 4607296K, used 4415362K [0x00007f9990600000, 0x00007f9ac8d30000, 0x00007f9ee5b50000)
  eden space 4095424K, 100% used [0x00007f9990600000, 0x00007f9a8a570000, 0x00007f9a8a570000)
  from space 511872K,  62% used [0x00007f9aa9950000, 0x00007f9abd1c0b28, 0x00007f9ac8d30000)
  to   space 511872K,   0% used [0x00007f9a8a570000, 0x00007f9a8a570000, 0x00007f9aa9950000)
 tenured generation   total 10238200K, used 7404582K [0x00007f9ee5b50000, 0x00007fa15698e000, 0x00007fa990600000)
   the space 10238200K,  72% used [0x00007f9ee5b50000, 0x00007fa0a9a59a88, 0x00007fa0a9a59c00, 0x00007fa15698e000)
 Metaspace       used 30120K, capacity 30573K, committed 30720K, reserved 30720K
}
Event: 151.802 GC heap after
{Heap after GC invocations=49 (full 4):
 def new generation   total 4607296K, used 319682K [0x00007f9990600000, 0x00007f9ac8d30000, 0x00007f9ee5b50000)
  eden space 4095424K,   0% used [0x00007f9990600000, 0x00007f9990600000, 0x00007f9a8a570000)
  from space 511872K,  62% used [0x00007f9a8a570000, 0x00007f9a9dda09b8, 0x00007f9aa9950000)
  to   space 511872K,   0% used [0x00007f9aa9950000, 0x00007f9aa9950000, 0x00007f9ac8d30000)
 tenured generation   total 10238200K, used 7724520K [0x00007f9ee5b50000, 0x00007fa15698e000, 0x00007fa990600000)
   the space 10238200K,  75% used [0x00007f9ee5b50000, 0x00007fa0bd2ca3c0, 0x00007fa0bd2ca400, 0x00007fa15698e000)
 Metaspace       used 30120K, capacity 30573K, committed 30720K, reserved 30720K
}
Event: 153.988 GC heap before
{Heap before GC invocations=49 (full 4):
 def new generation   total 4607296K, used 4415106K [0x00007f9990600000, 0x00007f9ac8d30000, 0x00007f9ee5b50000)
  eden space 4095424K, 100% used [0x00007f9990600000, 0x00007f9a8a570000, 0x00007f9a8a570000)
  from space 511872K,  62% used [0x00007f9a8a570000, 0x00007f9a9dda09b8, 0x00007f9aa9950000)
  to   space 511872K,   0% used [0x00007f9aa9950000, 0x00007f9aa9950000, 0x00007f9ac8d30000)
 tenured generation   total 10238200K, used 7724520K [0x00007f9ee5b50000, 0x00007fa15698e000, 0x00007fa990600000)
   the space 10238200K,  75% used [0x00007f9ee5b50000, 0x00007fa0bd2ca3c0, 0x00007fa0bd2ca400, 0x00007fa15698e000)
 Metaspace       used 30120K, capacity 30573K, committed 30720K, reserved 30720K
}
Event: 154.971 GC heap after
{Heap after GC invocations=50 (full 4):
 def new generation   total 4607296K, used 468214K [0x00007f9990600000, 0x00007f9ac8d30000, 0x00007f9ee5b50000)
  eden space 4095424K,   0% used [0x00007f9990600000, 0x00007f9990600000, 0x00007f9a8a570000)
  from space 511872K,  91% used [0x00007f9aa9950000, 0x00007f9ac628db90, 0x00007f9ac8d30000)
  to   space 511872K,   0% used [0x00007f9a8a570000, 0x00007f9a8a570000, 0x00007f9aa9950000)
 tenured generation   total 10238200K, used 8044202K [0x00007f9ee5b50000, 0x00007fa15698e000, 0x00007fa990600000)
   the space 10238200K,  78% used [0x00007f9ee5b50000, 0x00007fa0d0afa8e8, 0x00007fa0d0afaa00, 0x00007fa15698e000)
 Metaspace       used 30120K, capacity 30573K, committed 30720K, reserved 30720K
}
Event: 380.993 GC heap before
{Heap before GC invocations=50 (full 4):
 def new generation   total 4607296K, used 4563638K [0x00007f9990600000, 0x00007f9ac8d30000, 0x00007f9ee5b50000)
  eden space 4095424K, 100% used [0x00007f9990600000, 0x00007f9a8a570000, 0x00007f9a8a570000)
  from space 511872K,  91% used [0x00007f9aa9950000, 0x00007f9ac628db90, 0x00007f9ac8d30000)
  to   space 511872K,   0% used [0x00007f9a8a570000, 0x00007f9a8a570000, 0x00007f9aa9950000)
 tenured generation   total 10238200K, used 8044202K [0x00007f9ee5b50000, 0x00007fa15698e000, 0x00007fa990600000)
   the space 10238200K,  78% used [0x00007f9ee5b50000, 0x00007fa0d0afa8e8, 0x00007fa0d0afaa00, 0x00007fa15698e000)
 Metaspace       used 30120K, capacity 30573K, committed 30720K, reserved 30720K
}
Event: 384.361 GC heap after
{Heap after GC invocations=51 (full 4):
 def new generation   total 4607296K, used 511872K [0x00007f9990600000, 0x00007f9ac8d30000, 0x00007f9ee5b50000)
  eden space 4095424K,   0% used [0x00007f9990600000, 0x00007f9990600000, 0x00007f9a8a570000)
  from space 511872K, 100% used [0x00007f9a8a570000, 0x00007f9aa9950000, 0x00007f9aa9950000)
  to   space 511872K,   0% used [0x00007f9aa9950000, 0x00007f9aa9950000, 0x00007f9ac8d30000)
 tenured generation   total 10238200K, used 9838599K [0x00007f9ee5b50000, 0x00007fa15698e000, 0x00007fa990600000)
   the space 10238200K,  96% used [0x00007f9ee5b50000, 0x00007fa13e351c50, 0x00007fa13e351e00, 0x00007fa15698e000)
 Metaspace       used 30120K, capacity 30573K, committed 30720K, reserved 30720K
}
Event: 585.939 GC heap before
{Heap before GC invocations=51 (full 4):
 def new generation   total 4607296K, used 4607296K [0x00007f9990600000, 0x00007f9ac8d30000, 0x00007f9ee5b50000)
  eden space 4095424K, 100% used [0x00007f9990600000, 0x00007f9a8a570000, 0x00007f9a8a570000)
  from space 511872K, 100% used [0x00007f9a8a570000, 0x00007f9aa9950000, 0x00007f9aa9950000)
  to   space 511872K,   0% used [0x00007f9aa9950000, 0x00007f9aa9950000, 0x00007f9ac8d30000)
 tenured generation   total 10238200K, used 9838599K [0x00007f9ee5b50000, 0x00007fa15698e000, 0x00007fa990600000)
   the space 10238200K,  96% used [0x00007f9ee5b50000, 0x00007fa13e351c50, 0x00007fa13e351e00, 0x00007fa15698e000)
 Metaspace       used 30120K, capacity 30573K, committed 30720K, reserved 30720K
}
Event: 587.619 GC heap after
{Heap after GC invocations=52 (full 4):
 def new generation   total 4607296K, used 511871K [0x00007f9990600000, 0x00007f9ac8d30000, 0x00007f9ee5b50000)
  eden space 4095424K,   0% used [0x00007f9990600000, 0x00007f9990600000, 0x00007f9a8a570000)
  from space 511872K,  99% used [0x00007f9aa9950000, 0x00007f9ac8d2fff0, 0x00007f9ac8d30000)
  to   space 511872K,   0% used [0x00007f9a8a570000, 0x00007f9a8a570000, 0x00007f9aa9950000)
 tenured generation   total 10700920K, used 10700787K [0x00007f9ee5b50000, 0x00007fa172d6e000, 0x00007fa990600000)
   the space 10700920K,  99% used [0x00007f9ee5b50000, 0x00007fa172d4cd20, 0x00007fa172d4ce00, 0x00007fa172d6e000)
 Metaspace       used 30120K, capacity 30573K, committed 30720K, reserved 30720K
}
Event: 587.619 GC heap before
{Heap before GC invocations=52 (full 4):
 def new generation   total 4607296K, used 511871K [0x00007f9990600000, 0x00007f9ac8d30000, 0x00007f9ee5b50000)
  eden space 4095424K,   0% used [0x00007f9990600000, 0x00007f9990600000, 0x00007f9a8a570000)
  from space 511872K,  99% used [0x00007f9aa9950000, 0x00007f9ac8d2fff0, 0x00007f9ac8d30000)
  to   space 511872K,   0% used [0x00007f9a8a570000, 0x00007f9a8a570000, 0x00007f9aa9950000)
 tenured generation   total 10700920K, used 10700787K [0x00007f9ee5b50000, 0x00007fa172d6e000, 0x00007fa990600000)
   the space 10700920K,  99% used [0x00007f9ee5b50000, 0x00007fa172d4cd20, 0x00007fa172d4ce00, 0x00007fa172d6e000)
 Metaspace       used 30120K, capacity 30573K, committed 30720K, reserved 30720K
}

