# JRE version: OpenJDK Runtime Environment (13.0.7+5) (build 13.0.7+5-Ubuntu-0ubuntu120.04)
# Java VM: OpenJDK 64-Bit Server VM (13.0.7+5-Ubuntu-0ubuntu120.04, mixed mode, tiered, compressed oops, serial gc, linux-amd64)
Heap:
 def new generation   total 1936192K, used 0K [0x0000000080200000, 0x00000001036e0000, 0x0000000300150000)
  eden space 1721088K,   0% used [0x0000000080200000, 0x0000000080200000, 0x00000000e92c0000)
  from space 215104K,   0% used [0x00000000e92c0000, 0x00000000e92c0000, 0x00000000f64d0000)
  to   space 215104K,   0% used [0x00000000f64d0000, 0x00000000f64d0000, 0x00000001036e0000)
 tenured generation   total 4407676K, used 2878603K [0x0000000300150000, 0x000000040d1af000, 0x0000000800000000)
   the space 4407676K,  65% used [0x0000000300150000, 0x00000003afc72ff8, 0x00000003afc73000, 0x000000040d1af000)
 Metaspace       used 22747K, capacity 23297K, committed 23680K, reserved 1071104K
  class space    used 2351K, capacity 2568K, committed 2688K, reserved 1048576K
GC Heap History (20 events):
Event: 732.628 GC heap after
{Heap after GC invocations=640 (full 22):
 def new generation   total 1936192K, used 105910K [0x0000000080200000, 0x00000001036e0000, 0x0000000300150000)
  eden space 1721088K,   0% used [0x0000000080200000, 0x0000000080200000, 0x00000000e92c0000)
  from space 215104K,  49% used [0x00000000f64d0000, 0x00000000fcc3da28, 0x00000001036e0000)
  to   space 215104K,   0% used [0x00000000e92c0000, 0x00000000e92c0000, 0x00000000f64d0000)
 tenured generation   total 4302468K, used 3927732K [0x0000000300150000, 0x0000000406af1000, 0x0000000800000000)
   the space 4302468K,  91% used [0x0000000300150000, 0x00000003efcfd140, 0x00000003efcfd200, 0x0000000406af1000)
 Metaspace       used 22747K, capacity 23297K, committed 23680K, reserved 1071104K
  class space    used 2351K, capacity 2568K, committed 2688K, reserved 1048576K
}
Event: 733.911 GC heap before
{Heap before GC invocations=640 (full 22):
 def new generation   total 1936192K, used 1826998K [0x0000000080200000, 0x00000001036e0000, 0x0000000300150000)
  eden space 1721088K, 100% used [0x0000000080200000, 0x00000000e92c0000, 0x00000000e92c0000)
  from space 215104K,  49% used [0x00000000f64d0000, 0x00000000fcc3da28, 0x00000001036e0000)
  to   space 215104K,   0% used [0x00000000e92c0000, 0x00000000e92c0000, 0x00000000f64d0000)
 tenured generation   total 4302468K, used 3927732K [0x0000000300150000, 0x0000000406af1000, 0x0000000800000000)
   the space 4302468K,  91% used [0x0000000300150000, 0x00000003efcfd140, 0x00000003efcfd200, 0x0000000406af1000)
 Metaspace       used 22747K, capacity 23297K, committed 23680K, reserved 1071104K
  class space    used 2351K, capacity 2568K, committed 2688K, reserved 1048576K
}
Event: 734.036 GC heap after
{Heap after GC invocations=641 (full 22):
 def new generation   total 1936192K, used 208488K [0x0000000080200000, 0x00000001036e0000, 0x0000000300150000)
  eden space 1721088K,   0% used [0x0000000080200000, 0x0000000080200000, 0x00000000e92c0000)
  from space 215104K,  96% used [0x00000000e92c0000, 0x00000000f5e5a1d8, 0x00000000f64d0000)
  to   space 215104K,   0% used [0x00000000f64d0000, 0x00000000f64d0000, 0x00000001036e0000)
 tenured generation   total 4302468K, used 3927732K [0x0000000300150000, 0x0000000406af1000, 0x0000000800000000)
   the space 4302468K,  91% used [0x0000000300150000, 0x00000003efcfd140, 0x00000003efcfd200, 0x0000000406af1000)
 Metaspace       used 22747K, capacity 23297K, committed 23680K, reserved 1071104K
  class space    used 2351K, capacity 2568K, committed 2688K, reserved 1048576K
}
Event: 735.314 GC heap before
{Heap before GC invocations=641 (full 22):
 def new generation   total 1936192K, used 1929576K [0x0000000080200000, 0x00000001036e0000, 0x0000000300150000)
  eden space 1721088K, 100% used [0x0000000080200000, 0x00000000e92c0000, 0x00000000e92c0000)
  from space 215104K,  96% used [0x00000000e92c0000, 0x00000000f5e5a1d8, 0x00000000f64d0000)
  to   space 215104K,   0% used [0x00000000f64d0000, 0x00000000f64d0000, 0x00000001036e0000)
 tenured generation   total 4302468K, used 3927732K [0x0000000300150000, 0x0000000406af1000, 0x0000000800000000)
   the space 4302468K,  91% used [0x0000000300150000, 0x00000003efcfd140, 0x00000003efcfd200, 0x0000000406af1000)
 Metaspace       used 22747K, capacity 23297K, committed 23680K, reserved 1071104K
  class space    used 2351K, capacity 2568K, committed 2688K, reserved 1048576K
}
Event: 735.522 GC heap after
{Heap after GC invocations=642 (full 22):
 def new generation   total 1936192K, used 206201K [0x0000000080200000, 0x00000001036e0000, 0x0000000300150000)
  eden space 1721088K,   0% used [0x0000000080200000, 0x0000000080200000, 0x00000000e92c0000)
  from space 215104K,  95% used [0x00000000f64d0000, 0x0000000102e2e6a0, 0x00000001036e0000)
  to   space 215104K,   0% used [0x00000000e92c0000, 0x00000000e92c0000, 0x00000000f64d0000)
 tenured generation   total 4302468K, used 4033112K [0x0000000300150000, 0x0000000406af1000, 0x0000000800000000)
   the space 4302468K,  93% used [0x0000000300150000, 0x00000003f63e61d0, 0x00000003f63e6200, 0x0000000406af1000)
 Metaspace       used 22747K, capacity 23297K, committed 23680K, reserved 1071104K
  class space    used 2351K, capacity 2568K, committed 2688K, reserved 1048576K
}
Event: 736.869 GC heap before
{Heap before GC invocations=642 (full 22):
 def new generation   total 1936192K, used 1927289K [0x0000000080200000, 0x00000001036e0000, 0x0000000300150000)
  eden space 1721088K, 100% used [0x0000000080200000, 0x00000000e92c0000, 0x00000000e92c0000)
  from space 215104K,  95% used [0x00000000f64d0000, 0x0000000102e2e6a0, 0x00000001036e0000)
  to   space 215104K,   0% used [0x00000000e92c0000, 0x00000000e92c0000, 0x00000000f64d0000)
 tenured generation   total 4302468K, used 4033112K [0x0000000300150000, 0x0000000406af1000, 0x0000000800000000)
   the space 4302468K,  93% used [0x0000000300150000, 0x00000003f63e61d0, 0x00000003f63e6200, 0x0000000406af1000)
 Metaspace       used 22747K, capacity 23297K, committed 23680K, reserved 1071104K
  class space    used 2351K, capacity 2568K, committed 2688K, reserved 1048576K
}
Event: 736.966 GC heap after
{Heap after GC invocations=643 (full 22):
 def new generation   total 1936192K, used 148348K [0x0000000080200000, 0x00000001036e0000, 0x0000000300150000)
  eden space 1721088K,   0% used [0x0000000080200000, 0x0000000080200000, 0x00000000e92c0000)
  from space 215104K,  68% used [0x00000000e92c0000, 0x00000000f239f108, 0x00000000f64d0000)
  to   space 215104K,   0% used [0x00000000f64d0000, 0x00000000f64d0000, 0x00000001036e0000)
 tenured generation   total 4302468K, used 4044470K [0x0000000300150000, 0x0000000406af1000, 0x0000000800000000)
   the space 4302468K,  94% used [0x0000000300150000, 0x00000003f6efdb70, 0x00000003f6efdc00, 0x0000000406af1000)
 Metaspace       used 22747K, capacity 23297K, committed 23680K, reserved 1071104K
  class space    used 2351K, capacity 2568K, committed 2688K, reserved 1048576K
}
Event: 738.246 GC heap before
{Heap before GC invocations=643 (full 22):
 def new generation   total 1936192K, used 1869436K [0x0000000080200000, 0x00000001036e0000, 0x0000000300150000)
  eden space 1721088K, 100% used [0x0000000080200000, 0x00000000e92c0000, 0x00000000e92c0000)
  from space 215104K,  68% used [0x00000000e92c0000, 0x00000000f239f108, 0x00000000f64d0000)
  to   space 215104K,   0% used [0x00000000f64d0000, 0x00000000f64d0000, 0x00000001036e0000)
 tenured generation   total 4302468K, used 4044470K [0x0000000300150000, 0x0000000406af1000, 0x0000000800000000)
   the space 4302468K,  94% used [0x0000000300150000, 0x00000003f6efdb70, 0x00000003f6efdc00, 0x0000000406af1000)
 Metaspace       used 22747K, capacity 23297K, committed 23680K, reserved 1071104K
  class space    used 2351K, capacity 2568K, committed 2688K, reserved 1048576K
}
Event: 738.463 GC heap after
{Heap after GC invocations=644 (full 22):
 def new generation   total 1936192K, used 103110K [0x0000000080200000, 0x00000001036e0000, 0x0000000300150000)
  eden space 1721088K,   0% used [0x0000000080200000, 0x0000000080200000, 0x00000000e92c0000)
  from space 215104K,  47% used [0x00000000f64d0000, 0x00000000fc981a40, 0x00000001036e0000)
  to   space 215104K,   0% used [0x00000000e92c0000, 0x00000000e92c0000, 0x00000000f64d0000)
 tenured generation   total 4302468K, used 4191790K [0x0000000300150000, 0x0000000406af1000, 0x0000000800000000)
   the space 4302468K,  97% used [0x0000000300150000, 0x00000003ffedbaf0, 0x00000003ffedbc00, 0x0000000406af1000)
 Metaspace       used 22747K, capacity 23297K, committed 23680K, reserved 1071104K
  class space    used 2351K, capacity 2568K, committed 2688K, reserved 1048576K
}
Event: 739.793 GC heap before
{Heap before GC invocations=644 (full 22):
 def new generation   total 1936192K, used 1824198K [0x0000000080200000, 0x00000001036e0000, 0x0000000300150000)
  eden space 1721088K, 100% used [0x0000000080200000, 0x00000000e92c0000, 0x00000000e92c0000)
  from space 215104K,  47% used [0x00000000f64d0000, 0x00000000fc981a40, 0x00000001036e0000)
  to   space 215104K,   0% used [0x00000000e92c0000, 0x00000000e92c0000, 0x00000000f64d0000)
 tenured generation   total 4302468K, used 4191790K [0x0000000300150000, 0x0000000406af1000, 0x0000000800000000)
   the space 4302468K,  97% used [0x0000000300150000, 0x00000003ffedbaf0, 0x00000003ffedbc00, 0x0000000406af1000)
 Metaspace       used 22747K, capacity 23297K, committed 23680K, reserved 1071104K
  class space    used 2351K, capacity 2568K, committed 2688K, reserved 1048576K
}
Event: 739.880 GC heap after
{Heap after GC invocations=645 (full 22):
 def new generation   total 1936192K, used 97037K [0x0000000080200000, 0x00000001036e0000, 0x0000000300150000)
  eden space 1721088K,   0% used [0x0000000080200000, 0x0000000080200000, 0x00000000e92c0000)
  from space 215104K,  45% used [0x00000000e92c0000, 0x00000000ef183490, 0x00000000f64d0000)
  to   space 215104K,   0% used [0x00000000f64d0000, 0x00000000f64d0000, 0x00000001036e0000)
 tenured generation   total 4302468K, used 4191790K [0x0000000300150000, 0x0000000406af1000, 0x0000000800000000)
   the space 4302468K,  97% used [0x0000000300150000, 0x00000003ffedbaf0, 0x00000003ffedbc00, 0x0000000406af1000)
 Metaspace       used 22747K, capacity 23297K, committed 23680K, reserved 1071104K
  class space    used 2351K, capacity 2568K, committed 2688K, reserved 1048576K
}
Event: 741.167 GC heap before
{Heap before GC invocations=645 (full 22):
 def new generation   total 1936192K, used 1818125K [0x0000000080200000, 0x00000001036e0000, 0x0000000300150000)
  eden space 1721088K, 100% used [0x0000000080200000, 0x00000000e92c0000, 0x00000000e92c0000)
  from space 215104K,  45% used [0x00000000e92c0000, 0x00000000ef183490, 0x00000000f64d0000)
  to   space 215104K,   0% used [0x00000000f64d0000, 0x00000000f64d0000, 0x00000001036e0000)
 tenured generation   total 4302468K, used 4191790K [0x0000000300150000, 0x0000000406af1000, 0x0000000800000000)
   the space 4302468K,  97% used [0x0000000300150000, 0x00000003ffedbaf0, 0x00000003ffedbc00, 0x0000000406af1000)
 Metaspace       used 22747K, capacity 23297K, committed 23680K, reserved 1071104K
  class space    used 2351K, capacity 2568K, committed 2688K, reserved 1048576K
}
Event: 741.284 GC heap after
{Heap after GC invocations=646 (full 22):
 def new generation   total 1936192K, used 199621K [0x0000000080200000, 0x00000001036e0000, 0x0000000300150000)
  eden space 1721088K,   0% used [0x0000000080200000, 0x0000000080200000, 0x00000000e92c0000)
  from space 215104K,  92% used [0x00000000f64d0000, 0x00000001027c1720, 0x00000001036e0000)
  to   space 215104K,   0% used [0x00000000e92c0000, 0x00000000e92c0000, 0x00000000f64d0000)
 tenured generation   total 4302468K, used 4191790K [0x0000000300150000, 0x0000000406af1000, 0x0000000800000000)
   the space 4302468K,  97% used [0x0000000300150000, 0x00000003ffedbaf0, 0x00000003ffedbc00, 0x0000000406af1000)
 Metaspace       used 22747K, capacity 23297K, committed 23680K, reserved 1071104K
  class space    used 2351K, capacity 2568K, committed 2688K, reserved 1048576K
}
Event: 742.562 GC heap before
{Heap before GC invocations=646 (full 22):
 def new generation   total 1936192K, used 1920709K [0x0000000080200000, 0x00000001036e0000, 0x0000000300150000)
  eden space 1721088K, 100% used [0x0000000080200000, 0x00000000e92c0000, 0x00000000e92c0000)
  from space 215104K,  92% used [0x00000000f64d0000, 0x00000001027c1720, 0x00000001036e0000)
  to   space 215104K,   0% used [0x00000000e92c0000, 0x00000000e92c0000, 0x00000000f64d0000)
 tenured generation   total 4302468K, used 4191790K [0x0000000300150000, 0x0000000406af1000, 0x0000000800000000)
   the space 4302468K,  97% used [0x0000000300150000, 0x00000003ffedbaf0, 0x00000003ffedbc00, 0x0000000406af1000)
 Metaspace       used 22747K, capacity 23297K, committed 23680K, reserved 1071104K
  class space    used 2351K, capacity 2568K, committed 2688K, reserved 1048576K
}
Event: 742.842 GC heap after
{Heap after GC invocations=647 (full 22):
 def new generation   total 1936192K, used 205697K [0x0000000080200000, 0x00000001036e0000, 0x0000000300150000)
  eden space 1721088K,   0% used [0x0000000080200000, 0x0000000080200000, 0x00000000e92c0000)
  from space 215104K,  95% used [0x00000000e92c0000, 0x00000000f5ba0550, 0x00000000f64d0000)
  to   space 215104K,   0% used [0x00000000f64d0000, 0x00000000f64d0000, 0x00000001036e0000)
 tenured generation   total 4302468K, used 4288301K [0x0000000300150000, 0x0000000406af1000, 0x0000000800000000)
   the space 4302468K,  99% used [0x0000000300150000, 0x0000000405d1b5e8, 0x0000000405d1b600, 0x0000000406af1000)
 Metaspace       used 22747K, capacity 23297K, committed 23680K, reserved 1071104K
  class space    used 2351K, capacity 2568K, committed 2688K, reserved 1048576K
}
Event: 744.092 GC heap before
{Heap before GC invocations=647 (full 22):
 def new generation   total 1936192K, used 1926785K [0x0000000080200000, 0x00000001036e0000, 0x0000000300150000)
  eden space 1721088K, 100% used [0x0000000080200000, 0x00000000e92c0000, 0x00000000e92c0000)
  from space 215104K,  95% used [0x00000000e92c0000, 0x00000000f5ba0550, 0x00000000f64d0000)
  to   space 215104K,   0% used [0x00000000f64d0000, 0x00000000f64d0000, 0x00000001036e0000)
 tenured generation   total 4302468K, used 4288301K [0x0000000300150000, 0x0000000406af1000, 0x0000000800000000)
   the space 4302468K,  99% used [0x0000000300150000, 0x0000000405d1b5e8, 0x0000000405d1b600, 0x0000000406af1000)
 Metaspace       used 22747K, capacity 23297K, committed 23680K, reserved 1071104K
  class space    used 2351K, capacity 2568K, committed 2688K, reserved 1048576K
}
Event: 744.160 GC heap after
{Heap after GC invocations=648 (full 22):
 def new generation   total 1936192K, used 114180K [0x0000000080200000, 0x00000001036e0000, 0x0000000300150000)
  eden space 1721088K,   0% used [0x0000000080200000, 0x0000000080200000, 0x00000000e92c0000)
  from space 215104K,  53% used [0x00000000f64d0000, 0x00000000fd4513c0, 0x00000001036e0000)
  to   space 215104K,   0% used [0x00000000e92c0000, 0x00000000e92c0000, 0x00000000f64d0000)
 tenured generation   total 4302468K, used 4293982K [0x0000000300150000, 0x0000000406af1000, 0x0000000800000000)
   the space 4302468K,  99% used [0x0000000300150000, 0x00000004062a7988, 0x00000004062a7a00, 0x0000000406af1000)
 Metaspace       used 22747K, capacity 23297K, committed 23680K, reserved 1071104K
  class space    used 2351K, capacity 2568K, committed 2688K, reserved 1048576K
}
Event: 745.456 GC heap before
{Heap before GC invocations=648 (full 22):
 def new generation   total 1936192K, used 1835268K [0x0000000080200000, 0x00000001036e0000, 0x0000000300150000)
  eden space 1721088K, 100% used [0x0000000080200000, 0x00000000e92c0000, 0x00000000e92c0000)
  from space 215104K,  53% used [0x00000000f64d0000, 0x00000000fd4513c0, 0x00000001036e0000)
  to   space 215104K,   0% used [0x00000000e92c0000, 0x00000000e92c0000, 0x00000000f64d0000)
 tenured generation   total 4302468K, used 4293982K [0x0000000300150000, 0x0000000406af1000, 0x0000000800000000)
   the space 4302468K,  99% used [0x0000000300150000, 0x00000004062a7988, 0x00000004062a7a00, 0x0000000406af1000)
 Metaspace       used 22747K, capacity 23297K, committed 23680K, reserved 1071104K
  class space    used 2351K, capacity 2568K, committed 2688K, reserved 1048576K
}
Event: 745.692 GC heap after
{Heap after GC invocations=649 (full 22):
 def new generation   total 1936192K, used 102606K [0x0000000080200000, 0x00000001036e0000, 0x0000000300150000)
  eden space 1721088K,   0% used [0x0000000080200000, 0x0000000080200000, 0x00000000e92c0000)
  from space 215104K,  47% used [0x00000000e92c0000, 0x00000000ef6f3948, 0x00000000f64d0000)
  to   space 215104K,   0% used [0x00000000f64d0000, 0x00000000f64d0000, 0x00000001036e0000)
 tenured generation   total 4407676K, used 4407647K [0x0000000300150000, 0x000000040d1af000, 0x0000000800000000)
   the space 4407676K,  99% used [0x0000000300150000, 0x000000040d1a7c30, 0x000000040d1a7e00, 0x000000040d1af000)
 Metaspace       used 22747K, capacity 23297K, committed 23680K, reserved 1071104K
  class space    used 2351K, capacity 2568K, committed 2688K, reserved 1048576K
}
Event: 745.692 GC heap before
{Heap before GC invocations=649 (full 22):
 def new generation   total 1936192K, used 102606K [0x0000000080200000, 0x00000001036e0000, 0x0000000300150000)
  eden space 1721088K,   0% used [0x0000000080200000, 0x0000000080200000, 0x00000000e92c0000)
  from space 215104K,  47% used [0x00000000e92c0000, 0x00000000ef6f3948, 0x00000000f64d0000)
  to   space 215104K,   0% used [0x00000000f64d0000, 0x00000000f64d0000, 0x00000001036e0000)
 tenured generation   total 4407676K, used 4407647K [0x0000000300150000, 0x000000040d1af000, 0x0000000800000000)
   the space 4407676K,  99% used [0x0000000300150000, 0x000000040d1a7c30, 0x000000040d1a7e00, 0x000000040d1af000)
 Metaspace       used 22747K, capacity 23297K, committed 23680K, reserved 1071104K
  class space    used 2351K, capacity 2568K, committed 2688K, reserved 1048576K
}

