# JRE version: OpenJDK Runtime Environment (13.0.7+5) (build 13.0.7+5-Ubuntu-0ubuntu120.04)
# Java VM: OpenJDK 64-Bit Server VM (13.0.7+5-Ubuntu-0ubuntu120.04, mixed mode, tiered, serial gc, linux-amd64)
Heap:
 def new generation   total 2902976K, used 12233K [0x00007fe6e0600000, 0x00007fe7a53e0000, 0x00007fec35b50000)
  eden space 2580480K,   0% used [0x00007fe6e0600000, 0x00007fe6e11f25c0, 0x00007fe77de00000)
  from space 322496K,   0% used [0x00007fe7918f0000, 0x00007fe7918f0000, 0x00007fe7a53e0000)
  to   space 322496K,   0% used [0x00007fe77de00000, 0x00007fe77de00000, 0x00007fe7918f0000)
 tenured generation   total 6451236K, used 6451235K [0x00007fec35b50000, 0x00007fedbf759000, 0x00007ff6e0600000)
   the space 6451236K,  99% used [0x00007fec35b50000, 0x00007fedbf758ff0, 0x00007fedbf759000, 0x00007fedbf759000)
 Metaspace       used 24349K, capacity 24765K, committed 24832K, reserved 26624K
GC Heap History (20 events):
Event: 13150.322 GC heap after
{Heap after GC invocations=16843 (full 4):
 def new generation   total 2902976K, used 11908K [0x00007fe6e0600000, 0x00007fe7a53e0000, 0x00007fec35b50000)
  eden space 2580480K,   0% used [0x00007fe6e0600000, 0x00007fe6e0600000, 0x00007fe77de00000)
  from space 322496K,   3% used [0x00007fe77de00000, 0x00007fe77e9a1270, 0x00007fe7918f0000)
  to   space 322496K,   0% used [0x00007fe7918f0000, 0x00007fe7918f0000, 0x00007fe7a53e0000)
 tenured generation   total 6450852K, used 6443733K [0x00007fec35b50000, 0x00007fedbf6f9000, 0x00007ff6e0600000)
   the space 6450852K,  99% used [0x00007fec35b50000, 0x00007fedbf005488, 0x00007fedbf005600, 0x00007fedbf6f9000)
 Metaspace       used 24349K, capacity 24765K, committed 24832K, reserved 26624K
}
Event: 13152.154 GC heap before
{Heap before GC invocations=16843 (full 4):
 def new generation   total 2902976K, used 2592388K [0x00007fe6e0600000, 0x00007fe7a53e0000, 0x00007fec35b50000)
  eden space 2580480K, 100% used [0x00007fe6e0600000, 0x00007fe77de00000, 0x00007fe77de00000)
  from space 322496K,   3% used [0x00007fe77de00000, 0x00007fe77e9a1270, 0x00007fe7918f0000)
  to   space 322496K,   0% used [0x00007fe7918f0000, 0x00007fe7918f0000, 0x00007fe7a53e0000)
 tenured generation   total 6450852K, used 6443733K [0x00007fec35b50000, 0x00007fedbf6f9000, 0x00007ff6e0600000)
   the space 6450852K,  99% used [0x00007fec35b50000, 0x00007fedbf005488, 0x00007fedbf005600, 0x00007fedbf6f9000)
 Metaspace       used 24349K, capacity 24765K, committed 24832K, reserved 26624K
}
Event: 13152.179 GC heap after
{Heap after GC invocations=16844 (full 4):
 def new generation   total 2902976K, used 12158K [0x00007fe6e0600000, 0x00007fe7a53e0000, 0x00007fec35b50000)
  eden space 2580480K,   0% used [0x00007fe6e0600000, 0x00007fe6e0600000, 0x00007fe77de00000)
  from space 322496K,   3% used [0x00007fe7918f0000, 0x00007fe7924cfa78, 0x00007fe7a53e0000)
  to   space 322496K,   0% used [0x00007fe77de00000, 0x00007fe77de00000, 0x00007fe7918f0000)
 tenured generation   total 6450852K, used 6444446K [0x00007fec35b50000, 0x00007fedbf6f9000, 0x00007ff6e0600000)
   the space 6450852K,  99% used [0x00007fec35b50000, 0x00007fedbf0b7868, 0x00007fedbf0b7a00, 0x00007fedbf6f9000)
 Metaspace       used 24349K, capacity 24765K, committed 24832K, reserved 26624K
}
Event: 13153.912 GC heap before
{Heap before GC invocations=16844 (full 4):
 def new generation   total 2902976K, used 2592638K [0x00007fe6e0600000, 0x00007fe7a53e0000, 0x00007fec35b50000)
  eden space 2580480K, 100% used [0x00007fe6e0600000, 0x00007fe77de00000, 0x00007fe77de00000)
  from space 322496K,   3% used [0x00007fe7918f0000, 0x00007fe7924cfa78, 0x00007fe7a53e0000)
  to   space 322496K,   0% used [0x00007fe77de00000, 0x00007fe77de00000, 0x00007fe7918f0000)
 tenured generation   total 6450852K, used 6444446K [0x00007fec35b50000, 0x00007fedbf6f9000, 0x00007ff6e0600000)
   the space 6450852K,  99% used [0x00007fec35b50000, 0x00007fedbf0b7868, 0x00007fedbf0b7a00, 0x00007fedbf6f9000)
 Metaspace       used 24349K, capacity 24765K, committed 24832K, reserved 26624K
}
Event: 13153.936 GC heap after
{Heap after GC invocations=16845 (full 4):
 def new generation   total 2902976K, used 12404K [0x00007fe6e0600000, 0x00007fe7a53e0000, 0x00007fec35b50000)
  eden space 2580480K,   0% used [0x00007fe6e0600000, 0x00007fe6e0600000, 0x00007fe77de00000)
  from space 322496K,   3% used [0x00007fe77de00000, 0x00007fe77ea1d0b0, 0x00007fe7918f0000)
  to   space 322496K,   0% used [0x00007fe7918f0000, 0x00007fe7918f0000, 0x00007fe7a53e0000)
 tenured generation   total 6450852K, used 6445159K [0x00007fec35b50000, 0x00007fedbf6f9000, 0x00007ff6e0600000)
   the space 6450852K,  99% used [0x00007fec35b50000, 0x00007fedbf169c48, 0x00007fedbf169e00, 0x00007fedbf6f9000)
 Metaspace       used 24349K, capacity 24765K, committed 24832K, reserved 26624K
}
Event: 13155.678 GC heap before
{Heap before GC invocations=16845 (full 4):
 def new generation   total 2902976K, used 2592884K [0x00007fe6e0600000, 0x00007fe7a53e0000, 0x00007fec35b50000)
  eden space 2580480K, 100% used [0x00007fe6e0600000, 0x00007fe77de00000, 0x00007fe77de00000)
  from space 322496K,   3% used [0x00007fe77de00000, 0x00007fe77ea1d0b0, 0x00007fe7918f0000)
  to   space 322496K,   0% used [0x00007fe7918f0000, 0x00007fe7918f0000, 0x00007fe7a53e0000)
 tenured generation   total 6450852K, used 6445159K [0x00007fec35b50000, 0x00007fedbf6f9000, 0x00007ff6e0600000)
   the space 6450852K,  99% used [0x00007fec35b50000, 0x00007fedbf169c48, 0x00007fedbf169e00, 0x00007fedbf6f9000)
 Metaspace       used 24349K, capacity 24765K, committed 24832K, reserved 26624K
}
Event: 13155.706 GC heap after
{Heap after GC invocations=16846 (full 4):
 def new generation   total 2902976K, used 12628K [0x00007fe6e0600000, 0x00007fe7a53e0000, 0x00007fec35b50000)
  eden space 2580480K,   0% used [0x00007fe6e0600000, 0x00007fe6e0600000, 0x00007fe77de00000)
  from space 322496K,   3% used [0x00007fe7918f0000, 0x00007fe7925450d0, 0x00007fe7a53e0000)
  to   space 322496K,   0% used [0x00007fe77de00000, 0x00007fe77de00000, 0x00007fe7918f0000)
 tenured generation   total 6450852K, used 6445872K [0x00007fec35b50000, 0x00007fedbf6f9000, 0x00007ff6e0600000)
   the space 6450852K,  99% used [0x00007fec35b50000, 0x00007fedbf21c028, 0x00007fedbf21c200, 0x00007fedbf6f9000)
 Metaspace       used 24349K, capacity 24765K, committed 24832K, reserved 26624K
}
Event: 13157.538 GC heap before
{Heap before GC invocations=16846 (full 4):
 def new generation   total 2902976K, used 2593108K [0x00007fe6e0600000, 0x00007fe7a53e0000, 0x00007fec35b50000)
  eden space 2580480K, 100% used [0x00007fe6e0600000, 0x00007fe77de00000, 0x00007fe77de00000)
  from space 322496K,   3% used [0x00007fe7918f0000, 0x00007fe7925450d0, 0x00007fe7a53e0000)
  to   space 322496K,   0% used [0x00007fe77de00000, 0x00007fe77de00000, 0x00007fe7918f0000)
 tenured generation   total 6450852K, used 6445872K [0x00007fec35b50000, 0x00007fedbf6f9000, 0x00007ff6e0600000)
   the space 6450852K,  99% used [0x00007fec35b50000, 0x00007fedbf21c028, 0x00007fedbf21c200, 0x00007fedbf6f9000)
 Metaspace       used 24349K, capacity 24765K, committed 24832K, reserved 26624K
}
Event: 13157.564 GC heap after
{Heap after GC invocations=16847 (full 4):
 def new generation   total 2902976K, used 13037K [0x00007fe6e0600000, 0x00007fe7a53e0000, 0x00007fec35b50000)
  eden space 2580480K,   0% used [0x00007fe6e0600000, 0x00007fe6e0600000, 0x00007fe77de00000)
  from space 322496K,   4% used [0x00007fe77de00000, 0x00007fe77eabb7d8, 0x00007fe7918f0000)
  to   space 322496K,   0% used [0x00007fe7918f0000, 0x00007fe7918f0000, 0x00007fe7a53e0000)
 tenured generation   total 6450852K, used 6446585K [0x00007fec35b50000, 0x00007fedbf6f9000, 0x00007ff6e0600000)
   the space 6450852K,  99% used [0x00007fec35b50000, 0x00007fedbf2ce408, 0x00007fedbf2ce600, 0x00007fedbf6f9000)
 Metaspace       used 24349K, capacity 24765K, committed 24832K, reserved 26624K
}
Event: 13159.356 GC heap before
{Heap before GC invocations=16847 (full 4):
 def new generation   total 2902976K, used 2593517K [0x00007fe6e0600000, 0x00007fe7a53e0000, 0x00007fec35b50000)
  eden space 2580480K, 100% used [0x00007fe6e0600000, 0x00007fe77de00000, 0x00007fe77de00000)
  from space 322496K,   4% used [0x00007fe77de00000, 0x00007fe77eabb7d8, 0x00007fe7918f0000)
  to   space 322496K,   0% used [0x00007fe7918f0000, 0x00007fe7918f0000, 0x00007fe7a53e0000)
 tenured generation   total 6450852K, used 6446585K [0x00007fec35b50000, 0x00007fedbf6f9000, 0x00007ff6e0600000)
   the space 6450852K,  99% used [0x00007fec35b50000, 0x00007fedbf2ce408, 0x00007fedbf2ce600, 0x00007fedbf6f9000)
 Metaspace       used 24349K, capacity 24765K, committed 24832K, reserved 26624K
}
Event: 13159.383 GC heap after
{Heap after GC invocations=16848 (full 4):
 def new generation   total 2902976K, used 13370K [0x00007fe6e0600000, 0x00007fe7a53e0000, 0x00007fec35b50000)
  eden space 2580480K,   0% used [0x00007fe6e0600000, 0x00007fe6e0600000, 0x00007fe77de00000)
  from space 322496K,   4% used [0x00007fe7918f0000, 0x00007fe7925fe8e0, 0x00007fe7a53e0000)
  to   space 322496K,   0% used [0x00007fe77de00000, 0x00007fe77de00000, 0x00007fe7918f0000)
 tenured generation   total 6450852K, used 6447297K [0x00007fec35b50000, 0x00007fedbf6f9000, 0x00007ff6e0600000)
   the space 6450852K,  99% used [0x00007fec35b50000, 0x00007fedbf3807e8, 0x00007fedbf380800, 0x00007fedbf6f9000)
 Metaspace       used 24349K, capacity 24765K, committed 24832K, reserved 26624K
}
Event: 13161.194 GC heap before
{Heap before GC invocations=16848 (full 4):
 def new generation   total 2902976K, used 2593850K [0x00007fe6e0600000, 0x00007fe7a53e0000, 0x00007fec35b50000)
  eden space 2580480K, 100% used [0x00007fe6e0600000, 0x00007fe77de00000, 0x00007fe77de00000)
  from space 322496K,   4% used [0x00007fe7918f0000, 0x00007fe7925fe8e0, 0x00007fe7a53e0000)
  to   space 322496K,   0% used [0x00007fe77de00000, 0x00007fe77de00000, 0x00007fe7918f0000)
 tenured generation   total 6450852K, used 6447297K [0x00007fec35b50000, 0x00007fedbf6f9000, 0x00007ff6e0600000)
   the space 6450852K,  99% used [0x00007fec35b50000, 0x00007fedbf3807e8, 0x00007fedbf380800, 0x00007fedbf6f9000)
 Metaspace       used 24349K, capacity 24765K, committed 24832K, reserved 26624K
}
Event: 13161.219 GC heap after
{Heap after GC invocations=16849 (full 4):
 def new generation   total 2902976K, used 13242K [0x00007fe6e0600000, 0x00007fe7a53e0000, 0x00007fec35b50000)
  eden space 2580480K,   0% used [0x00007fe6e0600000, 0x00007fe6e0600000, 0x00007fe77de00000)
  from space 322496K,   4% used [0x00007fe77de00000, 0x00007fe77eaeea68, 0x00007fe7918f0000)
  to   space 322496K,   0% used [0x00007fe7918f0000, 0x00007fe7918f0000, 0x00007fe7a53e0000)
 tenured generation   total 6450852K, used 6448081K [0x00007fec35b50000, 0x00007fedbf6f9000, 0x00007ff6e0600000)
   the space 6450852K,  99% used [0x00007fec35b50000, 0x00007fedbf4446b8, 0x00007fedbf444800, 0x00007fedbf6f9000)
 Metaspace       used 24349K, capacity 24765K, committed 24832K, reserved 26624K
}
Event: 13163.061 GC heap before
{Heap before GC invocations=16849 (full 4):
 def new generation   total 2902976K, used 2593722K [0x00007fe6e0600000, 0x00007fe7a53e0000, 0x00007fec35b50000)
  eden space 2580480K, 100% used [0x00007fe6e0600000, 0x00007fe77de00000, 0x00007fe77de00000)
  from space 322496K,   4% used [0x00007fe77de00000, 0x00007fe77eaeea68, 0x00007fe7918f0000)
  to   space 322496K,   0% used [0x00007fe7918f0000, 0x00007fe7918f0000, 0x00007fe7a53e0000)
 tenured generation   total 6450852K, used 6448081K [0x00007fec35b50000, 0x00007fedbf6f9000, 0x00007ff6e0600000)
   the space 6450852K,  99% used [0x00007fec35b50000, 0x00007fedbf4446b8, 0x00007fedbf444800, 0x00007fedbf6f9000)
 Metaspace       used 24349K, capacity 24765K, committed 24832K, reserved 26624K
}
Event: 13163.090 GC heap after
{Heap after GC invocations=16850 (full 4):
 def new generation   total 2902976K, used 12992K [0x00007fe6e0600000, 0x00007fe7a53e0000, 0x00007fec35b50000)
  eden space 2580480K,   0% used [0x00007fe6e0600000, 0x00007fe6e0600000, 0x00007fe77de00000)
  from space 322496K,   4% used [0x00007fe7918f0000, 0x00007fe7925a0240, 0x00007fe7a53e0000)
  to   space 322496K,   0% used [0x00007fe77de00000, 0x00007fe77de00000, 0x00007fe7918f0000)
 tenured generation   total 6450852K, used 6449047K [0x00007fec35b50000, 0x00007fedbf6f9000, 0x00007ff6e0600000)
   the space 6450852K,  99% used [0x00007fec35b50000, 0x00007fedbf535dc8, 0x00007fedbf535e00, 0x00007fedbf6f9000)
 Metaspace       used 24349K, capacity 24765K, committed 24832K, reserved 26624K
}
Event: 13164.832 GC heap before
{Heap before GC invocations=16850 (full 4):
 def new generation   total 2902976K, used 2593472K [0x00007fe6e0600000, 0x00007fe7a53e0000, 0x00007fec35b50000)
  eden space 2580480K, 100% used [0x00007fe6e0600000, 0x00007fe77de00000, 0x00007fe77de00000)
  from space 322496K,   4% used [0x00007fe7918f0000, 0x00007fe7925a0240, 0x00007fe7a53e0000)
  to   space 322496K,   0% used [0x00007fe77de00000, 0x00007fe77de00000, 0x00007fe7918f0000)
 tenured generation   total 6450852K, used 6449047K [0x00007fec35b50000, 0x00007fedbf6f9000, 0x00007ff6e0600000)
   the space 6450852K,  99% used [0x00007fec35b50000, 0x00007fedbf535dc8, 0x00007fedbf535e00, 0x00007fedbf6f9000)
 Metaspace       used 24349K, capacity 24765K, committed 24832K, reserved 26624K
}
Event: 13164.863 GC heap after
{Heap after GC invocations=16851 (full 4):
 def new generation   total 2902976K, used 12746K [0x00007fe6e0600000, 0x00007fe7a53e0000, 0x00007fec35b50000)
  eden space 2580480K,   0% used [0x00007fe6e0600000, 0x00007fe6e0600000, 0x00007fe77de00000)
  from space 322496K,   3% used [0x00007fe77de00000, 0x00007fe77ea72810, 0x00007fe7918f0000)
  to   space 322496K,   0% used [0x00007fe7918f0000, 0x00007fe7918f0000, 0x00007fe7a53e0000)
 tenured generation   total 6450852K, used 6450008K [0x00007fec35b50000, 0x00007fedbf6f9000, 0x00007ff6e0600000)
   the space 6450852K,  99% used [0x00007fec35b50000, 0x00007fedbf626398, 0x00007fedbf626400, 0x00007fedbf6f9000)
 Metaspace       used 24349K, capacity 24765K, committed 24832K, reserved 26624K
}
Event: 13166.563 GC heap before
{Heap before GC invocations=16851 (full 4):
 def new generation   total 2902976K, used 2593226K [0x00007fe6e0600000, 0x00007fe7a53e0000, 0x00007fec35b50000)
  eden space 2580480K, 100% used [0x00007fe6e0600000, 0x00007fe77de00000, 0x00007fe77de00000)
  from space 322496K,   3% used [0x00007fe77de00000, 0x00007fe77ea72810, 0x00007fe7918f0000)
  to   space 322496K,   0% used [0x00007fe7918f0000, 0x00007fe7918f0000, 0x00007fe7a53e0000)
 tenured generation   total 6450852K, used 6450008K [0x00007fec35b50000, 0x00007fedbf6f9000, 0x00007ff6e0600000)
   the space 6450852K,  99% used [0x00007fec35b50000, 0x00007fedbf626398, 0x00007fedbf626400, 0x00007fedbf6f9000)
 Metaspace       used 24349K, capacity 24765K, committed 24832K, reserved 26624K
}
Event: 13166.595 GC heap after
{Heap after GC invocations=16852 (full 4):
 def new generation   total 2902976K, used 12322K [0x00007fe6e0600000, 0x00007fe7a53e0000, 0x00007fec35b50000)
  eden space 2580480K,   0% used [0x00007fe6e0600000, 0x00007fe6e0600000, 0x00007fe77de00000)
  from space 322496K,   3% used [0x00007fe7918f0000, 0x00007fe7924f8a58, 0x00007fe7a53e0000)
  to   space 322496K,   0% used [0x00007fe77de00000, 0x00007fe77de00000, 0x00007fe7918f0000)
 tenured generation   total 6451236K, used 6451146K [0x00007fec35b50000, 0x00007fedbf759000, 0x00007ff6e0600000)
   the space 6451236K,  99% used [0x00007fec35b50000, 0x00007fedbf742b58, 0x00007fedbf742c00, 0x00007fedbf759000)
 Metaspace       used 24349K, capacity 24765K, committed 24832K, reserved 26624K
}
Event: 13166.595 GC heap before
{Heap before GC invocations=16852 (full 4):
 def new generation   total 2902976K, used 12322K [0x00007fe6e0600000, 0x00007fe7a53e0000, 0x00007fec35b50000)
  eden space 2580480K,   0% used [0x00007fe6e0600000, 0x00007fe6e0600000, 0x00007fe77de00000)
  from space 322496K,   3% used [0x00007fe7918f0000, 0x00007fe7924f8a58, 0x00007fe7a53e0000)
  to   space 322496K,   0% used [0x00007fe77de00000, 0x00007fe77de00000, 0x00007fe7918f0000)
 tenured generation   total 6451236K, used 6451146K [0x00007fec35b50000, 0x00007fedbf759000, 0x00007ff6e0600000)
   the space 6451236K,  99% used [0x00007fec35b50000, 0x00007fedbf742b58, 0x00007fedbf742c00, 0x00007fedbf759000)
 Metaspace       used 24349K, capacity 24765K, committed 24832K, reserved 26624K
}

