# JRE version: OpenJDK Runtime Environment (13.0.7+5) (build 13.0.7+5-Ubuntu-0ubuntu120.04)
# Java VM: OpenJDK 64-Bit Server VM (13.0.7+5-Ubuntu-0ubuntu120.04, mixed mode, tiered, serial gc, linux-amd64)
Heap:
 def new generation   total 1572992K, used 0K [0x00007faba8600000, 0x00007fac130c0000, 0x00007fb0fdb50000)
  eden space 1398272K,   0% used [0x00007faba8600000, 0x00007faba8600000, 0x00007fabfdb80000)
  from space 174720K,   0% used [0x00007fac08620000, 0x00007fac08620000, 0x00007fac130c0000)
  to   space 174720K,   0% used [0x00007fabfdb80000, 0x00007fabfdb80000, 0x00007fac08620000)
 tenured generation   total 3495300K, used 9477K [0x00007fb0fdb50000, 0x00007fb1d30b1000, 0x00007fbba8600000)
   the space 3495300K,   0% used [0x00007fb0fdb50000, 0x00007fb0fe491610, 0x00007fb0fe491800, 0x00007fb1d30b1000)
 Metaspace       used 23282K, capacity 23669K, committed 23808K, reserved 24576K
GC Heap History (20 events):
Event: 7.156 GC heap before
{Heap before GC invocations=2 (full 1):
 def new generation   total 629248K, used 560079K [0x00007faba8600000, 0x00007fabd30c0000, 0x00007fb0fdb50000)
  eden space 559360K, 100% used [0x00007faba8600000, 0x00007fabca840000, 0x00007fabca840000)
  from space 69888K,   1% used [0x00007fabcec80000, 0x00007fabced33e58, 0x00007fabd30c0000)
  to   space 69888K,   0% used [0x00007fabca840000, 0x00007fabca840000, 0x00007fabcec80000)
 tenured generation   total 1398144K, used 13610K [0x00007fb0fdb50000, 0x00007fb1530b0000, 0x00007fbba8600000)
   the space 1398144K,   0% used [0x00007fb0fdb50000, 0x00007fb0fe89aad8, 0x00007fb0fe89ac00, 0x00007fb1530b0000)
 Metaspace       used 23080K, capacity 23398K, committed 23552K, reserved 24576K
}
Event: 7.159 GC heap after
{Heap after GC invocations=3 (full 1):
 def new generation   total 629248K, used 1039K [0x00007faba8600000, 0x00007fabd30c0000, 0x00007fb0fdb50000)
  eden space 559360K,   0% used [0x00007faba8600000, 0x00007faba8600000, 0x00007fabca840000)
  from space 69888K,   1% used [0x00007fabca840000, 0x00007fabca943d20, 0x00007fabcec80000)
  to   space 69888K,   0% used [0x00007fabcec80000, 0x00007fabcec80000, 0x00007fabd30c0000)
 tenured generation   total 1398144K, used 13610K [0x00007fb0fdb50000, 0x00007fb1530b0000, 0x00007fbba8600000)
   the space 1398144K,   0% used [0x00007fb0fdb50000, 0x00007fb0fe89aad8, 0x00007fb0fe89ac00, 0x00007fb1530b0000)
 Metaspace       used 23080K, capacity 23398K, committed 23552K, reserved 24576K
}
Event: 8.357 GC heap before
{Heap before GC invocations=3 (full 1):
 def new generation   total 629248K, used 530387K [0x00007faba8600000, 0x00007fabd30c0000, 0x00007fb0fdb50000)
  eden space 559360K,  94% used [0x00007faba8600000, 0x00007fabc8af0f90, 0x00007fabca840000)
  from space 69888K,   1% used [0x00007fabca840000, 0x00007fabca943d20, 0x00007fabcec80000)
  to   space 69888K,   0% used [0x00007fabcec80000, 0x00007fabcec80000, 0x00007fabd30c0000)
 tenured generation   total 1398144K, used 13610K [0x00007fb0fdb50000, 0x00007fb1530b0000, 0x00007fbba8600000)
   the space 1398144K,   0% used [0x00007fb0fdb50000, 0x00007fb0fe89aad8, 0x00007fb0fe89ac00, 0x00007fb1530b0000)
 Metaspace       used 23262K, capacity 23668K, committed 23808K, reserved 24576K
}
Event: 8.765 GC heap after
{Heap after GC invocations=4 (full 1):
 def new generation   total 629248K, used 1187K [0x00007faba8600000, 0x00007fabd30c0000, 0x00007fb0fdb50000)
  eden space 559360K,   0% used [0x00007faba8600000, 0x00007faba8600000, 0x00007fabca840000)
  from space 69888K,   1% used [0x00007fabcec80000, 0x00007fabceda8e10, 0x00007fabd30c0000)
  to   space 69888K,   0% used [0x00007fabca840000, 0x00007fabca840000, 0x00007fabcec80000)
 tenured generation   total 1398144K, used 275754K [0x00007fb0fdb50000, 0x00007fb1530b0000, 0x00007fbba8600000)
   the space 1398144K,  19% used [0x00007fb0fdb50000, 0x00007fb10e89ab08, 0x00007fb10e89ac00, 0x00007fb1530b0000)
 Metaspace       used 23262K, capacity 23668K, committed 23808K, reserved 24576K
}
Event: 10.052 GC heap before
{Heap before GC invocations=4 (full 1):
 def new generation   total 629248K, used 551146K [0x00007faba8600000, 0x00007fabd30c0000, 0x00007fb0fdb50000)
  eden space 559360K,  98% used [0x00007faba8600000, 0x00007fabc9f11b98, 0x00007fabca840000)
  from space 69888K,   1% used [0x00007fabcec80000, 0x00007fabceda8e10, 0x00007fabd30c0000)
  to   space 69888K,   0% used [0x00007fabca840000, 0x00007fabca840000, 0x00007fabcec80000)
 tenured generation   total 1398144K, used 275754K [0x00007fb0fdb50000, 0x00007fb1530b0000, 0x00007fbba8600000)
   the space 1398144K,  19% used [0x00007fb0fdb50000, 0x00007fb10e89ab08, 0x00007fb10e89ac00, 0x00007fb1530b0000)
 Metaspace       used 23282K, capacity 23669K, committed 23808K, reserved 24576K
}
Event: 10.062 GC heap after
{Heap after GC invocations=5 (full 1):
 def new generation   total 629248K, used 3917K [0x00007faba8600000, 0x00007fabd30c0000, 0x00007fb0fdb50000)
  eden space 559360K,   0% used [0x00007faba8600000, 0x00007faba8600000, 0x00007fabca840000)
  from space 69888K,   5% used [0x00007fabca840000, 0x00007fabcac13740, 0x00007fabcec80000)
  to   space 69888K,   0% used [0x00007fabcec80000, 0x00007fabcec80000, 0x00007fabd30c0000)
 tenured generation   total 1398144K, used 275754K [0x00007fb0fdb50000, 0x00007fb1530b0000, 0x00007fbba8600000)
   the space 1398144K,  19% used [0x00007fb0fdb50000, 0x00007fb10e89ab08, 0x00007fb10e89ac00, 0x00007fb1530b0000)
 Metaspace       used 23282K, capacity 23669K, committed 23808K, reserved 24576K
}
Event: 10.062 GC heap before
{Heap before GC invocations=5 (full 1):
 def new generation   total 629248K, used 3917K [0x00007faba8600000, 0x00007fabd30c0000, 0x00007fb0fdb50000)
  eden space 559360K,   0% used [0x00007faba8600000, 0x00007faba8600000, 0x00007fabca840000)
  from space 69888K,   5% used [0x00007fabca840000, 0x00007fabcac13740, 0x00007fabcec80000)
  to   space 69888K,   0% used [0x00007fabcec80000, 0x00007fabcec80000, 0x00007fabd30c0000)
 tenured generation   total 1398144K, used 275754K [0x00007fb0fdb50000, 0x00007fb1530b0000, 0x00007fbba8600000)
   the space 1398144K,  19% used [0x00007fb0fdb50000, 0x00007fb10e89ab08, 0x00007fb10e89ac00, 0x00007fb1530b0000)
 Metaspace       used 23282K, capacity 23669K, committed 23808K, reserved 24576K
}
Event: 10.109 GC heap after
{Heap after GC invocations=5 (full 2):
 def new generation   total 629248K, used 0K [0x00007faba8600000, 0x00007fabd30c0000, 0x00007fb0fdb50000)
  eden space 559360K,   0% used [0x00007faba8600000, 0x00007faba8600000, 0x00007fabca840000)
  from space 69888K,   0% used [0x00007fabca840000, 0x00007fabca840000, 0x00007fabcec80000)
  to   space 69888K,   0% used [0x00007fabcec80000, 0x00007fabcec80000, 0x00007fabd30c0000)
 tenured generation   total 1398144K, used 17518K [0x00007fb0fdb50000, 0x00007fb1530b0000, 0x00007fbba8600000)
   the space 1398144K,   1% used [0x00007fb0fdb50000, 0x00007fb0fec6ba00, 0x00007fb0fec6ba00, 0x00007fb1530b0000)
 Metaspace       used 23282K, capacity 23669K, committed 23808K, reserved 24576K
}
Event: 16.704 GC heap before
{Heap before GC invocations=5 (full 2):
 def new generation   total 629248K, used 11052K [0x00007faba8600000, 0x00007fabd30c0000, 0x00007fb0fdb50000)
  eden space 559360K,   1% used [0x00007faba8600000, 0x00007faba90cb048, 0x00007fabca840000)
  from space 69888K,   0% used [0x00007fabca840000, 0x00007fabca840000, 0x00007fabcec80000)
  to   space 69888K,   0% used [0x00007fabcec80000, 0x00007fabcec80000, 0x00007fabd30c0000)
 tenured generation   total 3495300K, used 3163246K [0x00007fb0fdb50000, 0x00007fb1d30b1000, 0x00007fbba8600000)
   the space 3495300K,  90% used [0x00007fb0fdb50000, 0x00007fb1bec6ba30, 0x00007fb1bec6bc00, 0x00007fb1d30b1000)
 Metaspace       used 23282K, capacity 23669K, committed 23808K, reserved 24576K
}
Event: 21.937 GC heap after
{Heap after GC invocations=6 (full 2):
 def new generation   total 629248K, used 0K [0x00007faba8600000, 0x00007fabd30c0000, 0x00007fb0fdb50000)
  eden space 559360K,   0% used [0x00007faba8600000, 0x00007faba8600000, 0x00007fabca840000)
  from space 69888K,   0% used [0x00007fabcec80000, 0x00007fabcec80218, 0x00007fabd30c0000)
  to   space 69888K,   0% used [0x00007fabca840000, 0x00007fabca840000, 0x00007fabcec80000)
 tenured generation   total 3495300K, used 3163246K [0x00007fb0fdb50000, 0x00007fb1d30b1000, 0x00007fbba8600000)
   the space 3495300K,  90% used [0x00007fb0fdb50000, 0x00007fb1bec6ba30, 0x00007fb1bec6bc00, 0x00007fb1d30b1000)
 Metaspace       used 23282K, capacity 23669K, committed 23808K, reserved 24576K
}
Event: 21.937 GC heap before
{Heap before GC invocations=6 (full 2):
 def new generation   total 629248K, used 0K [0x00007faba8600000, 0x00007fabd30c0000, 0x00007fb0fdb50000)
  eden space 559360K,   0% used [0x00007faba8600000, 0x00007faba8600000, 0x00007fabca840000)
  from space 69888K,   0% used [0x00007fabcec80000, 0x00007fabcec80218, 0x00007fabd30c0000)
  to   space 69888K,   0% used [0x00007fabca840000, 0x00007fabca840000, 0x00007fabcec80000)
 tenured generation   total 3495300K, used 3163246K [0x00007fb0fdb50000, 0x00007fb1d30b1000, 0x00007fbba8600000)
   the space 3495300K,  90% used [0x00007fb0fdb50000, 0x00007fb1bec6ba30, 0x00007fb1bec6bc00, 0x00007fb1d30b1000)
 Metaspace       used 23282K, capacity 23669K, committed 23808K, reserved 24576K
}
Event: 22.290 GC heap after
{Heap after GC invocations=6 (full 3):
 def new generation   total 1572992K, used 0K [0x00007faba8600000, 0x00007fac130c0000, 0x00007fb0fdb50000)
  eden space 1398272K,   0% used [0x00007faba8600000, 0x00007faba8600000, 0x00007fabfdb80000)
  from space 174720K,   0% used [0x00007fabfdb80000, 0x00007fabfdb80000, 0x00007fac08620000)
  to   space 174720K,   0% used [0x00007fac08620000, 0x00007fac08620000, 0x00007fac130c0000)
 tenured generation   total 3495300K, used 1066095K [0x00007fb0fdb50000, 0x00007fb1d30b1000, 0x00007fbba8600000)
   the space 3495300K,  30% used [0x00007fb0fdb50000, 0x00007fb13ec6bc30, 0x00007fb13ec6be00, 0x00007fb1d30b1000)
 Metaspace       used 23282K, capacity 23669K, committed 23808K, reserved 24576K
}
Event: 23.551 GC heap before
{Heap before GC invocations=6 (full 3):
 def new generation   total 1572992K, used 1076203K [0x00007faba8600000, 0x00007fac130c0000, 0x00007fb0fdb50000)
  eden space 1398272K,  76% used [0x00007faba8600000, 0x00007fabea0fae90, 0x00007fabfdb80000)
  from space 174720K,   0% used [0x00007fabfdb80000, 0x00007fabfdb80000, 0x00007fac08620000)
  to   space 174720K,   0% used [0x00007fac08620000, 0x00007fac08620000, 0x00007fac130c0000)
 tenured generation   total 3495300K, used 1066095K [0x00007fb0fdb50000, 0x00007fb1d30b1000, 0x00007fbba8600000)
   the space 3495300K,  30% used [0x00007fb0fdb50000, 0x00007fb13ec6bc30, 0x00007fb13ec6be00, 0x00007fb1d30b1000)
 Metaspace       used 23282K, capacity 23669K, committed 23808K, reserved 24576K
}
Event: 24.108 GC heap after
{Heap after GC invocations=7 (full 3):
 def new generation   total 1572992K, used 0K [0x00007faba8600000, 0x00007fac130c0000, 0x00007fb0fdb50000)
  eden space 1398272K,   0% used [0x00007faba8600000, 0x00007faba8600000, 0x00007fabfdb80000)
  from space 174720K,   0% used [0x00007fac08620000, 0x00007fac08620248, 0x00007fac130c0000)
  to   space 174720K,   0% used [0x00007fabfdb80000, 0x00007fabfdb80000, 0x00007fac08620000)
 tenured generation   total 3495300K, used 2114671K [0x00007fb0fdb50000, 0x00007fb1d30b1000, 0x00007fbba8600000)
   the space 3495300K,  60% used [0x00007fb0fdb50000, 0x00007fb17ec6bc48, 0x00007fb17ec6be00, 0x00007fb1d30b1000)
 Metaspace       used 23282K, capacity 23669K, committed 23808K, reserved 24576K
}
Event: 25.429 GC heap before
{Heap before GC invocations=7 (full 3):
 def new generation   total 1572992K, used 1338215K [0x00007faba8600000, 0x00007fac130c0000, 0x00007fb0fdb50000)
  eden space 1398272K,  95% used [0x00007faba8600000, 0x00007fabfa0d9a88, 0x00007fabfdb80000)
  from space 174720K,   0% used [0x00007fac08620000, 0x00007fac08620248, 0x00007fac130c0000)
  to   space 174720K,   0% used [0x00007fabfdb80000, 0x00007fabfdb80000, 0x00007fac08620000)
 tenured generation   total 3495300K, used 2114671K [0x00007fb0fdb50000, 0x00007fb1d30b1000, 0x00007fbba8600000)
   the space 3495300K,  60% used [0x00007fb0fdb50000, 0x00007fb17ec6bc48, 0x00007fb17ec6be00, 0x00007fb1d30b1000)
 Metaspace       used 23282K, capacity 23669K, committed 23808K, reserved 24576K
}
Event: 25.499 GC heap after
{Heap after GC invocations=8 (full 3):
 def new generation   total 1572992K, used 0K [0x00007faba8600000, 0x00007fac130c0000, 0x00007fb0fdb50000)
  eden space 1398272K,   0% used [0x00007faba8600000, 0x00007faba8600000, 0x00007fabfdb80000)
  from space 174720K,   0% used [0x00007fabfdb80000, 0x00007fabfdb801a8, 0x00007fac08620000)
  to   space 174720K,   0% used [0x00007fac08620000, 0x00007fac08620000, 0x00007fac130c0000)
 tenured generation   total 3495300K, used 2376815K [0x00007fb0fdb50000, 0x00007fb1d30b1000, 0x00007fbba8600000)
   the space 3495300K,  68% used [0x00007fb0fdb50000, 0x00007fb18ec6bc60, 0x00007fb18ec6be00, 0x00007fb1d30b1000)
 Metaspace       used 23282K, capacity 23669K, committed 23808K, reserved 24576K
}
Event: 25.634 GC heap before
{Heap before GC invocations=8 (full 3):
 def new generation   total 1572992K, used 289602K [0x00007faba8600000, 0x00007fac130c0000, 0x00007fb0fdb50000)
  eden space 1398272K,  20% used [0x00007faba8600000, 0x00007fabba0d0970, 0x00007fabfdb80000)
  from space 174720K,   0% used [0x00007fabfdb80000, 0x00007fabfdb801a8, 0x00007fac08620000)
  to   space 174720K,   0% used [0x00007fac08620000, 0x00007fac08620000, 0x00007fac130c0000)
 tenured generation   total 3495300K, used 2376815K [0x00007fb0fdb50000, 0x00007fb1d30b1000, 0x00007fbba8600000)
   the space 3495300K,  68% used [0x00007fb0fdb50000, 0x00007fb18ec6bc60, 0x00007fb18ec6be00, 0x00007fb1d30b1000)
 Metaspace       used 23282K, capacity 23669K, committed 23808K, reserved 24576K
}
Event: 25.636 GC heap after
{Heap after GC invocations=9 (full 3):
 def new generation   total 1572992K, used 1K [0x00007faba8600000, 0x00007fac130c0000, 0x00007fb0fdb50000)
  eden space 1398272K,   0% used [0x00007faba8600000, 0x00007faba8600000, 0x00007fabfdb80000)
  from space 174720K,   0% used [0x00007fac08620000, 0x00007fac08620748, 0x00007fac130c0000)
  to   space 174720K,   0% used [0x00007fabfdb80000, 0x00007fabfdb80000, 0x00007fac08620000)
 tenured generation   total 3495300K, used 2376815K [0x00007fb0fdb50000, 0x00007fb1d30b1000, 0x00007fbba8600000)
   the space 3495300K,  68% used [0x00007fb0fdb50000, 0x00007fb18ec6bc60, 0x00007fb18ec6be00, 0x00007fb1d30b1000)
 Metaspace       used 23282K, capacity 23669K, committed 23808K, reserved 24576K
}
Event: 25.637 GC heap before
{Heap before GC invocations=9 (full 3):
 def new generation   total 1572992K, used 1K [0x00007faba8600000, 0x00007fac130c0000, 0x00007fb0fdb50000)
  eden space 1398272K,   0% used [0x00007faba8600000, 0x00007faba8600000, 0x00007fabfdb80000)
  from space 174720K,   0% used [0x00007fac08620000, 0x00007fac08620748, 0x00007fac130c0000)
  to   space 174720K,   0% used [0x00007fabfdb80000, 0x00007fabfdb80000, 0x00007fac08620000)
 tenured generation   total 3495300K, used 2376815K [0x00007fb0fdb50000, 0x00007fb1d30b1000, 0x00007fbba8600000)
   the space 3495300K,  68% used [0x00007fb0fdb50000, 0x00007fb18ec6bc60, 0x00007fb18ec6be00, 0x00007fb1d30b1000)
 Metaspace       used 23282K, capacity 23669K, committed 23808K, reserved 24576K
}
Event: 25.715 GC heap after
{Heap after GC invocations=9 (full 4):
 def new generation   total 1572992K, used 0K [0x00007faba8600000, 0x00007fac130c0000, 0x00007fb0fdb50000)
  eden space 1398272K,   0% used [0x00007faba8600000, 0x00007faba8600000, 0x00007fabfdb80000)
  from space 174720K,   0% used [0x00007fac08620000, 0x00007fac08620000, 0x00007fac130c0000)
  to   space 174720K,   0% used [0x00007fabfdb80000, 0x00007fabfdb80000, 0x00007fac08620000)
 tenured generation   total 3495300K, used 9477K [0x00007fb0fdb50000, 0x00007fb1d30b1000, 0x00007fbba8600000)
   the space 3495300K,   0% used [0x00007fb0fdb50000, 0x00007fb0fe491610, 0x00007fb0fe491800, 0x00007fb1d30b1000)
 Metaspace       used 23282K, capacity 23669K, committed 23808K, reserved 24576K
}

