# JRE version: OpenJDK Runtime Environment (13.0.7+5) (build 13.0.7+5-Ubuntu-0ubuntu120.04)
# Java VM: OpenJDK 64-Bit Server VM (13.0.7+5-Ubuntu-0ubuntu120.04, mixed mode, tiered, serial gc, linux-amd64)
Heap:
 def new generation   total 629248K, used 24461K [0x00007f4b7c400000, 0x00007f4ba6ec0000, 0x00007f50d1950000)
  eden space 559360K,   4% used [0x00007f4b7c400000, 0x00007f4b7dbe3738, 0x00007f4b9e640000)
  from space 69888K,   0% used [0x00007f4b9e640000, 0x00007f4b9e640000, 0x00007f4ba2a80000)
  to   space 69888K,   0% used [0x00007f4ba2a80000, 0x00007f4ba2a80000, 0x00007f4ba6ec0000)
 tenured generation   total 1398528K, used 1398527K [0x00007f50d1950000, 0x00007f5126f10000, 0x00007f5b7c400000)
   the space 1398528K,  99% used [0x00007f50d1950000, 0x00007f5126f0ff98, 0x00007f5126f10000, 0x00007f5126f10000)
 Metaspace       used 24173K, capacity 24575K, committed 24576K, reserved 24576K
GC Heap History (20 events):
Event: 259.280 GC heap after
{Heap after GC invocations=946 (full 1):
 def new generation   total 629248K, used 19936K [0x00007f4b7c400000, 0x00007f4ba6ec0000, 0x00007f50d1950000)
  eden space 559360K,   0% used [0x00007f4b7c400000, 0x00007f4b7c400000, 0x00007f4b9e640000)
  from space 69888K,  28% used [0x00007f4ba2a80000, 0x00007f4ba3df8150, 0x00007f4ba6ec0000)
  to   space 69888K,   0% used [0x00007f4b9e640000, 0x00007f4b9e640000, 0x00007f4ba2a80000)
 tenured generation   total 1398144K, used 1386494K [0x00007f50d1950000, 0x00007f5126eb0000, 0x00007f5b7c400000)
   the space 1398144K,  99% used [0x00007f50d1950000, 0x00007f512634f840, 0x00007f512634fa00, 0x00007f5126eb0000)
 Metaspace       used 24173K, capacity 24575K, committed 24576K, reserved 24576K
}
Event: 259.535 GC heap before
{Heap before GC invocations=946 (full 1):
 def new generation   total 629248K, used 579296K [0x00007f4b7c400000, 0x00007f4ba6ec0000, 0x00007f50d1950000)
  eden space 559360K, 100% used [0x00007f4b7c400000, 0x00007f4b9e640000, 0x00007f4b9e640000)
  from space 69888K,  28% used [0x00007f4ba2a80000, 0x00007f4ba3df8150, 0x00007f4ba6ec0000)
  to   space 69888K,   0% used [0x00007f4b9e640000, 0x00007f4b9e640000, 0x00007f4ba2a80000)
 tenured generation   total 1398144K, used 1386494K [0x00007f50d1950000, 0x00007f5126eb0000, 0x00007f5b7c400000)
   the space 1398144K,  99% used [0x00007f50d1950000, 0x00007f512634f840, 0x00007f512634fa00, 0x00007f5126eb0000)
 Metaspace       used 24173K, capacity 24575K, committed 24576K, reserved 24576K
}
Event: 259.548 GC heap after
{Heap after GC invocations=947 (full 1):
 def new generation   total 629248K, used 21475K [0x00007f4b7c400000, 0x00007f4ba6ec0000, 0x00007f50d1950000)
  eden space 559360K,   0% used [0x00007f4b7c400000, 0x00007f4b7c400000, 0x00007f4b9e640000)
  from space 69888K,  30% used [0x00007f4b9e640000, 0x00007f4b9fb38f90, 0x00007f4ba2a80000)
  to   space 69888K,   0% used [0x00007f4ba2a80000, 0x00007f4ba2a80000, 0x00007f4ba6ec0000)
 tenured generation   total 1398144K, used 1387176K [0x00007f50d1950000, 0x00007f5126eb0000, 0x00007f5b7c400000)
   the space 1398144K,  99% used [0x00007f50d1950000, 0x00007f51263fa1f0, 0x00007f51263fa200, 0x00007f5126eb0000)
 Metaspace       used 24173K, capacity 24575K, committed 24576K, reserved 24576K
}
Event: 259.802 GC heap before
{Heap before GC invocations=947 (full 1):
 def new generation   total 629248K, used 580835K [0x00007f4b7c400000, 0x00007f4ba6ec0000, 0x00007f50d1950000)
  eden space 559360K, 100% used [0x00007f4b7c400000, 0x00007f4b9e640000, 0x00007f4b9e640000)
  from space 69888K,  30% used [0x00007f4b9e640000, 0x00007f4b9fb38f90, 0x00007f4ba2a80000)
  to   space 69888K,   0% used [0x00007f4ba2a80000, 0x00007f4ba2a80000, 0x00007f4ba6ec0000)
 tenured generation   total 1398144K, used 1387176K [0x00007f50d1950000, 0x00007f5126eb0000, 0x00007f5b7c400000)
   the space 1398144K,  99% used [0x00007f50d1950000, 0x00007f51263fa1f0, 0x00007f51263fa200, 0x00007f5126eb0000)
 Metaspace       used 24173K, capacity 24575K, committed 24576K, reserved 24576K
}
Event: 259.816 GC heap after
{Heap after GC invocations=948 (full 1):
 def new generation   total 629248K, used 22868K [0x00007f4b7c400000, 0x00007f4ba6ec0000, 0x00007f50d1950000)
  eden space 559360K,   0% used [0x00007f4b7c400000, 0x00007f4b7c400000, 0x00007f4b9e640000)
  from space 69888K,  32% used [0x00007f4ba2a80000, 0x00007f4ba40d52e8, 0x00007f4ba6ec0000)
  to   space 69888K,   0% used [0x00007f4b9e640000, 0x00007f4b9e640000, 0x00007f4ba2a80000)
 tenured generation   total 1398144K, used 1388003K [0x00007f50d1950000, 0x00007f5126eb0000, 0x00007f5b7c400000)
   the space 1398144K,  99% used [0x00007f50d1950000, 0x00007f51264c8ed0, 0x00007f51264c9000, 0x00007f5126eb0000)
 Metaspace       used 24173K, capacity 24575K, committed 24576K, reserved 24576K
}
Event: 260.065 GC heap before
{Heap before GC invocations=948 (full 1):
 def new generation   total 629248K, used 582228K [0x00007f4b7c400000, 0x00007f4ba6ec0000, 0x00007f50d1950000)
  eden space 559360K, 100% used [0x00007f4b7c400000, 0x00007f4b9e640000, 0x00007f4b9e640000)
  from space 69888K,  32% used [0x00007f4ba2a80000, 0x00007f4ba40d52e8, 0x00007f4ba6ec0000)
  to   space 69888K,   0% used [0x00007f4b9e640000, 0x00007f4b9e640000, 0x00007f4ba2a80000)
 tenured generation   total 1398144K, used 1388003K [0x00007f50d1950000, 0x00007f5126eb0000, 0x00007f5b7c400000)
   the space 1398144K,  99% used [0x00007f50d1950000, 0x00007f51264c8ed0, 0x00007f51264c9000, 0x00007f5126eb0000)
 Metaspace       used 24173K, capacity 24575K, committed 24576K, reserved 24576K
}
Event: 260.078 GC heap after
{Heap after GC invocations=949 (full 1):
 def new generation   total 629248K, used 24208K [0x00007f4b7c400000, 0x00007f4ba6ec0000, 0x00007f50d1950000)
  eden space 559360K,   0% used [0x00007f4b7c400000, 0x00007f4b7c400000, 0x00007f4b9e640000)
  from space 69888K,  34% used [0x00007f4b9e640000, 0x00007f4b9fde4328, 0x00007f4ba2a80000)
  to   space 69888K,   0% used [0x00007f4ba2a80000, 0x00007f4ba2a80000, 0x00007f4ba6ec0000)
 tenured generation   total 1398144K, used 1388878K [0x00007f50d1950000, 0x00007f5126eb0000, 0x00007f5b7c400000)
   the space 1398144K,  99% used [0x00007f50d1950000, 0x00007f51265a3990, 0x00007f51265a3a00, 0x00007f5126eb0000)
 Metaspace       used 24173K, capacity 24575K, committed 24576K, reserved 24576K
}
Event: 260.326 GC heap before
{Heap before GC invocations=949 (full 1):
 def new generation   total 629248K, used 583568K [0x00007f4b7c400000, 0x00007f4ba6ec0000, 0x00007f50d1950000)
  eden space 559360K, 100% used [0x00007f4b7c400000, 0x00007f4b9e640000, 0x00007f4b9e640000)
  from space 69888K,  34% used [0x00007f4b9e640000, 0x00007f4b9fde4328, 0x00007f4ba2a80000)
  to   space 69888K,   0% used [0x00007f4ba2a80000, 0x00007f4ba2a80000, 0x00007f4ba6ec0000)
 tenured generation   total 1398144K, used 1388878K [0x00007f50d1950000, 0x00007f5126eb0000, 0x00007f5b7c400000)
   the space 1398144K,  99% used [0x00007f50d1950000, 0x00007f51265a3990, 0x00007f51265a3a00, 0x00007f5126eb0000)
 Metaspace       used 24173K, capacity 24575K, committed 24576K, reserved 24576K
}
Event: 260.341 GC heap after
{Heap after GC invocations=950 (full 1):
 def new generation   total 629248K, used 24774K [0x00007f4b7c400000, 0x00007f4ba6ec0000, 0x00007f50d1950000)
  eden space 559360K,   0% used [0x00007f4b7c400000, 0x00007f4b7c400000, 0x00007f4b9e640000)
  from space 69888K,  35% used [0x00007f4ba2a80000, 0x00007f4ba42b1ac0, 0x00007f4ba6ec0000)
  to   space 69888K,   0% used [0x00007f4b9e640000, 0x00007f4b9e640000, 0x00007f4ba2a80000)
 tenured generation   total 1398144K, used 1390571K [0x00007f50d1950000, 0x00007f5126eb0000, 0x00007f5b7c400000)
   the space 1398144K,  99% used [0x00007f50d1950000, 0x00007f512674ae50, 0x00007f512674b000, 0x00007f5126eb0000)
 Metaspace       used 24173K, capacity 24575K, committed 24576K, reserved 24576K
}
Event: 260.588 GC heap before
{Heap before GC invocations=950 (full 1):
 def new generation   total 629248K, used 584134K [0x00007f4b7c400000, 0x00007f4ba6ec0000, 0x00007f50d1950000)
  eden space 559360K, 100% used [0x00007f4b7c400000, 0x00007f4b9e640000, 0x00007f4b9e640000)
  from space 69888K,  35% used [0x00007f4ba2a80000, 0x00007f4ba42b1ac0, 0x00007f4ba6ec0000)
  to   space 69888K,   0% used [0x00007f4b9e640000, 0x00007f4b9e640000, 0x00007f4ba2a80000)
 tenured generation   total 1398144K, used 1390571K [0x00007f50d1950000, 0x00007f5126eb0000, 0x00007f5b7c400000)
   the space 1398144K,  99% used [0x00007f50d1950000, 0x00007f512674ae50, 0x00007f512674b000, 0x00007f5126eb0000)
 Metaspace       used 24173K, capacity 24575K, committed 24576K, reserved 24576K
}
Event: 260.602 GC heap after
{Heap after GC invocations=951 (full 1):
 def new generation   total 629248K, used 24775K [0x00007f4b7c400000, 0x00007f4ba6ec0000, 0x00007f50d1950000)
  eden space 559360K,   0% used [0x00007f4b7c400000, 0x00007f4b7c400000, 0x00007f4b9e640000)
  from space 69888K,  35% used [0x00007f4b9e640000, 0x00007f4b9fe71c70, 0x00007f4ba2a80000)
  to   space 69888K,   0% used [0x00007f4ba2a80000, 0x00007f4ba2a80000, 0x00007f4ba6ec0000)
 tenured generation   total 1398144K, used 1392793K [0x00007f50d1950000, 0x00007f5126eb0000, 0x00007f5b7c400000)
   the space 1398144K,  99% used [0x00007f50d1950000, 0x00007f51269767d0, 0x00007f5126976800, 0x00007f5126eb0000)
 Metaspace       used 24173K, capacity 24575K, committed 24576K, reserved 24576K
}
Event: 260.852 GC heap before
{Heap before GC invocations=951 (full 1):
 def new generation   total 629248K, used 584135K [0x00007f4b7c400000, 0x00007f4ba6ec0000, 0x00007f50d1950000)
  eden space 559360K, 100% used [0x00007f4b7c400000, 0x00007f4b9e640000, 0x00007f4b9e640000)
  from space 69888K,  35% used [0x00007f4b9e640000, 0x00007f4b9fe71c70, 0x00007f4ba2a80000)
  to   space 69888K,   0% used [0x00007f4ba2a80000, 0x00007f4ba2a80000, 0x00007f4ba6ec0000)
 tenured generation   total 1398144K, used 1392793K [0x00007f50d1950000, 0x00007f5126eb0000, 0x00007f5b7c400000)
   the space 1398144K,  99% used [0x00007f50d1950000, 0x00007f51269767d0, 0x00007f5126976800, 0x00007f5126eb0000)
 Metaspace       used 24173K, capacity 24575K, committed 24576K, reserved 24576K
}
Event: 260.869 GC heap after
{Heap after GC invocations=952 (full 1):
 def new generation   total 629248K, used 24779K [0x00007f4b7c400000, 0x00007f4ba6ec0000, 0x00007f50d1950000)
  eden space 559360K,   0% used [0x00007f4b7c400000, 0x00007f4b7c400000, 0x00007f4b9e640000)
  from space 69888K,  35% used [0x00007f4ba2a80000, 0x00007f4ba42b2c00, 0x00007f4ba6ec0000)
  to   space 69888K,   0% used [0x00007f4b9e640000, 0x00007f4b9e640000, 0x00007f4ba2a80000)
 tenured generation   total 1398144K, used 1395016K [0x00007f50d1950000, 0x00007f5126eb0000, 0x00007f5b7c400000)
   the space 1398144K,  99% used [0x00007f50d1950000, 0x00007f5126ba2150, 0x00007f5126ba2200, 0x00007f5126eb0000)
 Metaspace       used 24173K, capacity 24575K, committed 24576K, reserved 24576K
}
Event: 261.120 GC heap before
{Heap before GC invocations=952 (full 1):
 def new generation   total 629248K, used 584139K [0x00007f4b7c400000, 0x00007f4ba6ec0000, 0x00007f50d1950000)
  eden space 559360K, 100% used [0x00007f4b7c400000, 0x00007f4b9e640000, 0x00007f4b9e640000)
  from space 69888K,  35% used [0x00007f4ba2a80000, 0x00007f4ba42b2c00, 0x00007f4ba6ec0000)
  to   space 69888K,   0% used [0x00007f4b9e640000, 0x00007f4b9e640000, 0x00007f4ba2a80000)
 tenured generation   total 1398144K, used 1395016K [0x00007f50d1950000, 0x00007f5126eb0000, 0x00007f5b7c400000)
   the space 1398144K,  99% used [0x00007f50d1950000, 0x00007f5126ba2150, 0x00007f5126ba2200, 0x00007f5126eb0000)
 Metaspace       used 24173K, capacity 24575K, committed 24576K, reserved 24576K
}
Event: 261.135 GC heap after
{Heap after GC invocations=953 (full 1):
 def new generation   total 629248K, used 24687K [0x00007f4b7c400000, 0x00007f4ba6ec0000, 0x00007f50d1950000)
  eden space 559360K,   0% used [0x00007f4b7c400000, 0x00007f4b7c400000, 0x00007f4b9e640000)
  from space 69888K,  35% used [0x00007f4b9e640000, 0x00007f4b9fe5be90, 0x00007f4ba2a80000)
  to   space 69888K,   0% used [0x00007f4ba2a80000, 0x00007f4ba2a80000, 0x00007f4ba6ec0000)
 tenured generation   total 1398144K, used 1397241K [0x00007f50d1950000, 0x00007f5126eb0000, 0x00007f5b7c400000)
   the space 1398144K,  99% used [0x00007f50d1950000, 0x00007f5126dce658, 0x00007f5126dce800, 0x00007f5126eb0000)
 Metaspace       used 24173K, capacity 24575K, committed 24576K, reserved 24576K
}
Event: 261.380 GC heap before
{Heap before GC invocations=953 (full 1):
 def new generation   total 629248K, used 584047K [0x00007f4b7c400000, 0x00007f4ba6ec0000, 0x00007f50d1950000)
  eden space 559360K, 100% used [0x00007f4b7c400000, 0x00007f4b9e640000, 0x00007f4b9e640000)
  from space 69888K,  35% used [0x00007f4b9e640000, 0x00007f4b9fe5be90, 0x00007f4ba2a80000)
  to   space 69888K,   0% used [0x00007f4ba2a80000, 0x00007f4ba2a80000, 0x00007f4ba6ec0000)
 tenured generation   total 1398144K, used 1397241K [0x00007f50d1950000, 0x00007f5126eb0000, 0x00007f5b7c400000)
   the space 1398144K,  99% used [0x00007f50d1950000, 0x00007f5126dce658, 0x00007f5126dce800, 0x00007f5126eb0000)
 Metaspace       used 24173K, capacity 24575K, committed 24576K, reserved 24576K
}
Event: 261.393 GC heap after
{Heap after GC invocations=954 (full 1):
 def new generation   total 629248K, used 24490K [0x00007f4b7c400000, 0x00007f4ba6ec0000, 0x00007f50d1950000)
  eden space 559360K,   0% used [0x00007f4b7c400000, 0x00007f4b7c400000, 0x00007f4b9e640000)
  from space 69888K,  35% used [0x00007f4ba2a80000, 0x00007f4ba426a8b8, 0x00007f4ba6ec0000)
  to   space 69888K,   0% used [0x00007f4b9e640000, 0x00007f4b9e640000, 0x00007f4ba2a80000)
 tenured generation   total 1398144K, used 1397922K [0x00007f50d1950000, 0x00007f5126eb0000, 0x00007f5b7c400000)
   the space 1398144K,  99% used [0x00007f50d1950000, 0x00007f5126e788c8, 0x00007f5126e78a00, 0x00007f5126eb0000)
 Metaspace       used 24173K, capacity 24575K, committed 24576K, reserved 24576K
}
Event: 261.654 GC heap before
{Heap before GC invocations=954 (full 1):
 def new generation   total 629248K, used 583850K [0x00007f4b7c400000, 0x00007f4ba6ec0000, 0x00007f50d1950000)
  eden space 559360K, 100% used [0x00007f4b7c400000, 0x00007f4b9e640000, 0x00007f4b9e640000)
  from space 69888K,  35% used [0x00007f4ba2a80000, 0x00007f4ba426a8b8, 0x00007f4ba6ec0000)
  to   space 69888K,   0% used [0x00007f4b9e640000, 0x00007f4b9e640000, 0x00007f4ba2a80000)
 tenured generation   total 1398144K, used 1397922K [0x00007f50d1950000, 0x00007f5126eb0000, 0x00007f5b7c400000)
   the space 1398144K,  99% used [0x00007f50d1950000, 0x00007f5126e788c8, 0x00007f5126e78a00, 0x00007f5126eb0000)
 Metaspace       used 24173K, capacity 24575K, committed 24576K, reserved 24576K
}
Event: 261.666 GC heap after
{Heap after GC invocations=955 (full 1):
 def new generation   total 629248K, used 24577K [0x00007f4b7c400000, 0x00007f4ba6ec0000, 0x00007f50d1950000)
  eden space 559360K,   0% used [0x00007f4b7c400000, 0x00007f4b7c400000, 0x00007f4b9e640000)
  from space 69888K,  35% used [0x00007f4b9e640000, 0x00007f4b9fe407a8, 0x00007f4ba2a80000)
  to   space 69888K,   0% used [0x00007f4ba2a80000, 0x00007f4ba2a80000, 0x00007f4ba6ec0000)
 tenured generation   total 1398528K, used 1398411K [0x00007f50d1950000, 0x00007f5126f10000, 0x00007f5b7c400000)
   the space 1398528K,  99% used [0x00007f50d1950000, 0x00007f5126ef2f28, 0x00007f5126ef3000, 0x00007f5126f10000)
 Metaspace       used 24173K, capacity 24575K, committed 24576K, reserved 24576K
}
Event: 261.666 GC heap before
{Heap before GC invocations=955 (full 1):
 def new generation   total 629248K, used 24577K [0x00007f4b7c400000, 0x00007f4ba6ec0000, 0x00007f50d1950000)
  eden space 559360K,   0% used [0x00007f4b7c400000, 0x00007f4b7c400000, 0x00007f4b9e640000)
  from space 69888K,  35% used [0x00007f4b9e640000, 0x00007f4b9fe407a8, 0x00007f4ba2a80000)
  to   space 69888K,   0% used [0x00007f4ba2a80000, 0x00007f4ba2a80000, 0x00007f4ba6ec0000)
 tenured generation   total 1398528K, used 1398411K [0x00007f50d1950000, 0x00007f5126f10000, 0x00007f5b7c400000)
   the space 1398528K,  99% used [0x00007f50d1950000, 0x00007f5126ef2f28, 0x00007f5126ef3000, 0x00007f5126f10000)
 Metaspace       used 24173K, capacity 24575K, committed 24576K, reserved 24576K
}

