# JRE version: OpenJDK Runtime Environment (13.0.7+5) (build 13.0.7+5-Ubuntu-0ubuntu120.04)
# Java VM: OpenJDK 64-Bit Server VM (13.0.7+5-Ubuntu-0ubuntu120.04, mixed mode, tiered, serial gc, linux-amd64)
Heap:
 def new generation   total 1748928K, used 19934K [0x00007f5cf8600000, 0x00007f5d6efb0000, 0x00007f624db50000)
  eden space 1554624K,   1% used [0x00007f5cf8600000, 0x00007f5cf9977bf0, 0x00007f5d57430000)
  from space 194304K,   0% used [0x00007f5d57430000, 0x00007f5d57430000, 0x00007f5d631f0000)
  to   space 194304K,   0% used [0x00007f5d631f0000, 0x00007f5d631f0000, 0x00007f5d6efb0000)
 tenured generation   total 3888128K, used 3888127K [0x00007f624db50000, 0x00007f633b050000, 0x00007f6cf8600000)
   the space 3888128K,  99% used [0x00007f624db50000, 0x00007f633b04ffe8, 0x00007f633b050000, 0x00007f633b050000)
 Metaspace       used 24132K, capacity 24591K, committed 24832K, reserved 26624K
GC Heap History (20 events):
Event: 2552.311 GC heap after
{Heap after GC invocations=4106 (full 3):
 def new generation   total 1748928K, used 25557K [0x00007f5cf8600000, 0x00007f5d6efb0000, 0x00007f624db50000)
  eden space 1554624K,   0% used [0x00007f5cf8600000, 0x00007f5cf8600000, 0x00007f5d57430000)
  from space 194304K,  13% used [0x00007f5d631f0000, 0x00007f5d64ae5600, 0x00007f5d6efb0000)
  to   space 194304K,   0% used [0x00007f5d57430000, 0x00007f5d57430000, 0x00007f5d631f0000)
 tenured generation   total 3886400K, used 3872638K [0x00007f624db50000, 0x00007f633aea0000, 0x00007f6cf8600000)
   the space 3886400K,  99% used [0x00007f624db50000, 0x00007f633a12f928, 0x00007f633a12fa00, 0x00007f633aea0000)
 Metaspace       used 24132K, capacity 24591K, committed 24832K, reserved 26624K
}
Event: 2553.360 GC heap before
{Heap before GC invocations=4106 (full 3):
 def new generation   total 1748928K, used 1580181K [0x00007f5cf8600000, 0x00007f5d6efb0000, 0x00007f624db50000)
  eden space 1554624K, 100% used [0x00007f5cf8600000, 0x00007f5d57430000, 0x00007f5d57430000)
  from space 194304K,  13% used [0x00007f5d631f0000, 0x00007f5d64ae5600, 0x00007f5d6efb0000)
  to   space 194304K,   0% used [0x00007f5d57430000, 0x00007f5d57430000, 0x00007f5d631f0000)
 tenured generation   total 3886400K, used 3872638K [0x00007f624db50000, 0x00007f633aea0000, 0x00007f6cf8600000)
   the space 3886400K,  99% used [0x00007f624db50000, 0x00007f633a12f928, 0x00007f633a12fa00, 0x00007f633aea0000)
 Metaspace       used 24132K, capacity 24591K, committed 24832K, reserved 26624K
}
Event: 2553.411 GC heap after
{Heap after GC invocations=4107 (full 3):
 def new generation   total 1748928K, used 25573K [0x00007f5cf8600000, 0x00007f5d6efb0000, 0x00007f624db50000)
  eden space 1554624K,   0% used [0x00007f5cf8600000, 0x00007f5cf8600000, 0x00007f5d57430000)
  from space 194304K,  13% used [0x00007f5d57430000, 0x00007f5d58d295d8, 0x00007f5d631f0000)
  to   space 194304K,   0% used [0x00007f5d631f0000, 0x00007f5d631f0000, 0x00007f5d6efb0000)
 tenured generation   total 3886400K, used 3874345K [0x00007f624db50000, 0x00007f633aea0000, 0x00007f6cf8600000)
   the space 3886400K,  99% used [0x00007f624db50000, 0x00007f633a2da548, 0x00007f633a2da600, 0x00007f633aea0000)
 Metaspace       used 24132K, capacity 24591K, committed 24832K, reserved 26624K
}
Event: 2554.430 GC heap before
{Heap before GC invocations=4107 (full 3):
 def new generation   total 1748928K, used 1580197K [0x00007f5cf8600000, 0x00007f5d6efb0000, 0x00007f624db50000)
  eden space 1554624K, 100% used [0x00007f5cf8600000, 0x00007f5d57430000, 0x00007f5d57430000)
  from space 194304K,  13% used [0x00007f5d57430000, 0x00007f5d58d295d8, 0x00007f5d631f0000)
  to   space 194304K,   0% used [0x00007f5d631f0000, 0x00007f5d631f0000, 0x00007f5d6efb0000)
 tenured generation   total 3886400K, used 3874345K [0x00007f624db50000, 0x00007f633aea0000, 0x00007f6cf8600000)
   the space 3886400K,  99% used [0x00007f624db50000, 0x00007f633a2da548, 0x00007f633a2da600, 0x00007f633aea0000)
 Metaspace       used 24132K, capacity 24591K, committed 24832K, reserved 26624K
}
Event: 2554.482 GC heap after
{Heap after GC invocations=4108 (full 3):
 def new generation   total 1748928K, used 25563K [0x00007f5cf8600000, 0x00007f5d6efb0000, 0x00007f624db50000)
  eden space 1554624K,   0% used [0x00007f5cf8600000, 0x00007f5cf8600000, 0x00007f5d57430000)
  from space 194304K,  13% used [0x00007f5d631f0000, 0x00007f5d64ae6e18, 0x00007f5d6efb0000)
  to   space 194304K,   0% used [0x00007f5d57430000, 0x00007f5d57430000, 0x00007f5d631f0000)
 tenured generation   total 3886400K, used 3876070K [0x00007f624db50000, 0x00007f633aea0000, 0x00007f6cf8600000)
   the space 3886400K,  99% used [0x00007f624db50000, 0x00007f633a489948, 0x00007f633a489a00, 0x00007f633aea0000)
 Metaspace       used 24132K, capacity 24591K, committed 24832K, reserved 26624K
}
Event: 2555.538 GC heap before
{Heap before GC invocations=4108 (full 3):
 def new generation   total 1748928K, used 1580187K [0x00007f5cf8600000, 0x00007f5d6efb0000, 0x00007f624db50000)
  eden space 1554624K, 100% used [0x00007f5cf8600000, 0x00007f5d57430000, 0x00007f5d57430000)
  from space 194304K,  13% used [0x00007f5d631f0000, 0x00007f5d64ae6e18, 0x00007f5d6efb0000)
  to   space 194304K,   0% used [0x00007f5d57430000, 0x00007f5d57430000, 0x00007f5d631f0000)
 tenured generation   total 3886400K, used 3876070K [0x00007f624db50000, 0x00007f633aea0000, 0x00007f6cf8600000)
   the space 3886400K,  99% used [0x00007f624db50000, 0x00007f633a489948, 0x00007f633a489a00, 0x00007f633aea0000)
 Metaspace       used 24132K, capacity 24591K, committed 24832K, reserved 26624K
}
Event: 2555.582 GC heap after
{Heap after GC invocations=4109 (full 3):
 def new generation   total 1748928K, used 25626K [0x00007f5cf8600000, 0x00007f5d6efb0000, 0x00007f624db50000)
  eden space 1554624K,   0% used [0x00007f5cf8600000, 0x00007f5cf8600000, 0x00007f5d57430000)
  from space 194304K,  13% used [0x00007f5d57430000, 0x00007f5d58d36968, 0x00007f5d631f0000)
  to   space 194304K,   0% used [0x00007f5d631f0000, 0x00007f5d631f0000, 0x00007f5d6efb0000)
 tenured generation   total 3886400K, used 3877722K [0x00007f624db50000, 0x00007f633aea0000, 0x00007f6cf8600000)
   the space 3886400K,  99% used [0x00007f624db50000, 0x00007f633a626930, 0x00007f633a626a00, 0x00007f633aea0000)
 Metaspace       used 24132K, capacity 24591K, committed 24832K, reserved 26624K
}
Event: 2556.599 GC heap before
{Heap before GC invocations=4109 (full 3):
 def new generation   total 1748928K, used 1580250K [0x00007f5cf8600000, 0x00007f5d6efb0000, 0x00007f624db50000)
  eden space 1554624K, 100% used [0x00007f5cf8600000, 0x00007f5d57430000, 0x00007f5d57430000)
  from space 194304K,  13% used [0x00007f5d57430000, 0x00007f5d58d36968, 0x00007f5d631f0000)
  to   space 194304K,   0% used [0x00007f5d631f0000, 0x00007f5d631f0000, 0x00007f5d6efb0000)
 tenured generation   total 3886400K, used 3877722K [0x00007f624db50000, 0x00007f633aea0000, 0x00007f6cf8600000)
   the space 3886400K,  99% used [0x00007f624db50000, 0x00007f633a626930, 0x00007f633a626a00, 0x00007f633aea0000)
 Metaspace       used 24132K, capacity 24591K, committed 24832K, reserved 26624K
}
Event: 2556.649 GC heap after
{Heap after GC invocations=4110 (full 3):
 def new generation   total 1748928K, used 25574K [0x00007f5cf8600000, 0x00007f5d6efb0000, 0x00007f624db50000)
  eden space 1554624K,   0% used [0x00007f5cf8600000, 0x00007f5cf8600000, 0x00007f5d57430000)
  from space 194304K,  13% used [0x00007f5d631f0000, 0x00007f5d64ae9a20, 0x00007f5d6efb0000)
  to   space 194304K,   0% used [0x00007f5d57430000, 0x00007f5d57430000, 0x00007f5d631f0000)
 tenured generation   total 3886400K, used 3879442K [0x00007f624db50000, 0x00007f633aea0000, 0x00007f6cf8600000)
   the space 3886400K,  99% used [0x00007f624db50000, 0x00007f633a7d4bf0, 0x00007f633a7d4c00, 0x00007f633aea0000)
 Metaspace       used 24132K, capacity 24591K, committed 24832K, reserved 26624K
}
Event: 2557.684 GC heap before
{Heap before GC invocations=4110 (full 3):
 def new generation   total 1748928K, used 1580198K [0x00007f5cf8600000, 0x00007f5d6efb0000, 0x00007f624db50000)
  eden space 1554624K, 100% used [0x00007f5cf8600000, 0x00007f5d57430000, 0x00007f5d57430000)
  from space 194304K,  13% used [0x00007f5d631f0000, 0x00007f5d64ae9a20, 0x00007f5d6efb0000)
  to   space 194304K,   0% used [0x00007f5d57430000, 0x00007f5d57430000, 0x00007f5d631f0000)
 tenured generation   total 3886400K, used 3879442K [0x00007f624db50000, 0x00007f633aea0000, 0x00007f6cf8600000)
   the space 3886400K,  99% used [0x00007f624db50000, 0x00007f633a7d4bf0, 0x00007f633a7d4c00, 0x00007f633aea0000)
 Metaspace       used 24132K, capacity 24591K, committed 24832K, reserved 26624K
}
Event: 2557.736 GC heap after
{Heap after GC invocations=4111 (full 3):
 def new generation   total 1748928K, used 25578K [0x00007f5cf8600000, 0x00007f5d6efb0000, 0x00007f624db50000)
  eden space 1554624K,   0% used [0x00007f5cf8600000, 0x00007f5cf8600000, 0x00007f5d57430000)
  from space 194304K,  13% used [0x00007f5d57430000, 0x00007f5d58d2a828, 0x00007f5d631f0000)
  to   space 194304K,   0% used [0x00007f5d631f0000, 0x00007f5d631f0000, 0x00007f5d6efb0000)
 tenured generation   total 3886400K, used 3881150K [0x00007f624db50000, 0x00007f633aea0000, 0x00007f6cf8600000)
   the space 3886400K,  99% used [0x00007f624db50000, 0x00007f633a97f8a0, 0x00007f633a97fa00, 0x00007f633aea0000)
 Metaspace       used 24132K, capacity 24591K, committed 24832K, reserved 26624K
}
Event: 2558.778 GC heap before
{Heap before GC invocations=4111 (full 3):
 def new generation   total 1748928K, used 1580202K [0x00007f5cf8600000, 0x00007f5d6efb0000, 0x00007f624db50000)
  eden space 1554624K, 100% used [0x00007f5cf8600000, 0x00007f5d57430000, 0x00007f5d57430000)
  from space 194304K,  13% used [0x00007f5d57430000, 0x00007f5d58d2a828, 0x00007f5d631f0000)
  to   space 194304K,   0% used [0x00007f5d631f0000, 0x00007f5d631f0000, 0x00007f5d6efb0000)
 tenured generation   total 3886400K, used 3881150K [0x00007f624db50000, 0x00007f633aea0000, 0x00007f6cf8600000)
   the space 3886400K,  99% used [0x00007f624db50000, 0x00007f633a97f8a0, 0x00007f633a97fa00, 0x00007f633aea0000)
 Metaspace       used 24132K, capacity 24591K, committed 24832K, reserved 26624K
}
Event: 2558.828 GC heap after
{Heap after GC invocations=4112 (full 3):
 def new generation   total 1748928K, used 25568K [0x00007f5cf8600000, 0x00007f5d6efb0000, 0x00007f624db50000)
  eden space 1554624K,   0% used [0x00007f5cf8600000, 0x00007f5cf8600000, 0x00007f5d57430000)
  from space 194304K,  13% used [0x00007f5d631f0000, 0x00007f5d64ae80f0, 0x00007f5d6efb0000)
  to   space 194304K,   0% used [0x00007f5d57430000, 0x00007f5d57430000, 0x00007f5d631f0000)
 tenured generation   total 3886400K, used 3882875K [0x00007f624db50000, 0x00007f633aea0000, 0x00007f6cf8600000)
   the space 3886400K,  99% used [0x00007f624db50000, 0x00007f633ab2ec10, 0x00007f633ab2ee00, 0x00007f633aea0000)
 Metaspace       used 24132K, capacity 24591K, committed 24832K, reserved 26624K
}
Event: 2559.855 GC heap before
{Heap before GC invocations=4112 (full 3):
 def new generation   total 1748928K, used 1580192K [0x00007f5cf8600000, 0x00007f5d6efb0000, 0x00007f624db50000)
  eden space 1554624K, 100% used [0x00007f5cf8600000, 0x00007f5d57430000, 0x00007f5d57430000)
  from space 194304K,  13% used [0x00007f5d631f0000, 0x00007f5d64ae80f0, 0x00007f5d6efb0000)
  to   space 194304K,   0% used [0x00007f5d57430000, 0x00007f5d57430000, 0x00007f5d631f0000)
 tenured generation   total 3886400K, used 3882875K [0x00007f624db50000, 0x00007f633aea0000, 0x00007f6cf8600000)
   the space 3886400K,  99% used [0x00007f624db50000, 0x00007f633ab2ec10, 0x00007f633ab2ee00, 0x00007f633aea0000)
 Metaspace       used 24132K, capacity 24591K, committed 24832K, reserved 26624K
}
Event: 2559.897 GC heap after
{Heap after GC invocations=4113 (full 3):
 def new generation   total 1748928K, used 25608K [0x00007f5cf8600000, 0x00007f5d6efb0000, 0x00007f624db50000)
  eden space 1554624K,   0% used [0x00007f5cf8600000, 0x00007f5cf8600000, 0x00007f5d57430000)
  from space 194304K,  13% used [0x00007f5d57430000, 0x00007f5d58d32088, 0x00007f5d631f0000)
  to   space 194304K,   0% used [0x00007f5d631f0000, 0x00007f5d631f0000, 0x00007f5d6efb0000)
 tenured generation   total 3886400K, used 3884540K [0x00007f624db50000, 0x00007f633aea0000, 0x00007f6cf8600000)
   the space 3886400K,  99% used [0x00007f624db50000, 0x00007f633accf298, 0x00007f633accf400, 0x00007f633aea0000)
 Metaspace       used 24132K, capacity 24591K, committed 24832K, reserved 26624K
}
Event: 2560.936 GC heap before
{Heap before GC invocations=4113 (full 3):
 def new generation   total 1748928K, used 1580232K [0x00007f5cf8600000, 0x00007f5d6efb0000, 0x00007f624db50000)
  eden space 1554624K, 100% used [0x00007f5cf8600000, 0x00007f5d57430000, 0x00007f5d57430000)
  from space 194304K,  13% used [0x00007f5d57430000, 0x00007f5d58d32088, 0x00007f5d631f0000)
  to   space 194304K,   0% used [0x00007f5d631f0000, 0x00007f5d631f0000, 0x00007f5d6efb0000)
 tenured generation   total 3886400K, used 3884540K [0x00007f624db50000, 0x00007f633aea0000, 0x00007f6cf8600000)
   the space 3886400K,  99% used [0x00007f624db50000, 0x00007f633accf298, 0x00007f633accf400, 0x00007f633aea0000)
 Metaspace       used 24132K, capacity 24591K, committed 24832K, reserved 26624K
}
Event: 2560.992 GC heap after
{Heap after GC invocations=4114 (full 3):
 def new generation   total 1748928K, used 25573K [0x00007f5cf8600000, 0x00007f5d6efb0000, 0x00007f624db50000)
  eden space 1554624K,   0% used [0x00007f5cf8600000, 0x00007f5cf8600000, 0x00007f5d57430000)
  from space 194304K,  13% used [0x00007f5d631f0000, 0x00007f5d64ae9710, 0x00007f5d6efb0000)
  to   space 194304K,   0% used [0x00007f5d57430000, 0x00007f5d57430000, 0x00007f5d631f0000)
 tenured generation   total 3886400K, used 3886247K [0x00007f624db50000, 0x00007f633aea0000, 0x00007f6cf8600000)
   the space 3886400K,  99% used [0x00007f624db50000, 0x00007f633ae79eb8, 0x00007f633ae7a000, 0x00007f633aea0000)
 Metaspace       used 24132K, capacity 24591K, committed 24832K, reserved 26624K
}
Event: 2562.007 GC heap before
{Heap before GC invocations=4114 (full 3):
 def new generation   total 1748928K, used 1580197K [0x00007f5cf8600000, 0x00007f5d6efb0000, 0x00007f624db50000)
  eden space 1554624K, 100% used [0x00007f5cf8600000, 0x00007f5d57430000, 0x00007f5d57430000)
  from space 194304K,  13% used [0x00007f5d631f0000, 0x00007f5d64ae9710, 0x00007f5d6efb0000)
  to   space 194304K,   0% used [0x00007f5d57430000, 0x00007f5d57430000, 0x00007f5d631f0000)
 tenured generation   total 3886400K, used 3886247K [0x00007f624db50000, 0x00007f633aea0000, 0x00007f6cf8600000)
   the space 3886400K,  99% used [0x00007f624db50000, 0x00007f633ae79eb8, 0x00007f633ae7a000, 0x00007f633aea0000)
 Metaspace       used 24132K, capacity 24591K, committed 24832K, reserved 26624K
}
Event: 2562.061 GC heap after
{Heap after GC invocations=4115 (full 3):
 def new generation   total 1748928K, used 25568K [0x00007f5cf8600000, 0x00007f5d6efb0000, 0x00007f624db50000)
  eden space 1554624K,   0% used [0x00007f5cf8600000, 0x00007f5cf8600000, 0x00007f5d57430000)
  from space 194304K,  13% used [0x00007f5d57430000, 0x00007f5d58d283a0, 0x00007f5d631f0000)
  to   space 194304K,   0% used [0x00007f5d631f0000, 0x00007f5d631f0000, 0x00007f5d6efb0000)
 tenured generation   total 3888128K, used 3887968K [0x00007f624db50000, 0x00007f633b050000, 0x00007f6cf8600000)
   the space 3888128K,  99% used [0x00007f624db50000, 0x00007f633b028178, 0x00007f633b028200, 0x00007f633b050000)
 Metaspace       used 24132K, capacity 24591K, committed 24832K, reserved 26624K
}
Event: 2562.061 GC heap before
{Heap before GC invocations=4115 (full 3):
 def new generation   total 1748928K, used 25568K [0x00007f5cf8600000, 0x00007f5d6efb0000, 0x00007f624db50000)
  eden space 1554624K,   0% used [0x00007f5cf8600000, 0x00007f5cf8600000, 0x00007f5d57430000)
  from space 194304K,  13% used [0x00007f5d57430000, 0x00007f5d58d283a0, 0x00007f5d631f0000)
  to   space 194304K,   0% used [0x00007f5d631f0000, 0x00007f5d631f0000, 0x00007f5d6efb0000)
 tenured generation   total 3888128K, used 3887968K [0x00007f624db50000, 0x00007f633b050000, 0x00007f6cf8600000)
   the space 3888128K,  99% used [0x00007f624db50000, 0x00007f633b028178, 0x00007f633b028200, 0x00007f633b050000)
 Metaspace       used 24132K, capacity 24591K, committed 24832K, reserved 26624K
}

