# JRE version: OpenJDK Runtime Environment (13.0.7+5) (build 13.0.7+5-Ubuntu-0ubuntu120.04)
# Java VM: OpenJDK 64-Bit Server VM (13.0.7+5-Ubuntu-0ubuntu120.04, mixed mode, tiered, serial gc, linux-amd64)
Heap:
 def new generation   total 4857152K, used 42479K [0x00007f8a1c600000, 0x00007f8b65c50000, 0x00007f8f71b50000)
  eden space 4317504K,   0% used [0x00007f8a1c600000, 0x00007f8a1ef7bef0, 0x00007f8b23e50000)
  from space 539648K,   0% used [0x00007f8b44d50000, 0x00007f8b44d50000, 0x00007f8b65c50000)
  to   space 539648K,   0% used [0x00007f8b23e50000, 0x00007f8b23e50000, 0x00007f8b44d50000)
 tenured generation   total 10795576K, used 10795575K [0x00007f8f71b50000, 0x00007f92049de000, 0x00007f9a1c600000)
   the space 10795576K,  99% used [0x00007f8f71b50000, 0x00007f92049ddfe8, 0x00007f92049de000, 0x00007f92049de000)
 Metaspace       used 24186K, capacity 24570K, committed 24832K, reserved 26624K
GC Heap History (20 events):
Event: 7435.245 GC heap after
{Heap after GC invocations=8412 (full 5):
 def new generation   total 4857152K, used 49196K [0x00007f8a1c600000, 0x00007f8b65c50000, 0x00007f8f71b50000)
  eden space 4317504K,   0% used [0x00007f8a1c600000, 0x00007f8a1c600000, 0x00007f8b23e50000)
  from space 539648K,   9% used [0x00007f8b23e50000, 0x00007f8b26e5b1f0, 0x00007f8b44d50000)
  to   space 539648K,   0% used [0x00007f8b44d50000, 0x00007f8b44d50000, 0x00007f8b65c50000)
 tenured generation   total 10793464K, used 10767435K [0x00007f8f71b50000, 0x00007f92047ce000, 0x00007f9a1c600000)
   the space 10793464K,  99% used [0x00007f8f71b50000, 0x00007f9202e62d70, 0x00007f9202e62e00, 0x00007f92047ce000)
 Metaspace       used 24186K, capacity 24570K, committed 24832K, reserved 26624K
}
Event: 7437.542 GC heap before
{Heap before GC invocations=8412 (full 5):
 def new generation   total 4857152K, used 4366700K [0x00007f8a1c600000, 0x00007f8b65c50000, 0x00007f8f71b50000)
  eden space 4317504K, 100% used [0x00007f8a1c600000, 0x00007f8b23e50000, 0x00007f8b23e50000)
  from space 539648K,   9% used [0x00007f8b23e50000, 0x00007f8b26e5b1f0, 0x00007f8b44d50000)
  to   space 539648K,   0% used [0x00007f8b44d50000, 0x00007f8b44d50000, 0x00007f8b65c50000)
 tenured generation   total 10793464K, used 10767435K [0x00007f8f71b50000, 0x00007f92047ce000, 0x00007f9a1c600000)
   the space 10793464K,  99% used [0x00007f8f71b50000, 0x00007f9202e62d70, 0x00007f9202e62e00, 0x00007f92047ce000)
 Metaspace       used 24186K, capacity 24570K, committed 24832K, reserved 26624K
}
Event: 7437.569 GC heap after
{Heap after GC invocations=8413 (full 5):
 def new generation   total 4857152K, used 46747K [0x00007f8a1c600000, 0x00007f8b65c50000, 0x00007f8f71b50000)
  eden space 4317504K,   0% used [0x00007f8a1c600000, 0x00007f8a1c600000, 0x00007f8b23e50000)
  from space 539648K,   8% used [0x00007f8b44d50000, 0x00007f8b47af6e98, 0x00007f8b65c50000)
  to   space 539648K,   0% used [0x00007f8b23e50000, 0x00007f8b23e50000, 0x00007f8b44d50000)
 tenured generation   total 10793464K, used 10771672K [0x00007f8f71b50000, 0x00007f92047ce000, 0x00007f9a1c600000)
   the space 10793464K,  99% used [0x00007f8f71b50000, 0x00007f92032862b0, 0x00007f9203286400, 0x00007f92047ce000)
 Metaspace       used 24186K, capacity 24570K, committed 24832K, reserved 26624K
}
Event: 7439.904 GC heap before
{Heap before GC invocations=8413 (full 5):
 def new generation   total 4857152K, used 4364251K [0x00007f8a1c600000, 0x00007f8b65c50000, 0x00007f8f71b50000)
  eden space 4317504K, 100% used [0x00007f8a1c600000, 0x00007f8b23e50000, 0x00007f8b23e50000)
  from space 539648K,   8% used [0x00007f8b44d50000, 0x00007f8b47af6e98, 0x00007f8b65c50000)
  to   space 539648K,   0% used [0x00007f8b23e50000, 0x00007f8b23e50000, 0x00007f8b44d50000)
 tenured generation   total 10793464K, used 10771672K [0x00007f8f71b50000, 0x00007f92047ce000, 0x00007f9a1c600000)
   the space 10793464K,  99% used [0x00007f8f71b50000, 0x00007f92032862b0, 0x00007f9203286400, 0x00007f92047ce000)
 Metaspace       used 24186K, capacity 24570K, committed 24832K, reserved 26624K
}
Event: 7439.929 GC heap after
{Heap after GC invocations=8414 (full 5):
 def new generation   total 4857152K, used 44627K [0x00007f8a1c600000, 0x00007f8b65c50000, 0x00007f8f71b50000)
  eden space 4317504K,   0% used [0x00007f8a1c600000, 0x00007f8a1c600000, 0x00007f8b23e50000)
  from space 539648K,   8% used [0x00007f8b23e50000, 0x00007f8b269e4c28, 0x00007f8b44d50000)
  to   space 539648K,   0% used [0x00007f8b44d50000, 0x00007f8b44d50000, 0x00007f8b65c50000)
 tenured generation   total 10793464K, used 10775905K [0x00007f8f71b50000, 0x00007f92047ce000, 0x00007f9a1c600000)
   the space 10793464K,  99% used [0x00007f8f71b50000, 0x00007f92036a86b0, 0x00007f92036a8800, 0x00007f92047ce000)
 Metaspace       used 24186K, capacity 24570K, committed 24832K, reserved 26624K
}
Event: 7442.211 GC heap before
{Heap before GC invocations=8414 (full 5):
 def new generation   total 4857152K, used 4362131K [0x00007f8a1c600000, 0x00007f8b65c50000, 0x00007f8f71b50000)
  eden space 4317504K, 100% used [0x00007f8a1c600000, 0x00007f8b23e50000, 0x00007f8b23e50000)
  from space 539648K,   8% used [0x00007f8b23e50000, 0x00007f8b269e4c28, 0x00007f8b44d50000)
  to   space 539648K,   0% used [0x00007f8b44d50000, 0x00007f8b44d50000, 0x00007f8b65c50000)
 tenured generation   total 10793464K, used 10775905K [0x00007f8f71b50000, 0x00007f92047ce000, 0x00007f9a1c600000)
   the space 10793464K,  99% used [0x00007f8f71b50000, 0x00007f92036a86b0, 0x00007f92036a8800, 0x00007f92047ce000)
 Metaspace       used 24186K, capacity 24570K, committed 24832K, reserved 26624K
}
Event: 7442.240 GC heap after
{Heap after GC invocations=8415 (full 5):
 def new generation   total 4857152K, used 43135K [0x00007f8a1c600000, 0x00007f8b65c50000, 0x00007f8f71b50000)
  eden space 4317504K,   0% used [0x00007f8a1c600000, 0x00007f8a1c600000, 0x00007f8b23e50000)
  from space 539648K,   7% used [0x00007f8b44d50000, 0x00007f8b4776fca8, 0x00007f8b65c50000)
  to   space 539648K,   0% used [0x00007f8b23e50000, 0x00007f8b23e50000, 0x00007f8b44d50000)
 tenured generation   total 10793464K, used 10779874K [0x00007f8f71b50000, 0x00007f92047ce000, 0x00007f9a1c600000)
   the space 10793464K,  99% used [0x00007f8f71b50000, 0x00007f9203a88bf8, 0x00007f9203a88c00, 0x00007f92047ce000)
 Metaspace       used 24186K, capacity 24570K, committed 24832K, reserved 26624K
}
Event: 7444.517 GC heap before
{Heap before GC invocations=8415 (full 5):
 def new generation   total 4857152K, used 4360639K [0x00007f8a1c600000, 0x00007f8b65c50000, 0x00007f8f71b50000)
  eden space 4317504K, 100% used [0x00007f8a1c600000, 0x00007f8b23e50000, 0x00007f8b23e50000)
  from space 539648K,   7% used [0x00007f8b44d50000, 0x00007f8b4776fca8, 0x00007f8b65c50000)
  to   space 539648K,   0% used [0x00007f8b23e50000, 0x00007f8b23e50000, 0x00007f8b44d50000)
 tenured generation   total 10793464K, used 10779874K [0x00007f8f71b50000, 0x00007f92047ce000, 0x00007f9a1c600000)
   the space 10793464K,  99% used [0x00007f8f71b50000, 0x00007f9203a88bf8, 0x00007f9203a88c00, 0x00007f92047ce000)
 Metaspace       used 24186K, capacity 24570K, committed 24832K, reserved 26624K
}
Event: 7444.541 GC heap after
{Heap after GC invocations=8416 (full 5):
 def new generation   total 4857152K, used 43806K [0x00007f8a1c600000, 0x00007f8b65c50000, 0x00007f8f71b50000)
  eden space 4317504K,   0% used [0x00007f8a1c600000, 0x00007f8a1c600000, 0x00007f8b23e50000)
  from space 539648K,   8% used [0x00007f8b23e50000, 0x00007f8b26917a38, 0x00007f8b44d50000)
  to   space 539648K,   0% used [0x00007f8b44d50000, 0x00007f8b44d50000, 0x00007f8b65c50000)
 tenured generation   total 10793464K, used 10781737K [0x00007f8f71b50000, 0x00007f92047ce000, 0x00007f9a1c600000)
   the space 10793464K,  99% used [0x00007f8f71b50000, 0x00007f9203c5a678, 0x00007f9203c5a800, 0x00007f92047ce000)
 Metaspace       used 24186K, capacity 24570K, committed 24832K, reserved 26624K
}
Event: 7446.817 GC heap before
{Heap before GC invocations=8416 (full 5):
 def new generation   total 4857152K, used 4361310K [0x00007f8a1c600000, 0x00007f8b65c50000, 0x00007f8f71b50000)
  eden space 4317504K, 100% used [0x00007f8a1c600000, 0x00007f8b23e50000, 0x00007f8b23e50000)
  from space 539648K,   8% used [0x00007f8b23e50000, 0x00007f8b26917a38, 0x00007f8b44d50000)
  to   space 539648K,   0% used [0x00007f8b44d50000, 0x00007f8b44d50000, 0x00007f8b65c50000)
 tenured generation   total 10793464K, used 10781737K [0x00007f8f71b50000, 0x00007f92047ce000, 0x00007f9a1c600000)
   the space 10793464K,  99% used [0x00007f8f71b50000, 0x00007f9203c5a678, 0x00007f9203c5a800, 0x00007f92047ce000)
 Metaspace       used 24186K, capacity 24570K, committed 24832K, reserved 26624K
}
Event: 7446.842 GC heap after
{Heap after GC invocations=8417 (full 5):
 def new generation   total 4857152K, used 44087K [0x00007f8a1c600000, 0x00007f8b65c50000, 0x00007f8f71b50000)
  eden space 4317504K,   0% used [0x00007f8a1c600000, 0x00007f8a1c600000, 0x00007f8b23e50000)
  from space 539648K,   8% used [0x00007f8b44d50000, 0x00007f8b4785dc00, 0x00007f8b65c50000)
  to   space 539648K,   0% used [0x00007f8b23e50000, 0x00007f8b23e50000, 0x00007f8b44d50000)
 tenured generation   total 10793464K, used 10783952K [0x00007f8f71b50000, 0x00007f92047ce000, 0x00007f9a1c600000)
   the space 10793464K,  99% used [0x00007f8f71b50000, 0x00007f9203e84008, 0x00007f9203e84200, 0x00007f92047ce000)
 Metaspace       used 24186K, capacity 24570K, committed 24832K, reserved 26624K
}
Event: 7449.099 GC heap before
{Heap before GC invocations=8417 (full 5):
 def new generation   total 4857152K, used 4361591K [0x00007f8a1c600000, 0x00007f8b65c50000, 0x00007f8f71b50000)
  eden space 4317504K, 100% used [0x00007f8a1c600000, 0x00007f8b23e50000, 0x00007f8b23e50000)
  from space 539648K,   8% used [0x00007f8b44d50000, 0x00007f8b4785dc00, 0x00007f8b65c50000)
  to   space 539648K,   0% used [0x00007f8b23e50000, 0x00007f8b23e50000, 0x00007f8b44d50000)
 tenured generation   total 10793464K, used 10783952K [0x00007f8f71b50000, 0x00007f92047ce000, 0x00007f9a1c600000)
   the space 10793464K,  99% used [0x00007f8f71b50000, 0x00007f9203e84008, 0x00007f9203e84200, 0x00007f92047ce000)
 Metaspace       used 24186K, capacity 24570K, committed 24832K, reserved 26624K
}
Event: 7449.128 GC heap after
{Heap after GC invocations=8418 (full 5):
 def new generation   total 4857152K, used 44104K [0x00007f8a1c600000, 0x00007f8b65c50000, 0x00007f8f71b50000)
  eden space 4317504K,   0% used [0x00007f8a1c600000, 0x00007f8a1c600000, 0x00007f8b23e50000)
  from space 539648K,   8% used [0x00007f8b23e50000, 0x00007f8b26962180, 0x00007f8b44d50000)
  to   space 539648K,   0% used [0x00007f8b44d50000, 0x00007f8b44d50000, 0x00007f8b65c50000)
 tenured generation   total 10793464K, used 10786429K [0x00007f8f71b50000, 0x00007f92047ce000, 0x00007f9a1c600000)
   the space 10793464K,  99% used [0x00007f8f71b50000, 0x00007f92040ef488, 0x00007f92040ef600, 0x00007f92047ce000)
 Metaspace       used 24186K, capacity 24570K, committed 24832K, reserved 26624K
}
Event: 7451.411 GC heap before
{Heap before GC invocations=8418 (full 5):
 def new generation   total 4857152K, used 4361608K [0x00007f8a1c600000, 0x00007f8b65c50000, 0x00007f8f71b50000)
  eden space 4317504K, 100% used [0x00007f8a1c600000, 0x00007f8b23e50000, 0x00007f8b23e50000)
  from space 539648K,   8% used [0x00007f8b23e50000, 0x00007f8b26962180, 0x00007f8b44d50000)
  to   space 539648K,   0% used [0x00007f8b44d50000, 0x00007f8b44d50000, 0x00007f8b65c50000)
 tenured generation   total 10793464K, used 10786429K [0x00007f8f71b50000, 0x00007f92047ce000, 0x00007f9a1c600000)
   the space 10793464K,  99% used [0x00007f8f71b50000, 0x00007f92040ef488, 0x00007f92040ef600, 0x00007f92047ce000)
 Metaspace       used 24186K, capacity 24570K, committed 24832K, reserved 26624K
}
Event: 7451.436 GC heap after
{Heap after GC invocations=8419 (full 5):
 def new generation   total 4857152K, used 43927K [0x00007f8a1c600000, 0x00007f8b65c50000, 0x00007f8f71b50000)
  eden space 4317504K,   0% used [0x00007f8a1c600000, 0x00007f8a1c600000, 0x00007f8b23e50000)
  from space 539648K,   8% used [0x00007f8b44d50000, 0x00007f8b47835ce0, 0x00007f8b65c50000)
  to   space 539648K,   0% used [0x00007f8b23e50000, 0x00007f8b23e50000, 0x00007f8b44d50000)
 tenured generation   total 10793464K, used 10789169K [0x00007f8f71b50000, 0x00007f92047ce000, 0x00007f9a1c600000)
   the space 10793464K,  99% used [0x00007f8f71b50000, 0x00007f920439c758, 0x00007f920439c800, 0x00007f92047ce000)
 Metaspace       used 24186K, capacity 24570K, committed 24832K, reserved 26624K
}
Event: 7453.838 GC heap before
{Heap before GC invocations=8419 (full 5):
 def new generation   total 4857152K, used 4361431K [0x00007f8a1c600000, 0x00007f8b65c50000, 0x00007f8f71b50000)
  eden space 4317504K,  99% used [0x00007f8a1c600000, 0x00007f8b23e4ffe8, 0x00007f8b23e50000)
  from space 539648K,   8% used [0x00007f8b44d50000, 0x00007f8b47835ce0, 0x00007f8b65c50000)
  to   space 539648K,   0% used [0x00007f8b23e50000, 0x00007f8b23e50000, 0x00007f8b44d50000)
 tenured generation   total 10793464K, used 10789169K [0x00007f8f71b50000, 0x00007f92047ce000, 0x00007f9a1c600000)
   the space 10793464K,  99% used [0x00007f8f71b50000, 0x00007f920439c758, 0x00007f920439c800, 0x00007f92047ce000)
 Metaspace       used 24186K, capacity 24570K, committed 24832K, reserved 26624K
}
Event: 7453.862 GC heap after
{Heap after GC invocations=8420 (full 5):
 def new generation   total 4857152K, used 43309K [0x00007f8a1c600000, 0x00007f8b65c50000, 0x00007f8f71b50000)
  eden space 4317504K,   0% used [0x00007f8a1c600000, 0x00007f8a1c600000, 0x00007f8b23e50000)
  from space 539648K,   8% used [0x00007f8b23e50000, 0x00007f8b2689b638, 0x00007f8b44d50000)
  to   space 539648K,   0% used [0x00007f8b44d50000, 0x00007f8b44d50000, 0x00007f8b65c50000)
 tenured generation   total 10793464K, used 10792261K [0x00007f8f71b50000, 0x00007f92047ce000, 0x00007f9a1c600000)
   the space 10793464K,  99% used [0x00007f8f71b50000, 0x00007f92046a16f8, 0x00007f92046a1800, 0x00007f92047ce000)
 Metaspace       used 24186K, capacity 24570K, committed 24832K, reserved 26624K
}
Event: 7456.270 GC heap before
{Heap before GC invocations=8420 (full 5):
 def new generation   total 4857152K, used 4360813K [0x00007f8a1c600000, 0x00007f8b65c50000, 0x00007f8f71b50000)
  eden space 4317504K, 100% used [0x00007f8a1c600000, 0x00007f8b23e50000, 0x00007f8b23e50000)
  from space 539648K,   8% used [0x00007f8b23e50000, 0x00007f8b2689b638, 0x00007f8b44d50000)
  to   space 539648K,   0% used [0x00007f8b44d50000, 0x00007f8b44d50000, 0x00007f8b65c50000)
 tenured generation   total 10793464K, used 10792261K [0x00007f8f71b50000, 0x00007f92047ce000, 0x00007f9a1c600000)
   the space 10793464K,  99% used [0x00007f8f71b50000, 0x00007f92046a16f8, 0x00007f92046a1800, 0x00007f92047ce000)
 Metaspace       used 24186K, capacity 24570K, committed 24832K, reserved 26624K
}
Event: 7456.296 GC heap after
{Heap after GC invocations=8421 (full 5):
 def new generation   total 4857152K, used 42614K [0x00007f8a1c600000, 0x00007f8b65c50000, 0x00007f8f71b50000)
  eden space 4317504K,   0% used [0x00007f8a1c600000, 0x00007f8a1c600000, 0x00007f8b23e50000)
  from space 539648K,   7% used [0x00007f8b44d50000, 0x00007f8b476eda50, 0x00007f8b65c50000)
  to   space 539648K,   0% used [0x00007f8b23e50000, 0x00007f8b23e50000, 0x00007f8b44d50000)
 tenured generation   total 10795576K, used 10795441K [0x00007f8f71b50000, 0x00007f92049de000, 0x00007f9a1c600000)
   the space 10795576K,  99% used [0x00007f8f71b50000, 0x00007f92049bc488, 0x00007f92049bc600, 0x00007f92049de000)
 Metaspace       used 24186K, capacity 24570K, committed 24832K, reserved 26624K
}
Event: 7456.296 GC heap before
{Heap before GC invocations=8421 (full 5):
 def new generation   total 4857152K, used 42614K [0x00007f8a1c600000, 0x00007f8b65c50000, 0x00007f8f71b50000)
  eden space 4317504K,   0% used [0x00007f8a1c600000, 0x00007f8a1c600000, 0x00007f8b23e50000)
  from space 539648K,   7% used [0x00007f8b44d50000, 0x00007f8b476eda50, 0x00007f8b65c50000)
  to   space 539648K,   0% used [0x00007f8b23e50000, 0x00007f8b23e50000, 0x00007f8b44d50000)
 tenured generation   total 10795576K, used 10795441K [0x00007f8f71b50000, 0x00007f92049de000, 0x00007f9a1c600000)
   the space 10795576K,  99% used [0x00007f8f71b50000, 0x00007f92049bc488, 0x00007f92049bc600, 0x00007f92049de000)
 Metaspace       used 24186K, capacity 24570K, committed 24832K, reserved 26624K
}

