# JRE version: OpenJDK Runtime Environment (13.0.7+5) (build 13.0.7+5-Ubuntu-0ubuntu120.04)
# Java VM: OpenJDK 64-Bit Server VM (13.0.7+5-Ubuntu-0ubuntu120.04, mixed mode, tiered, serial gc, linux-amd64)
Heap:
 def new generation   total 9311616K, used 0K [0x00007f0350600000, 0x00007f05c7db0000, 0x00007f08a5b50000)
  eden space 8277056K,   0% used [0x00007f0350600000, 0x00007f0350600000, 0x00007f0549910000)
  from space 1034560K,   0% used [0x00007f0588b60000, 0x00007f0588b60000, 0x00007f05c7db0000)
  to   space 1034560K,   0% used [0x00007f0549910000, 0x00007f0549910000, 0x00007f0588b60000)
 tenured generation   total 20856420K, used 20578050K [0x00007f08a5b50000, 0x00007f0d9eae9000, 0x00007f1350600000)
   the space 20856420K,  98% used [0x00007f08a5b50000, 0x00007f0d8db108f0, 0x00007f0d8db10a00, 0x00007f0d9eae9000)
 Metaspace       used 30462K, capacity 30915K, committed 31232K, reserved 32768K
GC Heap History (20 events):
Event: 807.417 GC heap after
{Heap after GC invocations=76 (full 6):
 def new generation   total 9311616K, used 785733K [0x00007f0350600000, 0x00007f05c7db0000, 0x00007f08a5b50000)
  eden space 8277056K,   0% used [0x00007f0350600000, 0x00007f0350600000, 0x00007f0549910000)
  from space 1034560K,  75% used [0x00007f0549910000, 0x00007f05798615f0, 0x00007f0588b60000)
  to   space 1034560K,   0% used [0x00007f0588b60000, 0x00007f0588b60000, 0x00007f05c7db0000)
 tenured generation   total 20692260K, used 14858736K [0x00007f08a5b50000, 0x00007f0d94a99000, 0x00007f1350600000)
   the space 20692260K,  71% used [0x00007f08a5b50000, 0x00007f0c309cc0d8, 0x00007f0c309cc200, 0x00007f0d94a99000)
 Metaspace       used 30462K, capacity 30915K, committed 31232K, reserved 32768K
}
Event: 809.601 GC heap before
{Heap before GC invocations=76 (full 6):
 def new generation   total 9311616K, used 9062789K [0x00007f0350600000, 0x00007f05c7db0000, 0x00007f08a5b50000)
  eden space 8277056K, 100% used [0x00007f0350600000, 0x00007f0549910000, 0x00007f0549910000)
  from space 1034560K,  75% used [0x00007f0549910000, 0x00007f05798615f0, 0x00007f0588b60000)
  to   space 1034560K,   0% used [0x00007f0588b60000, 0x00007f0588b60000, 0x00007f05c7db0000)
 tenured generation   total 20692260K, used 14858736K [0x00007f08a5b50000, 0x00007f0d94a99000, 0x00007f1350600000)
   the space 20692260K,  71% used [0x00007f08a5b50000, 0x00007f0c309cc0d8, 0x00007f0c309cc200, 0x00007f0d94a99000)
 Metaspace       used 30462K, capacity 30915K, committed 31232K, reserved 32768K
}
Event: 811.343 GC heap after
{Heap after GC invocations=77 (full 6):
 def new generation   total 9311616K, used 681456K [0x00007f0350600000, 0x00007f05c7db0000, 0x00007f08a5b50000)
  eden space 8277056K,   0% used [0x00007f0350600000, 0x00007f0350600000, 0x00007f0549910000)
  from space 1034560K,  65% used [0x00007f0588b60000, 0x00007f05b24dc3f0, 0x00007f05c7db0000)
  to   space 1034560K,   0% used [0x00007f0549910000, 0x00007f0549910000, 0x00007f0588b60000)
 tenured generation   total 20692260K, used 15644468K [0x00007f08a5b50000, 0x00007f0d94a99000, 0x00007f1350600000)
   the space 20692260K,  75% used [0x00007f08a5b50000, 0x00007f0c6091d2d8, 0x00007f0c6091d400, 0x00007f0d94a99000)
 Metaspace       used 30462K, capacity 30915K, committed 31232K, reserved 32768K
}
Event: 813.545 GC heap before
{Heap before GC invocations=77 (full 6):
 def new generation   total 9311616K, used 8958512K [0x00007f0350600000, 0x00007f05c7db0000, 0x00007f08a5b50000)
  eden space 8277056K, 100% used [0x00007f0350600000, 0x00007f0549910000, 0x00007f0549910000)
  from space 1034560K,  65% used [0x00007f0588b60000, 0x00007f05b24dc3f0, 0x00007f05c7db0000)
  to   space 1034560K,   0% used [0x00007f0549910000, 0x00007f0549910000, 0x00007f0588b60000)
 tenured generation   total 20692260K, used 15644468K [0x00007f08a5b50000, 0x00007f0d94a99000, 0x00007f1350600000)
   the space 20692260K,  75% used [0x00007f08a5b50000, 0x00007f0c6091d2d8, 0x00007f0c6091d400, 0x00007f0d94a99000)
 Metaspace       used 30462K, capacity 30915K, committed 31232K, reserved 32768K
}
Event: 815.100 GC heap after
{Heap after GC invocations=78 (full 6):
 def new generation   total 9311616K, used 603432K [0x00007f0350600000, 0x00007f05c7db0000, 0x00007f08a5b50000)
  eden space 8277056K,   0% used [0x00007f0350600000, 0x00007f0350600000, 0x00007f0549910000)
  from space 1034560K,  58% used [0x00007f0549910000, 0x00007f056e65a0b0, 0x00007f0588b60000)
  to   space 1034560K,   0% used [0x00007f0588b60000, 0x00007f0588b60000, 0x00007f05c7db0000)
 tenured generation   total 20692260K, used 16325924K [0x00007f08a5b50000, 0x00007f0d94a99000, 0x00007f1350600000)
   the space 20692260K,  78% used [0x00007f08a5b50000, 0x00007f0c8a299358, 0x00007f0c8a299400, 0x00007f0d94a99000)
 Metaspace       used 30462K, capacity 30915K, committed 31232K, reserved 32768K
}
Event: 817.232 GC heap before
{Heap before GC invocations=78 (full 6):
 def new generation   total 9311616K, used 8880488K [0x00007f0350600000, 0x00007f05c7db0000, 0x00007f08a5b50000)
  eden space 8277056K, 100% used [0x00007f0350600000, 0x00007f0549910000, 0x00007f0549910000)
  from space 1034560K,  58% used [0x00007f0549910000, 0x00007f056e65a0b0, 0x00007f0588b60000)
  to   space 1034560K,   0% used [0x00007f0588b60000, 0x00007f0588b60000, 0x00007f05c7db0000)
 tenured generation   total 20692260K, used 16325924K [0x00007f08a5b50000, 0x00007f0d94a99000, 0x00007f1350600000)
   the space 20692260K,  78% used [0x00007f08a5b50000, 0x00007f0c8a299358, 0x00007f0c8a299400, 0x00007f0d94a99000)
 Metaspace       used 30462K, capacity 30915K, committed 31232K, reserved 32768K
}
Event: 818.734 GC heap after
{Heap after GC invocations=79 (full 6):
 def new generation   total 9311616K, used 623267K [0x00007f0350600000, 0x00007f05c7db0000, 0x00007f08a5b50000)
  eden space 8277056K,   0% used [0x00007f0350600000, 0x00007f0350600000, 0x00007f0549910000)
  from space 1034560K,  60% used [0x00007f0588b60000, 0x00007f05aec08d00, 0x00007f05c7db0000)
  to   space 1034560K,   0% used [0x00007f0549910000, 0x00007f0549910000, 0x00007f0588b60000)
 tenured generation   total 20692260K, used 16929356K [0x00007f08a5b50000, 0x00007f0d94a99000, 0x00007f1350600000)
   the space 20692260K,  81% used [0x00007f08a5b50000, 0x00007f0caefe3048, 0x00007f0caefe3200, 0x00007f0d94a99000)
 Metaspace       used 30462K, capacity 30915K, committed 31232K, reserved 32768K
}
Event: 820.864 GC heap before
{Heap before GC invocations=79 (full 6):
 def new generation   total 9311616K, used 8900323K [0x00007f0350600000, 0x00007f05c7db0000, 0x00007f08a5b50000)
  eden space 8277056K, 100% used [0x00007f0350600000, 0x00007f0549910000, 0x00007f0549910000)
  from space 1034560K,  60% used [0x00007f0588b60000, 0x00007f05aec08d00, 0x00007f05c7db0000)
  to   space 1034560K,   0% used [0x00007f0549910000, 0x00007f0549910000, 0x00007f0588b60000)
 tenured generation   total 20692260K, used 16929356K [0x00007f08a5b50000, 0x00007f0d94a99000, 0x00007f1350600000)
   the space 20692260K,  81% used [0x00007f08a5b50000, 0x00007f0caefe3048, 0x00007f0caefe3200, 0x00007f0d94a99000)
 Metaspace       used 30462K, capacity 30915K, committed 31232K, reserved 32768K
}
Event: 822.407 GC heap after
{Heap after GC invocations=80 (full 6):
 def new generation   total 9311616K, used 616303K [0x00007f0350600000, 0x00007f05c7db0000, 0x00007f08a5b50000)
  eden space 8277056K,   0% used [0x00007f0350600000, 0x00007f0350600000, 0x00007f0549910000)
  from space 1034560K,  59% used [0x00007f0549910000, 0x00007f056f2ebe80, 0x00007f0588b60000)
  to   space 1034560K,   0% used [0x00007f0588b60000, 0x00007f0588b60000, 0x00007f05c7db0000)
 tenured generation   total 20692260K, used 17552622K [0x00007f08a5b50000, 0x00007f0d94a99000, 0x00007f1350600000)
   the space 20692260K,  84% used [0x00007f08a5b50000, 0x00007f0cd508bac8, 0x00007f0cd508bc00, 0x00007f0d94a99000)
 Metaspace       used 30462K, capacity 30915K, committed 31232K, reserved 32768K
}
Event: 824.608 GC heap before
{Heap before GC invocations=80 (full 6):
 def new generation   total 9311616K, used 8893359K [0x00007f0350600000, 0x00007f05c7db0000, 0x00007f08a5b50000)
  eden space 8277056K, 100% used [0x00007f0350600000, 0x00007f0549910000, 0x00007f0549910000)
  from space 1034560K,  59% used [0x00007f0549910000, 0x00007f056f2ebe80, 0x00007f0588b60000)
  to   space 1034560K,   0% used [0x00007f0588b60000, 0x00007f0588b60000, 0x00007f05c7db0000)
 tenured generation   total 20692260K, used 17552622K [0x00007f08a5b50000, 0x00007f0d94a99000, 0x00007f1350600000)
   the space 20692260K,  84% used [0x00007f08a5b50000, 0x00007f0cd508bac8, 0x00007f0cd508bc00, 0x00007f0d94a99000)
 Metaspace       used 30462K, capacity 30915K, committed 31232K, reserved 32768K
}
Event: 826.166 GC heap after
{Heap after GC invocations=81 (full 6):
 def new generation   total 9311616K, used 617910K [0x00007f0350600000, 0x00007f05c7db0000, 0x00007f08a5b50000)
  eden space 8277056K,   0% used [0x00007f0350600000, 0x00007f0350600000, 0x00007f0549910000)
  from space 1034560K,  59% used [0x00007f0588b60000, 0x00007f05ae6cdba0, 0x00007f05c7db0000)
  to   space 1034560K,   0% used [0x00007f0549910000, 0x00007f0549910000, 0x00007f0588b60000)
 tenured generation   total 20692260K, used 18168925K [0x00007f08a5b50000, 0x00007f0d94a99000, 0x00007f1350600000)
   the space 20692260K,  87% used [0x00007f08a5b50000, 0x00007f0cfaa67768, 0x00007f0cfaa67800, 0x00007f0d94a99000)
 Metaspace       used 30462K, capacity 30915K, committed 31232K, reserved 32768K
}
Event: 828.337 GC heap before
{Heap before GC invocations=81 (full 6):
 def new generation   total 9311616K, used 8894966K [0x00007f0350600000, 0x00007f05c7db0000, 0x00007f08a5b50000)
  eden space 8277056K, 100% used [0x00007f0350600000, 0x00007f0549910000, 0x00007f0549910000)
  from space 1034560K,  59% used [0x00007f0588b60000, 0x00007f05ae6cdba0, 0x00007f05c7db0000)
  to   space 1034560K,   0% used [0x00007f0549910000, 0x00007f0549910000, 0x00007f0588b60000)
 tenured generation   total 20692260K, used 18168925K [0x00007f08a5b50000, 0x00007f0d94a99000, 0x00007f1350600000)
   the space 20692260K,  87% used [0x00007f08a5b50000, 0x00007f0cfaa67768, 0x00007f0cfaa67800, 0x00007f0d94a99000)
 Metaspace       used 30462K, capacity 30915K, committed 31232K, reserved 32768K
}
Event: 829.963 GC heap after
{Heap after GC invocations=82 (full 6):
 def new generation   total 9311616K, used 668503K [0x00007f0350600000, 0x00007f05c7db0000, 0x00007f08a5b50000)
  eden space 8277056K,   0% used [0x00007f0350600000, 0x00007f0350600000, 0x00007f0549910000)
  from space 1034560K,  64% used [0x00007f0549910000, 0x00007f05725e5f10, 0x00007f0588b60000)
  to   space 1034560K,   0% used [0x00007f0588b60000, 0x00007f0588b60000, 0x00007f05c7db0000)
 tenured generation   total 20692260K, used 18786836K [0x00007f08a5b50000, 0x00007f0d94a99000, 0x00007f1350600000)
   the space 20692260K,  90% used [0x00007f08a5b50000, 0x00007f0d205d5068, 0x00007f0d205d5200, 0x00007f0d94a99000)
 Metaspace       used 30462K, capacity 30915K, committed 31232K, reserved 32768K
}
Event: 832.075 GC heap before
{Heap before GC invocations=82 (full 6):
 def new generation   total 9311616K, used 8945559K [0x00007f0350600000, 0x00007f05c7db0000, 0x00007f08a5b50000)
  eden space 8277056K, 100% used [0x00007f0350600000, 0x00007f0549910000, 0x00007f0549910000)
  from space 1034560K,  64% used [0x00007f0549910000, 0x00007f05725e5f10, 0x00007f0588b60000)
  to   space 1034560K,   0% used [0x00007f0588b60000, 0x00007f0588b60000, 0x00007f05c7db0000)
 tenured generation   total 20692260K, used 18786836K [0x00007f08a5b50000, 0x00007f0d94a99000, 0x00007f1350600000)
   the space 20692260K,  90% used [0x00007f08a5b50000, 0x00007f0d205d5068, 0x00007f0d205d5200, 0x00007f0d94a99000)
 Metaspace       used 30462K, capacity 30915K, committed 31232K, reserved 32768K
}
Event: 833.958 GC heap after
{Heap after GC invocations=83 (full 6):
 def new generation   total 9311616K, used 797296K [0x00007f0350600000, 0x00007f05c7db0000, 0x00007f08a5b50000)
  eden space 8277056K,   0% used [0x00007f0350600000, 0x00007f0350600000, 0x00007f0549910000)
  from space 1034560K,  77% used [0x00007f0588b60000, 0x00007f05b95fc360, 0x00007f05c7db0000)
  to   space 1034560K,   0% used [0x00007f0549910000, 0x00007f0549910000, 0x00007f0588b60000)
 tenured generation   total 20692260K, used 19455339K [0x00007f08a5b50000, 0x00007f0d94a99000, 0x00007f1350600000)
   the space 20692260K,  94% used [0x00007f08a5b50000, 0x00007f0d492aaf08, 0x00007f0d492ab000, 0x00007f0d94a99000)
 Metaspace       used 30462K, capacity 30915K, committed 31232K, reserved 32768K
}
Event: 836.153 GC heap before
{Heap before GC invocations=83 (full 6):
 def new generation   total 9311616K, used 9074352K [0x00007f0350600000, 0x00007f05c7db0000, 0x00007f08a5b50000)
  eden space 8277056K, 100% used [0x00007f0350600000, 0x00007f0549910000, 0x00007f0549910000)
  from space 1034560K,  77% used [0x00007f0588b60000, 0x00007f05b95fc360, 0x00007f05c7db0000)
  to   space 1034560K,   0% used [0x00007f0549910000, 0x00007f0549910000, 0x00007f0588b60000)
 tenured generation   total 20692260K, used 19455339K [0x00007f08a5b50000, 0x00007f0d94a99000, 0x00007f1350600000)
   the space 20692260K,  94% used [0x00007f08a5b50000, 0x00007f0d492aaf08, 0x00007f0d492ab000, 0x00007f0d94a99000)
 Metaspace       used 30462K, capacity 30915K, committed 31232K, reserved 32768K
}
Event: 837.782 GC heap after
{Heap after GC invocations=84 (full 6):
 def new generation   total 9311616K, used 603743K [0x00007f0350600000, 0x00007f05c7db0000, 0x00007f08a5b50000)
  eden space 8277056K,   0% used [0x00007f0350600000, 0x00007f0350600000, 0x00007f0549910000)
  from space 1034560K,  58% used [0x00007f0549910000, 0x00007f056e6a7d20, 0x00007f0588b60000)
  to   space 1034560K,   0% used [0x00007f0588b60000, 0x00007f0588b60000, 0x00007f05c7db0000)
 tenured generation   total 20692260K, used 20252635K [0x00007f08a5b50000, 0x00007f0d94a99000, 0x00007f1350600000)
   the space 20692260K,  97% used [0x00007f08a5b50000, 0x00007f0d79d46e88, 0x00007f0d79d47000, 0x00007f0d94a99000)
 Metaspace       used 30462K, capacity 30915K, committed 31232K, reserved 32768K
}
Event: 839.933 GC heap before
{Heap before GC invocations=84 (full 6):
 def new generation   total 9311616K, used 8880799K [0x00007f0350600000, 0x00007f05c7db0000, 0x00007f08a5b50000)
  eden space 8277056K, 100% used [0x00007f0350600000, 0x00007f0549910000, 0x00007f0549910000)
  from space 1034560K,  58% used [0x00007f0549910000, 0x00007f056e6a7d20, 0x00007f0588b60000)
  to   space 1034560K,   0% used [0x00007f0588b60000, 0x00007f0588b60000, 0x00007f05c7db0000)
 tenured generation   total 20692260K, used 20252635K [0x00007f08a5b50000, 0x00007f0d94a99000, 0x00007f1350600000)
   the space 20692260K,  97% used [0x00007f08a5b50000, 0x00007f0d79d46e88, 0x00007f0d79d47000, 0x00007f0d94a99000)
 Metaspace       used 30462K, capacity 30915K, committed 31232K, reserved 32768K
}
Event: 841.441 GC heap after
{Heap after GC invocations=85 (full 6):
 def new generation   total 9311616K, used 622893K [0x00007f0350600000, 0x00007f05c7db0000, 0x00007f08a5b50000)
  eden space 8277056K,   0% used [0x00007f0350600000, 0x00007f0350600000, 0x00007f0549910000)
  from space 1034560K,  60% used [0x00007f0588b60000, 0x00007f05aebab470, 0x00007f05c7db0000)
  to   space 1034560K,   0% used [0x00007f0549910000, 0x00007f0549910000, 0x00007f0588b60000)
 tenured generation   total 20856420K, used 20856378K [0x00007f08a5b50000, 0x00007f0d9eae9000, 0x00007f1350600000)
   the space 20856420K,  99% used [0x00007f08a5b50000, 0x00007f0d9eade8d8, 0x00007f0d9eadea00, 0x00007f0d9eae9000)
 Metaspace       used 30462K, capacity 30915K, committed 31232K, reserved 32768K
}
Event: 841.441 GC heap before
{Heap before GC invocations=85 (full 6):
 def new generation   total 9311616K, used 622893K [0x00007f0350600000, 0x00007f05c7db0000, 0x00007f08a5b50000)
  eden space 8277056K,   0% used [0x00007f0350600000, 0x00007f0350600000, 0x00007f0549910000)
  from space 1034560K,  60% used [0x00007f0588b60000, 0x00007f05aebab470, 0x00007f05c7db0000)
  to   space 1034560K,   0% used [0x00007f0549910000, 0x00007f0549910000, 0x00007f0588b60000)
 tenured generation   total 20856420K, used 20856378K [0x00007f08a5b50000, 0x00007f0d9eae9000, 0x00007f1350600000)
   the space 20856420K,  99% used [0x00007f08a5b50000, 0x00007f0d9eade8d8, 0x00007f0d9eadea00, 0x00007f0d9eae9000)
 Metaspace       used 30462K, capacity 30915K, committed 31232K, reserved 32768K
}

