# JRE version: OpenJDK Runtime Environment (13.0.7+5) (build 13.0.7+5-Ubuntu-0ubuntu120.04)
# Java VM: OpenJDK 64-Bit Server VM (13.0.7+5-Ubuntu-0ubuntu120.04, mixed mode, tiered, serial gc, linux-amd64)
Heap:
 def new generation   total 2914368K, used 20631K [0x00007f1b1c600000, 0x00007f1be2040000, 0x00007f2071b50000)
  eden space 2590592K,   0% used [0x00007f1b1c600000, 0x00007f1b1da25d18, 0x00007f1bba7e0000)
  from space 323776K,   0% used [0x00007f1bce410000, 0x00007f1bce410000, 0x00007f1be2040000)
  to   space 323776K,   0% used [0x00007f1bba7e0000, 0x00007f1bba7e0000, 0x00007f1bce410000)
 tenured generation   total 6477336K, used 6477335K [0x00007f2071b50000, 0x00007f21fd0d6000, 0x00007f2b1c600000)
   the space 6477336K,  99% used [0x00007f2071b50000, 0x00007f21fd0d5fd8, 0x00007f21fd0d6000, 0x00007f21fd0d6000)
 Metaspace       used 24233K, capacity 24656K, committed 24832K, reserved 26624K
GC Heap History (20 events):
Event: 11068.870 GC heap after
{Heap after GC invocations=10277 (full 4):
 def new generation   total 2914368K, used 20755K [0x00007f1b1c600000, 0x00007f1be2040000, 0x00007f2071b50000)
  eden space 2590592K,   0% used [0x00007f1b1c600000, 0x00007f1b1c600000, 0x00007f1bba7e0000)
  from space 323776K,   6% used [0x00007f1bba7e0000, 0x00007f1bbbc24d20, 0x00007f1bce410000)
  to   space 323776K,   0% used [0x00007f1bce410000, 0x00007f1bce410000, 0x00007f1be2040000)
 tenured generation   total 6476184K, used 6464780K [0x00007f2071b50000, 0x00007f21fcfb6000, 0x00007f2b1c600000)
   the space 6476184K,  99% used [0x00007f2071b50000, 0x00007f21fc493220, 0x00007f21fc493400, 0x00007f21fcfb6000)
 Metaspace       used 24233K, capacity 24656K, committed 24832K, reserved 26624K
}
Event: 11071.080 GC heap before
{Heap before GC invocations=10277 (full 4):
 def new generation   total 2914368K, used 2611347K [0x00007f1b1c600000, 0x00007f1be2040000, 0x00007f2071b50000)
  eden space 2590592K, 100% used [0x00007f1b1c600000, 0x00007f1bba7e0000, 0x00007f1bba7e0000)
  from space 323776K,   6% used [0x00007f1bba7e0000, 0x00007f1bbbc24d20, 0x00007f1bce410000)
  to   space 323776K,   0% used [0x00007f1bce410000, 0x00007f1bce410000, 0x00007f1be2040000)
 tenured generation   total 6476184K, used 6464780K [0x00007f2071b50000, 0x00007f21fcfb6000, 0x00007f2b1c600000)
   the space 6476184K,  99% used [0x00007f2071b50000, 0x00007f21fc493220, 0x00007f21fc493400, 0x00007f21fcfb6000)
 Metaspace       used 24233K, capacity 24656K, committed 24832K, reserved 26624K
}
Event: 11071.132 GC heap after
{Heap after GC invocations=10278 (full 4):
 def new generation   total 2914368K, used 20794K [0x00007f1b1c600000, 0x00007f1be2040000, 0x00007f2071b50000)
  eden space 2590592K,   0% used [0x00007f1b1c600000, 0x00007f1b1c600000, 0x00007f1bba7e0000)
  from space 323776K,   6% used [0x00007f1bce410000, 0x00007f1bcf85e968, 0x00007f1be2040000)
  to   space 323776K,   0% used [0x00007f1bba7e0000, 0x00007f1bba7e0000, 0x00007f1bce410000)
 tenured generation   total 6476184K, used 6466134K [0x00007f2071b50000, 0x00007f21fcfb6000, 0x00007f2b1c600000)
   the space 6476184K,  99% used [0x00007f2071b50000, 0x00007f21fc5e59f0, 0x00007f21fc5e5a00, 0x00007f21fcfb6000)
 Metaspace       used 24233K, capacity 24656K, committed 24832K, reserved 26624K
}
Event: 11073.342 GC heap before
{Heap before GC invocations=10278 (full 4):
 def new generation   total 2914368K, used 2611386K [0x00007f1b1c600000, 0x00007f1be2040000, 0x00007f2071b50000)
  eden space 2590592K, 100% used [0x00007f1b1c600000, 0x00007f1bba7e0000, 0x00007f1bba7e0000)
  from space 323776K,   6% used [0x00007f1bce410000, 0x00007f1bcf85e968, 0x00007f1be2040000)
  to   space 323776K,   0% used [0x00007f1bba7e0000, 0x00007f1bba7e0000, 0x00007f1bce410000)
 tenured generation   total 6476184K, used 6466134K [0x00007f2071b50000, 0x00007f21fcfb6000, 0x00007f2b1c600000)
   the space 6476184K,  99% used [0x00007f2071b50000, 0x00007f21fc5e59f0, 0x00007f21fc5e5a00, 0x00007f21fcfb6000)
 Metaspace       used 24233K, capacity 24656K, committed 24832K, reserved 26624K
}
Event: 11073.402 GC heap after
{Heap after GC invocations=10279 (full 4):
 def new generation   total 2914368K, used 20766K [0x00007f1b1c600000, 0x00007f1be2040000, 0x00007f2071b50000)
  eden space 2590592K,   0% used [0x00007f1b1c600000, 0x00007f1b1c600000, 0x00007f1bba7e0000)
  from space 323776K,   6% used [0x00007f1bba7e0000, 0x00007f1bbbc27be8, 0x00007f1bce410000)
  to   space 323776K,   0% used [0x00007f1bce410000, 0x00007f1bce410000, 0x00007f1be2040000)
 tenured generation   total 6476184K, used 6467517K [0x00007f2071b50000, 0x00007f21fcfb6000, 0x00007f2b1c600000)
   the space 6476184K,  99% used [0x00007f2071b50000, 0x00007f21fc73f4d0, 0x00007f21fc73f600, 0x00007f21fcfb6000)
 Metaspace       used 24233K, capacity 24656K, committed 24832K, reserved 26624K
}
Event: 11075.448 GC heap before
{Heap before GC invocations=10279 (full 4):
 def new generation   total 2914368K, used 2611358K [0x00007f1b1c600000, 0x00007f1be2040000, 0x00007f2071b50000)
  eden space 2590592K, 100% used [0x00007f1b1c600000, 0x00007f1bba7e0000, 0x00007f1bba7e0000)
  from space 323776K,   6% used [0x00007f1bba7e0000, 0x00007f1bbbc27be8, 0x00007f1bce410000)
  to   space 323776K,   0% used [0x00007f1bce410000, 0x00007f1bce410000, 0x00007f1be2040000)
 tenured generation   total 6476184K, used 6467517K [0x00007f2071b50000, 0x00007f21fcfb6000, 0x00007f2b1c600000)
   the space 6476184K,  99% used [0x00007f2071b50000, 0x00007f21fc73f4d0, 0x00007f21fc73f600, 0x00007f21fcfb6000)
 Metaspace       used 24233K, capacity 24656K, committed 24832K, reserved 26624K
}
Event: 11075.492 GC heap after
{Heap after GC invocations=10280 (full 4):
 def new generation   total 2914368K, used 20768K [0x00007f1b1c600000, 0x00007f1be2040000, 0x00007f2071b50000)
  eden space 2590592K,   0% used [0x00007f1b1c600000, 0x00007f1b1c600000, 0x00007f1bba7e0000)
  from space 323776K,   6% used [0x00007f1bce410000, 0x00007f1bcf858250, 0x00007f1be2040000)
  to   space 323776K,   0% used [0x00007f1bba7e0000, 0x00007f1bba7e0000, 0x00007f1bce410000)
 tenured generation   total 6476184K, used 6468899K [0x00007f2071b50000, 0x00007f21fcfb6000, 0x00007f2b1c600000)
   the space 6476184K,  99% used [0x00007f2071b50000, 0x00007f21fc898fb0, 0x00007f21fc899000, 0x00007f21fcfb6000)
 Metaspace       used 24233K, capacity 24656K, committed 24832K, reserved 26624K
}
Event: 11077.450 GC heap before
{Heap before GC invocations=10280 (full 4):
 def new generation   total 2914368K, used 2611360K [0x00007f1b1c600000, 0x00007f1be2040000, 0x00007f2071b50000)
  eden space 2590592K, 100% used [0x00007f1b1c600000, 0x00007f1bba7e0000, 0x00007f1bba7e0000)
  from space 323776K,   6% used [0x00007f1bce410000, 0x00007f1bcf858250, 0x00007f1be2040000)
  to   space 323776K,   0% used [0x00007f1bba7e0000, 0x00007f1bba7e0000, 0x00007f1bce410000)
 tenured generation   total 6476184K, used 6468899K [0x00007f2071b50000, 0x00007f21fcfb6000, 0x00007f2b1c600000)
   the space 6476184K,  99% used [0x00007f2071b50000, 0x00007f21fc898fb0, 0x00007f21fc899000, 0x00007f21fcfb6000)
 Metaspace       used 24233K, capacity 24656K, committed 24832K, reserved 26624K
}
Event: 11077.508 GC heap after
{Heap after GC invocations=10281 (full 4):
 def new generation   total 2914368K, used 20753K [0x00007f1b1c600000, 0x00007f1be2040000, 0x00007f2071b50000)
  eden space 2590592K,   0% used [0x00007f1b1c600000, 0x00007f1b1c600000, 0x00007f1bba7e0000)
  from space 323776K,   6% used [0x00007f1bba7e0000, 0x00007f1bbbc24430, 0x00007f1bce410000)
  to   space 323776K,   0% used [0x00007f1bce410000, 0x00007f1bce410000, 0x00007f1be2040000)
 tenured generation   total 6476184K, used 6470296K [0x00007f2071b50000, 0x00007f21fcfb6000, 0x00007f2b1c600000)
   the space 6476184K,  99% used [0x00007f2071b50000, 0x00007f21fc9f6300, 0x00007f21fc9f6400, 0x00007f21fcfb6000)
 Metaspace       used 24233K, capacity 24656K, committed 24832K, reserved 26624K
}
Event: 11079.704 GC heap before
{Heap before GC invocations=10281 (full 4):
 def new generation   total 2914368K, used 2611345K [0x00007f1b1c600000, 0x00007f1be2040000, 0x00007f2071b50000)
  eden space 2590592K, 100% used [0x00007f1b1c600000, 0x00007f1bba7e0000, 0x00007f1bba7e0000)
  from space 323776K,   6% used [0x00007f1bba7e0000, 0x00007f1bbbc24430, 0x00007f1bce410000)
  to   space 323776K,   0% used [0x00007f1bce410000, 0x00007f1bce410000, 0x00007f1be2040000)
 tenured generation   total 6476184K, used 6470296K [0x00007f2071b50000, 0x00007f21fcfb6000, 0x00007f2b1c600000)
   the space 6476184K,  99% used [0x00007f2071b50000, 0x00007f21fc9f6300, 0x00007f21fc9f6400, 0x00007f21fcfb6000)
 Metaspace       used 24233K, capacity 24656K, committed 24832K, reserved 26624K
}
Event: 11079.764 GC heap after
{Heap after GC invocations=10282 (full 4):
 def new generation   total 2914368K, used 20768K [0x00007f1b1c600000, 0x00007f1be2040000, 0x00007f2071b50000)
  eden space 2590592K,   0% used [0x00007f1b1c600000, 0x00007f1b1c600000, 0x00007f1bba7e0000)
  from space 323776K,   6% used [0x00007f1bce410000, 0x00007f1bcf8580b0, 0x00007f1be2040000)
  to   space 323776K,   0% used [0x00007f1bba7e0000, 0x00007f1bba7e0000, 0x00007f1bce410000)
 tenured generation   total 6476184K, used 6471683K [0x00007f2071b50000, 0x00007f21fcfb6000, 0x00007f2b1c600000)
   the space 6476184K,  99% used [0x00007f2071b50000, 0x00007f21fcb50f20, 0x00007f21fcb51000, 0x00007f21fcfb6000)
 Metaspace       used 24233K, capacity 24656K, committed 24832K, reserved 26624K
}
Event: 11081.944 GC heap before
{Heap before GC invocations=10282 (full 4):
 def new generation   total 2914368K, used 2611360K [0x00007f1b1c600000, 0x00007f1be2040000, 0x00007f2071b50000)
  eden space 2590592K, 100% used [0x00007f1b1c600000, 0x00007f1bba7e0000, 0x00007f1bba7e0000)
  from space 323776K,   6% used [0x00007f1bce410000, 0x00007f1bcf8580b0, 0x00007f1be2040000)
  to   space 323776K,   0% used [0x00007f1bba7e0000, 0x00007f1bba7e0000, 0x00007f1bce410000)
 tenured generation   total 6476184K, used 6471683K [0x00007f2071b50000, 0x00007f21fcfb6000, 0x00007f2b1c600000)
   the space 6476184K,  99% used [0x00007f2071b50000, 0x00007f21fcb50f20, 0x00007f21fcb51000, 0x00007f21fcfb6000)
 Metaspace       used 24233K, capacity 24656K, committed 24832K, reserved 26624K
}
Event: 11081.999 GC heap after
{Heap after GC invocations=10283 (full 4):
 def new generation   total 2914368K, used 20798K [0x00007f1b1c600000, 0x00007f1be2040000, 0x00007f2071b50000)
  eden space 2590592K,   0% used [0x00007f1b1c600000, 0x00007f1b1c600000, 0x00007f1bba7e0000)
  from space 323776K,   6% used [0x00007f1bba7e0000, 0x00007f1bbbc2f868, 0x00007f1bce410000)
  to   space 323776K,   0% used [0x00007f1bce410000, 0x00007f1bce410000, 0x00007f1be2040000)
 tenured generation   total 6476184K, used 6473037K [0x00007f2071b50000, 0x00007f21fcfb6000, 0x00007f2b1c600000)
   the space 6476184K,  99% used [0x00007f2071b50000, 0x00007f21fcca36f0, 0x00007f21fcca3800, 0x00007f21fcfb6000)
 Metaspace       used 24233K, capacity 24656K, committed 24832K, reserved 26624K
}
Event: 11084.223 GC heap before
{Heap before GC invocations=10283 (full 4):
 def new generation   total 2914368K, used 2611390K [0x00007f1b1c600000, 0x00007f1be2040000, 0x00007f2071b50000)
  eden space 2590592K, 100% used [0x00007f1b1c600000, 0x00007f1bba7e0000, 0x00007f1bba7e0000)
  from space 323776K,   6% used [0x00007f1bba7e0000, 0x00007f1bbbc2f868, 0x00007f1bce410000)
  to   space 323776K,   0% used [0x00007f1bce410000, 0x00007f1bce410000, 0x00007f1be2040000)
 tenured generation   total 6476184K, used 6473037K [0x00007f2071b50000, 0x00007f21fcfb6000, 0x00007f2b1c600000)
   the space 6476184K,  99% used [0x00007f2071b50000, 0x00007f21fcca36f0, 0x00007f21fcca3800, 0x00007f21fcfb6000)
 Metaspace       used 24233K, capacity 24656K, committed 24832K, reserved 26624K
}
Event: 11084.281 GC heap after
{Heap after GC invocations=10284 (full 4):
 def new generation   total 2914368K, used 20771K [0x00007f1b1c600000, 0x00007f1be2040000, 0x00007f2071b50000)
  eden space 2590592K,   0% used [0x00007f1b1c600000, 0x00007f1b1c600000, 0x00007f1bba7e0000)
  from space 323776K,   6% used [0x00007f1bce410000, 0x00007f1bcf858e70, 0x00007f1be2040000)
  to   space 323776K,   0% used [0x00007f1bba7e0000, 0x00007f1bba7e0000, 0x00007f1bce410000)
 tenured generation   total 6476184K, used 6474420K [0x00007f2071b50000, 0x00007f21fcfb6000, 0x00007f2b1c600000)
   the space 6476184K,  99% used [0x00007f2071b50000, 0x00007f21fcdfd1d0, 0x00007f21fcdfd200, 0x00007f21fcfb6000)
 Metaspace       used 24233K, capacity 24656K, committed 24832K, reserved 26624K
}
Event: 11086.529 GC heap before
{Heap before GC invocations=10284 (full 4):
 def new generation   total 2914368K, used 2611363K [0x00007f1b1c600000, 0x00007f1be2040000, 0x00007f2071b50000)
  eden space 2590592K, 100% used [0x00007f1b1c600000, 0x00007f1bba7e0000, 0x00007f1bba7e0000)
  from space 323776K,   6% used [0x00007f1bce410000, 0x00007f1bcf858e70, 0x00007f1be2040000)
  to   space 323776K,   0% used [0x00007f1bba7e0000, 0x00007f1bba7e0000, 0x00007f1bce410000)
 tenured generation   total 6476184K, used 6474420K [0x00007f2071b50000, 0x00007f21fcfb6000, 0x00007f2b1c600000)
   the space 6476184K,  99% used [0x00007f2071b50000, 0x00007f21fcdfd1d0, 0x00007f21fcdfd200, 0x00007f21fcfb6000)
 Metaspace       used 24233K, capacity 24656K, committed 24832K, reserved 26624K
}
Event: 11086.584 GC heap after
{Heap after GC invocations=10285 (full 4):
 def new generation   total 2914368K, used 20756K [0x00007f1b1c600000, 0x00007f1be2040000, 0x00007f2071b50000)
  eden space 2590592K,   0% used [0x00007f1b1c600000, 0x00007f1b1c600000, 0x00007f1bba7e0000)
  from space 323776K,   6% used [0x00007f1bba7e0000, 0x00007f1bbbc253f8, 0x00007f1bce410000)
  to   space 323776K,   0% used [0x00007f1bce410000, 0x00007f1bce410000, 0x00007f1be2040000)
 tenured generation   total 6476184K, used 6475817K [0x00007f2071b50000, 0x00007f21fcfb6000, 0x00007f2b1c600000)
   the space 6476184K,  99% used [0x00007f2071b50000, 0x00007f21fcf5a520, 0x00007f21fcf5a600, 0x00007f21fcfb6000)
 Metaspace       used 24233K, capacity 24656K, committed 24832K, reserved 26624K
}
Event: 11088.881 GC heap before
{Heap before GC invocations=10285 (full 4):
 def new generation   total 2914368K, used 2611348K [0x00007f1b1c600000, 0x00007f1be2040000, 0x00007f2071b50000)
  eden space 2590592K, 100% used [0x00007f1b1c600000, 0x00007f1bba7e0000, 0x00007f1bba7e0000)
  from space 323776K,   6% used [0x00007f1bba7e0000, 0x00007f1bbbc253f8, 0x00007f1bce410000)
  to   space 323776K,   0% used [0x00007f1bce410000, 0x00007f1bce410000, 0x00007f1be2040000)
 tenured generation   total 6476184K, used 6475817K [0x00007f2071b50000, 0x00007f21fcfb6000, 0x00007f2b1c600000)
   the space 6476184K,  99% used [0x00007f2071b50000, 0x00007f21fcf5a520, 0x00007f21fcf5a600, 0x00007f21fcfb6000)
 Metaspace       used 24233K, capacity 24656K, committed 24832K, reserved 26624K
}
Event: 11088.945 GC heap after
{Heap after GC invocations=10286 (full 4):
 def new generation   total 2914368K, used 20767K [0x00007f1b1c600000, 0x00007f1be2040000, 0x00007f2071b50000)
  eden space 2590592K,   0% used [0x00007f1b1c600000, 0x00007f1b1c600000, 0x00007f1bba7e0000)
  from space 323776K,   6% used [0x00007f1bce410000, 0x00007f1bcf857cf0, 0x00007f1be2040000)
  to   space 323776K,   0% used [0x00007f1bba7e0000, 0x00007f1bba7e0000, 0x00007f1bce410000)
 tenured generation   total 6477336K, used 6477200K [0x00007f2071b50000, 0x00007f21fd0d6000, 0x00007f2b1c600000)
   the space 6477336K,  99% used [0x00007f2071b50000, 0x00007f21fd0b4000, 0x00007f21fd0b4000, 0x00007f21fd0d6000)
 Metaspace       used 24233K, capacity 24656K, committed 24832K, reserved 26624K
}
Event: 11088.945 GC heap before
{Heap before GC invocations=10286 (full 4):
 def new generation   total 2914368K, used 20767K [0x00007f1b1c600000, 0x00007f1be2040000, 0x00007f2071b50000)
  eden space 2590592K,   0% used [0x00007f1b1c600000, 0x00007f1b1c600000, 0x00007f1bba7e0000)
  from space 323776K,   6% used [0x00007f1bce410000, 0x00007f1bcf857cf0, 0x00007f1be2040000)
  to   space 323776K,   0% used [0x00007f1bba7e0000, 0x00007f1bba7e0000, 0x00007f1bce410000)
 tenured generation   total 6477336K, used 6477200K [0x00007f2071b50000, 0x00007f21fd0d6000, 0x00007f2b1c600000)
   the space 6477336K,  99% used [0x00007f2071b50000, 0x00007f21fd0b4000, 0x00007f21fd0b4000, 0x00007f21fd0d6000)
 Metaspace       used 24233K, capacity 24656K, committed 24832K, reserved 26624K
}

