# JRE version: OpenJDK Runtime Environment (13.0.7+5) (build 13.0.7+5-Ubuntu-0ubuntu120.04)
# Java VM: OpenJDK 64-Bit Server VM (13.0.7+5-Ubuntu-0ubuntu120.04, mixed mode, tiered, serial gc, linux-amd64)
Heap:
 def new generation   total 2686848K, used 122263K [0x00007fc0f0600000, 0x00007fc1a6960000, 0x00007fcb9b0a0000)
  eden space 2388352K,   5% used [0x00007fc0f0600000, 0x00007fc0f7d65c48, 0x00007fc182260000)
  from space 298496K,   0% used [0x00007fc182260000, 0x00007fc182260000, 0x00007fc1945e0000)
  to   space 298496K,   0% used [0x00007fc1945e0000, 0x00007fc1945e0000, 0x00007fc1a6960000)
 tenured generation   total 5986944K, used 5980693K [0x00007fcb9b0a0000, 0x00007fcd08740000, 0x00007fe0f0600000)
   the space 5986944K,  99% used [0x00007fcb9b0a0000, 0x00007fcd08125558, 0x00007fcd08125600, 0x00007fcd08740000)
 Metaspace       used 24299K, capacity 24709K, committed 24832K, reserved 26624K
GC Heap History (20 events):
Event: 1652.184 GC heap after
{Heap after GC invocations=1441 (full 6):
 def new generation   total 2686848K, used 152604K [0x00007fc0f0600000, 0x00007fc1a6960000, 0x00007fcb9b0a0000)
  eden space 2388352K,   0% used [0x00007fc0f0600000, 0x00007fc0f0600000, 0x00007fc182260000)
  from space 298496K,  51% used [0x00007fc1945e0000, 0x00007fc19dae71e0, 0x00007fc1a6960000)
  to   space 298496K,   0% used [0x00007fc182260000, 0x00007fc182260000, 0x00007fc1945e0000)
 tenured generation   total 5970556K, used 5837803K [0x00007fcb9b0a0000, 0x00007fcd0773f000, 0x00007fe0f0600000)
   the space 5970556K,  97% used [0x00007fcb9b0a0000, 0x00007fccff59ae30, 0x00007fccff59b000, 0x00007fcd0773f000)
 Metaspace       used 24299K, capacity 24709K, committed 24832K, reserved 26624K
}
Event: 1654.685 GC heap before
{Heap before GC invocations=1441 (full 6):
 def new generation   total 2686848K, used 2540956K [0x00007fc0f0600000, 0x00007fc1a6960000, 0x00007fcb9b0a0000)
  eden space 2388352K, 100% used [0x00007fc0f0600000, 0x00007fc182260000, 0x00007fc182260000)
  from space 298496K,  51% used [0x00007fc1945e0000, 0x00007fc19dae71e0, 0x00007fc1a6960000)
  to   space 298496K,   0% used [0x00007fc182260000, 0x00007fc182260000, 0x00007fc1945e0000)
 tenured generation   total 5970556K, used 5837803K [0x00007fcb9b0a0000, 0x00007fcd0773f000, 0x00007fe0f0600000)
   the space 5970556K,  97% used [0x00007fcb9b0a0000, 0x00007fccff59ae30, 0x00007fccff59b000, 0x00007fcd0773f000)
 Metaspace       used 24299K, capacity 24709K, committed 24832K, reserved 26624K
}
Event: 1654.826 GC heap after
{Heap after GC invocations=1442 (full 6):
 def new generation   total 2686848K, used 150034K [0x00007fc0f0600000, 0x00007fc1a6960000, 0x00007fcb9b0a0000)
  eden space 2388352K,   0% used [0x00007fc0f0600000, 0x00007fc0f0600000, 0x00007fc182260000)
  from space 298496K,  50% used [0x00007fc182260000, 0x00007fc18b4e4870, 0x00007fc1945e0000)
  to   space 298496K,   0% used [0x00007fc1945e0000, 0x00007fc1945e0000, 0x00007fc1a6960000)
 tenured generation   total 5970556K, used 5854762K [0x00007fcb9b0a0000, 0x00007fcd0773f000, 0x00007fe0f0600000)
   the space 5970556K,  98% used [0x00007fcb9b0a0000, 0x00007fcd0062a888, 0x00007fcd0062aa00, 0x00007fcd0773f000)
 Metaspace       used 24299K, capacity 24709K, committed 24832K, reserved 26624K
}
Event: 1657.216 GC heap before
{Heap before GC invocations=1442 (full 6):
 def new generation   total 2686848K, used 2538386K [0x00007fc0f0600000, 0x00007fc1a6960000, 0x00007fcb9b0a0000)
  eden space 2388352K, 100% used [0x00007fc0f0600000, 0x00007fc182260000, 0x00007fc182260000)
  from space 298496K,  50% used [0x00007fc182260000, 0x00007fc18b4e4870, 0x00007fc1945e0000)
  to   space 298496K,   0% used [0x00007fc1945e0000, 0x00007fc1945e0000, 0x00007fc1a6960000)
 tenured generation   total 5970556K, used 5854762K [0x00007fcb9b0a0000, 0x00007fcd0773f000, 0x00007fe0f0600000)
   the space 5970556K,  98% used [0x00007fcb9b0a0000, 0x00007fcd0062a888, 0x00007fcd0062aa00, 0x00007fcd0773f000)
 Metaspace       used 24299K, capacity 24709K, committed 24832K, reserved 26624K
}
Event: 1657.349 GC heap after
{Heap after GC invocations=1443 (full 6):
 def new generation   total 2686848K, used 142861K [0x00007fc0f0600000, 0x00007fc1a6960000, 0x00007fcb9b0a0000)
  eden space 2388352K,   0% used [0x00007fc0f0600000, 0x00007fc0f0600000, 0x00007fc182260000)
  from space 298496K,  47% used [0x00007fc1945e0000, 0x00007fc19d163780, 0x00007fc1a6960000)
  to   space 298496K,   0% used [0x00007fc182260000, 0x00007fc182260000, 0x00007fc1945e0000)
 tenured generation   total 5970556K, used 5871720K [0x00007fcb9b0a0000, 0x00007fcd0773f000, 0x00007fe0f0600000)
   the space 5970556K,  98% used [0x00007fcb9b0a0000, 0x00007fcd016ba2e0, 0x00007fcd016ba400, 0x00007fcd0773f000)
 Metaspace       used 24299K, capacity 24709K, committed 24832K, reserved 26624K
}
Event: 1659.757 GC heap before
{Heap before GC invocations=1443 (full 6):
 def new generation   total 2686848K, used 2531213K [0x00007fc0f0600000, 0x00007fc1a6960000, 0x00007fcb9b0a0000)
  eden space 2388352K, 100% used [0x00007fc0f0600000, 0x00007fc182260000, 0x00007fc182260000)
  from space 298496K,  47% used [0x00007fc1945e0000, 0x00007fc19d163780, 0x00007fc1a6960000)
  to   space 298496K,   0% used [0x00007fc182260000, 0x00007fc182260000, 0x00007fc1945e0000)
 tenured generation   total 5970556K, used 5871720K [0x00007fcb9b0a0000, 0x00007fcd0773f000, 0x00007fe0f0600000)
   the space 5970556K,  98% used [0x00007fcb9b0a0000, 0x00007fcd016ba2e0, 0x00007fcd016ba400, 0x00007fcd0773f000)
 Metaspace       used 24299K, capacity 24709K, committed 24832K, reserved 26624K
}
Event: 1659.856 GC heap after
{Heap after GC invocations=1444 (full 6):
 def new generation   total 2686848K, used 152600K [0x00007fc0f0600000, 0x00007fc1a6960000, 0x00007fcb9b0a0000)
  eden space 2388352K,   0% used [0x00007fc0f0600000, 0x00007fc0f0600000, 0x00007fc182260000)
  from space 298496K,  51% used [0x00007fc182260000, 0x00007fc18b766248, 0x00007fc1945e0000)
  to   space 298496K,   0% used [0x00007fc1945e0000, 0x00007fc1945e0000, 0x00007fc1a6960000)
 tenured generation   total 5970556K, used 5871720K [0x00007fcb9b0a0000, 0x00007fcd0773f000, 0x00007fe0f0600000)
   the space 5970556K,  98% used [0x00007fcb9b0a0000, 0x00007fcd016ba2e0, 0x00007fcd016ba400, 0x00007fcd0773f000)
 Metaspace       used 24299K, capacity 24709K, committed 24832K, reserved 26624K
}
Event: 1662.409 GC heap before
{Heap before GC invocations=1444 (full 6):
 def new generation   total 2686848K, used 2540952K [0x00007fc0f0600000, 0x00007fc1a6960000, 0x00007fcb9b0a0000)
  eden space 2388352K, 100% used [0x00007fc0f0600000, 0x00007fc182260000, 0x00007fc182260000)
  from space 298496K,  51% used [0x00007fc182260000, 0x00007fc18b766248, 0x00007fc1945e0000)
  to   space 298496K,   0% used [0x00007fc1945e0000, 0x00007fc1945e0000, 0x00007fc1a6960000)
 tenured generation   total 5970556K, used 5871720K [0x00007fcb9b0a0000, 0x00007fcd0773f000, 0x00007fe0f0600000)
   the space 5970556K,  98% used [0x00007fcb9b0a0000, 0x00007fcd016ba2e0, 0x00007fcd016ba400, 0x00007fcd0773f000)
 Metaspace       used 24299K, capacity 24709K, committed 24832K, reserved 26624K
}
Event: 1662.531 GC heap after
{Heap after GC invocations=1445 (full 6):
 def new generation   total 2686848K, used 152102K [0x00007fc0f0600000, 0x00007fc1a6960000, 0x00007fcb9b0a0000)
  eden space 2388352K,   0% used [0x00007fc0f0600000, 0x00007fc0f0600000, 0x00007fc182260000)
  from space 298496K,  50% used [0x00007fc1945e0000, 0x00007fc19da69b60, 0x00007fc1a6960000)
  to   space 298496K,   0% used [0x00007fc182260000, 0x00007fc182260000, 0x00007fc1945e0000)
 tenured generation   total 5970556K, used 5888679K [0x00007fcb9b0a0000, 0x00007fcd0773f000, 0x00007fe0f0600000)
   the space 5970556K,  98% used [0x00007fcb9b0a0000, 0x00007fcd02749d38, 0x00007fcd02749e00, 0x00007fcd0773f000)
 Metaspace       used 24299K, capacity 24709K, committed 24832K, reserved 26624K
}
Event: 1664.984 GC heap before
{Heap before GC invocations=1445 (full 6):
 def new generation   total 2686848K, used 2540454K [0x00007fc0f0600000, 0x00007fc1a6960000, 0x00007fcb9b0a0000)
  eden space 2388352K, 100% used [0x00007fc0f0600000, 0x00007fc182260000, 0x00007fc182260000)
  from space 298496K,  50% used [0x00007fc1945e0000, 0x00007fc19da69b60, 0x00007fc1a6960000)
  to   space 298496K,   0% used [0x00007fc182260000, 0x00007fc182260000, 0x00007fc1945e0000)
 tenured generation   total 5970556K, used 5888679K [0x00007fcb9b0a0000, 0x00007fcd0773f000, 0x00007fe0f0600000)
   the space 5970556K,  98% used [0x00007fcb9b0a0000, 0x00007fcd02749d38, 0x00007fcd02749e00, 0x00007fcd0773f000)
 Metaspace       used 24299K, capacity 24709K, committed 24832K, reserved 26624K
}
Event: 1665.108 GC heap after
{Heap after GC invocations=1446 (full 6):
 def new generation   total 2686848K, used 162892K [0x00007fc0f0600000, 0x00007fc1a6960000, 0x00007fcb9b0a0000)
  eden space 2388352K,   0% used [0x00007fc0f0600000, 0x00007fc0f0600000, 0x00007fc182260000)
  from space 298496K,  54% used [0x00007fc182260000, 0x00007fc18c173058, 0x00007fc1945e0000)
  to   space 298496K,   0% used [0x00007fc1945e0000, 0x00007fc1945e0000, 0x00007fc1a6960000)
 tenured generation   total 5970556K, used 5905637K [0x00007fcb9b0a0000, 0x00007fcd0773f000, 0x00007fe0f0600000)
   the space 5970556K,  98% used [0x00007fcb9b0a0000, 0x00007fcd037d9790, 0x00007fcd037d9800, 0x00007fcd0773f000)
 Metaspace       used 24299K, capacity 24709K, committed 24832K, reserved 26624K
}
Event: 1667.420 GC heap before
{Heap before GC invocations=1446 (full 6):
 def new generation   total 2686848K, used 2539936K [0x00007fc0f0600000, 0x00007fc1a6960000, 0x00007fcb9b0a0000)
  eden space 2388352K,  99% used [0x00007fc0f0600000, 0x00007fc1817552b0, 0x00007fc182260000)
  from space 298496K,  54% used [0x00007fc182260000, 0x00007fc18c173058, 0x00007fc1945e0000)
  to   space 298496K,   0% used [0x00007fc1945e0000, 0x00007fc1945e0000, 0x00007fc1a6960000)
 tenured generation   total 5970556K, used 5905637K [0x00007fcb9b0a0000, 0x00007fcd0773f000, 0x00007fe0f0600000)
   the space 5970556K,  98% used [0x00007fcb9b0a0000, 0x00007fcd037d9790, 0x00007fcd037d9800, 0x00007fcd0773f000)
 Metaspace       used 24299K, capacity 24709K, committed 24832K, reserved 26624K
}
Event: 1667.533 GC heap after
{Heap after GC invocations=1447 (full 6):
 def new generation   total 2686848K, used 139780K [0x00007fc0f0600000, 0x00007fc1a6960000, 0x00007fcb9b0a0000)
  eden space 2388352K,   0% used [0x00007fc0f0600000, 0x00007fc0f0600000, 0x00007fc182260000)
  from space 298496K,  46% used [0x00007fc1945e0000, 0x00007fc19ce61320, 0x00007fc1a6960000)
  to   space 298496K,   0% used [0x00007fc182260000, 0x00007fc182260000, 0x00007fc1945e0000)
 tenured generation   total 5970556K, used 5922596K [0x00007fcb9b0a0000, 0x00007fcd0773f000, 0x00007fe0f0600000)
   the space 5970556K,  99% used [0x00007fcb9b0a0000, 0x00007fcd048691e8, 0x00007fcd04869200, 0x00007fcd0773f000)
 Metaspace       used 24299K, capacity 24709K, committed 24832K, reserved 26624K
}
Event: 1670.111 GC heap before
{Heap before GC invocations=1447 (full 6):
 def new generation   total 2686848K, used 2528132K [0x00007fc0f0600000, 0x00007fc1a6960000, 0x00007fcb9b0a0000)
  eden space 2388352K, 100% used [0x00007fc0f0600000, 0x00007fc182260000, 0x00007fc182260000)
  from space 298496K,  46% used [0x00007fc1945e0000, 0x00007fc19ce61320, 0x00007fc1a6960000)
  to   space 298496K,   0% used [0x00007fc182260000, 0x00007fc182260000, 0x00007fc1945e0000)
 tenured generation   total 5970556K, used 5922596K [0x00007fcb9b0a0000, 0x00007fcd0773f000, 0x00007fe0f0600000)
   the space 5970556K,  99% used [0x00007fcb9b0a0000, 0x00007fcd048691e8, 0x00007fcd04869200, 0x00007fcd0773f000)
 Metaspace       used 24299K, capacity 24709K, committed 24832K, reserved 26624K
}
Event: 1670.186 GC heap after
{Heap after GC invocations=1448 (full 6):
 def new generation   total 2686848K, used 153110K [0x00007fc0f0600000, 0x00007fc1a6960000, 0x00007fcb9b0a0000)
  eden space 2388352K,   0% used [0x00007fc0f0600000, 0x00007fc0f0600000, 0x00007fc182260000)
  from space 298496K,  51% used [0x00007fc182260000, 0x00007fc18b7e5a10, 0x00007fc1945e0000)
  to   space 298496K,   0% used [0x00007fc1945e0000, 0x00007fc1945e0000, 0x00007fc1a6960000)
 tenured generation   total 5970556K, used 5922596K [0x00007fcb9b0a0000, 0x00007fcd0773f000, 0x00007fe0f0600000)
   the space 5970556K,  99% used [0x00007fcb9b0a0000, 0x00007fcd048691e8, 0x00007fcd04869200, 0x00007fcd0773f000)
 Metaspace       used 24299K, capacity 24709K, committed 24832K, reserved 26624K
}
Event: 1672.686 GC heap before
{Heap before GC invocations=1448 (full 6):
 def new generation   total 2686848K, used 2530996K [0x00007fc0f0600000, 0x00007fc1a6960000, 0x00007fcb9b0a0000)
  eden space 2388352K,  99% used [0x00007fc0f0600000, 0x00007fc181827718, 0x00007fc182260000)
  from space 298496K,  51% used [0x00007fc182260000, 0x00007fc18b7e5a10, 0x00007fc1945e0000)
  to   space 298496K,   0% used [0x00007fc1945e0000, 0x00007fc1945e0000, 0x00007fc1a6960000)
 tenured generation   total 5970556K, used 5922596K [0x00007fcb9b0a0000, 0x00007fcd0773f000, 0x00007fe0f0600000)
   the space 5970556K,  99% used [0x00007fcb9b0a0000, 0x00007fcd048691e8, 0x00007fcd04869200, 0x00007fcd0773f000)
 Metaspace       used 24299K, capacity 24709K, committed 24832K, reserved 26624K
}
Event: 1672.802 GC heap after
{Heap after GC invocations=1449 (full 6):
 def new generation   total 2686848K, used 166975K [0x00007fc0f0600000, 0x00007fc1a6960000, 0x00007fcb9b0a0000)
  eden space 2388352K,   0% used [0x00007fc0f0600000, 0x00007fc0f0600000, 0x00007fc182260000)
  from space 298496K,  55% used [0x00007fc1945e0000, 0x00007fc19e8eff58, 0x00007fc1a6960000)
  to   space 298496K,   0% used [0x00007fc182260000, 0x00007fc182260000, 0x00007fc1945e0000)
 tenured generation   total 5970556K, used 5939555K [0x00007fcb9b0a0000, 0x00007fcd0773f000, 0x00007fe0f0600000)
   the space 5970556K,  99% used [0x00007fcb9b0a0000, 0x00007fcd058f8c40, 0x00007fcd058f8e00, 0x00007fcd0773f000)
 Metaspace       used 24299K, capacity 24709K, committed 24832K, reserved 26624K
}
Event: 1675.149 GC heap before
{Heap before GC invocations=1449 (full 6):
 def new generation   total 2686848K, used 2555327K [0x00007fc0f0600000, 0x00007fc1a6960000, 0x00007fcb9b0a0000)
  eden space 2388352K, 100% used [0x00007fc0f0600000, 0x00007fc182260000, 0x00007fc182260000)
  from space 298496K,  55% used [0x00007fc1945e0000, 0x00007fc19e8eff58, 0x00007fc1a6960000)
  to   space 298496K,   0% used [0x00007fc182260000, 0x00007fc182260000, 0x00007fc1945e0000)
 tenured generation   total 5970556K, used 5939555K [0x00007fcb9b0a0000, 0x00007fcd0773f000, 0x00007fe0f0600000)
   the space 5970556K,  99% used [0x00007fcb9b0a0000, 0x00007fcd058f8c40, 0x00007fcd058f8e00, 0x00007fcd0773f000)
 Metaspace       used 24299K, capacity 24709K, committed 24832K, reserved 26624K
}
Event: 1675.271 GC heap after
{Heap after GC invocations=1450 (full 6):
 def new generation   total 2686848K, used 129484K [0x00007fc0f0600000, 0x00007fc1a6960000, 0x00007fcb9b0a0000)
  eden space 2388352K,   0% used [0x00007fc0f0600000, 0x00007fc0f0600000, 0x00007fc182260000)
  from space 298496K,  43% used [0x00007fc182260000, 0x00007fc18a0d30b0, 0x00007fc1945e0000)
  to   space 298496K,   0% used [0x00007fc1945e0000, 0x00007fc1945e0000, 0x00007fc1a6960000)
 tenured generation   total 5986944K, used 5973472K [0x00007fcb9b0a0000, 0x00007fcd08740000, 0x00007fe0f0600000)
   the space 5986944K,  99% used [0x00007fcb9b0a0000, 0x00007fcd07a180f0, 0x00007fcd07a18200, 0x00007fcd08740000)
 Metaspace       used 24299K, capacity 24709K, committed 24832K, reserved 26624K
}
Event: 1675.271 GC heap before
{Heap before GC invocations=1450 (full 6):
 def new generation   total 2686848K, used 129484K [0x00007fc0f0600000, 0x00007fc1a6960000, 0x00007fcb9b0a0000)
  eden space 2388352K,   0% used [0x00007fc0f0600000, 0x00007fc0f0600000, 0x00007fc182260000)
  from space 298496K,  43% used [0x00007fc182260000, 0x00007fc18a0d30b0, 0x00007fc1945e0000)
  to   space 298496K,   0% used [0x00007fc1945e0000, 0x00007fc1945e0000, 0x00007fc1a6960000)
 tenured generation   total 5986944K, used 5973472K [0x00007fcb9b0a0000, 0x00007fcd08740000, 0x00007fe0f0600000)
   the space 5986944K,  99% used [0x00007fcb9b0a0000, 0x00007fcd07a180f0, 0x00007fcd07a18200, 0x00007fcd08740000)
 Metaspace       used 24299K, capacity 24709K, committed 24832K, reserved 26624K
}

