# JRE version: OpenJDK Runtime Environment (13.0.7+5) (build 13.0.7+5-Ubuntu-0ubuntu120.04)
# Java VM: OpenJDK 64-Bit Server VM (13.0.7+5-Ubuntu-0ubuntu120.04, mixed mode, tiered, serial gc, linux-amd64)
Heap:
 def new generation   total 4577216K, used 0K [0x00007f602c600000, 0x00007f6162c90000, 0x00007f6ad70a0000)
  eden space 4068672K,   0% used [0x00007f602c600000, 0x00007f602c600000, 0x00007f6124b50000)
  from space 508544K,   0% used [0x00007f6143bf0000, 0x00007f6143bf0000, 0x00007f6162c90000)
  to   space 508544K,   0% used [0x00007f6124b50000, 0x00007f6124b50000, 0x00007f6143bf0000)
 tenured generation   total 10187812K, used 10033066K [0x00007f6ad70a0000, 0x00007f6d44da9000, 0x00007f802c600000)
   the space 10187812K,  98% used [0x00007f6ad70a0000, 0x00007f6d3b68a9a0, 0x00007f6d3b68aa00, 0x00007f6d44da9000)
 Metaspace       used 24246K, capacity 24698K, committed 24832K, reserved 26624K
GC Heap History (20 events):
Event: 5041.849 GC heap after
{Heap after GC invocations=2950 (full 7):
 def new generation   total 4577216K, used 153672K [0x00007f602c600000, 0x00007f6162c90000, 0x00007f6ad70a0000)
  eden space 4068672K,   0% used [0x00007f602c600000, 0x00007f602c600000, 0x00007f6124b50000)
  from space 508544K,  30% used [0x00007f6124b50000, 0x00007f612e162308, 0x00007f6143bf0000)
  to   space 508544K,   0% used [0x00007f6143bf0000, 0x00007f6143bf0000, 0x00007f6162c90000)
 tenured generation   total 10171424K, used 10097191K [0x00007f6ad70a0000, 0x00007f6d43da8000, 0x00007f802c600000)
   the space 10171424K,  99% used [0x00007f6ad70a0000, 0x00007f6d3f529e70, 0x00007f6d3f52a000, 0x00007f6d43da8000)
 Metaspace       used 24246K, capacity 24698K, committed 24832K, reserved 26624K
}
Event: 5047.003 GC heap before
{Heap before GC invocations=2950 (full 7):
 def new generation   total 4577216K, used 4222344K [0x00007f602c600000, 0x00007f6162c90000, 0x00007f6ad70a0000)
  eden space 4068672K, 100% used [0x00007f602c600000, 0x00007f6124b50000, 0x00007f6124b50000)
  from space 508544K,  30% used [0x00007f6124b50000, 0x00007f612e162308, 0x00007f6143bf0000)
  to   space 508544K,   0% used [0x00007f6143bf0000, 0x00007f6143bf0000, 0x00007f6162c90000)
 tenured generation   total 10171424K, used 10097191K [0x00007f6ad70a0000, 0x00007f6d43da8000, 0x00007f802c600000)
   the space 10171424K,  99% used [0x00007f6ad70a0000, 0x00007f6d3f529e70, 0x00007f6d3f52a000, 0x00007f6d43da8000)
 Metaspace       used 24246K, capacity 24698K, committed 24832K, reserved 26624K
}
Event: 5047.159 GC heap after
{Heap after GC invocations=2951 (full 7):
 def new generation   total 4577216K, used 150068K [0x00007f602c600000, 0x00007f6162c90000, 0x00007f6ad70a0000)
  eden space 4068672K,   0% used [0x00007f602c600000, 0x00007f602c600000, 0x00007f6124b50000)
  from space 508544K,  29% used [0x00007f6143bf0000, 0x00007f614ce7d120, 0x00007f6162c90000)
  to   space 508544K,   0% used [0x00007f6124b50000, 0x00007f6124b50000, 0x00007f6143bf0000)
 tenured generation   total 10171424K, used 10114151K [0x00007f6ad70a0000, 0x00007f6d43da8000, 0x00007f802c600000)
   the space 10171424K,  99% used [0x00007f6ad70a0000, 0x00007f6d405b9e68, 0x00007f6d405ba000, 0x00007f6d43da8000)
 Metaspace       used 24246K, capacity 24698K, committed 24832K, reserved 26624K
}
Event: 5050.934 GC heap before
{Heap before GC invocations=2951 (full 7):
 def new generation   total 4577216K, used 4218740K [0x00007f602c600000, 0x00007f6162c90000, 0x00007f6ad70a0000)
  eden space 4068672K, 100% used [0x00007f602c600000, 0x00007f6124b50000, 0x00007f6124b50000)
  from space 508544K,  29% used [0x00007f6143bf0000, 0x00007f614ce7d120, 0x00007f6162c90000)
  to   space 508544K,   0% used [0x00007f6124b50000, 0x00007f6124b50000, 0x00007f6143bf0000)
 tenured generation   total 10171424K, used 10114151K [0x00007f6ad70a0000, 0x00007f6d43da8000, 0x00007f802c600000)
   the space 10171424K,  99% used [0x00007f6ad70a0000, 0x00007f6d405b9e68, 0x00007f6d405ba000, 0x00007f6d43da8000)
 Metaspace       used 24246K, capacity 24698K, committed 24832K, reserved 26624K
}
Event: 5051.060 GC heap after
{Heap after GC invocations=2952 (full 7):
 def new generation   total 4577216K, used 152645K [0x00007f602c600000, 0x00007f6162c90000, 0x00007f6ad70a0000)
  eden space 4068672K,   0% used [0x00007f602c600000, 0x00007f602c600000, 0x00007f6124b50000)
  from space 508544K,  30% used [0x00007f6124b50000, 0x00007f612e061568, 0x00007f6143bf0000)
  to   space 508544K,   0% used [0x00007f6143bf0000, 0x00007f6143bf0000, 0x00007f6162c90000)
 tenured generation   total 10171424K, used 10114151K [0x00007f6ad70a0000, 0x00007f6d43da8000, 0x00007f802c600000)
   the space 10171424K,  99% used [0x00007f6ad70a0000, 0x00007f6d405b9e68, 0x00007f6d405ba000, 0x00007f6d43da8000)
 Metaspace       used 24246K, capacity 24698K, committed 24832K, reserved 26624K
}
Event: 5056.345 GC heap before
{Heap before GC invocations=2952 (full 7):
 def new generation   total 4577216K, used 4221317K [0x00007f602c600000, 0x00007f6162c90000, 0x00007f6ad70a0000)
  eden space 4068672K, 100% used [0x00007f602c600000, 0x00007f6124b50000, 0x00007f6124b50000)
  from space 508544K,  30% used [0x00007f6124b50000, 0x00007f612e061568, 0x00007f6143bf0000)
  to   space 508544K,   0% used [0x00007f6143bf0000, 0x00007f6143bf0000, 0x00007f6162c90000)
 tenured generation   total 10171424K, used 10114151K [0x00007f6ad70a0000, 0x00007f6d43da8000, 0x00007f802c600000)
   the space 10171424K,  99% used [0x00007f6ad70a0000, 0x00007f6d405b9e68, 0x00007f6d405ba000, 0x00007f6d43da8000)
 Metaspace       used 24246K, capacity 24698K, committed 24832K, reserved 26624K
}
Event: 5056.481 GC heap after
{Heap after GC invocations=2953 (full 7):
 def new generation   total 4577216K, used 149057K [0x00007f602c600000, 0x00007f6162c90000, 0x00007f6ad70a0000)
  eden space 4068672K,   0% used [0x00007f602c600000, 0x00007f602c600000, 0x00007f6124b50000)
  from space 508544K,  29% used [0x00007f6143bf0000, 0x00007f614cd80658, 0x00007f6162c90000)
  to   space 508544K,   0% used [0x00007f6124b50000, 0x00007f6124b50000, 0x00007f6143bf0000)
 tenured generation   total 10171424K, used 10131112K [0x00007f6ad70a0000, 0x00007f6d43da8000, 0x00007f802c600000)
   the space 10171424K,  99% used [0x00007f6ad70a0000, 0x00007f6d4164a1e0, 0x00007f6d4164a200, 0x00007f6d43da8000)
 Metaspace       used 24246K, capacity 24698K, committed 24832K, reserved 26624K
}
Event: 5060.580 GC heap before
{Heap before GC invocations=2953 (full 7):
 def new generation   total 4577216K, used 4217729K [0x00007f602c600000, 0x00007f6162c90000, 0x00007f6ad70a0000)
  eden space 4068672K, 100% used [0x00007f602c600000, 0x00007f6124b50000, 0x00007f6124b50000)
  from space 508544K,  29% used [0x00007f6143bf0000, 0x00007f614cd80658, 0x00007f6162c90000)
  to   space 508544K,   0% used [0x00007f6124b50000, 0x00007f6124b50000, 0x00007f6143bf0000)
 tenured generation   total 10171424K, used 10131112K [0x00007f6ad70a0000, 0x00007f6d43da8000, 0x00007f802c600000)
   the space 10171424K,  99% used [0x00007f6ad70a0000, 0x00007f6d4164a1e0, 0x00007f6d4164a200, 0x00007f6d43da8000)
 Metaspace       used 24246K, capacity 24698K, committed 24832K, reserved 26624K
}
Event: 5060.703 GC heap after
{Heap after GC invocations=2954 (full 7):
 def new generation   total 4577216K, used 152647K [0x00007f602c600000, 0x00007f6162c90000, 0x00007f6ad70a0000)
  eden space 4068672K,   0% used [0x00007f602c600000, 0x00007f602c600000, 0x00007f6124b50000)
  from space 508544K,  30% used [0x00007f6124b50000, 0x00007f612e061e20, 0x00007f6143bf0000)
  to   space 508544K,   0% used [0x00007f6143bf0000, 0x00007f6143bf0000, 0x00007f6162c90000)
 tenured generation   total 10171424K, used 10131112K [0x00007f6ad70a0000, 0x00007f6d43da8000, 0x00007f802c600000)
   the space 10171424K,  99% used [0x00007f6ad70a0000, 0x00007f6d4164a1e0, 0x00007f6d4164a200, 0x00007f6d43da8000)
 Metaspace       used 24246K, capacity 24698K, committed 24832K, reserved 26624K
}
Event: 5065.945 GC heap before
{Heap before GC invocations=2954 (full 7):
 def new generation   total 4577216K, used 4221319K [0x00007f602c600000, 0x00007f6162c90000, 0x00007f6ad70a0000)
  eden space 4068672K, 100% used [0x00007f602c600000, 0x00007f6124b50000, 0x00007f6124b50000)
  from space 508544K,  30% used [0x00007f6124b50000, 0x00007f612e061e20, 0x00007f6143bf0000)
  to   space 508544K,   0% used [0x00007f6143bf0000, 0x00007f6143bf0000, 0x00007f6162c90000)
 tenured generation   total 10171424K, used 10131112K [0x00007f6ad70a0000, 0x00007f6d43da8000, 0x00007f802c600000)
   the space 10171424K,  99% used [0x00007f6ad70a0000, 0x00007f6d4164a1e0, 0x00007f6d4164a200, 0x00007f6d43da8000)
 Metaspace       used 24246K, capacity 24698K, committed 24832K, reserved 26624K
}
Event: 5066.113 GC heap after
{Heap after GC invocations=2955 (full 7):
 def new generation   total 4577216K, used 147005K [0x00007f602c600000, 0x00007f6162c90000, 0x00007f6ad70a0000)
  eden space 4068672K,   0% used [0x00007f602c600000, 0x00007f602c600000, 0x00007f6124b50000)
  from space 508544K,  28% used [0x00007f6143bf0000, 0x00007f614cb7f778, 0x00007f6162c90000)
  to   space 508544K,   0% used [0x00007f6124b50000, 0x00007f6124b50000, 0x00007f6143bf0000)
 tenured generation   total 10171424K, used 10148072K [0x00007f6ad70a0000, 0x00007f6d43da8000, 0x00007f802c600000)
   the space 10171424K,  99% used [0x00007f6ad70a0000, 0x00007f6d426da1d8, 0x00007f6d426da200, 0x00007f6d43da8000)
 Metaspace       used 24246K, capacity 24698K, committed 24832K, reserved 26624K
}
Event: 5069.921 GC heap before
{Heap before GC invocations=2955 (full 7):
 def new generation   total 4577216K, used 4215677K [0x00007f602c600000, 0x00007f6162c90000, 0x00007f6ad70a0000)
  eden space 4068672K, 100% used [0x00007f602c600000, 0x00007f6124b50000, 0x00007f6124b50000)
  from space 508544K,  28% used [0x00007f6143bf0000, 0x00007f614cb7f778, 0x00007f6162c90000)
  to   space 508544K,   0% used [0x00007f6124b50000, 0x00007f6124b50000, 0x00007f6143bf0000)
 tenured generation   total 10171424K, used 10148072K [0x00007f6ad70a0000, 0x00007f6d43da8000, 0x00007f802c600000)
   the space 10171424K,  99% used [0x00007f6ad70a0000, 0x00007f6d426da1d8, 0x00007f6d426da200, 0x00007f6d43da8000)
 Metaspace       used 24246K, capacity 24698K, committed 24832K, reserved 26624K
}
Event: 5070.069 GC heap after
{Heap after GC invocations=2956 (full 7):
 def new generation   total 4577216K, used 153144K [0x00007f602c600000, 0x00007f6162c90000, 0x00007f6ad70a0000)
  eden space 4068672K,   0% used [0x00007f602c600000, 0x00007f602c600000, 0x00007f6124b50000)
  from space 508544K,  30% used [0x00007f6124b50000, 0x00007f612e0de028, 0x00007f6143bf0000)
  to   space 508544K,   0% used [0x00007f6143bf0000, 0x00007f6143bf0000, 0x00007f6162c90000)
 tenured generation   total 10171424K, used 10148072K [0x00007f6ad70a0000, 0x00007f6d43da8000, 0x00007f802c600000)
   the space 10171424K,  99% used [0x00007f6ad70a0000, 0x00007f6d426da1d8, 0x00007f6d426da200, 0x00007f6d43da8000)
 Metaspace       used 24246K, capacity 24698K, committed 24832K, reserved 26624K
}
Event: 5075.132 GC heap before
{Heap before GC invocations=2956 (full 7):
 def new generation   total 4577216K, used 4221816K [0x00007f602c600000, 0x00007f6162c90000, 0x00007f6ad70a0000)
  eden space 4068672K, 100% used [0x00007f602c600000, 0x00007f6124b50000, 0x00007f6124b50000)
  from space 508544K,  30% used [0x00007f6124b50000, 0x00007f612e0de028, 0x00007f6143bf0000)
  to   space 508544K,   0% used [0x00007f6143bf0000, 0x00007f6143bf0000, 0x00007f6162c90000)
 tenured generation   total 10171424K, used 10148072K [0x00007f6ad70a0000, 0x00007f6d43da8000, 0x00007f802c600000)
   the space 10171424K,  99% used [0x00007f6ad70a0000, 0x00007f6d426da1d8, 0x00007f6d426da200, 0x00007f6d43da8000)
 Metaspace       used 24246K, capacity 24698K, committed 24832K, reserved 26624K
}
Event: 5075.267 GC heap after
{Heap after GC invocations=2957 (full 7):
 def new generation   total 4577216K, used 145982K [0x00007f602c600000, 0x00007f6162c90000, 0x00007f6ad70a0000)
  eden space 4068672K,   0% used [0x00007f602c600000, 0x00007f602c600000, 0x00007f6124b50000)
  from space 508544K,  28% used [0x00007f6143bf0000, 0x00007f614ca7fab0, 0x00007f6162c90000)
  to   space 508544K,   0% used [0x00007f6124b50000, 0x00007f6124b50000, 0x00007f6143bf0000)
 tenured generation   total 10171424K, used 10165032K [0x00007f6ad70a0000, 0x00007f6d43da8000, 0x00007f802c600000)
   the space 10171424K,  99% used [0x00007f6ad70a0000, 0x00007f6d4376a1d0, 0x00007f6d4376a200, 0x00007f6d43da8000)
 Metaspace       used 24246K, capacity 24698K, committed 24832K, reserved 26624K
}
Event: 5079.168 GC heap before
{Heap before GC invocations=2957 (full 7):
 def new generation   total 4577216K, used 4214654K [0x00007f602c600000, 0x00007f6162c90000, 0x00007f6ad70a0000)
  eden space 4068672K, 100% used [0x00007f602c600000, 0x00007f6124b50000, 0x00007f6124b50000)
  from space 508544K,  28% used [0x00007f6143bf0000, 0x00007f614ca7fab0, 0x00007f6162c90000)
  to   space 508544K,   0% used [0x00007f6124b50000, 0x00007f6124b50000, 0x00007f6143bf0000)
 tenured generation   total 10171424K, used 10165032K [0x00007f6ad70a0000, 0x00007f6d43da8000, 0x00007f802c600000)
   the space 10171424K,  99% used [0x00007f6ad70a0000, 0x00007f6d4376a1d0, 0x00007f6d4376a200, 0x00007f6d43da8000)
 Metaspace       used 24246K, capacity 24698K, committed 24832K, reserved 26624K
}
Event: 5079.299 GC heap after
{Heap after GC invocations=2958 (full 7):
 def new generation   total 4577216K, used 152638K [0x00007f602c600000, 0x00007f6162c90000, 0x00007f6ad70a0000)
  eden space 4068672K,   0% used [0x00007f602c600000, 0x00007f602c600000, 0x00007f6124b50000)
  from space 508544K,  30% used [0x00007f6124b50000, 0x00007f612e05faf8, 0x00007f6143bf0000)
  to   space 508544K,   0% used [0x00007f6143bf0000, 0x00007f6143bf0000, 0x00007f6162c90000)
 tenured generation   total 10171424K, used 10165032K [0x00007f6ad70a0000, 0x00007f6d43da8000, 0x00007f802c600000)
   the space 10171424K,  99% used [0x00007f6ad70a0000, 0x00007f6d4376a1d0, 0x00007f6d4376a200, 0x00007f6d43da8000)
 Metaspace       used 24246K, capacity 24698K, committed 24832K, reserved 26624K
}
Event: 5083.632 GC heap before
{Heap before GC invocations=2958 (full 7):
 def new generation   total 4577216K, used 4217908K [0x00007f602c600000, 0x00007f6162c90000, 0x00007f6ad70a0000)
  eden space 4068672K,  99% used [0x00007f602c600000, 0x00007f61247fd580, 0x00007f6124b50000)
  from space 508544K,  30% used [0x00007f6124b50000, 0x00007f612e05faf8, 0x00007f6143bf0000)
  to   space 508544K,   0% used [0x00007f6143bf0000, 0x00007f6143bf0000, 0x00007f6162c90000)
 tenured generation   total 10171424K, used 10165032K [0x00007f6ad70a0000, 0x00007f6d43da8000, 0x00007f802c600000)
   the space 10171424K,  99% used [0x00007f6ad70a0000, 0x00007f6d4376a1d0, 0x00007f6d4376a200, 0x00007f6d43da8000)
 Metaspace       used 24246K, capacity 24698K, committed 24832K, reserved 26624K
}
Event: 5083.768 GC heap after
{Heap after GC invocations=2959 (full 7):
 def new generation   total 4577216K, used 153716K [0x00007f602c600000, 0x00007f6162c90000, 0x00007f6ad70a0000)
  eden space 4068672K,   0% used [0x00007f602c600000, 0x00007f602c600000, 0x00007f6124b50000)
  from space 508544K,  30% used [0x00007f6143bf0000, 0x00007f614d20d018, 0x00007f6162c90000)
  to   space 508544K,   0% used [0x00007f6124b50000, 0x00007f6124b50000, 0x00007f6143bf0000)
 tenured generation   total 10187812K, used 10181992K [0x00007f6ad70a0000, 0x00007f6d44da9000, 0x00007f802c600000)
   the space 10187812K,  99% used [0x00007f6ad70a0000, 0x00007f6d447fa1c8, 0x00007f6d447fa200, 0x00007f6d44da9000)
 Metaspace       used 24246K, capacity 24698K, committed 24832K, reserved 26624K
}
Event: 5083.768 GC heap before
{Heap before GC invocations=2959 (full 7):
 def new generation   total 4577216K, used 153716K [0x00007f602c600000, 0x00007f6162c90000, 0x00007f6ad70a0000)
  eden space 4068672K,   0% used [0x00007f602c600000, 0x00007f602c600000, 0x00007f6124b50000)
  from space 508544K,  30% used [0x00007f6143bf0000, 0x00007f614d20d018, 0x00007f6162c90000)
  to   space 508544K,   0% used [0x00007f6124b50000, 0x00007f6124b50000, 0x00007f6143bf0000)
 tenured generation   total 10187812K, used 10181992K [0x00007f6ad70a0000, 0x00007f6d44da9000, 0x00007f802c600000)
   the space 10187812K,  99% used [0x00007f6ad70a0000, 0x00007f6d447fa1c8, 0x00007f6d447fa200, 0x00007f6d44da9000)
 Metaspace       used 24246K, capacity 24698K, committed 24832K, reserved 26624K
}

