# JRE version: OpenJDK Runtime Environment (13.0.7+5) (build 13.0.7+5-Ubuntu-0ubuntu120.04)
# Java VM: OpenJDK 64-Bit Server VM (13.0.7+5-Ubuntu-0ubuntu120.04, mixed mode, tiered, compressed oops, serial gc, linux-amd64)
Heap:
 def new generation   total 2578496K, used 0K [0x0000000080200000, 0x000000012efd0000, 0x0000000300150000)
  eden space 2292032K,   0% used [0x0000000080200000, 0x0000000080200000, 0x000000010c050000)
  from space 286464K,   0% used [0x000000010c050000, 0x000000010c050000, 0x000000011d810000)
  to   space 286464K,   0% used [0x000000011d810000, 0x000000011d810000, 0x000000012efd0000)
 tenured generation   total 5746284K, used 3884994K [0x0000000300150000, 0x000000045eceb000, 0x0000000800000000)
   the space 5746284K,  67% used [0x0000000300150000, 0x00000003ed340838, 0x00000003ed340a00, 0x000000045eceb000)
 Metaspace       used 22767K, capacity 23297K, committed 23424K, reserved 1071104K
  class space    used 2354K, capacity 2568K, committed 2688K, reserved 1048576K
GC Heap History (20 events):
Event: 784.922 GC heap after
{Heap after GC invocations=785 (full 25):
 def new generation   total 2578496K, used 193994K [0x0000000080200000, 0x000000012efd0000, 0x0000000300150000)
  eden space 2292032K,   0% used [0x0000000080200000, 0x0000000080200000, 0x000000010c050000)
  from space 286464K,  67% used [0x000000011d810000, 0x0000000129582b18, 0x000000012efd0000)
  to   space 286464K,   0% used [0x000000010c050000, 0x000000010c050000, 0x000000011d810000)
 tenured generation   total 5729896K, used 5654289K [0x0000000300150000, 0x000000045dcea000, 0x0000000800000000)
   the space 5729896K,  98% used [0x0000000300150000, 0x0000000459314768, 0x0000000459314800, 0x000000045dcea000)
 Metaspace       used 22767K, capacity 23297K, committed 23424K, reserved 1071104K
  class space    used 2354K, capacity 2568K, committed 2688K, reserved 1048576K
}
Event: 786.521 GC heap before
{Heap before GC invocations=785 (full 25):
 def new generation   total 2578496K, used 2486026K [0x0000000080200000, 0x000000012efd0000, 0x0000000300150000)
  eden space 2292032K, 100% used [0x0000000080200000, 0x000000010c050000, 0x000000010c050000)
  from space 286464K,  67% used [0x000000011d810000, 0x0000000129582b18, 0x000000012efd0000)
  to   space 286464K,   0% used [0x000000010c050000, 0x000000010c050000, 0x000000011d810000)
 tenured generation   total 5729896K, used 5654289K [0x0000000300150000, 0x000000045dcea000, 0x0000000800000000)
   the space 5729896K,  98% used [0x0000000300150000, 0x0000000459314768, 0x0000000459314800, 0x000000045dcea000)
 Metaspace       used 22767K, capacity 23297K, committed 23424K, reserved 1071104K
  class space    used 2354K, capacity 2568K, committed 2688K, reserved 1048576K
}
Event: 786.542 GC heap after
{Heap after GC invocations=786 (full 25):
 def new generation   total 2578496K, used 59804K [0x0000000080200000, 0x000000012efd0000, 0x0000000300150000)
  eden space 2292032K,   0% used [0x0000000080200000, 0x0000000080200000, 0x000000010c050000)
  from space 286464K,  20% used [0x000000010c050000, 0x000000010fab7280, 0x000000011d810000)
  to   space 286464K,   0% used [0x000000011d810000, 0x000000011d810000, 0x000000012efd0000)
 tenured generation   total 5729896K, used 5671240K [0x0000000300150000, 0x000000045dcea000, 0x0000000800000000)
   the space 5729896K,  98% used [0x0000000300150000, 0x000000045a3a2268, 0x000000045a3a2400, 0x000000045dcea000)
 Metaspace       used 22767K, capacity 23297K, committed 23424K, reserved 1071104K
  class space    used 2354K, capacity 2568K, committed 2688K, reserved 1048576K
}
Event: 788.156 GC heap before
{Heap before GC invocations=786 (full 25):
 def new generation   total 2578496K, used 2351836K [0x0000000080200000, 0x000000012efd0000, 0x0000000300150000)
  eden space 2292032K, 100% used [0x0000000080200000, 0x000000010c050000, 0x000000010c050000)
  from space 286464K,  20% used [0x000000010c050000, 0x000000010fab7280, 0x000000011d810000)
  to   space 286464K,   0% used [0x000000011d810000, 0x000000011d810000, 0x000000012efd0000)
 tenured generation   total 5729896K, used 5671240K [0x0000000300150000, 0x000000045dcea000, 0x0000000800000000)
   the space 5729896K,  98% used [0x0000000300150000, 0x000000045a3a2268, 0x000000045a3a2400, 0x000000045dcea000)
 Metaspace       used 22767K, capacity 23297K, committed 23424K, reserved 1071104K
  class space    used 2354K, capacity 2568K, committed 2688K, reserved 1048576K
}
Event: 788.212 GC heap after
{Heap after GC invocations=787 (full 25):
 def new generation   total 2578496K, used 196585K [0x0000000080200000, 0x000000012efd0000, 0x0000000300150000)
  eden space 2292032K,   0% used [0x0000000080200000, 0x0000000080200000, 0x000000010c050000)
  from space 286464K,  68% used [0x000000011d810000, 0x000000012980a678, 0x000000012efd0000)
  to   space 286464K,   0% used [0x000000010c050000, 0x000000010c050000, 0x000000011d810000)
 tenured generation   total 5729896K, used 5671240K [0x0000000300150000, 0x000000045dcea000, 0x0000000800000000)
   the space 5729896K,  98% used [0x0000000300150000, 0x000000045a3a2268, 0x000000045a3a2400, 0x000000045dcea000)
 Metaspace       used 22767K, capacity 23297K, committed 23424K, reserved 1071104K
  class space    used 2354K, capacity 2568K, committed 2688K, reserved 1048576K
}
Event: 789.797 GC heap before
{Heap before GC invocations=787 (full 25):
 def new generation   total 2578496K, used 2488617K [0x0000000080200000, 0x000000012efd0000, 0x0000000300150000)
  eden space 2292032K, 100% used [0x0000000080200000, 0x000000010c050000, 0x000000010c050000)
  from space 286464K,  68% used [0x000000011d810000, 0x000000012980a678, 0x000000012efd0000)
  to   space 286464K,   0% used [0x000000010c050000, 0x000000010c050000, 0x000000011d810000)
 tenured generation   total 5729896K, used 5671240K [0x0000000300150000, 0x000000045dcea000, 0x0000000800000000)
   the space 5729896K,  98% used [0x0000000300150000, 0x000000045a3a2268, 0x000000045a3a2400, 0x000000045dcea000)
 Metaspace       used 22767K, capacity 23297K, committed 23424K, reserved 1071104K
  class space    used 2354K, capacity 2568K, committed 2688K, reserved 1048576K
}
Event: 789.817 GC heap after
{Heap after GC invocations=788 (full 25):
 def new generation   total 2578496K, used 62391K [0x0000000080200000, 0x000000012efd0000, 0x0000000300150000)
  eden space 2292032K,   0% used [0x0000000080200000, 0x0000000080200000, 0x000000010c050000)
  from space 286464K,  21% used [0x000000010c050000, 0x000000010fd3ded0, 0x000000011d810000)
  to   space 286464K,   0% used [0x000000011d810000, 0x000000011d810000, 0x000000012efd0000)
 tenured generation   total 5729896K, used 5688191K [0x0000000300150000, 0x000000045dcea000, 0x0000000800000000)
   the space 5729896K,  99% used [0x0000000300150000, 0x000000045b42fd68, 0x000000045b42fe00, 0x000000045dcea000)
 Metaspace       used 22767K, capacity 23297K, committed 23424K, reserved 1071104K
  class space    used 2354K, capacity 2568K, committed 2688K, reserved 1048576K
}
Event: 791.355 GC heap before
{Heap before GC invocations=788 (full 25):
 def new generation   total 2578496K, used 2354423K [0x0000000080200000, 0x000000012efd0000, 0x0000000300150000)
  eden space 2292032K, 100% used [0x0000000080200000, 0x000000010c050000, 0x000000010c050000)
  from space 286464K,  21% used [0x000000010c050000, 0x000000010fd3ded0, 0x000000011d810000)
  to   space 286464K,   0% used [0x000000011d810000, 0x000000011d810000, 0x000000012efd0000)
 tenured generation   total 5729896K, used 5688191K [0x0000000300150000, 0x000000045dcea000, 0x0000000800000000)
   the space 5729896K,  99% used [0x0000000300150000, 0x000000045b42fd68, 0x000000045b42fe00, 0x000000045dcea000)
 Metaspace       used 22767K, capacity 23297K, committed 23424K, reserved 1071104K
  class space    used 2354K, capacity 2568K, committed 2688K, reserved 1048576K
}
Event: 791.466 GC heap after
{Heap after GC invocations=789 (full 25):
 def new generation   total 2578496K, used 199679K [0x0000000080200000, 0x000000012efd0000, 0x0000000300150000)
  eden space 2292032K,   0% used [0x0000000080200000, 0x0000000080200000, 0x000000010c050000)
  from space 286464K,  69% used [0x000000011d810000, 0x0000000129b0fe78, 0x000000012efd0000)
  to   space 286464K,   0% used [0x000000010c050000, 0x000000010c050000, 0x000000011d810000)
 tenured generation   total 5729896K, used 5688191K [0x0000000300150000, 0x000000045dcea000, 0x0000000800000000)
   the space 5729896K,  99% used [0x0000000300150000, 0x000000045b42fd68, 0x000000045b42fe00, 0x000000045dcea000)
 Metaspace       used 22767K, capacity 23297K, committed 23424K, reserved 1071104K
  class space    used 2354K, capacity 2568K, committed 2688K, reserved 1048576K
}
Event: 793.012 GC heap before
{Heap before GC invocations=789 (full 25):
 def new generation   total 2578496K, used 2491711K [0x0000000080200000, 0x000000012efd0000, 0x0000000300150000)
  eden space 2292032K, 100% used [0x0000000080200000, 0x000000010c050000, 0x000000010c050000)
  from space 286464K,  69% used [0x000000011d810000, 0x0000000129b0fe78, 0x000000012efd0000)
  to   space 286464K,   0% used [0x000000010c050000, 0x000000010c050000, 0x000000011d810000)
 tenured generation   total 5729896K, used 5688191K [0x0000000300150000, 0x000000045dcea000, 0x0000000800000000)
   the space 5729896K,  99% used [0x0000000300150000, 0x000000045b42fd68, 0x000000045b42fe00, 0x000000045dcea000)
 Metaspace       used 22767K, capacity 23297K, committed 23424K, reserved 1071104K
  class space    used 2354K, capacity 2568K, committed 2688K, reserved 1048576K
}
Event: 793.041 GC heap after
{Heap after GC invocations=790 (full 25):
 def new generation   total 2578496K, used 64973K [0x0000000080200000, 0x000000012efd0000, 0x0000000300150000)
  eden space 2292032K,   0% used [0x0000000080200000, 0x0000000080200000, 0x000000010c050000)
  from space 286464K,  22% used [0x000000010c050000, 0x000000010ffc34d0, 0x000000011d810000)
  to   space 286464K,   0% used [0x000000011d810000, 0x000000011d810000, 0x000000012efd0000)
 tenured generation   total 5729896K, used 5705142K [0x0000000300150000, 0x000000045dcea000, 0x0000000800000000)
   the space 5729896K,  99% used [0x0000000300150000, 0x000000045c4bd868, 0x000000045c4bda00, 0x000000045dcea000)
 Metaspace       used 22767K, capacity 23297K, committed 23424K, reserved 1071104K
  class space    used 2354K, capacity 2568K, committed 2688K, reserved 1048576K
}
Event: 794.650 GC heap before
{Heap before GC invocations=790 (full 25):
 def new generation   total 2578496K, used 2357005K [0x0000000080200000, 0x000000012efd0000, 0x0000000300150000)
  eden space 2292032K, 100% used [0x0000000080200000, 0x000000010c050000, 0x000000010c050000)
  from space 286464K,  22% used [0x000000010c050000, 0x000000010ffc34d0, 0x000000011d810000)
  to   space 286464K,   0% used [0x000000011d810000, 0x000000011d810000, 0x000000012efd0000)
 tenured generation   total 5729896K, used 5705142K [0x0000000300150000, 0x000000045dcea000, 0x0000000800000000)
   the space 5729896K,  99% used [0x0000000300150000, 0x000000045c4bd868, 0x000000045c4bda00, 0x000000045dcea000)
 Metaspace       used 22767K, capacity 23297K, committed 23424K, reserved 1071104K
  class space    used 2354K, capacity 2568K, committed 2688K, reserved 1048576K
}
Event: 794.726 GC heap after
{Heap after GC invocations=791 (full 25):
 def new generation   total 2578496K, used 201758K [0x0000000080200000, 0x000000012efd0000, 0x0000000300150000)
  eden space 2292032K,   0% used [0x0000000080200000, 0x0000000080200000, 0x000000010c050000)
  from space 286464K,  70% used [0x000000011d810000, 0x0000000129d178b0, 0x000000012efd0000)
  to   space 286464K,   0% used [0x000000010c050000, 0x000000010c050000, 0x000000011d810000)
 tenured generation   total 5729896K, used 5705142K [0x0000000300150000, 0x000000045dcea000, 0x0000000800000000)
   the space 5729896K,  99% used [0x0000000300150000, 0x000000045c4bd868, 0x000000045c4bda00, 0x000000045dcea000)
 Metaspace       used 22767K, capacity 23297K, committed 23424K, reserved 1071104K
  class space    used 2354K, capacity 2568K, committed 2688K, reserved 1048576K
}
Event: 796.306 GC heap before
{Heap before GC invocations=791 (full 25):
 def new generation   total 2578496K, used 2493790K [0x0000000080200000, 0x000000012efd0000, 0x0000000300150000)
  eden space 2292032K, 100% used [0x0000000080200000, 0x000000010c050000, 0x000000010c050000)
  from space 286464K,  70% used [0x000000011d810000, 0x0000000129d178b0, 0x000000012efd0000)
  to   space 286464K,   0% used [0x000000010c050000, 0x000000010c050000, 0x000000011d810000)
 tenured generation   total 5729896K, used 5705142K [0x0000000300150000, 0x000000045dcea000, 0x0000000800000000)
   the space 5729896K,  99% used [0x0000000300150000, 0x000000045c4bd868, 0x000000045c4bda00, 0x000000045dcea000)
 Metaspace       used 22767K, capacity 23297K, committed 23424K, reserved 1071104K
  class space    used 2354K, capacity 2568K, committed 2688K, reserved 1048576K
}
Event: 796.333 GC heap after
{Heap after GC invocations=792 (full 25):
 def new generation   total 2578496K, used 67051K [0x0000000080200000, 0x000000012efd0000, 0x0000000300150000)
  eden space 2292032K,   0% used [0x0000000080200000, 0x0000000080200000, 0x000000010c050000)
  from space 286464K,  23% used [0x000000010c050000, 0x00000001101caea0, 0x000000011d810000)
  to   space 286464K,   0% used [0x000000011d810000, 0x000000011d810000, 0x000000012efd0000)
 tenured generation   total 5729896K, used 5722092K [0x0000000300150000, 0x000000045dcea000, 0x0000000800000000)
   the space 5729896K,  99% used [0x0000000300150000, 0x000000045d54b368, 0x000000045d54b400, 0x000000045dcea000)
 Metaspace       used 22767K, capacity 23297K, committed 23424K, reserved 1071104K
  class space    used 2354K, capacity 2568K, committed 2688K, reserved 1048576K
}
Event: 797.948 GC heap before
{Heap before GC invocations=792 (full 25):
 def new generation   total 2578496K, used 2359083K [0x0000000080200000, 0x000000012efd0000, 0x0000000300150000)
  eden space 2292032K, 100% used [0x0000000080200000, 0x000000010c050000, 0x000000010c050000)
  from space 286464K,  23% used [0x000000010c050000, 0x00000001101caea0, 0x000000011d810000)
  to   space 286464K,   0% used [0x000000011d810000, 0x000000011d810000, 0x000000012efd0000)
 tenured generation   total 5729896K, used 5722092K [0x0000000300150000, 0x000000045dcea000, 0x0000000800000000)
   the space 5729896K,  99% used [0x0000000300150000, 0x000000045d54b368, 0x000000045d54b400, 0x000000045dcea000)
 Metaspace       used 22767K, capacity 23297K, committed 23424K, reserved 1071104K
  class space    used 2354K, capacity 2568K, committed 2688K, reserved 1048576K
}
Event: 798.005 GC heap after
{Heap after GC invocations=793 (full 25):
 def new generation   total 2578496K, used 203844K [0x0000000080200000, 0x000000012efd0000, 0x0000000300150000)
  eden space 2292032K,   0% used [0x0000000080200000, 0x0000000080200000, 0x000000010c050000)
  from space 286464K,  71% used [0x000000011d810000, 0x0000000129f21118, 0x000000012efd0000)
  to   space 286464K,   0% used [0x000000010c050000, 0x000000010c050000, 0x000000011d810000)
 tenured generation   total 5729896K, used 5722092K [0x0000000300150000, 0x000000045dcea000, 0x0000000800000000)
   the space 5729896K,  99% used [0x0000000300150000, 0x000000045d54b368, 0x000000045d54b400, 0x000000045dcea000)
 Metaspace       used 22767K, capacity 23297K, committed 23424K, reserved 1071104K
  class space    used 2354K, capacity 2568K, committed 2688K, reserved 1048576K
}
Event: 799.576 GC heap before
{Heap before GC invocations=793 (full 25):
 def new generation   total 2578496K, used 2495876K [0x0000000080200000, 0x000000012efd0000, 0x0000000300150000)
  eden space 2292032K, 100% used [0x0000000080200000, 0x000000010c050000, 0x000000010c050000)
  from space 286464K,  71% used [0x000000011d810000, 0x0000000129f21118, 0x000000012efd0000)
  to   space 286464K,   0% used [0x000000010c050000, 0x000000010c050000, 0x000000011d810000)
 tenured generation   total 5729896K, used 5722092K [0x0000000300150000, 0x000000045dcea000, 0x0000000800000000)
   the space 5729896K,  99% used [0x0000000300150000, 0x000000045d54b368, 0x000000045d54b400, 0x000000045dcea000)
 Metaspace       used 22767K, capacity 23297K, committed 23424K, reserved 1071104K
  class space    used 2354K, capacity 2568K, committed 2688K, reserved 1048576K
}
Event: 799.610 GC heap after
{Heap after GC invocations=794 (full 25):
 def new generation   total 2578496K, used 69653K [0x0000000080200000, 0x000000012efd0000, 0x0000000300150000)
  eden space 2292032K,   0% used [0x0000000080200000, 0x0000000080200000, 0x000000010c050000)
  from space 286464K,  24% used [0x000000010c050000, 0x0000000110455698, 0x000000011d810000)
  to   space 286464K,   0% used [0x000000011d810000, 0x000000011d810000, 0x000000012efd0000)
 tenured generation   total 5746284K, used 5739043K [0x0000000300150000, 0x000000045eceb000, 0x0000000800000000)
   the space 5746284K,  99% used [0x0000000300150000, 0x000000045e5d8e68, 0x000000045e5d9000, 0x000000045eceb000)
 Metaspace       used 22767K, capacity 23297K, committed 23424K, reserved 1071104K
  class space    used 2354K, capacity 2568K, committed 2688K, reserved 1048576K
}
Event: 799.610 GC heap before
{Heap before GC invocations=794 (full 25):
 def new generation   total 2578496K, used 69653K [0x0000000080200000, 0x000000012efd0000, 0x0000000300150000)
  eden space 2292032K,   0% used [0x0000000080200000, 0x0000000080200000, 0x000000010c050000)
  from space 286464K,  24% used [0x000000010c050000, 0x0000000110455698, 0x000000011d810000)
  to   space 286464K,   0% used [0x000000011d810000, 0x000000011d810000, 0x000000012efd0000)
 tenured generation   total 5746284K, used 5739043K [0x0000000300150000, 0x000000045eceb000, 0x0000000800000000)
   the space 5746284K,  99% used [0x0000000300150000, 0x000000045e5d8e68, 0x000000045e5d9000, 0x000000045eceb000)
 Metaspace       used 22767K, capacity 23297K, committed 23424K, reserved 1071104K
  class space    used 2354K, capacity 2568K, committed 2688K, reserved 1048576K
}

