# JRE version: OpenJDK Runtime Environment (13.0.7+5) (build 13.0.7+5-Ubuntu-0ubuntu120.04)
# Java VM: OpenJDK 64-Bit Server VM (13.0.7+5-Ubuntu-0ubuntu120.04, mixed mode, tiered, serial gc, linux-amd64)
Heap:
 def new generation   total 10818432K, used 0K [0x00007fe528600000, 0x00007fe8060c0000, 0x00007fea7db50000)
  eden space 9616384K,   0% used [0x00007fe528600000, 0x00007fe528600000, 0x00007fe773500000)
  from space 1202048K,   0% used [0x00007fe7bcae0000, 0x00007fe7bcae0000, 0x00007fe8060c0000)
  to   space 1202048K,   0% used [0x00007fe773500000, 0x00007fe773500000, 0x00007fe7bcae0000)
 tenured generation   total 25032020K, used 23409791K [0x00007fea7db50000, 0x00007ff0758a5000, 0x00007ff528600000)
   the space 25032020K,  93% used [0x00007fea7db50000, 0x00007ff01286fed0, 0x00007ff012870000, 0x00007ff0758a5000)
 Metaspace       used 31565K, capacity 31996K, committed 32000K, reserved 32768K
GC Heap History (20 events):
Event: 3072.725 GC heap after
{Heap after GC invocations=648 (full 16):
 def new generation   total 10818432K, used 834983K [0x00007fe528600000, 0x00007fe8060c0000, 0x00007fea7db50000)
  eden space 9616384K,   0% used [0x00007fe528600000, 0x00007fe528600000, 0x00007fe773500000)
  from space 1202048K,  69% used [0x00007fe773500000, 0x00007fe7a6469e20, 0x00007fe7bcae0000)
  to   space 1202048K,   0% used [0x00007fe7bcae0000, 0x00007fe7bcae0000, 0x00007fe8060c0000)
 tenured generation   total 24040916K, used 9686230K [0x00007fea7db50000, 0x00007ff0390c5000, 0x00007ff528600000)
   the space 24040916K,  40% used [0x00007fea7db50000, 0x00007feccce859b8, 0x00007feccce85a00, 0x00007ff0390c5000)
 Metaspace       used 31565K, capacity 31996K, committed 32000K, reserved 32768K
}
Event: 3075.682 GC heap before
{Heap before GC invocations=648 (full 16):
 def new generation   total 10818432K, used 10451367K [0x00007fe528600000, 0x00007fe8060c0000, 0x00007fea7db50000)
  eden space 9616384K, 100% used [0x00007fe528600000, 0x00007fe773500000, 0x00007fe773500000)
  from space 1202048K,  69% used [0x00007fe773500000, 0x00007fe7a6469e20, 0x00007fe7bcae0000)
  to   space 1202048K,   0% used [0x00007fe7bcae0000, 0x00007fe7bcae0000, 0x00007fe8060c0000)
 tenured generation   total 24040916K, used 9686230K [0x00007fea7db50000, 0x00007ff0390c5000, 0x00007ff528600000)
   the space 24040916K,  40% used [0x00007fea7db50000, 0x00007feccce859b8, 0x00007feccce85a00, 0x00007ff0390c5000)
 Metaspace       used 31565K, capacity 31996K, committed 32000K, reserved 32768K
}
Event: 3078.040 GC heap after
{Heap after GC invocations=649 (full 16):
 def new generation   total 10818432K, used 997030K [0x00007fe528600000, 0x00007fe8060c0000, 0x00007fea7db50000)
  eden space 9616384K,   0% used [0x00007fe528600000, 0x00007fe528600000, 0x00007fe773500000)
  from space 1202048K,  82% used [0x00007fe7bcae0000, 0x00007fe7f9889980, 0x00007fe8060c0000)
  to   space 1202048K,   0% used [0x00007fe773500000, 0x00007fe773500000, 0x00007fe7bcae0000)
 tenured generation   total 24040916K, used 10521213K [0x00007fea7db50000, 0x00007ff0390c5000, 0x00007ff528600000)
   the space 24040916K,  43% used [0x00007fea7db50000, 0x00007fecffdef6a8, 0x00007fecffdef800, 0x00007ff0390c5000)
 Metaspace       used 31565K, capacity 31996K, committed 32000K, reserved 32768K
}
Event: 3080.615 GC heap before
{Heap before GC invocations=649 (full 16):
 def new generation   total 10818432K, used 10613414K [0x00007fe528600000, 0x00007fe8060c0000, 0x00007fea7db50000)
  eden space 9616384K, 100% used [0x00007fe528600000, 0x00007fe773500000, 0x00007fe773500000)
  from space 1202048K,  82% used [0x00007fe7bcae0000, 0x00007fe7f9889980, 0x00007fe8060c0000)
  to   space 1202048K,   0% used [0x00007fe773500000, 0x00007fe773500000, 0x00007fe7bcae0000)
 tenured generation   total 24040916K, used 10521213K [0x00007fea7db50000, 0x00007ff0390c5000, 0x00007ff528600000)
   the space 24040916K,  43% used [0x00007fea7db50000, 0x00007fecffdef6a8, 0x00007fecffdef800, 0x00007ff0390c5000)
 Metaspace       used 31565K, capacity 31996K, committed 32000K, reserved 32768K
}
Event: 3082.835 GC heap after
{Heap after GC invocations=650 (full 16):
 def new generation   total 10818432K, used 886235K [0x00007fe528600000, 0x00007fe8060c0000, 0x00007fea7db50000)
  eden space 9616384K,   0% used [0x00007fe528600000, 0x00007fe528600000, 0x00007fe773500000)
  from space 1202048K,  73% used [0x00007fe773500000, 0x00007fe7a9676ed0, 0x00007fe7bcae0000)
  to   space 1202048K,   0% used [0x00007fe7bcae0000, 0x00007fe7bcae0000, 0x00007fe8060c0000)
 tenured generation   total 24040916K, used 11518243K [0x00007fea7db50000, 0x00007ff0390c5000, 0x00007ff528600000)
   the space 24040916K,  47% used [0x00007fea7db50000, 0x00007fed3cb98eb8, 0x00007fed3cb99000, 0x00007ff0390c5000)
 Metaspace       used 31565K, capacity 31996K, committed 32000K, reserved 32768K
}
Event: 3085.330 GC heap before
{Heap before GC invocations=650 (full 16):
 def new generation   total 10818432K, used 10502619K [0x00007fe528600000, 0x00007fe8060c0000, 0x00007fea7db50000)
  eden space 9616384K, 100% used [0x00007fe528600000, 0x00007fe773500000, 0x00007fe773500000)
  from space 1202048K,  73% used [0x00007fe773500000, 0x00007fe7a9676ed0, 0x00007fe7bcae0000)
  to   space 1202048K,   0% used [0x00007fe7bcae0000, 0x00007fe7bcae0000, 0x00007fe8060c0000)
 tenured generation   total 24040916K, used 11518243K [0x00007fea7db50000, 0x00007ff0390c5000, 0x00007ff528600000)
   the space 24040916K,  47% used [0x00007fea7db50000, 0x00007fed3cb98eb8, 0x00007fed3cb99000, 0x00007ff0390c5000)
 Metaspace       used 31565K, capacity 31996K, committed 32000K, reserved 32768K
}
Event: 3087.448 GC heap after
{Heap after GC invocations=651 (full 16):
 def new generation   total 10818432K, used 861810K [0x00007fe528600000, 0x00007fe8060c0000, 0x00007fea7db50000)
  eden space 9616384K,   0% used [0x00007fe528600000, 0x00007fe528600000, 0x00007fe773500000)
  from space 1202048K,  71% used [0x00007fe7bcae0000, 0x00007fe7f147c9c0, 0x00007fe8060c0000)
  to   space 1202048K,   0% used [0x00007fe773500000, 0x00007fe773500000, 0x00007fe7bcae0000)
 tenured generation   total 24040916K, used 12404478K [0x00007fea7db50000, 0x00007ff0390c5000, 0x00007ff528600000)
   the space 24040916K,  51% used [0x00007fea7db50000, 0x00007fed72d0fb48, 0x00007fed72d0fc00, 0x00007ff0390c5000)
 Metaspace       used 31565K, capacity 31996K, committed 32000K, reserved 32768K
}
Event: 3089.936 GC heap before
{Heap before GC invocations=651 (full 16):
 def new generation   total 10818432K, used 10478194K [0x00007fe528600000, 0x00007fe8060c0000, 0x00007fea7db50000)
  eden space 9616384K, 100% used [0x00007fe528600000, 0x00007fe773500000, 0x00007fe773500000)
  from space 1202048K,  71% used [0x00007fe7bcae0000, 0x00007fe7f147c9c0, 0x00007fe8060c0000)
  to   space 1202048K,   0% used [0x00007fe773500000, 0x00007fe773500000, 0x00007fe7bcae0000)
 tenured generation   total 24040916K, used 12404478K [0x00007fea7db50000, 0x00007ff0390c5000, 0x00007ff528600000)
   the space 24040916K,  51% used [0x00007fea7db50000, 0x00007fed72d0fb48, 0x00007fed72d0fc00, 0x00007ff0390c5000)
 Metaspace       used 31565K, capacity 31996K, committed 32000K, reserved 32768K
}
Event: 3092.041 GC heap after
{Heap after GC invocations=652 (full 16):
 def new generation   total 10818432K, used 903809K [0x00007fe528600000, 0x00007fe8060c0000, 0x00007fea7db50000)
  eden space 9616384K,   0% used [0x00007fe528600000, 0x00007fe528600000, 0x00007fe773500000)
  from space 1202048K,  75% used [0x00007fe773500000, 0x00007fe7aa7a0460, 0x00007fe7bcae0000)
  to   space 1202048K,   0% used [0x00007fe7bcae0000, 0x00007fe7bcae0000, 0x00007fe8060c0000)
 tenured generation   total 24040916K, used 13266288K [0x00007fea7db50000, 0x00007ff0390c5000, 0x00007ff528600000)
   the space 24040916K,  55% used [0x00007fea7db50000, 0x00007feda76ac198, 0x00007feda76ac200, 0x00007ff0390c5000)
 Metaspace       used 31565K, capacity 31996K, committed 32000K, reserved 32768K
}
Event: 3094.410 GC heap before
{Heap before GC invocations=652 (full 16):
 def new generation   total 10818432K, used 10520193K [0x00007fe528600000, 0x00007fe8060c0000, 0x00007fea7db50000)
  eden space 9616384K, 100% used [0x00007fe528600000, 0x00007fe773500000, 0x00007fe773500000)
  from space 1202048K,  75% used [0x00007fe773500000, 0x00007fe7aa7a0460, 0x00007fe7bcae0000)
  to   space 1202048K,   0% used [0x00007fe7bcae0000, 0x00007fe7bcae0000, 0x00007fe8060c0000)
 tenured generation   total 24040916K, used 13266288K [0x00007fea7db50000, 0x00007ff0390c5000, 0x00007ff528600000)
   the space 24040916K,  55% used [0x00007fea7db50000, 0x00007feda76ac198, 0x00007feda76ac200, 0x00007ff0390c5000)
 Metaspace       used 31565K, capacity 31996K, committed 32000K, reserved 32768K
}
Event: 3096.480 GC heap after
{Heap after GC invocations=653 (full 16):
 def new generation   total 10818432K, used 811373K [0x00007fe528600000, 0x00007fe8060c0000, 0x00007fea7db50000)
  eden space 9616384K,   0% used [0x00007fe528600000, 0x00007fe528600000, 0x00007fe773500000)
  from space 1202048K,  67% used [0x00007fe7bcae0000, 0x00007fe7ee33b6c0, 0x00007fe8060c0000)
  to   space 1202048K,   0% used [0x00007fe773500000, 0x00007fe773500000, 0x00007fe7bcae0000)
 tenured generation   total 24040916K, used 14170096K [0x00007fea7db50000, 0x00007ff0390c5000, 0x00007ff528600000)
   the space 24040916K,  58% used [0x00007fea7db50000, 0x00007fedde94c3c8, 0x00007fedde94c400, 0x00007ff0390c5000)
 Metaspace       used 31565K, capacity 31996K, committed 32000K, reserved 32768K
}
Event: 3099.944 GC heap before
{Heap before GC invocations=653 (full 16):
 def new generation   total 10818432K, used 10427757K [0x00007fe528600000, 0x00007fe8060c0000, 0x00007fea7db50000)
  eden space 9616384K, 100% used [0x00007fe528600000, 0x00007fe773500000, 0x00007fe773500000)
  from space 1202048K,  67% used [0x00007fe7bcae0000, 0x00007fe7ee33b6c0, 0x00007fe8060c0000)
  to   space 1202048K,   0% used [0x00007fe773500000, 0x00007fe773500000, 0x00007fe7bcae0000)
 tenured generation   total 24040916K, used 14170096K [0x00007fea7db50000, 0x00007ff0390c5000, 0x00007ff528600000)
   the space 24040916K,  58% used [0x00007fea7db50000, 0x00007fedde94c3c8, 0x00007fedde94c400, 0x00007ff0390c5000)
 Metaspace       used 31565K, capacity 31996K, committed 32000K, reserved 32768K
}
Event: 3102.704 GC heap after
{Heap after GC invocations=654 (full 16):
 def new generation   total 10818432K, used 1202048K [0x00007fe528600000, 0x00007fe8060c0000, 0x00007fea7db50000)
  eden space 9616384K,   0% used [0x00007fe528600000, 0x00007fe528600000, 0x00007fe773500000)
  from space 1202048K, 100% used [0x00007fe773500000, 0x00007fe7bcae0000, 0x00007fe7bcae0000)
  to   space 1202048K,   0% used [0x00007fe7bcae0000, 0x00007fe7bcae0000, 0x00007fe8060c0000)
 tenured generation   total 24040916K, used 15050407K [0x00007fea7db50000, 0x00007ff0390c5000, 0x00007ff528600000)
   the space 24040916K,  62% used [0x00007fea7db50000, 0x00007fee144f9e78, 0x00007fee144fa000, 0x00007ff0390c5000)
 Metaspace       used 31565K, capacity 31996K, committed 32000K, reserved 32768K
}
Event: 3853.516 GC heap before
{Heap before GC invocations=654 (full 16):
 def new generation   total 10818432K, used 10818432K [0x00007fe528600000, 0x00007fe8060c0000, 0x00007fea7db50000)
  eden space 9616384K, 100% used [0x00007fe528600000, 0x00007fe773500000, 0x00007fe773500000)
  from space 1202048K, 100% used [0x00007fe773500000, 0x00007fe7bcae0000, 0x00007fe7bcae0000)
  to   space 1202048K,   0% used [0x00007fe7bcae0000, 0x00007fe7bcae0000, 0x00007fe8060c0000)
 tenured generation   total 24040916K, used 15050407K [0x00007fea7db50000, 0x00007ff0390c5000, 0x00007ff528600000)
   the space 24040916K,  62% used [0x00007fea7db50000, 0x00007fee144f9e78, 0x00007fee144fa000, 0x00007ff0390c5000)
 Metaspace       used 31565K, capacity 31996K, committed 32000K, reserved 32768K
}
Event: 3866.830 GC heap after
{Heap after GC invocations=655 (full 16):
 def new generation   total 10818432K, used 1202047K [0x00007fe528600000, 0x00007fe8060c0000, 0x00007fea7db50000)
  eden space 9616384K,   0% used [0x00007fe528600000, 0x00007fe528600000, 0x00007fe773500000)
  from space 1202048K,  99% used [0x00007fe7bcae0000, 0x00007fe8060bfff0, 0x00007fe8060c0000)
  to   space 1202048K,   0% used [0x00007fe773500000, 0x00007fe773500000, 0x00007fe7bcae0000)
 tenured generation   total 24040916K, used 20982966K [0x00007fea7db50000, 0x00007ff0390c5000, 0x00007ff528600000)
   the space 24040916K,  87% used [0x00007fea7db50000, 0x00007fef7e67d8a0, 0x00007fef7e67da00, 0x00007ff0390c5000)
 Metaspace       used 31565K, capacity 31996K, committed 32000K, reserved 32768K
}
Event: 5218.801 GC heap before
{Heap before GC invocations=655 (full 16):
 def new generation   total 10818432K, used 10818431K [0x00007fe528600000, 0x00007fe8060c0000, 0x00007fea7db50000)
  eden space 9616384K, 100% used [0x00007fe528600000, 0x00007fe773500000, 0x00007fe773500000)
  from space 1202048K,  99% used [0x00007fe7bcae0000, 0x00007fe8060bfff0, 0x00007fe8060c0000)
  to   space 1202048K,   0% used [0x00007fe773500000, 0x00007fe773500000, 0x00007fe7bcae0000)
 tenured generation   total 24040916K, used 20982966K [0x00007fea7db50000, 0x00007ff0390c5000, 0x00007ff528600000)
   the space 24040916K,  87% used [0x00007fea7db50000, 0x00007fef7e67d8a0, 0x00007fef7e67da00, 0x00007ff0390c5000)
 Metaspace       used 31565K, capacity 31996K, committed 32000K, reserved 32768K
}
Event: 5222.795 GC heap after
{Heap after GC invocations=656 (full 16):
 def new generation   total 10818432K, used 1202047K [0x00007fe528600000, 0x00007fe8060c0000, 0x00007fea7db50000)
  eden space 9616384K,   0% used [0x00007fe528600000, 0x00007fe528600000, 0x00007fe773500000)
  from space 1202048K,  99% used [0x00007fe773500000, 0x00007fe7bcadfff0, 0x00007fe7bcae0000)
  to   space 1202048K,   0% used [0x00007fe7bcae0000, 0x00007fe7bcae0000, 0x00007fe8060c0000)
 tenured generation   total 24040916K, used 23007461K [0x00007fea7db50000, 0x00007ff0390c5000, 0x00007ff528600000)
   the space 24040916K,  95% used [0x00007fea7db50000, 0x00007feff9f897c0, 0x00007feff9f89800, 0x00007ff0390c5000)
 Metaspace       used 31565K, capacity 31996K, committed 32000K, reserved 32768K
}
Event: 6308.426 GC heap before
{Heap before GC invocations=656 (full 16):
 def new generation   total 10818432K, used 10818431K [0x00007fe528600000, 0x00007fe8060c0000, 0x00007fea7db50000)
  eden space 9616384K, 100% used [0x00007fe528600000, 0x00007fe773500000, 0x00007fe773500000)
  from space 1202048K,  99% used [0x00007fe773500000, 0x00007fe7bcadfff0, 0x00007fe7bcae0000)
  to   space 1202048K,   0% used [0x00007fe7bcae0000, 0x00007fe7bcae0000, 0x00007fe8060c0000)
 tenured generation   total 24040916K, used 23007461K [0x00007fea7db50000, 0x00007ff0390c5000, 0x00007ff528600000)
   the space 24040916K,  95% used [0x00007fea7db50000, 0x00007feff9f897c0, 0x00007feff9f89800, 0x00007ff0390c5000)
 Metaspace       used 31565K, capacity 31996K, committed 32000K, reserved 32768K
}
Event: 6312.446 GC heap after
{Heap after GC invocations=657 (full 16):
 def new generation   total 10818432K, used 1202048K [0x00007fe528600000, 0x00007fe8060c0000, 0x00007fea7db50000)
  eden space 9616384K,   0% used [0x00007fe528600000, 0x00007fe528600000, 0x00007fe773500000)
  from space 1202048K, 100% used [0x00007fe7bcae0000, 0x00007fe8060c0000, 0x00007fe8060c0000)
  to   space 1202048K,   0% used [0x00007fe773500000, 0x00007fe773500000, 0x00007fe7bcae0000)
 tenured generation   total 25032020K, used 25031957K [0x00007fea7db50000, 0x00007ff0758a5000, 0x00007ff528600000)
   the space 25032020K,  99% used [0x00007fea7db50000, 0x00007ff075895620, 0x00007ff075895800, 0x00007ff0758a5000)
 Metaspace       used 31565K, capacity 31996K, committed 32000K, reserved 32768K
}
Event: 6312.446 GC heap before
{Heap before GC invocations=657 (full 16):
 def new generation   total 10818432K, used 1202048K [0x00007fe528600000, 0x00007fe8060c0000, 0x00007fea7db50000)
  eden space 9616384K,   0% used [0x00007fe528600000, 0x00007fe528600000, 0x00007fe773500000)
  from space 1202048K, 100% used [0x00007fe7bcae0000, 0x00007fe8060c0000, 0x00007fe8060c0000)
  to   space 1202048K,   0% used [0x00007fe773500000, 0x00007fe773500000, 0x00007fe7bcae0000)
 tenured generation   total 25032020K, used 25031957K [0x00007fea7db50000, 0x00007ff0758a5000, 0x00007ff528600000)
   the space 25032020K,  99% used [0x00007fea7db50000, 0x00007ff075895620, 0x00007ff075895800, 0x00007ff0758a5000)
 Metaspace       used 31565K, capacity 31996K, committed 32000K, reserved 32768K
}

