# JRE version: OpenJDK Runtime Environment (13.0.7+5) (build 13.0.7+5-Ubuntu-0ubuntu120.04)
# Java VM: OpenJDK 64-Bit Server VM (13.0.7+5-Ubuntu-0ubuntu120.04, mixed mode, tiered, compressed oops, serial gc, linux-amd64)
Heap:
 def new generation   total 2361024K, used 0K [0x0000000080200000, 0x00000001203e0000, 0x0000000300150000)
  eden space 2098688K,   0% used [0x0000000080200000, 0x0000000080200000, 0x0000000100380000)
  from space 262336K,   0% used [0x00000001103b0000, 0x00000001103b0000, 0x00000001203e0000)
  to   space 262336K,   0% used [0x0000000100380000, 0x0000000100380000, 0x00000001103b0000)
 tenured generation   total 5248692K, used 3569168K [0x0000000300150000, 0x00000004406fd000, 0x0000000800000000)
   the space 5248692K,  68% used [0x0000000300150000, 0x00000003d9ed4210, 0x00000003d9ed4400, 0x00000004406fd000)
 Metaspace       used 23303K, capacity 23886K, committed 24192K, reserved 1071104K
  class space    used 2411K, capacity 2631K, committed 2688K, reserved 1048576K
GC Heap History (20 events):
Event: 14722.261 GC heap after
{Heap after GC invocations=14359 (full 18):
 def new generation   total 2361024K, used 75735K [0x0000000080200000, 0x00000001203e0000, 0x0000000300150000)
  eden space 2098688K,   0% used [0x0000000080200000, 0x0000000080200000, 0x0000000100380000)
  from space 262336K,  28% used [0x0000000100380000, 0x0000000104d75dd8, 0x00000001103b0000)
  to   space 262336K,   0% used [0x00000001103b0000, 0x00000001103b0000, 0x00000001203e0000)
 tenured generation   total 5246628K, used 5205689K [0x0000000300150000, 0x00000004404f9000, 0x0000000800000000)
   the space 5246628K,  99% used [0x0000000300150000, 0x000000043dcfe720, 0x000000043dcfe800, 0x00000004404f9000)
 Metaspace       used 23303K, capacity 23886K, committed 24192K, reserved 1071104K
  class space    used 2411K, capacity 2631K, committed 2688K, reserved 1048576K
}
Event: 14723.484 GC heap before
{Heap before GC invocations=14359 (full 18):
 def new generation   total 2361024K, used 2174423K [0x0000000080200000, 0x00000001203e0000, 0x0000000300150000)
  eden space 2098688K, 100% used [0x0000000080200000, 0x0000000100380000, 0x0000000100380000)
  from space 262336K,  28% used [0x0000000100380000, 0x0000000104d75dd8, 0x00000001103b0000)
  to   space 262336K,   0% used [0x00000001103b0000, 0x00000001103b0000, 0x00000001203e0000)
 tenured generation   total 5246628K, used 5205689K [0x0000000300150000, 0x00000004404f9000, 0x0000000800000000)
   the space 5246628K,  99% used [0x0000000300150000, 0x000000043dcfe720, 0x000000043dcfe800, 0x00000004404f9000)
 Metaspace       used 23303K, capacity 23886K, committed 24192K, reserved 1071104K
  class space    used 2411K, capacity 2631K, committed 2688K, reserved 1048576K
}
Event: 14723.502 GC heap after
{Heap after GC invocations=14360 (full 18):
 def new generation   total 2361024K, used 61377K [0x0000000080200000, 0x00000001203e0000, 0x0000000300150000)
  eden space 2098688K,   0% used [0x0000000080200000, 0x0000000080200000, 0x0000000100380000)
  from space 262336K,  23% used [0x00000001103b0000, 0x0000000113fa0468, 0x00000001203e0000)
  to   space 262336K,   0% used [0x0000000100380000, 0x0000000100380000, 0x00000001103b0000)
 tenured generation   total 5246628K, used 5205697K [0x0000000300150000, 0x00000004404f9000, 0x0000000800000000)
   the space 5246628K,  99% used [0x0000000300150000, 0x000000043dd006a8, 0x000000043dd00800, 0x00000004404f9000)
 Metaspace       used 23303K, capacity 23886K, committed 24192K, reserved 1071104K
  class space    used 2411K, capacity 2631K, committed 2688K, reserved 1048576K
}
Event: 14724.845 GC heap before
{Heap before GC invocations=14360 (full 18):
 def new generation   total 2361024K, used 2160065K [0x0000000080200000, 0x00000001203e0000, 0x0000000300150000)
  eden space 2098688K, 100% used [0x0000000080200000, 0x0000000100380000, 0x0000000100380000)
  from space 262336K,  23% used [0x00000001103b0000, 0x0000000113fa0468, 0x00000001203e0000)
  to   space 262336K,   0% used [0x0000000100380000, 0x0000000100380000, 0x00000001103b0000)
 tenured generation   total 5246628K, used 5205697K [0x0000000300150000, 0x00000004404f9000, 0x0000000800000000)
   the space 5246628K,  99% used [0x0000000300150000, 0x000000043dd006a8, 0x000000043dd00800, 0x00000004404f9000)
 Metaspace       used 23303K, capacity 23886K, committed 24192K, reserved 1071104K
  class space    used 2411K, capacity 2631K, committed 2688K, reserved 1048576K
}
Event: 14724.865 GC heap after
{Heap after GC invocations=14361 (full 18):
 def new generation   total 2361024K, used 80386K [0x0000000080200000, 0x00000001203e0000, 0x0000000300150000)
  eden space 2098688K,   0% used [0x0000000080200000, 0x0000000080200000, 0x0000000100380000)
  from space 262336K,  30% used [0x0000000100380000, 0x0000000105200a70, 0x00000001103b0000)
  to   space 262336K,   0% used [0x00000001103b0000, 0x00000001103b0000, 0x00000001203e0000)
 tenured generation   total 5246628K, used 5206220K [0x0000000300150000, 0x00000004404f9000, 0x0000000800000000)
   the space 5246628K,  99% used [0x0000000300150000, 0x000000043dd83190, 0x000000043dd83200, 0x00000004404f9000)
 Metaspace       used 23303K, capacity 23886K, committed 24192K, reserved 1071104K
  class space    used 2411K, capacity 2631K, committed 2688K, reserved 1048576K
}
Event: 14726.183 GC heap before
{Heap before GC invocations=14361 (full 18):
 def new generation   total 2361024K, used 2179074K [0x0000000080200000, 0x00000001203e0000, 0x0000000300150000)
  eden space 2098688K, 100% used [0x0000000080200000, 0x0000000100380000, 0x0000000100380000)
  from space 262336K,  30% used [0x0000000100380000, 0x0000000105200a70, 0x00000001103b0000)
  to   space 262336K,   0% used [0x00000001103b0000, 0x00000001103b0000, 0x00000001203e0000)
 tenured generation   total 5246628K, used 5206220K [0x0000000300150000, 0x00000004404f9000, 0x0000000800000000)
   the space 5246628K,  99% used [0x0000000300150000, 0x000000043dd83190, 0x000000043dd83200, 0x00000004404f9000)
 Metaspace       used 23303K, capacity 23886K, committed 24192K, reserved 1071104K
  class space    used 2411K, capacity 2631K, committed 2688K, reserved 1048576K
}
Event: 14726.204 GC heap after
{Heap after GC invocations=14362 (full 18):
 def new generation   total 2361024K, used 65514K [0x0000000080200000, 0x00000001203e0000, 0x0000000300150000)
  eden space 2098688K,   0% used [0x0000000080200000, 0x0000000080200000, 0x0000000100380000)
  from space 262336K,  24% used [0x00000001103b0000, 0x00000001143aa838, 0x00000001203e0000)
  to   space 262336K,   0% used [0x0000000100380000, 0x0000000100380000, 0x00000001103b0000)
 tenured generation   total 5246628K, used 5206742K [0x0000000300150000, 0x00000004404f9000, 0x0000000800000000)
   the space 5246628K,  99% used [0x0000000300150000, 0x000000043de059e0, 0x000000043de05a00, 0x00000004404f9000)
 Metaspace       used 23303K, capacity 23886K, committed 24192K, reserved 1071104K
  class space    used 2411K, capacity 2631K, committed 2688K, reserved 1048576K
}
Event: 14727.505 GC heap before
{Heap before GC invocations=14362 (full 18):
 def new generation   total 2361024K, used 2164202K [0x0000000080200000, 0x00000001203e0000, 0x0000000300150000)
  eden space 2098688K, 100% used [0x0000000080200000, 0x0000000100380000, 0x0000000100380000)
  from space 262336K,  24% used [0x00000001103b0000, 0x00000001143aa838, 0x00000001203e0000)
  to   space 262336K,   0% used [0x0000000100380000, 0x0000000100380000, 0x00000001103b0000)
 tenured generation   total 5246628K, used 5206742K [0x0000000300150000, 0x00000004404f9000, 0x0000000800000000)
   the space 5246628K,  99% used [0x0000000300150000, 0x000000043de059e0, 0x000000043de05a00, 0x00000004404f9000)
 Metaspace       used 23303K, capacity 23886K, committed 24192K, reserved 1071104K
  class space    used 2411K, capacity 2631K, committed 2688K, reserved 1048576K
}
Event: 14727.533 GC heap after
{Heap after GC invocations=14363 (full 18):
 def new generation   total 2361024K, used 84527K [0x0000000080200000, 0x00000001203e0000, 0x0000000300150000)
  eden space 2098688K,   0% used [0x0000000080200000, 0x0000000080200000, 0x0000000100380000)
  from space 262336K,  32% used [0x0000000100380000, 0x000000010560be80, 0x00000001103b0000)
  to   space 262336K,   0% used [0x00000001103b0000, 0x00000001103b0000, 0x00000001203e0000)
 tenured generation   total 5246628K, used 5207261K [0x0000000300150000, 0x00000004404f9000, 0x0000000800000000)
   the space 5246628K,  99% used [0x0000000300150000, 0x000000043de87488, 0x000000043de87600, 0x00000004404f9000)
 Metaspace       used 23303K, capacity 23886K, committed 24192K, reserved 1071104K
  class space    used 2411K, capacity 2631K, committed 2688K, reserved 1048576K
}
Event: 14728.868 GC heap before
{Heap before GC invocations=14363 (full 18):
 def new generation   total 2361024K, used 2183215K [0x0000000080200000, 0x00000001203e0000, 0x0000000300150000)
  eden space 2098688K, 100% used [0x0000000080200000, 0x0000000100380000, 0x0000000100380000)
  from space 262336K,  32% used [0x0000000100380000, 0x000000010560be80, 0x00000001103b0000)
  to   space 262336K,   0% used [0x00000001103b0000, 0x00000001103b0000, 0x00000001203e0000)
 tenured generation   total 5246628K, used 5207261K [0x0000000300150000, 0x00000004404f9000, 0x0000000800000000)
   the space 5246628K,  99% used [0x0000000300150000, 0x000000043de87488, 0x000000043de87600, 0x00000004404f9000)
 Metaspace       used 23303K, capacity 23886K, committed 24192K, reserved 1071104K
  class space    used 2411K, capacity 2631K, committed 2688K, reserved 1048576K
}
Event: 14728.903 GC heap after
{Heap after GC invocations=14364 (full 18):
 def new generation   total 2361024K, used 70173K [0x0000000080200000, 0x00000001203e0000, 0x0000000300150000)
  eden space 2098688K,   0% used [0x0000000080200000, 0x0000000080200000, 0x0000000100380000)
  from space 262336K,  26% used [0x00000001103b0000, 0x00000001148374e0, 0x00000001203e0000)
  to   space 262336K,   0% used [0x0000000100380000, 0x0000000100380000, 0x00000001103b0000)
 tenured generation   total 5246628K, used 5207265K [0x0000000300150000, 0x00000004404f9000, 0x0000000800000000)
   the space 5246628K,  99% used [0x0000000300150000, 0x000000043de88440, 0x000000043de88600, 0x00000004404f9000)
 Metaspace       used 23303K, capacity 23886K, committed 24192K, reserved 1071104K
  class space    used 2411K, capacity 2631K, committed 2688K, reserved 1048576K
}
Event: 14730.159 GC heap before
{Heap before GC invocations=14364 (full 18):
 def new generation   total 2361024K, used 2168861K [0x0000000080200000, 0x00000001203e0000, 0x0000000300150000)
  eden space 2098688K, 100% used [0x0000000080200000, 0x0000000100380000, 0x0000000100380000)
  from space 262336K,  26% used [0x00000001103b0000, 0x00000001148374e0, 0x00000001203e0000)
  to   space 262336K,   0% used [0x0000000100380000, 0x0000000100380000, 0x00000001103b0000)
 tenured generation   total 5246628K, used 5207265K [0x0000000300150000, 0x00000004404f9000, 0x0000000800000000)
   the space 5246628K,  99% used [0x0000000300150000, 0x000000043de88440, 0x000000043de88600, 0x00000004404f9000)
 Metaspace       used 23303K, capacity 23886K, committed 24192K, reserved 1071104K
  class space    used 2411K, capacity 2631K, committed 2688K, reserved 1048576K
}
Event: 14730.190 GC heap after
{Heap after GC invocations=14365 (full 18):
 def new generation   total 2361024K, used 89695K [0x0000000080200000, 0x00000001203e0000, 0x0000000300150000)
  eden space 2098688K,   0% used [0x0000000080200000, 0x0000000080200000, 0x0000000100380000)
  from space 262336K,  34% used [0x0000000100380000, 0x0000000105b17de8, 0x00000001103b0000)
  to   space 262336K,   0% used [0x00000001103b0000, 0x00000001103b0000, 0x00000001203e0000)
 tenured generation   total 5246628K, used 5207273K [0x0000000300150000, 0x00000004404f9000, 0x0000000800000000)
   the space 5246628K,  99% used [0x0000000300150000, 0x000000043de8a4a8, 0x000000043de8a600, 0x00000004404f9000)
 Metaspace       used 23303K, capacity 23886K, committed 24192K, reserved 1071104K
  class space    used 2411K, capacity 2631K, committed 2688K, reserved 1048576K
}
Event: 14731.577 GC heap before
{Heap before GC invocations=14365 (full 18):
 def new generation   total 2361024K, used 2188383K [0x0000000080200000, 0x00000001203e0000, 0x0000000300150000)
  eden space 2098688K, 100% used [0x0000000080200000, 0x0000000100380000, 0x0000000100380000)
  from space 262336K,  34% used [0x0000000100380000, 0x0000000105b17de8, 0x00000001103b0000)
  to   space 262336K,   0% used [0x00000001103b0000, 0x00000001103b0000, 0x00000001203e0000)
 tenured generation   total 5246628K, used 5207273K [0x0000000300150000, 0x00000004404f9000, 0x0000000800000000)
   the space 5246628K,  99% used [0x0000000300150000, 0x000000043de8a4a8, 0x000000043de8a600, 0x00000004404f9000)
 Metaspace       used 23303K, capacity 23886K, committed 24192K, reserved 1071104K
  class space    used 2411K, capacity 2631K, committed 2688K, reserved 1048576K
}
Event: 14731.621 GC heap after
{Heap after GC invocations=14366 (full 18):
 def new generation   total 2361024K, used 38876K [0x0000000080200000, 0x00000001203e0000, 0x0000000300150000)
  eden space 2098688K,   0% used [0x0000000080200000, 0x0000000080200000, 0x0000000100380000)
  from space 262336K,  14% used [0x00000001103b0000, 0x00000001129a7270, 0x00000001203e0000)
  to   space 262336K,   0% used [0x0000000100380000, 0x0000000100380000, 0x00000001103b0000)
 tenured generation   total 5246628K, used 5243741K [0x0000000300150000, 0x00000004404f9000, 0x0000000800000000)
   the space 5246628K,  99% used [0x0000000300150000, 0x0000000440227638, 0x0000000440227800, 0x00000004404f9000)
 Metaspace       used 23303K, capacity 23886K, committed 24192K, reserved 1071104K
  class space    used 2411K, capacity 2631K, committed 2688K, reserved 1048576K
}
Event: 14732.845 GC heap before
{Heap before GC invocations=14366 (full 18):
 def new generation   total 2361024K, used 2137564K [0x0000000080200000, 0x00000001203e0000, 0x0000000300150000)
  eden space 2098688K, 100% used [0x0000000080200000, 0x0000000100380000, 0x0000000100380000)
  from space 262336K,  14% used [0x00000001103b0000, 0x00000001129a7270, 0x00000001203e0000)
  to   space 262336K,   0% used [0x0000000100380000, 0x0000000100380000, 0x00000001103b0000)
 tenured generation   total 5246628K, used 5243741K [0x0000000300150000, 0x00000004404f9000, 0x0000000800000000)
   the space 5246628K,  99% used [0x0000000300150000, 0x0000000440227638, 0x0000000440227800, 0x00000004404f9000)
 Metaspace       used 23303K, capacity 23886K, committed 24192K, reserved 1071104K
  class space    used 2411K, capacity 2631K, committed 2688K, reserved 1048576K
}
Event: 14732.862 GC heap after
{Heap after GC invocations=14367 (full 18):
 def new generation   total 2361024K, used 38876K [0x0000000080200000, 0x00000001203e0000, 0x0000000300150000)
  eden space 2098688K,   0% used [0x0000000080200000, 0x0000000080200000, 0x0000000100380000)
  from space 262336K,  14% used [0x0000000100380000, 0x0000000102977118, 0x00000001103b0000)
  to   space 262336K,   0% used [0x00000001103b0000, 0x00000001103b0000, 0x00000001203e0000)
 tenured generation   total 5246628K, used 5246332K [0x0000000300150000, 0x00000004404f9000, 0x0000000800000000)
   the space 5246628K,  99% used [0x0000000300150000, 0x00000004404af298, 0x00000004404af400, 0x00000004404f9000)
 Metaspace       used 23303K, capacity 23886K, committed 24192K, reserved 1071104K
  class space    used 2411K, capacity 2631K, committed 2688K, reserved 1048576K
}
Event: 14734.175 GC heap before
{Heap before GC invocations=14367 (full 18):
 def new generation   total 2361024K, used 2137564K [0x0000000080200000, 0x00000001203e0000, 0x0000000300150000)
  eden space 2098688K, 100% used [0x0000000080200000, 0x0000000100380000, 0x0000000100380000)
  from space 262336K,  14% used [0x0000000100380000, 0x0000000102977118, 0x00000001103b0000)
  to   space 262336K,   0% used [0x00000001103b0000, 0x00000001103b0000, 0x00000001203e0000)
 tenured generation   total 5246628K, used 5246332K [0x0000000300150000, 0x00000004404f9000, 0x0000000800000000)
   the space 5246628K,  99% used [0x0000000300150000, 0x00000004404af298, 0x00000004404af400, 0x00000004404f9000)
 Metaspace       used 23303K, capacity 23886K, committed 24192K, reserved 1071104K
  class space    used 2411K, capacity 2631K, committed 2688K, reserved 1048576K
}
Event: 14734.200 GC heap after
{Heap after GC invocations=14368 (full 18):
 def new generation   total 2361024K, used 56329K [0x0000000080200000, 0x00000001203e0000, 0x0000000300150000)
  eden space 2098688K,   0% used [0x0000000080200000, 0x0000000080200000, 0x0000000100380000)
  from space 262336K,  21% used [0x00000001103b0000, 0x0000000113ab2750, 0x00000001203e0000)
  to   space 262336K,   0% used [0x0000000100380000, 0x0000000100380000, 0x00000001103b0000)
 tenured generation   total 5248692K, used 5248411K [0x0000000300150000, 0x00000004406fd000, 0x0000000800000000)
   the space 5248692K,  99% used [0x0000000300150000, 0x00000004406b6dc0, 0x00000004406b6e00, 0x00000004406fd000)
 Metaspace       used 23303K, capacity 23886K, committed 24192K, reserved 1071104K
  class space    used 2411K, capacity 2631K, committed 2688K, reserved 1048576K
}
Event: 14734.200 GC heap before
{Heap before GC invocations=14368 (full 18):
 def new generation   total 2361024K, used 56329K [0x0000000080200000, 0x00000001203e0000, 0x0000000300150000)
  eden space 2098688K,   0% used [0x0000000080200000, 0x0000000080200000, 0x0000000100380000)
  from space 262336K,  21% used [0x00000001103b0000, 0x0000000113ab2750, 0x00000001203e0000)
  to   space 262336K,   0% used [0x0000000100380000, 0x0000000100380000, 0x00000001103b0000)
 tenured generation   total 5248692K, used 5248411K [0x0000000300150000, 0x00000004406fd000, 0x0000000800000000)
   the space 5248692K,  99% used [0x0000000300150000, 0x00000004406b6dc0, 0x00000004406b6e00, 0x00000004406fd000)
 Metaspace       used 23303K, capacity 23886K, committed 24192K, reserved 1071104K
  class space    used 2411K, capacity 2631K, committed 2688K, reserved 1048576K
}

