# JRE version: OpenJDK Runtime Environment (13.0.7+5) (build 13.0.7+5-Ubuntu-0ubuntu120.04)
# Java VM: OpenJDK 64-Bit Server VM (13.0.7+5-Ubuntu-0ubuntu120.04, mixed mode, tiered, compressed oops, serial gc, linux-amd64)
Heap:
 def new generation   total 2578496K, used 0K [0x0000000080200000, 0x000000012efd0000, 0x0000000300150000)
  eden space 2292032K,   0% used [0x0000000080200000, 0x0000000080200000, 0x000000010c050000)
  from space 286464K,   0% used [0x000000010c050000, 0x000000010c050000, 0x000000011d810000)
  to   space 286464K,   0% used [0x000000011d810000, 0x000000011d810000, 0x000000012efd0000)
 tenured generation   total 5746256K, used 3884979K [0x0000000300150000, 0x000000045ece4000, 0x0000000800000000)
   the space 5746256K,  67% used [0x0000000300150000, 0x00000003ed33cf78, 0x00000003ed33d000, 0x000000045ece4000)
 Metaspace       used 22727K, capacity 23231K, committed 23424K, reserved 1071104K
  class space    used 2354K, capacity 2568K, committed 2688K, reserved 1048576K
GC Heap History (20 events):
Event: 925.762 GC heap after
{Heap after GC invocations=785 (full 25):
 def new generation   total 2578496K, used 193994K [0x0000000080200000, 0x000000012efd0000, 0x0000000300150000)
  eden space 2292032K,   0% used [0x0000000080200000, 0x0000000080200000, 0x000000010c050000)
  from space 286464K,  67% used [0x000000011d810000, 0x0000000129582bc8, 0x000000012efd0000)
  to   space 286464K,   0% used [0x000000010c050000, 0x000000010c050000, 0x000000011d810000)
 tenured generation   total 5729868K, used 5654275K [0x0000000300150000, 0x000000045dce3000, 0x0000000800000000)
   the space 5729868K,  98% used [0x0000000300150000, 0x0000000459310c28, 0x0000000459310e00, 0x000000045dce3000)
 Metaspace       used 22727K, capacity 23231K, committed 23424K, reserved 1071104K
  class space    used 2354K, capacity 2568K, committed 2688K, reserved 1048576K
}
Event: 927.278 GC heap before
{Heap before GC invocations=785 (full 25):
 def new generation   total 2578496K, used 2486026K [0x0000000080200000, 0x000000012efd0000, 0x0000000300150000)
  eden space 2292032K, 100% used [0x0000000080200000, 0x000000010c050000, 0x000000010c050000)
  from space 286464K,  67% used [0x000000011d810000, 0x0000000129582bc8, 0x000000012efd0000)
  to   space 286464K,   0% used [0x000000010c050000, 0x000000010c050000, 0x000000011d810000)
 tenured generation   total 5729868K, used 5654275K [0x0000000300150000, 0x000000045dce3000, 0x0000000800000000)
   the space 5729868K,  98% used [0x0000000300150000, 0x0000000459310c28, 0x0000000459310e00, 0x000000045dce3000)
 Metaspace       used 22727K, capacity 23231K, committed 23424K, reserved 1071104K
  class space    used 2354K, capacity 2568K, committed 2688K, reserved 1048576K
}
Event: 927.315 GC heap after
{Heap after GC invocations=786 (full 25):
 def new generation   total 2578496K, used 59804K [0x0000000080200000, 0x000000012efd0000, 0x0000000300150000)
  eden space 2292032K,   0% used [0x0000000080200000, 0x0000000080200000, 0x000000010c050000)
  from space 286464K,  20% used [0x000000010c050000, 0x000000010fab7330, 0x000000011d810000)
  to   space 286464K,   0% used [0x000000011d810000, 0x000000011d810000, 0x000000012efd0000)
 tenured generation   total 5729868K, used 5671225K [0x0000000300150000, 0x000000045dce3000, 0x0000000800000000)
   the space 5729868K,  98% used [0x0000000300150000, 0x000000045a39e790, 0x000000045a39e800, 0x000000045dce3000)
 Metaspace       used 22727K, capacity 23231K, committed 23424K, reserved 1071104K
  class space    used 2354K, capacity 2568K, committed 2688K, reserved 1048576K
}
Event: 928.840 GC heap before
{Heap before GC invocations=786 (full 25):
 def new generation   total 2578496K, used 2351836K [0x0000000080200000, 0x000000012efd0000, 0x0000000300150000)
  eden space 2292032K, 100% used [0x0000000080200000, 0x000000010c050000, 0x000000010c050000)
  from space 286464K,  20% used [0x000000010c050000, 0x000000010fab7330, 0x000000011d810000)
  to   space 286464K,   0% used [0x000000011d810000, 0x000000011d810000, 0x000000012efd0000)
 tenured generation   total 5729868K, used 5671225K [0x0000000300150000, 0x000000045dce3000, 0x0000000800000000)
   the space 5729868K,  98% used [0x0000000300150000, 0x000000045a39e790, 0x000000045a39e800, 0x000000045dce3000)
 Metaspace       used 22727K, capacity 23231K, committed 23424K, reserved 1071104K
  class space    used 2354K, capacity 2568K, committed 2688K, reserved 1048576K
}
Event: 928.923 GC heap after
{Heap after GC invocations=787 (full 25):
 def new generation   total 2578496K, used 196585K [0x0000000080200000, 0x000000012efd0000, 0x0000000300150000)
  eden space 2292032K,   0% used [0x0000000080200000, 0x0000000080200000, 0x000000010c050000)
  from space 286464K,  68% used [0x000000011d810000, 0x000000012980a728, 0x000000012efd0000)
  to   space 286464K,   0% used [0x000000010c050000, 0x000000010c050000, 0x000000011d810000)
 tenured generation   total 5729868K, used 5671225K [0x0000000300150000, 0x000000045dce3000, 0x0000000800000000)
   the space 5729868K,  98% used [0x0000000300150000, 0x000000045a39e790, 0x000000045a39e800, 0x000000045dce3000)
 Metaspace       used 22727K, capacity 23231K, committed 23424K, reserved 1071104K
  class space    used 2354K, capacity 2568K, committed 2688K, reserved 1048576K
}
Event: 930.476 GC heap before
{Heap before GC invocations=787 (full 25):
 def new generation   total 2578496K, used 2488617K [0x0000000080200000, 0x000000012efd0000, 0x0000000300150000)
  eden space 2292032K, 100% used [0x0000000080200000, 0x000000010c050000, 0x000000010c050000)
  from space 286464K,  68% used [0x000000011d810000, 0x000000012980a728, 0x000000012efd0000)
  to   space 286464K,   0% used [0x000000010c050000, 0x000000010c050000, 0x000000011d810000)
 tenured generation   total 5729868K, used 5671225K [0x0000000300150000, 0x000000045dce3000, 0x0000000800000000)
   the space 5729868K,  98% used [0x0000000300150000, 0x000000045a39e790, 0x000000045a39e800, 0x000000045dce3000)
 Metaspace       used 22727K, capacity 23231K, committed 23424K, reserved 1071104K
  class space    used 2354K, capacity 2568K, committed 2688K, reserved 1048576K
}
Event: 930.523 GC heap after
{Heap after GC invocations=788 (full 25):
 def new generation   total 2578496K, used 62391K [0x0000000080200000, 0x000000012efd0000, 0x0000000300150000)
  eden space 2292032K,   0% used [0x0000000080200000, 0x0000000080200000, 0x000000010c050000)
  from space 286464K,  21% used [0x000000010c050000, 0x000000010fd3df80, 0x000000011d810000)
  to   space 286464K,   0% used [0x000000011d810000, 0x000000011d810000, 0x000000012efd0000)
 tenured generation   total 5729868K, used 5688176K [0x0000000300150000, 0x000000045dce3000, 0x0000000800000000)
   the space 5729868K,  99% used [0x0000000300150000, 0x000000045b42c2f8, 0x000000045b42c400, 0x000000045dce3000)
 Metaspace       used 22727K, capacity 23231K, committed 23424K, reserved 1071104K
  class space    used 2354K, capacity 2568K, committed 2688K, reserved 1048576K
}
Event: 932.081 GC heap before
{Heap before GC invocations=788 (full 25):
 def new generation   total 2578496K, used 2354423K [0x0000000080200000, 0x000000012efd0000, 0x0000000300150000)
  eden space 2292032K, 100% used [0x0000000080200000, 0x000000010c050000, 0x000000010c050000)
  from space 286464K,  21% used [0x000000010c050000, 0x000000010fd3df80, 0x000000011d810000)
  to   space 286464K,   0% used [0x000000011d810000, 0x000000011d810000, 0x000000012efd0000)
 tenured generation   total 5729868K, used 5688176K [0x0000000300150000, 0x000000045dce3000, 0x0000000800000000)
   the space 5729868K,  99% used [0x0000000300150000, 0x000000045b42c2f8, 0x000000045b42c400, 0x000000045dce3000)
 Metaspace       used 22727K, capacity 23231K, committed 23424K, reserved 1071104K
  class space    used 2354K, capacity 2568K, committed 2688K, reserved 1048576K
}
Event: 932.179 GC heap after
{Heap after GC invocations=789 (full 25):
 def new generation   total 2578496K, used 199679K [0x0000000080200000, 0x000000012efd0000, 0x0000000300150000)
  eden space 2292032K,   0% used [0x0000000080200000, 0x0000000080200000, 0x000000010c050000)
  from space 286464K,  69% used [0x000000011d810000, 0x0000000129b0ff28, 0x000000012efd0000)
  to   space 286464K,   0% used [0x000000010c050000, 0x000000010c050000, 0x000000011d810000)
 tenured generation   total 5729868K, used 5688176K [0x0000000300150000, 0x000000045dce3000, 0x0000000800000000)
   the space 5729868K,  99% used [0x0000000300150000, 0x000000045b42c2f8, 0x000000045b42c400, 0x000000045dce3000)
 Metaspace       used 22727K, capacity 23231K, committed 23424K, reserved 1071104K
  class space    used 2354K, capacity 2568K, committed 2688K, reserved 1048576K
}
Event: 933.751 GC heap before
{Heap before GC invocations=789 (full 25):
 def new generation   total 2578496K, used 2491711K [0x0000000080200000, 0x000000012efd0000, 0x0000000300150000)
  eden space 2292032K, 100% used [0x0000000080200000, 0x000000010c050000, 0x000000010c050000)
  from space 286464K,  69% used [0x000000011d810000, 0x0000000129b0ff28, 0x000000012efd0000)
  to   space 286464K,   0% used [0x000000010c050000, 0x000000010c050000, 0x000000011d810000)
 tenured generation   total 5729868K, used 5688176K [0x0000000300150000, 0x000000045dce3000, 0x0000000800000000)
   the space 5729868K,  99% used [0x0000000300150000, 0x000000045b42c2f8, 0x000000045b42c400, 0x000000045dce3000)
 Metaspace       used 22727K, capacity 23231K, committed 23424K, reserved 1071104K
  class space    used 2354K, capacity 2568K, committed 2688K, reserved 1048576K
}
Event: 933.792 GC heap after
{Heap after GC invocations=790 (full 25):
 def new generation   total 2578496K, used 64973K [0x0000000080200000, 0x000000012efd0000, 0x0000000300150000)
  eden space 2292032K,   0% used [0x0000000080200000, 0x0000000080200000, 0x000000010c050000)
  from space 286464K,  22% used [0x000000010c050000, 0x000000010ffc3580, 0x000000011d810000)
  to   space 286464K,   0% used [0x000000011d810000, 0x000000011d810000, 0x000000012efd0000)
 tenured generation   total 5729868K, used 5705127K [0x0000000300150000, 0x000000045dce3000, 0x0000000800000000)
   the space 5729868K,  99% used [0x0000000300150000, 0x000000045c4b9e60, 0x000000045c4ba000, 0x000000045dce3000)
 Metaspace       used 22727K, capacity 23231K, committed 23424K, reserved 1071104K
  class space    used 2354K, capacity 2568K, committed 2688K, reserved 1048576K
}
Event: 935.315 GC heap before
{Heap before GC invocations=790 (full 25):
 def new generation   total 2578496K, used 2357005K [0x0000000080200000, 0x000000012efd0000, 0x0000000300150000)
  eden space 2292032K, 100% used [0x0000000080200000, 0x000000010c050000, 0x000000010c050000)
  from space 286464K,  22% used [0x000000010c050000, 0x000000010ffc3580, 0x000000011d810000)
  to   space 286464K,   0% used [0x000000011d810000, 0x000000011d810000, 0x000000012efd0000)
 tenured generation   total 5729868K, used 5705127K [0x0000000300150000, 0x000000045dce3000, 0x0000000800000000)
   the space 5729868K,  99% used [0x0000000300150000, 0x000000045c4b9e60, 0x000000045c4ba000, 0x000000045dce3000)
 Metaspace       used 22727K, capacity 23231K, committed 23424K, reserved 1071104K
  class space    used 2354K, capacity 2568K, committed 2688K, reserved 1048576K
}
Event: 935.401 GC heap after
{Heap after GC invocations=791 (full 25):
 def new generation   total 2578496K, used 201758K [0x0000000080200000, 0x000000012efd0000, 0x0000000300150000)
  eden space 2292032K,   0% used [0x0000000080200000, 0x0000000080200000, 0x000000010c050000)
  from space 286464K,  70% used [0x000000011d810000, 0x0000000129d17960, 0x000000012efd0000)
  to   space 286464K,   0% used [0x000000010c050000, 0x000000010c050000, 0x000000011d810000)
 tenured generation   total 5729868K, used 5705127K [0x0000000300150000, 0x000000045dce3000, 0x0000000800000000)
   the space 5729868K,  99% used [0x0000000300150000, 0x000000045c4b9e60, 0x000000045c4ba000, 0x000000045dce3000)
 Metaspace       used 22727K, capacity 23231K, committed 23424K, reserved 1071104K
  class space    used 2354K, capacity 2568K, committed 2688K, reserved 1048576K
}
Event: 936.929 GC heap before
{Heap before GC invocations=791 (full 25):
 def new generation   total 2578496K, used 2493790K [0x0000000080200000, 0x000000012efd0000, 0x0000000300150000)
  eden space 2292032K, 100% used [0x0000000080200000, 0x000000010c050000, 0x000000010c050000)
  from space 286464K,  70% used [0x000000011d810000, 0x0000000129d17960, 0x000000012efd0000)
  to   space 286464K,   0% used [0x000000010c050000, 0x000000010c050000, 0x000000011d810000)
 tenured generation   total 5729868K, used 5705127K [0x0000000300150000, 0x000000045dce3000, 0x0000000800000000)
   the space 5729868K,  99% used [0x0000000300150000, 0x000000045c4b9e60, 0x000000045c4ba000, 0x000000045dce3000)
 Metaspace       used 22727K, capacity 23231K, committed 23424K, reserved 1071104K
  class space    used 2354K, capacity 2568K, committed 2688K, reserved 1048576K
}
Event: 936.969 GC heap after
{Heap after GC invocations=792 (full 25):
 def new generation   total 2578496K, used 67051K [0x0000000080200000, 0x000000012efd0000, 0x0000000300150000)
  eden space 2292032K,   0% used [0x0000000080200000, 0x0000000080200000, 0x000000010c050000)
  from space 286464K,  23% used [0x000000010c050000, 0x00000001101caf50, 0x000000011d810000)
  to   space 286464K,   0% used [0x000000011d810000, 0x000000011d810000, 0x000000012efd0000)
 tenured generation   total 5729868K, used 5722078K [0x0000000300150000, 0x000000045dce3000, 0x0000000800000000)
   the space 5729868K,  99% used [0x0000000300150000, 0x000000045d5479c8, 0x000000045d547a00, 0x000000045dce3000)
 Metaspace       used 22727K, capacity 23231K, committed 23424K, reserved 1071104K
  class space    used 2354K, capacity 2568K, committed 2688K, reserved 1048576K
}
Event: 938.526 GC heap before
{Heap before GC invocations=792 (full 25):
 def new generation   total 2578496K, used 2359083K [0x0000000080200000, 0x000000012efd0000, 0x0000000300150000)
  eden space 2292032K, 100% used [0x0000000080200000, 0x000000010c050000, 0x000000010c050000)
  from space 286464K,  23% used [0x000000010c050000, 0x00000001101caf50, 0x000000011d810000)
  to   space 286464K,   0% used [0x000000011d810000, 0x000000011d810000, 0x000000012efd0000)
 tenured generation   total 5729868K, used 5722078K [0x0000000300150000, 0x000000045dce3000, 0x0000000800000000)
   the space 5729868K,  99% used [0x0000000300150000, 0x000000045d5479c8, 0x000000045d547a00, 0x000000045dce3000)
 Metaspace       used 22727K, capacity 23231K, committed 23424K, reserved 1071104K
  class space    used 2354K, capacity 2568K, committed 2688K, reserved 1048576K
}
Event: 938.619 GC heap after
{Heap after GC invocations=793 (full 25):
 def new generation   total 2578496K, used 203844K [0x0000000080200000, 0x000000012efd0000, 0x0000000300150000)
  eden space 2292032K,   0% used [0x0000000080200000, 0x0000000080200000, 0x000000010c050000)
  from space 286464K,  71% used [0x000000011d810000, 0x0000000129f211c8, 0x000000012efd0000)
  to   space 286464K,   0% used [0x000000010c050000, 0x000000010c050000, 0x000000011d810000)
 tenured generation   total 5729868K, used 5722078K [0x0000000300150000, 0x000000045dce3000, 0x0000000800000000)
   the space 5729868K,  99% used [0x0000000300150000, 0x000000045d5479c8, 0x000000045d547a00, 0x000000045dce3000)
 Metaspace       used 22727K, capacity 23231K, committed 23424K, reserved 1071104K
  class space    used 2354K, capacity 2568K, committed 2688K, reserved 1048576K
}
Event: 940.199 GC heap before
{Heap before GC invocations=793 (full 25):
 def new generation   total 2578496K, used 2495876K [0x0000000080200000, 0x000000012efd0000, 0x0000000300150000)
  eden space 2292032K, 100% used [0x0000000080200000, 0x000000010c050000, 0x000000010c050000)
  from space 286464K,  71% used [0x000000011d810000, 0x0000000129f211c8, 0x000000012efd0000)
  to   space 286464K,   0% used [0x000000010c050000, 0x000000010c050000, 0x000000011d810000)
 tenured generation   total 5729868K, used 5722078K [0x0000000300150000, 0x000000045dce3000, 0x0000000800000000)
   the space 5729868K,  99% used [0x0000000300150000, 0x000000045d5479c8, 0x000000045d547a00, 0x000000045dce3000)
 Metaspace       used 22727K, capacity 23231K, committed 23424K, reserved 1071104K
  class space    used 2354K, capacity 2568K, committed 2688K, reserved 1048576K
}
Event: 940.306 GC heap after
{Heap after GC invocations=794 (full 25):
 def new generation   total 2578496K, used 69653K [0x0000000080200000, 0x000000012efd0000, 0x0000000300150000)
  eden space 2292032K,   0% used [0x0000000080200000, 0x0000000080200000, 0x000000010c050000)
  from space 286464K,  24% used [0x000000010c050000, 0x0000000110455748, 0x000000011d810000)
  to   space 286464K,   0% used [0x000000011d810000, 0x000000011d810000, 0x000000012efd0000)
 tenured generation   total 5746256K, used 5739029K [0x0000000300150000, 0x000000045ece4000, 0x0000000800000000)
   the space 5746256K,  99% used [0x0000000300150000, 0x000000045e5d5530, 0x000000045e5d5600, 0x000000045ece4000)
 Metaspace       used 22727K, capacity 23231K, committed 23424K, reserved 1071104K
  class space    used 2354K, capacity 2568K, committed 2688K, reserved 1048576K
}
Event: 940.306 GC heap before
{Heap before GC invocations=794 (full 25):
 def new generation   total 2578496K, used 69653K [0x0000000080200000, 0x000000012efd0000, 0x0000000300150000)
  eden space 2292032K,   0% used [0x0000000080200000, 0x0000000080200000, 0x000000010c050000)
  from space 286464K,  24% used [0x000000010c050000, 0x0000000110455748, 0x000000011d810000)
  to   space 286464K,   0% used [0x000000011d810000, 0x000000011d810000, 0x000000012efd0000)
 tenured generation   total 5746256K, used 5739029K [0x0000000300150000, 0x000000045ece4000, 0x0000000800000000)
   the space 5746256K,  99% used [0x0000000300150000, 0x000000045e5d5530, 0x000000045e5d5600, 0x000000045ece4000)
 Metaspace       used 22727K, capacity 23231K, committed 23424K, reserved 1071104K
  class space    used 2354K, capacity 2568K, committed 2688K, reserved 1048576K
}

