# JRE version: OpenJDK Runtime Environment (13.0.7+5) (build 13.0.7+5-Ubuntu-0ubuntu120.04)
# Java VM: OpenJDK 64-Bit Server VM (13.0.7+5-Ubuntu-0ubuntu120.04, mixed mode, tiered, compressed oops, serial gc, linux-amd64)
Heap:
 def new generation   total 1617408K, used 0K [0x0000000080200000, 0x00000000edcf0000, 0x0000000300150000)
  eden space 1437760K,   0% used [0x0000000080200000, 0x0000000080200000, 0x00000000d7e10000)
  from space 179648K,   0% used [0x00000000d7e10000, 0x00000000d7e10000, 0x00000000e2d80000)
  to   space 179648K,   0% used [0x00000000e2d80000, 0x00000000e2d80000, 0x00000000edcf0000)
 tenured generation   total 3595120K, used 2403262K [0x0000000300150000, 0x00000003db82c000, 0x0000000800000000)
   the space 3595120K,  66% used [0x0000000300150000, 0x0000000392c3f968, 0x0000000392c3fa00, 0x00000003db82c000)
 Metaspace       used 23327K, capacity 23894K, committed 24192K, reserved 1071104K
  class space    used 2388K, capacity 2585K, committed 2688K, reserved 1048576K
GC Heap History (20 events):
Event: 46054.270 GC heap after
{Heap after GC invocations=31279 (full 34):
 def new generation   total 1617408K, used 26953K [0x0000000080200000, 0x00000000edcf0000, 0x0000000300150000)
  eden space 1437760K,   0% used [0x0000000080200000, 0x0000000080200000, 0x00000000d7e10000)
  from space 179648K,  15% used [0x00000000e2d80000, 0x00000000e47d2528, 0x00000000edcf0000)
  to   space 179648K,   0% used [0x00000000d7e10000, 0x00000000d7e10000, 0x00000000e2d80000)
 tenured generation   total 3594088K, used 3578862K [0x0000000300150000, 0x00000003db72a000, 0x0000000800000000)
   the space 3594088K,  99% used [0x0000000300150000, 0x00000003da84bab0, 0x00000003da84bc00, 0x00000003db72a000)
 Metaspace       used 23327K, capacity 23894K, committed 24192K, reserved 1071104K
  class space    used 2388K, capacity 2585K, committed 2688K, reserved 1048576K
}
Event: 46056.610 GC heap before
{Heap before GC invocations=31279 (full 34):
 def new generation   total 1617408K, used 1464184K [0x0000000080200000, 0x00000000edcf0000, 0x0000000300150000)
  eden space 1437760K,  99% used [0x0000000080200000, 0x00000000d7d8bb50, 0x00000000d7e10000)
  from space 179648K,  15% used [0x00000000e2d80000, 0x00000000e47d2528, 0x00000000edcf0000)
  to   space 179648K,   0% used [0x00000000d7e10000, 0x00000000d7e10000, 0x00000000e2d80000)
 tenured generation   total 3594088K, used 3578862K [0x0000000300150000, 0x00000003db72a000, 0x0000000800000000)
   the space 3594088K,  99% used [0x0000000300150000, 0x00000003da84bab0, 0x00000003da84bc00, 0x00000003db72a000)
 Metaspace       used 23327K, capacity 23894K, committed 24192K, reserved 1071104K
  class space    used 2388K, capacity 2585K, committed 2688K, reserved 1048576K
}
Event: 46056.664 GC heap after
{Heap after GC invocations=31280 (full 34):
 def new generation   total 1617408K, used 35687K [0x0000000080200000, 0x00000000edcf0000, 0x0000000300150000)
  eden space 1437760K,   0% used [0x0000000080200000, 0x0000000080200000, 0x00000000d7e10000)
  from space 179648K,  19% used [0x00000000d7e10000, 0x00000000da0e9fc8, 0x00000000e2d80000)
  to   space 179648K,   0% used [0x00000000e2d80000, 0x00000000e2d80000, 0x00000000edcf0000)
 tenured generation   total 3594088K, used 3580418K [0x0000000300150000, 0x00000003db72a000, 0x0000000800000000)
   the space 3594088K,  99% used [0x0000000300150000, 0x00000003da9d0bd0, 0x00000003da9d0c00, 0x00000003db72a000)
 Metaspace       used 23327K, capacity 23894K, committed 24192K, reserved 1071104K
  class space    used 2388K, capacity 2585K, committed 2688K, reserved 1048576K
}
Event: 46059.022 GC heap before
{Heap before GC invocations=31280 (full 34):
 def new generation   total 1617408K, used 1473447K [0x0000000080200000, 0x00000000edcf0000, 0x0000000300150000)
  eden space 1437760K, 100% used [0x0000000080200000, 0x00000000d7e10000, 0x00000000d7e10000)
  from space 179648K,  19% used [0x00000000d7e10000, 0x00000000da0e9fc8, 0x00000000e2d80000)
  to   space 179648K,   0% used [0x00000000e2d80000, 0x00000000e2d80000, 0x00000000edcf0000)
 tenured generation   total 3594088K, used 3580418K [0x0000000300150000, 0x00000003db72a000, 0x0000000800000000)
   the space 3594088K,  99% used [0x0000000300150000, 0x00000003da9d0bd0, 0x00000003da9d0c00, 0x00000003db72a000)
 Metaspace       used 23327K, capacity 23894K, committed 24192K, reserved 1071104K
  class space    used 2388K, capacity 2585K, committed 2688K, reserved 1048576K
}
Event: 46059.077 GC heap after
{Heap after GC invocations=31281 (full 34):
 def new generation   total 1617408K, used 43896K [0x0000000080200000, 0x00000000edcf0000, 0x0000000300150000)
  eden space 1437760K,   0% used [0x0000000080200000, 0x0000000080200000, 0x00000000d7e10000)
  from space 179648K,  24% used [0x00000000e2d80000, 0x00000000e585e350, 0x00000000edcf0000)
  to   space 179648K,   0% used [0x00000000d7e10000, 0x00000000d7e10000, 0x00000000e2d80000)
 tenured generation   total 3594088K, used 3582487K [0x0000000300150000, 0x00000003db72a000, 0x0000000800000000)
   the space 3594088K,  99% used [0x0000000300150000, 0x00000003dabd5cf8, 0x00000003dabd5e00, 0x00000003db72a000)
 Metaspace       used 23327K, capacity 23894K, committed 24192K, reserved 1071104K
  class space    used 2388K, capacity 2585K, committed 2688K, reserved 1048576K
}
Event: 46061.445 GC heap before
{Heap before GC invocations=31281 (full 34):
 def new generation   total 1617408K, used 1481656K [0x0000000080200000, 0x00000000edcf0000, 0x0000000300150000)
  eden space 1437760K, 100% used [0x0000000080200000, 0x00000000d7e10000, 0x00000000d7e10000)
  from space 179648K,  24% used [0x00000000e2d80000, 0x00000000e585e350, 0x00000000edcf0000)
  to   space 179648K,   0% used [0x00000000d7e10000, 0x00000000d7e10000, 0x00000000e2d80000)
 tenured generation   total 3594088K, used 3582487K [0x0000000300150000, 0x00000003db72a000, 0x0000000800000000)
   the space 3594088K,  99% used [0x0000000300150000, 0x00000003dabd5cf8, 0x00000003dabd5e00, 0x00000003db72a000)
 Metaspace       used 23327K, capacity 23894K, committed 24192K, reserved 1071104K
  class space    used 2388K, capacity 2585K, committed 2688K, reserved 1048576K
}
Event: 46061.489 GC heap after
{Heap after GC invocations=31282 (full 34):
 def new generation   total 1617408K, used 26955K [0x0000000080200000, 0x00000000edcf0000, 0x0000000300150000)
  eden space 1437760K,   0% used [0x0000000080200000, 0x0000000080200000, 0x00000000d7e10000)
  from space 179648K,  15% used [0x00000000d7e10000, 0x00000000d9862c48, 0x00000000e2d80000)
  to   space 179648K,   0% used [0x00000000e2d80000, 0x00000000e2d80000, 0x00000000edcf0000)
 tenured generation   total 3594088K, used 3584045K [0x0000000300150000, 0x00000003db72a000, 0x0000000800000000)
   the space 3594088K,  99% used [0x0000000300150000, 0x00000003dad5b6e0, 0x00000003dad5b800, 0x00000003db72a000)
 Metaspace       used 23327K, capacity 23894K, committed 24192K, reserved 1071104K
  class space    used 2388K, capacity 2585K, committed 2688K, reserved 1048576K
}
Event: 46063.820 GC heap before
{Heap before GC invocations=31282 (full 34):
 def new generation   total 1617408K, used 1463823K [0x0000000080200000, 0x00000000edcf0000, 0x0000000300150000)
  eden space 1437760K,  99% used [0x0000000080200000, 0x00000000d7d30fd8, 0x00000000d7e10000)
  from space 179648K,  15% used [0x00000000d7e10000, 0x00000000d9862c48, 0x00000000e2d80000)
  to   space 179648K,   0% used [0x00000000e2d80000, 0x00000000e2d80000, 0x00000000edcf0000)
 tenured generation   total 3594088K, used 3584045K [0x0000000300150000, 0x00000003db72a000, 0x0000000800000000)
   the space 3594088K,  99% used [0x0000000300150000, 0x00000003dad5b6e0, 0x00000003dad5b800, 0x00000003db72a000)
 Metaspace       used 23327K, capacity 23894K, committed 24192K, reserved 1071104K
  class space    used 2388K, capacity 2585K, committed 2688K, reserved 1048576K
}
Event: 46063.872 GC heap after
{Heap after GC invocations=31283 (full 34):
 def new generation   total 1617408K, used 35176K [0x0000000080200000, 0x00000000edcf0000, 0x0000000300150000)
  eden space 1437760K,   0% used [0x0000000080200000, 0x0000000080200000, 0x00000000d7e10000)
  from space 179648K,  19% used [0x00000000e2d80000, 0x00000000e4fda048, 0x00000000edcf0000)
  to   space 179648K,   0% used [0x00000000d7e10000, 0x00000000d7e10000, 0x00000000e2d80000)
 tenured generation   total 3594088K, used 3586113K [0x0000000300150000, 0x00000003db72a000, 0x0000000800000000)
   the space 3594088K,  99% used [0x0000000300150000, 0x00000003daf60720, 0x00000003daf60800, 0x00000003db72a000)
 Metaspace       used 23327K, capacity 23894K, committed 24192K, reserved 1071104K
  class space    used 2388K, capacity 2585K, committed 2688K, reserved 1048576K
}
Event: 46066.282 GC heap before
{Heap before GC invocations=31283 (full 34):
 def new generation   total 1617408K, used 1472936K [0x0000000080200000, 0x00000000edcf0000, 0x0000000300150000)
  eden space 1437760K, 100% used [0x0000000080200000, 0x00000000d7e10000, 0x00000000d7e10000)
  from space 179648K,  19% used [0x00000000e2d80000, 0x00000000e4fda048, 0x00000000edcf0000)
  to   space 179648K,   0% used [0x00000000d7e10000, 0x00000000d7e10000, 0x00000000e2d80000)
 tenured generation   total 3594088K, used 3586113K [0x0000000300150000, 0x00000003db72a000, 0x0000000800000000)
   the space 3594088K,  99% used [0x0000000300150000, 0x00000003daf60720, 0x00000003daf60800, 0x00000003db72a000)
 Metaspace       used 23327K, capacity 23894K, committed 24192K, reserved 1071104K
  class space    used 2388K, capacity 2585K, committed 2688K, reserved 1048576K
}
Event: 46066.335 GC heap after
{Heap after GC invocations=31284 (full 34):
 def new generation   total 1617408K, used 43896K [0x0000000080200000, 0x00000000edcf0000, 0x0000000300150000)
  eden space 1437760K,   0% used [0x0000000080200000, 0x0000000080200000, 0x00000000d7e10000)
  from space 179648K,  24% used [0x00000000d7e10000, 0x00000000da8ee360, 0x00000000e2d80000)
  to   space 179648K,   0% used [0x00000000e2d80000, 0x00000000e2d80000, 0x00000000edcf0000)
 tenured generation   total 3594088K, used 3587670K [0x0000000300150000, 0x00000003db72a000, 0x0000000800000000)
   the space 3594088K,  99% used [0x0000000300150000, 0x00000003db0e5858, 0x00000003db0e5a00, 0x00000003db72a000)
 Metaspace       used 23327K, capacity 23894K, committed 24192K, reserved 1071104K
  class space    used 2388K, capacity 2585K, committed 2688K, reserved 1048576K
}
Event: 46068.739 GC heap before
{Heap before GC invocations=31284 (full 34):
 def new generation   total 1617408K, used 1481656K [0x0000000080200000, 0x00000000edcf0000, 0x0000000300150000)
  eden space 1437760K, 100% used [0x0000000080200000, 0x00000000d7e10000, 0x00000000d7e10000)
  from space 179648K,  24% used [0x00000000d7e10000, 0x00000000da8ee360, 0x00000000e2d80000)
  to   space 179648K,   0% used [0x00000000e2d80000, 0x00000000e2d80000, 0x00000000edcf0000)
 tenured generation   total 3594088K, used 3587670K [0x0000000300150000, 0x00000003db72a000, 0x0000000800000000)
   the space 3594088K,  99% used [0x0000000300150000, 0x00000003db0e5858, 0x00000003db0e5a00, 0x00000003db72a000)
 Metaspace       used 23327K, capacity 23894K, committed 24192K, reserved 1071104K
  class space    used 2388K, capacity 2585K, committed 2688K, reserved 1048576K
}
Event: 46068.777 GC heap after
{Heap after GC invocations=31285 (full 34):
 def new generation   total 1617408K, used 26955K [0x0000000080200000, 0x00000000edcf0000, 0x0000000300150000)
  eden space 1437760K,   0% used [0x0000000080200000, 0x0000000080200000, 0x00000000d7e10000)
  from space 179648K,  15% used [0x00000000e2d80000, 0x00000000e47d2ca8, 0x00000000edcf0000)
  to   space 179648K,   0% used [0x00000000d7e10000, 0x00000000d7e10000, 0x00000000e2d80000)
 tenured generation   total 3594088K, used 3589228K [0x0000000300150000, 0x00000003db72a000, 0x0000000800000000)
   the space 3594088K,  99% used [0x0000000300150000, 0x00000003db26b2b0, 0x00000003db26b400, 0x00000003db72a000)
 Metaspace       used 23327K, capacity 23894K, committed 24192K, reserved 1071104K
  class space    used 2388K, capacity 2585K, committed 2688K, reserved 1048576K
}
Event: 46071.233 GC heap before
{Heap before GC invocations=31285 (full 34):
 def new generation   total 1617408K, used 1459566K [0x0000000080200000, 0x00000000edcf0000, 0x0000000300150000)
  eden space 1437760K,  99% used [0x0000000080200000, 0x00000000d7908cb8, 0x00000000d7e10000)
  from space 179648K,  15% used [0x00000000e2d80000, 0x00000000e47d2ca8, 0x00000000edcf0000)
  to   space 179648K,   0% used [0x00000000d7e10000, 0x00000000d7e10000, 0x00000000e2d80000)
 tenured generation   total 3594088K, used 3589228K [0x0000000300150000, 0x00000003db72a000, 0x0000000800000000)
   the space 3594088K,  99% used [0x0000000300150000, 0x00000003db26b2b0, 0x00000003db26b400, 0x00000003db72a000)
 Metaspace       used 23327K, capacity 23894K, committed 24192K, reserved 1071104K
  class space    used 2388K, capacity 2585K, committed 2688K, reserved 1048576K
}
Event: 46071.284 GC heap after
{Heap after GC invocations=31286 (full 34):
 def new generation   total 1617408K, used 43896K [0x0000000080200000, 0x00000000edcf0000, 0x0000000300150000)
  eden space 1437760K,   0% used [0x0000000080200000, 0x0000000080200000, 0x00000000d7e10000)
  from space 179648K,  24% used [0x00000000d7e10000, 0x00000000da8ee360, 0x00000000e2d80000)
  to   space 179648K,   0% used [0x00000000e2d80000, 0x00000000e2d80000, 0x00000000edcf0000)
 tenured generation   total 3594088K, used 3591296K [0x0000000300150000, 0x00000003db72a000, 0x0000000800000000)
   the space 3594088K,  99% used [0x0000000300150000, 0x00000003db470280, 0x00000003db470400, 0x00000003db72a000)
 Metaspace       used 23327K, capacity 23894K, committed 24192K, reserved 1071104K
  class space    used 2388K, capacity 2585K, committed 2688K, reserved 1048576K
}
Event: 46073.709 GC heap before
{Heap before GC invocations=31286 (full 34):
 def new generation   total 1617408K, used 1481656K [0x0000000080200000, 0x00000000edcf0000, 0x0000000300150000)
  eden space 1437760K, 100% used [0x0000000080200000, 0x00000000d7e10000, 0x00000000d7e10000)
  from space 179648K,  24% used [0x00000000d7e10000, 0x00000000da8ee360, 0x00000000e2d80000)
  to   space 179648K,   0% used [0x00000000e2d80000, 0x00000000e2d80000, 0x00000000edcf0000)
 tenured generation   total 3594088K, used 3591296K [0x0000000300150000, 0x00000003db72a000, 0x0000000800000000)
   the space 3594088K,  99% used [0x0000000300150000, 0x00000003db470280, 0x00000003db470400, 0x00000003db72a000)
 Metaspace       used 23327K, capacity 23894K, committed 24192K, reserved 1071104K
  class space    used 2388K, capacity 2585K, committed 2688K, reserved 1048576K
}
Event: 46073.766 GC heap after
{Heap after GC invocations=31287 (full 34):
 def new generation   total 1617408K, used 43378K [0x0000000080200000, 0x00000000edcf0000, 0x0000000300150000)
  eden space 1437760K,   0% used [0x0000000080200000, 0x0000000080200000, 0x00000000d7e10000)
  from space 179648K,  24% used [0x00000000e2d80000, 0x00000000e57dca28, 0x00000000edcf0000)
  to   space 179648K,   0% used [0x00000000d7e10000, 0x00000000d7e10000, 0x00000000e2d80000)
 tenured generation   total 3594088K, used 3592855K [0x0000000300150000, 0x00000003db72a000, 0x0000000800000000)
   the space 3594088K,  99% used [0x0000000300150000, 0x00000003db5f5c08, 0x00000003db5f5e00, 0x00000003db72a000)
 Metaspace       used 23327K, capacity 23894K, committed 24192K, reserved 1071104K
  class space    used 2388K, capacity 2585K, committed 2688K, reserved 1048576K
}
Event: 46076.171 GC heap before
{Heap before GC invocations=31287 (full 34):
 def new generation   total 1617408K, used 1481138K [0x0000000080200000, 0x00000000edcf0000, 0x0000000300150000)
  eden space 1437760K, 100% used [0x0000000080200000, 0x00000000d7e10000, 0x00000000d7e10000)
  from space 179648K,  24% used [0x00000000e2d80000, 0x00000000e57dca28, 0x00000000edcf0000)
  to   space 179648K,   0% used [0x00000000d7e10000, 0x00000000d7e10000, 0x00000000e2d80000)
 tenured generation   total 3594088K, used 3592855K [0x0000000300150000, 0x00000003db72a000, 0x0000000800000000)
   the space 3594088K,  99% used [0x0000000300150000, 0x00000003db5f5c08, 0x00000003db5f5e00, 0x00000003db72a000)
 Metaspace       used 23327K, capacity 23894K, committed 24192K, reserved 1071104K
  class space    used 2388K, capacity 2585K, committed 2688K, reserved 1048576K
}
Event: 46076.215 GC heap after
{Heap after GC invocations=31288 (full 34):
 def new generation   total 1617408K, used 26443K [0x0000000080200000, 0x00000000edcf0000, 0x0000000300150000)
  eden space 1437760K,   0% used [0x0000000080200000, 0x0000000080200000, 0x00000000d7e10000)
  from space 179648K,  14% used [0x00000000d7e10000, 0x00000000d97e2d28, 0x00000000e2d80000)
  to   space 179648K,   0% used [0x00000000e2d80000, 0x00000000e2d80000, 0x00000000edcf0000)
 tenured generation   total 3595120K, used 3594923K [0x0000000300150000, 0x00000003db82c000, 0x0000000800000000)
   the space 3595120K,  99% used [0x0000000300150000, 0x00000003db7fae00, 0x00000003db7fae00, 0x00000003db82c000)
 Metaspace       used 23327K, capacity 23894K, committed 24192K, reserved 1071104K
  class space    used 2388K, capacity 2585K, committed 2688K, reserved 1048576K
}
Event: 46076.215 GC heap before
{Heap before GC invocations=31288 (full 34):
 def new generation   total 1617408K, used 26443K [0x0000000080200000, 0x00000000edcf0000, 0x0000000300150000)
  eden space 1437760K,   0% used [0x0000000080200000, 0x0000000080200000, 0x00000000d7e10000)
  from space 179648K,  14% used [0x00000000d7e10000, 0x00000000d97e2d28, 0x00000000e2d80000)
  to   space 179648K,   0% used [0x00000000e2d80000, 0x00000000e2d80000, 0x00000000edcf0000)
 tenured generation   total 3595120K, used 3594923K [0x0000000300150000, 0x00000003db82c000, 0x0000000800000000)
   the space 3595120K,  99% used [0x0000000300150000, 0x00000003db7fae00, 0x00000003db7fae00, 0x00000003db82c000)
 Metaspace       used 23327K, capacity 23894K, committed 24192K, reserved 1071104K
  class space    used 2388K, capacity 2585K, committed 2688K, reserved 1048576K
}

