# JRE version: OpenJDK Runtime Environment (13.0.7+5) (build 13.0.7+5-Ubuntu-0ubuntu120.04)
# Java VM: OpenJDK 64-Bit Server VM (13.0.7+5-Ubuntu-0ubuntu120.04, mixed mode, tiered, serial gc, linux-amd64)
Heap:
 def new generation   total 6692288K, used 4312590K [0x00007f9a58600000, 0x00007f9c1e390000, 0x00007f9fadb50000)
  eden space 5948736K,  72% used [0x00007f9a58600000, 0x00007f9b5f983768, 0x00007f9bc3750000)
  from space 743552K,   0% used [0x00007f9bf0d70000, 0x00007f9bf0d702b0, 0x00007f9c1e390000)
  to   space 743552K,   0% used [0x00007f9bc3750000, 0x00007f9bc3750350, 0x00007f9bf0d70000)
 tenured generation   total 14871604K, used 13642012K [0x00007f9fadb50000, 0x00007fa33965d000, 0x00007faa58600000)
   the space 14871604K,  91% used [0x00007f9fadb50000, 0x00007fa2ee5971d0, 0x00007fa2ee597200, 0x00007fa33965d000)
 Metaspace       used 23340K, capacity 23672K, committed 23808K, reserved 24576K
GC Heap History (20 events):
Event: 80.851 GC heap after
{Heap after GC invocations=17 (full 8):
 def new generation   total 6692160K, used 567817K [0x00007f9a58600000, 0x00007f9c1e370000, 0x00007f9fadb50000)
  eden space 5948608K,   0% used [0x00007f9a58600000, 0x00007f9a58600000, 0x00007f9bc3730000)
  from space 743552K,  76% used [0x00007f9bf0d50000, 0x00007f9c137d24c0, 0x00007f9c1e370000)
  to   space 743552K,   0% used [0x00007f9bc3730000, 0x00007f9bc3730000, 0x00007f9bf0d50000)
 tenured generation   total 14871396K, used 8398256K [0x00007f9fadb50000, 0x00007fa339629000, 0x00007faa58600000)
   the space 14871396K,  56% used [0x00007f9fadb50000, 0x00007fa1ae4bc2c0, 0x00007fa1ae4bc400, 0x00007fa339629000)
 Metaspace       used 23306K, capacity 23669K, committed 23808K, reserved 24576K
}
Event: 81.953 GC heap before
{Heap before GC invocations=17 (full 8):
 def new generation   total 6692160K, used 2572276K [0x00007f9a58600000, 0x00007f9c1e370000, 0x00007f9fadb50000)
  eden space 5948608K,  33% used [0x00007f9a58600000, 0x00007f9ad2b7aef0, 0x00007f9bc3730000)
  from space 743552K,  76% used [0x00007f9bf0d50000, 0x00007f9c137d24c0, 0x00007f9c1e370000)
  to   space 743552K,   0% used [0x00007f9bc3730000, 0x00007f9bc3730000, 0x00007f9bf0d50000)
 tenured generation   total 14871396K, used 8398256K [0x00007f9fadb50000, 0x00007fa339629000, 0x00007faa58600000)
   the space 14871396K,  56% used [0x00007f9fadb50000, 0x00007fa1ae4bc2c0, 0x00007fa1ae4bc400, 0x00007fa339629000)
 Metaspace       used 23326K, capacity 23670K, committed 23808K, reserved 24576K
}
Event: 82.126 GC heap after
{Heap after GC invocations=18 (full 8):
 def new generation   total 6692160K, used 525465K [0x00007f9a58600000, 0x00007f9c1e370000, 0x00007f9fadb50000)
  eden space 5948608K,   0% used [0x00007f9a58600000, 0x00007f9a58600000, 0x00007f9bc3730000)
  from space 743552K,  70% used [0x00007f9bc3730000, 0x00007f9be38567b8, 0x00007f9bf0d50000)
  to   space 743552K,   0% used [0x00007f9bf0d50000, 0x00007f9bf0d50000, 0x00007f9c1e370000)
 tenured generation   total 14871396K, used 8966069K [0x00007f9fadb50000, 0x00007fa339629000, 0x00007faa58600000)
   the space 14871396K,  60% used [0x00007f9fadb50000, 0x00007fa1d0f3d4f8, 0x00007fa1d0f3d600, 0x00007fa339629000)
 Metaspace       used 23326K, capacity 23670K, committed 23808K, reserved 24576K
}
Event: 82.126 GC heap before
{Heap before GC invocations=18 (full 8):
 def new generation   total 6692160K, used 525465K [0x00007f9a58600000, 0x00007f9c1e370000, 0x00007f9fadb50000)
  eden space 5948608K,   0% used [0x00007f9a58600000, 0x00007f9a58600000, 0x00007f9bc3730000)
  from space 743552K,  70% used [0x00007f9bc3730000, 0x00007f9be38567b8, 0x00007f9bf0d50000)
  to   space 743552K,   0% used [0x00007f9bf0d50000, 0x00007f9bf0d50000, 0x00007f9c1e370000)
 tenured generation   total 14871396K, used 8966069K [0x00007f9fadb50000, 0x00007fa339629000, 0x00007faa58600000)
   the space 14871396K,  60% used [0x00007f9fadb50000, 0x00007fa1d0f3d4f8, 0x00007fa1d0f3d600, 0x00007fa339629000)
 Metaspace       used 23326K, capacity 23670K, committed 23808K, reserved 24576K
}
Event: 82.222 GC heap after
{Heap after GC invocations=18 (full 9):
 def new generation   total 6692160K, used 0K [0x00007f9a58600000, 0x00007f9c1e370000, 0x00007f9fadb50000)
  eden space 5948608K,   0% used [0x00007f9a58600000, 0x00007f9a58600000, 0x00007f9bc3730000)
  from space 743552K,   0% used [0x00007f9bc3730000, 0x00007f9bc3730000, 0x00007f9bf0d50000)
  to   space 743552K,   0% used [0x00007f9bf0d50000, 0x00007f9bf0d50000, 0x00007f9c1e370000)
 tenured generation   total 14871396K, used 534351K [0x00007f9fadb50000, 0x00007fa339629000, 0x00007faa58600000)
   the space 14871396K,   3% used [0x00007f9fadb50000, 0x00007f9fce523ca8, 0x00007f9fce523e00, 0x00007fa339629000)
 Metaspace       used 23326K, capacity 23670K, committed 23808K, reserved 24576K
}
Event: 90.805 GC heap before
{Heap before GC invocations=18 (full 9):
 def new generation   total 6692160K, used 4312134K [0x00007f9a58600000, 0x00007f9c1e370000, 0x00007f9fadb50000)
  eden space 5948608K,  72% used [0x00007f9a58600000, 0x00007f9b5f9118c8, 0x00007f9bc3730000)
  from space 743552K,   0% used [0x00007f9bc3730000, 0x00007f9bc3730000, 0x00007f9bf0d50000)
  to   space 743552K,   0% used [0x00007f9bf0d50000, 0x00007f9bf0d50000, 0x00007f9c1e370000)
 tenured generation   total 14871396K, used 8922959K [0x00007f9fadb50000, 0x00007fa339629000, 0x00007faa58600000)
   the space 14871396K,  60% used [0x00007f9fadb50000, 0x00007fa1ce523cc0, 0x00007fa1ce523e00, 0x00007fa339629000)
 Metaspace       used 23326K, capacity 23670K, committed 23808K, reserved 24576K
}
Event: 91.345 GC heap after
{Heap after GC invocations=19 (full 9):
 def new generation   total 6692160K, used 0K [0x00007f9a58600000, 0x00007f9c1e370000, 0x00007f9fadb50000)
  eden space 5948608K,   0% used [0x00007f9a58600000, 0x00007f9a58600000, 0x00007f9bc3730000)
  from space 743552K,   0% used [0x00007f9bf0d50000, 0x00007f9bf0d502b0, 0x00007f9c1e370000)
  to   space 743552K,   0% used [0x00007f9bc3730000, 0x00007f9bc3730000, 0x00007f9bf0d50000)
 tenured generation   total 14871396K, used 13117263K [0x00007f9fadb50000, 0x00007fa339629000, 0x00007faa58600000)
   the space 14871396K,  88% used [0x00007f9fadb50000, 0x00007fa2ce523cd8, 0x00007fa2ce523e00, 0x00007fa339629000)
 Metaspace       used 23326K, capacity 23670K, committed 23808K, reserved 24576K
}
Event: 92.258 GC heap before
{Heap before GC invocations=19 (full 9):
 def new generation   total 6692160K, used 4312534K [0x00007f9a58600000, 0x00007f9c1e370000, 0x00007f9fadb50000)
  eden space 5948608K,  72% used [0x00007f9a58600000, 0x00007f9b5f9757b8, 0x00007f9bc3730000)
  from space 743552K,   0% used [0x00007f9bf0d50000, 0x00007f9bf0d502b0, 0x00007f9c1e370000)
  to   space 743552K,   0% used [0x00007f9bc3730000, 0x00007f9bc3730000, 0x00007f9bf0d50000)
 tenured generation   total 14871396K, used 13117263K [0x00007f9fadb50000, 0x00007fa339629000, 0x00007faa58600000)
   the space 14871396K,  88% used [0x00007f9fadb50000, 0x00007fa2ce523cd8, 0x00007fa2ce523e00, 0x00007fa339629000)
 Metaspace       used 23326K, capacity 23670K, committed 23808K, reserved 24576K
}
Event: 93.123 GC heap after
{Heap after GC invocations=20 (full 9):
 def new generation   total 6692160K, used 1K [0x00007f9a58600000, 0x00007f9c1e370000, 0x00007f9fadb50000)
  eden space 5948608K,   0% used [0x00007f9a58600000, 0x00007f9a58600000, 0x00007f9bc3730000)
  from space 743552K,   0% used [0x00007f9bc3730000, 0x00007f9bc3730528, 0x00007f9bf0d50000)
  to   space 743552K,   0% used [0x00007f9bf0d50000, 0x00007f9bf0d50000, 0x00007f9c1e370000)
 tenured generation   total 19065704K, used 17311567K [0x00007f9fadb50000, 0x00007fa43962a000, 0x00007faa58600000)
   the space 19065704K,  90% used [0x00007f9fadb50000, 0x00007fa3ce523cf0, 0x00007fa3ce523e00, 0x00007fa43962a000)
 Metaspace       used 23326K, capacity 23670K, committed 23808K, reserved 24576K
}
Event: 93.123 GC heap before
{Heap before GC invocations=20 (full 9):
 def new generation   total 6692160K, used 1K [0x00007f9a58600000, 0x00007f9c1e370000, 0x00007f9fadb50000)
  eden space 5948608K,   0% used [0x00007f9a58600000, 0x00007f9a58600000, 0x00007f9bc3730000)
  from space 743552K,   0% used [0x00007f9bc3730000, 0x00007f9bc3730528, 0x00007f9bf0d50000)
  to   space 743552K,   0% used [0x00007f9bf0d50000, 0x00007f9bf0d50000, 0x00007f9c1e370000)
 tenured generation   total 19065704K, used 17311567K [0x00007f9fadb50000, 0x00007fa43962a000, 0x00007faa58600000)
   the space 19065704K,  90% used [0x00007f9fadb50000, 0x00007fa3ce523cf0, 0x00007fa3ce523e00, 0x00007fa43962a000)
 Metaspace       used 23326K, capacity 23670K, committed 23808K, reserved 24576K
}
Event: 94.075 GC heap after
{Heap after GC invocations=20 (full 10):
 def new generation   total 6692288K, used 0K [0x00007f9a58600000, 0x00007f9c1e390000, 0x00007f9fadb50000)
  eden space 5948736K,   0% used [0x00007f9a58600000, 0x00007f9a58600000, 0x00007f9bc3750000)
  from space 743552K,   0% used [0x00007f9bc3750000, 0x00007f9bc3750000, 0x00007f9bf0d70000)
  to   space 743552K,   0% used [0x00007f9bf0d70000, 0x00007f9bf0d70000, 0x00007f9c1e390000)
 tenured generation   total 14871604K, used 8922960K [0x00007f9fadb50000, 0x00007fa33965d000, 0x00007faa58600000)
   the space 14871604K,  59% used [0x00007f9fadb50000, 0x00007fa1ce524108, 0x00007fa1ce524200, 0x00007fa33965d000)
 Metaspace       used 23326K, capacity 23670K, committed 23808K, reserved 24576K
}
Event: 98.020 GC heap before
{Heap before GC invocations=20 (full 10):
 def new generation   total 6692288K, used 5948736K [0x00007f9a58600000, 0x00007f9c1e390000, 0x00007f9fadb50000)
  eden space 5948736K, 100% used [0x00007f9a58600000, 0x00007f9bc3750000, 0x00007f9bc3750000)
  from space 743552K,   0% used [0x00007f9bc3750000, 0x00007f9bc3750000, 0x00007f9bf0d70000)
  to   space 743552K,   0% used [0x00007f9bf0d70000, 0x00007f9bf0d70000, 0x00007f9c1e390000)
 tenured generation   total 14871604K, used 8922960K [0x00007f9fadb50000, 0x00007fa33965d000, 0x00007faa58600000)
   the space 14871604K,  59% used [0x00007f9fadb50000, 0x00007fa1ce524108, 0x00007fa1ce524200, 0x00007fa33965d000)
 Metaspace       used 23334K, capacity 23670K, committed 23808K, reserved 24576K
}
Event: 98.103 GC heap after
{Heap after GC invocations=21 (full 10):
 def new generation   total 6692288K, used 567817K [0x00007f9a58600000, 0x00007f9c1e390000, 0x00007f9fadb50000)
  eden space 5948736K,   0% used [0x00007f9a58600000, 0x00007f9a58600000, 0x00007f9bc3750000)
  from space 743552K,  76% used [0x00007f9bf0d70000, 0x00007f9c137f24a8, 0x00007f9c1e390000)
  to   space 743552K,   0% used [0x00007f9bc3750000, 0x00007f9bc3750000, 0x00007f9bf0d70000)
 tenured generation   total 14871604K, used 8922960K [0x00007f9fadb50000, 0x00007fa33965d000, 0x00007faa58600000)
   the space 14871604K,  59% used [0x00007f9fadb50000, 0x00007fa1ce524108, 0x00007fa1ce524200, 0x00007fa33965d000)
 Metaspace       used 23334K, capacity 23670K, committed 23808K, reserved 24576K
}
Event: 99.434 GC heap before
{Heap before GC invocations=21 (full 10):
 def new generation   total 6692288K, used 2743194K [0x00007f9a58600000, 0x00007f9c1e390000, 0x00007f9fadb50000)
  eden space 5948736K,  36% used [0x00007f9a58600000, 0x00007f9add2645d8, 0x00007f9bc3750000)
  from space 743552K,  76% used [0x00007f9bf0d70000, 0x00007f9c137f24a8, 0x00007f9c1e390000)
  to   space 743552K,   0% used [0x00007f9bc3750000, 0x00007f9bc3750000, 0x00007f9bf0d70000)
 tenured generation   total 14871604K, used 8922960K [0x00007f9fadb50000, 0x00007fa33965d000, 0x00007faa58600000)
   the space 14871604K,  59% used [0x00007f9fadb50000, 0x00007fa1ce524108, 0x00007fa1ce524200, 0x00007fa33965d000)
 Metaspace       used 23340K, capacity 23672K, committed 23808K, reserved 24576K
}
Event: 99.602 GC heap after
{Heap after GC invocations=22 (full 10):
 def new generation   total 6692288K, used 525688K [0x00007f9a58600000, 0x00007f9c1e390000, 0x00007f9fadb50000)
  eden space 5948736K,   0% used [0x00007f9a58600000, 0x00007f9a58600000, 0x00007f9bc3750000)
  from space 743552K,  70% used [0x00007f9bc3750000, 0x00007f9be38ae208, 0x00007f9bf0d70000)
  to   space 743552K,   0% used [0x00007f9bf0d70000, 0x00007f9bf0d70000, 0x00007f9c1e390000)
 tenured generation   total 14871604K, used 9490772K [0x00007f9fadb50000, 0x00007fa33965d000, 0x00007faa58600000)
   the space 14871604K,  63% used [0x00007f9fadb50000, 0x00007fa1f0fa5340, 0x00007fa1f0fa5400, 0x00007fa33965d000)
 Metaspace       used 23340K, capacity 23672K, committed 23808K, reserved 24576K
}
Event: 99.602 GC heap before
{Heap before GC invocations=22 (full 10):
 def new generation   total 6692288K, used 525688K [0x00007f9a58600000, 0x00007f9c1e390000, 0x00007f9fadb50000)
  eden space 5948736K,   0% used [0x00007f9a58600000, 0x00007f9a58600000, 0x00007f9bc3750000)
  from space 743552K,  70% used [0x00007f9bc3750000, 0x00007f9be38ae208, 0x00007f9bf0d70000)
  to   space 743552K,   0% used [0x00007f9bf0d70000, 0x00007f9bf0d70000, 0x00007f9c1e390000)
 tenured generation   total 14871604K, used 9490772K [0x00007f9fadb50000, 0x00007fa33965d000, 0x00007faa58600000)
   the space 14871604K,  63% used [0x00007f9fadb50000, 0x00007fa1f0fa5340, 0x00007fa1f0fa5400, 0x00007fa33965d000)
 Metaspace       used 23340K, capacity 23672K, committed 23808K, reserved 24576K
}
Event: 99.712 GC heap after
{Heap after GC invocations=22 (full 11):
 def new generation   total 6692288K, used 0K [0x00007f9a58600000, 0x00007f9c1e390000, 0x00007f9fadb50000)
  eden space 5948736K,   0% used [0x00007f9a58600000, 0x00007f9a58600000, 0x00007f9bc3750000)
  from space 743552K,   0% used [0x00007f9bc3750000, 0x00007f9bc3750000, 0x00007f9bf0d70000)
  to   space 743552K,   0% used [0x00007f9bf0d70000, 0x00007f9bf0d70000, 0x00007f9c1e390000)
 tenured generation   total 14871604K, used 1059100K [0x00007f9fadb50000, 0x00007fa33965d000, 0x00007faa58600000)
   the space 14871604K,   7% used [0x00007f9fadb50000, 0x00007f9fee5971a0, 0x00007f9fee597200, 0x00007fa33965d000)
 Metaspace       used 23340K, capacity 23672K, committed 23808K, reserved 24576K
}
Event: 108.418 GC heap before
{Heap before GC invocations=22 (full 11):
 def new generation   total 6692288K, used 4312218K [0x00007f9a58600000, 0x00007f9c1e390000, 0x00007f9fadb50000)
  eden space 5948736K,  72% used [0x00007f9a58600000, 0x00007f9b5f926b58, 0x00007f9bc3750000)
  from space 743552K,   0% used [0x00007f9bc3750000, 0x00007f9bc3750000, 0x00007f9bf0d70000)
  to   space 743552K,   0% used [0x00007f9bf0d70000, 0x00007f9bf0d70000, 0x00007f9c1e390000)
 tenured generation   total 14871604K, used 9447708K [0x00007f9fadb50000, 0x00007fa33965d000, 0x00007faa58600000)
   the space 14871604K,  63% used [0x00007f9fadb50000, 0x00007fa1ee5971b8, 0x00007fa1ee597200, 0x00007fa33965d000)
 Metaspace       used 23340K, capacity 23672K, committed 23808K, reserved 24576K
}
Event: 108.984 GC heap after
{Heap after GC invocations=23 (full 11):
 def new generation   total 6692288K, used 0K [0x00007f9a58600000, 0x00007f9c1e390000, 0x00007f9fadb50000)
  eden space 5948736K,   0% used [0x00007f9a58600000, 0x00007f9a58600000, 0x00007f9bc3750000)
  from space 743552K,   0% used [0x00007f9bf0d70000, 0x00007f9bf0d702b0, 0x00007f9c1e390000)
  to   space 743552K,   0% used [0x00007f9bc3750000, 0x00007f9bc3750000, 0x00007f9bf0d70000)
 tenured generation   total 14871604K, used 13642012K [0x00007f9fadb50000, 0x00007fa33965d000, 0x00007faa58600000)
   the space 14871604K,  91% used [0x00007f9fadb50000, 0x00007fa2ee5971d0, 0x00007fa2ee597200, 0x00007fa33965d000)
 Metaspace       used 23340K, capacity 23672K, committed 23808K, reserved 24576K
}
Event: 109.833 GC heap before
{Heap before GC invocations=23 (full 11):
 def new generation   total 6692288K, used 4312590K [0x00007f9a58600000, 0x00007f9c1e390000, 0x00007f9fadb50000)
  eden space 5948736K,  72% used [0x00007f9a58600000, 0x00007f9b5f983768, 0x00007f9bc3750000)
  from space 743552K,   0% used [0x00007f9bf0d70000, 0x00007f9bf0d702b0, 0x00007f9c1e390000)
  to   space 743552K,   0% used [0x00007f9bc3750000, 0x00007f9bc3750000, 0x00007f9bf0d70000)
 tenured generation   total 14871604K, used 13642012K [0x00007f9fadb50000, 0x00007fa33965d000, 0x00007faa58600000)
   the space 14871604K,  91% used [0x00007f9fadb50000, 0x00007fa2ee5971d0, 0x00007fa2ee597200, 0x00007fa33965d000)
 Metaspace       used 23340K, capacity 23672K, committed 23808K, reserved 24576K
}

