# JRE version: OpenJDK Runtime Environment (13.0.7+5) (build 13.0.7+5-Ubuntu-0ubuntu120.04)
# Java VM: OpenJDK 64-Bit Server VM (13.0.7+5-Ubuntu-0ubuntu120.04, mixed mode, tiered, serial gc, linux-amd64)
Heap:
 def new generation   total 1748800K, used 18202K [0x00007f6e44600000, 0x00007f6ebaf90000, 0x00007f7399b50000)
  eden space 1554496K,   1% used [0x00007f6e44600000, 0x00007f6e457c6978, 0x00007f6ea3410000)
  from space 194304K,   0% used [0x00007f6eaf1d0000, 0x00007f6eaf1d0000, 0x00007f6ebaf90000)
  to   space 194304K,   0% used [0x00007f6ea3410000, 0x00007f6ea3410000, 0x00007f6eaf1d0000)
 tenured generation   total 3887040K, used 3887039K [0x00007f7399b50000, 0x00007f7486f40000, 0x00007f7e44600000)
   the space 3887040K,  99% used [0x00007f7399b50000, 0x00007f7486f3fff8, 0x00007f7486f40000, 0x00007f7486f40000)
 Metaspace       used 24346K, capacity 24757K, committed 24832K, reserved 26624K
GC Heap History (20 events):
Event: 3341.022 GC heap after
{Heap after GC invocations=4599 (full 3):
 def new generation   total 1748800K, used 22264K [0x00007f6e44600000, 0x00007f6ebaf90000, 0x00007f7399b50000)
  eden space 1554496K,   0% used [0x00007f6e44600000, 0x00007f6e44600000, 0x00007f6ea3410000)
  from space 194304K,  11% used [0x00007f6ea3410000, 0x00007f6ea49ce0b8, 0x00007f6eaf1d0000)
  to   space 194304K,   0% used [0x00007f6eaf1d0000, 0x00007f6eaf1d0000, 0x00007f6ebaf90000)
 tenured generation   total 3886080K, used 3874160K [0x00007f7399b50000, 0x00007f7486e50000, 0x00007f7e44600000)
   the space 3886080K,  99% used [0x00007f7399b50000, 0x00007f74862ac000, 0x00007f74862ac000, 0x00007f7486e50000)
 Metaspace       used 24346K, capacity 24757K, committed 24832K, reserved 26624K
}
Event: 3342.237 GC heap before
{Heap before GC invocations=4599 (full 3):
 def new generation   total 1748800K, used 1576760K [0x00007f6e44600000, 0x00007f6ebaf90000, 0x00007f7399b50000)
  eden space 1554496K, 100% used [0x00007f6e44600000, 0x00007f6ea3410000, 0x00007f6ea3410000)
  from space 194304K,  11% used [0x00007f6ea3410000, 0x00007f6ea49ce0b8, 0x00007f6eaf1d0000)
  to   space 194304K,   0% used [0x00007f6eaf1d0000, 0x00007f6eaf1d0000, 0x00007f6ebaf90000)
 tenured generation   total 3886080K, used 3874160K [0x00007f7399b50000, 0x00007f7486e50000, 0x00007f7e44600000)
   the space 3886080K,  99% used [0x00007f7399b50000, 0x00007f74862ac000, 0x00007f74862ac000, 0x00007f7486e50000)
 Metaspace       used 24346K, capacity 24757K, committed 24832K, reserved 26624K
}
Event: 3342.296 GC heap after
{Heap after GC invocations=4600 (full 3):
 def new generation   total 1748800K, used 22353K [0x00007f6e44600000, 0x00007f6ebaf90000, 0x00007f7399b50000)
  eden space 1554496K,   0% used [0x00007f6e44600000, 0x00007f6e44600000, 0x00007f6ea3410000)
  from space 194304K,  11% used [0x00007f6eaf1d0000, 0x00007f6eb07a47d8, 0x00007f6ebaf90000)
  to   space 194304K,   0% used [0x00007f6ea3410000, 0x00007f6ea3410000, 0x00007f6eaf1d0000)
 tenured generation   total 3886080K, used 3875296K [0x00007f7399b50000, 0x00007f7486e50000, 0x00007f7e44600000)
   the space 3886080K,  99% used [0x00007f7399b50000, 0x00007f74863c8100, 0x00007f74863c8200, 0x00007f7486e50000)
 Metaspace       used 24346K, capacity 24757K, committed 24832K, reserved 26624K
}
Event: 3343.528 GC heap before
{Heap before GC invocations=4600 (full 3):
 def new generation   total 1748800K, used 1576849K [0x00007f6e44600000, 0x00007f6ebaf90000, 0x00007f7399b50000)
  eden space 1554496K, 100% used [0x00007f6e44600000, 0x00007f6ea3410000, 0x00007f6ea3410000)
  from space 194304K,  11% used [0x00007f6eaf1d0000, 0x00007f6eb07a47d8, 0x00007f6ebaf90000)
  to   space 194304K,   0% used [0x00007f6ea3410000, 0x00007f6ea3410000, 0x00007f6eaf1d0000)
 tenured generation   total 3886080K, used 3875296K [0x00007f7399b50000, 0x00007f7486e50000, 0x00007f7e44600000)
   the space 3886080K,  99% used [0x00007f7399b50000, 0x00007f74863c8100, 0x00007f74863c8200, 0x00007f7486e50000)
 Metaspace       used 24346K, capacity 24757K, committed 24832K, reserved 26624K
}
Event: 3343.602 GC heap after
{Heap after GC invocations=4601 (full 3):
 def new generation   total 1748800K, used 23022K [0x00007f6e44600000, 0x00007f6ebaf90000, 0x00007f7399b50000)
  eden space 1554496K,   0% used [0x00007f6e44600000, 0x00007f6e44600000, 0x00007f6ea3410000)
  from space 194304K,  11% used [0x00007f6ea3410000, 0x00007f6ea4a8ba68, 0x00007f6eaf1d0000)
  to   space 194304K,   0% used [0x00007f6eaf1d0000, 0x00007f6eaf1d0000, 0x00007f6ebaf90000)
 tenured generation   total 3886080K, used 3876443K [0x00007f7399b50000, 0x00007f7486e50000, 0x00007f7e44600000)
   the space 3886080K,  99% used [0x00007f7399b50000, 0x00007f74864e6de0, 0x00007f74864e6e00, 0x00007f7486e50000)
 Metaspace       used 24346K, capacity 24757K, committed 24832K, reserved 26624K
}
Event: 3344.848 GC heap before
{Heap before GC invocations=4601 (full 3):
 def new generation   total 1748800K, used 1577518K [0x00007f6e44600000, 0x00007f6ebaf90000, 0x00007f7399b50000)
  eden space 1554496K, 100% used [0x00007f6e44600000, 0x00007f6ea3410000, 0x00007f6ea3410000)
  from space 194304K,  11% used [0x00007f6ea3410000, 0x00007f6ea4a8ba68, 0x00007f6eaf1d0000)
  to   space 194304K,   0% used [0x00007f6eaf1d0000, 0x00007f6eaf1d0000, 0x00007f6ebaf90000)
 tenured generation   total 3886080K, used 3876443K [0x00007f7399b50000, 0x00007f7486e50000, 0x00007f7e44600000)
   the space 3886080K,  99% used [0x00007f7399b50000, 0x00007f74864e6de0, 0x00007f74864e6e00, 0x00007f7486e50000)
 Metaspace       used 24346K, capacity 24757K, committed 24832K, reserved 26624K
}
Event: 3344.914 GC heap after
{Heap after GC invocations=4602 (full 3):
 def new generation   total 1748800K, used 23709K [0x00007f6e44600000, 0x00007f6ebaf90000, 0x00007f7399b50000)
  eden space 1554496K,   0% used [0x00007f6e44600000, 0x00007f6e44600000, 0x00007f6ea3410000)
  from space 194304K,  12% used [0x00007f6eaf1d0000, 0x00007f6eb08f7620, 0x00007f6ebaf90000)
  to   space 194304K,   0% used [0x00007f6ea3410000, 0x00007f6ea3410000, 0x00007f6eaf1d0000)
 tenured generation   total 3886080K, used 3877579K [0x00007f7399b50000, 0x00007f7486e50000, 0x00007f7e44600000)
   the space 3886080K,  99% used [0x00007f7399b50000, 0x00007f7486602ee0, 0x00007f7486603000, 0x00007f7486e50000)
 Metaspace       used 24346K, capacity 24757K, committed 24832K, reserved 26624K
}
Event: 3346.195 GC heap before
{Heap before GC invocations=4602 (full 3):
 def new generation   total 1748800K, used 1578205K [0x00007f6e44600000, 0x00007f6ebaf90000, 0x00007f7399b50000)
  eden space 1554496K, 100% used [0x00007f6e44600000, 0x00007f6ea3410000, 0x00007f6ea3410000)
  from space 194304K,  12% used [0x00007f6eaf1d0000, 0x00007f6eb08f7620, 0x00007f6ebaf90000)
  to   space 194304K,   0% used [0x00007f6ea3410000, 0x00007f6ea3410000, 0x00007f6eaf1d0000)
 tenured generation   total 3886080K, used 3877579K [0x00007f7399b50000, 0x00007f7486e50000, 0x00007f7e44600000)
   the space 3886080K,  99% used [0x00007f7399b50000, 0x00007f7486602ee0, 0x00007f7486603000, 0x00007f7486e50000)
 Metaspace       used 24346K, capacity 24757K, committed 24832K, reserved 26624K
}
Event: 3346.254 GC heap after
{Heap after GC invocations=4603 (full 3):
 def new generation   total 1748800K, used 23422K [0x00007f6e44600000, 0x00007f6ebaf90000, 0x00007f7399b50000)
  eden space 1554496K,   0% used [0x00007f6e44600000, 0x00007f6e44600000, 0x00007f6ea3410000)
  from space 194304K,  12% used [0x00007f6ea3410000, 0x00007f6ea4aef958, 0x00007f6eaf1d0000)
  to   space 194304K,   0% used [0x00007f6eaf1d0000, 0x00007f6eaf1d0000, 0x00007f6ebaf90000)
 tenured generation   total 3886080K, used 3878894K [0x00007f7399b50000, 0x00007f7486e50000, 0x00007f7e44600000)
   the space 3886080K,  99% used [0x00007f7399b50000, 0x00007f748674ba10, 0x00007f748674bc00, 0x00007f7486e50000)
 Metaspace       used 24346K, capacity 24757K, committed 24832K, reserved 26624K
}
Event: 3347.491 GC heap before
{Heap before GC invocations=4603 (full 3):
 def new generation   total 1748800K, used 1577918K [0x00007f6e44600000, 0x00007f6ebaf90000, 0x00007f7399b50000)
  eden space 1554496K, 100% used [0x00007f6e44600000, 0x00007f6ea3410000, 0x00007f6ea3410000)
  from space 194304K,  12% used [0x00007f6ea3410000, 0x00007f6ea4aef958, 0x00007f6eaf1d0000)
  to   space 194304K,   0% used [0x00007f6eaf1d0000, 0x00007f6eaf1d0000, 0x00007f6ebaf90000)
 tenured generation   total 3886080K, used 3878894K [0x00007f7399b50000, 0x00007f7486e50000, 0x00007f7e44600000)
   the space 3886080K,  99% used [0x00007f7399b50000, 0x00007f748674ba10, 0x00007f748674bc00, 0x00007f7486e50000)
 Metaspace       used 24346K, capacity 24757K, committed 24832K, reserved 26624K
}
Event: 3347.543 GC heap after
{Heap after GC invocations=4604 (full 3):
 def new generation   total 1748800K, used 23979K [0x00007f6e44600000, 0x00007f6ebaf90000, 0x00007f7399b50000)
  eden space 1554496K,   0% used [0x00007f6e44600000, 0x00007f6e44600000, 0x00007f6ea3410000)
  from space 194304K,  12% used [0x00007f6eaf1d0000, 0x00007f6eb093ad90, 0x00007f6ebaf90000)
  to   space 194304K,   0% used [0x00007f6ea3410000, 0x00007f6ea3410000, 0x00007f6eaf1d0000)
 tenured generation   total 3886080K, used 3880028K [0x00007f7399b50000, 0x00007f7486e50000, 0x00007f7e44600000)
   the space 3886080K,  99% used [0x00007f7399b50000, 0x00007f7486867100, 0x00007f7486867200, 0x00007f7486e50000)
 Metaspace       used 24346K, capacity 24757K, committed 24832K, reserved 26624K
}
Event: 3348.765 GC heap before
{Heap before GC invocations=4604 (full 3):
 def new generation   total 1748800K, used 1578475K [0x00007f6e44600000, 0x00007f6ebaf90000, 0x00007f7399b50000)
  eden space 1554496K, 100% used [0x00007f6e44600000, 0x00007f6ea3410000, 0x00007f6ea3410000)
  from space 194304K,  12% used [0x00007f6eaf1d0000, 0x00007f6eb093ad90, 0x00007f6ebaf90000)
  to   space 194304K,   0% used [0x00007f6ea3410000, 0x00007f6ea3410000, 0x00007f6eaf1d0000)
 tenured generation   total 3886080K, used 3880028K [0x00007f7399b50000, 0x00007f7486e50000, 0x00007f7e44600000)
   the space 3886080K,  99% used [0x00007f7399b50000, 0x00007f7486867100, 0x00007f7486867200, 0x00007f7486e50000)
 Metaspace       used 24346K, capacity 24757K, committed 24832K, reserved 26624K
}
Event: 3348.830 GC heap after
{Heap after GC invocations=4605 (full 3):
 def new generation   total 1748800K, used 24092K [0x00007f6e44600000, 0x00007f6ebaf90000, 0x00007f7399b50000)
  eden space 1554496K,   0% used [0x00007f6e44600000, 0x00007f6e44600000, 0x00007f6ea3410000)
  from space 194304K,  12% used [0x00007f6ea3410000, 0x00007f6ea4b97360, 0x00007f6eaf1d0000)
  to   space 194304K,   0% used [0x00007f6eaf1d0000, 0x00007f6eaf1d0000, 0x00007f6ebaf90000)
 tenured generation   total 3886080K, used 3881752K [0x00007f7399b50000, 0x00007f7486e50000, 0x00007f7e44600000)
   the space 3886080K,  99% used [0x00007f7399b50000, 0x00007f7486a16140, 0x00007f7486a16200, 0x00007f7486e50000)
 Metaspace       used 24346K, capacity 24757K, committed 24832K, reserved 26624K
}
Event: 3350.079 GC heap before
{Heap before GC invocations=4605 (full 3):
 def new generation   total 1748800K, used 1578588K [0x00007f6e44600000, 0x00007f6ebaf90000, 0x00007f7399b50000)
  eden space 1554496K, 100% used [0x00007f6e44600000, 0x00007f6ea3410000, 0x00007f6ea3410000)
  from space 194304K,  12% used [0x00007f6ea3410000, 0x00007f6ea4b97360, 0x00007f6eaf1d0000)
  to   space 194304K,   0% used [0x00007f6eaf1d0000, 0x00007f6eaf1d0000, 0x00007f6ebaf90000)
 tenured generation   total 3886080K, used 3881752K [0x00007f7399b50000, 0x00007f7486e50000, 0x00007f7e44600000)
   the space 3886080K,  99% used [0x00007f7399b50000, 0x00007f7486a16140, 0x00007f7486a16200, 0x00007f7486e50000)
 Metaspace       used 24346K, capacity 24757K, committed 24832K, reserved 26624K
}
Event: 3350.152 GC heap after
{Heap after GC invocations=4606 (full 3):
 def new generation   total 1748800K, used 23812K [0x00007f6e44600000, 0x00007f6ebaf90000, 0x00007f7399b50000)
  eden space 1554496K,   0% used [0x00007f6e44600000, 0x00007f6e44600000, 0x00007f6ea3410000)
  from space 194304K,  12% used [0x00007f6eaf1d0000, 0x00007f6eb09112d0, 0x00007f6ebaf90000)
  to   space 194304K,   0% used [0x00007f6ea3410000, 0x00007f6ea3410000, 0x00007f6eaf1d0000)
 tenured generation   total 3886080K, used 3883578K [0x00007f7399b50000, 0x00007f7486e50000, 0x00007f7e44600000)
   the space 3886080K,  99% used [0x00007f7399b50000, 0x00007f7486bdea40, 0x00007f7486bdec00, 0x00007f7486e50000)
 Metaspace       used 24346K, capacity 24757K, committed 24832K, reserved 26624K
}
Event: 3351.388 GC heap before
{Heap before GC invocations=4606 (full 3):
 def new generation   total 1748800K, used 1578308K [0x00007f6e44600000, 0x00007f6ebaf90000, 0x00007f7399b50000)
  eden space 1554496K, 100% used [0x00007f6e44600000, 0x00007f6ea3410000, 0x00007f6ea3410000)
  from space 194304K,  12% used [0x00007f6eaf1d0000, 0x00007f6eb09112d0, 0x00007f6ebaf90000)
  to   space 194304K,   0% used [0x00007f6ea3410000, 0x00007f6ea3410000, 0x00007f6eaf1d0000)
 tenured generation   total 3886080K, used 3883578K [0x00007f7399b50000, 0x00007f7486e50000, 0x00007f7e44600000)
   the space 3886080K,  99% used [0x00007f7399b50000, 0x00007f7486bdea40, 0x00007f7486bdec00, 0x00007f7486e50000)
 Metaspace       used 24346K, capacity 24757K, committed 24832K, reserved 26624K
}
Event: 3351.451 GC heap after
{Heap after GC invocations=4607 (full 3):
 def new generation   total 1748800K, used 24110K [0x00007f6e44600000, 0x00007f6ebaf90000, 0x00007f7399b50000)
  eden space 1554496K,   0% used [0x00007f6e44600000, 0x00007f6e44600000, 0x00007f6ea3410000)
  from space 194304K,  12% used [0x00007f6ea3410000, 0x00007f6ea4b9bbf0, 0x00007f6eaf1d0000)
  to   space 194304K,   0% used [0x00007f6eaf1d0000, 0x00007f6eaf1d0000, 0x00007f6ebaf90000)
 tenured generation   total 3886080K, used 3885104K [0x00007f7399b50000, 0x00007f7486e50000, 0x00007f7e44600000)
   the space 3886080K,  99% used [0x00007f7399b50000, 0x00007f7486d5c050, 0x00007f7486d5c200, 0x00007f7486e50000)
 Metaspace       used 24346K, capacity 24757K, committed 24832K, reserved 26624K
}
Event: 3352.712 GC heap before
{Heap before GC invocations=4607 (full 3):
 def new generation   total 1748800K, used 1578606K [0x00007f6e44600000, 0x00007f6ebaf90000, 0x00007f7399b50000)
  eden space 1554496K, 100% used [0x00007f6e44600000, 0x00007f6ea3410000, 0x00007f6ea3410000)
  from space 194304K,  12% used [0x00007f6ea3410000, 0x00007f6ea4b9bbf0, 0x00007f6eaf1d0000)
  to   space 194304K,   0% used [0x00007f6eaf1d0000, 0x00007f6eaf1d0000, 0x00007f6ebaf90000)
 tenured generation   total 3886080K, used 3885104K [0x00007f7399b50000, 0x00007f7486e50000, 0x00007f7e44600000)
   the space 3886080K,  99% used [0x00007f7399b50000, 0x00007f7486d5c050, 0x00007f7486d5c200, 0x00007f7486e50000)
 Metaspace       used 24346K, capacity 24757K, committed 24832K, reserved 26624K
}
Event: 3352.779 GC heap after
{Heap after GC invocations=4608 (full 3):
 def new generation   total 1748800K, used 23782K [0x00007f6e44600000, 0x00007f6ebaf90000, 0x00007f7399b50000)
  eden space 1554496K,   0% used [0x00007f6e44600000, 0x00007f6e44600000, 0x00007f6ea3410000)
  from space 194304K,  12% used [0x00007f6eaf1d0000, 0x00007f6eb0909a50, 0x00007f6ebaf90000)
  to   space 194304K,   0% used [0x00007f6ea3410000, 0x00007f6ea3410000, 0x00007f6eaf1d0000)
 tenured generation   total 3887040K, used 3886936K [0x00007f7399b50000, 0x00007f7486f40000, 0x00007f7e44600000)
   the space 3887040K,  99% used [0x00007f7399b50000, 0x00007f7486f263f0, 0x00007f7486f26400, 0x00007f7486f40000)
 Metaspace       used 24346K, capacity 24757K, committed 24832K, reserved 26624K
}
Event: 3352.779 GC heap before
{Heap before GC invocations=4608 (full 3):
 def new generation   total 1748800K, used 23782K [0x00007f6e44600000, 0x00007f6ebaf90000, 0x00007f7399b50000)
  eden space 1554496K,   0% used [0x00007f6e44600000, 0x00007f6e44600000, 0x00007f6ea3410000)
  from space 194304K,  12% used [0x00007f6eaf1d0000, 0x00007f6eb0909a50, 0x00007f6ebaf90000)
  to   space 194304K,   0% used [0x00007f6ea3410000, 0x00007f6ea3410000, 0x00007f6eaf1d0000)
 tenured generation   total 3887040K, used 3886936K [0x00007f7399b50000, 0x00007f7486f40000, 0x00007f7e44600000)
   the space 3887040K,  99% used [0x00007f7399b50000, 0x00007f7486f263f0, 0x00007f7486f26400, 0x00007f7486f40000)
 Metaspace       used 24346K, capacity 24757K, committed 24832K, reserved 26624K
}

