# JRE version: OpenJDK Runtime Environment (13.0.7+5) (build 13.0.7+5-Ubuntu-0ubuntu120.04)
# Java VM: OpenJDK 64-Bit Server VM (13.0.7+5-Ubuntu-0ubuntu120.04, mixed mode, tiered, serial gc, linux-amd64)
Heap:
 def new generation   total 1749312K, used 63547K [0x00007f7144600000, 0x00007f71bb010000, 0x00007f7699b50000)
  eden space 1555008K,   4% used [0x00007f7144600000, 0x00007f714840ed70, 0x00007f71a3490000)
  from space 194304K,   0% used [0x00007f71a3490000, 0x00007f71a3490000, 0x00007f71af250000)
  to   space 194304K,   0% used [0x00007f71af250000, 0x00007f71af250000, 0x00007f71bb010000)
 tenured generation   total 3888680K, used 3888679K [0x00007f7699b50000, 0x00007f77870da000, 0x00007f8144600000)
   the space 3888680K,  99% used [0x00007f7699b50000, 0x00007f77870d9ff0, 0x00007f77870da000, 0x00007f77870da000)
 Metaspace       used 24247K, capacity 24645K, committed 24832K, reserved 26624K
GC Heap History (20 events):
Event: 1113.440 GC heap after
{Heap after GC invocations=1527 (full 3):
 def new generation   total 1749312K, used 68658K [0x00007f7144600000, 0x00007f71bb010000, 0x00007f7699b50000)
  eden space 1555008K,   0% used [0x00007f7144600000, 0x00007f7144600000, 0x00007f71a3490000)
  from space 194304K,  35% used [0x00007f71af250000, 0x00007f71b355caf8, 0x00007f71bb010000)
  to   space 194304K,   0% used [0x00007f71a3490000, 0x00007f71a3490000, 0x00007f71af250000)
 tenured generation   total 3887144K, used 3847233K [0x00007f7699b50000, 0x00007f7786f5a000, 0x00007f8144600000)
   the space 3887144K,  98% used [0x00007f7699b50000, 0x00007f7784860520, 0x00007f7784860600, 0x00007f7786f5a000)
 Metaspace       used 24247K, capacity 24645K, committed 24832K, reserved 26624K
}
Event: 1114.420 GC heap before
{Heap before GC invocations=1527 (full 3):
 def new generation   total 1749312K, used 1623666K [0x00007f7144600000, 0x00007f71bb010000, 0x00007f7699b50000)
  eden space 1555008K, 100% used [0x00007f7144600000, 0x00007f71a3490000, 0x00007f71a3490000)
  from space 194304K,  35% used [0x00007f71af250000, 0x00007f71b355caf8, 0x00007f71bb010000)
  to   space 194304K,   0% used [0x00007f71a3490000, 0x00007f71a3490000, 0x00007f71af250000)
 tenured generation   total 3887144K, used 3847233K [0x00007f7699b50000, 0x00007f7786f5a000, 0x00007f8144600000)
   the space 3887144K,  98% used [0x00007f7699b50000, 0x00007f7784860520, 0x00007f7784860600, 0x00007f7786f5a000)
 Metaspace       used 24247K, capacity 24645K, committed 24832K, reserved 26624K
}
Event: 1114.566 GC heap after
{Heap after GC invocations=1528 (full 3):
 def new generation   total 1749312K, used 69708K [0x00007f7144600000, 0x00007f71bb010000, 0x00007f7699b50000)
  eden space 1555008K,   0% used [0x00007f7144600000, 0x00007f7144600000, 0x00007f71a3490000)
  from space 194304K,  35% used [0x00007f71a3490000, 0x00007f71a78a3118, 0x00007f71af250000)
  to   space 194304K,   0% used [0x00007f71af250000, 0x00007f71af250000, 0x00007f71bb010000)
 tenured generation   total 3887144K, used 3851412K [0x00007f7699b50000, 0x00007f7786f5a000, 0x00007f8144600000)
   the space 3887144K,  99% used [0x00007f7699b50000, 0x00007f7784c75180, 0x00007f7784c75200, 0x00007f7786f5a000)
 Metaspace       used 24247K, capacity 24645K, committed 24832K, reserved 26624K
}
Event: 1115.573 GC heap before
{Heap before GC invocations=1528 (full 3):
 def new generation   total 1749312K, used 1624716K [0x00007f7144600000, 0x00007f71bb010000, 0x00007f7699b50000)
  eden space 1555008K, 100% used [0x00007f7144600000, 0x00007f71a3490000, 0x00007f71a3490000)
  from space 194304K,  35% used [0x00007f71a3490000, 0x00007f71a78a3118, 0x00007f71af250000)
  to   space 194304K,   0% used [0x00007f71af250000, 0x00007f71af250000, 0x00007f71bb010000)
 tenured generation   total 3887144K, used 3851412K [0x00007f7699b50000, 0x00007f7786f5a000, 0x00007f8144600000)
   the space 3887144K,  99% used [0x00007f7699b50000, 0x00007f7784c75180, 0x00007f7784c75200, 0x00007f7786f5a000)
 Metaspace       used 24247K, capacity 24645K, committed 24832K, reserved 26624K
}
Event: 1115.704 GC heap after
{Heap after GC invocations=1529 (full 3):
 def new generation   total 1749312K, used 69916K [0x00007f7144600000, 0x00007f71bb010000, 0x00007f7699b50000)
  eden space 1555008K,   0% used [0x00007f7144600000, 0x00007f7144600000, 0x00007f71a3490000)
  from space 194304K,  35% used [0x00007f71af250000, 0x00007f71b3697080, 0x00007f71bb010000)
  to   space 194304K,   0% used [0x00007f71a3490000, 0x00007f71a3490000, 0x00007f71af250000)
 tenured generation   total 3887144K, used 3855537K [0x00007f7699b50000, 0x00007f7786f5a000, 0x00007f8144600000)
   the space 3887144K,  99% used [0x00007f7699b50000, 0x00007f778507c588, 0x00007f778507c600, 0x00007f7786f5a000)
 Metaspace       used 24247K, capacity 24645K, committed 24832K, reserved 26624K
}
Event: 1116.665 GC heap before
{Heap before GC invocations=1529 (full 3):
 def new generation   total 1749312K, used 1624924K [0x00007f7144600000, 0x00007f71bb010000, 0x00007f7699b50000)
  eden space 1555008K, 100% used [0x00007f7144600000, 0x00007f71a3490000, 0x00007f71a3490000)
  from space 194304K,  35% used [0x00007f71af250000, 0x00007f71b3697080, 0x00007f71bb010000)
  to   space 194304K,   0% used [0x00007f71a3490000, 0x00007f71a3490000, 0x00007f71af250000)
 tenured generation   total 3887144K, used 3855537K [0x00007f7699b50000, 0x00007f7786f5a000, 0x00007f8144600000)
   the space 3887144K,  99% used [0x00007f7699b50000, 0x00007f778507c588, 0x00007f778507c600, 0x00007f7786f5a000)
 Metaspace       used 24247K, capacity 24645K, committed 24832K, reserved 26624K
}
Event: 1116.806 GC heap after
{Heap after GC invocations=1530 (full 3):
 def new generation   total 1749312K, used 68181K [0x00007f7144600000, 0x00007f71bb010000, 0x00007f7699b50000)
  eden space 1555008K,   0% used [0x00007f7144600000, 0x00007f7144600000, 0x00007f71a3490000)
  from space 194304K,  35% used [0x00007f71a3490000, 0x00007f71a7725430, 0x00007f71af250000)
  to   space 194304K,   0% used [0x00007f71af250000, 0x00007f71af250000, 0x00007f71bb010000)
 tenured generation   total 3887144K, used 3861414K [0x00007f7699b50000, 0x00007f7786f5a000, 0x00007f8144600000)
   the space 3887144K,  99% used [0x00007f7699b50000, 0x00007f77856398a8, 0x00007f7785639a00, 0x00007f7786f5a000)
 Metaspace       used 24247K, capacity 24645K, committed 24832K, reserved 26624K
}
Event: 1117.762 GC heap before
{Heap before GC invocations=1530 (full 3):
 def new generation   total 1749312K, used 1623189K [0x00007f7144600000, 0x00007f71bb010000, 0x00007f7699b50000)
  eden space 1555008K, 100% used [0x00007f7144600000, 0x00007f71a3490000, 0x00007f71a3490000)
  from space 194304K,  35% used [0x00007f71a3490000, 0x00007f71a7725430, 0x00007f71af250000)
  to   space 194304K,   0% used [0x00007f71af250000, 0x00007f71af250000, 0x00007f71bb010000)
 tenured generation   total 3887144K, used 3861414K [0x00007f7699b50000, 0x00007f7786f5a000, 0x00007f8144600000)
   the space 3887144K,  99% used [0x00007f7699b50000, 0x00007f77856398a8, 0x00007f7785639a00, 0x00007f7786f5a000)
 Metaspace       used 24247K, capacity 24645K, committed 24832K, reserved 26624K
}
Event: 1117.905 GC heap after
{Heap after GC invocations=1531 (full 3):
 def new generation   total 1749312K, used 69972K [0x00007f7144600000, 0x00007f71bb010000, 0x00007f7699b50000)
  eden space 1555008K,   0% used [0x00007f7144600000, 0x00007f7144600000, 0x00007f71a3490000)
  from space 194304K,  36% used [0x00007f71af250000, 0x00007f71b36a5118, 0x00007f71bb010000)
  to   space 194304K,   0% used [0x00007f71a3490000, 0x00007f71a3490000, 0x00007f71af250000)
 tenured generation   total 3887144K, used 3865562K [0x00007f7699b50000, 0x00007f7786f5a000, 0x00007f8144600000)
   the space 3887144K,  99% used [0x00007f7699b50000, 0x00007f7785a46b08, 0x00007f7785a46c00, 0x00007f7786f5a000)
 Metaspace       used 24247K, capacity 24645K, committed 24832K, reserved 26624K
}
Event: 1118.945 GC heap before
{Heap before GC invocations=1531 (full 3):
 def new generation   total 1749312K, used 1624980K [0x00007f7144600000, 0x00007f71bb010000, 0x00007f7699b50000)
  eden space 1555008K, 100% used [0x00007f7144600000, 0x00007f71a3490000, 0x00007f71a3490000)
  from space 194304K,  36% used [0x00007f71af250000, 0x00007f71b36a5118, 0x00007f71bb010000)
  to   space 194304K,   0% used [0x00007f71a3490000, 0x00007f71a3490000, 0x00007f71af250000)
 tenured generation   total 3887144K, used 3865562K [0x00007f7699b50000, 0x00007f7786f5a000, 0x00007f8144600000)
   the space 3887144K,  99% used [0x00007f7699b50000, 0x00007f7785a46b08, 0x00007f7785a46c00, 0x00007f7786f5a000)
 Metaspace       used 24247K, capacity 24645K, committed 24832K, reserved 26624K
}
Event: 1119.077 GC heap after
{Heap after GC invocations=1532 (full 3):
 def new generation   total 1749312K, used 70160K [0x00007f7144600000, 0x00007f71bb010000, 0x00007f7699b50000)
  eden space 1555008K,   0% used [0x00007f7144600000, 0x00007f7144600000, 0x00007f71a3490000)
  from space 194304K,  36% used [0x00007f71a3490000, 0x00007f71a7914310, 0x00007f71af250000)
  to   space 194304K,   0% used [0x00007f71af250000, 0x00007f71af250000, 0x00007f71bb010000)
 tenured generation   total 3887144K, used 3869596K [0x00007f7699b50000, 0x00007f7786f5a000, 0x00007f8144600000)
   the space 3887144K,  99% used [0x00007f7699b50000, 0x00007f7785e37358, 0x00007f7785e37400, 0x00007f7786f5a000)
 Metaspace       used 24247K, capacity 24645K, committed 24832K, reserved 26624K
}
Event: 1120.194 GC heap before
{Heap before GC invocations=1532 (full 3):
 def new generation   total 1749312K, used 1625168K [0x00007f7144600000, 0x00007f71bb010000, 0x00007f7699b50000)
  eden space 1555008K, 100% used [0x00007f7144600000, 0x00007f71a3490000, 0x00007f71a3490000)
  from space 194304K,  36% used [0x00007f71a3490000, 0x00007f71a7914310, 0x00007f71af250000)
  to   space 194304K,   0% used [0x00007f71af250000, 0x00007f71af250000, 0x00007f71bb010000)
 tenured generation   total 3887144K, used 3869596K [0x00007f7699b50000, 0x00007f7786f5a000, 0x00007f8144600000)
   the space 3887144K,  99% used [0x00007f7699b50000, 0x00007f7785e37358, 0x00007f7785e37400, 0x00007f7786f5a000)
 Metaspace       used 24247K, capacity 24645K, committed 24832K, reserved 26624K
}
Event: 1120.342 GC heap after
{Heap after GC invocations=1533 (full 3):
 def new generation   total 1749312K, used 68674K [0x00007f7144600000, 0x00007f71bb010000, 0x00007f7699b50000)
  eden space 1555008K,   0% used [0x00007f7144600000, 0x00007f7144600000, 0x00007f71a3490000)
  from space 194304K,  35% used [0x00007f71af250000, 0x00007f71b3560bc8, 0x00007f71bb010000)
  to   space 194304K,   0% used [0x00007f71a3490000, 0x00007f71a3490000, 0x00007f71af250000)
 tenured generation   total 3887144K, used 3875031K [0x00007f7699b50000, 0x00007f7786f5a000, 0x00007f8144600000)
   the space 3887144K,  99% used [0x00007f7699b50000, 0x00007f7786385f78, 0x00007f7786386000, 0x00007f7786f5a000)
 Metaspace       used 24247K, capacity 24645K, committed 24832K, reserved 26624K
}
Event: 1121.318 GC heap before
{Heap before GC invocations=1533 (full 3):
 def new generation   total 1749312K, used 1623682K [0x00007f7144600000, 0x00007f71bb010000, 0x00007f7699b50000)
  eden space 1555008K, 100% used [0x00007f7144600000, 0x00007f71a3490000, 0x00007f71a3490000)
  from space 194304K,  35% used [0x00007f71af250000, 0x00007f71b3560bc8, 0x00007f71bb010000)
  to   space 194304K,   0% used [0x00007f71a3490000, 0x00007f71a3490000, 0x00007f71af250000)
 tenured generation   total 3887144K, used 3875031K [0x00007f7699b50000, 0x00007f7786f5a000, 0x00007f8144600000)
   the space 3887144K,  99% used [0x00007f7699b50000, 0x00007f7786385f78, 0x00007f7786386000, 0x00007f7786f5a000)
 Metaspace       used 24247K, capacity 24645K, committed 24832K, reserved 26624K
}
Event: 1121.458 GC heap after
{Heap after GC invocations=1534 (full 3):
 def new generation   total 1749312K, used 69014K [0x00007f7144600000, 0x00007f71bb010000, 0x00007f7699b50000)
  eden space 1555008K,   0% used [0x00007f7144600000, 0x00007f7144600000, 0x00007f71a3490000)
  from space 194304K,  35% used [0x00007f71a3490000, 0x00007f71a77f5b58, 0x00007f71af250000)
  to   space 194304K,   0% used [0x00007f71af250000, 0x00007f71af250000, 0x00007f71bb010000)
 tenured generation   total 3887144K, used 3879503K [0x00007f7699b50000, 0x00007f7786f5a000, 0x00007f8144600000)
   the space 3887144K,  99% used [0x00007f7699b50000, 0x00007f77867e3c68, 0x00007f77867e3e00, 0x00007f7786f5a000)
 Metaspace       used 24247K, capacity 24645K, committed 24832K, reserved 26624K
}
Event: 1122.504 GC heap before
{Heap before GC invocations=1534 (full 3):
 def new generation   total 1749312K, used 1624022K [0x00007f7144600000, 0x00007f71bb010000, 0x00007f7699b50000)
  eden space 1555008K, 100% used [0x00007f7144600000, 0x00007f71a3490000, 0x00007f71a3490000)
  from space 194304K,  35% used [0x00007f71a3490000, 0x00007f71a77f5b58, 0x00007f71af250000)
  to   space 194304K,   0% used [0x00007f71af250000, 0x00007f71af250000, 0x00007f71bb010000)
 tenured generation   total 3887144K, used 3879503K [0x00007f7699b50000, 0x00007f7786f5a000, 0x00007f8144600000)
   the space 3887144K,  99% used [0x00007f7699b50000, 0x00007f77867e3c68, 0x00007f77867e3e00, 0x00007f7786f5a000)
 Metaspace       used 24247K, capacity 24645K, committed 24832K, reserved 26624K
}
Event: 1122.640 GC heap after
{Heap after GC invocations=1535 (full 3):
 def new generation   total 1749312K, used 69792K [0x00007f7144600000, 0x00007f71bb010000, 0x00007f7699b50000)
  eden space 1555008K,   0% used [0x00007f7144600000, 0x00007f7144600000, 0x00007f71a3490000)
  from space 194304K,  35% used [0x00007f71af250000, 0x00007f71b3678328, 0x00007f71bb010000)
  to   space 194304K,   0% used [0x00007f71a3490000, 0x00007f71a3490000, 0x00007f71af250000)
 tenured generation   total 3887144K, used 3883708K [0x00007f7699b50000, 0x00007f7786f5a000, 0x00007f8144600000)
   the space 3887144K,  99% used [0x00007f7699b50000, 0x00007f7786bff2a8, 0x00007f7786bff400, 0x00007f7786f5a000)
 Metaspace       used 24247K, capacity 24645K, committed 24832K, reserved 26624K
}
Event: 1123.706 GC heap before
{Heap before GC invocations=1535 (full 3):
 def new generation   total 1749312K, used 1624800K [0x00007f7144600000, 0x00007f71bb010000, 0x00007f7699b50000)
  eden space 1555008K, 100% used [0x00007f7144600000, 0x00007f71a3490000, 0x00007f71a3490000)
  from space 194304K,  35% used [0x00007f71af250000, 0x00007f71b3678328, 0x00007f71bb010000)
  to   space 194304K,   0% used [0x00007f71a3490000, 0x00007f71a3490000, 0x00007f71af250000)
 tenured generation   total 3887144K, used 3883708K [0x00007f7699b50000, 0x00007f7786f5a000, 0x00007f8144600000)
   the space 3887144K,  99% used [0x00007f7699b50000, 0x00007f7786bff2a8, 0x00007f7786bff400, 0x00007f7786f5a000)
 Metaspace       used 24247K, capacity 24645K, committed 24832K, reserved 26624K
}
Event: 1123.814 GC heap after
{Heap after GC invocations=1536 (full 3):
 def new generation   total 1749312K, used 69099K [0x00007f7144600000, 0x00007f71bb010000, 0x00007f7699b50000)
  eden space 1555008K,   0% used [0x00007f7144600000, 0x00007f7144600000, 0x00007f71a3490000)
  from space 194304K,  35% used [0x00007f71a3490000, 0x00007f71a780ad48, 0x00007f71af250000)
  to   space 194304K,   0% used [0x00007f71af250000, 0x00007f71af250000, 0x00007f71bb010000)
 tenured generation   total 3888680K, used 3888652K [0x00007f7699b50000, 0x00007f77870da000, 0x00007f8144600000)
   the space 3888680K,  99% used [0x00007f7699b50000, 0x00007f77870d33d8, 0x00007f77870d3400, 0x00007f77870da000)
 Metaspace       used 24247K, capacity 24645K, committed 24832K, reserved 26624K
}
Event: 1123.814 GC heap before
{Heap before GC invocations=1536 (full 3):
 def new generation   total 1749312K, used 69099K [0x00007f7144600000, 0x00007f71bb010000, 0x00007f7699b50000)
  eden space 1555008K,   0% used [0x00007f7144600000, 0x00007f7144600000, 0x00007f71a3490000)
  from space 194304K,  35% used [0x00007f71a3490000, 0x00007f71a780ad48, 0x00007f71af250000)
  to   space 194304K,   0% used [0x00007f71af250000, 0x00007f71af250000, 0x00007f71bb010000)
 tenured generation   total 3888680K, used 3888652K [0x00007f7699b50000, 0x00007f77870da000, 0x00007f8144600000)
   the space 3888680K,  99% used [0x00007f7699b50000, 0x00007f77870d33d8, 0x00007f77870d3400, 0x00007f77870da000)
 Metaspace       used 24247K, capacity 24645K, committed 24832K, reserved 26624K
}

