# JRE version: OpenJDK Runtime Environment (13.0.7+5) (build 13.0.7+5-Ubuntu-0ubuntu120.04)
# Java VM: OpenJDK 64-Bit Server VM (13.0.7+5-Ubuntu-0ubuntu120.04, mixed mode, tiered, serial gc, linux-amd64)
Heap:
 def new generation   total 2552320K, used 0K [0x00007f30cc600000, 0x00007f3179770000, 0x00007f3621b50000)
  eden space 2268736K,   0% used [0x00007f30cc600000, 0x00007f30cc600000, 0x00007f3156d90000)
  from space 283584K,   0% used [0x00007f3156d90000, 0x00007f3156d90000, 0x00007f3168280000)
  to   space 283584K,   0% used [0x00007f3168280000, 0x00007f3168280000, 0x00007f3179770000)
 tenured generation   total 5671756K, used 272829K [0x00007f3621b50000, 0x00007f377be23000, 0x00007f40cc600000)
   the space 5671756K,   4% used [0x00007f3621b50000, 0x00007f36325bf468, 0x00007f36325bf600, 0x00007f377be23000)
 Metaspace       used 23324K, capacity 23684K, committed 23808K, reserved 24576K
GC Heap History (20 events):
Event: 11.760 GC heap before
{Heap before GC invocations=5 (full 3):
 def new generation   total 1608640K, used 27926K [0x00007f30cc600000, 0x00007f3139770000, 0x00007f3621b50000)
  eden space 1429952K,   1% used [0x00007f30cc600000, 0x00007f30ce145940, 0x00007f3123a70000)
  from space 178688K,   0% used [0x00007f3123a70000, 0x00007f3123a70000, 0x00007f312e8f0000)
  to   space 178688K,   0% used [0x00007f312e8f0000, 0x00007f312e8f0000, 0x00007f3139770000)
 tenured generation   total 5671756K, used 4241909K [0x00007f3621b50000, 0x00007f377be23000, 0x00007f40cc600000)
   the space 5671756K,  74% used [0x00007f3621b50000, 0x00007f37249cd680, 0x00007f37249cd800, 0x00007f377be23000)
 Metaspace       used 23258K, capacity 23611K, committed 23808K, reserved 24576K
}
Event: 11.771 GC heap after
{Heap after GC invocations=6 (full 3):
 def new generation   total 1608640K, used 3K [0x00007f30cc600000, 0x00007f3139770000, 0x00007f3621b50000)
  eden space 1429952K,   0% used [0x00007f30cc600000, 0x00007f30cc600000, 0x00007f3123a70000)
  from space 178688K,   0% used [0x00007f312e8f0000, 0x00007f312e8f0d20, 0x00007f3139770000)
  to   space 178688K,   0% used [0x00007f3123a70000, 0x00007f3123a70000, 0x00007f312e8f0000)
 tenured generation   total 5671756K, used 4241909K [0x00007f3621b50000, 0x00007f377be23000, 0x00007f40cc600000)
   the space 5671756K,  74% used [0x00007f3621b50000, 0x00007f37249cd680, 0x00007f37249cd800, 0x00007f377be23000)
 Metaspace       used 23258K, capacity 23611K, committed 23808K, reserved 24576K
}
Event: 11.771 GC heap before
{Heap before GC invocations=6 (full 3):
 def new generation   total 1608640K, used 3K [0x00007f30cc600000, 0x00007f3139770000, 0x00007f3621b50000)
  eden space 1429952K,   0% used [0x00007f30cc600000, 0x00007f30cc600000, 0x00007f3123a70000)
  from space 178688K,   0% used [0x00007f312e8f0000, 0x00007f312e8f0d20, 0x00007f3139770000)
  to   space 178688K,   0% used [0x00007f3123a70000, 0x00007f3123a70000, 0x00007f312e8f0000)
 tenured generation   total 5671756K, used 4241909K [0x00007f3621b50000, 0x00007f377be23000, 0x00007f40cc600000)
   the space 5671756K,  74% used [0x00007f3621b50000, 0x00007f37249cd680, 0x00007f37249cd800, 0x00007f377be23000)
 Metaspace       used 23258K, capacity 23611K, committed 23808K, reserved 24576K
}
Event: 11.840 GC heap after
{Heap after GC invocations=6 (full 4):
 def new generation   total 2552320K, used 0K [0x00007f30cc600000, 0x00007f3179770000, 0x00007f3621b50000)
  eden space 2268736K,   0% used [0x00007f30cc600000, 0x00007f30cc600000, 0x00007f3156d90000)
  from space 283584K,   0% used [0x00007f3156d90000, 0x00007f3156d90000, 0x00007f3168280000)
  to   space 283584K,   0% used [0x00007f3168280000, 0x00007f3168280000, 0x00007f3179770000)
 tenured generation   total 5671756K, used 9450K [0x00007f3621b50000, 0x00007f377be23000, 0x00007f40cc600000)
   the space 5671756K,   0% used [0x00007f3621b50000, 0x00007f362248abd8, 0x00007f362248ac00, 0x00007f377be23000)
 Metaspace       used 23258K, capacity 23611K, committed 23808K, reserved 24576K
}
Event: 26.868 GC heap before
{Heap before GC invocations=6 (full 4):
 def new generation   total 2552320K, used 1915592K [0x00007f30cc600000, 0x00007f3179770000, 0x00007f3621b50000)
  eden space 2268736K,  84% used [0x00007f30cc600000, 0x00007f31414b22e8, 0x00007f3156d90000)
  from space 283584K,   0% used [0x00007f3156d90000, 0x00007f3156d90000, 0x00007f3168280000)
  to   space 283584K,   0% used [0x00007f3168280000, 0x00007f3168280000, 0x00007f3179770000)
 tenured generation   total 5671756K, used 4203754K [0x00007f3621b50000, 0x00007f377be23000, 0x00007f40cc600000)
   the space 5671756K,  74% used [0x00007f3621b50000, 0x00007f372248abf0, 0x00007f372248ac00, 0x00007f377be23000)
 Metaspace       used 23276K, capacity 23617K, committed 23808K, reserved 24576K
}
Event: 29.406 GC heap after
{Heap after GC invocations=7 (full 4):
 def new generation   total 2552320K, used 1931K [0x00007f30cc600000, 0x00007f3179770000, 0x00007f3621b50000)
  eden space 2268736K,   0% used [0x00007f30cc600000, 0x00007f30cc600000, 0x00007f3156d90000)
  from space 283584K,   0% used [0x00007f3168280000, 0x00007f3168462ef0, 0x00007f3179770000)
  to   space 283584K,   0% used [0x00007f3156d90000, 0x00007f3156d90000, 0x00007f3168280000)
 tenured generation   total 5671756K, used 4728043K [0x00007f3621b50000, 0x00007f377be23000, 0x00007f40cc600000)
   the space 5671756K,  83% used [0x00007f3621b50000, 0x00007f374248ac08, 0x00007f374248ae00, 0x00007f377be23000)
 Metaspace       used 23276K, capacity 23617K, committed 23808K, reserved 24576K
}
Event: 30.016 GC heap before
{Heap before GC invocations=7 (full 4):
 def new generation   total 2552320K, used 570900K [0x00007f30cc600000, 0x00007f3179770000, 0x00007f3621b50000)
  eden space 2268736K,  25% used [0x00007f30cc600000, 0x00007f30ef1a23d0, 0x00007f3156d90000)
  from space 283584K,   0% used [0x00007f3168280000, 0x00007f3168462ef0, 0x00007f3179770000)
  to   space 283584K,   0% used [0x00007f3156d90000, 0x00007f3156d90000, 0x00007f3168280000)
 tenured generation   total 5671756K, used 4728043K [0x00007f3621b50000, 0x00007f377be23000, 0x00007f40cc600000)
   the space 5671756K,  83% used [0x00007f3621b50000, 0x00007f374248ac08, 0x00007f374248ae00, 0x00007f377be23000)
 Metaspace       used 23276K, capacity 23617K, committed 23808K, reserved 24576K
}
Event: 31.448 GC heap after
{Heap after GC invocations=8 (full 4):
 def new generation   total 2552320K, used 1932K [0x00007f30cc600000, 0x00007f3179770000, 0x00007f3621b50000)
  eden space 2268736K,   0% used [0x00007f30cc600000, 0x00007f30cc600000, 0x00007f3156d90000)
  from space 283584K,   0% used [0x00007f3156d90000, 0x00007f3156f730f8, 0x00007f3168280000)
  to   space 283584K,   0% used [0x00007f3168280000, 0x00007f3168280000, 0x00007f3179770000)
 tenured generation   total 5671756K, used 5252331K [0x00007f3621b50000, 0x00007f377be23000, 0x00007f40cc600000)
   the space 5671756K,  92% used [0x00007f3621b50000, 0x00007f376248ac20, 0x00007f376248ae00, 0x00007f377be23000)
 Metaspace       used 23276K, capacity 23617K, committed 23808K, reserved 24576K
}
Event: 35.014 GC heap before
{Heap before GC invocations=8 (full 4):
 def new generation   total 2552320K, used 2143765K [0x00007f30cc600000, 0x00007f3179770000, 0x00007f3621b50000)
  eden space 2268736K,  94% used [0x00007f30cc600000, 0x00007f314f1a23a8, 0x00007f3156d90000)
  from space 283584K,   0% used [0x00007f3156d90000, 0x00007f3156f730f8, 0x00007f3168280000)
  to   space 283584K,   0% used [0x00007f3168280000, 0x00007f3168280000, 0x00007f3179770000)
 tenured generation   total 5671756K, used 5252331K [0x00007f3621b50000, 0x00007f377be23000, 0x00007f40cc600000)
   the space 5671756K,  92% used [0x00007f3621b50000, 0x00007f376248ac20, 0x00007f376248ae00, 0x00007f377be23000)
 Metaspace       used 23276K, capacity 23617K, committed 23808K, reserved 24576K
}
Event: 36.736 GC heap after
{Heap after GC invocations=9 (full 4):
 def new generation   total 2552320K, used 1932K [0x00007f30cc600000, 0x00007f3179770000, 0x00007f3621b50000)
  eden space 2268736K,   0% used [0x00007f30cc600000, 0x00007f30cc600000, 0x00007f3156d90000)
  from space 283584K,   0% used [0x00007f3168280000, 0x00007f3168463098, 0x00007f3179770000)
  to   space 283584K,   0% used [0x00007f3156d90000, 0x00007f3156d90000, 0x00007f3168280000)
 tenured generation   total 7768912K, used 7349483K [0x00007f3621b50000, 0x00007f37fbe24000, 0x00007f40cc600000)
   the space 7768912K,  94% used [0x00007f3621b50000, 0x00007f37e248ac38, 0x00007f37e248ae00, 0x00007f37fbe24000)
 Metaspace       used 23276K, capacity 23617K, committed 23808K, reserved 24576K
}
Event: 36.736 GC heap before
{Heap before GC invocations=9 (full 4):
 def new generation   total 2552320K, used 1932K [0x00007f30cc600000, 0x00007f3179770000, 0x00007f3621b50000)
  eden space 2268736K,   0% used [0x00007f30cc600000, 0x00007f30cc600000, 0x00007f3156d90000)
  from space 283584K,   0% used [0x00007f3168280000, 0x00007f3168463098, 0x00007f3179770000)
  to   space 283584K,   0% used [0x00007f3156d90000, 0x00007f3156d90000, 0x00007f3168280000)
 tenured generation   total 7768912K, used 7349483K [0x00007f3621b50000, 0x00007f37fbe24000, 0x00007f40cc600000)
   the space 7768912K,  94% used [0x00007f3621b50000, 0x00007f37e248ac38, 0x00007f37e248ae00, 0x00007f37fbe24000)
 Metaspace       used 23276K, capacity 23617K, committed 23808K, reserved 24576K
}
Event: 38.994 GC heap after
{Heap after GC invocations=9 (full 5):
 def new generation   total 2552320K, used 0K [0x00007f30cc600000, 0x00007f3179770000, 0x00007f3621b50000)
  eden space 2268736K,   0% used [0x00007f30cc600000, 0x00007f30cc600000, 0x00007f3156d90000)
  from space 283584K,   0% used [0x00007f3168280000, 0x00007f3168280000, 0x00007f3179770000)
  to   space 283584K,   0% used [0x00007f3156d90000, 0x00007f3156d90000, 0x00007f3168280000)
 tenured generation   total 5671756K, used 2632821K [0x00007f3621b50000, 0x00007f377be23000, 0x00007f40cc600000)
   the space 5671756K,  46% used [0x00007f3621b50000, 0x00007f36c266d6f0, 0x00007f36c266d800, 0x00007f377be23000)
 Metaspace       used 23276K, capacity 23617K, committed 23808K, reserved 24576K
}
Event: 45.552 GC heap before
{Heap before GC invocations=9 (full 5):
 def new generation   total 2552320K, used 2268736K [0x00007f30cc600000, 0x00007f3179770000, 0x00007f3621b50000)
  eden space 2268736K, 100% used [0x00007f30cc600000, 0x00007f3156d90000, 0x00007f3156d90000)
  from space 283584K,   0% used [0x00007f3168280000, 0x00007f3168280000, 0x00007f3179770000)
  to   space 283584K,   0% used [0x00007f3156d90000, 0x00007f3156d90000, 0x00007f3168280000)
 tenured generation   total 5671756K, used 2632821K [0x00007f3621b50000, 0x00007f377be23000, 0x00007f40cc600000)
   the space 5671756K,  46% used [0x00007f3621b50000, 0x00007f36c266d6f0, 0x00007f36c266d800, 0x00007f377be23000)
 Metaspace       used 23293K, capacity 23682K, committed 23808K, reserved 24576K
}
Event: 46.217 GC heap after
{Heap after GC invocations=10 (full 5):
 def new generation   total 2552320K, used 1276K [0x00007f30cc600000, 0x00007f3179770000, 0x00007f3621b50000)
  eden space 2268736K,   0% used [0x00007f30cc600000, 0x00007f30cc600000, 0x00007f3156d90000)
  from space 283584K,   0% used [0x00007f3156d90000, 0x00007f3156ecf278, 0x00007f3168280000)
  to   space 283584K,   0% used [0x00007f3168280000, 0x00007f3168280000, 0x00007f3179770000)
 tenured generation   total 5671756K, used 3681397K [0x00007f3621b50000, 0x00007f377be23000, 0x00007f40cc600000)
   the space 5671756K,  64% used [0x00007f3621b50000, 0x00007f370266d708, 0x00007f370266d800, 0x00007f377be23000)
 Metaspace       used 23293K, capacity 23682K, committed 23808K, reserved 24576K
}
Event: 49.153 GC heap before
{Heap before GC invocations=10 (full 5):
 def new generation   total 2552320K, used 2166901K [0x00007f30cc600000, 0x00007f3179770000, 0x00007f3621b50000)
  eden space 2268736K,  95% used [0x00007f30cc600000, 0x00007f31508de4c0, 0x00007f3156d90000)
  from space 283584K,   0% used [0x00007f3156d90000, 0x00007f3156ecf278, 0x00007f3168280000)
  to   space 283584K,   0% used [0x00007f3168280000, 0x00007f3168280000, 0x00007f3179770000)
 tenured generation   total 5671756K, used 3681397K [0x00007f3621b50000, 0x00007f377be23000, 0x00007f40cc600000)
   the space 5671756K,  64% used [0x00007f3621b50000, 0x00007f370266d708, 0x00007f370266d800, 0x00007f377be23000)
 Metaspace       used 23324K, capacity 23684K, committed 23808K, reserved 24576K
}
Event: 51.355 GC heap after
{Heap after GC invocations=11 (full 5):
 def new generation   total 2552320K, used 132684K [0x00007f30cc600000, 0x00007f3179770000, 0x00007f3621b50000)
  eden space 2268736K,   0% used [0x00007f30cc600000, 0x00007f30cc600000, 0x00007f3156d90000)
  from space 283584K,  46% used [0x00007f3168280000, 0x00007f31704130a8, 0x00007f3179770000)
  to   space 283584K,   0% used [0x00007f3156d90000, 0x00007f3156d90000, 0x00007f3168280000)
 tenured generation   total 5671756K, used 3681397K [0x00007f3621b50000, 0x00007f377be23000, 0x00007f40cc600000)
   the space 5671756K,  64% used [0x00007f3621b50000, 0x00007f370266d708, 0x00007f370266d800, 0x00007f377be23000)
 Metaspace       used 23324K, capacity 23684K, committed 23808K, reserved 24576K
}
Event: 51.526 GC heap before
{Heap before GC invocations=11 (full 5):
 def new generation   total 2552320K, used 308420K [0x00007f30cc600000, 0x00007f3179770000, 0x00007f3621b50000)
  eden space 2268736K,   7% used [0x00007f30cc600000, 0x00007f30d719e1d8, 0x00007f3156d90000)
  from space 283584K,  46% used [0x00007f3168280000, 0x00007f31704130a8, 0x00007f3179770000)
  to   space 283584K,   0% used [0x00007f3156d90000, 0x00007f3156d90000, 0x00007f3168280000)
 tenured generation   total 5671756K, used 3681397K [0x00007f3621b50000, 0x00007f377be23000, 0x00007f40cc600000)
   the space 5671756K,  64% used [0x00007f3621b50000, 0x00007f370266d708, 0x00007f370266d800, 0x00007f377be23000)
 Metaspace       used 23324K, capacity 23684K, committed 23808K, reserved 24576K
}
Event: 52.026 GC heap after
{Heap after GC invocations=12 (full 5):
 def new generation   total 2552320K, used 263756K [0x00007f30cc600000, 0x00007f3179770000, 0x00007f3621b50000)
  eden space 2268736K,   0% used [0x00007f30cc600000, 0x00007f30cc600000, 0x00007f3156d90000)
  from space 283584K,  93% used [0x00007f3156d90000, 0x00007f3166f23338, 0x00007f3168280000)
  to   space 283584K,   0% used [0x00007f3168280000, 0x00007f3168280000, 0x00007f3179770000)
 tenured generation   total 5671756K, used 3681397K [0x00007f3621b50000, 0x00007f377be23000, 0x00007f40cc600000)
   the space 5671756K,  64% used [0x00007f3621b50000, 0x00007f370266d708, 0x00007f370266d800, 0x00007f377be23000)
 Metaspace       used 23324K, capacity 23684K, committed 23808K, reserved 24576K
}
Event: 52.026 GC heap before
{Heap before GC invocations=12 (full 5):
 def new generation   total 2552320K, used 263756K [0x00007f30cc600000, 0x00007f3179770000, 0x00007f3621b50000)
  eden space 2268736K,   0% used [0x00007f30cc600000, 0x00007f30cc600000, 0x00007f3156d90000)
  from space 283584K,  93% used [0x00007f3156d90000, 0x00007f3166f23338, 0x00007f3168280000)
  to   space 283584K,   0% used [0x00007f3168280000, 0x00007f3168280000, 0x00007f3179770000)
 tenured generation   total 5671756K, used 3681397K [0x00007f3621b50000, 0x00007f377be23000, 0x00007f40cc600000)
   the space 5671756K,  64% used [0x00007f3621b50000, 0x00007f370266d708, 0x00007f370266d800, 0x00007f377be23000)
 Metaspace       used 23324K, capacity 23684K, committed 23808K, reserved 24576K
}
Event: 52.255 GC heap after
{Heap after GC invocations=12 (full 6):
 def new generation   total 2552320K, used 0K [0x00007f30cc600000, 0x00007f3179770000, 0x00007f3621b50000)
  eden space 2268736K,   0% used [0x00007f30cc600000, 0x00007f30cc600000, 0x00007f3156d90000)
  from space 283584K,   0% used [0x00007f3156d90000, 0x00007f3156d90000, 0x00007f3168280000)
  to   space 283584K,   0% used [0x00007f3168280000, 0x00007f3168280000, 0x00007f3179770000)
 tenured generation   total 5671756K, used 272829K [0x00007f3621b50000, 0x00007f377be23000, 0x00007f40cc600000)
   the space 5671756K,   4% used [0x00007f3621b50000, 0x00007f36325bf468, 0x00007f36325bf600, 0x00007f377be23000)
 Metaspace       used 23324K, capacity 23684K, committed 23808K, reserved 24576K
}

