# JRE version: OpenJDK Runtime Environment (13.0.7+5) (build 13.0.7+5-Ubuntu-0ubuntu120.04)
# Java VM: OpenJDK 64-Bit Server VM (13.0.7+5-Ubuntu-0ubuntu120.04, mixed mode, tiered, serial gc, linux-amd64)
Heap:
 def new generation   total 2423744K, used 2179349K [0x00007f1708600000, 0x00007f17acbe0000, 0x00007f1c5db50000)
  eden space 2154496K,  99% used [0x00007f1708600000, 0x00007f178af5c160, 0x00007f178be00000)
  from space 269248K,  14% used [0x00007f179c4f0000, 0x00007f179ebd93c8, 0x00007f17acbe0000)
  to   space 269248K,  13% used [0x00007f178be00000, 0x00007f178e0b2338, 0x00007f179c4f0000)
 tenured generation   total 6434496K, used 6377277K [0x00007f1c5db50000, 0x00007f1de6700000, 0x00007f2708600000)
   the space 6434496K,  99% used [0x00007f1c5db50000, 0x00007f1de2f1f558, 0x00007f1de2f1f600, 0x00007f1de6700000)
 Metaspace       used 24250K, capacity 24674K, committed 24832K, reserved 26624K
GC Heap History (20 events):
Event: 120027.939 GC heap after
{Heap after GC invocations=44619 (full 14287):
 def new generation   total 2423488K, used 35716K [0x00007f1708600000, 0x00007f17acba0000, 0x00007f1c5db50000)
  eden space 2154240K,   0% used [0x00007f1708600000, 0x00007f1708600000, 0x00007f178bdc0000)
  from space 269248K,  13% used [0x00007f178bdc0000, 0x00007f178e0a1220, 0x00007f179c4b0000)
  to   space 269248K,   0% used [0x00007f179c4b0000, 0x00007f179c4b0000, 0x00007f17acba0000)
 tenured generation   total 7482576K, used 7425552K [0x00007f1c5db50000, 0x00007f1e26684000, 0x00007f2708600000)
   the space 7482576K,  99% used [0x00007f1c5db50000, 0x00007f1e22ed4030, 0x00007f1e22ed4200, 0x00007f1e26684000)
 Metaspace       used 24250K, capacity 24674K, committed 24832K, reserved 26624K
}
Event: 120027.939 GC heap before
{Heap before GC invocations=44619 (full 14287):
 def new generation   total 2423488K, used 35716K [0x00007f1708600000, 0x00007f17acba0000, 0x00007f1c5db50000)
  eden space 2154240K,   0% used [0x00007f1708600000, 0x00007f1708600000, 0x00007f178bdc0000)
  from space 269248K,  13% used [0x00007f178bdc0000, 0x00007f178e0a1220, 0x00007f179c4b0000)
  to   space 269248K,   0% used [0x00007f179c4b0000, 0x00007f179c4b0000, 0x00007f17acba0000)
 tenured generation   total 7482576K, used 7425552K [0x00007f1c5db50000, 0x00007f1e26684000, 0x00007f2708600000)
   the space 7482576K,  99% used [0x00007f1c5db50000, 0x00007f1e22ed4030, 0x00007f1e22ed4200, 0x00007f1e26684000)
 Metaspace       used 24250K, capacity 24674K, committed 24832K, reserved 26624K
}
Event: 120030.332 GC heap after
{Heap after GC invocations=44619 (full 14288):
 def new generation   total 2423616K, used 0K [0x00007f1708600000, 0x00007f17acbc0000, 0x00007f1c5db50000)
  eden space 2154368K,   0% used [0x00007f1708600000, 0x00007f1708600000, 0x00007f178bde0000)
  from space 269248K,   0% used [0x00007f178bde0000, 0x00007f178bde0000, 0x00007f179c4d0000)
  to   space 269248K,   0% used [0x00007f179c4d0000, 0x00007f179c4d0000, 0x00007f17acbc0000)
 tenured generation   total 5385668K, used 3231398K [0x00007f1c5db50000, 0x00007f1da66c1000, 0x00007f2708600000)
   the space 5385668K,  59% used [0x00007f1c5db50000, 0x00007f1d22ef9a70, 0x00007f1d22ef9c00, 0x00007f1da66c1000)
 Metaspace       used 24250K, capacity 24674K, committed 24832K, reserved 26624K
}
Event: 120032.976 GC heap before
{Heap before GC invocations=44619 (full 14288):
 def new generation   total 2423616K, used 1530269K [0x00007f1708600000, 0x00007f17acbc0000, 0x00007f1c5db50000)
  eden space 2154368K,  71% used [0x00007f1708600000, 0x00007f1765c67700, 0x00007f178bde0000)
  from space 269248K,   0% used [0x00007f178bde0000, 0x00007f178bde0000, 0x00007f179c4d0000)
  to   space 269248K,   0% used [0x00007f179c4d0000, 0x00007f179c4d0000, 0x00007f17acbc0000)
 tenured generation   total 5385668K, used 3231398K [0x00007f1c5db50000, 0x00007f1da66c1000, 0x00007f2708600000)
   the space 5385668K,  59% used [0x00007f1c5db50000, 0x00007f1d22ef9a70, 0x00007f1d22ef9c00, 0x00007f1da66c1000)
 Metaspace       used 24250K, capacity 24674K, committed 24832K, reserved 26624K
}
Event: 120032.999 GC heap after
{Heap after GC invocations=44620 (full 14288):
 def new generation   total 2423616K, used 39768K [0x00007f1708600000, 0x00007f17acbc0000, 0x00007f1c5db50000)
  eden space 2154368K,   0% used [0x00007f1708600000, 0x00007f1708600000, 0x00007f178bde0000)
  from space 269248K,  14% used [0x00007f179c4d0000, 0x00007f179eba6338, 0x00007f17acbc0000)
  to   space 269248K,   0% used [0x00007f178bde0000, 0x00007f178bde0000, 0x00007f179c4d0000)
 tenured generation   total 5385668K, used 3231398K [0x00007f1c5db50000, 0x00007f1da66c1000, 0x00007f2708600000)
   the space 5385668K,  59% used [0x00007f1c5db50000, 0x00007f1d22ef9a70, 0x00007f1d22ef9c00, 0x00007f1da66c1000)
 Metaspace       used 24250K, capacity 24674K, committed 24832K, reserved 26624K
}
Event: 120035.165 GC heap before
{Heap before GC invocations=44620 (full 14288):
 def new generation   total 2423616K, used 2179270K [0x00007f1708600000, 0x00007f17acbc0000, 0x00007f1c5db50000)
  eden space 2154368K,  99% used [0x00007f1708600000, 0x00007f178af5b7e0, 0x00007f178bde0000)
  from space 269248K,  14% used [0x00007f179c4d0000, 0x00007f179eba6338, 0x00007f17acbc0000)
  to   space 269248K,   0% used [0x00007f178bde0000, 0x00007f178bde0000, 0x00007f179c4d0000)
 tenured generation   total 5385668K, used 3231398K [0x00007f1c5db50000, 0x00007f1da66c1000, 0x00007f2708600000)
   the space 5385668K,  59% used [0x00007f1c5db50000, 0x00007f1d22ef9a70, 0x00007f1d22ef9c00, 0x00007f1da66c1000)
 Metaspace       used 24250K, capacity 24674K, committed 24832K, reserved 26624K
}
Event: 120036.368 GC heap after
{Heap after GC invocations=44621 (full 14288):
 def new generation   total 2423616K, used 35640K [0x00007f1708600000, 0x00007f17acbc0000, 0x00007f1c5db50000)
  eden space 2154368K,   0% used [0x00007f1708600000, 0x00007f1708600000, 0x00007f178bde0000)
  from space 269248K,  13% used [0x00007f178bde0000, 0x00007f178e0ae190, 0x00007f179c4d0000)
  to   space 269248K,   0% used [0x00007f179c4d0000, 0x00007f179c4d0000, 0x00007f17acbc0000)
 tenured generation   total 5385668K, used 5328550K [0x00007f1c5db50000, 0x00007f1da66c1000, 0x00007f2708600000)
   the space 5385668K,  98% used [0x00007f1c5db50000, 0x00007f1da2ef9aa0, 0x00007f1da2ef9c00, 0x00007f1da66c1000)
 Metaspace       used 24250K, capacity 24674K, committed 24832K, reserved 26624K
}
Event: 120038.769 GC heap before
{Heap before GC invocations=44621 (full 14288):
 def new generation   total 2423616K, used 1565910K [0x00007f1708600000, 0x00007f17acbc0000, 0x00007f1c5db50000)
  eden space 2154368K,  71% used [0x00007f1708600000, 0x00007f1765c67700, 0x00007f178bde0000)
  from space 269248K,  13% used [0x00007f178bde0000, 0x00007f178e0ae190, 0x00007f179c4d0000)
  to   space 269248K,   0% used [0x00007f179c4d0000, 0x00007f179c4d0000, 0x00007f17acbc0000)
 tenured generation   total 5385668K, used 5328550K [0x00007f1c5db50000, 0x00007f1da66c1000, 0x00007f2708600000)
   the space 5385668K,  98% used [0x00007f1c5db50000, 0x00007f1da2ef9aa0, 0x00007f1da2ef9c00, 0x00007f1da66c1000)
 Metaspace       used 24250K, capacity 24674K, committed 24832K, reserved 26624K
}
Event: 120038.795 GC heap after
{Heap after GC invocations=44622 (full 14288):
 def new generation   total 2423616K, used 39844K [0x00007f1708600000, 0x00007f17acbc0000, 0x00007f1c5db50000)
  eden space 2154368K,   0% used [0x00007f1708600000, 0x00007f1708600000, 0x00007f178bde0000)
  from space 269248K,  14% used [0x00007f179c4d0000, 0x00007f179ebb93c8, 0x00007f17acbc0000)
  to   space 269248K,   0% used [0x00007f178bde0000, 0x00007f178bde0000, 0x00007f179c4d0000)
 tenured generation   total 5385668K, used 5328550K [0x00007f1c5db50000, 0x00007f1da66c1000, 0x00007f2708600000)
   the space 5385668K,  98% used [0x00007f1c5db50000, 0x00007f1da2ef9aa0, 0x00007f1da2ef9c00, 0x00007f1da66c1000)
 Metaspace       used 24250K, capacity 24674K, committed 24832K, reserved 26624K
}
Event: 120040.932 GC heap before
{Heap before GC invocations=44622 (full 14288):
 def new generation   total 2423616K, used 2179346K [0x00007f1708600000, 0x00007f17acbc0000, 0x00007f1c5db50000)
  eden space 2154368K,  99% used [0x00007f1708600000, 0x00007f178af5b7e0, 0x00007f178bde0000)
  from space 269248K,  14% used [0x00007f179c4d0000, 0x00007f179ebb93c8, 0x00007f17acbc0000)
  to   space 269248K,   0% used [0x00007f178bde0000, 0x00007f178bde0000, 0x00007f179c4d0000)
 tenured generation   total 5385668K, used 5328550K [0x00007f1c5db50000, 0x00007f1da66c1000, 0x00007f2708600000)
   the space 5385668K,  98% used [0x00007f1c5db50000, 0x00007f1da2ef9aa0, 0x00007f1da2ef9c00, 0x00007f1da66c1000)
 Metaspace       used 24250K, capacity 24674K, committed 24832K, reserved 26624K
}
Event: 120043.737 GC heap after
{Heap after GC invocations=44623 (full 14288):
 def new generation   total 2423616K, used 35716K [0x00007f1708600000, 0x00007f17acbc0000, 0x00007f1c5db50000)
  eden space 2154368K,   0% used [0x00007f1708600000, 0x00007f1708600000, 0x00007f178bde0000)
  from space 269248K,  13% used [0x00007f178bde0000, 0x00007f178e0c1220, 0x00007f179c4d0000)
  to   space 269248K,   0% used [0x00007f179c4d0000, 0x00007f179c4d0000, 0x00007f17acbc0000)
 tenured generation   total 7482828K, used 7425702K [0x00007f1c5db50000, 0x00007f1e266c3000, 0x00007f2708600000)
   the space 7482828K,  99% used [0x00007f1c5db50000, 0x00007f1e22ef9ad0, 0x00007f1e22ef9c00, 0x00007f1e266c3000)
 Metaspace       used 24250K, capacity 24674K, committed 24832K, reserved 26624K
}
Event: 120043.737 GC heap before
{Heap before GC invocations=44623 (full 14288):
 def new generation   total 2423616K, used 35716K [0x00007f1708600000, 0x00007f17acbc0000, 0x00007f1c5db50000)
  eden space 2154368K,   0% used [0x00007f1708600000, 0x00007f1708600000, 0x00007f178bde0000)
  from space 269248K,  13% used [0x00007f178bde0000, 0x00007f178e0c1220, 0x00007f179c4d0000)
  to   space 269248K,   0% used [0x00007f179c4d0000, 0x00007f179c4d0000, 0x00007f17acbc0000)
 tenured generation   total 7482828K, used 7425702K [0x00007f1c5db50000, 0x00007f1e266c3000, 0x00007f2708600000)
   the space 7482828K,  99% used [0x00007f1c5db50000, 0x00007f1e22ef9ad0, 0x00007f1e22ef9c00, 0x00007f1e266c3000)
 Metaspace       used 24250K, capacity 24674K, committed 24832K, reserved 26624K
}
Event: 120046.087 GC heap after
{Heap after GC invocations=44623 (full 14289):
 def new generation   total 2423744K, used 0K [0x00007f1708600000, 0x00007f17acbe0000, 0x00007f1c5db50000)
  eden space 2154496K,   0% used [0x00007f1708600000, 0x00007f1708600000, 0x00007f178be00000)
  from space 269248K,   0% used [0x00007f178be00000, 0x00007f178be00000, 0x00007f179c4f0000)
  to   space 269248K,   0% used [0x00007f179c4f0000, 0x00007f179c4f0000, 0x00007f17acbe0000)
 tenured generation   total 5385916K, used 3231549K [0x00007f1c5db50000, 0x00007f1da66ff000, 0x00007f2708600000)
   the space 5385916K,  59% used [0x00007f1c5db50000, 0x00007f1d22f1f510, 0x00007f1d22f1f600, 0x00007f1da66ff000)
 Metaspace       used 24250K, capacity 24674K, committed 24832K, reserved 26624K
}
Event: 120048.582 GC heap before
{Heap before GC invocations=44623 (full 14289):
 def new generation   total 2423744K, used 1530293K [0x00007f1708600000, 0x00007f17acbe0000, 0x00007f1c5db50000)
  eden space 2154496K,  71% used [0x00007f1708600000, 0x00007f1765c6d640, 0x00007f178be00000)
  from space 269248K,   0% used [0x00007f178be00000, 0x00007f178be00000, 0x00007f179c4f0000)
  to   space 269248K,   0% used [0x00007f179c4f0000, 0x00007f179c4f0000, 0x00007f17acbe0000)
 tenured generation   total 5385916K, used 3231549K [0x00007f1c5db50000, 0x00007f1da66ff000, 0x00007f2708600000)
   the space 5385916K,  59% used [0x00007f1c5db50000, 0x00007f1d22f1f510, 0x00007f1d22f1f600, 0x00007f1da66ff000)
 Metaspace       used 24250K, capacity 24674K, committed 24832K, reserved 26624K
}
Event: 120048.611 GC heap after
{Heap after GC invocations=44624 (full 14289):
 def new generation   total 2423744K, used 39768K [0x00007f1708600000, 0x00007f17acbe0000, 0x00007f1c5db50000)
  eden space 2154496K,   0% used [0x00007f1708600000, 0x00007f1708600000, 0x00007f178be00000)
  from space 269248K,  14% used [0x00007f179c4f0000, 0x00007f179ebc6338, 0x00007f17acbe0000)
  to   space 269248K,   0% used [0x00007f178be00000, 0x00007f178be00000, 0x00007f179c4f0000)
 tenured generation   total 5385916K, used 3231549K [0x00007f1c5db50000, 0x00007f1da66ff000, 0x00007f2708600000)
   the space 5385916K,  59% used [0x00007f1c5db50000, 0x00007f1d22f1f510, 0x00007f1d22f1f600, 0x00007f1da66ff000)
 Metaspace       used 24250K, capacity 24674K, committed 24832K, reserved 26624K
}
Event: 120050.744 GC heap before
{Heap before GC invocations=44624 (full 14289):
 def new generation   total 2423744K, used 2179273K [0x00007f1708600000, 0x00007f17acbe0000, 0x00007f1c5db50000)
  eden space 2154496K,  99% used [0x00007f1708600000, 0x00007f178af5c1d8, 0x00007f178be00000)
  from space 269248K,  14% used [0x00007f179c4f0000, 0x00007f179ebc6338, 0x00007f17acbe0000)
  to   space 269248K,   0% used [0x00007f178be00000, 0x00007f178be00000, 0x00007f179c4f0000)
 tenured generation   total 5385916K, used 3231549K [0x00007f1c5db50000, 0x00007f1da66ff000, 0x00007f2708600000)
   the space 5385916K,  59% used [0x00007f1c5db50000, 0x00007f1d22f1f510, 0x00007f1d22f1f600, 0x00007f1da66ff000)
 Metaspace       used 24250K, capacity 24674K, committed 24832K, reserved 26624K
}
Event: 120051.968 GC heap after
{Heap after GC invocations=44625 (full 14289):
 def new generation   total 2423744K, used 35640K [0x00007f1708600000, 0x00007f17acbe0000, 0x00007f1c5db50000)
  eden space 2154496K,   0% used [0x00007f1708600000, 0x00007f1708600000, 0x00007f178be00000)
  from space 269248K,  13% used [0x00007f178be00000, 0x00007f178e0ce190, 0x00007f179c4f0000)
  to   space 269248K,   0% used [0x00007f179c4f0000, 0x00007f179c4f0000, 0x00007f17acbe0000)
 tenured generation   total 5385916K, used 5328701K [0x00007f1c5db50000, 0x00007f1da66ff000, 0x00007f2708600000)
   the space 5385916K,  98% used [0x00007f1c5db50000, 0x00007f1da2f1f540, 0x00007f1da2f1f600, 0x00007f1da66ff000)
 Metaspace       used 24250K, capacity 24674K, committed 24832K, reserved 26624K
}
Event: 120054.573 GC heap before
{Heap before GC invocations=44625 (full 14289):
 def new generation   total 2423744K, used 1565930K [0x00007f1708600000, 0x00007f17acbe0000, 0x00007f1c5db50000)
  eden space 2154496K,  71% used [0x00007f1708600000, 0x00007f1765c6c8f8, 0x00007f178be00000)
  from space 269248K,  13% used [0x00007f178be00000, 0x00007f178e0ce190, 0x00007f179c4f0000)
  to   space 269248K,   0% used [0x00007f179c4f0000, 0x00007f179c4f0000, 0x00007f17acbe0000)
 tenured generation   total 5385916K, used 5328701K [0x00007f1c5db50000, 0x00007f1da66ff000, 0x00007f2708600000)
   the space 5385916K,  98% used [0x00007f1c5db50000, 0x00007f1da2f1f540, 0x00007f1da2f1f600, 0x00007f1da66ff000)
 Metaspace       used 24250K, capacity 24674K, committed 24832K, reserved 26624K
}
Event: 120054.601 GC heap after
{Heap after GC invocations=44626 (full 14289):
 def new generation   total 2423744K, used 39844K [0x00007f1708600000, 0x00007f17acbe0000, 0x00007f1c5db50000)
  eden space 2154496K,   0% used [0x00007f1708600000, 0x00007f1708600000, 0x00007f178be00000)
  from space 269248K,  14% used [0x00007f179c4f0000, 0x00007f179ebd93c8, 0x00007f17acbe0000)
  to   space 269248K,   0% used [0x00007f178be00000, 0x00007f178be00000, 0x00007f179c4f0000)
 tenured generation   total 5385916K, used 5328701K [0x00007f1c5db50000, 0x00007f1da66ff000, 0x00007f2708600000)
   the space 5385916K,  98% used [0x00007f1c5db50000, 0x00007f1da2f1f540, 0x00007f1da2f1f600, 0x00007f1da66ff000)
 Metaspace       used 24250K, capacity 24674K, committed 24832K, reserved 26624K
}
Event: 120056.648 GC heap before
{Heap before GC invocations=44626 (full 14289):
 def new generation   total 2423744K, used 2179349K [0x00007f1708600000, 0x00007f17acbe0000, 0x00007f1c5db50000)
  eden space 2154496K,  99% used [0x00007f1708600000, 0x00007f178af5c160, 0x00007f178be00000)
  from space 269248K,  14% used [0x00007f179c4f0000, 0x00007f179ebd93c8, 0x00007f17acbe0000)
  to   space 269248K,   0% used [0x00007f178be00000, 0x00007f178be00000, 0x00007f179c4f0000)
 tenured generation   total 5385916K, used 5328701K [0x00007f1c5db50000, 0x00007f1da66ff000, 0x00007f2708600000)
   the space 5385916K,  98% used [0x00007f1c5db50000, 0x00007f1da2f1f540, 0x00007f1da2f1f600, 0x00007f1da66ff000)
 Metaspace       used 24250K, capacity 24674K, committed 24832K, reserved 26624K
}

