# JRE version: OpenJDK Runtime Environment (13.0.7+5) (build 13.0.7+5-Ubuntu-0ubuntu120.04)
# Java VM: OpenJDK 64-Bit Server VM (13.0.7+5-Ubuntu-0ubuntu120.04, mixed mode, tiered, serial gc, linux-amd64)
Heap:
 def new generation   total 4999488K, used 0K [0x00007fe9b8600000, 0x00007feb0b6c0000, 0x00007fef0db50000)
  eden space 4444032K,   0% used [0x00007fe9b8600000, 0x00007fe9b8600000, 0x00007feac79e0000)
  from space 555456K,   0% used [0x00007feae9850000, 0x00007feae9850000, 0x00007feb0b6c0000)
  to   space 555456K,   0% used [0x00007feac79e0000, 0x00007feac79e0000, 0x00007feae9850000)
 tenured generation   total 11246564K, used 11088496K [0x00007fef0db50000, 0x00007ff1bc249000, 0x00007ff9b8600000)
   the space 11246564K,  98% used [0x00007fef0db50000, 0x00007ff1b27ec1e0, 0x00007ff1b27ec200, 0x00007ff1bc249000)
 Metaspace       used 30733K, capacity 31168K, committed 31488K, reserved 32768K
GC Heap History (20 events):
Event: 321.427 GC heap after
{Heap after GC invocations=70 (full 4):
 def new generation   total 2966976K, used 329663K [0x00007fe9b8600000, 0x00007fea81960000, 0x00007fef0db50000)
  eden space 2637312K,   0% used [0x00007fe9b8600000, 0x00007fe9b8600000, 0x00007fea59580000)
  from space 329664K,  99% used [0x00007fea59580000, 0x00007fea6d76fff0, 0x00007fea6d770000)
  to   space 329664K,   0% used [0x00007fea6d770000, 0x00007fea6d770000, 0x00007fea81960000)
 tenured generation   total 6593148K, used 6110655K [0x00007fef0db50000, 0x00007ff0a01ef000, 0x00007ff9b8600000)
   the space 6593148K,  92% used [0x00007fef0db50000, 0x00007ff082abfdb0, 0x00007ff082abfe00, 0x00007ff0a01ef000)
 Metaspace       used 30733K, capacity 31168K, committed 31488K, reserved 32768K
}
Event: 396.093 GC heap before
{Heap before GC invocations=70 (full 4):
 def new generation   total 2966976K, used 2966975K [0x00007fe9b8600000, 0x00007fea81960000, 0x00007fef0db50000)
  eden space 2637312K, 100% used [0x00007fe9b8600000, 0x00007fea59580000, 0x00007fea59580000)
  from space 329664K,  99% used [0x00007fea59580000, 0x00007fea6d76fff0, 0x00007fea6d770000)
  to   space 329664K,   0% used [0x00007fea6d770000, 0x00007fea6d770000, 0x00007fea81960000)
 tenured generation   total 6593148K, used 6110655K [0x00007fef0db50000, 0x00007ff0a01ef000, 0x00007ff9b8600000)
   the space 6593148K,  92% used [0x00007fef0db50000, 0x00007ff082abfdb0, 0x00007ff082abfe00, 0x00007ff0a01ef000)
 Metaspace       used 30733K, capacity 31168K, committed 31488K, reserved 32768K
}
Event: 397.075 GC heap after
{Heap after GC invocations=71 (full 4):
 def new generation   total 2966976K, used 329663K [0x00007fe9b8600000, 0x00007fea81960000, 0x00007fef0db50000)
  eden space 2637312K,   0% used [0x00007fe9b8600000, 0x00007fe9b8600000, 0x00007fea59580000)
  from space 329664K,  99% used [0x00007fea6d770000, 0x00007fea8195fff0, 0x00007fea81960000)
  to   space 329664K,   0% used [0x00007fea59580000, 0x00007fea59580000, 0x00007fea6d770000)
 tenured generation   total 6665916K, used 6665872K [0x00007fef0db50000, 0x00007ff0a48ff000, 0x00007ff9b8600000)
   the space 6665916K,  99% used [0x00007fef0db50000, 0x00007ff0a48f4290, 0x00007ff0a48f4400, 0x00007ff0a48ff000)
 Metaspace       used 30733K, capacity 31168K, committed 31488K, reserved 32768K
}
Event: 397.075 GC heap before
{Heap before GC invocations=71 (full 4):
 def new generation   total 2966976K, used 329663K [0x00007fe9b8600000, 0x00007fea81960000, 0x00007fef0db50000)
  eden space 2637312K,   0% used [0x00007fe9b8600000, 0x00007fe9b8600000, 0x00007fea59580000)
  from space 329664K,  99% used [0x00007fea6d770000, 0x00007fea8195fff0, 0x00007fea81960000)
  to   space 329664K,   0% used [0x00007fea59580000, 0x00007fea59580000, 0x00007fea6d770000)
 tenured generation   total 6665916K, used 6665872K [0x00007fef0db50000, 0x00007ff0a48ff000, 0x00007ff9b8600000)
   the space 6665916K,  99% used [0x00007fef0db50000, 0x00007ff0a48f4290, 0x00007ff0a48f4400, 0x00007ff0a48ff000)
 Metaspace       used 30733K, capacity 31168K, committed 31488K, reserved 32768K
}
Event: 407.035 GC heap after
{Heap after GC invocations=71 (full 5):
 def new generation   total 4999488K, used 329620K [0x00007fe9b8600000, 0x00007feb0b6c0000, 0x00007fef0db50000)
  eden space 4444032K,   7% used [0x00007fe9b8600000, 0x00007fe9cc7e5280, 0x00007feac79e0000)
  from space 555456K,   0% used [0x00007feac79e0000, 0x00007feac79e0000, 0x00007feae9850000)
  to   space 555456K,   0% used [0x00007feae9850000, 0x00007feae9850000, 0x00007feb0b6c0000)
 tenured generation   total 11109860K, used 6665916K [0x00007fef0db50000, 0x00007ff1b3cc9000, 0x00007ff9b8600000)
   the space 11109860K,  60% used [0x00007fef0db50000, 0x00007ff0a48ff000, 0x00007ff0a48ff000, 0x00007ff1b3cc9000)
 Metaspace       used 30733K, capacity 31168K, committed 31488K, reserved 32768K
}
Event: 561.421 GC heap before
{Heap before GC invocations=71 (full 5):
 def new generation   total 4999488K, used 4444032K [0x00007fe9b8600000, 0x00007feb0b6c0000, 0x00007fef0db50000)
  eden space 4444032K, 100% used [0x00007fe9b8600000, 0x00007feac79e0000, 0x00007feac79e0000)
  from space 555456K,   0% used [0x00007feac79e0000, 0x00007feac79e0000, 0x00007feae9850000)
  to   space 555456K,   0% used [0x00007feae9850000, 0x00007feae9850000, 0x00007feb0b6c0000)
 tenured generation   total 11109860K, used 6665916K [0x00007fef0db50000, 0x00007ff1b3cc9000, 0x00007ff9b8600000)
   the space 11109860K,  60% used [0x00007fef0db50000, 0x00007ff0a48ff000, 0x00007ff0a48ff000, 0x00007ff1b3cc9000)
 Metaspace       used 30733K, capacity 31168K, committed 31488K, reserved 32768K
}
Event: 564.556 GC heap after
{Heap after GC invocations=72 (full 5):
 def new generation   total 4999488K, used 555455K [0x00007fe9b8600000, 0x00007feb0b6c0000, 0x00007fef0db50000)
  eden space 4444032K,   0% used [0x00007fe9b8600000, 0x00007fe9b8600000, 0x00007feac79e0000)
  from space 555456K,  99% used [0x00007feae9850000, 0x00007feb0b6bfff0, 0x00007feb0b6c0000)
  to   space 555456K,   0% used [0x00007feac79e0000, 0x00007feac79e0000, 0x00007feae9850000)
 tenured generation   total 11109860K, used 7306267K [0x00007fef0db50000, 0x00007ff1b3cc9000, 0x00007ff9b8600000)
   the space 11109860K,  65% used [0x00007fef0db50000, 0x00007ff0cba56c40, 0x00007ff0cba56e00, 0x00007ff1b3cc9000)
 Metaspace       used 30733K, capacity 31168K, committed 31488K, reserved 32768K
}
Event: 636.561 GC heap before
{Heap before GC invocations=72 (full 5):
 def new generation   total 4999488K, used 4999487K [0x00007fe9b8600000, 0x00007feb0b6c0000, 0x00007fef0db50000)
  eden space 4444032K, 100% used [0x00007fe9b8600000, 0x00007feac79e0000, 0x00007feac79e0000)
  from space 555456K,  99% used [0x00007feae9850000, 0x00007feb0b6bfff0, 0x00007feb0b6c0000)
  to   space 555456K,   0% used [0x00007feac79e0000, 0x00007feac79e0000, 0x00007feae9850000)
 tenured generation   total 11109860K, used 7306267K [0x00007fef0db50000, 0x00007ff1b3cc9000, 0x00007ff9b8600000)
   the space 11109860K,  65% used [0x00007fef0db50000, 0x00007ff0cba56c40, 0x00007ff0cba56e00, 0x00007ff1b3cc9000)
 Metaspace       used 30733K, capacity 31168K, committed 31488K, reserved 32768K
}
Event: 638.689 GC heap after
{Heap after GC invocations=73 (full 5):
 def new generation   total 4999488K, used 555455K [0x00007fe9b8600000, 0x00007feb0b6c0000, 0x00007fef0db50000)
  eden space 4444032K,   0% used [0x00007fe9b8600000, 0x00007fe9b8600000, 0x00007feac79e0000)
  from space 555456K,  99% used [0x00007feac79e0000, 0x00007feae984fff0, 0x00007feae9850000)
  to   space 555456K,   0% used [0x00007feae9850000, 0x00007feae9850000, 0x00007feb0b6c0000)
 tenured generation   total 11109860K, used 8241846K [0x00007fef0db50000, 0x00007ff1b3cc9000, 0x00007ff9b8600000)
   the space 11109860K,  74% used [0x00007fef0db50000, 0x00007ff104bfda00, 0x00007ff104bfda00, 0x00007ff1b3cc9000)
 Metaspace       used 30733K, capacity 31168K, committed 31488K, reserved 32768K
}
Event: 695.849 GC heap before
{Heap before GC invocations=73 (full 5):
 def new generation   total 4999488K, used 4999487K [0x00007fe9b8600000, 0x00007feb0b6c0000, 0x00007fef0db50000)
  eden space 4444032K, 100% used [0x00007fe9b8600000, 0x00007feac79e0000, 0x00007feac79e0000)
  from space 555456K,  99% used [0x00007feac79e0000, 0x00007feae984fff0, 0x00007feae9850000)
  to   space 555456K,   0% used [0x00007feae9850000, 0x00007feae9850000, 0x00007feb0b6c0000)
 tenured generation   total 11109860K, used 8241846K [0x00007fef0db50000, 0x00007ff1b3cc9000, 0x00007ff9b8600000)
   the space 11109860K,  74% used [0x00007fef0db50000, 0x00007ff104bfda00, 0x00007ff104bfda00, 0x00007ff1b3cc9000)
 Metaspace       used 30733K, capacity 31168K, committed 31488K, reserved 32768K
}
Event: 697.561 GC heap after
{Heap after GC invocations=74 (full 5):
 def new generation   total 4999488K, used 555455K [0x00007fe9b8600000, 0x00007feb0b6c0000, 0x00007fef0db50000)
  eden space 4444032K,   0% used [0x00007fe9b8600000, 0x00007fe9b8600000, 0x00007feac79e0000)
  from space 555456K,  99% used [0x00007feae9850000, 0x00007feb0b6bfff0, 0x00007feb0b6c0000)
  to   space 555456K,   0% used [0x00007feac79e0000, 0x00007feac79e0000, 0x00007feae9850000)
 tenured generation   total 11109860K, used 9177426K [0x00007fef0db50000, 0x00007ff1b3cc9000, 0x00007ff9b8600000)
   the space 11109860K,  82% used [0x00007fef0db50000, 0x00007ff13dda4840, 0x00007ff13dda4a00, 0x00007ff1b3cc9000)
 Metaspace       used 30733K, capacity 31168K, committed 31488K, reserved 32768K
}
Event: 738.048 GC heap before
{Heap before GC invocations=74 (full 5):
 def new generation   total 4999488K, used 4999487K [0x00007fe9b8600000, 0x00007feb0b6c0000, 0x00007fef0db50000)
  eden space 4444032K, 100% used [0x00007fe9b8600000, 0x00007feac79e0000, 0x00007feac79e0000)
  from space 555456K,  99% used [0x00007feae9850000, 0x00007feb0b6bfff0, 0x00007feb0b6c0000)
  to   space 555456K,   0% used [0x00007feac79e0000, 0x00007feac79e0000, 0x00007feae9850000)
 tenured generation   total 11109860K, used 9177426K [0x00007fef0db50000, 0x00007ff1b3cc9000, 0x00007ff9b8600000)
   the space 11109860K,  82% used [0x00007fef0db50000, 0x00007ff13dda4840, 0x00007ff13dda4a00, 0x00007ff1b3cc9000)
 Metaspace       used 30733K, capacity 31168K, committed 31488K, reserved 32768K
}
Event: 739.681 GC heap after
{Heap after GC invocations=75 (full 5):
 def new generation   total 4999488K, used 555455K [0x00007fe9b8600000, 0x00007feb0b6c0000, 0x00007fef0db50000)
  eden space 4444032K,   0% used [0x00007fe9b8600000, 0x00007fe9b8600000, 0x00007feac79e0000)
  from space 555456K,  99% used [0x00007feac79e0000, 0x00007feae984fff8, 0x00007feae9850000)
  to   space 555456K,   0% used [0x00007feae9850000, 0x00007feae9850000, 0x00007feb0b6c0000)
 tenured generation   total 11109860K, used 10062628K [0x00007fef0db50000, 0x00007ff1b3cc9000, 0x00007ff9b8600000)
   the space 11109860K,  90% used [0x00007fef0db50000, 0x00007ff173e193e0, 0x00007ff173e19400, 0x00007ff1b3cc9000)
 Metaspace       used 30733K, capacity 31168K, committed 31488K, reserved 32768K
}
Event: 740.751 GC heap before
{Heap before GC invocations=75 (full 5):
 def new generation   total 4999488K, used 4999487K [0x00007fe9b8600000, 0x00007feb0b6c0000, 0x00007fef0db50000)
  eden space 4444032K, 100% used [0x00007fe9b8600000, 0x00007feac79e0000, 0x00007feac79e0000)
  from space 555456K,  99% used [0x00007feac79e0000, 0x00007feae984fff8, 0x00007feae9850000)
  to   space 555456K,   0% used [0x00007feae9850000, 0x00007feae9850000, 0x00007feb0b6c0000)
 tenured generation   total 11109860K, used 10062628K [0x00007fef0db50000, 0x00007ff1b3cc9000, 0x00007ff9b8600000)
   the space 11109860K,  90% used [0x00007fef0db50000, 0x00007ff173e193e0, 0x00007ff173e19400, 0x00007ff1b3cc9000)
 Metaspace       used 30733K, capacity 31168K, committed 31488K, reserved 32768K
}
Event: 741.744 GC heap after
{Heap after GC invocations=76 (full 5):
 def new generation   total 4999488K, used 304265K [0x00007fe9b8600000, 0x00007feb0b6c0000, 0x00007fef0db50000)
  eden space 4444032K,   0% used [0x00007fe9b8600000, 0x00007fe9b8600000, 0x00007feac79e0000)
  from space 555456K,  54% used [0x00007feae9850000, 0x00007feafc172550, 0x00007feb0b6c0000)
  to   space 555456K,   0% used [0x00007feac79e0000, 0x00007feac79e0000, 0x00007feae9850000)
 tenured generation   total 11109860K, used 10618084K [0x00007fef0db50000, 0x00007ff1b3cc9000, 0x00007ff9b8600000)
   the space 11109860K,  95% used [0x00007fef0db50000, 0x00007ff195c891e8, 0x00007ff195c89200, 0x00007ff1b3cc9000)
 Metaspace       used 30733K, capacity 31168K, committed 31488K, reserved 32768K
}
Event: 742.800 GC heap before
{Heap before GC invocations=76 (full 5):
 def new generation   total 4999488K, used 4748297K [0x00007fe9b8600000, 0x00007feb0b6c0000, 0x00007fef0db50000)
  eden space 4444032K, 100% used [0x00007fe9b8600000, 0x00007feac79e0000, 0x00007feac79e0000)
  from space 555456K,  54% used [0x00007feae9850000, 0x00007feafc172550, 0x00007feb0b6c0000)
  to   space 555456K,   0% used [0x00007feac79e0000, 0x00007feac79e0000, 0x00007feae9850000)
 tenured generation   total 11109860K, used 10618084K [0x00007fef0db50000, 0x00007ff1b3cc9000, 0x00007ff9b8600000)
   the space 11109860K,  95% used [0x00007fef0db50000, 0x00007ff195c891e8, 0x00007ff195c89200, 0x00007ff1b3cc9000)
 Metaspace       used 30733K, capacity 31168K, committed 31488K, reserved 32768K
}
Event: 743.590 GC heap after
{Heap after GC invocations=77 (full 5):
 def new generation   total 4999488K, used 324171K [0x00007fe9b8600000, 0x00007feb0b6c0000, 0x00007fef0db50000)
  eden space 4444032K,   0% used [0x00007fe9b8600000, 0x00007fe9b8600000, 0x00007feac79e0000)
  from space 555456K,  58% used [0x00007feac79e0000, 0x00007feadb672f80, 0x00007feae9850000)
  to   space 555456K,   0% used [0x00007feae9850000, 0x00007feae9850000, 0x00007feb0b6c0000)
 tenured generation   total 11109860K, used 10922349K [0x00007fef0db50000, 0x00007ff1b3cc9000, 0x00007ff9b8600000)
   the space 11109860K,  98% used [0x00007fef0db50000, 0x00007ff1a85ab528, 0x00007ff1a85ab600, 0x00007ff1b3cc9000)
 Metaspace       used 30733K, capacity 31168K, committed 31488K, reserved 32768K
}
Event: 744.675 GC heap before
{Heap before GC invocations=77 (full 5):
 def new generation   total 4999488K, used 4768203K [0x00007fe9b8600000, 0x00007feb0b6c0000, 0x00007fef0db50000)
  eden space 4444032K, 100% used [0x00007fe9b8600000, 0x00007feac79e0000, 0x00007feac79e0000)
  from space 555456K,  58% used [0x00007feac79e0000, 0x00007feadb672f80, 0x00007feae9850000)
  to   space 555456K,   0% used [0x00007feae9850000, 0x00007feae9850000, 0x00007feb0b6c0000)
 tenured generation   total 11109860K, used 10922349K [0x00007fef0db50000, 0x00007ff1b3cc9000, 0x00007ff9b8600000)
   the space 11109860K,  98% used [0x00007fef0db50000, 0x00007ff1a85ab528, 0x00007ff1a85ab600, 0x00007ff1b3cc9000)
 Metaspace       used 30733K, capacity 31168K, committed 31488K, reserved 32768K
}
Event: 745.473 GC heap after
{Heap after GC invocations=78 (full 5):
 def new generation   total 4999488K, used 312857K [0x00007fe9b8600000, 0x00007feb0b6c0000, 0x00007fef0db50000)
  eden space 4444032K,   0% used [0x00007fe9b8600000, 0x00007fe9b8600000, 0x00007feac79e0000)
  from space 555456K,  56% used [0x00007feae9850000, 0x00007feafc9d6460, 0x00007feb0b6c0000)
  to   space 555456K,   0% used [0x00007feac79e0000, 0x00007feac79e0000, 0x00007feae9850000)
 tenured generation   total 11246564K, used 11246520K [0x00007fef0db50000, 0x00007ff1bc249000, 0x00007ff9b8600000)
   the space 11246564K,  99% used [0x00007fef0db50000, 0x00007ff1bc23e118, 0x00007ff1bc23e200, 0x00007ff1bc249000)
 Metaspace       used 30733K, capacity 31168K, committed 31488K, reserved 32768K
}
Event: 745.473 GC heap before
{Heap before GC invocations=78 (full 5):
 def new generation   total 4999488K, used 312857K [0x00007fe9b8600000, 0x00007feb0b6c0000, 0x00007fef0db50000)
  eden space 4444032K,   0% used [0x00007fe9b8600000, 0x00007fe9b8600000, 0x00007feac79e0000)
  from space 555456K,  56% used [0x00007feae9850000, 0x00007feafc9d6460, 0x00007feb0b6c0000)
  to   space 555456K,   0% used [0x00007feac79e0000, 0x00007feac79e0000, 0x00007feae9850000)
 tenured generation   total 11246564K, used 11246520K [0x00007fef0db50000, 0x00007ff1bc249000, 0x00007ff9b8600000)
   the space 11246564K,  99% used [0x00007fef0db50000, 0x00007ff1bc23e118, 0x00007ff1bc23e200, 0x00007ff1bc249000)
 Metaspace       used 30733K, capacity 31168K, committed 31488K, reserved 32768K
}

