# JRE version: OpenJDK Runtime Environment (13.0.7+5) (build 13.0.7+5-Ubuntu-0ubuntu120.04)
# Java VM: OpenJDK 64-Bit Server VM (13.0.7+5-Ubuntu-0ubuntu120.04, mixed mode, tiered, serial gc, linux-amd64)
Heap:
 def new generation   total 4855680K, used 0K [0x00007f2bc8600000, 0x00007f2d11ab0000, 0x00007f311db50000)
  eden space 4316224K,   0% used [0x00007f2bc8600000, 0x00007f2bc8600000, 0x00007f2ccfd10000)
  from space 539456K,   0% used [0x00007f2ccfd10000, 0x00007f2ccfd10000, 0x00007f2cf0be0000)
  to   space 539456K,   0% used [0x00007f2cf0be0000, 0x00007f2cf0be0000, 0x00007f2d11ab0000)
 tenured generation   total 10985240K, used 10261058K [0x00007f311db50000, 0x00007f33bc316000, 0x00007f3bc8600000)
   the space 10985240K,  93% used [0x00007f311db50000, 0x00007f338ffe0980, 0x00007f338ffe0a00, 0x00007f33bc316000)
 Metaspace       used 30563K, capacity 30956K, committed 31232K, reserved 32768K
GC Heap History (20 events):
Event: 813.203 GC heap after
{Heap after GC invocations=66 (full 5):
 def new generation   total 4855680K, used 539456K [0x00007f2bc8600000, 0x00007f2d11ab0000, 0x00007f311db50000)
  eden space 4316224K,   0% used [0x00007f2bc8600000, 0x00007f2bc8600000, 0x00007f2ccfd10000)
  from space 539456K, 100% used [0x00007f2cf0be0000, 0x00007f2d11ab0000, 0x00007f2d11ab0000)
  to   space 539456K,   0% used [0x00007f2ccfd10000, 0x00007f2ccfd10000, 0x00007f2cf0be0000)
 tenured generation   total 10790168K, used 7122138K [0x00007f311db50000, 0x00007f33b0496000, 0x00007f3bc8600000)
   the space 10790168K,  66% used [0x00007f311db50000, 0x00007f32d0686a68, 0x00007f32d0686c00, 0x00007f33b0496000)
 Metaspace       used 30563K, capacity 30956K, committed 31232K, reserved 32768K
}
Event: 912.961 GC heap before
{Heap before GC invocations=66 (full 5):
 def new generation   total 4855680K, used 4855680K [0x00007f2bc8600000, 0x00007f2d11ab0000, 0x00007f311db50000)
  eden space 4316224K, 100% used [0x00007f2bc8600000, 0x00007f2ccfd10000, 0x00007f2ccfd10000)
  from space 539456K, 100% used [0x00007f2cf0be0000, 0x00007f2d11ab0000, 0x00007f2d11ab0000)
  to   space 539456K,   0% used [0x00007f2ccfd10000, 0x00007f2ccfd10000, 0x00007f2cf0be0000)
 tenured generation   total 10790168K, used 7122138K [0x00007f311db50000, 0x00007f33b0496000, 0x00007f3bc8600000)
   the space 10790168K,  66% used [0x00007f311db50000, 0x00007f32d0686a68, 0x00007f32d0686c00, 0x00007f33b0496000)
 Metaspace       used 30563K, capacity 30956K, committed 31232K, reserved 32768K
}
Event: 914.488 GC heap after
{Heap after GC invocations=67 (full 5):
 def new generation   total 4855680K, used 539455K [0x00007f2bc8600000, 0x00007f2d11ab0000, 0x00007f311db50000)
  eden space 4316224K,   0% used [0x00007f2bc8600000, 0x00007f2bc8600000, 0x00007f2ccfd10000)
  from space 539456K,  99% used [0x00007f2ccfd10000, 0x00007f2cf0bdffe8, 0x00007f2cf0be0000)
  to   space 539456K,   0% used [0x00007f2cf0be0000, 0x00007f2cf0be0000, 0x00007f2d11ab0000)
 tenured generation   total 10790168K, used 7974012K [0x00007f311db50000, 0x00007f33b0496000, 0x00007f3bc8600000)
   the space 10790168K,  73% used [0x00007f311db50000, 0x00007f330466f0a8, 0x00007f330466f200, 0x00007f33b0496000)
 Metaspace       used 30563K, capacity 30956K, committed 31232K, reserved 32768K
}
Event: 915.702 GC heap before
{Heap before GC invocations=67 (full 5):
 def new generation   total 4855680K, used 4855679K [0x00007f2bc8600000, 0x00007f2d11ab0000, 0x00007f311db50000)
  eden space 4316224K, 100% used [0x00007f2bc8600000, 0x00007f2ccfd10000, 0x00007f2ccfd10000)
  from space 539456K,  99% used [0x00007f2ccfd10000, 0x00007f2cf0bdffe8, 0x00007f2cf0be0000)
  to   space 539456K,   0% used [0x00007f2cf0be0000, 0x00007f2cf0be0000, 0x00007f2d11ab0000)
 tenured generation   total 10790168K, used 7974012K [0x00007f311db50000, 0x00007f33b0496000, 0x00007f3bc8600000)
   the space 10790168K,  73% used [0x00007f311db50000, 0x00007f330466f0a8, 0x00007f330466f200, 0x00007f33b0496000)
 Metaspace       used 30563K, capacity 30956K, committed 31232K, reserved 32768K
}
Event: 916.786 GC heap after
{Heap after GC invocations=68 (full 5):
 def new generation   total 4855680K, used 352813K [0x00007f2bc8600000, 0x00007f2d11ab0000, 0x00007f311db50000)
  eden space 4316224K,   0% used [0x00007f2bc8600000, 0x00007f2bc8600000, 0x00007f2ccfd10000)
  from space 539456K,  65% used [0x00007f2cf0be0000, 0x00007f2d0646b6f0, 0x00007f2d11ab0000)
  to   space 539456K,   0% used [0x00007f2ccfd10000, 0x00007f2ccfd10000, 0x00007f2cf0be0000)
 tenured generation   total 10790168K, used 8513467K [0x00007f311db50000, 0x00007f33b0496000, 0x00007f3bc8600000)
   the space 10790168K,  78% used [0x00007f311db50000, 0x00007f332553ef90, 0x00007f332553f000, 0x00007f33b0496000)
 Metaspace       used 30563K, capacity 30956K, committed 31232K, reserved 32768K
}
Event: 917.989 GC heap before
{Heap before GC invocations=68 (full 5):
 def new generation   total 4855680K, used 4669037K [0x00007f2bc8600000, 0x00007f2d11ab0000, 0x00007f311db50000)
  eden space 4316224K, 100% used [0x00007f2bc8600000, 0x00007f2ccfd10000, 0x00007f2ccfd10000)
  from space 539456K,  65% used [0x00007f2cf0be0000, 0x00007f2d0646b6f0, 0x00007f2d11ab0000)
  to   space 539456K,   0% used [0x00007f2ccfd10000, 0x00007f2ccfd10000, 0x00007f2cf0be0000)
 tenured generation   total 10790168K, used 8513467K [0x00007f311db50000, 0x00007f33b0496000, 0x00007f3bc8600000)
   the space 10790168K,  78% used [0x00007f311db50000, 0x00007f332553ef90, 0x00007f332553f000, 0x00007f33b0496000)
 Metaspace       used 30563K, capacity 30956K, committed 31232K, reserved 32768K
}
Event: 918.974 GC heap after
{Heap after GC invocations=69 (full 5):
 def new generation   total 4855680K, used 352610K [0x00007f2bc8600000, 0x00007f2d11ab0000, 0x00007f311db50000)
  eden space 4316224K,   0% used [0x00007f2bc8600000, 0x00007f2bc8600000, 0x00007f2ccfd10000)
  from space 539456K,  65% used [0x00007f2ccfd10000, 0x00007f2ce5568a70, 0x00007f2cf0be0000)
  to   space 539456K,   0% used [0x00007f2cf0be0000, 0x00007f2cf0be0000, 0x00007f2d11ab0000)
 tenured generation   total 10790168K, used 8866280K [0x00007f311db50000, 0x00007f33b0496000, 0x00007f3bc8600000)
   the space 10790168K,  82% used [0x00007f311db50000, 0x00007f333adca3d0, 0x00007f333adca400, 0x00007f33b0496000)
 Metaspace       used 30563K, capacity 30956K, committed 31232K, reserved 32768K
}
Event: 920.159 GC heap before
{Heap before GC invocations=69 (full 5):
 def new generation   total 4855680K, used 4668834K [0x00007f2bc8600000, 0x00007f2d11ab0000, 0x00007f311db50000)
  eden space 4316224K, 100% used [0x00007f2bc8600000, 0x00007f2ccfd10000, 0x00007f2ccfd10000)
  from space 539456K,  65% used [0x00007f2ccfd10000, 0x00007f2ce5568a70, 0x00007f2cf0be0000)
  to   space 539456K,   0% used [0x00007f2cf0be0000, 0x00007f2cf0be0000, 0x00007f2d11ab0000)
 tenured generation   total 10790168K, used 8866280K [0x00007f311db50000, 0x00007f33b0496000, 0x00007f3bc8600000)
   the space 10790168K,  82% used [0x00007f311db50000, 0x00007f333adca3d0, 0x00007f333adca400, 0x00007f33b0496000)
 Metaspace       used 30563K, capacity 30956K, committed 31232K, reserved 32768K
}
Event: 921.185 GC heap after
{Heap after GC invocations=70 (full 5):
 def new generation   total 4855680K, used 355975K [0x00007f2bc8600000, 0x00007f2d11ab0000, 0x00007f311db50000)
  eden space 4316224K,   0% used [0x00007f2bc8600000, 0x00007f2bc8600000, 0x00007f2ccfd10000)
  from space 539456K,  65% used [0x00007f2cf0be0000, 0x00007f2d06781c40, 0x00007f2d11ab0000)
  to   space 539456K,   0% used [0x00007f2ccfd10000, 0x00007f2ccfd10000, 0x00007f2cf0be0000)
 tenured generation   total 10790168K, used 9218890K [0x00007f311db50000, 0x00007f33b0496000, 0x00007f3bc8600000)
   the space 10790168K,  85% used [0x00007f311db50000, 0x00007f3350622bd0, 0x00007f3350622c00, 0x00007f33b0496000)
 Metaspace       used 30563K, capacity 30956K, committed 31232K, reserved 32768K
}
Event: 922.386 GC heap before
{Heap before GC invocations=70 (full 5):
 def new generation   total 4855680K, used 4672199K [0x00007f2bc8600000, 0x00007f2d11ab0000, 0x00007f311db50000)
  eden space 4316224K, 100% used [0x00007f2bc8600000, 0x00007f2ccfd10000, 0x00007f2ccfd10000)
  from space 539456K,  65% used [0x00007f2cf0be0000, 0x00007f2d06781c40, 0x00007f2d11ab0000)
  to   space 539456K,   0% used [0x00007f2ccfd10000, 0x00007f2ccfd10000, 0x00007f2cf0be0000)
 tenured generation   total 10790168K, used 9218890K [0x00007f311db50000, 0x00007f33b0496000, 0x00007f3bc8600000)
   the space 10790168K,  85% used [0x00007f311db50000, 0x00007f3350622bd0, 0x00007f3350622c00, 0x00007f33b0496000)
 Metaspace       used 30563K, capacity 30956K, committed 31232K, reserved 32768K
}
Event: 923.399 GC heap after
{Heap after GC invocations=71 (full 5):
 def new generation   total 4855680K, used 356067K [0x00007f2bc8600000, 0x00007f2d11ab0000, 0x00007f311db50000)
  eden space 4316224K,   0% used [0x00007f2bc8600000, 0x00007f2bc8600000, 0x00007f2ccfd10000)
  from space 539456K,  66% used [0x00007f2ccfd10000, 0x00007f2ce58c8d00, 0x00007f2cf0be0000)
  to   space 539456K,   0% used [0x00007f2cf0be0000, 0x00007f2cf0be0000, 0x00007f2d11ab0000)
 tenured generation   total 10790168K, used 9574865K [0x00007f311db50000, 0x00007f33b0496000, 0x00007f3bc8600000)
   the space 10790168K,  88% used [0x00007f311db50000, 0x00007f33661c4600, 0x00007f33661c4600, 0x00007f33b0496000)
 Metaspace       used 30563K, capacity 30956K, committed 31232K, reserved 32768K
}
Event: 924.622 GC heap before
{Heap before GC invocations=71 (full 5):
 def new generation   total 4855680K, used 4672291K [0x00007f2bc8600000, 0x00007f2d11ab0000, 0x00007f311db50000)
  eden space 4316224K, 100% used [0x00007f2bc8600000, 0x00007f2ccfd10000, 0x00007f2ccfd10000)
  from space 539456K,  66% used [0x00007f2ccfd10000, 0x00007f2ce58c8d00, 0x00007f2cf0be0000)
  to   space 539456K,   0% used [0x00007f2cf0be0000, 0x00007f2cf0be0000, 0x00007f2d11ab0000)
 tenured generation   total 10790168K, used 9574865K [0x00007f311db50000, 0x00007f33b0496000, 0x00007f3bc8600000)
   the space 10790168K,  88% used [0x00007f311db50000, 0x00007f33661c4600, 0x00007f33661c4600, 0x00007f33b0496000)
 Metaspace       used 30563K, capacity 30956K, committed 31232K, reserved 32768K
}
Event: 925.623 GC heap after
{Heap after GC invocations=72 (full 5):
 def new generation   total 4855680K, used 350819K [0x00007f2bc8600000, 0x00007f2d11ab0000, 0x00007f311db50000)
  eden space 4316224K,   0% used [0x00007f2bc8600000, 0x00007f2bc8600000, 0x00007f2ccfd10000)
  from space 539456K,  65% used [0x00007f2cf0be0000, 0x00007f2d06278f40, 0x00007f2d11ab0000)
  to   space 539456K,   0% used [0x00007f2ccfd10000, 0x00007f2ccfd10000, 0x00007f2cf0be0000)
 tenured generation   total 10790168K, used 9930932K [0x00007f311db50000, 0x00007f33b0496000, 0x00007f3bc8600000)
   the space 10790168K,  92% used [0x00007f311db50000, 0x00007f337bd7d180, 0x00007f337bd7d200, 0x00007f33b0496000)
 Metaspace       used 30563K, capacity 30956K, committed 31232K, reserved 32768K
}
Event: 926.815 GC heap before
{Heap before GC invocations=72 (full 5):
 def new generation   total 4855680K, used 4667043K [0x00007f2bc8600000, 0x00007f2d11ab0000, 0x00007f311db50000)
  eden space 4316224K, 100% used [0x00007f2bc8600000, 0x00007f2ccfd10000, 0x00007f2ccfd10000)
  from space 539456K,  65% used [0x00007f2cf0be0000, 0x00007f2d06278f40, 0x00007f2d11ab0000)
  to   space 539456K,   0% used [0x00007f2ccfd10000, 0x00007f2ccfd10000, 0x00007f2cf0be0000)
 tenured generation   total 10790168K, used 9930932K [0x00007f311db50000, 0x00007f33b0496000, 0x00007f3bc8600000)
   the space 10790168K,  92% used [0x00007f311db50000, 0x00007f337bd7d180, 0x00007f337bd7d200, 0x00007f33b0496000)
 Metaspace       used 30563K, capacity 30956K, committed 31232K, reserved 32768K
}
Event: 927.819 GC heap after
{Heap after GC invocations=73 (full 5):
 def new generation   total 4855680K, used 351982K [0x00007f2bc8600000, 0x00007f2d11ab0000, 0x00007f311db50000)
  eden space 4316224K,   0% used [0x00007f2bc8600000, 0x00007f2bc8600000, 0x00007f2ccfd10000)
  from space 539456K,  65% used [0x00007f2ccfd10000, 0x00007f2ce54cbb60, 0x00007f2cf0be0000)
  to   space 539456K,   0% used [0x00007f2cf0be0000, 0x00007f2cf0be0000, 0x00007f2d11ab0000)
 tenured generation   total 10790168K, used 10281751K [0x00007f311db50000, 0x00007f33b0496000, 0x00007f3bc8600000)
   the space 10790168K,  95% used [0x00007f311db50000, 0x00007f3391415d40, 0x00007f3391415e00, 0x00007f33b0496000)
 Metaspace       used 30563K, capacity 30956K, committed 31232K, reserved 32768K
}
Event: 929.022 GC heap before
{Heap before GC invocations=73 (full 5):
 def new generation   total 4855680K, used 4668206K [0x00007f2bc8600000, 0x00007f2d11ab0000, 0x00007f311db50000)
  eden space 4316224K, 100% used [0x00007f2bc8600000, 0x00007f2ccfd10000, 0x00007f2ccfd10000)
  from space 539456K,  65% used [0x00007f2ccfd10000, 0x00007f2ce54cbb60, 0x00007f2cf0be0000)
  to   space 539456K,   0% used [0x00007f2cf0be0000, 0x00007f2cf0be0000, 0x00007f2d11ab0000)
 tenured generation   total 10790168K, used 10281751K [0x00007f311db50000, 0x00007f33b0496000, 0x00007f3bc8600000)
   the space 10790168K,  95% used [0x00007f311db50000, 0x00007f3391415d40, 0x00007f3391415e00, 0x00007f33b0496000)
 Metaspace       used 30563K, capacity 30956K, committed 31232K, reserved 32768K
}
Event: 930.037 GC heap after
{Heap after GC invocations=74 (full 5):
 def new generation   total 4855680K, used 351398K [0x00007f2bc8600000, 0x00007f2d11ab0000, 0x00007f311db50000)
  eden space 4316224K,   0% used [0x00007f2bc8600000, 0x00007f2bc8600000, 0x00007f2ccfd10000)
  from space 539456K,  65% used [0x00007f2cf0be0000, 0x00007f2d063098b0, 0x00007f2d11ab0000)
  to   space 539456K,   0% used [0x00007f2ccfd10000, 0x00007f2ccfd10000, 0x00007f2cf0be0000)
 tenured generation   total 10790168K, used 10633733K [0x00007f311db50000, 0x00007f33b0496000, 0x00007f3bc8600000)
   the space 10790168K,  98% used [0x00007f311db50000, 0x00007f33a6bd16e0, 0x00007f33a6bd1800, 0x00007f33b0496000)
 Metaspace       used 30563K, capacity 30956K, committed 31232K, reserved 32768K
}
Event: 931.278 GC heap before
{Heap before GC invocations=74 (full 5):
 def new generation   total 4855680K, used 4667622K [0x00007f2bc8600000, 0x00007f2d11ab0000, 0x00007f311db50000)
  eden space 4316224K, 100% used [0x00007f2bc8600000, 0x00007f2ccfd10000, 0x00007f2ccfd10000)
  from space 539456K,  65% used [0x00007f2cf0be0000, 0x00007f2d063098b0, 0x00007f2d11ab0000)
  to   space 539456K,   0% used [0x00007f2ccfd10000, 0x00007f2ccfd10000, 0x00007f2cf0be0000)
 tenured generation   total 10790168K, used 10633733K [0x00007f311db50000, 0x00007f33b0496000, 0x00007f3bc8600000)
   the space 10790168K,  98% used [0x00007f311db50000, 0x00007f33a6bd16e0, 0x00007f33a6bd1800, 0x00007f33b0496000)
 Metaspace       used 30563K, capacity 30956K, committed 31232K, reserved 32768K
}
Event: 932.275 GC heap after
{Heap after GC invocations=75 (full 5):
 def new generation   total 4855680K, used 350483K [0x00007f2bc8600000, 0x00007f2d11ab0000, 0x00007f311db50000)
  eden space 4316224K,   0% used [0x00007f2bc8600000, 0x00007f2bc8600000, 0x00007f2ccfd10000)
  from space 539456K,  64% used [0x00007f2ccfd10000, 0x00007f2ce5354d10, 0x00007f2cf0be0000)
  to   space 539456K,   0% used [0x00007f2cf0be0000, 0x00007f2cf0be0000, 0x00007f2d11ab0000)
 tenured generation   total 10985240K, used 10985131K [0x00007f311db50000, 0x00007f33bc316000, 0x00007f3bc8600000)
   the space 10985240K,  99% used [0x00007f311db50000, 0x00007f33bc2faf50, 0x00007f33bc2fb000, 0x00007f33bc316000)
 Metaspace       used 30563K, capacity 30956K, committed 31232K, reserved 32768K
}
Event: 932.275 GC heap before
{Heap before GC invocations=75 (full 5):
 def new generation   total 4855680K, used 350483K [0x00007f2bc8600000, 0x00007f2d11ab0000, 0x00007f311db50000)
  eden space 4316224K,   0% used [0x00007f2bc8600000, 0x00007f2bc8600000, 0x00007f2ccfd10000)
  from space 539456K,  64% used [0x00007f2ccfd10000, 0x00007f2ce5354d10, 0x00007f2cf0be0000)
  to   space 539456K,   0% used [0x00007f2cf0be0000, 0x00007f2cf0be0000, 0x00007f2d11ab0000)
 tenured generation   total 10985240K, used 10985131K [0x00007f311db50000, 0x00007f33bc316000, 0x00007f3bc8600000)
   the space 10985240K,  99% used [0x00007f311db50000, 0x00007f33bc2faf50, 0x00007f33bc2fb000, 0x00007f33bc316000)
 Metaspace       used 30563K, capacity 30956K, committed 31232K, reserved 32768K
}

