# JRE version: OpenJDK Runtime Environment (13.0.7+5) (build 13.0.7+5-Ubuntu-0ubuntu120.04)
# Java VM: OpenJDK 64-Bit Server VM (13.0.7+5-Ubuntu-0ubuntu120.04, mixed mode, tiered, serial gc, linux-amd64)
Heap:
 def new generation   total 5557952K, used 617500K [0x00007f1920600000, 0x00007f1a994c0000, 0x00007f1e75b50000)
  eden space 4940416K,  12% used [0x00007f1920600000, 0x00007f19461071c0, 0x00007f1a4dea0000)
  from space 617536K,   0% used [0x00007f1a4dea0000, 0x00007f1a4dea0000, 0x00007f1a739b0000)
  to   space 617536K,   0% used [0x00007f1a739b0000, 0x00007f1a739b0000, 0x00007f1a994c0000)
 tenured generation   total 13107620K, used 13107619K [0x00007f1e75b50000, 0x00007f2195bb9000, 0x00007f2920600000)
   the space 13107620K,  99% used [0x00007f1e75b50000, 0x00007f2195bb8fe8, 0x00007f2195bb9000, 0x00007f2195bb9000)
 Metaspace       used 30240K, capacity 30688K, committed 30976K, reserved 32768K
GC Heap History (20 events):
Event: 89.791 GC heap after
{Heap after GC invocations=72 (full 4):
 def new generation   total 2922240K, used 190415K [0x00007f1920600000, 0x00007f19e68d0000, 0x00007f1e75b50000)
  eden space 2597568K,   0% used [0x00007f1920600000, 0x00007f1920600000, 0x00007f19beeb0000)
  from space 324672K,  58% used [0x00007f19beeb0000, 0x00007f19ca8a3e40, 0x00007f19d2bc0000)
  to   space 324672K,   0% used [0x00007f19d2bc0000, 0x00007f19d2bc0000, 0x00007f19e68d0000)
 tenured generation   total 6493768K, used 5978685K [0x00007f1e75b50000, 0x00007f20020e2000, 0x00007f2920600000)
   the space 6493768K,  92% used [0x00007f1e75b50000, 0x00007f1fe29df6a0, 0x00007f1fe29df800, 0x00007f20020e2000)
 Metaspace       used 30240K, capacity 30688K, committed 30976K, reserved 32768K
}
Event: 90.615 GC heap before
{Heap before GC invocations=72 (full 4):
 def new generation   total 2922240K, used 2787983K [0x00007f1920600000, 0x00007f19e68d0000, 0x00007f1e75b50000)
  eden space 2597568K, 100% used [0x00007f1920600000, 0x00007f19beeb0000, 0x00007f19beeb0000)
  from space 324672K,  58% used [0x00007f19beeb0000, 0x00007f19ca8a3e40, 0x00007f19d2bc0000)
  to   space 324672K,   0% used [0x00007f19d2bc0000, 0x00007f19d2bc0000, 0x00007f19e68d0000)
 tenured generation   total 6493768K, used 5978685K [0x00007f1e75b50000, 0x00007f20020e2000, 0x00007f2920600000)
   the space 6493768K,  92% used [0x00007f1e75b50000, 0x00007f1fe29df6a0, 0x00007f1fe29df800, 0x00007f20020e2000)
 Metaspace       used 30240K, capacity 30688K, committed 30976K, reserved 32768K
}
Event: 91.311 GC heap after
{Heap after GC invocations=73 (full 4):
 def new generation   total 2922240K, used 196162K [0x00007f1920600000, 0x00007f19e68d0000, 0x00007f1e75b50000)
  eden space 2597568K,   0% used [0x00007f1920600000, 0x00007f1920600000, 0x00007f19beeb0000)
  from space 324672K,  60% used [0x00007f19d2bc0000, 0x00007f19deb50be8, 0x00007f19e68d0000)
  to   space 324672K,   0% used [0x00007f19beeb0000, 0x00007f19beeb0000, 0x00007f19d2bc0000)
 tenured generation   total 6493768K, used 6169100K [0x00007f1e75b50000, 0x00007f20020e2000, 0x00007f2920600000)
   the space 6493768K,  95% used [0x00007f1e75b50000, 0x00007f1fee3d3070, 0x00007f1fee3d3200, 0x00007f20020e2000)
 Metaspace       used 30240K, capacity 30688K, committed 30976K, reserved 32768K
}
Event: 175.014 GC heap before
{Heap before GC invocations=73 (full 4):
 def new generation   total 2922240K, used 2793730K [0x00007f1920600000, 0x00007f19e68d0000, 0x00007f1e75b50000)
  eden space 2597568K, 100% used [0x00007f1920600000, 0x00007f19beeb0000, 0x00007f19beeb0000)
  from space 324672K,  60% used [0x00007f19d2bc0000, 0x00007f19deb50be8, 0x00007f19e68d0000)
  to   space 324672K,   0% used [0x00007f19beeb0000, 0x00007f19beeb0000, 0x00007f19d2bc0000)
 tenured generation   total 6493768K, used 6169100K [0x00007f1e75b50000, 0x00007f20020e2000, 0x00007f2920600000)
   the space 6493768K,  95% used [0x00007f1e75b50000, 0x00007f1fee3d3070, 0x00007f1fee3d3200, 0x00007f20020e2000)
 Metaspace       used 30240K, capacity 30688K, committed 30976K, reserved 32768K
}
Event: 177.825 GC heap after
{Heap after GC invocations=74 (full 4):
 def new generation   total 2922240K, used 324672K [0x00007f1920600000, 0x00007f19e68d0000, 0x00007f1e75b50000)
  eden space 2597568K,   0% used [0x00007f1920600000, 0x00007f1920600000, 0x00007f19beeb0000)
  from space 324672K, 100% used [0x00007f19beeb0000, 0x00007f19d2bc0000, 0x00007f19d2bc0000)
  to   space 324672K,   0% used [0x00007f19d2bc0000, 0x00007f19d2bc0000, 0x00007f19e68d0000)
 tenured generation   total 7410568K, used 7410458K [0x00007f1e75b50000, 0x00007f203a032000, 0x00007f2920600000)
   the space 7410568K,  99% used [0x00007f1e75b50000, 0x00007f203a0169b8, 0x00007f203a016a00, 0x00007f203a032000)
 Metaspace       used 30240K, capacity 30688K, committed 30976K, reserved 32768K
}
Event: 177.825 GC heap before
{Heap before GC invocations=74 (full 4):
 def new generation   total 2922240K, used 324672K [0x00007f1920600000, 0x00007f19e68d0000, 0x00007f1e75b50000)
  eden space 2597568K,   0% used [0x00007f1920600000, 0x00007f1920600000, 0x00007f19beeb0000)
  from space 324672K, 100% used [0x00007f19beeb0000, 0x00007f19d2bc0000, 0x00007f19d2bc0000)
  to   space 324672K,   0% used [0x00007f19d2bc0000, 0x00007f19d2bc0000, 0x00007f19e68d0000)
 tenured generation   total 7410568K, used 7410458K [0x00007f1e75b50000, 0x00007f203a032000, 0x00007f2920600000)
   the space 7410568K,  99% used [0x00007f1e75b50000, 0x00007f203a0169b8, 0x00007f203a016a00, 0x00007f203a032000)
 Metaspace       used 30240K, capacity 30688K, committed 30976K, reserved 32768K
}
Event: 190.786 GC heap after
{Heap after GC invocations=74 (full 5):
 def new generation   total 5557952K, used 93814K [0x00007f1920600000, 0x00007f1a994c0000, 0x00007f1e75b50000)
  eden space 4940416K,   1% used [0x00007f1920600000, 0x00007f192619d848, 0x00007f1a4dea0000)
  from space 617536K,   0% used [0x00007f1a4dea0000, 0x00007f1a4dea0000, 0x00007f1a739b0000)
  to   space 617536K,   0% used [0x00007f1a739b0000, 0x00007f1a739b0000, 0x00007f1a994c0000)
 tenured generation   total 12350948K, used 7410567K [0x00007f1e75b50000, 0x00007f21678c9000, 0x00007f2920600000)
   the space 12350948K,  59% used [0x00007f1e75b50000, 0x00007f203a031ff0, 0x00007f203a032000, 0x00007f21678c9000)
 Metaspace       used 30240K, capacity 30688K, committed 30976K, reserved 32768K
}
Event: 394.923 GC heap before
{Heap before GC invocations=74 (full 5):
 def new generation   total 5557952K, used 4940416K [0x00007f1920600000, 0x00007f1a994c0000, 0x00007f1e75b50000)
  eden space 4940416K, 100% used [0x00007f1920600000, 0x00007f1a4dea0000, 0x00007f1a4dea0000)
  from space 617536K,   0% used [0x00007f1a4dea0000, 0x00007f1a4dea0000, 0x00007f1a739b0000)
  to   space 617536K,   0% used [0x00007f1a739b0000, 0x00007f1a739b0000, 0x00007f1a994c0000)
 tenured generation   total 12350948K, used 7410567K [0x00007f1e75b50000, 0x00007f21678c9000, 0x00007f2920600000)
   the space 12350948K,  59% used [0x00007f1e75b50000, 0x00007f203a031ff0, 0x00007f203a032000, 0x00007f21678c9000)
 Metaspace       used 30240K, capacity 30688K, committed 30976K, reserved 32768K
}
Event: 398.388 GC heap after
{Heap after GC invocations=75 (full 5):
 def new generation   total 5557952K, used 617535K [0x00007f1920600000, 0x00007f1a994c0000, 0x00007f1e75b50000)
  eden space 4940416K,   0% used [0x00007f1920600000, 0x00007f1920600000, 0x00007f1a4dea0000)
  from space 617536K,  99% used [0x00007f1a739b0000, 0x00007f1a994bfff8, 0x00007f1a994c0000)
  to   space 617536K,   0% used [0x00007f1a4dea0000, 0x00007f1a4dea0000, 0x00007f1a739b0000)
 tenured generation   total 12350948K, used 7907177K [0x00007f1e75b50000, 0x00007f21678c9000, 0x00007f2920600000)
   the space 12350948K,  64% used [0x00007f1e75b50000, 0x00007f205852a590, 0x00007f205852a600, 0x00007f21678c9000)
 Metaspace       used 30240K, capacity 30688K, committed 30976K, reserved 32768K
}
Event: 573.829 GC heap before
{Heap before GC invocations=75 (full 5):
 def new generation   total 5557952K, used 5557951K [0x00007f1920600000, 0x00007f1a994c0000, 0x00007f1e75b50000)
  eden space 4940416K, 100% used [0x00007f1920600000, 0x00007f1a4dea0000, 0x00007f1a4dea0000)
  from space 617536K,  99% used [0x00007f1a739b0000, 0x00007f1a994bfff8, 0x00007f1a994c0000)
  to   space 617536K,   0% used [0x00007f1a4dea0000, 0x00007f1a4dea0000, 0x00007f1a739b0000)
 tenured generation   total 12350948K, used 7907177K [0x00007f1e75b50000, 0x00007f21678c9000, 0x00007f2920600000)
   the space 12350948K,  64% used [0x00007f1e75b50000, 0x00007f205852a590, 0x00007f205852a600, 0x00007f21678c9000)
 Metaspace       used 30240K, capacity 30688K, committed 30976K, reserved 32768K
}
Event: 576.741 GC heap after
{Heap after GC invocations=76 (full 5):
 def new generation   total 5557952K, used 617536K [0x00007f1920600000, 0x00007f1a994c0000, 0x00007f1e75b50000)
  eden space 4940416K,   0% used [0x00007f1920600000, 0x00007f1920600000, 0x00007f1a4dea0000)
  from space 617536K, 100% used [0x00007f1a4dea0000, 0x00007f1a739b0000, 0x00007f1a739b0000)
  to   space 617536K,   0% used [0x00007f1a739b0000, 0x00007f1a739b0000, 0x00007f1a994c0000)
 tenured generation   total 12350948K, used 8947258K [0x00007f1e75b50000, 0x00007f21678c9000, 0x00007f2920600000)
   the space 12350948K,  72% used [0x00007f1e75b50000, 0x00007f2097cdeb58, 0x00007f2097cdec00, 0x00007f21678c9000)
 Metaspace       used 30240K, capacity 30688K, committed 30976K, reserved 32768K
}
Event: 777.579 GC heap before
{Heap before GC invocations=76 (full 5):
 def new generation   total 5557952K, used 5557952K [0x00007f1920600000, 0x00007f1a994c0000, 0x00007f1e75b50000)
  eden space 4940416K, 100% used [0x00007f1920600000, 0x00007f1a4dea0000, 0x00007f1a4dea0000)
  from space 617536K, 100% used [0x00007f1a4dea0000, 0x00007f1a739b0000, 0x00007f1a739b0000)
  to   space 617536K,   0% used [0x00007f1a739b0000, 0x00007f1a739b0000, 0x00007f1a994c0000)
 tenured generation   total 12350948K, used 8947258K [0x00007f1e75b50000, 0x00007f21678c9000, 0x00007f2920600000)
   the space 12350948K,  72% used [0x00007f1e75b50000, 0x00007f2097cdeb58, 0x00007f2097cdec00, 0x00007f21678c9000)
 Metaspace       used 30240K, capacity 30688K, committed 30976K, reserved 32768K
}
Event: 780.471 GC heap after
{Heap after GC invocations=77 (full 5):
 def new generation   total 5557952K, used 617535K [0x00007f1920600000, 0x00007f1a994c0000, 0x00007f1e75b50000)
  eden space 4940416K,   0% used [0x00007f1920600000, 0x00007f1920600000, 0x00007f1a4dea0000)
  from space 617536K,  99% used [0x00007f1a739b0000, 0x00007f1a994bfff0, 0x00007f1a994c0000)
  to   space 617536K,   0% used [0x00007f1a4dea0000, 0x00007f1a4dea0000, 0x00007f1a739b0000)
 tenured generation   total 12350948K, used 9987340K [0x00007f1e75b50000, 0x00007f21678c9000, 0x00007f2920600000)
   the space 12350948K,  80% used [0x00007f1e75b50000, 0x00007f20d7493158, 0x00007f20d7493200, 0x00007f21678c9000)
 Metaspace       used 30240K, capacity 30688K, committed 30976K, reserved 32768K
}
Event: 916.474 GC heap before
{Heap before GC invocations=77 (full 5):
 def new generation   total 5557952K, used 5557951K [0x00007f1920600000, 0x00007f1a994c0000, 0x00007f1e75b50000)
  eden space 4940416K, 100% used [0x00007f1920600000, 0x00007f1a4dea0000, 0x00007f1a4dea0000)
  from space 617536K,  99% used [0x00007f1a739b0000, 0x00007f1a994bfff0, 0x00007f1a994c0000)
  to   space 617536K,   0% used [0x00007f1a4dea0000, 0x00007f1a4dea0000, 0x00007f1a739b0000)
 tenured generation   total 12350948K, used 9987340K [0x00007f1e75b50000, 0x00007f21678c9000, 0x00007f2920600000)
   the space 12350948K,  80% used [0x00007f1e75b50000, 0x00007f20d7493158, 0x00007f20d7493200, 0x00007f21678c9000)
 Metaspace       used 30240K, capacity 30688K, committed 30976K, reserved 32768K
}
Event: 919.055 GC heap after
{Heap after GC invocations=78 (full 5):
 def new generation   total 5557952K, used 617536K [0x00007f1920600000, 0x00007f1a994c0000, 0x00007f1e75b50000)
  eden space 4940416K,   0% used [0x00007f1920600000, 0x00007f1920600000, 0x00007f1a4dea0000)
  from space 617536K, 100% used [0x00007f1a4dea0000, 0x00007f1a739b0000, 0x00007f1a739b0000)
  to   space 617536K,   0% used [0x00007f1a739b0000, 0x00007f1a739b0000, 0x00007f1a994c0000)
 tenured generation   total 12350948K, used 11027421K [0x00007f1e75b50000, 0x00007f21678c9000, 0x00007f2920600000)
   the space 12350948K,  89% used [0x00007f1e75b50000, 0x00007f2116c47658, 0x00007f2116c47800, 0x00007f21678c9000)
 Metaspace       used 30240K, capacity 30688K, committed 30976K, reserved 32768K
}
Event: 1046.489 GC heap before
{Heap before GC invocations=78 (full 5):
 def new generation   total 5557952K, used 5557952K [0x00007f1920600000, 0x00007f1a994c0000, 0x00007f1e75b50000)
  eden space 4940416K, 100% used [0x00007f1920600000, 0x00007f1a4dea0000, 0x00007f1a4dea0000)
  from space 617536K, 100% used [0x00007f1a4dea0000, 0x00007f1a739b0000, 0x00007f1a739b0000)
  to   space 617536K,   0% used [0x00007f1a739b0000, 0x00007f1a739b0000, 0x00007f1a994c0000)
 tenured generation   total 12350948K, used 11027421K [0x00007f1e75b50000, 0x00007f21678c9000, 0x00007f2920600000)
   the space 12350948K,  89% used [0x00007f1e75b50000, 0x00007f2116c47658, 0x00007f2116c47800, 0x00007f21678c9000)
 Metaspace       used 30240K, capacity 30688K, committed 30976K, reserved 32768K
}
Event: 1049.052 GC heap after
{Heap after GC invocations=79 (full 5):
 def new generation   total 5557952K, used 617535K [0x00007f1920600000, 0x00007f1a994c0000, 0x00007f1e75b50000)
  eden space 4940416K,   0% used [0x00007f1920600000, 0x00007f1920600000, 0x00007f1a4dea0000)
  from space 617536K,  99% used [0x00007f1a739b0000, 0x00007f1a994bfff0, 0x00007f1a994c0000)
  to   space 617536K,   0% used [0x00007f1a4dea0000, 0x00007f1a4dea0000, 0x00007f1a739b0000)
 tenured generation   total 12350948K, used 12067503K [0x00007f1e75b50000, 0x00007f21678c9000, 0x00007f2920600000)
   the space 12350948K,  97% used [0x00007f1e75b50000, 0x00007f21563fbc98, 0x00007f21563fbe00, 0x00007f21678c9000)
 Metaspace       used 30240K, capacity 30688K, committed 30976K, reserved 32768K
}
Event: 1104.067 GC heap before
{Heap before GC invocations=79 (full 5):
 def new generation   total 5557952K, used 5557951K [0x00007f1920600000, 0x00007f1a994c0000, 0x00007f1e75b50000)
  eden space 4940416K, 100% used [0x00007f1920600000, 0x00007f1a4dea0000, 0x00007f1a4dea0000)
  from space 617536K,  99% used [0x00007f1a739b0000, 0x00007f1a994bfff0, 0x00007f1a994c0000)
  to   space 617536K,   0% used [0x00007f1a4dea0000, 0x00007f1a4dea0000, 0x00007f1a739b0000)
 tenured generation   total 12350948K, used 12067503K [0x00007f1e75b50000, 0x00007f21678c9000, 0x00007f2920600000)
   the space 12350948K,  97% used [0x00007f1e75b50000, 0x00007f21563fbc98, 0x00007f21563fbe00, 0x00007f21678c9000)
 Metaspace       used 30240K, capacity 30688K, committed 30976K, reserved 32768K
}
Event: 1106.429 GC heap after
{Heap after GC invocations=80 (full 5):
 def new generation   total 5557952K, used 617535K [0x00007f1920600000, 0x00007f1a994c0000, 0x00007f1e75b50000)
  eden space 4940416K,   0% used [0x00007f1920600000, 0x00007f1920600000, 0x00007f1a4dea0000)
  from space 617536K,  99% used [0x00007f1a4dea0000, 0x00007f1a739afff0, 0x00007f1a739b0000)
  to   space 617536K,   0% used [0x00007f1a739b0000, 0x00007f1a739b0000, 0x00007f1a994c0000)
 tenured generation   total 13107620K, used 13107584K [0x00007f1e75b50000, 0x00007f2195bb9000, 0x00007f2920600000)
   the space 13107620K,  99% used [0x00007f1e75b50000, 0x00007f2195bb01b8, 0x00007f2195bb0200, 0x00007f2195bb9000)
 Metaspace       used 30240K, capacity 30688K, committed 30976K, reserved 32768K
}
Event: 1106.429 GC heap before
{Heap before GC invocations=80 (full 5):
 def new generation   total 5557952K, used 617535K [0x00007f1920600000, 0x00007f1a994c0000, 0x00007f1e75b50000)
  eden space 4940416K,   0% used [0x00007f1920600000, 0x00007f1920600000, 0x00007f1a4dea0000)
  from space 617536K,  99% used [0x00007f1a4dea0000, 0x00007f1a739afff0, 0x00007f1a739b0000)
  to   space 617536K,   0% used [0x00007f1a739b0000, 0x00007f1a739b0000, 0x00007f1a994c0000)
 tenured generation   total 13107620K, used 13107584K [0x00007f1e75b50000, 0x00007f2195bb9000, 0x00007f2920600000)
   the space 13107620K,  99% used [0x00007f1e75b50000, 0x00007f2195bb01b8, 0x00007f2195bb0200, 0x00007f2195bb9000)
 Metaspace       used 30240K, capacity 30688K, committed 30976K, reserved 32768K
}

