# JRE version: OpenJDK Runtime Environment (13.0.7+5) (build 13.0.7+5-Ubuntu-0ubuntu120.04)
# Java VM: OpenJDK 64-Bit Server VM (13.0.7+5-Ubuntu-0ubuntu120.04, mixed mode, tiered, serial gc, linux-amd64)
Heap:
 def new generation   total 6692864K, used 0K [0x00007fd208600000, 0x00007fd3ce430000, 0x00007fd75db50000)
  eden space 5949248K,   0% used [0x00007fd208600000, 0x00007fd208600000, 0x00007fd3737d0000)
  from space 743616K,   0% used [0x00007fd3737d0000, 0x00007fd3737d0000, 0x00007fd3a0e00000)
  to   space 743616K,   0% used [0x00007fd3a0e00000, 0x00007fd3a0e00000, 0x00007fd3ce430000)
 tenured generation   total 14872880K, used 8923727K [0x00007fd75db50000, 0x00007fdae979c000, 0x00007fe208600000)
   the space 14872880K,  59% used [0x00007fd75db50000, 0x00007fd97e5e3f50, 0x00007fd97e5e4000, 0x00007fdae979c000)
 Metaspace       used 23461K, capacity 23819K, committed 24064K, reserved 24576K
GC Heap History (20 events):
Event: 53.047 GC heap before
{Heap before GC invocations=17 (full 7):
 def new generation   total 1583936K, used 1266K [0x00007fd208600000, 0x00007fd273ca0000, 0x00007fd75db50000)
  eden space 1408000K,   0% used [0x00007fd208600000, 0x00007fd208600000, 0x00007fd25e500000)
  from space 175936K,   0% used [0x00007fd2690d0000, 0x00007fd26920c9c8, 0x00007fd273ca0000)
  to   space 175936K,   0% used [0x00007fd25e500000, 0x00007fd25e500000, 0x00007fd2690d0000)
 tenured generation   total 8762548K, used 8397964K [0x00007fd75db50000, 0x00007fd97487d000, 0x00007fe208600000)
   the space 8762548K,  95% used [0x00007fd75db50000, 0x00007fd95e4730b0, 0x00007fd95e473200, 0x00007fd97487d000)
 Metaspace       used 23446K, capacity 23818K, committed 24064K, reserved 24576K
}
Event: 53.554 GC heap after
{Heap after GC invocations=17 (full 8):
 def new generation   total 3471360K, used 0K [0x00007fd208600000, 0x00007fd2f3ca0000, 0x00007fd75db50000)
  eden space 3085696K,   0% used [0x00007fd208600000, 0x00007fd208600000, 0x00007fd2c4b60000)
  from space 385664K,   0% used [0x00007fd2c4b60000, 0x00007fd2c4b60000, 0x00007fd2dc400000)
  to   space 385664K,   0% used [0x00007fd2dc400000, 0x00007fd2dc400000, 0x00007fd2f3ca0000)
 tenured generation   total 7713968K, used 2107049K [0x00007fd75db50000, 0x00007fd93487c000, 0x00007fe208600000)
   the space 7713968K,  27% used [0x00007fd75db50000, 0x00007fd7de4fa6f0, 0x00007fd7de4fa800, 0x00007fd93487c000)
 Metaspace       used 23446K, capacity 23818K, committed 24064K, reserved 24576K
}
Event: 58.834 GC heap before
{Heap before GC invocations=17 (full 8):
 def new generation   total 3471360K, used 2157999K [0x00007fd208600000, 0x00007fd2f3ca0000, 0x00007fd75db50000)
  eden space 3085696K,  69% used [0x00007fd208600000, 0x00007fd28c16bd70, 0x00007fd2c4b60000)
  from space 385664K,   0% used [0x00007fd2c4b60000, 0x00007fd2c4b60000, 0x00007fd2dc400000)
  to   space 385664K,   0% used [0x00007fd2dc400000, 0x00007fd2dc400000, 0x00007fd2f3ca0000)
 tenured generation   total 7713968K, used 6301353K [0x00007fd75db50000, 0x00007fd93487c000, 0x00007fe208600000)
   the space 7713968K,  81% used [0x00007fd75db50000, 0x00007fd8de4fa708, 0x00007fd8de4fa800, 0x00007fd93487c000)
 Metaspace       used 23446K, capacity 23818K, committed 24064K, reserved 24576K
}
Event: 59.396 GC heap after
{Heap after GC invocations=18 (full 8):
 def new generation   total 3471360K, used 0K [0x00007fd208600000, 0x00007fd2f3ca0000, 0x00007fd75db50000)
  eden space 3085696K,   0% used [0x00007fd208600000, 0x00007fd208600000, 0x00007fd2c4b60000)
  from space 385664K,   0% used [0x00007fd2dc400000, 0x00007fd2dc400378, 0x00007fd2f3ca0000)
  to   space 385664K,   0% used [0x00007fd2c4b60000, 0x00007fd2c4b60000, 0x00007fd2dc400000)
 tenured generation   total 9811124K, used 8398505K [0x00007fd75db50000, 0x00007fd9b487d000, 0x00007fe208600000)
   the space 9811124K,  85% used [0x00007fd75db50000, 0x00007fd95e4fa720, 0x00007fd95e4fa800, 0x00007fd9b487d000)
 Metaspace       used 23446K, capacity 23818K, committed 24064K, reserved 24576K
}
Event: 59.396 GC heap before
{Heap before GC invocations=18 (full 8):
 def new generation   total 3471360K, used 0K [0x00007fd208600000, 0x00007fd2f3ca0000, 0x00007fd75db50000)
  eden space 3085696K,   0% used [0x00007fd208600000, 0x00007fd208600000, 0x00007fd2c4b60000)
  from space 385664K,   0% used [0x00007fd2dc400000, 0x00007fd2dc400378, 0x00007fd2f3ca0000)
  to   space 385664K,   0% used [0x00007fd2c4b60000, 0x00007fd2c4b60000, 0x00007fd2dc400000)
 tenured generation   total 9811124K, used 8398505K [0x00007fd75db50000, 0x00007fd9b487d000, 0x00007fe208600000)
   the space 9811124K,  85% used [0x00007fd75db50000, 0x00007fd95e4fa720, 0x00007fd95e4fa800, 0x00007fd9b487d000)
 Metaspace       used 23446K, capacity 23818K, committed 24064K, reserved 24576K
}
Event: 59.866 GC heap after
{Heap after GC invocations=18 (full 9):
 def new generation   total 3471360K, used 0K [0x00007fd208600000, 0x00007fd2f3ca0000, 0x00007fd75db50000)
  eden space 3085696K,   0% used [0x00007fd208600000, 0x00007fd208600000, 0x00007fd2c4b60000)
  from space 385664K,   0% used [0x00007fd2dc400000, 0x00007fd2dc400000, 0x00007fd2f3ca0000)
  to   space 385664K,   0% used [0x00007fd2c4b60000, 0x00007fd2c4b60000, 0x00007fd2dc400000)
 tenured generation   total 7713968K, used 2107048K [0x00007fd75db50000, 0x00007fd93487c000, 0x00007fe208600000)
   the space 7713968K,  27% used [0x00007fd75db50000, 0x00007fd7de4fa1a8, 0x00007fd7de4fa200, 0x00007fd93487c000)
 Metaspace       used 23446K, capacity 23818K, committed 24064K, reserved 24576K
}
Event: 60.367 GC heap before
{Heap before GC invocations=18 (full 9):
 def new generation   total 3471360K, used 2158302K [0x00007fd208600000, 0x00007fd2f3ca0000, 0x00007fd75db50000)
  eden space 3085696K,  69% used [0x00007fd208600000, 0x00007fd28c1b7ad8, 0x00007fd2c4b60000)
  from space 385664K,   0% used [0x00007fd2dc400000, 0x00007fd2dc400000, 0x00007fd2f3ca0000)
  to   space 385664K,   0% used [0x00007fd2c4b60000, 0x00007fd2c4b60000, 0x00007fd2dc400000)
 tenured generation   total 7713968K, used 2107048K [0x00007fd75db50000, 0x00007fd93487c000, 0x00007fe208600000)
   the space 7713968K,  27% used [0x00007fd75db50000, 0x00007fd7de4fa1a8, 0x00007fd7de4fa200, 0x00007fd93487c000)
 Metaspace       used 23446K, capacity 23818K, committed 24064K, reserved 24576K
}
Event: 60.755 GC heap after
{Heap after GC invocations=19 (full 9):
 def new generation   total 3471360K, used 0K [0x00007fd208600000, 0x00007fd2f3ca0000, 0x00007fd75db50000)
  eden space 3085696K,   0% used [0x00007fd208600000, 0x00007fd208600000, 0x00007fd2c4b60000)
  from space 385664K,   0% used [0x00007fd2c4b60000, 0x00007fd2c4b60248, 0x00007fd2dc400000)
  to   space 385664K,   0% used [0x00007fd2dc400000, 0x00007fd2dc400000, 0x00007fd2f3ca0000)
 tenured generation   total 7713968K, used 4204200K [0x00007fd75db50000, 0x00007fd93487c000, 0x00007fe208600000)
   the space 7713968K,  54% used [0x00007fd75db50000, 0x00007fd85e4fa1c0, 0x00007fd85e4fa200, 0x00007fd93487c000)
 Metaspace       used 23446K, capacity 23818K, committed 24064K, reserved 24576K
}
Event: 62.895 GC heap before
{Heap before GC invocations=19 (full 9):
 def new generation   total 3471360K, used 2682176K [0x00007fd208600000, 0x00007fd2f3ca0000, 0x00007fd75db50000)
  eden space 3085696K,  86% used [0x00007fd208600000, 0x00007fd2ac14ff88, 0x00007fd2c4b60000)
  from space 385664K,   0% used [0x00007fd2c4b60000, 0x00007fd2c4b60248, 0x00007fd2dc400000)
  to   space 385664K,   0% used [0x00007fd2dc400000, 0x00007fd2dc400000, 0x00007fd2f3ca0000)
 tenured generation   total 7713968K, used 4204200K [0x00007fd75db50000, 0x00007fd93487c000, 0x00007fe208600000)
   the space 7713968K,  54% used [0x00007fd75db50000, 0x00007fd85e4fa1c0, 0x00007fd85e4fa200, 0x00007fd93487c000)
 Metaspace       used 23446K, capacity 23818K, committed 24064K, reserved 24576K
}
Event: 62.989 GC heap after
{Heap after GC invocations=20 (full 9):
 def new generation   total 3471360K, used 0K [0x00007fd208600000, 0x00007fd2f3ca0000, 0x00007fd75db50000)
  eden space 3085696K,   0% used [0x00007fd208600000, 0x00007fd208600000, 0x00007fd2c4b60000)
  from space 385664K,   0% used [0x00007fd2dc400000, 0x00007fd2dc400190, 0x00007fd2f3ca0000)
  to   space 385664K,   0% used [0x00007fd2c4b60000, 0x00007fd2c4b60000, 0x00007fd2dc400000)
 tenured generation   total 7713968K, used 4728488K [0x00007fd75db50000, 0x00007fd93487c000, 0x00007fe208600000)
   the space 7713968K,  61% used [0x00007fd75db50000, 0x00007fd87e4fa1d8, 0x00007fd87e4fa200, 0x00007fd93487c000)
 Metaspace       used 23446K, capacity 23818K, committed 24064K, reserved 24576K
}
Event: 64.654 GC heap before
{Heap before GC invocations=20 (full 9):
 def new generation   total 3471360K, used 3007534K [0x00007fd208600000, 0x00007fd2f3ca0000, 0x00007fd75db50000)
  eden space 3085696K,  97% used [0x00007fd208600000, 0x00007fd2bff0b738, 0x00007fd2c4b60000)
  from space 385664K,   0% used [0x00007fd2dc400000, 0x00007fd2dc400190, 0x00007fd2f3ca0000)
  to   space 385664K,   0% used [0x00007fd2c4b60000, 0x00007fd2c4b60000, 0x00007fd2dc400000)
 tenured generation   total 7713968K, used 4728488K [0x00007fd75db50000, 0x00007fd93487c000, 0x00007fe208600000)
   the space 7713968K,  61% used [0x00007fd75db50000, 0x00007fd87e4fa1d8, 0x00007fd87e4fa200, 0x00007fd93487c000)
 Metaspace       used 23461K, capacity 23819K, committed 24064K, reserved 24576K
}
Event: 64.777 GC heap after
{Heap after GC invocations=21 (full 9):
 def new generation   total 3471360K, used 266161K [0x00007fd208600000, 0x00007fd2f3ca0000, 0x00007fd75db50000)
  eden space 3085696K,   0% used [0x00007fd208600000, 0x00007fd208600000, 0x00007fd2c4b60000)
  from space 385664K,  69% used [0x00007fd2c4b60000, 0x00007fd2d4f4c570, 0x00007fd2dc400000)
  to   space 385664K,   0% used [0x00007fd2dc400000, 0x00007fd2dc400000, 0x00007fd2f3ca0000)
 tenured generation   total 7713968K, used 4728488K [0x00007fd75db50000, 0x00007fd93487c000, 0x00007fe208600000)
   the space 7713968K,  61% used [0x00007fd75db50000, 0x00007fd87e4fa1d8, 0x00007fd87e4fa200, 0x00007fd93487c000)
 Metaspace       used 23461K, capacity 23819K, committed 24064K, reserved 24576K
}
Event: 65.473 GC heap before
{Heap before GC invocations=21 (full 9):
 def new generation   total 3471360K, used 1637427K [0x00007fd208600000, 0x00007fd2f3ca0000, 0x00007fd75db50000)
  eden space 3085696K,  44% used [0x00007fd208600000, 0x00007fd25c120950, 0x00007fd2c4b60000)
  from space 385664K,  69% used [0x00007fd2c4b60000, 0x00007fd2d4f4c570, 0x00007fd2dc400000)
  to   space 385664K,   0% used [0x00007fd2dc400000, 0x00007fd2dc400000, 0x00007fd2f3ca0000)
 tenured generation   total 7713968K, used 4728488K [0x00007fd75db50000, 0x00007fd93487c000, 0x00007fe208600000)
   the space 7713968K,  61% used [0x00007fd75db50000, 0x00007fd87e4fa1d8, 0x00007fd87e4fa200, 0x00007fd93487c000)
 Metaspace       used 23461K, capacity 23819K, committed 24064K, reserved 24576K
}
Event: 65.624 GC heap after
{Heap after GC invocations=22 (full 9):
 def new generation   total 3471360K, used 262145K [0x00007fd208600000, 0x00007fd2f3ca0000, 0x00007fd75db50000)
  eden space 3085696K,   0% used [0x00007fd208600000, 0x00007fd208600000, 0x00007fd2c4b60000)
  from space 385664K,  67% used [0x00007fd2dc400000, 0x00007fd2ec400438, 0x00007fd2f3ca0000)
  to   space 385664K,   0% used [0x00007fd2c4b60000, 0x00007fd2c4b60000, 0x00007fd2dc400000)
 tenured generation   total 7713968K, used 4994132K [0x00007fd75db50000, 0x00007fd93487c000, 0x00007fe208600000)
   the space 7713968K,  64% used [0x00007fd75db50000, 0x00007fd88e865188, 0x00007fd88e865200, 0x00007fd93487c000)
 Metaspace       used 23461K, capacity 23819K, committed 24064K, reserved 24576K
}
Event: 65.624 GC heap before
{Heap before GC invocations=22 (full 9):
 def new generation   total 3471360K, used 262145K [0x00007fd208600000, 0x00007fd2f3ca0000, 0x00007fd75db50000)
  eden space 3085696K,   0% used [0x00007fd208600000, 0x00007fd208600000, 0x00007fd2c4b60000)
  from space 385664K,  67% used [0x00007fd2dc400000, 0x00007fd2ec400438, 0x00007fd2f3ca0000)
  to   space 385664K,   0% used [0x00007fd2c4b60000, 0x00007fd2c4b60000, 0x00007fd2dc400000)
 tenured generation   total 7713968K, used 4994132K [0x00007fd75db50000, 0x00007fd93487c000, 0x00007fe208600000)
   the space 7713968K,  64% used [0x00007fd75db50000, 0x00007fd88e865188, 0x00007fd88e865200, 0x00007fd93487c000)
 Metaspace       used 23461K, capacity 23819K, committed 24064K, reserved 24576K
}
Event: 65.801 GC heap after
{Heap after GC invocations=22 (full 10):
 def new generation   total 2403904K, used 0K [0x00007fd208600000, 0x00007fd2ab660000, 0x00007fd75db50000)
  eden space 2136832K,   0% used [0x00007fd208600000, 0x00007fd208600000, 0x00007fd28acc0000)
  from space 267072K,   0% used [0x00007fd28acc0000, 0x00007fd28acc0000, 0x00007fd29b190000)
  to   space 267072K,   0% used [0x00007fd29b190000, 0x00007fd29b190000, 0x00007fd2ab660000)
 tenured generation   total 5341876K, used 535119K [0x00007fd75db50000, 0x00007fd8a3bfd000, 0x00007fe208600000)
   the space 5341876K,  10% used [0x00007fd75db50000, 0x00007fd77e5e3e88, 0x00007fd77e5e4000, 0x00007fd8a3bfd000)
 Metaspace       used 23461K, capacity 23819K, committed 24064K, reserved 24576K
}
Event: 72.428 GC heap before
{Heap before GC invocations=22 (full 10):
 def new generation   total 2403904K, used 41928K [0x00007fd208600000, 0x00007fd2ab660000, 0x00007fd75db50000)
  eden space 2136832K,   1% used [0x00007fd208600000, 0x00007fd20aef2010, 0x00007fd28acc0000)
  from space 267072K,   0% used [0x00007fd28acc0000, 0x00007fd28acc0000, 0x00007fd29b190000)
  to   space 267072K,   0% used [0x00007fd29b190000, 0x00007fd29b190000, 0x00007fd2ab660000)
 tenured generation   total 13730488K, used 8923727K [0x00007fd75db50000, 0x00007fdaa3bfe000, 0x00007fe208600000)
   the space 13730488K,  64% used [0x00007fd75db50000, 0x00007fd97e5e3ea0, 0x00007fd97e5e4000, 0x00007fdaa3bfe000)
 Metaspace       used 23461K, capacity 23819K, committed 24064K, reserved 24576K
}
Event: 72.431 GC heap after
{Heap after GC invocations=23 (full 10):
 def new generation   total 2403904K, used 0K [0x00007fd208600000, 0x00007fd2ab660000, 0x00007fd75db50000)
  eden space 2136832K,   0% used [0x00007fd208600000, 0x00007fd208600000, 0x00007fd28acc0000)
  from space 267072K,   0% used [0x00007fd29b190000, 0x00007fd29b190118, 0x00007fd2ab660000)
  to   space 267072K,   0% used [0x00007fd28acc0000, 0x00007fd28acc0000, 0x00007fd29b190000)
 tenured generation   total 13730488K, used 8923727K [0x00007fd75db50000, 0x00007fdaa3bfe000, 0x00007fe208600000)
   the space 13730488K,  64% used [0x00007fd75db50000, 0x00007fd97e5e3ea0, 0x00007fd97e5e4000, 0x00007fdaa3bfe000)
 Metaspace       used 23461K, capacity 23819K, committed 24064K, reserved 24576K
}
Event: 72.431 GC heap before
{Heap before GC invocations=23 (full 10):
 def new generation   total 2403904K, used 0K [0x00007fd208600000, 0x00007fd2ab660000, 0x00007fd75db50000)
  eden space 2136832K,   0% used [0x00007fd208600000, 0x00007fd208600000, 0x00007fd28acc0000)
  from space 267072K,   0% used [0x00007fd29b190000, 0x00007fd29b190118, 0x00007fd2ab660000)
  to   space 267072K,   0% used [0x00007fd28acc0000, 0x00007fd28acc0000, 0x00007fd29b190000)
 tenured generation   total 13730488K, used 8923727K [0x00007fd75db50000, 0x00007fdaa3bfe000, 0x00007fe208600000)
   the space 13730488K,  64% used [0x00007fd75db50000, 0x00007fd97e5e3ea0, 0x00007fd97e5e4000, 0x00007fdaa3bfe000)
 Metaspace       used 23461K, capacity 23819K, committed 24064K, reserved 24576K
}
Event: 72.458 GC heap after
{Heap after GC invocations=23 (full 11):
 def new generation   total 6692864K, used 0K [0x00007fd208600000, 0x00007fd3ce430000, 0x00007fd75db50000)
  eden space 5949248K,   0% used [0x00007fd208600000, 0x00007fd208600000, 0x00007fd3737d0000)
  from space 743616K,   0% used [0x00007fd3737d0000, 0x00007fd3737d0000, 0x00007fd3a0e00000)
  to   space 743616K,   0% used [0x00007fd3a0e00000, 0x00007fd3a0e00000, 0x00007fd3ce430000)
 tenured generation   total 14872880K, used 8923727K [0x00007fd75db50000, 0x00007fdae979c000, 0x00007fe208600000)
   the space 14872880K,  59% used [0x00007fd75db50000, 0x00007fd97e5e3f50, 0x00007fd97e5e4000, 0x00007fdae979c000)
 Metaspace       used 23461K, capacity 23819K, committed 24064K, reserved 24576K
}

