# JRE version: OpenJDK Runtime Environment (13.0.7+5) (build 13.0.7+5-Ubuntu-0ubuntu120.04)
# Java VM: OpenJDK 64-Bit Server VM (13.0.7+5-Ubuntu-0ubuntu120.04, mixed mode, tiered, serial gc, linux-amd64)
Heap:
 def new generation   total 1055104K, used 673940K [0x00007fad98600000, 0x00007faddfed0000, 0x00007fb2edb50000)
  eden space 937920K,  71% used [0x00007fad98600000, 0x00007fadc1825028, 0x00007fadd19f0000)
  from space 117184K,   0% used [0x00007fadd8c60000, 0x00007fadd8c60290, 0x00007faddfed0000)
  to   space 117184K,   0% used [0x00007fadd19f0000, 0x00007fadd19f0318, 0x00007fadd8c60000)
 tenured generation   total 2344508K, used 2019661K [0x00007fb2edb50000, 0x00007fb37ccdf000, 0x00007fbd98600000)
   the space 2344508K,  86% used [0x00007fb2edb50000, 0x00007fb368fa3698, 0x00007fb368fa3800, 0x00007fb37ccdf000)
 Metaspace       used 30520K, capacity 30954K, committed 31232K, reserved 32768K
GC Heap History (20 events):
Event: 144.259 GC heap after
{Heap after GC invocations=177 (full 69):
 def new generation   total 1055104K, used 42181K [0x00007fad98600000, 0x00007faddfed0000, 0x00007fb2edb50000)
  eden space 937920K,   0% used [0x00007fad98600000, 0x00007fad98600000, 0x00007fadd19f0000)
  from space 117184K,  35% used [0x00007fadd8c60000, 0x00007faddb5917e8, 0x00007faddfed0000)
  to   space 117184K,   0% used [0x00007fadd19f0000, 0x00007fadd19f0000, 0x00007fadd8c60000)
 tenured generation   total 2344508K, used 1458300K [0x00007fb2edb50000, 0x00007fb37ccdf000, 0x00007fbd98600000)
   the space 2344508K,  62% used [0x00007fb2edb50000, 0x00007fb346b6f2c8, 0x00007fb346b6f400, 0x00007fb37ccdf000)
 Metaspace       used 30514K, capacity 30954K, committed 31232K, reserved 32768K
}
Event: 144.259 GC heap before
{Heap before GC invocations=177 (full 69):
 def new generation   total 1055104K, used 42181K [0x00007fad98600000, 0x00007faddfed0000, 0x00007fb2edb50000)
  eden space 937920K,   0% used [0x00007fad98600000, 0x00007fad98600000, 0x00007fadd19f0000)
  from space 117184K,  35% used [0x00007fadd8c60000, 0x00007faddb5917e8, 0x00007faddfed0000)
  to   space 117184K,   0% used [0x00007fadd19f0000, 0x00007fadd19f0000, 0x00007fadd8c60000)
 tenured generation   total 2344508K, used 1458300K [0x00007fb2edb50000, 0x00007fb37ccdf000, 0x00007fbd98600000)
   the space 2344508K,  62% used [0x00007fb2edb50000, 0x00007fb346b6f2c8, 0x00007fb346b6f400, 0x00007fb37ccdf000)
 Metaspace       used 30514K, capacity 30954K, committed 31232K, reserved 32768K
}
Event: 144.289 GC heap after
{Heap after GC invocations=177 (full 70):
 def new generation   total 1055104K, used 0K [0x00007fad98600000, 0x00007faddfed0000, 0x00007fb2edb50000)
  eden space 937920K,   0% used [0x00007fad98600000, 0x00007fad98600000, 0x00007fadd19f0000)
  from space 117184K,   0% used [0x00007fadd8c60000, 0x00007fadd8c60000, 0x00007faddfed0000)
  to   space 117184K,   0% used [0x00007fadd19f0000, 0x00007fadd19f0000, 0x00007fadd8c60000)
 tenured generation   total 2344508K, used 53358K [0x00007fb2edb50000, 0x00007fb37ccdf000, 0x00007fbd98600000)
   the space 2344508K,   2% used [0x00007fb2edb50000, 0x00007fb2f0f6bbb0, 0x00007fb2f0f6bc00, 0x00007fb37ccdf000)
 Metaspace       used 30514K, capacity 30954K, committed 31232K, reserved 32768K
}
Event: 145.452 GC heap before
{Heap before GC invocations=177 (full 70):
 def new generation   total 1055104K, used 673862K [0x00007fad98600000, 0x00007faddfed0000, 0x00007fb2edb50000)
  eden space 937920K,  71% used [0x00007fad98600000, 0x00007fadc18119d0, 0x00007fadd19f0000)
  from space 117184K,   0% used [0x00007fadd8c60000, 0x00007fadd8c60000, 0x00007faddfed0000)
  to   space 117184K,   0% used [0x00007fadd19f0000, 0x00007fadd19f0000, 0x00007fadd8c60000)
 tenured generation   total 2344508K, used 1364078K [0x00007fb2edb50000, 0x00007fb37ccdf000, 0x00007fbd98600000)
   the space 2344508K,  58% used [0x00007fb2edb50000, 0x00007fb340f6bbc8, 0x00007fb340f6bc00, 0x00007fb37ccdf000)
 Metaspace       used 30514K, capacity 30954K, committed 31232K, reserved 32768K
}
Event: 145.522 GC heap after
{Heap after GC invocations=178 (full 70):
 def new generation   total 1055104K, used 0K [0x00007fad98600000, 0x00007faddfed0000, 0x00007fb2edb50000)
  eden space 937920K,   0% used [0x00007fad98600000, 0x00007fad98600000, 0x00007fadd19f0000)
  from space 117184K,   0% used [0x00007fadd19f0000, 0x00007fadd19f0290, 0x00007fadd8c60000)
  to   space 117184K,   0% used [0x00007fadd8c60000, 0x00007fadd8c60000, 0x00007faddfed0000)
 tenured generation   total 2344508K, used 2019438K [0x00007fb2edb50000, 0x00007fb37ccdf000, 0x00007fbd98600000)
   the space 2344508K,  86% used [0x00007fb2edb50000, 0x00007fb368f6bbe0, 0x00007fb368f6bc00, 0x00007fb37ccdf000)
 Metaspace       used 30514K, capacity 30954K, committed 31232K, reserved 32768K
}
Event: 145.629 GC heap before
{Heap before GC invocations=178 (full 70):
 def new generation   total 1055104K, used 673952K [0x00007fad98600000, 0x00007faddfed0000, 0x00007fb2edb50000)
  eden space 937920K,  71% used [0x00007fad98600000, 0x00007fadc1828050, 0x00007fadd19f0000)
  from space 117184K,   0% used [0x00007fadd19f0000, 0x00007fadd19f0290, 0x00007fadd8c60000)
  to   space 117184K,   0% used [0x00007fadd8c60000, 0x00007fadd8c60000, 0x00007faddfed0000)
 tenured generation   total 2344508K, used 2019438K [0x00007fb2edb50000, 0x00007fb37ccdf000, 0x00007fbd98600000)
   the space 2344508K,  86% used [0x00007fb2edb50000, 0x00007fb368f6bbe0, 0x00007fb368f6bc00, 0x00007fb37ccdf000)
 Metaspace       used 30514K, capacity 30954K, committed 31232K, reserved 32768K
}
Event: 145.856 GC heap after
{Heap after GC invocations=179 (full 70):
 def new generation   total 1055104K, used 1K [0x00007fad98600000, 0x00007faddfed0000, 0x00007fb2edb50000)
  eden space 937920K,   0% used [0x00007fad98600000, 0x00007fad98600000, 0x00007fadd19f0000)
  from space 117184K,   0% used [0x00007fadd8c60000, 0x00007fadd8c604c0, 0x00007faddfed0000)
  to   space 117184K,   0% used [0x00007fadd19f0000, 0x00007fadd19f0000, 0x00007fadd8c60000)
 tenured generation   total 2999872K, used 2674798K [0x00007fb2edb50000, 0x00007fb3a4ce0000, 0x00007fbd98600000)
   the space 2999872K,  89% used [0x00007fb2edb50000, 0x00007fb390f6bbf8, 0x00007fb390f6bc00, 0x00007fb3a4ce0000)
 Metaspace       used 30514K, capacity 30954K, committed 31232K, reserved 32768K
}
Event: 145.856 GC heap before
{Heap before GC invocations=179 (full 70):
 def new generation   total 1055104K, used 1K [0x00007fad98600000, 0x00007faddfed0000, 0x00007fb2edb50000)
  eden space 937920K,   0% used [0x00007fad98600000, 0x00007fad98600000, 0x00007fadd19f0000)
  from space 117184K,   0% used [0x00007fadd8c60000, 0x00007fadd8c604c0, 0x00007faddfed0000)
  to   space 117184K,   0% used [0x00007fadd19f0000, 0x00007fadd19f0000, 0x00007fadd8c60000)
 tenured generation   total 2999872K, used 2674798K [0x00007fb2edb50000, 0x00007fb3a4ce0000, 0x00007fbd98600000)
   the space 2999872K,  89% used [0x00007fb2edb50000, 0x00007fb390f6bbf8, 0x00007fb390f6bc00, 0x00007fb3a4ce0000)
 Metaspace       used 30514K, capacity 30954K, committed 31232K, reserved 32768K
}
Event: 146.043 GC heap after
{Heap after GC invocations=179 (full 71):
 def new generation   total 1055104K, used 0K [0x00007fad98600000, 0x00007faddfed0000, 0x00007fb2edb50000)
  eden space 937920K,   0% used [0x00007fad98600000, 0x00007fad98600000, 0x00007fadd19f0000)
  from space 117184K,   0% used [0x00007fadd8c60000, 0x00007fadd8c60000, 0x00007faddfed0000)
  to   space 117184K,   0% used [0x00007fadd19f0000, 0x00007fadd19f0000, 0x00007fadd8c60000)
 tenured generation   total 2344508K, used 1364079K [0x00007fb2edb50000, 0x00007fb37ccdf000, 0x00007fbd98600000)
   the space 2344508K,  58% used [0x00007fb2edb50000, 0x00007fb340f6bfa8, 0x00007fb340f6c000, 0x00007fb37ccdf000)
 Metaspace       used 30514K, capacity 30954K, committed 31232K, reserved 32768K
}
Event: 146.689 GC heap before
{Heap before GC invocations=179 (full 71):
 def new generation   total 1055104K, used 937920K [0x00007fad98600000, 0x00007faddfed0000, 0x00007fb2edb50000)
  eden space 937920K, 100% used [0x00007fad98600000, 0x00007fadd19f0000, 0x00007fadd19f0000)
  from space 117184K,   0% used [0x00007fadd8c60000, 0x00007fadd8c60000, 0x00007faddfed0000)
  to   space 117184K,   0% used [0x00007fadd19f0000, 0x00007fadd19f0000, 0x00007fadd8c60000)
 tenured generation   total 2344508K, used 1364079K [0x00007fb2edb50000, 0x00007fb37ccdf000, 0x00007fbd98600000)
   the space 2344508K,  58% used [0x00007fb2edb50000, 0x00007fb340f6bfa8, 0x00007fb340f6c000, 0x00007fb37ccdf000)
 Metaspace       used 30516K, capacity 30954K, committed 31232K, reserved 32768K
}
Event: 146.696 GC heap after
{Heap after GC invocations=180 (full 71):
 def new generation   total 1055104K, used 53459K [0x00007fad98600000, 0x00007faddfed0000, 0x00007fb2edb50000)
  eden space 937920K,   0% used [0x00007fad98600000, 0x00007fad98600000, 0x00007fadd19f0000)
  from space 117184K,  45% used [0x00007fadd19f0000, 0x00007fadd4e24c60, 0x00007fadd8c60000)
  to   space 117184K,   0% used [0x00007fadd8c60000, 0x00007fadd8c60000, 0x00007faddfed0000)
 tenured generation   total 2344508K, used 1364079K [0x00007fb2edb50000, 0x00007fb37ccdf000, 0x00007fbd98600000)
   the space 2344508K,  58% used [0x00007fb2edb50000, 0x00007fb340f6bfa8, 0x00007fb340f6c000, 0x00007fb37ccdf000)
 Metaspace       used 30516K, capacity 30954K, committed 31232K, reserved 32768K
}
Event: 147.098 GC heap before
{Heap before GC invocations=180 (full 71):
 def new generation   total 1055104K, used 991379K [0x00007fad98600000, 0x00007faddfed0000, 0x00007fb2edb50000)
  eden space 937920K, 100% used [0x00007fad98600000, 0x00007fadd19f0000, 0x00007fadd19f0000)
  from space 117184K,  45% used [0x00007fadd19f0000, 0x00007fadd4e24c60, 0x00007fadd8c60000)
  to   space 117184K,   0% used [0x00007fadd8c60000, 0x00007fadd8c60000, 0x00007faddfed0000)
 tenured generation   total 2344508K, used 1364079K [0x00007fb2edb50000, 0x00007fb37ccdf000, 0x00007fbd98600000)
   the space 2344508K,  58% used [0x00007fb2edb50000, 0x00007fb340f6bfa8, 0x00007fb340f6c000, 0x00007fb37ccdf000)
 Metaspace       used 30516K, capacity 30954K, committed 31232K, reserved 32768K
}
Event: 147.105 GC heap after
{Heap after GC invocations=181 (full 71):
 def new generation   total 1055104K, used 54833K [0x00007fad98600000, 0x00007faddfed0000, 0x00007fb2edb50000)
  eden space 937920K,   0% used [0x00007fad98600000, 0x00007fad98600000, 0x00007fadd19f0000)
  from space 117184K,  46% used [0x00007fadd8c60000, 0x00007faddc1ec410, 0x00007faddfed0000)
  to   space 117184K,   0% used [0x00007fadd19f0000, 0x00007fadd19f0000, 0x00007fadd8c60000)
 tenured generation   total 2344508K, used 1364079K [0x00007fb2edb50000, 0x00007fb37ccdf000, 0x00007fbd98600000)
   the space 2344508K,  58% used [0x00007fb2edb50000, 0x00007fb340f6bfa8, 0x00007fb340f6c000, 0x00007fb37ccdf000)
 Metaspace       used 30516K, capacity 30954K, committed 31232K, reserved 32768K
}
Event: 147.424 GC heap before
{Heap before GC invocations=181 (full 71):
 def new generation   total 1055104K, used 729631K [0x00007fad98600000, 0x00007faddfed0000, 0x00007fb2edb50000)
  eden space 937920K,  71% used [0x00007fad98600000, 0x00007fadc18fbad8, 0x00007fadd19f0000)
  from space 117184K,  46% used [0x00007fadd8c60000, 0x00007faddc1ec410, 0x00007faddfed0000)
  to   space 117184K,   0% used [0x00007fadd19f0000, 0x00007fadd19f0000, 0x00007fadd8c60000)
 tenured generation   total 2344508K, used 1364079K [0x00007fb2edb50000, 0x00007fb37ccdf000, 0x00007fbd98600000)
   the space 2344508K,  58% used [0x00007fb2edb50000, 0x00007fb340f6bfa8, 0x00007fb340f6c000, 0x00007fb37ccdf000)
 Metaspace       used 30520K, capacity 30954K, committed 31232K, reserved 32768K
}
Event: 147.436 GC heap after
{Heap after GC invocations=182 (full 71):
 def new generation   total 1055104K, used 95995K [0x00007fad98600000, 0x00007faddfed0000, 0x00007fb2edb50000)
  eden space 937920K,   0% used [0x00007fad98600000, 0x00007fad98600000, 0x00007fadd19f0000)
  from space 117184K,  81% used [0x00007fadd19f0000, 0x00007fadd77aeca8, 0x00007fadd8c60000)
  to   space 117184K,   0% used [0x00007fadd8c60000, 0x00007fadd8c60000, 0x00007faddfed0000)
 tenured generation   total 2344508K, used 1364079K [0x00007fb2edb50000, 0x00007fb37ccdf000, 0x00007fbd98600000)
   the space 2344508K,  58% used [0x00007fb2edb50000, 0x00007fb340f6bfa8, 0x00007fb340f6c000, 0x00007fb37ccdf000)
 Metaspace       used 30520K, capacity 30954K, committed 31232K, reserved 32768K
}
Event: 147.436 GC heap before
{Heap before GC invocations=182 (full 71):
 def new generation   total 1055104K, used 95995K [0x00007fad98600000, 0x00007faddfed0000, 0x00007fb2edb50000)
  eden space 937920K,   0% used [0x00007fad98600000, 0x00007fad98600000, 0x00007fadd19f0000)
  from space 117184K,  81% used [0x00007fadd19f0000, 0x00007fadd77aeca8, 0x00007fadd8c60000)
  to   space 117184K,   0% used [0x00007fadd8c60000, 0x00007fadd8c60000, 0x00007faddfed0000)
 tenured generation   total 2344508K, used 1364079K [0x00007fb2edb50000, 0x00007fb37ccdf000, 0x00007fbd98600000)
   the space 2344508K,  58% used [0x00007fb2edb50000, 0x00007fb340f6bfa8, 0x00007fb340f6c000, 0x00007fb37ccdf000)
 Metaspace       used 30520K, capacity 30954K, committed 31232K, reserved 32768K
}
Event: 147.470 GC heap after
{Heap after GC invocations=182 (full 72):
 def new generation   total 1055104K, used 0K [0x00007fad98600000, 0x00007faddfed0000, 0x00007fb2edb50000)
  eden space 937920K,   0% used [0x00007fad98600000, 0x00007fad98600000, 0x00007fadd19f0000)
  from space 117184K,   0% used [0x00007fadd19f0000, 0x00007fadd19f0000, 0x00007fadd8c60000)
  to   space 117184K,   0% used [0x00007fadd8c60000, 0x00007fadd8c60000, 0x00007faddfed0000)
 tenured generation   total 2344508K, used 53581K [0x00007fb2edb50000, 0x00007fb37ccdf000, 0x00007fbd98600000)
   the space 2344508K,   2% used [0x00007fb2edb50000, 0x00007fb2f0fa3668, 0x00007fb2f0fa3800, 0x00007fb37ccdf000)
 Metaspace       used 30520K, capacity 30954K, committed 31232K, reserved 32768K
}
Event: 148.689 GC heap before
{Heap before GC invocations=182 (full 72):
 def new generation   total 1055104K, used 673843K [0x00007fad98600000, 0x00007faddfed0000, 0x00007fb2edb50000)
  eden space 937920K,  71% used [0x00007fad98600000, 0x00007fadc180cfb8, 0x00007fadd19f0000)
  from space 117184K,   0% used [0x00007fadd19f0000, 0x00007fadd19f0000, 0x00007fadd8c60000)
  to   space 117184K,   0% used [0x00007fadd8c60000, 0x00007fadd8c60000, 0x00007faddfed0000)
 tenured generation   total 2344508K, used 1364301K [0x00007fb2edb50000, 0x00007fb37ccdf000, 0x00007fbd98600000)
   the space 2344508K,  58% used [0x00007fb2edb50000, 0x00007fb340fa3680, 0x00007fb340fa3800, 0x00007fb37ccdf000)
 Metaspace       used 30520K, capacity 30954K, committed 31232K, reserved 32768K
}
Event: 148.774 GC heap after
{Heap after GC invocations=183 (full 72):
 def new generation   total 1055104K, used 0K [0x00007fad98600000, 0x00007faddfed0000, 0x00007fb2edb50000)
  eden space 937920K,   0% used [0x00007fad98600000, 0x00007fad98600000, 0x00007fadd19f0000)
  from space 117184K,   0% used [0x00007fadd8c60000, 0x00007fadd8c60290, 0x00007faddfed0000)
  to   space 117184K,   0% used [0x00007fadd19f0000, 0x00007fadd19f0000, 0x00007fadd8c60000)
 tenured generation   total 2344508K, used 2019661K [0x00007fb2edb50000, 0x00007fb37ccdf000, 0x00007fbd98600000)
   the space 2344508K,  86% used [0x00007fb2edb50000, 0x00007fb368fa3698, 0x00007fb368fa3800, 0x00007fb37ccdf000)
 Metaspace       used 30520K, capacity 30954K, committed 31232K, reserved 32768K
}
Event: 148.891 GC heap before
{Heap before GC invocations=183 (full 72):
 def new generation   total 1055104K, used 673940K [0x00007fad98600000, 0x00007faddfed0000, 0x00007fb2edb50000)
  eden space 937920K,  71% used [0x00007fad98600000, 0x00007fadc1825028, 0x00007fadd19f0000)
  from space 117184K,   0% used [0x00007fadd8c60000, 0x00007fadd8c60290, 0x00007faddfed0000)
  to   space 117184K,   0% used [0x00007fadd19f0000, 0x00007fadd19f0000, 0x00007fadd8c60000)
 tenured generation   total 2344508K, used 2019661K [0x00007fb2edb50000, 0x00007fb37ccdf000, 0x00007fbd98600000)
   the space 2344508K,  86% used [0x00007fb2edb50000, 0x00007fb368fa3698, 0x00007fb368fa3800, 0x00007fb37ccdf000)
 Metaspace       used 30520K, capacity 30954K, committed 31232K, reserved 32768K
}

