# JRE version: OpenJDK Runtime Environment (13.0.7+5) (build 13.0.7+5-Ubuntu-0ubuntu120.04)
# Java VM: OpenJDK 64-Bit Server VM (13.0.7+5-Ubuntu-0ubuntu120.04, mixed mode, tiered, serial gc, linux-amd64)
Heap:
 def new generation   total 629248K, used 535309K [0x00007fe8f8600000, 0x00007fe9230c0000, 0x00007fee4db50000)
  eden space 559360K,  95% used [0x00007fe8f8600000, 0x00007fe9190c35c8, 0x00007fe91a840000)
  from space 69888K,   0% used [0x00007fe91a840000, 0x00007fe91a840200, 0x00007fe91ec80000)
  to   space 69888K,   0% used [0x00007fe91ec80000, 0x00007fe91ec80178, 0x00007fe9230c0000)
 tenured generation   total 1398144K, used 1099929K [0x00007fee4db50000, 0x00007feea30b0000, 0x00007ff8f8600000)
   the space 1398144K,  78% used [0x00007fee4db50000, 0x00007fee90d765a8, 0x00007fee90d76600, 0x00007feea30b0000)
 Metaspace       used 24032K, capacity 24415K, committed 24576K, reserved 24576K
GC Heap History (20 events):
Event: 2864.280 GC heap after
{Heap after GC invocations=2128 (full 1339):
 def new generation   total 629248K, used 0K [0x00007fe8f8600000, 0x00007fe9230c0000, 0x00007fee4db50000)
  eden space 559360K,   0% used [0x00007fe8f8600000, 0x00007fe8f8600000, 0x00007fe91a840000)
  from space 69888K,   0% used [0x00007fe91ec80000, 0x00007fe91ec802e0, 0x00007fe9230c0000)
  to   space 69888K,   0% used [0x00007fe91a840000, 0x00007fe91a840000, 0x00007fe91ec80000)
 tenured generation   total 1922436K, used 1626277K [0x00007fee4db50000, 0x00007feec30b1000, 0x00007ff8f8600000)
   the space 1922436K,  84% used [0x00007fee4db50000, 0x00007feeb0f79420, 0x00007feeb0f79600, 0x00007feec30b1000)
 Metaspace       used 24032K, capacity 24415K, committed 24576K, reserved 24576K
}
Event: 2864.280 GC heap before
{Heap before GC invocations=2128 (full 1339):
 def new generation   total 629248K, used 0K [0x00007fe8f8600000, 0x00007fe9230c0000, 0x00007fee4db50000)
  eden space 559360K,   0% used [0x00007fe8f8600000, 0x00007fe8f8600000, 0x00007fe91a840000)
  from space 69888K,   0% used [0x00007fe91ec80000, 0x00007fe91ec802e0, 0x00007fe9230c0000)
  to   space 69888K,   0% used [0x00007fe91a840000, 0x00007fe91a840000, 0x00007fe91ec80000)
 tenured generation   total 1922436K, used 1626277K [0x00007fee4db50000, 0x00007feec30b1000, 0x00007ff8f8600000)
   the space 1922436K,  84% used [0x00007fee4db50000, 0x00007feeb0f79420, 0x00007feeb0f79600, 0x00007feec30b1000)
 Metaspace       used 24032K, capacity 24415K, committed 24576K, reserved 24576K
}
Event: 2864.612 GC heap after
{Heap after GC invocations=2128 (full 1340):
 def new generation   total 629248K, used 0K [0x00007fe8f8600000, 0x00007fe9230c0000, 0x00007fee4db50000)
  eden space 559360K,   0% used [0x00007fe8f8600000, 0x00007fe8f8600000, 0x00007fe91a840000)
  from space 69888K,   0% used [0x00007fe91ec80000, 0x00007fe91ec80000, 0x00007fe9230c0000)
  to   space 69888K,   0% used [0x00007fe91a840000, 0x00007fe91a840000, 0x00007fe91ec80000)
 tenured generation   total 1398144K, used 572925K [0x00007fee4db50000, 0x00007feea30b0000, 0x00007ff8f8600000)
   the space 1398144K,  40% used [0x00007fee4db50000, 0x00007fee70acf6e8, 0x00007fee70acf800, 0x00007feea30b0000)
 Metaspace       used 24032K, capacity 24415K, committed 24576K, reserved 24576K
}
Event: 2865.115 GC heap before
{Heap before GC invocations=2128 (full 1340):
 def new generation   total 629248K, used 535344K [0x00007fe8f8600000, 0x00007fe9230c0000, 0x00007fee4db50000)
  eden space 559360K,  95% used [0x00007fe8f8600000, 0x00007fe9190cc258, 0x00007fe91a840000)
  from space 69888K,   0% used [0x00007fe91ec80000, 0x00007fe91ec80000, 0x00007fe9230c0000)
  to   space 69888K,   0% used [0x00007fe91a840000, 0x00007fe91a840000, 0x00007fe91ec80000)
 tenured generation   total 1398144K, used 572925K [0x00007fee4db50000, 0x00007feea30b0000, 0x00007ff8f8600000)
   the space 1398144K,  40% used [0x00007fee4db50000, 0x00007fee70acf6e8, 0x00007fee70acf800, 0x00007feea30b0000)
 Metaspace       used 24032K, capacity 24415K, committed 24576K, reserved 24576K
}
Event: 2865.382 GC heap after
{Heap after GC invocations=2129 (full 1340):
 def new generation   total 629248K, used 0K [0x00007fe8f8600000, 0x00007fe9230c0000, 0x00007fee4db50000)
  eden space 559360K,   0% used [0x00007fe8f8600000, 0x00007fe8f8600000, 0x00007fe91a840000)
  from space 69888K,   0% used [0x00007fe91a840000, 0x00007fe91a840200, 0x00007fe91ec80000)
  to   space 69888K,   0% used [0x00007fe91ec80000, 0x00007fe91ec80000, 0x00007fe9230c0000)
 tenured generation   total 1398144K, used 1097213K [0x00007fee4db50000, 0x00007feea30b0000, 0x00007ff8f8600000)
   the space 1398144K,  78% used [0x00007fee4db50000, 0x00007fee90acf700, 0x00007fee90acf800, 0x00007feea30b0000)
 Metaspace       used 24032K, capacity 24415K, committed 24576K, reserved 24576K
}
Event: 2865.993 GC heap before
{Heap before GC invocations=2129 (full 1340):
 def new generation   total 629248K, used 535309K [0x00007fe8f8600000, 0x00007fe9230c0000, 0x00007fee4db50000)
  eden space 559360K,  95% used [0x00007fe8f8600000, 0x00007fe9190c35c8, 0x00007fe91a840000)
  from space 69888K,   0% used [0x00007fe91a840000, 0x00007fe91a840200, 0x00007fe91ec80000)
  to   space 69888K,   0% used [0x00007fe91ec80000, 0x00007fe91ec80000, 0x00007fe9230c0000)
 tenured generation   total 1398144K, used 1097213K [0x00007fee4db50000, 0x00007feea30b0000, 0x00007ff8f8600000)
   the space 1398144K,  78% used [0x00007fee4db50000, 0x00007fee90acf700, 0x00007fee90acf800, 0x00007feea30b0000)
 Metaspace       used 24032K, capacity 24415K, committed 24576K, reserved 24576K
}
Event: 2866.364 GC heap after
{Heap after GC invocations=2130 (full 1340):
 def new generation   total 629248K, used 0K [0x00007fe8f8600000, 0x00007fe9230c0000, 0x00007fee4db50000)
  eden space 559360K,   0% used [0x00007fe8f8600000, 0x00007fe8f8600000, 0x00007fe91a840000)
  from space 69888K,   0% used [0x00007fe91ec80000, 0x00007fe91ec80228, 0x00007fe9230c0000)
  to   space 69888K,   0% used [0x00007fe91a840000, 0x00007fe91a840000, 0x00007fe91ec80000)
 tenured generation   total 1922436K, used 1621501K [0x00007fee4db50000, 0x00007feec30b1000, 0x00007ff8f8600000)
   the space 1922436K,  84% used [0x00007fee4db50000, 0x00007feeb0acf718, 0x00007feeb0acf800, 0x00007feec30b1000)
 Metaspace       used 24032K, capacity 24415K, committed 24576K, reserved 24576K
}
Event: 2866.364 GC heap before
{Heap before GC invocations=2130 (full 1340):
 def new generation   total 629248K, used 0K [0x00007fe8f8600000, 0x00007fe9230c0000, 0x00007fee4db50000)
  eden space 559360K,   0% used [0x00007fe8f8600000, 0x00007fe8f8600000, 0x00007fe91a840000)
  from space 69888K,   0% used [0x00007fe91ec80000, 0x00007fe91ec80228, 0x00007fe9230c0000)
  to   space 69888K,   0% used [0x00007fe91a840000, 0x00007fe91a840000, 0x00007fe91ec80000)
 tenured generation   total 1922436K, used 1621501K [0x00007fee4db50000, 0x00007feec30b1000, 0x00007ff8f8600000)
   the space 1922436K,  84% used [0x00007fee4db50000, 0x00007feeb0acf718, 0x00007feeb0acf800, 0x00007feec30b1000)
 Metaspace       used 24032K, capacity 24415K, committed 24576K, reserved 24576K
}
Event: 2866.634 GC heap after
{Heap after GC invocations=2130 (full 1341):
 def new generation   total 629248K, used 0K [0x00007fe8f8600000, 0x00007fe9230c0000, 0x00007fee4db50000)
  eden space 559360K,   0% used [0x00007fe8f8600000, 0x00007fe8f8600000, 0x00007fe91a840000)
  from space 69888K,   0% used [0x00007fe91ec80000, 0x00007fe91ec80000, 0x00007fe9230c0000)
  to   space 69888K,   0% used [0x00007fe91a840000, 0x00007fe91a840000, 0x00007fe91ec80000)
 tenured generation   total 1398144K, used 572925K [0x00007fee4db50000, 0x00007feea30b0000, 0x00007ff8f8600000)
   the space 1398144K,  40% used [0x00007fee4db50000, 0x00007fee70acf7b8, 0x00007fee70acf800, 0x00007feea30b0000)
 Metaspace       used 24032K, capacity 24415K, committed 24576K, reserved 24576K
}
Event: 2867.368 GC heap before
{Heap before GC invocations=2130 (full 1341):
 def new generation   total 629248K, used 552918K [0x00007fe8f8600000, 0x00007fe9230c0000, 0x00007fee4db50000)
  eden space 559360K,  98% used [0x00007fe8f8600000, 0x00007fe91a1f5920, 0x00007fe91a840000)
  from space 69888K,   0% used [0x00007fe91ec80000, 0x00007fe91ec80000, 0x00007fe9230c0000)
  to   space 69888K,   0% used [0x00007fe91a840000, 0x00007fe91a840000, 0x00007fe91ec80000)
 tenured generation   total 1398144K, used 572925K [0x00007fee4db50000, 0x00007feea30b0000, 0x00007ff8f8600000)
   the space 1398144K,  40% used [0x00007fee4db50000, 0x00007fee70acf7b8, 0x00007fee70acf800, 0x00007feea30b0000)
 Metaspace       used 24032K, capacity 24415K, committed 24576K, reserved 24576K
}
Event: 2867.439 GC heap after
{Heap after GC invocations=2131 (full 1341):
 def new generation   total 629248K, used 3230K [0x00007fe8f8600000, 0x00007fe9230c0000, 0x00007fee4db50000)
  eden space 559360K,   0% used [0x00007fe8f8600000, 0x00007fe8f8600000, 0x00007fe91a840000)
  from space 69888K,   4% used [0x00007fe91a840000, 0x00007fe91ab67ad8, 0x00007fe91ec80000)
  to   space 69888K,   0% used [0x00007fe91ec80000, 0x00007fe91ec80000, 0x00007fe9230c0000)
 tenured generation   total 1398144K, used 703997K [0x00007fee4db50000, 0x00007feea30b0000, 0x00007ff8f8600000)
   the space 1398144K,  50% used [0x00007fee4db50000, 0x00007fee78acf7d0, 0x00007fee78acf800, 0x00007feea30b0000)
 Metaspace       used 24032K, capacity 24415K, committed 24576K, reserved 24576K
}
Event: 2867.439 GC heap before
{Heap before GC invocations=2131 (full 1341):
 def new generation   total 629248K, used 3230K [0x00007fe8f8600000, 0x00007fe9230c0000, 0x00007fee4db50000)
  eden space 559360K,   0% used [0x00007fe8f8600000, 0x00007fe8f8600000, 0x00007fe91a840000)
  from space 69888K,   4% used [0x00007fe91a840000, 0x00007fe91ab67ad8, 0x00007fe91ec80000)
  to   space 69888K,   0% used [0x00007fe91ec80000, 0x00007fe91ec80000, 0x00007fe9230c0000)
 tenured generation   total 1398144K, used 703997K [0x00007fee4db50000, 0x00007feea30b0000, 0x00007ff8f8600000)
   the space 1398144K,  50% used [0x00007fee4db50000, 0x00007fee78acf7d0, 0x00007fee78acf800, 0x00007feea30b0000)
 Metaspace       used 24032K, capacity 24415K, committed 24576K, reserved 24576K
}
Event: 2867.500 GC heap after
{Heap after GC invocations=2131 (full 1342):
 def new generation   total 629248K, used 0K [0x00007fe8f8600000, 0x00007fe9230c0000, 0x00007fee4db50000)
  eden space 559360K,   0% used [0x00007fe8f8600000, 0x00007fe8f8600000, 0x00007fe91a840000)
  from space 69888K,   0% used [0x00007fe91a840000, 0x00007fe91a840000, 0x00007fe91ec80000)
  to   space 69888K,   0% used [0x00007fe91ec80000, 0x00007fe91ec80000, 0x00007fe9230c0000)
 tenured generation   total 1398144K, used 51352K [0x00007fee4db50000, 0x00007feea30b0000, 0x00007ff8f8600000)
   the space 1398144K,   3% used [0x00007fee4db50000, 0x00007fee50d763f8, 0x00007fee50d76400, 0x00007feea30b0000)
 Metaspace       used 24032K, capacity 24415K, committed 24576K, reserved 24576K
}
Event: 2869.243 GC heap before
{Heap before GC invocations=2131 (full 1342):
 def new generation   total 629248K, used 535274K [0x00007fe8f8600000, 0x00007fe9230c0000, 0x00007fee4db50000)
  eden space 559360K,  95% used [0x00007fe8f8600000, 0x00007fe9190ba8c8, 0x00007fe91a840000)
  from space 69888K,   0% used [0x00007fe91a840000, 0x00007fe91a840000, 0x00007fe91ec80000)
  to   space 69888K,   0% used [0x00007fe91ec80000, 0x00007fe91ec80000, 0x00007fe9230c0000)
 tenured generation   total 1398144K, used 1099929K [0x00007fee4db50000, 0x00007feea30b0000, 0x00007ff8f8600000)
   the space 1398144K,  78% used [0x00007fee4db50000, 0x00007fee90d76410, 0x00007fee90d76600, 0x00007feea30b0000)
 Metaspace       used 24032K, capacity 24415K, committed 24576K, reserved 24576K
}
Event: 2870.204 GC heap after
{Heap after GC invocations=2132 (full 1342):
 def new generation   total 629248K, used 0K [0x00007fe8f8600000, 0x00007fe9230c0000, 0x00007fee4db50000)
  eden space 559360K,   0% used [0x00007fe8f8600000, 0x00007fe8f8600000, 0x00007fe91a840000)
  from space 69888K,   0% used [0x00007fe91ec80000, 0x00007fe91ec802e0, 0x00007fe9230c0000)
  to   space 69888K,   0% used [0x00007fe91a840000, 0x00007fe91a840000, 0x00007fe91ec80000)
 tenured generation   total 1922436K, used 1624217K [0x00007fee4db50000, 0x00007feec30b1000, 0x00007ff8f8600000)
   the space 1922436K,  84% used [0x00007fee4db50000, 0x00007feeb0d76428, 0x00007feeb0d76600, 0x00007feec30b1000)
 Metaspace       used 24032K, capacity 24415K, committed 24576K, reserved 24576K
}
Event: 2870.204 GC heap before
{Heap before GC invocations=2132 (full 1342):
 def new generation   total 629248K, used 0K [0x00007fe8f8600000, 0x00007fe9230c0000, 0x00007fee4db50000)
  eden space 559360K,   0% used [0x00007fe8f8600000, 0x00007fe8f8600000, 0x00007fe91a840000)
  from space 69888K,   0% used [0x00007fe91ec80000, 0x00007fe91ec802e0, 0x00007fe9230c0000)
  to   space 69888K,   0% used [0x00007fe91a840000, 0x00007fe91a840000, 0x00007fe91ec80000)
 tenured generation   total 1922436K, used 1624217K [0x00007fee4db50000, 0x00007feec30b1000, 0x00007ff8f8600000)
   the space 1922436K,  84% used [0x00007fee4db50000, 0x00007feeb0d76428, 0x00007feeb0d76600, 0x00007feec30b1000)
 Metaspace       used 24032K, capacity 24415K, committed 24576K, reserved 24576K
}
Event: 2870.522 GC heap after
{Heap after GC invocations=2132 (full 1343):
 def new generation   total 629248K, used 0K [0x00007fe8f8600000, 0x00007fe9230c0000, 0x00007fee4db50000)
  eden space 559360K,   0% used [0x00007fe8f8600000, 0x00007fe8f8600000, 0x00007fe91a840000)
  from space 69888K,   0% used [0x00007fe91ec80000, 0x00007fe91ec80000, 0x00007fe9230c0000)
  to   space 69888K,   0% used [0x00007fe91a840000, 0x00007fe91a840000, 0x00007fe91ec80000)
 tenured generation   total 1398144K, used 575641K [0x00007fee4db50000, 0x00007feea30b0000, 0x00007ff8f8600000)
   the space 1398144K,  41% used [0x00007fee4db50000, 0x00007fee70d76590, 0x00007fee70d76600, 0x00007feea30b0000)
 Metaspace       used 24032K, capacity 24415K, committed 24576K, reserved 24576K
}
Event: 2871.001 GC heap before
{Heap before GC invocations=2132 (full 1343):
 def new generation   total 629248K, used 535344K [0x00007fe8f8600000, 0x00007fe9230c0000, 0x00007fee4db50000)
  eden space 559360K,  95% used [0x00007fe8f8600000, 0x00007fe9190cc258, 0x00007fe91a840000)
  from space 69888K,   0% used [0x00007fe91ec80000, 0x00007fe91ec80000, 0x00007fe9230c0000)
  to   space 69888K,   0% used [0x00007fe91a840000, 0x00007fe91a840000, 0x00007fe91ec80000)
 tenured generation   total 1398144K, used 575641K [0x00007fee4db50000, 0x00007feea30b0000, 0x00007ff8f8600000)
   the space 1398144K,  41% used [0x00007fee4db50000, 0x00007fee70d76590, 0x00007fee70d76600, 0x00007feea30b0000)
 Metaspace       used 24032K, capacity 24415K, committed 24576K, reserved 24576K
}
Event: 2871.275 GC heap after
{Heap after GC invocations=2133 (full 1343):
 def new generation   total 629248K, used 0K [0x00007fe8f8600000, 0x00007fe9230c0000, 0x00007fee4db50000)
  eden space 559360K,   0% used [0x00007fe8f8600000, 0x00007fe8f8600000, 0x00007fe91a840000)
  from space 69888K,   0% used [0x00007fe91a840000, 0x00007fe91a840200, 0x00007fe91ec80000)
  to   space 69888K,   0% used [0x00007fe91ec80000, 0x00007fe91ec80000, 0x00007fe9230c0000)
 tenured generation   total 1398144K, used 1099929K [0x00007fee4db50000, 0x00007feea30b0000, 0x00007ff8f8600000)
   the space 1398144K,  78% used [0x00007fee4db50000, 0x00007fee90d765a8, 0x00007fee90d76600, 0x00007feea30b0000)
 Metaspace       used 24032K, capacity 24415K, committed 24576K, reserved 24576K
}
Event: 2872.009 GC heap before
{Heap before GC invocations=2133 (full 1343):
 def new generation   total 629248K, used 535309K [0x00007fe8f8600000, 0x00007fe9230c0000, 0x00007fee4db50000)
  eden space 559360K,  95% used [0x00007fe8f8600000, 0x00007fe9190c35c8, 0x00007fe91a840000)
  from space 69888K,   0% used [0x00007fe91a840000, 0x00007fe91a840200, 0x00007fe91ec80000)
  to   space 69888K,   0% used [0x00007fe91ec80000, 0x00007fe91ec80000, 0x00007fe9230c0000)
 tenured generation   total 1398144K, used 1099929K [0x00007fee4db50000, 0x00007feea30b0000, 0x00007ff8f8600000)
   the space 1398144K,  78% used [0x00007fee4db50000, 0x00007fee90d765a8, 0x00007fee90d76600, 0x00007feea30b0000)
 Metaspace       used 24032K, capacity 24415K, committed 24576K, reserved 24576K
}

