# JRE version: OpenJDK Runtime Environment (13.0.7+5) (build 13.0.7+5-Ubuntu-0ubuntu120.04)
# Java VM: OpenJDK 64-Bit Server VM (13.0.7+5-Ubuntu-0ubuntu120.04, mixed mode, tiered, serial gc, linux-amd64)
Heap:
 def new generation   total 4979328K, used 74124K [0x00007fbbd0600000, 0x00007fbd220e0000, 0x00007fc125b50000)
  eden space 4426112K,   1% used [0x00007fbbd0600000, 0x00007fbbd4e63048, 0x00007fbcde860000)
  from space 553216K,   0% used [0x00007fbd004a0000, 0x00007fbd004a0000, 0x00007fbd220e0000)
  to   space 553216K,   0% used [0x00007fbcde860000, 0x00007fbcde860000, 0x00007fbd004a0000)
 tenured generation   total 11288848K, used 11288847K [0x00007fc125b50000, 0x00007fc3d6b94000, 0x00007fcbd0600000)
   the space 11288848K,  99% used [0x00007fc125b50000, 0x00007fc3d6b93ff8, 0x00007fc3d6b94000, 0x00007fc3d6b94000)
 Metaspace       used 30616K, capacity 30986K, committed 31232K, reserved 32768K
GC Heap History (20 events):
Event: 429.644 GC heap after
{Heap after GC invocations=88 (full 5):
 def new generation   total 4979328K, used 357260K [0x00007fbbd0600000, 0x00007fbd220e0000, 0x00007fc125b50000)
  eden space 4426112K,   0% used [0x00007fbbd0600000, 0x00007fbbd0600000, 0x00007fbcde860000)
  from space 553216K,  64% used [0x00007fbcde860000, 0x00007fbcf4543020, 0x00007fbd004a0000)
  to   space 553216K,   0% used [0x00007fbd004a0000, 0x00007fbd004a0000, 0x00007fbd220e0000)
 tenured generation   total 11064976K, used 7692788K [0x00007fc125b50000, 0x00007fc3c90f4000, 0x00007fcbd0600000)
   the space 11064976K,  69% used [0x00007fc125b50000, 0x00007fc2fb3cd170, 0x00007fc2fb3cd200, 0x00007fc3c90f4000)
 Metaspace       used 30616K, capacity 30986K, committed 31232K, reserved 32768K
}
Event: 430.769 GC heap before
{Heap before GC invocations=88 (full 5):
 def new generation   total 4979328K, used 4783372K [0x00007fbbd0600000, 0x00007fbd220e0000, 0x00007fc125b50000)
  eden space 4426112K, 100% used [0x00007fbbd0600000, 0x00007fbcde860000, 0x00007fbcde860000)
  from space 553216K,  64% used [0x00007fbcde860000, 0x00007fbcf4543020, 0x00007fbd004a0000)
  to   space 553216K,   0% used [0x00007fbd004a0000, 0x00007fbd004a0000, 0x00007fbd220e0000)
 tenured generation   total 11064976K, used 7692788K [0x00007fc125b50000, 0x00007fc3c90f4000, 0x00007fcbd0600000)
   the space 11064976K,  69% used [0x00007fc125b50000, 0x00007fc2fb3cd170, 0x00007fc2fb3cd200, 0x00007fc3c90f4000)
 Metaspace       used 30616K, capacity 30986K, committed 31232K, reserved 32768K
}
Event: 431.666 GC heap after
{Heap after GC invocations=89 (full 5):
 def new generation   total 4979328K, used 363832K [0x00007fbbd0600000, 0x00007fbd220e0000, 0x00007fc125b50000)
  eden space 4426112K,   0% used [0x00007fbbd0600000, 0x00007fbbd0600000, 0x00007fbcde860000)
  from space 553216K,  65% used [0x00007fbd004a0000, 0x00007fbd167ee010, 0x00007fbd220e0000)
  to   space 553216K,   0% used [0x00007fbcde860000, 0x00007fbcde860000, 0x00007fbd004a0000)
 tenured generation   total 11064976K, used 8050047K [0x00007fc125b50000, 0x00007fc3c90f4000, 0x00007fcbd0600000)
   the space 11064976K,  72% used [0x00007fc125b50000, 0x00007fc3110afd60, 0x00007fc3110afe00, 0x00007fc3c90f4000)
 Metaspace       used 30616K, capacity 30986K, committed 31232K, reserved 32768K
}
Event: 432.924 GC heap before
{Heap before GC invocations=89 (full 5):
 def new generation   total 4979328K, used 4789944K [0x00007fbbd0600000, 0x00007fbd220e0000, 0x00007fc125b50000)
  eden space 4426112K, 100% used [0x00007fbbd0600000, 0x00007fbcde860000, 0x00007fbcde860000)
  from space 553216K,  65% used [0x00007fbd004a0000, 0x00007fbd167ee010, 0x00007fbd220e0000)
  to   space 553216K,   0% used [0x00007fbcde860000, 0x00007fbcde860000, 0x00007fbd004a0000)
 tenured generation   total 11064976K, used 8050047K [0x00007fc125b50000, 0x00007fc3c90f4000, 0x00007fcbd0600000)
   the space 11064976K,  72% used [0x00007fc125b50000, 0x00007fc3110afd60, 0x00007fc3110afe00, 0x00007fc3c90f4000)
 Metaspace       used 30616K, capacity 30986K, committed 31232K, reserved 32768K
}
Event: 433.809 GC heap after
{Heap after GC invocations=90 (full 5):
 def new generation   total 4979328K, used 348733K [0x00007fbbd0600000, 0x00007fbd220e0000, 0x00007fc125b50000)
  eden space 4426112K,   0% used [0x00007fbbd0600000, 0x00007fbbd0600000, 0x00007fbcde860000)
  from space 553216K,  63% used [0x00007fbcde860000, 0x00007fbcf3cef4f0, 0x00007fbd004a0000)
  to   space 553216K,   0% used [0x00007fbd004a0000, 0x00007fbd004a0000, 0x00007fbd220e0000)
 tenured generation   total 11064976K, used 8413878K [0x00007fc125b50000, 0x00007fc3c90f4000, 0x00007fcbd0600000)
   the space 11064976K,  76% used [0x00007fc125b50000, 0x00007fc3273fdba0, 0x00007fc3273fdc00, 0x00007fc3c90f4000)
 Metaspace       used 30616K, capacity 30986K, committed 31232K, reserved 32768K
}
Event: 435.074 GC heap before
{Heap before GC invocations=90 (full 5):
 def new generation   total 4979328K, used 4774845K [0x00007fbbd0600000, 0x00007fbd220e0000, 0x00007fc125b50000)
  eden space 4426112K, 100% used [0x00007fbbd0600000, 0x00007fbcde860000, 0x00007fbcde860000)
  from space 553216K,  63% used [0x00007fbcde860000, 0x00007fbcf3cef4f0, 0x00007fbd004a0000)
  to   space 553216K,   0% used [0x00007fbd004a0000, 0x00007fbd004a0000, 0x00007fbd220e0000)
 tenured generation   total 11064976K, used 8413878K [0x00007fc125b50000, 0x00007fc3c90f4000, 0x00007fcbd0600000)
   the space 11064976K,  76% used [0x00007fc125b50000, 0x00007fc3273fdba0, 0x00007fc3273fdc00, 0x00007fc3c90f4000)
 Metaspace       used 30616K, capacity 30986K, committed 31232K, reserved 32768K
}
Event: 436.081 GC heap after
{Heap after GC invocations=91 (full 5):
 def new generation   total 4979328K, used 458306K [0x00007fbbd0600000, 0x00007fbd220e0000, 0x00007fc125b50000)
  eden space 4426112K,   0% used [0x00007fbbd0600000, 0x00007fbbd0600000, 0x00007fbcde860000)
  from space 553216K,  82% used [0x00007fbd004a0000, 0x00007fbd1c430a70, 0x00007fbd220e0000)
  to   space 553216K,   0% used [0x00007fbcde860000, 0x00007fbcde860000, 0x00007fbd004a0000)
 tenured generation   total 11064976K, used 8762611K [0x00007fc125b50000, 0x00007fc3c90f4000, 0x00007fcbd0600000)
   the space 11064976K,  79% used [0x00007fc125b50000, 0x00007fc33c88cff0, 0x00007fc33c88d000, 0x00007fc3c90f4000)
 Metaspace       used 30616K, capacity 30986K, committed 31232K, reserved 32768K
}
Event: 437.323 GC heap before
{Heap before GC invocations=91 (full 5):
 def new generation   total 4979328K, used 4884418K [0x00007fbbd0600000, 0x00007fbd220e0000, 0x00007fc125b50000)
  eden space 4426112K, 100% used [0x00007fbbd0600000, 0x00007fbcde860000, 0x00007fbcde860000)
  from space 553216K,  82% used [0x00007fbd004a0000, 0x00007fbd1c430a70, 0x00007fbd220e0000)
  to   space 553216K,   0% used [0x00007fbcde860000, 0x00007fbcde860000, 0x00007fbd004a0000)
 tenured generation   total 11064976K, used 8762611K [0x00007fc125b50000, 0x00007fc3c90f4000, 0x00007fcbd0600000)
   the space 11064976K,  79% used [0x00007fc125b50000, 0x00007fc33c88cff0, 0x00007fc33c88d000, 0x00007fc3c90f4000)
 Metaspace       used 30616K, capacity 30986K, committed 31232K, reserved 32768K
}
Event: 438.383 GC heap after
{Heap after GC invocations=92 (full 5):
 def new generation   total 4979328K, used 447905K [0x00007fbbd0600000, 0x00007fbd220e0000, 0x00007fc125b50000)
  eden space 4426112K,   0% used [0x00007fbbd0600000, 0x00007fbbd0600000, 0x00007fbcde860000)
  from space 553216K,  80% used [0x00007fbcde860000, 0x00007fbcf9dc86c0, 0x00007fbd004a0000)
  to   space 553216K,   0% used [0x00007fbd004a0000, 0x00007fbd004a0000, 0x00007fbd220e0000)
 tenured generation   total 11064976K, used 9220918K [0x00007fc125b50000, 0x00007fc3c90f4000, 0x00007fcbd0600000)
   the space 11064976K,  83% used [0x00007fc125b50000, 0x00007fc35881d9d0, 0x00007fc35881da00, 0x00007fc3c90f4000)
 Metaspace       used 30616K, capacity 30986K, committed 31232K, reserved 32768K
}
Event: 439.632 GC heap before
{Heap before GC invocations=92 (full 5):
 def new generation   total 4979328K, used 4874017K [0x00007fbbd0600000, 0x00007fbd220e0000, 0x00007fc125b50000)
  eden space 4426112K, 100% used [0x00007fbbd0600000, 0x00007fbcde860000, 0x00007fbcde860000)
  from space 553216K,  80% used [0x00007fbcde860000, 0x00007fbcf9dc86c0, 0x00007fbd004a0000)
  to   space 553216K,   0% used [0x00007fbd004a0000, 0x00007fbd004a0000, 0x00007fbd220e0000)
 tenured generation   total 11064976K, used 9220918K [0x00007fc125b50000, 0x00007fc3c90f4000, 0x00007fcbd0600000)
   the space 11064976K,  83% used [0x00007fc125b50000, 0x00007fc35881d9d0, 0x00007fc35881da00, 0x00007fc3c90f4000)
 Metaspace       used 30616K, capacity 30986K, committed 31232K, reserved 32768K
}
Event: 440.731 GC heap after
{Heap after GC invocations=93 (full 5):
 def new generation   total 4979328K, used 512566K [0x00007fbbd0600000, 0x00007fbd220e0000, 0x00007fc125b50000)
  eden space 4426112K,   0% used [0x00007fbbd0600000, 0x00007fbbd0600000, 0x00007fbcde860000)
  from space 553216K,  92% used [0x00007fbd004a0000, 0x00007fbd1f92d870, 0x00007fbd220e0000)
  to   space 553216K,   0% used [0x00007fbcde860000, 0x00007fbcde860000, 0x00007fbd004a0000)
 tenured generation   total 11064976K, used 9668823K [0x00007fc125b50000, 0x00007fc3c90f4000, 0x00007fcbd0600000)
   the space 11064976K,  87% used [0x00007fc125b50000, 0x00007fc373d85e70, 0x00007fc373d86000, 0x00007fc3c90f4000)
 Metaspace       used 30616K, capacity 30986K, committed 31232K, reserved 32768K
}
Event: 441.906 GC heap before
{Heap before GC invocations=93 (full 5):
 def new generation   total 4979328K, used 4938678K [0x00007fbbd0600000, 0x00007fbd220e0000, 0x00007fc125b50000)
  eden space 4426112K, 100% used [0x00007fbbd0600000, 0x00007fbcde860000, 0x00007fbcde860000)
  from space 553216K,  92% used [0x00007fbd004a0000, 0x00007fbd1f92d870, 0x00007fbd220e0000)
  to   space 553216K,   0% used [0x00007fbcde860000, 0x00007fbcde860000, 0x00007fbd004a0000)
 tenured generation   total 11064976K, used 9668823K [0x00007fc125b50000, 0x00007fc3c90f4000, 0x00007fcbd0600000)
   the space 11064976K,  87% used [0x00007fc125b50000, 0x00007fc373d85e70, 0x00007fc373d86000, 0x00007fc3c90f4000)
 Metaspace       used 30616K, capacity 30986K, committed 31232K, reserved 32768K
}
Event: 442.947 GC heap after
{Heap after GC invocations=94 (full 5):
 def new generation   total 4979328K, used 403990K [0x00007fbbd0600000, 0x00007fbd220e0000, 0x00007fc125b50000)
  eden space 4426112K,   0% used [0x00007fbbd0600000, 0x00007fbbd0600000, 0x00007fbcde860000)
  from space 553216K,  73% used [0x00007fbcde860000, 0x00007fbcf72e5bb8, 0x00007fbd004a0000)
  to   space 553216K,   0% used [0x00007fbd004a0000, 0x00007fbd004a0000, 0x00007fbd220e0000)
 tenured generation   total 11064976K, used 10181389K [0x00007fc125b50000, 0x00007fc3c90f4000, 0x00007fcbd0600000)
   the space 11064976K,  92% used [0x00007fc125b50000, 0x00007fc393213670, 0x00007fc393213800, 0x00007fc3c90f4000)
 Metaspace       used 30616K, capacity 30986K, committed 31232K, reserved 32768K
}
Event: 444.094 GC heap before
{Heap before GC invocations=94 (full 5):
 def new generation   total 4979328K, used 4830102K [0x00007fbbd0600000, 0x00007fbd220e0000, 0x00007fc125b50000)
  eden space 4426112K, 100% used [0x00007fbbd0600000, 0x00007fbcde860000, 0x00007fbcde860000)
  from space 553216K,  73% used [0x00007fbcde860000, 0x00007fbcf72e5bb8, 0x00007fbd004a0000)
  to   space 553216K,   0% used [0x00007fbd004a0000, 0x00007fbd004a0000, 0x00007fbd220e0000)
 tenured generation   total 11064976K, used 10181389K [0x00007fc125b50000, 0x00007fc3c90f4000, 0x00007fcbd0600000)
   the space 11064976K,  92% used [0x00007fc125b50000, 0x00007fc393213670, 0x00007fc393213800, 0x00007fc3c90f4000)
 Metaspace       used 30616K, capacity 30986K, committed 31232K, reserved 32768K
}
Event: 445.037 GC heap after
{Heap after GC invocations=95 (full 5):
 def new generation   total 4979328K, used 354117K [0x00007fbbd0600000, 0x00007fbd220e0000, 0x00007fc125b50000)
  eden space 4426112K,   0% used [0x00007fbbd0600000, 0x00007fbbd0600000, 0x00007fbcde860000)
  from space 553216K,  64% used [0x00007fbd004a0000, 0x00007fbd15e71638, 0x00007fbd220e0000)
  to   space 553216K,   0% used [0x00007fbcde860000, 0x00007fbcde860000, 0x00007fbd004a0000)
 tenured generation   total 11064976K, used 10585380K [0x00007fc125b50000, 0x00007fc3c90f4000, 0x00007fcbd0600000)
   the space 11064976K,  95% used [0x00007fc125b50000, 0x00007fc3abc990f8, 0x00007fc3abc99200, 0x00007fc3c90f4000)
 Metaspace       used 30616K, capacity 30986K, committed 31232K, reserved 32768K
}
Event: 446.198 GC heap before
{Heap before GC invocations=95 (full 5):
 def new generation   total 4979328K, used 4780229K [0x00007fbbd0600000, 0x00007fbd220e0000, 0x00007fc125b50000)
  eden space 4426112K, 100% used [0x00007fbbd0600000, 0x00007fbcde860000, 0x00007fbcde860000)
  from space 553216K,  64% used [0x00007fbd004a0000, 0x00007fbd15e71638, 0x00007fbd220e0000)
  to   space 553216K,   0% used [0x00007fbcde860000, 0x00007fbcde860000, 0x00007fbd004a0000)
 tenured generation   total 11064976K, used 10585380K [0x00007fc125b50000, 0x00007fc3c90f4000, 0x00007fcbd0600000)
   the space 11064976K,  95% used [0x00007fc125b50000, 0x00007fc3abc990f8, 0x00007fc3abc99200, 0x00007fc3c90f4000)
 Metaspace       used 30616K, capacity 30986K, committed 31232K, reserved 32768K
}
Event: 447.167 GC heap after
{Heap after GC invocations=96 (full 5):
 def new generation   total 4979328K, used 349210K [0x00007fbbd0600000, 0x00007fbd220e0000, 0x00007fc125b50000)
  eden space 4426112K,   0% used [0x00007fbbd0600000, 0x00007fbbd0600000, 0x00007fbcde860000)
  from space 553216K,  63% used [0x00007fbcde860000, 0x00007fbcf3d66990, 0x00007fbd004a0000)
  to   space 553216K,   0% used [0x00007fbd004a0000, 0x00007fbd004a0000, 0x00007fbd220e0000)
 tenured generation   total 11064976K, used 10939496K [0x00007fc125b50000, 0x00007fc3c90f4000, 0x00007fcbd0600000)
   the space 11064976K,  98% used [0x00007fc125b50000, 0x00007fc3c166a3b0, 0x00007fc3c166a400, 0x00007fc3c90f4000)
 Metaspace       used 30616K, capacity 30986K, committed 31232K, reserved 32768K
}
Event: 448.327 GC heap before
{Heap before GC invocations=96 (full 5):
 def new generation   total 4979328K, used 4775322K [0x00007fbbd0600000, 0x00007fbd220e0000, 0x00007fc125b50000)
  eden space 4426112K, 100% used [0x00007fbbd0600000, 0x00007fbcde860000, 0x00007fbcde860000)
  from space 553216K,  63% used [0x00007fbcde860000, 0x00007fbcf3d66990, 0x00007fbd004a0000)
  to   space 553216K,   0% used [0x00007fbd004a0000, 0x00007fbd004a0000, 0x00007fbd220e0000)
 tenured generation   total 11064976K, used 10939496K [0x00007fc125b50000, 0x00007fc3c90f4000, 0x00007fcbd0600000)
   the space 11064976K,  98% used [0x00007fc125b50000, 0x00007fc3c166a3b0, 0x00007fc3c166a400, 0x00007fc3c90f4000)
 Metaspace       used 30616K, capacity 30986K, committed 31232K, reserved 32768K
}
Event: 449.254 GC heap after
{Heap after GC invocations=97 (full 5):
 def new generation   total 4979328K, used 346095K [0x00007fbbd0600000, 0x00007fbd220e0000, 0x00007fc125b50000)
  eden space 4426112K,   0% used [0x00007fbbd0600000, 0x00007fbbd0600000, 0x00007fbcde860000)
  from space 553216K,  62% used [0x00007fbd004a0000, 0x00007fbd1569bd40, 0x00007fbd220e0000)
  to   space 553216K,   0% used [0x00007fbcde860000, 0x00007fbcde860000, 0x00007fbd004a0000)
 tenured generation   total 11288848K, used 11288706K [0x00007fc125b50000, 0x00007fc3d6b94000, 0x00007fcbd0600000)
   the space 11288848K,  99% used [0x00007fc125b50000, 0x00007fc3d6b70ac0, 0x00007fc3d6b70c00, 0x00007fc3d6b94000)
 Metaspace       used 30616K, capacity 30986K, committed 31232K, reserved 32768K
}
Event: 449.254 GC heap before
{Heap before GC invocations=97 (full 5):
 def new generation   total 4979328K, used 346095K [0x00007fbbd0600000, 0x00007fbd220e0000, 0x00007fc125b50000)
  eden space 4426112K,   0% used [0x00007fbbd0600000, 0x00007fbbd0600000, 0x00007fbcde860000)
  from space 553216K,  62% used [0x00007fbd004a0000, 0x00007fbd1569bd40, 0x00007fbd220e0000)
  to   space 553216K,   0% used [0x00007fbcde860000, 0x00007fbcde860000, 0x00007fbd004a0000)
 tenured generation   total 11288848K, used 11288706K [0x00007fc125b50000, 0x00007fc3d6b94000, 0x00007fcbd0600000)
   the space 11288848K,  99% used [0x00007fc125b50000, 0x00007fc3d6b70ac0, 0x00007fc3d6b70c00, 0x00007fc3d6b94000)
 Metaspace       used 30616K, capacity 30986K, committed 31232K, reserved 32768K
}

