# JRE version: OpenJDK Runtime Environment (13.0.7+5) (build 13.0.7+5-Ubuntu-0ubuntu120.04)
# Java VM: OpenJDK 64-Bit Server VM (13.0.7+5-Ubuntu-0ubuntu120.04, mixed mode, tiered, serial gc, linux-amd64)
Heap:
 def new generation   total 1604160K, used 53931K [0x00007f9cac600000, 0x00007f9d192a0000, 0x00007fa201b50000)
  eden space 1425920K,   3% used [0x00007f9cac600000, 0x00007f9cafaaad50, 0x00007f9d03680000)
  from space 178240K,   0% used [0x00007f9d0e490000, 0x00007f9d0e490000, 0x00007f9d192a0000)
  to   space 178240K,   0% used [0x00007f9d03680000, 0x00007f9d03680000, 0x00007f9d0e490000)
 tenured generation   total 3581060K, used 3580282K [0x00007fa201b50000, 0x00007fa2dc471000, 0x00007facac600000)
   the space 3581060K,  99% used [0x00007fa201b50000, 0x00007fa2dc3ae878, 0x00007fa2dc3aea00, 0x00007fa2dc471000)
 Metaspace       used 24213K, capacity 24568K, committed 24576K, reserved 24576K
GC Heap History (20 events):
Event: 794.306 GC heap after
{Heap after GC invocations=1206 (full 5):
 def new generation   total 1604160K, used 87363K [0x00007f9cac600000, 0x00007f9d192a0000, 0x00007fa201b50000)
  eden space 1425920K,   0% used [0x00007f9cac600000, 0x00007f9cac600000, 0x00007f9d03680000)
  from space 178240K,  49% used [0x00007f9d03680000, 0x00007f9d08bd0d38, 0x00007f9d0e490000)
  to   space 178240K,   0% used [0x00007f9d0e490000, 0x00007f9d0e490000, 0x00007f9d192a0000)
 tenured generation   total 3564672K, used 3481102K [0x00007fa201b50000, 0x00007fa2db470000, 0x00007facac600000)
   the space 3564672K,  97% used [0x00007fa201b50000, 0x00007fa2d62d3bb8, 0x00007fa2d62d3c00, 0x00007fa2db470000)
 Metaspace       used 24213K, capacity 24568K, committed 24576K, reserved 24576K
}
Event: 795.554 GC heap before
{Heap before GC invocations=1206 (full 5):
 def new generation   total 1604160K, used 1510765K [0x00007f9cac600000, 0x00007f9d192a0000, 0x00007fa201b50000)
  eden space 1425920K,  99% used [0x00007f9cac600000, 0x00007f9d0340a898, 0x00007f9d03680000)
  from space 178240K,  49% used [0x00007f9d03680000, 0x00007f9d08bd0d38, 0x00007f9d0e490000)
  to   space 178240K,   0% used [0x00007f9d0e490000, 0x00007f9d0e490000, 0x00007f9d192a0000)
 tenured generation   total 3564672K, used 3481102K [0x00007fa201b50000, 0x00007fa2db470000, 0x00007facac600000)
   the space 3564672K,  97% used [0x00007fa201b50000, 0x00007fa2d62d3bb8, 0x00007fa2d62d3c00, 0x00007fa2db470000)
 Metaspace       used 24213K, capacity 24568K, committed 24576K, reserved 24576K
}
Event: 795.609 GC heap after
{Heap after GC invocations=1207 (full 5):
 def new generation   total 1604160K, used 115073K [0x00007f9cac600000, 0x00007f9d192a0000, 0x00007fa201b50000)
  eden space 1425920K,   0% used [0x00007f9cac600000, 0x00007f9cac600000, 0x00007f9d03680000)
  from space 178240K,  64% used [0x00007f9d0e490000, 0x00007f9d154f0430, 0x00007f9d192a0000)
  to   space 178240K,   0% used [0x00007f9d03680000, 0x00007f9d03680000, 0x00007f9d0e490000)
 tenured generation   total 3564672K, used 3481102K [0x00007fa201b50000, 0x00007fa2db470000, 0x00007facac600000)
   the space 3564672K,  97% used [0x00007fa201b50000, 0x00007fa2d62d3bb8, 0x00007fa2d62d3c00, 0x00007fa2db470000)
 Metaspace       used 24213K, capacity 24568K, committed 24576K, reserved 24576K
}
Event: 796.627 GC heap before
{Heap before GC invocations=1207 (full 5):
 def new generation   total 1604160K, used 1540993K [0x00007f9cac600000, 0x00007f9d192a0000, 0x00007fa201b50000)
  eden space 1425920K, 100% used [0x00007f9cac600000, 0x00007f9d03680000, 0x00007f9d03680000)
  from space 178240K,  64% used [0x00007f9d0e490000, 0x00007f9d154f0430, 0x00007f9d192a0000)
  to   space 178240K,   0% used [0x00007f9d03680000, 0x00007f9d03680000, 0x00007f9d0e490000)
 tenured generation   total 3564672K, used 3481102K [0x00007fa201b50000, 0x00007fa2db470000, 0x00007facac600000)
   the space 3564672K,  97% used [0x00007fa201b50000, 0x00007fa2d62d3bb8, 0x00007fa2d62d3c00, 0x00007fa2db470000)
 Metaspace       used 24213K, capacity 24568K, committed 24576K, reserved 24576K
}
Event: 796.691 GC heap after
{Heap after GC invocations=1208 (full 5):
 def new generation   total 1604160K, used 67807K [0x00007f9cac600000, 0x00007f9d192a0000, 0x00007fa201b50000)
  eden space 1425920K,   0% used [0x00007f9cac600000, 0x00007f9cac600000, 0x00007f9d03680000)
  from space 178240K,  38% used [0x00007f9d03680000, 0x00007f9d078b7e70, 0x00007f9d0e490000)
  to   space 178240K,   0% used [0x00007f9d0e490000, 0x00007f9d0e490000, 0x00007f9d192a0000)
 tenured generation   total 3564672K, used 3515020K [0x00007fa201b50000, 0x00007fa2db470000, 0x00007facac600000)
   the space 3564672K,  98% used [0x00007fa201b50000, 0x00007fa2d83f3068, 0x00007fa2d83f3200, 0x00007fa2db470000)
 Metaspace       used 24213K, capacity 24568K, committed 24576K, reserved 24576K
}
Event: 797.848 GC heap before
{Heap before GC invocations=1208 (full 5):
 def new generation   total 1604160K, used 1493727K [0x00007f9cac600000, 0x00007f9d192a0000, 0x00007fa201b50000)
  eden space 1425920K, 100% used [0x00007f9cac600000, 0x00007f9d03680000, 0x00007f9d03680000)
  from space 178240K,  38% used [0x00007f9d03680000, 0x00007f9d078b7e70, 0x00007f9d0e490000)
  to   space 178240K,   0% used [0x00007f9d0e490000, 0x00007f9d0e490000, 0x00007f9d192a0000)
 tenured generation   total 3564672K, used 3515020K [0x00007fa201b50000, 0x00007fa2db470000, 0x00007facac600000)
   the space 3564672K,  98% used [0x00007fa201b50000, 0x00007fa2d83f3068, 0x00007fa2d83f3200, 0x00007fa2db470000)
 Metaspace       used 24213K, capacity 24568K, committed 24576K, reserved 24576K
}
Event: 797.883 GC heap after
{Heap after GC invocations=1209 (full 5):
 def new generation   total 1604160K, used 78616K [0x00007f9cac600000, 0x00007f9d192a0000, 0x00007fa201b50000)
  eden space 1425920K,   0% used [0x00007f9cac600000, 0x00007f9cac600000, 0x00007f9d03680000)
  from space 178240K,  44% used [0x00007f9d0e490000, 0x00007f9d13156048, 0x00007f9d192a0000)
  to   space 178240K,   0% used [0x00007f9d03680000, 0x00007f9d03680000, 0x00007f9d0e490000)
 tenured generation   total 3564672K, used 3515020K [0x00007fa201b50000, 0x00007fa2db470000, 0x00007facac600000)
   the space 3564672K,  98% used [0x00007fa201b50000, 0x00007fa2d83f3068, 0x00007fa2d83f3200, 0x00007fa2db470000)
 Metaspace       used 24213K, capacity 24568K, committed 24576K, reserved 24576K
}
Event: 799.006 GC heap before
{Heap before GC invocations=1209 (full 5):
 def new generation   total 1604160K, used 1504536K [0x00007f9cac600000, 0x00007f9d192a0000, 0x00007fa201b50000)
  eden space 1425920K, 100% used [0x00007f9cac600000, 0x00007f9d03680000, 0x00007f9d03680000)
  from space 178240K,  44% used [0x00007f9d0e490000, 0x00007f9d13156048, 0x00007f9d192a0000)
  to   space 178240K,   0% used [0x00007f9d03680000, 0x00007f9d03680000, 0x00007f9d0e490000)
 tenured generation   total 3564672K, used 3515020K [0x00007fa201b50000, 0x00007fa2db470000, 0x00007facac600000)
   the space 3564672K,  98% used [0x00007fa201b50000, 0x00007fa2d83f3068, 0x00007fa2d83f3200, 0x00007fa2db470000)
 Metaspace       used 24213K, capacity 24568K, committed 24576K, reserved 24576K
}
Event: 799.046 GC heap after
{Heap after GC invocations=1210 (full 5):
 def new generation   total 1604160K, used 84781K [0x00007f9cac600000, 0x00007f9d192a0000, 0x00007fa201b50000)
  eden space 1425920K,   0% used [0x00007f9cac600000, 0x00007f9cac600000, 0x00007f9d03680000)
  from space 178240K,  47% used [0x00007f9d03680000, 0x00007f9d0894b530, 0x00007f9d0e490000)
  to   space 178240K,   0% used [0x00007f9d0e490000, 0x00007f9d0e490000, 0x00007f9d192a0000)
 tenured generation   total 3564672K, used 3515020K [0x00007fa201b50000, 0x00007fa2db470000, 0x00007facac600000)
   the space 3564672K,  98% used [0x00007fa201b50000, 0x00007fa2d83f3068, 0x00007fa2d83f3200, 0x00007fa2db470000)
 Metaspace       used 24213K, capacity 24568K, committed 24576K, reserved 24576K
}
Event: 800.140 GC heap before
{Heap before GC invocations=1210 (full 5):
 def new generation   total 1604160K, used 1510701K [0x00007f9cac600000, 0x00007f9d192a0000, 0x00007fa201b50000)
  eden space 1425920K, 100% used [0x00007f9cac600000, 0x00007f9d03680000, 0x00007f9d03680000)
  from space 178240K,  47% used [0x00007f9d03680000, 0x00007f9d0894b530, 0x00007f9d0e490000)
  to   space 178240K,   0% used [0x00007f9d0e490000, 0x00007f9d0e490000, 0x00007f9d192a0000)
 tenured generation   total 3564672K, used 3515020K [0x00007fa201b50000, 0x00007fa2db470000, 0x00007facac600000)
   the space 3564672K,  98% used [0x00007fa201b50000, 0x00007fa2d83f3068, 0x00007fa2d83f3200, 0x00007fa2db470000)
 Metaspace       used 24213K, capacity 24568K, committed 24576K, reserved 24576K
}
Event: 800.180 GC heap after
{Heap after GC invocations=1211 (full 5):
 def new generation   total 1604160K, used 90956K [0x00007f9cac600000, 0x00007f9d192a0000, 0x00007fa201b50000)
  eden space 1425920K,   0% used [0x00007f9cac600000, 0x00007f9cac600000, 0x00007f9d03680000)
  from space 178240K,  51% used [0x00007f9d0e490000, 0x00007f9d13d63148, 0x00007f9d192a0000)
  to   space 178240K,   0% used [0x00007f9d03680000, 0x00007f9d03680000, 0x00007f9d0e490000)
 tenured generation   total 3564672K, used 3515020K [0x00007fa201b50000, 0x00007fa2db470000, 0x00007facac600000)
   the space 3564672K,  98% used [0x00007fa201b50000, 0x00007fa2d83f3068, 0x00007fa2d83f3200, 0x00007fa2db470000)
 Metaspace       used 24213K, capacity 24568K, committed 24576K, reserved 24576K
}
Event: 801.405 GC heap before
{Heap before GC invocations=1211 (full 5):
 def new generation   total 1604160K, used 1516876K [0x00007f9cac600000, 0x00007f9d192a0000, 0x00007fa201b50000)
  eden space 1425920K, 100% used [0x00007f9cac600000, 0x00007f9d03680000, 0x00007f9d03680000)
  from space 178240K,  51% used [0x00007f9d0e490000, 0x00007f9d13d63148, 0x00007f9d192a0000)
  to   space 178240K,   0% used [0x00007f9d03680000, 0x00007f9d03680000, 0x00007f9d0e490000)
 tenured generation   total 3564672K, used 3515020K [0x00007fa201b50000, 0x00007fa2db470000, 0x00007facac600000)
   the space 3564672K,  98% used [0x00007fa201b50000, 0x00007fa2d83f3068, 0x00007fa2d83f3200, 0x00007fa2db470000)
 Metaspace       used 24213K, capacity 24568K, committed 24576K, reserved 24576K
}
Event: 801.463 GC heap after
{Heap after GC invocations=1212 (full 5):
 def new generation   total 1604160K, used 83226K [0x00007f9cac600000, 0x00007f9d192a0000, 0x00007fa201b50000)
  eden space 1425920K,   0% used [0x00007f9cac600000, 0x00007f9cac600000, 0x00007f9d03680000)
  from space 178240K,  46% used [0x00007f9d03680000, 0x00007f9d087c6b68, 0x00007f9d0e490000)
  to   space 178240K,   0% used [0x00007f9d0e490000, 0x00007f9d0e490000, 0x00007f9d192a0000)
 tenured generation   total 3564672K, used 3531978K [0x00007fa201b50000, 0x00007fa2db470000, 0x00007facac600000)
   the space 3564672K,  99% used [0x00007fa201b50000, 0x00007fa2d9482ac0, 0x00007fa2d9482c00, 0x00007fa2db470000)
 Metaspace       used 24213K, capacity 24568K, committed 24576K, reserved 24576K
}
Event: 802.441 GC heap before
{Heap before GC invocations=1212 (full 5):
 def new generation   total 1604160K, used 1509146K [0x00007f9cac600000, 0x00007f9d192a0000, 0x00007fa201b50000)
  eden space 1425920K, 100% used [0x00007f9cac600000, 0x00007f9d03680000, 0x00007f9d03680000)
  from space 178240K,  46% used [0x00007f9d03680000, 0x00007f9d087c6b68, 0x00007f9d0e490000)
  to   space 178240K,   0% used [0x00007f9d0e490000, 0x00007f9d0e490000, 0x00007f9d192a0000)
 tenured generation   total 3564672K, used 3531978K [0x00007fa201b50000, 0x00007fa2db470000, 0x00007facac600000)
   the space 3564672K,  99% used [0x00007fa201b50000, 0x00007fa2d9482ac0, 0x00007fa2d9482c00, 0x00007fa2db470000)
 Metaspace       used 24213K, capacity 24568K, committed 24576K, reserved 24576K
}
Event: 802.482 GC heap after
{Heap after GC invocations=1213 (full 5):
 def new generation   total 1604160K, used 87363K [0x00007f9cac600000, 0x00007f9d192a0000, 0x00007fa201b50000)
  eden space 1425920K,   0% used [0x00007f9cac600000, 0x00007f9cac600000, 0x00007f9d03680000)
  from space 178240K,  49% used [0x00007f9d0e490000, 0x00007f9d139e0d38, 0x00007f9d192a0000)
  to   space 178240K,   0% used [0x00007f9d03680000, 0x00007f9d03680000, 0x00007f9d0e490000)
 tenured generation   total 3564672K, used 3531978K [0x00007fa201b50000, 0x00007fa2db470000, 0x00007facac600000)
   the space 3564672K,  99% used [0x00007fa201b50000, 0x00007fa2d9482ac0, 0x00007fa2d9482c00, 0x00007fa2db470000)
 Metaspace       used 24213K, capacity 24568K, committed 24576K, reserved 24576K
}
Event: 803.742 GC heap before
{Heap before GC invocations=1213 (full 5):
 def new generation   total 1604160K, used 1509272K [0x00007f9cac600000, 0x00007f9d192a0000, 0x00007fa201b50000)
  eden space 1425920K,  99% used [0x00007f9cac600000, 0x00007f9d03295668, 0x00007f9d03680000)
  from space 178240K,  49% used [0x00007f9d0e490000, 0x00007f9d139e0d38, 0x00007f9d192a0000)
  to   space 178240K,   0% used [0x00007f9d03680000, 0x00007f9d03680000, 0x00007f9d0e490000)
 tenured generation   total 3564672K, used 3531978K [0x00007fa201b50000, 0x00007fa2db470000, 0x00007facac600000)
   the space 3564672K,  99% used [0x00007fa201b50000, 0x00007fa2d9482ac0, 0x00007fa2d9482c00, 0x00007fa2db470000)
 Metaspace       used 24213K, capacity 24568K, committed 24576K, reserved 24576K
}
Event: 803.795 GC heap after
{Heap after GC invocations=1214 (full 5):
 def new generation   total 1604160K, used 115073K [0x00007f9cac600000, 0x00007f9d192a0000, 0x00007fa201b50000)
  eden space 1425920K,   0% used [0x00007f9cac600000, 0x00007f9cac600000, 0x00007f9d03680000)
  from space 178240K,  64% used [0x00007f9d03680000, 0x00007f9d0a6e0430, 0x00007f9d0e490000)
  to   space 178240K,   0% used [0x00007f9d0e490000, 0x00007f9d0e490000, 0x00007f9d192a0000)
 tenured generation   total 3564672K, used 3531978K [0x00007fa201b50000, 0x00007fa2db470000, 0x00007facac600000)
   the space 3564672K,  99% used [0x00007fa201b50000, 0x00007fa2d9482ac0, 0x00007fa2d9482c00, 0x00007fa2db470000)
 Metaspace       used 24213K, capacity 24568K, committed 24576K, reserved 24576K
}
Event: 804.769 GC heap before
{Heap before GC invocations=1214 (full 5):
 def new generation   total 1604160K, used 1540993K [0x00007f9cac600000, 0x00007f9d192a0000, 0x00007fa201b50000)
  eden space 1425920K, 100% used [0x00007f9cac600000, 0x00007f9d03680000, 0x00007f9d03680000)
  from space 178240K,  64% used [0x00007f9d03680000, 0x00007f9d0a6e0430, 0x00007f9d0e490000)
  to   space 178240K,   0% used [0x00007f9d0e490000, 0x00007f9d0e490000, 0x00007f9d192a0000)
 tenured generation   total 3564672K, used 3531978K [0x00007fa201b50000, 0x00007fa2db470000, 0x00007facac600000)
   the space 3564672K,  99% used [0x00007fa201b50000, 0x00007fa2d9482ac0, 0x00007fa2d9482c00, 0x00007fa2db470000)
 Metaspace       used 24213K, capacity 24568K, committed 24576K, reserved 24576K
}
Event: 804.832 GC heap after
{Heap after GC invocations=1215 (full 5):
 def new generation   total 1604160K, used 68317K [0x00007f9cac600000, 0x00007f9d192a0000, 0x00007fa201b50000)
  eden space 1425920K,   0% used [0x00007f9cac600000, 0x00007f9cac600000, 0x00007f9d03680000)
  from space 178240K,  38% used [0x00007f9d0e490000, 0x00007f9d12747658, 0x00007f9d192a0000)
  to   space 178240K,   0% used [0x00007f9d03680000, 0x00007f9d03680000, 0x00007f9d0e490000)
 tenured generation   total 3581060K, used 3565895K [0x00007fa201b50000, 0x00007fa2dc471000, 0x00007facac600000)
   the space 3581060K,  99% used [0x00007fa201b50000, 0x00007fa2db5a1f70, 0x00007fa2db5a2000, 0x00007fa2dc471000)
 Metaspace       used 24213K, capacity 24568K, committed 24576K, reserved 24576K
}
Event: 804.832 GC heap before
{Heap before GC invocations=1215 (full 5):
 def new generation   total 1604160K, used 68317K [0x00007f9cac600000, 0x00007f9d192a0000, 0x00007fa201b50000)
  eden space 1425920K,   0% used [0x00007f9cac600000, 0x00007f9cac600000, 0x00007f9d03680000)
  from space 178240K,  38% used [0x00007f9d0e490000, 0x00007f9d12747658, 0x00007f9d192a0000)
  to   space 178240K,   0% used [0x00007f9d03680000, 0x00007f9d03680000, 0x00007f9d0e490000)
 tenured generation   total 3581060K, used 3565895K [0x00007fa201b50000, 0x00007fa2dc471000, 0x00007facac600000)
   the space 3581060K,  99% used [0x00007fa201b50000, 0x00007fa2db5a1f70, 0x00007fa2db5a2000, 0x00007fa2dc471000)
 Metaspace       used 24213K, capacity 24568K, committed 24576K, reserved 24576K
}

