# JRE version: OpenJDK Runtime Environment (13.0.7+5) (build 13.0.7+5-Ubuntu-0ubuntu120.04)
# Java VM: OpenJDK 64-Bit Server VM (13.0.7+5-Ubuntu-0ubuntu120.04, mixed mode, tiered, serial gc, linux-amd64)
Heap:
 def new generation   total 1748224K, used 0K [0x00007fbaac600000, 0x00007fbb22ef0000, 0x00007fc001b50000)
  eden space 1553984K,   0% used [0x00007fbaac600000, 0x00007fbaac600000, 0x00007fbb0b390000)
  from space 194240K,   0% used [0x00007fbb0b390000, 0x00007fbb0b390000, 0x00007fbb17140000)
  to   space 194240K,   0% used [0x00007fbb17140000, 0x00007fbb17140000, 0x00007fbb22ef0000)
 tenured generation   total 3885212K, used 3876035K [0x00007fc001b50000, 0x00007fc0eed77000, 0x00007fcaac600000)
   the space 3885212K,  99% used [0x00007fc001b50000, 0x00007fc0ee480f30, 0x00007fc0ee481000, 0x00007fc0eed77000)
 Metaspace       used 24338K, capacity 24767K, committed 24832K, reserved 26624K
GC Heap History (20 events):
Event: 8332.282 GC heap after
{Heap after GC invocations=10242 (full 3):
 def new generation   total 1748224K, used 13108K [0x00007fbaac600000, 0x00007fbb22ef0000, 0x00007fc001b50000)
  eden space 1553984K,   0% used [0x00007fbaac600000, 0x00007fbaac600000, 0x00007fbb0b390000)
  from space 194240K,   6% used [0x00007fbb17140000, 0x00007fbb17e0d270, 0x00007fbb22ef0000)
  to   space 194240K,   0% used [0x00007fbb0b390000, 0x00007fbb0b390000, 0x00007fbb17140000)
 tenured generation   total 3884828K, used 3878142K [0x00007fc001b50000, 0x00007fc0eed17000, 0x00007fcaac600000)
   the space 3884828K,  99% used [0x00007fc001b50000, 0x00007fc0ee68f940, 0x00007fc0ee68fa00, 0x00007fc0eed17000)
 Metaspace       used 24338K, capacity 24767K, committed 24832K, reserved 26624K
}
Event: 8333.739 GC heap before
{Heap before GC invocations=10242 (full 3):
 def new generation   total 1748224K, used 1567092K [0x00007fbaac600000, 0x00007fbb22ef0000, 0x00007fc001b50000)
  eden space 1553984K, 100% used [0x00007fbaac600000, 0x00007fbb0b390000, 0x00007fbb0b390000)
  from space 194240K,   6% used [0x00007fbb17140000, 0x00007fbb17e0d270, 0x00007fbb22ef0000)
  to   space 194240K,   0% used [0x00007fbb0b390000, 0x00007fbb0b390000, 0x00007fbb17140000)
 tenured generation   total 3884828K, used 3878142K [0x00007fc001b50000, 0x00007fc0eed17000, 0x00007fcaac600000)
   the space 3884828K,  99% used [0x00007fc001b50000, 0x00007fc0ee68f940, 0x00007fc0ee68fa00, 0x00007fc0eed17000)
 Metaspace       used 24338K, capacity 24767K, committed 24832K, reserved 26624K
}
Event: 8333.767 GC heap after
{Heap after GC invocations=10243 (full 3):
 def new generation   total 1748224K, used 13362K [0x00007fbaac600000, 0x00007fbb22ef0000, 0x00007fc001b50000)
  eden space 1553984K,   0% used [0x00007fbaac600000, 0x00007fbaac600000, 0x00007fbb0b390000)
  from space 194240K,   6% used [0x00007fbb0b390000, 0x00007fbb0c09cb10, 0x00007fbb17140000)
  to   space 194240K,   0% used [0x00007fbb17140000, 0x00007fbb17140000, 0x00007fbb22ef0000)
 tenured generation   total 3884828K, used 3878867K [0x00007fc001b50000, 0x00007fc0eed17000, 0x00007fcaac600000)
   the space 3884828K,  99% used [0x00007fc001b50000, 0x00007fc0ee744e00, 0x00007fc0ee744e00, 0x00007fc0eed17000)
 Metaspace       used 24338K, capacity 24767K, committed 24832K, reserved 26624K
}
Event: 8335.240 GC heap before
{Heap before GC invocations=10243 (full 3):
 def new generation   total 1748224K, used 1567346K [0x00007fbaac600000, 0x00007fbb22ef0000, 0x00007fc001b50000)
  eden space 1553984K, 100% used [0x00007fbaac600000, 0x00007fbb0b390000, 0x00007fbb0b390000)
  from space 194240K,   6% used [0x00007fbb0b390000, 0x00007fbb0c09cb10, 0x00007fbb17140000)
  to   space 194240K,   0% used [0x00007fbb17140000, 0x00007fbb17140000, 0x00007fbb22ef0000)
 tenured generation   total 3884828K, used 3878867K [0x00007fc001b50000, 0x00007fc0eed17000, 0x00007fcaac600000)
   the space 3884828K,  99% used [0x00007fc001b50000, 0x00007fc0ee744e00, 0x00007fc0ee744e00, 0x00007fc0eed17000)
 Metaspace       used 24338K, capacity 24767K, committed 24832K, reserved 26624K
}
Event: 8335.268 GC heap after
{Heap after GC invocations=10244 (full 3):
 def new generation   total 1748224K, used 13646K [0x00007fbaac600000, 0x00007fbb22ef0000, 0x00007fc001b50000)
  eden space 1553984K,   0% used [0x00007fbaac600000, 0x00007fbaac600000, 0x00007fbb0b390000)
  from space 194240K,   7% used [0x00007fbb17140000, 0x00007fbb17e938b0, 0x00007fbb22ef0000)
  to   space 194240K,   0% used [0x00007fbb0b390000, 0x00007fbb0b390000, 0x00007fbb17140000)
 tenured generation   total 3884828K, used 3879592K [0x00007fc001b50000, 0x00007fc0eed17000, 0x00007fcaac600000)
   the space 3884828K,  99% used [0x00007fc001b50000, 0x00007fc0ee7fa2c0, 0x00007fc0ee7fa400, 0x00007fc0eed17000)
 Metaspace       used 24338K, capacity 24767K, committed 24832K, reserved 26624K
}
Event: 8336.791 GC heap before
{Heap before GC invocations=10244 (full 3):
 def new generation   total 1748224K, used 1567630K [0x00007fbaac600000, 0x00007fbb22ef0000, 0x00007fc001b50000)
  eden space 1553984K, 100% used [0x00007fbaac600000, 0x00007fbb0b390000, 0x00007fbb0b390000)
  from space 194240K,   7% used [0x00007fbb17140000, 0x00007fbb17e938b0, 0x00007fbb22ef0000)
  to   space 194240K,   0% used [0x00007fbb0b390000, 0x00007fbb0b390000, 0x00007fbb17140000)
 tenured generation   total 3884828K, used 3879592K [0x00007fc001b50000, 0x00007fc0eed17000, 0x00007fcaac600000)
   the space 3884828K,  99% used [0x00007fc001b50000, 0x00007fc0ee7fa2c0, 0x00007fc0ee7fa400, 0x00007fc0eed17000)
 Metaspace       used 24338K, capacity 24767K, committed 24832K, reserved 26624K
}
Event: 8336.820 GC heap after
{Heap after GC invocations=10245 (full 3):
 def new generation   total 1748224K, used 13923K [0x00007fbaac600000, 0x00007fbb22ef0000, 0x00007fc001b50000)
  eden space 1553984K,   0% used [0x00007fbaac600000, 0x00007fbaac600000, 0x00007fbb0b390000)
  from space 194240K,   7% used [0x00007fbb0b390000, 0x00007fbb0c128e98, 0x00007fbb17140000)
  to   space 194240K,   0% used [0x00007fbb17140000, 0x00007fbb17140000, 0x00007fbb22ef0000)
 tenured generation   total 3884828K, used 3880317K [0x00007fc001b50000, 0x00007fc0eed17000, 0x00007fcaac600000)
   the space 3884828K,  99% used [0x00007fc001b50000, 0x00007fc0ee8af780, 0x00007fc0ee8af800, 0x00007fc0eed17000)
 Metaspace       used 24338K, capacity 24767K, committed 24832K, reserved 26624K
}
Event: 8338.315 GC heap before
{Heap before GC invocations=10245 (full 3):
 def new generation   total 1748224K, used 1567907K [0x00007fbaac600000, 0x00007fbb22ef0000, 0x00007fc001b50000)
  eden space 1553984K, 100% used [0x00007fbaac600000, 0x00007fbb0b390000, 0x00007fbb0b390000)
  from space 194240K,   7% used [0x00007fbb0b390000, 0x00007fbb0c128e98, 0x00007fbb17140000)
  to   space 194240K,   0% used [0x00007fbb17140000, 0x00007fbb17140000, 0x00007fbb22ef0000)
 tenured generation   total 3884828K, used 3880317K [0x00007fc001b50000, 0x00007fc0eed17000, 0x00007fcaac600000)
   the space 3884828K,  99% used [0x00007fc001b50000, 0x00007fc0ee8af780, 0x00007fc0ee8af800, 0x00007fc0eed17000)
 Metaspace       used 24338K, capacity 24767K, committed 24832K, reserved 26624K
}
Event: 8338.346 GC heap after
{Heap after GC invocations=10246 (full 3):
 def new generation   total 1748224K, used 14103K [0x00007fbaac600000, 0x00007fbb22ef0000, 0x00007fc001b50000)
  eden space 1553984K,   0% used [0x00007fbaac600000, 0x00007fbaac600000, 0x00007fbb0b390000)
  from space 194240K,   7% used [0x00007fbb17140000, 0x00007fbb17f05d68, 0x00007fbb22ef0000)
  to   space 194240K,   0% used [0x00007fbb0b390000, 0x00007fbb0b390000, 0x00007fbb17140000)
 tenured generation   total 3884828K, used 3881133K [0x00007fc001b50000, 0x00007fc0eed17000, 0x00007fcaac600000)
   the space 3884828K,  99% used [0x00007fc001b50000, 0x00007fc0ee97b528, 0x00007fc0ee97b600, 0x00007fc0eed17000)
 Metaspace       used 24338K, capacity 24767K, committed 24832K, reserved 26624K
}
Event: 8339.828 GC heap before
{Heap before GC invocations=10246 (full 3):
 def new generation   total 1748224K, used 1568087K [0x00007fbaac600000, 0x00007fbb22ef0000, 0x00007fc001b50000)
  eden space 1553984K, 100% used [0x00007fbaac600000, 0x00007fbb0b390000, 0x00007fbb0b390000)
  from space 194240K,   7% used [0x00007fbb17140000, 0x00007fbb17f05d68, 0x00007fbb22ef0000)
  to   space 194240K,   0% used [0x00007fbb0b390000, 0x00007fbb0b390000, 0x00007fbb17140000)
 tenured generation   total 3884828K, used 3881133K [0x00007fc001b50000, 0x00007fc0eed17000, 0x00007fcaac600000)
   the space 3884828K,  99% used [0x00007fc001b50000, 0x00007fc0ee97b528, 0x00007fc0ee97b600, 0x00007fc0eed17000)
 Metaspace       used 24338K, capacity 24767K, committed 24832K, reserved 26624K
}
Event: 8339.858 GC heap after
{Heap after GC invocations=10247 (full 3):
 def new generation   total 1748224K, used 14377K [0x00007fbaac600000, 0x00007fbb22ef0000, 0x00007fc001b50000)
  eden space 1553984K,   0% used [0x00007fbaac600000, 0x00007fbaac600000, 0x00007fbb0b390000)
  from space 194240K,   7% used [0x00007fbb0b390000, 0x00007fbb0c19a540, 0x00007fbb17140000)
  to   space 194240K,   0% used [0x00007fbb17140000, 0x00007fbb17140000, 0x00007fbb22ef0000)
 tenured generation   total 3884828K, used 3881858K [0x00007fc001b50000, 0x00007fc0eed17000, 0x00007fcaac600000)
   the space 3884828K,  99% used [0x00007fc001b50000, 0x00007fc0eea309e8, 0x00007fc0eea30a00, 0x00007fc0eed17000)
 Metaspace       used 24338K, capacity 24767K, committed 24832K, reserved 26624K
}
Event: 8341.331 GC heap before
{Heap before GC invocations=10247 (full 3):
 def new generation   total 1748224K, used 1568361K [0x00007fbaac600000, 0x00007fbb22ef0000, 0x00007fc001b50000)
  eden space 1553984K, 100% used [0x00007fbaac600000, 0x00007fbb0b390000, 0x00007fbb0b390000)
  from space 194240K,   7% used [0x00007fbb0b390000, 0x00007fbb0c19a540, 0x00007fbb17140000)
  to   space 194240K,   0% used [0x00007fbb17140000, 0x00007fbb17140000, 0x00007fbb22ef0000)
 tenured generation   total 3884828K, used 3881858K [0x00007fc001b50000, 0x00007fc0eed17000, 0x00007fcaac600000)
   the space 3884828K,  99% used [0x00007fc001b50000, 0x00007fc0eea309e8, 0x00007fc0eea30a00, 0x00007fc0eed17000)
 Metaspace       used 24338K, capacity 24767K, committed 24832K, reserved 26624K
}
Event: 8341.357 GC heap after
{Heap after GC invocations=10248 (full 3):
 def new generation   total 1748224K, used 14648K [0x00007fbaac600000, 0x00007fbb22ef0000, 0x00007fc001b50000)
  eden space 1553984K,   0% used [0x00007fbaac600000, 0x00007fbaac600000, 0x00007fbb0b390000)
  from space 194240K,   7% used [0x00007fbb17140000, 0x00007fbb17f8e028, 0x00007fbb22ef0000)
  to   space 194240K,   0% used [0x00007fbb0b390000, 0x00007fbb0b390000, 0x00007fbb17140000)
 tenured generation   total 3884828K, used 3882583K [0x00007fc001b50000, 0x00007fc0eed17000, 0x00007fcaac600000)
   the space 3884828K,  99% used [0x00007fc001b50000, 0x00007fc0eeae5ea8, 0x00007fc0eeae6000, 0x00007fc0eed17000)
 Metaspace       used 24338K, capacity 24767K, committed 24832K, reserved 26624K
}
Event: 8342.897 GC heap before
{Heap before GC invocations=10248 (full 3):
 def new generation   total 1748224K, used 1568632K [0x00007fbaac600000, 0x00007fbb22ef0000, 0x00007fc001b50000)
  eden space 1553984K, 100% used [0x00007fbaac600000, 0x00007fbb0b390000, 0x00007fbb0b390000)
  from space 194240K,   7% used [0x00007fbb17140000, 0x00007fbb17f8e028, 0x00007fbb22ef0000)
  to   space 194240K,   0% used [0x00007fbb0b390000, 0x00007fbb0b390000, 0x00007fbb17140000)
 tenured generation   total 3884828K, used 3882583K [0x00007fc001b50000, 0x00007fc0eed17000, 0x00007fcaac600000)
   the space 3884828K,  99% used [0x00007fc001b50000, 0x00007fc0eeae5ea8, 0x00007fc0eeae6000, 0x00007fc0eed17000)
 Metaspace       used 24338K, capacity 24767K, committed 24832K, reserved 26624K
}
Event: 8342.927 GC heap after
{Heap after GC invocations=10249 (full 3):
 def new generation   total 1748224K, used 14982K [0x00007fbaac600000, 0x00007fbb22ef0000, 0x00007fc001b50000)
  eden space 1553984K,   0% used [0x00007fbaac600000, 0x00007fbaac600000, 0x00007fbb0b390000)
  from space 194240K,   7% used [0x00007fbb0b390000, 0x00007fbb0c2319c0, 0x00007fbb17140000)
  to   space 194240K,   0% used [0x00007fbb17140000, 0x00007fbb17140000, 0x00007fbb22ef0000)
 tenured generation   total 3884828K, used 3883308K [0x00007fc001b50000, 0x00007fc0eed17000, 0x00007fcaac600000)
   the space 3884828K,  99% used [0x00007fc001b50000, 0x00007fc0eeb9b368, 0x00007fc0eeb9b400, 0x00007fc0eed17000)
 Metaspace       used 24338K, capacity 24767K, committed 24832K, reserved 26624K
}
Event: 8344.377 GC heap before
{Heap before GC invocations=10249 (full 3):
 def new generation   total 1748224K, used 1568966K [0x00007fbaac600000, 0x00007fbb22ef0000, 0x00007fc001b50000)
  eden space 1553984K, 100% used [0x00007fbaac600000, 0x00007fbb0b390000, 0x00007fbb0b390000)
  from space 194240K,   7% used [0x00007fbb0b390000, 0x00007fbb0c2319c0, 0x00007fbb17140000)
  to   space 194240K,   0% used [0x00007fbb17140000, 0x00007fbb17140000, 0x00007fbb22ef0000)
 tenured generation   total 3884828K, used 3883308K [0x00007fc001b50000, 0x00007fc0eed17000, 0x00007fcaac600000)
   the space 3884828K,  99% used [0x00007fc001b50000, 0x00007fc0eeb9b368, 0x00007fc0eeb9b400, 0x00007fc0eed17000)
 Metaspace       used 24338K, capacity 24767K, committed 24832K, reserved 26624K
}
Event: 8344.406 GC heap after
{Heap after GC invocations=10250 (full 3):
 def new generation   total 1748224K, used 15199K [0x00007fbaac600000, 0x00007fbb22ef0000, 0x00007fc001b50000)
  eden space 1553984K,   0% used [0x00007fbaac600000, 0x00007fbaac600000, 0x00007fbb0b390000)
  from space 194240K,   7% used [0x00007fbb17140000, 0x00007fbb18017d50, 0x00007fbb22ef0000)
  to   space 194240K,   0% used [0x00007fbb0b390000, 0x00007fbb0b390000, 0x00007fbb17140000)
 tenured generation   total 3884828K, used 3884034K [0x00007fc001b50000, 0x00007fc0eed17000, 0x00007fcaac600000)
   the space 3884828K,  99% used [0x00007fc001b50000, 0x00007fc0eec50a28, 0x00007fc0eec50c00, 0x00007fc0eed17000)
 Metaspace       used 24338K, capacity 24767K, committed 24832K, reserved 26624K
}
Event: 8345.940 GC heap before
{Heap before GC invocations=10250 (full 3):
 def new generation   total 1748224K, used 1569183K [0x00007fbaac600000, 0x00007fbb22ef0000, 0x00007fc001b50000)
  eden space 1553984K, 100% used [0x00007fbaac600000, 0x00007fbb0b390000, 0x00007fbb0b390000)
  from space 194240K,   7% used [0x00007fbb17140000, 0x00007fbb18017d50, 0x00007fbb22ef0000)
  to   space 194240K,   0% used [0x00007fbb0b390000, 0x00007fbb0b390000, 0x00007fbb17140000)
 tenured generation   total 3884828K, used 3884034K [0x00007fc001b50000, 0x00007fc0eed17000, 0x00007fcaac600000)
   the space 3884828K,  99% used [0x00007fc001b50000, 0x00007fc0eec50a28, 0x00007fc0eec50c00, 0x00007fc0eed17000)
 Metaspace       used 24338K, capacity 24767K, committed 24832K, reserved 26624K
}
Event: 8345.969 GC heap after
{Heap after GC invocations=10251 (full 3):
 def new generation   total 1748224K, used 15115K [0x00007fbaac600000, 0x00007fbb22ef0000, 0x00007fc001b50000)
  eden space 1553984K,   0% used [0x00007fbaac600000, 0x00007fbaac600000, 0x00007fbb0b390000)
  from space 194240K,   7% used [0x00007fbb0b390000, 0x00007fbb0c252d80, 0x00007fbb17140000)
  to   space 194240K,   0% used [0x00007fbb17140000, 0x00007fbb17140000, 0x00007fbb22ef0000)
 tenured generation   total 3885212K, used 3885030K [0x00007fc001b50000, 0x00007fc0eed77000, 0x00007fcaac600000)
   the space 3885212K,  99% used [0x00007fc001b50000, 0x00007fc0eed49880, 0x00007fc0eed49a00, 0x00007fc0eed77000)
 Metaspace       used 24338K, capacity 24767K, committed 24832K, reserved 26624K
}
Event: 8345.969 GC heap before
{Heap before GC invocations=10251 (full 3):
 def new generation   total 1748224K, used 15115K [0x00007fbaac600000, 0x00007fbb22ef0000, 0x00007fc001b50000)
  eden space 1553984K,   0% used [0x00007fbaac600000, 0x00007fbaac600000, 0x00007fbb0b390000)
  from space 194240K,   7% used [0x00007fbb0b390000, 0x00007fbb0c252d80, 0x00007fbb17140000)
  to   space 194240K,   0% used [0x00007fbb17140000, 0x00007fbb17140000, 0x00007fbb22ef0000)
 tenured generation   total 3885212K, used 3885030K [0x00007fc001b50000, 0x00007fc0eed77000, 0x00007fcaac600000)
   the space 3885212K,  99% used [0x00007fc001b50000, 0x00007fc0eed49880, 0x00007fc0eed49a00, 0x00007fc0eed77000)
 Metaspace       used 24338K, capacity 24767K, committed 24832K, reserved 26624K
}

