# JRE version: OpenJDK Runtime Environment (13.0.7+5) (build 13.0.7+5-Ubuntu-0ubuntu120.04)
# Java VM: OpenJDK 64-Bit Server VM (13.0.7+5-Ubuntu-0ubuntu120.04, mixed mode, tiered, serial gc, linux-amd64)
Heap:
 def new generation   total 10628352K, used 1180729K [0x00007fc7ec600000, 0x00007fcabd270000, 0x00007fcd41b50000)
  eden space 9447488K,  12% used [0x00007fc7ec600000, 0x00007fc83470e440, 0x00007fca2d010000)
  from space 1180864K,   0% used [0x00007fca2d010000, 0x00007fca2d010000, 0x00007fca75140000)
  to   space 1180864K,   0% used [0x00007fca75140000, 0x00007fca75140000, 0x00007fcabd270000)
 tenured generation   total 31885072K, used 31885070K [0x00007fcd41b50000, 0x00007fd4dbd14000, 0x00007fd7ec600000)
   the space 31885072K,  99% used [0x00007fcd41b50000, 0x00007fd4dbd13800, 0x00007fd4dbd13800, 0x00007fd4dbd14000)
 Metaspace       used 30739K, capacity 31199K, committed 31488K, reserved 32768K
GC Heap History (20 events):
Event: 330.843 GC heap after
{Heap after GC invocations=42 (full 6):
 def new generation   total 4962624K, used 551359K [0x00007fc7ec600000, 0x00007fc93cec0000, 0x00007fcd41b50000)
  eden space 4411264K,   0% used [0x00007fc7ec600000, 0x00007fc7ec600000, 0x00007fc8f99e0000)
  from space 551360K,  99% used [0x00007fc8f99e0000, 0x00007fc91b44fff0, 0x00007fc91b450000)
  to   space 551360K,   0% used [0x00007fc91b450000, 0x00007fc91b450000, 0x00007fc93cec0000)
 tenured generation   total 11027872K, used 10003551K [0x00007fcd41b50000, 0x00007fcfe2cb8000, 0x00007fd7ec600000)
   the space 11027872K,  90% used [0x00007fcd41b50000, 0x00007fcfa4467e80, 0x00007fcfa4468000, 0x00007fcfe2cb8000)
 Metaspace       used 30738K, capacity 31135K, committed 31488K, reserved 32768K
}
Event: 403.572 GC heap before
{Heap before GC invocations=42 (full 6):
 def new generation   total 4962624K, used 4962623K [0x00007fc7ec600000, 0x00007fc93cec0000, 0x00007fcd41b50000)
  eden space 4411264K, 100% used [0x00007fc7ec600000, 0x00007fc8f99e0000, 0x00007fc8f99e0000)
  from space 551360K,  99% used [0x00007fc8f99e0000, 0x00007fc91b44fff0, 0x00007fc91b450000)
  to   space 551360K,   0% used [0x00007fc91b450000, 0x00007fc91b450000, 0x00007fc93cec0000)
 tenured generation   total 11027872K, used 10003551K [0x00007fcd41b50000, 0x00007fcfe2cb8000, 0x00007fd7ec600000)
   the space 11027872K,  90% used [0x00007fcd41b50000, 0x00007fcfa4467e80, 0x00007fcfa4468000, 0x00007fcfe2cb8000)
 Metaspace       used 30738K, capacity 31135K, committed 31488K, reserved 32768K
}
Event: 405.497 GC heap after
{Heap after GC invocations=43 (full 6):
 def new generation   total 4962624K, used 551359K [0x00007fc7ec600000, 0x00007fc93cec0000, 0x00007fcd41b50000)
  eden space 4411264K,   0% used [0x00007fc7ec600000, 0x00007fc7ec600000, 0x00007fc8f99e0000)
  from space 551360K,  99% used [0x00007fc91b450000, 0x00007fc93cebfff0, 0x00007fc93cec0000)
  to   space 551360K,   0% used [0x00007fc8f99e0000, 0x00007fc8f99e0000, 0x00007fc91b450000)
 tenured generation   total 11027872K, used 10932232K [0x00007fcd41b50000, 0x00007fcfe2cb8000, 0x00007fd7ec600000)
   the space 11027872K,  99% used [0x00007fcd41b50000, 0x00007fcfdcf52280, 0x00007fcfdcf52400, 0x00007fcfe2cb8000)
 Metaspace       used 30738K, capacity 31135K, committed 31488K, reserved 32768K
}
Event: 450.449 GC heap before
{Heap before GC invocations=43 (full 6):
 def new generation   total 4962624K, used 4962623K [0x00007fc7ec600000, 0x00007fc93cec0000, 0x00007fcd41b50000)
  eden space 4411264K, 100% used [0x00007fc7ec600000, 0x00007fc8f99e0000, 0x00007fc8f99e0000)
  from space 551360K,  99% used [0x00007fc91b450000, 0x00007fc93cebfff0, 0x00007fc93cec0000)
  to   space 551360K,   0% used [0x00007fc8f99e0000, 0x00007fc8f99e0000, 0x00007fc91b450000)
 tenured generation   total 11027872K, used 10932232K [0x00007fcd41b50000, 0x00007fcfe2cb8000, 0x00007fd7ec600000)
   the space 11027872K,  99% used [0x00007fcd41b50000, 0x00007fcfdcf52280, 0x00007fcfdcf52400, 0x00007fcfe2cb8000)
 Metaspace       used 30738K, capacity 31135K, committed 31488K, reserved 32768K
}
Event: 454.076 GC heap after
{Heap after GC invocations=44 (full 6):
 def new generation   total 4962624K, used 551359K [0x00007fc7ec600000, 0x00007fc93cec0000, 0x00007fcd41b50000)
  eden space 4411264K,   0% used [0x00007fc7ec600000, 0x00007fc7ec600000, 0x00007fc8f99e0000)
  from space 551360K,  99% used [0x00007fc8f99e0000, 0x00007fc91b44fff0, 0x00007fc91b450000)
  to   space 551360K,   0% used [0x00007fc91b450000, 0x00007fc91b450000, 0x00007fc93cec0000)
 tenured generation   total 13352416K, used 13352313K [0x00007fcd41b50000, 0x00007fd070ac8000, 0x00007fd7ec600000)
   the space 13352416K,  99% used [0x00007fcd41b50000, 0x00007fd070aae6c8, 0x00007fd070aae800, 0x00007fd070ac8000)
 Metaspace       used 30738K, capacity 31135K, committed 31488K, reserved 32768K
}
Event: 454.076 GC heap before
{Heap before GC invocations=44 (full 6):
 def new generation   total 4962624K, used 551359K [0x00007fc7ec600000, 0x00007fc93cec0000, 0x00007fcd41b50000)
  eden space 4411264K,   0% used [0x00007fc7ec600000, 0x00007fc7ec600000, 0x00007fc8f99e0000)
  from space 551360K,  99% used [0x00007fc8f99e0000, 0x00007fc91b44fff0, 0x00007fc91b450000)
  to   space 551360K,   0% used [0x00007fc91b450000, 0x00007fc91b450000, 0x00007fc93cec0000)
 tenured generation   total 13352416K, used 13352313K [0x00007fcd41b50000, 0x00007fd070ac8000, 0x00007fd7ec600000)
   the space 13352416K,  99% used [0x00007fcd41b50000, 0x00007fd070aae6c8, 0x00007fd070aae800, 0x00007fd070ac8000)
 Metaspace       used 30738K, capacity 31135K, committed 31488K, reserved 32768K
}
Event: 469.847 GC heap after
{Heap after GC invocations=44 (full 7):
 def new generation   total 6549376K, used 0K [0x00007fc7ec600000, 0x00007fc9a8880000, 0x00007fcd41b50000)
  eden space 5821696K,   0% used [0x00007fc7ec600000, 0x00007fc7ec600000, 0x00007fc94fb40000)
  from space 727680K,   0% used [0x00007fc94fb40000, 0x00007fc94fb40000, 0x00007fc97c1e0000)
  to   space 727680K,   0% used [0x00007fc97c1e0000, 0x00007fc97c1e0000, 0x00007fc9a8880000)
 tenured generation   total 14554100K, used 8732459K [0x00007fcd41b50000, 0x00007fd0ba04d000, 0x00007fd7ec600000)
   the space 14554100K,  59% used [0x00007fcd41b50000, 0x00007fcf56b1ad80, 0x00007fcf56b1ae00, 0x00007fd0ba04d000)
 Metaspace       used 30738K, capacity 31135K, committed 31488K, reserved 32768K
}
Event: 474.043 GC heap before
{Heap before GC invocations=44 (full 7):
 def new generation   total 6549376K, used 5821696K [0x00007fc7ec600000, 0x00007fc9a8880000, 0x00007fcd41b50000)
  eden space 5821696K, 100% used [0x00007fc7ec600000, 0x00007fc94fb40000, 0x00007fc94fb40000)
  from space 727680K,   0% used [0x00007fc94fb40000, 0x00007fc94fb40000, 0x00007fc97c1e0000)
  to   space 727680K,   0% used [0x00007fc97c1e0000, 0x00007fc97c1e0000, 0x00007fc9a8880000)
 tenured generation   total 14554100K, used 8732459K [0x00007fcd41b50000, 0x00007fd0ba04d000, 0x00007fd7ec600000)
   the space 14554100K,  59% used [0x00007fcd41b50000, 0x00007fcf56b1ad80, 0x00007fcf56b1ae00, 0x00007fd0ba04d000)
 Metaspace       used 30738K, capacity 31135K, committed 31488K, reserved 32768K
}
Event: 478.214 GC heap after
{Heap after GC invocations=45 (full 7):
 def new generation   total 6549376K, used 727680K [0x00007fc7ec600000, 0x00007fc9a8880000, 0x00007fcd41b50000)
  eden space 5821696K,   0% used [0x00007fc7ec600000, 0x00007fc7ec600000, 0x00007fc94fb40000)
  from space 727680K, 100% used [0x00007fc97c1e0000, 0x00007fc9a8880000, 0x00007fc9a8880000)
  to   space 727680K,   0% used [0x00007fc94fb40000, 0x00007fc94fb40000, 0x00007fc97c1e0000)
 tenured generation   total 14554100K, used 12073617K [0x00007fcd41b50000, 0x00007fd0ba04d000, 0x00007fd7ec600000)
   the space 14554100K,  82% used [0x00007fcd41b50000, 0x00007fd0229f45a0, 0x00007fd0229f4600, 0x00007fd0ba04d000)
 Metaspace       used 30738K, capacity 31135K, committed 31488K, reserved 32768K
}
Event: 481.317 GC heap before
{Heap before GC invocations=45 (full 7):
 def new generation   total 6549376K, used 6549376K [0x00007fc7ec600000, 0x00007fc9a8880000, 0x00007fcd41b50000)
  eden space 5821696K, 100% used [0x00007fc7ec600000, 0x00007fc94fb40000, 0x00007fc94fb40000)
  from space 727680K, 100% used [0x00007fc97c1e0000, 0x00007fc9a8880000, 0x00007fc9a8880000)
  to   space 727680K,   0% used [0x00007fc94fb40000, 0x00007fc94fb40000, 0x00007fc97c1e0000)
 tenured generation   total 14554100K, used 12073617K [0x00007fcd41b50000, 0x00007fd0ba04d000, 0x00007fd7ec600000)
   the space 14554100K,  82% used [0x00007fcd41b50000, 0x00007fd0229f45a0, 0x00007fd0229f4600, 0x00007fd0ba04d000)
 Metaspace       used 30739K, capacity 31199K, committed 31488K, reserved 32768K
}
Event: 484.934 GC heap after
{Heap after GC invocations=46 (full 7):
 def new generation   total 6549376K, used 727679K [0x00007fc7ec600000, 0x00007fc9a8880000, 0x00007fcd41b50000)
  eden space 5821696K,   0% used [0x00007fc7ec600000, 0x00007fc7ec600000, 0x00007fc94fb40000)
  from space 727680K,  99% used [0x00007fc94fb40000, 0x00007fc97c1dfff0, 0x00007fc97c1e0000)
  to   space 727680K,   0% used [0x00007fc97c1e0000, 0x00007fc97c1e0000, 0x00007fc9a8880000)
 tenured generation   total 14554100K, used 14204865K [0x00007fcd41b50000, 0x00007fd0ba04d000, 0x00007fd7ec600000)
   the space 14554100K,  97% used [0x00007fcd41b50000, 0x00007fd0a4b40430, 0x00007fd0a4b40600, 0x00007fd0ba04d000)
 Metaspace       used 30739K, capacity 31199K, committed 31488K, reserved 32768K
}
Event: 485.614 GC heap before
{Heap before GC invocations=46 (full 7):
 def new generation   total 6549376K, used 6549375K [0x00007fc7ec600000, 0x00007fc9a8880000, 0x00007fcd41b50000)
  eden space 5821696K, 100% used [0x00007fc7ec600000, 0x00007fc94fb40000, 0x00007fc94fb40000)
  from space 727680K,  99% used [0x00007fc94fb40000, 0x00007fc97c1dfff0, 0x00007fc97c1e0000)
  to   space 727680K,   0% used [0x00007fc97c1e0000, 0x00007fc97c1e0000, 0x00007fc9a8880000)
 tenured generation   total 14554100K, used 14204865K [0x00007fcd41b50000, 0x00007fd0ba04d000, 0x00007fd7ec600000)
   the space 14554100K,  97% used [0x00007fcd41b50000, 0x00007fd0a4b40430, 0x00007fd0a4b40600, 0x00007fd0ba04d000)
 Metaspace       used 30739K, capacity 31199K, committed 31488K, reserved 32768K
}
Event: 488.556 GC heap after
{Heap after GC invocations=47 (full 7):
 def new generation   total 6549376K, used 727679K [0x00007fc7ec600000, 0x00007fc9a8880000, 0x00007fcd41b50000)
  eden space 5821696K,   0% used [0x00007fc7ec600000, 0x00007fc7ec600000, 0x00007fc94fb40000)
  from space 727680K,  99% used [0x00007fc97c1e0000, 0x00007fc9a887fc40, 0x00007fc9a8880000)
  to   space 727680K,   0% used [0x00007fc94fb40000, 0x00007fc94fb40000, 0x00007fc97c1e0000)
 tenured generation   total 20026484K, used 20026434K [0x00007fcd41b50000, 0x00007fd20806d000, 0x00007fd7ec600000)
   the space 20026484K,  99% used [0x00007fcd41b50000, 0x00007fd208060a40, 0x00007fd208060c00, 0x00007fd20806d000)
 Metaspace       used 30739K, capacity 31199K, committed 31488K, reserved 32768K
}
Event: 488.556 GC heap before
{Heap before GC invocations=47 (full 7):
 def new generation   total 6549376K, used 727679K [0x00007fc7ec600000, 0x00007fc9a8880000, 0x00007fcd41b50000)
  eden space 5821696K,   0% used [0x00007fc7ec600000, 0x00007fc7ec600000, 0x00007fc94fb40000)
  from space 727680K,  99% used [0x00007fc97c1e0000, 0x00007fc9a887fc40, 0x00007fc9a8880000)
  to   space 727680K,   0% used [0x00007fc94fb40000, 0x00007fc94fb40000, 0x00007fc97c1e0000)
 tenured generation   total 20026484K, used 20026434K [0x00007fcd41b50000, 0x00007fd20806d000, 0x00007fd7ec600000)
   the space 20026484K,  99% used [0x00007fcd41b50000, 0x00007fd208060a40, 0x00007fd208060c00, 0x00007fd20806d000)
 Metaspace       used 30739K, capacity 31199K, committed 31488K, reserved 32768K
}
Event: 502.272 GC heap after
{Heap after GC invocations=47 (full 8):
 def new generation   total 10628352K, used 0K [0x00007fc7ec600000, 0x00007fcabd270000, 0x00007fcd41b50000)
  eden space 9447488K,   0% used [0x00007fc7ec600000, 0x00007fc7ec600000, 0x00007fca2d010000)
  from space 1180864K,   0% used [0x00007fca2d010000, 0x00007fca2d010000, 0x00007fca75140000)
  to   space 1180864K,   0% used [0x00007fca75140000, 0x00007fca75140000, 0x00007fcabd270000)
 tenured generation   total 23618320K, used 14170989K [0x00007fcd41b50000, 0x00007fd2e3414000, 0x00007fd7ec600000)
   the space 23618320K,  59% used [0x00007fcd41b50000, 0x00007fd0a2a2b6c0, 0x00007fd0a2a2b800, 0x00007fd2e3414000)
 Metaspace       used 30739K, capacity 31199K, committed 31488K, reserved 32768K
}
Event: 503.914 GC heap before
{Heap before GC invocations=47 (full 8):
 def new generation   total 10628352K, used 9447488K [0x00007fc7ec600000, 0x00007fcabd270000, 0x00007fcd41b50000)
  eden space 9447488K, 100% used [0x00007fc7ec600000, 0x00007fca2d010000, 0x00007fca2d010000)
  from space 1180864K,   0% used [0x00007fca2d010000, 0x00007fca2d010000, 0x00007fca75140000)
  to   space 1180864K,   0% used [0x00007fca75140000, 0x00007fca75140000, 0x00007fcabd270000)
 tenured generation   total 23618320K, used 14170989K [0x00007fcd41b50000, 0x00007fd2e3414000, 0x00007fd7ec600000)
   the space 23618320K,  59% used [0x00007fcd41b50000, 0x00007fd0a2a2b6c0, 0x00007fd0a2a2b800, 0x00007fd2e3414000)
 Metaspace       used 30739K, capacity 31199K, committed 31488K, reserved 32768K
}
Event: 507.694 GC heap after
{Heap after GC invocations=48 (full 8):
 def new generation   total 10628352K, used 1180863K [0x00007fc7ec600000, 0x00007fcabd270000, 0x00007fcd41b50000)
  eden space 9447488K,   0% used [0x00007fc7ec600000, 0x00007fc7ec600000, 0x00007fca2d010000)
  from space 1180864K,  99% used [0x00007fca75140000, 0x00007fcabd26fc80, 0x00007fcabd270000)
  to   space 1180864K,   0% used [0x00007fca2d010000, 0x00007fca2d010000, 0x00007fca75140000)
 tenured generation   total 23618320K, used 22437553K [0x00007fcd41b50000, 0x00007fd2e3414000, 0x00007fd7ec600000)
   the space 23618320K,  95% used [0x00007fcd41b50000, 0x00007fd29b2fc660, 0x00007fd29b2fc800, 0x00007fd2e3414000)
 Metaspace       used 30739K, capacity 31199K, committed 31488K, reserved 32768K
}
Event: 509.070 GC heap before
{Heap before GC invocations=48 (full 8):
 def new generation   total 10628352K, used 10628351K [0x00007fc7ec600000, 0x00007fcabd270000, 0x00007fcd41b50000)
  eden space 9447488K, 100% used [0x00007fc7ec600000, 0x00007fca2d010000, 0x00007fca2d010000)
  from space 1180864K,  99% used [0x00007fca75140000, 0x00007fcabd26fc80, 0x00007fcabd270000)
  to   space 1180864K,   0% used [0x00007fca2d010000, 0x00007fca2d010000, 0x00007fca75140000)
 tenured generation   total 23618320K, used 22437553K [0x00007fcd41b50000, 0x00007fd2e3414000, 0x00007fd7ec600000)
   the space 23618320K,  95% used [0x00007fcd41b50000, 0x00007fd29b2fc660, 0x00007fd29b2fc800, 0x00007fd2e3414000)
 Metaspace       used 30739K, capacity 31199K, committed 31488K, reserved 32768K
}
Event: 513.941 GC heap after
{Heap after GC invocations=49 (full 8):
 def new generation   total 10628352K, used 1180863K [0x00007fc7ec600000, 0x00007fcabd270000, 0x00007fcd41b50000)
  eden space 9447488K,   0% used [0x00007fc7ec600000, 0x00007fc7ec600000, 0x00007fca2d010000)
  from space 1180864K,  99% used [0x00007fca2d010000, 0x00007fca7513fc80, 0x00007fca75140000)
  to   space 1180864K,   0% used [0x00007fca75140000, 0x00007fca75140000, 0x00007fcabd270000)
 tenured generation   total 31885072K, used 31884935K [0x00007fcd41b50000, 0x00007fd4dbd14000, 0x00007fd7ec600000)
   the space 31885072K,  99% used [0x00007fcd41b50000, 0x00007fd4dbcf1fc0, 0x00007fd4dbcf2000, 0x00007fd4dbd14000)
 Metaspace       used 30739K, capacity 31199K, committed 31488K, reserved 32768K
}
Event: 513.941 GC heap before
{Heap before GC invocations=49 (full 8):
 def new generation   total 10628352K, used 1180863K [0x00007fc7ec600000, 0x00007fcabd270000, 0x00007fcd41b50000)
  eden space 9447488K,   0% used [0x00007fc7ec600000, 0x00007fc7ec600000, 0x00007fca2d010000)
  from space 1180864K,  99% used [0x00007fca2d010000, 0x00007fca7513fc80, 0x00007fca75140000)
  to   space 1180864K,   0% used [0x00007fca75140000, 0x00007fca75140000, 0x00007fcabd270000)
 tenured generation   total 31885072K, used 31884935K [0x00007fcd41b50000, 0x00007fd4dbd14000, 0x00007fd7ec600000)
   the space 31885072K,  99% used [0x00007fcd41b50000, 0x00007fd4dbcf1fc0, 0x00007fd4dbcf2000, 0x00007fd4dbd14000)
 Metaspace       used 30739K, capacity 31199K, committed 31488K, reserved 32768K
}

