# JRE version: OpenJDK Runtime Environment (13.0.7+5) (build 13.0.7+5-Ubuntu-0ubuntu120.04)
# Java VM: OpenJDK 64-Bit Server VM (13.0.7+5-Ubuntu-0ubuntu120.04, mixed mode, tiered, serial gc, linux-amd64)
Heap:
 def new generation   total 4858368K, used 59988K [0x00007f6648600000, 0x00007f6791da0000, 0x00007f6b9db50000)
  eden space 4318592K,   1% used [0x00007f6648600000, 0x00007f664c095248, 0x00007f674ff60000)
  from space 539776K,   0% used [0x00007f674ff60000, 0x00007f674ff60000, 0x00007f6770e80000)
  to   space 539776K,   0% used [0x00007f6770e80000, 0x00007f6770e80000, 0x00007f6791da0000)
 tenured generation   total 10800060K, used 10800059K [0x00007f6b9db50000, 0x00007f6e30e3f000, 0x00007f7648600000)
   the space 10800060K,  99% used [0x00007f6b9db50000, 0x00007f6e30e3eff8, 0x00007f6e30e3f000, 0x00007f6e30e3f000)
 Metaspace       used 24359K, capacity 24834K, committed 25088K, reserved 26624K
GC Heap History (20 events):
Event: 9245.987 GC heap after
{Heap after GC invocations=7239 (full 5):
 def new generation   total 4858368K, used 53826K [0x00007f6648600000, 0x00007f6791da0000, 0x00007f6b9db50000)
  eden space 4318592K,   0% used [0x00007f6648600000, 0x00007f6648600000, 0x00007f674ff60000)
  from space 539776K,   9% used [0x00007f6770e80000, 0x00007f6774310be8, 0x00007f6791da0000)
  to   space 539776K,   0% used [0x00007f674ff60000, 0x00007f674ff60000, 0x00007f6770e80000)
 tenured generation   total 10796220K, used 10767007K [0x00007f6b9db50000, 0x00007f6e30a7f000, 0x00007f7648600000)
   the space 10796220K,  99% used [0x00007f6b9db50000, 0x00007f6e2edf7f88, 0x00007f6e2edf8000, 0x00007f6e30a7f000)
 Metaspace       used 24359K, capacity 24834K, committed 25088K, reserved 26624K
}
Event: 9248.881 GC heap before
{Heap before GC invocations=7239 (full 5):
 def new generation   total 4858368K, used 4372418K [0x00007f6648600000, 0x00007f6791da0000, 0x00007f6b9db50000)
  eden space 4318592K, 100% used [0x00007f6648600000, 0x00007f674ff60000, 0x00007f674ff60000)
  from space 539776K,   9% used [0x00007f6770e80000, 0x00007f6774310be8, 0x00007f6791da0000)
  to   space 539776K,   0% used [0x00007f674ff60000, 0x00007f674ff60000, 0x00007f6770e80000)
 tenured generation   total 10796220K, used 10767007K [0x00007f6b9db50000, 0x00007f6e30a7f000, 0x00007f7648600000)
   the space 10796220K,  99% used [0x00007f6b9db50000, 0x00007f6e2edf7f88, 0x00007f6e2edf8000, 0x00007f6e30a7f000)
 Metaspace       used 24359K, capacity 24834K, committed 25088K, reserved 26624K
}
Event: 9248.991 GC heap after
{Heap after GC invocations=7240 (full 5):
 def new generation   total 4858368K, used 55859K [0x00007f6648600000, 0x00007f6791da0000, 0x00007f6b9db50000)
  eden space 4318592K,   0% used [0x00007f6648600000, 0x00007f6648600000, 0x00007f674ff60000)
  from space 539776K,  10% used [0x00007f674ff60000, 0x00007f67535ecf28, 0x00007f6770e80000)
  to   space 539776K,   0% used [0x00007f6770e80000, 0x00007f6770e80000, 0x00007f6791da0000)
 tenured generation   total 10796220K, used 10769744K [0x00007f6b9db50000, 0x00007f6e30a7f000, 0x00007f7648600000)
   the space 10796220K,  99% used [0x00007f6b9db50000, 0x00007f6e2f0a41f8, 0x00007f6e2f0a4200, 0x00007f6e30a7f000)
 Metaspace       used 24359K, capacity 24834K, committed 25088K, reserved 26624K
}
Event: 9251.919 GC heap before
{Heap before GC invocations=7240 (full 5):
 def new generation   total 4858368K, used 4374451K [0x00007f6648600000, 0x00007f6791da0000, 0x00007f6b9db50000)
  eden space 4318592K, 100% used [0x00007f6648600000, 0x00007f674ff60000, 0x00007f674ff60000)
  from space 539776K,  10% used [0x00007f674ff60000, 0x00007f67535ecf28, 0x00007f6770e80000)
  to   space 539776K,   0% used [0x00007f6770e80000, 0x00007f6770e80000, 0x00007f6791da0000)
 tenured generation   total 10796220K, used 10769744K [0x00007f6b9db50000, 0x00007f6e30a7f000, 0x00007f7648600000)
   the space 10796220K,  99% used [0x00007f6b9db50000, 0x00007f6e2f0a41f8, 0x00007f6e2f0a4200, 0x00007f6e30a7f000)
 Metaspace       used 24359K, capacity 24834K, committed 25088K, reserved 26624K
}
Event: 9252.001 GC heap after
{Heap after GC invocations=7241 (full 5):
 def new generation   total 4858368K, used 56241K [0x00007f6648600000, 0x00007f6791da0000, 0x00007f6b9db50000)
  eden space 4318592K,   0% used [0x00007f6648600000, 0x00007f6648600000, 0x00007f674ff60000)
  from space 539776K,  10% used [0x00007f6770e80000, 0x00007f677456c6c8, 0x00007f6791da0000)
  to   space 539776K,   0% used [0x00007f674ff60000, 0x00007f674ff60000, 0x00007f6770e80000)
 tenured generation   total 10796220K, used 10772528K [0x00007f6b9db50000, 0x00007f6e30a7f000, 0x00007f7648600000)
   the space 10796220K,  99% used [0x00007f6b9db50000, 0x00007f6e2f35c1a8, 0x00007f6e2f35c200, 0x00007f6e30a7f000)
 Metaspace       used 24359K, capacity 24834K, committed 25088K, reserved 26624K
}
Event: 9254.429 GC heap before
{Heap before GC invocations=7241 (full 5):
 def new generation   total 4858368K, used 4374833K [0x00007f6648600000, 0x00007f6791da0000, 0x00007f6b9db50000)
  eden space 4318592K, 100% used [0x00007f6648600000, 0x00007f674ff60000, 0x00007f674ff60000)
  from space 539776K,  10% used [0x00007f6770e80000, 0x00007f677456c6c8, 0x00007f6791da0000)
  to   space 539776K,   0% used [0x00007f674ff60000, 0x00007f674ff60000, 0x00007f6770e80000)
 tenured generation   total 10796220K, used 10772528K [0x00007f6b9db50000, 0x00007f6e30a7f000, 0x00007f7648600000)
   the space 10796220K,  99% used [0x00007f6b9db50000, 0x00007f6e2f35c1a8, 0x00007f6e2f35c200, 0x00007f6e30a7f000)
 Metaspace       used 24359K, capacity 24834K, committed 25088K, reserved 26624K
}
Event: 9254.536 GC heap after
{Heap after GC invocations=7242 (full 5):
 def new generation   total 4858368K, used 54433K [0x00007f6648600000, 0x00007f6791da0000, 0x00007f6b9db50000)
  eden space 4318592K,   0% used [0x00007f6648600000, 0x00007f6648600000, 0x00007f674ff60000)
  from space 539776K,  10% used [0x00007f674ff60000, 0x00007f67534885d0, 0x00007f6770e80000)
  to   space 539776K,   0% used [0x00007f6770e80000, 0x00007f6770e80000, 0x00007f6791da0000)
 tenured generation   total 10796220K, used 10778142K [0x00007f6b9db50000, 0x00007f6e30a7f000, 0x00007f7648600000)
   the space 10796220K,  99% used [0x00007f6b9db50000, 0x00007f6e2f8d7aa8, 0x00007f6e2f8d7c00, 0x00007f6e30a7f000)
 Metaspace       used 24359K, capacity 24834K, committed 25088K, reserved 26624K
}
Event: 9257.096 GC heap before
{Heap before GC invocations=7242 (full 5):
 def new generation   total 4858368K, used 4373025K [0x00007f6648600000, 0x00007f6791da0000, 0x00007f6b9db50000)
  eden space 4318592K, 100% used [0x00007f6648600000, 0x00007f674ff60000, 0x00007f674ff60000)
  from space 539776K,  10% used [0x00007f674ff60000, 0x00007f67534885d0, 0x00007f6770e80000)
  to   space 539776K,   0% used [0x00007f6770e80000, 0x00007f6770e80000, 0x00007f6791da0000)
 tenured generation   total 10796220K, used 10778142K [0x00007f6b9db50000, 0x00007f6e30a7f000, 0x00007f7648600000)
   the space 10796220K,  99% used [0x00007f6b9db50000, 0x00007f6e2f8d7aa8, 0x00007f6e2f8d7c00, 0x00007f6e30a7f000)
 Metaspace       used 24359K, capacity 24834K, committed 25088K, reserved 26624K
}
Event: 9257.221 GC heap after
{Heap after GC invocations=7243 (full 5):
 def new generation   total 4858368K, used 57243K [0x00007f6648600000, 0x00007f6791da0000, 0x00007f6b9db50000)
  eden space 4318592K,   0% used [0x00007f6648600000, 0x00007f6648600000, 0x00007f674ff60000)
  from space 539776K,  10% used [0x00007f6770e80000, 0x00007f6774666c50, 0x00007f6791da0000)
  to   space 539776K,   0% used [0x00007f674ff60000, 0x00007f674ff60000, 0x00007f6770e80000)
 tenured generation   total 10796220K, used 10781255K [0x00007f6b9db50000, 0x00007f6e30a7f000, 0x00007f7648600000)
   the space 10796220K,  99% used [0x00007f6b9db50000, 0x00007f6e2fbe1d88, 0x00007f6e2fbe1e00, 0x00007f6e30a7f000)
 Metaspace       used 24359K, capacity 24834K, committed 25088K, reserved 26624K
}
Event: 9259.938 GC heap before
{Heap before GC invocations=7243 (full 5):
 def new generation   total 4858368K, used 4375835K [0x00007f6648600000, 0x00007f6791da0000, 0x00007f6b9db50000)
  eden space 4318592K, 100% used [0x00007f6648600000, 0x00007f674ff60000, 0x00007f674ff60000)
  from space 539776K,  10% used [0x00007f6770e80000, 0x00007f6774666c50, 0x00007f6791da0000)
  to   space 539776K,   0% used [0x00007f674ff60000, 0x00007f674ff60000, 0x00007f6770e80000)
 tenured generation   total 10796220K, used 10781255K [0x00007f6b9db50000, 0x00007f6e30a7f000, 0x00007f7648600000)
   the space 10796220K,  99% used [0x00007f6b9db50000, 0x00007f6e2fbe1d88, 0x00007f6e2fbe1e00, 0x00007f6e30a7f000)
 Metaspace       used 24359K, capacity 24834K, committed 25088K, reserved 26624K
}
Event: 9260.043 GC heap after
{Heap after GC invocations=7244 (full 5):
 def new generation   total 4858368K, used 56015K [0x00007f6648600000, 0x00007f6791da0000, 0x00007f6b9db50000)
  eden space 4318592K,   0% used [0x00007f6648600000, 0x00007f6648600000, 0x00007f674ff60000)
  from space 539776K,  10% used [0x00007f674ff60000, 0x00007f6753613c78, 0x00007f6770e80000)
  to   space 539776K,   0% used [0x00007f6770e80000, 0x00007f6770e80000, 0x00007f6791da0000)
 tenured generation   total 10796220K, used 10785213K [0x00007f6b9db50000, 0x00007f6e30a7f000, 0x00007f7648600000)
   the space 10796220K,  99% used [0x00007f6b9db50000, 0x00007f6e2ffbf6b8, 0x00007f6e2ffbf800, 0x00007f6e30a7f000)
 Metaspace       used 24359K, capacity 24834K, committed 25088K, reserved 26624K
}
Event: 9262.598 GC heap before
{Heap before GC invocations=7244 (full 5):
 def new generation   total 4858368K, used 4374607K [0x00007f6648600000, 0x00007f6791da0000, 0x00007f6b9db50000)
  eden space 4318592K, 100% used [0x00007f6648600000, 0x00007f674ff60000, 0x00007f674ff60000)
  from space 539776K,  10% used [0x00007f674ff60000, 0x00007f6753613c78, 0x00007f6770e80000)
  to   space 539776K,   0% used [0x00007f6770e80000, 0x00007f6770e80000, 0x00007f6791da0000)
 tenured generation   total 10796220K, used 10785213K [0x00007f6b9db50000, 0x00007f6e30a7f000, 0x00007f7648600000)
   the space 10796220K,  99% used [0x00007f6b9db50000, 0x00007f6e2ffbf6b8, 0x00007f6e2ffbf800, 0x00007f6e30a7f000)
 Metaspace       used 24359K, capacity 24834K, committed 25088K, reserved 26624K
}
Event: 9262.692 GC heap after
{Heap after GC invocations=7245 (full 5):
 def new generation   total 4858368K, used 54283K [0x00007f6648600000, 0x00007f6791da0000, 0x00007f6b9db50000)
  eden space 4318592K,   0% used [0x00007f6648600000, 0x00007f6648600000, 0x00007f674ff60000)
  from space 539776K,  10% used [0x00007f6770e80000, 0x00007f6774382ea8, 0x00007f6791da0000)
  to   space 539776K,   0% used [0x00007f674ff60000, 0x00007f674ff60000, 0x00007f6770e80000)
 tenured generation   total 10796220K, used 10790711K [0x00007f6b9db50000, 0x00007f6e30a7f000, 0x00007f7648600000)
   the space 10796220K,  99% used [0x00007f6b9db50000, 0x00007f6e3051dd10, 0x00007f6e3051de00, 0x00007f6e30a7f000)
 Metaspace       used 24359K, capacity 24834K, committed 25088K, reserved 26624K
}
Event: 9265.151 GC heap before
{Heap before GC invocations=7245 (full 5):
 def new generation   total 4858368K, used 4372875K [0x00007f6648600000, 0x00007f6791da0000, 0x00007f6b9db50000)
  eden space 4318592K, 100% used [0x00007f6648600000, 0x00007f674ff60000, 0x00007f674ff60000)
  from space 539776K,  10% used [0x00007f6770e80000, 0x00007f6774382ea8, 0x00007f6791da0000)
  to   space 539776K,   0% used [0x00007f674ff60000, 0x00007f674ff60000, 0x00007f6770e80000)
 tenured generation   total 10796220K, used 10790711K [0x00007f6b9db50000, 0x00007f6e30a7f000, 0x00007f7648600000)
   the space 10796220K,  99% used [0x00007f6b9db50000, 0x00007f6e3051dd10, 0x00007f6e3051de00, 0x00007f6e30a7f000)
 Metaspace       used 24359K, capacity 24834K, committed 25088K, reserved 26624K
}
Event: 9265.272 GC heap after
{Heap after GC invocations=7246 (full 5):
 def new generation   total 4858368K, used 57160K [0x00007f6648600000, 0x00007f6791da0000, 0x00007f6b9db50000)
  eden space 4318592K,   0% used [0x00007f6648600000, 0x00007f6648600000, 0x00007f674ff60000)
  from space 539776K,  10% used [0x00007f674ff60000, 0x00007f6753732370, 0x00007f6770e80000)
  to   space 539776K,   0% used [0x00007f6770e80000, 0x00007f6770e80000, 0x00007f6791da0000)
 tenured generation   total 10796220K, used 10793448K [0x00007f6b9db50000, 0x00007f6e30a7f000, 0x00007f7648600000)
   the space 10796220K,  99% used [0x00007f6b9db50000, 0x00007f6e307ca0a0, 0x00007f6e307ca200, 0x00007f6e30a7f000)
 Metaspace       used 24359K, capacity 24834K, committed 25088K, reserved 26624K
}
Event: 9267.875 GC heap before
{Heap before GC invocations=7246 (full 5):
 def new generation   total 4858368K, used 4375752K [0x00007f6648600000, 0x00007f6791da0000, 0x00007f6b9db50000)
  eden space 4318592K, 100% used [0x00007f6648600000, 0x00007f674ff60000, 0x00007f674ff60000)
  from space 539776K,  10% used [0x00007f674ff60000, 0x00007f6753732370, 0x00007f6770e80000)
  to   space 539776K,   0% used [0x00007f6770e80000, 0x00007f6770e80000, 0x00007f6791da0000)
 tenured generation   total 10796220K, used 10793448K [0x00007f6b9db50000, 0x00007f6e30a7f000, 0x00007f7648600000)
   the space 10796220K,  99% used [0x00007f6b9db50000, 0x00007f6e307ca0a0, 0x00007f6e307ca200, 0x00007f6e30a7f000)
 Metaspace       used 24359K, capacity 24834K, committed 25088K, reserved 26624K
}
Event: 9267.988 GC heap after
{Heap after GC invocations=7247 (full 5):
 def new generation   total 4858368K, used 57603K [0x00007f6648600000, 0x00007f6791da0000, 0x00007f6b9db50000)
  eden space 4318592K,   0% used [0x00007f6648600000, 0x00007f6648600000, 0x00007f674ff60000)
  from space 539776K,  10% used [0x00007f6770e80000, 0x00007f67746c0ed0, 0x00007f6791da0000)
  to   space 539776K,   0% used [0x00007f674ff60000, 0x00007f674ff60000, 0x00007f6770e80000)
 tenured generation   total 10796220K, used 10796185K [0x00007f6b9db50000, 0x00007f6e30a7f000, 0x00007f7648600000)
   the space 10796220K,  99% used [0x00007f6b9db50000, 0x00007f6e30a76430, 0x00007f6e30a76600, 0x00007f6e30a7f000)
 Metaspace       used 24359K, capacity 24834K, committed 25088K, reserved 26624K
}
Event: 9270.707 GC heap before
{Heap before GC invocations=7247 (full 5):
 def new generation   total 4858368K, used 4376195K [0x00007f6648600000, 0x00007f6791da0000, 0x00007f6b9db50000)
  eden space 4318592K, 100% used [0x00007f6648600000, 0x00007f674ff60000, 0x00007f674ff60000)
  from space 539776K,  10% used [0x00007f6770e80000, 0x00007f67746c0ed0, 0x00007f6791da0000)
  to   space 539776K,   0% used [0x00007f674ff60000, 0x00007f674ff60000, 0x00007f6770e80000)
 tenured generation   total 10796220K, used 10796185K [0x00007f6b9db50000, 0x00007f6e30a7f000, 0x00007f7648600000)
   the space 10796220K,  99% used [0x00007f6b9db50000, 0x00007f6e30a76430, 0x00007f6e30a76600, 0x00007f6e30a7f000)
 Metaspace       used 24359K, capacity 24834K, committed 25088K, reserved 26624K
}
Event: 9270.797 GC heap after
{Heap after GC invocations=7248 (full 5):
 def new generation   total 4858368K, used 60155K [0x00007f6648600000, 0x00007f6791da0000, 0x00007f6b9db50000)
  eden space 4318592K,   0% used [0x00007f6648600000, 0x00007f6648600000, 0x00007f674ff60000)
  from space 539776K,  11% used [0x00007f674ff60000, 0x00007f6753a1eff8, 0x00007f6770e80000)
  to   space 539776K,   0% used [0x00007f6770e80000, 0x00007f6770e80000, 0x00007f6791da0000)
 tenured generation   total 10800060K, used 10799892K [0x00007f6b9db50000, 0x00007f6e30e3f000, 0x00007f7648600000)
   the space 10800060K,  99% used [0x00007f6b9db50000, 0x00007f6e30e15248, 0x00007f6e30e15400, 0x00007f6e30e3f000)
 Metaspace       used 24359K, capacity 24834K, committed 25088K, reserved 26624K
}
Event: 9270.797 GC heap before
{Heap before GC invocations=7248 (full 5):
 def new generation   total 4858368K, used 60155K [0x00007f6648600000, 0x00007f6791da0000, 0x00007f6b9db50000)
  eden space 4318592K,   0% used [0x00007f6648600000, 0x00007f6648600000, 0x00007f674ff60000)
  from space 539776K,  11% used [0x00007f674ff60000, 0x00007f6753a1eff8, 0x00007f6770e80000)
  to   space 539776K,   0% used [0x00007f6770e80000, 0x00007f6770e80000, 0x00007f6791da0000)
 tenured generation   total 10800060K, used 10799892K [0x00007f6b9db50000, 0x00007f6e30e3f000, 0x00007f7648600000)
   the space 10800060K,  99% used [0x00007f6b9db50000, 0x00007f6e30e15248, 0x00007f6e30e15400, 0x00007f6e30e3f000)
 Metaspace       used 24359K, capacity 24834K, committed 25088K, reserved 26624K
}

