# JRE version: OpenJDK Runtime Environment (13.0.7+5) (build 13.0.7+5-Ubuntu-0ubuntu120.04)
# Java VM: OpenJDK 64-Bit Server VM (13.0.7+5-Ubuntu-0ubuntu120.04, mixed mode, tiered, compressed oops, serial gc, linux-amd64)
Heap:
 def new generation   total 1919936K, used 0K [0x0000000080200000, 0x0000000102540000, 0x0000000300150000)
  eden space 1706624K,   0% used [0x0000000080200000, 0x0000000080200000, 0x00000000e84a0000)
  from space 213312K,   0% used [0x00000000f54f0000, 0x00000000f54f0000, 0x0000000102540000)
  to   space 213312K,   0% used [0x00000000e84a0000, 0x00000000e84a0000, 0x00000000f54f0000)
 tenured generation   total 4309204K, used 2901305K [0x0000000300150000, 0x0000000407185000, 0x0000000800000000)
   the space 4309204K,  67% used [0x0000000300150000, 0x00000003b129e7d0, 0x00000003b129e800, 0x0000000407185000)
 Metaspace       used 22734K, capacity 23233K, committed 23424K, reserved 1071104K
  class space    used 2351K, capacity 2568K, committed 2688K, reserved 1048576K
GC Heap History (20 events):
Event: 756.746 GC heap after
{Heap after GC invocations=641 (full 22):
 def new generation   total 1919936K, used 113658K [0x0000000080200000, 0x0000000102540000, 0x0000000300150000)
  eden space 1706624K,   0% used [0x0000000080200000, 0x0000000080200000, 0x00000000e84a0000)
  from space 213312K,  53% used [0x00000000e84a0000, 0x00000000ef39ea48, 0x00000000f54f0000)
  to   space 213312K,   0% used [0x00000000f54f0000, 0x00000000f54f0000, 0x0000000102540000)
 tenured generation   total 4266432K, used 3942095K [0x0000000300150000, 0x00000004047c0000, 0x0000000800000000)
   the space 4266432K,  92% used [0x0000000300150000, 0x00000003f0b03cf8, 0x00000003f0b03e00, 0x00000004047c0000)
 Metaspace       used 22734K, capacity 23233K, committed 23424K, reserved 1071104K
  class space    used 2351K, capacity 2568K, committed 2688K, reserved 1048576K
}
Event: 758.254 GC heap before
{Heap before GC invocations=641 (full 22):
 def new generation   total 1919936K, used 1820282K [0x0000000080200000, 0x0000000102540000, 0x0000000300150000)
  eden space 1706624K, 100% used [0x0000000080200000, 0x00000000e84a0000, 0x00000000e84a0000)
  from space 213312K,  53% used [0x00000000e84a0000, 0x00000000ef39ea48, 0x00000000f54f0000)
  to   space 213312K,   0% used [0x00000000f54f0000, 0x00000000f54f0000, 0x0000000102540000)
 tenured generation   total 4266432K, used 3942095K [0x0000000300150000, 0x00000004047c0000, 0x0000000800000000)
   the space 4266432K,  92% used [0x0000000300150000, 0x00000003f0b03cf8, 0x00000003f0b03e00, 0x00000004047c0000)
 Metaspace       used 22734K, capacity 23233K, committed 23424K, reserved 1071104K
  class space    used 2351K, capacity 2568K, committed 2688K, reserved 1048576K
}
Event: 758.467 GC heap after
{Heap after GC invocations=642 (full 22):
 def new generation   total 1919936K, used 102580K [0x0000000080200000, 0x0000000102540000, 0x0000000300150000)
  eden space 1706624K,   0% used [0x0000000080200000, 0x0000000080200000, 0x00000000e84a0000)
  from space 213312K,  48% used [0x00000000f54f0000, 0x00000000fb91d3a8, 0x0000000102540000)
  to   space 213312K,   0% used [0x00000000e84a0000, 0x00000000e84a0000, 0x00000000f54f0000)
 tenured generation   total 4266432K, used 4055237K [0x0000000300150000, 0x00000004047c0000, 0x0000000800000000)
   the space 4266432K,  95% used [0x0000000300150000, 0x00000003f7981628, 0x00000003f7981800, 0x00000004047c0000)
 Metaspace       used 22734K, capacity 23233K, committed 23424K, reserved 1071104K
  class space    used 2351K, capacity 2568K, committed 2688K, reserved 1048576K
}
Event: 759.954 GC heap before
{Heap before GC invocations=642 (full 22):
 def new generation   total 1919936K, used 1809204K [0x0000000080200000, 0x0000000102540000, 0x0000000300150000)
  eden space 1706624K, 100% used [0x0000000080200000, 0x00000000e84a0000, 0x00000000e84a0000)
  from space 213312K,  48% used [0x00000000f54f0000, 0x00000000fb91d3a8, 0x0000000102540000)
  to   space 213312K,   0% used [0x00000000e84a0000, 0x00000000e84a0000, 0x00000000f54f0000)
 tenured generation   total 4266432K, used 4055237K [0x0000000300150000, 0x00000004047c0000, 0x0000000800000000)
   the space 4266432K,  95% used [0x0000000300150000, 0x00000003f7981628, 0x00000003f7981800, 0x00000004047c0000)
 Metaspace       used 22734K, capacity 23233K, committed 23424K, reserved 1071104K
  class space    used 2351K, capacity 2568K, committed 2688K, reserved 1048576K
}
Event: 759.995 GC heap after
{Heap after GC invocations=643 (full 22):
 def new generation   total 1919936K, used 64352K [0x0000000080200000, 0x0000000102540000, 0x0000000300150000)
  eden space 1706624K,   0% used [0x0000000080200000, 0x0000000080200000, 0x00000000e84a0000)
  from space 213312K,  30% used [0x00000000e84a0000, 0x00000000ec3780d8, 0x00000000f54f0000)
  to   space 213312K,   0% used [0x00000000f54f0000, 0x00000000f54f0000, 0x0000000102540000)
 tenured generation   total 4266432K, used 4055237K [0x0000000300150000, 0x00000004047c0000, 0x0000000800000000)
   the space 4266432K,  95% used [0x0000000300150000, 0x00000003f7981628, 0x00000003f7981800, 0x00000004047c0000)
 Metaspace       used 22734K, capacity 23233K, committed 23424K, reserved 1071104K
  class space    used 2351K, capacity 2568K, committed 2688K, reserved 1048576K
}
Event: 761.507 GC heap before
{Heap before GC invocations=643 (full 22):
 def new generation   total 1919936K, used 1770976K [0x0000000080200000, 0x0000000102540000, 0x0000000300150000)
  eden space 1706624K, 100% used [0x0000000080200000, 0x00000000e84a0000, 0x00000000e84a0000)
  from space 213312K,  30% used [0x00000000e84a0000, 0x00000000ec3780d8, 0x00000000f54f0000)
  to   space 213312K,   0% used [0x00000000f54f0000, 0x00000000f54f0000, 0x0000000102540000)
 tenured generation   total 4266432K, used 4055237K [0x0000000300150000, 0x00000004047c0000, 0x0000000800000000)
   the space 4266432K,  95% used [0x0000000300150000, 0x00000003f7981628, 0x00000003f7981800, 0x00000004047c0000)
 Metaspace       used 22734K, capacity 23233K, committed 23424K, reserved 1071104K
  class space    used 2351K, capacity 2568K, committed 2688K, reserved 1048576K
}
Event: 761.642 GC heap after
{Heap after GC invocations=644 (full 22):
 def new generation   total 1919936K, used 165904K [0x0000000080200000, 0x0000000102540000, 0x0000000300150000)
  eden space 1706624K,   0% used [0x0000000080200000, 0x0000000080200000, 0x00000000e84a0000)
  from space 213312K,  77% used [0x00000000f54f0000, 0x00000000ff6f4228, 0x0000000102540000)
  to   space 213312K,   0% used [0x00000000e84a0000, 0x00000000e84a0000, 0x00000000f54f0000)
 tenured generation   total 4266432K, used 4055237K [0x0000000300150000, 0x00000004047c0000, 0x0000000800000000)
   the space 4266432K,  95% used [0x0000000300150000, 0x00000003f7981628, 0x00000003f7981800, 0x00000004047c0000)
 Metaspace       used 22734K, capacity 23233K, committed 23424K, reserved 1071104K
  class space    used 2351K, capacity 2568K, committed 2688K, reserved 1048576K
}
Event: 763.062 GC heap before
{Heap before GC invocations=644 (full 22):
 def new generation   total 1919936K, used 1872528K [0x0000000080200000, 0x0000000102540000, 0x0000000300150000)
  eden space 1706624K, 100% used [0x0000000080200000, 0x00000000e84a0000, 0x00000000e84a0000)
  from space 213312K,  77% used [0x00000000f54f0000, 0x00000000ff6f4228, 0x0000000102540000)
  to   space 213312K,   0% used [0x00000000e84a0000, 0x00000000e84a0000, 0x00000000f54f0000)
 tenured generation   total 4266432K, used 4055237K [0x0000000300150000, 0x00000004047c0000, 0x0000000800000000)
   the space 4266432K,  95% used [0x0000000300150000, 0x00000003f7981628, 0x00000003f7981800, 0x00000004047c0000)
 Metaspace       used 22734K, capacity 23233K, committed 23424K, reserved 1071104K
  class space    used 2351K, capacity 2568K, committed 2688K, reserved 1048576K
}
Event: 763.295 GC heap after
{Heap after GC invocations=645 (full 22):
 def new generation   total 1919936K, used 204645K [0x0000000080200000, 0x0000000102540000, 0x0000000300150000)
  eden space 1706624K,   0% used [0x0000000080200000, 0x0000000080200000, 0x00000000e84a0000)
  from space 213312K,  95% used [0x00000000e84a0000, 0x00000000f4c79588, 0x00000000f54f0000)
  to   space 213312K,   0% used [0x00000000f54f0000, 0x00000000f54f0000, 0x0000000102540000)
 tenured generation   total 4266432K, used 4118561K [0x0000000300150000, 0x00000004047c0000, 0x0000000800000000)
   the space 4266432K,  96% used [0x0000000300150000, 0x00000003fb7584f0, 0x00000003fb758600, 0x00000004047c0000)
 Metaspace       used 22734K, capacity 23233K, committed 23424K, reserved 1071104K
  class space    used 2351K, capacity 2568K, committed 2688K, reserved 1048576K
}
Event: 764.803 GC heap before
{Heap before GC invocations=645 (full 22):
 def new generation   total 1919936K, used 1911269K [0x0000000080200000, 0x0000000102540000, 0x0000000300150000)
  eden space 1706624K, 100% used [0x0000000080200000, 0x00000000e84a0000, 0x00000000e84a0000)
  from space 213312K,  95% used [0x00000000e84a0000, 0x00000000f4c79588, 0x00000000f54f0000)
  to   space 213312K,   0% used [0x00000000f54f0000, 0x00000000f54f0000, 0x0000000102540000)
 tenured generation   total 4266432K, used 4118561K [0x0000000300150000, 0x00000004047c0000, 0x0000000800000000)
   the space 4266432K,  96% used [0x0000000300150000, 0x00000003fb7584f0, 0x00000003fb758600, 0x00000004047c0000)
 Metaspace       used 22734K, capacity 23233K, committed 23424K, reserved 1071104K
  class space    used 2351K, capacity 2568K, committed 2688K, reserved 1048576K
}
Event: 764.863 GC heap after
{Heap after GC invocations=646 (full 22):
 def new generation   total 1919936K, used 72727K [0x0000000080200000, 0x0000000102540000, 0x0000000300150000)
  eden space 1706624K,   0% used [0x0000000080200000, 0x0000000080200000, 0x00000000e84a0000)
  from space 213312K,  34% used [0x00000000f54f0000, 0x00000000f9bf5d10, 0x0000000102540000)
  to   space 213312K,   0% used [0x00000000e84a0000, 0x00000000e84a0000, 0x00000000f54f0000)
 tenured generation   total 4266432K, used 4118562K [0x0000000300150000, 0x00000004047c0000, 0x0000000800000000)
   the space 4266432K,  96% used [0x0000000300150000, 0x00000003fb758a90, 0x00000003fb758c00, 0x00000004047c0000)
 Metaspace       used 22734K, capacity 23233K, committed 23424K, reserved 1071104K
  class space    used 2351K, capacity 2568K, committed 2688K, reserved 1048576K
}
Event: 766.380 GC heap before
{Heap before GC invocations=646 (full 22):
 def new generation   total 1919936K, used 1779351K [0x0000000080200000, 0x0000000102540000, 0x0000000300150000)
  eden space 1706624K, 100% used [0x0000000080200000, 0x00000000e84a0000, 0x00000000e84a0000)
  from space 213312K,  34% used [0x00000000f54f0000, 0x00000000f9bf5d10, 0x0000000102540000)
  to   space 213312K,   0% used [0x00000000e84a0000, 0x00000000e84a0000, 0x00000000f54f0000)
 tenured generation   total 4266432K, used 4118562K [0x0000000300150000, 0x00000004047c0000, 0x0000000800000000)
   the space 4266432K,  96% used [0x0000000300150000, 0x00000003fb758a90, 0x00000003fb758c00, 0x00000004047c0000)
 Metaspace       used 22734K, capacity 23233K, committed 23424K, reserved 1071104K
  class space    used 2351K, capacity 2568K, committed 2688K, reserved 1048576K
}
Event: 766.508 GC heap after
{Heap after GC invocations=647 (full 22):
 def new generation   total 1919936K, used 174279K [0x0000000080200000, 0x0000000102540000, 0x0000000300150000)
  eden space 1706624K,   0% used [0x0000000080200000, 0x0000000080200000, 0x00000000e84a0000)
  from space 213312K,  81% used [0x00000000e84a0000, 0x00000000f2ed1f10, 0x00000000f54f0000)
  to   space 213312K,   0% used [0x00000000f54f0000, 0x00000000f54f0000, 0x0000000102540000)
 tenured generation   total 4266432K, used 4118562K [0x0000000300150000, 0x00000004047c0000, 0x0000000800000000)
   the space 4266432K,  96% used [0x0000000300150000, 0x00000003fb758a90, 0x00000003fb758c00, 0x00000004047c0000)
 Metaspace       used 22734K, capacity 23233K, committed 23424K, reserved 1071104K
  class space    used 2351K, capacity 2568K, committed 2688K, reserved 1048576K
}
Event: 767.990 GC heap before
{Heap before GC invocations=647 (full 22):
 def new generation   total 1919936K, used 1880903K [0x0000000080200000, 0x0000000102540000, 0x0000000300150000)
  eden space 1706624K, 100% used [0x0000000080200000, 0x00000000e84a0000, 0x00000000e84a0000)
  from space 213312K,  81% used [0x00000000e84a0000, 0x00000000f2ed1f10, 0x00000000f54f0000)
  to   space 213312K,   0% used [0x00000000f54f0000, 0x00000000f54f0000, 0x0000000102540000)
 tenured generation   total 4266432K, used 4118562K [0x0000000300150000, 0x00000004047c0000, 0x0000000800000000)
   the space 4266432K,  96% used [0x0000000300150000, 0x00000003fb758a90, 0x00000003fb758c00, 0x00000004047c0000)
 Metaspace       used 22734K, capacity 23233K, committed 23424K, reserved 1071104K
  class space    used 2351K, capacity 2568K, committed 2688K, reserved 1048576K
}
Event: 768.229 GC heap after
{Heap after GC invocations=648 (full 22):
 def new generation   total 1919936K, used 203622K [0x0000000080200000, 0x0000000102540000, 0x0000000300150000)
  eden space 1706624K,   0% used [0x0000000080200000, 0x0000000080200000, 0x00000000e84a0000)
  from space 213312K,  95% used [0x00000000f54f0000, 0x0000000101bc9868, 0x0000000102540000)
  to   space 213312K,   0% used [0x00000000e84a0000, 0x00000000e84a0000, 0x00000000f54f0000)
 tenured generation   total 4266432K, used 4190261K [0x0000000300150000, 0x00000004047c0000, 0x0000000800000000)
   the space 4266432K,  98% used [0x0000000300150000, 0x00000003ffd5d5b0, 0x00000003ffd5d600, 0x00000004047c0000)
 Metaspace       used 22734K, capacity 23233K, committed 23424K, reserved 1071104K
  class space    used 2351K, capacity 2568K, committed 2688K, reserved 1048576K
}
Event: 769.724 GC heap before
{Heap before GC invocations=648 (full 22):
 def new generation   total 1919936K, used 1910246K [0x0000000080200000, 0x0000000102540000, 0x0000000300150000)
  eden space 1706624K, 100% used [0x0000000080200000, 0x00000000e84a0000, 0x00000000e84a0000)
  from space 213312K,  95% used [0x00000000f54f0000, 0x0000000101bc9868, 0x0000000102540000)
  to   space 213312K,   0% used [0x00000000e84a0000, 0x00000000e84a0000, 0x00000000f54f0000)
 tenured generation   total 4266432K, used 4190261K [0x0000000300150000, 0x00000004047c0000, 0x0000000800000000)
   the space 4266432K,  98% used [0x0000000300150000, 0x00000003ffd5d5b0, 0x00000003ffd5d600, 0x00000004047c0000)
 Metaspace       used 22734K, capacity 23233K, committed 23424K, reserved 1071104K
  class space    used 2351K, capacity 2568K, committed 2688K, reserved 1048576K
}
Event: 769.811 GC heap after
{Heap after GC invocations=649 (full 22):
 def new generation   total 1919936K, used 113662K [0x0000000080200000, 0x0000000102540000, 0x0000000300150000)
  eden space 1706624K,   0% used [0x0000000080200000, 0x0000000080200000, 0x00000000e84a0000)
  from space 213312K,  53% used [0x00000000e84a0000, 0x00000000ef39f968, 0x00000000f54f0000)
  to   space 213312K,   0% used [0x00000000f54f0000, 0x00000000f54f0000, 0x0000000102540000)
 tenured generation   total 4266432K, used 4195941K [0x0000000300150000, 0x00000004047c0000, 0x0000000800000000)
   the space 4266432K,  98% used [0x0000000300150000, 0x00000004002e97a0, 0x00000004002e9800, 0x00000004047c0000)
 Metaspace       used 22734K, capacity 23233K, committed 23424K, reserved 1071104K
  class space    used 2351K, capacity 2568K, committed 2688K, reserved 1048576K
}
Event: 771.326 GC heap before
{Heap before GC invocations=649 (full 22):
 def new generation   total 1919936K, used 1820286K [0x0000000080200000, 0x0000000102540000, 0x0000000300150000)
  eden space 1706624K, 100% used [0x0000000080200000, 0x00000000e84a0000, 0x00000000e84a0000)
  from space 213312K,  53% used [0x00000000e84a0000, 0x00000000ef39f968, 0x00000000f54f0000)
  to   space 213312K,   0% used [0x00000000f54f0000, 0x00000000f54f0000, 0x0000000102540000)
 tenured generation   total 4266432K, used 4195941K [0x0000000300150000, 0x00000004047c0000, 0x0000000800000000)
   the space 4266432K,  98% used [0x0000000300150000, 0x00000004002e97a0, 0x00000004002e9800, 0x00000004047c0000)
 Metaspace       used 22734K, capacity 23233K, committed 23424K, reserved 1071104K
  class space    used 2351K, capacity 2568K, committed 2688K, reserved 1048576K
}
Event: 771.543 GC heap after
{Heap after GC invocations=650 (full 22):
 def new generation   total 1919936K, used 102079K [0x0000000080200000, 0x0000000102540000, 0x0000000300150000)
  eden space 1706624K,   0% used [0x0000000080200000, 0x0000000080200000, 0x00000000e84a0000)
  from space 213312K,  47% used [0x00000000f54f0000, 0x00000000fb89ff78, 0x0000000102540000)
  to   space 213312K,   0% used [0x00000000e84a0000, 0x00000000e84a0000, 0x00000000f54f0000)
 tenured generation   total 4309204K, used 4309078K [0x0000000300150000, 0x0000000407185000, 0x0000000800000000)
   the space 4309204K,  99% used [0x0000000300150000, 0x0000000407165b90, 0x0000000407165c00, 0x0000000407185000)
 Metaspace       used 22734K, capacity 23233K, committed 23424K, reserved 1071104K
  class space    used 2351K, capacity 2568K, committed 2688K, reserved 1048576K
}
Event: 771.543 GC heap before
{Heap before GC invocations=650 (full 22):
 def new generation   total 1919936K, used 102079K [0x0000000080200000, 0x0000000102540000, 0x0000000300150000)
  eden space 1706624K,   0% used [0x0000000080200000, 0x0000000080200000, 0x00000000e84a0000)
  from space 213312K,  47% used [0x00000000f54f0000, 0x00000000fb89ff78, 0x0000000102540000)
  to   space 213312K,   0% used [0x00000000e84a0000, 0x00000000e84a0000, 0x00000000f54f0000)
 tenured generation   total 4309204K, used 4309078K [0x0000000300150000, 0x0000000407185000, 0x0000000800000000)
   the space 4309204K,  99% used [0x0000000300150000, 0x0000000407165b90, 0x0000000407165c00, 0x0000000407185000)
 Metaspace       used 22734K, capacity 23233K, committed 23424K, reserved 1071104K
  class space    used 2351K, capacity 2568K, committed 2688K, reserved 1048576K
}

