# JRE version: OpenJDK Runtime Environment (13.0.7+5) (build 13.0.7+5-Ubuntu-0ubuntu120.04)
# Java VM: OpenJDK 64-Bit Server VM (13.0.7+5-Ubuntu-0ubuntu120.04, mixed mode, tiered, serial gc, linux-amd64)
Heap:
 def new generation   total 1748480K, used 0K [0x00007f5dd8600000, 0x00007f5e4ef30000, 0x00007f632db50000)
  eden space 1554240K,   0% used [0x00007f5dd8600000, 0x00007f5dd8600000, 0x00007f5e373d0000)
  from space 194240K,   0% used [0x00007f5e43180000, 0x00007f5e43180000, 0x00007f5e4ef30000)
  to   space 194240K,   0% used [0x00007f5e373d0000, 0x00007f5e373d0000, 0x00007f5e43180000)
 tenured generation   total 3885588K, used 3884076K [0x00007f632db50000, 0x00007f641add5000, 0x00007f6dd8600000)
   the space 3885588K,  99% used [0x00007f632db50000, 0x00007f641ac5b100, 0x00007f641ac5b200, 0x00007f641add5000)
 Metaspace       used 24334K, capacity 24697K, committed 24832K, reserved 26624K
GC Heap History (20 events):
Event: 7062.414 GC heap after
{Heap after GC invocations=8245 (full 3):
 def new generation   total 1748480K, used 13703K [0x00007f5dd8600000, 0x00007f5e4ef30000, 0x00007f632db50000)
  eden space 1554240K,   0% used [0x00007f5dd8600000, 0x00007f5dd8600000, 0x00007f5e373d0000)
  from space 194240K,   7% used [0x00007f5e373d0000, 0x00007f5e38131e08, 0x00007f5e43180000)
  to   space 194240K,   0% used [0x00007f5e43180000, 0x00007f5e43180000, 0x00007f5e4ef30000)
 tenured generation   total 3885396K, used 3877494K [0x00007f632db50000, 0x00007f641ada5000, 0x00007f6dd8600000)
   the space 3885396K,  99% used [0x00007f632db50000, 0x00007f641a5edb90, 0x00007f641a5edc00, 0x00007f641ada5000)
 Metaspace       used 24334K, capacity 24697K, committed 24832K, reserved 26624K
}
Event: 7063.983 GC heap before
{Heap before GC invocations=8245 (full 3):
 def new generation   total 1748480K, used 1567943K [0x00007f5dd8600000, 0x00007f5e4ef30000, 0x00007f632db50000)
  eden space 1554240K, 100% used [0x00007f5dd8600000, 0x00007f5e373d0000, 0x00007f5e373d0000)
  from space 194240K,   7% used [0x00007f5e373d0000, 0x00007f5e38131e08, 0x00007f5e43180000)
  to   space 194240K,   0% used [0x00007f5e43180000, 0x00007f5e43180000, 0x00007f5e4ef30000)
 tenured generation   total 3885396K, used 3877494K [0x00007f632db50000, 0x00007f641ada5000, 0x00007f6dd8600000)
   the space 3885396K,  99% used [0x00007f632db50000, 0x00007f641a5edb90, 0x00007f641a5edc00, 0x00007f641ada5000)
 Metaspace       used 24334K, capacity 24697K, committed 24832K, reserved 26624K
}
Event: 7064.025 GC heap after
{Heap after GC invocations=8246 (full 3):
 def new generation   total 1748480K, used 12922K [0x00007f5dd8600000, 0x00007f5e4ef30000, 0x00007f632db50000)
  eden space 1554240K,   0% used [0x00007f5dd8600000, 0x00007f5dd8600000, 0x00007f5e373d0000)
  from space 194240K,   6% used [0x00007f5e43180000, 0x00007f5e43e1e868, 0x00007f5e4ef30000)
  to   space 194240K,   0% used [0x00007f5e373d0000, 0x00007f5e373d0000, 0x00007f5e43180000)
 tenured generation   total 3885396K, used 3878907K [0x00007f632db50000, 0x00007f641ada5000, 0x00007f6dd8600000)
   the space 3885396K,  99% used [0x00007f632db50000, 0x00007f641a74ed48, 0x00007f641a74ee00, 0x00007f641ada5000)
 Metaspace       used 24334K, capacity 24697K, committed 24832K, reserved 26624K
}
Event: 7065.524 GC heap before
{Heap before GC invocations=8246 (full 3):
 def new generation   total 1748480K, used 1567162K [0x00007f5dd8600000, 0x00007f5e4ef30000, 0x00007f632db50000)
  eden space 1554240K, 100% used [0x00007f5dd8600000, 0x00007f5e373d0000, 0x00007f5e373d0000)
  from space 194240K,   6% used [0x00007f5e43180000, 0x00007f5e43e1e868, 0x00007f5e4ef30000)
  to   space 194240K,   0% used [0x00007f5e373d0000, 0x00007f5e373d0000, 0x00007f5e43180000)
 tenured generation   total 3885396K, used 3878907K [0x00007f632db50000, 0x00007f641ada5000, 0x00007f6dd8600000)
   the space 3885396K,  99% used [0x00007f632db50000, 0x00007f641a74ed48, 0x00007f641a74ee00, 0x00007f641ada5000)
 Metaspace       used 24334K, capacity 24697K, committed 24832K, reserved 26624K
}
Event: 7065.569 GC heap after
{Heap after GC invocations=8247 (full 3):
 def new generation   total 1748480K, used 12914K [0x00007f5dd8600000, 0x00007f5e4ef30000, 0x00007f632db50000)
  eden space 1554240K,   0% used [0x00007f5dd8600000, 0x00007f5dd8600000, 0x00007f5e373d0000)
  from space 194240K,   6% used [0x00007f5e373d0000, 0x00007f5e3806cbd0, 0x00007f5e43180000)
  to   space 194240K,   0% used [0x00007f5e43180000, 0x00007f5e43180000, 0x00007f5e4ef30000)
 tenured generation   total 3885396K, used 3879477K [0x00007f632db50000, 0x00007f641ada5000, 0x00007f6dd8600000)
   the space 3885396K,  99% used [0x00007f632db50000, 0x00007f641a7dd4d0, 0x00007f641a7dd600, 0x00007f641ada5000)
 Metaspace       used 24334K, capacity 24697K, committed 24832K, reserved 26624K
}
Event: 7067.132 GC heap before
{Heap before GC invocations=8247 (full 3):
 def new generation   total 1748480K, used 1567154K [0x00007f5dd8600000, 0x00007f5e4ef30000, 0x00007f632db50000)
  eden space 1554240K, 100% used [0x00007f5dd8600000, 0x00007f5e373d0000, 0x00007f5e373d0000)
  from space 194240K,   6% used [0x00007f5e373d0000, 0x00007f5e3806cbd0, 0x00007f5e43180000)
  to   space 194240K,   0% used [0x00007f5e43180000, 0x00007f5e43180000, 0x00007f5e4ef30000)
 tenured generation   total 3885396K, used 3879477K [0x00007f632db50000, 0x00007f641ada5000, 0x00007f6dd8600000)
   the space 3885396K,  99% used [0x00007f632db50000, 0x00007f641a7dd4d0, 0x00007f641a7dd600, 0x00007f641ada5000)
 Metaspace       used 24334K, capacity 24697K, committed 24832K, reserved 26624K
}
Event: 7067.163 GC heap after
{Heap after GC invocations=8248 (full 3):
 def new generation   total 1748480K, used 12928K [0x00007f5dd8600000, 0x00007f5e4ef30000, 0x00007f632db50000)
  eden space 1554240K,   0% used [0x00007f5dd8600000, 0x00007f5dd8600000, 0x00007f5e373d0000)
  from space 194240K,   6% used [0x00007f5e43180000, 0x00007f5e43e20148, 0x00007f5e4ef30000)
  to   space 194240K,   0% used [0x00007f5e373d0000, 0x00007f5e373d0000, 0x00007f5e43180000)
 tenured generation   total 3885396K, used 3880047K [0x00007f632db50000, 0x00007f641ada5000, 0x00007f6dd8600000)
   the space 3885396K,  99% used [0x00007f632db50000, 0x00007f641a86bc58, 0x00007f641a86be00, 0x00007f641ada5000)
 Metaspace       used 24334K, capacity 24697K, committed 24832K, reserved 26624K
}
Event: 7068.744 GC heap before
{Heap before GC invocations=8248 (full 3):
 def new generation   total 1748480K, used 1567168K [0x00007f5dd8600000, 0x00007f5e4ef30000, 0x00007f632db50000)
  eden space 1554240K, 100% used [0x00007f5dd8600000, 0x00007f5e373d0000, 0x00007f5e373d0000)
  from space 194240K,   6% used [0x00007f5e43180000, 0x00007f5e43e20148, 0x00007f5e4ef30000)
  to   space 194240K,   0% used [0x00007f5e373d0000, 0x00007f5e373d0000, 0x00007f5e43180000)
 tenured generation   total 3885396K, used 3880047K [0x00007f632db50000, 0x00007f641ada5000, 0x00007f6dd8600000)
   the space 3885396K,  99% used [0x00007f632db50000, 0x00007f641a86bc58, 0x00007f641a86be00, 0x00007f641ada5000)
 Metaspace       used 24334K, capacity 24697K, committed 24832K, reserved 26624K
}
Event: 7068.777 GC heap after
{Heap after GC invocations=8249 (full 3):
 def new generation   total 1748480K, used 13100K [0x00007f5dd8600000, 0x00007f5e4ef30000, 0x00007f632db50000)
  eden space 1554240K,   0% used [0x00007f5dd8600000, 0x00007f5dd8600000, 0x00007f5e373d0000)
  from space 194240K,   6% used [0x00007f5e373d0000, 0x00007f5e3809b380, 0x00007f5e43180000)
  to   space 194240K,   0% used [0x00007f5e43180000, 0x00007f5e43180000, 0x00007f5e4ef30000)
 tenured generation   total 3885396K, used 3880652K [0x00007f632db50000, 0x00007f641ada5000, 0x00007f6dd8600000)
   the space 3885396K,  99% used [0x00007f632db50000, 0x00007f641a903368, 0x00007f641a903400, 0x00007f641ada5000)
 Metaspace       used 24334K, capacity 24697K, committed 24832K, reserved 26624K
}
Event: 7070.213 GC heap before
{Heap before GC invocations=8249 (full 3):
 def new generation   total 1748480K, used 1567340K [0x00007f5dd8600000, 0x00007f5e4ef30000, 0x00007f632db50000)
  eden space 1554240K, 100% used [0x00007f5dd8600000, 0x00007f5e373d0000, 0x00007f5e373d0000)
  from space 194240K,   6% used [0x00007f5e373d0000, 0x00007f5e3809b380, 0x00007f5e43180000)
  to   space 194240K,   0% used [0x00007f5e43180000, 0x00007f5e43180000, 0x00007f5e4ef30000)
 tenured generation   total 3885396K, used 3880652K [0x00007f632db50000, 0x00007f641ada5000, 0x00007f6dd8600000)
   the space 3885396K,  99% used [0x00007f632db50000, 0x00007f641a903368, 0x00007f641a903400, 0x00007f641ada5000)
 Metaspace       used 24334K, capacity 24697K, committed 24832K, reserved 26624K
}
Event: 7070.246 GC heap after
{Heap after GC invocations=8250 (full 3):
 def new generation   total 1748480K, used 13300K [0x00007f5dd8600000, 0x00007f5e4ef30000, 0x00007f632db50000)
  eden space 1554240K,   0% used [0x00007f5dd8600000, 0x00007f5dd8600000, 0x00007f5e373d0000)
  from space 194240K,   6% used [0x00007f5e43180000, 0x00007f5e43e7d260, 0x00007f5e4ef30000)
  to   space 194240K,   0% used [0x00007f5e373d0000, 0x00007f5e373d0000, 0x00007f5e43180000)
 tenured generation   total 3885396K, used 3881353K [0x00007f632db50000, 0x00007f641ada5000, 0x00007f6dd8600000)
   the space 3885396K,  99% used [0x00007f632db50000, 0x00007f641a9b26f8, 0x00007f641a9b2800, 0x00007f641ada5000)
 Metaspace       used 24334K, capacity 24697K, committed 24832K, reserved 26624K
}
Event: 7071.808 GC heap before
{Heap before GC invocations=8250 (full 3):
 def new generation   total 1748480K, used 1567540K [0x00007f5dd8600000, 0x00007f5e4ef30000, 0x00007f632db50000)
  eden space 1554240K, 100% used [0x00007f5dd8600000, 0x00007f5e373d0000, 0x00007f5e373d0000)
  from space 194240K,   6% used [0x00007f5e43180000, 0x00007f5e43e7d260, 0x00007f5e4ef30000)
  to   space 194240K,   0% used [0x00007f5e373d0000, 0x00007f5e373d0000, 0x00007f5e43180000)
 tenured generation   total 3885396K, used 3881353K [0x00007f632db50000, 0x00007f641ada5000, 0x00007f6dd8600000)
   the space 3885396K,  99% used [0x00007f632db50000, 0x00007f641a9b26f8, 0x00007f641a9b2800, 0x00007f641ada5000)
 Metaspace       used 24334K, capacity 24697K, committed 24832K, reserved 26624K
}
Event: 7071.846 GC heap after
{Heap after GC invocations=8251 (full 3):
 def new generation   total 1748480K, used 13294K [0x00007f5dd8600000, 0x00007f5e4ef30000, 0x00007f632db50000)
  eden space 1554240K,   0% used [0x00007f5dd8600000, 0x00007f5dd8600000, 0x00007f5e373d0000)
  from space 194240K,   6% used [0x00007f5e373d0000, 0x00007f5e380cbbd0, 0x00007f5e43180000)
  to   space 194240K,   0% used [0x00007f5e43180000, 0x00007f5e43180000, 0x00007f5e4ef30000)
 tenured generation   total 3885396K, used 3882245K [0x00007f632db50000, 0x00007f641ada5000, 0x00007f6dd8600000)
   the space 3885396K,  99% used [0x00007f632db50000, 0x00007f641aa915c8, 0x00007f641aa91600, 0x00007f641ada5000)
 Metaspace       used 24334K, capacity 24697K, committed 24832K, reserved 26624K
}
Event: 7073.282 GC heap before
{Heap before GC invocations=8251 (full 3):
 def new generation   total 1748480K, used 1567534K [0x00007f5dd8600000, 0x00007f5e4ef30000, 0x00007f632db50000)
  eden space 1554240K, 100% used [0x00007f5dd8600000, 0x00007f5e373d0000, 0x00007f5e373d0000)
  from space 194240K,   6% used [0x00007f5e373d0000, 0x00007f5e380cbbd0, 0x00007f5e43180000)
  to   space 194240K,   0% used [0x00007f5e43180000, 0x00007f5e43180000, 0x00007f5e4ef30000)
 tenured generation   total 3885396K, used 3882245K [0x00007f632db50000, 0x00007f641ada5000, 0x00007f6dd8600000)
   the space 3885396K,  99% used [0x00007f632db50000, 0x00007f641aa915c8, 0x00007f641aa91600, 0x00007f641ada5000)
 Metaspace       used 24334K, capacity 24697K, committed 24832K, reserved 26624K
}
Event: 7073.318 GC heap after
{Heap after GC invocations=8252 (full 3):
 def new generation   total 1748480K, used 13114K [0x00007f5dd8600000, 0x00007f5e4ef30000, 0x00007f632db50000)
  eden space 1554240K,   0% used [0x00007f5dd8600000, 0x00007f5dd8600000, 0x00007f5e373d0000)
  from space 194240K,   6% used [0x00007f5e43180000, 0x00007f5e43e4eae0, 0x00007f5e4ef30000)
  to   space 194240K,   0% used [0x00007f5e373d0000, 0x00007f5e373d0000, 0x00007f5e43180000)
 tenured generation   total 3885396K, used 3883318K [0x00007f632db50000, 0x00007f641ada5000, 0x00007f6dd8600000)
   the space 3885396K,  99% used [0x00007f632db50000, 0x00007f641ab9dab0, 0x00007f641ab9dc00, 0x00007f641ada5000)
 Metaspace       used 24334K, capacity 24697K, committed 24832K, reserved 26624K
}
Event: 7074.723 GC heap before
{Heap before GC invocations=8252 (full 3):
 def new generation   total 1748480K, used 1567354K [0x00007f5dd8600000, 0x00007f5e4ef30000, 0x00007f632db50000)
  eden space 1554240K, 100% used [0x00007f5dd8600000, 0x00007f5e373d0000, 0x00007f5e373d0000)
  from space 194240K,   6% used [0x00007f5e43180000, 0x00007f5e43e4eae0, 0x00007f5e4ef30000)
  to   space 194240K,   0% used [0x00007f5e373d0000, 0x00007f5e373d0000, 0x00007f5e43180000)
 tenured generation   total 3885396K, used 3883318K [0x00007f632db50000, 0x00007f641ada5000, 0x00007f6dd8600000)
   the space 3885396K,  99% used [0x00007f632db50000, 0x00007f641ab9dab0, 0x00007f641ab9dc00, 0x00007f641ada5000)
 Metaspace       used 24334K, capacity 24697K, committed 24832K, reserved 26624K
}
Event: 7074.761 GC heap after
{Heap after GC invocations=8253 (full 3):
 def new generation   total 1748480K, used 12417K [0x00007f5dd8600000, 0x00007f5e4ef30000, 0x00007f632db50000)
  eden space 1554240K,   0% used [0x00007f5dd8600000, 0x00007f5dd8600000, 0x00007f5e373d0000)
  from space 194240K,   6% used [0x00007f5e373d0000, 0x00007f5e37ff0790, 0x00007f5e43180000)
  to   space 194240K,   0% used [0x00007f5e43180000, 0x00007f5e43180000, 0x00007f5e4ef30000)
 tenured generation   total 3885396K, used 3885037K [0x00007f632db50000, 0x00007f641ada5000, 0x00007f6dd8600000)
   the space 3885396K,  99% used [0x00007f632db50000, 0x00007f641ad4b588, 0x00007f641ad4b600, 0x00007f641ada5000)
 Metaspace       used 24334K, capacity 24697K, committed 24832K, reserved 26624K
}
Event: 7076.155 GC heap before
{Heap before GC invocations=8253 (full 3):
 def new generation   total 1748480K, used 1566657K [0x00007f5dd8600000, 0x00007f5e4ef30000, 0x00007f632db50000)
  eden space 1554240K, 100% used [0x00007f5dd8600000, 0x00007f5e373d0000, 0x00007f5e373d0000)
  from space 194240K,   6% used [0x00007f5e373d0000, 0x00007f5e37ff0790, 0x00007f5e43180000)
  to   space 194240K,   0% used [0x00007f5e43180000, 0x00007f5e43180000, 0x00007f5e4ef30000)
 tenured generation   total 3885396K, used 3885037K [0x00007f632db50000, 0x00007f641ada5000, 0x00007f6dd8600000)
   the space 3885396K,  99% used [0x00007f632db50000, 0x00007f641ad4b588, 0x00007f641ad4b600, 0x00007f641ada5000)
 Metaspace       used 24334K, capacity 24697K, committed 24832K, reserved 26624K
}
Event: 7076.181 GC heap after
{Heap after GC invocations=8254 (full 3):
 def new generation   total 1748480K, used 12496K [0x00007f5dd8600000, 0x00007f5e4ef30000, 0x00007f632db50000)
  eden space 1554240K,   0% used [0x00007f5dd8600000, 0x00007f5dd8600000, 0x00007f5e373d0000)
  from space 194240K,   6% used [0x00007f5e43180000, 0x00007f5e43db4288, 0x00007f5e4ef30000)
  to   space 194240K,   0% used [0x00007f5e373d0000, 0x00007f5e373d0000, 0x00007f5e43180000)
 tenured generation   total 3885588K, used 3885582K [0x00007f632db50000, 0x00007f641add5000, 0x00007f6dd8600000)
   the space 3885588K,  99% used [0x00007f632db50000, 0x00007f641add3a98, 0x00007f641add3c00, 0x00007f641add5000)
 Metaspace       used 24334K, capacity 24697K, committed 24832K, reserved 26624K
}
Event: 7076.181 GC heap before
{Heap before GC invocations=8254 (full 3):
 def new generation   total 1748480K, used 12496K [0x00007f5dd8600000, 0x00007f5e4ef30000, 0x00007f632db50000)
  eden space 1554240K,   0% used [0x00007f5dd8600000, 0x00007f5dd8600000, 0x00007f5e373d0000)
  from space 194240K,   6% used [0x00007f5e43180000, 0x00007f5e43db4288, 0x00007f5e4ef30000)
  to   space 194240K,   0% used [0x00007f5e373d0000, 0x00007f5e373d0000, 0x00007f5e43180000)
 tenured generation   total 3885588K, used 3885582K [0x00007f632db50000, 0x00007f641add5000, 0x00007f6dd8600000)
   the space 3885588K,  99% used [0x00007f632db50000, 0x00007f641add3a98, 0x00007f641add3c00, 0x00007f641add5000)
 Metaspace       used 24334K, capacity 24697K, committed 24832K, reserved 26624K
}

