# JRE version: OpenJDK Runtime Environment (13.0.7+5) (build 13.0.7+5-Ubuntu-0ubuntu120.04)
# Java VM: OpenJDK 64-Bit Server VM (13.0.7+5-Ubuntu-0ubuntu120.04, mixed mode, tiered, serial gc, linux-amd64)
Heap:
 def new generation   total 16042176K, used 0K [0x00007f0724600000, 0x00007f0b644e0000, 0x00007f0c79b50000)
  eden space 14259712K,   0% used [0x00007f0724600000, 0x00007f0724600000, 0x00007f0a8ab80000)
  from space 1782464K,   0% used [0x00007f0a8ab80000, 0x00007f0a8ab80000, 0x00007f0af7830000)
  to   space 1782464K,   0% used [0x00007f0af7830000, 0x00007f0af7830000, 0x00007f0b644e0000)
 tenured generation   total 36135412K, used 35022715K [0x00007f0c79b50000, 0x00007f15173cd000, 0x00007f1724600000)
   the space 36135412K,  96% used [0x00007f0c79b50000, 0x00007f14d352ecb0, 0x00007f14d352ee00, 0x00007f15173cd000)
 Metaspace       used 30348K, capacity 30773K, committed 30976K, reserved 32768K
GC Heap History (20 events):
Event: 1310.554 GC heap after
{Heap after GC invocations=83 (full 7):
 def new generation   total 16042176K, used 1045744K [0x00007f0724600000, 0x00007f0b644e0000, 0x00007f0c79b50000)
  eden space 14259712K,   0% used [0x00007f0724600000, 0x00007f0724600000, 0x00007f0a8ab80000)
  from space 1782464K,  58% used [0x00007f0af7830000, 0x00007f0b3756c290, 0x00007f0b644e0000)
  to   space 1782464K,   0% used [0x00007f0a8ab80000, 0x00007f0a8ab80000, 0x00007f0af7830000)
 tenured generation   total 35649268K, used 26041119K [0x00007f0c79b50000, 0x00007f14f990d000, 0x00007f1724600000)
   the space 35649268K,  73% used [0x00007f0c79b50000, 0x00007f12af217c08, 0x00007f12af217e00, 0x00007f14f990d000)
 Metaspace       used 30348K, capacity 30773K, committed 30976K, reserved 32768K
}
Event: 1314.553 GC heap before
{Heap before GC invocations=83 (full 7):
 def new generation   total 16042176K, used 15305456K [0x00007f0724600000, 0x00007f0b644e0000, 0x00007f0c79b50000)
  eden space 14259712K, 100% used [0x00007f0724600000, 0x00007f0a8ab80000, 0x00007f0a8ab80000)
  from space 1782464K,  58% used [0x00007f0af7830000, 0x00007f0b3756c290, 0x00007f0b644e0000)
  to   space 1782464K,   0% used [0x00007f0a8ab80000, 0x00007f0a8ab80000, 0x00007f0af7830000)
 tenured generation   total 35649268K, used 26041119K [0x00007f0c79b50000, 0x00007f14f990d000, 0x00007f1724600000)
   the space 35649268K,  73% used [0x00007f0c79b50000, 0x00007f12af217c08, 0x00007f12af217e00, 0x00007f14f990d000)
 Metaspace       used 30348K, capacity 30773K, committed 30976K, reserved 32768K
}
Event: 1317.994 GC heap after
{Heap after GC invocations=84 (full 7):
 def new generation   total 16042176K, used 1334607K [0x00007f0724600000, 0x00007f0b644e0000, 0x00007f0c79b50000)
  eden space 14259712K,   0% used [0x00007f0724600000, 0x00007f0724600000, 0x00007f0a8ab80000)
  from space 1782464K,  74% used [0x00007f0a8ab80000, 0x00007f0adc2d3ee0, 0x00007f0af7830000)
  to   space 1782464K,   0% used [0x00007f0af7830000, 0x00007f0af7830000, 0x00007f0b644e0000)
 tenured generation   total 35649268K, used 27086863K [0x00007f0c79b50000, 0x00007f14f990d000, 0x00007f1724600000)
   the space 35649268K,  75% used [0x00007f0c79b50000, 0x00007f12eef53ca8, 0x00007f12eef53e00, 0x00007f14f990d000)
 Metaspace       used 30348K, capacity 30773K, committed 30976K, reserved 32768K
}
Event: 1321.979 GC heap before
{Heap before GC invocations=84 (full 7):
 def new generation   total 16042176K, used 15594319K [0x00007f0724600000, 0x00007f0b644e0000, 0x00007f0c79b50000)
  eden space 14259712K, 100% used [0x00007f0724600000, 0x00007f0a8ab80000, 0x00007f0a8ab80000)
  from space 1782464K,  74% used [0x00007f0a8ab80000, 0x00007f0adc2d3ee0, 0x00007f0af7830000)
  to   space 1782464K,   0% used [0x00007f0af7830000, 0x00007f0af7830000, 0x00007f0b644e0000)
 tenured generation   total 35649268K, used 27086863K [0x00007f0c79b50000, 0x00007f14f990d000, 0x00007f1724600000)
   the space 35649268K,  75% used [0x00007f0c79b50000, 0x00007f12eef53ca8, 0x00007f12eef53e00, 0x00007f14f990d000)
 Metaspace       used 30348K, capacity 30773K, committed 30976K, reserved 32768K
}
Event: 1325.262 GC heap after
{Heap after GC invocations=85 (full 7):
 def new generation   total 16042176K, used 1021494K [0x00007f0724600000, 0x00007f0b644e0000, 0x00007f0c79b50000)
  eden space 14259712K,   0% used [0x00007f0724600000, 0x00007f0724600000, 0x00007f0a8ab80000)
  from space 1782464K,  57% used [0x00007f0af7830000, 0x00007f0b35dbdba0, 0x00007f0b644e0000)
  to   space 1782464K,   0% used [0x00007f0a8ab80000, 0x00007f0a8ab80000, 0x00007f0af7830000)
 tenured generation   total 35649268K, used 28421470K [0x00007f0c79b50000, 0x00007f14f990d000, 0x00007f1724600000)
   the space 35649268K,  79% used [0x00007f0c79b50000, 0x00007f13406a7908, 0x00007f13406a7a00, 0x00007f14f990d000)
 Metaspace       used 30348K, capacity 30773K, committed 30976K, reserved 32768K
}
Event: 1330.485 GC heap before
{Heap before GC invocations=85 (full 7):
 def new generation   total 16042176K, used 15281206K [0x00007f0724600000, 0x00007f0b644e0000, 0x00007f0c79b50000)
  eden space 14259712K, 100% used [0x00007f0724600000, 0x00007f0a8ab80000, 0x00007f0a8ab80000)
  from space 1782464K,  57% used [0x00007f0af7830000, 0x00007f0b35dbdba0, 0x00007f0b644e0000)
  to   space 1782464K,   0% used [0x00007f0a8ab80000, 0x00007f0a8ab80000, 0x00007f0af7830000)
 tenured generation   total 35649268K, used 28421470K [0x00007f0c79b50000, 0x00007f14f990d000, 0x00007f1724600000)
   the space 35649268K,  79% used [0x00007f0c79b50000, 0x00007f13406a7908, 0x00007f13406a7a00, 0x00007f14f990d000)
 Metaspace       used 30348K, capacity 30773K, committed 30976K, reserved 32768K
}
Event: 1333.101 GC heap after
{Heap after GC invocations=86 (full 7):
 def new generation   total 16042176K, used 1023191K [0x00007f0724600000, 0x00007f0b644e0000, 0x00007f0c79b50000)
  eden space 14259712K,   0% used [0x00007f0724600000, 0x00007f0724600000, 0x00007f0a8ab80000)
  from space 1782464K,  57% used [0x00007f0a8ab80000, 0x00007f0ac92b5cd0, 0x00007f0af7830000)
  to   space 1782464K,   0% used [0x00007f0af7830000, 0x00007f0af7830000, 0x00007f0b644e0000)
 tenured generation   total 35649268K, used 29442964K [0x00007f0c79b50000, 0x00007f14f990d000, 0x00007f1724600000)
   the space 35649268K,  82% used [0x00007f0c79b50000, 0x00007f137ec351c8, 0x00007f137ec35200, 0x00007f14f990d000)
 Metaspace       used 30348K, capacity 30773K, committed 30976K, reserved 32768K
}
Event: 1337.191 GC heap before
{Heap before GC invocations=86 (full 7):
 def new generation   total 16042176K, used 15282903K [0x00007f0724600000, 0x00007f0b644e0000, 0x00007f0c79b50000)
  eden space 14259712K, 100% used [0x00007f0724600000, 0x00007f0a8ab80000, 0x00007f0a8ab80000)
  from space 1782464K,  57% used [0x00007f0a8ab80000, 0x00007f0ac92b5cd0, 0x00007f0af7830000)
  to   space 1782464K,   0% used [0x00007f0af7830000, 0x00007f0af7830000, 0x00007f0b644e0000)
 tenured generation   total 35649268K, used 29442964K [0x00007f0c79b50000, 0x00007f14f990d000, 0x00007f1724600000)
   the space 35649268K,  82% used [0x00007f0c79b50000, 0x00007f137ec351c8, 0x00007f137ec35200, 0x00007f14f990d000)
 Metaspace       used 30348K, capacity 30773K, committed 30976K, reserved 32768K
}
Event: 1339.950 GC heap after
{Heap after GC invocations=87 (full 7):
 def new generation   total 16042176K, used 1121378K [0x00007f0724600000, 0x00007f0b644e0000, 0x00007f0c79b50000)
  eden space 14259712K,   0% used [0x00007f0724600000, 0x00007f0724600000, 0x00007f0a8ab80000)
  from space 1782464K,  62% used [0x00007f0af7830000, 0x00007f0b3bf48840, 0x00007f0b644e0000)
  to   space 1782464K,   0% used [0x00007f0a8ab80000, 0x00007f0a8ab80000, 0x00007f0af7830000)
 tenured generation   total 35649268K, used 30466154K [0x00007f0c79b50000, 0x00007f14f990d000, 0x00007f1724600000)
   the space 35649268K,  85% used [0x00007f0c79b50000, 0x00007f13bd36aad8, 0x00007f13bd36ac00, 0x00007f14f990d000)
 Metaspace       used 30348K, capacity 30773K, committed 30976K, reserved 32768K
}
Event: 1344.101 GC heap before
{Heap before GC invocations=87 (full 7):
 def new generation   total 16042176K, used 15381090K [0x00007f0724600000, 0x00007f0b644e0000, 0x00007f0c79b50000)
  eden space 14259712K, 100% used [0x00007f0724600000, 0x00007f0a8ab80000, 0x00007f0a8ab80000)
  from space 1782464K,  62% used [0x00007f0af7830000, 0x00007f0b3bf48840, 0x00007f0b644e0000)
  to   space 1782464K,   0% used [0x00007f0a8ab80000, 0x00007f0a8ab80000, 0x00007f0af7830000)
 tenured generation   total 35649268K, used 30466154K [0x00007f0c79b50000, 0x00007f14f990d000, 0x00007f1724600000)
   the space 35649268K,  85% used [0x00007f0c79b50000, 0x00007f13bd36aad8, 0x00007f13bd36ac00, 0x00007f14f990d000)
 Metaspace       used 30348K, capacity 30773K, committed 30976K, reserved 32768K
}
Event: 1347.256 GC heap after
{Heap after GC invocations=88 (full 7):
 def new generation   total 16042176K, used 1255380K [0x00007f0724600000, 0x00007f0b644e0000, 0x00007f0c79b50000)
  eden space 14259712K,   0% used [0x00007f0724600000, 0x00007f0724600000, 0x00007f0a8ab80000)
  from space 1782464K,  70% used [0x00007f0a8ab80000, 0x00007f0ad7575370, 0x00007f0af7830000)
  to   space 1782464K,   0% used [0x00007f0af7830000, 0x00007f0af7830000, 0x00007f0b644e0000)
 tenured generation   total 35649268K, used 31587531K [0x00007f0c79b50000, 0x00007f14f990d000, 0x00007f1724600000)
   the space 35649268K,  88% used [0x00007f0c79b50000, 0x00007f1401a82fd8, 0x00007f1401a83000, 0x00007f14f990d000)
 Metaspace       used 30348K, capacity 30773K, committed 30976K, reserved 32768K
}
Event: 1351.590 GC heap before
{Heap before GC invocations=88 (full 7):
 def new generation   total 16042176K, used 15515092K [0x00007f0724600000, 0x00007f0b644e0000, 0x00007f0c79b50000)
  eden space 14259712K, 100% used [0x00007f0724600000, 0x00007f0a8ab80000, 0x00007f0a8ab80000)
  from space 1782464K,  70% used [0x00007f0a8ab80000, 0x00007f0ad7575370, 0x00007f0af7830000)
  to   space 1782464K,   0% used [0x00007f0af7830000, 0x00007f0af7830000, 0x00007f0b644e0000)
 tenured generation   total 35649268K, used 31587531K [0x00007f0c79b50000, 0x00007f14f990d000, 0x00007f1724600000)
   the space 35649268K,  88% used [0x00007f0c79b50000, 0x00007f1401a82fd8, 0x00007f1401a83000, 0x00007f14f990d000)
 Metaspace       used 30348K, capacity 30773K, committed 30976K, reserved 32768K
}
Event: 1354.381 GC heap after
{Heap after GC invocations=89 (full 7):
 def new generation   total 16042176K, used 1030144K [0x00007f0724600000, 0x00007f0b644e0000, 0x00007f0c79b50000)
  eden space 14259712K,   0% used [0x00007f0724600000, 0x00007f0724600000, 0x00007f0a8ab80000)
  from space 1782464K,  57% used [0x00007f0af7830000, 0x00007f0b366303d0, 0x00007f0b644e0000)
  to   space 1782464K,   0% used [0x00007f0a8ab80000, 0x00007f0a8ab80000, 0x00007f0af7830000)
 tenured generation   total 35649268K, used 32842911K [0x00007f0c79b50000, 0x00007f14f990d000, 0x00007f1724600000)
   the space 35649268K,  92% used [0x00007f0c79b50000, 0x00007f144e477f68, 0x00007f144e478000, 0x00007f14f990d000)
 Metaspace       used 30348K, capacity 30773K, committed 30976K, reserved 32768K
}
Event: 1359.577 GC heap before
{Heap before GC invocations=89 (full 7):
 def new generation   total 16042176K, used 15289856K [0x00007f0724600000, 0x00007f0b644e0000, 0x00007f0c79b50000)
  eden space 14259712K, 100% used [0x00007f0724600000, 0x00007f0a8ab80000, 0x00007f0a8ab80000)
  from space 1782464K,  57% used [0x00007f0af7830000, 0x00007f0b366303d0, 0x00007f0b644e0000)
  to   space 1782464K,   0% used [0x00007f0a8ab80000, 0x00007f0a8ab80000, 0x00007f0af7830000)
 tenured generation   total 35649268K, used 32842911K [0x00007f0c79b50000, 0x00007f14f990d000, 0x00007f1724600000)
   the space 35649268K,  92% used [0x00007f0c79b50000, 0x00007f144e477f68, 0x00007f144e478000, 0x00007f14f990d000)
 Metaspace       used 30348K, capacity 30773K, committed 30976K, reserved 32768K
}
Event: 1362.655 GC heap after
{Heap after GC invocations=90 (full 7):
 def new generation   total 16042176K, used 1029428K [0x00007f0724600000, 0x00007f0b644e0000, 0x00007f0c79b50000)
  eden space 14259712K,   0% used [0x00007f0724600000, 0x00007f0724600000, 0x00007f0a8ab80000)
  from space 1782464K,  57% used [0x00007f0a8ab80000, 0x00007f0ac98cd140, 0x00007f0af7830000)
  to   space 1782464K,   0% used [0x00007f0af7830000, 0x00007f0af7830000, 0x00007f0b644e0000)
 tenured generation   total 35649268K, used 33873056K [0x00007f0c79b50000, 0x00007f14f990d000, 0x00007f1724600000)
   the space 35649268K,  95% used [0x00007f0c79b50000, 0x00007f148d2781f8, 0x00007f148d278200, 0x00007f14f990d000)
 Metaspace       used 30348K, capacity 30773K, committed 30976K, reserved 32768K
}
Event: 1366.609 GC heap before
{Heap before GC invocations=90 (full 7):
 def new generation   total 16042176K, used 15289140K [0x00007f0724600000, 0x00007f0b644e0000, 0x00007f0c79b50000)
  eden space 14259712K, 100% used [0x00007f0724600000, 0x00007f0a8ab80000, 0x00007f0a8ab80000)
  from space 1782464K,  57% used [0x00007f0a8ab80000, 0x00007f0ac98cd140, 0x00007f0af7830000)
  to   space 1782464K,   0% used [0x00007f0af7830000, 0x00007f0af7830000, 0x00007f0b644e0000)
 tenured generation   total 35649268K, used 33873056K [0x00007f0c79b50000, 0x00007f14f990d000, 0x00007f1724600000)
   the space 35649268K,  95% used [0x00007f0c79b50000, 0x00007f148d2781f8, 0x00007f148d278200, 0x00007f14f990d000)
 Metaspace       used 30348K, capacity 30773K, committed 30976K, reserved 32768K
}
Event: 1370.212 GC heap after
{Heap after GC invocations=91 (full 7):
 def new generation   total 16042176K, used 1232918K [0x00007f0724600000, 0x00007f0b644e0000, 0x00007f0c79b50000)
  eden space 14259712K,   0% used [0x00007f0724600000, 0x00007f0724600000, 0x00007f0a8ab80000)
  from space 1782464K,  69% used [0x00007f0af7830000, 0x00007f0b42c35820, 0x00007f0b644e0000)
  to   space 1782464K,   0% used [0x00007f0a8ab80000, 0x00007f0a8ab80000, 0x00007f0af7830000)
 tenured generation   total 35649268K, used 34902484K [0x00007f0c79b50000, 0x00007f14f990d000, 0x00007f1724600000)
   the space 35649268K,  97% used [0x00007f0c79b50000, 0x00007f14cbfc50b8, 0x00007f14cbfc5200, 0x00007f14f990d000)
 Metaspace       used 30348K, capacity 30773K, committed 30976K, reserved 32768K
}
Event: 1374.210 GC heap before
{Heap before GC invocations=91 (full 7):
 def new generation   total 16042176K, used 15492630K [0x00007f0724600000, 0x00007f0b644e0000, 0x00007f0c79b50000)
  eden space 14259712K, 100% used [0x00007f0724600000, 0x00007f0a8ab80000, 0x00007f0a8ab80000)
  from space 1782464K,  69% used [0x00007f0af7830000, 0x00007f0b42c35820, 0x00007f0b644e0000)
  to   space 1782464K,   0% used [0x00007f0a8ab80000, 0x00007f0a8ab80000, 0x00007f0af7830000)
 tenured generation   total 35649268K, used 34902484K [0x00007f0c79b50000, 0x00007f14f990d000, 0x00007f1724600000)
   the space 35649268K,  97% used [0x00007f0c79b50000, 0x00007f14cbfc50b8, 0x00007f14cbfc5200, 0x00007f14f990d000)
 Metaspace       used 30348K, capacity 30773K, committed 30976K, reserved 32768K
}
Event: 1377.485 GC heap after
{Heap after GC invocations=92 (full 7):
 def new generation   total 16042176K, used 1144026K [0x00007f0724600000, 0x00007f0b644e0000, 0x00007f0c79b50000)
  eden space 14259712K,   0% used [0x00007f0724600000, 0x00007f0724600000, 0x00007f0a8ab80000)
  from space 1782464K,  64% used [0x00007f0a8ab80000, 0x00007f0ad08b6a30, 0x00007f0af7830000)
  to   space 1782464K,   0% used [0x00007f0af7830000, 0x00007f0af7830000, 0x00007f0b644e0000)
 tenured generation   total 36135412K, used 36135401K [0x00007f0c79b50000, 0x00007f15173cd000, 0x00007f1724600000)
   the space 36135412K,  99% used [0x00007f0c79b50000, 0x00007f15173ca4d8, 0x00007f15173ca600, 0x00007f15173cd000)
 Metaspace       used 30348K, capacity 30773K, committed 30976K, reserved 32768K
}
Event: 1377.485 GC heap before
{Heap before GC invocations=92 (full 7):
 def new generation   total 16042176K, used 1144026K [0x00007f0724600000, 0x00007f0b644e0000, 0x00007f0c79b50000)
  eden space 14259712K,   0% used [0x00007f0724600000, 0x00007f0724600000, 0x00007f0a8ab80000)
  from space 1782464K,  64% used [0x00007f0a8ab80000, 0x00007f0ad08b6a30, 0x00007f0af7830000)
  to   space 1782464K,   0% used [0x00007f0af7830000, 0x00007f0af7830000, 0x00007f0b644e0000)
 tenured generation   total 36135412K, used 36135401K [0x00007f0c79b50000, 0x00007f15173cd000, 0x00007f1724600000)
   the space 36135412K,  99% used [0x00007f0c79b50000, 0x00007f15173ca4d8, 0x00007f15173ca600, 0x00007f15173cd000)
 Metaspace       used 30348K, capacity 30773K, committed 30976K, reserved 32768K
}

