# JRE version: OpenJDK Runtime Environment (13.0.7+5) (build 13.0.7+5-Ubuntu-0ubuntu120.04)
# Java VM: OpenJDK 64-Bit Server VM (13.0.7+5-Ubuntu-0ubuntu120.04, mixed mode, tiered, serial gc, linux-amd64)
Heap:
 def new generation   total 1748160K, used 0K [0x00007f2724600000, 0x00007f279aed0000, 0x00007f2c79b50000)
  eden space 1553984K,   0% used [0x00007f2724600000, 0x00007f2724600000, 0x00007f2783390000)
  from space 194176K,   0% used [0x00007f2783390000, 0x00007f2783390000, 0x00007f278f130000)
  to   space 194176K,   0% used [0x00007f278f130000, 0x00007f278f130000, 0x00007f279aed0000)
 tenured generation   total 3884780K, used 3872430K [0x00007f2c79b50000, 0x00007f2d66d0b000, 0x00007f3724600000)
   the space 3884780K,  99% used [0x00007f2c79b50000, 0x00007f2d660fbba0, 0x00007f2d660fbc00, 0x00007f2d66d0b000)
 Metaspace       used 24324K, capacity 24751K, committed 24832K, reserved 26624K
GC Heap History (20 events):
Event: 6325.505 GC heap after
{Heap after GC invocations=12489 (full 3):
 def new generation   total 1748160K, used 6741K [0x00007f2724600000, 0x00007f279aed0000, 0x00007f2c79b50000)
  eden space 1553984K,   0% used [0x00007f2724600000, 0x00007f2724600000, 0x00007f2783390000)
  from space 194176K,   3% used [0x00007f278f130000, 0x00007f278f7c55c0, 0x00007f279aed0000)
  to   space 194176K,   0% used [0x00007f2783390000, 0x00007f2783390000, 0x00007f278f130000)
 tenured generation   total 3884588K, used 3880990K [0x00007f2c79b50000, 0x00007f2d66cdb000, 0x00007f3724600000)
   the space 3884588K,  99% used [0x00007f2c79b50000, 0x00007f2d66957b90, 0x00007f2d66957c00, 0x00007f2d66cdb000)
 Metaspace       used 24324K, capacity 24751K, committed 24832K, reserved 26624K
}
Event: 6326.397 GC heap before
{Heap before GC invocations=12489 (full 3):
 def new generation   total 1748160K, used 1560725K [0x00007f2724600000, 0x00007f279aed0000, 0x00007f2c79b50000)
  eden space 1553984K, 100% used [0x00007f2724600000, 0x00007f2783390000, 0x00007f2783390000)
  from space 194176K,   3% used [0x00007f278f130000, 0x00007f278f7c55c0, 0x00007f279aed0000)
  to   space 194176K,   0% used [0x00007f2783390000, 0x00007f2783390000, 0x00007f278f130000)
 tenured generation   total 3884588K, used 3880990K [0x00007f2c79b50000, 0x00007f2d66cdb000, 0x00007f3724600000)
   the space 3884588K,  99% used [0x00007f2c79b50000, 0x00007f2d66957b90, 0x00007f2d66957c00, 0x00007f2d66cdb000)
 Metaspace       used 24324K, capacity 24751K, committed 24832K, reserved 26624K
}
Event: 6326.407 GC heap after
{Heap after GC invocations=12490 (full 3):
 def new generation   total 1748160K, used 6665K [0x00007f2724600000, 0x00007f279aed0000, 0x00007f2c79b50000)
  eden space 1553984K,   0% used [0x00007f2724600000, 0x00007f2724600000, 0x00007f2783390000)
  from space 194176K,   3% used [0x00007f2783390000, 0x00007f2783a126f8, 0x00007f278f130000)
  to   space 194176K,   0% used [0x00007f278f130000, 0x00007f278f130000, 0x00007f279aed0000)
 tenured generation   total 3884588K, used 3881352K [0x00007f2c79b50000, 0x00007f2d66cdb000, 0x00007f3724600000)
   the space 3884588K,  99% used [0x00007f2c79b50000, 0x00007f2d669b21a0, 0x00007f2d669b2200, 0x00007f2d66cdb000)
 Metaspace       used 24324K, capacity 24751K, committed 24832K, reserved 26624K
}
Event: 6327.298 GC heap before
{Heap before GC invocations=12490 (full 3):
 def new generation   total 1748160K, used 1560649K [0x00007f2724600000, 0x00007f279aed0000, 0x00007f2c79b50000)
  eden space 1553984K, 100% used [0x00007f2724600000, 0x00007f2783390000, 0x00007f2783390000)
  from space 194176K,   3% used [0x00007f2783390000, 0x00007f2783a126f8, 0x00007f278f130000)
  to   space 194176K,   0% used [0x00007f278f130000, 0x00007f278f130000, 0x00007f279aed0000)
 tenured generation   total 3884588K, used 3881352K [0x00007f2c79b50000, 0x00007f2d66cdb000, 0x00007f3724600000)
   the space 3884588K,  99% used [0x00007f2c79b50000, 0x00007f2d669b21a0, 0x00007f2d669b2200, 0x00007f2d66cdb000)
 Metaspace       used 24324K, capacity 24751K, committed 24832K, reserved 26624K
}
Event: 6327.307 GC heap after
{Heap after GC invocations=12491 (full 3):
 def new generation   total 1748160K, used 6594K [0x00007f2724600000, 0x00007f279aed0000, 0x00007f2c79b50000)
  eden space 1553984K,   0% used [0x00007f2724600000, 0x00007f2724600000, 0x00007f2783390000)
  from space 194176K,   3% used [0x00007f278f130000, 0x00007f278f7a09c0, 0x00007f279aed0000)
  to   space 194176K,   0% used [0x00007f2783390000, 0x00007f2783390000, 0x00007f278f130000)
 tenured generation   total 3884588K, used 3881692K [0x00007f2c79b50000, 0x00007f2d66cdb000, 0x00007f3724600000)
   the space 3884588K,  99% used [0x00007f2c79b50000, 0x00007f2d66a072a0, 0x00007f2d66a07400, 0x00007f2d66cdb000)
 Metaspace       used 24324K, capacity 24751K, committed 24832K, reserved 26624K
}
Event: 6328.213 GC heap before
{Heap before GC invocations=12491 (full 3):
 def new generation   total 1748160K, used 1560578K [0x00007f2724600000, 0x00007f279aed0000, 0x00007f2c79b50000)
  eden space 1553984K, 100% used [0x00007f2724600000, 0x00007f2783390000, 0x00007f2783390000)
  from space 194176K,   3% used [0x00007f278f130000, 0x00007f278f7a09c0, 0x00007f279aed0000)
  to   space 194176K,   0% used [0x00007f2783390000, 0x00007f2783390000, 0x00007f278f130000)
 tenured generation   total 3884588K, used 3881692K [0x00007f2c79b50000, 0x00007f2d66cdb000, 0x00007f3724600000)
   the space 3884588K,  99% used [0x00007f2c79b50000, 0x00007f2d66a072a0, 0x00007f2d66a07400, 0x00007f2d66cdb000)
 Metaspace       used 24324K, capacity 24751K, committed 24832K, reserved 26624K
}
Event: 6328.221 GC heap after
{Heap after GC invocations=12492 (full 3):
 def new generation   total 1748160K, used 6526K [0x00007f2724600000, 0x00007f279aed0000, 0x00007f2c79b50000)
  eden space 1553984K,   0% used [0x00007f2724600000, 0x00007f2724600000, 0x00007f2783390000)
  from space 194176K,   3% used [0x00007f2783390000, 0x00007f27839ef888, 0x00007f278f130000)
  to   space 194176K,   0% used [0x00007f278f130000, 0x00007f278f130000, 0x00007f279aed0000)
 tenured generation   total 3884588K, used 3882033K [0x00007f2c79b50000, 0x00007f2d66cdb000, 0x00007f3724600000)
   the space 3884588K,  99% used [0x00007f2c79b50000, 0x00007f2d66a5c5e0, 0x00007f2d66a5c600, 0x00007f2d66cdb000)
 Metaspace       used 24324K, capacity 24751K, committed 24832K, reserved 26624K
}
Event: 6329.101 GC heap before
{Heap before GC invocations=12492 (full 3):
 def new generation   total 1748160K, used 1560510K [0x00007f2724600000, 0x00007f279aed0000, 0x00007f2c79b50000)
  eden space 1553984K, 100% used [0x00007f2724600000, 0x00007f2783390000, 0x00007f2783390000)
  from space 194176K,   3% used [0x00007f2783390000, 0x00007f27839ef888, 0x00007f278f130000)
  to   space 194176K,   0% used [0x00007f278f130000, 0x00007f278f130000, 0x00007f279aed0000)
 tenured generation   total 3884588K, used 3882033K [0x00007f2c79b50000, 0x00007f2d66cdb000, 0x00007f3724600000)
   the space 3884588K,  99% used [0x00007f2c79b50000, 0x00007f2d66a5c5e0, 0x00007f2d66a5c600, 0x00007f2d66cdb000)
 Metaspace       used 24324K, capacity 24751K, committed 24832K, reserved 26624K
}
Event: 6329.112 GC heap after
{Heap after GC invocations=12493 (full 3):
 def new generation   total 1748160K, used 6503K [0x00007f2724600000, 0x00007f279aed0000, 0x00007f2c79b50000)
  eden space 1553984K,   0% used [0x00007f2724600000, 0x00007f2724600000, 0x00007f2783390000)
  from space 194176K,   3% used [0x00007f278f130000, 0x00007f278f789df0, 0x00007f279aed0000)
  to   space 194176K,   0% used [0x00007f2783390000, 0x00007f2783390000, 0x00007f278f130000)
 tenured generation   total 3884588K, used 3882394K [0x00007f2c79b50000, 0x00007f2d66cdb000, 0x00007f3724600000)
   the space 3884588K,  99% used [0x00007f2c79b50000, 0x00007f2d66ab69b0, 0x00007f2d66ab6a00, 0x00007f2d66cdb000)
 Metaspace       used 24324K, capacity 24751K, committed 24832K, reserved 26624K
}
Event: 6329.999 GC heap before
{Heap before GC invocations=12493 (full 3):
 def new generation   total 1748160K, used 1560487K [0x00007f2724600000, 0x00007f279aed0000, 0x00007f2c79b50000)
  eden space 1553984K, 100% used [0x00007f2724600000, 0x00007f2783390000, 0x00007f2783390000)
  from space 194176K,   3% used [0x00007f278f130000, 0x00007f278f789df0, 0x00007f279aed0000)
  to   space 194176K,   0% used [0x00007f2783390000, 0x00007f2783390000, 0x00007f278f130000)
 tenured generation   total 3884588K, used 3882394K [0x00007f2c79b50000, 0x00007f2d66cdb000, 0x00007f3724600000)
   the space 3884588K,  99% used [0x00007f2c79b50000, 0x00007f2d66ab69b0, 0x00007f2d66ab6a00, 0x00007f2d66cdb000)
 Metaspace       used 24324K, capacity 24751K, committed 24832K, reserved 26624K
}
Event: 6330.007 GC heap after
{Heap after GC invocations=12494 (full 3):
 def new generation   total 1748160K, used 6420K [0x00007f2724600000, 0x00007f279aed0000, 0x00007f2c79b50000)
  eden space 1553984K,   0% used [0x00007f2724600000, 0x00007f2724600000, 0x00007f2783390000)
  from space 194176K,   3% used [0x00007f2783390000, 0x00007f27839d52b8, 0x00007f278f130000)
  to   space 194176K,   0% used [0x00007f278f130000, 0x00007f278f130000, 0x00007f279aed0000)
 tenured generation   total 3884588K, used 3882838K [0x00007f2c79b50000, 0x00007f2d66cdb000, 0x00007f3724600000)
   the space 3884588K,  99% used [0x00007f2c79b50000, 0x00007f2d66b25aa0, 0x00007f2d66b25c00, 0x00007f2d66cdb000)
 Metaspace       used 24324K, capacity 24751K, committed 24832K, reserved 26624K
}
Event: 6330.922 GC heap before
{Heap before GC invocations=12494 (full 3):
 def new generation   total 1748160K, used 1560404K [0x00007f2724600000, 0x00007f279aed0000, 0x00007f2c79b50000)
  eden space 1553984K, 100% used [0x00007f2724600000, 0x00007f2783390000, 0x00007f2783390000)
  from space 194176K,   3% used [0x00007f2783390000, 0x00007f27839d52b8, 0x00007f278f130000)
  to   space 194176K,   0% used [0x00007f278f130000, 0x00007f278f130000, 0x00007f279aed0000)
 tenured generation   total 3884588K, used 3882838K [0x00007f2c79b50000, 0x00007f2d66cdb000, 0x00007f3724600000)
   the space 3884588K,  99% used [0x00007f2c79b50000, 0x00007f2d66b25aa0, 0x00007f2d66b25c00, 0x00007f2d66cdb000)
 Metaspace       used 24324K, capacity 24751K, committed 24832K, reserved 26624K
}
Event: 6330.932 GC heap after
{Heap after GC invocations=12495 (full 3):
 def new generation   total 1748160K, used 6294K [0x00007f2724600000, 0x00007f279aed0000, 0x00007f2c79b50000)
  eden space 1553984K,   0% used [0x00007f2724600000, 0x00007f2724600000, 0x00007f2783390000)
  from space 194176K,   3% used [0x00007f278f130000, 0x00007f278f755988, 0x00007f279aed0000)
  to   space 194176K,   0% used [0x00007f2783390000, 0x00007f2783390000, 0x00007f278f130000)
 tenured generation   total 3884588K, used 3883303K [0x00007f2c79b50000, 0x00007f2d66cdb000, 0x00007f3724600000)
   the space 3884588K,  99% used [0x00007f2c79b50000, 0x00007f2d66b99da0, 0x00007f2d66b99e00, 0x00007f2d66cdb000)
 Metaspace       used 24324K, capacity 24751K, committed 24832K, reserved 26624K
}
Event: 6331.840 GC heap before
{Heap before GC invocations=12495 (full 3):
 def new generation   total 1748160K, used 1560278K [0x00007f2724600000, 0x00007f279aed0000, 0x00007f2c79b50000)
  eden space 1553984K, 100% used [0x00007f2724600000, 0x00007f2783390000, 0x00007f2783390000)
  from space 194176K,   3% used [0x00007f278f130000, 0x00007f278f755988, 0x00007f279aed0000)
  to   space 194176K,   0% used [0x00007f2783390000, 0x00007f2783390000, 0x00007f278f130000)
 tenured generation   total 3884588K, used 3883303K [0x00007f2c79b50000, 0x00007f2d66cdb000, 0x00007f3724600000)
   the space 3884588K,  99% used [0x00007f2c79b50000, 0x00007f2d66b99da0, 0x00007f2d66b99e00, 0x00007f2d66cdb000)
 Metaspace       used 24324K, capacity 24751K, committed 24832K, reserved 26624K
}
Event: 6331.849 GC heap after
{Heap after GC invocations=12496 (full 3):
 def new generation   total 1748160K, used 6296K [0x00007f2724600000, 0x00007f279aed0000, 0x00007f2c79b50000)
  eden space 1553984K,   0% used [0x00007f2724600000, 0x00007f2724600000, 0x00007f2783390000)
  from space 194176K,   3% used [0x00007f2783390000, 0x00007f27839b61a0, 0x00007f278f130000)
  to   space 194176K,   0% used [0x00007f278f130000, 0x00007f278f130000, 0x00007f279aed0000)
 tenured generation   total 3884588K, used 3883768K [0x00007f2c79b50000, 0x00007f2d66cdb000, 0x00007f3724600000)
   the space 3884588K,  99% used [0x00007f2c79b50000, 0x00007f2d66c0e0a0, 0x00007f2d66c0e200, 0x00007f2d66cdb000)
 Metaspace       used 24324K, capacity 24751K, committed 24832K, reserved 26624K
}
Event: 6332.737 GC heap before
{Heap before GC invocations=12496 (full 3):
 def new generation   total 1748160K, used 1560280K [0x00007f2724600000, 0x00007f279aed0000, 0x00007f2c79b50000)
  eden space 1553984K, 100% used [0x00007f2724600000, 0x00007f2783390000, 0x00007f2783390000)
  from space 194176K,   3% used [0x00007f2783390000, 0x00007f27839b61a0, 0x00007f278f130000)
  to   space 194176K,   0% used [0x00007f278f130000, 0x00007f278f130000, 0x00007f279aed0000)
 tenured generation   total 3884588K, used 3883768K [0x00007f2c79b50000, 0x00007f2d66cdb000, 0x00007f3724600000)
   the space 3884588K,  99% used [0x00007f2c79b50000, 0x00007f2d66c0e0a0, 0x00007f2d66c0e200, 0x00007f2d66cdb000)
 Metaspace       used 24324K, capacity 24751K, committed 24832K, reserved 26624K
}
Event: 6332.746 GC heap after
{Heap after GC invocations=12497 (full 3):
 def new generation   total 1748160K, used 6319K [0x00007f2724600000, 0x00007f279aed0000, 0x00007f2c79b50000)
  eden space 1553984K,   0% used [0x00007f2724600000, 0x00007f2724600000, 0x00007f2783390000)
  from space 194176K,   3% used [0x00007f278f130000, 0x00007f278f75be90, 0x00007f279aed0000)
  to   space 194176K,   0% used [0x00007f2783390000, 0x00007f2783390000, 0x00007f278f130000)
 tenured generation   total 3884588K, used 3884212K [0x00007f2c79b50000, 0x00007f2d66cdb000, 0x00007f3724600000)
   the space 3884588K,  99% used [0x00007f2c79b50000, 0x00007f2d66c7d0d0, 0x00007f2d66c7d200, 0x00007f2d66cdb000)
 Metaspace       used 24324K, capacity 24751K, committed 24832K, reserved 26624K
}
Event: 6333.651 GC heap before
{Heap before GC invocations=12497 (full 3):
 def new generation   total 1748160K, used 1560303K [0x00007f2724600000, 0x00007f279aed0000, 0x00007f2c79b50000)
  eden space 1553984K, 100% used [0x00007f2724600000, 0x00007f2783390000, 0x00007f2783390000)
  from space 194176K,   3% used [0x00007f278f130000, 0x00007f278f75be90, 0x00007f279aed0000)
  to   space 194176K,   0% used [0x00007f2783390000, 0x00007f2783390000, 0x00007f278f130000)
 tenured generation   total 3884588K, used 3884212K [0x00007f2c79b50000, 0x00007f2d66cdb000, 0x00007f3724600000)
   the space 3884588K,  99% used [0x00007f2c79b50000, 0x00007f2d66c7d0d0, 0x00007f2d66c7d200, 0x00007f2d66cdb000)
 Metaspace       used 24324K, capacity 24751K, committed 24832K, reserved 26624K
}
Event: 6333.659 GC heap after
{Heap after GC invocations=12498 (full 3):
 def new generation   total 1748160K, used 6313K [0x00007f2724600000, 0x00007f279aed0000, 0x00007f2c79b50000)
  eden space 1553984K,   0% used [0x00007f2724600000, 0x00007f2724600000, 0x00007f2783390000)
  from space 194176K,   3% used [0x00007f2783390000, 0x00007f27839ba698, 0x00007f278f130000)
  to   space 194176K,   0% used [0x00007f278f130000, 0x00007f278f130000, 0x00007f279aed0000)
 tenured generation   total 3884780K, used 3884679K [0x00007f2c79b50000, 0x00007f2d66d0b000, 0x00007f3724600000)
   the space 3884780K,  99% used [0x00007f2c79b50000, 0x00007f2d66cf1da8, 0x00007f2d66cf1e00, 0x00007f2d66d0b000)
 Metaspace       used 24324K, capacity 24751K, committed 24832K, reserved 26624K
}
Event: 6333.659 GC heap before
{Heap before GC invocations=12498 (full 3):
 def new generation   total 1748160K, used 6313K [0x00007f2724600000, 0x00007f279aed0000, 0x00007f2c79b50000)
  eden space 1553984K,   0% used [0x00007f2724600000, 0x00007f2724600000, 0x00007f2783390000)
  from space 194176K,   3% used [0x00007f2783390000, 0x00007f27839ba698, 0x00007f278f130000)
  to   space 194176K,   0% used [0x00007f278f130000, 0x00007f278f130000, 0x00007f279aed0000)
 tenured generation   total 3884780K, used 3884679K [0x00007f2c79b50000, 0x00007f2d66d0b000, 0x00007f3724600000)
   the space 3884780K,  99% used [0x00007f2c79b50000, 0x00007f2d66cf1da8, 0x00007f2d66cf1e00, 0x00007f2d66d0b000)
 Metaspace       used 24324K, capacity 24751K, committed 24832K, reserved 26624K
}

