# JRE version: OpenJDK Runtime Environment (13.0.7+5) (build 13.0.7+5-Ubuntu-0ubuntu120.04)
# Java VM: OpenJDK 64-Bit Server VM (13.0.7+5-Ubuntu-0ubuntu120.04, mixed mode, tiered, serial gc, linux-amd64)
Heap:
 def new generation   total 1048832K, used 38455K [0x00007fa690600000, 0x00007fa6d7800000, 0x00007fabe5b50000)
  eden space 932352K,   4% used [0x00007fa690600000, 0x00007fa692b8ddc8, 0x00007fa6c9480000)
  from space 116480K,   0% used [0x00007fa6c9480000, 0x00007fa6c9480000, 0x00007fa6d0640000)
  to   space 116480K,   0% used [0x00007fa6d0640000, 0x00007fa6d0640000, 0x00007fa6d7800000)
 tenured generation   total 2330944K, used 2330943K [0x00007fabe5b50000, 0x00007fac73fa0000, 0x00007fb690600000)
   the space 2330944K,  99% used [0x00007fabe5b50000, 0x00007fac73f9ffb8, 0x00007fac73fa0000, 0x00007fac73fa0000)
 Metaspace       used 24265K, capacity 24659K, committed 24832K, reserved 26624K
GC Heap History (20 events):
Event: 453.654 GC heap after
{Heap after GC invocations=1277 (full 2):
 def new generation   total 1048832K, used 38477K [0x00007fa690600000, 0x00007fa6d7800000, 0x00007fabe5b50000)
  eden space 932352K,   0% used [0x00007fa690600000, 0x00007fa690600000, 0x00007fa6c9480000)
  from space 116480K,  33% used [0x00007fa6d0640000, 0x00007fa6d2bd36d8, 0x00007fa6d7800000)
  to   space 116480K,   0% used [0x00007fa6c9480000, 0x00007fa6c9480000, 0x00007fa6d0640000)
 tenured generation   total 2330560K, used 2307838K [0x00007fabe5b50000, 0x00007fac73f40000, 0x00007fb690600000)
   the space 2330560K,  99% used [0x00007fabe5b50000, 0x00007fac7290f9c0, 0x00007fac7290fa00, 0x00007fac73f40000)
 Metaspace       used 24265K, capacity 24659K, committed 24832K, reserved 26624K
}
Event: 454.097 GC heap before
{Heap before GC invocations=1277 (full 2):
 def new generation   total 1048832K, used 970829K [0x00007fa690600000, 0x00007fa6d7800000, 0x00007fabe5b50000)
  eden space 932352K, 100% used [0x00007fa690600000, 0x00007fa6c9480000, 0x00007fa6c9480000)
  from space 116480K,  33% used [0x00007fa6d0640000, 0x00007fa6d2bd36d8, 0x00007fa6d7800000)
  to   space 116480K,   0% used [0x00007fa6c9480000, 0x00007fa6c9480000, 0x00007fa6d0640000)
 tenured generation   total 2330560K, used 2307838K [0x00007fabe5b50000, 0x00007fac73f40000, 0x00007fb690600000)
   the space 2330560K,  99% used [0x00007fabe5b50000, 0x00007fac7290f9c0, 0x00007fac7290fa00, 0x00007fac73f40000)
 Metaspace       used 24265K, capacity 24659K, committed 24832K, reserved 26624K
}
Event: 454.141 GC heap after
{Heap after GC invocations=1278 (full 2):
 def new generation   total 1048832K, used 38463K [0x00007fa690600000, 0x00007fa6d7800000, 0x00007fabe5b50000)
  eden space 932352K,   0% used [0x00007fa690600000, 0x00007fa690600000, 0x00007fa6c9480000)
  from space 116480K,  33% used [0x00007fa6c9480000, 0x00007fa6cba0fe70, 0x00007fa6d0640000)
  to   space 116480K,   0% used [0x00007fa6d0640000, 0x00007fa6d0640000, 0x00007fa6d7800000)
 tenured generation   total 2330560K, used 2310446K [0x00007fabe5b50000, 0x00007fac73f40000, 0x00007fb690600000)
   the space 2330560K,  99% used [0x00007fabe5b50000, 0x00007fac72b9b830, 0x00007fac72b9ba00, 0x00007fac73f40000)
 Metaspace       used 24265K, capacity 24659K, committed 24832K, reserved 26624K
}
Event: 454.578 GC heap before
{Heap before GC invocations=1278 (full 2):
 def new generation   total 1048832K, used 970815K [0x00007fa690600000, 0x00007fa6d7800000, 0x00007fabe5b50000)
  eden space 932352K, 100% used [0x00007fa690600000, 0x00007fa6c9480000, 0x00007fa6c9480000)
  from space 116480K,  33% used [0x00007fa6c9480000, 0x00007fa6cba0fe70, 0x00007fa6d0640000)
  to   space 116480K,   0% used [0x00007fa6d0640000, 0x00007fa6d0640000, 0x00007fa6d7800000)
 tenured generation   total 2330560K, used 2310446K [0x00007fabe5b50000, 0x00007fac73f40000, 0x00007fb690600000)
   the space 2330560K,  99% used [0x00007fabe5b50000, 0x00007fac72b9b830, 0x00007fac72b9ba00, 0x00007fac73f40000)
 Metaspace       used 24265K, capacity 24659K, committed 24832K, reserved 26624K
}
Event: 454.625 GC heap after
{Heap after GC invocations=1279 (full 2):
 def new generation   total 1048832K, used 38468K [0x00007fa690600000, 0x00007fa6d7800000, 0x00007fabe5b50000)
  eden space 932352K,   0% used [0x00007fa690600000, 0x00007fa690600000, 0x00007fa6c9480000)
  from space 116480K,  33% used [0x00007fa6d0640000, 0x00007fa6d2bd1340, 0x00007fa6d7800000)
  to   space 116480K,   0% used [0x00007fa6c9480000, 0x00007fa6c9480000, 0x00007fa6d0640000)
 tenured generation   total 2330560K, used 2312961K [0x00007fabe5b50000, 0x00007fac73f40000, 0x00007fb690600000)
   the space 2330560K,  99% used [0x00007fabe5b50000, 0x00007fac72e104d0, 0x00007fac72e10600, 0x00007fac73f40000)
 Metaspace       used 24265K, capacity 24659K, committed 24832K, reserved 26624K
}
Event: 455.066 GC heap before
{Heap before GC invocations=1279 (full 2):
 def new generation   total 1048832K, used 970820K [0x00007fa690600000, 0x00007fa6d7800000, 0x00007fabe5b50000)
  eden space 932352K, 100% used [0x00007fa690600000, 0x00007fa6c9480000, 0x00007fa6c9480000)
  from space 116480K,  33% used [0x00007fa6d0640000, 0x00007fa6d2bd1340, 0x00007fa6d7800000)
  to   space 116480K,   0% used [0x00007fa6c9480000, 0x00007fa6c9480000, 0x00007fa6d0640000)
 tenured generation   total 2330560K, used 2312961K [0x00007fabe5b50000, 0x00007fac73f40000, 0x00007fb690600000)
   the space 2330560K,  99% used [0x00007fabe5b50000, 0x00007fac72e104d0, 0x00007fac72e10600, 0x00007fac73f40000)
 Metaspace       used 24265K, capacity 24659K, committed 24832K, reserved 26624K
}
Event: 455.112 GC heap after
{Heap after GC invocations=1280 (full 2):
 def new generation   total 1048832K, used 38463K [0x00007fa690600000, 0x00007fa6d7800000, 0x00007fabe5b50000)
  eden space 932352K,   0% used [0x00007fa690600000, 0x00007fa690600000, 0x00007fa6c9480000)
  from space 116480K,  33% used [0x00007fa6c9480000, 0x00007fa6cba0fe98, 0x00007fa6d0640000)
  to   space 116480K,   0% used [0x00007fa6d0640000, 0x00007fa6d0640000, 0x00007fa6d7800000)
 tenured generation   total 2330560K, used 2315568K [0x00007fabe5b50000, 0x00007fac73f40000, 0x00007fb690600000)
   the space 2330560K,  99% used [0x00007fabe5b50000, 0x00007fac7309c340, 0x00007fac7309c400, 0x00007fac73f40000)
 Metaspace       used 24265K, capacity 24659K, committed 24832K, reserved 26624K
}
Event: 455.550 GC heap before
{Heap before GC invocations=1280 (full 2):
 def new generation   total 1048832K, used 970815K [0x00007fa690600000, 0x00007fa6d7800000, 0x00007fabe5b50000)
  eden space 932352K, 100% used [0x00007fa690600000, 0x00007fa6c9480000, 0x00007fa6c9480000)
  from space 116480K,  33% used [0x00007fa6c9480000, 0x00007fa6cba0fe98, 0x00007fa6d0640000)
  to   space 116480K,   0% used [0x00007fa6d0640000, 0x00007fa6d0640000, 0x00007fa6d7800000)
 tenured generation   total 2330560K, used 2315568K [0x00007fabe5b50000, 0x00007fac73f40000, 0x00007fb690600000)
   the space 2330560K,  99% used [0x00007fabe5b50000, 0x00007fac7309c340, 0x00007fac7309c400, 0x00007fac73f40000)
 Metaspace       used 24265K, capacity 24659K, committed 24832K, reserved 26624K
}
Event: 455.597 GC heap after
{Heap after GC invocations=1281 (full 2):
 def new generation   total 1048832K, used 38466K [0x00007fa690600000, 0x00007fa6d7800000, 0x00007fabe5b50000)
  eden space 932352K,   0% used [0x00007fa690600000, 0x00007fa690600000, 0x00007fa6c9480000)
  from space 116480K,  33% used [0x00007fa6d0640000, 0x00007fa6d2bd0a38, 0x00007fa6d7800000)
  to   space 116480K,   0% used [0x00007fa6c9480000, 0x00007fa6c9480000, 0x00007fa6d0640000)
 tenured generation   total 2330560K, used 2318083K [0x00007fabe5b50000, 0x00007fac73f40000, 0x00007fb690600000)
   the space 2330560K,  99% used [0x00007fabe5b50000, 0x00007fac73310fe0, 0x00007fac73311000, 0x00007fac73f40000)
 Metaspace       used 24265K, capacity 24659K, committed 24832K, reserved 26624K
}
Event: 456.038 GC heap before
{Heap before GC invocations=1281 (full 2):
 def new generation   total 1048832K, used 970818K [0x00007fa690600000, 0x00007fa6d7800000, 0x00007fabe5b50000)
  eden space 932352K, 100% used [0x00007fa690600000, 0x00007fa6c9480000, 0x00007fa6c9480000)
  from space 116480K,  33% used [0x00007fa6d0640000, 0x00007fa6d2bd0a38, 0x00007fa6d7800000)
  to   space 116480K,   0% used [0x00007fa6c9480000, 0x00007fa6c9480000, 0x00007fa6d0640000)
 tenured generation   total 2330560K, used 2318083K [0x00007fabe5b50000, 0x00007fac73f40000, 0x00007fb690600000)
   the space 2330560K,  99% used [0x00007fabe5b50000, 0x00007fac73310fe0, 0x00007fac73311000, 0x00007fac73f40000)
 Metaspace       used 24265K, capacity 24659K, committed 24832K, reserved 26624K
}
Event: 456.082 GC heap after
{Heap after GC invocations=1282 (full 2):
 def new generation   total 1048832K, used 38476K [0x00007fa690600000, 0x00007fa6d7800000, 0x00007fabe5b50000)
  eden space 932352K,   0% used [0x00007fa690600000, 0x00007fa690600000, 0x00007fa6c9480000)
  from space 116480K,  33% used [0x00007fa6c9480000, 0x00007fa6cba133e8, 0x00007fa6d0640000)
  to   space 116480K,   0% used [0x00007fa6d0640000, 0x00007fa6d0640000, 0x00007fa6d7800000)
 tenured generation   total 2330560K, used 2320680K [0x00007fabe5b50000, 0x00007fac73f40000, 0x00007fb690600000)
   the space 2330560K,  99% used [0x00007fabe5b50000, 0x00007fac7359a260, 0x00007fac7359a400, 0x00007fac73f40000)
 Metaspace       used 24265K, capacity 24659K, committed 24832K, reserved 26624K
}
Event: 456.521 GC heap before
{Heap before GC invocations=1282 (full 2):
 def new generation   total 1048832K, used 970828K [0x00007fa690600000, 0x00007fa6d7800000, 0x00007fabe5b50000)
  eden space 932352K, 100% used [0x00007fa690600000, 0x00007fa6c9480000, 0x00007fa6c9480000)
  from space 116480K,  33% used [0x00007fa6c9480000, 0x00007fa6cba133e8, 0x00007fa6d0640000)
  to   space 116480K,   0% used [0x00007fa6d0640000, 0x00007fa6d0640000, 0x00007fa6d7800000)
 tenured generation   total 2330560K, used 2320680K [0x00007fabe5b50000, 0x00007fac73f40000, 0x00007fb690600000)
   the space 2330560K,  99% used [0x00007fabe5b50000, 0x00007fac7359a260, 0x00007fac7359a400, 0x00007fac73f40000)
 Metaspace       used 24265K, capacity 24659K, committed 24832K, reserved 26624K
}
Event: 456.568 GC heap after
{Heap after GC invocations=1283 (full 2):
 def new generation   total 1048832K, used 38473K [0x00007fa690600000, 0x00007fa6d7800000, 0x00007fabe5b50000)
  eden space 932352K,   0% used [0x00007fa690600000, 0x00007fa690600000, 0x00007fa6c9480000)
  from space 116480K,  33% used [0x00007fa6d0640000, 0x00007fa6d2bd2578, 0x00007fa6d7800000)
  to   space 116480K,   0% used [0x00007fa6c9480000, 0x00007fa6c9480000, 0x00007fa6d0640000)
 tenured generation   total 2330560K, used 2323195K [0x00007fabe5b50000, 0x00007fac73f40000, 0x00007fb690600000)
   the space 2330560K,  99% used [0x00007fabe5b50000, 0x00007fac7380ef00, 0x00007fac7380f000, 0x00007fac73f40000)
 Metaspace       used 24265K, capacity 24659K, committed 24832K, reserved 26624K
}
Event: 457.009 GC heap before
{Heap before GC invocations=1283 (full 2):
 def new generation   total 1048832K, used 970825K [0x00007fa690600000, 0x00007fa6d7800000, 0x00007fabe5b50000)
  eden space 932352K, 100% used [0x00007fa690600000, 0x00007fa6c9480000, 0x00007fa6c9480000)
  from space 116480K,  33% used [0x00007fa6d0640000, 0x00007fa6d2bd2578, 0x00007fa6d7800000)
  to   space 116480K,   0% used [0x00007fa6c9480000, 0x00007fa6c9480000, 0x00007fa6d0640000)
 tenured generation   total 2330560K, used 2323195K [0x00007fabe5b50000, 0x00007fac73f40000, 0x00007fb690600000)
   the space 2330560K,  99% used [0x00007fabe5b50000, 0x00007fac7380ef00, 0x00007fac7380f000, 0x00007fac73f40000)
 Metaspace       used 24265K, capacity 24659K, committed 24832K, reserved 26624K
}
Event: 457.054 GC heap after
{Heap after GC invocations=1284 (full 2):
 def new generation   total 1048832K, used 38469K [0x00007fa690600000, 0x00007fa6d7800000, 0x00007fabe5b50000)
  eden space 932352K,   0% used [0x00007fa690600000, 0x00007fa690600000, 0x00007fa6c9480000)
  from space 116480K,  33% used [0x00007fa6c9480000, 0x00007fa6cba11410, 0x00007fa6d0640000)
  to   space 116480K,   0% used [0x00007fa6d0640000, 0x00007fa6d0640000, 0x00007fa6d7800000)
 tenured generation   total 2330560K, used 2325803K [0x00007fabe5b50000, 0x00007fac73f40000, 0x00007fb690600000)
   the space 2330560K,  99% used [0x00007fabe5b50000, 0x00007fac73a9ad70, 0x00007fac73a9ae00, 0x00007fac73f40000)
 Metaspace       used 24265K, capacity 24659K, committed 24832K, reserved 26624K
}
Event: 457.491 GC heap before
{Heap before GC invocations=1284 (full 2):
 def new generation   total 1048832K, used 970821K [0x00007fa690600000, 0x00007fa6d7800000, 0x00007fabe5b50000)
  eden space 932352K, 100% used [0x00007fa690600000, 0x00007fa6c9480000, 0x00007fa6c9480000)
  from space 116480K,  33% used [0x00007fa6c9480000, 0x00007fa6cba11410, 0x00007fa6d0640000)
  to   space 116480K,   0% used [0x00007fa6d0640000, 0x00007fa6d0640000, 0x00007fa6d7800000)
 tenured generation   total 2330560K, used 2325803K [0x00007fabe5b50000, 0x00007fac73f40000, 0x00007fb690600000)
   the space 2330560K,  99% used [0x00007fabe5b50000, 0x00007fac73a9ad70, 0x00007fac73a9ae00, 0x00007fac73f40000)
 Metaspace       used 24265K, capacity 24659K, committed 24832K, reserved 26624K
}
Event: 457.539 GC heap after
{Heap after GC invocations=1285 (full 2):
 def new generation   total 1048832K, used 38470K [0x00007fa690600000, 0x00007fa6d7800000, 0x00007fabe5b50000)
  eden space 932352K,   0% used [0x00007fa690600000, 0x00007fa690600000, 0x00007fa6c9480000)
  from space 116480K,  33% used [0x00007fa6d0640000, 0x00007fa6d2bd1b80, 0x00007fa6d7800000)
  to   space 116480K,   0% used [0x00007fa6c9480000, 0x00007fa6c9480000, 0x00007fa6d0640000)
 tenured generation   total 2330560K, used 2328318K [0x00007fabe5b50000, 0x00007fac73f40000, 0x00007fb690600000)
   the space 2330560K,  99% used [0x00007fabe5b50000, 0x00007fac73d0fa10, 0x00007fac73d0fc00, 0x00007fac73f40000)
 Metaspace       used 24265K, capacity 24659K, committed 24832K, reserved 26624K
}
Event: 457.977 GC heap before
{Heap before GC invocations=1285 (full 2):
 def new generation   total 1048832K, used 970822K [0x00007fa690600000, 0x00007fa6d7800000, 0x00007fabe5b50000)
  eden space 932352K, 100% used [0x00007fa690600000, 0x00007fa6c9480000, 0x00007fa6c9480000)
  from space 116480K,  33% used [0x00007fa6d0640000, 0x00007fa6d2bd1b80, 0x00007fa6d7800000)
  to   space 116480K,   0% used [0x00007fa6c9480000, 0x00007fa6c9480000, 0x00007fa6d0640000)
 tenured generation   total 2330560K, used 2328318K [0x00007fabe5b50000, 0x00007fac73f40000, 0x00007fb690600000)
   the space 2330560K,  99% used [0x00007fabe5b50000, 0x00007fac73d0fa10, 0x00007fac73d0fc00, 0x00007fac73f40000)
 Metaspace       used 24265K, capacity 24659K, committed 24832K, reserved 26624K
}
Event: 458.023 GC heap after
{Heap after GC invocations=1286 (full 2):
 def new generation   total 1048832K, used 38477K [0x00007fa690600000, 0x00007fa6d7800000, 0x00007fabe5b50000)
  eden space 932352K,   0% used [0x00007fa690600000, 0x00007fa690600000, 0x00007fa6c9480000)
  from space 116480K,  33% used [0x00007fa6c9480000, 0x00007fa6cba13640, 0x00007fa6d0640000)
  to   space 116480K,   0% used [0x00007fa6d0640000, 0x00007fa6d0640000, 0x00007fa6d7800000)
 tenured generation   total 2330944K, used 2330921K [0x00007fabe5b50000, 0x00007fac73fa0000, 0x00007fb690600000)
   the space 2330944K,  99% used [0x00007fabe5b50000, 0x00007fac73f9a740, 0x00007fac73f9a800, 0x00007fac73fa0000)
 Metaspace       used 24265K, capacity 24659K, committed 24832K, reserved 26624K
}
Event: 458.023 GC heap before
{Heap before GC invocations=1286 (full 2):
 def new generation   total 1048832K, used 38477K [0x00007fa690600000, 0x00007fa6d7800000, 0x00007fabe5b50000)
  eden space 932352K,   0% used [0x00007fa690600000, 0x00007fa690600000, 0x00007fa6c9480000)
  from space 116480K,  33% used [0x00007fa6c9480000, 0x00007fa6cba13640, 0x00007fa6d0640000)
  to   space 116480K,   0% used [0x00007fa6d0640000, 0x00007fa6d0640000, 0x00007fa6d7800000)
 tenured generation   total 2330944K, used 2330921K [0x00007fabe5b50000, 0x00007fac73fa0000, 0x00007fb690600000)
   the space 2330944K,  99% used [0x00007fabe5b50000, 0x00007fac73f9a740, 0x00007fac73f9a800, 0x00007fac73fa0000)
 Metaspace       used 24265K, capacity 24659K, committed 24832K, reserved 26624K
}

