# JRE version: OpenJDK Runtime Environment (13.0.7+5) (build 13.0.7+5-Ubuntu-0ubuntu120.04)
# Java VM: OpenJDK 64-Bit Server VM (13.0.7+5-Ubuntu-0ubuntu120.04, mixed mode, tiered, serial gc, linux-amd64)
Heap:
 def new generation   total 1595776K, used 61646K [0x00007fb6e4600000, 0x00007fb750980000, 0x00007fbc39b50000)
  eden space 1418496K,   4% used [0x00007fb6e4600000, 0x00007fb6e82338b8, 0x00007fb73af40000)
  from space 177280K,   0% used [0x00007fb73af40000, 0x00007fb73af40000, 0x00007fb745c60000)
  to   space 177280K,   0% used [0x00007fb745c60000, 0x00007fb745c60000, 0x00007fb750980000)
 tenured generation   total 3562388K, used 3562019K [0x00007fbc39b50000, 0x00007fbd13235000, 0x00007fc6e4600000)
   the space 3562388K,  99% used [0x00007fbc39b50000, 0x00007fbd131d8d58, 0x00007fbd131d8e00, 0x00007fbd13235000)
 Metaspace       used 24272K, capacity 24688K, committed 24832K, reserved 26624K
GC Heap History (20 events):
Event: 2262.544 GC heap after
{Heap after GC invocations=1919 (full 5):
 def new generation   total 1595776K, used 88379K [0x00007fb6e4600000, 0x00007fb750980000, 0x00007fbc39b50000)
  eden space 1418496K,   0% used [0x00007fb6e4600000, 0x00007fb6e4600000, 0x00007fb73af40000)
  from space 177280K,  49% used [0x00007fb745c60000, 0x00007fb74b2aeda0, 0x00007fb750980000)
  to   space 177280K,   0% used [0x00007fb73af40000, 0x00007fb73af40000, 0x00007fb745c60000)
 tenured generation   total 3546000K, used 3521913K [0x00007fbc39b50000, 0x00007fbd12234000, 0x00007fc6e4600000)
   the space 3546000K,  99% used [0x00007fbc39b50000, 0x00007fbd10aae6f8, 0x00007fbd10aae800, 0x00007fbd12234000)
 Metaspace       used 24272K, capacity 24688K, committed 24832K, reserved 26624K
}
Event: 2264.546 GC heap before
{Heap before GC invocations=1919 (full 5):
 def new generation   total 1595776K, used 1494468K [0x00007fb6e4600000, 0x00007fb750980000, 0x00007fbc39b50000)
  eden space 1418496K,  99% used [0x00007fb6e4600000, 0x00007fb73a322408, 0x00007fb73af40000)
  from space 177280K,  49% used [0x00007fb745c60000, 0x00007fb74b2aeda0, 0x00007fb750980000)
  to   space 177280K,   0% used [0x00007fb73af40000, 0x00007fb73af40000, 0x00007fb745c60000)
 tenured generation   total 3546000K, used 3521913K [0x00007fbc39b50000, 0x00007fbd12234000, 0x00007fc6e4600000)
   the space 3546000K,  99% used [0x00007fbc39b50000, 0x00007fbd10aae6f8, 0x00007fbd10aae800, 0x00007fbd12234000)
 Metaspace       used 24272K, capacity 24688K, committed 24832K, reserved 26624K
}
Event: 2264.632 GC heap after
{Heap after GC invocations=1920 (full 5):
 def new generation   total 1595776K, used 94037K [0x00007fb6e4600000, 0x00007fb750980000, 0x00007fbc39b50000)
  eden space 1418496K,   0% used [0x00007fb6e4600000, 0x00007fb6e4600000, 0x00007fb73af40000)
  from space 177280K,  53% used [0x00007fb73af40000, 0x00007fb740b15690, 0x00007fb745c60000)
  to   space 177280K,   0% used [0x00007fb745c60000, 0x00007fb745c60000, 0x00007fb750980000)
 tenured generation   total 3546000K, used 3521913K [0x00007fbc39b50000, 0x00007fbd12234000, 0x00007fc6e4600000)
   the space 3546000K,  99% used [0x00007fbc39b50000, 0x00007fbd10aae6f8, 0x00007fbd10aae800, 0x00007fbd12234000)
 Metaspace       used 24272K, capacity 24688K, committed 24832K, reserved 26624K
}
Event: 2266.363 GC heap before
{Heap before GC invocations=1920 (full 5):
 def new generation   total 1595776K, used 1512533K [0x00007fb6e4600000, 0x00007fb750980000, 0x00007fbc39b50000)
  eden space 1418496K, 100% used [0x00007fb6e4600000, 0x00007fb73af40000, 0x00007fb73af40000)
  from space 177280K,  53% used [0x00007fb73af40000, 0x00007fb740b15690, 0x00007fb745c60000)
  to   space 177280K,   0% used [0x00007fb745c60000, 0x00007fb745c60000, 0x00007fb750980000)
 tenured generation   total 3546000K, used 3521913K [0x00007fbc39b50000, 0x00007fbd12234000, 0x00007fc6e4600000)
   the space 3546000K,  99% used [0x00007fbc39b50000, 0x00007fbd10aae6f8, 0x00007fbd10aae800, 0x00007fbd12234000)
 Metaspace       used 24272K, capacity 24688K, committed 24832K, reserved 26624K
}
Event: 2266.466 GC heap after
{Heap after GC invocations=1921 (full 5):
 def new generation   total 1595776K, used 65267K [0x00007fb6e4600000, 0x00007fb750980000, 0x00007fbc39b50000)
  eden space 1418496K,   0% used [0x00007fb6e4600000, 0x00007fb6e4600000, 0x00007fb73af40000)
  from space 177280K,  36% used [0x00007fb745c60000, 0x00007fb749c1cee8, 0x00007fb750980000)
  to   space 177280K,   0% used [0x00007fb73af40000, 0x00007fb73af40000, 0x00007fb745c60000)
 tenured generation   total 3546000K, used 3538873K [0x00007fbc39b50000, 0x00007fbd12234000, 0x00007fc6e4600000)
   the space 3546000K,  99% used [0x00007fbc39b50000, 0x00007fbd11b3e6f0, 0x00007fbd11b3e800, 0x00007fbd12234000)
 Metaspace       used 24272K, capacity 24688K, committed 24832K, reserved 26624K
}
Event: 2267.986 GC heap before
{Heap before GC invocations=1921 (full 5):
 def new generation   total 1595776K, used 1483763K [0x00007fb6e4600000, 0x00007fb750980000, 0x00007fbc39b50000)
  eden space 1418496K, 100% used [0x00007fb6e4600000, 0x00007fb73af40000, 0x00007fb73af40000)
  from space 177280K,  36% used [0x00007fb745c60000, 0x00007fb749c1cee8, 0x00007fb750980000)
  to   space 177280K,   0% used [0x00007fb73af40000, 0x00007fb73af40000, 0x00007fb745c60000)
 tenured generation   total 3546000K, used 3538873K [0x00007fbc39b50000, 0x00007fbd12234000, 0x00007fc6e4600000)
   the space 3546000K,  99% used [0x00007fbc39b50000, 0x00007fbd11b3e6f0, 0x00007fbd11b3e800, 0x00007fbd12234000)
 Metaspace       used 24272K, capacity 24688K, committed 24832K, reserved 26624K
}
Event: 2268.050 GC heap after
{Heap after GC invocations=1922 (full 5):
 def new generation   total 1595776K, used 67850K [0x00007fb6e4600000, 0x00007fb750980000, 0x00007fbc39b50000)
  eden space 1418496K,   0% used [0x00007fb6e4600000, 0x00007fb6e4600000, 0x00007fb73af40000)
  from space 177280K,  38% used [0x00007fb73af40000, 0x00007fb73f1829c8, 0x00007fb745c60000)
  to   space 177280K,   0% used [0x00007fb745c60000, 0x00007fb745c60000, 0x00007fb750980000)
 tenured generation   total 3546000K, used 3538873K [0x00007fbc39b50000, 0x00007fbd12234000, 0x00007fc6e4600000)
   the space 3546000K,  99% used [0x00007fbc39b50000, 0x00007fbd11b3e6f0, 0x00007fbd11b3e800, 0x00007fbd12234000)
 Metaspace       used 24272K, capacity 24688K, committed 24832K, reserved 26624K
}
Event: 2269.410 GC heap before
{Heap before GC invocations=1922 (full 5):
 def new generation   total 1595776K, used 1486346K [0x00007fb6e4600000, 0x00007fb750980000, 0x00007fbc39b50000)
  eden space 1418496K, 100% used [0x00007fb6e4600000, 0x00007fb73af40000, 0x00007fb73af40000)
  from space 177280K,  38% used [0x00007fb73af40000, 0x00007fb73f1829c8, 0x00007fb745c60000)
  to   space 177280K,   0% used [0x00007fb745c60000, 0x00007fb745c60000, 0x00007fb750980000)
 tenured generation   total 3546000K, used 3538873K [0x00007fbc39b50000, 0x00007fbd12234000, 0x00007fc6e4600000)
   the space 3546000K,  99% used [0x00007fbc39b50000, 0x00007fbd11b3e6f0, 0x00007fbd11b3e800, 0x00007fbd12234000)
 Metaspace       used 24272K, capacity 24688K, committed 24832K, reserved 26624K
}
Event: 2269.475 GC heap after
{Heap after GC invocations=1923 (full 5):
 def new generation   total 1595776K, used 67841K [0x00007fb6e4600000, 0x00007fb750980000, 0x00007fbc39b50000)
  eden space 1418496K,   0% used [0x00007fb6e4600000, 0x00007fb6e4600000, 0x00007fb73af40000)
  from space 177280K,  38% used [0x00007fb745c60000, 0x00007fb749ea0690, 0x00007fb750980000)
  to   space 177280K,   0% used [0x00007fb73af40000, 0x00007fb73af40000, 0x00007fb745c60000)
 tenured generation   total 3546000K, used 3538873K [0x00007fbc39b50000, 0x00007fbd12234000, 0x00007fc6e4600000)
   the space 3546000K,  99% used [0x00007fbc39b50000, 0x00007fbd11b3e6f0, 0x00007fbd11b3e800, 0x00007fbd12234000)
 Metaspace       used 24272K, capacity 24688K, committed 24832K, reserved 26624K
}
Event: 2270.959 GC heap before
{Heap before GC invocations=1923 (full 5):
 def new generation   total 1595776K, used 1480217K [0x00007fb6e4600000, 0x00007fb750980000, 0x00007fbc39b50000)
  eden space 1418496K,  99% used [0x00007fb6e4600000, 0x00007fb73a946098, 0x00007fb73af40000)
  from space 177280K,  38% used [0x00007fb745c60000, 0x00007fb749ea0690, 0x00007fb750980000)
  to   space 177280K,   0% used [0x00007fb73af40000, 0x00007fb73af40000, 0x00007fb745c60000)
 tenured generation   total 3546000K, used 3538873K [0x00007fbc39b50000, 0x00007fbd12234000, 0x00007fc6e4600000)
   the space 3546000K,  99% used [0x00007fbc39b50000, 0x00007fbd11b3e6f0, 0x00007fbd11b3e800, 0x00007fbd12234000)
 Metaspace       used 24272K, capacity 24688K, committed 24832K, reserved 26624K
}
Event: 2271.010 GC heap after
{Heap after GC invocations=1924 (full 5):
 def new generation   total 1595776K, used 68871K [0x00007fb6e4600000, 0x00007fb750980000, 0x00007fbc39b50000)
  eden space 1418496K,   0% used [0x00007fb6e4600000, 0x00007fb6e4600000, 0x00007fb73af40000)
  from space 177280K,  38% used [0x00007fb73af40000, 0x00007fb73f281fb0, 0x00007fb745c60000)
  to   space 177280K,   0% used [0x00007fb745c60000, 0x00007fb745c60000, 0x00007fb750980000)
 tenured generation   total 3546000K, used 3538873K [0x00007fbc39b50000, 0x00007fbd12234000, 0x00007fc6e4600000)
   the space 3546000K,  99% used [0x00007fbc39b50000, 0x00007fbd11b3e6f0, 0x00007fbd11b3e800, 0x00007fbd12234000)
 Metaspace       used 24272K, capacity 24688K, committed 24832K, reserved 26624K
}
Event: 2273.043 GC heap before
{Heap before GC invocations=1924 (full 5):
 def new generation   total 1595776K, used 1487367K [0x00007fb6e4600000, 0x00007fb750980000, 0x00007fbc39b50000)
  eden space 1418496K, 100% used [0x00007fb6e4600000, 0x00007fb73af40000, 0x00007fb73af40000)
  from space 177280K,  38% used [0x00007fb73af40000, 0x00007fb73f281fb0, 0x00007fb745c60000)
  to   space 177280K,   0% used [0x00007fb745c60000, 0x00007fb745c60000, 0x00007fb750980000)
 tenured generation   total 3546000K, used 3538873K [0x00007fbc39b50000, 0x00007fbd12234000, 0x00007fc6e4600000)
   the space 3546000K,  99% used [0x00007fbc39b50000, 0x00007fbd11b3e6f0, 0x00007fbd11b3e800, 0x00007fbd12234000)
 Metaspace       used 24272K, capacity 24688K, committed 24832K, reserved 26624K
}
Event: 2273.107 GC heap after
{Heap after GC invocations=1925 (full 5):
 def new generation   total 1595776K, used 71455K [0x00007fb6e4600000, 0x00007fb750980000, 0x00007fbc39b50000)
  eden space 1418496K,   0% used [0x00007fb6e4600000, 0x00007fb6e4600000, 0x00007fb73af40000)
  from space 177280K,  40% used [0x00007fb745c60000, 0x00007fb74a227f58, 0x00007fb750980000)
  to   space 177280K,   0% used [0x00007fb73af40000, 0x00007fb73af40000, 0x00007fb745c60000)
 tenured generation   total 3546000K, used 3538873K [0x00007fbc39b50000, 0x00007fbd12234000, 0x00007fc6e4600000)
   the space 3546000K,  99% used [0x00007fbc39b50000, 0x00007fbd11b3e6f0, 0x00007fbd11b3e800, 0x00007fbd12234000)
 Metaspace       used 24272K, capacity 24688K, committed 24832K, reserved 26624K
}
Event: 2275.022 GC heap before
{Heap before GC invocations=1925 (full 5):
 def new generation   total 1595776K, used 1476787K [0x00007fb6e4600000, 0x00007fb750980000, 0x00007fbc39b50000)
  eden space 1418496K,  99% used [0x00007fb6e4600000, 0x00007fb73a264fc8, 0x00007fb73af40000)
  from space 177280K,  40% used [0x00007fb745c60000, 0x00007fb74a227f58, 0x00007fb750980000)
  to   space 177280K,   0% used [0x00007fb73af40000, 0x00007fb73af40000, 0x00007fb745c60000)
 tenured generation   total 3546000K, used 3538873K [0x00007fbc39b50000, 0x00007fbd12234000, 0x00007fc6e4600000)
   the space 3546000K,  99% used [0x00007fbc39b50000, 0x00007fbd11b3e6f0, 0x00007fbd11b3e800, 0x00007fbd12234000)
 Metaspace       used 24272K, capacity 24688K, committed 24832K, reserved 26624K
}
Event: 2275.099 GC heap after
{Heap after GC invocations=1926 (full 5):
 def new generation   total 1595776K, used 77625K [0x00007fb6e4600000, 0x00007fb750980000, 0x00007fbc39b50000)
  eden space 1418496K,   0% used [0x00007fb6e4600000, 0x00007fb6e4600000, 0x00007fb73af40000)
  from space 177280K,  43% used [0x00007fb73af40000, 0x00007fb73fb0e668, 0x00007fb745c60000)
  to   space 177280K,   0% used [0x00007fb745c60000, 0x00007fb745c60000, 0x00007fb750980000)
 tenured generation   total 3546000K, used 3538873K [0x00007fbc39b50000, 0x00007fbd12234000, 0x00007fc6e4600000)
   the space 3546000K,  99% used [0x00007fbc39b50000, 0x00007fbd11b3e6f0, 0x00007fbd11b3e800, 0x00007fbd12234000)
 Metaspace       used 24272K, capacity 24688K, committed 24832K, reserved 26624K
}
Event: 2276.805 GC heap before
{Heap before GC invocations=1926 (full 5):
 def new generation   total 1595776K, used 1496121K [0x00007fb6e4600000, 0x00007fb750980000, 0x00007fbc39b50000)
  eden space 1418496K, 100% used [0x00007fb6e4600000, 0x00007fb73af40000, 0x00007fb73af40000)
  from space 177280K,  43% used [0x00007fb73af40000, 0x00007fb73fb0e668, 0x00007fb745c60000)
  to   space 177280K,   0% used [0x00007fb745c60000, 0x00007fb745c60000, 0x00007fb750980000)
 tenured generation   total 3546000K, used 3538873K [0x00007fbc39b50000, 0x00007fbd12234000, 0x00007fc6e4600000)
   the space 3546000K,  99% used [0x00007fbc39b50000, 0x00007fbd11b3e6f0, 0x00007fbd11b3e800, 0x00007fbd12234000)
 Metaspace       used 24272K, capacity 24688K, committed 24832K, reserved 26624K
}
Event: 2276.875 GC heap after
{Heap after GC invocations=1927 (full 5):
 def new generation   total 1595776K, used 82250K [0x00007fb6e4600000, 0x00007fb750980000, 0x00007fbc39b50000)
  eden space 1418496K,   0% used [0x00007fb6e4600000, 0x00007fb6e4600000, 0x00007fb73af40000)
  from space 177280K,  46% used [0x00007fb745c60000, 0x00007fb74acb2b10, 0x00007fb750980000)
  to   space 177280K,   0% used [0x00007fb73af40000, 0x00007fb73af40000, 0x00007fb745c60000)
 tenured generation   total 3546000K, used 3538873K [0x00007fbc39b50000, 0x00007fbd12234000, 0x00007fc6e4600000)
   the space 3546000K,  99% used [0x00007fbc39b50000, 0x00007fbd11b3e6f0, 0x00007fbd11b3e800, 0x00007fbd12234000)
 Metaspace       used 24272K, capacity 24688K, committed 24832K, reserved 26624K
}
Event: 2278.387 GC heap before
{Heap before GC invocations=1927 (full 5):
 def new generation   total 1595776K, used 1500746K [0x00007fb6e4600000, 0x00007fb750980000, 0x00007fbc39b50000)
  eden space 1418496K, 100% used [0x00007fb6e4600000, 0x00007fb73af40000, 0x00007fb73af40000)
  from space 177280K,  46% used [0x00007fb745c60000, 0x00007fb74acb2b10, 0x00007fb750980000)
  to   space 177280K,   0% used [0x00007fb73af40000, 0x00007fb73af40000, 0x00007fb745c60000)
 tenured generation   total 3546000K, used 3538873K [0x00007fbc39b50000, 0x00007fbd12234000, 0x00007fc6e4600000)
   the space 3546000K,  99% used [0x00007fbc39b50000, 0x00007fbd11b3e6f0, 0x00007fbd11b3e800, 0x00007fbd12234000)
 Metaspace       used 24272K, capacity 24688K, committed 24832K, reserved 26624K
}
Event: 2278.483 GC heap after
{Heap after GC invocations=1928 (full 5):
 def new generation   total 1595776K, used 67831K [0x00007fb6e4600000, 0x00007fb750980000, 0x00007fbc39b50000)
  eden space 1418496K,   0% used [0x00007fb6e4600000, 0x00007fb6e4600000, 0x00007fb73af40000)
  from space 177280K,  38% used [0x00007fb73af40000, 0x00007fb73f17df28, 0x00007fb745c60000)
  to   space 177280K,   0% used [0x00007fb745c60000, 0x00007fb745c60000, 0x00007fb750980000)
 tenured generation   total 3562388K, used 3555833K [0x00007fbc39b50000, 0x00007fbd13235000, 0x00007fc6e4600000)
   the space 3562388K,  99% used [0x00007fbc39b50000, 0x00007fbd12bce6e8, 0x00007fbd12bce800, 0x00007fbd13235000)
 Metaspace       used 24272K, capacity 24688K, committed 24832K, reserved 26624K
}
Event: 2278.483 GC heap before
{Heap before GC invocations=1928 (full 5):
 def new generation   total 1595776K, used 67831K [0x00007fb6e4600000, 0x00007fb750980000, 0x00007fbc39b50000)
  eden space 1418496K,   0% used [0x00007fb6e4600000, 0x00007fb6e4600000, 0x00007fb73af40000)
  from space 177280K,  38% used [0x00007fb73af40000, 0x00007fb73f17df28, 0x00007fb745c60000)
  to   space 177280K,   0% used [0x00007fb745c60000, 0x00007fb745c60000, 0x00007fb750980000)
 tenured generation   total 3562388K, used 3555833K [0x00007fbc39b50000, 0x00007fbd13235000, 0x00007fc6e4600000)
   the space 3562388K,  99% used [0x00007fbc39b50000, 0x00007fbd12bce6e8, 0x00007fbd12bce800, 0x00007fbd13235000)
 Metaspace       used 24272K, capacity 24688K, committed 24832K, reserved 26624K
}

