# JRE version: OpenJDK Runtime Environment (13.0.7+5) (build 13.0.7+5-Ubuntu-0ubuntu120.04)
# Java VM: OpenJDK 64-Bit Server VM (13.0.7+5-Ubuntu-0ubuntu120.04, mixed mode, tiered, serial gc, linux-amd64)
Heap:
 def new generation   total 2856640K, used 90433K [0x00007f3784600000, 0x00007f38461a0000, 0x00007f422f0a0000)
  eden space 2539264K,   3% used [0x00007f3784600000, 0x00007f3789e50758, 0x00007f381f5c0000)
  from space 317376K,   0% used [0x00007f381f5c0000, 0x00007f381f5c0000, 0x00007f3832bb0000)
  to   space 317376K,   0% used [0x00007f3832bb0000, 0x00007f3832bb0000, 0x00007f38461a0000)
 tenured generation   total 6364352K, used 6363053K [0x00007f422f0a0000, 0x00007f43b37d0000, 0x00007f5784600000)
   the space 6364352K,  99% used [0x00007f422f0a0000, 0x00007f43b368b748, 0x00007f43b368b800, 0x00007f43b37d0000)
 Metaspace       used 24263K, capacity 24694K, committed 24832K, reserved 26624K
GC Heap History (20 events):
Event: 3222.944 GC heap after
{Heap after GC invocations=2505 (full 6):
 def new generation   total 2856640K, used 103311K [0x00007f3784600000, 0x00007f38461a0000, 0x00007f422f0a0000)
  eden space 2539264K,   0% used [0x00007f3784600000, 0x00007f3784600000, 0x00007f381f5c0000)
  from space 317376K,  32% used [0x00007f3832bb0000, 0x00007f3839093dc0, 0x00007f38461a0000)
  to   space 317376K,   0% used [0x00007f381f5c0000, 0x00007f381f5c0000, 0x00007f3832bb0000)
 tenured generation   total 6347964K, used 6300838K [0x00007f422f0a0000, 0x00007f43b27cf000, 0x00007f5784600000)
   the space 6347964K,  99% used [0x00007f422f0a0000, 0x00007f43af9c9a00, 0x00007f43af9c9a00, 0x00007f43b27cf000)
 Metaspace       used 24263K, capacity 24694K, committed 24832K, reserved 26624K
}
Event: 3225.605 GC heap before
{Heap before GC invocations=2505 (full 6):
 def new generation   total 2856640K, used 2642575K [0x00007f3784600000, 0x00007f38461a0000, 0x00007f422f0a0000)
  eden space 2539264K, 100% used [0x00007f3784600000, 0x00007f381f5c0000, 0x00007f381f5c0000)
  from space 317376K,  32% used [0x00007f3832bb0000, 0x00007f3839093dc0, 0x00007f38461a0000)
  to   space 317376K,   0% used [0x00007f381f5c0000, 0x00007f381f5c0000, 0x00007f3832bb0000)
 tenured generation   total 6347964K, used 6300838K [0x00007f422f0a0000, 0x00007f43b27cf000, 0x00007f5784600000)
   the space 6347964K,  99% used [0x00007f422f0a0000, 0x00007f43af9c9a00, 0x00007f43af9c9a00, 0x00007f43b27cf000)
 Metaspace       used 24263K, capacity 24694K, committed 24832K, reserved 26624K
}
Event: 3225.679 GC heap after
{Heap after GC invocations=2506 (full 6):
 def new generation   total 2856640K, used 112065K [0x00007f3784600000, 0x00007f38461a0000, 0x00007f422f0a0000)
  eden space 2539264K,   0% used [0x00007f3784600000, 0x00007f3784600000, 0x00007f381f5c0000)
  from space 317376K,  35% used [0x00007f381f5c0000, 0x00007f38263307a8, 0x00007f3832bb0000)
  to   space 317376K,   0% used [0x00007f3832bb0000, 0x00007f3832bb0000, 0x00007f38461a0000)
 tenured generation   total 6347964K, used 6300838K [0x00007f422f0a0000, 0x00007f43b27cf000, 0x00007f5784600000)
   the space 6347964K,  99% used [0x00007f422f0a0000, 0x00007f43af9c9a00, 0x00007f43af9c9a00, 0x00007f43b27cf000)
 Metaspace       used 24263K, capacity 24694K, committed 24832K, reserved 26624K
}
Event: 3227.793 GC heap before
{Heap before GC invocations=2506 (full 6):
 def new generation   total 2856640K, used 2651329K [0x00007f3784600000, 0x00007f38461a0000, 0x00007f422f0a0000)
  eden space 2539264K, 100% used [0x00007f3784600000, 0x00007f381f5c0000, 0x00007f381f5c0000)
  from space 317376K,  35% used [0x00007f381f5c0000, 0x00007f38263307a8, 0x00007f3832bb0000)
  to   space 317376K,   0% used [0x00007f3832bb0000, 0x00007f3832bb0000, 0x00007f38461a0000)
 tenured generation   total 6347964K, used 6300838K [0x00007f422f0a0000, 0x00007f43b27cf000, 0x00007f5784600000)
   the space 6347964K,  99% used [0x00007f422f0a0000, 0x00007f43af9c9a00, 0x00007f43af9c9a00, 0x00007f43b27cf000)
 Metaspace       used 24263K, capacity 24694K, committed 24832K, reserved 26624K
}
Event: 3227.860 GC heap after
{Heap after GC invocations=2507 (full 6):
 def new generation   total 2856640K, used 101772K [0x00007f3784600000, 0x00007f38461a0000, 0x00007f422f0a0000)
  eden space 2539264K,   0% used [0x00007f3784600000, 0x00007f3784600000, 0x00007f381f5c0000)
  from space 317376K,  32% used [0x00007f3832bb0000, 0x00007f3838f13048, 0x00007f38461a0000)
  to   space 317376K,   0% used [0x00007f381f5c0000, 0x00007f381f5c0000, 0x00007f3832bb0000)
 tenured generation   total 6347964K, used 6317798K [0x00007f422f0a0000, 0x00007f43b27cf000, 0x00007f5784600000)
   the space 6347964K,  99% used [0x00007f422f0a0000, 0x00007f43b0a599f8, 0x00007f43b0a59a00, 0x00007f43b27cf000)
 Metaspace       used 24263K, capacity 24694K, committed 24832K, reserved 26624K
}
Event: 3229.593 GC heap before
{Heap before GC invocations=2507 (full 6):
 def new generation   total 2856640K, used 2641036K [0x00007f3784600000, 0x00007f38461a0000, 0x00007f422f0a0000)
  eden space 2539264K, 100% used [0x00007f3784600000, 0x00007f381f5c0000, 0x00007f381f5c0000)
  from space 317376K,  32% used [0x00007f3832bb0000, 0x00007f3838f13048, 0x00007f38461a0000)
  to   space 317376K,   0% used [0x00007f381f5c0000, 0x00007f381f5c0000, 0x00007f3832bb0000)
 tenured generation   total 6347964K, used 6317798K [0x00007f422f0a0000, 0x00007f43b27cf000, 0x00007f5784600000)
   the space 6347964K,  99% used [0x00007f422f0a0000, 0x00007f43b0a599f8, 0x00007f43b0a59a00, 0x00007f43b27cf000)
 Metaspace       used 24263K, capacity 24694K, committed 24832K, reserved 26624K
}
Event: 3229.670 GC heap after
{Heap after GC invocations=2508 (full 6):
 def new generation   total 2856640K, used 101772K [0x00007f3784600000, 0x00007f38461a0000, 0x00007f422f0a0000)
  eden space 2539264K,   0% used [0x00007f3784600000, 0x00007f3784600000, 0x00007f381f5c0000)
  from space 317376K,  32% used [0x00007f381f5c0000, 0x00007f3825923268, 0x00007f3832bb0000)
  to   space 317376K,   0% used [0x00007f3832bb0000, 0x00007f3832bb0000, 0x00007f38461a0000)
 tenured generation   total 6347964K, used 6317798K [0x00007f422f0a0000, 0x00007f43b27cf000, 0x00007f5784600000)
   the space 6347964K,  99% used [0x00007f422f0a0000, 0x00007f43b0a599f8, 0x00007f43b0a59a00, 0x00007f43b27cf000)
 Metaspace       used 24263K, capacity 24694K, committed 24832K, reserved 26624K
}
Event: 3232.278 GC heap before
{Heap before GC invocations=2508 (full 6):
 def new generation   total 2856640K, used 2641036K [0x00007f3784600000, 0x00007f38461a0000, 0x00007f422f0a0000)
  eden space 2539264K, 100% used [0x00007f3784600000, 0x00007f381f5c0000, 0x00007f381f5c0000)
  from space 317376K,  32% used [0x00007f381f5c0000, 0x00007f3825923268, 0x00007f3832bb0000)
  to   space 317376K,   0% used [0x00007f3832bb0000, 0x00007f3832bb0000, 0x00007f38461a0000)
 tenured generation   total 6347964K, used 6317798K [0x00007f422f0a0000, 0x00007f43b27cf000, 0x00007f5784600000)
   the space 6347964K,  99% used [0x00007f422f0a0000, 0x00007f43b0a599f8, 0x00007f43b0a59a00, 0x00007f43b27cf000)
 Metaspace       used 24263K, capacity 24694K, committed 24832K, reserved 26624K
}
Event: 3232.358 GC heap after
{Heap after GC invocations=2509 (full 6):
 def new generation   total 2856640K, used 109486K [0x00007f3784600000, 0x00007f38461a0000, 0x00007f422f0a0000)
  eden space 2539264K,   0% used [0x00007f3784600000, 0x00007f3784600000, 0x00007f381f5c0000)
  from space 317376K,  34% used [0x00007f3832bb0000, 0x00007f383969b828, 0x00007f38461a0000)
  to   space 317376K,   0% used [0x00007f381f5c0000, 0x00007f381f5c0000, 0x00007f3832bb0000)
 tenured generation   total 6347964K, used 6317798K [0x00007f422f0a0000, 0x00007f43b27cf000, 0x00007f5784600000)
   the space 6347964K,  99% used [0x00007f422f0a0000, 0x00007f43b0a599f8, 0x00007f43b0a59a00, 0x00007f43b27cf000)
 Metaspace       used 24263K, capacity 24694K, committed 24832K, reserved 26624K
}
Event: 3234.534 GC heap before
{Heap before GC invocations=2509 (full 6):
 def new generation   total 2856640K, used 2648750K [0x00007f3784600000, 0x00007f38461a0000, 0x00007f422f0a0000)
  eden space 2539264K, 100% used [0x00007f3784600000, 0x00007f381f5c0000, 0x00007f381f5c0000)
  from space 317376K,  34% used [0x00007f3832bb0000, 0x00007f383969b828, 0x00007f38461a0000)
  to   space 317376K,   0% used [0x00007f381f5c0000, 0x00007f381f5c0000, 0x00007f3832bb0000)
 tenured generation   total 6347964K, used 6317798K [0x00007f422f0a0000, 0x00007f43b27cf000, 0x00007f5784600000)
   the space 6347964K,  99% used [0x00007f422f0a0000, 0x00007f43b0a599f8, 0x00007f43b0a59a00, 0x00007f43b27cf000)
 Metaspace       used 24263K, capacity 24694K, committed 24832K, reserved 26624K
}
Event: 3234.620 GC heap after
{Heap after GC invocations=2510 (full 6):
 def new generation   total 2856640K, used 100229K [0x00007f3784600000, 0x00007f38461a0000, 0x00007f422f0a0000)
  eden space 2539264K,   0% used [0x00007f3784600000, 0x00007f3784600000, 0x00007f381f5c0000)
  from space 317376K,  31% used [0x00007f381f5c0000, 0x00007f38257a1550, 0x00007f3832bb0000)
  to   space 317376K,   0% used [0x00007f3832bb0000, 0x00007f3832bb0000, 0x00007f38461a0000)
 tenured generation   total 6347964K, used 6334758K [0x00007f422f0a0000, 0x00007f43b27cf000, 0x00007f5784600000)
   the space 6347964K,  99% used [0x00007f422f0a0000, 0x00007f43b1ae99f0, 0x00007f43b1ae9a00, 0x00007f43b27cf000)
 Metaspace       used 24263K, capacity 24694K, committed 24832K, reserved 26624K
}
Event: 3236.369 GC heap before
{Heap before GC invocations=2510 (full 6):
 def new generation   total 2856640K, used 2639493K [0x00007f3784600000, 0x00007f38461a0000, 0x00007f422f0a0000)
  eden space 2539264K, 100% used [0x00007f3784600000, 0x00007f381f5c0000, 0x00007f381f5c0000)
  from space 317376K,  31% used [0x00007f381f5c0000, 0x00007f38257a1550, 0x00007f3832bb0000)
  to   space 317376K,   0% used [0x00007f3832bb0000, 0x00007f3832bb0000, 0x00007f38461a0000)
 tenured generation   total 6347964K, used 6334758K [0x00007f422f0a0000, 0x00007f43b27cf000, 0x00007f5784600000)
   the space 6347964K,  99% used [0x00007f422f0a0000, 0x00007f43b1ae99f0, 0x00007f43b1ae9a00, 0x00007f43b27cf000)
 Metaspace       used 24263K, capacity 24694K, committed 24832K, reserved 26624K
}
Event: 3236.434 GC heap after
{Heap after GC invocations=2511 (full 6):
 def new generation   total 2856640K, used 101763K [0x00007f3784600000, 0x00007f38461a0000, 0x00007f422f0a0000)
  eden space 2539264K,   0% used [0x00007f3784600000, 0x00007f3784600000, 0x00007f381f5c0000)
  from space 317376K,  32% used [0x00007f3832bb0000, 0x00007f3838f10c20, 0x00007f38461a0000)
  to   space 317376K,   0% used [0x00007f381f5c0000, 0x00007f381f5c0000, 0x00007f3832bb0000)
 tenured generation   total 6347964K, used 6334758K [0x00007f422f0a0000, 0x00007f43b27cf000, 0x00007f5784600000)
   the space 6347964K,  99% used [0x00007f422f0a0000, 0x00007f43b1ae99f0, 0x00007f43b1ae9a00, 0x00007f43b27cf000)
 Metaspace       used 24263K, capacity 24694K, committed 24832K, reserved 26624K
}
Event: 3238.620 GC heap before
{Heap before GC invocations=2511 (full 6):
 def new generation   total 2856640K, used 2641027K [0x00007f3784600000, 0x00007f38461a0000, 0x00007f422f0a0000)
  eden space 2539264K, 100% used [0x00007f3784600000, 0x00007f381f5c0000, 0x00007f381f5c0000)
  from space 317376K,  32% used [0x00007f3832bb0000, 0x00007f3838f10c20, 0x00007f38461a0000)
  to   space 317376K,   0% used [0x00007f381f5c0000, 0x00007f381f5c0000, 0x00007f3832bb0000)
 tenured generation   total 6347964K, used 6334758K [0x00007f422f0a0000, 0x00007f43b27cf000, 0x00007f5784600000)
   the space 6347964K,  99% used [0x00007f422f0a0000, 0x00007f43b1ae99f0, 0x00007f43b1ae9a00, 0x00007f43b27cf000)
 Metaspace       used 24263K, capacity 24694K, committed 24832K, reserved 26624K
}
Event: 3238.696 GC heap after
{Heap after GC invocations=2512 (full 6):
 def new generation   total 2856640K, used 107983K [0x00007f3784600000, 0x00007f38461a0000, 0x00007f422f0a0000)
  eden space 2539264K,   0% used [0x00007f3784600000, 0x00007f3784600000, 0x00007f381f5c0000)
  from space 317376K,  34% used [0x00007f381f5c0000, 0x00007f3825f33fd8, 0x00007f3832bb0000)
  to   space 317376K,   0% used [0x00007f3832bb0000, 0x00007f3832bb0000, 0x00007f38461a0000)
 tenured generation   total 6347964K, used 6334758K [0x00007f422f0a0000, 0x00007f43b27cf000, 0x00007f5784600000)
   the space 6347964K,  99% used [0x00007f422f0a0000, 0x00007f43b1ae99f0, 0x00007f43b1ae9a00, 0x00007f43b27cf000)
 Metaspace       used 24263K, capacity 24694K, committed 24832K, reserved 26624K
}
Event: 3241.021 GC heap before
{Heap before GC invocations=2512 (full 6):
 def new generation   total 2856640K, used 2647247K [0x00007f3784600000, 0x00007f38461a0000, 0x00007f422f0a0000)
  eden space 2539264K, 100% used [0x00007f3784600000, 0x00007f381f5c0000, 0x00007f381f5c0000)
  from space 317376K,  34% used [0x00007f381f5c0000, 0x00007f3825f33fd8, 0x00007f3832bb0000)
  to   space 317376K,   0% used [0x00007f3832bb0000, 0x00007f3832bb0000, 0x00007f38461a0000)
 tenured generation   total 6347964K, used 6334758K [0x00007f422f0a0000, 0x00007f43b27cf000, 0x00007f5784600000)
   the space 6347964K,  99% used [0x00007f422f0a0000, 0x00007f43b1ae99f0, 0x00007f43b1ae9a00, 0x00007f43b27cf000)
 Metaspace       used 24263K, capacity 24694K, committed 24832K, reserved 26624K
}
Event: 3241.080 GC heap after
{Heap after GC invocations=2513 (full 6):
 def new generation   total 2856640K, used 115636K [0x00007f3784600000, 0x00007f38461a0000, 0x00007f422f0a0000)
  eden space 2539264K,   0% used [0x00007f3784600000, 0x00007f3784600000, 0x00007f381f5c0000)
  from space 317376K,  36% used [0x00007f3832bb0000, 0x00007f3839c9d150, 0x00007f38461a0000)
  to   space 317376K,   0% used [0x00007f381f5c0000, 0x00007f381f5c0000, 0x00007f3832bb0000)
 tenured generation   total 6347964K, used 6334758K [0x00007f422f0a0000, 0x00007f43b27cf000, 0x00007f5784600000)
   the space 6347964K,  99% used [0x00007f422f0a0000, 0x00007f43b1ae99f0, 0x00007f43b1ae9a00, 0x00007f43b27cf000)
 Metaspace       used 24263K, capacity 24694K, committed 24832K, reserved 26624K
}
Event: 3242.972 GC heap before
{Heap before GC invocations=2513 (full 6):
 def new generation   total 2856640K, used 2654900K [0x00007f3784600000, 0x00007f38461a0000, 0x00007f422f0a0000)
  eden space 2539264K, 100% used [0x00007f3784600000, 0x00007f381f5c0000, 0x00007f381f5c0000)
  from space 317376K,  36% used [0x00007f3832bb0000, 0x00007f3839c9d150, 0x00007f38461a0000)
  to   space 317376K,   0% used [0x00007f381f5c0000, 0x00007f381f5c0000, 0x00007f3832bb0000)
 tenured generation   total 6347964K, used 6334758K [0x00007f422f0a0000, 0x00007f43b27cf000, 0x00007f5784600000)
   the space 6347964K,  99% used [0x00007f422f0a0000, 0x00007f43b1ae99f0, 0x00007f43b1ae9a00, 0x00007f43b27cf000)
 Metaspace       used 24263K, capacity 24694K, committed 24832K, reserved 26624K
}
Event: 3243.059 GC heap after
{Heap after GC invocations=2514 (full 6):
 def new generation   total 2856640K, used 101769K [0x00007f3784600000, 0x00007f38461a0000, 0x00007f422f0a0000)
  eden space 2539264K,   0% used [0x00007f3784600000, 0x00007f3784600000, 0x00007f381f5c0000)
  from space 317376K,  32% used [0x00007f381f5c0000, 0x00007f38259224b8, 0x00007f3832bb0000)
  to   space 317376K,   0% used [0x00007f3832bb0000, 0x00007f3832bb0000, 0x00007f38461a0000)
 tenured generation   total 6364352K, used 6351718K [0x00007f422f0a0000, 0x00007f43b37d0000, 0x00007f5784600000)
   the space 6364352K,  99% used [0x00007f422f0a0000, 0x00007f43b2b799e8, 0x00007f43b2b79a00, 0x00007f43b37d0000)
 Metaspace       used 24263K, capacity 24694K, committed 24832K, reserved 26624K
}
Event: 3243.059 GC heap before
{Heap before GC invocations=2514 (full 6):
 def new generation   total 2856640K, used 101769K [0x00007f3784600000, 0x00007f38461a0000, 0x00007f422f0a0000)
  eden space 2539264K,   0% used [0x00007f3784600000, 0x00007f3784600000, 0x00007f381f5c0000)
  from space 317376K,  32% used [0x00007f381f5c0000, 0x00007f38259224b8, 0x00007f3832bb0000)
  to   space 317376K,   0% used [0x00007f3832bb0000, 0x00007f3832bb0000, 0x00007f38461a0000)
 tenured generation   total 6364352K, used 6351718K [0x00007f422f0a0000, 0x00007f43b37d0000, 0x00007f5784600000)
   the space 6364352K,  99% used [0x00007f422f0a0000, 0x00007f43b2b799e8, 0x00007f43b2b79a00, 0x00007f43b37d0000)
 Metaspace       used 24263K, capacity 24694K, committed 24832K, reserved 26624K
}

