# JRE version: OpenJDK Runtime Environment (13.0.7+5) (build 13.0.7+5-Ubuntu-0ubuntu120.04)
# Java VM: OpenJDK 64-Bit Server VM (13.0.7+5-Ubuntu-0ubuntu120.04, mixed mode, tiered, serial gc, linux-amd64)
Heap:
 def new generation   total 1748160K, used 6599K [0x00007fb878600000, 0x00007fb8eeed0000, 0x00007fbdcdb50000)
  eden space 1553984K,   0% used [0x00007fb878600000, 0x00007fb878c71d50, 0x00007fb8d7390000)
  from space 194176K,   0% used [0x00007fb8e3130000, 0x00007fb8e3130000, 0x00007fb8eeed0000)
  to   space 194176K,   0% used [0x00007fb8d7390000, 0x00007fb8d7390000, 0x00007fb8e3130000)
 tenured generation   total 3885932K, used 3885931K [0x00007fbdcdb50000, 0x00007fbebae2b000, 0x00007fc878600000)
   the space 3885932K,  99% used [0x00007fbdcdb50000, 0x00007fbebae2af70, 0x00007fbebae2b000, 0x00007fbebae2b000)
 Metaspace       used 24266K, capacity 24657K, committed 24832K, reserved 26624K
GC Heap History (20 events):
Event: 4557.479 GC heap after
{Heap after GC invocations=7797 (full 3):
 def new generation   total 1748160K, used 16813K [0x00007fb878600000, 0x00007fb8eeed0000, 0x00007fbdcdb50000)
  eden space 1553984K,   0% used [0x00007fb878600000, 0x00007fb878600000, 0x00007fb8d7390000)
  from space 194176K,   8% used [0x00007fb8d7390000, 0x00007fb8d83fb710, 0x00007fb8e3130000)
  to   space 194176K,   0% used [0x00007fb8e3130000, 0x00007fb8e3130000, 0x00007fb8eeed0000)
 tenured generation   total 3884588K, used 3877062K [0x00007fbdcdb50000, 0x00007fbebacdb000, 0x00007fc878600000)
   the space 3884588K,  99% used [0x00007fbdcdb50000, 0x00007fbeba581bb0, 0x00007fbeba581c00, 0x00007fbebacdb000)
 Metaspace       used 24266K, capacity 24657K, committed 24832K, reserved 26624K
}
Event: 4558.446 GC heap before
{Heap before GC invocations=7797 (full 3):
 def new generation   total 1748160K, used 1570797K [0x00007fb878600000, 0x00007fb8eeed0000, 0x00007fbdcdb50000)
  eden space 1553984K, 100% used [0x00007fb878600000, 0x00007fb8d7390000, 0x00007fb8d7390000)
  from space 194176K,   8% used [0x00007fb8d7390000, 0x00007fb8d83fb710, 0x00007fb8e3130000)
  to   space 194176K,   0% used [0x00007fb8e3130000, 0x00007fb8e3130000, 0x00007fb8eeed0000)
 tenured generation   total 3884588K, used 3877062K [0x00007fbdcdb50000, 0x00007fbebacdb000, 0x00007fc878600000)
   the space 3884588K,  99% used [0x00007fbdcdb50000, 0x00007fbeba581bb0, 0x00007fbeba581c00, 0x00007fbebacdb000)
 Metaspace       used 24266K, capacity 24657K, committed 24832K, reserved 26624K
}
Event: 4558.486 GC heap after
{Heap after GC invocations=7798 (full 3):
 def new generation   total 1748160K, used 17672K [0x00007fb878600000, 0x00007fb8eeed0000, 0x00007fbdcdb50000)
  eden space 1553984K,   0% used [0x00007fb878600000, 0x00007fb878600000, 0x00007fb8d7390000)
  from space 194176K,   9% used [0x00007fb8e3130000, 0x00007fb8e4272240, 0x00007fb8eeed0000)
  to   space 194176K,   0% used [0x00007fb8d7390000, 0x00007fb8d7390000, 0x00007fb8e3130000)
 tenured generation   total 3884588K, used 3877794K [0x00007fbdcdb50000, 0x00007fbebacdb000, 0x00007fc878600000)
   the space 3884588K,  99% used [0x00007fbdcdb50000, 0x00007fbeba6389b0, 0x00007fbeba638a00, 0x00007fbebacdb000)
 Metaspace       used 24266K, capacity 24657K, committed 24832K, reserved 26624K
}
Event: 4559.440 GC heap before
{Heap before GC invocations=7798 (full 3):
 def new generation   total 1748160K, used 1571656K [0x00007fb878600000, 0x00007fb8eeed0000, 0x00007fbdcdb50000)
  eden space 1553984K, 100% used [0x00007fb878600000, 0x00007fb8d7390000, 0x00007fb8d7390000)
  from space 194176K,   9% used [0x00007fb8e3130000, 0x00007fb8e4272240, 0x00007fb8eeed0000)
  to   space 194176K,   0% used [0x00007fb8d7390000, 0x00007fb8d7390000, 0x00007fb8e3130000)
 tenured generation   total 3884588K, used 3877794K [0x00007fbdcdb50000, 0x00007fbebacdb000, 0x00007fc878600000)
   the space 3884588K,  99% used [0x00007fbdcdb50000, 0x00007fbeba6389b0, 0x00007fbeba638a00, 0x00007fbebacdb000)
 Metaspace       used 24266K, capacity 24657K, committed 24832K, reserved 26624K
}
Event: 4559.460 GC heap after
{Heap after GC invocations=7799 (full 3):
 def new generation   total 1748160K, used 17279K [0x00007fb878600000, 0x00007fb8eeed0000, 0x00007fbdcdb50000)
  eden space 1553984K,   0% used [0x00007fb878600000, 0x00007fb878600000, 0x00007fb8d7390000)
  from space 194176K,   8% used [0x00007fb8d7390000, 0x00007fb8d846ff40, 0x00007fb8e3130000)
  to   space 194176K,   0% used [0x00007fb8e3130000, 0x00007fb8e3130000, 0x00007fb8eeed0000)
 tenured generation   total 3884588K, used 3878525K [0x00007fbdcdb50000, 0x00007fbebacdb000, 0x00007fc878600000)
   the space 3884588K,  99% used [0x00007fbdcdb50000, 0x00007fbeba6ef7b0, 0x00007fbeba6ef800, 0x00007fbebacdb000)
 Metaspace       used 24266K, capacity 24657K, committed 24832K, reserved 26624K
}
Event: 4560.411 GC heap before
{Heap before GC invocations=7799 (full 3):
 def new generation   total 1748160K, used 1571263K [0x00007fb878600000, 0x00007fb8eeed0000, 0x00007fbdcdb50000)
  eden space 1553984K, 100% used [0x00007fb878600000, 0x00007fb8d7390000, 0x00007fb8d7390000)
  from space 194176K,   8% used [0x00007fb8d7390000, 0x00007fb8d846ff40, 0x00007fb8e3130000)
  to   space 194176K,   0% used [0x00007fb8e3130000, 0x00007fb8e3130000, 0x00007fb8eeed0000)
 tenured generation   total 3884588K, used 3878525K [0x00007fbdcdb50000, 0x00007fbebacdb000, 0x00007fc878600000)
   the space 3884588K,  99% used [0x00007fbdcdb50000, 0x00007fbeba6ef7b0, 0x00007fbeba6ef800, 0x00007fbebacdb000)
 Metaspace       used 24266K, capacity 24657K, committed 24832K, reserved 26624K
}
Event: 4560.446 GC heap after
{Heap after GC invocations=7800 (full 3):
 def new generation   total 1748160K, used 16666K [0x00007fb878600000, 0x00007fb8eeed0000, 0x00007fbdcdb50000)
  eden space 1553984K,   0% used [0x00007fb878600000, 0x00007fb878600000, 0x00007fb8d7390000)
  from space 194176K,   8% used [0x00007fb8e3130000, 0x00007fb8e4176910, 0x00007fb8eeed0000)
  to   space 194176K,   0% used [0x00007fb8d7390000, 0x00007fb8d7390000, 0x00007fb8e3130000)
 tenured generation   total 3884588K, used 3879599K [0x00007fbdcdb50000, 0x00007fbebacdb000, 0x00007fc878600000)
   the space 3884588K,  99% used [0x00007fbdcdb50000, 0x00007fbeba7fbc20, 0x00007fbeba7fbe00, 0x00007fbebacdb000)
 Metaspace       used 24266K, capacity 24657K, committed 24832K, reserved 26624K
}
Event: 4561.430 GC heap before
{Heap before GC invocations=7800 (full 3):
 def new generation   total 1748160K, used 1570650K [0x00007fb878600000, 0x00007fb8eeed0000, 0x00007fbdcdb50000)
  eden space 1553984K, 100% used [0x00007fb878600000, 0x00007fb8d7390000, 0x00007fb8d7390000)
  from space 194176K,   8% used [0x00007fb8e3130000, 0x00007fb8e4176910, 0x00007fb8eeed0000)
  to   space 194176K,   0% used [0x00007fb8d7390000, 0x00007fb8d7390000, 0x00007fb8e3130000)
 tenured generation   total 3884588K, used 3879599K [0x00007fbdcdb50000, 0x00007fbebacdb000, 0x00007fc878600000)
   the space 3884588K,  99% used [0x00007fbdcdb50000, 0x00007fbeba7fbc20, 0x00007fbeba7fbe00, 0x00007fbebacdb000)
 Metaspace       used 24266K, capacity 24657K, committed 24832K, reserved 26624K
}
Event: 4561.448 GC heap after
{Heap after GC invocations=7801 (full 3):
 def new generation   total 1748160K, used 17007K [0x00007fb878600000, 0x00007fb8eeed0000, 0x00007fbdcdb50000)
  eden space 1553984K,   0% used [0x00007fb878600000, 0x00007fb878600000, 0x00007fb8d7390000)
  from space 194176K,   8% used [0x00007fb8d7390000, 0x00007fb8d842bf08, 0x00007fb8e3130000)
  to   space 194176K,   0% used [0x00007fb8e3130000, 0x00007fb8e3130000, 0x00007fb8eeed0000)
 tenured generation   total 3884588K, used 3879915K [0x00007fbdcdb50000, 0x00007fbebacdb000, 0x00007fc878600000)
   the space 3884588K,  99% used [0x00007fbdcdb50000, 0x00007fbeba84ac70, 0x00007fbeba84ae00, 0x00007fbebacdb000)
 Metaspace       used 24266K, capacity 24657K, committed 24832K, reserved 26624K
}
Event: 4562.396 GC heap before
{Heap before GC invocations=7801 (full 3):
 def new generation   total 1748160K, used 1570991K [0x00007fb878600000, 0x00007fb8eeed0000, 0x00007fbdcdb50000)
  eden space 1553984K, 100% used [0x00007fb878600000, 0x00007fb8d7390000, 0x00007fb8d7390000)
  from space 194176K,   8% used [0x00007fb8d7390000, 0x00007fb8d842bf08, 0x00007fb8e3130000)
  to   space 194176K,   0% used [0x00007fb8e3130000, 0x00007fb8e3130000, 0x00007fb8eeed0000)
 tenured generation   total 3884588K, used 3879915K [0x00007fbdcdb50000, 0x00007fbebacdb000, 0x00007fc878600000)
   the space 3884588K,  99% used [0x00007fbdcdb50000, 0x00007fbeba84ac70, 0x00007fbeba84ae00, 0x00007fbebacdb000)
 Metaspace       used 24266K, capacity 24657K, committed 24832K, reserved 26624K
}
Event: 4562.435 GC heap after
{Heap after GC invocations=7802 (full 3):
 def new generation   total 1748160K, used 17290K [0x00007fb878600000, 0x00007fb8eeed0000, 0x00007fbdcdb50000)
  eden space 1553984K,   0% used [0x00007fb878600000, 0x00007fb878600000, 0x00007fb8d7390000)
  from space 194176K,   8% used [0x00007fb8e3130000, 0x00007fb8e4212bd0, 0x00007fb8eeed0000)
  to   space 194176K,   0% used [0x00007fb8d7390000, 0x00007fb8d7390000, 0x00007fb8e3130000)
 tenured generation   total 3884588K, used 3880365K [0x00007fbdcdb50000, 0x00007fbebacdb000, 0x00007fc878600000)
   the space 3884588K,  99% used [0x00007fbdcdb50000, 0x00007fbeba8bb4b0, 0x00007fbeba8bb600, 0x00007fbebacdb000)
 Metaspace       used 24266K, capacity 24657K, committed 24832K, reserved 26624K
}
Event: 4563.463 GC heap before
{Heap before GC invocations=7802 (full 3):
 def new generation   total 1748160K, used 1571274K [0x00007fb878600000, 0x00007fb8eeed0000, 0x00007fbdcdb50000)
  eden space 1553984K, 100% used [0x00007fb878600000, 0x00007fb8d7390000, 0x00007fb8d7390000)
  from space 194176K,   8% used [0x00007fb8e3130000, 0x00007fb8e4212bd0, 0x00007fb8eeed0000)
  to   space 194176K,   0% used [0x00007fb8d7390000, 0x00007fb8d7390000, 0x00007fb8e3130000)
 tenured generation   total 3884588K, used 3880365K [0x00007fbdcdb50000, 0x00007fbebacdb000, 0x00007fc878600000)
   the space 3884588K,  99% used [0x00007fbdcdb50000, 0x00007fbeba8bb4b0, 0x00007fbeba8bb600, 0x00007fbebacdb000)
 Metaspace       used 24266K, capacity 24657K, committed 24832K, reserved 26624K
}
Event: 4563.491 GC heap after
{Heap after GC invocations=7803 (full 3):
 def new generation   total 1748160K, used 17516K [0x00007fb878600000, 0x00007fb8eeed0000, 0x00007fbdcdb50000)
  eden space 1553984K,   0% used [0x00007fb878600000, 0x00007fb878600000, 0x00007fb8d7390000)
  from space 194176K,   9% used [0x00007fb8d7390000, 0x00007fb8d84ab070, 0x00007fb8e3130000)
  to   space 194176K,   0% used [0x00007fb8e3130000, 0x00007fb8e3130000, 0x00007fb8eeed0000)
 tenured generation   total 3884588K, used 3881097K [0x00007fbdcdb50000, 0x00007fbebacdb000, 0x00007fc878600000)
   the space 3884588K,  99% used [0x00007fbdcdb50000, 0x00007fbeba972460, 0x00007fbeba972600, 0x00007fbebacdb000)
 Metaspace       used 24266K, capacity 24657K, committed 24832K, reserved 26624K
}
Event: 4564.497 GC heap before
{Heap before GC invocations=7803 (full 3):
 def new generation   total 1748160K, used 1571500K [0x00007fb878600000, 0x00007fb8eeed0000, 0x00007fbdcdb50000)
  eden space 1553984K, 100% used [0x00007fb878600000, 0x00007fb8d7390000, 0x00007fb8d7390000)
  from space 194176K,   9% used [0x00007fb8d7390000, 0x00007fb8d84ab070, 0x00007fb8e3130000)
  to   space 194176K,   0% used [0x00007fb8e3130000, 0x00007fb8e3130000, 0x00007fb8eeed0000)
 tenured generation   total 3884588K, used 3881097K [0x00007fbdcdb50000, 0x00007fbebacdb000, 0x00007fc878600000)
   the space 3884588K,  99% used [0x00007fbdcdb50000, 0x00007fbeba972460, 0x00007fbeba972600, 0x00007fbebacdb000)
 Metaspace       used 24266K, capacity 24657K, committed 24832K, reserved 26624K
}
Event: 4564.522 GC heap after
{Heap after GC invocations=7804 (full 3):
 def new generation   total 1748160K, used 17401K [0x00007fb878600000, 0x00007fb8eeed0000, 0x00007fbdcdb50000)
  eden space 1553984K,   0% used [0x00007fb878600000, 0x00007fb878600000, 0x00007fb8d7390000)
  from space 194176K,   8% used [0x00007fb8e3130000, 0x00007fb8e422e7d8, 0x00007fb8eeed0000)
  to   space 194176K,   0% used [0x00007fb8d7390000, 0x00007fb8d7390000, 0x00007fb8e3130000)
 tenured generation   total 3884588K, used 3882299K [0x00007fbdcdb50000, 0x00007fbebacdb000, 0x00007fc878600000)
   the space 3884588K,  99% used [0x00007fbdcdb50000, 0x00007fbebaa9ed30, 0x00007fbebaa9ee00, 0x00007fbebacdb000)
 Metaspace       used 24266K, capacity 24657K, committed 24832K, reserved 26624K
}
Event: 4565.444 GC heap before
{Heap before GC invocations=7804 (full 3):
 def new generation   total 1748160K, used 1571385K [0x00007fb878600000, 0x00007fb8eeed0000, 0x00007fbdcdb50000)
  eden space 1553984K, 100% used [0x00007fb878600000, 0x00007fb8d7390000, 0x00007fb8d7390000)
  from space 194176K,   8% used [0x00007fb8e3130000, 0x00007fb8e422e7d8, 0x00007fb8eeed0000)
  to   space 194176K,   0% used [0x00007fb8d7390000, 0x00007fb8d7390000, 0x00007fb8e3130000)
 tenured generation   total 3884588K, used 3882299K [0x00007fbdcdb50000, 0x00007fbebacdb000, 0x00007fc878600000)
   the space 3884588K,  99% used [0x00007fbdcdb50000, 0x00007fbebaa9ed30, 0x00007fbebaa9ee00, 0x00007fbebacdb000)
 Metaspace       used 24266K, capacity 24657K, committed 24832K, reserved 26624K
}
Event: 4565.474 GC heap after
{Heap after GC invocations=7805 (full 3):
 def new generation   total 1748160K, used 16714K [0x00007fb878600000, 0x00007fb8eeed0000, 0x00007fbdcdb50000)
  eden space 1553984K,   0% used [0x00007fb878600000, 0x00007fb878600000, 0x00007fb8d7390000)
  from space 194176K,   8% used [0x00007fb8d7390000, 0x00007fb8d83e2838, 0x00007fb8e3130000)
  to   space 194176K,   0% used [0x00007fb8e3130000, 0x00007fb8e3130000, 0x00007fb8eeed0000)
 tenured generation   total 3884588K, used 3884464K [0x00007fbdcdb50000, 0x00007fbebacdb000, 0x00007fc878600000)
   the space 3884588K,  99% used [0x00007fbdcdb50000, 0x00007fbebacbc278, 0x00007fbebacbc400, 0x00007fbebacdb000)
 Metaspace       used 24266K, capacity 24657K, committed 24832K, reserved 26624K
}
Event: 4566.416 GC heap before
{Heap before GC invocations=7805 (full 3):
 def new generation   total 1748160K, used 1570698K [0x00007fb878600000, 0x00007fb8eeed0000, 0x00007fbdcdb50000)
  eden space 1553984K, 100% used [0x00007fb878600000, 0x00007fb8d7390000, 0x00007fb8d7390000)
  from space 194176K,   8% used [0x00007fb8d7390000, 0x00007fb8d83e2838, 0x00007fb8e3130000)
  to   space 194176K,   0% used [0x00007fb8e3130000, 0x00007fb8e3130000, 0x00007fb8eeed0000)
 tenured generation   total 3884588K, used 3884464K [0x00007fbdcdb50000, 0x00007fbebacdb000, 0x00007fc878600000)
   the space 3884588K,  99% used [0x00007fbdcdb50000, 0x00007fbebacbc278, 0x00007fbebacbc400, 0x00007fbebacdb000)
 Metaspace       used 24266K, capacity 24657K, committed 24832K, reserved 26624K
}
Event: 4566.436 GC heap after
{Heap after GC invocations=7806 (full 3):
 def new generation   total 1748160K, used 16259K [0x00007fb878600000, 0x00007fb8eeed0000, 0x00007fbdcdb50000)
  eden space 1553984K,   0% used [0x00007fb878600000, 0x00007fb878600000, 0x00007fb8d7390000)
  from space 194176K,   8% used [0x00007fb8e3130000, 0x00007fb8e4110f08, 0x00007fb8eeed0000)
  to   space 194176K,   0% used [0x00007fb8d7390000, 0x00007fb8d7390000, 0x00007fb8e3130000)
 tenured generation   total 3885932K, used 3885853K [0x00007fbdcdb50000, 0x00007fbebae2b000, 0x00007fc878600000)
   the space 3885932K,  99% used [0x00007fbdcdb50000, 0x00007fbebae17630, 0x00007fbebae17800, 0x00007fbebae2b000)
 Metaspace       used 24266K, capacity 24657K, committed 24832K, reserved 26624K
}
Event: 4566.436 GC heap before
{Heap before GC invocations=7806 (full 3):
 def new generation   total 1748160K, used 16259K [0x00007fb878600000, 0x00007fb8eeed0000, 0x00007fbdcdb50000)
  eden space 1553984K,   0% used [0x00007fb878600000, 0x00007fb878600000, 0x00007fb8d7390000)
  from space 194176K,   8% used [0x00007fb8e3130000, 0x00007fb8e4110f08, 0x00007fb8eeed0000)
  to   space 194176K,   0% used [0x00007fb8d7390000, 0x00007fb8d7390000, 0x00007fb8e3130000)
 tenured generation   total 3885932K, used 3885853K [0x00007fbdcdb50000, 0x00007fbebae2b000, 0x00007fc878600000)
   the space 3885932K,  99% used [0x00007fbdcdb50000, 0x00007fbebae17630, 0x00007fbebae17800, 0x00007fbebae2b000)
 Metaspace       used 24266K, capacity 24657K, committed 24832K, reserved 26624K
}

