# JRE version: OpenJDK Runtime Environment (13.0.7+5) (build 13.0.7+5-Ubuntu-0ubuntu120.04)
# Java VM: OpenJDK 64-Bit Server VM (13.0.7+5-Ubuntu-0ubuntu120.04, mixed mode, tiered, serial gc, linux-amd64)
Heap:
 def new generation   total 4579904K, used 0K [0x00007fc3d8600000, 0x00007fc50ef80000, 0x00007fce830a0000)
  eden space 4071040K,   0% used [0x00007fc3d8600000, 0x00007fc3d8600000, 0x00007fc4d0da0000)
  from space 508864K,   0% used [0x00007fc4efe90000, 0x00007fc4efe90000, 0x00007fc50ef80000)
  to   space 508864K,   0% used [0x00007fc4d0da0000, 0x00007fc4d0da0000, 0x00007fc4efe90000)
 tenured generation   total 10193908K, used 10091621K [0x00007fce830a0000, 0x00007fd0f139d000, 0x00007fe3d8600000)
   the space 10193908K,  98% used [0x00007fce830a0000, 0x00007fd0eafb96a8, 0x00007fd0eafb9800, 0x00007fd0f139d000)
 Metaspace       used 24246K, capacity 24702K, committed 24832K, reserved 26624K
GC Heap History (20 events):
Event: 4895.389 GC heap after
{Heap after GC invocations=2980 (full 7):
 def new generation   total 4579904K, used 152651K [0x00007fc3d8600000, 0x00007fc50ef80000, 0x00007fce830a0000)
  eden space 4071040K,   0% used [0x00007fc3d8600000, 0x00007fc3d8600000, 0x00007fc4d0da0000)
  from space 508864K,  29% used [0x00007fc4d0da0000, 0x00007fc4da2b2f38, 0x00007fc4efe90000)
  to   space 508864K,   0% used [0x00007fc4efe90000, 0x00007fc4efe90000, 0x00007fc50ef80000)
 tenured generation   total 10177520K, used 10107997K [0x00007fce830a0000, 0x00007fd0f039c000, 0x00007fe3d8600000)
   the space 10177520K,  99% used [0x00007fce830a0000, 0x00007fd0ebfb77c0, 0x00007fd0ebfb7800, 0x00007fd0f039c000)
 Metaspace       used 24246K, capacity 24702K, committed 24832K, reserved 26624K
}
Event: 4900.069 GC heap before
{Heap before GC invocations=2980 (full 7):
 def new generation   total 4579904K, used 4223691K [0x00007fc3d8600000, 0x00007fc50ef80000, 0x00007fce830a0000)
  eden space 4071040K, 100% used [0x00007fc3d8600000, 0x00007fc4d0da0000, 0x00007fc4d0da0000)
  from space 508864K,  29% used [0x00007fc4d0da0000, 0x00007fc4da2b2f38, 0x00007fc4efe90000)
  to   space 508864K,   0% used [0x00007fc4efe90000, 0x00007fc4efe90000, 0x00007fc50ef80000)
 tenured generation   total 10177520K, used 10107997K [0x00007fce830a0000, 0x00007fd0f039c000, 0x00007fe3d8600000)
   the space 10177520K,  99% used [0x00007fce830a0000, 0x00007fd0ebfb77c0, 0x00007fd0ebfb7800, 0x00007fd0f039c000)
 Metaspace       used 24246K, capacity 24702K, committed 24832K, reserved 26624K
}
Event: 4900.224 GC heap after
{Heap after GC invocations=2981 (full 7):
 def new generation   total 4579904K, used 149570K [0x00007fc3d8600000, 0x00007fc50ef80000, 0x00007fce830a0000)
  eden space 4071040K,   0% used [0x00007fc3d8600000, 0x00007fc3d8600000, 0x00007fc4d0da0000)
  from space 508864K,  29% used [0x00007fc4efe90000, 0x00007fc4f90a0a10, 0x00007fc50ef80000)
  to   space 508864K,   0% used [0x00007fc4d0da0000, 0x00007fc4d0da0000, 0x00007fc4efe90000)
 tenured generation   total 10177520K, used 10124957K [0x00007fce830a0000, 0x00007fd0f039c000, 0x00007fe3d8600000)
   the space 10177520K,  99% used [0x00007fce830a0000, 0x00007fd0ed0477b8, 0x00007fd0ed047800, 0x00007fd0f039c000)
 Metaspace       used 24246K, capacity 24702K, committed 24832K, reserved 26624K
}
Event: 4903.789 GC heap before
{Heap before GC invocations=2981 (full 7):
 def new generation   total 4579904K, used 4220610K [0x00007fc3d8600000, 0x00007fc50ef80000, 0x00007fce830a0000)
  eden space 4071040K, 100% used [0x00007fc3d8600000, 0x00007fc4d0da0000, 0x00007fc4d0da0000)
  from space 508864K,  29% used [0x00007fc4efe90000, 0x00007fc4f90a0a10, 0x00007fc50ef80000)
  to   space 508864K,   0% used [0x00007fc4d0da0000, 0x00007fc4d0da0000, 0x00007fc4efe90000)
 tenured generation   total 10177520K, used 10124957K [0x00007fce830a0000, 0x00007fd0f039c000, 0x00007fe3d8600000)
   the space 10177520K,  99% used [0x00007fce830a0000, 0x00007fd0ed0477b8, 0x00007fd0ed047800, 0x00007fd0f039c000)
 Metaspace       used 24246K, capacity 24702K, committed 24832K, reserved 26624K
}
Event: 4903.906 GC heap after
{Heap after GC invocations=2982 (full 7):
 def new generation   total 4579904K, used 152637K [0x00007fc3d8600000, 0x00007fc50ef80000, 0x00007fce830a0000)
  eden space 4071040K,   0% used [0x00007fc3d8600000, 0x00007fc3d8600000, 0x00007fc4d0da0000)
  from space 508864K,  29% used [0x00007fc4d0da0000, 0x00007fc4da2af7e0, 0x00007fc4efe90000)
  to   space 508864K,   0% used [0x00007fc4efe90000, 0x00007fc4efe90000, 0x00007fc50ef80000)
 tenured generation   total 10177520K, used 10124957K [0x00007fce830a0000, 0x00007fd0f039c000, 0x00007fe3d8600000)
   the space 10177520K,  99% used [0x00007fce830a0000, 0x00007fd0ed0477b8, 0x00007fd0ed047800, 0x00007fd0f039c000)
 Metaspace       used 24246K, capacity 24702K, committed 24832K, reserved 26624K
}
Event: 4908.672 GC heap before
{Heap before GC invocations=2982 (full 7):
 def new generation   total 4579904K, used 4223677K [0x00007fc3d8600000, 0x00007fc50ef80000, 0x00007fce830a0000)
  eden space 4071040K, 100% used [0x00007fc3d8600000, 0x00007fc4d0da0000, 0x00007fc4d0da0000)
  from space 508864K,  29% used [0x00007fc4d0da0000, 0x00007fc4da2af7e0, 0x00007fc4efe90000)
  to   space 508864K,   0% used [0x00007fc4efe90000, 0x00007fc4efe90000, 0x00007fc50ef80000)
 tenured generation   total 10177520K, used 10124957K [0x00007fce830a0000, 0x00007fd0f039c000, 0x00007fe3d8600000)
   the space 10177520K,  99% used [0x00007fce830a0000, 0x00007fd0ed0477b8, 0x00007fd0ed047800, 0x00007fd0f039c000)
 Metaspace       used 24246K, capacity 24702K, committed 24832K, reserved 26624K
}
Event: 4908.808 GC heap after
{Heap after GC invocations=2983 (full 7):
 def new generation   total 4579904K, used 150182K [0x00007fc3d8600000, 0x00007fc50ef80000, 0x00007fce830a0000)
  eden space 4071040K,   0% used [0x00007fc3d8600000, 0x00007fc3d8600000, 0x00007fc4d0da0000)
  from space 508864K,  29% used [0x00007fc4efe90000, 0x00007fc4f9139a58, 0x00007fc50ef80000)
  to   space 508864K,   0% used [0x00007fc4d0da0000, 0x00007fc4d0da0000, 0x00007fc4efe90000)
 tenured generation   total 10177520K, used 10141917K [0x00007fce830a0000, 0x00007fd0f039c000, 0x00007fe3d8600000)
   the space 10177520K,  99% used [0x00007fce830a0000, 0x00007fd0ee0d77b0, 0x00007fd0ee0d7800, 0x00007fd0f039c000)
 Metaspace       used 24246K, capacity 24702K, committed 24832K, reserved 26624K
}
Event: 4912.399 GC heap before
{Heap before GC invocations=2983 (full 7):
 def new generation   total 4579904K, used 4221222K [0x00007fc3d8600000, 0x00007fc50ef80000, 0x00007fce830a0000)
  eden space 4071040K, 100% used [0x00007fc3d8600000, 0x00007fc4d0da0000, 0x00007fc4d0da0000)
  from space 508864K,  29% used [0x00007fc4efe90000, 0x00007fc4f9139a58, 0x00007fc50ef80000)
  to   space 508864K,   0% used [0x00007fc4d0da0000, 0x00007fc4d0da0000, 0x00007fc4efe90000)
 tenured generation   total 10177520K, used 10141917K [0x00007fce830a0000, 0x00007fd0f039c000, 0x00007fe3d8600000)
   the space 10177520K,  99% used [0x00007fce830a0000, 0x00007fd0ee0d77b0, 0x00007fd0ee0d7800, 0x00007fd0f039c000)
 Metaspace       used 24246K, capacity 24702K, committed 24832K, reserved 26624K
}
Event: 4912.511 GC heap after
{Heap after GC invocations=2984 (full 7):
 def new generation   total 4579904K, used 152640K [0x00007fc3d8600000, 0x00007fc50ef80000, 0x00007fce830a0000)
  eden space 4071040K,   0% used [0x00007fc3d8600000, 0x00007fc3d8600000, 0x00007fc4d0da0000)
  from space 508864K,  29% used [0x00007fc4d0da0000, 0x00007fc4da2b0338, 0x00007fc4efe90000)
  to   space 508864K,   0% used [0x00007fc4efe90000, 0x00007fc4efe90000, 0x00007fc50ef80000)
 tenured generation   total 10177520K, used 10141917K [0x00007fce830a0000, 0x00007fd0f039c000, 0x00007fe3d8600000)
   the space 10177520K,  99% used [0x00007fce830a0000, 0x00007fd0ee0d77b0, 0x00007fd0ee0d7800, 0x00007fd0f039c000)
 Metaspace       used 24246K, capacity 24702K, committed 24832K, reserved 26624K
}
Event: 4917.053 GC heap before
{Heap before GC invocations=2984 (full 7):
 def new generation   total 4579904K, used 4223680K [0x00007fc3d8600000, 0x00007fc50ef80000, 0x00007fce830a0000)
  eden space 4071040K, 100% used [0x00007fc3d8600000, 0x00007fc4d0da0000, 0x00007fc4d0da0000)
  from space 508864K,  29% used [0x00007fc4d0da0000, 0x00007fc4da2b0338, 0x00007fc4efe90000)
  to   space 508864K,   0% used [0x00007fc4efe90000, 0x00007fc4efe90000, 0x00007fc50ef80000)
 tenured generation   total 10177520K, used 10141917K [0x00007fce830a0000, 0x00007fd0f039c000, 0x00007fe3d8600000)
   the space 10177520K,  99% used [0x00007fce830a0000, 0x00007fd0ee0d77b0, 0x00007fd0ee0d7800, 0x00007fd0f039c000)
 Metaspace       used 24246K, capacity 24702K, committed 24832K, reserved 26624K
}
Event: 4917.180 GC heap after
{Heap after GC invocations=2985 (full 7):
 def new generation   total 4579904K, used 146478K [0x00007fc3d8600000, 0x00007fc50ef80000, 0x00007fce830a0000)
  eden space 4071040K,   0% used [0x00007fc3d8600000, 0x00007fc3d8600000, 0x00007fc4d0da0000)
  from space 508864K,  28% used [0x00007fc4efe90000, 0x00007fc4f8d9b9b0, 0x00007fc50ef80000)
  to   space 508864K,   0% used [0x00007fc4d0da0000, 0x00007fc4d0da0000, 0x00007fc4efe90000)
 tenured generation   total 10177520K, used 10158877K [0x00007fce830a0000, 0x00007fd0f039c000, 0x00007fe3d8600000)
   the space 10177520K,  99% used [0x00007fce830a0000, 0x00007fd0ef1677a8, 0x00007fd0ef167800, 0x00007fd0f039c000)
 Metaspace       used 24246K, capacity 24702K, committed 24832K, reserved 26624K
}
Event: 4920.950 GC heap before
{Heap before GC invocations=2985 (full 7):
 def new generation   total 4579904K, used 4217518K [0x00007fc3d8600000, 0x00007fc50ef80000, 0x00007fce830a0000)
  eden space 4071040K, 100% used [0x00007fc3d8600000, 0x00007fc4d0da0000, 0x00007fc4d0da0000)
  from space 508864K,  28% used [0x00007fc4efe90000, 0x00007fc4f8d9b9b0, 0x00007fc50ef80000)
  to   space 508864K,   0% used [0x00007fc4d0da0000, 0x00007fc4d0da0000, 0x00007fc4efe90000)
 tenured generation   total 10177520K, used 10158877K [0x00007fce830a0000, 0x00007fd0f039c000, 0x00007fe3d8600000)
   the space 10177520K,  99% used [0x00007fce830a0000, 0x00007fd0ef1677a8, 0x00007fd0ef167800, 0x00007fd0f039c000)
 Metaspace       used 24246K, capacity 24702K, committed 24832K, reserved 26624K
}
Event: 4921.059 GC heap after
{Heap after GC invocations=2986 (full 7):
 def new generation   total 4579904K, used 152641K [0x00007fc3d8600000, 0x00007fc50ef80000, 0x00007fce830a0000)
  eden space 4071040K,   0% used [0x00007fc3d8600000, 0x00007fc3d8600000, 0x00007fc4d0da0000)
  from space 508864K,  29% used [0x00007fc4d0da0000, 0x00007fc4da2b0790, 0x00007fc4efe90000)
  to   space 508864K,   0% used [0x00007fc4efe90000, 0x00007fc4efe90000, 0x00007fc50ef80000)
 tenured generation   total 10177520K, used 10158877K [0x00007fce830a0000, 0x00007fd0f039c000, 0x00007fe3d8600000)
   the space 10177520K,  99% used [0x00007fce830a0000, 0x00007fd0ef1677a8, 0x00007fd0ef167800, 0x00007fd0f039c000)
 Metaspace       used 24246K, capacity 24702K, committed 24832K, reserved 26624K
}
Event: 4925.778 GC heap before
{Heap before GC invocations=2986 (full 7):
 def new generation   total 4579904K, used 4223681K [0x00007fc3d8600000, 0x00007fc50ef80000, 0x00007fce830a0000)
  eden space 4071040K, 100% used [0x00007fc3d8600000, 0x00007fc4d0da0000, 0x00007fc4d0da0000)
  from space 508864K,  29% used [0x00007fc4d0da0000, 0x00007fc4da2b0790, 0x00007fc4efe90000)
  to   space 508864K,   0% used [0x00007fc4efe90000, 0x00007fc4efe90000, 0x00007fc50ef80000)
 tenured generation   total 10177520K, used 10158877K [0x00007fce830a0000, 0x00007fd0f039c000, 0x00007fe3d8600000)
   the space 10177520K,  99% used [0x00007fce830a0000, 0x00007fd0ef1677a8, 0x00007fd0ef167800, 0x00007fd0f039c000)
 Metaspace       used 24246K, capacity 24702K, committed 24832K, reserved 26624K
}
Event: 4925.902 GC heap after
{Heap after GC invocations=2987 (full 7):
 def new generation   total 4579904K, used 145462K [0x00007fc3d8600000, 0x00007fc50ef80000, 0x00007fce830a0000)
  eden space 4071040K,   0% used [0x00007fc3d8600000, 0x00007fc3d8600000, 0x00007fc4d0da0000)
  from space 508864K,  28% used [0x00007fc4efe90000, 0x00007fc4f8c9db28, 0x00007fc50ef80000)
  to   space 508864K,   0% used [0x00007fc4d0da0000, 0x00007fc4d0da0000, 0x00007fc4efe90000)
 tenured generation   total 10177520K, used 10175837K [0x00007fce830a0000, 0x00007fd0f039c000, 0x00007fe3d8600000)
   the space 10177520K,  99% used [0x00007fce830a0000, 0x00007fd0f01f77a0, 0x00007fd0f01f7800, 0x00007fd0f039c000)
 Metaspace       used 24246K, capacity 24702K, committed 24832K, reserved 26624K
}
Event: 4929.803 GC heap before
{Heap before GC invocations=2987 (full 7):
 def new generation   total 4579904K, used 4216502K [0x00007fc3d8600000, 0x00007fc50ef80000, 0x00007fce830a0000)
  eden space 4071040K, 100% used [0x00007fc3d8600000, 0x00007fc4d0da0000, 0x00007fc4d0da0000)
  from space 508864K,  28% used [0x00007fc4efe90000, 0x00007fc4f8c9db28, 0x00007fc50ef80000)
  to   space 508864K,   0% used [0x00007fc4d0da0000, 0x00007fc4d0da0000, 0x00007fc4efe90000)
 tenured generation   total 10177520K, used 10175837K [0x00007fce830a0000, 0x00007fd0f039c000, 0x00007fe3d8600000)
   the space 10177520K,  99% used [0x00007fce830a0000, 0x00007fd0f01f77a0, 0x00007fd0f01f7800, 0x00007fd0f039c000)
 Metaspace       used 24246K, capacity 24702K, committed 24832K, reserved 26624K
}
Event: 4929.935 GC heap after
{Heap after GC invocations=2988 (full 7):
 def new generation   total 4579904K, used 152647K [0x00007fc3d8600000, 0x00007fc50ef80000, 0x00007fce830a0000)
  eden space 4071040K,   0% used [0x00007fc3d8600000, 0x00007fc3d8600000, 0x00007fc4d0da0000)
  from space 508864K,  29% used [0x00007fc4d0da0000, 0x00007fc4da2b1d20, 0x00007fc4efe90000)
  to   space 508864K,   0% used [0x00007fc4efe90000, 0x00007fc4efe90000, 0x00007fc50ef80000)
 tenured generation   total 10177520K, used 10175837K [0x00007fce830a0000, 0x00007fd0f039c000, 0x00007fe3d8600000)
   the space 10177520K,  99% used [0x00007fce830a0000, 0x00007fd0f01f77a0, 0x00007fd0f01f7800, 0x00007fd0f039c000)
 Metaspace       used 24246K, capacity 24702K, committed 24832K, reserved 26624K
}
Event: 4934.339 GC heap before
{Heap before GC invocations=2988 (full 7):
 def new generation   total 4579904K, used 4223687K [0x00007fc3d8600000, 0x00007fc50ef80000, 0x00007fce830a0000)
  eden space 4071040K, 100% used [0x00007fc3d8600000, 0x00007fc4d0da0000, 0x00007fc4d0da0000)
  from space 508864K,  29% used [0x00007fc4d0da0000, 0x00007fc4da2b1d20, 0x00007fc4efe90000)
  to   space 508864K,   0% used [0x00007fc4efe90000, 0x00007fc4efe90000, 0x00007fc50ef80000)
 tenured generation   total 10177520K, used 10175837K [0x00007fce830a0000, 0x00007fd0f039c000, 0x00007fe3d8600000)
   the space 10177520K,  99% used [0x00007fce830a0000, 0x00007fd0f01f77a0, 0x00007fd0f01f7800, 0x00007fd0f039c000)
 Metaspace       used 24246K, capacity 24702K, committed 24832K, reserved 26624K
}
Event: 4934.468 GC heap after
{Heap after GC invocations=2989 (full 7):
 def new generation   total 4579904K, used 144432K [0x00007fc3d8600000, 0x00007fc50ef80000, 0x00007fce830a0000)
  eden space 4071040K,   0% used [0x00007fc3d8600000, 0x00007fc3d8600000, 0x00007fc4d0da0000)
  from space 508864K,  28% used [0x00007fc4efe90000, 0x00007fc4f8b9c2b0, 0x00007fc50ef80000)
  to   space 508864K,   0% used [0x00007fc4d0da0000, 0x00007fc4d0da0000, 0x00007fc4efe90000)
 tenured generation   total 10193908K, used 10192797K [0x00007fce830a0000, 0x00007fd0f139d000, 0x00007fe3d8600000)
   the space 10193908K,  99% used [0x00007fce830a0000, 0x00007fd0f1287798, 0x00007fd0f1287800, 0x00007fd0f139d000)
 Metaspace       used 24246K, capacity 24702K, committed 24832K, reserved 26624K
}
Event: 4934.468 GC heap before
{Heap before GC invocations=2989 (full 7):
 def new generation   total 4579904K, used 144432K [0x00007fc3d8600000, 0x00007fc50ef80000, 0x00007fce830a0000)
  eden space 4071040K,   0% used [0x00007fc3d8600000, 0x00007fc3d8600000, 0x00007fc4d0da0000)
  from space 508864K,  28% used [0x00007fc4efe90000, 0x00007fc4f8b9c2b0, 0x00007fc50ef80000)
  to   space 508864K,   0% used [0x00007fc4d0da0000, 0x00007fc4d0da0000, 0x00007fc4efe90000)
 tenured generation   total 10193908K, used 10192797K [0x00007fce830a0000, 0x00007fd0f139d000, 0x00007fe3d8600000)
   the space 10193908K,  99% used [0x00007fce830a0000, 0x00007fd0f1287798, 0x00007fd0f1287800, 0x00007fd0f139d000)
 Metaspace       used 24246K, capacity 24702K, committed 24832K, reserved 26624K
}

