# JRE version: OpenJDK Runtime Environment (13.0.7+5) (build 13.0.7+5-Ubuntu-0ubuntu120.04)
# Java VM: OpenJDK 64-Bit Server VM (13.0.7+5-Ubuntu-0ubuntu120.04, mixed mode, tiered, serial gc, linux-amd64)
Heap:
 def new generation   total 2924288K, used 166599K [0x00007f971c600000, 0x00007f97e2b00000, 0x00007f9c71b50000)
  eden space 2599424K,   6% used [0x00007f971c600000, 0x00007f97268b1f50, 0x00007f97bb080000)
  from space 324864K,   0% used [0x00007f97cedc0000, 0x00007f97cedc0000, 0x00007f97e2b00000)
  to   space 324864K,   0% used [0x00007f97bb080000, 0x00007f97bb080000, 0x00007f97cedc0000)
 tenured generation   total 6512088K, used 6512087K [0x00007f9c71b50000, 0x00007f9dff2c6000, 0x00007fa71c600000)
   the space 6512088K,  99% used [0x00007f9c71b50000, 0x00007f9dff2c5fc8, 0x00007f9dff2c6000, 0x00007f9dff2c6000)
 Metaspace       used 24285K, capacity 24721K, committed 24832K, reserved 26624K
GC Heap History (20 events):
Event: 1079.358 GC heap after
{Heap after GC invocations=784 (full 4):
 def new generation   total 2924288K, used 165903K [0x00007f971c600000, 0x00007f97e2b00000, 0x00007f9c71b50000)
  eden space 2599424K,   0% used [0x00007f971c600000, 0x00007f971c600000, 0x00007f97bb080000)
  from space 324864K,  51% used [0x00007f97bb080000, 0x00007f97c5283fd0, 0x00007f97cedc0000)
  to   space 324864K,   0% used [0x00007f97cedc0000, 0x00007f97cedc0000, 0x00007f97e2b00000)
 tenured generation   total 6498264K, used 6346240K [0x00007f9c71b50000, 0x00007f9dfe546000, 0x00007fa71c600000)
   the space 6498264K,  97% used [0x00007f9c71b50000, 0x00007f9df50d03c0, 0x00007f9df50d0400, 0x00007f9dfe546000)
 Metaspace       used 24285K, capacity 24721K, committed 24832K, reserved 26624K
}
Event: 1082.014 GC heap before
{Heap before GC invocations=784 (full 4):
 def new generation   total 2924288K, used 2765327K [0x00007f971c600000, 0x00007f97e2b00000, 0x00007f9c71b50000)
  eden space 2599424K, 100% used [0x00007f971c600000, 0x00007f97bb080000, 0x00007f97bb080000)
  from space 324864K,  51% used [0x00007f97bb080000, 0x00007f97c5283fd0, 0x00007f97cedc0000)
  to   space 324864K,   0% used [0x00007f97cedc0000, 0x00007f97cedc0000, 0x00007f97e2b00000)
 tenured generation   total 6498264K, used 6346240K [0x00007f9c71b50000, 0x00007f9dfe546000, 0x00007fa71c600000)
   the space 6498264K,  97% used [0x00007f9c71b50000, 0x00007f9df50d03c0, 0x00007f9df50d0400, 0x00007f9dfe546000)
 Metaspace       used 24285K, capacity 24721K, committed 24832K, reserved 26624K
}
Event: 1082.387 GC heap after
{Heap after GC invocations=785 (full 4):
 def new generation   total 2924288K, used 163383K [0x00007f971c600000, 0x00007f97e2b00000, 0x00007f9c71b50000)
  eden space 2599424K,   0% used [0x00007f971c600000, 0x00007f971c600000, 0x00007f97bb080000)
  from space 324864K,  50% used [0x00007f97cedc0000, 0x00007f97d8d4ddb0, 0x00007f97e2b00000)
  to   space 324864K,   0% used [0x00007f97bb080000, 0x00007f97bb080000, 0x00007f97cedc0000)
 tenured generation   total 6498264K, used 6365845K [0x00007f9c71b50000, 0x00007f9dfe546000, 0x00007fa71c600000)
   the space 6498264K,  97% used [0x00007f9c71b50000, 0x00007f9df63f54e8, 0x00007f9df63f5600, 0x00007f9dfe546000)
 Metaspace       used 24285K, capacity 24721K, committed 24832K, reserved 26624K
}
Event: 1085.046 GC heap before
{Heap before GC invocations=785 (full 4):
 def new generation   total 2924288K, used 2762807K [0x00007f971c600000, 0x00007f97e2b00000, 0x00007f9c71b50000)
  eden space 2599424K, 100% used [0x00007f971c600000, 0x00007f97bb080000, 0x00007f97bb080000)
  from space 324864K,  50% used [0x00007f97cedc0000, 0x00007f97d8d4ddb0, 0x00007f97e2b00000)
  to   space 324864K,   0% used [0x00007f97bb080000, 0x00007f97bb080000, 0x00007f97cedc0000)
 tenured generation   total 6498264K, used 6365845K [0x00007f9c71b50000, 0x00007f9dfe546000, 0x00007fa71c600000)
   the space 6498264K,  97% used [0x00007f9c71b50000, 0x00007f9df63f54e8, 0x00007f9df63f5600, 0x00007f9dfe546000)
 Metaspace       used 24285K, capacity 24721K, committed 24832K, reserved 26624K
}
Event: 1085.435 GC heap after
{Heap after GC invocations=786 (full 4):
 def new generation   total 2924288K, used 164197K [0x00007f971c600000, 0x00007f97e2b00000, 0x00007f9c71b50000)
  eden space 2599424K,   0% used [0x00007f971c600000, 0x00007f971c600000, 0x00007f97bb080000)
  from space 324864K,  50% used [0x00007f97bb080000, 0x00007f97c50d94f0, 0x00007f97cedc0000)
  to   space 324864K,   0% used [0x00007f97cedc0000, 0x00007f97cedc0000, 0x00007f97e2b00000)
 tenured generation   total 6498264K, used 6385956K [0x00007f9c71b50000, 0x00007f9dfe546000, 0x00007fa71c600000)
   the space 6498264K,  98% used [0x00007f9c71b50000, 0x00007f9df7799240, 0x00007f9df7799400, 0x00007f9dfe546000)
 Metaspace       used 24285K, capacity 24721K, committed 24832K, reserved 26624K
}
Event: 1088.175 GC heap before
{Heap before GC invocations=786 (full 4):
 def new generation   total 2924288K, used 2763621K [0x00007f971c600000, 0x00007f97e2b00000, 0x00007f9c71b50000)
  eden space 2599424K, 100% used [0x00007f971c600000, 0x00007f97bb080000, 0x00007f97bb080000)
  from space 324864K,  50% used [0x00007f97bb080000, 0x00007f97c50d94f0, 0x00007f97cedc0000)
  to   space 324864K,   0% used [0x00007f97cedc0000, 0x00007f97cedc0000, 0x00007f97e2b00000)
 tenured generation   total 6498264K, used 6385956K [0x00007f9c71b50000, 0x00007f9dfe546000, 0x00007fa71c600000)
   the space 6498264K,  98% used [0x00007f9c71b50000, 0x00007f9df7799240, 0x00007f9df7799400, 0x00007f9dfe546000)
 Metaspace       used 24285K, capacity 24721K, committed 24832K, reserved 26624K
}
Event: 1088.551 GC heap after
{Heap after GC invocations=787 (full 4):
 def new generation   total 2924288K, used 162836K [0x00007f971c600000, 0x00007f97e2b00000, 0x00007f9c71b50000)
  eden space 2599424K,   0% used [0x00007f971c600000, 0x00007f971c600000, 0x00007f97bb080000)
  from space 324864K,  50% used [0x00007f97cedc0000, 0x00007f97d8cc5020, 0x00007f97e2b00000)
  to   space 324864K,   0% used [0x00007f97bb080000, 0x00007f97bb080000, 0x00007f97cedc0000)
 tenured generation   total 6498264K, used 6404550K [0x00007f9c71b50000, 0x00007f9dfe546000, 0x00007fa71c600000)
   the space 6498264K,  98% used [0x00007f9c71b50000, 0x00007f9df89c1b98, 0x00007f9df89c1c00, 0x00007f9dfe546000)
 Metaspace       used 24285K, capacity 24721K, committed 24832K, reserved 26624K
}
Event: 1091.320 GC heap before
{Heap before GC invocations=787 (full 4):
 def new generation   total 2924288K, used 2762260K [0x00007f971c600000, 0x00007f97e2b00000, 0x00007f9c71b50000)
  eden space 2599424K, 100% used [0x00007f971c600000, 0x00007f97bb080000, 0x00007f97bb080000)
  from space 324864K,  50% used [0x00007f97cedc0000, 0x00007f97d8cc5020, 0x00007f97e2b00000)
  to   space 324864K,   0% used [0x00007f97bb080000, 0x00007f97bb080000, 0x00007f97cedc0000)
 tenured generation   total 6498264K, used 6404550K [0x00007f9c71b50000, 0x00007f9dfe546000, 0x00007fa71c600000)
   the space 6498264K,  98% used [0x00007f9c71b50000, 0x00007f9df89c1b98, 0x00007f9df89c1c00, 0x00007f9dfe546000)
 Metaspace       used 24285K, capacity 24721K, committed 24832K, reserved 26624K
}
Event: 1091.707 GC heap after
{Heap after GC invocations=788 (full 4):
 def new generation   total 2924288K, used 162738K [0x00007f971c600000, 0x00007f97e2b00000, 0x00007f9c71b50000)
  eden space 2599424K,   0% used [0x00007f971c600000, 0x00007f971c600000, 0x00007f97bb080000)
  from space 324864K,  50% used [0x00007f97bb080000, 0x00007f97c4f6c890, 0x00007f97cedc0000)
  to   space 324864K,   0% used [0x00007f97cedc0000, 0x00007f97cedc0000, 0x00007f97e2b00000)
 tenured generation   total 6498264K, used 6422369K [0x00007f9c71b50000, 0x00007f9dfe546000, 0x00007fa71c600000)
   the space 6498264K,  98% used [0x00007f9c71b50000, 0x00007f9df9b28688, 0x00007f9df9b28800, 0x00007f9dfe546000)
 Metaspace       used 24285K, capacity 24721K, committed 24832K, reserved 26624K
}
Event: 1094.420 GC heap before
{Heap before GC invocations=788 (full 4):
 def new generation   total 2924288K, used 2762162K [0x00007f971c600000, 0x00007f97e2b00000, 0x00007f9c71b50000)
  eden space 2599424K, 100% used [0x00007f971c600000, 0x00007f97bb080000, 0x00007f97bb080000)
  from space 324864K,  50% used [0x00007f97bb080000, 0x00007f97c4f6c890, 0x00007f97cedc0000)
  to   space 324864K,   0% used [0x00007f97cedc0000, 0x00007f97cedc0000, 0x00007f97e2b00000)
 tenured generation   total 6498264K, used 6422369K [0x00007f9c71b50000, 0x00007f9dfe546000, 0x00007fa71c600000)
   the space 6498264K,  98% used [0x00007f9c71b50000, 0x00007f9df9b28688, 0x00007f9df9b28800, 0x00007f9dfe546000)
 Metaspace       used 24285K, capacity 24721K, committed 24832K, reserved 26624K
}
Event: 1094.797 GC heap after
{Heap after GC invocations=789 (full 4):
 def new generation   total 2924288K, used 163759K [0x00007f971c600000, 0x00007f97e2b00000, 0x00007f9c71b50000)
  eden space 2599424K,   0% used [0x00007f971c600000, 0x00007f971c600000, 0x00007f97bb080000)
  from space 324864K,  50% used [0x00007f97cedc0000, 0x00007f97d8dabf28, 0x00007f97e2b00000)
  to   space 324864K,   0% used [0x00007f97bb080000, 0x00007f97bb080000, 0x00007f97cedc0000)
 tenured generation   total 6498264K, used 6439873K [0x00007f9c71b50000, 0x00007f9dfe546000, 0x00007fa71c600000)
   the space 6498264K,  99% used [0x00007f9c71b50000, 0x00007f9dfac40440, 0x00007f9dfac40600, 0x00007f9dfe546000)
 Metaspace       used 24285K, capacity 24721K, committed 24832K, reserved 26624K
}
Event: 1097.583 GC heap before
{Heap before GC invocations=789 (full 4):
 def new generation   total 2924288K, used 2763183K [0x00007f971c600000, 0x00007f97e2b00000, 0x00007f9c71b50000)
  eden space 2599424K, 100% used [0x00007f971c600000, 0x00007f97bb080000, 0x00007f97bb080000)
  from space 324864K,  50% used [0x00007f97cedc0000, 0x00007f97d8dabf28, 0x00007f97e2b00000)
  to   space 324864K,   0% used [0x00007f97bb080000, 0x00007f97bb080000, 0x00007f97cedc0000)
 tenured generation   total 6498264K, used 6439873K [0x00007f9c71b50000, 0x00007f9dfe546000, 0x00007fa71c600000)
   the space 6498264K,  99% used [0x00007f9c71b50000, 0x00007f9dfac40440, 0x00007f9dfac40600, 0x00007f9dfe546000)
 Metaspace       used 24285K, capacity 24721K, committed 24832K, reserved 26624K
}
Event: 1097.956 GC heap after
{Heap after GC invocations=790 (full 4):
 def new generation   total 2924288K, used 162760K [0x00007f971c600000, 0x00007f97e2b00000, 0x00007f9c71b50000)
  eden space 2599424K,   0% used [0x00007f971c600000, 0x00007f971c600000, 0x00007f97bb080000)
  from space 324864K,  50% used [0x00007f97bb080000, 0x00007f97c4f72250, 0x00007f97cedc0000)
  to   space 324864K,   0% used [0x00007f97cedc0000, 0x00007f97cedc0000, 0x00007f97e2b00000)
 tenured generation   total 6498264K, used 6458700K [0x00007f9c71b50000, 0x00007f9dfe546000, 0x00007fa71c600000)
   the space 6498264K,  99% used [0x00007f9c71b50000, 0x00007f9dfbea3230, 0x00007f9dfbea3400, 0x00007f9dfe546000)
 Metaspace       used 24285K, capacity 24721K, committed 24832K, reserved 26624K
}
Event: 1100.719 GC heap before
{Heap before GC invocations=790 (full 4):
 def new generation   total 2924288K, used 2762184K [0x00007f971c600000, 0x00007f97e2b00000, 0x00007f9c71b50000)
  eden space 2599424K, 100% used [0x00007f971c600000, 0x00007f97bb080000, 0x00007f97bb080000)
  from space 324864K,  50% used [0x00007f97bb080000, 0x00007f97c4f72250, 0x00007f97cedc0000)
  to   space 324864K,   0% used [0x00007f97cedc0000, 0x00007f97cedc0000, 0x00007f97e2b00000)
 tenured generation   total 6498264K, used 6458700K [0x00007f9c71b50000, 0x00007f9dfe546000, 0x00007fa71c600000)
   the space 6498264K,  99% used [0x00007f9c71b50000, 0x00007f9dfbea3230, 0x00007f9dfbea3400, 0x00007f9dfe546000)
 Metaspace       used 24285K, capacity 24721K, committed 24832K, reserved 26624K
}
Event: 1101.135 GC heap after
{Heap after GC invocations=791 (full 4):
 def new generation   total 2924288K, used 163327K [0x00007f971c600000, 0x00007f97e2b00000, 0x00007f9c71b50000)
  eden space 2599424K,   0% used [0x00007f971c600000, 0x00007f971c600000, 0x00007f97bb080000)
  from space 324864K,  50% used [0x00007f97cedc0000, 0x00007f97d8d3fe28, 0x00007f97e2b00000)
  to   space 324864K,   0% used [0x00007f97bb080000, 0x00007f97bb080000, 0x00007f97cedc0000)
 tenured generation   total 6498264K, used 6479268K [0x00007f9c71b50000, 0x00007f9dfe546000, 0x00007fa71c600000)
   the space 6498264K,  99% used [0x00007f9c71b50000, 0x00007f9dfd2b93f8, 0x00007f9dfd2b9400, 0x00007f9dfe546000)
 Metaspace       used 24285K, capacity 24721K, committed 24832K, reserved 26624K
}
Event: 1103.773 GC heap before
{Heap before GC invocations=791 (full 4):
 def new generation   total 2924288K, used 2762751K [0x00007f971c600000, 0x00007f97e2b00000, 0x00007f9c71b50000)
  eden space 2599424K, 100% used [0x00007f971c600000, 0x00007f97bb080000, 0x00007f97bb080000)
  from space 324864K,  50% used [0x00007f97cedc0000, 0x00007f97d8d3fe28, 0x00007f97e2b00000)
  to   space 324864K,   0% used [0x00007f97bb080000, 0x00007f97bb080000, 0x00007f97cedc0000)
 tenured generation   total 6498264K, used 6479268K [0x00007f9c71b50000, 0x00007f9dfe546000, 0x00007fa71c600000)
   the space 6498264K,  99% used [0x00007f9c71b50000, 0x00007f9dfd2b93f8, 0x00007f9dfd2b9400, 0x00007f9dfe546000)
 Metaspace       used 24285K, capacity 24721K, committed 24832K, reserved 26624K
}
Event: 1104.167 GC heap after
{Heap after GC invocations=792 (full 4):
 def new generation   total 2924288K, used 165203K [0x00007f971c600000, 0x00007f97e2b00000, 0x00007f9c71b50000)
  eden space 2599424K,   0% used [0x00007f971c600000, 0x00007f971c600000, 0x00007f97bb080000)
  from space 324864K,  50% used [0x00007f97bb080000, 0x00007f97c51d4e98, 0x00007f97cedc0000)
  to   space 324864K,   0% used [0x00007f97cedc0000, 0x00007f97cedc0000, 0x00007f97e2b00000)
 tenured generation   total 6498264K, used 6495621K [0x00007f9c71b50000, 0x00007f9dfe546000, 0x00007fa71c600000)
   the space 6498264K,  99% used [0x00007f9c71b50000, 0x00007f9dfe2b17c8, 0x00007f9dfe2b1800, 0x00007f9dfe546000)
 Metaspace       used 24285K, capacity 24721K, committed 24832K, reserved 26624K
}
Event: 1106.823 GC heap before
{Heap before GC invocations=792 (full 4):
 def new generation   total 2924288K, used 2764627K [0x00007f971c600000, 0x00007f97e2b00000, 0x00007f9c71b50000)
  eden space 2599424K, 100% used [0x00007f971c600000, 0x00007f97bb080000, 0x00007f97bb080000)
  from space 324864K,  50% used [0x00007f97bb080000, 0x00007f97c51d4e98, 0x00007f97cedc0000)
  to   space 324864K,   0% used [0x00007f97cedc0000, 0x00007f97cedc0000, 0x00007f97e2b00000)
 tenured generation   total 6498264K, used 6495621K [0x00007f9c71b50000, 0x00007f9dfe546000, 0x00007fa71c600000)
   the space 6498264K,  99% used [0x00007f9c71b50000, 0x00007f9dfe2b17c8, 0x00007f9dfe2b1800, 0x00007f9dfe546000)
 Metaspace       used 24285K, capacity 24721K, committed 24832K, reserved 26624K
}
Event: 1107.214 GC heap after
{Heap after GC invocations=793 (full 4):
 def new generation   total 2924288K, used 166662K [0x00007f971c600000, 0x00007f97e2b00000, 0x00007f9c71b50000)
  eden space 2599424K,   0% used [0x00007f971c600000, 0x00007f971c600000, 0x00007f97bb080000)
  from space 324864K,  51% used [0x00007f97cedc0000, 0x00007f97d9081a48, 0x00007f97e2b00000)
  to   space 324864K,   0% used [0x00007f97bb080000, 0x00007f97bb080000, 0x00007f97cedc0000)
 tenured generation   total 6512088K, used 6512025K [0x00007f9c71b50000, 0x00007f9dff2c6000, 0x00007fa71c600000)
   the space 6512088K,  99% used [0x00007f9c71b50000, 0x00007f9dff2b64d0, 0x00007f9dff2b6600, 0x00007f9dff2c6000)
 Metaspace       used 24285K, capacity 24721K, committed 24832K, reserved 26624K
}
Event: 1107.214 GC heap before
{Heap before GC invocations=793 (full 4):
 def new generation   total 2924288K, used 166662K [0x00007f971c600000, 0x00007f97e2b00000, 0x00007f9c71b50000)
  eden space 2599424K,   0% used [0x00007f971c600000, 0x00007f971c600000, 0x00007f97bb080000)
  from space 324864K,  51% used [0x00007f97cedc0000, 0x00007f97d9081a48, 0x00007f97e2b00000)
  to   space 324864K,   0% used [0x00007f97bb080000, 0x00007f97bb080000, 0x00007f97cedc0000)
 tenured generation   total 6512088K, used 6512025K [0x00007f9c71b50000, 0x00007f9dff2c6000, 0x00007fa71c600000)
   the space 6512088K,  99% used [0x00007f9c71b50000, 0x00007f9dff2b64d0, 0x00007f9dff2b6600, 0x00007f9dff2c6000)
 Metaspace       used 24285K, capacity 24721K, committed 24832K, reserved 26624K
}

