# JRE version: OpenJDK Runtime Environment (13.0.7+5) (build 13.0.7+5-Ubuntu-0ubuntu120.04)
# Java VM: OpenJDK 64-Bit Server VM (13.0.7+5-Ubuntu-0ubuntu120.04, mixed mode, tiered, serial gc, linux-amd64)
Heap:
 def new generation   total 1048832K, used 6425K [0x00007f263c600000, 0x00007f2683800000, 0x00007f2b91b50000)
  eden space 932352K,   0% used [0x00007f263c600000, 0x00007f263cc46620, 0x00007f2675480000)
  from space 116480K,   0% used [0x00007f267c640000, 0x00007f267c640000, 0x00007f2683800000)
  to   space 116480K,   0% used [0x00007f2675480000, 0x00007f2675480000, 0x00007f267c640000)
 tenured generation   total 2331136K, used 2331135K [0x00007f2b91b50000, 0x00007f2c1ffd0000, 0x00007f363c600000)
   the space 2331136K,  99% used [0x00007f2b91b50000, 0x00007f2c1ffcffe8, 0x00007f2c1ffd0000, 0x00007f2c1ffd0000)
 Metaspace       used 24343K, capacity 24751K, committed 24832K, reserved 26624K
GC Heap History (20 events):
Event: 4305.027 GC heap after
{Heap after GC invocations=6852 (full 2):
 def new generation   total 1048832K, used 7908K [0x00007f263c600000, 0x00007f2683800000, 0x00007f2b91b50000)
  eden space 932352K,   0% used [0x00007f263c600000, 0x00007f263c600000, 0x00007f2675480000)
  from space 116480K,   6% used [0x00007f2675480000, 0x00007f2675c39338, 0x00007f267c640000)
  to   space 116480K,   0% used [0x00007f267c640000, 0x00007f267c640000, 0x00007f2683800000)
 tenured generation   total 2330560K, used 2326423K [0x00007f2b91b50000, 0x00007f2c1ff40000, 0x00007f363c600000)
   the space 2330560K,  99% used [0x00007f2b91b50000, 0x00007f2c1fb35c20, 0x00007f2c1fb35e00, 0x00007f2c1ff40000)
 Metaspace       used 24343K, capacity 24751K, committed 24832K, reserved 26624K
}
Event: 4305.803 GC heap before
{Heap before GC invocations=6852 (full 2):
 def new generation   total 1048832K, used 940260K [0x00007f263c600000, 0x00007f2683800000, 0x00007f2b91b50000)
  eden space 932352K, 100% used [0x00007f263c600000, 0x00007f2675480000, 0x00007f2675480000)
  from space 116480K,   6% used [0x00007f2675480000, 0x00007f2675c39338, 0x00007f267c640000)
  to   space 116480K,   0% used [0x00007f267c640000, 0x00007f267c640000, 0x00007f2683800000)
 tenured generation   total 2330560K, used 2326423K [0x00007f2b91b50000, 0x00007f2c1ff40000, 0x00007f363c600000)
   the space 2330560K,  99% used [0x00007f2b91b50000, 0x00007f2c1fb35c20, 0x00007f2c1fb35e00, 0x00007f2c1ff40000)
 Metaspace       used 24343K, capacity 24751K, committed 24832K, reserved 26624K
}
Event: 4305.820 GC heap after
{Heap after GC invocations=6853 (full 2):
 def new generation   total 1048832K, used 7816K [0x00007f263c600000, 0x00007f2683800000, 0x00007f2b91b50000)
  eden space 932352K,   0% used [0x00007f263c600000, 0x00007f263c600000, 0x00007f2675480000)
  from space 116480K,   6% used [0x00007f267c640000, 0x00007f267cde22d8, 0x00007f2683800000)
  to   space 116480K,   0% used [0x00007f2675480000, 0x00007f2675480000, 0x00007f267c640000)
 tenured generation   total 2330560K, used 2326837K [0x00007f2b91b50000, 0x00007f2c1ff40000, 0x00007f363c600000)
   the space 2330560K,  99% used [0x00007f2b91b50000, 0x00007f2c1fb9d600, 0x00007f2c1fb9d600, 0x00007f2c1ff40000)
 Metaspace       used 24343K, capacity 24751K, committed 24832K, reserved 26624K
}
Event: 4306.583 GC heap before
{Heap before GC invocations=6853 (full 2):
 def new generation   total 1048832K, used 940168K [0x00007f263c600000, 0x00007f2683800000, 0x00007f2b91b50000)
  eden space 932352K, 100% used [0x00007f263c600000, 0x00007f2675480000, 0x00007f2675480000)
  from space 116480K,   6% used [0x00007f267c640000, 0x00007f267cde22d8, 0x00007f2683800000)
  to   space 116480K,   0% used [0x00007f2675480000, 0x00007f2675480000, 0x00007f267c640000)
 tenured generation   total 2330560K, used 2326837K [0x00007f2b91b50000, 0x00007f2c1ff40000, 0x00007f363c600000)
   the space 2330560K,  99% used [0x00007f2b91b50000, 0x00007f2c1fb9d600, 0x00007f2c1fb9d600, 0x00007f2c1ff40000)
 Metaspace       used 24343K, capacity 24751K, committed 24832K, reserved 26624K
}
Event: 4306.599 GC heap after
{Heap after GC invocations=6854 (full 2):
 def new generation   total 1048832K, used 7706K [0x00007f263c600000, 0x00007f2683800000, 0x00007f2b91b50000)
  eden space 932352K,   0% used [0x00007f263c600000, 0x00007f263c600000, 0x00007f2675480000)
  from space 116480K,   6% used [0x00007f2675480000, 0x00007f2675c06a70, 0x00007f267c640000)
  to   space 116480K,   0% used [0x00007f267c640000, 0x00007f267c640000, 0x00007f2683800000)
 tenured generation   total 2330560K, used 2327270K [0x00007f2b91b50000, 0x00007f2c1ff40000, 0x00007f363c600000)
   the space 2330560K,  99% used [0x00007f2b91b50000, 0x00007f2c1fc09978, 0x00007f2c1fc09a00, 0x00007f2c1ff40000)
 Metaspace       used 24343K, capacity 24751K, committed 24832K, reserved 26624K
}
Event: 4307.332 GC heap before
{Heap before GC invocations=6854 (full 2):
 def new generation   total 1048832K, used 940058K [0x00007f263c600000, 0x00007f2683800000, 0x00007f2b91b50000)
  eden space 932352K, 100% used [0x00007f263c600000, 0x00007f2675480000, 0x00007f2675480000)
  from space 116480K,   6% used [0x00007f2675480000, 0x00007f2675c06a70, 0x00007f267c640000)
  to   space 116480K,   0% used [0x00007f267c640000, 0x00007f267c640000, 0x00007f2683800000)
 tenured generation   total 2330560K, used 2327270K [0x00007f2b91b50000, 0x00007f2c1ff40000, 0x00007f363c600000)
   the space 2330560K,  99% used [0x00007f2b91b50000, 0x00007f2c1fc09978, 0x00007f2c1fc09a00, 0x00007f2c1ff40000)
 Metaspace       used 24343K, capacity 24751K, committed 24832K, reserved 26624K
}
Event: 4307.350 GC heap after
{Heap after GC invocations=6855 (full 2):
 def new generation   total 1048832K, used 7602K [0x00007f263c600000, 0x00007f2683800000, 0x00007f2b91b50000)
  eden space 932352K,   0% used [0x00007f263c600000, 0x00007f263c600000, 0x00007f2675480000)
  from space 116480K,   6% used [0x00007f267c640000, 0x00007f267cdac818, 0x00007f2683800000)
  to   space 116480K,   0% used [0x00007f2675480000, 0x00007f2675480000, 0x00007f267c640000)
 tenured generation   total 2330560K, used 2327702K [0x00007f2b91b50000, 0x00007f2c1ff40000, 0x00007f363c600000)
   the space 2330560K,  99% used [0x00007f2b91b50000, 0x00007f2c1fc75b40, 0x00007f2c1fc75c00, 0x00007f2c1ff40000)
 Metaspace       used 24343K, capacity 24751K, committed 24832K, reserved 26624K
}
Event: 4308.116 GC heap before
{Heap before GC invocations=6855 (full 2):
 def new generation   total 1048832K, used 939954K [0x00007f263c600000, 0x00007f2683800000, 0x00007f2b91b50000)
  eden space 932352K, 100% used [0x00007f263c600000, 0x00007f2675480000, 0x00007f2675480000)
  from space 116480K,   6% used [0x00007f267c640000, 0x00007f267cdac818, 0x00007f2683800000)
  to   space 116480K,   0% used [0x00007f2675480000, 0x00007f2675480000, 0x00007f267c640000)
 tenured generation   total 2330560K, used 2327702K [0x00007f2b91b50000, 0x00007f2c1ff40000, 0x00007f363c600000)
   the space 2330560K,  99% used [0x00007f2b91b50000, 0x00007f2c1fc75b40, 0x00007f2c1fc75c00, 0x00007f2c1ff40000)
 Metaspace       used 24343K, capacity 24751K, committed 24832K, reserved 26624K
}
Event: 4308.133 GC heap after
{Heap after GC invocations=6856 (full 2):
 def new generation   total 1048832K, used 7512K [0x00007f263c600000, 0x00007f2683800000, 0x00007f2b91b50000)
  eden space 932352K,   0% used [0x00007f263c600000, 0x00007f263c600000, 0x00007f2675480000)
  from space 116480K,   6% used [0x00007f2675480000, 0x00007f2675bd6040, 0x00007f267c640000)
  to   space 116480K,   0% used [0x00007f267c640000, 0x00007f267c640000, 0x00007f2683800000)
 tenured generation   total 2330560K, used 2328117K [0x00007f2b91b50000, 0x00007f2c1ff40000, 0x00007f363c600000)
   the space 2330560K,  99% used [0x00007f2b91b50000, 0x00007f2c1fcdd520, 0x00007f2c1fcdd600, 0x00007f2c1ff40000)
 Metaspace       used 24343K, capacity 24751K, committed 24832K, reserved 26624K
}
Event: 4309.027 GC heap before
{Heap before GC invocations=6856 (full 2):
 def new generation   total 1048832K, used 939864K [0x00007f263c600000, 0x00007f2683800000, 0x00007f2b91b50000)
  eden space 932352K, 100% used [0x00007f263c600000, 0x00007f2675480000, 0x00007f2675480000)
  from space 116480K,   6% used [0x00007f2675480000, 0x00007f2675bd6040, 0x00007f267c640000)
  to   space 116480K,   0% used [0x00007f267c640000, 0x00007f267c640000, 0x00007f2683800000)
 tenured generation   total 2330560K, used 2328117K [0x00007f2b91b50000, 0x00007f2c1ff40000, 0x00007f363c600000)
   the space 2330560K,  99% used [0x00007f2b91b50000, 0x00007f2c1fcdd520, 0x00007f2c1fcdd600, 0x00007f2c1ff40000)
 Metaspace       used 24343K, capacity 24751K, committed 24832K, reserved 26624K
}
Event: 4309.047 GC heap after
{Heap after GC invocations=6857 (full 2):
 def new generation   total 1048832K, used 7407K [0x00007f263c600000, 0x00007f2683800000, 0x00007f2b91b50000)
  eden space 932352K,   0% used [0x00007f263c600000, 0x00007f263c600000, 0x00007f2675480000)
  from space 116480K,   6% used [0x00007f267c640000, 0x00007f267cd7bd28, 0x00007f2683800000)
  to   space 116480K,   0% used [0x00007f2675480000, 0x00007f2675480000, 0x00007f267c640000)
 tenured generation   total 2330560K, used 2328550K [0x00007f2b91b50000, 0x00007f2c1ff40000, 0x00007f363c600000)
   the space 2330560K,  99% used [0x00007f2b91b50000, 0x00007f2c1fd49898, 0x00007f2c1fd49a00, 0x00007f2c1ff40000)
 Metaspace       used 24343K, capacity 24751K, committed 24832K, reserved 26624K
}
Event: 4309.810 GC heap before
{Heap before GC invocations=6857 (full 2):
 def new generation   total 1048832K, used 939759K [0x00007f263c600000, 0x00007f2683800000, 0x00007f2b91b50000)
  eden space 932352K, 100% used [0x00007f263c600000, 0x00007f2675480000, 0x00007f2675480000)
  from space 116480K,   6% used [0x00007f267c640000, 0x00007f267cd7bd28, 0x00007f2683800000)
  to   space 116480K,   0% used [0x00007f2675480000, 0x00007f2675480000, 0x00007f267c640000)
 tenured generation   total 2330560K, used 2328550K [0x00007f2b91b50000, 0x00007f2c1ff40000, 0x00007f363c600000)
   the space 2330560K,  99% used [0x00007f2b91b50000, 0x00007f2c1fd49898, 0x00007f2c1fd49a00, 0x00007f2c1ff40000)
 Metaspace       used 24343K, capacity 24751K, committed 24832K, reserved 26624K
}
Event: 4309.823 GC heap after
{Heap after GC invocations=6858 (full 2):
 def new generation   total 1048832K, used 7280K [0x00007f263c600000, 0x00007f2683800000, 0x00007f2b91b50000)
  eden space 932352K,   0% used [0x00007f263c600000, 0x00007f263c600000, 0x00007f2675480000)
  from space 116480K,   6% used [0x00007f2675480000, 0x00007f2675b9c220, 0x00007f267c640000)
  to   space 116480K,   0% used [0x00007f267c640000, 0x00007f267c640000, 0x00007f2683800000)
 tenured generation   total 2330560K, used 2329000K [0x00007f2b91b50000, 0x00007f2c1ff40000, 0x00007f363c600000)
   the space 2330560K,  99% used [0x00007f2b91b50000, 0x00007f2c1fdba338, 0x00007f2c1fdba400, 0x00007f2c1ff40000)
 Metaspace       used 24343K, capacity 24751K, committed 24832K, reserved 26624K
}
Event: 4310.623 GC heap before
{Heap before GC invocations=6858 (full 2):
 def new generation   total 1048832K, used 939632K [0x00007f263c600000, 0x00007f2683800000, 0x00007f2b91b50000)
  eden space 932352K, 100% used [0x00007f263c600000, 0x00007f2675480000, 0x00007f2675480000)
  from space 116480K,   6% used [0x00007f2675480000, 0x00007f2675b9c220, 0x00007f267c640000)
  to   space 116480K,   0% used [0x00007f267c640000, 0x00007f267c640000, 0x00007f2683800000)
 tenured generation   total 2330560K, used 2329000K [0x00007f2b91b50000, 0x00007f2c1ff40000, 0x00007f363c600000)
   the space 2330560K,  99% used [0x00007f2b91b50000, 0x00007f2c1fdba338, 0x00007f2c1fdba400, 0x00007f2c1ff40000)
 Metaspace       used 24343K, capacity 24751K, committed 24832K, reserved 26624K
}
Event: 4310.641 GC heap after
{Heap after GC invocations=6859 (full 2):
 def new generation   total 1048832K, used 7153K [0x00007f263c600000, 0x00007f2683800000, 0x00007f2b91b50000)
  eden space 932352K,   0% used [0x00007f263c600000, 0x00007f263c600000, 0x00007f2675480000)
  from space 116480K,   6% used [0x00007f267c640000, 0x00007f267cd3c4e8, 0x00007f2683800000)
  to   space 116480K,   0% used [0x00007f2675480000, 0x00007f2675480000, 0x00007f267c640000)
 tenured generation   total 2330560K, used 2329542K [0x00007f2b91b50000, 0x00007f2c1ff40000, 0x00007f363c600000)
   the space 2330560K,  99% used [0x00007f2b91b50000, 0x00007f2c1fe41b90, 0x00007f2c1fe41c00, 0x00007f2c1ff40000)
 Metaspace       used 24343K, capacity 24751K, committed 24832K, reserved 26624K
}
Event: 4311.439 GC heap before
{Heap before GC invocations=6859 (full 2):
 def new generation   total 1048832K, used 939505K [0x00007f263c600000, 0x00007f2683800000, 0x00007f2b91b50000)
  eden space 932352K, 100% used [0x00007f263c600000, 0x00007f2675480000, 0x00007f2675480000)
  from space 116480K,   6% used [0x00007f267c640000, 0x00007f267cd3c4e8, 0x00007f2683800000)
  to   space 116480K,   0% used [0x00007f2675480000, 0x00007f2675480000, 0x00007f267c640000)
 tenured generation   total 2330560K, used 2329542K [0x00007f2b91b50000, 0x00007f2c1ff40000, 0x00007f363c600000)
   the space 2330560K,  99% used [0x00007f2b91b50000, 0x00007f2c1fe41b90, 0x00007f2c1fe41c00, 0x00007f2c1ff40000)
 Metaspace       used 24343K, capacity 24751K, committed 24832K, reserved 26624K
}
Event: 4311.457 GC heap after
{Heap after GC invocations=6860 (full 2):
 def new generation   total 1048832K, used 6807K [0x00007f263c600000, 0x00007f2683800000, 0x00007f2b91b50000)
  eden space 932352K,   0% used [0x00007f263c600000, 0x00007f263c600000, 0x00007f2675480000)
  from space 116480K,   5% used [0x00007f2675480000, 0x00007f2675b25d50, 0x00007f267c640000)
  to   space 116480K,   0% used [0x00007f267c640000, 0x00007f267c640000, 0x00007f2683800000)
 tenured generation   total 2330560K, used 2330321K [0x00007f2b91b50000, 0x00007f2c1ff40000, 0x00007f363c600000)
   the space 2330560K,  99% used [0x00007f2b91b50000, 0x00007f2c1ff045b0, 0x00007f2c1ff04600, 0x00007f2c1ff40000)
 Metaspace       used 24343K, capacity 24751K, committed 24832K, reserved 26624K
}
Event: 4312.222 GC heap before
{Heap before GC invocations=6860 (full 2):
 def new generation   total 1048832K, used 939159K [0x00007f263c600000, 0x00007f2683800000, 0x00007f2b91b50000)
  eden space 932352K, 100% used [0x00007f263c600000, 0x00007f2675480000, 0x00007f2675480000)
  from space 116480K,   5% used [0x00007f2675480000, 0x00007f2675b25d50, 0x00007f267c640000)
  to   space 116480K,   0% used [0x00007f267c640000, 0x00007f267c640000, 0x00007f2683800000)
 tenured generation   total 2330560K, used 2330321K [0x00007f2b91b50000, 0x00007f2c1ff40000, 0x00007f363c600000)
   the space 2330560K,  99% used [0x00007f2b91b50000, 0x00007f2c1ff045b0, 0x00007f2c1ff04600, 0x00007f2c1ff40000)
 Metaspace       used 24343K, capacity 24751K, committed 24832K, reserved 26624K
}
Event: 4312.241 GC heap after
{Heap after GC invocations=6861 (full 2):
 def new generation   total 1048832K, used 6484K [0x00007f263c600000, 0x00007f2683800000, 0x00007f2b91b50000)
  eden space 932352K,   0% used [0x00007f263c600000, 0x00007f263c600000, 0x00007f2675480000)
  from space 116480K,   5% used [0x00007f267c640000, 0x00007f267cc95108, 0x00007f2683800000)
  to   space 116480K,   0% used [0x00007f2675480000, 0x00007f2675480000, 0x00007f267c640000)
 tenured generation   total 2331136K, used 2331085K [0x00007f2b91b50000, 0x00007f2c1ffd0000, 0x00007f363c600000)
   the space 2331136K,  99% used [0x00007f2b91b50000, 0x00007f2c1ffc37e8, 0x00007f2c1ffc3800, 0x00007f2c1ffd0000)
 Metaspace       used 24343K, capacity 24751K, committed 24832K, reserved 26624K
}
Event: 4312.241 GC heap before
{Heap before GC invocations=6861 (full 2):
 def new generation   total 1048832K, used 6484K [0x00007f263c600000, 0x00007f2683800000, 0x00007f2b91b50000)
  eden space 932352K,   0% used [0x00007f263c600000, 0x00007f263c600000, 0x00007f2675480000)
  from space 116480K,   5% used [0x00007f267c640000, 0x00007f267cc95108, 0x00007f2683800000)
  to   space 116480K,   0% used [0x00007f2675480000, 0x00007f2675480000, 0x00007f267c640000)
 tenured generation   total 2331136K, used 2331085K [0x00007f2b91b50000, 0x00007f2c1ffd0000, 0x00007f363c600000)
   the space 2331136K,  99% used [0x00007f2b91b50000, 0x00007f2c1ffc37e8, 0x00007f2c1ffc3800, 0x00007f2c1ffd0000)
 Metaspace       used 24343K, capacity 24751K, committed 24832K, reserved 26624K
}

