# JRE version: OpenJDK Runtime Environment (13.0.7+5) (build 13.0.7+5-Ubuntu-0ubuntu120.04)
# Java VM: OpenJDK 64-Bit Server VM (13.0.7+5-Ubuntu-0ubuntu120.04, mixed mode, tiered, serial gc, linux-amd64)
Heap:
 def new generation   total 11177728K, used 1241838K [0x00007fe854600000, 0x00007feb4a690000, 0x00007feda9b50000)
  eden space 9935808K,  12% used [0x00007fe854600000, 0x00007fe8a02bb8e8, 0x00007feab2cf0000)
  from space 1241920K,   0% used [0x00007feab2cf0000, 0x00007feab2cf0000, 0x00007feafe9c0000)
  to   space 1241920K,   0% used [0x00007feafe9c0000, 0x00007feafe9c0000, 0x00007feb4a690000)
 tenured generation   total 33533164K, used 33533163K [0x00007feda9b50000, 0x00007ff5a868b000, 0x00007ff854600000)
   the space 33533164K,  99% used [0x00007feda9b50000, 0x00007ff5a868af40, 0x00007ff5a868b000, 0x00007ff5a868b000)
 Metaspace       used 30889K, capacity 31286K, committed 31744K, reserved 32768K
GC Heap History (20 events):
Event: 177015.931 GC heap after
{Heap after GC invocations=13400 (full 2):
 def new generation   total 981312K, used 108990K [0x00007fe854600000, 0x00007fe896ec0000, 0x00007feda9b50000)
  eden space 872320K,   0% used [0x00007fe854600000, 0x00007fe854600000, 0x00007fe8899e0000)
  from space 108992K,  99% used [0x00007fe8899e0000, 0x00007fe89044f9c0, 0x00007fe890450000)
  to   space 108992K,   0% used [0x00007fe890450000, 0x00007fe890450000, 0x00007fe896ec0000)
 tenured generation   total 2943880K, used 2943825K [0x00007feda9b50000, 0x00007fee5d632000, 0x00007ff854600000)
   the space 2943880K,  99% used [0x00007feda9b50000, 0x00007fee5d624498, 0x00007fee5d624600, 0x00007fee5d632000)
 Metaspace       used 30889K, capacity 31286K, committed 31744K, reserved 32768K
}
Event: 177015.931 GC heap before
{Heap before GC invocations=13400 (full 2):
 def new generation   total 981312K, used 108990K [0x00007fe854600000, 0x00007fe896ec0000, 0x00007feda9b50000)
  eden space 872320K,   0% used [0x00007fe854600000, 0x00007fe854600000, 0x00007fe8899e0000)
  from space 108992K,  99% used [0x00007fe8899e0000, 0x00007fe89044f9c0, 0x00007fe890450000)
  to   space 108992K,   0% used [0x00007fe890450000, 0x00007fe890450000, 0x00007fe896ec0000)
 tenured generation   total 2943880K, used 2943825K [0x00007feda9b50000, 0x00007fee5d632000, 0x00007ff854600000)
   the space 2943880K,  99% used [0x00007feda9b50000, 0x00007fee5d624498, 0x00007fee5d624600, 0x00007fee5d632000)
 Metaspace       used 30889K, capacity 31286K, committed 31744K, reserved 32768K
}
Event: 177017.076 GC heap after
{Heap after GC invocations=13400 (full 3):
 def new generation   total 2207936K, used 108935K [0x00007fe854600000, 0x00007fe8ea1c0000, 0x00007feda9b50000)
  eden space 1962624K,   5% used [0x00007fe854600000, 0x00007fe85b061f38, 0x00007fe8cc2a0000)
  from space 245312K,   0% used [0x00007fe8cc2a0000, 0x00007fe8cc2a0000, 0x00007fe8db230000)
  to   space 245312K,   0% used [0x00007fe8db230000, 0x00007fe8db230000, 0x00007fe8ea1c0000)
 tenured generation   total 4906468K, used 2943879K [0x00007feda9b50000, 0x00007feed52c9000, 0x00007ff854600000)
   the space 4906468K,  59% used [0x00007feda9b50000, 0x00007fee5d631f20, 0x00007fee5d632000, 0x00007feed52c9000)
 Metaspace       used 30889K, capacity 31286K, committed 31744K, reserved 32768K
}
Event: 177018.049 GC heap before
{Heap before GC invocations=13400 (full 3):
 def new generation   total 2207936K, used 1962624K [0x00007fe854600000, 0x00007fe8ea1c0000, 0x00007feda9b50000)
  eden space 1962624K, 100% used [0x00007fe854600000, 0x00007fe8cc2a0000, 0x00007fe8cc2a0000)
  from space 245312K,   0% used [0x00007fe8cc2a0000, 0x00007fe8cc2a0000, 0x00007fe8db230000)
  to   space 245312K,   0% used [0x00007fe8db230000, 0x00007fe8db230000, 0x00007fe8ea1c0000)
 tenured generation   total 4906468K, used 2943879K [0x00007feda9b50000, 0x00007feed52c9000, 0x00007ff854600000)
   the space 4906468K,  59% used [0x00007feda9b50000, 0x00007fee5d631f20, 0x00007fee5d632000, 0x00007feed52c9000)
 Metaspace       used 30889K, capacity 31286K, committed 31744K, reserved 32768K
}
Event: 177021.197 GC heap after
{Heap after GC invocations=13401 (full 3):
 def new generation   total 2207936K, used 245311K [0x00007fe854600000, 0x00007fe8ea1c0000, 0x00007feda9b50000)
  eden space 1962624K,   0% used [0x00007fe854600000, 0x00007fe854600000, 0x00007fe8cc2a0000)
  from space 245312K,  99% used [0x00007fe8db230000, 0x00007fe8ea1bfdc8, 0x00007fe8ea1c0000)
  to   space 245312K,   0% used [0x00007fe8cc2a0000, 0x00007fe8cc2a0000, 0x00007fe8db230000)
 tenured generation   total 4906468K, used 4661098K [0x00007feda9b50000, 0x00007feed52c9000, 0x00007ff854600000)
   the space 4906468K,  94% used [0x00007feda9b50000, 0x00007feec632a960, 0x00007feec632aa00, 0x00007feed52c9000)
 Metaspace       used 30889K, capacity 31286K, committed 31744K, reserved 32768K
}
Event: 177022.217 GC heap before
{Heap before GC invocations=13401 (full 3):
 def new generation   total 2207936K, used 2207935K [0x00007fe854600000, 0x00007fe8ea1c0000, 0x00007feda9b50000)
  eden space 1962624K, 100% used [0x00007fe854600000, 0x00007fe8cc2a0000, 0x00007fe8cc2a0000)
  from space 245312K,  99% used [0x00007fe8db230000, 0x00007fe8ea1bfdc8, 0x00007fe8ea1c0000)
  to   space 245312K,   0% used [0x00007fe8cc2a0000, 0x00007fe8cc2a0000, 0x00007fe8db230000)
 tenured generation   total 4906468K, used 4661098K [0x00007feda9b50000, 0x00007feed52c9000, 0x00007ff854600000)
   the space 4906468K,  94% used [0x00007feda9b50000, 0x00007feec632a960, 0x00007feec632aa00, 0x00007feed52c9000)
 Metaspace       used 30889K, capacity 31286K, committed 31744K, reserved 32768K
}
Event: 177025.140 GC heap after
{Heap after GC invocations=13402 (full 3):
 def new generation   total 2207936K, used 245311K [0x00007fe854600000, 0x00007fe8ea1c0000, 0x00007feda9b50000)
  eden space 1962624K,   0% used [0x00007fe854600000, 0x00007fe854600000, 0x00007fe8cc2a0000)
  from space 245312K,  99% used [0x00007fe8cc2a0000, 0x00007fe8db22fdc8, 0x00007fe8db230000)
  to   space 245312K,   0% used [0x00007fe8db230000, 0x00007fe8db230000, 0x00007fe8ea1c0000)
 tenured generation   total 6623716K, used 6623638K [0x00007feda9b50000, 0x00007fef3dfc9000, 0x00007ff854600000)
   the space 6623716K,  99% used [0x00007feda9b50000, 0x00007fef3dfb59e0, 0x00007fef3dfb5a00, 0x00007fef3dfc9000)
 Metaspace       used 30889K, capacity 31286K, committed 31744K, reserved 32768K
}
Event: 177025.140 GC heap before
{Heap before GC invocations=13402 (full 3):
 def new generation   total 2207936K, used 245311K [0x00007fe854600000, 0x00007fe8ea1c0000, 0x00007feda9b50000)
  eden space 1962624K,   0% used [0x00007fe854600000, 0x00007fe854600000, 0x00007fe8cc2a0000)
  from space 245312K,  99% used [0x00007fe8cc2a0000, 0x00007fe8db22fdc8, 0x00007fe8db230000)
  to   space 245312K,   0% used [0x00007fe8db230000, 0x00007fe8db230000, 0x00007fe8ea1c0000)
 tenured generation   total 6623716K, used 6623638K [0x00007feda9b50000, 0x00007fef3dfc9000, 0x00007ff854600000)
   the space 6623716K,  99% used [0x00007feda9b50000, 0x00007fef3dfb59e0, 0x00007fef3dfb5a00, 0x00007fef3dfc9000)
 Metaspace       used 30889K, capacity 31286K, committed 31744K, reserved 32768K
}
Event: 177032.302 GC heap after
{Heap after GC invocations=13402 (full 4):
 def new generation   total 4967872K, used 226910K [0x00007fe854600000, 0x00007fe9a5470000, 0x00007feda9b50000)
  eden space 4415936K,   5% used [0x00007fe854600000, 0x00007fe862397938, 0x00007fe961e70000)
  from space 551936K,   0% used [0x00007fe961e70000, 0x00007fe961e70000, 0x00007fe983970000)
  to   space 551936K,   0% used [0x00007fe983970000, 0x00007fe983970000, 0x00007fe9a5470000)
 tenured generation   total 11039528K, used 6623715K [0x00007feda9b50000, 0x00007ff04b81a000, 0x00007ff854600000)
   the space 11039528K,  59% used [0x00007feda9b50000, 0x00007fef3dfc8d70, 0x00007fef3dfc8e00, 0x00007ff04b81a000)
 Metaspace       used 30889K, capacity 31286K, committed 31744K, reserved 32768K
}
Event: 177034.931 GC heap before
{Heap before GC invocations=13402 (full 4):
 def new generation   total 4967872K, used 4415936K [0x00007fe854600000, 0x00007fe9a5470000, 0x00007feda9b50000)
  eden space 4415936K, 100% used [0x00007fe854600000, 0x00007fe961e70000, 0x00007fe961e70000)
  from space 551936K,   0% used [0x00007fe961e70000, 0x00007fe961e70000, 0x00007fe983970000)
  to   space 551936K,   0% used [0x00007fe983970000, 0x00007fe983970000, 0x00007fe9a5470000)
 tenured generation   total 11039528K, used 6623715K [0x00007feda9b50000, 0x00007ff04b81a000, 0x00007ff854600000)
   the space 11039528K,  59% used [0x00007feda9b50000, 0x00007fef3dfc8d70, 0x00007fef3dfc8e00, 0x00007ff04b81a000)
 Metaspace       used 30889K, capacity 31286K, committed 31744K, reserved 32768K
}
Event: 177043.540 GC heap after
{Heap after GC invocations=13403 (full 4):
 def new generation   total 4967872K, used 551935K [0x00007fe854600000, 0x00007fe9a5470000, 0x00007feda9b50000)
  eden space 4415936K,   0% used [0x00007fe854600000, 0x00007fe854600000, 0x00007fe961e70000)
  from space 551936K,  99% used [0x00007fe983970000, 0x00007fe9a546fc48, 0x00007fe9a5470000)
  to   space 551936K,   0% used [0x00007fe961e70000, 0x00007fe961e70000, 0x00007fe983970000)
 tenured generation   total 11039528K, used 10487639K [0x00007feda9b50000, 0x00007ff04b81a000, 0x00007ff854600000)
   the space 11039528K,  95% used [0x00007feda9b50000, 0x00007ff029d25cf0, 0x00007ff029d25e00, 0x00007ff04b81a000)
 Metaspace       used 30889K, capacity 31286K, committed 31744K, reserved 32768K
}
Event: 177045.599 GC heap before
{Heap before GC invocations=13403 (full 4):
 def new generation   total 4967872K, used 4967871K [0x00007fe854600000, 0x00007fe9a5470000, 0x00007feda9b50000)
  eden space 4415936K, 100% used [0x00007fe854600000, 0x00007fe961e70000, 0x00007fe961e70000)
  from space 551936K,  99% used [0x00007fe983970000, 0x00007fe9a546fc48, 0x00007fe9a5470000)
  to   space 551936K,   0% used [0x00007fe961e70000, 0x00007fe961e70000, 0x00007fe983970000)
 tenured generation   total 11039528K, used 10487639K [0x00007feda9b50000, 0x00007ff04b81a000, 0x00007ff854600000)
   the space 11039528K,  95% used [0x00007feda9b50000, 0x00007ff029d25cf0, 0x00007ff029d25e00, 0x00007ff04b81a000)
 Metaspace       used 30889K, capacity 31286K, committed 31744K, reserved 32768K
}
Event: 177052.207 GC heap after
{Heap after GC invocations=13404 (full 4):
 def new generation   total 4967872K, used 551935K [0x00007fe854600000, 0x00007fe9a5470000, 0x00007feda9b50000)
  eden space 4415936K,   0% used [0x00007fe854600000, 0x00007fe854600000, 0x00007fe961e70000)
  from space 551936K,  99% used [0x00007fe961e70000, 0x00007fe98396fc48, 0x00007fe983970000)
  to   space 551936K,   0% used [0x00007fe983970000, 0x00007fe983970000, 0x00007fe9a5470000)
 tenured generation   total 14903528K, used 14903492K [0x00007feda9b50000, 0x00007ff13758a000, 0x00007ff854600000)
   the space 14903528K,  99% used [0x00007feda9b50000, 0x00007ff137581070, 0x00007ff137581200, 0x00007ff13758a000)
 Metaspace       used 30889K, capacity 31286K, committed 31744K, reserved 32768K
}
Event: 177052.207 GC heap before
{Heap before GC invocations=13404 (full 4):
 def new generation   total 4967872K, used 551935K [0x00007fe854600000, 0x00007fe9a5470000, 0x00007feda9b50000)
  eden space 4415936K,   0% used [0x00007fe854600000, 0x00007fe854600000, 0x00007fe961e70000)
  from space 551936K,  99% used [0x00007fe961e70000, 0x00007fe98396fc48, 0x00007fe983970000)
  to   space 551936K,   0% used [0x00007fe983970000, 0x00007fe983970000, 0x00007fe9a5470000)
 tenured generation   total 14903528K, used 14903492K [0x00007feda9b50000, 0x00007ff13758a000, 0x00007ff854600000)
   the space 14903528K,  99% used [0x00007feda9b50000, 0x00007ff137581070, 0x00007ff137581200, 0x00007ff13758a000)
 Metaspace       used 30889K, capacity 31286K, committed 31744K, reserved 32768K
}
Event: 177055.921 GC heap after
{Heap after GC invocations=13404 (full 5):
 def new generation   total 11177728K, used 551900K [0x00007fe854600000, 0x00007feb4a690000, 0x00007feda9b50000)
  eden space 9935808K,   5% used [0x00007fe854600000, 0x00007fe8760f72b0, 0x00007feab2cf0000)
  from space 1241920K,   0% used [0x00007feab2cf0000, 0x00007feab2cf0000, 0x00007feafe9c0000)
  to   space 1241920K,   0% used [0x00007feafe9c0000, 0x00007feafe9c0000, 0x00007feb4a690000)
 tenured generation   total 24839212K, used 14903526K [0x00007feda9b50000, 0x00007ff395c5b000, 0x00007ff854600000)
   the space 24839212K,  59% used [0x00007feda9b50000, 0x00007ff137589a08, 0x00007ff137589c00, 0x00007ff395c5b000)
 Metaspace       used 30889K, capacity 31286K, committed 31744K, reserved 32768K
}
Event: 177060.200 GC heap before
{Heap before GC invocations=13404 (full 5):
 def new generation   total 11177728K, used 9935808K [0x00007fe854600000, 0x00007feb4a690000, 0x00007feda9b50000)
  eden space 9935808K, 100% used [0x00007fe854600000, 0x00007feab2cf0000, 0x00007feab2cf0000)
  from space 1241920K,   0% used [0x00007feab2cf0000, 0x00007feab2cf0000, 0x00007feafe9c0000)
  to   space 1241920K,   0% used [0x00007feafe9c0000, 0x00007feafe9c0000, 0x00007feb4a690000)
 tenured generation   total 24839212K, used 14903526K [0x00007feda9b50000, 0x00007ff395c5b000, 0x00007ff854600000)
   the space 24839212K,  59% used [0x00007feda9b50000, 0x00007ff137589a08, 0x00007ff137589c00, 0x00007ff395c5b000)
 Metaspace       used 30889K, capacity 31286K, committed 31744K, reserved 32768K
}
Event: 177071.124 GC heap after
{Heap after GC invocations=13405 (full 5):
 def new generation   total 11177728K, used 1241919K [0x00007fe854600000, 0x00007feb4a690000, 0x00007feda9b50000)
  eden space 9935808K,   0% used [0x00007fe854600000, 0x00007fe854600000, 0x00007feab2cf0000)
  from space 1241920K,  99% used [0x00007feafe9c0000, 0x00007feb4a68fca8, 0x00007feb4a690000)
  to   space 1241920K,   0% used [0x00007feab2cf0000, 0x00007feab2cf0000, 0x00007feafe9c0000)
 tenured generation   total 24839212K, used 23597367K [0x00007feda9b50000, 0x00007ff395c5b000, 0x00007ff854600000)
   the space 24839212K,  95% used [0x00007feda9b50000, 0x00007ff349f9dd78, 0x00007ff349f9de00, 0x00007ff395c5b000)
 Metaspace       used 30889K, capacity 31286K, committed 31744K, reserved 32768K
}
Event: 177075.502 GC heap before
{Heap before GC invocations=13405 (full 5):
 def new generation   total 11177728K, used 11177727K [0x00007fe854600000, 0x00007feb4a690000, 0x00007feda9b50000)
  eden space 9935808K, 100% used [0x00007fe854600000, 0x00007feab2cf0000, 0x00007feab2cf0000)
  from space 1241920K,  99% used [0x00007feafe9c0000, 0x00007feb4a68fca8, 0x00007feb4a690000)
  to   space 1241920K,   0% used [0x00007feab2cf0000, 0x00007feab2cf0000, 0x00007feafe9c0000)
 tenured generation   total 24839212K, used 23597367K [0x00007feda9b50000, 0x00007ff395c5b000, 0x00007ff854600000)
   the space 24839212K,  95% used [0x00007feda9b50000, 0x00007ff349f9dd78, 0x00007ff349f9de00, 0x00007ff395c5b000)
 Metaspace       used 30889K, capacity 31286K, committed 31744K, reserved 32768K
}
Event: 177088.238 GC heap after
{Heap after GC invocations=13406 (full 5):
 def new generation   total 11177728K, used 1241919K [0x00007fe854600000, 0x00007feb4a690000, 0x00007feda9b50000)
  eden space 9935808K,   0% used [0x00007fe854600000, 0x00007fe854600000, 0x00007feab2cf0000)
  from space 1241920K,  99% used [0x00007feab2cf0000, 0x00007feafe9bfca8, 0x00007feafe9c0000)
  to   space 1241920K,   0% used [0x00007feafe9c0000, 0x00007feafe9c0000, 0x00007feb4a690000)
 tenured generation   total 33533164K, used 33533082K [0x00007feda9b50000, 0x00007ff5a868b000, 0x00007ff854600000)
   the space 33533164K,  99% used [0x00007feda9b50000, 0x00007ff5a8676b80, 0x00007ff5a8676c00, 0x00007ff5a868b000)
 Metaspace       used 30889K, capacity 31286K, committed 31744K, reserved 32768K
}
Event: 177088.238 GC heap before
{Heap before GC invocations=13406 (full 5):
 def new generation   total 11177728K, used 1241919K [0x00007fe854600000, 0x00007feb4a690000, 0x00007feda9b50000)
  eden space 9935808K,   0% used [0x00007fe854600000, 0x00007fe854600000, 0x00007feab2cf0000)
  from space 1241920K,  99% used [0x00007feab2cf0000, 0x00007feafe9bfca8, 0x00007feafe9c0000)
  to   space 1241920K,   0% used [0x00007feafe9c0000, 0x00007feafe9c0000, 0x00007feb4a690000)
 tenured generation   total 33533164K, used 33533082K [0x00007feda9b50000, 0x00007ff5a868b000, 0x00007ff854600000)
   the space 33533164K,  99% used [0x00007feda9b50000, 0x00007ff5a8676b80, 0x00007ff5a8676c00, 0x00007ff5a868b000)
 Metaspace       used 30889K, capacity 31286K, committed 31744K, reserved 32768K
}

