# JRE version: OpenJDK Runtime Environment (13.0.7+5) (build 13.0.7+5-Ubuntu-0ubuntu120.04)
# Java VM: OpenJDK 64-Bit Server VM (13.0.7+5-Ubuntu-0ubuntu120.04, mixed mode, tiered, serial gc, linux-amd64)
Heap:
 def new generation   total 1640448K, used 58056K [0x00007fa050600000, 0x00007fa0bfa00000, 0x00007fa5a5b50000)
  eden space 1458176K,   3% used [0x00007fa050600000, 0x00007fa053eb2060, 0x00007fa0a9600000)
  from space 182272K,   0% used [0x00007fa0a9600000, 0x00007fa0a9600000, 0x00007fa0b4800000)
  to   space 182272K,   0% used [0x00007fa0b4800000, 0x00007fa0b4800000, 0x00007fa0bfa00000)
 tenured generation   total 3661808K, used 3661755K [0x00007fa5a5b50000, 0x00007fa68534c000, 0x00007fb050600000)
   the space 3661808K,  99% used [0x00007fa5a5b50000, 0x00007fa68533ef10, 0x00007fa68533f000, 0x00007fa68534c000)
 Metaspace       used 24251K, capacity 24686K, committed 24832K, reserved 26624K
GC Heap History (20 events):
Event: 2359.333 GC heap after
{Heap after GC invocations=1965 (full 5):
 def new generation   total 1640448K, used 88383K [0x00007fa050600000, 0x00007fa0bfa00000, 0x00007fa5a5b50000)
  eden space 1458176K,   0% used [0x00007fa050600000, 0x00007fa050600000, 0x00007fa0a9600000)
  from space 182272K,  48% used [0x00007fa0b4800000, 0x00007fa0b9e4ffc8, 0x00007fa0bfa00000)
  to   space 182272K,   0% used [0x00007fa0a9600000, 0x00007fa0a9600000, 0x00007fa0b4800000)
 tenured generation   total 3645420K, used 3618045K [0x00007fa5a5b50000, 0x00007fa68434b000, 0x00007fb050600000)
   the space 3645420K,  99% used [0x00007fa5a5b50000, 0x00007fa68288f620, 0x00007fa68288f800, 0x00007fa68434b000)
 Metaspace       used 24251K, capacity 24686K, committed 24832K, reserved 26624K
}
Event: 2361.442 GC heap before
{Heap before GC invocations=1965 (full 5):
 def new generation   total 1640448K, used 1536336K [0x00007fa050600000, 0x00007fa0bfa00000, 0x00007fa5a5b50000)
  eden space 1458176K,  99% used [0x00007fa050600000, 0x00007fa0a8c04400, 0x00007fa0a9600000)
  from space 182272K,  48% used [0x00007fa0b4800000, 0x00007fa0b9e4ffc8, 0x00007fa0bfa00000)
  to   space 182272K,   0% used [0x00007fa0a9600000, 0x00007fa0a9600000, 0x00007fa0b4800000)
 tenured generation   total 3645420K, used 3618045K [0x00007fa5a5b50000, 0x00007fa68434b000, 0x00007fb050600000)
   the space 3645420K,  99% used [0x00007fa5a5b50000, 0x00007fa68288f620, 0x00007fa68288f800, 0x00007fa68434b000)
 Metaspace       used 24251K, capacity 24686K, committed 24832K, reserved 26624K
}
Event: 2361.519 GC heap after
{Heap after GC invocations=1966 (full 5):
 def new generation   total 1640448K, used 94037K [0x00007fa050600000, 0x00007fa0bfa00000, 0x00007fa5a5b50000)
  eden space 1458176K,   0% used [0x00007fa050600000, 0x00007fa050600000, 0x00007fa0a9600000)
  from space 182272K,  51% used [0x00007fa0a9600000, 0x00007fa0af1d5690, 0x00007fa0b4800000)
  to   space 182272K,   0% used [0x00007fa0b4800000, 0x00007fa0b4800000, 0x00007fa0bfa00000)
 tenured generation   total 3645420K, used 3618045K [0x00007fa5a5b50000, 0x00007fa68434b000, 0x00007fb050600000)
   the space 3645420K,  99% used [0x00007fa5a5b50000, 0x00007fa68288f620, 0x00007fa68288f800, 0x00007fa68434b000)
 Metaspace       used 24251K, capacity 24686K, committed 24832K, reserved 26624K
}
Event: 2363.277 GC heap before
{Heap before GC invocations=1966 (full 5):
 def new generation   total 1640448K, used 1552213K [0x00007fa050600000, 0x00007fa0bfa00000, 0x00007fa5a5b50000)
  eden space 1458176K, 100% used [0x00007fa050600000, 0x00007fa0a9600000, 0x00007fa0a9600000)
  from space 182272K,  51% used [0x00007fa0a9600000, 0x00007fa0af1d5690, 0x00007fa0b4800000)
  to   space 182272K,   0% used [0x00007fa0b4800000, 0x00007fa0b4800000, 0x00007fa0bfa00000)
 tenured generation   total 3645420K, used 3618045K [0x00007fa5a5b50000, 0x00007fa68434b000, 0x00007fb050600000)
   the space 3645420K,  99% used [0x00007fa5a5b50000, 0x00007fa68288f620, 0x00007fa68288f800, 0x00007fa68434b000)
 Metaspace       used 24251K, capacity 24686K, committed 24832K, reserved 26624K
}
Event: 2363.368 GC heap after
{Heap after GC invocations=1967 (full 5):
 def new generation   total 1640448K, used 65287K [0x00007fa050600000, 0x00007fa0bfa00000, 0x00007fa5a5b50000)
  eden space 1458176K,   0% used [0x00007fa050600000, 0x00007fa050600000, 0x00007fa0a9600000)
  from space 182272K,  35% used [0x00007fa0b4800000, 0x00007fa0b87c1ee0, 0x00007fa0bfa00000)
  to   space 182272K,   0% used [0x00007fa0a9600000, 0x00007fa0a9600000, 0x00007fa0b4800000)
 tenured generation   total 3645420K, used 3635005K [0x00007fa5a5b50000, 0x00007fa68434b000, 0x00007fb050600000)
   the space 3645420K,  99% used [0x00007fa5a5b50000, 0x00007fa68391f618, 0x00007fa68391f800, 0x00007fa68434b000)
 Metaspace       used 24251K, capacity 24686K, committed 24832K, reserved 26624K
}
Event: 2364.914 GC heap before
{Heap before GC invocations=1967 (full 5):
 def new generation   total 1640448K, used 1523463K [0x00007fa050600000, 0x00007fa0bfa00000, 0x00007fa5a5b50000)
  eden space 1458176K, 100% used [0x00007fa050600000, 0x00007fa0a9600000, 0x00007fa0a9600000)
  from space 182272K,  35% used [0x00007fa0b4800000, 0x00007fa0b87c1ee0, 0x00007fa0bfa00000)
  to   space 182272K,   0% used [0x00007fa0a9600000, 0x00007fa0a9600000, 0x00007fa0b4800000)
 tenured generation   total 3645420K, used 3635005K [0x00007fa5a5b50000, 0x00007fa68434b000, 0x00007fb050600000)
   the space 3645420K,  99% used [0x00007fa5a5b50000, 0x00007fa68391f618, 0x00007fa68391f800, 0x00007fa68434b000)
 Metaspace       used 24251K, capacity 24686K, committed 24832K, reserved 26624K
}
Event: 2364.978 GC heap after
{Heap after GC invocations=1968 (full 5):
 def new generation   total 1640448K, used 67842K [0x00007fa050600000, 0x00007fa0bfa00000, 0x00007fa5a5b50000)
  eden space 1458176K,   0% used [0x00007fa050600000, 0x00007fa050600000, 0x00007fa0a9600000)
  from space 182272K,  37% used [0x00007fa0a9600000, 0x00007fa0ad8408b0, 0x00007fa0b4800000)
  to   space 182272K,   0% used [0x00007fa0b4800000, 0x00007fa0b4800000, 0x00007fa0bfa00000)
 tenured generation   total 3645420K, used 3635005K [0x00007fa5a5b50000, 0x00007fa68434b000, 0x00007fb050600000)
   the space 3645420K,  99% used [0x00007fa5a5b50000, 0x00007fa68391f618, 0x00007fa68391f800, 0x00007fa68434b000)
 Metaspace       used 24251K, capacity 24686K, committed 24832K, reserved 26624K
}
Event: 2366.377 GC heap before
{Heap before GC invocations=1968 (full 5):
 def new generation   total 1640448K, used 1526018K [0x00007fa050600000, 0x00007fa0bfa00000, 0x00007fa5a5b50000)
  eden space 1458176K, 100% used [0x00007fa050600000, 0x00007fa0a9600000, 0x00007fa0a9600000)
  from space 182272K,  37% used [0x00007fa0a9600000, 0x00007fa0ad8408b0, 0x00007fa0b4800000)
  to   space 182272K,   0% used [0x00007fa0b4800000, 0x00007fa0b4800000, 0x00007fa0bfa00000)
 tenured generation   total 3645420K, used 3635005K [0x00007fa5a5b50000, 0x00007fa68434b000, 0x00007fb050600000)
   the space 3645420K,  99% used [0x00007fa5a5b50000, 0x00007fa68391f618, 0x00007fa68391f800, 0x00007fa68434b000)
 Metaspace       used 24251K, capacity 24686K, committed 24832K, reserved 26624K
}
Event: 2366.449 GC heap after
{Heap after GC invocations=1969 (full 5):
 def new generation   total 1640448K, used 67849K [0x00007fa050600000, 0x00007fa0bfa00000, 0x00007fa5a5b50000)
  eden space 1458176K,   0% used [0x00007fa050600000, 0x00007fa050600000, 0x00007fa0a9600000)
  from space 182272K,  37% used [0x00007fa0b4800000, 0x00007fa0b8a426c0, 0x00007fa0bfa00000)
  to   space 182272K,   0% used [0x00007fa0a9600000, 0x00007fa0a9600000, 0x00007fa0b4800000)
 tenured generation   total 3645420K, used 3635005K [0x00007fa5a5b50000, 0x00007fa68434b000, 0x00007fb050600000)
   the space 3645420K,  99% used [0x00007fa5a5b50000, 0x00007fa68391f618, 0x00007fa68391f800, 0x00007fa68434b000)
 Metaspace       used 24251K, capacity 24686K, committed 24832K, reserved 26624K
}
Event: 2368.013 GC heap before
{Heap before GC invocations=1969 (full 5):
 def new generation   total 1640448K, used 1526025K [0x00007fa050600000, 0x00007fa0bfa00000, 0x00007fa5a5b50000)
  eden space 1458176K, 100% used [0x00007fa050600000, 0x00007fa0a9600000, 0x00007fa0a9600000)
  from space 182272K,  37% used [0x00007fa0b4800000, 0x00007fa0b8a426c0, 0x00007fa0bfa00000)
  to   space 182272K,   0% used [0x00007fa0a9600000, 0x00007fa0a9600000, 0x00007fa0b4800000)
 tenured generation   total 3645420K, used 3635005K [0x00007fa5a5b50000, 0x00007fa68434b000, 0x00007fb050600000)
   the space 3645420K,  99% used [0x00007fa5a5b50000, 0x00007fa68391f618, 0x00007fa68391f800, 0x00007fa68434b000)
 Metaspace       used 24251K, capacity 24686K, committed 24832K, reserved 26624K
}
Event: 2368.087 GC heap after
{Heap after GC invocations=1970 (full 5):
 def new generation   total 1640448K, used 85803K [0x00007fa050600000, 0x00007fa0bfa00000, 0x00007fa5a5b50000)
  eden space 1458176K,   0% used [0x00007fa050600000, 0x00007fa050600000, 0x00007fa0a9600000)
  from space 182272K,  47% used [0x00007fa0a9600000, 0x00007fa0ae9cadb0, 0x00007fa0b4800000)
  to   space 182272K,   0% used [0x00007fa0b4800000, 0x00007fa0b4800000, 0x00007fa0bfa00000)
 tenured generation   total 3645420K, used 3635005K [0x00007fa5a5b50000, 0x00007fa68434b000, 0x00007fb050600000)
   the space 3645420K,  99% used [0x00007fa5a5b50000, 0x00007fa68391f618, 0x00007fa68391f800, 0x00007fa68434b000)
 Metaspace       used 24251K, capacity 24686K, committed 24832K, reserved 26624K
}
Event: 2370.328 GC heap before
{Heap before GC invocations=1970 (full 5):
 def new generation   total 1640448K, used 1543979K [0x00007fa050600000, 0x00007fa0bfa00000, 0x00007fa5a5b50000)
  eden space 1458176K, 100% used [0x00007fa050600000, 0x00007fa0a9600000, 0x00007fa0a9600000)
  from space 182272K,  47% used [0x00007fa0a9600000, 0x00007fa0ae9cadb0, 0x00007fa0b4800000)
  to   space 182272K,   0% used [0x00007fa0b4800000, 0x00007fa0b4800000, 0x00007fa0bfa00000)
 tenured generation   total 3645420K, used 3635005K [0x00007fa5a5b50000, 0x00007fa68434b000, 0x00007fb050600000)
   the space 3645420K,  99% used [0x00007fa5a5b50000, 0x00007fa68391f618, 0x00007fa68391f800, 0x00007fa68434b000)
 Metaspace       used 24251K, capacity 24686K, committed 24832K, reserved 26624K
}
Event: 2370.387 GC heap after
{Heap after GC invocations=1971 (full 5):
 def new generation   total 1640448K, used 71968K [0x00007fa050600000, 0x00007fa0bfa00000, 0x00007fa5a5b50000)
  eden space 1458176K,   0% used [0x00007fa050600000, 0x00007fa050600000, 0x00007fa0a9600000)
  from space 182272K,  39% used [0x00007fa0b4800000, 0x00007fa0b8e48298, 0x00007fa0bfa00000)
  to   space 182272K,   0% used [0x00007fa0a9600000, 0x00007fa0a9600000, 0x00007fa0b4800000)
 tenured generation   total 3645420K, used 3635005K [0x00007fa5a5b50000, 0x00007fa68434b000, 0x00007fb050600000)
   the space 3645420K,  99% used [0x00007fa5a5b50000, 0x00007fa68391f618, 0x00007fa68391f800, 0x00007fa68434b000)
 Metaspace       used 24251K, capacity 24686K, committed 24832K, reserved 26624K
}
Event: 2372.539 GC heap before
{Heap before GC invocations=1971 (full 5):
 def new generation   total 1640448K, used 1530144K [0x00007fa050600000, 0x00007fa0bfa00000, 0x00007fa5a5b50000)
  eden space 1458176K, 100% used [0x00007fa050600000, 0x00007fa0a9600000, 0x00007fa0a9600000)
  from space 182272K,  39% used [0x00007fa0b4800000, 0x00007fa0b8e48298, 0x00007fa0bfa00000)
  to   space 182272K,   0% used [0x00007fa0a9600000, 0x00007fa0a9600000, 0x00007fa0b4800000)
 tenured generation   total 3645420K, used 3635005K [0x00007fa5a5b50000, 0x00007fa68434b000, 0x00007fb050600000)
   the space 3645420K,  99% used [0x00007fa5a5b50000, 0x00007fa68391f618, 0x00007fa68391f800, 0x00007fa68434b000)
 Metaspace       used 24251K, capacity 24686K, committed 24832K, reserved 26624K
}
Event: 2372.616 GC heap after
{Heap after GC invocations=1972 (full 5):
 def new generation   total 1640448K, used 78125K [0x00007fa050600000, 0x00007fa0bfa00000, 0x00007fa5a5b50000)
  eden space 1458176K,   0% used [0x00007fa050600000, 0x00007fa050600000, 0x00007fa0a9600000)
  from space 182272K,  42% used [0x00007fa0a9600000, 0x00007fa0ae24b6d0, 0x00007fa0b4800000)
  to   space 182272K,   0% used [0x00007fa0b4800000, 0x00007fa0b4800000, 0x00007fa0bfa00000)
 tenured generation   total 3645420K, used 3635005K [0x00007fa5a5b50000, 0x00007fa68434b000, 0x00007fb050600000)
   the space 3645420K,  99% used [0x00007fa5a5b50000, 0x00007fa68391f618, 0x00007fa68391f800, 0x00007fa68434b000)
 Metaspace       used 24251K, capacity 24686K, committed 24832K, reserved 26624K
}
Event: 2374.356 GC heap before
{Heap before GC invocations=1972 (full 5):
 def new generation   total 1640448K, used 1536301K [0x00007fa050600000, 0x00007fa0bfa00000, 0x00007fa5a5b50000)
  eden space 1458176K, 100% used [0x00007fa050600000, 0x00007fa0a9600000, 0x00007fa0a9600000)
  from space 182272K,  42% used [0x00007fa0a9600000, 0x00007fa0ae24b6d0, 0x00007fa0b4800000)
  to   space 182272K,   0% used [0x00007fa0b4800000, 0x00007fa0b4800000, 0x00007fa0bfa00000)
 tenured generation   total 3645420K, used 3635005K [0x00007fa5a5b50000, 0x00007fa68434b000, 0x00007fb050600000)
   the space 3645420K,  99% used [0x00007fa5a5b50000, 0x00007fa68391f618, 0x00007fa68391f800, 0x00007fa68434b000)
 Metaspace       used 24251K, capacity 24686K, committed 24832K, reserved 26624K
}
Event: 2374.427 GC heap after
{Heap after GC invocations=1973 (full 5):
 def new generation   total 1640448K, used 82746K [0x00007fa050600000, 0x00007fa0bfa00000, 0x00007fa5a5b50000)
  eden space 1458176K,   0% used [0x00007fa050600000, 0x00007fa050600000, 0x00007fa0a9600000)
  from space 182272K,  45% used [0x00007fa0b4800000, 0x00007fa0b98ceb40, 0x00007fa0bfa00000)
  to   space 182272K,   0% used [0x00007fa0a9600000, 0x00007fa0a9600000, 0x00007fa0b4800000)
 tenured generation   total 3645420K, used 3635005K [0x00007fa5a5b50000, 0x00007fa68434b000, 0x00007fb050600000)
   the space 3645420K,  99% used [0x00007fa5a5b50000, 0x00007fa68391f618, 0x00007fa68391f800, 0x00007fa68434b000)
 Metaspace       used 24251K, capacity 24686K, committed 24832K, reserved 26624K
}
Event: 2375.934 GC heap before
{Heap before GC invocations=1973 (full 5):
 def new generation   total 1640448K, used 1540922K [0x00007fa050600000, 0x00007fa0bfa00000, 0x00007fa5a5b50000)
  eden space 1458176K, 100% used [0x00007fa050600000, 0x00007fa0a9600000, 0x00007fa0a9600000)
  from space 182272K,  45% used [0x00007fa0b4800000, 0x00007fa0b98ceb40, 0x00007fa0bfa00000)
  to   space 182272K,   0% used [0x00007fa0a9600000, 0x00007fa0a9600000, 0x00007fa0b4800000)
 tenured generation   total 3645420K, used 3635005K [0x00007fa5a5b50000, 0x00007fa68434b000, 0x00007fb050600000)
   the space 3645420K,  99% used [0x00007fa5a5b50000, 0x00007fa68391f618, 0x00007fa68391f800, 0x00007fa68434b000)
 Metaspace       used 24251K, capacity 24686K, committed 24832K, reserved 26624K
}
Event: 2376.034 GC heap after
{Heap after GC invocations=1974 (full 5):
 def new generation   total 1640448K, used 67846K [0x00007fa050600000, 0x00007fa0bfa00000, 0x00007fa5a5b50000)
  eden space 1458176K,   0% used [0x00007fa050600000, 0x00007fa050600000, 0x00007fa0a9600000)
  from space 182272K,  37% used [0x00007fa0a9600000, 0x00007fa0ad841960, 0x00007fa0b4800000)
  to   space 182272K,   0% used [0x00007fa0b4800000, 0x00007fa0b4800000, 0x00007fa0bfa00000)
 tenured generation   total 3661808K, used 3651965K [0x00007fa5a5b50000, 0x00007fa68534c000, 0x00007fb050600000)
   the space 3661808K,  99% used [0x00007fa5a5b50000, 0x00007fa6849af610, 0x00007fa6849af800, 0x00007fa68534c000)
 Metaspace       used 24251K, capacity 24686K, committed 24832K, reserved 26624K
}
Event: 2376.034 GC heap before
{Heap before GC invocations=1974 (full 5):
 def new generation   total 1640448K, used 67846K [0x00007fa050600000, 0x00007fa0bfa00000, 0x00007fa5a5b50000)
  eden space 1458176K,   0% used [0x00007fa050600000, 0x00007fa050600000, 0x00007fa0a9600000)
  from space 182272K,  37% used [0x00007fa0a9600000, 0x00007fa0ad841960, 0x00007fa0b4800000)
  to   space 182272K,   0% used [0x00007fa0b4800000, 0x00007fa0b4800000, 0x00007fa0bfa00000)
 tenured generation   total 3661808K, used 3651965K [0x00007fa5a5b50000, 0x00007fa68534c000, 0x00007fb050600000)
   the space 3661808K,  99% used [0x00007fa5a5b50000, 0x00007fa6849af610, 0x00007fa6849af800, 0x00007fa68534c000)
 Metaspace       used 24251K, capacity 24686K, committed 24832K, reserved 26624K
}

