# JRE version: OpenJDK Runtime Environment (13.0.7+5) (build 13.0.7+5-Ubuntu-0ubuntu120.04)
# Java VM: OpenJDK 64-Bit Server VM (13.0.7+5-Ubuntu-0ubuntu120.04, mixed mode, tiered, compressed oops, serial gc, linux-amd64)
Heap:
 def new generation   total 1557184K, used 0K [0x0000000080200000, 0x00000000e9ba0000, 0x0000000300150000)
  eden space 1384192K,   0% used [0x0000000080200000, 0x0000000080200000, 0x00000000d49c0000)
  from space 172992K,   0% used [0x00000000df2b0000, 0x00000000df2b0000, 0x00000000e9ba0000)
  to   space 172992K,   0% used [0x00000000d49c0000, 0x00000000d49c0000, 0x00000000df2b0000)
 tenured generation   total 3525448K, used 2549145K [0x0000000300150000, 0x00000003d7422000, 0x0000000800000000)
   the space 3525448K,  72% used [0x0000000300150000, 0x000000039bab6468, 0x000000039bab6600, 0x00000003d7422000)
 Metaspace       used 22761K, capacity 23298K, committed 23680K, reserved 1071104K
  class space    used 2354K, capacity 2568K, committed 2688K, reserved 1048576K
GC Heap History (20 events):
Event: 652.371 GC heap after
{Heap after GC invocations=614 (full 22):
 def new generation   total 1557184K, used 117762K [0x0000000080200000, 0x00000000e9ba0000, 0x0000000300150000)
  eden space 1384192K,   0% used [0x0000000080200000, 0x0000000080200000, 0x00000000d49c0000)
  from space 172992K,  68% used [0x00000000d49c0000, 0x00000000dbcc0800, 0x00000000df2b0000)
  to   space 172992K,   0% used [0x00000000df2b0000, 0x00000000df2b0000, 0x00000000e9ba0000)
 tenured generation   total 3460240K, used 3186508K [0x0000000300150000, 0x00000003d3474000, 0x0000000800000000)
   the space 3460240K,  92% used [0x0000000300150000, 0x00000003c29233d8, 0x00000003c2923400, 0x00000003d3474000)
 Metaspace       used 22755K, capacity 23298K, committed 23680K, reserved 1071104K
  class space    used 2354K, capacity 2568K, committed 2688K, reserved 1048576K
}
Event: 653.624 GC heap before
{Heap before GC invocations=614 (full 22):
 def new generation   total 1557184K, used 1501954K [0x0000000080200000, 0x00000000e9ba0000, 0x0000000300150000)
  eden space 1384192K, 100% used [0x0000000080200000, 0x00000000d49c0000, 0x00000000d49c0000)
  from space 172992K,  68% used [0x00000000d49c0000, 0x00000000dbcc0800, 0x00000000df2b0000)
  to   space 172992K,   0% used [0x00000000df2b0000, 0x00000000df2b0000, 0x00000000e9ba0000)
 tenured generation   total 3460240K, used 3186508K [0x0000000300150000, 0x00000003d3474000, 0x0000000800000000)
   the space 3460240K,  92% used [0x0000000300150000, 0x00000003c29233d8, 0x00000003c2923400, 0x00000003d3474000)
 Metaspace       used 22755K, capacity 23298K, committed 23680K, reserved 1071104K
  class space    used 2354K, capacity 2568K, committed 2688K, reserved 1048576K
}
Event: 653.858 GC heap after
{Heap after GC invocations=615 (full 22):
 def new generation   total 1557184K, used 80317K [0x0000000080200000, 0x00000000e9ba0000, 0x0000000300150000)
  eden space 1384192K,   0% used [0x0000000080200000, 0x0000000080200000, 0x00000000d49c0000)
  from space 172992K,  46% used [0x00000000df2b0000, 0x00000000e411f750, 0x00000000e9ba0000)
  to   space 172992K,   0% used [0x00000000d49c0000, 0x00000000d49c0000, 0x00000000df2b0000)
 tenured generation   total 3460240K, used 3303748K [0x0000000300150000, 0x00000003d3474000, 0x0000000800000000)
   the space 3460240K,  95% used [0x0000000300150000, 0x00000003c9ba1360, 0x00000003c9ba1400, 0x00000003d3474000)
 Metaspace       used 22755K, capacity 23298K, committed 23680K, reserved 1071104K
  class space    used 2354K, capacity 2568K, committed 2688K, reserved 1048576K
}
Event: 655.096 GC heap before
{Heap before GC invocations=615 (full 22):
 def new generation   total 1557184K, used 1464509K [0x0000000080200000, 0x00000000e9ba0000, 0x0000000300150000)
  eden space 1384192K, 100% used [0x0000000080200000, 0x00000000d49c0000, 0x00000000d49c0000)
  from space 172992K,  46% used [0x00000000df2b0000, 0x00000000e411f750, 0x00000000e9ba0000)
  to   space 172992K,   0% used [0x00000000d49c0000, 0x00000000d49c0000, 0x00000000df2b0000)
 tenured generation   total 3460240K, used 3303748K [0x0000000300150000, 0x00000003d3474000, 0x0000000800000000)
   the space 3460240K,  95% used [0x0000000300150000, 0x00000003c9ba1360, 0x00000003c9ba1400, 0x00000003d3474000)
 Metaspace       used 22755K, capacity 23298K, committed 23680K, reserved 1071104K
  class space    used 2354K, capacity 2568K, committed 2688K, reserved 1048576K
}
Event: 655.280 GC heap after
{Heap after GC invocations=616 (full 22):
 def new generation   total 1557184K, used 160107K [0x0000000080200000, 0x00000000e9ba0000, 0x0000000300150000)
  eden space 1384192K,   0% used [0x0000000080200000, 0x0000000080200000, 0x00000000d49c0000)
  from space 172992K,  92% used [0x00000000d49c0000, 0x00000000de61afb8, 0x00000000df2b0000)
  to   space 172992K,   0% used [0x00000000df2b0000, 0x00000000df2b0000, 0x00000000e9ba0000)
 tenured generation   total 3460240K, used 3303748K [0x0000000300150000, 0x00000003d3474000, 0x0000000800000000)
   the space 3460240K,  95% used [0x0000000300150000, 0x00000003c9ba1360, 0x00000003c9ba1400, 0x00000003d3474000)
 Metaspace       used 22755K, capacity 23298K, committed 23680K, reserved 1071104K
  class space    used 2354K, capacity 2568K, committed 2688K, reserved 1048576K
}
Event: 656.519 GC heap before
{Heap before GC invocations=616 (full 22):
 def new generation   total 1557184K, used 1544299K [0x0000000080200000, 0x00000000e9ba0000, 0x0000000300150000)
  eden space 1384192K, 100% used [0x0000000080200000, 0x00000000d49c0000, 0x00000000d49c0000)
  from space 172992K,  92% used [0x00000000d49c0000, 0x00000000de61afb8, 0x00000000df2b0000)
  to   space 172992K,   0% used [0x00000000df2b0000, 0x00000000df2b0000, 0x00000000e9ba0000)
 tenured generation   total 3460240K, used 3303748K [0x0000000300150000, 0x00000003d3474000, 0x0000000800000000)
   the space 3460240K,  95% used [0x0000000300150000, 0x00000003c9ba1360, 0x00000003c9ba1400, 0x00000003d3474000)
 Metaspace       used 22761K, capacity 23298K, committed 23680K, reserved 1071104K
  class space    used 2354K, capacity 2568K, committed 2688K, reserved 1048576K
}
Event: 656.599 GC heap after
{Heap after GC invocations=617 (full 22):
 def new generation   total 1557184K, used 85119K [0x0000000080200000, 0x00000000e9ba0000, 0x0000000300150000)
  eden space 1384192K,   0% used [0x0000000080200000, 0x0000000080200000, 0x00000000d49c0000)
  from space 172992K,  49% used [0x00000000df2b0000, 0x00000000e45cff08, 0x00000000e9ba0000)
  to   space 172992K,   0% used [0x00000000d49c0000, 0x00000000d49c0000, 0x00000000df2b0000)
 tenured generation   total 3460240K, used 3311501K [0x0000000300150000, 0x00000003d3474000, 0x0000000800000000)
   the space 3460240K,  95% used [0x0000000300150000, 0x00000003ca333490, 0x00000003ca333600, 0x00000003d3474000)
 Metaspace       used 22761K, capacity 23298K, committed 23680K, reserved 1071104K
  class space    used 2354K, capacity 2568K, committed 2688K, reserved 1048576K
}
Event: 657.840 GC heap before
{Heap before GC invocations=617 (full 22):
 def new generation   total 1557184K, used 1469311K [0x0000000080200000, 0x00000000e9ba0000, 0x0000000300150000)
  eden space 1384192K, 100% used [0x0000000080200000, 0x00000000d49c0000, 0x00000000d49c0000)
  from space 172992K,  49% used [0x00000000df2b0000, 0x00000000e45cff08, 0x00000000e9ba0000)
  to   space 172992K,   0% used [0x00000000d49c0000, 0x00000000d49c0000, 0x00000000df2b0000)
 tenured generation   total 3460240K, used 3311501K [0x0000000300150000, 0x00000003d3474000, 0x0000000800000000)
   the space 3460240K,  95% used [0x0000000300150000, 0x00000003ca333490, 0x00000003ca333600, 0x00000003d3474000)
 Metaspace       used 22761K, capacity 23298K, committed 23680K, reserved 1071104K
  class space    used 2354K, capacity 2568K, committed 2688K, reserved 1048576K
}
Event: 657.992 GC heap after
{Heap after GC invocations=618 (full 22):
 def new generation   total 1557184K, used 164910K [0x0000000080200000, 0x00000000e9ba0000, 0x0000000300150000)
  eden space 1384192K,   0% used [0x0000000080200000, 0x0000000080200000, 0x00000000d49c0000)
  from space 172992K,  95% used [0x00000000d49c0000, 0x00000000deacb9b0, 0x00000000df2b0000)
  to   space 172992K,   0% used [0x00000000df2b0000, 0x00000000df2b0000, 0x00000000e9ba0000)
 tenured generation   total 3460240K, used 3311501K [0x0000000300150000, 0x00000003d3474000, 0x0000000800000000)
   the space 3460240K,  95% used [0x0000000300150000, 0x00000003ca333490, 0x00000003ca333600, 0x00000003d3474000)
 Metaspace       used 22761K, capacity 23298K, committed 23680K, reserved 1071104K
  class space    used 2354K, capacity 2568K, committed 2688K, reserved 1048576K
}
Event: 659.241 GC heap before
{Heap before GC invocations=618 (full 22):
 def new generation   total 1557184K, used 1549102K [0x0000000080200000, 0x00000000e9ba0000, 0x0000000300150000)
  eden space 1384192K, 100% used [0x0000000080200000, 0x00000000d49c0000, 0x00000000d49c0000)
  from space 172992K,  95% used [0x00000000d49c0000, 0x00000000deacb9b0, 0x00000000df2b0000)
  to   space 172992K,   0% used [0x00000000df2b0000, 0x00000000df2b0000, 0x00000000e9ba0000)
 tenured generation   total 3460240K, used 3311501K [0x0000000300150000, 0x00000003d3474000, 0x0000000800000000)
   the space 3460240K,  95% used [0x0000000300150000, 0x00000003ca333490, 0x00000003ca333600, 0x00000003d3474000)
 Metaspace       used 22761K, capacity 23298K, committed 23680K, reserved 1071104K
  class space    used 2354K, capacity 2568K, committed 2688K, reserved 1048576K
}
Event: 659.496 GC heap after
{Heap after GC invocations=619 (full 22):
 def new generation   total 1557184K, used 160098K [0x0000000080200000, 0x00000000e9ba0000, 0x0000000300150000)
  eden space 1384192K,   0% used [0x0000000080200000, 0x0000000080200000, 0x00000000d49c0000)
  from space 172992K,  92% used [0x00000000df2b0000, 0x00000000e8f088f0, 0x00000000e9ba0000)
  to   space 172992K,   0% used [0x00000000d49c0000, 0x00000000d49c0000, 0x00000000df2b0000)
 tenured generation   total 3460240K, used 3396104K [0x0000000300150000, 0x00000003d3474000, 0x0000000800000000)
   the space 3460240K,  98% used [0x0000000300150000, 0x00000003cf5d2250, 0x00000003cf5d2400, 0x00000003d3474000)
 Metaspace       used 22761K, capacity 23298K, committed 23680K, reserved 1071104K
  class space    used 2354K, capacity 2568K, committed 2688K, reserved 1048576K
}
Event: 660.745 GC heap before
{Heap before GC invocations=619 (full 22):
 def new generation   total 1557184K, used 1544290K [0x0000000080200000, 0x00000000e9ba0000, 0x0000000300150000)
  eden space 1384192K, 100% used [0x0000000080200000, 0x00000000d49c0000, 0x00000000d49c0000)
  from space 172992K,  92% used [0x00000000df2b0000, 0x00000000e8f088f0, 0x00000000e9ba0000)
  to   space 172992K,   0% used [0x00000000d49c0000, 0x00000000d49c0000, 0x00000000df2b0000)
 tenured generation   total 3460240K, used 3396104K [0x0000000300150000, 0x00000003d3474000, 0x0000000800000000)
   the space 3460240K,  98% used [0x0000000300150000, 0x00000003cf5d2250, 0x00000003cf5d2400, 0x00000003d3474000)
 Metaspace       used 22761K, capacity 23298K, committed 23680K, reserved 1071104K
  class space    used 2354K, capacity 2568K, committed 2688K, reserved 1048576K
}
Event: 660.775 GC heap after
{Heap after GC invocations=620 (full 22):
 def new generation   total 1557184K, used 45282K [0x0000000080200000, 0x00000000e9ba0000, 0x0000000300150000)
  eden space 1384192K,   0% used [0x0000000080200000, 0x0000000080200000, 0x00000000d49c0000)
  from space 172992K,  26% used [0x00000000d49c0000, 0x00000000d75f8a60, 0x00000000df2b0000)
  to   space 172992K,   0% used [0x00000000df2b0000, 0x00000000df2b0000, 0x00000000e9ba0000)
 tenured generation   total 3460240K, used 3401258K [0x0000000300150000, 0x00000003d3474000, 0x0000000800000000)
   the space 3460240K,  98% used [0x0000000300150000, 0x00000003cfadaa20, 0x00000003cfadac00, 0x00000003d3474000)
 Metaspace       used 22761K, capacity 23298K, committed 23680K, reserved 1071104K
  class space    used 2354K, capacity 2568K, committed 2688K, reserved 1048576K
}
Event: 662.022 GC heap before
{Heap before GC invocations=620 (full 22):
 def new generation   total 1557184K, used 1429474K [0x0000000080200000, 0x00000000e9ba0000, 0x0000000300150000)
  eden space 1384192K, 100% used [0x0000000080200000, 0x00000000d49c0000, 0x00000000d49c0000)
  from space 172992K,  26% used [0x00000000d49c0000, 0x00000000d75f8a60, 0x00000000df2b0000)
  to   space 172992K,   0% used [0x00000000df2b0000, 0x00000000df2b0000, 0x00000000e9ba0000)
 tenured generation   total 3460240K, used 3401258K [0x0000000300150000, 0x00000003d3474000, 0x0000000800000000)
   the space 3460240K,  98% used [0x0000000300150000, 0x00000003cfadaa20, 0x00000003cfadac00, 0x00000003d3474000)
 Metaspace       used 22761K, capacity 23298K, committed 23680K, reserved 1071104K
  class space    used 2354K, capacity 2568K, committed 2688K, reserved 1048576K
}
Event: 662.128 GC heap after
{Heap after GC invocations=621 (full 22):
 def new generation   total 1557184K, used 125073K [0x0000000080200000, 0x00000000e9ba0000, 0x0000000300150000)
  eden space 1384192K,   0% used [0x0000000080200000, 0x0000000080200000, 0x00000000d49c0000)
  from space 172992K,  72% used [0x00000000df2b0000, 0x00000000e6cd4788, 0x00000000e9ba0000)
  to   space 172992K,   0% used [0x00000000d49c0000, 0x00000000d49c0000, 0x00000000df2b0000)
 tenured generation   total 3460240K, used 3401258K [0x0000000300150000, 0x00000003d3474000, 0x0000000800000000)
   the space 3460240K,  98% used [0x0000000300150000, 0x00000003cfadaa20, 0x00000003cfadac00, 0x00000003d3474000)
 Metaspace       used 22761K, capacity 23298K, committed 23680K, reserved 1071104K
  class space    used 2354K, capacity 2568K, committed 2688K, reserved 1048576K
}
Event: 663.383 GC heap before
{Heap before GC invocations=621 (full 22):
 def new generation   total 1557184K, used 1509265K [0x0000000080200000, 0x00000000e9ba0000, 0x0000000300150000)
  eden space 1384192K, 100% used [0x0000000080200000, 0x00000000d49c0000, 0x00000000d49c0000)
  from space 172992K,  72% used [0x00000000df2b0000, 0x00000000e6cd4788, 0x00000000e9ba0000)
  to   space 172992K,   0% used [0x00000000d49c0000, 0x00000000d49c0000, 0x00000000df2b0000)
 tenured generation   total 3460240K, used 3401258K [0x0000000300150000, 0x00000003d3474000, 0x0000000800000000)
   the space 3460240K,  98% used [0x0000000300150000, 0x00000003cfadaa20, 0x00000003cfadac00, 0x00000003d3474000)
 Metaspace       used 22761K, capacity 23298K, committed 23680K, reserved 1071104K
  class space    used 2354K, capacity 2568K, committed 2688K, reserved 1048576K
}
Event: 663.589 GC heap after
{Heap after GC invocations=622 (full 22):
 def new generation   total 1557184K, used 159598K [0x0000000080200000, 0x00000000e9ba0000, 0x0000000300150000)
  eden space 1384192K,   0% used [0x0000000080200000, 0x0000000080200000, 0x00000000d49c0000)
  from space 172992K,  92% used [0x00000000d49c0000, 0x00000000de59b9d0, 0x00000000df2b0000)
  to   space 172992K,   0% used [0x00000000df2b0000, 0x00000000df2b0000, 0x00000000e9ba0000)
 tenured generation   total 3460240K, used 3446024K [0x0000000300150000, 0x00000003d3474000, 0x0000000800000000)
   the space 3460240K,  99% used [0x0000000300150000, 0x00000003d2692368, 0x00000003d2692400, 0x00000003d3474000)
 Metaspace       used 22761K, capacity 23298K, committed 23680K, reserved 1071104K
  class space    used 2354K, capacity 2568K, committed 2688K, reserved 1048576K
}
Event: 664.840 GC heap before
{Heap before GC invocations=622 (full 22):
 def new generation   total 1557184K, used 1543790K [0x0000000080200000, 0x00000000e9ba0000, 0x0000000300150000)
  eden space 1384192K, 100% used [0x0000000080200000, 0x00000000d49c0000, 0x00000000d49c0000)
  from space 172992K,  92% used [0x00000000d49c0000, 0x00000000de59b9d0, 0x00000000df2b0000)
  to   space 172992K,   0% used [0x00000000df2b0000, 0x00000000df2b0000, 0x00000000e9ba0000)
 tenured generation   total 3460240K, used 3446024K [0x0000000300150000, 0x00000003d3474000, 0x0000000800000000)
   the space 3460240K,  99% used [0x0000000300150000, 0x00000003d2692368, 0x00000003d2692400, 0x00000003d3474000)
 Metaspace       used 22761K, capacity 23298K, committed 23680K, reserved 1071104K
  class space    used 2354K, capacity 2568K, committed 2688K, reserved 1048576K
}
Event: 665.088 GC heap after
{Heap after GC invocations=623 (full 22):
 def new generation   total 1557184K, used 160104K [0x0000000080200000, 0x00000000e9ba0000, 0x0000000300150000)
  eden space 1384192K,   0% used [0x0000000080200000, 0x0000000080200000, 0x00000000d49c0000)
  from space 172992K,  92% used [0x00000000df2b0000, 0x00000000e8f0a2b0, 0x00000000e9ba0000)
  to   space 172992K,   0% used [0x00000000d49c0000, 0x00000000d49c0000, 0x00000000df2b0000)
 tenured generation   total 3525448K, used 3525304K [0x0000000300150000, 0x00000003d7422000, 0x0000000800000000)
   the space 3525448K,  99% used [0x0000000300150000, 0x00000003d73fe020, 0x00000003d73fe200, 0x00000003d7422000)
 Metaspace       used 22761K, capacity 23298K, committed 23680K, reserved 1071104K
  class space    used 2354K, capacity 2568K, committed 2688K, reserved 1048576K
}
Event: 665.088 GC heap before
{Heap before GC invocations=623 (full 22):
 def new generation   total 1557184K, used 160104K [0x0000000080200000, 0x00000000e9ba0000, 0x0000000300150000)
  eden space 1384192K,   0% used [0x0000000080200000, 0x0000000080200000, 0x00000000d49c0000)
  from space 172992K,  92% used [0x00000000df2b0000, 0x00000000e8f0a2b0, 0x00000000e9ba0000)
  to   space 172992K,   0% used [0x00000000d49c0000, 0x00000000d49c0000, 0x00000000df2b0000)
 tenured generation   total 3525448K, used 3525304K [0x0000000300150000, 0x00000003d7422000, 0x0000000800000000)
   the space 3525448K,  99% used [0x0000000300150000, 0x00000003d73fe020, 0x00000003d73fe200, 0x00000003d7422000)
 Metaspace       used 22761K, capacity 23298K, committed 23680K, reserved 1071104K
  class space    used 2354K, capacity 2568K, committed 2688K, reserved 1048576K
}

