# JRE version: OpenJDK Runtime Environment (13.0.7+5) (build 13.0.7+5-Ubuntu-0ubuntu120.04)
# Java VM: OpenJDK 64-Bit Server VM (13.0.7+5-Ubuntu-0ubuntu120.04, mixed mode, tiered, serial gc, linux-amd64)
Heap:
 def new generation   total 5831424K, used 0K [0x00007f9500600000, 0x00007f968bd70000, 0x00007f9a55b50000)
  eden space 5183552K,   0% used [0x00007f9500600000, 0x00007f9500600000, 0x00007f963cc10000)
  from space 647872K,   0% used [0x00007f963cc10000, 0x00007f963cc10000, 0x00007f96644c0000)
  to   space 647872K,   0% used [0x00007f96644c0000, 0x00007f96644c0000, 0x00007f968bd70000)
 tenured generation   total 13070680K, used 11096132K [0x00007f9a55b50000, 0x00007f9d737a6000, 0x00007fa500600000)
   the space 13070680K,  84% used [0x00007f9a55b50000, 0x00007f9cfaf61350, 0x00007f9cfaf61400, 0x00007f9d737a6000)
 Metaspace       used 30821K, capacity 31248K, committed 31488K, reserved 32768K
GC Heap History (20 events):
Event: 593.972 GC heap after
{Heap after GC invocations=72 (full 6):
 def new generation   total 5831424K, used 647872K [0x00007f9500600000, 0x00007f968bd70000, 0x00007f9a55b50000)
  eden space 5183552K,   0% used [0x00007f9500600000, 0x00007f9500600000, 0x00007f963cc10000)
  from space 647872K, 100% used [0x00007f96644c0000, 0x00007f968bd70000, 0x00007f968bd70000)
  to   space 647872K,   0% used [0x00007f963cc10000, 0x00007f963cc10000, 0x00007f96644c0000)
 tenured generation   total 12958552K, used 8150521K [0x00007f9a55b50000, 0x00007f9d6ca26000, 0x00007fa500600000)
   the space 12958552K,  62% used [0x00007f9a55b50000, 0x00007f9c472ce708, 0x00007f9c472ce800, 0x00007f9d6ca26000)
 Metaspace       used 30821K, capacity 31248K, committed 31488K, reserved 32768K
}
Event: 595.510 GC heap before
{Heap before GC invocations=72 (full 6):
 def new generation   total 5831424K, used 5831424K [0x00007f9500600000, 0x00007f968bd70000, 0x00007f9a55b50000)
  eden space 5183552K, 100% used [0x00007f9500600000, 0x00007f963cc10000, 0x00007f963cc10000)
  from space 647872K, 100% used [0x00007f96644c0000, 0x00007f968bd70000, 0x00007f968bd70000)
  to   space 647872K,   0% used [0x00007f963cc10000, 0x00007f963cc10000, 0x00007f96644c0000)
 tenured generation   total 12958552K, used 8150521K [0x00007f9a55b50000, 0x00007f9d6ca26000, 0x00007fa500600000)
   the space 12958552K,  62% used [0x00007f9a55b50000, 0x00007f9c472ce708, 0x00007f9c472ce800, 0x00007f9d6ca26000)
 Metaspace       used 30821K, capacity 31248K, committed 31488K, reserved 32768K
}
Event: 597.339 GC heap after
{Heap after GC invocations=73 (full 6):
 def new generation   total 5831424K, used 579093K [0x00007f9500600000, 0x00007f968bd70000, 0x00007f9a55b50000)
  eden space 5183552K,   0% used [0x00007f9500600000, 0x00007f9500600000, 0x00007f963cc10000)
  from space 647872K,  89% used [0x00007f963cc10000, 0x00007f9660195700, 0x00007f96644c0000)
  to   space 647872K,   0% used [0x00007f96644c0000, 0x00007f96644c0000, 0x00007f968bd70000)
 tenured generation   total 12958552K, used 8798393K [0x00007f9a55b50000, 0x00007f9d6ca26000, 0x00007fa500600000)
   the space 12958552K,  67% used [0x00007f9a55b50000, 0x00007f9c6eb7e608, 0x00007f9c6eb7e800, 0x00007f9d6ca26000)
 Metaspace       used 30821K, capacity 31248K, committed 31488K, reserved 32768K
}
Event: 598.894 GC heap before
{Heap before GC invocations=73 (full 6):
 def new generation   total 5831424K, used 5762645K [0x00007f9500600000, 0x00007f968bd70000, 0x00007f9a55b50000)
  eden space 5183552K, 100% used [0x00007f9500600000, 0x00007f963cc10000, 0x00007f963cc10000)
  from space 647872K,  89% used [0x00007f963cc10000, 0x00007f9660195700, 0x00007f96644c0000)
  to   space 647872K,   0% used [0x00007f96644c0000, 0x00007f96644c0000, 0x00007f968bd70000)
 tenured generation   total 12958552K, used 8798393K [0x00007f9a55b50000, 0x00007f9d6ca26000, 0x00007fa500600000)
   the space 12958552K,  67% used [0x00007f9a55b50000, 0x00007f9c6eb7e608, 0x00007f9c6eb7e800, 0x00007f9d6ca26000)
 Metaspace       used 30821K, capacity 31248K, committed 31488K, reserved 32768K
}
Event: 600.403 GC heap after
{Heap after GC invocations=74 (full 6):
 def new generation   total 5831424K, used 495033K [0x00007f9500600000, 0x00007f968bd70000, 0x00007f9a55b50000)
  eden space 5183552K,   0% used [0x00007f9500600000, 0x00007f9500600000, 0x00007f963cc10000)
  from space 647872K,  76% used [0x00007f96644c0000, 0x00007f968282e618, 0x00007f968bd70000)
  to   space 647872K,   0% used [0x00007f963cc10000, 0x00007f963cc10000, 0x00007f96644c0000)
 tenured generation   total 12958552K, used 9377486K [0x00007f9a55b50000, 0x00007f9d6ca26000, 0x00007fa500600000)
   the space 12958552K,  72% used [0x00007f9a55b50000, 0x00007f9c92103b68, 0x00007f9c92103c00, 0x00007f9d6ca26000)
 Metaspace       used 30821K, capacity 31248K, committed 31488K, reserved 32768K
}
Event: 601.877 GC heap before
{Heap before GC invocations=74 (full 6):
 def new generation   total 5831424K, used 5678585K [0x00007f9500600000, 0x00007f968bd70000, 0x00007f9a55b50000)
  eden space 5183552K, 100% used [0x00007f9500600000, 0x00007f963cc10000, 0x00007f963cc10000)
  from space 647872K,  76% used [0x00007f96644c0000, 0x00007f968282e618, 0x00007f968bd70000)
  to   space 647872K,   0% used [0x00007f963cc10000, 0x00007f963cc10000, 0x00007f96644c0000)
 tenured generation   total 12958552K, used 9377486K [0x00007f9a55b50000, 0x00007f9d6ca26000, 0x00007fa500600000)
   the space 12958552K,  72% used [0x00007f9a55b50000, 0x00007f9c92103b68, 0x00007f9c92103c00, 0x00007f9d6ca26000)
 Metaspace       used 30821K, capacity 31248K, committed 31488K, reserved 32768K
}
Event: 603.288 GC heap after
{Heap after GC invocations=75 (full 6):
 def new generation   total 5831424K, used 492605K [0x00007f9500600000, 0x00007f968bd70000, 0x00007f9a55b50000)
  eden space 5183552K,   0% used [0x00007f9500600000, 0x00007f9500600000, 0x00007f963cc10000)
  from space 647872K,  76% used [0x00007f963cc10000, 0x00007f965ad1f610, 0x00007f96644c0000)
  to   space 647872K,   0% used [0x00007f96644c0000, 0x00007f96644c0000, 0x00007f968bd70000)
 tenured generation   total 12958552K, used 9872520K [0x00007f9a55b50000, 0x00007f9d6ca26000, 0x00007fa500600000)
   the space 12958552K,  76% used [0x00007f9a55b50000, 0x00007f9cb0472030, 0x00007f9cb0472200, 0x00007f9d6ca26000)
 Metaspace       used 30821K, capacity 31248K, committed 31488K, reserved 32768K
}
Event: 604.825 GC heap before
{Heap before GC invocations=75 (full 6):
 def new generation   total 5831424K, used 5676157K [0x00007f9500600000, 0x00007f968bd70000, 0x00007f9a55b50000)
  eden space 5183552K, 100% used [0x00007f9500600000, 0x00007f963cc10000, 0x00007f963cc10000)
  from space 647872K,  76% used [0x00007f963cc10000, 0x00007f965ad1f610, 0x00007f96644c0000)
  to   space 647872K,   0% used [0x00007f96644c0000, 0x00007f96644c0000, 0x00007f968bd70000)
 tenured generation   total 12958552K, used 9872520K [0x00007f9a55b50000, 0x00007f9d6ca26000, 0x00007fa500600000)
   the space 12958552K,  76% used [0x00007f9a55b50000, 0x00007f9cb0472030, 0x00007f9cb0472200, 0x00007f9d6ca26000)
 Metaspace       used 30821K, capacity 31248K, committed 31488K, reserved 32768K
}
Event: 606.284 GC heap after
{Heap after GC invocations=76 (full 6):
 def new generation   total 5831424K, used 499357K [0x00007f9500600000, 0x00007f968bd70000, 0x00007f9a55b50000)
  eden space 5183552K,   0% used [0x00007f9500600000, 0x00007f9500600000, 0x00007f963cc10000)
  from space 647872K,  77% used [0x00007f96644c0000, 0x00007f9682c67528, 0x00007f968bd70000)
  to   space 647872K,   0% used [0x00007f963cc10000, 0x00007f963cc10000, 0x00007f96644c0000)
 tenured generation   total 12958552K, used 10365125K [0x00007f9a55b50000, 0x00007f9d6ca26000, 0x00007fa500600000)
   the space 12958552K,  79% used [0x00007f9a55b50000, 0x00007f9cce581640, 0x00007f9cce581800, 0x00007f9d6ca26000)
 Metaspace       used 30821K, capacity 31248K, committed 31488K, reserved 32768K
}
Event: 608.005 GC heap before
{Heap before GC invocations=76 (full 6):
 def new generation   total 5831424K, used 5682909K [0x00007f9500600000, 0x00007f968bd70000, 0x00007f9a55b50000)
  eden space 5183552K, 100% used [0x00007f9500600000, 0x00007f963cc10000, 0x00007f963cc10000)
  from space 647872K,  77% used [0x00007f96644c0000, 0x00007f9682c67528, 0x00007f968bd70000)
  to   space 647872K,   0% used [0x00007f963cc10000, 0x00007f963cc10000, 0x00007f96644c0000)
 tenured generation   total 12958552K, used 10365125K [0x00007f9a55b50000, 0x00007f9d6ca26000, 0x00007fa500600000)
   the space 12958552K,  79% used [0x00007f9a55b50000, 0x00007f9cce581640, 0x00007f9cce581800, 0x00007f9d6ca26000)
 Metaspace       used 30821K, capacity 31248K, committed 31488K, reserved 32768K
}
Event: 609.528 GC heap after
{Heap after GC invocations=77 (full 6):
 def new generation   total 5831424K, used 543003K [0x00007f9500600000, 0x00007f968bd70000, 0x00007f9a55b50000)
  eden space 5183552K,   0% used [0x00007f9500600000, 0x00007f9500600000, 0x00007f963cc10000)
  from space 647872K,  83% used [0x00007f963cc10000, 0x00007f965de56e08, 0x00007f96644c0000)
  to   space 647872K,   0% used [0x00007f96644c0000, 0x00007f96644c0000, 0x00007f968bd70000)
 tenured generation   total 12958552K, used 10864482K [0x00007f9a55b50000, 0x00007f9d6ca26000, 0x00007fa500600000)
   the space 12958552K,  83% used [0x00007f9a55b50000, 0x00007f9cecd289c8, 0x00007f9cecd28a00, 0x00007f9d6ca26000)
 Metaspace       used 30821K, capacity 31248K, committed 31488K, reserved 32768K
}
Event: 611.262 GC heap before
{Heap before GC invocations=77 (full 6):
 def new generation   total 5831424K, used 5726555K [0x00007f9500600000, 0x00007f968bd70000, 0x00007f9a55b50000)
  eden space 5183552K, 100% used [0x00007f9500600000, 0x00007f963cc10000, 0x00007f963cc10000)
  from space 647872K,  83% used [0x00007f963cc10000, 0x00007f965de56e08, 0x00007f96644c0000)
  to   space 647872K,   0% used [0x00007f96644c0000, 0x00007f96644c0000, 0x00007f968bd70000)
 tenured generation   total 12958552K, used 10864482K [0x00007f9a55b50000, 0x00007f9d6ca26000, 0x00007fa500600000)
   the space 12958552K,  83% used [0x00007f9a55b50000, 0x00007f9cecd289c8, 0x00007f9cecd28a00, 0x00007f9d6ca26000)
 Metaspace       used 30821K, capacity 31248K, committed 31488K, reserved 32768K
}
Event: 612.779 GC heap after
{Heap after GC invocations=78 (full 6):
 def new generation   total 5831424K, used 533263K [0x00007f9500600000, 0x00007f968bd70000, 0x00007f9a55b50000)
  eden space 5183552K,   0% used [0x00007f9500600000, 0x00007f9500600000, 0x00007f963cc10000)
  from space 647872K,  82% used [0x00007f96644c0000, 0x00007f9684d83ed8, 0x00007f968bd70000)
  to   space 647872K,   0% used [0x00007f963cc10000, 0x00007f963cc10000, 0x00007f96644c0000)
 tenured generation   total 12958552K, used 11407485K [0x00007f9a55b50000, 0x00007f9d6ca26000, 0x00007fa500600000)
   the space 12958552K,  88% used [0x00007f9a55b50000, 0x00007f9d0df6f6d0, 0x00007f9d0df6f800, 0x00007f9d6ca26000)
 Metaspace       used 30821K, capacity 31248K, committed 31488K, reserved 32768K
}
Event: 614.556 GC heap before
{Heap before GC invocations=78 (full 6):
 def new generation   total 5831424K, used 5716815K [0x00007f9500600000, 0x00007f968bd70000, 0x00007f9a55b50000)
  eden space 5183552K, 100% used [0x00007f9500600000, 0x00007f963cc10000, 0x00007f963cc10000)
  from space 647872K,  82% used [0x00007f96644c0000, 0x00007f9684d83ed8, 0x00007f968bd70000)
  to   space 647872K,   0% used [0x00007f963cc10000, 0x00007f963cc10000, 0x00007f96644c0000)
 tenured generation   total 12958552K, used 11407485K [0x00007f9a55b50000, 0x00007f9d6ca26000, 0x00007fa500600000)
   the space 12958552K,  88% used [0x00007f9a55b50000, 0x00007f9d0df6f6d0, 0x00007f9d0df6f800, 0x00007f9d6ca26000)
 Metaspace       used 30821K, capacity 31248K, committed 31488K, reserved 32768K
}
Event: 616.176 GC heap after
{Heap after GC invocations=79 (full 6):
 def new generation   total 5831424K, used 578201K [0x00007f9500600000, 0x00007f968bd70000, 0x00007f9a55b50000)
  eden space 5183552K,   0% used [0x00007f9500600000, 0x00007f9500600000, 0x00007f963cc10000)
  from space 647872K,  89% used [0x00007f963cc10000, 0x00007f96600b6758, 0x00007f96644c0000)
  to   space 647872K,   0% used [0x00007f96644c0000, 0x00007f96644c0000, 0x00007f968bd70000)
 tenured generation   total 12958552K, used 11940749K [0x00007f9a55b50000, 0x00007f9d6ca26000, 0x00007fa500600000)
   the space 12958552K,  92% used [0x00007f9a55b50000, 0x00007f9d2e8334b8, 0x00007f9d2e833600, 0x00007f9d6ca26000)
 Metaspace       used 30821K, capacity 31248K, committed 31488K, reserved 32768K
}
Event: 617.926 GC heap before
{Heap before GC invocations=79 (full 6):
 def new generation   total 5831424K, used 5761753K [0x00007f9500600000, 0x00007f968bd70000, 0x00007f9a55b50000)
  eden space 5183552K, 100% used [0x00007f9500600000, 0x00007f963cc10000, 0x00007f963cc10000)
  from space 647872K,  89% used [0x00007f963cc10000, 0x00007f96600b6758, 0x00007f96644c0000)
  to   space 647872K,   0% used [0x00007f96644c0000, 0x00007f96644c0000, 0x00007f968bd70000)
 tenured generation   total 12958552K, used 11940749K [0x00007f9a55b50000, 0x00007f9d6ca26000, 0x00007fa500600000)
   the space 12958552K,  92% used [0x00007f9a55b50000, 0x00007f9d2e8334b8, 0x00007f9d2e833600, 0x00007f9d6ca26000)
 Metaspace       used 30821K, capacity 31248K, committed 31488K, reserved 32768K
}
Event: 619.477 GC heap after
{Heap after GC invocations=80 (full 6):
 def new generation   total 5831424K, used 551633K [0x00007f9500600000, 0x00007f968bd70000, 0x00007f9a55b50000)
  eden space 5183552K,   0% used [0x00007f9500600000, 0x00007f9500600000, 0x00007f963cc10000)
  from space 647872K,  85% used [0x00007f96644c0000, 0x00007f9685f74708, 0x00007f968bd70000)
  to   space 647872K,   0% used [0x00007f963cc10000, 0x00007f963cc10000, 0x00007f96644c0000)
 tenured generation   total 12958552K, used 12518950K [0x00007f9a55b50000, 0x00007f9d6ca26000, 0x00007fa500600000)
   the space 12958552K,  96% used [0x00007f9a55b50000, 0x00007f9d51cd9b10, 0x00007f9d51cd9c00, 0x00007f9d6ca26000)
 Metaspace       used 30821K, capacity 31248K, committed 31488K, reserved 32768K
}
Event: 621.034 GC heap before
{Heap before GC invocations=80 (full 6):
 def new generation   total 5831424K, used 5735185K [0x00007f9500600000, 0x00007f968bd70000, 0x00007f9a55b50000)
  eden space 5183552K, 100% used [0x00007f9500600000, 0x00007f963cc10000, 0x00007f963cc10000)
  from space 647872K,  85% used [0x00007f96644c0000, 0x00007f9685f74708, 0x00007f968bd70000)
  to   space 647872K,   0% used [0x00007f963cc10000, 0x00007f963cc10000, 0x00007f96644c0000)
 tenured generation   total 12958552K, used 12518950K [0x00007f9a55b50000, 0x00007f9d6ca26000, 0x00007fa500600000)
   the space 12958552K,  96% used [0x00007f9a55b50000, 0x00007f9d51cd9b10, 0x00007f9d51cd9c00, 0x00007f9d6ca26000)
 Metaspace       used 30821K, capacity 31248K, committed 31488K, reserved 32768K
}
Event: 622.633 GC heap after
{Heap after GC invocations=81 (full 6):
 def new generation   total 5831424K, used 561778K [0x00007f9500600000, 0x00007f968bd70000, 0x00007f9a55b50000)
  eden space 5183552K,   0% used [0x00007f9500600000, 0x00007f9500600000, 0x00007f963cc10000)
  from space 647872K,  86% used [0x00007f963cc10000, 0x00007f965f0ac9a8, 0x00007f96644c0000)
  to   space 647872K,   0% used [0x00007f96644c0000, 0x00007f96644c0000, 0x00007f968bd70000)
 tenured generation   total 13070680K, used 13070584K [0x00007f9a55b50000, 0x00007f9d737a6000, 0x00007fa500600000)
   the space 13070680K,  99% used [0x00007f9a55b50000, 0x00007f9d7378e098, 0x00007f9d7378e200, 0x00007f9d737a6000)
 Metaspace       used 30821K, capacity 31248K, committed 31488K, reserved 32768K
}
Event: 622.633 GC heap before
{Heap before GC invocations=81 (full 6):
 def new generation   total 5831424K, used 561778K [0x00007f9500600000, 0x00007f968bd70000, 0x00007f9a55b50000)
  eden space 5183552K,   0% used [0x00007f9500600000, 0x00007f9500600000, 0x00007f963cc10000)
  from space 647872K,  86% used [0x00007f963cc10000, 0x00007f965f0ac9a8, 0x00007f96644c0000)
  to   space 647872K,   0% used [0x00007f96644c0000, 0x00007f96644c0000, 0x00007f968bd70000)
 tenured generation   total 13070680K, used 13070584K [0x00007f9a55b50000, 0x00007f9d737a6000, 0x00007fa500600000)
   the space 13070680K,  99% used [0x00007f9a55b50000, 0x00007f9d7378e098, 0x00007f9d7378e200, 0x00007f9d737a6000)
 Metaspace       used 30821K, capacity 31248K, committed 31488K, reserved 32768K
}

