# JRE version: OpenJDK Runtime Environment (13.0.7+5) (build 13.0.7+5-Ubuntu-0ubuntu120.04)
# Java VM: OpenJDK 64-Bit Server VM (13.0.7+5-Ubuntu-0ubuntu120.04, mixed mode, tiered, serial gc, linux-amd64)
Heap:
 def new generation   total 629248K, used 0K [0x00007fa1c8600000, 0x00007fa1f30c0000, 0x00007fa71db50000)
  eden space 559360K,   0% used [0x00007fa1c8600000, 0x00007fa1c8600000, 0x00007fa1ea840000)
  from space 69888K,   0% used [0x00007fa1eec80000, 0x00007fa1eec80000, 0x00007fa1f30c0000)
  to   space 69888K,   0% used [0x00007fa1ea840000, 0x00007fa1ea840000, 0x00007fa1eec80000)
 tenured generation   total 9786756K, used 1064282K [0x00007fa71db50000, 0x00007fa9730b1000, 0x00007fb1c8600000)
   the space 9786756K,  10% used [0x00007fa71db50000, 0x00007fa75eaa69a8, 0x00007fa75eaa6a00, 0x00007fa9730b1000)
 Metaspace       used 23246K, capacity 23613K, committed 23808K, reserved 24576K
GC Heap History (20 events):
Event: 3.545 GC heap after
{Heap after GC invocations=2 (full 1):
 def new generation   total 629248K, used 683K [0x00007fa1c8600000, 0x00007fa1f30c0000, 0x00007fa71db50000)
  eden space 559360K,   0% used [0x00007fa1c8600000, 0x00007fa1c8600000, 0x00007fa1ea840000)
  from space 69888K,   0% used [0x00007fa1eec80000, 0x00007fa1eed2ad38, 0x00007fa1f30c0000)
  to   space 69888K,   0% used [0x00007fa1ea840000, 0x00007fa1ea840000, 0x00007fa1eec80000)
 tenured generation   total 1398144K, used 13602K [0x00007fa71db50000, 0x00007fa7730b0000, 0x00007fb1c8600000)
   the space 1398144K,   0% used [0x00007fa71db50000, 0x00007fa71e898a70, 0x00007fa71e898c00, 0x00007fa7730b0000)
 Metaspace       used 22981K, capacity 23383K, committed 23552K, reserved 24576K
}
Event: 4.634 GC heap before
{Heap before GC invocations=2 (full 1):
 def new generation   total 629248K, used 560043K [0x00007fa1c8600000, 0x00007fa1f30c0000, 0x00007fa71db50000)
  eden space 559360K, 100% used [0x00007fa1c8600000, 0x00007fa1ea840000, 0x00007fa1ea840000)
  from space 69888K,   0% used [0x00007fa1eec80000, 0x00007fa1eed2ad38, 0x00007fa1f30c0000)
  to   space 69888K,   0% used [0x00007fa1ea840000, 0x00007fa1ea840000, 0x00007fa1eec80000)
 tenured generation   total 1398144K, used 13602K [0x00007fa71db50000, 0x00007fa7730b0000, 0x00007fb1c8600000)
   the space 1398144K,   0% used [0x00007fa71db50000, 0x00007fa71e898a70, 0x00007fa71e898c00, 0x00007fa7730b0000)
 Metaspace       used 23001K, capacity 23384K, committed 23552K, reserved 24576K
}
Event: 4.637 GC heap after
{Heap after GC invocations=3 (full 1):
 def new generation   total 629248K, used 868K [0x00007fa1c8600000, 0x00007fa1f30c0000, 0x00007fa71db50000)
  eden space 559360K,   0% used [0x00007fa1c8600000, 0x00007fa1c8600000, 0x00007fa1ea840000)
  from space 69888K,   1% used [0x00007fa1ea840000, 0x00007fa1ea919218, 0x00007fa1eec80000)
  to   space 69888K,   0% used [0x00007fa1eec80000, 0x00007fa1eec80000, 0x00007fa1f30c0000)
 tenured generation   total 1398144K, used 13602K [0x00007fa71db50000, 0x00007fa7730b0000, 0x00007fb1c8600000)
   the space 1398144K,   0% used [0x00007fa71db50000, 0x00007fa71e898a70, 0x00007fa71e898c00, 0x00007fa7730b0000)
 Metaspace       used 23001K, capacity 23384K, committed 23552K, reserved 24576K
}
Event: 5.535 GC heap before
{Heap before GC invocations=3 (full 1):
 def new generation   total 629248K, used 559309K [0x00007fa1c8600000, 0x00007fa1f30c0000, 0x00007fa71db50000)
  eden space 559360K,  99% used [0x00007fa1c8600000, 0x00007fa1ea75a558, 0x00007fa1ea840000)
  from space 69888K,   1% used [0x00007fa1ea840000, 0x00007fa1ea919218, 0x00007fa1eec80000)
  to   space 69888K,   0% used [0x00007fa1eec80000, 0x00007fa1eec80000, 0x00007fa1f30c0000)
 tenured generation   total 1398144K, used 13602K [0x00007fa71db50000, 0x00007fa7730b0000, 0x00007fb1c8600000)
   the space 1398144K,   0% used [0x00007fa71db50000, 0x00007fa71e898a70, 0x00007fa71e898c00, 0x00007fa7730b0000)
 Metaspace       used 23179K, capacity 23525K, committed 23552K, reserved 24576K
}
Event: 5.682 GC heap after
{Heap after GC invocations=4 (full 1):
 def new generation   total 629248K, used 1282K [0x00007fa1c8600000, 0x00007fa1f30c0000, 0x00007fa71db50000)
  eden space 559360K,   0% used [0x00007fa1c8600000, 0x00007fa1c8600000, 0x00007fa1ea840000)
  from space 69888K,   1% used [0x00007fa1eec80000, 0x00007fa1eedc0bc8, 0x00007fa1f30c0000)
  to   space 69888K,   0% used [0x00007fa1ea840000, 0x00007fa1ea840000, 0x00007fa1eec80000)
 tenured generation   total 1398144K, used 144674K [0x00007fa71db50000, 0x00007fa7730b0000, 0x00007fb1c8600000)
   the space 1398144K,  10% used [0x00007fa71db50000, 0x00007fa726898a88, 0x00007fa726898c00, 0x00007fa7730b0000)
 Metaspace       used 23179K, capacity 23525K, committed 23552K, reserved 24576K
}
Event: 5.828 GC heap before
{Heap before GC invocations=4 (full 1):
 def new generation   total 629248K, used 145683K [0x00007fa1c8600000, 0x00007fa1f30c0000, 0x00007fa71db50000)
  eden space 559360K,  25% used [0x00007fa1c8600000, 0x00007fa1d13040b0, 0x00007fa1ea840000)
  from space 69888K,   1% used [0x00007fa1eec80000, 0x00007fa1eedc0bc8, 0x00007fa1f30c0000)
  to   space 69888K,   0% used [0x00007fa1ea840000, 0x00007fa1ea840000, 0x00007fa1eec80000)
 tenured generation   total 1398144K, used 144674K [0x00007fa71db50000, 0x00007fa7730b0000, 0x00007fb1c8600000)
   the space 1398144K,  10% used [0x00007fa71db50000, 0x00007fa726898a88, 0x00007fa726898c00, 0x00007fa7730b0000)
 Metaspace       used 23181K, capacity 23525K, committed 23552K, reserved 24576K
}
Event: 5.831 GC heap after
{Heap after GC invocations=5 (full 1):
 def new generation   total 629248K, used 1153K [0x00007fa1c8600000, 0x00007fa1f30c0000, 0x00007fa71db50000)
  eden space 559360K,   0% used [0x00007fa1c8600000, 0x00007fa1c8600000, 0x00007fa1ea840000)
  from space 69888K,   1% used [0x00007fa1ea840000, 0x00007fa1ea9606d8, 0x00007fa1eec80000)
  to   space 69888K,   0% used [0x00007fa1eec80000, 0x00007fa1eec80000, 0x00007fa1f30c0000)
 tenured generation   total 1398144K, used 144674K [0x00007fa71db50000, 0x00007fa7730b0000, 0x00007fb1c8600000)
   the space 1398144K,  10% used [0x00007fa71db50000, 0x00007fa726898a88, 0x00007fa726898c00, 0x00007fa7730b0000)
 Metaspace       used 23181K, capacity 23525K, committed 23552K, reserved 24576K
}
Event: 5.831 GC heap before
{Heap before GC invocations=5 (full 1):
 def new generation   total 629248K, used 1153K [0x00007fa1c8600000, 0x00007fa1f30c0000, 0x00007fa71db50000)
  eden space 559360K,   0% used [0x00007fa1c8600000, 0x00007fa1c8600000, 0x00007fa1ea840000)
  from space 69888K,   1% used [0x00007fa1ea840000, 0x00007fa1ea9606d8, 0x00007fa1eec80000)
  to   space 69888K,   0% used [0x00007fa1eec80000, 0x00007fa1eec80000, 0x00007fa1f30c0000)
 tenured generation   total 1398144K, used 144674K [0x00007fa71db50000, 0x00007fa7730b0000, 0x00007fb1c8600000)
   the space 1398144K,  10% used [0x00007fa71db50000, 0x00007fa726898a88, 0x00007fa726898c00, 0x00007fa7730b0000)
 Metaspace       used 23181K, capacity 23525K, committed 23552K, reserved 24576K
}
Event: 5.882 GC heap after
{Heap after GC invocations=5 (full 2):
 def new generation   total 629248K, used 0K [0x00007fa1c8600000, 0x00007fa1f30c0000, 0x00007fa71db50000)
  eden space 559360K,   0% used [0x00007fa1c8600000, 0x00007fa1c8600000, 0x00007fa1ea840000)
  from space 69888K,   0% used [0x00007fa1ea840000, 0x00007fa1ea840000, 0x00007fa1eec80000)
  to   space 69888K,   0% used [0x00007fa1eec80000, 0x00007fa1eec80000, 0x00007fa1f30c0000)
 tenured generation   total 1398144K, used 14746K [0x00007fa71db50000, 0x00007fa7730b0000, 0x00007fb1c8600000)
   the space 1398144K,   1% used [0x00007fa71db50000, 0x00007fa71e9b6bb0, 0x00007fa71e9b6c00, 0x00007fa7730b0000)
 Metaspace       used 23181K, capacity 23525K, committed 23552K, reserved 24576K
}
Event: 12.833 GC heap before
{Heap before GC invocations=5 (full 2):
 def new generation   total 629248K, used 559360K [0x00007fa1c8600000, 0x00007fa1f30c0000, 0x00007fa71db50000)
  eden space 559360K, 100% used [0x00007fa1c8600000, 0x00007fa1ea840000, 0x00007fa1ea840000)
  from space 69888K,   0% used [0x00007fa1ea840000, 0x00007fa1ea840000, 0x00007fa1eec80000)
  to   space 69888K,   0% used [0x00007fa1eec80000, 0x00007fa1eec80000, 0x00007fa1f30c0000)
 tenured generation   total 9786756K, used 8403354K [0x00007fa71db50000, 0x00007fa9730b1000, 0x00007fb1c8600000)
   the space 9786756K,  85% used [0x00007fa71db50000, 0x00007fa91e9b6bc8, 0x00007fa91e9b6c00, 0x00007fa9730b1000)
 Metaspace       used 23222K, capacity 23592K, committed 23808K, reserved 24576K
}
Event: 12.840 GC heap after
{Heap after GC invocations=6 (full 2):
 def new generation   total 629248K, used 654K [0x00007fa1c8600000, 0x00007fa1f30c0000, 0x00007fa71db50000)
  eden space 559360K,   0% used [0x00007fa1c8600000, 0x00007fa1c8600000, 0x00007fa1ea840000)
  from space 69888K,   0% used [0x00007fa1eec80000, 0x00007fa1eed23870, 0x00007fa1f30c0000)
  to   space 69888K,   0% used [0x00007fa1ea840000, 0x00007fa1ea840000, 0x00007fa1eec80000)
 tenured generation   total 9786756K, used 8403354K [0x00007fa71db50000, 0x00007fa9730b1000, 0x00007fb1c8600000)
   the space 9786756K,  85% used [0x00007fa71db50000, 0x00007fa91e9b6bc8, 0x00007fa91e9b6c00, 0x00007fa9730b1000)
 Metaspace       used 23222K, capacity 23592K, committed 23808K, reserved 24576K
}
Event: 13.664 GC heap before
{Heap before GC invocations=6 (full 2):
 def new generation   total 629248K, used 560014K [0x00007fa1c8600000, 0x00007fa1f30c0000, 0x00007fa71db50000)
  eden space 559360K, 100% used [0x00007fa1c8600000, 0x00007fa1ea840000, 0x00007fa1ea840000)
  from space 69888K,   0% used [0x00007fa1eec80000, 0x00007fa1eed23870, 0x00007fa1f30c0000)
  to   space 69888K,   0% used [0x00007fa1ea840000, 0x00007fa1ea840000, 0x00007fa1eec80000)
 tenured generation   total 9786756K, used 8403354K [0x00007fa71db50000, 0x00007fa9730b1000, 0x00007fb1c8600000)
   the space 9786756K,  85% used [0x00007fa71db50000, 0x00007fa91e9b6bc8, 0x00007fa91e9b6c00, 0x00007fa9730b1000)
 Metaspace       used 23235K, capacity 23607K, committed 23808K, reserved 24576K
}
Event: 13.671 GC heap after
{Heap after GC invocations=7 (full 2):
 def new generation   total 629248K, used 662K [0x00007fa1c8600000, 0x00007fa1f30c0000, 0x00007fa71db50000)
  eden space 559360K,   0% used [0x00007fa1c8600000, 0x00007fa1c8600000, 0x00007fa1ea840000)
  from space 69888K,   0% used [0x00007fa1ea840000, 0x00007fa1ea8e5b38, 0x00007fa1eec80000)
  to   space 69888K,   0% used [0x00007fa1eec80000, 0x00007fa1eec80000, 0x00007fa1f30c0000)
 tenured generation   total 9786756K, used 8403354K [0x00007fa71db50000, 0x00007fa9730b1000, 0x00007fb1c8600000)
   the space 9786756K,  85% used [0x00007fa71db50000, 0x00007fa91e9b6bc8, 0x00007fa91e9b6c00, 0x00007fa9730b1000)
 Metaspace       used 23235K, capacity 23607K, committed 23808K, reserved 24576K
}
Event: 14.031 GC heap before
{Heap before GC invocations=7 (full 2):
 def new generation   total 629248K, used 560022K [0x00007fa1c8600000, 0x00007fa1f30c0000, 0x00007fa71db50000)
  eden space 559360K, 100% used [0x00007fa1c8600000, 0x00007fa1ea840000, 0x00007fa1ea840000)
  from space 69888K,   0% used [0x00007fa1ea840000, 0x00007fa1ea8e5b38, 0x00007fa1eec80000)
  to   space 69888K,   0% used [0x00007fa1eec80000, 0x00007fa1eec80000, 0x00007fa1f30c0000)
 tenured generation   total 9786756K, used 8403354K [0x00007fa71db50000, 0x00007fa9730b1000, 0x00007fb1c8600000)
   the space 9786756K,  85% used [0x00007fa71db50000, 0x00007fa91e9b6bc8, 0x00007fa91e9b6c00, 0x00007fa9730b1000)
 Metaspace       used 23235K, capacity 23607K, committed 23808K, reserved 24576K
}
Event: 14.037 GC heap after
{Heap after GC invocations=8 (full 2):
 def new generation   total 629248K, used 843K [0x00007fa1c8600000, 0x00007fa1f30c0000, 0x00007fa71db50000)
  eden space 559360K,   0% used [0x00007fa1c8600000, 0x00007fa1c8600000, 0x00007fa1ea840000)
  from space 69888K,   1% used [0x00007fa1eec80000, 0x00007fa1eed52f00, 0x00007fa1f30c0000)
  to   space 69888K,   0% used [0x00007fa1ea840000, 0x00007fa1ea840000, 0x00007fa1eec80000)
 tenured generation   total 9786756K, used 8403354K [0x00007fa71db50000, 0x00007fa9730b1000, 0x00007fb1c8600000)
   the space 9786756K,  85% used [0x00007fa71db50000, 0x00007fa91e9b6bc8, 0x00007fa91e9b6c00, 0x00007fa9730b1000)
 Metaspace       used 23235K, capacity 23607K, committed 23808K, reserved 24576K
}
Event: 14.336 GC heap before
{Heap before GC invocations=8 (full 2):
 def new generation   total 629248K, used 374654K [0x00007fa1c8600000, 0x00007fa1f30c0000, 0x00007fa71db50000)
  eden space 559360K,  66% used [0x00007fa1c8600000, 0x00007fa1df30cbc0, 0x00007fa1ea840000)
  from space 69888K,   1% used [0x00007fa1eec80000, 0x00007fa1eed52f00, 0x00007fa1f30c0000)
  to   space 69888K,   0% used [0x00007fa1ea840000, 0x00007fa1ea840000, 0x00007fa1eec80000)
 tenured generation   total 9786756K, used 8403354K [0x00007fa71db50000, 0x00007fa9730b1000, 0x00007fb1c8600000)
   the space 9786756K,  85% used [0x00007fa71db50000, 0x00007fa91e9b6bc8, 0x00007fa91e9b6c00, 0x00007fa9730b1000)
 Metaspace       used 23246K, capacity 23613K, committed 23808K, reserved 24576K
}
Event: 14.872 GC heap after
{Heap after GC invocations=9 (full 2):
 def new generation   total 629248K, used 959K [0x00007fa1c8600000, 0x00007fa1f30c0000, 0x00007fa71db50000)
  eden space 559360K,   0% used [0x00007fa1c8600000, 0x00007fa1c8600000, 0x00007fa1ea840000)
  from space 69888K,   1% used [0x00007fa1ea840000, 0x00007fa1ea92fe70, 0x00007fa1eec80000)
  to   space 69888K,   0% used [0x00007fa1eec80000, 0x00007fa1eec80000, 0x00007fa1f30c0000)
 tenured generation   total 9786756K, used 8665498K [0x00007fa71db50000, 0x00007fa9730b1000, 0x00007fb1c8600000)
   the space 9786756K,  88% used [0x00007fa71db50000, 0x00007fa92e9b6be0, 0x00007fa92e9b6c00, 0x00007fa9730b1000)
 Metaspace       used 23246K, capacity 23613K, committed 23808K, reserved 24576K
}
Event: 16.801 GC heap before
{Heap before GC invocations=9 (full 2):
 def new generation   total 629248K, used 274131K [0x00007fa1c8600000, 0x00007fa1f30c0000, 0x00007fa71db50000)
  eden space 559360K,  48% used [0x00007fa1c8600000, 0x00007fa1d90c4e70, 0x00007fa1ea840000)
  from space 69888K,   1% used [0x00007fa1ea840000, 0x00007fa1ea92fe70, 0x00007fa1eec80000)
  to   space 69888K,   0% used [0x00007fa1eec80000, 0x00007fa1eec80000, 0x00007fa1f30c0000)
 tenured generation   total 9786756K, used 9714074K [0x00007fa71db50000, 0x00007fa9730b1000, 0x00007fb1c8600000)
   the space 9786756K,  99% used [0x00007fa71db50000, 0x00007fa96e9b6bf8, 0x00007fa96e9b6c00, 0x00007fa9730b1000)
 Metaspace       used 23246K, capacity 23613K, committed 23808K, reserved 24576K
}
Event: 16.808 GC heap after
{Heap after GC invocations=10 (full 2):
 def new generation   total 629248K, used 959K [0x00007fa1c8600000, 0x00007fa1f30c0000, 0x00007fa71db50000)
  eden space 559360K,   0% used [0x00007fa1c8600000, 0x00007fa1c8600000, 0x00007fa1ea840000)
  from space 69888K,   1% used [0x00007fa1eec80000, 0x00007fa1eed6fde0, 0x00007fa1f30c0000)
  to   space 69888K,   0% used [0x00007fa1ea840000, 0x00007fa1ea840000, 0x00007fa1eec80000)
 tenured generation   total 9786756K, used 9714074K [0x00007fa71db50000, 0x00007fa9730b1000, 0x00007fb1c8600000)
   the space 9786756K,  99% used [0x00007fa71db50000, 0x00007fa96e9b6bf8, 0x00007fa96e9b6c00, 0x00007fa9730b1000)
 Metaspace       used 23246K, capacity 23613K, committed 23808K, reserved 24576K
}
Event: 16.808 GC heap before
{Heap before GC invocations=10 (full 2):
 def new generation   total 629248K, used 959K [0x00007fa1c8600000, 0x00007fa1f30c0000, 0x00007fa71db50000)
  eden space 559360K,   0% used [0x00007fa1c8600000, 0x00007fa1c8600000, 0x00007fa1ea840000)
  from space 69888K,   1% used [0x00007fa1eec80000, 0x00007fa1eed6fde0, 0x00007fa1f30c0000)
  to   space 69888K,   0% used [0x00007fa1ea840000, 0x00007fa1ea840000, 0x00007fa1eec80000)
 tenured generation   total 9786756K, used 9714074K [0x00007fa71db50000, 0x00007fa9730b1000, 0x00007fb1c8600000)
   the space 9786756K,  99% used [0x00007fa71db50000, 0x00007fa96e9b6bf8, 0x00007fa96e9b6c00, 0x00007fa9730b1000)
 Metaspace       used 23246K, capacity 23613K, committed 23808K, reserved 24576K
}

