# JRE version: OpenJDK Runtime Environment (13.0.7+5) (build 13.0.7+5-Ubuntu-0ubuntu120.04)
# Java VM: OpenJDK 64-Bit Server VM (13.0.7+5-Ubuntu-0ubuntu120.04, mixed mode, tiered, serial gc, linux-amd64)
Heap:
 def new generation   total 3608320K, used 0K [0x00007f91c0600000, 0x00007f92b5140000, 0x00007f9715b50000)
  eden space 3207424K,   0% used [0x00007f91c0600000, 0x00007f91c0600000, 0x00007f9284240000)
  from space 400896K,   0% used [0x00007f9284240000, 0x00007f9284240000, 0x00007f929c9c0000)
  to   space 400896K,   0% used [0x00007f929c9c0000, 0x00007f929c9c0000, 0x00007f92b5140000)
 tenured generation   total 8018352K, used 9619K [0x00007f9715b50000, 0x00007f98ff1bc000, 0x00007fa1c0600000)
   the space 8018352K,   0% used [0x00007f9715b50000, 0x00007f97164b4d80, 0x00007f97164b4e00, 0x00007f98ff1bc000)
 Metaspace       used 23258K, capacity 23682K, committed 23808K, reserved 24576K
GC Heap History (20 events):
Event: 14.052 GC heap before
{Heap before GC invocations=5 (full 2):
 def new generation   total 797632K, used 0K [0x00007f91c0600000, 0x00007f91f6770000, 0x00007f9715b50000)
  eden space 709056K,   0% used [0x00007f91c0600000, 0x00007f91c0600000, 0x00007f91eba70000)
  from space 88576K,   0% used [0x00007f91f10f0000, 0x00007f91f10f0278, 0x00007f91f6770000)
  to   space 88576K,   0% used [0x00007f91eba70000, 0x00007f91eba70000, 0x00007f91f10f0000)
 tenured generation   total 2820904K, used 2111970K [0x00007f9715b50000, 0x00007f97c1e1a000, 0x00007fa1c0600000)
   the space 2820904K,  74% used [0x00007f9715b50000, 0x00007f97969c88f0, 0x00007f97969c8a00, 0x00007f97c1e1a000)
 Metaspace       used 23230K, capacity 23605K, committed 23808K, reserved 24576K
}
Event: 14.080 GC heap after
{Heap after GC invocations=5 (full 3):
 def new generation   total 1584000K, used 0K [0x00007f91c0600000, 0x00007f922bcc0000, 0x00007f9715b50000)
  eden space 1408000K,   0% used [0x00007f91c0600000, 0x00007f91c0600000, 0x00007f9216500000)
  from space 176000K,   0% used [0x00007f9216500000, 0x00007f9216500000, 0x00007f92210e0000)
  to   space 176000K,   0% used [0x00007f92210e0000, 0x00007f92210e0000, 0x00007f922bcc0000)
 tenured generation   total 3519952K, used 2111970K [0x00007f9715b50000, 0x00007f97ec8c4000, 0x00007fa1c0600000)
   the space 3519952K,  59% used [0x00007f9715b50000, 0x00007f97969c8b68, 0x00007f97969c8c00, 0x00007f97ec8c4000)
 Metaspace       used 23230K, capacity 23605K, committed 23808K, reserved 24576K
}
Event: 21.960 GC heap before
{Heap before GC invocations=5 (full 3):
 def new generation   total 1584000K, used 27810K [0x00007f91c0600000, 0x00007f922bcc0000, 0x00007f9715b50000)
  eden space 1408000K,   1% used [0x00007f91c0600000, 0x00007f91c21288e0, 0x00007f9216500000)
  from space 176000K,   0% used [0x00007f9216500000, 0x00007f9216500000, 0x00007f92210e0000)
  to   space 176000K,   0% used [0x00007f92210e0000, 0x00007f92210e0000, 0x00007f922bcc0000)
 tenured generation   total 7714260K, used 6306274K [0x00007f9715b50000, 0x00007f98ec8c5000, 0x00007fa1c0600000)
   the space 7714260K,  81% used [0x00007f9715b50000, 0x00007f98969c8b80, 0x00007f98969c8c00, 0x00007f98ec8c5000)
 Metaspace       used 23230K, capacity 23605K, committed 23808K, reserved 24576K
}
Event: 21.972 GC heap after
{Heap after GC invocations=6 (full 3):
 def new generation   total 1584000K, used 0K [0x00007f91c0600000, 0x00007f922bcc0000, 0x00007f9715b50000)
  eden space 1408000K,   0% used [0x00007f91c0600000, 0x00007f91c0600000, 0x00007f9216500000)
  from space 176000K,   0% used [0x00007f92210e0000, 0x00007f92210e0160, 0x00007f922bcc0000)
  to   space 176000K,   0% used [0x00007f9216500000, 0x00007f9216500000, 0x00007f92210e0000)
 tenured generation   total 7714260K, used 6306274K [0x00007f9715b50000, 0x00007f98ec8c5000, 0x00007fa1c0600000)
   the space 7714260K,  81% used [0x00007f9715b50000, 0x00007f98969c8b80, 0x00007f98969c8c00, 0x00007f98ec8c5000)
 Metaspace       used 23230K, capacity 23605K, committed 23808K, reserved 24576K
}
Event: 21.972 GC heap before
{Heap before GC invocations=6 (full 3):
 def new generation   total 1584000K, used 0K [0x00007f91c0600000, 0x00007f922bcc0000, 0x00007f9715b50000)
  eden space 1408000K,   0% used [0x00007f91c0600000, 0x00007f91c0600000, 0x00007f9216500000)
  from space 176000K,   0% used [0x00007f92210e0000, 0x00007f92210e0160, 0x00007f922bcc0000)
  to   space 176000K,   0% used [0x00007f9216500000, 0x00007f9216500000, 0x00007f92210e0000)
 tenured generation   total 7714260K, used 6306274K [0x00007f9715b50000, 0x00007f98ec8c5000, 0x00007fa1c0600000)
   the space 7714260K,  81% used [0x00007f9715b50000, 0x00007f98969c8b80, 0x00007f98969c8c00, 0x00007f98ec8c5000)
 Metaspace       used 23230K, capacity 23605K, committed 23808K, reserved 24576K
}
Event: 24.339 GC heap after
{Heap after GC invocations=6 (full 4):
 def new generation   total 3939328K, used 0K [0x00007f91c0600000, 0x00007f92cb870000, 0x00007f9715b50000)
  eden space 3501632K,   0% used [0x00007f91c0600000, 0x00007f91c0600000, 0x00007f9296190000)
  from space 437696K,   0% used [0x00007f9296190000, 0x00007f9296190000, 0x00007f92b0d00000)
  to   space 437696K,   0% used [0x00007f92b0d00000, 0x00007f92b0d00000, 0x00007f92cb870000)
 tenured generation   total 8753928K, used 5252354K [0x00007f9715b50000, 0x00007f992c012000, 0x00007fa1c0600000)
   the space 8753928K,  59% used [0x00007f9715b50000, 0x00007f98564909c0, 0x00007f9856490a00, 0x00007f992c012000)
 Metaspace       used 23230K, capacity 23605K, committed 23808K, reserved 24576K
}
Event: 26.793 GC heap before
{Heap before GC invocations=6 (full 4):
 def new generation   total 3939328K, used 2166314K [0x00007f91c0600000, 0x00007f92cb870000, 0x00007f9715b50000)
  eden space 3501632K,  61% used [0x00007f91c0600000, 0x00007f924498aae8, 0x00007f9296190000)
  from space 437696K,   0% used [0x00007f9296190000, 0x00007f9296190000, 0x00007f92b0d00000)
  to   space 437696K,   0% used [0x00007f92b0d00000, 0x00007f92b0d00000, 0x00007f92cb870000)
 tenured generation   total 8753928K, used 5252354K [0x00007f9715b50000, 0x00007f992c012000, 0x00007fa1c0600000)
   the space 8753928K,  59% used [0x00007f9715b50000, 0x00007f98564909c0, 0x00007f9856490a00, 0x00007f992c012000)
 Metaspace       used 23230K, capacity 23605K, committed 23808K, reserved 24576K
}
Event: 27.783 GC heap after
{Heap after GC invocations=7 (full 4):
 def new generation   total 3939328K, used 0K [0x00007f91c0600000, 0x00007f92cb870000, 0x00007f9715b50000)
  eden space 3501632K,   0% used [0x00007f91c0600000, 0x00007f91c0600000, 0x00007f9296190000)
  from space 437696K,   0% used [0x00007f92b0d00000, 0x00007f92b0d00128, 0x00007f92cb870000)
  to   space 437696K,   0% used [0x00007f9296190000, 0x00007f9296190000, 0x00007f92b0d00000)
 tenured generation   total 8753928K, used 7349506K [0x00007f9715b50000, 0x00007f992c012000, 0x00007fa1c0600000)
   the space 8753928K,  83% used [0x00007f9715b50000, 0x00007f98d64909d8, 0x00007f98d6490a00, 0x00007f992c012000)
 Metaspace       used 23230K, capacity 23605K, committed 23808K, reserved 24576K
}
Event: 33.017 GC heap before
{Heap before GC invocations=7 (full 4):
 def new generation   total 3939328K, used 3435092K [0x00007f91c0600000, 0x00007f92cb870000, 0x00007f9715b50000)
  eden space 3501632K,  98% used [0x00007f91c0600000, 0x00007f9292095040, 0x00007f9296190000)
  from space 437696K,   0% used [0x00007f92b0d00000, 0x00007f92b0d00128, 0x00007f92cb870000)
  to   space 437696K,   0% used [0x00007f9296190000, 0x00007f9296190000, 0x00007f92b0d00000)
 tenured generation   total 8753928K, used 7349506K [0x00007f9715b50000, 0x00007f992c012000, 0x00007fa1c0600000)
   the space 8753928K,  83% used [0x00007f9715b50000, 0x00007f98d64909d8, 0x00007f98d6490a00, 0x00007f992c012000)
 Metaspace       used 23253K, capacity 23682K, committed 23808K, reserved 24576K
}
Event: 33.090 GC heap after
{Heap after GC invocations=8 (full 4):
 def new generation   total 3939328K, used 66408K [0x00007f91c0600000, 0x00007f92cb870000, 0x00007f9715b50000)
  eden space 3501632K,   0% used [0x00007f91c0600000, 0x00007f91c0600000, 0x00007f9296190000)
  from space 437696K,  15% used [0x00007f9296190000, 0x00007f929a26a2a0, 0x00007f92b0d00000)
  to   space 437696K,   0% used [0x00007f92b0d00000, 0x00007f92b0d00000, 0x00007f92cb870000)
 tenured generation   total 8753928K, used 7349506K [0x00007f9715b50000, 0x00007f992c012000, 0x00007fa1c0600000)
   the space 8753928K,  83% used [0x00007f9715b50000, 0x00007f98d64909d8, 0x00007f98d6490a00, 0x00007f992c012000)
 Metaspace       used 23253K, capacity 23682K, committed 23808K, reserved 24576K
}
Event: 35.659 GC heap before
{Heap before GC invocations=8 (full 4):
 def new generation   total 3939328K, used 3431644K [0x00007f91c0600000, 0x00007f92cb870000, 0x00007f9715b50000)
  eden space 3501632K,  96% used [0x00007f91c0600000, 0x00007f928dc5cdc8, 0x00007f9296190000)
  from space 437696K,  15% used [0x00007f9296190000, 0x00007f929a26a2a0, 0x00007f92b0d00000)
  to   space 437696K,   0% used [0x00007f92b0d00000, 0x00007f92b0d00000, 0x00007f92cb870000)
 tenured generation   total 8753928K, used 7349506K [0x00007f9715b50000, 0x00007f992c012000, 0x00007fa1c0600000)
   the space 8753928K,  83% used [0x00007f9715b50000, 0x00007f98d64909d8, 0x00007f98d6490a00, 0x00007f992c012000)
 Metaspace       used 23257K, capacity 23682K, committed 23808K, reserved 24576K
}
Event: 37.610 GC heap after
{Heap after GC invocations=9 (full 4):
 def new generation   total 3939328K, used 263019K [0x00007f91c0600000, 0x00007f92cb870000, 0x00007f9715b50000)
  eden space 3501632K,   0% used [0x00007f91c0600000, 0x00007f91c0600000, 0x00007f9296190000)
  from space 437696K,  60% used [0x00007f92b0d00000, 0x00007f92c0ddae58, 0x00007f92cb870000)
  to   space 437696K,   0% used [0x00007f9296190000, 0x00007f9296190000, 0x00007f92b0d00000)
 tenured generation   total 8753928K, used 7349506K [0x00007f9715b50000, 0x00007f992c012000, 0x00007fa1c0600000)
   the space 8753928K,  83% used [0x00007f9715b50000, 0x00007f98d64909d8, 0x00007f98d6490a00, 0x00007f992c012000)
 Metaspace       used 23257K, capacity 23682K, committed 23808K, reserved 24576K
}
Event: 39.790 GC heap before
{Heap before GC invocations=9 (full 4):
 def new generation   total 3939328K, used 3464971K [0x00007f91c0600000, 0x00007f92cb870000, 0x00007f9715b50000)
  eden space 3501632K,  91% used [0x00007f91c0600000, 0x00007f9283ce7f40, 0x00007f9296190000)
  from space 437696K,  60% used [0x00007f92b0d00000, 0x00007f92c0ddae58, 0x00007f92cb870000)
  to   space 437696K,   0% used [0x00007f9296190000, 0x00007f9296190000, 0x00007f92b0d00000)
 tenured generation   total 8753928K, used 7349506K [0x00007f9715b50000, 0x00007f992c012000, 0x00007fa1c0600000)
   the space 8753928K,  83% used [0x00007f9715b50000, 0x00007f98d64909d8, 0x00007f98d6490a00, 0x00007f992c012000)
 Metaspace       used 23258K, capacity 23682K, committed 23808K, reserved 24576K
}
Event: 40.323 GC heap after
{Heap after GC invocations=10 (full 4):
 def new generation   total 3939328K, used 100K [0x00007f91c0600000, 0x00007f92cb870000, 0x00007f9715b50000)
  eden space 3501632K,   0% used [0x00007f91c0600000, 0x00007f91c0600000, 0x00007f9296190000)
  from space 437696K,   0% used [0x00007f9296190000, 0x00007f92961a9090, 0x00007f92b0d00000)
  to   space 437696K,   0% used [0x00007f92b0d00000, 0x00007f92b0d00000, 0x00007f92cb870000)
 tenured generation   total 10851084K, used 9447477K [0x00007f9715b50000, 0x00007f99ac013000, 0x00007fa1c0600000)
   the space 10851084K,  87% used [0x00007f9715b50000, 0x00007f995655d790, 0x00007f995655d800, 0x00007f99ac013000)
 Metaspace       used 23258K, capacity 23682K, committed 23808K, reserved 24576K
}
Event: 40.323 GC heap before
{Heap before GC invocations=10 (full 4):
 def new generation   total 3939328K, used 100K [0x00007f91c0600000, 0x00007f92cb870000, 0x00007f9715b50000)
  eden space 3501632K,   0% used [0x00007f91c0600000, 0x00007f91c0600000, 0x00007f9296190000)
  from space 437696K,   0% used [0x00007f9296190000, 0x00007f92961a9090, 0x00007f92b0d00000)
  to   space 437696K,   0% used [0x00007f92b0d00000, 0x00007f92b0d00000, 0x00007f92cb870000)
 tenured generation   total 10851084K, used 9447477K [0x00007f9715b50000, 0x00007f99ac013000, 0x00007fa1c0600000)
   the space 10851084K,  87% used [0x00007f9715b50000, 0x00007f995655d790, 0x00007f995655d800, 0x00007f99ac013000)
 Metaspace       used 23258K, capacity 23682K, committed 23808K, reserved 24576K
}
Event: 40.938 GC heap after
{Heap after GC invocations=10 (full 5):
 def new generation   total 3939328K, used 0K [0x00007f91c0600000, 0x00007f92cb870000, 0x00007f9715b50000)
  eden space 3501632K,   0% used [0x00007f91c0600000, 0x00007f91c0600000, 0x00007f9296190000)
  from space 437696K,   0% used [0x00007f9296190000, 0x00007f9296190000, 0x00007f92b0d00000)
  to   space 437696K,   0% used [0x00007f92b0d00000, 0x00007f92b0d00000, 0x00007f92cb870000)
 tenured generation   total 8753928K, used 2106779K [0x00007f9715b50000, 0x00007f992c012000, 0x00007fa1c0600000)
   the space 8753928K,  24% used [0x00007f9715b50000, 0x00007f97964b6f30, 0x00007f97964b7000, 0x00007f992c012000)
 Metaspace       used 23258K, capacity 23682K, committed 23808K, reserved 24576K
}
Event: 41.361 GC heap before
{Heap before GC invocations=10 (full 5):
 def new generation   total 3939328K, used 2166315K [0x00007f91c0600000, 0x00007f92cb870000, 0x00007f9715b50000)
  eden space 3501632K,  61% used [0x00007f91c0600000, 0x00007f924498af80, 0x00007f9296190000)
  from space 437696K,   0% used [0x00007f9296190000, 0x00007f9296190000, 0x00007f92b0d00000)
  to   space 437696K,   0% used [0x00007f92b0d00000, 0x00007f92b0d00000, 0x00007f92cb870000)
 tenured generation   total 8753928K, used 2106779K [0x00007f9715b50000, 0x00007f992c012000, 0x00007fa1c0600000)
   the space 8753928K,  24% used [0x00007f9715b50000, 0x00007f97964b6f30, 0x00007f97964b7000, 0x00007f992c012000)
 Metaspace       used 23258K, capacity 23682K, committed 23808K, reserved 24576K
}
Event: 41.807 GC heap after
{Heap after GC invocations=11 (full 5):
 def new generation   total 3939328K, used 3K [0x00007f91c0600000, 0x00007f92cb870000, 0x00007f9715b50000)
  eden space 3501632K,   0% used [0x00007f91c0600000, 0x00007f91c0600000, 0x00007f9296190000)
  from space 437696K,   0% used [0x00007f92b0d00000, 0x00007f92b0d00fa0, 0x00007f92cb870000)
  to   space 437696K,   0% used [0x00007f9296190000, 0x00007f9296190000, 0x00007f92b0d00000)
 tenured generation   total 8753928K, used 4203931K [0x00007f9715b50000, 0x00007f992c012000, 0x00007fa1c0600000)
   the space 8753928K,  48% used [0x00007f9715b50000, 0x00007f98164b6f48, 0x00007f98164b7000, 0x00007f992c012000)
 Metaspace       used 23258K, capacity 23682K, committed 23808K, reserved 24576K
}
Event: 41.807 GC heap before
{Heap before GC invocations=11 (full 5):
 def new generation   total 3939328K, used 3K [0x00007f91c0600000, 0x00007f92cb870000, 0x00007f9715b50000)
  eden space 3501632K,   0% used [0x00007f91c0600000, 0x00007f91c0600000, 0x00007f9296190000)
  from space 437696K,   0% used [0x00007f92b0d00000, 0x00007f92b0d00fa0, 0x00007f92cb870000)
  to   space 437696K,   0% used [0x00007f9296190000, 0x00007f9296190000, 0x00007f92b0d00000)
 tenured generation   total 8753928K, used 4203931K [0x00007f9715b50000, 0x00007f992c012000, 0x00007fa1c0600000)
   the space 8753928K,  48% used [0x00007f9715b50000, 0x00007f98164b6f48, 0x00007f98164b7000, 0x00007f992c012000)
 Metaspace       used 23258K, capacity 23682K, committed 23808K, reserved 24576K
}
Event: 41.872 GC heap after
{Heap after GC invocations=11 (full 6):
 def new generation   total 3608320K, used 0K [0x00007f91c0600000, 0x00007f92b5140000, 0x00007f9715b50000)
  eden space 3207424K,   0% used [0x00007f91c0600000, 0x00007f91c0600000, 0x00007f9284240000)
  from space 400896K,   0% used [0x00007f9284240000, 0x00007f9284240000, 0x00007f929c9c0000)
  to   space 400896K,   0% used [0x00007f929c9c0000, 0x00007f929c9c0000, 0x00007f92b5140000)
 tenured generation   total 8018352K, used 9619K [0x00007f9715b50000, 0x00007f98ff1bc000, 0x00007fa1c0600000)
   the space 8018352K,   0% used [0x00007f9715b50000, 0x00007f97164b4d80, 0x00007f97164b4e00, 0x00007f98ff1bc000)
 Metaspace       used 23258K, capacity 23682K, committed 23808K, reserved 24576K
}

