# JRE version: OpenJDK Runtime Environment (13.0.7+5) (build 13.0.7+5-Ubuntu-0ubuntu120.04)
# Java VM: OpenJDK 64-Bit Server VM (13.0.7+5-Ubuntu-0ubuntu120.04, mixed mode, tiered, serial gc, linux-amd64)
Heap:
 def new generation   total 629248K, used 23963K [0x00007f3414600000, 0x00007f343f0c0000, 0x00007f3969b50000)
  eden space 559360K,   4% used [0x00007f3414600000, 0x00007f3415d66ef0, 0x00007f3436840000)
  from space 69888K,   0% used [0x00007f343ac80000, 0x00007f343ac80000, 0x00007f343f0c0000)
  to   space 69888K,   0% used [0x00007f3436840000, 0x00007f3436840000, 0x00007f343ac80000)
 tenured generation   total 1399104K, used 1399103K [0x00007f3969b50000, 0x00007f39bf1a0000, 0x00007f4414600000)
   the space 1399104K,  99% used [0x00007f3969b50000, 0x00007f39bf19ffc8, 0x00007f39bf1a0000, 0x00007f39bf1a0000)
 Metaspace       used 24224K, capacity 24644K, committed 24832K, reserved 26624K
GC Heap History (20 events):
Event: 540.877 GC heap after
{Heap after GC invocations=839 (full 1):
 def new generation   total 629248K, used 24709K [0x00007f3414600000, 0x00007f343f0c0000, 0x00007f3969b50000)
  eden space 559360K,   0% used [0x00007f3414600000, 0x00007f3414600000, 0x00007f3436840000)
  from space 69888K,  35% used [0x00007f3436840000, 0x00007f34380616f8, 0x00007f343ac80000)
  to   space 69888K,   0% used [0x00007f343ac80000, 0x00007f343ac80000, 0x00007f343f0c0000)
 tenured generation   total 1398144K, used 1384127K [0x00007f3969b50000, 0x00007f39bf0b0000, 0x00007f4414600000)
   the space 1398144K,  98% used [0x00007f3969b50000, 0x00007f39be2ffec8, 0x00007f39be300000, 0x00007f39bf0b0000)
 Metaspace       used 24224K, capacity 24644K, committed 24832K, reserved 26624K
}
Event: 541.409 GC heap before
{Heap before GC invocations=839 (full 1):
 def new generation   total 629248K, used 584069K [0x00007f3414600000, 0x00007f343f0c0000, 0x00007f3969b50000)
  eden space 559360K, 100% used [0x00007f3414600000, 0x00007f3436840000, 0x00007f3436840000)
  from space 69888K,  35% used [0x00007f3436840000, 0x00007f34380616f8, 0x00007f343ac80000)
  to   space 69888K,   0% used [0x00007f343ac80000, 0x00007f343ac80000, 0x00007f343f0c0000)
 tenured generation   total 1398144K, used 1384127K [0x00007f3969b50000, 0x00007f39bf0b0000, 0x00007f4414600000)
   the space 1398144K,  98% used [0x00007f3969b50000, 0x00007f39be2ffec8, 0x00007f39be300000, 0x00007f39bf0b0000)
 Metaspace       used 24224K, capacity 24644K, committed 24832K, reserved 26624K
}
Event: 541.470 GC heap after
{Heap after GC invocations=840 (full 1):
 def new generation   total 629248K, used 23764K [0x00007f3414600000, 0x00007f343f0c0000, 0x00007f3969b50000)
  eden space 559360K,   0% used [0x00007f3414600000, 0x00007f3414600000, 0x00007f3436840000)
  from space 69888K,  34% used [0x00007f343ac80000, 0x00007f343c3b5028, 0x00007f343f0c0000)
  to   space 69888K,   0% used [0x00007f3436840000, 0x00007f3436840000, 0x00007f343ac80000)
 tenured generation   total 1398144K, used 1386137K [0x00007f3969b50000, 0x00007f39bf0b0000, 0x00007f4414600000)
   the space 1398144K,  99% used [0x00007f3969b50000, 0x00007f39be4f6778, 0x00007f39be4f6800, 0x00007f39bf0b0000)
 Metaspace       used 24224K, capacity 24644K, committed 24832K, reserved 26624K
}
Event: 542.016 GC heap before
{Heap before GC invocations=840 (full 1):
 def new generation   total 629248K, used 583124K [0x00007f3414600000, 0x00007f343f0c0000, 0x00007f3969b50000)
  eden space 559360K, 100% used [0x00007f3414600000, 0x00007f3436840000, 0x00007f3436840000)
  from space 69888K,  34% used [0x00007f343ac80000, 0x00007f343c3b5028, 0x00007f343f0c0000)
  to   space 69888K,   0% used [0x00007f3436840000, 0x00007f3436840000, 0x00007f343ac80000)
 tenured generation   total 1398144K, used 1386137K [0x00007f3969b50000, 0x00007f39bf0b0000, 0x00007f4414600000)
   the space 1398144K,  99% used [0x00007f3969b50000, 0x00007f39be4f6778, 0x00007f39be4f6800, 0x00007f39bf0b0000)
 Metaspace       used 24224K, capacity 24644K, committed 24832K, reserved 26624K
}
Event: 542.077 GC heap after
{Heap after GC invocations=841 (full 1):
 def new generation   total 629248K, used 24220K [0x00007f3414600000, 0x00007f343f0c0000, 0x00007f3969b50000)
  eden space 559360K,   0% used [0x00007f3414600000, 0x00007f3414600000, 0x00007f3436840000)
  from space 69888K,  34% used [0x00007f3436840000, 0x00007f3437fe7348, 0x00007f343ac80000)
  to   space 69888K,   0% used [0x00007f343ac80000, 0x00007f343ac80000, 0x00007f343f0c0000)
 tenured generation   total 1398144K, used 1387309K [0x00007f3969b50000, 0x00007f39bf0b0000, 0x00007f4414600000)
   the space 1398144K,  99% used [0x00007f3969b50000, 0x00007f39be61b698, 0x00007f39be61b800, 0x00007f39bf0b0000)
 Metaspace       used 24224K, capacity 24644K, committed 24832K, reserved 26624K
}
Event: 542.642 GC heap before
{Heap before GC invocations=841 (full 1):
 def new generation   total 629248K, used 583580K [0x00007f3414600000, 0x00007f343f0c0000, 0x00007f3969b50000)
  eden space 559360K, 100% used [0x00007f3414600000, 0x00007f3436840000, 0x00007f3436840000)
  from space 69888K,  34% used [0x00007f3436840000, 0x00007f3437fe7348, 0x00007f343ac80000)
  to   space 69888K,   0% used [0x00007f343ac80000, 0x00007f343ac80000, 0x00007f343f0c0000)
 tenured generation   total 1398144K, used 1387309K [0x00007f3969b50000, 0x00007f39bf0b0000, 0x00007f4414600000)
   the space 1398144K,  99% used [0x00007f3969b50000, 0x00007f39be61b698, 0x00007f39be61b800, 0x00007f39bf0b0000)
 Metaspace       used 24224K, capacity 24644K, committed 24832K, reserved 26624K
}
Event: 542.704 GC heap after
{Heap after GC invocations=842 (full 1):
 def new generation   total 629248K, used 24807K [0x00007f3414600000, 0x00007f343f0c0000, 0x00007f3969b50000)
  eden space 559360K,   0% used [0x00007f3414600000, 0x00007f3414600000, 0x00007f3436840000)
  from space 69888K,  35% used [0x00007f343ac80000, 0x00007f343c4b9df0, 0x00007f343f0c0000)
  to   space 69888K,   0% used [0x00007f3436840000, 0x00007f3436840000, 0x00007f343ac80000)
 tenured generation   total 1398144K, used 1388376K [0x00007f3969b50000, 0x00007f39bf0b0000, 0x00007f4414600000)
   the space 1398144K,  99% used [0x00007f3969b50000, 0x00007f39be726040, 0x00007f39be726200, 0x00007f39bf0b0000)
 Metaspace       used 24224K, capacity 24644K, committed 24832K, reserved 26624K
}
Event: 543.268 GC heap before
{Heap before GC invocations=842 (full 1):
 def new generation   total 629248K, used 584167K [0x00007f3414600000, 0x00007f343f0c0000, 0x00007f3969b50000)
  eden space 559360K, 100% used [0x00007f3414600000, 0x00007f3436840000, 0x00007f3436840000)
  from space 69888K,  35% used [0x00007f343ac80000, 0x00007f343c4b9df0, 0x00007f343f0c0000)
  to   space 69888K,   0% used [0x00007f3436840000, 0x00007f3436840000, 0x00007f343ac80000)
 tenured generation   total 1398144K, used 1388376K [0x00007f3969b50000, 0x00007f39bf0b0000, 0x00007f4414600000)
   the space 1398144K,  99% used [0x00007f3969b50000, 0x00007f39be726040, 0x00007f39be726200, 0x00007f39bf0b0000)
 Metaspace       used 24224K, capacity 24644K, committed 24832K, reserved 26624K
}
Event: 543.349 GC heap after
{Heap after GC invocations=843 (full 1):
 def new generation   total 629248K, used 23898K [0x00007f3414600000, 0x00007f343f0c0000, 0x00007f3969b50000)
  eden space 559360K,   0% used [0x00007f3414600000, 0x00007f3414600000, 0x00007f3436840000)
  from space 69888K,  34% used [0x00007f3436840000, 0x00007f3437f969c8, 0x00007f343ac80000)
  to   space 69888K,   0% used [0x00007f343ac80000, 0x00007f343ac80000, 0x00007f343f0c0000)
 tenured generation   total 1398144K, used 1390491K [0x00007f3969b50000, 0x00007f39bf0b0000, 0x00007f4414600000)
   the space 1398144K,  99% used [0x00007f3969b50000, 0x00007f39be936c70, 0x00007f39be936e00, 0x00007f39bf0b0000)
 Metaspace       used 24224K, capacity 24644K, committed 24832K, reserved 26624K
}
Event: 543.904 GC heap before
{Heap before GC invocations=843 (full 1):
 def new generation   total 629248K, used 583258K [0x00007f3414600000, 0x00007f343f0c0000, 0x00007f3969b50000)
  eden space 559360K, 100% used [0x00007f3414600000, 0x00007f3436840000, 0x00007f3436840000)
  from space 69888K,  34% used [0x00007f3436840000, 0x00007f3437f969c8, 0x00007f343ac80000)
  to   space 69888K,   0% used [0x00007f343ac80000, 0x00007f343ac80000, 0x00007f343f0c0000)
 tenured generation   total 1398144K, used 1390491K [0x00007f3969b50000, 0x00007f39bf0b0000, 0x00007f4414600000)
   the space 1398144K,  99% used [0x00007f3969b50000, 0x00007f39be936c70, 0x00007f39be936e00, 0x00007f39bf0b0000)
 Metaspace       used 24224K, capacity 24644K, committed 24832K, reserved 26624K
}
Event: 543.971 GC heap after
{Heap after GC invocations=844 (full 1):
 def new generation   total 629248K, used 24489K [0x00007f3414600000, 0x00007f343f0c0000, 0x00007f3969b50000)
  eden space 559360K,   0% used [0x00007f3414600000, 0x00007f3414600000, 0x00007f3436840000)
  from space 69888K,  35% used [0x00007f343ac80000, 0x00007f343c46a400, 0x00007f343f0c0000)
  to   space 69888K,   0% used [0x00007f3436840000, 0x00007f3436840000, 0x00007f343ac80000)
 tenured generation   total 1398144K, used 1392135K [0x00007f3969b50000, 0x00007f39bf0b0000, 0x00007f4414600000)
   the space 1398144K,  99% used [0x00007f3969b50000, 0x00007f39bead1e70, 0x00007f39bead2000, 0x00007f39bf0b0000)
 Metaspace       used 24224K, capacity 24644K, committed 24832K, reserved 26624K
}
Event: 544.532 GC heap before
{Heap before GC invocations=844 (full 1):
 def new generation   total 629248K, used 583849K [0x00007f3414600000, 0x00007f343f0c0000, 0x00007f3969b50000)
  eden space 559360K, 100% used [0x00007f3414600000, 0x00007f3436840000, 0x00007f3436840000)
  from space 69888K,  35% used [0x00007f343ac80000, 0x00007f343c46a400, 0x00007f343f0c0000)
  to   space 69888K,   0% used [0x00007f3436840000, 0x00007f3436840000, 0x00007f343ac80000)
 tenured generation   total 1398144K, used 1392135K [0x00007f3969b50000, 0x00007f39bf0b0000, 0x00007f4414600000)
   the space 1398144K,  99% used [0x00007f3969b50000, 0x00007f39bead1e70, 0x00007f39bead2000, 0x00007f39bf0b0000)
 Metaspace       used 24224K, capacity 24644K, committed 24832K, reserved 26624K
}
Event: 544.605 GC heap after
{Heap after GC invocations=845 (full 1):
 def new generation   total 629248K, used 24958K [0x00007f3414600000, 0x00007f343f0c0000, 0x00007f3969b50000)
  eden space 559360K,   0% used [0x00007f3414600000, 0x00007f3414600000, 0x00007f3436840000)
  from space 69888K,  35% used [0x00007f3436840000, 0x00007f343809f8b0, 0x00007f343ac80000)
  to   space 69888K,   0% used [0x00007f343ac80000, 0x00007f343ac80000, 0x00007f343f0c0000)
 tenured generation   total 1398144K, used 1393897K [0x00007f3969b50000, 0x00007f39bf0b0000, 0x00007f4414600000)
   the space 1398144K,  99% used [0x00007f3969b50000, 0x00007f39bec8a540, 0x00007f39bec8a600, 0x00007f39bf0b0000)
 Metaspace       used 24224K, capacity 24644K, committed 24832K, reserved 26624K
}
Event: 545.188 GC heap before
{Heap before GC invocations=845 (full 1):
 def new generation   total 629248K, used 584318K [0x00007f3414600000, 0x00007f343f0c0000, 0x00007f3969b50000)
  eden space 559360K, 100% used [0x00007f3414600000, 0x00007f3436840000, 0x00007f3436840000)
  from space 69888K,  35% used [0x00007f3436840000, 0x00007f343809f8b0, 0x00007f343ac80000)
  to   space 69888K,   0% used [0x00007f343ac80000, 0x00007f343ac80000, 0x00007f343f0c0000)
 tenured generation   total 1398144K, used 1393897K [0x00007f3969b50000, 0x00007f39bf0b0000, 0x00007f4414600000)
   the space 1398144K,  99% used [0x00007f3969b50000, 0x00007f39bec8a540, 0x00007f39bec8a600, 0x00007f39bf0b0000)
 Metaspace       used 24224K, capacity 24644K, committed 24832K, reserved 26624K
}
Event: 545.247 GC heap after
{Heap after GC invocations=846 (full 1):
 def new generation   total 629248K, used 25213K [0x00007f3414600000, 0x00007f343f0c0000, 0x00007f3969b50000)
  eden space 559360K,   0% used [0x00007f3414600000, 0x00007f3414600000, 0x00007f3436840000)
  from space 69888K,  36% used [0x00007f343ac80000, 0x00007f343c51f5a8, 0x00007f343f0c0000)
  to   space 69888K,   0% used [0x00007f3436840000, 0x00007f3436840000, 0x00007f343ac80000)
 tenured generation   total 1398144K, used 1394858K [0x00007f3969b50000, 0x00007f39bf0b0000, 0x00007f4414600000)
   the space 1398144K,  99% used [0x00007f3969b50000, 0x00007f39bed7ab00, 0x00007f39bed7ac00, 0x00007f39bf0b0000)
 Metaspace       used 24224K, capacity 24644K, committed 24832K, reserved 26624K
}
Event: 545.791 GC heap before
{Heap before GC invocations=846 (full 1):
 def new generation   total 629248K, used 584573K [0x00007f3414600000, 0x00007f343f0c0000, 0x00007f3969b50000)
  eden space 559360K, 100% used [0x00007f3414600000, 0x00007f3436840000, 0x00007f3436840000)
  from space 69888K,  36% used [0x00007f343ac80000, 0x00007f343c51f5a8, 0x00007f343f0c0000)
  to   space 69888K,   0% used [0x00007f3436840000, 0x00007f3436840000, 0x00007f343ac80000)
 tenured generation   total 1398144K, used 1394858K [0x00007f3969b50000, 0x00007f39bf0b0000, 0x00007f4414600000)
   the space 1398144K,  99% used [0x00007f3969b50000, 0x00007f39bed7ab00, 0x00007f39bed7ac00, 0x00007f39bf0b0000)
 Metaspace       used 24224K, capacity 24644K, committed 24832K, reserved 26624K
}
Event: 545.858 GC heap after
{Heap after GC invocations=847 (full 1):
 def new generation   total 629248K, used 25151K [0x00007f3414600000, 0x00007f343f0c0000, 0x00007f3969b50000)
  eden space 559360K,   0% used [0x00007f3414600000, 0x00007f3414600000, 0x00007f3436840000)
  from space 69888K,  35% used [0x00007f3436840000, 0x00007f34380cfe60, 0x00007f343ac80000)
  to   space 69888K,   0% used [0x00007f343ac80000, 0x00007f343ac80000, 0x00007f343f0c0000)
 tenured generation   total 1398144K, used 1396832K [0x00007f3969b50000, 0x00007f39bf0b0000, 0x00007f4414600000)
   the space 1398144K,  99% used [0x00007f3969b50000, 0x00007f39bef682a0, 0x00007f39bef68400, 0x00007f39bf0b0000)
 Metaspace       used 24224K, capacity 24644K, committed 24832K, reserved 26624K
}
Event: 546.390 GC heap before
{Heap before GC invocations=847 (full 1):
 def new generation   total 629248K, used 584511K [0x00007f3414600000, 0x00007f343f0c0000, 0x00007f3969b50000)
  eden space 559360K, 100% used [0x00007f3414600000, 0x00007f3436840000, 0x00007f3436840000)
  from space 69888K,  35% used [0x00007f3436840000, 0x00007f34380cfe60, 0x00007f343ac80000)
  to   space 69888K,   0% used [0x00007f343ac80000, 0x00007f343ac80000, 0x00007f343f0c0000)
 tenured generation   total 1398144K, used 1396832K [0x00007f3969b50000, 0x00007f39bf0b0000, 0x00007f4414600000)
   the space 1398144K,  99% used [0x00007f3969b50000, 0x00007f39bef682a0, 0x00007f39bef68400, 0x00007f39bf0b0000)
 Metaspace       used 24224K, capacity 24644K, committed 24832K, reserved 26624K
}
Event: 546.456 GC heap after
{Heap after GC invocations=848 (full 1):
 def new generation   total 629248K, used 24010K [0x00007f3414600000, 0x00007f343f0c0000, 0x00007f3969b50000)
  eden space 559360K,   0% used [0x00007f3414600000, 0x00007f3414600000, 0x00007f3436840000)
  from space 69888K,  34% used [0x00007f343ac80000, 0x00007f343c3f2958, 0x00007f343f0c0000)
  to   space 69888K,   0% used [0x00007f3436840000, 0x00007f3436840000, 0x00007f343ac80000)
 tenured generation   total 1399104K, used 1399057K [0x00007f3969b50000, 0x00007f39bf1a0000, 0x00007f4414600000)
   the space 1399104K,  99% used [0x00007f3969b50000, 0x00007f39bf194560, 0x00007f39bf194600, 0x00007f39bf1a0000)
 Metaspace       used 24224K, capacity 24644K, committed 24832K, reserved 26624K
}
Event: 546.456 GC heap before
{Heap before GC invocations=848 (full 1):
 def new generation   total 629248K, used 24010K [0x00007f3414600000, 0x00007f343f0c0000, 0x00007f3969b50000)
  eden space 559360K,   0% used [0x00007f3414600000, 0x00007f3414600000, 0x00007f3436840000)
  from space 69888K,  34% used [0x00007f343ac80000, 0x00007f343c3f2958, 0x00007f343f0c0000)
  to   space 69888K,   0% used [0x00007f3436840000, 0x00007f3436840000, 0x00007f343ac80000)
 tenured generation   total 1399104K, used 1399057K [0x00007f3969b50000, 0x00007f39bf1a0000, 0x00007f4414600000)
   the space 1399104K,  99% used [0x00007f3969b50000, 0x00007f39bf194560, 0x00007f39bf194600, 0x00007f39bf1a0000)
 Metaspace       used 24224K, capacity 24644K, committed 24832K, reserved 26624K
}

