# JRE version: OpenJDK Runtime Environment (13.0.7+5) (build 13.0.7+5-Ubuntu-0ubuntu120.04)
# Java VM: OpenJDK 64-Bit Server VM (13.0.7+5-Ubuntu-0ubuntu120.04, mixed mode, tiered, serial gc, linux-amd64)
Heap:
 def new generation   total 11739840K, used 0K [0x00007f87a4600000, 0x00007f8ac0880000, 0x00007f8cf9b50000)
  eden space 10435456K,   0% used [0x00007f87a4600000, 0x00007f87a4600000, 0x00007f8a214e0000)
  from space 1304384K,   0% used [0x00007f8a214e0000, 0x00007f8a214e0000, 0x00007f8a70eb0000)
  to   space 1304384K,   0% used [0x00007f8a70eb0000, 0x00007f8a70eb0000, 0x00007f8ac0880000)
 tenured generation   total 26776724K, used 25090566K [0x00007f8cf9b50000, 0x00007f935c075000, 0x00007f97a4600000)
   the space 26776724K,  93% used [0x00007f8cf9b50000, 0x00007f92f51d19e8, 0x00007f92f51d1a00, 0x00007f935c075000)
 Metaspace       used 30633K, capacity 31108K, committed 31488K, reserved 32768K
GC Heap History (20 events):
Event: 2900.783 GC heap after
{Heap after GC invocations=84 (full 7):
 def new generation   total 11739840K, used 858680K [0x00007f87a4600000, 0x00007f8ac0880000, 0x00007f8cf9b50000)
  eden space 10435456K,   0% used [0x00007f87a4600000, 0x00007f87a4600000, 0x00007f8a214e0000)
  from space 1304384K,  65% used [0x00007f8a70eb0000, 0x00007f8aa553e380, 0x00007f8ac0880000)
  to   space 1304384K,   0% used [0x00007f8a214e0000, 0x00007f8a214e0000, 0x00007f8a70eb0000)
 tenured generation   total 26088404K, used 19074068K [0x00007f8cf9b50000, 0x00007f9332045000, 0x00007f97a4600000)
   the space 26088404K,  73% used [0x00007f8cf9b50000, 0x00007f9185e55090, 0x00007f9185e55200, 0x00007f9332045000)
 Metaspace       used 30633K, capacity 31108K, committed 31488K, reserved 32768K
}
Event: 2904.234 GC heap before
{Heap before GC invocations=84 (full 7):
 def new generation   total 11739840K, used 11294136K [0x00007f87a4600000, 0x00007f8ac0880000, 0x00007f8cf9b50000)
  eden space 10435456K, 100% used [0x00007f87a4600000, 0x00007f8a214e0000, 0x00007f8a214e0000)
  from space 1304384K,  65% used [0x00007f8a70eb0000, 0x00007f8aa553e380, 0x00007f8ac0880000)
  to   space 1304384K,   0% used [0x00007f8a214e0000, 0x00007f8a214e0000, 0x00007f8a70eb0000)
 tenured generation   total 26088404K, used 19074068K [0x00007f8cf9b50000, 0x00007f9332045000, 0x00007f97a4600000)
   the space 26088404K,  73% used [0x00007f8cf9b50000, 0x00007f9185e55090, 0x00007f9185e55200, 0x00007f9332045000)
 Metaspace       used 30633K, capacity 31108K, committed 31488K, reserved 32768K
}
Event: 2907.104 GC heap after
{Heap after GC invocations=85 (full 7):
 def new generation   total 11739840K, used 885416K [0x00007f87a4600000, 0x00007f8ac0880000, 0x00007f8cf9b50000)
  eden space 10435456K,   0% used [0x00007f87a4600000, 0x00007f87a4600000, 0x00007f8a214e0000)
  from space 1304384K,  67% used [0x00007f8a214e0000, 0x00007f8a5758a2d0, 0x00007f8a70eb0000)
  to   space 1304384K,   0% used [0x00007f8a70eb0000, 0x00007f8a70eb0000, 0x00007f8ac0880000)
 tenured generation   total 26088404K, used 19932748K [0x00007f8cf9b50000, 0x00007f9332045000, 0x00007f97a4600000)
   the space 26088404K,  76% used [0x00007f8cf9b50000, 0x00007f91ba4e31e0, 0x00007f91ba4e3200, 0x00007f9332045000)
 Metaspace       used 30633K, capacity 31108K, committed 31488K, reserved 32768K
}
Event: 2910.314 GC heap before
{Heap before GC invocations=85 (full 7):
 def new generation   total 11739840K, used 11320872K [0x00007f87a4600000, 0x00007f8ac0880000, 0x00007f8cf9b50000)
  eden space 10435456K, 100% used [0x00007f87a4600000, 0x00007f8a214e0000, 0x00007f8a214e0000)
  from space 1304384K,  67% used [0x00007f8a214e0000, 0x00007f8a5758a2d0, 0x00007f8a70eb0000)
  to   space 1304384K,   0% used [0x00007f8a70eb0000, 0x00007f8a70eb0000, 0x00007f8ac0880000)
 tenured generation   total 26088404K, used 19932748K [0x00007f8cf9b50000, 0x00007f9332045000, 0x00007f97a4600000)
   the space 26088404K,  76% used [0x00007f8cf9b50000, 0x00007f91ba4e31e0, 0x00007f91ba4e3200, 0x00007f9332045000)
 Metaspace       used 30633K, capacity 31108K, committed 31488K, reserved 32768K
}
Event: 2913.134 GC heap after
{Heap after GC invocations=86 (full 7):
 def new generation   total 11739840K, used 861632K [0x00007f87a4600000, 0x00007f8ac0880000, 0x00007f8cf9b50000)
  eden space 10435456K,   0% used [0x00007f87a4600000, 0x00007f87a4600000, 0x00007f8a214e0000)
  from space 1304384K,  66% used [0x00007f8a70eb0000, 0x00007f8aa5820380, 0x00007f8ac0880000)
  to   space 1304384K,   0% used [0x00007f8a214e0000, 0x00007f8a214e0000, 0x00007f8a70eb0000)
 tenured generation   total 26088404K, used 20818164K [0x00007f8cf9b50000, 0x00007f9332045000, 0x00007f97a4600000)
   the space 26088404K,  79% used [0x00007f8cf9b50000, 0x00007f91f058d200, 0x00007f91f058d200, 0x00007f9332045000)
 Metaspace       used 30633K, capacity 31108K, committed 31488K, reserved 32768K
}
Event: 2916.226 GC heap before
{Heap before GC invocations=86 (full 7):
 def new generation   total 11739840K, used 11297088K [0x00007f87a4600000, 0x00007f8ac0880000, 0x00007f8cf9b50000)
  eden space 10435456K, 100% used [0x00007f87a4600000, 0x00007f8a214e0000, 0x00007f8a214e0000)
  from space 1304384K,  66% used [0x00007f8a70eb0000, 0x00007f8aa5820380, 0x00007f8ac0880000)
  to   space 1304384K,   0% used [0x00007f8a214e0000, 0x00007f8a214e0000, 0x00007f8a70eb0000)
 tenured generation   total 26088404K, used 20818164K [0x00007f8cf9b50000, 0x00007f9332045000, 0x00007f97a4600000)
   the space 26088404K,  79% used [0x00007f8cf9b50000, 0x00007f91f058d200, 0x00007f91f058d200, 0x00007f9332045000)
 Metaspace       used 30633K, capacity 31108K, committed 31488K, reserved 32768K
}
Event: 2918.987 GC heap after
{Heap after GC invocations=87 (full 7):
 def new generation   total 11739840K, used 847632K [0x00007f87a4600000, 0x00007f8ac0880000, 0x00007f8cf9b50000)
  eden space 10435456K,   0% used [0x00007f87a4600000, 0x00007f87a4600000, 0x00007f8a214e0000)
  from space 1304384K,  64% used [0x00007f8a214e0000, 0x00007f8a550a4280, 0x00007f8a70eb0000)
  to   space 1304384K,   0% used [0x00007f8a70eb0000, 0x00007f8a70eb0000, 0x00007f8ac0880000)
 tenured generation   total 26088404K, used 21679796K [0x00007f8cf9b50000, 0x00007f9332045000, 0x00007f97a4600000)
   the space 26088404K,  83% used [0x00007f8cf9b50000, 0x00007f9224efd2e0, 0x00007f9224efd400, 0x00007f9332045000)
 Metaspace       used 30633K, capacity 31108K, committed 31488K, reserved 32768K
}
Event: 2922.062 GC heap before
{Heap before GC invocations=87 (full 7):
 def new generation   total 11739840K, used 11283088K [0x00007f87a4600000, 0x00007f8ac0880000, 0x00007f8cf9b50000)
  eden space 10435456K, 100% used [0x00007f87a4600000, 0x00007f8a214e0000, 0x00007f8a214e0000)
  from space 1304384K,  64% used [0x00007f8a214e0000, 0x00007f8a550a4280, 0x00007f8a70eb0000)
  to   space 1304384K,   0% used [0x00007f8a70eb0000, 0x00007f8a70eb0000, 0x00007f8ac0880000)
 tenured generation   total 26088404K, used 21679796K [0x00007f8cf9b50000, 0x00007f9332045000, 0x00007f97a4600000)
   the space 26088404K,  83% used [0x00007f8cf9b50000, 0x00007f9224efd2e0, 0x00007f9224efd400, 0x00007f9332045000)
 Metaspace       used 30633K, capacity 31108K, committed 31488K, reserved 32768K
}
Event: 2924.847 GC heap after
{Heap after GC invocations=88 (full 7):
 def new generation   total 11739840K, used 853075K [0x00007f87a4600000, 0x00007f8ac0880000, 0x00007f8cf9b50000)
  eden space 10435456K,   0% used [0x00007f87a4600000, 0x00007f87a4600000, 0x00007f8a214e0000)
  from space 1304384K,  65% used [0x00007f8a70eb0000, 0x00007f8aa4fc4eb0, 0x00007f8ac0880000)
  to   space 1304384K,   0% used [0x00007f8a214e0000, 0x00007f8a214e0000, 0x00007f8a70eb0000)
 tenured generation   total 26088404K, used 22527428K [0x00007f8cf9b50000, 0x00007f9332045000, 0x00007f97a4600000)
   the space 26088404K,  86% used [0x00007f8cf9b50000, 0x00007f9258ac1280, 0x00007f9258ac1400, 0x00007f9332045000)
 Metaspace       used 30633K, capacity 31108K, committed 31488K, reserved 32768K
}
Event: 2928.224 GC heap before
{Heap before GC invocations=88 (full 7):
 def new generation   total 11739840K, used 11288531K [0x00007f87a4600000, 0x00007f8ac0880000, 0x00007f8cf9b50000)
  eden space 10435456K, 100% used [0x00007f87a4600000, 0x00007f8a214e0000, 0x00007f8a214e0000)
  from space 1304384K,  65% used [0x00007f8a70eb0000, 0x00007f8aa4fc4eb0, 0x00007f8ac0880000)
  to   space 1304384K,   0% used [0x00007f8a214e0000, 0x00007f8a214e0000, 0x00007f8a70eb0000)
 tenured generation   total 26088404K, used 22527428K [0x00007f8cf9b50000, 0x00007f9332045000, 0x00007f97a4600000)
   the space 26088404K,  86% used [0x00007f8cf9b50000, 0x00007f9258ac1280, 0x00007f9258ac1400, 0x00007f9332045000)
 Metaspace       used 30633K, capacity 31108K, committed 31488K, reserved 32768K
}
Event: 2931.117 GC heap after
{Heap after GC invocations=89 (full 7):
 def new generation   total 11739840K, used 892781K [0x00007f87a4600000, 0x00007f8ac0880000, 0x00007f8cf9b50000)
  eden space 10435456K,   0% used [0x00007f87a4600000, 0x00007f87a4600000, 0x00007f8a214e0000)
  from space 1304384K,  68% used [0x00007f8a214e0000, 0x00007f8a57cbb7e0, 0x00007f8a70eb0000)
  to   space 1304384K,   0% used [0x00007f8a70eb0000, 0x00007f8a70eb0000, 0x00007f8ac0880000)
 tenured generation   total 26088404K, used 23380503K [0x00007f8cf9b50000, 0x00007f9332045000, 0x00007f97a4600000)
   the space 26088404K,  89% used [0x00007f8cf9b50000, 0x00007f928cbd5e40, 0x00007f928cbd6000, 0x00007f9332045000)
 Metaspace       used 30633K, capacity 31108K, committed 31488K, reserved 32768K
}
Event: 2934.300 GC heap before
{Heap before GC invocations=89 (full 7):
 def new generation   total 11739840K, used 11328237K [0x00007f87a4600000, 0x00007f8ac0880000, 0x00007f8cf9b50000)
  eden space 10435456K, 100% used [0x00007f87a4600000, 0x00007f8a214e0000, 0x00007f8a214e0000)
  from space 1304384K,  68% used [0x00007f8a214e0000, 0x00007f8a57cbb7e0, 0x00007f8a70eb0000)
  to   space 1304384K,   0% used [0x00007f8a70eb0000, 0x00007f8a70eb0000, 0x00007f8ac0880000)
 tenured generation   total 26088404K, used 23380503K [0x00007f8cf9b50000, 0x00007f9332045000, 0x00007f97a4600000)
   the space 26088404K,  89% used [0x00007f8cf9b50000, 0x00007f928cbd5e40, 0x00007f928cbd6000, 0x00007f9332045000)
 Metaspace       used 30633K, capacity 31108K, committed 31488K, reserved 32768K
}
Event: 2937.051 GC heap after
{Heap after GC invocations=90 (full 7):
 def new generation   total 11739840K, used 835672K [0x00007f87a4600000, 0x00007f8ac0880000, 0x00007f8cf9b50000)
  eden space 10435456K,   0% used [0x00007f87a4600000, 0x00007f87a4600000, 0x00007f8a214e0000)
  from space 1304384K,  64% used [0x00007f8a70eb0000, 0x00007f8aa3ec62f0, 0x00007f8ac0880000)
  to   space 1304384K,   0% used [0x00007f8a214e0000, 0x00007f8a214e0000, 0x00007f8a70eb0000)
 tenured generation   total 26088404K, used 24273285K [0x00007f8cf9b50000, 0x00007f9332045000, 0x00007f97a4600000)
   the space 26088404K,  93% used [0x00007f8cf9b50000, 0x00007f92c33b1520, 0x00007f92c33b1600, 0x00007f9332045000)
 Metaspace       used 30633K, capacity 31108K, committed 31488K, reserved 32768K
}
Event: 2940.295 GC heap before
{Heap before GC invocations=90 (full 7):
 def new generation   total 11739840K, used 11271128K [0x00007f87a4600000, 0x00007f8ac0880000, 0x00007f8cf9b50000)
  eden space 10435456K, 100% used [0x00007f87a4600000, 0x00007f8a214e0000, 0x00007f8a214e0000)
  from space 1304384K,  64% used [0x00007f8a70eb0000, 0x00007f8aa3ec62f0, 0x00007f8ac0880000)
  to   space 1304384K,   0% used [0x00007f8a214e0000, 0x00007f8a214e0000, 0x00007f8a70eb0000)
 tenured generation   total 26088404K, used 24273285K [0x00007f8cf9b50000, 0x00007f9332045000, 0x00007f97a4600000)
   the space 26088404K,  93% used [0x00007f8cf9b50000, 0x00007f92c33b1520, 0x00007f92c33b1600, 0x00007f9332045000)
 Metaspace       used 30633K, capacity 31108K, committed 31488K, reserved 32768K
}
Event: 2943.111 GC heap after
{Heap after GC invocations=91 (full 7):
 def new generation   total 11739840K, used 833438K [0x00007f87a4600000, 0x00007f8ac0880000, 0x00007f8cf9b50000)
  eden space 10435456K,   0% used [0x00007f87a4600000, 0x00007f87a4600000, 0x00007f8a214e0000)
  from space 1304384K,  63% used [0x00007f8a214e0000, 0x00007f8a542c7ba0, 0x00007f8a70eb0000)
  to   space 1304384K,   0% used [0x00007f8a70eb0000, 0x00007f8a70eb0000, 0x00007f8ac0880000)
 tenured generation   total 26088404K, used 25108957K [0x00007f8cf9b50000, 0x00007f9332045000, 0x00007f97a4600000)
   the space 26088404K,  96% used [0x00007f8cf9b50000, 0x00007f92f63c7710, 0x00007f92f63c7800, 0x00007f9332045000)
 Metaspace       used 30633K, capacity 31108K, committed 31488K, reserved 32768K
}
Event: 2946.354 GC heap before
{Heap before GC invocations=91 (full 7):
 def new generation   total 11739840K, used 11268894K [0x00007f87a4600000, 0x00007f8ac0880000, 0x00007f8cf9b50000)
  eden space 10435456K, 100% used [0x00007f87a4600000, 0x00007f8a214e0000, 0x00007f8a214e0000)
  from space 1304384K,  63% used [0x00007f8a214e0000, 0x00007f8a542c7ba0, 0x00007f8a70eb0000)
  to   space 1304384K,   0% used [0x00007f8a70eb0000, 0x00007f8a70eb0000, 0x00007f8ac0880000)
 tenured generation   total 26088404K, used 25108957K [0x00007f8cf9b50000, 0x00007f9332045000, 0x00007f97a4600000)
   the space 26088404K,  96% used [0x00007f8cf9b50000, 0x00007f92f63c7710, 0x00007f92f63c7800, 0x00007f9332045000)
 Metaspace       used 30633K, capacity 31108K, committed 31488K, reserved 32768K
}
Event: 2949.235 GC heap after
{Heap after GC invocations=92 (full 7):
 def new generation   total 11739840K, used 834137K [0x00007f87a4600000, 0x00007f8ac0880000, 0x00007f8cf9b50000)
  eden space 10435456K,   0% used [0x00007f87a4600000, 0x00007f87a4600000, 0x00007f8a214e0000)
  from space 1304384K,  63% used [0x00007f8a70eb0000, 0x00007f8aa3d46528, 0x00007f8ac0880000)
  to   space 1304384K,   0% used [0x00007f8a214e0000, 0x00007f8a214e0000, 0x00007f8a70eb0000)
 tenured generation   total 26088404K, used 25942396K [0x00007f8cf9b50000, 0x00007f9332045000, 0x00007f97a4600000)
   the space 26088404K,  99% used [0x00007f8cf9b50000, 0x00007f93291af0c0, 0x00007f93291af200, 0x00007f9332045000)
 Metaspace       used 30633K, capacity 31108K, committed 31488K, reserved 32768K
}
Event: 2952.950 GC heap before
{Heap before GC invocations=92 (full 7):
 def new generation   total 11739840K, used 11269593K [0x00007f87a4600000, 0x00007f8ac0880000, 0x00007f8cf9b50000)
  eden space 10435456K, 100% used [0x00007f87a4600000, 0x00007f8a214e0000, 0x00007f8a214e0000)
  from space 1304384K,  63% used [0x00007f8a70eb0000, 0x00007f8aa3d46528, 0x00007f8ac0880000)
  to   space 1304384K,   0% used [0x00007f8a214e0000, 0x00007f8a214e0000, 0x00007f8a70eb0000)
 tenured generation   total 26088404K, used 25942396K [0x00007f8cf9b50000, 0x00007f9332045000, 0x00007f97a4600000)
   the space 26088404K,  99% used [0x00007f8cf9b50000, 0x00007f93291af0c0, 0x00007f93291af200, 0x00007f9332045000)
 Metaspace       used 30633K, capacity 31108K, committed 31488K, reserved 32768K
}
Event: 2955.775 GC heap after
{Heap after GC invocations=93 (full 7):
 def new generation   total 11739840K, used 841789K [0x00007f87a4600000, 0x00007f8ac0880000, 0x00007f8cf9b50000)
  eden space 10435456K,   0% used [0x00007f87a4600000, 0x00007f87a4600000, 0x00007f8a214e0000)
  from space 1304384K,  64% used [0x00007f8a214e0000, 0x00007f8a54aef7a8, 0x00007f8a70eb0000)
  to   space 1304384K,   0% used [0x00007f8a70eb0000, 0x00007f8a70eb0000, 0x00007f8ac0880000)
 tenured generation   total 26776724K, used 26776533K [0x00007f8cf9b50000, 0x00007f935c075000, 0x00007f97a4600000)
   the space 26776724K,  99% used [0x00007f8cf9b50000, 0x00007f935c0455a8, 0x00007f935c045600, 0x00007f935c075000)
 Metaspace       used 30633K, capacity 31108K, committed 31488K, reserved 32768K
}
Event: 2955.775 GC heap before
{Heap before GC invocations=93 (full 7):
 def new generation   total 11739840K, used 841789K [0x00007f87a4600000, 0x00007f8ac0880000, 0x00007f8cf9b50000)
  eden space 10435456K,   0% used [0x00007f87a4600000, 0x00007f87a4600000, 0x00007f8a214e0000)
  from space 1304384K,  64% used [0x00007f8a214e0000, 0x00007f8a54aef7a8, 0x00007f8a70eb0000)
  to   space 1304384K,   0% used [0x00007f8a70eb0000, 0x00007f8a70eb0000, 0x00007f8ac0880000)
 tenured generation   total 26776724K, used 26776533K [0x00007f8cf9b50000, 0x00007f935c075000, 0x00007f97a4600000)
   the space 26776724K,  99% used [0x00007f8cf9b50000, 0x00007f935c0455a8, 0x00007f935c045600, 0x00007f935c075000)
 Metaspace       used 30633K, capacity 31108K, committed 31488K, reserved 32768K
}

