# JRE version: OpenJDK Runtime Environment (13.0.7+5) (build 13.0.7+5-Ubuntu-0ubuntu120.04)
# Java VM: OpenJDK 64-Bit Server VM (13.0.7+5-Ubuntu-0ubuntu120.04, mixed mode, tiered, serial gc, linux-amd64)
Heap:
 def new generation   total 1748160K, used 0K [0x00007f68a4600000, 0x00007f691aed0000, 0x00007f6df9b50000)
  eden space 1553984K,   0% used [0x00007f68a4600000, 0x00007f68a4600000, 0x00007f6903390000)
  from space 194176K,   0% used [0x00007f690f130000, 0x00007f690f130000, 0x00007f691aed0000)
  to   space 194176K,   0% used [0x00007f6903390000, 0x00007f6903390000, 0x00007f690f130000)
 tenured generation   total 3884780K, used 3877710K [0x00007f6df9b50000, 0x00007f6ee6d0b000, 0x00007f78a4600000)
   the space 3884780K,  99% used [0x00007f6df9b50000, 0x00007f6ee6623b20, 0x00007f6ee6623c00, 0x00007f6ee6d0b000)
 Metaspace       used 24271K, capacity 24658K, committed 24832K, reserved 26624K
GC Heap History (20 events):
Event: 8249.308 GC heap after
{Heap after GC invocations=8751 (full 3):
 def new generation   total 1748160K, used 11972K [0x00007f68a4600000, 0x00007f691aed0000, 0x00007f6df9b50000)
  eden space 1553984K,   0% used [0x00007f68a4600000, 0x00007f68a4600000, 0x00007f6903390000)
  from space 194176K,   6% used [0x00007f6903390000, 0x00007f6903f411c8, 0x00007f690f130000)
  to   space 194176K,   0% used [0x00007f690f130000, 0x00007f690f130000, 0x00007f691aed0000)
 tenured generation   total 3884588K, used 3877517K [0x00007f6df9b50000, 0x00007f6ee6cdb000, 0x00007f78a4600000)
   the space 3884588K,  99% used [0x00007f6df9b50000, 0x00007f6ee65f37e0, 0x00007f6ee65f3800, 0x00007f6ee6cdb000)
 Metaspace       used 24271K, capacity 24658K, committed 24832K, reserved 26624K
}
Event: 8250.727 GC heap before
{Heap before GC invocations=8751 (full 3):
 def new generation   total 1748160K, used 1565956K [0x00007f68a4600000, 0x00007f691aed0000, 0x00007f6df9b50000)
  eden space 1553984K, 100% used [0x00007f68a4600000, 0x00007f6903390000, 0x00007f6903390000)
  from space 194176K,   6% used [0x00007f6903390000, 0x00007f6903f411c8, 0x00007f690f130000)
  to   space 194176K,   0% used [0x00007f690f130000, 0x00007f690f130000, 0x00007f691aed0000)
 tenured generation   total 3884588K, used 3877517K [0x00007f6df9b50000, 0x00007f6ee6cdb000, 0x00007f78a4600000)
   the space 3884588K,  99% used [0x00007f6df9b50000, 0x00007f6ee65f37e0, 0x00007f6ee65f3800, 0x00007f6ee6cdb000)
 Metaspace       used 24271K, capacity 24658K, committed 24832K, reserved 26624K
}
Event: 8250.751 GC heap after
{Heap after GC invocations=8752 (full 3):
 def new generation   total 1748160K, used 11903K [0x00007f68a4600000, 0x00007f691aed0000, 0x00007f6df9b50000)
  eden space 1553984K,   0% used [0x00007f68a4600000, 0x00007f68a4600000, 0x00007f6903390000)
  from space 194176K,   6% used [0x00007f690f130000, 0x00007f690fccfe50, 0x00007f691aed0000)
  to   space 194176K,   0% used [0x00007f6903390000, 0x00007f6903390000, 0x00007f690f130000)
 tenured generation   total 3884588K, used 3878323K [0x00007f6df9b50000, 0x00007f6ee6cdb000, 0x00007f78a4600000)
   the space 3884588K,  99% used [0x00007f6df9b50000, 0x00007f6ee66bcfa0, 0x00007f6ee66bd000, 0x00007f6ee6cdb000)
 Metaspace       used 24271K, capacity 24658K, committed 24832K, reserved 26624K
}
Event: 8252.241 GC heap before
{Heap before GC invocations=8752 (full 3):
 def new generation   total 1748160K, used 1565887K [0x00007f68a4600000, 0x00007f691aed0000, 0x00007f6df9b50000)
  eden space 1553984K, 100% used [0x00007f68a4600000, 0x00007f6903390000, 0x00007f6903390000)
  from space 194176K,   6% used [0x00007f690f130000, 0x00007f690fccfe50, 0x00007f691aed0000)
  to   space 194176K,   0% used [0x00007f6903390000, 0x00007f6903390000, 0x00007f690f130000)
 tenured generation   total 3884588K, used 3878323K [0x00007f6df9b50000, 0x00007f6ee6cdb000, 0x00007f78a4600000)
   the space 3884588K,  99% used [0x00007f6df9b50000, 0x00007f6ee66bcfa0, 0x00007f6ee66bd000, 0x00007f6ee6cdb000)
 Metaspace       used 24271K, capacity 24658K, committed 24832K, reserved 26624K
}
Event: 8252.266 GC heap after
{Heap after GC invocations=8753 (full 3):
 def new generation   total 1748160K, used 11893K [0x00007f68a4600000, 0x00007f691aed0000, 0x00007f6df9b50000)
  eden space 1553984K,   0% used [0x00007f68a4600000, 0x00007f68a4600000, 0x00007f6903390000)
  from space 194176K,   6% used [0x00007f6903390000, 0x00007f6903f2d648, 0x00007f690f130000)
  to   space 194176K,   0% used [0x00007f690f130000, 0x00007f690f130000, 0x00007f691aed0000)
 tenured generation   total 3884588K, used 3879125K [0x00007f6df9b50000, 0x00007f6ee6cdb000, 0x00007f78a4600000)
   the space 3884588K,  99% used [0x00007f6df9b50000, 0x00007f6ee6785620, 0x00007f6ee6785800, 0x00007f6ee6cdb000)
 Metaspace       used 24271K, capacity 24658K, committed 24832K, reserved 26624K
}
Event: 8253.737 GC heap before
{Heap before GC invocations=8753 (full 3):
 def new generation   total 1748160K, used 1565877K [0x00007f68a4600000, 0x00007f691aed0000, 0x00007f6df9b50000)
  eden space 1553984K, 100% used [0x00007f68a4600000, 0x00007f6903390000, 0x00007f6903390000)
  from space 194176K,   6% used [0x00007f6903390000, 0x00007f6903f2d648, 0x00007f690f130000)
  to   space 194176K,   0% used [0x00007f690f130000, 0x00007f690f130000, 0x00007f691aed0000)
 tenured generation   total 3884588K, used 3879125K [0x00007f6df9b50000, 0x00007f6ee6cdb000, 0x00007f78a4600000)
   the space 3884588K,  99% used [0x00007f6df9b50000, 0x00007f6ee6785620, 0x00007f6ee6785800, 0x00007f6ee6cdb000)
 Metaspace       used 24271K, capacity 24658K, committed 24832K, reserved 26624K
}
Event: 8253.764 GC heap after
{Heap after GC invocations=8754 (full 3):
 def new generation   total 1748160K, used 11893K [0x00007f68a4600000, 0x00007f691aed0000, 0x00007f6df9b50000)
  eden space 1553984K,   0% used [0x00007f68a4600000, 0x00007f68a4600000, 0x00007f6903390000)
  from space 194176K,   6% used [0x00007f690f130000, 0x00007f690fccd7c8, 0x00007f691aed0000)
  to   space 194176K,   0% used [0x00007f6903390000, 0x00007f6903390000, 0x00007f690f130000)
 tenured generation   total 3884588K, used 3879927K [0x00007f6df9b50000, 0x00007f6ee6cdb000, 0x00007f78a4600000)
   the space 3884588K,  99% used [0x00007f6df9b50000, 0x00007f6ee684dca0, 0x00007f6ee684de00, 0x00007f6ee6cdb000)
 Metaspace       used 24271K, capacity 24658K, committed 24832K, reserved 26624K
}
Event: 8255.235 GC heap before
{Heap before GC invocations=8754 (full 3):
 def new generation   total 1748160K, used 1565877K [0x00007f68a4600000, 0x00007f691aed0000, 0x00007f6df9b50000)
  eden space 1553984K, 100% used [0x00007f68a4600000, 0x00007f6903390000, 0x00007f6903390000)
  from space 194176K,   6% used [0x00007f690f130000, 0x00007f690fccd7c8, 0x00007f691aed0000)
  to   space 194176K,   0% used [0x00007f6903390000, 0x00007f6903390000, 0x00007f690f130000)
 tenured generation   total 3884588K, used 3879927K [0x00007f6df9b50000, 0x00007f6ee6cdb000, 0x00007f78a4600000)
   the space 3884588K,  99% used [0x00007f6df9b50000, 0x00007f6ee684dca0, 0x00007f6ee684de00, 0x00007f6ee6cdb000)
 Metaspace       used 24271K, capacity 24658K, committed 24832K, reserved 26624K
}
Event: 8255.264 GC heap after
{Heap after GC invocations=8755 (full 3):
 def new generation   total 1748160K, used 11887K [0x00007f68a4600000, 0x00007f691aed0000, 0x00007f6df9b50000)
  eden space 1553984K,   0% used [0x00007f68a4600000, 0x00007f68a4600000, 0x00007f6903390000)
  from space 194176K,   6% used [0x00007f6903390000, 0x00007f6903f2bf08, 0x00007f690f130000)
  to   space 194176K,   0% used [0x00007f690f130000, 0x00007f690f130000, 0x00007f691aed0000)
 tenured generation   total 3884588K, used 3880728K [0x00007f6df9b50000, 0x00007f6ee6cdb000, 0x00007f78a4600000)
   the space 3884588K,  99% used [0x00007f6df9b50000, 0x00007f6ee6916368, 0x00007f6ee6916400, 0x00007f6ee6cdb000)
 Metaspace       used 24271K, capacity 24658K, committed 24832K, reserved 26624K
}
Event: 8256.724 GC heap before
{Heap before GC invocations=8755 (full 3):
 def new generation   total 1748160K, used 1565871K [0x00007f68a4600000, 0x00007f691aed0000, 0x00007f6df9b50000)
  eden space 1553984K, 100% used [0x00007f68a4600000, 0x00007f6903390000, 0x00007f6903390000)
  from space 194176K,   6% used [0x00007f6903390000, 0x00007f6903f2bf08, 0x00007f690f130000)
  to   space 194176K,   0% used [0x00007f690f130000, 0x00007f690f130000, 0x00007f691aed0000)
 tenured generation   total 3884588K, used 3880728K [0x00007f6df9b50000, 0x00007f6ee6cdb000, 0x00007f78a4600000)
   the space 3884588K,  99% used [0x00007f6df9b50000, 0x00007f6ee6916368, 0x00007f6ee6916400, 0x00007f6ee6cdb000)
 Metaspace       used 24271K, capacity 24658K, committed 24832K, reserved 26624K
}
Event: 8256.753 GC heap after
{Heap after GC invocations=8756 (full 3):
 def new generation   total 1748160K, used 11959K [0x00007f68a4600000, 0x00007f691aed0000, 0x00007f6df9b50000)
  eden space 1553984K,   0% used [0x00007f68a4600000, 0x00007f68a4600000, 0x00007f6903390000)
  from space 194176K,   6% used [0x00007f690f130000, 0x00007f690fcddf18, 0x00007f691aed0000)
  to   space 194176K,   0% used [0x00007f6903390000, 0x00007f6903390000, 0x00007f690f130000)
 tenured generation   total 3884588K, used 3881456K [0x00007f6df9b50000, 0x00007f6ee6cdb000, 0x00007f78a4600000)
   the space 3884588K,  99% used [0x00007f6df9b50000, 0x00007f6ee69cc348, 0x00007f6ee69cc400, 0x00007f6ee6cdb000)
 Metaspace       used 24271K, capacity 24658K, committed 24832K, reserved 26624K
}
Event: 8258.253 GC heap before
{Heap before GC invocations=8756 (full 3):
 def new generation   total 1748160K, used 1565943K [0x00007f68a4600000, 0x00007f691aed0000, 0x00007f6df9b50000)
  eden space 1553984K, 100% used [0x00007f68a4600000, 0x00007f6903390000, 0x00007f6903390000)
  from space 194176K,   6% used [0x00007f690f130000, 0x00007f690fcddf18, 0x00007f691aed0000)
  to   space 194176K,   0% used [0x00007f6903390000, 0x00007f6903390000, 0x00007f690f130000)
 tenured generation   total 3884588K, used 3881456K [0x00007f6df9b50000, 0x00007f6ee6cdb000, 0x00007f78a4600000)
   the space 3884588K,  99% used [0x00007f6df9b50000, 0x00007f6ee69cc348, 0x00007f6ee69cc400, 0x00007f6ee6cdb000)
 Metaspace       used 24271K, capacity 24658K, committed 24832K, reserved 26624K
}
Event: 8258.288 GC heap after
{Heap after GC invocations=8757 (full 3):
 def new generation   total 1748160K, used 11969K [0x00007f68a4600000, 0x00007f691aed0000, 0x00007f6df9b50000)
  eden space 1553984K,   0% used [0x00007f68a4600000, 0x00007f68a4600000, 0x00007f6903390000)
  from space 194176K,   6% used [0x00007f6903390000, 0x00007f6903f405a8, 0x00007f690f130000)
  to   space 194176K,   0% used [0x00007f690f130000, 0x00007f690f130000, 0x00007f691aed0000)
 tenured generation   total 3884588K, used 3882240K [0x00007f6df9b50000, 0x00007f6ee6cdb000, 0x00007f78a4600000)
   the space 3884588K,  99% used [0x00007f6df9b50000, 0x00007f6ee6a900e8, 0x00007f6ee6a90200, 0x00007f6ee6cdb000)
 Metaspace       used 24271K, capacity 24658K, committed 24832K, reserved 26624K
}
Event: 8259.696 GC heap before
{Heap before GC invocations=8757 (full 3):
 def new generation   total 1748160K, used 1565953K [0x00007f68a4600000, 0x00007f691aed0000, 0x00007f6df9b50000)
  eden space 1553984K, 100% used [0x00007f68a4600000, 0x00007f6903390000, 0x00007f6903390000)
  from space 194176K,   6% used [0x00007f6903390000, 0x00007f6903f405a8, 0x00007f690f130000)
  to   space 194176K,   0% used [0x00007f690f130000, 0x00007f690f130000, 0x00007f691aed0000)
 tenured generation   total 3884588K, used 3882240K [0x00007f6df9b50000, 0x00007f6ee6cdb000, 0x00007f78a4600000)
   the space 3884588K,  99% used [0x00007f6df9b50000, 0x00007f6ee6a900e8, 0x00007f6ee6a90200, 0x00007f6ee6cdb000)
 Metaspace       used 24271K, capacity 24658K, committed 24832K, reserved 26624K
}
Event: 8259.731 GC heap after
{Heap after GC invocations=8758 (full 3):
 def new generation   total 1748160K, used 11967K [0x00007f68a4600000, 0x00007f691aed0000, 0x00007f6df9b50000)
  eden space 1553984K,   0% used [0x00007f68a4600000, 0x00007f68a4600000, 0x00007f6903390000)
  from space 194176K,   6% used [0x00007f690f130000, 0x00007f690fcdfc90, 0x00007f691aed0000)
  to   space 194176K,   0% used [0x00007f6903390000, 0x00007f6903390000, 0x00007f690f130000)
 tenured generation   total 3884588K, used 3883041K [0x00007f6df9b50000, 0x00007f6ee6cdb000, 0x00007f78a4600000)
   the space 3884588K,  99% used [0x00007f6df9b50000, 0x00007f6ee6b58768, 0x00007f6ee6b58800, 0x00007f6ee6cdb000)
 Metaspace       used 24271K, capacity 24658K, committed 24832K, reserved 26624K
}
Event: 8261.201 GC heap before
{Heap before GC invocations=8758 (full 3):
 def new generation   total 1748160K, used 1565951K [0x00007f68a4600000, 0x00007f691aed0000, 0x00007f6df9b50000)
  eden space 1553984K, 100% used [0x00007f68a4600000, 0x00007f6903390000, 0x00007f6903390000)
  from space 194176K,   6% used [0x00007f690f130000, 0x00007f690fcdfc90, 0x00007f691aed0000)
  to   space 194176K,   0% used [0x00007f6903390000, 0x00007f6903390000, 0x00007f690f130000)
 tenured generation   total 3884588K, used 3883041K [0x00007f6df9b50000, 0x00007f6ee6cdb000, 0x00007f78a4600000)
   the space 3884588K,  99% used [0x00007f6df9b50000, 0x00007f6ee6b58768, 0x00007f6ee6b58800, 0x00007f6ee6cdb000)
 Metaspace       used 24271K, capacity 24658K, committed 24832K, reserved 26624K
}
Event: 8261.226 GC heap after
{Heap after GC invocations=8759 (full 3):
 def new generation   total 1748160K, used 11970K [0x00007f68a4600000, 0x00007f691aed0000, 0x00007f6df9b50000)
  eden space 1553984K,   0% used [0x00007f68a4600000, 0x00007f68a4600000, 0x00007f6903390000)
  from space 194176K,   6% used [0x00007f6903390000, 0x00007f6903f40b00, 0x00007f690f130000)
  to   space 194176K,   0% used [0x00007f690f130000, 0x00007f690f130000, 0x00007f691aed0000)
 tenured generation   total 3884588K, used 3883843K [0x00007f6df9b50000, 0x00007f6ee6cdb000, 0x00007f78a4600000)
   the space 3884588K,  99% used [0x00007f6df9b50000, 0x00007f6ee6c20de8, 0x00007f6ee6c20e00, 0x00007f6ee6cdb000)
 Metaspace       used 24271K, capacity 24658K, committed 24832K, reserved 26624K
}
Event: 8262.706 GC heap before
{Heap before GC invocations=8759 (full 3):
 def new generation   total 1748160K, used 1565954K [0x00007f68a4600000, 0x00007f691aed0000, 0x00007f6df9b50000)
  eden space 1553984K, 100% used [0x00007f68a4600000, 0x00007f6903390000, 0x00007f6903390000)
  from space 194176K,   6% used [0x00007f6903390000, 0x00007f6903f40b00, 0x00007f690f130000)
  to   space 194176K,   0% used [0x00007f690f130000, 0x00007f690f130000, 0x00007f691aed0000)
 tenured generation   total 3884588K, used 3883843K [0x00007f6df9b50000, 0x00007f6ee6cdb000, 0x00007f78a4600000)
   the space 3884588K,  99% used [0x00007f6df9b50000, 0x00007f6ee6c20de8, 0x00007f6ee6c20e00, 0x00007f6ee6cdb000)
 Metaspace       used 24271K, capacity 24658K, committed 24832K, reserved 26624K
}
Event: 8262.736 GC heap after
{Heap after GC invocations=8760 (full 3):
 def new generation   total 1748160K, used 11968K [0x00007f68a4600000, 0x00007f691aed0000, 0x00007f6df9b50000)
  eden space 1553984K,   0% used [0x00007f68a4600000, 0x00007f68a4600000, 0x00007f6903390000)
  from space 194176K,   6% used [0x00007f690f130000, 0x00007f690fce0040, 0x00007f691aed0000)
  to   space 194176K,   0% used [0x00007f6903390000, 0x00007f6903390000, 0x00007f690f130000)
 tenured generation   total 3884780K, used 3884645K [0x00007f6df9b50000, 0x00007f6ee6d0b000, 0x00007f78a4600000)
   the space 3884780K,  99% used [0x00007f6df9b50000, 0x00007f6ee6ce9468, 0x00007f6ee6ce9600, 0x00007f6ee6d0b000)
 Metaspace       used 24271K, capacity 24658K, committed 24832K, reserved 26624K
}
Event: 8262.736 GC heap before
{Heap before GC invocations=8760 (full 3):
 def new generation   total 1748160K, used 11968K [0x00007f68a4600000, 0x00007f691aed0000, 0x00007f6df9b50000)
  eden space 1553984K,   0% used [0x00007f68a4600000, 0x00007f68a4600000, 0x00007f6903390000)
  from space 194176K,   6% used [0x00007f690f130000, 0x00007f690fce0040, 0x00007f691aed0000)
  to   space 194176K,   0% used [0x00007f6903390000, 0x00007f6903390000, 0x00007f690f130000)
 tenured generation   total 3884780K, used 3884645K [0x00007f6df9b50000, 0x00007f6ee6d0b000, 0x00007f78a4600000)
   the space 3884780K,  99% used [0x00007f6df9b50000, 0x00007f6ee6ce9468, 0x00007f6ee6ce9600, 0x00007f6ee6d0b000)
 Metaspace       used 24271K, capacity 24658K, committed 24832K, reserved 26624K
}

