# JRE version: OpenJDK Runtime Environment (13.0.7+5) (build 13.0.7+5-Ubuntu-0ubuntu120.04)
# Java VM: OpenJDK 64-Bit Server VM (13.0.7+5-Ubuntu-0ubuntu120.04, mixed mode, tiered, serial gc, linux-amd64)
Heap:
 def new generation   total 1178368K, used 606K [0x00007fe080600000, 0x00007fe0d0490000, 0x00007fe5d5b50000)
  eden space 1047488K,   0% used [0x00007fe080600000, 0x00007fe0806978f0, 0x00007fe0c04f0000)
  from space 130880K,   0% used [0x00007fe0c04f0000, 0x00007fe0c04f0000, 0x00007fe0c84c0000)
  to   space 130880K,   0% used [0x00007fe0c84c0000, 0x00007fe0c84c0000, 0x00007fe0d0490000)
 tenured generation   total 2618436K, used 2618435K [0x00007fe5d5b50000, 0x00007fe675861000, 0x00007ff080600000)
   the space 2618436K,  99% used [0x00007fe5d5b50000, 0x00007fe675860f68, 0x00007fe675861000, 0x00007fe675861000)
 Metaspace       used 24330K, capacity 24756K, committed 24832K, reserved 26624K
GC Heap History (20 events):
Event: 59562.193 GC heap after
{Heap after GC invocations=99788 (full 86):
 def new generation   total 1178368K, used 595K [0x00007fe080600000, 0x00007fe0d0490000, 0x00007fe5d5b50000)
  eden space 1047488K,   0% used [0x00007fe080600000, 0x00007fe080600000, 0x00007fe0c04f0000)
  from space 130880K,   0% used [0x00007fe0c84c0000, 0x00007fe0c8554e28, 0x00007fe0d0490000)
  to   space 130880K,   0% used [0x00007fe0c04f0000, 0x00007fe0c04f0000, 0x00007fe0c84c0000)
 tenured generation   total 2618436K, used 2618105K [0x00007fe5d5b50000, 0x00007fe675861000, 0x00007ff080600000)
   the space 2618436K,  99% used [0x00007fe5d5b50000, 0x00007fe67580e5f8, 0x00007fe67580e600, 0x00007fe675861000)
 Metaspace       used 24330K, capacity 24756K, committed 24832K, reserved 26624K
}
Event: 59562.884 GC heap before
{Heap before GC invocations=99788 (full 86):
 def new generation   total 1178368K, used 1048083K [0x00007fe080600000, 0x00007fe0d0490000, 0x00007fe5d5b50000)
  eden space 1047488K, 100% used [0x00007fe080600000, 0x00007fe0c04f0000, 0x00007fe0c04f0000)
  from space 130880K,   0% used [0x00007fe0c84c0000, 0x00007fe0c8554e28, 0x00007fe0d0490000)
  to   space 130880K,   0% used [0x00007fe0c04f0000, 0x00007fe0c04f0000, 0x00007fe0c84c0000)
 tenured generation   total 2618436K, used 2618105K [0x00007fe5d5b50000, 0x00007fe675861000, 0x00007ff080600000)
   the space 2618436K,  99% used [0x00007fe5d5b50000, 0x00007fe67580e5f8, 0x00007fe67580e600, 0x00007fe675861000)
 Metaspace       used 24330K, capacity 24756K, committed 24832K, reserved 26624K
}
Event: 59562.889 GC heap after
{Heap after GC invocations=99789 (full 86):
 def new generation   total 1178368K, used 609K [0x00007fe080600000, 0x00007fe0d0490000, 0x00007fe5d5b50000)
  eden space 1047488K,   0% used [0x00007fe080600000, 0x00007fe080600000, 0x00007fe0c04f0000)
  from space 130880K,   0% used [0x00007fe0c04f0000, 0x00007fe0c0588608, 0x00007fe0c84c0000)
  to   space 130880K,   0% used [0x00007fe0c84c0000, 0x00007fe0c84c0000, 0x00007fe0d0490000)
 tenured generation   total 2618436K, used 2618135K [0x00007fe5d5b50000, 0x00007fe675861000, 0x00007ff080600000)
   the space 2618436K,  99% used [0x00007fe5d5b50000, 0x00007fe675815c48, 0x00007fe675815e00, 0x00007fe675861000)
 Metaspace       used 24330K, capacity 24756K, committed 24832K, reserved 26624K
}
Event: 59563.657 GC heap before
{Heap before GC invocations=99789 (full 86):
 def new generation   total 1178368K, used 1048097K [0x00007fe080600000, 0x00007fe0d0490000, 0x00007fe5d5b50000)
  eden space 1047488K, 100% used [0x00007fe080600000, 0x00007fe0c04f0000, 0x00007fe0c04f0000)
  from space 130880K,   0% used [0x00007fe0c04f0000, 0x00007fe0c0588608, 0x00007fe0c84c0000)
  to   space 130880K,   0% used [0x00007fe0c84c0000, 0x00007fe0c84c0000, 0x00007fe0d0490000)
 tenured generation   total 2618436K, used 2618135K [0x00007fe5d5b50000, 0x00007fe675861000, 0x00007ff080600000)
   the space 2618436K,  99% used [0x00007fe5d5b50000, 0x00007fe675815c48, 0x00007fe675815e00, 0x00007fe675861000)
 Metaspace       used 24330K, capacity 24756K, committed 24832K, reserved 26624K
}
Event: 59563.661 GC heap after
{Heap after GC invocations=99790 (full 86):
 def new generation   total 1178368K, used 605K [0x00007fe080600000, 0x00007fe0d0490000, 0x00007fe5d5b50000)
  eden space 1047488K,   0% used [0x00007fe080600000, 0x00007fe080600000, 0x00007fe0c04f0000)
  from space 130880K,   0% used [0x00007fe0c84c0000, 0x00007fe0c85574a0, 0x00007fe0d0490000)
  to   space 130880K,   0% used [0x00007fe0c04f0000, 0x00007fe0c04f0000, 0x00007fe0c84c0000)
 tenured generation   total 2618436K, used 2618164K [0x00007fe5d5b50000, 0x00007fe675861000, 0x00007ff080600000)
   the space 2618436K,  99% used [0x00007fe5d5b50000, 0x00007fe67581d298, 0x00007fe67581d400, 0x00007fe675861000)
 Metaspace       used 24330K, capacity 24756K, committed 24832K, reserved 26624K
}
Event: 59564.546 GC heap before
{Heap before GC invocations=99790 (full 86):
 def new generation   total 1178368K, used 1048093K [0x00007fe080600000, 0x00007fe0d0490000, 0x00007fe5d5b50000)
  eden space 1047488K, 100% used [0x00007fe080600000, 0x00007fe0c04f0000, 0x00007fe0c04f0000)
  from space 130880K,   0% used [0x00007fe0c84c0000, 0x00007fe0c85574a0, 0x00007fe0d0490000)
  to   space 130880K,   0% used [0x00007fe0c04f0000, 0x00007fe0c04f0000, 0x00007fe0c84c0000)
 tenured generation   total 2618436K, used 2618164K [0x00007fe5d5b50000, 0x00007fe675861000, 0x00007ff080600000)
   the space 2618436K,  99% used [0x00007fe5d5b50000, 0x00007fe67581d298, 0x00007fe67581d400, 0x00007fe675861000)
 Metaspace       used 24330K, capacity 24756K, committed 24832K, reserved 26624K
}
Event: 59564.551 GC heap after
{Heap after GC invocations=99791 (full 86):
 def new generation   total 1178368K, used 611K [0x00007fe080600000, 0x00007fe0d0490000, 0x00007fe5d5b50000)
  eden space 1047488K,   0% used [0x00007fe080600000, 0x00007fe080600000, 0x00007fe0c04f0000)
  from space 130880K,   0% used [0x00007fe0c04f0000, 0x00007fe0c0588d38, 0x00007fe0c84c0000)
  to   space 130880K,   0% used [0x00007fe0c84c0000, 0x00007fe0c84c0000, 0x00007fe0d0490000)
 tenured generation   total 2618436K, used 2618195K [0x00007fe5d5b50000, 0x00007fe675861000, 0x00007ff080600000)
   the space 2618436K,  99% used [0x00007fe5d5b50000, 0x00007fe675824d68, 0x00007fe675824e00, 0x00007fe675861000)
 Metaspace       used 24330K, capacity 24756K, committed 24832K, reserved 26624K
}
Event: 59565.326 GC heap before
{Heap before GC invocations=99791 (full 86):
 def new generation   total 1178368K, used 1048099K [0x00007fe080600000, 0x00007fe0d0490000, 0x00007fe5d5b50000)
  eden space 1047488K, 100% used [0x00007fe080600000, 0x00007fe0c04f0000, 0x00007fe0c04f0000)
  from space 130880K,   0% used [0x00007fe0c04f0000, 0x00007fe0c0588d38, 0x00007fe0c84c0000)
  to   space 130880K,   0% used [0x00007fe0c84c0000, 0x00007fe0c84c0000, 0x00007fe0d0490000)
 tenured generation   total 2618436K, used 2618195K [0x00007fe5d5b50000, 0x00007fe675861000, 0x00007ff080600000)
   the space 2618436K,  99% used [0x00007fe5d5b50000, 0x00007fe675824d68, 0x00007fe675824e00, 0x00007fe675861000)
 Metaspace       used 24330K, capacity 24756K, committed 24832K, reserved 26624K
}
Event: 59565.330 GC heap after
{Heap after GC invocations=99792 (full 86):
 def new generation   total 1178368K, used 591K [0x00007fe080600000, 0x00007fe0d0490000, 0x00007fe5d5b50000)
  eden space 1047488K,   0% used [0x00007fe080600000, 0x00007fe080600000, 0x00007fe0c04f0000)
  from space 130880K,   0% used [0x00007fe0c84c0000, 0x00007fe0c8553e48, 0x00007fe0d0490000)
  to   space 130880K,   0% used [0x00007fe0c04f0000, 0x00007fe0c04f0000, 0x00007fe0c84c0000)
 tenured generation   total 2618436K, used 2618253K [0x00007fe5d5b50000, 0x00007fe675861000, 0x00007ff080600000)
   the space 2618436K,  99% used [0x00007fe5d5b50000, 0x00007fe675833588, 0x00007fe675833600, 0x00007fe675861000)
 Metaspace       used 24330K, capacity 24756K, committed 24832K, reserved 26624K
}
Event: 59566.117 GC heap before
{Heap before GC invocations=99792 (full 86):
 def new generation   total 1178368K, used 1048079K [0x00007fe080600000, 0x00007fe0d0490000, 0x00007fe5d5b50000)
  eden space 1047488K, 100% used [0x00007fe080600000, 0x00007fe0c04f0000, 0x00007fe0c04f0000)
  from space 130880K,   0% used [0x00007fe0c84c0000, 0x00007fe0c8553e48, 0x00007fe0d0490000)
  to   space 130880K,   0% used [0x00007fe0c04f0000, 0x00007fe0c04f0000, 0x00007fe0c84c0000)
 tenured generation   total 2618436K, used 2618253K [0x00007fe5d5b50000, 0x00007fe675861000, 0x00007ff080600000)
   the space 2618436K,  99% used [0x00007fe5d5b50000, 0x00007fe675833588, 0x00007fe675833600, 0x00007fe675861000)
 Metaspace       used 24330K, capacity 24756K, committed 24832K, reserved 26624K
}
Event: 59566.122 GC heap after
{Heap after GC invocations=99793 (full 86):
 def new generation   total 1178368K, used 605K [0x00007fe080600000, 0x00007fe0d0490000, 0x00007fe5d5b50000)
  eden space 1047488K,   0% used [0x00007fe080600000, 0x00007fe080600000, 0x00007fe0c04f0000)
  from space 130880K,   0% used [0x00007fe0c04f0000, 0x00007fe0c0587750, 0x00007fe0c84c0000)
  to   space 130880K,   0% used [0x00007fe0c84c0000, 0x00007fe0c84c0000, 0x00007fe0d0490000)
 tenured generation   total 2618436K, used 2618282K [0x00007fe5d5b50000, 0x00007fe675861000, 0x00007ff080600000)
   the space 2618436K,  99% used [0x00007fe5d5b50000, 0x00007fe67583abd8, 0x00007fe67583ac00, 0x00007fe675861000)
 Metaspace       used 24330K, capacity 24756K, committed 24832K, reserved 26624K
}
Event: 59566.804 GC heap before
{Heap before GC invocations=99793 (full 86):
 def new generation   total 1178368K, used 1048093K [0x00007fe080600000, 0x00007fe0d0490000, 0x00007fe5d5b50000)
  eden space 1047488K, 100% used [0x00007fe080600000, 0x00007fe0c04f0000, 0x00007fe0c04f0000)
  from space 130880K,   0% used [0x00007fe0c04f0000, 0x00007fe0c0587750, 0x00007fe0c84c0000)
  to   space 130880K,   0% used [0x00007fe0c84c0000, 0x00007fe0c84c0000, 0x00007fe0d0490000)
 tenured generation   total 2618436K, used 2618282K [0x00007fe5d5b50000, 0x00007fe675861000, 0x00007ff080600000)
   the space 2618436K,  99% used [0x00007fe5d5b50000, 0x00007fe67583abd8, 0x00007fe67583ac00, 0x00007fe675861000)
 Metaspace       used 24330K, capacity 24756K, committed 24832K, reserved 26624K
}
Event: 59566.809 GC heap after
{Heap after GC invocations=99794 (full 86):
 def new generation   total 1178368K, used 621K [0x00007fe080600000, 0x00007fe0d0490000, 0x00007fe5d5b50000)
  eden space 1047488K,   0% used [0x00007fe080600000, 0x00007fe080600000, 0x00007fe0c04f0000)
  from space 130880K,   0% used [0x00007fe0c84c0000, 0x00007fe0c855b488, 0x00007fe0d0490000)
  to   space 130880K,   0% used [0x00007fe0c04f0000, 0x00007fe0c04f0000, 0x00007fe0c84c0000)
 tenured generation   total 2618436K, used 2618312K [0x00007fe5d5b50000, 0x00007fe675861000, 0x00007ff080600000)
   the space 2618436K,  99% used [0x00007fe5d5b50000, 0x00007fe675842228, 0x00007fe675842400, 0x00007fe675861000)
 Metaspace       used 24330K, capacity 24756K, committed 24832K, reserved 26624K
}
Event: 59567.566 GC heap before
{Heap before GC invocations=99794 (full 86):
 def new generation   total 1178368K, used 1048109K [0x00007fe080600000, 0x00007fe0d0490000, 0x00007fe5d5b50000)
  eden space 1047488K, 100% used [0x00007fe080600000, 0x00007fe0c04f0000, 0x00007fe0c04f0000)
  from space 130880K,   0% used [0x00007fe0c84c0000, 0x00007fe0c855b488, 0x00007fe0d0490000)
  to   space 130880K,   0% used [0x00007fe0c04f0000, 0x00007fe0c04f0000, 0x00007fe0c84c0000)
 tenured generation   total 2618436K, used 2618312K [0x00007fe5d5b50000, 0x00007fe675861000, 0x00007ff080600000)
   the space 2618436K,  99% used [0x00007fe5d5b50000, 0x00007fe675842228, 0x00007fe675842400, 0x00007fe675861000)
 Metaspace       used 24330K, capacity 24756K, committed 24832K, reserved 26624K
}
Event: 59567.571 GC heap after
{Heap after GC invocations=99795 (full 86):
 def new generation   total 1178368K, used 621K [0x00007fe080600000, 0x00007fe0d0490000, 0x00007fe5d5b50000)
  eden space 1047488K,   0% used [0x00007fe080600000, 0x00007fe080600000, 0x00007fe0c04f0000)
  from space 130880K,   0% used [0x00007fe0c04f0000, 0x00007fe0c058b630, 0x00007fe0c84c0000)
  to   space 130880K,   0% used [0x00007fe0c84c0000, 0x00007fe0c84c0000, 0x00007fe0d0490000)
 tenured generation   total 2618436K, used 2618343K [0x00007fe5d5b50000, 0x00007fe675861000, 0x00007ff080600000)
   the space 2618436K,  99% used [0x00007fe5d5b50000, 0x00007fe675849cf8, 0x00007fe675849e00, 0x00007fe675861000)
 Metaspace       used 24330K, capacity 24756K, committed 24832K, reserved 26624K
}
Event: 59568.373 GC heap before
{Heap before GC invocations=99795 (full 86):
 def new generation   total 1178368K, used 1048109K [0x00007fe080600000, 0x00007fe0d0490000, 0x00007fe5d5b50000)
  eden space 1047488K, 100% used [0x00007fe080600000, 0x00007fe0c04f0000, 0x00007fe0c04f0000)
  from space 130880K,   0% used [0x00007fe0c04f0000, 0x00007fe0c058b630, 0x00007fe0c84c0000)
  to   space 130880K,   0% used [0x00007fe0c84c0000, 0x00007fe0c84c0000, 0x00007fe0d0490000)
 tenured generation   total 2618436K, used 2618343K [0x00007fe5d5b50000, 0x00007fe675861000, 0x00007ff080600000)
   the space 2618436K,  99% used [0x00007fe5d5b50000, 0x00007fe675849cf8, 0x00007fe675849e00, 0x00007fe675861000)
 Metaspace       used 24330K, capacity 24756K, committed 24832K, reserved 26624K
}
Event: 59568.378 GC heap after
{Heap after GC invocations=99796 (full 86):
 def new generation   total 1178368K, used 587K [0x00007fe080600000, 0x00007fe0d0490000, 0x00007fe5d5b50000)
  eden space 1047488K,   0% used [0x00007fe080600000, 0x00007fe080600000, 0x00007fe0c04f0000)
  from space 130880K,   0% used [0x00007fe0c84c0000, 0x00007fe0c8552c98, 0x00007fe0d0490000)
  to   space 130880K,   0% used [0x00007fe0c04f0000, 0x00007fe0c04f0000, 0x00007fe0c84c0000)
 tenured generation   total 2618436K, used 2618401K [0x00007fe5d5b50000, 0x00007fe675861000, 0x00007ff080600000)
   the space 2618436K,  99% used [0x00007fe5d5b50000, 0x00007fe675858518, 0x00007fe675858600, 0x00007fe675861000)
 Metaspace       used 24330K, capacity 24756K, committed 24832K, reserved 26624K
}
Event: 59569.146 GC heap before
{Heap before GC invocations=99796 (full 86):
 def new generation   total 1178368K, used 1048075K [0x00007fe080600000, 0x00007fe0d0490000, 0x00007fe5d5b50000)
  eden space 1047488K, 100% used [0x00007fe080600000, 0x00007fe0c04f0000, 0x00007fe0c04f0000)
  from space 130880K,   0% used [0x00007fe0c84c0000, 0x00007fe0c8552c98, 0x00007fe0d0490000)
  to   space 130880K,   0% used [0x00007fe0c04f0000, 0x00007fe0c04f0000, 0x00007fe0c84c0000)
 tenured generation   total 2618436K, used 2618401K [0x00007fe5d5b50000, 0x00007fe675861000, 0x00007ff080600000)
   the space 2618436K,  99% used [0x00007fe5d5b50000, 0x00007fe675858518, 0x00007fe675858600, 0x00007fe675861000)
 Metaspace       used 24330K, capacity 24756K, committed 24832K, reserved 26624K
}
Event: 59569.150 GC heap after
{Heap after GC invocations=99797 (full 86):
 def new generation   total 1178368K, used 611K [0x00007fe080600000, 0x00007fe0d0490000, 0x00007fe5d5b50000)
  eden space 1047488K,   0% used [0x00007fe080600000, 0x00007fe080600000, 0x00007fe0c04f0000)
  from space 130880K,   0% used [0x00007fe0c04f0000, 0x00007fe0c0588cf0, 0x00007fe0c84c0000)
  to   space 130880K,   0% used [0x00007fe0c84c0000, 0x00007fe0c84c0000, 0x00007fe0d0490000)
 tenured generation   total 2618436K, used 2618430K [0x00007fe5d5b50000, 0x00007fe675861000, 0x00007ff080600000)
   the space 2618436K,  99% used [0x00007fe5d5b50000, 0x00007fe67585fb68, 0x00007fe67585fc00, 0x00007fe675861000)
 Metaspace       used 24330K, capacity 24756K, committed 24832K, reserved 26624K
}
Event: 59569.150 GC heap before
{Heap before GC invocations=99797 (full 86):
 def new generation   total 1178368K, used 611K [0x00007fe080600000, 0x00007fe0d0490000, 0x00007fe5d5b50000)
  eden space 1047488K,   0% used [0x00007fe080600000, 0x00007fe080600000, 0x00007fe0c04f0000)
  from space 130880K,   0% used [0x00007fe0c04f0000, 0x00007fe0c0588cf0, 0x00007fe0c84c0000)
  to   space 130880K,   0% used [0x00007fe0c84c0000, 0x00007fe0c84c0000, 0x00007fe0d0490000)
 tenured generation   total 2618436K, used 2618430K [0x00007fe5d5b50000, 0x00007fe675861000, 0x00007ff080600000)
   the space 2618436K,  99% used [0x00007fe5d5b50000, 0x00007fe67585fb68, 0x00007fe67585fc00, 0x00007fe675861000)
 Metaspace       used 24330K, capacity 24756K, committed 24832K, reserved 26624K
}

