# JRE version: OpenJDK Runtime Environment (13.0.7+5) (build 13.0.7+5-Ubuntu-0ubuntu120.04)
# Java VM: OpenJDK 64-Bit Server VM (13.0.7+5-Ubuntu-0ubuntu120.04, mixed mode, tiered, serial gc, linux-amd64)
Heap:
 def new generation   total 629248K, used 535349K [0x00007f4868400000, 0x00007f4892ec0000, 0x00007f4dbd950000)
  eden space 559360K,  95% used [0x00007f4868400000, 0x00007f4888ecd4c8, 0x00007f488a640000)
  from space 69888K,   0% used [0x00007f488a640000, 0x00007f488a640200, 0x00007f488ea80000)
  to   space 69888K,   0% used [0x00007f488ea80000, 0x00007f488ea80178, 0x00007f4892ec0000)
 tenured generation   total 1398144K, used 1111514K [0x00007f4dbd950000, 0x00007f4e12eb0000, 0x00007f5868400000)
   the space 1398144K,  79% used [0x00007f4dbd950000, 0x00007f4e016c6ab8, 0x00007f4e016c6c00, 0x00007f4e12eb0000)
 Metaspace       used 24063K, capacity 24482K, committed 24576K, reserved 24576K
GC Heap History (20 events):
Event: 2737.700 GC heap after
{Heap after GC invocations=2545 (full 1739):
 def new generation   total 629248K, used 0K [0x00007f4868400000, 0x00007f4892ec0000, 0x00007f4dbd950000)
  eden space 559360K,   0% used [0x00007f4868400000, 0x00007f4868400000, 0x00007f488a640000)
  from space 69888K,   0% used [0x00007f488a640000, 0x00007f488a640000, 0x00007f488ea80000)
  to   space 69888K,   0% used [0x00007f488ea80000, 0x00007f488ea80000, 0x00007f4892ec0000)
 tenured generation   total 1398144K, used 587141K [0x00007f4dbd950000, 0x00007f4e12eb0000, 0x00007f5868400000)
   the space 1398144K,  41% used [0x00007f4dbd950000, 0x00007f4de16b1418, 0x00007f4de16b1600, 0x00007f4e12eb0000)
 Metaspace       used 24063K, capacity 24482K, committed 24576K, reserved 24576K
}
Event: 2738.036 GC heap before
{Heap before GC invocations=2545 (full 1739):
 def new generation   total 629248K, used 535406K [0x00007f4868400000, 0x00007f4892ec0000, 0x00007f4dbd950000)
  eden space 559360K,  95% used [0x00007f4868400000, 0x00007f4888edb9b0, 0x00007f488a640000)
  from space 69888K,   0% used [0x00007f488a640000, 0x00007f488a640000, 0x00007f488ea80000)
  to   space 69888K,   0% used [0x00007f488ea80000, 0x00007f488ea80000, 0x00007f4892ec0000)
 tenured generation   total 1398144K, used 587141K [0x00007f4dbd950000, 0x00007f4e12eb0000, 0x00007f5868400000)
   the space 1398144K,  41% used [0x00007f4dbd950000, 0x00007f4de16b1418, 0x00007f4de16b1600, 0x00007f4e12eb0000)
 Metaspace       used 24063K, capacity 24482K, committed 24576K, reserved 24576K
}
Event: 2738.246 GC heap after
{Heap after GC invocations=2546 (full 1739):
 def new generation   total 629248K, used 0K [0x00007f4868400000, 0x00007f4892ec0000, 0x00007f4dbd950000)
  eden space 559360K,   0% used [0x00007f4868400000, 0x00007f4868400000, 0x00007f488a640000)
  from space 69888K,   0% used [0x00007f488ea80000, 0x00007f488ea80200, 0x00007f4892ec0000)
  to   space 69888K,   0% used [0x00007f488a640000, 0x00007f488a640000, 0x00007f488ea80000)
 tenured generation   total 1398144K, used 1111429K [0x00007f4dbd950000, 0x00007f4e12eb0000, 0x00007f5868400000)
   the space 1398144K,  79% used [0x00007f4dbd950000, 0x00007f4e016b1430, 0x00007f4e016b1600, 0x00007f4e12eb0000)
 Metaspace       used 24063K, capacity 24482K, committed 24576K, reserved 24576K
}
Event: 2738.811 GC heap before
{Heap before GC invocations=2546 (full 1739):
 def new generation   total 629248K, used 535349K [0x00007f4868400000, 0x00007f4892ec0000, 0x00007f4dbd950000)
  eden space 559360K,  95% used [0x00007f4868400000, 0x00007f4888ecd4c8, 0x00007f488a640000)
  from space 69888K,   0% used [0x00007f488ea80000, 0x00007f488ea80200, 0x00007f4892ec0000)
  to   space 69888K,   0% used [0x00007f488a640000, 0x00007f488a640000, 0x00007f488ea80000)
 tenured generation   total 1398144K, used 1111429K [0x00007f4dbd950000, 0x00007f4e12eb0000, 0x00007f5868400000)
   the space 1398144K,  79% used [0x00007f4dbd950000, 0x00007f4e016b1430, 0x00007f4e016b1600, 0x00007f4e12eb0000)
 Metaspace       used 24063K, capacity 24482K, committed 24576K, reserved 24576K
}
Event: 2739.197 GC heap after
{Heap after GC invocations=2547 (full 1739):
 def new generation   total 629248K, used 0K [0x00007f4868400000, 0x00007f4892ec0000, 0x00007f4dbd950000)
  eden space 559360K,   0% used [0x00007f4868400000, 0x00007f4868400000, 0x00007f488a640000)
  from space 69888K,   0% used [0x00007f488a640000, 0x00007f488a640228, 0x00007f488ea80000)
  to   space 69888K,   0% used [0x00007f488ea80000, 0x00007f488ea80000, 0x00007f4892ec0000)
 tenured generation   total 1922436K, used 1635717K [0x00007f4dbd950000, 0x00007f4e32eb1000, 0x00007f5868400000)
   the space 1922436K,  85% used [0x00007f4dbd950000, 0x00007f4e216b1448, 0x00007f4e216b1600, 0x00007f4e32eb1000)
 Metaspace       used 24063K, capacity 24482K, committed 24576K, reserved 24576K
}
Event: 2739.197 GC heap before
{Heap before GC invocations=2547 (full 1739):
 def new generation   total 629248K, used 0K [0x00007f4868400000, 0x00007f4892ec0000, 0x00007f4dbd950000)
  eden space 559360K,   0% used [0x00007f4868400000, 0x00007f4868400000, 0x00007f488a640000)
  from space 69888K,   0% used [0x00007f488a640000, 0x00007f488a640228, 0x00007f488ea80000)
  to   space 69888K,   0% used [0x00007f488ea80000, 0x00007f488ea80000, 0x00007f4892ec0000)
 tenured generation   total 1922436K, used 1635717K [0x00007f4dbd950000, 0x00007f4e32eb1000, 0x00007f5868400000)
   the space 1922436K,  85% used [0x00007f4dbd950000, 0x00007f4e216b1448, 0x00007f4e216b1600, 0x00007f4e32eb1000)
 Metaspace       used 24063K, capacity 24482K, committed 24576K, reserved 24576K
}
Event: 2739.484 GC heap after
{Heap after GC invocations=2547 (full 1740):
 def new generation   total 629248K, used 0K [0x00007f4868400000, 0x00007f4892ec0000, 0x00007f4dbd950000)
  eden space 559360K,   0% used [0x00007f4868400000, 0x00007f4868400000, 0x00007f488a640000)
  from space 69888K,   0% used [0x00007f488a640000, 0x00007f488a640000, 0x00007f488ea80000)
  to   space 69888K,   0% used [0x00007f488ea80000, 0x00007f488ea80000, 0x00007f4892ec0000)
 tenured generation   total 1398144K, used 584449K [0x00007f4dbd950000, 0x00007f4e12eb0000, 0x00007f5868400000)
   the space 1398144K,  41% used [0x00007f4dbd950000, 0x00007f4de1410738, 0x00007f4de1410800, 0x00007f4e12eb0000)
 Metaspace       used 24063K, capacity 24482K, committed 24576K, reserved 24576K
}
Event: 2740.232 GC heap before
{Heap before GC invocations=2547 (full 1740):
 def new generation   total 629248K, used 559360K [0x00007f4868400000, 0x00007f4892ec0000, 0x00007f4dbd950000)
  eden space 559360K, 100% used [0x00007f4868400000, 0x00007f488a640000, 0x00007f488a640000)
  from space 69888K,   0% used [0x00007f488a640000, 0x00007f488a640000, 0x00007f488ea80000)
  to   space 69888K,   0% used [0x00007f488ea80000, 0x00007f488ea80000, 0x00007f4892ec0000)
 tenured generation   total 1398144K, used 584449K [0x00007f4dbd950000, 0x00007f4e12eb0000, 0x00007f5868400000)
   the space 1398144K,  41% used [0x00007f4dbd950000, 0x00007f4de1410738, 0x00007f4de1410800, 0x00007f4e12eb0000)
 Metaspace       used 24063K, capacity 24482K, committed 24576K, reserved 24576K
}
Event: 2740.300 GC heap after
{Heap after GC invocations=2548 (full 1740):
 def new generation   total 629248K, used 991K [0x00007f4868400000, 0x00007f4892ec0000, 0x00007f4dbd950000)
  eden space 559360K,   0% used [0x00007f4868400000, 0x00007f4868400000, 0x00007f488a640000)
  from space 69888K,   1% used [0x00007f488ea80000, 0x00007f488eb77cf0, 0x00007f4892ec0000)
  to   space 69888K,   0% used [0x00007f488a640000, 0x00007f488a640000, 0x00007f488ea80000)
 tenured generation   total 1398144K, used 715521K [0x00007f4dbd950000, 0x00007f4e12eb0000, 0x00007f5868400000)
   the space 1398144K,  51% used [0x00007f4dbd950000, 0x00007f4de9410750, 0x00007f4de9410800, 0x00007f4e12eb0000)
 Metaspace       used 24063K, capacity 24482K, committed 24576K, reserved 24576K
}
Event: 2740.351 GC heap before
{Heap before GC invocations=2548 (full 1740):
 def new generation   total 629248K, used 78592K [0x00007f4868400000, 0x00007f4892ec0000, 0x00007f4dbd950000)
  eden space 559360K,  13% used [0x00007f4868400000, 0x00007f486cfc8608, 0x00007f488a640000)
  from space 69888K,   1% used [0x00007f488ea80000, 0x00007f488eb77cf0, 0x00007f4892ec0000)
  to   space 69888K,   0% used [0x00007f488a640000, 0x00007f488a640000, 0x00007f488ea80000)
 tenured generation   total 1398144K, used 715521K [0x00007f4dbd950000, 0x00007f4e12eb0000, 0x00007f5868400000)
   the space 1398144K,  51% used [0x00007f4dbd950000, 0x00007f4de9410750, 0x00007f4de9410800, 0x00007f4e12eb0000)
 Metaspace       used 24063K, capacity 24482K, committed 24576K, reserved 24576K
}
Event: 2740.355 GC heap after
{Heap after GC invocations=2549 (full 1740):
 def new generation   total 629248K, used 3292K [0x00007f4868400000, 0x00007f4892ec0000, 0x00007f4dbd950000)
  eden space 559360K,   0% used [0x00007f4868400000, 0x00007f4868400000, 0x00007f488a640000)
  from space 69888K,   4% used [0x00007f488a640000, 0x00007f488a977090, 0x00007f488ea80000)
  to   space 69888K,   0% used [0x00007f488ea80000, 0x00007f488ea80000, 0x00007f4892ec0000)
 tenured generation   total 1398144K, used 715521K [0x00007f4dbd950000, 0x00007f4e12eb0000, 0x00007f5868400000)
   the space 1398144K,  51% used [0x00007f4dbd950000, 0x00007f4de9410750, 0x00007f4de9410800, 0x00007f4e12eb0000)
 Metaspace       used 24063K, capacity 24482K, committed 24576K, reserved 24576K
}
Event: 2740.355 GC heap before
{Heap before GC invocations=2549 (full 1740):
 def new generation   total 629248K, used 3292K [0x00007f4868400000, 0x00007f4892ec0000, 0x00007f4dbd950000)
  eden space 559360K,   0% used [0x00007f4868400000, 0x00007f4868400000, 0x00007f488a640000)
  from space 69888K,   4% used [0x00007f488a640000, 0x00007f488a977090, 0x00007f488ea80000)
  to   space 69888K,   0% used [0x00007f488ea80000, 0x00007f488ea80000, 0x00007f4892ec0000)
 tenured generation   total 1398144K, used 715521K [0x00007f4dbd950000, 0x00007f4e12eb0000, 0x00007f5868400000)
   the space 1398144K,  51% used [0x00007f4dbd950000, 0x00007f4de9410750, 0x00007f4de9410800, 0x00007f4e12eb0000)
 Metaspace       used 24063K, capacity 24482K, committed 24576K, reserved 24576K
}
Event: 2740.437 GC heap after
{Heap after GC invocations=2549 (full 1741):
 def new generation   total 629248K, used 0K [0x00007f4868400000, 0x00007f4892ec0000, 0x00007f4dbd950000)
  eden space 559360K,   0% used [0x00007f4868400000, 0x00007f4868400000, 0x00007f488a640000)
  from space 69888K,   0% used [0x00007f488a640000, 0x00007f488a640000, 0x00007f488ea80000)
  to   space 69888K,   0% used [0x00007f488ea80000, 0x00007f488ea80000, 0x00007f4892ec0000)
 tenured generation   total 1398144K, used 62938K [0x00007f4dbd950000, 0x00007f4e12eb0000, 0x00007f5868400000)
   the space 1398144K,   4% used [0x00007f4dbd950000, 0x00007f4dc16c6930, 0x00007f4dc16c6a00, 0x00007f4e12eb0000)
 Metaspace       used 24063K, capacity 24482K, committed 24576K, reserved 24576K
}
Event: 2742.218 GC heap before
{Heap before GC invocations=2549 (full 1741):
 def new generation   total 629248K, used 535369K [0x00007f4868400000, 0x00007f4892ec0000, 0x00007f4dbd950000)
  eden space 559360K,  95% used [0x00007f4868400000, 0x00007f4888ed2548, 0x00007f488a640000)
  from space 69888K,   0% used [0x00007f488a640000, 0x00007f488a640000, 0x00007f488ea80000)
  to   space 69888K,   0% used [0x00007f488ea80000, 0x00007f488ea80000, 0x00007f4892ec0000)
 tenured generation   total 1398144K, used 1111514K [0x00007f4dbd950000, 0x00007f4e12eb0000, 0x00007f5868400000)
   the space 1398144K,  79% used [0x00007f4dbd950000, 0x00007f4e016c6948, 0x00007f4e016c6a00, 0x00007f4e12eb0000)
 Metaspace       used 24063K, capacity 24482K, committed 24576K, reserved 24576K
}
Event: 2742.575 GC heap after
{Heap after GC invocations=2550 (full 1741):
 def new generation   total 629248K, used 0K [0x00007f4868400000, 0x00007f4892ec0000, 0x00007f4dbd950000)
  eden space 559360K,   0% used [0x00007f4868400000, 0x00007f4868400000, 0x00007f488a640000)
  from space 69888K,   0% used [0x00007f488ea80000, 0x00007f488ea802b8, 0x00007f4892ec0000)
  to   space 69888K,   0% used [0x00007f488a640000, 0x00007f488a640000, 0x00007f488ea80000)
 tenured generation   total 1922436K, used 1635802K [0x00007f4dbd950000, 0x00007f4e32eb1000, 0x00007f5868400000)
   the space 1922436K,  85% used [0x00007f4dbd950000, 0x00007f4e216c6960, 0x00007f4e216c6a00, 0x00007f4e32eb1000)
 Metaspace       used 24063K, capacity 24482K, committed 24576K, reserved 24576K
}
Event: 2742.575 GC heap before
{Heap before GC invocations=2550 (full 1741):
 def new generation   total 629248K, used 0K [0x00007f4868400000, 0x00007f4892ec0000, 0x00007f4dbd950000)
  eden space 559360K,   0% used [0x00007f4868400000, 0x00007f4868400000, 0x00007f488a640000)
  from space 69888K,   0% used [0x00007f488ea80000, 0x00007f488ea802b8, 0x00007f4892ec0000)
  to   space 69888K,   0% used [0x00007f488a640000, 0x00007f488a640000, 0x00007f488ea80000)
 tenured generation   total 1922436K, used 1635802K [0x00007f4dbd950000, 0x00007f4e32eb1000, 0x00007f5868400000)
   the space 1922436K,  85% used [0x00007f4dbd950000, 0x00007f4e216c6960, 0x00007f4e216c6a00, 0x00007f4e32eb1000)
 Metaspace       used 24063K, capacity 24482K, committed 24576K, reserved 24576K
}
Event: 2742.841 GC heap after
{Heap after GC invocations=2550 (full 1742):
 def new generation   total 629248K, used 0K [0x00007f4868400000, 0x00007f4892ec0000, 0x00007f4dbd950000)
  eden space 559360K,   0% used [0x00007f4868400000, 0x00007f4868400000, 0x00007f488a640000)
  from space 69888K,   0% used [0x00007f488ea80000, 0x00007f488ea80000, 0x00007f4892ec0000)
  to   space 69888K,   0% used [0x00007f488a640000, 0x00007f488a640000, 0x00007f488ea80000)
 tenured generation   total 1398144K, used 587226K [0x00007f4dbd950000, 0x00007f4e12eb0000, 0x00007f5868400000)
   the space 1398144K,  42% used [0x00007f4dbd950000, 0x00007f4de16c6aa0, 0x00007f4de16c6c00, 0x00007f4e12eb0000)
 Metaspace       used 24063K, capacity 24482K, committed 24576K, reserved 24576K
}
Event: 2743.182 GC heap before
{Heap before GC invocations=2550 (full 1742):
 def new generation   total 629248K, used 535406K [0x00007f4868400000, 0x00007f4892ec0000, 0x00007f4dbd950000)
  eden space 559360K,  95% used [0x00007f4868400000, 0x00007f4888edb9b0, 0x00007f488a640000)
  from space 69888K,   0% used [0x00007f488ea80000, 0x00007f488ea80000, 0x00007f4892ec0000)
  to   space 69888K,   0% used [0x00007f488a640000, 0x00007f488a640000, 0x00007f488ea80000)
 tenured generation   total 1398144K, used 587226K [0x00007f4dbd950000, 0x00007f4e12eb0000, 0x00007f5868400000)
   the space 1398144K,  42% used [0x00007f4dbd950000, 0x00007f4de16c6aa0, 0x00007f4de16c6c00, 0x00007f4e12eb0000)
 Metaspace       used 24063K, capacity 24482K, committed 24576K, reserved 24576K
}
Event: 2743.385 GC heap after
{Heap after GC invocations=2551 (full 1742):
 def new generation   total 629248K, used 0K [0x00007f4868400000, 0x00007f4892ec0000, 0x00007f4dbd950000)
  eden space 559360K,   0% used [0x00007f4868400000, 0x00007f4868400000, 0x00007f488a640000)
  from space 69888K,   0% used [0x00007f488a640000, 0x00007f488a640200, 0x00007f488ea80000)
  to   space 69888K,   0% used [0x00007f488ea80000, 0x00007f488ea80000, 0x00007f4892ec0000)
 tenured generation   total 1398144K, used 1111514K [0x00007f4dbd950000, 0x00007f4e12eb0000, 0x00007f5868400000)
   the space 1398144K,  79% used [0x00007f4dbd950000, 0x00007f4e016c6ab8, 0x00007f4e016c6c00, 0x00007f4e12eb0000)
 Metaspace       used 24063K, capacity 24482K, committed 24576K, reserved 24576K
}
Event: 2744.015 GC heap before
{Heap before GC invocations=2551 (full 1742):
 def new generation   total 629248K, used 535349K [0x00007f4868400000, 0x00007f4892ec0000, 0x00007f4dbd950000)
  eden space 559360K,  95% used [0x00007f4868400000, 0x00007f4888ecd4c8, 0x00007f488a640000)
  from space 69888K,   0% used [0x00007f488a640000, 0x00007f488a640200, 0x00007f488ea80000)
  to   space 69888K,   0% used [0x00007f488ea80000, 0x00007f488ea80000, 0x00007f4892ec0000)
 tenured generation   total 1398144K, used 1111514K [0x00007f4dbd950000, 0x00007f4e12eb0000, 0x00007f5868400000)
   the space 1398144K,  79% used [0x00007f4dbd950000, 0x00007f4e016c6ab8, 0x00007f4e016c6c00, 0x00007f4e12eb0000)
 Metaspace       used 24063K, capacity 24482K, committed 24576K, reserved 24576K
}

