# JRE version: OpenJDK Runtime Environment (13.0.7+5) (build 13.0.7+5-Ubuntu-0ubuntu120.04)
# Java VM: OpenJDK 64-Bit Server VM (13.0.7+5-Ubuntu-0ubuntu120.04, mixed mode, tiered, serial gc, linux-amd64)
Heap:
 def new generation   total 3162944K, used 0K [0x00007fc3a0600000, 0x00007fc476e00000, 0x00007fc8f5b50000)
  eden space 2811520K,   0% used [0x00007fc3a0600000, 0x00007fc3a0600000, 0x00007fc44bfa0000)
  from space 351424K,   0% used [0x00007fc44bfa0000, 0x00007fc44bfa0000, 0x00007fc4616d0000)
  to   space 351424K,   0% used [0x00007fc4616d0000, 0x00007fc4616d0000, 0x00007fc476e00000)
 tenured generation   total 7028696K, used 4203677K [0x00007fc8f5b50000, 0x00007fcaa2b46000, 0x00007fd3a0600000)
   the space 7028696K,  59% used [0x00007fc8f5b50000, 0x00007fc9f6477760, 0x00007fc9f6477800, 0x00007fcaa2b46000)
 Metaspace       used 23108K, capacity 23460K, committed 23552K, reserved 24576K
GC Heap History (18 events):
Event: 2.928 GC heap before
{Heap before GC invocations=0 (full 0):
 def new generation   total 629120K, used 100664K [0x00007fc3a0600000, 0x00007fc3cb0a0000, 0x00007fc8f5b50000)
  eden space 559232K,  18% used [0x00007fc3a0600000, 0x00007fc3a684e118, 0x00007fc3c2820000)
  from space 69888K,   0% used [0x00007fc3c2820000, 0x00007fc3c2820000, 0x00007fc3c6c60000)
  to   space 69888K,   0% used [0x00007fc3c6c60000, 0x00007fc3c6c60000, 0x00007fc3cb0a0000)
 tenured generation   total 1398144K, used 0K [0x00007fc8f5b50000, 0x00007fc94b0b0000, 0x00007fd3a0600000)
   the space 1398144K,   0% used [0x00007fc8f5b50000, 0x00007fc8f5b50000, 0x00007fc8f5b50200, 0x00007fc94b0b0000)
 Metaspace       used 20912K, capacity 21208K, committed 21248K, reserved 22528K
}
Event: 2.972 GC heap after
{Heap after GC invocations=1 (full 1):
 def new generation   total 629248K, used 0K [0x00007fc3a0600000, 0x00007fc3cb0c0000, 0x00007fc8f5b50000)
  eden space 559360K,   0% used [0x00007fc3a0600000, 0x00007fc3a0600000, 0x00007fc3c2840000)
  from space 69888K,   0% used [0x00007fc3c2840000, 0x00007fc3c2840000, 0x00007fc3c6c80000)
  to   space 69888K,   0% used [0x00007fc3c6c80000, 0x00007fc3c6c80000, 0x00007fc3cb0c0000)
 tenured generation   total 1398144K, used 13582K [0x00007fc8f5b50000, 0x00007fc94b0b0000, 0x00007fd3a0600000)
   the space 1398144K,   0% used [0x00007fc8f5b50000, 0x00007fc8f6893b10, 0x00007fc8f6893c00, 0x00007fc94b0b0000)
 Metaspace       used 20912K, capacity 21208K, committed 21248K, reserved 22528K
}
Event: 4.402 GC heap before
{Heap before GC invocations=1 (full 1):
 def new generation   total 629248K, used 559360K [0x00007fc3a0600000, 0x00007fc3cb0c0000, 0x00007fc8f5b50000)
  eden space 559360K, 100% used [0x00007fc3a0600000, 0x00007fc3c2840000, 0x00007fc3c2840000)
  from space 69888K,   0% used [0x00007fc3c2840000, 0x00007fc3c2840000, 0x00007fc3c6c80000)
  to   space 69888K,   0% used [0x00007fc3c6c80000, 0x00007fc3c6c80000, 0x00007fc3cb0c0000)
 tenured generation   total 1398144K, used 13582K [0x00007fc8f5b50000, 0x00007fc94b0b0000, 0x00007fd3a0600000)
   the space 1398144K,   0% used [0x00007fc8f5b50000, 0x00007fc8f6893b10, 0x00007fc8f6893c00, 0x00007fc94b0b0000)
 Metaspace       used 22916K, capacity 23310K, committed 23552K, reserved 24576K
}
Event: 4.407 GC heap after
{Heap after GC invocations=2 (full 1):
 def new generation   total 629248K, used 801K [0x00007fc3a0600000, 0x00007fc3cb0c0000, 0x00007fc8f5b50000)
  eden space 559360K,   0% used [0x00007fc3a0600000, 0x00007fc3a0600000, 0x00007fc3c2840000)
  from space 69888K,   1% used [0x00007fc3c6c80000, 0x00007fc3c6d487e0, 0x00007fc3cb0c0000)
  to   space 69888K,   0% used [0x00007fc3c2840000, 0x00007fc3c2840000, 0x00007fc3c6c80000)
 tenured generation   total 1398144K, used 13582K [0x00007fc8f5b50000, 0x00007fc94b0b0000, 0x00007fd3a0600000)
   the space 1398144K,   0% used [0x00007fc8f5b50000, 0x00007fc8f6893b10, 0x00007fc8f6893c00, 0x00007fc94b0b0000)
 Metaspace       used 22916K, capacity 23310K, committed 23552K, reserved 24576K
}
Event: 4.903 GC heap before
{Heap before GC invocations=2 (full 1):
 def new generation   total 629248K, used 312965K [0x00007fc3a0600000, 0x00007fc3cb0c0000, 0x00007fc8f5b50000)
  eden space 559360K,  55% used [0x00007fc3a0600000, 0x00007fc3b36d8c88, 0x00007fc3c2840000)
  from space 69888K,   1% used [0x00007fc3c6c80000, 0x00007fc3c6d487e0, 0x00007fc3cb0c0000)
  to   space 69888K,   0% used [0x00007fc3c2840000, 0x00007fc3c2840000, 0x00007fc3c6c80000)
 tenured generation   total 1398144K, used 13582K [0x00007fc8f5b50000, 0x00007fc94b0b0000, 0x00007fd3a0600000)
   the space 1398144K,   0% used [0x00007fc8f5b50000, 0x00007fc8f6893b10, 0x00007fc8f6893c00, 0x00007fc94b0b0000)
 Metaspace       used 23106K, capacity 23460K, committed 23552K, reserved 24576K
}
Event: 4.910 GC heap after
{Heap after GC invocations=3 (full 1):
 def new generation   total 629248K, used 9335K [0x00007fc3a0600000, 0x00007fc3cb0c0000, 0x00007fc8f5b50000)
  eden space 559360K,   0% used [0x00007fc3a0600000, 0x00007fc3a0600000, 0x00007fc3c2840000)
  from space 69888K,  13% used [0x00007fc3c2840000, 0x00007fc3c315dd58, 0x00007fc3c6c80000)
  to   space 69888K,   0% used [0x00007fc3c6c80000, 0x00007fc3c6c80000, 0x00007fc3cb0c0000)
 tenured generation   total 1398144K, used 13582K [0x00007fc8f5b50000, 0x00007fc94b0b0000, 0x00007fd3a0600000)
   the space 1398144K,   0% used [0x00007fc8f5b50000, 0x00007fc8f6893b10, 0x00007fc8f6893c00, 0x00007fc94b0b0000)
 Metaspace       used 23106K, capacity 23460K, committed 23552K, reserved 24576K
}
Event: 4.910 GC heap before
{Heap before GC invocations=3 (full 1):
 def new generation   total 629248K, used 9335K [0x00007fc3a0600000, 0x00007fc3cb0c0000, 0x00007fc8f5b50000)
  eden space 559360K,   0% used [0x00007fc3a0600000, 0x00007fc3a0600000, 0x00007fc3c2840000)
  from space 69888K,  13% used [0x00007fc3c2840000, 0x00007fc3c315dd58, 0x00007fc3c6c80000)
  to   space 69888K,   0% used [0x00007fc3c6c80000, 0x00007fc3c6c80000, 0x00007fc3cb0c0000)
 tenured generation   total 1398144K, used 13582K [0x00007fc8f5b50000, 0x00007fc94b0b0000, 0x00007fd3a0600000)
   the space 1398144K,   0% used [0x00007fc8f5b50000, 0x00007fc8f6893b10, 0x00007fc8f6893c00, 0x00007fc94b0b0000)
 Metaspace       used 23106K, capacity 23460K, committed 23552K, reserved 24576K
}
Event: 4.947 GC heap after
{Heap after GC invocations=3 (full 2):
 def new generation   total 629248K, used 0K [0x00007fc3a0600000, 0x00007fc3cb0c0000, 0x00007fc8f5b50000)
  eden space 559360K,   0% used [0x00007fc3a0600000, 0x00007fc3a0600000, 0x00007fc3c2840000)
  from space 69888K,   0% used [0x00007fc3c2840000, 0x00007fc3c2840000, 0x00007fc3c6c80000)
  to   space 69888K,   0% used [0x00007fc3c6c80000, 0x00007fc3c6c80000, 0x00007fc3cb0c0000)
 tenured generation   total 1398144K, used 22912K [0x00007fc8f5b50000, 0x00007fc94b0b0000, 0x00007fd3a0600000)
   the space 1398144K,   1% used [0x00007fc8f5b50000, 0x00007fc8f71b0030, 0x00007fc8f71b0200, 0x00007fc94b0b0000)
 Metaspace       used 23106K, capacity 23460K, committed 23552K, reserved 24576K
}
Event: 11.035 GC heap before
{Heap before GC invocations=3 (full 2):
 def new generation   total 629248K, used 14465K [0x00007fc3a0600000, 0x00007fc3cb0c0000, 0x00007fc8f5b50000)
  eden space 559360K,   2% used [0x00007fc3a0600000, 0x00007fc3a1420750, 0x00007fc3c2840000)
  from space 69888K,   0% used [0x00007fc3c2840000, 0x00007fc3c2840000, 0x00007fc3c6c80000)
  to   space 69888K,   0% used [0x00007fc3c6c80000, 0x00007fc3c6c80000, 0x00007fc3cb0c0000)
 tenured generation   total 5592452K, used 4217216K [0x00007fc8f5b50000, 0x00007fca4b0b1000, 0x00007fd3a0600000)
   the space 5592452K,  75% used [0x00007fc8f5b50000, 0x00007fc9f71b0048, 0x00007fc9f71b0200, 0x00007fca4b0b1000)
 Metaspace       used 23108K, capacity 23460K, committed 23552K, reserved 24576K
}
Event: 11.042 GC heap after
{Heap after GC invocations=4 (full 2):
 def new generation   total 629248K, used 0K [0x00007fc3a0600000, 0x00007fc3cb0c0000, 0x00007fc8f5b50000)
  eden space 559360K,   0% used [0x00007fc3a0600000, 0x00007fc3a0600000, 0x00007fc3c2840000)
  from space 69888K,   0% used [0x00007fc3c6c80000, 0x00007fc3c6c802d0, 0x00007fc3cb0c0000)
  to   space 69888K,   0% used [0x00007fc3c2840000, 0x00007fc3c2840000, 0x00007fc3c6c80000)
 tenured generation   total 5592452K, used 4217216K [0x00007fc8f5b50000, 0x00007fca4b0b1000, 0x00007fd3a0600000)
   the space 5592452K,  75% used [0x00007fc8f5b50000, 0x00007fc9f71b0048, 0x00007fc9f71b0200, 0x00007fca4b0b1000)
 Metaspace       used 23108K, capacity 23460K, committed 23552K, reserved 24576K
}
Event: 11.042 GC heap before
{Heap before GC invocations=4 (full 2):
 def new generation   total 629248K, used 0K [0x00007fc3a0600000, 0x00007fc3cb0c0000, 0x00007fc8f5b50000)
  eden space 559360K,   0% used [0x00007fc3a0600000, 0x00007fc3a0600000, 0x00007fc3c2840000)
  from space 69888K,   0% used [0x00007fc3c6c80000, 0x00007fc3c6c802d0, 0x00007fc3cb0c0000)
  to   space 69888K,   0% used [0x00007fc3c2840000, 0x00007fc3c2840000, 0x00007fc3c6c80000)
 tenured generation   total 5592452K, used 4217216K [0x00007fc8f5b50000, 0x00007fca4b0b1000, 0x00007fd3a0600000)
   the space 5592452K,  75% used [0x00007fc8f5b50000, 0x00007fc9f71b0048, 0x00007fc9f71b0200, 0x00007fca4b0b1000)
 Metaspace       used 23108K, capacity 23460K, committed 23552K, reserved 24576K
}
Event: 11.106 GC heap after
{Heap after GC invocations=4 (full 3):
 def new generation   total 3162944K, used 0K [0x00007fc3a0600000, 0x00007fc476e00000, 0x00007fc8f5b50000)
  eden space 2811520K,   0% used [0x00007fc3a0600000, 0x00007fc3a0600000, 0x00007fc44bfa0000)
  from space 351424K,   0% used [0x00007fc44bfa0000, 0x00007fc44bfa0000, 0x00007fc4616d0000)
  to   space 351424K,   0% used [0x00007fc4616d0000, 0x00007fc4616d0000, 0x00007fc476e00000)
 tenured generation   total 7028696K, used 4217216K [0x00007fc8f5b50000, 0x00007fcaa2b46000, 0x00007fd3a0600000)
   the space 7028696K,  59% used [0x00007fc8f5b50000, 0x00007fc9f71b02b0, 0x00007fc9f71b0400, 0x00007fcaa2b46000)
 Metaspace       used 23108K, capacity 23460K, committed 23552K, reserved 24576K
}
Event: 16.496 GC heap before
{Heap before GC invocations=4 (full 3):
 def new generation   total 3162944K, used 2151586K [0x00007fc3a0600000, 0x00007fc476e00000, 0x00007fc8f5b50000)
  eden space 2811520K,  76% used [0x00007fc3a0600000, 0x00007fc423b28868, 0x00007fc44bfa0000)
  from space 351424K,   0% used [0x00007fc44bfa0000, 0x00007fc44bfa0000, 0x00007fc4616d0000)
  to   space 351424K,   0% used [0x00007fc4616d0000, 0x00007fc4616d0000, 0x00007fc476e00000)
 tenured generation   total 7028696K, used 4217216K [0x00007fc8f5b50000, 0x00007fcaa2b46000, 0x00007fd3a0600000)
   the space 7028696K,  59% used [0x00007fc8f5b50000, 0x00007fc9f71b02b0, 0x00007fc9f71b0400, 0x00007fcaa2b46000)
 Metaspace       used 23108K, capacity 23460K, committed 23552K, reserved 24576K
}
Event: 19.868 GC heap after
{Heap after GC invocations=5 (full 3):
 def new generation   total 3162944K, used 0K [0x00007fc3a0600000, 0x00007fc476e00000, 0x00007fc8f5b50000)
  eden space 2811520K,   0% used [0x00007fc3a0600000, 0x00007fc3a0600000, 0x00007fc44bfa0000)
  from space 351424K,   0% used [0x00007fc4616d0000, 0x00007fc4616d00b8, 0x00007fc476e00000)
  to   space 351424K,   0% used [0x00007fc44bfa0000, 0x00007fc44bfa0000, 0x00007fc4616d0000)
 tenured generation   total 7028696K, used 6314368K [0x00007fc8f5b50000, 0x00007fcaa2b46000, 0x00007fd3a0600000)
   the space 7028696K,  89% used [0x00007fc8f5b50000, 0x00007fca771b02c8, 0x00007fca771b0400, 0x00007fcaa2b46000)
 Metaspace       used 23108K, capacity 23460K, committed 23552K, reserved 24576K
}
Event: 21.252 GC heap before
{Heap before GC invocations=5 (full 3):
 def new generation   total 3162944K, used 2151717K [0x00007fc3a0600000, 0x00007fc476e00000, 0x00007fc8f5b50000)
  eden space 2811520K,  76% used [0x00007fc3a0600000, 0x00007fc423b493d8, 0x00007fc44bfa0000)
  from space 351424K,   0% used [0x00007fc4616d0000, 0x00007fc4616d00b8, 0x00007fc476e00000)
  to   space 351424K,   0% used [0x00007fc44bfa0000, 0x00007fc44bfa0000, 0x00007fc4616d0000)
 tenured generation   total 7028696K, used 6314368K [0x00007fc8f5b50000, 0x00007fcaa2b46000, 0x00007fd3a0600000)
   the space 7028696K,  89% used [0x00007fc8f5b50000, 0x00007fca771b02c8, 0x00007fca771b0400, 0x00007fcaa2b46000)
 Metaspace       used 23108K, capacity 23460K, committed 23552K, reserved 24576K
}
Event: 34.591 GC heap after
{Heap after GC invocations=6 (full 3):
 def new generation   total 3162944K, used 0K [0x00007fc3a0600000, 0x00007fc476e00000, 0x00007fc8f5b50000)
  eden space 2811520K,   0% used [0x00007fc3a0600000, 0x00007fc3a0600000, 0x00007fc44bfa0000)
  from space 351424K,   0% used [0x00007fc44bfa0000, 0x00007fc44bfa0348, 0x00007fc4616d0000)
  to   space 351424K,   0% used [0x00007fc4616d0000, 0x00007fc4616d0000, 0x00007fc476e00000)
 tenured generation   total 9125852K, used 8411520K [0x00007fc8f5b50000, 0x00007fcb22b47000, 0x00007fd3a0600000)
   the space 9125852K,  92% used [0x00007fc8f5b50000, 0x00007fcaf71b02e0, 0x00007fcaf71b0400, 0x00007fcb22b47000)
 Metaspace       used 23108K, capacity 23460K, committed 23552K, reserved 24576K
}
Event: 34.591 GC heap before
{Heap before GC invocations=6 (full 3):
 def new generation   total 3162944K, used 0K [0x00007fc3a0600000, 0x00007fc476e00000, 0x00007fc8f5b50000)
  eden space 2811520K,   0% used [0x00007fc3a0600000, 0x00007fc3a0600000, 0x00007fc44bfa0000)
  from space 351424K,   0% used [0x00007fc44bfa0000, 0x00007fc44bfa0348, 0x00007fc4616d0000)
  to   space 351424K,   0% used [0x00007fc4616d0000, 0x00007fc4616d0000, 0x00007fc476e00000)
 tenured generation   total 9125852K, used 8411520K [0x00007fc8f5b50000, 0x00007fcb22b47000, 0x00007fd3a0600000)
   the space 9125852K,  92% used [0x00007fc8f5b50000, 0x00007fcaf71b02e0, 0x00007fcaf71b0400, 0x00007fcb22b47000)
 Metaspace       used 23108K, capacity 23460K, committed 23552K, reserved 24576K
}
Event: 37.619 GC heap after
{Heap after GC invocations=6 (full 4):
 def new generation   total 3162944K, used 0K [0x00007fc3a0600000, 0x00007fc476e00000, 0x00007fc8f5b50000)
  eden space 2811520K,   0% used [0x00007fc3a0600000, 0x00007fc3a0600000, 0x00007fc44bfa0000)
  from space 351424K,   0% used [0x00007fc44bfa0000, 0x00007fc44bfa0000, 0x00007fc4616d0000)
  to   space 351424K,   0% used [0x00007fc4616d0000, 0x00007fc4616d0000, 0x00007fc476e00000)
 tenured generation   total 7028696K, used 4203677K [0x00007fc8f5b50000, 0x00007fcaa2b46000, 0x00007fd3a0600000)
   the space 7028696K,  59% used [0x00007fc8f5b50000, 0x00007fc9f6477760, 0x00007fc9f6477800, 0x00007fcaa2b46000)
 Metaspace       used 23108K, capacity 23460K, committed 23552K, reserved 24576K
}

