# JRE version: OpenJDK Runtime Environment (13.0.7+5) (build 13.0.7+5-Ubuntu-0ubuntu120.04)
# Java VM: OpenJDK 64-Bit Server VM (13.0.7+5-Ubuntu-0ubuntu120.04, mixed mode, tiered, serial gc, linux-amd64)
Heap:
 def new generation   total 780736K, used 0K [0x00007f5880600000, 0x00007f58b5520000, 0x00007f5dd5b50000)
  eden space 694016K,   0% used [0x00007f5880600000, 0x00007f5880600000, 0x00007f58aabc0000)
  from space 86720K,   0% used [0x00007f58aabc0000, 0x00007f58aabc0000, 0x00007f58b0070000)
  to   space 86720K,   0% used [0x00007f58b0070000, 0x00007f58b0070000, 0x00007f58b5520000)
 tenured generation   total 1734892K, used 9685K [0x00007f5dd5b50000, 0x00007f5e3f98b000, 0x00007f6880600000)
   the space 1734892K,   0% used [0x00007f5dd5b50000, 0x00007f5dd64c5408, 0x00007f5dd64c5600, 0x00007f5e3f98b000)
 Metaspace       used 23264K, capacity 23620K, committed 23808K, reserved 24576K
GC Heap History (20 events):
Event: 7.822 GC heap before
{Heap before GC invocations=6 (full 1):
 def new generation   total 629248K, used 536501K [0x00007f5880600000, 0x00007f58ab0c0000, 0x00007f5dd5b50000)
  eden space 559360K,  95% used [0x00007f5880600000, 0x00007f58a10bd450, 0x00007f58a2840000)
  from space 69888K,   1% used [0x00007f58a6c80000, 0x00007f58a6db01c8, 0x00007f58ab0c0000)
  to   space 69888K,   0% used [0x00007f58a2840000, 0x00007f58a2840000, 0x00007f58a6c80000)
 tenured generation   total 1398144K, used 1062168K [0x00007f5dd5b50000, 0x00007f5e2b0b0000, 0x00007f6880600000)
   the space 1398144K,  75% used [0x00007f5dd5b50000, 0x00007f5e16896098, 0x00007f5e16896200, 0x00007f5e2b0b0000)
 Metaspace       used 23170K, capacity 23522K, committed 23552K, reserved 24576K
}
Event: 8.408 GC heap after
{Heap after GC invocations=7 (full 1):
 def new generation   total 629248K, used 1216K [0x00007f5880600000, 0x00007f58ab0c0000, 0x00007f5dd5b50000)
  eden space 559360K,   0% used [0x00007f5880600000, 0x00007f5880600000, 0x00007f58a2840000)
  from space 69888K,   1% used [0x00007f58a2840000, 0x00007f58a2970370, 0x00007f58a6c80000)
  to   space 69888K,   0% used [0x00007f58a6c80000, 0x00007f58a6c80000, 0x00007f58ab0c0000)
 tenured generation   total 1922436K, used 1586456K [0x00007f5dd5b50000, 0x00007f5e4b0b1000, 0x00007f6880600000)
   the space 1922436K,  82% used [0x00007f5dd5b50000, 0x00007f5e368960b0, 0x00007f5e36896200, 0x00007f5e4b0b1000)
 Metaspace       used 23170K, capacity 23522K, committed 23552K, reserved 24576K
}
Event: 8.408 GC heap before
{Heap before GC invocations=7 (full 1):
 def new generation   total 629248K, used 1216K [0x00007f5880600000, 0x00007f58ab0c0000, 0x00007f5dd5b50000)
  eden space 559360K,   0% used [0x00007f5880600000, 0x00007f5880600000, 0x00007f58a2840000)
  from space 69888K,   1% used [0x00007f58a2840000, 0x00007f58a2970370, 0x00007f58a6c80000)
  to   space 69888K,   0% used [0x00007f58a6c80000, 0x00007f58a6c80000, 0x00007f58ab0c0000)
 tenured generation   total 1922436K, used 1586456K [0x00007f5dd5b50000, 0x00007f5e4b0b1000, 0x00007f6880600000)
   the space 1922436K,  82% used [0x00007f5dd5b50000, 0x00007f5e368960b0, 0x00007f5e36896200, 0x00007f5e4b0b1000)
 Metaspace       used 23170K, capacity 23522K, committed 23552K, reserved 24576K
}
Event: 8.741 GC heap after
{Heap after GC invocations=7 (full 2):
 def new generation   total 797632K, used 0K [0x00007f5880600000, 0x00007f58b6770000, 0x00007f5dd5b50000)
  eden space 709056K,   0% used [0x00007f5880600000, 0x00007f5880600000, 0x00007f58aba70000)
  from space 88576K,   0% used [0x00007f58aba70000, 0x00007f58aba70000, 0x00007f58b10f0000)
  to   space 88576K,   0% used [0x00007f58b10f0000, 0x00007f58b10f0000, 0x00007f58b6770000)
 tenured generation   total 1772308K, used 1063384K [0x00007f5dd5b50000, 0x00007f5e41e15000, 0x00007f6880600000)
   the space 1772308K,  59% used [0x00007f5dd5b50000, 0x00007f5e169c62f8, 0x00007f5e169c6400, 0x00007f5e41e15000)
 Metaspace       used 23170K, capacity 23522K, committed 23552K, reserved 24576K
}
Event: 10.302 GC heap before
{Heap before GC invocations=7 (full 2):
 def new generation   total 797632K, used 709056K [0x00007f5880600000, 0x00007f58b6770000, 0x00007f5dd5b50000)
  eden space 709056K, 100% used [0x00007f5880600000, 0x00007f58aba70000, 0x00007f58aba70000)
  from space 88576K,   0% used [0x00007f58aba70000, 0x00007f58aba70000, 0x00007f58b10f0000)
  to   space 88576K,   0% used [0x00007f58b10f0000, 0x00007f58b10f0000, 0x00007f58b6770000)
 tenured generation   total 1772308K, used 1063384K [0x00007f5dd5b50000, 0x00007f5e41e15000, 0x00007f6880600000)
   the space 1772308K,  59% used [0x00007f5dd5b50000, 0x00007f5e169c62f8, 0x00007f5e169c6400, 0x00007f5e41e15000)
 Metaspace       used 23228K, capacity 23597K, committed 23808K, reserved 24576K
}
Event: 10.520 GC heap after
{Heap after GC invocations=8 (full 2):
 def new generation   total 797632K, used 1074K [0x00007f5880600000, 0x00007f58b6770000, 0x00007f5dd5b50000)
  eden space 709056K,   0% used [0x00007f5880600000, 0x00007f5880600000, 0x00007f58aba70000)
  from space 88576K,   1% used [0x00007f58b10f0000, 0x00007f58b11fc9e0, 0x00007f58b6770000)
  to   space 88576K,   0% used [0x00007f58aba70000, 0x00007f58aba70000, 0x00007f58b10f0000)
 tenured generation   total 1772308K, used 1456600K [0x00007f5dd5b50000, 0x00007f5e41e15000, 0x00007f6880600000)
   the space 1772308K,  82% used [0x00007f5dd5b50000, 0x00007f5e2e9c6328, 0x00007f5e2e9c6400, 0x00007f5e41e15000)
 Metaspace       used 23228K, capacity 23597K, committed 23808K, reserved 24576K
}
Event: 11.681 GC heap before
{Heap before GC invocations=8 (full 2):
 def new generation   total 797632K, used 710130K [0x00007f5880600000, 0x00007f58b6770000, 0x00007f5dd5b50000)
  eden space 709056K, 100% used [0x00007f5880600000, 0x00007f58aba70000, 0x00007f58aba70000)
  from space 88576K,   1% used [0x00007f58b10f0000, 0x00007f58b11fc9e0, 0x00007f58b6770000)
  to   space 88576K,   0% used [0x00007f58aba70000, 0x00007f58aba70000, 0x00007f58b10f0000)
 tenured generation   total 1772308K, used 1456600K [0x00007f5dd5b50000, 0x00007f5e41e15000, 0x00007f6880600000)
   the space 1772308K,  82% used [0x00007f5dd5b50000, 0x00007f5e2e9c6328, 0x00007f5e2e9c6400, 0x00007f5e41e15000)
 Metaspace       used 23254K, capacity 23612K, committed 23808K, reserved 24576K
}
Event: 11.687 GC heap after
{Heap after GC invocations=9 (full 2):
 def new generation   total 797632K, used 1043K [0x00007f5880600000, 0x00007f58b6770000, 0x00007f5dd5b50000)
  eden space 709056K,   0% used [0x00007f5880600000, 0x00007f5880600000, 0x00007f58aba70000)
  from space 88576K,   1% used [0x00007f58aba70000, 0x00007f58abb74c30, 0x00007f58b10f0000)
  to   space 88576K,   0% used [0x00007f58b10f0000, 0x00007f58b10f0000, 0x00007f58b6770000)
 tenured generation   total 1772308K, used 1456600K [0x00007f5dd5b50000, 0x00007f5e41e15000, 0x00007f6880600000)
   the space 1772308K,  82% used [0x00007f5dd5b50000, 0x00007f5e2e9c6328, 0x00007f5e2e9c6400, 0x00007f5e41e15000)
 Metaspace       used 23254K, capacity 23612K, committed 23808K, reserved 24576K
}
Event: 12.883 GC heap before
{Heap before GC invocations=9 (full 2):
 def new generation   total 797632K, used 710099K [0x00007f5880600000, 0x00007f58b6770000, 0x00007f5dd5b50000)
  eden space 709056K, 100% used [0x00007f5880600000, 0x00007f58aba70000, 0x00007f58aba70000)
  from space 88576K,   1% used [0x00007f58aba70000, 0x00007f58abb74c30, 0x00007f58b10f0000)
  to   space 88576K,   0% used [0x00007f58b10f0000, 0x00007f58b10f0000, 0x00007f58b6770000)
 tenured generation   total 1772308K, used 1456600K [0x00007f5dd5b50000, 0x00007f5e41e15000, 0x00007f6880600000)
   the space 1772308K,  82% used [0x00007f5dd5b50000, 0x00007f5e2e9c6328, 0x00007f5e2e9c6400, 0x00007f5e41e15000)
 Metaspace       used 23254K, capacity 23612K, committed 23808K, reserved 24576K
}
Event: 12.891 GC heap after
{Heap after GC invocations=10 (full 2):
 def new generation   total 797632K, used 1308K [0x00007f5880600000, 0x00007f58b6770000, 0x00007f5dd5b50000)
  eden space 709056K,   0% used [0x00007f5880600000, 0x00007f5880600000, 0x00007f58aba70000)
  from space 88576K,   1% used [0x00007f58b10f0000, 0x00007f58b1237118, 0x00007f58b6770000)
  to   space 88576K,   0% used [0x00007f58aba70000, 0x00007f58aba70000, 0x00007f58b10f0000)
 tenured generation   total 1772308K, used 1456600K [0x00007f5dd5b50000, 0x00007f5e41e15000, 0x00007f6880600000)
   the space 1772308K,  82% used [0x00007f5dd5b50000, 0x00007f5e2e9c6328, 0x00007f5e2e9c6400, 0x00007f5e41e15000)
 Metaspace       used 23254K, capacity 23612K, committed 23808K, reserved 24576K
}
Event: 13.160 GC heap before
{Heap before GC invocations=10 (full 2):
 def new generation   total 797632K, used 105412K [0x00007f5880600000, 0x00007f58b6770000, 0x00007f5dd5b50000)
  eden space 709056K,  14% used [0x00007f5880600000, 0x00007f5886baa0d8, 0x00007f58aba70000)
  from space 88576K,   1% used [0x00007f58b10f0000, 0x00007f58b1237118, 0x00007f58b6770000)
  to   space 88576K,   0% used [0x00007f58aba70000, 0x00007f58aba70000, 0x00007f58b10f0000)
 tenured generation   total 1772308K, used 1456600K [0x00007f5dd5b50000, 0x00007f5e41e15000, 0x00007f6880600000)
   the space 1772308K,  82% used [0x00007f5dd5b50000, 0x00007f5e2e9c6328, 0x00007f5e2e9c6400, 0x00007f5e41e15000)
 Metaspace       used 23264K, capacity 23620K, committed 23808K, reserved 24576K
}
Event: 13.214 GC heap after
{Heap after GC invocations=11 (full 2):
 def new generation   total 797632K, used 17853K [0x00007f5880600000, 0x00007f58b6770000, 0x00007f5dd5b50000)
  eden space 709056K,   0% used [0x00007f5880600000, 0x00007f5880600000, 0x00007f58aba70000)
  from space 88576K,  20% used [0x00007f58aba70000, 0x00007f58acbdf5d0, 0x00007f58b10f0000)
  to   space 88576K,   0% used [0x00007f58b10f0000, 0x00007f58b10f0000, 0x00007f58b6770000)
 tenured generation   total 1772308K, used 1456600K [0x00007f5dd5b50000, 0x00007f5e41e15000, 0x00007f6880600000)
   the space 1772308K,  82% used [0x00007f5dd5b50000, 0x00007f5e2e9c6328, 0x00007f5e2e9c6400, 0x00007f5e41e15000)
 Metaspace       used 23264K, capacity 23620K, committed 23808K, reserved 24576K
}
Event: 13.214 GC heap before
{Heap before GC invocations=11 (full 2):
 def new generation   total 797632K, used 17853K [0x00007f5880600000, 0x00007f58b6770000, 0x00007f5dd5b50000)
  eden space 709056K,   0% used [0x00007f5880600000, 0x00007f5880600000, 0x00007f58aba70000)
  from space 88576K,  20% used [0x00007f58aba70000, 0x00007f58acbdf5d0, 0x00007f58b10f0000)
  to   space 88576K,   0% used [0x00007f58b10f0000, 0x00007f58b10f0000, 0x00007f58b6770000)
 tenured generation   total 1772308K, used 1456600K [0x00007f5dd5b50000, 0x00007f5e41e15000, 0x00007f6880600000)
   the space 1772308K,  82% used [0x00007f5dd5b50000, 0x00007f5e2e9c6328, 0x00007f5e2e9c6400, 0x00007f5e41e15000)
 Metaspace       used 23264K, capacity 23620K, committed 23808K, reserved 24576K
}
Event: 13.283 GC heap after
{Heap after GC invocations=11 (full 3):
 def new generation   total 797632K, used 0K [0x00007f5880600000, 0x00007f58b6770000, 0x00007f5dd5b50000)
  eden space 709056K,   0% used [0x00007f5880600000, 0x00007f5880600000, 0x00007f58aba70000)
  from space 88576K,   0% used [0x00007f58aba70000, 0x00007f58aba70000, 0x00007f58b10f0000)
  to   space 88576K,   0% used [0x00007f58b10f0000, 0x00007f58b10f0000, 0x00007f58b6770000)
 tenured generation   total 1772308K, used 31400K [0x00007f5dd5b50000, 0x00007f5e41e15000, 0x00007f6880600000)
   the space 1772308K,   1% used [0x00007f5dd5b50000, 0x00007f5dd79fa180, 0x00007f5dd79fa200, 0x00007f5e41e15000)
 Metaspace       used 23264K, capacity 23620K, committed 23808K, reserved 24576K
}
Event: 15.954 GC heap before
{Heap before GC invocations=11 (full 3):
 def new generation   total 797632K, used 538385K [0x00007f5880600000, 0x00007f58b6770000, 0x00007f5dd5b50000)
  eden space 709056K,  75% used [0x00007f5880600000, 0x00007f58a13c4578, 0x00007f58aba70000)
  from space 88576K,   0% used [0x00007f58aba70000, 0x00007f58aba70000, 0x00007f58b10f0000)
  to   space 88576K,   0% used [0x00007f58b10f0000, 0x00007f58b10f0000, 0x00007f58b6770000)
 tenured generation   total 1772308K, used 1079976K [0x00007f5dd5b50000, 0x00007f5e41e15000, 0x00007f6880600000)
   the space 1772308K,  60% used [0x00007f5dd5b50000, 0x00007f5e179fa198, 0x00007f5e179fa200, 0x00007f5e41e15000)
 Metaspace       used 23264K, capacity 23620K, committed 23808K, reserved 24576K
}
Event: 16.328 GC heap after
{Heap after GC invocations=12 (full 3):
 def new generation   total 797632K, used 224K [0x00007f5880600000, 0x00007f58b6770000, 0x00007f5dd5b50000)
  eden space 709056K,   0% used [0x00007f5880600000, 0x00007f5880600000, 0x00007f58aba70000)
  from space 88576K,   0% used [0x00007f58b10f0000, 0x00007f58b11283b0, 0x00007f58b6770000)
  to   space 88576K,   0% used [0x00007f58aba70000, 0x00007f58aba70000, 0x00007f58b10f0000)
 tenured generation   total 1772308K, used 1604264K [0x00007f5dd5b50000, 0x00007f5e41e15000, 0x00007f6880600000)
   the space 1772308K,  90% used [0x00007f5dd5b50000, 0x00007f5e379fa1b0, 0x00007f5e379fa200, 0x00007f5e41e15000)
 Metaspace       used 23264K, capacity 23620K, committed 23808K, reserved 24576K
}
Event: 16.753 GC heap before
{Heap before GC invocations=12 (full 3):
 def new generation   total 797632K, used 538639K [0x00007f5880600000, 0x00007f58b6770000, 0x00007f5dd5b50000)
  eden space 709056K,  75% used [0x00007f5880600000, 0x00007f58a13cbb00, 0x00007f58aba70000)
  from space 88576K,   0% used [0x00007f58b10f0000, 0x00007f58b11283b0, 0x00007f58b6770000)
  to   space 88576K,   0% used [0x00007f58aba70000, 0x00007f58aba70000, 0x00007f58b10f0000)
 tenured generation   total 1772308K, used 1604264K [0x00007f5dd5b50000, 0x00007f5e41e15000, 0x00007f6880600000)
   the space 1772308K,  90% used [0x00007f5dd5b50000, 0x00007f5e379fa1b0, 0x00007f5e379fa200, 0x00007f5e41e15000)
 Metaspace       used 23264K, capacity 23620K, committed 23808K, reserved 24576K
}
Event: 16.754 GC heap after
{Heap after GC invocations=13 (full 3):
 def new generation   total 797632K, used 37K [0x00007f5880600000, 0x00007f58b6770000, 0x00007f5dd5b50000)
  eden space 709056K,   0% used [0x00007f5880600000, 0x00007f5880600000, 0x00007f58aba70000)
  from space 88576K,   0% used [0x00007f58aba70000, 0x00007f58aba794d0, 0x00007f58b10f0000)
  to   space 88576K,   0% used [0x00007f58b10f0000, 0x00007f58b10f0000, 0x00007f58b6770000)
 tenured generation   total 1772308K, used 1604264K [0x00007f5dd5b50000, 0x00007f5e41e15000, 0x00007f6880600000)
   the space 1772308K,  90% used [0x00007f5dd5b50000, 0x00007f5e379fa1b0, 0x00007f5e379fa200, 0x00007f5e41e15000)
 Metaspace       used 23264K, capacity 23620K, committed 23808K, reserved 24576K
}
Event: 16.754 GC heap before
{Heap before GC invocations=13 (full 3):
 def new generation   total 797632K, used 37K [0x00007f5880600000, 0x00007f58b6770000, 0x00007f5dd5b50000)
  eden space 709056K,   0% used [0x00007f5880600000, 0x00007f5880600000, 0x00007f58aba70000)
  from space 88576K,   0% used [0x00007f58aba70000, 0x00007f58aba794d0, 0x00007f58b10f0000)
  to   space 88576K,   0% used [0x00007f58b10f0000, 0x00007f58b10f0000, 0x00007f58b6770000)
 tenured generation   total 1772308K, used 1604264K [0x00007f5dd5b50000, 0x00007f5e41e15000, 0x00007f6880600000)
   the space 1772308K,  90% used [0x00007f5dd5b50000, 0x00007f5e379fa1b0, 0x00007f5e379fa200, 0x00007f5e41e15000)
 Metaspace       used 23264K, capacity 23620K, committed 23808K, reserved 24576K
}
Event: 16.804 GC heap after
{Heap after GC invocations=13 (full 4):
 def new generation   total 780736K, used 0K [0x00007f5880600000, 0x00007f58b5520000, 0x00007f5dd5b50000)
  eden space 694016K,   0% used [0x00007f5880600000, 0x00007f5880600000, 0x00007f58aabc0000)
  from space 86720K,   0% used [0x00007f58aabc0000, 0x00007f58aabc0000, 0x00007f58b0070000)
  to   space 86720K,   0% used [0x00007f58b0070000, 0x00007f58b0070000, 0x00007f58b5520000)
 tenured generation   total 1734892K, used 9685K [0x00007f5dd5b50000, 0x00007f5e3f98b000, 0x00007f6880600000)
   the space 1734892K,   0% used [0x00007f5dd5b50000, 0x00007f5dd64c5408, 0x00007f5dd64c5600, 0x00007f5e3f98b000)
 Metaspace       used 23264K, capacity 23620K, committed 23808K, reserved 24576K
}

