# JRE version: OpenJDK Runtime Environment (13.0.7+5) (build 13.0.7+5-Ubuntu-0ubuntu120.04)
# Java VM: OpenJDK 64-Bit Server VM (13.0.7+5-Ubuntu-0ubuntu120.04, mixed mode, tiered, serial gc, linux-amd64)
Heap:
 def new generation   total 793728K, used 0K [0x00007fe4d0600000, 0x00007fe506330000, 0x00007fea25b50000)
  eden space 705600K,   0% used [0x00007fe4d0600000, 0x00007fe4d0600000, 0x00007fe4fb710000)
  from space 88128K,   0% used [0x00007fe500d20000, 0x00007fe500d20000, 0x00007fe506330000)
  to   space 88128K,   0% used [0x00007fe4fb710000, 0x00007fe4fb710000, 0x00007fe500d20000)
 tenured generation   total 7006460K, used 4203875K [0x00007fea25b50000, 0x00007febd158f000, 0x00007ff4d0600000)
   the space 7006460K,  59% used [0x00007fea25b50000, 0x00007feb264a8d00, 0x00007feb264a8e00, 0x00007febd158f000)
 Metaspace       used 23263K, capacity 23667K, committed 23808K, reserved 24576K
GC Heap History (20 events):
Event: 10.872 GC heap after
{Heap after GC invocations=9 (full 1):
 def new generation   total 629248K, used 1315K [0x00007fe4d0600000, 0x00007fe4fb0c0000, 0x00007fea25b50000)
  eden space 559360K,   0% used [0x00007fe4d0600000, 0x00007fe4d0600000, 0x00007fe4f2840000)
  from space 69888K,   1% used [0x00007fe4f2840000, 0x00007fe4f2988c30, 0x00007fe4f6c80000)
  to   space 69888K,   0% used [0x00007fe4f6c80000, 0x00007fe4f6c80000, 0x00007fe4fb0c0000)
 tenured generation   total 1660292K, used 1586472K [0x00007fea25b50000, 0x00007fea8b0b1000, 0x00007ff4d0600000)
   the space 1660292K,  95% used [0x00007fea25b50000, 0x00007fea8689a2a0, 0x00007fea8689a400, 0x00007fea8b0b1000)
 Metaspace       used 23263K, capacity 23667K, committed 23808K, reserved 24576K
}
Event: 10.872 GC heap before
{Heap before GC invocations=9 (full 1):
 def new generation   total 629248K, used 1315K [0x00007fe4d0600000, 0x00007fe4fb0c0000, 0x00007fea25b50000)
  eden space 559360K,   0% used [0x00007fe4d0600000, 0x00007fe4d0600000, 0x00007fe4f2840000)
  from space 69888K,   1% used [0x00007fe4f2840000, 0x00007fe4f2988c30, 0x00007fe4f6c80000)
  to   space 69888K,   0% used [0x00007fe4f6c80000, 0x00007fe4f6c80000, 0x00007fe4fb0c0000)
 tenured generation   total 1660292K, used 1586472K [0x00007fea25b50000, 0x00007fea8b0b1000, 0x00007ff4d0600000)
   the space 1660292K,  95% used [0x00007fea25b50000, 0x00007fea8689a2a0, 0x00007fea8689a400, 0x00007fea8b0b1000)
 Metaspace       used 23263K, capacity 23667K, committed 23808K, reserved 24576K
}
Event: 11.235 GC heap after
{Heap after GC invocations=9 (full 2):
 def new generation   total 629248K, used 0K [0x00007fe4d0600000, 0x00007fe4fb0c0000, 0x00007fea25b50000)
  eden space 559360K,   0% used [0x00007fe4d0600000, 0x00007fe4d0600000, 0x00007fe4f2840000)
  from space 69888K,   0% used [0x00007fe4f2840000, 0x00007fe4f2840000, 0x00007fe4f6c80000)
  to   space 69888K,   0% used [0x00007fe4f6c80000, 0x00007fe4f6c80000, 0x00007fe4fb0c0000)
 tenured generation   total 1398144K, used 539202K [0x00007fea25b50000, 0x00007fea7b0b0000, 0x00007ff4d0600000)
   the space 1398144K,  38% used [0x00007fea25b50000, 0x00007fea469e08b0, 0x00007fea469e0a00, 0x00007fea7b0b0000)
 Metaspace       used 23263K, capacity 23667K, committed 23808K, reserved 24576K
}
Event: 12.116 GC heap before
{Heap before GC invocations=9 (full 2):
 def new generation   total 629248K, used 535328K [0x00007fe4d0600000, 0x00007fe4fb0c0000, 0x00007fea25b50000)
  eden space 559360K,  95% used [0x00007fe4d0600000, 0x00007fe4f10c8388, 0x00007fe4f2840000)
  from space 69888K,   0% used [0x00007fe4f2840000, 0x00007fe4f2840000, 0x00007fe4f6c80000)
  to   space 69888K,   0% used [0x00007fe4f6c80000, 0x00007fe4f6c80000, 0x00007fe4fb0c0000)
 tenured generation   total 1398144K, used 539202K [0x00007fea25b50000, 0x00007fea7b0b0000, 0x00007ff4d0600000)
   the space 1398144K,  38% used [0x00007fea25b50000, 0x00007fea469e08b0, 0x00007fea469e0a00, 0x00007fea7b0b0000)
 Metaspace       used 23263K, capacity 23667K, committed 23808K, reserved 24576K
}
Event: 12.269 GC heap after
{Heap after GC invocations=10 (full 2):
 def new generation   total 629248K, used 0K [0x00007fe4d0600000, 0x00007fe4fb0c0000, 0x00007fea25b50000)
  eden space 559360K,   0% used [0x00007fe4d0600000, 0x00007fe4d0600000, 0x00007fe4f2840000)
  from space 69888K,   0% used [0x00007fe4f6c80000, 0x00007fe4f6c803c0, 0x00007fe4fb0c0000)
  to   space 69888K,   0% used [0x00007fe4f2840000, 0x00007fe4f2840000, 0x00007fe4f6c80000)
 tenured generation   total 1398144K, used 801346K [0x00007fea25b50000, 0x00007fea7b0b0000, 0x00007ff4d0600000)
   the space 1398144K,  57% used [0x00007fea25b50000, 0x00007fea569e08e0, 0x00007fea569e0a00, 0x00007fea7b0b0000)
 Metaspace       used 23263K, capacity 23667K, committed 23808K, reserved 24576K
}
Event: 12.615 GC heap before
{Heap before GC invocations=10 (full 2):
 def new generation   total 629248K, used 214795K [0x00007fe4d0600000, 0x00007fe4fb0c0000, 0x00007fea25b50000)
  eden space 559360K,  38% used [0x00007fe4d0600000, 0x00007fe4dd7c2920, 0x00007fe4f2840000)
  from space 69888K,   0% used [0x00007fe4f6c80000, 0x00007fe4f6c803c0, 0x00007fe4fb0c0000)
  to   space 69888K,   0% used [0x00007fe4f2840000, 0x00007fe4f2840000, 0x00007fe4f6c80000)
 tenured generation   total 1398144K, used 801346K [0x00007fea25b50000, 0x00007fea7b0b0000, 0x00007ff4d0600000)
   the space 1398144K,  57% used [0x00007fea25b50000, 0x00007fea569e08e0, 0x00007fea569e0a00, 0x00007fea7b0b0000)
 Metaspace       used 23263K, capacity 23667K, committed 23808K, reserved 24576K
}
Event: 12.633 GC heap after
{Heap after GC invocations=11 (full 2):
 def new generation   total 629248K, used 14944K [0x00007fe4d0600000, 0x00007fe4fb0c0000, 0x00007fea25b50000)
  eden space 559360K,   0% used [0x00007fe4d0600000, 0x00007fe4d0600000, 0x00007fe4f2840000)
  from space 69888K,  21% used [0x00007fe4f2840000, 0x00007fe4f36d82d0, 0x00007fe4f6c80000)
  to   space 69888K,   0% used [0x00007fe4f6c80000, 0x00007fe4f6c80000, 0x00007fe4fb0c0000)
 tenured generation   total 1398144K, used 801346K [0x00007fea25b50000, 0x00007fea7b0b0000, 0x00007ff4d0600000)
   the space 1398144K,  57% used [0x00007fea25b50000, 0x00007fea569e08e0, 0x00007fea569e0a00, 0x00007fea7b0b0000)
 Metaspace       used 23263K, capacity 23667K, committed 23808K, reserved 24576K
}
Event: 12.633 GC heap before
{Heap before GC invocations=11 (full 2):
 def new generation   total 629248K, used 14944K [0x00007fe4d0600000, 0x00007fe4fb0c0000, 0x00007fea25b50000)
  eden space 559360K,   0% used [0x00007fe4d0600000, 0x00007fe4d0600000, 0x00007fe4f2840000)
  from space 69888K,  21% used [0x00007fe4f2840000, 0x00007fe4f36d82d0, 0x00007fe4f6c80000)
  to   space 69888K,   0% used [0x00007fe4f6c80000, 0x00007fe4f6c80000, 0x00007fe4fb0c0000)
 tenured generation   total 1398144K, used 801346K [0x00007fea25b50000, 0x00007fea7b0b0000, 0x00007ff4d0600000)
   the space 1398144K,  57% used [0x00007fea25b50000, 0x00007fea569e08e0, 0x00007fea569e0a00, 0x00007fea7b0b0000)
 Metaspace       used 23263K, capacity 23667K, committed 23808K, reserved 24576K
}
Event: 12.682 GC heap after
{Heap after GC invocations=11 (full 3):
 def new generation   total 629248K, used 0K [0x00007fe4d0600000, 0x00007fe4fb0c0000, 0x00007fea25b50000)
  eden space 559360K,   0% used [0x00007fe4d0600000, 0x00007fe4d0600000, 0x00007fe4f2840000)
  from space 69888K,   0% used [0x00007fe4f2840000, 0x00007fe4f2840000, 0x00007fe4f6c80000)
  to   space 69888K,   0% used [0x00007fe4f6c80000, 0x00007fe4f6c80000, 0x00007fe4fb0c0000)
 tenured generation   total 1398144K, used 19049K [0x00007fea25b50000, 0x00007fea7b0b0000, 0x00007ff4d0600000)
   the space 1398144K,   1% used [0x00007fea25b50000, 0x00007fea26dea5c0, 0x00007fea26dea600, 0x00007fea7b0b0000)
 Metaspace       used 23263K, capacity 23667K, committed 23808K, reserved 24576K
}
Event: 15.164 GC heap before
{Heap before GC invocations=11 (full 3):
 def new generation   total 629248K, used 535299K [0x00007fe4d0600000, 0x00007fe4fb0c0000, 0x00007fea25b50000)
  eden space 559360K,  95% used [0x00007fe4d0600000, 0x00007fe4f10c0d58, 0x00007fe4f2840000)
  from space 69888K,   0% used [0x00007fe4f2840000, 0x00007fe4f2840000, 0x00007fe4f6c80000)
  to   space 69888K,   0% used [0x00007fe4f6c80000, 0x00007fe4f6c80000, 0x00007fe4fb0c0000)
 tenured generation   total 1398144K, used 1067625K [0x00007fea25b50000, 0x00007fea7b0b0000, 0x00007ff4d0600000)
   the space 1398144K,  76% used [0x00007fea25b50000, 0x00007fea66dea5d8, 0x00007fea66dea600, 0x00007fea7b0b0000)
 Metaspace       used 23263K, capacity 23667K, committed 23808K, reserved 24576K
}
Event: 15.818 GC heap after
{Heap after GC invocations=12 (full 3):
 def new generation   total 629248K, used 0K [0x00007fe4d0600000, 0x00007fe4fb0c0000, 0x00007fea25b50000)
  eden space 559360K,   0% used [0x00007fe4d0600000, 0x00007fe4d0600000, 0x00007fe4f2840000)
  from space 69888K,   0% used [0x00007fe4f6c80000, 0x00007fe4f6c80258, 0x00007fe4fb0c0000)
  to   space 69888K,   0% used [0x00007fe4f2840000, 0x00007fe4f2840000, 0x00007fe4f6c80000)
 tenured generation   total 1922436K, used 1591913K [0x00007fea25b50000, 0x00007fea9b0b1000, 0x00007ff4d0600000)
   the space 1922436K,  82% used [0x00007fea25b50000, 0x00007fea86dea5f0, 0x00007fea86dea600, 0x00007fea9b0b1000)
 Metaspace       used 23263K, capacity 23667K, committed 23808K, reserved 24576K
}
Event: 15.818 GC heap before
{Heap before GC invocations=12 (full 3):
 def new generation   total 629248K, used 0K [0x00007fe4d0600000, 0x00007fe4fb0c0000, 0x00007fea25b50000)
  eden space 559360K,   0% used [0x00007fe4d0600000, 0x00007fe4d0600000, 0x00007fe4f2840000)
  from space 69888K,   0% used [0x00007fe4f6c80000, 0x00007fe4f6c80258, 0x00007fe4fb0c0000)
  to   space 69888K,   0% used [0x00007fe4f2840000, 0x00007fe4f2840000, 0x00007fe4f6c80000)
 tenured generation   total 1922436K, used 1591913K [0x00007fea25b50000, 0x00007fea9b0b1000, 0x00007ff4d0600000)
   the space 1922436K,  82% used [0x00007fea25b50000, 0x00007fea86dea5f0, 0x00007fea86dea600, 0x00007fea9b0b1000)
 Metaspace       used 23263K, capacity 23667K, committed 23808K, reserved 24576K
}
Event: 16.208 GC heap after
{Heap after GC invocations=12 (full 4):
 def new generation   total 629248K, used 0K [0x00007fe4d0600000, 0x00007fe4fb0c0000, 0x00007fea25b50000)
  eden space 559360K,   0% used [0x00007fe4d0600000, 0x00007fe4d0600000, 0x00007fe4f2840000)
  from space 69888K,   0% used [0x00007fe4f6c80000, 0x00007fe4f6c80000, 0x00007fe4fb0c0000)
  to   space 69888K,   0% used [0x00007fe4f2840000, 0x00007fe4f2840000, 0x00007fe4f6c80000)
 tenured generation   total 1398144K, used 533858K [0x00007fea25b50000, 0x00007fea7b0b0000, 0x00007ff4d0600000)
   the space 1398144K,  38% used [0x00007fea25b50000, 0x00007fea464a8b80, 0x00007fea464a8c00, 0x00007fea7b0b0000)
 Metaspace       used 23263K, capacity 23667K, committed 23808K, reserved 24576K
}
Event: 16.481 GC heap before
{Heap before GC invocations=12 (full 4):
 def new generation   total 629248K, used 535360K [0x00007fe4d0600000, 0x00007fe4fb0c0000, 0x00007fea25b50000)
  eden space 559360K,  95% used [0x00007fe4d0600000, 0x00007fe4f10d03c8, 0x00007fe4f2840000)
  from space 69888K,   0% used [0x00007fe4f6c80000, 0x00007fe4f6c80000, 0x00007fe4fb0c0000)
  to   space 69888K,   0% used [0x00007fe4f2840000, 0x00007fe4f2840000, 0x00007fe4f6c80000)
 tenured generation   total 1398144K, used 533858K [0x00007fea25b50000, 0x00007fea7b0b0000, 0x00007ff4d0600000)
   the space 1398144K,  38% used [0x00007fea25b50000, 0x00007fea464a8b80, 0x00007fea464a8c00, 0x00007fea7b0b0000)
 Metaspace       used 23263K, capacity 23667K, committed 23808K, reserved 24576K
}
Event: 16.593 GC heap after
{Heap after GC invocations=13 (full 4):
 def new generation   total 629248K, used 0K [0x00007fe4d0600000, 0x00007fe4fb0c0000, 0x00007fea25b50000)
  eden space 559360K,   0% used [0x00007fe4d0600000, 0x00007fe4d0600000, 0x00007fe4f2840000)
  from space 69888K,   0% used [0x00007fe4f2840000, 0x00007fe4f28402c0, 0x00007fe4f6c80000)
  to   space 69888K,   0% used [0x00007fe4f6c80000, 0x00007fe4f6c80000, 0x00007fe4fb0c0000)
 tenured generation   total 1398144K, used 1058146K [0x00007fea25b50000, 0x00007fea7b0b0000, 0x00007ff4d0600000)
   the space 1398144K,  75% used [0x00007fea25b50000, 0x00007fea664a8b98, 0x00007fea664a8c00, 0x00007fea7b0b0000)
 Metaspace       used 23263K, capacity 23667K, committed 23808K, reserved 24576K
}
Event: 16.593 GC heap before
{Heap before GC invocations=13 (full 4):
 def new generation   total 629248K, used 0K [0x00007fe4d0600000, 0x00007fe4fb0c0000, 0x00007fea25b50000)
  eden space 559360K,   0% used [0x00007fe4d0600000, 0x00007fe4d0600000, 0x00007fe4f2840000)
  from space 69888K,   0% used [0x00007fe4f2840000, 0x00007fe4f28402c0, 0x00007fe4f6c80000)
  to   space 69888K,   0% used [0x00007fe4f6c80000, 0x00007fe4f6c80000, 0x00007fe4fb0c0000)
 tenured generation   total 1398144K, used 1058146K [0x00007fea25b50000, 0x00007fea7b0b0000, 0x00007ff4d0600000)
   the space 1398144K,  75% used [0x00007fea25b50000, 0x00007fea664a8b98, 0x00007fea664a8c00, 0x00007fea7b0b0000)
 Metaspace       used 23263K, capacity 23667K, committed 23808K, reserved 24576K
}
Event: 16.637 GC heap after
{Heap after GC invocations=13 (full 5):
 def new generation   total 793728K, used 0K [0x00007fe4d0600000, 0x00007fe506330000, 0x00007fea25b50000)
  eden space 705600K,   0% used [0x00007fe4d0600000, 0x00007fe4d0600000, 0x00007fe4fb710000)
  from space 88128K,   0% used [0x00007fe4fb710000, 0x00007fe4fb710000, 0x00007fe500d20000)
  to   space 88128K,   0% used [0x00007fe500d20000, 0x00007fe500d20000, 0x00007fe506330000)
 tenured generation   total 1763580K, used 1058147K [0x00007fea25b50000, 0x00007fea9158f000, 0x00007ff4d0600000)
   the space 1763580K,  59% used [0x00007fea25b50000, 0x00007fea664a8e58, 0x00007fea664a9000, 0x00007fea9158f000)
 Metaspace       used 23263K, capacity 23667K, committed 23808K, reserved 24576K
}
Event: 28.072 GC heap before
{Heap before GC invocations=13 (full 5):
 def new generation   total 793728K, used 13916K [0x00007fe4d0600000, 0x00007fe506330000, 0x00007fea25b50000)
  eden space 705600K,   1% used [0x00007fe4d0600000, 0x00007fe4d1397080, 0x00007fe4fb710000)
  from space 88128K,   0% used [0x00007fe4fb710000, 0x00007fe4fb710000, 0x00007fe500d20000)
  to   space 88128K,   0% used [0x00007fe500d20000, 0x00007fe500d20000, 0x00007fe506330000)
 tenured generation   total 5957888K, used 5252451K [0x00007fea25b50000, 0x00007feb91590000, 0x00007ff4d0600000)
   the space 5957888K,  88% used [0x00007fea25b50000, 0x00007feb664a8e70, 0x00007feb664a9000, 0x00007feb91590000)
 Metaspace       used 23263K, capacity 23667K, committed 23808K, reserved 24576K
}
Event: 28.099 GC heap after
{Heap after GC invocations=14 (full 5):
 def new generation   total 793728K, used 0K [0x00007fe4d0600000, 0x00007fe506330000, 0x00007fea25b50000)
  eden space 705600K,   0% used [0x00007fe4d0600000, 0x00007fe4d0600000, 0x00007fe4fb710000)
  from space 88128K,   0% used [0x00007fe500d20000, 0x00007fe500d20228, 0x00007fe506330000)
  to   space 88128K,   0% used [0x00007fe4fb710000, 0x00007fe4fb710000, 0x00007fe500d20000)
 tenured generation   total 5957888K, used 5252451K [0x00007fea25b50000, 0x00007feb91590000, 0x00007ff4d0600000)
   the space 5957888K,  88% used [0x00007fea25b50000, 0x00007feb664a8e70, 0x00007feb664a9000, 0x00007feb91590000)
 Metaspace       used 23263K, capacity 23667K, committed 23808K, reserved 24576K
}
Event: 28.106 GC heap before
{Heap before GC invocations=14 (full 5):
 def new generation   total 793728K, used 0K [0x00007fe4d0600000, 0x00007fe506330000, 0x00007fea25b50000)
  eden space 705600K,   0% used [0x00007fe4d0600000, 0x00007fe4d0600000, 0x00007fe4fb710000)
  from space 88128K,   0% used [0x00007fe500d20000, 0x00007fe500d20228, 0x00007fe506330000)
  to   space 88128K,   0% used [0x00007fe4fb710000, 0x00007fe4fb710000, 0x00007fe500d20000)
 tenured generation   total 5957888K, used 5252451K [0x00007fea25b50000, 0x00007feb91590000, 0x00007ff4d0600000)
   the space 5957888K,  88% used [0x00007fea25b50000, 0x00007feb664a8e70, 0x00007feb664a9000, 0x00007feb91590000)
 Metaspace       used 23263K, capacity 23667K, committed 23808K, reserved 24576K
}

