# JRE version: OpenJDK Runtime Environment (13.0.7+5) (build 13.0.7+5-Ubuntu-0ubuntu120.04)
# Java VM: OpenJDK 64-Bit Server VM (13.0.7+5-Ubuntu-0ubuntu120.04, mixed mode, tiered, serial gc, linux-amd64)
Heap:
 def new generation   total 11107712K, used 1234038K [0x00007f4554600000, 0x00007f4845aa0000, 0x00007f4aa9b50000)
  eden space 9873536K,  12% used [0x00007f4554600000, 0x00007f459fb1d8e0, 0x00007f47af020000)
  from space 1234176K,   0% used [0x00007f47af020000, 0x00007f47af020000, 0x00007f47fa560000)
  to   space 1234176K,   0% used [0x00007f47fa560000, 0x00007f47fa560000, 0x00007f4845aa0000)
 tenured generation   total 26432052K, used 26432052K [0x00007f4aa9b50000, 0x00007f50f6fdd000, 0x00007f5554600000)
   the space 26432052K, 100% used [0x00007f4aa9b50000, 0x00007f50f6fdd000, 0x00007f50f6fdd000, 0x00007f50f6fdd000)
 Metaspace       used 30710K, capacity 31115K, committed 31488K, reserved 32768K
GC Heap History (20 events):
Event: 339.975 GC heap after
{Heap after GC invocations=49 (full 12):
 def new generation   total 6305408K, used 543142K [0x00007f4554600000, 0x00007f46fffc0000, 0x00007f4aa9b50000)
  eden space 5604864K,   0% used [0x00007f4554600000, 0x00007f4554600000, 0x00007f46aa780000)
  from space 700544K,  77% used [0x00007f46aa780000, 0x00007f46cb9e99e8, 0x00007f46d53a0000)
  to   space 700544K,   0% used [0x00007f46d53a0000, 0x00007f46d53a0000, 0x00007f46fffc0000)
 tenured generation   total 14011884K, used 11238019K [0x00007f4aa9b50000, 0x00007f4e00ecb000, 0x00007f5554600000)
   the space 14011884K,  80% used [0x00007f4aa9b50000, 0x00007f4d579f0d70, 0x00007f4d579f0e00, 0x00007f4e00ecb000)
 Metaspace       used 30710K, capacity 31115K, committed 31488K, reserved 32768K
}
Event: 569.752 GC heap before
{Heap before GC invocations=49 (full 12):
 def new generation   total 6305408K, used 6148006K [0x00007f4554600000, 0x00007f46fffc0000, 0x00007f4aa9b50000)
  eden space 5604864K, 100% used [0x00007f4554600000, 0x00007f46aa780000, 0x00007f46aa780000)
  from space 700544K,  77% used [0x00007f46aa780000, 0x00007f46cb9e99e8, 0x00007f46d53a0000)
  to   space 700544K,   0% used [0x00007f46d53a0000, 0x00007f46d53a0000, 0x00007f46fffc0000)
 tenured generation   total 14011884K, used 11238019K [0x00007f4aa9b50000, 0x00007f4e00ecb000, 0x00007f5554600000)
   the space 14011884K,  80% used [0x00007f4aa9b50000, 0x00007f4d579f0d70, 0x00007f4d579f0e00, 0x00007f4e00ecb000)
 Metaspace       used 30710K, capacity 31115K, committed 31488K, reserved 32768K
}
Event: 576.586 GC heap after
{Heap after GC invocations=50 (full 12):
 def new generation   total 6305408K, used 700543K [0x00007f4554600000, 0x00007f46fffc0000, 0x00007f4aa9b50000)
  eden space 5604864K,   0% used [0x00007f4554600000, 0x00007f4554600000, 0x00007f46aa780000)
  from space 700544K,  99% used [0x00007f46d53a0000, 0x00007f46fffbfff8, 0x00007f46fffc0000)
  to   space 700544K,   0% used [0x00007f46aa780000, 0x00007f46aa780000, 0x00007f46d53a0000)
 tenured generation   total 14011884K, used 13630213K [0x00007f4aa9b50000, 0x00007f4e00ecb000, 0x00007f5554600000)
   the space 14011884K,  97% used [0x00007f4aa9b50000, 0x00007f4de9a11518, 0x00007f4de9a11600, 0x00007f4e00ecb000)
 Metaspace       used 30710K, capacity 31115K, committed 31488K, reserved 32768K
}
Event: 1204.859 GC heap before
{Heap before GC invocations=50 (full 12):
 def new generation   total 6305408K, used 6305407K [0x00007f4554600000, 0x00007f46fffc0000, 0x00007f4aa9b50000)
  eden space 5604864K, 100% used [0x00007f4554600000, 0x00007f46aa780000, 0x00007f46aa780000)
  from space 700544K,  99% used [0x00007f46d53a0000, 0x00007f46fffbfff8, 0x00007f46fffc0000)
  to   space 700544K,   0% used [0x00007f46aa780000, 0x00007f46aa780000, 0x00007f46d53a0000)
 tenured generation   total 14011884K, used 13630213K [0x00007f4aa9b50000, 0x00007f4e00ecb000, 0x00007f5554600000)
   the space 14011884K,  97% used [0x00007f4aa9b50000, 0x00007f4de9a11518, 0x00007f4de9a11600, 0x00007f4e00ecb000)
 Metaspace       used 30710K, capacity 31115K, committed 31488K, reserved 32768K
}
Event: 1208.095 GC heap after
{Heap after GC invocations=51 (full 12):
 def new generation   total 6305408K, used 700543K [0x00007f4554600000, 0x00007f46fffc0000, 0x00007f4aa9b50000)
  eden space 5604864K,   0% used [0x00007f4554600000, 0x00007f4554600000, 0x00007f46aa780000)
  from space 700544K,  99% used [0x00007f46aa780000, 0x00007f46d539fff0, 0x00007f46d53a0000)
  to   space 700544K,   0% used [0x00007f46d53a0000, 0x00007f46d53a0000, 0x00007f46fffc0000)
 tenured generation   total 14810220K, used 14810178K [0x00007f4aa9b50000, 0x00007f4e31a6b000, 0x00007f5554600000)
   the space 14810220K,  99% used [0x00007f4aa9b50000, 0x00007f4e31a60a80, 0x00007f4e31a60c00, 0x00007f4e31a6b000)
 Metaspace       used 30710K, capacity 31115K, committed 31488K, reserved 32768K
}
Event: 1208.095 GC heap before
{Heap before GC invocations=51 (full 12):
 def new generation   total 6305408K, used 700543K [0x00007f4554600000, 0x00007f46fffc0000, 0x00007f4aa9b50000)
  eden space 5604864K,   0% used [0x00007f4554600000, 0x00007f4554600000, 0x00007f46aa780000)
  from space 700544K,  99% used [0x00007f46aa780000, 0x00007f46d539fff0, 0x00007f46d53a0000)
  to   space 700544K,   0% used [0x00007f46d53a0000, 0x00007f46d53a0000, 0x00007f46fffc0000)
 tenured generation   total 14810220K, used 14810178K [0x00007f4aa9b50000, 0x00007f4e31a6b000, 0x00007f5554600000)
   the space 14810220K,  99% used [0x00007f4aa9b50000, 0x00007f4e31a60a80, 0x00007f4e31a60c00, 0x00007f4e31a6b000)
 Metaspace       used 30710K, capacity 31115K, committed 31488K, reserved 32768K
}
Event: 1239.347 GC heap after
{Heap after GC invocations=51 (full 13):
 def new generation   total 11107712K, used 486490K [0x00007f4554600000, 0x00007f4845aa0000, 0x00007f4aa9b50000)
  eden space 9873536K,   4% used [0x00007f4554600000, 0x00007f45721169e0, 0x00007f47af020000)
  from space 1234176K,   0% used [0x00007f47af020000, 0x00007f47af020000, 0x00007f47fa560000)
  to   space 1234176K,   0% used [0x00007f47fa560000, 0x00007f47fa560000, 0x00007f4845aa0000)
 tenured generation   total 24683700K, used 14810219K [0x00007f4aa9b50000, 0x00007f508c47d000, 0x00007f5554600000)
   the space 24683700K,  59% used [0x00007f4aa9b50000, 0x00007f4e31a6aff0, 0x00007f4e31a6b000, 0x00007f508c47d000)
 Metaspace       used 30710K, capacity 31115K, committed 31488K, reserved 32768K
}
Event: 2432.905 GC heap before
{Heap before GC invocations=51 (full 13):
 def new generation   total 11107712K, used 9873536K [0x00007f4554600000, 0x00007f4845aa0000, 0x00007f4aa9b50000)
  eden space 9873536K, 100% used [0x00007f4554600000, 0x00007f47af020000, 0x00007f47af020000)
  from space 1234176K,   0% used [0x00007f47af020000, 0x00007f47af020000, 0x00007f47fa560000)
  to   space 1234176K,   0% used [0x00007f47fa560000, 0x00007f47fa560000, 0x00007f4845aa0000)
 tenured generation   total 24683700K, used 14810219K [0x00007f4aa9b50000, 0x00007f508c47d000, 0x00007f5554600000)
   the space 24683700K,  59% used [0x00007f4aa9b50000, 0x00007f4e31a6aff0, 0x00007f4e31a6b000, 0x00007f508c47d000)
 Metaspace       used 30710K, capacity 31115K, committed 31488K, reserved 32768K
}
Event: 2443.695 GC heap after
{Heap after GC invocations=52 (full 13):
 def new generation   total 11107712K, used 1234175K [0x00007f4554600000, 0x00007f4845aa0000, 0x00007f4aa9b50000)
  eden space 9873536K,   0% used [0x00007f4554600000, 0x00007f4554600000, 0x00007f47af020000)
  from space 1234176K,  99% used [0x00007f47fa560000, 0x00007f4845a9fff0, 0x00007f4845aa0000)
  to   space 1234176K,   0% used [0x00007f47af020000, 0x00007f47af020000, 0x00007f47fa560000)
 tenured generation   total 24683700K, used 16038748K [0x00007f4aa9b50000, 0x00007f508c47d000, 0x00007f5554600000)
   the space 24683700K,  64% used [0x00007f4aa9b50000, 0x00007f4e7ca273f0, 0x00007f4e7ca27400, 0x00007f508c47d000)
 Metaspace       used 30710K, capacity 31115K, committed 31488K, reserved 32768K
}
Event: 3529.047 GC heap before
{Heap before GC invocations=52 (full 13):
 def new generation   total 11107712K, used 11107711K [0x00007f4554600000, 0x00007f4845aa0000, 0x00007f4aa9b50000)
  eden space 9873536K, 100% used [0x00007f4554600000, 0x00007f47af020000, 0x00007f47af020000)
  from space 1234176K,  99% used [0x00007f47fa560000, 0x00007f4845a9fff0, 0x00007f4845aa0000)
  to   space 1234176K,   0% used [0x00007f47af020000, 0x00007f47af020000, 0x00007f47fa560000)
 tenured generation   total 24683700K, used 16038748K [0x00007f4aa9b50000, 0x00007f508c47d000, 0x00007f5554600000)
   the space 24683700K,  64% used [0x00007f4aa9b50000, 0x00007f4e7ca273f0, 0x00007f4e7ca27400, 0x00007f508c47d000)
 Metaspace       used 30710K, capacity 31115K, committed 31488K, reserved 32768K
}
Event: 3535.745 GC heap after
{Heap after GC invocations=53 (full 13):
 def new generation   total 11107712K, used 1234175K [0x00007f4554600000, 0x00007f4845aa0000, 0x00007f4aa9b50000)
  eden space 9873536K,   0% used [0x00007f4554600000, 0x00007f4554600000, 0x00007f47af020000)
  from space 1234176K,  99% used [0x00007f47af020000, 0x00007f47fa55fff0, 0x00007f47fa560000)
  to   space 1234176K,   0% used [0x00007f47fa560000, 0x00007f47fa560000, 0x00007f4845aa0000)
 tenured generation   total 24683700K, used 18117382K [0x00007f4aa9b50000, 0x00007f508c47d000, 0x00007f5554600000)
   the space 24683700K,  73% used [0x00007f4aa9b50000, 0x00007f4efb811830, 0x00007f4efb811a00, 0x00007f508c47d000)
 Metaspace       used 30710K, capacity 31115K, committed 31488K, reserved 32768K
}
Event: 4287.564 GC heap before
{Heap before GC invocations=53 (full 13):
 def new generation   total 11107712K, used 11107711K [0x00007f4554600000, 0x00007f4845aa0000, 0x00007f4aa9b50000)
  eden space 9873536K, 100% used [0x00007f4554600000, 0x00007f47af020000, 0x00007f47af020000)
  from space 1234176K,  99% used [0x00007f47af020000, 0x00007f47fa55fff0, 0x00007f47fa560000)
  to   space 1234176K,   0% used [0x00007f47fa560000, 0x00007f47fa560000, 0x00007f4845aa0000)
 tenured generation   total 24683700K, used 18117382K [0x00007f4aa9b50000, 0x00007f508c47d000, 0x00007f5554600000)
   the space 24683700K,  73% used [0x00007f4aa9b50000, 0x00007f4efb811830, 0x00007f4efb811a00, 0x00007f508c47d000)
 Metaspace       used 30710K, capacity 31115K, committed 31488K, reserved 32768K
}
Event: 4293.668 GC heap after
{Heap after GC invocations=54 (full 13):
 def new generation   total 11107712K, used 1234175K [0x00007f4554600000, 0x00007f4845aa0000, 0x00007f4aa9b50000)
  eden space 9873536K,   0% used [0x00007f4554600000, 0x00007f4554600000, 0x00007f47af020000)
  from space 1234176K,  99% used [0x00007f47fa560000, 0x00007f4845a9fff0, 0x00007f4845aa0000)
  to   space 1234176K,   0% used [0x00007f47af020000, 0x00007f47af020000, 0x00007f47fa560000)
 tenured generation   total 24683700K, used 20196015K [0x00007f4aa9b50000, 0x00007f508c47d000, 0x00007f5554600000)
   the space 24683700K,  81% used [0x00007f4aa9b50000, 0x00007f4f7a5fbc70, 0x00007f4f7a5fbe00, 0x00007f508c47d000)
 Metaspace       used 30710K, capacity 31115K, committed 31488K, reserved 32768K
}
Event: 5017.646 GC heap before
{Heap before GC invocations=54 (full 13):
 def new generation   total 11107712K, used 11107711K [0x00007f4554600000, 0x00007f4845aa0000, 0x00007f4aa9b50000)
  eden space 9873536K, 100% used [0x00007f4554600000, 0x00007f47af020000, 0x00007f47af020000)
  from space 1234176K,  99% used [0x00007f47fa560000, 0x00007f4845a9fff0, 0x00007f4845aa0000)
  to   space 1234176K,   0% used [0x00007f47af020000, 0x00007f47af020000, 0x00007f47fa560000)
 tenured generation   total 24683700K, used 20196015K [0x00007f4aa9b50000, 0x00007f508c47d000, 0x00007f5554600000)
   the space 24683700K,  81% used [0x00007f4aa9b50000, 0x00007f4f7a5fbc70, 0x00007f4f7a5fbe00, 0x00007f508c47d000)
 Metaspace       used 30710K, capacity 31115K, committed 31488K, reserved 32768K
}
Event: 5029.494 GC heap after
{Heap after GC invocations=55 (full 13):
 def new generation   total 11107712K, used 1234175K [0x00007f4554600000, 0x00007f4845aa0000, 0x00007f4aa9b50000)
  eden space 9873536K,   0% used [0x00007f4554600000, 0x00007f4554600000, 0x00007f47af020000)
  from space 1234176K,  99% used [0x00007f47af020000, 0x00007f47fa55fff0, 0x00007f47fa560000)
  to   space 1234176K,   0% used [0x00007f47fa560000, 0x00007f47fa560000, 0x00007f4845aa0000)
 tenured generation   total 24683700K, used 22274648K [0x00007f4aa9b50000, 0x00007f508c47d000, 0x00007f5554600000)
   the space 24683700K,  90% used [0x00007f4aa9b50000, 0x00007f4ff93e6030, 0x00007f4ff93e6200, 0x00007f508c47d000)
 Metaspace       used 30710K, capacity 31115K, committed 31488K, reserved 32768K
}
Event: 5564.873 GC heap before
{Heap before GC invocations=55 (full 13):
 def new generation   total 11107712K, used 11107711K [0x00007f4554600000, 0x00007f4845aa0000, 0x00007f4aa9b50000)
  eden space 9873536K, 100% used [0x00007f4554600000, 0x00007f47af020000, 0x00007f47af020000)
  from space 1234176K,  99% used [0x00007f47af020000, 0x00007f47fa55fff0, 0x00007f47fa560000)
  to   space 1234176K,   0% used [0x00007f47fa560000, 0x00007f47fa560000, 0x00007f4845aa0000)
 tenured generation   total 24683700K, used 22274648K [0x00007f4aa9b50000, 0x00007f508c47d000, 0x00007f5554600000)
   the space 24683700K,  90% used [0x00007f4aa9b50000, 0x00007f4ff93e6030, 0x00007f4ff93e6200, 0x00007f508c47d000)
 Metaspace       used 30710K, capacity 31115K, committed 31488K, reserved 32768K
}
Event: 5570.081 GC heap after
{Heap after GC invocations=56 (full 13):
 def new generation   total 11107712K, used 1234175K [0x00007f4554600000, 0x00007f4845aa0000, 0x00007f4aa9b50000)
  eden space 9873536K,   0% used [0x00007f4554600000, 0x00007f4554600000, 0x00007f47af020000)
  from space 1234176K,  99% used [0x00007f47fa560000, 0x00007f4845a9fff0, 0x00007f4845aa0000)
  to   space 1234176K,   0% used [0x00007f47af020000, 0x00007f47af020000, 0x00007f47fa560000)
 tenured generation   total 24683700K, used 24353281K [0x00007f4aa9b50000, 0x00007f508c47d000, 0x00007f5554600000)
   the space 24683700K,  98% used [0x00007f4aa9b50000, 0x00007f50781d0470, 0x00007f50781d0600, 0x00007f508c47d000)
 Metaspace       used 30710K, capacity 31115K, committed 31488K, reserved 32768K
}
Event: 5932.443 GC heap before
{Heap before GC invocations=56 (full 13):
 def new generation   total 11107712K, used 11107711K [0x00007f4554600000, 0x00007f4845aa0000, 0x00007f4aa9b50000)
  eden space 9873536K, 100% used [0x00007f4554600000, 0x00007f47af020000, 0x00007f47af020000)
  from space 1234176K,  99% used [0x00007f47fa560000, 0x00007f4845a9fff0, 0x00007f4845aa0000)
  to   space 1234176K,   0% used [0x00007f47af020000, 0x00007f47af020000, 0x00007f47fa560000)
 tenured generation   total 24683700K, used 24353281K [0x00007f4aa9b50000, 0x00007f508c47d000, 0x00007f5554600000)
   the space 24683700K,  98% used [0x00007f4aa9b50000, 0x00007f50781d0470, 0x00007f50781d0600, 0x00007f508c47d000)
 Metaspace       used 30710K, capacity 31115K, committed 31488K, reserved 32768K
}
Event: 5937.744 GC heap after
{Heap after GC invocations=57 (full 13):
 def new generation   total 11107712K, used 1234175K [0x00007f4554600000, 0x00007f4845aa0000, 0x00007f4aa9b50000)
  eden space 9873536K,   0% used [0x00007f4554600000, 0x00007f4554600000, 0x00007f47af020000)
  from space 1234176K,  99% used [0x00007f47af020000, 0x00007f47fa55fff0, 0x00007f47fa560000)
  to   space 1234176K,   0% used [0x00007f47fa560000, 0x00007f47fa560000, 0x00007f4845aa0000)
 tenured generation   total 26432052K, used 26431914K [0x00007f4aa9b50000, 0x00007f50f6fdd000, 0x00007f5554600000)
   the space 26432052K,  99% used [0x00007f4aa9b50000, 0x00007f50f6fba8f0, 0x00007f50f6fbaa00, 0x00007f50f6fdd000)
 Metaspace       used 30710K, capacity 31115K, committed 31488K, reserved 32768K
}
Event: 5937.744 GC heap before
{Heap before GC invocations=57 (full 13):
 def new generation   total 11107712K, used 1234175K [0x00007f4554600000, 0x00007f4845aa0000, 0x00007f4aa9b50000)
  eden space 9873536K,   0% used [0x00007f4554600000, 0x00007f4554600000, 0x00007f47af020000)
  from space 1234176K,  99% used [0x00007f47af020000, 0x00007f47fa55fff0, 0x00007f47fa560000)
  to   space 1234176K,   0% used [0x00007f47fa560000, 0x00007f47fa560000, 0x00007f4845aa0000)
 tenured generation   total 26432052K, used 26431914K [0x00007f4aa9b50000, 0x00007f50f6fdd000, 0x00007f5554600000)
   the space 26432052K,  99% used [0x00007f4aa9b50000, 0x00007f50f6fba8f0, 0x00007f50f6fbaa00, 0x00007f50f6fdd000)
 Metaspace       used 30710K, capacity 31115K, committed 31488K, reserved 32768K
}

