# JRE version: OpenJDK Runtime Environment (13.0.7+5) (build 13.0.7+5-Ubuntu-0ubuntu120.04)
# Java VM: OpenJDK 64-Bit Server VM (13.0.7+5-Ubuntu-0ubuntu120.04, mixed mode, tiered, serial gc, linux-amd64)
Heap:
 def new generation   total 5050496K, used 4282422K [0x00007f9110600000, 0x00007f9266e20000, 0x00007f9665b50000)
  eden space 4489344K,  95% used [0x00007f9110600000, 0x00007f9215c0d8e0, 0x00007f9222620000)
  from space 561152K,   0% used [0x00007f9222620000, 0x00007f9222620000, 0x00007f9244a20000)
  to   space 561152K,   0% used [0x00007f9244a20000, 0x00007f9244a200a8, 0x00007f9266e20000)
 tenured generation   total 11223188K, used 8406417K [0x00007f9665b50000, 0x00007f9912b75000, 0x00007fa110600000)
   the space 11223188K,  74% used [0x00007f9665b50000, 0x00007f9866cb4468, 0x00007f9866cb4600, 0x00007f9912b75000)
 Metaspace       used 23264K, capacity 23612K, committed 23808K, reserved 24576K
GC Heap History (19 events):
Event: 3.160 GC heap before
{Heap before GC invocations=0 (full 0):
 def new generation   total 629120K, used 100662K [0x00007f9110600000, 0x00007f913b0a0000, 0x00007f9665b50000)
  eden space 559232K,  18% used [0x00007f9110600000, 0x00007f911684d938, 0x00007f9132820000)
  from space 69888K,   0% used [0x00007f9132820000, 0x00007f9132820000, 0x00007f9136c60000)
  to   space 69888K,   0% used [0x00007f9136c60000, 0x00007f9136c60000, 0x00007f913b0a0000)
 tenured generation   total 1398144K, used 0K [0x00007f9665b50000, 0x00007f96bb0b0000, 0x00007fa110600000)
   the space 1398144K,   0% used [0x00007f9665b50000, 0x00007f9665b50000, 0x00007f9665b50200, 0x00007f96bb0b0000)
 Metaspace       used 20883K, capacity 21148K, committed 21248K, reserved 22528K
}
Event: 3.208 GC heap after
{Heap after GC invocations=1 (full 1):
 def new generation   total 629248K, used 0K [0x00007f9110600000, 0x00007f913b0c0000, 0x00007f9665b50000)
  eden space 559360K,   0% used [0x00007f9110600000, 0x00007f9110600000, 0x00007f9132840000)
  from space 69888K,   0% used [0x00007f9132840000, 0x00007f9132840000, 0x00007f9136c80000)
  to   space 69888K,   0% used [0x00007f9136c80000, 0x00007f9136c80000, 0x00007f913b0c0000)
 tenured generation   total 1398144K, used 13574K [0x00007f9665b50000, 0x00007f96bb0b0000, 0x00007fa110600000)
   the space 1398144K,   0% used [0x00007f9665b50000, 0x00007f9666891888, 0x00007f9666891a00, 0x00007f96bb0b0000)
 Metaspace       used 20883K, capacity 21148K, committed 21248K, reserved 22528K
}
Event: 4.755 GC heap before
{Heap before GC invocations=1 (full 1):
 def new generation   total 629248K, used 500849K [0x00007f9110600000, 0x00007f913b0c0000, 0x00007f9665b50000)
  eden space 559360K,  89% used [0x00007f9110600000, 0x00007f912ef1c4d8, 0x00007f9132840000)
  from space 69888K,   0% used [0x00007f9132840000, 0x00007f9132840000, 0x00007f9136c80000)
  to   space 69888K,   0% used [0x00007f9136c80000, 0x00007f9136c80000, 0x00007f913b0c0000)
 tenured generation   total 1398144K, used 13574K [0x00007f9665b50000, 0x00007f96bb0b0000, 0x00007fa110600000)
   the space 1398144K,   0% used [0x00007f9665b50000, 0x00007f9666891888, 0x00007f9666891a00, 0x00007f96bb0b0000)
 Metaspace       used 23178K, capacity 23523K, committed 23808K, reserved 24576K
}
Event: 4.762 GC heap after
{Heap after GC invocations=2 (full 1):
 def new generation   total 629248K, used 9449K [0x00007f9110600000, 0x00007f913b0c0000, 0x00007f9665b50000)
  eden space 559360K,   0% used [0x00007f9110600000, 0x00007f9110600000, 0x00007f9132840000)
  from space 69888K,  13% used [0x00007f9136c80000, 0x00007f91375ba500, 0x00007f913b0c0000)
  to   space 69888K,   0% used [0x00007f9132840000, 0x00007f9132840000, 0x00007f9136c80000)
 tenured generation   total 1398144K, used 13574K [0x00007f9665b50000, 0x00007f96bb0b0000, 0x00007fa110600000)
   the space 1398144K,   0% used [0x00007f9665b50000, 0x00007f9666891888, 0x00007f9666891a00, 0x00007f96bb0b0000)
 Metaspace       used 23178K, capacity 23523K, committed 23808K, reserved 24576K
}
Event: 4.762 GC heap before
{Heap before GC invocations=2 (full 1):
 def new generation   total 629248K, used 9449K [0x00007f9110600000, 0x00007f913b0c0000, 0x00007f9665b50000)
  eden space 559360K,   0% used [0x00007f9110600000, 0x00007f9110600000, 0x00007f9132840000)
  from space 69888K,  13% used [0x00007f9136c80000, 0x00007f91375ba500, 0x00007f913b0c0000)
  to   space 69888K,   0% used [0x00007f9132840000, 0x00007f9132840000, 0x00007f9136c80000)
 tenured generation   total 1398144K, used 13574K [0x00007f9665b50000, 0x00007f96bb0b0000, 0x00007fa110600000)
   the space 1398144K,   0% used [0x00007f9665b50000, 0x00007f9666891888, 0x00007f9666891a00, 0x00007f96bb0b0000)
 Metaspace       used 23178K, capacity 23523K, committed 23808K, reserved 24576K
}
Event: 4.792 GC heap after
{Heap after GC invocations=2 (full 2):
 def new generation   total 629248K, used 0K [0x00007f9110600000, 0x00007f913b0c0000, 0x00007f9665b50000)
  eden space 559360K,   0% used [0x00007f9110600000, 0x00007f9110600000, 0x00007f9132840000)
  from space 69888K,   0% used [0x00007f9136c80000, 0x00007f9136c80000, 0x00007f913b0c0000)
  to   space 69888K,   0% used [0x00007f9132840000, 0x00007f9132840000, 0x00007f9136c80000)
 tenured generation   total 1398144K, used 23023K [0x00007f9665b50000, 0x00007f96bb0b0000, 0x00007fa110600000)
   the space 1398144K,   1% used [0x00007f9665b50000, 0x00007f96671cbd38, 0x00007f96671cbe00, 0x00007f96bb0b0000)
 Metaspace       used 23178K, capacity 23523K, committed 23808K, reserved 24576K
}
Event: 8.238 GC heap before
{Heap before GC invocations=2 (full 2):
 def new generation   total 629248K, used 16474K [0x00007f9110600000, 0x00007f913b0c0000, 0x00007f9665b50000)
  eden space 559360K,   2% used [0x00007f9110600000, 0x00007f9111616920, 0x00007f9132840000)
  from space 69888K,   0% used [0x00007f9136c80000, 0x00007f9136c80000, 0x00007f913b0c0000)
  to   space 69888K,   0% used [0x00007f9132840000, 0x00007f9132840000, 0x00007f9136c80000)
 tenured generation   total 5592452K, used 4217327K [0x00007f9665b50000, 0x00007f97bb0b1000, 0x00007fa110600000)
   the space 5592452K,  75% used [0x00007f9665b50000, 0x00007f97671cbd50, 0x00007f97671cbe00, 0x00007f97bb0b1000)
 Metaspace       used 23180K, capacity 23587K, committed 23808K, reserved 24576K
}
Event: 8.242 GC heap after
{Heap after GC invocations=3 (full 2):
 def new generation   total 629248K, used 0K [0x00007f9110600000, 0x00007f913b0c0000, 0x00007f9665b50000)
  eden space 559360K,   0% used [0x00007f9110600000, 0x00007f9110600000, 0x00007f9132840000)
  from space 69888K,   0% used [0x00007f9132840000, 0x00007f9132840248, 0x00007f9136c80000)
  to   space 69888K,   0% used [0x00007f9136c80000, 0x00007f9136c80000, 0x00007f913b0c0000)
 tenured generation   total 5592452K, used 4217327K [0x00007f9665b50000, 0x00007f97bb0b1000, 0x00007fa110600000)
   the space 5592452K,  75% used [0x00007f9665b50000, 0x00007f97671cbd50, 0x00007f97671cbe00, 0x00007f97bb0b1000)
 Metaspace       used 23180K, capacity 23587K, committed 23808K, reserved 24576K
}
Event: 8.242 GC heap before
{Heap before GC invocations=3 (full 2):
 def new generation   total 629248K, used 0K [0x00007f9110600000, 0x00007f913b0c0000, 0x00007f9665b50000)
  eden space 559360K,   0% used [0x00007f9110600000, 0x00007f9110600000, 0x00007f9132840000)
  from space 69888K,   0% used [0x00007f9132840000, 0x00007f9132840248, 0x00007f9136c80000)
  to   space 69888K,   0% used [0x00007f9136c80000, 0x00007f9136c80000, 0x00007f913b0c0000)
 tenured generation   total 5592452K, used 4217327K [0x00007f9665b50000, 0x00007f97bb0b1000, 0x00007fa110600000)
   the space 5592452K,  75% used [0x00007f9665b50000, 0x00007f97671cbd50, 0x00007f97671cbe00, 0x00007f97bb0b1000)
 Metaspace       used 23180K, capacity 23587K, committed 23808K, reserved 24576K
}
Event: 8.283 GC heap after
{Heap after GC invocations=3 (full 3):
 def new generation   total 3163072K, used 0K [0x00007f9110600000, 0x00007f91e6e20000, 0x00007f9665b50000)
  eden space 2811648K,   0% used [0x00007f9110600000, 0x00007f9110600000, 0x00007f91bbfc0000)
  from space 351424K,   0% used [0x00007f91bbfc0000, 0x00007f91bbfc0000, 0x00007f91d16f0000)
  to   space 351424K,   0% used [0x00007f91d16f0000, 0x00007f91d16f0000, 0x00007f91e6e20000)
 tenured generation   total 7028880K, used 4217327K [0x00007f9665b50000, 0x00007f9812b74000, 0x00007fa110600000)
   the space 7028880K,  59% used [0x00007f9665b50000, 0x00007f97671cbf98, 0x00007f97671cc000, 0x00007f9812b74000)
 Metaspace       used 23180K, capacity 23587K, committed 23808K, reserved 24576K
}
Event: 14.126 GC heap before
{Heap before GC invocations=3 (full 3):
 def new generation   total 3163072K, used 1788125K [0x00007f9110600000, 0x00007f91e6e20000, 0x00007f9665b50000)
  eden space 2811648K,  63% used [0x00007f9110600000, 0x00007f917d837498, 0x00007f91bbfc0000)
  from space 351424K,   0% used [0x00007f91bbfc0000, 0x00007f91bbfc0000, 0x00007f91d16f0000)
  to   space 351424K,   0% used [0x00007f91d16f0000, 0x00007f91d16f0000, 0x00007f91e6e20000)
 tenured generation   total 11223188K, used 8411631K [0x00007f9665b50000, 0x00007f9912b75000, 0x00007fa110600000)
   the space 11223188K,  74% used [0x00007f9665b50000, 0x00007f98671cbfb0, 0x00007f98671cc000, 0x00007f9912b75000)
 Metaspace       used 23256K, capacity 23612K, committed 23808K, reserved 24576K
}
Event: 14.185 GC heap after
{Heap after GC invocations=4 (full 3):
 def new generation   total 3163072K, used 33511K [0x00007f9110600000, 0x00007f91e6e20000, 0x00007f9665b50000)
  eden space 2811648K,   0% used [0x00007f9110600000, 0x00007f9110600000, 0x00007f91bbfc0000)
  from space 351424K,   9% used [0x00007f91d16f0000, 0x00007f91d37a9ff0, 0x00007f91e6e20000)
  to   space 351424K,   0% used [0x00007f91bbfc0000, 0x00007f91bbfc0000, 0x00007f91d16f0000)
 tenured generation   total 11223188K, used 8411631K [0x00007f9665b50000, 0x00007f9912b75000, 0x00007fa110600000)
   the space 11223188K,  74% used [0x00007f9665b50000, 0x00007f98671cbfb0, 0x00007f98671cc000, 0x00007f9912b75000)
 Metaspace       used 23256K, capacity 23612K, committed 23808K, reserved 24576K
}
Event: 16.833 GC heap before
{Heap before GC invocations=4 (full 3):
 def new generation   total 3163072K, used 2185894K [0x00007f9110600000, 0x00007f91e6e20000, 0x00007f9665b50000)
  eden space 2811648K,  76% used [0x00007f9110600000, 0x00007f9193befb98, 0x00007f91bbfc0000)
  from space 351424K,   9% used [0x00007f91d16f0000, 0x00007f91d37a9ff0, 0x00007f91e6e20000)
  to   space 351424K,   0% used [0x00007f91bbfc0000, 0x00007f91bbfc0000, 0x00007f91d16f0000)
 tenured generation   total 11223188K, used 8411631K [0x00007f9665b50000, 0x00007f9912b75000, 0x00007fa110600000)
   the space 11223188K,  74% used [0x00007f9665b50000, 0x00007f98671cbfb0, 0x00007f98671cc000, 0x00007f9912b75000)
 Metaspace       used 23257K, capacity 23612K, committed 23808K, reserved 24576K
}
Event: 19.135 GC heap after
{Heap after GC invocations=5 (full 3):
 def new generation   total 3163072K, used 739K [0x00007f9110600000, 0x00007f91e6e20000, 0x00007f9665b50000)
  eden space 2811648K,   0% used [0x00007f9110600000, 0x00007f9110600000, 0x00007f91bbfc0000)
  from space 351424K,   0% used [0x00007f91bbfc0000, 0x00007f91bc078da0, 0x00007f91d16f0000)
  to   space 351424K,   0% used [0x00007f91d16f0000, 0x00007f91d16f0000, 0x00007f91e6e20000)
 tenured generation   total 11223188K, used 10508783K [0x00007f9665b50000, 0x00007f9912b75000, 0x00007fa110600000)
   the space 11223188K,  93% used [0x00007f9665b50000, 0x00007f98e71cbfe0, 0x00007f98e71cc000, 0x00007f9912b75000)
 Metaspace       used 23257K, capacity 23612K, committed 23808K, reserved 24576K
}
Event: 21.903 GC heap before
{Heap before GC invocations=5 (full 3):
 def new generation   total 3163072K, used 1760257K [0x00007f9110600000, 0x00007f91e6e20000, 0x00007f9665b50000)
  eden space 2811648K,  62% used [0x00007f9110600000, 0x00007f917bc476e0, 0x00007f91bbfc0000)
  from space 351424K,   0% used [0x00007f91bbfc0000, 0x00007f91bc078da0, 0x00007f91d16f0000)
  to   space 351424K,   0% used [0x00007f91d16f0000, 0x00007f91d16f0000, 0x00007f91e6e20000)
 tenured generation   total 11223188K, used 10508783K [0x00007f9665b50000, 0x00007f9912b75000, 0x00007fa110600000)
   the space 11223188K,  93% used [0x00007f9665b50000, 0x00007f98e71cbfe0, 0x00007f98e71cc000, 0x00007f9912b75000)
 Metaspace       used 23264K, capacity 23612K, committed 23808K, reserved 24576K
}
Event: 21.913 GC heap after
{Heap after GC invocations=6 (full 3):
 def new generation   total 3163072K, used 9194K [0x00007f9110600000, 0x00007f91e6e20000, 0x00007f9665b50000)
  eden space 2811648K,   0% used [0x00007f9110600000, 0x00007f9110600000, 0x00007f91bbfc0000)
  from space 351424K,   2% used [0x00007f91d16f0000, 0x00007f91d1fea928, 0x00007f91e6e20000)
  to   space 351424K,   0% used [0x00007f91bbfc0000, 0x00007f91bbfc0000, 0x00007f91d16f0000)
 tenured generation   total 11223188K, used 10508783K [0x00007f9665b50000, 0x00007f9912b75000, 0x00007fa110600000)
   the space 11223188K,  93% used [0x00007f9665b50000, 0x00007f98e71cbfe0, 0x00007f98e71cc000, 0x00007f9912b75000)
 Metaspace       used 23264K, capacity 23612K, committed 23808K, reserved 24576K
}
Event: 21.913 GC heap before
{Heap before GC invocations=6 (full 3):
 def new generation   total 3163072K, used 9194K [0x00007f9110600000, 0x00007f91e6e20000, 0x00007f9665b50000)
  eden space 2811648K,   0% used [0x00007f9110600000, 0x00007f9110600000, 0x00007f91bbfc0000)
  from space 351424K,   2% used [0x00007f91d16f0000, 0x00007f91d1fea928, 0x00007f91e6e20000)
  to   space 351424K,   0% used [0x00007f91bbfc0000, 0x00007f91bbfc0000, 0x00007f91d16f0000)
 tenured generation   total 11223188K, used 10508783K [0x00007f9665b50000, 0x00007f9912b75000, 0x00007fa110600000)
   the space 11223188K,  93% used [0x00007f9665b50000, 0x00007f98e71cbfe0, 0x00007f98e71cc000, 0x00007f9912b75000)
 Metaspace       used 23264K, capacity 23612K, committed 23808K, reserved 24576K
}
Event: 21.960 GC heap after
{Heap after GC invocations=6 (full 4):
 def new generation   total 5050496K, used 0K [0x00007f9110600000, 0x00007f9266e20000, 0x00007f9665b50000)
  eden space 4489344K,   0% used [0x00007f9110600000, 0x00007f9110600000, 0x00007f9222620000)
  from space 561152K,   0% used [0x00007f9222620000, 0x00007f9222620000, 0x00007f9244a20000)
  to   space 561152K,   0% used [0x00007f9244a20000, 0x00007f9244a20000, 0x00007f9266e20000)
 tenured generation   total 11223188K, used 17809K [0x00007f9665b50000, 0x00007f9912b75000, 0x00007fa110600000)
   the space 11223188K,   0% used [0x00007f9665b50000, 0x00007f9666cb4450, 0x00007f9666cb4600, 0x00007f9912b75000)
 Metaspace       used 23264K, capacity 23612K, committed 23808K, reserved 24576K
}
Event: 33.161 GC heap before
{Heap before GC invocations=6 (full 4):
 def new generation   total 5050496K, used 4282422K [0x00007f9110600000, 0x00007f9266e20000, 0x00007f9665b50000)
  eden space 4489344K,  95% used [0x00007f9110600000, 0x00007f9215c0d8e0, 0x00007f9222620000)
  from space 561152K,   0% used [0x00007f9222620000, 0x00007f9222620000, 0x00007f9244a20000)
  to   space 561152K,   0% used [0x00007f9244a20000, 0x00007f9244a20000, 0x00007f9266e20000)
 tenured generation   total 11223188K, used 8406417K [0x00007f9665b50000, 0x00007f9912b75000, 0x00007fa110600000)
   the space 11223188K,  74% used [0x00007f9665b50000, 0x00007f9866cb4468, 0x00007f9866cb4600, 0x00007f9912b75000)
 Metaspace       used 23264K, capacity 23612K, committed 23808K, reserved 24576K
}

