# JRE version: OpenJDK Runtime Environment (13.0.7+5) (build 13.0.7+5-Ubuntu-0ubuntu120.04)
# Java VM: OpenJDK 64-Bit Server VM (13.0.7+5-Ubuntu-0ubuntu120.04, mixed mode, tiered, serial gc, linux-amd64)
Heap:
 def new generation   total 1594432K, used 1112332K [0x00007f5700600000, 0x00007f576c810000, 0x00007f5c55b50000)
  eden space 1417280K,  75% used [0x00007f5700600000, 0x00007f574215cb98, 0x00007f5756e10000)
  from space 177152K,  20% used [0x00007f5756e10000, 0x00007f57590f65c8, 0x00007f5761b10000)
  to   space 177152K,   0% used [0x00007f5761b10000, 0x00007f5761b12060, 0x00007f576c810000)
 tenured generation   total 3543100K, used 3174435K [0x00007f5c55b50000, 0x00007f5d2df5f000, 0x00007f6700600000)
   the space 3543100K,  89% used [0x00007f5c55b50000, 0x00007f5d17758dc0, 0x00007f5d17758e00, 0x00007f5d2df5f000)
 Metaspace       used 24316K, capacity 24777K, committed 24832K, reserved 26624K
GC Heap History (20 events):
Event: 2156.060 GC heap after
{Heap after GC invocations=729 (full 234):
 def new generation   total 1594368K, used 35713K [0x00007f5700600000, 0x00007f576c7f0000, 0x00007f5c55b50000)
  eden space 1417280K,   0% used [0x00007f5700600000, 0x00007f5700600000, 0x00007f5756e10000)
  from space 177088K,  20% used [0x00007f5761b00000, 0x00007f5763de0410, 0x00007f576c7f0000)
  to   space 177088K,   0% used [0x00007f5756e10000, 0x00007f5756e10000, 0x00007f5761b00000)
 tenured generation   total 3542860K, used 2125714K [0x00007f5c55b50000, 0x00007f5d2df23000, 0x00007f6700600000)
   the space 3542860K,  59% used [0x00007f5c55b50000, 0x00007f5cd7734948, 0x00007f5cd7734a00, 0x00007f5d2df23000)
 Metaspace       used 24316K, capacity 24777K, committed 24832K, reserved 26624K
}
Event: 2157.783 GC heap before
{Heap before GC invocations=729 (full 234):
 def new generation   total 1594368K, used 1365970K [0x00007f5700600000, 0x00007f576c7f0000, 0x00007f5c55b50000)
  eden space 1417280K,  93% used [0x00007f5700600000, 0x00007f57519146a8, 0x00007f5756e10000)
  from space 177088K,  20% used [0x00007f5761b00000, 0x00007f5763de0410, 0x00007f576c7f0000)
  to   space 177088K,   0% used [0x00007f5756e10000, 0x00007f5756e10000, 0x00007f5761b00000)
 tenured generation   total 3542860K, used 2125714K [0x00007f5c55b50000, 0x00007f5d2df23000, 0x00007f6700600000)
   the space 3542860K,  59% used [0x00007f5c55b50000, 0x00007f5cd7734948, 0x00007f5cd7734a00, 0x00007f5d2df23000)
 Metaspace       used 24316K, capacity 24777K, committed 24832K, reserved 26624K
}
Event: 2158.463 GC heap after
{Heap after GC invocations=730 (full 234):
 def new generation   total 1594368K, used 35737K [0x00007f5700600000, 0x00007f576c7f0000, 0x00007f5c55b50000)
  eden space 1417280K,   0% used [0x00007f5700600000, 0x00007f5700600000, 0x00007f5756e10000)
  from space 177088K,  20% used [0x00007f5756e10000, 0x00007f57590f65c8, 0x00007f5761b00000)
  to   space 177088K,   0% used [0x00007f5761b00000, 0x00007f5761b00000, 0x00007f576c7f0000)
 tenured generation   total 3542860K, used 3174290K [0x00007f5c55b50000, 0x00007f5d2df23000, 0x00007f6700600000)
   the space 3542860K,  89% used [0x00007f5c55b50000, 0x00007f5d17734960, 0x00007f5d17734a00, 0x00007f5d2df23000)
 Metaspace       used 24316K, capacity 24777K, committed 24832K, reserved 26624K
}
Event: 2159.671 GC heap before
{Heap before GC invocations=730 (full 234):
 def new generation   total 1594368K, used 1112332K [0x00007f5700600000, 0x00007f576c7f0000, 0x00007f5c55b50000)
  eden space 1417280K,  75% used [0x00007f5700600000, 0x00007f574215cc30, 0x00007f5756e10000)
  from space 177088K,  20% used [0x00007f5756e10000, 0x00007f57590f65c8, 0x00007f5761b00000)
  to   space 177088K,   0% used [0x00007f5761b00000, 0x00007f5761b00000, 0x00007f576c7f0000)
 tenured generation   total 3542860K, used 3174290K [0x00007f5c55b50000, 0x00007f5d2df23000, 0x00007f6700600000)
   the space 3542860K,  89% used [0x00007f5c55b50000, 0x00007f5d17734960, 0x00007f5d17734a00, 0x00007f5d2df23000)
 Metaspace       used 24316K, capacity 24777K, committed 24832K, reserved 26624K
}
Event: 2160.890 GC heap after
{Heap after GC invocations=731 (full 234):
 def new generation   total 1594368K, used 35738K [0x00007f5700600000, 0x00007f576c7f0000, 0x00007f5c55b50000)
  eden space 1417280K,   0% used [0x00007f5700600000, 0x00007f5700600000, 0x00007f5756e10000)
  from space 177088K,  20% used [0x00007f5761b00000, 0x00007f5763de6840, 0x00007f576c7f0000)
  to   space 177088K,   0% used [0x00007f5756e10000, 0x00007f5756e10000, 0x00007f5761b00000)
 tenured generation   total 4591440K, used 4222866K [0x00007f5c55b50000, 0x00007f5d6df24000, 0x00007f6700600000)
   the space 4591440K,  91% used [0x00007f5c55b50000, 0x00007f5d57734978, 0x00007f5d57734a00, 0x00007f5d6df24000)
 Metaspace       used 24316K, capacity 24777K, committed 24832K, reserved 26624K
}
Event: 2160.890 GC heap before
{Heap before GC invocations=731 (full 234):
 def new generation   total 1594368K, used 35738K [0x00007f5700600000, 0x00007f576c7f0000, 0x00007f5c55b50000)
  eden space 1417280K,   0% used [0x00007f5700600000, 0x00007f5700600000, 0x00007f5756e10000)
  from space 177088K,  20% used [0x00007f5761b00000, 0x00007f5763de6840, 0x00007f576c7f0000)
  to   space 177088K,   0% used [0x00007f5756e10000, 0x00007f5756e10000, 0x00007f5761b00000)
 tenured generation   total 4591440K, used 4222866K [0x00007f5c55b50000, 0x00007f5d6df24000, 0x00007f6700600000)
   the space 4591440K,  91% used [0x00007f5c55b50000, 0x00007f5d57734978, 0x00007f5d57734a00, 0x00007f5d6df24000)
 Metaspace       used 24316K, capacity 24777K, committed 24832K, reserved 26624K
}
Event: 2162.230 GC heap after
{Heap after GC invocations=731 (full 235):
 def new generation   total 1594368K, used 0K [0x00007f5700600000, 0x00007f576c800000, 0x00007f5c55b50000)
  eden space 1417216K,   0% used [0x00007f5700600000, 0x00007f5700600000, 0x00007f5756e00000)
  from space 177152K,   0% used [0x00007f5756e00000, 0x00007f5756e00000, 0x00007f5761b00000)
  to   space 177152K,   0% used [0x00007f5761b00000, 0x00007f5761b00000, 0x00007f576c800000)
 tenured generation   total 3542992K, used 2125792K [0x00007f5c55b50000, 0x00007f5d2df44000, 0x00007f6700600000)
   the space 3542992K,  59% used [0x00007f5c55b50000, 0x00007f5cd77483f8, 0x00007f5cd7748400, 0x00007f5d2df44000)
 Metaspace       used 24316K, capacity 24777K, committed 24832K, reserved 26624K
}
Event: 2165.069 GC heap before
{Heap before GC invocations=731 (full 235):
 def new generation   total 1594368K, used 1417216K [0x00007f5700600000, 0x00007f576c800000, 0x00007f5c55b50000)
  eden space 1417216K, 100% used [0x00007f5700600000, 0x00007f5756e00000, 0x00007f5756e00000)
  from space 177152K,   0% used [0x00007f5756e00000, 0x00007f5756e00000, 0x00007f5761b00000)
  to   space 177152K,   0% used [0x00007f5761b00000, 0x00007f5761b00000, 0x00007f576c800000)
 tenured generation   total 3542992K, used 2125792K [0x00007f5c55b50000, 0x00007f5d2df44000, 0x00007f6700600000)
   the space 3542992K,  59% used [0x00007f5c55b50000, 0x00007f5cd77483f8, 0x00007f5cd7748400, 0x00007f5d2df44000)
 Metaspace       used 24316K, capacity 24777K, committed 24832K, reserved 26624K
}
Event: 2165.097 GC heap after
{Heap after GC invocations=732 (full 235):
 def new generation   total 1594368K, used 35736K [0x00007f5700600000, 0x00007f576c800000, 0x00007f5c55b50000)
  eden space 1417216K,   0% used [0x00007f5700600000, 0x00007f5700600000, 0x00007f5756e00000)
  from space 177152K,  20% used [0x00007f5761b00000, 0x00007f5763de60c8, 0x00007f576c800000)
  to   space 177152K,   0% used [0x00007f5756e00000, 0x00007f5756e00000, 0x00007f5761b00000)
 tenured generation   total 3542992K, used 2125792K [0x00007f5c55b50000, 0x00007f5d2df44000, 0x00007f6700600000)
   the space 3542992K,  59% used [0x00007f5c55b50000, 0x00007f5cd77483f8, 0x00007f5cd7748400, 0x00007f5d2df44000)
 Metaspace       used 24316K, capacity 24777K, committed 24832K, reserved 26624K
}
Event: 2166.700 GC heap before
{Heap before GC invocations=732 (full 235):
 def new generation   total 1594368K, used 1365974K [0x00007f5700600000, 0x00007f576c800000, 0x00007f5c55b50000)
  eden space 1417216K,  93% used [0x00007f5700600000, 0x00007f575190f8a8, 0x00007f5756e00000)
  from space 177152K,  20% used [0x00007f5761b00000, 0x00007f5763de60c8, 0x00007f576c800000)
  to   space 177152K,   0% used [0x00007f5756e00000, 0x00007f5756e00000, 0x00007f5761b00000)
 tenured generation   total 3542992K, used 2125792K [0x00007f5c55b50000, 0x00007f5d2df44000, 0x00007f6700600000)
   the space 3542992K,  59% used [0x00007f5c55b50000, 0x00007f5cd77483f8, 0x00007f5cd7748400, 0x00007f5d2df44000)
 Metaspace       used 24316K, capacity 24777K, committed 24832K, reserved 26624K
}
Event: 2167.388 GC heap after
{Heap after GC invocations=733 (full 235):
 def new generation   total 1594368K, used 35737K [0x00007f5700600000, 0x00007f576c800000, 0x00007f5c55b50000)
  eden space 1417216K,   0% used [0x00007f5700600000, 0x00007f5700600000, 0x00007f5756e00000)
  from space 177152K,  20% used [0x00007f5756e00000, 0x00007f57590e65c8, 0x00007f5761b00000)
  to   space 177152K,   0% used [0x00007f5761b00000, 0x00007f5761b00000, 0x00007f576c800000)
 tenured generation   total 3542992K, used 3174369K [0x00007f5c55b50000, 0x00007f5d2df44000, 0x00007f6700600000)
   the space 3542992K,  89% used [0x00007f5c55b50000, 0x00007f5d17748410, 0x00007f5d17748600, 0x00007f5d2df44000)
 Metaspace       used 24316K, capacity 24777K, committed 24832K, reserved 26624K
}
Event: 2168.567 GC heap before
{Heap before GC invocations=733 (full 235):
 def new generation   total 1594368K, used 1112330K [0x00007f5700600000, 0x00007f576c800000, 0x00007f5c55b50000)
  eden space 1417216K,  75% used [0x00007f5700600000, 0x00007f574215c5e0, 0x00007f5756e00000)
  from space 177152K,  20% used [0x00007f5756e00000, 0x00007f57590e65c8, 0x00007f5761b00000)
  to   space 177152K,   0% used [0x00007f5761b00000, 0x00007f5761b00000, 0x00007f576c800000)
 tenured generation   total 3542992K, used 3174369K [0x00007f5c55b50000, 0x00007f5d2df44000, 0x00007f6700600000)
   the space 3542992K,  89% used [0x00007f5c55b50000, 0x00007f5d17748410, 0x00007f5d17748600, 0x00007f5d2df44000)
 Metaspace       used 24316K, capacity 24777K, committed 24832K, reserved 26624K
}
Event: 2169.776 GC heap after
{Heap after GC invocations=734 (full 235):
 def new generation   total 1594368K, used 35738K [0x00007f5700600000, 0x00007f576c800000, 0x00007f5c55b50000)
  eden space 1417216K,   0% used [0x00007f5700600000, 0x00007f5700600000, 0x00007f5756e00000)
  from space 177152K,  20% used [0x00007f5761b00000, 0x00007f5763de6840, 0x00007f576c800000)
  to   space 177152K,   0% used [0x00007f5756e00000, 0x00007f5756e00000, 0x00007f5761b00000)
 tenured generation   total 4591572K, used 4222945K [0x00007f5c55b50000, 0x00007f5d6df45000, 0x00007f6700600000)
   the space 4591572K,  91% used [0x00007f5c55b50000, 0x00007f5d57748428, 0x00007f5d57748600, 0x00007f5d6df45000)
 Metaspace       used 24316K, capacity 24777K, committed 24832K, reserved 26624K
}
Event: 2169.776 GC heap before
{Heap before GC invocations=734 (full 235):
 def new generation   total 1594368K, used 35738K [0x00007f5700600000, 0x00007f576c800000, 0x00007f5c55b50000)
  eden space 1417216K,   0% used [0x00007f5700600000, 0x00007f5700600000, 0x00007f5756e00000)
  from space 177152K,  20% used [0x00007f5761b00000, 0x00007f5763de6840, 0x00007f576c800000)
  to   space 177152K,   0% used [0x00007f5756e00000, 0x00007f5756e00000, 0x00007f5761b00000)
 tenured generation   total 4591572K, used 4222945K [0x00007f5c55b50000, 0x00007f5d6df45000, 0x00007f6700600000)
   the space 4591572K,  91% used [0x00007f5c55b50000, 0x00007f5d57748428, 0x00007f5d57748600, 0x00007f5d6df45000)
 Metaspace       used 24316K, capacity 24777K, committed 24832K, reserved 26624K
}
Event: 2171.199 GC heap after
{Heap after GC invocations=734 (full 236):
 def new generation   total 1594432K, used 0K [0x00007f5700600000, 0x00007f576c810000, 0x00007f5c55b50000)
  eden space 1417280K,   0% used [0x00007f5700600000, 0x00007f5700600000, 0x00007f5756e10000)
  from space 177152K,   0% used [0x00007f5756e10000, 0x00007f5756e10000, 0x00007f5761b10000)
  to   space 177152K,   0% used [0x00007f5761b10000, 0x00007f5761b10000, 0x00007f576c810000)
 tenured generation   total 3543100K, used 2125859K [0x00007f5c55b50000, 0x00007f5d2df5f000, 0x00007f6700600000)
   the space 3543100K,  59% used [0x00007f5c55b50000, 0x00007f5cd7758da8, 0x00007f5cd7758e00, 0x00007f5d2df5f000)
 Metaspace       used 24316K, capacity 24777K, committed 24832K, reserved 26624K
}
Event: 2174.020 GC heap before
{Heap before GC invocations=734 (full 236):
 def new generation   total 1594432K, used 1417280K [0x00007f5700600000, 0x00007f576c810000, 0x00007f5c55b50000)
  eden space 1417280K, 100% used [0x00007f5700600000, 0x00007f5756e10000, 0x00007f5756e10000)
  from space 177152K,   0% used [0x00007f5756e10000, 0x00007f5756e10000, 0x00007f5761b10000)
  to   space 177152K,   0% used [0x00007f5761b10000, 0x00007f5761b10000, 0x00007f576c810000)
 tenured generation   total 3543100K, used 2125859K [0x00007f5c55b50000, 0x00007f5d2df5f000, 0x00007f6700600000)
   the space 3543100K,  59% used [0x00007f5c55b50000, 0x00007f5cd7758da8, 0x00007f5cd7758e00, 0x00007f5d2df5f000)
 Metaspace       used 24316K, capacity 24777K, committed 24832K, reserved 26624K
}
Event: 2174.045 GC heap after
{Heap after GC invocations=735 (full 236):
 def new generation   total 1594432K, used 35713K [0x00007f5700600000, 0x00007f576c810000, 0x00007f5c55b50000)
  eden space 1417280K,   0% used [0x00007f5700600000, 0x00007f5700600000, 0x00007f5756e10000)
  from space 177152K,  20% used [0x00007f5761b10000, 0x00007f5763df0410, 0x00007f576c810000)
  to   space 177152K,   0% used [0x00007f5756e10000, 0x00007f5756e10000, 0x00007f5761b10000)
 tenured generation   total 3543100K, used 2125859K [0x00007f5c55b50000, 0x00007f5d2df5f000, 0x00007f6700600000)
   the space 3543100K,  59% used [0x00007f5c55b50000, 0x00007f5cd7758da8, 0x00007f5cd7758e00, 0x00007f5d2df5f000)
 Metaspace       used 24316K, capacity 24777K, committed 24832K, reserved 26624K
}
Event: 2175.677 GC heap before
{Heap before GC invocations=735 (full 236):
 def new generation   total 1594432K, used 1365966K [0x00007f5700600000, 0x00007f576c810000, 0x00007f5c55b50000)
  eden space 1417280K,  93% used [0x00007f5700600000, 0x00007f5751913580, 0x00007f5756e10000)
  from space 177152K,  20% used [0x00007f5761b10000, 0x00007f5763df0410, 0x00007f576c810000)
  to   space 177152K,   0% used [0x00007f5756e10000, 0x00007f5756e10000, 0x00007f5761b10000)
 tenured generation   total 3543100K, used 2125859K [0x00007f5c55b50000, 0x00007f5d2df5f000, 0x00007f6700600000)
   the space 3543100K,  59% used [0x00007f5c55b50000, 0x00007f5cd7758da8, 0x00007f5cd7758e00, 0x00007f5d2df5f000)
 Metaspace       used 24316K, capacity 24777K, committed 24832K, reserved 26624K
}
Event: 2176.378 GC heap after
{Heap after GC invocations=736 (full 236):
 def new generation   total 1594432K, used 35737K [0x00007f5700600000, 0x00007f576c810000, 0x00007f5c55b50000)
  eden space 1417280K,   0% used [0x00007f5700600000, 0x00007f5700600000, 0x00007f5756e10000)
  from space 177152K,  20% used [0x00007f5756e10000, 0x00007f57590f65c8, 0x00007f5761b10000)
  to   space 177152K,   0% used [0x00007f5761b10000, 0x00007f5761b10000, 0x00007f576c810000)
 tenured generation   total 3543100K, used 3174435K [0x00007f5c55b50000, 0x00007f5d2df5f000, 0x00007f6700600000)
   the space 3543100K,  89% used [0x00007f5c55b50000, 0x00007f5d17758dc0, 0x00007f5d17758e00, 0x00007f5d2df5f000)
 Metaspace       used 24316K, capacity 24777K, committed 24832K, reserved 26624K
}
Event: 2177.539 GC heap before
{Heap before GC invocations=736 (full 236):
 def new generation   total 1594432K, used 1112332K [0x00007f5700600000, 0x00007f576c810000, 0x00007f5c55b50000)
  eden space 1417280K,  75% used [0x00007f5700600000, 0x00007f574215cb98, 0x00007f5756e10000)
  from space 177152K,  20% used [0x00007f5756e10000, 0x00007f57590f65c8, 0x00007f5761b10000)
  to   space 177152K,   0% used [0x00007f5761b10000, 0x00007f5761b10000, 0x00007f576c810000)
 tenured generation   total 3543100K, used 3174435K [0x00007f5c55b50000, 0x00007f5d2df5f000, 0x00007f6700600000)
   the space 3543100K,  89% used [0x00007f5c55b50000, 0x00007f5d17758dc0, 0x00007f5d17758e00, 0x00007f5d2df5f000)
 Metaspace       used 24316K, capacity 24777K, committed 24832K, reserved 26624K
}

