# JRE version: OpenJDK Runtime Environment (13.0.7+5) (build 13.0.7+5-Ubuntu-0ubuntu120.04)
# Java VM: OpenJDK 64-Bit Server VM (13.0.7+5-Ubuntu-0ubuntu120.04, mixed mode, tiered, serial gc, linux-amd64)
Heap:
 def new generation   total 2915392K, used 78813K [0x00007f1f90600000, 0x00007f2056160000, 0x00007f24e5b50000)
  eden space 2591488K,   3% used [0x00007f1f90600000, 0x00007f1f952f7540, 0x00007f202e8c0000)
  from space 323904K,   0% used [0x00007f202e8c0000, 0x00007f202e8c0000, 0x00007f2042510000)
  to   space 323904K,   0% used [0x00007f2042510000, 0x00007f2042510000, 0x00007f2056160000)
 tenured generation   total 6479820K, used 6479819K [0x00007f24e5b50000, 0x00007f2671343000, 0x00007f2f90600000)
   the space 6479820K,  99% used [0x00007f24e5b50000, 0x00007f2671342ff8, 0x00007f2671343000, 0x00007f2671343000)
 Metaspace       used 24303K, capacity 24774K, committed 25088K, reserved 26624K
GC Heap History (20 events):
Event: 3040.442 GC heap after
{Heap after GC invocations=2531 (full 4):
 def new generation   total 2915392K, used 80649K [0x00007f1f90600000, 0x00007f2056160000, 0x00007f24e5b50000)
  eden space 2591488K,   0% used [0x00007f1f90600000, 0x00007f1f90600000, 0x00007f202e8c0000)
  from space 323904K,  24% used [0x00007f2042510000, 0x00007f20473d25d8, 0x00007f2056160000)
  to   space 323904K,   0% used [0x00007f202e8c0000, 0x00007f202e8c0000, 0x00007f2042510000)
 tenured generation   total 6478476K, used 6431300K [0x00007f24e5b50000, 0x00007f26711f3000, 0x00007f2f90600000)
   the space 6478476K,  99% used [0x00007f24e5b50000, 0x00007f266e3e1110, 0x00007f266e3e1200, 0x00007f26711f3000)
 Metaspace       used 24303K, capacity 24774K, committed 25088K, reserved 26624K
}
Event: 3042.974 GC heap before
{Heap before GC invocations=2531 (full 4):
 def new generation   total 2915392K, used 2672137K [0x00007f1f90600000, 0x00007f2056160000, 0x00007f24e5b50000)
  eden space 2591488K, 100% used [0x00007f1f90600000, 0x00007f202e8c0000, 0x00007f202e8c0000)
  from space 323904K,  24% used [0x00007f2042510000, 0x00007f20473d25d8, 0x00007f2056160000)
  to   space 323904K,   0% used [0x00007f202e8c0000, 0x00007f202e8c0000, 0x00007f2042510000)
 tenured generation   total 6478476K, used 6431300K [0x00007f24e5b50000, 0x00007f26711f3000, 0x00007f2f90600000)
   the space 6478476K,  99% used [0x00007f24e5b50000, 0x00007f266e3e1110, 0x00007f266e3e1200, 0x00007f26711f3000)
 Metaspace       used 24303K, capacity 24774K, committed 25088K, reserved 26624K
}
Event: 3043.143 GC heap after
{Heap after GC invocations=2532 (full 4):
 def new generation   total 2915392K, used 80140K [0x00007f1f90600000, 0x00007f2056160000, 0x00007f24e5b50000)
  eden space 2591488K,   0% used [0x00007f1f90600000, 0x00007f1f90600000, 0x00007f202e8c0000)
  from space 323904K,  24% used [0x00007f202e8c0000, 0x00007f2033703018, 0x00007f2042510000)
  to   space 323904K,   0% used [0x00007f2042510000, 0x00007f2042510000, 0x00007f2056160000)
 tenured generation   total 6478476K, used 6435250K [0x00007f24e5b50000, 0x00007f26711f3000, 0x00007f2f90600000)
   the space 6478476K,  99% used [0x00007f24e5b50000, 0x00007f266e7bc9c8, 0x00007f266e7bca00, 0x00007f26711f3000)
 Metaspace       used 24303K, capacity 24774K, committed 25088K, reserved 26624K
}
Event: 3045.566 GC heap before
{Heap before GC invocations=2532 (full 4):
 def new generation   total 2915392K, used 2671628K [0x00007f1f90600000, 0x00007f2056160000, 0x00007f24e5b50000)
  eden space 2591488K, 100% used [0x00007f1f90600000, 0x00007f202e8c0000, 0x00007f202e8c0000)
  from space 323904K,  24% used [0x00007f202e8c0000, 0x00007f2033703018, 0x00007f2042510000)
  to   space 323904K,   0% used [0x00007f2042510000, 0x00007f2042510000, 0x00007f2056160000)
 tenured generation   total 6478476K, used 6435250K [0x00007f24e5b50000, 0x00007f26711f3000, 0x00007f2f90600000)
   the space 6478476K,  99% used [0x00007f24e5b50000, 0x00007f266e7bc9c8, 0x00007f266e7bca00, 0x00007f26711f3000)
 Metaspace       used 24303K, capacity 24774K, committed 25088K, reserved 26624K
}
Event: 3045.747 GC heap after
{Heap after GC invocations=2533 (full 4):
 def new generation   total 2915392K, used 84655K [0x00007f1f90600000, 0x00007f2056160000, 0x00007f24e5b50000)
  eden space 2591488K,   0% used [0x00007f1f90600000, 0x00007f1f90600000, 0x00007f202e8c0000)
  from space 323904K,  26% used [0x00007f2042510000, 0x00007f20477bbc18, 0x00007f2056160000)
  to   space 323904K,   0% used [0x00007f202e8c0000, 0x00007f202e8c0000, 0x00007f2042510000)
 tenured generation   total 6478476K, used 6439589K [0x00007f24e5b50000, 0x00007f26711f3000, 0x00007f2f90600000)
   the space 6478476K,  99% used [0x00007f24e5b50000, 0x00007f266ebf95e0, 0x00007f266ebf9600, 0x00007f26711f3000)
 Metaspace       used 24303K, capacity 24774K, committed 25088K, reserved 26624K
}
Event: 3048.255 GC heap before
{Heap before GC invocations=2533 (full 4):
 def new generation   total 2915392K, used 2676143K [0x00007f1f90600000, 0x00007f2056160000, 0x00007f24e5b50000)
  eden space 2591488K, 100% used [0x00007f1f90600000, 0x00007f202e8c0000, 0x00007f202e8c0000)
  from space 323904K,  26% used [0x00007f2042510000, 0x00007f20477bbc18, 0x00007f2056160000)
  to   space 323904K,   0% used [0x00007f202e8c0000, 0x00007f202e8c0000, 0x00007f2042510000)
 tenured generation   total 6478476K, used 6439589K [0x00007f24e5b50000, 0x00007f26711f3000, 0x00007f2f90600000)
   the space 6478476K,  99% used [0x00007f24e5b50000, 0x00007f266ebf95e0, 0x00007f266ebf9600, 0x00007f26711f3000)
 Metaspace       used 24303K, capacity 24774K, committed 25088K, reserved 26624K
}
Event: 3048.452 GC heap after
{Heap after GC invocations=2534 (full 4):
 def new generation   total 2915392K, used 85257K [0x00007f1f90600000, 0x00007f2056160000, 0x00007f24e5b50000)
  eden space 2591488K,   0% used [0x00007f1f90600000, 0x00007f1f90600000, 0x00007f202e8c0000)
  from space 323904K,  26% used [0x00007f202e8c0000, 0x00007f2033c02750, 0x00007f2042510000)
  to   space 323904K,   0% used [0x00007f2042510000, 0x00007f2042510000, 0x00007f2056160000)
 tenured generation   total 6478476K, used 6448140K [0x00007f24e5b50000, 0x00007f26711f3000, 0x00007f2f90600000)
   the space 6478476K,  99% used [0x00007f24e5b50000, 0x00007f266f453248, 0x00007f266f453400, 0x00007f26711f3000)
 Metaspace       used 24303K, capacity 24774K, committed 25088K, reserved 26624K
}
Event: 3050.941 GC heap before
{Heap before GC invocations=2534 (full 4):
 def new generation   total 2915392K, used 2676745K [0x00007f1f90600000, 0x00007f2056160000, 0x00007f24e5b50000)
  eden space 2591488K, 100% used [0x00007f1f90600000, 0x00007f202e8c0000, 0x00007f202e8c0000)
  from space 323904K,  26% used [0x00007f202e8c0000, 0x00007f2033c02750, 0x00007f2042510000)
  to   space 323904K,   0% used [0x00007f2042510000, 0x00007f2042510000, 0x00007f2056160000)
 tenured generation   total 6478476K, used 6448140K [0x00007f24e5b50000, 0x00007f26711f3000, 0x00007f2f90600000)
   the space 6478476K,  99% used [0x00007f24e5b50000, 0x00007f266f453248, 0x00007f266f453400, 0x00007f26711f3000)
 Metaspace       used 24303K, capacity 24774K, committed 25088K, reserved 26624K
}
Event: 3051.137 GC heap after
{Heap after GC invocations=2535 (full 4):
 def new generation   total 2915392K, used 86914K [0x00007f1f90600000, 0x00007f2056160000, 0x00007f24e5b50000)
  eden space 2591488K,   0% used [0x00007f1f90600000, 0x00007f1f90600000, 0x00007f202e8c0000)
  from space 323904K,  26% used [0x00007f2042510000, 0x00007f20479f08f8, 0x00007f2056160000)
  to   space 323904K,   0% used [0x00007f202e8c0000, 0x00007f202e8c0000, 0x00007f2042510000)
 tenured generation   total 6478476K, used 6454326K [0x00007f24e5b50000, 0x00007f26711f3000, 0x00007f2f90600000)
   the space 6478476K,  99% used [0x00007f24e5b50000, 0x00007f266fa5d878, 0x00007f266fa5da00, 0x00007f26711f3000)
 Metaspace       used 24303K, capacity 24774K, committed 25088K, reserved 26624K
}
Event: 3053.583 GC heap before
{Heap before GC invocations=2535 (full 4):
 def new generation   total 2915392K, used 2678402K [0x00007f1f90600000, 0x00007f2056160000, 0x00007f24e5b50000)
  eden space 2591488K, 100% used [0x00007f1f90600000, 0x00007f202e8c0000, 0x00007f202e8c0000)
  from space 323904K,  26% used [0x00007f2042510000, 0x00007f20479f08f8, 0x00007f2056160000)
  to   space 323904K,   0% used [0x00007f202e8c0000, 0x00007f202e8c0000, 0x00007f2042510000)
 tenured generation   total 6478476K, used 6454326K [0x00007f24e5b50000, 0x00007f26711f3000, 0x00007f2f90600000)
   the space 6478476K,  99% used [0x00007f24e5b50000, 0x00007f266fa5d878, 0x00007f266fa5da00, 0x00007f26711f3000)
 Metaspace       used 24303K, capacity 24774K, committed 25088K, reserved 26624K
}
Event: 3053.768 GC heap after
{Heap after GC invocations=2536 (full 4):
 def new generation   total 2915392K, used 86877K [0x00007f1f90600000, 0x00007f2056160000, 0x00007f24e5b50000)
  eden space 2591488K,   0% used [0x00007f1f90600000, 0x00007f1f90600000, 0x00007f202e8c0000)
  from space 323904K,  26% used [0x00007f202e8c0000, 0x00007f2033d974a0, 0x00007f2042510000)
  to   space 323904K,   0% used [0x00007f2042510000, 0x00007f2042510000, 0x00007f2056160000)
 tenured generation   total 6478476K, used 6457757K [0x00007f24e5b50000, 0x00007f26711f3000, 0x00007f2f90600000)
   the space 6478476K,  99% used [0x00007f24e5b50000, 0x00007f266fdb75a8, 0x00007f266fdb7600, 0x00007f26711f3000)
 Metaspace       used 24303K, capacity 24774K, committed 25088K, reserved 26624K
}
Event: 3056.225 GC heap before
{Heap before GC invocations=2536 (full 4):
 def new generation   total 2915392K, used 2678365K [0x00007f1f90600000, 0x00007f2056160000, 0x00007f24e5b50000)
  eden space 2591488K, 100% used [0x00007f1f90600000, 0x00007f202e8c0000, 0x00007f202e8c0000)
  from space 323904K,  26% used [0x00007f202e8c0000, 0x00007f2033d974a0, 0x00007f2042510000)
  to   space 323904K,   0% used [0x00007f2042510000, 0x00007f2042510000, 0x00007f2056160000)
 tenured generation   total 6478476K, used 6457757K [0x00007f24e5b50000, 0x00007f26711f3000, 0x00007f2f90600000)
   the space 6478476K,  99% used [0x00007f24e5b50000, 0x00007f266fdb75a8, 0x00007f266fdb7600, 0x00007f26711f3000)
 Metaspace       used 24303K, capacity 24774K, committed 25088K, reserved 26624K
}
Event: 3056.427 GC heap after
{Heap after GC invocations=2537 (full 4):
 def new generation   total 2915392K, used 86919K [0x00007f1f90600000, 0x00007f2056160000, 0x00007f24e5b50000)
  eden space 2591488K,   0% used [0x00007f1f90600000, 0x00007f1f90600000, 0x00007f202e8c0000)
  from space 323904K,  26% used [0x00007f2042510000, 0x00007f20479f1db8, 0x00007f2056160000)
  to   space 323904K,   0% used [0x00007f202e8c0000, 0x00007f202e8c0000, 0x00007f2042510000)
 tenured generation   total 6478476K, used 6461218K [0x00007f24e5b50000, 0x00007f26711f3000, 0x00007f2f90600000)
   the space 6478476K,  99% used [0x00007f24e5b50000, 0x00007f2670118a00, 0x00007f2670118a00, 0x00007f26711f3000)
 Metaspace       used 24303K, capacity 24774K, committed 25088K, reserved 26624K
}
Event: 3058.873 GC heap before
{Heap before GC invocations=2537 (full 4):
 def new generation   total 2915392K, used 2678407K [0x00007f1f90600000, 0x00007f2056160000, 0x00007f24e5b50000)
  eden space 2591488K, 100% used [0x00007f1f90600000, 0x00007f202e8c0000, 0x00007f202e8c0000)
  from space 323904K,  26% used [0x00007f2042510000, 0x00007f20479f1db8, 0x00007f2056160000)
  to   space 323904K,   0% used [0x00007f202e8c0000, 0x00007f202e8c0000, 0x00007f2042510000)
 tenured generation   total 6478476K, used 6461218K [0x00007f24e5b50000, 0x00007f26711f3000, 0x00007f2f90600000)
   the space 6478476K,  99% used [0x00007f24e5b50000, 0x00007f2670118a00, 0x00007f2670118a00, 0x00007f26711f3000)
 Metaspace       used 24303K, capacity 24774K, committed 25088K, reserved 26624K
}
Event: 3059.081 GC heap after
{Heap after GC invocations=2538 (full 4):
 def new generation   total 2915392K, used 86873K [0x00007f1f90600000, 0x00007f2056160000, 0x00007f24e5b50000)
  eden space 2591488K,   0% used [0x00007f1f90600000, 0x00007f1f90600000, 0x00007f202e8c0000)
  from space 323904K,  26% used [0x00007f202e8c0000, 0x00007f2033d965f8, 0x00007f2042510000)
  to   space 323904K,   0% used [0x00007f2042510000, 0x00007f2042510000, 0x00007f2056160000)
 tenured generation   total 6478476K, used 6464654K [0x00007f24e5b50000, 0x00007f26711f3000, 0x00007f2f90600000)
   the space 6478476K,  99% used [0x00007f24e5b50000, 0x00007f2670473870, 0x00007f2670473a00, 0x00007f26711f3000)
 Metaspace       used 24303K, capacity 24774K, committed 25088K, reserved 26624K
}
Event: 3061.534 GC heap before
{Heap before GC invocations=2538 (full 4):
 def new generation   total 2915392K, used 2678361K [0x00007f1f90600000, 0x00007f2056160000, 0x00007f24e5b50000)
  eden space 2591488K, 100% used [0x00007f1f90600000, 0x00007f202e8c0000, 0x00007f202e8c0000)
  from space 323904K,  26% used [0x00007f202e8c0000, 0x00007f2033d965f8, 0x00007f2042510000)
  to   space 323904K,   0% used [0x00007f2042510000, 0x00007f2042510000, 0x00007f2056160000)
 tenured generation   total 6478476K, used 6464654K [0x00007f24e5b50000, 0x00007f26711f3000, 0x00007f2f90600000)
   the space 6478476K,  99% used [0x00007f24e5b50000, 0x00007f2670473870, 0x00007f2670473a00, 0x00007f26711f3000)
 Metaspace       used 24303K, capacity 24774K, committed 25088K, reserved 26624K
}
Event: 3061.716 GC heap after
{Heap after GC invocations=2539 (full 4):
 def new generation   total 2915392K, used 87096K [0x00007f1f90600000, 0x00007f2056160000, 0x00007f24e5b50000)
  eden space 2591488K,   0% used [0x00007f1f90600000, 0x00007f1f90600000, 0x00007f202e8c0000)
  from space 323904K,  26% used [0x00007f2042510000, 0x00007f2047a1e218, 0x00007f2056160000)
  to   space 323904K,   0% used [0x00007f202e8c0000, 0x00007f202e8c0000, 0x00007f2042510000)
 tenured generation   total 6478476K, used 6468145K [0x00007f24e5b50000, 0x00007f26711f3000, 0x00007f2f90600000)
   the space 6478476K,  99% used [0x00007f24e5b50000, 0x00007f26707dc628, 0x00007f26707dc800, 0x00007f26711f3000)
 Metaspace       used 24303K, capacity 24774K, committed 25088K, reserved 26624K
}
Event: 3064.154 GC heap before
{Heap before GC invocations=2539 (full 4):
 def new generation   total 2915392K, used 2678584K [0x00007f1f90600000, 0x00007f2056160000, 0x00007f24e5b50000)
  eden space 2591488K, 100% used [0x00007f1f90600000, 0x00007f202e8c0000, 0x00007f202e8c0000)
  from space 323904K,  26% used [0x00007f2042510000, 0x00007f2047a1e218, 0x00007f2056160000)
  to   space 323904K,   0% used [0x00007f202e8c0000, 0x00007f202e8c0000, 0x00007f2042510000)
 tenured generation   total 6478476K, used 6468145K [0x00007f24e5b50000, 0x00007f26711f3000, 0x00007f2f90600000)
   the space 6478476K,  99% used [0x00007f24e5b50000, 0x00007f26707dc628, 0x00007f26707dc800, 0x00007f26711f3000)
 Metaspace       used 24303K, capacity 24774K, committed 25088K, reserved 26624K
}
Event: 3064.345 GC heap after
{Heap after GC invocations=2540 (full 4):
 def new generation   total 2915392K, used 79000K [0x00007f1f90600000, 0x00007f2056160000, 0x00007f24e5b50000)
  eden space 2591488K,   0% used [0x00007f1f90600000, 0x00007f1f90600000, 0x00007f202e8c0000)
  from space 323904K,  24% used [0x00007f202e8c0000, 0x00007f20335e6130, 0x00007f2042510000)
  to   space 323904K,   0% used [0x00007f2042510000, 0x00007f2042510000, 0x00007f2056160000)
 tenured generation   total 6479820K, used 6479633K [0x00007f24e5b50000, 0x00007f2671343000, 0x00007f2f90600000)
   the space 6479820K,  99% used [0x00007f24e5b50000, 0x00007f2671314408, 0x00007f2671314600, 0x00007f2671343000)
 Metaspace       used 24303K, capacity 24774K, committed 25088K, reserved 26624K
}
Event: 3064.345 GC heap before
{Heap before GC invocations=2540 (full 4):
 def new generation   total 2915392K, used 79000K [0x00007f1f90600000, 0x00007f2056160000, 0x00007f24e5b50000)
  eden space 2591488K,   0% used [0x00007f1f90600000, 0x00007f1f90600000, 0x00007f202e8c0000)
  from space 323904K,  24% used [0x00007f202e8c0000, 0x00007f20335e6130, 0x00007f2042510000)
  to   space 323904K,   0% used [0x00007f2042510000, 0x00007f2042510000, 0x00007f2056160000)
 tenured generation   total 6479820K, used 6479633K [0x00007f24e5b50000, 0x00007f2671343000, 0x00007f2f90600000)
   the space 6479820K,  99% used [0x00007f24e5b50000, 0x00007f2671314408, 0x00007f2671314600, 0x00007f2671343000)
 Metaspace       used 24303K, capacity 24774K, committed 25088K, reserved 26624K
}

