# JRE version: OpenJDK Runtime Environment (13.0.7+5) (build 13.0.7+5-Ubuntu-0ubuntu120.04)
# Java VM: OpenJDK 64-Bit Server VM (13.0.7+5-Ubuntu-0ubuntu120.04, mixed mode, tiered, serial gc, linux-amd64)
Heap:
 def new generation   total 629248K, used 0K [0x00007ef404600000, 0x00007ef42f0c0000, 0x00007ef959b50000)
  eden space 559360K,   0% used [0x00007ef404600000, 0x00007ef404600000, 0x00007ef426840000)
  from space 69888K,   0% used [0x00007ef42ac80000, 0x00007ef42ac80000, 0x00007ef42f0c0000)
  to   space 69888K,   0% used [0x00007ef426840000, 0x00007ef426840000, 0x00007ef42ac80000)
 tenured generation   total 9786756K, used 8405095K [0x00007ef959b50000, 0x00007efbaf0b1000, 0x00007f0404600000)
   the space 9786756K,  85% used [0x00007ef959b50000, 0x00007efb5ab69fe0, 0x00007efb5ab6a000, 0x00007efbaf0b1000)
 Metaspace       used 23241K, capacity 23610K, committed 23808K, reserved 24576K
GC Heap History (15 events):
Event: 3.487 GC heap before
{Heap before GC invocations=0 (full 0):
 def new generation   total 629120K, used 123031K [0x00007ef404600000, 0x00007ef42f0a0000, 0x00007ef959b50000)
  eden space 559232K,  22% used [0x00007ef404600000, 0x00007ef40be25fb0, 0x00007ef426820000)
  from space 69888K,   0% used [0x00007ef426820000, 0x00007ef426820000, 0x00007ef42ac60000)
  to   space 69888K,   0% used [0x00007ef42ac60000, 0x00007ef42ac60000, 0x00007ef42f0a0000)
 tenured generation   total 1398144K, used 0K [0x00007ef959b50000, 0x00007ef9af0b0000, 0x00007f0404600000)
   the space 1398144K,   0% used [0x00007ef959b50000, 0x00007ef959b50000, 0x00007ef959b50200, 0x00007ef9af0b0000)
 Metaspace       used 20933K, capacity 21225K, committed 21248K, reserved 22528K
}
Event: 3.662 GC heap after
{Heap after GC invocations=1 (full 1):
 def new generation   total 629248K, used 0K [0x00007ef404600000, 0x00007ef42f0c0000, 0x00007ef959b50000)
  eden space 559360K,   0% used [0x00007ef404600000, 0x00007ef404600000, 0x00007ef426840000)
  from space 69888K,   0% used [0x00007ef426840000, 0x00007ef426840000, 0x00007ef42ac80000)
  to   space 69888K,   0% used [0x00007ef42ac80000, 0x00007ef42ac80000, 0x00007ef42f0c0000)
 tenured generation   total 1398144K, used 13987K [0x00007ef959b50000, 0x00007ef9af0b0000, 0x00007f0404600000)
   the space 1398144K,   1% used [0x00007ef959b50000, 0x00007ef95a8f8f88, 0x00007ef95a8f9000, 0x00007ef9af0b0000)
 Metaspace       used 20933K, capacity 21225K, committed 21248K, reserved 22528K
}
Event: 5.803 GC heap before
{Heap before GC invocations=1 (full 1):
 def new generation   total 629248K, used 559360K [0x00007ef404600000, 0x00007ef42f0c0000, 0x00007ef959b50000)
  eden space 559360K, 100% used [0x00007ef404600000, 0x00007ef426840000, 0x00007ef426840000)
  from space 69888K,   0% used [0x00007ef426840000, 0x00007ef426840000, 0x00007ef42ac80000)
  to   space 69888K,   0% used [0x00007ef42ac80000, 0x00007ef42ac80000, 0x00007ef42f0c0000)
 tenured generation   total 1398144K, used 13987K [0x00007ef959b50000, 0x00007ef9af0b0000, 0x00007f0404600000)
   the space 1398144K,   1% used [0x00007ef959b50000, 0x00007ef95a8f8f88, 0x00007ef95a8f9000, 0x00007ef9af0b0000)
 Metaspace       used 23051K, capacity 23467K, committed 23552K, reserved 24576K
}
Event: 5.810 GC heap after
{Heap after GC invocations=2 (full 1):
 def new generation   total 629248K, used 685K [0x00007ef404600000, 0x00007ef42f0c0000, 0x00007ef959b50000)
  eden space 559360K,   0% used [0x00007ef404600000, 0x00007ef404600000, 0x00007ef426840000)
  from space 69888K,   0% used [0x00007ef42ac80000, 0x00007ef42ad2b5e0, 0x00007ef42f0c0000)
  to   space 69888K,   0% used [0x00007ef426840000, 0x00007ef426840000, 0x00007ef42ac80000)
 tenured generation   total 1398144K, used 13987K [0x00007ef959b50000, 0x00007ef9af0b0000, 0x00007f0404600000)
   the space 1398144K,   1% used [0x00007ef959b50000, 0x00007ef95a8f8f88, 0x00007ef95a8f9000, 0x00007ef9af0b0000)
 Metaspace       used 23051K, capacity 23467K, committed 23552K, reserved 24576K
}
Event: 6.825 GC heap before
{Heap before GC invocations=2 (full 1):
 def new generation   total 629248K, used 560045K [0x00007ef404600000, 0x00007ef42f0c0000, 0x00007ef959b50000)
  eden space 559360K, 100% used [0x00007ef404600000, 0x00007ef426840000, 0x00007ef426840000)
  from space 69888K,   0% used [0x00007ef42ac80000, 0x00007ef42ad2b5e0, 0x00007ef42f0c0000)
  to   space 69888K,   0% used [0x00007ef426840000, 0x00007ef426840000, 0x00007ef42ac80000)
 tenured generation   total 1398144K, used 13987K [0x00007ef959b50000, 0x00007ef9af0b0000, 0x00007f0404600000)
   the space 1398144K,   1% used [0x00007ef959b50000, 0x00007ef95a8f8f88, 0x00007ef95a8f9000, 0x00007ef9af0b0000)
 Metaspace       used 23064K, capacity 23468K, committed 23552K, reserved 24576K
}
Event: 6.828 GC heap after
{Heap after GC invocations=3 (full 1):
 def new generation   total 629248K, used 1012K [0x00007ef404600000, 0x00007ef42f0c0000, 0x00007ef959b50000)
  eden space 559360K,   0% used [0x00007ef404600000, 0x00007ef404600000, 0x00007ef426840000)
  from space 69888K,   1% used [0x00007ef426840000, 0x00007ef42693d0b8, 0x00007ef42ac80000)
  to   space 69888K,   0% used [0x00007ef42ac80000, 0x00007ef42ac80000, 0x00007ef42f0c0000)
 tenured generation   total 1398144K, used 13987K [0x00007ef959b50000, 0x00007ef9af0b0000, 0x00007f0404600000)
   the space 1398144K,   1% used [0x00007ef959b50000, 0x00007ef95a8f8f88, 0x00007ef95a8f9000, 0x00007ef9af0b0000)
 Metaspace       used 23064K, capacity 23468K, committed 23552K, reserved 24576K
}
Event: 8.539 GC heap before
{Heap before GC invocations=3 (full 1):
 def new generation   total 629248K, used 541535K [0x00007ef404600000, 0x00007ef42f0c0000, 0x00007ef959b50000)
  eden space 559360K,  96% used [0x00007ef404600000, 0x00007ef4255dae20, 0x00007ef426840000)
  from space 69888K,   1% used [0x00007ef426840000, 0x00007ef42693d0b8, 0x00007ef42ac80000)
  to   space 69888K,   0% used [0x00007ef42ac80000, 0x00007ef42ac80000, 0x00007ef42f0c0000)
 tenured generation   total 1398144K, used 13987K [0x00007ef959b50000, 0x00007ef9af0b0000, 0x00007f0404600000)
   the space 1398144K,   1% used [0x00007ef959b50000, 0x00007ef95a8f8f88, 0x00007ef95a8f9000, 0x00007ef9af0b0000)
 Metaspace       used 23238K, capacity 23610K, committed 23808K, reserved 24576K
}
Event: 8.591 GC heap after
{Heap after GC invocations=4 (full 1):
 def new generation   total 629248K, used 33953K [0x00007ef404600000, 0x00007ef42f0c0000, 0x00007ef959b50000)
  eden space 559360K,   0% used [0x00007ef404600000, 0x00007ef404600000, 0x00007ef426840000)
  from space 69888K,  48% used [0x00007ef42ac80000, 0x00007ef42cda85c8, 0x00007ef42f0c0000)
  to   space 69888K,   0% used [0x00007ef426840000, 0x00007ef426840000, 0x00007ef42ac80000)
 tenured generation   total 1398144K, used 13987K [0x00007ef959b50000, 0x00007ef9af0b0000, 0x00007f0404600000)
   the space 1398144K,   1% used [0x00007ef959b50000, 0x00007ef95a8f8f88, 0x00007ef95a8f9000, 0x00007ef9af0b0000)
 Metaspace       used 23238K, capacity 23610K, committed 23808K, reserved 24576K
}
Event: 9.018 GC heap before
{Heap before GC invocations=4 (full 1):
 def new generation   total 629248K, used 219899K [0x00007ef404600000, 0x00007ef42f0c0000, 0x00007ef959b50000)
  eden space 559360K,  33% used [0x00007ef404600000, 0x00007ef40fb96680, 0x00007ef426840000)
  from space 69888K,  48% used [0x00007ef42ac80000, 0x00007ef42cda85c8, 0x00007ef42f0c0000)
  to   space 69888K,   0% used [0x00007ef426840000, 0x00007ef426840000, 0x00007ef42ac80000)
 tenured generation   total 1398144K, used 13987K [0x00007ef959b50000, 0x00007ef9af0b0000, 0x00007f0404600000)
   the space 1398144K,   1% used [0x00007ef959b50000, 0x00007ef95a8f8f88, 0x00007ef95a8f9000, 0x00007ef9af0b0000)
 Metaspace       used 23241K, capacity 23610K, committed 23808K, reserved 24576K
}
Event: 9.024 GC heap after
{Heap after GC invocations=5 (full 1):
 def new generation   total 629248K, used 2513K [0x00007ef404600000, 0x00007ef42f0c0000, 0x00007ef959b50000)
  eden space 559360K,   0% used [0x00007ef404600000, 0x00007ef404600000, 0x00007ef426840000)
  from space 69888K,   3% used [0x00007ef426840000, 0x00007ef426ab4758, 0x00007ef42ac80000)
  to   space 69888K,   0% used [0x00007ef42ac80000, 0x00007ef42ac80000, 0x00007ef42f0c0000)
 tenured generation   total 1398144K, used 13987K [0x00007ef959b50000, 0x00007ef9af0b0000, 0x00007f0404600000)
   the space 1398144K,   1% used [0x00007ef959b50000, 0x00007ef95a8f8f88, 0x00007ef95a8f9000, 0x00007ef9af0b0000)
 Metaspace       used 23241K, capacity 23610K, committed 23808K, reserved 24576K
}
Event: 9.024 GC heap before
{Heap before GC invocations=5 (full 1):
 def new generation   total 629248K, used 2513K [0x00007ef404600000, 0x00007ef42f0c0000, 0x00007ef959b50000)
  eden space 559360K,   0% used [0x00007ef404600000, 0x00007ef404600000, 0x00007ef426840000)
  from space 69888K,   3% used [0x00007ef426840000, 0x00007ef426ab4758, 0x00007ef42ac80000)
  to   space 69888K,   0% used [0x00007ef42ac80000, 0x00007ef42ac80000, 0x00007ef42f0c0000)
 tenured generation   total 1398144K, used 13987K [0x00007ef959b50000, 0x00007ef9af0b0000, 0x00007f0404600000)
   the space 1398144K,   1% used [0x00007ef959b50000, 0x00007ef95a8f8f88, 0x00007ef95a8f9000, 0x00007ef9af0b0000)
 Metaspace       used 23241K, capacity 23610K, committed 23808K, reserved 24576K
}
Event: 9.073 GC heap after
{Heap after GC invocations=5 (full 2):
 def new generation   total 629248K, used 0K [0x00007ef404600000, 0x00007ef42f0c0000, 0x00007ef959b50000)
  eden space 559360K,   0% used [0x00007ef404600000, 0x00007ef404600000, 0x00007ef426840000)
  from space 69888K,   0% used [0x00007ef426840000, 0x00007ef426840000, 0x00007ef42ac80000)
  to   space 69888K,   0% used [0x00007ef42ac80000, 0x00007ef42ac80000, 0x00007ef42f0c0000)
 tenured generation   total 1398144K, used 16487K [0x00007ef959b50000, 0x00007ef9af0b0000, 0x00007f0404600000)
   the space 1398144K,   1% used [0x00007ef959b50000, 0x00007ef95ab69e68, 0x00007ef95ab6a000, 0x00007ef9af0b0000)
 Metaspace       used 23241K, capacity 23610K, committed 23808K, reserved 24576K
}
Event: 32.072 GC heap before
{Heap before GC invocations=5 (full 2):
 def new generation   total 629248K, used 10988K [0x00007ef404600000, 0x00007ef42f0c0000, 0x00007ef959b50000)
  eden space 559360K,   1% used [0x00007ef404600000, 0x00007ef4050bb318, 0x00007ef426840000)
  from space 69888K,   0% used [0x00007ef426840000, 0x00007ef426840000, 0x00007ef42ac80000)
  to   space 69888K,   0% used [0x00007ef42ac80000, 0x00007ef42ac80000, 0x00007ef42f0c0000)
 tenured generation   total 9786756K, used 8405095K [0x00007ef959b50000, 0x00007efbaf0b1000, 0x00007f0404600000)
   the space 9786756K,  85% used [0x00007ef959b50000, 0x00007efb5ab69e80, 0x00007efb5ab6a000, 0x00007efbaf0b1000)
 Metaspace       used 23241K, capacity 23610K, committed 23808K, reserved 24576K
}
Event: 32.091 GC heap after
{Heap after GC invocations=6 (full 2):
 def new generation   total 629248K, used 0K [0x00007ef404600000, 0x00007ef42f0c0000, 0x00007ef959b50000)
  eden space 559360K,   0% used [0x00007ef404600000, 0x00007ef404600000, 0x00007ef426840000)
  from space 69888K,   0% used [0x00007ef42ac80000, 0x00007ef42ac80160, 0x00007ef42f0c0000)
  to   space 69888K,   0% used [0x00007ef426840000, 0x00007ef426840000, 0x00007ef42ac80000)
 tenured generation   total 9786756K, used 8405095K [0x00007ef959b50000, 0x00007efbaf0b1000, 0x00007f0404600000)
   the space 9786756K,  85% used [0x00007ef959b50000, 0x00007efb5ab69e80, 0x00007efb5ab6a000, 0x00007efbaf0b1000)
 Metaspace       used 23241K, capacity 23610K, committed 23808K, reserved 24576K
}
Event: 32.091 GC heap before
{Heap before GC invocations=6 (full 2):
 def new generation   total 629248K, used 0K [0x00007ef404600000, 0x00007ef42f0c0000, 0x00007ef959b50000)
  eden space 559360K,   0% used [0x00007ef404600000, 0x00007ef404600000, 0x00007ef426840000)
  from space 69888K,   0% used [0x00007ef42ac80000, 0x00007ef42ac80160, 0x00007ef42f0c0000)
  to   space 69888K,   0% used [0x00007ef426840000, 0x00007ef426840000, 0x00007ef42ac80000)
 tenured generation   total 9786756K, used 8405095K [0x00007ef959b50000, 0x00007efbaf0b1000, 0x00007f0404600000)
   the space 9786756K,  85% used [0x00007ef959b50000, 0x00007efb5ab69e80, 0x00007efb5ab6a000, 0x00007efbaf0b1000)
 Metaspace       used 23241K, capacity 23610K, committed 23808K, reserved 24576K
}

