# JRE version: OpenJDK Runtime Environment (13.0.7+5) (build 13.0.7+5-Ubuntu-0ubuntu120.04)
# Java VM: OpenJDK 64-Bit Server VM (13.0.7+5-Ubuntu-0ubuntu120.04, mixed mode, tiered, serial gc, linux-amd64)
Heap:
 def new generation   total 4864768K, used 88989K [0x00007fca14600000, 0x00007fcb5e490000, 0x00007fcf69b50000)
  eden space 4324288K,   2% used [0x00007fca14600000, 0x00007fca19ce7608, 0x00007fcb1c4f0000)
  from space 540480K,   0% used [0x00007fcb1c4f0000, 0x00007fcb1c4f0000, 0x00007fcb3d4c0000)
  to   space 540480K,   0% used [0x00007fcb3d4c0000, 0x00007fcb3d4c0000, 0x00007fcb5e490000)
 tenured generation   total 10814216K, used 10814215K [0x00007fcf69b50000, 0x00007fd1fdc12000, 0x00007fda14600000)
   the space 10814216K,  99% used [0x00007fcf69b50000, 0x00007fd1fdc11fd0, 0x00007fd1fdc12000, 0x00007fd1fdc12000)
 Metaspace       used 24355K, capacity 24768K, committed 24832K, reserved 26624K
GC Heap History (20 events):
Event: 4750.288 GC heap after
{Heap after GC invocations=4738 (full 5):
 def new generation   total 4864768K, used 89615K [0x00007fca14600000, 0x00007fcb5e490000, 0x00007fcf69b50000)
  eden space 4324288K,   0% used [0x00007fca14600000, 0x00007fca14600000, 0x00007fcb1c4f0000)
  from space 540480K,  16% used [0x00007fcb3d4c0000, 0x00007fcb42c43e30, 0x00007fcb5e490000)
  to   space 540480K,   0% used [0x00007fcb1c4f0000, 0x00007fcb1c4f0000, 0x00007fcb3d4c0000)
 tenured generation   total 10810376K, used 10759690K [0x00007fcf69b50000, 0x00007fd1fd852000, 0x00007fda14600000)
   the space 10810376K,  99% used [0x00007fcf69b50000, 0x00007fd1fa6d2ab8, 0x00007fd1fa6d2c00, 0x00007fd1fd852000)
 Metaspace       used 24355K, capacity 24768K, committed 24832K, reserved 26624K
}
Event: 4752.714 GC heap before
{Heap before GC invocations=4738 (full 5):
 def new generation   total 4864768K, used 4413903K [0x00007fca14600000, 0x00007fcb5e490000, 0x00007fcf69b50000)
  eden space 4324288K, 100% used [0x00007fca14600000, 0x00007fcb1c4f0000, 0x00007fcb1c4f0000)
  from space 540480K,  16% used [0x00007fcb3d4c0000, 0x00007fcb42c43e30, 0x00007fcb5e490000)
  to   space 540480K,   0% used [0x00007fcb1c4f0000, 0x00007fcb1c4f0000, 0x00007fcb3d4c0000)
 tenured generation   total 10810376K, used 10759690K [0x00007fcf69b50000, 0x00007fd1fd852000, 0x00007fda14600000)
   the space 10810376K,  99% used [0x00007fcf69b50000, 0x00007fd1fa6d2ab8, 0x00007fd1fa6d2c00, 0x00007fd1fd852000)
 Metaspace       used 24355K, capacity 24768K, committed 24832K, reserved 26624K
}
Event: 4752.817 GC heap after
{Heap after GC invocations=4739 (full 5):
 def new generation   total 4864768K, used 89571K [0x00007fca14600000, 0x00007fcb5e490000, 0x00007fcf69b50000)
  eden space 4324288K,   0% used [0x00007fca14600000, 0x00007fca14600000, 0x00007fcb1c4f0000)
  from space 540480K,  16% used [0x00007fcb1c4f0000, 0x00007fcb21c68e18, 0x00007fcb3d4c0000)
  to   space 540480K,   0% used [0x00007fcb3d4c0000, 0x00007fcb3d4c0000, 0x00007fcb5e490000)
 tenured generation   total 10810376K, used 10765992K [0x00007fcf69b50000, 0x00007fd1fd852000, 0x00007fda14600000)
   the space 10810376K,  99% used [0x00007fcf69b50000, 0x00007fd1facfa3e8, 0x00007fd1facfa400, 0x00007fd1fd852000)
 Metaspace       used 24355K, capacity 24768K, committed 24832K, reserved 26624K
}
Event: 4755.323 GC heap before
{Heap before GC invocations=4739 (full 5):
 def new generation   total 4864768K, used 4413859K [0x00007fca14600000, 0x00007fcb5e490000, 0x00007fcf69b50000)
  eden space 4324288K, 100% used [0x00007fca14600000, 0x00007fcb1c4f0000, 0x00007fcb1c4f0000)
  from space 540480K,  16% used [0x00007fcb1c4f0000, 0x00007fcb21c68e18, 0x00007fcb3d4c0000)
  to   space 540480K,   0% used [0x00007fcb3d4c0000, 0x00007fcb3d4c0000, 0x00007fcb5e490000)
 tenured generation   total 10810376K, used 10765992K [0x00007fcf69b50000, 0x00007fd1fd852000, 0x00007fda14600000)
   the space 10810376K,  99% used [0x00007fcf69b50000, 0x00007fd1facfa3e8, 0x00007fd1facfa400, 0x00007fd1fd852000)
 Metaspace       used 24355K, capacity 24768K, committed 24832K, reserved 26624K
}
Event: 4755.428 GC heap after
{Heap after GC invocations=4740 (full 5):
 def new generation   total 4864768K, used 90569K [0x00007fca14600000, 0x00007fcb5e490000, 0x00007fcf69b50000)
  eden space 4324288K,   0% used [0x00007fca14600000, 0x00007fca14600000, 0x00007fcb1c4f0000)
  from space 540480K,  16% used [0x00007fcb3d4c0000, 0x00007fcb42d326e0, 0x00007fcb5e490000)
  to   space 540480K,   0% used [0x00007fcb1c4f0000, 0x00007fcb1c4f0000, 0x00007fcb3d4c0000)
 tenured generation   total 10810376K, used 10771294K [0x00007fcf69b50000, 0x00007fd1fd852000, 0x00007fda14600000)
   the space 10810376K,  99% used [0x00007fcf69b50000, 0x00007fd1fb227810, 0x00007fd1fb227a00, 0x00007fd1fd852000)
 Metaspace       used 24355K, capacity 24768K, committed 24832K, reserved 26624K
}
Event: 4758.141 GC heap before
{Heap before GC invocations=4740 (full 5):
 def new generation   total 4864768K, used 4414857K [0x00007fca14600000, 0x00007fcb5e490000, 0x00007fcf69b50000)
  eden space 4324288K, 100% used [0x00007fca14600000, 0x00007fcb1c4f0000, 0x00007fcb1c4f0000)
  from space 540480K,  16% used [0x00007fcb3d4c0000, 0x00007fcb42d326e0, 0x00007fcb5e490000)
  to   space 540480K,   0% used [0x00007fcb1c4f0000, 0x00007fcb1c4f0000, 0x00007fcb3d4c0000)
 tenured generation   total 10810376K, used 10771294K [0x00007fcf69b50000, 0x00007fd1fd852000, 0x00007fda14600000)
   the space 10810376K,  99% used [0x00007fcf69b50000, 0x00007fd1fb227810, 0x00007fd1fb227a00, 0x00007fd1fd852000)
 Metaspace       used 24355K, capacity 24768K, committed 24832K, reserved 26624K
}
Event: 4758.239 GC heap after
{Heap after GC invocations=4741 (full 5):
 def new generation   total 4864768K, used 89773K [0x00007fca14600000, 0x00007fcb5e490000, 0x00007fcf69b50000)
  eden space 4324288K,   0% used [0x00007fca14600000, 0x00007fca14600000, 0x00007fcb1c4f0000)
  from space 540480K,  16% used [0x00007fcb1c4f0000, 0x00007fcb21c9b688, 0x00007fcb3d4c0000)
  to   space 540480K,   0% used [0x00007fcb3d4c0000, 0x00007fcb3d4c0000, 0x00007fcb5e490000)
 tenured generation   total 10810376K, used 10777402K [0x00007fcf69b50000, 0x00007fd1fd852000, 0x00007fda14600000)
   the space 10810376K,  99% used [0x00007fcf69b50000, 0x00007fd1fb81ea40, 0x00007fd1fb81ec00, 0x00007fd1fd852000)
 Metaspace       used 24355K, capacity 24768K, committed 24832K, reserved 26624K
}
Event: 4760.847 GC heap before
{Heap before GC invocations=4741 (full 5):
 def new generation   total 4864768K, used 4414061K [0x00007fca14600000, 0x00007fcb5e490000, 0x00007fcf69b50000)
  eden space 4324288K, 100% used [0x00007fca14600000, 0x00007fcb1c4f0000, 0x00007fcb1c4f0000)
  from space 540480K,  16% used [0x00007fcb1c4f0000, 0x00007fcb21c9b688, 0x00007fcb3d4c0000)
  to   space 540480K,   0% used [0x00007fcb3d4c0000, 0x00007fcb3d4c0000, 0x00007fcb5e490000)
 tenured generation   total 10810376K, used 10777402K [0x00007fcf69b50000, 0x00007fd1fd852000, 0x00007fda14600000)
   the space 10810376K,  99% used [0x00007fcf69b50000, 0x00007fd1fb81ea40, 0x00007fd1fb81ec00, 0x00007fd1fd852000)
 Metaspace       used 24355K, capacity 24768K, committed 24832K, reserved 26624K
}
Event: 4760.948 GC heap after
{Heap after GC invocations=4742 (full 5):
 def new generation   total 4864768K, used 89479K [0x00007fca14600000, 0x00007fcb5e490000, 0x00007fcf69b50000)
  eden space 4324288K,   0% used [0x00007fca14600000, 0x00007fca14600000, 0x00007fcb1c4f0000)
  from space 540480K,  16% used [0x00007fcb3d4c0000, 0x00007fcb42c21f40, 0x00007fcb5e490000)
  to   space 540480K,   0% used [0x00007fcb1c4f0000, 0x00007fcb1c4f0000, 0x00007fcb3d4c0000)
 tenured generation   total 10810376K, used 10783700K [0x00007fcf69b50000, 0x00007fd1fd852000, 0x00007fda14600000)
   the space 10810376K,  99% used [0x00007fcf69b50000, 0x00007fd1fbe451a0, 0x00007fd1fbe45200, 0x00007fd1fd852000)
 Metaspace       used 24355K, capacity 24768K, committed 24832K, reserved 26624K
}
Event: 4763.601 GC heap before
{Heap before GC invocations=4742 (full 5):
 def new generation   total 4864768K, used 4413767K [0x00007fca14600000, 0x00007fcb5e490000, 0x00007fcf69b50000)
  eden space 4324288K, 100% used [0x00007fca14600000, 0x00007fcb1c4f0000, 0x00007fcb1c4f0000)
  from space 540480K,  16% used [0x00007fcb3d4c0000, 0x00007fcb42c21f40, 0x00007fcb5e490000)
  to   space 540480K,   0% used [0x00007fcb1c4f0000, 0x00007fcb1c4f0000, 0x00007fcb3d4c0000)
 tenured generation   total 10810376K, used 10783700K [0x00007fcf69b50000, 0x00007fd1fd852000, 0x00007fda14600000)
   the space 10810376K,  99% used [0x00007fcf69b50000, 0x00007fd1fbe451a0, 0x00007fd1fbe45200, 0x00007fd1fd852000)
 Metaspace       used 24355K, capacity 24768K, committed 24832K, reserved 26624K
}
Event: 4763.703 GC heap after
{Heap after GC invocations=4743 (full 5):
 def new generation   total 4864768K, used 89477K [0x00007fca14600000, 0x00007fcb5e490000, 0x00007fcf69b50000)
  eden space 4324288K,   0% used [0x00007fca14600000, 0x00007fca14600000, 0x00007fcb1c4f0000)
  from space 540480K,  16% used [0x00007fcb1c4f0000, 0x00007fcb21c51458, 0x00007fcb3d4c0000)
  to   space 540480K,   0% used [0x00007fcb3d4c0000, 0x00007fcb3d4c0000, 0x00007fcb5e490000)
 tenured generation   total 10810376K, used 10790002K [0x00007fcf69b50000, 0x00007fd1fd852000, 0x00007fda14600000)
   the space 10810376K,  99% used [0x00007fcf69b50000, 0x00007fd1fc46ca40, 0x00007fd1fc46cc00, 0x00007fd1fd852000)
 Metaspace       used 24355K, capacity 24768K, committed 24832K, reserved 26624K
}
Event: 4766.360 GC heap before
{Heap before GC invocations=4743 (full 5):
 def new generation   total 4864768K, used 4413765K [0x00007fca14600000, 0x00007fcb5e490000, 0x00007fcf69b50000)
  eden space 4324288K, 100% used [0x00007fca14600000, 0x00007fcb1c4f0000, 0x00007fcb1c4f0000)
  from space 540480K,  16% used [0x00007fcb1c4f0000, 0x00007fcb21c51458, 0x00007fcb3d4c0000)
  to   space 540480K,   0% used [0x00007fcb3d4c0000, 0x00007fcb3d4c0000, 0x00007fcb5e490000)
 tenured generation   total 10810376K, used 10790002K [0x00007fcf69b50000, 0x00007fd1fd852000, 0x00007fda14600000)
   the space 10810376K,  99% used [0x00007fcf69b50000, 0x00007fd1fc46ca40, 0x00007fd1fc46cc00, 0x00007fd1fd852000)
 Metaspace       used 24355K, capacity 24768K, committed 24832K, reserved 26624K
}
Event: 4766.456 GC heap after
{Heap after GC invocations=4744 (full 5):
 def new generation   total 4864768K, used 90522K [0x00007fca14600000, 0x00007fcb5e490000, 0x00007fcf69b50000)
  eden space 4324288K,   0% used [0x00007fca14600000, 0x00007fca14600000, 0x00007fcb1c4f0000)
  from space 540480K,  16% used [0x00007fcb3d4c0000, 0x00007fcb42d269d8, 0x00007fcb5e490000)
  to   space 540480K,   0% used [0x00007fcb1c4f0000, 0x00007fcb1c4f0000, 0x00007fcb3d4c0000)
 tenured generation   total 10810376K, used 10795256K [0x00007fcf69b50000, 0x00007fd1fd852000, 0x00007fda14600000)
   the space 10810376K,  99% used [0x00007fcf69b50000, 0x00007fd1fc98e2f0, 0x00007fd1fc98e400, 0x00007fd1fd852000)
 Metaspace       used 24355K, capacity 24768K, committed 24832K, reserved 26624K
}
Event: 4769.285 GC heap before
{Heap before GC invocations=4744 (full 5):
 def new generation   total 4864768K, used 4414810K [0x00007fca14600000, 0x00007fcb5e490000, 0x00007fcf69b50000)
  eden space 4324288K, 100% used [0x00007fca14600000, 0x00007fcb1c4f0000, 0x00007fcb1c4f0000)
  from space 540480K,  16% used [0x00007fcb3d4c0000, 0x00007fcb42d269d8, 0x00007fcb5e490000)
  to   space 540480K,   0% used [0x00007fcb1c4f0000, 0x00007fcb1c4f0000, 0x00007fcb3d4c0000)
 tenured generation   total 10810376K, used 10795256K [0x00007fcf69b50000, 0x00007fd1fd852000, 0x00007fda14600000)
   the space 10810376K,  99% used [0x00007fcf69b50000, 0x00007fd1fc98e2f0, 0x00007fd1fc98e400, 0x00007fd1fd852000)
 Metaspace       used 24355K, capacity 24768K, committed 24832K, reserved 26624K
}
Event: 4769.374 GC heap after
{Heap after GC invocations=4745 (full 5):
 def new generation   total 4864768K, used 89676K [0x00007fca14600000, 0x00007fcb5e490000, 0x00007fcf69b50000)
  eden space 4324288K,   0% used [0x00007fca14600000, 0x00007fca14600000, 0x00007fcb1c4f0000)
  from space 540480K,  16% used [0x00007fcb1c4f0000, 0x00007fcb21c83268, 0x00007fcb3d4c0000)
  to   space 540480K,   0% used [0x00007fcb3d4c0000, 0x00007fcb3d4c0000, 0x00007fcb5e490000)
 tenured generation   total 10810376K, used 10801507K [0x00007fcf69b50000, 0x00007fd1fd852000, 0x00007fda14600000)
   the space 10810376K,  99% used [0x00007fcf69b50000, 0x00007fd1fcfa8c08, 0x00007fd1fcfa8e00, 0x00007fd1fd852000)
 Metaspace       used 24355K, capacity 24768K, committed 24832K, reserved 26624K
}
Event: 4771.950 GC heap before
{Heap before GC invocations=4745 (full 5):
 def new generation   total 4864768K, used 4413964K [0x00007fca14600000, 0x00007fcb5e490000, 0x00007fcf69b50000)
  eden space 4324288K, 100% used [0x00007fca14600000, 0x00007fcb1c4f0000, 0x00007fcb1c4f0000)
  from space 540480K,  16% used [0x00007fcb1c4f0000, 0x00007fcb21c83268, 0x00007fcb3d4c0000)
  to   space 540480K,   0% used [0x00007fcb3d4c0000, 0x00007fcb3d4c0000, 0x00007fcb5e490000)
 tenured generation   total 10810376K, used 10801507K [0x00007fcf69b50000, 0x00007fd1fd852000, 0x00007fda14600000)
   the space 10810376K,  99% used [0x00007fcf69b50000, 0x00007fd1fcfa8c08, 0x00007fd1fcfa8e00, 0x00007fd1fd852000)
 Metaspace       used 24355K, capacity 24768K, committed 24832K, reserved 26624K
}
Event: 4772.088 GC heap after
{Heap after GC invocations=4746 (full 5):
 def new generation   total 4864768K, used 89075K [0x00007fca14600000, 0x00007fcb5e490000, 0x00007fcf69b50000)
  eden space 4324288K,   0% used [0x00007fca14600000, 0x00007fca14600000, 0x00007fcb1c4f0000)
  from space 540480K,  16% used [0x00007fcb3d4c0000, 0x00007fcb42bbcc08, 0x00007fcb5e490000)
  to   space 540480K,   0% used [0x00007fcb1c4f0000, 0x00007fcb1c4f0000, 0x00007fcb3d4c0000)
 tenured generation   total 10810376K, used 10807852K [0x00007fcf69b50000, 0x00007fd1fd852000, 0x00007fda14600000)
   the space 10810376K,  99% used [0x00007fcf69b50000, 0x00007fd1fd5db1b0, 0x00007fd1fd5db200, 0x00007fd1fd852000)
 Metaspace       used 24355K, capacity 24768K, committed 24832K, reserved 26624K
}
Event: 4774.560 GC heap before
{Heap before GC invocations=4746 (full 5):
 def new generation   total 4864768K, used 4413363K [0x00007fca14600000, 0x00007fcb5e490000, 0x00007fcf69b50000)
  eden space 4324288K, 100% used [0x00007fca14600000, 0x00007fcb1c4f0000, 0x00007fcb1c4f0000)
  from space 540480K,  16% used [0x00007fcb3d4c0000, 0x00007fcb42bbcc08, 0x00007fcb5e490000)
  to   space 540480K,   0% used [0x00007fcb1c4f0000, 0x00007fcb1c4f0000, 0x00007fcb3d4c0000)
 tenured generation   total 10810376K, used 10807852K [0x00007fcf69b50000, 0x00007fd1fd852000, 0x00007fda14600000)
   the space 10810376K,  99% used [0x00007fcf69b50000, 0x00007fd1fd5db1b0, 0x00007fd1fd5db200, 0x00007fd1fd852000)
 Metaspace       used 24355K, capacity 24768K, committed 24832K, reserved 26624K
}
Event: 4774.698 GC heap after
{Heap after GC invocations=4747 (full 5):
 def new generation   total 4864768K, used 89050K [0x00007fca14600000, 0x00007fcb5e490000, 0x00007fcf69b50000)
  eden space 4324288K,   0% used [0x00007fca14600000, 0x00007fca14600000, 0x00007fcb1c4f0000)
  from space 540480K,  16% used [0x00007fcb1c4f0000, 0x00007fcb21be6af8, 0x00007fcb3d4c0000)
  to   space 540480K,   0% used [0x00007fcb3d4c0000, 0x00007fcb3d4c0000, 0x00007fcb5e490000)
 tenured generation   total 10814216K, used 10814154K [0x00007fcf69b50000, 0x00007fd1fdc12000, 0x00007fda14600000)
   the space 10814216K,  99% used [0x00007fcf69b50000, 0x00007fd1fdc02ae0, 0x00007fd1fdc02c00, 0x00007fd1fdc12000)
 Metaspace       used 24355K, capacity 24768K, committed 24832K, reserved 26624K
}
Event: 4774.698 GC heap before
{Heap before GC invocations=4747 (full 5):
 def new generation   total 4864768K, used 89050K [0x00007fca14600000, 0x00007fcb5e490000, 0x00007fcf69b50000)
  eden space 4324288K,   0% used [0x00007fca14600000, 0x00007fca14600000, 0x00007fcb1c4f0000)
  from space 540480K,  16% used [0x00007fcb1c4f0000, 0x00007fcb21be6af8, 0x00007fcb3d4c0000)
  to   space 540480K,   0% used [0x00007fcb3d4c0000, 0x00007fcb3d4c0000, 0x00007fcb5e490000)
 tenured generation   total 10814216K, used 10814154K [0x00007fcf69b50000, 0x00007fd1fdc12000, 0x00007fda14600000)
   the space 10814216K,  99% used [0x00007fcf69b50000, 0x00007fd1fdc02ae0, 0x00007fd1fdc02c00, 0x00007fd1fdc12000)
 Metaspace       used 24355K, capacity 24768K, committed 24832K, reserved 26624K
}

