# JRE version: OpenJDK Runtime Environment (13.0.7+5) (build 13.0.7+5-Ubuntu-0ubuntu120.04)
# Java VM: OpenJDK 64-Bit Server VM (13.0.7+5-Ubuntu-0ubuntu120.04, mixed mode, tiered, serial gc, linux-amd64)
Heap:
 def new generation   total 1748160K, used 0K [0x00007f4a7c600000, 0x00007f4af2ed0000, 0x00007f4fd1b50000)
  eden space 1553984K,   0% used [0x00007f4a7c600000, 0x00007f4a7c600000, 0x00007f4adb390000)
  from space 194176K,   0% used [0x00007f4adb390000, 0x00007f4adb390000, 0x00007f4ae7130000)
  to   space 194176K,   0% used [0x00007f4ae7130000, 0x00007f4ae7130000, 0x00007f4af2ed0000)
 tenured generation   total 3884972K, used 3874167K [0x00007f4fd1b50000, 0x00007f50bed3b000, 0x00007f5a7c600000)
   the space 3884972K,  99% used [0x00007f4fd1b50000, 0x00007f50be2adda0, 0x00007f50be2ade00, 0x00007f50bed3b000)
 Metaspace       used 24351K, capacity 24780K, committed 24832K, reserved 26624K
GC Heap History (20 events):
Event: 3706.262 GC heap after
{Heap after GC invocations=7492 (full 3):
 def new generation   total 1748160K, used 14187K [0x00007f4a7c600000, 0x00007f4af2ed0000, 0x00007f4fd1b50000)
  eden space 1553984K,   0% used [0x00007f4a7c600000, 0x00007f4a7c600000, 0x00007f4adb390000)
  from space 194176K,   7% used [0x00007f4ae7130000, 0x00007f4ae7f0ad30, 0x00007f4af2ed0000)
  to   space 194176K,   0% used [0x00007f4adb390000, 0x00007f4adb390000, 0x00007f4ae7130000)
 tenured generation   total 3884588K, used 3874351K [0x00007f4fd1b50000, 0x00007f50becdb000, 0x00007f5a7c600000)
   the space 3884588K,  99% used [0x00007f4fd1b50000, 0x00007f50be2dbcc0, 0x00007f50be2dbe00, 0x00007f50becdb000)
 Metaspace       used 24351K, capacity 24780K, committed 24832K, reserved 26624K
}
Event: 3707.094 GC heap before
{Heap before GC invocations=7492 (full 3):
 def new generation   total 1748160K, used 1568171K [0x00007f4a7c600000, 0x00007f4af2ed0000, 0x00007f4fd1b50000)
  eden space 1553984K, 100% used [0x00007f4a7c600000, 0x00007f4adb390000, 0x00007f4adb390000)
  from space 194176K,   7% used [0x00007f4ae7130000, 0x00007f4ae7f0ad30, 0x00007f4af2ed0000)
  to   space 194176K,   0% used [0x00007f4adb390000, 0x00007f4adb390000, 0x00007f4ae7130000)
 tenured generation   total 3884588K, used 3874351K [0x00007f4fd1b50000, 0x00007f50becdb000, 0x00007f5a7c600000)
   the space 3884588K,  99% used [0x00007f4fd1b50000, 0x00007f50be2dbcc0, 0x00007f50be2dbe00, 0x00007f50becdb000)
 Metaspace       used 24351K, capacity 24780K, committed 24832K, reserved 26624K
}
Event: 3707.104 GC heap after
{Heap after GC invocations=7493 (full 3):
 def new generation   total 1748160K, used 13656K [0x00007f4a7c600000, 0x00007f4af2ed0000, 0x00007f4fd1b50000)
  eden space 1553984K,   0% used [0x00007f4a7c600000, 0x00007f4a7c600000, 0x00007f4adb390000)
  from space 194176K,   7% used [0x00007f4adb390000, 0x00007f4adc0e6010, 0x00007f4ae7130000)
  to   space 194176K,   0% used [0x00007f4ae7130000, 0x00007f4ae7130000, 0x00007f4af2ed0000)
 tenured generation   total 3884588K, used 3875495K [0x00007f4fd1b50000, 0x00007f50becdb000, 0x00007f5a7c600000)
   the space 3884588K,  99% used [0x00007f4fd1b50000, 0x00007f50be3f9e90, 0x00007f50be3fa000, 0x00007f50becdb000)
 Metaspace       used 24351K, capacity 24780K, committed 24832K, reserved 26624K
}
Event: 3708.020 GC heap before
{Heap before GC invocations=7493 (full 3):
 def new generation   total 1748160K, used 1567640K [0x00007f4a7c600000, 0x00007f4af2ed0000, 0x00007f4fd1b50000)
  eden space 1553984K, 100% used [0x00007f4a7c600000, 0x00007f4adb390000, 0x00007f4adb390000)
  from space 194176K,   7% used [0x00007f4adb390000, 0x00007f4adc0e6010, 0x00007f4ae7130000)
  to   space 194176K,   0% used [0x00007f4ae7130000, 0x00007f4ae7130000, 0x00007f4af2ed0000)
 tenured generation   total 3884588K, used 3875495K [0x00007f4fd1b50000, 0x00007f50becdb000, 0x00007f5a7c600000)
   the space 3884588K,  99% used [0x00007f4fd1b50000, 0x00007f50be3f9e90, 0x00007f50be3fa000, 0x00007f50becdb000)
 Metaspace       used 24351K, capacity 24780K, committed 24832K, reserved 26624K
}
Event: 3708.029 GC heap after
{Heap after GC invocations=7494 (full 3):
 def new generation   total 1748160K, used 13087K [0x00007f4a7c600000, 0x00007f4af2ed0000, 0x00007f4fd1b50000)
  eden space 1553984K,   0% used [0x00007f4a7c600000, 0x00007f4a7c600000, 0x00007f4adb390000)
  from space 194176K,   6% used [0x00007f4ae7130000, 0x00007f4ae7df7e18, 0x00007f4af2ed0000)
  to   space 194176K,   0% used [0x00007f4adb390000, 0x00007f4adb390000, 0x00007f4ae7130000)
 tenured generation   total 3884588K, used 3876694K [0x00007f4fd1b50000, 0x00007f50becdb000, 0x00007f5a7c600000)
   the space 3884588K,  99% used [0x00007f4fd1b50000, 0x00007f50be525810, 0x00007f50be525a00, 0x00007f50becdb000)
 Metaspace       used 24351K, capacity 24780K, committed 24832K, reserved 26624K
}
Event: 3708.811 GC heap before
{Heap before GC invocations=7494 (full 3):
 def new generation   total 1748160K, used 1567071K [0x00007f4a7c600000, 0x00007f4af2ed0000, 0x00007f4fd1b50000)
  eden space 1553984K, 100% used [0x00007f4a7c600000, 0x00007f4adb390000, 0x00007f4adb390000)
  from space 194176K,   6% used [0x00007f4ae7130000, 0x00007f4ae7df7e18, 0x00007f4af2ed0000)
  to   space 194176K,   0% used [0x00007f4adb390000, 0x00007f4adb390000, 0x00007f4ae7130000)
 tenured generation   total 3884588K, used 3876694K [0x00007f4fd1b50000, 0x00007f50becdb000, 0x00007f5a7c600000)
   the space 3884588K,  99% used [0x00007f4fd1b50000, 0x00007f50be525810, 0x00007f50be525a00, 0x00007f50becdb000)
 Metaspace       used 24351K, capacity 24780K, committed 24832K, reserved 26624K
}
Event: 3708.821 GC heap after
{Heap after GC invocations=7495 (full 3):
 def new generation   total 1748160K, used 12555K [0x00007f4a7c600000, 0x00007f4af2ed0000, 0x00007f4fd1b50000)
  eden space 1553984K,   0% used [0x00007f4a7c600000, 0x00007f4a7c600000, 0x00007f4adb390000)
  from space 194176K,   6% used [0x00007f4adb390000, 0x00007f4adbfd2f18, 0x00007f4ae7130000)
  to   space 194176K,   0% used [0x00007f4ae7130000, 0x00007f4ae7130000, 0x00007f4af2ed0000)
 tenured generation   total 3884588K, used 3877838K [0x00007f4fd1b50000, 0x00007f50becdb000, 0x00007f5a7c600000)
   the space 3884588K,  99% used [0x00007f4fd1b50000, 0x00007f50be6438c0, 0x00007f50be643a00, 0x00007f50becdb000)
 Metaspace       used 24351K, capacity 24780K, committed 24832K, reserved 26624K
}
Event: 3709.607 GC heap before
{Heap before GC invocations=7495 (full 3):
 def new generation   total 1748160K, used 1566539K [0x00007f4a7c600000, 0x00007f4af2ed0000, 0x00007f4fd1b50000)
  eden space 1553984K, 100% used [0x00007f4a7c600000, 0x00007f4adb390000, 0x00007f4adb390000)
  from space 194176K,   6% used [0x00007f4adb390000, 0x00007f4adbfd2f18, 0x00007f4ae7130000)
  to   space 194176K,   0% used [0x00007f4ae7130000, 0x00007f4ae7130000, 0x00007f4af2ed0000)
 tenured generation   total 3884588K, used 3877838K [0x00007f4fd1b50000, 0x00007f50becdb000, 0x00007f5a7c600000)
   the space 3884588K,  99% used [0x00007f4fd1b50000, 0x00007f50be6438c0, 0x00007f50be643a00, 0x00007f50becdb000)
 Metaspace       used 24351K, capacity 24780K, committed 24832K, reserved 26624K
}
Event: 3709.616 GC heap after
{Heap after GC invocations=7496 (full 3):
 def new generation   total 1748160K, used 11976K [0x00007f4a7c600000, 0x00007f4af2ed0000, 0x00007f4fd1b50000)
  eden space 1553984K,   0% used [0x00007f4a7c600000, 0x00007f4a7c600000, 0x00007f4adb390000)
  from space 194176K,   6% used [0x00007f4ae7130000, 0x00007f4ae7ce2078, 0x00007f4af2ed0000)
  to   space 194176K,   0% used [0x00007f4adb390000, 0x00007f4adb390000, 0x00007f4ae7130000)
 tenured generation   total 3884588K, used 3878982K [0x00007f4fd1b50000, 0x00007f50becdb000, 0x00007f5a7c600000)
   the space 3884588K,  99% used [0x00007f4fd1b50000, 0x00007f50be761a90, 0x00007f50be761c00, 0x00007f50becdb000)
 Metaspace       used 24351K, capacity 24780K, committed 24832K, reserved 26624K
}
Event: 3710.397 GC heap before
{Heap before GC invocations=7496 (full 3):
 def new generation   total 1748160K, used 1565960K [0x00007f4a7c600000, 0x00007f4af2ed0000, 0x00007f4fd1b50000)
  eden space 1553984K, 100% used [0x00007f4a7c600000, 0x00007f4adb390000, 0x00007f4adb390000)
  from space 194176K,   6% used [0x00007f4ae7130000, 0x00007f4ae7ce2078, 0x00007f4af2ed0000)
  to   space 194176K,   0% used [0x00007f4adb390000, 0x00007f4adb390000, 0x00007f4ae7130000)
 tenured generation   total 3884588K, used 3878982K [0x00007f4fd1b50000, 0x00007f50becdb000, 0x00007f5a7c600000)
   the space 3884588K,  99% used [0x00007f4fd1b50000, 0x00007f50be761a90, 0x00007f50be761c00, 0x00007f50becdb000)
 Metaspace       used 24351K, capacity 24780K, committed 24832K, reserved 26624K
}
Event: 3710.405 GC heap after
{Heap after GC invocations=7497 (full 3):
 def new generation   total 1748160K, used 11489K [0x00007f4a7c600000, 0x00007f4af2ed0000, 0x00007f4fd1b50000)
  eden space 1553984K,   0% used [0x00007f4a7c600000, 0x00007f4a7c600000, 0x00007f4adb390000)
  from space 194176K,   5% used [0x00007f4adb390000, 0x00007f4adbec84f0, 0x00007f4ae7130000)
  to   space 194176K,   0% used [0x00007f4ae7130000, 0x00007f4ae7130000, 0x00007f4af2ed0000)
 tenured generation   total 3884588K, used 3880181K [0x00007f4fd1b50000, 0x00007f50becdb000, 0x00007f5a7c600000)
   the space 3884588K,  99% used [0x00007f4fd1b50000, 0x00007f50be88d410, 0x00007f50be88d600, 0x00007f50becdb000)
 Metaspace       used 24351K, capacity 24780K, committed 24832K, reserved 26624K
}
Event: 3711.253 GC heap before
{Heap before GC invocations=7497 (full 3):
 def new generation   total 1748160K, used 1565473K [0x00007f4a7c600000, 0x00007f4af2ed0000, 0x00007f4fd1b50000)
  eden space 1553984K, 100% used [0x00007f4a7c600000, 0x00007f4adb390000, 0x00007f4adb390000)
  from space 194176K,   5% used [0x00007f4adb390000, 0x00007f4adbec84f0, 0x00007f4ae7130000)
  to   space 194176K,   0% used [0x00007f4ae7130000, 0x00007f4ae7130000, 0x00007f4af2ed0000)
 tenured generation   total 3884588K, used 3880181K [0x00007f4fd1b50000, 0x00007f50becdb000, 0x00007f5a7c600000)
   the space 3884588K,  99% used [0x00007f4fd1b50000, 0x00007f50be88d410, 0x00007f50be88d600, 0x00007f50becdb000)
 Metaspace       used 24351K, capacity 24780K, committed 24832K, reserved 26624K
}
Event: 3711.264 GC heap after
{Heap after GC invocations=7498 (full 3):
 def new generation   total 1748160K, used 11146K [0x00007f4a7c600000, 0x00007f4af2ed0000, 0x00007f4fd1b50000)
  eden space 1553984K,   0% used [0x00007f4a7c600000, 0x00007f4a7c600000, 0x00007f4adb390000)
  from space 194176K,   5% used [0x00007f4ae7130000, 0x00007f4ae7c12b90, 0x00007f4af2ed0000)
  to   space 194176K,   0% used [0x00007f4adb390000, 0x00007f4adb390000, 0x00007f4ae7130000)
 tenured generation   total 3884588K, used 3881325K [0x00007f4fd1b50000, 0x00007f50becdb000, 0x00007f5a7c600000)
   the space 3884588K,  99% used [0x00007f4fd1b50000, 0x00007f50be9ab4c0, 0x00007f50be9ab600, 0x00007f50becdb000)
 Metaspace       used 24351K, capacity 24780K, committed 24832K, reserved 26624K
}
Event: 3712.056 GC heap before
{Heap before GC invocations=7498 (full 3):
 def new generation   total 1748160K, used 1565130K [0x00007f4a7c600000, 0x00007f4af2ed0000, 0x00007f4fd1b50000)
  eden space 1553984K, 100% used [0x00007f4a7c600000, 0x00007f4adb390000, 0x00007f4adb390000)
  from space 194176K,   5% used [0x00007f4ae7130000, 0x00007f4ae7c12b90, 0x00007f4af2ed0000)
  to   space 194176K,   0% used [0x00007f4adb390000, 0x00007f4adb390000, 0x00007f4ae7130000)
 tenured generation   total 3884588K, used 3881325K [0x00007f4fd1b50000, 0x00007f50becdb000, 0x00007f5a7c600000)
   the space 3884588K,  99% used [0x00007f4fd1b50000, 0x00007f50be9ab4c0, 0x00007f50be9ab600, 0x00007f50becdb000)
 Metaspace       used 24351K, capacity 24780K, committed 24832K, reserved 26624K
}
Event: 3712.064 GC heap after
{Heap after GC invocations=7499 (full 3):
 def new generation   total 1748160K, used 10760K [0x00007f4a7c600000, 0x00007f4af2ed0000, 0x00007f4fd1b50000)
  eden space 1553984K,   0% used [0x00007f4a7c600000, 0x00007f4a7c600000, 0x00007f4adb390000)
  from space 194176K,   5% used [0x00007f4adb390000, 0x00007f4adbe123c0, 0x00007f4ae7130000)
  to   space 194176K,   0% used [0x00007f4ae7130000, 0x00007f4ae7130000, 0x00007f4af2ed0000)
 tenured generation   total 3884588K, used 3882523K [0x00007f4fd1b50000, 0x00007f50becdb000, 0x00007f5a7c600000)
   the space 3884588K,  99% used [0x00007f4fd1b50000, 0x00007f50bead6f60, 0x00007f50bead7000, 0x00007f50becdb000)
 Metaspace       used 24351K, capacity 24780K, committed 24832K, reserved 26624K
}
Event: 3712.873 GC heap before
{Heap before GC invocations=7499 (full 3):
 def new generation   total 1748160K, used 1564744K [0x00007f4a7c600000, 0x00007f4af2ed0000, 0x00007f4fd1b50000)
  eden space 1553984K, 100% used [0x00007f4a7c600000, 0x00007f4adb390000, 0x00007f4adb390000)
  from space 194176K,   5% used [0x00007f4adb390000, 0x00007f4adbe123c0, 0x00007f4ae7130000)
  to   space 194176K,   0% used [0x00007f4ae7130000, 0x00007f4ae7130000, 0x00007f4af2ed0000)
 tenured generation   total 3884588K, used 3882523K [0x00007f4fd1b50000, 0x00007f50becdb000, 0x00007f5a7c600000)
   the space 3884588K,  99% used [0x00007f4fd1b50000, 0x00007f50bead6f60, 0x00007f50bead7000, 0x00007f50becdb000)
 Metaspace       used 24351K, capacity 24780K, committed 24832K, reserved 26624K
}
Event: 3712.881 GC heap after
{Heap after GC invocations=7500 (full 3):
 def new generation   total 1748160K, used 10315K [0x00007f4a7c600000, 0x00007f4af2ed0000, 0x00007f4fd1b50000)
  eden space 1553984K,   0% used [0x00007f4a7c600000, 0x00007f4a7c600000, 0x00007f4adb390000)
  from space 194176K,   5% used [0x00007f4ae7130000, 0x00007f4ae7b42fe0, 0x00007f4af2ed0000)
  to   space 194176K,   0% used [0x00007f4adb390000, 0x00007f4adb390000, 0x00007f4ae7130000)
 tenured generation   total 3884588K, used 3883780K [0x00007f4fd1b50000, 0x00007f50becdb000, 0x00007f5a7c600000)
   the space 3884588K,  99% used [0x00007f4fd1b50000, 0x00007f50bec113b0, 0x00007f50bec11400, 0x00007f50becdb000)
 Metaspace       used 24351K, capacity 24780K, committed 24832K, reserved 26624K
}
Event: 3713.680 GC heap before
{Heap before GC invocations=7500 (full 3):
 def new generation   total 1748160K, used 1564296K [0x00007f4a7c600000, 0x00007f4af2ed0000, 0x00007f4fd1b50000)
  eden space 1553984K,  99% used [0x00007f4a7c600000, 0x00007f4adb38f418, 0x00007f4adb390000)
  from space 194176K,   5% used [0x00007f4ae7130000, 0x00007f4ae7b42fe0, 0x00007f4af2ed0000)
  to   space 194176K,   0% used [0x00007f4adb390000, 0x00007f4adb390000, 0x00007f4ae7130000)
 tenured generation   total 3884588K, used 3883780K [0x00007f4fd1b50000, 0x00007f50becdb000, 0x00007f5a7c600000)
   the space 3884588K,  99% used [0x00007f4fd1b50000, 0x00007f50bec113b0, 0x00007f50bec11400, 0x00007f50becdb000)
 Metaspace       used 24351K, capacity 24780K, committed 24832K, reserved 26624K
}
Event: 3713.692 GC heap after
{Heap after GC invocations=7501 (full 3):
 def new generation   total 1748160K, used 10066K [0x00007f4a7c600000, 0x00007f4af2ed0000, 0x00007f4fd1b50000)
  eden space 1553984K,   0% used [0x00007f4a7c600000, 0x00007f4a7c600000, 0x00007f4adb390000)
  from space 194176K,   5% used [0x00007f4adb390000, 0x00007f4adbd64b80, 0x00007f4ae7130000)
  to   space 194176K,   0% used [0x00007f4ae7130000, 0x00007f4ae7130000, 0x00007f4af2ed0000)
 tenured generation   total 3884972K, used 3884873K [0x00007f4fd1b50000, 0x00007f50bed3b000, 0x00007f5a7c600000)
   the space 3884972K,  99% used [0x00007f4fd1b50000, 0x00007f50bed226a0, 0x00007f50bed22800, 0x00007f50bed3b000)
 Metaspace       used 24351K, capacity 24780K, committed 24832K, reserved 26624K
}
Event: 3713.692 GC heap before
{Heap before GC invocations=7501 (full 3):
 def new generation   total 1748160K, used 10066K [0x00007f4a7c600000, 0x00007f4af2ed0000, 0x00007f4fd1b50000)
  eden space 1553984K,   0% used [0x00007f4a7c600000, 0x00007f4a7c600000, 0x00007f4adb390000)
  from space 194176K,   5% used [0x00007f4adb390000, 0x00007f4adbd64b80, 0x00007f4ae7130000)
  to   space 194176K,   0% used [0x00007f4ae7130000, 0x00007f4ae7130000, 0x00007f4af2ed0000)
 tenured generation   total 3884972K, used 3884873K [0x00007f4fd1b50000, 0x00007f50bed3b000, 0x00007f5a7c600000)
   the space 3884972K,  99% used [0x00007f4fd1b50000, 0x00007f50bed226a0, 0x00007f50bed22800, 0x00007f50bed3b000)
 Metaspace       used 24351K, capacity 24780K, committed 24832K, reserved 26624K
}

