# JRE version: OpenJDK Runtime Environment (13.0.7+5) (build 13.0.7+5-Ubuntu-0ubuntu120.04)
# Java VM: OpenJDK 64-Bit Server VM (13.0.7+5-Ubuntu-0ubuntu120.04, mixed mode, tiered, serial gc, linux-amd64)
Heap:
 def new generation   total 1515904K, used 57540K [0x00007f7ddc600000, 0x00007f7e432d0000, 0x00007f88870a0000)
  eden space 1347520K,   4% used [0x00007f7ddc600000, 0x00007f7ddfe311e8, 0x00007f7e2e9f0000)
  from space 168384K,   0% used [0x00007f7e2e9f0000, 0x00007f7e2e9f0000, 0x00007f7e38e60000)
  to   space 168384K,   0% used [0x00007f7e38e60000, 0x00007f7e38e60000, 0x00007f7e432d0000)
 tenured generation   total 3384904K, used 3384514K [0x00007f88870a0000, 0x00007f8955a32000, 0x00007f9ddc600000)
   the space 3384904K,  99% used [0x00007f88870a0000, 0x00007f89559d08f0, 0x00007f89559d0a00, 0x00007f8955a32000)
 Metaspace       used 24254K, capacity 24634K, committed 24832K, reserved 26624K
GC Heap History (20 events):
Event: 1065.647 GC heap after
{Heap after GC invocations=1277 (full 5):
 def new generation   total 1515904K, used 79133K [0x00007f7ddc600000, 0x00007f7e432d0000, 0x00007f88870a0000)
  eden space 1347520K,   0% used [0x00007f7ddc600000, 0x00007f7ddc600000, 0x00007f7e2e9f0000)
  from space 168384K,  46% used [0x00007f7e38e60000, 0x00007f7e3dba7428, 0x00007f7e432d0000)
  to   space 168384K,   0% used [0x00007f7e2e9f0000, 0x00007f7e2e9f0000, 0x00007f7e38e60000)
 tenured generation   total 3368516K, used 3313059K [0x00007f88870a0000, 0x00007f8954a31000, 0x00007f9ddc600000)
   the space 3368516K,  98% used [0x00007f88870a0000, 0x00007f8951408e18, 0x00007f8951409000, 0x00007f8954a31000)
 Metaspace       used 24254K, capacity 24634K, committed 24832K, reserved 26624K
}
Event: 1067.166 GC heap before
{Heap before GC invocations=1277 (full 5):
 def new generation   total 1515904K, used 1426653K [0x00007f7ddc600000, 0x00007f7e432d0000, 0x00007f88870a0000)
  eden space 1347520K, 100% used [0x00007f7ddc600000, 0x00007f7e2e9f0000, 0x00007f7e2e9f0000)
  from space 168384K,  46% used [0x00007f7e38e60000, 0x00007f7e3dba7428, 0x00007f7e432d0000)
  to   space 168384K,   0% used [0x00007f7e2e9f0000, 0x00007f7e2e9f0000, 0x00007f7e38e60000)
 tenured generation   total 3368516K, used 3313059K [0x00007f88870a0000, 0x00007f8954a31000, 0x00007f9ddc600000)
   the space 3368516K,  98% used [0x00007f88870a0000, 0x00007f8951408e18, 0x00007f8951409000, 0x00007f8954a31000)
 Metaspace       used 24254K, capacity 24634K, committed 24832K, reserved 26624K
}
Event: 1067.229 GC heap after
{Heap after GC invocations=1278 (full 5):
 def new generation   total 1515904K, used 84785K [0x00007f7ddc600000, 0x00007f7e432d0000, 0x00007f88870a0000)
  eden space 1347520K,   0% used [0x00007f7ddc600000, 0x00007f7ddc600000, 0x00007f7e2e9f0000)
  from space 168384K,  50% used [0x00007f7e2e9f0000, 0x00007f7e33cbc410, 0x00007f7e38e60000)
  to   space 168384K,   0% used [0x00007f7e38e60000, 0x00007f7e38e60000, 0x00007f7e432d0000)
 tenured generation   total 3368516K, used 3313059K [0x00007f88870a0000, 0x00007f8954a31000, 0x00007f9ddc600000)
   the space 3368516K,  98% used [0x00007f88870a0000, 0x00007f8951408e18, 0x00007f8951409000, 0x00007f8954a31000)
 Metaspace       used 24254K, capacity 24634K, committed 24832K, reserved 26624K
}
Event: 1068.572 GC heap before
{Heap before GC invocations=1278 (full 5):
 def new generation   total 1515904K, used 1432305K [0x00007f7ddc600000, 0x00007f7e432d0000, 0x00007f88870a0000)
  eden space 1347520K, 100% used [0x00007f7ddc600000, 0x00007f7e2e9f0000, 0x00007f7e2e9f0000)
  from space 168384K,  50% used [0x00007f7e2e9f0000, 0x00007f7e33cbc410, 0x00007f7e38e60000)
  to   space 168384K,   0% used [0x00007f7e38e60000, 0x00007f7e38e60000, 0x00007f7e432d0000)
 tenured generation   total 3368516K, used 3313059K [0x00007f88870a0000, 0x00007f8954a31000, 0x00007f9ddc600000)
   the space 3368516K,  98% used [0x00007f88870a0000, 0x00007f8951408e18, 0x00007f8951409000, 0x00007f8954a31000)
 Metaspace       used 24254K, capacity 24634K, committed 24832K, reserved 26624K
}
Event: 1068.636 GC heap after
{Heap after GC invocations=1279 (full 5):
 def new generation   total 1515904K, used 69891K [0x00007f7ddc600000, 0x00007f7e432d0000, 0x00007f88870a0000)
  eden space 1347520K,   0% used [0x00007f7ddc600000, 0x00007f7ddc600000, 0x00007f7e2e9f0000)
  from space 168384K,  41% used [0x00007f7e38e60000, 0x00007f7e3d2a0f90, 0x00007f7e432d0000)
  to   space 168384K,   0% used [0x00007f7e2e9f0000, 0x00007f7e2e9f0000, 0x00007f7e38e60000)
 tenured generation   total 3368516K, used 3330018K [0x00007f88870a0000, 0x00007f8954a31000, 0x00007f9ddc600000)
   the space 3368516K,  98% used [0x00007f88870a0000, 0x00007f8952498900, 0x00007f8952498a00, 0x00007f8954a31000)
 Metaspace       used 24254K, capacity 24634K, committed 24832K, reserved 26624K
}
Event: 1070.160 GC heap before
{Heap before GC invocations=1279 (full 5):
 def new generation   total 1515904K, used 1408392K [0x00007f7ddc600000, 0x00007f7e432d0000, 0x00007f88870a0000)
  eden space 1347520K,  99% used [0x00007f7ddc600000, 0x00007f7e2e1212a8, 0x00007f7e2e9f0000)
  from space 168384K,  41% used [0x00007f7e38e60000, 0x00007f7e3d2a0f90, 0x00007f7e432d0000)
  to   space 168384K,   0% used [0x00007f7e2e9f0000, 0x00007f7e2e9f0000, 0x00007f7e38e60000)
 tenured generation   total 3368516K, used 3330018K [0x00007f88870a0000, 0x00007f8954a31000, 0x00007f9ddc600000)
   the space 3368516K,  98% used [0x00007f88870a0000, 0x00007f8952498900, 0x00007f8952498a00, 0x00007f8954a31000)
 Metaspace       used 24254K, capacity 24634K, committed 24832K, reserved 26624K
}
Event: 1070.215 GC heap after
{Heap after GC invocations=1280 (full 5):
 def new generation   total 1515904K, used 95042K [0x00007f7ddc600000, 0x00007f7e432d0000, 0x00007f88870a0000)
  eden space 1347520K,   0% used [0x00007f7ddc600000, 0x00007f7ddc600000, 0x00007f7e2e9f0000)
  from space 168384K,  56% used [0x00007f7e2e9f0000, 0x00007f7e346c0ab8, 0x00007f7e38e60000)
  to   space 168384K,   0% used [0x00007f7e38e60000, 0x00007f7e38e60000, 0x00007f7e432d0000)
 tenured generation   total 3368516K, used 3330018K [0x00007f88870a0000, 0x00007f8954a31000, 0x00007f9ddc600000)
   the space 3368516K,  98% used [0x00007f88870a0000, 0x00007f8952498900, 0x00007f8952498a00, 0x00007f8954a31000)
 Metaspace       used 24254K, capacity 24634K, committed 24832K, reserved 26624K
}
Event: 1071.671 GC heap before
{Heap before GC invocations=1280 (full 5):
 def new generation   total 1515904K, used 1442562K [0x00007f7ddc600000, 0x00007f7e432d0000, 0x00007f88870a0000)
  eden space 1347520K, 100% used [0x00007f7ddc600000, 0x00007f7e2e9f0000, 0x00007f7e2e9f0000)
  from space 168384K,  56% used [0x00007f7e2e9f0000, 0x00007f7e346c0ab8, 0x00007f7e38e60000)
  to   space 168384K,   0% used [0x00007f7e38e60000, 0x00007f7e38e60000, 0x00007f7e432d0000)
 tenured generation   total 3368516K, used 3330018K [0x00007f88870a0000, 0x00007f8954a31000, 0x00007f9ddc600000)
   the space 3368516K,  98% used [0x00007f88870a0000, 0x00007f8952498900, 0x00007f8952498a00, 0x00007f8954a31000)
 Metaspace       used 24254K, capacity 24634K, committed 24832K, reserved 26624K
}
Event: 1071.743 GC heap after
{Heap after GC invocations=1281 (full 5):
 def new generation   total 1515904K, used 67818K [0x00007f7ddc600000, 0x00007f7e432d0000, 0x00007f88870a0000)
  eden space 1347520K,   0% used [0x00007f7ddc600000, 0x00007f7ddc600000, 0x00007f7e2e9f0000)
  from space 168384K,  40% used [0x00007f7e38e60000, 0x00007f7e3d09a868, 0x00007f7e432d0000)
  to   space 168384K,   0% used [0x00007f7e2e9f0000, 0x00007f7e2e9f0000, 0x00007f7e38e60000)
 tenured generation   total 3368516K, used 3346976K [0x00007f88870a0000, 0x00007f8954a31000, 0x00007f9ddc600000)
   the space 3368516K,  99% used [0x00007f88870a0000, 0x00007f89535283e8, 0x00007f8953528400, 0x00007f8954a31000)
 Metaspace       used 24254K, capacity 24634K, committed 24832K, reserved 26624K
}
Event: 1072.915 GC heap before
{Heap before GC invocations=1281 (full 5):
 def new generation   total 1515904K, used 1415338K [0x00007f7ddc600000, 0x00007f7e432d0000, 0x00007f88870a0000)
  eden space 1347520K, 100% used [0x00007f7ddc600000, 0x00007f7e2e9f0000, 0x00007f7e2e9f0000)
  from space 168384K,  40% used [0x00007f7e38e60000, 0x00007f7e3d09a868, 0x00007f7e432d0000)
  to   space 168384K,   0% used [0x00007f7e2e9f0000, 0x00007f7e2e9f0000, 0x00007f7e38e60000)
 tenured generation   total 3368516K, used 3346976K [0x00007f88870a0000, 0x00007f8954a31000, 0x00007f9ddc600000)
   the space 3368516K,  99% used [0x00007f88870a0000, 0x00007f89535283e8, 0x00007f8953528400, 0x00007f8954a31000)
 Metaspace       used 24254K, capacity 24634K, committed 24832K, reserved 26624K
}
Event: 1072.959 GC heap after
{Heap after GC invocations=1282 (full 5):
 def new generation   total 1515904K, used 69894K [0x00007f7ddc600000, 0x00007f7e432d0000, 0x00007f88870a0000)
  eden space 1347520K,   0% used [0x00007f7ddc600000, 0x00007f7ddc600000, 0x00007f7e2e9f0000)
  from space 168384K,  41% used [0x00007f7e2e9f0000, 0x00007f7e32e318e8, 0x00007f7e38e60000)
  to   space 168384K,   0% used [0x00007f7e38e60000, 0x00007f7e38e60000, 0x00007f7e432d0000)
 tenured generation   total 3368516K, used 3346976K [0x00007f88870a0000, 0x00007f8954a31000, 0x00007f9ddc600000)
   the space 3368516K,  99% used [0x00007f88870a0000, 0x00007f89535283e8, 0x00007f8953528400, 0x00007f8954a31000)
 Metaspace       used 24254K, capacity 24634K, committed 24832K, reserved 26624K
}
Event: 1074.551 GC heap before
{Heap before GC invocations=1282 (full 5):
 def new generation   total 1515904K, used 1417414K [0x00007f7ddc600000, 0x00007f7e432d0000, 0x00007f88870a0000)
  eden space 1347520K, 100% used [0x00007f7ddc600000, 0x00007f7e2e9f0000, 0x00007f7e2e9f0000)
  from space 168384K,  41% used [0x00007f7e2e9f0000, 0x00007f7e32e318e8, 0x00007f7e38e60000)
  to   space 168384K,   0% used [0x00007f7e38e60000, 0x00007f7e38e60000, 0x00007f7e432d0000)
 tenured generation   total 3368516K, used 3346976K [0x00007f88870a0000, 0x00007f8954a31000, 0x00007f9ddc600000)
   the space 3368516K,  99% used [0x00007f88870a0000, 0x00007f89535283e8, 0x00007f8953528400, 0x00007f8954a31000)
 Metaspace       used 24254K, capacity 24634K, committed 24832K, reserved 26624K
}
Event: 1074.620 GC heap after
{Heap after GC invocations=1283 (full 5):
 def new generation   total 1515904K, used 78120K [0x00007f7ddc600000, 0x00007f7e432d0000, 0x00007f88870a0000)
  eden space 1347520K,   0% used [0x00007f7ddc600000, 0x00007f7ddc600000, 0x00007f7e2e9f0000)
  from space 168384K,  46% used [0x00007f7e38e60000, 0x00007f7e3daaa1c8, 0x00007f7e432d0000)
  to   space 168384K,   0% used [0x00007f7e2e9f0000, 0x00007f7e2e9f0000, 0x00007f7e38e60000)
 tenured generation   total 3368516K, used 3346976K [0x00007f88870a0000, 0x00007f8954a31000, 0x00007f9ddc600000)
   the space 3368516K,  99% used [0x00007f88870a0000, 0x00007f89535283e8, 0x00007f8953528400, 0x00007f8954a31000)
 Metaspace       used 24254K, capacity 24634K, committed 24832K, reserved 26624K
}
Event: 1076.108 GC heap before
{Heap before GC invocations=1283 (full 5):
 def new generation   total 1515904K, used 1425640K [0x00007f7ddc600000, 0x00007f7e432d0000, 0x00007f88870a0000)
  eden space 1347520K, 100% used [0x00007f7ddc600000, 0x00007f7e2e9f0000, 0x00007f7e2e9f0000)
  from space 168384K,  46% used [0x00007f7e38e60000, 0x00007f7e3daaa1c8, 0x00007f7e432d0000)
  to   space 168384K,   0% used [0x00007f7e2e9f0000, 0x00007f7e2e9f0000, 0x00007f7e38e60000)
 tenured generation   total 3368516K, used 3346976K [0x00007f88870a0000, 0x00007f8954a31000, 0x00007f9ddc600000)
   the space 3368516K,  99% used [0x00007f88870a0000, 0x00007f89535283e8, 0x00007f8953528400, 0x00007f8954a31000)
 Metaspace       used 24254K, capacity 24634K, committed 24832K, reserved 26624K
}
Event: 1076.166 GC heap after
{Heap after GC invocations=1284 (full 5):
 def new generation   total 1515904K, used 84768K [0x00007f7ddc600000, 0x00007f7e432d0000, 0x00007f88870a0000)
  eden space 1347520K,   0% used [0x00007f7ddc600000, 0x00007f7ddc600000, 0x00007f7e2e9f0000)
  from space 168384K,  50% used [0x00007f7e2e9f0000, 0x00007f7e33cb8208, 0x00007f7e38e60000)
  to   space 168384K,   0% used [0x00007f7e38e60000, 0x00007f7e38e60000, 0x00007f7e432d0000)
 tenured generation   total 3368516K, used 3346976K [0x00007f88870a0000, 0x00007f8954a31000, 0x00007f9ddc600000)
   the space 3368516K,  99% used [0x00007f88870a0000, 0x00007f89535283e8, 0x00007f8953528400, 0x00007f8954a31000)
 Metaspace       used 24254K, capacity 24634K, committed 24832K, reserved 26624K
}
Event: 1077.442 GC heap before
{Heap before GC invocations=1284 (full 5):
 def new generation   total 1515904K, used 1426710K [0x00007f7ddc600000, 0x00007f7e432d0000, 0x00007f88870a0000)
  eden space 1347520K,  99% used [0x00007f7ddc600000, 0x00007f7e2e47d798, 0x00007f7e2e9f0000)
  from space 168384K,  50% used [0x00007f7e2e9f0000, 0x00007f7e33cb8208, 0x00007f7e38e60000)
  to   space 168384K,   0% used [0x00007f7e38e60000, 0x00007f7e38e60000, 0x00007f7e432d0000)
 tenured generation   total 3368516K, used 3346976K [0x00007f88870a0000, 0x00007f8954a31000, 0x00007f9ddc600000)
   the space 3368516K,  99% used [0x00007f88870a0000, 0x00007f89535283e8, 0x00007f8953528400, 0x00007f8954a31000)
 Metaspace       used 24254K, capacity 24634K, committed 24832K, reserved 26624K
}
Event: 1077.540 GC heap after
{Heap after GC invocations=1285 (full 5):
 def new generation   total 1515904K, used 86839K [0x00007f7ddc600000, 0x00007f7e432d0000, 0x00007f88870a0000)
  eden space 1347520K,   0% used [0x00007f7ddc600000, 0x00007f7ddc600000, 0x00007f7e2e9f0000)
  from space 168384K,  51% used [0x00007f7e38e60000, 0x00007f7e3e32dc80, 0x00007f7e432d0000)
  to   space 168384K,   0% used [0x00007f7e2e9f0000, 0x00007f7e2e9f0000, 0x00007f7e38e60000)
 tenured generation   total 3368516K, used 3363935K [0x00007f88870a0000, 0x00007f8954a31000, 0x00007f9ddc600000)
   the space 3368516K,  99% used [0x00007f88870a0000, 0x00007f89545b7ed0, 0x00007f89545b8000, 0x00007f8954a31000)
 Metaspace       used 24254K, capacity 24634K, committed 24832K, reserved 26624K
}
Event: 1079.137 GC heap before
{Heap before GC invocations=1285 (full 5):
 def new generation   total 1515904K, used 1434359K [0x00007f7ddc600000, 0x00007f7e432d0000, 0x00007f88870a0000)
  eden space 1347520K, 100% used [0x00007f7ddc600000, 0x00007f7e2e9f0000, 0x00007f7e2e9f0000)
  from space 168384K,  51% used [0x00007f7e38e60000, 0x00007f7e3e32dc80, 0x00007f7e432d0000)
  to   space 168384K,   0% used [0x00007f7e2e9f0000, 0x00007f7e2e9f0000, 0x00007f7e38e60000)
 tenured generation   total 3368516K, used 3363935K [0x00007f88870a0000, 0x00007f8954a31000, 0x00007f9ddc600000)
   the space 3368516K,  99% used [0x00007f88870a0000, 0x00007f89545b7ed0, 0x00007f89545b8000, 0x00007f8954a31000)
 Metaspace       used 24254K, capacity 24634K, committed 24832K, reserved 26624K
}
Event: 1079.195 GC heap after
{Heap after GC invocations=1286 (full 5):
 def new generation   total 1515904K, used 61160K [0x00007f7ddc600000, 0x00007f7e432d0000, 0x00007f88870a0000)
  eden space 1347520K,   0% used [0x00007f7ddc600000, 0x00007f7ddc600000, 0x00007f7e2e9f0000)
  from space 168384K,  36% used [0x00007f7e2e9f0000, 0x00007f7e325aa120, 0x00007f7e38e60000)
  to   space 168384K,   0% used [0x00007f7e38e60000, 0x00007f7e38e60000, 0x00007f7e432d0000)
 tenured generation   total 3384904K, used 3380894K [0x00007f88870a0000, 0x00007f8955a32000, 0x00007f9ddc600000)
   the space 3384904K,  99% used [0x00007f88870a0000, 0x00007f89556479b8, 0x00007f8955647a00, 0x00007f8955a32000)
 Metaspace       used 24254K, capacity 24634K, committed 24832K, reserved 26624K
}
Event: 1079.195 GC heap before
{Heap before GC invocations=1286 (full 5):
 def new generation   total 1515904K, used 61160K [0x00007f7ddc600000, 0x00007f7e432d0000, 0x00007f88870a0000)
  eden space 1347520K,   0% used [0x00007f7ddc600000, 0x00007f7ddc600000, 0x00007f7e2e9f0000)
  from space 168384K,  36% used [0x00007f7e2e9f0000, 0x00007f7e325aa120, 0x00007f7e38e60000)
  to   space 168384K,   0% used [0x00007f7e38e60000, 0x00007f7e38e60000, 0x00007f7e432d0000)
 tenured generation   total 3384904K, used 3380894K [0x00007f88870a0000, 0x00007f8955a32000, 0x00007f9ddc600000)
   the space 3384904K,  99% used [0x00007f88870a0000, 0x00007f89556479b8, 0x00007f8955647a00, 0x00007f8955a32000)
 Metaspace       used 24254K, capacity 24634K, committed 24832K, reserved 26624K
}

