# JRE version: OpenJDK Runtime Environment (13.0.7+5) (build 13.0.7+5-Ubuntu-0ubuntu120.04)
# Java VM: OpenJDK 64-Bit Server VM (13.0.7+5-Ubuntu-0ubuntu120.04, mixed mode, tiered, serial gc, linux-amd64)
Heap:
 def new generation   total 4810752K, used 303590K [0x00007f50fc600000, 0x00007f52429f0000, 0x00007f5651b50000)
  eden space 4276288K,   7% used [0x00007f50fc600000, 0x00007f510ee79870, 0x00007f5201610000)
  from space 534464K,   0% used [0x00007f5222000000, 0x00007f5222000000, 0x00007f52429f0000)
  to   space 534464K,   0% used [0x00007f5201610000, 0x00007f5201610000, 0x00007f5222000000)
 tenured generation   total 10897688K, used 10897687K [0x00007f5651b50000, 0x00007f58ead96000, 0x00007f60fc600000)
   the space 10897688K,  99% used [0x00007f5651b50000, 0x00007f58ead95ff8, 0x00007f58ead96000, 0x00007f58ead96000)
 Metaspace       used 30382K, capacity 30762K, committed 30976K, reserved 32768K
GC Heap History (20 events):
Event: 271.706 GC heap after
{Heap after GC invocations=78 (full 5):
 def new generation   total 4810752K, used 304573K [0x00007f50fc600000, 0x00007f52429f0000, 0x00007f5651b50000)
  eden space 4276288K,   0% used [0x00007f50fc600000, 0x00007f50fc600000, 0x00007f5201610000)
  from space 534464K,  56% used [0x00007f5201610000, 0x00007f5213f7f418, 0x00007f5222000000)
  to   space 534464K,   0% used [0x00007f5222000000, 0x00007f5222000000, 0x00007f52429f0000)
 tenured generation   total 10690328K, used 8131642K [0x00007f5651b50000, 0x00007f58de316000, 0x00007f60fc600000)
   the space 10690328K,  76% used [0x00007f5651b50000, 0x00007f584205e970, 0x00007f584205ea00, 0x00007f58de316000)
 Metaspace       used 30382K, capacity 30762K, committed 30976K, reserved 32768K
}
Event: 272.964 GC heap before
{Heap before GC invocations=78 (full 5):
 def new generation   total 4810752K, used 4580861K [0x00007f50fc600000, 0x00007f52429f0000, 0x00007f5651b50000)
  eden space 4276288K, 100% used [0x00007f50fc600000, 0x00007f5201610000, 0x00007f5201610000)
  from space 534464K,  56% used [0x00007f5201610000, 0x00007f5213f7f418, 0x00007f5222000000)
  to   space 534464K,   0% used [0x00007f5222000000, 0x00007f5222000000, 0x00007f52429f0000)
 tenured generation   total 10690328K, used 8131642K [0x00007f5651b50000, 0x00007f58de316000, 0x00007f60fc600000)
   the space 10690328K,  76% used [0x00007f5651b50000, 0x00007f584205e970, 0x00007f584205ea00, 0x00007f58de316000)
 Metaspace       used 30382K, capacity 30762K, committed 30976K, reserved 32768K
}
Event: 273.766 GC heap after
{Heap after GC invocations=79 (full 5):
 def new generation   total 4810752K, used 306104K [0x00007f50fc600000, 0x00007f52429f0000, 0x00007f5651b50000)
  eden space 4276288K,   0% used [0x00007f50fc600000, 0x00007f50fc600000, 0x00007f5201610000)
  from space 534464K,  57% used [0x00007f5222000000, 0x00007f5234aee228, 0x00007f52429f0000)
  to   space 534464K,   0% used [0x00007f5201610000, 0x00007f5201610000, 0x00007f5222000000)
 tenured generation   total 10690328K, used 8436215K [0x00007f5651b50000, 0x00007f58de316000, 0x00007f60fc600000)
   the space 10690328K,  78% used [0x00007f5651b50000, 0x00007f58549cdcc8, 0x00007f58549cde00, 0x00007f58de316000)
 Metaspace       used 30382K, capacity 30762K, committed 30976K, reserved 32768K
}
Event: 275.000 GC heap before
{Heap before GC invocations=79 (full 5):
 def new generation   total 4810752K, used 4582392K [0x00007f50fc600000, 0x00007f52429f0000, 0x00007f5651b50000)
  eden space 4276288K, 100% used [0x00007f50fc600000, 0x00007f5201610000, 0x00007f5201610000)
  from space 534464K,  57% used [0x00007f5222000000, 0x00007f5234aee228, 0x00007f52429f0000)
  to   space 534464K,   0% used [0x00007f5201610000, 0x00007f5201610000, 0x00007f5222000000)
 tenured generation   total 10690328K, used 8436215K [0x00007f5651b50000, 0x00007f58de316000, 0x00007f60fc600000)
   the space 10690328K,  78% used [0x00007f5651b50000, 0x00007f58549cdcc8, 0x00007f58549cde00, 0x00007f58de316000)
 Metaspace       used 30382K, capacity 30762K, committed 30976K, reserved 32768K
}
Event: 275.825 GC heap after
{Heap after GC invocations=80 (full 5):
 def new generation   total 4810752K, used 305495K [0x00007f50fc600000, 0x00007f52429f0000, 0x00007f5651b50000)
  eden space 4276288K,   0% used [0x00007f50fc600000, 0x00007f50fc600000, 0x00007f5201610000)
  from space 534464K,  57% used [0x00007f5201610000, 0x00007f5214065ea8, 0x00007f5222000000)
  to   space 534464K,   0% used [0x00007f5222000000, 0x00007f5222000000, 0x00007f52429f0000)
 tenured generation   total 10690328K, used 8742318K [0x00007f5651b50000, 0x00007f58de316000, 0x00007f60fc600000)
   the space 10690328K,  81% used [0x00007f5651b50000, 0x00007f58674bbb30, 0x00007f58674bbc00, 0x00007f58de316000)
 Metaspace       used 30382K, capacity 30762K, committed 30976K, reserved 32768K
}
Event: 277.121 GC heap before
{Heap before GC invocations=80 (full 5):
 def new generation   total 4810752K, used 4581783K [0x00007f50fc600000, 0x00007f52429f0000, 0x00007f5651b50000)
  eden space 4276288K, 100% used [0x00007f50fc600000, 0x00007f5201610000, 0x00007f5201610000)
  from space 534464K,  57% used [0x00007f5201610000, 0x00007f5214065ea8, 0x00007f5222000000)
  to   space 534464K,   0% used [0x00007f5222000000, 0x00007f5222000000, 0x00007f52429f0000)
 tenured generation   total 10690328K, used 8742318K [0x00007f5651b50000, 0x00007f58de316000, 0x00007f60fc600000)
   the space 10690328K,  81% used [0x00007f5651b50000, 0x00007f58674bbb30, 0x00007f58674bbc00, 0x00007f58de316000)
 Metaspace       used 30382K, capacity 30762K, committed 30976K, reserved 32768K
}
Event: 277.941 GC heap after
{Heap after GC invocations=81 (full 5):
 def new generation   total 4810752K, used 307679K [0x00007f50fc600000, 0x00007f52429f0000, 0x00007f5651b50000)
  eden space 4276288K,   0% used [0x00007f50fc600000, 0x00007f50fc600000, 0x00007f5201610000)
  from space 534464K,  57% used [0x00007f5222000000, 0x00007f5234c77ea8, 0x00007f52429f0000)
  to   space 534464K,   0% used [0x00007f5201610000, 0x00007f5201610000, 0x00007f5222000000)
 tenured generation   total 10690328K, used 9047813K [0x00007f5651b50000, 0x00007f58de316000, 0x00007f60fc600000)
   the space 10690328K,  84% used [0x00007f5651b50000, 0x00007f5879f11758, 0x00007f5879f11800, 0x00007f58de316000)
 Metaspace       used 30382K, capacity 30762K, committed 30976K, reserved 32768K
}
Event: 279.167 GC heap before
{Heap before GC invocations=81 (full 5):
 def new generation   total 4810752K, used 4583967K [0x00007f50fc600000, 0x00007f52429f0000, 0x00007f5651b50000)
  eden space 4276288K, 100% used [0x00007f50fc600000, 0x00007f5201610000, 0x00007f5201610000)
  from space 534464K,  57% used [0x00007f5222000000, 0x00007f5234c77ea8, 0x00007f52429f0000)
  to   space 534464K,   0% used [0x00007f5201610000, 0x00007f5201610000, 0x00007f5222000000)
 tenured generation   total 10690328K, used 9047813K [0x00007f5651b50000, 0x00007f58de316000, 0x00007f60fc600000)
   the space 10690328K,  84% used [0x00007f5651b50000, 0x00007f5879f11758, 0x00007f5879f11800, 0x00007f58de316000)
 Metaspace       used 30382K, capacity 30762K, committed 30976K, reserved 32768K
}
Event: 279.959 GC heap after
{Heap after GC invocations=82 (full 5):
 def new generation   total 4810752K, used 308819K [0x00007f50fc600000, 0x00007f52429f0000, 0x00007f5651b50000)
  eden space 4276288K,   0% used [0x00007f50fc600000, 0x00007f50fc600000, 0x00007f5201610000)
  from space 534464K,  57% used [0x00007f5201610000, 0x00007f52143a4d38, 0x00007f5222000000)
  to   space 534464K,   0% used [0x00007f5222000000, 0x00007f5222000000, 0x00007f52429f0000)
 tenured generation   total 10690328K, used 9355492K [0x00007f5651b50000, 0x00007f58de316000, 0x00007f60fc600000)
   the space 10690328K,  87% used [0x00007f5651b50000, 0x00007f588cb893f0, 0x00007f588cb89400, 0x00007f58de316000)
 Metaspace       used 30382K, capacity 30762K, committed 30976K, reserved 32768K
}
Event: 281.221 GC heap before
{Heap before GC invocations=82 (full 5):
 def new generation   total 4810752K, used 4585107K [0x00007f50fc600000, 0x00007f52429f0000, 0x00007f5651b50000)
  eden space 4276288K, 100% used [0x00007f50fc600000, 0x00007f5201610000, 0x00007f5201610000)
  from space 534464K,  57% used [0x00007f5201610000, 0x00007f52143a4d38, 0x00007f5222000000)
  to   space 534464K,   0% used [0x00007f5222000000, 0x00007f5222000000, 0x00007f52429f0000)
 tenured generation   total 10690328K, used 9355492K [0x00007f5651b50000, 0x00007f58de316000, 0x00007f60fc600000)
   the space 10690328K,  87% used [0x00007f5651b50000, 0x00007f588cb893f0, 0x00007f588cb89400, 0x00007f58de316000)
 Metaspace       used 30382K, capacity 30762K, committed 30976K, reserved 32768K
}
Event: 282.030 GC heap after
{Heap after GC invocations=83 (full 5):
 def new generation   total 4810752K, used 308654K [0x00007f50fc600000, 0x00007f52429f0000, 0x00007f5651b50000)
  eden space 4276288K,   0% used [0x00007f50fc600000, 0x00007f50fc600000, 0x00007f5201610000)
  from space 534464K,  57% used [0x00007f5222000000, 0x00007f5234d6b918, 0x00007f52429f0000)
  to   space 534464K,   0% used [0x00007f5201610000, 0x00007f5201610000, 0x00007f5222000000)
 tenured generation   total 10690328K, used 9664311K [0x00007f5651b50000, 0x00007f58de316000, 0x00007f60fc600000)
   the space 10690328K,  90% used [0x00007f5651b50000, 0x00007f589f91dff8, 0x00007f589f91e000, 0x00007f58de316000)
 Metaspace       used 30382K, capacity 30762K, committed 30976K, reserved 32768K
}
Event: 283.251 GC heap before
{Heap before GC invocations=83 (full 5):
 def new generation   total 4810752K, used 4584942K [0x00007f50fc600000, 0x00007f52429f0000, 0x00007f5651b50000)
  eden space 4276288K, 100% used [0x00007f50fc600000, 0x00007f5201610000, 0x00007f5201610000)
  from space 534464K,  57% used [0x00007f5222000000, 0x00007f5234d6b918, 0x00007f52429f0000)
  to   space 534464K,   0% used [0x00007f5201610000, 0x00007f5201610000, 0x00007f5222000000)
 tenured generation   total 10690328K, used 9664311K [0x00007f5651b50000, 0x00007f58de316000, 0x00007f60fc600000)
   the space 10690328K,  90% used [0x00007f5651b50000, 0x00007f589f91dff8, 0x00007f589f91e000, 0x00007f58de316000)
 Metaspace       used 30382K, capacity 30762K, committed 30976K, reserved 32768K
}
Event: 284.040 GC heap after
{Heap after GC invocations=84 (full 5):
 def new generation   total 4810752K, used 306318K [0x00007f50fc600000, 0x00007f52429f0000, 0x00007f5651b50000)
  eden space 4276288K,   0% used [0x00007f50fc600000, 0x00007f50fc600000, 0x00007f5201610000)
  from space 534464K,  57% used [0x00007f5201610000, 0x00007f52141338d8, 0x00007f5222000000)
  to   space 534464K,   0% used [0x00007f5222000000, 0x00007f5222000000, 0x00007f52429f0000)
 tenured generation   total 10690328K, used 9972965K [0x00007f5651b50000, 0x00007f58de316000, 0x00007f60fc600000)
   the space 10690328K,  93% used [0x00007f5651b50000, 0x00007f58b2689510, 0x00007f58b2689600, 0x00007f58de316000)
 Metaspace       used 30382K, capacity 30762K, committed 30976K, reserved 32768K
}
Event: 285.296 GC heap before
{Heap before GC invocations=84 (full 5):
 def new generation   total 4810752K, used 4582606K [0x00007f50fc600000, 0x00007f52429f0000, 0x00007f5651b50000)
  eden space 4276288K, 100% used [0x00007f50fc600000, 0x00007f5201610000, 0x00007f5201610000)
  from space 534464K,  57% used [0x00007f5201610000, 0x00007f52141338d8, 0x00007f5222000000)
  to   space 534464K,   0% used [0x00007f5222000000, 0x00007f5222000000, 0x00007f52429f0000)
 tenured generation   total 10690328K, used 9972965K [0x00007f5651b50000, 0x00007f58de316000, 0x00007f60fc600000)
   the space 10690328K,  93% used [0x00007f5651b50000, 0x00007f58b2689510, 0x00007f58b2689600, 0x00007f58de316000)
 Metaspace       used 30382K, capacity 30762K, committed 30976K, reserved 32768K
}
Event: 286.103 GC heap after
{Heap after GC invocations=85 (full 5):
 def new generation   total 4810752K, used 309913K [0x00007f50fc600000, 0x00007f52429f0000, 0x00007f5651b50000)
  eden space 4276288K,   0% used [0x00007f50fc600000, 0x00007f50fc600000, 0x00007f5201610000)
  from space 534464K,  57% used [0x00007f5222000000, 0x00007f5234ea6750, 0x00007f52429f0000)
  to   space 534464K,   0% used [0x00007f5201610000, 0x00007f5201610000, 0x00007f5222000000)
 tenured generation   total 10690328K, used 10279283K [0x00007f5651b50000, 0x00007f58de316000, 0x00007f60fc600000)
   the space 10690328K,  96% used [0x00007f5651b50000, 0x00007f58c51acda8, 0x00007f58c51ace00, 0x00007f58de316000)
 Metaspace       used 30382K, capacity 30762K, committed 30976K, reserved 32768K
}
Event: 287.431 GC heap before
{Heap before GC invocations=85 (full 5):
 def new generation   total 4810752K, used 4586201K [0x00007f50fc600000, 0x00007f52429f0000, 0x00007f5651b50000)
  eden space 4276288K, 100% used [0x00007f50fc600000, 0x00007f5201610000, 0x00007f5201610000)
  from space 534464K,  57% used [0x00007f5222000000, 0x00007f5234ea6750, 0x00007f52429f0000)
  to   space 534464K,   0% used [0x00007f5201610000, 0x00007f5201610000, 0x00007f5222000000)
 tenured generation   total 10690328K, used 10279283K [0x00007f5651b50000, 0x00007f58de316000, 0x00007f60fc600000)
   the space 10690328K,  96% used [0x00007f5651b50000, 0x00007f58c51acda8, 0x00007f58c51ace00, 0x00007f58de316000)
 Metaspace       used 30382K, capacity 30762K, committed 30976K, reserved 32768K
}
Event: 288.320 GC heap after
{Heap after GC invocations=86 (full 5):
 def new generation   total 4810752K, used 308394K [0x00007f50fc600000, 0x00007f52429f0000, 0x00007f5651b50000)
  eden space 4276288K,   0% used [0x00007f50fc600000, 0x00007f50fc600000, 0x00007f5201610000)
  from space 534464K,  57% used [0x00007f5201610000, 0x00007f521433a9a0, 0x00007f5222000000)
  to   space 534464K,   0% used [0x00007f5222000000, 0x00007f5222000000, 0x00007f52429f0000)
 tenured generation   total 10690328K, used 10589196K [0x00007f5651b50000, 0x00007f58de316000, 0x00007f60fc600000)
   the space 10690328K,  99% used [0x00007f5651b50000, 0x00007f58d80533f8, 0x00007f58d8053400, 0x00007f58de316000)
 Metaspace       used 30382K, capacity 30762K, committed 30976K, reserved 32768K
}
Event: 289.566 GC heap before
{Heap before GC invocations=86 (full 5):
 def new generation   total 4810752K, used 4584682K [0x00007f50fc600000, 0x00007f52429f0000, 0x00007f5651b50000)
  eden space 4276288K, 100% used [0x00007f50fc600000, 0x00007f5201610000, 0x00007f5201610000)
  from space 534464K,  57% used [0x00007f5201610000, 0x00007f521433a9a0, 0x00007f5222000000)
  to   space 534464K,   0% used [0x00007f5222000000, 0x00007f5222000000, 0x00007f52429f0000)
 tenured generation   total 10690328K, used 10589196K [0x00007f5651b50000, 0x00007f58de316000, 0x00007f60fc600000)
   the space 10690328K,  99% used [0x00007f5651b50000, 0x00007f58d80533f8, 0x00007f58d8053400, 0x00007f58de316000)
 Metaspace       used 30382K, capacity 30762K, committed 30976K, reserved 32768K
}
Event: 290.351 GC heap after
{Heap after GC invocations=87 (full 5):
 def new generation   total 4810752K, used 303687K [0x00007f50fc600000, 0x00007f52429f0000, 0x00007f5651b50000)
  eden space 4276288K,   0% used [0x00007f50fc600000, 0x00007f50fc600000, 0x00007f5201610000)
  from space 534464K,  56% used [0x00007f5222000000, 0x00007f5234891e80, 0x00007f52429f0000)
  to   space 534464K,   0% used [0x00007f5201610000, 0x00007f5201610000, 0x00007f5222000000)
 tenured generation   total 10897688K, used 10897590K [0x00007f5651b50000, 0x00007f58ead96000, 0x00007f60fc600000)
   the space 10897688K,  99% used [0x00007f5651b50000, 0x00007f58ead7d9e8, 0x00007f58ead7da00, 0x00007f58ead96000)
 Metaspace       used 30382K, capacity 30762K, committed 30976K, reserved 32768K
}
Event: 290.351 GC heap before
{Heap before GC invocations=87 (full 5):
 def new generation   total 4810752K, used 303687K [0x00007f50fc600000, 0x00007f52429f0000, 0x00007f5651b50000)
  eden space 4276288K,   0% used [0x00007f50fc600000, 0x00007f50fc600000, 0x00007f5201610000)
  from space 534464K,  56% used [0x00007f5222000000, 0x00007f5234891e80, 0x00007f52429f0000)
  to   space 534464K,   0% used [0x00007f5201610000, 0x00007f5201610000, 0x00007f5222000000)
 tenured generation   total 10897688K, used 10897590K [0x00007f5651b50000, 0x00007f58ead96000, 0x00007f60fc600000)
   the space 10897688K,  99% used [0x00007f5651b50000, 0x00007f58ead7d9e8, 0x00007f58ead7da00, 0x00007f58ead96000)
 Metaspace       used 30382K, capacity 30762K, committed 30976K, reserved 32768K
}

