# JRE version: OpenJDK Runtime Environment (13.0.7+5) (build 13.0.7+5-Ubuntu-0ubuntu120.04)
# Java VM: OpenJDK 64-Bit Server VM (13.0.7+5-Ubuntu-0ubuntu120.04, mixed mode, tiered, serial gc, linux-amd64)
Heap:
 def new generation   total 2782976K, used 26850K [0x00007f706c600000, 0x00007f71291b0000, 0x00007f75c1b50000)
  eden space 2473792K,   1% used [0x00007f706c600000, 0x00007f706e038a80, 0x00007f71035d0000)
  from space 309184K,   0% used [0x00007f71035d0000, 0x00007f71035d0000, 0x00007f71163c0000)
  to   space 309184K,   0% used [0x00007f71163c0000, 0x00007f71163c0000, 0x00007f71291b0000)
 tenured generation   total 6336916K, used 6336915K [0x00007f75c1b50000, 0x00007f77447b5000, 0x00007f806c600000)
   the space 6336916K,  99% used [0x00007f75c1b50000, 0x00007f77447b4fe0, 0x00007f77447b5000, 0x00007f77447b5000)
 Metaspace       used 30539K, capacity 30960K, committed 31232K, reserved 32768K
GC Heap History (20 events):
Event: 235.141 GC heap after
{Heap after GC invocations=48 (full 4):
 def new generation   total 2782976K, used 231544K [0x00007f706c600000, 0x00007f71291b0000, 0x00007f75c1b50000)
  eden space 2473792K,   0% used [0x00007f706c600000, 0x00007f706c600000, 0x00007f71035d0000)
  from space 309184K,  74% used [0x00007f71163c0000, 0x00007f71245de240, 0x00007f71291b0000)
  to   space 309184K,   0% used [0x00007f71035d0000, 0x00007f71035d0000, 0x00007f71163c0000)
 tenured generation   total 6184276K, used 4205618K [0x00007f75c1b50000, 0x00007f773b2a5000, 0x00007f806c600000)
   the space 6184276K,  68% used [0x00007f75c1b50000, 0x00007f76c265cba0, 0x00007f76c265cc00, 0x00007f773b2a5000)
 Metaspace       used 30539K, capacity 30960K, committed 31232K, reserved 32768K
}
Event: 235.848 GC heap before
{Heap before GC invocations=48 (full 4):
 def new generation   total 2782976K, used 2705336K [0x00007f706c600000, 0x00007f71291b0000, 0x00007f75c1b50000)
  eden space 2473792K, 100% used [0x00007f706c600000, 0x00007f71035d0000, 0x00007f71035d0000)
  from space 309184K,  74% used [0x00007f71163c0000, 0x00007f71245de240, 0x00007f71291b0000)
  to   space 309184K,   0% used [0x00007f71035d0000, 0x00007f71035d0000, 0x00007f71163c0000)
 tenured generation   total 6184276K, used 4205618K [0x00007f75c1b50000, 0x00007f773b2a5000, 0x00007f806c600000)
   the space 6184276K,  68% used [0x00007f75c1b50000, 0x00007f76c265cba0, 0x00007f76c265cc00, 0x00007f773b2a5000)
 Metaspace       used 30539K, capacity 30960K, committed 31232K, reserved 32768K
}
Event: 236.571 GC heap after
{Heap after GC invocations=49 (full 4):
 def new generation   total 2782976K, used 235090K [0x00007f706c600000, 0x00007f71291b0000, 0x00007f75c1b50000)
  eden space 2473792K,   0% used [0x00007f706c600000, 0x00007f706c600000, 0x00007f71035d0000)
  from space 309184K,  76% used [0x00007f71035d0000, 0x00007f7111b648a0, 0x00007f71163c0000)
  to   space 309184K,   0% used [0x00007f71163c0000, 0x00007f71163c0000, 0x00007f71291b0000)
 tenured generation   total 6184276K, used 4437163K [0x00007f75c1b50000, 0x00007f773b2a5000, 0x00007f806c600000)
   the space 6184276K,  71% used [0x00007f75c1b50000, 0x00007f76d087acb0, 0x00007f76d087ae00, 0x00007f773b2a5000)
 Metaspace       used 30539K, capacity 30960K, committed 31232K, reserved 32768K
}
Event: 237.374 GC heap before
{Heap before GC invocations=49 (full 4):
 def new generation   total 2782976K, used 2708882K [0x00007f706c600000, 0x00007f71291b0000, 0x00007f75c1b50000)
  eden space 2473792K, 100% used [0x00007f706c600000, 0x00007f71035d0000, 0x00007f71035d0000)
  from space 309184K,  76% used [0x00007f71035d0000, 0x00007f7111b648a0, 0x00007f71163c0000)
  to   space 309184K,   0% used [0x00007f71163c0000, 0x00007f71163c0000, 0x00007f71291b0000)
 tenured generation   total 6184276K, used 4437163K [0x00007f75c1b50000, 0x00007f773b2a5000, 0x00007f806c600000)
   the space 6184276K,  71% used [0x00007f75c1b50000, 0x00007f76d087acb0, 0x00007f76d087ae00, 0x00007f773b2a5000)
 Metaspace       used 30539K, capacity 30960K, committed 31232K, reserved 32768K
}
Event: 238.463 GC heap after
{Heap after GC invocations=50 (full 4):
 def new generation   total 2782976K, used 248950K [0x00007f706c600000, 0x00007f71291b0000, 0x00007f75c1b50000)
  eden space 2473792K,   0% used [0x00007f706c600000, 0x00007f706c600000, 0x00007f71035d0000)
  from space 309184K,  80% used [0x00007f71163c0000, 0x00007f71256dd850, 0x00007f71291b0000)
  to   space 309184K,   0% used [0x00007f71035d0000, 0x00007f71035d0000, 0x00007f71163c0000)
 tenured generation   total 6184276K, used 4672252K [0x00007f75c1b50000, 0x00007f773b2a5000, 0x00007f806c600000)
   the space 6184276K,  75% used [0x00007f75c1b50000, 0x00007f76dee0f2f0, 0x00007f76dee0f400, 0x00007f773b2a5000)
 Metaspace       used 30539K, capacity 30960K, committed 31232K, reserved 32768K
}
Event: 239.175 GC heap before
{Heap before GC invocations=50 (full 4):
 def new generation   total 2782976K, used 2722742K [0x00007f706c600000, 0x00007f71291b0000, 0x00007f75c1b50000)
  eden space 2473792K, 100% used [0x00007f706c600000, 0x00007f71035d0000, 0x00007f71035d0000)
  from space 309184K,  80% used [0x00007f71163c0000, 0x00007f71256dd850, 0x00007f71291b0000)
  to   space 309184K,   0% used [0x00007f71035d0000, 0x00007f71035d0000, 0x00007f71163c0000)
 tenured generation   total 6184276K, used 4672252K [0x00007f75c1b50000, 0x00007f773b2a5000, 0x00007f806c600000)
   the space 6184276K,  75% used [0x00007f75c1b50000, 0x00007f76dee0f2f0, 0x00007f76dee0f400, 0x00007f773b2a5000)
 Metaspace       used 30539K, capacity 30960K, committed 31232K, reserved 32768K
}
Event: 240.992 GC heap after
{Heap after GC invocations=51 (full 4):
 def new generation   total 2782976K, used 232450K [0x00007f706c600000, 0x00007f71291b0000, 0x00007f75c1b50000)
  eden space 2473792K,   0% used [0x00007f706c600000, 0x00007f706c600000, 0x00007f71035d0000)
  from space 309184K,  75% used [0x00007f71035d0000, 0x00007f71118d09f8, 0x00007f71163c0000)
  to   space 309184K,   0% used [0x00007f71163c0000, 0x00007f71163c0000, 0x00007f71291b0000)
 tenured generation   total 6184276K, used 4921202K [0x00007f75c1b50000, 0x00007f773b2a5000, 0x00007f806c600000)
   the space 6184276K,  79% used [0x00007f75c1b50000, 0x00007f76ee12c900, 0x00007f76ee12ca00, 0x00007f773b2a5000)
 Metaspace       used 30539K, capacity 30960K, committed 31232K, reserved 32768K
}
Event: 241.665 GC heap before
{Heap before GC invocations=51 (full 4):
 def new generation   total 2782976K, used 2706242K [0x00007f706c600000, 0x00007f71291b0000, 0x00007f75c1b50000)
  eden space 2473792K, 100% used [0x00007f706c600000, 0x00007f71035d0000, 0x00007f71035d0000)
  from space 309184K,  75% used [0x00007f71035d0000, 0x00007f71118d09f8, 0x00007f71163c0000)
  to   space 309184K,   0% used [0x00007f71163c0000, 0x00007f71163c0000, 0x00007f71291b0000)
 tenured generation   total 6184276K, used 4921202K [0x00007f75c1b50000, 0x00007f773b2a5000, 0x00007f806c600000)
   the space 6184276K,  79% used [0x00007f75c1b50000, 0x00007f76ee12c900, 0x00007f76ee12ca00, 0x00007f773b2a5000)
 Metaspace       used 30539K, capacity 30960K, committed 31232K, reserved 32768K
}
Event: 242.388 GC heap after
{Heap after GC invocations=52 (full 4):
 def new generation   total 2782976K, used 228952K [0x00007f706c600000, 0x00007f71291b0000, 0x00007f75c1b50000)
  eden space 2473792K,   0% used [0x00007f706c600000, 0x00007f706c600000, 0x00007f71035d0000)
  from space 309184K,  74% used [0x00007f71163c0000, 0x00007f7124356108, 0x00007f71291b0000)
  to   space 309184K,   0% used [0x00007f71035d0000, 0x00007f71035d0000, 0x00007f71163c0000)
 tenured generation   total 6184276K, used 5153652K [0x00007f75c1b50000, 0x00007f773b2a5000, 0x00007f806c600000)
   the space 6184276K,  83% used [0x00007f75c1b50000, 0x00007f76fc42d1f8, 0x00007f76fc42d200, 0x00007f773b2a5000)
 Metaspace       used 30539K, capacity 30960K, committed 31232K, reserved 32768K
}
Event: 243.042 GC heap before
{Heap before GC invocations=52 (full 4):
 def new generation   total 2782976K, used 2702744K [0x00007f706c600000, 0x00007f71291b0000, 0x00007f75c1b50000)
  eden space 2473792K, 100% used [0x00007f706c600000, 0x00007f71035d0000, 0x00007f71035d0000)
  from space 309184K,  74% used [0x00007f71163c0000, 0x00007f7124356108, 0x00007f71291b0000)
  to   space 309184K,   0% used [0x00007f71035d0000, 0x00007f71035d0000, 0x00007f71163c0000)
 tenured generation   total 6184276K, used 5153652K [0x00007f75c1b50000, 0x00007f773b2a5000, 0x00007f806c600000)
   the space 6184276K,  83% used [0x00007f75c1b50000, 0x00007f76fc42d1f8, 0x00007f76fc42d200, 0x00007f773b2a5000)
 Metaspace       used 30539K, capacity 30960K, committed 31232K, reserved 32768K
}
Event: 243.800 GC heap after
{Heap after GC invocations=53 (full 4):
 def new generation   total 2782976K, used 224846K [0x00007f706c600000, 0x00007f71291b0000, 0x00007f75c1b50000)
  eden space 2473792K,   0% used [0x00007f706c600000, 0x00007f706c600000, 0x00007f71035d0000)
  from space 309184K,  72% used [0x00007f71035d0000, 0x00007f7111163920, 0x00007f71163c0000)
  to   space 309184K,   0% used [0x00007f71163c0000, 0x00007f71163c0000, 0x00007f71291b0000)
 tenured generation   total 6184276K, used 5382604K [0x00007f75c1b50000, 0x00007f773b2a5000, 0x00007f806c600000)
   the space 6184276K,  87% used [0x00007f75c1b50000, 0x00007f770a3c31a0, 0x00007f770a3c3200, 0x00007f773b2a5000)
 Metaspace       used 30539K, capacity 30960K, committed 31232K, reserved 32768K
}
Event: 244.444 GC heap before
{Heap before GC invocations=53 (full 4):
 def new generation   total 2782976K, used 2698638K [0x00007f706c600000, 0x00007f71291b0000, 0x00007f75c1b50000)
  eden space 2473792K, 100% used [0x00007f706c600000, 0x00007f71035d0000, 0x00007f71035d0000)
  from space 309184K,  72% used [0x00007f71035d0000, 0x00007f7111163920, 0x00007f71163c0000)
  to   space 309184K,   0% used [0x00007f71163c0000, 0x00007f71163c0000, 0x00007f71291b0000)
 tenured generation   total 6184276K, used 5382604K [0x00007f75c1b50000, 0x00007f773b2a5000, 0x00007f806c600000)
   the space 6184276K,  87% used [0x00007f75c1b50000, 0x00007f770a3c31a0, 0x00007f770a3c3200, 0x00007f773b2a5000)
 Metaspace       used 30539K, capacity 30960K, committed 31232K, reserved 32768K
}
Event: 245.206 GC heap after
{Heap after GC invocations=54 (full 4):
 def new generation   total 2782976K, used 233543K [0x00007f706c600000, 0x00007f71291b0000, 0x00007f75c1b50000)
  eden space 2473792K,   0% used [0x00007f706c600000, 0x00007f706c600000, 0x00007f71035d0000)
  from space 309184K,  75% used [0x00007f71163c0000, 0x00007f71247d1f20, 0x00007f71291b0000)
  to   space 309184K,   0% used [0x00007f71035d0000, 0x00007f71035d0000, 0x00007f71163c0000)
 tenured generation   total 6184276K, used 5607450K [0x00007f75c1b50000, 0x00007f773b2a5000, 0x00007f806c600000)
   the space 6184276K,  90% used [0x00007f75c1b50000, 0x00007f7717f56810, 0x00007f7717f56a00, 0x00007f773b2a5000)
 Metaspace       used 30539K, capacity 30960K, committed 31232K, reserved 32768K
}
Event: 245.999 GC heap before
{Heap before GC invocations=54 (full 4):
 def new generation   total 2782976K, used 2707335K [0x00007f706c600000, 0x00007f71291b0000, 0x00007f75c1b50000)
  eden space 2473792K, 100% used [0x00007f706c600000, 0x00007f71035d0000, 0x00007f71035d0000)
  from space 309184K,  75% used [0x00007f71163c0000, 0x00007f71247d1f20, 0x00007f71291b0000)
  to   space 309184K,   0% used [0x00007f71035d0000, 0x00007f71035d0000, 0x00007f71163c0000)
 tenured generation   total 6184276K, used 5607450K [0x00007f75c1b50000, 0x00007f773b2a5000, 0x00007f806c600000)
   the space 6184276K,  90% used [0x00007f75c1b50000, 0x00007f7717f56810, 0x00007f7717f56a00, 0x00007f773b2a5000)
 Metaspace       used 30539K, capacity 30960K, committed 31232K, reserved 32768K
}
Event: 246.762 GC heap after
{Heap after GC invocations=55 (full 4):
 def new generation   total 2782976K, used 260342K [0x00007f706c600000, 0x00007f71291b0000, 0x00007f75c1b50000)
  eden space 2473792K,   0% used [0x00007f706c600000, 0x00007f706c600000, 0x00007f71035d0000)
  from space 309184K,  84% used [0x00007f71035d0000, 0x00007f711340daf0, 0x00007f71163c0000)
  to   space 309184K,   0% used [0x00007f71163c0000, 0x00007f71163c0000, 0x00007f71291b0000)
 tenured generation   total 6184276K, used 5840993K [0x00007f75c1b50000, 0x00007f773b2a5000, 0x00007f806c600000)
   the space 6184276K,  94% used [0x00007f75c1b50000, 0x00007f77263685b0, 0x00007f7726368600, 0x00007f773b2a5000)
 Metaspace       used 30539K, capacity 30960K, committed 31232K, reserved 32768K
}
Event: 247.470 GC heap before
{Heap before GC invocations=55 (full 4):
 def new generation   total 2782976K, used 2734134K [0x00007f706c600000, 0x00007f71291b0000, 0x00007f75c1b50000)
  eden space 2473792K, 100% used [0x00007f706c600000, 0x00007f71035d0000, 0x00007f71035d0000)
  from space 309184K,  84% used [0x00007f71035d0000, 0x00007f711340daf0, 0x00007f71163c0000)
  to   space 309184K,   0% used [0x00007f71163c0000, 0x00007f71163c0000, 0x00007f71291b0000)
 tenured generation   total 6184276K, used 5840993K [0x00007f75c1b50000, 0x00007f773b2a5000, 0x00007f806c600000)
   the space 6184276K,  94% used [0x00007f75c1b50000, 0x00007f77263685b0, 0x00007f7726368600, 0x00007f773b2a5000)
 Metaspace       used 30539K, capacity 30960K, committed 31232K, reserved 32768K
}
Event: 248.256 GC heap after
{Heap after GC invocations=56 (full 4):
 def new generation   total 2782976K, used 235413K [0x00007f706c600000, 0x00007f71291b0000, 0x00007f75c1b50000)
  eden space 2473792K,   0% used [0x00007f706c600000, 0x00007f706c600000, 0x00007f71035d0000)
  from space 309184K,  76% used [0x00007f71163c0000, 0x00007f71249a5520, 0x00007f71291b0000)
  to   space 309184K,   0% used [0x00007f71035d0000, 0x00007f71035d0000, 0x00007f71163c0000)
 tenured generation   total 6184276K, used 6101335K [0x00007f75c1b50000, 0x00007f773b2a5000, 0x00007f806c600000)
   the space 6184276K,  98% used [0x00007f75c1b50000, 0x00007f77361a5e40, 0x00007f77361a6000, 0x00007f773b2a5000)
 Metaspace       used 30539K, capacity 30960K, committed 31232K, reserved 32768K
}
Event: 248.970 GC heap before
{Heap before GC invocations=56 (full 4):
 def new generation   total 2782976K, used 2709205K [0x00007f706c600000, 0x00007f71291b0000, 0x00007f75c1b50000)
  eden space 2473792K, 100% used [0x00007f706c600000, 0x00007f71035d0000, 0x00007f71035d0000)
  from space 309184K,  76% used [0x00007f71163c0000, 0x00007f71249a5520, 0x00007f71291b0000)
  to   space 309184K,   0% used [0x00007f71035d0000, 0x00007f71035d0000, 0x00007f71163c0000)
 tenured generation   total 6184276K, used 6101335K [0x00007f75c1b50000, 0x00007f773b2a5000, 0x00007f806c600000)
   the space 6184276K,  98% used [0x00007f75c1b50000, 0x00007f77361a5e40, 0x00007f77361a6000, 0x00007f773b2a5000)
 Metaspace       used 30539K, capacity 30960K, committed 31232K, reserved 32768K
}
Event: 249.708 GC heap after
{Heap after GC invocations=57 (full 4):
 def new generation   total 2782976K, used 238154K [0x00007f706c600000, 0x00007f71291b0000, 0x00007f75c1b50000)
  eden space 2473792K,   0% used [0x00007f706c600000, 0x00007f706c600000, 0x00007f71035d0000)
  from space 309184K,  77% used [0x00007f71035d0000, 0x00007f7111e62a60, 0x00007f71163c0000)
  to   space 309184K,   0% used [0x00007f71163c0000, 0x00007f71163c0000, 0x00007f71291b0000)
 tenured generation   total 6336916K, used 6336748K [0x00007f75c1b50000, 0x00007f77447b5000, 0x00007f806c600000)
   the space 6336916K,  99% used [0x00007f75c1b50000, 0x00007f774478b170, 0x00007f774478b200, 0x00007f77447b5000)
 Metaspace       used 30539K, capacity 30960K, committed 31232K, reserved 32768K
}
Event: 249.708 GC heap before
{Heap before GC invocations=57 (full 4):
 def new generation   total 2782976K, used 238154K [0x00007f706c600000, 0x00007f71291b0000, 0x00007f75c1b50000)
  eden space 2473792K,   0% used [0x00007f706c600000, 0x00007f706c600000, 0x00007f71035d0000)
  from space 309184K,  77% used [0x00007f71035d0000, 0x00007f7111e62a60, 0x00007f71163c0000)
  to   space 309184K,   0% used [0x00007f71163c0000, 0x00007f71163c0000, 0x00007f71291b0000)
 tenured generation   total 6336916K, used 6336748K [0x00007f75c1b50000, 0x00007f77447b5000, 0x00007f806c600000)
   the space 6336916K,  99% used [0x00007f75c1b50000, 0x00007f774478b170, 0x00007f774478b200, 0x00007f77447b5000)
 Metaspace       used 30539K, capacity 30960K, committed 31232K, reserved 32768K
}

