# JRE version: OpenJDK Runtime Environment (13.0.7+5) (build 13.0.7+5-Ubuntu-0ubuntu120.04)
# Java VM: OpenJDK 64-Bit Server VM (13.0.7+5-Ubuntu-0ubuntu120.04, mixed mode, tiered, serial gc, linux-amd64)
Heap:
 def new generation   total 2916864K, used 85187K [0x00007fb044600000, 0x00007fb10a300000, 0x00007fb599b50000)
  eden space 2592768K,   3% used [0x00007fb044600000, 0x00007fb049930f68, 0x00007fb0e2a00000)
  from space 324096K,   0% used [0x00007fb0e2a00000, 0x00007fb0e2a00000, 0x00007fb0f6680000)
  to   space 324096K,   0% used [0x00007fb0f6680000, 0x00007fb0f6680000, 0x00007fb10a300000)
 tenured generation   total 6482068K, used 6482067K [0x00007fb599b50000, 0x00007fb725575000, 0x00007fc044600000)
   the space 6482068K,  99% used [0x00007fb599b50000, 0x00007fb725574fe8, 0x00007fb725575000, 0x00007fb725575000)
 Metaspace       used 24374K, capacity 24785K, committed 24832K, reserved 26624K
GC Heap History (20 events):
Event: 2458.162 GC heap after
{Heap after GC invocations=3102 (full 4):
 def new generation   total 2916864K, used 84314K [0x00007fb044600000, 0x00007fb10a300000, 0x00007fb599b50000)
  eden space 2592768K,   0% used [0x00007fb044600000, 0x00007fb044600000, 0x00007fb0e2a00000)
  from space 324096K,  26% used [0x00007fb0f6680000, 0x00007fb0fb8d6ad8, 0x00007fb10a300000)
  to   space 324096K,   0% used [0x00007fb0e2a00000, 0x00007fb0e2a00000, 0x00007fb0f6680000)
 tenured generation   total 6481876K, used 6442420K [0x00007fb599b50000, 0x00007fb725545000, 0x00007fc044600000)
   the space 6481876K,  99% used [0x00007fb599b50000, 0x00007fb722ebd018, 0x00007fb722ebd200, 0x00007fb725545000)
 Metaspace       used 24374K, capacity 24785K, committed 24832K, reserved 26624K
}
Event: 2459.733 GC heap before
{Heap before GC invocations=3102 (full 4):
 def new generation   total 2916864K, used 2677082K [0x00007fb044600000, 0x00007fb10a300000, 0x00007fb599b50000)
  eden space 2592768K, 100% used [0x00007fb044600000, 0x00007fb0e2a00000, 0x00007fb0e2a00000)
  from space 324096K,  26% used [0x00007fb0f6680000, 0x00007fb0fb8d6ad8, 0x00007fb10a300000)
  to   space 324096K,   0% used [0x00007fb0e2a00000, 0x00007fb0e2a00000, 0x00007fb0f6680000)
 tenured generation   total 6481876K, used 6442420K [0x00007fb599b50000, 0x00007fb725545000, 0x00007fc044600000)
   the space 6481876K,  99% used [0x00007fb599b50000, 0x00007fb722ebd018, 0x00007fb722ebd200, 0x00007fb725545000)
 Metaspace       used 24374K, capacity 24785K, committed 24832K, reserved 26624K
}
Event: 2459.825 GC heap after
{Heap after GC invocations=3103 (full 4):
 def new generation   total 2916864K, used 82407K [0x00007fb044600000, 0x00007fb10a300000, 0x00007fb599b50000)
  eden space 2592768K,   0% used [0x00007fb044600000, 0x00007fb044600000, 0x00007fb0e2a00000)
  from space 324096K,  25% used [0x00007fb0e2a00000, 0x00007fb0e7a79ca8, 0x00007fb0f6680000)
  to   space 324096K,   0% used [0x00007fb0f6680000, 0x00007fb0f6680000, 0x00007fb10a300000)
 tenured generation   total 6481876K, used 6448204K [0x00007fb599b50000, 0x00007fb725545000, 0x00007fc044600000)
   the space 6481876K,  99% used [0x00007fb599b50000, 0x00007fb723463030, 0x00007fb723463200, 0x00007fb725545000)
 Metaspace       used 24374K, capacity 24785K, committed 24832K, reserved 26624K
}
Event: 2461.456 GC heap before
{Heap before GC invocations=3103 (full 4):
 def new generation   total 2916864K, used 2675175K [0x00007fb044600000, 0x00007fb10a300000, 0x00007fb599b50000)
  eden space 2592768K, 100% used [0x00007fb044600000, 0x00007fb0e2a00000, 0x00007fb0e2a00000)
  from space 324096K,  25% used [0x00007fb0e2a00000, 0x00007fb0e7a79ca8, 0x00007fb0f6680000)
  to   space 324096K,   0% used [0x00007fb0f6680000, 0x00007fb0f6680000, 0x00007fb10a300000)
 tenured generation   total 6481876K, used 6448204K [0x00007fb599b50000, 0x00007fb725545000, 0x00007fc044600000)
   the space 6481876K,  99% used [0x00007fb599b50000, 0x00007fb723463030, 0x00007fb723463200, 0x00007fb725545000)
 Metaspace       used 24374K, capacity 24785K, committed 24832K, reserved 26624K
}
Event: 2461.549 GC heap after
{Heap after GC invocations=3104 (full 4):
 def new generation   total 2916864K, used 82492K [0x00007fb044600000, 0x00007fb10a300000, 0x00007fb599b50000)
  eden space 2592768K,   0% used [0x00007fb044600000, 0x00007fb044600000, 0x00007fb0e2a00000)
  from space 324096K,  25% used [0x00007fb0f6680000, 0x00007fb0fb70f278, 0x00007fb10a300000)
  to   space 324096K,   0% used [0x00007fb0e2a00000, 0x00007fb0e2a00000, 0x00007fb0f6680000)
 tenured generation   total 6481876K, used 6451310K [0x00007fb599b50000, 0x00007fb725545000, 0x00007fc044600000)
   the space 6481876K,  99% used [0x00007fb599b50000, 0x00007fb72376ba40, 0x00007fb72376bc00, 0x00007fb725545000)
 Metaspace       used 24374K, capacity 24785K, committed 24832K, reserved 26624K
}
Event: 2463.100 GC heap before
{Heap before GC invocations=3104 (full 4):
 def new generation   total 2916864K, used 2675260K [0x00007fb044600000, 0x00007fb10a300000, 0x00007fb599b50000)
  eden space 2592768K, 100% used [0x00007fb044600000, 0x00007fb0e2a00000, 0x00007fb0e2a00000)
  from space 324096K,  25% used [0x00007fb0f6680000, 0x00007fb0fb70f278, 0x00007fb10a300000)
  to   space 324096K,   0% used [0x00007fb0e2a00000, 0x00007fb0e2a00000, 0x00007fb0f6680000)
 tenured generation   total 6481876K, used 6451310K [0x00007fb599b50000, 0x00007fb725545000, 0x00007fc044600000)
   the space 6481876K,  99% used [0x00007fb599b50000, 0x00007fb72376ba40, 0x00007fb72376bc00, 0x00007fb725545000)
 Metaspace       used 24374K, capacity 24785K, committed 24832K, reserved 26624K
}
Event: 2463.206 GC heap after
{Heap after GC invocations=3105 (full 4):
 def new generation   total 2916864K, used 80285K [0x00007fb044600000, 0x00007fb10a300000, 0x00007fb599b50000)
  eden space 2592768K,   0% used [0x00007fb044600000, 0x00007fb044600000, 0x00007fb0e2a00000)
  from space 324096K,  24% used [0x00007fb0e2a00000, 0x00007fb0e7867578, 0x00007fb0f6680000)
  to   space 324096K,   0% used [0x00007fb0f6680000, 0x00007fb0f6680000, 0x00007fb10a300000)
 tenured generation   total 6481876K, used 6456891K [0x00007fb599b50000, 0x00007fb725545000, 0x00007fc044600000)
   the space 6481876K,  99% used [0x00007fb599b50000, 0x00007fb723cded98, 0x00007fb723cdee00, 0x00007fb725545000)
 Metaspace       used 24374K, capacity 24785K, committed 24832K, reserved 26624K
}
Event: 2464.893 GC heap before
{Heap before GC invocations=3105 (full 4):
 def new generation   total 2916864K, used 2673053K [0x00007fb044600000, 0x00007fb10a300000, 0x00007fb599b50000)
  eden space 2592768K, 100% used [0x00007fb044600000, 0x00007fb0e2a00000, 0x00007fb0e2a00000)
  from space 324096K,  24% used [0x00007fb0e2a00000, 0x00007fb0e7867578, 0x00007fb0f6680000)
  to   space 324096K,   0% used [0x00007fb0f6680000, 0x00007fb0f6680000, 0x00007fb10a300000)
 tenured generation   total 6481876K, used 6456891K [0x00007fb599b50000, 0x00007fb725545000, 0x00007fc044600000)
   the space 6481876K,  99% used [0x00007fb599b50000, 0x00007fb723cded98, 0x00007fb723cdee00, 0x00007fb725545000)
 Metaspace       used 24374K, capacity 24785K, committed 24832K, reserved 26624K
}
Event: 2464.997 GC heap after
{Heap after GC invocations=3106 (full 4):
 def new generation   total 2916864K, used 82311K [0x00007fb044600000, 0x00007fb10a300000, 0x00007fb599b50000)
  eden space 2592768K,   0% used [0x00007fb044600000, 0x00007fb044600000, 0x00007fb0e2a00000)
  from space 324096K,  25% used [0x00007fb0f6680000, 0x00007fb0fb6e1cf0, 0x00007fb10a300000)
  to   space 324096K,   0% used [0x00007fb0e2a00000, 0x00007fb0e2a00000, 0x00007fb0f6680000)
 tenured generation   total 6481876K, used 6459998K [0x00007fb599b50000, 0x00007fb725545000, 0x00007fc044600000)
   the space 6481876K,  99% used [0x00007fb599b50000, 0x00007fb723fe7a28, 0x00007fb723fe7c00, 0x00007fb725545000)
 Metaspace       used 24374K, capacity 24785K, committed 24832K, reserved 26624K
}
Event: 2466.632 GC heap before
{Heap before GC invocations=3106 (full 4):
 def new generation   total 2916864K, used 2675079K [0x00007fb044600000, 0x00007fb10a300000, 0x00007fb599b50000)
  eden space 2592768K, 100% used [0x00007fb044600000, 0x00007fb0e2a00000, 0x00007fb0e2a00000)
  from space 324096K,  25% used [0x00007fb0f6680000, 0x00007fb0fb6e1cf0, 0x00007fb10a300000)
  to   space 324096K,   0% used [0x00007fb0e2a00000, 0x00007fb0e2a00000, 0x00007fb0f6680000)
 tenured generation   total 6481876K, used 6459998K [0x00007fb599b50000, 0x00007fb725545000, 0x00007fc044600000)
   the space 6481876K,  99% used [0x00007fb599b50000, 0x00007fb723fe7a28, 0x00007fb723fe7c00, 0x00007fb725545000)
 Metaspace       used 24374K, capacity 24785K, committed 24832K, reserved 26624K
}
Event: 2466.727 GC heap after
{Heap after GC invocations=3107 (full 4):
 def new generation   total 2916864K, used 84281K [0x00007fb044600000, 0x00007fb10a300000, 0x00007fb599b50000)
  eden space 2592768K,   0% used [0x00007fb044600000, 0x00007fb044600000, 0x00007fb0e2a00000)
  from space 324096K,  26% used [0x00007fb0e2a00000, 0x00007fb0e7c4e550, 0x00007fb0f6680000)
  to   space 324096K,   0% used [0x00007fb0f6680000, 0x00007fb0f6680000, 0x00007fb10a300000)
 tenured generation   total 6481876K, used 6463156K [0x00007fb599b50000, 0x00007fb725545000, 0x00007fc044600000)
   the space 6481876K,  99% used [0x00007fb599b50000, 0x00007fb7242fd3f8, 0x00007fb7242fd400, 0x00007fb725545000)
 Metaspace       used 24374K, capacity 24785K, committed 24832K, reserved 26624K
}
Event: 2468.261 GC heap before
{Heap before GC invocations=3107 (full 4):
 def new generation   total 2916864K, used 2677049K [0x00007fb044600000, 0x00007fb10a300000, 0x00007fb599b50000)
  eden space 2592768K, 100% used [0x00007fb044600000, 0x00007fb0e2a00000, 0x00007fb0e2a00000)
  from space 324096K,  26% used [0x00007fb0e2a00000, 0x00007fb0e7c4e550, 0x00007fb0f6680000)
  to   space 324096K,   0% used [0x00007fb0f6680000, 0x00007fb0f6680000, 0x00007fb10a300000)
 tenured generation   total 6481876K, used 6463156K [0x00007fb599b50000, 0x00007fb725545000, 0x00007fc044600000)
   the space 6481876K,  99% used [0x00007fb599b50000, 0x00007fb7242fd3f8, 0x00007fb7242fd400, 0x00007fb725545000)
 Metaspace       used 24374K, capacity 24785K, committed 24832K, reserved 26624K
}
Event: 2468.350 GC heap after
{Heap after GC invocations=3108 (full 4):
 def new generation   total 2916864K, used 86151K [0x00007fb044600000, 0x00007fb10a300000, 0x00007fb599b50000)
  eden space 2592768K,   0% used [0x00007fb044600000, 0x00007fb044600000, 0x00007fb0e2a00000)
  from space 324096K,  26% used [0x00007fb0f6680000, 0x00007fb0fbaa1d28, 0x00007fb10a300000)
  to   space 324096K,   0% used [0x00007fb0e2a00000, 0x00007fb0e2a00000, 0x00007fb0f6680000)
 tenured generation   total 6481876K, used 6466416K [0x00007fb599b50000, 0x00007fb725545000, 0x00007fc044600000)
   the space 6481876K,  99% used [0x00007fb599b50000, 0x00007fb72462c158, 0x00007fb72462c200, 0x00007fb725545000)
 Metaspace       used 24374K, capacity 24785K, committed 24832K, reserved 26624K
}
Event: 2470.034 GC heap before
{Heap before GC invocations=3108 (full 4):
 def new generation   total 2916864K, used 2678919K [0x00007fb044600000, 0x00007fb10a300000, 0x00007fb599b50000)
  eden space 2592768K, 100% used [0x00007fb044600000, 0x00007fb0e2a00000, 0x00007fb0e2a00000)
  from space 324096K,  26% used [0x00007fb0f6680000, 0x00007fb0fbaa1d28, 0x00007fb10a300000)
  to   space 324096K,   0% used [0x00007fb0e2a00000, 0x00007fb0e2a00000, 0x00007fb0f6680000)
 tenured generation   total 6481876K, used 6466416K [0x00007fb599b50000, 0x00007fb725545000, 0x00007fc044600000)
   the space 6481876K,  99% used [0x00007fb599b50000, 0x00007fb72462c158, 0x00007fb72462c200, 0x00007fb725545000)
 Metaspace       used 24374K, capacity 24785K, committed 24832K, reserved 26624K
}
Event: 2470.139 GC heap after
{Heap after GC invocations=3109 (full 4):
 def new generation   total 2916864K, used 82495K [0x00007fb044600000, 0x00007fb10a300000, 0x00007fb599b50000)
  eden space 2592768K,   0% used [0x00007fb044600000, 0x00007fb044600000, 0x00007fb0e2a00000)
  from space 324096K,  25% used [0x00007fb0e2a00000, 0x00007fb0e7a8feb0, 0x00007fb0f6680000)
  to   space 324096K,   0% used [0x00007fb0f6680000, 0x00007fb0f6680000, 0x00007fb10a300000)
 tenured generation   total 6481876K, used 6473458K [0x00007fb599b50000, 0x00007fb725545000, 0x00007fc044600000)
   the space 6481876K,  99% used [0x00007fb599b50000, 0x00007fb724d0c9e8, 0x00007fb724d0ca00, 0x00007fb725545000)
 Metaspace       used 24374K, capacity 24785K, committed 24832K, reserved 26624K
}
Event: 2471.878 GC heap before
{Heap before GC invocations=3109 (full 4):
 def new generation   total 2916864K, used 2675263K [0x00007fb044600000, 0x00007fb10a300000, 0x00007fb599b50000)
  eden space 2592768K, 100% used [0x00007fb044600000, 0x00007fb0e2a00000, 0x00007fb0e2a00000)
  from space 324096K,  25% used [0x00007fb0e2a00000, 0x00007fb0e7a8feb0, 0x00007fb0f6680000)
  to   space 324096K,   0% used [0x00007fb0f6680000, 0x00007fb0f6680000, 0x00007fb10a300000)
 tenured generation   total 6481876K, used 6473458K [0x00007fb599b50000, 0x00007fb725545000, 0x00007fc044600000)
   the space 6481876K,  99% used [0x00007fb599b50000, 0x00007fb724d0c9e8, 0x00007fb724d0ca00, 0x00007fb725545000)
 Metaspace       used 24374K, capacity 24785K, committed 24832K, reserved 26624K
}
Event: 2471.978 GC heap after
{Heap after GC invocations=3110 (full 4):
 def new generation   total 2916864K, used 82205K [0x00007fb044600000, 0x00007fb10a300000, 0x00007fb599b50000)
  eden space 2592768K,   0% used [0x00007fb044600000, 0x00007fb044600000, 0x00007fb0e2a00000)
  from space 324096K,  25% used [0x00007fb0f6680000, 0x00007fb0fb6c7450, 0x00007fb10a300000)
  to   space 324096K,   0% used [0x00007fb0e2a00000, 0x00007fb0e2a00000, 0x00007fb0f6680000)
 tenured generation   total 6481876K, used 6478738K [0x00007fb599b50000, 0x00007fb725545000, 0x00007fc044600000)
   the space 6481876K,  99% used [0x00007fb599b50000, 0x00007fb725234940, 0x00007fb725234a00, 0x00007fb725545000)
 Metaspace       used 24374K, capacity 24785K, committed 24832K, reserved 26624K
}
Event: 2473.533 GC heap before
{Heap before GC invocations=3110 (full 4):
 def new generation   total 2916864K, used 2674973K [0x00007fb044600000, 0x00007fb10a300000, 0x00007fb599b50000)
  eden space 2592768K, 100% used [0x00007fb044600000, 0x00007fb0e2a00000, 0x00007fb0e2a00000)
  from space 324096K,  25% used [0x00007fb0f6680000, 0x00007fb0fb6c7450, 0x00007fb10a300000)
  to   space 324096K,   0% used [0x00007fb0e2a00000, 0x00007fb0e2a00000, 0x00007fb0f6680000)
 tenured generation   total 6481876K, used 6478738K [0x00007fb599b50000, 0x00007fb725545000, 0x00007fc044600000)
   the space 6481876K,  99% used [0x00007fb599b50000, 0x00007fb725234940, 0x00007fb725234a00, 0x00007fb725545000)
 Metaspace       used 24374K, capacity 24785K, committed 24832K, reserved 26624K
}
Event: 2473.621 GC heap after
{Heap after GC invocations=3111 (full 4):
 def new generation   total 2916864K, used 85360K [0x00007fb044600000, 0x00007fb10a300000, 0x00007fb599b50000)
  eden space 2592768K,   0% used [0x00007fb044600000, 0x00007fb044600000, 0x00007fb0e2a00000)
  from space 324096K,  26% used [0x00007fb0e2a00000, 0x00007fb0e7d5c170, 0x00007fb0f6680000)
  to   space 324096K,   0% used [0x00007fb0f6680000, 0x00007fb0f6680000, 0x00007fb10a300000)
 tenured generation   total 6482068K, used 6481895K [0x00007fb599b50000, 0x00007fb725575000, 0x00007fc044600000)
   the space 6482068K,  99% used [0x00007fb599b50000, 0x00007fb725549de0, 0x00007fb725549e00, 0x00007fb725575000)
 Metaspace       used 24374K, capacity 24785K, committed 24832K, reserved 26624K
}
Event: 2473.621 GC heap before
{Heap before GC invocations=3111 (full 4):
 def new generation   total 2916864K, used 85360K [0x00007fb044600000, 0x00007fb10a300000, 0x00007fb599b50000)
  eden space 2592768K,   0% used [0x00007fb044600000, 0x00007fb044600000, 0x00007fb0e2a00000)
  from space 324096K,  26% used [0x00007fb0e2a00000, 0x00007fb0e7d5c170, 0x00007fb0f6680000)
  to   space 324096K,   0% used [0x00007fb0f6680000, 0x00007fb0f6680000, 0x00007fb10a300000)
 tenured generation   total 6482068K, used 6481895K [0x00007fb599b50000, 0x00007fb725575000, 0x00007fc044600000)
   the space 6482068K,  99% used [0x00007fb599b50000, 0x00007fb725549de0, 0x00007fb725549e00, 0x00007fb725575000)
 Metaspace       used 24374K, capacity 24785K, committed 24832K, reserved 26624K
}

