# JRE version: OpenJDK Runtime Environment (13.0.7+5) (build 13.0.7+5-Ubuntu-0ubuntu120.04)
# Java VM: OpenJDK 64-Bit Server VM (13.0.7+5-Ubuntu-0ubuntu120.04, mixed mode, tiered, serial gc, linux-amd64)
Heap:
 def new generation   total 1748608K, used 25021K [0x00007fb238600000, 0x00007fb2aef50000, 0x00007fb78db50000)
  eden space 1554368K,   1% used [0x00007fb238600000, 0x00007fb239e6f4a0, 0x00007fb2973f0000)
  from space 194240K,   0% used [0x00007fb2a31a0000, 0x00007fb2a31a0000, 0x00007fb2aef50000)
  to   space 194240K,   0% used [0x00007fb2973f0000, 0x00007fb2973f0000, 0x00007fb2a31a0000)
 tenured generation   total 3886040K, used 3886039K [0x00007fb78db50000, 0x00007fb87ae46000, 0x00007fc238600000)
   the space 3886040K,  99% used [0x00007fb78db50000, 0x00007fb87ae45fc8, 0x00007fb87ae46000, 0x00007fb87ae46000)
 Metaspace       used 24324K, capacity 24709K, committed 24832K, reserved 26624K
GC Heap History (20 events):
Event: 1163.112 GC heap after
{Heap after GC invocations=3244 (full 3):
 def new generation   total 1748608K, used 34505K [0x00007fb238600000, 0x00007fb2aef50000, 0x00007fb78db50000)
  eden space 1554368K,   0% used [0x00007fb238600000, 0x00007fb238600000, 0x00007fb2973f0000)
  from space 194240K,  17% used [0x00007fb2973f0000, 0x00007fb2995a2468, 0x00007fb2a31a0000)
  to   space 194240K,   0% used [0x00007fb2a31a0000, 0x00007fb2a31a0000, 0x00007fb2aef50000)
 tenured generation   total 3885656K, used 3865262K [0x00007fb78db50000, 0x00007fb87ade6000, 0x00007fc238600000)
   the space 3885656K,  99% used [0x00007fb78db50000, 0x00007fb8799fb890, 0x00007fb8799fba00, 0x00007fb87ade6000)
 Metaspace       used 24324K, capacity 24709K, committed 24832K, reserved 26624K
}
Event: 1163.741 GC heap before
{Heap before GC invocations=3244 (full 3):
 def new generation   total 1748608K, used 1588873K [0x00007fb238600000, 0x00007fb2aef50000, 0x00007fb78db50000)
  eden space 1554368K, 100% used [0x00007fb238600000, 0x00007fb2973f0000, 0x00007fb2973f0000)
  from space 194240K,  17% used [0x00007fb2973f0000, 0x00007fb2995a2468, 0x00007fb2a31a0000)
  to   space 194240K,   0% used [0x00007fb2a31a0000, 0x00007fb2a31a0000, 0x00007fb2aef50000)
 tenured generation   total 3885656K, used 3865262K [0x00007fb78db50000, 0x00007fb87ade6000, 0x00007fc238600000)
   the space 3885656K,  99% used [0x00007fb78db50000, 0x00007fb8799fb890, 0x00007fb8799fba00, 0x00007fb87ade6000)
 Metaspace       used 24324K, capacity 24709K, committed 24832K, reserved 26624K
}
Event: 1163.760 GC heap after
{Heap after GC invocations=3245 (full 3):
 def new generation   total 1748608K, used 34154K [0x00007fb238600000, 0x00007fb2aef50000, 0x00007fb78db50000)
  eden space 1554368K,   0% used [0x00007fb238600000, 0x00007fb238600000, 0x00007fb2973f0000)
  from space 194240K,  17% used [0x00007fb2a31a0000, 0x00007fb2a52fa860, 0x00007fb2aef50000)
  to   space 194240K,   0% used [0x00007fb2973f0000, 0x00007fb2973f0000, 0x00007fb2a31a0000)
 tenured generation   total 3885656K, used 3867540K [0x00007fb78db50000, 0x00007fb87ade6000, 0x00007fc238600000)
   the space 3885656K,  99% used [0x00007fb78db50000, 0x00007fb879c350b0, 0x00007fb879c35200, 0x00007fb87ade6000)
 Metaspace       used 24324K, capacity 24709K, committed 24832K, reserved 26624K
}
Event: 1164.386 GC heap before
{Heap before GC invocations=3245 (full 3):
 def new generation   total 1748608K, used 1588522K [0x00007fb238600000, 0x00007fb2aef50000, 0x00007fb78db50000)
  eden space 1554368K, 100% used [0x00007fb238600000, 0x00007fb2973f0000, 0x00007fb2973f0000)
  from space 194240K,  17% used [0x00007fb2a31a0000, 0x00007fb2a52fa860, 0x00007fb2aef50000)
  to   space 194240K,   0% used [0x00007fb2973f0000, 0x00007fb2973f0000, 0x00007fb2a31a0000)
 tenured generation   total 3885656K, used 3867540K [0x00007fb78db50000, 0x00007fb87ade6000, 0x00007fc238600000)
   the space 3885656K,  99% used [0x00007fb78db50000, 0x00007fb879c350b0, 0x00007fb879c35200, 0x00007fb87ade6000)
 Metaspace       used 24324K, capacity 24709K, committed 24832K, reserved 26624K
}
Event: 1164.405 GC heap after
{Heap after GC invocations=3246 (full 3):
 def new generation   total 1748608K, used 33939K [0x00007fb238600000, 0x00007fb2aef50000, 0x00007fb78db50000)
  eden space 1554368K,   0% used [0x00007fb238600000, 0x00007fb238600000, 0x00007fb2973f0000)
  from space 194240K,  17% used [0x00007fb2973f0000, 0x00007fb299514f40, 0x00007fb2a31a0000)
  to   space 194240K,   0% used [0x00007fb2a31a0000, 0x00007fb2a31a0000, 0x00007fb2aef50000)
 tenured generation   total 3885656K, used 3870053K [0x00007fb78db50000, 0x00007fb87ade6000, 0x00007fc238600000)
   the space 3885656K,  99% used [0x00007fb78db50000, 0x00007fb879ea96a8, 0x00007fb879ea9800, 0x00007fb87ade6000)
 Metaspace       used 24324K, capacity 24709K, committed 24832K, reserved 26624K
}
Event: 1165.043 GC heap before
{Heap before GC invocations=3246 (full 3):
 def new generation   total 1748608K, used 1588307K [0x00007fb238600000, 0x00007fb2aef50000, 0x00007fb78db50000)
  eden space 1554368K, 100% used [0x00007fb238600000, 0x00007fb2973f0000, 0x00007fb2973f0000)
  from space 194240K,  17% used [0x00007fb2973f0000, 0x00007fb299514f40, 0x00007fb2a31a0000)
  to   space 194240K,   0% used [0x00007fb2a31a0000, 0x00007fb2a31a0000, 0x00007fb2aef50000)
 tenured generation   total 3885656K, used 3870053K [0x00007fb78db50000, 0x00007fb87ade6000, 0x00007fc238600000)
   the space 3885656K,  99% used [0x00007fb78db50000, 0x00007fb879ea96a8, 0x00007fb879ea9800, 0x00007fb87ade6000)
 Metaspace       used 24324K, capacity 24709K, committed 24832K, reserved 26624K
}
Event: 1165.063 GC heap after
{Heap after GC invocations=3247 (full 3):
 def new generation   total 1748608K, used 33547K [0x00007fb238600000, 0x00007fb2aef50000, 0x00007fb78db50000)
  eden space 1554368K,   0% used [0x00007fb238600000, 0x00007fb238600000, 0x00007fb2973f0000)
  from space 194240K,  17% used [0x00007fb2a31a0000, 0x00007fb2a5262c78, 0x00007fb2aef50000)
  to   space 194240K,   0% used [0x00007fb2973f0000, 0x00007fb2973f0000, 0x00007fb2a31a0000)
 tenured generation   total 3885656K, used 3872522K [0x00007fb78db50000, 0x00007fb87ade6000, 0x00007fc238600000)
   the space 3885656K,  99% used [0x00007fb78db50000, 0x00007fb87a1128e0, 0x00007fb87a112a00, 0x00007fb87ade6000)
 Metaspace       used 24324K, capacity 24709K, committed 24832K, reserved 26624K
}
Event: 1165.694 GC heap before
{Heap before GC invocations=3247 (full 3):
 def new generation   total 1748608K, used 1587902K [0x00007fb238600000, 0x00007fb2aef50000, 0x00007fb78db50000)
  eden space 1554368K,  99% used [0x00007fb238600000, 0x00007fb2973ecf00, 0x00007fb2973f0000)
  from space 194240K,  17% used [0x00007fb2a31a0000, 0x00007fb2a5262c78, 0x00007fb2aef50000)
  to   space 194240K,   0% used [0x00007fb2973f0000, 0x00007fb2973f0000, 0x00007fb2a31a0000)
 tenured generation   total 3885656K, used 3872522K [0x00007fb78db50000, 0x00007fb87ade6000, 0x00007fc238600000)
   the space 3885656K,  99% used [0x00007fb78db50000, 0x00007fb87a1128e0, 0x00007fb87a112a00, 0x00007fb87ade6000)
 Metaspace       used 24324K, capacity 24709K, committed 24832K, reserved 26624K
}
Event: 1165.719 GC heap after
{Heap after GC invocations=3248 (full 3):
 def new generation   total 1748608K, used 33979K [0x00007fb238600000, 0x00007fb2aef50000, 0x00007fb78db50000)
  eden space 1554368K,   0% used [0x00007fb238600000, 0x00007fb238600000, 0x00007fb2973f0000)
  from space 194240K,  17% used [0x00007fb2973f0000, 0x00007fb29951ef40, 0x00007fb2a31a0000)
  to   space 194240K,   0% used [0x00007fb2a31a0000, 0x00007fb2a31a0000, 0x00007fb2aef50000)
 tenured generation   total 3885656K, used 3874611K [0x00007fb78db50000, 0x00007fb87ade6000, 0x00007fc238600000)
   the space 3885656K,  99% used [0x00007fb78db50000, 0x00007fb87a31cc70, 0x00007fb87a31ce00, 0x00007fb87ade6000)
 Metaspace       used 24324K, capacity 24709K, committed 24832K, reserved 26624K
}
Event: 1166.346 GC heap before
{Heap before GC invocations=3248 (full 3):
 def new generation   total 1748608K, used 1588347K [0x00007fb238600000, 0x00007fb2aef50000, 0x00007fb78db50000)
  eden space 1554368K, 100% used [0x00007fb238600000, 0x00007fb2973f0000, 0x00007fb2973f0000)
  from space 194240K,  17% used [0x00007fb2973f0000, 0x00007fb29951ef40, 0x00007fb2a31a0000)
  to   space 194240K,   0% used [0x00007fb2a31a0000, 0x00007fb2a31a0000, 0x00007fb2aef50000)
 tenured generation   total 3885656K, used 3874611K [0x00007fb78db50000, 0x00007fb87ade6000, 0x00007fc238600000)
   the space 3885656K,  99% used [0x00007fb78db50000, 0x00007fb87a31cc70, 0x00007fb87a31ce00, 0x00007fb87ade6000)
 Metaspace       used 24324K, capacity 24709K, committed 24832K, reserved 26624K
}
Event: 1166.366 GC heap after
{Heap after GC invocations=3249 (full 3):
 def new generation   total 1748608K, used 33933K [0x00007fb238600000, 0x00007fb2aef50000, 0x00007fb78db50000)
  eden space 1554368K,   0% used [0x00007fb238600000, 0x00007fb238600000, 0x00007fb2973f0000)
  from space 194240K,  17% used [0x00007fb2a31a0000, 0x00007fb2a52c37d8, 0x00007fb2aef50000)
  to   space 194240K,   0% used [0x00007fb2973f0000, 0x00007fb2973f0000, 0x00007fb2a31a0000)
 tenured generation   total 3885656K, used 3877077K [0x00007fb78db50000, 0x00007fb87ade6000, 0x00007fc238600000)
   the space 3885656K,  99% used [0x00007fb78db50000, 0x00007fb87a585660, 0x00007fb87a585800, 0x00007fb87ade6000)
 Metaspace       used 24324K, capacity 24709K, committed 24832K, reserved 26624K
}
Event: 1166.994 GC heap before
{Heap before GC invocations=3249 (full 3):
 def new generation   total 1748608K, used 1588301K [0x00007fb238600000, 0x00007fb2aef50000, 0x00007fb78db50000)
  eden space 1554368K, 100% used [0x00007fb238600000, 0x00007fb2973f0000, 0x00007fb2973f0000)
  from space 194240K,  17% used [0x00007fb2a31a0000, 0x00007fb2a52c37d8, 0x00007fb2aef50000)
  to   space 194240K,   0% used [0x00007fb2973f0000, 0x00007fb2973f0000, 0x00007fb2a31a0000)
 tenured generation   total 3885656K, used 3877077K [0x00007fb78db50000, 0x00007fb87ade6000, 0x00007fc238600000)
   the space 3885656K,  99% used [0x00007fb78db50000, 0x00007fb87a585660, 0x00007fb87a585800, 0x00007fb87ade6000)
 Metaspace       used 24324K, capacity 24709K, committed 24832K, reserved 26624K
}
Event: 1167.013 GC heap after
{Heap after GC invocations=3250 (full 3):
 def new generation   total 1748608K, used 33607K [0x00007fb238600000, 0x00007fb2aef50000, 0x00007fb78db50000)
  eden space 1554368K,   0% used [0x00007fb238600000, 0x00007fb238600000, 0x00007fb2973f0000)
  from space 194240K,  17% used [0x00007fb2973f0000, 0x00007fb2994c1fa0, 0x00007fb2a31a0000)
  to   space 194240K,   0% used [0x00007fb2a31a0000, 0x00007fb2a31a0000, 0x00007fb2aef50000)
 tenured generation   total 3885656K, used 3879592K [0x00007fb78db50000, 0x00007fb87ade6000, 0x00007fc238600000)
   the space 3885656K,  99% used [0x00007fb78db50000, 0x00007fb87a7fa2a8, 0x00007fb87a7fa400, 0x00007fb87ade6000)
 Metaspace       used 24324K, capacity 24709K, committed 24832K, reserved 26624K
}
Event: 1167.641 GC heap before
{Heap before GC invocations=3250 (full 3):
 def new generation   total 1748608K, used 1587975K [0x00007fb238600000, 0x00007fb2aef50000, 0x00007fb78db50000)
  eden space 1554368K, 100% used [0x00007fb238600000, 0x00007fb2973f0000, 0x00007fb2973f0000)
  from space 194240K,  17% used [0x00007fb2973f0000, 0x00007fb2994c1fa0, 0x00007fb2a31a0000)
  to   space 194240K,   0% used [0x00007fb2a31a0000, 0x00007fb2a31a0000, 0x00007fb2aef50000)
 tenured generation   total 3885656K, used 3879592K [0x00007fb78db50000, 0x00007fb87ade6000, 0x00007fc238600000)
   the space 3885656K,  99% used [0x00007fb78db50000, 0x00007fb87a7fa2a8, 0x00007fb87a7fa400, 0x00007fb87ade6000)
 Metaspace       used 24324K, capacity 24709K, committed 24832K, reserved 26624K
}
Event: 1167.660 GC heap after
{Heap after GC invocations=3251 (full 3):
 def new generation   total 1748608K, used 33467K [0x00007fb238600000, 0x00007fb2aef50000, 0x00007fb78db50000)
  eden space 1554368K,   0% used [0x00007fb238600000, 0x00007fb238600000, 0x00007fb2973f0000)
  from space 194240K,  17% used [0x00007fb2a31a0000, 0x00007fb2a524ee10, 0x00007fb2aef50000)
  to   space 194240K,   0% used [0x00007fb2973f0000, 0x00007fb2973f0000, 0x00007fb2a31a0000)
 tenured generation   total 3885656K, used 3881399K [0x00007fb78db50000, 0x00007fb87ade6000, 0x00007fc238600000)
   the space 3885656K,  99% used [0x00007fb78db50000, 0x00007fb87a9bdc58, 0x00007fb87a9bde00, 0x00007fb87ade6000)
 Metaspace       used 24324K, capacity 24709K, committed 24832K, reserved 26624K
}
Event: 1168.318 GC heap before
{Heap before GC invocations=3251 (full 3):
 def new generation   total 1748608K, used 1587835K [0x00007fb238600000, 0x00007fb2aef50000, 0x00007fb78db50000)
  eden space 1554368K,  99% used [0x00007fb238600000, 0x00007fb2973effe8, 0x00007fb2973f0000)
  from space 194240K,  17% used [0x00007fb2a31a0000, 0x00007fb2a524ee10, 0x00007fb2aef50000)
  to   space 194240K,   0% used [0x00007fb2973f0000, 0x00007fb2973f0000, 0x00007fb2a31a0000)
 tenured generation   total 3885656K, used 3881399K [0x00007fb78db50000, 0x00007fb87ade6000, 0x00007fc238600000)
   the space 3885656K,  99% used [0x00007fb78db50000, 0x00007fb87a9bdc58, 0x00007fb87a9bde00, 0x00007fb87ade6000)
 Metaspace       used 24324K, capacity 24709K, committed 24832K, reserved 26624K
}
Event: 1168.337 GC heap after
{Heap after GC invocations=3252 (full 3):
 def new generation   total 1748608K, used 33160K [0x00007fb238600000, 0x00007fb2aef50000, 0x00007fb78db50000)
  eden space 1554368K,   0% used [0x00007fb238600000, 0x00007fb238600000, 0x00007fb2973f0000)
  from space 194240K,  17% used [0x00007fb2973f0000, 0x00007fb299452198, 0x00007fb2a31a0000)
  to   space 194240K,   0% used [0x00007fb2a31a0000, 0x00007fb2a31a0000, 0x00007fb2aef50000)
 tenured generation   total 3885656K, used 3883488K [0x00007fb78db50000, 0x00007fb87ade6000, 0x00007fc238600000)
   the space 3885656K,  99% used [0x00007fb78db50000, 0x00007fb87abc80f8, 0x00007fb87abc8200, 0x00007fb87ade6000)
 Metaspace       used 24324K, capacity 24709K, committed 24832K, reserved 26624K
}
Event: 1168.969 GC heap before
{Heap before GC invocations=3252 (full 3):
 def new generation   total 1748608K, used 1587528K [0x00007fb238600000, 0x00007fb2aef50000, 0x00007fb78db50000)
  eden space 1554368K, 100% used [0x00007fb238600000, 0x00007fb2973f0000, 0x00007fb2973f0000)
  from space 194240K,  17% used [0x00007fb2973f0000, 0x00007fb299452198, 0x00007fb2a31a0000)
  to   space 194240K,   0% used [0x00007fb2a31a0000, 0x00007fb2a31a0000, 0x00007fb2aef50000)
 tenured generation   total 3885656K, used 3883488K [0x00007fb78db50000, 0x00007fb87ade6000, 0x00007fc238600000)
   the space 3885656K,  99% used [0x00007fb78db50000, 0x00007fb87abc80f8, 0x00007fb87abc8200, 0x00007fb87ade6000)
 Metaspace       used 24324K, capacity 24709K, committed 24832K, reserved 26624K
}
Event: 1168.990 GC heap after
{Heap after GC invocations=3253 (full 3):
 def new generation   total 1748608K, used 32635K [0x00007fb238600000, 0x00007fb2aef50000, 0x00007fb78db50000)
  eden space 1554368K,   0% used [0x00007fb238600000, 0x00007fb238600000, 0x00007fb2973f0000)
  from space 194240K,  16% used [0x00007fb2a31a0000, 0x00007fb2a517ec90, 0x00007fb2aef50000)
  to   space 194240K,   0% used [0x00007fb2973f0000, 0x00007fb2973f0000, 0x00007fb2a31a0000)
 tenured generation   total 3886040K, used 3886002K [0x00007fb78db50000, 0x00007fb87ae46000, 0x00007fc238600000)
   the space 3886040K,  99% used [0x00007fb78db50000, 0x00007fb87ae3c810, 0x00007fb87ae3ca00, 0x00007fb87ae46000)
 Metaspace       used 24324K, capacity 24709K, committed 24832K, reserved 26624K
}
Event: 1168.990 GC heap before
{Heap before GC invocations=3253 (full 3):
 def new generation   total 1748608K, used 32635K [0x00007fb238600000, 0x00007fb2aef50000, 0x00007fb78db50000)
  eden space 1554368K,   0% used [0x00007fb238600000, 0x00007fb238600000, 0x00007fb2973f0000)
  from space 194240K,  16% used [0x00007fb2a31a0000, 0x00007fb2a517ec90, 0x00007fb2aef50000)
  to   space 194240K,   0% used [0x00007fb2973f0000, 0x00007fb2973f0000, 0x00007fb2a31a0000)
 tenured generation   total 3886040K, used 3886002K [0x00007fb78db50000, 0x00007fb87ae46000, 0x00007fc238600000)
   the space 3886040K,  99% used [0x00007fb78db50000, 0x00007fb87ae3c810, 0x00007fb87ae3ca00, 0x00007fb87ae46000)
 Metaspace       used 24324K, capacity 24709K, committed 24832K, reserved 26624K
}

