# JRE version: OpenJDK Runtime Environment (13.0.7+5) (build 13.0.7+5-Ubuntu-0ubuntu120.04)
# Java VM: OpenJDK 64-Bit Server VM (13.0.7+5-Ubuntu-0ubuntu120.04, mixed mode, tiered, serial gc, linux-amd64)
Heap:
 def new generation   total 2917248K, used 84872K [0x00007f9c24600000, 0x00007f9cea360000, 0x00007fa179b50000)
  eden space 2593152K,   3% used [0x00007f9c24600000, 0x00007f9c298e2040, 0x00007f9cc2a60000)
  from space 324096K,   0% used [0x00007f9cc2a60000, 0x00007f9cc2a60000, 0x00007f9cd66e0000)
  to   space 324096K,   0% used [0x00007f9cd66e0000, 0x00007f9cd66e0000, 0x00007f9cea360000)
 tenured generation   total 6491276K, used 6491275K [0x00007fa179b50000, 0x00007fa305e73000, 0x00007fac24600000)
   the space 6491276K,  99% used [0x00007fa179b50000, 0x00007fa305e72fb8, 0x00007fa305e73000, 0x00007fa305e73000)
 Metaspace       used 24194K, capacity 24583K, committed 24832K, reserved 26624K
GC Heap History (20 events):
Event: 3238.667 GC heap after
{Heap after GC invocations=2718 (full 4):
 def new generation   total 2917248K, used 85130K [0x00007f9c24600000, 0x00007f9cea360000, 0x00007fa179b50000)
  eden space 2593152K,   0% used [0x00007f9c24600000, 0x00007f9c24600000, 0x00007f9cc2a60000)
  from space 324096K,  26% used [0x00007f9cd66e0000, 0x00007f9cdba02ae0, 0x00007f9cea360000)
  to   space 324096K,   0% used [0x00007f9cc2a60000, 0x00007f9cc2a60000, 0x00007f9cd66e0000)
 tenured generation   total 6482636K, used 6440683K [0x00007fa179b50000, 0x00007fa305603000, 0x00007fac24600000)
   the space 6482636K,  99% used [0x00007fa179b50000, 0x00007fa302d0af98, 0x00007fa302d0b000, 0x00007fa305603000)
 Metaspace       used 24194K, capacity 24583K, committed 24832K, reserved 26624K
}
Event: 3241.100 GC heap before
{Heap before GC invocations=2718 (full 4):
 def new generation   total 2917248K, used 2678282K [0x00007f9c24600000, 0x00007f9cea360000, 0x00007fa179b50000)
  eden space 2593152K, 100% used [0x00007f9c24600000, 0x00007f9cc2a60000, 0x00007f9cc2a60000)
  from space 324096K,  26% used [0x00007f9cd66e0000, 0x00007f9cdba02ae0, 0x00007f9cea360000)
  to   space 324096K,   0% used [0x00007f9cc2a60000, 0x00007f9cc2a60000, 0x00007f9cd66e0000)
 tenured generation   total 6482636K, used 6440683K [0x00007fa179b50000, 0x00007fa305603000, 0x00007fac24600000)
   the space 6482636K,  99% used [0x00007fa179b50000, 0x00007fa302d0af98, 0x00007fa302d0b000, 0x00007fa305603000)
 Metaspace       used 24194K, capacity 24583K, committed 24832K, reserved 26624K
}
Event: 3241.260 GC heap after
{Heap after GC invocations=2719 (full 4):
 def new generation   total 2917248K, used 85972K [0x00007f9c24600000, 0x00007f9cea360000, 0x00007fa179b50000)
  eden space 2593152K,   0% used [0x00007f9c24600000, 0x00007f9c24600000, 0x00007f9cc2a60000)
  from space 324096K,  26% used [0x00007f9cc2a60000, 0x00007f9cc7e553f8, 0x00007f9cd66e0000)
  to   space 324096K,   0% used [0x00007f9cd66e0000, 0x00007f9cd66e0000, 0x00007f9cea360000)
 tenured generation   total 6482636K, used 6444665K [0x00007fa179b50000, 0x00007fa305603000, 0x00007fac24600000)
   the space 6482636K,  99% used [0x00007fa179b50000, 0x00007fa3030ee4e8, 0x00007fa3030ee600, 0x00007fa305603000)
 Metaspace       used 24194K, capacity 24583K, committed 24832K, reserved 26624K
}
Event: 3243.743 GC heap before
{Heap before GC invocations=2719 (full 4):
 def new generation   total 2917248K, used 2679124K [0x00007f9c24600000, 0x00007f9cea360000, 0x00007fa179b50000)
  eden space 2593152K, 100% used [0x00007f9c24600000, 0x00007f9cc2a60000, 0x00007f9cc2a60000)
  from space 324096K,  26% used [0x00007f9cc2a60000, 0x00007f9cc7e553f8, 0x00007f9cd66e0000)
  to   space 324096K,   0% used [0x00007f9cd66e0000, 0x00007f9cd66e0000, 0x00007f9cea360000)
 tenured generation   total 6482636K, used 6444665K [0x00007fa179b50000, 0x00007fa305603000, 0x00007fac24600000)
   the space 6482636K,  99% used [0x00007fa179b50000, 0x00007fa3030ee4e8, 0x00007fa3030ee600, 0x00007fa305603000)
 Metaspace       used 24194K, capacity 24583K, committed 24832K, reserved 26624K
}
Event: 3243.894 GC heap after
{Heap after GC invocations=2720 (full 4):
 def new generation   total 2917248K, used 86015K [0x00007f9c24600000, 0x00007f9cea360000, 0x00007fa179b50000)
  eden space 2593152K,   0% used [0x00007f9c24600000, 0x00007f9c24600000, 0x00007f9cc2a60000)
  from space 324096K,  26% used [0x00007f9cd66e0000, 0x00007f9cdbadfc98, 0x00007f9cea360000)
  to   space 324096K,   0% used [0x00007f9cc2a60000, 0x00007f9cc2a60000, 0x00007f9cd66e0000)
 tenured generation   total 6482636K, used 6449451K [0x00007fa179b50000, 0x00007fa305603000, 0x00007fac24600000)
   the space 6482636K,  99% used [0x00007fa179b50000, 0x00007fa30359af88, 0x00007fa30359b000, 0x00007fa305603000)
 Metaspace       used 24194K, capacity 24583K, committed 24832K, reserved 26624K
}
Event: 3246.336 GC heap before
{Heap before GC invocations=2720 (full 4):
 def new generation   total 2917248K, used 2679167K [0x00007f9c24600000, 0x00007f9cea360000, 0x00007fa179b50000)
  eden space 2593152K, 100% used [0x00007f9c24600000, 0x00007f9cc2a60000, 0x00007f9cc2a60000)
  from space 324096K,  26% used [0x00007f9cd66e0000, 0x00007f9cdbadfc98, 0x00007f9cea360000)
  to   space 324096K,   0% used [0x00007f9cc2a60000, 0x00007f9cc2a60000, 0x00007f9cd66e0000)
 tenured generation   total 6482636K, used 6449451K [0x00007fa179b50000, 0x00007fa305603000, 0x00007fac24600000)
   the space 6482636K,  99% used [0x00007fa179b50000, 0x00007fa30359af88, 0x00007fa30359b000, 0x00007fa305603000)
 Metaspace       used 24194K, capacity 24583K, committed 24832K, reserved 26624K
}
Event: 3246.487 GC heap after
{Heap after GC invocations=2721 (full 4):
 def new generation   total 2917248K, used 86032K [0x00007f9c24600000, 0x00007f9cea360000, 0x00007fa179b50000)
  eden space 2593152K,   0% used [0x00007f9c24600000, 0x00007f9c24600000, 0x00007f9cc2a60000)
  from space 324096K,  26% used [0x00007f9cc2a60000, 0x00007f9cc7e64000, 0x00007f9cd66e0000)
  to   space 324096K,   0% used [0x00007f9cd66e0000, 0x00007f9cd66e0000, 0x00007f9cea360000)
 tenured generation   total 6482636K, used 6454289K [0x00007fa179b50000, 0x00007fa305603000, 0x00007fac24600000)
   the space 6482636K,  99% used [0x00007fa179b50000, 0x00007fa303a545d8, 0x00007fa303a54600, 0x00007fa305603000)
 Metaspace       used 24194K, capacity 24583K, committed 24832K, reserved 26624K
}
Event: 3248.921 GC heap before
{Heap before GC invocations=2721 (full 4):
 def new generation   total 2917248K, used 2679184K [0x00007f9c24600000, 0x00007f9cea360000, 0x00007fa179b50000)
  eden space 2593152K, 100% used [0x00007f9c24600000, 0x00007f9cc2a60000, 0x00007f9cc2a60000)
  from space 324096K,  26% used [0x00007f9cc2a60000, 0x00007f9cc7e64000, 0x00007f9cd66e0000)
  to   space 324096K,   0% used [0x00007f9cd66e0000, 0x00007f9cd66e0000, 0x00007f9cea360000)
 tenured generation   total 6482636K, used 6454289K [0x00007fa179b50000, 0x00007fa305603000, 0x00007fac24600000)
   the space 6482636K,  99% used [0x00007fa179b50000, 0x00007fa303a545d8, 0x00007fa303a54600, 0x00007fa305603000)
 Metaspace       used 24194K, capacity 24583K, committed 24832K, reserved 26624K
}
Event: 3249.062 GC heap after
{Heap after GC invocations=2722 (full 4):
 def new generation   total 2917248K, used 84803K [0x00007f9c24600000, 0x00007f9cea360000, 0x00007fa179b50000)
  eden space 2593152K,   0% used [0x00007f9c24600000, 0x00007f9c24600000, 0x00007f9cc2a60000)
  from space 324096K,  26% used [0x00007f9cd66e0000, 0x00007f9cdb9b0e50, 0x00007f9cea360000)
  to   space 324096K,   0% used [0x00007f9cc2a60000, 0x00007f9cc2a60000, 0x00007f9cd66e0000)
 tenured generation   total 6482636K, used 6459131K [0x00007fa179b50000, 0x00007fa305603000, 0x00007fac24600000)
   the space 6482636K,  99% used [0x00007fa179b50000, 0x00007fa303f0ed68, 0x00007fa303f0ee00, 0x00007fa305603000)
 Metaspace       used 24194K, capacity 24583K, committed 24832K, reserved 26624K
}
Event: 3251.489 GC heap before
{Heap before GC invocations=2722 (full 4):
 def new generation   total 2917248K, used 2677955K [0x00007f9c24600000, 0x00007f9cea360000, 0x00007fa179b50000)
  eden space 2593152K, 100% used [0x00007f9c24600000, 0x00007f9cc2a60000, 0x00007f9cc2a60000)
  from space 324096K,  26% used [0x00007f9cd66e0000, 0x00007f9cdb9b0e50, 0x00007f9cea360000)
  to   space 324096K,   0% used [0x00007f9cc2a60000, 0x00007f9cc2a60000, 0x00007f9cd66e0000)
 tenured generation   total 6482636K, used 6459131K [0x00007fa179b50000, 0x00007fa305603000, 0x00007fac24600000)
   the space 6482636K,  99% used [0x00007fa179b50000, 0x00007fa303f0ed68, 0x00007fa303f0ee00, 0x00007fa305603000)
 Metaspace       used 24194K, capacity 24583K, committed 24832K, reserved 26624K
}
Event: 3251.649 GC heap after
{Heap after GC invocations=2723 (full 4):
 def new generation   total 2917248K, used 84567K [0x00007f9c24600000, 0x00007f9cea360000, 0x00007fa179b50000)
  eden space 2593152K,   0% used [0x00007f9c24600000, 0x00007f9c24600000, 0x00007f9cc2a60000)
  from space 324096K,  26% used [0x00007f9cc2a60000, 0x00007f9cc7cf5fa8, 0x00007f9cd66e0000)
  to   space 324096K,   0% used [0x00007f9cd66e0000, 0x00007f9cd66e0000, 0x00007f9cea360000)
 tenured generation   total 6482636K, used 6463968K [0x00007fa179b50000, 0x00007fa305603000, 0x00007fac24600000)
   the space 6482636K,  99% used [0x00007fa179b50000, 0x00007fa3043c83b8, 0x00007fa3043c8400, 0x00007fa305603000)
 Metaspace       used 24194K, capacity 24583K, committed 24832K, reserved 26624K
}
Event: 3254.044 GC heap before
{Heap before GC invocations=2723 (full 4):
 def new generation   total 2917248K, used 2677719K [0x00007f9c24600000, 0x00007f9cea360000, 0x00007fa179b50000)
  eden space 2593152K, 100% used [0x00007f9c24600000, 0x00007f9cc2a60000, 0x00007f9cc2a60000)
  from space 324096K,  26% used [0x00007f9cc2a60000, 0x00007f9cc7cf5fa8, 0x00007f9cd66e0000)
  to   space 324096K,   0% used [0x00007f9cd66e0000, 0x00007f9cd66e0000, 0x00007f9cea360000)
 tenured generation   total 6482636K, used 6463968K [0x00007fa179b50000, 0x00007fa305603000, 0x00007fac24600000)
   the space 6482636K,  99% used [0x00007fa179b50000, 0x00007fa3043c83b8, 0x00007fa3043c8400, 0x00007fa305603000)
 Metaspace       used 24194K, capacity 24583K, committed 24832K, reserved 26624K
}
Event: 3254.198 GC heap after
{Heap after GC invocations=2724 (full 4):
 def new generation   total 2917248K, used 88425K [0x00007f9c24600000, 0x00007f9cea360000, 0x00007fa179b50000)
  eden space 2593152K,   0% used [0x00007f9c24600000, 0x00007f9c24600000, 0x00007f9cc2a60000)
  from space 324096K,  27% used [0x00007f9cd66e0000, 0x00007f9cdbd3a658, 0x00007f9cea360000)
  to   space 324096K,   0% used [0x00007f9cc2a60000, 0x00007f9cc2a60000, 0x00007f9cd66e0000)
 tenured generation   total 6482636K, used 6467544K [0x00007fa179b50000, 0x00007fa305603000, 0x00007fac24600000)
   the space 6482636K,  99% used [0x00007fa179b50000, 0x00007fa3047463f0, 0x00007fa304746400, 0x00007fa305603000)
 Metaspace       used 24194K, capacity 24583K, committed 24832K, reserved 26624K
}
Event: 3256.567 GC heap before
{Heap before GC invocations=2724 (full 4):
 def new generation   total 2917248K, used 2681577K [0x00007f9c24600000, 0x00007f9cea360000, 0x00007fa179b50000)
  eden space 2593152K, 100% used [0x00007f9c24600000, 0x00007f9cc2a60000, 0x00007f9cc2a60000)
  from space 324096K,  27% used [0x00007f9cd66e0000, 0x00007f9cdbd3a658, 0x00007f9cea360000)
  to   space 324096K,   0% used [0x00007f9cc2a60000, 0x00007f9cc2a60000, 0x00007f9cd66e0000)
 tenured generation   total 6482636K, used 6467544K [0x00007fa179b50000, 0x00007fa305603000, 0x00007fac24600000)
   the space 6482636K,  99% used [0x00007fa179b50000, 0x00007fa3047463f0, 0x00007fa304746400, 0x00007fa305603000)
 Metaspace       used 24194K, capacity 24583K, committed 24832K, reserved 26624K
}
Event: 3256.751 GC heap after
{Heap after GC invocations=2725 (full 4):
 def new generation   total 2917248K, used 95681K [0x00007f9c24600000, 0x00007f9cea360000, 0x00007fa179b50000)
  eden space 2593152K,   0% used [0x00007f9c24600000, 0x00007f9c24600000, 0x00007f9cc2a60000)
  from space 324096K,  29% used [0x00007f9cc2a60000, 0x00007f9cc87d07d8, 0x00007f9cd66e0000)
  to   space 324096K,   0% used [0x00007f9cd66e0000, 0x00007f9cd66e0000, 0x00007f9cea360000)
 tenured generation   total 6482636K, used 6472231K [0x00007fa179b50000, 0x00007fa305603000, 0x00007fac24600000)
   the space 6482636K,  99% used [0x00007fa179b50000, 0x00007fa304bd9e80, 0x00007fa304bda000, 0x00007fa305603000)
 Metaspace       used 24194K, capacity 24583K, committed 24832K, reserved 26624K
}
Event: 3259.165 GC heap before
{Heap before GC invocations=2725 (full 4):
 def new generation   total 2917248K, used 2688833K [0x00007f9c24600000, 0x00007f9cea360000, 0x00007fa179b50000)
  eden space 2593152K, 100% used [0x00007f9c24600000, 0x00007f9cc2a60000, 0x00007f9cc2a60000)
  from space 324096K,  29% used [0x00007f9cc2a60000, 0x00007f9cc87d07d8, 0x00007f9cd66e0000)
  to   space 324096K,   0% used [0x00007f9cd66e0000, 0x00007f9cd66e0000, 0x00007f9cea360000)
 tenured generation   total 6482636K, used 6472231K [0x00007fa179b50000, 0x00007fa305603000, 0x00007fac24600000)
   the space 6482636K,  99% used [0x00007fa179b50000, 0x00007fa304bd9e80, 0x00007fa304bda000, 0x00007fa305603000)
 Metaspace       used 24194K, capacity 24583K, committed 24832K, reserved 26624K
}
Event: 3259.314 GC heap after
{Heap after GC invocations=2726 (full 4):
 def new generation   total 2917248K, used 91888K [0x00007f9c24600000, 0x00007f9cea360000, 0x00007fa179b50000)
  eden space 2593152K,   0% used [0x00007f9c24600000, 0x00007f9c24600000, 0x00007f9cc2a60000)
  from space 324096K,  28% used [0x00007f9cd66e0000, 0x00007f9cdc09c0a0, 0x00007f9cea360000)
  to   space 324096K,   0% used [0x00007f9cc2a60000, 0x00007f9cc2a60000, 0x00007f9cd66e0000)
 tenured generation   total 6482636K, used 6479441K [0x00007fa179b50000, 0x00007fa305603000, 0x00007fac24600000)
   the space 6482636K,  99% used [0x00007fa179b50000, 0x00007fa3052e44a0, 0x00007fa3052e4600, 0x00007fa305603000)
 Metaspace       used 24194K, capacity 24583K, committed 24832K, reserved 26624K
}
Event: 3261.744 GC heap before
{Heap before GC invocations=2726 (full 4):
 def new generation   total 2917248K, used 2685040K [0x00007f9c24600000, 0x00007f9cea360000, 0x00007fa179b50000)
  eden space 2593152K, 100% used [0x00007f9c24600000, 0x00007f9cc2a60000, 0x00007f9cc2a60000)
  from space 324096K,  28% used [0x00007f9cd66e0000, 0x00007f9cdc09c0a0, 0x00007f9cea360000)
  to   space 324096K,   0% used [0x00007f9cc2a60000, 0x00007f9cc2a60000, 0x00007f9cd66e0000)
 tenured generation   total 6482636K, used 6479441K [0x00007fa179b50000, 0x00007fa305603000, 0x00007fac24600000)
   the space 6482636K,  99% used [0x00007fa179b50000, 0x00007fa3052e44a0, 0x00007fa3052e4600, 0x00007fa305603000)
 Metaspace       used 24194K, capacity 24583K, committed 24832K, reserved 26624K
}
Event: 3261.903 GC heap after
{Heap after GC invocations=2727 (full 4):
 def new generation   total 2917248K, used 84901K [0x00007f9c24600000, 0x00007f9cea360000, 0x00007fa179b50000)
  eden space 2593152K,   0% used [0x00007f9c24600000, 0x00007f9c24600000, 0x00007f9cc2a60000)
  from space 324096K,  26% used [0x00007f9cc2a60000, 0x00007f9cc7d494a0, 0x00007f9cd66e0000)
  to   space 324096K,   0% used [0x00007f9cd66e0000, 0x00007f9cd66e0000, 0x00007f9cea360000)
 tenured generation   total 6491276K, used 6491246K [0x00007fa179b50000, 0x00007fa305e73000, 0x00007fac24600000)
   the space 6491276K,  99% used [0x00007fa179b50000, 0x00007fa305e6bb58, 0x00007fa305e6bc00, 0x00007fa305e73000)
 Metaspace       used 24194K, capacity 24583K, committed 24832K, reserved 26624K
}
Event: 3261.903 GC heap before
{Heap before GC invocations=2727 (full 4):
 def new generation   total 2917248K, used 84901K [0x00007f9c24600000, 0x00007f9cea360000, 0x00007fa179b50000)
  eden space 2593152K,   0% used [0x00007f9c24600000, 0x00007f9c24600000, 0x00007f9cc2a60000)
  from space 324096K,  26% used [0x00007f9cc2a60000, 0x00007f9cc7d494a0, 0x00007f9cd66e0000)
  to   space 324096K,   0% used [0x00007f9cd66e0000, 0x00007f9cd66e0000, 0x00007f9cea360000)
 tenured generation   total 6491276K, used 6491246K [0x00007fa179b50000, 0x00007fa305e73000, 0x00007fac24600000)
   the space 6491276K,  99% used [0x00007fa179b50000, 0x00007fa305e6bb58, 0x00007fa305e6bc00, 0x00007fa305e73000)
 Metaspace       used 24194K, capacity 24583K, committed 24832K, reserved 26624K
}

