# JRE version: OpenJDK Runtime Environment (13.0.7+5) (build 13.0.7+5-Ubuntu-0ubuntu120.04)
# Java VM: OpenJDK 64-Bit Server VM (13.0.7+5-Ubuntu-0ubuntu120.04, mixed mode, tiered, serial gc, linux-amd64)
Heap:
 def new generation   total 1570688K, used 68373K [0x00007fe678600000, 0x00007fe6e2e40000, 0x00007febcdb50000)
  eden space 1396224K,   4% used [0x00007fe678600000, 0x00007fe67c8c56a0, 0x00007fe6cd980000)
  from space 174464K,   0% used [0x00007fe6d83e0000, 0x00007fe6d83e0000, 0x00007fe6e2e40000)
  to   space 174464K,   0% used [0x00007fe6cd980000, 0x00007fe6cd980000, 0x00007fe6d83e0000)
 tenured generation   total 3506668K, used 3505934K [0x00007febcdb50000, 0x00007feca3bcb000, 0x00007ff678600000)
   the space 3506668K,  99% used [0x00007febcdb50000, 0x00007feca3b13a28, 0x00007feca3b13c00, 0x00007feca3bcb000)
 Metaspace       used 24256K, capacity 24629K, committed 24832K, reserved 26624K
GC Heap History (20 events):
Event: 2183.207 GC heap after
{Heap after GC invocations=1925 (full 5):
 def new generation   total 1570688K, used 67846K [0x00007fe678600000, 0x00007fe6e2e40000, 0x00007febcdb50000)
  eden space 1396224K,   0% used [0x00007fe678600000, 0x00007fe678600000, 0x00007fe6cd980000)
  from space 174464K,  38% used [0x00007fe6cd980000, 0x00007fe6d1bc18e8, 0x00007fe6d83e0000)
  to   space 174464K,   0% used [0x00007fe6d83e0000, 0x00007fe6d83e0000, 0x00007fe6e2e40000)
 tenured generation   total 3490280K, used 3472014K [0x00007febcdb50000, 0x00007feca2bca000, 0x00007ff678600000)
   the space 3490280K,  99% used [0x00007febcdb50000, 0x00007feca19f38a0, 0x00007feca19f3a00, 0x00007feca2bca000)
 Metaspace       used 24256K, capacity 24629K, committed 24832K, reserved 26624K
}
Event: 2184.739 GC heap before
{Heap before GC invocations=1925 (full 5):
 def new generation   total 1570688K, used 1459805K [0x00007fe678600000, 0x00007fe6e2e40000, 0x00007febcdb50000)
  eden space 1396224K,  99% used [0x00007fe678600000, 0x00007fe6cd555d00, 0x00007fe6cd980000)
  from space 174464K,  38% used [0x00007fe6cd980000, 0x00007fe6d1bc18e8, 0x00007fe6d83e0000)
  to   space 174464K,   0% used [0x00007fe6d83e0000, 0x00007fe6d83e0000, 0x00007fe6e2e40000)
 tenured generation   total 3490280K, used 3472014K [0x00007febcdb50000, 0x00007feca2bca000, 0x00007ff678600000)
   the space 3490280K,  99% used [0x00007febcdb50000, 0x00007feca19f38a0, 0x00007feca19f3a00, 0x00007feca2bca000)
 Metaspace       used 24256K, capacity 24629K, committed 24832K, reserved 26624K
}
Event: 2184.798 GC heap after
{Heap after GC invocations=1926 (full 5):
 def new generation   total 1570688K, used 68867K [0x00007fe678600000, 0x00007fe6e2e40000, 0x00007febcdb50000)
  eden space 1396224K,   0% used [0x00007fe678600000, 0x00007fe678600000, 0x00007fe6cd980000)
  from space 174464K,  39% used [0x00007fe6d83e0000, 0x00007fe6dc720ef0, 0x00007fe6e2e40000)
  to   space 174464K,   0% used [0x00007fe6cd980000, 0x00007fe6cd980000, 0x00007fe6d83e0000)
 tenured generation   total 3490280K, used 3472014K [0x00007febcdb50000, 0x00007feca2bca000, 0x00007ff678600000)
   the space 3490280K,  99% used [0x00007febcdb50000, 0x00007feca19f38a0, 0x00007feca19f3a00, 0x00007feca2bca000)
 Metaspace       used 24256K, capacity 24629K, committed 24832K, reserved 26624K
}
Event: 2187.172 GC heap before
{Heap before GC invocations=1926 (full 5):
 def new generation   total 1570688K, used 1461628K [0x00007fe678600000, 0x00007fe6e2e40000, 0x00007febcdb50000)
  eden space 1396224K,  99% used [0x00007fe678600000, 0x00007fe6cd61e388, 0x00007fe6cd980000)
  from space 174464K,  39% used [0x00007fe6d83e0000, 0x00007fe6dc720ef0, 0x00007fe6e2e40000)
  to   space 174464K,   0% used [0x00007fe6cd980000, 0x00007fe6cd980000, 0x00007fe6d83e0000)
 tenured generation   total 3490280K, used 3472014K [0x00007febcdb50000, 0x00007feca2bca000, 0x00007ff678600000)
   the space 3490280K,  99% used [0x00007febcdb50000, 0x00007feca19f38a0, 0x00007feca19f3a00, 0x00007feca2bca000)
 Metaspace       used 24256K, capacity 24629K, committed 24832K, reserved 26624K
}
Event: 2187.251 GC heap after
{Heap after GC invocations=1927 (full 5):
 def new generation   total 1570688K, used 88383K [0x00007fe678600000, 0x00007fe6e2e40000, 0x00007febcdb50000)
  eden space 1396224K,   0% used [0x00007fe678600000, 0x00007fe678600000, 0x00007fe6cd980000)
  from space 174464K,  50% used [0x00007fe6cd980000, 0x00007fe6d2fcffc8, 0x00007fe6d83e0000)
  to   space 174464K,   0% used [0x00007fe6d83e0000, 0x00007fe6d83e0000, 0x00007fe6e2e40000)
 tenured generation   total 3490280K, used 3472014K [0x00007febcdb50000, 0x00007feca2bca000, 0x00007ff678600000)
   the space 3490280K,  99% used [0x00007febcdb50000, 0x00007feca19f38a0, 0x00007feca19f3a00, 0x00007feca2bca000)
 Metaspace       used 24256K, capacity 24629K, committed 24832K, reserved 26624K
}
Event: 2189.461 GC heap before
{Heap before GC invocations=1927 (full 5):
 def new generation   total 1570688K, used 1484607K [0x00007fe678600000, 0x00007fe6e2e40000, 0x00007febcdb50000)
  eden space 1396224K, 100% used [0x00007fe678600000, 0x00007fe6cd980000, 0x00007fe6cd980000)
  from space 174464K,  50% used [0x00007fe6cd980000, 0x00007fe6d2fcffc8, 0x00007fe6d83e0000)
  to   space 174464K,   0% used [0x00007fe6d83e0000, 0x00007fe6d83e0000, 0x00007fe6e2e40000)
 tenured generation   total 3490280K, used 3472014K [0x00007febcdb50000, 0x00007feca2bca000, 0x00007ff678600000)
   the space 3490280K,  99% used [0x00007febcdb50000, 0x00007feca19f38a0, 0x00007feca19f3a00, 0x00007feca2bca000)
 Metaspace       used 24256K, capacity 24629K, committed 24832K, reserved 26624K
}
Event: 2189.582 GC heap after
{Heap after GC invocations=1928 (full 5):
 def new generation   total 1570688K, used 60150K [0x00007fe678600000, 0x00007fe6e2e40000, 0x00007febcdb50000)
  eden space 1396224K,   0% used [0x00007fe678600000, 0x00007fe678600000, 0x00007fe6cd980000)
  from space 174464K,  34% used [0x00007fe6d83e0000, 0x00007fe6dbe9d8c0, 0x00007fe6e2e40000)
  to   space 174464K,   0% used [0x00007fe6cd980000, 0x00007fe6cd980000, 0x00007fe6d83e0000)
 tenured generation   total 3490280K, used 3488974K [0x00007febcdb50000, 0x00007feca2bca000, 0x00007ff678600000)
   the space 3490280K,  99% used [0x00007febcdb50000, 0x00007feca2a83898, 0x00007feca2a83a00, 0x00007feca2bca000)
 Metaspace       used 24256K, capacity 24629K, committed 24832K, reserved 26624K
}
Event: 2191.386 GC heap before
{Heap before GC invocations=1928 (full 5):
 def new generation   total 1570688K, used 1456374K [0x00007fe678600000, 0x00007fe6e2e40000, 0x00007febcdb50000)
  eden space 1396224K, 100% used [0x00007fe678600000, 0x00007fe6cd980000, 0x00007fe6cd980000)
  from space 174464K,  34% used [0x00007fe6d83e0000, 0x00007fe6dbe9d8c0, 0x00007fe6e2e40000)
  to   space 174464K,   0% used [0x00007fe6cd980000, 0x00007fe6cd980000, 0x00007fe6d83e0000)
 tenured generation   total 3490280K, used 3488974K [0x00007febcdb50000, 0x00007feca2bca000, 0x00007ff678600000)
   the space 3490280K,  99% used [0x00007febcdb50000, 0x00007feca2a83898, 0x00007feca2a83a00, 0x00007feca2bca000)
 Metaspace       used 24256K, capacity 24629K, committed 24832K, reserved 26624K
}
Event: 2191.455 GC heap after
{Heap after GC invocations=1929 (full 5):
 def new generation   total 1570688K, used 64771K [0x00007fe678600000, 0x00007fe6e2e40000, 0x00007febcdb50000)
  eden space 1396224K,   0% used [0x00007fe678600000, 0x00007fe678600000, 0x00007fe6cd980000)
  from space 174464K,  37% used [0x00007fe6cd980000, 0x00007fe6d18c0d28, 0x00007fe6d83e0000)
  to   space 174464K,   0% used [0x00007fe6d83e0000, 0x00007fe6d83e0000, 0x00007fe6e2e40000)
 tenured generation   total 3490280K, used 3488974K [0x00007febcdb50000, 0x00007feca2bca000, 0x00007ff678600000)
   the space 3490280K,  99% used [0x00007febcdb50000, 0x00007feca2a83898, 0x00007feca2a83a00, 0x00007feca2bca000)
 Metaspace       used 24256K, capacity 24629K, committed 24832K, reserved 26624K
}
Event: 2193.091 GC heap before
{Heap before GC invocations=1929 (full 5):
 def new generation   total 1570688K, used 1460995K [0x00007fe678600000, 0x00007fe6e2e40000, 0x00007febcdb50000)
  eden space 1396224K, 100% used [0x00007fe678600000, 0x00007fe6cd980000, 0x00007fe6cd980000)
  from space 174464K,  37% used [0x00007fe6cd980000, 0x00007fe6d18c0d28, 0x00007fe6d83e0000)
  to   space 174464K,   0% used [0x00007fe6d83e0000, 0x00007fe6d83e0000, 0x00007fe6e2e40000)
 tenured generation   total 3490280K, used 3488974K [0x00007febcdb50000, 0x00007feca2bca000, 0x00007ff678600000)
   the space 3490280K,  99% used [0x00007febcdb50000, 0x00007feca2a83898, 0x00007feca2a83a00, 0x00007feca2bca000)
 Metaspace       used 24256K, capacity 24629K, committed 24832K, reserved 26624K
}
Event: 2193.180 GC heap after
{Heap after GC invocations=1930 (full 5):
 def new generation   total 1570688K, used 67840K [0x00007fe678600000, 0x00007fe6e2e40000, 0x00007febcdb50000)
  eden space 1396224K,   0% used [0x00007fe678600000, 0x00007fe678600000, 0x00007fe6cd980000)
  from space 174464K,  38% used [0x00007fe6d83e0000, 0x00007fe6dc6203a0, 0x00007fe6e2e40000)
  to   space 174464K,   0% used [0x00007fe6cd980000, 0x00007fe6cd980000, 0x00007fe6d83e0000)
 tenured generation   total 3490280K, used 3488974K [0x00007febcdb50000, 0x00007feca2bca000, 0x00007ff678600000)
   the space 3490280K,  99% used [0x00007febcdb50000, 0x00007feca2a83898, 0x00007feca2a83a00, 0x00007feca2bca000)
 Metaspace       used 24256K, capacity 24629K, committed 24832K, reserved 26624K
}
Event: 2194.560 GC heap before
{Heap before GC invocations=1930 (full 5):
 def new generation   total 1570688K, used 1464064K [0x00007fe678600000, 0x00007fe6e2e40000, 0x00007febcdb50000)
  eden space 1396224K, 100% used [0x00007fe678600000, 0x00007fe6cd980000, 0x00007fe6cd980000)
  from space 174464K,  38% used [0x00007fe6d83e0000, 0x00007fe6dc6203a0, 0x00007fe6e2e40000)
  to   space 174464K,   0% used [0x00007fe6cd980000, 0x00007fe6cd980000, 0x00007fe6d83e0000)
 tenured generation   total 3490280K, used 3488974K [0x00007febcdb50000, 0x00007feca2bca000, 0x00007ff678600000)
   the space 3490280K,  99% used [0x00007febcdb50000, 0x00007feca2a83898, 0x00007feca2a83a00, 0x00007feca2bca000)
 Metaspace       used 24256K, capacity 24629K, committed 24832K, reserved 26624K
}
Event: 2194.632 GC heap after
{Heap after GC invocations=1931 (full 5):
 def new generation   total 1570688K, used 67833K [0x00007fe678600000, 0x00007fe6e2e40000, 0x00007febcdb50000)
  eden space 1396224K,   0% used [0x00007fe678600000, 0x00007fe678600000, 0x00007fe6cd980000)
  from space 174464K,  38% used [0x00007fe6cd980000, 0x00007fe6d1bbe648, 0x00007fe6d83e0000)
  to   space 174464K,   0% used [0x00007fe6d83e0000, 0x00007fe6d83e0000, 0x00007fe6e2e40000)
 tenured generation   total 3490280K, used 3488974K [0x00007febcdb50000, 0x00007feca2bca000, 0x00007ff678600000)
   the space 3490280K,  99% used [0x00007febcdb50000, 0x00007feca2a83898, 0x00007feca2a83a00, 0x00007feca2bca000)
 Metaspace       used 24256K, capacity 24629K, committed 24832K, reserved 26624K
}
Event: 2196.029 GC heap before
{Heap before GC invocations=1931 (full 5):
 def new generation   total 1570688K, used 1464057K [0x00007fe678600000, 0x00007fe6e2e40000, 0x00007febcdb50000)
  eden space 1396224K, 100% used [0x00007fe678600000, 0x00007fe6cd980000, 0x00007fe6cd980000)
  from space 174464K,  38% used [0x00007fe6cd980000, 0x00007fe6d1bbe648, 0x00007fe6d83e0000)
  to   space 174464K,   0% used [0x00007fe6d83e0000, 0x00007fe6d83e0000, 0x00007fe6e2e40000)
 tenured generation   total 3490280K, used 3488974K [0x00007febcdb50000, 0x00007feca2bca000, 0x00007ff678600000)
   the space 3490280K,  99% used [0x00007febcdb50000, 0x00007feca2a83898, 0x00007feca2a83a00, 0x00007feca2bca000)
 Metaspace       used 24256K, capacity 24629K, committed 24832K, reserved 26624K
}
Event: 2196.115 GC heap after
{Heap after GC invocations=1932 (full 5):
 def new generation   total 1570688K, used 67845K [0x00007fe678600000, 0x00007fe6e2e40000, 0x00007febcdb50000)
  eden space 1396224K,   0% used [0x00007fe678600000, 0x00007fe678600000, 0x00007fe6cd980000)
  from space 174464K,  38% used [0x00007fe6d83e0000, 0x00007fe6dc621430, 0x00007fe6e2e40000)
  to   space 174464K,   0% used [0x00007fe6cd980000, 0x00007fe6cd980000, 0x00007fe6d83e0000)
 tenured generation   total 3490280K, used 3488974K [0x00007febcdb50000, 0x00007feca2bca000, 0x00007ff678600000)
   the space 3490280K,  99% used [0x00007febcdb50000, 0x00007feca2a83898, 0x00007feca2a83a00, 0x00007feca2bca000)
 Metaspace       used 24256K, capacity 24629K, committed 24832K, reserved 26624K
}
Event: 2198.366 GC heap before
{Heap before GC invocations=1932 (full 5):
 def new generation   total 1570688K, used 1464069K [0x00007fe678600000, 0x00007fe6e2e40000, 0x00007febcdb50000)
  eden space 1396224K, 100% used [0x00007fe678600000, 0x00007fe6cd980000, 0x00007fe6cd980000)
  from space 174464K,  38% used [0x00007fe6d83e0000, 0x00007fe6dc621430, 0x00007fe6e2e40000)
  to   space 174464K,   0% used [0x00007fe6cd980000, 0x00007fe6cd980000, 0x00007fe6d83e0000)
 tenured generation   total 3490280K, used 3488974K [0x00007febcdb50000, 0x00007feca2bca000, 0x00007ff678600000)
   the space 3490280K,  99% used [0x00007febcdb50000, 0x00007feca2a83898, 0x00007feca2a83a00, 0x00007feca2bca000)
 Metaspace       used 24256K, capacity 24629K, committed 24832K, reserved 26624K
}
Event: 2198.445 GC heap after
{Heap after GC invocations=1933 (full 5):
 def new generation   total 1570688K, used 87866K [0x00007fe678600000, 0x00007fe6e2e40000, 0x00007febcdb50000)
  eden space 1396224K,   0% used [0x00007fe678600000, 0x00007fe678600000, 0x00007fe6cd980000)
  from space 174464K,  50% used [0x00007fe6cd980000, 0x00007fe6d2f4ea48, 0x00007fe6d83e0000)
  to   space 174464K,   0% used [0x00007fe6d83e0000, 0x00007fe6d83e0000, 0x00007fe6e2e40000)
 tenured generation   total 3490280K, used 3488974K [0x00007febcdb50000, 0x00007feca2bca000, 0x00007ff678600000)
   the space 3490280K,  99% used [0x00007febcdb50000, 0x00007feca2a83898, 0x00007feca2a83a00, 0x00007feca2bca000)
 Metaspace       used 24256K, capacity 24629K, committed 24832K, reserved 26624K
}
Event: 2200.708 GC heap before
{Heap before GC invocations=1933 (full 5):
 def new generation   total 1570688K, used 1476613K [0x00007fe678600000, 0x00007fe6e2e40000, 0x00007febcdb50000)
  eden space 1396224K,  99% used [0x00007fe678600000, 0x00007fe6cd232c40, 0x00007fe6cd980000)
  from space 174464K,  50% used [0x00007fe6cd980000, 0x00007fe6d2f4ea48, 0x00007fe6d83e0000)
  to   space 174464K,   0% used [0x00007fe6d83e0000, 0x00007fe6d83e0000, 0x00007fe6e2e40000)
 tenured generation   total 3490280K, used 3488974K [0x00007febcdb50000, 0x00007feca2bca000, 0x00007ff678600000)
   the space 3490280K,  99% used [0x00007febcdb50000, 0x00007feca2a83898, 0x00007feca2a83a00, 0x00007feca2bca000)
 Metaspace       used 24256K, capacity 24629K, committed 24832K, reserved 26624K
}
Event: 2200.813 GC heap after
{Heap after GC invocations=1934 (full 5):
 def new generation   total 1570688K, used 68374K [0x00007fe678600000, 0x00007fe6e2e40000, 0x00007febcdb50000)
  eden space 1396224K,   0% used [0x00007fe678600000, 0x00007fe678600000, 0x00007fe6cd980000)
  from space 174464K,  39% used [0x00007fe6d83e0000, 0x00007fe6dc6a5838, 0x00007fe6e2e40000)
  to   space 174464K,   0% used [0x00007fe6cd980000, 0x00007fe6cd980000, 0x00007fe6d83e0000)
 tenured generation   total 3506668K, used 3505934K [0x00007febcdb50000, 0x00007feca3bcb000, 0x00007ff678600000)
   the space 3506668K,  99% used [0x00007febcdb50000, 0x00007feca3b13890, 0x00007feca3b13a00, 0x00007feca3bcb000)
 Metaspace       used 24256K, capacity 24629K, committed 24832K, reserved 26624K
}
Event: 2200.813 GC heap before
{Heap before GC invocations=1934 (full 5):
 def new generation   total 1570688K, used 68374K [0x00007fe678600000, 0x00007fe6e2e40000, 0x00007febcdb50000)
  eden space 1396224K,   0% used [0x00007fe678600000, 0x00007fe678600000, 0x00007fe6cd980000)
  from space 174464K,  39% used [0x00007fe6d83e0000, 0x00007fe6dc6a5838, 0x00007fe6e2e40000)
  to   space 174464K,   0% used [0x00007fe6cd980000, 0x00007fe6cd980000, 0x00007fe6d83e0000)
 tenured generation   total 3506668K, used 3505934K [0x00007febcdb50000, 0x00007feca3bcb000, 0x00007ff678600000)
   the space 3506668K,  99% used [0x00007febcdb50000, 0x00007feca3b13890, 0x00007feca3b13a00, 0x00007feca3bcb000)
 Metaspace       used 24256K, capacity 24629K, committed 24832K, reserved 26624K
}

