# JRE version: OpenJDK Runtime Environment (13.0.7+5) (build 13.0.7+5-Ubuntu-0ubuntu120.04)
# Java VM: OpenJDK 64-Bit Server VM (13.0.7+5-Ubuntu-0ubuntu120.04, mixed mode, tiered, serial gc, linux-amd64)
Heap:
 def new generation   total 4404096K, used 0K [0x00007f936c600000, 0x00007f94970c0000, 0x00007f98c1b50000)
  eden space 3914752K,   0% used [0x00007f936c600000, 0x00007f936c600000, 0x00007f945b500000)
  from space 489344K,   0% used [0x00007f94792e0000, 0x00007f94792e0000, 0x00007f94970c0000)
  to   space 489344K,   0% used [0x00007f945b500000, 0x00007f945b500000, 0x00007f94792e0000)
 tenured generation   total 9786756K, used 8463406K [0x00007f98c1b50000, 0x00007f9b170b1000, 0x00007fa36c600000)
   the space 9786756K,  86% used [0x00007f98c1b50000, 0x00007f9ac645ba50, 0x00007f9ac645bc00, 0x00007f9b170b1000)
 Metaspace       used 23274K, capacity 23686K, committed 23808K, reserved 24576K
GC Heap History (20 events):
Event: 4.014 GC heap after
{Heap after GC invocations=2 (full 1):
 def new generation   total 629248K, used 764K [0x00007f936c600000, 0x00007f93970c0000, 0x00007f98c1b50000)
  eden space 559360K,   0% used [0x00007f936c600000, 0x00007f936c600000, 0x00007f938e840000)
  from space 69888K,   1% used [0x00007f9392c80000, 0x00007f9392d3f350, 0x00007f93970c0000)
  to   space 69888K,   0% used [0x00007f938e840000, 0x00007f938e840000, 0x00007f9392c80000)
 tenured generation   total 1398144K, used 13586K [0x00007f98c1b50000, 0x00007f99170b0000, 0x00007fa36c600000)
   the space 1398144K,   0% used [0x00007f98c1b50000, 0x00007f98c28949d8, 0x00007f98c2894a00, 0x00007f99170b0000)
 Metaspace       used 23043K, capacity 23466K, committed 23552K, reserved 24576K
}
Event: 5.922 GC heap before
{Heap before GC invocations=2 (full 1):
 def new generation   total 629248K, used 403715K [0x00007f936c600000, 0x00007f93970c0000, 0x00007f98c1b50000)
  eden space 559360K,  72% used [0x00007f936c600000, 0x00007f9384f818f0, 0x00007f938e840000)
  from space 69888K,   1% used [0x00007f9392c80000, 0x00007f9392d3f350, 0x00007f93970c0000)
  to   space 69888K,   0% used [0x00007f938e840000, 0x00007f938e840000, 0x00007f9392c80000)
 tenured generation   total 1398144K, used 1062162K [0x00007f98c1b50000, 0x00007f99170b0000, 0x00007fa36c600000)
   the space 1398144K,  75% used [0x00007f98c1b50000, 0x00007f99028949f0, 0x00007f9902894a00, 0x00007f99170b0000)
 Metaspace       used 23209K, capacity 23606K, committed 23808K, reserved 24576K
}
Event: 5.928 GC heap after
{Heap after GC invocations=3 (full 1):
 def new generation   total 629248K, used 1102K [0x00007f936c600000, 0x00007f93970c0000, 0x00007f98c1b50000)
  eden space 559360K,   0% used [0x00007f936c600000, 0x00007f936c600000, 0x00007f938e840000)
  from space 69888K,   1% used [0x00007f938e840000, 0x00007f938e953b40, 0x00007f9392c80000)
  to   space 69888K,   0% used [0x00007f9392c80000, 0x00007f9392c80000, 0x00007f93970c0000)
 tenured generation   total 1398144K, used 1062162K [0x00007f98c1b50000, 0x00007f99170b0000, 0x00007fa36c600000)
   the space 1398144K,  75% used [0x00007f98c1b50000, 0x00007f99028949f0, 0x00007f9902894a00, 0x00007f99170b0000)
 Metaspace       used 23209K, capacity 23606K, committed 23808K, reserved 24576K
}
Event: 5.928 GC heap before
{Heap before GC invocations=3 (full 1):
 def new generation   total 629248K, used 1102K [0x00007f936c600000, 0x00007f93970c0000, 0x00007f98c1b50000)
  eden space 559360K,   0% used [0x00007f936c600000, 0x00007f936c600000, 0x00007f938e840000)
  from space 69888K,   1% used [0x00007f938e840000, 0x00007f938e953b40, 0x00007f9392c80000)
  to   space 69888K,   0% used [0x00007f9392c80000, 0x00007f9392c80000, 0x00007f93970c0000)
 tenured generation   total 1398144K, used 1062162K [0x00007f98c1b50000, 0x00007f99170b0000, 0x00007fa36c600000)
   the space 1398144K,  75% used [0x00007f98c1b50000, 0x00007f99028949f0, 0x00007f9902894a00, 0x00007f99170b0000)
 Metaspace       used 23209K, capacity 23606K, committed 23808K, reserved 24576K
}
Event: 5.970 GC heap after
{Heap after GC invocations=3 (full 2):
 def new generation   total 629248K, used 0K [0x00007f936c600000, 0x00007f93970c0000, 0x00007f98c1b50000)
  eden space 559360K,   0% used [0x00007f936c600000, 0x00007f936c600000, 0x00007f938e840000)
  from space 69888K,   0% used [0x00007f938e840000, 0x00007f938e840000, 0x00007f9392c80000)
  to   space 69888K,   0% used [0x00007f9392c80000, 0x00007f9392c80000, 0x00007f93970c0000)
 tenured generation   total 1398144K, used 14671K [0x00007f98c1b50000, 0x00007f99170b0000, 0x00007fa36c600000)
   the space 1398144K,   1% used [0x00007f98c1b50000, 0x00007f98c29a3d30, 0x00007f98c29a3e00, 0x00007f99170b0000)
 Metaspace       used 23209K, capacity 23606K, committed 23808K, reserved 24576K
}
Event: 14.475 GC heap before
{Heap before GC invocations=3 (full 2):
 def new generation   total 629248K, used 559360K [0x00007f936c600000, 0x00007f93970c0000, 0x00007f98c1b50000)
  eden space 559360K, 100% used [0x00007f936c600000, 0x00007f938e840000, 0x00007f938e840000)
  from space 69888K,   0% used [0x00007f938e840000, 0x00007f938e840000, 0x00007f9392c80000)
  to   space 69888K,   0% used [0x00007f9392c80000, 0x00007f9392c80000, 0x00007f93970c0000)
 tenured generation   total 9786756K, used 8403279K [0x00007f98c1b50000, 0x00007f9b170b1000, 0x00007fa36c600000)
   the space 9786756K,  85% used [0x00007f98c1b50000, 0x00007f9ac29a3d48, 0x00007f9ac29a3e00, 0x00007f9b170b1000)
 Metaspace       used 23266K, capacity 23680K, committed 23808K, reserved 24576K
}
Event: 14.482 GC heap after
{Heap after GC invocations=4 (full 2):
 def new generation   total 629248K, used 486K [0x00007f936c600000, 0x00007f93970c0000, 0x00007f98c1b50000)
  eden space 559360K,   0% used [0x00007f936c600000, 0x00007f936c600000, 0x00007f938e840000)
  from space 69888K,   0% used [0x00007f9392c80000, 0x00007f9392cf9a10, 0x00007f93970c0000)
  to   space 69888K,   0% used [0x00007f938e840000, 0x00007f938e840000, 0x00007f9392c80000)
 tenured generation   total 9786756K, used 8403279K [0x00007f98c1b50000, 0x00007f9b170b1000, 0x00007fa36c600000)
   the space 9786756K,  85% used [0x00007f98c1b50000, 0x00007f9ac29a3d48, 0x00007f9ac29a3e00, 0x00007f9b170b1000)
 Metaspace       used 23266K, capacity 23680K, committed 23808K, reserved 24576K
}
Event: 14.567 GC heap before
{Heap before GC invocations=4 (full 2):
 def new generation   total 629248K, used 56153K [0x00007f936c600000, 0x00007f93970c0000, 0x00007f98c1b50000)
  eden space 559360K,   9% used [0x00007f936c600000, 0x00007f936fc5cac0, 0x00007f938e840000)
  from space 69888K,   0% used [0x00007f9392c80000, 0x00007f9392cf9a10, 0x00007f93970c0000)
  to   space 69888K,   0% used [0x00007f938e840000, 0x00007f938e840000, 0x00007f9392c80000)
 tenured generation   total 9786756K, used 8403279K [0x00007f98c1b50000, 0x00007f9b170b1000, 0x00007fa36c600000)
   the space 9786756K,  85% used [0x00007f98c1b50000, 0x00007f9ac29a3d48, 0x00007f9ac29a3e00, 0x00007f9b170b1000)
 Metaspace       used 23274K, capacity 23686K, committed 23808K, reserved 24576K
}
Event: 14.606 GC heap after
{Heap after GC invocations=5 (full 2):
 def new generation   total 629248K, used 8782K [0x00007f936c600000, 0x00007f93970c0000, 0x00007f98c1b50000)
  eden space 559360K,   0% used [0x00007f936c600000, 0x00007f936c600000, 0x00007f938e840000)
  from space 69888K,  12% used [0x00007f938e840000, 0x00007f938f0d3a50, 0x00007f9392c80000)
  to   space 69888K,   0% used [0x00007f9392c80000, 0x00007f9392c80000, 0x00007f93970c0000)
 tenured generation   total 9786756K, used 8403279K [0x00007f98c1b50000, 0x00007f9b170b1000, 0x00007fa36c600000)
   the space 9786756K,  85% used [0x00007f98c1b50000, 0x00007f9ac29a3d48, 0x00007f9ac29a3e00, 0x00007f9b170b1000)
 Metaspace       used 23274K, capacity 23686K, committed 23808K, reserved 24576K
}
Event: 15.194 GC heap before
{Heap before GC invocations=5 (full 2):
 def new generation   total 629248K, used 544202K [0x00007f936c600000, 0x00007f93970c0000, 0x00007f98c1b50000)
  eden space 559360K,  95% used [0x00007f936c600000, 0x00007f938d0def08, 0x00007f938e840000)
  from space 69888K,  12% used [0x00007f938e840000, 0x00007f938f0d3a50, 0x00007f9392c80000)
  to   space 69888K,   0% used [0x00007f9392c80000, 0x00007f9392c80000, 0x00007f93970c0000)
 tenured generation   total 9786756K, used 8403279K [0x00007f98c1b50000, 0x00007f9b170b1000, 0x00007fa36c600000)
   the space 9786756K,  85% used [0x00007f98c1b50000, 0x00007f9ac29a3d48, 0x00007f9ac29a3e00, 0x00007f9b170b1000)
 Metaspace       used 23274K, capacity 23686K, committed 23808K, reserved 24576K
}
Event: 16.203 GC heap after
{Heap after GC invocations=6 (full 2):
 def new generation   total 629248K, used 581K [0x00007f936c600000, 0x00007f93970c0000, 0x00007f98c1b50000)
  eden space 559360K,   0% used [0x00007f936c600000, 0x00007f936c600000, 0x00007f938e840000)
  from space 69888K,   0% used [0x00007f9392c80000, 0x00007f9392d11588, 0x00007f93970c0000)
  to   space 69888K,   0% used [0x00007f938e840000, 0x00007f938e840000, 0x00007f9392c80000)
 tenured generation   total 9786756K, used 8927567K [0x00007f98c1b50000, 0x00007f9b170b1000, 0x00007fa36c600000)
   the space 9786756K,  91% used [0x00007f98c1b50000, 0x00007f9ae29a3d60, 0x00007f9ae29a3e00, 0x00007f9b170b1000)
 Metaspace       used 23274K, capacity 23686K, committed 23808K, reserved 24576K
}
Event: 16.642 GC heap before
{Heap before GC invocations=6 (full 2):
 def new generation   total 629248K, used 535969K [0x00007f936c600000, 0x00007f93970c0000, 0x00007f98c1b50000)
  eden space 559360K,  95% used [0x00007f936c600000, 0x00007f938d0d6fe8, 0x00007f938e840000)
  from space 69888K,   0% used [0x00007f9392c80000, 0x00007f9392d11588, 0x00007f93970c0000)
  to   space 69888K,   0% used [0x00007f938e840000, 0x00007f938e840000, 0x00007f9392c80000)
 tenured generation   total 9786756K, used 8927567K [0x00007f98c1b50000, 0x00007f9b170b1000, 0x00007fa36c600000)
   the space 9786756K,  91% used [0x00007f98c1b50000, 0x00007f9ae29a3d60, 0x00007f9ae29a3e00, 0x00007f9b170b1000)
 Metaspace       used 23274K, capacity 23686K, committed 23808K, reserved 24576K
}
Event: 16.909 GC heap after
{Heap after GC invocations=7 (full 2):
 def new generation   total 629248K, used 581K [0x00007f936c600000, 0x00007f93970c0000, 0x00007f98c1b50000)
  eden space 559360K,   0% used [0x00007f936c600000, 0x00007f936c600000, 0x00007f938e840000)
  from space 69888K,   0% used [0x00007f938e840000, 0x00007f938e8d1428, 0x00007f9392c80000)
  to   space 69888K,   0% used [0x00007f9392c80000, 0x00007f9392c80000, 0x00007f93970c0000)
 tenured generation   total 9786756K, used 9189711K [0x00007f98c1b50000, 0x00007f9b170b1000, 0x00007fa36c600000)
   the space 9786756K,  93% used [0x00007f98c1b50000, 0x00007f9af29a3d90, 0x00007f9af29a3e00, 0x00007f9b170b1000)
 Metaspace       used 23274K, capacity 23686K, committed 23808K, reserved 24576K
}
Event: 17.484 GC heap before
{Heap before GC invocations=7 (full 2):
 def new generation   total 629248K, used 404846K [0x00007f936c600000, 0x00007f93970c0000, 0x00007f98c1b50000)
  eden space 559360K,  72% used [0x00007f936c600000, 0x00007f93850ca590, 0x00007f938e840000)
  from space 69888K,   0% used [0x00007f938e840000, 0x00007f938e8d1428, 0x00007f9392c80000)
  to   space 69888K,   0% used [0x00007f9392c80000, 0x00007f9392c80000, 0x00007f93970c0000)
 tenured generation   total 9786756K, used 9189711K [0x00007f98c1b50000, 0x00007f9b170b1000, 0x00007fa36c600000)
   the space 9786756K,  93% used [0x00007f98c1b50000, 0x00007f9af29a3d90, 0x00007f9af29a3e00, 0x00007f9b170b1000)
 Metaspace       used 23274K, capacity 23686K, committed 23808K, reserved 24576K
}
Event: 18.303 GC heap after
{Heap after GC invocations=8 (full 2):
 def new generation   total 629248K, used 66130K [0x00007f936c600000, 0x00007f93970c0000, 0x00007f98c1b50000)
  eden space 559360K,   0% used [0x00007f936c600000, 0x00007f936c600000, 0x00007f938e840000)
  from space 69888K,  94% used [0x00007f9392c80000, 0x00007f9396d149a0, 0x00007f93970c0000)
  to   space 69888K,   0% used [0x00007f938e840000, 0x00007f938e840000, 0x00007f9392c80000)
 tenured generation   total 9786756K, used 9255247K [0x00007f98c1b50000, 0x00007f9b170b1000, 0x00007fa36c600000)
   the space 9786756K,  94% used [0x00007f98c1b50000, 0x00007f9af69a3da8, 0x00007f9af69a3e00, 0x00007f9b170b1000)
 Metaspace       used 23274K, capacity 23686K, committed 23808K, reserved 24576K
}
Event: 18.303 GC heap before
{Heap before GC invocations=8 (full 2):
 def new generation   total 629248K, used 66130K [0x00007f936c600000, 0x00007f93970c0000, 0x00007f98c1b50000)
  eden space 559360K,   0% used [0x00007f936c600000, 0x00007f936c600000, 0x00007f938e840000)
  from space 69888K,  94% used [0x00007f9392c80000, 0x00007f9396d149a0, 0x00007f93970c0000)
  to   space 69888K,   0% used [0x00007f938e840000, 0x00007f938e840000, 0x00007f9392c80000)
 tenured generation   total 9786756K, used 9255247K [0x00007f98c1b50000, 0x00007f9b170b1000, 0x00007fa36c600000)
   the space 9786756K,  94% used [0x00007f98c1b50000, 0x00007f9af69a3da8, 0x00007f9af69a3e00, 0x00007f9b170b1000)
 Metaspace       used 23274K, capacity 23686K, committed 23808K, reserved 24576K
}
Event: 18.497 GC heap after
{Heap after GC invocations=8 (full 3):
 def new generation   total 4404096K, used 0K [0x00007f936c600000, 0x00007f94970c0000, 0x00007f98c1b50000)
  eden space 3914752K,   0% used [0x00007f936c600000, 0x00007f936c600000, 0x00007f945b500000)
  from space 489344K,   0% used [0x00007f945b500000, 0x00007f945b500000, 0x00007f94792e0000)
  to   space 489344K,   0% used [0x00007f94792e0000, 0x00007f94792e0000, 0x00007f94970c0000)
 tenured generation   total 9786756K, used 146337K [0x00007f98c1b50000, 0x00007f9b170b1000, 0x00007fa36c600000)
   the space 9786756K,   1% used [0x00007f98c1b50000, 0x00007f98caa386e8, 0x00007f98caa38800, 0x00007f9b170b1000)
 Metaspace       used 23274K, capacity 23686K, committed 23808K, reserved 24576K
}
Event: 29.025 GC heap before
{Heap before GC invocations=8 (full 3):
 def new generation   total 4404096K, used 76918K [0x00007f936c600000, 0x00007f94970c0000, 0x00007f98c1b50000)
  eden space 3914752K,   1% used [0x00007f936c600000, 0x00007f937111dac8, 0x00007f945b500000)
  from space 489344K,   0% used [0x00007f945b500000, 0x00007f945b500000, 0x00007f94792e0000)
  to   space 489344K,   0% used [0x00007f94792e0000, 0x00007f94792e0000, 0x00007f94970c0000)
 tenured generation   total 9786756K, used 8534945K [0x00007f98c1b50000, 0x00007f9b170b1000, 0x00007fa36c600000)
   the space 9786756K,  87% used [0x00007f98c1b50000, 0x00007f9acaa38700, 0x00007f9acaa38800, 0x00007f9b170b1000)
 Metaspace       used 23274K, capacity 23686K, committed 23808K, reserved 24576K
}
Event: 29.027 GC heap after
{Heap after GC invocations=9 (full 3):
 def new generation   total 4404096K, used 0K [0x00007f936c600000, 0x00007f94970c0000, 0x00007f98c1b50000)
  eden space 3914752K,   0% used [0x00007f936c600000, 0x00007f936c600000, 0x00007f945b500000)
  from space 489344K,   0% used [0x00007f94792e0000, 0x00007f94792e0170, 0x00007f94970c0000)
  to   space 489344K,   0% used [0x00007f945b500000, 0x00007f945b500000, 0x00007f94792e0000)
 tenured generation   total 9786756K, used 8534945K [0x00007f98c1b50000, 0x00007f9b170b1000, 0x00007fa36c600000)
   the space 9786756K,  87% used [0x00007f98c1b50000, 0x00007f9acaa38700, 0x00007f9acaa38800, 0x00007f9b170b1000)
 Metaspace       used 23274K, capacity 23686K, committed 23808K, reserved 24576K
}
Event: 29.027 GC heap before
{Heap before GC invocations=9 (full 3):
 def new generation   total 4404096K, used 0K [0x00007f936c600000, 0x00007f94970c0000, 0x00007f98c1b50000)
  eden space 3914752K,   0% used [0x00007f936c600000, 0x00007f936c600000, 0x00007f945b500000)
  from space 489344K,   0% used [0x00007f94792e0000, 0x00007f94792e0170, 0x00007f94970c0000)
  to   space 489344K,   0% used [0x00007f945b500000, 0x00007f945b500000, 0x00007f94792e0000)
 tenured generation   total 9786756K, used 8534945K [0x00007f98c1b50000, 0x00007f9b170b1000, 0x00007fa36c600000)
   the space 9786756K,  87% used [0x00007f98c1b50000, 0x00007f9acaa38700, 0x00007f9acaa38800, 0x00007f9b170b1000)
 Metaspace       used 23274K, capacity 23686K, committed 23808K, reserved 24576K
}

