# JRE version: OpenJDK Runtime Environment (13.0.7+5) (build 13.0.7+5-Ubuntu-0ubuntu120.04)
# Java VM: OpenJDK 64-Bit Server VM (13.0.7+5-Ubuntu-0ubuntu120.04, mixed mode, tiered, serial gc, linux-amd64)
Heap:
 def new generation   total 4352960K, used 0K [0x00007f2d18600000, 0x00007f2e3f940000, 0x00007f37c30a0000)
  eden space 3869312K,   0% used [0x00007f2d18600000, 0x00007f2d18600000, 0x00007f2e048a0000)
  from space 483648K,   0% used [0x00007f2e048a0000, 0x00007f2e048a0000, 0x00007f2e220f0000)
  to   space 483648K,   0% used [0x00007f2e220f0000, 0x00007f2e220f0000, 0x00007f2e3f940000)
 tenured generation   total 9689580K, used 9641205K [0x00007f37c30a0000, 0x00007f3a1271b000, 0x00007f4d18600000)
   the space 9689580K,  99% used [0x00007f37c30a0000, 0x00007f3a0f7dd578, 0x00007f3a0f7dd600, 0x00007f3a1271b000)
 Metaspace       used 24317K, capacity 24714K, committed 24832K, reserved 26624K
GC Heap History (20 events):
Event: 2065.863 GC heap after
{Heap after GC invocations=1584 (full 7):
 def new generation   total 4352960K, used 204067K [0x00007f2d18600000, 0x00007f2e3f940000, 0x00007f37c30a0000)
  eden space 3869312K,   0% used [0x00007f2d18600000, 0x00007f2d18600000, 0x00007f2e048a0000)
  from space 483648K,  42% used [0x00007f2e220f0000, 0x00007f2e2e838dd8, 0x00007f2e3f940000)
  to   space 483648K,   0% used [0x00007f2e048a0000, 0x00007f2e048a0000, 0x00007f2e220f0000)
 tenured generation   total 9673192K, used 9573901K [0x00007f37c30a0000, 0x00007f3a1171a000, 0x00007f4d18600000)
   the space 9673192K,  98% used [0x00007f37c30a0000, 0x00007f3a0b623468, 0x00007f3a0b623600, 0x00007f3a1171a000)
 Metaspace       used 24317K, capacity 24714K, committed 24832K, reserved 26624K
}
Event: 2069.632 GC heap before
{Heap before GC invocations=1584 (full 7):
 def new generation   total 4352960K, used 4073379K [0x00007f2d18600000, 0x00007f2e3f940000, 0x00007f37c30a0000)
  eden space 3869312K, 100% used [0x00007f2d18600000, 0x00007f2e048a0000, 0x00007f2e048a0000)
  from space 483648K,  42% used [0x00007f2e220f0000, 0x00007f2e2e838dd8, 0x00007f2e3f940000)
  to   space 483648K,   0% used [0x00007f2e048a0000, 0x00007f2e048a0000, 0x00007f2e220f0000)
 tenured generation   total 9673192K, used 9573901K [0x00007f37c30a0000, 0x00007f3a1171a000, 0x00007f4d18600000)
   the space 9673192K,  98% used [0x00007f37c30a0000, 0x00007f3a0b623468, 0x00007f3a0b623600, 0x00007f3a1171a000)
 Metaspace       used 24317K, capacity 24714K, committed 24832K, reserved 26624K
}
Event: 2069.781 GC heap after
{Heap after GC invocations=1585 (full 7):
 def new generation   total 4352960K, used 192731K [0x00007f2d18600000, 0x00007f2e3f940000, 0x00007f37c30a0000)
  eden space 3869312K,   0% used [0x00007f2d18600000, 0x00007f2d18600000, 0x00007f2e048a0000)
  from space 483648K,  39% used [0x00007f2e048a0000, 0x00007f2e104d6ec8, 0x00007f2e220f0000)
  to   space 483648K,   0% used [0x00007f2e220f0000, 0x00007f2e220f0000, 0x00007f2e3f940000)
 tenured generation   total 9673192K, used 9590860K [0x00007f37c30a0000, 0x00007f3a1171a000, 0x00007f4d18600000)
   the space 9673192K,  99% used [0x00007f37c30a0000, 0x00007f3a0c6b3100, 0x00007f3a0c6b3200, 0x00007f3a1171a000)
 Metaspace       used 24317K, capacity 24714K, committed 24832K, reserved 26624K
}
Event: 2073.472 GC heap before
{Heap before GC invocations=1585 (full 7):
 def new generation   total 4352960K, used 4062043K [0x00007f2d18600000, 0x00007f2e3f940000, 0x00007f37c30a0000)
  eden space 3869312K, 100% used [0x00007f2d18600000, 0x00007f2e048a0000, 0x00007f2e048a0000)
  from space 483648K,  39% used [0x00007f2e048a0000, 0x00007f2e104d6ec8, 0x00007f2e220f0000)
  to   space 483648K,   0% used [0x00007f2e220f0000, 0x00007f2e220f0000, 0x00007f2e3f940000)
 tenured generation   total 9673192K, used 9590860K [0x00007f37c30a0000, 0x00007f3a1171a000, 0x00007f4d18600000)
   the space 9673192K,  99% used [0x00007f37c30a0000, 0x00007f3a0c6b3100, 0x00007f3a0c6b3200, 0x00007f3a1171a000)
 Metaspace       used 24317K, capacity 24714K, committed 24832K, reserved 26624K
}
Event: 2073.616 GC heap after
{Heap after GC invocations=1586 (full 7):
 def new generation   total 4352960K, used 204009K [0x00007f2d18600000, 0x00007f2e3f940000, 0x00007f37c30a0000)
  eden space 3869312K,   0% used [0x00007f2d18600000, 0x00007f2d18600000, 0x00007f2e048a0000)
  from space 483648K,  42% used [0x00007f2e220f0000, 0x00007f2e2e82a4d8, 0x00007f2e3f940000)
  to   space 483648K,   0% used [0x00007f2e048a0000, 0x00007f2e048a0000, 0x00007f2e220f0000)
 tenured generation   total 9673192K, used 9590860K [0x00007f37c30a0000, 0x00007f3a1171a000, 0x00007f4d18600000)
   the space 9673192K,  99% used [0x00007f37c30a0000, 0x00007f3a0c6b3100, 0x00007f3a0c6b3200, 0x00007f3a1171a000)
 Metaspace       used 24317K, capacity 24714K, committed 24832K, reserved 26624K
}
Event: 2077.805 GC heap before
{Heap before GC invocations=1586 (full 7):
 def new generation   total 4352960K, used 4073321K [0x00007f2d18600000, 0x00007f2e3f940000, 0x00007f37c30a0000)
  eden space 3869312K, 100% used [0x00007f2d18600000, 0x00007f2e048a0000, 0x00007f2e048a0000)
  from space 483648K,  42% used [0x00007f2e220f0000, 0x00007f2e2e82a4d8, 0x00007f2e3f940000)
  to   space 483648K,   0% used [0x00007f2e048a0000, 0x00007f2e048a0000, 0x00007f2e220f0000)
 tenured generation   total 9673192K, used 9590860K [0x00007f37c30a0000, 0x00007f3a1171a000, 0x00007f4d18600000)
   the space 9673192K,  99% used [0x00007f37c30a0000, 0x00007f3a0c6b3100, 0x00007f3a0c6b3200, 0x00007f3a1171a000)
 Metaspace       used 24317K, capacity 24714K, committed 24832K, reserved 26624K
}
Event: 2077.968 GC heap after
{Heap after GC invocations=1587 (full 7):
 def new generation   total 4352960K, used 201972K [0x00007f2d18600000, 0x00007f2e3f940000, 0x00007f37c30a0000)
  eden space 3869312K,   0% used [0x00007f2d18600000, 0x00007f2d18600000, 0x00007f2e048a0000)
  from space 483648K,  41% used [0x00007f2e048a0000, 0x00007f2e10ddd398, 0x00007f2e220f0000)
  to   space 483648K,   0% used [0x00007f2e220f0000, 0x00007f2e220f0000, 0x00007f2e3f940000)
 tenured generation   total 9673192K, used 9607819K [0x00007f37c30a0000, 0x00007f3a1171a000, 0x00007f4d18600000)
   the space 9673192K,  99% used [0x00007f37c30a0000, 0x00007f3a0d742d98, 0x00007f3a0d742e00, 0x00007f3a1171a000)
 Metaspace       used 24317K, capacity 24714K, committed 24832K, reserved 26624K
}
Event: 2081.612 GC heap before
{Heap before GC invocations=1587 (full 7):
 def new generation   total 4352960K, used 4071284K [0x00007f2d18600000, 0x00007f2e3f940000, 0x00007f37c30a0000)
  eden space 3869312K, 100% used [0x00007f2d18600000, 0x00007f2e048a0000, 0x00007f2e048a0000)
  from space 483648K,  41% used [0x00007f2e048a0000, 0x00007f2e10ddd398, 0x00007f2e220f0000)
  to   space 483648K,   0% used [0x00007f2e220f0000, 0x00007f2e220f0000, 0x00007f2e3f940000)
 tenured generation   total 9673192K, used 9607819K [0x00007f37c30a0000, 0x00007f3a1171a000, 0x00007f4d18600000)
   the space 9673192K,  99% used [0x00007f37c30a0000, 0x00007f3a0d742d98, 0x00007f3a0d742e00, 0x00007f3a1171a000)
 Metaspace       used 24317K, capacity 24714K, committed 24832K, reserved 26624K
}
Event: 2081.847 GC heap after
{Heap after GC invocations=1588 (full 7):
 def new generation   total 4352960K, used 193756K [0x00007f2d18600000, 0x00007f2e3f940000, 0x00007f37c30a0000)
  eden space 3869312K,   0% used [0x00007f2d18600000, 0x00007f2d18600000, 0x00007f2e048a0000)
  from space 483648K,  40% used [0x00007f2e220f0000, 0x00007f2e2de27188, 0x00007f2e3f940000)
  to   space 483648K,   0% used [0x00007f2e048a0000, 0x00007f2e048a0000, 0x00007f2e220f0000)
 tenured generation   total 9673192K, used 9624778K [0x00007f37c30a0000, 0x00007f3a1171a000, 0x00007f4d18600000)
   the space 9673192K,  99% used [0x00007f37c30a0000, 0x00007f3a0e7d2a30, 0x00007f3a0e7d2c00, 0x00007f3a1171a000)
 Metaspace       used 24317K, capacity 24714K, committed 24832K, reserved 26624K
}
Event: 2085.320 GC heap before
{Heap before GC invocations=1588 (full 7):
 def new generation   total 4352960K, used 4063068K [0x00007f2d18600000, 0x00007f2e3f940000, 0x00007f37c30a0000)
  eden space 3869312K, 100% used [0x00007f2d18600000, 0x00007f2e048a0000, 0x00007f2e048a0000)
  from space 483648K,  40% used [0x00007f2e220f0000, 0x00007f2e2de27188, 0x00007f2e3f940000)
  to   space 483648K,   0% used [0x00007f2e048a0000, 0x00007f2e048a0000, 0x00007f2e220f0000)
 tenured generation   total 9673192K, used 9624778K [0x00007f37c30a0000, 0x00007f3a1171a000, 0x00007f4d18600000)
   the space 9673192K,  99% used [0x00007f37c30a0000, 0x00007f3a0e7d2a30, 0x00007f3a0e7d2c00, 0x00007f3a1171a000)
 Metaspace       used 24317K, capacity 24714K, committed 24832K, reserved 26624K
}
Event: 2085.463 GC heap after
{Heap after GC invocations=1589 (full 7):
 def new generation   total 4352960K, used 204009K [0x00007f2d18600000, 0x00007f2e3f940000, 0x00007f37c30a0000)
  eden space 3869312K,   0% used [0x00007f2d18600000, 0x00007f2d18600000, 0x00007f2e048a0000)
  from space 483648K,  42% used [0x00007f2e048a0000, 0x00007f2e10fda4d8, 0x00007f2e220f0000)
  to   space 483648K,   0% used [0x00007f2e220f0000, 0x00007f2e220f0000, 0x00007f2e3f940000)
 tenured generation   total 9673192K, used 9624778K [0x00007f37c30a0000, 0x00007f3a1171a000, 0x00007f4d18600000)
   the space 9673192K,  99% used [0x00007f37c30a0000, 0x00007f3a0e7d2a30, 0x00007f3a0e7d2c00, 0x00007f3a1171a000)
 Metaspace       used 24317K, capacity 24714K, committed 24832K, reserved 26624K
}
Event: 2089.553 GC heap before
{Heap before GC invocations=1589 (full 7):
 def new generation   total 4352960K, used 4073321K [0x00007f2d18600000, 0x00007f2e3f940000, 0x00007f37c30a0000)
  eden space 3869312K, 100% used [0x00007f2d18600000, 0x00007f2e048a0000, 0x00007f2e048a0000)
  from space 483648K,  42% used [0x00007f2e048a0000, 0x00007f2e10fda4d8, 0x00007f2e220f0000)
  to   space 483648K,   0% used [0x00007f2e220f0000, 0x00007f2e220f0000, 0x00007f2e3f940000)
 tenured generation   total 9673192K, used 9624778K [0x00007f37c30a0000, 0x00007f3a1171a000, 0x00007f4d18600000)
   the space 9673192K,  99% used [0x00007f37c30a0000, 0x00007f3a0e7d2a30, 0x00007f3a0e7d2c00, 0x00007f3a1171a000)
 Metaspace       used 24317K, capacity 24714K, committed 24832K, reserved 26624K
}
Event: 2089.734 GC heap after
{Heap after GC invocations=1590 (full 7):
 def new generation   total 4352960K, used 203510K [0x00007f2d18600000, 0x00007f2e3f940000, 0x00007f37c30a0000)
  eden space 3869312K,   0% used [0x00007f2d18600000, 0x00007f2d18600000, 0x00007f2e048a0000)
  from space 483648K,  42% used [0x00007f2e220f0000, 0x00007f2e2e7ad970, 0x00007f2e3f940000)
  to   space 483648K,   0% used [0x00007f2e048a0000, 0x00007f2e048a0000, 0x00007f2e220f0000)
 tenured generation   total 9673192K, used 9641737K [0x00007f37c30a0000, 0x00007f3a1171a000, 0x00007f4d18600000)
   the space 9673192K,  99% used [0x00007f37c30a0000, 0x00007f3a0f8626c8, 0x00007f3a0f862800, 0x00007f3a1171a000)
 Metaspace       used 24317K, capacity 24714K, committed 24832K, reserved 26624K
}
Event: 2093.340 GC heap before
{Heap before GC invocations=1590 (full 7):
 def new generation   total 4352960K, used 4072822K [0x00007f2d18600000, 0x00007f2e3f940000, 0x00007f37c30a0000)
  eden space 3869312K, 100% used [0x00007f2d18600000, 0x00007f2e048a0000, 0x00007f2e048a0000)
  from space 483648K,  42% used [0x00007f2e220f0000, 0x00007f2e2e7ad970, 0x00007f2e3f940000)
  to   space 483648K,   0% used [0x00007f2e048a0000, 0x00007f2e048a0000, 0x00007f2e220f0000)
 tenured generation   total 9673192K, used 9641737K [0x00007f37c30a0000, 0x00007f3a1171a000, 0x00007f4d18600000)
   the space 9673192K,  99% used [0x00007f37c30a0000, 0x00007f3a0f8626c8, 0x00007f3a0f862800, 0x00007f3a1171a000)
 Metaspace       used 24317K, capacity 24714K, committed 24832K, reserved 26624K
}
Event: 2093.510 GC heap after
{Heap after GC invocations=1591 (full 7):
 def new generation   total 4352960K, used 197339K [0x00007f2d18600000, 0x00007f2e3f940000, 0x00007f37c30a0000)
  eden space 3869312K,   0% used [0x00007f2d18600000, 0x00007f2d18600000, 0x00007f2e048a0000)
  from space 483648K,  40% used [0x00007f2e048a0000, 0x00007f2e10956c80, 0x00007f2e220f0000)
  to   space 483648K,   0% used [0x00007f2e220f0000, 0x00007f2e220f0000, 0x00007f2e3f940000)
 tenured generation   total 9673192K, used 9658697K [0x00007f37c30a0000, 0x00007f3a1171a000, 0x00007f4d18600000)
   the space 9673192K,  99% used [0x00007f37c30a0000, 0x00007f3a108f25c0, 0x00007f3a108f2600, 0x00007f3a1171a000)
 Metaspace       used 24317K, capacity 24714K, committed 24832K, reserved 26624K
}
Event: 2097.056 GC heap before
{Heap before GC invocations=1591 (full 7):
 def new generation   total 4352960K, used 4066651K [0x00007f2d18600000, 0x00007f2e3f940000, 0x00007f37c30a0000)
  eden space 3869312K, 100% used [0x00007f2d18600000, 0x00007f2e048a0000, 0x00007f2e048a0000)
  from space 483648K,  40% used [0x00007f2e048a0000, 0x00007f2e10956c80, 0x00007f2e220f0000)
  to   space 483648K,   0% used [0x00007f2e220f0000, 0x00007f2e220f0000, 0x00007f2e3f940000)
 tenured generation   total 9673192K, used 9658697K [0x00007f37c30a0000, 0x00007f3a1171a000, 0x00007f4d18600000)
   the space 9673192K,  99% used [0x00007f37c30a0000, 0x00007f3a108f25c0, 0x00007f3a108f2600, 0x00007f3a1171a000)
 Metaspace       used 24317K, capacity 24714K, committed 24832K, reserved 26624K
}
Event: 2097.189 GC heap after
{Heap after GC invocations=1592 (full 7):
 def new generation   total 4352960K, used 207116K [0x00007f2d18600000, 0x00007f2e3f940000, 0x00007f37c30a0000)
  eden space 3869312K,   0% used [0x00007f2d18600000, 0x00007f2d18600000, 0x00007f2e048a0000)
  from space 483648K,  42% used [0x00007f2e220f0000, 0x00007f2e2eb33350, 0x00007f2e3f940000)
  to   space 483648K,   0% used [0x00007f2e048a0000, 0x00007f2e048a0000, 0x00007f2e220f0000)
 tenured generation   total 9673192K, used 9658697K [0x00007f37c30a0000, 0x00007f3a1171a000, 0x00007f4d18600000)
   the space 9673192K,  99% used [0x00007f37c30a0000, 0x00007f3a108f25c0, 0x00007f3a108f2600, 0x00007f3a1171a000)
 Metaspace       used 24317K, capacity 24714K, committed 24832K, reserved 26624K
}
Event: 2100.909 GC heap before
{Heap before GC invocations=1592 (full 7):
 def new generation   total 4352960K, used 4076428K [0x00007f2d18600000, 0x00007f2e3f940000, 0x00007f37c30a0000)
  eden space 3869312K, 100% used [0x00007f2d18600000, 0x00007f2e048a0000, 0x00007f2e048a0000)
  from space 483648K,  42% used [0x00007f2e220f0000, 0x00007f2e2eb33350, 0x00007f2e3f940000)
  to   space 483648K,   0% used [0x00007f2e048a0000, 0x00007f2e048a0000, 0x00007f2e220f0000)
 tenured generation   total 9673192K, used 9658697K [0x00007f37c30a0000, 0x00007f3a1171a000, 0x00007f4d18600000)
   the space 9673192K,  99% used [0x00007f37c30a0000, 0x00007f3a108f25c0, 0x00007f3a108f2600, 0x00007f3a1171a000)
 Metaspace       used 24317K, capacity 24714K, committed 24832K, reserved 26624K
}
Event: 2101.068 GC heap after
{Heap after GC invocations=1593 (full 7):
 def new generation   total 4352960K, used 203492K [0x00007f2d18600000, 0x00007f2e3f940000, 0x00007f37c30a0000)
  eden space 3869312K,   0% used [0x00007f2d18600000, 0x00007f2d18600000, 0x00007f2e048a0000)
  from space 483648K,  42% used [0x00007f2e048a0000, 0x00007f2e10f59050, 0x00007f2e220f0000)
  to   space 483648K,   0% used [0x00007f2e220f0000, 0x00007f2e220f0000, 0x00007f2e3f940000)
 tenured generation   total 9689580K, used 9675656K [0x00007f37c30a0000, 0x00007f3a1271b000, 0x00007f4d18600000)
   the space 9689580K,  99% used [0x00007f37c30a0000, 0x00007f3a11982258, 0x00007f3a11982400, 0x00007f3a1271b000)
 Metaspace       used 24317K, capacity 24714K, committed 24832K, reserved 26624K
}
Event: 2101.068 GC heap before
{Heap before GC invocations=1593 (full 7):
 def new generation   total 4352960K, used 203492K [0x00007f2d18600000, 0x00007f2e3f940000, 0x00007f37c30a0000)
  eden space 3869312K,   0% used [0x00007f2d18600000, 0x00007f2d18600000, 0x00007f2e048a0000)
  from space 483648K,  42% used [0x00007f2e048a0000, 0x00007f2e10f59050, 0x00007f2e220f0000)
  to   space 483648K,   0% used [0x00007f2e220f0000, 0x00007f2e220f0000, 0x00007f2e3f940000)
 tenured generation   total 9689580K, used 9675656K [0x00007f37c30a0000, 0x00007f3a1271b000, 0x00007f4d18600000)
   the space 9689580K,  99% used [0x00007f37c30a0000, 0x00007f3a11982258, 0x00007f3a11982400, 0x00007f3a1271b000)
 Metaspace       used 24317K, capacity 24714K, committed 24832K, reserved 26624K
}

