# JRE version: OpenJDK Runtime Environment (13.0.7+5) (build 13.0.7+5-Ubuntu-0ubuntu120.04)
# Java VM: OpenJDK 64-Bit Server VM (13.0.7+5-Ubuntu-0ubuntu120.04, mixed mode, tiered, serial gc, linux-amd64)
Heap:
 def new generation   total 1048832K, used 5956K [0x00007f52c8600000, 0x00007f530f800000, 0x00007f581db50000)
  eden space 932352K,   0% used [0x00007f52c8600000, 0x00007f52c8bd1060, 0x00007f5301480000)
  from space 116480K,   0% used [0x00007f5301480000, 0x00007f5301480000, 0x00007f5308640000)
  to   space 116480K,   0% used [0x00007f5308640000, 0x00007f5308640000, 0x00007f530f800000)
 tenured generation   total 2330752K, used 2330751K [0x00007f581db50000, 0x00007f58abf70000, 0x00007f62c8600000)
   the space 2330752K,  99% used [0x00007f581db50000, 0x00007f58abf6ffe0, 0x00007f58abf70000, 0x00007f58abf70000)
 Metaspace       used 24352K, capacity 24769K, committed 24832K, reserved 26624K
GC Heap History (20 events):
Event: 4663.749 GC heap after
{Heap after GC invocations=8298 (full 2):
 def new generation   total 1048832K, used 6338K [0x00007f52c8600000, 0x00007f530f800000, 0x00007f581db50000)
  eden space 932352K,   0% used [0x00007f52c8600000, 0x00007f52c8600000, 0x00007f5301480000)
  from space 116480K,   5% used [0x00007f5308640000, 0x00007f5308c70828, 0x00007f530f800000)
  to   space 116480K,   0% used [0x00007f5301480000, 0x00007f5301480000, 0x00007f5308640000)
 tenured generation   total 2330560K, used 2326931K [0x00007f581db50000, 0x00007f58abf40000, 0x00007f62c8600000)
   the space 2330560K,  99% used [0x00007f581db50000, 0x00007f58abbb4fa0, 0x00007f58abbb5000, 0x00007f58abf40000)
 Metaspace       used 24352K, capacity 24769K, committed 24832K, reserved 26624K
}
Event: 4664.544 GC heap before
{Heap before GC invocations=8298 (full 2):
 def new generation   total 1048832K, used 938690K [0x00007f52c8600000, 0x00007f530f800000, 0x00007f581db50000)
  eden space 932352K, 100% used [0x00007f52c8600000, 0x00007f5301480000, 0x00007f5301480000)
  from space 116480K,   5% used [0x00007f5308640000, 0x00007f5308c70828, 0x00007f530f800000)
  to   space 116480K,   0% used [0x00007f5301480000, 0x00007f5301480000, 0x00007f5308640000)
 tenured generation   total 2330560K, used 2326931K [0x00007f581db50000, 0x00007f58abf40000, 0x00007f62c8600000)
   the space 2330560K,  99% used [0x00007f581db50000, 0x00007f58abbb4fa0, 0x00007f58abbb5000, 0x00007f58abf40000)
 Metaspace       used 24352K, capacity 24769K, committed 24832K, reserved 26624K
}
Event: 4664.556 GC heap after
{Heap after GC invocations=8299 (full 2):
 def new generation   total 1048832K, used 6280K [0x00007f52c8600000, 0x00007f530f800000, 0x00007f581db50000)
  eden space 932352K,   0% used [0x00007f52c8600000, 0x00007f52c8600000, 0x00007f5301480000)
  from space 116480K,   5% used [0x00007f5301480000, 0x00007f5301aa2310, 0x00007f5308640000)
  to   space 116480K,   0% used [0x00007f5308640000, 0x00007f5308640000, 0x00007f530f800000)
 tenured generation   total 2330560K, used 2327285K [0x00007f581db50000, 0x00007f58abf40000, 0x00007f62c8600000)
   the space 2330560K,  99% used [0x00007f581db50000, 0x00007f58abc0d7a0, 0x00007f58abc0d800, 0x00007f58abf40000)
 Metaspace       used 24352K, capacity 24769K, committed 24832K, reserved 26624K
}
Event: 4665.335 GC heap before
{Heap before GC invocations=8299 (full 2):
 def new generation   total 1048832K, used 938632K [0x00007f52c8600000, 0x00007f530f800000, 0x00007f581db50000)
  eden space 932352K, 100% used [0x00007f52c8600000, 0x00007f5301480000, 0x00007f5301480000)
  from space 116480K,   5% used [0x00007f5301480000, 0x00007f5301aa2310, 0x00007f5308640000)
  to   space 116480K,   0% used [0x00007f5308640000, 0x00007f5308640000, 0x00007f530f800000)
 tenured generation   total 2330560K, used 2327285K [0x00007f581db50000, 0x00007f58abf40000, 0x00007f62c8600000)
   the space 2330560K,  99% used [0x00007f581db50000, 0x00007f58abc0d7a0, 0x00007f58abc0d800, 0x00007f58abf40000)
 Metaspace       used 24352K, capacity 24769K, committed 24832K, reserved 26624K
}
Event: 4665.345 GC heap after
{Heap after GC invocations=8300 (full 2):
 def new generation   total 1048832K, used 6349K [0x00007f52c8600000, 0x00007f530f800000, 0x00007f581db50000)
  eden space 932352K,   0% used [0x00007f52c8600000, 0x00007f52c8600000, 0x00007f5301480000)
  from space 116480K,   5% used [0x00007f5308640000, 0x00007f5308c73678, 0x00007f530f800000)
  to   space 116480K,   0% used [0x00007f5301480000, 0x00007f5301480000, 0x00007f5308640000)
 tenured generation   total 2330560K, used 2327728K [0x00007f581db50000, 0x00007f58abf40000, 0x00007f62c8600000)
   the space 2330560K,  99% used [0x00007f581db50000, 0x00007f58abc7c1a0, 0x00007f58abc7c200, 0x00007f58abf40000)
 Metaspace       used 24352K, capacity 24769K, committed 24832K, reserved 26624K
}
Event: 4666.110 GC heap before
{Heap before GC invocations=8300 (full 2):
 def new generation   total 1048832K, used 938701K [0x00007f52c8600000, 0x00007f530f800000, 0x00007f581db50000)
  eden space 932352K, 100% used [0x00007f52c8600000, 0x00007f5301480000, 0x00007f5301480000)
  from space 116480K,   5% used [0x00007f5308640000, 0x00007f5308c73678, 0x00007f530f800000)
  to   space 116480K,   0% used [0x00007f5301480000, 0x00007f5301480000, 0x00007f5308640000)
 tenured generation   total 2330560K, used 2327728K [0x00007f581db50000, 0x00007f58abf40000, 0x00007f62c8600000)
   the space 2330560K,  99% used [0x00007f581db50000, 0x00007f58abc7c1a0, 0x00007f58abc7c200, 0x00007f58abf40000)
 Metaspace       used 24352K, capacity 24769K, committed 24832K, reserved 26624K
}
Event: 4666.121 GC heap after
{Heap after GC invocations=8301 (full 2):
 def new generation   total 1048832K, used 6329K [0x00007f52c8600000, 0x00007f530f800000, 0x00007f581db50000)
  eden space 932352K,   0% used [0x00007f52c8600000, 0x00007f52c8600000, 0x00007f5301480000)
  from space 116480K,   5% used [0x00007f5301480000, 0x00007f5301aae4e0, 0x00007f5308640000)
  to   space 116480K,   0% used [0x00007f5308640000, 0x00007f5308640000, 0x00007f530f800000)
 tenured generation   total 2330560K, used 2328170K [0x00007f581db50000, 0x00007f58abf40000, 0x00007f62c8600000)
   the space 2330560K,  99% used [0x00007f581db50000, 0x00007f58abceaba0, 0x00007f58abceac00, 0x00007f58abf40000)
 Metaspace       used 24352K, capacity 24769K, committed 24832K, reserved 26624K
}
Event: 4666.913 GC heap before
{Heap before GC invocations=8301 (full 2):
 def new generation   total 1048832K, used 938681K [0x00007f52c8600000, 0x00007f530f800000, 0x00007f581db50000)
  eden space 932352K, 100% used [0x00007f52c8600000, 0x00007f5301480000, 0x00007f5301480000)
  from space 116480K,   5% used [0x00007f5301480000, 0x00007f5301aae4e0, 0x00007f5308640000)
  to   space 116480K,   0% used [0x00007f5308640000, 0x00007f5308640000, 0x00007f530f800000)
 tenured generation   total 2330560K, used 2328170K [0x00007f581db50000, 0x00007f58abf40000, 0x00007f62c8600000)
   the space 2330560K,  99% used [0x00007f581db50000, 0x00007f58abceaba0, 0x00007f58abceac00, 0x00007f58abf40000)
 Metaspace       used 24352K, capacity 24769K, committed 24832K, reserved 26624K
}
Event: 4666.925 GC heap after
{Heap after GC invocations=8302 (full 2):
 def new generation   total 1048832K, used 6279K [0x00007f52c8600000, 0x00007f530f800000, 0x00007f581db50000)
  eden space 932352K,   0% used [0x00007f52c8600000, 0x00007f52c8600000, 0x00007f5301480000)
  from space 116480K,   5% used [0x00007f5308640000, 0x00007f5308c61f58, 0x00007f530f800000)
  to   space 116480K,   0% used [0x00007f5301480000, 0x00007f5301480000, 0x00007f5308640000)
 tenured generation   total 2330560K, used 2328524K [0x00007f581db50000, 0x00007f58abf40000, 0x00007f62c8600000)
   the space 2330560K,  99% used [0x00007f581db50000, 0x00007f58abd433a0, 0x00007f58abd43400, 0x00007f58abf40000)
 Metaspace       used 24352K, capacity 24769K, committed 24832K, reserved 26624K
}
Event: 4667.682 GC heap before
{Heap before GC invocations=8302 (full 2):
 def new generation   total 1048832K, used 938631K [0x00007f52c8600000, 0x00007f530f800000, 0x00007f581db50000)
  eden space 932352K, 100% used [0x00007f52c8600000, 0x00007f5301480000, 0x00007f5301480000)
  from space 116480K,   5% used [0x00007f5308640000, 0x00007f5308c61f58, 0x00007f530f800000)
  to   space 116480K,   0% used [0x00007f5301480000, 0x00007f5301480000, 0x00007f5308640000)
 tenured generation   total 2330560K, used 2328524K [0x00007f581db50000, 0x00007f58abf40000, 0x00007f62c8600000)
   the space 2330560K,  99% used [0x00007f581db50000, 0x00007f58abd433a0, 0x00007f58abd43400, 0x00007f58abf40000)
 Metaspace       used 24352K, capacity 24769K, committed 24832K, reserved 26624K
}
Event: 4667.692 GC heap after
{Heap after GC invocations=8303 (full 2):
 def new generation   total 1048832K, used 6347K [0x00007f52c8600000, 0x00007f530f800000, 0x00007f581db50000)
  eden space 932352K,   0% used [0x00007f52c8600000, 0x00007f52c8600000, 0x00007f5301480000)
  from space 116480K,   5% used [0x00007f5301480000, 0x00007f5301ab2fc8, 0x00007f5308640000)
  to   space 116480K,   0% used [0x00007f5308640000, 0x00007f5308640000, 0x00007f530f800000)
 tenured generation   total 2330560K, used 2328967K [0x00007f581db50000, 0x00007f58abf40000, 0x00007f62c8600000)
   the space 2330560K,  99% used [0x00007f581db50000, 0x00007f58abdb1da0, 0x00007f58abdb1e00, 0x00007f58abf40000)
 Metaspace       used 24352K, capacity 24769K, committed 24832K, reserved 26624K
}
Event: 4668.473 GC heap before
{Heap before GC invocations=8303 (full 2):
 def new generation   total 1048832K, used 938699K [0x00007f52c8600000, 0x00007f530f800000, 0x00007f581db50000)
  eden space 932352K, 100% used [0x00007f52c8600000, 0x00007f5301480000, 0x00007f5301480000)
  from space 116480K,   5% used [0x00007f5301480000, 0x00007f5301ab2fc8, 0x00007f5308640000)
  to   space 116480K,   0% used [0x00007f5308640000, 0x00007f5308640000, 0x00007f530f800000)
 tenured generation   total 2330560K, used 2328967K [0x00007f581db50000, 0x00007f58abf40000, 0x00007f62c8600000)
   the space 2330560K,  99% used [0x00007f581db50000, 0x00007f58abdb1da0, 0x00007f58abdb1e00, 0x00007f58abf40000)
 Metaspace       used 24352K, capacity 24769K, committed 24832K, reserved 26624K
}
Event: 4668.484 GC heap after
{Heap after GC invocations=8304 (full 2):
 def new generation   total 1048832K, used 6340K [0x00007f52c8600000, 0x00007f530f800000, 0x00007f581db50000)
  eden space 932352K,   0% used [0x00007f52c8600000, 0x00007f52c8600000, 0x00007f5301480000)
  from space 116480K,   5% used [0x00007f5308640000, 0x00007f5308c71120, 0x00007f530f800000)
  to   space 116480K,   0% used [0x00007f5301480000, 0x00007f5301480000, 0x00007f5308640000)
 tenured generation   total 2330560K, used 2329409K [0x00007f581db50000, 0x00007f58abf40000, 0x00007f62c8600000)
   the space 2330560K,  99% used [0x00007f581db50000, 0x00007f58abe207a0, 0x00007f58abe20800, 0x00007f58abf40000)
 Metaspace       used 24352K, capacity 24769K, committed 24832K, reserved 26624K
}
Event: 4669.297 GC heap before
{Heap before GC invocations=8304 (full 2):
 def new generation   total 1048832K, used 938692K [0x00007f52c8600000, 0x00007f530f800000, 0x00007f581db50000)
  eden space 932352K, 100% used [0x00007f52c8600000, 0x00007f5301480000, 0x00007f5301480000)
  from space 116480K,   5% used [0x00007f5308640000, 0x00007f5308c71120, 0x00007f530f800000)
  to   space 116480K,   0% used [0x00007f5301480000, 0x00007f5301480000, 0x00007f5308640000)
 tenured generation   total 2330560K, used 2329409K [0x00007f581db50000, 0x00007f58abf40000, 0x00007f62c8600000)
   the space 2330560K,  99% used [0x00007f581db50000, 0x00007f58abe207a0, 0x00007f58abe20800, 0x00007f58abf40000)
 Metaspace       used 24352K, capacity 24769K, committed 24832K, reserved 26624K
}
Event: 4669.310 GC heap after
{Heap after GC invocations=8305 (full 2):
 def new generation   total 1048832K, used 6466K [0x00007f52c8600000, 0x00007f530f800000, 0x00007f581db50000)
  eden space 932352K,   0% used [0x00007f52c8600000, 0x00007f52c8600000, 0x00007f5301480000)
  from space 116480K,   5% used [0x00007f5301480000, 0x00007f5301ad0860, 0x00007f5308640000)
  to   space 116480K,   0% used [0x00007f5308640000, 0x00007f5308640000, 0x00007f530f800000)
 tenured generation   total 2330560K, used 2329764K [0x00007f581db50000, 0x00007f58abf40000, 0x00007f62c8600000)
   the space 2330560K,  99% used [0x00007f581db50000, 0x00007f58abe791e0, 0x00007f58abe79200, 0x00007f58abf40000)
 Metaspace       used 24352K, capacity 24769K, committed 24832K, reserved 26624K
}
Event: 4669.992 GC heap before
{Heap before GC invocations=8305 (full 2):
 def new generation   total 1048832K, used 938818K [0x00007f52c8600000, 0x00007f530f800000, 0x00007f581db50000)
  eden space 932352K, 100% used [0x00007f52c8600000, 0x00007f5301480000, 0x00007f5301480000)
  from space 116480K,   5% used [0x00007f5301480000, 0x00007f5301ad0860, 0x00007f5308640000)
  to   space 116480K,   0% used [0x00007f5308640000, 0x00007f5308640000, 0x00007f530f800000)
 tenured generation   total 2330560K, used 2329764K [0x00007f581db50000, 0x00007f58abf40000, 0x00007f62c8600000)
   the space 2330560K,  99% used [0x00007f581db50000, 0x00007f58abe791e0, 0x00007f58abe79200, 0x00007f58abf40000)
 Metaspace       used 24352K, capacity 24769K, committed 24832K, reserved 26624K
}
Event: 4670.002 GC heap after
{Heap after GC invocations=8306 (full 2):
 def new generation   total 1048832K, used 6384K [0x00007f52c8600000, 0x00007f530f800000, 0x00007f581db50000)
  eden space 932352K,   0% used [0x00007f52c8600000, 0x00007f52c8600000, 0x00007f5301480000)
  from space 116480K,   5% used [0x00007f5308640000, 0x00007f5308c7c0d0, 0x00007f530f800000)
  to   space 116480K,   0% used [0x00007f5301480000, 0x00007f5301480000, 0x00007f5308640000)
 tenured generation   total 2330560K, used 2330206K [0x00007f581db50000, 0x00007f58abf40000, 0x00007f62c8600000)
   the space 2330560K,  99% used [0x00007f581db50000, 0x00007f58abee79a0, 0x00007f58abee7a00, 0x00007f58abf40000)
 Metaspace       used 24352K, capacity 24769K, committed 24832K, reserved 26624K
}
Event: 4670.759 GC heap before
{Heap before GC invocations=8306 (full 2):
 def new generation   total 1048832K, used 938736K [0x00007f52c8600000, 0x00007f530f800000, 0x00007f581db50000)
  eden space 932352K, 100% used [0x00007f52c8600000, 0x00007f5301480000, 0x00007f5301480000)
  from space 116480K,   5% used [0x00007f5308640000, 0x00007f5308c7c0d0, 0x00007f530f800000)
  to   space 116480K,   0% used [0x00007f5301480000, 0x00007f5301480000, 0x00007f5308640000)
 tenured generation   total 2330560K, used 2330206K [0x00007f581db50000, 0x00007f58abf40000, 0x00007f62c8600000)
   the space 2330560K,  99% used [0x00007f581db50000, 0x00007f58abee79a0, 0x00007f58abee7a00, 0x00007f58abf40000)
 Metaspace       used 24352K, capacity 24769K, committed 24832K, reserved 26624K
}
Event: 4670.770 GC heap after
{Heap after GC invocations=8307 (full 2):
 def new generation   total 1048832K, used 6140K [0x00007f52c8600000, 0x00007f530f800000, 0x00007f581db50000)
  eden space 932352K,   0% used [0x00007f52c8600000, 0x00007f52c8600000, 0x00007f5301480000)
  from space 116480K,   5% used [0x00007f5301480000, 0x00007f5301a7f098, 0x00007f5308640000)
  to   space 116480K,   0% used [0x00007f5308640000, 0x00007f5308640000, 0x00007f530f800000)
 tenured generation   total 2330752K, used 2330648K [0x00007f581db50000, 0x00007f58abf70000, 0x00007f62c8600000)
   the space 2330752K,  99% used [0x00007f581db50000, 0x00007f58abf563a0, 0x00007f58abf56400, 0x00007f58abf70000)
 Metaspace       used 24352K, capacity 24769K, committed 24832K, reserved 26624K
}
Event: 4670.770 GC heap before
{Heap before GC invocations=8307 (full 2):
 def new generation   total 1048832K, used 6140K [0x00007f52c8600000, 0x00007f530f800000, 0x00007f581db50000)
  eden space 932352K,   0% used [0x00007f52c8600000, 0x00007f52c8600000, 0x00007f5301480000)
  from space 116480K,   5% used [0x00007f5301480000, 0x00007f5301a7f098, 0x00007f5308640000)
  to   space 116480K,   0% used [0x00007f5308640000, 0x00007f5308640000, 0x00007f530f800000)
 tenured generation   total 2330752K, used 2330648K [0x00007f581db50000, 0x00007f58abf70000, 0x00007f62c8600000)
   the space 2330752K,  99% used [0x00007f581db50000, 0x00007f58abf563a0, 0x00007f58abf56400, 0x00007f58abf70000)
 Metaspace       used 24352K, capacity 24769K, committed 24832K, reserved 26624K
}

