# JRE version: OpenJDK Runtime Environment (13.0.7+5) (build 13.0.7+5-Ubuntu-0ubuntu120.04)
# Java VM: OpenJDK 64-Bit Server VM (13.0.7+5-Ubuntu-0ubuntu120.04, mixed mode, tiered, serial gc, linux-amd64)
Heap:
 def new generation   total 2996992K, used 322226K [0x00007fb090600000, 0x00007fb15b9f0000, 0x00007fb5e5b50000)
  eden space 2664000K,  12% used [0x00007fb090600000, 0x00007fb0a40aca68, 0x00007fb132f90000)
  from space 332992K,   0% used [0x00007fb1474c0000, 0x00007fb1474c0000, 0x00007fb15b9f0000)
  to   space 332992K,   0% used [0x00007fb132f90000, 0x00007fb132f90000, 0x00007fb1474c0000)
 tenured generation   total 6944632K, used 6944631K [0x00007fb5e5b50000, 0x00007fb78d92e000, 0x00007fc090600000)
   the space 6944632K,  99% used [0x00007fb5e5b50000, 0x00007fb78d92dfe8, 0x00007fb78d92e000, 0x00007fb78d92e000)
 Metaspace       used 30675K, capacity 31059K, committed 31232K, reserved 32768K
GC Heap History (20 events):
Event: 108.422 GC heap after
{Heap after GC invocations=76 (full 4):
 def new generation   total 2996992K, used 227746K [0x00007fb090600000, 0x00007fb15b9f0000, 0x00007fb5e5b50000)
  eden space 2664000K,   0% used [0x00007fb090600000, 0x00007fb090600000, 0x00007fb132f90000)
  from space 332992K,  68% used [0x00007fb132f90000, 0x00007fb140df8848, 0x00007fb1474c0000)
  to   space 332992K,   0% used [0x00007fb1474c0000, 0x00007fb1474c0000, 0x00007fb15b9f0000)
 tenured generation   total 6659896K, used 4647424K [0x00007fb5e5b50000, 0x00007fb77c31e000, 0x00007fc090600000)
   the space 6659896K,  69% used [0x00007fb5e5b50000, 0x00007fb7015d03e8, 0x00007fb7015d0400, 0x00007fb77c31e000)
 Metaspace       used 30675K, capacity 31059K, committed 31232K, reserved 32768K
}
Event: 109.162 GC heap before
{Heap before GC invocations=76 (full 4):
 def new generation   total 2996992K, used 2891746K [0x00007fb090600000, 0x00007fb15b9f0000, 0x00007fb5e5b50000)
  eden space 2664000K, 100% used [0x00007fb090600000, 0x00007fb132f90000, 0x00007fb132f90000)
  from space 332992K,  68% used [0x00007fb132f90000, 0x00007fb140df8848, 0x00007fb1474c0000)
  to   space 332992K,   0% used [0x00007fb1474c0000, 0x00007fb1474c0000, 0x00007fb15b9f0000)
 tenured generation   total 6659896K, used 4647424K [0x00007fb5e5b50000, 0x00007fb77c31e000, 0x00007fc090600000)
   the space 6659896K,  69% used [0x00007fb5e5b50000, 0x00007fb7015d03e8, 0x00007fb7015d0400, 0x00007fb77c31e000)
 Metaspace       used 30675K, capacity 31059K, committed 31232K, reserved 32768K
}
Event: 109.857 GC heap after
{Heap after GC invocations=77 (full 4):
 def new generation   total 2996992K, used 184514K [0x00007fb090600000, 0x00007fb15b9f0000, 0x00007fb5e5b50000)
  eden space 2664000K,   0% used [0x00007fb090600000, 0x00007fb090600000, 0x00007fb132f90000)
  from space 332992K,  55% used [0x00007fb1474c0000, 0x00007fb1528f0ba8, 0x00007fb15b9f0000)
  to   space 332992K,   0% used [0x00007fb132f90000, 0x00007fb132f90000, 0x00007fb1474c0000)
 tenured generation   total 6659896K, used 4875170K [0x00007fb5e5b50000, 0x00007fb77c31e000, 0x00007fc090600000)
   the space 6659896K,  73% used [0x00007fb5e5b50000, 0x00007fb70f4388a0, 0x00007fb70f438a00, 0x00007fb77c31e000)
 Metaspace       used 30675K, capacity 31059K, committed 31232K, reserved 32768K
}
Event: 110.599 GC heap before
{Heap before GC invocations=77 (full 4):
 def new generation   total 2996992K, used 2848514K [0x00007fb090600000, 0x00007fb15b9f0000, 0x00007fb5e5b50000)
  eden space 2664000K, 100% used [0x00007fb090600000, 0x00007fb132f90000, 0x00007fb132f90000)
  from space 332992K,  55% used [0x00007fb1474c0000, 0x00007fb1528f0ba8, 0x00007fb15b9f0000)
  to   space 332992K,   0% used [0x00007fb132f90000, 0x00007fb132f90000, 0x00007fb1474c0000)
 tenured generation   total 6659896K, used 4875170K [0x00007fb5e5b50000, 0x00007fb77c31e000, 0x00007fc090600000)
   the space 6659896K,  73% used [0x00007fb5e5b50000, 0x00007fb70f4388a0, 0x00007fb70f438a00, 0x00007fb77c31e000)
 Metaspace       used 30675K, capacity 31059K, committed 31232K, reserved 32768K
}
Event: 111.375 GC heap after
{Heap after GC invocations=78 (full 4):
 def new generation   total 2996992K, used 201156K [0x00007fb090600000, 0x00007fb15b9f0000, 0x00007fb5e5b50000)
  eden space 2664000K,   0% used [0x00007fb090600000, 0x00007fb090600000, 0x00007fb132f90000)
  from space 332992K,  60% used [0x00007fb132f90000, 0x00007fb13f4012a0, 0x00007fb1474c0000)
  to   space 332992K,   0% used [0x00007fb1474c0000, 0x00007fb1474c0000, 0x00007fb15b9f0000)
 tenured generation   total 6659896K, used 5059684K [0x00007fb5e5b50000, 0x00007fb77c31e000, 0x00007fc090600000)
   the space 6659896K,  75% used [0x00007fb5e5b50000, 0x00007fb71a869128, 0x00007fb71a869200, 0x00007fb77c31e000)
 Metaspace       used 30675K, capacity 31059K, committed 31232K, reserved 32768K
}
Event: 112.125 GC heap before
{Heap before GC invocations=78 (full 4):
 def new generation   total 2996992K, used 2865156K [0x00007fb090600000, 0x00007fb15b9f0000, 0x00007fb5e5b50000)
  eden space 2664000K, 100% used [0x00007fb090600000, 0x00007fb132f90000, 0x00007fb132f90000)
  from space 332992K,  60% used [0x00007fb132f90000, 0x00007fb13f4012a0, 0x00007fb1474c0000)
  to   space 332992K,   0% used [0x00007fb1474c0000, 0x00007fb1474c0000, 0x00007fb15b9f0000)
 tenured generation   total 6659896K, used 5059684K [0x00007fb5e5b50000, 0x00007fb77c31e000, 0x00007fc090600000)
   the space 6659896K,  75% used [0x00007fb5e5b50000, 0x00007fb71a869128, 0x00007fb71a869200, 0x00007fb77c31e000)
 Metaspace       used 30675K, capacity 31059K, committed 31232K, reserved 32768K
}
Event: 112.821 GC heap after
{Heap after GC invocations=79 (full 4):
 def new generation   total 2996992K, used 197996K [0x00007fb090600000, 0x00007fb15b9f0000, 0x00007fb5e5b50000)
  eden space 2664000K,   0% used [0x00007fb090600000, 0x00007fb090600000, 0x00007fb132f90000)
  from space 332992K,  59% used [0x00007fb1474c0000, 0x00007fb15361b118, 0x00007fb15b9f0000)
  to   space 332992K,   0% used [0x00007fb132f90000, 0x00007fb132f90000, 0x00007fb1474c0000)
 tenured generation   total 6659896K, used 5260840K [0x00007fb5e5b50000, 0x00007fb77c31e000, 0x00007fc090600000)
   the space 6659896K,  78% used [0x00007fb5e5b50000, 0x00007fb726cda228, 0x00007fb726cda400, 0x00007fb77c31e000)
 Metaspace       used 30675K, capacity 31059K, committed 31232K, reserved 32768K
}
Event: 113.646 GC heap before
{Heap before GC invocations=79 (full 4):
 def new generation   total 2996992K, used 2861996K [0x00007fb090600000, 0x00007fb15b9f0000, 0x00007fb5e5b50000)
  eden space 2664000K, 100% used [0x00007fb090600000, 0x00007fb132f90000, 0x00007fb132f90000)
  from space 332992K,  59% used [0x00007fb1474c0000, 0x00007fb15361b118, 0x00007fb15b9f0000)
  to   space 332992K,   0% used [0x00007fb132f90000, 0x00007fb132f90000, 0x00007fb1474c0000)
 tenured generation   total 6659896K, used 5260840K [0x00007fb5e5b50000, 0x00007fb77c31e000, 0x00007fc090600000)
   the space 6659896K,  78% used [0x00007fb5e5b50000, 0x00007fb726cda228, 0x00007fb726cda400, 0x00007fb77c31e000)
 Metaspace       used 30675K, capacity 31059K, committed 31232K, reserved 32768K
}
Event: 114.420 GC heap after
{Heap after GC invocations=80 (full 4):
 def new generation   total 2996992K, used 214359K [0x00007fb090600000, 0x00007fb15b9f0000, 0x00007fb5e5b50000)
  eden space 2664000K,   0% used [0x00007fb090600000, 0x00007fb090600000, 0x00007fb132f90000)
  from space 332992K,  64% used [0x00007fb132f90000, 0x00007fb1400e5c08, 0x00007fb1474c0000)
  to   space 332992K,   0% used [0x00007fb1474c0000, 0x00007fb1474c0000, 0x00007fb15b9f0000)
 tenured generation   total 6659896K, used 5458835K [0x00007fb5e5b50000, 0x00007fb77c31e000, 0x00007fc090600000)
   the space 6659896K,  81% used [0x00007fb5e5b50000, 0x00007fb732e34e90, 0x00007fb732e35000, 0x00007fb77c31e000)
 Metaspace       used 30675K, capacity 31059K, committed 31232K, reserved 32768K
}
Event: 115.161 GC heap before
{Heap before GC invocations=80 (full 4):
 def new generation   total 2996992K, used 2878359K [0x00007fb090600000, 0x00007fb15b9f0000, 0x00007fb5e5b50000)
  eden space 2664000K, 100% used [0x00007fb090600000, 0x00007fb132f90000, 0x00007fb132f90000)
  from space 332992K,  64% used [0x00007fb132f90000, 0x00007fb1400e5c08, 0x00007fb1474c0000)
  to   space 332992K,   0% used [0x00007fb1474c0000, 0x00007fb1474c0000, 0x00007fb15b9f0000)
 tenured generation   total 6659896K, used 5458835K [0x00007fb5e5b50000, 0x00007fb77c31e000, 0x00007fc090600000)
   the space 6659896K,  81% used [0x00007fb5e5b50000, 0x00007fb732e34e90, 0x00007fb732e35000, 0x00007fb77c31e000)
 Metaspace       used 30675K, capacity 31059K, committed 31232K, reserved 32768K
}
Event: 115.858 GC heap after
{Heap after GC invocations=81 (full 4):
 def new generation   total 2996992K, used 200950K [0x00007fb090600000, 0x00007fb15b9f0000, 0x00007fb5e5b50000)
  eden space 2664000K,   0% used [0x00007fb090600000, 0x00007fb090600000, 0x00007fb132f90000)
  from space 332992K,  60% used [0x00007fb1474c0000, 0x00007fb1538fdad8, 0x00007fb15b9f0000)
  to   space 332992K,   0% used [0x00007fb132f90000, 0x00007fb132f90000, 0x00007fb1474c0000)
 tenured generation   total 6659896K, used 5673193K [0x00007fb5e5b50000, 0x00007fb77c31e000, 0x00007fc090600000)
   the space 6659896K,  85% used [0x00007fb5e5b50000, 0x00007fb73ff8a728, 0x00007fb73ff8a800, 0x00007fb77c31e000)
 Metaspace       used 30675K, capacity 31059K, committed 31232K, reserved 32768K
}
Event: 116.675 GC heap before
{Heap before GC invocations=81 (full 4):
 def new generation   total 2996992K, used 2864950K [0x00007fb090600000, 0x00007fb15b9f0000, 0x00007fb5e5b50000)
  eden space 2664000K, 100% used [0x00007fb090600000, 0x00007fb132f90000, 0x00007fb132f90000)
  from space 332992K,  60% used [0x00007fb1474c0000, 0x00007fb1538fdad8, 0x00007fb15b9f0000)
  to   space 332992K,   0% used [0x00007fb132f90000, 0x00007fb132f90000, 0x00007fb1474c0000)
 tenured generation   total 6659896K, used 5673193K [0x00007fb5e5b50000, 0x00007fb77c31e000, 0x00007fc090600000)
   the space 6659896K,  85% used [0x00007fb5e5b50000, 0x00007fb73ff8a728, 0x00007fb73ff8a800, 0x00007fb77c31e000)
 Metaspace       used 30675K, capacity 31059K, committed 31232K, reserved 32768K
}
Event: 117.678 GC heap after
{Heap after GC invocations=82 (full 4):
 def new generation   total 2996992K, used 332992K [0x00007fb090600000, 0x00007fb15b9f0000, 0x00007fb5e5b50000)
  eden space 2664000K,   0% used [0x00007fb090600000, 0x00007fb090600000, 0x00007fb132f90000)
  from space 332992K, 100% used [0x00007fb132f90000, 0x00007fb1474c0000, 0x00007fb1474c0000)
  to   space 332992K,   0% used [0x00007fb1474c0000, 0x00007fb1474c0000, 0x00007fb15b9f0000)
 tenured generation   total 6659896K, used 5875021K [0x00007fb5e5b50000, 0x00007fb77c31e000, 0x00007fc090600000)
   the space 6659896K,  88% used [0x00007fb5e5b50000, 0x00007fb74c4a36a0, 0x00007fb74c4a3800, 0x00007fb77c31e000)
 Metaspace       used 30675K, capacity 31059K, committed 31232K, reserved 32768K
}
Event: 118.500 GC heap before
{Heap before GC invocations=82 (full 4):
 def new generation   total 2996992K, used 2996992K [0x00007fb090600000, 0x00007fb15b9f0000, 0x00007fb5e5b50000)
  eden space 2664000K, 100% used [0x00007fb090600000, 0x00007fb132f90000, 0x00007fb132f90000)
  from space 332992K, 100% used [0x00007fb132f90000, 0x00007fb1474c0000, 0x00007fb1474c0000)
  to   space 332992K,   0% used [0x00007fb1474c0000, 0x00007fb1474c0000, 0x00007fb15b9f0000)
 tenured generation   total 6659896K, used 5875021K [0x00007fb5e5b50000, 0x00007fb77c31e000, 0x00007fc090600000)
   the space 6659896K,  88% used [0x00007fb5e5b50000, 0x00007fb74c4a36a0, 0x00007fb74c4a3800, 0x00007fb77c31e000)
 Metaspace       used 30675K, capacity 31059K, committed 31232K, reserved 32768K
}
Event: 119.692 GC heap after
{Heap after GC invocations=83 (full 4):
 def new generation   total 2996992K, used 332992K [0x00007fb090600000, 0x00007fb15b9f0000, 0x00007fb5e5b50000)
  eden space 2664000K,   0% used [0x00007fb090600000, 0x00007fb090600000, 0x00007fb132f90000)
  from space 332992K, 100% used [0x00007fb1474c0000, 0x00007fb15b9f0000, 0x00007fb15b9f0000)
  to   space 332992K,   0% used [0x00007fb132f90000, 0x00007fb132f90000, 0x00007fb1474c0000)
 tenured generation   total 6659896K, used 6250517K [0x00007fb5e5b50000, 0x00007fb77c31e000, 0x00007fc090600000)
   the space 6659896K,  93% used [0x00007fb5e5b50000, 0x00007fb763355740, 0x00007fb763355800, 0x00007fb77c31e000)
 Metaspace       used 30675K, capacity 31059K, committed 31232K, reserved 32768K
}
Event: 120.483 GC heap before
{Heap before GC invocations=83 (full 4):
 def new generation   total 2996992K, used 2996992K [0x00007fb090600000, 0x00007fb15b9f0000, 0x00007fb5e5b50000)
  eden space 2664000K, 100% used [0x00007fb090600000, 0x00007fb132f90000, 0x00007fb132f90000)
  from space 332992K, 100% used [0x00007fb1474c0000, 0x00007fb15b9f0000, 0x00007fb15b9f0000)
  to   space 332992K,   0% used [0x00007fb132f90000, 0x00007fb132f90000, 0x00007fb1474c0000)
 tenured generation   total 6659896K, used 6250517K [0x00007fb5e5b50000, 0x00007fb77c31e000, 0x00007fc090600000)
   the space 6659896K,  93% used [0x00007fb5e5b50000, 0x00007fb763355740, 0x00007fb763355800, 0x00007fb77c31e000)
 Metaspace       used 30675K, capacity 31059K, committed 31232K, reserved 32768K
}
Event: 125.278 GC heap after
{Heap after GC invocations=84 (full 4):
 def new generation   total 2996992K, used 332992K [0x00007fb090600000, 0x00007fb15b9f0000, 0x00007fb5e5b50000)
  eden space 2664000K,   0% used [0x00007fb090600000, 0x00007fb090600000, 0x00007fb132f90000)
  from space 332992K, 100% used [0x00007fb132f90000, 0x00007fb1474c0000, 0x00007fb1474c0000)
  to   space 332992K,   0% used [0x00007fb1474c0000, 0x00007fb1474c0000, 0x00007fb15b9f0000)
 tenured generation   total 6659896K, used 6611585K [0x00007fb5e5b50000, 0x00007fb77c31e000, 0x00007fc090600000)
   the space 6659896K,  99% used [0x00007fb5e5b50000, 0x00007fb7793f0598, 0x00007fb7793f0600, 0x00007fb77c31e000)
 Metaspace       used 30675K, capacity 31059K, committed 31232K, reserved 32768K
}
Event: 126.140 GC heap before
{Heap before GC invocations=84 (full 4):
 def new generation   total 2996992K, used 2996992K [0x00007fb090600000, 0x00007fb15b9f0000, 0x00007fb5e5b50000)
  eden space 2664000K, 100% used [0x00007fb090600000, 0x00007fb132f90000, 0x00007fb132f90000)
  from space 332992K, 100% used [0x00007fb132f90000, 0x00007fb1474c0000, 0x00007fb1474c0000)
  to   space 332992K,   0% used [0x00007fb1474c0000, 0x00007fb1474c0000, 0x00007fb15b9f0000)
 tenured generation   total 6659896K, used 6611585K [0x00007fb5e5b50000, 0x00007fb77c31e000, 0x00007fc090600000)
   the space 6659896K,  99% used [0x00007fb5e5b50000, 0x00007fb7793f0598, 0x00007fb7793f0600, 0x00007fb77c31e000)
 Metaspace       used 30675K, capacity 31059K, committed 31232K, reserved 32768K
}
Event: 127.286 GC heap after
{Heap after GC invocations=85 (full 4):
 def new generation   total 2996992K, used 322281K [0x00007fb090600000, 0x00007fb15b9f0000, 0x00007fb5e5b50000)
  eden space 2664000K,   0% used [0x00007fb090600000, 0x00007fb090600000, 0x00007fb132f90000)
  from space 332992K,  96% used [0x00007fb1474c0000, 0x00007fb15af7a4b8, 0x00007fb15b9f0000)
  to   space 332992K,   0% used [0x00007fb132f90000, 0x00007fb132f90000, 0x00007fb1474c0000)
 tenured generation   total 6944632K, used 6944577K [0x00007fb5e5b50000, 0x00007fb78d92e000, 0x00007fc090600000)
   the space 6944632K,  99% used [0x00007fb5e5b50000, 0x00007fb78d920598, 0x00007fb78d920600, 0x00007fb78d92e000)
 Metaspace       used 30675K, capacity 31059K, committed 31232K, reserved 32768K
}
Event: 127.286 GC heap before
{Heap before GC invocations=85 (full 4):
 def new generation   total 2996992K, used 322281K [0x00007fb090600000, 0x00007fb15b9f0000, 0x00007fb5e5b50000)
  eden space 2664000K,   0% used [0x00007fb090600000, 0x00007fb090600000, 0x00007fb132f90000)
  from space 332992K,  96% used [0x00007fb1474c0000, 0x00007fb15af7a4b8, 0x00007fb15b9f0000)
  to   space 332992K,   0% used [0x00007fb132f90000, 0x00007fb132f90000, 0x00007fb1474c0000)
 tenured generation   total 6944632K, used 6944577K [0x00007fb5e5b50000, 0x00007fb78d92e000, 0x00007fc090600000)
   the space 6944632K,  99% used [0x00007fb5e5b50000, 0x00007fb78d920598, 0x00007fb78d920600, 0x00007fb78d92e000)
 Metaspace       used 30675K, capacity 31059K, committed 31232K, reserved 32768K
}

