# JRE version: OpenJDK Runtime Environment (13.0.7+5) (build 13.0.7+5-Ubuntu-0ubuntu120.04)
# Java VM: OpenJDK 64-Bit Server VM (13.0.7+5-Ubuntu-0ubuntu120.04, mixed mode, tiered, serial gc, linux-amd64)
Heap:
 def new generation   total 3065984K, used 0K [0x00007fb6b0600000, 0x00007fb7804c0000, 0x00007fbc05b50000)
  eden space 2725376K,   0% used [0x00007fb6b0600000, 0x00007fb6b0600000, 0x00007fb756b80000)
  from space 340608K,   0% used [0x00007fb756b80000, 0x00007fb756b80000, 0x00007fb76b820000)
  to   space 340608K,   0% used [0x00007fb76b820000, 0x00007fb76b820000, 0x00007fb7804c0000)
 tenured generation   total 6844984K, used 6425551K [0x00007fbc05b50000, 0x00007fbda77de000, 0x00007fc6b0600000)
   the space 6844984K,  93% used [0x00007fbc05b50000, 0x00007fbd8de43f40, 0x00007fbd8de44000, 0x00007fbda77de000)
 Metaspace       used 30233K, capacity 30705K, committed 30720K, reserved 30720K
GC Heap History (20 events):
Event: 110.279 GC heap after
{Heap after GC invocations=55 (full 4):
 def new generation   total 1634112K, used 181503K [0x00007fb6b0600000, 0x00007fb71f310000, 0x00007fbc05b50000)
  eden space 1452608K,   0% used [0x00007fb6b0600000, 0x00007fb6b0600000, 0x00007fb709090000)
  from space 181504K,  99% used [0x00007fb709090000, 0x00007fb7141cfff8, 0x00007fb7141d0000)
  to   space 181504K,   0% used [0x00007fb7141d0000, 0x00007fb7141d0000, 0x00007fb71f310000)
 tenured generation   total 4160264K, used 4160132K [0x00007fbc05b50000, 0x00007fbd03a12000, 0x00007fc6b0600000)
   the space 4160264K,  99% used [0x00007fbc05b50000, 0x00007fbd039f1368, 0x00007fbd039f1400, 0x00007fbd03a12000)
 Metaspace       used 30233K, capacity 30705K, committed 30720K, reserved 30720K
}
Event: 110.279 GC heap before
{Heap before GC invocations=55 (full 4):
 def new generation   total 1634112K, used 181503K [0x00007fb6b0600000, 0x00007fb71f310000, 0x00007fbc05b50000)
  eden space 1452608K,   0% used [0x00007fb6b0600000, 0x00007fb6b0600000, 0x00007fb709090000)
  from space 181504K,  99% used [0x00007fb709090000, 0x00007fb7141cfff8, 0x00007fb7141d0000)
  to   space 181504K,   0% used [0x00007fb7141d0000, 0x00007fb7141d0000, 0x00007fb71f310000)
 tenured generation   total 4160264K, used 4160132K [0x00007fbc05b50000, 0x00007fbd03a12000, 0x00007fc6b0600000)
   the space 4160264K,  99% used [0x00007fbc05b50000, 0x00007fbd039f1368, 0x00007fbd039f1400, 0x00007fbd03a12000)
 Metaspace       used 30233K, capacity 30705K, committed 30720K, reserved 30720K
}
Event: 122.273 GC heap after
{Heap after GC invocations=55 (full 5):
 def new generation   total 3065984K, used 0K [0x00007fb6b0600000, 0x00007fb7804c0000, 0x00007fbc05b50000)
  eden space 2725376K,   0% used [0x00007fb6b0600000, 0x00007fb6b0600000, 0x00007fb756b80000)
  from space 340608K,   0% used [0x00007fb756b80000, 0x00007fb756b80000, 0x00007fb76b820000)
  to   space 340608K,   0% used [0x00007fb76b820000, 0x00007fb76b820000, 0x00007fb7804c0000)
 tenured generation   total 6813112K, used 4087865K [0x00007fbc05b50000, 0x00007fbda58be000, 0x00007fc6b0600000)
   the space 6813112K,  59% used [0x00007fbc05b50000, 0x00007fbcff35e670, 0x00007fbcff35e800, 0x00007fbda58be000)
 Metaspace       used 30233K, capacity 30705K, committed 30720K, reserved 30720K
}
Event: 208.596 GC heap before
{Heap before GC invocations=55 (full 5):
 def new generation   total 3065984K, used 2725376K [0x00007fb6b0600000, 0x00007fb7804c0000, 0x00007fbc05b50000)
  eden space 2725376K, 100% used [0x00007fb6b0600000, 0x00007fb756b80000, 0x00007fb756b80000)
  from space 340608K,   0% used [0x00007fb756b80000, 0x00007fb756b80000, 0x00007fb76b820000)
  to   space 340608K,   0% used [0x00007fb76b820000, 0x00007fb76b820000, 0x00007fb7804c0000)
 tenured generation   total 6813112K, used 4087865K [0x00007fbc05b50000, 0x00007fbda58be000, 0x00007fc6b0600000)
   the space 6813112K,  59% used [0x00007fbc05b50000, 0x00007fbcff35e670, 0x00007fbcff35e800, 0x00007fbda58be000)
 Metaspace       used 30233K, capacity 30705K, committed 30720K, reserved 30720K
}
Event: 210.009 GC heap after
{Heap after GC invocations=56 (full 5):
 def new generation   total 3065984K, used 340607K [0x00007fb6b0600000, 0x00007fb7804c0000, 0x00007fbc05b50000)
  eden space 2725376K,   0% used [0x00007fb6b0600000, 0x00007fb6b0600000, 0x00007fb756b80000)
  from space 340608K,  99% used [0x00007fb76b820000, 0x00007fb7804bfff0, 0x00007fb7804c0000)
  to   space 340608K,   0% used [0x00007fb756b80000, 0x00007fb756b80000, 0x00007fb76b820000)
 tenured generation   total 6813112K, used 4321014K [0x00007fbc05b50000, 0x00007fbda58be000, 0x00007fc6b0600000)
   the space 6813112K,  63% used [0x00007fbc05b50000, 0x00007fbd0d70db90, 0x00007fbd0d70dc00, 0x00007fbda58be000)
 Metaspace       used 30233K, capacity 30705K, committed 30720K, reserved 30720K
}
Event: 297.230 GC heap before
{Heap before GC invocations=56 (full 5):
 def new generation   total 3065984K, used 3065983K [0x00007fb6b0600000, 0x00007fb7804c0000, 0x00007fbc05b50000)
  eden space 2725376K, 100% used [0x00007fb6b0600000, 0x00007fb756b80000, 0x00007fb756b80000)
  from space 340608K,  99% used [0x00007fb76b820000, 0x00007fb7804bfff0, 0x00007fb7804c0000)
  to   space 340608K,   0% used [0x00007fb756b80000, 0x00007fb756b80000, 0x00007fb76b820000)
 tenured generation   total 6813112K, used 4321014K [0x00007fbc05b50000, 0x00007fbda58be000, 0x00007fc6b0600000)
   the space 6813112K,  63% used [0x00007fbc05b50000, 0x00007fbd0d70db90, 0x00007fbd0d70dc00, 0x00007fbda58be000)
 Metaspace       used 30233K, capacity 30705K, committed 30720K, reserved 30720K
}
Event: 298.743 GC heap after
{Heap after GC invocations=57 (full 5):
 def new generation   total 3065984K, used 340607K [0x00007fb6b0600000, 0x00007fb7804c0000, 0x00007fbc05b50000)
  eden space 2725376K,   0% used [0x00007fb6b0600000, 0x00007fb6b0600000, 0x00007fb756b80000)
  from space 340608K,  99% used [0x00007fb756b80000, 0x00007fb76b81fff0, 0x00007fb76b820000)
  to   space 340608K,   0% used [0x00007fb76b820000, 0x00007fb76b820000, 0x00007fb7804c0000)
 tenured generation   total 6813112K, used 4894772K [0x00007fbc05b50000, 0x00007fbda58be000, 0x00007fc6b0600000)
   the space 6813112K,  71% used [0x00007fbc05b50000, 0x00007fbd3075d0b0, 0x00007fbd3075d200, 0x00007fbda58be000)
 Metaspace       used 30233K, capacity 30705K, committed 30720K, reserved 30720K
}
Event: 341.751 GC heap before
{Heap before GC invocations=57 (full 5):
 def new generation   total 3065984K, used 3065983K [0x00007fb6b0600000, 0x00007fb7804c0000, 0x00007fbc05b50000)
  eden space 2725376K, 100% used [0x00007fb6b0600000, 0x00007fb756b80000, 0x00007fb756b80000)
  from space 340608K,  99% used [0x00007fb756b80000, 0x00007fb76b81fff0, 0x00007fb76b820000)
  to   space 340608K,   0% used [0x00007fb76b820000, 0x00007fb76b820000, 0x00007fb7804c0000)
 tenured generation   total 6813112K, used 4894772K [0x00007fbc05b50000, 0x00007fbda58be000, 0x00007fc6b0600000)
   the space 6813112K,  71% used [0x00007fbc05b50000, 0x00007fbd3075d0b0, 0x00007fbd3075d200, 0x00007fbda58be000)
 Metaspace       used 30233K, capacity 30705K, committed 30720K, reserved 30720K
}
Event: 343.129 GC heap after
{Heap after GC invocations=58 (full 5):
 def new generation   total 3065984K, used 340607K [0x00007fb6b0600000, 0x00007fb7804c0000, 0x00007fbc05b50000)
  eden space 2725376K,   0% used [0x00007fb6b0600000, 0x00007fb6b0600000, 0x00007fb756b80000)
  from space 340608K,  99% used [0x00007fb76b820000, 0x00007fb7804bfff0, 0x00007fb7804c0000)
  to   space 340608K,   0% used [0x00007fb756b80000, 0x00007fb756b80000, 0x00007fb76b820000)
 tenured generation   total 6813112K, used 5468529K [0x00007fbc05b50000, 0x00007fbda58be000, 0x00007fc6b0600000)
   the space 6813112K,  80% used [0x00007fbc05b50000, 0x00007fbd537ac530, 0x00007fbd537ac600, 0x00007fbda58be000)
 Metaspace       used 30233K, capacity 30705K, committed 30720K, reserved 30720K
}
Event: 352.937 GC heap before
{Heap before GC invocations=58 (full 5):
 def new generation   total 3065984K, used 3065983K [0x00007fb6b0600000, 0x00007fb7804c0000, 0x00007fbc05b50000)
  eden space 2725376K, 100% used [0x00007fb6b0600000, 0x00007fb756b80000, 0x00007fb756b80000)
  from space 340608K,  99% used [0x00007fb76b820000, 0x00007fb7804bfff0, 0x00007fb7804c0000)
  to   space 340608K,   0% used [0x00007fb756b80000, 0x00007fb756b80000, 0x00007fb76b820000)
 tenured generation   total 6813112K, used 5468529K [0x00007fbc05b50000, 0x00007fbda58be000, 0x00007fc6b0600000)
   the space 6813112K,  80% used [0x00007fbc05b50000, 0x00007fbd537ac530, 0x00007fbd537ac600, 0x00007fbda58be000)
 Metaspace       used 30233K, capacity 30705K, committed 30720K, reserved 30720K
}
Event: 353.889 GC heap after
{Heap after GC invocations=59 (full 5):
 def new generation   total 3065984K, used 340607K [0x00007fb6b0600000, 0x00007fb7804c0000, 0x00007fbc05b50000)
  eden space 2725376K,   0% used [0x00007fb6b0600000, 0x00007fb6b0600000, 0x00007fb756b80000)
  from space 340608K,  99% used [0x00007fb756b80000, 0x00007fb76b81ffe8, 0x00007fb76b820000)
  to   space 340608K,   0% used [0x00007fb76b820000, 0x00007fb76b820000, 0x00007fb7804c0000)
 tenured generation   total 6813112K, used 5829217K [0x00007fbc05b50000, 0x00007fbda58be000, 0x00007fc6b0600000)
   the space 6813112K,  85% used [0x00007fbc05b50000, 0x00007fbd697e85d0, 0x00007fbd697e8600, 0x00007fbda58be000)
 Metaspace       used 30233K, capacity 30705K, committed 30720K, reserved 30720K
}
Event: 354.662 GC heap before
{Heap before GC invocations=59 (full 5):
 def new generation   total 3065984K, used 3065983K [0x00007fb6b0600000, 0x00007fb7804c0000, 0x00007fbc05b50000)
  eden space 2725376K, 100% used [0x00007fb6b0600000, 0x00007fb756b80000, 0x00007fb756b80000)
  from space 340608K,  99% used [0x00007fb756b80000, 0x00007fb76b81ffe8, 0x00007fb76b820000)
  to   space 340608K,   0% used [0x00007fb76b820000, 0x00007fb76b820000, 0x00007fb7804c0000)
 tenured generation   total 6813112K, used 5829217K [0x00007fbc05b50000, 0x00007fbda58be000, 0x00007fc6b0600000)
   the space 6813112K,  85% used [0x00007fbc05b50000, 0x00007fbd697e85d0, 0x00007fbd697e8600, 0x00007fbda58be000)
 Metaspace       used 30233K, capacity 30705K, committed 30720K, reserved 30720K
}
Event: 355.531 GC heap after
{Heap after GC invocations=60 (full 5):
 def new generation   total 3065984K, used 224052K [0x00007fb6b0600000, 0x00007fb7804c0000, 0x00007fbc05b50000)
  eden space 2725376K,   0% used [0x00007fb6b0600000, 0x00007fb6b0600000, 0x00007fb756b80000)
  from space 340608K,  65% used [0x00007fb76b820000, 0x00007fb7792ed1f0, 0x00007fb7804c0000)
  to   space 340608K,   0% used [0x00007fb756b80000, 0x00007fb756b80000, 0x00007fb76b820000)
 tenured generation   total 6813112K, used 6169825K [0x00007fbc05b50000, 0x00007fbda58be000, 0x00007fc6b0600000)
   the space 6813112K,  90% used [0x00007fbc05b50000, 0x00007fbd7e488418, 0x00007fbd7e488600, 0x00007fbda58be000)
 Metaspace       used 30233K, capacity 30705K, committed 30720K, reserved 30720K
}
Event: 356.345 GC heap before
{Heap before GC invocations=60 (full 5):
 def new generation   total 3065984K, used 2949428K [0x00007fb6b0600000, 0x00007fb7804c0000, 0x00007fbc05b50000)
  eden space 2725376K, 100% used [0x00007fb6b0600000, 0x00007fb756b80000, 0x00007fb756b80000)
  from space 340608K,  65% used [0x00007fb76b820000, 0x00007fb7792ed1f0, 0x00007fb7804c0000)
  to   space 340608K,   0% used [0x00007fb756b80000, 0x00007fb756b80000, 0x00007fb76b820000)
 tenured generation   total 6813112K, used 6169825K [0x00007fbc05b50000, 0x00007fbda58be000, 0x00007fc6b0600000)
   the space 6813112K,  90% used [0x00007fbc05b50000, 0x00007fbd7e488418, 0x00007fbd7e488600, 0x00007fbda58be000)
 Metaspace       used 30233K, capacity 30705K, committed 30720K, reserved 30720K
}
Event: 357.116 GC heap after
{Heap after GC invocations=61 (full 5):
 def new generation   total 3065984K, used 225321K [0x00007fb6b0600000, 0x00007fb7804c0000, 0x00007fbc05b50000)
  eden space 2725376K,   0% used [0x00007fb6b0600000, 0x00007fb6b0600000, 0x00007fb756b80000)
  from space 340608K,  66% used [0x00007fb756b80000, 0x00007fb76478a4f0, 0x00007fb76b820000)
  to   space 340608K,   0% used [0x00007fb76b820000, 0x00007fb76b820000, 0x00007fb7804c0000)
 tenured generation   total 6813112K, used 6393877K [0x00007fbc05b50000, 0x00007fbda58be000, 0x00007fc6b0600000)
   the space 6813112K,  93% used [0x00007fbc05b50000, 0x00007fbd8bf55578, 0x00007fbd8bf55600, 0x00007fbda58be000)
 Metaspace       used 30233K, capacity 30705K, committed 30720K, reserved 30720K
}
Event: 357.912 GC heap before
{Heap before GC invocations=61 (full 5):
 def new generation   total 3065984K, used 2950697K [0x00007fb6b0600000, 0x00007fb7804c0000, 0x00007fbc05b50000)
  eden space 2725376K, 100% used [0x00007fb6b0600000, 0x00007fb756b80000, 0x00007fb756b80000)
  from space 340608K,  66% used [0x00007fb756b80000, 0x00007fb76478a4f0, 0x00007fb76b820000)
  to   space 340608K,   0% used [0x00007fb76b820000, 0x00007fb76b820000, 0x00007fb7804c0000)
 tenured generation   total 6813112K, used 6393877K [0x00007fbc05b50000, 0x00007fbda58be000, 0x00007fc6b0600000)
   the space 6813112K,  93% used [0x00007fbc05b50000, 0x00007fbd8bf55578, 0x00007fbd8bf55600, 0x00007fbda58be000)
 Metaspace       used 30233K, capacity 30705K, committed 30720K, reserved 30720K
}
Event: 358.676 GC heap after
{Heap after GC invocations=62 (full 5):
 def new generation   total 3065984K, used 225685K [0x00007fb6b0600000, 0x00007fb7804c0000, 0x00007fbc05b50000)
  eden space 2725376K,   0% used [0x00007fb6b0600000, 0x00007fb6b0600000, 0x00007fb756b80000)
  from space 340608K,  66% used [0x00007fb76b820000, 0x00007fb779485500, 0x00007fb7804c0000)
  to   space 340608K,   0% used [0x00007fb756b80000, 0x00007fb756b80000, 0x00007fb76b820000)
 tenured generation   total 6813112K, used 6619198K [0x00007fbc05b50000, 0x00007fbda58be000, 0x00007fc6b0600000)
   the space 6813112K,  97% used [0x00007fbc05b50000, 0x00007fbd99b5f938, 0x00007fbd99b5fa00, 0x00007fbda58be000)
 Metaspace       used 30233K, capacity 30705K, committed 30720K, reserved 30720K
}
Event: 359.456 GC heap before
{Heap before GC invocations=62 (full 5):
 def new generation   total 3065984K, used 2951061K [0x00007fb6b0600000, 0x00007fb7804c0000, 0x00007fbc05b50000)
  eden space 2725376K, 100% used [0x00007fb6b0600000, 0x00007fb756b80000, 0x00007fb756b80000)
  from space 340608K,  66% used [0x00007fb76b820000, 0x00007fb779485500, 0x00007fb7804c0000)
  to   space 340608K,   0% used [0x00007fb756b80000, 0x00007fb756b80000, 0x00007fb76b820000)
 tenured generation   total 6813112K, used 6619198K [0x00007fbc05b50000, 0x00007fbda58be000, 0x00007fc6b0600000)
   the space 6813112K,  97% used [0x00007fbc05b50000, 0x00007fbd99b5f938, 0x00007fbd99b5fa00, 0x00007fbda58be000)
 Metaspace       used 30233K, capacity 30705K, committed 30720K, reserved 30720K
}
Event: 360.218 GC heap after
{Heap after GC invocations=63 (full 5):
 def new generation   total 3065984K, used 224699K [0x00007fb6b0600000, 0x00007fb7804c0000, 0x00007fbc05b50000)
  eden space 2725376K,   0% used [0x00007fb6b0600000, 0x00007fb6b0600000, 0x00007fb756b80000)
  from space 340608K,  65% used [0x00007fb756b80000, 0x00007fb7646eec10, 0x00007fb76b820000)
  to   space 340608K,   0% used [0x00007fb76b820000, 0x00007fb76b820000, 0x00007fb7804c0000)
 tenured generation   total 6844984K, used 6844882K [0x00007fbc05b50000, 0x00007fbda77de000, 0x00007fc6b0600000)
   the space 6844984K,  99% used [0x00007fbc05b50000, 0x00007fbda77c4b88, 0x00007fbda77c4c00, 0x00007fbda77de000)
 Metaspace       used 30233K, capacity 30705K, committed 30720K, reserved 30720K
}
Event: 360.218 GC heap before
{Heap before GC invocations=63 (full 5):
 def new generation   total 3065984K, used 224699K [0x00007fb6b0600000, 0x00007fb7804c0000, 0x00007fbc05b50000)
  eden space 2725376K,   0% used [0x00007fb6b0600000, 0x00007fb6b0600000, 0x00007fb756b80000)
  from space 340608K,  65% used [0x00007fb756b80000, 0x00007fb7646eec10, 0x00007fb76b820000)
  to   space 340608K,   0% used [0x00007fb76b820000, 0x00007fb76b820000, 0x00007fb7804c0000)
 tenured generation   total 6844984K, used 6844882K [0x00007fbc05b50000, 0x00007fbda77de000, 0x00007fc6b0600000)
   the space 6844984K,  99% used [0x00007fbc05b50000, 0x00007fbda77c4b88, 0x00007fbda77c4c00, 0x00007fbda77de000)
 Metaspace       used 30233K, capacity 30705K, committed 30720K, reserved 30720K
}

