# JRE version: OpenJDK Runtime Environment (13.0.7+5) (build 13.0.7+5-Ubuntu-0ubuntu120.04)
# Java VM: OpenJDK 64-Bit Server VM (13.0.7+5-Ubuntu-0ubuntu120.04, mixed mode, tiered, serial gc, linux-amd64)
Heap:
 def new generation   total 6473088K, used 416507K [0x00007f30cc600000, 0x00007f32835b0000, 0x00007f3621b50000)
  eden space 5753920K,   7% used [0x00007f30cc600000, 0x00007f30e5cbedf8, 0x00007f322b910000)
  from space 719168K,   0% used [0x00007f322b910000, 0x00007f322b910000, 0x00007f3257760000)
  to   space 719168K,   0% used [0x00007f3257760000, 0x00007f3257760000, 0x00007f32835b0000)
 tenured generation   total 14742692K, used 14742691K [0x00007f3621b50000, 0x00007f39a5879000, 0x00007f40cc600000)
   the space 14742692K,  99% used [0x00007f3621b50000, 0x00007f39a5878fe8, 0x00007f39a5879000, 0x00007f39a5879000)
 Metaspace       used 30718K, capacity 31185K, committed 31488K, reserved 32768K
GC Heap History (20 events):
Event: 406.730 GC heap after
{Heap after GC invocations=3213 (full 8):
 def new generation   total 3822336K, used 271751K [0x00007f30cc600000, 0x00007f31cf980000, 0x00007f3621b50000)
  eden space 3397632K,   0% used [0x00007f30cc600000, 0x00007f30cc600000, 0x00007f319bc00000)
  from space 424704K,  63% used [0x00007f319bc00000, 0x00007f31ac561f38, 0x00007f31b5ac0000)
  to   space 424704K,   0% used [0x00007f31b5ac0000, 0x00007f31b5ac0000, 0x00007f31cf980000)
 tenured generation   total 8630652K, used 8630495K [0x00007f3621b50000, 0x00007f38307af000, 0x00007f40cc600000)
   the space 8630652K,  99% used [0x00007f3621b50000, 0x00007f3830787e28, 0x00007f3830788000, 0x00007f38307af000)
 Metaspace       used 30718K, capacity 31185K, committed 31488K, reserved 32768K
}
Event: 406.730 GC heap before
{Heap before GC invocations=3213 (full 8):
 def new generation   total 3822336K, used 271751K [0x00007f30cc600000, 0x00007f31cf980000, 0x00007f3621b50000)
  eden space 3397632K,   0% used [0x00007f30cc600000, 0x00007f30cc600000, 0x00007f319bc00000)
  from space 424704K,  63% used [0x00007f319bc00000, 0x00007f31ac561f38, 0x00007f31b5ac0000)
  to   space 424704K,   0% used [0x00007f31b5ac0000, 0x00007f31b5ac0000, 0x00007f31cf980000)
 tenured generation   total 8630652K, used 8630495K [0x00007f3621b50000, 0x00007f38307af000, 0x00007f40cc600000)
   the space 8630652K,  99% used [0x00007f3621b50000, 0x00007f3830787e28, 0x00007f3830788000, 0x00007f38307af000)
 Metaspace       used 30718K, capacity 31185K, committed 31488K, reserved 32768K
}
Event: 416.483 GC heap after
{Heap after GC invocations=3213 (full 9):
 def new generation   total 6473088K, used 271595K [0x00007f30cc600000, 0x00007f32835b0000, 0x00007f3621b50000)
  eden space 5753920K,   4% used [0x00007f30cc600000, 0x00007f30dcf3ad70, 0x00007f322b910000)
  from space 719168K,   0% used [0x00007f322b910000, 0x00007f322b910000, 0x00007f3257760000)
  to   space 719168K,   0% used [0x00007f3257760000, 0x00007f3257760000, 0x00007f32835b0000)
 tenured generation   total 14384420K, used 8630651K [0x00007f3621b50000, 0x00007f398fa99000, 0x00007f40cc600000)
   the space 14384420K,  59% used [0x00007f3621b50000, 0x00007f38307aeff0, 0x00007f38307af000, 0x00007f398fa99000)
 Metaspace       used 30718K, capacity 31185K, committed 31488K, reserved 32768K
}
Event: 417.985 GC heap before
{Heap before GC invocations=3213 (full 9):
 def new generation   total 6473088K, used 5753920K [0x00007f30cc600000, 0x00007f32835b0000, 0x00007f3621b50000)
  eden space 5753920K, 100% used [0x00007f30cc600000, 0x00007f322b910000, 0x00007f322b910000)
  from space 719168K,   0% used [0x00007f322b910000, 0x00007f322b910000, 0x00007f3257760000)
  to   space 719168K,   0% used [0x00007f3257760000, 0x00007f3257760000, 0x00007f32835b0000)
 tenured generation   total 14384420K, used 8630651K [0x00007f3621b50000, 0x00007f398fa99000, 0x00007f40cc600000)
   the space 14384420K,  59% used [0x00007f3621b50000, 0x00007f38307aeff0, 0x00007f38307af000, 0x00007f398fa99000)
 Metaspace       used 30718K, capacity 31185K, committed 31488K, reserved 32768K
}
Event: 420.478 GC heap after
{Heap after GC invocations=3214 (full 9):
 def new generation   total 6473088K, used 719167K [0x00007f30cc600000, 0x00007f32835b0000, 0x00007f3621b50000)
  eden space 5753920K,   0% used [0x00007f30cc600000, 0x00007f30cc600000, 0x00007f322b910000)
  from space 719168K,  99% used [0x00007f3257760000, 0x00007f32835afff0, 0x00007f32835b0000)
  to   space 719168K,   0% used [0x00007f322b910000, 0x00007f322b910000, 0x00007f3257760000)
 tenured generation   total 14384420K, used 8643998K [0x00007f3621b50000, 0x00007f398fa99000, 0x00007f40cc600000)
   the space 14384420K,  60% used [0x00007f3621b50000, 0x00007f38314b78a8, 0x00007f38314b7a00, 0x00007f398fa99000)
 Metaspace       used 30718K, capacity 31185K, committed 31488K, reserved 32768K
}
Event: 421.894 GC heap before
{Heap before GC invocations=3214 (full 9):
 def new generation   total 6473088K, used 6473087K [0x00007f30cc600000, 0x00007f32835b0000, 0x00007f3621b50000)
  eden space 5753920K, 100% used [0x00007f30cc600000, 0x00007f322b910000, 0x00007f322b910000)
  from space 719168K,  99% used [0x00007f3257760000, 0x00007f32835afff0, 0x00007f32835b0000)
  to   space 719168K,   0% used [0x00007f322b910000, 0x00007f322b910000, 0x00007f3257760000)
 tenured generation   total 14384420K, used 8643998K [0x00007f3621b50000, 0x00007f398fa99000, 0x00007f40cc600000)
   the space 14384420K,  60% used [0x00007f3621b50000, 0x00007f38314b78a8, 0x00007f38314b7a00, 0x00007f398fa99000)
 Metaspace       used 30718K, capacity 31185K, committed 31488K, reserved 32768K
}
Event: 423.421 GC heap after
{Heap after GC invocations=3215 (full 9):
 def new generation   total 6473088K, used 540877K [0x00007f30cc600000, 0x00007f32835b0000, 0x00007f3621b50000)
  eden space 5753920K,   0% used [0x00007f30cc600000, 0x00007f30cc600000, 0x00007f322b910000)
  from space 719168K,  75% used [0x00007f322b910000, 0x00007f324c943428, 0x00007f3257760000)
  to   space 719168K,   0% used [0x00007f3257760000, 0x00007f3257760000, 0x00007f32835b0000)
 tenured generation   total 14384420K, used 9363165K [0x00007f3621b50000, 0x00007f398fa99000, 0x00007f40cc600000)
   the space 14384420K,  65% used [0x00007f3621b50000, 0x00007f385d307508, 0x00007f385d307600, 0x00007f398fa99000)
 Metaspace       used 30718K, capacity 31185K, committed 31488K, reserved 32768K
}
Event: 424.823 GC heap before
{Heap before GC invocations=3215 (full 9):
 def new generation   total 6473088K, used 6294797K [0x00007f30cc600000, 0x00007f32835b0000, 0x00007f3621b50000)
  eden space 5753920K, 100% used [0x00007f30cc600000, 0x00007f322b910000, 0x00007f322b910000)
  from space 719168K,  75% used [0x00007f322b910000, 0x00007f324c943428, 0x00007f3257760000)
  to   space 719168K,   0% used [0x00007f3257760000, 0x00007f3257760000, 0x00007f32835b0000)
 tenured generation   total 14384420K, used 9363165K [0x00007f3621b50000, 0x00007f398fa99000, 0x00007f40cc600000)
   the space 14384420K,  65% used [0x00007f3621b50000, 0x00007f385d307508, 0x00007f385d307600, 0x00007f398fa99000)
 Metaspace       used 30718K, capacity 31185K, committed 31488K, reserved 32768K
}
Event: 426.072 GC heap after
{Heap after GC invocations=3216 (full 9):
 def new generation   total 6473088K, used 541444K [0x00007f30cc600000, 0x00007f32835b0000, 0x00007f3621b50000)
  eden space 5753920K,   0% used [0x00007f30cc600000, 0x00007f30cc600000, 0x00007f322b910000)
  from space 719168K,  75% used [0x00007f3257760000, 0x00007f32788212d8, 0x00007f32835b0000)
  to   space 719168K,   0% used [0x00007f322b910000, 0x00007f322b910000, 0x00007f3257760000)
 tenured generation   total 14384420K, used 9904042K [0x00007f3621b50000, 0x00007f398fa99000, 0x00007f40cc600000)
   the space 14384420K,  68% used [0x00007f3621b50000, 0x00007f387e33a860, 0x00007f387e33aa00, 0x00007f398fa99000)
 Metaspace       used 30718K, capacity 31185K, committed 31488K, reserved 32768K
}
Event: 427.534 GC heap before
{Heap before GC invocations=3216 (full 9):
 def new generation   total 6473088K, used 6295364K [0x00007f30cc600000, 0x00007f32835b0000, 0x00007f3621b50000)
  eden space 5753920K, 100% used [0x00007f30cc600000, 0x00007f322b910000, 0x00007f322b910000)
  from space 719168K,  75% used [0x00007f3257760000, 0x00007f32788212d8, 0x00007f32835b0000)
  to   space 719168K,   0% used [0x00007f322b910000, 0x00007f322b910000, 0x00007f3257760000)
 tenured generation   total 14384420K, used 9904042K [0x00007f3621b50000, 0x00007f398fa99000, 0x00007f40cc600000)
   the space 14384420K,  68% used [0x00007f3621b50000, 0x00007f387e33a860, 0x00007f387e33aa00, 0x00007f398fa99000)
 Metaspace       used 30718K, capacity 31185K, committed 31488K, reserved 32768K
}
Event: 428.767 GC heap after
{Heap after GC invocations=3217 (full 9):
 def new generation   total 6473088K, used 532439K [0x00007f30cc600000, 0x00007f32835b0000, 0x00007f3621b50000)
  eden space 5753920K,   0% used [0x00007f30cc600000, 0x00007f30cc600000, 0x00007f322b910000)
  from space 719168K,  74% used [0x00007f322b910000, 0x00007f324c105f30, 0x00007f3257760000)
  to   space 719168K,   0% used [0x00007f3257760000, 0x00007f3257760000, 0x00007f32835b0000)
 tenured generation   total 14384420K, used 10445486K [0x00007f3621b50000, 0x00007f398fa99000, 0x00007f40cc600000)
   the space 14384420K,  72% used [0x00007f3621b50000, 0x00007f389f3fb8b8, 0x00007f389f3fba00, 0x00007f398fa99000)
 Metaspace       used 30718K, capacity 31185K, committed 31488K, reserved 32768K
}
Event: 430.167 GC heap before
{Heap before GC invocations=3217 (full 9):
 def new generation   total 6473088K, used 6286359K [0x00007f30cc600000, 0x00007f32835b0000, 0x00007f3621b50000)
  eden space 5753920K, 100% used [0x00007f30cc600000, 0x00007f322b910000, 0x00007f322b910000)
  from space 719168K,  74% used [0x00007f322b910000, 0x00007f324c105f30, 0x00007f3257760000)
  to   space 719168K,   0% used [0x00007f3257760000, 0x00007f3257760000, 0x00007f32835b0000)
 tenured generation   total 14384420K, used 10445486K [0x00007f3621b50000, 0x00007f398fa99000, 0x00007f40cc600000)
   the space 14384420K,  72% used [0x00007f3621b50000, 0x00007f389f3fb8b8, 0x00007f389f3fba00, 0x00007f398fa99000)
 Metaspace       used 30718K, capacity 31185K, committed 31488K, reserved 32768K
}
Event: 431.504 GC heap after
{Heap after GC invocations=3218 (full 9):
 def new generation   total 6473088K, used 546950K [0x00007f30cc600000, 0x00007f32835b0000, 0x00007f3621b50000)
  eden space 5753920K,   0% used [0x00007f30cc600000, 0x00007f30cc600000, 0x00007f322b910000)
  from space 719168K,  76% used [0x00007f3257760000, 0x00007f3278d81b00, 0x00007f32835b0000)
  to   space 719168K,   0% used [0x00007f322b910000, 0x00007f322b910000, 0x00007f3257760000)
 tenured generation   total 14384420K, used 10977925K [0x00007f3621b50000, 0x00007f398fa99000, 0x00007f40cc600000)
   the space 14384420K,  76% used [0x00007f3621b50000, 0x00007f38bfbf1588, 0x00007f38bfbf1600, 0x00007f398fa99000)
 Metaspace       used 30718K, capacity 31185K, committed 31488K, reserved 32768K
}
Event: 432.904 GC heap before
{Heap before GC invocations=3218 (full 9):
 def new generation   total 6473088K, used 6300870K [0x00007f30cc600000, 0x00007f32835b0000, 0x00007f3621b50000)
  eden space 5753920K, 100% used [0x00007f30cc600000, 0x00007f322b910000, 0x00007f322b910000)
  from space 719168K,  76% used [0x00007f3257760000, 0x00007f3278d81b00, 0x00007f32835b0000)
  to   space 719168K,   0% used [0x00007f322b910000, 0x00007f322b910000, 0x00007f3257760000)
 tenured generation   total 14384420K, used 10977925K [0x00007f3621b50000, 0x00007f398fa99000, 0x00007f40cc600000)
   the space 14384420K,  76% used [0x00007f3621b50000, 0x00007f38bfbf1588, 0x00007f38bfbf1600, 0x00007f398fa99000)
 Metaspace       used 30718K, capacity 31185K, committed 31488K, reserved 32768K
}
Event: 434.267 GC heap after
{Heap after GC invocations=3219 (full 9):
 def new generation   total 6473088K, used 591810K [0x00007f30cc600000, 0x00007f32835b0000, 0x00007f3621b50000)
  eden space 5753920K,   0% used [0x00007f30cc600000, 0x00007f30cc600000, 0x00007f322b910000)
  from space 719168K,  82% used [0x00007f322b910000, 0x00007f324fb00be0, 0x00007f3257760000)
  to   space 719168K,   0% used [0x00007f3257760000, 0x00007f3257760000, 0x00007f32835b0000)
 tenured generation   total 14384420K, used 11524875K [0x00007f3621b50000, 0x00007f398fa99000, 0x00007f40cc600000)
   the space 14384420K,  80% used [0x00007f3621b50000, 0x00007f38e1212d88, 0x00007f38e1212e00, 0x00007f398fa99000)
 Metaspace       used 30718K, capacity 31185K, committed 31488K, reserved 32768K
}
Event: 435.676 GC heap before
{Heap before GC invocations=3219 (full 9):
 def new generation   total 6473088K, used 6345730K [0x00007f30cc600000, 0x00007f32835b0000, 0x00007f3621b50000)
  eden space 5753920K, 100% used [0x00007f30cc600000, 0x00007f322b910000, 0x00007f322b910000)
  from space 719168K,  82% used [0x00007f322b910000, 0x00007f324fb00be0, 0x00007f3257760000)
  to   space 719168K,   0% used [0x00007f3257760000, 0x00007f3257760000, 0x00007f32835b0000)
 tenured generation   total 14384420K, used 11524875K [0x00007f3621b50000, 0x00007f398fa99000, 0x00007f40cc600000)
   the space 14384420K,  80% used [0x00007f3621b50000, 0x00007f38e1212d88, 0x00007f38e1212e00, 0x00007f398fa99000)
 Metaspace       used 30718K, capacity 31185K, committed 31488K, reserved 32768K
}
Event: 437.174 GC heap after
{Heap after GC invocations=3220 (full 9):
 def new generation   total 6473088K, used 647084K [0x00007f30cc600000, 0x00007f32835b0000, 0x00007f3621b50000)
  eden space 5753920K,   0% used [0x00007f30cc600000, 0x00007f30cc600000, 0x00007f322b910000)
  from space 719168K,  89% used [0x00007f3257760000, 0x00007f327ef4b0d8, 0x00007f32835b0000)
  to   space 719168K,   0% used [0x00007f322b910000, 0x00007f322b910000, 0x00007f3257760000)
 tenured generation   total 14384420K, used 12116686K [0x00007f3621b50000, 0x00007f398fa99000, 0x00007f40cc600000)
   the space 14384420K,  84% used [0x00007f3621b50000, 0x00007f39054038d8, 0x00007f3905403a00, 0x00007f398fa99000)
 Metaspace       used 30718K, capacity 31185K, committed 31488K, reserved 32768K
}
Event: 699.794 GC heap before
{Heap before GC invocations=3220 (full 9):
 def new generation   total 6473088K, used 6401004K [0x00007f30cc600000, 0x00007f32835b0000, 0x00007f3621b50000)
  eden space 5753920K, 100% used [0x00007f30cc600000, 0x00007f322b910000, 0x00007f322b910000)
  from space 719168K,  89% used [0x00007f3257760000, 0x00007f327ef4b0d8, 0x00007f32835b0000)
  to   space 719168K,   0% used [0x00007f322b910000, 0x00007f322b910000, 0x00007f3257760000)
 tenured generation   total 14384420K, used 12116686K [0x00007f3621b50000, 0x00007f398fa99000, 0x00007f40cc600000)
   the space 14384420K,  84% used [0x00007f3621b50000, 0x00007f39054038d8, 0x00007f3905403a00, 0x00007f398fa99000)
 Metaspace       used 30718K, capacity 31185K, committed 31488K, reserved 32768K
}
Event: 704.910 GC heap after
{Heap after GC invocations=3221 (full 9):
 def new generation   total 6473088K, used 719167K [0x00007f30cc600000, 0x00007f32835b0000, 0x00007f3621b50000)
  eden space 5753920K,   0% used [0x00007f30cc600000, 0x00007f30cc600000, 0x00007f322b910000)
  from space 719168K,  99% used [0x00007f322b910000, 0x00007f325775fff0, 0x00007f3257760000)
  to   space 719168K,   0% used [0x00007f3257760000, 0x00007f3257760000, 0x00007f32835b0000)
 tenured generation   total 14742692K, used 14742627K [0x00007f3621b50000, 0x00007f39a5879000, 0x00007f40cc600000)
   the space 14742692K,  99% used [0x00007f3621b50000, 0x00007f39a5868d10, 0x00007f39a5868e00, 0x00007f39a5879000)
 Metaspace       used 30718K, capacity 31185K, committed 31488K, reserved 32768K
}
Event: 704.910 GC heap before
{Heap before GC invocations=3221 (full 9):
 def new generation   total 6473088K, used 719167K [0x00007f30cc600000, 0x00007f32835b0000, 0x00007f3621b50000)
  eden space 5753920K,   0% used [0x00007f30cc600000, 0x00007f30cc600000, 0x00007f322b910000)
  from space 719168K,  99% used [0x00007f322b910000, 0x00007f325775fff0, 0x00007f3257760000)
  to   space 719168K,   0% used [0x00007f3257760000, 0x00007f3257760000, 0x00007f32835b0000)
 tenured generation   total 14742692K, used 14742627K [0x00007f3621b50000, 0x00007f39a5879000, 0x00007f40cc600000)
   the space 14742692K,  99% used [0x00007f3621b50000, 0x00007f39a5868d10, 0x00007f39a5868e00, 0x00007f39a5879000)
 Metaspace       used 30718K, capacity 31185K, committed 31488K, reserved 32768K
}

