# JRE version: OpenJDK Runtime Environment (13.0.7+5) (build 13.0.7+5-Ubuntu-0ubuntu120.04)
# Java VM: OpenJDK 64-Bit Server VM (13.0.7+5-Ubuntu-0ubuntu120.04, mixed mode, tiered, serial gc, linux-amd64)
Heap:
 def new generation   total 3939328K, used 0K [0x00007f81b0600000, 0x00007f82bb870000, 0x00007f8705b50000)
  eden space 3501632K,   0% used [0x00007f81b0600000, 0x00007f81b0600000, 0x00007f8286190000)
  from space 437696K,   0% used [0x00007f82a0d00000, 0x00007f82a0d00000, 0x00007f82bb870000)
  to   space 437696K,   0% used [0x00007f8286190000, 0x00007f8286190000, 0x00007f82a0d00000)
 tenured generation   total 8753936K, used 4204786K [0x00007f8705b50000, 0x00007f891c014000, 0x00007f91b0600000)
   the space 8753936K,  48% used [0x00007f8705b50000, 0x00007f880658c860, 0x00007f880658ca00, 0x00007f891c014000)
 Metaspace       used 23269K, capacity 23623K, committed 23808K, reserved 24576K
GC Heap History (20 events):
Event: 32.514 GC heap before
{Heap before GC invocations=16 (full 7):
 def new generation   total 3939328K, used 3295228K [0x00007f81b0600000, 0x00007f82bb870000, 0x00007f8705b50000)
  eden space 3501632K,  94% used [0x00007f81b0600000, 0x00007f82797ff1d8, 0x00007f8286190000)
  from space 437696K,   0% used [0x00007f8286190000, 0x00007f8286190000, 0x00007f82a0d00000)
  to   space 437696K,   0% used [0x00007f82a0d00000, 0x00007f82a0d00000, 0x00007f82bb870000)
 tenured generation   total 8753936K, used 4203784K [0x00007f8705b50000, 0x00007f891c014000, 0x00007f91b0600000)
   the space 8753936K,  48% used [0x00007f8705b50000, 0x00007f8806492260, 0x00007f8806492400, 0x00007f891c014000)
 Metaspace       used 23200K, capacity 23607K, committed 23808K, reserved 24576K
}
Event: 32.780 GC heap after
{Heap after GC invocations=17 (full 7):
 def new generation   total 3939328K, used 332922K [0x00007f81b0600000, 0x00007f82bb870000, 0x00007f8705b50000)
  eden space 3501632K,   0% used [0x00007f81b0600000, 0x00007f81b0600000, 0x00007f8286190000)
  from space 437696K,  76% used [0x00007f82a0d00000, 0x00007f82b521e890, 0x00007f82bb870000)
  to   space 437696K,   0% used [0x00007f8286190000, 0x00007f8286190000, 0x00007f82a0d00000)
 tenured generation   total 8753936K, used 4203784K [0x00007f8705b50000, 0x00007f891c014000, 0x00007f91b0600000)
   the space 8753936K,  48% used [0x00007f8705b50000, 0x00007f8806492260, 0x00007f8806492400, 0x00007f891c014000)
 Metaspace       used 23200K, capacity 23607K, committed 23808K, reserved 24576K
}
Event: 34.181 GC heap before
{Heap before GC invocations=17 (full 7):
 def new generation   total 3939328K, used 2367256K [0x00007f81b0600000, 0x00007f82bb870000, 0x00007f8705b50000)
  eden space 3501632K,  58% used [0x00007f81b0600000, 0x00007f822c8a7b60, 0x00007f8286190000)
  from space 437696K,  76% used [0x00007f82a0d00000, 0x00007f82b521e890, 0x00007f82bb870000)
  to   space 437696K,   0% used [0x00007f8286190000, 0x00007f8286190000, 0x00007f82a0d00000)
 tenured generation   total 8753936K, used 4203784K [0x00007f8705b50000, 0x00007f891c014000, 0x00007f91b0600000)
   the space 8753936K,  48% used [0x00007f8705b50000, 0x00007f8806492260, 0x00007f8806492400, 0x00007f891c014000)
 Metaspace       used 23200K, capacity 23607K, committed 23808K, reserved 24576K
}
Event: 34.229 GC heap after
{Heap after GC invocations=18 (full 7):
 def new generation   total 3939328K, used 90K [0x00007f81b0600000, 0x00007f82bb870000, 0x00007f8705b50000)
  eden space 3501632K,   0% used [0x00007f81b0600000, 0x00007f81b0600000, 0x00007f8286190000)
  from space 437696K,   0% used [0x00007f8286190000, 0x00007f82861a6b18, 0x00007f82a0d00000)
  to   space 437696K,   0% used [0x00007f82a0d00000, 0x00007f82a0d00000, 0x00007f82bb870000)
 tenured generation   total 8753936K, used 4405578K [0x00007f8705b50000, 0x00007f891c014000, 0x00007f91b0600000)
   the space 8753936K,  50% used [0x00007f8705b50000, 0x00007f88129a2be0, 0x00007f88129a2c00, 0x00007f891c014000)
 Metaspace       used 23200K, capacity 23607K, committed 23808K, reserved 24576K
}
Event: 36.363 GC heap before
{Heap before GC invocations=18 (full 7):
 def new generation   total 3939328K, used 3501722K [0x00007f81b0600000, 0x00007f82bb870000, 0x00007f8705b50000)
  eden space 3501632K, 100% used [0x00007f81b0600000, 0x00007f8286190000, 0x00007f8286190000)
  from space 437696K,   0% used [0x00007f8286190000, 0x00007f82861a6b18, 0x00007f82a0d00000)
  to   space 437696K,   0% used [0x00007f82a0d00000, 0x00007f82a0d00000, 0x00007f82bb870000)
 tenured generation   total 8753936K, used 4405578K [0x00007f8705b50000, 0x00007f891c014000, 0x00007f91b0600000)
   the space 8753936K,  50% used [0x00007f8705b50000, 0x00007f88129a2be0, 0x00007f88129a2c00, 0x00007f891c014000)
 Metaspace       used 23218K, capacity 23613K, committed 23808K, reserved 24576K
}
Event: 36.366 GC heap after
{Heap after GC invocations=19 (full 7):
 def new generation   total 3939328K, used 680K [0x00007f81b0600000, 0x00007f82bb870000, 0x00007f8705b50000)
  eden space 3501632K,   0% used [0x00007f81b0600000, 0x00007f81b0600000, 0x00007f8286190000)
  from space 437696K,   0% used [0x00007f82a0d00000, 0x00007f82a0daa368, 0x00007f82bb870000)
  to   space 437696K,   0% used [0x00007f8286190000, 0x00007f8286190000, 0x00007f82a0d00000)
 tenured generation   total 8753936K, used 4405578K [0x00007f8705b50000, 0x00007f891c014000, 0x00007f91b0600000)
   the space 8753936K,  50% used [0x00007f8705b50000, 0x00007f88129a2be0, 0x00007f88129a2c00, 0x00007f891c014000)
 Metaspace       used 23218K, capacity 23613K, committed 23808K, reserved 24576K
}
Event: 38.017 GC heap before
{Heap before GC invocations=19 (full 7):
 def new generation   total 3939328K, used 2510187K [0x00007f81b0600000, 0x00007f82bb870000, 0x00007f8705b50000)
  eden space 3501632K,  71% used [0x00007f81b0600000, 0x00007f82498b0c20, 0x00007f8286190000)
  from space 437696K,   0% used [0x00007f82a0d00000, 0x00007f82a0daa368, 0x00007f82bb870000)
  to   space 437696K,   0% used [0x00007f8286190000, 0x00007f8286190000, 0x00007f82a0d00000)
 tenured generation   total 8753936K, used 4405578K [0x00007f8705b50000, 0x00007f891c014000, 0x00007f91b0600000)
   the space 8753936K,  50% used [0x00007f8705b50000, 0x00007f88129a2be0, 0x00007f88129a2c00, 0x00007f891c014000)
 Metaspace       used 23232K, capacity 23619K, committed 23808K, reserved 24576K
}
Event: 38.019 GC heap after
{Heap after GC invocations=20 (full 7):
 def new generation   total 3939328K, used 911K [0x00007f81b0600000, 0x00007f82bb870000, 0x00007f8705b50000)
  eden space 3501632K,   0% used [0x00007f81b0600000, 0x00007f81b0600000, 0x00007f8286190000)
  from space 437696K,   0% used [0x00007f8286190000, 0x00007f8286273d98, 0x00007f82a0d00000)
  to   space 437696K,   0% used [0x00007f82a0d00000, 0x00007f82a0d00000, 0x00007f82bb870000)
 tenured generation   total 8753936K, used 4405578K [0x00007f8705b50000, 0x00007f891c014000, 0x00007f91b0600000)
   the space 8753936K,  50% used [0x00007f8705b50000, 0x00007f88129a2be0, 0x00007f88129a2c00, 0x00007f891c014000)
 Metaspace       used 23232K, capacity 23619K, committed 23808K, reserved 24576K
}
Event: 38.019 GC heap before
{Heap before GC invocations=20 (full 7):
 def new generation   total 3939328K, used 911K [0x00007f81b0600000, 0x00007f82bb870000, 0x00007f8705b50000)
  eden space 3501632K,   0% used [0x00007f81b0600000, 0x00007f81b0600000, 0x00007f8286190000)
  from space 437696K,   0% used [0x00007f8286190000, 0x00007f8286273d98, 0x00007f82a0d00000)
  to   space 437696K,   0% used [0x00007f82a0d00000, 0x00007f82a0d00000, 0x00007f82bb870000)
 tenured generation   total 8753936K, used 4405578K [0x00007f8705b50000, 0x00007f891c014000, 0x00007f91b0600000)
   the space 8753936K,  50% used [0x00007f8705b50000, 0x00007f88129a2be0, 0x00007f88129a2c00, 0x00007f891c014000)
 Metaspace       used 23232K, capacity 23619K, committed 23808K, reserved 24576K
}
Event: 38.045 GC heap after
{Heap after GC invocations=20 (full 8):
 def new generation   total 3939328K, used 0K [0x00007f81b0600000, 0x00007f82bb870000, 0x00007f8705b50000)
  eden space 3501632K,   0% used [0x00007f81b0600000, 0x00007f81b0600000, 0x00007f8286190000)
  from space 437696K,   0% used [0x00007f8286190000, 0x00007f8286190000, 0x00007f82a0d00000)
  to   space 437696K,   0% used [0x00007f82a0d00000, 0x00007f82a0d00000, 0x00007f82bb870000)
 tenured generation   total 8753936K, used 9658K [0x00007f8705b50000, 0x00007f891c014000, 0x00007f91b0600000)
   the space 8753936K,   0% used [0x00007f8705b50000, 0x00007f87064bea90, 0x00007f87064bec00, 0x00007f891c014000)
 Metaspace       used 23232K, capacity 23619K, committed 23808K, reserved 24576K
}
Event: 40.176 GC heap before
{Heap before GC invocations=20 (full 8):
 def new generation   total 3939328K, used 1450172K [0x00007f81b0600000, 0x00007f82bb870000, 0x00007f8705b50000)
  eden space 3501632K,  41% used [0x00007f81b0600000, 0x00007f8208e2f358, 0x00007f8286190000)
  from space 437696K,   0% used [0x00007f8286190000, 0x00007f8286190000, 0x00007f82a0d00000)
  to   space 437696K,   0% used [0x00007f82a0d00000, 0x00007f82a0d00000, 0x00007f82bb870000)
 tenured generation   total 8753936K, used 8398266K [0x00007f8705b50000, 0x00007f891c014000, 0x00007f91b0600000)
   the space 8753936K,  95% used [0x00007f8705b50000, 0x00007f89064beaa8, 0x00007f89064bec00, 0x00007f891c014000)
 Metaspace       used 23269K, capacity 23623K, committed 23808K, reserved 24576K
}
Event: 40.183 GC heap after
{Heap after GC invocations=21 (full 8):
 def new generation   total 3939328K, used 4919K [0x00007f81b0600000, 0x00007f82bb870000, 0x00007f8705b50000)
  eden space 3501632K,   0% used [0x00007f81b0600000, 0x00007f81b0600000, 0x00007f8286190000)
  from space 437696K,   1% used [0x00007f82a0d00000, 0x00007f82a11cde18, 0x00007f82bb870000)
  to   space 437696K,   0% used [0x00007f8286190000, 0x00007f8286190000, 0x00007f82a0d00000)
 tenured generation   total 8753936K, used 8398266K [0x00007f8705b50000, 0x00007f891c014000, 0x00007f91b0600000)
   the space 8753936K,  95% used [0x00007f8705b50000, 0x00007f89064beaa8, 0x00007f89064bec00, 0x00007f891c014000)
 Metaspace       used 23269K, capacity 23623K, committed 23808K, reserved 24576K
}
Event: 41.633 GC heap before
{Heap before GC invocations=21 (full 8):
 def new generation   total 3939328K, used 2170579K [0x00007f81b0600000, 0x00007f82bb870000, 0x00007f8705b50000)
  eden space 3501632K,  61% used [0x00007f81b0600000, 0x00007f82348e7030, 0x00007f8286190000)
  from space 437696K,   1% used [0x00007f82a0d00000, 0x00007f82a11cde18, 0x00007f82bb870000)
  to   space 437696K,   0% used [0x00007f8286190000, 0x00007f8286190000, 0x00007f82a0d00000)
 tenured generation   total 8753936K, used 8398266K [0x00007f8705b50000, 0x00007f891c014000, 0x00007f91b0600000)
   the space 8753936K,  95% used [0x00007f8705b50000, 0x00007f89064beaa8, 0x00007f89064bec00, 0x00007f891c014000)
 Metaspace       used 23269K, capacity 23623K, committed 23808K, reserved 24576K
}
Event: 42.911 GC heap after
{Heap after GC invocations=22 (full 8):
 def new generation   total 3939328K, used 822K [0x00007f81b0600000, 0x00007f82bb870000, 0x00007f8705b50000)
  eden space 3501632K,   0% used [0x00007f81b0600000, 0x00007f81b0600000, 0x00007f8286190000)
  from space 437696K,   0% used [0x00007f8286190000, 0x00007f828625db28, 0x00007f82a0d00000)
  to   space 437696K,   0% used [0x00007f82a0d00000, 0x00007f82a0d00000, 0x00007f82bb870000)
 tenured generation   total 10851092K, used 10495418K [0x00007f8705b50000, 0x00007f899c015000, 0x00007f91b0600000)
   the space 10851092K,  96% used [0x00007f8705b50000, 0x00007f89864beac0, 0x00007f89864bec00, 0x00007f899c015000)
 Metaspace       used 23269K, capacity 23623K, committed 23808K, reserved 24576K
}
Event: 42.911 GC heap before
{Heap before GC invocations=22 (full 8):
 def new generation   total 3939328K, used 822K [0x00007f81b0600000, 0x00007f82bb870000, 0x00007f8705b50000)
  eden space 3501632K,   0% used [0x00007f81b0600000, 0x00007f81b0600000, 0x00007f8286190000)
  from space 437696K,   0% used [0x00007f8286190000, 0x00007f828625db28, 0x00007f82a0d00000)
  to   space 437696K,   0% used [0x00007f82a0d00000, 0x00007f82a0d00000, 0x00007f82bb870000)
 tenured generation   total 10851092K, used 10495418K [0x00007f8705b50000, 0x00007f899c015000, 0x00007f91b0600000)
   the space 10851092K,  96% used [0x00007f8705b50000, 0x00007f89864beac0, 0x00007f89864bec00, 0x00007f899c015000)
 Metaspace       used 23269K, capacity 23623K, committed 23808K, reserved 24576K
}
Event: 43.510 GC heap after
{Heap after GC invocations=22 (full 9):
 def new generation   total 3939328K, used 0K [0x00007f81b0600000, 0x00007f82bb870000, 0x00007f8705b50000)
  eden space 3501632K,   0% used [0x00007f81b0600000, 0x00007f81b0600000, 0x00007f8286190000)
  from space 437696K,   0% used [0x00007f8286190000, 0x00007f8286190000, 0x00007f82a0d00000)
  to   space 437696K,   0% used [0x00007f82a0d00000, 0x00007f82a0d00000, 0x00007f82bb870000)
 tenured generation   total 8753936K, used 2107633K [0x00007f8705b50000, 0x00007f891c014000, 0x00007f91b0600000)
   the space 8753936K,  24% used [0x00007f8705b50000, 0x00007f878658c5d0, 0x00007f878658c600, 0x00007f891c014000)
 Metaspace       used 23269K, capacity 23623K, committed 23808K, reserved 24576K
}
Event: 44.096 GC heap before
{Heap before GC invocations=22 (full 9):
 def new generation   total 3939328K, used 2165686K [0x00007f81b0600000, 0x00007f82bb870000, 0x00007f8705b50000)
  eden space 3501632K,  61% used [0x00007f81b0600000, 0x00007f82348ed9b8, 0x00007f8286190000)
  from space 437696K,   0% used [0x00007f8286190000, 0x00007f8286190000, 0x00007f82a0d00000)
  to   space 437696K,   0% used [0x00007f82a0d00000, 0x00007f82a0d00000, 0x00007f82bb870000)
 tenured generation   total 8753936K, used 2107633K [0x00007f8705b50000, 0x00007f891c014000, 0x00007f91b0600000)
   the space 8753936K,  24% used [0x00007f8705b50000, 0x00007f878658c5d0, 0x00007f878658c600, 0x00007f891c014000)
 Metaspace       used 23269K, capacity 23623K, committed 23808K, reserved 24576K
}
Event: 44.428 GC heap after
{Heap after GC invocations=23 (full 9):
 def new generation   total 3939328K, used 0K [0x00007f81b0600000, 0x00007f82bb870000, 0x00007f8705b50000)
  eden space 3501632K,   0% used [0x00007f81b0600000, 0x00007f81b0600000, 0x00007f8286190000)
  from space 437696K,   0% used [0x00007f82a0d00000, 0x00007f82a0d00278, 0x00007f82bb870000)
  to   space 437696K,   0% used [0x00007f8286190000, 0x00007f8286190000, 0x00007f82a0d00000)
 tenured generation   total 8753936K, used 4204785K [0x00007f8705b50000, 0x00007f891c014000, 0x00007f91b0600000)
   the space 8753936K,  48% used [0x00007f8705b50000, 0x00007f880658c5e8, 0x00007f880658c600, 0x00007f891c014000)
 Metaspace       used 23269K, capacity 23623K, committed 23808K, reserved 24576K
}
Event: 44.428 GC heap before
{Heap before GC invocations=23 (full 9):
 def new generation   total 3939328K, used 0K [0x00007f81b0600000, 0x00007f82bb870000, 0x00007f8705b50000)
  eden space 3501632K,   0% used [0x00007f81b0600000, 0x00007f81b0600000, 0x00007f8286190000)
  from space 437696K,   0% used [0x00007f82a0d00000, 0x00007f82a0d00278, 0x00007f82bb870000)
  to   space 437696K,   0% used [0x00007f8286190000, 0x00007f8286190000, 0x00007f82a0d00000)
 tenured generation   total 8753936K, used 4204785K [0x00007f8705b50000, 0x00007f891c014000, 0x00007f91b0600000)
   the space 8753936K,  48% used [0x00007f8705b50000, 0x00007f880658c5e8, 0x00007f880658c600, 0x00007f891c014000)
 Metaspace       used 23269K, capacity 23623K, committed 23808K, reserved 24576K
}
Event: 44.459 GC heap after
{Heap after GC invocations=23 (full 10):
 def new generation   total 3939328K, used 0K [0x00007f81b0600000, 0x00007f82bb870000, 0x00007f8705b50000)
  eden space 3501632K,   0% used [0x00007f81b0600000, 0x00007f81b0600000, 0x00007f8286190000)
  from space 437696K,   0% used [0x00007f82a0d00000, 0x00007f82a0d00000, 0x00007f82bb870000)
  to   space 437696K,   0% used [0x00007f8286190000, 0x00007f8286190000, 0x00007f82a0d00000)
 tenured generation   total 8753936K, used 4204786K [0x00007f8705b50000, 0x00007f891c014000, 0x00007f91b0600000)
   the space 8753936K,  48% used [0x00007f8705b50000, 0x00007f880658c860, 0x00007f880658ca00, 0x00007f891c014000)
 Metaspace       used 23269K, capacity 23623K, committed 23808K, reserved 24576K
}

