# JRE version: OpenJDK Runtime Environment (13.0.7+5) (build 13.0.7+5-Ubuntu-0ubuntu120.04)
# Java VM: OpenJDK 64-Bit Server VM (13.0.7+5-Ubuntu-0ubuntu120.04, mixed mode, tiered, serial gc, linux-amd64)
Heap:
 def new generation   total 5379968K, used 597584K [0x00007fb4a0600000, 0x00007fb60d3a0000, 0x00007fb9f5b50000)
  eden space 4782208K,  12% used [0x00007fb4a0600000, 0x00007fb4c4d94088, 0x00007fb5c4420000)
  from space 597760K,   0% used [0x00007fb5c4420000, 0x00007fb5c4420000, 0x00007fb5e8be0000)
  to   space 597760K,   0% used [0x00007fb5e8be0000, 0x00007fb5e8be0000, 0x00007fb60d3a0000)
 tenured generation   total 13744020K, used 13744019K [0x00007fb9f5b50000, 0x00007fbd3c935000, 0x00007fc4a0600000)
   the space 13744020K,  99% used [0x00007fb9f5b50000, 0x00007fbd3c934c58, 0x00007fbd3c934e00, 0x00007fbd3c935000)
 Metaspace       used 30983K, capacity 31383K, committed 31488K, reserved 32768K
GC Heap History (20 events):
Event: 15.301 GC heap after
{Heap after GC invocations=5 (full 1):
 def new generation   total 629248K, used 69887K [0x00007fb4a0600000, 0x00007fb4cb0c0000, 0x00007fb9f5b50000)
  eden space 559360K,   0% used [0x00007fb4a0600000, 0x00007fb4a0600000, 0x00007fb4c2840000)
  from space 69888K,  99% used [0x00007fb4c2840000, 0x00007fb4c6c7fde8, 0x00007fb4c6c80000)
  to   space 69888K,   0% used [0x00007fb4c6c80000, 0x00007fb4c6c80000, 0x00007fb4cb0c0000)
 tenured generation   total 1494912K, used 1494730K [0x00007fb9f5b50000, 0x00007fba50f30000, 0x00007fc4a0600000)
   the space 1494912K,  99% used [0x00007fb9f5b50000, 0x00007fba50f02ab8, 0x00007fba50f02c00, 0x00007fba50f30000)
 Metaspace       used 30981K, capacity 31383K, committed 31488K, reserved 32768K
}
Event: 15.301 GC heap before
{Heap before GC invocations=5 (full 1):
 def new generation   total 629248K, used 69887K [0x00007fb4a0600000, 0x00007fb4cb0c0000, 0x00007fb9f5b50000)
  eden space 559360K,   0% used [0x00007fb4a0600000, 0x00007fb4a0600000, 0x00007fb4c2840000)
  from space 69888K,  99% used [0x00007fb4c2840000, 0x00007fb4c6c7fde8, 0x00007fb4c6c80000)
  to   space 69888K,   0% used [0x00007fb4c6c80000, 0x00007fb4c6c80000, 0x00007fb4cb0c0000)
 tenured generation   total 1494912K, used 1494730K [0x00007fb9f5b50000, 0x00007fba50f30000, 0x00007fc4a0600000)
   the space 1494912K,  99% used [0x00007fb9f5b50000, 0x00007fba50f02ab8, 0x00007fba50f02c00, 0x00007fba50f30000)
 Metaspace       used 30981K, capacity 31383K, committed 31488K, reserved 32768K
}
Event: 16.292 GC heap after
{Heap after GC invocations=5 (full 2):
 def new generation   total 1121280K, used 69706K [0x00007fb4a0600000, 0x00007fb4ec6a0000, 0x00007fb9f5b50000)
  eden space 996736K,   6% used [0x00007fb4a0600000, 0x00007fb4a4a12950, 0x00007fb4dd360000)
  from space 124544K,   0% used [0x00007fb4dd360000, 0x00007fb4dd360000, 0x00007fb4e4d00000)
  to   space 124544K,   0% used [0x00007fb4e4d00000, 0x00007fb4e4d00000, 0x00007fb4ec6a0000)
 tenured generation   total 2491520K, used 1494911K [0x00007fb9f5b50000, 0x00007fba8dc70000, 0x00007fc4a0600000)
   the space 2491520K,  59% used [0x00007fb9f5b50000, 0x00007fba50f2ff50, 0x00007fba50f30000, 0x00007fba8dc70000)
 Metaspace       used 30981K, capacity 31383K, committed 31488K, reserved 32768K
}
Event: 16.637 GC heap before
{Heap before GC invocations=5 (full 2):
 def new generation   total 1121280K, used 996736K [0x00007fb4a0600000, 0x00007fb4ec6a0000, 0x00007fb9f5b50000)
  eden space 996736K, 100% used [0x00007fb4a0600000, 0x00007fb4dd360000, 0x00007fb4dd360000)
  from space 124544K,   0% used [0x00007fb4dd360000, 0x00007fb4dd360000, 0x00007fb4e4d00000)
  to   space 124544K,   0% used [0x00007fb4e4d00000, 0x00007fb4e4d00000, 0x00007fb4ec6a0000)
 tenured generation   total 2491520K, used 1494911K [0x00007fb9f5b50000, 0x00007fba8dc70000, 0x00007fc4a0600000)
   the space 2491520K,  59% used [0x00007fb9f5b50000, 0x00007fba50f2ff50, 0x00007fba50f30000, 0x00007fba8dc70000)
 Metaspace       used 30983K, capacity 31383K, committed 31488K, reserved 32768K
}
Event: 17.909 GC heap after
{Heap after GC invocations=6 (full 2):
 def new generation   total 1121280K, used 124543K [0x00007fb4a0600000, 0x00007fb4ec6a0000, 0x00007fb9f5b50000)
  eden space 996736K,   0% used [0x00007fb4a0600000, 0x00007fb4a0600000, 0x00007fb4dd360000)
  from space 124544K,  99% used [0x00007fb4e4d00000, 0x00007fb4ec69fc88, 0x00007fb4ec6a0000)
  to   space 124544K,   0% used [0x00007fb4dd360000, 0x00007fb4dd360000, 0x00007fb4e4d00000)
 tenured generation   total 2491520K, used 2367046K [0x00007fb9f5b50000, 0x00007fba8dc70000, 0x00007fc4a0600000)
   the space 2491520K,  95% used [0x00007fb9f5b50000, 0x00007fba862e1980, 0x00007fba862e1a00, 0x00007fba8dc70000)
 Metaspace       used 30983K, capacity 31383K, committed 31488K, reserved 32768K
}
Event: 18.324 GC heap before
{Heap before GC invocations=6 (full 2):
 def new generation   total 1121280K, used 1121279K [0x00007fb4a0600000, 0x00007fb4ec6a0000, 0x00007fb9f5b50000)
  eden space 996736K, 100% used [0x00007fb4a0600000, 0x00007fb4dd360000, 0x00007fb4dd360000)
  from space 124544K,  99% used [0x00007fb4e4d00000, 0x00007fb4ec69fc88, 0x00007fb4ec6a0000)
  to   space 124544K,   0% used [0x00007fb4dd360000, 0x00007fb4dd360000, 0x00007fb4e4d00000)
 tenured generation   total 2491520K, used 2367046K [0x00007fb9f5b50000, 0x00007fba8dc70000, 0x00007fc4a0600000)
   the space 2491520K,  95% used [0x00007fb9f5b50000, 0x00007fba862e1980, 0x00007fba862e1a00, 0x00007fba8dc70000)
 Metaspace       used 30983K, capacity 31383K, committed 31488K, reserved 32768K
}
Event: 19.814 GC heap after
{Heap after GC invocations=7 (full 2):
 def new generation   total 1121280K, used 124543K [0x00007fb4a0600000, 0x00007fb4ec6a0000, 0x00007fb9f5b50000)
  eden space 996736K,   0% used [0x00007fb4a0600000, 0x00007fb4a0600000, 0x00007fb4dd360000)
  from space 124544K,  99% used [0x00007fb4dd360000, 0x00007fb4e4cffc88, 0x00007fb4e4d00000)
  to   space 124544K,   0% used [0x00007fb4e4d00000, 0x00007fb4e4d00000, 0x00007fb4ec6a0000)
 tenured generation   total 3363776K, used 3363723K [0x00007fb9f5b50000, 0x00007fbac3040000, 0x00007fc4a0600000)
   the space 3363776K,  99% used [0x00007fb9f5b50000, 0x00007fbac3032c20, 0x00007fbac3032e00, 0x00007fbac3040000)
 Metaspace       used 30983K, capacity 31383K, committed 31488K, reserved 32768K
}
Event: 19.814 GC heap before
{Heap before GC invocations=7 (full 2):
 def new generation   total 1121280K, used 124543K [0x00007fb4a0600000, 0x00007fb4ec6a0000, 0x00007fb9f5b50000)
  eden space 996736K,   0% used [0x00007fb4a0600000, 0x00007fb4a0600000, 0x00007fb4dd360000)
  from space 124544K,  99% used [0x00007fb4dd360000, 0x00007fb4e4cffc88, 0x00007fb4e4d00000)
  to   space 124544K,   0% used [0x00007fb4e4d00000, 0x00007fb4e4d00000, 0x00007fb4ec6a0000)
 tenured generation   total 3363776K, used 3363723K [0x00007fb9f5b50000, 0x00007fbac3040000, 0x00007fc4a0600000)
   the space 3363776K,  99% used [0x00007fb9f5b50000, 0x00007fbac3032c20, 0x00007fbac3032e00, 0x00007fbac3040000)
 Metaspace       used 30983K, capacity 31383K, committed 31488K, reserved 32768K
}
Event: 21.239 GC heap after
{Heap after GC invocations=7 (full 3):
 def new generation   total 2522880K, used 124490K [0x00007fb4a0600000, 0x00007fb54b780000, 0x00007fb9f5b50000)
  eden space 2242560K,   5% used [0x00007fb4a0600000, 0x00007fb4a7f92bc0, 0x00007fb529400000)
  from space 280320K,   0% used [0x00007fb529400000, 0x00007fb529400000, 0x00007fb53a5c0000)
  to   space 280320K,   0% used [0x00007fb53a5c0000, 0x00007fb53a5c0000, 0x00007fb54b780000)
 tenured generation   total 5606296K, used 3363775K [0x00007fb9f5b50000, 0x00007fbb4be36000, 0x00007fc4a0600000)
   the space 5606296K,  59% used [0x00007fb9f5b50000, 0x00007fbac303fce8, 0x00007fbac303fe00, 0x00007fbb4be36000)
 Metaspace       used 30983K, capacity 31383K, committed 31488K, reserved 32768K
}
Event: 22.504 GC heap before
{Heap before GC invocations=7 (full 3):
 def new generation   total 2522880K, used 2242560K [0x00007fb4a0600000, 0x00007fb54b780000, 0x00007fb9f5b50000)
  eden space 2242560K, 100% used [0x00007fb4a0600000, 0x00007fb529400000, 0x00007fb529400000)
  from space 280320K,   0% used [0x00007fb529400000, 0x00007fb529400000, 0x00007fb53a5c0000)
  to   space 280320K,   0% used [0x00007fb53a5c0000, 0x00007fb53a5c0000, 0x00007fb54b780000)
 tenured generation   total 5606296K, used 3363775K [0x00007fb9f5b50000, 0x00007fbb4be36000, 0x00007fc4a0600000)
   the space 5606296K,  59% used [0x00007fb9f5b50000, 0x00007fbac303fce8, 0x00007fbac303fe00, 0x00007fbb4be36000)
 Metaspace       used 30983K, capacity 31383K, committed 31488K, reserved 32768K
}
Event: 26.984 GC heap after
{Heap after GC invocations=8 (full 3):
 def new generation   total 2522880K, used 280319K [0x00007fb4a0600000, 0x00007fb54b780000, 0x00007fb9f5b50000)
  eden space 2242560K,   0% used [0x00007fb4a0600000, 0x00007fb4a0600000, 0x00007fb529400000)
  from space 280320K,  99% used [0x00007fb53a5c0000, 0x00007fb54b77fe20, 0x00007fb54b780000)
  to   space 280320K,   0% used [0x00007fb529400000, 0x00007fb529400000, 0x00007fb53a5c0000)
 tenured generation   total 5606296K, used 5325942K [0x00007fb9f5b50000, 0x00007fbb4be36000, 0x00007fc4a0600000)
   the space 5606296K,  94% used [0x00007fb9f5b50000, 0x00007fbb3ac6d968, 0x00007fbb3ac6da00, 0x00007fbb4be36000)
 Metaspace       used 30983K, capacity 31383K, committed 31488K, reserved 32768K
}
Event: 30.204 GC heap before
{Heap before GC invocations=8 (full 3):
 def new generation   total 2522880K, used 2522879K [0x00007fb4a0600000, 0x00007fb54b780000, 0x00007fb9f5b50000)
  eden space 2242560K, 100% used [0x00007fb4a0600000, 0x00007fb529400000, 0x00007fb529400000)
  from space 280320K,  99% used [0x00007fb53a5c0000, 0x00007fb54b77fe20, 0x00007fb54b780000)
  to   space 280320K,   0% used [0x00007fb529400000, 0x00007fb529400000, 0x00007fb53a5c0000)
 tenured generation   total 5606296K, used 5325942K [0x00007fb9f5b50000, 0x00007fbb4be36000, 0x00007fc4a0600000)
   the space 5606296K,  94% used [0x00007fb9f5b50000, 0x00007fbb3ac6d968, 0x00007fbb3ac6da00, 0x00007fbb4be36000)
 Metaspace       used 30983K, capacity 31383K, committed 31488K, reserved 32768K
}
Event: 33.978 GC heap after
{Heap after GC invocations=9 (full 3):
 def new generation   total 2522880K, used 280319K [0x00007fb4a0600000, 0x00007fb54b780000, 0x00007fb9f5b50000)
  eden space 2242560K,   0% used [0x00007fb4a0600000, 0x00007fb4a0600000, 0x00007fb529400000)
  from space 280320K,  99% used [0x00007fb529400000, 0x00007fb53a5bfe80, 0x00007fb53a5c0000)
  to   space 280320K,   0% used [0x00007fb53a5c0000, 0x00007fb53a5c0000, 0x00007fb54b780000)
 tenured generation   total 7173208K, used 7173133K [0x00007fb9f5b50000, 0x00007fbbab866000, 0x00007fc4a0600000)
   the space 7173208K,  99% used [0x00007fb9f5b50000, 0x00007fbbab8535c0, 0x00007fbbab853600, 0x00007fbbab866000)
 Metaspace       used 30983K, capacity 31383K, committed 31488K, reserved 32768K
}
Event: 33.978 GC heap before
{Heap before GC invocations=9 (full 3):
 def new generation   total 2522880K, used 280319K [0x00007fb4a0600000, 0x00007fb54b780000, 0x00007fb9f5b50000)
  eden space 2242560K,   0% used [0x00007fb4a0600000, 0x00007fb4a0600000, 0x00007fb529400000)
  from space 280320K,  99% used [0x00007fb529400000, 0x00007fb53a5bfe80, 0x00007fb53a5c0000)
  to   space 280320K,   0% used [0x00007fb53a5c0000, 0x00007fb53a5c0000, 0x00007fb54b780000)
 tenured generation   total 7173208K, used 7173133K [0x00007fb9f5b50000, 0x00007fbbab866000, 0x00007fc4a0600000)
   the space 7173208K,  99% used [0x00007fb9f5b50000, 0x00007fbbab8535c0, 0x00007fbbab853600, 0x00007fbbab866000)
 Metaspace       used 30983K, capacity 31383K, committed 31488K, reserved 32768K
}
Event: 40.616 GC heap after
{Heap after GC invocations=9 (full 4):
 def new generation   total 5379968K, used 274827K [0x00007fb4a0600000, 0x00007fb60d3a0000, 0x00007fb9f5b50000)
  eden space 4782208K,   5% used [0x00007fb4a0600000, 0x00007fb4b1262f10, 0x00007fb5c4420000)
  from space 597760K,   0% used [0x00007fb5c4420000, 0x00007fb5c4420000, 0x00007fb5e8be0000)
  to   space 597760K,   0% used [0x00007fb5e8be0000, 0x00007fb5e8be0000, 0x00007fb60d3a0000)
 tenured generation   total 11955348K, used 7173207K [0x00007fb9f5b50000, 0x00007fbccf675000, 0x00007fc4a0600000)
   the space 11955348K,  59% used [0x00007fb9f5b50000, 0x00007fbbab865c88, 0x00007fbbab865e00, 0x00007fbccf675000)
 Metaspace       used 30983K, capacity 31383K, committed 31488K, reserved 32768K
}
Event: 55.046 GC heap before
{Heap before GC invocations=9 (full 4):
 def new generation   total 5379968K, used 4782208K [0x00007fb4a0600000, 0x00007fb60d3a0000, 0x00007fb9f5b50000)
  eden space 4782208K, 100% used [0x00007fb4a0600000, 0x00007fb5c4420000, 0x00007fb5c4420000)
  from space 597760K,   0% used [0x00007fb5c4420000, 0x00007fb5c4420000, 0x00007fb5e8be0000)
  to   space 597760K,   0% used [0x00007fb5e8be0000, 0x00007fb5e8be0000, 0x00007fb60d3a0000)
 tenured generation   total 11955348K, used 7173207K [0x00007fb9f5b50000, 0x00007fbccf675000, 0x00007fc4a0600000)
   the space 11955348K,  59% used [0x00007fb9f5b50000, 0x00007fbbab865c88, 0x00007fbbab865e00, 0x00007fbccf675000)
 Metaspace       used 30983K, capacity 31383K, committed 31488K, reserved 32768K
}
Event: 59.539 GC heap after
{Heap after GC invocations=10 (full 4):
 def new generation   total 5379968K, used 597759K [0x00007fb4a0600000, 0x00007fb60d3a0000, 0x00007fb9f5b50000)
  eden space 4782208K,   0% used [0x00007fb4a0600000, 0x00007fb4a0600000, 0x00007fb5c4420000)
  from space 597760K,  99% used [0x00007fb5e8be0000, 0x00007fb60d39fd30, 0x00007fb60d3a0000)
  to   space 597760K,   0% used [0x00007fb5c4420000, 0x00007fb5c4420000, 0x00007fb5e8be0000)
 tenured generation   total 11955348K, used 9141742K [0x00007fb9f5b50000, 0x00007fbccf675000, 0x00007fc4a0600000)
   the space 11955348K,  76% used [0x00007fb9f5b50000, 0x00007fbc23acb858, 0x00007fbc23acba00, 0x00007fbccf675000)
 Metaspace       used 30983K, capacity 31383K, committed 31488K, reserved 32768K
}
Event: 62.722 GC heap before
{Heap before GC invocations=10 (full 4):
 def new generation   total 5379968K, used 5379967K [0x00007fb4a0600000, 0x00007fb60d3a0000, 0x00007fb9f5b50000)
  eden space 4782208K, 100% used [0x00007fb4a0600000, 0x00007fb5c4420000, 0x00007fb5c4420000)
  from space 597760K,  99% used [0x00007fb5e8be0000, 0x00007fb60d39fd30, 0x00007fb60d3a0000)
  to   space 597760K,   0% used [0x00007fb5c4420000, 0x00007fb5c4420000, 0x00007fb5e8be0000)
 tenured generation   total 11955348K, used 9141742K [0x00007fb9f5b50000, 0x00007fbccf675000, 0x00007fc4a0600000)
   the space 11955348K,  76% used [0x00007fb9f5b50000, 0x00007fbc23acb858, 0x00007fbc23acba00, 0x00007fbccf675000)
 Metaspace       used 30983K, capacity 31383K, committed 31488K, reserved 32768K
}
Event: 70.550 GC heap after
{Heap after GC invocations=11 (full 4):
 def new generation   total 5379968K, used 597759K [0x00007fb4a0600000, 0x00007fb60d3a0000, 0x00007fb9f5b50000)
  eden space 4782208K,   0% used [0x00007fb4a0600000, 0x00007fb4a0600000, 0x00007fb5c4420000)
  from space 597760K,  99% used [0x00007fb5c4420000, 0x00007fb5e8bdfd58, 0x00007fb5e8be0000)
  to   space 597760K,   0% used [0x00007fb5e8be0000, 0x00007fb5e8be0000, 0x00007fb60d3a0000)
 tenured generation   total 13744020K, used 13743843K [0x00007fb9f5b50000, 0x00007fbd3c935000, 0x00007fc4a0600000)
   the space 13744020K,  99% used [0x00007fb9f5b50000, 0x00007fbd3c908f88, 0x00007fbd3c909000, 0x00007fbd3c935000)
 Metaspace       used 30983K, capacity 31383K, committed 31488K, reserved 32768K
}
Event: 70.550 GC heap before
{Heap before GC invocations=11 (full 4):
 def new generation   total 5379968K, used 597759K [0x00007fb4a0600000, 0x00007fb60d3a0000, 0x00007fb9f5b50000)
  eden space 4782208K,   0% used [0x00007fb4a0600000, 0x00007fb4a0600000, 0x00007fb5c4420000)
  from space 597760K,  99% used [0x00007fb5c4420000, 0x00007fb5e8bdfd58, 0x00007fb5e8be0000)
  to   space 597760K,   0% used [0x00007fb5e8be0000, 0x00007fb5e8be0000, 0x00007fb60d3a0000)
 tenured generation   total 13744020K, used 13743843K [0x00007fb9f5b50000, 0x00007fbd3c935000, 0x00007fc4a0600000)
   the space 13744020K,  99% used [0x00007fb9f5b50000, 0x00007fbd3c908f88, 0x00007fbd3c909000, 0x00007fbd3c935000)
 Metaspace       used 30983K, capacity 31383K, committed 31488K, reserved 32768K
}

