# JRE version: OpenJDK Runtime Environment (13.0.7+5) (build 13.0.7+5-Ubuntu-0ubuntu120.04)
# Java VM: OpenJDK 64-Bit Server VM (13.0.7+5-Ubuntu-0ubuntu120.04, mixed mode, tiered, serial gc, linux-amd64)
Heap:
 def new generation   total 3156864K, used 0K [0x00007fb310600000, 0x00007fb3e6760000, 0x00007fb865b50000)
  eden space 2806144K,   0% used [0x00007fb310600000, 0x00007fb310600000, 0x00007fb3bba60000)
  from space 350720K,   0% used [0x00007fb3d10e0000, 0x00007fb3d10e0000, 0x00007fb3e6760000)
  to   space 350720K,   0% used [0x00007fb3bba60000, 0x00007fb3bba60000, 0x00007fb3d10e0000)
 tenured generation   total 11209368K, used 8397987K [0x00007fb865b50000, 0x00007fbb11df6000, 0x00007fc310600000)
   the space 11209368K,  74% used [0x00007fb865b50000, 0x00007fba66478dd8, 0x00007fba66478e00, 0x00007fbb11df6000)
 Metaspace       used 23261K, capacity 23610K, committed 23808K, reserved 24576K
GC Heap History (20 events):
Event: 3.401 GC heap after
{Heap after GC invocations=2 (full 1):
 def new generation   total 629248K, used 646K [0x00007fb310600000, 0x00007fb33b0c0000, 0x00007fb865b50000)
  eden space 559360K,   0% used [0x00007fb310600000, 0x00007fb310600000, 0x00007fb332840000)
  from space 69888K,   0% used [0x00007fb336c80000, 0x00007fb336d21a98, 0x00007fb33b0c0000)
  to   space 69888K,   0% used [0x00007fb332840000, 0x00007fb332840000, 0x00007fb336c80000)
 tenured generation   total 1398144K, used 13606K [0x00007fb865b50000, 0x00007fb8bb0b0000, 0x00007fc310600000)
   the space 1398144K,   0% used [0x00007fb865b50000, 0x00007fb866899918, 0x00007fb866899a00, 0x00007fb8bb0b0000)
 Metaspace       used 23043K, capacity 23402K, committed 23552K, reserved 24576K
}
Event: 4.257 GC heap before
{Heap before GC invocations=2 (full 1):
 def new generation   total 629248K, used 560006K [0x00007fb310600000, 0x00007fb33b0c0000, 0x00007fb865b50000)
  eden space 559360K, 100% used [0x00007fb310600000, 0x00007fb332840000, 0x00007fb332840000)
  from space 69888K,   0% used [0x00007fb336c80000, 0x00007fb336d21a98, 0x00007fb33b0c0000)
  to   space 69888K,   0% used [0x00007fb332840000, 0x00007fb332840000, 0x00007fb336c80000)
 tenured generation   total 1398144K, used 13606K [0x00007fb865b50000, 0x00007fb8bb0b0000, 0x00007fc310600000)
   the space 1398144K,   0% used [0x00007fb865b50000, 0x00007fb866899918, 0x00007fb866899a00, 0x00007fb8bb0b0000)
 Metaspace       used 23066K, capacity 23403K, committed 23552K, reserved 24576K
}
Event: 4.258 GC heap after
{Heap after GC invocations=3 (full 1):
 def new generation   total 629248K, used 927K [0x00007fb310600000, 0x00007fb33b0c0000, 0x00007fb865b50000)
  eden space 559360K,   0% used [0x00007fb310600000, 0x00007fb310600000, 0x00007fb332840000)
  from space 69888K,   1% used [0x00007fb332840000, 0x00007fb332927df0, 0x00007fb336c80000)
  to   space 69888K,   0% used [0x00007fb336c80000, 0x00007fb336c80000, 0x00007fb33b0c0000)
 tenured generation   total 1398144K, used 13606K [0x00007fb865b50000, 0x00007fb8bb0b0000, 0x00007fc310600000)
   the space 1398144K,   0% used [0x00007fb865b50000, 0x00007fb866899918, 0x00007fb866899a00, 0x00007fb8bb0b0000)
 Metaspace       used 23066K, capacity 23403K, committed 23552K, reserved 24576K
}
Event: 4.610 GC heap before
{Heap before GC invocations=3 (full 1):
 def new generation   total 629248K, used 272478K [0x00007fb310600000, 0x00007fb33b0c0000, 0x00007fb865b50000)
  eden space 559360K,  48% used [0x00007fb310600000, 0x00007fb320f2fcf0, 0x00007fb332840000)
  from space 69888K,   1% used [0x00007fb332840000, 0x00007fb332927df0, 0x00007fb336c80000)
  to   space 69888K,   0% used [0x00007fb336c80000, 0x00007fb336c80000, 0x00007fb33b0c0000)
 tenured generation   total 1398144K, used 13606K [0x00007fb865b50000, 0x00007fb8bb0b0000, 0x00007fc310600000)
   the space 1398144K,   0% used [0x00007fb865b50000, 0x00007fb866899918, 0x00007fb866899a00, 0x00007fb8bb0b0000)
 Metaspace       used 23260K, capacity 23610K, committed 23808K, reserved 24576K
}
Event: 4.613 GC heap after
{Heap after GC invocations=4 (full 1):
 def new generation   total 629248K, used 3182K [0x00007fb310600000, 0x00007fb33b0c0000, 0x00007fb865b50000)
  eden space 559360K,   0% used [0x00007fb310600000, 0x00007fb310600000, 0x00007fb332840000)
  from space 69888K,   4% used [0x00007fb336c80000, 0x00007fb336f9ba88, 0x00007fb33b0c0000)
  to   space 69888K,   0% used [0x00007fb332840000, 0x00007fb332840000, 0x00007fb336c80000)
 tenured generation   total 1398144K, used 13606K [0x00007fb865b50000, 0x00007fb8bb0b0000, 0x00007fc310600000)
   the space 1398144K,   0% used [0x00007fb865b50000, 0x00007fb866899918, 0x00007fb866899a00, 0x00007fb8bb0b0000)
 Metaspace       used 23260K, capacity 23610K, committed 23808K, reserved 24576K
}
Event: 5.188 GC heap before
{Heap before GC invocations=4 (full 1):
 def new generation   total 629248K, used 538502K [0x00007fb310600000, 0x00007fb33b0c0000, 0x00007fb865b50000)
  eden space 559360K,  95% used [0x00007fb310600000, 0x00007fb3310c6098, 0x00007fb332840000)
  from space 69888K,   4% used [0x00007fb336c80000, 0x00007fb336f9ba88, 0x00007fb33b0c0000)
  to   space 69888K,   0% used [0x00007fb332840000, 0x00007fb332840000, 0x00007fb336c80000)
 tenured generation   total 1398144K, used 13606K [0x00007fb865b50000, 0x00007fb8bb0b0000, 0x00007fc310600000)
   the space 1398144K,   0% used [0x00007fb865b50000, 0x00007fb866899918, 0x00007fb866899a00, 0x00007fb8bb0b0000)
 Metaspace       used 23261K, capacity 23610K, committed 23808K, reserved 24576K
}
Event: 5.431 GC heap after
{Heap after GC invocations=5 (full 1):
 def new generation   total 629248K, used 2158K [0x00007fb310600000, 0x00007fb33b0c0000, 0x00007fb865b50000)
  eden space 559360K,   0% used [0x00007fb310600000, 0x00007fb310600000, 0x00007fb332840000)
  from space 69888K,   3% used [0x00007fb332840000, 0x00007fb332a5b868, 0x00007fb336c80000)
  to   space 69888K,   0% used [0x00007fb336c80000, 0x00007fb336c80000, 0x00007fb33b0c0000)
 tenured generation   total 1398144K, used 537894K [0x00007fb865b50000, 0x00007fb8bb0b0000, 0x00007fc310600000)
   the space 1398144K,  38% used [0x00007fb865b50000, 0x00007fb886899930, 0x00007fb886899a00, 0x00007fb8bb0b0000)
 Metaspace       used 23261K, capacity 23610K, committed 23808K, reserved 24576K
}
Event: 5.937 GC heap before
{Heap before GC invocations=5 (full 1):
 def new generation   total 629248K, used 406394K [0x00007fb310600000, 0x00007fb33b0c0000, 0x00007fb865b50000)
  eden space 559360K,  72% used [0x00007fb310600000, 0x00007fb3290c3118, 0x00007fb332840000)
  from space 69888K,   3% used [0x00007fb332840000, 0x00007fb332a5b868, 0x00007fb336c80000)
  to   space 69888K,   0% used [0x00007fb336c80000, 0x00007fb336c80000, 0x00007fb33b0c0000)
 tenured generation   total 1398144K, used 537894K [0x00007fb865b50000, 0x00007fb8bb0b0000, 0x00007fc310600000)
   the space 1398144K,  38% used [0x00007fb865b50000, 0x00007fb886899930, 0x00007fb886899a00, 0x00007fb8bb0b0000)
 Metaspace       used 23261K, capacity 23610K, committed 23808K, reserved 24576K
}
Event: 6.030 GC heap after
{Heap after GC invocations=6 (full 1):
 def new generation   total 629248K, used 1134K [0x00007fb310600000, 0x00007fb33b0c0000, 0x00007fb865b50000)
  eden space 559360K,   0% used [0x00007fb310600000, 0x00007fb310600000, 0x00007fb332840000)
  from space 69888K,   1% used [0x00007fb336c80000, 0x00007fb336d9b918, 0x00007fb33b0c0000)
  to   space 69888K,   0% used [0x00007fb332840000, 0x00007fb332840000, 0x00007fb336c80000)
 tenured generation   total 1398144K, used 668966K [0x00007fb865b50000, 0x00007fb8bb0b0000, 0x00007fc310600000)
   the space 1398144K,  47% used [0x00007fb865b50000, 0x00007fb88e899948, 0x00007fb88e899a00, 0x00007fb8bb0b0000)
 Metaspace       used 23261K, capacity 23610K, committed 23808K, reserved 24576K
}
Event: 6.510 GC heap before
{Heap before GC invocations=6 (full 1):
 def new generation   total 629248K, used 536394K [0x00007fb310600000, 0x00007fb33b0c0000, 0x00007fb865b50000)
  eden space 559360K,  95% used [0x00007fb310600000, 0x00007fb3310b6ff0, 0x00007fb332840000)
  from space 69888K,   1% used [0x00007fb336c80000, 0x00007fb336d9b918, 0x00007fb33b0c0000)
  to   space 69888K,   0% used [0x00007fb332840000, 0x00007fb332840000, 0x00007fb336c80000)
 tenured generation   total 1398144K, used 668966K [0x00007fb865b50000, 0x00007fb8bb0b0000, 0x00007fc310600000)
   the space 1398144K,  47% used [0x00007fb865b50000, 0x00007fb88e899948, 0x00007fb88e899a00, 0x00007fb8bb0b0000)
 Metaspace       used 23261K, capacity 23610K, committed 23808K, reserved 24576K
}
Event: 7.037 GC heap after
{Heap after GC invocations=7 (full 1):
 def new generation   total 629248K, used 1135K [0x00007fb310600000, 0x00007fb33b0c0000, 0x00007fb865b50000)
  eden space 559360K,   0% used [0x00007fb310600000, 0x00007fb310600000, 0x00007fb332840000)
  from space 69888K,   1% used [0x00007fb332840000, 0x00007fb33295bd00, 0x00007fb336c80000)
  to   space 69888K,   0% used [0x00007fb336c80000, 0x00007fb336c80000, 0x00007fb33b0c0000)
 tenured generation   total 1398144K, used 1193254K [0x00007fb865b50000, 0x00007fb8bb0b0000, 0x00007fc310600000)
   the space 1398144K,  85% used [0x00007fb865b50000, 0x00007fb8ae899978, 0x00007fb8ae899a00, 0x00007fb8bb0b0000)
 Metaspace       used 23261K, capacity 23610K, committed 23808K, reserved 24576K
}
Event: 7.037 GC heap before
{Heap before GC invocations=7 (full 1):
 def new generation   total 629248K, used 1135K [0x00007fb310600000, 0x00007fb33b0c0000, 0x00007fb865b50000)
  eden space 559360K,   0% used [0x00007fb310600000, 0x00007fb310600000, 0x00007fb332840000)
  from space 69888K,   1% used [0x00007fb332840000, 0x00007fb33295bd00, 0x00007fb336c80000)
  to   space 69888K,   0% used [0x00007fb336c80000, 0x00007fb336c80000, 0x00007fb33b0c0000)
 tenured generation   total 1398144K, used 1193254K [0x00007fb865b50000, 0x00007fb8bb0b0000, 0x00007fc310600000)
   the space 1398144K,  85% used [0x00007fb865b50000, 0x00007fb8ae899978, 0x00007fb8ae899a00, 0x00007fb8bb0b0000)
 Metaspace       used 23261K, capacity 23610K, committed 23808K, reserved 24576K
}
Event: 7.358 GC heap after
{Heap after GC invocations=7 (full 2):
 def new generation   total 629248K, used 0K [0x00007fb310600000, 0x00007fb33b0c0000, 0x00007fb865b50000)
  eden space 559360K,   0% used [0x00007fb310600000, 0x00007fb310600000, 0x00007fb332840000)
  from space 69888K,   0% used [0x00007fb332840000, 0x00007fb332840000, 0x00007fb336c80000)
  to   space 69888K,   0% used [0x00007fb336c80000, 0x00007fb336c80000, 0x00007fb33b0c0000)
 tenured generation   total 1398144K, used 539020K [0x00007fb865b50000, 0x00007fb8bb0b0000, 0x00007fc310600000)
   the space 1398144K,  38% used [0x00007fb865b50000, 0x00007fb8869b3038, 0x00007fb8869b3200, 0x00007fb8bb0b0000)
 Metaspace       used 23261K, capacity 23610K, committed 23808K, reserved 24576K
}
Event: 11.504 GC heap before
{Heap before GC invocations=7 (full 2):
 def new generation   total 629248K, used 10967K [0x00007fb310600000, 0x00007fb33b0c0000, 0x00007fb865b50000)
  eden space 559360K,   1% used [0x00007fb310600000, 0x00007fb3110b5c38, 0x00007fb332840000)
  from space 69888K,   0% used [0x00007fb332840000, 0x00007fb332840000, 0x00007fb336c80000)
  to   space 69888K,   0% used [0x00007fb336c80000, 0x00007fb336c80000, 0x00007fb33b0c0000)
 tenured generation   total 5592452K, used 4733324K [0x00007fb865b50000, 0x00007fb9bb0b1000, 0x00007fc310600000)
   the space 5592452K,  84% used [0x00007fb865b50000, 0x00007fb9869b3050, 0x00007fb9869b3200, 0x00007fb9bb0b1000)
 Metaspace       used 23261K, capacity 23610K, committed 23808K, reserved 24576K
}
Event: 11.511 GC heap after
{Heap after GC invocations=8 (full 2):
 def new generation   total 629248K, used 0K [0x00007fb310600000, 0x00007fb33b0c0000, 0x00007fb865b50000)
  eden space 559360K,   0% used [0x00007fb310600000, 0x00007fb310600000, 0x00007fb332840000)
  from space 69888K,   0% used [0x00007fb336c80000, 0x00007fb336c800b0, 0x00007fb33b0c0000)
  to   space 69888K,   0% used [0x00007fb332840000, 0x00007fb332840000, 0x00007fb336c80000)
 tenured generation   total 5592452K, used 4733324K [0x00007fb865b50000, 0x00007fb9bb0b1000, 0x00007fc310600000)
   the space 5592452K,  84% used [0x00007fb865b50000, 0x00007fb9869b3050, 0x00007fb9869b3200, 0x00007fb9bb0b1000)
 Metaspace       used 23261K, capacity 23610K, committed 23808K, reserved 24576K
}
Event: 11.511 GC heap before
{Heap before GC invocations=8 (full 2):
 def new generation   total 629248K, used 0K [0x00007fb310600000, 0x00007fb33b0c0000, 0x00007fb865b50000)
  eden space 559360K,   0% used [0x00007fb310600000, 0x00007fb310600000, 0x00007fb332840000)
  from space 69888K,   0% used [0x00007fb336c80000, 0x00007fb336c800b0, 0x00007fb33b0c0000)
  to   space 69888K,   0% used [0x00007fb332840000, 0x00007fb332840000, 0x00007fb336c80000)
 tenured generation   total 5592452K, used 4733324K [0x00007fb865b50000, 0x00007fb9bb0b1000, 0x00007fc310600000)
   the space 5592452K,  84% used [0x00007fb865b50000, 0x00007fb9869b3050, 0x00007fb9869b3200, 0x00007fb9bb0b1000)
 Metaspace       used 23261K, capacity 23610K, committed 23808K, reserved 24576K
}
Event: 15.158 GC heap after
{Heap after GC invocations=8 (full 3):
 def new generation   total 3156864K, used 0K [0x00007fb310600000, 0x00007fb3e6760000, 0x00007fb865b50000)
  eden space 2806144K,   0% used [0x00007fb310600000, 0x00007fb310600000, 0x00007fb3bba60000)
  from space 350720K,   0% used [0x00007fb3bba60000, 0x00007fb3bba60000, 0x00007fb3d10e0000)
  to   space 350720K,   0% used [0x00007fb3d10e0000, 0x00007fb3d10e0000, 0x00007fb3e6760000)
 tenured generation   total 7015060K, used 4209034K [0x00007fb865b50000, 0x00007fba11df5000, 0x00007fc310600000)
   the space 7015060K,  59% used [0x00007fb865b50000, 0x00007fb9669b2830, 0x00007fb9669b2a00, 0x00007fba11df5000)
 Metaspace       used 23261K, capacity 23610K, committed 23808K, reserved 24576K
}
Event: 27.320 GC heap before
{Heap before GC invocations=8 (full 3):
 def new generation   total 3156864K, used 55018K [0x00007fb310600000, 0x00007fb3e6760000, 0x00007fb865b50000)
  eden space 2806144K,   1% used [0x00007fb310600000, 0x00007fb313bba988, 0x00007fb3bba60000)
  from space 350720K,   0% used [0x00007fb3bba60000, 0x00007fb3bba60000, 0x00007fb3d10e0000)
  to   space 350720K,   0% used [0x00007fb3d10e0000, 0x00007fb3d10e0000, 0x00007fb3e6760000)
 tenured generation   total 11209368K, used 8403338K [0x00007fb865b50000, 0x00007fbb11df6000, 0x00007fc310600000)
   the space 11209368K,  74% used [0x00007fb865b50000, 0x00007fba669b2848, 0x00007fba669b2a00, 0x00007fbb11df6000)
 Metaspace       used 23261K, capacity 23610K, committed 23808K, reserved 24576K
}
Event: 27.400 GC heap after
{Heap after GC invocations=9 (full 3):
 def new generation   total 3156864K, used 0K [0x00007fb310600000, 0x00007fb3e6760000, 0x00007fb865b50000)
  eden space 2806144K,   0% used [0x00007fb310600000, 0x00007fb310600000, 0x00007fb3bba60000)
  from space 350720K,   0% used [0x00007fb3d10e0000, 0x00007fb3d10e0278, 0x00007fb3e6760000)
  to   space 350720K,   0% used [0x00007fb3bba60000, 0x00007fb3bba60000, 0x00007fb3d10e0000)
 tenured generation   total 11209368K, used 8403338K [0x00007fb865b50000, 0x00007fbb11df6000, 0x00007fc310600000)
   the space 11209368K,  74% used [0x00007fb865b50000, 0x00007fba669b2848, 0x00007fba669b2a00, 0x00007fbb11df6000)
 Metaspace       used 23261K, capacity 23610K, committed 23808K, reserved 24576K
}
Event: 27.400 GC heap before
{Heap before GC invocations=9 (full 3):
 def new generation   total 3156864K, used 0K [0x00007fb310600000, 0x00007fb3e6760000, 0x00007fb865b50000)
  eden space 2806144K,   0% used [0x00007fb310600000, 0x00007fb310600000, 0x00007fb3bba60000)
  from space 350720K,   0% used [0x00007fb3d10e0000, 0x00007fb3d10e0278, 0x00007fb3e6760000)
  to   space 350720K,   0% used [0x00007fb3bba60000, 0x00007fb3bba60000, 0x00007fb3d10e0000)
 tenured generation   total 11209368K, used 8403338K [0x00007fb865b50000, 0x00007fbb11df6000, 0x00007fc310600000)
   the space 11209368K,  74% used [0x00007fb865b50000, 0x00007fba669b2848, 0x00007fba669b2a00, 0x00007fbb11df6000)
 Metaspace       used 23261K, capacity 23610K, committed 23808K, reserved 24576K
}

