# JRE version: OpenJDK Runtime Environment (13.0.7+5) (build 13.0.7+5-Ubuntu-0ubuntu120.04)
# Java VM: OpenJDK 64-Bit Server VM (13.0.7+5-Ubuntu-0ubuntu120.04, mixed mode, tiered, serial gc, linux-amd64)
Heap:
 def new generation   total 10310464K, used 0K [0x00007f21c4600000, 0x00007f247f990000, 0x00007f2719b50000)
  eden space 9164864K,   0% used [0x00007f21c4600000, 0x00007f21c4600000, 0x00007f23f3c10000)
  from space 1145600K,   0% used [0x00007f2439ad0000, 0x00007f2439ad0000, 0x00007f247f990000)
  to   space 1145600K,   0% used [0x00007f23f3c10000, 0x00007f23f3c10000, 0x00007f2439ad0000)
 tenured generation   total 23499984K, used 23077612K [0x00007f2719b50000, 0x00007f2cb4084000, 0x00007f31c4600000)
   the space 23499984K,  98% used [0x00007f2719b50000, 0x00007f2c9a40b148, 0x00007f2c9a40b200, 0x00007f2cb4084000)
 Metaspace       used 32431K, capacity 32889K, committed 33024K, reserved 34816K
GC Heap History (20 events):
Event: 11444.203 GC heap after
{Heap after GC invocations=487 (full 21):
 def new generation   total 10310464K, used 670557K [0x00007f21c4600000, 0x00007f247f990000, 0x00007f2719b50000)
  eden space 9164864K,   0% used [0x00007f21c4600000, 0x00007f21c4600000, 0x00007f23f3c10000)
  from space 1145600K,  58% used [0x00007f23f3c10000, 0x00007f241cae7478, 0x00007f2439ad0000)
  to   space 1145600K,   0% used [0x00007f2439ad0000, 0x00007f2439ad0000, 0x00007f247f990000)
 tenured generation   total 22912080K, used 17213247K [0x00007f2719b50000, 0x00007f2c90264000, 0x00007f31c4600000)
   the space 22912080K,  75% used [0x00007f2719b50000, 0x00007f2b3451fc38, 0x00007f2b3451fe00, 0x00007f2c90264000)
 Metaspace       used 32431K, capacity 32889K, committed 33024K, reserved 34816K
}
Event: 11446.740 GC heap before
{Heap before GC invocations=487 (full 21):
 def new generation   total 10310464K, used 9835421K [0x00007f21c4600000, 0x00007f247f990000, 0x00007f2719b50000)
  eden space 9164864K, 100% used [0x00007f21c4600000, 0x00007f23f3c10000, 0x00007f23f3c10000)
  from space 1145600K,  58% used [0x00007f23f3c10000, 0x00007f241cae7478, 0x00007f2439ad0000)
  to   space 1145600K,   0% used [0x00007f2439ad0000, 0x00007f2439ad0000, 0x00007f247f990000)
 tenured generation   total 22912080K, used 17213247K [0x00007f2719b50000, 0x00007f2c90264000, 0x00007f31c4600000)
   the space 22912080K,  75% used [0x00007f2719b50000, 0x00007f2b3451fc38, 0x00007f2b3451fe00, 0x00007f2c90264000)
 Metaspace       used 32431K, capacity 32889K, committed 33024K, reserved 34816K
}
Event: 11448.550 GC heap after
{Heap after GC invocations=488 (full 21):
 def new generation   total 10310464K, used 665728K [0x00007f21c4600000, 0x00007f247f990000, 0x00007f2719b50000)
  eden space 9164864K,   0% used [0x00007f21c4600000, 0x00007f21c4600000, 0x00007f23f3c10000)
  from space 1145600K,  58% used [0x00007f2439ad0000, 0x00007f24624f0350, 0x00007f247f990000)
  to   space 1145600K,   0% used [0x00007f23f3c10000, 0x00007f23f3c10000, 0x00007f2439ad0000)
 tenured generation   total 22912080K, used 17883803K [0x00007f2719b50000, 0x00007f2c90264000, 0x00007f31c4600000)
   the space 22912080K,  78% used [0x00007f2719b50000, 0x00007f2b5d3f6e50, 0x00007f2b5d3f7000, 0x00007f2c90264000)
 Metaspace       used 32431K, capacity 32889K, committed 33024K, reserved 34816K
}
Event: 11451.221 GC heap before
{Heap before GC invocations=488 (full 21):
 def new generation   total 10310464K, used 9830592K [0x00007f21c4600000, 0x00007f247f990000, 0x00007f2719b50000)
  eden space 9164864K, 100% used [0x00007f21c4600000, 0x00007f23f3c10000, 0x00007f23f3c10000)
  from space 1145600K,  58% used [0x00007f2439ad0000, 0x00007f24624f0350, 0x00007f247f990000)
  to   space 1145600K,   0% used [0x00007f23f3c10000, 0x00007f23f3c10000, 0x00007f2439ad0000)
 tenured generation   total 22912080K, used 17883803K [0x00007f2719b50000, 0x00007f2c90264000, 0x00007f31c4600000)
   the space 22912080K,  78% used [0x00007f2719b50000, 0x00007f2b5d3f6e50, 0x00007f2b5d3f7000, 0x00007f2c90264000)
 Metaspace       used 32431K, capacity 32889K, committed 33024K, reserved 34816K
}
Event: 11453.173 GC heap after
{Heap after GC invocations=489 (full 21):
 def new generation   total 10310464K, used 691270K [0x00007f21c4600000, 0x00007f247f990000, 0x00007f2719b50000)
  eden space 9164864K,   0% used [0x00007f21c4600000, 0x00007f21c4600000, 0x00007f23f3c10000)
  from space 1145600K,  60% used [0x00007f23f3c10000, 0x00007f241df21a78, 0x00007f2439ad0000)
  to   space 1145600K,   0% used [0x00007f2439ad0000, 0x00007f2439ad0000, 0x00007f247f990000)
 tenured generation   total 22912080K, used 18549531K [0x00007f2719b50000, 0x00007f2c90264000, 0x00007f31c4600000)
   the space 22912080K,  80% used [0x00007f2719b50000, 0x00007f2b85e16f30, 0x00007f2b85e17000, 0x00007f2c90264000)
 Metaspace       used 32431K, capacity 32889K, committed 33024K, reserved 34816K
}
Event: 11456.103 GC heap before
{Heap before GC invocations=489 (full 21):
 def new generation   total 10310464K, used 9856134K [0x00007f21c4600000, 0x00007f247f990000, 0x00007f2719b50000)
  eden space 9164864K, 100% used [0x00007f21c4600000, 0x00007f23f3c10000, 0x00007f23f3c10000)
  from space 1145600K,  60% used [0x00007f23f3c10000, 0x00007f241df21a78, 0x00007f2439ad0000)
  to   space 1145600K,   0% used [0x00007f2439ad0000, 0x00007f2439ad0000, 0x00007f247f990000)
 tenured generation   total 22912080K, used 18549531K [0x00007f2719b50000, 0x00007f2c90264000, 0x00007f31c4600000)
   the space 22912080K,  80% used [0x00007f2719b50000, 0x00007f2b85e16f30, 0x00007f2b85e17000, 0x00007f2c90264000)
 Metaspace       used 32431K, capacity 32889K, committed 33024K, reserved 34816K
}
Event: 11457.963 GC heap after
{Heap after GC invocations=490 (full 21):
 def new generation   total 10310464K, used 676672K [0x00007f21c4600000, 0x00007f247f990000, 0x00007f2719b50000)
  eden space 9164864K,   0% used [0x00007f21c4600000, 0x00007f21c4600000, 0x00007f23f3c10000)
  from space 1145600K,  59% used [0x00007f2439ad0000, 0x00007f2462fa03f8, 0x00007f247f990000)
  to   space 1145600K,   0% used [0x00007f23f3c10000, 0x00007f23f3c10000, 0x00007f2439ad0000)
 tenured generation   total 22912080K, used 19240801K [0x00007f2719b50000, 0x00007f2c90264000, 0x00007f31c4600000)
   the space 22912080K,  83% used [0x00007f2719b50000, 0x00007f2bb0128768, 0x00007f2bb0128800, 0x00007f2c90264000)
 Metaspace       used 32431K, capacity 32889K, committed 33024K, reserved 34816K
}
Event: 11460.736 GC heap before
{Heap before GC invocations=490 (full 21):
 def new generation   total 10310464K, used 9841536K [0x00007f21c4600000, 0x00007f247f990000, 0x00007f2719b50000)
  eden space 9164864K, 100% used [0x00007f21c4600000, 0x00007f23f3c10000, 0x00007f23f3c10000)
  from space 1145600K,  59% used [0x00007f2439ad0000, 0x00007f2462fa03f8, 0x00007f247f990000)
  to   space 1145600K,   0% used [0x00007f23f3c10000, 0x00007f23f3c10000, 0x00007f2439ad0000)
 tenured generation   total 22912080K, used 19240801K [0x00007f2719b50000, 0x00007f2c90264000, 0x00007f31c4600000)
   the space 22912080K,  83% used [0x00007f2719b50000, 0x00007f2bb0128768, 0x00007f2bb0128800, 0x00007f2c90264000)
 Metaspace       used 32431K, capacity 32889K, committed 33024K, reserved 34816K
}
Event: 11462.849 GC heap after
{Heap after GC invocations=491 (full 21):
 def new generation   total 10310464K, used 679740K [0x00007f21c4600000, 0x00007f247f990000, 0x00007f2719b50000)
  eden space 9164864K,   0% used [0x00007f21c4600000, 0x00007f21c4600000, 0x00007f23f3c10000)
  from space 1145600K,  59% used [0x00007f23f3c10000, 0x00007f241d3df0e0, 0x00007f2439ad0000)
  to   space 1145600K,   0% used [0x00007f2439ad0000, 0x00007f2439ad0000, 0x00007f247f990000)
 tenured generation   total 22912080K, used 19917474K [0x00007f2719b50000, 0x00007f2c90264000, 0x00007f31c4600000)
   the space 22912080K,  86% used [0x00007f2719b50000, 0x00007f2bd95f8a10, 0x00007f2bd95f8c00, 0x00007f2c90264000)
 Metaspace       used 32431K, capacity 32889K, committed 33024K, reserved 34816K
}
Event: 11465.596 GC heap before
{Heap before GC invocations=491 (full 21):
 def new generation   total 10310464K, used 9844604K [0x00007f21c4600000, 0x00007f247f990000, 0x00007f2719b50000)
  eden space 9164864K, 100% used [0x00007f21c4600000, 0x00007f23f3c10000, 0x00007f23f3c10000)
  from space 1145600K,  59% used [0x00007f23f3c10000, 0x00007f241d3df0e0, 0x00007f2439ad0000)
  to   space 1145600K,   0% used [0x00007f2439ad0000, 0x00007f2439ad0000, 0x00007f247f990000)
 tenured generation   total 22912080K, used 19917474K [0x00007f2719b50000, 0x00007f2c90264000, 0x00007f31c4600000)
   the space 22912080K,  86% used [0x00007f2719b50000, 0x00007f2bd95f8a10, 0x00007f2bd95f8c00, 0x00007f2c90264000)
 Metaspace       used 32431K, capacity 32889K, committed 33024K, reserved 34816K
}
Event: 11467.798 GC heap after
{Heap after GC invocations=492 (full 21):
 def new generation   total 10310464K, used 767132K [0x00007f21c4600000, 0x00007f247f990000, 0x00007f2719b50000)
  eden space 9164864K,   0% used [0x00007f21c4600000, 0x00007f21c4600000, 0x00007f23f3c10000)
  from space 1145600K,  66% used [0x00007f2439ad0000, 0x00007f24687f7228, 0x00007f247f990000)
  to   space 1145600K,   0% used [0x00007f23f3c10000, 0x00007f23f3c10000, 0x00007f2439ad0000)
 tenured generation   total 22912080K, used 20597214K [0x00007f2719b50000, 0x00007f2c90264000, 0x00007f31c4600000)
   the space 22912080K,  89% used [0x00007f2719b50000, 0x00007f2c02dc7ad0, 0x00007f2c02dc7c00, 0x00007f2c90264000)
 Metaspace       used 32431K, capacity 32889K, committed 33024K, reserved 34816K
}
Event: 11470.372 GC heap before
{Heap before GC invocations=492 (full 21):
 def new generation   total 10310464K, used 9931996K [0x00007f21c4600000, 0x00007f247f990000, 0x00007f2719b50000)
  eden space 9164864K, 100% used [0x00007f21c4600000, 0x00007f23f3c10000, 0x00007f23f3c10000)
  from space 1145600K,  66% used [0x00007f2439ad0000, 0x00007f24687f7228, 0x00007f247f990000)
  to   space 1145600K,   0% used [0x00007f23f3c10000, 0x00007f23f3c10000, 0x00007f2439ad0000)
 tenured generation   total 22912080K, used 20597214K [0x00007f2719b50000, 0x00007f2c90264000, 0x00007f31c4600000)
   the space 22912080K,  89% used [0x00007f2719b50000, 0x00007f2c02dc7ad0, 0x00007f2c02dc7c00, 0x00007f2c90264000)
 Metaspace       used 32431K, capacity 32889K, committed 33024K, reserved 34816K
}
Event: 11472.505 GC heap after
{Heap after GC invocations=493 (full 21):
 def new generation   total 10310464K, used 676402K [0x00007f21c4600000, 0x00007f247f990000, 0x00007f2719b50000)
  eden space 9164864K,   0% used [0x00007f21c4600000, 0x00007f21c4600000, 0x00007f23f3c10000)
  from space 1145600K,  59% used [0x00007f23f3c10000, 0x00007f241d09c8d8, 0x00007f2439ad0000)
  to   space 1145600K,   0% used [0x00007f2439ad0000, 0x00007f2439ad0000, 0x00007f247f990000)
 tenured generation   total 22912080K, used 21364346K [0x00007f2719b50000, 0x00007f2c90264000, 0x00007f31c4600000)
   the space 22912080K,  93% used [0x00007f2719b50000, 0x00007f2c31aeeaa8, 0x00007f2c31aeec00, 0x00007f2c90264000)
 Metaspace       used 32431K, capacity 32889K, committed 33024K, reserved 34816K
}
Event: 11475.336 GC heap before
{Heap before GC invocations=493 (full 21):
 def new generation   total 10310464K, used 9841266K [0x00007f21c4600000, 0x00007f247f990000, 0x00007f2719b50000)
  eden space 9164864K, 100% used [0x00007f21c4600000, 0x00007f23f3c10000, 0x00007f23f3c10000)
  from space 1145600K,  59% used [0x00007f23f3c10000, 0x00007f241d09c8d8, 0x00007f2439ad0000)
  to   space 1145600K,   0% used [0x00007f2439ad0000, 0x00007f2439ad0000, 0x00007f247f990000)
 tenured generation   total 22912080K, used 21364346K [0x00007f2719b50000, 0x00007f2c90264000, 0x00007f31c4600000)
   the space 22912080K,  93% used [0x00007f2719b50000, 0x00007f2c31aeeaa8, 0x00007f2c31aeec00, 0x00007f2c90264000)
 Metaspace       used 32431K, capacity 32889K, committed 33024K, reserved 34816K
}
Event: 11477.351 GC heap after
{Heap after GC invocations=494 (full 21):
 def new generation   total 10310464K, used 754782K [0x00007f21c4600000, 0x00007f247f990000, 0x00007f2719b50000)
  eden space 9164864K,   0% used [0x00007f21c4600000, 0x00007f21c4600000, 0x00007f23f3c10000)
  from space 1145600K,  65% used [0x00007f2439ad0000, 0x00007f2467be7b80, 0x00007f247f990000)
  to   space 1145600K,   0% used [0x00007f23f3c10000, 0x00007f23f3c10000, 0x00007f2439ad0000)
 tenured generation   total 22912080K, used 22040748K [0x00007f2719b50000, 0x00007f2c90264000, 0x00007f31c4600000)
   the space 22912080K,  96% used [0x00007f2719b50000, 0x00007f2c5af7b1e0, 0x00007f2c5af7b200, 0x00007f2c90264000)
 Metaspace       used 32431K, capacity 32889K, committed 33024K, reserved 34816K
}
Event: 11479.892 GC heap before
{Heap before GC invocations=494 (full 21):
 def new generation   total 10310464K, used 9919646K [0x00007f21c4600000, 0x00007f247f990000, 0x00007f2719b50000)
  eden space 9164864K, 100% used [0x00007f21c4600000, 0x00007f23f3c10000, 0x00007f23f3c10000)
  from space 1145600K,  65% used [0x00007f2439ad0000, 0x00007f2467be7b80, 0x00007f247f990000)
  to   space 1145600K,   0% used [0x00007f23f3c10000, 0x00007f23f3c10000, 0x00007f2439ad0000)
 tenured generation   total 22912080K, used 22040748K [0x00007f2719b50000, 0x00007f2c90264000, 0x00007f31c4600000)
   the space 22912080K,  96% used [0x00007f2719b50000, 0x00007f2c5af7b1e0, 0x00007f2c5af7b200, 0x00007f2c90264000)
 Metaspace       used 32431K, capacity 32889K, committed 33024K, reserved 34816K
}
Event: 11481.933 GC heap after
{Heap after GC invocations=495 (full 21):
 def new generation   total 10310464K, used 704404K [0x00007f21c4600000, 0x00007f247f990000, 0x00007f2719b50000)
  eden space 9164864K,   0% used [0x00007f21c4600000, 0x00007f21c4600000, 0x00007f23f3c10000)
  from space 1145600K,  61% used [0x00007f23f3c10000, 0x00007f241ebf53e8, 0x00007f2439ad0000)
  to   space 1145600K,   0% used [0x00007f2439ad0000, 0x00007f2439ad0000, 0x00007f247f990000)
 tenured generation   total 22912080K, used 22795530K [0x00007f2719b50000, 0x00007f2c90264000, 0x00007f31c4600000)
   the space 22912080K,  99% used [0x00007f2719b50000, 0x00007f2c890929d0, 0x00007f2c89092a00, 0x00007f2c90264000)
 Metaspace       used 32431K, capacity 32889K, committed 33024K, reserved 34816K
}
Event: 11484.674 GC heap before
{Heap before GC invocations=495 (full 21):
 def new generation   total 10310464K, used 9869268K [0x00007f21c4600000, 0x00007f247f990000, 0x00007f2719b50000)
  eden space 9164864K, 100% used [0x00007f21c4600000, 0x00007f23f3c10000, 0x00007f23f3c10000)
  from space 1145600K,  61% used [0x00007f23f3c10000, 0x00007f241ebf53e8, 0x00007f2439ad0000)
  to   space 1145600K,   0% used [0x00007f2439ad0000, 0x00007f2439ad0000, 0x00007f247f990000)
 tenured generation   total 22912080K, used 22795530K [0x00007f2719b50000, 0x00007f2c90264000, 0x00007f31c4600000)
   the space 22912080K,  99% used [0x00007f2719b50000, 0x00007f2c890929d0, 0x00007f2c89092a00, 0x00007f2c90264000)
 Metaspace       used 32431K, capacity 32889K, committed 33024K, reserved 34816K
}
Event: 11486.754 GC heap after
{Heap after GC invocations=496 (full 21):
 def new generation   total 10310464K, used 681871K [0x00007f21c4600000, 0x00007f247f990000, 0x00007f2719b50000)
  eden space 9164864K,   0% used [0x00007f21c4600000, 0x00007f21c4600000, 0x00007f23f3c10000)
  from space 1145600K,  59% used [0x00007f2439ad0000, 0x00007f24634b3ef0, 0x00007f247f990000)
  to   space 1145600K,   0% used [0x00007f23f3c10000, 0x00007f23f3c10000, 0x00007f2439ad0000)
 tenured generation   total 23499984K, used 23499934K [0x00007f2719b50000, 0x00007f2cb4084000, 0x00007f31c4600000)
   the space 23499984K,  99% used [0x00007f2719b50000, 0x00007f2cb4077b38, 0x00007f2cb4077c00, 0x00007f2cb4084000)
 Metaspace       used 32431K, capacity 32889K, committed 33024K, reserved 34816K
}
Event: 11486.754 GC heap before
{Heap before GC invocations=496 (full 21):
 def new generation   total 10310464K, used 681871K [0x00007f21c4600000, 0x00007f247f990000, 0x00007f2719b50000)
  eden space 9164864K,   0% used [0x00007f21c4600000, 0x00007f21c4600000, 0x00007f23f3c10000)
  from space 1145600K,  59% used [0x00007f2439ad0000, 0x00007f24634b3ef0, 0x00007f247f990000)
  to   space 1145600K,   0% used [0x00007f23f3c10000, 0x00007f23f3c10000, 0x00007f2439ad0000)
 tenured generation   total 23499984K, used 23499934K [0x00007f2719b50000, 0x00007f2cb4084000, 0x00007f31c4600000)
   the space 23499984K,  99% used [0x00007f2719b50000, 0x00007f2cb4077b38, 0x00007f2cb4077c00, 0x00007f2cb4084000)
 Metaspace       used 32431K, capacity 32889K, committed 33024K, reserved 34816K
}

