# JRE version: OpenJDK Runtime Environment (13.0.7+5) (build 13.0.7+5-Ubuntu-0ubuntu120.04)
# Java VM: OpenJDK 64-Bit Server VM (13.0.7+5-Ubuntu-0ubuntu120.04, mixed mode, tiered, compressed oops, serial gc, linux-amd64)
Heap:
 def new generation   total 2090304K, used 0K [0x0000000080200000, 0x000000010de10000, 0x0000000300150000)
  eden space 1858112K,   0% used [0x0000000080200000, 0x0000000080200000, 0x00000000f1890000)
  from space 232192K,   0% used [0x00000000f1890000, 0x00000000f1890000, 0x00000000ffb50000)
  to   space 232192K,   0% used [0x00000000ffb50000, 0x00000000ffb50000, 0x000000010de10000)
 tenured generation   total 4677736K, used 3506497K [0x0000000300150000, 0x000000041d96a000, 0x0000000800000000)
   the space 4677736K,  74% used [0x0000000300150000, 0x00000003d61a06f8, 0x00000003d61a0800, 0x000000041d96a000)
 Metaspace       used 22677K, capacity 23232K, committed 23424K, reserved 1071104K
  class space    used 2354K, capacity 2568K, committed 2688K, reserved 1048576K
GC Heap History (20 events):
Event: 682.646 GC heap after
{Heap after GC invocations=725 (full 24):
 def new generation   total 2090304K, used 114639K [0x0000000080200000, 0x000000010de10000, 0x0000000300150000)
  eden space 1858112K,   0% used [0x0000000080200000, 0x0000000080200000, 0x00000000f1890000)
  from space 232192K,  49% used [0x00000000ffb50000, 0x0000000106b43f20, 0x000000010de10000)
  to   space 232192K,   0% used [0x00000000f1890000, 0x00000000f1890000, 0x00000000ffb50000)
 tenured generation   total 4644960K, used 4512903K [0x0000000300150000, 0x000000041b968000, 0x0000000800000000)
   the space 4644960K,  97% used [0x0000000300150000, 0x0000000413871f90, 0x0000000413872000, 0x000000041b968000)
 Metaspace       used 22677K, capacity 23232K, committed 23424K, reserved 1071104K
  class space    used 2354K, capacity 2568K, committed 2688K, reserved 1048576K
}
Event: 684.121 GC heap before
{Heap before GC invocations=725 (full 24):
 def new generation   total 2090304K, used 1972751K [0x0000000080200000, 0x000000010de10000, 0x0000000300150000)
  eden space 1858112K, 100% used [0x0000000080200000, 0x00000000f1890000, 0x00000000f1890000)
  from space 232192K,  49% used [0x00000000ffb50000, 0x0000000106b43f20, 0x000000010de10000)
  to   space 232192K,   0% used [0x00000000f1890000, 0x00000000f1890000, 0x00000000ffb50000)
 tenured generation   total 4644960K, used 4512903K [0x0000000300150000, 0x000000041b968000, 0x0000000800000000)
   the space 4644960K,  97% used [0x0000000300150000, 0x0000000413871f90, 0x0000000413872000, 0x000000041b968000)
 Metaspace       used 22677K, capacity 23232K, committed 23424K, reserved 1071104K
  class space    used 2354K, capacity 2568K, committed 2688K, reserved 1048576K
}
Event: 684.218 GC heap after
{Heap after GC invocations=726 (full 24):
 def new generation   total 2090304K, used 225518K [0x0000000080200000, 0x000000010de10000, 0x0000000300150000)
  eden space 1858112K,   0% used [0x0000000080200000, 0x0000000080200000, 0x00000000f1890000)
  from space 232192K,  97% used [0x00000000f1890000, 0x00000000ff4cba00, 0x00000000ffb50000)
  to   space 232192K,   0% used [0x00000000ffb50000, 0x00000000ffb50000, 0x000000010de10000)
 tenured generation   total 4644960K, used 4512903K [0x0000000300150000, 0x000000041b968000, 0x0000000800000000)
   the space 4644960K,  97% used [0x0000000300150000, 0x0000000413871f90, 0x0000000413872000, 0x000000041b968000)
 Metaspace       used 22677K, capacity 23232K, committed 23424K, reserved 1071104K
  class space    used 2354K, capacity 2568K, committed 2688K, reserved 1048576K
}
Event: 685.677 GC heap before
{Heap before GC invocations=726 (full 24):
 def new generation   total 2090304K, used 2083630K [0x0000000080200000, 0x000000010de10000, 0x0000000300150000)
  eden space 1858112K, 100% used [0x0000000080200000, 0x00000000f1890000, 0x00000000f1890000)
  from space 232192K,  97% used [0x00000000f1890000, 0x00000000ff4cba00, 0x00000000ffb50000)
  to   space 232192K,   0% used [0x00000000ffb50000, 0x00000000ffb50000, 0x000000010de10000)
 tenured generation   total 4644960K, used 4512903K [0x0000000300150000, 0x000000041b968000, 0x0000000800000000)
   the space 4644960K,  97% used [0x0000000300150000, 0x0000000413871f90, 0x0000000413872000, 0x000000041b968000)
 Metaspace       used 22677K, capacity 23232K, committed 23424K, reserved 1071104K
  class space    used 2354K, capacity 2568K, committed 2688K, reserved 1048576K
}
Event: 685.706 GC heap after
{Heap after GC invocations=727 (full 24):
 def new generation   total 2090304K, used 36482K [0x0000000080200000, 0x000000010de10000, 0x0000000300150000)
  eden space 1858112K,   0% used [0x0000000080200000, 0x0000000080200000, 0x00000000f1890000)
  from space 232192K,  15% used [0x00000000ffb50000, 0x0000000101ef09d0, 0x000000010de10000)
  to   space 232192K,   0% used [0x00000000f1890000, 0x00000000f1890000, 0x00000000ffb50000)
 tenured generation   total 4644960K, used 4558278K [0x0000000300150000, 0x000000041b968000, 0x0000000800000000)
   the space 4644960K,  98% used [0x0000000300150000, 0x00000004164c1818, 0x00000004164c1a00, 0x000000041b968000)
 Metaspace       used 22677K, capacity 23232K, committed 23424K, reserved 1071104K
  class space    used 2354K, capacity 2568K, committed 2688K, reserved 1048576K
}
Event: 687.167 GC heap before
{Heap before GC invocations=727 (full 24):
 def new generation   total 2090304K, used 1894594K [0x0000000080200000, 0x000000010de10000, 0x0000000300150000)
  eden space 1858112K, 100% used [0x0000000080200000, 0x00000000f1890000, 0x00000000f1890000)
  from space 232192K,  15% used [0x00000000ffb50000, 0x0000000101ef09d0, 0x000000010de10000)
  to   space 232192K,   0% used [0x00000000f1890000, 0x00000000f1890000, 0x00000000ffb50000)
 tenured generation   total 4644960K, used 4558278K [0x0000000300150000, 0x000000041b968000, 0x0000000800000000)
   the space 4644960K,  98% used [0x0000000300150000, 0x00000004164c1818, 0x00000004164c1a00, 0x000000041b968000)
 Metaspace       used 22677K, capacity 23232K, committed 23424K, reserved 1071104K
  class space    used 2354K, capacity 2568K, committed 2688K, reserved 1048576K
}
Event: 687.255 GC heap after
{Heap after GC invocations=728 (full 24):
 def new generation   total 2090304K, used 147372K [0x0000000080200000, 0x000000010de10000, 0x0000000300150000)
  eden space 1858112K,   0% used [0x0000000080200000, 0x0000000080200000, 0x00000000f1890000)
  from space 232192K,  63% used [0x00000000f1890000, 0x00000000fa87b200, 0x00000000ffb50000)
  to   space 232192K,   0% used [0x00000000ffb50000, 0x00000000ffb50000, 0x000000010de10000)
 tenured generation   total 4644960K, used 4558278K [0x0000000300150000, 0x000000041b968000, 0x0000000800000000)
   the space 4644960K,  98% used [0x0000000300150000, 0x00000004164c1818, 0x00000004164c1a00, 0x000000041b968000)
 Metaspace       used 22677K, capacity 23232K, committed 23424K, reserved 1071104K
  class space    used 2354K, capacity 2568K, committed 2688K, reserved 1048576K
}
Event: 688.739 GC heap before
{Heap before GC invocations=728 (full 24):
 def new generation   total 2090304K, used 2005484K [0x0000000080200000, 0x000000010de10000, 0x0000000300150000)
  eden space 1858112K, 100% used [0x0000000080200000, 0x00000000f1890000, 0x00000000f1890000)
  from space 232192K,  63% used [0x00000000f1890000, 0x00000000fa87b200, 0x00000000ffb50000)
  to   space 232192K,   0% used [0x00000000ffb50000, 0x00000000ffb50000, 0x000000010de10000)
 tenured generation   total 4644960K, used 4558278K [0x0000000300150000, 0x000000041b968000, 0x0000000800000000)
   the space 4644960K,  98% used [0x0000000300150000, 0x00000004164c1818, 0x00000004164c1a00, 0x000000041b968000)
 Metaspace       used 22677K, capacity 23232K, committed 23424K, reserved 1071104K
  class space    used 2354K, capacity 2568K, committed 2688K, reserved 1048576K
}
Event: 688.914 GC heap after
{Heap after GC invocations=729 (full 24):
 def new generation   total 2090304K, used 222280K [0x0000000080200000, 0x000000010de10000, 0x0000000300150000)
  eden space 1858112K,   0% used [0x0000000080200000, 0x0000000080200000, 0x00000000f1890000)
  from space 232192K,  95% used [0x00000000ffb50000, 0x000000010d4621e8, 0x000000010de10000)
  to   space 232192K,   0% used [0x00000000f1890000, 0x00000000f1890000, 0x00000000ffb50000)
 tenured generation   total 4644960K, used 4594244K [0x0000000300150000, 0x000000041b968000, 0x0000000800000000)
   the space 4644960K,  98% used [0x0000000300150000, 0x00000004187e10d0, 0x00000004187e1200, 0x000000041b968000)
 Metaspace       used 22677K, capacity 23232K, committed 23424K, reserved 1071104K
  class space    used 2354K, capacity 2568K, committed 2688K, reserved 1048576K
}
Event: 690.365 GC heap before
{Heap before GC invocations=729 (full 24):
 def new generation   total 2090304K, used 2080392K [0x0000000080200000, 0x000000010de10000, 0x0000000300150000)
  eden space 1858112K, 100% used [0x0000000080200000, 0x00000000f1890000, 0x00000000f1890000)
  from space 232192K,  95% used [0x00000000ffb50000, 0x000000010d4621e8, 0x000000010de10000)
  to   space 232192K,   0% used [0x00000000f1890000, 0x00000000f1890000, 0x00000000ffb50000)
 tenured generation   total 4644960K, used 4594244K [0x0000000300150000, 0x000000041b968000, 0x0000000800000000)
   the space 4644960K,  98% used [0x0000000300150000, 0x00000004187e10d0, 0x00000004187e1200, 0x000000041b968000)
 Metaspace       used 22677K, capacity 23232K, committed 23424K, reserved 1071104K
  class space    used 2354K, capacity 2568K, committed 2688K, reserved 1048576K
}
Event: 690.438 GC heap after
{Heap after GC invocations=730 (full 24):
 def new generation   total 2090304K, used 100725K [0x0000000080200000, 0x000000010de10000, 0x0000000300150000)
  eden space 1858112K,   0% used [0x0000000080200000, 0x0000000080200000, 0x00000000f1890000)
  from space 232192K,  43% used [0x00000000f1890000, 0x00000000f7aed448, 0x00000000ffb50000)
  to   space 232192K,   0% used [0x00000000ffb50000, 0x00000000ffb50000, 0x000000010de10000)
 tenured generation   total 4644960K, used 4594245K [0x0000000300150000, 0x000000041b968000, 0x0000000800000000)
   the space 4644960K,  98% used [0x0000000300150000, 0x00000004187e17c0, 0x00000004187e1800, 0x000000041b968000)
 Metaspace       used 22677K, capacity 23232K, committed 23424K, reserved 1071104K
  class space    used 2354K, capacity 2568K, committed 2688K, reserved 1048576K
}
Event: 691.948 GC heap before
{Heap before GC invocations=730 (full 24):
 def new generation   total 2090304K, used 1958837K [0x0000000080200000, 0x000000010de10000, 0x0000000300150000)
  eden space 1858112K, 100% used [0x0000000080200000, 0x00000000f1890000, 0x00000000f1890000)
  from space 232192K,  43% used [0x00000000f1890000, 0x00000000f7aed448, 0x00000000ffb50000)
  to   space 232192K,   0% used [0x00000000ffb50000, 0x00000000ffb50000, 0x000000010de10000)
 tenured generation   total 4644960K, used 4594245K [0x0000000300150000, 0x000000041b968000, 0x0000000800000000)
   the space 4644960K,  98% used [0x0000000300150000, 0x00000004187e17c0, 0x00000004187e1800, 0x000000041b968000)
 Metaspace       used 22677K, capacity 23232K, committed 23424K, reserved 1071104K
  class space    used 2354K, capacity 2568K, committed 2688K, reserved 1048576K
}
Event: 692.070 GC heap after
{Heap after GC invocations=731 (full 24):
 def new generation   total 2090304K, used 211598K [0x0000000080200000, 0x000000010de10000, 0x0000000300150000)
  eden space 1858112K,   0% used [0x0000000080200000, 0x0000000080200000, 0x00000000f1890000)
  from space 232192K,  91% used [0x00000000ffb50000, 0x000000010c9f3970, 0x000000010de10000)
  to   space 232192K,   0% used [0x00000000f1890000, 0x00000000f1890000, 0x00000000ffb50000)
 tenured generation   total 4644960K, used 4594245K [0x0000000300150000, 0x000000041b968000, 0x0000000800000000)
   the space 4644960K,  98% used [0x0000000300150000, 0x00000004187e17c0, 0x00000004187e1800, 0x000000041b968000)
 Metaspace       used 22677K, capacity 23232K, committed 23424K, reserved 1071104K
  class space    used 2354K, capacity 2568K, committed 2688K, reserved 1048576K
}
Event: 693.568 GC heap before
{Heap before GC invocations=731 (full 24):
 def new generation   total 2090304K, used 2069710K [0x0000000080200000, 0x000000010de10000, 0x0000000300150000)
  eden space 1858112K, 100% used [0x0000000080200000, 0x00000000f1890000, 0x00000000f1890000)
  from space 232192K,  91% used [0x00000000ffb50000, 0x000000010c9f3970, 0x000000010de10000)
  to   space 232192K,   0% used [0x00000000f1890000, 0x00000000f1890000, 0x00000000ffb50000)
 tenured generation   total 4644960K, used 4594245K [0x0000000300150000, 0x000000041b968000, 0x0000000800000000)
   the space 4644960K,  98% used [0x0000000300150000, 0x00000004187e17c0, 0x00000004187e1800, 0x000000041b968000)
 Metaspace       used 22677K, capacity 23232K, committed 23424K, reserved 1071104K
  class space    used 2354K, capacity 2568K, committed 2688K, reserved 1048576K
}
Event: 693.599 GC heap after
{Heap after GC invocations=732 (full 24):
 def new generation   total 2090304K, used 48921K [0x0000000080200000, 0x000000010de10000, 0x0000000300150000)
  eden space 1858112K,   0% used [0x0000000080200000, 0x0000000080200000, 0x00000000f1890000)
  from space 232192K,  21% used [0x00000000f1890000, 0x00000000f4856738, 0x00000000ffb50000)
  to   space 232192K,   0% used [0x00000000ffb50000, 0x00000000ffb50000, 0x000000010de10000)
 tenured generation   total 4644960K, used 4613770K [0x0000000300150000, 0x000000041b968000, 0x0000000800000000)
   the space 4644960K,  99% used [0x0000000300150000, 0x0000000419af2a18, 0x0000000419af2c00, 0x000000041b968000)
 Metaspace       used 22677K, capacity 23232K, committed 23424K, reserved 1071104K
  class space    used 2354K, capacity 2568K, committed 2688K, reserved 1048576K
}
Event: 695.099 GC heap before
{Heap before GC invocations=732 (full 24):
 def new generation   total 2090304K, used 1907033K [0x0000000080200000, 0x000000010de10000, 0x0000000300150000)
  eden space 1858112K, 100% used [0x0000000080200000, 0x00000000f1890000, 0x00000000f1890000)
  from space 232192K,  21% used [0x00000000f1890000, 0x00000000f4856738, 0x00000000ffb50000)
  to   space 232192K,   0% used [0x00000000ffb50000, 0x00000000ffb50000, 0x000000010de10000)
 tenured generation   total 4644960K, used 4613770K [0x0000000300150000, 0x000000041b968000, 0x0000000800000000)
   the space 4644960K,  99% used [0x0000000300150000, 0x0000000419af2a18, 0x0000000419af2c00, 0x000000041b968000)
 Metaspace       used 22677K, capacity 23232K, committed 23424K, reserved 1071104K
  class space    used 2354K, capacity 2568K, committed 2688K, reserved 1048576K
}
Event: 695.190 GC heap after
{Heap after GC invocations=733 (full 24):
 def new generation   total 2090304K, used 159804K [0x0000000080200000, 0x000000010de10000, 0x0000000300150000)
  eden space 1858112K,   0% used [0x0000000080200000, 0x0000000080200000, 0x00000000f1890000)
  from space 232192K,  68% used [0x00000000ffb50000, 0x000000010975f020, 0x000000010de10000)
  to   space 232192K,   0% used [0x00000000f1890000, 0x00000000f1890000, 0x00000000ffb50000)
 tenured generation   total 4644960K, used 4613770K [0x0000000300150000, 0x000000041b968000, 0x0000000800000000)
   the space 4644960K,  99% used [0x0000000300150000, 0x0000000419af2a18, 0x0000000419af2c00, 0x000000041b968000)
 Metaspace       used 22677K, capacity 23232K, committed 23424K, reserved 1071104K
  class space    used 2354K, capacity 2568K, committed 2688K, reserved 1048576K
}
Event: 696.733 GC heap before
{Heap before GC invocations=733 (full 24):
 def new generation   total 2090304K, used 2017916K [0x0000000080200000, 0x000000010de10000, 0x0000000300150000)
  eden space 1858112K, 100% used [0x0000000080200000, 0x00000000f1890000, 0x00000000f1890000)
  from space 232192K,  68% used [0x00000000ffb50000, 0x000000010975f020, 0x000000010de10000)
  to   space 232192K,   0% used [0x00000000f1890000, 0x00000000f1890000, 0x00000000ffb50000)
 tenured generation   total 4644960K, used 4613770K [0x0000000300150000, 0x000000041b968000, 0x0000000800000000)
   the space 4644960K,  99% used [0x0000000300150000, 0x0000000419af2a18, 0x0000000419af2c00, 0x000000041b968000)
 Metaspace       used 22677K, capacity 23232K, committed 23424K, reserved 1071104K
  class space    used 2354K, capacity 2568K, committed 2688K, reserved 1048576K
}
Event: 696.877 GC heap after
{Heap after GC invocations=734 (full 24):
 def new generation   total 2090304K, used 222277K [0x0000000080200000, 0x000000010de10000, 0x0000000300150000)
  eden space 1858112K,   0% used [0x0000000080200000, 0x0000000080200000, 0x00000000f1890000)
  from space 232192K,  95% used [0x00000000f1890000, 0x00000000ff1a1408, 0x00000000ffb50000)
  to   space 232192K,   0% used [0x00000000ffb50000, 0x00000000ffb50000, 0x000000010de10000)
 tenured generation   total 4677736K, used 4662166K [0x0000000300150000, 0x000000041d96a000, 0x0000000800000000)
   the space 4677736K,  99% used [0x0000000300150000, 0x000000041ca35ae0, 0x000000041ca35c00, 0x000000041d96a000)
 Metaspace       used 22677K, capacity 23232K, committed 23424K, reserved 1071104K
  class space    used 2354K, capacity 2568K, committed 2688K, reserved 1048576K
}
Event: 696.877 GC heap before
{Heap before GC invocations=734 (full 24):
 def new generation   total 2090304K, used 222277K [0x0000000080200000, 0x000000010de10000, 0x0000000300150000)
  eden space 1858112K,   0% used [0x0000000080200000, 0x0000000080200000, 0x00000000f1890000)
  from space 232192K,  95% used [0x00000000f1890000, 0x00000000ff1a1408, 0x00000000ffb50000)
  to   space 232192K,   0% used [0x00000000ffb50000, 0x00000000ffb50000, 0x000000010de10000)
 tenured generation   total 4677736K, used 4662166K [0x0000000300150000, 0x000000041d96a000, 0x0000000800000000)
   the space 4677736K,  99% used [0x0000000300150000, 0x000000041ca35ae0, 0x000000041ca35c00, 0x000000041d96a000)
 Metaspace       used 22677K, capacity 23232K, committed 23424K, reserved 1071104K
  class space    used 2354K, capacity 2568K, committed 2688K, reserved 1048576K
}

