# JRE version: OpenJDK Runtime Environment (13.0.7+5) (build 13.0.7+5-Ubuntu-0ubuntu120.04)
# Java VM: OpenJDK 64-Bit Server VM (13.0.7+5-Ubuntu-0ubuntu120.04, mixed mode, tiered, serial gc, linux-amd64)
Heap:
 def new generation   total 2893056K, used 0K [0x00007f7810600000, 0x00007f78d4920000, 0x00007f7d65b50000)
  eden space 2571648K,   0% used [0x00007f7810600000, 0x00007f7810600000, 0x00007f78ad560000)
  from space 321408K,   0% used [0x00007f78ad560000, 0x00007f78ad560000, 0x00007f78c0f40000)
  to   space 321408K,   0% used [0x00007f78c0f40000, 0x00007f78c0f40000, 0x00007f78d4920000)
 tenured generation   total 6428864K, used 15181K [0x00007f7d65b50000, 0x00007f7eee180000, 0x00007f8810600000)
   the space 6428864K,   0% used [0x00007f7d65b50000, 0x00007f7d66a23568, 0x00007f7d66a23600, 0x00007f7eee180000)
 Metaspace       used 31421K, capacity 31877K, committed 32000K, reserved 32768K
GC Heap History (20 events):
Event: 325.129 GC heap before
{Heap before GC invocations=338 (full 8):
 def new generation   total 4402304K, used 3927346K [0x00007f7810600000, 0x00007f793aec0000, 0x00007f7d65b50000)
  eden space 3913216K, 100% used [0x00007f7810600000, 0x00007f78ff380000, 0x00007f78ff380000)
  from space 489088K,   2% used [0x00007f78ff380000, 0x00007f790014c898, 0x00007f791d120000)
  to   space 489088K,   0% used [0x00007f791d120000, 0x00007f791d120000, 0x00007f793aec0000)
 tenured generation   total 9782672K, used 2015426K [0x00007f7d65b50000, 0x00007f7fbacb4000, 0x00007f8810600000)
   the space 9782672K,  20% used [0x00007f7d65b50000, 0x00007f7de0b80b48, 0x00007f7de0b80c00, 0x00007f7fbacb4000)
 Metaspace       used 31418K, capacity 31876K, committed 32000K, reserved 32768K
}
Event: 325.131 GC heap after
{Heap after GC invocations=339 (full 8):
 def new generation   total 4402304K, used 2360K [0x00007f7810600000, 0x00007f793aec0000, 0x00007f7d65b50000)
  eden space 3913216K,   0% used [0x00007f7810600000, 0x00007f7810600000, 0x00007f78ff380000)
  from space 489088K,   0% used [0x00007f791d120000, 0x00007f791d36e010, 0x00007f793aec0000)
  to   space 489088K,   0% used [0x00007f78ff380000, 0x00007f78ff380000, 0x00007f791d120000)
 tenured generation   total 9782672K, used 2015426K [0x00007f7d65b50000, 0x00007f7fbacb4000, 0x00007f8810600000)
   the space 9782672K,  20% used [0x00007f7d65b50000, 0x00007f7de0b80b48, 0x00007f7de0b80c00, 0x00007f7fbacb4000)
 Metaspace       used 31418K, capacity 31876K, committed 32000K, reserved 32768K
}
Event: 326.856 GC heap before
{Heap before GC invocations=339 (full 8):
 def new generation   total 4402304K, used 3902677K [0x00007f7810600000, 0x00007f793aec0000, 0x00007f7d65b50000)
  eden space 3913216K,  99% used [0x00007f7810600000, 0x00007f78fe6e76d8, 0x00007f78ff380000)
  from space 489088K,   0% used [0x00007f791d120000, 0x00007f791d36e010, 0x00007f793aec0000)
  to   space 489088K,   0% used [0x00007f78ff380000, 0x00007f78ff380000, 0x00007f791d120000)
 tenured generation   total 9782672K, used 2015426K [0x00007f7d65b50000, 0x00007f7fbacb4000, 0x00007f8810600000)
   the space 9782672K,  20% used [0x00007f7d65b50000, 0x00007f7de0b80b48, 0x00007f7de0b80c00, 0x00007f7fbacb4000)
 Metaspace       used 31418K, capacity 31876K, committed 32000K, reserved 32768K
}
Event: 326.910 GC heap after
{Heap after GC invocations=340 (full 8):
 def new generation   total 4402304K, used 395281K [0x00007f7810600000, 0x00007f793aec0000, 0x00007f7d65b50000)
  eden space 3913216K,   0% used [0x00007f7810600000, 0x00007f7810600000, 0x00007f78ff380000)
  from space 489088K,  80% used [0x00007f78ff380000, 0x00007f79175847b8, 0x00007f791d120000)
  to   space 489088K,   0% used [0x00007f791d120000, 0x00007f791d120000, 0x00007f793aec0000)
 tenured generation   total 9782672K, used 2015426K [0x00007f7d65b50000, 0x00007f7fbacb4000, 0x00007f8810600000)
   the space 9782672K,  20% used [0x00007f7d65b50000, 0x00007f7de0b80b48, 0x00007f7de0b80c00, 0x00007f7fbacb4000)
 Metaspace       used 31418K, capacity 31876K, committed 32000K, reserved 32768K
}
Event: 328.928 GC heap before
{Heap before GC invocations=340 (full 8):
 def new generation   total 4402304K, used 4308497K [0x00007f7810600000, 0x00007f793aec0000, 0x00007f7d65b50000)
  eden space 3913216K, 100% used [0x00007f7810600000, 0x00007f78ff380000, 0x00007f78ff380000)
  from space 489088K,  80% used [0x00007f78ff380000, 0x00007f79175847b8, 0x00007f791d120000)
  to   space 489088K,   0% used [0x00007f791d120000, 0x00007f791d120000, 0x00007f793aec0000)
 tenured generation   total 9782672K, used 2015426K [0x00007f7d65b50000, 0x00007f7fbacb4000, 0x00007f8810600000)
   the space 9782672K,  20% used [0x00007f7d65b50000, 0x00007f7de0b80b48, 0x00007f7de0b80c00, 0x00007f7fbacb4000)
 Metaspace       used 31418K, capacity 31876K, committed 32000K, reserved 32768K
}
Event: 328.930 GC heap after
{Heap after GC invocations=341 (full 8):
 def new generation   total 4402304K, used 262K [0x00007f7810600000, 0x00007f793aec0000, 0x00007f7d65b50000)
  eden space 3913216K,   0% used [0x00007f7810600000, 0x00007f7810600000, 0x00007f78ff380000)
  from space 489088K,   0% used [0x00007f791d120000, 0x00007f791d161988, 0x00007f793aec0000)
  to   space 489088K,   0% used [0x00007f78ff380000, 0x00007f78ff380000, 0x00007f791d120000)
 tenured generation   total 9782672K, used 2017430K [0x00007f7d65b50000, 0x00007f7fbacb4000, 0x00007f8810600000)
   the space 9782672K,  20% used [0x00007f7d65b50000, 0x00007f7de0d75b00, 0x00007f7de0d75c00, 0x00007f7fbacb4000)
 Metaspace       used 31418K, capacity 31876K, committed 32000K, reserved 32768K
}
Event: 330.430 GC heap before
{Heap before GC invocations=341 (full 8):
 def new generation   total 4402304K, used 3826053K [0x00007f7810600000, 0x00007f793aec0000, 0x00007f7d65b50000)
  eden space 3913216K,  97% used [0x00007f7810600000, 0x00007f78f9e1fbe0, 0x00007f78ff380000)
  from space 489088K,   0% used [0x00007f791d120000, 0x00007f791d161988, 0x00007f793aec0000)
  to   space 489088K,   0% used [0x00007f78ff380000, 0x00007f78ff380000, 0x00007f791d120000)
 tenured generation   total 9782672K, used 2017430K [0x00007f7d65b50000, 0x00007f7fbacb4000, 0x00007f8810600000)
   the space 9782672K,  20% used [0x00007f7d65b50000, 0x00007f7de0d75b00, 0x00007f7de0d75c00, 0x00007f7fbacb4000)
 Metaspace       used 31418K, capacity 31876K, committed 32000K, reserved 32768K
}
Event: 330.433 GC heap after
{Heap after GC invocations=342 (full 8):
 def new generation   total 4402304K, used 10482K [0x00007f7810600000, 0x00007f793aec0000, 0x00007f7d65b50000)
  eden space 3913216K,   0% used [0x00007f7810600000, 0x00007f7810600000, 0x00007f78ff380000)
  from space 489088K,   2% used [0x00007f78ff380000, 0x00007f78ffdbcbd8, 0x00007f791d120000)
  to   space 489088K,   0% used [0x00007f791d120000, 0x00007f791d120000, 0x00007f793aec0000)
 tenured generation   total 9782672K, used 2017430K [0x00007f7d65b50000, 0x00007f7fbacb4000, 0x00007f8810600000)
   the space 9782672K,  20% used [0x00007f7d65b50000, 0x00007f7de0d75b00, 0x00007f7de0d75c00, 0x00007f7fbacb4000)
 Metaspace       used 31418K, capacity 31876K, committed 32000K, reserved 32768K
}
Event: 332.297 GC heap before
{Heap before GC invocations=342 (full 8):
 def new generation   total 4402304K, used 3544323K [0x00007f7810600000, 0x00007f793aec0000, 0x00007f7d65b50000)
  eden space 3913216K,  90% used [0x00007f7810600000, 0x00007f78e8104308, 0x00007f78ff380000)
  from space 489088K,   2% used [0x00007f78ff380000, 0x00007f78ffdbcbd8, 0x00007f791d120000)
  to   space 489088K,   0% used [0x00007f791d120000, 0x00007f791d120000, 0x00007f793aec0000)
 tenured generation   total 9782672K, used 2017430K [0x00007f7d65b50000, 0x00007f7fbacb4000, 0x00007f8810600000)
   the space 9782672K,  20% used [0x00007f7d65b50000, 0x00007f7de0d75b00, 0x00007f7de0d75c00, 0x00007f7fbacb4000)
 Metaspace       used 31418K, capacity 31876K, committed 32000K, reserved 32768K
}
Event: 332.363 GC heap after
{Heap after GC invocations=343 (full 8):
 def new generation   total 4402304K, used 395504K [0x00007f7810600000, 0x00007f793aec0000, 0x00007f7d65b50000)
  eden space 3913216K,   0% used [0x00007f7810600000, 0x00007f7810600000, 0x00007f78ff380000)
  from space 489088K,  80% used [0x00007f791d120000, 0x00007f793535c298, 0x00007f793aec0000)
  to   space 489088K,   0% used [0x00007f78ff380000, 0x00007f78ff380000, 0x00007f791d120000)
 tenured generation   total 9782672K, used 2017430K [0x00007f7d65b50000, 0x00007f7fbacb4000, 0x00007f8810600000)
   the space 9782672K,  20% used [0x00007f7d65b50000, 0x00007f7de0d75b00, 0x00007f7de0d75c00, 0x00007f7fbacb4000)
 Metaspace       used 31418K, capacity 31876K, committed 32000K, reserved 32768K
}
Event: 333.918 GC heap before
{Heap before GC invocations=343 (full 8):
 def new generation   total 4402304K, used 4308720K [0x00007f7810600000, 0x00007f793aec0000, 0x00007f7d65b50000)
  eden space 3913216K, 100% used [0x00007f7810600000, 0x00007f78ff380000, 0x00007f78ff380000)
  from space 489088K,  80% used [0x00007f791d120000, 0x00007f793535c298, 0x00007f793aec0000)
  to   space 489088K,   0% used [0x00007f78ff380000, 0x00007f78ff380000, 0x00007f791d120000)
 tenured generation   total 9782672K, used 2017430K [0x00007f7d65b50000, 0x00007f7fbacb4000, 0x00007f8810600000)
   the space 9782672K,  20% used [0x00007f7d65b50000, 0x00007f7de0d75b00, 0x00007f7de0d75c00, 0x00007f7fbacb4000)
 Metaspace       used 31418K, capacity 31876K, committed 32000K, reserved 32768K
}
Event: 333.922 GC heap after
{Heap after GC invocations=344 (full 8):
 def new generation   total 4402304K, used 1629K [0x00007f7810600000, 0x00007f793aec0000, 0x00007f7d65b50000)
  eden space 3913216K,   0% used [0x00007f7810600000, 0x00007f7810600000, 0x00007f78ff380000)
  from space 489088K,   0% used [0x00007f78ff380000, 0x00007f78ff517570, 0x00007f791d120000)
  to   space 489088K,   0% used [0x00007f791d120000, 0x00007f791d120000, 0x00007f793aec0000)
 tenured generation   total 9782672K, used 2019657K [0x00007f7d65b50000, 0x00007f7fbacb4000, 0x00007f8810600000)
   the space 9782672K,  20% used [0x00007f7d65b50000, 0x00007f7de0fa2558, 0x00007f7de0fa2600, 0x00007f7fbacb4000)
 Metaspace       used 31418K, capacity 31876K, committed 32000K, reserved 32768K
}
Event: 335.779 GC heap before
{Heap before GC invocations=344 (full 8):
 def new generation   total 4402304K, used 3848801K [0x00007f7810600000, 0x00007f793aec0000, 0x00007f7d65b50000)
  eden space 3913216K,  98% used [0x00007f7810600000, 0x00007f78fb300fb8, 0x00007f78ff380000)
  from space 489088K,   0% used [0x00007f78ff380000, 0x00007f78ff517570, 0x00007f791d120000)
  to   space 489088K,   0% used [0x00007f791d120000, 0x00007f791d120000, 0x00007f793aec0000)
 tenured generation   total 9782672K, used 2019657K [0x00007f7d65b50000, 0x00007f7fbacb4000, 0x00007f8810600000)
   the space 9782672K,  20% used [0x00007f7d65b50000, 0x00007f7de0fa2558, 0x00007f7de0fa2600, 0x00007f7fbacb4000)
 Metaspace       used 31418K, capacity 31876K, committed 32000K, reserved 32768K
}
Event: 335.804 GC heap after
{Heap after GC invocations=345 (full 8):
 def new generation   total 4402304K, used 199119K [0x00007f7810600000, 0x00007f793aec0000, 0x00007f7d65b50000)
  eden space 3913216K,   0% used [0x00007f7810600000, 0x00007f7810600000, 0x00007f78ff380000)
  from space 489088K,  40% used [0x00007f791d120000, 0x00007f7929393df8, 0x00007f793aec0000)
  to   space 489088K,   0% used [0x00007f78ff380000, 0x00007f78ff380000, 0x00007f791d120000)
 tenured generation   total 9782672K, used 2019657K [0x00007f7d65b50000, 0x00007f7fbacb4000, 0x00007f8810600000)
   the space 9782672K,  20% used [0x00007f7d65b50000, 0x00007f7de0fa2558, 0x00007f7de0fa2600, 0x00007f7fbacb4000)
 Metaspace       used 31418K, capacity 31876K, committed 32000K, reserved 32768K
}
Event: 337.486 GC heap before
{Heap before GC invocations=345 (full 8):
 def new generation   total 4402304K, used 4112335K [0x00007f7810600000, 0x00007f793aec0000, 0x00007f7d65b50000)
  eden space 3913216K, 100% used [0x00007f7810600000, 0x00007f78ff380000, 0x00007f78ff380000)
  from space 489088K,  40% used [0x00007f791d120000, 0x00007f7929393df8, 0x00007f793aec0000)
  to   space 489088K,   0% used [0x00007f78ff380000, 0x00007f78ff380000, 0x00007f791d120000)
 tenured generation   total 9782672K, used 2019657K [0x00007f7d65b50000, 0x00007f7fbacb4000, 0x00007f8810600000)
   the space 9782672K,  20% used [0x00007f7d65b50000, 0x00007f7de0fa2558, 0x00007f7de0fa2600, 0x00007f7fbacb4000)
 Metaspace       used 31421K, capacity 31877K, committed 32000K, reserved 32768K
}
Event: 337.488 GC heap after
{Heap after GC invocations=346 (full 8):
 def new generation   total 4402304K, used 3272K [0x00007f7810600000, 0x00007f793aec0000, 0x00007f7d65b50000)
  eden space 3913216K,   0% used [0x00007f7810600000, 0x00007f7810600000, 0x00007f78ff380000)
  from space 489088K,   0% used [0x00007f78ff380000, 0x00007f78ff6b2270, 0x00007f791d120000)
  to   space 489088K,   0% used [0x00007f791d120000, 0x00007f791d120000, 0x00007f793aec0000)
 tenured generation   total 9782672K, used 2019657K [0x00007f7d65b50000, 0x00007f7fbacb4000, 0x00007f8810600000)
   the space 9782672K,  20% used [0x00007f7d65b50000, 0x00007f7de0fa2558, 0x00007f7de0fa2600, 0x00007f7fbacb4000)
 Metaspace       used 31421K, capacity 31877K, committed 32000K, reserved 32768K
}
Event: 337.534 GC heap before
{Heap before GC invocations=346 (full 8):
 def new generation   total 4402304K, used 158694K [0x00007f7810600000, 0x00007f793aec0000, 0x00007f7d65b50000)
  eden space 3913216K,   3% used [0x00007f7810600000, 0x00007f7819dc78a0, 0x00007f78ff380000)
  from space 489088K,   0% used [0x00007f78ff380000, 0x00007f78ff6b2270, 0x00007f791d120000)
  to   space 489088K,   0% used [0x00007f791d120000, 0x00007f791d120000, 0x00007f793aec0000)
 tenured generation   total 9782672K, used 2019657K [0x00007f7d65b50000, 0x00007f7fbacb4000, 0x00007f8810600000)
   the space 9782672K,  20% used [0x00007f7d65b50000, 0x00007f7de0fa2558, 0x00007f7de0fa2600, 0x00007f7fbacb4000)
 Metaspace       used 31421K, capacity 31877K, committed 32000K, reserved 32768K
}
Event: 337.536 GC heap after
{Heap after GC invocations=347 (full 8):
 def new generation   total 4402304K, used 3276K [0x00007f7810600000, 0x00007f793aec0000, 0x00007f7d65b50000)
  eden space 3913216K,   0% used [0x00007f7810600000, 0x00007f7810600000, 0x00007f78ff380000)
  from space 489088K,   0% used [0x00007f791d120000, 0x00007f791d4532f8, 0x00007f793aec0000)
  to   space 489088K,   0% used [0x00007f78ff380000, 0x00007f78ff380000, 0x00007f791d120000)
 tenured generation   total 9782672K, used 2019657K [0x00007f7d65b50000, 0x00007f7fbacb4000, 0x00007f8810600000)
   the space 9782672K,  20% used [0x00007f7d65b50000, 0x00007f7de0fa2558, 0x00007f7de0fa2600, 0x00007f7fbacb4000)
 Metaspace       used 31421K, capacity 31877K, committed 32000K, reserved 32768K
}
Event: 337.536 GC heap before
{Heap before GC invocations=347 (full 8):
 def new generation   total 4402304K, used 3276K [0x00007f7810600000, 0x00007f793aec0000, 0x00007f7d65b50000)
  eden space 3913216K,   0% used [0x00007f7810600000, 0x00007f7810600000, 0x00007f78ff380000)
  from space 489088K,   0% used [0x00007f791d120000, 0x00007f791d4532f8, 0x00007f793aec0000)
  to   space 489088K,   0% used [0x00007f78ff380000, 0x00007f78ff380000, 0x00007f791d120000)
 tenured generation   total 9782672K, used 2019657K [0x00007f7d65b50000, 0x00007f7fbacb4000, 0x00007f8810600000)
   the space 9782672K,  20% used [0x00007f7d65b50000, 0x00007f7de0fa2558, 0x00007f7de0fa2600, 0x00007f7fbacb4000)
 Metaspace       used 31421K, capacity 31877K, committed 32000K, reserved 32768K
}
Event: 337.688 GC heap after
{Heap after GC invocations=347 (full 9):
 def new generation   total 2893056K, used 0K [0x00007f7810600000, 0x00007f78d4920000, 0x00007f7d65b50000)
  eden space 2571648K,   0% used [0x00007f7810600000, 0x00007f7810600000, 0x00007f78ad560000)
  from space 321408K,   0% used [0x00007f78ad560000, 0x00007f78ad560000, 0x00007f78c0f40000)
  to   space 321408K,   0% used [0x00007f78c0f40000, 0x00007f78c0f40000, 0x00007f78d4920000)
 tenured generation   total 6428864K, used 15181K [0x00007f7d65b50000, 0x00007f7eee180000, 0x00007f8810600000)
   the space 6428864K,   0% used [0x00007f7d65b50000, 0x00007f7d66a23568, 0x00007f7d66a23600, 0x00007f7eee180000)
 Metaspace       used 31421K, capacity 31877K, committed 32000K, reserved 32768K
}

