# JRE version: OpenJDK Runtime Environment (13.0.7+5) (build 13.0.7+5-Ubuntu-0ubuntu120.04)
# Java VM: OpenJDK 64-Bit Server VM (13.0.7+5-Ubuntu-0ubuntu120.04, mixed mode, tiered, serial gc, linux-amd64)
Heap:
 def new generation   total 1604864K, used 70886K [0x00007f2b14600000, 0x00007f2b81360000, 0x00007f35bf0a0000)
  eden space 1426560K,   4% used [0x00007f2b14600000, 0x00007f2b18b39aa8, 0x00007f2b6b720000)
  from space 178304K,   0% used [0x00007f2b76540000, 0x00007f2b76540000, 0x00007f2b81360000)
  to   space 178304K,   0% used [0x00007f2b6b720000, 0x00007f2b6b720000, 0x00007f2b76540000)
 tenured generation   total 3582624K, used 3580709K [0x00007f35bf0a0000, 0x00007f3699b48000, 0x00007f4b14600000)
   the space 3582624K,  99% used [0x00007f35bf0a0000, 0x00007f3699969778, 0x00007f3699969800, 0x00007f3699b48000)
 Metaspace       used 24230K, capacity 24632K, committed 24832K, reserved 26624K
GC Heap History (20 events):
Event: 1094.041 GC heap after
{Heap after GC invocations=1178 (full 5):
 def new generation   total 1604864K, used 84771K [0x00007f2b14600000, 0x00007f2b81360000, 0x00007f35bf0a0000)
  eden space 1426560K,   0% used [0x00007f2b14600000, 0x00007f2b14600000, 0x00007f2b6b720000)
  from space 178304K,  47% used [0x00007f2b6b720000, 0x00007f2b709e8d28, 0x00007f2b76540000)
  to   space 178304K,   0% used [0x00007f2b76540000, 0x00007f2b76540000, 0x00007f2b81360000)
 tenured generation   total 3566236K, used 3501047K [0x00007f35bf0a0000, 0x00007f3698b47000, 0x00007f4b14600000)
   the space 3566236K,  98% used [0x00007f35bf0a0000, 0x00007f3694b9deb8, 0x00007f3694b9e000, 0x00007f3698b47000)
 Metaspace       used 24230K, capacity 24632K, committed 24832K, reserved 26624K
}
Event: 1095.451 GC heap before
{Heap before GC invocations=1178 (full 5):
 def new generation   total 1604864K, used 1510703K [0x00007f2b14600000, 0x00007f2b81360000, 0x00007f35bf0a0000)
  eden space 1426560K,  99% used [0x00007f2b14600000, 0x00007f2b6b6830d8, 0x00007f2b6b720000)
  from space 178304K,  47% used [0x00007f2b6b720000, 0x00007f2b709e8d28, 0x00007f2b76540000)
  to   space 178304K,   0% used [0x00007f2b76540000, 0x00007f2b76540000, 0x00007f2b81360000)
 tenured generation   total 3566236K, used 3501047K [0x00007f35bf0a0000, 0x00007f3698b47000, 0x00007f4b14600000)
   the space 3566236K,  98% used [0x00007f35bf0a0000, 0x00007f3694b9deb8, 0x00007f3694b9e000, 0x00007f3698b47000)
 Metaspace       used 24230K, capacity 24632K, committed 24832K, reserved 26624K
}
Event: 1095.516 GC heap after
{Heap after GC invocations=1179 (full 5):
 def new generation   total 1604864K, used 92029K [0x00007f2b14600000, 0x00007f2b81360000, 0x00007f35bf0a0000)
  eden space 1426560K,   0% used [0x00007f2b14600000, 0x00007f2b14600000, 0x00007f2b6b720000)
  from space 178304K,  51% used [0x00007f2b76540000, 0x00007f2b7bf1f6e8, 0x00007f2b81360000)
  to   space 178304K,   0% used [0x00007f2b6b720000, 0x00007f2b6b720000, 0x00007f2b76540000)
 tenured generation   total 3566236K, used 3501047K [0x00007f35bf0a0000, 0x00007f3698b47000, 0x00007f4b14600000)
   the space 3566236K,  98% used [0x00007f35bf0a0000, 0x00007f3694b9deb8, 0x00007f3694b9e000, 0x00007f3698b47000)
 Metaspace       used 24230K, capacity 24632K, committed 24832K, reserved 26624K
}
Event: 1097.385 GC heap before
{Heap before GC invocations=1179 (full 5):
 def new generation   total 1604864K, used 1518589K [0x00007f2b14600000, 0x00007f2b81360000, 0x00007f35bf0a0000)
  eden space 1426560K, 100% used [0x00007f2b14600000, 0x00007f2b6b720000, 0x00007f2b6b720000)
  from space 178304K,  51% used [0x00007f2b76540000, 0x00007f2b7bf1f6e8, 0x00007f2b81360000)
  to   space 178304K,   0% used [0x00007f2b6b720000, 0x00007f2b6b720000, 0x00007f2b76540000)
 tenured generation   total 3566236K, used 3501047K [0x00007f35bf0a0000, 0x00007f3698b47000, 0x00007f4b14600000)
   the space 3566236K,  98% used [0x00007f35bf0a0000, 0x00007f3694b9deb8, 0x00007f3694b9e000, 0x00007f3698b47000)
 Metaspace       used 24230K, capacity 24632K, committed 24832K, reserved 26624K
}
Event: 1097.478 GC heap after
{Heap after GC invocations=1180 (full 5):
 def new generation   total 1604864K, used 82714K [0x00007f2b14600000, 0x00007f2b81360000, 0x00007f35bf0a0000)
  eden space 1426560K,   0% used [0x00007f2b14600000, 0x00007f2b14600000, 0x00007f2b6b720000)
  from space 178304K,  46% used [0x00007f2b6b720000, 0x00007f2b707e6a08, 0x00007f2b76540000)
  to   space 178304K,   0% used [0x00007f2b76540000, 0x00007f2b76540000, 0x00007f2b81360000)
 tenured generation   total 3566236K, used 3518006K [0x00007f35bf0a0000, 0x00007f3698b47000, 0x00007f4b14600000)
   the space 3566236K,  98% used [0x00007f35bf0a0000, 0x00007f3695c2d910, 0x00007f3695c2da00, 0x00007f3698b47000)
 Metaspace       used 24230K, capacity 24632K, committed 24832K, reserved 26624K
}
Event: 1098.867 GC heap before
{Heap before GC invocations=1180 (full 5):
 def new generation   total 1604864K, used 1503863K [0x00007f2b14600000, 0x00007f2b81360000, 0x00007f35bf0a0000)
  eden space 1426560K,  99% used [0x00007f2b14600000, 0x00007f2b6b1d7370, 0x00007f2b6b720000)
  from space 178304K,  46% used [0x00007f2b6b720000, 0x00007f2b707e6a08, 0x00007f2b76540000)
  to   space 178304K,   0% used [0x00007f2b76540000, 0x00007f2b76540000, 0x00007f2b81360000)
 tenured generation   total 3566236K, used 3518006K [0x00007f35bf0a0000, 0x00007f3698b47000, 0x00007f4b14600000)
   the space 3566236K,  98% used [0x00007f35bf0a0000, 0x00007f3695c2d910, 0x00007f3695c2da00, 0x00007f3698b47000)
 Metaspace       used 24230K, capacity 24632K, committed 24832K, reserved 26624K
}
Event: 1098.932 GC heap after
{Heap after GC invocations=1181 (full 5):
 def new generation   total 1604864K, used 103261K [0x00007f2b14600000, 0x00007f2b81360000, 0x00007f35bf0a0000)
  eden space 1426560K,   0% used [0x00007f2b14600000, 0x00007f2b14600000, 0x00007f2b6b720000)
  from space 178304K,  57% used [0x00007f2b76540000, 0x00007f2b7ca17410, 0x00007f2b81360000)
  to   space 178304K,   0% used [0x00007f2b6b720000, 0x00007f2b6b720000, 0x00007f2b76540000)
 tenured generation   total 3566236K, used 3518006K [0x00007f35bf0a0000, 0x00007f3698b47000, 0x00007f4b14600000)
   the space 3566236K,  98% used [0x00007f35bf0a0000, 0x00007f3695c2d910, 0x00007f3695c2da00, 0x00007f3698b47000)
 Metaspace       used 24230K, capacity 24632K, committed 24832K, reserved 26624K
}
Event: 1100.855 GC heap before
{Heap before GC invocations=1181 (full 5):
 def new generation   total 1604864K, used 1529279K [0x00007f2b14600000, 0x00007f2b81360000, 0x00007f35bf0a0000)
  eden space 1426560K,  99% used [0x00007f2b14600000, 0x00007f2b6b6989e8, 0x00007f2b6b720000)
  from space 178304K,  57% used [0x00007f2b76540000, 0x00007f2b7ca17410, 0x00007f2b81360000)
  to   space 178304K,   0% used [0x00007f2b6b720000, 0x00007f2b6b720000, 0x00007f2b76540000)
 tenured generation   total 3566236K, used 3518006K [0x00007f35bf0a0000, 0x00007f3698b47000, 0x00007f4b14600000)
   the space 3566236K,  98% used [0x00007f35bf0a0000, 0x00007f3695c2d910, 0x00007f3695c2da00, 0x00007f3698b47000)
 Metaspace       used 24230K, capacity 24632K, committed 24832K, reserved 26624K
}
Event: 1100.945 GC heap after
{Heap after GC invocations=1182 (full 5):
 def new generation   total 1604864K, used 88402K [0x00007f2b14600000, 0x00007f2b81360000, 0x00007f35bf0a0000)
  eden space 1426560K,   0% used [0x00007f2b14600000, 0x00007f2b14600000, 0x00007f2b6b720000)
  from space 178304K,  49% used [0x00007f2b6b720000, 0x00007f2b70d74ad0, 0x00007f2b76540000)
  to   space 178304K,   0% used [0x00007f2b76540000, 0x00007f2b76540000, 0x00007f2b81360000)
 tenured generation   total 3566236K, used 3534964K [0x00007f35bf0a0000, 0x00007f3698b47000, 0x00007f4b14600000)
   the space 3566236K,  99% used [0x00007f35bf0a0000, 0x00007f3696cbd368, 0x00007f3696cbd400, 0x00007f3698b47000)
 Metaspace       used 24230K, capacity 24632K, committed 24832K, reserved 26624K
}
Event: 1102.421 GC heap before
{Heap before GC invocations=1182 (full 5):
 def new generation   total 1604864K, used 1514962K [0x00007f2b14600000, 0x00007f2b81360000, 0x00007f35bf0a0000)
  eden space 1426560K, 100% used [0x00007f2b14600000, 0x00007f2b6b720000, 0x00007f2b6b720000)
  from space 178304K,  49% used [0x00007f2b6b720000, 0x00007f2b70d74ad0, 0x00007f2b76540000)
  to   space 178304K,   0% used [0x00007f2b76540000, 0x00007f2b76540000, 0x00007f2b81360000)
 tenured generation   total 3566236K, used 3534964K [0x00007f35bf0a0000, 0x00007f3698b47000, 0x00007f4b14600000)
   the space 3566236K,  99% used [0x00007f35bf0a0000, 0x00007f3696cbd368, 0x00007f3696cbd400, 0x00007f3698b47000)
 Metaspace       used 24230K, capacity 24632K, committed 24832K, reserved 26624K
}
Event: 1102.487 GC heap after
{Heap after GC invocations=1183 (full 5):
 def new generation   total 1604864K, used 85276K [0x00007f2b14600000, 0x00007f2b81360000, 0x00007f35bf0a0000)
  eden space 1426560K,   0% used [0x00007f2b14600000, 0x00007f2b14600000, 0x00007f2b6b720000)
  from space 178304K,  47% used [0x00007f2b76540000, 0x00007f2b7b8870b0, 0x00007f2b81360000)
  to   space 178304K,   0% used [0x00007f2b6b720000, 0x00007f2b6b720000, 0x00007f2b76540000)
 tenured generation   total 3566236K, used 3534964K [0x00007f35bf0a0000, 0x00007f3698b47000, 0x00007f4b14600000)
   the space 3566236K,  99% used [0x00007f35bf0a0000, 0x00007f3696cbd368, 0x00007f3696cbd400, 0x00007f3698b47000)
 Metaspace       used 24230K, capacity 24632K, committed 24832K, reserved 26624K
}
Event: 1104.245 GC heap before
{Heap before GC invocations=1183 (full 5):
 def new generation   total 1604864K, used 1508438K [0x00007f2b14600000, 0x00007f2b81360000, 0x00007f35bf0a0000)
  eden space 1426560K,  99% used [0x00007f2b14600000, 0x00007f2b6b3ce970, 0x00007f2b6b720000)
  from space 178304K,  47% used [0x00007f2b76540000, 0x00007f2b7b8870b0, 0x00007f2b81360000)
  to   space 178304K,   0% used [0x00007f2b6b720000, 0x00007f2b6b720000, 0x00007f2b76540000)
 tenured generation   total 3566236K, used 3534964K [0x00007f35bf0a0000, 0x00007f3698b47000, 0x00007f4b14600000)
   the space 3566236K,  99% used [0x00007f35bf0a0000, 0x00007f3696cbd368, 0x00007f3696cbd400, 0x00007f3698b47000)
 Metaspace       used 24230K, capacity 24632K, committed 24832K, reserved 26624K
}
Event: 1104.318 GC heap after
{Heap after GC invocations=1184 (full 5):
 def new generation   total 1604864K, used 102280K [0x00007f2b14600000, 0x00007f2b81360000, 0x00007f35bf0a0000)
  eden space 1426560K,   0% used [0x00007f2b14600000, 0x00007f2b14600000, 0x00007f2b6b720000)
  from space 178304K,  57% used [0x00007f2b6b720000, 0x00007f2b71b020c8, 0x00007f2b76540000)
  to   space 178304K,   0% used [0x00007f2b76540000, 0x00007f2b76540000, 0x00007f2b81360000)
 tenured generation   total 3566236K, used 3534964K [0x00007f35bf0a0000, 0x00007f3698b47000, 0x00007f4b14600000)
   the space 3566236K,  99% used [0x00007f35bf0a0000, 0x00007f3696cbd368, 0x00007f3696cbd400, 0x00007f3698b47000)
 Metaspace       used 24230K, capacity 24632K, committed 24832K, reserved 26624K
}
Event: 1106.070 GC heap before
{Heap before GC invocations=1184 (full 5):
 def new generation   total 1604864K, used 1528840K [0x00007f2b14600000, 0x00007f2b81360000, 0x00007f35bf0a0000)
  eden space 1426560K, 100% used [0x00007f2b14600000, 0x00007f2b6b720000, 0x00007f2b6b720000)
  from space 178304K,  57% used [0x00007f2b6b720000, 0x00007f2b71b020c8, 0x00007f2b76540000)
  to   space 178304K,   0% used [0x00007f2b76540000, 0x00007f2b76540000, 0x00007f2b81360000)
 tenured generation   total 3566236K, used 3534964K [0x00007f35bf0a0000, 0x00007f3698b47000, 0x00007f4b14600000)
   the space 3566236K,  99% used [0x00007f35bf0a0000, 0x00007f3696cbd368, 0x00007f3696cbd400, 0x00007f3698b47000)
 Metaspace       used 24230K, capacity 24632K, committed 24832K, reserved 26624K
}
Event: 1106.157 GC heap after
{Heap after GC invocations=1185 (full 5):
 def new generation   total 1604864K, used 84771K [0x00007f2b14600000, 0x00007f2b81360000, 0x00007f35bf0a0000)
  eden space 1426560K,   0% used [0x00007f2b14600000, 0x00007f2b14600000, 0x00007f2b6b720000)
  from space 178304K,  47% used [0x00007f2b76540000, 0x00007f2b7b808d28, 0x00007f2b81360000)
  to   space 178304K,   0% used [0x00007f2b6b720000, 0x00007f2b6b720000, 0x00007f2b76540000)
 tenured generation   total 3566236K, used 3551923K [0x00007f35bf0a0000, 0x00007f3698b47000, 0x00007f4b14600000)
   the space 3566236K,  99% used [0x00007f35bf0a0000, 0x00007f3697d4cdc0, 0x00007f3697d4ce00, 0x00007f3698b47000)
 Metaspace       used 24230K, capacity 24632K, committed 24832K, reserved 26624K
}
Event: 1107.672 GC heap before
{Heap before GC invocations=1185 (full 5):
 def new generation   total 1604864K, used 1510703K [0x00007f2b14600000, 0x00007f2b81360000, 0x00007f35bf0a0000)
  eden space 1426560K,  99% used [0x00007f2b14600000, 0x00007f2b6b6830d8, 0x00007f2b6b720000)
  from space 178304K,  47% used [0x00007f2b76540000, 0x00007f2b7b808d28, 0x00007f2b81360000)
  to   space 178304K,   0% used [0x00007f2b6b720000, 0x00007f2b6b720000, 0x00007f2b76540000)
 tenured generation   total 3566236K, used 3551923K [0x00007f35bf0a0000, 0x00007f3698b47000, 0x00007f4b14600000)
   the space 3566236K,  99% used [0x00007f35bf0a0000, 0x00007f3697d4cdc0, 0x00007f3697d4ce00, 0x00007f3698b47000)
 Metaspace       used 24230K, capacity 24632K, committed 24832K, reserved 26624K
}
Event: 1107.741 GC heap after
{Heap after GC invocations=1186 (full 5):
 def new generation   total 1604864K, used 92029K [0x00007f2b14600000, 0x00007f2b81360000, 0x00007f35bf0a0000)
  eden space 1426560K,   0% used [0x00007f2b14600000, 0x00007f2b14600000, 0x00007f2b6b720000)
  from space 178304K,  51% used [0x00007f2b6b720000, 0x00007f2b710ff6e8, 0x00007f2b76540000)
  to   space 178304K,   0% used [0x00007f2b76540000, 0x00007f2b76540000, 0x00007f2b81360000)
 tenured generation   total 3566236K, used 3551923K [0x00007f35bf0a0000, 0x00007f3698b47000, 0x00007f4b14600000)
   the space 3566236K,  99% used [0x00007f35bf0a0000, 0x00007f3697d4cdc0, 0x00007f3697d4ce00, 0x00007f3698b47000)
 Metaspace       used 24230K, capacity 24632K, committed 24832K, reserved 26624K
}
Event: 1109.539 GC heap before
{Heap before GC invocations=1186 (full 5):
 def new generation   total 1604864K, used 1518589K [0x00007f2b14600000, 0x00007f2b81360000, 0x00007f35bf0a0000)
  eden space 1426560K, 100% used [0x00007f2b14600000, 0x00007f2b6b720000, 0x00007f2b6b720000)
  from space 178304K,  51% used [0x00007f2b6b720000, 0x00007f2b710ff6e8, 0x00007f2b76540000)
  to   space 178304K,   0% used [0x00007f2b76540000, 0x00007f2b76540000, 0x00007f2b81360000)
 tenured generation   total 3566236K, used 3551923K [0x00007f35bf0a0000, 0x00007f3698b47000, 0x00007f4b14600000)
   the space 3566236K,  99% used [0x00007f35bf0a0000, 0x00007f3697d4cdc0, 0x00007f3697d4ce00, 0x00007f3698b47000)
 Metaspace       used 24230K, capacity 24632K, committed 24832K, reserved 26624K
}
Event: 1109.625 GC heap after
{Heap after GC invocations=1187 (full 5):
 def new generation   total 1604864K, used 82714K [0x00007f2b14600000, 0x00007f2b81360000, 0x00007f35bf0a0000)
  eden space 1426560K,   0% used [0x00007f2b14600000, 0x00007f2b14600000, 0x00007f2b6b720000)
  from space 178304K,  46% used [0x00007f2b76540000, 0x00007f2b7b606a08, 0x00007f2b81360000)
  to   space 178304K,   0% used [0x00007f2b6b720000, 0x00007f2b6b720000, 0x00007f2b76540000)
 tenured generation   total 3582624K, used 3568882K [0x00007f35bf0a0000, 0x00007f3699b48000, 0x00007f4b14600000)
   the space 3582624K,  99% used [0x00007f35bf0a0000, 0x00007f3698ddc818, 0x00007f3698ddca00, 0x00007f3699b48000)
 Metaspace       used 24230K, capacity 24632K, committed 24832K, reserved 26624K
}
Event: 1109.625 GC heap before
{Heap before GC invocations=1187 (full 5):
 def new generation   total 1604864K, used 82714K [0x00007f2b14600000, 0x00007f2b81360000, 0x00007f35bf0a0000)
  eden space 1426560K,   0% used [0x00007f2b14600000, 0x00007f2b14600000, 0x00007f2b6b720000)
  from space 178304K,  46% used [0x00007f2b76540000, 0x00007f2b7b606a08, 0x00007f2b81360000)
  to   space 178304K,   0% used [0x00007f2b6b720000, 0x00007f2b6b720000, 0x00007f2b76540000)
 tenured generation   total 3582624K, used 3568882K [0x00007f35bf0a0000, 0x00007f3699b48000, 0x00007f4b14600000)
   the space 3582624K,  99% used [0x00007f35bf0a0000, 0x00007f3698ddc818, 0x00007f3698ddca00, 0x00007f3699b48000)
 Metaspace       used 24230K, capacity 24632K, committed 24832K, reserved 26624K
}

