# JRE version: OpenJDK Runtime Environment (13.0.7+5) (build 13.0.7+5-Ubuntu-0ubuntu120.04)
# Java VM: OpenJDK 64-Bit Server VM (13.0.7+5-Ubuntu-0ubuntu120.04, mixed mode, tiered, serial gc, linux-amd64)
Heap:
 def new generation   total 1748736K, used 26664K [0x00007f9248600000, 0x00007f92bef70000, 0x00007f979db50000)
  eden space 1554496K,   1% used [0x00007f9248600000, 0x00007f924a00a240, 0x00007f92a7410000)
  from space 194240K,   0% used [0x00007f92a7410000, 0x00007f92a7410000, 0x00007f92b31c0000)
  to   space 194240K,   0% used [0x00007f92b31c0000, 0x00007f92b31c0000, 0x00007f92bef70000)
 tenured generation   total 3886444K, used 3886443K [0x00007f979db50000, 0x00007f988aeab000, 0x00007fa248600000)
   the space 3886444K,  99% used [0x00007f979db50000, 0x00007f988aeaafe8, 0x00007f988aeab000, 0x00007f988aeab000)
 Metaspace       used 24317K, capacity 24762K, committed 24832K, reserved 26624K
GC Heap History (20 events):
Event: 1402.765 GC heap after
{Heap after GC invocations=2813 (full 3):
 def new generation   total 1748736K, used 35472K [0x00007f9248600000, 0x00007f92bef70000, 0x00007f979db50000)
  eden space 1554496K,   0% used [0x00007f9248600000, 0x00007f9248600000, 0x00007f92a7410000)
  from space 194240K,  18% used [0x00007f92b31c0000, 0x00007f92b5464308, 0x00007f92bef70000)
  to   space 194240K,   0% used [0x00007f92a7410000, 0x00007f92a7410000, 0x00007f92b31c0000)
 tenured generation   total 3885868K, used 3864457K [0x00007f979db50000, 0x00007f988ae1b000, 0x00007fa248600000)
   the space 3885868K,  99% used [0x00007f979db50000, 0x00007f9889932560, 0x00007f9889932600, 0x00007f988ae1b000)
 Metaspace       used 24317K, capacity 24762K, committed 24832K, reserved 26624K
}
Event: 1403.701 GC heap before
{Heap before GC invocations=2813 (full 3):
 def new generation   total 1748736K, used 1589968K [0x00007f9248600000, 0x00007f92bef70000, 0x00007f979db50000)
  eden space 1554496K, 100% used [0x00007f9248600000, 0x00007f92a7410000, 0x00007f92a7410000)
  from space 194240K,  18% used [0x00007f92b31c0000, 0x00007f92b5464308, 0x00007f92bef70000)
  to   space 194240K,   0% used [0x00007f92a7410000, 0x00007f92a7410000, 0x00007f92b31c0000)
 tenured generation   total 3885868K, used 3864457K [0x00007f979db50000, 0x00007f988ae1b000, 0x00007fa248600000)
   the space 3885868K,  99% used [0x00007f979db50000, 0x00007f9889932560, 0x00007f9889932600, 0x00007f988ae1b000)
 Metaspace       used 24317K, capacity 24762K, committed 24832K, reserved 26624K
}
Event: 1403.753 GC heap after
{Heap after GC invocations=2814 (full 3):
 def new generation   total 1748736K, used 38781K [0x00007f9248600000, 0x00007f92bef70000, 0x00007f979db50000)
  eden space 1554496K,   0% used [0x00007f9248600000, 0x00007f9248600000, 0x00007f92a7410000)
  from space 194240K,  19% used [0x00007f92a7410000, 0x00007f92a99ef7d0, 0x00007f92b31c0000)
  to   space 194240K,   0% used [0x00007f92b31c0000, 0x00007f92b31c0000, 0x00007f92bef70000)
 tenured generation   total 3885868K, used 3866359K [0x00007f979db50000, 0x00007f988ae1b000, 0x00007fa248600000)
   the space 3885868K,  99% used [0x00007f979db50000, 0x00007f9889b0dcd8, 0x00007f9889b0de00, 0x00007f988ae1b000)
 Metaspace       used 24317K, capacity 24762K, committed 24832K, reserved 26624K
}
Event: 1404.644 GC heap before
{Heap before GC invocations=2814 (full 3):
 def new generation   total 1748736K, used 1593277K [0x00007f9248600000, 0x00007f92bef70000, 0x00007f979db50000)
  eden space 1554496K, 100% used [0x00007f9248600000, 0x00007f92a7410000, 0x00007f92a7410000)
  from space 194240K,  19% used [0x00007f92a7410000, 0x00007f92a99ef7d0, 0x00007f92b31c0000)
  to   space 194240K,   0% used [0x00007f92b31c0000, 0x00007f92b31c0000, 0x00007f92bef70000)
 tenured generation   total 3885868K, used 3866359K [0x00007f979db50000, 0x00007f988ae1b000, 0x00007fa248600000)
   the space 3885868K,  99% used [0x00007f979db50000, 0x00007f9889b0dcd8, 0x00007f9889b0de00, 0x00007f988ae1b000)
 Metaspace       used 24317K, capacity 24762K, committed 24832K, reserved 26624K
}
Event: 1404.693 GC heap after
{Heap after GC invocations=2815 (full 3):
 def new generation   total 1748736K, used 38445K [0x00007f9248600000, 0x00007f92bef70000, 0x00007f979db50000)
  eden space 1554496K,   0% used [0x00007f9248600000, 0x00007f9248600000, 0x00007f92a7410000)
  from space 194240K,  19% used [0x00007f92b31c0000, 0x00007f92b574b4c8, 0x00007f92bef70000)
  to   space 194240K,   0% used [0x00007f92a7410000, 0x00007f92a7410000, 0x00007f92b31c0000)
 tenured generation   total 3885868K, used 3870074K [0x00007f979db50000, 0x00007f988ae1b000, 0x00007fa248600000)
   the space 3885868K,  99% used [0x00007f979db50000, 0x00007f9889eae918, 0x00007f9889eaea00, 0x00007f988ae1b000)
 Metaspace       used 24317K, capacity 24762K, committed 24832K, reserved 26624K
}
Event: 1405.538 GC heap before
{Heap before GC invocations=2815 (full 3):
 def new generation   total 1748736K, used 1592941K [0x00007f9248600000, 0x00007f92bef70000, 0x00007f979db50000)
  eden space 1554496K, 100% used [0x00007f9248600000, 0x00007f92a7410000, 0x00007f92a7410000)
  from space 194240K,  19% used [0x00007f92b31c0000, 0x00007f92b574b4c8, 0x00007f92bef70000)
  to   space 194240K,   0% used [0x00007f92a7410000, 0x00007f92a7410000, 0x00007f92b31c0000)
 tenured generation   total 3885868K, used 3870074K [0x00007f979db50000, 0x00007f988ae1b000, 0x00007fa248600000)
   the space 3885868K,  99% used [0x00007f979db50000, 0x00007f9889eae918, 0x00007f9889eaea00, 0x00007f988ae1b000)
 Metaspace       used 24317K, capacity 24762K, committed 24832K, reserved 26624K
}
Event: 1405.584 GC heap after
{Heap after GC invocations=2816 (full 3):
 def new generation   total 1748736K, used 34985K [0x00007f9248600000, 0x00007f92bef70000, 0x00007f979db50000)
  eden space 1554496K,   0% used [0x00007f9248600000, 0x00007f9248600000, 0x00007f92a7410000)
  from space 194240K,  18% used [0x00007f92a7410000, 0x00007f92a963a5a0, 0x00007f92b31c0000)
  to   space 194240K,   0% used [0x00007f92b31c0000, 0x00007f92b31c0000, 0x00007f92bef70000)
 tenured generation   total 3885868K, used 3875288K [0x00007f979db50000, 0x00007f988ae1b000, 0x00007fa248600000)
   the space 3885868K,  99% used [0x00007f979db50000, 0x00007f988a3c6170, 0x00007f988a3c6200, 0x00007f988ae1b000)
 Metaspace       used 24317K, capacity 24762K, committed 24832K, reserved 26624K
}
Event: 1406.495 GC heap before
{Heap before GC invocations=2816 (full 3):
 def new generation   total 1748736K, used 1589481K [0x00007f9248600000, 0x00007f92bef70000, 0x00007f979db50000)
  eden space 1554496K, 100% used [0x00007f9248600000, 0x00007f92a7410000, 0x00007f92a7410000)
  from space 194240K,  18% used [0x00007f92a7410000, 0x00007f92a963a5a0, 0x00007f92b31c0000)
  to   space 194240K,   0% used [0x00007f92b31c0000, 0x00007f92b31c0000, 0x00007f92bef70000)
 tenured generation   total 3885868K, used 3875288K [0x00007f979db50000, 0x00007f988ae1b000, 0x00007fa248600000)
   the space 3885868K,  99% used [0x00007f979db50000, 0x00007f988a3c6170, 0x00007f988a3c6200, 0x00007f988ae1b000)
 Metaspace       used 24317K, capacity 24762K, committed 24832K, reserved 26624K
}
Event: 1406.535 GC heap after
{Heap after GC invocations=2817 (full 3):
 def new generation   total 1748736K, used 35295K [0x00007f9248600000, 0x00007f92bef70000, 0x00007f979db50000)
  eden space 1554496K,   0% used [0x00007f9248600000, 0x00007f9248600000, 0x00007f92a7410000)
  from space 194240K,  18% used [0x00007f92b31c0000, 0x00007f92b5437d60, 0x00007f92bef70000)
  to   space 194240K,   0% used [0x00007f92a7410000, 0x00007f92a7410000, 0x00007f92b31c0000)
 tenured generation   total 3885868K, used 3876905K [0x00007f979db50000, 0x00007f988ae1b000, 0x00007fa248600000)
   the space 3885868K,  99% used [0x00007f979db50000, 0x00007f988a55a6e0, 0x00007f988a55a800, 0x00007f988ae1b000)
 Metaspace       used 24317K, capacity 24762K, committed 24832K, reserved 26624K
}
Event: 1407.419 GC heap before
{Heap before GC invocations=2817 (full 3):
 def new generation   total 1748736K, used 1589791K [0x00007f9248600000, 0x00007f92bef70000, 0x00007f979db50000)
  eden space 1554496K, 100% used [0x00007f9248600000, 0x00007f92a7410000, 0x00007f92a7410000)
  from space 194240K,  18% used [0x00007f92b31c0000, 0x00007f92b5437d60, 0x00007f92bef70000)
  to   space 194240K,   0% used [0x00007f92a7410000, 0x00007f92a7410000, 0x00007f92b31c0000)
 tenured generation   total 3885868K, used 3876905K [0x00007f979db50000, 0x00007f988ae1b000, 0x00007fa248600000)
   the space 3885868K,  99% used [0x00007f979db50000, 0x00007f988a55a6e0, 0x00007f988a55a800, 0x00007f988ae1b000)
 Metaspace       used 24317K, capacity 24762K, committed 24832K, reserved 26624K
}
Event: 1407.462 GC heap after
{Heap after GC invocations=2818 (full 3):
 def new generation   total 1748736K, used 35290K [0x00007f9248600000, 0x00007f92bef70000, 0x00007f979db50000)
  eden space 1554496K,   0% used [0x00007f9248600000, 0x00007f9248600000, 0x00007f92a7410000)
  from space 194240K,  18% used [0x00007f92a7410000, 0x00007f92a9686808, 0x00007f92b31c0000)
  to   space 194240K,   0% used [0x00007f92b31c0000, 0x00007f92b31c0000, 0x00007f92bef70000)
 tenured generation   total 3885868K, used 3878744K [0x00007f979db50000, 0x00007f988ae1b000, 0x00007fa248600000)
   the space 3885868K,  99% used [0x00007f979db50000, 0x00007f988a726298, 0x00007f988a726400, 0x00007f988ae1b000)
 Metaspace       used 24317K, capacity 24762K, committed 24832K, reserved 26624K
}
Event: 1408.341 GC heap before
{Heap before GC invocations=2818 (full 3):
 def new generation   total 1748736K, used 1589786K [0x00007f9248600000, 0x00007f92bef70000, 0x00007f979db50000)
  eden space 1554496K, 100% used [0x00007f9248600000, 0x00007f92a7410000, 0x00007f92a7410000)
  from space 194240K,  18% used [0x00007f92a7410000, 0x00007f92a9686808, 0x00007f92b31c0000)
  to   space 194240K,   0% used [0x00007f92b31c0000, 0x00007f92b31c0000, 0x00007f92bef70000)
 tenured generation   total 3885868K, used 3878744K [0x00007f979db50000, 0x00007f988ae1b000, 0x00007fa248600000)
   the space 3885868K,  99% used [0x00007f979db50000, 0x00007f988a726298, 0x00007f988a726400, 0x00007f988ae1b000)
 Metaspace       used 24317K, capacity 24762K, committed 24832K, reserved 26624K
}
Event: 1408.387 GC heap after
{Heap after GC invocations=2819 (full 3):
 def new generation   total 1748736K, used 35292K [0x00007f9248600000, 0x00007f92bef70000, 0x00007f979db50000)
  eden space 1554496K,   0% used [0x00007f9248600000, 0x00007f9248600000, 0x00007f92a7410000)
  from space 194240K,  18% used [0x00007f92b31c0000, 0x00007f92b54373b8, 0x00007f92bef70000)
  to   space 194240K,   0% used [0x00007f92a7410000, 0x00007f92a7410000, 0x00007f92b31c0000)
 tenured generation   total 3885868K, used 3880646K [0x00007f979db50000, 0x00007f988ae1b000, 0x00007fa248600000)
   the space 3885868K,  99% used [0x00007f979db50000, 0x00007f988a901a10, 0x00007f988a901c00, 0x00007f988ae1b000)
 Metaspace       used 24317K, capacity 24762K, committed 24832K, reserved 26624K
}
Event: 1409.292 GC heap before
{Heap before GC invocations=2819 (full 3):
 def new generation   total 1748736K, used 1589788K [0x00007f9248600000, 0x00007f92bef70000, 0x00007f979db50000)
  eden space 1554496K, 100% used [0x00007f9248600000, 0x00007f92a7410000, 0x00007f92a7410000)
  from space 194240K,  18% used [0x00007f92b31c0000, 0x00007f92b54373b8, 0x00007f92bef70000)
  to   space 194240K,   0% used [0x00007f92a7410000, 0x00007f92a7410000, 0x00007f92b31c0000)
 tenured generation   total 3885868K, used 3880646K [0x00007f979db50000, 0x00007f988ae1b000, 0x00007fa248600000)
   the space 3885868K,  99% used [0x00007f979db50000, 0x00007f988a901a10, 0x00007f988a901c00, 0x00007f988ae1b000)
 Metaspace       used 24317K, capacity 24762K, committed 24832K, reserved 26624K
}
Event: 1409.340 GC heap after
{Heap after GC invocations=2820 (full 3):
 def new generation   total 1748736K, used 35292K [0x00007f9248600000, 0x00007f92bef70000, 0x00007f979db50000)
  eden space 1554496K,   0% used [0x00007f9248600000, 0x00007f9248600000, 0x00007f92a7410000)
  from space 194240K,  18% used [0x00007f92a7410000, 0x00007f92a9687268, 0x00007f92b31c0000)
  to   space 194240K,   0% used [0x00007f92b31c0000, 0x00007f92b31c0000, 0x00007f92bef70000)
 tenured generation   total 3885868K, used 3882548K [0x00007f979db50000, 0x00007f988ae1b000, 0x00007fa248600000)
   the space 3885868K,  99% used [0x00007f979db50000, 0x00007f988aadd338, 0x00007f988aadd400, 0x00007f988ae1b000)
 Metaspace       used 24317K, capacity 24762K, committed 24832K, reserved 26624K
}
Event: 1410.214 GC heap before
{Heap before GC invocations=2820 (full 3):
 def new generation   total 1748736K, used 1589788K [0x00007f9248600000, 0x00007f92bef70000, 0x00007f979db50000)
  eden space 1554496K, 100% used [0x00007f9248600000, 0x00007f92a7410000, 0x00007f92a7410000)
  from space 194240K,  18% used [0x00007f92a7410000, 0x00007f92a9687268, 0x00007f92b31c0000)
  to   space 194240K,   0% used [0x00007f92b31c0000, 0x00007f92b31c0000, 0x00007f92bef70000)
 tenured generation   total 3885868K, used 3882548K [0x00007f979db50000, 0x00007f988ae1b000, 0x00007fa248600000)
   the space 3885868K,  99% used [0x00007f979db50000, 0x00007f988aadd338, 0x00007f988aadd400, 0x00007f988ae1b000)
 Metaspace       used 24317K, capacity 24762K, committed 24832K, reserved 26624K
}
Event: 1410.258 GC heap after
{Heap after GC invocations=2821 (full 3):
 def new generation   total 1748736K, used 35348K [0x00007f9248600000, 0x00007f92bef70000, 0x00007f979db50000)
  eden space 1554496K,   0% used [0x00007f9248600000, 0x00007f9248600000, 0x00007f92a7410000)
  from space 194240K,  18% used [0x00007f92b31c0000, 0x00007f92b5445348, 0x00007f92bef70000)
  to   space 194240K,   0% used [0x00007f92a7410000, 0x00007f92a7410000, 0x00007f92b31c0000)
 tenured generation   total 3885868K, used 3884419K [0x00007f979db50000, 0x00007f988ae1b000, 0x00007fa248600000)
   the space 3885868K,  99% used [0x00007f979db50000, 0x00007f988acb0d18, 0x00007f988acb0e00, 0x00007f988ae1b000)
 Metaspace       used 24317K, capacity 24762K, committed 24832K, reserved 26624K
}
Event: 1411.131 GC heap before
{Heap before GC invocations=2821 (full 3):
 def new generation   total 1748736K, used 1589844K [0x00007f9248600000, 0x00007f92bef70000, 0x00007f979db50000)
  eden space 1554496K, 100% used [0x00007f9248600000, 0x00007f92a7410000, 0x00007f92a7410000)
  from space 194240K,  18% used [0x00007f92b31c0000, 0x00007f92b5445348, 0x00007f92bef70000)
  to   space 194240K,   0% used [0x00007f92a7410000, 0x00007f92a7410000, 0x00007f92b31c0000)
 tenured generation   total 3885868K, used 3884419K [0x00007f979db50000, 0x00007f988ae1b000, 0x00007fa248600000)
   the space 3885868K,  99% used [0x00007f979db50000, 0x00007f988acb0d18, 0x00007f988acb0e00, 0x00007f988ae1b000)
 Metaspace       used 24317K, capacity 24762K, committed 24832K, reserved 26624K
}
Event: 1411.175 GC heap after
{Heap after GC invocations=2822 (full 3):
 def new generation   total 1748736K, used 35410K [0x00007f9248600000, 0x00007f92bef70000, 0x00007f979db50000)
  eden space 1554496K,   0% used [0x00007f9248600000, 0x00007f9248600000, 0x00007f92a7410000)
  from space 194240K,  18% used [0x00007f92a7410000, 0x00007f92a96a4910, 0x00007f92b31c0000)
  to   space 194240K,   0% used [0x00007f92b31c0000, 0x00007f92b31c0000, 0x00007f92bef70000)
 tenured generation   total 3886444K, used 3886321K [0x00007f979db50000, 0x00007f988aeab000, 0x00007fa248600000)
   the space 3886444K,  99% used [0x00007f979db50000, 0x00007f988ae8c640, 0x00007f988ae8c800, 0x00007f988aeab000)
 Metaspace       used 24317K, capacity 24762K, committed 24832K, reserved 26624K
}
Event: 1411.175 GC heap before
{Heap before GC invocations=2822 (full 3):
 def new generation   total 1748736K, used 35410K [0x00007f9248600000, 0x00007f92bef70000, 0x00007f979db50000)
  eden space 1554496K,   0% used [0x00007f9248600000, 0x00007f9248600000, 0x00007f92a7410000)
  from space 194240K,  18% used [0x00007f92a7410000, 0x00007f92a96a4910, 0x00007f92b31c0000)
  to   space 194240K,   0% used [0x00007f92b31c0000, 0x00007f92b31c0000, 0x00007f92bef70000)
 tenured generation   total 3886444K, used 3886321K [0x00007f979db50000, 0x00007f988aeab000, 0x00007fa248600000)
   the space 3886444K,  99% used [0x00007f979db50000, 0x00007f988ae8c640, 0x00007f988ae8c800, 0x00007f988aeab000)
 Metaspace       used 24317K, capacity 24762K, committed 24832K, reserved 26624K
}

