# JRE version: OpenJDK Runtime Environment (13.0.7+5) (build 13.0.7+5-Ubuntu-0ubuntu120.04)
# Java VM: OpenJDK 64-Bit Server VM (13.0.7+5-Ubuntu-0ubuntu120.04, mixed mode, tiered, serial gc, linux-amd64)
Heap:
 def new generation   total 2909696K, used 24614K [0x00007f5bbc600000, 0x00007f5c81b30000, 0x00007f6111b50000)
  eden space 2586432K,   0% used [0x00007f5bbc600000, 0x00007f5bbde099f8, 0x00007f5c5a3d0000)
  from space 323264K,   0% used [0x00007f5c5a3d0000, 0x00007f5c5a3d0000, 0x00007f5c6df80000)
  to   space 323264K,   0% used [0x00007f5c6df80000, 0x00007f5c6df80000, 0x00007f5c81b30000)
 tenured generation   total 6466004K, used 6465975K [0x00007f6111b50000, 0x00007f629c5c5000, 0x00007f6bbc600000)
   the space 6466004K,  99% used [0x00007f6111b50000, 0x00007f629c5bdd80, 0x00007f629c5bde00, 0x00007f629c5c5000)
 Metaspace       used 24234K, capacity 24645K, committed 24832K, reserved 26624K
GC Heap History (20 events):
Event: 4337.094 GC heap after
{Heap after GC invocations=7544 (full 4):
 def new generation   total 2909696K, used 29326K [0x00007f5bbc600000, 0x00007f5c81b30000, 0x00007f6111b50000)
  eden space 2586432K,   0% used [0x00007f5bbc600000, 0x00007f5bbc600000, 0x00007f5c5a3d0000)
  from space 323264K,   9% used [0x00007f5c6df80000, 0x00007f5c6fc238c8, 0x00007f5c81b30000)
  to   space 323264K,   0% used [0x00007f5c5a3d0000, 0x00007f5c5a3d0000, 0x00007f5c6df80000)
 tenured generation   total 6465812K, used 6446860K [0x00007f6111b50000, 0x00007f629c595000, 0x00007f6bbc600000)
   the space 6465812K,  99% used [0x00007f6111b50000, 0x00007f629b313050, 0x00007f629b313200, 0x00007f629c595000)
 Metaspace       used 24234K, capacity 24645K, committed 24832K, reserved 26624K
}
Event: 4338.334 GC heap before
{Heap before GC invocations=7544 (full 4):
 def new generation   total 2909696K, used 2615758K [0x00007f5bbc600000, 0x00007f5c81b30000, 0x00007f6111b50000)
  eden space 2586432K, 100% used [0x00007f5bbc600000, 0x00007f5c5a3d0000, 0x00007f5c5a3d0000)
  from space 323264K,   9% used [0x00007f5c6df80000, 0x00007f5c6fc238c8, 0x00007f5c81b30000)
  to   space 323264K,   0% used [0x00007f5c5a3d0000, 0x00007f5c5a3d0000, 0x00007f5c6df80000)
 tenured generation   total 6465812K, used 6446860K [0x00007f6111b50000, 0x00007f629c595000, 0x00007f6bbc600000)
   the space 6465812K,  99% used [0x00007f6111b50000, 0x00007f629b313050, 0x00007f629b313200, 0x00007f629c595000)
 Metaspace       used 24234K, capacity 24645K, committed 24832K, reserved 26624K
}
Event: 4338.352 GC heap after
{Heap after GC invocations=7545 (full 4):
 def new generation   total 2909696K, used 28739K [0x00007f5bbc600000, 0x00007f5c81b30000, 0x00007f6111b50000)
  eden space 2586432K,   0% used [0x00007f5bbc600000, 0x00007f5bbc600000, 0x00007f5c5a3d0000)
  from space 323264K,   8% used [0x00007f5c5a3d0000, 0x00007f5c5bfe0d88, 0x00007f5c6df80000)
  to   space 323264K,   0% used [0x00007f5c6df80000, 0x00007f5c6df80000, 0x00007f5c81b30000)
 tenured generation   total 6465812K, used 6448403K [0x00007f6111b50000, 0x00007f629c595000, 0x00007f6bbc600000)
   the space 6465812K,  99% used [0x00007f6111b50000, 0x00007f629b494dc8, 0x00007f629b494e00, 0x00007f629c595000)
 Metaspace       used 24234K, capacity 24645K, committed 24832K, reserved 26624K
}
Event: 4339.582 GC heap before
{Heap before GC invocations=7545 (full 4):
 def new generation   total 2909696K, used 2615171K [0x00007f5bbc600000, 0x00007f5c81b30000, 0x00007f6111b50000)
  eden space 2586432K, 100% used [0x00007f5bbc600000, 0x00007f5c5a3d0000, 0x00007f5c5a3d0000)
  from space 323264K,   8% used [0x00007f5c5a3d0000, 0x00007f5c5bfe0d88, 0x00007f5c6df80000)
  to   space 323264K,   0% used [0x00007f5c6df80000, 0x00007f5c6df80000, 0x00007f5c81b30000)
 tenured generation   total 6465812K, used 6448403K [0x00007f6111b50000, 0x00007f629c595000, 0x00007f6bbc600000)
   the space 6465812K,  99% used [0x00007f6111b50000, 0x00007f629b494dc8, 0x00007f629b494e00, 0x00007f629c595000)
 Metaspace       used 24234K, capacity 24645K, committed 24832K, reserved 26624K
}
Event: 4339.596 GC heap after
{Heap after GC invocations=7546 (full 4):
 def new generation   total 2909696K, used 27919K [0x00007f5bbc600000, 0x00007f5c81b30000, 0x00007f6111b50000)
  eden space 2586432K,   0% used [0x00007f5bbc600000, 0x00007f5bbc600000, 0x00007f5c5a3d0000)
  from space 323264K,   8% used [0x00007f5c6df80000, 0x00007f5c6fac3f98, 0x00007f5c81b30000)
  to   space 323264K,   0% used [0x00007f5c5a3d0000, 0x00007f5c5a3d0000, 0x00007f5c6df80000)
 tenured generation   total 6465812K, used 6450737K [0x00007f6111b50000, 0x00007f629c595000, 0x00007f6bbc600000)
   the space 6465812K,  99% used [0x00007f6111b50000, 0x00007f629b6dc768, 0x00007f629b6dc800, 0x00007f629c595000)
 Metaspace       used 24234K, capacity 24645K, committed 24832K, reserved 26624K
}
Event: 4340.834 GC heap before
{Heap before GC invocations=7546 (full 4):
 def new generation   total 2909696K, used 2614351K [0x00007f5bbc600000, 0x00007f5c81b30000, 0x00007f6111b50000)
  eden space 2586432K, 100% used [0x00007f5bbc600000, 0x00007f5c5a3d0000, 0x00007f5c5a3d0000)
  from space 323264K,   8% used [0x00007f5c6df80000, 0x00007f5c6fac3f98, 0x00007f5c81b30000)
  to   space 323264K,   0% used [0x00007f5c5a3d0000, 0x00007f5c5a3d0000, 0x00007f5c6df80000)
 tenured generation   total 6465812K, used 6450737K [0x00007f6111b50000, 0x00007f629c595000, 0x00007f6bbc600000)
   the space 6465812K,  99% used [0x00007f6111b50000, 0x00007f629b6dc768, 0x00007f629b6dc800, 0x00007f629c595000)
 Metaspace       used 24234K, capacity 24645K, committed 24832K, reserved 26624K
}
Event: 4340.849 GC heap after
{Heap after GC invocations=7547 (full 4):
 def new generation   total 2909696K, used 27230K [0x00007f5bbc600000, 0x00007f5c81b30000, 0x00007f6111b50000)
  eden space 2586432K,   0% used [0x00007f5bbc600000, 0x00007f5bbc600000, 0x00007f5c5a3d0000)
  from space 323264K,   8% used [0x00007f5c5a3d0000, 0x00007f5c5be67950, 0x00007f5c6df80000)
  to   space 323264K,   0% used [0x00007f5c6df80000, 0x00007f5c6df80000, 0x00007f5c81b30000)
 tenured generation   total 6465812K, used 6453443K [0x00007f6111b50000, 0x00007f629c595000, 0x00007f6bbc600000)
   the space 6465812K,  99% used [0x00007f6111b50000, 0x00007f629b980f88, 0x00007f629b981000, 0x00007f629c595000)
 Metaspace       used 24234K, capacity 24645K, committed 24832K, reserved 26624K
}
Event: 4342.056 GC heap before
{Heap before GC invocations=7547 (full 4):
 def new generation   total 2909696K, used 2613662K [0x00007f5bbc600000, 0x00007f5c81b30000, 0x00007f6111b50000)
  eden space 2586432K, 100% used [0x00007f5bbc600000, 0x00007f5c5a3d0000, 0x00007f5c5a3d0000)
  from space 323264K,   8% used [0x00007f5c5a3d0000, 0x00007f5c5be67950, 0x00007f5c6df80000)
  to   space 323264K,   0% used [0x00007f5c6df80000, 0x00007f5c6df80000, 0x00007f5c81b30000)
 tenured generation   total 6465812K, used 6453443K [0x00007f6111b50000, 0x00007f629c595000, 0x00007f6bbc600000)
   the space 6465812K,  99% used [0x00007f6111b50000, 0x00007f629b980f88, 0x00007f629b981000, 0x00007f629c595000)
 Metaspace       used 24234K, capacity 24645K, committed 24832K, reserved 26624K
}
Event: 4342.069 GC heap after
{Heap after GC invocations=7548 (full 4):
 def new generation   total 2909696K, used 26779K [0x00007f5bbc600000, 0x00007f5c81b30000, 0x00007f6111b50000)
  eden space 2586432K,   0% used [0x00007f5bbc600000, 0x00007f5bbc600000, 0x00007f5c5a3d0000)
  from space 323264K,   8% used [0x00007f5c6df80000, 0x00007f5c6f9a6ce0, 0x00007f5c81b30000)
  to   space 323264K,   0% used [0x00007f5c5a3d0000, 0x00007f5c5a3d0000, 0x00007f5c6df80000)
 tenured generation   total 6465812K, used 6454616K [0x00007f6111b50000, 0x00007f629c595000, 0x00007f6bbc600000)
   the space 6465812K,  99% used [0x00007f6111b50000, 0x00007f629baa6390, 0x00007f629baa6400, 0x00007f629c595000)
 Metaspace       used 24234K, capacity 24645K, committed 24832K, reserved 26624K
}
Event: 4343.301 GC heap before
{Heap before GC invocations=7548 (full 4):
 def new generation   total 2909696K, used 2613211K [0x00007f5bbc600000, 0x00007f5c81b30000, 0x00007f6111b50000)
  eden space 2586432K, 100% used [0x00007f5bbc600000, 0x00007f5c5a3d0000, 0x00007f5c5a3d0000)
  from space 323264K,   8% used [0x00007f5c6df80000, 0x00007f5c6f9a6ce0, 0x00007f5c81b30000)
  to   space 323264K,   0% used [0x00007f5c5a3d0000, 0x00007f5c5a3d0000, 0x00007f5c6df80000)
 tenured generation   total 6465812K, used 6454616K [0x00007f6111b50000, 0x00007f629c595000, 0x00007f6bbc600000)
   the space 6465812K,  99% used [0x00007f6111b50000, 0x00007f629baa6390, 0x00007f629baa6400, 0x00007f629c595000)
 Metaspace       used 24234K, capacity 24645K, committed 24832K, reserved 26624K
}
Event: 4343.313 GC heap after
{Heap after GC invocations=7549 (full 4):
 def new generation   total 2909696K, used 26779K [0x00007f5bbc600000, 0x00007f5c81b30000, 0x00007f6111b50000)
  eden space 2586432K,   0% used [0x00007f5bbc600000, 0x00007f5bbc600000, 0x00007f5c5a3d0000)
  from space 323264K,   8% used [0x00007f5c5a3d0000, 0x00007f5c5bdf6c38, 0x00007f5c6df80000)
  to   space 323264K,   0% used [0x00007f5c6df80000, 0x00007f5c6df80000, 0x00007f5c81b30000)
 tenured generation   total 6465812K, used 6455421K [0x00007f6111b50000, 0x00007f629c595000, 0x00007f6bbc600000)
   the space 6465812K,  99% used [0x00007f6111b50000, 0x00007f629bb6f7f8, 0x00007f629bb6f800, 0x00007f629c595000)
 Metaspace       used 24234K, capacity 24645K, committed 24832K, reserved 26624K
}
Event: 4344.590 GC heap before
{Heap before GC invocations=7549 (full 4):
 def new generation   total 2909696K, used 2613211K [0x00007f5bbc600000, 0x00007f5c81b30000, 0x00007f6111b50000)
  eden space 2586432K, 100% used [0x00007f5bbc600000, 0x00007f5c5a3d0000, 0x00007f5c5a3d0000)
  from space 323264K,   8% used [0x00007f5c5a3d0000, 0x00007f5c5bdf6c38, 0x00007f5c6df80000)
  to   space 323264K,   0% used [0x00007f5c6df80000, 0x00007f5c6df80000, 0x00007f5c81b30000)
 tenured generation   total 6465812K, used 6455421K [0x00007f6111b50000, 0x00007f629c595000, 0x00007f6bbc600000)
   the space 6465812K,  99% used [0x00007f6111b50000, 0x00007f629bb6f7f8, 0x00007f629bb6f800, 0x00007f629c595000)
 Metaspace       used 24234K, capacity 24645K, committed 24832K, reserved 26624K
}
Event: 4344.603 GC heap after
{Heap after GC invocations=7550 (full 4):
 def new generation   total 2909696K, used 26180K [0x00007f5bbc600000, 0x00007f5c81b30000, 0x00007f6111b50000)
  eden space 2586432K,   0% used [0x00007f5bbc600000, 0x00007f5bbc600000, 0x00007f5c5a3d0000)
  from space 323264K,   8% used [0x00007f5c6df80000, 0x00007f5c6f911348, 0x00007f5c81b30000)
  to   space 323264K,   0% used [0x00007f5c5a3d0000, 0x00007f5c5a3d0000, 0x00007f5c6df80000)
 tenured generation   total 6465812K, used 6457018K [0x00007f6111b50000, 0x00007f629c595000, 0x00007f6bbc600000)
   the space 6465812K,  99% used [0x00007f6111b50000, 0x00007f629bcfe888, 0x00007f629bcfea00, 0x00007f629c595000)
 Metaspace       used 24234K, capacity 24645K, committed 24832K, reserved 26624K
}
Event: 4345.914 GC heap before
{Heap before GC invocations=7550 (full 4):
 def new generation   total 2909696K, used 2612612K [0x00007f5bbc600000, 0x00007f5c81b30000, 0x00007f6111b50000)
  eden space 2586432K, 100% used [0x00007f5bbc600000, 0x00007f5c5a3d0000, 0x00007f5c5a3d0000)
  from space 323264K,   8% used [0x00007f5c6df80000, 0x00007f5c6f911348, 0x00007f5c81b30000)
  to   space 323264K,   0% used [0x00007f5c5a3d0000, 0x00007f5c5a3d0000, 0x00007f5c6df80000)
 tenured generation   total 6465812K, used 6457018K [0x00007f6111b50000, 0x00007f629c595000, 0x00007f6bbc600000)
   the space 6465812K,  99% used [0x00007f6111b50000, 0x00007f629bcfe888, 0x00007f629bcfea00, 0x00007f629c595000)
 Metaspace       used 24234K, capacity 24645K, committed 24832K, reserved 26624K
}
Event: 4345.927 GC heap after
{Heap after GC invocations=7551 (full 4):
 def new generation   total 2909696K, used 24067K [0x00007f5bbc600000, 0x00007f5c81b30000, 0x00007f6111b50000)
  eden space 2586432K,   0% used [0x00007f5bbc600000, 0x00007f5bbc600000, 0x00007f5c5a3d0000)
  from space 323264K,   7% used [0x00007f5c5a3d0000, 0x00007f5c5bb50d60, 0x00007f5c6df80000)
  to   space 323264K,   0% used [0x00007f5c6df80000, 0x00007f5c6df80000, 0x00007f5c81b30000)
 tenured generation   total 6465812K, used 6460566K [0x00007f6111b50000, 0x00007f629c595000, 0x00007f6bbc600000)
   the space 6465812K,  99% used [0x00007f6111b50000, 0x00007f629c075950, 0x00007f629c075a00, 0x00007f629c595000)
 Metaspace       used 24234K, capacity 24645K, committed 24832K, reserved 26624K
}
Event: 4347.241 GC heap before
{Heap before GC invocations=7551 (full 4):
 def new generation   total 2909696K, used 2610499K [0x00007f5bbc600000, 0x00007f5c81b30000, 0x00007f6111b50000)
  eden space 2586432K, 100% used [0x00007f5bbc600000, 0x00007f5c5a3d0000, 0x00007f5c5a3d0000)
  from space 323264K,   7% used [0x00007f5c5a3d0000, 0x00007f5c5bb50d60, 0x00007f5c6df80000)
  to   space 323264K,   0% used [0x00007f5c6df80000, 0x00007f5c6df80000, 0x00007f5c81b30000)
 tenured generation   total 6465812K, used 6460566K [0x00007f6111b50000, 0x00007f629c595000, 0x00007f6bbc600000)
   the space 6465812K,  99% used [0x00007f6111b50000, 0x00007f629c075950, 0x00007f629c075a00, 0x00007f629c595000)
 Metaspace       used 24234K, capacity 24645K, committed 24832K, reserved 26624K
}
Event: 4347.255 GC heap after
{Heap after GC invocations=7552 (full 4):
 def new generation   total 2909696K, used 21920K [0x00007f5bbc600000, 0x00007f5c81b30000, 0x00007f6111b50000)
  eden space 2586432K,   0% used [0x00007f5bbc600000, 0x00007f5bbc600000, 0x00007f5c5a3d0000)
  from space 323264K,   6% used [0x00007f5c6df80000, 0x00007f5c6f4e8110, 0x00007f5c81b30000)
  to   space 323264K,   0% used [0x00007f5c5a3d0000, 0x00007f5c5a3d0000, 0x00007f5c6df80000)
 tenured generation   total 6465812K, used 6465065K [0x00007f6111b50000, 0x00007f629c595000, 0x00007f6bbc600000)
   the space 6465812K,  99% used [0x00007f6111b50000, 0x00007f629c4da7d0, 0x00007f629c4da800, 0x00007f629c595000)
 Metaspace       used 24234K, capacity 24645K, committed 24832K, reserved 26624K
}
Event: 4348.559 GC heap before
{Heap before GC invocations=7552 (full 4):
 def new generation   total 2909696K, used 2608352K [0x00007f5bbc600000, 0x00007f5c81b30000, 0x00007f6111b50000)
  eden space 2586432K, 100% used [0x00007f5bbc600000, 0x00007f5c5a3d0000, 0x00007f5c5a3d0000)
  from space 323264K,   6% used [0x00007f5c6df80000, 0x00007f5c6f4e8110, 0x00007f5c81b30000)
  to   space 323264K,   0% used [0x00007f5c5a3d0000, 0x00007f5c5a3d0000, 0x00007f5c6df80000)
 tenured generation   total 6465812K, used 6465065K [0x00007f6111b50000, 0x00007f629c595000, 0x00007f6bbc600000)
   the space 6465812K,  99% used [0x00007f6111b50000, 0x00007f629c4da7d0, 0x00007f629c4da800, 0x00007f629c595000)
 Metaspace       used 24234K, capacity 24645K, committed 24832K, reserved 26624K
}
Event: 4348.571 GC heap after
{Heap after GC invocations=7553 (full 4):
 def new generation   total 2909696K, used 24666K [0x00007f5bbc600000, 0x00007f5c81b30000, 0x00007f6111b50000)
  eden space 2586432K,   0% used [0x00007f5bbc600000, 0x00007f5bbc600000, 0x00007f5c5a3d0000)
  from space 323264K,   7% used [0x00007f5c5a3d0000, 0x00007f5c5bbe6b60, 0x00007f5c6df80000)
  to   space 323264K,   0% used [0x00007f5c6df80000, 0x00007f5c6df80000, 0x00007f5c81b30000)
 tenured generation   total 6466004K, used 6465923K [0x00007f6111b50000, 0x00007f629c5c5000, 0x00007f6bbc600000)
   the space 6466004K,  99% used [0x00007f6111b50000, 0x00007f629c5b0c18, 0x00007f629c5b0e00, 0x00007f629c5c5000)
 Metaspace       used 24234K, capacity 24645K, committed 24832K, reserved 26624K
}
Event: 4348.571 GC heap before
{Heap before GC invocations=7553 (full 4):
 def new generation   total 2909696K, used 24666K [0x00007f5bbc600000, 0x00007f5c81b30000, 0x00007f6111b50000)
  eden space 2586432K,   0% used [0x00007f5bbc600000, 0x00007f5bbc600000, 0x00007f5c5a3d0000)
  from space 323264K,   7% used [0x00007f5c5a3d0000, 0x00007f5c5bbe6b60, 0x00007f5c6df80000)
  to   space 323264K,   0% used [0x00007f5c6df80000, 0x00007f5c6df80000, 0x00007f5c81b30000)
 tenured generation   total 6466004K, used 6465923K [0x00007f6111b50000, 0x00007f629c5c5000, 0x00007f6bbc600000)
   the space 6466004K,  99% used [0x00007f6111b50000, 0x00007f629c5b0c18, 0x00007f629c5b0e00, 0x00007f629c5c5000)
 Metaspace       used 24234K, capacity 24645K, committed 24832K, reserved 26624K
}

