# JRE version: OpenJDK Runtime Environment (13.0.7+5) (build 13.0.7+5-Ubuntu-0ubuntu120.04)
# Java VM: OpenJDK 64-Bit Server VM (13.0.7+5-Ubuntu-0ubuntu120.04, mixed mode, tiered, serial gc, linux-amd64)
Heap:
 def new generation   total 629248K, used 1830K [0x00007f6020600000, 0x00007f604b0c0000, 0x00007f6575b50000)
  eden space 559360K,   0% used [0x00007f6020600000, 0x00007f60207c9af8, 0x00007f6042840000)
  from space 69888K,   0% used [0x00007f6046c80000, 0x00007f6046c80000, 0x00007f604b0c0000)
  to   space 69888K,   0% used [0x00007f6042840000, 0x00007f6042840000, 0x00007f6046c80000)
 tenured generation   total 1398336K, used 1398335K [0x00007f6575b50000, 0x00007f65cb0e0000, 0x00007f7020600000)
   the space 1398336K,  99% used [0x00007f6575b50000, 0x00007f65cb0dffe0, 0x00007f65cb0e0000, 0x00007f65cb0e0000)
 Metaspace       used 24333K, capacity 24751K, committed 24832K, reserved 26624K
GC Heap History (20 events):
Event: 5294.342 GC heap after
{Heap after GC invocations=9831 (full 1):
 def new generation   total 629248K, used 1904K [0x00007f6020600000, 0x00007f604b0c0000, 0x00007f6575b50000)
  eden space 559360K,   0% used [0x00007f6020600000, 0x00007f6020600000, 0x00007f6042840000)
  from space 69888K,   2% used [0x00007f6042840000, 0x00007f6042a1c278, 0x00007f6046c80000)
  to   space 69888K,   0% used [0x00007f6046c80000, 0x00007f6046c80000, 0x00007f604b0c0000)
 tenured generation   total 1398144K, used 1397060K [0x00007f6575b50000, 0x00007f65cb0b0000, 0x00007f7020600000)
   the space 1398144K,  99% used [0x00007f6575b50000, 0x00007f65cafa10b0, 0x00007f65cafa1200, 0x00007f65cb0b0000)
 Metaspace       used 24333K, capacity 24751K, committed 24832K, reserved 26624K
}
Event: 5294.883 GC heap before
{Heap before GC invocations=9831 (full 1):
 def new generation   total 629248K, used 561264K [0x00007f6020600000, 0x00007f604b0c0000, 0x00007f6575b50000)
  eden space 559360K, 100% used [0x00007f6020600000, 0x00007f6042840000, 0x00007f6042840000)
  from space 69888K,   2% used [0x00007f6042840000, 0x00007f6042a1c278, 0x00007f6046c80000)
  to   space 69888K,   0% used [0x00007f6046c80000, 0x00007f6046c80000, 0x00007f604b0c0000)
 tenured generation   total 1398144K, used 1397060K [0x00007f6575b50000, 0x00007f65cb0b0000, 0x00007f7020600000)
   the space 1398144K,  99% used [0x00007f6575b50000, 0x00007f65cafa10b0, 0x00007f65cafa1200, 0x00007f65cb0b0000)
 Metaspace       used 24333K, capacity 24751K, committed 24832K, reserved 26624K
}
Event: 5294.889 GC heap after
{Heap after GC invocations=9832 (full 1):
 def new generation   total 629248K, used 1926K [0x00007f6020600000, 0x00007f604b0c0000, 0x00007f6575b50000)
  eden space 559360K,   0% used [0x00007f6020600000, 0x00007f6020600000, 0x00007f6042840000)
  from space 69888K,   2% used [0x00007f6046c80000, 0x00007f6046e619b0, 0x00007f604b0c0000)
  to   space 69888K,   0% used [0x00007f6042840000, 0x00007f6042840000, 0x00007f6046c80000)
 tenured generation   total 1398144K, used 1397167K [0x00007f6575b50000, 0x00007f65cb0b0000, 0x00007f7020600000)
   the space 1398144K,  99% used [0x00007f6575b50000, 0x00007f65cafbbc40, 0x00007f65cafbbe00, 0x00007f65cb0b0000)
 Metaspace       used 24333K, capacity 24751K, committed 24832K, reserved 26624K
}
Event: 5295.417 GC heap before
{Heap before GC invocations=9832 (full 1):
 def new generation   total 629248K, used 561286K [0x00007f6020600000, 0x00007f604b0c0000, 0x00007f6575b50000)
  eden space 559360K, 100% used [0x00007f6020600000, 0x00007f6042840000, 0x00007f6042840000)
  from space 69888K,   2% used [0x00007f6046c80000, 0x00007f6046e619b0, 0x00007f604b0c0000)
  to   space 69888K,   0% used [0x00007f6042840000, 0x00007f6042840000, 0x00007f6046c80000)
 tenured generation   total 1398144K, used 1397167K [0x00007f6575b50000, 0x00007f65cb0b0000, 0x00007f7020600000)
   the space 1398144K,  99% used [0x00007f6575b50000, 0x00007f65cafbbc40, 0x00007f65cafbbe00, 0x00007f65cb0b0000)
 Metaspace       used 24333K, capacity 24751K, committed 24832K, reserved 26624K
}
Event: 5295.424 GC heap after
{Heap after GC invocations=9833 (full 1):
 def new generation   total 629248K, used 1928K [0x00007f6020600000, 0x00007f604b0c0000, 0x00007f6575b50000)
  eden space 559360K,   0% used [0x00007f6020600000, 0x00007f6020600000, 0x00007f6042840000)
  from space 69888K,   2% used [0x00007f6042840000, 0x00007f6042a22310, 0x00007f6046c80000)
  to   space 69888K,   0% used [0x00007f6046c80000, 0x00007f6046c80000, 0x00007f604b0c0000)
 tenured generation   total 1398144K, used 1397294K [0x00007f6575b50000, 0x00007f65cb0b0000, 0x00007f7020600000)
   the space 1398144K,  99% used [0x00007f6575b50000, 0x00007f65cafdbaa0, 0x00007f65cafdbc00, 0x00007f65cb0b0000)
 Metaspace       used 24333K, capacity 24751K, committed 24832K, reserved 26624K
}
Event: 5295.918 GC heap before
{Heap before GC invocations=9833 (full 1):
 def new generation   total 629248K, used 561288K [0x00007f6020600000, 0x00007f604b0c0000, 0x00007f6575b50000)
  eden space 559360K, 100% used [0x00007f6020600000, 0x00007f6042840000, 0x00007f6042840000)
  from space 69888K,   2% used [0x00007f6042840000, 0x00007f6042a22310, 0x00007f6046c80000)
  to   space 69888K,   0% used [0x00007f6046c80000, 0x00007f6046c80000, 0x00007f604b0c0000)
 tenured generation   total 1398144K, used 1397294K [0x00007f6575b50000, 0x00007f65cb0b0000, 0x00007f7020600000)
   the space 1398144K,  99% used [0x00007f6575b50000, 0x00007f65cafdbaa0, 0x00007f65cafdbc00, 0x00007f65cb0b0000)
 Metaspace       used 24333K, capacity 24751K, committed 24832K, reserved 26624K
}
Event: 5295.923 GC heap after
{Heap after GC invocations=9834 (full 1):
 def new generation   total 629248K, used 1927K [0x00007f6020600000, 0x00007f604b0c0000, 0x00007f6575b50000)
  eden space 559360K,   0% used [0x00007f6020600000, 0x00007f6020600000, 0x00007f6042840000)
  from space 69888K,   2% used [0x00007f6046c80000, 0x00007f6046e61ca0, 0x00007f604b0c0000)
  to   space 69888K,   0% used [0x00007f6042840000, 0x00007f6042840000, 0x00007f6046c80000)
 tenured generation   total 1398144K, used 1397421K [0x00007f6575b50000, 0x00007f65cb0b0000, 0x00007f7020600000)
   the space 1398144K,  99% used [0x00007f6575b50000, 0x00007f65caffb6c0, 0x00007f65caffb800, 0x00007f65cb0b0000)
 Metaspace       used 24333K, capacity 24751K, committed 24832K, reserved 26624K
}
Event: 5296.444 GC heap before
{Heap before GC invocations=9834 (full 1):
 def new generation   total 629248K, used 561287K [0x00007f6020600000, 0x00007f604b0c0000, 0x00007f6575b50000)
  eden space 559360K, 100% used [0x00007f6020600000, 0x00007f6042840000, 0x00007f6042840000)
  from space 69888K,   2% used [0x00007f6046c80000, 0x00007f6046e61ca0, 0x00007f604b0c0000)
  to   space 69888K,   0% used [0x00007f6042840000, 0x00007f6042840000, 0x00007f6046c80000)
 tenured generation   total 1398144K, used 1397421K [0x00007f6575b50000, 0x00007f65cb0b0000, 0x00007f7020600000)
   the space 1398144K,  99% used [0x00007f6575b50000, 0x00007f65caffb6c0, 0x00007f65caffb800, 0x00007f65cb0b0000)
 Metaspace       used 24333K, capacity 24751K, committed 24832K, reserved 26624K
}
Event: 5296.451 GC heap after
{Heap after GC invocations=9835 (full 1):
 def new generation   total 629248K, used 1928K [0x00007f6020600000, 0x00007f604b0c0000, 0x00007f6575b50000)
  eden space 559360K,   0% used [0x00007f6020600000, 0x00007f6020600000, 0x00007f6042840000)
  from space 69888K,   2% used [0x00007f6042840000, 0x00007f6042a22300, 0x00007f6046c80000)
  to   space 69888K,   0% used [0x00007f6046c80000, 0x00007f6046c80000, 0x00007f604b0c0000)
 tenured generation   total 1398144K, used 1397549K [0x00007f6575b50000, 0x00007f65cb0b0000, 0x00007f7020600000)
   the space 1398144K,  99% used [0x00007f6575b50000, 0x00007f65cb01b520, 0x00007f65cb01b600, 0x00007f65cb0b0000)
 Metaspace       used 24333K, capacity 24751K, committed 24832K, reserved 26624K
}
Event: 5296.951 GC heap before
{Heap before GC invocations=9835 (full 1):
 def new generation   total 629248K, used 561288K [0x00007f6020600000, 0x00007f604b0c0000, 0x00007f6575b50000)
  eden space 559360K, 100% used [0x00007f6020600000, 0x00007f6042840000, 0x00007f6042840000)
  from space 69888K,   2% used [0x00007f6042840000, 0x00007f6042a22300, 0x00007f6046c80000)
  to   space 69888K,   0% used [0x00007f6046c80000, 0x00007f6046c80000, 0x00007f604b0c0000)
 tenured generation   total 1398144K, used 1397549K [0x00007f6575b50000, 0x00007f65cb0b0000, 0x00007f7020600000)
   the space 1398144K,  99% used [0x00007f6575b50000, 0x00007f65cb01b520, 0x00007f65cb01b600, 0x00007f65cb0b0000)
 Metaspace       used 24333K, capacity 24751K, committed 24832K, reserved 26624K
}
Event: 5296.957 GC heap after
{Heap after GC invocations=9836 (full 1):
 def new generation   total 629248K, used 1927K [0x00007f6020600000, 0x00007f604b0c0000, 0x00007f6575b50000)
  eden space 559360K,   0% used [0x00007f6020600000, 0x00007f6020600000, 0x00007f6042840000)
  from space 69888K,   2% used [0x00007f6046c80000, 0x00007f6046e61cf0, 0x00007f604b0c0000)
  to   space 69888K,   0% used [0x00007f6042840000, 0x00007f6042840000, 0x00007f6046c80000)
 tenured generation   total 1398144K, used 1397676K [0x00007f6575b50000, 0x00007f65cb0b0000, 0x00007f7020600000)
   the space 1398144K,  99% used [0x00007f6575b50000, 0x00007f65cb03b380, 0x00007f65cb03b400, 0x00007f65cb0b0000)
 Metaspace       used 24333K, capacity 24751K, committed 24832K, reserved 26624K
}
Event: 5297.472 GC heap before
{Heap before GC invocations=9836 (full 1):
 def new generation   total 629248K, used 561287K [0x00007f6020600000, 0x00007f604b0c0000, 0x00007f6575b50000)
  eden space 559360K, 100% used [0x00007f6020600000, 0x00007f6042840000, 0x00007f6042840000)
  from space 69888K,   2% used [0x00007f6046c80000, 0x00007f6046e61cf0, 0x00007f604b0c0000)
  to   space 69888K,   0% used [0x00007f6042840000, 0x00007f6042840000, 0x00007f6046c80000)
 tenured generation   total 1398144K, used 1397676K [0x00007f6575b50000, 0x00007f65cb0b0000, 0x00007f7020600000)
   the space 1398144K,  99% used [0x00007f6575b50000, 0x00007f65cb03b380, 0x00007f65cb03b400, 0x00007f65cb0b0000)
 Metaspace       used 24333K, capacity 24751K, committed 24832K, reserved 26624K
}
Event: 5297.478 GC heap after
{Heap after GC invocations=9837 (full 1):
 def new generation   total 629248K, used 1923K [0x00007f6020600000, 0x00007f604b0c0000, 0x00007f6575b50000)
  eden space 559360K,   0% used [0x00007f6020600000, 0x00007f6020600000, 0x00007f6042840000)
  from space 69888K,   2% used [0x00007f6042840000, 0x00007f6042a20d38, 0x00007f6046c80000)
  to   space 69888K,   0% used [0x00007f6046c80000, 0x00007f6046c80000, 0x00007f604b0c0000)
 tenured generation   total 1398144K, used 1397804K [0x00007f6575b50000, 0x00007f65cb0b0000, 0x00007f7020600000)
   the space 1398144K,  99% used [0x00007f6575b50000, 0x00007f65cb05b1e0, 0x00007f65cb05b200, 0x00007f65cb0b0000)
 Metaspace       used 24333K, capacity 24751K, committed 24832K, reserved 26624K
}
Event: 5298.004 GC heap before
{Heap before GC invocations=9837 (full 1):
 def new generation   total 629248K, used 561283K [0x00007f6020600000, 0x00007f604b0c0000, 0x00007f6575b50000)
  eden space 559360K, 100% used [0x00007f6020600000, 0x00007f6042840000, 0x00007f6042840000)
  from space 69888K,   2% used [0x00007f6042840000, 0x00007f6042a20d38, 0x00007f6046c80000)
  to   space 69888K,   0% used [0x00007f6046c80000, 0x00007f6046c80000, 0x00007f604b0c0000)
 tenured generation   total 1398144K, used 1397804K [0x00007f6575b50000, 0x00007f65cb0b0000, 0x00007f7020600000)
   the space 1398144K,  99% used [0x00007f6575b50000, 0x00007f65cb05b1e0, 0x00007f65cb05b200, 0x00007f65cb0b0000)
 Metaspace       used 24333K, capacity 24751K, committed 24832K, reserved 26624K
}
Event: 5298.011 GC heap after
{Heap after GC invocations=9838 (full 1):
 def new generation   total 629248K, used 1913K [0x00007f6020600000, 0x00007f604b0c0000, 0x00007f6575b50000)
  eden space 559360K,   0% used [0x00007f6020600000, 0x00007f6020600000, 0x00007f6042840000)
  from space 69888K,   2% used [0x00007f6046c80000, 0x00007f6046e5e5f8, 0x00007f604b0c0000)
  to   space 69888K,   0% used [0x00007f6042840000, 0x00007f6042840000, 0x00007f6046c80000)
 tenured generation   total 1398144K, used 1397932K [0x00007f6575b50000, 0x00007f65cb0b0000, 0x00007f7020600000)
   the space 1398144K,  99% used [0x00007f6575b50000, 0x00007f65cb07b040, 0x00007f65cb07b200, 0x00007f65cb0b0000)
 Metaspace       used 24333K, capacity 24751K, committed 24832K, reserved 26624K
}
Event: 5298.515 GC heap before
{Heap before GC invocations=9838 (full 1):
 def new generation   total 629248K, used 561273K [0x00007f6020600000, 0x00007f604b0c0000, 0x00007f6575b50000)
  eden space 559360K, 100% used [0x00007f6020600000, 0x00007f6042840000, 0x00007f6042840000)
  from space 69888K,   2% used [0x00007f6046c80000, 0x00007f6046e5e5f8, 0x00007f604b0c0000)
  to   space 69888K,   0% used [0x00007f6042840000, 0x00007f6042840000, 0x00007f6046c80000)
 tenured generation   total 1398144K, used 1397932K [0x00007f6575b50000, 0x00007f65cb0b0000, 0x00007f7020600000)
   the space 1398144K,  99% used [0x00007f6575b50000, 0x00007f65cb07b040, 0x00007f65cb07b200, 0x00007f65cb0b0000)
 Metaspace       used 24333K, capacity 24751K, committed 24832K, reserved 26624K
}
Event: 5298.521 GC heap after
{Heap after GC invocations=9839 (full 1):
 def new generation   total 629248K, used 1945K [0x00007f6020600000, 0x00007f604b0c0000, 0x00007f6575b50000)
  eden space 559360K,   0% used [0x00007f6020600000, 0x00007f6020600000, 0x00007f6042840000)
  from space 69888K,   2% used [0x00007f6042840000, 0x00007f6042a265b8, 0x00007f6046c80000)
  to   space 69888K,   0% used [0x00007f6046c80000, 0x00007f6046c80000, 0x00007f604b0c0000)
 tenured generation   total 1398144K, used 1398059K [0x00007f6575b50000, 0x00007f65cb0b0000, 0x00007f7020600000)
   the space 1398144K,  99% used [0x00007f6575b50000, 0x00007f65cb09aea0, 0x00007f65cb09b000, 0x00007f65cb0b0000)
 Metaspace       used 24333K, capacity 24751K, committed 24832K, reserved 26624K
}
Event: 5299.052 GC heap before
{Heap before GC invocations=9839 (full 1):
 def new generation   total 629248K, used 561305K [0x00007f6020600000, 0x00007f604b0c0000, 0x00007f6575b50000)
  eden space 559360K, 100% used [0x00007f6020600000, 0x00007f6042840000, 0x00007f6042840000)
  from space 69888K,   2% used [0x00007f6042840000, 0x00007f6042a265b8, 0x00007f6046c80000)
  to   space 69888K,   0% used [0x00007f6046c80000, 0x00007f6046c80000, 0x00007f604b0c0000)
 tenured generation   total 1398144K, used 1398059K [0x00007f6575b50000, 0x00007f65cb0b0000, 0x00007f7020600000)
   the space 1398144K,  99% used [0x00007f6575b50000, 0x00007f65cb09aea0, 0x00007f65cb09b000, 0x00007f65cb0b0000)
 Metaspace       used 24333K, capacity 24751K, committed 24832K, reserved 26624K
}
Event: 5299.060 GC heap after
{Heap after GC invocations=9840 (full 1):
 def new generation   total 629248K, used 1979K [0x00007f6020600000, 0x00007f604b0c0000, 0x00007f6575b50000)
  eden space 559360K,   0% used [0x00007f6020600000, 0x00007f6020600000, 0x00007f6042840000)
  from space 69888K,   2% used [0x00007f6046c80000, 0x00007f6046e6edd8, 0x00007f604b0c0000)
  to   space 69888K,   0% used [0x00007f6042840000, 0x00007f6042840000, 0x00007f6046c80000)
 tenured generation   total 1398336K, used 1398187K [0x00007f6575b50000, 0x00007f65cb0e0000, 0x00007f7020600000)
   the space 1398336K,  99% used [0x00007f6575b50000, 0x00007f65cb0bad00, 0x00007f65cb0bae00, 0x00007f65cb0e0000)
 Metaspace       used 24333K, capacity 24751K, committed 24832K, reserved 26624K
}
Event: 5299.060 GC heap before
{Heap before GC invocations=9840 (full 1):
 def new generation   total 629248K, used 1979K [0x00007f6020600000, 0x00007f604b0c0000, 0x00007f6575b50000)
  eden space 559360K,   0% used [0x00007f6020600000, 0x00007f6020600000, 0x00007f6042840000)
  from space 69888K,   2% used [0x00007f6046c80000, 0x00007f6046e6edd8, 0x00007f604b0c0000)
  to   space 69888K,   0% used [0x00007f6042840000, 0x00007f6042840000, 0x00007f6046c80000)
 tenured generation   total 1398336K, used 1398187K [0x00007f6575b50000, 0x00007f65cb0e0000, 0x00007f7020600000)
   the space 1398336K,  99% used [0x00007f6575b50000, 0x00007f65cb0bad00, 0x00007f65cb0bae00, 0x00007f65cb0e0000)
 Metaspace       used 24333K, capacity 24751K, committed 24832K, reserved 26624K
}

