# JRE version: OpenJDK Runtime Environment (13.0.7+5) (build 13.0.7+5-Ubuntu-0ubuntu120.04)
# Java VM: OpenJDK 64-Bit Server VM (13.0.7+5-Ubuntu-0ubuntu120.04, mixed mode, tiered, serial gc, linux-amd64)
Heap:
 def new generation   total 6691968K, used 4310730K [0x00007fe0bc600000, 0x00007fe282330000, 0x00007fe611b50000)
  eden space 5948480K,  72% used [0x00007fe0bc600000, 0x00007fe1c37b2600, 0x00007fe227710000)
  from space 743488K,   0% used [0x00007fe254d20000, 0x00007fe254d20200, 0x00007fe282330000)
  to   space 743488K,   0% used [0x00007fe227710000, 0x00007fe227710318, 0x00007fe254d20000)
 tenured generation   total 14870792K, used 14043488K [0x00007fe611b50000, 0x00007fe99d592000, 0x00007ff0bc600000)
   the space 14870792K,  94% used [0x00007fe611b50000, 0x00007fe96ada8080, 0x00007fe96ada8200, 0x00007fe99d592000)
 Metaspace       used 23312K, capacity 23661K, committed 23808K, reserved 24576K
GC Heap History (20 events):
Event: 56.081 GC heap after
{Heap after GC invocations=15 (full 7):
 def new generation   total 6691840K, used 0K [0x00007fe0bc600000, 0x00007fe282310000, 0x00007fe611b50000)
  eden space 5948352K,   0% used [0x00007fe0bc600000, 0x00007fe0bc600000, 0x00007fe2276f0000)
  from space 743488K,   0% used [0x00007fe2276f0000, 0x00007fe2276f0000, 0x00007fe254d00000)
  to   space 743488K,   0% used [0x00007fe254d00000, 0x00007fe254d00000, 0x00007fe282310000)
 tenured generation   total 14870548K, used 8398720K [0x00007fe611b50000, 0x00007fe99d555000, 0x00007ff0bc600000)
   the space 14870548K,  56% used [0x00007fe611b50000, 0x00007fe812530158, 0x00007fe812530200, 0x00007fe99d555000)
 Metaspace       used 23290K, capacity 23657K, committed 23808K, reserved 24576K
}
Event: 60.066 GC heap before
{Heap before GC invocations=15 (full 7):
 def new generation   total 6691840K, used 5883339K [0x00007fe0bc600000, 0x00007fe282310000, 0x00007fe611b50000)
  eden space 5948352K,  98% used [0x00007fe0bc600000, 0x00007fe223772f78, 0x00007fe2276f0000)
  from space 743488K,   0% used [0x00007fe2276f0000, 0x00007fe2276f0000, 0x00007fe254d00000)
  to   space 743488K,   0% used [0x00007fe254d00000, 0x00007fe254d00000, 0x00007fe282310000)
 tenured generation   total 14870548K, used 8398720K [0x00007fe611b50000, 0x00007fe99d555000, 0x00007ff0bc600000)
   the space 14870548K,  56% used [0x00007fe611b50000, 0x00007fe812530158, 0x00007fe812530200, 0x00007fe99d555000)
 Metaspace       used 23290K, capacity 23657K, committed 23808K, reserved 24576K
}
Event: 60.208 GC heap after
{Heap after GC invocations=16 (full 7):
 def new generation   total 6691840K, used 524289K [0x00007fe0bc600000, 0x00007fe282310000, 0x00007fe611b50000)
  eden space 5948352K,   0% used [0x00007fe0bc600000, 0x00007fe0bc600000, 0x00007fe2276f0000)
  from space 743488K,  70% used [0x00007fe254d00000, 0x00007fe274d00690, 0x00007fe282310000)
  to   space 743488K,   0% used [0x00007fe2276f0000, 0x00007fe2276f0000, 0x00007fe254d00000)
 tenured generation   total 14870548K, used 8923008K [0x00007fe611b50000, 0x00007fe99d555000, 0x00007ff0bc600000)
   the space 14870548K,  60% used [0x00007fe611b50000, 0x00007fe832530170, 0x00007fe832530200, 0x00007fe99d555000)
 Metaspace       used 23290K, capacity 23657K, committed 23808K, reserved 24576K
}
Event: 60.836 GC heap before
{Heap before GC invocations=16 (full 7):
 def new generation   total 6691840K, used 1820265K [0x00007fe0bc600000, 0x00007fe282310000, 0x00007fe611b50000)
  eden space 5948352K,  21% used [0x00007fe0bc600000, 0x00007fe10b799fe8, 0x00007fe2276f0000)
  from space 743488K,  70% used [0x00007fe254d00000, 0x00007fe274d00690, 0x00007fe282310000)
  to   space 743488K,   0% used [0x00007fe2276f0000, 0x00007fe2276f0000, 0x00007fe254d00000)
 tenured generation   total 14870548K, used 8923008K [0x00007fe611b50000, 0x00007fe99d555000, 0x00007ff0bc600000)
   the space 14870548K,  60% used [0x00007fe611b50000, 0x00007fe832530170, 0x00007fe832530200, 0x00007fe99d555000)
 Metaspace       used 23291K, capacity 23657K, committed 23808K, reserved 24576K
}
Event: 61.130 GC heap after
{Heap after GC invocations=17 (full 7):
 def new generation   total 6691840K, used 532599K [0x00007fe0bc600000, 0x00007fe282310000, 0x00007fe611b50000)
  eden space 5948352K,   0% used [0x00007fe0bc600000, 0x00007fe0bc600000, 0x00007fe2276f0000)
  from space 743488K,  71% used [0x00007fe2276f0000, 0x00007fe247f0deb8, 0x00007fe254d00000)
  to   space 743488K,   0% used [0x00007fe254d00000, 0x00007fe254d00000, 0x00007fe282310000)
 tenured generation   total 14870548K, used 9840513K [0x00007fe611b50000, 0x00007fe99d555000, 0x00007ff0bc600000)
   the space 14870548K,  66% used [0x00007fe611b50000, 0x00007fe86a5305a8, 0x00007fe86a530600, 0x00007fe99d555000)
 Metaspace       used 23291K, capacity 23657K, committed 23808K, reserved 24576K
}
Event: 61.130 GC heap before
{Heap before GC invocations=17 (full 7):
 def new generation   total 6691840K, used 532599K [0x00007fe0bc600000, 0x00007fe282310000, 0x00007fe611b50000)
  eden space 5948352K,   0% used [0x00007fe0bc600000, 0x00007fe0bc600000, 0x00007fe2276f0000)
  from space 743488K,  71% used [0x00007fe2276f0000, 0x00007fe247f0deb8, 0x00007fe254d00000)
  to   space 743488K,   0% used [0x00007fe254d00000, 0x00007fe254d00000, 0x00007fe282310000)
 tenured generation   total 14870548K, used 9840513K [0x00007fe611b50000, 0x00007fe99d555000, 0x00007ff0bc600000)
   the space 14870548K,  66% used [0x00007fe611b50000, 0x00007fe86a5305a8, 0x00007fe86a530600, 0x00007fe99d555000)
 Metaspace       used 23291K, capacity 23657K, committed 23808K, reserved 24576K
}
Event: 61.296 GC heap after
{Heap after GC invocations=17 (full 8):
 def new generation   total 6691840K, used 0K [0x00007fe0bc600000, 0x00007fe282310000, 0x00007fe611b50000)
  eden space 5948352K,   0% used [0x00007fe0bc600000, 0x00007fe0bc600000, 0x00007fe2276f0000)
  from space 743488K,   0% used [0x00007fe2276f0000, 0x00007fe2276f0000, 0x00007fe254d00000)
  to   space 743488K,   0% used [0x00007fe254d00000, 0x00007fe254d00000, 0x00007fe282310000)
 tenured generation   total 14870548K, used 1058153K [0x00007fe611b50000, 0x00007fe99d555000, 0x00007ff0bc600000)
   the space 14870548K,   7% used [0x00007fe611b50000, 0x00007fe6524aa768, 0x00007fe6524aa800, 0x00007fe99d555000)
 Metaspace       used 23291K, capacity 23657K, committed 23808K, reserved 24576K
}
Event: 70.062 GC heap before
{Heap before GC invocations=17 (full 8):
 def new generation   total 6691840K, used 4310631K [0x00007fe0bc600000, 0x00007fe282310000, 0x00007fe611b50000)
  eden space 5948352K,  72% used [0x00007fe0bc600000, 0x00007fe1c3799fb8, 0x00007fe2276f0000)
  from space 743488K,   0% used [0x00007fe2276f0000, 0x00007fe2276f0000, 0x00007fe254d00000)
  to   space 743488K,   0% used [0x00007fe254d00000, 0x00007fe254d00000, 0x00007fe282310000)
 tenured generation   total 14870548K, used 9446761K [0x00007fe611b50000, 0x00007fe99d555000, 0x00007ff0bc600000)
   the space 14870548K,  63% used [0x00007fe611b50000, 0x00007fe8524aa780, 0x00007fe8524aa800, 0x00007fe99d555000)
 Metaspace       used 23291K, capacity 23657K, committed 23808K, reserved 24576K
}
Event: 70.601 GC heap after
{Heap after GC invocations=18 (full 8):
 def new generation   total 6691840K, used 0K [0x00007fe0bc600000, 0x00007fe282310000, 0x00007fe611b50000)
  eden space 5948352K,   0% used [0x00007fe0bc600000, 0x00007fe0bc600000, 0x00007fe2276f0000)
  from space 743488K,   0% used [0x00007fe254d00000, 0x00007fe254d00388, 0x00007fe282310000)
  to   space 743488K,   0% used [0x00007fe2276f0000, 0x00007fe2276f0000, 0x00007fe254d00000)
 tenured generation   total 14870548K, used 13641065K [0x00007fe611b50000, 0x00007fe99d555000, 0x00007ff0bc600000)
   the space 14870548K,  91% used [0x00007fe611b50000, 0x00007fe9524aa798, 0x00007fe9524aa800, 0x00007fe99d555000)
 Metaspace       used 23291K, capacity 23657K, committed 23808K, reserved 24576K
}
Event: 71.586 GC heap before
{Heap before GC invocations=18 (full 8):
 def new generation   total 6691840K, used 4311556K [0x00007fe0bc600000, 0x00007fe282310000, 0x00007fe611b50000)
  eden space 5948352K,  72% used [0x00007fe0bc600000, 0x00007fe1c3880ea0, 0x00007fe2276f0000)
  from space 743488K,   0% used [0x00007fe254d00000, 0x00007fe254d00388, 0x00007fe282310000)
  to   space 743488K,   0% used [0x00007fe2276f0000, 0x00007fe2276f0000, 0x00007fe254d00000)
 tenured generation   total 14870548K, used 13641065K [0x00007fe611b50000, 0x00007fe99d555000, 0x00007ff0bc600000)
   the space 14870548K,  91% used [0x00007fe611b50000, 0x00007fe9524aa798, 0x00007fe9524aa800, 0x00007fe99d555000)
 Metaspace       used 23291K, capacity 23657K, committed 23808K, reserved 24576K
}
Event: 73.106 GC heap after
{Heap after GC invocations=19 (full 8):
 def new generation   total 6691840K, used 1K [0x00007fe0bc600000, 0x00007fe282310000, 0x00007fe611b50000)
  eden space 5948352K,   0% used [0x00007fe0bc600000, 0x00007fe0bc600000, 0x00007fe2276f0000)
  from space 743488K,   0% used [0x00007fe2276f0000, 0x00007fe2276f05d0, 0x00007fe254d00000)
  to   space 743488K,   0% used [0x00007fe254d00000, 0x00007fe254d00000, 0x00007fe282310000)
 tenured generation   total 19064856K, used 17835369K [0x00007fe611b50000, 0x00007fea9d556000, 0x00007ff0bc600000)
   the space 19064856K,  93% used [0x00007fe611b50000, 0x00007fea524aa7b0, 0x00007fea524aa800, 0x00007fea9d556000)
 Metaspace       used 23291K, capacity 23657K, committed 23808K, reserved 24576K
}
Event: 73.106 GC heap before
{Heap before GC invocations=19 (full 8):
 def new generation   total 6691840K, used 1K [0x00007fe0bc600000, 0x00007fe282310000, 0x00007fe611b50000)
  eden space 5948352K,   0% used [0x00007fe0bc600000, 0x00007fe0bc600000, 0x00007fe2276f0000)
  from space 743488K,   0% used [0x00007fe2276f0000, 0x00007fe2276f05d0, 0x00007fe254d00000)
  to   space 743488K,   0% used [0x00007fe254d00000, 0x00007fe254d00000, 0x00007fe282310000)
 tenured generation   total 19064856K, used 17835369K [0x00007fe611b50000, 0x00007fea9d556000, 0x00007ff0bc600000)
   the space 19064856K,  93% used [0x00007fe611b50000, 0x00007fea524aa7b0, 0x00007fea524aa800, 0x00007fea9d556000)
 Metaspace       used 23291K, capacity 23657K, committed 23808K, reserved 24576K
}
Event: 74.283 GC heap after
{Heap after GC invocations=19 (full 9):
 def new generation   total 6691968K, used 0K [0x00007fe0bc600000, 0x00007fe282330000, 0x00007fe611b50000)
  eden space 5948480K,   0% used [0x00007fe0bc600000, 0x00007fe0bc600000, 0x00007fe227710000)
  from space 743488K,   0% used [0x00007fe227710000, 0x00007fe227710000, 0x00007fe254d20000)
  to   space 743488K,   0% used [0x00007fe254d20000, 0x00007fe254d20000, 0x00007fe282330000)
 tenured generation   total 14870792K, used 8922473K [0x00007fe611b50000, 0x00007fe99d592000, 0x00007ff0bc600000)
   the space 14870792K,  59% used [0x00007fe611b50000, 0x00007fe8324aa768, 0x00007fe8324aa800, 0x00007fe99d592000)
 Metaspace       used 23291K, capacity 23657K, committed 23808K, reserved 24576K
}
Event: 78.303 GC heap before
{Heap before GC invocations=19 (full 9):
 def new generation   total 6691968K, used 5883890K [0x00007fe0bc600000, 0x00007fe282330000, 0x00007fe611b50000)
  eden space 5948480K,  98% used [0x00007fe0bc600000, 0x00007fe2237fc970, 0x00007fe227710000)
  from space 743488K,   0% used [0x00007fe227710000, 0x00007fe227710000, 0x00007fe254d20000)
  to   space 743488K,   0% used [0x00007fe254d20000, 0x00007fe254d20000, 0x00007fe282330000)
 tenured generation   total 14870792K, used 8922473K [0x00007fe611b50000, 0x00007fe99d592000, 0x00007ff0bc600000)
   the space 14870792K,  59% used [0x00007fe611b50000, 0x00007fe8324aa768, 0x00007fe8324aa800, 0x00007fe99d592000)
 Metaspace       used 23291K, capacity 23657K, committed 23808K, reserved 24576K
}
Event: 78.416 GC heap after
{Heap after GC invocations=20 (full 9):
 def new generation   total 6691968K, used 524289K [0x00007fe0bc600000, 0x00007fe282330000, 0x00007fe611b50000)
  eden space 5948480K,   0% used [0x00007fe0bc600000, 0x00007fe0bc600000, 0x00007fe227710000)
  from space 743488K,  70% used [0x00007fe254d20000, 0x00007fe274d20690, 0x00007fe282330000)
  to   space 743488K,   0% used [0x00007fe227710000, 0x00007fe227710000, 0x00007fe254d20000)
 tenured generation   total 14870792K, used 9446761K [0x00007fe611b50000, 0x00007fe99d592000, 0x00007ff0bc600000)
   the space 14870792K,  63% used [0x00007fe611b50000, 0x00007fe8524aa780, 0x00007fe8524aa800, 0x00007fe99d592000)
 Metaspace       used 23291K, capacity 23657K, committed 23808K, reserved 24576K
}
Event: 79.464 GC heap before
{Heap before GC invocations=20 (full 9):
 def new generation   total 6691968K, used 2862922K [0x00007fe0bc600000, 0x00007fe282330000, 0x00007fe611b50000)
  eden space 5948480K,  39% used [0x00007fe0bc600000, 0x00007fe14b1d2400, 0x00007fe227710000)
  from space 743488K,  70% used [0x00007fe254d20000, 0x00007fe274d20690, 0x00007fe282330000)
  to   space 743488K,   0% used [0x00007fe227710000, 0x00007fe227710000, 0x00007fe254d20000)
 tenured generation   total 14870792K, used 9446761K [0x00007fe611b50000, 0x00007fe99d592000, 0x00007ff0bc600000)
   the space 14870792K,  63% used [0x00007fe611b50000, 0x00007fe8524aa780, 0x00007fe8524aa800, 0x00007fe99d592000)
 Metaspace       used 23311K, capacity 23661K, committed 23808K, reserved 24576K
}
Event: 79.617 GC heap after
{Heap after GC invocations=21 (full 9):
 def new generation   total 6691968K, used 533494K [0x00007fe0bc600000, 0x00007fe282330000, 0x00007fe611b50000)
  eden space 5948480K,   0% used [0x00007fe0bc600000, 0x00007fe0bc600000, 0x00007fe227710000)
  from space 743488K,  71% used [0x00007fe227710000, 0x00007fe24800db80, 0x00007fe254d20000)
  to   space 743488K,   0% used [0x00007fe254d20000, 0x00007fe254d20000, 0x00007fe282330000)
 tenured generation   total 14870792K, used 9839978K [0x00007fe611b50000, 0x00007fe99d592000, 0x00007ff0bc600000)
   the space 14870792K,  66% used [0x00007fe611b50000, 0x00007fe86a4aaba0, 0x00007fe86a4aac00, 0x00007fe99d592000)
 Metaspace       used 23311K, capacity 23661K, committed 23808K, reserved 24576K
}
Event: 82.180 GC heap before
{Heap before GC invocations=21 (full 9):
 def new generation   total 6691968K, used 4844481K [0x00007fe0bc600000, 0x00007fe282330000, 0x00007fe611b50000)
  eden space 5948480K,  72% used [0x00007fe0bc600000, 0x00007fe1c37f2b30, 0x00007fe227710000)
  from space 743488K,  71% used [0x00007fe227710000, 0x00007fe24800db80, 0x00007fe254d20000)
  to   space 743488K,   0% used [0x00007fe254d20000, 0x00007fe254d20000, 0x00007fe282330000)
 tenured generation   total 14870792K, used 9839978K [0x00007fe611b50000, 0x00007fe99d592000, 0x00007ff0bc600000)
   the space 14870792K,  66% used [0x00007fe611b50000, 0x00007fe86a4aaba0, 0x00007fe86a4aac00, 0x00007fe99d592000)
 Metaspace       used 23312K, capacity 23661K, committed 23808K, reserved 24576K
}
Event: 86.983 GC heap after
{Heap after GC invocations=22 (full 9):
 def new generation   total 6691968K, used 0K [0x00007fe0bc600000, 0x00007fe282330000, 0x00007fe611b50000)
  eden space 5948480K,   0% used [0x00007fe0bc600000, 0x00007fe0bc600000, 0x00007fe227710000)
  from space 743488K,   0% used [0x00007fe254d20000, 0x00007fe254d20200, 0x00007fe282330000)
  to   space 743488K,   0% used [0x00007fe227710000, 0x00007fe227710000, 0x00007fe254d20000)
 tenured generation   total 14870792K, used 14043488K [0x00007fe611b50000, 0x00007fe99d592000, 0x00007ff0bc600000)
   the space 14870792K,  94% used [0x00007fe611b50000, 0x00007fe96ada8080, 0x00007fe96ada8200, 0x00007fe99d592000)
 Metaspace       used 23312K, capacity 23661K, committed 23808K, reserved 24576K
}
Event: 88.994 GC heap before
{Heap before GC invocations=22 (full 9):
 def new generation   total 6691968K, used 4310730K [0x00007fe0bc600000, 0x00007fe282330000, 0x00007fe611b50000)
  eden space 5948480K,  72% used [0x00007fe0bc600000, 0x00007fe1c37b2600, 0x00007fe227710000)
  from space 743488K,   0% used [0x00007fe254d20000, 0x00007fe254d20200, 0x00007fe282330000)
  to   space 743488K,   0% used [0x00007fe227710000, 0x00007fe227710000, 0x00007fe254d20000)
 tenured generation   total 14870792K, used 14043488K [0x00007fe611b50000, 0x00007fe99d592000, 0x00007ff0bc600000)
   the space 14870792K,  94% used [0x00007fe611b50000, 0x00007fe96ada8080, 0x00007fe96ada8200, 0x00007fe99d592000)
 Metaspace       used 23312K, capacity 23661K, committed 23808K, reserved 24576K
}

