# JRE version: OpenJDK Runtime Environment (13.0.7+5) (build 13.0.7+5-Ubuntu-0ubuntu120.04)
# Java VM: OpenJDK 64-Bit Server VM (13.0.7+5-Ubuntu-0ubuntu120.04, mixed mode, tiered, serial gc, linux-amd64)
Heap:
 def new generation   total 1614144K, used 59594K [0x00007f48dc600000, 0x00007f4949d70000, 0x00007f53870a0000)
  eden space 1434816K,   4% used [0x00007f48dc600000, 0x00007f48e00329a0, 0x00007f4933f30000)
  from space 179328K,   0% used [0x00007f493ee50000, 0x00007f493ee50000, 0x00007f4949d70000)
  to   space 179328K,   0% used [0x00007f4933f30000, 0x00007f4933f30000, 0x00007f493ee50000)
 tenured generation   total 3619636K, used 3619302K [0x00007f53870a0000, 0x00007f5463f6d000, 0x00007f68dc600000)
   the space 3619636K,  99% used [0x00007f53870a0000, 0x00007f5463f19a20, 0x00007f5463f19c00, 0x00007f5463f6d000)
 Metaspace       used 24215K, capacity 24628K, committed 24832K, reserved 26624K
GC Heap History (20 events):
Event: 996.308 GC heap after
{Heap after GC invocations=1221 (full 5):
 def new generation   total 1614144K, used 84779K [0x00007f48dc600000, 0x00007f4949d70000, 0x00007f53870a0000)
  eden space 1434816K,   0% used [0x00007f48dc600000, 0x00007f48dc600000, 0x00007f4933f30000)
  from space 179328K,  47% used [0x00007f4933f30000, 0x00007f49391fafb0, 0x00007f493ee50000)
  to   space 179328K,   0% used [0x00007f493ee50000, 0x00007f493ee50000, 0x00007f4949d70000)
 tenured generation   total 3586860K, used 3528325K [0x00007f53870a0000, 0x00007f5461f6b000, 0x00007f68dc600000)
   the space 3586860K,  98% used [0x00007f53870a0000, 0x00007f545e641740, 0x00007f545e641800, 0x00007f5461f6b000)
 Metaspace       used 24215K, capacity 24628K, committed 24832K, reserved 26624K
}
Event: 997.550 GC heap before
{Heap before GC invocations=1221 (full 5):
 def new generation   total 1614144K, used 1513266K [0x00007f48dc600000, 0x00007f4949d70000, 0x00007f53870a0000)
  eden space 1434816K,  99% used [0x00007f48dc600000, 0x00007f4933901b20, 0x00007f4933f30000)
  from space 179328K,  47% used [0x00007f4933f30000, 0x00007f49391fafb0, 0x00007f493ee50000)
  to   space 179328K,   0% used [0x00007f493ee50000, 0x00007f493ee50000, 0x00007f4949d70000)
 tenured generation   total 3586860K, used 3528325K [0x00007f53870a0000, 0x00007f5461f6b000, 0x00007f68dc600000)
   the space 3586860K,  98% used [0x00007f53870a0000, 0x00007f545e641740, 0x00007f545e641800, 0x00007f5461f6b000)
 Metaspace       used 24215K, capacity 24628K, committed 24832K, reserved 26624K
}
Event: 997.613 GC heap after
{Heap after GC invocations=1222 (full 5):
 def new generation   total 1614144K, used 106366K [0x00007f48dc600000, 0x00007f4949d70000, 0x00007f53870a0000)
  eden space 1434816K,   0% used [0x00007f48dc600000, 0x00007f48dc600000, 0x00007f4933f30000)
  from space 179328K,  59% used [0x00007f493ee50000, 0x00007f494562f9f0, 0x00007f4949d70000)
  to   space 179328K,   0% used [0x00007f4933f30000, 0x00007f4933f30000, 0x00007f493ee50000)
 tenured generation   total 3586860K, used 3528325K [0x00007f53870a0000, 0x00007f5461f6b000, 0x00007f68dc600000)
   the space 3586860K,  98% used [0x00007f53870a0000, 0x00007f545e641740, 0x00007f545e641800, 0x00007f5461f6b000)
 Metaspace       used 24215K, capacity 24628K, committed 24832K, reserved 26624K
}
Event: 999.183 GC heap before
{Heap before GC invocations=1222 (full 5):
 def new generation   total 1614144K, used 1541182K [0x00007f48dc600000, 0x00007f4949d70000, 0x00007f53870a0000)
  eden space 1434816K, 100% used [0x00007f48dc600000, 0x00007f4933f30000, 0x00007f4933f30000)
  from space 179328K,  59% used [0x00007f493ee50000, 0x00007f494562f9f0, 0x00007f4949d70000)
  to   space 179328K,   0% used [0x00007f4933f30000, 0x00007f4933f30000, 0x00007f493ee50000)
 tenured generation   total 3586860K, used 3528325K [0x00007f53870a0000, 0x00007f5461f6b000, 0x00007f68dc600000)
   the space 3586860K,  98% used [0x00007f53870a0000, 0x00007f545e641740, 0x00007f545e641800, 0x00007f5461f6b000)
 Metaspace       used 24215K, capacity 24628K, committed 24832K, reserved 26624K
}
Event: 999.260 GC heap after
{Heap after GC invocations=1223 (full 5):
 def new generation   total 1614144K, used 82714K [0x00007f48dc600000, 0x00007f4949d70000, 0x00007f53870a0000)
  eden space 1434816K,   0% used [0x00007f48dc600000, 0x00007f48dc600000, 0x00007f4933f30000)
  from space 179328K,  46% used [0x00007f4933f30000, 0x00007f4938ff6a08, 0x00007f493ee50000)
  to   space 179328K,   0% used [0x00007f493ee50000, 0x00007f493ee50000, 0x00007f4949d70000)
 tenured generation   total 3586860K, used 3545284K [0x00007f53870a0000, 0x00007f5461f6b000, 0x00007f68dc600000)
   the space 3586860K,  98% used [0x00007f53870a0000, 0x00007f545f6d1198, 0x00007f545f6d1200, 0x00007f5461f6b000)
 Metaspace       used 24215K, capacity 24628K, committed 24832K, reserved 26624K
}
Event: 1000.502 GC heap before
{Heap before GC invocations=1223 (full 5):
 def new generation   total 1614144K, used 1507962K [0x00007f48dc600000, 0x00007f4949d70000, 0x00007f53870a0000)
  eden space 1434816K,  99% used [0x00007f48dc600000, 0x00007f49335d8140, 0x00007f4933f30000)
  from space 179328K,  46% used [0x00007f4933f30000, 0x00007f4938ff6a08, 0x00007f493ee50000)
  to   space 179328K,   0% used [0x00007f493ee50000, 0x00007f493ee50000, 0x00007f4949d70000)
 tenured generation   total 3586860K, used 3545284K [0x00007f53870a0000, 0x00007f5461f6b000, 0x00007f68dc600000)
   the space 3586860K,  98% used [0x00007f53870a0000, 0x00007f545f6d1198, 0x00007f545f6d1200, 0x00007f5461f6b000)
 Metaspace       used 24215K, capacity 24628K, committed 24832K, reserved 26624K
}
Event: 1000.567 GC heap after
{Heap after GC invocations=1224 (full 5):
 def new generation   total 1614144K, used 103261K [0x00007f48dc600000, 0x00007f4949d70000, 0x00007f53870a0000)
  eden space 1434816K,   0% used [0x00007f48dc600000, 0x00007f48dc600000, 0x00007f4933f30000)
  from space 179328K,  57% used [0x00007f493ee50000, 0x00007f4945327410, 0x00007f4949d70000)
  to   space 179328K,   0% used [0x00007f4933f30000, 0x00007f4933f30000, 0x00007f493ee50000)
 tenured generation   total 3586860K, used 3545284K [0x00007f53870a0000, 0x00007f5461f6b000, 0x00007f68dc600000)
   the space 3586860K,  98% used [0x00007f53870a0000, 0x00007f545f6d1198, 0x00007f545f6d1200, 0x00007f5461f6b000)
 Metaspace       used 24215K, capacity 24628K, committed 24832K, reserved 26624K
}
Event: 1002.238 GC heap before
{Heap before GC invocations=1224 (full 5):
 def new generation   total 1614144K, used 1538077K [0x00007f48dc600000, 0x00007f4949d70000, 0x00007f53870a0000)
  eden space 1434816K, 100% used [0x00007f48dc600000, 0x00007f4933f30000, 0x00007f4933f30000)
  from space 179328K,  57% used [0x00007f493ee50000, 0x00007f4945327410, 0x00007f4949d70000)
  to   space 179328K,   0% used [0x00007f4933f30000, 0x00007f4933f30000, 0x00007f493ee50000)
 tenured generation   total 3586860K, used 3545284K [0x00007f53870a0000, 0x00007f5461f6b000, 0x00007f68dc600000)
   the space 3586860K,  98% used [0x00007f53870a0000, 0x00007f545f6d1198, 0x00007f545f6d1200, 0x00007f5461f6b000)
 Metaspace       used 24215K, capacity 24628K, committed 24832K, reserved 26624K
}
Event: 1002.322 GC heap after
{Heap after GC invocations=1225 (full 5):
 def new generation   total 1614144K, used 82199K [0x00007f48dc600000, 0x00007f4949d70000, 0x00007f53870a0000)
  eden space 1434816K,   0% used [0x00007f48dc600000, 0x00007f48dc600000, 0x00007f4933f30000)
  from space 179328K,  45% used [0x00007f4933f30000, 0x00007f4938f75ef0, 0x00007f493ee50000)
  to   space 179328K,   0% used [0x00007f493ee50000, 0x00007f493ee50000, 0x00007f4949d70000)
 tenured generation   total 3586860K, used 3562242K [0x00007f53870a0000, 0x00007f5461f6b000, 0x00007f68dc600000)
   the space 3586860K,  99% used [0x00007f53870a0000, 0x00007f5460760bf0, 0x00007f5460760c00, 0x00007f5461f6b000)
 Metaspace       used 24215K, capacity 24628K, committed 24832K, reserved 26624K
}
Event: 1003.668 GC heap before
{Heap before GC invocations=1225 (full 5):
 def new generation   total 1614144K, used 1517015K [0x00007f48dc600000, 0x00007f4949d70000, 0x00007f53870a0000)
  eden space 1434816K, 100% used [0x00007f48dc600000, 0x00007f4933f30000, 0x00007f4933f30000)
  from space 179328K,  45% used [0x00007f4933f30000, 0x00007f4938f75ef0, 0x00007f493ee50000)
  to   space 179328K,   0% used [0x00007f493ee50000, 0x00007f493ee50000, 0x00007f4949d70000)
 tenured generation   total 3586860K, used 3562242K [0x00007f53870a0000, 0x00007f5461f6b000, 0x00007f68dc600000)
   the space 3586860K,  99% used [0x00007f53870a0000, 0x00007f5460760bf0, 0x00007f5460760c00, 0x00007f5461f6b000)
 Metaspace       used 24215K, capacity 24628K, committed 24832K, reserved 26624K
}
Event: 1003.720 GC heap after
{Heap after GC invocations=1226 (full 5):
 def new generation   total 1614144K, used 85275K [0x00007f48dc600000, 0x00007f4949d70000, 0x00007f53870a0000)
  eden space 1434816K,   0% used [0x00007f48dc600000, 0x00007f48dc600000, 0x00007f4933f30000)
  from space 179328K,  47% used [0x00007f493ee50000, 0x00007f4944196fc8, 0x00007f4949d70000)
  to   space 179328K,   0% used [0x00007f4933f30000, 0x00007f4933f30000, 0x00007f493ee50000)
 tenured generation   total 3586860K, used 3562242K [0x00007f53870a0000, 0x00007f5461f6b000, 0x00007f68dc600000)
   the space 3586860K,  99% used [0x00007f53870a0000, 0x00007f5460760bf0, 0x00007f5460760c00, 0x00007f5461f6b000)
 Metaspace       used 24215K, capacity 24628K, committed 24832K, reserved 26624K
}
Event: 1005.207 GC heap before
{Heap before GC invocations=1226 (full 5):
 def new generation   total 1614144K, used 1510139K [0x00007f48dc600000, 0x00007f4949d70000, 0x00007f53870a0000)
  eden space 1434816K,  99% used [0x00007f48dc600000, 0x00007f4933577db0, 0x00007f4933f30000)
  from space 179328K,  47% used [0x00007f493ee50000, 0x00007f4944196fc8, 0x00007f4949d70000)
  to   space 179328K,   0% used [0x00007f4933f30000, 0x00007f4933f30000, 0x00007f493ee50000)
 tenured generation   total 3586860K, used 3562242K [0x00007f53870a0000, 0x00007f5461f6b000, 0x00007f68dc600000)
   the space 3586860K,  99% used [0x00007f53870a0000, 0x00007f5460760bf0, 0x00007f5460760c00, 0x00007f5461f6b000)
 Metaspace       used 24215K, capacity 24628K, committed 24832K, reserved 26624K
}
Event: 1005.276 GC heap after
{Heap after GC invocations=1227 (full 5):
 def new generation   total 1614144K, used 94040K [0x00007f48dc600000, 0x00007f4949d70000, 0x00007f53870a0000)
  eden space 1434816K,   0% used [0x00007f48dc600000, 0x00007f48dc600000, 0x00007f4933f30000)
  from space 179328K,  52% used [0x00007f4933f30000, 0x00007f4939b060b8, 0x00007f493ee50000)
  to   space 179328K,   0% used [0x00007f493ee50000, 0x00007f493ee50000, 0x00007f4949d70000)
 tenured generation   total 3586860K, used 3562242K [0x00007f53870a0000, 0x00007f5461f6b000, 0x00007f68dc600000)
   the space 3586860K,  99% used [0x00007f53870a0000, 0x00007f5460760bf0, 0x00007f5460760c00, 0x00007f5461f6b000)
 Metaspace       used 24215K, capacity 24628K, committed 24832K, reserved 26624K
}
Event: 1006.784 GC heap before
{Heap before GC invocations=1227 (full 5):
 def new generation   total 1614144K, used 1528856K [0x00007f48dc600000, 0x00007f4949d70000, 0x00007f53870a0000)
  eden space 1434816K, 100% used [0x00007f48dc600000, 0x00007f4933f30000, 0x00007f4933f30000)
  from space 179328K,  52% used [0x00007f4933f30000, 0x00007f4939b060b8, 0x00007f493ee50000)
  to   space 179328K,   0% used [0x00007f493ee50000, 0x00007f493ee50000, 0x00007f4949d70000)
 tenured generation   total 3586860K, used 3562242K [0x00007f53870a0000, 0x00007f5461f6b000, 0x00007f68dc600000)
   the space 3586860K,  99% used [0x00007f53870a0000, 0x00007f5460760bf0, 0x00007f5460760c00, 0x00007f5461f6b000)
 Metaspace       used 24215K, capacity 24628K, committed 24832K, reserved 26624K
}
Event: 1006.857 GC heap after
{Heap after GC invocations=1228 (full 5):
 def new generation   total 1614144K, used 85276K [0x00007f48dc600000, 0x00007f4949d70000, 0x00007f53870a0000)
  eden space 1434816K,   0% used [0x00007f48dc600000, 0x00007f48dc600000, 0x00007f4933f30000)
  from space 179328K,  47% used [0x00007f493ee50000, 0x00007f49441970b0, 0x00007f4949d70000)
  to   space 179328K,   0% used [0x00007f4933f30000, 0x00007f4933f30000, 0x00007f493ee50000)
 tenured generation   total 3586860K, used 3579201K [0x00007f53870a0000, 0x00007f5461f6b000, 0x00007f68dc600000)
   the space 3586860K,  99% used [0x00007f53870a0000, 0x00007f54617f0648, 0x00007f54617f0800, 0x00007f5461f6b000)
 Metaspace       used 24215K, capacity 24628K, committed 24832K, reserved 26624K
}
Event: 1008.044 GC heap before
{Heap before GC invocations=1228 (full 5):
 def new generation   total 1614144K, used 1514396K [0x00007f48dc600000, 0x00007f4949d70000, 0x00007f53870a0000)
  eden space 1434816K,  99% used [0x00007f48dc600000, 0x00007f49339a0310, 0x00007f4933f30000)
  from space 179328K,  47% used [0x00007f493ee50000, 0x00007f49441970b0, 0x00007f4949d70000)
  to   space 179328K,   0% used [0x00007f4933f30000, 0x00007f4933f30000, 0x00007f493ee50000)
 tenured generation   total 3586860K, used 3579201K [0x00007f53870a0000, 0x00007f5461f6b000, 0x00007f68dc600000)
   the space 3586860K,  99% used [0x00007f53870a0000, 0x00007f54617f0648, 0x00007f54617f0800, 0x00007f5461f6b000)
 Metaspace       used 24215K, capacity 24628K, committed 24832K, reserved 26624K
}
Event: 1008.108 GC heap after
{Heap after GC invocations=1229 (full 5):
 def new generation   total 1614144K, used 106878K [0x00007f48dc600000, 0x00007f4949d70000, 0x00007f53870a0000)
  eden space 1434816K,   0% used [0x00007f48dc600000, 0x00007f48dc600000, 0x00007f4933f30000)
  from space 179328K,  59% used [0x00007f4933f30000, 0x00007f493a78fb50, 0x00007f493ee50000)
  to   space 179328K,   0% used [0x00007f493ee50000, 0x00007f493ee50000, 0x00007f4949d70000)
 tenured generation   total 3586860K, used 3579201K [0x00007f53870a0000, 0x00007f5461f6b000, 0x00007f68dc600000)
   the space 3586860K,  99% used [0x00007f53870a0000, 0x00007f54617f0648, 0x00007f54617f0800, 0x00007f5461f6b000)
 Metaspace       used 24215K, capacity 24628K, committed 24832K, reserved 26624K
}
Event: 1009.714 GC heap before
{Heap before GC invocations=1229 (full 5):
 def new generation   total 1614144K, used 1541694K [0x00007f48dc600000, 0x00007f4949d70000, 0x00007f53870a0000)
  eden space 1434816K, 100% used [0x00007f48dc600000, 0x00007f4933f30000, 0x00007f4933f30000)
  from space 179328K,  59% used [0x00007f4933f30000, 0x00007f493a78fb50, 0x00007f493ee50000)
  to   space 179328K,   0% used [0x00007f493ee50000, 0x00007f493ee50000, 0x00007f4949d70000)
 tenured generation   total 3586860K, used 3579201K [0x00007f53870a0000, 0x00007f5461f6b000, 0x00007f68dc600000)
   the space 3586860K,  99% used [0x00007f53870a0000, 0x00007f54617f0648, 0x00007f54617f0800, 0x00007f5461f6b000)
 Metaspace       used 24215K, capacity 24628K, committed 24832K, reserved 26624K
}
Event: 1009.803 GC heap after
{Heap after GC invocations=1230 (full 5):
 def new generation   total 1614144K, used 65778K [0x00007f48dc600000, 0x00007f4949d70000, 0x00007f53870a0000)
  eden space 1434816K,   0% used [0x00007f48dc600000, 0x00007f48dc600000, 0x00007f4933f30000)
  from space 179328K,  36% used [0x00007f493ee50000, 0x00007f4942e8c8c8, 0x00007f4949d70000)
  to   space 179328K,   0% used [0x00007f4933f30000, 0x00007f4933f30000, 0x00007f493ee50000)
 tenured generation   total 3619636K, used 3613118K [0x00007f53870a0000, 0x00007f5463f6d000, 0x00007f68dc600000)
   the space 3619636K,  99% used [0x00007f53870a0000, 0x00007f546390faf8, 0x00007f546390fc00, 0x00007f5463f6d000)
 Metaspace       used 24215K, capacity 24628K, committed 24832K, reserved 26624K
}
Event: 1009.803 GC heap before
{Heap before GC invocations=1230 (full 5):
 def new generation   total 1614144K, used 65778K [0x00007f48dc600000, 0x00007f4949d70000, 0x00007f53870a0000)
  eden space 1434816K,   0% used [0x00007f48dc600000, 0x00007f48dc600000, 0x00007f4933f30000)
  from space 179328K,  36% used [0x00007f493ee50000, 0x00007f4942e8c8c8, 0x00007f4949d70000)
  to   space 179328K,   0% used [0x00007f4933f30000, 0x00007f4933f30000, 0x00007f493ee50000)
 tenured generation   total 3619636K, used 3613118K [0x00007f53870a0000, 0x00007f5463f6d000, 0x00007f68dc600000)
   the space 3619636K,  99% used [0x00007f53870a0000, 0x00007f546390faf8, 0x00007f546390fc00, 0x00007f5463f6d000)
 Metaspace       used 24215K, capacity 24628K, committed 24832K, reserved 26624K
}

