# JRE version: OpenJDK Runtime Environment (13.0.7+5) (build 13.0.7+5-Ubuntu-0ubuntu120.04)
# Java VM: OpenJDK 64-Bit Server VM (13.0.7+5-Ubuntu-0ubuntu120.04, mixed mode, tiered, serial gc, linux-amd64)
Heap:
 def new generation   total 2407488K, used 0K [0x00007f0cb8600000, 0x00007f0d5ba40000, 0x00007f120db50000)
  eden space 2140032K,   0% used [0x00007f0cb8600000, 0x00007f0cb8600000, 0x00007f0d3afe0000)
  from space 267456K,   0% used [0x00007f0d3afe0000, 0x00007f0d3afe0000, 0x00007f0d4b510000)
  to   space 267456K,   0% used [0x00007f0d4b510000, 0x00007f0d4b510000, 0x00007f0d5ba40000)
 tenured generation   total 5349820K, used 3154863K [0x00007f120db50000, 0x00007f13543bf000, 0x00007f1cb8600000)
   the space 5349820K,  58% used [0x00007f120db50000, 0x00007f12ce43bc18, 0x00007f12ce43be00, 0x00007f13543bf000)
 Metaspace       used 22992K, capacity 23387K, committed 23552K, reserved 24576K
GC Heap History (16 events):
Event: 1.889 GC heap before
{Heap before GC invocations=0 (full 0):
 def new generation   total 629120K, used 89478K [0x00007f0cb8600000, 0x00007f0ce30a0000, 0x00007f120db50000)
  eden space 559232K,  16% used [0x00007f0cb8600000, 0x00007f0cbdd61a10, 0x00007f0cda820000)
  from space 69888K,   0% used [0x00007f0cda820000, 0x00007f0cda820000, 0x00007f0cdec60000)
  to   space 69888K,   0% used [0x00007f0cdec60000, 0x00007f0cdec60000, 0x00007f0ce30a0000)
 tenured generation   total 1398144K, used 0K [0x00007f120db50000, 0x00007f12630b0000, 0x00007f1cb8600000)
   the space 1398144K,   0% used [0x00007f120db50000, 0x00007f120db50000, 0x00007f120db50200, 0x00007f12630b0000)
 Metaspace       used 20838K, capacity 21142K, committed 21248K, reserved 22528K
}
Event: 1.921 GC heap after
{Heap after GC invocations=1 (full 1):
 def new generation   total 629248K, used 0K [0x00007f0cb8600000, 0x00007f0ce30c0000, 0x00007f120db50000)
  eden space 559360K,   0% used [0x00007f0cb8600000, 0x00007f0cb8600000, 0x00007f0cda840000)
  from space 69888K,   0% used [0x00007f0cda840000, 0x00007f0cda840000, 0x00007f0cdec80000)
  to   space 69888K,   0% used [0x00007f0cdec80000, 0x00007f0cdec80000, 0x00007f0ce30c0000)
 tenured generation   total 1398144K, used 13578K [0x00007f120db50000, 0x00007f12630b0000, 0x00007f1cb8600000)
   the space 1398144K,   0% used [0x00007f120db50000, 0x00007f120e892b30, 0x00007f120e892c00, 0x00007f12630b0000)
 Metaspace       used 20838K, capacity 21142K, committed 21248K, reserved 22528K
}
Event: 2.824 GC heap before
{Heap before GC invocations=1 (full 1):
 def new generation   total 629248K, used 246836K [0x00007f0cb8600000, 0x00007f0ce30c0000, 0x00007f120db50000)
  eden space 559360K,  44% used [0x00007f0cb8600000, 0x00007f0cc770d1a8, 0x00007f0cda840000)
  from space 69888K,   0% used [0x00007f0cda840000, 0x00007f0cda840000, 0x00007f0cdec80000)
  to   space 69888K,   0% used [0x00007f0cdec80000, 0x00007f0cdec80000, 0x00007f0ce30c0000)
 tenured generation   total 1398144K, used 13578K [0x00007f120db50000, 0x00007f12630b0000, 0x00007f1cb8600000)
   the space 1398144K,   0% used [0x00007f120db50000, 0x00007f120e892b30, 0x00007f120e892c00, 0x00007f12630b0000)
 Metaspace       used 22991K, capacity 23387K, committed 23552K, reserved 24576K
}
Event: 2.836 GC heap after
{Heap after GC invocations=2 (full 1):
 def new generation   total 629248K, used 50592K [0x00007f0cb8600000, 0x00007f0ce30c0000, 0x00007f120db50000)
  eden space 559360K,   0% used [0x00007f0cb8600000, 0x00007f0cb8600000, 0x00007f0cda840000)
  from space 69888K,  72% used [0x00007f0cdec80000, 0x00007f0ce1de8310, 0x00007f0ce30c0000)
  to   space 69888K,   0% used [0x00007f0cda840000, 0x00007f0cda840000, 0x00007f0cdec80000)
 tenured generation   total 1398144K, used 13578K [0x00007f120db50000, 0x00007f12630b0000, 0x00007f1cb8600000)
   the space 1398144K,   0% used [0x00007f120db50000, 0x00007f120e892b30, 0x00007f120e892c00, 0x00007f12630b0000)
 Metaspace       used 22991K, capacity 23387K, committed 23552K, reserved 24576K
}
Event: 2.836 GC heap before
{Heap before GC invocations=2 (full 1):
 def new generation   total 629248K, used 50592K [0x00007f0cb8600000, 0x00007f0ce30c0000, 0x00007f120db50000)
  eden space 559360K,   0% used [0x00007f0cb8600000, 0x00007f0cb8600000, 0x00007f0cda840000)
  from space 69888K,  72% used [0x00007f0cdec80000, 0x00007f0ce1de8310, 0x00007f0ce30c0000)
  to   space 69888K,   0% used [0x00007f0cda840000, 0x00007f0cda840000, 0x00007f0cdec80000)
 tenured generation   total 1398144K, used 13578K [0x00007f120db50000, 0x00007f12630b0000, 0x00007f1cb8600000)
   the space 1398144K,   0% used [0x00007f120db50000, 0x00007f120e892b30, 0x00007f120e892c00, 0x00007f12630b0000)
 Metaspace       used 22991K, capacity 23387K, committed 23552K, reserved 24576K
}
Event: 2.858 GC heap after
{Heap after GC invocations=2 (full 2):
 def new generation   total 629248K, used 0K [0x00007f0cb8600000, 0x00007f0ce30c0000, 0x00007f120db50000)
  eden space 559360K,   0% used [0x00007f0cb8600000, 0x00007f0cb8600000, 0x00007f0cda840000)
  from space 69888K,   0% used [0x00007f0cdec80000, 0x00007f0cdec80000, 0x00007f0ce30c0000)
  to   space 69888K,   0% used [0x00007f0cda840000, 0x00007f0cda840000, 0x00007f0cdec80000)
 tenured generation   total 1398144K, used 64162K [0x00007f120db50000, 0x00007f12630b0000, 0x00007f1cb8600000)
   the space 1398144K,   4% used [0x00007f120db50000, 0x00007f12119f89c8, 0x00007f12119f8a00, 0x00007f12630b0000)
 Metaspace       used 22991K, capacity 23387K, committed 23552K, reserved 24576K
}
Event: 5.053 GC heap before
{Heap before GC invocations=2 (full 2):
 def new generation   total 629248K, used 22374K [0x00007f0cb8600000, 0x00007f0ce30c0000, 0x00007f120db50000)
  eden space 559360K,   4% used [0x00007f0cb8600000, 0x00007f0cb9bd99c8, 0x00007f0cda840000)
  from space 69888K,   0% used [0x00007f0cdec80000, 0x00007f0cdec80000, 0x00007f0ce30c0000)
  to   space 69888K,   0% used [0x00007f0cda840000, 0x00007f0cda840000, 0x00007f0cdec80000)
 tenured generation   total 4543876K, used 3209890K [0x00007f120db50000, 0x00007f13230b1000, 0x00007f1cb8600000)
   the space 4543876K,  70% used [0x00007f120db50000, 0x00007f12d19f89e0, 0x00007f12d19f8a00, 0x00007f13230b1000)
 Metaspace       used 22992K, capacity 23387K, committed 23552K, reserved 24576K
}
Event: 5.055 GC heap after
{Heap after GC invocations=3 (full 2):
 def new generation   total 629248K, used 0K [0x00007f0cb8600000, 0x00007f0ce30c0000, 0x00007f120db50000)
  eden space 559360K,   0% used [0x00007f0cb8600000, 0x00007f0cb8600000, 0x00007f0cda840000)
  from space 69888K,   0% used [0x00007f0cda840000, 0x00007f0cda840268, 0x00007f0cdec80000)
  to   space 69888K,   0% used [0x00007f0cdec80000, 0x00007f0cdec80000, 0x00007f0ce30c0000)
 tenured generation   total 4543876K, used 3209890K [0x00007f120db50000, 0x00007f13230b1000, 0x00007f1cb8600000)
   the space 4543876K,  70% used [0x00007f120db50000, 0x00007f12d19f89e0, 0x00007f12d19f8a00, 0x00007f13230b1000)
 Metaspace       used 22992K, capacity 23387K, committed 23552K, reserved 24576K
}
Event: 5.055 GC heap before
{Heap before GC invocations=3 (full 2):
 def new generation   total 629248K, used 0K [0x00007f0cb8600000, 0x00007f0ce30c0000, 0x00007f120db50000)
  eden space 559360K,   0% used [0x00007f0cb8600000, 0x00007f0cb8600000, 0x00007f0cda840000)
  from space 69888K,   0% used [0x00007f0cda840000, 0x00007f0cda840268, 0x00007f0cdec80000)
  to   space 69888K,   0% used [0x00007f0cdec80000, 0x00007f0cdec80000, 0x00007f0ce30c0000)
 tenured generation   total 4543876K, used 3209890K [0x00007f120db50000, 0x00007f13230b1000, 0x00007f1cb8600000)
   the space 4543876K,  70% used [0x00007f120db50000, 0x00007f12d19f89e0, 0x00007f12d19f8a00, 0x00007f13230b1000)
 Metaspace       used 22992K, capacity 23387K, committed 23552K, reserved 24576K
}
Event: 5.070 GC heap after
{Heap after GC invocations=3 (full 3):
 def new generation   total 2407488K, used 0K [0x00007f0cb8600000, 0x00007f0d5ba40000, 0x00007f120db50000)
  eden space 2140032K,   0% used [0x00007f0cb8600000, 0x00007f0cb8600000, 0x00007f0d3afe0000)
  from space 267456K,   0% used [0x00007f0d3afe0000, 0x00007f0d3afe0000, 0x00007f0d4b510000)
  to   space 267456K,   0% used [0x00007f0d4b510000, 0x00007f0d4b510000, 0x00007f0d5ba40000)
 tenured generation   total 5349820K, used 3209891K [0x00007f120db50000, 0x00007f13543bf000, 0x00007f1cb8600000)
   the space 5349820K,  59% used [0x00007f120db50000, 0x00007f12d19f8c48, 0x00007f12d19f8e00, 0x00007f13543bf000)
 Metaspace       used 22992K, capacity 23387K, committed 23552K, reserved 24576K
}
Event: 6.041 GC heap before
{Heap before GC invocations=3 (full 3):
 def new generation   total 2407488K, used 1615664K [0x00007f0cb8600000, 0x00007f0d5ba40000, 0x00007f120db50000)
  eden space 2140032K,  75% used [0x00007f0cb8600000, 0x00007f0d1afcc2b0, 0x00007f0d3afe0000)
  from space 267456K,   0% used [0x00007f0d3afe0000, 0x00007f0d3afe0000, 0x00007f0d4b510000)
  to   space 267456K,   0% used [0x00007f0d4b510000, 0x00007f0d4b510000, 0x00007f0d5ba40000)
 tenured generation   total 5349820K, used 3209891K [0x00007f120db50000, 0x00007f13543bf000, 0x00007f1cb8600000)
   the space 5349820K,  59% used [0x00007f120db50000, 0x00007f12d19f8c48, 0x00007f12d19f8e00, 0x00007f13543bf000)
 Metaspace       used 22992K, capacity 23387K, committed 23552K, reserved 24576K
}
Event: 6.602 GC heap after
{Heap after GC invocations=4 (full 3):
 def new generation   total 2407488K, used 0K [0x00007f0cb8600000, 0x00007f0d5ba40000, 0x00007f120db50000)
  eden space 2140032K,   0% used [0x00007f0cb8600000, 0x00007f0cb8600000, 0x00007f0d3afe0000)
  from space 267456K,   0% used [0x00007f0d4b510000, 0x00007f0d4b5100b8, 0x00007f0d5ba40000)
  to   space 267456K,   0% used [0x00007f0d3afe0000, 0x00007f0d3afe0000, 0x00007f0d4b510000)
 tenured generation   total 5349820K, used 4782755K [0x00007f120db50000, 0x00007f13543bf000, 0x00007f1cb8600000)
   the space 5349820K,  89% used [0x00007f120db50000, 0x00007f13319f8c60, 0x00007f13319f8e00, 0x00007f13543bf000)
 Metaspace       used 22992K, capacity 23387K, committed 23552K, reserved 24576K
}
Event: 6.787 GC heap before
{Heap before GC invocations=4 (full 3):
 def new generation   total 2407488K, used 1615098K [0x00007f0cb8600000, 0x00007f0d5ba40000, 0x00007f120db50000)
  eden space 2140032K,  75% used [0x00007f0cb8600000, 0x00007f0d1af3e748, 0x00007f0d3afe0000)
  from space 267456K,   0% used [0x00007f0d4b510000, 0x00007f0d4b5100b8, 0x00007f0d5ba40000)
  to   space 267456K,   0% used [0x00007f0d3afe0000, 0x00007f0d3afe0000, 0x00007f0d4b510000)
 tenured generation   total 5349820K, used 4782755K [0x00007f120db50000, 0x00007f13543bf000, 0x00007f1cb8600000)
   the space 5349820K,  89% used [0x00007f120db50000, 0x00007f13319f8c60, 0x00007f13319f8e00, 0x00007f13543bf000)
 Metaspace       used 22992K, capacity 23387K, committed 23552K, reserved 24576K
}
Event: 7.337 GC heap after
{Heap after GC invocations=5 (full 3):
 def new generation   total 2407488K, used 0K [0x00007f0cb8600000, 0x00007f0d5ba40000, 0x00007f120db50000)
  eden space 2140032K,   0% used [0x00007f0cb8600000, 0x00007f0cb8600000, 0x00007f0d3afe0000)
  from space 267456K,   0% used [0x00007f0d3afe0000, 0x00007f0d3afe0348, 0x00007f0d4b510000)
  to   space 267456K,   0% used [0x00007f0d4b510000, 0x00007f0d4b510000, 0x00007f0d5ba40000)
 tenured generation   total 6922688K, used 6355619K [0x00007f120db50000, 0x00007f13b43c0000, 0x00007f1cb8600000)
   the space 6922688K,  91% used [0x00007f120db50000, 0x00007f13919f8c78, 0x00007f13919f8e00, 0x00007f13b43c0000)
 Metaspace       used 22992K, capacity 23387K, committed 23552K, reserved 24576K
}
Event: 7.337 GC heap before
{Heap before GC invocations=5 (full 3):
 def new generation   total 2407488K, used 0K [0x00007f0cb8600000, 0x00007f0d5ba40000, 0x00007f120db50000)
  eden space 2140032K,   0% used [0x00007f0cb8600000, 0x00007f0cb8600000, 0x00007f0d3afe0000)
  from space 267456K,   0% used [0x00007f0d3afe0000, 0x00007f0d3afe0348, 0x00007f0d4b510000)
  to   space 267456K,   0% used [0x00007f0d4b510000, 0x00007f0d4b510000, 0x00007f0d5ba40000)
 tenured generation   total 6922688K, used 6355619K [0x00007f120db50000, 0x00007f13b43c0000, 0x00007f1cb8600000)
   the space 6922688K,  91% used [0x00007f120db50000, 0x00007f13919f8c78, 0x00007f13919f8e00, 0x00007f13b43c0000)
 Metaspace       used 22992K, capacity 23387K, committed 23552K, reserved 24576K
}
Event: 7.636 GC heap after
{Heap after GC invocations=5 (full 4):
 def new generation   total 2407488K, used 0K [0x00007f0cb8600000, 0x00007f0d5ba40000, 0x00007f120db50000)
  eden space 2140032K,   0% used [0x00007f0cb8600000, 0x00007f0cb8600000, 0x00007f0d3afe0000)
  from space 267456K,   0% used [0x00007f0d3afe0000, 0x00007f0d3afe0000, 0x00007f0d4b510000)
  to   space 267456K,   0% used [0x00007f0d4b510000, 0x00007f0d4b510000, 0x00007f0d5ba40000)
 tenured generation   total 5349820K, used 3154863K [0x00007f120db50000, 0x00007f13543bf000, 0x00007f1cb8600000)
   the space 5349820K,  58% used [0x00007f120db50000, 0x00007f12ce43bc18, 0x00007f12ce43be00, 0x00007f13543bf000)
 Metaspace       used 22992K, capacity 23387K, committed 23552K, reserved 24576K
}

