# JRE version: OpenJDK Runtime Environment (13.0.7+5) (build 13.0.7+5-Ubuntu-0ubuntu120.04)
# Java VM: OpenJDK 64-Bit Server VM (13.0.7+5-Ubuntu-0ubuntu120.04, mixed mode, tiered, serial gc, linux-amd64)
Heap:
 def new generation   total 629248K, used 0K [0x00007f3d4c600000, 0x00007f3d770c0000, 0x00007f42a1b50000)
  eden space 559360K,   0% used [0x00007f3d4c600000, 0x00007f3d4c600000, 0x00007f3d6e840000)
  from space 69888K,   0% used [0x00007f3d72c80000, 0x00007f3d72c80000, 0x00007f3d770c0000)
  to   space 69888K,   0% used [0x00007f3d6e840000, 0x00007f3d6e840000, 0x00007f3d72c80000)
 tenured generation   total 9786756K, used 8665543K [0x00007f42a1b50000, 0x00007f44f70b1000, 0x00007f4d4c600000)
   the space 9786756K,  88% used [0x00007f42a1b50000, 0x00007f44b29c1d90, 0x00007f44b29c1e00, 0x00007f44f70b1000)
 Metaspace       used 23221K, capacity 23587K, committed 23808K, reserved 24576K
GC Heap History (15 events):
Event: 2.361 GC heap before
{Heap before GC invocations=0 (full 0):
 def new generation   total 629120K, used 111850K [0x00007f3d4c600000, 0x00007f3d770a0000, 0x00007f42a1b50000)
  eden space 559232K,  20% used [0x00007f3d4c600000, 0x00007f3d5333a8d0, 0x00007f3d6e820000)
  from space 69888K,   0% used [0x00007f3d6e820000, 0x00007f3d6e820000, 0x00007f3d72c60000)
  to   space 69888K,   0% used [0x00007f3d72c60000, 0x00007f3d72c60000, 0x00007f3d770a0000)
 tenured generation   total 1398144K, used 0K [0x00007f42a1b50000, 0x00007f42f70b0000, 0x00007f4d4c600000)
   the space 1398144K,   0% used [0x00007f42a1b50000, 0x00007f42a1b50000, 0x00007f42a1b50200, 0x00007f42f70b0000)
 Metaspace       used 20924K, capacity 21208K, committed 21248K, reserved 22528K
}
Event: 2.406 GC heap after
{Heap after GC invocations=1 (full 1):
 def new generation   total 629248K, used 0K [0x00007f3d4c600000, 0x00007f3d770c0000, 0x00007f42a1b50000)
  eden space 559360K,   0% used [0x00007f3d4c600000, 0x00007f3d4c600000, 0x00007f3d6e840000)
  from space 69888K,   0% used [0x00007f3d6e840000, 0x00007f3d6e840000, 0x00007f3d72c80000)
  to   space 69888K,   0% used [0x00007f3d72c80000, 0x00007f3d72c80000, 0x00007f3d770c0000)
 tenured generation   total 1398144K, used 13606K [0x00007f42a1b50000, 0x00007f42f70b0000, 0x00007f4d4c600000)
   the space 1398144K,   0% used [0x00007f42a1b50000, 0x00007f42a2899a98, 0x00007f42a2899c00, 0x00007f42f70b0000)
 Metaspace       used 20924K, capacity 21208K, committed 21248K, reserved 22528K
}
Event: 3.398 GC heap before
{Heap before GC invocations=1 (full 1):
 def new generation   total 629248K, used 559360K [0x00007f3d4c600000, 0x00007f3d770c0000, 0x00007f42a1b50000)
  eden space 559360K, 100% used [0x00007f3d4c600000, 0x00007f3d6e840000, 0x00007f3d6e840000)
  from space 69888K,   0% used [0x00007f3d6e840000, 0x00007f3d6e840000, 0x00007f3d72c80000)
  to   space 69888K,   0% used [0x00007f3d72c80000, 0x00007f3d72c80000, 0x00007f3d770c0000)
 tenured generation   total 1398144K, used 13606K [0x00007f42a1b50000, 0x00007f42f70b0000, 0x00007f4d4c600000)
   the space 1398144K,   0% used [0x00007f42a1b50000, 0x00007f42a2899a98, 0x00007f42a2899c00, 0x00007f42f70b0000)
 Metaspace       used 22726K, capacity 23136K, committed 23296K, reserved 24576K
}
Event: 3.404 GC heap after
{Heap after GC invocations=2 (full 1):
 def new generation   total 629248K, used 677K [0x00007f3d4c600000, 0x00007f3d770c0000, 0x00007f42a1b50000)
  eden space 559360K,   0% used [0x00007f3d4c600000, 0x00007f3d4c600000, 0x00007f3d6e840000)
  from space 69888K,   0% used [0x00007f3d72c80000, 0x00007f3d72d29718, 0x00007f3d770c0000)
  to   space 69888K,   0% used [0x00007f3d6e840000, 0x00007f3d6e840000, 0x00007f3d72c80000)
 tenured generation   total 1398144K, used 13606K [0x00007f42a1b50000, 0x00007f42f70b0000, 0x00007f4d4c600000)
   the space 1398144K,   0% used [0x00007f42a1b50000, 0x00007f42a2899a98, 0x00007f42a2899c00, 0x00007f42f70b0000)
 Metaspace       used 22726K, capacity 23136K, committed 23296K, reserved 24576K
}
Event: 4.479 GC heap before
{Heap before GC invocations=2 (full 1):
 def new generation   total 629248K, used 560037K [0x00007f3d4c600000, 0x00007f3d770c0000, 0x00007f42a1b50000)
  eden space 559360K, 100% used [0x00007f3d4c600000, 0x00007f3d6e840000, 0x00007f3d6e840000)
  from space 69888K,   0% used [0x00007f3d72c80000, 0x00007f3d72d29718, 0x00007f3d770c0000)
  to   space 69888K,   0% used [0x00007f3d6e840000, 0x00007f3d6e840000, 0x00007f3d72c80000)
 tenured generation   total 1398144K, used 13606K [0x00007f42a1b50000, 0x00007f42f70b0000, 0x00007f4d4c600000)
   the space 1398144K,   0% used [0x00007f42a1b50000, 0x00007f42a2899a98, 0x00007f42a2899c00, 0x00007f42f70b0000)
 Metaspace       used 22995K, capacity 23361K, committed 23552K, reserved 24576K
}
Event: 4.483 GC heap after
{Heap after GC invocations=3 (full 1):
 def new generation   total 629248K, used 887K [0x00007f3d4c600000, 0x00007f3d770c0000, 0x00007f42a1b50000)
  eden space 559360K,   0% used [0x00007f3d4c600000, 0x00007f3d4c600000, 0x00007f3d6e840000)
  from space 69888K,   1% used [0x00007f3d6e840000, 0x00007f3d6e91dc98, 0x00007f3d72c80000)
  to   space 69888K,   0% used [0x00007f3d72c80000, 0x00007f3d72c80000, 0x00007f3d770c0000)
 tenured generation   total 1398144K, used 13606K [0x00007f42a1b50000, 0x00007f42f70b0000, 0x00007f4d4c600000)
   the space 1398144K,   0% used [0x00007f42a1b50000, 0x00007f42a2899a98, 0x00007f42a2899c00, 0x00007f42f70b0000)
 Metaspace       used 22995K, capacity 23361K, committed 23552K, reserved 24576K
}
Event: 5.467 GC heap before
{Heap before GC invocations=3 (full 1):
 def new generation   total 629248K, used 510993K [0x00007f3d4c600000, 0x00007f3d770c0000, 0x00007f42a1b50000)
  eden space 559360K,  91% used [0x00007f3d4c600000, 0x00007f3d6b826b48, 0x00007f3d6e840000)
  from space 69888K,   1% used [0x00007f3d6e840000, 0x00007f3d6e91dc98, 0x00007f3d72c80000)
  to   space 69888K,   0% used [0x00007f3d72c80000, 0x00007f3d72c80000, 0x00007f3d770c0000)
 tenured generation   total 1398144K, used 13606K [0x00007f42a1b50000, 0x00007f42f70b0000, 0x00007f4d4c600000)
   the space 1398144K,   0% used [0x00007f42a1b50000, 0x00007f42a2899a98, 0x00007f42a2899c00, 0x00007f42f70b0000)
 Metaspace       used 23220K, capacity 23587K, committed 23808K, reserved 24576K
}
Event: 5.477 GC heap after
{Heap after GC invocations=4 (full 1):
 def new generation   total 629248K, used 5287K [0x00007f3d4c600000, 0x00007f3d770c0000, 0x00007f42a1b50000)
  eden space 559360K,   0% used [0x00007f3d4c600000, 0x00007f3d4c600000, 0x00007f3d6e840000)
  from space 69888K,   7% used [0x00007f3d72c80000, 0x00007f3d731a9d40, 0x00007f3d770c0000)
  to   space 69888K,   0% used [0x00007f3d6e840000, 0x00007f3d6e840000, 0x00007f3d72c80000)
 tenured generation   total 1398144K, used 13606K [0x00007f42a1b50000, 0x00007f42f70b0000, 0x00007f4d4c600000)
   the space 1398144K,   0% used [0x00007f42a1b50000, 0x00007f42a2899a98, 0x00007f42a2899c00, 0x00007f42f70b0000)
 Metaspace       used 23220K, capacity 23587K, committed 23808K, reserved 24576K
}
Event: 6.723 GC heap before
{Heap before GC invocations=4 (full 1):
 def new generation   total 629248K, used 542892K [0x00007f3d4c600000, 0x00007f3d770c0000, 0x00007f42a1b50000)
  eden space 559360K,  96% used [0x00007f3d4c600000, 0x00007f3d6d3015c8, 0x00007f3d6e840000)
  from space 69888K,   7% used [0x00007f3d72c80000, 0x00007f3d731a9d40, 0x00007f3d770c0000)
  to   space 69888K,   0% used [0x00007f3d6e840000, 0x00007f3d6e840000, 0x00007f3d72c80000)
 tenured generation   total 1398144K, used 13606K [0x00007f42a1b50000, 0x00007f42f70b0000, 0x00007f4d4c600000)
   the space 1398144K,   0% used [0x00007f42a1b50000, 0x00007f42a2899a98, 0x00007f42a2899c00, 0x00007f42f70b0000)
 Metaspace       used 23221K, capacity 23587K, committed 23808K, reserved 24576K
}
Event: 7.171 GC heap after
{Heap after GC invocations=5 (full 1):
 def new generation   total 629248K, used 1193K [0x00007f3d4c600000, 0x00007f3d770c0000, 0x00007f42a1b50000)
  eden space 559360K,   0% used [0x00007f3d4c600000, 0x00007f3d4c600000, 0x00007f3d6e840000)
  from space 69888K,   1% used [0x00007f3d6e840000, 0x00007f3d6e96a5d8, 0x00007f3d72c80000)
  to   space 69888K,   0% used [0x00007f3d72c80000, 0x00007f3d72c80000, 0x00007f3d770c0000)
 tenured generation   total 1398144K, used 275750K [0x00007f42a1b50000, 0x00007f42f70b0000, 0x00007f4d4c600000)
   the space 1398144K,  19% used [0x00007f42a1b50000, 0x00007f42b2899ac8, 0x00007f42b2899c00, 0x00007f42f70b0000)
 Metaspace       used 23221K, capacity 23587K, committed 23808K, reserved 24576K
}
Event: 7.171 GC heap before
{Heap before GC invocations=5 (full 1):
 def new generation   total 629248K, used 1193K [0x00007f3d4c600000, 0x00007f3d770c0000, 0x00007f42a1b50000)
  eden space 559360K,   0% used [0x00007f3d4c600000, 0x00007f3d4c600000, 0x00007f3d6e840000)
  from space 69888K,   1% used [0x00007f3d6e840000, 0x00007f3d6e96a5d8, 0x00007f3d72c80000)
  to   space 69888K,   0% used [0x00007f3d72c80000, 0x00007f3d72c80000, 0x00007f3d770c0000)
 tenured generation   total 1398144K, used 275750K [0x00007f42a1b50000, 0x00007f42f70b0000, 0x00007f4d4c600000)
   the space 1398144K,  19% used [0x00007f42a1b50000, 0x00007f42b2899ac8, 0x00007f42b2899c00, 0x00007f42f70b0000)
 Metaspace       used 23221K, capacity 23587K, committed 23808K, reserved 24576K
}
Event: 7.225 GC heap after
{Heap after GC invocations=5 (full 2):
 def new generation   total 629248K, used 0K [0x00007f3d4c600000, 0x00007f3d770c0000, 0x00007f42a1b50000)
  eden space 559360K,   0% used [0x00007f3d4c600000, 0x00007f3d4c600000, 0x00007f3d6e840000)
  from space 69888K,   0% used [0x00007f3d6e840000, 0x00007f3d6e840000, 0x00007f3d72c80000)
  to   space 69888K,   0% used [0x00007f3d72c80000, 0x00007f3d72c80000, 0x00007f3d770c0000)
 tenured generation   total 1398144K, used 276935K [0x00007f42a1b50000, 0x00007f42f70b0000, 0x00007f4d4c600000)
   the space 1398144K,  19% used [0x00007f42a1b50000, 0x00007f42b29c1c08, 0x00007f42b29c1e00, 0x00007f42f70b0000)
 Metaspace       used 23221K, capacity 23587K, committed 23808K, reserved 24576K
}
Event: 24.997 GC heap before
{Heap before GC invocations=5 (full 2):
 def new generation   total 629248K, used 10982K [0x00007f3d4c600000, 0x00007f3d770c0000, 0x00007f42a1b50000)
  eden space 559360K,   1% used [0x00007f3d4c600000, 0x00007f3d4d0b9a90, 0x00007f3d6e840000)
  from space 69888K,   0% used [0x00007f3d6e840000, 0x00007f3d6e840000, 0x00007f3d72c80000)
  to   space 69888K,   0% used [0x00007f3d72c80000, 0x00007f3d72c80000, 0x00007f3d770c0000)
 tenured generation   total 9786756K, used 8665543K [0x00007f42a1b50000, 0x00007f44f70b1000, 0x00007f4d4c600000)
   the space 9786756K,  88% used [0x00007f42a1b50000, 0x00007f44b29c1c20, 0x00007f44b29c1e00, 0x00007f44f70b1000)
 Metaspace       used 23221K, capacity 23587K, committed 23808K, reserved 24576K
}
Event: 25.025 GC heap after
{Heap after GC invocations=6 (full 2):
 def new generation   total 629248K, used 0K [0x00007f3d4c600000, 0x00007f3d770c0000, 0x00007f42a1b50000)
  eden space 559360K,   0% used [0x00007f3d4c600000, 0x00007f3d4c600000, 0x00007f3d6e840000)
  from space 69888K,   0% used [0x00007f3d72c80000, 0x00007f3d72c80170, 0x00007f3d770c0000)
  to   space 69888K,   0% used [0x00007f3d6e840000, 0x00007f3d6e840000, 0x00007f3d72c80000)
 tenured generation   total 9786756K, used 8665543K [0x00007f42a1b50000, 0x00007f44f70b1000, 0x00007f4d4c600000)
   the space 9786756K,  88% used [0x00007f42a1b50000, 0x00007f44b29c1c20, 0x00007f44b29c1e00, 0x00007f44f70b1000)
 Metaspace       used 23221K, capacity 23587K, committed 23808K, reserved 24576K
}
Event: 25.025 GC heap before
{Heap before GC invocations=6 (full 2):
 def new generation   total 629248K, used 0K [0x00007f3d4c600000, 0x00007f3d770c0000, 0x00007f42a1b50000)
  eden space 559360K,   0% used [0x00007f3d4c600000, 0x00007f3d4c600000, 0x00007f3d6e840000)
  from space 69888K,   0% used [0x00007f3d72c80000, 0x00007f3d72c80170, 0x00007f3d770c0000)
  to   space 69888K,   0% used [0x00007f3d6e840000, 0x00007f3d6e840000, 0x00007f3d72c80000)
 tenured generation   total 9786756K, used 8665543K [0x00007f42a1b50000, 0x00007f44f70b1000, 0x00007f4d4c600000)
   the space 9786756K,  88% used [0x00007f42a1b50000, 0x00007f44b29c1c20, 0x00007f44b29c1e00, 0x00007f44f70b1000)
 Metaspace       used 23221K, capacity 23587K, committed 23808K, reserved 24576K
}

