# JRE version: OpenJDK Runtime Environment (13.0.7+5) (build 13.0.7+5-Ubuntu-0ubuntu120.04)
# Java VM: OpenJDK 64-Bit Server VM (13.0.7+5-Ubuntu-0ubuntu120.04, mixed mode, tiered, serial gc, linux-amd64)
Heap:
 def new generation   total 8053888K, used 26600K [0x00007ef4dc600000, 0x00007ef6fe900000, 0x00007efa31b50000)
  eden space 7159040K,   0% used [0x00007ef4dc600000, 0x00007ef4ddffa3e8, 0x00007ef691540000)
  from space 894848K,   0% used [0x00007ef6c7f20000, 0x00007ef6c7f20000, 0x00007ef6fe900000)
  to   space 894848K,   0% used [0x00007ef691540000, 0x00007ef691540000, 0x00007ef6c7f20000)
 tenured generation   total 17898400K, used 17898374K [0x00007efa31b50000, 0x00007efe76238000, 0x00007f04dc600000)
   the space 17898400K,  99% used [0x00007efa31b50000, 0x00007efe76231970, 0x00007efe76231a00, 0x00007efe76238000)
 Metaspace       used 24355K, capacity 24777K, committed 24832K, reserved 26624K
GC Heap History (20 events):
Event: 45967.572 GC heap after
{Heap after GC invocations=30457 (full 6):
 def new generation   total 8053888K, used 26614K [0x00007ef4dc600000, 0x00007ef6fe900000, 0x00007efa31b50000)
  eden space 7159040K,   0% used [0x00007ef4dc600000, 0x00007ef4dc600000, 0x00007ef691540000)
  from space 894848K,   2% used [0x00007ef691540000, 0x00007ef692f3d8d0, 0x00007ef6c7f20000)
  to   space 894848K,   0% used [0x00007ef6c7f20000, 0x00007ef6c7f20000, 0x00007ef6fe900000)
 tenured generation   total 17897440K, used 17882172K [0x00007efa31b50000, 0x00007efe76148000, 0x00007f04dc600000)
   the space 17897440K,  99% used [0x00007efa31b50000, 0x00007efe7525f3c0, 0x00007efe7525f400, 0x00007efe76148000)
 Metaspace       used 24355K, capacity 24777K, committed 24832K, reserved 26624K
}
Event: 45970.938 GC heap before
{Heap before GC invocations=30457 (full 6):
 def new generation   total 8053888K, used 7185654K [0x00007ef4dc600000, 0x00007ef6fe900000, 0x00007efa31b50000)
  eden space 7159040K, 100% used [0x00007ef4dc600000, 0x00007ef691540000, 0x00007ef691540000)
  from space 894848K,   2% used [0x00007ef691540000, 0x00007ef692f3d8d0, 0x00007ef6c7f20000)
  to   space 894848K,   0% used [0x00007ef6c7f20000, 0x00007ef6c7f20000, 0x00007ef6fe900000)
 tenured generation   total 17897440K, used 17882172K [0x00007efa31b50000, 0x00007efe76148000, 0x00007f04dc600000)
   the space 17897440K,  99% used [0x00007efa31b50000, 0x00007efe7525f3c0, 0x00007efe7525f400, 0x00007efe76148000)
 Metaspace       used 24355K, capacity 24777K, committed 24832K, reserved 26624K
}
Event: 45970.959 GC heap after
{Heap after GC invocations=30458 (full 6):
 def new generation   total 8053888K, used 26524K [0x00007ef4dc600000, 0x00007ef6fe900000, 0x00007efa31b50000)
  eden space 7159040K,   0% used [0x00007ef4dc600000, 0x00007ef4dc600000, 0x00007ef691540000)
  from space 894848K,   2% used [0x00007ef6c7f20000, 0x00007ef6c99072f0, 0x00007ef6fe900000)
  to   space 894848K,   0% used [0x00007ef691540000, 0x00007ef691540000, 0x00007ef6c7f20000)
 tenured generation   total 17897440K, used 17884078K [0x00007efa31b50000, 0x00007efe76148000, 0x00007f04dc600000)
   the space 17897440K,  99% used [0x00007efa31b50000, 0x00007efe7543b880, 0x00007efe7543ba00, 0x00007efe76148000)
 Metaspace       used 24355K, capacity 24777K, committed 24832K, reserved 26624K
}
Event: 45974.274 GC heap before
{Heap before GC invocations=30458 (full 6):
 def new generation   total 8053888K, used 7185564K [0x00007ef4dc600000, 0x00007ef6fe900000, 0x00007efa31b50000)
  eden space 7159040K, 100% used [0x00007ef4dc600000, 0x00007ef691540000, 0x00007ef691540000)
  from space 894848K,   2% used [0x00007ef6c7f20000, 0x00007ef6c99072f0, 0x00007ef6fe900000)
  to   space 894848K,   0% used [0x00007ef691540000, 0x00007ef691540000, 0x00007ef6c7f20000)
 tenured generation   total 17897440K, used 17884078K [0x00007efa31b50000, 0x00007efe76148000, 0x00007f04dc600000)
   the space 17897440K,  99% used [0x00007efa31b50000, 0x00007efe7543b880, 0x00007efe7543ba00, 0x00007efe76148000)
 Metaspace       used 24355K, capacity 24777K, committed 24832K, reserved 26624K
}
Event: 45974.300 GC heap after
{Heap after GC invocations=30459 (full 6):
 def new generation   total 8053888K, used 26526K [0x00007ef4dc600000, 0x00007ef6fe900000, 0x00007efa31b50000)
  eden space 7159040K,   0% used [0x00007ef4dc600000, 0x00007ef4dc600000, 0x00007ef691540000)
  from space 894848K,   2% used [0x00007ef691540000, 0x00007ef692f27838, 0x00007ef6c7f20000)
  to   space 894848K,   0% used [0x00007ef6c7f20000, 0x00007ef6c7f20000, 0x00007ef6fe900000)
 tenured generation   total 17897440K, used 17885983K [0x00007efa31b50000, 0x00007efe76148000, 0x00007f04dc600000)
   the space 17897440K,  99% used [0x00007efa31b50000, 0x00007efe75617d40, 0x00007efe75617e00, 0x00007efe76148000)
 Metaspace       used 24355K, capacity 24777K, committed 24832K, reserved 26624K
}
Event: 45977.746 GC heap before
{Heap before GC invocations=30459 (full 6):
 def new generation   total 8053888K, used 7185566K [0x00007ef4dc600000, 0x00007ef6fe900000, 0x00007efa31b50000)
  eden space 7159040K, 100% used [0x00007ef4dc600000, 0x00007ef691540000, 0x00007ef691540000)
  from space 894848K,   2% used [0x00007ef691540000, 0x00007ef692f27838, 0x00007ef6c7f20000)
  to   space 894848K,   0% used [0x00007ef6c7f20000, 0x00007ef6c7f20000, 0x00007ef6fe900000)
 tenured generation   total 17897440K, used 17885983K [0x00007efa31b50000, 0x00007efe76148000, 0x00007f04dc600000)
   the space 17897440K,  99% used [0x00007efa31b50000, 0x00007efe75617d40, 0x00007efe75617e00, 0x00007efe76148000)
 Metaspace       used 24355K, capacity 24777K, committed 24832K, reserved 26624K
}
Event: 45977.770 GC heap after
{Heap after GC invocations=30460 (full 6):
 def new generation   total 8053888K, used 26572K [0x00007ef4dc600000, 0x00007ef6fe900000, 0x00007efa31b50000)
  eden space 7159040K,   0% used [0x00007ef4dc600000, 0x00007ef4dc600000, 0x00007ef691540000)
  from space 894848K,   2% used [0x00007ef6c7f20000, 0x00007ef6c9913118, 0x00007ef6fe900000)
  to   space 894848K,   0% used [0x00007ef691540000, 0x00007ef691540000, 0x00007ef6c7f20000)
 tenured generation   total 17897440K, used 17887888K [0x00007efa31b50000, 0x00007efe76148000, 0x00007f04dc600000)
   the space 17897440K,  99% used [0x00007efa31b50000, 0x00007efe757f4200, 0x00007efe757f4200, 0x00007efe76148000)
 Metaspace       used 24355K, capacity 24777K, committed 24832K, reserved 26624K
}
Event: 45981.426 GC heap before
{Heap before GC invocations=30460 (full 6):
 def new generation   total 8053888K, used 7185612K [0x00007ef4dc600000, 0x00007ef6fe900000, 0x00007efa31b50000)
  eden space 7159040K, 100% used [0x00007ef4dc600000, 0x00007ef691540000, 0x00007ef691540000)
  from space 894848K,   2% used [0x00007ef6c7f20000, 0x00007ef6c9913118, 0x00007ef6fe900000)
  to   space 894848K,   0% used [0x00007ef691540000, 0x00007ef691540000, 0x00007ef6c7f20000)
 tenured generation   total 17897440K, used 17887888K [0x00007efa31b50000, 0x00007efe76148000, 0x00007f04dc600000)
   the space 17897440K,  99% used [0x00007efa31b50000, 0x00007efe757f4200, 0x00007efe757f4200, 0x00007efe76148000)
 Metaspace       used 24355K, capacity 24777K, committed 24832K, reserved 26624K
}
Event: 45981.447 GC heap after
{Heap after GC invocations=30461 (full 6):
 def new generation   total 8053888K, used 26613K [0x00007ef4dc600000, 0x00007ef6fe900000, 0x00007efa31b50000)
  eden space 7159040K,   0% used [0x00007ef4dc600000, 0x00007ef4dc600000, 0x00007ef691540000)
  from space 894848K,   2% used [0x00007ef691540000, 0x00007ef692f3d708, 0x00007ef6c7f20000)
  to   space 894848K,   0% used [0x00007ef6c7f20000, 0x00007ef6c7f20000, 0x00007ef6fe900000)
 tenured generation   total 17897440K, used 17889741K [0x00007efa31b50000, 0x00007efe76148000, 0x00007f04dc600000)
   the space 17897440K,  99% used [0x00007efa31b50000, 0x00007efe759c3550, 0x00007efe759c3600, 0x00007efe76148000)
 Metaspace       used 24355K, capacity 24777K, committed 24832K, reserved 26624K
}
Event: 45985.038 GC heap before
{Heap before GC invocations=30461 (full 6):
 def new generation   total 8053888K, used 7185653K [0x00007ef4dc600000, 0x00007ef6fe900000, 0x00007efa31b50000)
  eden space 7159040K, 100% used [0x00007ef4dc600000, 0x00007ef691540000, 0x00007ef691540000)
  from space 894848K,   2% used [0x00007ef691540000, 0x00007ef692f3d708, 0x00007ef6c7f20000)
  to   space 894848K,   0% used [0x00007ef6c7f20000, 0x00007ef6c7f20000, 0x00007ef6fe900000)
 tenured generation   total 17897440K, used 17889741K [0x00007efa31b50000, 0x00007efe76148000, 0x00007f04dc600000)
   the space 17897440K,  99% used [0x00007efa31b50000, 0x00007efe759c3550, 0x00007efe759c3600, 0x00007efe76148000)
 Metaspace       used 24355K, capacity 24777K, committed 24832K, reserved 26624K
}
Event: 45985.057 GC heap after
{Heap after GC invocations=30462 (full 6):
 def new generation   total 8053888K, used 26601K [0x00007ef4dc600000, 0x00007ef6fe900000, 0x00007efa31b50000)
  eden space 7159040K,   0% used [0x00007ef4dc600000, 0x00007ef4dc600000, 0x00007ef691540000)
  from space 894848K,   2% used [0x00007ef6c7f20000, 0x00007ef6c991a7a8, 0x00007ef6fe900000)
  to   space 894848K,   0% used [0x00007ef691540000, 0x00007ef691540000, 0x00007ef6c7f20000)
 tenured generation   total 17897440K, used 17891650K [0x00007efa31b50000, 0x00007efe76148000, 0x00007f04dc600000)
   the space 17897440K,  99% used [0x00007efa31b50000, 0x00007efe75ba0910, 0x00007efe75ba0a00, 0x00007efe76148000)
 Metaspace       used 24355K, capacity 24777K, committed 24832K, reserved 26624K
}
Event: 45988.432 GC heap before
{Heap before GC invocations=30462 (full 6):
 def new generation   total 8053888K, used 7185641K [0x00007ef4dc600000, 0x00007ef6fe900000, 0x00007efa31b50000)
  eden space 7159040K, 100% used [0x00007ef4dc600000, 0x00007ef691540000, 0x00007ef691540000)
  from space 894848K,   2% used [0x00007ef6c7f20000, 0x00007ef6c991a7a8, 0x00007ef6fe900000)
  to   space 894848K,   0% used [0x00007ef691540000, 0x00007ef691540000, 0x00007ef6c7f20000)
 tenured generation   total 17897440K, used 17891650K [0x00007efa31b50000, 0x00007efe76148000, 0x00007f04dc600000)
   the space 17897440K,  99% used [0x00007efa31b50000, 0x00007efe75ba0910, 0x00007efe75ba0a00, 0x00007efe76148000)
 Metaspace       used 24355K, capacity 24777K, committed 24832K, reserved 26624K
}
Event: 45988.451 GC heap after
{Heap after GC invocations=30463 (full 6):
 def new generation   total 8053888K, used 26522K [0x00007ef4dc600000, 0x00007ef6fe900000, 0x00007efa31b50000)
  eden space 7159040K,   0% used [0x00007ef4dc600000, 0x00007ef4dc600000, 0x00007ef691540000)
  from space 894848K,   2% used [0x00007ef691540000, 0x00007ef692f26860, 0x00007ef6c7f20000)
  to   space 894848K,   0% used [0x00007ef6c7f20000, 0x00007ef6c7f20000, 0x00007ef6fe900000)
 tenured generation   total 17897440K, used 17893555K [0x00007efa31b50000, 0x00007efe76148000, 0x00007f04dc600000)
   the space 17897440K,  99% used [0x00007efa31b50000, 0x00007efe75d7cdd0, 0x00007efe75d7ce00, 0x00007efe76148000)
 Metaspace       used 24355K, capacity 24777K, committed 24832K, reserved 26624K
}
Event: 45992.027 GC heap before
{Heap before GC invocations=30463 (full 6):
 def new generation   total 8053888K, used 7185562K [0x00007ef4dc600000, 0x00007ef6fe900000, 0x00007efa31b50000)
  eden space 7159040K, 100% used [0x00007ef4dc600000, 0x00007ef691540000, 0x00007ef691540000)
  from space 894848K,   2% used [0x00007ef691540000, 0x00007ef692f26860, 0x00007ef6c7f20000)
  to   space 894848K,   0% used [0x00007ef6c7f20000, 0x00007ef6c7f20000, 0x00007ef6fe900000)
 tenured generation   total 17897440K, used 17893555K [0x00007efa31b50000, 0x00007efe76148000, 0x00007f04dc600000)
   the space 17897440K,  99% used [0x00007efa31b50000, 0x00007efe75d7cdd0, 0x00007efe75d7ce00, 0x00007efe76148000)
 Metaspace       used 24355K, capacity 24777K, committed 24832K, reserved 26624K
}
Event: 45992.051 GC heap after
{Heap after GC invocations=30464 (full 6):
 def new generation   total 8053888K, used 26523K [0x00007ef4dc600000, 0x00007ef6fe900000, 0x00007efa31b50000)
  eden space 7159040K,   0% used [0x00007ef4dc600000, 0x00007ef4dc600000, 0x00007ef691540000)
  from space 894848K,   2% used [0x00007ef6c7f20000, 0x00007ef6c9906dc0, 0x00007ef6fe900000)
  to   space 894848K,   0% used [0x00007ef691540000, 0x00007ef691540000, 0x00007ef6c7f20000)
 tenured generation   total 17897440K, used 17895460K [0x00007efa31b50000, 0x00007efe76148000, 0x00007f04dc600000)
   the space 17897440K,  99% used [0x00007efa31b50000, 0x00007efe75f59290, 0x00007efe75f59400, 0x00007efe76148000)
 Metaspace       used 24355K, capacity 24777K, committed 24832K, reserved 26624K
}
Event: 45995.399 GC heap before
{Heap before GC invocations=30464 (full 6):
 def new generation   total 8053888K, used 7185563K [0x00007ef4dc600000, 0x00007ef6fe900000, 0x00007efa31b50000)
  eden space 7159040K, 100% used [0x00007ef4dc600000, 0x00007ef691540000, 0x00007ef691540000)
  from space 894848K,   2% used [0x00007ef6c7f20000, 0x00007ef6c9906dc0, 0x00007ef6fe900000)
  to   space 894848K,   0% used [0x00007ef691540000, 0x00007ef691540000, 0x00007ef6c7f20000)
 tenured generation   total 17897440K, used 17895460K [0x00007efa31b50000, 0x00007efe76148000, 0x00007f04dc600000)
   the space 17897440K,  99% used [0x00007efa31b50000, 0x00007efe75f59290, 0x00007efe75f59400, 0x00007efe76148000)
 Metaspace       used 24355K, capacity 24777K, committed 24832K, reserved 26624K
}
Event: 45995.421 GC heap after
{Heap after GC invocations=30465 (full 6):
 def new generation   total 8053888K, used 26620K [0x00007ef4dc600000, 0x00007ef6fe900000, 0x00007efa31b50000)
  eden space 7159040K,   0% used [0x00007ef4dc600000, 0x00007ef4dc600000, 0x00007ef691540000)
  from space 894848K,   2% used [0x00007ef691540000, 0x00007ef692f3f238, 0x00007ef6c7f20000)
  to   space 894848K,   0% used [0x00007ef6c7f20000, 0x00007ef6c7f20000, 0x00007ef6fe900000)
 tenured generation   total 17897440K, used 17897207K [0x00007efa31b50000, 0x00007efe76148000, 0x00007f04dc600000)
   the space 17897440K,  99% used [0x00007efa31b50000, 0x00007efe7610de68, 0x00007efe7610e000, 0x00007efe76148000)
 Metaspace       used 24355K, capacity 24777K, committed 24832K, reserved 26624K
}
Event: 45998.767 GC heap before
{Heap before GC invocations=30465 (full 6):
 def new generation   total 8053888K, used 7185660K [0x00007ef4dc600000, 0x00007ef6fe900000, 0x00007efa31b50000)
  eden space 7159040K, 100% used [0x00007ef4dc600000, 0x00007ef691540000, 0x00007ef691540000)
  from space 894848K,   2% used [0x00007ef691540000, 0x00007ef692f3f238, 0x00007ef6c7f20000)
  to   space 894848K,   0% used [0x00007ef6c7f20000, 0x00007ef6c7f20000, 0x00007ef6fe900000)
 tenured generation   total 17897440K, used 17897207K [0x00007efa31b50000, 0x00007efe76148000, 0x00007f04dc600000)
   the space 17897440K,  99% used [0x00007efa31b50000, 0x00007efe7610de68, 0x00007efe7610e000, 0x00007efe76148000)
 Metaspace       used 24355K, capacity 24777K, committed 24832K, reserved 26624K
}
Event: 45998.786 GC heap after
{Heap after GC invocations=30466 (full 6):
 def new generation   total 8053888K, used 26648K [0x00007ef4dc600000, 0x00007ef6fe900000, 0x00007efa31b50000)
  eden space 7159040K,   0% used [0x00007ef4dc600000, 0x00007ef4dc600000, 0x00007ef691540000)
  from space 894848K,   2% used [0x00007ef6c7f20000, 0x00007ef6c9926038, 0x00007ef6fe900000)
  to   space 894848K,   0% used [0x00007ef691540000, 0x00007ef691540000, 0x00007ef6c7f20000)
 tenured generation   total 17898400K, used 17898327K [0x00007efa31b50000, 0x00007efe76238000, 0x00007f04dc600000)
   the space 17898400K,  99% used [0x00007efa31b50000, 0x00007efe76225d20, 0x00007efe76225e00, 0x00007efe76238000)
 Metaspace       used 24355K, capacity 24777K, committed 24832K, reserved 26624K
}
Event: 45998.786 GC heap before
{Heap before GC invocations=30466 (full 6):
 def new generation   total 8053888K, used 26648K [0x00007ef4dc600000, 0x00007ef6fe900000, 0x00007efa31b50000)
  eden space 7159040K,   0% used [0x00007ef4dc600000, 0x00007ef4dc600000, 0x00007ef691540000)
  from space 894848K,   2% used [0x00007ef6c7f20000, 0x00007ef6c9926038, 0x00007ef6fe900000)
  to   space 894848K,   0% used [0x00007ef691540000, 0x00007ef691540000, 0x00007ef6c7f20000)
 tenured generation   total 17898400K, used 17898327K [0x00007efa31b50000, 0x00007efe76238000, 0x00007f04dc600000)
   the space 17898400K,  99% used [0x00007efa31b50000, 0x00007efe76225d20, 0x00007efe76225e00, 0x00007efe76238000)
 Metaspace       used 24355K, capacity 24777K, committed 24832K, reserved 26624K
}

