# JRE version: OpenJDK Runtime Environment (13.0.7+5) (build 13.0.7+5-Ubuntu-0ubuntu120.04)
# Java VM: OpenJDK 64-Bit Server VM (13.0.7+5-Ubuntu-0ubuntu120.04, mixed mode, tiered, serial gc, linux-amd64)
Heap:
 def new generation   total 4234688K, used 470463K [0x00007f3c88600000, 0x00007f3da78e0000, 0x00007f41ddb50000)
  eden space 3764224K,  12% used [0x00007f3c88600000, 0x00007f3ca516fce8, 0x00007f3d6e200000)
  from space 470464K,   0% used [0x00007f3d6e200000, 0x00007f3d6e200000, 0x00007f3d8ad70000)
  to   space 470464K,   0% used [0x00007f3d8ad70000, 0x00007f3d8ad70000, 0x00007f3da78e0000)
 tenured generation   total 10656176K, used 10656051K [0x00007f41ddb50000, 0x00007f44681bc000, 0x00007f4c88600000)
   the space 10656176K,  99% used [0x00007f41ddb50000, 0x00007f446819ce10, 0x00007f446819d000, 0x00007f44681bc000)
 Metaspace       used 30822K, capacity 31272K, committed 31488K, reserved 32768K
GC Heap History (20 events):
Event: 15.111 GC heap after
{Heap after GC invocations=5 (full 1):
 def new generation   total 629248K, used 69887K [0x00007f3c88600000, 0x00007f3cb30c0000, 0x00007f41ddb50000)
  eden space 559360K,   0% used [0x00007f3c88600000, 0x00007f3c88600000, 0x00007f3caa840000)
  from space 69888K,  99% used [0x00007f3caa840000, 0x00007f3caec7ffa0, 0x00007f3caec80000)
  to   space 69888K,   0% used [0x00007f3caec80000, 0x00007f3caec80000, 0x00007f3cb30c0000)
 tenured generation   total 1545792K, used 1545611K [0x00007f41ddb50000, 0x00007f423c0e0000, 0x00007f4c88600000)
   the space 1545792K,  99% used [0x00007f41ddb50000, 0x00007f423c0b2c48, 0x00007f423c0b2e00, 0x00007f423c0e0000)
 Metaspace       used 30819K, capacity 31272K, committed 31488K, reserved 32768K
}
Event: 15.111 GC heap before
{Heap before GC invocations=5 (full 1):
 def new generation   total 629248K, used 69887K [0x00007f3c88600000, 0x00007f3cb30c0000, 0x00007f41ddb50000)
  eden space 559360K,   0% used [0x00007f3c88600000, 0x00007f3c88600000, 0x00007f3caa840000)
  from space 69888K,  99% used [0x00007f3caa840000, 0x00007f3caec7ffa0, 0x00007f3caec80000)
  to   space 69888K,   0% used [0x00007f3caec80000, 0x00007f3caec80000, 0x00007f3cb30c0000)
 tenured generation   total 1545792K, used 1545611K [0x00007f41ddb50000, 0x00007f423c0e0000, 0x00007f4c88600000)
   the space 1545792K,  99% used [0x00007f41ddb50000, 0x00007f423c0b2c48, 0x00007f423c0b2e00, 0x00007f423c0e0000)
 Metaspace       used 30819K, capacity 31272K, committed 31488K, reserved 32768K
}
Event: 15.903 GC heap after
{Heap after GC invocations=5 (full 2):
 def new generation   total 1159296K, used 69887K [0x00007f3c88600000, 0x00007f3cd6fe0000, 0x00007f41ddb50000)
  eden space 1030528K,   6% used [0x00007f3c88600000, 0x00007f3c8ca3ffa0, 0x00007f3cc7460000)
  from space 128768K,   0% used [0x00007f3cc7460000, 0x00007f3cc7460000, 0x00007f3ccf220000)
  to   space 128768K,   0% used [0x00007f3ccf220000, 0x00007f3ccf220000, 0x00007f3cd6fe0000)
 tenured generation   total 2576020K, used 1545611K [0x00007f41ddb50000, 0x00007f427aef5000, 0x00007f4c88600000)
   the space 2576020K,  59% used [0x00007f41ddb50000, 0x00007f423c0b2c48, 0x00007f423c0b2e00, 0x00007f427aef5000)
 Metaspace       used 30819K, capacity 31272K, committed 31488K, reserved 32768K
}
Event: 17.560 GC heap before
{Heap before GC invocations=5 (full 2):
 def new generation   total 1159296K, used 1030528K [0x00007f3c88600000, 0x00007f3cd6fe0000, 0x00007f41ddb50000)
  eden space 1030528K, 100% used [0x00007f3c88600000, 0x00007f3cc7460000, 0x00007f3cc7460000)
  from space 128768K,   0% used [0x00007f3cc7460000, 0x00007f3cc7460000, 0x00007f3ccf220000)
  to   space 128768K,   0% used [0x00007f3ccf220000, 0x00007f3ccf220000, 0x00007f3cd6fe0000)
 tenured generation   total 2576020K, used 1545611K [0x00007f41ddb50000, 0x00007f427aef5000, 0x00007f4c88600000)
   the space 2576020K,  59% used [0x00007f41ddb50000, 0x00007f423c0b2c48, 0x00007f423c0b2e00, 0x00007f427aef5000)
 Metaspace       used 30822K, capacity 31272K, committed 31488K, reserved 32768K
}
Event: 18.817 GC heap after
{Heap after GC invocations=6 (full 2):
 def new generation   total 1159296K, used 128767K [0x00007f3c88600000, 0x00007f3cd6fe0000, 0x00007f41ddb50000)
  eden space 1030528K,   0% used [0x00007f3c88600000, 0x00007f3c88600000, 0x00007f3cc7460000)
  from space 128768K,  99% used [0x00007f3ccf220000, 0x00007f3cd6fdfeb0, 0x00007f3cd6fe0000)
  to   space 128768K,   0% used [0x00007f3cc7460000, 0x00007f3cc7460000, 0x00007f3ccf220000)
 tenured generation   total 2576020K, used 2060899K [0x00007f41ddb50000, 0x00007f427aef5000, 0x00007f4c88600000)
   the space 2576020K,  80% used [0x00007f41ddb50000, 0x00007f425b7e8e48, 0x00007f425b7e9000, 0x00007f427aef5000)
 Metaspace       used 30822K, capacity 31272K, committed 31488K, reserved 32768K
}
Event: 19.332 GC heap before
{Heap before GC invocations=6 (full 2):
 def new generation   total 1159296K, used 1159295K [0x00007f3c88600000, 0x00007f3cd6fe0000, 0x00007f41ddb50000)
  eden space 1030528K, 100% used [0x00007f3c88600000, 0x00007f3cc7460000, 0x00007f3cc7460000)
  from space 128768K,  99% used [0x00007f3ccf220000, 0x00007f3cd6fdfeb0, 0x00007f3cd6fe0000)
  to   space 128768K,   0% used [0x00007f3cc7460000, 0x00007f3cc7460000, 0x00007f3ccf220000)
 tenured generation   total 2576020K, used 2060899K [0x00007f41ddb50000, 0x00007f427aef5000, 0x00007f4c88600000)
   the space 2576020K,  80% used [0x00007f41ddb50000, 0x00007f425b7e8e48, 0x00007f425b7e9000, 0x00007f427aef5000)
 Metaspace       used 30822K, capacity 31272K, committed 31488K, reserved 32768K
}
Event: 20.995 GC heap after
{Heap after GC invocations=7 (full 2):
 def new generation   total 1159296K, used 128767K [0x00007f3c88600000, 0x00007f3cd6fe0000, 0x00007f41ddb50000)
  eden space 1030528K,   0% used [0x00007f3c88600000, 0x00007f3c88600000, 0x00007f3cc7460000)
  from space 128768K,  99% used [0x00007f3cc7460000, 0x00007f3ccf21fd28, 0x00007f3ccf220000)
  to   space 128768K,   0% used [0x00007f3ccf220000, 0x00007f3ccf220000, 0x00007f3cd6fe0000)
 tenured generation   total 3057940K, used 3057896K [0x00007f41ddb50000, 0x00007f4298595000, 0x00007f4c88600000)
   the space 3057940K,  99% used [0x00007f41ddb50000, 0x00007f429858a030, 0x00007f429858a200, 0x00007f4298595000)
 Metaspace       used 30822K, capacity 31272K, committed 31488K, reserved 32768K
}
Event: 20.995 GC heap before
{Heap before GC invocations=7 (full 2):
 def new generation   total 1159296K, used 128767K [0x00007f3c88600000, 0x00007f3cd6fe0000, 0x00007f41ddb50000)
  eden space 1030528K,   0% used [0x00007f3c88600000, 0x00007f3c88600000, 0x00007f3cc7460000)
  from space 128768K,  99% used [0x00007f3cc7460000, 0x00007f3ccf21fd28, 0x00007f3ccf220000)
  to   space 128768K,   0% used [0x00007f3ccf220000, 0x00007f3ccf220000, 0x00007f3cd6fe0000)
 tenured generation   total 3057940K, used 3057896K [0x00007f41ddb50000, 0x00007f4298595000, 0x00007f4c88600000)
   the space 3057940K,  99% used [0x00007f41ddb50000, 0x00007f429858a030, 0x00007f429858a200, 0x00007f4298595000)
 Metaspace       used 30822K, capacity 31272K, committed 31488K, reserved 32768K
}
Event: 22.879 GC heap after
{Heap after GC invocations=7 (full 3):
 def new generation   total 2293504K, used 128767K [0x00007f3c88600000, 0x00007f3d23e90000, 0x00007f41ddb50000)
  eden space 2038720K,   6% used [0x00007f3c88600000, 0x00007f3c903bfd28, 0x00007f3d04cf0000)
  from space 254784K,   0% used [0x00007f3d04cf0000, 0x00007f3d04cf0000, 0x00007f3d145c0000)
  to   space 254784K,   0% used [0x00007f3d145c0000, 0x00007f3d145c0000, 0x00007f3d23e90000)
 tenured generation   total 5096496K, used 3057896K [0x00007f41ddb50000, 0x00007f4314c5c000, 0x00007f4c88600000)
   the space 5096496K,  59% used [0x00007f41ddb50000, 0x00007f429858a030, 0x00007f429858a200, 0x00007f4314c5c000)
 Metaspace       used 30822K, capacity 31272K, committed 31488K, reserved 32768K
}
Event: 26.356 GC heap before
{Heap before GC invocations=7 (full 3):
 def new generation   total 2293504K, used 2038720K [0x00007f3c88600000, 0x00007f3d23e90000, 0x00007f41ddb50000)
  eden space 2038720K, 100% used [0x00007f3c88600000, 0x00007f3d04cf0000, 0x00007f3d04cf0000)
  from space 254784K,   0% used [0x00007f3d04cf0000, 0x00007f3d04cf0000, 0x00007f3d145c0000)
  to   space 254784K,   0% used [0x00007f3d145c0000, 0x00007f3d145c0000, 0x00007f3d23e90000)
 tenured generation   total 5096496K, used 3057896K [0x00007f41ddb50000, 0x00007f4314c5c000, 0x00007f4c88600000)
   the space 5096496K,  59% used [0x00007f41ddb50000, 0x00007f429858a030, 0x00007f429858a200, 0x00007f4314c5c000)
 Metaspace       used 30822K, capacity 31272K, committed 31488K, reserved 32768K
}
Event: 28.754 GC heap after
{Heap after GC invocations=8 (full 3):
 def new generation   total 2293504K, used 254783K [0x00007f3c88600000, 0x00007f3d23e90000, 0x00007f41ddb50000)
  eden space 2038720K,   0% used [0x00007f3c88600000, 0x00007f3c88600000, 0x00007f3d04cf0000)
  from space 254784K,  99% used [0x00007f3d145c0000, 0x00007f3d23e8ff18, 0x00007f3d23e90000)
  to   space 254784K,   0% used [0x00007f3d04cf0000, 0x00007f3d04cf0000, 0x00007f3d145c0000)
 tenured generation   total 5096496K, used 4097571K [0x00007f41ddb50000, 0x00007f4314c5c000, 0x00007f4c88600000)
   the space 5096496K,  80% used [0x00007f41ddb50000, 0x00007f42d7cd8da0, 0x00007f42d7cd8e00, 0x00007f4314c5c000)
 Metaspace       used 30822K, capacity 31272K, committed 31488K, reserved 32768K
}
Event: 30.921 GC heap before
{Heap before GC invocations=8 (full 3):
 def new generation   total 2293504K, used 2293503K [0x00007f3c88600000, 0x00007f3d23e90000, 0x00007f41ddb50000)
  eden space 2038720K, 100% used [0x00007f3c88600000, 0x00007f3d04cf0000, 0x00007f3d04cf0000)
  from space 254784K,  99% used [0x00007f3d145c0000, 0x00007f3d23e8ff18, 0x00007f3d23e90000)
  to   space 254784K,   0% used [0x00007f3d04cf0000, 0x00007f3d04cf0000, 0x00007f3d145c0000)
 tenured generation   total 5096496K, used 4097571K [0x00007f41ddb50000, 0x00007f4314c5c000, 0x00007f4c88600000)
   the space 5096496K,  80% used [0x00007f41ddb50000, 0x00007f42d7cd8da0, 0x00007f42d7cd8e00, 0x00007f4314c5c000)
 Metaspace       used 30822K, capacity 31272K, committed 31488K, reserved 32768K
}
Event: 33.433 GC heap after
{Heap after GC invocations=9 (full 3):
 def new generation   total 2293504K, used 254783K [0x00007f3c88600000, 0x00007f3d23e90000, 0x00007f41ddb50000)
  eden space 2038720K,   0% used [0x00007f3c88600000, 0x00007f3c88600000, 0x00007f3d04cf0000)
  from space 254784K,  99% used [0x00007f3d04cf0000, 0x00007f3d145bfe50, 0x00007f3d145c0000)
  to   space 254784K,   0% used [0x00007f3d145c0000, 0x00007f3d145c0000, 0x00007f3d23e90000)
 tenured generation   total 5651760K, used 5651638K [0x00007f41ddb50000, 0x00007f4336a9c000, 0x00007f4c88600000)
   the space 5651760K,  99% used [0x00007f41ddb50000, 0x00007f4336a7da48, 0x00007f4336a7dc00, 0x00007f4336a9c000)
 Metaspace       used 30822K, capacity 31272K, committed 31488K, reserved 32768K
}
Event: 33.433 GC heap before
{Heap before GC invocations=9 (full 3):
 def new generation   total 2293504K, used 254783K [0x00007f3c88600000, 0x00007f3d23e90000, 0x00007f41ddb50000)
  eden space 2038720K,   0% used [0x00007f3c88600000, 0x00007f3c88600000, 0x00007f3d04cf0000)
  from space 254784K,  99% used [0x00007f3d04cf0000, 0x00007f3d145bfe50, 0x00007f3d145c0000)
  to   space 254784K,   0% used [0x00007f3d145c0000, 0x00007f3d145c0000, 0x00007f3d23e90000)
 tenured generation   total 5651760K, used 5651638K [0x00007f41ddb50000, 0x00007f4336a9c000, 0x00007f4c88600000)
   the space 5651760K,  99% used [0x00007f41ddb50000, 0x00007f4336a7da48, 0x00007f4336a7dc00, 0x00007f4336a9c000)
 Metaspace       used 30822K, capacity 31272K, committed 31488K, reserved 32768K
}
Event: 40.308 GC heap after
{Heap after GC invocations=9 (full 4):
 def new generation   total 4234688K, used 254783K [0x00007f3c88600000, 0x00007f3da78e0000, 0x00007f41ddb50000)
  eden space 3764224K,   6% used [0x00007f3c88600000, 0x00007f3c97ecfe50, 0x00007f3d6e200000)
  from space 470464K,   0% used [0x00007f3d6e200000, 0x00007f3d6e200000, 0x00007f3d8ad70000)
  to   space 470464K,   0% used [0x00007f3d8ad70000, 0x00007f3d8ad70000, 0x00007f3da78e0000)
 tenured generation   total 9410288K, used 5646172K [0x00007f41ddb50000, 0x00007f441c10c000, 0x00007f4c88600000)
   the space 9410288K,  59% used [0x00007f41ddb50000, 0x00007f4336527328, 0x00007f4336527400, 0x00007f441c10c000)
 Metaspace       used 30822K, capacity 31272K, committed 31488K, reserved 32768K
}
Event: 44.997 GC heap before
{Heap before GC invocations=9 (full 4):
 def new generation   total 4234688K, used 3764224K [0x00007f3c88600000, 0x00007f3da78e0000, 0x00007f41ddb50000)
  eden space 3764224K, 100% used [0x00007f3c88600000, 0x00007f3d6e200000, 0x00007f3d6e200000)
  from space 470464K,   0% used [0x00007f3d6e200000, 0x00007f3d6e200000, 0x00007f3d8ad70000)
  to   space 470464K,   0% used [0x00007f3d8ad70000, 0x00007f3d8ad70000, 0x00007f3da78e0000)
 tenured generation   total 9410288K, used 5646172K [0x00007f41ddb50000, 0x00007f441c10c000, 0x00007f4c88600000)
   the space 9410288K,  59% used [0x00007f41ddb50000, 0x00007f4336527328, 0x00007f4336527400, 0x00007f441c10c000)
 Metaspace       used 30822K, capacity 31272K, committed 31488K, reserved 32768K
}
Event: 52.419 GC heap after
{Heap after GC invocations=10 (full 4):
 def new generation   total 4234688K, used 470463K [0x00007f3c88600000, 0x00007f3da78e0000, 0x00007f41ddb50000)
  eden space 3764224K,   0% used [0x00007f3c88600000, 0x00007f3c88600000, 0x00007f3d6e200000)
  from space 470464K,  99% used [0x00007f3d8ad70000, 0x00007f3da78dfea0, 0x00007f3da78e0000)
  to   space 470464K,   0% used [0x00007f3d6e200000, 0x00007f3d6e200000, 0x00007f3d8ad70000)
 tenured generation   total 9410288K, used 8120688K [0x00007f41ddb50000, 0x00007f441c10c000, 0x00007f4c88600000)
   the space 9410288K,  86% used [0x00007f41ddb50000, 0x00007f43cd5ac050, 0x00007f43cd5ac200, 0x00007f441c10c000)
 Metaspace       used 30822K, capacity 31272K, committed 31488K, reserved 32768K
}
Event: 59.732 GC heap before
{Heap before GC invocations=10 (full 4):
 def new generation   total 4234688K, used 4234687K [0x00007f3c88600000, 0x00007f3da78e0000, 0x00007f41ddb50000)
  eden space 3764224K, 100% used [0x00007f3c88600000, 0x00007f3d6e200000, 0x00007f3d6e200000)
  from space 470464K,  99% used [0x00007f3d8ad70000, 0x00007f3da78dfea0, 0x00007f3da78e0000)
  to   space 470464K,   0% used [0x00007f3d6e200000, 0x00007f3d6e200000, 0x00007f3d8ad70000)
 tenured generation   total 9410288K, used 8120688K [0x00007f41ddb50000, 0x00007f441c10c000, 0x00007f4c88600000)
   the space 9410288K,  86% used [0x00007f41ddb50000, 0x00007f43cd5ac050, 0x00007f43cd5ac200, 0x00007f441c10c000)
 Metaspace       used 30822K, capacity 31272K, committed 31488K, reserved 32768K
}
Event: 64.222 GC heap after
{Heap after GC invocations=11 (full 4):
 def new generation   total 4234688K, used 470463K [0x00007f3c88600000, 0x00007f3da78e0000, 0x00007f41ddb50000)
  eden space 3764224K,   0% used [0x00007f3c88600000, 0x00007f3c88600000, 0x00007f3d6e200000)
  from space 470464K,  99% used [0x00007f3d6e200000, 0x00007f3d8ad6fce8, 0x00007f3d8ad70000)
  to   space 470464K,   0% used [0x00007f3d8ad70000, 0x00007f3d8ad70000, 0x00007f3da78e0000)
 tenured generation   total 10656176K, used 10656051K [0x00007f41ddb50000, 0x00007f44681bc000, 0x00007f4c88600000)
   the space 10656176K,  99% used [0x00007f41ddb50000, 0x00007f446819ce10, 0x00007f446819d000, 0x00007f44681bc000)
 Metaspace       used 30822K, capacity 31272K, committed 31488K, reserved 32768K
}
Event: 64.223 GC heap before
{Heap before GC invocations=11 (full 4):
 def new generation   total 4234688K, used 470463K [0x00007f3c88600000, 0x00007f3da78e0000, 0x00007f41ddb50000)
  eden space 3764224K,   0% used [0x00007f3c88600000, 0x00007f3c88600000, 0x00007f3d6e200000)
  from space 470464K,  99% used [0x00007f3d6e200000, 0x00007f3d8ad6fce8, 0x00007f3d8ad70000)
  to   space 470464K,   0% used [0x00007f3d8ad70000, 0x00007f3d8ad70000, 0x00007f3da78e0000)
 tenured generation   total 10656176K, used 10656051K [0x00007f41ddb50000, 0x00007f44681bc000, 0x00007f4c88600000)
   the space 10656176K,  99% used [0x00007f41ddb50000, 0x00007f446819ce10, 0x00007f446819d000, 0x00007f44681bc000)
 Metaspace       used 30822K, capacity 31272K, committed 31488K, reserved 32768K
}

