# JRE version: OpenJDK Runtime Environment (13.0.7+5) (build 13.0.7+5-Ubuntu-0ubuntu120.04)
# Java VM: OpenJDK 64-Bit Server VM (13.0.7+5-Ubuntu-0ubuntu120.04, mixed mode, tiered, serial gc, linux-amd64)
Heap:
 def new generation   total 1748032K, used 5889K [0x00007f6fc0600000, 0x00007f7036eb0000, 0x00007f7515b50000)
  eden space 1553856K,   0% used [0x00007f6fc0600000, 0x00007f6fc0bc05d8, 0x00007f701f370000)
  from space 194176K,   0% used [0x00007f702b110000, 0x00007f702b110000, 0x00007f7036eb0000)
  to   space 194176K,   0% used [0x00007f701f370000, 0x00007f701f370000, 0x00007f702b110000)
 tenured generation   total 3884952K, used 3884951K [0x00007f7515b50000, 0x00007f7602d36000, 0x00007f7fc0600000)
   the space 3884952K,  99% used [0x00007f7515b50000, 0x00007f7602d35fd8, 0x00007f7602d36000, 0x00007f7602d36000)
 Metaspace       used 24309K, capacity 24689K, committed 24832K, reserved 26624K
GC Heap History (20 events):
Event: 5472.715 GC heap after
{Heap after GC invocations=6755 (full 3):
 def new generation   total 1748032K, used 15147K [0x00007f6fc0600000, 0x00007f7036eb0000, 0x00007f7515b50000)
  eden space 1553856K,   0% used [0x00007f6fc0600000, 0x00007f6fc0600000, 0x00007f701f370000)
  from space 194176K,   7% used [0x00007f701f370000, 0x00007f702023afc0, 0x00007f702b110000)
  to   space 194176K,   0% used [0x00007f702b110000, 0x00007f702b110000, 0x00007f7036eb0000)
 tenured generation   total 3884376K, used 3875901K [0x00007f7515b50000, 0x00007f7602ca6000, 0x00007f7fc0600000)
   the space 3884376K,  99% used [0x00007f7515b50000, 0x00007f760245f6e0, 0x00007f760245f800, 0x00007f7602ca6000)
 Metaspace       used 24309K, capacity 24689K, committed 24832K, reserved 26624K
}
Event: 5474.027 GC heap before
{Heap before GC invocations=6755 (full 3):
 def new generation   total 1748032K, used 1569003K [0x00007f6fc0600000, 0x00007f7036eb0000, 0x00007f7515b50000)
  eden space 1553856K, 100% used [0x00007f6fc0600000, 0x00007f701f370000, 0x00007f701f370000)
  from space 194176K,   7% used [0x00007f701f370000, 0x00007f702023afc0, 0x00007f702b110000)
  to   space 194176K,   0% used [0x00007f702b110000, 0x00007f702b110000, 0x00007f7036eb0000)
 tenured generation   total 3884376K, used 3875901K [0x00007f7515b50000, 0x00007f7602ca6000, 0x00007f7fc0600000)
   the space 3884376K,  99% used [0x00007f7515b50000, 0x00007f760245f6e0, 0x00007f760245f800, 0x00007f7602ca6000)
 Metaspace       used 24309K, capacity 24689K, committed 24832K, reserved 26624K
}
Event: 5474.057 GC heap after
{Heap after GC invocations=6756 (full 3):
 def new generation   total 1748032K, used 15816K [0x00007f6fc0600000, 0x00007f7036eb0000, 0x00007f7515b50000)
  eden space 1553856K,   0% used [0x00007f6fc0600000, 0x00007f6fc0600000, 0x00007f701f370000)
  from space 194176K,   8% used [0x00007f702b110000, 0x00007f702c082018, 0x00007f7036eb0000)
  to   space 194176K,   0% used [0x00007f701f370000, 0x00007f701f370000, 0x00007f702b110000)
 tenured generation   total 3884376K, used 3876471K [0x00007f7515b50000, 0x00007f7602ca6000, 0x00007f7fc0600000)
   the space 3884376K,  99% used [0x00007f7515b50000, 0x00007f76024ede68, 0x00007f76024ee000, 0x00007f7602ca6000)
 Metaspace       used 24309K, capacity 24689K, committed 24832K, reserved 26624K
}
Event: 5475.356 GC heap before
{Heap before GC invocations=6756 (full 3):
 def new generation   total 1748032K, used 1569672K [0x00007f6fc0600000, 0x00007f7036eb0000, 0x00007f7515b50000)
  eden space 1553856K, 100% used [0x00007f6fc0600000, 0x00007f701f370000, 0x00007f701f370000)
  from space 194176K,   8% used [0x00007f702b110000, 0x00007f702c082018, 0x00007f7036eb0000)
  to   space 194176K,   0% used [0x00007f701f370000, 0x00007f701f370000, 0x00007f702b110000)
 tenured generation   total 3884376K, used 3876471K [0x00007f7515b50000, 0x00007f7602ca6000, 0x00007f7fc0600000)
   the space 3884376K,  99% used [0x00007f7515b50000, 0x00007f76024ede68, 0x00007f76024ee000, 0x00007f7602ca6000)
 Metaspace       used 24309K, capacity 24689K, committed 24832K, reserved 26624K
}
Event: 5475.392 GC heap after
{Heap after GC invocations=6757 (full 3):
 def new generation   total 1748032K, used 15733K [0x00007f6fc0600000, 0x00007f7036eb0000, 0x00007f7515b50000)
  eden space 1553856K,   0% used [0x00007f6fc0600000, 0x00007f6fc0600000, 0x00007f701f370000)
  from space 194176K,   8% used [0x00007f701f370000, 0x00007f70202cd570, 0x00007f702b110000)
  to   space 194176K,   0% used [0x00007f702b110000, 0x00007f702b110000, 0x00007f7036eb0000)
 tenured generation   total 3884376K, used 3877124K [0x00007f7515b50000, 0x00007f7602ca6000, 0x00007f7fc0600000)
   the space 3884376K,  99% used [0x00007f7515b50000, 0x00007f7602591328, 0x00007f7602591400, 0x00007f7602ca6000)
 Metaspace       used 24309K, capacity 24689K, committed 24832K, reserved 26624K
}
Event: 5476.730 GC heap before
{Heap before GC invocations=6757 (full 3):
 def new generation   total 1748032K, used 1569589K [0x00007f6fc0600000, 0x00007f7036eb0000, 0x00007f7515b50000)
  eden space 1553856K, 100% used [0x00007f6fc0600000, 0x00007f701f370000, 0x00007f701f370000)
  from space 194176K,   8% used [0x00007f701f370000, 0x00007f70202cd570, 0x00007f702b110000)
  to   space 194176K,   0% used [0x00007f702b110000, 0x00007f702b110000, 0x00007f7036eb0000)
 tenured generation   total 3884376K, used 3877124K [0x00007f7515b50000, 0x00007f7602ca6000, 0x00007f7fc0600000)
   the space 3884376K,  99% used [0x00007f7515b50000, 0x00007f7602591328, 0x00007f7602591400, 0x00007f7602ca6000)
 Metaspace       used 24309K, capacity 24689K, committed 24832K, reserved 26624K
}
Event: 5476.771 GC heap after
{Heap after GC invocations=6758 (full 3):
 def new generation   total 1748032K, used 14840K [0x00007f6fc0600000, 0x00007f7036eb0000, 0x00007f7515b50000)
  eden space 1553856K,   0% used [0x00007f6fc0600000, 0x00007f6fc0600000, 0x00007f701f370000)
  from space 194176K,   7% used [0x00007f702b110000, 0x00007f702bf8e258, 0x00007f7036eb0000)
  to   space 194176K,   0% used [0x00007f701f370000, 0x00007f701f370000, 0x00007f702b110000)
 tenured generation   total 3884376K, used 3878621K [0x00007f7515b50000, 0x00007f7602ca6000, 0x00007f7fc0600000)
   the space 3884376K,  99% used [0x00007f7515b50000, 0x00007f7602707768, 0x00007f7602707800, 0x00007f7602ca6000)
 Metaspace       used 24309K, capacity 24689K, committed 24832K, reserved 26624K
}
Event: 5478.104 GC heap before
{Heap before GC invocations=6758 (full 3):
 def new generation   total 1748032K, used 1568696K [0x00007f6fc0600000, 0x00007f7036eb0000, 0x00007f7515b50000)
  eden space 1553856K, 100% used [0x00007f6fc0600000, 0x00007f701f370000, 0x00007f701f370000)
  from space 194176K,   7% used [0x00007f702b110000, 0x00007f702bf8e258, 0x00007f7036eb0000)
  to   space 194176K,   0% used [0x00007f701f370000, 0x00007f701f370000, 0x00007f702b110000)
 tenured generation   total 3884376K, used 3878621K [0x00007f7515b50000, 0x00007f7602ca6000, 0x00007f7fc0600000)
   the space 3884376K,  99% used [0x00007f7515b50000, 0x00007f7602707768, 0x00007f7602707800, 0x00007f7602ca6000)
 Metaspace       used 24309K, capacity 24689K, committed 24832K, reserved 26624K
}
Event: 5478.140 GC heap after
{Heap after GC invocations=6759 (full 3):
 def new generation   total 1748032K, used 14578K [0x00007f6fc0600000, 0x00007f7036eb0000, 0x00007f7515b50000)
  eden space 1553856K,   0% used [0x00007f6fc0600000, 0x00007f6fc0600000, 0x00007f701f370000)
  from space 194176K,   7% used [0x00007f701f370000, 0x00007f70201acb58, 0x00007f702b110000)
  to   space 194176K,   0% used [0x00007f702b110000, 0x00007f702b110000, 0x00007f7036eb0000)
 tenured generation   total 3884376K, used 3880364K [0x00007f7515b50000, 0x00007f7602ca6000, 0x00007f7fc0600000)
   the space 3884376K,  99% used [0x00007f7515b50000, 0x00007f76028bb2c8, 0x00007f76028bb400, 0x00007f7602ca6000)
 Metaspace       used 24309K, capacity 24689K, committed 24832K, reserved 26624K
}
Event: 5479.445 GC heap before
{Heap before GC invocations=6759 (full 3):
 def new generation   total 1748032K, used 1568434K [0x00007f6fc0600000, 0x00007f7036eb0000, 0x00007f7515b50000)
  eden space 1553856K, 100% used [0x00007f6fc0600000, 0x00007f701f370000, 0x00007f701f370000)
  from space 194176K,   7% used [0x00007f701f370000, 0x00007f70201acb58, 0x00007f702b110000)
  to   space 194176K,   0% used [0x00007f702b110000, 0x00007f702b110000, 0x00007f7036eb0000)
 tenured generation   total 3884376K, used 3880364K [0x00007f7515b50000, 0x00007f7602ca6000, 0x00007f7fc0600000)
   the space 3884376K,  99% used [0x00007f7515b50000, 0x00007f76028bb2c8, 0x00007f76028bb400, 0x00007f7602ca6000)
 Metaspace       used 24309K, capacity 24689K, committed 24832K, reserved 26624K
}
Event: 5479.479 GC heap after
{Heap after GC invocations=6760 (full 3):
 def new generation   total 1748032K, used 15184K [0x00007f6fc0600000, 0x00007f7036eb0000, 0x00007f7515b50000)
  eden space 1553856K,   0% used [0x00007f6fc0600000, 0x00007f6fc0600000, 0x00007f701f370000)
  from space 194176K,   7% used [0x00007f702b110000, 0x00007f702bfe4000, 0x00007f7036eb0000)
  to   space 194176K,   0% used [0x00007f701f370000, 0x00007f701f370000, 0x00007f702b110000)
 tenured generation   total 3884376K, used 3881512K [0x00007f7515b50000, 0x00007f7602ca6000, 0x00007f7fc0600000)
   the space 3884376K,  99% used [0x00007f7515b50000, 0x00007f76029da1c0, 0x00007f76029da200, 0x00007f7602ca6000)
 Metaspace       used 24309K, capacity 24689K, committed 24832K, reserved 26624K
}
Event: 5480.747 GC heap before
{Heap before GC invocations=6760 (full 3):
 def new generation   total 1748032K, used 1569040K [0x00007f6fc0600000, 0x00007f7036eb0000, 0x00007f7515b50000)
  eden space 1553856K, 100% used [0x00007f6fc0600000, 0x00007f701f370000, 0x00007f701f370000)
  from space 194176K,   7% used [0x00007f702b110000, 0x00007f702bfe4000, 0x00007f7036eb0000)
  to   space 194176K,   0% used [0x00007f701f370000, 0x00007f701f370000, 0x00007f702b110000)
 tenured generation   total 3884376K, used 3881512K [0x00007f7515b50000, 0x00007f7602ca6000, 0x00007f7fc0600000)
   the space 3884376K,  99% used [0x00007f7515b50000, 0x00007f76029da1c0, 0x00007f76029da200, 0x00007f7602ca6000)
 Metaspace       used 24309K, capacity 24689K, committed 24832K, reserved 26624K
}
Event: 5480.789 GC heap after
{Heap after GC invocations=6761 (full 3):
 def new generation   total 1748032K, used 16119K [0x00007f6fc0600000, 0x00007f7036eb0000, 0x00007f7515b50000)
  eden space 1553856K,   0% used [0x00007f6fc0600000, 0x00007f6fc0600000, 0x00007f701f370000)
  from space 194176K,   8% used [0x00007f701f370000, 0x00007f702032dda8, 0x00007f702b110000)
  to   space 194176K,   0% used [0x00007f702b110000, 0x00007f702b110000, 0x00007f7036eb0000)
 tenured generation   total 3884376K, used 3882189K [0x00007f7515b50000, 0x00007f7602ca6000, 0x00007f7fc0600000)
   the space 3884376K,  99% used [0x00007f7515b50000, 0x00007f7602a83480, 0x00007f7602a83600, 0x00007f7602ca6000)
 Metaspace       used 24309K, capacity 24689K, committed 24832K, reserved 26624K
}
Event: 5482.099 GC heap before
{Heap before GC invocations=6761 (full 3):
 def new generation   total 1748032K, used 1569975K [0x00007f6fc0600000, 0x00007f7036eb0000, 0x00007f7515b50000)
  eden space 1553856K, 100% used [0x00007f6fc0600000, 0x00007f701f370000, 0x00007f701f370000)
  from space 194176K,   8% used [0x00007f701f370000, 0x00007f702032dda8, 0x00007f702b110000)
  to   space 194176K,   0% used [0x00007f702b110000, 0x00007f702b110000, 0x00007f7036eb0000)
 tenured generation   total 3884376K, used 3882189K [0x00007f7515b50000, 0x00007f7602ca6000, 0x00007f7fc0600000)
   the space 3884376K,  99% used [0x00007f7515b50000, 0x00007f7602a83480, 0x00007f7602a83600, 0x00007f7602ca6000)
 Metaspace       used 24309K, capacity 24689K, committed 24832K, reserved 26624K
}
Event: 5482.142 GC heap after
{Heap after GC invocations=6762 (full 3):
 def new generation   total 1748032K, used 15891K [0x00007f6fc0600000, 0x00007f7036eb0000, 0x00007f7515b50000)
  eden space 1553856K,   0% used [0x00007f6fc0600000, 0x00007f6fc0600000, 0x00007f701f370000)
  from space 194176K,   8% used [0x00007f702b110000, 0x00007f702c094ce0, 0x00007f7036eb0000)
  to   space 194176K,   0% used [0x00007f701f370000, 0x00007f701f370000, 0x00007f702b110000)
 tenured generation   total 3884376K, used 3883045K [0x00007f7515b50000, 0x00007f7602ca6000, 0x00007f7fc0600000)
   the space 3884376K,  99% used [0x00007f7515b50000, 0x00007f7602b59458, 0x00007f7602b59600, 0x00007f7602ca6000)
 Metaspace       used 24309K, capacity 24689K, committed 24832K, reserved 26624K
}
Event: 5483.493 GC heap before
{Heap before GC invocations=6762 (full 3):
 def new generation   total 1748032K, used 1569747K [0x00007f6fc0600000, 0x00007f7036eb0000, 0x00007f7515b50000)
  eden space 1553856K, 100% used [0x00007f6fc0600000, 0x00007f701f370000, 0x00007f701f370000)
  from space 194176K,   8% used [0x00007f702b110000, 0x00007f702c094ce0, 0x00007f7036eb0000)
  to   space 194176K,   0% used [0x00007f701f370000, 0x00007f701f370000, 0x00007f702b110000)
 tenured generation   total 3884376K, used 3883045K [0x00007f7515b50000, 0x00007f7602ca6000, 0x00007f7fc0600000)
   the space 3884376K,  99% used [0x00007f7515b50000, 0x00007f7602b59458, 0x00007f7602b59600, 0x00007f7602ca6000)
 Metaspace       used 24309K, capacity 24689K, committed 24832K, reserved 26624K
}
Event: 5483.531 GC heap after
{Heap after GC invocations=6763 (full 3):
 def new generation   total 1748032K, used 15842K [0x00007f6fc0600000, 0x00007f7036eb0000, 0x00007f7515b50000)
  eden space 1553856K,   0% used [0x00007f6fc0600000, 0x00007f6fc0600000, 0x00007f701f370000)
  from space 194176K,   8% used [0x00007f701f370000, 0x00007f70202e8a78, 0x00007f702b110000)
  to   space 194176K,   0% used [0x00007f702b110000, 0x00007f702b110000, 0x00007f7036eb0000)
 tenured generation   total 3884376K, used 3883936K [0x00007f7515b50000, 0x00007f7602ca6000, 0x00007f7fc0600000)
   the space 3884376K,  99% used [0x00007f7515b50000, 0x00007f7602c383b8, 0x00007f7602c38400, 0x00007f7602ca6000)
 Metaspace       used 24309K, capacity 24689K, committed 24832K, reserved 26624K
}
Event: 5484.763 GC heap before
{Heap before GC invocations=6763 (full 3):
 def new generation   total 1748032K, used 1569698K [0x00007f6fc0600000, 0x00007f7036eb0000, 0x00007f7515b50000)
  eden space 1553856K, 100% used [0x00007f6fc0600000, 0x00007f701f370000, 0x00007f701f370000)
  from space 194176K,   8% used [0x00007f701f370000, 0x00007f70202e8a78, 0x00007f702b110000)
  to   space 194176K,   0% used [0x00007f702b110000, 0x00007f702b110000, 0x00007f7036eb0000)
 tenured generation   total 3884376K, used 3883936K [0x00007f7515b50000, 0x00007f7602ca6000, 0x00007f7fc0600000)
   the space 3884376K,  99% used [0x00007f7515b50000, 0x00007f7602c383b8, 0x00007f7602c38400, 0x00007f7602ca6000)
 Metaspace       used 24309K, capacity 24689K, committed 24832K, reserved 26624K
}
Event: 5484.802 GC heap after
{Heap after GC invocations=6764 (full 3):
 def new generation   total 1748032K, used 15906K [0x00007f6fc0600000, 0x00007f7036eb0000, 0x00007f7515b50000)
  eden space 1553856K,   0% used [0x00007f6fc0600000, 0x00007f6fc0600000, 0x00007f701f370000)
  from space 194176K,   8% used [0x00007f702b110000, 0x00007f702c098b88, 0x00007f7036eb0000)
  to   space 194176K,   0% used [0x00007f701f370000, 0x00007f701f370000, 0x00007f702b110000)
 tenured generation   total 3884952K, used 3884828K [0x00007f7515b50000, 0x00007f7602d36000, 0x00007f7fc0600000)
   the space 3884952K,  99% used [0x00007f7515b50000, 0x00007f7602d171f8, 0x00007f7602d17200, 0x00007f7602d36000)
 Metaspace       used 24309K, capacity 24689K, committed 24832K, reserved 26624K
}
Event: 5484.802 GC heap before
{Heap before GC invocations=6764 (full 3):
 def new generation   total 1748032K, used 15906K [0x00007f6fc0600000, 0x00007f7036eb0000, 0x00007f7515b50000)
  eden space 1553856K,   0% used [0x00007f6fc0600000, 0x00007f6fc0600000, 0x00007f701f370000)
  from space 194176K,   8% used [0x00007f702b110000, 0x00007f702c098b88, 0x00007f7036eb0000)
  to   space 194176K,   0% used [0x00007f701f370000, 0x00007f701f370000, 0x00007f702b110000)
 tenured generation   total 3884952K, used 3884828K [0x00007f7515b50000, 0x00007f7602d36000, 0x00007f7fc0600000)
   the space 3884952K,  99% used [0x00007f7515b50000, 0x00007f7602d171f8, 0x00007f7602d17200, 0x00007f7602d36000)
 Metaspace       used 24309K, capacity 24689K, committed 24832K, reserved 26624K
}

