# JRE version: OpenJDK Runtime Environment (13.0.7+5) (build 13.0.7+5-Ubuntu-0ubuntu120.04)
# Java VM: OpenJDK 64-Bit Server VM (13.0.7+5-Ubuntu-0ubuntu120.04, mixed mode, tiered, serial gc, linux-amd64)
Heap:
 def new generation   total 5824576K, used 509290K [0x00007f67a0600000, 0x00007f692b610000, 0x00007f6cf5b50000)
  eden space 5177408K,   9% used [0x00007f67a0600000, 0x00007f67bf75a9e0, 0x00007f68dc610000)
  from space 647168K,   0% used [0x00007f68dc610000, 0x00007f68dc610000, 0x00007f6903e10000)
  to   space 647168K,   0% used [0x00007f6903e10000, 0x00007f6903e10000, 0x00007f692b610000)
 tenured generation   total 13312016K, used 13312015K [0x00007f6cf5b50000, 0x00007f7022354000, 0x00007f77a0600000)
   the space 13312016K,  99% used [0x00007f6cf5b50000, 0x00007f7022353ff8, 0x00007f7022354000, 0x00007f7022354000)
 Metaspace       used 30507K, capacity 30928K, committed 31232K, reserved 32768K
GC Heap History (20 events):
Event: 138.808 GC heap after
{Heap after GC invocations=40 (full 5):
 def new generation   total 3460416K, used 259161K [0x00007f67a0600000, 0x00007f688b0c0000, 0x00007f6cf5b50000)
  eden space 3075968K,   0% used [0x00007f67a0600000, 0x00007f67a0600000, 0x00007f685c1e0000)
  from space 384448K,  67% used [0x00007f6873950000, 0x00007f6883666660, 0x00007f688b0c0000)
  to   space 384448K,   0% used [0x00007f685c1e0000, 0x00007f685c1e0000, 0x00007f6873950000)
 tenured generation   total 7689608K, used 7279193K [0x00007f6cf5b50000, 0x00007f6ecb0b2000, 0x00007f77a0600000)
   the space 7689608K,  94% used [0x00007f6cf5b50000, 0x00007f6eb1fe6730, 0x00007f6eb1fe6800, 0x00007f6ecb0b2000)
 Metaspace       used 30507K, capacity 30928K, committed 31232K, reserved 32768K
}
Event: 139.643 GC heap before
{Heap before GC invocations=40 (full 5):
 def new generation   total 3460416K, used 3335129K [0x00007f67a0600000, 0x00007f688b0c0000, 0x00007f6cf5b50000)
  eden space 3075968K, 100% used [0x00007f67a0600000, 0x00007f685c1e0000, 0x00007f685c1e0000)
  from space 384448K,  67% used [0x00007f6873950000, 0x00007f6883666660, 0x00007f688b0c0000)
  to   space 384448K,   0% used [0x00007f685c1e0000, 0x00007f685c1e0000, 0x00007f6873950000)
 tenured generation   total 7689608K, used 7279193K [0x00007f6cf5b50000, 0x00007f6ecb0b2000, 0x00007f77a0600000)
   the space 7689608K,  94% used [0x00007f6cf5b50000, 0x00007f6eb1fe6730, 0x00007f6eb1fe6800, 0x00007f6ecb0b2000)
 Metaspace       used 30507K, capacity 30928K, committed 31232K, reserved 32768K
}
Event: 140.415 GC heap after
{Heap after GC invocations=41 (full 5):
 def new generation   total 3460416K, used 227484K [0x00007f67a0600000, 0x00007f688b0c0000, 0x00007f6cf5b50000)
  eden space 3075968K,   0% used [0x00007f67a0600000, 0x00007f67a0600000, 0x00007f685c1e0000)
  from space 384448K,  59% used [0x00007f685c1e0000, 0x00007f686a007090, 0x00007f6873950000)
  to   space 384448K,   0% used [0x00007f6873950000, 0x00007f6873950000, 0x00007f688b0c0000)
 tenured generation   total 7689608K, used 7538354K [0x00007f6cf5b50000, 0x00007f6ecb0b2000, 0x00007f77a0600000)
   the space 7689608K,  98% used [0x00007f6cf5b50000, 0x00007f6ec1cfca00, 0x00007f6ec1cfca00, 0x00007f6ecb0b2000)
 Metaspace       used 30507K, capacity 30928K, committed 31232K, reserved 32768K
}
Event: 141.321 GC heap before
{Heap before GC invocations=41 (full 5):
 def new generation   total 3460416K, used 3303452K [0x00007f67a0600000, 0x00007f688b0c0000, 0x00007f6cf5b50000)
  eden space 3075968K, 100% used [0x00007f67a0600000, 0x00007f685c1e0000, 0x00007f685c1e0000)
  from space 384448K,  59% used [0x00007f685c1e0000, 0x00007f686a007090, 0x00007f6873950000)
  to   space 384448K,   0% used [0x00007f6873950000, 0x00007f6873950000, 0x00007f688b0c0000)
 tenured generation   total 7689608K, used 7538354K [0x00007f6cf5b50000, 0x00007f6ecb0b2000, 0x00007f77a0600000)
   the space 7689608K,  98% used [0x00007f6cf5b50000, 0x00007f6ec1cfca00, 0x00007f6ec1cfca00, 0x00007f6ecb0b2000)
 Metaspace       used 30507K, capacity 30928K, committed 31232K, reserved 32768K
}
Event: 142.150 GC heap after
{Heap after GC invocations=42 (full 5):
 def new generation   total 3460416K, used 259394K [0x00007f67a0600000, 0x00007f688b0c0000, 0x00007f6cf5b50000)
  eden space 3075968K,   0% used [0x00007f67a0600000, 0x00007f67a0600000, 0x00007f685c1e0000)
  from space 384448K,  67% used [0x00007f6873950000, 0x00007f68836a0b40, 0x00007f688b0c0000)
  to   space 384448K,   0% used [0x00007f685c1e0000, 0x00007f685c1e0000, 0x00007f6873950000)
 tenured generation   total 7766024K, used 7765838K [0x00007f6cf5b50000, 0x00007f6ecfb52000, 0x00007f77a0600000)
   the space 7766024K,  99% used [0x00007f6cf5b50000, 0x00007f6ecfb23810, 0x00007f6ecfb23a00, 0x00007f6ecfb52000)
 Metaspace       used 30507K, capacity 30928K, committed 31232K, reserved 32768K
}
Event: 142.150 GC heap before
{Heap before GC invocations=42 (full 5):
 def new generation   total 3460416K, used 259394K [0x00007f67a0600000, 0x00007f688b0c0000, 0x00007f6cf5b50000)
  eden space 3075968K,   0% used [0x00007f67a0600000, 0x00007f67a0600000, 0x00007f685c1e0000)
  from space 384448K,  67% used [0x00007f6873950000, 0x00007f68836a0b40, 0x00007f688b0c0000)
  to   space 384448K,   0% used [0x00007f685c1e0000, 0x00007f685c1e0000, 0x00007f6873950000)
 tenured generation   total 7766024K, used 7765838K [0x00007f6cf5b50000, 0x00007f6ecfb52000, 0x00007f77a0600000)
   the space 7766024K,  99% used [0x00007f6cf5b50000, 0x00007f6ecfb23810, 0x00007f6ecfb23a00, 0x00007f6ecfb52000)
 Metaspace       used 30507K, capacity 30928K, committed 31232K, reserved 32768K
}
Event: 156.127 GC heap after
{Heap after GC invocations=42 (full 6):
 def new generation   total 5824576K, used 259208K [0x00007f67a0600000, 0x00007f692b610000, 0x00007f6cf5b50000)
  eden space 5177408K,   5% used [0x00007f67a0600000, 0x00007f67b0322350, 0x00007f68dc610000)
  from space 647168K,   0% used [0x00007f68dc610000, 0x00007f68dc610000, 0x00007f6903e10000)
  to   space 647168K,   0% used [0x00007f6903e10000, 0x00007f6903e10000, 0x00007f692b610000)
 tenured generation   total 12943376K, used 7766024K [0x00007f6cf5b50000, 0x00007f700bb54000, 0x00007f77a0600000)
   the space 12943376K,  59% used [0x00007f6cf5b50000, 0x00007f6ecfb52000, 0x00007f6ecfb52000, 0x00007f700bb54000)
 Metaspace       used 30507K, capacity 30928K, committed 31232K, reserved 32768K
}
Event: 158.357 GC heap before
{Heap before GC invocations=42 (full 6):
 def new generation   total 5824576K, used 5177408K [0x00007f67a0600000, 0x00007f692b610000, 0x00007f6cf5b50000)
  eden space 5177408K, 100% used [0x00007f67a0600000, 0x00007f68dc610000, 0x00007f68dc610000)
  from space 647168K,   0% used [0x00007f68dc610000, 0x00007f68dc610000, 0x00007f6903e10000)
  to   space 647168K,   0% used [0x00007f6903e10000, 0x00007f6903e10000, 0x00007f692b610000)
 tenured generation   total 12943376K, used 7766024K [0x00007f6cf5b50000, 0x00007f700bb54000, 0x00007f77a0600000)
   the space 12943376K,  59% used [0x00007f6cf5b50000, 0x00007f6ecfb52000, 0x00007f6ecfb52000, 0x00007f700bb54000)
 Metaspace       used 30507K, capacity 30928K, committed 31232K, reserved 32768K
}
Event: 161.090 GC heap after
{Heap after GC invocations=43 (full 6):
 def new generation   total 5824576K, used 638188K [0x00007f67a0600000, 0x00007f692b610000, 0x00007f6cf5b50000)
  eden space 5177408K,   0% used [0x00007f67a0600000, 0x00007f67a0600000, 0x00007f68dc610000)
  from space 647168K,  98% used [0x00007f6903e10000, 0x00007f692ad4b080, 0x00007f692b610000)
  to   space 647168K,   0% used [0x00007f68dc610000, 0x00007f68dc610000, 0x00007f6903e10000)
 tenured generation   total 12943376K, used 7766024K [0x00007f6cf5b50000, 0x00007f700bb54000, 0x00007f77a0600000)
   the space 12943376K,  59% used [0x00007f6cf5b50000, 0x00007f6ecfb52000, 0x00007f6ecfb52000, 0x00007f700bb54000)
 Metaspace       used 30507K, capacity 30928K, committed 31232K, reserved 32768K
}
Event: 162.496 GC heap before
{Heap before GC invocations=43 (full 6):
 def new generation   total 5824576K, used 5815596K [0x00007f67a0600000, 0x00007f692b610000, 0x00007f6cf5b50000)
  eden space 5177408K, 100% used [0x00007f67a0600000, 0x00007f68dc610000, 0x00007f68dc610000)
  from space 647168K,  98% used [0x00007f6903e10000, 0x00007f692ad4b080, 0x00007f692b610000)
  to   space 647168K,   0% used [0x00007f68dc610000, 0x00007f68dc610000, 0x00007f6903e10000)
 tenured generation   total 12943376K, used 7766024K [0x00007f6cf5b50000, 0x00007f700bb54000, 0x00007f77a0600000)
   the space 12943376K,  59% used [0x00007f6cf5b50000, 0x00007f6ecfb52000, 0x00007f6ecfb52000, 0x00007f700bb54000)
 Metaspace       used 30507K, capacity 30928K, committed 31232K, reserved 32768K
}
Event: 164.194 GC heap after
{Heap after GC invocations=44 (full 6):
 def new generation   total 5824576K, used 407250K [0x00007f67a0600000, 0x00007f692b610000, 0x00007f6cf5b50000)
  eden space 5177408K,   0% used [0x00007f67a0600000, 0x00007f67a0600000, 0x00007f68dc610000)
  from space 647168K,  62% used [0x00007f68dc610000, 0x00007f68f53c4af0, 0x00007f6903e10000)
  to   space 647168K,   0% used [0x00007f6903e10000, 0x00007f6903e10000, 0x00007f692b610000)
 tenured generation   total 12943376K, used 8404211K [0x00007f6cf5b50000, 0x00007f700bb54000, 0x00007f77a0600000)
   the space 12943376K,  64% used [0x00007f6cf5b50000, 0x00007f6ef6a8cc80, 0x00007f6ef6a8ce00, 0x00007f700bb54000)
 Metaspace       used 30507K, capacity 30928K, committed 31232K, reserved 32768K
}
Event: 165.671 GC heap before
{Heap before GC invocations=44 (full 6):
 def new generation   total 5824576K, used 5584658K [0x00007f67a0600000, 0x00007f692b610000, 0x00007f6cf5b50000)
  eden space 5177408K, 100% used [0x00007f67a0600000, 0x00007f68dc610000, 0x00007f68dc610000)
  from space 647168K,  62% used [0x00007f68dc610000, 0x00007f68f53c4af0, 0x00007f6903e10000)
  to   space 647168K,   0% used [0x00007f6903e10000, 0x00007f6903e10000, 0x00007f692b610000)
 tenured generation   total 12943376K, used 8404211K [0x00007f6cf5b50000, 0x00007f700bb54000, 0x00007f77a0600000)
   the space 12943376K,  64% used [0x00007f6cf5b50000, 0x00007f6ef6a8cc80, 0x00007f6ef6a8ce00, 0x00007f700bb54000)
 Metaspace       used 30507K, capacity 30928K, committed 31232K, reserved 32768K
}
Event: 167.060 GC heap after
{Heap after GC invocations=45 (full 6):
 def new generation   total 5824576K, used 492568K [0x00007f67a0600000, 0x00007f692b610000, 0x00007f6cf5b50000)
  eden space 5177408K,   0% used [0x00007f67a0600000, 0x00007f67a0600000, 0x00007f68dc610000)
  from space 647168K,  76% used [0x00007f6903e10000, 0x00007f6921f16048, 0x00007f692b610000)
  to   space 647168K,   0% used [0x00007f68dc610000, 0x00007f68dc610000, 0x00007f6903e10000)
 tenured generation   total 12943376K, used 8811461K [0x00007f6cf5b50000, 0x00007f700bb54000, 0x00007f77a0600000)
   the space 12943376K,  68% used [0x00007f6cf5b50000, 0x00007f6f0f841730, 0x00007f6f0f841800, 0x00007f700bb54000)
 Metaspace       used 30507K, capacity 30928K, committed 31232K, reserved 32768K
}
Event: 376.641 GC heap before
{Heap before GC invocations=45 (full 6):
 def new generation   total 5824576K, used 5669976K [0x00007f67a0600000, 0x00007f692b610000, 0x00007f6cf5b50000)
  eden space 5177408K, 100% used [0x00007f67a0600000, 0x00007f68dc610000, 0x00007f68dc610000)
  from space 647168K,  76% used [0x00007f6903e10000, 0x00007f6921f16048, 0x00007f692b610000)
  to   space 647168K,   0% used [0x00007f68dc610000, 0x00007f68dc610000, 0x00007f6903e10000)
 tenured generation   total 12943376K, used 8811461K [0x00007f6cf5b50000, 0x00007f700bb54000, 0x00007f77a0600000)
   the space 12943376K,  68% used [0x00007f6cf5b50000, 0x00007f6f0f841730, 0x00007f6f0f841800, 0x00007f700bb54000)
 Metaspace       used 30507K, capacity 30928K, committed 31232K, reserved 32768K
}
Event: 382.068 GC heap after
{Heap after GC invocations=46 (full 6):
 def new generation   total 5824576K, used 647167K [0x00007f67a0600000, 0x00007f692b610000, 0x00007f6cf5b50000)
  eden space 5177408K,   0% used [0x00007f67a0600000, 0x00007f67a0600000, 0x00007f68dc610000)
  from space 647168K,  99% used [0x00007f68dc610000, 0x00007f6903e0fff0, 0x00007f6903e10000)
  to   space 647168K,   0% used [0x00007f6903e10000, 0x00007f6903e10000, 0x00007f692b610000)
 tenured generation   total 12943376K, used 11131928K [0x00007f6cf5b50000, 0x00007f700bb54000, 0x00007f77a0600000)
   the space 12943376K,  86% used [0x00007f6cf5b50000, 0x00007f6f9d256058, 0x00007f6f9d256200, 0x00007f700bb54000)
 Metaspace       used 30507K, capacity 30928K, committed 31232K, reserved 32768K
}
Event: 954.989 GC heap before
{Heap before GC invocations=46 (full 6):
 def new generation   total 5824576K, used 5824575K [0x00007f67a0600000, 0x00007f692b610000, 0x00007f6cf5b50000)
  eden space 5177408K, 100% used [0x00007f67a0600000, 0x00007f68dc610000, 0x00007f68dc610000)
  from space 647168K,  99% used [0x00007f68dc610000, 0x00007f6903e0fff0, 0x00007f6903e10000)
  to   space 647168K,   0% used [0x00007f6903e10000, 0x00007f6903e10000, 0x00007f692b610000)
 tenured generation   total 12943376K, used 11131928K [0x00007f6cf5b50000, 0x00007f700bb54000, 0x00007f77a0600000)
   the space 12943376K,  86% used [0x00007f6cf5b50000, 0x00007f6f9d256058, 0x00007f6f9d256200, 0x00007f700bb54000)
 Metaspace       used 30507K, capacity 30928K, committed 31232K, reserved 32768K
}
Event: 957.495 GC heap after
{Heap after GC invocations=47 (full 6):
 def new generation   total 5824576K, used 647167K [0x00007f67a0600000, 0x00007f692b610000, 0x00007f6cf5b50000)
  eden space 5177408K,   0% used [0x00007f67a0600000, 0x00007f67a0600000, 0x00007f68dc610000)
  from space 647168K,  99% used [0x00007f6903e10000, 0x00007f692b60fff0, 0x00007f692b610000)
  to   space 647168K,   0% used [0x00007f68dc610000, 0x00007f68dc610000, 0x00007f6903e10000)
 tenured generation   total 12943376K, used 12221902K [0x00007f6cf5b50000, 0x00007f700bb54000, 0x00007f77a0600000)
   the space 12943376K,  94% used [0x00007f6cf5b50000, 0x00007f6fdfac3af8, 0x00007f6fdfac3c00, 0x00007f700bb54000)
 Metaspace       used 30507K, capacity 30928K, committed 31232K, reserved 32768K
}
Event: 1423.289 GC heap before
{Heap before GC invocations=47 (full 6):
 def new generation   total 5824576K, used 5824575K [0x00007f67a0600000, 0x00007f692b610000, 0x00007f6cf5b50000)
  eden space 5177408K, 100% used [0x00007f67a0600000, 0x00007f68dc610000, 0x00007f68dc610000)
  from space 647168K,  99% used [0x00007f6903e10000, 0x00007f692b60fff0, 0x00007f692b610000)
  to   space 647168K,   0% used [0x00007f68dc610000, 0x00007f68dc610000, 0x00007f6903e10000)
 tenured generation   total 12943376K, used 12221902K [0x00007f6cf5b50000, 0x00007f700bb54000, 0x00007f77a0600000)
   the space 12943376K,  94% used [0x00007f6cf5b50000, 0x00007f6fdfac3af8, 0x00007f6fdfac3c00, 0x00007f700bb54000)
 Metaspace       used 30507K, capacity 30928K, committed 31232K, reserved 32768K
}
Event: 1425.921 GC heap after
{Heap after GC invocations=48 (full 6):
 def new generation   total 5824576K, used 647168K [0x00007f67a0600000, 0x00007f692b610000, 0x00007f6cf5b50000)
  eden space 5177408K,   0% used [0x00007f67a0600000, 0x00007f67a0600000, 0x00007f68dc610000)
  from space 647168K, 100% used [0x00007f68dc610000, 0x00007f6903e10000, 0x00007f6903e10000)
  to   space 647168K,   0% used [0x00007f6903e10000, 0x00007f6903e10000, 0x00007f692b610000)
 tenured generation   total 13312016K, used 13311876K [0x00007f6cf5b50000, 0x00007f7022354000, 0x00007f77a0600000)
   the space 13312016K,  99% used [0x00007f6cf5b50000, 0x00007f70223313d8, 0x00007f7022331400, 0x00007f7022354000)
 Metaspace       used 30507K, capacity 30928K, committed 31232K, reserved 32768K
}
Event: 1425.921 GC heap before
{Heap before GC invocations=48 (full 6):
 def new generation   total 5824576K, used 647168K [0x00007f67a0600000, 0x00007f692b610000, 0x00007f6cf5b50000)
  eden space 5177408K,   0% used [0x00007f67a0600000, 0x00007f67a0600000, 0x00007f68dc610000)
  from space 647168K, 100% used [0x00007f68dc610000, 0x00007f6903e10000, 0x00007f6903e10000)
  to   space 647168K,   0% used [0x00007f6903e10000, 0x00007f6903e10000, 0x00007f692b610000)
 tenured generation   total 13312016K, used 13311876K [0x00007f6cf5b50000, 0x00007f7022354000, 0x00007f77a0600000)
   the space 13312016K,  99% used [0x00007f6cf5b50000, 0x00007f70223313d8, 0x00007f7022331400, 0x00007f7022354000)
 Metaspace       used 30507K, capacity 30928K, committed 31232K, reserved 32768K
}

