# JRE version: OpenJDK Runtime Environment (13.0.7+5) (build 13.0.7+5-Ubuntu-0ubuntu120.04)
# Java VM: OpenJDK 64-Bit Server VM (13.0.7+5-Ubuntu-0ubuntu120.04, mixed mode, tiered, serial gc, linux-amd64)
Heap:
 def new generation   total 1748224K, used 0K [0x00007eee90600000, 0x00007eef06ef0000, 0x00007ef3e5b50000)
  eden space 1553984K,   0% used [0x00007eee90600000, 0x00007eee90600000, 0x00007eeeef390000)
  from space 194240K,   0% used [0x00007eeeef390000, 0x00007eeeef390000, 0x00007eeefb140000)
  to   space 194240K,   0% used [0x00007eeefb140000, 0x00007eeefb140000, 0x00007eef06ef0000)
 tenured generation   total 3885100K, used 3878305K [0x00007ef3e5b50000, 0x00007ef4d2d5b000, 0x00007efe90600000)
   the space 3885100K,  99% used [0x00007ef3e5b50000, 0x00007ef4d26b85d0, 0x00007ef4d26b8600, 0x00007ef4d2d5b000)
 Metaspace       used 24297K, capacity 24713K, committed 24832K, reserved 26624K
GC Heap History (20 events):
Event: 7313.797 GC heap after
{Heap after GC invocations=9341 (full 3):
 def new generation   total 1748224K, used 10823K [0x00007eee90600000, 0x00007eef06ef0000, 0x00007ef3e5b50000)
  eden space 1553984K,   0% used [0x00007eee90600000, 0x00007eee90600000, 0x00007eeeef390000)
  from space 194240K,   5% used [0x00007eeefb140000, 0x00007eeefbbd1e80, 0x00007eef06ef0000)
  to   space 194240K,   0% used [0x00007eeeef390000, 0x00007eeeef390000, 0x00007eeefb140000)
 tenured generation   total 3884908K, used 3878449K [0x00007ef3e5b50000, 0x00007ef4d2d2b000, 0x00007efe90600000)
   the space 3884908K,  99% used [0x00007ef3e5b50000, 0x00007ef4d26dc760, 0x00007ef4d26dc800, 0x00007ef4d2d2b000)
 Metaspace       used 24297K, capacity 24713K, committed 24832K, reserved 26624K
}
Event: 7315.121 GC heap before
{Heap before GC invocations=9341 (full 3):
 def new generation   total 1748224K, used 1564807K [0x00007eee90600000, 0x00007eef06ef0000, 0x00007ef3e5b50000)
  eden space 1553984K, 100% used [0x00007eee90600000, 0x00007eeeef390000, 0x00007eeeef390000)
  from space 194240K,   5% used [0x00007eeefb140000, 0x00007eeefbbd1e80, 0x00007eef06ef0000)
  to   space 194240K,   0% used [0x00007eeeef390000, 0x00007eeeef390000, 0x00007eeefb140000)
 tenured generation   total 3884908K, used 3878449K [0x00007ef3e5b50000, 0x00007ef4d2d2b000, 0x00007efe90600000)
   the space 3884908K,  99% used [0x00007ef3e5b50000, 0x00007ef4d26dc760, 0x00007ef4d26dc800, 0x00007ef4d2d2b000)
 Metaspace       used 24297K, capacity 24713K, committed 24832K, reserved 26624K
}
Event: 7315.147 GC heap after
{Heap after GC invocations=9342 (full 3):
 def new generation   total 1748224K, used 11010K [0x00007eee90600000, 0x00007eef06ef0000, 0x00007ef3e5b50000)
  eden space 1553984K,   0% used [0x00007eee90600000, 0x00007eee90600000, 0x00007eeeef390000)
  from space 194240K,   5% used [0x00007eeeef390000, 0x00007eeeefe50968, 0x00007eeefb140000)
  to   space 194240K,   0% used [0x00007eeefb140000, 0x00007eeefb140000, 0x00007eef06ef0000)
 tenured generation   total 3884908K, used 3878995K [0x00007ef3e5b50000, 0x00007ef4d2d2b000, 0x00007efe90600000)
   the space 3884908K,  99% used [0x00007ef3e5b50000, 0x00007ef4d2764fd8, 0x00007ef4d2765000, 0x00007ef4d2d2b000)
 Metaspace       used 24297K, capacity 24713K, committed 24832K, reserved 26624K
}
Event: 7316.500 GC heap before
{Heap before GC invocations=9342 (full 3):
 def new generation   total 1748224K, used 1564994K [0x00007eee90600000, 0x00007eef06ef0000, 0x00007ef3e5b50000)
  eden space 1553984K, 100% used [0x00007eee90600000, 0x00007eeeef390000, 0x00007eeeef390000)
  from space 194240K,   5% used [0x00007eeeef390000, 0x00007eeeefe50968, 0x00007eeefb140000)
  to   space 194240K,   0% used [0x00007eeefb140000, 0x00007eeefb140000, 0x00007eef06ef0000)
 tenured generation   total 3884908K, used 3878995K [0x00007ef3e5b50000, 0x00007ef4d2d2b000, 0x00007efe90600000)
   the space 3884908K,  99% used [0x00007ef3e5b50000, 0x00007ef4d2764fd8, 0x00007ef4d2765000, 0x00007ef4d2d2b000)
 Metaspace       used 24297K, capacity 24713K, committed 24832K, reserved 26624K
}
Event: 7316.527 GC heap after
{Heap after GC invocations=9343 (full 3):
 def new generation   total 1748224K, used 11054K [0x00007eee90600000, 0x00007eef06ef0000, 0x00007ef3e5b50000)
  eden space 1553984K,   0% used [0x00007eee90600000, 0x00007eee90600000, 0x00007eeeef390000)
  from space 194240K,   5% used [0x00007eeefb140000, 0x00007eeefbc0bb98, 0x00007eef06ef0000)
  to   space 194240K,   0% used [0x00007eeeef390000, 0x00007eeeef390000, 0x00007eeefb140000)
 tenured generation   total 3884908K, used 3879715K [0x00007ef3e5b50000, 0x00007ef4d2d2b000, 0x00007efe90600000)
   the space 3884908K,  99% used [0x00007ef3e5b50000, 0x00007ef4d2818d98, 0x00007ef4d2818e00, 0x00007ef4d2d2b000)
 Metaspace       used 24297K, capacity 24713K, committed 24832K, reserved 26624K
}
Event: 7317.861 GC heap before
{Heap before GC invocations=9343 (full 3):
 def new generation   total 1748224K, used 1565038K [0x00007eee90600000, 0x00007eef06ef0000, 0x00007ef3e5b50000)
  eden space 1553984K, 100% used [0x00007eee90600000, 0x00007eeeef390000, 0x00007eeeef390000)
  from space 194240K,   5% used [0x00007eeefb140000, 0x00007eeefbc0bb98, 0x00007eef06ef0000)
  to   space 194240K,   0% used [0x00007eeeef390000, 0x00007eeeef390000, 0x00007eeefb140000)
 tenured generation   total 3884908K, used 3879715K [0x00007ef3e5b50000, 0x00007ef4d2d2b000, 0x00007efe90600000)
   the space 3884908K,  99% used [0x00007ef3e5b50000, 0x00007ef4d2818d98, 0x00007ef4d2818e00, 0x00007ef4d2d2b000)
 Metaspace       used 24297K, capacity 24713K, committed 24832K, reserved 26624K
}
Event: 7317.883 GC heap after
{Heap after GC invocations=9344 (full 3):
 def new generation   total 1748224K, used 11030K [0x00007eee90600000, 0x00007eef06ef0000, 0x00007ef3e5b50000)
  eden space 1553984K,   0% used [0x00007eee90600000, 0x00007eee90600000, 0x00007eeeef390000)
  from space 194240K,   5% used [0x00007eeeef390000, 0x00007eeeefe55940, 0x00007eeefb140000)
  to   space 194240K,   0% used [0x00007eeefb140000, 0x00007eeefb140000, 0x00007eef06ef0000)
 tenured generation   total 3884908K, used 3880473K [0x00007ef3e5b50000, 0x00007ef4d2d2b000, 0x00007efe90600000)
   the space 3884908K,  99% used [0x00007ef3e5b50000, 0x00007ef4d28d65f8, 0x00007ef4d28d6600, 0x00007ef4d2d2b000)
 Metaspace       used 24297K, capacity 24713K, committed 24832K, reserved 26624K
}
Event: 7319.242 GC heap before
{Heap before GC invocations=9344 (full 3):
 def new generation   total 1748224K, used 1565014K [0x00007eee90600000, 0x00007eef06ef0000, 0x00007ef3e5b50000)
  eden space 1553984K, 100% used [0x00007eee90600000, 0x00007eeeef390000, 0x00007eeeef390000)
  from space 194240K,   5% used [0x00007eeeef390000, 0x00007eeeefe55940, 0x00007eeefb140000)
  to   space 194240K,   0% used [0x00007eeefb140000, 0x00007eeefb140000, 0x00007eef06ef0000)
 tenured generation   total 3884908K, used 3880473K [0x00007ef3e5b50000, 0x00007ef4d2d2b000, 0x00007efe90600000)
   the space 3884908K,  99% used [0x00007ef3e5b50000, 0x00007ef4d28d65f8, 0x00007ef4d28d6600, 0x00007ef4d2d2b000)
 Metaspace       used 24297K, capacity 24713K, committed 24832K, reserved 26624K
}
Event: 7319.267 GC heap after
{Heap after GC invocations=9345 (full 3):
 def new generation   total 1748224K, used 11058K [0x00007eee90600000, 0x00007eef06ef0000, 0x00007ef3e5b50000)
  eden space 1553984K,   0% used [0x00007eee90600000, 0x00007eee90600000, 0x00007eeeef390000)
  from space 194240K,   5% used [0x00007eeefb140000, 0x00007eeefbc0c8b0, 0x00007eef06ef0000)
  to   space 194240K,   0% used [0x00007eeeef390000, 0x00007eeeef390000, 0x00007eeefb140000)
 tenured generation   total 3884908K, used 3881212K [0x00007ef3e5b50000, 0x00007ef4d2d2b000, 0x00007efe90600000)
   the space 3884908K,  99% used [0x00007ef3e5b50000, 0x00007ef4d298f1e0, 0x00007ef4d298f200, 0x00007ef4d2d2b000)
 Metaspace       used 24297K, capacity 24713K, committed 24832K, reserved 26624K
}
Event: 7320.625 GC heap before
{Heap before GC invocations=9345 (full 3):
 def new generation   total 1748224K, used 1565042K [0x00007eee90600000, 0x00007eef06ef0000, 0x00007ef3e5b50000)
  eden space 1553984K, 100% used [0x00007eee90600000, 0x00007eeeef390000, 0x00007eeeef390000)
  from space 194240K,   5% used [0x00007eeefb140000, 0x00007eeefbc0c8b0, 0x00007eef06ef0000)
  to   space 194240K,   0% used [0x00007eeeef390000, 0x00007eeeef390000, 0x00007eeefb140000)
 tenured generation   total 3884908K, used 3881212K [0x00007ef3e5b50000, 0x00007ef4d2d2b000, 0x00007efe90600000)
   the space 3884908K,  99% used [0x00007ef3e5b50000, 0x00007ef4d298f1e0, 0x00007ef4d298f200, 0x00007ef4d2d2b000)
 Metaspace       used 24297K, capacity 24713K, committed 24832K, reserved 26624K
}
Event: 7320.652 GC heap after
{Heap after GC invocations=9346 (full 3):
 def new generation   total 1748224K, used 11030K [0x00007eee90600000, 0x00007eef06ef0000, 0x00007ef3e5b50000)
  eden space 1553984K,   0% used [0x00007eee90600000, 0x00007eee90600000, 0x00007eeeef390000)
  from space 194240K,   5% used [0x00007eeeef390000, 0x00007eeeefe55b20, 0x00007eeefb140000)
  to   space 194240K,   0% used [0x00007eeefb140000, 0x00007eeefb140000, 0x00007eef06ef0000)
 tenured generation   total 3884908K, used 3881970K [0x00007ef3e5b50000, 0x00007ef4d2d2b000, 0x00007efe90600000)
   the space 3884908K,  99% used [0x00007ef3e5b50000, 0x00007ef4d2a4ca40, 0x00007ef4d2a4cc00, 0x00007ef4d2d2b000)
 Metaspace       used 24297K, capacity 24713K, committed 24832K, reserved 26624K
}
Event: 7322.008 GC heap before
{Heap before GC invocations=9346 (full 3):
 def new generation   total 1748224K, used 1565014K [0x00007eee90600000, 0x00007eef06ef0000, 0x00007ef3e5b50000)
  eden space 1553984K, 100% used [0x00007eee90600000, 0x00007eeeef390000, 0x00007eeeef390000)
  from space 194240K,   5% used [0x00007eeeef390000, 0x00007eeeefe55b20, 0x00007eeefb140000)
  to   space 194240K,   0% used [0x00007eeefb140000, 0x00007eeefb140000, 0x00007eef06ef0000)
 tenured generation   total 3884908K, used 3881970K [0x00007ef3e5b50000, 0x00007ef4d2d2b000, 0x00007efe90600000)
   the space 3884908K,  99% used [0x00007ef3e5b50000, 0x00007ef4d2a4ca40, 0x00007ef4d2a4cc00, 0x00007ef4d2d2b000)
 Metaspace       used 24297K, capacity 24713K, committed 24832K, reserved 26624K
}
Event: 7322.033 GC heap after
{Heap after GC invocations=9347 (full 3):
 def new generation   total 1748224K, used 11055K [0x00007eee90600000, 0x00007eef06ef0000, 0x00007ef3e5b50000)
  eden space 1553984K,   0% used [0x00007eee90600000, 0x00007eee90600000, 0x00007eeeef390000)
  from space 194240K,   5% used [0x00007eeefb140000, 0x00007eeefbc0bce8, 0x00007eef06ef0000)
  to   space 194240K,   0% used [0x00007eeeef390000, 0x00007eeeef390000, 0x00007eeefb140000)
 tenured generation   total 3884908K, used 3882709K [0x00007ef3e5b50000, 0x00007ef4d2d2b000, 0x00007efe90600000)
   the space 3884908K,  99% used [0x00007ef3e5b50000, 0x00007ef4d2b05628, 0x00007ef4d2b05800, 0x00007ef4d2d2b000)
 Metaspace       used 24297K, capacity 24713K, committed 24832K, reserved 26624K
}
Event: 7323.445 GC heap before
{Heap before GC invocations=9347 (full 3):
 def new generation   total 1748224K, used 1565039K [0x00007eee90600000, 0x00007eef06ef0000, 0x00007ef3e5b50000)
  eden space 1553984K, 100% used [0x00007eee90600000, 0x00007eeeef390000, 0x00007eeeef390000)
  from space 194240K,   5% used [0x00007eeefb140000, 0x00007eeefbc0bce8, 0x00007eef06ef0000)
  to   space 194240K,   0% used [0x00007eeeef390000, 0x00007eeeef390000, 0x00007eeefb140000)
 tenured generation   total 3884908K, used 3882709K [0x00007ef3e5b50000, 0x00007ef4d2d2b000, 0x00007efe90600000)
   the space 3884908K,  99% used [0x00007ef3e5b50000, 0x00007ef4d2b05628, 0x00007ef4d2b05800, 0x00007ef4d2d2b000)
 Metaspace       used 24297K, capacity 24713K, committed 24832K, reserved 26624K
}
Event: 7323.472 GC heap after
{Heap after GC invocations=9348 (full 3):
 def new generation   total 1748224K, used 11031K [0x00007eee90600000, 0x00007eef06ef0000, 0x00007ef3e5b50000)
  eden space 1553984K,   0% used [0x00007eee90600000, 0x00007eee90600000, 0x00007eeeef390000)
  from space 194240K,   5% used [0x00007eeeef390000, 0x00007eeeefe55e58, 0x00007eeefb140000)
  to   space 194240K,   0% used [0x00007eeefb140000, 0x00007eeefb140000, 0x00007eef06ef0000)
 tenured generation   total 3884908K, used 3883467K [0x00007ef3e5b50000, 0x00007ef4d2d2b000, 0x00007efe90600000)
   the space 3884908K,  99% used [0x00007ef3e5b50000, 0x00007ef4d2bc2e88, 0x00007ef4d2bc3000, 0x00007ef4d2d2b000)
 Metaspace       used 24297K, capacity 24713K, committed 24832K, reserved 26624K
}
Event: 7324.792 GC heap before
{Heap before GC invocations=9348 (full 3):
 def new generation   total 1748224K, used 1565015K [0x00007eee90600000, 0x00007eef06ef0000, 0x00007ef3e5b50000)
  eden space 1553984K, 100% used [0x00007eee90600000, 0x00007eeeef390000, 0x00007eeeef390000)
  from space 194240K,   5% used [0x00007eeeef390000, 0x00007eeeefe55e58, 0x00007eeefb140000)
  to   space 194240K,   0% used [0x00007eeefb140000, 0x00007eeefb140000, 0x00007eef06ef0000)
 tenured generation   total 3884908K, used 3883467K [0x00007ef3e5b50000, 0x00007ef4d2d2b000, 0x00007efe90600000)
   the space 3884908K,  99% used [0x00007ef3e5b50000, 0x00007ef4d2bc2e88, 0x00007ef4d2bc3000, 0x00007ef4d2d2b000)
 Metaspace       used 24297K, capacity 24713K, committed 24832K, reserved 26624K
}
Event: 7324.819 GC heap after
{Heap after GC invocations=9349 (full 3):
 def new generation   total 1748224K, used 11057K [0x00007eee90600000, 0x00007eef06ef0000, 0x00007ef3e5b50000)
  eden space 1553984K,   0% used [0x00007eee90600000, 0x00007eee90600000, 0x00007eeeef390000)
  from space 194240K,   5% used [0x00007eeefb140000, 0x00007eeefbc0c738, 0x00007eef06ef0000)
  to   space 194240K,   0% used [0x00007eeeef390000, 0x00007eeeef390000, 0x00007eeefb140000)
 tenured generation   total 3884908K, used 3884206K [0x00007ef3e5b50000, 0x00007ef4d2d2b000, 0x00007efe90600000)
   the space 3884908K,  99% used [0x00007ef3e5b50000, 0x00007ef4d2c7ba70, 0x00007ef4d2c7bc00, 0x00007ef4d2d2b000)
 Metaspace       used 24297K, capacity 24713K, committed 24832K, reserved 26624K
}
Event: 7326.212 GC heap before
{Heap before GC invocations=9349 (full 3):
 def new generation   total 1748224K, used 1565041K [0x00007eee90600000, 0x00007eef06ef0000, 0x00007ef3e5b50000)
  eden space 1553984K, 100% used [0x00007eee90600000, 0x00007eeeef390000, 0x00007eeeef390000)
  from space 194240K,   5% used [0x00007eeefb140000, 0x00007eeefbc0c738, 0x00007eef06ef0000)
  to   space 194240K,   0% used [0x00007eeeef390000, 0x00007eeeef390000, 0x00007eeefb140000)
 tenured generation   total 3884908K, used 3884206K [0x00007ef3e5b50000, 0x00007ef4d2d2b000, 0x00007efe90600000)
   the space 3884908K,  99% used [0x00007ef3e5b50000, 0x00007ef4d2c7ba70, 0x00007ef4d2c7bc00, 0x00007ef4d2d2b000)
 Metaspace       used 24297K, capacity 24713K, committed 24832K, reserved 26624K
}
Event: 7326.241 GC heap after
{Heap after GC invocations=9350 (full 3):
 def new generation   total 1748224K, used 11033K [0x00007eee90600000, 0x00007eef06ef0000, 0x00007ef3e5b50000)
  eden space 1553984K,   0% used [0x00007eee90600000, 0x00007eee90600000, 0x00007eeeef390000)
  from space 194240K,   5% used [0x00007eeeef390000, 0x00007eeeefe56480, 0x00007eeefb140000)
  to   space 194240K,   0% used [0x00007eeefb140000, 0x00007eeefb140000, 0x00007eef06ef0000)
 tenured generation   total 3885100K, used 3884964K [0x00007ef3e5b50000, 0x00007ef4d2d5b000, 0x00007efe90600000)
   the space 3885100K,  99% used [0x00007ef3e5b50000, 0x00007ef4d2d392d0, 0x00007ef4d2d39400, 0x00007ef4d2d5b000)
 Metaspace       used 24297K, capacity 24713K, committed 24832K, reserved 26624K
}
Event: 7326.241 GC heap before
{Heap before GC invocations=9350 (full 3):
 def new generation   total 1748224K, used 11033K [0x00007eee90600000, 0x00007eef06ef0000, 0x00007ef3e5b50000)
  eden space 1553984K,   0% used [0x00007eee90600000, 0x00007eee90600000, 0x00007eeeef390000)
  from space 194240K,   5% used [0x00007eeeef390000, 0x00007eeeefe56480, 0x00007eeefb140000)
  to   space 194240K,   0% used [0x00007eeefb140000, 0x00007eeefb140000, 0x00007eef06ef0000)
 tenured generation   total 3885100K, used 3884964K [0x00007ef3e5b50000, 0x00007ef4d2d5b000, 0x00007efe90600000)
   the space 3885100K,  99% used [0x00007ef3e5b50000, 0x00007ef4d2d392d0, 0x00007ef4d2d39400, 0x00007ef4d2d5b000)
 Metaspace       used 24297K, capacity 24713K, committed 24832K, reserved 26624K
}

