# JRE version: OpenJDK Runtime Environment (13.0.7+5) (build 13.0.7+5-Ubuntu-0ubuntu120.04)
# Java VM: OpenJDK 64-Bit Server VM (13.0.7+5-Ubuntu-0ubuntu120.04, mixed mode, tiered, serial gc, linux-amd64)
Heap:
 def new generation   total 4328704K, used 0K [0x00007fd104600000, 0x00007fd229ef0000, 0x00007fdbaf0a0000)
  eden space 3847744K,   0% used [0x00007fd104600000, 0x00007fd104600000, 0x00007fd1ef390000)
  from space 480960K,   0% used [0x00007fd1ef390000, 0x00007fd1ef390000, 0x00007fd20c940000)
  to   space 480960K,   0% used [0x00007fd20c940000, 0x00007fd20c940000, 0x00007fd229ef0000)
 tenured generation   total 9635624K, used 9556490K [0x00007fdbaf0a0000, 0x00007fddfb26a000, 0x00007ff104600000)
   the space 9635624K,  99% used [0x00007fdbaf0a0000, 0x00007fddf6522b48, 0x00007fddf6522c00, 0x00007fddfb26a000)
 Metaspace       used 24280K, capacity 24648K, committed 24832K, reserved 26624K
GC Heap History (20 events):
Event: 2620.410 GC heap after
{Heap after GC invocations=1761 (full 7):
 def new generation   total 4328704K, used 193814K [0x00007fd104600000, 0x00007fd229ef0000, 0x00007fdbaf0a0000)
  eden space 3847744K,   0% used [0x00007fd104600000, 0x00007fd104600000, 0x00007fd1ef390000)
  from space 480960K,  40% used [0x00007fd20c940000, 0x00007fd218685880, 0x00007fd229ef0000)
  to   space 480960K,   0% used [0x00007fd1ef390000, 0x00007fd1ef390000, 0x00007fd20c940000)
 tenured generation   total 9619236K, used 9529162K [0x00007fdbaf0a0000, 0x00007fddfa269000, 0x00007ff104600000)
   the space 9619236K,  99% used [0x00007fdbaf0a0000, 0x00007fddf4a72a60, 0x00007fddf4a72c00, 0x00007fddfa269000)
 Metaspace       used 24280K, capacity 24648K, committed 24832K, reserved 26624K
}
Event: 2624.169 GC heap before
{Heap before GC invocations=1761 (full 7):
 def new generation   total 4328704K, used 4039820K [0x00007fd104600000, 0x00007fd229ef0000, 0x00007fdbaf0a0000)
  eden space 3847744K,  99% used [0x00007fd104600000, 0x00007fd1ef1ddab8, 0x00007fd1ef390000)
  from space 480960K,  40% used [0x00007fd20c940000, 0x00007fd218685880, 0x00007fd229ef0000)
  to   space 480960K,   0% used [0x00007fd1ef390000, 0x00007fd1ef390000, 0x00007fd20c940000)
 tenured generation   total 9619236K, used 9529162K [0x00007fdbaf0a0000, 0x00007fddfa269000, 0x00007ff104600000)
   the space 9619236K,  99% used [0x00007fdbaf0a0000, 0x00007fddf4a72a60, 0x00007fddf4a72c00, 0x00007fddfa269000)
 Metaspace       used 24280K, capacity 24648K, committed 24832K, reserved 26624K
}
Event: 2624.304 GC heap after
{Heap after GC invocations=1762 (full 7):
 def new generation   total 4328704K, used 204539K [0x00007fd104600000, 0x00007fd229ef0000, 0x00007fdbaf0a0000)
  eden space 3847744K,   0% used [0x00007fd104600000, 0x00007fd104600000, 0x00007fd1ef390000)
  from space 480960K,  42% used [0x00007fd1ef390000, 0x00007fd1fbb4edc8, 0x00007fd20c940000)
  to   space 480960K,   0% used [0x00007fd20c940000, 0x00007fd20c940000, 0x00007fd229ef0000)
 tenured generation   total 9619236K, used 9529162K [0x00007fdbaf0a0000, 0x00007fddfa269000, 0x00007ff104600000)
   the space 9619236K,  99% used [0x00007fdbaf0a0000, 0x00007fddf4a72a60, 0x00007fddf4a72c00, 0x00007fddfa269000)
 Metaspace       used 24280K, capacity 24648K, committed 24832K, reserved 26624K
}
Event: 2628.553 GC heap before
{Heap before GC invocations=1762 (full 7):
 def new generation   total 4328704K, used 4052283K [0x00007fd104600000, 0x00007fd229ef0000, 0x00007fdbaf0a0000)
  eden space 3847744K, 100% used [0x00007fd104600000, 0x00007fd1ef390000, 0x00007fd1ef390000)
  from space 480960K,  42% used [0x00007fd1ef390000, 0x00007fd1fbb4edc8, 0x00007fd20c940000)
  to   space 480960K,   0% used [0x00007fd20c940000, 0x00007fd20c940000, 0x00007fd229ef0000)
 tenured generation   total 9619236K, used 9529162K [0x00007fdbaf0a0000, 0x00007fddfa269000, 0x00007ff104600000)
   the space 9619236K,  99% used [0x00007fdbaf0a0000, 0x00007fddf4a72a60, 0x00007fddf4a72c00, 0x00007fddfa269000)
 Metaspace       used 24280K, capacity 24648K, committed 24832K, reserved 26624K
}
Event: 2628.777 GC heap after
{Heap after GC invocations=1763 (full 7):
 def new generation   total 4328704K, used 203512K [0x00007fd104600000, 0x00007fd229ef0000, 0x00007fdbaf0a0000)
  eden space 3847744K,   0% used [0x00007fd104600000, 0x00007fd104600000, 0x00007fd1ef390000)
  from space 480960K,  42% used [0x00007fd20c940000, 0x00007fd218ffe108, 0x00007fd229ef0000)
  to   space 480960K,   0% used [0x00007fd1ef390000, 0x00007fd1ef390000, 0x00007fd20c940000)
 tenured generation   total 9619236K, used 9546121K [0x00007fdbaf0a0000, 0x00007fddfa269000, 0x00007ff104600000)
   the space 9619236K,  99% used [0x00007fdbaf0a0000, 0x00007fddf5b026f8, 0x00007fddf5b02800, 0x00007fddfa269000)
 Metaspace       used 24280K, capacity 24648K, committed 24832K, reserved 26624K
}
Event: 2632.598 GC heap before
{Heap before GC invocations=1763 (full 7):
 def new generation   total 4328704K, used 4051256K [0x00007fd104600000, 0x00007fd229ef0000, 0x00007fdbaf0a0000)
  eden space 3847744K, 100% used [0x00007fd104600000, 0x00007fd1ef390000, 0x00007fd1ef390000)
  from space 480960K,  42% used [0x00007fd20c940000, 0x00007fd218ffe108, 0x00007fd229ef0000)
  to   space 480960K,   0% used [0x00007fd1ef390000, 0x00007fd1ef390000, 0x00007fd20c940000)
 tenured generation   total 9619236K, used 9546121K [0x00007fdbaf0a0000, 0x00007fddfa269000, 0x00007ff104600000)
   the space 9619236K,  99% used [0x00007fdbaf0a0000, 0x00007fddf5b026f8, 0x00007fddf5b02800, 0x00007fddfa269000)
 Metaspace       used 24280K, capacity 24648K, committed 24832K, reserved 26624K
}
Event: 2632.823 GC heap after
{Heap after GC invocations=1764 (full 7):
 def new generation   total 4328704K, used 215835K [0x00007fd104600000, 0x00007fd229ef0000, 0x00007fdbaf0a0000)
  eden space 3847744K,   0% used [0x00007fd104600000, 0x00007fd104600000, 0x00007fd1ef390000)
  from space 480960K,  44% used [0x00007fd1ef390000, 0x00007fd1fc656fa0, 0x00007fd20c940000)
  to   space 480960K,   0% used [0x00007fd20c940000, 0x00007fd20c940000, 0x00007fd229ef0000)
 tenured generation   total 9619236K, used 9563080K [0x00007fdbaf0a0000, 0x00007fddfa269000, 0x00007ff104600000)
   the space 9619236K,  99% used [0x00007fdbaf0a0000, 0x00007fddf6b92390, 0x00007fddf6b92400, 0x00007fddfa269000)
 Metaspace       used 24280K, capacity 24648K, committed 24832K, reserved 26624K
}
Event: 2636.540 GC heap before
{Heap before GC invocations=1764 (full 7):
 def new generation   total 4328704K, used 4060060K [0x00007fd104600000, 0x00007fd229ef0000, 0x00007fdbaf0a0000)
  eden space 3847744K,  99% used [0x00007fd104600000, 0x00007fd1ef020088, 0x00007fd1ef390000)
  from space 480960K,  44% used [0x00007fd1ef390000, 0x00007fd1fc656fa0, 0x00007fd20c940000)
  to   space 480960K,   0% used [0x00007fd20c940000, 0x00007fd20c940000, 0x00007fd229ef0000)
 tenured generation   total 9619236K, used 9563080K [0x00007fdbaf0a0000, 0x00007fddfa269000, 0x00007ff104600000)
   the space 9619236K,  99% used [0x00007fdbaf0a0000, 0x00007fddf6b92390, 0x00007fddf6b92400, 0x00007fddfa269000)
 Metaspace       used 24280K, capacity 24648K, committed 24832K, reserved 26624K
}
Event: 2636.688 GC heap after
{Heap after GC invocations=1765 (full 7):
 def new generation   total 4328704K, used 216887K [0x00007fd104600000, 0x00007fd229ef0000, 0x00007fdbaf0a0000)
  eden space 3847744K,   0% used [0x00007fd104600000, 0x00007fd104600000, 0x00007fd1ef390000)
  from space 480960K,  45% used [0x00007fd20c940000, 0x00007fd219d0dc28, 0x00007fd229ef0000)
  to   space 480960K,   0% used [0x00007fd1ef390000, 0x00007fd1ef390000, 0x00007fd20c940000)
 tenured generation   total 9619236K, used 9563080K [0x00007fdbaf0a0000, 0x00007fddfa269000, 0x00007ff104600000)
   the space 9619236K,  99% used [0x00007fdbaf0a0000, 0x00007fddf6b92390, 0x00007fddf6b92400, 0x00007fddfa269000)
 Metaspace       used 24280K, capacity 24648K, committed 24832K, reserved 26624K
}
Event: 2640.429 GC heap before
{Heap before GC invocations=1765 (full 7):
 def new generation   total 4328704K, used 4064631K [0x00007fd104600000, 0x00007fd229ef0000, 0x00007fdbaf0a0000)
  eden space 3847744K, 100% used [0x00007fd104600000, 0x00007fd1ef390000, 0x00007fd1ef390000)
  from space 480960K,  45% used [0x00007fd20c940000, 0x00007fd219d0dc28, 0x00007fd229ef0000)
  to   space 480960K,   0% used [0x00007fd1ef390000, 0x00007fd1ef390000, 0x00007fd20c940000)
 tenured generation   total 9619236K, used 9563080K [0x00007fdbaf0a0000, 0x00007fddfa269000, 0x00007ff104600000)
   the space 9619236K,  99% used [0x00007fdbaf0a0000, 0x00007fddf6b92390, 0x00007fddf6b92400, 0x00007fddfa269000)
 Metaspace       used 24280K, capacity 24648K, committed 24832K, reserved 26624K
}
Event: 2640.586 GC heap after
{Heap after GC invocations=1766 (full 7):
 def new generation   total 4328704K, used 203511K [0x00007fd104600000, 0x00007fd229ef0000, 0x00007fdbaf0a0000)
  eden space 3847744K,   0% used [0x00007fd104600000, 0x00007fd104600000, 0x00007fd1ef390000)
  from space 480960K,  42% used [0x00007fd1ef390000, 0x00007fd1fba4dc98, 0x00007fd20c940000)
  to   space 480960K,   0% used [0x00007fd20c940000, 0x00007fd20c940000, 0x00007fd229ef0000)
 tenured generation   total 9619236K, used 9580040K [0x00007fdbaf0a0000, 0x00007fddfa269000, 0x00007ff104600000)
   the space 9619236K,  99% used [0x00007fdbaf0a0000, 0x00007fddf7c22028, 0x00007fddf7c22200, 0x00007fddfa269000)
 Metaspace       used 24280K, capacity 24648K, committed 24832K, reserved 26624K
}
Event: 2644.600 GC heap before
{Heap before GC invocations=1766 (full 7):
 def new generation   total 4328704K, used 4051255K [0x00007fd104600000, 0x00007fd229ef0000, 0x00007fdbaf0a0000)
  eden space 3847744K, 100% used [0x00007fd104600000, 0x00007fd1ef390000, 0x00007fd1ef390000)
  from space 480960K,  42% used [0x00007fd1ef390000, 0x00007fd1fba4dc98, 0x00007fd20c940000)
  to   space 480960K,   0% used [0x00007fd20c940000, 0x00007fd20c940000, 0x00007fd229ef0000)
 tenured generation   total 9619236K, used 9580040K [0x00007fdbaf0a0000, 0x00007fddfa269000, 0x00007ff104600000)
   the space 9619236K,  99% used [0x00007fdbaf0a0000, 0x00007fddf7c22028, 0x00007fddf7c22200, 0x00007fddfa269000)
 Metaspace       used 24280K, capacity 24648K, committed 24832K, reserved 26624K
}
Event: 2644.763 GC heap after
{Heap after GC invocations=1767 (full 7):
 def new generation   total 4328704K, used 203503K [0x00007fd104600000, 0x00007fd229ef0000, 0x00007fdbaf0a0000)
  eden space 3847744K,   0% used [0x00007fd104600000, 0x00007fd104600000, 0x00007fd1ef390000)
  from space 480960K,  42% used [0x00007fd20c940000, 0x00007fd218ffbfd8, 0x00007fd229ef0000)
  to   space 480960K,   0% used [0x00007fd1ef390000, 0x00007fd1ef390000, 0x00007fd20c940000)
 tenured generation   total 9619236K, used 9596999K [0x00007fdbaf0a0000, 0x00007fddfa269000, 0x00007ff104600000)
   the space 9619236K,  99% used [0x00007fdbaf0a0000, 0x00007fddf8cb1cc0, 0x00007fddf8cb1e00, 0x00007fddfa269000)
 Metaspace       used 24280K, capacity 24648K, committed 24832K, reserved 26624K
}
Event: 2648.529 GC heap before
{Heap before GC invocations=1767 (full 7):
 def new generation   total 4328704K, used 4050829K [0x00007fd104600000, 0x00007fd229ef0000, 0x00007fdbaf0a0000)
  eden space 3847744K,  99% used [0x00007fd104600000, 0x00007fd1ef3277d0, 0x00007fd1ef390000)
  from space 480960K,  42% used [0x00007fd20c940000, 0x00007fd218ffbfd8, 0x00007fd229ef0000)
  to   space 480960K,   0% used [0x00007fd1ef390000, 0x00007fd1ef390000, 0x00007fd20c940000)
 tenured generation   total 9619236K, used 9596999K [0x00007fdbaf0a0000, 0x00007fddfa269000, 0x00007ff104600000)
   the space 9619236K,  99% used [0x00007fdbaf0a0000, 0x00007fddf8cb1cc0, 0x00007fddf8cb1e00, 0x00007fddfa269000)
 Metaspace       used 24280K, capacity 24648K, committed 24832K, reserved 26624K
}
Event: 2648.681 GC heap after
{Heap after GC invocations=1768 (full 7):
 def new generation   total 4328704K, used 213800K [0x00007fd104600000, 0x00007fd229ef0000, 0x00007fdbaf0a0000)
  eden space 3847744K,   0% used [0x00007fd104600000, 0x00007fd104600000, 0x00007fd1ef390000)
  from space 480960K,  44% used [0x00007fd1ef390000, 0x00007fd1fc45a350, 0x00007fd20c940000)
  to   space 480960K,   0% used [0x00007fd20c940000, 0x00007fd20c940000, 0x00007fd229ef0000)
 tenured generation   total 9619236K, used 9596999K [0x00007fdbaf0a0000, 0x00007fddfa269000, 0x00007ff104600000)
   the space 9619236K,  99% used [0x00007fdbaf0a0000, 0x00007fddf8cb1cc0, 0x00007fddf8cb1e00, 0x00007fddfa269000)
 Metaspace       used 24280K, capacity 24648K, committed 24832K, reserved 26624K
}
Event: 2652.470 GC heap before
{Heap before GC invocations=1768 (full 7):
 def new generation   total 4328704K, used 4061544K [0x00007fd104600000, 0x00007fd229ef0000, 0x00007fdbaf0a0000)
  eden space 3847744K, 100% used [0x00007fd104600000, 0x00007fd1ef390000, 0x00007fd1ef390000)
  from space 480960K,  44% used [0x00007fd1ef390000, 0x00007fd1fc45a350, 0x00007fd20c940000)
  to   space 480960K,   0% used [0x00007fd20c940000, 0x00007fd20c940000, 0x00007fd229ef0000)
 tenured generation   total 9619236K, used 9596999K [0x00007fdbaf0a0000, 0x00007fddfa269000, 0x00007ff104600000)
   the space 9619236K,  99% used [0x00007fdbaf0a0000, 0x00007fddf8cb1cc0, 0x00007fddf8cb1e00, 0x00007fddfa269000)
 Metaspace       used 24280K, capacity 24648K, committed 24832K, reserved 26624K
}
Event: 2652.627 GC heap after
{Heap after GC invocations=1769 (full 7):
 def new generation   total 4328704K, used 224057K [0x00007fd104600000, 0x00007fd229ef0000, 0x00007fdbaf0a0000)
  eden space 3847744K,   0% used [0x00007fd104600000, 0x00007fd104600000, 0x00007fd1ef390000)
  from space 480960K,  46% used [0x00007fd20c940000, 0x00007fd21a40e660, 0x00007fd229ef0000)
  to   space 480960K,   0% used [0x00007fd1ef390000, 0x00007fd1ef390000, 0x00007fd20c940000)
 tenured generation   total 9619236K, used 9613958K [0x00007fdbaf0a0000, 0x00007fddfa269000, 0x00007ff104600000)
   the space 9619236K,  99% used [0x00007fdbaf0a0000, 0x00007fddf9d41958, 0x00007fddf9d41a00, 0x00007fddfa269000)
 Metaspace       used 24280K, capacity 24648K, committed 24832K, reserved 26624K
}
Event: 2656.591 GC heap before
{Heap before GC invocations=1769 (full 7):
 def new generation   total 4328704K, used 4071801K [0x00007fd104600000, 0x00007fd229ef0000, 0x00007fdbaf0a0000)
  eden space 3847744K, 100% used [0x00007fd104600000, 0x00007fd1ef390000, 0x00007fd1ef390000)
  from space 480960K,  46% used [0x00007fd20c940000, 0x00007fd21a40e660, 0x00007fd229ef0000)
  to   space 480960K,   0% used [0x00007fd1ef390000, 0x00007fd1ef390000, 0x00007fd20c940000)
 tenured generation   total 9619236K, used 9613958K [0x00007fdbaf0a0000, 0x00007fddfa269000, 0x00007ff104600000)
   the space 9619236K,  99% used [0x00007fdbaf0a0000, 0x00007fddf9d41958, 0x00007fddf9d41a00, 0x00007fddfa269000)
 Metaspace       used 24280K, capacity 24648K, committed 24832K, reserved 26624K
}
Event: 2656.744 GC heap after
{Heap after GC invocations=1770 (full 7):
 def new generation   total 4328704K, used 203514K [0x00007fd104600000, 0x00007fd229ef0000, 0x00007fdbaf0a0000)
  eden space 3847744K,   0% used [0x00007fd104600000, 0x00007fd104600000, 0x00007fd1ef390000)
  from space 480960K,  42% used [0x00007fd1ef390000, 0x00007fd1fba4e8a0, 0x00007fd20c940000)
  to   space 480960K,   0% used [0x00007fd20c940000, 0x00007fd20c940000, 0x00007fd229ef0000)
 tenured generation   total 9635624K, used 9630917K [0x00007fdbaf0a0000, 0x00007fddfb26a000, 0x00007ff104600000)
   the space 9635624K,  99% used [0x00007fdbaf0a0000, 0x00007fddfadd15f0, 0x00007fddfadd1600, 0x00007fddfb26a000)
 Metaspace       used 24280K, capacity 24648K, committed 24832K, reserved 26624K
}
Event: 2656.744 GC heap before
{Heap before GC invocations=1770 (full 7):
 def new generation   total 4328704K, used 203514K [0x00007fd104600000, 0x00007fd229ef0000, 0x00007fdbaf0a0000)
  eden space 3847744K,   0% used [0x00007fd104600000, 0x00007fd104600000, 0x00007fd1ef390000)
  from space 480960K,  42% used [0x00007fd1ef390000, 0x00007fd1fba4e8a0, 0x00007fd20c940000)
  to   space 480960K,   0% used [0x00007fd20c940000, 0x00007fd20c940000, 0x00007fd229ef0000)
 tenured generation   total 9635624K, used 9630917K [0x00007fdbaf0a0000, 0x00007fddfb26a000, 0x00007ff104600000)
   the space 9635624K,  99% used [0x00007fdbaf0a0000, 0x00007fddfadd15f0, 0x00007fddfadd1600, 0x00007fddfb26a000)
 Metaspace       used 24280K, capacity 24648K, committed 24832K, reserved 26624K
}

