# JRE version: OpenJDK Runtime Environment (13.0.7+5) (build 13.0.7+5-Ubuntu-0ubuntu120.04)
# Java VM: OpenJDK 64-Bit Server VM (13.0.7+5-Ubuntu-0ubuntu120.04, mixed mode, tiered, serial gc, linux-amd64)
Heap:
 def new generation   total 2915840K, used 78389K [0x00007fa4c0600000, 0x00007fa5861e0000, 0x00007faa15b50000)
  eden space 2591872K,   3% used [0x00007fa4c0600000, 0x00007fa4c528d6b8, 0x00007fa55e920000)
  from space 323968K,   0% used [0x00007fa572580000, 0x00007fa572580000, 0x00007fa5861e0000)
  to   space 323968K,   0% used [0x00007fa55e920000, 0x00007fa55e920000, 0x00007fa572580000)
 tenured generation   total 6482072K, used 6482072K [0x00007faa15b50000, 0x00007faba1576000, 0x00007fb4c0600000)
   the space 6482072K, 100% used [0x00007faa15b50000, 0x00007faba1576000, 0x00007faba1576000, 0x00007faba1576000)
 Metaspace       used 24235K, capacity 24593K, committed 24832K, reserved 26624K
GC Heap History (20 events):
Event: 2613.644 GC heap after
{Heap after GC invocations=2804 (full 4):
 def new generation   total 2915840K, used 82138K [0x00007fa4c0600000, 0x00007fa5861e0000, 0x00007faa15b50000)
  eden space 2591872K,   0% used [0x00007fa4c0600000, 0x00007fa4c0600000, 0x00007fa55e920000)
  from space 323968K,  25% used [0x00007fa55e920000, 0x00007fa563956828, 0x00007fa572580000)
  to   space 323968K,   0% used [0x00007fa572580000, 0x00007fa572580000, 0x00007fa5861e0000)
 tenured generation   total 6479576K, used 6433860K [0x00007faa15b50000, 0x00007faba1306000, 0x00007fb4c0600000)
   the space 6479576K,  99% used [0x00007faa15b50000, 0x00007fab9e661150, 0x00007fab9e661200, 0x00007faba1306000)
 Metaspace       used 24235K, capacity 24593K, committed 24832K, reserved 26624K
}
Event: 2615.582 GC heap before
{Heap before GC invocations=2804 (full 4):
 def new generation   total 2915840K, used 2674010K [0x00007fa4c0600000, 0x00007fa5861e0000, 0x00007faa15b50000)
  eden space 2591872K, 100% used [0x00007fa4c0600000, 0x00007fa55e920000, 0x00007fa55e920000)
  from space 323968K,  25% used [0x00007fa55e920000, 0x00007fa563956828, 0x00007fa572580000)
  to   space 323968K,   0% used [0x00007fa572580000, 0x00007fa572580000, 0x00007fa5861e0000)
 tenured generation   total 6479576K, used 6433860K [0x00007faa15b50000, 0x00007faba1306000, 0x00007fb4c0600000)
   the space 6479576K,  99% used [0x00007faa15b50000, 0x00007fab9e661150, 0x00007fab9e661200, 0x00007faba1306000)
 Metaspace       used 24235K, capacity 24593K, committed 24832K, reserved 26624K
}
Event: 2615.723 GC heap after
{Heap after GC invocations=2805 (full 4):
 def new generation   total 2915840K, used 84003K [0x00007fa4c0600000, 0x00007fa5861e0000, 0x00007faa15b50000)
  eden space 2591872K,   0% used [0x00007fa4c0600000, 0x00007fa4c0600000, 0x00007fa55e920000)
  from space 323968K,  25% used [0x00007fa572580000, 0x00007fa577788d70, 0x00007fa5861e0000)
  to   space 323968K,   0% used [0x00007fa55e920000, 0x00007fa55e920000, 0x00007fa572580000)
 tenured generation   total 6479576K, used 6436839K [0x00007faa15b50000, 0x00007faba1306000, 0x00007fb4c0600000)
   the space 6479576K,  99% used [0x00007faa15b50000, 0x00007fab9e949c30, 0x00007fab9e949e00, 0x00007faba1306000)
 Metaspace       used 24235K, capacity 24593K, committed 24832K, reserved 26624K
}
Event: 2617.598 GC heap before
{Heap before GC invocations=2805 (full 4):
 def new generation   total 2915840K, used 2675875K [0x00007fa4c0600000, 0x00007fa5861e0000, 0x00007faa15b50000)
  eden space 2591872K, 100% used [0x00007fa4c0600000, 0x00007fa55e920000, 0x00007fa55e920000)
  from space 323968K,  25% used [0x00007fa572580000, 0x00007fa577788d70, 0x00007fa5861e0000)
  to   space 323968K,   0% used [0x00007fa55e920000, 0x00007fa55e920000, 0x00007fa572580000)
 tenured generation   total 6479576K, used 6436839K [0x00007faa15b50000, 0x00007faba1306000, 0x00007fb4c0600000)
   the space 6479576K,  99% used [0x00007faa15b50000, 0x00007fab9e949c30, 0x00007fab9e949e00, 0x00007faba1306000)
 Metaspace       used 24235K, capacity 24593K, committed 24832K, reserved 26624K
}
Event: 2617.773 GC heap after
{Heap after GC invocations=2806 (full 4):
 def new generation   total 2915840K, used 83653K [0x00007fa4c0600000, 0x00007fa5861e0000, 0x00007faa15b50000)
  eden space 2591872K,   0% used [0x00007fa4c0600000, 0x00007fa4c0600000, 0x00007fa55e920000)
  from space 323968K,  25% used [0x00007fa55e920000, 0x00007fa563ad1478, 0x00007fa572580000)
  to   space 323968K,   0% used [0x00007fa572580000, 0x00007fa572580000, 0x00007fa5861e0000)
 tenured generation   total 6479576K, used 6441778K [0x00007faa15b50000, 0x00007faba1306000, 0x00007fb4c0600000)
   the space 6479576K,  99% used [0x00007faa15b50000, 0x00007fab9ee1cbf8, 0x00007fab9ee1cc00, 0x00007faba1306000)
 Metaspace       used 24235K, capacity 24593K, committed 24832K, reserved 26624K
}
Event: 2619.517 GC heap before
{Heap before GC invocations=2806 (full 4):
 def new generation   total 2915840K, used 2675525K [0x00007fa4c0600000, 0x00007fa5861e0000, 0x00007faa15b50000)
  eden space 2591872K, 100% used [0x00007fa4c0600000, 0x00007fa55e920000, 0x00007fa55e920000)
  from space 323968K,  25% used [0x00007fa55e920000, 0x00007fa563ad1478, 0x00007fa572580000)
  to   space 323968K,   0% used [0x00007fa572580000, 0x00007fa572580000, 0x00007fa5861e0000)
 tenured generation   total 6479576K, used 6441778K [0x00007faa15b50000, 0x00007faba1306000, 0x00007fb4c0600000)
   the space 6479576K,  99% used [0x00007faa15b50000, 0x00007fab9ee1cbf8, 0x00007fab9ee1cc00, 0x00007faba1306000)
 Metaspace       used 24235K, capacity 24593K, committed 24832K, reserved 26624K
}
Event: 2619.701 GC heap after
{Heap after GC invocations=2807 (full 4):
 def new generation   total 2915840K, used 82955K [0x00007fa4c0600000, 0x00007fa5861e0000, 0x00007faa15b50000)
  eden space 2591872K,   0% used [0x00007fa4c0600000, 0x00007fa4c0600000, 0x00007fa55e920000)
  from space 323968K,  25% used [0x00007fa572580000, 0x00007fa577682da8, 0x00007fa5861e0000)
  to   space 323968K,   0% used [0x00007fa55e920000, 0x00007fa55e920000, 0x00007fa572580000)
 tenured generation   total 6479576K, used 6447357K [0x00007faa15b50000, 0x00007faba1306000, 0x00007fb4c0600000)
   the space 6479576K,  99% used [0x00007faa15b50000, 0x00007fab9f38f638, 0x00007fab9f38f800, 0x00007faba1306000)
 Metaspace       used 24235K, capacity 24593K, committed 24832K, reserved 26624K
}
Event: 2621.592 GC heap before
{Heap before GC invocations=2807 (full 4):
 def new generation   total 2915840K, used 2674827K [0x00007fa4c0600000, 0x00007fa5861e0000, 0x00007faa15b50000)
  eden space 2591872K, 100% used [0x00007fa4c0600000, 0x00007fa55e920000, 0x00007fa55e920000)
  from space 323968K,  25% used [0x00007fa572580000, 0x00007fa577682da8, 0x00007fa5861e0000)
  to   space 323968K,   0% used [0x00007fa55e920000, 0x00007fa55e920000, 0x00007fa572580000)
 tenured generation   total 6479576K, used 6447357K [0x00007faa15b50000, 0x00007faba1306000, 0x00007fb4c0600000)
   the space 6479576K,  99% used [0x00007faa15b50000, 0x00007fab9f38f638, 0x00007fab9f38f800, 0x00007faba1306000)
 Metaspace       used 24235K, capacity 24593K, committed 24832K, reserved 26624K
}
Event: 2621.739 GC heap after
{Heap after GC invocations=2808 (full 4):
 def new generation   total 2915840K, used 83123K [0x00007fa4c0600000, 0x00007fa5861e0000, 0x00007faa15b50000)
  eden space 2591872K,   0% used [0x00007fa4c0600000, 0x00007fa4c0600000, 0x00007fa55e920000)
  from space 323968K,  25% used [0x00007fa55e920000, 0x00007fa563a4ce80, 0x00007fa572580000)
  to   space 323968K,   0% used [0x00007fa572580000, 0x00007fa572580000, 0x00007fa5861e0000)
 tenured generation   total 6479576K, used 6451304K [0x00007faa15b50000, 0x00007faba1306000, 0x00007fb4c0600000)
   the space 6479576K,  99% used [0x00007faa15b50000, 0x00007fab9f76a320, 0x00007fab9f76a400, 0x00007faba1306000)
 Metaspace       used 24235K, capacity 24593K, committed 24832K, reserved 26624K
}
Event: 2623.521 GC heap before
{Heap before GC invocations=2808 (full 4):
 def new generation   total 2915840K, used 2674995K [0x00007fa4c0600000, 0x00007fa5861e0000, 0x00007faa15b50000)
  eden space 2591872K, 100% used [0x00007fa4c0600000, 0x00007fa55e920000, 0x00007fa55e920000)
  from space 323968K,  25% used [0x00007fa55e920000, 0x00007fa563a4ce80, 0x00007fa572580000)
  to   space 323968K,   0% used [0x00007fa572580000, 0x00007fa572580000, 0x00007fa5861e0000)
 tenured generation   total 6479576K, used 6451304K [0x00007faa15b50000, 0x00007faba1306000, 0x00007fb4c0600000)
   the space 6479576K,  99% used [0x00007faa15b50000, 0x00007fab9f76a320, 0x00007fab9f76a400, 0x00007faba1306000)
 Metaspace       used 24235K, capacity 24593K, committed 24832K, reserved 26624K
}
Event: 2623.662 GC heap after
{Heap after GC invocations=2809 (full 4):
 def new generation   total 2915840K, used 86489K [0x00007fa4c0600000, 0x00007fa5861e0000, 0x00007faa15b50000)
  eden space 2591872K,   0% used [0x00007fa4c0600000, 0x00007fa4c0600000, 0x00007fa55e920000)
  from space 323968K,  26% used [0x00007fa572580000, 0x00007fa5779f65b8, 0x00007fa5861e0000)
  to   space 323968K,   0% used [0x00007fa55e920000, 0x00007fa55e920000, 0x00007fa572580000)
 tenured generation   total 6479576K, used 6455465K [0x00007faa15b50000, 0x00007faba1306000, 0x00007fb4c0600000)
   the space 6479576K,  99% used [0x00007faa15b50000, 0x00007fab9fb7a568, 0x00007fab9fb7a600, 0x00007faba1306000)
 Metaspace       used 24235K, capacity 24593K, committed 24832K, reserved 26624K
}
Event: 2625.354 GC heap before
{Heap before GC invocations=2809 (full 4):
 def new generation   total 2915840K, used 2678361K [0x00007fa4c0600000, 0x00007fa5861e0000, 0x00007faa15b50000)
  eden space 2591872K, 100% used [0x00007fa4c0600000, 0x00007fa55e920000, 0x00007fa55e920000)
  from space 323968K,  26% used [0x00007fa572580000, 0x00007fa5779f65b8, 0x00007fa5861e0000)
  to   space 323968K,   0% used [0x00007fa55e920000, 0x00007fa55e920000, 0x00007fa572580000)
 tenured generation   total 6479576K, used 6455465K [0x00007faa15b50000, 0x00007faba1306000, 0x00007fb4c0600000)
   the space 6479576K,  99% used [0x00007faa15b50000, 0x00007fab9fb7a568, 0x00007fab9fb7a600, 0x00007faba1306000)
 Metaspace       used 24235K, capacity 24593K, committed 24832K, reserved 26624K
}
Event: 2625.473 GC heap after
{Heap after GC invocations=2810 (full 4):
 def new generation   total 2915840K, used 82662K [0x00007fa4c0600000, 0x00007fa5861e0000, 0x00007faa15b50000)
  eden space 2591872K,   0% used [0x00007fa4c0600000, 0x00007fa4c0600000, 0x00007fa55e920000)
  from space 323968K,  25% used [0x00007fa55e920000, 0x00007fa5639d9a48, 0x00007fa572580000)
  to   space 323968K,   0% used [0x00007fa572580000, 0x00007fa572580000, 0x00007fa5861e0000)
 tenured generation   total 6479576K, used 6464348K [0x00007faa15b50000, 0x00007faba1306000, 0x00007fb4c0600000)
   the space 6479576K,  99% used [0x00007faa15b50000, 0x00007faba0427088, 0x00007faba0427200, 0x00007faba1306000)
 Metaspace       used 24235K, capacity 24593K, committed 24832K, reserved 26624K
}
Event: 2627.164 GC heap before
{Heap before GC invocations=2810 (full 4):
 def new generation   total 2915840K, used 2674534K [0x00007fa4c0600000, 0x00007fa5861e0000, 0x00007faa15b50000)
  eden space 2591872K, 100% used [0x00007fa4c0600000, 0x00007fa55e920000, 0x00007fa55e920000)
  from space 323968K,  25% used [0x00007fa55e920000, 0x00007fa5639d9a48, 0x00007fa572580000)
  to   space 323968K,   0% used [0x00007fa572580000, 0x00007fa572580000, 0x00007fa5861e0000)
 tenured generation   total 6479576K, used 6464348K [0x00007faa15b50000, 0x00007faba1306000, 0x00007fb4c0600000)
   the space 6479576K,  99% used [0x00007faa15b50000, 0x00007faba0427088, 0x00007faba0427200, 0x00007faba1306000)
 Metaspace       used 24235K, capacity 24593K, committed 24832K, reserved 26624K
}
Event: 2627.326 GC heap after
{Heap after GC invocations=2811 (full 4):
 def new generation   total 2915840K, used 84196K [0x00007fa4c0600000, 0x00007fa5861e0000, 0x00007faa15b50000)
  eden space 2591872K,   0% used [0x00007fa4c0600000, 0x00007fa4c0600000, 0x00007fa55e920000)
  from space 323968K,  25% used [0x00007fa572580000, 0x00007fa5777b9250, 0x00007fa5861e0000)
  to   space 323968K,   0% used [0x00007fa55e920000, 0x00007fa55e920000, 0x00007fa572580000)
 tenured generation   total 6479576K, used 6467515K [0x00007faa15b50000, 0x00007faba1306000, 0x00007fb4c0600000)
   the space 6479576K,  99% used [0x00007faa15b50000, 0x00007faba073eeb8, 0x00007faba073f000, 0x00007faba1306000)
 Metaspace       used 24235K, capacity 24593K, committed 24832K, reserved 26624K
}
Event: 2629.133 GC heap before
{Heap before GC invocations=2811 (full 4):
 def new generation   total 2915840K, used 2676068K [0x00007fa4c0600000, 0x00007fa5861e0000, 0x00007faa15b50000)
  eden space 2591872K, 100% used [0x00007fa4c0600000, 0x00007fa55e920000, 0x00007fa55e920000)
  from space 323968K,  25% used [0x00007fa572580000, 0x00007fa5777b9250, 0x00007fa5861e0000)
  to   space 323968K,   0% used [0x00007fa55e920000, 0x00007fa55e920000, 0x00007fa572580000)
 tenured generation   total 6479576K, used 6467515K [0x00007faa15b50000, 0x00007faba1306000, 0x00007fb4c0600000)
   the space 6479576K,  99% used [0x00007faa15b50000, 0x00007faba073eeb8, 0x00007faba073f000, 0x00007faba1306000)
 Metaspace       used 24235K, capacity 24593K, committed 24832K, reserved 26624K
}
Event: 2629.278 GC heap after
{Heap after GC invocations=2812 (full 4):
 def new generation   total 2915840K, used 82316K [0x00007fa4c0600000, 0x00007fa5861e0000, 0x00007faa15b50000)
  eden space 2591872K,   0% used [0x00007fa4c0600000, 0x00007fa4c0600000, 0x00007fa55e920000)
  from space 323968K,  25% used [0x00007fa55e920000, 0x00007fa563983090, 0x00007fa572580000)
  to   space 323968K,   0% used [0x00007fa572580000, 0x00007fa572580000, 0x00007fa5861e0000)
 tenured generation   total 6479576K, used 6473730K [0x00007faa15b50000, 0x00007faba1306000, 0x00007fb4c0600000)
   the space 6479576K,  99% used [0x00007faa15b50000, 0x00007faba0d50838, 0x00007faba0d50a00, 0x00007faba1306000)
 Metaspace       used 24235K, capacity 24593K, committed 24832K, reserved 26624K
}
Event: 2631.117 GC heap before
{Heap before GC invocations=2812 (full 4):
 def new generation   total 2915840K, used 2674188K [0x00007fa4c0600000, 0x00007fa5861e0000, 0x00007faa15b50000)
  eden space 2591872K, 100% used [0x00007fa4c0600000, 0x00007fa55e920000, 0x00007fa55e920000)
  from space 323968K,  25% used [0x00007fa55e920000, 0x00007fa563983090, 0x00007fa572580000)
  to   space 323968K,   0% used [0x00007fa572580000, 0x00007fa572580000, 0x00007fa5861e0000)
 tenured generation   total 6479576K, used 6473730K [0x00007faa15b50000, 0x00007faba1306000, 0x00007fb4c0600000)
   the space 6479576K,  99% used [0x00007faa15b50000, 0x00007faba0d50838, 0x00007faba0d50a00, 0x00007faba1306000)
 Metaspace       used 24235K, capacity 24593K, committed 24832K, reserved 26624K
}
Event: 2631.260 GC heap after
{Heap after GC invocations=2813 (full 4):
 def new generation   total 2915840K, used 78485K [0x00007fa4c0600000, 0x00007fa5861e0000, 0x00007faa15b50000)
  eden space 2591872K,   0% used [0x00007fa4c0600000, 0x00007fa4c0600000, 0x00007fa55e920000)
  from space 323968K,  24% used [0x00007fa572580000, 0x00007fa577225708, 0x00007fa5861e0000)
  to   space 323968K,   0% used [0x00007fa55e920000, 0x00007fa55e920000, 0x00007fa572580000)
 tenured generation   total 6482072K, used 6481975K [0x00007faa15b50000, 0x00007faba1576000, 0x00007fb4c0600000)
   the space 6482072K,  99% used [0x00007faa15b50000, 0x00007faba155dfb0, 0x00007faba155e000, 0x00007faba1576000)
 Metaspace       used 24235K, capacity 24593K, committed 24832K, reserved 26624K
}
Event: 2631.260 GC heap before
{Heap before GC invocations=2813 (full 4):
 def new generation   total 2915840K, used 78485K [0x00007fa4c0600000, 0x00007fa5861e0000, 0x00007faa15b50000)
  eden space 2591872K,   0% used [0x00007fa4c0600000, 0x00007fa4c0600000, 0x00007fa55e920000)
  from space 323968K,  24% used [0x00007fa572580000, 0x00007fa577225708, 0x00007fa5861e0000)
  to   space 323968K,   0% used [0x00007fa55e920000, 0x00007fa55e920000, 0x00007fa572580000)
 tenured generation   total 6482072K, used 6481975K [0x00007faa15b50000, 0x00007faba1576000, 0x00007fb4c0600000)
   the space 6482072K,  99% used [0x00007faa15b50000, 0x00007faba155dfb0, 0x00007faba155e000, 0x00007faba1576000)
 Metaspace       used 24235K, capacity 24593K, committed 24832K, reserved 26624K
}

