# JRE version: OpenJDK Runtime Environment (13.0.7+5) (build 13.0.7+5-Ubuntu-0ubuntu120.04)
# Java VM: OpenJDK 64-Bit Server VM (13.0.7+5-Ubuntu-0ubuntu120.04, mixed mode, tiered, serial gc, linux-amd64)
Heap:
 def new generation   total 1582144K, used 72437K [0x00007f9750600000, 0x00007f97bbab0000, 0x00007fa1fb0a0000)
  eden space 1406400K,   5% used [0x00007f9750600000, 0x00007f9754cbd718, 0x00007f97a6370000)
  from space 175744K,   0% used [0x00007f97a6370000, 0x00007f97a6370000, 0x00007f97b0f10000)
  to   space 175744K,   0% used [0x00007f97b0f10000, 0x00007f97b0f10000, 0x00007f97bbab0000)
 tenured generation   total 3532136K, used 3531940K [0x00007fa1fb0a0000, 0x00007fa2d29fa000, 0x00007fb750600000)
   the space 3532136K,  99% used [0x00007fa1fb0a0000, 0x00007fa2d29c92e8, 0x00007fa2d29c9400, 0x00007fa2d29fa000)
 Metaspace       used 24202K, capacity 24633K, committed 24832K, reserved 26624K
GC Heap History (20 events):
Event: 1273.471 GC heap after
{Heap after GC invocations=1360 (full 5):
 def new generation   total 1582144K, used 83240K [0x00007f9750600000, 0x00007f97bbab0000, 0x00007fa1fb0a0000)
  eden space 1406400K,   0% used [0x00007f9750600000, 0x00007f9750600000, 0x00007f97a6370000)
  from space 175744K,  47% used [0x00007f97b0f10000, 0x00007f97b605a2e8, 0x00007f97bbab0000)
  to   space 175744K,   0% used [0x00007f97a6370000, 0x00007f97a6370000, 0x00007f97b0f10000)
 tenured generation   total 3515748K, used 3477438K [0x00007fa1fb0a0000, 0x00007fa2d19f9000, 0x00007fb750600000)
   the space 3515748K,  98% used [0x00007fa1fb0a0000, 0x00007fa2cf48fab8, 0x00007fa2cf48fc00, 0x00007fa2d19f9000)
 Metaspace       used 24202K, capacity 24633K, committed 24832K, reserved 26624K
}
Event: 1274.738 GC heap before
{Heap before GC invocations=1360 (full 5):
 def new generation   total 1582144K, used 1489640K [0x00007f9750600000, 0x00007f97bbab0000, 0x00007fa1fb0a0000)
  eden space 1406400K, 100% used [0x00007f9750600000, 0x00007f97a6370000, 0x00007f97a6370000)
  from space 175744K,  47% used [0x00007f97b0f10000, 0x00007f97b605a2e8, 0x00007f97bbab0000)
  to   space 175744K,   0% used [0x00007f97a6370000, 0x00007f97a6370000, 0x00007f97b0f10000)
 tenured generation   total 3515748K, used 3477438K [0x00007fa1fb0a0000, 0x00007fa2d19f9000, 0x00007fb750600000)
   the space 3515748K,  98% used [0x00007fa1fb0a0000, 0x00007fa2cf48fab8, 0x00007fa2cf48fc00, 0x00007fa2d19f9000)
 Metaspace       used 24202K, capacity 24633K, committed 24832K, reserved 26624K
}
Event: 1274.804 GC heap after
{Heap after GC invocations=1361 (full 5):
 def new generation   total 1582144K, used 84786K [0x00007f9750600000, 0x00007f97bbab0000, 0x00007fa1fb0a0000)
  eden space 1406400K,   0% used [0x00007f9750600000, 0x00007f9750600000, 0x00007f97a6370000)
  from space 175744K,  48% used [0x00007f97a6370000, 0x00007f97ab63cac0, 0x00007f97b0f10000)
  to   space 175744K,   0% used [0x00007f97b0f10000, 0x00007f97b0f10000, 0x00007f97bbab0000)
 tenured generation   total 3515748K, used 3477438K [0x00007fa1fb0a0000, 0x00007fa2d19f9000, 0x00007fb750600000)
   the space 3515748K,  98% used [0x00007fa1fb0a0000, 0x00007fa2cf48fab8, 0x00007fa2cf48fc00, 0x00007fa2d19f9000)
 Metaspace       used 24202K, capacity 24633K, committed 24832K, reserved 26624K
}
Event: 1276.346 GC heap before
{Heap before GC invocations=1361 (full 5):
 def new generation   total 1582144K, used 1484176K [0x00007f9750600000, 0x00007f97bbab0000, 0x00007fa1fb0a0000)
  eden space 1406400K,  99% used [0x00007f9750600000, 0x00007f97a5c97910, 0x00007f97a6370000)
  from space 175744K,  48% used [0x00007f97a6370000, 0x00007f97ab63cac0, 0x00007f97b0f10000)
  to   space 175744K,   0% used [0x00007f97b0f10000, 0x00007f97b0f10000, 0x00007f97bbab0000)
 tenured generation   total 3515748K, used 3477438K [0x00007fa1fb0a0000, 0x00007fa2d19f9000, 0x00007fb750600000)
   the space 3515748K,  98% used [0x00007fa1fb0a0000, 0x00007fa2cf48fab8, 0x00007fa2cf48fc00, 0x00007fa2d19f9000)
 Metaspace       used 24202K, capacity 24633K, committed 24832K, reserved 26624K
}
Event: 1276.420 GC heap after
{Heap after GC invocations=1362 (full 5):
 def new generation   total 1582144K, used 105846K [0x00007f9750600000, 0x00007f97bbab0000, 0x00007fa1fb0a0000)
  eden space 1406400K,   0% used [0x00007f9750600000, 0x00007f9750600000, 0x00007f97a6370000)
  from space 175744K,  60% used [0x00007f97b0f10000, 0x00007f97b766d860, 0x00007f97bbab0000)
  to   space 175744K,   0% used [0x00007f97a6370000, 0x00007f97a6370000, 0x00007f97b0f10000)
 tenured generation   total 3515748K, used 3477438K [0x00007fa1fb0a0000, 0x00007fa2d19f9000, 0x00007fb750600000)
   the space 3515748K,  98% used [0x00007fa1fb0a0000, 0x00007fa2cf48fab8, 0x00007fa2cf48fc00, 0x00007fa2d19f9000)
 Metaspace       used 24202K, capacity 24633K, committed 24832K, reserved 26624K
}
Event: 1278.230 GC heap before
{Heap before GC invocations=1362 (full 5):
 def new generation   total 1582144K, used 1512246K [0x00007f9750600000, 0x00007f97bbab0000, 0x00007fa1fb0a0000)
  eden space 1406400K, 100% used [0x00007f9750600000, 0x00007f97a6370000, 0x00007f97a6370000)
  from space 175744K,  60% used [0x00007f97b0f10000, 0x00007f97b766d860, 0x00007f97bbab0000)
  to   space 175744K,   0% used [0x00007f97a6370000, 0x00007f97a6370000, 0x00007f97b0f10000)
 tenured generation   total 3515748K, used 3477438K [0x00007fa1fb0a0000, 0x00007fa2d19f9000, 0x00007fb750600000)
   the space 3515748K,  98% used [0x00007fa1fb0a0000, 0x00007fa2cf48fab8, 0x00007fa2cf48fc00, 0x00007fa2d19f9000)
 Metaspace       used 24202K, capacity 24633K, committed 24832K, reserved 26624K
}
Event: 1278.330 GC heap after
{Heap after GC invocations=1363 (full 5):
 def new generation   total 1582144K, used 63730K [0x00007f9750600000, 0x00007f97bbab0000, 0x00007fa1fb0a0000)
  eden space 1406400K,   0% used [0x00007f9750600000, 0x00007f9750600000, 0x00007f97a6370000)
  from space 175744K,  36% used [0x00007f97a6370000, 0x00007f97aa1ac820, 0x00007f97b0f10000)
  to   space 175744K,   0% used [0x00007f97b0f10000, 0x00007f97b0f10000, 0x00007f97bbab0000)
 tenured generation   total 3515748K, used 3511356K [0x00007fa1fb0a0000, 0x00007fa2d19f9000, 0x00007fb750600000)
   the space 3515748K,  99% used [0x00007fa1fb0a0000, 0x00007fa2d15af2c8, 0x00007fa2d15af400, 0x00007fa2d19f9000)
 Metaspace       used 24202K, capacity 24633K, committed 24832K, reserved 26624K
}
Event: 1279.594 GC heap before
{Heap before GC invocations=1363 (full 5):
 def new generation   total 1582144K, used 1470130K [0x00007f9750600000, 0x00007f97bbab0000, 0x00007fa1fb0a0000)
  eden space 1406400K, 100% used [0x00007f9750600000, 0x00007f97a6370000, 0x00007f97a6370000)
  from space 175744K,  36% used [0x00007f97a6370000, 0x00007f97aa1ac820, 0x00007f97b0f10000)
  to   space 175744K,   0% used [0x00007f97b0f10000, 0x00007f97b0f10000, 0x00007f97bbab0000)
 tenured generation   total 3515748K, used 3511356K [0x00007fa1fb0a0000, 0x00007fa2d19f9000, 0x00007fb750600000)
   the space 3515748K,  99% used [0x00007fa1fb0a0000, 0x00007fa2d15af2c8, 0x00007fa2d15af400, 0x00007fa2d19f9000)
 Metaspace       used 24202K, capacity 24633K, committed 24832K, reserved 26624K
}
Event: 1279.647 GC heap after
{Heap after GC invocations=1364 (full 5):
 def new generation   total 1582144K, used 68327K [0x00007f9750600000, 0x00007f97bbab0000, 0x00007fa1fb0a0000)
  eden space 1406400K,   0% used [0x00007f9750600000, 0x00007f9750600000, 0x00007f97a6370000)
  from space 175744K,  38% used [0x00007f97b0f10000, 0x00007f97b51c9c18, 0x00007f97bbab0000)
  to   space 175744K,   0% used [0x00007f97a6370000, 0x00007f97a6370000, 0x00007f97b0f10000)
 tenured generation   total 3515748K, used 3511356K [0x00007fa1fb0a0000, 0x00007fa2d19f9000, 0x00007fb750600000)
   the space 3515748K,  99% used [0x00007fa1fb0a0000, 0x00007fa2d15af2c8, 0x00007fa2d15af400, 0x00007fa2d19f9000)
 Metaspace       used 24202K, capacity 24633K, committed 24832K, reserved 26624K
}
Event: 1281.065 GC heap before
{Heap before GC invocations=1364 (full 5):
 def new generation   total 1582144K, used 1474727K [0x00007f9750600000, 0x00007f97bbab0000, 0x00007fa1fb0a0000)
  eden space 1406400K, 100% used [0x00007f9750600000, 0x00007f97a6370000, 0x00007f97a6370000)
  from space 175744K,  38% used [0x00007f97b0f10000, 0x00007f97b51c9c18, 0x00007f97bbab0000)
  to   space 175744K,   0% used [0x00007f97a6370000, 0x00007f97a6370000, 0x00007f97b0f10000)
 tenured generation   total 3515748K, used 3511356K [0x00007fa1fb0a0000, 0x00007fa2d19f9000, 0x00007fb750600000)
   the space 3515748K,  99% used [0x00007fa1fb0a0000, 0x00007fa2d15af2c8, 0x00007fa2d15af400, 0x00007fa2d19f9000)
 Metaspace       used 24202K, capacity 24633K, committed 24832K, reserved 26624K
}
Event: 1281.133 GC heap after
{Heap after GC invocations=1365 (full 5):
 def new generation   total 1582144K, used 71427K [0x00007f9750600000, 0x00007f97bbab0000, 0x00007fa1fb0a0000)
  eden space 1406400K,   0% used [0x00007f9750600000, 0x00007f9750600000, 0x00007f97a6370000)
  from space 175744K,  40% used [0x00007f97a6370000, 0x00007f97aa930d40, 0x00007f97b0f10000)
  to   space 175744K,   0% used [0x00007f97b0f10000, 0x00007f97b0f10000, 0x00007f97bbab0000)
 tenured generation   total 3515748K, used 3511356K [0x00007fa1fb0a0000, 0x00007fa2d19f9000, 0x00007fb750600000)
   the space 3515748K,  99% used [0x00007fa1fb0a0000, 0x00007fa2d15af2c8, 0x00007fa2d15af400, 0x00007fa2d19f9000)
 Metaspace       used 24202K, capacity 24633K, committed 24832K, reserved 26624K
}
Event: 1282.927 GC heap before
{Heap before GC invocations=1365 (full 5):
 def new generation   total 1582144K, used 1477827K [0x00007f9750600000, 0x00007f97bbab0000, 0x00007fa1fb0a0000)
  eden space 1406400K, 100% used [0x00007f9750600000, 0x00007f97a6370000, 0x00007f97a6370000)
  from space 175744K,  40% used [0x00007f97a6370000, 0x00007f97aa930d40, 0x00007f97b0f10000)
  to   space 175744K,   0% used [0x00007f97b0f10000, 0x00007f97b0f10000, 0x00007f97bbab0000)
 tenured generation   total 3515748K, used 3511356K [0x00007fa1fb0a0000, 0x00007fa2d19f9000, 0x00007fb750600000)
   the space 3515748K,  99% used [0x00007fa1fb0a0000, 0x00007fa2d15af2c8, 0x00007fa2d15af400, 0x00007fa2d19f9000)
 Metaspace       used 24202K, capacity 24633K, committed 24832K, reserved 26624K
}
Event: 1282.997 GC heap after
{Heap after GC invocations=1366 (full 5):
 def new generation   total 1582144K, used 78110K [0x00007f9750600000, 0x00007f97bbab0000, 0x00007fa1fb0a0000)
  eden space 1406400K,   0% used [0x00007f9750600000, 0x00007f9750600000, 0x00007f97a6370000)
  from space 175744K,  44% used [0x00007f97b0f10000, 0x00007f97b5b57aa0, 0x00007f97bbab0000)
  to   space 175744K,   0% used [0x00007f97a6370000, 0x00007f97a6370000, 0x00007f97b0f10000)
 tenured generation   total 3515748K, used 3511356K [0x00007fa1fb0a0000, 0x00007fa2d19f9000, 0x00007fb750600000)
   the space 3515748K,  99% used [0x00007fa1fb0a0000, 0x00007fa2d15af2c8, 0x00007fa2d15af400, 0x00007fa2d19f9000)
 Metaspace       used 24202K, capacity 24633K, committed 24832K, reserved 26624K
}
Event: 1284.547 GC heap before
{Heap before GC invocations=1366 (full 5):
 def new generation   total 1582144K, used 1484510K [0x00007f9750600000, 0x00007f97bbab0000, 0x00007fa1fb0a0000)
  eden space 1406400K, 100% used [0x00007f9750600000, 0x00007f97a6370000, 0x00007f97a6370000)
  from space 175744K,  44% used [0x00007f97b0f10000, 0x00007f97b5b57aa0, 0x00007f97bbab0000)
  to   space 175744K,   0% used [0x00007f97a6370000, 0x00007f97a6370000, 0x00007f97b0f10000)
 tenured generation   total 3515748K, used 3511356K [0x00007fa1fb0a0000, 0x00007fa2d19f9000, 0x00007fb750600000)
   the space 3515748K,  99% used [0x00007fa1fb0a0000, 0x00007fa2d15af2c8, 0x00007fa2d15af400, 0x00007fa2d19f9000)
 Metaspace       used 24202K, capacity 24633K, committed 24832K, reserved 26624K
}
Event: 1284.612 GC heap after
{Heap after GC invocations=1367 (full 5):
 def new generation   total 1582144K, used 84781K [0x00007f9750600000, 0x00007f97bbab0000, 0x00007fa1fb0a0000)
  eden space 1406400K,   0% used [0x00007f9750600000, 0x00007f9750600000, 0x00007f97a6370000)
  from space 175744K,  48% used [0x00007f97a6370000, 0x00007f97ab63b620, 0x00007f97b0f10000)
  to   space 175744K,   0% used [0x00007f97b0f10000, 0x00007f97b0f10000, 0x00007f97bbab0000)
 tenured generation   total 3515748K, used 3511356K [0x00007fa1fb0a0000, 0x00007fa2d19f9000, 0x00007fb750600000)
   the space 3515748K,  99% used [0x00007fa1fb0a0000, 0x00007fa2d15af2c8, 0x00007fa2d15af400, 0x00007fa2d19f9000)
 Metaspace       used 24202K, capacity 24633K, committed 24832K, reserved 26624K
}
Event: 1285.767 GC heap before
{Heap before GC invocations=1367 (full 5):
 def new generation   total 1582144K, used 1477866K [0x00007f9750600000, 0x00007f97bbab0000, 0x00007fa1fb0a0000)
  eden space 1406400K,  99% used [0x00007f9750600000, 0x00007f97a566f208, 0x00007f97a6370000)
  from space 175744K,  48% used [0x00007f97a6370000, 0x00007f97ab63b620, 0x00007f97b0f10000)
  to   space 175744K,   0% used [0x00007f97b0f10000, 0x00007f97b0f10000, 0x00007f97bbab0000)
 tenured generation   total 3515748K, used 3511356K [0x00007fa1fb0a0000, 0x00007fa2d19f9000, 0x00007fb750600000)
   the space 3515748K,  99% used [0x00007fa1fb0a0000, 0x00007fa2d15af2c8, 0x00007fa2d15af400, 0x00007fa2d19f9000)
 Metaspace       used 24202K, capacity 24633K, committed 24832K, reserved 26624K
}
Event: 1285.906 GC heap after
{Heap after GC invocations=1368 (full 5):
 def new generation   total 1582144K, used 102748K [0x00007f9750600000, 0x00007f97bbab0000, 0x00007fa1fb0a0000)
  eden space 1406400K,   0% used [0x00007f9750600000, 0x00007f9750600000, 0x00007f97a6370000)
  from space 175744K,  58% used [0x00007f97b0f10000, 0x00007f97b73671b8, 0x00007f97bbab0000)
  to   space 175744K,   0% used [0x00007f97a6370000, 0x00007f97a6370000, 0x00007f97b0f10000)
 tenured generation   total 3515748K, used 3511356K [0x00007fa1fb0a0000, 0x00007fa2d19f9000, 0x00007fb750600000)
   the space 3515748K,  99% used [0x00007fa1fb0a0000, 0x00007fa2d15af2c8, 0x00007fa2d15af400, 0x00007fa2d19f9000)
 Metaspace       used 24202K, capacity 24633K, committed 24832K, reserved 26624K
}
Event: 1287.640 GC heap before
{Heap before GC invocations=1368 (full 5):
 def new generation   total 1582144K, used 1509148K [0x00007f9750600000, 0x00007f97bbab0000, 0x00007fa1fb0a0000)
  eden space 1406400K, 100% used [0x00007f9750600000, 0x00007f97a6370000, 0x00007f97a6370000)
  from space 175744K,  58% used [0x00007f97b0f10000, 0x00007f97b73671b8, 0x00007f97bbab0000)
  to   space 175744K,   0% used [0x00007f97a6370000, 0x00007f97a6370000, 0x00007f97b0f10000)
 tenured generation   total 3515748K, used 3511356K [0x00007fa1fb0a0000, 0x00007fa2d19f9000, 0x00007fb750600000)
   the space 3515748K,  99% used [0x00007fa1fb0a0000, 0x00007fa2d15af2c8, 0x00007fa2d15af400, 0x00007fa2d19f9000)
 Metaspace       used 24202K, capacity 24633K, committed 24832K, reserved 26624K
}
Event: 1287.770 GC heap after
{Heap after GC invocations=1369 (full 5):
 def new generation   total 1582144K, used 76062K [0x00007f9750600000, 0x00007f97bbab0000, 0x00007fa1fb0a0000)
  eden space 1406400K,   0% used [0x00007f9750600000, 0x00007f9750600000, 0x00007f97a6370000)
  from space 175744K,  43% used [0x00007f97a6370000, 0x00007f97aadb7b30, 0x00007f97b0f10000)
  to   space 175744K,   0% used [0x00007f97b0f10000, 0x00007f97b0f10000, 0x00007f97bbab0000)
 tenured generation   total 3532136K, used 3528315K [0x00007fa1fb0a0000, 0x00007fa2d29fa000, 0x00007fb750600000)
   the space 3532136K,  99% used [0x00007fa1fb0a0000, 0x00007fa2d263eed0, 0x00007fa2d263f000, 0x00007fa2d29fa000)
 Metaspace       used 24202K, capacity 24633K, committed 24832K, reserved 26624K
}
Event: 1287.771 GC heap before
{Heap before GC invocations=1369 (full 5):
 def new generation   total 1582144K, used 76062K [0x00007f9750600000, 0x00007f97bbab0000, 0x00007fa1fb0a0000)
  eden space 1406400K,   0% used [0x00007f9750600000, 0x00007f9750600000, 0x00007f97a6370000)
  from space 175744K,  43% used [0x00007f97a6370000, 0x00007f97aadb7b30, 0x00007f97b0f10000)
  to   space 175744K,   0% used [0x00007f97b0f10000, 0x00007f97b0f10000, 0x00007f97bbab0000)
 tenured generation   total 3532136K, used 3528315K [0x00007fa1fb0a0000, 0x00007fa2d29fa000, 0x00007fb750600000)
   the space 3532136K,  99% used [0x00007fa1fb0a0000, 0x00007fa2d263eed0, 0x00007fa2d263f000, 0x00007fa2d29fa000)
 Metaspace       used 24202K, capacity 24633K, committed 24832K, reserved 26624K
}

