# JRE version: OpenJDK Runtime Environment (13.0.7+5) (build 13.0.7+5-Ubuntu-0ubuntu120.04)
# Java VM: OpenJDK 64-Bit Server VM (13.0.7+5-Ubuntu-0ubuntu120.04, mixed mode, tiered, serial gc, linux-amd64)
Heap:
 def new generation   total 1751744K, used 0K [0x00007efcec600000, 0x00007efd632c0000, 0x00007f0241b50000)
  eden space 1557120K,   0% used [0x00007efcec600000, 0x00007efcec600000, 0x00007efd4b6a0000)
  from space 194624K,   0% used [0x00007efd574b0000, 0x00007efd574b0000, 0x00007efd632c0000)
  to   space 194624K,   0% used [0x00007efd4b6a0000, 0x00007efd4b6a0000, 0x00007efd574b0000)
 tenured generation   total 4156316K, used 3950446K [0x00007f0241b50000, 0x00007f033f637000, 0x00007f0cec600000)
   the space 4156316K,  95% used [0x00007f0241b50000, 0x00007f0332d2ba18, 0x00007f0332d2bc00, 0x00007f033f637000)
 Metaspace       used 30194K, capacity 30587K, committed 30720K, reserved 30720K
GC Heap History (20 events):
Event: 44.346 GC heap after
{Heap after GC invocations=43 (full 2):
 def new generation   total 1035072K, used 77636K [0x00007efcec600000, 0x00007efd32920000, 0x00007f0241b50000)
  eden space 920064K,   0% used [0x00007efcec600000, 0x00007efcec600000, 0x00007efd24880000)
  from space 115008K,  67% used [0x00007efd24880000, 0x00007efd29451050, 0x00007efd2b8d0000)
  to   space 115008K,   0% used [0x00007efd2b8d0000, 0x00007efd2b8d0000, 0x00007efd32920000)
 tenured generation   total 2300100K, used 2081194K [0x00007f0241b50000, 0x00007f02ce181000, 0x00007f0cec600000)
   the space 2300100K,  90% used [0x00007f0241b50000, 0x00007f02c0bbab70, 0x00007f02c0bbac00, 0x00007f02ce181000)
 Metaspace       used 30193K, capacity 30587K, committed 30720K, reserved 30720K
}
Event: 44.653 GC heap before
{Heap before GC invocations=43 (full 2):
 def new generation   total 1035072K, used 997700K [0x00007efcec600000, 0x00007efd32920000, 0x00007f0241b50000)
  eden space 920064K, 100% used [0x00007efcec600000, 0x00007efd24880000, 0x00007efd24880000)
  from space 115008K,  67% used [0x00007efd24880000, 0x00007efd29451050, 0x00007efd2b8d0000)
  to   space 115008K,   0% used [0x00007efd2b8d0000, 0x00007efd2b8d0000, 0x00007efd32920000)
 tenured generation   total 2300100K, used 2081194K [0x00007f0241b50000, 0x00007f02ce181000, 0x00007f0cec600000)
   the space 2300100K,  90% used [0x00007f0241b50000, 0x00007f02c0bbab70, 0x00007f02c0bbac00, 0x00007f02ce181000)
 Metaspace       used 30193K, capacity 30587K, committed 30720K, reserved 30720K
}
Event: 44.985 GC heap after
{Heap after GC invocations=44 (full 2):
 def new generation   total 1035072K, used 98536K [0x00007efcec600000, 0x00007efd32920000, 0x00007f0241b50000)
  eden space 920064K,   0% used [0x00007efcec600000, 0x00007efcec600000, 0x00007efd24880000)
  from space 115008K,  85% used [0x00007efd2b8d0000, 0x00007efd3190a220, 0x00007efd32920000)
  to   space 115008K,   0% used [0x00007efd24880000, 0x00007efd24880000, 0x00007efd2b8d0000)
 tenured generation   total 2300100K, used 2158830K [0x00007f0241b50000, 0x00007f02ce181000, 0x00007f0cec600000)
   the space 2300100K,  93% used [0x00007f0241b50000, 0x00007f02c578b8e0, 0x00007f02c578ba00, 0x00007f02ce181000)
 Metaspace       used 30193K, capacity 30587K, committed 30720K, reserved 30720K
}
Event: 45.253 GC heap before
{Heap before GC invocations=44 (full 2):
 def new generation   total 1035072K, used 1018600K [0x00007efcec600000, 0x00007efd32920000, 0x00007f0241b50000)
  eden space 920064K, 100% used [0x00007efcec600000, 0x00007efd24880000, 0x00007efd24880000)
  from space 115008K,  85% used [0x00007efd2b8d0000, 0x00007efd3190a220, 0x00007efd32920000)
  to   space 115008K,   0% used [0x00007efd24880000, 0x00007efd24880000, 0x00007efd2b8d0000)
 tenured generation   total 2300100K, used 2158830K [0x00007f0241b50000, 0x00007f02ce181000, 0x00007f0cec600000)
   the space 2300100K,  93% used [0x00007f0241b50000, 0x00007f02c578b8e0, 0x00007f02c578ba00, 0x00007f02ce181000)
 Metaspace       used 30193K, capacity 30587K, committed 30720K, reserved 30720K
}
Event: 45.552 GC heap after
{Heap after GC invocations=45 (full 2):
 def new generation   total 1035072K, used 78187K [0x00007efcec600000, 0x00007efd32920000, 0x00007f0241b50000)
  eden space 920064K,   0% used [0x00007efcec600000, 0x00007efcec600000, 0x00007efd24880000)
  from space 115008K,  67% used [0x00007efd24880000, 0x00007efd294dacd8, 0x00007efd2b8d0000)
  to   space 115008K,   0% used [0x00007efd2b8d0000, 0x00007efd2b8d0000, 0x00007efd32920000)
 tenured generation   total 2300100K, used 2257365K [0x00007f0241b50000, 0x00007f02ce181000, 0x00007f0cec600000)
   the space 2300100K,  98% used [0x00007f0241b50000, 0x00007f02cb7c56c0, 0x00007f02cb7c5800, 0x00007f02ce181000)
 Metaspace       used 30193K, capacity 30587K, committed 30720K, reserved 30720K
}
Event: 45.846 GC heap before
{Heap before GC invocations=45 (full 2):
 def new generation   total 1035072K, used 998251K [0x00007efcec600000, 0x00007efd32920000, 0x00007f0241b50000)
  eden space 920064K, 100% used [0x00007efcec600000, 0x00007efd24880000, 0x00007efd24880000)
  from space 115008K,  67% used [0x00007efd24880000, 0x00007efd294dacd8, 0x00007efd2b8d0000)
  to   space 115008K,   0% used [0x00007efd2b8d0000, 0x00007efd2b8d0000, 0x00007efd32920000)
 tenured generation   total 2300100K, used 2257365K [0x00007f0241b50000, 0x00007f02ce181000, 0x00007f0cec600000)
   the space 2300100K,  98% used [0x00007f0241b50000, 0x00007f02cb7c56c0, 0x00007f02cb7c5800, 0x00007f02ce181000)
 Metaspace       used 30193K, capacity 30587K, committed 30720K, reserved 30720K
}
Event: 46.168 GC heap after
{Heap after GC invocations=46 (full 2):
 def new generation   total 1035072K, used 100893K [0x00007efcec600000, 0x00007efd32920000, 0x00007f0241b50000)
  eden space 920064K,   0% used [0x00007efcec600000, 0x00007efcec600000, 0x00007efd24880000)
  from space 115008K,  87% used [0x00007efd2b8d0000, 0x00007efd31b57478, 0x00007efd32920000)
  to   space 115008K,   0% used [0x00007efd24880000, 0x00007efd24880000, 0x00007efd2b8d0000)
 tenured generation   total 2335620K, used 2335552K [0x00007f0241b50000, 0x00007f02d0431000, 0x00007f0cec600000)
   the space 2335620K,  99% used [0x00007f0241b50000, 0x00007f02d0420398, 0x00007f02d0420400, 0x00007f02d0431000)
 Metaspace       used 30193K, capacity 30587K, committed 30720K, reserved 30720K
}
Event: 46.168 GC heap before
{Heap before GC invocations=46 (full 2):
 def new generation   total 1035072K, used 100893K [0x00007efcec600000, 0x00007efd32920000, 0x00007f0241b50000)
  eden space 920064K,   0% used [0x00007efcec600000, 0x00007efcec600000, 0x00007efd24880000)
  from space 115008K,  87% used [0x00007efd2b8d0000, 0x00007efd31b57478, 0x00007efd32920000)
  to   space 115008K,   0% used [0x00007efd24880000, 0x00007efd24880000, 0x00007efd2b8d0000)
 tenured generation   total 2335620K, used 2335552K [0x00007f0241b50000, 0x00007f02d0431000, 0x00007f0cec600000)
   the space 2335620K,  99% used [0x00007f0241b50000, 0x00007f02d0420398, 0x00007f02d0420400, 0x00007f02d0431000)
 Metaspace       used 30193K, capacity 30587K, committed 30720K, reserved 30720K
}
Event: 50.877 GC heap after
{Heap after GC invocations=46 (full 3):
 def new generation   total 1751744K, used 33125K [0x00007efcec600000, 0x00007efd632c0000, 0x00007f0241b50000)
  eden space 1557120K,   2% used [0x00007efcec600000, 0x00007efcee659628, 0x00007efd4b6a0000)
  from space 194624K,   0% used [0x00007efd4b6a0000, 0x00007efd4b6a0000, 0x00007efd574b0000)
  to   space 194624K,   0% used [0x00007efd574b0000, 0x00007efd574b0000, 0x00007efd632c0000)
 tenured generation   total 3892700K, used 2335619K [0x00007f0241b50000, 0x00007f032f4c7000, 0x00007f0cec600000)
   the space 3892700K,  59% used [0x00007f0241b50000, 0x00007f02d0430ff8, 0x00007f02d0431000, 0x00007f032f4c7000)
 Metaspace       used 30193K, capacity 30587K, committed 30720K, reserved 30720K
}
Event: 51.669 GC heap before
{Heap before GC invocations=46 (full 3):
 def new generation   total 1751744K, used 1557120K [0x00007efcec600000, 0x00007efd632c0000, 0x00007f0241b50000)
  eden space 1557120K, 100% used [0x00007efcec600000, 0x00007efd4b6a0000, 0x00007efd4b6a0000)
  from space 194624K,   0% used [0x00007efd4b6a0000, 0x00007efd4b6a0000, 0x00007efd574b0000)
  to   space 194624K,   0% used [0x00007efd574b0000, 0x00007efd574b0000, 0x00007efd632c0000)
 tenured generation   total 3892700K, used 2335619K [0x00007f0241b50000, 0x00007f032f4c7000, 0x00007f0cec600000)
   the space 3892700K,  59% used [0x00007f0241b50000, 0x00007f02d0430ff8, 0x00007f02d0431000, 0x00007f032f4c7000)
 Metaspace       used 30193K, capacity 30587K, committed 30720K, reserved 30720K
}
Event: 52.824 GC heap after
{Heap after GC invocations=47 (full 3):
 def new generation   total 1751744K, used 194623K [0x00007efcec600000, 0x00007efd632c0000, 0x00007f0241b50000)
  eden space 1557120K,   0% used [0x00007efcec600000, 0x00007efcec600000, 0x00007efd4b6a0000)
  from space 194624K,  99% used [0x00007efd574b0000, 0x00007efd632bfff0, 0x00007efd632c0000)
  to   space 194624K,   0% used [0x00007efd4b6a0000, 0x00007efd4b6a0000, 0x00007efd574b0000)
 tenured generation   total 3892700K, used 2342102K [0x00007f0241b50000, 0x00007f032f4c7000, 0x00007f0cec600000)
   the space 3892700K,  60% used [0x00007f0241b50000, 0x00007f02d0a85b28, 0x00007f02d0a85c00, 0x00007f032f4c7000)
 Metaspace       used 30193K, capacity 30587K, committed 30720K, reserved 30720K
}
Event: 83.757 GC heap before
{Heap before GC invocations=47 (full 3):
 def new generation   total 1751744K, used 1751743K [0x00007efcec600000, 0x00007efd632c0000, 0x00007f0241b50000)
  eden space 1557120K, 100% used [0x00007efcec600000, 0x00007efd4b6a0000, 0x00007efd4b6a0000)
  from space 194624K,  99% used [0x00007efd574b0000, 0x00007efd632bfff0, 0x00007efd632c0000)
  to   space 194624K,   0% used [0x00007efd4b6a0000, 0x00007efd4b6a0000, 0x00007efd574b0000)
 tenured generation   total 3892700K, used 2342102K [0x00007f0241b50000, 0x00007f032f4c7000, 0x00007f0cec600000)
   the space 3892700K,  60% used [0x00007f0241b50000, 0x00007f02d0a85b28, 0x00007f02d0a85c00, 0x00007f032f4c7000)
 Metaspace       used 30194K, capacity 30587K, committed 30720K, reserved 30720K
}
Event: 86.652 GC heap after
{Heap after GC invocations=48 (full 3):
 def new generation   total 1751744K, used 194624K [0x00007efcec600000, 0x00007efd632c0000, 0x00007f0241b50000)
  eden space 1557120K,   0% used [0x00007efcec600000, 0x00007efcec600000, 0x00007efd4b6a0000)
  from space 194624K, 100% used [0x00007efd4b6a0000, 0x00007efd574b0000, 0x00007efd574b0000)
  to   space 194624K,   0% used [0x00007efd574b0000, 0x00007efd574b0000, 0x00007efd632c0000)
 tenured generation   total 3892700K, used 3172860K [0x00007f0241b50000, 0x00007f032f4c7000, 0x00007f0cec600000)
   the space 3892700K,  81% used [0x00007f0241b50000, 0x00007f03035cf008, 0x00007f03035cf200, 0x00007f032f4c7000)
 Metaspace       used 30194K, capacity 30587K, committed 30720K, reserved 30720K
}
Event: 137.716 GC heap before
{Heap before GC invocations=48 (full 3):
 def new generation   total 1751744K, used 1751744K [0x00007efcec600000, 0x00007efd632c0000, 0x00007f0241b50000)
  eden space 1557120K, 100% used [0x00007efcec600000, 0x00007efd4b6a0000, 0x00007efd4b6a0000)
  from space 194624K, 100% used [0x00007efd4b6a0000, 0x00007efd574b0000, 0x00007efd574b0000)
  to   space 194624K,   0% used [0x00007efd574b0000, 0x00007efd574b0000, 0x00007efd632c0000)
 tenured generation   total 3892700K, used 3172860K [0x00007f0241b50000, 0x00007f032f4c7000, 0x00007f0cec600000)
   the space 3892700K,  81% used [0x00007f0241b50000, 0x00007f03035cf008, 0x00007f03035cf200, 0x00007f032f4c7000)
 Metaspace       used 30194K, capacity 30587K, committed 30720K, reserved 30720K
}
Event: 138.907 GC heap after
{Heap after GC invocations=49 (full 3):
 def new generation   total 1751744K, used 194623K [0x00007efcec600000, 0x00007efd632c0000, 0x00007f0241b50000)
  eden space 1557120K,   0% used [0x00007efcec600000, 0x00007efcec600000, 0x00007efd4b6a0000)
  from space 194624K,  99% used [0x00007efd574b0000, 0x00007efd632bfff0, 0x00007efd632c0000)
  to   space 194624K,   0% used [0x00007efd4b6a0000, 0x00007efd4b6a0000, 0x00007efd574b0000)
 tenured generation   total 3892700K, used 3500668K [0x00007f0241b50000, 0x00007f032f4c7000, 0x00007f0cec600000)
   the space 3892700K,  89% used [0x00007f0241b50000, 0x00007f03175ef2b8, 0x00007f03175ef400, 0x00007f032f4c7000)
 Metaspace       used 30194K, capacity 30587K, committed 30720K, reserved 30720K
}
Event: 179.538 GC heap before
{Heap before GC invocations=49 (full 3):
 def new generation   total 1751744K, used 1751743K [0x00007efcec600000, 0x00007efd632c0000, 0x00007f0241b50000)
  eden space 1557120K, 100% used [0x00007efcec600000, 0x00007efd4b6a0000, 0x00007efd4b6a0000)
  from space 194624K,  99% used [0x00007efd574b0000, 0x00007efd632bfff0, 0x00007efd632c0000)
  to   space 194624K,   0% used [0x00007efd4b6a0000, 0x00007efd4b6a0000, 0x00007efd574b0000)
 tenured generation   total 3892700K, used 3500668K [0x00007f0241b50000, 0x00007f032f4c7000, 0x00007f0cec600000)
   the space 3892700K,  89% used [0x00007f0241b50000, 0x00007f03175ef2b8, 0x00007f03175ef400, 0x00007f032f4c7000)
 Metaspace       used 30194K, capacity 30587K, committed 30720K, reserved 30720K
}
Event: 180.347 GC heap after
{Heap after GC invocations=50 (full 3):
 def new generation   total 1751744K, used 194623K [0x00007efcec600000, 0x00007efd632c0000, 0x00007f0241b50000)
  eden space 1557120K,   0% used [0x00007efcec600000, 0x00007efcec600000, 0x00007efd4b6a0000)
  from space 194624K,  99% used [0x00007efd4b6a0000, 0x00007efd574afff0, 0x00007efd574b0000)
  to   space 194624K,   0% used [0x00007efd574b0000, 0x00007efd574b0000, 0x00007efd632c0000)
 tenured generation   total 3892700K, used 3828477K [0x00007f0241b50000, 0x00007f032f4c7000, 0x00007f0cec600000)
   the space 3892700K,  98% used [0x00007f0241b50000, 0x00007f032b60f4f8, 0x00007f032b60f600, 0x00007f032f4c7000)
 Metaspace       used 30194K, capacity 30587K, committed 30720K, reserved 30720K
}
Event: 223.900 GC heap before
{Heap before GC invocations=50 (full 3):
 def new generation   total 1751744K, used 1751743K [0x00007efcec600000, 0x00007efd632c0000, 0x00007f0241b50000)
  eden space 1557120K, 100% used [0x00007efcec600000, 0x00007efd4b6a0000, 0x00007efd4b6a0000)
  from space 194624K,  99% used [0x00007efd4b6a0000, 0x00007efd574afff0, 0x00007efd574b0000)
  to   space 194624K,   0% used [0x00007efd574b0000, 0x00007efd574b0000, 0x00007efd632c0000)
 tenured generation   total 3892700K, used 3828477K [0x00007f0241b50000, 0x00007f032f4c7000, 0x00007f0cec600000)
   the space 3892700K,  98% used [0x00007f0241b50000, 0x00007f032b60f4f8, 0x00007f032b60f600, 0x00007f032f4c7000)
 Metaspace       used 30194K, capacity 30587K, committed 30720K, reserved 30720K
}
Event: 224.787 GC heap after
{Heap after GC invocations=51 (full 3):
 def new generation   total 1751744K, used 194623K [0x00007efcec600000, 0x00007efd632c0000, 0x00007f0241b50000)
  eden space 1557120K,   0% used [0x00007efcec600000, 0x00007efcec600000, 0x00007efd4b6a0000)
  from space 194624K,  99% used [0x00007efd574b0000, 0x00007efd632bfff0, 0x00007efd632c0000)
  to   space 194624K,   0% used [0x00007efd4b6a0000, 0x00007efd4b6a0000, 0x00007efd574b0000)
 tenured generation   total 4156316K, used 4156285K [0x00007f0241b50000, 0x00007f033f637000, 0x00007f0cec600000)
   the space 4156316K,  99% used [0x00007f0241b50000, 0x00007f033f62f758, 0x00007f033f62f800, 0x00007f033f637000)
 Metaspace       used 30194K, capacity 30587K, committed 30720K, reserved 30720K
}
Event: 224.787 GC heap before
{Heap before GC invocations=51 (full 3):
 def new generation   total 1751744K, used 194623K [0x00007efcec600000, 0x00007efd632c0000, 0x00007f0241b50000)
  eden space 1557120K,   0% used [0x00007efcec600000, 0x00007efcec600000, 0x00007efd4b6a0000)
  from space 194624K,  99% used [0x00007efd574b0000, 0x00007efd632bfff0, 0x00007efd632c0000)
  to   space 194624K,   0% used [0x00007efd4b6a0000, 0x00007efd4b6a0000, 0x00007efd574b0000)
 tenured generation   total 4156316K, used 4156285K [0x00007f0241b50000, 0x00007f033f637000, 0x00007f0cec600000)
   the space 4156316K,  99% used [0x00007f0241b50000, 0x00007f033f62f758, 0x00007f033f62f800, 0x00007f033f637000)
 Metaspace       used 30194K, capacity 30587K, committed 30720K, reserved 30720K
}

