# JRE version: OpenJDK Runtime Environment (13.0.7+5) (build 13.0.7+5-Ubuntu-0ubuntu120.04)
# Java VM: OpenJDK 64-Bit Server VM (13.0.7+5-Ubuntu-0ubuntu120.04, mixed mode, tiered, serial gc, linux-amd64)
Heap:
 def new generation   total 2917824K, used 37470K [0x00007fbf98600000, 0x00007fc05e400000, 0x00007fc4edb50000)
  eden space 2593664K,   1% used [0x00007fbf98600000, 0x00007fbf9aa979d0, 0x00007fc036ae0000)
  from space 324160K,   0% used [0x00007fc036ae0000, 0x00007fc036ae0000, 0x00007fc04a770000)
  to   space 324160K,   0% used [0x00007fc04a770000, 0x00007fc04a770000, 0x00007fc05e400000)
 tenured generation   total 6484800K, used 6484799K [0x00007fc4edb50000, 0x00007fc679820000, 0x00007fcf98600000)
   the space 6484800K,  99% used [0x00007fc4edb50000, 0x00007fc67981ffb8, 0x00007fc679820000, 0x00007fc679820000)
 Metaspace       used 24231K, capacity 24642K, committed 24832K, reserved 26624K
GC Heap History (20 events):
Event: 7661.118 GC heap after
{Heap after GC invocations=6251 (full 4):
 def new generation   total 2917824K, used 34296K [0x00007fbf98600000, 0x00007fc05e400000, 0x00007fc4edb50000)
  eden space 2593664K,   0% used [0x00007fbf98600000, 0x00007fbf98600000, 0x00007fc036ae0000)
  from space 324160K,  10% used [0x00007fc04a770000, 0x00007fc04c8ee2a8, 0x00007fc05e400000)
  to   space 324160K,   0% used [0x00007fc036ae0000, 0x00007fc036ae0000, 0x00007fc04a770000)
 tenured generation   total 6483840K, used 6464016K [0x00007fc4edb50000, 0x00007fc679730000, 0x00007fcf98600000)
   the space 6483840K,  99% used [0x00007fc4edb50000, 0x00007fc6783d4000, 0x00007fc6783d4000, 0x00007fc679730000)
 Metaspace       used 24231K, capacity 24642K, committed 24832K, reserved 26624K
}
Event: 7663.760 GC heap before
{Heap before GC invocations=6251 (full 4):
 def new generation   total 2917824K, used 2627960K [0x00007fbf98600000, 0x00007fc05e400000, 0x00007fc4edb50000)
  eden space 2593664K, 100% used [0x00007fbf98600000, 0x00007fc036ae0000, 0x00007fc036ae0000)
  from space 324160K,  10% used [0x00007fc04a770000, 0x00007fc04c8ee2a8, 0x00007fc05e400000)
  to   space 324160K,   0% used [0x00007fc036ae0000, 0x00007fc036ae0000, 0x00007fc04a770000)
 tenured generation   total 6483840K, used 6464016K [0x00007fc4edb50000, 0x00007fc679730000, 0x00007fcf98600000)
   the space 6483840K,  99% used [0x00007fc4edb50000, 0x00007fc6783d4000, 0x00007fc6783d4000, 0x00007fc679730000)
 Metaspace       used 24231K, capacity 24642K, committed 24832K, reserved 26624K
}
Event: 7663.874 GC heap after
{Heap after GC invocations=6252 (full 4):
 def new generation   total 2917824K, used 32804K [0x00007fbf98600000, 0x00007fc05e400000, 0x00007fc4edb50000)
  eden space 2593664K,   0% used [0x00007fbf98600000, 0x00007fbf98600000, 0x00007fc036ae0000)
  from space 324160K,  10% used [0x00007fc036ae0000, 0x00007fc038ae9030, 0x00007fc04a770000)
  to   space 324160K,   0% used [0x00007fc04a770000, 0x00007fc04a770000, 0x00007fc05e400000)
 tenured generation   total 6483840K, used 6468463K [0x00007fc4edb50000, 0x00007fc679730000, 0x00007fcf98600000)
   the space 6483840K,  99% used [0x00007fc4edb50000, 0x00007fc67882bf50, 0x00007fc67882c000, 0x00007fc679730000)
 Metaspace       used 24231K, capacity 24642K, committed 24832K, reserved 26624K
}
Event: 7666.567 GC heap before
{Heap before GC invocations=6252 (full 4):
 def new generation   total 2917824K, used 2626468K [0x00007fbf98600000, 0x00007fc05e400000, 0x00007fc4edb50000)
  eden space 2593664K, 100% used [0x00007fbf98600000, 0x00007fc036ae0000, 0x00007fc036ae0000)
  from space 324160K,  10% used [0x00007fc036ae0000, 0x00007fc038ae9030, 0x00007fc04a770000)
  to   space 324160K,   0% used [0x00007fc04a770000, 0x00007fc04a770000, 0x00007fc05e400000)
 tenured generation   total 6483840K, used 6468463K [0x00007fc4edb50000, 0x00007fc679730000, 0x00007fcf98600000)
   the space 6483840K,  99% used [0x00007fc4edb50000, 0x00007fc67882bf50, 0x00007fc67882c000, 0x00007fc679730000)
 Metaspace       used 24231K, capacity 24642K, committed 24832K, reserved 26624K
}
Event: 7666.664 GC heap after
{Heap after GC invocations=6253 (full 4):
 def new generation   total 2917824K, used 35093K [0x00007fbf98600000, 0x00007fc05e400000, 0x00007fc4edb50000)
  eden space 2593664K,   0% used [0x00007fbf98600000, 0x00007fbf98600000, 0x00007fc036ae0000)
  from space 324160K,  10% used [0x00007fc04a770000, 0x00007fc04c9b54a8, 0x00007fc05e400000)
  to   space 324160K,   0% used [0x00007fc036ae0000, 0x00007fc036ae0000, 0x00007fc04a770000)
 tenured generation   total 6483840K, used 6469887K [0x00007fc4edb50000, 0x00007fc679730000, 0x00007fcf98600000)
   the space 6483840K,  99% used [0x00007fc4edb50000, 0x00007fc67898fc10, 0x00007fc67898fe00, 0x00007fc679730000)
 Metaspace       used 24231K, capacity 24642K, committed 24832K, reserved 26624K
}
Event: 7669.336 GC heap before
{Heap before GC invocations=6253 (full 4):
 def new generation   total 2917824K, used 2628757K [0x00007fbf98600000, 0x00007fc05e400000, 0x00007fc4edb50000)
  eden space 2593664K, 100% used [0x00007fbf98600000, 0x00007fc036ae0000, 0x00007fc036ae0000)
  from space 324160K,  10% used [0x00007fc04a770000, 0x00007fc04c9b54a8, 0x00007fc05e400000)
  to   space 324160K,   0% used [0x00007fc036ae0000, 0x00007fc036ae0000, 0x00007fc04a770000)
 tenured generation   total 6483840K, used 6469887K [0x00007fc4edb50000, 0x00007fc679730000, 0x00007fcf98600000)
   the space 6483840K,  99% used [0x00007fc4edb50000, 0x00007fc67898fc10, 0x00007fc67898fe00, 0x00007fc679730000)
 Metaspace       used 24231K, capacity 24642K, committed 24832K, reserved 26624K
}
Event: 7669.450 GC heap after
{Heap after GC invocations=6254 (full 4):
 def new generation   total 2917824K, used 35189K [0x00007fbf98600000, 0x00007fc05e400000, 0x00007fc4edb50000)
  eden space 2593664K,   0% used [0x00007fbf98600000, 0x00007fbf98600000, 0x00007fc036ae0000)
  from space 324160K,  10% used [0x00007fc036ae0000, 0x00007fc038d3d4c8, 0x00007fc04a770000)
  to   space 324160K,   0% used [0x00007fc04a770000, 0x00007fc04a770000, 0x00007fc05e400000)
 tenured generation   total 6483840K, used 6471725K [0x00007fc4edb50000, 0x00007fc679730000, 0x00007fcf98600000)
   the space 6483840K,  99% used [0x00007fc4edb50000, 0x00007fc678b5b450, 0x00007fc678b5b600, 0x00007fc679730000)
 Metaspace       used 24231K, capacity 24642K, committed 24832K, reserved 26624K
}
Event: 7672.234 GC heap before
{Heap before GC invocations=6254 (full 4):
 def new generation   total 2917824K, used 2628853K [0x00007fbf98600000, 0x00007fc05e400000, 0x00007fc4edb50000)
  eden space 2593664K, 100% used [0x00007fbf98600000, 0x00007fc036ae0000, 0x00007fc036ae0000)
  from space 324160K,  10% used [0x00007fc036ae0000, 0x00007fc038d3d4c8, 0x00007fc04a770000)
  to   space 324160K,   0% used [0x00007fc04a770000, 0x00007fc04a770000, 0x00007fc05e400000)
 tenured generation   total 6483840K, used 6471725K [0x00007fc4edb50000, 0x00007fc679730000, 0x00007fcf98600000)
   the space 6483840K,  99% used [0x00007fc4edb50000, 0x00007fc678b5b450, 0x00007fc678b5b600, 0x00007fc679730000)
 Metaspace       used 24231K, capacity 24642K, committed 24832K, reserved 26624K
}
Event: 7672.357 GC heap after
{Heap after GC invocations=6255 (full 4):
 def new generation   total 2917824K, used 36672K [0x00007fbf98600000, 0x00007fc05e400000, 0x00007fc4edb50000)
  eden space 2593664K,   0% used [0x00007fbf98600000, 0x00007fbf98600000, 0x00007fc036ae0000)
  from space 324160K,  11% used [0x00007fc04a770000, 0x00007fc04cb402c0, 0x00007fc05e400000)
  to   space 324160K,   0% used [0x00007fc036ae0000, 0x00007fc036ae0000, 0x00007fc04a770000)
 tenured generation   total 6483840K, used 6474218K [0x00007fc4edb50000, 0x00007fc679730000, 0x00007fcf98600000)
   the space 6483840K,  99% used [0x00007fc4edb50000, 0x00007fc678dcaa90, 0x00007fc678dcac00, 0x00007fc679730000)
 Metaspace       used 24231K, capacity 24642K, committed 24832K, reserved 26624K
}
Event: 7675.085 GC heap before
{Heap before GC invocations=6255 (full 4):
 def new generation   total 2917824K, used 2630336K [0x00007fbf98600000, 0x00007fc05e400000, 0x00007fc4edb50000)
  eden space 2593664K, 100% used [0x00007fbf98600000, 0x00007fc036ae0000, 0x00007fc036ae0000)
  from space 324160K,  11% used [0x00007fc04a770000, 0x00007fc04cb402c0, 0x00007fc05e400000)
  to   space 324160K,   0% used [0x00007fc036ae0000, 0x00007fc036ae0000, 0x00007fc04a770000)
 tenured generation   total 6483840K, used 6474218K [0x00007fc4edb50000, 0x00007fc679730000, 0x00007fcf98600000)
   the space 6483840K,  99% used [0x00007fc4edb50000, 0x00007fc678dcaa90, 0x00007fc678dcac00, 0x00007fc679730000)
 Metaspace       used 24231K, capacity 24642K, committed 24832K, reserved 26624K
}
Event: 7675.187 GC heap after
{Heap after GC invocations=6256 (full 4):
 def new generation   total 2917824K, used 36269K [0x00007fbf98600000, 0x00007fc05e400000, 0x00007fc4edb50000)
  eden space 2593664K,   0% used [0x00007fbf98600000, 0x00007fbf98600000, 0x00007fc036ae0000)
  from space 324160K,  11% used [0x00007fc036ae0000, 0x00007fc038e4b738, 0x00007fc04a770000)
  to   space 324160K,   0% used [0x00007fc04a770000, 0x00007fc04a770000, 0x00007fc05e400000)
 tenured generation   total 6483840K, used 6476842K [0x00007fc4edb50000, 0x00007fc679730000, 0x00007fcf98600000)
   the space 6483840K,  99% used [0x00007fc4edb50000, 0x00007fc67905ab70, 0x00007fc67905ac00, 0x00007fc679730000)
 Metaspace       used 24231K, capacity 24642K, committed 24832K, reserved 26624K
}
Event: 7677.894 GC heap before
{Heap before GC invocations=6256 (full 4):
 def new generation   total 2917824K, used 2629933K [0x00007fbf98600000, 0x00007fc05e400000, 0x00007fc4edb50000)
  eden space 2593664K, 100% used [0x00007fbf98600000, 0x00007fc036ae0000, 0x00007fc036ae0000)
  from space 324160K,  11% used [0x00007fc036ae0000, 0x00007fc038e4b738, 0x00007fc04a770000)
  to   space 324160K,   0% used [0x00007fc04a770000, 0x00007fc04a770000, 0x00007fc05e400000)
 tenured generation   total 6483840K, used 6476842K [0x00007fc4edb50000, 0x00007fc679730000, 0x00007fcf98600000)
   the space 6483840K,  99% used [0x00007fc4edb50000, 0x00007fc67905ab70, 0x00007fc67905ac00, 0x00007fc679730000)
 Metaspace       used 24231K, capacity 24642K, committed 24832K, reserved 26624K
}
Event: 7678.018 GC heap after
{Heap after GC invocations=6257 (full 4):
 def new generation   total 2917824K, used 36663K [0x00007fbf98600000, 0x00007fc05e400000, 0x00007fc4edb50000)
  eden space 2593664K,   0% used [0x00007fbf98600000, 0x00007fbf98600000, 0x00007fc036ae0000)
  from space 324160K,  11% used [0x00007fc04a770000, 0x00007fc04cb3dc40, 0x00007fc05e400000)
  to   space 324160K,   0% used [0x00007fc036ae0000, 0x00007fc036ae0000, 0x00007fc04a770000)
 tenured generation   total 6483840K, used 6478219K [0x00007fc4edb50000, 0x00007fc679730000, 0x00007fcf98600000)
   the space 6483840K,  99% used [0x00007fc4edb50000, 0x00007fc6791b2f10, 0x00007fc6791b3000, 0x00007fc679730000)
 Metaspace       used 24231K, capacity 24642K, committed 24832K, reserved 26624K
}
Event: 7680.650 GC heap before
{Heap before GC invocations=6257 (full 4):
 def new generation   total 2917824K, used 2630327K [0x00007fbf98600000, 0x00007fc05e400000, 0x00007fc4edb50000)
  eden space 2593664K, 100% used [0x00007fbf98600000, 0x00007fc036ae0000, 0x00007fc036ae0000)
  from space 324160K,  11% used [0x00007fc04a770000, 0x00007fc04cb3dc40, 0x00007fc05e400000)
  to   space 324160K,   0% used [0x00007fc036ae0000, 0x00007fc036ae0000, 0x00007fc04a770000)
 tenured generation   total 6483840K, used 6478219K [0x00007fc4edb50000, 0x00007fc679730000, 0x00007fcf98600000)
   the space 6483840K,  99% used [0x00007fc4edb50000, 0x00007fc6791b2f10, 0x00007fc6791b3000, 0x00007fc679730000)
 Metaspace       used 24231K, capacity 24642K, committed 24832K, reserved 26624K
}
Event: 7680.767 GC heap after
{Heap after GC invocations=6258 (full 4):
 def new generation   total 2917824K, used 37003K [0x00007fbf98600000, 0x00007fc05e400000, 0x00007fc4edb50000)
  eden space 2593664K,   0% used [0x00007fbf98600000, 0x00007fbf98600000, 0x00007fc036ae0000)
  from space 324160K,  11% used [0x00007fc036ae0000, 0x00007fc038f02ee8, 0x00007fc04a770000)
  to   space 324160K,   0% used [0x00007fc04a770000, 0x00007fc04a770000, 0x00007fc05e400000)
 tenured generation   total 6483840K, used 6480489K [0x00007fc4edb50000, 0x00007fc679730000, 0x00007fcf98600000)
   the space 6483840K,  99% used [0x00007fc4edb50000, 0x00007fc6793ea750, 0x00007fc6793ea800, 0x00007fc679730000)
 Metaspace       used 24231K, capacity 24642K, committed 24832K, reserved 26624K
}
Event: 7683.377 GC heap before
{Heap before GC invocations=6258 (full 4):
 def new generation   total 2917824K, used 2630667K [0x00007fbf98600000, 0x00007fc05e400000, 0x00007fc4edb50000)
  eden space 2593664K, 100% used [0x00007fbf98600000, 0x00007fc036ae0000, 0x00007fc036ae0000)
  from space 324160K,  11% used [0x00007fc036ae0000, 0x00007fc038f02ee8, 0x00007fc04a770000)
  to   space 324160K,   0% used [0x00007fc04a770000, 0x00007fc04a770000, 0x00007fc05e400000)
 tenured generation   total 6483840K, used 6480489K [0x00007fc4edb50000, 0x00007fc679730000, 0x00007fcf98600000)
   the space 6483840K,  99% used [0x00007fc4edb50000, 0x00007fc6793ea750, 0x00007fc6793ea800, 0x00007fc679730000)
 Metaspace       used 24231K, capacity 24642K, committed 24832K, reserved 26624K
}
Event: 7683.489 GC heap after
{Heap after GC invocations=6259 (full 4):
 def new generation   total 2917824K, used 37321K [0x00007fbf98600000, 0x00007fc05e400000, 0x00007fc4edb50000)
  eden space 2593664K,   0% used [0x00007fbf98600000, 0x00007fbf98600000, 0x00007fc036ae0000)
  from space 324160K,  11% used [0x00007fc04a770000, 0x00007fc04cbe2730, 0x00007fc05e400000)
  to   space 324160K,   0% used [0x00007fc036ae0000, 0x00007fc036ae0000, 0x00007fc04a770000)
 tenured generation   total 6483840K, used 6483241K [0x00007fc4edb50000, 0x00007fc679730000, 0x00007fcf98600000)
   the space 6483840K,  99% used [0x00007fc4edb50000, 0x00007fc67969a7b0, 0x00007fc67969a800, 0x00007fc679730000)
 Metaspace       used 24231K, capacity 24642K, committed 24832K, reserved 26624K
}
Event: 7686.167 GC heap before
{Heap before GC invocations=6259 (full 4):
 def new generation   total 2917824K, used 2630985K [0x00007fbf98600000, 0x00007fc05e400000, 0x00007fc4edb50000)
  eden space 2593664K, 100% used [0x00007fbf98600000, 0x00007fc036ae0000, 0x00007fc036ae0000)
  from space 324160K,  11% used [0x00007fc04a770000, 0x00007fc04cbe2730, 0x00007fc05e400000)
  to   space 324160K,   0% used [0x00007fc036ae0000, 0x00007fc036ae0000, 0x00007fc04a770000)
 tenured generation   total 6483840K, used 6483241K [0x00007fc4edb50000, 0x00007fc679730000, 0x00007fcf98600000)
   the space 6483840K,  99% used [0x00007fc4edb50000, 0x00007fc67969a7b0, 0x00007fc67969a800, 0x00007fc679730000)
 Metaspace       used 24231K, capacity 24642K, committed 24832K, reserved 26624K
}
Event: 7686.285 GC heap after
{Heap after GC invocations=6260 (full 4):
 def new generation   total 2917824K, used 37651K [0x00007fbf98600000, 0x00007fc05e400000, 0x00007fc4edb50000)
  eden space 2593664K,   0% used [0x00007fbf98600000, 0x00007fbf98600000, 0x00007fc036ae0000)
  from space 324160K,  11% used [0x00007fc036ae0000, 0x00007fc038fa4f58, 0x00007fc04a770000)
  to   space 324160K,   0% used [0x00007fc04a770000, 0x00007fc04a770000, 0x00007fc05e400000)
 tenured generation   total 6484800K, used 6484618K [0x00007fc4edb50000, 0x00007fc679820000, 0x00007fcf98600000)
   the space 6484800K,  99% used [0x00007fc4edb50000, 0x00007fc6797f2a30, 0x00007fc6797f2c00, 0x00007fc679820000)
 Metaspace       used 24231K, capacity 24642K, committed 24832K, reserved 26624K
}
Event: 7686.285 GC heap before
{Heap before GC invocations=6260 (full 4):
 def new generation   total 2917824K, used 37651K [0x00007fbf98600000, 0x00007fc05e400000, 0x00007fc4edb50000)
  eden space 2593664K,   0% used [0x00007fbf98600000, 0x00007fbf98600000, 0x00007fc036ae0000)
  from space 324160K,  11% used [0x00007fc036ae0000, 0x00007fc038fa4f58, 0x00007fc04a770000)
  to   space 324160K,   0% used [0x00007fc04a770000, 0x00007fc04a770000, 0x00007fc05e400000)
 tenured generation   total 6484800K, used 6484618K [0x00007fc4edb50000, 0x00007fc679820000, 0x00007fcf98600000)
   the space 6484800K,  99% used [0x00007fc4edb50000, 0x00007fc6797f2a30, 0x00007fc6797f2c00, 0x00007fc679820000)
 Metaspace       used 24231K, capacity 24642K, committed 24832K, reserved 26624K
}

