# JRE version: OpenJDK Runtime Environment (13.0.7+5) (build 13.0.7+5-Ubuntu-0ubuntu120.04)
# Java VM: OpenJDK 64-Bit Server VM (13.0.7+5-Ubuntu-0ubuntu120.04, mixed mode, tiered, serial gc, linux-amd64)
Heap:
 def new generation   total 1049088K, used 15720K [0x00007f4310600000, 0x00007f4357850000, 0x00007f4865b50000)
  eden space 932544K,   1% used [0x00007f4310600000, 0x00007f431155a370, 0x00007f43494b0000)
  from space 116544K,   0% used [0x00007f4350680000, 0x00007f4350680000, 0x00007f4357850000)
  to   space 116544K,   0% used [0x00007f43494b0000, 0x00007f43494b0000, 0x00007f4350680000)
 tenured generation   total 2331776K, used 2331754K [0x00007f4865b50000, 0x00007f48f4070000, 0x00007f5310600000)
   the space 2331776K,  99% used [0x00007f4865b50000, 0x00007f48f406a9c8, 0x00007f48f406aa00, 0x00007f48f4070000)
 Metaspace       used 24157K, capacity 24525K, committed 24576K, reserved 24576K
GC Heap History (20 events):
Event: 1312.757 GC heap after
{Heap after GC invocations=2926 (full 2):
 def new generation   total 1049088K, used 15742K [0x00007f4310600000, 0x00007f4357850000, 0x00007f4865b50000)
  eden space 932544K,   0% used [0x00007f4310600000, 0x00007f4310600000, 0x00007f43494b0000)
  from space 116544K,  13% used [0x00007f43494b0000, 0x00007f434a40f8f8, 0x00007f4350680000)
  to   space 116544K,   0% used [0x00007f4350680000, 0x00007f4350680000, 0x00007f4357850000)
 tenured generation   total 2331200K, used 2322491K [0x00007f4865b50000, 0x00007f48f3fe0000, 0x00007f5310600000)
   the space 2331200K,  99% used [0x00007f4865b50000, 0x00007f48f375efa8, 0x00007f48f375f000, 0x00007f48f3fe0000)
 Metaspace       used 24157K, capacity 24525K, committed 24576K, reserved 24576K
}
Event: 1313.305 GC heap before
{Heap before GC invocations=2926 (full 2):
 def new generation   total 1049088K, used 948286K [0x00007f4310600000, 0x00007f4357850000, 0x00007f4865b50000)
  eden space 932544K, 100% used [0x00007f4310600000, 0x00007f43494b0000, 0x00007f43494b0000)
  from space 116544K,  13% used [0x00007f43494b0000, 0x00007f434a40f8f8, 0x00007f4350680000)
  to   space 116544K,   0% used [0x00007f4350680000, 0x00007f4350680000, 0x00007f4357850000)
 tenured generation   total 2331200K, used 2322491K [0x00007f4865b50000, 0x00007f48f3fe0000, 0x00007f5310600000)
   the space 2331200K,  99% used [0x00007f4865b50000, 0x00007f48f375efa8, 0x00007f48f375f000, 0x00007f48f3fe0000)
 Metaspace       used 24157K, capacity 24525K, committed 24576K, reserved 24576K
}
Event: 1313.330 GC heap after
{Heap after GC invocations=2927 (full 2):
 def new generation   total 1049088K, used 15958K [0x00007f4310600000, 0x00007f4357850000, 0x00007f4865b50000)
  eden space 932544K,   0% used [0x00007f4310600000, 0x00007f4310600000, 0x00007f43494b0000)
  from space 116544K,  13% used [0x00007f4350680000, 0x00007f43516159a0, 0x00007f4357850000)
  to   space 116544K,   0% used [0x00007f43494b0000, 0x00007f43494b0000, 0x00007f4350680000)
 tenured generation   total 2331200K, used 2322966K [0x00007f4865b50000, 0x00007f48f3fe0000, 0x00007f5310600000)
   the space 2331200K,  99% used [0x00007f4865b50000, 0x00007f48f37d5ad8, 0x00007f48f37d5c00, 0x00007f48f3fe0000)
 Metaspace       used 24157K, capacity 24525K, committed 24576K, reserved 24576K
}
Event: 1313.928 GC heap before
{Heap before GC invocations=2927 (full 2):
 def new generation   total 1049088K, used 948502K [0x00007f4310600000, 0x00007f4357850000, 0x00007f4865b50000)
  eden space 932544K, 100% used [0x00007f4310600000, 0x00007f43494b0000, 0x00007f43494b0000)
  from space 116544K,  13% used [0x00007f4350680000, 0x00007f43516159a0, 0x00007f4357850000)
  to   space 116544K,   0% used [0x00007f43494b0000, 0x00007f43494b0000, 0x00007f4350680000)
 tenured generation   total 2331200K, used 2322966K [0x00007f4865b50000, 0x00007f48f3fe0000, 0x00007f5310600000)
   the space 2331200K,  99% used [0x00007f4865b50000, 0x00007f48f37d5ad8, 0x00007f48f37d5c00, 0x00007f48f3fe0000)
 Metaspace       used 24157K, capacity 24525K, committed 24576K, reserved 24576K
}
Event: 1313.954 GC heap after
{Heap after GC invocations=2928 (full 2):
 def new generation   total 1049088K, used 15965K [0x00007f4310600000, 0x00007f4357850000, 0x00007f4865b50000)
  eden space 932544K,   0% used [0x00007f4310600000, 0x00007f4310600000, 0x00007f43494b0000)
  from space 116544K,  13% used [0x00007f43494b0000, 0x00007f434a4475f0, 0x00007f4350680000)
  to   space 116544K,   0% used [0x00007f4350680000, 0x00007f4350680000, 0x00007f4357850000)
 tenured generation   total 2331200K, used 2323801K [0x00007f4865b50000, 0x00007f48f3fe0000, 0x00007f5310600000)
   the space 2331200K,  99% used [0x00007f4865b50000, 0x00007f48f38a6758, 0x00007f48f38a6800, 0x00007f48f3fe0000)
 Metaspace       used 24157K, capacity 24525K, committed 24576K, reserved 24576K
}
Event: 1314.535 GC heap before
{Heap before GC invocations=2928 (full 2):
 def new generation   total 1049088K, used 948509K [0x00007f4310600000, 0x00007f4357850000, 0x00007f4865b50000)
  eden space 932544K, 100% used [0x00007f4310600000, 0x00007f43494b0000, 0x00007f43494b0000)
  from space 116544K,  13% used [0x00007f43494b0000, 0x00007f434a4475f0, 0x00007f4350680000)
  to   space 116544K,   0% used [0x00007f4350680000, 0x00007f4350680000, 0x00007f4357850000)
 tenured generation   total 2331200K, used 2323801K [0x00007f4865b50000, 0x00007f48f3fe0000, 0x00007f5310600000)
   the space 2331200K,  99% used [0x00007f4865b50000, 0x00007f48f38a6758, 0x00007f48f38a6800, 0x00007f48f3fe0000)
 Metaspace       used 24157K, capacity 24525K, committed 24576K, reserved 24576K
}
Event: 1314.563 GC heap after
{Heap after GC invocations=2929 (full 2):
 def new generation   total 1049088K, used 15903K [0x00007f4310600000, 0x00007f4357850000, 0x00007f4865b50000)
  eden space 932544K,   0% used [0x00007f4310600000, 0x00007f4310600000, 0x00007f43494b0000)
  from space 116544K,  13% used [0x00007f4350680000, 0x00007f4351607d30, 0x00007f4357850000)
  to   space 116544K,   0% used [0x00007f43494b0000, 0x00007f43494b0000, 0x00007f4350680000)
 tenured generation   total 2331200K, used 2324940K [0x00007f4865b50000, 0x00007f48f3fe0000, 0x00007f5310600000)
   the space 2331200K,  99% used [0x00007f4865b50000, 0x00007f48f39c3048, 0x00007f48f39c3200, 0x00007f48f3fe0000)
 Metaspace       used 24157K, capacity 24525K, committed 24576K, reserved 24576K
}
Event: 1315.163 GC heap before
{Heap before GC invocations=2929 (full 2):
 def new generation   total 1049088K, used 948447K [0x00007f4310600000, 0x00007f4357850000, 0x00007f4865b50000)
  eden space 932544K, 100% used [0x00007f4310600000, 0x00007f43494b0000, 0x00007f43494b0000)
  from space 116544K,  13% used [0x00007f4350680000, 0x00007f4351607d30, 0x00007f4357850000)
  to   space 116544K,   0% used [0x00007f43494b0000, 0x00007f43494b0000, 0x00007f4350680000)
 tenured generation   total 2331200K, used 2324940K [0x00007f4865b50000, 0x00007f48f3fe0000, 0x00007f5310600000)
   the space 2331200K,  99% used [0x00007f4865b50000, 0x00007f48f39c3048, 0x00007f48f39c3200, 0x00007f48f3fe0000)
 Metaspace       used 24157K, capacity 24525K, committed 24576K, reserved 24576K
}
Event: 1315.189 GC heap after
{Heap after GC invocations=2930 (full 2):
 def new generation   total 1049088K, used 15903K [0x00007f4310600000, 0x00007f4357850000, 0x00007f4865b50000)
  eden space 932544K,   0% used [0x00007f4310600000, 0x00007f4310600000, 0x00007f43494b0000)
  from space 116544K,  13% used [0x00007f43494b0000, 0x00007f434a437f90, 0x00007f4350680000)
  to   space 116544K,   0% used [0x00007f4350680000, 0x00007f4350680000, 0x00007f4357850000)
 tenured generation   total 2331200K, used 2326173K [0x00007f4865b50000, 0x00007f48f3fe0000, 0x00007f5310600000)
   the space 2331200K,  99% used [0x00007f4865b50000, 0x00007f48f3af7788, 0x00007f48f3af7800, 0x00007f48f3fe0000)
 Metaspace       used 24157K, capacity 24525K, committed 24576K, reserved 24576K
}
Event: 1315.795 GC heap before
{Heap before GC invocations=2930 (full 2):
 def new generation   total 1049088K, used 948447K [0x00007f4310600000, 0x00007f4357850000, 0x00007f4865b50000)
  eden space 932544K, 100% used [0x00007f4310600000, 0x00007f43494b0000, 0x00007f43494b0000)
  from space 116544K,  13% used [0x00007f43494b0000, 0x00007f434a437f90, 0x00007f4350680000)
  to   space 116544K,   0% used [0x00007f4350680000, 0x00007f4350680000, 0x00007f4357850000)
 tenured generation   total 2331200K, used 2326173K [0x00007f4865b50000, 0x00007f48f3fe0000, 0x00007f5310600000)
   the space 2331200K,  99% used [0x00007f4865b50000, 0x00007f48f3af7788, 0x00007f48f3af7800, 0x00007f48f3fe0000)
 Metaspace       used 24157K, capacity 24525K, committed 24576K, reserved 24576K
}
Event: 1315.823 GC heap after
{Heap after GC invocations=2931 (full 2):
 def new generation   total 1049088K, used 15902K [0x00007f4310600000, 0x00007f4357850000, 0x00007f4865b50000)
  eden space 932544K,   0% used [0x00007f4310600000, 0x00007f4310600000, 0x00007f43494b0000)
  from space 116544K,  13% used [0x00007f4350680000, 0x00007f4351607918, 0x00007f4357850000)
  to   space 116544K,   0% used [0x00007f43494b0000, 0x00007f43494b0000, 0x00007f4350680000)
 tenured generation   total 2331200K, used 2327391K [0x00007f4865b50000, 0x00007f48f3fe0000, 0x00007f5310600000)
   the space 2331200K,  99% used [0x00007f4865b50000, 0x00007f48f3c27dd8, 0x00007f48f3c27e00, 0x00007f48f3fe0000)
 Metaspace       used 24157K, capacity 24525K, committed 24576K, reserved 24576K
}
Event: 1316.427 GC heap before
{Heap before GC invocations=2931 (full 2):
 def new generation   total 1049088K, used 948446K [0x00007f4310600000, 0x00007f4357850000, 0x00007f4865b50000)
  eden space 932544K, 100% used [0x00007f4310600000, 0x00007f43494b0000, 0x00007f43494b0000)
  from space 116544K,  13% used [0x00007f4350680000, 0x00007f4351607918, 0x00007f4357850000)
  to   space 116544K,   0% used [0x00007f43494b0000, 0x00007f43494b0000, 0x00007f4350680000)
 tenured generation   total 2331200K, used 2327391K [0x00007f4865b50000, 0x00007f48f3fe0000, 0x00007f5310600000)
   the space 2331200K,  99% used [0x00007f4865b50000, 0x00007f48f3c27dd8, 0x00007f48f3c27e00, 0x00007f48f3fe0000)
 Metaspace       used 24157K, capacity 24525K, committed 24576K, reserved 24576K
}
Event: 1316.451 GC heap after
{Heap after GC invocations=2932 (full 2):
 def new generation   total 1049088K, used 15887K [0x00007f4310600000, 0x00007f4357850000, 0x00007f4865b50000)
  eden space 932544K,   0% used [0x00007f4310600000, 0x00007f4310600000, 0x00007f43494b0000)
  from space 116544K,  13% used [0x00007f43494b0000, 0x00007f434a433f78, 0x00007f4350680000)
  to   space 116544K,   0% used [0x00007f4350680000, 0x00007f4350680000, 0x00007f4357850000)
 tenured generation   total 2331200K, used 2328629K [0x00007f4865b50000, 0x00007f48f3fe0000, 0x00007f5310600000)
   the space 2331200K,  99% used [0x00007f4865b50000, 0x00007f48f3d5d658, 0x00007f48f3d5d800, 0x00007f48f3fe0000)
 Metaspace       used 24157K, capacity 24525K, committed 24576K, reserved 24576K
}
Event: 1317.019 GC heap before
{Heap before GC invocations=2932 (full 2):
 def new generation   total 1049088K, used 948431K [0x00007f4310600000, 0x00007f4357850000, 0x00007f4865b50000)
  eden space 932544K, 100% used [0x00007f4310600000, 0x00007f43494b0000, 0x00007f43494b0000)
  from space 116544K,  13% used [0x00007f43494b0000, 0x00007f434a433f78, 0x00007f4350680000)
  to   space 116544K,   0% used [0x00007f4350680000, 0x00007f4350680000, 0x00007f4357850000)
 tenured generation   total 2331200K, used 2328629K [0x00007f4865b50000, 0x00007f48f3fe0000, 0x00007f5310600000)
   the space 2331200K,  99% used [0x00007f4865b50000, 0x00007f48f3d5d658, 0x00007f48f3d5d800, 0x00007f48f3fe0000)
 Metaspace       used 24157K, capacity 24525K, committed 24576K, reserved 24576K
}
Event: 1317.046 GC heap after
{Heap after GC invocations=2933 (full 2):
 def new generation   total 1049088K, used 15675K [0x00007f4310600000, 0x00007f4357850000, 0x00007f4865b50000)
  eden space 932544K,   0% used [0x00007f4310600000, 0x00007f4310600000, 0x00007f43494b0000)
  from space 116544K,  13% used [0x00007f4350680000, 0x00007f43515ced88, 0x00007f4357850000)
  to   space 116544K,   0% used [0x00007f43494b0000, 0x00007f43494b0000, 0x00007f4350680000)
 tenured generation   total 2331200K, used 2330070K [0x00007f4865b50000, 0x00007f48f3fe0000, 0x00007f5310600000)
   the space 2331200K,  99% used [0x00007f4865b50000, 0x00007f48f3ec5a08, 0x00007f48f3ec5c00, 0x00007f48f3fe0000)
 Metaspace       used 24157K, capacity 24525K, committed 24576K, reserved 24576K
}
Event: 1317.626 GC heap before
{Heap before GC invocations=2933 (full 2):
 def new generation   total 1049088K, used 948219K [0x00007f4310600000, 0x00007f4357850000, 0x00007f4865b50000)
  eden space 932544K, 100% used [0x00007f4310600000, 0x00007f43494b0000, 0x00007f43494b0000)
  from space 116544K,  13% used [0x00007f4350680000, 0x00007f43515ced88, 0x00007f4357850000)
  to   space 116544K,   0% used [0x00007f43494b0000, 0x00007f43494b0000, 0x00007f4350680000)
 tenured generation   total 2331200K, used 2330070K [0x00007f4865b50000, 0x00007f48f3fe0000, 0x00007f5310600000)
   the space 2331200K,  99% used [0x00007f4865b50000, 0x00007f48f3ec5a08, 0x00007f48f3ec5c00, 0x00007f48f3fe0000)
 Metaspace       used 24157K, capacity 24525K, committed 24576K, reserved 24576K
}
Event: 1317.648 GC heap after
{Heap after GC invocations=2934 (full 2):
 def new generation   total 1049088K, used 16057K [0x00007f4310600000, 0x00007f4357850000, 0x00007f4865b50000)
  eden space 932544K,   0% used [0x00007f4310600000, 0x00007f4310600000, 0x00007f43494b0000)
  from space 116544K,  13% used [0x00007f43494b0000, 0x00007f434a45e720, 0x00007f4350680000)
  to   space 116544K,   0% used [0x00007f4350680000, 0x00007f4350680000, 0x00007f4357850000)
 tenured generation   total 2331200K, used 2330912K [0x00007f4865b50000, 0x00007f48f3fe0000, 0x00007f5310600000)
   the space 2331200K,  99% used [0x00007f4865b50000, 0x00007f48f3f98130, 0x00007f48f3f98200, 0x00007f48f3fe0000)
 Metaspace       used 24157K, capacity 24525K, committed 24576K, reserved 24576K
}
Event: 1318.198 GC heap before
{Heap before GC invocations=2934 (full 2):
 def new generation   total 1049088K, used 948601K [0x00007f4310600000, 0x00007f4357850000, 0x00007f4865b50000)
  eden space 932544K, 100% used [0x00007f4310600000, 0x00007f43494b0000, 0x00007f43494b0000)
  from space 116544K,  13% used [0x00007f43494b0000, 0x00007f434a45e720, 0x00007f4350680000)
  to   space 116544K,   0% used [0x00007f4350680000, 0x00007f4350680000, 0x00007f4357850000)
 tenured generation   total 2331200K, used 2330912K [0x00007f4865b50000, 0x00007f48f3fe0000, 0x00007f5310600000)
   the space 2331200K,  99% used [0x00007f4865b50000, 0x00007f48f3f98130, 0x00007f48f3f98200, 0x00007f48f3fe0000)
 Metaspace       used 24157K, capacity 24525K, committed 24576K, reserved 24576K
}
Event: 1318.226 GC heap after
{Heap after GC invocations=2935 (full 2):
 def new generation   total 1049088K, used 15727K [0x00007f4310600000, 0x00007f4357850000, 0x00007f4865b50000)
  eden space 932544K,   0% used [0x00007f4310600000, 0x00007f4310600000, 0x00007f43494b0000)
  from space 116544K,  13% used [0x00007f4350680000, 0x00007f43515dbf88, 0x00007f4357850000)
  to   space 116544K,   0% used [0x00007f43494b0000, 0x00007f43494b0000, 0x00007f4350680000)
 tenured generation   total 2331776K, used 2331747K [0x00007f4865b50000, 0x00007f48f4070000, 0x00007f5310600000)
   the space 2331776K,  99% used [0x00007f4865b50000, 0x00007f48f4068db0, 0x00007f48f4068e00, 0x00007f48f4070000)
 Metaspace       used 24157K, capacity 24525K, committed 24576K, reserved 24576K
}
Event: 1318.226 GC heap before
{Heap before GC invocations=2935 (full 2):
 def new generation   total 1049088K, used 15727K [0x00007f4310600000, 0x00007f4357850000, 0x00007f4865b50000)
  eden space 932544K,   0% used [0x00007f4310600000, 0x00007f4310600000, 0x00007f43494b0000)
  from space 116544K,  13% used [0x00007f4350680000, 0x00007f43515dbf88, 0x00007f4357850000)
  to   space 116544K,   0% used [0x00007f43494b0000, 0x00007f43494b0000, 0x00007f4350680000)
 tenured generation   total 2331776K, used 2331747K [0x00007f4865b50000, 0x00007f48f4070000, 0x00007f5310600000)
   the space 2331776K,  99% used [0x00007f4865b50000, 0x00007f48f4068db0, 0x00007f48f4068e00, 0x00007f48f4070000)
 Metaspace       used 24157K, capacity 24525K, committed 24576K, reserved 24576K
}

