# JRE version: OpenJDK Runtime Environment (13.0.7+5) (build 13.0.7+5-Ubuntu-0ubuntu120.04)
# Java VM: OpenJDK 64-Bit Server VM (13.0.7+5-Ubuntu-0ubuntu120.04, mixed mode, tiered, serial gc, linux-amd64)
Heap:
 def new generation   total 3172032K, used 0K [0x00007f6c50600000, 0x00007f6d277d0000, 0x00007f71a5b50000)
  eden space 2819648K,   0% used [0x00007f6c50600000, 0x00007f6c50600000, 0x00007f6cfc790000)
  from space 352384K,   0% used [0x00007f6d11fb0000, 0x00007f6d11fb0000, 0x00007f6d277d0000)
  to   space 352384K,   0% used [0x00007f6cfc790000, 0x00007f6cfc790000, 0x00007f6d11fb0000)
 tenured generation   total 11243028K, used 8400427K [0x00007f71a5b50000, 0x00007f7453ed5000, 0x00007f7c50600000)
   the space 11243028K,  74% used [0x00007f71a5b50000, 0x00007f73a66dae20, 0x00007f73a66db000, 0x00007f7453ed5000)
 Metaspace       used 30893K, capacity 31342K, committed 31488K, reserved 32768K
GC Heap History (20 events):
Event: 60.816 GC heap after
{Heap after GC invocations=118 (full 1):
 def new generation   total 629248K, used 3914K [0x00007f6c50600000, 0x00007f6c7b0c0000, 0x00007f71a5b50000)
  eden space 559360K,   0% used [0x00007f6c50600000, 0x00007f6c50600000, 0x00007f6c72840000)
  from space 69888K,   5% used [0x00007f6c76c80000, 0x00007f6c77052820, 0x00007f6c7b0c0000)
  to   space 69888K,   0% used [0x00007f6c72840000, 0x00007f6c72840000, 0x00007f6c76c80000)
 tenured generation   total 1398144K, used 497250K [0x00007f71a5b50000, 0x00007f71fb0b0000, 0x00007f7c50600000)
   the space 1398144K,  35% used [0x00007f71a5b50000, 0x00007f71c40e8858, 0x00007f71c40e8a00, 0x00007f71fb0b0000)
 Metaspace       used 30863K, capacity 31335K, committed 31488K, reserved 32768K
}
Event: 61.032 GC heap before
{Heap before GC invocations=118 (full 1):
 def new generation   total 629248K, used 563274K [0x00007f6c50600000, 0x00007f6c7b0c0000, 0x00007f71a5b50000)
  eden space 559360K, 100% used [0x00007f6c50600000, 0x00007f6c72840000, 0x00007f6c72840000)
  from space 69888K,   5% used [0x00007f6c76c80000, 0x00007f6c77052820, 0x00007f6c7b0c0000)
  to   space 69888K,   0% used [0x00007f6c72840000, 0x00007f6c72840000, 0x00007f6c76c80000)
 tenured generation   total 1398144K, used 497250K [0x00007f71a5b50000, 0x00007f71fb0b0000, 0x00007f7c50600000)
   the space 1398144K,  35% used [0x00007f71a5b50000, 0x00007f71c40e8858, 0x00007f71c40e8a00, 0x00007f71fb0b0000)
 Metaspace       used 30863K, capacity 31335K, committed 31488K, reserved 32768K
}
Event: 61.036 GC heap after
{Heap after GC invocations=119 (full 1):
 def new generation   total 629248K, used 4779K [0x00007f6c50600000, 0x00007f6c7b0c0000, 0x00007f71a5b50000)
  eden space 559360K,   0% used [0x00007f6c50600000, 0x00007f6c50600000, 0x00007f6c72840000)
  from space 69888K,   6% used [0x00007f6c72840000, 0x00007f6c72cead58, 0x00007f6c76c80000)
  to   space 69888K,   0% used [0x00007f6c76c80000, 0x00007f6c76c80000, 0x00007f6c7b0c0000)
 tenured generation   total 1398144K, used 497250K [0x00007f71a5b50000, 0x00007f71fb0b0000, 0x00007f7c50600000)
   the space 1398144K,  35% used [0x00007f71a5b50000, 0x00007f71c40e8858, 0x00007f71c40e8a00, 0x00007f71fb0b0000)
 Metaspace       used 30863K, capacity 31335K, committed 31488K, reserved 32768K
}
Event: 61.296 GC heap before
{Heap before GC invocations=119 (full 1):
 def new generation   total 629248K, used 564139K [0x00007f6c50600000, 0x00007f6c7b0c0000, 0x00007f71a5b50000)
  eden space 559360K, 100% used [0x00007f6c50600000, 0x00007f6c72840000, 0x00007f6c72840000)
  from space 69888K,   6% used [0x00007f6c72840000, 0x00007f6c72cead58, 0x00007f6c76c80000)
  to   space 69888K,   0% used [0x00007f6c76c80000, 0x00007f6c76c80000, 0x00007f6c7b0c0000)
 tenured generation   total 1398144K, used 497250K [0x00007f71a5b50000, 0x00007f71fb0b0000, 0x00007f7c50600000)
   the space 1398144K,  35% used [0x00007f71a5b50000, 0x00007f71c40e8858, 0x00007f71c40e8a00, 0x00007f71fb0b0000)
 Metaspace       used 30863K, capacity 31335K, committed 31488K, reserved 32768K
}
Event: 61.297 GC heap after
{Heap after GC invocations=120 (full 1):
 def new generation   total 629248K, used 2611K [0x00007f6c50600000, 0x00007f6c7b0c0000, 0x00007f71a5b50000)
  eden space 559360K,   0% used [0x00007f6c50600000, 0x00007f6c50600000, 0x00007f6c72840000)
  from space 69888K,   3% used [0x00007f6c76c80000, 0x00007f6c76f0cc18, 0x00007f6c7b0c0000)
  to   space 69888K,   0% used [0x00007f6c72840000, 0x00007f6c72840000, 0x00007f6c76c80000)
 tenured generation   total 1398144K, used 497250K [0x00007f71a5b50000, 0x00007f71fb0b0000, 0x00007f7c50600000)
   the space 1398144K,  35% used [0x00007f71a5b50000, 0x00007f71c40e8858, 0x00007f71c40e8a00, 0x00007f71fb0b0000)
 Metaspace       used 30863K, capacity 31335K, committed 31488K, reserved 32768K
}
Event: 61.855 GC heap before
{Heap before GC invocations=120 (full 1):
 def new generation   total 629248K, used 561971K [0x00007f6c50600000, 0x00007f6c7b0c0000, 0x00007f71a5b50000)
  eden space 559360K, 100% used [0x00007f6c50600000, 0x00007f6c72840000, 0x00007f6c72840000)
  from space 69888K,   3% used [0x00007f6c76c80000, 0x00007f6c76f0cc18, 0x00007f6c7b0c0000)
  to   space 69888K,   0% used [0x00007f6c72840000, 0x00007f6c72840000, 0x00007f6c76c80000)
 tenured generation   total 1398144K, used 497250K [0x00007f71a5b50000, 0x00007f71fb0b0000, 0x00007f7c50600000)
   the space 1398144K,  35% used [0x00007f71a5b50000, 0x00007f71c40e8858, 0x00007f71c40e8a00, 0x00007f71fb0b0000)
 Metaspace       used 30892K, capacity 31342K, committed 31488K, reserved 32768K
}
Event: 61.858 GC heap after
{Heap after GC invocations=121 (full 1):
 def new generation   total 629248K, used 2956K [0x00007f6c50600000, 0x00007f6c7b0c0000, 0x00007f71a5b50000)
  eden space 559360K,   0% used [0x00007f6c50600000, 0x00007f6c50600000, 0x00007f6c72840000)
  from space 69888K,   4% used [0x00007f6c72840000, 0x00007f6c72b232d8, 0x00007f6c76c80000)
  to   space 69888K,   0% used [0x00007f6c76c80000, 0x00007f6c76c80000, 0x00007f6c7b0c0000)
 tenured generation   total 1398144K, used 497250K [0x00007f71a5b50000, 0x00007f71fb0b0000, 0x00007f7c50600000)
   the space 1398144K,  35% used [0x00007f71a5b50000, 0x00007f71c40e8858, 0x00007f71c40e8a00, 0x00007f71fb0b0000)
 Metaspace       used 30892K, capacity 31342K, committed 31488K, reserved 32768K
}
Event: 62.267 GC heap before
{Heap before GC invocations=121 (full 1):
 def new generation   total 629248K, used 562316K [0x00007f6c50600000, 0x00007f6c7b0c0000, 0x00007f71a5b50000)
  eden space 559360K, 100% used [0x00007f6c50600000, 0x00007f6c72840000, 0x00007f6c72840000)
  from space 69888K,   4% used [0x00007f6c72840000, 0x00007f6c72b232d8, 0x00007f6c76c80000)
  to   space 69888K,   0% used [0x00007f6c76c80000, 0x00007f6c76c80000, 0x00007f6c7b0c0000)
 tenured generation   total 1398144K, used 497250K [0x00007f71a5b50000, 0x00007f71fb0b0000, 0x00007f7c50600000)
   the space 1398144K,  35% used [0x00007f71a5b50000, 0x00007f71c40e8858, 0x00007f71c40e8a00, 0x00007f71fb0b0000)
 Metaspace       used 30893K, capacity 31342K, committed 31488K, reserved 32768K
}
Event: 62.270 GC heap after
{Heap after GC invocations=122 (full 1):
 def new generation   total 629248K, used 3320K [0x00007f6c50600000, 0x00007f6c7b0c0000, 0x00007f71a5b50000)
  eden space 559360K,   0% used [0x00007f6c50600000, 0x00007f6c50600000, 0x00007f6c72840000)
  from space 69888K,   4% used [0x00007f6c76c80000, 0x00007f6c76fbe280, 0x00007f6c7b0c0000)
  to   space 69888K,   0% used [0x00007f6c72840000, 0x00007f6c72840000, 0x00007f6c76c80000)
 tenured generation   total 1398144K, used 497250K [0x00007f71a5b50000, 0x00007f71fb0b0000, 0x00007f7c50600000)
   the space 1398144K,  35% used [0x00007f71a5b50000, 0x00007f71c40e8858, 0x00007f71c40e8a00, 0x00007f71fb0b0000)
 Metaspace       used 30893K, capacity 31342K, committed 31488K, reserved 32768K
}
Event: 62.361 GC heap before
{Heap before GC invocations=122 (full 1):
 def new generation   total 629248K, used 80847K [0x00007f6c50600000, 0x00007f6c7b0c0000, 0x00007f71a5b50000)
  eden space 559360K,  13% used [0x00007f6c50600000, 0x00007f6c551b5c38, 0x00007f6c72840000)
  from space 69888K,   4% used [0x00007f6c76c80000, 0x00007f6c76fbe280, 0x00007f6c7b0c0000)
  to   space 69888K,   0% used [0x00007f6c72840000, 0x00007f6c72840000, 0x00007f6c76c80000)
 tenured generation   total 1398144K, used 497250K [0x00007f71a5b50000, 0x00007f71fb0b0000, 0x00007f7c50600000)
   the space 1398144K,  35% used [0x00007f71a5b50000, 0x00007f71c40e8858, 0x00007f71c40e8a00, 0x00007f71fb0b0000)
 Metaspace       used 30893K, capacity 31342K, committed 31488K, reserved 32768K
}
Event: 62.366 GC heap after
{Heap after GC invocations=123 (full 1):
 def new generation   total 629248K, used 17363K [0x00007f6c50600000, 0x00007f6c7b0c0000, 0x00007f71a5b50000)
  eden space 559360K,   0% used [0x00007f6c50600000, 0x00007f6c50600000, 0x00007f6c72840000)
  from space 69888K,  24% used [0x00007f6c72840000, 0x00007f6c73934d08, 0x00007f6c76c80000)
  to   space 69888K,   0% used [0x00007f6c76c80000, 0x00007f6c76c80000, 0x00007f6c7b0c0000)
 tenured generation   total 1398144K, used 497250K [0x00007f71a5b50000, 0x00007f71fb0b0000, 0x00007f7c50600000)
   the space 1398144K,  35% used [0x00007f71a5b50000, 0x00007f71c40e8858, 0x00007f71c40e8a00, 0x00007f71fb0b0000)
 Metaspace       used 30893K, capacity 31342K, committed 31488K, reserved 32768K
}
Event: 62.366 GC heap before
{Heap before GC invocations=123 (full 1):
 def new generation   total 629248K, used 17363K [0x00007f6c50600000, 0x00007f6c7b0c0000, 0x00007f71a5b50000)
  eden space 559360K,   0% used [0x00007f6c50600000, 0x00007f6c50600000, 0x00007f6c72840000)
  from space 69888K,  24% used [0x00007f6c72840000, 0x00007f6c73934d08, 0x00007f6c76c80000)
  to   space 69888K,   0% used [0x00007f6c76c80000, 0x00007f6c76c80000, 0x00007f6c7b0c0000)
 tenured generation   total 1398144K, used 497250K [0x00007f71a5b50000, 0x00007f71fb0b0000, 0x00007f7c50600000)
   the space 1398144K,  35% used [0x00007f71a5b50000, 0x00007f71c40e8858, 0x00007f71c40e8a00, 0x00007f71fb0b0000)
 Metaspace       used 30893K, capacity 31342K, committed 31488K, reserved 32768K
}
Event: 62.474 GC heap after
{Heap after GC invocations=123 (full 2):
 def new generation   total 629248K, used 0K [0x00007f6c50600000, 0x00007f6c7b0c0000, 0x00007f71a5b50000)
  eden space 559360K,   0% used [0x00007f6c50600000, 0x00007f6c50600000, 0x00007f6c72840000)
  from space 69888K,   0% used [0x00007f6c72840000, 0x00007f6c72840000, 0x00007f6c76c80000)
  to   space 69888K,   0% used [0x00007f6c76c80000, 0x00007f6c76c80000, 0x00007f6c7b0c0000)
 tenured generation   total 1398144K, used 34927K [0x00007f71a5b50000, 0x00007f71fb0b0000, 0x00007f7c50600000)
   the space 1398144K,   2% used [0x00007f71a5b50000, 0x00007f71a7d6bdd8, 0x00007f71a7d6be00, 0x00007f71fb0b0000)
 Metaspace       used 30893K, capacity 31342K, committed 31488K, reserved 32768K
}
Event: 65.466 GC heap before
{Heap before GC invocations=123 (full 2):
 def new generation   total 629248K, used 11181K [0x00007f6c50600000, 0x00007f6c7b0c0000, 0x00007f71a5b50000)
  eden space 559360K,   1% used [0x00007f6c50600000, 0x00007f6c510eb6f8, 0x00007f6c72840000)
  from space 69888K,   0% used [0x00007f6c72840000, 0x00007f6c72840000, 0x00007f6c76c80000)
  to   space 69888K,   0% used [0x00007f6c76c80000, 0x00007f6c76c80000, 0x00007f6c7b0c0000)
 tenured generation   total 5592452K, used 4229231K [0x00007f71a5b50000, 0x00007f72fb0b1000, 0x00007f7c50600000)
   the space 5592452K,  75% used [0x00007f71a5b50000, 0x00007f72a7d6bdf0, 0x00007f72a7d6be00, 0x00007f72fb0b1000)
 Metaspace       used 30893K, capacity 31342K, committed 31488K, reserved 32768K
}
Event: 65.490 GC heap after
{Heap after GC invocations=124 (full 2):
 def new generation   total 629248K, used 0K [0x00007f6c50600000, 0x00007f6c7b0c0000, 0x00007f71a5b50000)
  eden space 559360K,   0% used [0x00007f6c50600000, 0x00007f6c50600000, 0x00007f6c72840000)
  from space 69888K,   0% used [0x00007f6c76c80000, 0x00007f6c76c80178, 0x00007f6c7b0c0000)
  to   space 69888K,   0% used [0x00007f6c72840000, 0x00007f6c72840000, 0x00007f6c76c80000)
 tenured generation   total 5592452K, used 4229231K [0x00007f71a5b50000, 0x00007f72fb0b1000, 0x00007f7c50600000)
   the space 5592452K,  75% used [0x00007f71a5b50000, 0x00007f72a7d6bdf0, 0x00007f72a7d6be00, 0x00007f72fb0b1000)
 Metaspace       used 30893K, capacity 31342K, committed 31488K, reserved 32768K
}
Event: 65.490 GC heap before
{Heap before GC invocations=124 (full 2):
 def new generation   total 629248K, used 0K [0x00007f6c50600000, 0x00007f6c7b0c0000, 0x00007f71a5b50000)
  eden space 559360K,   0% used [0x00007f6c50600000, 0x00007f6c50600000, 0x00007f6c72840000)
  from space 69888K,   0% used [0x00007f6c76c80000, 0x00007f6c76c80178, 0x00007f6c7b0c0000)
  to   space 69888K,   0% used [0x00007f6c72840000, 0x00007f6c72840000, 0x00007f6c76c80000)
 tenured generation   total 5592452K, used 4229231K [0x00007f71a5b50000, 0x00007f72fb0b1000, 0x00007f7c50600000)
   the space 5592452K,  75% used [0x00007f71a5b50000, 0x00007f72a7d6bdf0, 0x00007f72a7d6be00, 0x00007f72fb0b1000)
 Metaspace       used 30893K, capacity 31342K, committed 31488K, reserved 32768K
}
Event: 65.526 GC heap after
{Heap after GC invocations=124 (full 3):
 def new generation   total 3172032K, used 0K [0x00007f6c50600000, 0x00007f6d277d0000, 0x00007f71a5b50000)
  eden space 2819648K,   0% used [0x00007f6c50600000, 0x00007f6c50600000, 0x00007f6cfc790000)
  from space 352384K,   0% used [0x00007f6cfc790000, 0x00007f6cfc790000, 0x00007f6d11fb0000)
  to   space 352384K,   0% used [0x00007f6d11fb0000, 0x00007f6d11fb0000, 0x00007f6d277d0000)
 tenured generation   total 7048720K, used 4229231K [0x00007f71a5b50000, 0x00007f7353ed4000, 0x00007f7c50600000)
   the space 7048720K,  59% used [0x00007f71a5b50000, 0x00007f72a7d6be98, 0x00007f72a7d6c000, 0x00007f7353ed4000)
 Metaspace       used 30893K, capacity 31342K, committed 31488K, reserved 32768K
}
Event: 68.848 GC heap before
{Heap before GC invocations=124 (full 3):
 def new generation   total 3172032K, used 56365K [0x00007f6c50600000, 0x00007f6d277d0000, 0x00007f71a5b50000)
  eden space 2819648K,   1% used [0x00007f6c50600000, 0x00007f6c53d0b540, 0x00007f6cfc790000)
  from space 352384K,   0% used [0x00007f6cfc790000, 0x00007f6cfc790000, 0x00007f6d11fb0000)
  to   space 352384K,   0% used [0x00007f6d11fb0000, 0x00007f6d11fb0000, 0x00007f6d277d0000)
 tenured generation   total 11243028K, used 8423535K [0x00007f71a5b50000, 0x00007f7453ed5000, 0x00007f7c50600000)
   the space 11243028K,  74% used [0x00007f71a5b50000, 0x00007f73a7d6beb0, 0x00007f73a7d6c000, 0x00007f7453ed5000)
 Metaspace       used 30893K, capacity 31342K, committed 31488K, reserved 32768K
}
Event: 68.851 GC heap after
{Heap after GC invocations=125 (full 3):
 def new generation   total 3172032K, used 0K [0x00007f6c50600000, 0x00007f6d277d0000, 0x00007f71a5b50000)
  eden space 2819648K,   0% used [0x00007f6c50600000, 0x00007f6c50600000, 0x00007f6cfc790000)
  from space 352384K,   0% used [0x00007f6d11fb0000, 0x00007f6d11fb0230, 0x00007f6d277d0000)
  to   space 352384K,   0% used [0x00007f6cfc790000, 0x00007f6cfc790000, 0x00007f6d11fb0000)
 tenured generation   total 11243028K, used 8423535K [0x00007f71a5b50000, 0x00007f7453ed5000, 0x00007f7c50600000)
   the space 11243028K,  74% used [0x00007f71a5b50000, 0x00007f73a7d6beb0, 0x00007f73a7d6c000, 0x00007f7453ed5000)
 Metaspace       used 30893K, capacity 31342K, committed 31488K, reserved 32768K
}
Event: 68.851 GC heap before
{Heap before GC invocations=125 (full 3):
 def new generation   total 3172032K, used 0K [0x00007f6c50600000, 0x00007f6d277d0000, 0x00007f71a5b50000)
  eden space 2819648K,   0% used [0x00007f6c50600000, 0x00007f6c50600000, 0x00007f6cfc790000)
  from space 352384K,   0% used [0x00007f6d11fb0000, 0x00007f6d11fb0230, 0x00007f6d277d0000)
  to   space 352384K,   0% used [0x00007f6cfc790000, 0x00007f6cfc790000, 0x00007f6d11fb0000)
 tenured generation   total 11243028K, used 8423535K [0x00007f71a5b50000, 0x00007f7453ed5000, 0x00007f7c50600000)
   the space 11243028K,  74% used [0x00007f71a5b50000, 0x00007f73a7d6beb0, 0x00007f73a7d6c000, 0x00007f7453ed5000)
 Metaspace       used 30893K, capacity 31342K, committed 31488K, reserved 32768K
}

