# JRE version: OpenJDK Runtime Environment (13.0.7+5) (build 13.0.7+5-Ubuntu-0ubuntu120.04)
# Java VM: OpenJDK 64-Bit Server VM (13.0.7+5-Ubuntu-0ubuntu120.04, mixed mode, tiered, serial gc, linux-amd64)
Heap:
 def new generation   total 804160K, used 0K [0x00007f33dc600000, 0x00007f3412e90000, 0x00007f3e870a0000)
  eden space 714816K,   0% used [0x00007f33dc600000, 0x00007f33dc600000, 0x00007f3408010000)
  from space 89344K,   0% used [0x00007f3408010000, 0x00007f3408010000, 0x00007f340d750000)
  to   space 89344K,   0% used [0x00007f340d750000, 0x00007f340d750000, 0x00007f3412e90000)
 tenured generation   total 1803300K, used 1368957K [0x00007f3e870a0000, 0x00007f3ef51a9000, 0x00007f53dc600000)
   the space 1803300K,  75% used [0x00007f3e870a0000, 0x00007f3eda97f728, 0x00007f3eda97f800, 0x00007f3ef51a9000)
 Metaspace       used 24206K, capacity 24629K, committed 24832K, reserved 26624K
GC Heap History (20 events):
Event: 563.991 GC heap after
{Heap after GC invocations=782 (full 3):
 def new generation   total 804160K, used 15422K [0x00007f33dc600000, 0x00007f3412e90000, 0x00007f3e870a0000)
  eden space 714816K,   0% used [0x00007f33dc600000, 0x00007f33dc600000, 0x00007f3408010000)
  from space 89344K,  17% used [0x00007f340d750000, 0x00007f340e65f8a0, 0x00007f3412e90000)
  to   space 89344K,   0% used [0x00007f3408010000, 0x00007f3408010000, 0x00007f340d750000)
 tenured generation   total 1786912K, used 1729241K [0x00007f3e870a0000, 0x00007f3ef41a8000, 0x00007f53dc600000)
   the space 1786912K,  96% used [0x00007f3e870a0000, 0x00007f3ef0956728, 0x00007f3ef0956800, 0x00007f3ef41a8000)
 Metaspace       used 24206K, capacity 24629K, committed 24832K, reserved 26624K
}
Event: 564.774 GC heap before
{Heap before GC invocations=782 (full 3):
 def new generation   total 804160K, used 730238K [0x00007f33dc600000, 0x00007f3412e90000, 0x00007f3e870a0000)
  eden space 714816K, 100% used [0x00007f33dc600000, 0x00007f3408010000, 0x00007f3408010000)
  from space 89344K,  17% used [0x00007f340d750000, 0x00007f340e65f8a0, 0x00007f3412e90000)
  to   space 89344K,   0% used [0x00007f3408010000, 0x00007f3408010000, 0x00007f340d750000)
 tenured generation   total 1786912K, used 1729241K [0x00007f3e870a0000, 0x00007f3ef41a8000, 0x00007f53dc600000)
   the space 1786912K,  96% used [0x00007f3e870a0000, 0x00007f3ef0956728, 0x00007f3ef0956800, 0x00007f3ef41a8000)
 Metaspace       used 24206K, capacity 24629K, committed 24832K, reserved 26624K
}
Event: 564.802 GC heap after
{Heap after GC invocations=783 (full 3):
 def new generation   total 804160K, used 37006K [0x00007f33dc600000, 0x00007f3412e90000, 0x00007f3e870a0000)
  eden space 714816K,   0% used [0x00007f33dc600000, 0x00007f33dc600000, 0x00007f3408010000)
  from space 89344K,  41% used [0x00007f3408010000, 0x00007f340a4339a8, 0x00007f340d750000)
  to   space 89344K,   0% used [0x00007f340d750000, 0x00007f340d750000, 0x00007f3412e90000)
 tenured generation   total 1786912K, used 1729241K [0x00007f3e870a0000, 0x00007f3ef41a8000, 0x00007f53dc600000)
   the space 1786912K,  96% used [0x00007f3e870a0000, 0x00007f3ef0956728, 0x00007f3ef0956800, 0x00007f3ef41a8000)
 Metaspace       used 24206K, capacity 24629K, committed 24832K, reserved 26624K
}
Event: 565.775 GC heap before
{Heap before GC invocations=783 (full 3):
 def new generation   total 804160K, used 744483K [0x00007f33dc600000, 0x00007f3412e90000, 0x00007f3e870a0000)
  eden space 714816K,  98% used [0x00007f33dc600000, 0x00007f34078e5508, 0x00007f3408010000)
  from space 89344K,  41% used [0x00007f3408010000, 0x00007f340a4339a8, 0x00007f340d750000)
  to   space 89344K,   0% used [0x00007f340d750000, 0x00007f340d750000, 0x00007f3412e90000)
 tenured generation   total 1786912K, used 1729241K [0x00007f3e870a0000, 0x00007f3ef41a8000, 0x00007f53dc600000)
   the space 1786912K,  96% used [0x00007f3e870a0000, 0x00007f3ef0956728, 0x00007f3ef0956800, 0x00007f3ef41a8000)
 Metaspace       used 24206K, capacity 24629K, committed 24832K, reserved 26624K
}
Event: 565.809 GC heap after
{Heap after GC invocations=784 (full 3):
 def new generation   total 804160K, used 39582K [0x00007f33dc600000, 0x00007f3412e90000, 0x00007f3e870a0000)
  eden space 714816K,   0% used [0x00007f33dc600000, 0x00007f33dc600000, 0x00007f3408010000)
  from space 89344K,  44% used [0x00007f340d750000, 0x00007f340fdf7878, 0x00007f3412e90000)
  to   space 89344K,   0% used [0x00007f3408010000, 0x00007f3408010000, 0x00007f340d750000)
 tenured generation   total 1786912K, used 1729241K [0x00007f3e870a0000, 0x00007f3ef41a8000, 0x00007f53dc600000)
   the space 1786912K,  96% used [0x00007f3e870a0000, 0x00007f3ef0956728, 0x00007f3ef0956800, 0x00007f3ef41a8000)
 Metaspace       used 24206K, capacity 24629K, committed 24832K, reserved 26624K
}
Event: 566.777 GC heap before
{Heap before GC invocations=784 (full 3):
 def new generation   total 804160K, used 754210K [0x00007f33dc600000, 0x00007f3412e90000, 0x00007f3e870a0000)
  eden space 714816K,  99% used [0x00007f33dc600000, 0x00007f3407fe1030, 0x00007f3408010000)
  from space 89344K,  44% used [0x00007f340d750000, 0x00007f340fdf7878, 0x00007f3412e90000)
  to   space 89344K,   0% used [0x00007f3408010000, 0x00007f3408010000, 0x00007f340d750000)
 tenured generation   total 1786912K, used 1729241K [0x00007f3e870a0000, 0x00007f3ef41a8000, 0x00007f53dc600000)
   the space 1786912K,  96% used [0x00007f3e870a0000, 0x00007f3ef0956728, 0x00007f3ef0956800, 0x00007f3ef41a8000)
 Metaspace       used 24206K, capacity 24629K, committed 24832K, reserved 26624K
}
Event: 566.812 GC heap after
{Heap after GC invocations=785 (full 3):
 def new generation   total 804160K, used 43690K [0x00007f33dc600000, 0x00007f3412e90000, 0x00007f3e870a0000)
  eden space 714816K,   0% used [0x00007f33dc600000, 0x00007f33dc600000, 0x00007f3408010000)
  from space 89344K,  48% used [0x00007f3408010000, 0x00007f340aabaab0, 0x00007f340d750000)
  to   space 89344K,   0% used [0x00007f340d750000, 0x00007f340d750000, 0x00007f3412e90000)
 tenured generation   total 1786912K, used 1729241K [0x00007f3e870a0000, 0x00007f3ef41a8000, 0x00007f53dc600000)
   the space 1786912K,  96% used [0x00007f3e870a0000, 0x00007f3ef0956728, 0x00007f3ef0956800, 0x00007f3ef41a8000)
 Metaspace       used 24206K, capacity 24629K, committed 24832K, reserved 26624K
}
Event: 567.740 GC heap before
{Heap before GC invocations=785 (full 3):
 def new generation   total 804160K, used 758506K [0x00007f33dc600000, 0x00007f3412e90000, 0x00007f3e870a0000)
  eden space 714816K, 100% used [0x00007f33dc600000, 0x00007f3408010000, 0x00007f3408010000)
  from space 89344K,  48% used [0x00007f3408010000, 0x00007f340aabaab0, 0x00007f340d750000)
  to   space 89344K,   0% used [0x00007f340d750000, 0x00007f340d750000, 0x00007f3412e90000)
 tenured generation   total 1786912K, used 1729241K [0x00007f3e870a0000, 0x00007f3ef41a8000, 0x00007f53dc600000)
   the space 1786912K,  96% used [0x00007f3e870a0000, 0x00007f3ef0956728, 0x00007f3ef0956800, 0x00007f3ef41a8000)
 Metaspace       used 24206K, capacity 24629K, committed 24832K, reserved 26624K
}
Event: 567.780 GC heap after
{Heap after GC invocations=786 (full 3):
 def new generation   total 804160K, used 48306K [0x00007f33dc600000, 0x00007f3412e90000, 0x00007f3e870a0000)
  eden space 714816K,   0% used [0x00007f33dc600000, 0x00007f33dc600000, 0x00007f3408010000)
  from space 89344K,  54% used [0x00007f340d750000, 0x00007f341067c830, 0x00007f3412e90000)
  to   space 89344K,   0% used [0x00007f3408010000, 0x00007f3408010000, 0x00007f340d750000)
 tenured generation   total 1786912K, used 1729241K [0x00007f3e870a0000, 0x00007f3ef41a8000, 0x00007f53dc600000)
   the space 1786912K,  96% used [0x00007f3e870a0000, 0x00007f3ef0956728, 0x00007f3ef0956800, 0x00007f3ef41a8000)
 Metaspace       used 24206K, capacity 24629K, committed 24832K, reserved 26624K
}
Event: 568.579 GC heap before
{Heap before GC invocations=786 (full 3):
 def new generation   total 804160K, used 763122K [0x00007f33dc600000, 0x00007f3412e90000, 0x00007f3e870a0000)
  eden space 714816K, 100% used [0x00007f33dc600000, 0x00007f3408010000, 0x00007f3408010000)
  from space 89344K,  54% used [0x00007f340d750000, 0x00007f341067c830, 0x00007f3412e90000)
  to   space 89344K,   0% used [0x00007f3408010000, 0x00007f3408010000, 0x00007f340d750000)
 tenured generation   total 1786912K, used 1729241K [0x00007f3e870a0000, 0x00007f3ef41a8000, 0x00007f53dc600000)
   the space 1786912K,  96% used [0x00007f3e870a0000, 0x00007f3ef0956728, 0x00007f3ef0956800, 0x00007f3ef41a8000)
 Metaspace       used 24206K, capacity 24629K, committed 24832K, reserved 26624K
}
Event: 568.641 GC heap after
{Heap after GC invocations=787 (full 3):
 def new generation   total 804160K, used 13879K [0x00007f33dc600000, 0x00007f3412e90000, 0x00007f3e870a0000)
  eden space 714816K,   0% used [0x00007f33dc600000, 0x00007f33dc600000, 0x00007f3408010000)
  from space 89344K,  15% used [0x00007f3408010000, 0x00007f3408d9dcc0, 0x00007f340d750000)
  to   space 89344K,   0% used [0x00007f340d750000, 0x00007f340d750000, 0x00007f3412e90000)
 tenured generation   total 1786912K, used 1765718K [0x00007f3e870a0000, 0x00007f3ef41a8000, 0x00007f53dc600000)
   the space 1786912K,  98% used [0x00007f3e870a0000, 0x00007f3ef2cf5920, 0x00007f3ef2cf5a00, 0x00007f3ef41a8000)
 Metaspace       used 24206K, capacity 24629K, committed 24832K, reserved 26624K
}
Event: 569.348 GC heap before
{Heap before GC invocations=787 (full 3):
 def new generation   total 804160K, used 728695K [0x00007f33dc600000, 0x00007f3412e90000, 0x00007f3e870a0000)
  eden space 714816K, 100% used [0x00007f33dc600000, 0x00007f3408010000, 0x00007f3408010000)
  from space 89344K,  15% used [0x00007f3408010000, 0x00007f3408d9dcc0, 0x00007f340d750000)
  to   space 89344K,   0% used [0x00007f340d750000, 0x00007f340d750000, 0x00007f3412e90000)
 tenured generation   total 1786912K, used 1765718K [0x00007f3e870a0000, 0x00007f3ef41a8000, 0x00007f53dc600000)
   the space 1786912K,  98% used [0x00007f3e870a0000, 0x00007f3ef2cf5920, 0x00007f3ef2cf5a00, 0x00007f3ef41a8000)
 Metaspace       used 24206K, capacity 24629K, committed 24832K, reserved 26624K
}
Event: 569.368 GC heap after
{Heap after GC invocations=788 (full 3):
 def new generation   total 804160K, used 15946K [0x00007f33dc600000, 0x00007f3412e90000, 0x00007f3e870a0000)
  eden space 714816K,   0% used [0x00007f33dc600000, 0x00007f33dc600000, 0x00007f3408010000)
  from space 89344K,  17% used [0x00007f340d750000, 0x00007f340e6e2b90, 0x00007f3412e90000)
  to   space 89344K,   0% used [0x00007f3408010000, 0x00007f3408010000, 0x00007f340d750000)
 tenured generation   total 1786912K, used 1765718K [0x00007f3e870a0000, 0x00007f3ef41a8000, 0x00007f53dc600000)
   the space 1786912K,  98% used [0x00007f3e870a0000, 0x00007f3ef2cf5920, 0x00007f3ef2cf5a00, 0x00007f3ef41a8000)
 Metaspace       used 24206K, capacity 24629K, committed 24832K, reserved 26624K
}
Event: 570.003 GC heap before
{Heap before GC invocations=788 (full 3):
 def new generation   total 804160K, used 730762K [0x00007f33dc600000, 0x00007f3412e90000, 0x00007f3e870a0000)
  eden space 714816K, 100% used [0x00007f33dc600000, 0x00007f3408010000, 0x00007f3408010000)
  from space 89344K,  17% used [0x00007f340d750000, 0x00007f340e6e2b90, 0x00007f3412e90000)
  to   space 89344K,   0% used [0x00007f3408010000, 0x00007f3408010000, 0x00007f340d750000)
 tenured generation   total 1786912K, used 1765718K [0x00007f3e870a0000, 0x00007f3ef41a8000, 0x00007f53dc600000)
   the space 1786912K,  98% used [0x00007f3e870a0000, 0x00007f3ef2cf5920, 0x00007f3ef2cf5a00, 0x00007f3ef41a8000)
 Metaspace       used 24206K, capacity 24629K, committed 24832K, reserved 26624K
}
Event: 570.021 GC heap after
{Heap after GC invocations=789 (full 3):
 def new generation   total 804160K, used 15937K [0x00007f33dc600000, 0x00007f3412e90000, 0x00007f3e870a0000)
  eden space 714816K,   0% used [0x00007f33dc600000, 0x00007f33dc600000, 0x00007f3408010000)
  from space 89344K,  17% used [0x00007f3408010000, 0x00007f3408fa0790, 0x00007f340d750000)
  to   space 89344K,   0% used [0x00007f340d750000, 0x00007f340d750000, 0x00007f3412e90000)
 tenured generation   total 1786912K, used 1765718K [0x00007f3e870a0000, 0x00007f3ef41a8000, 0x00007f53dc600000)
   the space 1786912K,  98% used [0x00007f3e870a0000, 0x00007f3ef2cf5920, 0x00007f3ef2cf5a00, 0x00007f3ef41a8000)
 Metaspace       used 24206K, capacity 24629K, committed 24832K, reserved 26624K
}
Event: 570.723 GC heap before
{Heap before GC invocations=789 (full 3):
 def new generation   total 804160K, used 717660K [0x00007f33dc600000, 0x00007f3412e90000, 0x00007f3e870a0000)
  eden space 714816K,  98% used [0x00007f33dc600000, 0x00007f34073469b0, 0x00007f3408010000)
  from space 89344K,  17% used [0x00007f3408010000, 0x00007f3408fa0790, 0x00007f340d750000)
  to   space 89344K,   0% used [0x00007f340d750000, 0x00007f340d750000, 0x00007f3412e90000)
 tenured generation   total 1786912K, used 1765718K [0x00007f3e870a0000, 0x00007f3ef41a8000, 0x00007f53dc600000)
   the space 1786912K,  98% used [0x00007f3e870a0000, 0x00007f3ef2cf5920, 0x00007f3ef2cf5a00, 0x00007f3ef41a8000)
 Metaspace       used 24206K, capacity 24629K, committed 24832K, reserved 26624K
}
Event: 570.759 GC heap after
{Heap after GC invocations=790 (full 3):
 def new generation   total 804160K, used 52907K [0x00007f33dc600000, 0x00007f3412e90000, 0x00007f3e870a0000)
  eden space 714816K,   0% used [0x00007f33dc600000, 0x00007f33dc600000, 0x00007f3408010000)
  from space 89344K,  59% used [0x00007f340d750000, 0x00007f3410afad80, 0x00007f3412e90000)
  to   space 89344K,   0% used [0x00007f3408010000, 0x00007f3408010000, 0x00007f340d750000)
 tenured generation   total 1786912K, used 1765718K [0x00007f3e870a0000, 0x00007f3ef41a8000, 0x00007f53dc600000)
   the space 1786912K,  98% used [0x00007f3e870a0000, 0x00007f3ef2cf5920, 0x00007f3ef2cf5a00, 0x00007f3ef41a8000)
 Metaspace       used 24206K, capacity 24629K, committed 24832K, reserved 26624K
}
Event: 571.755 GC heap before
{Heap before GC invocations=790 (full 3):
 def new generation   total 804160K, used 752895K [0x00007f33dc600000, 0x00007f3412e90000, 0x00007f3e870a0000)
  eden space 714816K,  97% used [0x00007f33dc600000, 0x00007f3407195050, 0x00007f3408010000)
  from space 89344K,  59% used [0x00007f340d750000, 0x00007f3410afad80, 0x00007f3412e90000)
  to   space 89344K,   0% used [0x00007f3408010000, 0x00007f3408010000, 0x00007f340d750000)
 tenured generation   total 1786912K, used 1765718K [0x00007f3e870a0000, 0x00007f3ef41a8000, 0x00007f53dc600000)
   the space 1786912K,  98% used [0x00007f3e870a0000, 0x00007f3ef2cf5920, 0x00007f3ef2cf5a00, 0x00007f3ef41a8000)
 Metaspace       used 24206K, capacity 24629K, committed 24832K, reserved 26624K
}
Event: 571.829 GC heap after
{Heap after GC invocations=791 (full 3):
 def new generation   total 804160K, used 20036K [0x00007f33dc600000, 0x00007f3412e90000, 0x00007f3e870a0000)
  eden space 714816K,   0% used [0x00007f33dc600000, 0x00007f33dc600000, 0x00007f3408010000)
  from space 89344K,  22% used [0x00007f3408010000, 0x00007f34093a1278, 0x00007f340d750000)
  to   space 89344K,   0% used [0x00007f340d750000, 0x00007f340d750000, 0x00007f3412e90000)
 tenured generation   total 1803300K, used 1801165K [0x00007f3e870a0000, 0x00007f3ef51a9000, 0x00007f53dc600000)
   the space 1803300K,  99% used [0x00007f3e870a0000, 0x00007f3ef4f93418, 0x00007f3ef4f93600, 0x00007f3ef51a9000)
 Metaspace       used 24206K, capacity 24629K, committed 24832K, reserved 26624K
}
Event: 571.829 GC heap before
{Heap before GC invocations=791 (full 3):
 def new generation   total 804160K, used 20036K [0x00007f33dc600000, 0x00007f3412e90000, 0x00007f3e870a0000)
  eden space 714816K,   0% used [0x00007f33dc600000, 0x00007f33dc600000, 0x00007f3408010000)
  from space 89344K,  22% used [0x00007f3408010000, 0x00007f34093a1278, 0x00007f340d750000)
  to   space 89344K,   0% used [0x00007f340d750000, 0x00007f340d750000, 0x00007f3412e90000)
 tenured generation   total 1803300K, used 1801165K [0x00007f3e870a0000, 0x00007f3ef51a9000, 0x00007f53dc600000)
   the space 1803300K,  99% used [0x00007f3e870a0000, 0x00007f3ef4f93418, 0x00007f3ef4f93600, 0x00007f3ef51a9000)
 Metaspace       used 24206K, capacity 24629K, committed 24832K, reserved 26624K
}

