# JRE version: OpenJDK Runtime Environment (13.0.7+5) (build 13.0.7+5-Ubuntu-0ubuntu120.04)
# Java VM: OpenJDK 64-Bit Server VM (13.0.7+5-Ubuntu-0ubuntu120.04, mixed mode, tiered, serial gc, linux-amd64)
Heap:
 def new generation   total 4838464K, used 51051K [0x00007faed0400000, 0x00007fb018610000, 0x00007fb97aea0000)
  eden space 4300864K,   1% used [0x00007faed0400000, 0x00007faed35dac98, 0x00007fafd6c10000)
  from space 537600K,   0% used [0x00007fafd6c10000, 0x00007fafd6c10000, 0x00007faff7910000)
  to   space 537600K,   0% used [0x00007faff7910000, 0x00007faff7910000, 0x00007fb018610000)
 tenured generation   total 10768436K, used 10757331K [0x00007fb97aea0000, 0x00007fbc0c2ad000, 0x00007fced0400000)
   the space 10768436K,  99% used [0x00007fb97aea0000, 0x00007fbc0b7d4e78, 0x00007fbc0b7d5000, 0x00007fbc0c2ad000)
 Metaspace       used 24301K, capacity 24714K, committed 24832K, reserved 26624K
GC Heap History (20 events):
Event: 3118.040 GC heap after
{Heap after GC invocations=1864 (full 7):
 def new generation   total 4838464K, used 272872K [0x00007faed0400000, 0x00007fb018610000, 0x00007fb97aea0000)
  eden space 4300864K,   0% used [0x00007faed0400000, 0x00007faed0400000, 0x00007fafd6c10000)
  from space 537600K,  50% used [0x00007faff7910000, 0x00007fb00838a030, 0x00007fb018610000)
  to   space 537600K,   0% used [0x00007fafd6c10000, 0x00007fafd6c10000, 0x00007faff7910000)
 tenured generation   total 10752048K, used 10628760K [0x00007fb97aea0000, 0x00007fbc0b2ac000, 0x00007fced0400000)
   the space 10752048K,  98% used [0x00007fb97aea0000, 0x00007fbc03a46358, 0x00007fbc03a46400, 0x00007fbc0b2ac000)
 Metaspace       used 24301K, capacity 24714K, committed 24832K, reserved 26624K
}
Event: 3122.095 GC heap before
{Heap before GC invocations=1864 (full 7):
 def new generation   total 4838464K, used 4565605K [0x00007faed0400000, 0x00007fb018610000, 0x00007fb97aea0000)
  eden space 4300864K,  99% used [0x00007faed0400000, 0x00007fafd641f798, 0x00007fafd6c10000)
  from space 537600K,  50% used [0x00007faff7910000, 0x00007fb00838a030, 0x00007fb018610000)
  to   space 537600K,   0% used [0x00007fafd6c10000, 0x00007fafd6c10000, 0x00007faff7910000)
 tenured generation   total 10752048K, used 10628760K [0x00007fb97aea0000, 0x00007fbc0b2ac000, 0x00007fced0400000)
   the space 10752048K,  98% used [0x00007fb97aea0000, 0x00007fbc03a46358, 0x00007fbc03a46400, 0x00007fbc0b2ac000)
 Metaspace       used 24301K, capacity 24714K, committed 24832K, reserved 26624K
}
Event: 3122.282 GC heap after
{Heap after GC invocations=1865 (full 7):
 def new generation   total 4838464K, used 272338K [0x00007faed0400000, 0x00007fb018610000, 0x00007fb97aea0000)
  eden space 4300864K,   0% used [0x00007faed0400000, 0x00007faed0400000, 0x00007fafd6c10000)
  from space 537600K,  50% used [0x00007fafd6c10000, 0x00007fafe7604b48, 0x00007faff7910000)
  to   space 537600K,   0% used [0x00007faff7910000, 0x00007faff7910000, 0x00007fb018610000)
 tenured generation   total 10752048K, used 10645719K [0x00007fb97aea0000, 0x00007fbc0b2ac000, 0x00007fced0400000)
   the space 10752048K,  99% used [0x00007fb97aea0000, 0x00007fbc04ad5f60, 0x00007fbc04ad6000, 0x00007fbc0b2ac000)
 Metaspace       used 24301K, capacity 24714K, committed 24832K, reserved 26624K
}
Event: 3126.554 GC heap before
{Heap before GC invocations=1865 (full 7):
 def new generation   total 4838464K, used 4568825K [0x00007faed0400000, 0x00007fb018610000, 0x00007fb97aea0000)
  eden space 4300864K,  99% used [0x00007faed0400000, 0x00007fafd67c9990, 0x00007fafd6c10000)
  from space 537600K,  50% used [0x00007fafd6c10000, 0x00007fafe7604b48, 0x00007faff7910000)
  to   space 537600K,   0% used [0x00007faff7910000, 0x00007faff7910000, 0x00007fb018610000)
 tenured generation   total 10752048K, used 10645719K [0x00007fb97aea0000, 0x00007fbc0b2ac000, 0x00007fced0400000)
   the space 10752048K,  99% used [0x00007fb97aea0000, 0x00007fbc04ad5f60, 0x00007fbc04ad6000, 0x00007fbc0b2ac000)
 Metaspace       used 24301K, capacity 24714K, committed 24832K, reserved 26624K
}
Event: 3126.732 GC heap after
{Heap after GC invocations=1866 (full 7):
 def new generation   total 4838464K, used 271304K [0x00007faed0400000, 0x00007fb018610000, 0x00007fb97aea0000)
  eden space 4300864K,   0% used [0x00007faed0400000, 0x00007faed0400000, 0x00007fafd6c10000)
  from space 537600K,  50% used [0x00007faff7910000, 0x00007fb008202110, 0x00007fb018610000)
  to   space 537600K,   0% used [0x00007fafd6c10000, 0x00007fafd6c10000, 0x00007faff7910000)
 tenured generation   total 10752048K, used 10662680K [0x00007fb97aea0000, 0x00007fbc0b2ac000, 0x00007fced0400000)
   the space 10752048K,  99% used [0x00007fb97aea0000, 0x00007fbc05b66098, 0x00007fbc05b66200, 0x00007fbc0b2ac000)
 Metaspace       used 24301K, capacity 24714K, committed 24832K, reserved 26624K
}
Event: 3130.949 GC heap before
{Heap before GC invocations=1866 (full 7):
 def new generation   total 4838464K, used 4572168K [0x00007faed0400000, 0x00007fb018610000, 0x00007fb97aea0000)
  eden space 4300864K, 100% used [0x00007faed0400000, 0x00007fafd6c10000, 0x00007fafd6c10000)
  from space 537600K,  50% used [0x00007faff7910000, 0x00007fb008202110, 0x00007fb018610000)
  to   space 537600K,   0% used [0x00007fafd6c10000, 0x00007fafd6c10000, 0x00007faff7910000)
 tenured generation   total 10752048K, used 10662680K [0x00007fb97aea0000, 0x00007fbc0b2ac000, 0x00007fced0400000)
   the space 10752048K,  99% used [0x00007fb97aea0000, 0x00007fbc05b66098, 0x00007fbc05b66200, 0x00007fbc0b2ac000)
 Metaspace       used 24301K, capacity 24714K, committed 24832K, reserved 26624K
}
Event: 3131.125 GC heap after
{Heap after GC invocations=1867 (full 7):
 def new generation   total 4838464K, used 254369K [0x00007faed0400000, 0x00007fb018610000, 0x00007fb97aea0000)
  eden space 4300864K,   0% used [0x00007faed0400000, 0x00007faed0400000, 0x00007fafd6c10000)
  from space 537600K,  47% used [0x00007fafd6c10000, 0x00007fafe6478538, 0x00007faff7910000)
  to   space 537600K,   0% used [0x00007faff7910000, 0x00007faff7910000, 0x00007fb018610000)
 tenured generation   total 10752048K, used 10679639K [0x00007fb97aea0000, 0x00007fbc0b2ac000, 0x00007fced0400000)
   the space 10752048K,  99% used [0x00007fb97aea0000, 0x00007fbc06bf5ca0, 0x00007fbc06bf5e00, 0x00007fbc0b2ac000)
 Metaspace       used 24301K, capacity 24714K, committed 24832K, reserved 26624K
}
Event: 3135.392 GC heap before
{Heap before GC invocations=1867 (full 7):
 def new generation   total 4838464K, used 4555233K [0x00007faed0400000, 0x00007fb018610000, 0x00007fb97aea0000)
  eden space 4300864K, 100% used [0x00007faed0400000, 0x00007fafd6c10000, 0x00007fafd6c10000)
  from space 537600K,  47% used [0x00007fafd6c10000, 0x00007fafe6478538, 0x00007faff7910000)
  to   space 537600K,   0% used [0x00007faff7910000, 0x00007faff7910000, 0x00007fb018610000)
 tenured generation   total 10752048K, used 10679639K [0x00007fb97aea0000, 0x00007fbc0b2ac000, 0x00007fced0400000)
   the space 10752048K,  99% used [0x00007fb97aea0000, 0x00007fbc06bf5ca0, 0x00007fbc06bf5e00, 0x00007fbc0b2ac000)
 Metaspace       used 24301K, capacity 24714K, committed 24832K, reserved 26624K
}
Event: 3135.586 GC heap after
{Heap after GC invocations=1868 (full 7):
 def new generation   total 4838464K, used 254378K [0x00007faed0400000, 0x00007fb018610000, 0x00007fb97aea0000)
  eden space 4300864K,   0% used [0x00007faed0400000, 0x00007faed0400000, 0x00007fafd6c10000)
  from space 537600K,  47% used [0x00007faff7910000, 0x00007fb00717abf8, 0x00007fb018610000)
  to   space 537600K,   0% used [0x00007fafd6c10000, 0x00007fafd6c10000, 0x00007faff7910000)
 tenured generation   total 10752048K, used 10696598K [0x00007fb97aea0000, 0x00007fbc0b2ac000, 0x00007fced0400000)
   the space 10752048K,  99% used [0x00007fb97aea0000, 0x00007fbc07c858a8, 0x00007fbc07c85a00, 0x00007fbc0b2ac000)
 Metaspace       used 24301K, capacity 24714K, committed 24832K, reserved 26624K
}
Event: 3139.894 GC heap before
{Heap before GC invocations=1868 (full 7):
 def new generation   total 4838464K, used 4555242K [0x00007faed0400000, 0x00007fb018610000, 0x00007fb97aea0000)
  eden space 4300864K, 100% used [0x00007faed0400000, 0x00007fafd6c10000, 0x00007fafd6c10000)
  from space 537600K,  47% used [0x00007faff7910000, 0x00007fb00717abf8, 0x00007fb018610000)
  to   space 537600K,   0% used [0x00007fafd6c10000, 0x00007fafd6c10000, 0x00007faff7910000)
 tenured generation   total 10752048K, used 10696598K [0x00007fb97aea0000, 0x00007fbc0b2ac000, 0x00007fced0400000)
   the space 10752048K,  99% used [0x00007fb97aea0000, 0x00007fbc07c858a8, 0x00007fbc07c85a00, 0x00007fbc0b2ac000)
 Metaspace       used 24301K, capacity 24714K, committed 24832K, reserved 26624K
}
Event: 3140.080 GC heap after
{Heap after GC invocations=1869 (full 7):
 def new generation   total 4838464K, used 271321K [0x00007faed0400000, 0x00007fb018610000, 0x00007fb97aea0000)
  eden space 4300864K,   0% used [0x00007faed0400000, 0x00007faed0400000, 0x00007fafd6c10000)
  from space 537600K,  50% used [0x00007fafd6c10000, 0x00007fafe75064b8, 0x00007faff7910000)
  to   space 537600K,   0% used [0x00007faff7910000, 0x00007faff7910000, 0x00007fb018610000)
 tenured generation   total 10752048K, used 10696598K [0x00007fb97aea0000, 0x00007fbc0b2ac000, 0x00007fced0400000)
   the space 10752048K,  99% used [0x00007fb97aea0000, 0x00007fbc07c858a8, 0x00007fbc07c85a00, 0x00007fbc0b2ac000)
 Metaspace       used 24301K, capacity 24714K, committed 24832K, reserved 26624K
}
Event: 3144.606 GC heap before
{Heap before GC invocations=1869 (full 7):
 def new generation   total 4838464K, used 4572185K [0x00007faed0400000, 0x00007fb018610000, 0x00007fb97aea0000)
  eden space 4300864K, 100% used [0x00007faed0400000, 0x00007fafd6c10000, 0x00007fafd6c10000)
  from space 537600K,  50% used [0x00007fafd6c10000, 0x00007fafe75064b8, 0x00007faff7910000)
  to   space 537600K,   0% used [0x00007faff7910000, 0x00007faff7910000, 0x00007fb018610000)
 tenured generation   total 10752048K, used 10696598K [0x00007fb97aea0000, 0x00007fbc0b2ac000, 0x00007fced0400000)
   the space 10752048K,  99% used [0x00007fb97aea0000, 0x00007fbc07c858a8, 0x00007fbc07c85a00, 0x00007fbc0b2ac000)
 Metaspace       used 24301K, capacity 24714K, committed 24832K, reserved 26624K
}
Event: 3144.796 GC heap after
{Heap after GC invocations=1870 (full 7):
 def new generation   total 4838464K, used 271334K [0x00007faed0400000, 0x00007fb018610000, 0x00007fb97aea0000)
  eden space 4300864K,   0% used [0x00007faed0400000, 0x00007faed0400000, 0x00007fafd6c10000)
  from space 537600K,  50% used [0x00007faff7910000, 0x00007fb008209830, 0x00007fb018610000)
  to   space 537600K,   0% used [0x00007fafd6c10000, 0x00007fafd6c10000, 0x00007faff7910000)
 tenured generation   total 10752048K, used 10713557K [0x00007fb97aea0000, 0x00007fbc0b2ac000, 0x00007fced0400000)
   the space 10752048K,  99% used [0x00007fb97aea0000, 0x00007fbc08d154b0, 0x00007fbc08d15600, 0x00007fbc0b2ac000)
 Metaspace       used 24301K, capacity 24714K, committed 24832K, reserved 26624K
}
Event: 3149.145 GC heap before
{Heap before GC invocations=1870 (full 7):
 def new generation   total 4838464K, used 4572198K [0x00007faed0400000, 0x00007fb018610000, 0x00007fb97aea0000)
  eden space 4300864K, 100% used [0x00007faed0400000, 0x00007fafd6c10000, 0x00007fafd6c10000)
  from space 537600K,  50% used [0x00007faff7910000, 0x00007fb008209830, 0x00007fb018610000)
  to   space 537600K,   0% used [0x00007fafd6c10000, 0x00007fafd6c10000, 0x00007faff7910000)
 tenured generation   total 10752048K, used 10713557K [0x00007fb97aea0000, 0x00007fbc0b2ac000, 0x00007fced0400000)
   the space 10752048K,  99% used [0x00007fb97aea0000, 0x00007fbc08d154b0, 0x00007fbc08d15600, 0x00007fbc0b2ac000)
 Metaspace       used 24301K, capacity 24714K, committed 24832K, reserved 26624K
}
Event: 3149.327 GC heap after
{Heap after GC invocations=1871 (full 7):
 def new generation   total 4838464K, used 269798K [0x00007faed0400000, 0x00007fb018610000, 0x00007fb97aea0000)
  eden space 4300864K,   0% used [0x00007faed0400000, 0x00007faed0400000, 0x00007fafd6c10000)
  from space 537600K,  50% used [0x00007fafd6c10000, 0x00007fafe73898e8, 0x00007faff7910000)
  to   space 537600K,   0% used [0x00007faff7910000, 0x00007faff7910000, 0x00007fb018610000)
 tenured generation   total 10752048K, used 10730516K [0x00007fb97aea0000, 0x00007fbc0b2ac000, 0x00007fced0400000)
   the space 10752048K,  99% used [0x00007fb97aea0000, 0x00007fbc09da51a0, 0x00007fbc09da5200, 0x00007fbc0b2ac000)
 Metaspace       used 24301K, capacity 24714K, committed 24832K, reserved 26624K
}
Event: 3153.622 GC heap before
{Heap before GC invocations=1871 (full 7):
 def new generation   total 4838464K, used 4570662K [0x00007faed0400000, 0x00007fb018610000, 0x00007fb97aea0000)
  eden space 4300864K, 100% used [0x00007faed0400000, 0x00007fafd6c10000, 0x00007fafd6c10000)
  from space 537600K,  50% used [0x00007fafd6c10000, 0x00007fafe73898e8, 0x00007faff7910000)
  to   space 537600K,   0% used [0x00007faff7910000, 0x00007faff7910000, 0x00007fb018610000)
 tenured generation   total 10752048K, used 10730516K [0x00007fb97aea0000, 0x00007fbc0b2ac000, 0x00007fced0400000)
   the space 10752048K,  99% used [0x00007fb97aea0000, 0x00007fbc09da51a0, 0x00007fbc09da5200, 0x00007fbc0b2ac000)
 Metaspace       used 24301K, capacity 24714K, committed 24832K, reserved 26624K
}
Event: 3153.861 GC heap after
{Heap after GC invocations=1872 (full 7):
 def new generation   total 4838464K, used 269271K [0x00007faed0400000, 0x00007fb018610000, 0x00007fb97aea0000)
  eden space 4300864K,   0% used [0x00007faed0400000, 0x00007faed0400000, 0x00007fafd6c10000)
  from space 537600K,  50% used [0x00007faff7910000, 0x00007fb008005cf8, 0x00007fb018610000)
  to   space 537600K,   0% used [0x00007fafd6c10000, 0x00007fafd6c10000, 0x00007faff7910000)
 tenured generation   total 10752048K, used 10747475K [0x00007fb97aea0000, 0x00007fbc0b2ac000, 0x00007fced0400000)
   the space 10752048K,  99% used [0x00007fb97aea0000, 0x00007fbc0ae34d18, 0x00007fbc0ae34e00, 0x00007fbc0b2ac000)
 Metaspace       used 24301K, capacity 24714K, committed 24832K, reserved 26624K
}
Event: 3158.172 GC heap before
{Heap before GC invocations=1872 (full 7):
 def new generation   total 4838464K, used 4570135K [0x00007faed0400000, 0x00007fb018610000, 0x00007fb97aea0000)
  eden space 4300864K, 100% used [0x00007faed0400000, 0x00007fafd6c10000, 0x00007fafd6c10000)
  from space 537600K,  50% used [0x00007faff7910000, 0x00007fb008005cf8, 0x00007fb018610000)
  to   space 537600K,   0% used [0x00007fafd6c10000, 0x00007fafd6c10000, 0x00007faff7910000)
 tenured generation   total 10752048K, used 10747475K [0x00007fb97aea0000, 0x00007fbc0b2ac000, 0x00007fced0400000)
   the space 10752048K,  99% used [0x00007fb97aea0000, 0x00007fbc0ae34d18, 0x00007fbc0ae34e00, 0x00007fbc0b2ac000)
 Metaspace       used 24301K, capacity 24714K, committed 24832K, reserved 26624K
}
Event: 3158.434 GC heap after
{Heap after GC invocations=1873 (full 7):
 def new generation   total 4838464K, used 268256K [0x00007faed0400000, 0x00007fb018610000, 0x00007fb97aea0000)
  eden space 4300864K,   0% used [0x00007faed0400000, 0x00007faed0400000, 0x00007fafd6c10000)
  from space 537600K,  49% used [0x00007fafd6c10000, 0x00007fafe72082a0, 0x00007faff7910000)
  to   space 537600K,   0% used [0x00007faff7910000, 0x00007faff7910000, 0x00007fb018610000)
 tenured generation   total 10768436K, used 10764434K [0x00007fb97aea0000, 0x00007fbc0c2ad000, 0x00007fced0400000)
   the space 10768436K,  99% used [0x00007fb97aea0000, 0x00007fbc0bec4890, 0x00007fbc0bec4a00, 0x00007fbc0c2ad000)
 Metaspace       used 24301K, capacity 24714K, committed 24832K, reserved 26624K
}
Event: 3158.434 GC heap before
{Heap before GC invocations=1873 (full 7):
 def new generation   total 4838464K, used 268256K [0x00007faed0400000, 0x00007fb018610000, 0x00007fb97aea0000)
  eden space 4300864K,   0% used [0x00007faed0400000, 0x00007faed0400000, 0x00007fafd6c10000)
  from space 537600K,  49% used [0x00007fafd6c10000, 0x00007fafe72082a0, 0x00007faff7910000)
  to   space 537600K,   0% used [0x00007faff7910000, 0x00007faff7910000, 0x00007fb018610000)
 tenured generation   total 10768436K, used 10764434K [0x00007fb97aea0000, 0x00007fbc0c2ad000, 0x00007fced0400000)
   the space 10768436K,  99% used [0x00007fb97aea0000, 0x00007fbc0bec4890, 0x00007fbc0bec4a00, 0x00007fbc0c2ad000)
 Metaspace       used 24301K, capacity 24714K, committed 24832K, reserved 26624K
}

