# JRE version: OpenJDK Runtime Environment (13.0.7+5) (build 13.0.7+5-Ubuntu-0ubuntu120.04)
# Java VM: OpenJDK 64-Bit Server VM (13.0.7+5-Ubuntu-0ubuntu120.04, mixed mode, tiered, serial gc, linux-amd64)
Heap:
 def new generation   total 2861248K, used 98641K [0x00007f2320600000, 0x00007f23e26a0000, 0x00007f2dcb0a0000)
  eden space 2543360K,   3% used [0x00007f2320600000, 0x00007f2326654728, 0x00007f23bb9c0000)
  from space 317888K,   0% used [0x00007f23bb9c0000, 0x00007f23bb9c0000, 0x00007f23cf030000)
  to   space 317888K,   0% used [0x00007f23cf030000, 0x00007f23cf030000, 0x00007f23e26a0000)
 tenured generation   total 6374628K, used 6374370K [0x00007f2dcb0a0000, 0x00007f2f501d9000, 0x00007f4320600000)
   the space 6374628K,  99% used [0x00007f2dcb0a0000, 0x00007f2f501988a0, 0x00007f2f50198a00, 0x00007f2f501d9000)
 Metaspace       used 24286K, capacity 24696K, committed 24832K, reserved 26624K
GC Heap History (20 events):
Event: 3242.621 GC heap after
{Heap after GC invocations=2500 (full 6):
 def new generation   total 2861248K, used 101759K [0x00007f2320600000, 0x00007f23e26a0000, 0x00007f2dcb0a0000)
  eden space 2543360K,   0% used [0x00007f2320600000, 0x00007f2320600000, 0x00007f23bb9c0000)
  from space 317888K,  32% used [0x00007f23cf030000, 0x00007f23d538ffd8, 0x00007f23e26a0000)
  to   space 317888K,   0% used [0x00007f23bb9c0000, 0x00007f23bb9c0000, 0x00007f23cf030000)
 tenured generation   total 6358240K, used 6320378K [0x00007f2dcb0a0000, 0x00007f2f4f1d8000, 0x00007f4320600000)
   the space 6358240K,  99% used [0x00007f2dcb0a0000, 0x00007f2f4ccde9a8, 0x00007f2f4ccdea00, 0x00007f2f4f1d8000)
 Metaspace       used 24286K, capacity 24696K, committed 24832K, reserved 26624K
}
Event: 3245.246 GC heap before
{Heap before GC invocations=2500 (full 6):
 def new generation   total 2861248K, used 2645119K [0x00007f2320600000, 0x00007f23e26a0000, 0x00007f2dcb0a0000)
  eden space 2543360K, 100% used [0x00007f2320600000, 0x00007f23bb9c0000, 0x00007f23bb9c0000)
  from space 317888K,  32% used [0x00007f23cf030000, 0x00007f23d538ffd8, 0x00007f23e26a0000)
  to   space 317888K,   0% used [0x00007f23bb9c0000, 0x00007f23bb9c0000, 0x00007f23cf030000)
 tenured generation   total 6358240K, used 6320378K [0x00007f2dcb0a0000, 0x00007f2f4f1d8000, 0x00007f4320600000)
   the space 6358240K,  99% used [0x00007f2dcb0a0000, 0x00007f2f4ccde9a8, 0x00007f2f4ccdea00, 0x00007f2f4f1d8000)
 Metaspace       used 24286K, capacity 24696K, committed 24832K, reserved 26624K
}
Event: 3245.302 GC heap after
{Heap after GC invocations=2501 (full 6):
 def new generation   total 2861248K, used 107433K [0x00007f2320600000, 0x00007f23e26a0000, 0x00007f2dcb0a0000)
  eden space 2543360K,   0% used [0x00007f2320600000, 0x00007f2320600000, 0x00007f23bb9c0000)
  from space 317888K,  33% used [0x00007f23bb9c0000, 0x00007f23c22aa5e8, 0x00007f23cf030000)
  to   space 317888K,   0% used [0x00007f23cf030000, 0x00007f23cf030000, 0x00007f23e26a0000)
 tenured generation   total 6358240K, used 6320378K [0x00007f2dcb0a0000, 0x00007f2f4f1d8000, 0x00007f4320600000)
   the space 6358240K,  99% used [0x00007f2dcb0a0000, 0x00007f2f4ccde9a8, 0x00007f2f4ccdea00, 0x00007f2f4f1d8000)
 Metaspace       used 24286K, capacity 24696K, committed 24832K, reserved 26624K
}
Event: 3247.429 GC heap before
{Heap before GC invocations=2501 (full 6):
 def new generation   total 2861248K, used 2650793K [0x00007f2320600000, 0x00007f23e26a0000, 0x00007f2dcb0a0000)
  eden space 2543360K, 100% used [0x00007f2320600000, 0x00007f23bb9c0000, 0x00007f23bb9c0000)
  from space 317888K,  33% used [0x00007f23bb9c0000, 0x00007f23c22aa5e8, 0x00007f23cf030000)
  to   space 317888K,   0% used [0x00007f23cf030000, 0x00007f23cf030000, 0x00007f23e26a0000)
 tenured generation   total 6358240K, used 6320378K [0x00007f2dcb0a0000, 0x00007f2f4f1d8000, 0x00007f4320600000)
   the space 6358240K,  99% used [0x00007f2dcb0a0000, 0x00007f2f4ccde9a8, 0x00007f2f4ccdea00, 0x00007f2f4f1d8000)
 Metaspace       used 24286K, capacity 24696K, committed 24832K, reserved 26624K
}
Event: 3247.526 GC heap after
{Heap after GC invocations=2502 (full 6):
 def new generation   total 2861248K, used 99719K [0x00007f2320600000, 0x00007f23e26a0000, 0x00007f2dcb0a0000)
  eden space 2543360K,   0% used [0x00007f2320600000, 0x00007f2320600000, 0x00007f23bb9c0000)
  from space 317888K,  31% used [0x00007f23cf030000, 0x00007f23d5191cf0, 0x00007f23e26a0000)
  to   space 317888K,   0% used [0x00007f23bb9c0000, 0x00007f23bb9c0000, 0x00007f23cf030000)
 tenured generation   total 6358240K, used 6337338K [0x00007f2dcb0a0000, 0x00007f2f4f1d8000, 0x00007f4320600000)
   the space 6358240K,  99% used [0x00007f2dcb0a0000, 0x00007f2f4dd6e9a0, 0x00007f2f4dd6ea00, 0x00007f2f4f1d8000)
 Metaspace       used 24286K, capacity 24696K, committed 24832K, reserved 26624K
}
Event: 3249.506 GC heap before
{Heap before GC invocations=2502 (full 6):
 def new generation   total 2861248K, used 2643079K [0x00007f2320600000, 0x00007f23e26a0000, 0x00007f2dcb0a0000)
  eden space 2543360K, 100% used [0x00007f2320600000, 0x00007f23bb9c0000, 0x00007f23bb9c0000)
  from space 317888K,  31% used [0x00007f23cf030000, 0x00007f23d5191cf0, 0x00007f23e26a0000)
  to   space 317888K,   0% used [0x00007f23bb9c0000, 0x00007f23bb9c0000, 0x00007f23cf030000)
 tenured generation   total 6358240K, used 6337338K [0x00007f2dcb0a0000, 0x00007f2f4f1d8000, 0x00007f4320600000)
   the space 6358240K,  99% used [0x00007f2dcb0a0000, 0x00007f2f4dd6e9a0, 0x00007f2f4dd6ea00, 0x00007f2f4f1d8000)
 Metaspace       used 24286K, capacity 24696K, committed 24832K, reserved 26624K
}
Event: 3249.567 GC heap after
{Heap after GC invocations=2503 (full 6):
 def new generation   total 2861248K, used 101766K [0x00007f2320600000, 0x00007f23e26a0000, 0x00007f2dcb0a0000)
  eden space 2543360K,   0% used [0x00007f2320600000, 0x00007f2320600000, 0x00007f23bb9c0000)
  from space 317888K,  32% used [0x00007f23bb9c0000, 0x00007f23c1d21a98, 0x00007f23cf030000)
  to   space 317888K,   0% used [0x00007f23cf030000, 0x00007f23cf030000, 0x00007f23e26a0000)
 tenured generation   total 6358240K, used 6337338K [0x00007f2dcb0a0000, 0x00007f2f4f1d8000, 0x00007f4320600000)
   the space 6358240K,  99% used [0x00007f2dcb0a0000, 0x00007f2f4dd6e9a0, 0x00007f2f4dd6ea00, 0x00007f2f4f1d8000)
 Metaspace       used 24286K, capacity 24696K, committed 24832K, reserved 26624K
}
Event: 3252.026 GC heap before
{Heap before GC invocations=2503 (full 6):
 def new generation   total 2861248K, used 2645126K [0x00007f2320600000, 0x00007f23e26a0000, 0x00007f2dcb0a0000)
  eden space 2543360K, 100% used [0x00007f2320600000, 0x00007f23bb9c0000, 0x00007f23bb9c0000)
  from space 317888K,  32% used [0x00007f23bb9c0000, 0x00007f23c1d21a98, 0x00007f23cf030000)
  to   space 317888K,   0% used [0x00007f23cf030000, 0x00007f23cf030000, 0x00007f23e26a0000)
 tenured generation   total 6358240K, used 6337338K [0x00007f2dcb0a0000, 0x00007f2f4f1d8000, 0x00007f4320600000)
   the space 6358240K,  99% used [0x00007f2dcb0a0000, 0x00007f2f4dd6e9a0, 0x00007f2f4dd6ea00, 0x00007f2f4f1d8000)
 Metaspace       used 24286K, capacity 24696K, committed 24832K, reserved 26624K
}
Event: 3252.091 GC heap after
{Heap after GC invocations=2504 (full 6):
 def new generation   total 2861248K, used 105371K [0x00007f2320600000, 0x00007f23e26a0000, 0x00007f2dcb0a0000)
  eden space 2543360K,   0% used [0x00007f2320600000, 0x00007f2320600000, 0x00007f23bb9c0000)
  from space 317888K,  33% used [0x00007f23cf030000, 0x00007f23d5716fb8, 0x00007f23e26a0000)
  to   space 317888K,   0% used [0x00007f23bb9c0000, 0x00007f23bb9c0000, 0x00007f23cf030000)
 tenured generation   total 6358240K, used 6337338K [0x00007f2dcb0a0000, 0x00007f2f4f1d8000, 0x00007f4320600000)
   the space 6358240K,  99% used [0x00007f2dcb0a0000, 0x00007f2f4dd6e9a0, 0x00007f2f4dd6ea00, 0x00007f2f4f1d8000)
 Metaspace       used 24286K, capacity 24696K, committed 24832K, reserved 26624K
}
Event: 3254.495 GC heap before
{Heap before GC invocations=2504 (full 6):
 def new generation   total 2861248K, used 2648731K [0x00007f2320600000, 0x00007f23e26a0000, 0x00007f2dcb0a0000)
  eden space 2543360K, 100% used [0x00007f2320600000, 0x00007f23bb9c0000, 0x00007f23bb9c0000)
  from space 317888K,  33% used [0x00007f23cf030000, 0x00007f23d5716fb8, 0x00007f23e26a0000)
  to   space 317888K,   0% used [0x00007f23bb9c0000, 0x00007f23bb9c0000, 0x00007f23cf030000)
 tenured generation   total 6358240K, used 6337338K [0x00007f2dcb0a0000, 0x00007f2f4f1d8000, 0x00007f4320600000)
   the space 6358240K,  99% used [0x00007f2dcb0a0000, 0x00007f2f4dd6e9a0, 0x00007f2f4dd6ea00, 0x00007f2f4f1d8000)
 Metaspace       used 24286K, capacity 24696K, committed 24832K, reserved 26624K
}
Event: 3254.563 GC heap after
{Heap after GC invocations=2505 (full 6):
 def new generation   total 2861248K, used 115651K [0x00007f2320600000, 0x00007f23e26a0000, 0x00007f2dcb0a0000)
  eden space 2543360K,   0% used [0x00007f2320600000, 0x00007f2320600000, 0x00007f23bb9c0000)
  from space 317888K,  36% used [0x00007f23bb9c0000, 0x00007f23c2ab0d10, 0x00007f23cf030000)
  to   space 317888K,   0% used [0x00007f23cf030000, 0x00007f23cf030000, 0x00007f23e26a0000)
 tenured generation   total 6358240K, used 6337338K [0x00007f2dcb0a0000, 0x00007f2f4f1d8000, 0x00007f4320600000)
   the space 6358240K,  99% used [0x00007f2dcb0a0000, 0x00007f2f4dd6e9a0, 0x00007f2f4dd6ea00, 0x00007f2f4f1d8000)
 Metaspace       used 24286K, capacity 24696K, committed 24832K, reserved 26624K
}
Event: 3256.738 GC heap before
{Heap before GC invocations=2505 (full 6):
 def new generation   total 2861248K, used 2659011K [0x00007f2320600000, 0x00007f23e26a0000, 0x00007f2dcb0a0000)
  eden space 2543360K, 100% used [0x00007f2320600000, 0x00007f23bb9c0000, 0x00007f23bb9c0000)
  from space 317888K,  36% used [0x00007f23bb9c0000, 0x00007f23c2ab0d10, 0x00007f23cf030000)
  to   space 317888K,   0% used [0x00007f23cf030000, 0x00007f23cf030000, 0x00007f23e26a0000)
 tenured generation   total 6358240K, used 6337338K [0x00007f2dcb0a0000, 0x00007f2f4f1d8000, 0x00007f4320600000)
   the space 6358240K,  99% used [0x00007f2dcb0a0000, 0x00007f2f4dd6e9a0, 0x00007f2f4dd6ea00, 0x00007f2f4f1d8000)
 Metaspace       used 24286K, capacity 24696K, committed 24832K, reserved 26624K
}
Event: 3256.871 GC heap after
{Heap after GC invocations=2506 (full 6):
 def new generation   total 2861248K, used 101762K [0x00007f2320600000, 0x00007f23e26a0000, 0x00007f2dcb0a0000)
  eden space 2543360K,   0% used [0x00007f2320600000, 0x00007f2320600000, 0x00007f23bb9c0000)
  from space 317888K,  32% used [0x00007f23cf030000, 0x00007f23d53908a8, 0x00007f23e26a0000)
  to   space 317888K,   0% used [0x00007f23bb9c0000, 0x00007f23bb9c0000, 0x00007f23cf030000)
 tenured generation   total 6358240K, used 6354298K [0x00007f2dcb0a0000, 0x00007f2f4f1d8000, 0x00007f4320600000)
   the space 6358240K,  99% used [0x00007f2dcb0a0000, 0x00007f2f4edfe998, 0x00007f2f4edfea00, 0x00007f2f4f1d8000)
 Metaspace       used 24286K, capacity 24696K, committed 24832K, reserved 26624K
}
Event: 3259.067 GC heap before
{Heap before GC invocations=2506 (full 6):
 def new generation   total 2861248K, used 2644611K [0x00007f2320600000, 0x00007f23e26a0000, 0x00007f2dcb0a0000)
  eden space 2543360K,  99% used [0x00007f2320600000, 0x00007f23bb940428, 0x00007f23bb9c0000)
  from space 317888K,  32% used [0x00007f23cf030000, 0x00007f23d53908a8, 0x00007f23e26a0000)
  to   space 317888K,   0% used [0x00007f23bb9c0000, 0x00007f23bb9c0000, 0x00007f23cf030000)
 tenured generation   total 6358240K, used 6354298K [0x00007f2dcb0a0000, 0x00007f2f4f1d8000, 0x00007f4320600000)
   the space 6358240K,  99% used [0x00007f2dcb0a0000, 0x00007f2f4edfe998, 0x00007f2f4edfea00, 0x00007f2f4f1d8000)
 Metaspace       used 24286K, capacity 24696K, committed 24832K, reserved 26624K
}
Event: 3259.147 GC heap after
{Heap after GC invocations=2507 (full 6):
 def new generation   total 2861248K, used 103824K [0x00007f2320600000, 0x00007f23e26a0000, 0x00007f2dcb0a0000)
  eden space 2543360K,   0% used [0x00007f2320600000, 0x00007f2320600000, 0x00007f23bb9c0000)
  from space 317888K,  32% used [0x00007f23bb9c0000, 0x00007f23c1f240e8, 0x00007f23cf030000)
  to   space 317888K,   0% used [0x00007f23cf030000, 0x00007f23cf030000, 0x00007f23e26a0000)
 tenured generation   total 6358240K, used 6354298K [0x00007f2dcb0a0000, 0x00007f2f4f1d8000, 0x00007f4320600000)
   the space 6358240K,  99% used [0x00007f2dcb0a0000, 0x00007f2f4edfe998, 0x00007f2f4edfea00, 0x00007f2f4f1d8000)
 Metaspace       used 24286K, capacity 24696K, committed 24832K, reserved 26624K
}
Event: 3261.530 GC heap before
{Heap before GC invocations=2507 (full 6):
 def new generation   total 2861248K, used 2647184K [0x00007f2320600000, 0x00007f23e26a0000, 0x00007f2dcb0a0000)
  eden space 2543360K, 100% used [0x00007f2320600000, 0x00007f23bb9c0000, 0x00007f23bb9c0000)
  from space 317888K,  32% used [0x00007f23bb9c0000, 0x00007f23c1f240e8, 0x00007f23cf030000)
  to   space 317888K,   0% used [0x00007f23cf030000, 0x00007f23cf030000, 0x00007f23e26a0000)
 tenured generation   total 6358240K, used 6354298K [0x00007f2dcb0a0000, 0x00007f2f4f1d8000, 0x00007f4320600000)
   the space 6358240K,  99% used [0x00007f2dcb0a0000, 0x00007f2f4edfe998, 0x00007f2f4edfea00, 0x00007f2f4f1d8000)
 Metaspace       used 24286K, capacity 24696K, committed 24832K, reserved 26624K
}
Event: 3261.601 GC heap after
{Heap after GC invocations=2508 (full 6):
 def new generation   total 2861248K, used 112053K [0x00007f2320600000, 0x00007f23e26a0000, 0x00007f2dcb0a0000)
  eden space 2543360K,   0% used [0x00007f2320600000, 0x00007f2320600000, 0x00007f23bb9c0000)
  from space 317888K,  35% used [0x00007f23cf030000, 0x00007f23d5d9d418, 0x00007f23e26a0000)
  to   space 317888K,   0% used [0x00007f23bb9c0000, 0x00007f23bb9c0000, 0x00007f23cf030000)
 tenured generation   total 6358240K, used 6354298K [0x00007f2dcb0a0000, 0x00007f2f4f1d8000, 0x00007f4320600000)
   the space 6358240K,  99% used [0x00007f2dcb0a0000, 0x00007f2f4edfe998, 0x00007f2f4edfea00, 0x00007f2f4f1d8000)
 Metaspace       used 24286K, capacity 24696K, committed 24832K, reserved 26624K
}
Event: 3263.849 GC heap before
{Heap before GC invocations=2508 (full 6):
 def new generation   total 2861248K, used 2655413K [0x00007f2320600000, 0x00007f23e26a0000, 0x00007f2dcb0a0000)
  eden space 2543360K, 100% used [0x00007f2320600000, 0x00007f23bb9c0000, 0x00007f23bb9c0000)
  from space 317888K,  35% used [0x00007f23cf030000, 0x00007f23d5d9d418, 0x00007f23e26a0000)
  to   space 317888K,   0% used [0x00007f23bb9c0000, 0x00007f23bb9c0000, 0x00007f23cf030000)
 tenured generation   total 6358240K, used 6354298K [0x00007f2dcb0a0000, 0x00007f2f4f1d8000, 0x00007f4320600000)
   the space 6358240K,  99% used [0x00007f2dcb0a0000, 0x00007f2f4edfe998, 0x00007f2f4edfea00, 0x00007f2f4f1d8000)
 Metaspace       used 24286K, capacity 24696K, committed 24832K, reserved 26624K
}
Event: 3263.945 GC heap after
{Heap after GC invocations=2509 (full 6):
 def new generation   total 2861248K, used 101753K [0x00007f2320600000, 0x00007f23e26a0000, 0x00007f2dcb0a0000)
  eden space 2543360K,   0% used [0x00007f2320600000, 0x00007f2320600000, 0x00007f23bb9c0000)
  from space 317888K,  32% used [0x00007f23bb9c0000, 0x00007f23c1d1e638, 0x00007f23cf030000)
  to   space 317888K,   0% used [0x00007f23cf030000, 0x00007f23cf030000, 0x00007f23e26a0000)
 tenured generation   total 6374628K, used 6371258K [0x00007f2dcb0a0000, 0x00007f2f501d9000, 0x00007f4320600000)
   the space 6374628K,  99% used [0x00007f2dcb0a0000, 0x00007f2f4fe8e990, 0x00007f2f4fe8ea00, 0x00007f2f501d9000)
 Metaspace       used 24286K, capacity 24696K, committed 24832K, reserved 26624K
}
Event: 3263.945 GC heap before
{Heap before GC invocations=2509 (full 6):
 def new generation   total 2861248K, used 101753K [0x00007f2320600000, 0x00007f23e26a0000, 0x00007f2dcb0a0000)
  eden space 2543360K,   0% used [0x00007f2320600000, 0x00007f2320600000, 0x00007f23bb9c0000)
  from space 317888K,  32% used [0x00007f23bb9c0000, 0x00007f23c1d1e638, 0x00007f23cf030000)
  to   space 317888K,   0% used [0x00007f23cf030000, 0x00007f23cf030000, 0x00007f23e26a0000)
 tenured generation   total 6374628K, used 6371258K [0x00007f2dcb0a0000, 0x00007f2f501d9000, 0x00007f4320600000)
   the space 6374628K,  99% used [0x00007f2dcb0a0000, 0x00007f2f4fe8e990, 0x00007f2f4fe8ea00, 0x00007f2f501d9000)
 Metaspace       used 24286K, capacity 24696K, committed 24832K, reserved 26624K
}

