# JRE version: OpenJDK Runtime Environment (13.0.7+5) (build 13.0.7+5-Ubuntu-0ubuntu120.04)
# Java VM: OpenJDK 64-Bit Server VM (13.0.7+5-Ubuntu-0ubuntu120.04, mixed mode, tiered, serial gc, linux-amd64)
Heap:
 def new generation   total 12590208K, used 8606798K [0x00007f0e1c600000, 0x00007f1172330000, 0x00007f1371b50000)
  eden space 11191360K,  76% used [0x00007f0e1c600000, 0x00007f1029b13998, 0x00007f10c7710000)
  from space 1398848K,   0% used [0x00007f10c7710000, 0x00007f10c7710250, 0x00007f111cd20000)
  to   space 1398848K,   0% used [0x00007f111cd20000, 0x00007f111cd20370, 0x00007f1172330000)
 tenured generation   total 32172304K, used 29370717K [0x00007f1371b50000, 0x00007f1b1d594000, 0x00007f1e1c600000)
   the space 32172304K,  91% used [0x00007f1371b50000, 0x00007f1a725a7440, 0x00007f1a725a7600, 0x00007f1b1d594000)
 Metaspace       used 23333K, capacity 23739K, committed 23808K, reserved 24576K
GC Heap History (20 events):
Event: 104.141 GC heap after
{Heap after GC invocations=17 (full 8):
 def new generation   total 12590208K, used 0K [0x00007f0e1c600000, 0x00007f1172330000, 0x00007f1371b50000)
  eden space 11191360K,   0% used [0x00007f0e1c600000, 0x00007f0e1c600000, 0x00007f10c7710000)
  from space 1398848K,   0% used [0x00007f111cd20000, 0x00007f111cd20158, 0x00007f1172330000)
  to   space 1398848K,   0% used [0x00007f10c7710000, 0x00007f10c7710000, 0x00007f111cd20000)
 tenured generation   total 27977996K, used 25175405K [0x00007f1371b50000, 0x00007f1a1d593000, 0x00007f1e1c600000)
   the space 27977996K,  89% used [0x00007f1371b50000, 0x00007f19724ab590, 0x00007f19724ab600, 0x00007f1a1d593000)
 Metaspace       used 23307K, capacity 23735K, committed 23808K, reserved 24576K
}
Event: 107.879 GC heap before
{Heap before GC invocations=17 (full 8):
 def new generation   total 12590208K, used 8606700K [0x00007f0e1c600000, 0x00007f1172330000, 0x00007f1371b50000)
  eden space 11191360K,  76% used [0x00007f0e1c600000, 0x00007f1029afb0a8, 0x00007f10c7710000)
  from space 1398848K,   0% used [0x00007f111cd20000, 0x00007f111cd20158, 0x00007f1172330000)
  to   space 1398848K,   0% used [0x00007f10c7710000, 0x00007f10c7710000, 0x00007f111cd20000)
 tenured generation   total 27977996K, used 25175405K [0x00007f1371b50000, 0x00007f1a1d593000, 0x00007f1e1c600000)
   the space 27977996K,  89% used [0x00007f1371b50000, 0x00007f19724ab590, 0x00007f19724ab600, 0x00007f1a1d593000)
 Metaspace       used 23307K, capacity 23735K, committed 23808K, reserved 24576K
}
Event: 111.708 GC heap after
{Heap after GC invocations=18 (full 8):
 def new generation   total 12590208K, used 1K [0x00007f0e1c600000, 0x00007f1172330000, 0x00007f1371b50000)
  eden space 11191360K,   0% used [0x00007f0e1c600000, 0x00007f0e1c600000, 0x00007f10c7710000)
  from space 1398848K,   0% used [0x00007f10c7710000, 0x00007f10c7710430, 0x00007f111cd20000)
  to   space 1398848K,   0% used [0x00007f111cd20000, 0x00007f111cd20000, 0x00007f1172330000)
 tenured generation   total 36366612K, used 33564013K [0x00007f1371b50000, 0x00007f1c1d595000, 0x00007f1e1c600000)
   the space 36366612K,  92% used [0x00007f1371b50000, 0x00007f1b724ab5c0, 0x00007f1b724ab600, 0x00007f1c1d595000)
 Metaspace       used 23307K, capacity 23735K, committed 23808K, reserved 24576K
}
Event: 111.708 GC heap before
{Heap before GC invocations=18 (full 8):
 def new generation   total 12590208K, used 1K [0x00007f0e1c600000, 0x00007f1172330000, 0x00007f1371b50000)
  eden space 11191360K,   0% used [0x00007f0e1c600000, 0x00007f0e1c600000, 0x00007f10c7710000)
  from space 1398848K,   0% used [0x00007f10c7710000, 0x00007f10c7710430, 0x00007f111cd20000)
  to   space 1398848K,   0% used [0x00007f111cd20000, 0x00007f111cd20000, 0x00007f1172330000)
 tenured generation   total 36366612K, used 33564013K [0x00007f1371b50000, 0x00007f1c1d595000, 0x00007f1e1c600000)
   the space 36366612K,  92% used [0x00007f1371b50000, 0x00007f1b724ab5c0, 0x00007f1b724ab600, 0x00007f1c1d595000)
 Metaspace       used 23307K, capacity 23735K, committed 23808K, reserved 24576K
}
Event: 113.063 GC heap after
{Heap after GC invocations=18 (full 9):
 def new generation   total 12590208K, used 0K [0x00007f0e1c600000, 0x00007f1172330000, 0x00007f1371b50000)
  eden space 11191360K,   0% used [0x00007f0e1c600000, 0x00007f0e1c600000, 0x00007f10c7710000)
  from space 1398848K,   0% used [0x00007f10c7710000, 0x00007f10c7710000, 0x00007f111cd20000)
  to   space 1398848K,   0% used [0x00007f111cd20000, 0x00007f111cd20000, 0x00007f1172330000)
 tenured generation   total 27977996K, used 8398189K [0x00007f1371b50000, 0x00007f1a1d593000, 0x00007f1e1c600000)
   the space 27977996K,  30% used [0x00007f1371b50000, 0x00007f15724ab550, 0x00007f15724ab600, 0x00007f1a1d593000)
 Metaspace       used 23307K, capacity 23735K, committed 23808K, reserved 24576K
}
Event: 117.489 GC heap before
{Heap before GC invocations=18 (full 9):
 def new generation   total 12590208K, used 6849106K [0x00007f0e1c600000, 0x00007f1172330000, 0x00007f1371b50000)
  eden space 11191360K,  61% used [0x00007f0e1c600000, 0x00007f0fbe694a38, 0x00007f10c7710000)
  from space 1398848K,   0% used [0x00007f10c7710000, 0x00007f10c7710000, 0x00007f111cd20000)
  to   space 1398848K,   0% used [0x00007f111cd20000, 0x00007f111cd20000, 0x00007f1172330000)
 tenured generation   total 27977996K, used 8398189K [0x00007f1371b50000, 0x00007f1a1d593000, 0x00007f1e1c600000)
   the space 27977996K,  30% used [0x00007f1371b50000, 0x00007f15724ab550, 0x00007f15724ab600, 0x00007f1a1d593000)
 Metaspace       used 23333K, capacity 23739K, committed 23808K, reserved 24576K
}
Event: 117.797 GC heap after
{Heap after GC invocations=19 (full 9):
 def new generation   total 12590208K, used 665129K [0x00007f0e1c600000, 0x00007f1172330000, 0x00007f1371b50000)
  eden space 11191360K,   0% used [0x00007f0e1c600000, 0x00007f0e1c600000, 0x00007f10c7710000)
  from space 1398848K,  47% used [0x00007f111cd20000, 0x00007f11456aa608, 0x00007f1172330000)
  to   space 1398848K,   0% used [0x00007f10c7710000, 0x00007f10c7710000, 0x00007f111cd20000)
 tenured generation   total 27977996K, used 8398189K [0x00007f1371b50000, 0x00007f1a1d593000, 0x00007f1e1c600000)
   the space 27977996K,  30% used [0x00007f1371b50000, 0x00007f15724ab550, 0x00007f15724ab600, 0x00007f1a1d593000)
 Metaspace       used 23333K, capacity 23739K, committed 23808K, reserved 24576K
}
Event: 122.832 GC heap before
{Heap before GC invocations=19 (full 9):
 def new generation   total 12590208K, used 9271320K [0x00007f0e1c600000, 0x00007f1172330000, 0x00007f1371b50000)
  eden space 11191360K,  76% used [0x00007f0e1c600000, 0x00007f1029a7ba78, 0x00007f10c7710000)
  from space 1398848K,  47% used [0x00007f111cd20000, 0x00007f11456aa608, 0x00007f1172330000)
  to   space 1398848K,   0% used [0x00007f10c7710000, 0x00007f10c7710000, 0x00007f111cd20000)
 tenured generation   total 27977996K, used 8398189K [0x00007f1371b50000, 0x00007f1a1d593000, 0x00007f1e1c600000)
   the space 27977996K,  30% used [0x00007f1371b50000, 0x00007f15724ab550, 0x00007f15724ab600, 0x00007f1a1d593000)
 Metaspace       used 23333K, capacity 23739K, committed 23808K, reserved 24576K
}
Event: 124.505 GC heap after
{Heap after GC invocations=20 (full 9):
 def new generation   total 12590208K, used 402985K [0x00007f0e1c600000, 0x00007f1172330000, 0x00007f1371b50000)
  eden space 11191360K,   0% used [0x00007f0e1c600000, 0x00007f0e1c600000, 0x00007f10c7710000)
  from space 1398848K,  28% used [0x00007f10c7710000, 0x00007f10e009a5a8, 0x00007f111cd20000)
  to   space 1398848K,   0% used [0x00007f111cd20000, 0x00007f111cd20000, 0x00007f1172330000)
 tenured generation   total 27977996K, used 16786797K [0x00007f1371b50000, 0x00007f1a1d593000, 0x00007f1e1c600000)
   the space 27977996K,  59% used [0x00007f1371b50000, 0x00007f17724ab568, 0x00007f17724ab600, 0x00007f1a1d593000)
 Metaspace       used 23333K, capacity 23739K, committed 23808K, reserved 24576K
}
Event: 128.325 GC heap before
{Heap before GC invocations=20 (full 9):
 def new generation   total 12590208K, used 9009962K [0x00007f0e1c600000, 0x00007f1172330000, 0x00007f1371b50000)
  eden space 11191360K,  76% used [0x00007f0e1c600000, 0x00007f1029b40598, 0x00007f10c7710000)
  from space 1398848K,  28% used [0x00007f10c7710000, 0x00007f10e009a5a8, 0x00007f111cd20000)
  to   space 1398848K,   0% used [0x00007f111cd20000, 0x00007f111cd20000, 0x00007f1172330000)
 tenured generation   total 27977996K, used 16786797K [0x00007f1371b50000, 0x00007f1a1d593000, 0x00007f1e1c600000)
   the space 27977996K,  59% used [0x00007f1371b50000, 0x00007f17724ab568, 0x00007f17724ab600, 0x00007f1a1d593000)
 Metaspace       used 23333K, capacity 23739K, committed 23808K, reserved 24576K
}
Event: 130.890 GC heap after
{Heap after GC invocations=21 (full 9):
 def new generation   total 12590208K, used 140841K [0x00007f0e1c600000, 0x00007f1172330000, 0x00007f1371b50000)
  eden space 11191360K,   0% used [0x00007f0e1c600000, 0x00007f0e1c600000, 0x00007f10c7710000)
  from space 1398848K,  10% used [0x00007f111cd20000, 0x00007f11256aa540, 0x00007f1172330000)
  to   space 1398848K,   0% used [0x00007f10c7710000, 0x00007f10c7710000, 0x00007f111cd20000)
 tenured generation   total 27977996K, used 25175405K [0x00007f1371b50000, 0x00007f1a1d593000, 0x00007f1e1c600000)
   the space 27977996K,  89% used [0x00007f1371b50000, 0x00007f19724ab598, 0x00007f19724ab600, 0x00007f1a1d593000)
 Metaspace       used 23333K, capacity 23739K, committed 23808K, reserved 24576K
}
Event: 135.865 GC heap before
{Heap before GC invocations=21 (full 9):
 def new generation   total 12590208K, used 8747741K [0x00007f0e1c600000, 0x00007f1172330000, 0x00007f1371b50000)
  eden space 11191360K,  76% used [0x00007f0e1c600000, 0x00007f1029b2d050, 0x00007f10c7710000)
  from space 1398848K,  10% used [0x00007f111cd20000, 0x00007f11256aa540, 0x00007f1172330000)
  to   space 1398848K,   0% used [0x00007f10c7710000, 0x00007f10c7710000, 0x00007f111cd20000)
 tenured generation   total 27977996K, used 25175405K [0x00007f1371b50000, 0x00007f1a1d593000, 0x00007f1e1c600000)
   the space 27977996K,  89% used [0x00007f1371b50000, 0x00007f19724ab598, 0x00007f19724ab600, 0x00007f1a1d593000)
 Metaspace       used 23333K, capacity 23739K, committed 23808K, reserved 24576K
}
Event: 141.271 GC heap after
{Heap after GC invocations=22 (full 9):
 def new generation   total 12590208K, used 140840K [0x00007f0e1c600000, 0x00007f1172330000, 0x00007f1371b50000)
  eden space 11191360K,   0% used [0x00007f0e1c600000, 0x00007f0e1c600000, 0x00007f10c7710000)
  from space 1398848K,  10% used [0x00007f10c7710000, 0x00007f10d009a270, 0x00007f111cd20000)
  to   space 1398848K,   0% used [0x00007f111cd20000, 0x00007f111cd20000, 0x00007f1172330000)
 tenured generation   total 36366608K, used 33564013K [0x00007f1371b50000, 0x00007f1c1d594000, 0x00007f1e1c600000)
   the space 36366608K,  92% used [0x00007f1371b50000, 0x00007f1b724ab5b0, 0x00007f1b724ab600, 0x00007f1c1d594000)
 Metaspace       used 23333K, capacity 23739K, committed 23808K, reserved 24576K
}
Event: 141.271 GC heap before
{Heap before GC invocations=22 (full 9):
 def new generation   total 12590208K, used 140840K [0x00007f0e1c600000, 0x00007f1172330000, 0x00007f1371b50000)
  eden space 11191360K,   0% used [0x00007f0e1c600000, 0x00007f0e1c600000, 0x00007f10c7710000)
  from space 1398848K,  10% used [0x00007f10c7710000, 0x00007f10d009a270, 0x00007f111cd20000)
  to   space 1398848K,   0% used [0x00007f111cd20000, 0x00007f111cd20000, 0x00007f1172330000)
 tenured generation   total 36366608K, used 33564013K [0x00007f1371b50000, 0x00007f1c1d594000, 0x00007f1e1c600000)
   the space 36366608K,  92% used [0x00007f1371b50000, 0x00007f1b724ab5b0, 0x00007f1b724ab600, 0x00007f1c1d594000)
 Metaspace       used 23333K, capacity 23739K, committed 23808K, reserved 24576K
}
Event: 142.722 GC heap after
{Heap after GC invocations=22 (full 10):
 def new generation   total 12590208K, used 0K [0x00007f0e1c600000, 0x00007f1172330000, 0x00007f1371b50000)
  eden space 11191360K,   0% used [0x00007f0e1c600000, 0x00007f0e1c600000, 0x00007f10c7710000)
  from space 1398848K,   0% used [0x00007f10c7710000, 0x00007f10c7710000, 0x00007f111cd20000)
  to   space 1398848K,   0% used [0x00007f111cd20000, 0x00007f111cd20000, 0x00007f1172330000)
 tenured generation   total 27977996K, used 8399196K [0x00007f1371b50000, 0x00007f1a1d593000, 0x00007f1e1c600000)
   the space 27977996K,  30% used [0x00007f1371b50000, 0x00007f15725a73f8, 0x00007f15725a7400, 0x00007f1a1d593000)
 Metaspace       used 23333K, capacity 23739K, committed 23808K, reserved 24576K
}
Event: 144.467 GC heap before
{Heap before GC invocations=22 (full 10):
 def new generation   total 12590208K, used 8606850K [0x00007f0e1c600000, 0x00007f1172330000, 0x00007f1371b50000)
  eden space 11191360K,  76% used [0x00007f0e1c600000, 0x00007f1029b20a30, 0x00007f10c7710000)
  from space 1398848K,   0% used [0x00007f10c7710000, 0x00007f10c7710000, 0x00007f111cd20000)
  to   space 1398848K,   0% used [0x00007f111cd20000, 0x00007f111cd20000, 0x00007f1172330000)
 tenured generation   total 27977996K, used 8399196K [0x00007f1371b50000, 0x00007f1a1d593000, 0x00007f1e1c600000)
   the space 27977996K,  30% used [0x00007f1371b50000, 0x00007f15725a73f8, 0x00007f15725a7400, 0x00007f1a1d593000)
 Metaspace       used 23333K, capacity 23739K, committed 23808K, reserved 24576K
}
Event: 145.489 GC heap after
{Heap after GC invocations=23 (full 10):
 def new generation   total 12590208K, used 0K [0x00007f0e1c600000, 0x00007f1172330000, 0x00007f1371b50000)
  eden space 11191360K,   0% used [0x00007f0e1c600000, 0x00007f0e1c600000, 0x00007f10c7710000)
  from space 1398848K,   0% used [0x00007f111cd20000, 0x00007f111cd20248, 0x00007f1172330000)
  to   space 1398848K,   0% used [0x00007f10c7710000, 0x00007f10c7710000, 0x00007f111cd20000)
 tenured generation   total 27977996K, used 16787805K [0x00007f1371b50000, 0x00007f1a1d593000, 0x00007f1e1c600000)
   the space 27977996K,  60% used [0x00007f1371b50000, 0x00007f17725a7410, 0x00007f17725a7600, 0x00007f1a1d593000)
 Metaspace       used 23333K, capacity 23739K, committed 23808K, reserved 24576K
}
Event: 150.464 GC heap before
{Heap before GC invocations=23 (full 10):
 def new generation   total 12590208K, used 8606819K [0x00007f0e1c600000, 0x00007f1172330000, 0x00007f1371b50000)
  eden space 11191360K,  76% used [0x00007f0e1c600000, 0x00007f1029b18af8, 0x00007f10c7710000)
  from space 1398848K,   0% used [0x00007f111cd20000, 0x00007f111cd20248, 0x00007f1172330000)
  to   space 1398848K,   0% used [0x00007f10c7710000, 0x00007f10c7710000, 0x00007f111cd20000)
 tenured generation   total 27977996K, used 16787805K [0x00007f1371b50000, 0x00007f1a1d593000, 0x00007f1e1c600000)
   the space 27977996K,  60% used [0x00007f1371b50000, 0x00007f17725a7410, 0x00007f17725a7600, 0x00007f1a1d593000)
 Metaspace       used 23333K, capacity 23739K, committed 23808K, reserved 24576K
}
Event: 151.457 GC heap after
{Heap after GC invocations=24 (full 10):
 def new generation   total 12590208K, used 0K [0x00007f0e1c600000, 0x00007f1172330000, 0x00007f1371b50000)
  eden space 11191360K,   0% used [0x00007f0e1c600000, 0x00007f0e1c600000, 0x00007f10c7710000)
  from space 1398848K,   0% used [0x00007f10c7710000, 0x00007f10c7710250, 0x00007f111cd20000)
  to   space 1398848K,   0% used [0x00007f111cd20000, 0x00007f111cd20000, 0x00007f1172330000)
 tenured generation   total 27977996K, used 25176413K [0x00007f1371b50000, 0x00007f1a1d593000, 0x00007f1e1c600000)
   the space 27977996K,  89% used [0x00007f1371b50000, 0x00007f19725a7428, 0x00007f19725a7600, 0x00007f1a1d593000)
 Metaspace       used 23333K, capacity 23739K, committed 23808K, reserved 24576K
}
Event: 155.166 GC heap before
{Heap before GC invocations=24 (full 10):
 def new generation   total 12590208K, used 8606798K [0x00007f0e1c600000, 0x00007f1172330000, 0x00007f1371b50000)
  eden space 11191360K,  76% used [0x00007f0e1c600000, 0x00007f1029b13998, 0x00007f10c7710000)
  from space 1398848K,   0% used [0x00007f10c7710000, 0x00007f10c7710250, 0x00007f111cd20000)
  to   space 1398848K,   0% used [0x00007f111cd20000, 0x00007f111cd20000, 0x00007f1172330000)
 tenured generation   total 27977996K, used 25176413K [0x00007f1371b50000, 0x00007f1a1d593000, 0x00007f1e1c600000)
   the space 27977996K,  89% used [0x00007f1371b50000, 0x00007f19725a7428, 0x00007f19725a7600, 0x00007f1a1d593000)
 Metaspace       used 23333K, capacity 23739K, committed 23808K, reserved 24576K
}

