# JRE version: OpenJDK Runtime Environment (13.0.7+5) (build 13.0.7+5-Ubuntu-0ubuntu120.04)
# Java VM: OpenJDK 64-Bit Server VM (13.0.7+5-Ubuntu-0ubuntu120.04, mixed mode, tiered, serial gc, linux-amd64)
Heap:
 def new generation   total 1748352K, used 0K [0x00007fe6f8600000, 0x00007fe76ef10000, 0x00007fec4db50000)
  eden space 1554112K,   0% used [0x00007fe6f8600000, 0x00007fe6f8600000, 0x00007fe7573b0000)
  from space 194240K,   0% used [0x00007fe763160000, 0x00007fe763160000, 0x00007fe76ef10000)
  to   space 194240K,   0% used [0x00007fe7573b0000, 0x00007fe7573b0000, 0x00007fe763160000)
 tenured generation   total 3885312K, used 3884619K [0x00007fec4db50000, 0x00007fed3ad90000, 0x00007ff6f8600000)
   the space 3885312K,  99% used [0x00007fec4db50000, 0x00007fed3ace2d38, 0x00007fed3ace2e00, 0x00007fed3ad90000)
 Metaspace       used 24368K, capacity 24828K, committed 24832K, reserved 26624K
GC Heap History (20 events):
Event: 6545.952 GC heap after
{Heap after GC invocations=9417 (full 3):
 def new generation   total 1748352K, used 11220K [0x00007fe6f8600000, 0x00007fe76ef10000, 0x00007fec4db50000)
  eden space 1554112K,   0% used [0x00007fe6f8600000, 0x00007fe6f8600000, 0x00007fe7573b0000)
  from space 194240K,   5% used [0x00007fe7573b0000, 0x00007fe757ea51e8, 0x00007fe763160000)
  to   space 194240K,   0% used [0x00007fe763160000, 0x00007fe763160000, 0x00007fe76ef10000)
 tenured generation   total 3885120K, used 3879452K [0x00007fec4db50000, 0x00007fed3ad60000, 0x00007ff6f8600000)
   the space 3885120K,  99% used [0x00007fec4db50000, 0x00007fed3a7d7118, 0x00007fed3a7d7200, 0x00007fed3ad60000)
 Metaspace       used 24368K, capacity 24828K, committed 24832K, reserved 26624K
}
Event: 6547.154 GC heap before
{Heap before GC invocations=9417 (full 3):
 def new generation   total 1748352K, used 1565332K [0x00007fe6f8600000, 0x00007fe76ef10000, 0x00007fec4db50000)
  eden space 1554112K, 100% used [0x00007fe6f8600000, 0x00007fe7573b0000, 0x00007fe7573b0000)
  from space 194240K,   5% used [0x00007fe7573b0000, 0x00007fe757ea51e8, 0x00007fe763160000)
  to   space 194240K,   0% used [0x00007fe763160000, 0x00007fe763160000, 0x00007fe76ef10000)
 tenured generation   total 3885120K, used 3879452K [0x00007fec4db50000, 0x00007fed3ad60000, 0x00007ff6f8600000)
   the space 3885120K,  99% used [0x00007fec4db50000, 0x00007fed3a7d7118, 0x00007fed3a7d7200, 0x00007fed3ad60000)
 Metaspace       used 24368K, capacity 24828K, committed 24832K, reserved 26624K
}
Event: 6547.178 GC heap after
{Heap after GC invocations=9418 (full 3):
 def new generation   total 1748352K, used 11368K [0x00007fe6f8600000, 0x00007fe76ef10000, 0x00007fec4db50000)
  eden space 1554112K,   0% used [0x00007fe6f8600000, 0x00007fe6f8600000, 0x00007fe7573b0000)
  from space 194240K,   5% used [0x00007fe763160000, 0x00007fe763c7a110, 0x00007fe76ef10000)
  to   space 194240K,   0% used [0x00007fe7573b0000, 0x00007fe7573b0000, 0x00007fe763160000)
 tenured generation   total 3885120K, used 3880636K [0x00007fec4db50000, 0x00007fed3ad60000, 0x00007ff6f8600000)
   the space 3885120K,  99% used [0x00007fec4db50000, 0x00007fed3a8ff108, 0x00007fed3a8ff200, 0x00007fed3ad60000)
 Metaspace       used 24368K, capacity 24828K, committed 24832K, reserved 26624K
}
Event: 6548.416 GC heap before
{Heap before GC invocations=9418 (full 3):
 def new generation   total 1748352K, used 1565480K [0x00007fe6f8600000, 0x00007fe76ef10000, 0x00007fec4db50000)
  eden space 1554112K, 100% used [0x00007fe6f8600000, 0x00007fe7573b0000, 0x00007fe7573b0000)
  from space 194240K,   5% used [0x00007fe763160000, 0x00007fe763c7a110, 0x00007fe76ef10000)
  to   space 194240K,   0% used [0x00007fe7573b0000, 0x00007fe7573b0000, 0x00007fe763160000)
 tenured generation   total 3885120K, used 3880636K [0x00007fec4db50000, 0x00007fed3ad60000, 0x00007ff6f8600000)
   the space 3885120K,  99% used [0x00007fec4db50000, 0x00007fed3a8ff108, 0x00007fed3a8ff200, 0x00007fed3ad60000)
 Metaspace       used 24368K, capacity 24828K, committed 24832K, reserved 26624K
}
Event: 6548.436 GC heap after
{Heap after GC invocations=9419 (full 3):
 def new generation   total 1748352K, used 11394K [0x00007fe6f8600000, 0x00007fe76ef10000, 0x00007fec4db50000)
  eden space 1554112K,   0% used [0x00007fe6f8600000, 0x00007fe6f8600000, 0x00007fe7573b0000)
  from space 194240K,   5% used [0x00007fe7573b0000, 0x00007fe757ed0920, 0x00007fe763160000)
  to   space 194240K,   0% used [0x00007fe763160000, 0x00007fe763160000, 0x00007fe76ef10000)
 tenured generation   total 3885120K, used 3880970K [0x00007fec4db50000, 0x00007fed3ad60000, 0x00007ff6f8600000)
   the space 3885120K,  99% used [0x00007fec4db50000, 0x00007fed3a952a58, 0x00007fed3a952c00, 0x00007fed3ad60000)
 Metaspace       used 24368K, capacity 24828K, committed 24832K, reserved 26624K
}
Event: 6549.572 GC heap before
{Heap before GC invocations=9419 (full 3):
 def new generation   total 1748352K, used 1565506K [0x00007fe6f8600000, 0x00007fe76ef10000, 0x00007fec4db50000)
  eden space 1554112K, 100% used [0x00007fe6f8600000, 0x00007fe7573b0000, 0x00007fe7573b0000)
  from space 194240K,   5% used [0x00007fe7573b0000, 0x00007fe757ed0920, 0x00007fe763160000)
  to   space 194240K,   0% used [0x00007fe763160000, 0x00007fe763160000, 0x00007fe76ef10000)
 tenured generation   total 3885120K, used 3880970K [0x00007fec4db50000, 0x00007fed3ad60000, 0x00007ff6f8600000)
   the space 3885120K,  99% used [0x00007fec4db50000, 0x00007fed3a952a58, 0x00007fed3a952c00, 0x00007fed3ad60000)
 Metaspace       used 24368K, capacity 24828K, committed 24832K, reserved 26624K
}
Event: 6549.594 GC heap after
{Heap after GC invocations=9420 (full 3):
 def new generation   total 1748352K, used 11481K [0x00007fe6f8600000, 0x00007fe76ef10000, 0x00007fec4db50000)
  eden space 1554112K,   0% used [0x00007fe6f8600000, 0x00007fe6f8600000, 0x00007fe7573b0000)
  from space 194240K,   5% used [0x00007fe763160000, 0x00007fe763c967b8, 0x00007fe76ef10000)
  to   space 194240K,   0% used [0x00007fe7573b0000, 0x00007fe7573b0000, 0x00007fe763160000)
 tenured generation   total 3885120K, used 3881322K [0x00007fec4db50000, 0x00007fed3ad60000, 0x00007ff6f8600000)
   the space 3885120K,  99% used [0x00007fec4db50000, 0x00007fed3a9aab68, 0x00007fed3a9aac00, 0x00007fed3ad60000)
 Metaspace       used 24368K, capacity 24828K, committed 24832K, reserved 26624K
}
Event: 6550.845 GC heap before
{Heap before GC invocations=9420 (full 3):
 def new generation   total 1748352K, used 1565593K [0x00007fe6f8600000, 0x00007fe76ef10000, 0x00007fec4db50000)
  eden space 1554112K, 100% used [0x00007fe6f8600000, 0x00007fe7573b0000, 0x00007fe7573b0000)
  from space 194240K,   5% used [0x00007fe763160000, 0x00007fe763c967b8, 0x00007fe76ef10000)
  to   space 194240K,   0% used [0x00007fe7573b0000, 0x00007fe7573b0000, 0x00007fe763160000)
 tenured generation   total 3885120K, used 3881322K [0x00007fec4db50000, 0x00007fed3ad60000, 0x00007ff6f8600000)
   the space 3885120K,  99% used [0x00007fec4db50000, 0x00007fed3a9aab68, 0x00007fed3a9aac00, 0x00007fed3ad60000)
 Metaspace       used 24368K, capacity 24828K, committed 24832K, reserved 26624K
}
Event: 6550.869 GC heap after
{Heap after GC invocations=9421 (full 3):
 def new generation   total 1748352K, used 11716K [0x00007fe6f8600000, 0x00007fe76ef10000, 0x00007fec4db50000)
  eden space 1554112K,   0% used [0x00007fe6f8600000, 0x00007fe6f8600000, 0x00007fe7573b0000)
  from space 194240K,   6% used [0x00007fe7573b0000, 0x00007fe757f21318, 0x00007fe763160000)
  to   space 194240K,   0% used [0x00007fe763160000, 0x00007fe763160000, 0x00007fe76ef10000)
 tenured generation   total 3885120K, used 3881732K [0x00007fec4db50000, 0x00007fed3ad60000, 0x00007ff6f8600000)
   the space 3885120K,  99% used [0x00007fec4db50000, 0x00007fed3aa11018, 0x00007fed3aa11200, 0x00007fed3ad60000)
 Metaspace       used 24368K, capacity 24828K, committed 24832K, reserved 26624K
}
Event: 6552.113 GC heap before
{Heap before GC invocations=9421 (full 3):
 def new generation   total 1748352K, used 1565828K [0x00007fe6f8600000, 0x00007fe76ef10000, 0x00007fec4db50000)
  eden space 1554112K, 100% used [0x00007fe6f8600000, 0x00007fe7573b0000, 0x00007fe7573b0000)
  from space 194240K,   6% used [0x00007fe7573b0000, 0x00007fe757f21318, 0x00007fe763160000)
  to   space 194240K,   0% used [0x00007fe763160000, 0x00007fe763160000, 0x00007fe76ef10000)
 tenured generation   total 3885120K, used 3881732K [0x00007fec4db50000, 0x00007fed3ad60000, 0x00007ff6f8600000)
   the space 3885120K,  99% used [0x00007fec4db50000, 0x00007fed3aa11018, 0x00007fed3aa11200, 0x00007fed3ad60000)
 Metaspace       used 24368K, capacity 24828K, committed 24832K, reserved 26624K
}
Event: 6552.145 GC heap after
{Heap after GC invocations=9422 (full 3):
 def new generation   total 1748352K, used 12111K [0x00007fe6f8600000, 0x00007fe76ef10000, 0x00007fec4db50000)
  eden space 1554112K,   0% used [0x00007fe6f8600000, 0x00007fe6f8600000, 0x00007fe7573b0000)
  from space 194240K,   6% used [0x00007fe763160000, 0x00007fe763d33c60, 0x00007fe76ef10000)
  to   space 194240K,   0% used [0x00007fe7573b0000, 0x00007fe7573b0000, 0x00007fe763160000)
 tenured generation   total 3885120K, used 3882141K [0x00007fec4db50000, 0x00007fed3ad60000, 0x00007ff6f8600000)
   the space 3885120K,  99% used [0x00007fec4db50000, 0x00007fed3aa774c8, 0x00007fed3aa77600, 0x00007fed3ad60000)
 Metaspace       used 24368K, capacity 24828K, committed 24832K, reserved 26624K
}
Event: 6553.358 GC heap before
{Heap before GC invocations=9422 (full 3):
 def new generation   total 1748352K, used 1566223K [0x00007fe6f8600000, 0x00007fe76ef10000, 0x00007fec4db50000)
  eden space 1554112K, 100% used [0x00007fe6f8600000, 0x00007fe7573b0000, 0x00007fe7573b0000)
  from space 194240K,   6% used [0x00007fe763160000, 0x00007fe763d33c60, 0x00007fe76ef10000)
  to   space 194240K,   0% used [0x00007fe7573b0000, 0x00007fe7573b0000, 0x00007fe763160000)
 tenured generation   total 3885120K, used 3882141K [0x00007fec4db50000, 0x00007fed3ad60000, 0x00007ff6f8600000)
   the space 3885120K,  99% used [0x00007fec4db50000, 0x00007fed3aa774c8, 0x00007fed3aa77600, 0x00007fed3ad60000)
 Metaspace       used 24368K, capacity 24828K, committed 24832K, reserved 26624K
}
Event: 6553.382 GC heap after
{Heap after GC invocations=9423 (full 3):
 def new generation   total 1748352K, used 12490K [0x00007fe6f8600000, 0x00007fe76ef10000, 0x00007fec4db50000)
  eden space 1554112K,   0% used [0x00007fe6f8600000, 0x00007fe6f8600000, 0x00007fe7573b0000)
  from space 194240K,   6% used [0x00007fe7573b0000, 0x00007fe757fe2b28, 0x00007fe763160000)
  to   space 194240K,   0% used [0x00007fe763160000, 0x00007fe763160000, 0x00007fe76ef10000)
 tenured generation   total 3885120K, used 3882569K [0x00007fec4db50000, 0x00007fed3ad60000, 0x00007ff6f8600000)
   the space 3885120K,  99% used [0x00007fec4db50000, 0x00007fed3aae26d8, 0x00007fed3aae2800, 0x00007fed3ad60000)
 Metaspace       used 24368K, capacity 24828K, committed 24832K, reserved 26624K
}
Event: 6554.588 GC heap before
{Heap before GC invocations=9423 (full 3):
 def new generation   total 1748352K, used 1566602K [0x00007fe6f8600000, 0x00007fe76ef10000, 0x00007fec4db50000)
  eden space 1554112K, 100% used [0x00007fe6f8600000, 0x00007fe7573b0000, 0x00007fe7573b0000)
  from space 194240K,   6% used [0x00007fe7573b0000, 0x00007fe757fe2b28, 0x00007fe763160000)
  to   space 194240K,   0% used [0x00007fe763160000, 0x00007fe763160000, 0x00007fe76ef10000)
 tenured generation   total 3885120K, used 3882569K [0x00007fec4db50000, 0x00007fed3ad60000, 0x00007ff6f8600000)
   the space 3885120K,  99% used [0x00007fec4db50000, 0x00007fed3aae26d8, 0x00007fed3aae2800, 0x00007fed3ad60000)
 Metaspace       used 24368K, capacity 24828K, committed 24832K, reserved 26624K
}
Event: 6554.614 GC heap after
{Heap after GC invocations=9424 (full 3):
 def new generation   total 1748352K, used 12726K [0x00007fe6f8600000, 0x00007fe76ef10000, 0x00007fec4db50000)
  eden space 1554112K,   0% used [0x00007fe6f8600000, 0x00007fe6f8600000, 0x00007fe7573b0000)
  from space 194240K,   6% used [0x00007fe763160000, 0x00007fe763dcd970, 0x00007fe76ef10000)
  to   space 194240K,   0% used [0x00007fe7573b0000, 0x00007fe7573b0000, 0x00007fe763160000)
 tenured generation   total 3885120K, used 3883149K [0x00007fec4db50000, 0x00007fed3ad60000, 0x00007ff6f8600000)
   the space 3885120K,  99% used [0x00007fec4db50000, 0x00007fed3ab734b8, 0x00007fed3ab73600, 0x00007fed3ad60000)
 Metaspace       used 24368K, capacity 24828K, committed 24832K, reserved 26624K
}
Event: 6555.848 GC heap before
{Heap before GC invocations=9424 (full 3):
 def new generation   total 1748352K, used 1566838K [0x00007fe6f8600000, 0x00007fe76ef10000, 0x00007fec4db50000)
  eden space 1554112K, 100% used [0x00007fe6f8600000, 0x00007fe7573b0000, 0x00007fe7573b0000)
  from space 194240K,   6% used [0x00007fe763160000, 0x00007fe763dcd970, 0x00007fe76ef10000)
  to   space 194240K,   0% used [0x00007fe7573b0000, 0x00007fe7573b0000, 0x00007fe763160000)
 tenured generation   total 3885120K, used 3883149K [0x00007fec4db50000, 0x00007fed3ad60000, 0x00007ff6f8600000)
   the space 3885120K,  99% used [0x00007fec4db50000, 0x00007fed3ab734b8, 0x00007fed3ab73600, 0x00007fed3ad60000)
 Metaspace       used 24368K, capacity 24828K, committed 24832K, reserved 26624K
}
Event: 6555.872 GC heap after
{Heap after GC invocations=9425 (full 3):
 def new generation   total 1748352K, used 12731K [0x00007fe6f8600000, 0x00007fe76ef10000, 0x00007fec4db50000)
  eden space 1554112K,   0% used [0x00007fe6f8600000, 0x00007fe6f8600000, 0x00007fe7573b0000)
  from space 194240K,   6% used [0x00007fe7573b0000, 0x00007fe75801ece8, 0x00007fe763160000)
  to   space 194240K,   0% used [0x00007fe763160000, 0x00007fe763160000, 0x00007fe76ef10000)
 tenured generation   total 3885120K, used 3883955K [0x00007fec4db50000, 0x00007fed3ad60000, 0x00007ff6f8600000)
   the space 3885120K,  99% used [0x00007fec4db50000, 0x00007fed3ac3ced8, 0x00007fed3ac3d000, 0x00007fed3ad60000)
 Metaspace       used 24368K, capacity 24828K, committed 24832K, reserved 26624K
}
Event: 6557.114 GC heap before
{Heap before GC invocations=9425 (full 3):
 def new generation   total 1748352K, used 1566843K [0x00007fe6f8600000, 0x00007fe76ef10000, 0x00007fec4db50000)
  eden space 1554112K, 100% used [0x00007fe6f8600000, 0x00007fe7573b0000, 0x00007fe7573b0000)
  from space 194240K,   6% used [0x00007fe7573b0000, 0x00007fe75801ece8, 0x00007fe763160000)
  to   space 194240K,   0% used [0x00007fe763160000, 0x00007fe763160000, 0x00007fe76ef10000)
 tenured generation   total 3885120K, used 3883955K [0x00007fec4db50000, 0x00007fed3ad60000, 0x00007ff6f8600000)
   the space 3885120K,  99% used [0x00007fec4db50000, 0x00007fed3ac3ced8, 0x00007fed3ac3d000, 0x00007fed3ad60000)
 Metaspace       used 24368K, capacity 24828K, committed 24832K, reserved 26624K
}
Event: 6557.145 GC heap after
{Heap after GC invocations=9426 (full 3):
 def new generation   total 1748352K, used 12726K [0x00007fe6f8600000, 0x00007fe76ef10000, 0x00007fec4db50000)
  eden space 1554112K,   0% used [0x00007fe6f8600000, 0x00007fe6f8600000, 0x00007fe7573b0000)
  from space 194240K,   6% used [0x00007fe763160000, 0x00007fe763dcd800, 0x00007fe76ef10000)
  to   space 194240K,   0% used [0x00007fe7573b0000, 0x00007fe7573b0000, 0x00007fe763160000)
 tenured generation   total 3885312K, used 3885197K [0x00007fec4db50000, 0x00007fed3ad90000, 0x00007ff6f8600000)
   the space 3885312K,  99% used [0x00007fec4db50000, 0x00007fed3ad73538, 0x00007fed3ad73600, 0x00007fed3ad90000)
 Metaspace       used 24368K, capacity 24828K, committed 24832K, reserved 26624K
}
Event: 6557.145 GC heap before
{Heap before GC invocations=9426 (full 3):
 def new generation   total 1748352K, used 12726K [0x00007fe6f8600000, 0x00007fe76ef10000, 0x00007fec4db50000)
  eden space 1554112K,   0% used [0x00007fe6f8600000, 0x00007fe6f8600000, 0x00007fe7573b0000)
  from space 194240K,   6% used [0x00007fe763160000, 0x00007fe763dcd800, 0x00007fe76ef10000)
  to   space 194240K,   0% used [0x00007fe7573b0000, 0x00007fe7573b0000, 0x00007fe763160000)
 tenured generation   total 3885312K, used 3885197K [0x00007fec4db50000, 0x00007fed3ad90000, 0x00007ff6f8600000)
   the space 3885312K,  99% used [0x00007fec4db50000, 0x00007fed3ad73538, 0x00007fed3ad73600, 0x00007fed3ad90000)
 Metaspace       used 24368K, capacity 24828K, committed 24832K, reserved 26624K
}

