# JRE version: OpenJDK Runtime Environment (13.0.7+5) (build 13.0.7+5-Ubuntu-0ubuntu120.04)
# Java VM: OpenJDK 64-Bit Server VM (13.0.7+5-Ubuntu-0ubuntu120.04, mixed mode, tiered, serial gc, linux-amd64)
Heap:
 def new generation   total 1028352K, used 0K [0x00007f1360600000, 0x00007f13a61d0000, 0x00007f18b5b50000)
  eden space 914112K,   0% used [0x00007f1360600000, 0x00007f1360600000, 0x00007f13982b0000)
  from space 114240K,   0% used [0x00007f13982b0000, 0x00007f13982b0000, 0x00007f139f240000)
  to   space 114240K,   0% used [0x00007f139f240000, 0x00007f139f240000, 0x00007f13a61d0000)
 tenured generation   total 2301440K, used 2290961K [0x00007f18b5b50000, 0x00007f19422d0000, 0x00007f2360600000)
   the space 2301440K,  99% used [0x00007f18b5b50000, 0x00007f19418945e8, 0x00007f1941894600, 0x00007f19422d0000)
 Metaspace       used 24243K, capacity 24646K, committed 24832K, reserved 26624K
GC Heap History (20 events):
Event: 970.701 GC heap after
{Heap after GC invocations=1055 (full 4):
 def new generation   total 1028352K, used 50356K [0x00007f1360600000, 0x00007f13a61d0000, 0x00007f18b5b50000)
  eden space 914112K,   0% used [0x00007f1360600000, 0x00007f1360600000, 0x00007f13982b0000)
  from space 114240K,  44% used [0x00007f139f240000, 0x00007f13a236d170, 0x00007f13a61d0000)
  to   space 114240K,   0% used [0x00007f13982b0000, 0x00007f13982b0000, 0x00007f139f240000)
 tenured generation   total 2285052K, used 2251336K [0x00007f18b5b50000, 0x00007f19412cf000, 0x00007f2360600000)
   the space 2285052K,  98% used [0x00007f18b5b50000, 0x00007f193f1e2070, 0x00007f193f1e2200, 0x00007f19412cf000)
 Metaspace       used 24243K, capacity 24646K, committed 24832K, reserved 26624K
}
Event: 971.532 GC heap before
{Heap before GC invocations=1055 (full 4):
 def new generation   total 1028352K, used 964468K [0x00007f1360600000, 0x00007f13a61d0000, 0x00007f18b5b50000)
  eden space 914112K, 100% used [0x00007f1360600000, 0x00007f13982b0000, 0x00007f13982b0000)
  from space 114240K,  44% used [0x00007f139f240000, 0x00007f13a236d170, 0x00007f13a61d0000)
  to   space 114240K,   0% used [0x00007f13982b0000, 0x00007f13982b0000, 0x00007f139f240000)
 tenured generation   total 2285052K, used 2251336K [0x00007f18b5b50000, 0x00007f19412cf000, 0x00007f2360600000)
   the space 2285052K,  98% used [0x00007f18b5b50000, 0x00007f193f1e2070, 0x00007f193f1e2200, 0x00007f19412cf000)
 Metaspace       used 24243K, capacity 24646K, committed 24832K, reserved 26624K
}
Event: 971.589 GC heap after
{Heap after GC invocations=1056 (full 4):
 def new generation   total 1028352K, used 50857K [0x00007f1360600000, 0x00007f13a61d0000, 0x00007f18b5b50000)
  eden space 914112K,   0% used [0x00007f1360600000, 0x00007f1360600000, 0x00007f13982b0000)
  from space 114240K,  44% used [0x00007f13982b0000, 0x00007f139b45a560, 0x00007f139f240000)
  to   space 114240K,   0% used [0x00007f139f240000, 0x00007f139f240000, 0x00007f13a61d0000)
 tenured generation   total 2285052K, used 2251336K [0x00007f18b5b50000, 0x00007f19412cf000, 0x00007f2360600000)
   the space 2285052K,  98% used [0x00007f18b5b50000, 0x00007f193f1e2070, 0x00007f193f1e2200, 0x00007f19412cf000)
 Metaspace       used 24243K, capacity 24646K, committed 24832K, reserved 26624K
}
Event: 972.737 GC heap before
{Heap before GC invocations=1056 (full 4):
 def new generation   total 1028352K, used 964969K [0x00007f1360600000, 0x00007f13a61d0000, 0x00007f18b5b50000)
  eden space 914112K, 100% used [0x00007f1360600000, 0x00007f13982b0000, 0x00007f13982b0000)
  from space 114240K,  44% used [0x00007f13982b0000, 0x00007f139b45a560, 0x00007f139f240000)
  to   space 114240K,   0% used [0x00007f139f240000, 0x00007f139f240000, 0x00007f13a61d0000)
 tenured generation   total 2285052K, used 2251336K [0x00007f18b5b50000, 0x00007f19412cf000, 0x00007f2360600000)
   the space 2285052K,  98% used [0x00007f18b5b50000, 0x00007f193f1e2070, 0x00007f193f1e2200, 0x00007f19412cf000)
 Metaspace       used 24243K, capacity 24646K, committed 24832K, reserved 26624K
}
Event: 972.780 GC heap after
{Heap after GC invocations=1057 (full 4):
 def new generation   total 1028352K, used 52940K [0x00007f1360600000, 0x00007f13a61d0000, 0x00007f18b5b50000)
  eden space 914112K,   0% used [0x00007f1360600000, 0x00007f1360600000, 0x00007f13982b0000)
  from space 114240K,  46% used [0x00007f139f240000, 0x00007f13a25f3150, 0x00007f13a61d0000)
  to   space 114240K,   0% used [0x00007f13982b0000, 0x00007f13982b0000, 0x00007f139f240000)
 tenured generation   total 2285052K, used 2251336K [0x00007f18b5b50000, 0x00007f19412cf000, 0x00007f2360600000)
   the space 2285052K,  98% used [0x00007f18b5b50000, 0x00007f193f1e2070, 0x00007f193f1e2200, 0x00007f19412cf000)
 Metaspace       used 24243K, capacity 24646K, committed 24832K, reserved 26624K
}
Event: 974.127 GC heap before
{Heap before GC invocations=1057 (full 4):
 def new generation   total 1028352K, used 967052K [0x00007f1360600000, 0x00007f13a61d0000, 0x00007f18b5b50000)
  eden space 914112K, 100% used [0x00007f1360600000, 0x00007f13982b0000, 0x00007f13982b0000)
  from space 114240K,  46% used [0x00007f139f240000, 0x00007f13a25f3150, 0x00007f13a61d0000)
  to   space 114240K,   0% used [0x00007f13982b0000, 0x00007f13982b0000, 0x00007f139f240000)
 tenured generation   total 2285052K, used 2251336K [0x00007f18b5b50000, 0x00007f19412cf000, 0x00007f2360600000)
   the space 2285052K,  98% used [0x00007f18b5b50000, 0x00007f193f1e2070, 0x00007f193f1e2200, 0x00007f19412cf000)
 Metaspace       used 24243K, capacity 24646K, committed 24832K, reserved 26624K
}
Event: 974.169 GC heap after
{Heap after GC invocations=1058 (full 4):
 def new generation   total 1028352K, used 57057K [0x00007f1360600000, 0x00007f13a61d0000, 0x00007f18b5b50000)
  eden space 914112K,   0% used [0x00007f1360600000, 0x00007f1360600000, 0x00007f13982b0000)
  from space 114240K,  49% used [0x00007f13982b0000, 0x00007f139ba684f0, 0x00007f139f240000)
  to   space 114240K,   0% used [0x00007f139f240000, 0x00007f139f240000, 0x00007f13a61d0000)
 tenured generation   total 2285052K, used 2251336K [0x00007f18b5b50000, 0x00007f19412cf000, 0x00007f2360600000)
   the space 2285052K,  98% used [0x00007f18b5b50000, 0x00007f193f1e2070, 0x00007f193f1e2200, 0x00007f19412cf000)
 Metaspace       used 24243K, capacity 24646K, committed 24832K, reserved 26624K
}
Event: 975.501 GC heap before
{Heap before GC invocations=1058 (full 4):
 def new generation   total 1028352K, used 971169K [0x00007f1360600000, 0x00007f13a61d0000, 0x00007f18b5b50000)
  eden space 914112K, 100% used [0x00007f1360600000, 0x00007f13982b0000, 0x00007f13982b0000)
  from space 114240K,  49% used [0x00007f13982b0000, 0x00007f139ba684f0, 0x00007f139f240000)
  to   space 114240K,   0% used [0x00007f139f240000, 0x00007f139f240000, 0x00007f13a61d0000)
 tenured generation   total 2285052K, used 2251336K [0x00007f18b5b50000, 0x00007f19412cf000, 0x00007f2360600000)
   the space 2285052K,  98% used [0x00007f18b5b50000, 0x00007f193f1e2070, 0x00007f193f1e2200, 0x00007f19412cf000)
 Metaspace       used 24243K, capacity 24646K, committed 24832K, reserved 26624K
}
Event: 975.552 GC heap after
{Heap after GC invocations=1059 (full 4):
 def new generation   total 1028352K, used 61680K [0x00007f1360600000, 0x00007f13a61d0000, 0x00007f18b5b50000)
  eden space 914112K,   0% used [0x00007f1360600000, 0x00007f1360600000, 0x00007f13982b0000)
  from space 114240K,  53% used [0x00007f139f240000, 0x00007f13a2e7c218, 0x00007f13a61d0000)
  to   space 114240K,   0% used [0x00007f13982b0000, 0x00007f13982b0000, 0x00007f139f240000)
 tenured generation   total 2285052K, used 2251336K [0x00007f18b5b50000, 0x00007f19412cf000, 0x00007f2360600000)
   the space 2285052K,  98% used [0x00007f18b5b50000, 0x00007f193f1e2070, 0x00007f193f1e2200, 0x00007f19412cf000)
 Metaspace       used 24243K, capacity 24646K, committed 24832K, reserved 26624K
}
Event: 976.724 GC heap before
{Heap before GC invocations=1059 (full 4):
 def new generation   total 1028352K, used 975792K [0x00007f1360600000, 0x00007f13a61d0000, 0x00007f18b5b50000)
  eden space 914112K, 100% used [0x00007f1360600000, 0x00007f13982b0000, 0x00007f13982b0000)
  from space 114240K,  53% used [0x00007f139f240000, 0x00007f13a2e7c218, 0x00007f13a61d0000)
  to   space 114240K,   0% used [0x00007f13982b0000, 0x00007f13982b0000, 0x00007f139f240000)
 tenured generation   total 2285052K, used 2251336K [0x00007f18b5b50000, 0x00007f19412cf000, 0x00007f2360600000)
   the space 2285052K,  98% used [0x00007f18b5b50000, 0x00007f193f1e2070, 0x00007f193f1e2200, 0x00007f19412cf000)
 Metaspace       used 24243K, capacity 24646K, committed 24832K, reserved 26624K
}
Event: 976.805 GC heap after
{Heap after GC invocations=1060 (full 4):
 def new generation   total 1028352K, used 48808K [0x00007f1360600000, 0x00007f13a61d0000, 0x00007f18b5b50000)
  eden space 914112K,   0% used [0x00007f1360600000, 0x00007f1360600000, 0x00007f13982b0000)
  from space 114240K,  42% used [0x00007f13982b0000, 0x00007f139b25a018, 0x00007f139f240000)
  to   space 114240K,   0% used [0x00007f139f240000, 0x00007f139f240000, 0x00007f13a61d0000)
 tenured generation   total 2285052K, used 2268809K [0x00007f18b5b50000, 0x00007f19412cf000, 0x00007f2360600000)
   the space 2285052K,  99% used [0x00007f18b5b50000, 0x00007f19402f2738, 0x00007f19402f2800, 0x00007f19412cf000)
 Metaspace       used 24243K, capacity 24646K, committed 24832K, reserved 26624K
}
Event: 977.806 GC heap before
{Heap before GC invocations=1060 (full 4):
 def new generation   total 1028352K, used 962920K [0x00007f1360600000, 0x00007f13a61d0000, 0x00007f18b5b50000)
  eden space 914112K, 100% used [0x00007f1360600000, 0x00007f13982b0000, 0x00007f13982b0000)
  from space 114240K,  42% used [0x00007f13982b0000, 0x00007f139b25a018, 0x00007f139f240000)
  to   space 114240K,   0% used [0x00007f139f240000, 0x00007f139f240000, 0x00007f13a61d0000)
 tenured generation   total 2285052K, used 2268809K [0x00007f18b5b50000, 0x00007f19412cf000, 0x00007f2360600000)
   the space 2285052K,  99% used [0x00007f18b5b50000, 0x00007f19402f2738, 0x00007f19402f2800, 0x00007f19412cf000)
 Metaspace       used 24243K, capacity 24646K, committed 24832K, reserved 26624K
}
Event: 977.857 GC heap after
{Heap after GC invocations=1061 (full 4):
 def new generation   total 1028352K, used 50857K [0x00007f1360600000, 0x00007f13a61d0000, 0x00007f18b5b50000)
  eden space 914112K,   0% used [0x00007f1360600000, 0x00007f1360600000, 0x00007f13982b0000)
  from space 114240K,  44% used [0x00007f139f240000, 0x00007f13a23ea478, 0x00007f13a61d0000)
  to   space 114240K,   0% used [0x00007f13982b0000, 0x00007f13982b0000, 0x00007f139f240000)
 tenured generation   total 2285052K, used 2268809K [0x00007f18b5b50000, 0x00007f19412cf000, 0x00007f2360600000)
   the space 2285052K,  99% used [0x00007f18b5b50000, 0x00007f19402f2738, 0x00007f19402f2800, 0x00007f19412cf000)
 Metaspace       used 24243K, capacity 24646K, committed 24832K, reserved 26624K
}
Event: 978.766 GC heap before
{Heap before GC invocations=1061 (full 4):
 def new generation   total 1028352K, used 964969K [0x00007f1360600000, 0x00007f13a61d0000, 0x00007f18b5b50000)
  eden space 914112K, 100% used [0x00007f1360600000, 0x00007f13982b0000, 0x00007f13982b0000)
  from space 114240K,  44% used [0x00007f139f240000, 0x00007f13a23ea478, 0x00007f13a61d0000)
  to   space 114240K,   0% used [0x00007f13982b0000, 0x00007f13982b0000, 0x00007f139f240000)
 tenured generation   total 2285052K, used 2268809K [0x00007f18b5b50000, 0x00007f19412cf000, 0x00007f2360600000)
   the space 2285052K,  99% used [0x00007f18b5b50000, 0x00007f19402f2738, 0x00007f19402f2800, 0x00007f19412cf000)
 Metaspace       used 24243K, capacity 24646K, committed 24832K, reserved 26624K
}
Event: 978.824 GC heap after
{Heap after GC invocations=1062 (full 4):
 def new generation   total 1028352K, used 50859K [0x00007f1360600000, 0x00007f13a61d0000, 0x00007f18b5b50000)
  eden space 914112K,   0% used [0x00007f1360600000, 0x00007f1360600000, 0x00007f13982b0000)
  from space 114240K,  44% used [0x00007f13982b0000, 0x00007f139b45aec0, 0x00007f139f240000)
  to   space 114240K,   0% used [0x00007f139f240000, 0x00007f139f240000, 0x00007f13a61d0000)
 tenured generation   total 2285052K, used 2268809K [0x00007f18b5b50000, 0x00007f19412cf000, 0x00007f2360600000)
   the space 2285052K,  99% used [0x00007f18b5b50000, 0x00007f19402f2738, 0x00007f19402f2800, 0x00007f19412cf000)
 Metaspace       used 24243K, capacity 24646K, committed 24832K, reserved 26624K
}
Event: 980.154 GC heap before
{Heap before GC invocations=1062 (full 4):
 def new generation   total 1028352K, used 959802K [0x00007f1360600000, 0x00007f13a61d0000, 0x00007f18b5b50000)
  eden space 914112K,  99% used [0x00007f1360600000, 0x00007f1397da3c18, 0x00007f13982b0000)
  from space 114240K,  44% used [0x00007f13982b0000, 0x00007f139b45aec0, 0x00007f139f240000)
  to   space 114240K,   0% used [0x00007f139f240000, 0x00007f139f240000, 0x00007f13a61d0000)
 tenured generation   total 2285052K, used 2268809K [0x00007f18b5b50000, 0x00007f19412cf000, 0x00007f2360600000)
   the space 2285052K,  99% used [0x00007f18b5b50000, 0x00007f19402f2738, 0x00007f19402f2800, 0x00007f19412cf000)
 Metaspace       used 24243K, capacity 24646K, committed 24832K, reserved 26624K
}
Event: 980.225 GC heap after
{Heap after GC invocations=1063 (full 4):
 def new generation   total 1028352K, used 71414K [0x00007f1360600000, 0x00007f13a61d0000, 0x00007f18b5b50000)
  eden space 914112K,   0% used [0x00007f1360600000, 0x00007f1360600000, 0x00007f13982b0000)
  from space 114240K,  62% used [0x00007f139f240000, 0x00007f13a37fd9a8, 0x00007f13a61d0000)
  to   space 114240K,   0% used [0x00007f13982b0000, 0x00007f13982b0000, 0x00007f139f240000)
 tenured generation   total 2285052K, used 2268809K [0x00007f18b5b50000, 0x00007f19412cf000, 0x00007f2360600000)
   the space 2285052K,  99% used [0x00007f18b5b50000, 0x00007f19402f2738, 0x00007f19402f2800, 0x00007f19412cf000)
 Metaspace       used 24243K, capacity 24646K, committed 24832K, reserved 26624K
}
Event: 981.618 GC heap before
{Heap before GC invocations=1063 (full 4):
 def new generation   total 1028352K, used 984891K [0x00007f1360600000, 0x00007f13a61d0000, 0x00007f18b5b50000)
  eden space 914112K,  99% used [0x00007f1360600000, 0x00007f1398211618, 0x00007f13982b0000)
  from space 114240K,  62% used [0x00007f139f240000, 0x00007f13a37fd9a8, 0x00007f13a61d0000)
  to   space 114240K,   0% used [0x00007f13982b0000, 0x00007f13982b0000, 0x00007f139f240000)
 tenured generation   total 2285052K, used 2268809K [0x00007f18b5b50000, 0x00007f19412cf000, 0x00007f2360600000)
   the space 2285052K,  99% used [0x00007f18b5b50000, 0x00007f19402f2738, 0x00007f19402f2800, 0x00007f19412cf000)
 Metaspace       used 24243K, capacity 24646K, committed 24832K, reserved 26624K
}
Event: 981.698 GC heap after
{Heap after GC invocations=1064 (full 4):
 def new generation   total 1028352K, used 43230K [0x00007f1360600000, 0x00007f13a61d0000, 0x00007f18b5b50000)
  eden space 914112K,   0% used [0x00007f1360600000, 0x00007f1360600000, 0x00007f13982b0000)
  from space 114240K,  37% used [0x00007f13982b0000, 0x00007f139ace7aa0, 0x00007f139f240000)
  to   space 114240K,   0% used [0x00007f139f240000, 0x00007f139f240000, 0x00007f13a61d0000)
 tenured generation   total 2301440K, used 2286283K [0x00007f18b5b50000, 0x00007f19422d0000, 0x00007f2360600000)
   the space 2301440K,  99% used [0x00007f18b5b50000, 0x00007f1941402e00, 0x00007f1941402e00, 0x00007f19422d0000)
 Metaspace       used 24243K, capacity 24646K, committed 24832K, reserved 26624K
}
Event: 981.698 GC heap before
{Heap before GC invocations=1064 (full 4):
 def new generation   total 1028352K, used 43230K [0x00007f1360600000, 0x00007f13a61d0000, 0x00007f18b5b50000)
  eden space 914112K,   0% used [0x00007f1360600000, 0x00007f1360600000, 0x00007f13982b0000)
  from space 114240K,  37% used [0x00007f13982b0000, 0x00007f139ace7aa0, 0x00007f139f240000)
  to   space 114240K,   0% used [0x00007f139f240000, 0x00007f139f240000, 0x00007f13a61d0000)
 tenured generation   total 2301440K, used 2286283K [0x00007f18b5b50000, 0x00007f19422d0000, 0x00007f2360600000)
   the space 2301440K,  99% used [0x00007f18b5b50000, 0x00007f1941402e00, 0x00007f1941402e00, 0x00007f19422d0000)
 Metaspace       used 24243K, capacity 24646K, committed 24832K, reserved 26624K
}

