# JRE version: OpenJDK Runtime Environment (13.0.7+5) (build 13.0.7+5-Ubuntu-0ubuntu120.04)
# Java VM: OpenJDK 64-Bit Server VM (13.0.7+5-Ubuntu-0ubuntu120.04, mixed mode, tiered, compressed oops, serial gc, linux-amd64)
Heap:
 def new generation   total 2036736K, used 0K [0x0000000080200000, 0x000000010a3f0000, 0x0000000300150000)
  eden space 1810496K,   0% used [0x0000000080200000, 0x0000000080200000, 0x00000000eea10000)
  from space 226240K,   0% used [0x00000000eea10000, 0x00000000eea10000, 0x00000000fc700000)
  to   space 226240K,   0% used [0x00000000fc700000, 0x00000000fc700000, 0x000000010a3f0000)
 tenured generation   total 4606300K, used 3200791K [0x0000000300150000, 0x00000004193a7000, 0x0000000800000000)
   the space 4606300K,  69% used [0x0000000300150000, 0x00000003c3715f88, 0x00000003c3716000, 0x00000004193a7000)
 Metaspace       used 22715K, capacity 23233K, committed 23424K, reserved 1071104K
  class space    used 2354K, capacity 2568K, committed 2688K, reserved 1048576K
GC Heap History (20 events):
Event: 851.861 GC heap after
{Heap after GC invocations=683 (full 22):
 def new generation   total 2036736K, used 110510K [0x0000000080200000, 0x000000010a3f0000, 0x0000000300150000)
  eden space 1810496K,   0% used [0x0000000080200000, 0x0000000080200000, 0x00000000eea10000)
  from space 226240K,  48% used [0x00000000fc700000, 0x00000001032ebb70, 0x000000010a3f0000)
  to   space 226240K,   0% used [0x00000000eea10000, 0x00000000eea10000, 0x00000000fc700000)
 tenured generation   total 4525860K, used 4081911K [0x0000000300150000, 0x0000000414519000, 0x0000000800000000)
   the space 4525860K,  90% used [0x0000000300150000, 0x00000003f938df00, 0x00000003f938e000, 0x0000000414519000)
 Metaspace       used 22715K, capacity 23233K, committed 23424K, reserved 1071104K
  class space    used 2354K, capacity 2568K, committed 2688K, reserved 1048576K
}
Event: 853.528 GC heap before
{Heap before GC invocations=683 (full 22):
 def new generation   total 2036736K, used 1921006K [0x0000000080200000, 0x000000010a3f0000, 0x0000000300150000)
  eden space 1810496K, 100% used [0x0000000080200000, 0x00000000eea10000, 0x00000000eea10000)
  from space 226240K,  48% used [0x00000000fc700000, 0x00000001032ebb70, 0x000000010a3f0000)
  to   space 226240K,   0% used [0x00000000eea10000, 0x00000000eea10000, 0x00000000fc700000)
 tenured generation   total 4525860K, used 4081911K [0x0000000300150000, 0x0000000414519000, 0x0000000800000000)
   the space 4525860K,  90% used [0x0000000300150000, 0x00000003f938df00, 0x00000003f938e000, 0x0000000414519000)
 Metaspace       used 22715K, capacity 23233K, committed 23424K, reserved 1071104K
  class space    used 2354K, capacity 2568K, committed 2688K, reserved 1048576K
}
Event: 853.735 GC heap after
{Heap after GC invocations=684 (full 22):
 def new generation   total 2036736K, used 218275K [0x0000000080200000, 0x000000010a3f0000, 0x0000000300150000)
  eden space 1810496K,   0% used [0x0000000080200000, 0x0000000080200000, 0x00000000eea10000)
  from space 226240K,  96% used [0x00000000eea10000, 0x00000000fbf38d10, 0x00000000fc700000)
  to   space 226240K,   0% used [0x00000000fc700000, 0x00000000fc700000, 0x000000010a3f0000)
 tenured generation   total 4525860K, used 4081911K [0x0000000300150000, 0x0000000414519000, 0x0000000800000000)
   the space 4525860K,  90% used [0x0000000300150000, 0x00000003f938df00, 0x00000003f938e000, 0x0000000414519000)
 Metaspace       used 22715K, capacity 23233K, committed 23424K, reserved 1071104K
  class space    used 2354K, capacity 2568K, committed 2688K, reserved 1048576K
}
Event: 855.326 GC heap before
{Heap before GC invocations=684 (full 22):
 def new generation   total 2036736K, used 2028771K [0x0000000080200000, 0x000000010a3f0000, 0x0000000300150000)
  eden space 1810496K, 100% used [0x0000000080200000, 0x00000000eea10000, 0x00000000eea10000)
  from space 226240K,  96% used [0x00000000eea10000, 0x00000000fbf38d10, 0x00000000fc700000)
  to   space 226240K,   0% used [0x00000000fc700000, 0x00000000fc700000, 0x000000010a3f0000)
 tenured generation   total 4525860K, used 4081911K [0x0000000300150000, 0x0000000414519000, 0x0000000800000000)
   the space 4525860K,  90% used [0x0000000300150000, 0x00000003f938df00, 0x00000003f938e000, 0x0000000414519000)
 Metaspace       used 22715K, capacity 23233K, committed 23424K, reserved 1071104K
  class space    used 2354K, capacity 2568K, committed 2688K, reserved 1048576K
}
Event: 855.684 GC heap after
{Heap after GC invocations=685 (full 22):
 def new generation   total 2036736K, used 216574K [0x0000000080200000, 0x000000010a3f0000, 0x0000000300150000)
  eden space 1810496K,   0% used [0x0000000080200000, 0x0000000080200000, 0x00000000eea10000)
  from space 226240K,  95% used [0x00000000fc700000, 0x0000000109a7f908, 0x000000010a3f0000)
  to   space 226240K,   0% used [0x00000000eea10000, 0x00000000eea10000, 0x00000000fc700000)
 tenured generation   total 4525860K, used 4191891K [0x0000000300150000, 0x0000000414519000, 0x0000000800000000)
   the space 4525860K,  92% used [0x0000000300150000, 0x00000003ffef4ea8, 0x00000003ffef5000, 0x0000000414519000)
 Metaspace       used 22715K, capacity 23233K, committed 23424K, reserved 1071104K
  class space    used 2354K, capacity 2568K, committed 2688K, reserved 1048576K
}
Event: 857.299 GC heap before
{Heap before GC invocations=685 (full 22):
 def new generation   total 2036736K, used 2027070K [0x0000000080200000, 0x000000010a3f0000, 0x0000000300150000)
  eden space 1810496K, 100% used [0x0000000080200000, 0x00000000eea10000, 0x00000000eea10000)
  from space 226240K,  95% used [0x00000000fc700000, 0x0000000109a7f908, 0x000000010a3f0000)
  to   space 226240K,   0% used [0x00000000eea10000, 0x00000000eea10000, 0x00000000fc700000)
 tenured generation   total 4525860K, used 4191891K [0x0000000300150000, 0x0000000414519000, 0x0000000800000000)
   the space 4525860K,  92% used [0x0000000300150000, 0x00000003ffef4ea8, 0x00000003ffef5000, 0x0000000414519000)
 Metaspace       used 22715K, capacity 23233K, committed 23424K, reserved 1071104K
  class space    used 2354K, capacity 2568K, committed 2688K, reserved 1048576K
}
Event: 857.399 GC heap after
{Heap after GC invocations=686 (full 22):
 def new generation   total 2036736K, used 145788K [0x0000000080200000, 0x000000010a3f0000, 0x0000000300150000)
  eden space 1810496K,   0% used [0x0000000080200000, 0x0000000080200000, 0x00000000eea10000)
  from space 226240K,  64% used [0x00000000eea10000, 0x00000000f786f398, 0x00000000fc700000)
  to   space 226240K,   0% used [0x00000000fc700000, 0x00000000fc700000, 0x000000010a3f0000)
 tenured generation   total 4525860K, used 4201179K [0x0000000300150000, 0x0000000414519000, 0x0000000800000000)
   the space 4525860K,  92% used [0x0000000300150000, 0x0000000400806d08, 0x0000000400806e00, 0x0000000414519000)
 Metaspace       used 22715K, capacity 23233K, committed 23424K, reserved 1071104K
  class space    used 2354K, capacity 2568K, committed 2688K, reserved 1048576K
}
Event: 859.010 GC heap before
{Heap before GC invocations=686 (full 22):
 def new generation   total 2036736K, used 1956284K [0x0000000080200000, 0x000000010a3f0000, 0x0000000300150000)
  eden space 1810496K, 100% used [0x0000000080200000, 0x00000000eea10000, 0x00000000eea10000)
  from space 226240K,  64% used [0x00000000eea10000, 0x00000000f786f398, 0x00000000fc700000)
  to   space 226240K,   0% used [0x00000000fc700000, 0x00000000fc700000, 0x000000010a3f0000)
 tenured generation   total 4525860K, used 4201179K [0x0000000300150000, 0x0000000414519000, 0x0000000800000000)
   the space 4525860K,  92% used [0x0000000300150000, 0x0000000400806d08, 0x0000000400806e00, 0x0000000414519000)
 Metaspace       used 22715K, capacity 23233K, committed 23424K, reserved 1071104K
  class space    used 2354K, capacity 2568K, committed 2688K, reserved 1048576K
}
Event: 859.228 GC heap after
{Heap after GC invocations=687 (full 22):
 def new generation   total 2036736K, used 108292K [0x0000000080200000, 0x000000010a3f0000, 0x0000000300150000)
  eden space 1810496K,   0% used [0x0000000080200000, 0x0000000080200000, 0x00000000eea10000)
  from space 226240K,  47% used [0x00000000fc700000, 0x00000001030c1308, 0x000000010a3f0000)
  to   space 226240K,   0% used [0x00000000eea10000, 0x00000000eea10000, 0x00000000fc700000)
 tenured generation   total 4525860K, used 4346437K [0x0000000300150000, 0x0000000414519000, 0x0000000800000000)
   the space 4525860K,  96% used [0x0000000300150000, 0x00000004095e1510, 0x00000004095e1600, 0x0000000414519000)
 Metaspace       used 22715K, capacity 23233K, committed 23424K, reserved 1071104K
  class space    used 2354K, capacity 2568K, committed 2688K, reserved 1048576K
}
Event: 860.837 GC heap before
{Heap before GC invocations=687 (full 22):
 def new generation   total 2036736K, used 1918788K [0x0000000080200000, 0x000000010a3f0000, 0x0000000300150000)
  eden space 1810496K, 100% used [0x0000000080200000, 0x00000000eea10000, 0x00000000eea10000)
  from space 226240K,  47% used [0x00000000fc700000, 0x00000001030c1308, 0x000000010a3f0000)
  to   space 226240K,   0% used [0x00000000eea10000, 0x00000000eea10000, 0x00000000fc700000)
 tenured generation   total 4525860K, used 4346437K [0x0000000300150000, 0x0000000414519000, 0x0000000800000000)
   the space 4525860K,  96% used [0x0000000300150000, 0x00000004095e1510, 0x00000004095e1600, 0x0000000414519000)
 Metaspace       used 22715K, capacity 23233K, committed 23424K, reserved 1071104K
  class space    used 2354K, capacity 2568K, committed 2688K, reserved 1048576K
}
Event: 860.910 GC heap after
{Heap after GC invocations=688 (full 22):
 def new generation   total 2036736K, used 108933K [0x0000000080200000, 0x000000010a3f0000, 0x0000000300150000)
  eden space 1810496K,   0% used [0x0000000080200000, 0x0000000080200000, 0x00000000eea10000)
  from space 226240K,  48% used [0x00000000eea10000, 0x00000000f54715e8, 0x00000000fc700000)
  to   space 226240K,   0% used [0x00000000fc700000, 0x00000000fc700000, 0x000000010a3f0000)
 tenured generation   total 4525860K, used 4346437K [0x0000000300150000, 0x0000000414519000, 0x0000000800000000)
   the space 4525860K,  96% used [0x0000000300150000, 0x00000004095e1510, 0x00000004095e1600, 0x0000000414519000)
 Metaspace       used 22715K, capacity 23233K, committed 23424K, reserved 1071104K
  class space    used 2354K, capacity 2568K, committed 2688K, reserved 1048576K
}
Event: 862.506 GC heap before
{Heap before GC invocations=688 (full 22):
 def new generation   total 2036736K, used 1919429K [0x0000000080200000, 0x000000010a3f0000, 0x0000000300150000)
  eden space 1810496K, 100% used [0x0000000080200000, 0x00000000eea10000, 0x00000000eea10000)
  from space 226240K,  48% used [0x00000000eea10000, 0x00000000f54715e8, 0x00000000fc700000)
  to   space 226240K,   0% used [0x00000000fc700000, 0x00000000fc700000, 0x000000010a3f0000)
 tenured generation   total 4525860K, used 4346437K [0x0000000300150000, 0x0000000414519000, 0x0000000800000000)
   the space 4525860K,  96% used [0x0000000300150000, 0x00000004095e1510, 0x00000004095e1600, 0x0000000414519000)
 Metaspace       used 22715K, capacity 23233K, committed 23424K, reserved 1071104K
  class space    used 2354K, capacity 2568K, committed 2688K, reserved 1048576K
}
Event: 862.655 GC heap after
{Heap after GC invocations=689 (full 22):
 def new generation   total 2036736K, used 216204K [0x0000000080200000, 0x000000010a3f0000, 0x0000000300150000)
  eden space 1810496K,   0% used [0x0000000080200000, 0x0000000080200000, 0x00000000eea10000)
  from space 226240K,  95% used [0x00000000fc700000, 0x0000000109a231b0, 0x000000010a3f0000)
  to   space 226240K,   0% used [0x00000000eea10000, 0x00000000eea10000, 0x00000000fc700000)
 tenured generation   total 4525860K, used 4346437K [0x0000000300150000, 0x0000000414519000, 0x0000000800000000)
   the space 4525860K,  96% used [0x0000000300150000, 0x00000004095e1510, 0x00000004095e1600, 0x0000000414519000)
 Metaspace       used 22715K, capacity 23233K, committed 23424K, reserved 1071104K
  class space    used 2354K, capacity 2568K, committed 2688K, reserved 1048576K
}
Event: 864.336 GC heap before
{Heap before GC invocations=689 (full 22):
 def new generation   total 2036736K, used 2026700K [0x0000000080200000, 0x000000010a3f0000, 0x0000000300150000)
  eden space 1810496K, 100% used [0x0000000080200000, 0x00000000eea10000, 0x00000000eea10000)
  from space 226240K,  95% used [0x00000000fc700000, 0x0000000109a231b0, 0x000000010a3f0000)
  to   space 226240K,   0% used [0x00000000eea10000, 0x00000000eea10000, 0x00000000fc700000)
 tenured generation   total 4525860K, used 4346437K [0x0000000300150000, 0x0000000414519000, 0x0000000800000000)
   the space 4525860K,  96% used [0x0000000300150000, 0x00000004095e1510, 0x00000004095e1600, 0x0000000414519000)
 Metaspace       used 22715K, capacity 23233K, committed 23424K, reserved 1071104K
  class space    used 2354K, capacity 2568K, committed 2688K, reserved 1048576K
}
Event: 864.627 GC heap after
{Heap after GC invocations=690 (full 22):
 def new generation   total 2036736K, used 216062K [0x0000000080200000, 0x000000010a3f0000, 0x0000000300150000)
  eden space 1810496K,   0% used [0x0000000080200000, 0x0000000080200000, 0x00000000eea10000)
  from space 226240K,  95% used [0x00000000eea10000, 0x00000000fbd0f8e8, 0x00000000fc700000)
  to   space 226240K,   0% used [0x00000000fc700000, 0x00000000fc700000, 0x000000010a3f0000)
 tenured generation   total 4525860K, used 4454342K [0x0000000300150000, 0x0000000414519000, 0x0000000800000000)
   the space 4525860K,  98% used [0x0000000300150000, 0x000000040ff419b8, 0x000000040ff41a00, 0x0000000414519000)
 Metaspace       used 22715K, capacity 23233K, committed 23424K, reserved 1071104K
  class space    used 2354K, capacity 2568K, committed 2688K, reserved 1048576K
}
Event: 866.257 GC heap before
{Heap before GC invocations=690 (full 22):
 def new generation   total 2036736K, used 2026558K [0x0000000080200000, 0x000000010a3f0000, 0x0000000300150000)
  eden space 1810496K, 100% used [0x0000000080200000, 0x00000000eea10000, 0x00000000eea10000)
  from space 226240K,  95% used [0x00000000eea10000, 0x00000000fbd0f8e8, 0x00000000fc700000)
  to   space 226240K,   0% used [0x00000000fc700000, 0x00000000fc700000, 0x000000010a3f0000)
 tenured generation   total 4525860K, used 4454342K [0x0000000300150000, 0x0000000414519000, 0x0000000800000000)
   the space 4525860K,  98% used [0x0000000300150000, 0x000000040ff419b8, 0x000000040ff41a00, 0x0000000414519000)
 Metaspace       used 22715K, capacity 23233K, committed 23424K, reserved 1071104K
  class space    used 2354K, capacity 2568K, committed 2688K, reserved 1048576K
}
Event: 866.360 GC heap after
{Heap after GC invocations=691 (full 22):
 def new generation   total 2036736K, used 144722K [0x0000000080200000, 0x000000010a3f0000, 0x0000000300150000)
  eden space 1810496K,   0% used [0x0000000080200000, 0x0000000080200000, 0x00000000eea10000)
  from space 226240K,  63% used [0x00000000fc700000, 0x0000000105454858, 0x000000010a3f0000)
  to   space 226240K,   0% used [0x00000000eea10000, 0x00000000eea10000, 0x00000000fc700000)
 tenured generation   total 4525860K, used 4462601K [0x0000000300150000, 0x0000000414519000, 0x0000000800000000)
   the space 4525860K,  98% used [0x0000000300150000, 0x00000004107526f8, 0x0000000410752800, 0x0000000414519000)
 Metaspace       used 22715K, capacity 23233K, committed 23424K, reserved 1071104K
  class space    used 2354K, capacity 2568K, committed 2688K, reserved 1048576K
}
Event: 867.975 GC heap before
{Heap before GC invocations=691 (full 22):
 def new generation   total 2036736K, used 1955218K [0x0000000080200000, 0x000000010a3f0000, 0x0000000300150000)
  eden space 1810496K, 100% used [0x0000000080200000, 0x00000000eea10000, 0x00000000eea10000)
  from space 226240K,  63% used [0x00000000fc700000, 0x0000000105454858, 0x000000010a3f0000)
  to   space 226240K,   0% used [0x00000000eea10000, 0x00000000eea10000, 0x00000000fc700000)
 tenured generation   total 4525860K, used 4462601K [0x0000000300150000, 0x0000000414519000, 0x0000000800000000)
   the space 4525860K,  98% used [0x0000000300150000, 0x00000004107526f8, 0x0000000410752800, 0x0000000414519000)
 Metaspace       used 22715K, capacity 23233K, committed 23424K, reserved 1071104K
  class space    used 2354K, capacity 2568K, committed 2688K, reserved 1048576K
}
Event: 868.235 GC heap after
{Heap after GC invocations=692 (full 22):
 def new generation   total 2036736K, used 108298K [0x0000000080200000, 0x000000010a3f0000, 0x0000000300150000)
  eden space 1810496K,   0% used [0x0000000080200000, 0x0000000080200000, 0x00000000eea10000)
  from space 226240K,  47% used [0x00000000eea10000, 0x00000000f53d2b18, 0x00000000fc700000)
  to   space 226240K,   0% used [0x00000000fc700000, 0x00000000fc700000, 0x000000010a3f0000)
 tenured generation   total 4606300K, used 4606295K [0x0000000300150000, 0x00000004193a7000, 0x0000000800000000)
   the space 4606300K,  99% used [0x0000000300150000, 0x00000004193a5d60, 0x00000004193a5e00, 0x00000004193a7000)
 Metaspace       used 22715K, capacity 23233K, committed 23424K, reserved 1071104K
  class space    used 2354K, capacity 2568K, committed 2688K, reserved 1048576K
}
Event: 868.235 GC heap before
{Heap before GC invocations=692 (full 22):
 def new generation   total 2036736K, used 108298K [0x0000000080200000, 0x000000010a3f0000, 0x0000000300150000)
  eden space 1810496K,   0% used [0x0000000080200000, 0x0000000080200000, 0x00000000eea10000)
  from space 226240K,  47% used [0x00000000eea10000, 0x00000000f53d2b18, 0x00000000fc700000)
  to   space 226240K,   0% used [0x00000000fc700000, 0x00000000fc700000, 0x000000010a3f0000)
 tenured generation   total 4606300K, used 4606295K [0x0000000300150000, 0x00000004193a7000, 0x0000000800000000)
   the space 4606300K,  99% used [0x0000000300150000, 0x00000004193a5d60, 0x00000004193a5e00, 0x00000004193a7000)
 Metaspace       used 22715K, capacity 23233K, committed 23424K, reserved 1071104K
  class space    used 2354K, capacity 2568K, committed 2688K, reserved 1048576K
}

