# JRE version: OpenJDK Runtime Environment (13.0.7+5) (build 13.0.7+5-Ubuntu-0ubuntu120.04)
# Java VM: OpenJDK 64-Bit Server VM (13.0.7+5-Ubuntu-0ubuntu120.04, mixed mode, tiered, serial gc, linux-amd64)
Heap:
 def new generation   total 2426304K, used 0K [0x00007f80ec600000, 0x00007f8190eb0000, 0x00007f8641b50000)
  eden space 2156736K,   0% used [0x00007f80ec600000, 0x00007f80ec600000, 0x00007f8170030000)
  from space 269568K,   0% used [0x00007f8180770000, 0x00007f8180770000, 0x00007f8190eb0000)
  to   space 269568K,   0% used [0x00007f8170030000, 0x00007f8170030000, 0x00007f8180770000)
 tenured generation   total 14111792K, used 8467075K [0x00007f8641b50000, 0x00007f899f05c000, 0x00007f90ec600000)
   the space 14111792K,  59% used [0x00007f8641b50000, 0x00007f88467f0c40, 0x00007f88467f0e00, 0x00007f899f05c000)
 Metaspace       used 30985K, capacity 31431K, committed 31488K, reserved 32768K
GC Heap History (20 events):
Event: 55.433 GC heap after
{Heap after GC invocations=36 (full 4):
 def new generation   total 2625984K, used 4673K [0x00007f80ec600000, 0x00007f819e760000, 0x00007f8641b50000)
  eden space 2334208K,   0% used [0x00007f80ec600000, 0x00007f80ec600000, 0x00007f817ad80000)
  from space 291776K,   1% used [0x00007f818ca70000, 0x00007f818cf006b0, 0x00007f819e760000)
  to   space 291776K,   0% used [0x00007f817ad80000, 0x00007f817ad80000, 0x00007f818ca70000)
 tenured generation   total 5835444K, used 1191396K [0x00007f8641b50000, 0x00007f87a5dfd000, 0x00007f90ec600000)
   the space 5835444K,  20% used [0x00007f8641b50000, 0x00007f868a6c9198, 0x00007f868a6c9200, 0x00007f87a5dfd000)
 Metaspace       used 30947K, capacity 31361K, committed 31488K, reserved 32768K
}
Event: 56.356 GC heap before
{Heap before GC invocations=36 (full 4):
 def new generation   total 2625984K, used 2338881K [0x00007f80ec600000, 0x00007f819e760000, 0x00007f8641b50000)
  eden space 2334208K, 100% used [0x00007f80ec600000, 0x00007f817ad80000, 0x00007f817ad80000)
  from space 291776K,   1% used [0x00007f818ca70000, 0x00007f818cf006b0, 0x00007f819e760000)
  to   space 291776K,   0% used [0x00007f817ad80000, 0x00007f817ad80000, 0x00007f818ca70000)
 tenured generation   total 5835444K, used 1191396K [0x00007f8641b50000, 0x00007f87a5dfd000, 0x00007f90ec600000)
   the space 5835444K,  20% used [0x00007f8641b50000, 0x00007f868a6c9198, 0x00007f868a6c9200, 0x00007f87a5dfd000)
 Metaspace       used 30947K, capacity 31361K, committed 31488K, reserved 32768K
}
Event: 56.359 GC heap after
{Heap after GC invocations=37 (full 4):
 def new generation   total 2625984K, used 3013K [0x00007f80ec600000, 0x00007f819e760000, 0x00007f8641b50000)
  eden space 2334208K,   0% used [0x00007f80ec600000, 0x00007f80ec600000, 0x00007f817ad80000)
  from space 291776K,   1% used [0x00007f817ad80000, 0x00007f817b0715f0, 0x00007f818ca70000)
  to   space 291776K,   0% used [0x00007f818ca70000, 0x00007f818ca70000, 0x00007f819e760000)
 tenured generation   total 5835444K, used 1191396K [0x00007f8641b50000, 0x00007f87a5dfd000, 0x00007f90ec600000)
   the space 5835444K,  20% used [0x00007f8641b50000, 0x00007f868a6c92d8, 0x00007f868a6c9400, 0x00007f87a5dfd000)
 Metaspace       used 30947K, capacity 31361K, committed 31488K, reserved 32768K
}
Event: 57.420 GC heap before
{Heap before GC invocations=37 (full 4):
 def new generation   total 2625984K, used 2337221K [0x00007f80ec600000, 0x00007f819e760000, 0x00007f8641b50000)
  eden space 2334208K, 100% used [0x00007f80ec600000, 0x00007f817ad80000, 0x00007f817ad80000)
  from space 291776K,   1% used [0x00007f817ad80000, 0x00007f817b0715f0, 0x00007f818ca70000)
  to   space 291776K,   0% used [0x00007f818ca70000, 0x00007f818ca70000, 0x00007f819e760000)
 tenured generation   total 5835444K, used 1191396K [0x00007f8641b50000, 0x00007f87a5dfd000, 0x00007f90ec600000)
   the space 5835444K,  20% used [0x00007f8641b50000, 0x00007f868a6c92d8, 0x00007f868a6c9400, 0x00007f87a5dfd000)
 Metaspace       used 30974K, capacity 31429K, committed 31488K, reserved 32768K
}
Event: 57.426 GC heap after
{Heap after GC invocations=38 (full 4):
 def new generation   total 2625984K, used 3782K [0x00007f80ec600000, 0x00007f819e760000, 0x00007f8641b50000)
  eden space 2334208K,   0% used [0x00007f80ec600000, 0x00007f80ec600000, 0x00007f817ad80000)
  from space 291776K,   1% used [0x00007f818ca70000, 0x00007f818ce21bf0, 0x00007f819e760000)
  to   space 291776K,   0% used [0x00007f817ad80000, 0x00007f817ad80000, 0x00007f818ca70000)
 tenured generation   total 5835444K, used 1191396K [0x00007f8641b50000, 0x00007f87a5dfd000, 0x00007f90ec600000)
   the space 5835444K,  20% used [0x00007f8641b50000, 0x00007f868a6c92d8, 0x00007f868a6c9400, 0x00007f87a5dfd000)
 Metaspace       used 30974K, capacity 31429K, committed 31488K, reserved 32768K
}
Event: 58.360 GC heap before
{Heap before GC invocations=38 (full 4):
 def new generation   total 2625984K, used 2208675K [0x00007f80ec600000, 0x00007f819e760000, 0x00007f8641b50000)
  eden space 2334208K,  94% used [0x00007f80ec600000, 0x00007f8172f370b8, 0x00007f817ad80000)
  from space 291776K,   1% used [0x00007f818ca70000, 0x00007f818ce21bf0, 0x00007f819e760000)
  to   space 291776K,   0% used [0x00007f817ad80000, 0x00007f817ad80000, 0x00007f818ca70000)
 tenured generation   total 5835444K, used 1191396K [0x00007f8641b50000, 0x00007f87a5dfd000, 0x00007f90ec600000)
   the space 5835444K,  20% used [0x00007f8641b50000, 0x00007f868a6c92d8, 0x00007f868a6c9400, 0x00007f87a5dfd000)
 Metaspace       used 30975K, capacity 31429K, committed 31488K, reserved 32768K
}
Event: 58.457 GC heap after
{Heap after GC invocations=39 (full 4):
 def new generation   total 2625984K, used 263169K [0x00007f80ec600000, 0x00007f819e760000, 0x00007f8641b50000)
  eden space 2334208K,   0% used [0x00007f80ec600000, 0x00007f80ec600000, 0x00007f817ad80000)
  from space 291776K,  90% used [0x00007f817ad80000, 0x00007f818ae80708, 0x00007f818ca70000)
  to   space 291776K,   0% used [0x00007f818ca70000, 0x00007f818ca70000, 0x00007f819e760000)
 tenured generation   total 5835444K, used 1453542K [0x00007f8641b50000, 0x00007f87a5dfd000, 0x00007f90ec600000)
   the space 5835444K,  24% used [0x00007f8641b50000, 0x00007f869a6c9828, 0x00007f869a6c9a00, 0x00007f87a5dfd000)
 Metaspace       used 30975K, capacity 31429K, committed 31488K, reserved 32768K
}
Event: 59.641 GC heap before
{Heap before GC invocations=39 (full 4):
 def new generation   total 2625984K, used 2406650K [0x00007f80ec600000, 0x00007f819e760000, 0x00007f8641b50000)
  eden space 2334208K,  91% used [0x00007f80ec600000, 0x00007f816f33e238, 0x00007f817ad80000)
  from space 291776K,  90% used [0x00007f817ad80000, 0x00007f818ae80708, 0x00007f818ca70000)
  to   space 291776K,   0% used [0x00007f818ca70000, 0x00007f818ca70000, 0x00007f819e760000)
 tenured generation   total 5835444K, used 1453542K [0x00007f8641b50000, 0x00007f87a5dfd000, 0x00007f90ec600000)
   the space 5835444K,  24% used [0x00007f8641b50000, 0x00007f869a6c9828, 0x00007f869a6c9a00, 0x00007f87a5dfd000)
 Metaspace       used 30975K, capacity 31429K, committed 31488K, reserved 32768K
}
Event: 60.388 GC heap after
{Heap after GC invocations=40 (full 4):
 def new generation   total 2625984K, used 0K [0x00007f80ec600000, 0x00007f819e760000, 0x00007f8641b50000)
  eden space 2334208K,   0% used [0x00007f80ec600000, 0x00007f80ec600000, 0x00007f817ad80000)
  from space 291776K,   0% used [0x00007f818ca70000, 0x00007f818ca70160, 0x00007f819e760000)
  to   space 291776K,   0% used [0x00007f817ad80000, 0x00007f817ad80000, 0x00007f818ca70000)
 tenured generation   total 5835444K, used 3551718K [0x00007f8641b50000, 0x00007f87a5dfd000, 0x00007f90ec600000)
   the space 5835444K,  60% used [0x00007f8641b50000, 0x00007f871a7c9bc8, 0x00007f871a7c9c00, 0x00007f87a5dfd000)
 Metaspace       used 30975K, capacity 31429K, committed 31488K, reserved 32768K
}
Event: 61.427 GC heap before
{Heap before GC invocations=40 (full 4):
 def new generation   total 2625984K, used 2334208K [0x00007f80ec600000, 0x00007f819e760000, 0x00007f8641b50000)
  eden space 2334208K, 100% used [0x00007f80ec600000, 0x00007f817ad80000, 0x00007f817ad80000)
  from space 291776K,   0% used [0x00007f818ca70000, 0x00007f818ca70160, 0x00007f819e760000)
  to   space 291776K,   0% used [0x00007f817ad80000, 0x00007f817ad80000, 0x00007f818ca70000)
 tenured generation   total 5835444K, used 3551718K [0x00007f8641b50000, 0x00007f87a5dfd000, 0x00007f90ec600000)
   the space 5835444K,  60% used [0x00007f8641b50000, 0x00007f871a7c9bc8, 0x00007f871a7c9c00, 0x00007f87a5dfd000)
 Metaspace       used 30985K, capacity 31431K, committed 31488K, reserved 32768K
}
Event: 61.906 GC heap after
{Heap after GC invocations=41 (full 4):
 def new generation   total 2625984K, used 266K [0x00007f80ec600000, 0x00007f819e760000, 0x00007f8641b50000)
  eden space 2334208K,   0% used [0x00007f80ec600000, 0x00007f80ec600000, 0x00007f817ad80000)
  from space 291776K,   0% used [0x00007f817ad80000, 0x00007f817adc2948, 0x00007f818ca70000)
  to   space 291776K,   0% used [0x00007f818ca70000, 0x00007f818ca70000, 0x00007f819e760000)
 tenured generation   total 5835444K, used 4600294K [0x00007f8641b50000, 0x00007f87a5dfd000, 0x00007f90ec600000)
   the space 5835444K,  78% used [0x00007f8641b50000, 0x00007f875a7c9be0, 0x00007f875a7c9c00, 0x00007f87a5dfd000)
 Metaspace       used 30985K, capacity 31431K, committed 31488K, reserved 32768K
}
Event: 63.091 GC heap before
{Heap before GC invocations=41 (full 4):
 def new generation   total 2625984K, used 1990175K [0x00007f80ec600000, 0x00007f819e760000, 0x00007f8641b50000)
  eden space 2334208K,  85% used [0x00007f80ec600000, 0x00007f8165d45540, 0x00007f817ad80000)
  from space 291776K,   0% used [0x00007f817ad80000, 0x00007f817adc2948, 0x00007f818ca70000)
  to   space 291776K,   0% used [0x00007f818ca70000, 0x00007f818ca70000, 0x00007f819e760000)
 tenured generation   total 5835444K, used 4600294K [0x00007f8641b50000, 0x00007f87a5dfd000, 0x00007f90ec600000)
   the space 5835444K,  78% used [0x00007f8641b50000, 0x00007f875a7c9be0, 0x00007f875a7c9c00, 0x00007f87a5dfd000)
 Metaspace       used 30985K, capacity 31431K, committed 31488K, reserved 32768K
}
Event: 63.197 GC heap after
{Heap after GC invocations=42 (full 4):
 def new generation   total 2625984K, used 636K [0x00007f80ec600000, 0x00007f819e760000, 0x00007f8641b50000)
  eden space 2334208K,   0% used [0x00007f80ec600000, 0x00007f80ec600000, 0x00007f817ad80000)
  from space 291776K,   0% used [0x00007f818ca70000, 0x00007f818cb0f350, 0x00007f819e760000)
  to   space 291776K,   0% used [0x00007f817ad80000, 0x00007f817ad80000, 0x00007f818ca70000)
 tenured generation   total 5835444K, used 5648870K [0x00007f8641b50000, 0x00007f87a5dfd000, 0x00007f90ec600000)
   the space 5835444K,  96% used [0x00007f8641b50000, 0x00007f879a7c9bf8, 0x00007f879a7c9c00, 0x00007f87a5dfd000)
 Metaspace       used 30985K, capacity 31431K, committed 31488K, reserved 32768K
}
Event: 64.219 GC heap before
{Heap before GC invocations=42 (full 4):
 def new generation   total 2625984K, used 1750651K [0x00007f80ec600000, 0x00007f819e760000, 0x00007f8641b50000)
  eden space 2334208K,  74% used [0x00007f80ec600000, 0x00007f81572ff8f8, 0x00007f817ad80000)
  from space 291776K,   0% used [0x00007f818ca70000, 0x00007f818cb0f350, 0x00007f819e760000)
  to   space 291776K,   0% used [0x00007f817ad80000, 0x00007f817ad80000, 0x00007f818ca70000)
 tenured generation   total 5835444K, used 5648870K [0x00007f8641b50000, 0x00007f87a5dfd000, 0x00007f90ec600000)
   the space 5835444K,  96% used [0x00007f8641b50000, 0x00007f879a7c9bf8, 0x00007f879a7c9c00, 0x00007f87a5dfd000)
 Metaspace       used 30985K, capacity 31431K, committed 31488K, reserved 32768K
}
Event: 64.229 GC heap after
{Heap after GC invocations=43 (full 4):
 def new generation   total 2625984K, used 66221K [0x00007f80ec600000, 0x00007f819e760000, 0x00007f8641b50000)
  eden space 2334208K,   0% used [0x00007f80ec600000, 0x00007f80ec600000, 0x00007f817ad80000)
  from space 291776K,  22% used [0x00007f817ad80000, 0x00007f817ee2b778, 0x00007f818ca70000)
  to   space 291776K,   0% used [0x00007f818ca70000, 0x00007f818ca70000, 0x00007f819e760000)
 tenured generation   total 5835444K, used 5648870K [0x00007f8641b50000, 0x00007f87a5dfd000, 0x00007f90ec600000)
   the space 5835444K,  96% used [0x00007f8641b50000, 0x00007f879a7c9bf8, 0x00007f879a7c9c00, 0x00007f87a5dfd000)
 Metaspace       used 30985K, capacity 31431K, committed 31488K, reserved 32768K
}
Event: 64.229 GC heap before
{Heap before GC invocations=43 (full 4):
 def new generation   total 2625984K, used 66221K [0x00007f80ec600000, 0x00007f819e760000, 0x00007f8641b50000)
  eden space 2334208K,   0% used [0x00007f80ec600000, 0x00007f80ec600000, 0x00007f817ad80000)
  from space 291776K,  22% used [0x00007f817ad80000, 0x00007f817ee2b778, 0x00007f818ca70000)
  to   space 291776K,   0% used [0x00007f818ca70000, 0x00007f818ca70000, 0x00007f819e760000)
 tenured generation   total 5835444K, used 5648870K [0x00007f8641b50000, 0x00007f87a5dfd000, 0x00007f90ec600000)
   the space 5835444K,  96% used [0x00007f8641b50000, 0x00007f879a7c9bf8, 0x00007f879a7c9c00, 0x00007f87a5dfd000)
 Metaspace       used 30985K, capacity 31431K, committed 31488K, reserved 32768K
}
Event: 64.267 GC heap after
{Heap after GC invocations=43 (full 5):
 def new generation   total 2426304K, used 0K [0x00007f80ec600000, 0x00007f8190eb0000, 0x00007f8641b50000)
  eden space 2156736K,   0% used [0x00007f80ec600000, 0x00007f80ec600000, 0x00007f8170030000)
  from space 269568K,   0% used [0x00007f8170030000, 0x00007f8170030000, 0x00007f8180770000)
  to   space 269568K,   0% used [0x00007f8180770000, 0x00007f8180770000, 0x00007f8190eb0000)
 tenured generation   total 5391716K, used 78178K [0x00007f8641b50000, 0x00007f878aca9000, 0x00007f90ec600000)
   the space 5391716K,   1% used [0x00007f8641b50000, 0x00007f86467a8980, 0x00007f86467a8a00, 0x00007f878aca9000)
 Metaspace       used 30985K, capacity 31431K, committed 31488K, reserved 32768K
}
Event: 69.267 GC heap before
{Heap before GC invocations=43 (full 5):
 def new generation   total 2426304K, used 42729K [0x00007f80ec600000, 0x00007f8190eb0000, 0x00007f8641b50000)
  eden space 2156736K,   1% used [0x00007f80ec600000, 0x00007f80eefba7c0, 0x00007f8170030000)
  from space 269568K,   0% used [0x00007f8170030000, 0x00007f8170030000, 0x00007f8180770000)
  to   space 269568K,   0% used [0x00007f8180770000, 0x00007f8180770000, 0x00007f8190eb0000)
 tenured generation   total 13780328K, used 8466786K [0x00007f8641b50000, 0x00007f898acaa000, 0x00007f90ec600000)
   the space 13780328K,  61% used [0x00007f8641b50000, 0x00007f88467a8998, 0x00007f88467a8a00, 0x00007f898acaa000)
 Metaspace       used 30985K, capacity 31431K, committed 31488K, reserved 32768K
}
Event: 69.269 GC heap after
{Heap after GC invocations=44 (full 5):
 def new generation   total 2426304K, used 288K [0x00007f80ec600000, 0x00007f8190eb0000, 0x00007f8641b50000)
  eden space 2156736K,   0% used [0x00007f80ec600000, 0x00007f80ec600000, 0x00007f8170030000)
  from space 269568K,   0% used [0x00007f8180770000, 0x00007f81807b82a8, 0x00007f8190eb0000)
  to   space 269568K,   0% used [0x00007f8170030000, 0x00007f8170030000, 0x00007f8180770000)
 tenured generation   total 13780328K, used 8466786K [0x00007f8641b50000, 0x00007f898acaa000, 0x00007f90ec600000)
   the space 13780328K,  61% used [0x00007f8641b50000, 0x00007f88467a8998, 0x00007f88467a8a00, 0x00007f898acaa000)
 Metaspace       used 30985K, capacity 31431K, committed 31488K, reserved 32768K
}
Event: 69.269 GC heap before
{Heap before GC invocations=44 (full 5):
 def new generation   total 2426304K, used 288K [0x00007f80ec600000, 0x00007f8190eb0000, 0x00007f8641b50000)
  eden space 2156736K,   0% used [0x00007f80ec600000, 0x00007f80ec600000, 0x00007f8170030000)
  from space 269568K,   0% used [0x00007f8180770000, 0x00007f81807b82a8, 0x00007f8190eb0000)
  to   space 269568K,   0% used [0x00007f8170030000, 0x00007f8170030000, 0x00007f8180770000)
 tenured generation   total 13780328K, used 8466786K [0x00007f8641b50000, 0x00007f898acaa000, 0x00007f90ec600000)
   the space 13780328K,  61% used [0x00007f8641b50000, 0x00007f88467a8998, 0x00007f88467a8a00, 0x00007f898acaa000)
 Metaspace       used 30985K, capacity 31431K, committed 31488K, reserved 32768K
}

