# JRE version: OpenJDK Runtime Environment (13.0.7+5) (build 13.0.7+5-Ubuntu-0ubuntu120.04)
# Java VM: OpenJDK 64-Bit Server VM (13.0.7+5-Ubuntu-0ubuntu120.04, mixed mode, tiered, serial gc, linux-amd64)
Heap:
 def new generation   total 2893696K, used 10437K [0x00007f0370600000, 0x00007f04349d0000, 0x00007f08c5b50000)
  eden space 2572224K,   0% used [0x00007f0370600000, 0x00007f0371031668, 0x00007f040d5f0000)
  from space 321472K,   0% used [0x00007f0420fe0000, 0x00007f0420fe0000, 0x00007f04349d0000)
  to   space 321472K,   0% used [0x00007f040d5f0000, 0x00007f040d5f0000, 0x00007f0420fe0000)
 tenured generation   total 6430780K, used 6430779K [0x00007f08c5b50000, 0x00007f0a4e35f000, 0x00007f1370600000)
   the space 6430780K,  99% used [0x00007f08c5b50000, 0x00007f0a4e35eff8, 0x00007f0a4e35f000, 0x00007f0a4e35f000)
 Metaspace       used 24366K, capacity 24789K, committed 24832K, reserved 26624K
GC Heap History (20 events):
Event: 22144.377 GC heap after
{Heap after GC invocations=20112 (full 4):
 def new generation   total 2893696K, used 10621K [0x00007f0370600000, 0x00007f04349d0000, 0x00007f08c5b50000)
  eden space 2572224K,   0% used [0x00007f0370600000, 0x00007f0370600000, 0x00007f040d5f0000)
  from space 321472K,   3% used [0x00007f040d5f0000, 0x00007f040e04f620, 0x00007f0420fe0000)
  to   space 321472K,   0% used [0x00007f0420fe0000, 0x00007f0420fe0000, 0x00007f04349d0000)
 tenured generation   total 6430204K, used 6424459K [0x00007f08c5b50000, 0x00007f0a4e2cf000, 0x00007f1370600000)
   the space 6430204K,  99% used [0x00007f08c5b50000, 0x00007f0a4dd32e80, 0x00007f0a4dd33000, 0x00007f0a4e2cf000)
 Metaspace       used 24366K, capacity 24789K, committed 24832K, reserved 26624K
}
Event: 22146.890 GC heap before
{Heap before GC invocations=20112 (full 4):
 def new generation   total 2893696K, used 2582845K [0x00007f0370600000, 0x00007f04349d0000, 0x00007f08c5b50000)
  eden space 2572224K, 100% used [0x00007f0370600000, 0x00007f040d5f0000, 0x00007f040d5f0000)
  from space 321472K,   3% used [0x00007f040d5f0000, 0x00007f040e04f620, 0x00007f0420fe0000)
  to   space 321472K,   0% used [0x00007f0420fe0000, 0x00007f0420fe0000, 0x00007f04349d0000)
 tenured generation   total 6430204K, used 6424459K [0x00007f08c5b50000, 0x00007f0a4e2cf000, 0x00007f1370600000)
   the space 6430204K,  99% used [0x00007f08c5b50000, 0x00007f0a4dd32e80, 0x00007f0a4dd33000, 0x00007f0a4e2cf000)
 Metaspace       used 24366K, capacity 24789K, committed 24832K, reserved 26624K
}
Event: 22146.925 GC heap after
{Heap after GC invocations=20113 (full 4):
 def new generation   total 2893696K, used 10615K [0x00007f0370600000, 0x00007f04349d0000, 0x00007f08c5b50000)
  eden space 2572224K,   0% used [0x00007f0370600000, 0x00007f0370600000, 0x00007f040d5f0000)
  from space 321472K,   3% used [0x00007f0420fe0000, 0x00007f0421a3dd50, 0x00007f04349d0000)
  to   space 321472K,   0% used [0x00007f040d5f0000, 0x00007f040d5f0000, 0x00007f0420fe0000)
 tenured generation   total 6430204K, used 6425181K [0x00007f08c5b50000, 0x00007f0a4e2cf000, 0x00007f1370600000)
   the space 6430204K,  99% used [0x00007f08c5b50000, 0x00007f0a4dde7770, 0x00007f0a4dde7800, 0x00007f0a4e2cf000)
 Metaspace       used 24366K, capacity 24789K, committed 24832K, reserved 26624K
}
Event: 22149.448 GC heap before
{Heap before GC invocations=20113 (full 4):
 def new generation   total 2893696K, used 2582839K [0x00007f0370600000, 0x00007f04349d0000, 0x00007f08c5b50000)
  eden space 2572224K, 100% used [0x00007f0370600000, 0x00007f040d5f0000, 0x00007f040d5f0000)
  from space 321472K,   3% used [0x00007f0420fe0000, 0x00007f0421a3dd50, 0x00007f04349d0000)
  to   space 321472K,   0% used [0x00007f040d5f0000, 0x00007f040d5f0000, 0x00007f0420fe0000)
 tenured generation   total 6430204K, used 6425181K [0x00007f08c5b50000, 0x00007f0a4e2cf000, 0x00007f1370600000)
   the space 6430204K,  99% used [0x00007f08c5b50000, 0x00007f0a4dde7770, 0x00007f0a4dde7800, 0x00007f0a4e2cf000)
 Metaspace       used 24366K, capacity 24789K, committed 24832K, reserved 26624K
}
Event: 22149.485 GC heap after
{Heap after GC invocations=20114 (full 4):
 def new generation   total 2893696K, used 10487K [0x00007f0370600000, 0x00007f04349d0000, 0x00007f08c5b50000)
  eden space 2572224K,   0% used [0x00007f0370600000, 0x00007f0370600000, 0x00007f040d5f0000)
  from space 321472K,   3% used [0x00007f040d5f0000, 0x00007f040e02de20, 0x00007f0420fe0000)
  to   space 321472K,   0% used [0x00007f0420fe0000, 0x00007f0420fe0000, 0x00007f04349d0000)
 tenured generation   total 6430204K, used 6425916K [0x00007f08c5b50000, 0x00007f0a4e2cf000, 0x00007f1370600000)
   the space 6430204K,  99% used [0x00007f08c5b50000, 0x00007f0a4de9f380, 0x00007f0a4de9f400, 0x00007f0a4e2cf000)
 Metaspace       used 24366K, capacity 24789K, committed 24832K, reserved 26624K
}
Event: 22152.074 GC heap before
{Heap before GC invocations=20114 (full 4):
 def new generation   total 2893696K, used 2582711K [0x00007f0370600000, 0x00007f04349d0000, 0x00007f08c5b50000)
  eden space 2572224K, 100% used [0x00007f0370600000, 0x00007f040d5f0000, 0x00007f040d5f0000)
  from space 321472K,   3% used [0x00007f040d5f0000, 0x00007f040e02de20, 0x00007f0420fe0000)
  to   space 321472K,   0% used [0x00007f0420fe0000, 0x00007f0420fe0000, 0x00007f04349d0000)
 tenured generation   total 6430204K, used 6425916K [0x00007f08c5b50000, 0x00007f0a4e2cf000, 0x00007f1370600000)
   the space 6430204K,  99% used [0x00007f08c5b50000, 0x00007f0a4de9f380, 0x00007f0a4de9f400, 0x00007f0a4e2cf000)
 Metaspace       used 24366K, capacity 24789K, committed 24832K, reserved 26624K
}
Event: 22152.105 GC heap after
{Heap after GC invocations=20115 (full 4):
 def new generation   total 2893696K, used 10310K [0x00007f0370600000, 0x00007f04349d0000, 0x00007f08c5b50000)
  eden space 2572224K,   0% used [0x00007f0370600000, 0x00007f0370600000, 0x00007f040d5f0000)
  from space 321472K,   3% used [0x00007f0420fe0000, 0x00007f04219f1980, 0x00007f04349d0000)
  to   space 321472K,   0% used [0x00007f040d5f0000, 0x00007f040d5f0000, 0x00007f0420fe0000)
 tenured generation   total 6430204K, used 6426634K [0x00007f08c5b50000, 0x00007f0a4e2cf000, 0x00007f1370600000)
   the space 6430204K,  99% used [0x00007f08c5b50000, 0x00007f0a4df52b30, 0x00007f0a4df52c00, 0x00007f0a4e2cf000)
 Metaspace       used 24366K, capacity 24789K, committed 24832K, reserved 26624K
}
Event: 22154.726 GC heap before
{Heap before GC invocations=20115 (full 4):
 def new generation   total 2893696K, used 2582534K [0x00007f0370600000, 0x00007f04349d0000, 0x00007f08c5b50000)
  eden space 2572224K, 100% used [0x00007f0370600000, 0x00007f040d5f0000, 0x00007f040d5f0000)
  from space 321472K,   3% used [0x00007f0420fe0000, 0x00007f04219f1980, 0x00007f04349d0000)
  to   space 321472K,   0% used [0x00007f040d5f0000, 0x00007f040d5f0000, 0x00007f0420fe0000)
 tenured generation   total 6430204K, used 6426634K [0x00007f08c5b50000, 0x00007f0a4e2cf000, 0x00007f1370600000)
   the space 6430204K,  99% used [0x00007f08c5b50000, 0x00007f0a4df52b30, 0x00007f0a4df52c00, 0x00007f0a4e2cf000)
 Metaspace       used 24366K, capacity 24789K, committed 24832K, reserved 26624K
}
Event: 22154.755 GC heap after
{Heap after GC invocations=20116 (full 4):
 def new generation   total 2893696K, used 10367K [0x00007f0370600000, 0x00007f04349d0000, 0x00007f08c5b50000)
  eden space 2572224K,   0% used [0x00007f0370600000, 0x00007f0370600000, 0x00007f040d5f0000)
  from space 321472K,   3% used [0x00007f040d5f0000, 0x00007f040e00fdd8, 0x00007f0420fe0000)
  to   space 321472K,   0% used [0x00007f0420fe0000, 0x00007f0420fe0000, 0x00007f04349d0000)
 tenured generation   total 6430204K, used 6427247K [0x00007f08c5b50000, 0x00007f0a4e2cf000, 0x00007f1370600000)
   the space 6430204K,  99% used [0x00007f08c5b50000, 0x00007f0a4dfebd90, 0x00007f0a4dfebe00, 0x00007f0a4e2cf000)
 Metaspace       used 24366K, capacity 24789K, committed 24832K, reserved 26624K
}
Event: 22157.322 GC heap before
{Heap before GC invocations=20116 (full 4):
 def new generation   total 2893696K, used 2582591K [0x00007f0370600000, 0x00007f04349d0000, 0x00007f08c5b50000)
  eden space 2572224K, 100% used [0x00007f0370600000, 0x00007f040d5f0000, 0x00007f040d5f0000)
  from space 321472K,   3% used [0x00007f040d5f0000, 0x00007f040e00fdd8, 0x00007f0420fe0000)
  to   space 321472K,   0% used [0x00007f0420fe0000, 0x00007f0420fe0000, 0x00007f04349d0000)
 tenured generation   total 6430204K, used 6427247K [0x00007f08c5b50000, 0x00007f0a4e2cf000, 0x00007f1370600000)
   the space 6430204K,  99% used [0x00007f08c5b50000, 0x00007f0a4dfebd90, 0x00007f0a4dfebe00, 0x00007f0a4e2cf000)
 Metaspace       used 24366K, capacity 24789K, committed 24832K, reserved 26624K
}
Event: 22157.357 GC heap after
{Heap after GC invocations=20117 (full 4):
 def new generation   total 2893696K, used 10498K [0x00007f0370600000, 0x00007f04349d0000, 0x00007f08c5b50000)
  eden space 2572224K,   0% used [0x00007f0370600000, 0x00007f0370600000, 0x00007f040d5f0000)
  from space 321472K,   3% used [0x00007f0420fe0000, 0x00007f0421a20918, 0x00007f04349d0000)
  to   space 321472K,   0% used [0x00007f040d5f0000, 0x00007f040d5f0000, 0x00007f0420fe0000)
 tenured generation   total 6430204K, used 6427811K [0x00007f08c5b50000, 0x00007f0a4e2cf000, 0x00007f1370600000)
   the space 6430204K,  99% used [0x00007f08c5b50000, 0x00007f0a4e078f00, 0x00007f0a4e079000, 0x00007f0a4e2cf000)
 Metaspace       used 24366K, capacity 24789K, committed 24832K, reserved 26624K
}
Event: 22159.908 GC heap before
{Heap before GC invocations=20117 (full 4):
 def new generation   total 2893696K, used 2582722K [0x00007f0370600000, 0x00007f04349d0000, 0x00007f08c5b50000)
  eden space 2572224K, 100% used [0x00007f0370600000, 0x00007f040d5f0000, 0x00007f040d5f0000)
  from space 321472K,   3% used [0x00007f0420fe0000, 0x00007f0421a20918, 0x00007f04349d0000)
  to   space 321472K,   0% used [0x00007f040d5f0000, 0x00007f040d5f0000, 0x00007f0420fe0000)
 tenured generation   total 6430204K, used 6427811K [0x00007f08c5b50000, 0x00007f0a4e2cf000, 0x00007f1370600000)
   the space 6430204K,  99% used [0x00007f08c5b50000, 0x00007f0a4e078f00, 0x00007f0a4e079000, 0x00007f0a4e2cf000)
 Metaspace       used 24366K, capacity 24789K, committed 24832K, reserved 26624K
}
Event: 22159.938 GC heap after
{Heap after GC invocations=20118 (full 4):
 def new generation   total 2893696K, used 10575K [0x00007f0370600000, 0x00007f04349d0000, 0x00007f08c5b50000)
  eden space 2572224K,   0% used [0x00007f0370600000, 0x00007f0370600000, 0x00007f040d5f0000)
  from space 321472K,   3% used [0x00007f040d5f0000, 0x00007f040e043c08, 0x00007f0420fe0000)
  to   space 321472K,   0% used [0x00007f0420fe0000, 0x00007f0420fe0000, 0x00007f04349d0000)
 tenured generation   total 6430204K, used 6428477K [0x00007f08c5b50000, 0x00007f0a4e2cf000, 0x00007f1370600000)
   the space 6430204K,  99% used [0x00007f08c5b50000, 0x00007f0a4e11f7e0, 0x00007f0a4e11f800, 0x00007f0a4e2cf000)
 Metaspace       used 24366K, capacity 24789K, committed 24832K, reserved 26624K
}
Event: 22162.439 GC heap before
{Heap before GC invocations=20118 (full 4):
 def new generation   total 2893696K, used 2582799K [0x00007f0370600000, 0x00007f04349d0000, 0x00007f08c5b50000)
  eden space 2572224K, 100% used [0x00007f0370600000, 0x00007f040d5f0000, 0x00007f040d5f0000)
  from space 321472K,   3% used [0x00007f040d5f0000, 0x00007f040e043c08, 0x00007f0420fe0000)
  to   space 321472K,   0% used [0x00007f0420fe0000, 0x00007f0420fe0000, 0x00007f04349d0000)
 tenured generation   total 6430204K, used 6428477K [0x00007f08c5b50000, 0x00007f0a4e2cf000, 0x00007f1370600000)
   the space 6430204K,  99% used [0x00007f08c5b50000, 0x00007f0a4e11f7e0, 0x00007f0a4e11f800, 0x00007f0a4e2cf000)
 Metaspace       used 24366K, capacity 24789K, committed 24832K, reserved 26624K
}
Event: 22162.472 GC heap after
{Heap after GC invocations=20119 (full 4):
 def new generation   total 2893696K, used 10567K [0x00007f0370600000, 0x00007f04349d0000, 0x00007f08c5b50000)
  eden space 2572224K,   0% used [0x00007f0370600000, 0x00007f0370600000, 0x00007f040d5f0000)
  from space 321472K,   3% used [0x00007f0420fe0000, 0x00007f0421a31ed0, 0x00007f04349d0000)
  to   space 321472K,   0% used [0x00007f040d5f0000, 0x00007f040d5f0000, 0x00007f0420fe0000)
 tenured generation   total 6430204K, used 6429195K [0x00007f08c5b50000, 0x00007f0a4e2cf000, 0x00007f1370600000)
   the space 6430204K,  99% used [0x00007f08c5b50000, 0x00007f0a4e1d2f90, 0x00007f0a4e1d3000, 0x00007f0a4e2cf000)
 Metaspace       used 24366K, capacity 24789K, committed 24832K, reserved 26624K
}
Event: 22164.954 GC heap before
{Heap before GC invocations=20119 (full 4):
 def new generation   total 2893696K, used 2582791K [0x00007f0370600000, 0x00007f04349d0000, 0x00007f08c5b50000)
  eden space 2572224K, 100% used [0x00007f0370600000, 0x00007f040d5f0000, 0x00007f040d5f0000)
  from space 321472K,   3% used [0x00007f0420fe0000, 0x00007f0421a31ed0, 0x00007f04349d0000)
  to   space 321472K,   0% used [0x00007f040d5f0000, 0x00007f040d5f0000, 0x00007f0420fe0000)
 tenured generation   total 6430204K, used 6429195K [0x00007f08c5b50000, 0x00007f0a4e2cf000, 0x00007f1370600000)
   the space 6430204K,  99% used [0x00007f08c5b50000, 0x00007f0a4e1d2f90, 0x00007f0a4e1d3000, 0x00007f0a4e2cf000)
 Metaspace       used 24366K, capacity 24789K, committed 24832K, reserved 26624K
}
Event: 22164.986 GC heap after
{Heap after GC invocations=20120 (full 4):
 def new generation   total 2893696K, used 10570K [0x00007f0370600000, 0x00007f04349d0000, 0x00007f08c5b50000)
  eden space 2572224K,   0% used [0x00007f0370600000, 0x00007f0370600000, 0x00007f040d5f0000)
  from space 321472K,   3% used [0x00007f040d5f0000, 0x00007f040e042aa0, 0x00007f0420fe0000)
  to   space 321472K,   0% used [0x00007f0420fe0000, 0x00007f0420fe0000, 0x00007f04349d0000)
 tenured generation   total 6430204K, used 6429930K [0x00007f08c5b50000, 0x00007f0a4e2cf000, 0x00007f1370600000)
   the space 6430204K,  99% used [0x00007f08c5b50000, 0x00007f0a4e28aba0, 0x00007f0a4e28ac00, 0x00007f0a4e2cf000)
 Metaspace       used 24366K, capacity 24789K, committed 24832K, reserved 26624K
}
Event: 22167.520 GC heap before
{Heap before GC invocations=20120 (full 4):
 def new generation   total 2893696K, used 2582794K [0x00007f0370600000, 0x00007f04349d0000, 0x00007f08c5b50000)
  eden space 2572224K, 100% used [0x00007f0370600000, 0x00007f040d5f0000, 0x00007f040d5f0000)
  from space 321472K,   3% used [0x00007f040d5f0000, 0x00007f040e042aa0, 0x00007f0420fe0000)
  to   space 321472K,   0% used [0x00007f0420fe0000, 0x00007f0420fe0000, 0x00007f04349d0000)
 tenured generation   total 6430204K, used 6429930K [0x00007f08c5b50000, 0x00007f0a4e2cf000, 0x00007f1370600000)
   the space 6430204K,  99% used [0x00007f08c5b50000, 0x00007f0a4e28aba0, 0x00007f0a4e28ac00, 0x00007f0a4e2cf000)
 Metaspace       used 24366K, capacity 24789K, committed 24832K, reserved 26624K
}
Event: 22167.554 GC heap after
{Heap after GC invocations=20121 (full 4):
 def new generation   total 2893696K, used 10568K [0x00007f0370600000, 0x00007f04349d0000, 0x00007f08c5b50000)
  eden space 2572224K,   0% used [0x00007f0370600000, 0x00007f0370600000, 0x00007f040d5f0000)
  from space 321472K,   3% used [0x00007f0420fe0000, 0x00007f0421a32310, 0x00007f04349d0000)
  to   space 321472K,   0% used [0x00007f040d5f0000, 0x00007f040d5f0000, 0x00007f0420fe0000)
 tenured generation   total 6430780K, used 6430648K [0x00007f08c5b50000, 0x00007f0a4e35f000, 0x00007f1370600000)
   the space 6430780K,  99% used [0x00007f08c5b50000, 0x00007f0a4e33e350, 0x00007f0a4e33e400, 0x00007f0a4e35f000)
 Metaspace       used 24366K, capacity 24789K, committed 24832K, reserved 26624K
}
Event: 22167.554 GC heap before
{Heap before GC invocations=20121 (full 4):
 def new generation   total 2893696K, used 10568K [0x00007f0370600000, 0x00007f04349d0000, 0x00007f08c5b50000)
  eden space 2572224K,   0% used [0x00007f0370600000, 0x00007f0370600000, 0x00007f040d5f0000)
  from space 321472K,   3% used [0x00007f0420fe0000, 0x00007f0421a32310, 0x00007f04349d0000)
  to   space 321472K,   0% used [0x00007f040d5f0000, 0x00007f040d5f0000, 0x00007f0420fe0000)
 tenured generation   total 6430780K, used 6430648K [0x00007f08c5b50000, 0x00007f0a4e35f000, 0x00007f1370600000)
   the space 6430780K,  99% used [0x00007f08c5b50000, 0x00007f0a4e33e350, 0x00007f0a4e33e400, 0x00007f0a4e35f000)
 Metaspace       used 24366K, capacity 24789K, committed 24832K, reserved 26624K
}

