# JRE version: OpenJDK Runtime Environment (13.0.7+5) (build 13.0.7+5-Ubuntu-0ubuntu120.04)
# Java VM: OpenJDK 64-Bit Server VM (13.0.7+5-Ubuntu-0ubuntu120.04, mixed mode, tiered, serial gc, linux-amd64)
Heap:
 def new generation   total 4504512K, used 0K [0x00007fb91c600000, 0x00007fba4ddb0000, 0x00007fc3c70a0000)
  eden space 4004032K,   0% used [0x00007fb91c600000, 0x00007fb91c600000, 0x00007fba10c30000)
  from space 500480K,   0% used [0x00007fba2f4f0000, 0x00007fba2f4f0000, 0x00007fba4ddb0000)
  to   space 500480K,   0% used [0x00007fba10c30000, 0x00007fba10c30000, 0x00007fba2f4f0000)
 tenured generation   total 10026272K, used 10007622K [0x00007fc3c70a0000, 0x00007fc62afe8000, 0x00007fd91c600000)
   the space 10026272K,  99% used [0x00007fc3c70a0000, 0x00007fc629db1860, 0x00007fc629db1a00, 0x00007fc62afe8000)
 Metaspace       used 24293K, capacity 24702K, committed 24832K, reserved 26624K
GC Heap History (20 events):
Event: 2593.189 GC heap after
{Heap after GC invocations=1646 (full 7):
 def new generation   total 4504512K, used 249257K [0x00007fb91c600000, 0x00007fba4ddb0000, 0x00007fc3c70a0000)
  eden space 4004032K,   0% used [0x00007fb91c600000, 0x00007fb91c600000, 0x00007fba10c30000)
  from space 500480K,  49% used [0x00007fba10c30000, 0x00007fba1ff9a718, 0x00007fba2f4f0000)
  to   space 500480K,   0% used [0x00007fba2f4f0000, 0x00007fba2f4f0000, 0x00007fba4ddb0000)
 tenured generation   total 10009884K, used 9877073K [0x00007fc3c70a0000, 0x00007fc629fe7000, 0x00007fd91c600000)
   the space 10009884K,  98% used [0x00007fc3c70a0000, 0x00007fc621e34710, 0x00007fc621e34800, 0x00007fc629fe7000)
 Metaspace       used 24293K, capacity 24702K, committed 24832K, reserved 26624K
}
Event: 2597.049 GC heap before
{Heap before GC invocations=1646 (full 7):
 def new generation   total 4504512K, used 4253289K [0x00007fb91c600000, 0x00007fba4ddb0000, 0x00007fc3c70a0000)
  eden space 4004032K, 100% used [0x00007fb91c600000, 0x00007fba10c30000, 0x00007fba10c30000)
  from space 500480K,  49% used [0x00007fba10c30000, 0x00007fba1ff9a718, 0x00007fba2f4f0000)
  to   space 500480K,   0% used [0x00007fba2f4f0000, 0x00007fba2f4f0000, 0x00007fba4ddb0000)
 tenured generation   total 10009884K, used 9877073K [0x00007fc3c70a0000, 0x00007fc629fe7000, 0x00007fd91c600000)
   the space 10009884K,  98% used [0x00007fc3c70a0000, 0x00007fc621e34710, 0x00007fc621e34800, 0x00007fc629fe7000)
 Metaspace       used 24293K, capacity 24702K, committed 24832K, reserved 26624K
}
Event: 2597.236 GC heap after
{Heap after GC invocations=1647 (full 7):
 def new generation   total 4504512K, used 263607K [0x00007fb91c600000, 0x00007fba4ddb0000, 0x00007fc3c70a0000)
  eden space 4004032K,   0% used [0x00007fb91c600000, 0x00007fb91c600000, 0x00007fba10c30000)
  from space 500480K,  52% used [0x00007fba2f4f0000, 0x00007fba3f65ddf0, 0x00007fba4ddb0000)
  to   space 500480K,   0% used [0x00007fba10c30000, 0x00007fba10c30000, 0x00007fba2f4f0000)
 tenured generation   total 10009884K, used 9894032K [0x00007fc3c70a0000, 0x00007fc629fe7000, 0x00007fd91c600000)
   the space 10009884K,  98% used [0x00007fc3c70a0000, 0x00007fc622ec4318, 0x00007fc622ec4400, 0x00007fc629fe7000)
 Metaspace       used 24293K, capacity 24702K, committed 24832K, reserved 26624K
}
Event: 2601.212 GC heap before
{Heap before GC invocations=1647 (full 7):
 def new generation   total 4504512K, used 4267639K [0x00007fb91c600000, 0x00007fba4ddb0000, 0x00007fc3c70a0000)
  eden space 4004032K, 100% used [0x00007fb91c600000, 0x00007fba10c30000, 0x00007fba10c30000)
  from space 500480K,  52% used [0x00007fba2f4f0000, 0x00007fba3f65ddf0, 0x00007fba4ddb0000)
  to   space 500480K,   0% used [0x00007fba10c30000, 0x00007fba10c30000, 0x00007fba2f4f0000)
 tenured generation   total 10009884K, used 9894032K [0x00007fc3c70a0000, 0x00007fc629fe7000, 0x00007fd91c600000)
   the space 10009884K,  98% used [0x00007fc3c70a0000, 0x00007fc622ec4318, 0x00007fc622ec4400, 0x00007fc629fe7000)
 Metaspace       used 24293K, capacity 24702K, committed 24832K, reserved 26624K
}
Event: 2601.385 GC heap after
{Heap after GC invocations=1648 (full 7):
 def new generation   total 4504512K, used 251326K [0x00007fb91c600000, 0x00007fba4ddb0000, 0x00007fc3c70a0000)
  eden space 4004032K,   0% used [0x00007fb91c600000, 0x00007fb91c600000, 0x00007fba10c30000)
  from space 500480K,  50% used [0x00007fba10c30000, 0x00007fba2019f980, 0x00007fba2f4f0000)
  to   space 500480K,   0% used [0x00007fba2f4f0000, 0x00007fba2f4f0000, 0x00007fba4ddb0000)
 tenured generation   total 10009884K, used 9910991K [0x00007fc3c70a0000, 0x00007fc629fe7000, 0x00007fd91c600000)
   the space 10009884K,  99% used [0x00007fc3c70a0000, 0x00007fc623f53f20, 0x00007fc623f54000, 0x00007fc629fe7000)
 Metaspace       used 24293K, capacity 24702K, committed 24832K, reserved 26624K
}
Event: 2605.504 GC heap before
{Heap before GC invocations=1648 (full 7):
 def new generation   total 4504512K, used 4255358K [0x00007fb91c600000, 0x00007fba4ddb0000, 0x00007fc3c70a0000)
  eden space 4004032K, 100% used [0x00007fb91c600000, 0x00007fba10c30000, 0x00007fba10c30000)
  from space 500480K,  50% used [0x00007fba10c30000, 0x00007fba2019f980, 0x00007fba2f4f0000)
  to   space 500480K,   0% used [0x00007fba2f4f0000, 0x00007fba2f4f0000, 0x00007fba4ddb0000)
 tenured generation   total 10009884K, used 9910991K [0x00007fc3c70a0000, 0x00007fc629fe7000, 0x00007fd91c600000)
   the space 10009884K,  99% used [0x00007fc3c70a0000, 0x00007fc623f53f20, 0x00007fc623f54000, 0x00007fc629fe7000)
 Metaspace       used 24293K, capacity 24702K, committed 24832K, reserved 26624K
}
Event: 2605.684 GC heap after
{Heap after GC invocations=1649 (full 7):
 def new generation   total 4504512K, used 257439K [0x00007fb91c600000, 0x00007fba4ddb0000, 0x00007fc3c70a0000)
  eden space 4004032K,   0% used [0x00007fb91c600000, 0x00007fb91c600000, 0x00007fba10c30000)
  from space 500480K,  51% used [0x00007fba2f4f0000, 0x00007fba3f057dc8, 0x00007fba4ddb0000)
  to   space 500480K,   0% used [0x00007fba10c30000, 0x00007fba10c30000, 0x00007fba2f4f0000)
 tenured generation   total 10009884K, used 9927950K [0x00007fc3c70a0000, 0x00007fc629fe7000, 0x00007fd91c600000)
   the space 10009884K,  99% used [0x00007fc3c70a0000, 0x00007fc624fe3b28, 0x00007fc624fe3c00, 0x00007fc629fe7000)
 Metaspace       used 24293K, capacity 24702K, committed 24832K, reserved 26624K
}
Event: 2609.899 GC heap before
{Heap before GC invocations=1649 (full 7):
 def new generation   total 4504512K, used 4252914K [0x00007fb91c600000, 0x00007fba4ddb0000, 0x00007fc3c70a0000)
  eden space 4004032K,  99% used [0x00007fb91c600000, 0x00007fba103d4ba0, 0x00007fba10c30000)
  from space 500480K,  51% used [0x00007fba2f4f0000, 0x00007fba3f057dc8, 0x00007fba4ddb0000)
  to   space 500480K,   0% used [0x00007fba10c30000, 0x00007fba10c30000, 0x00007fba2f4f0000)
 tenured generation   total 10009884K, used 9927950K [0x00007fc3c70a0000, 0x00007fc629fe7000, 0x00007fd91c600000)
   the space 10009884K,  99% used [0x00007fc3c70a0000, 0x00007fc624fe3b28, 0x00007fc624fe3c00, 0x00007fc629fe7000)
 Metaspace       used 24293K, capacity 24702K, committed 24832K, reserved 26624K
}
Event: 2610.061 GC heap after
{Heap after GC invocations=1650 (full 7):
 def new generation   total 4504512K, used 238452K [0x00007fb91c600000, 0x00007fba4ddb0000, 0x00007fc3c70a0000)
  eden space 4004032K,   0% used [0x00007fb91c600000, 0x00007fb91c600000, 0x00007fba10c30000)
  from space 500480K,  47% used [0x00007fba10c30000, 0x00007fba1f50d018, 0x00007fba2f4f0000)
  to   space 500480K,   0% used [0x00007fba2f4f0000, 0x00007fba2f4f0000, 0x00007fba4ddb0000)
 tenured generation   total 10009884K, used 9944909K [0x00007fc3c70a0000, 0x00007fc629fe7000, 0x00007fd91c600000)
   the space 10009884K,  99% used [0x00007fc3c70a0000, 0x00007fc626073730, 0x00007fc626073800, 0x00007fc629fe7000)
 Metaspace       used 24293K, capacity 24702K, committed 24832K, reserved 26624K
}
Event: 2614.468 GC heap before
{Heap before GC invocations=1650 (full 7):
 def new generation   total 4504512K, used 4242484K [0x00007fb91c600000, 0x00007fba4ddb0000, 0x00007fc3c70a0000)
  eden space 4004032K, 100% used [0x00007fb91c600000, 0x00007fba10c30000, 0x00007fba10c30000)
  from space 500480K,  47% used [0x00007fba10c30000, 0x00007fba1f50d018, 0x00007fba2f4f0000)
  to   space 500480K,   0% used [0x00007fba2f4f0000, 0x00007fba2f4f0000, 0x00007fba4ddb0000)
 tenured generation   total 10009884K, used 9944909K [0x00007fc3c70a0000, 0x00007fc629fe7000, 0x00007fd91c600000)
   the space 10009884K,  99% used [0x00007fc3c70a0000, 0x00007fc626073730, 0x00007fc626073800, 0x00007fc629fe7000)
 Metaspace       used 24293K, capacity 24702K, committed 24832K, reserved 26624K
}
Event: 2614.633 GC heap after
{Heap after GC invocations=1651 (full 7):
 def new generation   total 4504512K, used 254382K [0x00007fb91c600000, 0x00007fba4ddb0000, 0x00007fc3c70a0000)
  eden space 4004032K,   0% used [0x00007fb91c600000, 0x00007fb91c600000, 0x00007fba10c30000)
  from space 500480K,  50% used [0x00007fba2f4f0000, 0x00007fba3ed5ba88, 0x00007fba4ddb0000)
  to   space 500480K,   0% used [0x00007fba10c30000, 0x00007fba10c30000, 0x00007fba2f4f0000)
 tenured generation   total 10009884K, used 9944909K [0x00007fc3c70a0000, 0x00007fc629fe7000, 0x00007fd91c600000)
   the space 10009884K,  99% used [0x00007fc3c70a0000, 0x00007fc626073730, 0x00007fc626073800, 0x00007fc629fe7000)
 Metaspace       used 24293K, capacity 24702K, committed 24832K, reserved 26624K
}
Event: 2618.792 GC heap before
{Heap before GC invocations=1651 (full 7):
 def new generation   total 4504512K, used 4258414K [0x00007fb91c600000, 0x00007fba4ddb0000, 0x00007fc3c70a0000)
  eden space 4004032K, 100% used [0x00007fb91c600000, 0x00007fba10c30000, 0x00007fba10c30000)
  from space 500480K,  50% used [0x00007fba2f4f0000, 0x00007fba3ed5ba88, 0x00007fba4ddb0000)
  to   space 500480K,   0% used [0x00007fba10c30000, 0x00007fba10c30000, 0x00007fba2f4f0000)
 tenured generation   total 10009884K, used 9944909K [0x00007fc3c70a0000, 0x00007fc629fe7000, 0x00007fd91c600000)
   the space 10009884K,  99% used [0x00007fc3c70a0000, 0x00007fc626073730, 0x00007fc626073800, 0x00007fc629fe7000)
 Metaspace       used 24293K, capacity 24702K, committed 24832K, reserved 26624K
}
Event: 2619.071 GC heap after
{Heap after GC invocations=1652 (full 7):
 def new generation   total 4504512K, used 254385K [0x00007fb91c600000, 0x00007fba4ddb0000, 0x00007fc3c70a0000)
  eden space 4004032K,   0% used [0x00007fb91c600000, 0x00007fb91c600000, 0x00007fba10c30000)
  from space 500480K,  50% used [0x00007fba10c30000, 0x00007fba2049c438, 0x00007fba2f4f0000)
  to   space 500480K,   0% used [0x00007fba2f4f0000, 0x00007fba2f4f0000, 0x00007fba4ddb0000)
 tenured generation   total 10009884K, used 9961868K [0x00007fc3c70a0000, 0x00007fc629fe7000, 0x00007fd91c600000)
   the space 10009884K,  99% used [0x00007fc3c70a0000, 0x00007fc627103338, 0x00007fc627103400, 0x00007fc629fe7000)
 Metaspace       used 24293K, capacity 24702K, committed 24832K, reserved 26624K
}
Event: 2623.172 GC heap before
{Heap before GC invocations=1652 (full 7):
 def new generation   total 4504512K, used 4258417K [0x00007fb91c600000, 0x00007fba4ddb0000, 0x00007fc3c70a0000)
  eden space 4004032K, 100% used [0x00007fb91c600000, 0x00007fba10c30000, 0x00007fba10c30000)
  from space 500480K,  50% used [0x00007fba10c30000, 0x00007fba2049c438, 0x00007fba2f4f0000)
  to   space 500480K,   0% used [0x00007fba2f4f0000, 0x00007fba2f4f0000, 0x00007fba4ddb0000)
 tenured generation   total 10009884K, used 9961868K [0x00007fc3c70a0000, 0x00007fc629fe7000, 0x00007fd91c600000)
   the space 10009884K,  99% used [0x00007fc3c70a0000, 0x00007fc627103338, 0x00007fc627103400, 0x00007fc629fe7000)
 Metaspace       used 24293K, capacity 24702K, committed 24832K, reserved 26624K
}
Event: 2623.355 GC heap after
{Heap after GC invocations=1653 (full 7):
 def new generation   total 4504512K, used 255394K [0x00007fb91c600000, 0x00007fba4ddb0000, 0x00007fc3c70a0000)
  eden space 4004032K,   0% used [0x00007fb91c600000, 0x00007fb91c600000, 0x00007fba10c30000)
  from space 500480K,  51% used [0x00007fba2f4f0000, 0x00007fba3ee58858, 0x00007fba4ddb0000)
  to   space 500480K,   0% used [0x00007fba10c30000, 0x00007fba10c30000, 0x00007fba2f4f0000)
 tenured generation   total 10009884K, used 9978828K [0x00007fc3c70a0000, 0x00007fc629fe7000, 0x00007fd91c600000)
   the space 10009884K,  99% used [0x00007fc3c70a0000, 0x00007fc628193028, 0x00007fc628193200, 0x00007fc629fe7000)
 Metaspace       used 24293K, capacity 24702K, committed 24832K, reserved 26624K
}
Event: 2627.271 GC heap before
{Heap before GC invocations=1653 (full 7):
 def new generation   total 4504512K, used 4259426K [0x00007fb91c600000, 0x00007fba4ddb0000, 0x00007fc3c70a0000)
  eden space 4004032K, 100% used [0x00007fb91c600000, 0x00007fba10c30000, 0x00007fba10c30000)
  from space 500480K,  51% used [0x00007fba2f4f0000, 0x00007fba3ee58858, 0x00007fba4ddb0000)
  to   space 500480K,   0% used [0x00007fba10c30000, 0x00007fba10c30000, 0x00007fba2f4f0000)
 tenured generation   total 10009884K, used 9978828K [0x00007fc3c70a0000, 0x00007fc629fe7000, 0x00007fd91c600000)
   the space 10009884K,  99% used [0x00007fc3c70a0000, 0x00007fc628193028, 0x00007fc628193200, 0x00007fc629fe7000)
 Metaspace       used 24293K, capacity 24702K, committed 24832K, reserved 26624K
}
Event: 2627.472 GC heap after
{Heap after GC invocations=1654 (full 7):
 def new generation   total 4504512K, used 251286K [0x00007fb91c600000, 0x00007fba4ddb0000, 0x00007fc3c70a0000)
  eden space 4004032K,   0% used [0x00007fb91c600000, 0x00007fb91c600000, 0x00007fba10c30000)
  from space 500480K,  50% used [0x00007fba10c30000, 0x00007fba20195918, 0x00007fba2f4f0000)
  to   space 500480K,   0% used [0x00007fba2f4f0000, 0x00007fba2f4f0000, 0x00007fba4ddb0000)
 tenured generation   total 10009884K, used 9995786K [0x00007fc3c70a0000, 0x00007fc629fe7000, 0x00007fd91c600000)
   the space 10009884K,  99% used [0x00007fc3c70a0000, 0x00007fc629222ba0, 0x00007fc629222c00, 0x00007fc629fe7000)
 Metaspace       used 24293K, capacity 24702K, committed 24832K, reserved 26624K
}
Event: 2631.352 GC heap before
{Heap before GC invocations=1654 (full 7):
 def new generation   total 4504512K, used 4255318K [0x00007fb91c600000, 0x00007fba4ddb0000, 0x00007fc3c70a0000)
  eden space 4004032K, 100% used [0x00007fb91c600000, 0x00007fba10c30000, 0x00007fba10c30000)
  from space 500480K,  50% used [0x00007fba10c30000, 0x00007fba20195918, 0x00007fba2f4f0000)
  to   space 500480K,   0% used [0x00007fba2f4f0000, 0x00007fba2f4f0000, 0x00007fba4ddb0000)
 tenured generation   total 10009884K, used 9995786K [0x00007fc3c70a0000, 0x00007fc629fe7000, 0x00007fd91c600000)
   the space 10009884K,  99% used [0x00007fc3c70a0000, 0x00007fc629222ba0, 0x00007fc629222c00, 0x00007fc629fe7000)
 Metaspace       used 24293K, capacity 24702K, committed 24832K, reserved 26624K
}
Event: 2631.538 GC heap after
{Heap after GC invocations=1655 (full 7):
 def new generation   total 4504512K, used 264642K [0x00007fb91c600000, 0x00007fba4ddb0000, 0x00007fc3c70a0000)
  eden space 4004032K,   0% used [0x00007fb91c600000, 0x00007fb91c600000, 0x00007fba10c30000)
  from space 500480K,  52% used [0x00007fba2f4f0000, 0x00007fba3f7608b0, 0x00007fba4ddb0000)
  to   space 500480K,   0% used [0x00007fba10c30000, 0x00007fba10c30000, 0x00007fba2f4f0000)
 tenured generation   total 10026272K, used 10012745K [0x00007fc3c70a0000, 0x00007fc62afe8000, 0x00007fd91c600000)
   the space 10026272K,  99% used [0x00007fc3c70a0000, 0x00007fc62a2b2718, 0x00007fc62a2b2800, 0x00007fc62afe8000)
 Metaspace       used 24293K, capacity 24702K, committed 24832K, reserved 26624K
}
Event: 2631.538 GC heap before
{Heap before GC invocations=1655 (full 7):
 def new generation   total 4504512K, used 264642K [0x00007fb91c600000, 0x00007fba4ddb0000, 0x00007fc3c70a0000)
  eden space 4004032K,   0% used [0x00007fb91c600000, 0x00007fb91c600000, 0x00007fba10c30000)
  from space 500480K,  52% used [0x00007fba2f4f0000, 0x00007fba3f7608b0, 0x00007fba4ddb0000)
  to   space 500480K,   0% used [0x00007fba10c30000, 0x00007fba10c30000, 0x00007fba2f4f0000)
 tenured generation   total 10026272K, used 10012745K [0x00007fc3c70a0000, 0x00007fc62afe8000, 0x00007fd91c600000)
   the space 10026272K,  99% used [0x00007fc3c70a0000, 0x00007fc62a2b2718, 0x00007fc62a2b2800, 0x00007fc62afe8000)
 Metaspace       used 24293K, capacity 24702K, committed 24832K, reserved 26624K
}

