# JRE version: OpenJDK Runtime Environment (13.0.7+5) (build 13.0.7+5-Ubuntu-0ubuntu120.04)
# Java VM: OpenJDK 64-Bit Server VM (13.0.7+5-Ubuntu-0ubuntu120.04, mixed mode, tiered, serial gc, linux-amd64)
Heap:
 def new generation   total 2908288K, used 16385K [0x00007f40fc600000, 0x00007f41c19b0000, 0x00007f4651b50000)
  eden space 2585152K,   0% used [0x00007f40fc600000, 0x00007f40fd6007f0, 0x00007f419a290000)
  from space 323136K,   0% used [0x00007f419a290000, 0x00007f419a290000, 0x00007f41ade20000)
  to   space 323136K,   0% used [0x00007f41ade20000, 0x00007f41ade20000, 0x00007f41c19b0000)
 tenured generation   total 6462964K, used 6462963K [0x00007f4651b50000, 0x00007f47dc2cd000, 0x00007f50fc600000)
   the space 6462964K,  99% used [0x00007f4651b50000, 0x00007f47dc2ccff8, 0x00007f47dc2cd000, 0x00007f47dc2cd000)
 Metaspace       used 24421K, capacity 24849K, committed 25088K, reserved 26624K
GC Heap History (20 events):
Event: 14162.296 GC heap after
{Heap after GC invocations=11943 (full 4):
 def new generation   total 2908288K, used 14968K [0x00007f40fc600000, 0x00007f41c19b0000, 0x00007f4651b50000)
  eden space 2585152K,   0% used [0x00007f40fc600000, 0x00007f40fc600000, 0x00007f419a290000)
  from space 323136K,   4% used [0x00007f41ade20000, 0x00007f41aecbe0d0, 0x00007f41c19b0000)
  to   space 323136K,   0% used [0x00007f419a290000, 0x00007f419a290000, 0x00007f41ade20000)
 tenured generation   total 6462772K, used 6454231K [0x00007f4651b50000, 0x00007f47dc29d000, 0x00007f50fc600000)
   the space 6462772K,  99% used [0x00007f4651b50000, 0x00007f47dba45eb0, 0x00007f47dba46000, 0x00007f47dc29d000)
 Metaspace       used 24421K, capacity 24849K, committed 25088K, reserved 26624K
}
Event: 14164.841 GC heap before
{Heap before GC invocations=11943 (full 4):
 def new generation   total 2908288K, used 2600120K [0x00007f40fc600000, 0x00007f41c19b0000, 0x00007f4651b50000)
  eden space 2585152K, 100% used [0x00007f40fc600000, 0x00007f419a290000, 0x00007f419a290000)
  from space 323136K,   4% used [0x00007f41ade20000, 0x00007f41aecbe0d0, 0x00007f41c19b0000)
  to   space 323136K,   0% used [0x00007f419a290000, 0x00007f419a290000, 0x00007f41ade20000)
 tenured generation   total 6462772K, used 6454231K [0x00007f4651b50000, 0x00007f47dc29d000, 0x00007f50fc600000)
   the space 6462772K,  99% used [0x00007f4651b50000, 0x00007f47dba45eb0, 0x00007f47dba46000, 0x00007f47dc29d000)
 Metaspace       used 24421K, capacity 24849K, committed 25088K, reserved 26624K
}
Event: 14164.884 GC heap after
{Heap after GC invocations=11944 (full 4):
 def new generation   total 2908288K, used 15184K [0x00007f40fc600000, 0x00007f41c19b0000, 0x00007f4651b50000)
  eden space 2585152K,   0% used [0x00007f40fc600000, 0x00007f40fc600000, 0x00007f419a290000)
  from space 323136K,   4% used [0x00007f419a290000, 0x00007f419b1641d0, 0x00007f41ade20000)
  to   space 323136K,   0% used [0x00007f41ade20000, 0x00007f41ade20000, 0x00007f41c19b0000)
 tenured generation   total 6462772K, used 6455048K [0x00007f4651b50000, 0x00007f47dc29d000, 0x00007f50fc600000)
   the space 6462772K,  99% used [0x00007f4651b50000, 0x00007f47dbb12108, 0x00007f47dbb12200, 0x00007f47dc29d000)
 Metaspace       used 24421K, capacity 24849K, committed 25088K, reserved 26624K
}
Event: 14167.478 GC heap before
{Heap before GC invocations=11944 (full 4):
 def new generation   total 2908288K, used 2600336K [0x00007f40fc600000, 0x00007f41c19b0000, 0x00007f4651b50000)
  eden space 2585152K, 100% used [0x00007f40fc600000, 0x00007f419a290000, 0x00007f419a290000)
  from space 323136K,   4% used [0x00007f419a290000, 0x00007f419b1641d0, 0x00007f41ade20000)
  to   space 323136K,   0% used [0x00007f41ade20000, 0x00007f41ade20000, 0x00007f41c19b0000)
 tenured generation   total 6462772K, used 6455048K [0x00007f4651b50000, 0x00007f47dc29d000, 0x00007f50fc600000)
   the space 6462772K,  99% used [0x00007f4651b50000, 0x00007f47dbb12108, 0x00007f47dbb12200, 0x00007f47dc29d000)
 Metaspace       used 24421K, capacity 24849K, committed 25088K, reserved 26624K
}
Event: 14167.524 GC heap after
{Heap after GC invocations=11945 (full 4):
 def new generation   total 2908288K, used 15371K [0x00007f40fc600000, 0x00007f41c19b0000, 0x00007f4651b50000)
  eden space 2585152K,   0% used [0x00007f40fc600000, 0x00007f40fc600000, 0x00007f419a290000)
  from space 323136K,   4% used [0x00007f41ade20000, 0x00007f41aed22c88, 0x00007f41c19b0000)
  to   space 323136K,   0% used [0x00007f419a290000, 0x00007f419a290000, 0x00007f41ade20000)
 tenured generation   total 6462772K, used 6455886K [0x00007f4651b50000, 0x00007f47dc29d000, 0x00007f50fc600000)
   the space 6462772K,  99% used [0x00007f4651b50000, 0x00007f47dbbe3b58, 0x00007f47dbbe3c00, 0x00007f47dc29d000)
 Metaspace       used 24421K, capacity 24849K, committed 25088K, reserved 26624K
}
Event: 14170.106 GC heap before
{Heap before GC invocations=11945 (full 4):
 def new generation   total 2908288K, used 2600523K [0x00007f40fc600000, 0x00007f41c19b0000, 0x00007f4651b50000)
  eden space 2585152K, 100% used [0x00007f40fc600000, 0x00007f419a290000, 0x00007f419a290000)
  from space 323136K,   4% used [0x00007f41ade20000, 0x00007f41aed22c88, 0x00007f41c19b0000)
  to   space 323136K,   0% used [0x00007f419a290000, 0x00007f419a290000, 0x00007f41ade20000)
 tenured generation   total 6462772K, used 6455886K [0x00007f4651b50000, 0x00007f47dc29d000, 0x00007f50fc600000)
   the space 6462772K,  99% used [0x00007f4651b50000, 0x00007f47dbbe3b58, 0x00007f47dbbe3c00, 0x00007f47dc29d000)
 Metaspace       used 24421K, capacity 24849K, committed 25088K, reserved 26624K
}
Event: 14170.143 GC heap after
{Heap after GC invocations=11946 (full 4):
 def new generation   total 2908288K, used 15469K [0x00007f40fc600000, 0x00007f41c19b0000, 0x00007f4651b50000)
  eden space 2585152K,   0% used [0x00007f40fc600000, 0x00007f40fc600000, 0x00007f419a290000)
  from space 323136K,   4% used [0x00007f419a290000, 0x00007f419b1ab570, 0x00007f41ade20000)
  to   space 323136K,   0% used [0x00007f41ade20000, 0x00007f41ade20000, 0x00007f41c19b0000)
 tenured generation   total 6462772K, used 6456818K [0x00007f4651b50000, 0x00007f47dc29d000, 0x00007f50fc600000)
   the space 6462772K,  99% used [0x00007f4651b50000, 0x00007f47dbccc858, 0x00007f47dbccca00, 0x00007f47dc29d000)
 Metaspace       used 24421K, capacity 24849K, committed 25088K, reserved 26624K
}
Event: 14172.884 GC heap before
{Heap before GC invocations=11946 (full 4):
 def new generation   total 2908288K, used 2600621K [0x00007f40fc600000, 0x00007f41c19b0000, 0x00007f4651b50000)
  eden space 2585152K, 100% used [0x00007f40fc600000, 0x00007f419a290000, 0x00007f419a290000)
  from space 323136K,   4% used [0x00007f419a290000, 0x00007f419b1ab570, 0x00007f41ade20000)
  to   space 323136K,   0% used [0x00007f41ade20000, 0x00007f41ade20000, 0x00007f41c19b0000)
 tenured generation   total 6462772K, used 6456818K [0x00007f4651b50000, 0x00007f47dc29d000, 0x00007f50fc600000)
   the space 6462772K,  99% used [0x00007f4651b50000, 0x00007f47dbccc858, 0x00007f47dbccca00, 0x00007f47dc29d000)
 Metaspace       used 24421K, capacity 24849K, committed 25088K, reserved 26624K
}
Event: 14172.922 GC heap after
{Heap after GC invocations=11947 (full 4):
 def new generation   total 2908288K, used 15563K [0x00007f40fc600000, 0x00007f41c19b0000, 0x00007f4651b50000)
  eden space 2585152K,   0% used [0x00007f40fc600000, 0x00007f40fc600000, 0x00007f419a290000)
  from space 323136K,   4% used [0x00007f41ade20000, 0x00007f41aed52c38, 0x00007f41c19b0000)
  to   space 323136K,   0% used [0x00007f419a290000, 0x00007f419a290000, 0x00007f41ade20000)
 tenured generation   total 6462772K, used 6457749K [0x00007f4651b50000, 0x00007f47dc29d000, 0x00007f50fc600000)
   the space 6462772K,  99% used [0x00007f4651b50000, 0x00007f47dbdb55b8, 0x00007f47dbdb5600, 0x00007f47dc29d000)
 Metaspace       used 24421K, capacity 24849K, committed 25088K, reserved 26624K
}
Event: 14175.466 GC heap before
{Heap before GC invocations=11947 (full 4):
 def new generation   total 2908288K, used 2600715K [0x00007f40fc600000, 0x00007f41c19b0000, 0x00007f4651b50000)
  eden space 2585152K, 100% used [0x00007f40fc600000, 0x00007f419a290000, 0x00007f419a290000)
  from space 323136K,   4% used [0x00007f41ade20000, 0x00007f41aed52c38, 0x00007f41c19b0000)
  to   space 323136K,   0% used [0x00007f419a290000, 0x00007f419a290000, 0x00007f41ade20000)
 tenured generation   total 6462772K, used 6457749K [0x00007f4651b50000, 0x00007f47dc29d000, 0x00007f50fc600000)
   the space 6462772K,  99% used [0x00007f4651b50000, 0x00007f47dbdb55b8, 0x00007f47dbdb5600, 0x00007f47dc29d000)
 Metaspace       used 24421K, capacity 24849K, committed 25088K, reserved 26624K
}
Event: 14175.504 GC heap after
{Heap after GC invocations=11948 (full 4):
 def new generation   total 2908288K, used 15738K [0x00007f40fc600000, 0x00007f41c19b0000, 0x00007f4651b50000)
  eden space 2585152K,   0% used [0x00007f40fc600000, 0x00007f40fc600000, 0x00007f419a290000)
  from space 323136K,   4% used [0x00007f419a290000, 0x00007f419b1eea30, 0x00007f41ade20000)
  to   space 323136K,   0% used [0x00007f41ade20000, 0x00007f41ade20000, 0x00007f41c19b0000)
 tenured generation   total 6462772K, used 6458772K [0x00007f4651b50000, 0x00007f47dc29d000, 0x00007f50fc600000)
   the space 6462772K,  99% used [0x00007f4651b50000, 0x00007f47dbeb5108, 0x00007f47dbeb5200, 0x00007f47dc29d000)
 Metaspace       used 24421K, capacity 24849K, committed 25088K, reserved 26624K
}
Event: 14178.178 GC heap before
{Heap before GC invocations=11948 (full 4):
 def new generation   total 2908288K, used 2600890K [0x00007f40fc600000, 0x00007f41c19b0000, 0x00007f4651b50000)
  eden space 2585152K, 100% used [0x00007f40fc600000, 0x00007f419a290000, 0x00007f419a290000)
  from space 323136K,   4% used [0x00007f419a290000, 0x00007f419b1eea30, 0x00007f41ade20000)
  to   space 323136K,   0% used [0x00007f41ade20000, 0x00007f41ade20000, 0x00007f41c19b0000)
 tenured generation   total 6462772K, used 6458772K [0x00007f4651b50000, 0x00007f47dc29d000, 0x00007f50fc600000)
   the space 6462772K,  99% used [0x00007f4651b50000, 0x00007f47dbeb5108, 0x00007f47dbeb5200, 0x00007f47dc29d000)
 Metaspace       used 24421K, capacity 24849K, committed 25088K, reserved 26624K
}
Event: 14178.217 GC heap after
{Heap after GC invocations=11949 (full 4):
 def new generation   total 2908288K, used 15927K [0x00007f40fc600000, 0x00007f41c19b0000, 0x00007f4651b50000)
  eden space 2585152K,   0% used [0x00007f40fc600000, 0x00007f40fc600000, 0x00007f419a290000)
  from space 323136K,   4% used [0x00007f41ade20000, 0x00007f41aedadfb0, 0x00007f41c19b0000)
  to   space 323136K,   0% used [0x00007f419a290000, 0x00007f419a290000, 0x00007f41ade20000)
 tenured generation   total 6462772K, used 6459795K [0x00007f4651b50000, 0x00007f47dc29d000, 0x00007f50fc600000)
   the space 6462772K,  99% used [0x00007f4651b50000, 0x00007f47dbfb4c58, 0x00007f47dbfb4e00, 0x00007f47dc29d000)
 Metaspace       used 24421K, capacity 24849K, committed 25088K, reserved 26624K
}
Event: 14180.903 GC heap before
{Heap before GC invocations=11949 (full 4):
 def new generation   total 2908288K, used 2601079K [0x00007f40fc600000, 0x00007f41c19b0000, 0x00007f4651b50000)
  eden space 2585152K, 100% used [0x00007f40fc600000, 0x00007f419a290000, 0x00007f419a290000)
  from space 323136K,   4% used [0x00007f41ade20000, 0x00007f41aedadfb0, 0x00007f41c19b0000)
  to   space 323136K,   0% used [0x00007f419a290000, 0x00007f419a290000, 0x00007f41ade20000)
 tenured generation   total 6462772K, used 6459795K [0x00007f4651b50000, 0x00007f47dc29d000, 0x00007f50fc600000)
   the space 6462772K,  99% used [0x00007f4651b50000, 0x00007f47dbfb4c58, 0x00007f47dbfb4e00, 0x00007f47dc29d000)
 Metaspace       used 24421K, capacity 24849K, committed 25088K, reserved 26624K
}
Event: 14180.945 GC heap after
{Heap after GC invocations=11950 (full 4):
 def new generation   total 2908288K, used 16109K [0x00007f40fc600000, 0x00007f41c19b0000, 0x00007f4651b50000)
  eden space 2585152K,   0% used [0x00007f40fc600000, 0x00007f40fc600000, 0x00007f419a290000)
  from space 323136K,   4% used [0x00007f419a290000, 0x00007f419b24b7d0, 0x00007f41ade20000)
  to   space 323136K,   0% used [0x00007f41ade20000, 0x00007f41ade20000, 0x00007f41c19b0000)
 tenured generation   total 6462772K, used 6460817K [0x00007f4651b50000, 0x00007f47dc29d000, 0x00007f50fc600000)
   the space 6462772K,  99% used [0x00007f4651b50000, 0x00007f47dc0b47a8, 0x00007f47dc0b4800, 0x00007f47dc29d000)
 Metaspace       used 24421K, capacity 24849K, committed 25088K, reserved 26624K
}
Event: 14183.564 GC heap before
{Heap before GC invocations=11950 (full 4):
 def new generation   total 2908288K, used 2601261K [0x00007f40fc600000, 0x00007f41c19b0000, 0x00007f4651b50000)
  eden space 2585152K, 100% used [0x00007f40fc600000, 0x00007f419a290000, 0x00007f419a290000)
  from space 323136K,   4% used [0x00007f419a290000, 0x00007f419b24b7d0, 0x00007f41ade20000)
  to   space 323136K,   0% used [0x00007f41ade20000, 0x00007f41ade20000, 0x00007f41c19b0000)
 tenured generation   total 6462772K, used 6460817K [0x00007f4651b50000, 0x00007f47dc29d000, 0x00007f50fc600000)
   the space 6462772K,  99% used [0x00007f4651b50000, 0x00007f47dc0b47a8, 0x00007f47dc0b4800, 0x00007f47dc29d000)
 Metaspace       used 24421K, capacity 24849K, committed 25088K, reserved 26624K
}
Event: 14183.604 GC heap after
{Heap after GC invocations=11951 (full 4):
 def new generation   total 2908288K, used 16298K [0x00007f40fc600000, 0x00007f41c19b0000, 0x00007f4651b50000)
  eden space 2585152K,   0% used [0x00007f40fc600000, 0x00007f40fc600000, 0x00007f419a290000)
  from space 323136K,   5% used [0x00007f41ade20000, 0x00007f41aee0ab58, 0x00007f41c19b0000)
  to   space 323136K,   0% used [0x00007f419a290000, 0x00007f419a290000, 0x00007f41ade20000)
 tenured generation   total 6462772K, used 6461840K [0x00007f4651b50000, 0x00007f47dc29d000, 0x00007f50fc600000)
   the space 6462772K,  99% used [0x00007f4651b50000, 0x00007f47dc1b42f8, 0x00007f47dc1b4400, 0x00007f47dc29d000)
 Metaspace       used 24421K, capacity 24849K, committed 25088K, reserved 26624K
}
Event: 14186.193 GC heap before
{Heap before GC invocations=11951 (full 4):
 def new generation   total 2908288K, used 2601450K [0x00007f40fc600000, 0x00007f41c19b0000, 0x00007f4651b50000)
  eden space 2585152K, 100% used [0x00007f40fc600000, 0x00007f419a290000, 0x00007f419a290000)
  from space 323136K,   5% used [0x00007f41ade20000, 0x00007f41aee0ab58, 0x00007f41c19b0000)
  to   space 323136K,   0% used [0x00007f419a290000, 0x00007f419a290000, 0x00007f41ade20000)
 tenured generation   total 6462772K, used 6461840K [0x00007f4651b50000, 0x00007f47dc29d000, 0x00007f50fc600000)
   the space 6462772K,  99% used [0x00007f4651b50000, 0x00007f47dc1b42f8, 0x00007f47dc1b4400, 0x00007f47dc29d000)
 Metaspace       used 24421K, capacity 24849K, committed 25088K, reserved 26624K
}
Event: 14186.237 GC heap after
{Heap after GC invocations=11952 (full 4):
 def new generation   total 2908288K, used 16486K [0x00007f40fc600000, 0x00007f41c19b0000, 0x00007f4651b50000)
  eden space 2585152K,   0% used [0x00007f40fc600000, 0x00007f40fc600000, 0x00007f419a290000)
  from space 323136K,   5% used [0x00007f419a290000, 0x00007f419b2a99a0, 0x00007f41ade20000)
  to   space 323136K,   0% used [0x00007f41ade20000, 0x00007f41ade20000, 0x00007f41c19b0000)
 tenured generation   total 6462964K, used 6462863K [0x00007f4651b50000, 0x00007f47dc2cd000, 0x00007f50fc600000)
   the space 6462964K,  99% used [0x00007f4651b50000, 0x00007f47dc2b3e48, 0x00007f47dc2b4000, 0x00007f47dc2cd000)
 Metaspace       used 24421K, capacity 24849K, committed 25088K, reserved 26624K
}
Event: 14186.237 GC heap before
{Heap before GC invocations=11952 (full 4):
 def new generation   total 2908288K, used 16486K [0x00007f40fc600000, 0x00007f41c19b0000, 0x00007f4651b50000)
  eden space 2585152K,   0% used [0x00007f40fc600000, 0x00007f40fc600000, 0x00007f419a290000)
  from space 323136K,   5% used [0x00007f419a290000, 0x00007f419b2a99a0, 0x00007f41ade20000)
  to   space 323136K,   0% used [0x00007f41ade20000, 0x00007f41ade20000, 0x00007f41c19b0000)
 tenured generation   total 6462964K, used 6462863K [0x00007f4651b50000, 0x00007f47dc2cd000, 0x00007f50fc600000)
   the space 6462964K,  99% used [0x00007f4651b50000, 0x00007f47dc2b3e48, 0x00007f47dc2b4000, 0x00007f47dc2cd000)
 Metaspace       used 24421K, capacity 24849K, committed 25088K, reserved 26624K
}

