# JRE version: OpenJDK Runtime Environment (13.0.7+5) (build 13.0.7+5-Ubuntu-0ubuntu120.04)
# Java VM: OpenJDK 64-Bit Server VM (13.0.7+5-Ubuntu-0ubuntu120.04, mixed mode, tiered, serial gc, linux-amd64)
Heap:
 def new generation   total 4863744K, used 110481K [0x00007f5ae4600000, 0x00007f5c2e370000, 0x00007f6039b50000)
  eden space 4323392K,   2% used [0x00007f5ae4600000, 0x00007f5aeb1e4400, 0x00007f5bec410000)
  from space 540352K,   0% used [0x00007f5bec410000, 0x00007f5bec410000, 0x00007f5c0d3c0000)
  to   space 540352K,   0% used [0x00007f5c0d3c0000, 0x00007f5c0d3c0000, 0x00007f5c2e370000)
 tenured generation   total 10811016K, used 10811015K [0x00007f6039b50000, 0x00007f62cd8f2000, 0x00007f6ae4600000)
   the space 10811016K,  99% used [0x00007f6039b50000, 0x00007f62cd8f1ff0, 0x00007f62cd8f2000, 0x00007f62cd8f2000)
 Metaspace       used 24251K, capacity 24713K, committed 24832K, reserved 26624K
GC Heap History (20 events):
Event: 3636.574 GC heap after
{Heap after GC invocations=3712 (full 5):
 def new generation   total 4863744K, used 111057K [0x00007f5ae4600000, 0x00007f5c2e370000, 0x00007f6039b50000)
  eden space 4323392K,   0% used [0x00007f5ae4600000, 0x00007f5ae4600000, 0x00007f5bec410000)
  from space 540352K,  20% used [0x00007f5c0d3c0000, 0x00007f5c14034750, 0x00007f5c2e370000)
  to   space 540352K,   0% used [0x00007f5bec410000, 0x00007f5bec410000, 0x00007f5c0d3c0000)
 tenured generation   total 10808136K, used 10739933K [0x00007f6039b50000, 0x00007f62cd622000, 0x00007f6ae4600000)
   the space 10808136K,  99% used [0x00007f6039b50000, 0x00007f62c9387728, 0x00007f62c9387800, 0x00007f62cd622000)
 Metaspace       used 24251K, capacity 24713K, committed 24832K, reserved 26624K
}
Event: 3638.980 GC heap before
{Heap before GC invocations=3712 (full 5):
 def new generation   total 4863744K, used 4434449K [0x00007f5ae4600000, 0x00007f5c2e370000, 0x00007f6039b50000)
  eden space 4323392K, 100% used [0x00007f5ae4600000, 0x00007f5bec410000, 0x00007f5bec410000)
  from space 540352K,  20% used [0x00007f5c0d3c0000, 0x00007f5c14034750, 0x00007f5c2e370000)
  to   space 540352K,   0% used [0x00007f5bec410000, 0x00007f5bec410000, 0x00007f5c0d3c0000)
 tenured generation   total 10808136K, used 10739933K [0x00007f6039b50000, 0x00007f62cd622000, 0x00007f6ae4600000)
   the space 10808136K,  99% used [0x00007f6039b50000, 0x00007f62c9387728, 0x00007f62c9387800, 0x00007f62cd622000)
 Metaspace       used 24251K, capacity 24713K, committed 24832K, reserved 26624K
}
Event: 3639.112 GC heap after
{Heap after GC invocations=3713 (full 5):
 def new generation   total 4863744K, used 106985K [0x00007f5ae4600000, 0x00007f5c2e370000, 0x00007f6039b50000)
  eden space 4323392K,   0% used [0x00007f5ae4600000, 0x00007f5ae4600000, 0x00007f5bec410000)
  from space 540352K,  19% used [0x00007f5bec410000, 0x00007f5bf2c8a7f0, 0x00007f5c0d3c0000)
  to   space 540352K,   0% used [0x00007f5c0d3c0000, 0x00007f5c0d3c0000, 0x00007f5c2e370000)
 tenured generation   total 10808136K, used 10749196K [0x00007f6039b50000, 0x00007f62cd622000, 0x00007f6ae4600000)
   the space 10808136K,  99% used [0x00007f6039b50000, 0x00007f62c9c933f0, 0x00007f62c9c93400, 0x00007f62cd622000)
 Metaspace       used 24251K, capacity 24713K, committed 24832K, reserved 26624K
}
Event: 3641.516 GC heap before
{Heap before GC invocations=3713 (full 5):
 def new generation   total 4863744K, used 4430377K [0x00007f5ae4600000, 0x00007f5c2e370000, 0x00007f6039b50000)
  eden space 4323392K, 100% used [0x00007f5ae4600000, 0x00007f5bec410000, 0x00007f5bec410000)
  from space 540352K,  19% used [0x00007f5bec410000, 0x00007f5bf2c8a7f0, 0x00007f5c0d3c0000)
  to   space 540352K,   0% used [0x00007f5c0d3c0000, 0x00007f5c0d3c0000, 0x00007f5c2e370000)
 tenured generation   total 10808136K, used 10749196K [0x00007f6039b50000, 0x00007f62cd622000, 0x00007f6ae4600000)
   the space 10808136K,  99% used [0x00007f6039b50000, 0x00007f62c9c933f0, 0x00007f62c9c93400, 0x00007f62cd622000)
 Metaspace       used 24251K, capacity 24713K, committed 24832K, reserved 26624K
}
Event: 3641.648 GC heap after
{Heap after GC invocations=3714 (full 5):
 def new generation   total 4863744K, used 101832K [0x00007f5ae4600000, 0x00007f5c2e370000, 0x00007f6039b50000)
  eden space 4323392K,   0% used [0x00007f5ae4600000, 0x00007f5ae4600000, 0x00007f5bec410000)
  from space 540352K,  18% used [0x00007f5c0d3c0000, 0x00007f5c13732088, 0x00007f5c2e370000)
  to   space 540352K,   0% used [0x00007f5bec410000, 0x00007f5bec410000, 0x00007f5c0d3c0000)
 tenured generation   total 10808136K, used 10759640K [0x00007f6039b50000, 0x00007f62cd622000, 0x00007f6ae4600000)
   the space 10808136K,  99% used [0x00007f6039b50000, 0x00007f62ca6c6370, 0x00007f62ca6c6400, 0x00007f62cd622000)
 Metaspace       used 24251K, capacity 24713K, committed 24832K, reserved 26624K
}
Event: 3643.978 GC heap before
{Heap before GC invocations=3714 (full 5):
 def new generation   total 4863744K, used 4425224K [0x00007f5ae4600000, 0x00007f5c2e370000, 0x00007f6039b50000)
  eden space 4323392K, 100% used [0x00007f5ae4600000, 0x00007f5bec410000, 0x00007f5bec410000)
  from space 540352K,  18% used [0x00007f5c0d3c0000, 0x00007f5c13732088, 0x00007f5c2e370000)
  to   space 540352K,   0% used [0x00007f5bec410000, 0x00007f5bec410000, 0x00007f5c0d3c0000)
 tenured generation   total 10808136K, used 10759640K [0x00007f6039b50000, 0x00007f62cd622000, 0x00007f6ae4600000)
   the space 10808136K,  99% used [0x00007f6039b50000, 0x00007f62ca6c6370, 0x00007f62ca6c6400, 0x00007f62cd622000)
 Metaspace       used 24251K, capacity 24713K, committed 24832K, reserved 26624K
}
Event: 3644.117 GC heap after
{Heap after GC invocations=3715 (full 5):
 def new generation   total 4863744K, used 98650K [0x00007f5ae4600000, 0x00007f5c2e370000, 0x00007f6039b50000)
  eden space 4323392K,   0% used [0x00007f5ae4600000, 0x00007f5ae4600000, 0x00007f5bec410000)
  from space 540352K,  18% used [0x00007f5bec410000, 0x00007f5bf2466a60, 0x00007f5c0d3c0000)
  to   space 540352K,   0% used [0x00007f5c0d3c0000, 0x00007f5c0d3c0000, 0x00007f5c2e370000)
 tenured generation   total 10808136K, used 10768938K [0x00007f6039b50000, 0x00007f62cd622000, 0x00007f6ae4600000)
   the space 10808136K,  99% used [0x00007f6039b50000, 0x00007f62cafda9e8, 0x00007f62cafdaa00, 0x00007f62cd622000)
 Metaspace       used 24251K, capacity 24713K, committed 24832K, reserved 26624K
}
Event: 3646.514 GC heap before
{Heap before GC invocations=3715 (full 5):
 def new generation   total 4863744K, used 4422042K [0x00007f5ae4600000, 0x00007f5c2e370000, 0x00007f6039b50000)
  eden space 4323392K, 100% used [0x00007f5ae4600000, 0x00007f5bec410000, 0x00007f5bec410000)
  from space 540352K,  18% used [0x00007f5bec410000, 0x00007f5bf2466a60, 0x00007f5c0d3c0000)
  to   space 540352K,   0% used [0x00007f5c0d3c0000, 0x00007f5c0d3c0000, 0x00007f5c2e370000)
 tenured generation   total 10808136K, used 10768938K [0x00007f6039b50000, 0x00007f62cd622000, 0x00007f6ae4600000)
   the space 10808136K,  99% used [0x00007f6039b50000, 0x00007f62cafda9e8, 0x00007f62cafdaa00, 0x00007f62cd622000)
 Metaspace       used 24251K, capacity 24713K, committed 24832K, reserved 26624K
}
Event: 3646.658 GC heap after
{Heap after GC invocations=3716 (full 5):
 def new generation   total 4863744K, used 100544K [0x00007f5ae4600000, 0x00007f5c2e370000, 0x00007f6039b50000)
  eden space 4323392K,   0% used [0x00007f5ae4600000, 0x00007f5ae4600000, 0x00007f5bec410000)
  from space 540352K,  18% used [0x00007f5c0d3c0000, 0x00007f5c135f0018, 0x00007f5c2e370000)
  to   space 540352K,   0% used [0x00007f5bec410000, 0x00007f5bec410000, 0x00007f5c0d3c0000)
 tenured generation   total 10808136K, used 10779191K [0x00007f6039b50000, 0x00007f62cd622000, 0x00007f6ae4600000)
   the space 10808136K,  99% used [0x00007f6039b50000, 0x00007f62cb9dde18, 0x00007f62cb9de000, 0x00007f62cd622000)
 Metaspace       used 24251K, capacity 24713K, committed 24832K, reserved 26624K
}
Event: 3648.992 GC heap before
{Heap before GC invocations=3716 (full 5):
 def new generation   total 4863744K, used 4423936K [0x00007f5ae4600000, 0x00007f5c2e370000, 0x00007f6039b50000)
  eden space 4323392K, 100% used [0x00007f5ae4600000, 0x00007f5bec410000, 0x00007f5bec410000)
  from space 540352K,  18% used [0x00007f5c0d3c0000, 0x00007f5c135f0018, 0x00007f5c2e370000)
  to   space 540352K,   0% used [0x00007f5bec410000, 0x00007f5bec410000, 0x00007f5c0d3c0000)
 tenured generation   total 10808136K, used 10779191K [0x00007f6039b50000, 0x00007f62cd622000, 0x00007f6ae4600000)
   the space 10808136K,  99% used [0x00007f6039b50000, 0x00007f62cb9dde18, 0x00007f62cb9de000, 0x00007f62cd622000)
 Metaspace       used 24251K, capacity 24713K, committed 24832K, reserved 26624K
}
Event: 3649.143 GC heap after
{Heap after GC invocations=3717 (full 5):
 def new generation   total 4863744K, used 106084K [0x00007f5ae4600000, 0x00007f5c2e370000, 0x00007f6039b50000)
  eden space 4323392K,   0% used [0x00007f5ae4600000, 0x00007f5ae4600000, 0x00007f5bec410000)
  from space 540352K,  19% used [0x00007f5bec410000, 0x00007f5bf2ba90e0, 0x00007f5c0d3c0000)
  to   space 540352K,   0% used [0x00007f5c0d3c0000, 0x00007f5c0d3c0000, 0x00007f5c2e370000)
 tenured generation   total 10808136K, used 10785528K [0x00007f6039b50000, 0x00007f62cd622000, 0x00007f6ae4600000)
   the space 10808136K,  99% used [0x00007f6039b50000, 0x00007f62cc00e330, 0x00007f62cc00e400, 0x00007f62cd622000)
 Metaspace       used 24251K, capacity 24713K, committed 24832K, reserved 26624K
}
Event: 3651.674 GC heap before
{Heap before GC invocations=3717 (full 5):
 def new generation   total 4863744K, used 4429476K [0x00007f5ae4600000, 0x00007f5c2e370000, 0x00007f6039b50000)
  eden space 4323392K, 100% used [0x00007f5ae4600000, 0x00007f5bec410000, 0x00007f5bec410000)
  from space 540352K,  19% used [0x00007f5bec410000, 0x00007f5bf2ba90e0, 0x00007f5c0d3c0000)
  to   space 540352K,   0% used [0x00007f5c0d3c0000, 0x00007f5c0d3c0000, 0x00007f5c2e370000)
 tenured generation   total 10808136K, used 10785528K [0x00007f6039b50000, 0x00007f62cd622000, 0x00007f6ae4600000)
   the space 10808136K,  99% used [0x00007f6039b50000, 0x00007f62cc00e330, 0x00007f62cc00e400, 0x00007f62cd622000)
 Metaspace       used 24251K, capacity 24713K, committed 24832K, reserved 26624K
}
Event: 3651.824 GC heap after
{Heap after GC invocations=3718 (full 5):
 def new generation   total 4863744K, used 110630K [0x00007f5ae4600000, 0x00007f5c2e370000, 0x00007f6039b50000)
  eden space 4323392K,   0% used [0x00007f5ae4600000, 0x00007f5ae4600000, 0x00007f5bec410000)
  from space 540352K,  20% used [0x00007f5c0d3c0000, 0x00007f5c13fc9bf0, 0x00007f5c2e370000)
  to   space 540352K,   0% used [0x00007f5bec410000, 0x00007f5bec410000, 0x00007f5c0d3c0000)
 tenured generation   total 10808136K, used 10790816K [0x00007f6039b50000, 0x00007f62cd622000, 0x00007f6ae4600000)
   the space 10808136K,  99% used [0x00007f6039b50000, 0x00007f62cc538060, 0x00007f62cc538200, 0x00007f62cd622000)
 Metaspace       used 24251K, capacity 24713K, committed 24832K, reserved 26624K
}
Event: 3654.427 GC heap before
{Heap before GC invocations=3718 (full 5):
 def new generation   total 4863744K, used 4434022K [0x00007f5ae4600000, 0x00007f5c2e370000, 0x00007f6039b50000)
  eden space 4323392K, 100% used [0x00007f5ae4600000, 0x00007f5bec410000, 0x00007f5bec410000)
  from space 540352K,  20% used [0x00007f5c0d3c0000, 0x00007f5c13fc9bf0, 0x00007f5c2e370000)
  to   space 540352K,   0% used [0x00007f5bec410000, 0x00007f5bec410000, 0x00007f5c0d3c0000)
 tenured generation   total 10808136K, used 10790816K [0x00007f6039b50000, 0x00007f62cd622000, 0x00007f6ae4600000)
   the space 10808136K,  99% used [0x00007f6039b50000, 0x00007f62cc538060, 0x00007f62cc538200, 0x00007f62cd622000)
 Metaspace       used 24251K, capacity 24713K, committed 24832K, reserved 26624K
}
Event: 3654.563 GC heap after
{Heap after GC invocations=3719 (full 5):
 def new generation   total 4863744K, used 107239K [0x00007f5ae4600000, 0x00007f5c2e370000, 0x00007f6039b50000)
  eden space 4323392K,   0% used [0x00007f5ae4600000, 0x00007f5ae4600000, 0x00007f5bec410000)
  from space 540352K,  19% used [0x00007f5bec410000, 0x00007f5bf2cc9cd0, 0x00007f5c0d3c0000)
  to   space 540352K,   0% used [0x00007f5c0d3c0000, 0x00007f5c0d3c0000, 0x00007f5c2e370000)
 tenured generation   total 10808136K, used 10799447K [0x00007f6039b50000, 0x00007f62cd622000, 0x00007f6ae4600000)
   the space 10808136K,  99% used [0x00007f6039b50000, 0x00007f62ccda5e78, 0x00007f62ccda6000, 0x00007f62cd622000)
 Metaspace       used 24251K, capacity 24713K, committed 24832K, reserved 26624K
}
Event: 3657.119 GC heap before
{Heap before GC invocations=3719 (full 5):
 def new generation   total 4863744K, used 4430631K [0x00007f5ae4600000, 0x00007f5c2e370000, 0x00007f6039b50000)
  eden space 4323392K, 100% used [0x00007f5ae4600000, 0x00007f5bec410000, 0x00007f5bec410000)
  from space 540352K,  19% used [0x00007f5bec410000, 0x00007f5bf2cc9cd0, 0x00007f5c0d3c0000)
  to   space 540352K,   0% used [0x00007f5c0d3c0000, 0x00007f5c0d3c0000, 0x00007f5c2e370000)
 tenured generation   total 10808136K, used 10799447K [0x00007f6039b50000, 0x00007f62cd622000, 0x00007f6ae4600000)
   the space 10808136K,  99% used [0x00007f6039b50000, 0x00007f62ccda5e78, 0x00007f62ccda6000, 0x00007f62cd622000)
 Metaspace       used 24251K, capacity 24713K, committed 24832K, reserved 26624K
}
Event: 3657.263 GC heap after
{Heap after GC invocations=3720 (full 5):
 def new generation   total 4863744K, used 108963K [0x00007f5ae4600000, 0x00007f5c2e370000, 0x00007f6039b50000)
  eden space 4323392K,   0% used [0x00007f5ae4600000, 0x00007f5ae4600000, 0x00007f5bec410000)
  from space 540352K,  20% used [0x00007f5c0d3c0000, 0x00007f5c13e28ce8, 0x00007f5c2e370000)
  to   space 540352K,   0% used [0x00007f5bec410000, 0x00007f5bec410000, 0x00007f5c0d3c0000)
 tenured generation   total 10808136K, used 10805595K [0x00007f6039b50000, 0x00007f62cd622000, 0x00007f6ae4600000)
   the space 10808136K,  99% used [0x00007f6039b50000, 0x00007f62cd3a6c80, 0x00007f62cd3a6e00, 0x00007f62cd622000)
 Metaspace       used 24251K, capacity 24713K, committed 24832K, reserved 26624K
}
Event: 3659.714 GC heap before
{Heap before GC invocations=3720 (full 5):
 def new generation   total 4863744K, used 4432355K [0x00007f5ae4600000, 0x00007f5c2e370000, 0x00007f6039b50000)
  eden space 4323392K, 100% used [0x00007f5ae4600000, 0x00007f5bec410000, 0x00007f5bec410000)
  from space 540352K,  20% used [0x00007f5c0d3c0000, 0x00007f5c13e28ce8, 0x00007f5c2e370000)
  to   space 540352K,   0% used [0x00007f5bec410000, 0x00007f5bec410000, 0x00007f5c0d3c0000)
 tenured generation   total 10808136K, used 10805595K [0x00007f6039b50000, 0x00007f62cd622000, 0x00007f6ae4600000)
   the space 10808136K,  99% used [0x00007f6039b50000, 0x00007f62cd3a6c80, 0x00007f62cd3a6e00, 0x00007f62cd622000)
 Metaspace       used 24251K, capacity 24713K, committed 24832K, reserved 26624K
}
Event: 3659.866 GC heap after
{Heap after GC invocations=3721 (full 5):
 def new generation   total 4863744K, used 110614K [0x00007f5ae4600000, 0x00007f5c2e370000, 0x00007f6039b50000)
  eden space 4323392K,   0% used [0x00007f5ae4600000, 0x00007f5ae4600000, 0x00007f5bec410000)
  from space 540352K,  20% used [0x00007f5bec410000, 0x00007f5bf3015a40, 0x00007f5c0d3c0000)
  to   space 540352K,   0% used [0x00007f5c0d3c0000, 0x00007f5c0d3c0000, 0x00007f5c2e370000)
 tenured generation   total 10811016K, used 10810882K [0x00007f6039b50000, 0x00007f62cd8f2000, 0x00007f6ae4600000)
   the space 10811016K,  99% used [0x00007f6039b50000, 0x00007f62cd8d09b0, 0x00007f62cd8d0a00, 0x00007f62cd8f2000)
 Metaspace       used 24251K, capacity 24713K, committed 24832K, reserved 26624K
}
Event: 3659.866 GC heap before
{Heap before GC invocations=3721 (full 5):
 def new generation   total 4863744K, used 110614K [0x00007f5ae4600000, 0x00007f5c2e370000, 0x00007f6039b50000)
  eden space 4323392K,   0% used [0x00007f5ae4600000, 0x00007f5ae4600000, 0x00007f5bec410000)
  from space 540352K,  20% used [0x00007f5bec410000, 0x00007f5bf3015a40, 0x00007f5c0d3c0000)
  to   space 540352K,   0% used [0x00007f5c0d3c0000, 0x00007f5c0d3c0000, 0x00007f5c2e370000)
 tenured generation   total 10811016K, used 10810882K [0x00007f6039b50000, 0x00007f62cd8f2000, 0x00007f6ae4600000)
   the space 10811016K,  99% used [0x00007f6039b50000, 0x00007f62cd8d09b0, 0x00007f62cd8d0a00, 0x00007f62cd8f2000)
 Metaspace       used 24251K, capacity 24713K, committed 24832K, reserved 26624K
}

