# JRE version: OpenJDK Runtime Environment (13.0.7+5) (build 13.0.7+5-Ubuntu-0ubuntu120.04)
# Java VM: OpenJDK 64-Bit Server VM (13.0.7+5-Ubuntu-0ubuntu120.04, mixed mode, tiered, serial gc, linux-amd64)
Heap:
 def new generation   total 629248K, used 0K [0x00007f9024600000, 0x00007f904f0c0000, 0x00007f9579b50000)
  eden space 559360K,   0% used [0x00007f9024600000, 0x00007f9024600000, 0x00007f9046840000)
  from space 69888K,   0% used [0x00007f9046840000, 0x00007f9046840000, 0x00007f904ac80000)
  to   space 69888K,   0% used [0x00007f904ac80000, 0x00007f904ac80000, 0x00007f904f0c0000)
 tenured generation   total 1398144K, used 145992K [0x00007f9579b50000, 0x00007f95cf0b0000, 0x00007fa024600000)
   the space 1398144K,  10% used [0x00007f9579b50000, 0x00007f95829e2368, 0x00007f95829e2400, 0x00007f95cf0b0000)
 Metaspace       used 23288K, capacity 23676K, committed 23808K, reserved 24576K
GC Heap History (12 events):
Event: 2.931 GC heap before
{Heap before GC invocations=0 (full 0):
 def new generation   total 629120K, used 111848K [0x00007f9024600000, 0x00007f904f0a0000, 0x00007f9579b50000)
  eden space 559232K,  20% used [0x00007f9024600000, 0x00007f902b33a068, 0x00007f9046820000)
  from space 69888K,   0% used [0x00007f9046820000, 0x00007f9046820000, 0x00007f904ac60000)
  to   space 69888K,   0% used [0x00007f904ac60000, 0x00007f904ac60000, 0x00007f904f0a0000)
 tenured generation   total 1398144K, used 0K [0x00007f9579b50000, 0x00007f95cf0b0000, 0x00007fa024600000)
   the space 1398144K,   0% used [0x00007f9579b50000, 0x00007f9579b50000, 0x00007f9579b50200, 0x00007f95cf0b0000)
 Metaspace       used 20906K, capacity 21207K, committed 21248K, reserved 22528K
}
Event: 3.013 GC heap after
{Heap after GC invocations=1 (full 1):
 def new generation   total 629248K, used 0K [0x00007f9024600000, 0x00007f904f0c0000, 0x00007f9579b50000)
  eden space 559360K,   0% used [0x00007f9024600000, 0x00007f9024600000, 0x00007f9046840000)
  from space 69888K,   0% used [0x00007f9046840000, 0x00007f9046840000, 0x00007f904ac80000)
  to   space 69888K,   0% used [0x00007f904ac80000, 0x00007f904ac80000, 0x00007f904f0c0000)
 tenured generation   total 1398144K, used 13608K [0x00007f9579b50000, 0x00007f95cf0b0000, 0x00007fa024600000)
   the space 1398144K,   0% used [0x00007f9579b50000, 0x00007f957a89a068, 0x00007f957a89a200, 0x00007f95cf0b0000)
 Metaspace       used 20906K, capacity 21207K, committed 21248K, reserved 22528K
}
Event: 7.051 GC heap before
{Heap before GC invocations=1 (full 1):
 def new generation   total 629248K, used 559360K [0x00007f9024600000, 0x00007f904f0c0000, 0x00007f9579b50000)
  eden space 559360K, 100% used [0x00007f9024600000, 0x00007f9046840000, 0x00007f9046840000)
  from space 69888K,   0% used [0x00007f9046840000, 0x00007f9046840000, 0x00007f904ac80000)
  to   space 69888K,   0% used [0x00007f904ac80000, 0x00007f904ac80000, 0x00007f904f0c0000)
 tenured generation   total 1398144K, used 13608K [0x00007f9579b50000, 0x00007f95cf0b0000, 0x00007fa024600000)
   the space 1398144K,   0% used [0x00007f9579b50000, 0x00007f957a89a068, 0x00007f957a89a200, 0x00007f95cf0b0000)
 Metaspace       used 22840K, capacity 23231K, committed 23296K, reserved 24576K
}
Event: 7.060 GC heap after
{Heap after GC invocations=2 (full 1):
 def new generation   total 629248K, used 958K [0x00007f9024600000, 0x00007f904f0c0000, 0x00007f9579b50000)
  eden space 559360K,   0% used [0x00007f9024600000, 0x00007f9024600000, 0x00007f9046840000)
  from space 69888K,   1% used [0x00007f904ac80000, 0x00007f904ad6fa90, 0x00007f904f0c0000)
  to   space 69888K,   0% used [0x00007f9046840000, 0x00007f9046840000, 0x00007f904ac80000)
 tenured generation   total 1398144K, used 13608K [0x00007f9579b50000, 0x00007f95cf0b0000, 0x00007fa024600000)
   the space 1398144K,   0% used [0x00007f9579b50000, 0x00007f957a89a068, 0x00007f957a89a200, 0x00007f95cf0b0000)
 Metaspace       used 22840K, capacity 23231K, committed 23296K, reserved 24576K
}
Event: 8.591 GC heap before
{Heap before GC invocations=2 (full 1):
 def new generation   total 629248K, used 560318K [0x00007f9024600000, 0x00007f904f0c0000, 0x00007f9579b50000)
  eden space 559360K, 100% used [0x00007f9024600000, 0x00007f9046840000, 0x00007f9046840000)
  from space 69888K,   1% used [0x00007f904ac80000, 0x00007f904ad6fa90, 0x00007f904f0c0000)
  to   space 69888K,   0% used [0x00007f9046840000, 0x00007f9046840000, 0x00007f904ac80000)
 tenured generation   total 1398144K, used 13608K [0x00007f9579b50000, 0x00007f95cf0b0000, 0x00007fa024600000)
   the space 1398144K,   0% used [0x00007f9579b50000, 0x00007f957a89a068, 0x00007f957a89a200, 0x00007f95cf0b0000)
 Metaspace       used 23120K, capacity 23534K, committed 23808K, reserved 24576K
}
Event: 8.600 GC heap after
{Heap after GC invocations=3 (full 1):
 def new generation   total 629248K, used 874K [0x00007f9024600000, 0x00007f904f0c0000, 0x00007f9579b50000)
  eden space 559360K,   0% used [0x00007f9024600000, 0x00007f9024600000, 0x00007f9046840000)
  from space 69888K,   1% used [0x00007f9046840000, 0x00007f904691a8e8, 0x00007f904ac80000)
  to   space 69888K,   0% used [0x00007f904ac80000, 0x00007f904ac80000, 0x00007f904f0c0000)
 tenured generation   total 1398144K, used 13608K [0x00007f9579b50000, 0x00007f95cf0b0000, 0x00007fa024600000)
   the space 1398144K,   0% used [0x00007f9579b50000, 0x00007f957a89a068, 0x00007f957a89a200, 0x00007f95cf0b0000)
 Metaspace       used 23120K, capacity 23534K, committed 23808K, reserved 24576K
}
Event: 9.186 GC heap before
{Heap before GC invocations=3 (full 1):
 def new generation   total 629248K, used 560234K [0x00007f9024600000, 0x00007f904f0c0000, 0x00007f9579b50000)
  eden space 559360K, 100% used [0x00007f9024600000, 0x00007f9046840000, 0x00007f9046840000)
  from space 69888K,   1% used [0x00007f9046840000, 0x00007f904691a8e8, 0x00007f904ac80000)
  to   space 69888K,   0% used [0x00007f904ac80000, 0x00007f904ac80000, 0x00007f904f0c0000)
 tenured generation   total 1398144K, used 13608K [0x00007f9579b50000, 0x00007f95cf0b0000, 0x00007fa024600000)
   the space 1398144K,   0% used [0x00007f9579b50000, 0x00007f957a89a068, 0x00007f957a89a200, 0x00007f95cf0b0000)
 Metaspace       used 23124K, capacity 23534K, committed 23808K, reserved 24576K
}
Event: 9.189 GC heap after
{Heap after GC invocations=4 (full 1):
 def new generation   total 629248K, used 1097K [0x00007f9024600000, 0x00007f904f0c0000, 0x00007f9579b50000)
  eden space 559360K,   0% used [0x00007f9024600000, 0x00007f9024600000, 0x00007f9046840000)
  from space 69888K,   1% used [0x00007f904ac80000, 0x00007f904ad92628, 0x00007f904f0c0000)
  to   space 69888K,   0% used [0x00007f9046840000, 0x00007f9046840000, 0x00007f904ac80000)
 tenured generation   total 1398144K, used 13608K [0x00007f9579b50000, 0x00007f95cf0b0000, 0x00007fa024600000)
   the space 1398144K,   0% used [0x00007f9579b50000, 0x00007f957a89a068, 0x00007f957a89a200, 0x00007f95cf0b0000)
 Metaspace       used 23124K, capacity 23534K, committed 23808K, reserved 24576K
}
Event: 9.836 GC heap before
{Heap before GC invocations=4 (full 1):
 def new generation   total 629248K, used 510793K [0x00007f9024600000, 0x00007f904f0c0000, 0x00007f9579b50000)
  eden space 559360K,  91% used [0x00007f9024600000, 0x00007f90437bfe70, 0x00007f9046840000)
  from space 69888K,   1% used [0x00007f904ac80000, 0x00007f904ad92628, 0x00007f904f0c0000)
  to   space 69888K,   0% used [0x00007f9046840000, 0x00007f9046840000, 0x00007f904ac80000)
 tenured generation   total 1398144K, used 13608K [0x00007f9579b50000, 0x00007f95cf0b0000, 0x00007fa024600000)
   the space 1398144K,   0% used [0x00007f9579b50000, 0x00007f957a89a068, 0x00007f957a89a200, 0x00007f95cf0b0000)
 Metaspace       used 23288K, capacity 23676K, committed 23808K, reserved 24576K
}
Event: 9.941 GC heap after
{Heap after GC invocations=5 (full 1):
 def new generation   total 629248K, used 66857K [0x00007f9024600000, 0x00007f904f0c0000, 0x00007f9579b50000)
  eden space 559360K,   0% used [0x00007f9024600000, 0x00007f9024600000, 0x00007f9046840000)
  from space 69888K,  95% used [0x00007f9046840000, 0x00007f904a98a780, 0x00007f904ac80000)
  to   space 69888K,   0% used [0x00007f904ac80000, 0x00007f904ac80000, 0x00007f904f0c0000)
 tenured generation   total 1398144K, used 79144K [0x00007f9579b50000, 0x00007f95cf0b0000, 0x00007fa024600000)
   the space 1398144K,   5% used [0x00007f9579b50000, 0x00007f957e89a080, 0x00007f957e89a200, 0x00007f95cf0b0000)
 Metaspace       used 23288K, capacity 23676K, committed 23808K, reserved 24576K
}
Event: 9.941 GC heap before
{Heap before GC invocations=5 (full 1):
 def new generation   total 629248K, used 66857K [0x00007f9024600000, 0x00007f904f0c0000, 0x00007f9579b50000)
  eden space 559360K,   0% used [0x00007f9024600000, 0x00007f9024600000, 0x00007f9046840000)
  from space 69888K,  95% used [0x00007f9046840000, 0x00007f904a98a780, 0x00007f904ac80000)
  to   space 69888K,   0% used [0x00007f904ac80000, 0x00007f904ac80000, 0x00007f904f0c0000)
 tenured generation   total 1398144K, used 79144K [0x00007f9579b50000, 0x00007f95cf0b0000, 0x00007fa024600000)
   the space 1398144K,   5% used [0x00007f9579b50000, 0x00007f957e89a080, 0x00007f957e89a200, 0x00007f95cf0b0000)
 Metaspace       used 23288K, capacity 23676K, committed 23808K, reserved 24576K
}
Event: 10.077 GC heap after
{Heap after GC invocations=5 (full 2):
 def new generation   total 629248K, used 0K [0x00007f9024600000, 0x00007f904f0c0000, 0x00007f9579b50000)
  eden space 559360K,   0% used [0x00007f9024600000, 0x00007f9024600000, 0x00007f9046840000)
  from space 69888K,   0% used [0x00007f9046840000, 0x00007f9046840000, 0x00007f904ac80000)
  to   space 69888K,   0% used [0x00007f904ac80000, 0x00007f904ac80000, 0x00007f904f0c0000)
 tenured generation   total 1398144K, used 145992K [0x00007f9579b50000, 0x00007f95cf0b0000, 0x00007fa024600000)
   the space 1398144K,  10% used [0x00007f9579b50000, 0x00007f95829e2368, 0x00007f95829e2400, 0x00007f95cf0b0000)
 Metaspace       used 23288K, capacity 23676K, committed 23808K, reserved 24576K
}

