# JRE version: OpenJDK Runtime Environment (13.0.7+5) (build 13.0.7+5-Ubuntu-0ubuntu120.04)
# Java VM: OpenJDK 64-Bit Server VM (13.0.7+5-Ubuntu-0ubuntu120.04, mixed mode, tiered, compressed oops, serial gc, linux-amd64)
Heap:
 def new generation   total 2223360K, used 0K [0x0000000080200000, 0x0000000116e80000, 0x0000000300150000)
  eden space 1976320K,   0% used [0x0000000080200000, 0x0000000080200000, 0x00000000f8c00000)
  from space 247040K,   0% used [0x00000000f8c00000, 0x00000000f8c00000, 0x0000000107d40000)
  to   space 247040K,   0% used [0x0000000107d40000, 0x0000000107d40000, 0x0000000116e80000)
 tenured generation   total 4973976K, used 3787820K [0x0000000300150000, 0x000000042fab6000, 0x0000000800000000)
   the space 4973976K,  76% used [0x0000000300150000, 0x00000003e745b078, 0x00000003e745b200, 0x000000042fab6000)
 Metaspace       used 22718K, capacity 23231K, committed 23424K, reserved 1071104K
  class space    used 2354K, capacity 2568K, committed 2688K, reserved 1048576K
GC Heap History (20 events):
Event: 935.745 GC heap after
{Heap after GC invocations=753 (full 24):
 def new generation   total 2223360K, used 236276K [0x0000000080200000, 0x0000000116e80000, 0x0000000300150000)
  eden space 1976320K,   0% used [0x0000000080200000, 0x0000000080200000, 0x00000000f8c00000)
  from space 247040K,  95% used [0x0000000107d40000, 0x00000001163fd1a0, 0x0000000116e80000)
  to   space 247040K,   0% used [0x00000000f8c00000, 0x00000000f8c00000, 0x0000000107d40000)
 tenured generation   total 4940684K, used 4568802K [0x0000000300150000, 0x000000042da33000, 0x0000000800000000)
   the space 4940684K,  92% used [0x0000000300150000, 0x0000000416f08a50, 0x0000000416f08c00, 0x000000042da33000)
 Metaspace       used 22716K, capacity 23231K, committed 23424K, reserved 1071104K
  class space    used 2354K, capacity 2568K, committed 2688K, reserved 1048576K
}
Event: 937.290 GC heap before
{Heap before GC invocations=753 (full 24):
 def new generation   total 2223360K, used 2212596K [0x0000000080200000, 0x0000000116e80000, 0x0000000300150000)
  eden space 1976320K, 100% used [0x0000000080200000, 0x00000000f8c00000, 0x00000000f8c00000)
  from space 247040K,  95% used [0x0000000107d40000, 0x00000001163fd1a0, 0x0000000116e80000)
  to   space 247040K,   0% used [0x00000000f8c00000, 0x00000000f8c00000, 0x0000000107d40000)
 tenured generation   total 4940684K, used 4568802K [0x0000000300150000, 0x000000042da33000, 0x0000000800000000)
   the space 4940684K,  92% used [0x0000000300150000, 0x0000000416f08a50, 0x0000000416f08c00, 0x000000042da33000)
 Metaspace       used 22717K, capacity 23231K, committed 23424K, reserved 1071104K
  class space    used 2354K, capacity 2568K, committed 2688K, reserved 1048576K
}
Event: 937.360 GC heap after
{Heap after GC invocations=754 (full 24):
 def new generation   total 2223360K, used 138538K [0x0000000080200000, 0x0000000116e80000, 0x0000000300150000)
  eden space 1976320K,   0% used [0x0000000080200000, 0x0000000080200000, 0x00000000f8c00000)
  from space 247040K,  56% used [0x00000000f8c00000, 0x000000010134abd0, 0x0000000107d40000)
  to   space 247040K,   0% used [0x0000000107d40000, 0x0000000107d40000, 0x0000000116e80000)
 tenured generation   total 4940684K, used 4570368K [0x0000000300150000, 0x000000042da33000, 0x0000000800000000)
   the space 4940684K,  92% used [0x0000000300150000, 0x00000004170901b0, 0x0000000417090200, 0x000000042da33000)
 Metaspace       used 22717K, capacity 23231K, committed 23424K, reserved 1071104K
  class space    used 2354K, capacity 2568K, committed 2688K, reserved 1048576K
}
Event: 938.910 GC heap before
{Heap before GC invocations=754 (full 24):
 def new generation   total 2223360K, used 2114858K [0x0000000080200000, 0x0000000116e80000, 0x0000000300150000)
  eden space 1976320K, 100% used [0x0000000080200000, 0x00000000f8c00000, 0x00000000f8c00000)
  from space 247040K,  56% used [0x00000000f8c00000, 0x000000010134abd0, 0x0000000107d40000)
  to   space 247040K,   0% used [0x0000000107d40000, 0x0000000107d40000, 0x0000000116e80000)
 tenured generation   total 4940684K, used 4570368K [0x0000000300150000, 0x000000042da33000, 0x0000000800000000)
   the space 4940684K,  92% used [0x0000000300150000, 0x00000004170901b0, 0x0000000417090200, 0x000000042da33000)
 Metaspace       used 22717K, capacity 23231K, committed 23424K, reserved 1071104K
  class space    used 2354K, capacity 2568K, committed 2688K, reserved 1048576K
}
Event: 939.189 GC heap after
{Heap after GC invocations=755 (full 24):
 def new generation   total 2223360K, used 118139K [0x0000000080200000, 0x0000000116e80000, 0x0000000300150000)
  eden space 1976320K,   0% used [0x0000000080200000, 0x0000000080200000, 0x00000000f8c00000)
  from space 247040K,  47% used [0x0000000107d40000, 0x000000010f09eec0, 0x0000000116e80000)
  to   space 247040K,   0% used [0x00000000f8c00000, 0x00000000f8c00000, 0x0000000107d40000)
 tenured generation   total 4940684K, used 4707878K [0x0000000300150000, 0x000000042da33000, 0x0000000800000000)
   the space 4940684K,  95% used [0x0000000300150000, 0x000000041f6d9b90, 0x000000041f6d9c00, 0x000000042da33000)
 Metaspace       used 22717K, capacity 23231K, committed 23424K, reserved 1071104K
  class space    used 2354K, capacity 2568K, committed 2688K, reserved 1048576K
}
Event: 940.789 GC heap before
{Heap before GC invocations=755 (full 24):
 def new generation   total 2223360K, used 2094459K [0x0000000080200000, 0x0000000116e80000, 0x0000000300150000)
  eden space 1976320K, 100% used [0x0000000080200000, 0x00000000f8c00000, 0x00000000f8c00000)
  from space 247040K,  47% used [0x0000000107d40000, 0x000000010f09eec0, 0x0000000116e80000)
  to   space 247040K,   0% used [0x00000000f8c00000, 0x00000000f8c00000, 0x0000000107d40000)
 tenured generation   total 4940684K, used 4707878K [0x0000000300150000, 0x000000042da33000, 0x0000000800000000)
   the space 4940684K,  95% used [0x0000000300150000, 0x000000041f6d9b90, 0x000000041f6d9c00, 0x000000042da33000)
 Metaspace       used 22717K, capacity 23231K, committed 23424K, reserved 1071104K
  class space    used 2354K, capacity 2568K, committed 2688K, reserved 1048576K
}
Event: 940.854 GC heap after
{Heap after GC invocations=756 (full 24):
 def new generation   total 2223360K, used 127084K [0x0000000080200000, 0x0000000116e80000, 0x0000000300150000)
  eden space 1976320K,   0% used [0x0000000080200000, 0x0000000080200000, 0x00000000f8c00000)
  from space 247040K,  51% used [0x00000000f8c00000, 0x000000010081b198, 0x0000000107d40000)
  to   space 247040K,   0% used [0x0000000107d40000, 0x0000000107d40000, 0x0000000116e80000)
 tenured generation   total 4940684K, used 4707878K [0x0000000300150000, 0x000000042da33000, 0x0000000800000000)
   the space 4940684K,  95% used [0x0000000300150000, 0x000000041f6d9b90, 0x000000041f6d9c00, 0x000000042da33000)
 Metaspace       used 22717K, capacity 23231K, committed 23424K, reserved 1071104K
  class space    used 2354K, capacity 2568K, committed 2688K, reserved 1048576K
}
Event: 942.431 GC heap before
{Heap before GC invocations=756 (full 24):
 def new generation   total 2223360K, used 2103404K [0x0000000080200000, 0x0000000116e80000, 0x0000000300150000)
  eden space 1976320K, 100% used [0x0000000080200000, 0x00000000f8c00000, 0x00000000f8c00000)
  from space 247040K,  51% used [0x00000000f8c00000, 0x000000010081b198, 0x0000000107d40000)
  to   space 247040K,   0% used [0x0000000107d40000, 0x0000000107d40000, 0x0000000116e80000)
 tenured generation   total 4940684K, used 4707878K [0x0000000300150000, 0x000000042da33000, 0x0000000800000000)
   the space 4940684K,  95% used [0x0000000300150000, 0x000000041f6d9b90, 0x000000041f6d9c00, 0x000000042da33000)
 Metaspace       used 22717K, capacity 23231K, committed 23424K, reserved 1071104K
  class space    used 2354K, capacity 2568K, committed 2688K, reserved 1048576K
}
Event: 942.653 GC heap after
{Heap after GC invocations=757 (full 24):
 def new generation   total 2223360K, used 229164K [0x0000000080200000, 0x0000000116e80000, 0x0000000300150000)
  eden space 1976320K,   0% used [0x0000000080200000, 0x0000000080200000, 0x00000000f8c00000)
  from space 247040K,  92% used [0x0000000107d40000, 0x0000000115d0b238, 0x0000000116e80000)
  to   space 247040K,   0% used [0x00000000f8c00000, 0x00000000f8c00000, 0x0000000107d40000)
 tenured generation   total 4940684K, used 4723417K [0x0000000300150000, 0x000000042da33000, 0x0000000800000000)
   the space 4940684K,  95% used [0x0000000300150000, 0x0000000420606400, 0x0000000420606400, 0x000000042da33000)
 Metaspace       used 22717K, capacity 23231K, committed 23424K, reserved 1071104K
  class space    used 2354K, capacity 2568K, committed 2688K, reserved 1048576K
}
Event: 944.226 GC heap before
{Heap before GC invocations=757 (full 24):
 def new generation   total 2223360K, used 2205484K [0x0000000080200000, 0x0000000116e80000, 0x0000000300150000)
  eden space 1976320K, 100% used [0x0000000080200000, 0x00000000f8c00000, 0x00000000f8c00000)
  from space 247040K,  92% used [0x0000000107d40000, 0x0000000115d0b238, 0x0000000116e80000)
  to   space 247040K,   0% used [0x00000000f8c00000, 0x00000000f8c00000, 0x0000000107d40000)
 tenured generation   total 4940684K, used 4723417K [0x0000000300150000, 0x000000042da33000, 0x0000000800000000)
   the space 4940684K,  95% used [0x0000000300150000, 0x0000000420606400, 0x0000000420606400, 0x000000042da33000)
 Metaspace       used 22717K, capacity 23231K, committed 23424K, reserved 1071104K
  class space    used 2354K, capacity 2568K, committed 2688K, reserved 1048576K
}
Event: 944.290 GC heap after
{Heap after GC invocations=758 (full 24):
 def new generation   total 2223360K, used 63931K [0x0000000080200000, 0x0000000116e80000, 0x0000000300150000)
  eden space 1976320K,   0% used [0x0000000080200000, 0x0000000080200000, 0x00000000f8c00000)
  from space 247040K,  25% used [0x00000000f8c00000, 0x00000000fca6ed88, 0x0000000107d40000)
  to   space 247040K,   0% used [0x0000000107d40000, 0x0000000107d40000, 0x0000000116e80000)
 tenured generation   total 4940684K, used 4753254K [0x0000000300150000, 0x000000042da33000, 0x0000000800000000)
   the space 4940684K,  96% used [0x0000000300150000, 0x0000000422329a48, 0x0000000422329c00, 0x000000042da33000)
 Metaspace       used 22717K, capacity 23231K, committed 23424K, reserved 1071104K
  class space    used 2354K, capacity 2568K, committed 2688K, reserved 1048576K
}
Event: 945.884 GC heap before
{Heap before GC invocations=758 (full 24):
 def new generation   total 2223360K, used 2040251K [0x0000000080200000, 0x0000000116e80000, 0x0000000300150000)
  eden space 1976320K, 100% used [0x0000000080200000, 0x00000000f8c00000, 0x00000000f8c00000)
  from space 247040K,  25% used [0x00000000f8c00000, 0x00000000fca6ed88, 0x0000000107d40000)
  to   space 247040K,   0% used [0x0000000107d40000, 0x0000000107d40000, 0x0000000116e80000)
 tenured generation   total 4940684K, used 4753254K [0x0000000300150000, 0x000000042da33000, 0x0000000800000000)
   the space 4940684K,  96% used [0x0000000300150000, 0x0000000422329a48, 0x0000000422329c00, 0x000000042da33000)
 Metaspace       used 22717K, capacity 23231K, committed 23424K, reserved 1071104K
  class space    used 2354K, capacity 2568K, committed 2688K, reserved 1048576K
}
Event: 945.987 GC heap after
{Heap after GC invocations=759 (full 24):
 def new generation   total 2223360K, used 181045K [0x0000000080200000, 0x0000000116e80000, 0x0000000300150000)
  eden space 1976320K,   0% used [0x0000000080200000, 0x0000000080200000, 0x00000000f8c00000)
  from space 247040K,  73% used [0x0000000107d40000, 0x0000000112e0d528, 0x0000000116e80000)
  to   space 247040K,   0% used [0x00000000f8c00000, 0x00000000f8c00000, 0x0000000107d40000)
 tenured generation   total 4940684K, used 4753254K [0x0000000300150000, 0x000000042da33000, 0x0000000800000000)
   the space 4940684K,  96% used [0x0000000300150000, 0x0000000422329a48, 0x0000000422329c00, 0x000000042da33000)
 Metaspace       used 22717K, capacity 23231K, committed 23424K, reserved 1071104K
  class space    used 2354K, capacity 2568K, committed 2688K, reserved 1048576K
}
Event: 947.608 GC heap before
{Heap before GC invocations=759 (full 24):
 def new generation   total 2223360K, used 2157365K [0x0000000080200000, 0x0000000116e80000, 0x0000000300150000)
  eden space 1976320K, 100% used [0x0000000080200000, 0x00000000f8c00000, 0x00000000f8c00000)
  from space 247040K,  73% used [0x0000000107d40000, 0x0000000112e0d528, 0x0000000116e80000)
  to   space 247040K,   0% used [0x00000000f8c00000, 0x00000000f8c00000, 0x0000000107d40000)
 tenured generation   total 4940684K, used 4753254K [0x0000000300150000, 0x000000042da33000, 0x0000000800000000)
   the space 4940684K,  96% used [0x0000000300150000, 0x0000000422329a48, 0x0000000422329c00, 0x000000042da33000)
 Metaspace       used 22718K, capacity 23231K, committed 23424K, reserved 1071104K
  class space    used 2354K, capacity 2568K, committed 2688K, reserved 1048576K
}
Event: 947.793 GC heap after
{Heap after GC invocations=760 (full 24):
 def new generation   total 2223360K, used 236775K [0x0000000080200000, 0x0000000116e80000, 0x0000000300150000)
  eden space 1976320K,   0% used [0x0000000080200000, 0x0000000080200000, 0x00000000f8c00000)
  from space 247040K,  95% used [0x00000000f8c00000, 0x0000000107339d70, 0x0000000107d40000)
  to   space 247040K,   0% used [0x0000000107d40000, 0x0000000107d40000, 0x0000000116e80000)
 tenured generation   total 4940684K, used 4816157K [0x0000000300150000, 0x000000042da33000, 0x0000000800000000)
   the space 4940684K,  97% used [0x0000000300150000, 0x00000004260975e0, 0x0000000426097600, 0x000000042da33000)
 Metaspace       used 22718K, capacity 23231K, committed 23424K, reserved 1071104K
  class space    used 2354K, capacity 2568K, committed 2688K, reserved 1048576K
}
Event: 949.358 GC heap before
{Heap before GC invocations=760 (full 24):
 def new generation   total 2223360K, used 2213095K [0x0000000080200000, 0x0000000116e80000, 0x0000000300150000)
  eden space 1976320K, 100% used [0x0000000080200000, 0x00000000f8c00000, 0x00000000f8c00000)
  from space 247040K,  95% used [0x00000000f8c00000, 0x0000000107339d70, 0x0000000107d40000)
  to   space 247040K,   0% used [0x0000000107d40000, 0x0000000107d40000, 0x0000000116e80000)
 tenured generation   total 4940684K, used 4816157K [0x0000000300150000, 0x000000042da33000, 0x0000000800000000)
   the space 4940684K,  97% used [0x0000000300150000, 0x00000004260975e0, 0x0000000426097600, 0x000000042da33000)
 Metaspace       used 22718K, capacity 23231K, committed 23424K, reserved 1071104K
  class space    used 2354K, capacity 2568K, committed 2688K, reserved 1048576K
}
Event: 949.429 GC heap after
{Heap after GC invocations=761 (full 24):
 def new generation   total 2223360K, used 152536K [0x0000000080200000, 0x0000000116e80000, 0x0000000300150000)
  eden space 1976320K,   0% used [0x0000000080200000, 0x0000000080200000, 0x00000000f8c00000)
  from space 247040K,  61% used [0x0000000107d40000, 0x0000000111236308, 0x0000000116e80000)
  to   space 247040K,   0% used [0x00000000f8c00000, 0x00000000f8c00000, 0x0000000107d40000)
 tenured generation   total 4940684K, used 4821838K [0x0000000300150000, 0x000000042da33000, 0x0000000800000000)
   the space 4940684K,  97% used [0x0000000300150000, 0x0000000426623a20, 0x0000000426623c00, 0x000000042da33000)
 Metaspace       used 22718K, capacity 23231K, committed 23424K, reserved 1071104K
  class space    used 2354K, capacity 2568K, committed 2688K, reserved 1048576K
}
Event: 951.113 GC heap before
{Heap before GC invocations=761 (full 24):
 def new generation   total 2223360K, used 2128856K [0x0000000080200000, 0x0000000116e80000, 0x0000000300150000)
  eden space 1976320K, 100% used [0x0000000080200000, 0x00000000f8c00000, 0x00000000f8c00000)
  from space 247040K,  61% used [0x0000000107d40000, 0x0000000111236308, 0x0000000116e80000)
  to   space 247040K,   0% used [0x00000000f8c00000, 0x00000000f8c00000, 0x0000000107d40000)
 tenured generation   total 4940684K, used 4821838K [0x0000000300150000, 0x000000042da33000, 0x0000000800000000)
   the space 4940684K,  97% used [0x0000000300150000, 0x0000000426623a20, 0x0000000426623c00, 0x000000042da33000)
 Metaspace       used 22718K, capacity 23231K, committed 23424K, reserved 1071104K
  class space    used 2354K, capacity 2568K, committed 2688K, reserved 1048576K
}
Event: 951.290 GC heap after
{Heap after GC invocations=762 (full 24):
 def new generation   total 2223360K, used 119156K [0x0000000080200000, 0x0000000116e80000, 0x0000000300150000)
  eden space 1976320K,   0% used [0x0000000080200000, 0x0000000080200000, 0x00000000f8c00000)
  from space 247040K,  48% used [0x00000000f8c00000, 0x000000010005d040, 0x0000000107d40000)
  to   space 247040K,   0% used [0x0000000107d40000, 0x0000000107d40000, 0x0000000116e80000)
 tenured generation   total 4973976K, used 4973859K [0x0000000300150000, 0x000000042fab6000, 0x0000000800000000)
   the space 4973976K,  99% used [0x0000000300150000, 0x000000042fa98c10, 0x000000042fa98e00, 0x000000042fab6000)
 Metaspace       used 22718K, capacity 23231K, committed 23424K, reserved 1071104K
  class space    used 2354K, capacity 2568K, committed 2688K, reserved 1048576K
}
Event: 951.290 GC heap before
{Heap before GC invocations=762 (full 24):
 def new generation   total 2223360K, used 119156K [0x0000000080200000, 0x0000000116e80000, 0x0000000300150000)
  eden space 1976320K,   0% used [0x0000000080200000, 0x0000000080200000, 0x00000000f8c00000)
  from space 247040K,  48% used [0x00000000f8c00000, 0x000000010005d040, 0x0000000107d40000)
  to   space 247040K,   0% used [0x0000000107d40000, 0x0000000107d40000, 0x0000000116e80000)
 tenured generation   total 4973976K, used 4973859K [0x0000000300150000, 0x000000042fab6000, 0x0000000800000000)
   the space 4973976K,  99% used [0x0000000300150000, 0x000000042fa98c10, 0x000000042fa98e00, 0x000000042fab6000)
 Metaspace       used 22718K, capacity 23231K, committed 23424K, reserved 1071104K
  class space    used 2354K, capacity 2568K, committed 2688K, reserved 1048576K
}

