# JRE version: OpenJDK Runtime Environment (13.0.7+5) (build 13.0.7+5-Ubuntu-0ubuntu120.04)
# Java VM: OpenJDK 64-Bit Server VM (13.0.7+5-Ubuntu-0ubuntu120.04, mixed mode, tiered, serial gc, linux-amd64)
Heap:
 def new generation   total 3152704K, used 216835K [0x00007f5b3c600000, 0x00007f5c122e0000, 0x00007f6091b50000)
  eden space 2802432K,   7% used [0x00007f5b3c600000, 0x00007f5b499c0fe8, 0x00007f5be76c0000)
  from space 350272K,   0% used [0x00007f5be76c0000, 0x00007f5be76c0000, 0x00007f5bfccd0000)
  to   space 350272K,   0% used [0x00007f5bfccd0000, 0x00007f5bfccd0000, 0x00007f5c122e0000)
 tenured generation   total 7151788K, used 7151787K [0x00007f6091b50000, 0x00007f624637b000, 0x00007f6b3c600000)
   the space 7151788K,  99% used [0x00007f6091b50000, 0x00007f624637aff8, 0x00007f624637b000, 0x00007f624637b000)
 Metaspace       used 30651K, capacity 31066K, committed 31232K, reserved 32768K
GC Heap History (20 events):
Event: 150.905 GC heap after
{Heap after GC invocations=31 (full 6):
 def new generation   total 3152704K, used 206240K [0x00007f5b3c600000, 0x00007f5c122e0000, 0x00007f6091b50000)
  eden space 2802432K,   0% used [0x00007f5b3c600000, 0x00007f5b3c600000, 0x00007f5be76c0000)
  from space 350272K,  58% used [0x00007f5bfccd0000, 0x00007f5c09638188, 0x00007f5c122e0000)
  to   space 350272K,   0% used [0x00007f5be76c0000, 0x00007f5be76c0000, 0x00007f5bfccd0000)
 tenured generation   total 7005868K, used 5212526K [0x00007f6091b50000, 0x00007f623d4fb000, 0x00007f6b3c600000)
   the space 7005868K,  74% used [0x00007f6091b50000, 0x00007f61cfdab8a0, 0x00007f61cfdaba00, 0x00007f623d4fb000)
 Metaspace       used 30651K, capacity 31066K, committed 31232K, reserved 32768K
}
Event: 151.658 GC heap before
{Heap before GC invocations=31 (full 6):
 def new generation   total 3152704K, used 3008672K [0x00007f5b3c600000, 0x00007f5c122e0000, 0x00007f6091b50000)
  eden space 2802432K, 100% used [0x00007f5b3c600000, 0x00007f5be76c0000, 0x00007f5be76c0000)
  from space 350272K,  58% used [0x00007f5bfccd0000, 0x00007f5c09638188, 0x00007f5c122e0000)
  to   space 350272K,   0% used [0x00007f5be76c0000, 0x00007f5be76c0000, 0x00007f5bfccd0000)
 tenured generation   total 7005868K, used 5212526K [0x00007f6091b50000, 0x00007f623d4fb000, 0x00007f6b3c600000)
   the space 7005868K,  74% used [0x00007f6091b50000, 0x00007f61cfdab8a0, 0x00007f61cfdaba00, 0x00007f623d4fb000)
 Metaspace       used 30651K, capacity 31066K, committed 31232K, reserved 32768K
}
Event: 152.204 GC heap after
{Heap after GC invocations=32 (full 6):
 def new generation   total 3152704K, used 216981K [0x00007f5b3c600000, 0x00007f5c122e0000, 0x00007f6091b50000)
  eden space 2802432K,   0% used [0x00007f5b3c600000, 0x00007f5b3c600000, 0x00007f5be76c0000)
  from space 350272K,  61% used [0x00007f5be76c0000, 0x00007f5bf4aa5490, 0x00007f5bfccd0000)
  to   space 350272K,   0% used [0x00007f5bfccd0000, 0x00007f5bfccd0000, 0x00007f5c122e0000)
 tenured generation   total 7005868K, used 5418765K [0x00007f6091b50000, 0x00007f623d4fb000, 0x00007f6b3c600000)
   the space 7005868K,  77% used [0x00007f6091b50000, 0x00007f61dc7134c8, 0x00007f61dc713600, 0x00007f623d4fb000)
 Metaspace       used 30651K, capacity 31066K, committed 31232K, reserved 32768K
}
Event: 152.983 GC heap before
{Heap before GC invocations=32 (full 6):
 def new generation   total 3152704K, used 3019413K [0x00007f5b3c600000, 0x00007f5c122e0000, 0x00007f6091b50000)
  eden space 2802432K, 100% used [0x00007f5b3c600000, 0x00007f5be76c0000, 0x00007f5be76c0000)
  from space 350272K,  61% used [0x00007f5be76c0000, 0x00007f5bf4aa5490, 0x00007f5bfccd0000)
  to   space 350272K,   0% used [0x00007f5bfccd0000, 0x00007f5bfccd0000, 0x00007f5c122e0000)
 tenured generation   total 7005868K, used 5418765K [0x00007f6091b50000, 0x00007f623d4fb000, 0x00007f6b3c600000)
   the space 7005868K,  77% used [0x00007f6091b50000, 0x00007f61dc7134c8, 0x00007f61dc713600, 0x00007f623d4fb000)
 Metaspace       used 30651K, capacity 31066K, committed 31232K, reserved 32768K
}
Event: 153.574 GC heap after
{Heap after GC invocations=33 (full 6):
 def new generation   total 3152704K, used 222847K [0x00007f5b3c600000, 0x00007f5c122e0000, 0x00007f6091b50000)
  eden space 2802432K,   0% used [0x00007f5b3c600000, 0x00007f5b3c600000, 0x00007f5be76c0000)
  from space 350272K,  63% used [0x00007f5bfccd0000, 0x00007f5c0a66fe00, 0x00007f5c122e0000)
  to   space 350272K,   0% used [0x00007f5be76c0000, 0x00007f5be76c0000, 0x00007f5bfccd0000)
 tenured generation   total 7005868K, used 5635746K [0x00007f6091b50000, 0x00007f623d4fb000, 0x00007f6b3c600000)
   the space 7005868K,  80% used [0x00007f6091b50000, 0x00007f61e9af8898, 0x00007f61e9af8a00, 0x00007f623d4fb000)
 Metaspace       used 30651K, capacity 31066K, committed 31232K, reserved 32768K
}
Event: 154.328 GC heap before
{Heap before GC invocations=33 (full 6):
 def new generation   total 3152704K, used 3025279K [0x00007f5b3c600000, 0x00007f5c122e0000, 0x00007f6091b50000)
  eden space 2802432K, 100% used [0x00007f5b3c600000, 0x00007f5be76c0000, 0x00007f5be76c0000)
  from space 350272K,  63% used [0x00007f5bfccd0000, 0x00007f5c0a66fe00, 0x00007f5c122e0000)
  to   space 350272K,   0% used [0x00007f5be76c0000, 0x00007f5be76c0000, 0x00007f5bfccd0000)
 tenured generation   total 7005868K, used 5635746K [0x00007f6091b50000, 0x00007f623d4fb000, 0x00007f6b3c600000)
   the space 7005868K,  80% used [0x00007f6091b50000, 0x00007f61e9af8898, 0x00007f61e9af8a00, 0x00007f623d4fb000)
 Metaspace       used 30651K, capacity 31066K, committed 31232K, reserved 32768K
}
Event: 154.889 GC heap after
{Heap after GC invocations=34 (full 6):
 def new generation   total 3152704K, used 215468K [0x00007f5b3c600000, 0x00007f5c122e0000, 0x00007f6091b50000)
  eden space 2802432K,   0% used [0x00007f5b3c600000, 0x00007f5b3c600000, 0x00007f5be76c0000)
  from space 350272K,  61% used [0x00007f5be76c0000, 0x00007f5bf492b380, 0x00007f5bfccd0000)
  to   space 350272K,   0% used [0x00007f5bfccd0000, 0x00007f5bfccd0000, 0x00007f5c122e0000)
 tenured generation   total 7005868K, used 5858592K [0x00007f6091b50000, 0x00007f623d4fb000, 0x00007f6b3c600000)
   the space 7005868K,  83% used [0x00007f6091b50000, 0x00007f61f7498358, 0x00007f61f7498400, 0x00007f623d4fb000)
 Metaspace       used 30651K, capacity 31066K, committed 31232K, reserved 32768K
}
Event: 155.653 GC heap before
{Heap before GC invocations=34 (full 6):
 def new generation   total 3152704K, used 3017900K [0x00007f5b3c600000, 0x00007f5c122e0000, 0x00007f6091b50000)
  eden space 2802432K, 100% used [0x00007f5b3c600000, 0x00007f5be76c0000, 0x00007f5be76c0000)
  from space 350272K,  61% used [0x00007f5be76c0000, 0x00007f5bf492b380, 0x00007f5bfccd0000)
  to   space 350272K,   0% used [0x00007f5bfccd0000, 0x00007f5bfccd0000, 0x00007f5c122e0000)
 tenured generation   total 7005868K, used 5858592K [0x00007f6091b50000, 0x00007f623d4fb000, 0x00007f6b3c600000)
   the space 7005868K,  83% used [0x00007f6091b50000, 0x00007f61f7498358, 0x00007f61f7498400, 0x00007f623d4fb000)
 Metaspace       used 30651K, capacity 31066K, committed 31232K, reserved 32768K
}
Event: 156.209 GC heap after
{Heap after GC invocations=35 (full 6):
 def new generation   total 3152704K, used 206173K [0x00007f5b3c600000, 0x00007f5c122e0000, 0x00007f6091b50000)
  eden space 2802432K,   0% used [0x00007f5b3c600000, 0x00007f5b3c600000, 0x00007f5be76c0000)
  from space 350272K,  58% used [0x00007f5bfccd0000, 0x00007f5c09627660, 0x00007f5c122e0000)
  to   space 350272K,   0% used [0x00007f5be76c0000, 0x00007f5be76c0000, 0x00007f5bfccd0000)
 tenured generation   total 7005868K, used 6074060K [0x00007f6091b50000, 0x00007f623d4fb000, 0x00007f6b3c600000)
   the space 7005868K,  86% used [0x00007f6091b50000, 0x00007f62047032d8, 0x00007f6204703400, 0x00007f623d4fb000)
 Metaspace       used 30651K, capacity 31066K, committed 31232K, reserved 32768K
}
Event: 156.965 GC heap before
{Heap before GC invocations=35 (full 6):
 def new generation   total 3152704K, used 3008605K [0x00007f5b3c600000, 0x00007f5c122e0000, 0x00007f6091b50000)
  eden space 2802432K, 100% used [0x00007f5b3c600000, 0x00007f5be76c0000, 0x00007f5be76c0000)
  from space 350272K,  58% used [0x00007f5bfccd0000, 0x00007f5c09627660, 0x00007f5c122e0000)
  to   space 350272K,   0% used [0x00007f5be76c0000, 0x00007f5be76c0000, 0x00007f5bfccd0000)
 tenured generation   total 7005868K, used 6074060K [0x00007f6091b50000, 0x00007f623d4fb000, 0x00007f6b3c600000)
   the space 7005868K,  86% used [0x00007f6091b50000, 0x00007f62047032d8, 0x00007f6204703400, 0x00007f623d4fb000)
 Metaspace       used 30651K, capacity 31066K, committed 31232K, reserved 32768K
}
Event: 157.549 GC heap after
{Heap after GC invocations=36 (full 6):
 def new generation   total 3152704K, used 221877K [0x00007f5b3c600000, 0x00007f5c122e0000, 0x00007f6091b50000)
  eden space 2802432K,   0% used [0x00007f5b3c600000, 0x00007f5b3c600000, 0x00007f5be76c0000)
  from space 350272K,  63% used [0x00007f5be76c0000, 0x00007f5bf4f6d6e0, 0x00007f5bfccd0000)
  to   space 350272K,   0% used [0x00007f5bfccd0000, 0x00007f5bfccd0000, 0x00007f5c122e0000)
 tenured generation   total 7005868K, used 6280234K [0x00007f6091b50000, 0x00007f623d4fb000, 0x00007f6b3c600000)
   the space 7005868K,  89% used [0x00007f6091b50000, 0x00007f621105a8c8, 0x00007f621105aa00, 0x00007f623d4fb000)
 Metaspace       used 30651K, capacity 31066K, committed 31232K, reserved 32768K
}
Event: 158.302 GC heap before
{Heap before GC invocations=36 (full 6):
 def new generation   total 3152704K, used 3024309K [0x00007f5b3c600000, 0x00007f5c122e0000, 0x00007f6091b50000)
  eden space 2802432K, 100% used [0x00007f5b3c600000, 0x00007f5be76c0000, 0x00007f5be76c0000)
  from space 350272K,  63% used [0x00007f5be76c0000, 0x00007f5bf4f6d6e0, 0x00007f5bfccd0000)
  to   space 350272K,   0% used [0x00007f5bfccd0000, 0x00007f5bfccd0000, 0x00007f5c122e0000)
 tenured generation   total 7005868K, used 6280234K [0x00007f6091b50000, 0x00007f623d4fb000, 0x00007f6b3c600000)
   the space 7005868K,  89% used [0x00007f6091b50000, 0x00007f621105a8c8, 0x00007f621105aa00, 0x00007f623d4fb000)
 Metaspace       used 30651K, capacity 31066K, committed 31232K, reserved 32768K
}
Event: 158.971 GC heap after
{Heap after GC invocations=37 (full 6):
 def new generation   total 3152704K, used 213115K [0x00007f5b3c600000, 0x00007f5c122e0000, 0x00007f6091b50000)
  eden space 2802432K,   0% used [0x00007f5b3c600000, 0x00007f5b3c600000, 0x00007f5be76c0000)
  from space 350272K,  60% used [0x00007f5bfccd0000, 0x00007f5c09ceedd8, 0x00007f5c122e0000)
  to   space 350272K,   0% used [0x00007f5be76c0000, 0x00007f5be76c0000, 0x00007f5bfccd0000)
 tenured generation   total 7005868K, used 6502110K [0x00007f6091b50000, 0x00007f623d4fb000, 0x00007f6b3c600000)
   the space 7005868K,  92% used [0x00007f6091b50000, 0x00007f621e907ba8, 0x00007f621e907c00, 0x00007f623d4fb000)
 Metaspace       used 30651K, capacity 31066K, committed 31232K, reserved 32768K
}
Event: 159.716 GC heap before
{Heap before GC invocations=37 (full 6):
 def new generation   total 3152704K, used 3015547K [0x00007f5b3c600000, 0x00007f5c122e0000, 0x00007f6091b50000)
  eden space 2802432K, 100% used [0x00007f5b3c600000, 0x00007f5be76c0000, 0x00007f5be76c0000)
  from space 350272K,  60% used [0x00007f5bfccd0000, 0x00007f5c09ceedd8, 0x00007f5c122e0000)
  to   space 350272K,   0% used [0x00007f5be76c0000, 0x00007f5be76c0000, 0x00007f5bfccd0000)
 tenured generation   total 7005868K, used 6502110K [0x00007f6091b50000, 0x00007f623d4fb000, 0x00007f6b3c600000)
   the space 7005868K,  92% used [0x00007f6091b50000, 0x00007f621e907ba8, 0x00007f621e907c00, 0x00007f623d4fb000)
 Metaspace       used 30651K, capacity 31066K, committed 31232K, reserved 32768K
}
Event: 160.263 GC heap after
{Heap after GC invocations=38 (full 6):
 def new generation   total 3152704K, used 219841K [0x00007f5b3c600000, 0x00007f5c122e0000, 0x00007f6091b50000)
  eden space 2802432K,   0% used [0x00007f5b3c600000, 0x00007f5b3c600000, 0x00007f5be76c0000)
  from space 350272K,  62% used [0x00007f5be76c0000, 0x00007f5bf4d706d8, 0x00007f5bfccd0000)
  to   space 350272K,   0% used [0x00007f5bfccd0000, 0x00007f5bfccd0000, 0x00007f5c122e0000)
 tenured generation   total 7005868K, used 6715225K [0x00007f6091b50000, 0x00007f623d4fb000, 0x00007f6b3c600000)
   the space 7005868K,  95% used [0x00007f6091b50000, 0x00007f622b9264d0, 0x00007f622b926600, 0x00007f623d4fb000)
 Metaspace       used 30651K, capacity 31066K, committed 31232K, reserved 32768K
}
Event: 161.029 GC heap before
{Heap before GC invocations=38 (full 6):
 def new generation   total 3152704K, used 3022273K [0x00007f5b3c600000, 0x00007f5c122e0000, 0x00007f6091b50000)
  eden space 2802432K, 100% used [0x00007f5b3c600000, 0x00007f5be76c0000, 0x00007f5be76c0000)
  from space 350272K,  62% used [0x00007f5be76c0000, 0x00007f5bf4d706d8, 0x00007f5bfccd0000)
  to   space 350272K,   0% used [0x00007f5bfccd0000, 0x00007f5bfccd0000, 0x00007f5c122e0000)
 tenured generation   total 7005868K, used 6715225K [0x00007f6091b50000, 0x00007f623d4fb000, 0x00007f6b3c600000)
   the space 7005868K,  95% used [0x00007f6091b50000, 0x00007f622b9264d0, 0x00007f622b926600, 0x00007f623d4fb000)
 Metaspace       used 30651K, capacity 31066K, committed 31232K, reserved 32768K
}
Event: 161.582 GC heap after
{Heap after GC invocations=39 (full 6):
 def new generation   total 3152704K, used 216606K [0x00007f5b3c600000, 0x00007f5c122e0000, 0x00007f6091b50000)
  eden space 2802432K,   0% used [0x00007f5b3c600000, 0x00007f5b3c600000, 0x00007f5be76c0000)
  from space 350272K,  61% used [0x00007f5bfccd0000, 0x00007f5c0a057870, 0x00007f5c122e0000)
  to   space 350272K,   0% used [0x00007f5be76c0000, 0x00007f5be76c0000, 0x00007f5bfccd0000)
 tenured generation   total 7005868K, used 6935066K [0x00007f6091b50000, 0x00007f623d4fb000, 0x00007f6b3c600000)
   the space 7005868K,  98% used [0x00007f6091b50000, 0x00007f6238fd6868, 0x00007f6238fd6a00, 0x00007f623d4fb000)
 Metaspace       used 30651K, capacity 31066K, committed 31232K, reserved 32768K
}
Event: 162.341 GC heap before
{Heap before GC invocations=39 (full 6):
 def new generation   total 3152704K, used 3019038K [0x00007f5b3c600000, 0x00007f5c122e0000, 0x00007f6091b50000)
  eden space 2802432K, 100% used [0x00007f5b3c600000, 0x00007f5be76c0000, 0x00007f5be76c0000)
  from space 350272K,  61% used [0x00007f5bfccd0000, 0x00007f5c0a057870, 0x00007f5c122e0000)
  to   space 350272K,   0% used [0x00007f5be76c0000, 0x00007f5be76c0000, 0x00007f5bfccd0000)
 tenured generation   total 7005868K, used 6935066K [0x00007f6091b50000, 0x00007f623d4fb000, 0x00007f6b3c600000)
   the space 7005868K,  98% used [0x00007f6091b50000, 0x00007f6238fd6868, 0x00007f6238fd6a00, 0x00007f623d4fb000)
 Metaspace       used 30651K, capacity 31066K, committed 31232K, reserved 32768K
}
Event: 162.932 GC heap after
{Heap after GC invocations=40 (full 6):
 def new generation   total 3152704K, used 216952K [0x00007f5b3c600000, 0x00007f5c122e0000, 0x00007f6091b50000)
  eden space 2802432K,   0% used [0x00007f5b3c600000, 0x00007f5b3c600000, 0x00007f5be76c0000)
  from space 350272K,  61% used [0x00007f5be76c0000, 0x00007f5bf4a9e358, 0x00007f5bfccd0000)
  to   space 350272K,   0% used [0x00007f5bfccd0000, 0x00007f5bfccd0000, 0x00007f5c122e0000)
 tenured generation   total 7151788K, used 7151671K [0x00007f6091b50000, 0x00007f624637b000, 0x00007f6b3c600000)
   the space 7151788K,  99% used [0x00007f6091b50000, 0x00007f624635dc88, 0x00007f624635de00, 0x00007f624637b000)
 Metaspace       used 30651K, capacity 31066K, committed 31232K, reserved 32768K
}
Event: 162.932 GC heap before
{Heap before GC invocations=40 (full 6):
 def new generation   total 3152704K, used 216952K [0x00007f5b3c600000, 0x00007f5c122e0000, 0x00007f6091b50000)
  eden space 2802432K,   0% used [0x00007f5b3c600000, 0x00007f5b3c600000, 0x00007f5be76c0000)
  from space 350272K,  61% used [0x00007f5be76c0000, 0x00007f5bf4a9e358, 0x00007f5bfccd0000)
  to   space 350272K,   0% used [0x00007f5bfccd0000, 0x00007f5bfccd0000, 0x00007f5c122e0000)
 tenured generation   total 7151788K, used 7151671K [0x00007f6091b50000, 0x00007f624637b000, 0x00007f6b3c600000)
   the space 7151788K,  99% used [0x00007f6091b50000, 0x00007f624635dc88, 0x00007f624635de00, 0x00007f624637b000)
 Metaspace       used 30651K, capacity 31066K, committed 31232K, reserved 32768K
}

