# JRE version: OpenJDK Runtime Environment (13.0.7+5) (build 13.0.7+5-Ubuntu-0ubuntu120.04)
# Java VM: OpenJDK 64-Bit Server VM (13.0.7+5-Ubuntu-0ubuntu120.04, mixed mode, tiered, serial gc, linux-amd64)
Heap:
 def new generation   total 1747904K, used 0K [0x00007fa1f0600000, 0x00007fa266e90000, 0x00007fa745b50000)
  eden space 1553728K,   0% used [0x00007fa1f0600000, 0x00007fa1f0600000, 0x00007fa24f350000)
  from space 194176K,   0% used [0x00007fa25b0f0000, 0x00007fa25b0f0000, 0x00007fa266e90000)
  to   space 194176K,   0% used [0x00007fa24f350000, 0x00007fa24f350000, 0x00007fa25b0f0000)
 tenured generation   total 3884248K, used 3859007K [0x00007fa745b50000, 0x00007fa832c86000, 0x00007fb1f0600000)
   the space 3884248K,  99% used [0x00007fa745b50000, 0x00007fa8313dff68, 0x00007fa8313e0000, 0x00007fa832c86000)
 Metaspace       used 24336K, capacity 24755K, committed 24832K, reserved 26624K
GC Heap History (20 events):
Event: 93682.572 GC heap after
{Heap after GC invocations=108561 (full 3):
 def new generation   total 1747904K, used 726K [0x00007fa1f0600000, 0x00007fa266e90000, 0x00007fa745b50000)
  eden space 1553728K,   0% used [0x00007fa1f0600000, 0x00007fa1f0600000, 0x00007fa24f350000)
  from space 194176K,   0% used [0x00007fa24f350000, 0x00007fa24f4059a0, 0x00007fa25b0f0000)
  to   space 194176K,   0% used [0x00007fa25b0f0000, 0x00007fa25b0f0000, 0x00007fa266e90000)
 tenured generation   total 3884056K, used 3883671K [0x00007fa745b50000, 0x00007fa832c56000, 0x00007fb1f0600000)
   the space 3884056K,  99% used [0x00007fa745b50000, 0x00007fa832bf5d48, 0x00007fa832bf5e00, 0x00007fa832c56000)
 Metaspace       used 24336K, capacity 24755K, committed 24832K, reserved 26624K
}
Event: 93683.991 GC heap before
{Heap before GC invocations=108561 (full 3):
 def new generation   total 1747904K, used 1554454K [0x00007fa1f0600000, 0x00007fa266e90000, 0x00007fa745b50000)
  eden space 1553728K, 100% used [0x00007fa1f0600000, 0x00007fa24f350000, 0x00007fa24f350000)
  from space 194176K,   0% used [0x00007fa24f350000, 0x00007fa24f4059a0, 0x00007fa25b0f0000)
  to   space 194176K,   0% used [0x00007fa25b0f0000, 0x00007fa25b0f0000, 0x00007fa266e90000)
 tenured generation   total 3884056K, used 3883671K [0x00007fa745b50000, 0x00007fa832c56000, 0x00007fb1f0600000)
   the space 3884056K,  99% used [0x00007fa745b50000, 0x00007fa832bf5d48, 0x00007fa832bf5e00, 0x00007fa832c56000)
 Metaspace       used 24336K, capacity 24755K, committed 24832K, reserved 26624K
}
Event: 93683.997 GC heap after
{Heap after GC invocations=108562 (full 3):
 def new generation   total 1747904K, used 726K [0x00007fa1f0600000, 0x00007fa266e90000, 0x00007fa745b50000)
  eden space 1553728K,   0% used [0x00007fa1f0600000, 0x00007fa1f0600000, 0x00007fa24f350000)
  from space 194176K,   0% used [0x00007fa25b0f0000, 0x00007fa25b1a5b40, 0x00007fa266e90000)
  to   space 194176K,   0% used [0x00007fa24f350000, 0x00007fa24f350000, 0x00007fa25b0f0000)
 tenured generation   total 3884056K, used 3883698K [0x00007fa745b50000, 0x00007fa832c56000, 0x00007fb1f0600000)
   the space 3884056K,  99% used [0x00007fa745b50000, 0x00007fa832bfca90, 0x00007fa832bfcc00, 0x00007fa832c56000)
 Metaspace       used 24336K, capacity 24755K, committed 24832K, reserved 26624K
}
Event: 93685.438 GC heap before
{Heap before GC invocations=108562 (full 3):
 def new generation   total 1747904K, used 1554454K [0x00007fa1f0600000, 0x00007fa266e90000, 0x00007fa745b50000)
  eden space 1553728K, 100% used [0x00007fa1f0600000, 0x00007fa24f350000, 0x00007fa24f350000)
  from space 194176K,   0% used [0x00007fa25b0f0000, 0x00007fa25b1a5b40, 0x00007fa266e90000)
  to   space 194176K,   0% used [0x00007fa24f350000, 0x00007fa24f350000, 0x00007fa25b0f0000)
 tenured generation   total 3884056K, used 3883698K [0x00007fa745b50000, 0x00007fa832c56000, 0x00007fb1f0600000)
   the space 3884056K,  99% used [0x00007fa745b50000, 0x00007fa832bfca90, 0x00007fa832bfcc00, 0x00007fa832c56000)
 Metaspace       used 24336K, capacity 24755K, committed 24832K, reserved 26624K
}
Event: 93685.445 GC heap after
{Heap after GC invocations=108563 (full 3):
 def new generation   total 1747904K, used 731K [0x00007fa1f0600000, 0x00007fa266e90000, 0x00007fa745b50000)
  eden space 1553728K,   0% used [0x00007fa1f0600000, 0x00007fa1f0600000, 0x00007fa24f350000)
  from space 194176K,   0% used [0x00007fa24f350000, 0x00007fa24f406db8, 0x00007fa25b0f0000)
  to   space 194176K,   0% used [0x00007fa25b0f0000, 0x00007fa25b0f0000, 0x00007fa266e90000)
 tenured generation   total 3884056K, used 3883753K [0x00007fa745b50000, 0x00007fa832c56000, 0x00007fb1f0600000)
   the space 3884056K,  99% used [0x00007fa745b50000, 0x00007fa832c0a520, 0x00007fa832c0a600, 0x00007fa832c56000)
 Metaspace       used 24336K, capacity 24755K, committed 24832K, reserved 26624K
}
Event: 93686.912 GC heap before
{Heap before GC invocations=108563 (full 3):
 def new generation   total 1747904K, used 1554459K [0x00007fa1f0600000, 0x00007fa266e90000, 0x00007fa745b50000)
  eden space 1553728K, 100% used [0x00007fa1f0600000, 0x00007fa24f350000, 0x00007fa24f350000)
  from space 194176K,   0% used [0x00007fa24f350000, 0x00007fa24f406db8, 0x00007fa25b0f0000)
  to   space 194176K,   0% used [0x00007fa25b0f0000, 0x00007fa25b0f0000, 0x00007fa266e90000)
 tenured generation   total 3884056K, used 3883753K [0x00007fa745b50000, 0x00007fa832c56000, 0x00007fb1f0600000)
   the space 3884056K,  99% used [0x00007fa745b50000, 0x00007fa832c0a520, 0x00007fa832c0a600, 0x00007fa832c56000)
 Metaspace       used 24336K, capacity 24755K, committed 24832K, reserved 26624K
}
Event: 93686.920 GC heap after
{Heap after GC invocations=108564 (full 3):
 def new generation   total 1747904K, used 729K [0x00007fa1f0600000, 0x00007fa266e90000, 0x00007fa745b50000)
  eden space 1553728K,   0% used [0x00007fa1f0600000, 0x00007fa1f0600000, 0x00007fa24f350000)
  from space 194176K,   0% used [0x00007fa25b0f0000, 0x00007fa25b1a6440, 0x00007fa266e90000)
  to   space 194176K,   0% used [0x00007fa24f350000, 0x00007fa24f350000, 0x00007fa25b0f0000)
 tenured generation   total 3884056K, used 3883807K [0x00007fa745b50000, 0x00007fa832c56000, 0x00007fb1f0600000)
   the space 3884056K,  99% used [0x00007fa745b50000, 0x00007fa832c17fb0, 0x00007fa832c18000, 0x00007fa832c56000)
 Metaspace       used 24336K, capacity 24755K, committed 24832K, reserved 26624K
}
Event: 93688.397 GC heap before
{Heap before GC invocations=108564 (full 3):
 def new generation   total 1747904K, used 1554457K [0x00007fa1f0600000, 0x00007fa266e90000, 0x00007fa745b50000)
  eden space 1553728K, 100% used [0x00007fa1f0600000, 0x00007fa24f350000, 0x00007fa24f350000)
  from space 194176K,   0% used [0x00007fa25b0f0000, 0x00007fa25b1a6440, 0x00007fa266e90000)
  to   space 194176K,   0% used [0x00007fa24f350000, 0x00007fa24f350000, 0x00007fa25b0f0000)
 tenured generation   total 3884056K, used 3883807K [0x00007fa745b50000, 0x00007fa832c56000, 0x00007fb1f0600000)
   the space 3884056K,  99% used [0x00007fa745b50000, 0x00007fa832c17fb0, 0x00007fa832c18000, 0x00007fa832c56000)
 Metaspace       used 24336K, capacity 24755K, committed 24832K, reserved 26624K
}
Event: 93688.403 GC heap after
{Heap after GC invocations=108565 (full 3):
 def new generation   total 1747904K, used 723K [0x00007fa1f0600000, 0x00007fa266e90000, 0x00007fa745b50000)
  eden space 1553728K,   0% used [0x00007fa1f0600000, 0x00007fa1f0600000, 0x00007fa24f350000)
  from space 194176K,   0% used [0x00007fa24f350000, 0x00007fa24f404e28, 0x00007fa25b0f0000)
  to   space 194176K,   0% used [0x00007fa25b0f0000, 0x00007fa25b0f0000, 0x00007fa266e90000)
 tenured generation   total 3884056K, used 3883835K [0x00007fa745b50000, 0x00007fa832c56000, 0x00007fb1f0600000)
   the space 3884056K,  99% used [0x00007fa745b50000, 0x00007fa832c1ecf8, 0x00007fa832c1ee00, 0x00007fa832c56000)
 Metaspace       used 24336K, capacity 24755K, committed 24832K, reserved 26624K
}
Event: 93689.856 GC heap before
{Heap before GC invocations=108565 (full 3):
 def new generation   total 1747904K, used 1554451K [0x00007fa1f0600000, 0x00007fa266e90000, 0x00007fa745b50000)
  eden space 1553728K, 100% used [0x00007fa1f0600000, 0x00007fa24f350000, 0x00007fa24f350000)
  from space 194176K,   0% used [0x00007fa24f350000, 0x00007fa24f404e28, 0x00007fa25b0f0000)
  to   space 194176K,   0% used [0x00007fa25b0f0000, 0x00007fa25b0f0000, 0x00007fa266e90000)
 tenured generation   total 3884056K, used 3883835K [0x00007fa745b50000, 0x00007fa832c56000, 0x00007fb1f0600000)
   the space 3884056K,  99% used [0x00007fa745b50000, 0x00007fa832c1ecf8, 0x00007fa832c1ee00, 0x00007fa832c56000)
 Metaspace       used 24336K, capacity 24755K, committed 24832K, reserved 26624K
}
Event: 93689.863 GC heap after
{Heap after GC invocations=108566 (full 3):
 def new generation   total 1747904K, used 727K [0x00007fa1f0600000, 0x00007fa266e90000, 0x00007fa745b50000)
  eden space 1553728K,   0% used [0x00007fa1f0600000, 0x00007fa1f0600000, 0x00007fa24f350000)
  from space 194176K,   0% used [0x00007fa25b0f0000, 0x00007fa25b1a5ee0, 0x00007fa266e90000)
  to   space 194176K,   0% used [0x00007fa24f350000, 0x00007fa24f350000, 0x00007fa25b0f0000)
 tenured generation   total 3884056K, used 3883889K [0x00007fa745b50000, 0x00007fa832c56000, 0x00007fb1f0600000)
   the space 3884056K,  99% used [0x00007fa745b50000, 0x00007fa832c2c788, 0x00007fa832c2c800, 0x00007fa832c56000)
 Metaspace       used 24336K, capacity 24755K, committed 24832K, reserved 26624K
}
Event: 93691.321 GC heap before
{Heap before GC invocations=108566 (full 3):
 def new generation   total 1747904K, used 1554455K [0x00007fa1f0600000, 0x00007fa266e90000, 0x00007fa745b50000)
  eden space 1553728K, 100% used [0x00007fa1f0600000, 0x00007fa24f350000, 0x00007fa24f350000)
  from space 194176K,   0% used [0x00007fa25b0f0000, 0x00007fa25b1a5ee0, 0x00007fa266e90000)
  to   space 194176K,   0% used [0x00007fa24f350000, 0x00007fa24f350000, 0x00007fa25b0f0000)
 tenured generation   total 3884056K, used 3883889K [0x00007fa745b50000, 0x00007fa832c56000, 0x00007fb1f0600000)
   the space 3884056K,  99% used [0x00007fa745b50000, 0x00007fa832c2c788, 0x00007fa832c2c800, 0x00007fa832c56000)
 Metaspace       used 24336K, capacity 24755K, committed 24832K, reserved 26624K
}
Event: 93691.329 GC heap after
{Heap after GC invocations=108567 (full 3):
 def new generation   total 1747904K, used 726K [0x00007fa1f0600000, 0x00007fa266e90000, 0x00007fa745b50000)
  eden space 1553728K,   0% used [0x00007fa1f0600000, 0x00007fa1f0600000, 0x00007fa24f350000)
  from space 194176K,   0% used [0x00007fa24f350000, 0x00007fa24f4059c0, 0x00007fa25b0f0000)
  to   space 194176K,   0% used [0x00007fa25b0f0000, 0x00007fa25b0f0000, 0x00007fa266e90000)
 tenured generation   total 3884056K, used 3883944K [0x00007fa745b50000, 0x00007fa832c56000, 0x00007fb1f0600000)
   the space 3884056K,  99% used [0x00007fa745b50000, 0x00007fa832c3a218, 0x00007fa832c3a400, 0x00007fa832c56000)
 Metaspace       used 24336K, capacity 24755K, committed 24832K, reserved 26624K
}
Event: 93692.773 GC heap before
{Heap before GC invocations=108567 (full 3):
 def new generation   total 1747904K, used 1554454K [0x00007fa1f0600000, 0x00007fa266e90000, 0x00007fa745b50000)
  eden space 1553728K, 100% used [0x00007fa1f0600000, 0x00007fa24f350000, 0x00007fa24f350000)
  from space 194176K,   0% used [0x00007fa24f350000, 0x00007fa24f4059c0, 0x00007fa25b0f0000)
  to   space 194176K,   0% used [0x00007fa25b0f0000, 0x00007fa25b0f0000, 0x00007fa266e90000)
 tenured generation   total 3884056K, used 3883944K [0x00007fa745b50000, 0x00007fa832c56000, 0x00007fb1f0600000)
   the space 3884056K,  99% used [0x00007fa745b50000, 0x00007fa832c3a218, 0x00007fa832c3a400, 0x00007fa832c56000)
 Metaspace       used 24336K, capacity 24755K, committed 24832K, reserved 26624K
}
Event: 93692.779 GC heap after
{Heap after GC invocations=108568 (full 3):
 def new generation   total 1747904K, used 719K [0x00007fa1f0600000, 0x00007fa266e90000, 0x00007fa745b50000)
  eden space 1553728K,   0% used [0x00007fa1f0600000, 0x00007fa1f0600000, 0x00007fa24f350000)
  from space 194176K,   0% used [0x00007fa25b0f0000, 0x00007fa25b1a3e68, 0x00007fa266e90000)
  to   space 194176K,   0% used [0x00007fa24f350000, 0x00007fa24f350000, 0x00007fa25b0f0000)
 tenured generation   total 3884056K, used 3883971K [0x00007fa745b50000, 0x00007fa832c56000, 0x00007fb1f0600000)
   the space 3884056K,  99% used [0x00007fa745b50000, 0x00007fa832c40f60, 0x00007fa832c41000, 0x00007fa832c56000)
 Metaspace       used 24336K, capacity 24755K, committed 24832K, reserved 26624K
}
Event: 93694.233 GC heap before
{Heap before GC invocations=108568 (full 3):
 def new generation   total 1747904K, used 1554447K [0x00007fa1f0600000, 0x00007fa266e90000, 0x00007fa745b50000)
  eden space 1553728K, 100% used [0x00007fa1f0600000, 0x00007fa24f350000, 0x00007fa24f350000)
  from space 194176K,   0% used [0x00007fa25b0f0000, 0x00007fa25b1a3e68, 0x00007fa266e90000)
  to   space 194176K,   0% used [0x00007fa24f350000, 0x00007fa24f350000, 0x00007fa25b0f0000)
 tenured generation   total 3884056K, used 3883971K [0x00007fa745b50000, 0x00007fa832c56000, 0x00007fb1f0600000)
   the space 3884056K,  99% used [0x00007fa745b50000, 0x00007fa832c40f60, 0x00007fa832c41000, 0x00007fa832c56000)
 Metaspace       used 24336K, capacity 24755K, committed 24832K, reserved 26624K
}
Event: 93694.245 GC heap after
{Heap after GC invocations=108569 (full 3):
 def new generation   total 1747904K, used 723K [0x00007fa1f0600000, 0x00007fa266e90000, 0x00007fa745b50000)
  eden space 1553728K,   0% used [0x00007fa1f0600000, 0x00007fa1f0600000, 0x00007fa24f350000)
  from space 194176K,   0% used [0x00007fa24f350000, 0x00007fa24f404d80, 0x00007fa25b0f0000)
  to   space 194176K,   0% used [0x00007fa25b0f0000, 0x00007fa25b0f0000, 0x00007fa266e90000)
 tenured generation   total 3884056K, used 3884027K [0x00007fa745b50000, 0x00007fa832c56000, 0x00007fb1f0600000)
   the space 3884056K,  99% used [0x00007fa745b50000, 0x00007fa832c4ef20, 0x00007fa832c4f000, 0x00007fa832c56000)
 Metaspace       used 24336K, capacity 24755K, committed 24832K, reserved 26624K
}
Event: 93695.720 GC heap before
{Heap before GC invocations=108569 (full 3):
 def new generation   total 1747904K, used 1554451K [0x00007fa1f0600000, 0x00007fa266e90000, 0x00007fa745b50000)
  eden space 1553728K, 100% used [0x00007fa1f0600000, 0x00007fa24f350000, 0x00007fa24f350000)
  from space 194176K,   0% used [0x00007fa24f350000, 0x00007fa24f404d80, 0x00007fa25b0f0000)
  to   space 194176K,   0% used [0x00007fa25b0f0000, 0x00007fa25b0f0000, 0x00007fa266e90000)
 tenured generation   total 3884056K, used 3884027K [0x00007fa745b50000, 0x00007fa832c56000, 0x00007fb1f0600000)
   the space 3884056K,  99% used [0x00007fa745b50000, 0x00007fa832c4ef20, 0x00007fa832c4f000, 0x00007fa832c56000)
 Metaspace       used 24336K, capacity 24755K, committed 24832K, reserved 26624K
}
Event: 93695.726 GC heap after
{Heap after GC invocations=108570 (full 3):
 def new generation   total 1747904K, used 716K [0x00007fa1f0600000, 0x00007fa266e90000, 0x00007fa745b50000)
  eden space 1553728K,   0% used [0x00007fa1f0600000, 0x00007fa1f0600000, 0x00007fa24f350000)
  from space 194176K,   0% used [0x00007fa25b0f0000, 0x00007fa25b1a31a0, 0x00007fa266e90000)
  to   space 194176K,   0% used [0x00007fa24f350000, 0x00007fa24f350000, 0x00007fa25b0f0000)
 tenured generation   total 3884248K, used 3884082K [0x00007fa745b50000, 0x00007fa832c86000, 0x00007fb1f0600000)
   the space 3884248K,  99% used [0x00007fa745b50000, 0x00007fa832c5c9b0, 0x00007fa832c5ca00, 0x00007fa832c86000)
 Metaspace       used 24336K, capacity 24755K, committed 24832K, reserved 26624K
}
Event: 93695.726 GC heap before
{Heap before GC invocations=108570 (full 3):
 def new generation   total 1747904K, used 716K [0x00007fa1f0600000, 0x00007fa266e90000, 0x00007fa745b50000)
  eden space 1553728K,   0% used [0x00007fa1f0600000, 0x00007fa1f0600000, 0x00007fa24f350000)
  from space 194176K,   0% used [0x00007fa25b0f0000, 0x00007fa25b1a31a0, 0x00007fa266e90000)
  to   space 194176K,   0% used [0x00007fa24f350000, 0x00007fa24f350000, 0x00007fa25b0f0000)
 tenured generation   total 3884248K, used 3884082K [0x00007fa745b50000, 0x00007fa832c86000, 0x00007fb1f0600000)
   the space 3884248K,  99% used [0x00007fa745b50000, 0x00007fa832c5c9b0, 0x00007fa832c5ca00, 0x00007fa832c86000)
 Metaspace       used 24336K, capacity 24755K, committed 24832K, reserved 26624K
}

