# JRE version: OpenJDK Runtime Environment (13.0.7+5) (build 13.0.7+5-Ubuntu-0ubuntu120.04)
# Java VM: OpenJDK 64-Bit Server VM (13.0.7+5-Ubuntu-0ubuntu120.04, mixed mode, tiered, serial gc, linux-amd64)
Heap:
 def new generation   total 4726272K, used 3227999K [0x00007fd0d8600000, 0x00007fd218e50000, 0x00007fd62db50000)
  eden space 4201152K,  76% used [0x00007fd0d8600000, 0x00007fd19d656f98, 0x00007fd1d8cb0000)
  from space 525120K,   0% used [0x00007fd1f8d80000, 0x00007fd1f8d80ce0, 0x00007fd218e50000)
  to   space 525120K,   0% used [0x00007fd1d8cb0000, 0x00007fd1d8cb0820, 0x00007fd1f8d80000)
 tenured generation   total 10502684K, used 9752345K [0x00007fd62db50000, 0x00007fd8aebd7000, 0x00007fe0d8600000)
   the space 10502684K,  92% used [0x00007fd62db50000, 0x00007fd880f16528, 0x00007fd880f16600, 0x00007fd8aebd7000)
 Metaspace       used 23311K, capacity 23699K, committed 23808K, reserved 24576K
GC Heap History (20 events):
Event: 53.943 GC heap after
{Heap after GC invocations=24 (full 9):
 def new generation   total 4726272K, used 501173K [0x00007fd0d8600000, 0x00007fd218e50000, 0x00007fd62db50000)
  eden space 4201152K,   0% used [0x00007fd0d8600000, 0x00007fd0d8600000, 0x00007fd1d8cb0000)
  from space 525120K,  95% used [0x00007fd1d8cb0000, 0x00007fd1f761d658, 0x00007fd1f8d80000)
  to   space 525120K,   0% used [0x00007fd1f8d80000, 0x00007fd1f8d80000, 0x00007fd218e50000)
 tenured generation   total 10502684K, used 9643944K [0x00007fd62db50000, 0x00007fd8aebd7000, 0x00007fe0d8600000)
   the space 10502684K,  91% used [0x00007fd62db50000, 0x00007fd87a53a230, 0x00007fd87a53a400, 0x00007fd8aebd7000)
 Metaspace       used 23299K, capacity 23635K, committed 23808K, reserved 24576K
}
Event: 55.777 GC heap before
{Heap before GC invocations=24 (full 9):
 def new generation   total 4726272K, used 3729095K [0x00007fd0d8600000, 0x00007fd218e50000, 0x00007fd62db50000)
  eden space 4201152K,  76% used [0x00007fd0d8600000, 0x00007fd19d644668, 0x00007fd1d8cb0000)
  from space 525120K,  95% used [0x00007fd1d8cb0000, 0x00007fd1f761d658, 0x00007fd1f8d80000)
  to   space 525120K,   0% used [0x00007fd1f8d80000, 0x00007fd1f8d80000, 0x00007fd218e50000)
 tenured generation   total 10502684K, used 9643944K [0x00007fd62db50000, 0x00007fd8aebd7000, 0x00007fe0d8600000)
   the space 10502684K,  91% used [0x00007fd62db50000, 0x00007fd87a53a230, 0x00007fd87a53a400, 0x00007fd8aebd7000)
 Metaspace       used 23299K, capacity 23635K, committed 23808K, reserved 24576K
}
Event: 57.188 GC heap after
{Heap after GC invocations=25 (full 9):
 def new generation   total 4726272K, used 2K [0x00007fd0d8600000, 0x00007fd218e50000, 0x00007fd62db50000)
  eden space 4201152K,   0% used [0x00007fd0d8600000, 0x00007fd0d8600000, 0x00007fd1d8cb0000)
  from space 525120K,   0% used [0x00007fd1f8d80000, 0x00007fd1f8d809a0, 0x00007fd218e50000)
  to   space 525120K,   0% used [0x00007fd1d8cb0000, 0x00007fd1d8cb0000, 0x00007fd1f8d80000)
 tenured generation   total 13648416K, used 12897627K [0x00007fd62db50000, 0x00007fd96ebd8000, 0x00007fe0d8600000)
   the space 13648416K,  94% used [0x00007fd62db50000, 0x00007fd940ea6e28, 0x00007fd940ea7000, 0x00007fd96ebd8000)
 Metaspace       used 23299K, capacity 23635K, committed 23808K, reserved 24576K
}
Event: 57.188 GC heap before
{Heap before GC invocations=25 (full 9):
 def new generation   total 4726272K, used 2K [0x00007fd0d8600000, 0x00007fd218e50000, 0x00007fd62db50000)
  eden space 4201152K,   0% used [0x00007fd0d8600000, 0x00007fd0d8600000, 0x00007fd1d8cb0000)
  from space 525120K,   0% used [0x00007fd1f8d80000, 0x00007fd1f8d809a0, 0x00007fd218e50000)
  to   space 525120K,   0% used [0x00007fd1d8cb0000, 0x00007fd1d8cb0000, 0x00007fd1f8d80000)
 tenured generation   total 13648416K, used 12897627K [0x00007fd62db50000, 0x00007fd96ebd8000, 0x00007fe0d8600000)
   the space 13648416K,  94% used [0x00007fd62db50000, 0x00007fd940ea6e28, 0x00007fd940ea7000, 0x00007fd96ebd8000)
 Metaspace       used 23299K, capacity 23635K, committed 23808K, reserved 24576K
}
Event: 57.739 GC heap after
{Heap after GC invocations=25 (full 10):
 def new generation   total 4726272K, used 0K [0x00007fd0d8600000, 0x00007fd218e50000, 0x00007fd62db50000)
  eden space 4201152K,   0% used [0x00007fd0d8600000, 0x00007fd0d8600000, 0x00007fd1d8cb0000)
  from space 525120K,   0% used [0x00007fd1f8d80000, 0x00007fd1f8d80000, 0x00007fd218e50000)
  to   space 525120K,   0% used [0x00007fd1d8cb0000, 0x00007fd1d8cb0000, 0x00007fd1f8d80000)
 tenured generation   total 10502684K, used 3156102K [0x00007fd62db50000, 0x00007fd8aebd7000, 0x00007fe0d8600000)
   the space 10502684K,  30% used [0x00007fd62db50000, 0x00007fd6ee571a70, 0x00007fd6ee571c00, 0x00007fd8aebd7000)
 Metaspace       used 23299K, capacity 23635K, committed 23808K, reserved 24576K
}
Event: 58.407 GC heap before
{Heap before GC invocations=25 (full 10):
 def new generation   total 4726272K, used 3228020K [0x00007fd0d8600000, 0x00007fd218e50000, 0x00007fd62db50000)
  eden space 4201152K,  76% used [0x00007fd0d8600000, 0x00007fd19d65d000, 0x00007fd1d8cb0000)
  from space 525120K,   0% used [0x00007fd1f8d80000, 0x00007fd1f8d80000, 0x00007fd218e50000)
  to   space 525120K,   0% used [0x00007fd1d8cb0000, 0x00007fd1d8cb0000, 0x00007fd1f8d80000)
 tenured generation   total 10502684K, used 3156102K [0x00007fd62db50000, 0x00007fd8aebd7000, 0x00007fe0d8600000)
   the space 10502684K,  30% used [0x00007fd62db50000, 0x00007fd6ee571a70, 0x00007fd6ee571c00, 0x00007fd8aebd7000)
 Metaspace       used 23299K, capacity 23635K, committed 23808K, reserved 24576K
}
Event: 58.999 GC heap after
{Heap after GC invocations=26 (full 10):
 def new generation   total 4726272K, used 0K [0x00007fd0d8600000, 0x00007fd218e50000, 0x00007fd62db50000)
  eden space 4201152K,   0% used [0x00007fd0d8600000, 0x00007fd0d8600000, 0x00007fd1d8cb0000)
  from space 525120K,   0% used [0x00007fd1d8cb0000, 0x00007fd1d8cb0248, 0x00007fd1f8d80000)
  to   space 525120K,   0% used [0x00007fd1f8d80000, 0x00007fd1f8d80000, 0x00007fd218e50000)
 tenured generation   total 10502684K, used 6301830K [0x00007fd62db50000, 0x00007fd8aebd7000, 0x00007fe0d8600000)
   the space 10502684K,  60% used [0x00007fd62db50000, 0x00007fd7ae571a88, 0x00007fd7ae571c00, 0x00007fd8aebd7000)
 Metaspace       used 23299K, capacity 23635K, committed 23808K, reserved 24576K
}
Event: 60.912 GC heap before
{Heap before GC invocations=26 (full 10):
 def new generation   total 4726272K, used 3227877K [0x00007fd0d8600000, 0x00007fd218e50000, 0x00007fd62db50000)
  eden space 4201152K,  76% used [0x00007fd0d8600000, 0x00007fd19d639360, 0x00007fd1d8cb0000)
  from space 525120K,   0% used [0x00007fd1d8cb0000, 0x00007fd1d8cb0248, 0x00007fd1f8d80000)
  to   space 525120K,   0% used [0x00007fd1f8d80000, 0x00007fd1f8d80000, 0x00007fd218e50000)
 tenured generation   total 10502684K, used 6301830K [0x00007fd62db50000, 0x00007fd8aebd7000, 0x00007fe0d8600000)
   the space 10502684K,  60% used [0x00007fd62db50000, 0x00007fd7ae571a88, 0x00007fd7ae571c00, 0x00007fd8aebd7000)
 Metaspace       used 23299K, capacity 23635K, committed 23808K, reserved 24576K
}
Event: 61.742 GC heap after
{Heap after GC invocations=27 (full 10):
 def new generation   total 4726272K, used 0K [0x00007fd0d8600000, 0x00007fd218e50000, 0x00007fd62db50000)
  eden space 4201152K,   0% used [0x00007fd0d8600000, 0x00007fd0d8600000, 0x00007fd1d8cb0000)
  from space 525120K,   0% used [0x00007fd1f8d80000, 0x00007fd1f8d80250, 0x00007fd218e50000)
  to   space 525120K,   0% used [0x00007fd1d8cb0000, 0x00007fd1d8cb0000, 0x00007fd1f8d80000)
 tenured generation   total 10502684K, used 9447558K [0x00007fd62db50000, 0x00007fd8aebd7000, 0x00007fe0d8600000)
   the space 10502684K,  89% used [0x00007fd62db50000, 0x00007fd86e571aa0, 0x00007fd86e571c00, 0x00007fd8aebd7000)
 Metaspace       used 23299K, capacity 23635K, committed 23808K, reserved 24576K
}
Event: 63.020 GC heap before
{Heap before GC invocations=27 (full 10):
 def new generation   total 4726272K, used 3227785K [0x00007fd0d8600000, 0x00007fd218e50000, 0x00007fd62db50000)
  eden space 4201152K,  76% used [0x00007fd0d8600000, 0x00007fd19d6221b8, 0x00007fd1d8cb0000)
  from space 525120K,   0% used [0x00007fd1f8d80000, 0x00007fd1f8d80250, 0x00007fd218e50000)
  to   space 525120K,   0% used [0x00007fd1d8cb0000, 0x00007fd1d8cb0000, 0x00007fd1f8d80000)
 tenured generation   total 10502684K, used 9447558K [0x00007fd62db50000, 0x00007fd8aebd7000, 0x00007fe0d8600000)
   the space 10502684K,  89% used [0x00007fd62db50000, 0x00007fd86e571aa0, 0x00007fd86e571c00, 0x00007fd8aebd7000)
 Metaspace       used 23299K, capacity 23635K, committed 23808K, reserved 24576K
}
Event: 64.552 GC heap after
{Heap after GC invocations=28 (full 10):
 def new generation   total 4726272K, used 1K [0x00007fd0d8600000, 0x00007fd218e50000, 0x00007fd62db50000)
  eden space 4201152K,   0% used [0x00007fd0d8600000, 0x00007fd0d8600000, 0x00007fd1d8cb0000)
  from space 525120K,   0% used [0x00007fd1d8cb0000, 0x00007fd1d8cb05b8, 0x00007fd1f8d80000)
  to   space 525120K,   0% used [0x00007fd1f8d80000, 0x00007fd1f8d80000, 0x00007fd218e50000)
 tenured generation   total 13648420K, used 12593286K [0x00007fd62db50000, 0x00007fd96ebd9000, 0x00007fe0d8600000)
   the space 13648420K,  92% used [0x00007fd62db50000, 0x00007fd92e571ad0, 0x00007fd92e571c00, 0x00007fd96ebd9000)
 Metaspace       used 23299K, capacity 23635K, committed 23808K, reserved 24576K
}
Event: 64.552 GC heap before
{Heap before GC invocations=28 (full 10):
 def new generation   total 4726272K, used 1K [0x00007fd0d8600000, 0x00007fd218e50000, 0x00007fd62db50000)
  eden space 4201152K,   0% used [0x00007fd0d8600000, 0x00007fd0d8600000, 0x00007fd1d8cb0000)
  from space 525120K,   0% used [0x00007fd1d8cb0000, 0x00007fd1d8cb05b8, 0x00007fd1f8d80000)
  to   space 525120K,   0% used [0x00007fd1f8d80000, 0x00007fd1f8d80000, 0x00007fd218e50000)
 tenured generation   total 13648420K, used 12593286K [0x00007fd62db50000, 0x00007fd96ebd9000, 0x00007fe0d8600000)
   the space 13648420K,  92% used [0x00007fd62db50000, 0x00007fd92e571ad0, 0x00007fd92e571c00, 0x00007fd96ebd9000)
 Metaspace       used 23299K, capacity 23635K, committed 23808K, reserved 24576K
}
Event: 65.047 GC heap after
{Heap after GC invocations=28 (full 11):
 def new generation   total 4726272K, used 0K [0x00007fd0d8600000, 0x00007fd218e50000, 0x00007fd62db50000)
  eden space 4201152K,   0% used [0x00007fd0d8600000, 0x00007fd0d8600000, 0x00007fd1d8cb0000)
  from space 525120K,   0% used [0x00007fd1d8cb0000, 0x00007fd1d8cb0000, 0x00007fd1f8d80000)
  to   space 525120K,   0% used [0x00007fd1f8d80000, 0x00007fd1f8d80000, 0x00007fd218e50000)
 tenured generation   total 10502684K, used 3156103K [0x00007fd62db50000, 0x00007fd8aebd7000, 0x00007fe0d8600000)
   the space 10502684K,  30% used [0x00007fd62db50000, 0x00007fd6ee571e38, 0x00007fd6ee572000, 0x00007fd8aebd7000)
 Metaspace       used 23299K, capacity 23635K, committed 23808K, reserved 24576K
}
Event: 67.242 GC heap before
{Heap before GC invocations=28 (full 11):
 def new generation   total 4726272K, used 4032411K [0x00007fd0d8600000, 0x00007fd218e50000, 0x00007fd62db50000)
  eden space 4201152K,  95% used [0x00007fd0d8600000, 0x00007fd1ce7e6c80, 0x00007fd1d8cb0000)
  from space 525120K,   0% used [0x00007fd1d8cb0000, 0x00007fd1d8cb0000, 0x00007fd1f8d80000)
  to   space 525120K,   0% used [0x00007fd1f8d80000, 0x00007fd1f8d80000, 0x00007fd218e50000)
 tenured generation   total 10502684K, used 3156103K [0x00007fd62db50000, 0x00007fd8aebd7000, 0x00007fe0d8600000)
   the space 10502684K,  30% used [0x00007fd62db50000, 0x00007fd6ee571e38, 0x00007fd6ee572000, 0x00007fd8aebd7000)
 Metaspace       used 23309K, capacity 23699K, committed 23808K, reserved 24576K
}
Event: 67.289 GC heap after
{Heap after GC invocations=29 (full 11):
 def new generation   total 4726272K, used 321172K [0x00007fd0d8600000, 0x00007fd218e50000, 0x00007fd62db50000)
  eden space 4201152K,   0% used [0x00007fd0d8600000, 0x00007fd0d8600000, 0x00007fd1d8cb0000)
  from space 525120K,  61% used [0x00007fd1f8d80000, 0x00007fd20c725300, 0x00007fd218e50000)
  to   space 525120K,   0% used [0x00007fd1d8cb0000, 0x00007fd1d8cb0000, 0x00007fd1f8d80000)
 tenured generation   total 10502684K, used 3156103K [0x00007fd62db50000, 0x00007fd8aebd7000, 0x00007fe0d8600000)
   the space 10502684K,  30% used [0x00007fd62db50000, 0x00007fd6ee571e38, 0x00007fd6ee572000, 0x00007fd8aebd7000)
 Metaspace       used 23309K, capacity 23699K, committed 23808K, reserved 24576K
}
Event: 69.574 GC heap before
{Heap before GC invocations=29 (full 11):
 def new generation   total 4726272K, used 3942224K [0x00007fd0d8600000, 0x00007fd218e50000, 0x00007fd62db50000)
  eden space 4201152K,  86% used [0x00007fd0d8600000, 0x00007fd1b562eeb0, 0x00007fd1d8cb0000)
  from space 525120K,  61% used [0x00007fd1f8d80000, 0x00007fd20c725300, 0x00007fd218e50000)
  to   space 525120K,   0% used [0x00007fd1d8cb0000, 0x00007fd1d8cb0000, 0x00007fd1f8d80000)
 tenured generation   total 10502684K, used 3156103K [0x00007fd62db50000, 0x00007fd8aebd7000, 0x00007fe0d8600000)
   the space 10502684K,  30% used [0x00007fd62db50000, 0x00007fd6ee571e38, 0x00007fd6ee572000, 0x00007fd8aebd7000)
 Metaspace       used 23311K, capacity 23699K, committed 23808K, reserved 24576K
}
Event: 70.007 GC heap after
{Heap after GC invocations=30 (full 11):
 def new generation   total 4726272K, used 2K [0x00007fd0d8600000, 0x00007fd218e50000, 0x00007fd62db50000)
  eden space 4201152K,   0% used [0x00007fd0d8600000, 0x00007fd0d8600000, 0x00007fd1d8cb0000)
  from space 525120K,   0% used [0x00007fd1d8cb0000, 0x00007fd1d8cb0a98, 0x00007fd1f8d80000)
  to   space 525120K,   0% used [0x00007fd1f8d80000, 0x00007fd1f8d80000, 0x00007fd218e50000)
 tenured generation   total 10502684K, used 6606617K [0x00007fd62db50000, 0x00007fd8aebd7000, 0x00007fe0d8600000)
   the space 10502684K,  62% used [0x00007fd62db50000, 0x00007fd7c0f16510, 0x00007fd7c0f16600, 0x00007fd8aebd7000)
 Metaspace       used 23311K, capacity 23699K, committed 23808K, reserved 24576K
}
Event: 70.563 GC heap before
{Heap before GC invocations=30 (full 11):
 def new generation   total 4726272K, used 3228208K [0x00007fd0d8600000, 0x00007fd218e50000, 0x00007fd62db50000)
  eden space 4201152K,  76% used [0x00007fd0d8600000, 0x00007fd19d68b6b8, 0x00007fd1d8cb0000)
  from space 525120K,   0% used [0x00007fd1d8cb0000, 0x00007fd1d8cb0a98, 0x00007fd1f8d80000)
  to   space 525120K,   0% used [0x00007fd1f8d80000, 0x00007fd1f8d80000, 0x00007fd218e50000)
 tenured generation   total 10502684K, used 6606617K [0x00007fd62db50000, 0x00007fd8aebd7000, 0x00007fe0d8600000)
   the space 10502684K,  62% used [0x00007fd62db50000, 0x00007fd7c0f16510, 0x00007fd7c0f16600, 0x00007fd8aebd7000)
 Metaspace       used 23311K, capacity 23699K, committed 23808K, reserved 24576K
}
Event: 70.960 GC heap after
{Heap after GC invocations=31 (full 11):
 def new generation   total 4726272K, used 3K [0x00007fd0d8600000, 0x00007fd218e50000, 0x00007fd62db50000)
  eden space 4201152K,   0% used [0x00007fd0d8600000, 0x00007fd0d8600000, 0x00007fd1d8cb0000)
  from space 525120K,   0% used [0x00007fd1f8d80000, 0x00007fd1f8d80ce0, 0x00007fd218e50000)
  to   space 525120K,   0% used [0x00007fd1d8cb0000, 0x00007fd1d8cb0000, 0x00007fd1f8d80000)
 tenured generation   total 10502684K, used 9752345K [0x00007fd62db50000, 0x00007fd8aebd7000, 0x00007fe0d8600000)
   the space 10502684K,  92% used [0x00007fd62db50000, 0x00007fd880f16528, 0x00007fd880f16600, 0x00007fd8aebd7000)
 Metaspace       used 23311K, capacity 23699K, committed 23808K, reserved 24576K
}
Event: 72.872 GC heap before
{Heap before GC invocations=31 (full 11):
 def new generation   total 4726272K, used 3227999K [0x00007fd0d8600000, 0x00007fd218e50000, 0x00007fd62db50000)
  eden space 4201152K,  76% used [0x00007fd0d8600000, 0x00007fd19d656f98, 0x00007fd1d8cb0000)
  from space 525120K,   0% used [0x00007fd1f8d80000, 0x00007fd1f8d80ce0, 0x00007fd218e50000)
  to   space 525120K,   0% used [0x00007fd1d8cb0000, 0x00007fd1d8cb0000, 0x00007fd1f8d80000)
 tenured generation   total 10502684K, used 9752345K [0x00007fd62db50000, 0x00007fd8aebd7000, 0x00007fe0d8600000)
   the space 10502684K,  92% used [0x00007fd62db50000, 0x00007fd880f16528, 0x00007fd880f16600, 0x00007fd8aebd7000)
 Metaspace       used 23311K, capacity 23699K, committed 23808K, reserved 24576K
}

