# JRE version: OpenJDK Runtime Environment (13.0.7+5) (build 13.0.7+5-Ubuntu-0ubuntu120.04)
# Java VM: OpenJDK 64-Bit Server VM (13.0.7+5-Ubuntu-0ubuntu120.04, mixed mode, tiered, serial gc, linux-amd64)
Heap:
 def new generation   total 3869952K, used 0K [0x00007f5e68600000, 0x00007f5f6ed20000, 0x00007f63bdb50000)
  eden space 3440000K,   0% used [0x00007f5e68600000, 0x00007f5e68600000, 0x00007f5f3a560000)
  from space 429952K,   0% used [0x00007f5f3a560000, 0x00007f5f3a560000, 0x00007f5f54940000)
  to   space 429952K,   0% used [0x00007f5f54940000, 0x00007f5f54940000, 0x00007f5f6ed20000)
 tenured generation   total 9581992K, used 9442680K [0x00007f63bdb50000, 0x00007f66068ba000, 0x00007f6e68600000)
   the space 9581992K,  98% used [0x00007f63bdb50000, 0x00007f65fe0ae390, 0x00007f65fe0ae400, 0x00007f66068ba000)
 Metaspace       used 30961K, capacity 31344K, committed 31744K, reserved 32768K
GC Heap History (20 events):
Event: 235.898 GC heap after
{Heap after GC invocations=133 (full 21):
 def new generation   total 3869952K, used 274427K [0x00007f5e68600000, 0x00007f5f6ed20000, 0x00007f63bdb50000)
  eden space 3440000K,   0% used [0x00007f5e68600000, 0x00007f5e68600000, 0x00007f5f3a560000)
  from space 429952K,  63% used [0x00007f5f54940000, 0x00007f5f6553ef40, 0x00007f5f6ed20000)
  to   space 429952K,   0% used [0x00007f5f3a560000, 0x00007f5f3a560000, 0x00007f5f54940000)
 tenured generation   total 8599720K, used 5811861K [0x00007f63bdb50000, 0x00007f65ca97a000, 0x00007f6e68600000)
   the space 8599720K,  67% used [0x00007f63bdb50000, 0x00007f65206f5420, 0x00007f65206f5600, 0x00007f65ca97a000)
 Metaspace       used 30961K, capacity 31344K, committed 31744K, reserved 32768K
}
Event: 236.716 GC heap before
{Heap before GC invocations=133 (full 21):
 def new generation   total 3869952K, used 3714427K [0x00007f5e68600000, 0x00007f5f6ed20000, 0x00007f63bdb50000)
  eden space 3440000K, 100% used [0x00007f5e68600000, 0x00007f5f3a560000, 0x00007f5f3a560000)
  from space 429952K,  63% used [0x00007f5f54940000, 0x00007f5f6553ef40, 0x00007f5f6ed20000)
  to   space 429952K,   0% used [0x00007f5f3a560000, 0x00007f5f3a560000, 0x00007f5f54940000)
 tenured generation   total 8599720K, used 5811861K [0x00007f63bdb50000, 0x00007f65ca97a000, 0x00007f6e68600000)
   the space 8599720K,  67% used [0x00007f63bdb50000, 0x00007f65206f5420, 0x00007f65206f5600, 0x00007f65ca97a000)
 Metaspace       used 30961K, capacity 31344K, committed 31744K, reserved 32768K
}
Event: 237.450 GC heap after
{Heap after GC invocations=134 (full 21):
 def new generation   total 3869952K, used 259452K [0x00007f5e68600000, 0x00007f5f6ed20000, 0x00007f63bdb50000)
  eden space 3440000K,   0% used [0x00007f5e68600000, 0x00007f5e68600000, 0x00007f5f3a560000)
  from space 429952K,  60% used [0x00007f5f3a560000, 0x00007f5f4a2bf0e8, 0x00007f5f54940000)
  to   space 429952K,   0% used [0x00007f5f54940000, 0x00007f5f54940000, 0x00007f5f6ed20000)
 tenured generation   total 8599720K, used 6086288K [0x00007f63bdb50000, 0x00007f65ca97a000, 0x00007f6e68600000)
   the space 8599720K,  70% used [0x00007f63bdb50000, 0x00007f65312f4170, 0x00007f65312f4200, 0x00007f65ca97a000)
 Metaspace       used 30961K, capacity 31344K, committed 31744K, reserved 32768K
}
Event: 238.251 GC heap before
{Heap before GC invocations=134 (full 21):
 def new generation   total 3869952K, used 3699452K [0x00007f5e68600000, 0x00007f5f6ed20000, 0x00007f63bdb50000)
  eden space 3440000K, 100% used [0x00007f5e68600000, 0x00007f5f3a560000, 0x00007f5f3a560000)
  from space 429952K,  60% used [0x00007f5f3a560000, 0x00007f5f4a2bf0e8, 0x00007f5f54940000)
  to   space 429952K,   0% used [0x00007f5f54940000, 0x00007f5f54940000, 0x00007f5f6ed20000)
 tenured generation   total 8599720K, used 6086288K [0x00007f63bdb50000, 0x00007f65ca97a000, 0x00007f6e68600000)
   the space 8599720K,  70% used [0x00007f63bdb50000, 0x00007f65312f4170, 0x00007f65312f4200, 0x00007f65ca97a000)
 Metaspace       used 30961K, capacity 31344K, committed 31744K, reserved 32768K
}
Event: 238.947 GC heap after
{Heap after GC invocations=135 (full 21):
 def new generation   total 3869952K, used 230428K [0x00007f5e68600000, 0x00007f5f6ed20000, 0x00007f63bdb50000)
  eden space 3440000K,   0% used [0x00007f5e68600000, 0x00007f5e68600000, 0x00007f5f3a560000)
  from space 429952K,  53% used [0x00007f5f54940000, 0x00007f5f62a47148, 0x00007f5f6ed20000)
  to   space 429952K,   0% used [0x00007f5f3a560000, 0x00007f5f3a560000, 0x00007f5f54940000)
 tenured generation   total 8599720K, used 6345740K [0x00007f63bdb50000, 0x00007f65ca97a000, 0x00007f6e68600000)
   the space 8599720K,  73% used [0x00007f63bdb50000, 0x00007f6541053258, 0x00007f6541053400, 0x00007f65ca97a000)
 Metaspace       used 30961K, capacity 31344K, committed 31744K, reserved 32768K
}
Event: 239.780 GC heap before
{Heap before GC invocations=135 (full 21):
 def new generation   total 3869952K, used 3670428K [0x00007f5e68600000, 0x00007f5f6ed20000, 0x00007f63bdb50000)
  eden space 3440000K, 100% used [0x00007f5e68600000, 0x00007f5f3a560000, 0x00007f5f3a560000)
  from space 429952K,  53% used [0x00007f5f54940000, 0x00007f5f62a47148, 0x00007f5f6ed20000)
  to   space 429952K,   0% used [0x00007f5f3a560000, 0x00007f5f3a560000, 0x00007f5f54940000)
 tenured generation   total 8599720K, used 6345740K [0x00007f63bdb50000, 0x00007f65ca97a000, 0x00007f6e68600000)
   the space 8599720K,  73% used [0x00007f63bdb50000, 0x00007f6541053258, 0x00007f6541053400, 0x00007f65ca97a000)
 Metaspace       used 30961K, capacity 31344K, committed 31744K, reserved 32768K
}
Event: 240.474 GC heap after
{Heap after GC invocations=136 (full 21):
 def new generation   total 3869952K, used 259823K [0x00007f5e68600000, 0x00007f5f6ed20000, 0x00007f63bdb50000)
  eden space 3440000K,   0% used [0x00007f5e68600000, 0x00007f5e68600000, 0x00007f5f3a560000)
  from space 429952K,  60% used [0x00007f5f3a560000, 0x00007f5f4a31bdc0, 0x00007f5f54940000)
  to   space 429952K,   0% used [0x00007f5f54940000, 0x00007f5f54940000, 0x00007f5f6ed20000)
 tenured generation   total 8599720K, used 6576168K [0x00007f63bdb50000, 0x00007f65ca97a000, 0x00007f6e68600000)
   the space 8599720K,  76% used [0x00007f63bdb50000, 0x00007f654f15a120, 0x00007f654f15a200, 0x00007f65ca97a000)
 Metaspace       used 30961K, capacity 31344K, committed 31744K, reserved 32768K
}
Event: 241.270 GC heap before
{Heap before GC invocations=136 (full 21):
 def new generation   total 3869952K, used 3699823K [0x00007f5e68600000, 0x00007f5f6ed20000, 0x00007f63bdb50000)
  eden space 3440000K, 100% used [0x00007f5e68600000, 0x00007f5f3a560000, 0x00007f5f3a560000)
  from space 429952K,  60% used [0x00007f5f3a560000, 0x00007f5f4a31bdc0, 0x00007f5f54940000)
  to   space 429952K,   0% used [0x00007f5f54940000, 0x00007f5f54940000, 0x00007f5f6ed20000)
 tenured generation   total 8599720K, used 6576168K [0x00007f63bdb50000, 0x00007f65ca97a000, 0x00007f6e68600000)
   the space 8599720K,  76% used [0x00007f63bdb50000, 0x00007f654f15a120, 0x00007f654f15a200, 0x00007f65ca97a000)
 Metaspace       used 30961K, capacity 31344K, committed 31744K, reserved 32768K
}
Event: 241.948 GC heap after
{Heap after GC invocations=137 (full 21):
 def new generation   total 3869952K, used 242074K [0x00007f5e68600000, 0x00007f5f6ed20000, 0x00007f63bdb50000)
  eden space 3440000K,   0% used [0x00007f5e68600000, 0x00007f5e68600000, 0x00007f5f3a560000)
  from space 429952K,  56% used [0x00007f5f54940000, 0x00007f5f635a6a20, 0x00007f5f6ed20000)
  to   space 429952K,   0% used [0x00007f5f3a560000, 0x00007f5f3a560000, 0x00007f5f54940000)
 tenured generation   total 8599720K, used 6835990K [0x00007f63bdb50000, 0x00007f65ca97a000, 0x00007f6e68600000)
   the space 8599720K,  79% used [0x00007f63bdb50000, 0x00007f655ef15ab0, 0x00007f655ef15c00, 0x00007f65ca97a000)
 Metaspace       used 30961K, capacity 31344K, committed 31744K, reserved 32768K
}
Event: 242.760 GC heap before
{Heap before GC invocations=137 (full 21):
 def new generation   total 3869952K, used 3682074K [0x00007f5e68600000, 0x00007f5f6ed20000, 0x00007f63bdb50000)
  eden space 3440000K, 100% used [0x00007f5e68600000, 0x00007f5f3a560000, 0x00007f5f3a560000)
  from space 429952K,  56% used [0x00007f5f54940000, 0x00007f5f635a6a20, 0x00007f5f6ed20000)
  to   space 429952K,   0% used [0x00007f5f3a560000, 0x00007f5f3a560000, 0x00007f5f54940000)
 tenured generation   total 8599720K, used 6835990K [0x00007f63bdb50000, 0x00007f65ca97a000, 0x00007f6e68600000)
   the space 8599720K,  79% used [0x00007f63bdb50000, 0x00007f655ef15ab0, 0x00007f655ef15c00, 0x00007f65ca97a000)
 Metaspace       used 30961K, capacity 31344K, committed 31744K, reserved 32768K
}
Event: 243.441 GC heap after
{Heap after GC invocations=138 (full 21):
 def new generation   total 3869952K, used 242086K [0x00007f5e68600000, 0x00007f5f6ed20000, 0x00007f63bdb50000)
  eden space 3440000K,   0% used [0x00007f5e68600000, 0x00007f5e68600000, 0x00007f5f3a560000)
  from space 429952K,  56% used [0x00007f5f3a560000, 0x00007f5f491c9910, 0x00007f5f54940000)
  to   space 429952K,   0% used [0x00007f5f54940000, 0x00007f5f54940000, 0x00007f5f6ed20000)
 tenured generation   total 8599720K, used 7078064K [0x00007f63bdb50000, 0x00007f65ca97a000, 0x00007f6e68600000)
   the space 8599720K,  82% used [0x00007f63bdb50000, 0x00007f656db7c010, 0x00007f656db7c200, 0x00007f65ca97a000)
 Metaspace       used 30961K, capacity 31344K, committed 31744K, reserved 32768K
}
Event: 244.267 GC heap before
{Heap before GC invocations=138 (full 21):
 def new generation   total 3869952K, used 3682086K [0x00007f5e68600000, 0x00007f5f6ed20000, 0x00007f63bdb50000)
  eden space 3440000K, 100% used [0x00007f5e68600000, 0x00007f5f3a560000, 0x00007f5f3a560000)
  from space 429952K,  56% used [0x00007f5f3a560000, 0x00007f5f491c9910, 0x00007f5f54940000)
  to   space 429952K,   0% used [0x00007f5f54940000, 0x00007f5f54940000, 0x00007f5f6ed20000)
 tenured generation   total 8599720K, used 7078064K [0x00007f63bdb50000, 0x00007f65ca97a000, 0x00007f6e68600000)
   the space 8599720K,  82% used [0x00007f63bdb50000, 0x00007f656db7c010, 0x00007f656db7c200, 0x00007f65ca97a000)
 Metaspace       used 30961K, capacity 31344K, committed 31744K, reserved 32768K
}
Event: 244.987 GC heap after
{Heap after GC invocations=139 (full 21):
 def new generation   total 3869952K, used 270429K [0x00007f5e68600000, 0x00007f5f6ed20000, 0x00007f63bdb50000)
  eden space 3440000K,   0% used [0x00007f5e68600000, 0x00007f5e68600000, 0x00007f5f3a560000)
  from space 429952K,  62% used [0x00007f5f54940000, 0x00007f5f65157620, 0x00007f5f6ed20000)
  to   space 429952K,   0% used [0x00007f5f3a560000, 0x00007f5f3a560000, 0x00007f5f54940000)
 tenured generation   total 8599720K, used 7320149K [0x00007f63bdb50000, 0x00007f65ca97a000, 0x00007f6e68600000)
   the space 8599720K,  85% used [0x00007f63bdb50000, 0x00007f657c7e5650, 0x00007f657c7e5800, 0x00007f65ca97a000)
 Metaspace       used 30961K, capacity 31344K, committed 31744K, reserved 32768K
}
Event: 245.800 GC heap before
{Heap before GC invocations=139 (full 21):
 def new generation   total 3869952K, used 3710429K [0x00007f5e68600000, 0x00007f5f6ed20000, 0x00007f63bdb50000)
  eden space 3440000K, 100% used [0x00007f5e68600000, 0x00007f5f3a560000, 0x00007f5f3a560000)
  from space 429952K,  62% used [0x00007f5f54940000, 0x00007f5f65157620, 0x00007f5f6ed20000)
  to   space 429952K,   0% used [0x00007f5f3a560000, 0x00007f5f3a560000, 0x00007f5f54940000)
 tenured generation   total 8599720K, used 7320149K [0x00007f63bdb50000, 0x00007f65ca97a000, 0x00007f6e68600000)
   the space 8599720K,  85% used [0x00007f63bdb50000, 0x00007f657c7e5650, 0x00007f657c7e5800, 0x00007f65ca97a000)
 Metaspace       used 30961K, capacity 31344K, committed 31744K, reserved 32768K
}
Event: 246.495 GC heap after
{Heap after GC invocations=140 (full 21):
 def new generation   total 3869952K, used 242875K [0x00007f5e68600000, 0x00007f5f6ed20000, 0x00007f63bdb50000)
  eden space 3440000K,   0% used [0x00007f5e68600000, 0x00007f5e68600000, 0x00007f5f3a560000)
  from space 429952K,  56% used [0x00007f5f3a560000, 0x00007f5f4928ed78, 0x00007f5f54940000)
  to   space 429952K,   0% used [0x00007f5f54940000, 0x00007f5f54940000, 0x00007f5f6ed20000)
 tenured generation   total 8599720K, used 7590578K [0x00007f63bdb50000, 0x00007f65ca97a000, 0x00007f6e68600000)
   the space 8599720K,  88% used [0x00007f63bdb50000, 0x00007f658cffc810, 0x00007f658cffca00, 0x00007f65ca97a000)
 Metaspace       used 30961K, capacity 31344K, committed 31744K, reserved 32768K
}
Event: 258.854 GC heap before
{Heap before GC invocations=140 (full 21):
 def new generation   total 3869952K, used 3682875K [0x00007f5e68600000, 0x00007f5f6ed20000, 0x00007f63bdb50000)
  eden space 3440000K, 100% used [0x00007f5e68600000, 0x00007f5f3a560000, 0x00007f5f3a560000)
  from space 429952K,  56% used [0x00007f5f3a560000, 0x00007f5f4928ed78, 0x00007f5f54940000)
  to   space 429952K,   0% used [0x00007f5f54940000, 0x00007f5f54940000, 0x00007f5f6ed20000)
 tenured generation   total 8599720K, used 7590578K [0x00007f63bdb50000, 0x00007f65ca97a000, 0x00007f6e68600000)
   the space 8599720K,  88% used [0x00007f63bdb50000, 0x00007f658cffc810, 0x00007f658cffca00, 0x00007f65ca97a000)
 Metaspace       used 30961K, capacity 31344K, committed 31744K, reserved 32768K
}
Event: 260.237 GC heap after
{Heap after GC invocations=141 (full 21):
 def new generation   total 3869952K, used 429951K [0x00007f5e68600000, 0x00007f5f6ed20000, 0x00007f63bdb50000)
  eden space 3440000K,   0% used [0x00007f5e68600000, 0x00007f5e68600000, 0x00007f5f3a560000)
  from space 429952K,  99% used [0x00007f5f54940000, 0x00007f5f6ed1fff0, 0x00007f5f6ed20000)
  to   space 429952K,   0% used [0x00007f5f3a560000, 0x00007f5f3a560000, 0x00007f5f54940000)
 tenured generation   total 8599720K, used 8085029K [0x00007f63bdb50000, 0x00007f65ca97a000, 0x00007f6e68600000)
   the space 8599720K,  94% used [0x00007f63bdb50000, 0x00007f65ab2d9628, 0x00007f65ab2d9800, 0x00007f65ca97a000)
 Metaspace       used 30961K, capacity 31344K, committed 31744K, reserved 32768K
}
Event: 394.486 GC heap before
{Heap before GC invocations=141 (full 21):
 def new generation   total 3869952K, used 3869951K [0x00007f5e68600000, 0x00007f5f6ed20000, 0x00007f63bdb50000)
  eden space 3440000K, 100% used [0x00007f5e68600000, 0x00007f5f3a560000, 0x00007f5f3a560000)
  from space 429952K,  99% used [0x00007f5f54940000, 0x00007f5f6ed1fff0, 0x00007f5f6ed20000)
  to   space 429952K,   0% used [0x00007f5f3a560000, 0x00007f5f3a560000, 0x00007f5f54940000)
 tenured generation   total 8599720K, used 8085029K [0x00007f63bdb50000, 0x00007f65ca97a000, 0x00007f6e68600000)
   the space 8599720K,  94% used [0x00007f63bdb50000, 0x00007f65ab2d9628, 0x00007f65ab2d9800, 0x00007f65ca97a000)
 Metaspace       used 30961K, capacity 31344K, committed 31744K, reserved 32768K
}
Event: 397.440 GC heap after
{Heap after GC invocations=142 (full 21):
 def new generation   total 3869952K, used 429952K [0x00007f5e68600000, 0x00007f5f6ed20000, 0x00007f63bdb50000)
  eden space 3440000K,   0% used [0x00007f5e68600000, 0x00007f5e68600000, 0x00007f5f3a560000)
  from space 429952K, 100% used [0x00007f5f3a560000, 0x00007f5f54940000, 0x00007f5f54940000)
  to   space 429952K,   0% used [0x00007f5f54940000, 0x00007f5f54940000, 0x00007f5f6ed20000)
 tenured generation   total 9581992K, used 9581943K [0x00007f63bdb50000, 0x00007f66068ba000, 0x00007f6e68600000)
   the space 9581992K,  99% used [0x00007f63bdb50000, 0x00007f66068adfb0, 0x00007f66068ae000, 0x00007f66068ba000)
 Metaspace       used 30961K, capacity 31344K, committed 31744K, reserved 32768K
}
Event: 397.440 GC heap before
{Heap before GC invocations=142 (full 21):
 def new generation   total 3869952K, used 429952K [0x00007f5e68600000, 0x00007f5f6ed20000, 0x00007f63bdb50000)
  eden space 3440000K,   0% used [0x00007f5e68600000, 0x00007f5e68600000, 0x00007f5f3a560000)
  from space 429952K, 100% used [0x00007f5f3a560000, 0x00007f5f54940000, 0x00007f5f54940000)
  to   space 429952K,   0% used [0x00007f5f54940000, 0x00007f5f54940000, 0x00007f5f6ed20000)
 tenured generation   total 9581992K, used 9581943K [0x00007f63bdb50000, 0x00007f66068ba000, 0x00007f6e68600000)
   the space 9581992K,  99% used [0x00007f63bdb50000, 0x00007f66068adfb0, 0x00007f66068ae000, 0x00007f66068ba000)
 Metaspace       used 30961K, capacity 31344K, committed 31744K, reserved 32768K
}

