# JRE version: OpenJDK Runtime Environment (13.0.7+5) (build 13.0.7+5-Ubuntu-0ubuntu120.04)
# Java VM: OpenJDK 64-Bit Server VM (13.0.7+5-Ubuntu-0ubuntu120.04, mixed mode, tiered, serial gc, linux-amd64)
Heap:
 def new generation   total 3160512K, used 0K [0x00007f0ff8600000, 0x00007f10ceb50000, 0x00007f154db50000)
  eden space 2809408K,   0% used [0x00007f0ff8600000, 0x00007f0ff8600000, 0x00007f10a3d90000)
  from space 351104K,   0% used [0x00007f10a3d90000, 0x00007f10a3d90000, 0x00007f10b9470000)
  to   space 351104K,   0% used [0x00007f10b9470000, 0x00007f10b9470000, 0x00007f10ceb50000)
 tenured generation   total 7023160K, used 9626K [0x00007f154db50000, 0x00007f16fa5de000, 0x00007f1ff8600000)
   the space 7023160K,   0% used [0x00007f154db50000, 0x00007f154e4b6860, 0x00007f154e4b6a00, 0x00007f16fa5de000)
 Metaspace       used 23216K, capacity 23540K, committed 23808K, reserved 24576K
GC Heap History (20 events):
Event: 10.453 GC heap before
{Heap before GC invocations=4 (full 1):
 def new generation   total 629248K, used 180580K [0x00007f0ff8600000, 0x00007f10230c0000, 0x00007f154db50000)
  eden space 559360K,  32% used [0x00007f0ff8600000, 0x00007f1003543208, 0x00007f101a840000)
  from space 69888K,   1% used [0x00007f101ec80000, 0x00007f101ed95e68, 0x00007f10230c0000)
  to   space 69888K,   0% used [0x00007f101a840000, 0x00007f101a840000, 0x00007f101ec80000)
 tenured generation   total 1398144K, used 13997K [0x00007f154db50000, 0x00007f15a30b0000, 0x00007f1ff8600000)
   the space 1398144K,   1% used [0x00007f154db50000, 0x00007f154e8fb6c8, 0x00007f154e8fb800, 0x00007f15a30b0000)
 Metaspace       used 23216K, capacity 23540K, committed 23808K, reserved 24576K
}
Event: 10.462 GC heap after
{Heap after GC invocations=5 (full 1):
 def new generation   total 629248K, used 5593K [0x00007f0ff8600000, 0x00007f10230c0000, 0x00007f154db50000)
  eden space 559360K,   0% used [0x00007f0ff8600000, 0x00007f0ff8600000, 0x00007f101a840000)
  from space 69888K,   8% used [0x00007f101a840000, 0x00007f101adb67a8, 0x00007f101ec80000)
  to   space 69888K,   0% used [0x00007f101ec80000, 0x00007f101ec80000, 0x00007f10230c0000)
 tenured generation   total 1398144K, used 13997K [0x00007f154db50000, 0x00007f15a30b0000, 0x00007f1ff8600000)
   the space 1398144K,   1% used [0x00007f154db50000, 0x00007f154e8fb6c8, 0x00007f154e8fb800, 0x00007f15a30b0000)
 Metaspace       used 23216K, capacity 23540K, committed 23808K, reserved 24576K
}
Event: 10.462 GC heap before
{Heap before GC invocations=5 (full 1):
 def new generation   total 629248K, used 5593K [0x00007f0ff8600000, 0x00007f10230c0000, 0x00007f154db50000)
  eden space 559360K,   0% used [0x00007f0ff8600000, 0x00007f0ff8600000, 0x00007f101a840000)
  from space 69888K,   8% used [0x00007f101a840000, 0x00007f101adb67a8, 0x00007f101ec80000)
  to   space 69888K,   0% used [0x00007f101ec80000, 0x00007f101ec80000, 0x00007f10230c0000)
 tenured generation   total 1398144K, used 13997K [0x00007f154db50000, 0x00007f15a30b0000, 0x00007f1ff8600000)
   the space 1398144K,   1% used [0x00007f154db50000, 0x00007f154e8fb6c8, 0x00007f154e8fb800, 0x00007f15a30b0000)
 Metaspace       used 23216K, capacity 23540K, committed 23808K, reserved 24576K
}
Event: 10.581 GC heap after
{Heap after GC invocations=5 (full 2):
 def new generation   total 629248K, used 0K [0x00007f0ff8600000, 0x00007f10230c0000, 0x00007f154db50000)
  eden space 559360K,   0% used [0x00007f0ff8600000, 0x00007f0ff8600000, 0x00007f101a840000)
  from space 69888K,   0% used [0x00007f101a840000, 0x00007f101a840000, 0x00007f101ec80000)
  to   space 69888K,   0% used [0x00007f101ec80000, 0x00007f101ec80000, 0x00007f10230c0000)
 tenured generation   total 1398144K, used 19590K [0x00007f154db50000, 0x00007f15a30b0000, 0x00007f1ff8600000)
   the space 1398144K,   1% used [0x00007f154db50000, 0x00007f154ee71868, 0x00007f154ee71a00, 0x00007f15a30b0000)
 Metaspace       used 23216K, capacity 23540K, committed 23808K, reserved 24576K
}
Event: 17.236 GC heap before
{Heap before GC invocations=5 (full 2):
 def new generation   total 629248K, used 11067K [0x00007f0ff8600000, 0x00007f10230c0000, 0x00007f154db50000)
  eden space 559360K,   1% used [0x00007f0ff8600000, 0x00007f0ff90cee48, 0x00007f101a840000)
  from space 69888K,   0% used [0x00007f101a840000, 0x00007f101a840000, 0x00007f101ec80000)
  to   space 69888K,   0% used [0x00007f101ec80000, 0x00007f101ec80000, 0x00007f10230c0000)
 tenured generation   total 5592452K, used 4213894K [0x00007f154db50000, 0x00007f16a30b1000, 0x00007f1ff8600000)
   the space 5592452K,  75% used [0x00007f154db50000, 0x00007f164ee71880, 0x00007f164ee71a00, 0x00007f16a30b1000)
 Metaspace       used 23216K, capacity 23540K, committed 23808K, reserved 24576K
}
Event: 17.242 GC heap after
{Heap after GC invocations=6 (full 2):
 def new generation   total 629248K, used 0K [0x00007f0ff8600000, 0x00007f10230c0000, 0x00007f154db50000)
  eden space 559360K,   0% used [0x00007f0ff8600000, 0x00007f0ff8600000, 0x00007f101a840000)
  from space 69888K,   0% used [0x00007f101ec80000, 0x00007f101ec80268, 0x00007f10230c0000)
  to   space 69888K,   0% used [0x00007f101a840000, 0x00007f101a840000, 0x00007f101ec80000)
 tenured generation   total 5592452K, used 4213894K [0x00007f154db50000, 0x00007f16a30b1000, 0x00007f1ff8600000)
   the space 5592452K,  75% used [0x00007f154db50000, 0x00007f164ee71880, 0x00007f164ee71a00, 0x00007f16a30b1000)
 Metaspace       used 23216K, capacity 23540K, committed 23808K, reserved 24576K
}
Event: 17.242 GC heap before
{Heap before GC invocations=6 (full 2):
 def new generation   total 629248K, used 0K [0x00007f0ff8600000, 0x00007f10230c0000, 0x00007f154db50000)
  eden space 559360K,   0% used [0x00007f0ff8600000, 0x00007f0ff8600000, 0x00007f101a840000)
  from space 69888K,   0% used [0x00007f101ec80000, 0x00007f101ec80268, 0x00007f10230c0000)
  to   space 69888K,   0% used [0x00007f101a840000, 0x00007f101a840000, 0x00007f101ec80000)
 tenured generation   total 5592452K, used 4213894K [0x00007f154db50000, 0x00007f16a30b1000, 0x00007f1ff8600000)
   the space 5592452K,  75% used [0x00007f154db50000, 0x00007f164ee71880, 0x00007f164ee71a00, 0x00007f16a30b1000)
 Metaspace       used 23216K, capacity 23540K, committed 23808K, reserved 24576K
}
Event: 17.287 GC heap after
{Heap after GC invocations=6 (full 3):
 def new generation   total 3160512K, used 0K [0x00007f0ff8600000, 0x00007f10ceb50000, 0x00007f154db50000)
  eden space 2809408K,   0% used [0x00007f0ff8600000, 0x00007f0ff8600000, 0x00007f10a3d90000)
  from space 351104K,   0% used [0x00007f10a3d90000, 0x00007f10a3d90000, 0x00007f10b9470000)
  to   space 351104K,   0% used [0x00007f10b9470000, 0x00007f10b9470000, 0x00007f10ceb50000)
 tenured generation   total 7023160K, used 4213894K [0x00007f154db50000, 0x00007f16fa5de000, 0x00007f1ff8600000)
   the space 7023160K,  59% used [0x00007f154db50000, 0x00007f164ee71a80, 0x00007f164ee71c00, 0x00007f16fa5de000)
 Metaspace       used 23216K, capacity 23540K, committed 23808K, reserved 24576K
}
Event: 27.962 GC heap before
{Heap before GC invocations=6 (full 3):
 def new generation   total 3160512K, used 2152739K [0x00007f0ff8600000, 0x00007f10ceb50000, 0x00007f154db50000)
  eden space 2809408K,  76% used [0x00007f0ff8600000, 0x00007f107bc48cc8, 0x00007f10a3d90000)
  from space 351104K,   0% used [0x00007f10a3d90000, 0x00007f10a3d90000, 0x00007f10b9470000)
  to   space 351104K,   0% used [0x00007f10b9470000, 0x00007f10b9470000, 0x00007f10ceb50000)
 tenured generation   total 7023160K, used 4213894K [0x00007f154db50000, 0x00007f16fa5de000, 0x00007f1ff8600000)
   the space 7023160K,  59% used [0x00007f154db50000, 0x00007f164ee71a80, 0x00007f164ee71c00, 0x00007f16fa5de000)
 Metaspace       used 23216K, capacity 23540K, committed 23808K, reserved 24576K
}
Event: 35.414 GC heap after
{Heap after GC invocations=7 (full 3):
 def new generation   total 3160512K, used 0K [0x00007f0ff8600000, 0x00007f10ceb50000, 0x00007f154db50000)
  eden space 2809408K,   0% used [0x00007f0ff8600000, 0x00007f0ff8600000, 0x00007f10a3d90000)
  from space 351104K,   0% used [0x00007f10b9470000, 0x00007f10b94701c0, 0x00007f10ceb50000)
  to   space 351104K,   0% used [0x00007f10a3d90000, 0x00007f10a3d90000, 0x00007f10b9470000)
 tenured generation   total 7023160K, used 6311046K [0x00007f154db50000, 0x00007f16fa5de000, 0x00007f1ff8600000)
   the space 7023160K,  89% used [0x00007f154db50000, 0x00007f16cee71a98, 0x00007f16cee71c00, 0x00007f16fa5de000)
 Metaspace       used 23216K, capacity 23540K, committed 23808K, reserved 24576K
}
Event: 36.592 GC heap before
{Heap before GC invocations=7 (full 3):
 def new generation   total 3160512K, used 2152442K [0x00007f0ff8600000, 0x00007f10ceb50000, 0x00007f154db50000)
  eden space 2809408K,  76% used [0x00007f0ff8600000, 0x00007f107bbfe720, 0x00007f10a3d90000)
  from space 351104K,   0% used [0x00007f10b9470000, 0x00007f10b94701c0, 0x00007f10ceb50000)
  to   space 351104K,   0% used [0x00007f10a3d90000, 0x00007f10a3d90000, 0x00007f10b9470000)
 tenured generation   total 7023160K, used 6311046K [0x00007f154db50000, 0x00007f16fa5de000, 0x00007f1ff8600000)
   the space 7023160K,  89% used [0x00007f154db50000, 0x00007f16cee71a98, 0x00007f16cee71c00, 0x00007f16fa5de000)
 Metaspace       used 23216K, capacity 23540K, committed 23808K, reserved 24576K
}
Event: 39.705 GC heap after
{Heap after GC invocations=8 (full 3):
 def new generation   total 3160512K, used 1K [0x00007f0ff8600000, 0x00007f10ceb50000, 0x00007f154db50000)
  eden space 2809408K,   0% used [0x00007f0ff8600000, 0x00007f0ff8600000, 0x00007f10a3d90000)
  from space 351104K,   0% used [0x00007f10a3d90000, 0x00007f10a3d90408, 0x00007f10b9470000)
  to   space 351104K,   0% used [0x00007f10b9470000, 0x00007f10b9470000, 0x00007f10ceb50000)
 tenured generation   total 9120316K, used 8408198K [0x00007f154db50000, 0x00007f177a5df000, 0x00007f1ff8600000)
   the space 9120316K,  92% used [0x00007f154db50000, 0x00007f174ee71ab0, 0x00007f174ee71c00, 0x00007f177a5df000)
 Metaspace       used 23216K, capacity 23540K, committed 23808K, reserved 24576K
}
Event: 39.705 GC heap before
{Heap before GC invocations=8 (full 3):
 def new generation   total 3160512K, used 1K [0x00007f0ff8600000, 0x00007f10ceb50000, 0x00007f154db50000)
  eden space 2809408K,   0% used [0x00007f0ff8600000, 0x00007f0ff8600000, 0x00007f10a3d90000)
  from space 351104K,   0% used [0x00007f10a3d90000, 0x00007f10a3d90408, 0x00007f10b9470000)
  to   space 351104K,   0% used [0x00007f10b9470000, 0x00007f10b9470000, 0x00007f10ceb50000)
 tenured generation   total 9120316K, used 8408198K [0x00007f154db50000, 0x00007f177a5df000, 0x00007f1ff8600000)
   the space 9120316K,  92% used [0x00007f154db50000, 0x00007f174ee71ab0, 0x00007f174ee71c00, 0x00007f177a5df000)
 Metaspace       used 23216K, capacity 23540K, committed 23808K, reserved 24576K
}
Event: 42.508 GC heap after
{Heap after GC invocations=8 (full 4):
 def new generation   total 3160512K, used 0K [0x00007f0ff8600000, 0x00007f10ceb50000, 0x00007f154db50000)
  eden space 2809408K,   0% used [0x00007f0ff8600000, 0x00007f0ff8600000, 0x00007f10a3d90000)
  from space 351104K,   0% used [0x00007f10a3d90000, 0x00007f10a3d90000, 0x00007f10b9470000)
  to   space 351104K,   0% used [0x00007f10b9470000, 0x00007f10b9470000, 0x00007f10ceb50000)
 tenured generation   total 7023160K, used 4203805K [0x00007f154db50000, 0x00007f16fa5de000, 0x00007f1ff8600000)
   the space 7023160K,  59% used [0x00007f154db50000, 0x00007f164e4975e8, 0x00007f164e497600, 0x00007f16fa5de000)
 Metaspace       used 23216K, capacity 23540K, committed 23808K, reserved 24576K
}
Event: 45.894 GC heap before
{Heap before GC invocations=8 (full 4):
 def new generation   total 3160512K, used 2676539K [0x00007f0ff8600000, 0x00007f10ceb50000, 0x00007f154db50000)
  eden space 2809408K,  95% used [0x00007f0ff8600000, 0x00007f109bbcec58, 0x00007f10a3d90000)
  from space 351104K,   0% used [0x00007f10a3d90000, 0x00007f10a3d90000, 0x00007f10b9470000)
  to   space 351104K,   0% used [0x00007f10b9470000, 0x00007f10b9470000, 0x00007f10ceb50000)
 tenured generation   total 7023160K, used 4203805K [0x00007f154db50000, 0x00007f16fa5de000, 0x00007f1ff8600000)
   the space 7023160K,  59% used [0x00007f154db50000, 0x00007f164e4975e8, 0x00007f164e497600, 0x00007f16fa5de000)
 Metaspace       used 23216K, capacity 23540K, committed 23808K, reserved 24576K
}
Event: 46.042 GC heap after
{Heap after GC invocations=9 (full 4):
 def new generation   total 3160512K, used 0K [0x00007f0ff8600000, 0x00007f10ceb50000, 0x00007f154db50000)
  eden space 2809408K,   0% used [0x00007f0ff8600000, 0x00007f0ff8600000, 0x00007f10a3d90000)
  from space 351104K,   0% used [0x00007f10b9470000, 0x00007f10b94702d0, 0x00007f10ceb50000)
  to   space 351104K,   0% used [0x00007f10a3d90000, 0x00007f10a3d90000, 0x00007f10b9470000)
 tenured generation   total 7023160K, used 4728093K [0x00007f154db50000, 0x00007f16fa5de000, 0x00007f1ff8600000)
   the space 7023160K,  67% used [0x00007f154db50000, 0x00007f166e497600, 0x00007f166e497600, 0x00007f16fa5de000)
 Metaspace       used 23216K, capacity 23540K, committed 23808K, reserved 24576K
}
Event: 47.505 GC heap before
{Heap before GC invocations=9 (full 4):
 def new generation   total 3160512K, used 1890084K [0x00007f0ff8600000, 0x00007f10ceb50000, 0x00007f154db50000)
  eden space 2809408K,  67% used [0x00007f0ff8600000, 0x00007f106bbc8e20, 0x00007f10a3d90000)
  from space 351104K,   0% used [0x00007f10b9470000, 0x00007f10b94702d0, 0x00007f10ceb50000)
  to   space 351104K,   0% used [0x00007f10a3d90000, 0x00007f10a3d90000, 0x00007f10b9470000)
 tenured generation   total 7023160K, used 4728093K [0x00007f154db50000, 0x00007f16fa5de000, 0x00007f1ff8600000)
   the space 7023160K,  67% used [0x00007f154db50000, 0x00007f166e497600, 0x00007f166e497600, 0x00007f16fa5de000)
 Metaspace       used 23216K, capacity 23540K, committed 23808K, reserved 24576K
}
Event: 47.850 GC heap after
{Heap after GC invocations=10 (full 4):
 def new generation   total 3160512K, used 278736K [0x00007f0ff8600000, 0x00007f10ceb50000, 0x00007f154db50000)
  eden space 2809408K,   0% used [0x00007f0ff8600000, 0x00007f0ff8600000, 0x00007f10a3d90000)
  from space 351104K,  79% used [0x00007f10a3d90000, 0x00007f10b4dc42e8, 0x00007f10b9470000)
  to   space 351104K,   0% used [0x00007f10b9470000, 0x00007f10b9470000, 0x00007f10ceb50000)
 tenured generation   total 7023160K, used 4728093K [0x00007f154db50000, 0x00007f16fa5de000, 0x00007f1ff8600000)
   the space 7023160K,  67% used [0x00007f154db50000, 0x00007f166e497600, 0x00007f166e497600, 0x00007f16fa5de000)
 Metaspace       used 23216K, capacity 23540K, committed 23808K, reserved 24576K
}
Event: 47.850 GC heap before
{Heap before GC invocations=10 (full 4):
 def new generation   total 3160512K, used 278736K [0x00007f0ff8600000, 0x00007f10ceb50000, 0x00007f154db50000)
  eden space 2809408K,   0% used [0x00007f0ff8600000, 0x00007f0ff8600000, 0x00007f10a3d90000)
  from space 351104K,  79% used [0x00007f10a3d90000, 0x00007f10b4dc42e8, 0x00007f10b9470000)
  to   space 351104K,   0% used [0x00007f10b9470000, 0x00007f10b9470000, 0x00007f10ceb50000)
 tenured generation   total 7023160K, used 4728093K [0x00007f154db50000, 0x00007f16fa5de000, 0x00007f1ff8600000)
   the space 7023160K,  67% used [0x00007f154db50000, 0x00007f166e497600, 0x00007f166e497600, 0x00007f16fa5de000)
 Metaspace       used 23216K, capacity 23540K, committed 23808K, reserved 24576K
}
Event: 47.897 GC heap after
{Heap after GC invocations=10 (full 5):
 def new generation   total 3160512K, used 0K [0x00007f0ff8600000, 0x00007f10ceb50000, 0x00007f154db50000)
  eden space 2809408K,   0% used [0x00007f0ff8600000, 0x00007f0ff8600000, 0x00007f10a3d90000)
  from space 351104K,   0% used [0x00007f10a3d90000, 0x00007f10a3d90000, 0x00007f10b9470000)
  to   space 351104K,   0% used [0x00007f10b9470000, 0x00007f10b9470000, 0x00007f10ceb50000)
 tenured generation   total 7023160K, used 9626K [0x00007f154db50000, 0x00007f16fa5de000, 0x00007f1ff8600000)
   the space 7023160K,   0% used [0x00007f154db50000, 0x00007f154e4b6860, 0x00007f154e4b6a00, 0x00007f16fa5de000)
 Metaspace       used 23216K, capacity 23540K, committed 23808K, reserved 24576K
}

