# JRE version: OpenJDK Runtime Environment (13.0.7+5) (build 13.0.7+5-Ubuntu-0ubuntu120.04)
# Java VM: OpenJDK 64-Bit Server VM (13.0.7+5-Ubuntu-0ubuntu120.04, mixed mode, tiered, serial gc, linux-amd64)
Heap:
 def new generation   total 629248K, used 0K [0x00007fe6d0600000, 0x00007fe6fb0c0000, 0x00007fec25b50000)
  eden space 559360K,   0% used [0x00007fe6d0600000, 0x00007fe6d0600000, 0x00007fe6f2840000)
  from space 69888K,   0% used [0x00007fe6f6c80000, 0x00007fe6f6c80000, 0x00007fe6fb0c0000)
  to   space 69888K,   0% used [0x00007fe6f2840000, 0x00007fe6f2840000, 0x00007fe6f6c80000)
 tenured generation   total 1398144K, used 47504K [0x00007fec25b50000, 0x00007fec7b0b0000, 0x00007ff6d0600000)
   the space 1398144K,   3% used [0x00007fec25b50000, 0x00007fec289b4200, 0x00007fec289b4200, 0x00007fec7b0b0000)
 Metaspace       used 23322K, capacity 23749K, committed 23808K, reserved 24576K
GC Heap History (18 events):
Event: 3.515 GC heap before
{Heap before GC invocations=0 (full 0):
 def new generation   total 629120K, used 111849K [0x00007fe6d0600000, 0x00007fe6fb0a0000, 0x00007fec25b50000)
  eden space 559232K,  20% used [0x00007fe6d0600000, 0x00007fe6d733a420, 0x00007fe6f2820000)
  from space 69888K,   0% used [0x00007fe6f2820000, 0x00007fe6f2820000, 0x00007fe6f6c60000)
  to   space 69888K,   0% used [0x00007fe6f6c60000, 0x00007fe6f6c60000, 0x00007fe6fb0a0000)
 tenured generation   total 1398144K, used 0K [0x00007fec25b50000, 0x00007fec7b0b0000, 0x00007ff6d0600000)
   the space 1398144K,   0% used [0x00007fec25b50000, 0x00007fec25b50000, 0x00007fec25b50200, 0x00007fec7b0b0000)
 Metaspace       used 20952K, capacity 21224K, committed 21248K, reserved 22528K
}
Event: 3.648 GC heap after
{Heap after GC invocations=1 (full 1):
 def new generation   total 629248K, used 0K [0x00007fe6d0600000, 0x00007fe6fb0c0000, 0x00007fec25b50000)
  eden space 559360K,   0% used [0x00007fe6d0600000, 0x00007fe6d0600000, 0x00007fe6f2840000)
  from space 69888K,   0% used [0x00007fe6f2840000, 0x00007fe6f2840000, 0x00007fe6f6c80000)
  to   space 69888K,   0% used [0x00007fe6f6c80000, 0x00007fe6f6c80000, 0x00007fe6fb0c0000)
 tenured generation   total 1398144K, used 13620K [0x00007fec25b50000, 0x00007fec7b0b0000, 0x00007ff6d0600000)
   the space 1398144K,   0% used [0x00007fec25b50000, 0x00007fec2689d360, 0x00007fec2689d400, 0x00007fec7b0b0000)
 Metaspace       used 20952K, capacity 21224K, committed 21248K, reserved 22528K
}
Event: 6.429 GC heap before
{Heap before GC invocations=1 (full 1):
 def new generation   total 629248K, used 559360K [0x00007fe6d0600000, 0x00007fe6fb0c0000, 0x00007fec25b50000)
  eden space 559360K, 100% used [0x00007fe6d0600000, 0x00007fe6f2840000, 0x00007fe6f2840000)
  from space 69888K,   0% used [0x00007fe6f2840000, 0x00007fe6f2840000, 0x00007fe6f6c80000)
  to   space 69888K,   0% used [0x00007fe6f6c80000, 0x00007fe6f6c80000, 0x00007fe6fb0c0000)
 tenured generation   total 1398144K, used 13620K [0x00007fec25b50000, 0x00007fec7b0b0000, 0x00007ff6d0600000)
   the space 1398144K,   0% used [0x00007fec25b50000, 0x00007fec2689d360, 0x00007fec2689d400, 0x00007fec7b0b0000)
 Metaspace       used 23091K, capacity 23472K, committed 23552K, reserved 24576K
}
Event: 6.437 GC heap after
{Heap after GC invocations=2 (full 1):
 def new generation   total 629248K, used 839K [0x00007fe6d0600000, 0x00007fe6fb0c0000, 0x00007fec25b50000)
  eden space 559360K,   0% used [0x00007fe6d0600000, 0x00007fe6d0600000, 0x00007fe6f2840000)
  from space 69888K,   1% used [0x00007fe6f6c80000, 0x00007fe6f6d51c88, 0x00007fe6fb0c0000)
  to   space 69888K,   0% used [0x00007fe6f2840000, 0x00007fe6f2840000, 0x00007fe6f6c80000)
 tenured generation   total 1398144K, used 13620K [0x00007fec25b50000, 0x00007fec7b0b0000, 0x00007ff6d0600000)
   the space 1398144K,   0% used [0x00007fec25b50000, 0x00007fec2689d360, 0x00007fec2689d400, 0x00007fec7b0b0000)
 Metaspace       used 23091K, capacity 23472K, committed 23552K, reserved 24576K
}
Event: 6.845 GC heap before
{Heap before GC invocations=2 (full 1):
 def new generation   total 629248K, used 114972K [0x00007fe6d0600000, 0x00007fe6fb0c0000, 0x00007fec25b50000)
  eden space 559360K,  20% used [0x00007fe6d0600000, 0x00007fe6d7575568, 0x00007fe6f2840000)
  from space 69888K,   1% used [0x00007fe6f6c80000, 0x00007fe6f6d51c88, 0x00007fe6fb0c0000)
  to   space 69888K,   0% used [0x00007fe6f2840000, 0x00007fe6f2840000, 0x00007fe6f6c80000)
 tenured generation   total 1398144K, used 13620K [0x00007fec25b50000, 0x00007fec7b0b0000, 0x00007ff6d0600000)
   the space 1398144K,   0% used [0x00007fec25b50000, 0x00007fec2689d360, 0x00007fec2689d400, 0x00007fec7b0b0000)
 Metaspace       used 23259K, capacity 23613K, committed 23808K, reserved 24576K
}
Event: 6.849 GC heap after
{Heap after GC invocations=3 (full 1):
 def new generation   total 629248K, used 1538K [0x00007fe6d0600000, 0x00007fe6fb0c0000, 0x00007fec25b50000)
  eden space 559360K,   0% used [0x00007fe6d0600000, 0x00007fe6d0600000, 0x00007fe6f2840000)
  from space 69888K,   2% used [0x00007fe6f2840000, 0x00007fe6f29c0a08, 0x00007fe6f6c80000)
  to   space 69888K,   0% used [0x00007fe6f6c80000, 0x00007fe6f6c80000, 0x00007fe6fb0c0000)
 tenured generation   total 1398144K, used 13620K [0x00007fec25b50000, 0x00007fec7b0b0000, 0x00007ff6d0600000)
   the space 1398144K,   0% used [0x00007fec25b50000, 0x00007fec2689d360, 0x00007fec2689d400, 0x00007fec7b0b0000)
 Metaspace       used 23259K, capacity 23613K, committed 23808K, reserved 24576K
}
Event: 7.641 GC heap before
{Heap before GC invocations=3 (full 1):
 def new generation   total 629248K, used 536857K [0x00007fe6d0600000, 0x00007fe6fb0c0000, 0x00007fec25b50000)
  eden space 559360K,  95% used [0x00007fe6d0600000, 0x00007fe6f10c5de8, 0x00007fe6f2840000)
  from space 69888K,   2% used [0x00007fe6f2840000, 0x00007fe6f29c0a08, 0x00007fe6f6c80000)
  to   space 69888K,   0% used [0x00007fe6f6c80000, 0x00007fe6f6c80000, 0x00007fe6fb0c0000)
 tenured generation   total 1398144K, used 13620K [0x00007fec25b50000, 0x00007fec7b0b0000, 0x00007ff6d0600000)
   the space 1398144K,   0% used [0x00007fec25b50000, 0x00007fec2689d360, 0x00007fec2689d400, 0x00007fec7b0b0000)
 Metaspace       used 23260K, capacity 23613K, committed 23808K, reserved 24576K
}
Event: 8.380 GC heap after
{Heap after GC invocations=4 (full 1):
 def new generation   total 629248K, used 1217K [0x00007fe6d0600000, 0x00007fe6fb0c0000, 0x00007fec25b50000)
  eden space 559360K,   0% used [0x00007fe6d0600000, 0x00007fe6d0600000, 0x00007fe6f2840000)
  from space 69888K,   1% used [0x00007fe6f6c80000, 0x00007fe6f6db06c8, 0x00007fe6fb0c0000)
  to   space 69888K,   0% used [0x00007fe6f2840000, 0x00007fe6f2840000, 0x00007fe6f6c80000)
 tenured generation   total 1398144K, used 537908K [0x00007fec25b50000, 0x00007fec7b0b0000, 0x00007ff6d0600000)
   the space 1398144K,  38% used [0x00007fec25b50000, 0x00007fec4689d378, 0x00007fec4689d400, 0x00007fec7b0b0000)
 Metaspace       used 23260K, capacity 23613K, committed 23808K, reserved 24576K
}
Event: 9.690 GC heap before
{Heap before GC invocations=4 (full 1):
 def new generation   total 629248K, used 536581K [0x00007fe6d0600000, 0x00007fe6fb0c0000, 0x00007fec25b50000)
  eden space 559360K,  95% used [0x00007fe6d0600000, 0x00007fe6f10d0fb8, 0x00007fe6f2840000)
  from space 69888K,   1% used [0x00007fe6f6c80000, 0x00007fe6f6db06c8, 0x00007fe6fb0c0000)
  to   space 69888K,   0% used [0x00007fe6f2840000, 0x00007fe6f2840000, 0x00007fe6f6c80000)
 tenured generation   total 1398144K, used 537908K [0x00007fec25b50000, 0x00007fec7b0b0000, 0x00007ff6d0600000)
   the space 1398144K,  38% used [0x00007fec25b50000, 0x00007fec4689d378, 0x00007fec4689d400, 0x00007fec7b0b0000)
 Metaspace       used 23260K, capacity 23613K, committed 23808K, reserved 24576K
}
Event: 10.110 GC heap after
{Heap after GC invocations=5 (full 1):
 def new generation   total 629248K, used 957K [0x00007fe6d0600000, 0x00007fe6fb0c0000, 0x00007fec25b50000)
  eden space 559360K,   0% used [0x00007fe6d0600000, 0x00007fe6d0600000, 0x00007fe6f2840000)
  from space 69888K,   1% used [0x00007fe6f2840000, 0x00007fe6f292f520, 0x00007fe6f6c80000)
  to   space 69888K,   0% used [0x00007fe6f6c80000, 0x00007fe6f6c80000, 0x00007fe6fb0c0000)
 tenured generation   total 1398144K, used 800052K [0x00007fec25b50000, 0x00007fec7b0b0000, 0x00007ff6d0600000)
   the space 1398144K,  57% used [0x00007fec25b50000, 0x00007fec5689d3a8, 0x00007fec5689d400, 0x00007fec7b0b0000)
 Metaspace       used 23260K, capacity 23613K, committed 23808K, reserved 24576K
}
Event: 11.563 GC heap before
{Heap before GC invocations=5 (full 1):
 def new generation   total 629248K, used 560317K [0x00007fe6d0600000, 0x00007fe6fb0c0000, 0x00007fec25b50000)
  eden space 559360K, 100% used [0x00007fe6d0600000, 0x00007fe6f2840000, 0x00007fe6f2840000)
  from space 69888K,   1% used [0x00007fe6f2840000, 0x00007fe6f292f520, 0x00007fe6f6c80000)
  to   space 69888K,   0% used [0x00007fe6f6c80000, 0x00007fe6f6c80000, 0x00007fe6fb0c0000)
 tenured generation   total 1398144K, used 800052K [0x00007fec25b50000, 0x00007fec7b0b0000, 0x00007ff6d0600000)
   the space 1398144K,  57% used [0x00007fec25b50000, 0x00007fec5689d3a8, 0x00007fec5689d400, 0x00007fec7b0b0000)
 Metaspace       used 23291K, capacity 23613K, committed 23808K, reserved 24576K
}
Event: 11.568 GC heap after
{Heap after GC invocations=6 (full 1):
 def new generation   total 629248K, used 1211K [0x00007fe6d0600000, 0x00007fe6fb0c0000, 0x00007fec25b50000)
  eden space 559360K,   0% used [0x00007fe6d0600000, 0x00007fe6d0600000, 0x00007fe6f2840000)
  from space 69888K,   1% used [0x00007fe6f6c80000, 0x00007fe6f6daed60, 0x00007fe6fb0c0000)
  to   space 69888K,   0% used [0x00007fe6f2840000, 0x00007fe6f2840000, 0x00007fe6f6c80000)
 tenured generation   total 1398144K, used 800052K [0x00007fec25b50000, 0x00007fec7b0b0000, 0x00007ff6d0600000)
   the space 1398144K,  57% used [0x00007fec25b50000, 0x00007fec5689d3a8, 0x00007fec5689d400, 0x00007fec7b0b0000)
 Metaspace       used 23291K, capacity 23613K, committed 23808K, reserved 24576K
}
Event: 12.456 GC heap before
{Heap before GC invocations=6 (full 1):
 def new generation   total 629248K, used 560571K [0x00007fe6d0600000, 0x00007fe6fb0c0000, 0x00007fec25b50000)
  eden space 559360K, 100% used [0x00007fe6d0600000, 0x00007fe6f2840000, 0x00007fe6f2840000)
  from space 69888K,   1% used [0x00007fe6f6c80000, 0x00007fe6f6daed60, 0x00007fe6fb0c0000)
  to   space 69888K,   0% used [0x00007fe6f2840000, 0x00007fe6f2840000, 0x00007fe6f6c80000)
 tenured generation   total 1398144K, used 800052K [0x00007fec25b50000, 0x00007fec7b0b0000, 0x00007ff6d0600000)
   the space 1398144K,  57% used [0x00007fec25b50000, 0x00007fec5689d3a8, 0x00007fec5689d400, 0x00007fec7b0b0000)
 Metaspace       used 23305K, capacity 23679K, committed 23808K, reserved 24576K
}
Event: 12.459 GC heap after
{Heap after GC invocations=7 (full 1):
 def new generation   total 629248K, used 1377K [0x00007fe6d0600000, 0x00007fe6fb0c0000, 0x00007fec25b50000)
  eden space 559360K,   0% used [0x00007fe6d0600000, 0x00007fe6d0600000, 0x00007fe6f2840000)
  from space 69888K,   1% used [0x00007fe6f2840000, 0x00007fe6f29987f0, 0x00007fe6f6c80000)
  to   space 69888K,   0% used [0x00007fe6f6c80000, 0x00007fe6f6c80000, 0x00007fe6fb0c0000)
 tenured generation   total 1398144K, used 800052K [0x00007fec25b50000, 0x00007fec7b0b0000, 0x00007ff6d0600000)
   the space 1398144K,  57% used [0x00007fec25b50000, 0x00007fec5689d3a8, 0x00007fec5689d400, 0x00007fec7b0b0000)
 Metaspace       used 23305K, capacity 23679K, committed 23808K, reserved 24576K
}
Event: 12.686 GC heap before
{Heap before GC invocations=7 (full 1):
 def new generation   total 629248K, used 223234K [0x00007fe6d0600000, 0x00007fe6fb0c0000, 0x00007fec25b50000)
  eden space 559360K,  39% used [0x00007fe6d0600000, 0x00007fe6ddea8328, 0x00007fe6f2840000)
  from space 69888K,   1% used [0x00007fe6f2840000, 0x00007fe6f29987f0, 0x00007fe6f6c80000)
  to   space 69888K,   0% used [0x00007fe6f6c80000, 0x00007fe6f6c80000, 0x00007fe6fb0c0000)
 tenured generation   total 1398144K, used 800052K [0x00007fec25b50000, 0x00007fec7b0b0000, 0x00007ff6d0600000)
   the space 1398144K,  57% used [0x00007fec25b50000, 0x00007fec5689d3a8, 0x00007fec5689d400, 0x00007fec7b0b0000)
 Metaspace       used 23322K, capacity 23749K, committed 23808K, reserved 24576K
}
Event: 12.845 GC heap after
{Heap after GC invocations=8 (full 1):
 def new generation   total 629248K, used 33922K [0x00007fe6d0600000, 0x00007fe6fb0c0000, 0x00007fec25b50000)
  eden space 559360K,   0% used [0x00007fe6d0600000, 0x00007fe6d0600000, 0x00007fe6f2840000)
  from space 69888K,  48% used [0x00007fe6f6c80000, 0x00007fe6f8da0928, 0x00007fe6fb0c0000)
  to   space 69888K,   0% used [0x00007fe6f2840000, 0x00007fe6f2840000, 0x00007fe6f6c80000)
 tenured generation   total 1398144K, used 800052K [0x00007fec25b50000, 0x00007fec7b0b0000, 0x00007ff6d0600000)
   the space 1398144K,  57% used [0x00007fec25b50000, 0x00007fec5689d3a8, 0x00007fec5689d400, 0x00007fec7b0b0000)
 Metaspace       used 23322K, capacity 23749K, committed 23808K, reserved 24576K
}
Event: 12.845 GC heap before
{Heap before GC invocations=8 (full 1):
 def new generation   total 629248K, used 33922K [0x00007fe6d0600000, 0x00007fe6fb0c0000, 0x00007fec25b50000)
  eden space 559360K,   0% used [0x00007fe6d0600000, 0x00007fe6d0600000, 0x00007fe6f2840000)
  from space 69888K,  48% used [0x00007fe6f6c80000, 0x00007fe6f8da0928, 0x00007fe6fb0c0000)
  to   space 69888K,   0% used [0x00007fe6f2840000, 0x00007fe6f2840000, 0x00007fe6f6c80000)
 tenured generation   total 1398144K, used 800052K [0x00007fec25b50000, 0x00007fec7b0b0000, 0x00007ff6d0600000)
   the space 1398144K,  57% used [0x00007fec25b50000, 0x00007fec5689d3a8, 0x00007fec5689d400, 0x00007fec7b0b0000)
 Metaspace       used 23322K, capacity 23749K, committed 23808K, reserved 24576K
}
Event: 12.879 GC heap after
{Heap after GC invocations=8 (full 2):
 def new generation   total 629248K, used 0K [0x00007fe6d0600000, 0x00007fe6fb0c0000, 0x00007fec25b50000)
  eden space 559360K,   0% used [0x00007fe6d0600000, 0x00007fe6d0600000, 0x00007fe6f2840000)
  from space 69888K,   0% used [0x00007fe6f6c80000, 0x00007fe6f6c80000, 0x00007fe6fb0c0000)
  to   space 69888K,   0% used [0x00007fe6f2840000, 0x00007fe6f2840000, 0x00007fe6f6c80000)
 tenured generation   total 1398144K, used 47504K [0x00007fec25b50000, 0x00007fec7b0b0000, 0x00007ff6d0600000)
   the space 1398144K,   3% used [0x00007fec25b50000, 0x00007fec289b4200, 0x00007fec289b4200, 0x00007fec7b0b0000)
 Metaspace       used 23322K, capacity 23749K, committed 23808K, reserved 24576K
}

