# JRE version: OpenJDK Runtime Environment (13.0.7+5) (build 13.0.7+5-Ubuntu-0ubuntu120.04)
# Java VM: OpenJDK 64-Bit Server VM (13.0.7+5-Ubuntu-0ubuntu120.04, mixed mode, tiered, serial gc, linux-amd64)
Heap:
 def new generation   total 1576512K, used 60631K [0x00007f23ec600000, 0x00007f2457490000, 0x00007f2941b50000)
  eden space 1401408K,   4% used [0x00007f23ec600000, 0x00007f23f0135ce0, 0x00007f2441e90000)
  from space 175104K,   0% used [0x00007f244c990000, 0x00007f244c990000, 0x00007f2457490000)
  to   space 175104K,   0% used [0x00007f2441e90000, 0x00007f2441e90000, 0x00007f244c990000)
 tenured generation   total 3519512K, used 3519336K [0x00007f2941b50000, 0x00007f2a18856000, 0x00007f33ec600000)
   the space 3519512K,  99% used [0x00007f2941b50000, 0x00007f2a1882a310, 0x00007f2a1882a400, 0x00007f2a18856000)
 Metaspace       used 24294K, capacity 24705K, committed 24832K, reserved 26624K
GC Heap History (20 events):
Event: 2011.417 GC heap after
{Heap after GC invocations=1932 (full 5):
 def new generation   total 1576512K, used 87363K [0x00007f23ec600000, 0x00007f2457490000, 0x00007f2941b50000)
  eden space 1401408K,   0% used [0x00007f23ec600000, 0x00007f23ec600000, 0x00007f2441e90000)
  from space 175104K,  49% used [0x00007f2441e90000, 0x00007f24473e0f50, 0x00007f244c990000)
  to   space 175104K,   0% used [0x00007f244c990000, 0x00007f244c990000, 0x00007f2457490000)
 tenured generation   total 3503124K, used 3478711K [0x00007f2941b50000, 0x00007f2a17855000, 0x00007f33ec600000)
   the space 3503124K,  99% used [0x00007f2941b50000, 0x00007f2a1607dd60, 0x00007f2a1607de00, 0x00007f2a17855000)
 Metaspace       used 24294K, capacity 24705K, committed 24832K, reserved 26624K
}
Event: 2013.261 GC heap before
{Heap before GC invocations=1932 (full 5):
 def new generation   total 1576512K, used 1488771K [0x00007f23ec600000, 0x00007f2457490000, 0x00007f2941b50000)
  eden space 1401408K, 100% used [0x00007f23ec600000, 0x00007f2441e90000, 0x00007f2441e90000)
  from space 175104K,  49% used [0x00007f2441e90000, 0x00007f24473e0f50, 0x00007f244c990000)
  to   space 175104K,   0% used [0x00007f244c990000, 0x00007f244c990000, 0x00007f2457490000)
 tenured generation   total 3503124K, used 3478711K [0x00007f2941b50000, 0x00007f2a17855000, 0x00007f33ec600000)
   the space 3503124K,  99% used [0x00007f2941b50000, 0x00007f2a1607dd60, 0x00007f2a1607de00, 0x00007f2a17855000)
 Metaspace       used 24294K, capacity 24705K, committed 24832K, reserved 26624K
}
Event: 2013.341 GC heap after
{Heap after GC invocations=1933 (full 5):
 def new generation   total 1576512K, used 92508K [0x00007f23ec600000, 0x00007f2457490000, 0x00007f2941b50000)
  eden space 1401408K,   0% used [0x00007f23ec600000, 0x00007f23ec600000, 0x00007f2441e90000)
  from space 175104K,  52% used [0x00007f244c990000, 0x00007f24523e7300, 0x00007f2457490000)
  to   space 175104K,   0% used [0x00007f2441e90000, 0x00007f2441e90000, 0x00007f244c990000)
 tenured generation   total 3503124K, used 3478711K [0x00007f2941b50000, 0x00007f2a17855000, 0x00007f33ec600000)
   the space 3503124K,  99% used [0x00007f2941b50000, 0x00007f2a1607dd60, 0x00007f2a1607de00, 0x00007f2a17855000)
 Metaspace       used 24294K, capacity 24705K, committed 24832K, reserved 26624K
}
Event: 2014.937 GC heap before
{Heap before GC invocations=1933 (full 5):
 def new generation   total 1576512K, used 1493916K [0x00007f23ec600000, 0x00007f2457490000, 0x00007f2941b50000)
  eden space 1401408K, 100% used [0x00007f23ec600000, 0x00007f2441e90000, 0x00007f2441e90000)
  from space 175104K,  52% used [0x00007f244c990000, 0x00007f24523e7300, 0x00007f2457490000)
  to   space 175104K,   0% used [0x00007f2441e90000, 0x00007f2441e90000, 0x00007f244c990000)
 tenured generation   total 3503124K, used 3478711K [0x00007f2941b50000, 0x00007f2a17855000, 0x00007f33ec600000)
   the space 3503124K,  99% used [0x00007f2941b50000, 0x00007f2a1607dd60, 0x00007f2a1607de00, 0x00007f2a17855000)
 Metaspace       used 24294K, capacity 24705K, committed 24832K, reserved 26624K
}
Event: 2015.022 GC heap after
{Heap after GC invocations=1934 (full 5):
 def new generation   total 1576512K, used 65267K [0x00007f23ec600000, 0x00007f2457490000, 0x00007f2941b50000)
  eden space 1401408K,   0% used [0x00007f23ec600000, 0x00007f23ec600000, 0x00007f2441e90000)
  from space 175104K,  37% used [0x00007f2441e90000, 0x00007f2445e4cdc8, 0x00007f244c990000)
  to   space 175104K,   0% used [0x00007f244c990000, 0x00007f244c990000, 0x00007f2457490000)
 tenured generation   total 3503124K, used 3495671K [0x00007f2941b50000, 0x00007f2a17855000, 0x00007f33ec600000)
   the space 3503124K,  99% used [0x00007f2941b50000, 0x00007f2a1710dd58, 0x00007f2a1710de00, 0x00007f2a17855000)
 Metaspace       used 24294K, capacity 24705K, committed 24832K, reserved 26624K
}
Event: 2016.442 GC heap before
{Heap before GC invocations=1934 (full 5):
 def new generation   total 1576512K, used 1464362K [0x00007f23ec600000, 0x00007f2457490000, 0x00007f2941b50000)
  eden space 1401408K,  99% used [0x00007f23ec600000, 0x00007f2441c4dd90, 0x00007f2441e90000)
  from space 175104K,  37% used [0x00007f2441e90000, 0x00007f2445e4cdc8, 0x00007f244c990000)
  to   space 175104K,   0% used [0x00007f244c990000, 0x00007f244c990000, 0x00007f2457490000)
 tenured generation   total 3503124K, used 3495671K [0x00007f2941b50000, 0x00007f2a17855000, 0x00007f33ec600000)
   the space 3503124K,  99% used [0x00007f2941b50000, 0x00007f2a1710dd58, 0x00007f2a1710de00, 0x00007f2a17855000)
 Metaspace       used 24294K, capacity 24705K, committed 24832K, reserved 26624K
}
Event: 2016.509 GC heap after
{Heap after GC invocations=1935 (full 5):
 def new generation   total 1576512K, used 84278K [0x00007f23ec600000, 0x00007f2457490000, 0x00007f2941b50000)
  eden space 1401408K,   0% used [0x00007f23ec600000, 0x00007f23ec600000, 0x00007f2441e90000)
  from space 175104K,  48% used [0x00007f244c990000, 0x00007f2451bdd9d8, 0x00007f2457490000)
  to   space 175104K,   0% used [0x00007f2441e90000, 0x00007f2441e90000, 0x00007f244c990000)
 tenured generation   total 3503124K, used 3495671K [0x00007f2941b50000, 0x00007f2a17855000, 0x00007f33ec600000)
   the space 3503124K,  99% used [0x00007f2941b50000, 0x00007f2a1710dd58, 0x00007f2a1710de00, 0x00007f2a17855000)
 Metaspace       used 24294K, capacity 24705K, committed 24832K, reserved 26624K
}
Event: 2017.696 GC heap before
{Heap before GC invocations=1935 (full 5):
 def new generation   total 1576512K, used 1485686K [0x00007f23ec600000, 0x00007f2457490000, 0x00007f2941b50000)
  eden space 1401408K, 100% used [0x00007f23ec600000, 0x00007f2441e90000, 0x00007f2441e90000)
  from space 175104K,  48% used [0x00007f244c990000, 0x00007f2451bdd9d8, 0x00007f2457490000)
  to   space 175104K,   0% used [0x00007f2441e90000, 0x00007f2441e90000, 0x00007f244c990000)
 tenured generation   total 3503124K, used 3495671K [0x00007f2941b50000, 0x00007f2a17855000, 0x00007f33ec600000)
   the space 3503124K,  99% used [0x00007f2941b50000, 0x00007f2a1710dd58, 0x00007f2a1710de00, 0x00007f2a17855000)
 Metaspace       used 24294K, capacity 24705K, committed 24832K, reserved 26624K
}
Event: 2017.761 GC heap after
{Heap after GC invocations=1936 (full 5):
 def new generation   total 1576512K, used 67837K [0x00007f23ec600000, 0x00007f2457490000, 0x00007f2941b50000)
  eden space 1401408K,   0% used [0x00007f23ec600000, 0x00007f23ec600000, 0x00007f2441e90000)
  from space 175104K,  38% used [0x00007f2441e90000, 0x00007f24460cf5f0, 0x00007f244c990000)
  to   space 175104K,   0% used [0x00007f244c990000, 0x00007f244c990000, 0x00007f2457490000)
 tenured generation   total 3503124K, used 3495671K [0x00007f2941b50000, 0x00007f2a17855000, 0x00007f33ec600000)
   the space 3503124K,  99% used [0x00007f2941b50000, 0x00007f2a1710dd58, 0x00007f2a1710de00, 0x00007f2a17855000)
 Metaspace       used 24294K, capacity 24705K, committed 24832K, reserved 26624K
}
Event: 2018.976 GC heap before
{Heap before GC invocations=1936 (full 5):
 def new generation   total 1576512K, used 1469245K [0x00007f23ec600000, 0x00007f2457490000, 0x00007f2941b50000)
  eden space 1401408K, 100% used [0x00007f23ec600000, 0x00007f2441e90000, 0x00007f2441e90000)
  from space 175104K,  38% used [0x00007f2441e90000, 0x00007f24460cf5f0, 0x00007f244c990000)
  to   space 175104K,   0% used [0x00007f244c990000, 0x00007f244c990000, 0x00007f2457490000)
 tenured generation   total 3503124K, used 3495671K [0x00007f2941b50000, 0x00007f2a17855000, 0x00007f33ec600000)
   the space 3503124K,  99% used [0x00007f2941b50000, 0x00007f2a1710dd58, 0x00007f2a1710de00, 0x00007f2a17855000)
 Metaspace       used 24294K, capacity 24705K, committed 24832K, reserved 26624K
}
Event: 2019.028 GC heap after
{Heap after GC invocations=1937 (full 5):
 def new generation   total 1576512K, used 67853K [0x00007f23ec600000, 0x00007f2457490000, 0x00007f2941b50000)
  eden space 1401408K,   0% used [0x00007f23ec600000, 0x00007f23ec600000, 0x00007f2441e90000)
  from space 175104K,  38% used [0x00007f244c990000, 0x00007f2450bd3420, 0x00007f2457490000)
  to   space 175104K,   0% used [0x00007f2441e90000, 0x00007f2441e90000, 0x00007f244c990000)
 tenured generation   total 3503124K, used 3495671K [0x00007f2941b50000, 0x00007f2a17855000, 0x00007f33ec600000)
   the space 3503124K,  99% used [0x00007f2941b50000, 0x00007f2a1710dd58, 0x00007f2a1710de00, 0x00007f2a17855000)
 Metaspace       used 24294K, capacity 24705K, committed 24832K, reserved 26624K
}
Event: 2020.683 GC heap before
{Heap before GC invocations=1937 (full 5):
 def new generation   total 1576512K, used 1469261K [0x00007f23ec600000, 0x00007f2457490000, 0x00007f2941b50000)
  eden space 1401408K, 100% used [0x00007f23ec600000, 0x00007f2441e90000, 0x00007f2441e90000)
  from space 175104K,  38% used [0x00007f244c990000, 0x00007f2450bd3420, 0x00007f2457490000)
  to   space 175104K,   0% used [0x00007f2441e90000, 0x00007f2441e90000, 0x00007f244c990000)
 tenured generation   total 3503124K, used 3495671K [0x00007f2941b50000, 0x00007f2a17855000, 0x00007f33ec600000)
   the space 3503124K,  99% used [0x00007f2941b50000, 0x00007f2a1710dd58, 0x00007f2a1710de00, 0x00007f2a17855000)
 Metaspace       used 24294K, capacity 24705K, committed 24832K, reserved 26624K
}
Event: 2020.742 GC heap after
{Heap after GC invocations=1938 (full 5):
 def new generation   total 1576512K, used 70422K [0x00007f23ec600000, 0x00007f2457490000, 0x00007f2941b50000)
  eden space 1401408K,   0% used [0x00007f23ec600000, 0x00007f23ec600000, 0x00007f2441e90000)
  from space 175104K,  40% used [0x00007f2441e90000, 0x00007f2446355b48, 0x00007f244c990000)
  to   space 175104K,   0% used [0x00007f244c990000, 0x00007f244c990000, 0x00007f2457490000)
 tenured generation   total 3503124K, used 3495671K [0x00007f2941b50000, 0x00007f2a17855000, 0x00007f33ec600000)
   the space 3503124K,  99% used [0x00007f2941b50000, 0x00007f2a1710dd58, 0x00007f2a1710de00, 0x00007f2a17855000)
 Metaspace       used 24294K, capacity 24705K, committed 24832K, reserved 26624K
}
Event: 2022.564 GC heap before
{Heap before GC invocations=1938 (full 5):
 def new generation   total 1576512K, used 1471251K [0x00007f23ec600000, 0x00007f2457490000, 0x00007f2941b50000)
  eden space 1401408K,  99% used [0x00007f23ec600000, 0x00007f2441dff3b0, 0x00007f2441e90000)
  from space 175104K,  40% used [0x00007f2441e90000, 0x00007f2446355b48, 0x00007f244c990000)
  to   space 175104K,   0% used [0x00007f244c990000, 0x00007f244c990000, 0x00007f2457490000)
 tenured generation   total 3503124K, used 3495671K [0x00007f2941b50000, 0x00007f2a17855000, 0x00007f33ec600000)
   the space 3503124K,  99% used [0x00007f2941b50000, 0x00007f2a1710dd58, 0x00007f2a1710de00, 0x00007f2a17855000)
 Metaspace       used 24294K, capacity 24705K, committed 24832K, reserved 26624K
}
Event: 2022.627 GC heap after
{Heap after GC invocations=1939 (full 5):
 def new generation   total 1576512K, used 80223K [0x00007f23ec600000, 0x00007f2457490000, 0x00007f2941b50000)
  eden space 1401408K,   0% used [0x00007f23ec600000, 0x00007f23ec600000, 0x00007f2441e90000)
  from space 175104K,  45% used [0x00007f244c990000, 0x00007f24517e7df8, 0x00007f2457490000)
  to   space 175104K,   0% used [0x00007f2441e90000, 0x00007f2441e90000, 0x00007f244c990000)
 tenured generation   total 3503124K, used 3495671K [0x00007f2941b50000, 0x00007f2a17855000, 0x00007f33ec600000)
   the space 3503124K,  99% used [0x00007f2941b50000, 0x00007f2a1710dd58, 0x00007f2a1710de00, 0x00007f2a17855000)
 Metaspace       used 24294K, capacity 24705K, committed 24832K, reserved 26624K
}
Event: 2024.353 GC heap before
{Heap before GC invocations=1939 (full 5):
 def new generation   total 1576512K, used 1480939K [0x00007f23ec600000, 0x00007f2457490000, 0x00007f2941b50000)
  eden space 1401408K,  99% used [0x00007f23ec600000, 0x00007f2441de30c8, 0x00007f2441e90000)
  from space 175104K,  45% used [0x00007f244c990000, 0x00007f24517e7df8, 0x00007f2457490000)
  to   space 175104K,   0% used [0x00007f2441e90000, 0x00007f2441e90000, 0x00007f244c990000)
 tenured generation   total 3503124K, used 3495671K [0x00007f2941b50000, 0x00007f2a17855000, 0x00007f33ec600000)
   the space 3503124K,  99% used [0x00007f2941b50000, 0x00007f2a1710dd58, 0x00007f2a1710de00, 0x00007f2a17855000)
 Metaspace       used 24294K, capacity 24705K, committed 24832K, reserved 26624K
}
Event: 2024.423 GC heap after
{Heap after GC invocations=1940 (full 5):
 def new generation   total 1576512K, used 89969K [0x00007f23ec600000, 0x00007f2457490000, 0x00007f2941b50000)
  eden space 1401408K,   0% used [0x00007f23ec600000, 0x00007f23ec600000, 0x00007f2441e90000)
  from space 175104K,  51% used [0x00007f2441e90000, 0x00007f244766c7e8, 0x00007f244c990000)
  to   space 175104K,   0% used [0x00007f244c990000, 0x00007f244c990000, 0x00007f2457490000)
 tenured generation   total 3503124K, used 3495671K [0x00007f2941b50000, 0x00007f2a17855000, 0x00007f33ec600000)
   the space 3503124K,  99% used [0x00007f2941b50000, 0x00007f2a1710dd58, 0x00007f2a1710de00, 0x00007f2a17855000)
 Metaspace       used 24294K, capacity 24705K, committed 24832K, reserved 26624K
}
Event: 2026.191 GC heap before
{Heap before GC invocations=1940 (full 5):
 def new generation   total 1576512K, used 1491377K [0x00007f23ec600000, 0x00007f2457490000, 0x00007f2941b50000)
  eden space 1401408K, 100% used [0x00007f23ec600000, 0x00007f2441e90000, 0x00007f2441e90000)
  from space 175104K,  51% used [0x00007f2441e90000, 0x00007f244766c7e8, 0x00007f244c990000)
  to   space 175104K,   0% used [0x00007f244c990000, 0x00007f244c990000, 0x00007f2457490000)
 tenured generation   total 3503124K, used 3495671K [0x00007f2941b50000, 0x00007f2a17855000, 0x00007f33ec600000)
   the space 3503124K,  99% used [0x00007f2941b50000, 0x00007f2a1710dd58, 0x00007f2a1710de00, 0x00007f2a17855000)
 Metaspace       used 24294K, capacity 24705K, committed 24832K, reserved 26624K
}
Event: 2026.794 GC heap after
{Heap after GC invocations=1941 (full 5):
 def new generation   total 1576512K, used 67336K [0x00007f23ec600000, 0x00007f2457490000, 0x00007f2941b50000)
  eden space 1401408K,   0% used [0x00007f23ec600000, 0x00007f23ec600000, 0x00007f2441e90000)
  from space 175104K,  38% used [0x00007f244c990000, 0x00007f2450b522a0, 0x00007f2457490000)
  to   space 175104K,   0% used [0x00007f2441e90000, 0x00007f2441e90000, 0x00007f244c990000)
 tenured generation   total 3519512K, used 3512631K [0x00007f2941b50000, 0x00007f2a18856000, 0x00007f33ec600000)
   the space 3519512K,  99% used [0x00007f2941b50000, 0x00007f2a1819dd50, 0x00007f2a1819de00, 0x00007f2a18856000)
 Metaspace       used 24294K, capacity 24705K, committed 24832K, reserved 26624K
}
Event: 2026.949 GC heap before
{Heap before GC invocations=1941 (full 5):
 def new generation   total 1576512K, used 67336K [0x00007f23ec600000, 0x00007f2457490000, 0x00007f2941b50000)
  eden space 1401408K,   0% used [0x00007f23ec600000, 0x00007f23ec600000, 0x00007f2441e90000)
  from space 175104K,  38% used [0x00007f244c990000, 0x00007f2450b522a0, 0x00007f2457490000)
  to   space 175104K,   0% used [0x00007f2441e90000, 0x00007f2441e90000, 0x00007f244c990000)
 tenured generation   total 3519512K, used 3512631K [0x00007f2941b50000, 0x00007f2a18856000, 0x00007f33ec600000)
   the space 3519512K,  99% used [0x00007f2941b50000, 0x00007f2a1819dd50, 0x00007f2a1819de00, 0x00007f2a18856000)
 Metaspace       used 24294K, capacity 24705K, committed 24832K, reserved 26624K
}

