# JRE version: OpenJDK Runtime Environment (13.0.7+5) (build 13.0.7+5-Ubuntu-0ubuntu120.04)
# Java VM: OpenJDK 64-Bit Server VM (13.0.7+5-Ubuntu-0ubuntu120.04, mixed mode, tiered, serial gc, linux-amd64)
Heap:
 def new generation   total 2572224K, used 267211K [0x00007f8688600000, 0x00007f8736d00000, 0x00007f8bddb50000)
  eden space 2286464K,  11% used [0x00007f8688600000, 0x00007f8698af2c18, 0x00007f8713ee0000)
  from space 285760K,   0% used [0x00007f8713ee0000, 0x00007f8713ee0000, 0x00007f87255f0000)
  to   space 285760K,   0% used [0x00007f87255f0000, 0x00007f87255f0000, 0x00007f8736d00000)
 tenured generation   total 6496904K, used 6496598K [0x00007f8bddb50000, 0x00007f8d6a3f2000, 0x00007f9688600000)
   the space 6496904K,  99% used [0x00007f8bddb50000, 0x00007f8d6a3a5b00, 0x00007f8d6a3a5c00, 0x00007f8d6a3f2000)
 Metaspace       used 31073K, capacity 31467K, committed 31744K, reserved 32768K
GC Heap History (20 events):
Event: 29.230 GC heap after
{Heap after GC invocations=30 (full 1):
 def new generation   total 629248K, used 69887K [0x00007f8688600000, 0x00007f86b30c0000, 0x00007f8bddb50000)
  eden space 559360K,   0% used [0x00007f8688600000, 0x00007f8688600000, 0x00007f86aa840000)
  from space 69888K,  99% used [0x00007f86aec80000, 0x00007f86b30bff80, 0x00007f86b30c0000)
  to   space 69888K,   0% used [0x00007f86aa840000, 0x00007f86aa840000, 0x00007f86aec80000)
 tenured generation   total 1398144K, used 1028019K [0x00007f8bddb50000, 0x00007f8c330b0000, 0x00007f9688600000)
   the space 1398144K,  73% used [0x00007f8bddb50000, 0x00007f8c1c73cfd8, 0x00007f8c1c73d000, 0x00007f8c330b0000)
 Metaspace       used 31073K, capacity 31467K, committed 31744K, reserved 32768K
}
Event: 29.862 GC heap before
{Heap before GC invocations=30 (full 1):
 def new generation   total 629248K, used 629247K [0x00007f8688600000, 0x00007f86b30c0000, 0x00007f8bddb50000)
  eden space 559360K, 100% used [0x00007f8688600000, 0x00007f86aa840000, 0x00007f86aa840000)
  from space 69888K,  99% used [0x00007f86aec80000, 0x00007f86b30bff80, 0x00007f86b30c0000)
  to   space 69888K,   0% used [0x00007f86aa840000, 0x00007f86aa840000, 0x00007f86aec80000)
 tenured generation   total 1398144K, used 1028019K [0x00007f8bddb50000, 0x00007f8c330b0000, 0x00007f9688600000)
   the space 1398144K,  73% used [0x00007f8bddb50000, 0x00007f8c1c73cfd8, 0x00007f8c1c73d000, 0x00007f8c330b0000)
 Metaspace       used 31073K, capacity 31467K, committed 31744K, reserved 32768K
}
Event: 30.478 GC heap after
{Heap after GC invocations=31 (full 1):
 def new generation   total 629248K, used 69887K [0x00007f8688600000, 0x00007f86b30c0000, 0x00007f8bddb50000)
  eden space 559360K,   0% used [0x00007f8688600000, 0x00007f8688600000, 0x00007f86aa840000)
  from space 69888K,  99% used [0x00007f86aa840000, 0x00007f86aec7fee8, 0x00007f86aec80000)
  to   space 69888K,   0% used [0x00007f86aec80000, 0x00007f86aec80000, 0x00007f86b30c0000)
 tenured generation   total 1398144K, used 1367262K [0x00007f8bddb50000, 0x00007f8c330b0000, 0x00007f9688600000)
   the space 1398144K,  97% used [0x00007f8bddb50000, 0x00007f8c31287960, 0x00007f8c31287a00, 0x00007f8c330b0000)
 Metaspace       used 31073K, capacity 31467K, committed 31744K, reserved 32768K
}
Event: 31.577 GC heap before
{Heap before GC invocations=31 (full 1):
 def new generation   total 629248K, used 629247K [0x00007f8688600000, 0x00007f86b30c0000, 0x00007f8bddb50000)
  eden space 559360K, 100% used [0x00007f8688600000, 0x00007f86aa840000, 0x00007f86aa840000)
  from space 69888K,  99% used [0x00007f86aa840000, 0x00007f86aec7fee8, 0x00007f86aec80000)
  to   space 69888K,   0% used [0x00007f86aec80000, 0x00007f86aec80000, 0x00007f86b30c0000)
 tenured generation   total 1398144K, used 1367262K [0x00007f8bddb50000, 0x00007f8c330b0000, 0x00007f9688600000)
   the space 1398144K,  97% used [0x00007f8bddb50000, 0x00007f8c31287960, 0x00007f8c31287a00, 0x00007f8c330b0000)
 Metaspace       used 31073K, capacity 31467K, committed 31744K, reserved 32768K
}
Event: 32.306 GC heap after
{Heap after GC invocations=32 (full 1):
 def new generation   total 629248K, used 69887K [0x00007f8688600000, 0x00007f86b30c0000, 0x00007f8bddb50000)
  eden space 559360K,   0% used [0x00007f8688600000, 0x00007f8688600000, 0x00007f86aa840000)
  from space 69888K,  99% used [0x00007f86aec80000, 0x00007f86b30bffd8, 0x00007f86b30c0000)
  to   space 69888K,   0% used [0x00007f86aa840000, 0x00007f86aa840000, 0x00007f86aec80000)
 tenured generation   total 1686720K, used 1686687K [0x00007f8bddb50000, 0x00007f8c44a80000, 0x00007f9688600000)
   the space 1686720K,  99% used [0x00007f8bddb50000, 0x00007f8c44a77d88, 0x00007f8c44a77e00, 0x00007f8c44a80000)
 Metaspace       used 31073K, capacity 31467K, committed 31744K, reserved 32768K
}
Event: 32.306 GC heap before
{Heap before GC invocations=32 (full 1):
 def new generation   total 629248K, used 69887K [0x00007f8688600000, 0x00007f86b30c0000, 0x00007f8bddb50000)
  eden space 559360K,   0% used [0x00007f8688600000, 0x00007f8688600000, 0x00007f86aa840000)
  from space 69888K,  99% used [0x00007f86aec80000, 0x00007f86b30bffd8, 0x00007f86b30c0000)
  to   space 69888K,   0% used [0x00007f86aa840000, 0x00007f86aa840000, 0x00007f86aec80000)
 tenured generation   total 1686720K, used 1686687K [0x00007f8bddb50000, 0x00007f8c44a80000, 0x00007f9688600000)
   the space 1686720K,  99% used [0x00007f8bddb50000, 0x00007f8c44a77d88, 0x00007f8c44a77e00, 0x00007f8c44a80000)
 Metaspace       used 31073K, capacity 31467K, committed 31744K, reserved 32768K
}
Event: 33.405 GC heap after
{Heap after GC invocations=32 (full 2):
 def new generation   total 1265088K, used 69886K [0x00007f8688600000, 0x00007f86de2b0000, 0x00007f8bddb50000)
  eden space 1124544K,   6% used [0x00007f8688600000, 0x00007f868ca3fb90, 0x00007f86cd030000)
  from space 140544K,   0% used [0x00007f86cd030000, 0x00007f86cd030000, 0x00007f86d5970000)
  to   space 140544K,   0% used [0x00007f86d5970000, 0x00007f86d5970000, 0x00007f86de2b0000)
 tenured generation   total 2811148K, used 1686688K [0x00007f8bddb50000, 0x00007f8c89493000, 0x00007f9688600000)
   the space 2811148K,  59% used [0x00007f8bddb50000, 0x00007f8c44a781d0, 0x00007f8c44a78200, 0x00007f8c89493000)
 Metaspace       used 31073K, capacity 31467K, committed 31744K, reserved 32768K
}
Event: 34.888 GC heap before
{Heap before GC invocations=32 (full 2):
 def new generation   total 1265088K, used 1124544K [0x00007f8688600000, 0x00007f86de2b0000, 0x00007f8bddb50000)
  eden space 1124544K, 100% used [0x00007f8688600000, 0x00007f86cd030000, 0x00007f86cd030000)
  from space 140544K,   0% used [0x00007f86cd030000, 0x00007f86cd030000, 0x00007f86d5970000)
  to   space 140544K,   0% used [0x00007f86d5970000, 0x00007f86d5970000, 0x00007f86de2b0000)
 tenured generation   total 2811148K, used 1686688K [0x00007f8bddb50000, 0x00007f8c89493000, 0x00007f9688600000)
   the space 2811148K,  59% used [0x00007f8bddb50000, 0x00007f8c44a781d0, 0x00007f8c44a78200, 0x00007f8c89493000)
 Metaspace       used 31073K, capacity 31467K, committed 31744K, reserved 32768K
}
Event: 36.140 GC heap after
{Heap after GC invocations=33 (full 2):
 def new generation   total 1265088K, used 140543K [0x00007f8688600000, 0x00007f86de2b0000, 0x00007f8bddb50000)
  eden space 1124544K,   0% used [0x00007f8688600000, 0x00007f8688600000, 0x00007f86cd030000)
  from space 140544K,  99% used [0x00007f86d5970000, 0x00007f86de2afe40, 0x00007f86de2b0000)
  to   space 140544K,   0% used [0x00007f86cd030000, 0x00007f86cd030000, 0x00007f86d5970000)
 tenured generation   total 2811148K, used 2165054K [0x00007f8bddb50000, 0x00007f8c89493000, 0x00007f9688600000)
   the space 2811148K,  77% used [0x00007f8bddb50000, 0x00007f8c61d9fb60, 0x00007f8c61d9fc00, 0x00007f8c89493000)
 Metaspace       used 31073K, capacity 31467K, committed 31744K, reserved 32768K
}
Event: 37.802 GC heap before
{Heap before GC invocations=33 (full 2):
 def new generation   total 1265088K, used 1265087K [0x00007f8688600000, 0x00007f86de2b0000, 0x00007f8bddb50000)
  eden space 1124544K, 100% used [0x00007f8688600000, 0x00007f86cd030000, 0x00007f86cd030000)
  from space 140544K,  99% used [0x00007f86d5970000, 0x00007f86de2afe40, 0x00007f86de2b0000)
  to   space 140544K,   0% used [0x00007f86cd030000, 0x00007f86cd030000, 0x00007f86d5970000)
 tenured generation   total 2811148K, used 2165054K [0x00007f8bddb50000, 0x00007f8c89493000, 0x00007f9688600000)
   the space 2811148K,  77% used [0x00007f8bddb50000, 0x00007f8c61d9fb60, 0x00007f8c61d9fc00, 0x00007f8c89493000)
 Metaspace       used 31073K, capacity 31467K, committed 31744K, reserved 32768K
}
Event: 40.414 GC heap after
{Heap after GC invocations=34 (full 2):
 def new generation   total 1265088K, used 140543K [0x00007f8688600000, 0x00007f86de2b0000, 0x00007f8bddb50000)
  eden space 1124544K,   0% used [0x00007f8688600000, 0x00007f8688600000, 0x00007f86cd030000)
  from space 140544K,  99% used [0x00007f86cd030000, 0x00007f86d596fe98, 0x00007f86d5970000)
  to   space 140544K,   0% used [0x00007f86d5970000, 0x00007f86d5970000, 0x00007f86de2b0000)
 tenured generation   total 2811148K, used 2747113K [0x00007f8bddb50000, 0x00007f8c89493000, 0x00007f9688600000)
   the space 2811148K,  97% used [0x00007f8bddb50000, 0x00007f8c8560a670, 0x00007f8c8560a800, 0x00007f8c89493000)
 Metaspace       used 31073K, capacity 31467K, committed 31744K, reserved 32768K
}
Event: 41.649 GC heap before
{Heap before GC invocations=34 (full 2):
 def new generation   total 1265088K, used 1265087K [0x00007f8688600000, 0x00007f86de2b0000, 0x00007f8bddb50000)
  eden space 1124544K, 100% used [0x00007f8688600000, 0x00007f86cd030000, 0x00007f86cd030000)
  from space 140544K,  99% used [0x00007f86cd030000, 0x00007f86d596fe98, 0x00007f86d5970000)
  to   space 140544K,   0% used [0x00007f86d5970000, 0x00007f86d5970000, 0x00007f86de2b0000)
 tenured generation   total 2811148K, used 2747113K [0x00007f8bddb50000, 0x00007f8c89493000, 0x00007f9688600000)
   the space 2811148K,  97% used [0x00007f8bddb50000, 0x00007f8c8560a670, 0x00007f8c8560a800, 0x00007f8c89493000)
 Metaspace       used 31073K, capacity 31467K, committed 31744K, reserved 32768K
}
Event: 42.592 GC heap after
{Heap after GC invocations=35 (full 2):
 def new generation   total 1265088K, used 140543K [0x00007f8688600000, 0x00007f86de2b0000, 0x00007f8bddb50000)
  eden space 1124544K,   0% used [0x00007f8688600000, 0x00007f8688600000, 0x00007f86cd030000)
  from space 140544K,  99% used [0x00007f86d5970000, 0x00007f86de2afff8, 0x00007f86de2b0000)
  to   space 140544K,   0% used [0x00007f86cd030000, 0x00007f86cd030000, 0x00007f86d5970000)
 tenured generation   total 3429580K, used 3429507K [0x00007f8bddb50000, 0x00007f8caf083000, 0x00007f9688600000)
   the space 3429580K,  99% used [0x00007f8bddb50000, 0x00007f8caf070d08, 0x00007f8caf070e00, 0x00007f8caf083000)
 Metaspace       used 31073K, capacity 31467K, committed 31744K, reserved 32768K
}
Event: 42.592 GC heap before
{Heap before GC invocations=35 (full 2):
 def new generation   total 1265088K, used 140543K [0x00007f8688600000, 0x00007f86de2b0000, 0x00007f8bddb50000)
  eden space 1124544K,   0% used [0x00007f8688600000, 0x00007f8688600000, 0x00007f86cd030000)
  from space 140544K,  99% used [0x00007f86d5970000, 0x00007f86de2afff8, 0x00007f86de2b0000)
  to   space 140544K,   0% used [0x00007f86cd030000, 0x00007f86cd030000, 0x00007f86d5970000)
 tenured generation   total 3429580K, used 3429507K [0x00007f8bddb50000, 0x00007f8caf083000, 0x00007f9688600000)
   the space 3429580K,  99% used [0x00007f8bddb50000, 0x00007f8caf070d08, 0x00007f8caf070e00, 0x00007f8caf083000)
 Metaspace       used 31073K, capacity 31467K, committed 31744K, reserved 32768K
}
Event: 44.460 GC heap after
{Heap after GC invocations=35 (full 3):
 def new generation   total 2572224K, used 140543K [0x00007f8688600000, 0x00007f8736d00000, 0x00007f8bddb50000)
  eden space 2286464K,   6% used [0x00007f8688600000, 0x00007f8690f3fff8, 0x00007f8713ee0000)
  from space 285760K,   0% used [0x00007f8713ee0000, 0x00007f8713ee0000, 0x00007f87255f0000)
  to   space 285760K,   0% used [0x00007f87255f0000, 0x00007f87255f0000, 0x00007f8736d00000)
 tenured generation   total 5715848K, used 3429507K [0x00007f8bddb50000, 0x00007f8d3a932000, 0x00007f9688600000)
   the space 5715848K,  59% used [0x00007f8bddb50000, 0x00007f8caf070d08, 0x00007f8caf070e00, 0x00007f8d3a932000)
 Metaspace       used 31073K, capacity 31467K, committed 31744K, reserved 32768K
}
Event: 46.973 GC heap before
{Heap before GC invocations=35 (full 3):
 def new generation   total 2572224K, used 2286464K [0x00007f8688600000, 0x00007f8736d00000, 0x00007f8bddb50000)
  eden space 2286464K, 100% used [0x00007f8688600000, 0x00007f8713ee0000, 0x00007f8713ee0000)
  from space 285760K,   0% used [0x00007f8713ee0000, 0x00007f8713ee0000, 0x00007f87255f0000)
  to   space 285760K,   0% used [0x00007f87255f0000, 0x00007f87255f0000, 0x00007f8736d00000)
 tenured generation   total 5715848K, used 3429507K [0x00007f8bddb50000, 0x00007f8d3a932000, 0x00007f9688600000)
   the space 5715848K,  59% used [0x00007f8bddb50000, 0x00007f8caf070d08, 0x00007f8caf070e00, 0x00007f8d3a932000)
 Metaspace       used 31073K, capacity 31467K, committed 31744K, reserved 32768K
}
Event: 49.346 GC heap after
{Heap after GC invocations=36 (full 3):
 def new generation   total 2572224K, used 285759K [0x00007f8688600000, 0x00007f8736d00000, 0x00007f8bddb50000)
  eden space 2286464K,   0% used [0x00007f8688600000, 0x00007f8688600000, 0x00007f8713ee0000)
  from space 285760K,  99% used [0x00007f87255f0000, 0x00007f8736cffff0, 0x00007f8736d00000)
  to   space 285760K,   0% used [0x00007f8713ee0000, 0x00007f8713ee0000, 0x00007f87255f0000)
 tenured generation   total 5715848K, used 4838225K [0x00007f8bddb50000, 0x00007f8d3a932000, 0x00007f9688600000)
   the space 5715848K,  84% used [0x00007f8bddb50000, 0x00007f8d050247c8, 0x00007f8d05024800, 0x00007f8d3a932000)
 Metaspace       used 31073K, capacity 31467K, committed 31744K, reserved 32768K
}
Event: 51.677 GC heap before
{Heap before GC invocations=36 (full 3):
 def new generation   total 2572224K, used 2572223K [0x00007f8688600000, 0x00007f8736d00000, 0x00007f8bddb50000)
  eden space 2286464K, 100% used [0x00007f8688600000, 0x00007f8713ee0000, 0x00007f8713ee0000)
  from space 285760K,  99% used [0x00007f87255f0000, 0x00007f8736cffff0, 0x00007f8736d00000)
  to   space 285760K,   0% used [0x00007f8713ee0000, 0x00007f8713ee0000, 0x00007f87255f0000)
 tenured generation   total 5715848K, used 4838225K [0x00007f8bddb50000, 0x00007f8d3a932000, 0x00007f9688600000)
   the space 5715848K,  84% used [0x00007f8bddb50000, 0x00007f8d050247c8, 0x00007f8d05024800, 0x00007f8d3a932000)
 Metaspace       used 31073K, capacity 31467K, committed 31744K, reserved 32768K
}
Event: 53.621 GC heap after
{Heap after GC invocations=37 (full 3):
 def new generation   total 2572224K, used 285759K [0x00007f8688600000, 0x00007f8736d00000, 0x00007f8bddb50000)
  eden space 2286464K,   0% used [0x00007f8688600000, 0x00007f8688600000, 0x00007f8713ee0000)
  from space 285760K,  99% used [0x00007f8713ee0000, 0x00007f87255efe78, 0x00007f87255f0000)
  to   space 285760K,   0% used [0x00007f87255f0000, 0x00007f87255f0000, 0x00007f8736d00000)
 tenured generation   total 6496904K, used 6496838K [0x00007f8bddb50000, 0x00007f8d6a3f2000, 0x00007f9688600000)
   the space 6496904K,  99% used [0x00007f8bddb50000, 0x00007f8d6a3e1930, 0x00007f8d6a3e1a00, 0x00007f8d6a3f2000)
 Metaspace       used 31073K, capacity 31467K, committed 31744K, reserved 32768K
}
Event: 53.622 GC heap before
{Heap before GC invocations=37 (full 3):
 def new generation   total 2572224K, used 285759K [0x00007f8688600000, 0x00007f8736d00000, 0x00007f8bddb50000)
  eden space 2286464K,   0% used [0x00007f8688600000, 0x00007f8688600000, 0x00007f8713ee0000)
  from space 285760K,  99% used [0x00007f8713ee0000, 0x00007f87255efe78, 0x00007f87255f0000)
  to   space 285760K,   0% used [0x00007f87255f0000, 0x00007f87255f0000, 0x00007f8736d00000)
 tenured generation   total 6496904K, used 6496838K [0x00007f8bddb50000, 0x00007f8d6a3f2000, 0x00007f9688600000)
   the space 6496904K,  99% used [0x00007f8bddb50000, 0x00007f8d6a3e1930, 0x00007f8d6a3e1a00, 0x00007f8d6a3f2000)
 Metaspace       used 31073K, capacity 31467K, committed 31744K, reserved 32768K
}

