# JRE version: OpenJDK Runtime Environment (13.0.7+5) (build 13.0.7+5-Ubuntu-0ubuntu120.04)
# Java VM: OpenJDK 64-Bit Server VM (13.0.7+5-Ubuntu-0ubuntu120.04, mixed mode, tiered, serial gc, linux-amd64)
Heap:
 def new generation   total 2907264K, used 161347K [0x00007fa874600000, 0x00007fa939890000, 0x00007fb31f0a0000)
  eden space 2584256K,   6% used [0x00007fa874600000, 0x00007fa87e390d08, 0x00007fa9121b0000)
  from space 323008K,   0% used [0x00007fa9121b0000, 0x00007fa9121b0000, 0x00007fa925d20000)
  to   space 323008K,   0% used [0x00007fa925d20000, 0x00007fa925d20000, 0x00007fa939890000)
 tenured generation   total 6476888K, used 6476583K [0x00007fb31f0a0000, 0x00007fb4aa5b6000, 0x00007fc874600000)
   the space 6476888K,  99% used [0x00007fb31f0a0000, 0x00007fb4aa569f40, 0x00007fb4aa56a000, 0x00007fb4aa5b6000)
 Metaspace       used 24216K, capacity 24582K, committed 24832K, reserved 26624K
GC Heap History (20 events):
Event: 1799.813 GC heap after
{Heap after GC invocations=1594 (full 6):
 def new generation   total 2907264K, used 169583K [0x00007fa874600000, 0x00007fa939890000, 0x00007fb31f0a0000)
  eden space 2584256K,   0% used [0x00007fa874600000, 0x00007fa874600000, 0x00007fa9121b0000)
  from space 323008K,  52% used [0x00007fa925d20000, 0x00007fa9302bbd98, 0x00007fa939890000)
  to   space 323008K,   0% used [0x00007fa9121b0000, 0x00007fa9121b0000, 0x00007fa925d20000)
 tenured generation   total 6460500K, used 6349642K [0x00007fb31f0a0000, 0x00007fb4a95b5000, 0x00007fc874600000)
   the space 6460500K,  98% used [0x00007fb31f0a0000, 0x00007fb4a29728d8, 0x00007fb4a2972a00, 0x00007fb4a95b5000)
 Metaspace       used 24216K, capacity 24582K, committed 24832K, reserved 26624K
}
Event: 1802.534 GC heap before
{Heap before GC invocations=1594 (full 6):
 def new generation   total 2907264K, used 2753839K [0x00007fa874600000, 0x00007fa939890000, 0x00007fb31f0a0000)
  eden space 2584256K, 100% used [0x00007fa874600000, 0x00007fa9121b0000, 0x00007fa9121b0000)
  from space 323008K,  52% used [0x00007fa925d20000, 0x00007fa9302bbd98, 0x00007fa939890000)
  to   space 323008K,   0% used [0x00007fa9121b0000, 0x00007fa9121b0000, 0x00007fa925d20000)
 tenured generation   total 6460500K, used 6349642K [0x00007fb31f0a0000, 0x00007fb4a95b5000, 0x00007fc874600000)
   the space 6460500K,  98% used [0x00007fb31f0a0000, 0x00007fb4a29728d8, 0x00007fb4a2972a00, 0x00007fb4a95b5000)
 Metaspace       used 24216K, capacity 24582K, committed 24832K, reserved 26624K
}
Event: 1802.647 GC heap after
{Heap after GC invocations=1595 (full 6):
 def new generation   total 2907264K, used 166506K [0x00007fa874600000, 0x00007fa939890000, 0x00007fb31f0a0000)
  eden space 2584256K,   0% used [0x00007fa874600000, 0x00007fa874600000, 0x00007fa9121b0000)
  from space 323008K,  51% used [0x00007fa9121b0000, 0x00007fa91c44aab0, 0x00007fa925d20000)
  to   space 323008K,   0% used [0x00007fa925d20000, 0x00007fa925d20000, 0x00007fa939890000)
 tenured generation   total 6460500K, used 6366600K [0x00007fb31f0a0000, 0x00007fb4a95b5000, 0x00007fc874600000)
   the space 6460500K,  98% used [0x00007fb31f0a0000, 0x00007fb4a3a02330, 0x00007fb4a3a02400, 0x00007fb4a95b5000)
 Metaspace       used 24216K, capacity 24582K, committed 24832K, reserved 26624K
}
Event: 1805.347 GC heap before
{Heap before GC invocations=1595 (full 6):
 def new generation   total 2907264K, used 2750762K [0x00007fa874600000, 0x00007fa939890000, 0x00007fb31f0a0000)
  eden space 2584256K, 100% used [0x00007fa874600000, 0x00007fa9121b0000, 0x00007fa9121b0000)
  from space 323008K,  51% used [0x00007fa9121b0000, 0x00007fa91c44aab0, 0x00007fa925d20000)
  to   space 323008K,   0% used [0x00007fa925d20000, 0x00007fa925d20000, 0x00007fa939890000)
 tenured generation   total 6460500K, used 6366600K [0x00007fb31f0a0000, 0x00007fb4a95b5000, 0x00007fc874600000)
   the space 6460500K,  98% used [0x00007fb31f0a0000, 0x00007fb4a3a02330, 0x00007fb4a3a02400, 0x00007fb4a95b5000)
 Metaspace       used 24216K, capacity 24582K, committed 24832K, reserved 26624K
}
Event: 1805.455 GC heap after
{Heap after GC invocations=1596 (full 6):
 def new generation   total 2907264K, used 161366K [0x00007fa874600000, 0x00007fa939890000, 0x00007fb31f0a0000)
  eden space 2584256K,   0% used [0x00007fa874600000, 0x00007fa874600000, 0x00007fa9121b0000)
  from space 323008K,  49% used [0x00007fa925d20000, 0x00007fa92fab59f8, 0x00007fa939890000)
  to   space 323008K,   0% used [0x00007fa9121b0000, 0x00007fa9121b0000, 0x00007fa925d20000)
 tenured generation   total 6460500K, used 6383559K [0x00007fb31f0a0000, 0x00007fb4a95b5000, 0x00007fc874600000)
   the space 6460500K,  98% used [0x00007fb31f0a0000, 0x00007fb4a4a91d88, 0x00007fb4a4a91e00, 0x00007fb4a95b5000)
 Metaspace       used 24216K, capacity 24582K, committed 24832K, reserved 26624K
}
Event: 1808.064 GC heap before
{Heap before GC invocations=1596 (full 6):
 def new generation   total 2907264K, used 2745622K [0x00007fa874600000, 0x00007fa939890000, 0x00007fb31f0a0000)
  eden space 2584256K, 100% used [0x00007fa874600000, 0x00007fa9121b0000, 0x00007fa9121b0000)
  from space 323008K,  49% used [0x00007fa925d20000, 0x00007fa92fab59f8, 0x00007fa939890000)
  to   space 323008K,   0% used [0x00007fa9121b0000, 0x00007fa9121b0000, 0x00007fa925d20000)
 tenured generation   total 6460500K, used 6383559K [0x00007fb31f0a0000, 0x00007fb4a95b5000, 0x00007fc874600000)
   the space 6460500K,  98% used [0x00007fb31f0a0000, 0x00007fb4a4a91d88, 0x00007fb4a4a91e00, 0x00007fb4a95b5000)
 Metaspace       used 24216K, capacity 24582K, committed 24832K, reserved 26624K
}
Event: 1808.154 GC heap after
{Heap after GC invocations=1597 (full 6):
 def new generation   total 2907264K, used 172672K [0x00007fa874600000, 0x00007fa939890000, 0x00007fb31f0a0000)
  eden space 2584256K,   0% used [0x00007fa874600000, 0x00007fa874600000, 0x00007fa9121b0000)
  from space 323008K,  53% used [0x00007fa9121b0000, 0x00007fa91ca50390, 0x00007fa925d20000)
  to   space 323008K,   0% used [0x00007fa925d20000, 0x00007fa925d20000, 0x00007fa939890000)
 tenured generation   total 6460500K, used 6383559K [0x00007fb31f0a0000, 0x00007fb4a95b5000, 0x00007fc874600000)
   the space 6460500K,  98% used [0x00007fb31f0a0000, 0x00007fb4a4a91d88, 0x00007fb4a4a91e00, 0x00007fb4a95b5000)
 Metaspace       used 24216K, capacity 24582K, committed 24832K, reserved 26624K
}
Event: 1810.918 GC heap before
{Heap before GC invocations=1597 (full 6):
 def new generation   total 2907264K, used 2756928K [0x00007fa874600000, 0x00007fa939890000, 0x00007fb31f0a0000)
  eden space 2584256K, 100% used [0x00007fa874600000, 0x00007fa9121b0000, 0x00007fa9121b0000)
  from space 323008K,  53% used [0x00007fa9121b0000, 0x00007fa91ca50390, 0x00007fa925d20000)
  to   space 323008K,   0% used [0x00007fa925d20000, 0x00007fa925d20000, 0x00007fa939890000)
 tenured generation   total 6460500K, used 6383559K [0x00007fb31f0a0000, 0x00007fb4a95b5000, 0x00007fc874600000)
   the space 6460500K,  98% used [0x00007fb31f0a0000, 0x00007fb4a4a91d88, 0x00007fb4a4a91e00, 0x00007fb4a95b5000)
 Metaspace       used 24216K, capacity 24582K, committed 24832K, reserved 26624K
}
Event: 1811.043 GC heap after
{Heap after GC invocations=1598 (full 6):
 def new generation   total 2907264K, used 169581K [0x00007fa874600000, 0x00007fa939890000, 0x00007fb31f0a0000)
  eden space 2584256K,   0% used [0x00007fa874600000, 0x00007fa874600000, 0x00007fa9121b0000)
  from space 323008K,  52% used [0x00007fa925d20000, 0x00007fa9302bb678, 0x00007fa939890000)
  to   space 323008K,   0% used [0x00007fa9121b0000, 0x00007fa9121b0000, 0x00007fa925d20000)
 tenured generation   total 6460500K, used 6400517K [0x00007fb31f0a0000, 0x00007fb4a95b5000, 0x00007fc874600000)
   the space 6460500K,  99% used [0x00007fb31f0a0000, 0x00007fb4a5b217e0, 0x00007fb4a5b21800, 0x00007fb4a95b5000)
 Metaspace       used 24216K, capacity 24582K, committed 24832K, reserved 26624K
}
Event: 1814.004 GC heap before
{Heap before GC invocations=1598 (full 6):
 def new generation   total 2907264K, used 2753837K [0x00007fa874600000, 0x00007fa939890000, 0x00007fb31f0a0000)
  eden space 2584256K, 100% used [0x00007fa874600000, 0x00007fa9121b0000, 0x00007fa9121b0000)
  from space 323008K,  52% used [0x00007fa925d20000, 0x00007fa9302bb678, 0x00007fa939890000)
  to   space 323008K,   0% used [0x00007fa9121b0000, 0x00007fa9121b0000, 0x00007fa925d20000)
 tenured generation   total 6460500K, used 6400517K [0x00007fb31f0a0000, 0x00007fb4a95b5000, 0x00007fc874600000)
   the space 6460500K,  99% used [0x00007fb31f0a0000, 0x00007fb4a5b217e0, 0x00007fb4a5b21800, 0x00007fb4a95b5000)
 Metaspace       used 24216K, capacity 24582K, committed 24832K, reserved 26624K
}
Event: 1814.134 GC heap after
{Heap after GC invocations=1599 (full 6):
 def new generation   total 2907264K, used 168037K [0x00007fa874600000, 0x00007fa939890000, 0x00007fb31f0a0000)
  eden space 2584256K,   0% used [0x00007fa874600000, 0x00007fa874600000, 0x00007fa9121b0000)
  from space 323008K,  52% used [0x00007fa9121b0000, 0x00007fa91c5c95b8, 0x00007fa925d20000)
  to   space 323008K,   0% used [0x00007fa925d20000, 0x00007fa925d20000, 0x00007fa939890000)
 tenured generation   total 6460500K, used 6417476K [0x00007fb31f0a0000, 0x00007fb4a95b5000, 0x00007fc874600000)
   the space 6460500K,  99% used [0x00007fb31f0a0000, 0x00007fb4a6bb1238, 0x00007fb4a6bb1400, 0x00007fb4a95b5000)
 Metaspace       used 24216K, capacity 24582K, committed 24832K, reserved 26624K
}
Event: 1816.725 GC heap before
{Heap before GC invocations=1599 (full 6):
 def new generation   total 2907264K, used 2752293K [0x00007fa874600000, 0x00007fa939890000, 0x00007fb31f0a0000)
  eden space 2584256K, 100% used [0x00007fa874600000, 0x00007fa9121b0000, 0x00007fa9121b0000)
  from space 323008K,  52% used [0x00007fa9121b0000, 0x00007fa91c5c95b8, 0x00007fa925d20000)
  to   space 323008K,   0% used [0x00007fa925d20000, 0x00007fa925d20000, 0x00007fa939890000)
 tenured generation   total 6460500K, used 6417476K [0x00007fb31f0a0000, 0x00007fb4a95b5000, 0x00007fc874600000)
   the space 6460500K,  99% used [0x00007fb31f0a0000, 0x00007fb4a6bb1238, 0x00007fb4a6bb1400, 0x00007fb4a95b5000)
 Metaspace       used 24216K, capacity 24582K, committed 24832K, reserved 26624K
}
Event: 1816.842 GC heap after
{Heap after GC invocations=1600 (full 6):
 def new generation   total 2907264K, used 165459K [0x00007fa874600000, 0x00007fa939890000, 0x00007fb31f0a0000)
  eden space 2584256K,   0% used [0x00007fa874600000, 0x00007fa874600000, 0x00007fa9121b0000)
  from space 323008K,  51% used [0x00007fa925d20000, 0x00007fa92feb4fc8, 0x00007fa939890000)
  to   space 323008K,   0% used [0x00007fa9121b0000, 0x00007fa9121b0000, 0x00007fa925d20000)
 tenured generation   total 6460500K, used 6434435K [0x00007fb31f0a0000, 0x00007fb4a95b5000, 0x00007fc874600000)
   the space 6460500K,  99% used [0x00007fb31f0a0000, 0x00007fb4a7c40c90, 0x00007fb4a7c40e00, 0x00007fb4a95b5000)
 Metaspace       used 24216K, capacity 24582K, committed 24832K, reserved 26624K
}
Event: 1819.595 GC heap before
{Heap before GC invocations=1600 (full 6):
 def new generation   total 2907264K, used 2737094K [0x00007fa874600000, 0x00007fa939890000, 0x00007fb31f0a0000)
  eden space 2584256K,  99% used [0x00007fa874600000, 0x00007fa91155c908, 0x00007fa9121b0000)
  from space 323008K,  51% used [0x00007fa925d20000, 0x00007fa92feb4fc8, 0x00007fa939890000)
  to   space 323008K,   0% used [0x00007fa9121b0000, 0x00007fa9121b0000, 0x00007fa925d20000)
 tenured generation   total 6460500K, used 6434435K [0x00007fb31f0a0000, 0x00007fb4a95b5000, 0x00007fc874600000)
   the space 6460500K,  99% used [0x00007fb31f0a0000, 0x00007fb4a7c40c90, 0x00007fb4a7c40e00, 0x00007fb4a95b5000)
 Metaspace       used 24216K, capacity 24582K, committed 24832K, reserved 26624K
}
Event: 1819.711 GC heap after
{Heap after GC invocations=1601 (full 6):
 def new generation   total 2907264K, used 158285K [0x00007fa874600000, 0x00007fa939890000, 0x00007fb31f0a0000)
  eden space 2584256K,   0% used [0x00007fa874600000, 0x00007fa874600000, 0x00007fa9121b0000)
  from space 323008K,  49% used [0x00007fa9121b0000, 0x00007fa91bc43598, 0x00007fa925d20000)
  to   space 323008K,   0% used [0x00007fa925d20000, 0x00007fa925d20000, 0x00007fa939890000)
 tenured generation   total 6460500K, used 6451393K [0x00007fb31f0a0000, 0x00007fb4a95b5000, 0x00007fc874600000)
   the space 6460500K,  99% used [0x00007fb31f0a0000, 0x00007fb4a8cd06e8, 0x00007fb4a8cd0800, 0x00007fb4a95b5000)
 Metaspace       used 24216K, capacity 24582K, committed 24832K, reserved 26624K
}
Event: 1822.500 GC heap before
{Heap before GC invocations=1601 (full 6):
 def new generation   total 2907264K, used 2742541K [0x00007fa874600000, 0x00007fa939890000, 0x00007fb31f0a0000)
  eden space 2584256K, 100% used [0x00007fa874600000, 0x00007fa9121b0000, 0x00007fa9121b0000)
  from space 323008K,  49% used [0x00007fa9121b0000, 0x00007fa91bc43598, 0x00007fa925d20000)
  to   space 323008K,   0% used [0x00007fa925d20000, 0x00007fa925d20000, 0x00007fa939890000)
 tenured generation   total 6460500K, used 6451393K [0x00007fb31f0a0000, 0x00007fb4a95b5000, 0x00007fc874600000)
   the space 6460500K,  99% used [0x00007fb31f0a0000, 0x00007fb4a8cd06e8, 0x00007fb4a8cd0800, 0x00007fb4a95b5000)
 Metaspace       used 24216K, capacity 24582K, committed 24832K, reserved 26624K
}
Event: 1822.590 GC heap after
{Heap after GC invocations=1602 (full 6):
 def new generation   total 2907264K, used 170075K [0x00007fa874600000, 0x00007fa939890000, 0x00007fb31f0a0000)
  eden space 2584256K,   0% used [0x00007fa874600000, 0x00007fa874600000, 0x00007fa9121b0000)
  from space 323008K,  52% used [0x00007fa925d20000, 0x00007fa930336e20, 0x00007fa939890000)
  to   space 323008K,   0% used [0x00007fa9121b0000, 0x00007fa9121b0000, 0x00007fa925d20000)
 tenured generation   total 6460500K, used 6451393K [0x00007fb31f0a0000, 0x00007fb4a95b5000, 0x00007fc874600000)
   the space 6460500K,  99% used [0x00007fb31f0a0000, 0x00007fb4a8cd06e8, 0x00007fb4a8cd0800, 0x00007fb4a95b5000)
 Metaspace       used 24216K, capacity 24582K, committed 24832K, reserved 26624K
}
Event: 1825.377 GC heap before
{Heap before GC invocations=1602 (full 6):
 def new generation   total 2907264K, used 2754331K [0x00007fa874600000, 0x00007fa939890000, 0x00007fb31f0a0000)
  eden space 2584256K, 100% used [0x00007fa874600000, 0x00007fa9121b0000, 0x00007fa9121b0000)
  from space 323008K,  52% used [0x00007fa925d20000, 0x00007fa930336e20, 0x00007fa939890000)
  to   space 323008K,   0% used [0x00007fa9121b0000, 0x00007fa9121b0000, 0x00007fa925d20000)
 tenured generation   total 6460500K, used 6451393K [0x00007fb31f0a0000, 0x00007fb4a95b5000, 0x00007fc874600000)
   the space 6460500K,  99% used [0x00007fb31f0a0000, 0x00007fb4a8cd06e8, 0x00007fb4a8cd0800, 0x00007fb4a95b5000)
 Metaspace       used 24216K, capacity 24582K, committed 24832K, reserved 26624K
}
Event: 1825.497 GC heap after
{Heap after GC invocations=1603 (full 6):
 def new generation   total 2907264K, used 169574K [0x00007fa874600000, 0x00007fa939890000, 0x00007fb31f0a0000)
  eden space 2584256K,   0% used [0x00007fa874600000, 0x00007fa874600000, 0x00007fa9121b0000)
  from space 323008K,  52% used [0x00007fa9121b0000, 0x00007fa91c7499c8, 0x00007fa925d20000)
  to   space 323008K,   0% used [0x00007fa925d20000, 0x00007fa925d20000, 0x00007fa939890000)
 tenured generation   total 6476888K, used 6468356K [0x00007fb31f0a0000, 0x00007fb4aa5b6000, 0x00007fc874600000)
   the space 6476888K,  99% used [0x00007fb31f0a0000, 0x00007fb4a9d61280, 0x00007fb4a9d61400, 0x00007fb4aa5b6000)
 Metaspace       used 24216K, capacity 24582K, committed 24832K, reserved 26624K
}
Event: 1825.497 GC heap before
{Heap before GC invocations=1603 (full 6):
 def new generation   total 2907264K, used 169574K [0x00007fa874600000, 0x00007fa939890000, 0x00007fb31f0a0000)
  eden space 2584256K,   0% used [0x00007fa874600000, 0x00007fa874600000, 0x00007fa9121b0000)
  from space 323008K,  52% used [0x00007fa9121b0000, 0x00007fa91c7499c8, 0x00007fa925d20000)
  to   space 323008K,   0% used [0x00007fa925d20000, 0x00007fa925d20000, 0x00007fa939890000)
 tenured generation   total 6476888K, used 6468356K [0x00007fb31f0a0000, 0x00007fb4aa5b6000, 0x00007fc874600000)
   the space 6476888K,  99% used [0x00007fb31f0a0000, 0x00007fb4a9d61280, 0x00007fb4a9d61400, 0x00007fb4aa5b6000)
 Metaspace       used 24216K, capacity 24582K, committed 24832K, reserved 26624K
}

