# JRE version: OpenJDK Runtime Environment (13.0.7+5) (build 13.0.7+5-Ubuntu-0ubuntu120.04)
# Java VM: OpenJDK 64-Bit Server VM (13.0.7+5-Ubuntu-0ubuntu120.04, mixed mode, tiered, serial gc, linux-amd64)
Heap:
 def new generation   total 6898176K, used 0K [0x00007fd074600000, 0x00007fd248300000, 0x00007fd5c9b50000)
  eden space 6131712K,   0% used [0x00007fd074600000, 0x00007fd074600000, 0x00007fd1eaa00000)
  from space 766464K,   0% used [0x00007fd1eaa00000, 0x00007fd1eaa00000, 0x00007fd219680000)
  to   space 766464K,   0% used [0x00007fd219680000, 0x00007fd219680000, 0x00007fd248300000)
 tenured generation   total 17341704K, used 13586039K [0x00007fd5c9b50000, 0x00007fd9ec292000, 0x00007fe074600000)
   the space 17341704K,  78% used [0x00007fd5c9b50000, 0x00007fd906eedd80, 0x00007fd906eede00, 0x00007fd9ec292000)
 Metaspace       used 30491K, capacity 30946K, committed 31232K, reserved 32768K
GC Heap History (20 events):
Event: 604.784 GC heap after
{Heap after GC invocations=96 (full 14):
 def new generation   total 6898176K, used 499935K [0x00007fd074600000, 0x00007fd248300000, 0x00007fd5c9b50000)
  eden space 6131712K,   0% used [0x00007fd074600000, 0x00007fd074600000, 0x00007fd1eaa00000)
  from space 766464K,  65% used [0x00007fd219680000, 0x00007fd237eb7e10, 0x00007fd248300000)
  to   space 766464K,   0% used [0x00007fd1eaa00000, 0x00007fd1eaa00000, 0x00007fd219680000)
 tenured generation   total 15329160K, used 11222067K [0x00007fd5c9b50000, 0x00007fd971532000, 0x00007fe074600000)
   the space 15329160K,  73% used [0x00007fd5c9b50000, 0x00007fd876a5cc20, 0x00007fd876a5ce00, 0x00007fd971532000)
 Metaspace       used 30491K, capacity 30946K, committed 31232K, reserved 32768K
}
Event: 606.745 GC heap before
{Heap before GC invocations=96 (full 14):
 def new generation   total 6898176K, used 6631647K [0x00007fd074600000, 0x00007fd248300000, 0x00007fd5c9b50000)
  eden space 6131712K, 100% used [0x00007fd074600000, 0x00007fd1eaa00000, 0x00007fd1eaa00000)
  from space 766464K,  65% used [0x00007fd219680000, 0x00007fd237eb7e10, 0x00007fd248300000)
  to   space 766464K,   0% used [0x00007fd1eaa00000, 0x00007fd1eaa00000, 0x00007fd219680000)
 tenured generation   total 15329160K, used 11222067K [0x00007fd5c9b50000, 0x00007fd971532000, 0x00007fe074600000)
   the space 15329160K,  73% used [0x00007fd5c9b50000, 0x00007fd876a5cc20, 0x00007fd876a5ce00, 0x00007fd971532000)
 Metaspace       used 30491K, capacity 30946K, committed 31232K, reserved 32768K
}
Event: 608.155 GC heap after
{Heap after GC invocations=97 (full 14):
 def new generation   total 6898176K, used 524041K [0x00007fd074600000, 0x00007fd248300000, 0x00007fd5c9b50000)
  eden space 6131712K,   0% used [0x00007fd074600000, 0x00007fd074600000, 0x00007fd1eaa00000)
  from space 766464K,  68% used [0x00007fd1eaa00000, 0x00007fd20a9c24c0, 0x00007fd219680000)
  to   space 766464K,   0% used [0x00007fd219680000, 0x00007fd219680000, 0x00007fd248300000)
 tenured generation   total 15329160K, used 11722002K [0x00007fd5c9b50000, 0x00007fd971532000, 0x00007fe074600000)
   the space 15329160K,  76% used [0x00007fd5c9b50000, 0x00007fd8952948c0, 0x00007fd895294a00, 0x00007fd971532000)
 Metaspace       used 30491K, capacity 30946K, committed 31232K, reserved 32768K
}
Event: 609.816 GC heap before
{Heap before GC invocations=97 (full 14):
 def new generation   total 6898176K, used 6655753K [0x00007fd074600000, 0x00007fd248300000, 0x00007fd5c9b50000)
  eden space 6131712K, 100% used [0x00007fd074600000, 0x00007fd1eaa00000, 0x00007fd1eaa00000)
  from space 766464K,  68% used [0x00007fd1eaa00000, 0x00007fd20a9c24c0, 0x00007fd219680000)
  to   space 766464K,   0% used [0x00007fd219680000, 0x00007fd219680000, 0x00007fd248300000)
 tenured generation   total 15329160K, used 11722002K [0x00007fd5c9b50000, 0x00007fd971532000, 0x00007fe074600000)
   the space 15329160K,  76% used [0x00007fd5c9b50000, 0x00007fd8952948c0, 0x00007fd895294a00, 0x00007fd971532000)
 Metaspace       used 30491K, capacity 30946K, committed 31232K, reserved 32768K
}
Event: 611.198 GC heap after
{Heap after GC invocations=98 (full 14):
 def new generation   total 6898176K, used 497797K [0x00007fd074600000, 0x00007fd248300000, 0x00007fd5c9b50000)
  eden space 6131712K,   0% used [0x00007fd074600000, 0x00007fd074600000, 0x00007fd1eaa00000)
  from space 766464K,  64% used [0x00007fd219680000, 0x00007fd237ca15d0, 0x00007fd248300000)
  to   space 766464K,   0% used [0x00007fd1eaa00000, 0x00007fd1eaa00000, 0x00007fd219680000)
 tenured generation   total 15329160K, used 12246043K [0x00007fd5c9b50000, 0x00007fd971532000, 0x00007fe074600000)
   the space 15329160K,  79% used [0x00007fd5c9b50000, 0x00007fd8b5256c80, 0x00007fd8b5256e00, 0x00007fd971532000)
 Metaspace       used 30491K, capacity 30946K, committed 31232K, reserved 32768K
}
Event: 612.980 GC heap before
{Heap before GC invocations=98 (full 14):
 def new generation   total 6898176K, used 6629509K [0x00007fd074600000, 0x00007fd248300000, 0x00007fd5c9b50000)
  eden space 6131712K, 100% used [0x00007fd074600000, 0x00007fd1eaa00000, 0x00007fd1eaa00000)
  from space 766464K,  64% used [0x00007fd219680000, 0x00007fd237ca15d0, 0x00007fd248300000)
  to   space 766464K,   0% used [0x00007fd1eaa00000, 0x00007fd1eaa00000, 0x00007fd219680000)
 tenured generation   total 15329160K, used 12246043K [0x00007fd5c9b50000, 0x00007fd971532000, 0x00007fe074600000)
   the space 15329160K,  79% used [0x00007fd5c9b50000, 0x00007fd8b5256c80, 0x00007fd8b5256e00, 0x00007fd971532000)
 Metaspace       used 30491K, capacity 30946K, committed 31232K, reserved 32768K
}
Event: 614.343 GC heap after
{Heap after GC invocations=99 (full 14):
 def new generation   total 6898176K, used 506720K [0x00007fd074600000, 0x00007fd248300000, 0x00007fd5c9b50000)
  eden space 6131712K,   0% used [0x00007fd074600000, 0x00007fd074600000, 0x00007fd1eaa00000)
  from space 766464K,  66% used [0x00007fd1eaa00000, 0x00007fd2098d8030, 0x00007fd219680000)
  to   space 766464K,   0% used [0x00007fd219680000, 0x00007fd219680000, 0x00007fd248300000)
 tenured generation   total 15329160K, used 12743840K [0x00007fd5c9b50000, 0x00007fd971532000, 0x00007fe074600000)
   the space 15329160K,  83% used [0x00007fd5c9b50000, 0x00007fd8d3878250, 0x00007fd8d3878400, 0x00007fd971532000)
 Metaspace       used 30491K, capacity 30946K, committed 31232K, reserved 32768K
}
Event: 616.107 GC heap before
{Heap before GC invocations=99 (full 14):
 def new generation   total 6898176K, used 6638432K [0x00007fd074600000, 0x00007fd248300000, 0x00007fd5c9b50000)
  eden space 6131712K, 100% used [0x00007fd074600000, 0x00007fd1eaa00000, 0x00007fd1eaa00000)
  from space 766464K,  66% used [0x00007fd1eaa00000, 0x00007fd2098d8030, 0x00007fd219680000)
  to   space 766464K,   0% used [0x00007fd219680000, 0x00007fd219680000, 0x00007fd248300000)
 tenured generation   total 15329160K, used 12743840K [0x00007fd5c9b50000, 0x00007fd971532000, 0x00007fe074600000)
   the space 15329160K,  83% used [0x00007fd5c9b50000, 0x00007fd8d3878250, 0x00007fd8d3878400, 0x00007fd971532000)
 Metaspace       used 30491K, capacity 30946K, committed 31232K, reserved 32768K
}
Event: 617.470 GC heap after
{Heap after GC invocations=100 (full 14):
 def new generation   total 6898176K, used 508750K [0x00007fd074600000, 0x00007fd248300000, 0x00007fd5c9b50000)
  eden space 6131712K,   0% used [0x00007fd074600000, 0x00007fd074600000, 0x00007fd1eaa00000)
  from space 766464K,  66% used [0x00007fd219680000, 0x00007fd2387538a0, 0x00007fd248300000)
  to   space 766464K,   0% used [0x00007fd1eaa00000, 0x00007fd1eaa00000, 0x00007fd219680000)
 tenured generation   total 15329160K, used 13250560K [0x00007fd5c9b50000, 0x00007fd971532000, 0x00007fe074600000)
   the space 15329160K,  86% used [0x00007fd5c9b50000, 0x00007fd8f2750100, 0x00007fd8f2750200, 0x00007fd971532000)
 Metaspace       used 30491K, capacity 30946K, committed 31232K, reserved 32768K
}
Event: 619.194 GC heap before
{Heap before GC invocations=100 (full 14):
 def new generation   total 6898176K, used 6640462K [0x00007fd074600000, 0x00007fd248300000, 0x00007fd5c9b50000)
  eden space 6131712K, 100% used [0x00007fd074600000, 0x00007fd1eaa00000, 0x00007fd1eaa00000)
  from space 766464K,  66% used [0x00007fd219680000, 0x00007fd2387538a0, 0x00007fd248300000)
  to   space 766464K,   0% used [0x00007fd1eaa00000, 0x00007fd1eaa00000, 0x00007fd219680000)
 tenured generation   total 15329160K, used 13250560K [0x00007fd5c9b50000, 0x00007fd971532000, 0x00007fe074600000)
   the space 15329160K,  86% used [0x00007fd5c9b50000, 0x00007fd8f2750100, 0x00007fd8f2750200, 0x00007fd971532000)
 Metaspace       used 30491K, capacity 30946K, committed 31232K, reserved 32768K
}
Event: 620.614 GC heap after
{Heap after GC invocations=101 (full 14):
 def new generation   total 6898176K, used 508796K [0x00007fd074600000, 0x00007fd248300000, 0x00007fd5c9b50000)
  eden space 6131712K,   0% used [0x00007fd074600000, 0x00007fd074600000, 0x00007fd1eaa00000)
  from space 766464K,  66% used [0x00007fd1eaa00000, 0x00007fd209adf1d8, 0x00007fd219680000)
  to   space 766464K,   0% used [0x00007fd219680000, 0x00007fd219680000, 0x00007fd248300000)
 tenured generation   total 15329160K, used 13759309K [0x00007fd5c9b50000, 0x00007fd971532000, 0x00007fe074600000)
   the space 15329160K,  89% used [0x00007fd5c9b50000, 0x00007fd911823780, 0x00007fd911823800, 0x00007fd971532000)
 Metaspace       used 30491K, capacity 30946K, committed 31232K, reserved 32768K
}
Event: 622.353 GC heap before
{Heap before GC invocations=101 (full 14):
 def new generation   total 6898176K, used 6640508K [0x00007fd074600000, 0x00007fd248300000, 0x00007fd5c9b50000)
  eden space 6131712K, 100% used [0x00007fd074600000, 0x00007fd1eaa00000, 0x00007fd1eaa00000)
  from space 766464K,  66% used [0x00007fd1eaa00000, 0x00007fd209adf1d8, 0x00007fd219680000)
  to   space 766464K,   0% used [0x00007fd219680000, 0x00007fd219680000, 0x00007fd248300000)
 tenured generation   total 15329160K, used 13759309K [0x00007fd5c9b50000, 0x00007fd971532000, 0x00007fe074600000)
   the space 15329160K,  89% used [0x00007fd5c9b50000, 0x00007fd911823780, 0x00007fd911823800, 0x00007fd971532000)
 Metaspace       used 30491K, capacity 30946K, committed 31232K, reserved 32768K
}
Event: 623.801 GC heap after
{Heap after GC invocations=102 (full 14):
 def new generation   total 6898176K, used 506596K [0x00007fd074600000, 0x00007fd248300000, 0x00007fd5c9b50000)
  eden space 6131712K,   0% used [0x00007fd074600000, 0x00007fd074600000, 0x00007fd1eaa00000)
  from space 766464K,  66% used [0x00007fd219680000, 0x00007fd238539138, 0x00007fd248300000)
  to   space 766464K,   0% used [0x00007fd1eaa00000, 0x00007fd1eaa00000, 0x00007fd219680000)
 tenured generation   total 15329160K, used 14268106K [0x00007fd5c9b50000, 0x00007fd971532000, 0x00007fe074600000)
   the space 15329160K,  93% used [0x00007fd5c9b50000, 0x00007fd9309028c8, 0x00007fd930902a00, 0x00007fd971532000)
 Metaspace       used 30491K, capacity 30946K, committed 31232K, reserved 32768K
}
Event: 625.516 GC heap before
{Heap before GC invocations=102 (full 14):
 def new generation   total 6898176K, used 6638308K [0x00007fd074600000, 0x00007fd248300000, 0x00007fd5c9b50000)
  eden space 6131712K, 100% used [0x00007fd074600000, 0x00007fd1eaa00000, 0x00007fd1eaa00000)
  from space 766464K,  66% used [0x00007fd219680000, 0x00007fd238539138, 0x00007fd248300000)
  to   space 766464K,   0% used [0x00007fd1eaa00000, 0x00007fd1eaa00000, 0x00007fd219680000)
 tenured generation   total 15329160K, used 14268106K [0x00007fd5c9b50000, 0x00007fd971532000, 0x00007fe074600000)
   the space 15329160K,  93% used [0x00007fd5c9b50000, 0x00007fd9309028c8, 0x00007fd930902a00, 0x00007fd971532000)
 Metaspace       used 30491K, capacity 30946K, committed 31232K, reserved 32768K
}
Event: 627.012 GC heap after
{Heap after GC invocations=103 (full 14):
 def new generation   total 6898176K, used 507840K [0x00007fd074600000, 0x00007fd248300000, 0x00007fd5c9b50000)
  eden space 6131712K,   0% used [0x00007fd074600000, 0x00007fd074600000, 0x00007fd1eaa00000)
  from space 766464K,  66% used [0x00007fd1eaa00000, 0x00007fd2099f0110, 0x00007fd219680000)
  to   space 766464K,   0% used [0x00007fd219680000, 0x00007fd219680000, 0x00007fd248300000)
 tenured generation   total 15329160K, used 14774702K [0x00007fd5c9b50000, 0x00007fd971532000, 0x00007fe074600000)
   the space 15329160K,  96% used [0x00007fd5c9b50000, 0x00007fd94f7bb890, 0x00007fd94f7bba00, 0x00007fd971532000)
 Metaspace       used 30491K, capacity 30946K, committed 31232K, reserved 32768K
}
Event: 628.748 GC heap before
{Heap before GC invocations=103 (full 14):
 def new generation   total 6898176K, used 6639552K [0x00007fd074600000, 0x00007fd248300000, 0x00007fd5c9b50000)
  eden space 6131712K, 100% used [0x00007fd074600000, 0x00007fd1eaa00000, 0x00007fd1eaa00000)
  from space 766464K,  66% used [0x00007fd1eaa00000, 0x00007fd2099f0110, 0x00007fd219680000)
  to   space 766464K,   0% used [0x00007fd219680000, 0x00007fd219680000, 0x00007fd248300000)
 tenured generation   total 15329160K, used 14774702K [0x00007fd5c9b50000, 0x00007fd971532000, 0x00007fe074600000)
   the space 15329160K,  96% used [0x00007fd5c9b50000, 0x00007fd94f7bb890, 0x00007fd94f7bba00, 0x00007fd971532000)
 Metaspace       used 30491K, capacity 30946K, committed 31232K, reserved 32768K
}
Event: 630.170 GC heap after
{Heap after GC invocations=104 (full 14):
 def new generation   total 6898176K, used 496898K [0x00007fd074600000, 0x00007fd248300000, 0x00007fd5c9b50000)
  eden space 6131712K,   0% used [0x00007fd074600000, 0x00007fd074600000, 0x00007fd1eaa00000)
  from space 766464K,  64% used [0x00007fd219680000, 0x00007fd237bc0a10, 0x00007fd248300000)
  to   space 766464K,   0% used [0x00007fd1eaa00000, 0x00007fd1eaa00000, 0x00007fd219680000)
 tenured generation   total 15329160K, used 15282542K [0x00007fd5c9b50000, 0x00007fd971532000, 0x00007fe074600000)
   the space 15329160K,  99% used [0x00007fd5c9b50000, 0x00007fd96e7ab800, 0x00007fd96e7ab800, 0x00007fd971532000)
 Metaspace       used 30491K, capacity 30946K, committed 31232K, reserved 32768K
}
Event: 669.467 GC heap before
{Heap before GC invocations=104 (full 14):
 def new generation   total 6898176K, used 6628610K [0x00007fd074600000, 0x00007fd248300000, 0x00007fd5c9b50000)
  eden space 6131712K, 100% used [0x00007fd074600000, 0x00007fd1eaa00000, 0x00007fd1eaa00000)
  from space 766464K,  64% used [0x00007fd219680000, 0x00007fd237bc0a10, 0x00007fd248300000)
  to   space 766464K,   0% used [0x00007fd1eaa00000, 0x00007fd1eaa00000, 0x00007fd219680000)
 tenured generation   total 15329160K, used 15282542K [0x00007fd5c9b50000, 0x00007fd971532000, 0x00007fe074600000)
   the space 15329160K,  99% used [0x00007fd5c9b50000, 0x00007fd96e7ab800, 0x00007fd96e7ab800, 0x00007fd971532000)
 Metaspace       used 30491K, capacity 30946K, committed 31232K, reserved 32768K
}
Event: 674.286 GC heap after
{Heap after GC invocations=105 (full 14):
 def new generation   total 6898176K, used 766463K [0x00007fd074600000, 0x00007fd248300000, 0x00007fd5c9b50000)
  eden space 6131712K,   0% used [0x00007fd074600000, 0x00007fd074600000, 0x00007fd1eaa00000)
  from space 766464K,  99% used [0x00007fd1eaa00000, 0x00007fd21967fff0, 0x00007fd219680000)
  to   space 766464K,   0% used [0x00007fd219680000, 0x00007fd219680000, 0x00007fd248300000)
 tenured generation   total 17341704K, used 17341697K [0x00007fd5c9b50000, 0x00007fd9ec292000, 0x00007fe074600000)
   the space 17341704K,  99% used [0x00007fd5c9b50000, 0x00007fd9ec290530, 0x00007fd9ec290600, 0x00007fd9ec292000)
 Metaspace       used 30491K, capacity 30946K, committed 31232K, reserved 32768K
}
Event: 674.286 GC heap before
{Heap before GC invocations=105 (full 14):
 def new generation   total 6898176K, used 766463K [0x00007fd074600000, 0x00007fd248300000, 0x00007fd5c9b50000)
  eden space 6131712K,   0% used [0x00007fd074600000, 0x00007fd074600000, 0x00007fd1eaa00000)
  from space 766464K,  99% used [0x00007fd1eaa00000, 0x00007fd21967fff0, 0x00007fd219680000)
  to   space 766464K,   0% used [0x00007fd219680000, 0x00007fd219680000, 0x00007fd248300000)
 tenured generation   total 17341704K, used 17341697K [0x00007fd5c9b50000, 0x00007fd9ec292000, 0x00007fe074600000)
   the space 17341704K,  99% used [0x00007fd5c9b50000, 0x00007fd9ec290530, 0x00007fd9ec290600, 0x00007fd9ec292000)
 Metaspace       used 30491K, capacity 30946K, committed 31232K, reserved 32768K
}

