# JRE version: OpenJDK Runtime Environment (13.0.7+5) (build 13.0.7+5-Ubuntu-0ubuntu120.04)
# Java VM: OpenJDK 64-Bit Server VM (13.0.7+5-Ubuntu-0ubuntu120.04, mixed mode, tiered, serial gc, linux-amd64)
Heap:
 def new generation   total 629248K, used 4737K [0x00007f51f0600000, 0x00007f521b0c0000, 0x00007f5745b50000)
  eden space 559360K,   0% used [0x00007f51f0600000, 0x00007f51f0aa05f8, 0x00007f5212840000)
  from space 69888K,   0% used [0x00007f5216c80000, 0x00007f5216c80000, 0x00007f521b0c0000)
  to   space 69888K,   0% used [0x00007f5212840000, 0x00007f5212840000, 0x00007f5216c80000)
 tenured generation   total 1398528K, used 1398527K [0x00007f5745b50000, 0x00007f579b110000, 0x00007f61f0600000)
   the space 1398528K,  99% used [0x00007f5745b50000, 0x00007f579b10ffe8, 0x00007f579b110000, 0x00007f579b110000)
 Metaspace       used 24375K, capacity 24769K, committed 25088K, reserved 26624K
GC Heap History (20 events):
Event: 1845.430 GC heap after
{Heap after GC invocations=3729 (full 1):
 def new generation   total 629248K, used 4511K [0x00007f51f0600000, 0x00007f521b0c0000, 0x00007f5745b50000)
  eden space 559360K,   0% used [0x00007f51f0600000, 0x00007f51f0600000, 0x00007f5212840000)
  from space 69888K,   6% used [0x00007f5212840000, 0x00007f5212ca7c20, 0x00007f5216c80000)
  to   space 69888K,   0% used [0x00007f5216c80000, 0x00007f5216c80000, 0x00007f521b0c0000)
 tenured generation   total 1398144K, used 1395789K [0x00007f5745b50000, 0x00007f579b0b0000, 0x00007f61f0600000)
   the space 1398144K,  99% used [0x00007f5745b50000, 0x00007f579ae63750, 0x00007f579ae63800, 0x00007f579b0b0000)
 Metaspace       used 24375K, capacity 24769K, committed 25088K, reserved 26624K
}
Event: 1845.903 GC heap before
{Heap before GC invocations=3729 (full 1):
 def new generation   total 629248K, used 563871K [0x00007f51f0600000, 0x00007f521b0c0000, 0x00007f5745b50000)
  eden space 559360K, 100% used [0x00007f51f0600000, 0x00007f5212840000, 0x00007f5212840000)
  from space 69888K,   6% used [0x00007f5212840000, 0x00007f5212ca7c20, 0x00007f5216c80000)
  to   space 69888K,   0% used [0x00007f5216c80000, 0x00007f5216c80000, 0x00007f521b0c0000)
 tenured generation   total 1398144K, used 1395789K [0x00007f5745b50000, 0x00007f579b0b0000, 0x00007f61f0600000)
   the space 1398144K,  99% used [0x00007f5745b50000, 0x00007f579ae63750, 0x00007f579ae63800, 0x00007f579b0b0000)
 Metaspace       used 24375K, capacity 24769K, committed 25088K, reserved 26624K
}
Event: 1845.915 GC heap after
{Heap after GC invocations=3730 (full 1):
 def new generation   total 629248K, used 4507K [0x00007f51f0600000, 0x00007f521b0c0000, 0x00007f5745b50000)
  eden space 559360K,   0% used [0x00007f51f0600000, 0x00007f51f0600000, 0x00007f5212840000)
  from space 69888K,   6% used [0x00007f5216c80000, 0x00007f52170e6dc8, 0x00007f521b0c0000)
  to   space 69888K,   0% used [0x00007f5212840000, 0x00007f5212840000, 0x00007f5216c80000)
 tenured generation   total 1398144K, used 1396185K [0x00007f5745b50000, 0x00007f579b0b0000, 0x00007f61f0600000)
   the space 1398144K,  99% used [0x00007f5745b50000, 0x00007f579aec67f8, 0x00007f579aec6800, 0x00007f579b0b0000)
 Metaspace       used 24375K, capacity 24769K, committed 25088K, reserved 26624K
}
Event: 1846.408 GC heap before
{Heap before GC invocations=3730 (full 1):
 def new generation   total 629248K, used 563867K [0x00007f51f0600000, 0x00007f521b0c0000, 0x00007f5745b50000)
  eden space 559360K, 100% used [0x00007f51f0600000, 0x00007f5212840000, 0x00007f5212840000)
  from space 69888K,   6% used [0x00007f5216c80000, 0x00007f52170e6dc8, 0x00007f521b0c0000)
  to   space 69888K,   0% used [0x00007f5212840000, 0x00007f5212840000, 0x00007f5216c80000)
 tenured generation   total 1398144K, used 1396185K [0x00007f5745b50000, 0x00007f579b0b0000, 0x00007f61f0600000)
   the space 1398144K,  99% used [0x00007f5745b50000, 0x00007f579aec67f8, 0x00007f579aec6800, 0x00007f579b0b0000)
 Metaspace       used 24375K, capacity 24769K, committed 25088K, reserved 26624K
}
Event: 1846.420 GC heap after
{Heap after GC invocations=3731 (full 1):
 def new generation   total 629248K, used 4823K [0x00007f51f0600000, 0x00007f521b0c0000, 0x00007f5745b50000)
  eden space 559360K,   0% used [0x00007f51f0600000, 0x00007f51f0600000, 0x00007f5212840000)
  from space 69888K,   6% used [0x00007f5212840000, 0x00007f5212cf5cd0, 0x00007f5216c80000)
  to   space 69888K,   0% used [0x00007f5216c80000, 0x00007f5216c80000, 0x00007f521b0c0000)
 tenured generation   total 1398144K, used 1396377K [0x00007f5745b50000, 0x00007f579b0b0000, 0x00007f61f0600000)
   the space 1398144K,  99% used [0x00007f5745b50000, 0x00007f579aef67b8, 0x00007f579aef6800, 0x00007f579b0b0000)
 Metaspace       used 24375K, capacity 24769K, committed 25088K, reserved 26624K
}
Event: 1846.890 GC heap before
{Heap before GC invocations=3731 (full 1):
 def new generation   total 629248K, used 564183K [0x00007f51f0600000, 0x00007f521b0c0000, 0x00007f5745b50000)
  eden space 559360K, 100% used [0x00007f51f0600000, 0x00007f5212840000, 0x00007f5212840000)
  from space 69888K,   6% used [0x00007f5212840000, 0x00007f5212cf5cd0, 0x00007f5216c80000)
  to   space 69888K,   0% used [0x00007f5216c80000, 0x00007f5216c80000, 0x00007f521b0c0000)
 tenured generation   total 1398144K, used 1396377K [0x00007f5745b50000, 0x00007f579b0b0000, 0x00007f61f0600000)
   the space 1398144K,  99% used [0x00007f5745b50000, 0x00007f579aef67b8, 0x00007f579aef6800, 0x00007f579b0b0000)
 Metaspace       used 24375K, capacity 24769K, committed 25088K, reserved 26624K
}
Event: 1846.902 GC heap after
{Heap after GC invocations=3732 (full 1):
 def new generation   total 629248K, used 5124K [0x00007f51f0600000, 0x00007f521b0c0000, 0x00007f5745b50000)
  eden space 559360K,   0% used [0x00007f51f0600000, 0x00007f51f0600000, 0x00007f5212840000)
  from space 69888K,   7% used [0x00007f5216c80000, 0x00007f52171810a8, 0x00007f521b0c0000)
  to   space 69888K,   0% used [0x00007f5212840000, 0x00007f5212840000, 0x00007f5216c80000)
 tenured generation   total 1398144K, used 1396570K [0x00007f5745b50000, 0x00007f579b0b0000, 0x00007f61f0600000)
   the space 1398144K,  99% used [0x00007f5745b50000, 0x00007f579af26990, 0x00007f579af26a00, 0x00007f579b0b0000)
 Metaspace       used 24375K, capacity 24769K, committed 25088K, reserved 26624K
}
Event: 1847.373 GC heap before
{Heap before GC invocations=3732 (full 1):
 def new generation   total 629248K, used 564484K [0x00007f51f0600000, 0x00007f521b0c0000, 0x00007f5745b50000)
  eden space 559360K, 100% used [0x00007f51f0600000, 0x00007f5212840000, 0x00007f5212840000)
  from space 69888K,   7% used [0x00007f5216c80000, 0x00007f52171810a8, 0x00007f521b0c0000)
  to   space 69888K,   0% used [0x00007f5212840000, 0x00007f5212840000, 0x00007f5216c80000)
 tenured generation   total 1398144K, used 1396570K [0x00007f5745b50000, 0x00007f579b0b0000, 0x00007f61f0600000)
   the space 1398144K,  99% used [0x00007f5745b50000, 0x00007f579af26990, 0x00007f579af26a00, 0x00007f579b0b0000)
 Metaspace       used 24375K, capacity 24769K, committed 25088K, reserved 26624K
}
Event: 1847.387 GC heap after
{Heap after GC invocations=3733 (full 1):
 def new generation   total 629248K, used 5121K [0x00007f51f0600000, 0x00007f521b0c0000, 0x00007f5745b50000)
  eden space 559360K,   0% used [0x00007f51f0600000, 0x00007f51f0600000, 0x00007f5212840000)
  from space 69888K,   7% used [0x00007f5212840000, 0x00007f5212d405d0, 0x00007f5216c80000)
  to   space 69888K,   0% used [0x00007f5216c80000, 0x00007f5216c80000, 0x00007f521b0c0000)
 tenured generation   total 1398144K, used 1396815K [0x00007f5745b50000, 0x00007f579b0b0000, 0x00007f61f0600000)
   the space 1398144K,  99% used [0x00007f5745b50000, 0x00007f579af63f20, 0x00007f579af64000, 0x00007f579b0b0000)
 Metaspace       used 24375K, capacity 24769K, committed 25088K, reserved 26624K
}
Event: 1847.856 GC heap before
{Heap before GC invocations=3733 (full 1):
 def new generation   total 629248K, used 564481K [0x00007f51f0600000, 0x00007f521b0c0000, 0x00007f5745b50000)
  eden space 559360K, 100% used [0x00007f51f0600000, 0x00007f5212840000, 0x00007f5212840000)
  from space 69888K,   7% used [0x00007f5212840000, 0x00007f5212d405d0, 0x00007f5216c80000)
  to   space 69888K,   0% used [0x00007f5216c80000, 0x00007f5216c80000, 0x00007f521b0c0000)
 tenured generation   total 1398144K, used 1396815K [0x00007f5745b50000, 0x00007f579b0b0000, 0x00007f61f0600000)
   the space 1398144K,  99% used [0x00007f5745b50000, 0x00007f579af63f20, 0x00007f579af64000, 0x00007f579b0b0000)
 Metaspace       used 24375K, capacity 24769K, committed 25088K, reserved 26624K
}
Event: 1847.868 GC heap after
{Heap after GC invocations=3734 (full 1):
 def new generation   total 629248K, used 4994K [0x00007f51f0600000, 0x00007f521b0c0000, 0x00007f5745b50000)
  eden space 559360K,   0% used [0x00007f51f0600000, 0x00007f51f0600000, 0x00007f5212840000)
  from space 69888K,   7% used [0x00007f5216c80000, 0x00007f5217160870, 0x00007f521b0c0000)
  to   space 69888K,   0% used [0x00007f5212840000, 0x00007f5212840000, 0x00007f5216c80000)
 tenured generation   total 1398144K, used 1397125K [0x00007f5745b50000, 0x00007f579b0b0000, 0x00007f61f0600000)
   the space 1398144K,  99% used [0x00007f5745b50000, 0x00007f579afb17c0, 0x00007f579afb1800, 0x00007f579b0b0000)
 Metaspace       used 24375K, capacity 24769K, committed 25088K, reserved 26624K
}
Event: 1848.345 GC heap before
{Heap before GC invocations=3734 (full 1):
 def new generation   total 629248K, used 564354K [0x00007f51f0600000, 0x00007f521b0c0000, 0x00007f5745b50000)
  eden space 559360K, 100% used [0x00007f51f0600000, 0x00007f5212840000, 0x00007f5212840000)
  from space 69888K,   7% used [0x00007f5216c80000, 0x00007f5217160870, 0x00007f521b0c0000)
  to   space 69888K,   0% used [0x00007f5212840000, 0x00007f5212840000, 0x00007f5216c80000)
 tenured generation   total 1398144K, used 1397125K [0x00007f5745b50000, 0x00007f579b0b0000, 0x00007f61f0600000)
   the space 1398144K,  99% used [0x00007f5745b50000, 0x00007f579afb17c0, 0x00007f579afb1800, 0x00007f579b0b0000)
 Metaspace       used 24375K, capacity 24769K, committed 25088K, reserved 26624K
}
Event: 1848.357 GC heap after
{Heap after GC invocations=3735 (full 1):
 def new generation   total 629248K, used 4899K [0x00007f51f0600000, 0x00007f521b0c0000, 0x00007f5745b50000)
  eden space 559360K,   0% used [0x00007f51f0600000, 0x00007f51f0600000, 0x00007f5212840000)
  from space 69888K,   7% used [0x00007f5212840000, 0x00007f5212d08f70, 0x00007f5216c80000)
  to   space 69888K,   0% used [0x00007f5216c80000, 0x00007f5216c80000, 0x00007f521b0c0000)
 tenured generation   total 1398144K, used 1397435K [0x00007f5745b50000, 0x00007f579b0b0000, 0x00007f61f0600000)
   the space 1398144K,  99% used [0x00007f5745b50000, 0x00007f579affeee0, 0x00007f579afff000, 0x00007f579b0b0000)
 Metaspace       used 24375K, capacity 24769K, committed 25088K, reserved 26624K
}
Event: 1848.835 GC heap before
{Heap before GC invocations=3735 (full 1):
 def new generation   total 629248K, used 564259K [0x00007f51f0600000, 0x00007f521b0c0000, 0x00007f5745b50000)
  eden space 559360K, 100% used [0x00007f51f0600000, 0x00007f5212840000, 0x00007f5212840000)
  from space 69888K,   7% used [0x00007f5212840000, 0x00007f5212d08f70, 0x00007f5216c80000)
  to   space 69888K,   0% used [0x00007f5216c80000, 0x00007f5216c80000, 0x00007f521b0c0000)
 tenured generation   total 1398144K, used 1397435K [0x00007f5745b50000, 0x00007f579b0b0000, 0x00007f61f0600000)
   the space 1398144K,  99% used [0x00007f5745b50000, 0x00007f579affeee0, 0x00007f579afff000, 0x00007f579b0b0000)
 Metaspace       used 24375K, capacity 24769K, committed 25088K, reserved 26624K
}
Event: 1848.846 GC heap after
{Heap after GC invocations=3736 (full 1):
 def new generation   total 629248K, used 4872K [0x00007f51f0600000, 0x00007f521b0c0000, 0x00007f5745b50000)
  eden space 559360K,   0% used [0x00007f51f0600000, 0x00007f51f0600000, 0x00007f5212840000)
  from space 69888K,   6% used [0x00007f5216c80000, 0x00007f5217142000, 0x00007f521b0c0000)
  to   space 69888K,   0% used [0x00007f5212840000, 0x00007f5212840000, 0x00007f5216c80000)
 tenured generation   total 1398144K, used 1397758K [0x00007f5745b50000, 0x00007f579b0b0000, 0x00007f61f0600000)
   the space 1398144K,  99% used [0x00007f5745b50000, 0x00007f579b04fac0, 0x00007f579b04fc00, 0x00007f579b0b0000)
 Metaspace       used 24375K, capacity 24769K, committed 25088K, reserved 26624K
}
Event: 1849.327 GC heap before
{Heap before GC invocations=3736 (full 1):
 def new generation   total 629248K, used 564232K [0x00007f51f0600000, 0x00007f521b0c0000, 0x00007f5745b50000)
  eden space 559360K, 100% used [0x00007f51f0600000, 0x00007f5212840000, 0x00007f5212840000)
  from space 69888K,   6% used [0x00007f5216c80000, 0x00007f5217142000, 0x00007f521b0c0000)
  to   space 69888K,   0% used [0x00007f5212840000, 0x00007f5212840000, 0x00007f5216c80000)
 tenured generation   total 1398144K, used 1397758K [0x00007f5745b50000, 0x00007f579b0b0000, 0x00007f61f0600000)
   the space 1398144K,  99% used [0x00007f5745b50000, 0x00007f579b04fac0, 0x00007f579b04fc00, 0x00007f579b0b0000)
 Metaspace       used 24375K, capacity 24769K, committed 25088K, reserved 26624K
}
Event: 1849.338 GC heap after
{Heap after GC invocations=3737 (full 1):
 def new generation   total 629248K, used 4872K [0x00007f51f0600000, 0x00007f521b0c0000, 0x00007f5745b50000)
  eden space 559360K,   0% used [0x00007f51f0600000, 0x00007f51f0600000, 0x00007f5212840000)
  from space 69888K,   6% used [0x00007f5212840000, 0x00007f5212d02270, 0x00007f5216c80000)
  to   space 69888K,   0% used [0x00007f5216c80000, 0x00007f5216c80000, 0x00007f521b0c0000)
 tenured generation   total 1398144K, used 1398068K [0x00007f5745b50000, 0x00007f579b0b0000, 0x00007f61f0600000)
   the space 1398144K,  99% used [0x00007f5745b50000, 0x00007f579b09d300, 0x00007f579b09d400, 0x00007f579b0b0000)
 Metaspace       used 24375K, capacity 24769K, committed 25088K, reserved 26624K
}
Event: 1849.830 GC heap before
{Heap before GC invocations=3737 (full 1):
 def new generation   total 629248K, used 564232K [0x00007f51f0600000, 0x00007f521b0c0000, 0x00007f5745b50000)
  eden space 559360K, 100% used [0x00007f51f0600000, 0x00007f5212840000, 0x00007f5212840000)
  from space 69888K,   6% used [0x00007f5212840000, 0x00007f5212d02270, 0x00007f5216c80000)
  to   space 69888K,   0% used [0x00007f5216c80000, 0x00007f5216c80000, 0x00007f521b0c0000)
 tenured generation   total 1398144K, used 1398068K [0x00007f5745b50000, 0x00007f579b0b0000, 0x00007f61f0600000)
   the space 1398144K,  99% used [0x00007f5745b50000, 0x00007f579b09d300, 0x00007f579b09d400, 0x00007f579b0b0000)
 Metaspace       used 24375K, capacity 24769K, committed 25088K, reserved 26624K
}
Event: 1849.842 GC heap after
{Heap after GC invocations=3738 (full 1):
 def new generation   total 629248K, used 4881K [0x00007f51f0600000, 0x00007f521b0c0000, 0x00007f5745b50000)
  eden space 559360K,   0% used [0x00007f51f0600000, 0x00007f51f0600000, 0x00007f5212840000)
  from space 69888K,   6% used [0x00007f5216c80000, 0x00007f52171444d8, 0x00007f521b0c0000)
  to   space 69888K,   0% used [0x00007f5212840000, 0x00007f5212840000, 0x00007f5216c80000)
 tenured generation   total 1398528K, used 1398391K [0x00007f5745b50000, 0x00007f579b110000, 0x00007f61f0600000)
   the space 1398528K,  99% used [0x00007f5745b50000, 0x00007f579b0edee0, 0x00007f579b0ee000, 0x00007f579b110000)
 Metaspace       used 24375K, capacity 24769K, committed 25088K, reserved 26624K
}
Event: 1849.842 GC heap before
{Heap before GC invocations=3738 (full 1):
 def new generation   total 629248K, used 4881K [0x00007f51f0600000, 0x00007f521b0c0000, 0x00007f5745b50000)
  eden space 559360K,   0% used [0x00007f51f0600000, 0x00007f51f0600000, 0x00007f5212840000)
  from space 69888K,   6% used [0x00007f5216c80000, 0x00007f52171444d8, 0x00007f521b0c0000)
  to   space 69888K,   0% used [0x00007f5212840000, 0x00007f5212840000, 0x00007f5216c80000)
 tenured generation   total 1398528K, used 1398391K [0x00007f5745b50000, 0x00007f579b110000, 0x00007f61f0600000)
   the space 1398528K,  99% used [0x00007f5745b50000, 0x00007f579b0edee0, 0x00007f579b0ee000, 0x00007f579b110000)
 Metaspace       used 24375K, capacity 24769K, committed 25088K, reserved 26624K
}

