# JRE version: OpenJDK Runtime Environment (13.0.7+5) (build 13.0.7+5-Ubuntu-0ubuntu120.04)
# Java VM: OpenJDK 64-Bit Server VM (13.0.7+5-Ubuntu-0ubuntu120.04, mixed mode, tiered, compressed oops, serial gc, linux-amd64)
Heap:
 def new generation   total 1382912K, used 0K [0x0000000080200000, 0x00000000dde80000, 0x0000000300150000)
  eden space 1229312K,   0% used [0x0000000080200000, 0x0000000080200000, 0x00000000cb280000)
  from space 153600K,   0% used [0x00000000d4880000, 0x00000000d4880000, 0x00000000dde80000)
  to   space 153600K,   0% used [0x00000000cb280000, 0x00000000cb280000, 0x00000000d4880000)
 tenured generation   total 3126040K, used 2272842K [0x0000000300150000, 0x00000003bee16000, 0x0000000800000000)
   the space 3126040K,  72% used [0x0000000300150000, 0x000000038ace2b08, 0x000000038ace2c00, 0x00000003bee16000)
 Metaspace       used 22716K, capacity 23232K, committed 23424K, reserved 1071104K
  class space    used 2354K, capacity 2568K, committed 2688K, reserved 1048576K
GC Heap History (20 events):
Event: 528.169 GC heap after
{Heap after GC invocations=536 (full 20):
 def new generation   total 1382912K, used 74084K [0x0000000080200000, 0x00000000dde80000, 0x0000000300150000)
  eden space 1229312K,   0% used [0x0000000080200000, 0x0000000080200000, 0x00000000cb280000)
  from space 153600K,  48% used [0x00000000cb280000, 0x00000000cfad92c8, 0x00000000d4880000)
  to   space 153600K,   0% used [0x00000000d4880000, 0x00000000d4880000, 0x00000000dde80000)
 tenured generation   total 3072892K, used 2775755K [0x0000000300150000, 0x00000003bba2f000, 0x0000000800000000)
   the space 3072892K,  90% used [0x0000000300150000, 0x00000003a9802fd8, 0x00000003a9803000, 0x00000003bba2f000)
 Metaspace       used 22716K, capacity 23232K, committed 23424K, reserved 1071104K
  class space    used 2354K, capacity 2568K, committed 2688K, reserved 1048576K
}
Event: 529.363 GC heap before
{Heap before GC invocations=536 (full 20):
 def new generation   total 1382912K, used 1303396K [0x0000000080200000, 0x00000000dde80000, 0x0000000300150000)
  eden space 1229312K, 100% used [0x0000000080200000, 0x00000000cb280000, 0x00000000cb280000)
  from space 153600K,  48% used [0x00000000cb280000, 0x00000000cfad92c8, 0x00000000d4880000)
  to   space 153600K,   0% used [0x00000000d4880000, 0x00000000d4880000, 0x00000000dde80000)
 tenured generation   total 3072892K, used 2775755K [0x0000000300150000, 0x00000003bba2f000, 0x0000000800000000)
   the space 3072892K,  90% used [0x0000000300150000, 0x00000003a9802fd8, 0x00000003a9803000, 0x00000003bba2f000)
 Metaspace       used 22716K, capacity 23232K, committed 23424K, reserved 1071104K
  class space    used 2354K, capacity 2568K, committed 2688K, reserved 1048576K
}
Event: 529.510 GC heap after
{Heap after GC invocations=537 (full 20):
 def new generation   total 1382912K, used 147154K [0x0000000080200000, 0x00000000dde80000, 0x0000000300150000)
  eden space 1229312K,   0% used [0x0000000080200000, 0x0000000080200000, 0x00000000cb280000)
  from space 153600K,  95% used [0x00000000d4880000, 0x00000000dd834bb0, 0x00000000dde80000)
  to   space 153600K,   0% used [0x00000000cb280000, 0x00000000cb280000, 0x00000000d4880000)
 tenured generation   total 3072892K, used 2775755K [0x0000000300150000, 0x00000003bba2f000, 0x0000000800000000)
   the space 3072892K,  90% used [0x0000000300150000, 0x00000003a9802fd8, 0x00000003a9803000, 0x00000003bba2f000)
 Metaspace       used 22716K, capacity 23232K, committed 23424K, reserved 1071104K
  class space    used 2354K, capacity 2568K, committed 2688K, reserved 1048576K
}
Event: 530.647 GC heap before
{Heap before GC invocations=537 (full 20):
 def new generation   total 1382912K, used 1376466K [0x0000000080200000, 0x00000000dde80000, 0x0000000300150000)
  eden space 1229312K, 100% used [0x0000000080200000, 0x00000000cb280000, 0x00000000cb280000)
  from space 153600K,  95% used [0x00000000d4880000, 0x00000000dd834bb0, 0x00000000dde80000)
  to   space 153600K,   0% used [0x00000000cb280000, 0x00000000cb280000, 0x00000000d4880000)
 tenured generation   total 3072892K, used 2775755K [0x0000000300150000, 0x00000003bba2f000, 0x0000000800000000)
   the space 3072892K,  90% used [0x0000000300150000, 0x00000003a9802fd8, 0x00000003a9803000, 0x00000003bba2f000)
 Metaspace       used 22716K, capacity 23232K, committed 23424K, reserved 1071104K
  class space    used 2354K, capacity 2568K, committed 2688K, reserved 1048576K
}
Event: 530.894 GC heap after
{Heap after GC invocations=538 (full 20):
 def new generation   total 1382912K, used 147145K [0x0000000080200000, 0x00000000dde80000, 0x0000000300150000)
  eden space 1229312K,   0% used [0x0000000080200000, 0x0000000080200000, 0x00000000cb280000)
  from space 153600K,  95% used [0x00000000cb280000, 0x00000000d4232630, 0x00000000d4880000)
  to   space 153600K,   0% used [0x00000000d4880000, 0x00000000d4880000, 0x00000000dde80000)
 tenured generation   total 3072892K, used 2848812K [0x0000000300150000, 0x00000003bba2f000, 0x0000000800000000)
   the space 3072892K,  92% used [0x0000000300150000, 0x00000003adf5b090, 0x00000003adf5b200, 0x00000003bba2f000)
 Metaspace       used 22716K, capacity 23232K, committed 23424K, reserved 1071104K
  class space    used 2354K, capacity 2568K, committed 2688K, reserved 1048576K
}
Event: 532.053 GC heap before
{Heap before GC invocations=538 (full 20):
 def new generation   total 1382912K, used 1376457K [0x0000000080200000, 0x00000000dde80000, 0x0000000300150000)
  eden space 1229312K, 100% used [0x0000000080200000, 0x00000000cb280000, 0x00000000cb280000)
  from space 153600K,  95% used [0x00000000cb280000, 0x00000000d4232630, 0x00000000d4880000)
  to   space 153600K,   0% used [0x00000000d4880000, 0x00000000d4880000, 0x00000000dde80000)
 tenured generation   total 3072892K, used 2848812K [0x0000000300150000, 0x00000003bba2f000, 0x0000000800000000)
   the space 3072892K,  92% used [0x0000000300150000, 0x00000003adf5b090, 0x00000003adf5b200, 0x00000003bba2f000)
 Metaspace       used 22716K, capacity 23232K, committed 23424K, reserved 1071104K
  class space    used 2354K, capacity 2568K, committed 2688K, reserved 1048576K
}
Event: 532.160 GC heap after
{Heap after GC invocations=539 (full 20):
 def new generation   total 1382912K, used 119304K [0x0000000080200000, 0x00000000dde80000, 0x0000000300150000)
  eden space 1229312K,   0% used [0x0000000080200000, 0x0000000080200000, 0x00000000cb280000)
  from space 153600K,  77% used [0x00000000d4880000, 0x00000000dbd02318, 0x00000000dde80000)
  to   space 153600K,   0% used [0x00000000cb280000, 0x00000000cb280000, 0x00000000d4880000)
 tenured generation   total 3072892K, used 2859694K [0x0000000300150000, 0x00000003bba2f000, 0x0000000800000000)
   the space 3072892K,  93% used [0x0000000300150000, 0x00000003ae9fb810, 0x00000003ae9fba00, 0x00000003bba2f000)
 Metaspace       used 22716K, capacity 23232K, committed 23424K, reserved 1071104K
  class space    used 2354K, capacity 2568K, committed 2688K, reserved 1048576K
}
Event: 533.313 GC heap before
{Heap before GC invocations=539 (full 20):
 def new generation   total 1382912K, used 1348616K [0x0000000080200000, 0x00000000dde80000, 0x0000000300150000)
  eden space 1229312K, 100% used [0x0000000080200000, 0x00000000cb280000, 0x00000000cb280000)
  from space 153600K,  77% used [0x00000000d4880000, 0x00000000dbd02318, 0x00000000dde80000)
  to   space 153600K,   0% used [0x00000000cb280000, 0x00000000cb280000, 0x00000000d4880000)
 tenured generation   total 3072892K, used 2859694K [0x0000000300150000, 0x00000003bba2f000, 0x0000000800000000)
   the space 3072892K,  93% used [0x0000000300150000, 0x00000003ae9fb810, 0x00000003ae9fba00, 0x00000003bba2f000)
 Metaspace       used 22716K, capacity 23232K, committed 23424K, reserved 1071104K
  class space    used 2354K, capacity 2568K, committed 2688K, reserved 1048576K
}
Event: 533.518 GC heap after
{Heap after GC invocations=540 (full 20):
 def new generation   total 1382912K, used 73581K [0x0000000080200000, 0x00000000dde80000, 0x0000000300150000)
  eden space 1229312K,   0% used [0x0000000080200000, 0x0000000080200000, 0x00000000cb280000)
  from space 153600K,  47% used [0x00000000cb280000, 0x00000000cfa5b468, 0x00000000d4880000)
  to   space 153600K,   0% used [0x00000000d4880000, 0x00000000d4880000, 0x00000000dde80000)
 tenured generation   total 3072892K, used 2978480K [0x0000000300150000, 0x00000003bba2f000, 0x0000000800000000)
   the space 3072892K,  96% used [0x0000000300150000, 0x00000003b5dfc148, 0x00000003b5dfc200, 0x00000003bba2f000)
 Metaspace       used 22716K, capacity 23232K, committed 23424K, reserved 1071104K
  class space    used 2354K, capacity 2568K, committed 2688K, reserved 1048576K
}
Event: 534.651 GC heap before
{Heap before GC invocations=540 (full 20):
 def new generation   total 1382912K, used 1302893K [0x0000000080200000, 0x00000000dde80000, 0x0000000300150000)
  eden space 1229312K, 100% used [0x0000000080200000, 0x00000000cb280000, 0x00000000cb280000)
  from space 153600K,  47% used [0x00000000cb280000, 0x00000000cfa5b468, 0x00000000d4880000)
  to   space 153600K,   0% used [0x00000000d4880000, 0x00000000d4880000, 0x00000000dde80000)
 tenured generation   total 3072892K, used 2978480K [0x0000000300150000, 0x00000003bba2f000, 0x0000000800000000)
   the space 3072892K,  96% used [0x0000000300150000, 0x00000003b5dfc148, 0x00000003b5dfc200, 0x00000003bba2f000)
 Metaspace       used 22716K, capacity 23232K, committed 23424K, reserved 1071104K
  class space    used 2354K, capacity 2568K, committed 2688K, reserved 1048576K
}
Event: 534.815 GC heap after
{Heap after GC invocations=541 (full 20):
 def new generation   total 1382912K, used 147144K [0x0000000080200000, 0x00000000dde80000, 0x0000000300150000)
  eden space 1229312K,   0% used [0x0000000080200000, 0x0000000080200000, 0x00000000cb280000)
  from space 153600K,  95% used [0x00000000d4880000, 0x00000000dd8322e0, 0x00000000dde80000)
  to   space 153600K,   0% used [0x00000000cb280000, 0x00000000cb280000, 0x00000000d4880000)
 tenured generation   total 3072892K, used 2978480K [0x0000000300150000, 0x00000003bba2f000, 0x0000000800000000)
   the space 3072892K,  96% used [0x0000000300150000, 0x00000003b5dfc148, 0x00000003b5dfc200, 0x00000003bba2f000)
 Metaspace       used 22716K, capacity 23232K, committed 23424K, reserved 1071104K
  class space    used 2354K, capacity 2568K, committed 2688K, reserved 1048576K
}
Event: 535.954 GC heap before
{Heap before GC invocations=541 (full 20):
 def new generation   total 1382912K, used 1376456K [0x0000000080200000, 0x00000000dde80000, 0x0000000300150000)
  eden space 1229312K, 100% used [0x0000000080200000, 0x00000000cb280000, 0x00000000cb280000)
  from space 153600K,  95% used [0x00000000d4880000, 0x00000000dd8322e0, 0x00000000dde80000)
  to   space 153600K,   0% used [0x00000000cb280000, 0x00000000cb280000, 0x00000000d4880000)
 tenured generation   total 3072892K, used 2978480K [0x0000000300150000, 0x00000003bba2f000, 0x0000000800000000)
   the space 3072892K,  96% used [0x0000000300150000, 0x00000003b5dfc148, 0x00000003b5dfc200, 0x00000003bba2f000)
 Metaspace       used 22716K, capacity 23232K, committed 23424K, reserved 1071104K
  class space    used 2354K, capacity 2568K, committed 2688K, reserved 1048576K
}
Event: 536.019 GC heap after
{Heap after GC invocations=542 (full 20):
 def new generation   total 1382912K, used 68006K [0x0000000080200000, 0x00000000dde80000, 0x0000000300150000)
  eden space 1229312K,   0% used [0x0000000080200000, 0x0000000080200000, 0x00000000cb280000)
  from space 153600K,  44% used [0x00000000cb280000, 0x00000000cf4e9ac8, 0x00000000d4880000)
  to   space 153600K,   0% used [0x00000000d4880000, 0x00000000d4880000, 0x00000000dde80000)
 tenured generation   total 3072892K, used 2985720K [0x0000000300150000, 0x00000003bba2f000, 0x0000000800000000)
   the space 3072892K,  97% used [0x0000000300150000, 0x00000003b650e3c8, 0x00000003b650e400, 0x00000003bba2f000)
 Metaspace       used 22716K, capacity 23232K, committed 23424K, reserved 1071104K
  class space    used 2354K, capacity 2568K, committed 2688K, reserved 1048576K
}
Event: 537.169 GC heap before
{Heap before GC invocations=542 (full 20):
 def new generation   total 1382912K, used 1297318K [0x0000000080200000, 0x00000000dde80000, 0x0000000300150000)
  eden space 1229312K, 100% used [0x0000000080200000, 0x00000000cb280000, 0x00000000cb280000)
  from space 153600K,  44% used [0x00000000cb280000, 0x00000000cf4e9ac8, 0x00000000d4880000)
  to   space 153600K,   0% used [0x00000000d4880000, 0x00000000d4880000, 0x00000000dde80000)
 tenured generation   total 3072892K, used 2985720K [0x0000000300150000, 0x00000003bba2f000, 0x0000000800000000)
   the space 3072892K,  97% used [0x0000000300150000, 0x00000003b650e3c8, 0x00000003b650e400, 0x00000003bba2f000)
 Metaspace       used 22716K, capacity 23232K, committed 23424K, reserved 1071104K
  class space    used 2354K, capacity 2568K, committed 2688K, reserved 1048576K
}
Event: 537.282 GC heap after
{Heap after GC invocations=543 (full 20):
 def new generation   total 1382912K, used 140557K [0x0000000080200000, 0x00000000dde80000, 0x0000000300150000)
  eden space 1229312K,   0% used [0x0000000080200000, 0x0000000080200000, 0x00000000cb280000)
  from space 153600K,  91% used [0x00000000d4880000, 0x00000000dd1c36f8, 0x00000000dde80000)
  to   space 153600K,   0% used [0x00000000cb280000, 0x00000000cb280000, 0x00000000d4880000)
 tenured generation   total 3072892K, used 2985720K [0x0000000300150000, 0x00000003bba2f000, 0x0000000800000000)
   the space 3072892K,  97% used [0x0000000300150000, 0x00000003b650e3c8, 0x00000003b650e400, 0x00000003bba2f000)
 Metaspace       used 22716K, capacity 23232K, committed 23424K, reserved 1071104K
  class space    used 2354K, capacity 2568K, committed 2688K, reserved 1048576K
}
Event: 538.429 GC heap before
{Heap before GC invocations=543 (full 20):
 def new generation   total 1382912K, used 1369869K [0x0000000080200000, 0x00000000dde80000, 0x0000000300150000)
  eden space 1229312K, 100% used [0x0000000080200000, 0x00000000cb280000, 0x00000000cb280000)
  from space 153600K,  91% used [0x00000000d4880000, 0x00000000dd1c36f8, 0x00000000dde80000)
  to   space 153600K,   0% used [0x00000000cb280000, 0x00000000cb280000, 0x00000000d4880000)
 tenured generation   total 3072892K, used 2985720K [0x0000000300150000, 0x00000003bba2f000, 0x0000000800000000)
   the space 3072892K,  97% used [0x0000000300150000, 0x00000003b650e3c8, 0x00000003b650e400, 0x00000003bba2f000)
 Metaspace       used 22716K, capacity 23232K, committed 23424K, reserved 1071104K
  class space    used 2354K, capacity 2568K, committed 2688K, reserved 1048576K
}
Event: 538.618 GC heap after
{Heap after GC invocations=544 (full 20):
 def new generation   total 1382912K, used 146638K [0x0000000080200000, 0x00000000dde80000, 0x0000000300150000)
  eden space 1229312K,   0% used [0x0000000080200000, 0x0000000080200000, 0x00000000cb280000)
  from space 153600K,  95% used [0x00000000cb280000, 0x00000000d41b3a98, 0x00000000d4880000)
  to   space 153600K,   0% used [0x00000000d4880000, 0x00000000d4880000, 0x00000000dde80000)
 tenured generation   total 3072892K, used 3052699K [0x0000000300150000, 0x00000003bba2f000, 0x0000000800000000)
   the space 3072892K,  99% used [0x0000000300150000, 0x00000003ba676d50, 0x00000003ba676e00, 0x00000003bba2f000)
 Metaspace       used 22716K, capacity 23232K, committed 23424K, reserved 1071104K
  class space    used 2354K, capacity 2568K, committed 2688K, reserved 1048576K
}
Event: 540.431 GC heap before
{Heap before GC invocations=544 (full 20):
 def new generation   total 1382912K, used 1375950K [0x0000000080200000, 0x00000000dde80000, 0x0000000300150000)
  eden space 1229312K, 100% used [0x0000000080200000, 0x00000000cb280000, 0x00000000cb280000)
  from space 153600K,  95% used [0x00000000cb280000, 0x00000000d41b3a98, 0x00000000d4880000)
  to   space 153600K,   0% used [0x00000000d4880000, 0x00000000d4880000, 0x00000000dde80000)
 tenured generation   total 3072892K, used 3052699K [0x0000000300150000, 0x00000003bba2f000, 0x0000000800000000)
   the space 3072892K,  99% used [0x0000000300150000, 0x00000003ba676d50, 0x00000003ba676e00, 0x00000003bba2f000)
 Metaspace       used 22716K, capacity 23232K, committed 23424K, reserved 1071104K
  class space    used 2354K, capacity 2568K, committed 2688K, reserved 1048576K
}
Event: 540.685 GC heap after
{Heap after GC invocations=545 (full 20):
 def new generation   total 1382912K, used 147145K [0x0000000080200000, 0x00000000dde80000, 0x0000000300150000)
  eden space 1229312K,   0% used [0x0000000080200000, 0x0000000080200000, 0x00000000cb280000)
  from space 153600K,  95% used [0x00000000d4880000, 0x00000000dd832430, 0x00000000dde80000)
  to   space 153600K,   0% used [0x00000000cb280000, 0x00000000cb280000, 0x00000000d4880000)
 tenured generation   total 3126040K, used 3125755K [0x0000000300150000, 0x00000003bee16000, 0x0000000800000000)
   the space 3126040K,  99% used [0x0000000300150000, 0x00000003bedcee60, 0x00000003bedcf000, 0x00000003bee16000)
 Metaspace       used 22716K, capacity 23232K, committed 23424K, reserved 1071104K
  class space    used 2354K, capacity 2568K, committed 2688K, reserved 1048576K
}
Event: 540.685 GC heap before
{Heap before GC invocations=545 (full 20):
 def new generation   total 1382912K, used 147145K [0x0000000080200000, 0x00000000dde80000, 0x0000000300150000)
  eden space 1229312K,   0% used [0x0000000080200000, 0x0000000080200000, 0x00000000cb280000)
  from space 153600K,  95% used [0x00000000d4880000, 0x00000000dd832430, 0x00000000dde80000)
  to   space 153600K,   0% used [0x00000000cb280000, 0x00000000cb280000, 0x00000000d4880000)
 tenured generation   total 3126040K, used 3125755K [0x0000000300150000, 0x00000003bee16000, 0x0000000800000000)
   the space 3126040K,  99% used [0x0000000300150000, 0x00000003bedcee60, 0x00000003bedcf000, 0x00000003bee16000)
 Metaspace       used 22716K, capacity 23232K, committed 23424K, reserved 1071104K
  class space    used 2354K, capacity 2568K, committed 2688K, reserved 1048576K
}

