# JRE version: OpenJDK Runtime Environment (13.0.7+5) (build 13.0.7+5-Ubuntu-0ubuntu120.04)
# Java VM: OpenJDK 64-Bit Server VM (13.0.7+5-Ubuntu-0ubuntu120.04, mixed mode, tiered, serial gc, linux-amd64)
Heap:
 def new generation   total 5121216K, used 0K [0x00007eff68600000, 0x00007f00c3ae0000, 0x00007f04bdb50000)
  eden space 4552192K,   0% used [0x00007eff68600000, 0x00007eff68600000, 0x00007f007e380000)
  from space 569024K,   0% used [0x00007f00a0f30000, 0x00007f00a0f30000, 0x00007f00c3ae0000)
  to   space 569024K,   0% used [0x00007f007e380000, 0x00007f007e380000, 0x00007f00a0f30000)
 tenured generation   total 11621180K, used 10977754K [0x00007f04bdb50000, 0x00007f078301f000, 0x00007f0f68600000)
   the space 11621180K,  94% used [0x00007f04bdb50000, 0x00007f075bbc6870, 0x00007f075bbc6a00, 0x00007f078301f000)
 Metaspace       used 30949K, capacity 31388K, committed 31488K, reserved 32768K
GC Heap History (20 events):
Event: 679.829 GC heap after
{Heap after GC invocations=451 (full 72):
 def new generation   total 5121216K, used 369096K [0x00007eff68600000, 0x00007f00c3ae0000, 0x00007f04bdb50000)
  eden space 4552192K,   0% used [0x00007eff68600000, 0x00007eff68600000, 0x00007f007e380000)
  from space 569024K,  64% used [0x00007f007e380000, 0x00007f0094bf23c0, 0x00007f00a0f30000)
  to   space 569024K,   0% used [0x00007f00a0f30000, 0x00007f00a0f30000, 0x00007f00c3ae0000)
 tenured generation   total 11380412K, used 8365220K [0x00007f04bdb50000, 0x00007f07744ff000, 0x00007f0f68600000)
   the space 11380412K,  73% used [0x00007f04bdb50000, 0x00007f06bc479128, 0x00007f06bc479200, 0x00007f07744ff000)
 Metaspace       used 30949K, capacity 31388K, committed 31488K, reserved 32768K
}
Event: 681.363 GC heap before
{Heap before GC invocations=451 (full 72):
 def new generation   total 5121216K, used 4921288K [0x00007eff68600000, 0x00007f00c3ae0000, 0x00007f04bdb50000)
  eden space 4552192K, 100% used [0x00007eff68600000, 0x00007f007e380000, 0x00007f007e380000)
  from space 569024K,  64% used [0x00007f007e380000, 0x00007f0094bf23c0, 0x00007f00a0f30000)
  to   space 569024K,   0% used [0x00007f00a0f30000, 0x00007f00a0f30000, 0x00007f00c3ae0000)
 tenured generation   total 11380412K, used 8365220K [0x00007f04bdb50000, 0x00007f07744ff000, 0x00007f0f68600000)
   the space 11380412K,  73% used [0x00007f04bdb50000, 0x00007f06bc479128, 0x00007f06bc479200, 0x00007f07744ff000)
 Metaspace       used 30949K, capacity 31388K, committed 31488K, reserved 32768K
}
Event: 682.817 GC heap after
{Heap after GC invocations=452 (full 72):
 def new generation   total 5121216K, used 377824K [0x00007eff68600000, 0x00007f00c3ae0000, 0x00007f04bdb50000)
  eden space 4552192K,   0% used [0x00007eff68600000, 0x00007eff68600000, 0x00007f007e380000)
  from space 569024K,  66% used [0x00007f00a0f30000, 0x00007f00b80283d0, 0x00007f00c3ae0000)
  to   space 569024K,   0% used [0x00007f007e380000, 0x00007f007e380000, 0x00007f00a0f30000)
 tenured generation   total 11380412K, used 8734316K [0x00007f04bdb50000, 0x00007f07744ff000, 0x00007f0f68600000)
   the space 11380412K,  76% used [0x00007f04bdb50000, 0x00007f06d2ceb308, 0x00007f06d2ceb400, 0x00007f07744ff000)
 Metaspace       used 30949K, capacity 31388K, committed 31488K, reserved 32768K
}
Event: 684.222 GC heap before
{Heap before GC invocations=452 (full 72):
 def new generation   total 5121216K, used 4930016K [0x00007eff68600000, 0x00007f00c3ae0000, 0x00007f04bdb50000)
  eden space 4552192K, 100% used [0x00007eff68600000, 0x00007f007e380000, 0x00007f007e380000)
  from space 569024K,  66% used [0x00007f00a0f30000, 0x00007f00b80283d0, 0x00007f00c3ae0000)
  to   space 569024K,   0% used [0x00007f007e380000, 0x00007f007e380000, 0x00007f00a0f30000)
 tenured generation   total 11380412K, used 8734316K [0x00007f04bdb50000, 0x00007f07744ff000, 0x00007f0f68600000)
   the space 11380412K,  76% used [0x00007f04bdb50000, 0x00007f06d2ceb308, 0x00007f06d2ceb400, 0x00007f07744ff000)
 Metaspace       used 30949K, capacity 31388K, committed 31488K, reserved 32768K
}
Event: 685.598 GC heap after
{Heap after GC invocations=453 (full 72):
 def new generation   total 5121216K, used 361239K [0x00007eff68600000, 0x00007f00c3ae0000, 0x00007f04bdb50000)
  eden space 4552192K,   0% used [0x00007eff68600000, 0x00007eff68600000, 0x00007f007e380000)
  from space 569024K,  63% used [0x00007f007e380000, 0x00007f0094445f20, 0x00007f00a0f30000)
  to   space 569024K,   0% used [0x00007f00a0f30000, 0x00007f00a0f30000, 0x00007f00c3ae0000)
 tenured generation   total 11380412K, used 9112141K [0x00007f04bdb50000, 0x00007f07744ff000, 0x00007f0f68600000)
   the space 11380412K,  80% used [0x00007f04bdb50000, 0x00007f06e9de36d8, 0x00007f06e9de3800, 0x00007f07744ff000)
 Metaspace       used 30949K, capacity 31388K, committed 31488K, reserved 32768K
}
Event: 686.967 GC heap before
{Heap before GC invocations=453 (full 72):
 def new generation   total 5121216K, used 4913431K [0x00007eff68600000, 0x00007f00c3ae0000, 0x00007f04bdb50000)
  eden space 4552192K, 100% used [0x00007eff68600000, 0x00007f007e380000, 0x00007f007e380000)
  from space 569024K,  63% used [0x00007f007e380000, 0x00007f0094445f20, 0x00007f00a0f30000)
  to   space 569024K,   0% used [0x00007f00a0f30000, 0x00007f00a0f30000, 0x00007f00c3ae0000)
 tenured generation   total 11380412K, used 9112141K [0x00007f04bdb50000, 0x00007f07744ff000, 0x00007f0f68600000)
   the space 11380412K,  80% used [0x00007f04bdb50000, 0x00007f06e9de36d8, 0x00007f06e9de3800, 0x00007f07744ff000)
 Metaspace       used 30949K, capacity 31388K, committed 31488K, reserved 32768K
}
Event: 688.401 GC heap after
{Heap after GC invocations=454 (full 72):
 def new generation   total 5121216K, used 358637K [0x00007eff68600000, 0x00007f00c3ae0000, 0x00007f04bdb50000)
  eden space 4552192K,   0% used [0x00007eff68600000, 0x00007eff68600000, 0x00007f007e380000)
  from space 569024K,  63% used [0x00007f00a0f30000, 0x00007f00b6d6b4a0, 0x00007f00c3ae0000)
  to   space 569024K,   0% used [0x00007f007e380000, 0x00007f007e380000, 0x00007f00a0f30000)
 tenured generation   total 11380412K, used 9473380K [0x00007f04bdb50000, 0x00007f07744ff000, 0x00007f0f68600000)
   the space 11380412K,  83% used [0x00007f04bdb50000, 0x00007f06ffea9398, 0x00007f06ffea9400, 0x00007f07744ff000)
 Metaspace       used 30949K, capacity 31388K, committed 31488K, reserved 32768K
}
Event: 689.868 GC heap before
{Heap before GC invocations=454 (full 72):
 def new generation   total 5121216K, used 4910829K [0x00007eff68600000, 0x00007f00c3ae0000, 0x00007f04bdb50000)
  eden space 4552192K, 100% used [0x00007eff68600000, 0x00007f007e380000, 0x00007f007e380000)
  from space 569024K,  63% used [0x00007f00a0f30000, 0x00007f00b6d6b4a0, 0x00007f00c3ae0000)
  to   space 569024K,   0% used [0x00007f007e380000, 0x00007f007e380000, 0x00007f00a0f30000)
 tenured generation   total 11380412K, used 9473380K [0x00007f04bdb50000, 0x00007f07744ff000, 0x00007f0f68600000)
   the space 11380412K,  83% used [0x00007f04bdb50000, 0x00007f06ffea9398, 0x00007f06ffea9400, 0x00007f07744ff000)
 Metaspace       used 30949K, capacity 31388K, committed 31488K, reserved 32768K
}
Event: 691.329 GC heap after
{Heap after GC invocations=455 (full 72):
 def new generation   total 5121216K, used 352247K [0x00007eff68600000, 0x00007f00c3ae0000, 0x00007f04bdb50000)
  eden space 4552192K,   0% used [0x00007eff68600000, 0x00007eff68600000, 0x00007f007e380000)
  from space 569024K,  61% used [0x00007f007e380000, 0x00007f0093b7df10, 0x00007f00a0f30000)
  to   space 569024K,   0% used [0x00007f00a0f30000, 0x00007f00a0f30000, 0x00007f00c3ae0000)
 tenured generation   total 11380412K, used 9832017K [0x00007f04bdb50000, 0x00007f07744ff000, 0x00007f0f68600000)
   the space 11380412K,  86% used [0x00007f04bdb50000, 0x00007f0715ce4798, 0x00007f0715ce4800, 0x00007f07744ff000)
 Metaspace       used 30949K, capacity 31388K, committed 31488K, reserved 32768K
}
Event: 692.665 GC heap before
{Heap before GC invocations=455 (full 72):
 def new generation   total 5121216K, used 4904439K [0x00007eff68600000, 0x00007f00c3ae0000, 0x00007f04bdb50000)
  eden space 4552192K, 100% used [0x00007eff68600000, 0x00007f007e380000, 0x00007f007e380000)
  from space 569024K,  61% used [0x00007f007e380000, 0x00007f0093b7df10, 0x00007f00a0f30000)
  to   space 569024K,   0% used [0x00007f00a0f30000, 0x00007f00a0f30000, 0x00007f00c3ae0000)
 tenured generation   total 11380412K, used 9832017K [0x00007f04bdb50000, 0x00007f07744ff000, 0x00007f0f68600000)
   the space 11380412K,  86% used [0x00007f04bdb50000, 0x00007f0715ce4798, 0x00007f0715ce4800, 0x00007f07744ff000)
 Metaspace       used 30949K, capacity 31388K, committed 31488K, reserved 32768K
}
Event: 694.075 GC heap after
{Heap after GC invocations=456 (full 72):
 def new generation   total 5121216K, used 340732K [0x00007eff68600000, 0x00007f00c3ae0000, 0x00007f04bdb50000)
  eden space 4552192K,   0% used [0x00007eff68600000, 0x00007eff68600000, 0x00007f007e380000)
  from space 569024K,  59% used [0x00007f00a0f30000, 0x00007f00b5bef220, 0x00007f00c3ae0000)
  to   space 569024K,   0% used [0x00007f007e380000, 0x00007f007e380000, 0x00007f00a0f30000)
 tenured generation   total 11380412K, used 10184264K [0x00007f04bdb50000, 0x00007f07744ff000, 0x00007f0f68600000)
   the space 11380412K,  89% used [0x00007f04bdb50000, 0x00007f072b4e23f8, 0x00007f072b4e2400, 0x00007f07744ff000)
 Metaspace       used 30949K, capacity 31388K, committed 31488K, reserved 32768K
}
Event: 695.694 GC heap before
{Heap before GC invocations=456 (full 72):
 def new generation   total 5121216K, used 4892924K [0x00007eff68600000, 0x00007f00c3ae0000, 0x00007f04bdb50000)
  eden space 4552192K, 100% used [0x00007eff68600000, 0x00007f007e380000, 0x00007f007e380000)
  from space 569024K,  59% used [0x00007f00a0f30000, 0x00007f00b5bef220, 0x00007f00c3ae0000)
  to   space 569024K,   0% used [0x00007f007e380000, 0x00007f007e380000, 0x00007f00a0f30000)
 tenured generation   total 11380412K, used 10184264K [0x00007f04bdb50000, 0x00007f07744ff000, 0x00007f0f68600000)
   the space 11380412K,  89% used [0x00007f04bdb50000, 0x00007f072b4e23f8, 0x00007f072b4e2400, 0x00007f07744ff000)
 Metaspace       used 30949K, capacity 31388K, committed 31488K, reserved 32768K
}
Event: 697.202 GC heap after
{Heap after GC invocations=457 (full 72):
 def new generation   total 5121216K, used 361463K [0x00007eff68600000, 0x00007f00c3ae0000, 0x00007f04bdb50000)
  eden space 4552192K,   0% used [0x00007eff68600000, 0x00007eff68600000, 0x00007f007e380000)
  from space 569024K,  63% used [0x00007f007e380000, 0x00007f009447dc80, 0x00007f00a0f30000)
  to   space 569024K,   0% used [0x00007f00a0f30000, 0x00007f00a0f30000, 0x00007f00c3ae0000)
 tenured generation   total 11380412K, used 10524996K [0x00007f04bdb50000, 0x00007f07744ff000, 0x00007f0f68600000)
   the space 11380412K,  92% used [0x00007f04bdb50000, 0x00007f07401a12d8, 0x00007f07401a1400, 0x00007f07744ff000)
 Metaspace       used 30949K, capacity 31388K, committed 31488K, reserved 32768K
}
Event: 698.631 GC heap before
{Heap before GC invocations=457 (full 72):
 def new generation   total 5121216K, used 4913655K [0x00007eff68600000, 0x00007f00c3ae0000, 0x00007f04bdb50000)
  eden space 4552192K, 100% used [0x00007eff68600000, 0x00007f007e380000, 0x00007f007e380000)
  from space 569024K,  63% used [0x00007f007e380000, 0x00007f009447dc80, 0x00007f00a0f30000)
  to   space 569024K,   0% used [0x00007f00a0f30000, 0x00007f00a0f30000, 0x00007f00c3ae0000)
 tenured generation   total 11380412K, used 10524996K [0x00007f04bdb50000, 0x00007f07744ff000, 0x00007f0f68600000)
   the space 11380412K,  92% used [0x00007f04bdb50000, 0x00007f07401a12d8, 0x00007f07401a1400, 0x00007f07744ff000)
 Metaspace       used 30949K, capacity 31388K, committed 31488K, reserved 32768K
}
Event: 700.047 GC heap after
{Heap after GC invocations=458 (full 72):
 def new generation   total 5121216K, used 367386K [0x00007eff68600000, 0x00007f00c3ae0000, 0x00007f04bdb50000)
  eden space 4552192K,   0% used [0x00007eff68600000, 0x00007eff68600000, 0x00007f007e380000)
  from space 569024K,  64% used [0x00007f00a0f30000, 0x00007f00b75f6a60, 0x00007f00c3ae0000)
  to   space 569024K,   0% used [0x00007f007e380000, 0x00007f007e380000, 0x00007f00a0f30000)
 tenured generation   total 11380412K, used 10886459K [0x00007f04bdb50000, 0x00007f07744ff000, 0x00007f0f68600000)
   the space 11380412K,  95% used [0x00007f04bdb50000, 0x00007f075629ed78, 0x00007f075629ee00, 0x00007f07744ff000)
 Metaspace       used 30949K, capacity 31388K, committed 31488K, reserved 32768K
}
Event: 701.436 GC heap before
{Heap before GC invocations=458 (full 72):
 def new generation   total 5121216K, used 4919578K [0x00007eff68600000, 0x00007f00c3ae0000, 0x00007f04bdb50000)
  eden space 4552192K, 100% used [0x00007eff68600000, 0x00007f007e380000, 0x00007f007e380000)
  from space 569024K,  64% used [0x00007f00a0f30000, 0x00007f00b75f6a60, 0x00007f00c3ae0000)
  to   space 569024K,   0% used [0x00007f007e380000, 0x00007f007e380000, 0x00007f00a0f30000)
 tenured generation   total 11380412K, used 10886459K [0x00007f04bdb50000, 0x00007f07744ff000, 0x00007f0f68600000)
   the space 11380412K,  95% used [0x00007f04bdb50000, 0x00007f075629ed78, 0x00007f075629ee00, 0x00007f07744ff000)
 Metaspace       used 30949K, capacity 31388K, committed 31488K, reserved 32768K
}
Event: 702.904 GC heap after
{Heap after GC invocations=459 (full 72):
 def new generation   total 5121216K, used 367169K [0x00007eff68600000, 0x00007f00c3ae0000, 0x00007f04bdb50000)
  eden space 4552192K,   0% used [0x00007eff68600000, 0x00007eff68600000, 0x00007f007e380000)
  from space 569024K,  64% used [0x00007f007e380000, 0x00007f0094a10460, 0x00007f00a0f30000)
  to   space 569024K,   0% used [0x00007f00a0f30000, 0x00007f00a0f30000, 0x00007f00c3ae0000)
 tenured generation   total 11380412K, used 11253845K [0x00007f04bdb50000, 0x00007f07744ff000, 0x00007f0f68600000)
   the space 11380412K,  98% used [0x00007f04bdb50000, 0x00007f076c965608, 0x00007f076c965800, 0x00007f07744ff000)
 Metaspace       used 30949K, capacity 31388K, committed 31488K, reserved 32768K
}
Event: 704.332 GC heap before
{Heap before GC invocations=459 (full 72):
 def new generation   total 5121216K, used 4919361K [0x00007eff68600000, 0x00007f00c3ae0000, 0x00007f04bdb50000)
  eden space 4552192K, 100% used [0x00007eff68600000, 0x00007f007e380000, 0x00007f007e380000)
  from space 569024K,  64% used [0x00007f007e380000, 0x00007f0094a10460, 0x00007f00a0f30000)
  to   space 569024K,   0% used [0x00007f00a0f30000, 0x00007f00a0f30000, 0x00007f00c3ae0000)
 tenured generation   total 11380412K, used 11253845K [0x00007f04bdb50000, 0x00007f07744ff000, 0x00007f0f68600000)
   the space 11380412K,  98% used [0x00007f04bdb50000, 0x00007f076c965608, 0x00007f076c965800, 0x00007f07744ff000)
 Metaspace       used 30949K, capacity 31388K, committed 31488K, reserved 32768K
}
Event: 705.835 GC heap after
{Heap after GC invocations=460 (full 72):
 def new generation   total 5121216K, used 366225K [0x00007eff68600000, 0x00007f00c3ae0000, 0x00007f04bdb50000)
  eden space 4552192K,   0% used [0x00007eff68600000, 0x00007eff68600000, 0x00007f007e380000)
  from space 569024K,  64% used [0x00007f00a0f30000, 0x00007f00b74d44d8, 0x00007f00c3ae0000)
  to   space 569024K,   0% used [0x00007f007e380000, 0x00007f007e380000, 0x00007f00a0f30000)
 tenured generation   total 11621180K, used 11621014K [0x00007f04bdb50000, 0x00007f078301f000, 0x00007f0f68600000)
   the space 11621180K,  99% used [0x00007f04bdb50000, 0x00007f0782ff5848, 0x00007f0782ff5a00, 0x00007f078301f000)
 Metaspace       used 30949K, capacity 31388K, committed 31488K, reserved 32768K
}
Event: 705.835 GC heap before
{Heap before GC invocations=460 (full 72):
 def new generation   total 5121216K, used 366225K [0x00007eff68600000, 0x00007f00c3ae0000, 0x00007f04bdb50000)
  eden space 4552192K,   0% used [0x00007eff68600000, 0x00007eff68600000, 0x00007f007e380000)
  from space 569024K,  64% used [0x00007f00a0f30000, 0x00007f00b74d44d8, 0x00007f00c3ae0000)
  to   space 569024K,   0% used [0x00007f007e380000, 0x00007f007e380000, 0x00007f00a0f30000)
 tenured generation   total 11621180K, used 11621014K [0x00007f04bdb50000, 0x00007f078301f000, 0x00007f0f68600000)
   the space 11621180K,  99% used [0x00007f04bdb50000, 0x00007f0782ff5848, 0x00007f0782ff5a00, 0x00007f078301f000)
 Metaspace       used 30949K, capacity 31388K, committed 31488K, reserved 32768K
}

