# JRE version: OpenJDK Runtime Environment (13.0.7+5) (build 13.0.7+5-Ubuntu-0ubuntu120.04)
# Java VM: OpenJDK 64-Bit Server VM (13.0.7+5-Ubuntu-0ubuntu120.04, mixed mode, tiered, serial gc, linux-amd64)
Heap:
 def new generation   total 1572992K, used 0K [0x00007f4450600000, 0x00007f44bb0c0000, 0x00007f49a5b50000)
  eden space 1398272K,   0% used [0x00007f4450600000, 0x00007f4450600000, 0x00007f44a5b80000)
  from space 174720K,   0% used [0x00007f44a5b80000, 0x00007f44a5b80000, 0x00007f44b0620000)
  to   space 174720K,   0% used [0x00007f44b0620000, 0x00007f44b0620000, 0x00007f44bb0c0000)
 tenured generation   total 11883912K, used 8402302K [0x00007f49a5b50000, 0x00007f4c7b0b2000, 0x00007f5450600000)
   the space 11883912K,  70% used [0x00007f49a5b50000, 0x00007f4ba68af950, 0x00007f4ba68afa00, 0x00007f4c7b0b2000)
 Metaspace       used 23264K, capacity 23613K, committed 23808K, reserved 24576K
GC Heap History (20 events):
Event: 6.799 GC heap after
{Heap after GC invocations=5 (full 2):
 def new generation   total 629248K, used 0K [0x00007f4450600000, 0x00007f447b0c0000, 0x00007f49a5b50000)
  eden space 559360K,   0% used [0x00007f4450600000, 0x00007f4450600000, 0x00007f4472840000)
  from space 69888K,   0% used [0x00007f4472840000, 0x00007f4472840000, 0x00007f4476c80000)
  to   space 69888K,   0% used [0x00007f4476c80000, 0x00007f4476c80000, 0x00007f447b0c0000)
 tenured generation   total 1398144K, used 145627K [0x00007f49a5b50000, 0x00007f49fb0b0000, 0x00007f5450600000)
   the space 1398144K,  10% used [0x00007f49a5b50000, 0x00007f49ae986f90, 0x00007f49ae987000, 0x00007f49fb0b0000)
 Metaspace       used 23248K, capacity 23611K, committed 23808K, reserved 24576K
}
Event: 11.166 GC heap before
{Heap before GC invocations=5 (full 2):
 def new generation   total 629248K, used 11016K [0x00007f4450600000, 0x00007f447b0c0000, 0x00007f49a5b50000)
  eden space 559360K,   1% used [0x00007f4450600000, 0x00007f44510c2118, 0x00007f4472840000)
  from space 69888K,   0% used [0x00007f4472840000, 0x00007f4472840000, 0x00007f4476c80000)
  to   space 69888K,   0% used [0x00007f4476c80000, 0x00007f4476c80000, 0x00007f447b0c0000)
 tenured generation   total 3495300K, used 3291355K [0x00007f49a5b50000, 0x00007f4a7b0b1000, 0x00007f5450600000)
   the space 3495300K,  94% used [0x00007f49a5b50000, 0x00007f4a6e986fc0, 0x00007f4a6e987000, 0x00007f4a7b0b1000)
 Metaspace       used 23248K, capacity 23611K, committed 23808K, reserved 24576K
}
Event: 11.170 GC heap after
{Heap after GC invocations=6 (full 2):
 def new generation   total 629248K, used 1K [0x00007f4450600000, 0x00007f447b0c0000, 0x00007f49a5b50000)
  eden space 559360K,   0% used [0x00007f4450600000, 0x00007f4450600000, 0x00007f4472840000)
  from space 69888K,   0% used [0x00007f4476c80000, 0x00007f4476c80498, 0x00007f447b0c0000)
  to   space 69888K,   0% used [0x00007f4472840000, 0x00007f4472840000, 0x00007f4476c80000)
 tenured generation   total 3495300K, used 3291355K [0x00007f49a5b50000, 0x00007f4a7b0b1000, 0x00007f5450600000)
   the space 3495300K,  94% used [0x00007f49a5b50000, 0x00007f4a6e986fc0, 0x00007f4a6e987000, 0x00007f4a7b0b1000)
 Metaspace       used 23248K, capacity 23611K, committed 23808K, reserved 24576K
}
Event: 11.170 GC heap before
{Heap before GC invocations=6 (full 2):
 def new generation   total 629248K, used 1K [0x00007f4450600000, 0x00007f447b0c0000, 0x00007f49a5b50000)
  eden space 559360K,   0% used [0x00007f4450600000, 0x00007f4450600000, 0x00007f4472840000)
  from space 69888K,   0% used [0x00007f4476c80000, 0x00007f4476c80498, 0x00007f447b0c0000)
  to   space 69888K,   0% used [0x00007f4472840000, 0x00007f4472840000, 0x00007f4476c80000)
 tenured generation   total 3495300K, used 3291355K [0x00007f49a5b50000, 0x00007f4a7b0b1000, 0x00007f5450600000)
   the space 3495300K,  94% used [0x00007f49a5b50000, 0x00007f4a6e986fc0, 0x00007f4a6e987000, 0x00007f4a7b0b1000)
 Metaspace       used 23248K, capacity 23611K, committed 23808K, reserved 24576K
}
Event: 11.677 GC heap after
{Heap after GC invocations=6 (full 3):
 def new generation   total 1572992K, used 0K [0x00007f4450600000, 0x00007f44bb0c0000, 0x00007f49a5b50000)
  eden space 1398272K,   0% used [0x00007f4450600000, 0x00007f4450600000, 0x00007f44a5b80000)
  from space 174720K,   0% used [0x00007f44a5b80000, 0x00007f44a5b80000, 0x00007f44b0620000)
  to   space 174720K,   0% used [0x00007f44b0620000, 0x00007f44b0620000, 0x00007f44bb0c0000)
 tenured generation   total 3495300K, used 1194204K [0x00007f49a5b50000, 0x00007f4a7b0b1000, 0x00007f5450600000)
   the space 3495300K,  34% used [0x00007f49a5b50000, 0x00007f49ee9872e0, 0x00007f49ee987400, 0x00007f4a7b0b1000)
 Metaspace       used 23248K, capacity 23611K, committed 23808K, reserved 24576K
}
Event: 12.580 GC heap before
{Heap before GC invocations=6 (full 3):
 def new generation   total 1572992K, used 1076114K [0x00007f4450600000, 0x00007f44bb0c0000, 0x00007f49a5b50000)
  eden space 1398272K,  76% used [0x00007f4450600000, 0x00007f44920e48b8, 0x00007f44a5b80000)
  from space 174720K,   0% used [0x00007f44a5b80000, 0x00007f44a5b80000, 0x00007f44b0620000)
  to   space 174720K,   0% used [0x00007f44b0620000, 0x00007f44b0620000, 0x00007f44bb0c0000)
 tenured generation   total 3495300K, used 1194204K [0x00007f49a5b50000, 0x00007f4a7b0b1000, 0x00007f5450600000)
   the space 3495300K,  34% used [0x00007f49a5b50000, 0x00007f49ee9872e0, 0x00007f49ee987400, 0x00007f4a7b0b1000)
 Metaspace       used 23248K, capacity 23611K, committed 23808K, reserved 24576K
}
Event: 13.221 GC heap after
{Heap after GC invocations=7 (full 3):
 def new generation   total 1572992K, used 0K [0x00007f4450600000, 0x00007f44bb0c0000, 0x00007f49a5b50000)
  eden space 1398272K,   0% used [0x00007f4450600000, 0x00007f4450600000, 0x00007f44a5b80000)
  from space 174720K,   0% used [0x00007f44b0620000, 0x00007f44b0620290, 0x00007f44bb0c0000)
  to   space 174720K,   0% used [0x00007f44a5b80000, 0x00007f44a5b80000, 0x00007f44b0620000)
 tenured generation   total 3495300K, used 2242780K [0x00007f49a5b50000, 0x00007f4a7b0b1000, 0x00007f5450600000)
   the space 3495300K,  64% used [0x00007f49a5b50000, 0x00007f4a2e9872f8, 0x00007f4a2e987400, 0x00007f4a7b0b1000)
 Metaspace       used 23248K, capacity 23611K, committed 23808K, reserved 24576K
}
Event: 16.605 GC heap before
{Heap before GC invocations=7 (full 3):
 def new generation   total 1572992K, used 1338157K [0x00007f4450600000, 0x00007f44bb0c0000, 0x00007f49a5b50000)
  eden space 1398272K,  95% used [0x00007f4450600000, 0x00007f44a20cb518, 0x00007f44a5b80000)
  from space 174720K,   0% used [0x00007f44b0620000, 0x00007f44b0620290, 0x00007f44bb0c0000)
  to   space 174720K,   0% used [0x00007f44a5b80000, 0x00007f44a5b80000, 0x00007f44b0620000)
 tenured generation   total 3495300K, used 2242780K [0x00007f49a5b50000, 0x00007f4a7b0b1000, 0x00007f5450600000)
   the space 3495300K,  64% used [0x00007f49a5b50000, 0x00007f4a2e9872f8, 0x00007f4a2e987400, 0x00007f4a7b0b1000)
 Metaspace       used 23248K, capacity 23611K, committed 23808K, reserved 24576K
}
Event: 16.697 GC heap after
{Heap after GC invocations=8 (full 3):
 def new generation   total 1572992K, used 0K [0x00007f4450600000, 0x00007f44bb0c0000, 0x00007f49a5b50000)
  eden space 1398272K,   0% used [0x00007f4450600000, 0x00007f4450600000, 0x00007f44a5b80000)
  from space 174720K,   0% used [0x00007f44a5b80000, 0x00007f44a5b801b8, 0x00007f44b0620000)
  to   space 174720K,   0% used [0x00007f44b0620000, 0x00007f44b0620000, 0x00007f44bb0c0000)
 tenured generation   total 3495300K, used 2504924K [0x00007f49a5b50000, 0x00007f4a7b0b1000, 0x00007f5450600000)
   the space 3495300K,  71% used [0x00007f49a5b50000, 0x00007f4a3e987310, 0x00007f4a3e987400, 0x00007f4a7b0b1000)
 Metaspace       used 23248K, capacity 23611K, committed 23808K, reserved 24576K
}
Event: 19.766 GC heap before
{Heap before GC invocations=8 (full 3):
 def new generation   total 1572992K, used 1398272K [0x00007f4450600000, 0x00007f44bb0c0000, 0x00007f49a5b50000)
  eden space 1398272K, 100% used [0x00007f4450600000, 0x00007f44a5b80000, 0x00007f44a5b80000)
  from space 174720K,   0% used [0x00007f44a5b80000, 0x00007f44a5b801b8, 0x00007f44b0620000)
  to   space 174720K,   0% used [0x00007f44b0620000, 0x00007f44b0620000, 0x00007f44bb0c0000)
 tenured generation   total 3495300K, used 2504924K [0x00007f49a5b50000, 0x00007f4a7b0b1000, 0x00007f5450600000)
   the space 3495300K,  71% used [0x00007f49a5b50000, 0x00007f4a3e987310, 0x00007f4a3e987400, 0x00007f4a7b0b1000)
 Metaspace       used 23252K, capacity 23612K, committed 23808K, reserved 24576K
}
Event: 20.009 GC heap after
{Heap after GC invocations=9 (full 3):
 def new generation   total 1572992K, used 83594K [0x00007f4450600000, 0x00007f44bb0c0000, 0x00007f49a5b50000)
  eden space 1398272K,   0% used [0x00007f4450600000, 0x00007f4450600000, 0x00007f44a5b80000)
  from space 174720K,  47% used [0x00007f44b0620000, 0x00007f44b57c2960, 0x00007f44bb0c0000)
  to   space 174720K,   0% used [0x00007f44a5b80000, 0x00007f44a5b80000, 0x00007f44b0620000)
 tenured generation   total 3495300K, used 2504924K [0x00007f49a5b50000, 0x00007f4a7b0b1000, 0x00007f5450600000)
   the space 3495300K,  71% used [0x00007f49a5b50000, 0x00007f4a3e987310, 0x00007f4a3e987400, 0x00007f4a7b0b1000)
 Metaspace       used 23252K, capacity 23612K, committed 23808K, reserved 24576K
}
Event: 21.212 GC heap before
{Heap before GC invocations=9 (full 3):
 def new generation   total 1572992K, used 1327342K [0x00007f4450600000, 0x00007f44bb0c0000, 0x00007f49a5b50000)
  eden space 1398272K,  88% used [0x00007f4450600000, 0x00007f449c498eb8, 0x00007f44a5b80000)
  from space 174720K,  47% used [0x00007f44b0620000, 0x00007f44b57c2960, 0x00007f44bb0c0000)
  to   space 174720K,   0% used [0x00007f44a5b80000, 0x00007f44a5b80000, 0x00007f44b0620000)
 tenured generation   total 3495300K, used 2504924K [0x00007f49a5b50000, 0x00007f4a7b0b1000, 0x00007f5450600000)
   the space 3495300K,  71% used [0x00007f49a5b50000, 0x00007f4a3e987310, 0x00007f4a3e987400, 0x00007f4a7b0b1000)
 Metaspace       used 23256K, capacity 23613K, committed 23808K, reserved 24576K
}
Event: 23.131 GC heap after
{Heap after GC invocations=10 (full 3):
 def new generation   total 1572992K, used 84009K [0x00007f4450600000, 0x00007f44bb0c0000, 0x00007f49a5b50000)
  eden space 1398272K,   0% used [0x00007f4450600000, 0x00007f4450600000, 0x00007f44a5b80000)
  from space 174720K,  48% used [0x00007f44a5b80000, 0x00007f44aad8a428, 0x00007f44b0620000)
  to   space 174720K,   0% used [0x00007f44b0620000, 0x00007f44b0620000, 0x00007f44bb0c0000)
 tenured generation   total 3495300K, used 3029212K [0x00007f49a5b50000, 0x00007f4a7b0b1000, 0x00007f5450600000)
   the space 3495300K,  86% used [0x00007f49a5b50000, 0x00007f4a5e987328, 0x00007f4a5e987400, 0x00007f4a7b0b1000)
 Metaspace       used 23256K, capacity 23613K, committed 23808K, reserved 24576K
}
Event: 23.821 GC heap before
{Heap before GC invocations=10 (full 3):
 def new generation   total 1572992K, used 1208016K [0x00007f4450600000, 0x00007f44bb0c0000, 0x00007f49a5b50000)
  eden space 1398272K,  80% used [0x00007f4450600000, 0x00007f4494fa9f58, 0x00007f44a5b80000)
  from space 174720K,  48% used [0x00007f44a5b80000, 0x00007f44aad8a428, 0x00007f44b0620000)
  to   space 174720K,   0% used [0x00007f44b0620000, 0x00007f44b0620000, 0x00007f44bb0c0000)
 tenured generation   total 3495300K, used 3029212K [0x00007f49a5b50000, 0x00007f4a7b0b1000, 0x00007f5450600000)
   the space 3495300K,  86% used [0x00007f49a5b50000, 0x00007f4a5e987328, 0x00007f4a5e987400, 0x00007f4a7b0b1000)
 Metaspace       used 23264K, capacity 23613K, committed 23808K, reserved 24576K
}
Event: 23.866 GC heap after
{Heap after GC invocations=11 (full 3):
 def new generation   total 1572992K, used 88283K [0x00007f4450600000, 0x00007f44bb0c0000, 0x00007f49a5b50000)
  eden space 1398272K,   0% used [0x00007f4450600000, 0x00007f4450600000, 0x00007f44a5b80000)
  from space 174720K,  50% used [0x00007f44b0620000, 0x00007f44b5c56c90, 0x00007f44bb0c0000)
  to   space 174720K,   0% used [0x00007f44a5b80000, 0x00007f44a5b80000, 0x00007f44b0620000)
 tenured generation   total 3495300K, used 3029212K [0x00007f49a5b50000, 0x00007f4a7b0b1000, 0x00007f5450600000)
   the space 3495300K,  86% used [0x00007f49a5b50000, 0x00007f4a5e987328, 0x00007f4a5e987400, 0x00007f4a7b0b1000)
 Metaspace       used 23264K, capacity 23613K, committed 23808K, reserved 24576K
}
Event: 23.866 GC heap before
{Heap before GC invocations=11 (full 3):
 def new generation   total 1572992K, used 88283K [0x00007f4450600000, 0x00007f44bb0c0000, 0x00007f49a5b50000)
  eden space 1398272K,   0% used [0x00007f4450600000, 0x00007f4450600000, 0x00007f44a5b80000)
  from space 174720K,  50% used [0x00007f44b0620000, 0x00007f44b5c56c90, 0x00007f44bb0c0000)
  to   space 174720K,   0% used [0x00007f44a5b80000, 0x00007f44a5b80000, 0x00007f44b0620000)
 tenured generation   total 3495300K, used 3029212K [0x00007f49a5b50000, 0x00007f4a7b0b1000, 0x00007f5450600000)
   the space 3495300K,  86% used [0x00007f49a5b50000, 0x00007f4a5e987328, 0x00007f4a5e987400, 0x00007f4a7b0b1000)
 Metaspace       used 23264K, capacity 23613K, committed 23808K, reserved 24576K
}
Event: 24.102 GC heap after
{Heap after GC invocations=11 (full 4):
 def new generation   total 1572992K, used 0K [0x00007f4450600000, 0x00007f44bb0c0000, 0x00007f49a5b50000)
  eden space 1398272K,   0% used [0x00007f4450600000, 0x00007f4450600000, 0x00007f44a5b80000)
  from space 174720K,   0% used [0x00007f44b0620000, 0x00007f44b0620000, 0x00007f44bb0c0000)
  to   space 174720K,   0% used [0x00007f44a5b80000, 0x00007f44a5b80000, 0x00007f44b0620000)
 tenured generation   total 3495300K, used 13693K [0x00007f49a5b50000, 0x00007f4a7b0b1000, 0x00007f5450600000)
   the space 3495300K,   0% used [0x00007f49a5b50000, 0x00007f49a68af7c0, 0x00007f49a68af800, 0x00007f4a7b0b1000)
 Metaspace       used 23264K, capacity 23613K, committed 23808K, reserved 24576K
}
Event: 41.624 GC heap before
{Heap before GC invocations=11 (full 4):
 def new generation   total 1572992K, used 27492K [0x00007f4450600000, 0x00007f44bb0c0000, 0x00007f49a5b50000)
  eden space 1398272K,   1% used [0x00007f4450600000, 0x00007f44520d9320, 0x00007f44a5b80000)
  from space 174720K,   0% used [0x00007f44b0620000, 0x00007f44b0620000, 0x00007f44bb0c0000)
  to   space 174720K,   0% used [0x00007f44a5b80000, 0x00007f44a5b80000, 0x00007f44b0620000)
 tenured generation   total 11883912K, used 8402301K [0x00007f49a5b50000, 0x00007f4c7b0b2000, 0x00007f5450600000)
   the space 11883912K,  70% used [0x00007f49a5b50000, 0x00007f4ba68af7d8, 0x00007f4ba68af800, 0x00007f4c7b0b2000)
 Metaspace       used 23264K, capacity 23613K, committed 23808K, reserved 24576K
}
Event: 41.634 GC heap after
{Heap after GC invocations=12 (full 4):
 def new generation   total 1572992K, used 0K [0x00007f4450600000, 0x00007f44bb0c0000, 0x00007f49a5b50000)
  eden space 1398272K,   0% used [0x00007f4450600000, 0x00007f4450600000, 0x00007f44a5b80000)
  from space 174720K,   0% used [0x00007f44a5b80000, 0x00007f44a5b80178, 0x00007f44b0620000)
  to   space 174720K,   0% used [0x00007f44b0620000, 0x00007f44b0620000, 0x00007f44bb0c0000)
 tenured generation   total 11883912K, used 8402301K [0x00007f49a5b50000, 0x00007f4c7b0b2000, 0x00007f5450600000)
   the space 11883912K,  70% used [0x00007f49a5b50000, 0x00007f4ba68af7d8, 0x00007f4ba68af800, 0x00007f4c7b0b2000)
 Metaspace       used 23264K, capacity 23613K, committed 23808K, reserved 24576K
}
Event: 41.634 GC heap before
{Heap before GC invocations=12 (full 4):
 def new generation   total 1572992K, used 0K [0x00007f4450600000, 0x00007f44bb0c0000, 0x00007f49a5b50000)
  eden space 1398272K,   0% used [0x00007f4450600000, 0x00007f4450600000, 0x00007f44a5b80000)
  from space 174720K,   0% used [0x00007f44a5b80000, 0x00007f44a5b80178, 0x00007f44b0620000)
  to   space 174720K,   0% used [0x00007f44b0620000, 0x00007f44b0620000, 0x00007f44bb0c0000)
 tenured generation   total 11883912K, used 8402301K [0x00007f49a5b50000, 0x00007f4c7b0b2000, 0x00007f5450600000)
   the space 11883912K,  70% used [0x00007f49a5b50000, 0x00007f4ba68af7d8, 0x00007f4ba68af800, 0x00007f4c7b0b2000)
 Metaspace       used 23264K, capacity 23613K, committed 23808K, reserved 24576K
}

