# JRE version: OpenJDK Runtime Environment (13.0.7+5) (build 13.0.7+5-Ubuntu-0ubuntu120.04)
# Java VM: OpenJDK 64-Bit Server VM (13.0.7+5-Ubuntu-0ubuntu120.04, mixed mode, tiered, serial gc, linux-amd64)
Heap:
 def new generation   total 1008320K, used 0K [0x00007f49ec600000, 0x00007f4a30c10000, 0x00007f54970a0000)
  eden space 896320K,   0% used [0x00007f49ec600000, 0x00007f49ec600000, 0x00007f4a23150000)
  from space 112000K,   0% used [0x00007f4a23150000, 0x00007f4a23150000, 0x00007f4a29eb0000)
  to   space 112000K,   0% used [0x00007f4a29eb0000, 0x00007f4a29eb0000, 0x00007f4a30c10000)
 tenured generation   total 2256920K, used 2111542K [0x00007f54970a0000, 0x00007f5520ca6000, 0x00007f69ec600000)
   the space 2256920K,  93% used [0x00007f54970a0000, 0x00007f5517ead808, 0x00007f5517eada00, 0x00007f5520ca6000)
 Metaspace       used 24285K, capacity 24703K, committed 24832K, reserved 26624K
GC Heap History (20 events):
Event: 319.610 GC heap after
{Heap after GC invocations=1001 (full 4):
 def new generation   total 1008320K, used 43691K [0x00007f49ec600000, 0x00007f4a30c10000, 0x00007f54970a0000)
  eden space 896320K,   0% used [0x00007f49ec600000, 0x00007f49ec600000, 0x00007f4a23150000)
  from space 112000K,  39% used [0x00007f4a29eb0000, 0x00007f4a2c95ae28, 0x00007f4a30c10000)
  to   space 112000K,   0% used [0x00007f4a23150000, 0x00007f4a23150000, 0x00007f4a29eb0000)
 tenured generation   total 2240532K, used 2218847K [0x00007f54970a0000, 0x00007f551fca5000, 0x00007f69ec600000)
   the space 2240532K,  99% used [0x00007f54970a0000, 0x00007f551e777c08, 0x00007f551e777e00, 0x00007f551fca5000)
 Metaspace       used 24285K, capacity 24703K, committed 24832K, reserved 26624K
}
Event: 320.035 GC heap before
{Heap before GC invocations=1001 (full 4):
 def new generation   total 1008320K, used 931306K [0x00007f49ec600000, 0x00007f4a30c10000, 0x00007f54970a0000)
  eden space 896320K,  99% used [0x00007f49ec600000, 0x00007f4a228cfa70, 0x00007f4a23150000)
  from space 112000K,  39% used [0x00007f4a29eb0000, 0x00007f4a2c95ae28, 0x00007f4a30c10000)
  to   space 112000K,   0% used [0x00007f4a23150000, 0x00007f4a23150000, 0x00007f4a29eb0000)
 tenured generation   total 2240532K, used 2218847K [0x00007f54970a0000, 0x00007f551fca5000, 0x00007f69ec600000)
   the space 2240532K,  99% used [0x00007f54970a0000, 0x00007f551e777c08, 0x00007f551e777e00, 0x00007f551fca5000)
 Metaspace       used 24285K, capacity 24703K, committed 24832K, reserved 26624K
}
Event: 320.044 GC heap after
{Heap after GC invocations=1002 (full 4):
 def new generation   total 1008320K, used 47797K [0x00007f49ec600000, 0x00007f4a30c10000, 0x00007f54970a0000)
  eden space 896320K,   0% used [0x00007f49ec600000, 0x00007f49ec600000, 0x00007f4a23150000)
  from space 112000K,  42% used [0x00007f4a23150000, 0x00007f4a25ffd7b0, 0x00007f4a29eb0000)
  to   space 112000K,   0% used [0x00007f4a29eb0000, 0x00007f4a29eb0000, 0x00007f4a30c10000)
 tenured generation   total 2240532K, used 2218847K [0x00007f54970a0000, 0x00007f551fca5000, 0x00007f69ec600000)
   the space 2240532K,  99% used [0x00007f54970a0000, 0x00007f551e777c08, 0x00007f551e777e00, 0x00007f551fca5000)
 Metaspace       used 24285K, capacity 24703K, committed 24832K, reserved 26624K
}
Event: 320.459 GC heap before
{Heap before GC invocations=1002 (full 4):
 def new generation   total 1008320K, used 944117K [0x00007f49ec600000, 0x00007f4a30c10000, 0x00007f54970a0000)
  eden space 896320K, 100% used [0x00007f49ec600000, 0x00007f4a23150000, 0x00007f4a23150000)
  from space 112000K,  42% used [0x00007f4a23150000, 0x00007f4a25ffd7b0, 0x00007f4a29eb0000)
  to   space 112000K,   0% used [0x00007f4a29eb0000, 0x00007f4a29eb0000, 0x00007f4a30c10000)
 tenured generation   total 2240532K, used 2218847K [0x00007f54970a0000, 0x00007f551fca5000, 0x00007f69ec600000)
   the space 2240532K,  99% used [0x00007f54970a0000, 0x00007f551e777c08, 0x00007f551e777e00, 0x00007f551fca5000)
 Metaspace       used 24285K, capacity 24703K, committed 24832K, reserved 26624K
}
Event: 320.469 GC heap after
{Heap after GC invocations=1003 (full 4):
 def new generation   total 1008320K, used 50857K [0x00007f49ec600000, 0x00007f4a30c10000, 0x00007f54970a0000)
  eden space 896320K,   0% used [0x00007f49ec600000, 0x00007f49ec600000, 0x00007f4a23150000)
  from space 112000K,  45% used [0x00007f4a29eb0000, 0x00007f4a2d05a478, 0x00007f4a30c10000)
  to   space 112000K,   0% used [0x00007f4a23150000, 0x00007f4a23150000, 0x00007f4a29eb0000)
 tenured generation   total 2240532K, used 2218847K [0x00007f54970a0000, 0x00007f551fca5000, 0x00007f69ec600000)
   the space 2240532K,  99% used [0x00007f54970a0000, 0x00007f551e777c08, 0x00007f551e777e00, 0x00007f551fca5000)
 Metaspace       used 24285K, capacity 24703K, committed 24832K, reserved 26624K
}
Event: 320.885 GC heap before
{Heap before GC invocations=1003 (full 4):
 def new generation   total 1008320K, used 947177K [0x00007f49ec600000, 0x00007f4a30c10000, 0x00007f54970a0000)
  eden space 896320K, 100% used [0x00007f49ec600000, 0x00007f4a23150000, 0x00007f4a23150000)
  from space 112000K,  45% used [0x00007f4a29eb0000, 0x00007f4a2d05a478, 0x00007f4a30c10000)
  to   space 112000K,   0% used [0x00007f4a23150000, 0x00007f4a23150000, 0x00007f4a29eb0000)
 tenured generation   total 2240532K, used 2218847K [0x00007f54970a0000, 0x00007f551fca5000, 0x00007f69ec600000)
   the space 2240532K,  99% used [0x00007f54970a0000, 0x00007f551e777c08, 0x00007f551e777e00, 0x00007f551fca5000)
 Metaspace       used 24285K, capacity 24703K, committed 24832K, reserved 26624K
}
Event: 320.896 GC heap after
{Heap after GC invocations=1004 (full 4):
 def new generation   total 1008320K, used 50345K [0x00007f49ec600000, 0x00007f4a30c10000, 0x00007f54970a0000)
  eden space 896320K,   0% used [0x00007f49ec600000, 0x00007f49ec600000, 0x00007f4a23150000)
  from space 112000K,  44% used [0x00007f4a23150000, 0x00007f4a2627a438, 0x00007f4a29eb0000)
  to   space 112000K,   0% used [0x00007f4a29eb0000, 0x00007f4a29eb0000, 0x00007f4a30c10000)
 tenured generation   total 2240532K, used 2218847K [0x00007f54970a0000, 0x00007f551fca5000, 0x00007f69ec600000)
   the space 2240532K,  99% used [0x00007f54970a0000, 0x00007f551e777c08, 0x00007f551e777e00, 0x00007f551fca5000)
 Metaspace       used 24285K, capacity 24703K, committed 24832K, reserved 26624K
}
Event: 321.323 GC heap before
{Heap before GC invocations=1004 (full 4):
 def new generation   total 1008320K, used 933331K [0x00007f49ec600000, 0x00007f4a30c10000, 0x00007f54970a0000)
  eden space 896320K,  98% used [0x00007f49ec600000, 0x00007f4a2244a938, 0x00007f4a23150000)
  from space 112000K,  44% used [0x00007f4a23150000, 0x00007f4a2627a438, 0x00007f4a29eb0000)
  to   space 112000K,   0% used [0x00007f4a29eb0000, 0x00007f4a29eb0000, 0x00007f4a30c10000)
 tenured generation   total 2240532K, used 2218847K [0x00007f54970a0000, 0x00007f551fca5000, 0x00007f69ec600000)
   the space 2240532K,  99% used [0x00007f54970a0000, 0x00007f551e777c08, 0x00007f551e777e00, 0x00007f551fca5000)
 Metaspace       used 24285K, capacity 24703K, committed 24832K, reserved 26624K
}
Event: 321.340 GC heap after
{Heap after GC invocations=1005 (full 4):
 def new generation   total 1008320K, used 71404K [0x00007f49ec600000, 0x00007f4a30c10000, 0x00007f54970a0000)
  eden space 896320K,   0% used [0x00007f49ec600000, 0x00007f49ec600000, 0x00007f4a23150000)
  from space 112000K,  63% used [0x00007f4a29eb0000, 0x00007f4a2e46b2d0, 0x00007f4a30c10000)
  to   space 112000K,   0% used [0x00007f4a23150000, 0x00007f4a23150000, 0x00007f4a29eb0000)
 tenured generation   total 2240532K, used 2218847K [0x00007f54970a0000, 0x00007f551fca5000, 0x00007f69ec600000)
   the space 2240532K,  99% used [0x00007f54970a0000, 0x00007f551e777c08, 0x00007f551e777e00, 0x00007f551fca5000)
 Metaspace       used 24285K, capacity 24703K, committed 24832K, reserved 26624K
}
Event: 321.777 GC heap before
{Heap before GC invocations=1005 (full 4):
 def new generation   total 1008320K, used 967724K [0x00007f49ec600000, 0x00007f4a30c10000, 0x00007f54970a0000)
  eden space 896320K, 100% used [0x00007f49ec600000, 0x00007f4a23150000, 0x00007f4a23150000)
  from space 112000K,  63% used [0x00007f4a29eb0000, 0x00007f4a2e46b2d0, 0x00007f4a30c10000)
  to   space 112000K,   0% used [0x00007f4a23150000, 0x00007f4a23150000, 0x00007f4a29eb0000)
 tenured generation   total 2240532K, used 2218847K [0x00007f54970a0000, 0x00007f551fca5000, 0x00007f69ec600000)
   the space 2240532K,  99% used [0x00007f54970a0000, 0x00007f551e777c08, 0x00007f551e777e00, 0x00007f551fca5000)
 Metaspace       used 24285K, capacity 24703K, committed 24832K, reserved 26624K
}
Event: 321.794 GC heap after
{Heap after GC invocations=1006 (full 4):
 def new generation   total 1008320K, used 42659K [0x00007f49ec600000, 0x00007f4a30c10000, 0x00007f54970a0000)
  eden space 896320K,   0% used [0x00007f49ec600000, 0x00007f49ec600000, 0x00007f4a23150000)
  from space 112000K,  38% used [0x00007f4a23150000, 0x00007f4a25af8f58, 0x00007f4a29eb0000)
  to   space 112000K,   0% used [0x00007f4a29eb0000, 0x00007f4a29eb0000, 0x00007f4a30c10000)
 tenured generation   total 2240532K, used 2236320K [0x00007f54970a0000, 0x00007f551fca5000, 0x00007f69ec600000)
   the space 2240532K,  99% used [0x00007f54970a0000, 0x00007f551f8882d0, 0x00007f551f888400, 0x00007f551fca5000)
 Metaspace       used 24285K, capacity 24703K, committed 24832K, reserved 26624K
}
Event: 322.206 GC heap before
{Heap before GC invocations=1006 (full 4):
 def new generation   total 1008320K, used 937987K [0x00007f49ec600000, 0x00007f4a30c10000, 0x00007f54970a0000)
  eden space 896320K,  99% used [0x00007f49ec600000, 0x00007f4a23057fb0, 0x00007f4a23150000)
  from space 112000K,  38% used [0x00007f4a23150000, 0x00007f4a25af8f58, 0x00007f4a29eb0000)
  to   space 112000K,   0% used [0x00007f4a29eb0000, 0x00007f4a29eb0000, 0x00007f4a30c10000)
 tenured generation   total 2240532K, used 2236320K [0x00007f54970a0000, 0x00007f551fca5000, 0x00007f69ec600000)
   the space 2240532K,  99% used [0x00007f54970a0000, 0x00007f551f8882d0, 0x00007f551f888400, 0x00007f551fca5000)
 Metaspace       used 24285K, capacity 24703K, committed 24832K, reserved 26624K
}
Event: 322.217 GC heap after
{Heap after GC invocations=1007 (full 4):
 def new generation   total 1008320K, used 49320K [0x00007f49ec600000, 0x00007f4a30c10000, 0x00007f54970a0000)
  eden space 896320K,   0% used [0x00007f49ec600000, 0x00007f49ec600000, 0x00007f4a23150000)
  from space 112000K,  44% used [0x00007f4a29eb0000, 0x00007f4a2ceda370, 0x00007f4a30c10000)
  to   space 112000K,   0% used [0x00007f4a23150000, 0x00007f4a23150000, 0x00007f4a29eb0000)
 tenured generation   total 2240532K, used 2236320K [0x00007f54970a0000, 0x00007f551fca5000, 0x00007f69ec600000)
   the space 2240532K,  99% used [0x00007f54970a0000, 0x00007f551f8882d0, 0x00007f551f888400, 0x00007f551fca5000)
 Metaspace       used 24285K, capacity 24703K, committed 24832K, reserved 26624K
}
Event: 322.616 GC heap before
{Heap before GC invocations=1007 (full 4):
 def new generation   total 1008320K, used 945640K [0x00007f49ec600000, 0x00007f4a30c10000, 0x00007f54970a0000)
  eden space 896320K, 100% used [0x00007f49ec600000, 0x00007f4a23150000, 0x00007f4a23150000)
  from space 112000K,  44% used [0x00007f4a29eb0000, 0x00007f4a2ceda370, 0x00007f4a30c10000)
  to   space 112000K,   0% used [0x00007f4a23150000, 0x00007f4a23150000, 0x00007f4a29eb0000)
 tenured generation   total 2240532K, used 2236320K [0x00007f54970a0000, 0x00007f551fca5000, 0x00007f69ec600000)
   the space 2240532K,  99% used [0x00007f54970a0000, 0x00007f551f8882d0, 0x00007f551f888400, 0x00007f551fca5000)
 Metaspace       used 24285K, capacity 24703K, committed 24832K, reserved 26624K
}
Event: 322.626 GC heap after
{Heap after GC invocations=1008 (full 4):
 def new generation   total 1008320K, used 50342K [0x00007f49ec600000, 0x00007f4a30c10000, 0x00007f54970a0000)
  eden space 896320K,   0% used [0x00007f49ec600000, 0x00007f49ec600000, 0x00007f4a23150000)
  from space 112000K,  44% used [0x00007f4a23150000, 0x00007f4a26279b30, 0x00007f4a29eb0000)
  to   space 112000K,   0% used [0x00007f4a29eb0000, 0x00007f4a29eb0000, 0x00007f4a30c10000)
 tenured generation   total 2240532K, used 2236320K [0x00007f54970a0000, 0x00007f551fca5000, 0x00007f69ec600000)
   the space 2240532K,  99% used [0x00007f54970a0000, 0x00007f551f8882d0, 0x00007f551f888400, 0x00007f551fca5000)
 Metaspace       used 24285K, capacity 24703K, committed 24832K, reserved 26624K
}
Event: 322.977 GC heap before
{Heap before GC invocations=1008 (full 4):
 def new generation   total 1008320K, used 946255K [0x00007f49ec600000, 0x00007f4a30c10000, 0x00007f54970a0000)
  eden space 896320K,  99% used [0x00007f49ec600000, 0x00007f4a230ea138, 0x00007f4a23150000)
  from space 112000K,  44% used [0x00007f4a23150000, 0x00007f4a26279b30, 0x00007f4a29eb0000)
  to   space 112000K,   0% used [0x00007f4a29eb0000, 0x00007f4a29eb0000, 0x00007f4a30c10000)
 tenured generation   total 2240532K, used 2236320K [0x00007f54970a0000, 0x00007f551fca5000, 0x00007f69ec600000)
   the space 2240532K,  99% used [0x00007f54970a0000, 0x00007f551f8882d0, 0x00007f551f888400, 0x00007f551fca5000)
 Metaspace       used 24285K, capacity 24703K, committed 24832K, reserved 26624K
}
Event: 322.988 GC heap after
{Heap after GC invocations=1009 (full 4):
 def new generation   total 1008320K, used 57077K [0x00007f49ec600000, 0x00007f4a30c10000, 0x00007f54970a0000)
  eden space 896320K,   0% used [0x00007f49ec600000, 0x00007f49ec600000, 0x00007f4a23150000)
  from space 112000K,  50% used [0x00007f4a29eb0000, 0x00007f4a2d66d5d0, 0x00007f4a30c10000)
  to   space 112000K,   0% used [0x00007f4a23150000, 0x00007f4a23150000, 0x00007f4a29eb0000)
 tenured generation   total 2240532K, used 2236320K [0x00007f54970a0000, 0x00007f551fca5000, 0x00007f69ec600000)
   the space 2240532K,  99% used [0x00007f54970a0000, 0x00007f551f8882d0, 0x00007f551f888400, 0x00007f551fca5000)
 Metaspace       used 24285K, capacity 24703K, committed 24832K, reserved 26624K
}
Event: 323.358 GC heap before
{Heap before GC invocations=1009 (full 4):
 def new generation   total 1008320K, used 952035K [0x00007f49ec600000, 0x00007f4a30c10000, 0x00007f54970a0000)
  eden space 896320K,  99% used [0x00007f49ec600000, 0x00007f4a22ffb690, 0x00007f4a23150000)
  from space 112000K,  50% used [0x00007f4a29eb0000, 0x00007f4a2d66d5d0, 0x00007f4a30c10000)
  to   space 112000K,   0% used [0x00007f4a23150000, 0x00007f4a23150000, 0x00007f4a29eb0000)
 tenured generation   total 2240532K, used 2236320K [0x00007f54970a0000, 0x00007f551fca5000, 0x00007f69ec600000)
   the space 2240532K,  99% used [0x00007f54970a0000, 0x00007f551f8882d0, 0x00007f551f888400, 0x00007f551fca5000)
 Metaspace       used 24285K, capacity 24703K, committed 24832K, reserved 26624K
}
Event: 323.379 GC heap after
{Heap after GC invocations=1010 (full 4):
 def new generation   total 1008320K, used 41112K [0x00007f49ec600000, 0x00007f4a30c10000, 0x00007f54970a0000)
  eden space 896320K,   0% used [0x00007f49ec600000, 0x00007f49ec600000, 0x00007f4a23150000)
  from space 112000K,  36% used [0x00007f4a23150000, 0x00007f4a25976118, 0x00007f4a29eb0000)
  to   space 112000K,   0% used [0x00007f4a29eb0000, 0x00007f4a29eb0000, 0x00007f4a30c10000)
 tenured generation   total 2256920K, used 2253794K [0x00007f54970a0000, 0x00007f5520ca6000, 0x00007f69ec600000)
   the space 2256920K,  99% used [0x00007f54970a0000, 0x00007f55209989c0, 0x00007f5520998a00, 0x00007f5520ca6000)
 Metaspace       used 24285K, capacity 24703K, committed 24832K, reserved 26624K
}
Event: 323.379 GC heap before
{Heap before GC invocations=1010 (full 4):
 def new generation   total 1008320K, used 41112K [0x00007f49ec600000, 0x00007f4a30c10000, 0x00007f54970a0000)
  eden space 896320K,   0% used [0x00007f49ec600000, 0x00007f49ec600000, 0x00007f4a23150000)
  from space 112000K,  36% used [0x00007f4a23150000, 0x00007f4a25976118, 0x00007f4a29eb0000)
  to   space 112000K,   0% used [0x00007f4a29eb0000, 0x00007f4a29eb0000, 0x00007f4a30c10000)
 tenured generation   total 2256920K, used 2253794K [0x00007f54970a0000, 0x00007f5520ca6000, 0x00007f69ec600000)
   the space 2256920K,  99% used [0x00007f54970a0000, 0x00007f55209989c0, 0x00007f5520998a00, 0x00007f5520ca6000)
 Metaspace       used 24285K, capacity 24703K, committed 24832K, reserved 26624K
}

