# JRE version: OpenJDK Runtime Environment (13.0.7+5) (build 13.0.7+5-Ubuntu-0ubuntu120.04)
# Java VM: OpenJDK 64-Bit Server VM (13.0.7+5-Ubuntu-0ubuntu120.04, mixed mode, tiered, serial gc, linux-amd64)
Heap:
 def new generation   total 1751104K, used 80848K [0x00007f4f08600000, 0x00007f4f7f210000, 0x00007f545db50000)
  eden space 1556544K,   5% used [0x00007f4f08600000, 0x00007f4f0d4f4050, 0x00007f4f67610000)
  from space 194560K,   0% used [0x00007f4f67610000, 0x00007f4f67610000, 0x00007f4f73410000)
  to   space 194560K,   0% used [0x00007f4f73410000, 0x00007f4f73410000, 0x00007f4f7f210000)
 tenured generation   total 3893504K, used 3893488K [0x00007f545db50000, 0x00007f554b590000, 0x00007f5f08600000)
   the space 3893504K,  99% used [0x00007f545db50000, 0x00007f554b58c218, 0x00007f554b58c400, 0x00007f554b590000)
 Metaspace       used 24314K, capacity 24716K, committed 24832K, reserved 26624K
GC Heap History (20 events):
Event: 656.171 GC heap after
{Heap after GC invocations=1228 (full 3):
 def new generation   total 1751104K, used 86419K [0x00007f4f08600000, 0x00007f4f7f210000, 0x00007f545db50000)
  eden space 1556544K,   0% used [0x00007f4f08600000, 0x00007f4f08600000, 0x00007f4f67610000)
  from space 194560K,  44% used [0x00007f4f73410000, 0x00007f4f78874cb0, 0x00007f4f7f210000)
  to   space 194560K,   0% used [0x00007f4f67610000, 0x00007f4f67610000, 0x00007f4f73410000)
 tenured generation   total 3891200K, used 3842671K [0x00007f545db50000, 0x00007f554b350000, 0x00007f5f08600000)
   the space 3891200K,  98% used [0x00007f545db50000, 0x00007f55483ebdc0, 0x00007f55483ebe00, 0x00007f554b350000)
 Metaspace       used 24314K, capacity 24716K, committed 24832K, reserved 26624K
}
Event: 657.011 GC heap before
{Heap before GC invocations=1228 (full 3):
 def new generation   total 1751104K, used 1642963K [0x00007f4f08600000, 0x00007f4f7f210000, 0x00007f545db50000)
  eden space 1556544K, 100% used [0x00007f4f08600000, 0x00007f4f67610000, 0x00007f4f67610000)
  from space 194560K,  44% used [0x00007f4f73410000, 0x00007f4f78874cb0, 0x00007f4f7f210000)
  to   space 194560K,   0% used [0x00007f4f67610000, 0x00007f4f67610000, 0x00007f4f73410000)
 tenured generation   total 3891200K, used 3842671K [0x00007f545db50000, 0x00007f554b350000, 0x00007f5f08600000)
   the space 3891200K,  98% used [0x00007f545db50000, 0x00007f55483ebdc0, 0x00007f55483ebe00, 0x00007f554b350000)
 Metaspace       used 24314K, capacity 24716K, committed 24832K, reserved 26624K
}
Event: 657.097 GC heap after
{Heap after GC invocations=1229 (full 3):
 def new generation   total 1751104K, used 86757K [0x00007f4f08600000, 0x00007f4f7f210000, 0x00007f545db50000)
  eden space 1556544K,   0% used [0x00007f4f08600000, 0x00007f4f08600000, 0x00007f4f67610000)
  from space 194560K,  44% used [0x00007f4f67610000, 0x00007f4f6cac9430, 0x00007f4f73410000)
  to   space 194560K,   0% used [0x00007f4f73410000, 0x00007f4f73410000, 0x00007f4f7f210000)
 tenured generation   total 3891200K, used 3847847K [0x00007f545db50000, 0x00007f554b350000, 0x00007f5f08600000)
   the space 3891200K,  98% used [0x00007f545db50000, 0x00007f55488f9de0, 0x00007f55488f9e00, 0x00007f554b350000)
 Metaspace       used 24314K, capacity 24716K, committed 24832K, reserved 26624K
}
Event: 657.965 GC heap before
{Heap before GC invocations=1229 (full 3):
 def new generation   total 1751104K, used 1643301K [0x00007f4f08600000, 0x00007f4f7f210000, 0x00007f545db50000)
  eden space 1556544K, 100% used [0x00007f4f08600000, 0x00007f4f67610000, 0x00007f4f67610000)
  from space 194560K,  44% used [0x00007f4f67610000, 0x00007f4f6cac9430, 0x00007f4f73410000)
  to   space 194560K,   0% used [0x00007f4f73410000, 0x00007f4f73410000, 0x00007f4f7f210000)
 tenured generation   total 3891200K, used 3847847K [0x00007f545db50000, 0x00007f554b350000, 0x00007f5f08600000)
   the space 3891200K,  98% used [0x00007f545db50000, 0x00007f55488f9de0, 0x00007f55488f9e00, 0x00007f554b350000)
 Metaspace       used 24314K, capacity 24716K, committed 24832K, reserved 26624K
}
Event: 658.051 GC heap after
{Heap after GC invocations=1230 (full 3):
 def new generation   total 1751104K, used 86646K [0x00007f4f08600000, 0x00007f4f7f210000, 0x00007f545db50000)
  eden space 1556544K,   0% used [0x00007f4f08600000, 0x00007f4f08600000, 0x00007f4f67610000)
  from space 194560K,  44% used [0x00007f4f73410000, 0x00007f4f788ad868, 0x00007f4f7f210000)
  to   space 194560K,   0% used [0x00007f4f67610000, 0x00007f4f67610000, 0x00007f4f73410000)
 tenured generation   total 3891200K, used 3853836K [0x00007f545db50000, 0x00007f554b350000, 0x00007f5f08600000)
   the space 3891200K,  99% used [0x00007f545db50000, 0x00007f5548ed3050, 0x00007f5548ed3200, 0x00007f554b350000)
 Metaspace       used 24314K, capacity 24716K, committed 24832K, reserved 26624K
}
Event: 658.896 GC heap before
{Heap before GC invocations=1230 (full 3):
 def new generation   total 1751104K, used 1643190K [0x00007f4f08600000, 0x00007f4f7f210000, 0x00007f545db50000)
  eden space 1556544K, 100% used [0x00007f4f08600000, 0x00007f4f67610000, 0x00007f4f67610000)
  from space 194560K,  44% used [0x00007f4f73410000, 0x00007f4f788ad868, 0x00007f4f7f210000)
  to   space 194560K,   0% used [0x00007f4f67610000, 0x00007f4f67610000, 0x00007f4f73410000)
 tenured generation   total 3891200K, used 3853836K [0x00007f545db50000, 0x00007f554b350000, 0x00007f5f08600000)
   the space 3891200K,  99% used [0x00007f545db50000, 0x00007f5548ed3050, 0x00007f5548ed3200, 0x00007f554b350000)
 Metaspace       used 24314K, capacity 24716K, committed 24832K, reserved 26624K
}
Event: 658.982 GC heap after
{Heap after GC invocations=1231 (full 3):
 def new generation   total 1751104K, used 86598K [0x00007f4f08600000, 0x00007f4f7f210000, 0x00007f545db50000)
  eden space 1556544K,   0% used [0x00007f4f08600000, 0x00007f4f08600000, 0x00007f4f67610000)
  from space 194560K,  44% used [0x00007f4f67610000, 0x00007f4f6caa1990, 0x00007f4f73410000)
  to   space 194560K,   0% used [0x00007f4f73410000, 0x00007f4f73410000, 0x00007f4f7f210000)
 tenured generation   total 3891200K, used 3859874K [0x00007f545db50000, 0x00007f554b350000, 0x00007f5f08600000)
   the space 3891200K,  99% used [0x00007f545db50000, 0x00007f55494b8858, 0x00007f55494b8a00, 0x00007f554b350000)
 Metaspace       used 24314K, capacity 24716K, committed 24832K, reserved 26624K
}
Event: 659.835 GC heap before
{Heap before GC invocations=1231 (full 3):
 def new generation   total 1751104K, used 1643142K [0x00007f4f08600000, 0x00007f4f7f210000, 0x00007f545db50000)
  eden space 1556544K, 100% used [0x00007f4f08600000, 0x00007f4f67610000, 0x00007f4f67610000)
  from space 194560K,  44% used [0x00007f4f67610000, 0x00007f4f6caa1990, 0x00007f4f73410000)
  to   space 194560K,   0% used [0x00007f4f73410000, 0x00007f4f73410000, 0x00007f4f7f210000)
 tenured generation   total 3891200K, used 3859874K [0x00007f545db50000, 0x00007f554b350000, 0x00007f5f08600000)
   the space 3891200K,  99% used [0x00007f545db50000, 0x00007f55494b8858, 0x00007f55494b8a00, 0x00007f554b350000)
 Metaspace       used 24314K, capacity 24716K, committed 24832K, reserved 26624K
}
Event: 659.923 GC heap after
{Heap after GC invocations=1232 (full 3):
 def new generation   total 1751104K, used 86905K [0x00007f4f08600000, 0x00007f4f7f210000, 0x00007f545db50000)
  eden space 1556544K,   0% used [0x00007f4f08600000, 0x00007f4f08600000, 0x00007f4f67610000)
  from space 194560K,  44% used [0x00007f4f73410000, 0x00007f4f788ee488, 0x00007f4f7f210000)
  to   space 194560K,   0% used [0x00007f4f67610000, 0x00007f4f67610000, 0x00007f4f73410000)
 tenured generation   total 3891200K, used 3865636K [0x00007f545db50000, 0x00007f554b350000, 0x00007f5f08600000)
   the space 3891200K,  99% used [0x00007f545db50000, 0x00007f5549a59390, 0x00007f5549a59400, 0x00007f554b350000)
 Metaspace       used 24314K, capacity 24716K, committed 24832K, reserved 26624K
}
Event: 660.780 GC heap before
{Heap before GC invocations=1232 (full 3):
 def new generation   total 1751104K, used 1643449K [0x00007f4f08600000, 0x00007f4f7f210000, 0x00007f545db50000)
  eden space 1556544K, 100% used [0x00007f4f08600000, 0x00007f4f67610000, 0x00007f4f67610000)
  from space 194560K,  44% used [0x00007f4f73410000, 0x00007f4f788ee488, 0x00007f4f7f210000)
  to   space 194560K,   0% used [0x00007f4f67610000, 0x00007f4f67610000, 0x00007f4f73410000)
 tenured generation   total 3891200K, used 3865636K [0x00007f545db50000, 0x00007f554b350000, 0x00007f5f08600000)
   the space 3891200K,  99% used [0x00007f545db50000, 0x00007f5549a59390, 0x00007f5549a59400, 0x00007f554b350000)
 Metaspace       used 24314K, capacity 24716K, committed 24832K, reserved 26624K
}
Event: 660.864 GC heap after
{Heap after GC invocations=1233 (full 3):
 def new generation   total 1751104K, used 87370K [0x00007f4f08600000, 0x00007f4f7f210000, 0x00007f545db50000)
  eden space 1556544K,   0% used [0x00007f4f08600000, 0x00007f4f08600000, 0x00007f4f67610000)
  from space 194560K,  44% used [0x00007f4f67610000, 0x00007f4f6cb62bf0, 0x00007f4f73410000)
  to   space 194560K,   0% used [0x00007f4f73410000, 0x00007f4f73410000, 0x00007f4f7f210000)
 tenured generation   total 3891200K, used 3870361K [0x00007f545db50000, 0x00007f554b350000, 0x00007f5f08600000)
   the space 3891200K,  99% used [0x00007f545db50000, 0x00007f5549ef66f0, 0x00007f5549ef6800, 0x00007f554b350000)
 Metaspace       used 24314K, capacity 24716K, committed 24832K, reserved 26624K
}
Event: 661.713 GC heap before
{Heap before GC invocations=1233 (full 3):
 def new generation   total 1751104K, used 1643914K [0x00007f4f08600000, 0x00007f4f7f210000, 0x00007f545db50000)
  eden space 1556544K, 100% used [0x00007f4f08600000, 0x00007f4f67610000, 0x00007f4f67610000)
  from space 194560K,  44% used [0x00007f4f67610000, 0x00007f4f6cb62bf0, 0x00007f4f73410000)
  to   space 194560K,   0% used [0x00007f4f73410000, 0x00007f4f73410000, 0x00007f4f7f210000)
 tenured generation   total 3891200K, used 3870361K [0x00007f545db50000, 0x00007f554b350000, 0x00007f5f08600000)
   the space 3891200K,  99% used [0x00007f545db50000, 0x00007f5549ef66f0, 0x00007f5549ef6800, 0x00007f554b350000)
 Metaspace       used 24314K, capacity 24716K, committed 24832K, reserved 26624K
}
Event: 661.802 GC heap after
{Heap after GC invocations=1234 (full 3):
 def new generation   total 1751104K, used 86113K [0x00007f4f08600000, 0x00007f4f7f210000, 0x00007f545db50000)
  eden space 1556544K,   0% used [0x00007f4f08600000, 0x00007f4f08600000, 0x00007f4f67610000)
  from space 194560K,  44% used [0x00007f4f73410000, 0x00007f4f78828658, 0x00007f4f7f210000)
  to   space 194560K,   0% used [0x00007f4f67610000, 0x00007f4f67610000, 0x00007f4f73410000)
 tenured generation   total 3891200K, used 3876395K [0x00007f545db50000, 0x00007f554b350000, 0x00007f5f08600000)
   the space 3891200K,  99% used [0x00007f545db50000, 0x00007f554a4dadb8, 0x00007f554a4dae00, 0x00007f554b350000)
 Metaspace       used 24314K, capacity 24716K, committed 24832K, reserved 26624K
}
Event: 662.678 GC heap before
{Heap before GC invocations=1234 (full 3):
 def new generation   total 1751104K, used 1642657K [0x00007f4f08600000, 0x00007f4f7f210000, 0x00007f545db50000)
  eden space 1556544K, 100% used [0x00007f4f08600000, 0x00007f4f67610000, 0x00007f4f67610000)
  from space 194560K,  44% used [0x00007f4f73410000, 0x00007f4f78828658, 0x00007f4f7f210000)
  to   space 194560K,   0% used [0x00007f4f67610000, 0x00007f4f67610000, 0x00007f4f73410000)
 tenured generation   total 3891200K, used 3876395K [0x00007f545db50000, 0x00007f554b350000, 0x00007f5f08600000)
   the space 3891200K,  99% used [0x00007f545db50000, 0x00007f554a4dadb8, 0x00007f554a4dae00, 0x00007f554b350000)
 Metaspace       used 24314K, capacity 24716K, committed 24832K, reserved 26624K
}
Event: 662.766 GC heap after
{Heap after GC invocations=1235 (full 3):
 def new generation   total 1751104K, used 86101K [0x00007f4f08600000, 0x00007f4f7f210000, 0x00007f545db50000)
  eden space 1556544K,   0% used [0x00007f4f08600000, 0x00007f4f08600000, 0x00007f4f67610000)
  from space 194560K,  44% used [0x00007f4f67610000, 0x00007f4f6ca25790, 0x00007f4f73410000)
  to   space 194560K,   0% used [0x00007f4f73410000, 0x00007f4f73410000, 0x00007f4f7f210000)
 tenured generation   total 3891200K, used 3882388K [0x00007f545db50000, 0x00007f554b350000, 0x00007f5f08600000)
   the space 3891200K,  99% used [0x00007f545db50000, 0x00007f554aab5168, 0x00007f554aab5200, 0x00007f554b350000)
 Metaspace       used 24314K, capacity 24716K, committed 24832K, reserved 26624K
}
Event: 663.622 GC heap before
{Heap before GC invocations=1235 (full 3):
 def new generation   total 1751104K, used 1642645K [0x00007f4f08600000, 0x00007f4f7f210000, 0x00007f545db50000)
  eden space 1556544K, 100% used [0x00007f4f08600000, 0x00007f4f67610000, 0x00007f4f67610000)
  from space 194560K,  44% used [0x00007f4f67610000, 0x00007f4f6ca25790, 0x00007f4f73410000)
  to   space 194560K,   0% used [0x00007f4f73410000, 0x00007f4f73410000, 0x00007f4f7f210000)
 tenured generation   total 3891200K, used 3882388K [0x00007f545db50000, 0x00007f554b350000, 0x00007f5f08600000)
   the space 3891200K,  99% used [0x00007f545db50000, 0x00007f554aab5168, 0x00007f554aab5200, 0x00007f554b350000)
 Metaspace       used 24314K, capacity 24716K, committed 24832K, reserved 26624K
}
Event: 663.713 GC heap after
{Heap after GC invocations=1236 (full 3):
 def new generation   total 1751104K, used 86103K [0x00007f4f08600000, 0x00007f4f7f210000, 0x00007f545db50000)
  eden space 1556544K,   0% used [0x00007f4f08600000, 0x00007f4f08600000, 0x00007f4f67610000)
  from space 194560K,  44% used [0x00007f4f73410000, 0x00007f4f78825c00, 0x00007f4f7f210000)
  to   space 194560K,   0% used [0x00007f4f67610000, 0x00007f4f67610000, 0x00007f4f73410000)
 tenured generation   total 3891200K, used 3888377K [0x00007f545db50000, 0x00007f554b350000, 0x00007f5f08600000)
   the space 3891200K,  99% used [0x00007f545db50000, 0x00007f554b08e4c8, 0x00007f554b08e600, 0x00007f554b350000)
 Metaspace       used 24314K, capacity 24716K, committed 24832K, reserved 26624K
}
Event: 664.578 GC heap before
{Heap before GC invocations=1236 (full 3):
 def new generation   total 1751104K, used 1642647K [0x00007f4f08600000, 0x00007f4f7f210000, 0x00007f545db50000)
  eden space 1556544K, 100% used [0x00007f4f08600000, 0x00007f4f67610000, 0x00007f4f67610000)
  from space 194560K,  44% used [0x00007f4f73410000, 0x00007f4f78825c00, 0x00007f4f7f210000)
  to   space 194560K,   0% used [0x00007f4f67610000, 0x00007f4f67610000, 0x00007f4f73410000)
 tenured generation   total 3891200K, used 3888377K [0x00007f545db50000, 0x00007f554b350000, 0x00007f5f08600000)
   the space 3891200K,  99% used [0x00007f545db50000, 0x00007f554b08e4c8, 0x00007f554b08e600, 0x00007f554b350000)
 Metaspace       used 24314K, capacity 24716K, committed 24832K, reserved 26624K
}
Event: 664.659 GC heap after
{Heap after GC invocations=1237 (full 3):
 def new generation   total 1751104K, used 86603K [0x00007f4f08600000, 0x00007f4f7f210000, 0x00007f545db50000)
  eden space 1556544K,   0% used [0x00007f4f08600000, 0x00007f4f08600000, 0x00007f4f67610000)
  from space 194560K,  44% used [0x00007f4f67610000, 0x00007f4f6caa2f00, 0x00007f4f73410000)
  to   space 194560K,   0% used [0x00007f4f73410000, 0x00007f4f73410000, 0x00007f4f7f210000)
 tenured generation   total 3893504K, used 3893417K [0x00007f545db50000, 0x00007f554b590000, 0x00007f5f08600000)
   the space 3893504K,  99% used [0x00007f545db50000, 0x00007f554b57a660, 0x00007f554b57a800, 0x00007f554b590000)
 Metaspace       used 24314K, capacity 24716K, committed 24832K, reserved 26624K
}
Event: 664.659 GC heap before
{Heap before GC invocations=1237 (full 3):
 def new generation   total 1751104K, used 86603K [0x00007f4f08600000, 0x00007f4f7f210000, 0x00007f545db50000)
  eden space 1556544K,   0% used [0x00007f4f08600000, 0x00007f4f08600000, 0x00007f4f67610000)
  from space 194560K,  44% used [0x00007f4f67610000, 0x00007f4f6caa2f00, 0x00007f4f73410000)
  to   space 194560K,   0% used [0x00007f4f73410000, 0x00007f4f73410000, 0x00007f4f7f210000)
 tenured generation   total 3893504K, used 3893417K [0x00007f545db50000, 0x00007f554b590000, 0x00007f5f08600000)
   the space 3893504K,  99% used [0x00007f545db50000, 0x00007f554b57a660, 0x00007f554b57a800, 0x00007f554b590000)
 Metaspace       used 24314K, capacity 24716K, committed 24832K, reserved 26624K
}

