# JRE version: OpenJDK Runtime Environment (13.0.7+5) (build 13.0.7+5-Ubuntu-0ubuntu120.04)
# Java VM: OpenJDK 64-Bit Server VM (13.0.7+5-Ubuntu-0ubuntu120.04, mixed mode, tiered, serial gc, linux-amd64)
Heap:
 def new generation   total 3550336K, used 2159442K [0x00007f4274600000, 0x00007f4365250000, 0x00007f47c9b50000)
  eden space 3155904K,  68% used [0x00007f4274600000, 0x00007f42f82d4650, 0x00007f4334ff0000)
  from space 394432K,   0% used [0x00007f4334ff0000, 0x00007f4334ff01f8, 0x00007f434d120000)
  to   space 394432K,   0% used [0x00007f434d120000, 0x00007f434d1202a8, 0x00007f4365250000)
 tenured generation   total 7889468K, used 6828850K [0x00007f47c9b50000, 0x00007f49ab3df000, 0x00007f5274600000)
   the space 7889468K,  86% used [0x00007f47c9b50000, 0x00007f496a81c818, 0x00007f496a81ca00, 0x00007f49ab3df000)
 Metaspace       used 30433K, capacity 30819K, committed 30976K, reserved 32768K
GC Heap History (20 events):
Event: 86.637 GC heap after
{Heap after GC invocations=37 (full 10):
 def new generation   total 3550336K, used 265761K [0x00007f4274600000, 0x00007f4365250000, 0x00007f47c9b50000)
  eden space 3155904K,   0% used [0x00007f4274600000, 0x00007f4274600000, 0x00007f4334ff0000)
  from space 394432K,  67% used [0x00007f4334ff0000, 0x00007f4345378580, 0x00007f434d120000)
  to   space 394432K,   0% used [0x00007f434d120000, 0x00007f434d120000, 0x00007f4365250000)
 tenured generation   total 7889468K, used 5255499K [0x00007f47c9b50000, 0x00007f49ab3df000, 0x00007f5274600000)
   the space 7889468K,  66% used [0x00007f47c9b50000, 0x00007f490a7a2cd8, 0x00007f490a7a2e00, 0x00007f49ab3df000)
 Metaspace       used 30228K, capacity 30681K, committed 30976K, reserved 32768K
}
Event: 86.637 GC heap before
{Heap before GC invocations=37 (full 10):
 def new generation   total 3550336K, used 265761K [0x00007f4274600000, 0x00007f4365250000, 0x00007f47c9b50000)
  eden space 3155904K,   0% used [0x00007f4274600000, 0x00007f4274600000, 0x00007f4334ff0000)
  from space 394432K,  67% used [0x00007f4334ff0000, 0x00007f4345378580, 0x00007f434d120000)
  to   space 394432K,   0% used [0x00007f434d120000, 0x00007f434d120000, 0x00007f4365250000)
 tenured generation   total 7889468K, used 5255499K [0x00007f47c9b50000, 0x00007f49ab3df000, 0x00007f5274600000)
   the space 7889468K,  66% used [0x00007f47c9b50000, 0x00007f490a7a2cd8, 0x00007f490a7a2e00, 0x00007f49ab3df000)
 Metaspace       used 30228K, capacity 30681K, committed 30976K, reserved 32768K
}
Event: 86.725 GC heap after
{Heap after GC invocations=37 (full 11):
 def new generation   total 3550336K, used 0K [0x00007f4274600000, 0x00007f4365250000, 0x00007f47c9b50000)
  eden space 3155904K,   0% used [0x00007f4274600000, 0x00007f4274600000, 0x00007f4334ff0000)
  from space 394432K,   0% used [0x00007f4334ff0000, 0x00007f4334ff0000, 0x00007f434d120000)
  to   space 394432K,   0% used [0x00007f434d120000, 0x00007f434d120000, 0x00007f4365250000)
 tenured generation   total 7889468K, used 800486K [0x00007f47c9b50000, 0x00007f49ab3df000, 0x00007f5274600000)
   the space 7889468K,  10% used [0x00007f47c9b50000, 0x00007f47fa909a98, 0x00007f47fa909c00, 0x00007f49ab3df000)
 Metaspace       used 30228K, capacity 30681K, committed 30976K, reserved 32768K
}
Event: 91.009 GC heap before
{Heap before GC invocations=37 (full 11):
 def new generation   total 3550336K, used 2159160K [0x00007f4274600000, 0x00007f4365250000, 0x00007f47c9b50000)
  eden space 3155904K,  68% used [0x00007f4274600000, 0x00007f42f828e108, 0x00007f4334ff0000)
  from space 394432K,   0% used [0x00007f4334ff0000, 0x00007f4334ff0000, 0x00007f434d120000)
  to   space 394432K,   0% used [0x00007f434d120000, 0x00007f434d120000, 0x00007f4365250000)
 tenured generation   total 7889468K, used 4994790K [0x00007f47c9b50000, 0x00007f49ab3df000, 0x00007f5274600000)
   the space 7889468K,  63% used [0x00007f47c9b50000, 0x00007f48fa909ab0, 0x00007f48fa909c00, 0x00007f49ab3df000)
 Metaspace       used 30228K, capacity 30681K, committed 30976K, reserved 32768K
}
Event: 91.216 GC heap after
{Heap after GC invocations=38 (full 11):
 def new generation   total 3550336K, used 0K [0x00007f4274600000, 0x00007f4365250000, 0x00007f47c9b50000)
  eden space 3155904K,   0% used [0x00007f4274600000, 0x00007f4274600000, 0x00007f4334ff0000)
  from space 394432K,   0% used [0x00007f434d120000, 0x00007f434d1201f8, 0x00007f4365250000)
  to   space 394432K,   0% used [0x00007f4334ff0000, 0x00007f4334ff0000, 0x00007f434d120000)
 tenured generation   total 7889468K, used 7091942K [0x00007f47c9b50000, 0x00007f49ab3df000, 0x00007f5274600000)
   the space 7889468K,  89% used [0x00007f47c9b50000, 0x00007f497a909ac8, 0x00007f497a909c00, 0x00007f49ab3df000)
 Metaspace       used 30228K, capacity 30681K, committed 30976K, reserved 32768K
}
Event: 91.564 GC heap before
{Heap before GC invocations=38 (full 11):
 def new generation   total 3550336K, used 2159549K [0x00007f4274600000, 0x00007f4365250000, 0x00007f47c9b50000)
  eden space 3155904K,  68% used [0x00007f4274600000, 0x00007f42f82ef2f0, 0x00007f4334ff0000)
  from space 394432K,   0% used [0x00007f434d120000, 0x00007f434d1201f8, 0x00007f4365250000)
  to   space 394432K,   0% used [0x00007f4334ff0000, 0x00007f4334ff0000, 0x00007f434d120000)
 tenured generation   total 7889468K, used 7091942K [0x00007f47c9b50000, 0x00007f49ab3df000, 0x00007f5274600000)
   the space 7889468K,  89% used [0x00007f47c9b50000, 0x00007f497a909ac8, 0x00007f497a909c00, 0x00007f49ab3df000)
 Metaspace       used 30228K, capacity 30681K, committed 30976K, reserved 32768K
}
Event: 92.031 GC heap after
{Heap after GC invocations=39 (full 11):
 def new generation   total 3550336K, used 1K [0x00007f4274600000, 0x00007f4365250000, 0x00007f47c9b50000)
  eden space 3155904K,   0% used [0x00007f4274600000, 0x00007f4274600000, 0x00007f4334ff0000)
  from space 394432K,   0% used [0x00007f4334ff0000, 0x00007f4334ff0428, 0x00007f434d120000)
  to   space 394432K,   0% used [0x00007f434d120000, 0x00007f434d120000, 0x00007f4365250000)
 tenured generation   total 9986624K, used 9189094K [0x00007f47c9b50000, 0x00007f4a2b3e0000, 0x00007f5274600000)
   the space 9986624K,  92% used [0x00007f47c9b50000, 0x00007f49fa909ae0, 0x00007f49fa909c00, 0x00007f4a2b3e0000)
 Metaspace       used 30228K, capacity 30681K, committed 30976K, reserved 32768K
}
Event: 92.031 GC heap before
{Heap before GC invocations=39 (full 11):
 def new generation   total 3550336K, used 1K [0x00007f4274600000, 0x00007f4365250000, 0x00007f47c9b50000)
  eden space 3155904K,   0% used [0x00007f4274600000, 0x00007f4274600000, 0x00007f4334ff0000)
  from space 394432K,   0% used [0x00007f4334ff0000, 0x00007f4334ff0428, 0x00007f434d120000)
  to   space 394432K,   0% used [0x00007f434d120000, 0x00007f434d120000, 0x00007f4365250000)
 tenured generation   total 9986624K, used 9189094K [0x00007f47c9b50000, 0x00007f4a2b3e0000, 0x00007f5274600000)
   the space 9986624K,  92% used [0x00007f47c9b50000, 0x00007f49fa909ae0, 0x00007f49fa909c00, 0x00007f4a2b3e0000)
 Metaspace       used 30228K, capacity 30681K, committed 30976K, reserved 32768K
}
Event: 92.913 GC heap after
{Heap after GC invocations=39 (full 12):
 def new generation   total 3550336K, used 0K [0x00007f4274600000, 0x00007f4365250000, 0x00007f47c9b50000)
  eden space 3155904K,   0% used [0x00007f4274600000, 0x00007f4274600000, 0x00007f4334ff0000)
  from space 394432K,   0% used [0x00007f4334ff0000, 0x00007f4334ff0000, 0x00007f434d120000)
  to   space 394432K,   0% used [0x00007f434d120000, 0x00007f434d120000, 0x00007f4365250000)
 tenured generation   total 7889468K, used 4207124K [0x00007f47c9b50000, 0x00007f49ab3df000, 0x00007f5274600000)
   the space 7889468K,  53% used [0x00007f47c9b50000, 0x00007f48ca7d51b8, 0x00007f48ca7d5200, 0x00007f49ab3df000)
 Metaspace       used 30228K, capacity 30681K, committed 30976K, reserved 32768K
}
Event: 94.837 GC heap before
{Heap before GC invocations=39 (full 12):
 def new generation   total 3550336K, used 2683450K [0x00007f4274600000, 0x00007f4365250000, 0x00007f47c9b50000)
  eden space 3155904K,  85% used [0x00007f4274600000, 0x00007f431828ebd0, 0x00007f4334ff0000)
  from space 394432K,   0% used [0x00007f4334ff0000, 0x00007f4334ff0000, 0x00007f434d120000)
  to   space 394432K,   0% used [0x00007f434d120000, 0x00007f434d120000, 0x00007f4365250000)
 tenured generation   total 7889468K, used 4207124K [0x00007f47c9b50000, 0x00007f49ab3df000, 0x00007f5274600000)
   the space 7889468K,  53% used [0x00007f47c9b50000, 0x00007f48ca7d51b8, 0x00007f48ca7d5200, 0x00007f49ab3df000)
 Metaspace       used 30228K, capacity 30681K, committed 30976K, reserved 32768K
}
Event: 94.943 GC heap after
{Heap after GC invocations=40 (full 12):
 def new generation   total 3550336K, used 0K [0x00007f4274600000, 0x00007f4365250000, 0x00007f47c9b50000)
  eden space 3155904K,   0% used [0x00007f4274600000, 0x00007f4274600000, 0x00007f4334ff0000)
  from space 394432K,   0% used [0x00007f434d120000, 0x00007f434d120228, 0x00007f4365250000)
  to   space 394432K,   0% used [0x00007f4334ff0000, 0x00007f4334ff0000, 0x00007f434d120000)
 tenured generation   total 7889468K, used 4731412K [0x00007f47c9b50000, 0x00007f49ab3df000, 0x00007f5274600000)
   the space 7889468K,  59% used [0x00007f47c9b50000, 0x00007f48ea7d51d0, 0x00007f48ea7d5200, 0x00007f49ab3df000)
 Metaspace       used 30228K, capacity 30681K, committed 30976K, reserved 32768K
}
Event: 97.136 GC heap before
{Heap before GC invocations=40 (full 12):
 def new generation   total 3550336K, used 3155904K [0x00007f4274600000, 0x00007f4365250000, 0x00007f47c9b50000)
  eden space 3155904K, 100% used [0x00007f4274600000, 0x00007f4334ff0000, 0x00007f4334ff0000)
  from space 394432K,   0% used [0x00007f434d120000, 0x00007f434d120228, 0x00007f4365250000)
  to   space 394432K,   0% used [0x00007f4334ff0000, 0x00007f4334ff0000, 0x00007f434d120000)
 tenured generation   total 7889468K, used 4731412K [0x00007f47c9b50000, 0x00007f49ab3df000, 0x00007f5274600000)
   the space 7889468K,  59% used [0x00007f47c9b50000, 0x00007f48ea7d51d0, 0x00007f48ea7d5200, 0x00007f49ab3df000)
 Metaspace       used 30433K, capacity 30819K, committed 30976K, reserved 32768K
}
Event: 97.164 GC heap after
{Heap after GC invocations=41 (full 12):
 def new generation   total 3550336K, used 3044K [0x00007f4274600000, 0x00007f4365250000, 0x00007f47c9b50000)
  eden space 3155904K,   0% used [0x00007f4274600000, 0x00007f4274600000, 0x00007f4334ff0000)
  from space 394432K,   0% used [0x00007f4334ff0000, 0x00007f43352e9050, 0x00007f434d120000)
  to   space 394432K,   0% used [0x00007f434d120000, 0x00007f434d120000, 0x00007f4365250000)
 tenured generation   total 7889468K, used 4731412K [0x00007f47c9b50000, 0x00007f49ab3df000, 0x00007f5274600000)
   the space 7889468K,  59% used [0x00007f47c9b50000, 0x00007f48ea7d51d0, 0x00007f48ea7d5200, 0x00007f49ab3df000)
 Metaspace       used 30433K, capacity 30819K, committed 30976K, reserved 32768K
}
Event: 99.661 GC heap before
{Heap before GC invocations=41 (full 12):
 def new generation   total 3550336K, used 3105560K [0x00007f4274600000, 0x00007f4365250000, 0x00007f47c9b50000)
  eden space 3155904K,  98% used [0x00007f4274600000, 0x00007f4331bccff0, 0x00007f4334ff0000)
  from space 394432K,   0% used [0x00007f4334ff0000, 0x00007f43352e9050, 0x00007f434d120000)
  to   space 394432K,   0% used [0x00007f434d120000, 0x00007f434d120000, 0x00007f4365250000)
 tenured generation   total 7889468K, used 4731412K [0x00007f47c9b50000, 0x00007f49ab3df000, 0x00007f5274600000)
   the space 7889468K,  59% used [0x00007f47c9b50000, 0x00007f48ea7d51d0, 0x00007f48ea7d5200, 0x00007f49ab3df000)
 Metaspace       used 30433K, capacity 30819K, committed 30976K, reserved 32768K
}
Event: 99.724 GC heap after
{Heap after GC invocations=42 (full 12):
 def new generation   total 3550336K, used 266083K [0x00007f4274600000, 0x00007f4365250000, 0x00007f47c9b50000)
  eden space 3155904K,   0% used [0x00007f4274600000, 0x00007f4274600000, 0x00007f4334ff0000)
  from space 394432K,  67% used [0x00007f434d120000, 0x00007f435d4f8e30, 0x00007f4365250000)
  to   space 394432K,   0% used [0x00007f4334ff0000, 0x00007f4334ff0000, 0x00007f434d120000)
 tenured generation   total 7889468K, used 4993556K [0x00007f47c9b50000, 0x00007f49ab3df000, 0x00007f5274600000)
   the space 7889468K,  63% used [0x00007f47c9b50000, 0x00007f48fa7d51e8, 0x00007f48fa7d5200, 0x00007f49ab3df000)
 Metaspace       used 30433K, capacity 30819K, committed 30976K, reserved 32768K
}
Event: 99.724 GC heap before
{Heap before GC invocations=42 (full 12):
 def new generation   total 3550336K, used 266083K [0x00007f4274600000, 0x00007f4365250000, 0x00007f47c9b50000)
  eden space 3155904K,   0% used [0x00007f4274600000, 0x00007f4274600000, 0x00007f4334ff0000)
  from space 394432K,  67% used [0x00007f434d120000, 0x00007f435d4f8e30, 0x00007f4365250000)
  to   space 394432K,   0% used [0x00007f4334ff0000, 0x00007f4334ff0000, 0x00007f434d120000)
 tenured generation   total 7889468K, used 4993556K [0x00007f47c9b50000, 0x00007f49ab3df000, 0x00007f5274600000)
   the space 7889468K,  63% used [0x00007f47c9b50000, 0x00007f48fa7d51e8, 0x00007f48fa7d5200, 0x00007f49ab3df000)
 Metaspace       used 30433K, capacity 30819K, committed 30976K, reserved 32768K
}
Event: 99.808 GC heap after
{Heap after GC invocations=42 (full 13):
 def new generation   total 3550336K, used 0K [0x00007f4274600000, 0x00007f4365250000, 0x00007f47c9b50000)
  eden space 3155904K,   0% used [0x00007f4274600000, 0x00007f4274600000, 0x00007f4334ff0000)
  from space 394432K,   0% used [0x00007f434d120000, 0x00007f434d120000, 0x00007f4365250000)
  to   space 394432K,   0% used [0x00007f4334ff0000, 0x00007f4334ff0000, 0x00007f434d120000)
 tenured generation   total 7889468K, used 537393K [0x00007f47c9b50000, 0x00007f49ab3df000, 0x00007f5274600000)
   the space 7889468K,   6% used [0x00007f47c9b50000, 0x00007f47ea81c7e8, 0x00007f47ea81c800, 0x00007f49ab3df000)
 Metaspace       used 30433K, capacity 30819K, committed 30976K, reserved 32768K
}
Event: 103.711 GC heap before
{Heap before GC invocations=42 (full 13):
 def new generation   total 3550336K, used 2158995K [0x00007f4274600000, 0x00007f4365250000, 0x00007f47c9b50000)
  eden space 3155904K,  68% used [0x00007f4274600000, 0x00007f42f8264d88, 0x00007f4334ff0000)
  from space 394432K,   0% used [0x00007f434d120000, 0x00007f434d120000, 0x00007f4365250000)
  to   space 394432K,   0% used [0x00007f4334ff0000, 0x00007f4334ff0000, 0x00007f434d120000)
 tenured generation   total 7889468K, used 4731698K [0x00007f47c9b50000, 0x00007f49ab3df000, 0x00007f5274600000)
   the space 7889468K,  59% used [0x00007f47c9b50000, 0x00007f48ea81c800, 0x00007f48ea81c800, 0x00007f49ab3df000)
 Metaspace       used 30433K, capacity 30819K, committed 30976K, reserved 32768K
}
Event: 103.976 GC heap after
{Heap after GC invocations=43 (full 13):
 def new generation   total 3550336K, used 0K [0x00007f4274600000, 0x00007f4365250000, 0x00007f47c9b50000)
  eden space 3155904K,   0% used [0x00007f4274600000, 0x00007f4274600000, 0x00007f4334ff0000)
  from space 394432K,   0% used [0x00007f4334ff0000, 0x00007f4334ff01f8, 0x00007f434d120000)
  to   space 394432K,   0% used [0x00007f434d120000, 0x00007f434d120000, 0x00007f4365250000)
 tenured generation   total 7889468K, used 6828850K [0x00007f47c9b50000, 0x00007f49ab3df000, 0x00007f5274600000)
   the space 7889468K,  86% used [0x00007f47c9b50000, 0x00007f496a81c818, 0x00007f496a81ca00, 0x00007f49ab3df000)
 Metaspace       used 30433K, capacity 30819K, committed 30976K, reserved 32768K
}
Event: 104.482 GC heap before
{Heap before GC invocations=43 (full 13):
 def new generation   total 3550336K, used 2159442K [0x00007f4274600000, 0x00007f4365250000, 0x00007f47c9b50000)
  eden space 3155904K,  68% used [0x00007f4274600000, 0x00007f42f82d4650, 0x00007f4334ff0000)
  from space 394432K,   0% used [0x00007f4334ff0000, 0x00007f4334ff01f8, 0x00007f434d120000)
  to   space 394432K,   0% used [0x00007f434d120000, 0x00007f434d120000, 0x00007f4365250000)
 tenured generation   total 7889468K, used 6828850K [0x00007f47c9b50000, 0x00007f49ab3df000, 0x00007f5274600000)
   the space 7889468K,  86% used [0x00007f47c9b50000, 0x00007f496a81c818, 0x00007f496a81ca00, 0x00007f49ab3df000)
 Metaspace       used 30433K, capacity 30819K, committed 30976K, reserved 32768K
}

