# JRE version: OpenJDK Runtime Environment (13.0.7+5) (build 13.0.7+5-Ubuntu-0ubuntu120.04)
# Java VM: OpenJDK 64-Bit Server VM (13.0.7+5-Ubuntu-0ubuntu120.04, mixed mode, tiered, serial gc, linux-amd64)
Heap:
 def new generation   total 2596416K, used 199342K [0x00007f8834600000, 0x00007f88e4740000, 0x00007f8d89b50000)
  eden space 2307968K,   8% used [0x00007f8834600000, 0x00007f88408ab928, 0x00007f88c13e0000)
  from space 288448K,   0% used [0x00007f88c13e0000, 0x00007f88c13e0000, 0x00007f88d2d90000)
  to   space 288448K,   0% used [0x00007f88d2d90000, 0x00007f88d2d90000, 0x00007f88e4740000)
 tenured generation   total 5917348K, used 5917347K [0x00007f8d89b50000, 0x00007f8ef2df9000, 0x00007f9834600000)
   the space 5917348K,  99% used [0x00007f8d89b50000, 0x00007f8ef2df8ff0, 0x00007f8ef2df9000, 0x00007f8ef2df9000)
 Metaspace       used 30669K, capacity 31062K, committed 31232K, reserved 32768K
GC Heap History (20 events):
Event: 119.922 GC heap after
{Heap after GC invocations=64 (full 4):
 def new generation   total 2596416K, used 182829K [0x00007f8834600000, 0x00007f88e4740000, 0x00007f8d89b50000)
  eden space 2307968K,   0% used [0x00007f8834600000, 0x00007f8834600000, 0x00007f88c13e0000)
  from space 288448K,  63% used [0x00007f88d2d90000, 0x00007f88de01b698, 0x00007f88e4740000)
  to   space 288448K,   0% used [0x00007f88c13e0000, 0x00007f88c13e0000, 0x00007f88d2d90000)
 tenured generation   total 5769700K, used 4214619K [0x00007f8d89b50000, 0x00007f8ee9dc9000, 0x00007f9834600000)
   the space 5769700K,  73% used [0x00007f8d89b50000, 0x00007f8e8af26da0, 0x00007f8e8af26e00, 0x00007f8ee9dc9000)
 Metaspace       used 30669K, capacity 31062K, committed 31232K, reserved 32768K
}
Event: 120.535 GC heap before
{Heap before GC invocations=64 (full 4):
 def new generation   total 2596416K, used 2490797K [0x00007f8834600000, 0x00007f88e4740000, 0x00007f8d89b50000)
  eden space 2307968K, 100% used [0x00007f8834600000, 0x00007f88c13e0000, 0x00007f88c13e0000)
  from space 288448K,  63% used [0x00007f88d2d90000, 0x00007f88de01b698, 0x00007f88e4740000)
  to   space 288448K,   0% used [0x00007f88c13e0000, 0x00007f88c13e0000, 0x00007f88d2d90000)
 tenured generation   total 5769700K, used 4214619K [0x00007f8d89b50000, 0x00007f8ee9dc9000, 0x00007f9834600000)
   the space 5769700K,  73% used [0x00007f8d89b50000, 0x00007f8e8af26da0, 0x00007f8e8af26e00, 0x00007f8ee9dc9000)
 Metaspace       used 30669K, capacity 31062K, committed 31232K, reserved 32768K
}
Event: 121.222 GC heap after
{Heap after GC invocations=65 (full 4):
 def new generation   total 2596416K, used 194083K [0x00007f8834600000, 0x00007f88e4740000, 0x00007f8d89b50000)
  eden space 2307968K,   0% used [0x00007f8834600000, 0x00007f8834600000, 0x00007f88c13e0000)
  from space 288448K,  67% used [0x00007f88c13e0000, 0x00007f88cd168ee8, 0x00007f88d2d90000)
  to   space 288448K,   0% used [0x00007f88d2d90000, 0x00007f88d2d90000, 0x00007f88e4740000)
 tenured generation   total 5769700K, used 4397448K [0x00007f8d89b50000, 0x00007f8ee9dc9000, 0x00007f9834600000)
   the space 5769700K,  76% used [0x00007f8d89b50000, 0x00007f8e961b2168, 0x00007f8e961b2200, 0x00007f8ee9dc9000)
 Metaspace       used 30669K, capacity 31062K, committed 31232K, reserved 32768K
}
Event: 121.846 GC heap before
{Heap before GC invocations=65 (full 4):
 def new generation   total 2596416K, used 2502051K [0x00007f8834600000, 0x00007f88e4740000, 0x00007f8d89b50000)
  eden space 2307968K, 100% used [0x00007f8834600000, 0x00007f88c13e0000, 0x00007f88c13e0000)
  from space 288448K,  67% used [0x00007f88c13e0000, 0x00007f88cd168ee8, 0x00007f88d2d90000)
  to   space 288448K,   0% used [0x00007f88d2d90000, 0x00007f88d2d90000, 0x00007f88e4740000)
 tenured generation   total 5769700K, used 4397448K [0x00007f8d89b50000, 0x00007f8ee9dc9000, 0x00007f9834600000)
   the space 5769700K,  76% used [0x00007f8d89b50000, 0x00007f8e961b2168, 0x00007f8e961b2200, 0x00007f8ee9dc9000)
 Metaspace       used 30669K, capacity 31062K, committed 31232K, reserved 32768K
}
Event: 122.511 GC heap after
{Heap after GC invocations=66 (full 4):
 def new generation   total 2596416K, used 189960K [0x00007f8834600000, 0x00007f88e4740000, 0x00007f8d89b50000)
  eden space 2307968K,   0% used [0x00007f8834600000, 0x00007f8834600000, 0x00007f88c13e0000)
  from space 288448K,  65% used [0x00007f88d2d90000, 0x00007f88de712170, 0x00007f88e4740000)
  to   space 288448K,   0% used [0x00007f88c13e0000, 0x00007f88c13e0000, 0x00007f88d2d90000)
 tenured generation   total 5769700K, used 4591531K [0x00007f8d89b50000, 0x00007f8ee9dc9000, 0x00007f9834600000)
   the space 5769700K,  79% used [0x00007f8d89b50000, 0x00007f8ea1f3ac90, 0x00007f8ea1f3ae00, 0x00007f8ee9dc9000)
 Metaspace       used 30669K, capacity 31062K, committed 31232K, reserved 32768K
}
Event: 123.149 GC heap before
{Heap before GC invocations=66 (full 4):
 def new generation   total 2596416K, used 2497928K [0x00007f8834600000, 0x00007f88e4740000, 0x00007f8d89b50000)
  eden space 2307968K, 100% used [0x00007f8834600000, 0x00007f88c13e0000, 0x00007f88c13e0000)
  from space 288448K,  65% used [0x00007f88d2d90000, 0x00007f88de712170, 0x00007f88e4740000)
  to   space 288448K,   0% used [0x00007f88c13e0000, 0x00007f88c13e0000, 0x00007f88d2d90000)
 tenured generation   total 5769700K, used 4591531K [0x00007f8d89b50000, 0x00007f8ee9dc9000, 0x00007f9834600000)
   the space 5769700K,  79% used [0x00007f8d89b50000, 0x00007f8ea1f3ac90, 0x00007f8ea1f3ae00, 0x00007f8ee9dc9000)
 Metaspace       used 30669K, capacity 31062K, committed 31232K, reserved 32768K
}
Event: 123.731 GC heap after
{Heap after GC invocations=67 (full 4):
 def new generation   total 2596416K, used 197010K [0x00007f8834600000, 0x00007f88e4740000, 0x00007f8d89b50000)
  eden space 2307968K,   0% used [0x00007f8834600000, 0x00007f8834600000, 0x00007f88c13e0000)
  from space 288448K,  68% used [0x00007f88c13e0000, 0x00007f88cd4449c8, 0x00007f88d2d90000)
  to   space 288448K,   0% used [0x00007f88d2d90000, 0x00007f88d2d90000, 0x00007f88e4740000)
 tenured generation   total 5769700K, used 4781490K [0x00007f8d89b50000, 0x00007f8ee9dc9000, 0x00007f9834600000)
   the space 5769700K,  82% used [0x00007f8d89b50000, 0x00007f8ead8bc990, 0x00007f8ead8bca00, 0x00007f8ee9dc9000)
 Metaspace       used 30669K, capacity 31062K, committed 31232K, reserved 32768K
}
Event: 124.332 GC heap before
{Heap before GC invocations=67 (full 4):
 def new generation   total 2596416K, used 2504978K [0x00007f8834600000, 0x00007f88e4740000, 0x00007f8d89b50000)
  eden space 2307968K, 100% used [0x00007f8834600000, 0x00007f88c13e0000, 0x00007f88c13e0000)
  from space 288448K,  68% used [0x00007f88c13e0000, 0x00007f88cd4449c8, 0x00007f88d2d90000)
  to   space 288448K,   0% used [0x00007f88d2d90000, 0x00007f88d2d90000, 0x00007f88e4740000)
 tenured generation   total 5769700K, used 4781490K [0x00007f8d89b50000, 0x00007f8ee9dc9000, 0x00007f9834600000)
   the space 5769700K,  82% used [0x00007f8d89b50000, 0x00007f8ead8bc990, 0x00007f8ead8bca00, 0x00007f8ee9dc9000)
 Metaspace       used 30669K, capacity 31062K, committed 31232K, reserved 32768K
}
Event: 124.896 GC heap after
{Heap after GC invocations=68 (full 4):
 def new generation   total 2596416K, used 187096K [0x00007f8834600000, 0x00007f88e4740000, 0x00007f8d89b50000)
  eden space 2307968K,   0% used [0x00007f8834600000, 0x00007f8834600000, 0x00007f88c13e0000)
  from space 288448K,  64% used [0x00007f88d2d90000, 0x00007f88de446058, 0x00007f88e4740000)
  to   space 288448K,   0% used [0x00007f88c13e0000, 0x00007f88c13e0000, 0x00007f88d2d90000)
 tenured generation   total 5769700K, used 4978499K [0x00007f8d89b50000, 0x00007f8ee9dc9000, 0x00007f9834600000)
   the space 5769700K,  86% used [0x00007f8d89b50000, 0x00007f8eb9920da8, 0x00007f8eb9920e00, 0x00007f8ee9dc9000)
 Metaspace       used 30669K, capacity 31062K, committed 31232K, reserved 32768K
}
Event: 125.477 GC heap before
{Heap before GC invocations=68 (full 4):
 def new generation   total 2596416K, used 2495064K [0x00007f8834600000, 0x00007f88e4740000, 0x00007f8d89b50000)
  eden space 2307968K, 100% used [0x00007f8834600000, 0x00007f88c13e0000, 0x00007f88c13e0000)
  from space 288448K,  64% used [0x00007f88d2d90000, 0x00007f88de446058, 0x00007f88e4740000)
  to   space 288448K,   0% used [0x00007f88c13e0000, 0x00007f88c13e0000, 0x00007f88d2d90000)
 tenured generation   total 5769700K, used 4978499K [0x00007f8d89b50000, 0x00007f8ee9dc9000, 0x00007f9834600000)
   the space 5769700K,  86% used [0x00007f8d89b50000, 0x00007f8eb9920da8, 0x00007f8eb9920e00, 0x00007f8ee9dc9000)
 Metaspace       used 30669K, capacity 31062K, committed 31232K, reserved 32768K
}
Event: 126.031 GC heap after
{Heap after GC invocations=69 (full 4):
 def new generation   total 2596416K, used 186485K [0x00007f8834600000, 0x00007f88e4740000, 0x00007f8d89b50000)
  eden space 2307968K,   0% used [0x00007f8834600000, 0x00007f8834600000, 0x00007f88c13e0000)
  from space 288448K,  64% used [0x00007f88c13e0000, 0x00007f88cc9fd578, 0x00007f88d2d90000)
  to   space 288448K,   0% used [0x00007f88d2d90000, 0x00007f88d2d90000, 0x00007f88e4740000)
 tenured generation   total 5769700K, used 5165594K [0x00007f8d89b50000, 0x00007f8ee9dc9000, 0x00007f9834600000)
   the space 5769700K,  89% used [0x00007f8d89b50000, 0x00007f8ec4fd6a40, 0x00007f8ec4fd6c00, 0x00007f8ee9dc9000)
 Metaspace       used 30669K, capacity 31062K, committed 31232K, reserved 32768K
}
Event: 126.617 GC heap before
{Heap before GC invocations=69 (full 4):
 def new generation   total 2596416K, used 2494453K [0x00007f8834600000, 0x00007f88e4740000, 0x00007f8d89b50000)
  eden space 2307968K, 100% used [0x00007f8834600000, 0x00007f88c13e0000, 0x00007f88c13e0000)
  from space 288448K,  64% used [0x00007f88c13e0000, 0x00007f88cc9fd578, 0x00007f88d2d90000)
  to   space 288448K,   0% used [0x00007f88d2d90000, 0x00007f88d2d90000, 0x00007f88e4740000)
 tenured generation   total 5769700K, used 5165594K [0x00007f8d89b50000, 0x00007f8ee9dc9000, 0x00007f9834600000)
   the space 5769700K,  89% used [0x00007f8d89b50000, 0x00007f8ec4fd6a40, 0x00007f8ec4fd6c00, 0x00007f8ee9dc9000)
 Metaspace       used 30669K, capacity 31062K, committed 31232K, reserved 32768K
}
Event: 127.170 GC heap after
{Heap after GC invocations=70 (full 4):
 def new generation   total 2596416K, used 183174K [0x00007f8834600000, 0x00007f88e4740000, 0x00007f8d89b50000)
  eden space 2307968K,   0% used [0x00007f8834600000, 0x00007f8834600000, 0x00007f88c13e0000)
  from space 288448K,  63% used [0x00007f88d2d90000, 0x00007f88de071830, 0x00007f88e4740000)
  to   space 288448K,   0% used [0x00007f88c13e0000, 0x00007f88c13e0000, 0x00007f88d2d90000)
 tenured generation   total 5769700K, used 5352079K [0x00007f8d89b50000, 0x00007f8ee9dc9000, 0x00007f9834600000)
   the space 5769700K,  92% used [0x00007f8d89b50000, 0x00007f8ed05f3ce8, 0x00007f8ed05f3e00, 0x00007f8ee9dc9000)
 Metaspace       used 30669K, capacity 31062K, committed 31232K, reserved 32768K
}
Event: 127.784 GC heap before
{Heap before GC invocations=70 (full 4):
 def new generation   total 2596416K, used 2491142K [0x00007f8834600000, 0x00007f88e4740000, 0x00007f8d89b50000)
  eden space 2307968K, 100% used [0x00007f8834600000, 0x00007f88c13e0000, 0x00007f88c13e0000)
  from space 288448K,  63% used [0x00007f88d2d90000, 0x00007f88de071830, 0x00007f88e4740000)
  to   space 288448K,   0% used [0x00007f88c13e0000, 0x00007f88c13e0000, 0x00007f88d2d90000)
 tenured generation   total 5769700K, used 5352079K [0x00007f8d89b50000, 0x00007f8ee9dc9000, 0x00007f9834600000)
   the space 5769700K,  92% used [0x00007f8d89b50000, 0x00007f8ed05f3ce8, 0x00007f8ed05f3e00, 0x00007f8ee9dc9000)
 Metaspace       used 30669K, capacity 31062K, committed 31232K, reserved 32768K
}
Event: 128.375 GC heap after
{Heap after GC invocations=71 (full 4):
 def new generation   total 2596416K, used 197051K [0x00007f8834600000, 0x00007f88e4740000, 0x00007f8d89b50000)
  eden space 2307968K,   0% used [0x00007f8834600000, 0x00007f8834600000, 0x00007f88c13e0000)
  from space 288448K,  68% used [0x00007f88c13e0000, 0x00007f88cd44ee80, 0x00007f88d2d90000)
  to   space 288448K,   0% used [0x00007f88d2d90000, 0x00007f88d2d90000, 0x00007f88e4740000)
 tenured generation   total 5769700K, used 5535252K [0x00007f8d89b50000, 0x00007f8ee9dc9000, 0x00007f9834600000)
   the space 5769700K,  95% used [0x00007f8d89b50000, 0x00007f8edb8d5398, 0x00007f8edb8d5400, 0x00007f8ee9dc9000)
 Metaspace       used 30669K, capacity 31062K, committed 31232K, reserved 32768K
}
Event: 128.957 GC heap before
{Heap before GC invocations=71 (full 4):
 def new generation   total 2596416K, used 2505019K [0x00007f8834600000, 0x00007f88e4740000, 0x00007f8d89b50000)
  eden space 2307968K, 100% used [0x00007f8834600000, 0x00007f88c13e0000, 0x00007f88c13e0000)
  from space 288448K,  68% used [0x00007f88c13e0000, 0x00007f88cd44ee80, 0x00007f88d2d90000)
  to   space 288448K,   0% used [0x00007f88d2d90000, 0x00007f88d2d90000, 0x00007f88e4740000)
 tenured generation   total 5769700K, used 5535252K [0x00007f8d89b50000, 0x00007f8ee9dc9000, 0x00007f9834600000)
   the space 5769700K,  95% used [0x00007f8d89b50000, 0x00007f8edb8d5398, 0x00007f8edb8d5400, 0x00007f8ee9dc9000)
 Metaspace       used 30669K, capacity 31062K, committed 31232K, reserved 32768K
}
Event: 129.567 GC heap after
{Heap after GC invocations=72 (full 4):
 def new generation   total 2596416K, used 184968K [0x00007f8834600000, 0x00007f88e4740000, 0x00007f8d89b50000)
  eden space 2307968K,   0% used [0x00007f8834600000, 0x00007f8834600000, 0x00007f88c13e0000)
  from space 288448K,  64% used [0x00007f88d2d90000, 0x00007f88de232150, 0x00007f88e4740000)
  to   space 288448K,   0% used [0x00007f88c13e0000, 0x00007f88c13e0000, 0x00007f88d2d90000)
 tenured generation   total 5769700K, used 5732304K [0x00007f8d89b50000, 0x00007f8ee9dc9000, 0x00007f9834600000)
   the space 5769700K,  99% used [0x00007f8d89b50000, 0x00007f8ee79440e8, 0x00007f8ee7944200, 0x00007f8ee9dc9000)
 Metaspace       used 30669K, capacity 31062K, committed 31232K, reserved 32768K
}
Event: 130.189 GC heap before
{Heap before GC invocations=72 (full 4):
 def new generation   total 2596416K, used 2492936K [0x00007f8834600000, 0x00007f88e4740000, 0x00007f8d89b50000)
  eden space 2307968K, 100% used [0x00007f8834600000, 0x00007f88c13e0000, 0x00007f88c13e0000)
  from space 288448K,  64% used [0x00007f88d2d90000, 0x00007f88de232150, 0x00007f88e4740000)
  to   space 288448K,   0% used [0x00007f88c13e0000, 0x00007f88c13e0000, 0x00007f88d2d90000)
 tenured generation   total 5769700K, used 5732304K [0x00007f8d89b50000, 0x00007f8ee9dc9000, 0x00007f9834600000)
   the space 5769700K,  99% used [0x00007f8d89b50000, 0x00007f8ee79440e8, 0x00007f8ee7944200, 0x00007f8ee9dc9000)
 Metaspace       used 30669K, capacity 31062K, committed 31232K, reserved 32768K
}
Event: 130.780 GC heap after
{Heap after GC invocations=73 (full 4):
 def new generation   total 2596416K, used 199418K [0x00007f8834600000, 0x00007f88e4740000, 0x00007f8d89b50000)
  eden space 2307968K,   0% used [0x00007f8834600000, 0x00007f8834600000, 0x00007f88c13e0000)
  from space 288448K,  69% used [0x00007f88c13e0000, 0x00007f88cd69eb30, 0x00007f88d2d90000)
  to   space 288448K,   0% used [0x00007f88d2d90000, 0x00007f88d2d90000, 0x00007f88e4740000)
 tenured generation   total 5917348K, used 5917271K [0x00007f8d89b50000, 0x00007f8ef2df9000, 0x00007f9834600000)
   the space 5917348K,  99% used [0x00007f8d89b50000, 0x00007f8ef2de5de8, 0x00007f8ef2de5e00, 0x00007f8ef2df9000)
 Metaspace       used 30669K, capacity 31062K, committed 31232K, reserved 32768K
}
Event: 130.780 GC heap before
{Heap before GC invocations=73 (full 4):
 def new generation   total 2596416K, used 199418K [0x00007f8834600000, 0x00007f88e4740000, 0x00007f8d89b50000)
  eden space 2307968K,   0% used [0x00007f8834600000, 0x00007f8834600000, 0x00007f88c13e0000)
  from space 288448K,  69% used [0x00007f88c13e0000, 0x00007f88cd69eb30, 0x00007f88d2d90000)
  to   space 288448K,   0% used [0x00007f88d2d90000, 0x00007f88d2d90000, 0x00007f88e4740000)
 tenured generation   total 5917348K, used 5917271K [0x00007f8d89b50000, 0x00007f8ef2df9000, 0x00007f9834600000)
   the space 5917348K,  99% used [0x00007f8d89b50000, 0x00007f8ef2de5de8, 0x00007f8ef2de5e00, 0x00007f8ef2df9000)
 Metaspace       used 30669K, capacity 31062K, committed 31232K, reserved 32768K
}

