# JRE version: OpenJDK Runtime Environment (13.0.7+5) (build 13.0.7+5-Ubuntu-0ubuntu120.04)
# Java VM: OpenJDK 64-Bit Server VM (13.0.7+5-Ubuntu-0ubuntu120.04, mixed mode, tiered, serial gc, linux-amd64)
Heap:
 def new generation   total 2914240K, used 60577K [0x00007fe1f8600000, 0x00007fe2be020000, 0x00007fe74db50000)
  eden space 2590464K,   2% used [0x00007fe1f8600000, 0x00007fe1fc128460, 0x00007fe2967c0000)
  from space 323776K,   0% used [0x00007fe2967c0000, 0x00007fe2967c0000, 0x00007fe2aa3f0000)
  to   space 323776K,   0% used [0x00007fe2aa3f0000, 0x00007fe2aa3f0000, 0x00007fe2be020000)
 tenured generation   total 6480820K, used 6480819K [0x00007fe74db50000, 0x00007fe8d943d000, 0x00007ff1f8600000)
   the space 6480820K,  99% used [0x00007fe74db50000, 0x00007fe8d943cfd8, 0x00007fe8d943d000, 0x00007fe8d943d000)
 Metaspace       used 24265K, capacity 24707K, committed 24832K, reserved 26624K
GC Heap History (20 events):
Event: 4665.348 GC heap after
{Heap after GC invocations=3724 (full 4):
 def new generation   total 2914240K, used 59220K [0x00007fe1f8600000, 0x00007fe2be020000, 0x00007fe74db50000)
  eden space 2590464K,   0% used [0x00007fe1f8600000, 0x00007fe1f8600000, 0x00007fe2967c0000)
  from space 323776K,  18% used [0x00007fe2aa3f0000, 0x00007fe2addc5060, 0x00007fe2be020000)
  to   space 323776K,   0% used [0x00007fe2967c0000, 0x00007fe2967c0000, 0x00007fe2aa3f0000)
 tenured generation   total 6476020K, used 6445572K [0x00007fe74db50000, 0x00007fe8d8f8d000, 0x00007ff1f8600000)
   the space 6476020K,  99% used [0x00007fe74db50000, 0x00007fe8d71d10c8, 0x00007fe8d71d1200, 0x00007fe8d8f8d000)
 Metaspace       used 24265K, capacity 24707K, committed 24832K, reserved 26624K
}
Event: 4667.798 GC heap before
{Heap before GC invocations=3724 (full 4):
 def new generation   total 2914240K, used 2649684K [0x00007fe1f8600000, 0x00007fe2be020000, 0x00007fe74db50000)
  eden space 2590464K, 100% used [0x00007fe1f8600000, 0x00007fe2967c0000, 0x00007fe2967c0000)
  from space 323776K,  18% used [0x00007fe2aa3f0000, 0x00007fe2addc5060, 0x00007fe2be020000)
  to   space 323776K,   0% used [0x00007fe2967c0000, 0x00007fe2967c0000, 0x00007fe2aa3f0000)
 tenured generation   total 6476020K, used 6445572K [0x00007fe74db50000, 0x00007fe8d8f8d000, 0x00007ff1f8600000)
   the space 6476020K,  99% used [0x00007fe74db50000, 0x00007fe8d71d10c8, 0x00007fe8d71d1200, 0x00007fe8d8f8d000)
 Metaspace       used 24265K, capacity 24707K, committed 24832K, reserved 26624K
}
Event: 4667.970 GC heap after
{Heap after GC invocations=3725 (full 4):
 def new generation   total 2914240K, used 54869K [0x00007fe1f8600000, 0x00007fe2be020000, 0x00007fe74db50000)
  eden space 2590464K,   0% used [0x00007fe1f8600000, 0x00007fe1f8600000, 0x00007fe2967c0000)
  from space 323776K,  16% used [0x00007fe2967c0000, 0x00007fe299d55490, 0x00007fe2aa3f0000)
  to   space 323776K,   0% used [0x00007fe2aa3f0000, 0x00007fe2aa3f0000, 0x00007fe2be020000)
 tenured generation   total 6476020K, used 6451994K [0x00007fe74db50000, 0x00007fe8d8f8d000, 0x00007ff1f8600000)
   the space 6476020K,  99% used [0x00007fe74db50000, 0x00007fe8d7816830, 0x00007fe8d7816a00, 0x00007fe8d8f8d000)
 Metaspace       used 24265K, capacity 24707K, committed 24832K, reserved 26624K
}
Event: 4670.477 GC heap before
{Heap before GC invocations=3725 (full 4):
 def new generation   total 2914240K, used 2645333K [0x00007fe1f8600000, 0x00007fe2be020000, 0x00007fe74db50000)
  eden space 2590464K, 100% used [0x00007fe1f8600000, 0x00007fe2967c0000, 0x00007fe2967c0000)
  from space 323776K,  16% used [0x00007fe2967c0000, 0x00007fe299d55490, 0x00007fe2aa3f0000)
  to   space 323776K,   0% used [0x00007fe2aa3f0000, 0x00007fe2aa3f0000, 0x00007fe2be020000)
 tenured generation   total 6476020K, used 6451994K [0x00007fe74db50000, 0x00007fe8d8f8d000, 0x00007ff1f8600000)
   the space 6476020K,  99% used [0x00007fe74db50000, 0x00007fe8d7816830, 0x00007fe8d7816a00, 0x00007fe8d8f8d000)
 Metaspace       used 24265K, capacity 24707K, committed 24832K, reserved 26624K
}
Event: 4670.648 GC heap after
{Heap after GC invocations=3726 (full 4):
 def new generation   total 2914240K, used 58455K [0x00007fe1f8600000, 0x00007fe2be020000, 0x00007fe74db50000)
  eden space 2590464K,   0% used [0x00007fe1f8600000, 0x00007fe1f8600000, 0x00007fe2967c0000)
  from space 323776K,  18% used [0x00007fe2aa3f0000, 0x00007fe2add05cf0, 0x00007fe2be020000)
  to   space 323776K,   0% used [0x00007fe2967c0000, 0x00007fe2967c0000, 0x00007fe2aa3f0000)
 tenured generation   total 6476020K, used 6454008K [0x00007fe74db50000, 0x00007fe8d8f8d000, 0x00007ff1f8600000)
   the space 6476020K,  99% used [0x00007fe74db50000, 0x00007fe8d7a0e0c0, 0x00007fe8d7a0e200, 0x00007fe8d8f8d000)
 Metaspace       used 24265K, capacity 24707K, committed 24832K, reserved 26624K
}
Event: 4673.147 GC heap before
{Heap before GC invocations=3726 (full 4):
 def new generation   total 2914240K, used 2648919K [0x00007fe1f8600000, 0x00007fe2be020000, 0x00007fe74db50000)
  eden space 2590464K, 100% used [0x00007fe1f8600000, 0x00007fe2967c0000, 0x00007fe2967c0000)
  from space 323776K,  18% used [0x00007fe2aa3f0000, 0x00007fe2add05cf0, 0x00007fe2be020000)
  to   space 323776K,   0% used [0x00007fe2967c0000, 0x00007fe2967c0000, 0x00007fe2aa3f0000)
 tenured generation   total 6476020K, used 6454008K [0x00007fe74db50000, 0x00007fe8d8f8d000, 0x00007ff1f8600000)
   the space 6476020K,  99% used [0x00007fe74db50000, 0x00007fe8d7a0e0c0, 0x00007fe8d7a0e200, 0x00007fe8d8f8d000)
 Metaspace       used 24265K, capacity 24707K, committed 24832K, reserved 26624K
}
Event: 4673.313 GC heap after
{Heap after GC invocations=3727 (full 4):
 def new generation   total 2914240K, used 58946K [0x00007fe1f8600000, 0x00007fe2be020000, 0x00007fe74db50000)
  eden space 2590464K,   0% used [0x00007fe1f8600000, 0x00007fe1f8600000, 0x00007fe2967c0000)
  from space 323776K,  18% used [0x00007fe2967c0000, 0x00007fe29a150830, 0x00007fe2aa3f0000)
  to   space 323776K,   0% used [0x00007fe2aa3f0000, 0x00007fe2aa3f0000, 0x00007fe2be020000)
 tenured generation   total 6476020K, used 6456739K [0x00007fe74db50000, 0x00007fe8d8f8d000, 0x00007ff1f8600000)
   the space 6476020K,  99% used [0x00007fe74db50000, 0x00007fe8d7cb8cf8, 0x00007fe8d7cb8e00, 0x00007fe8d8f8d000)
 Metaspace       used 24265K, capacity 24707K, committed 24832K, reserved 26624K
}
Event: 4675.940 GC heap before
{Heap before GC invocations=3727 (full 4):
 def new generation   total 2914240K, used 2649410K [0x00007fe1f8600000, 0x00007fe2be020000, 0x00007fe74db50000)
  eden space 2590464K, 100% used [0x00007fe1f8600000, 0x00007fe2967c0000, 0x00007fe2967c0000)
  from space 323776K,  18% used [0x00007fe2967c0000, 0x00007fe29a150830, 0x00007fe2aa3f0000)
  to   space 323776K,   0% used [0x00007fe2aa3f0000, 0x00007fe2aa3f0000, 0x00007fe2be020000)
 tenured generation   total 6476020K, used 6456739K [0x00007fe74db50000, 0x00007fe8d8f8d000, 0x00007ff1f8600000)
   the space 6476020K,  99% used [0x00007fe74db50000, 0x00007fe8d7cb8cf8, 0x00007fe8d7cb8e00, 0x00007fe8d8f8d000)
 Metaspace       used 24265K, capacity 24707K, committed 24832K, reserved 26624K
}
Event: 4676.087 GC heap after
{Heap after GC invocations=3728 (full 4):
 def new generation   total 2914240K, used 59794K [0x00007fe1f8600000, 0x00007fe2be020000, 0x00007fe74db50000)
  eden space 2590464K,   0% used [0x00007fe1f8600000, 0x00007fe1f8600000, 0x00007fe2967c0000)
  from space 323776K,  18% used [0x00007fe2aa3f0000, 0x00007fe2ade54a98, 0x00007fe2be020000)
  to   space 323776K,   0% used [0x00007fe2967c0000, 0x00007fe2967c0000, 0x00007fe2aa3f0000)
 tenured generation   total 6476020K, used 6461655K [0x00007fe74db50000, 0x00007fe8d8f8d000, 0x00007ff1f8600000)
   the space 6476020K,  99% used [0x00007fe74db50000, 0x00007fe8d8185c10, 0x00007fe8d8185e00, 0x00007fe8d8f8d000)
 Metaspace       used 24265K, capacity 24707K, committed 24832K, reserved 26624K
}
Event: 4678.608 GC heap before
{Heap before GC invocations=3728 (full 4):
 def new generation   total 2914240K, used 2650258K [0x00007fe1f8600000, 0x00007fe2be020000, 0x00007fe74db50000)
  eden space 2590464K, 100% used [0x00007fe1f8600000, 0x00007fe2967c0000, 0x00007fe2967c0000)
  from space 323776K,  18% used [0x00007fe2aa3f0000, 0x00007fe2ade54a98, 0x00007fe2be020000)
  to   space 323776K,   0% used [0x00007fe2967c0000, 0x00007fe2967c0000, 0x00007fe2aa3f0000)
 tenured generation   total 6476020K, used 6461655K [0x00007fe74db50000, 0x00007fe8d8f8d000, 0x00007ff1f8600000)
   the space 6476020K,  99% used [0x00007fe74db50000, 0x00007fe8d8185c10, 0x00007fe8d8185e00, 0x00007fe8d8f8d000)
 Metaspace       used 24265K, capacity 24707K, committed 24832K, reserved 26624K
}
Event: 4678.768 GC heap after
{Heap after GC invocations=3729 (full 4):
 def new generation   total 2914240K, used 61001K [0x00007fe1f8600000, 0x00007fe2be020000, 0x00007fe74db50000)
  eden space 2590464K,   0% used [0x00007fe1f8600000, 0x00007fe1f8600000, 0x00007fe2967c0000)
  from space 323776K,  18% used [0x00007fe2967c0000, 0x00007fe29a352550, 0x00007fe2aa3f0000)
  to   space 323776K,   0% used [0x00007fe2aa3f0000, 0x00007fe2aa3f0000, 0x00007fe2be020000)
 tenured generation   total 6476020K, used 6463724K [0x00007fe74db50000, 0x00007fe8d8f8d000, 0x00007ff1f8600000)
   the space 6476020K,  99% used [0x00007fe74db50000, 0x00007fe8d838b1b8, 0x00007fe8d838b200, 0x00007fe8d8f8d000)
 Metaspace       used 24265K, capacity 24707K, committed 24832K, reserved 26624K
}
Event: 4681.398 GC heap before
{Heap before GC invocations=3729 (full 4):
 def new generation   total 2914240K, used 2651465K [0x00007fe1f8600000, 0x00007fe2be020000, 0x00007fe74db50000)
  eden space 2590464K, 100% used [0x00007fe1f8600000, 0x00007fe2967c0000, 0x00007fe2967c0000)
  from space 323776K,  18% used [0x00007fe2967c0000, 0x00007fe29a352550, 0x00007fe2aa3f0000)
  to   space 323776K,   0% used [0x00007fe2aa3f0000, 0x00007fe2aa3f0000, 0x00007fe2be020000)
 tenured generation   total 6476020K, used 6463724K [0x00007fe74db50000, 0x00007fe8d8f8d000, 0x00007ff1f8600000)
   the space 6476020K,  99% used [0x00007fe74db50000, 0x00007fe8d838b1b8, 0x00007fe8d838b200, 0x00007fe8d8f8d000)
 Metaspace       used 24265K, capacity 24707K, committed 24832K, reserved 26624K
}
Event: 4681.562 GC heap after
{Heap after GC invocations=3730 (full 4):
 def new generation   total 2914240K, used 61136K [0x00007fe1f8600000, 0x00007fe2be020000, 0x00007fe74db50000)
  eden space 2590464K,   0% used [0x00007fe1f8600000, 0x00007fe1f8600000, 0x00007fe2967c0000)
  from space 323776K,  18% used [0x00007fe2aa3f0000, 0x00007fe2adfa4308, 0x00007fe2be020000)
  to   space 323776K,   0% used [0x00007fe2967c0000, 0x00007fe2967c0000, 0x00007fe2aa3f0000)
 tenured generation   total 6476020K, used 6467135K [0x00007fe74db50000, 0x00007fe8d8f8d000, 0x00007ff1f8600000)
   the space 6476020K,  99% used [0x00007fe74db50000, 0x00007fe8d86dfea8, 0x00007fe8d86e0000, 0x00007fe8d8f8d000)
 Metaspace       used 24265K, capacity 24707K, committed 24832K, reserved 26624K
}
Event: 4684.009 GC heap before
{Heap before GC invocations=3730 (full 4):
 def new generation   total 2914240K, used 2651600K [0x00007fe1f8600000, 0x00007fe2be020000, 0x00007fe74db50000)
  eden space 2590464K, 100% used [0x00007fe1f8600000, 0x00007fe2967c0000, 0x00007fe2967c0000)
  from space 323776K,  18% used [0x00007fe2aa3f0000, 0x00007fe2adfa4308, 0x00007fe2be020000)
  to   space 323776K,   0% used [0x00007fe2967c0000, 0x00007fe2967c0000, 0x00007fe2aa3f0000)
 tenured generation   total 6476020K, used 6467135K [0x00007fe74db50000, 0x00007fe8d8f8d000, 0x00007ff1f8600000)
   the space 6476020K,  99% used [0x00007fe74db50000, 0x00007fe8d86dfea8, 0x00007fe8d86e0000, 0x00007fe8d8f8d000)
 Metaspace       used 24265K, capacity 24707K, committed 24832K, reserved 26624K
}
Event: 4684.192 GC heap after
{Heap after GC invocations=3731 (full 4):
 def new generation   total 2914240K, used 61046K [0x00007fe1f8600000, 0x00007fe2be020000, 0x00007fe74db50000)
  eden space 2590464K,   0% used [0x00007fe1f8600000, 0x00007fe1f8600000, 0x00007fe2967c0000)
  from space 323776K,  18% used [0x00007fe2967c0000, 0x00007fe29a35da38, 0x00007fe2aa3f0000)
  to   space 323776K,   0% used [0x00007fe2aa3f0000, 0x00007fe2aa3f0000, 0x00007fe2be020000)
 tenured generation   total 6476020K, used 6471757K [0x00007fe74db50000, 0x00007fe8d8f8d000, 0x00007ff1f8600000)
   the space 6476020K,  99% used [0x00007fe74db50000, 0x00007fe8d8b63560, 0x00007fe8d8b63600, 0x00007fe8d8f8d000)
 Metaspace       used 24265K, capacity 24707K, committed 24832K, reserved 26624K
}
Event: 4686.633 GC heap before
{Heap before GC invocations=3731 (full 4):
 def new generation   total 2914240K, used 2651510K [0x00007fe1f8600000, 0x00007fe2be020000, 0x00007fe74db50000)
  eden space 2590464K, 100% used [0x00007fe1f8600000, 0x00007fe2967c0000, 0x00007fe2967c0000)
  from space 323776K,  18% used [0x00007fe2967c0000, 0x00007fe29a35da38, 0x00007fe2aa3f0000)
  to   space 323776K,   0% used [0x00007fe2aa3f0000, 0x00007fe2aa3f0000, 0x00007fe2be020000)
 tenured generation   total 6476020K, used 6471757K [0x00007fe74db50000, 0x00007fe8d8f8d000, 0x00007ff1f8600000)
   the space 6476020K,  99% used [0x00007fe74db50000, 0x00007fe8d8b63560, 0x00007fe8d8b63600, 0x00007fe8d8f8d000)
 Metaspace       used 24265K, capacity 24707K, committed 24832K, reserved 26624K
}
Event: 4686.814 GC heap after
{Heap after GC invocations=3732 (full 4):
 def new generation   total 2914240K, used 59791K [0x00007fe1f8600000, 0x00007fe2be020000, 0x00007fe74db50000)
  eden space 2590464K,   0% used [0x00007fe1f8600000, 0x00007fe1f8600000, 0x00007fe2967c0000)
  from space 323776K,  18% used [0x00007fe2aa3f0000, 0x00007fe2ade53fd0, 0x00007fe2be020000)
  to   space 323776K,   0% used [0x00007fe2967c0000, 0x00007fe2967c0000, 0x00007fe2aa3f0000)
 tenured generation   total 6476020K, used 6475296K [0x00007fe74db50000, 0x00007fe8d8f8d000, 0x00007ff1f8600000)
   the space 6476020K,  99% used [0x00007fe74db50000, 0x00007fe8d8ed8188, 0x00007fe8d8ed8200, 0x00007fe8d8f8d000)
 Metaspace       used 24265K, capacity 24707K, committed 24832K, reserved 26624K
}
Event: 4689.213 GC heap before
{Heap before GC invocations=3732 (full 4):
 def new generation   total 2914240K, used 2650255K [0x00007fe1f8600000, 0x00007fe2be020000, 0x00007fe74db50000)
  eden space 2590464K, 100% used [0x00007fe1f8600000, 0x00007fe2967c0000, 0x00007fe2967c0000)
  from space 323776K,  18% used [0x00007fe2aa3f0000, 0x00007fe2ade53fd0, 0x00007fe2be020000)
  to   space 323776K,   0% used [0x00007fe2967c0000, 0x00007fe2967c0000, 0x00007fe2aa3f0000)
 tenured generation   total 6476020K, used 6475296K [0x00007fe74db50000, 0x00007fe8d8f8d000, 0x00007ff1f8600000)
   the space 6476020K,  99% used [0x00007fe74db50000, 0x00007fe8d8ed8188, 0x00007fe8d8ed8200, 0x00007fe8d8f8d000)
 Metaspace       used 24265K, capacity 24707K, committed 24832K, reserved 26624K
}
Event: 4689.370 GC heap after
{Heap after GC invocations=3733 (full 4):
 def new generation   total 2914240K, used 60762K [0x00007fe1f8600000, 0x00007fe2be020000, 0x00007fe74db50000)
  eden space 2590464K,   0% used [0x00007fe1f8600000, 0x00007fe1f8600000, 0x00007fe2967c0000)
  from space 323776K,  18% used [0x00007fe2967c0000, 0x00007fe29a316ae0, 0x00007fe2aa3f0000)
  to   space 323776K,   0% used [0x00007fe2aa3f0000, 0x00007fe2aa3f0000, 0x00007fe2be020000)
 tenured generation   total 6480820K, used 6480634K [0x00007fe74db50000, 0x00007fe8d943d000, 0x00007ff1f8600000)
   the space 6480820K,  99% used [0x00007fe74db50000, 0x00007fe8d940e958, 0x00007fe8d940ea00, 0x00007fe8d943d000)
 Metaspace       used 24265K, capacity 24707K, committed 24832K, reserved 26624K
}
Event: 4689.370 GC heap before
{Heap before GC invocations=3733 (full 4):
 def new generation   total 2914240K, used 60762K [0x00007fe1f8600000, 0x00007fe2be020000, 0x00007fe74db50000)
  eden space 2590464K,   0% used [0x00007fe1f8600000, 0x00007fe1f8600000, 0x00007fe2967c0000)
  from space 323776K,  18% used [0x00007fe2967c0000, 0x00007fe29a316ae0, 0x00007fe2aa3f0000)
  to   space 323776K,   0% used [0x00007fe2aa3f0000, 0x00007fe2aa3f0000, 0x00007fe2be020000)
 tenured generation   total 6480820K, used 6480634K [0x00007fe74db50000, 0x00007fe8d943d000, 0x00007ff1f8600000)
   the space 6480820K,  99% used [0x00007fe74db50000, 0x00007fe8d940e958, 0x00007fe8d940ea00, 0x00007fe8d943d000)
 Metaspace       used 24265K, capacity 24707K, committed 24832K, reserved 26624K
}

