# JRE version: OpenJDK Runtime Environment (13.0.7+5) (build 13.0.7+5-Ubuntu-0ubuntu120.04)
# Java VM: OpenJDK 64-Bit Server VM (13.0.7+5-Ubuntu-0ubuntu120.04, mixed mode, tiered, serial gc, linux-amd64)
Heap:
 def new generation   total 1748160K, used 0K [0x00007ef2d8600000, 0x00007ef34eed0000, 0x00007ef82db50000)
  eden space 1553984K,   0% used [0x00007ef2d8600000, 0x00007ef2d8600000, 0x00007ef337390000)
  from space 194176K,   0% used [0x00007ef343130000, 0x00007ef343130000, 0x00007ef34eed0000)
  to   space 194176K,   0% used [0x00007ef337390000, 0x00007ef337390000, 0x00007ef343130000)
 tenured generation   total 3884964K, used 3882090K [0x00007ef82db50000, 0x00007ef91ad39000, 0x00007f02d8600000)
   the space 3884964K,  99% used [0x00007ef82db50000, 0x00007ef91aa6aa50, 0x00007ef91aa6ac00, 0x00007ef91ad39000)
 Metaspace       used 24178K, capacity 24576K, committed 24832K, reserved 26624K
GC Heap History (20 events):
Event: 2859.770 GC heap after
{Heap after GC invocations=5248 (full 3):
 def new generation   total 1748160K, used 19977K [0x00007ef2d8600000, 0x00007ef34eed0000, 0x00007ef82db50000)
  eden space 1553984K,   0% used [0x00007ef2d8600000, 0x00007ef2d8600000, 0x00007ef337390000)
  from space 194176K,  10% used [0x00007ef337390000, 0x00007ef338712668, 0x00007ef343130000)
  to   space 194176K,   0% used [0x00007ef343130000, 0x00007ef343130000, 0x00007ef34eed0000)
 tenured generation   total 3884580K, used 3872903K [0x00007ef82db50000, 0x00007ef91acd9000, 0x00007f02d8600000)
   the space 3884580K,  99% used [0x00007ef82db50000, 0x00007ef91a171c18, 0x00007ef91a171e00, 0x00007ef91acd9000)
 Metaspace       used 24178K, capacity 24576K, committed 24832K, reserved 26624K
}
Event: 2860.768 GC heap before
{Heap before GC invocations=5248 (full 3):
 def new generation   total 1748160K, used 1573961K [0x00007ef2d8600000, 0x00007ef34eed0000, 0x00007ef82db50000)
  eden space 1553984K, 100% used [0x00007ef2d8600000, 0x00007ef337390000, 0x00007ef337390000)
  from space 194176K,  10% used [0x00007ef337390000, 0x00007ef338712668, 0x00007ef343130000)
  to   space 194176K,   0% used [0x00007ef343130000, 0x00007ef343130000, 0x00007ef34eed0000)
 tenured generation   total 3884580K, used 3872903K [0x00007ef82db50000, 0x00007ef91acd9000, 0x00007f02d8600000)
   the space 3884580K,  99% used [0x00007ef82db50000, 0x00007ef91a171c18, 0x00007ef91a171e00, 0x00007ef91acd9000)
 Metaspace       used 24178K, capacity 24576K, committed 24832K, reserved 26624K
}
Event: 2860.796 GC heap after
{Heap after GC invocations=5249 (full 3):
 def new generation   total 1748160K, used 19988K [0x00007ef2d8600000, 0x00007ef34eed0000, 0x00007ef82db50000)
  eden space 1553984K,   0% used [0x00007ef2d8600000, 0x00007ef2d8600000, 0x00007ef337390000)
  from space 194176K,  10% used [0x00007ef343130000, 0x00007ef3444b52e0, 0x00007ef34eed0000)
  to   space 194176K,   0% used [0x00007ef337390000, 0x00007ef337390000, 0x00007ef343130000)
 tenured generation   total 3884580K, used 3874226K [0x00007ef82db50000, 0x00007ef91acd9000, 0x00007f02d8600000)
   the space 3884580K,  99% used [0x00007ef82db50000, 0x00007ef91a2bc9c8, 0x00007ef91a2bca00, 0x00007ef91acd9000)
 Metaspace       used 24178K, capacity 24576K, committed 24832K, reserved 26624K
}
Event: 2861.862 GC heap before
{Heap before GC invocations=5249 (full 3):
 def new generation   total 1748160K, used 1573972K [0x00007ef2d8600000, 0x00007ef34eed0000, 0x00007ef82db50000)
  eden space 1553984K, 100% used [0x00007ef2d8600000, 0x00007ef337390000, 0x00007ef337390000)
  from space 194176K,  10% used [0x00007ef343130000, 0x00007ef3444b52e0, 0x00007ef34eed0000)
  to   space 194176K,   0% used [0x00007ef337390000, 0x00007ef337390000, 0x00007ef343130000)
 tenured generation   total 3884580K, used 3874226K [0x00007ef82db50000, 0x00007ef91acd9000, 0x00007f02d8600000)
   the space 3884580K,  99% used [0x00007ef82db50000, 0x00007ef91a2bc9c8, 0x00007ef91a2bca00, 0x00007ef91acd9000)
 Metaspace       used 24178K, capacity 24576K, committed 24832K, reserved 26624K
}
Event: 2861.891 GC heap after
{Heap after GC invocations=5250 (full 3):
 def new generation   total 1748160K, used 19991K [0x00007ef2d8600000, 0x00007ef34eed0000, 0x00007ef82db50000)
  eden space 1553984K,   0% used [0x00007ef2d8600000, 0x00007ef2d8600000, 0x00007ef337390000)
  from space 194176K,  10% used [0x00007ef337390000, 0x00007ef338715dd8, 0x00007ef343130000)
  to   space 194176K,   0% used [0x00007ef343130000, 0x00007ef343130000, 0x00007ef34eed0000)
 tenured generation   total 3884580K, used 3875549K [0x00007ef82db50000, 0x00007ef91acd9000, 0x00007f02d8600000)
   the space 3884580K,  99% used [0x00007ef82db50000, 0x00007ef91a407778, 0x00007ef91a407800, 0x00007ef91acd9000)
 Metaspace       used 24178K, capacity 24576K, committed 24832K, reserved 26624K
}
Event: 2862.849 GC heap before
{Heap before GC invocations=5250 (full 3):
 def new generation   total 1748160K, used 1573975K [0x00007ef2d8600000, 0x00007ef34eed0000, 0x00007ef82db50000)
  eden space 1553984K, 100% used [0x00007ef2d8600000, 0x00007ef337390000, 0x00007ef337390000)
  from space 194176K,  10% used [0x00007ef337390000, 0x00007ef338715dd8, 0x00007ef343130000)
  to   space 194176K,   0% used [0x00007ef343130000, 0x00007ef343130000, 0x00007ef34eed0000)
 tenured generation   total 3884580K, used 3875549K [0x00007ef82db50000, 0x00007ef91acd9000, 0x00007f02d8600000)
   the space 3884580K,  99% used [0x00007ef82db50000, 0x00007ef91a407778, 0x00007ef91a407800, 0x00007ef91acd9000)
 Metaspace       used 24178K, capacity 24576K, committed 24832K, reserved 26624K
}
Event: 2862.870 GC heap after
{Heap after GC invocations=5251 (full 3):
 def new generation   total 1748160K, used 20037K [0x00007ef2d8600000, 0x00007ef34eed0000, 0x00007ef82db50000)
  eden space 1553984K,   0% used [0x00007ef2d8600000, 0x00007ef2d8600000, 0x00007ef337390000)
  from space 194176K,  10% used [0x00007ef343130000, 0x00007ef3444c1648, 0x00007ef34eed0000)
  to   space 194176K,   0% used [0x00007ef337390000, 0x00007ef337390000, 0x00007ef343130000)
 tenured generation   total 3884580K, used 3876873K [0x00007ef82db50000, 0x00007ef91acd9000, 0x00007f02d8600000)
   the space 3884580K,  99% used [0x00007ef82db50000, 0x00007ef91a552528, 0x00007ef91a552600, 0x00007ef91acd9000)
 Metaspace       used 24178K, capacity 24576K, committed 24832K, reserved 26624K
}
Event: 2863.793 GC heap before
{Heap before GC invocations=5251 (full 3):
 def new generation   total 1748160K, used 1574021K [0x00007ef2d8600000, 0x00007ef34eed0000, 0x00007ef82db50000)
  eden space 1553984K, 100% used [0x00007ef2d8600000, 0x00007ef337390000, 0x00007ef337390000)
  from space 194176K,  10% used [0x00007ef343130000, 0x00007ef3444c1648, 0x00007ef34eed0000)
  to   space 194176K,   0% used [0x00007ef337390000, 0x00007ef337390000, 0x00007ef343130000)
 tenured generation   total 3884580K, used 3876873K [0x00007ef82db50000, 0x00007ef91acd9000, 0x00007f02d8600000)
   the space 3884580K,  99% used [0x00007ef82db50000, 0x00007ef91a552528, 0x00007ef91a552600, 0x00007ef91acd9000)
 Metaspace       used 24178K, capacity 24576K, committed 24832K, reserved 26624K
}
Event: 2863.814 GC heap after
{Heap after GC invocations=5252 (full 3):
 def new generation   total 1748160K, used 20052K [0x00007ef2d8600000, 0x00007ef34eed0000, 0x00007ef82db50000)
  eden space 1553984K,   0% used [0x00007ef2d8600000, 0x00007ef2d8600000, 0x00007ef337390000)
  from space 194176K,  10% used [0x00007ef337390000, 0x00007ef338725328, 0x00007ef343130000)
  to   space 194176K,   0% used [0x00007ef343130000, 0x00007ef343130000, 0x00007ef34eed0000)
 tenured generation   total 3884580K, used 3878196K [0x00007ef82db50000, 0x00007ef91acd9000, 0x00007f02d8600000)
   the space 3884580K,  99% used [0x00007ef82db50000, 0x00007ef91a69d2d8, 0x00007ef91a69d400, 0x00007ef91acd9000)
 Metaspace       used 24178K, capacity 24576K, committed 24832K, reserved 26624K
}
Event: 2864.753 GC heap before
{Heap before GC invocations=5252 (full 3):
 def new generation   total 1748160K, used 1574036K [0x00007ef2d8600000, 0x00007ef34eed0000, 0x00007ef82db50000)
  eden space 1553984K, 100% used [0x00007ef2d8600000, 0x00007ef337390000, 0x00007ef337390000)
  from space 194176K,  10% used [0x00007ef337390000, 0x00007ef338725328, 0x00007ef343130000)
  to   space 194176K,   0% used [0x00007ef343130000, 0x00007ef343130000, 0x00007ef34eed0000)
 tenured generation   total 3884580K, used 3878196K [0x00007ef82db50000, 0x00007ef91acd9000, 0x00007f02d8600000)
   the space 3884580K,  99% used [0x00007ef82db50000, 0x00007ef91a69d2d8, 0x00007ef91a69d400, 0x00007ef91acd9000)
 Metaspace       used 24178K, capacity 24576K, committed 24832K, reserved 26624K
}
Event: 2864.775 GC heap after
{Heap after GC invocations=5253 (full 3):
 def new generation   total 1748160K, used 20058K [0x00007ef2d8600000, 0x00007ef34eed0000, 0x00007ef82db50000)
  eden space 1553984K,   0% used [0x00007ef2d8600000, 0x00007ef2d8600000, 0x00007ef337390000)
  from space 194176K,  10% used [0x00007ef343130000, 0x00007ef3444c6ba8, 0x00007ef34eed0000)
  to   space 194176K,   0% used [0x00007ef337390000, 0x00007ef337390000, 0x00007ef343130000)
 tenured generation   total 3884580K, used 3879520K [0x00007ef82db50000, 0x00007ef91acd9000, 0x00007f02d8600000)
   the space 3884580K,  99% used [0x00007ef82db50000, 0x00007ef91a7e8088, 0x00007ef91a7e8200, 0x00007ef91acd9000)
 Metaspace       used 24178K, capacity 24576K, committed 24832K, reserved 26624K
}
Event: 2865.704 GC heap before
{Heap before GC invocations=5253 (full 3):
 def new generation   total 1748160K, used 1574042K [0x00007ef2d8600000, 0x00007ef34eed0000, 0x00007ef82db50000)
  eden space 1553984K,  99% used [0x00007ef2d8600000, 0x00007ef33738fff0, 0x00007ef337390000)
  from space 194176K,  10% used [0x00007ef343130000, 0x00007ef3444c6ba8, 0x00007ef34eed0000)
  to   space 194176K,   0% used [0x00007ef337390000, 0x00007ef337390000, 0x00007ef343130000)
 tenured generation   total 3884580K, used 3879520K [0x00007ef82db50000, 0x00007ef91acd9000, 0x00007f02d8600000)
   the space 3884580K,  99% used [0x00007ef82db50000, 0x00007ef91a7e8088, 0x00007ef91a7e8200, 0x00007ef91acd9000)
 Metaspace       used 24178K, capacity 24576K, committed 24832K, reserved 26624K
}
Event: 2865.726 GC heap after
{Heap after GC invocations=5254 (full 3):
 def new generation   total 1748160K, used 20062K [0x00007ef2d8600000, 0x00007ef34eed0000, 0x00007ef82db50000)
  eden space 1553984K,   0% used [0x00007ef2d8600000, 0x00007ef2d8600000, 0x00007ef337390000)
  from space 194176K,  10% used [0x00007ef337390000, 0x00007ef338727b88, 0x00007ef343130000)
  to   space 194176K,   0% used [0x00007ef343130000, 0x00007ef343130000, 0x00007ef34eed0000)
 tenured generation   total 3884580K, used 3880843K [0x00007ef82db50000, 0x00007ef91acd9000, 0x00007f02d8600000)
   the space 3884580K,  99% used [0x00007ef82db50000, 0x00007ef91a932e38, 0x00007ef91a933000, 0x00007ef91acd9000)
 Metaspace       used 24178K, capacity 24576K, committed 24832K, reserved 26624K
}
Event: 2866.681 GC heap before
{Heap before GC invocations=5254 (full 3):
 def new generation   total 1748160K, used 1574046K [0x00007ef2d8600000, 0x00007ef34eed0000, 0x00007ef82db50000)
  eden space 1553984K, 100% used [0x00007ef2d8600000, 0x00007ef337390000, 0x00007ef337390000)
  from space 194176K,  10% used [0x00007ef337390000, 0x00007ef338727b88, 0x00007ef343130000)
  to   space 194176K,   0% used [0x00007ef343130000, 0x00007ef343130000, 0x00007ef34eed0000)
 tenured generation   total 3884580K, used 3880843K [0x00007ef82db50000, 0x00007ef91acd9000, 0x00007f02d8600000)
   the space 3884580K,  99% used [0x00007ef82db50000, 0x00007ef91a932e38, 0x00007ef91a933000, 0x00007ef91acd9000)
 Metaspace       used 24178K, capacity 24576K, committed 24832K, reserved 26624K
}
Event: 2866.702 GC heap after
{Heap after GC invocations=5255 (full 3):
 def new generation   total 1748160K, used 20064K [0x00007ef2d8600000, 0x00007ef34eed0000, 0x00007ef82db50000)
  eden space 1553984K,   0% used [0x00007ef2d8600000, 0x00007ef2d8600000, 0x00007ef337390000)
  from space 194176K,  10% used [0x00007ef343130000, 0x00007ef3444c8270, 0x00007ef34eed0000)
  to   space 194176K,   0% used [0x00007ef337390000, 0x00007ef337390000, 0x00007ef343130000)
 tenured generation   total 3884580K, used 3882166K [0x00007ef82db50000, 0x00007ef91acd9000, 0x00007f02d8600000)
   the space 3884580K,  99% used [0x00007ef82db50000, 0x00007ef91aa7dbe8, 0x00007ef91aa7dc00, 0x00007ef91acd9000)
 Metaspace       used 24178K, capacity 24576K, committed 24832K, reserved 26624K
}
Event: 2867.639 GC heap before
{Heap before GC invocations=5255 (full 3):
 def new generation   total 1748160K, used 1574048K [0x00007ef2d8600000, 0x00007ef34eed0000, 0x00007ef82db50000)
  eden space 1553984K, 100% used [0x00007ef2d8600000, 0x00007ef337390000, 0x00007ef337390000)
  from space 194176K,  10% used [0x00007ef343130000, 0x00007ef3444c8270, 0x00007ef34eed0000)
  to   space 194176K,   0% used [0x00007ef337390000, 0x00007ef337390000, 0x00007ef343130000)
 tenured generation   total 3884580K, used 3882166K [0x00007ef82db50000, 0x00007ef91acd9000, 0x00007f02d8600000)
   the space 3884580K,  99% used [0x00007ef82db50000, 0x00007ef91aa7dbe8, 0x00007ef91aa7dc00, 0x00007ef91acd9000)
 Metaspace       used 24178K, capacity 24576K, committed 24832K, reserved 26624K
}
Event: 2867.660 GC heap after
{Heap after GC invocations=5256 (full 3):
 def new generation   total 1748160K, used 20062K [0x00007ef2d8600000, 0x00007ef34eed0000, 0x00007ef82db50000)
  eden space 1553984K,   0% used [0x00007ef2d8600000, 0x00007ef2d8600000, 0x00007ef337390000)
  from space 194176K,  10% used [0x00007ef337390000, 0x00007ef338727b58, 0x00007ef343130000)
  to   space 194176K,   0% used [0x00007ef343130000, 0x00007ef343130000, 0x00007ef34eed0000)
 tenured generation   total 3884580K, used 3883490K [0x00007ef82db50000, 0x00007ef91acd9000, 0x00007f02d8600000)
   the space 3884580K,  99% used [0x00007ef82db50000, 0x00007ef91abc8998, 0x00007ef91abc8a00, 0x00007ef91acd9000)
 Metaspace       used 24178K, capacity 24576K, committed 24832K, reserved 26624K
}
Event: 2868.598 GC heap before
{Heap before GC invocations=5256 (full 3):
 def new generation   total 1748160K, used 1574046K [0x00007ef2d8600000, 0x00007ef34eed0000, 0x00007ef82db50000)
  eden space 1553984K, 100% used [0x00007ef2d8600000, 0x00007ef337390000, 0x00007ef337390000)
  from space 194176K,  10% used [0x00007ef337390000, 0x00007ef338727b58, 0x00007ef343130000)
  to   space 194176K,   0% used [0x00007ef343130000, 0x00007ef343130000, 0x00007ef34eed0000)
 tenured generation   total 3884580K, used 3883490K [0x00007ef82db50000, 0x00007ef91acd9000, 0x00007f02d8600000)
   the space 3884580K,  99% used [0x00007ef82db50000, 0x00007ef91abc8998, 0x00007ef91abc8a00, 0x00007ef91acd9000)
 Metaspace       used 24178K, capacity 24576K, committed 24832K, reserved 26624K
}
Event: 2868.623 GC heap after
{Heap after GC invocations=5257 (full 3):
 def new generation   total 1748160K, used 20060K [0x00007ef2d8600000, 0x00007ef34eed0000, 0x00007ef82db50000)
  eden space 1553984K,   0% used [0x00007ef2d8600000, 0x00007ef2d8600000, 0x00007ef337390000)
  from space 194176K,  10% used [0x00007ef343130000, 0x00007ef3444c7168, 0x00007ef34eed0000)
  to   space 194176K,   0% used [0x00007ef337390000, 0x00007ef337390000, 0x00007ef343130000)
 tenured generation   total 3884964K, used 3884813K [0x00007ef82db50000, 0x00007ef91ad39000, 0x00007f02d8600000)
   the space 3884964K,  99% used [0x00007ef82db50000, 0x00007ef91ad13748, 0x00007ef91ad13800, 0x00007ef91ad39000)
 Metaspace       used 24178K, capacity 24576K, committed 24832K, reserved 26624K
}
Event: 2868.623 GC heap before
{Heap before GC invocations=5257 (full 3):
 def new generation   total 1748160K, used 20060K [0x00007ef2d8600000, 0x00007ef34eed0000, 0x00007ef82db50000)
  eden space 1553984K,   0% used [0x00007ef2d8600000, 0x00007ef2d8600000, 0x00007ef337390000)
  from space 194176K,  10% used [0x00007ef343130000, 0x00007ef3444c7168, 0x00007ef34eed0000)
  to   space 194176K,   0% used [0x00007ef337390000, 0x00007ef337390000, 0x00007ef343130000)
 tenured generation   total 3884964K, used 3884813K [0x00007ef82db50000, 0x00007ef91ad39000, 0x00007f02d8600000)
   the space 3884964K,  99% used [0x00007ef82db50000, 0x00007ef91ad13748, 0x00007ef91ad13800, 0x00007ef91ad39000)
 Metaspace       used 24178K, capacity 24576K, committed 24832K, reserved 26624K
}

