# JRE version: OpenJDK Runtime Environment (13.0.7+5) (build 13.0.7+5-Ubuntu-0ubuntu120.04)
# Java VM: OpenJDK 64-Bit Server VM (13.0.7+5-Ubuntu-0ubuntu120.04, mixed mode, tiered, serial gc, linux-amd64)
Heap:
 def new generation   total 13812288K, used 433113K [0x00007f1688600000, 0x00007f1a31140000, 0x00007f1bddb50000)
  eden space 12277632K,   3% used [0x00007f1688600000, 0x00007f16a2cf6490, 0x00007f1975be0000)
  from space 1534656K,   0% used [0x00007f1975be0000, 0x00007f1975be0000, 0x00007f19d3690000)
  to   space 1534656K,   0% used [0x00007f19d3690000, 0x00007f19d3690000, 0x00007f1a31140000)
 tenured generation   total 31006968K, used 31006967K [0x00007f1bddb50000, 0x00007f234238e000, 0x00007f2688600000)
   the space 31006968K,  99% used [0x00007f1bddb50000, 0x00007f234238dfd8, 0x00007f234238e000, 0x00007f234238e000)
 Metaspace       used 30530K, capacity 30984K, committed 31232K, reserved 32768K
GC Heap History (20 events):
Event: 2571.670 GC heap after
{Heap after GC invocations=72 (full 9):
 def new generation   total 13812288K, used 912670K [0x00007f1688600000, 0x00007f1a31140000, 0x00007f1bddb50000)
  eden space 12277632K,   0% used [0x00007f1688600000, 0x00007f1688600000, 0x00007f1975be0000)
  from space 1534656K,  59% used [0x00007f19d3690000, 0x00007f1a0b1d78e0, 0x00007f1a31140000)
  to   space 1534656K,   0% used [0x00007f1975be0000, 0x00007f1975be0000, 0x00007f19d3690000)
 tenured generation   total 30693816K, used 22467640K [0x00007f1bddb50000, 0x00007f232f1be000, 0x00007f2688600000)
   the space 30693816K,  73% used [0x00007f1bddb50000, 0x00007f213905e398, 0x00007f213905e400, 0x00007f232f1be000)
 Metaspace       used 30530K, capacity 30984K, committed 31232K, reserved 32768K
}
Event: 2575.062 GC heap before
{Heap before GC invocations=72 (full 9):
 def new generation   total 13812288K, used 13190302K [0x00007f1688600000, 0x00007f1a31140000, 0x00007f1bddb50000)
  eden space 12277632K, 100% used [0x00007f1688600000, 0x00007f1975be0000, 0x00007f1975be0000)
  from space 1534656K,  59% used [0x00007f19d3690000, 0x00007f1a0b1d78e0, 0x00007f1a31140000)
  to   space 1534656K,   0% used [0x00007f1975be0000, 0x00007f1975be0000, 0x00007f19d3690000)
 tenured generation   total 30693816K, used 22467640K [0x00007f1bddb50000, 0x00007f232f1be000, 0x00007f2688600000)
   the space 30693816K,  73% used [0x00007f1bddb50000, 0x00007f213905e398, 0x00007f213905e400, 0x00007f232f1be000)
 Metaspace       used 30530K, capacity 30984K, committed 31232K, reserved 32768K
}
Event: 2577.747 GC heap after
{Heap after GC invocations=73 (full 9):
 def new generation   total 13812288K, used 914438K [0x00007f1688600000, 0x00007f1a31140000, 0x00007f1bddb50000)
  eden space 12277632K,   0% used [0x00007f1688600000, 0x00007f1688600000, 0x00007f1975be0000)
  from space 1534656K,  59% used [0x00007f1975be0000, 0x00007f19ad8e1920, 0x00007f19d3690000)
  to   space 1534656K,   0% used [0x00007f19d3690000, 0x00007f19d3690000, 0x00007f1a31140000)
 tenured generation   total 30693816K, used 23380310K [0x00007f1bddb50000, 0x00007f232f1be000, 0x00007f2688600000)
   the space 30693816K,  76% used [0x00007f1bddb50000, 0x00007f2170ba5908, 0x00007f2170ba5a00, 0x00007f232f1be000)
 Metaspace       used 30530K, capacity 30984K, committed 31232K, reserved 32768K
}
Event: 2581.225 GC heap before
{Heap before GC invocations=73 (full 9):
 def new generation   total 13812288K, used 13192070K [0x00007f1688600000, 0x00007f1a31140000, 0x00007f1bddb50000)
  eden space 12277632K, 100% used [0x00007f1688600000, 0x00007f1975be0000, 0x00007f1975be0000)
  from space 1534656K,  59% used [0x00007f1975be0000, 0x00007f19ad8e1920, 0x00007f19d3690000)
  to   space 1534656K,   0% used [0x00007f19d3690000, 0x00007f19d3690000, 0x00007f1a31140000)
 tenured generation   total 30693816K, used 23380310K [0x00007f1bddb50000, 0x00007f232f1be000, 0x00007f2688600000)
   the space 30693816K,  76% used [0x00007f1bddb50000, 0x00007f2170ba5908, 0x00007f2170ba5a00, 0x00007f232f1be000)
 Metaspace       used 30530K, capacity 30984K, committed 31232K, reserved 32768K
}
Event: 2584.064 GC heap after
{Heap after GC invocations=74 (full 9):
 def new generation   total 13812288K, used 952328K [0x00007f1688600000, 0x00007f1a31140000, 0x00007f1bddb50000)
  eden space 12277632K,   0% used [0x00007f1688600000, 0x00007f1688600000, 0x00007f1975be0000)
  from space 1534656K,  62% used [0x00007f19d3690000, 0x00007f1a0d892380, 0x00007f1a31140000)
  to   space 1534656K,   0% used [0x00007f1975be0000, 0x00007f1975be0000, 0x00007f19d3690000)
 tenured generation   total 30693816K, used 24294747K [0x00007f1bddb50000, 0x00007f232f1be000, 0x00007f2688600000)
   the space 30693816K,  79% used [0x00007f1bddb50000, 0x00007f21a88a6f08, 0x00007f21a88a7000, 0x00007f232f1be000)
 Metaspace       used 30530K, capacity 30984K, committed 31232K, reserved 32768K
}
Event: 2587.531 GC heap before
{Heap before GC invocations=74 (full 9):
 def new generation   total 13812288K, used 13229960K [0x00007f1688600000, 0x00007f1a31140000, 0x00007f1bddb50000)
  eden space 12277632K, 100% used [0x00007f1688600000, 0x00007f1975be0000, 0x00007f1975be0000)
  from space 1534656K,  62% used [0x00007f19d3690000, 0x00007f1a0d892380, 0x00007f1a31140000)
  to   space 1534656K,   0% used [0x00007f1975be0000, 0x00007f1975be0000, 0x00007f19d3690000)
 tenured generation   total 30693816K, used 24294747K [0x00007f1bddb50000, 0x00007f232f1be000, 0x00007f2688600000)
   the space 30693816K,  79% used [0x00007f1bddb50000, 0x00007f21a88a6f08, 0x00007f21a88a7000, 0x00007f232f1be000)
 Metaspace       used 30530K, capacity 30984K, committed 31232K, reserved 32768K
}
Event: 2590.664 GC heap after
{Heap after GC invocations=75 (full 9):
 def new generation   total 13812288K, used 1125869K [0x00007f1688600000, 0x00007f1a31140000, 0x00007f1bddb50000)
  eden space 12277632K,   0% used [0x00007f1688600000, 0x00007f1688600000, 0x00007f1975be0000)
  from space 1534656K,  73% used [0x00007f1975be0000, 0x00007f19ba75b4c0, 0x00007f19d3690000)
  to   space 1534656K,   0% used [0x00007f19d3690000, 0x00007f19d3690000, 0x00007f1a31140000)
 tenured generation   total 30693816K, used 25247076K [0x00007f1bddb50000, 0x00007f232f1be000, 0x00007f2688600000)
   the space 30693816K,  82% used [0x00007f1bddb50000, 0x00007f21e2aa90c8, 0x00007f21e2aa9200, 0x00007f232f1be000)
 Metaspace       used 30530K, capacity 30984K, committed 31232K, reserved 32768K
}
Event: 2593.748 GC heap before
{Heap before GC invocations=75 (full 9):
 def new generation   total 13812288K, used 13403501K [0x00007f1688600000, 0x00007f1a31140000, 0x00007f1bddb50000)
  eden space 12277632K, 100% used [0x00007f1688600000, 0x00007f1975be0000, 0x00007f1975be0000)
  from space 1534656K,  73% used [0x00007f1975be0000, 0x00007f19ba75b4c0, 0x00007f19d3690000)
  to   space 1534656K,   0% used [0x00007f19d3690000, 0x00007f19d3690000, 0x00007f1a31140000)
 tenured generation   total 30693816K, used 25247076K [0x00007f1bddb50000, 0x00007f232f1be000, 0x00007f2688600000)
   the space 30693816K,  82% used [0x00007f1bddb50000, 0x00007f21e2aa90c8, 0x00007f21e2aa9200, 0x00007f232f1be000)
 Metaspace       used 30530K, capacity 30984K, committed 31232K, reserved 32768K
}
Event: 2596.631 GC heap after
{Heap after GC invocations=76 (full 9):
 def new generation   total 13812288K, used 929864K [0x00007f1688600000, 0x00007f1a31140000, 0x00007f1bddb50000)
  eden space 12277632K,   0% used [0x00007f1688600000, 0x00007f1688600000, 0x00007f1975be0000)
  from space 1534656K,  60% used [0x00007f19d3690000, 0x00007f1a0c2a2250, 0x00007f1a31140000)
  to   space 1534656K,   0% used [0x00007f1975be0000, 0x00007f1975be0000, 0x00007f19d3690000)
 tenured generation   total 30693816K, used 26372944K [0x00007f1bddb50000, 0x00007f232f1be000, 0x00007f2688600000)
   the space 30693816K,  85% used [0x00007f1bddb50000, 0x00007f2227624158, 0x00007f2227624200, 0x00007f232f1be000)
 Metaspace       used 30530K, capacity 30984K, committed 31232K, reserved 32768K
}
Event: 2599.687 GC heap before
{Heap before GC invocations=76 (full 9):
 def new generation   total 13812288K, used 13207496K [0x00007f1688600000, 0x00007f1a31140000, 0x00007f1bddb50000)
  eden space 12277632K, 100% used [0x00007f1688600000, 0x00007f1975be0000, 0x00007f1975be0000)
  from space 1534656K,  60% used [0x00007f19d3690000, 0x00007f1a0c2a2250, 0x00007f1a31140000)
  to   space 1534656K,   0% used [0x00007f1975be0000, 0x00007f1975be0000, 0x00007f19d3690000)
 tenured generation   total 30693816K, used 26372944K [0x00007f1bddb50000, 0x00007f232f1be000, 0x00007f2688600000)
   the space 30693816K,  85% used [0x00007f1bddb50000, 0x00007f2227624158, 0x00007f2227624200, 0x00007f232f1be000)
 Metaspace       used 30530K, capacity 30984K, committed 31232K, reserved 32768K
}
Event: 2602.227 GC heap after
{Heap after GC invocations=77 (full 9):
 def new generation   total 13812288K, used 928230K [0x00007f1688600000, 0x00007f1a31140000, 0x00007f1bddb50000)
  eden space 12277632K,   0% used [0x00007f1688600000, 0x00007f1688600000, 0x00007f1975be0000)
  from space 1534656K,  60% used [0x00007f1975be0000, 0x00007f19ae6598e0, 0x00007f19d3690000)
  to   space 1534656K,   0% used [0x00007f19d3690000, 0x00007f19d3690000, 0x00007f1a31140000)
 tenured generation   total 30693816K, used 27302808K [0x00007f1bddb50000, 0x00007f232f1be000, 0x00007f2688600000)
   the space 30693816K,  88% used [0x00007f1bddb50000, 0x00007f2260236188, 0x00007f2260236200, 0x00007f232f1be000)
 Metaspace       used 30530K, capacity 30984K, committed 31232K, reserved 32768K
}
Event: 2605.340 GC heap before
{Heap before GC invocations=77 (full 9):
 def new generation   total 13812288K, used 13205862K [0x00007f1688600000, 0x00007f1a31140000, 0x00007f1bddb50000)
  eden space 12277632K, 100% used [0x00007f1688600000, 0x00007f1975be0000, 0x00007f1975be0000)
  from space 1534656K,  60% used [0x00007f1975be0000, 0x00007f19ae6598e0, 0x00007f19d3690000)
  to   space 1534656K,   0% used [0x00007f19d3690000, 0x00007f19d3690000, 0x00007f1a31140000)
 tenured generation   total 30693816K, used 27302808K [0x00007f1bddb50000, 0x00007f232f1be000, 0x00007f2688600000)
   the space 30693816K,  88% used [0x00007f1bddb50000, 0x00007f2260236188, 0x00007f2260236200, 0x00007f232f1be000)
 Metaspace       used 30530K, capacity 30984K, committed 31232K, reserved 32768K
}
Event: 2607.984 GC heap after
{Heap after GC invocations=78 (full 9):
 def new generation   total 13812288K, used 927687K [0x00007f1688600000, 0x00007f1a31140000, 0x00007f1bddb50000)
  eden space 12277632K,   0% used [0x00007f1688600000, 0x00007f1688600000, 0x00007f1975be0000)
  from space 1534656K,  60% used [0x00007f19d3690000, 0x00007f1a0c081e70, 0x00007f1a31140000)
  to   space 1534656K,   0% used [0x00007f1975be0000, 0x00007f1975be0000, 0x00007f19d3690000)
 tenured generation   total 30693816K, used 28231038K [0x00007f1bddb50000, 0x00007f232f1be000, 0x00007f2688600000)
   the space 30693816K,  91% used [0x00007f1bddb50000, 0x00007f2298caf868, 0x00007f2298cafa00, 0x00007f232f1be000)
 Metaspace       used 30530K, capacity 30984K, committed 31232K, reserved 32768K
}
Event: 2611.019 GC heap before
{Heap before GC invocations=78 (full 9):
 def new generation   total 13812288K, used 13205319K [0x00007f1688600000, 0x00007f1a31140000, 0x00007f1bddb50000)
  eden space 12277632K, 100% used [0x00007f1688600000, 0x00007f1975be0000, 0x00007f1975be0000)
  from space 1534656K,  60% used [0x00007f19d3690000, 0x00007f1a0c081e70, 0x00007f1a31140000)
  to   space 1534656K,   0% used [0x00007f1975be0000, 0x00007f1975be0000, 0x00007f19d3690000)
 tenured generation   total 30693816K, used 28231038K [0x00007f1bddb50000, 0x00007f232f1be000, 0x00007f2688600000)
   the space 30693816K,  91% used [0x00007f1bddb50000, 0x00007f2298caf868, 0x00007f2298cafa00, 0x00007f232f1be000)
 Metaspace       used 30530K, capacity 30984K, committed 31232K, reserved 32768K
}
Event: 2613.622 GC heap after
{Heap after GC invocations=79 (full 9):
 def new generation   total 13812288K, used 926924K [0x00007f1688600000, 0x00007f1a31140000, 0x00007f1bddb50000)
  eden space 12277632K,   0% used [0x00007f1688600000, 0x00007f1688600000, 0x00007f1975be0000)
  from space 1534656K,  60% used [0x00007f1975be0000, 0x00007f19ae513320, 0x00007f19d3690000)
  to   space 1534656K,   0% used [0x00007f19d3690000, 0x00007f19d3690000, 0x00007f1a31140000)
 tenured generation   total 30693816K, used 29158724K [0x00007f1bddb50000, 0x00007f232f1be000, 0x00007f2688600000)
   the space 30693816K,  94% used [0x00007f1bddb50000, 0x00007f22d16a12d8, 0x00007f22d16a1400, 0x00007f232f1be000)
 Metaspace       used 30530K, capacity 30984K, committed 31232K, reserved 32768K
}
Event: 2616.667 GC heap before
{Heap before GC invocations=79 (full 9):
 def new generation   total 13812288K, used 13204556K [0x00007f1688600000, 0x00007f1a31140000, 0x00007f1bddb50000)
  eden space 12277632K, 100% used [0x00007f1688600000, 0x00007f1975be0000, 0x00007f1975be0000)
  from space 1534656K,  60% used [0x00007f1975be0000, 0x00007f19ae513320, 0x00007f19d3690000)
  to   space 1534656K,   0% used [0x00007f19d3690000, 0x00007f19d3690000, 0x00007f1a31140000)
 tenured generation   total 30693816K, used 29158724K [0x00007f1bddb50000, 0x00007f232f1be000, 0x00007f2688600000)
   the space 30693816K,  94% used [0x00007f1bddb50000, 0x00007f22d16a12d8, 0x00007f22d16a1400, 0x00007f232f1be000)
 Metaspace       used 30530K, capacity 30984K, committed 31232K, reserved 32768K
}
Event: 2619.231 GC heap after
{Heap after GC invocations=80 (full 9):
 def new generation   total 13812288K, used 921286K [0x00007f1688600000, 0x00007f1a31140000, 0x00007f1bddb50000)
  eden space 12277632K,   0% used [0x00007f1688600000, 0x00007f1688600000, 0x00007f1975be0000)
  from space 1534656K,  60% used [0x00007f19d3690000, 0x00007f1a0ba41bf0, 0x00007f1a31140000)
  to   space 1534656K,   0% used [0x00007f1975be0000, 0x00007f1975be0000, 0x00007f19d3690000)
 tenured generation   total 30693816K, used 30085648K [0x00007f1bddb50000, 0x00007f232f1be000, 0x00007f2688600000)
   the space 30693816K,  98% used [0x00007f1bddb50000, 0x00007f2309fd42b8, 0x00007f2309fd4400, 0x00007f232f1be000)
 Metaspace       used 30530K, capacity 30984K, committed 31232K, reserved 32768K
}
Event: 2622.328 GC heap before
{Heap before GC invocations=80 (full 9):
 def new generation   total 13812288K, used 13198918K [0x00007f1688600000, 0x00007f1a31140000, 0x00007f1bddb50000)
  eden space 12277632K, 100% used [0x00007f1688600000, 0x00007f1975be0000, 0x00007f1975be0000)
  from space 1534656K,  60% used [0x00007f19d3690000, 0x00007f1a0ba41bf0, 0x00007f1a31140000)
  to   space 1534656K,   0% used [0x00007f1975be0000, 0x00007f1975be0000, 0x00007f19d3690000)
 tenured generation   total 30693816K, used 30085648K [0x00007f1bddb50000, 0x00007f232f1be000, 0x00007f2688600000)
   the space 30693816K,  98% used [0x00007f1bddb50000, 0x00007f2309fd42b8, 0x00007f2309fd4400, 0x00007f232f1be000)
 Metaspace       used 30530K, capacity 30984K, committed 31232K, reserved 32768K
}
Event: 2624.928 GC heap after
{Heap after GC invocations=81 (full 9):
 def new generation   total 13812288K, used 920029K [0x00007f1688600000, 0x00007f1a31140000, 0x00007f1bddb50000)
  eden space 12277632K,   0% used [0x00007f1688600000, 0x00007f1688600000, 0x00007f1975be0000)
  from space 1534656K,  59% used [0x00007f1975be0000, 0x00007f19ade575f0, 0x00007f19d3690000)
  to   space 1534656K,   0% used [0x00007f19d3690000, 0x00007f19d3690000, 0x00007f1a31140000)
 tenured generation   total 31006968K, used 31006934K [0x00007f1bddb50000, 0x00007f234238e000, 0x00007f2688600000)
   the space 31006968K,  99% used [0x00007f1bddb50000, 0x00007f2342385a98, 0x00007f2342385c00, 0x00007f234238e000)
 Metaspace       used 30530K, capacity 30984K, committed 31232K, reserved 32768K
}
Event: 2624.928 GC heap before
{Heap before GC invocations=81 (full 9):
 def new generation   total 13812288K, used 920029K [0x00007f1688600000, 0x00007f1a31140000, 0x00007f1bddb50000)
  eden space 12277632K,   0% used [0x00007f1688600000, 0x00007f1688600000, 0x00007f1975be0000)
  from space 1534656K,  59% used [0x00007f1975be0000, 0x00007f19ade575f0, 0x00007f19d3690000)
  to   space 1534656K,   0% used [0x00007f19d3690000, 0x00007f19d3690000, 0x00007f1a31140000)
 tenured generation   total 31006968K, used 31006934K [0x00007f1bddb50000, 0x00007f234238e000, 0x00007f2688600000)
   the space 31006968K,  99% used [0x00007f1bddb50000, 0x00007f2342385a98, 0x00007f2342385c00, 0x00007f234238e000)
 Metaspace       used 30530K, capacity 30984K, committed 31232K, reserved 32768K
}

