# JRE version: OpenJDK Runtime Environment (13.0.7+5) (build 13.0.7+5-Ubuntu-0ubuntu120.04)
# Java VM: OpenJDK 64-Bit Server VM (13.0.7+5-Ubuntu-0ubuntu120.04, mixed mode, tiered, serial gc, linux-amd64)
Heap:
 def new generation   total 3939264K, used 2166273K [0x00007f1394600000, 0x00007f149f850000, 0x00007f18e9b50000)
  eden space 3501632K,  61% used [0x00007f1394600000, 0x00007f1418980250, 0x00007f146a190000)
  from space 437632K,   0% used [0x00007f146a190000, 0x00007f146a1902e0, 0x00007f1484cf0000)
  to   space 437632K,   0% used [0x00007f1484cf0000, 0x00007f1484cf0348, 0x00007f149f850000)
 tenured generation   total 8753760K, used 8398884K [0x00007f18e9b50000, 0x00007f1afffe8000, 0x00007f2394600000)
   the space 8753760K,  95% used [0x00007f18e9b50000, 0x00007f1aea559380, 0x00007f1aea559400, 0x00007f1afffe8000)
 Metaspace       used 23169K, capacity 23537K, committed 23808K, reserved 24576K
GC Heap History (20 events):
Event: 16.325 GC heap after
{Heap after GC invocations=5 (full 3):
 def new generation   total 1584000K, used 0K [0x00007f1394600000, 0x00007f13ffcb0000, 0x00007f18e9b50000)
  eden space 1408064K,   0% used [0x00007f1394600000, 0x00007f1394600000, 0x00007f13ea510000)
  from space 175936K,   0% used [0x00007f13f50e0000, 0x00007f13f50e0178, 0x00007f13ffcb0000)
  to   space 175936K,   0% used [0x00007f13ea510000, 0x00007f13ea510000, 0x00007f13f50e0000)
 tenured generation   total 7714100K, used 6306178K [0x00007f18e9b50000, 0x00007f1ac089d000, 0x00007f2394600000)
   the space 7714100K,  81% used [0x00007f18e9b50000, 0x00007f1a6a9b0928, 0x00007f1a6a9b0a00, 0x00007f1ac089d000)
 Metaspace       used 23072K, capacity 23459K, committed 23552K, reserved 24576K
}
Event: 16.326 GC heap before
{Heap before GC invocations=5 (full 3):
 def new generation   total 1584000K, used 0K [0x00007f1394600000, 0x00007f13ffcb0000, 0x00007f18e9b50000)
  eden space 1408064K,   0% used [0x00007f1394600000, 0x00007f1394600000, 0x00007f13ea510000)
  from space 175936K,   0% used [0x00007f13f50e0000, 0x00007f13f50e0178, 0x00007f13ffcb0000)
  to   space 175936K,   0% used [0x00007f13ea510000, 0x00007f13ea510000, 0x00007f13f50e0000)
 tenured generation   total 7714100K, used 6306178K [0x00007f18e9b50000, 0x00007f1ac089d000, 0x00007f2394600000)
   the space 7714100K,  81% used [0x00007f18e9b50000, 0x00007f1a6a9b0928, 0x00007f1a6a9b0a00, 0x00007f1ac089d000)
 Metaspace       used 23072K, capacity 23459K, committed 23552K, reserved 24576K
}
Event: 20.164 GC heap after
{Heap after GC invocations=5 (full 4):
 def new generation   total 3939264K, used 0K [0x00007f1394600000, 0x00007f149f850000, 0x00007f18e9b50000)
  eden space 3501632K,   0% used [0x00007f1394600000, 0x00007f1394600000, 0x00007f146a190000)
  from space 437632K,   0% used [0x00007f146a190000, 0x00007f146a190000, 0x00007f1484cf0000)
  to   space 437632K,   0% used [0x00007f1484cf0000, 0x00007f1484cf0000, 0x00007f149f850000)
 tenured generation   total 8753760K, used 5252255K [0x00007f18e9b50000, 0x00007f1afffe8000, 0x00007f2394600000)
   the space 8753760K,  59% used [0x00007f18e9b50000, 0x00007f1a2a477f30, 0x00007f1a2a478000, 0x00007f1afffe8000)
 Metaspace       used 23072K, capacity 23459K, committed 23552K, reserved 24576K
}
Event: 23.888 GC heap before
{Heap before GC invocations=5 (full 4):
 def new generation   total 3939264K, used 2166605K [0x00007f1394600000, 0x00007f149f850000, 0x00007f18e9b50000)
  eden space 3501632K,  61% used [0x00007f1394600000, 0x00007f14189d3448, 0x00007f146a190000)
  from space 437632K,   0% used [0x00007f146a190000, 0x00007f146a190000, 0x00007f1484cf0000)
  to   space 437632K,   0% used [0x00007f1484cf0000, 0x00007f1484cf0000, 0x00007f149f850000)
 tenured generation   total 8753760K, used 5252255K [0x00007f18e9b50000, 0x00007f1afffe8000, 0x00007f2394600000)
   the space 8753760K,  59% used [0x00007f18e9b50000, 0x00007f1a2a477f30, 0x00007f1a2a478000, 0x00007f1afffe8000)
 Metaspace       used 23072K, capacity 23459K, committed 23552K, reserved 24576K
}
Event: 37.511 GC heap after
{Heap after GC invocations=6 (full 4):
 def new generation   total 3939264K, used 0K [0x00007f1394600000, 0x00007f149f850000, 0x00007f18e9b50000)
  eden space 3501632K,   0% used [0x00007f1394600000, 0x00007f1394600000, 0x00007f146a190000)
  from space 437632K,   0% used [0x00007f1484cf0000, 0x00007f1484cf01d0, 0x00007f149f850000)
  to   space 437632K,   0% used [0x00007f146a190000, 0x00007f146a190000, 0x00007f1484cf0000)
 tenured generation   total 8753760K, used 7349407K [0x00007f18e9b50000, 0x00007f1afffe8000, 0x00007f2394600000)
   the space 8753760K,  83% used [0x00007f18e9b50000, 0x00007f1aaa477f48, 0x00007f1aaa478000, 0x00007f1afffe8000)
 Metaspace       used 23072K, capacity 23459K, committed 23552K, reserved 24576K
}
Event: 38.867 GC heap before
{Heap before GC invocations=6 (full 4):
 def new generation   total 3939264K, used 2166022K [0x00007f1394600000, 0x00007f149f850000, 0x00007f18e9b50000)
  eden space 3501632K,  61% used [0x00007f1394600000, 0x00007f14189418f0, 0x00007f146a190000)
  from space 437632K,   0% used [0x00007f1484cf0000, 0x00007f1484cf01d0, 0x00007f149f850000)
  to   space 437632K,   0% used [0x00007f146a190000, 0x00007f146a190000, 0x00007f1484cf0000)
 tenured generation   total 8753760K, used 7349407K [0x00007f18e9b50000, 0x00007f1afffe8000, 0x00007f2394600000)
   the space 8753760K,  83% used [0x00007f18e9b50000, 0x00007f1aaa477f48, 0x00007f1aaa478000, 0x00007f1afffe8000)
 Metaspace       used 23072K, capacity 23459K, committed 23552K, reserved 24576K
}
Event: 42.752 GC heap after
{Heap after GC invocations=7 (full 4):
 def new generation   total 3939264K, used 1K [0x00007f1394600000, 0x00007f149f850000, 0x00007f18e9b50000)
  eden space 3501632K,   0% used [0x00007f1394600000, 0x00007f1394600000, 0x00007f146a190000)
  from space 437632K,   0% used [0x00007f146a190000, 0x00007f146a190460, 0x00007f1484cf0000)
  to   space 437632K,   0% used [0x00007f1484cf0000, 0x00007f1484cf0000, 0x00007f149f850000)
 tenured generation   total 10850916K, used 9446559K [0x00007f18e9b50000, 0x00007f1b7ffe9000, 0x00007f2394600000)
   the space 10850916K,  87% used [0x00007f18e9b50000, 0x00007f1b2a477f60, 0x00007f1b2a478000, 0x00007f1b7ffe9000)
 Metaspace       used 23072K, capacity 23459K, committed 23552K, reserved 24576K
}
Event: 42.752 GC heap before
{Heap before GC invocations=7 (full 4):
 def new generation   total 3939264K, used 1K [0x00007f1394600000, 0x00007f149f850000, 0x00007f18e9b50000)
  eden space 3501632K,   0% used [0x00007f1394600000, 0x00007f1394600000, 0x00007f146a190000)
  from space 437632K,   0% used [0x00007f146a190000, 0x00007f146a190460, 0x00007f1484cf0000)
  to   space 437632K,   0% used [0x00007f1484cf0000, 0x00007f1484cf0000, 0x00007f149f850000)
 tenured generation   total 10850916K, used 9446559K [0x00007f18e9b50000, 0x00007f1b7ffe9000, 0x00007f2394600000)
   the space 10850916K,  87% used [0x00007f18e9b50000, 0x00007f1b2a477f60, 0x00007f1b2a478000, 0x00007f1b7ffe9000)
 Metaspace       used 23072K, capacity 23459K, committed 23552K, reserved 24576K
}
Event: 45.422 GC heap after
{Heap after GC invocations=7 (full 5):
 def new generation   total 3939264K, used 0K [0x00007f1394600000, 0x00007f149f850000, 0x00007f18e9b50000)
  eden space 3501632K,   0% used [0x00007f1394600000, 0x00007f1394600000, 0x00007f146a190000)
  from space 437632K,   0% used [0x00007f146a190000, 0x00007f146a190000, 0x00007f1484cf0000)
  to   space 437632K,   0% used [0x00007f1484cf0000, 0x00007f1484cf0000, 0x00007f149f850000)
 tenured generation   total 8753760K, used 4203680K [0x00007f18e9b50000, 0x00007f1afffe8000, 0x00007f2394600000)
   the space 8753760K,  48% used [0x00007f18e9b50000, 0x00007f19ea478000, 0x00007f19ea478000, 0x00007f1afffe8000)
 Metaspace       used 23072K, capacity 23459K, committed 23552K, reserved 24576K
}
Event: 51.575 GC heap before
{Heap before GC invocations=7 (full 5):
 def new generation   total 3939264K, used 3345297K [0x00007f1394600000, 0x00007f149f850000, 0x00007f18e9b50000)
  eden space 3501632K,  95% used [0x00007f1394600000, 0x00007f14608e4760, 0x00007f146a190000)
  from space 437632K,   0% used [0x00007f146a190000, 0x00007f146a190000, 0x00007f1484cf0000)
  to   space 437632K,   0% used [0x00007f1484cf0000, 0x00007f1484cf0000, 0x00007f149f850000)
 tenured generation   total 8753760K, used 4203680K [0x00007f18e9b50000, 0x00007f1afffe8000, 0x00007f2394600000)
   the space 8753760K,  48% used [0x00007f18e9b50000, 0x00007f19ea478000, 0x00007f19ea478000, 0x00007f1afffe8000)
 Metaspace       used 23072K, capacity 23459K, committed 23552K, reserved 24576K
}
Event: 51.878 GC heap after
{Heap after GC invocations=8 (full 5):
 def new generation   total 3939264K, used 408651K [0x00007f1394600000, 0x00007f149f850000, 0x00007f18e9b50000)
  eden space 3501632K,   0% used [0x00007f1394600000, 0x00007f1394600000, 0x00007f146a190000)
  from space 437632K,  93% used [0x00007f1484cf0000, 0x00007f149dc02cf8, 0x00007f149f850000)
  to   space 437632K,   0% used [0x00007f146a190000, 0x00007f146a190000, 0x00007f1484cf0000)
 tenured generation   total 8753760K, used 4727968K [0x00007f18e9b50000, 0x00007f1afffe8000, 0x00007f2394600000)
   the space 8753760K,  54% used [0x00007f18e9b50000, 0x00007f1a0a478018, 0x00007f1a0a478200, 0x00007f1afffe8000)
 Metaspace       used 23072K, capacity 23459K, committed 23552K, reserved 24576K
}
Event: 58.373 GC heap before
{Heap before GC invocations=8 (full 5):
 def new generation   total 3939264K, used 3457419K [0x00007f1394600000, 0x00007f149f850000, 0x00007f18e9b50000)
  eden space 3501632K,  87% used [0x00007f1394600000, 0x00007f144e750078, 0x00007f146a190000)
  from space 437632K,  93% used [0x00007f1484cf0000, 0x00007f149dc02cf8, 0x00007f149f850000)
  to   space 437632K,   0% used [0x00007f146a190000, 0x00007f146a190000, 0x00007f1484cf0000)
 tenured generation   total 8753760K, used 4727968K [0x00007f18e9b50000, 0x00007f1afffe8000, 0x00007f2394600000)
   the space 8753760K,  54% used [0x00007f18e9b50000, 0x00007f1a0a478018, 0x00007f1a0a478200, 0x00007f1afffe8000)
 Metaspace       used 23168K, capacity 23537K, committed 23808K, reserved 24576K
}
Event: 59.184 GC heap after
{Heap after GC invocations=9 (full 5):
 def new generation   total 3939264K, used 902K [0x00007f1394600000, 0x00007f149f850000, 0x00007f18e9b50000)
  eden space 3501632K,   0% used [0x00007f1394600000, 0x00007f1394600000, 0x00007f146a190000)
  from space 437632K,   0% used [0x00007f146a190000, 0x00007f146a2719e8, 0x00007f1484cf0000)
  to   space 437632K,   0% used [0x00007f1484cf0000, 0x00007f1484cf0000, 0x00007f149f850000)
 tenured generation   total 8753760K, used 6180013K [0x00007f18e9b50000, 0x00007f1afffe8000, 0x00007f2394600000)
   the space 8753760K,  70% used [0x00007f18e9b50000, 0x00007f1a62e7b4a0, 0x00007f1a62e7b600, 0x00007f1afffe8000)
 Metaspace       used 23168K, capacity 23537K, committed 23808K, reserved 24576K
}
Event: 59.962 GC heap before
{Heap before GC invocations=9 (full 5):
 def new generation   total 3939264K, used 1118107K [0x00007f1394600000, 0x00007f149f850000, 0x00007f18e9b50000)
  eden space 3501632K,  31% used [0x00007f1394600000, 0x00007f13d89055b0, 0x00007f146a190000)
  from space 437632K,   0% used [0x00007f146a190000, 0x00007f146a2719e8, 0x00007f1484cf0000)
  to   space 437632K,   0% used [0x00007f1484cf0000, 0x00007f1484cf0000, 0x00007f149f850000)
 tenured generation   total 8753760K, used 6180013K [0x00007f18e9b50000, 0x00007f1afffe8000, 0x00007f2394600000)
   the space 8753760K,  70% used [0x00007f18e9b50000, 0x00007f1a62e7b4a0, 0x00007f1a62e7b600, 0x00007f1afffe8000)
 Metaspace       used 23169K, capacity 23537K, committed 23808K, reserved 24576K
}
Event: 60.323 GC heap after
{Heap after GC invocations=10 (full 5):
 def new generation   total 3939264K, used 902K [0x00007f1394600000, 0x00007f149f850000, 0x00007f18e9b50000)
  eden space 3501632K,   0% used [0x00007f1394600000, 0x00007f1394600000, 0x00007f146a190000)
  from space 437632K,   0% used [0x00007f1484cf0000, 0x00007f1484dd1b58, 0x00007f149f850000)
  to   space 437632K,   0% used [0x00007f146a190000, 0x00007f146a190000, 0x00007f1484cf0000)
 tenured generation   total 8753760K, used 7228589K [0x00007f18e9b50000, 0x00007f1afffe8000, 0x00007f2394600000)
   the space 8753760K,  82% used [0x00007f18e9b50000, 0x00007f1aa2e7b4b8, 0x00007f1aa2e7b600, 0x00007f1afffe8000)
 Metaspace       used 23169K, capacity 23537K, committed 23808K, reserved 24576K
}
Event: 60.323 GC heap before
{Heap before GC invocations=10 (full 5):
 def new generation   total 3939264K, used 902K [0x00007f1394600000, 0x00007f149f850000, 0x00007f18e9b50000)
  eden space 3501632K,   0% used [0x00007f1394600000, 0x00007f1394600000, 0x00007f146a190000)
  from space 437632K,   0% used [0x00007f1484cf0000, 0x00007f1484dd1b58, 0x00007f149f850000)
  to   space 437632K,   0% used [0x00007f146a190000, 0x00007f146a190000, 0x00007f1484cf0000)
 tenured generation   total 8753760K, used 7228589K [0x00007f18e9b50000, 0x00007f1afffe8000, 0x00007f2394600000)
   the space 8753760K,  82% used [0x00007f18e9b50000, 0x00007f1aa2e7b4b8, 0x00007f1aa2e7b600, 0x00007f1afffe8000)
 Metaspace       used 23169K, capacity 23537K, committed 23808K, reserved 24576K
}
Event: 61.028 GC heap after
{Heap after GC invocations=10 (full 6):
 def new generation   total 3939264K, used 0K [0x00007f1394600000, 0x00007f149f850000, 0x00007f18e9b50000)
  eden space 3501632K,   0% used [0x00007f1394600000, 0x00007f1394600000, 0x00007f146a190000)
  from space 437632K,   0% used [0x00007f1484cf0000, 0x00007f1484cf0000, 0x00007f149f850000)
  to   space 437632K,   0% used [0x00007f146a190000, 0x00007f146a190000, 0x00007f1484cf0000)
 tenured generation   total 8753760K, used 2107428K [0x00007f18e9b50000, 0x00007f1afffe8000, 0x00007f2394600000)
   the space 8753760K,  24% used [0x00007f18e9b50000, 0x00007f196a559350, 0x00007f196a559400, 0x00007f1afffe8000)
 Metaspace       used 23169K, capacity 23537K, committed 23808K, reserved 24576K
}
Event: 67.495 GC heap before
{Heap before GC invocations=10 (full 6):
 def new generation   total 3939264K, used 2165781K [0x00007f1394600000, 0x00007f149f850000, 0x00007f18e9b50000)
  eden space 3501632K,  61% used [0x00007f1394600000, 0x00007f1418905580, 0x00007f146a190000)
  from space 437632K,   0% used [0x00007f1484cf0000, 0x00007f1484cf0000, 0x00007f149f850000)
  to   space 437632K,   0% used [0x00007f146a190000, 0x00007f146a190000, 0x00007f1484cf0000)
 tenured generation   total 8753760K, used 6301732K [0x00007f18e9b50000, 0x00007f1afffe8000, 0x00007f2394600000)
   the space 8753760K,  71% used [0x00007f18e9b50000, 0x00007f1a6a559368, 0x00007f1a6a559400, 0x00007f1afffe8000)
 Metaspace       used 23169K, capacity 23537K, committed 23808K, reserved 24576K
}
Event: 68.700 GC heap after
{Heap after GC invocations=11 (full 6):
 def new generation   total 3939264K, used 0K [0x00007f1394600000, 0x00007f149f850000, 0x00007f18e9b50000)
  eden space 3501632K,   0% used [0x00007f1394600000, 0x00007f1394600000, 0x00007f146a190000)
  from space 437632K,   0% used [0x00007f146a190000, 0x00007f146a1902e0, 0x00007f1484cf0000)
  to   space 437632K,   0% used [0x00007f1484cf0000, 0x00007f1484cf0000, 0x00007f149f850000)
 tenured generation   total 8753760K, used 8398884K [0x00007f18e9b50000, 0x00007f1afffe8000, 0x00007f2394600000)
   the space 8753760K,  95% used [0x00007f18e9b50000, 0x00007f1aea559380, 0x00007f1aea559400, 0x00007f1afffe8000)
 Metaspace       used 23169K, capacity 23537K, committed 23808K, reserved 24576K
}
Event: 69.701 GC heap before
{Heap before GC invocations=11 (full 6):
 def new generation   total 3939264K, used 2166273K [0x00007f1394600000, 0x00007f149f850000, 0x00007f18e9b50000)
  eden space 3501632K,  61% used [0x00007f1394600000, 0x00007f1418980250, 0x00007f146a190000)
  from space 437632K,   0% used [0x00007f146a190000, 0x00007f146a1902e0, 0x00007f1484cf0000)
  to   space 437632K,   0% used [0x00007f1484cf0000, 0x00007f1484cf0000, 0x00007f149f850000)
 tenured generation   total 8753760K, used 8398884K [0x00007f18e9b50000, 0x00007f1afffe8000, 0x00007f2394600000)
   the space 8753760K,  95% used [0x00007f18e9b50000, 0x00007f1aea559380, 0x00007f1aea559400, 0x00007f1afffe8000)
 Metaspace       used 23169K, capacity 23537K, committed 23808K, reserved 24576K
}

