# JRE version: OpenJDK Runtime Environment (13.0.7+5) (build 13.0.7+5-Ubuntu-0ubuntu120.04)
# Java VM: OpenJDK 64-Bit Server VM (13.0.7+5-Ubuntu-0ubuntu120.04, mixed mode, tiered, serial gc, linux-amd64)
Heap:
 def new generation   total 1600704K, used 70908K [0x00007f4a4c600000, 0x00007f4ab8ed0000, 0x00007f54f70a0000)
  eden space 1422912K,   4% used [0x00007f4a4c600000, 0x00007f4a50b3f108, 0x00007f4aa3390000)
  from space 177792K,   0% used [0x00007f4aae130000, 0x00007f4aae130000, 0x00007f4ab8ed0000)
  to   space 177792K,   0% used [0x00007f4aa3390000, 0x00007f4aa3390000, 0x00007f4aae130000)
 tenured generation   total 3573288K, used 3572543K [0x00007f54f70a0000, 0x00007f55d122a000, 0x00007f6a4c600000)
   the space 3573288K,  99% used [0x00007f54f70a0000, 0x00007f55d116ff58, 0x00007f55d1170000, 0x00007f55d122a000)
 Metaspace       used 24243K, capacity 24631K, committed 24832K, reserved 26624K
GC Heap History (20 events):
Event: 1016.788 GC heap after
{Heap after GC invocations=1222 (full 5):
 def new generation   total 1600704K, used 109962K [0x00007f4a4c600000, 0x00007f4ab8ed0000, 0x00007f54f70a0000)
  eden space 1422912K,   0% used [0x00007f4a4c600000, 0x00007f4a4c600000, 0x00007f4aa3390000)
  from space 177792K,  61% used [0x00007f4aa3390000, 0x00007f4aa9ef2960, 0x00007f4aae130000)
  to   space 177792K,   0% used [0x00007f4aae130000, 0x00007f4aae130000, 0x00007f4ab8ed0000)
 tenured generation   total 3556900K, used 3493902K [0x00007f54f70a0000, 0x00007f55d0229000, 0x00007f6a4c600000)
   the space 3556900K,  98% used [0x00007f54f70a0000, 0x00007f55cc4a3a88, 0x00007f55cc4a3c00, 0x00007f55d0229000)
 Metaspace       used 24243K, capacity 24631K, committed 24832K, reserved 26624K
}
Event: 1018.187 GC heap before
{Heap before GC invocations=1222 (full 5):
 def new generation   total 1600704K, used 1532874K [0x00007f4a4c600000, 0x00007f4ab8ed0000, 0x00007f54f70a0000)
  eden space 1422912K, 100% used [0x00007f4a4c600000, 0x00007f4aa3390000, 0x00007f4aa3390000)
  from space 177792K,  61% used [0x00007f4aa3390000, 0x00007f4aa9ef2960, 0x00007f4aae130000)
  to   space 177792K,   0% used [0x00007f4aae130000, 0x00007f4aae130000, 0x00007f4ab8ed0000)
 tenured generation   total 3556900K, used 3493902K [0x00007f54f70a0000, 0x00007f55d0229000, 0x00007f6a4c600000)
   the space 3556900K,  98% used [0x00007f54f70a0000, 0x00007f55cc4a3a88, 0x00007f55cc4a3c00, 0x00007f55d0229000)
 Metaspace       used 24243K, capacity 24631K, committed 24832K, reserved 26624K
}
Event: 1018.293 GC heap after
{Heap after GC invocations=1223 (full 5):
 def new generation   total 1600704K, used 67302K [0x00007f4a4c600000, 0x00007f4ab8ed0000, 0x00007f54f70a0000)
  eden space 1422912K,   0% used [0x00007f4a4c600000, 0x00007f4a4c600000, 0x00007f4aa3390000)
  from space 177792K,  37% used [0x00007f4aae130000, 0x00007f4ab22e9868, 0x00007f4ab8ed0000)
  to   space 177792K,   0% used [0x00007f4aa3390000, 0x00007f4aa3390000, 0x00007f4aae130000)
 tenured generation   total 3556900K, used 3527820K [0x00007f54f70a0000, 0x00007f55d0229000, 0x00007f6a4c600000)
   the space 3556900K,  99% used [0x00007f54f70a0000, 0x00007f55ce5c3058, 0x00007f55ce5c3200, 0x00007f55d0229000)
 Metaspace       used 24243K, capacity 24631K, committed 24832K, reserved 26624K
}
Event: 1019.465 GC heap before
{Heap before GC invocations=1223 (full 5):
 def new generation   total 1600704K, used 1490214K [0x00007f4a4c600000, 0x00007f4ab8ed0000, 0x00007f54f70a0000)
  eden space 1422912K, 100% used [0x00007f4a4c600000, 0x00007f4aa3390000, 0x00007f4aa3390000)
  from space 177792K,  37% used [0x00007f4aae130000, 0x00007f4ab22e9868, 0x00007f4ab8ed0000)
  to   space 177792K,   0% used [0x00007f4aa3390000, 0x00007f4aa3390000, 0x00007f4aae130000)
 tenured generation   total 3556900K, used 3527820K [0x00007f54f70a0000, 0x00007f55d0229000, 0x00007f6a4c600000)
   the space 3556900K,  99% used [0x00007f54f70a0000, 0x00007f55ce5c3058, 0x00007f55ce5c3200, 0x00007f55d0229000)
 Metaspace       used 24243K, capacity 24631K, committed 24832K, reserved 26624K
}
Event: 1019.514 GC heap after
{Heap after GC invocations=1224 (full 5):
 def new generation   total 1600704K, used 69376K [0x00007f4a4c600000, 0x00007f4ab8ed0000, 0x00007f54f70a0000)
  eden space 1422912K,   0% used [0x00007f4a4c600000, 0x00007f4a4c600000, 0x00007f4aa3390000)
  from space 177792K,  39% used [0x00007f4aa3390000, 0x00007f4aa77502f8, 0x00007f4aae130000)
  to   space 177792K,   0% used [0x00007f4aae130000, 0x00007f4aae130000, 0x00007f4ab8ed0000)
 tenured generation   total 3556900K, used 3527820K [0x00007f54f70a0000, 0x00007f55d0229000, 0x00007f6a4c600000)
   the space 3556900K,  99% used [0x00007f54f70a0000, 0x00007f55ce5c3058, 0x00007f55ce5c3200, 0x00007f55d0229000)
 Metaspace       used 24243K, capacity 24631K, committed 24832K, reserved 26624K
}
Event: 1021.147 GC heap before
{Heap before GC invocations=1224 (full 5):
 def new generation   total 1600704K, used 1492288K [0x00007f4a4c600000, 0x00007f4ab8ed0000, 0x00007f54f70a0000)
  eden space 1422912K, 100% used [0x00007f4a4c600000, 0x00007f4aa3390000, 0x00007f4aa3390000)
  from space 177792K,  39% used [0x00007f4aa3390000, 0x00007f4aa77502f8, 0x00007f4aae130000)
  to   space 177792K,   0% used [0x00007f4aae130000, 0x00007f4aae130000, 0x00007f4ab8ed0000)
 tenured generation   total 3556900K, used 3527820K [0x00007f54f70a0000, 0x00007f55d0229000, 0x00007f6a4c600000)
   the space 3556900K,  99% used [0x00007f54f70a0000, 0x00007f55ce5c3058, 0x00007f55ce5c3200, 0x00007f55d0229000)
 Metaspace       used 24243K, capacity 24631K, committed 24832K, reserved 26624K
}
Event: 1021.195 GC heap after
{Heap after GC invocations=1225 (full 5):
 def new generation   total 1600704K, used 78115K [0x00007f4a4c600000, 0x00007f4ab8ed0000, 0x00007f54f70a0000)
  eden space 1422912K,   0% used [0x00007f4a4c600000, 0x00007f4a4c600000, 0x00007f4aa3390000)
  from space 177792K,  43% used [0x00007f4aae130000, 0x00007f4ab2d78e60, 0x00007f4ab8ed0000)
  to   space 177792K,   0% used [0x00007f4aa3390000, 0x00007f4aa3390000, 0x00007f4aae130000)
 tenured generation   total 3556900K, used 3527820K [0x00007f54f70a0000, 0x00007f55d0229000, 0x00007f6a4c600000)
   the space 3556900K,  99% used [0x00007f54f70a0000, 0x00007f55ce5c3058, 0x00007f55ce5c3200, 0x00007f55d0229000)
 Metaspace       used 24243K, capacity 24631K, committed 24832K, reserved 26624K
}
Event: 1022.527 GC heap before
{Heap before GC invocations=1225 (full 5):
 def new generation   total 1600704K, used 1501027K [0x00007f4a4c600000, 0x00007f4ab8ed0000, 0x00007f54f70a0000)
  eden space 1422912K, 100% used [0x00007f4a4c600000, 0x00007f4aa3390000, 0x00007f4aa3390000)
  from space 177792K,  43% used [0x00007f4aae130000, 0x00007f4ab2d78e60, 0x00007f4ab8ed0000)
  to   space 177792K,   0% used [0x00007f4aa3390000, 0x00007f4aa3390000, 0x00007f4aae130000)
 tenured generation   total 3556900K, used 3527820K [0x00007f54f70a0000, 0x00007f55d0229000, 0x00007f6a4c600000)
   the space 3556900K,  99% used [0x00007f54f70a0000, 0x00007f55ce5c3058, 0x00007f55ce5c3200, 0x00007f55d0229000)
 Metaspace       used 24243K, capacity 24631K, committed 24832K, reserved 26624K
}
Event: 1022.582 GC heap after
{Heap after GC invocations=1226 (full 5):
 def new generation   total 1600704K, used 85280K [0x00007f4a4c600000, 0x00007f4ab8ed0000, 0x00007f54f70a0000)
  eden space 1422912K,   0% used [0x00007f4a4c600000, 0x00007f4a4c600000, 0x00007f4aa3390000)
  from space 177792K,  47% used [0x00007f4aa3390000, 0x00007f4aa86d8248, 0x00007f4aae130000)
  to   space 177792K,   0% used [0x00007f4aae130000, 0x00007f4aae130000, 0x00007f4ab8ed0000)
 tenured generation   total 3556900K, used 3527820K [0x00007f54f70a0000, 0x00007f55d0229000, 0x00007f6a4c600000)
   the space 3556900K,  99% used [0x00007f54f70a0000, 0x00007f55ce5c3058, 0x00007f55ce5c3200, 0x00007f55d0229000)
 Metaspace       used 24243K, capacity 24631K, committed 24832K, reserved 26624K
}
Event: 1023.791 GC heap before
{Heap before GC invocations=1226 (full 5):
 def new generation   total 1600704K, used 1507093K [0x00007f4a4c600000, 0x00007f4ab8ed0000, 0x00007f54f70a0000)
  eden space 1422912K,  99% used [0x00007f4a4c600000, 0x00007f4aa327d400, 0x00007f4aa3390000)
  from space 177792K,  47% used [0x00007f4aa3390000, 0x00007f4aa86d8248, 0x00007f4aae130000)
  to   space 177792K,   0% used [0x00007f4aae130000, 0x00007f4aae130000, 0x00007f4ab8ed0000)
 tenured generation   total 3556900K, used 3527820K [0x00007f54f70a0000, 0x00007f55d0229000, 0x00007f6a4c600000)
   the space 3556900K,  99% used [0x00007f54f70a0000, 0x00007f55ce5c3058, 0x00007f55ce5c3200, 0x00007f55d0229000)
 Metaspace       used 24243K, capacity 24631K, committed 24832K, reserved 26624K
}
Event: 1023.842 GC heap after
{Heap after GC invocations=1227 (full 5):
 def new generation   total 1600704K, used 96118K [0x00007f4a4c600000, 0x00007f4ab8ed0000, 0x00007f54f70a0000)
  eden space 1422912K,   0% used [0x00007f4a4c600000, 0x00007f4a4c600000, 0x00007f4aa3390000)
  from space 177792K,  54% used [0x00007f4aae130000, 0x00007f4ab3f0da58, 0x00007f4ab8ed0000)
  to   space 177792K,   0% used [0x00007f4aa3390000, 0x00007f4aa3390000, 0x00007f4aae130000)
 tenured generation   total 3556900K, used 3527820K [0x00007f54f70a0000, 0x00007f55d0229000, 0x00007f6a4c600000)
   the space 3556900K,  99% used [0x00007f54f70a0000, 0x00007f55ce5c3058, 0x00007f55ce5c3200, 0x00007f55d0229000)
 Metaspace       used 24243K, capacity 24631K, committed 24832K, reserved 26624K
}
Event: 1025.434 GC heap before
{Heap before GC invocations=1227 (full 5):
 def new generation   total 1600704K, used 1519030K [0x00007f4a4c600000, 0x00007f4ab8ed0000, 0x00007f54f70a0000)
  eden space 1422912K, 100% used [0x00007f4a4c600000, 0x00007f4aa3390000, 0x00007f4aa3390000)
  from space 177792K,  54% used [0x00007f4aae130000, 0x00007f4ab3f0da58, 0x00007f4ab8ed0000)
  to   space 177792K,   0% used [0x00007f4aa3390000, 0x00007f4aa3390000, 0x00007f4aae130000)
 tenured generation   total 3556900K, used 3527820K [0x00007f54f70a0000, 0x00007f55d0229000, 0x00007f6a4c600000)
   the space 3556900K,  99% used [0x00007f54f70a0000, 0x00007f55ce5c3058, 0x00007f55ce5c3200, 0x00007f55d0229000)
 Metaspace       used 24243K, capacity 24631K, committed 24832K, reserved 26624K
}
Event: 1025.520 GC heap after
{Heap after GC invocations=1228 (full 5):
 def new generation   total 1600704K, used 79654K [0x00007f4a4c600000, 0x00007f4ab8ed0000, 0x00007f54f70a0000)
  eden space 1422912K,   0% used [0x00007f4a4c600000, 0x00007f4a4c600000, 0x00007f4aa3390000)
  from space 177792K,  44% used [0x00007f4aa3390000, 0x00007f4aa8159be0, 0x00007f4aae130000)
  to   space 177792K,   0% used [0x00007f4aae130000, 0x00007f4aae130000, 0x00007f4ab8ed0000)
 tenured generation   total 3556900K, used 3544778K [0x00007f54f70a0000, 0x00007f55d0229000, 0x00007f6a4c600000)
   the space 3556900K,  99% used [0x00007f54f70a0000, 0x00007f55cf652b40, 0x00007f55cf652c00, 0x00007f55d0229000)
 Metaspace       used 24243K, capacity 24631K, committed 24832K, reserved 26624K
}
Event: 1026.860 GC heap before
{Heap before GC invocations=1228 (full 5):
 def new generation   total 1600704K, used 1502566K [0x00007f4a4c600000, 0x00007f4ab8ed0000, 0x00007f54f70a0000)
  eden space 1422912K, 100% used [0x00007f4a4c600000, 0x00007f4aa3390000, 0x00007f4aa3390000)
  from space 177792K,  44% used [0x00007f4aa3390000, 0x00007f4aa8159be0, 0x00007f4aae130000)
  to   space 177792K,   0% used [0x00007f4aae130000, 0x00007f4aae130000, 0x00007f4ab8ed0000)
 tenured generation   total 3556900K, used 3544778K [0x00007f54f70a0000, 0x00007f55d0229000, 0x00007f6a4c600000)
   the space 3556900K,  99% used [0x00007f54f70a0000, 0x00007f55cf652b40, 0x00007f55cf652c00, 0x00007f55d0229000)
 Metaspace       used 24243K, capacity 24631K, committed 24832K, reserved 26624K
}
Event: 1026.914 GC heap after
{Heap after GC invocations=1229 (full 5):
 def new generation   total 1600704K, used 85280K [0x00007f4a4c600000, 0x00007f4ab8ed0000, 0x00007f54f70a0000)
  eden space 1422912K,   0% used [0x00007f4a4c600000, 0x00007f4a4c600000, 0x00007f4aa3390000)
  from space 177792K,  47% used [0x00007f4aae130000, 0x00007f4ab3478330, 0x00007f4ab8ed0000)
  to   space 177792K,   0% used [0x00007f4aa3390000, 0x00007f4aa3390000, 0x00007f4aae130000)
 tenured generation   total 3556900K, used 3544778K [0x00007f54f70a0000, 0x00007f55d0229000, 0x00007f6a4c600000)
   the space 3556900K,  99% used [0x00007f54f70a0000, 0x00007f55cf652b40, 0x00007f55cf652c00, 0x00007f55d0229000)
 Metaspace       used 24243K, capacity 24631K, committed 24832K, reserved 26624K
}
Event: 1028.114 GC heap before
{Heap before GC invocations=1229 (full 5):
 def new generation   total 1600704K, used 1508192K [0x00007f4a4c600000, 0x00007f4ab8ed0000, 0x00007f54f70a0000)
  eden space 1422912K, 100% used [0x00007f4a4c600000, 0x00007f4aa3390000, 0x00007f4aa3390000)
  from space 177792K,  47% used [0x00007f4aae130000, 0x00007f4ab3478330, 0x00007f4ab8ed0000)
  to   space 177792K,   0% used [0x00007f4aa3390000, 0x00007f4aa3390000, 0x00007f4aae130000)
 tenured generation   total 3556900K, used 3544778K [0x00007f54f70a0000, 0x00007f55d0229000, 0x00007f6a4c600000)
   the space 3556900K,  99% used [0x00007f54f70a0000, 0x00007f55cf652b40, 0x00007f55cf652c00, 0x00007f55d0229000)
 Metaspace       used 24243K, capacity 24631K, committed 24832K, reserved 26624K
}
Event: 1028.178 GC heap after
{Heap after GC invocations=1230 (full 5):
 def new generation   total 1600704K, used 89423K [0x00007f4a4c600000, 0x00007f4ab8ed0000, 0x00007f54f70a0000)
  eden space 1422912K,   0% used [0x00007f4a4c600000, 0x00007f4a4c600000, 0x00007f4aa3390000)
  from space 177792K,  50% used [0x00007f4aa3390000, 0x00007f4aa8ae3c60, 0x00007f4aae130000)
  to   space 177792K,   0% used [0x00007f4aae130000, 0x00007f4aae130000, 0x00007f4ab8ed0000)
 tenured generation   total 3556900K, used 3544778K [0x00007f54f70a0000, 0x00007f55d0229000, 0x00007f6a4c600000)
   the space 3556900K,  99% used [0x00007f54f70a0000, 0x00007f55cf652b40, 0x00007f55cf652c00, 0x00007f55d0229000)
 Metaspace       used 24243K, capacity 24631K, committed 24832K, reserved 26624K
}
Event: 1029.709 GC heap before
{Heap before GC invocations=1230 (full 5):
 def new generation   total 1600704K, used 1512335K [0x00007f4a4c600000, 0x00007f4ab8ed0000, 0x00007f54f70a0000)
  eden space 1422912K, 100% used [0x00007f4a4c600000, 0x00007f4aa3390000, 0x00007f4aa3390000)
  from space 177792K,  50% used [0x00007f4aa3390000, 0x00007f4aa8ae3c60, 0x00007f4aae130000)
  to   space 177792K,   0% used [0x00007f4aae130000, 0x00007f4aae130000, 0x00007f4ab8ed0000)
 tenured generation   total 3556900K, used 3544778K [0x00007f54f70a0000, 0x00007f55d0229000, 0x00007f6a4c600000)
   the space 3556900K,  99% used [0x00007f54f70a0000, 0x00007f55cf652b40, 0x00007f55cf652c00, 0x00007f55d0229000)
 Metaspace       used 24243K, capacity 24631K, committed 24832K, reserved 26624K
}
Event: 1029.784 GC heap after
{Heap after GC invocations=1231 (full 5):
 def new generation   total 1600704K, used 81714K [0x00007f4a4c600000, 0x00007f4ab8ed0000, 0x00007f54f70a0000)
  eden space 1422912K,   0% used [0x00007f4a4c600000, 0x00007f4a4c600000, 0x00007f4aa3390000)
  from space 177792K,  45% used [0x00007f4aae130000, 0x00007f4ab30fca38, 0x00007f4ab8ed0000)
  to   space 177792K,   0% used [0x00007f4aa3390000, 0x00007f4aa3390000, 0x00007f4aae130000)
 tenured generation   total 3573288K, used 3561737K [0x00007f54f70a0000, 0x00007f55d122a000, 0x00007f6a4c600000)
   the space 3573288K,  99% used [0x00007f54f70a0000, 0x00007f55d06e2628, 0x00007f55d06e2800, 0x00007f55d122a000)
 Metaspace       used 24243K, capacity 24631K, committed 24832K, reserved 26624K
}
Event: 1029.784 GC heap before
{Heap before GC invocations=1231 (full 5):
 def new generation   total 1600704K, used 81714K [0x00007f4a4c600000, 0x00007f4ab8ed0000, 0x00007f54f70a0000)
  eden space 1422912K,   0% used [0x00007f4a4c600000, 0x00007f4a4c600000, 0x00007f4aa3390000)
  from space 177792K,  45% used [0x00007f4aae130000, 0x00007f4ab30fca38, 0x00007f4ab8ed0000)
  to   space 177792K,   0% used [0x00007f4aa3390000, 0x00007f4aa3390000, 0x00007f4aae130000)
 tenured generation   total 3573288K, used 3561737K [0x00007f54f70a0000, 0x00007f55d122a000, 0x00007f6a4c600000)
   the space 3573288K,  99% used [0x00007f54f70a0000, 0x00007f55d06e2628, 0x00007f55d06e2800, 0x00007f55d122a000)
 Metaspace       used 24243K, capacity 24631K, committed 24832K, reserved 26624K
}

