# JRE version: OpenJDK Runtime Environment (13.0.7+5) (build 13.0.7+5-Ubuntu-0ubuntu120.04)
# Java VM: OpenJDK 64-Bit Server VM (13.0.7+5-Ubuntu-0ubuntu120.04, mixed mode, tiered, serial gc, linux-amd64)
Heap:
 def new generation   total 1780480K, used 0K [0x00007f3640600000, 0x00007f36b91f0000, 0x00007f3b95b50000)
  eden space 1582656K,   0% used [0x00007f3640600000, 0x00007f3640600000, 0x00007f36a0f90000)
  from space 197824K,   0% used [0x00007f36a0f90000, 0x00007f36a0f90000, 0x00007f36ad0c0000)
  to   space 197824K,   0% used [0x00007f36ad0c0000, 0x00007f36ad0c0000, 0x00007f36b91f0000)
 tenured generation   total 3956524K, used 9739K [0x00007f3b95b50000, 0x00007f3c8731b000, 0x00007f4640600000)
   the space 3956524K,   0% used [0x00007f3b95b50000, 0x00007f3b964d2f20, 0x00007f3b964d3000, 0x00007f3c8731b000)
 Metaspace       used 23210K, capacity 23599K, committed 23808K, reserved 24576K
GC Heap History (20 events):
Event: 8.075 GC heap before
{Heap before GC invocations=2 (full 1):
 def new generation   total 629248K, used 327056K [0x00007f3640600000, 0x00007f366b0c0000, 0x00007f3b95b50000)
  eden space 559360K,  58% used [0x00007f3640600000, 0x00007f36544aab00, 0x00007f3662840000)
  from space 69888K,   1% used [0x00007f3666c80000, 0x00007f3666d395c0, 0x00007f366b0c0000)
  to   space 69888K,   0% used [0x00007f3662840000, 0x00007f3662840000, 0x00007f3666c80000)
 tenured generation   total 1398144K, used 13587K [0x00007f3b95b50000, 0x00007f3beb0b0000, 0x00007f4640600000)
   the space 1398144K,   0% used [0x00007f3b95b50000, 0x00007f3b96894fb8, 0x00007f3b96895000, 0x00007f3beb0b0000)
 Metaspace       used 23153K, capacity 23527K, committed 23808K, reserved 24576K
}
Event: 8.183 GC heap after
{Heap after GC invocations=3 (full 1):
 def new generation   total 629248K, used 1334K [0x00007f3640600000, 0x00007f366b0c0000, 0x00007f3b95b50000)
  eden space 559360K,   0% used [0x00007f3640600000, 0x00007f3640600000, 0x00007f3662840000)
  from space 69888K,   1% used [0x00007f3662840000, 0x00007f366298db80, 0x00007f3666c80000)
  to   space 69888K,   0% used [0x00007f3666c80000, 0x00007f3666c80000, 0x00007f366b0c0000)
 tenured generation   total 1398144K, used 13587K [0x00007f3b95b50000, 0x00007f3beb0b0000, 0x00007f4640600000)
   the space 1398144K,   0% used [0x00007f3b95b50000, 0x00007f3b96894fb8, 0x00007f3b96895000, 0x00007f3beb0b0000)
 Metaspace       used 23153K, capacity 23527K, committed 23808K, reserved 24576K
}
Event: 12.130 GC heap before
{Heap before GC invocations=3 (full 1):
 def new generation   total 629248K, used 540162K [0x00007f3640600000, 0x00007f366b0c0000, 0x00007f3b95b50000)
  eden space 559360K,  96% used [0x00007f3640600000, 0x00007f3661433058, 0x00007f3662840000)
  from space 69888K,   1% used [0x00007f3662840000, 0x00007f366298db80, 0x00007f3666c80000)
  to   space 69888K,   0% used [0x00007f3666c80000, 0x00007f3666c80000, 0x00007f366b0c0000)
 tenured generation   total 1398144K, used 13587K [0x00007f3b95b50000, 0x00007f3beb0b0000, 0x00007f4640600000)
   the space 1398144K,   0% used [0x00007f3b95b50000, 0x00007f3b96894fb8, 0x00007f3b96895000, 0x00007f3beb0b0000)
 Metaspace       used 23155K, capacity 23527K, committed 23808K, reserved 24576K
}
Event: 14.849 GC heap after
{Heap after GC invocations=4 (full 1):
 def new generation   total 629248K, used 1046K [0x00007f3640600000, 0x00007f366b0c0000, 0x00007f3b95b50000)
  eden space 559360K,   0% used [0x00007f3640600000, 0x00007f3640600000, 0x00007f3662840000)
  from space 69888K,   1% used [0x00007f3666c80000, 0x00007f3666d859b8, 0x00007f366b0c0000)
  to   space 69888K,   0% used [0x00007f3662840000, 0x00007f3662840000, 0x00007f3666c80000)
 tenured generation   total 1398144K, used 537875K [0x00007f3b95b50000, 0x00007f3beb0b0000, 0x00007f4640600000)
   the space 1398144K,  38% used [0x00007f3b95b50000, 0x00007f3bb6894fe8, 0x00007f3bb6895000, 0x00007f3beb0b0000)
 Metaspace       used 23155K, capacity 23527K, committed 23808K, reserved 24576K
}
Event: 14.849 GC heap before
{Heap before GC invocations=4 (full 1):
 def new generation   total 629248K, used 1046K [0x00007f3640600000, 0x00007f366b0c0000, 0x00007f3b95b50000)
  eden space 559360K,   0% used [0x00007f3640600000, 0x00007f3640600000, 0x00007f3662840000)
  from space 69888K,   1% used [0x00007f3666c80000, 0x00007f3666d859b8, 0x00007f366b0c0000)
  to   space 69888K,   0% used [0x00007f3662840000, 0x00007f3662840000, 0x00007f3666c80000)
 tenured generation   total 1398144K, used 537875K [0x00007f3b95b50000, 0x00007f3beb0b0000, 0x00007f4640600000)
   the space 1398144K,  38% used [0x00007f3b95b50000, 0x00007f3bb6894fe8, 0x00007f3bb6895000, 0x00007f3beb0b0000)
 Metaspace       used 23155K, capacity 23527K, committed 23808K, reserved 24576K
}
Event: 14.891 GC heap after
{Heap after GC invocations=4 (full 2):
 def new generation   total 629248K, used 0K [0x00007f3640600000, 0x00007f366b0c0000, 0x00007f3b95b50000)
  eden space 559360K,   0% used [0x00007f3640600000, 0x00007f3640600000, 0x00007f3662840000)
  from space 69888K,   0% used [0x00007f3666c80000, 0x00007f3666c80000, 0x00007f366b0c0000)
  to   space 69888K,   0% used [0x00007f3662840000, 0x00007f3662840000, 0x00007f3666c80000)
 tenured generation   total 1398144K, used 538922K [0x00007f3b95b50000, 0x00007f3beb0b0000, 0x00007f4640600000)
   the space 1398144K,  38% used [0x00007f3b95b50000, 0x00007f3bb699a860, 0x00007f3bb699aa00, 0x00007f3beb0b0000)
 Metaspace       used 23155K, capacity 23527K, committed 23808K, reserved 24576K
}
Event: 17.312 GC heap before
{Heap before GC invocations=4 (full 2):
 def new generation   total 629248K, used 10965K [0x00007f3640600000, 0x00007f366b0c0000, 0x00007f3b95b50000)
  eden space 559360K,   1% used [0x00007f3640600000, 0x00007f36410b57e0, 0x00007f3662840000)
  from space 69888K,   0% used [0x00007f3666c80000, 0x00007f3666c80000, 0x00007f366b0c0000)
  to   space 69888K,   0% used [0x00007f3662840000, 0x00007f3662840000, 0x00007f3666c80000)
 tenured generation   total 3495300K, used 2636074K [0x00007f3b95b50000, 0x00007f3c6b0b1000, 0x00007f4640600000)
   the space 3495300K,  75% used [0x00007f3b95b50000, 0x00007f3c3699a878, 0x00007f3c3699aa00, 0x00007f3c6b0b1000)
 Metaspace       used 23157K, capacity 23527K, committed 23808K, reserved 24576K
}
Event: 17.316 GC heap after
{Heap after GC invocations=5 (full 2):
 def new generation   total 629248K, used 0K [0x00007f3640600000, 0x00007f366b0c0000, 0x00007f3b95b50000)
  eden space 559360K,   0% used [0x00007f3640600000, 0x00007f3640600000, 0x00007f3662840000)
  from space 69888K,   0% used [0x00007f3662840000, 0x00007f36628403d0, 0x00007f3666c80000)
  to   space 69888K,   0% used [0x00007f3666c80000, 0x00007f3666c80000, 0x00007f366b0c0000)
 tenured generation   total 3495300K, used 2636074K [0x00007f3b95b50000, 0x00007f3c6b0b1000, 0x00007f4640600000)
   the space 3495300K,  75% used [0x00007f3b95b50000, 0x00007f3c3699a878, 0x00007f3c3699aa00, 0x00007f3c6b0b1000)
 Metaspace       used 23157K, capacity 23527K, committed 23808K, reserved 24576K
}
Event: 17.316 GC heap before
{Heap before GC invocations=5 (full 2):
 def new generation   total 629248K, used 0K [0x00007f3640600000, 0x00007f366b0c0000, 0x00007f3b95b50000)
  eden space 559360K,   0% used [0x00007f3640600000, 0x00007f3640600000, 0x00007f3662840000)
  from space 69888K,   0% used [0x00007f3662840000, 0x00007f36628403d0, 0x00007f3666c80000)
  to   space 69888K,   0% used [0x00007f3666c80000, 0x00007f3666c80000, 0x00007f366b0c0000)
 tenured generation   total 3495300K, used 2636074K [0x00007f3b95b50000, 0x00007f3c6b0b1000, 0x00007f4640600000)
   the space 3495300K,  75% used [0x00007f3b95b50000, 0x00007f3c3699a878, 0x00007f3c3699aa00, 0x00007f3c6b0b1000)
 Metaspace       used 23157K, capacity 23527K, committed 23808K, reserved 24576K
}
Event: 18.566 GC heap after
{Heap after GC invocations=5 (full 3):
 def new generation   total 1780480K, used 0K [0x00007f3640600000, 0x00007f36b91f0000, 0x00007f3b95b50000)
  eden space 1582656K,   0% used [0x00007f3640600000, 0x00007f3640600000, 0x00007f36a0f90000)
  from space 197824K,   0% used [0x00007f36a0f90000, 0x00007f36a0f90000, 0x00007f36ad0c0000)
  to   space 197824K,   0% used [0x00007f36ad0c0000, 0x00007f36ad0c0000, 0x00007f36b91f0000)
 tenured generation   total 3956524K, used 2373912K [0x00007f3b95b50000, 0x00007f3c8731b000, 0x00007f4640600000)
   the space 3956524K,  59% used [0x00007f3b95b50000, 0x00007f3c26996330, 0x00007f3c26996400, 0x00007f3c8731b000)
 Metaspace       used 23157K, capacity 23527K, committed 23808K, reserved 24576K
}
Event: 25.004 GC heap before
{Heap before GC invocations=5 (full 3):
 def new generation   total 1780480K, used 1079603K [0x00007f3640600000, 0x00007f36b91f0000, 0x00007f3b95b50000)
  eden space 1582656K,  68% used [0x00007f3640600000, 0x00007f368244cc80, 0x00007f36a0f90000)
  from space 197824K,   0% used [0x00007f36a0f90000, 0x00007f36a0f90000, 0x00007f36ad0c0000)
  to   space 197824K,   0% used [0x00007f36ad0c0000, 0x00007f36ad0c0000, 0x00007f36b91f0000)
 tenured generation   total 3956524K, used 2373912K [0x00007f3b95b50000, 0x00007f3c8731b000, 0x00007f4640600000)
   the space 3956524K,  59% used [0x00007f3b95b50000, 0x00007f3c26996330, 0x00007f3c26996400, 0x00007f3c8731b000)
 Metaspace       used 23159K, capacity 23528K, committed 23808K, reserved 24576K
}
Event: 26.185 GC heap after
{Heap after GC invocations=6 (full 3):
 def new generation   total 1780480K, used 5K [0x00007f3640600000, 0x00007f36b91f0000, 0x00007f3b95b50000)
  eden space 1582656K,   0% used [0x00007f3640600000, 0x00007f3640600000, 0x00007f36a0f90000)
  from space 197824K,   0% used [0x00007f36ad0c0000, 0x00007f36ad0c1688, 0x00007f36b91f0000)
  to   space 197824K,   0% used [0x00007f36a0f90000, 0x00007f36a0f90000, 0x00007f36ad0c0000)
 tenured generation   total 3956524K, used 3422488K [0x00007f3b95b50000, 0x00007f3c8731b000, 0x00007f4640600000)
   the space 3956524K,  86% used [0x00007f3b95b50000, 0x00007f3c66996348, 0x00007f3c66996400, 0x00007f3c8731b000)
 Metaspace       used 23159K, capacity 23528K, committed 23808K, reserved 24576K
}
Event: 28.207 GC heap before
{Heap before GC invocations=6 (full 3):
 def new generation   total 1780480K, used 1582661K [0x00007f3640600000, 0x00007f36b91f0000, 0x00007f3b95b50000)
  eden space 1582656K, 100% used [0x00007f3640600000, 0x00007f36a0f90000, 0x00007f36a0f90000)
  from space 197824K,   0% used [0x00007f36ad0c0000, 0x00007f36ad0c1688, 0x00007f36b91f0000)
  to   space 197824K,   0% used [0x00007f36a0f90000, 0x00007f36a0f90000, 0x00007f36ad0c0000)
 tenured generation   total 3956524K, used 3422488K [0x00007f3b95b50000, 0x00007f3c8731b000, 0x00007f4640600000)
   the space 3956524K,  86% used [0x00007f3b95b50000, 0x00007f3c66996348, 0x00007f3c66996400, 0x00007f3c8731b000)
 Metaspace       used 23185K, capacity 23531K, committed 23808K, reserved 24576K
}
Event: 28.211 GC heap after
{Heap after GC invocations=7 (full 3):
 def new generation   total 1780480K, used 538K [0x00007f3640600000, 0x00007f36b91f0000, 0x00007f3b95b50000)
  eden space 1582656K,   0% used [0x00007f3640600000, 0x00007f3640600000, 0x00007f36a0f90000)
  from space 197824K,   0% used [0x00007f36a0f90000, 0x00007f36a1016b70, 0x00007f36ad0c0000)
  to   space 197824K,   0% used [0x00007f36ad0c0000, 0x00007f36ad0c0000, 0x00007f36b91f0000)
 tenured generation   total 3956524K, used 3422488K [0x00007f3b95b50000, 0x00007f3c8731b000, 0x00007f4640600000)
   the space 3956524K,  86% used [0x00007f3b95b50000, 0x00007f3c66996348, 0x00007f3c66996400, 0x00007f3c8731b000)
 Metaspace       used 23185K, capacity 23531K, committed 23808K, reserved 24576K
}
Event: 30.847 GC heap before
{Heap before GC invocations=7 (full 3):
 def new generation   total 1780480K, used 1583194K [0x00007f3640600000, 0x00007f36b91f0000, 0x00007f3b95b50000)
  eden space 1582656K, 100% used [0x00007f3640600000, 0x00007f36a0f90000, 0x00007f36a0f90000)
  from space 197824K,   0% used [0x00007f36a0f90000, 0x00007f36a1016b70, 0x00007f36ad0c0000)
  to   space 197824K,   0% used [0x00007f36ad0c0000, 0x00007f36ad0c0000, 0x00007f36b91f0000)
 tenured generation   total 3956524K, used 3422488K [0x00007f3b95b50000, 0x00007f3c8731b000, 0x00007f4640600000)
   the space 3956524K,  86% used [0x00007f3b95b50000, 0x00007f3c66996348, 0x00007f3c66996400, 0x00007f3c8731b000)
 Metaspace       used 23185K, capacity 23531K, committed 23808K, reserved 24576K
}
Event: 30.852 GC heap after
{Heap after GC invocations=8 (full 3):
 def new generation   total 1780480K, used 908K [0x00007f3640600000, 0x00007f36b91f0000, 0x00007f3b95b50000)
  eden space 1582656K,   0% used [0x00007f3640600000, 0x00007f3640600000, 0x00007f36a0f90000)
  from space 197824K,   0% used [0x00007f36ad0c0000, 0x00007f36ad1a3018, 0x00007f36b91f0000)
  to   space 197824K,   0% used [0x00007f36a0f90000, 0x00007f36a0f90000, 0x00007f36ad0c0000)
 tenured generation   total 3956524K, used 3422488K [0x00007f3b95b50000, 0x00007f3c8731b000, 0x00007f4640600000)
   the space 3956524K,  86% used [0x00007f3b95b50000, 0x00007f3c66996348, 0x00007f3c66996400, 0x00007f3c8731b000)
 Metaspace       used 23185K, capacity 23531K, committed 23808K, reserved 24576K
}
Event: 32.066 GC heap before
{Heap before GC invocations=8 (full 3):
 def new generation   total 1780480K, used 1258579K [0x00007f3640600000, 0x00007f36b91f0000, 0x00007f3b95b50000)
  eden space 1582656K,  79% used [0x00007f3640600000, 0x00007f368d231ed8, 0x00007f36a0f90000)
  from space 197824K,   0% used [0x00007f36ad0c0000, 0x00007f36ad1a3018, 0x00007f36b91f0000)
  to   space 197824K,   0% used [0x00007f36a0f90000, 0x00007f36a0f90000, 0x00007f36ad0c0000)
 tenured generation   total 3956524K, used 3422488K [0x00007f3b95b50000, 0x00007f3c8731b000, 0x00007f4640600000)
   the space 3956524K,  86% used [0x00007f3b95b50000, 0x00007f3c66996348, 0x00007f3c66996400, 0x00007f3c8731b000)
 Metaspace       used 23210K, capacity 23599K, committed 23808K, reserved 24576K
}
Event: 32.069 GC heap after
{Heap after GC invocations=9 (full 3):
 def new generation   total 1780480K, used 1082K [0x00007f3640600000, 0x00007f36b91f0000, 0x00007f3b95b50000)
  eden space 1582656K,   0% used [0x00007f3640600000, 0x00007f3640600000, 0x00007f36a0f90000)
  from space 197824K,   0% used [0x00007f36a0f90000, 0x00007f36a109e888, 0x00007f36ad0c0000)
  to   space 197824K,   0% used [0x00007f36ad0c0000, 0x00007f36ad0c0000, 0x00007f36b91f0000)
 tenured generation   total 3956524K, used 3422488K [0x00007f3b95b50000, 0x00007f3c8731b000, 0x00007f4640600000)
   the space 3956524K,  86% used [0x00007f3b95b50000, 0x00007f3c66996348, 0x00007f3c66996400, 0x00007f3c8731b000)
 Metaspace       used 23210K, capacity 23599K, committed 23808K, reserved 24576K
}
Event: 32.069 GC heap before
{Heap before GC invocations=9 (full 3):
 def new generation   total 1780480K, used 1082K [0x00007f3640600000, 0x00007f36b91f0000, 0x00007f3b95b50000)
  eden space 1582656K,   0% used [0x00007f3640600000, 0x00007f3640600000, 0x00007f36a0f90000)
  from space 197824K,   0% used [0x00007f36a0f90000, 0x00007f36a109e888, 0x00007f36ad0c0000)
  to   space 197824K,   0% used [0x00007f36ad0c0000, 0x00007f36ad0c0000, 0x00007f36b91f0000)
 tenured generation   total 3956524K, used 3422488K [0x00007f3b95b50000, 0x00007f3c8731b000, 0x00007f4640600000)
   the space 3956524K,  86% used [0x00007f3b95b50000, 0x00007f3c66996348, 0x00007f3c66996400, 0x00007f3c8731b000)
 Metaspace       used 23210K, capacity 23599K, committed 23808K, reserved 24576K
}
Event: 32.137 GC heap after
{Heap after GC invocations=9 (full 4):
 def new generation   total 1780480K, used 0K [0x00007f3640600000, 0x00007f36b91f0000, 0x00007f3b95b50000)
  eden space 1582656K,   0% used [0x00007f3640600000, 0x00007f3640600000, 0x00007f36a0f90000)
  from space 197824K,   0% used [0x00007f36a0f90000, 0x00007f36a0f90000, 0x00007f36ad0c0000)
  to   space 197824K,   0% used [0x00007f36ad0c0000, 0x00007f36ad0c0000, 0x00007f36b91f0000)
 tenured generation   total 3956524K, used 9739K [0x00007f3b95b50000, 0x00007f3c8731b000, 0x00007f4640600000)
   the space 3956524K,   0% used [0x00007f3b95b50000, 0x00007f3b964d2f20, 0x00007f3b964d3000, 0x00007f3c8731b000)
 Metaspace       used 23210K, capacity 23599K, committed 23808K, reserved 24576K
}

