# JRE version: OpenJDK Runtime Environment (13.0.7+5) (build 13.0.7+5-Ubuntu-0ubuntu120.04)
# Java VM: OpenJDK 64-Bit Server VM (13.0.7+5-Ubuntu-0ubuntu120.04, mixed mode, tiered, serial gc, linux-amd64)
Heap:
 def new generation   total 629248K, used 0K [0x00007f4518600000, 0x00007f45430c0000, 0x00007f4a6db50000)
  eden space 559360K,   0% used [0x00007f4518600000, 0x00007f4518600000, 0x00007f453a840000)
  from space 69888K,   0% used [0x00007f453a840000, 0x00007f453a840000, 0x00007f453ec80000)
  to   space 69888K,   0% used [0x00007f453ec80000, 0x00007f453ec80000, 0x00007f45430c0000)
 tenured generation   total 9786756K, used 8405210K [0x00007f4a6db50000, 0x00007f4cc30b1000, 0x00007f5518600000)
   the space 9786756K,  85% used [0x00007f4a6db50000, 0x00007f4c6eb868d0, 0x00007f4c6eb86a00, 0x00007f4cc30b1000)
 Metaspace       used 23223K, capacity 23593K, committed 23808K, reserved 24576K
GC Heap History (13 events):
Event: 2.333 GC heap before
{Heap before GC invocations=0 (full 0):
 def new generation   total 629120K, used 111847K [0x00007f4518600000, 0x00007f45430a0000, 0x00007f4a6db50000)
  eden space 559232K,  20% used [0x00007f4518600000, 0x00007f451f339fb8, 0x00007f453a820000)
  from space 69888K,   0% used [0x00007f453a820000, 0x00007f453a820000, 0x00007f453ec60000)
  to   space 69888K,   0% used [0x00007f453ec60000, 0x00007f453ec60000, 0x00007f45430a0000)
 tenured generation   total 1398144K, used 0K [0x00007f4a6db50000, 0x00007f4ac30b0000, 0x00007f5518600000)
   the space 1398144K,   0% used [0x00007f4a6db50000, 0x00007f4a6db50000, 0x00007f4a6db50200, 0x00007f4ac30b0000)
 Metaspace       used 20915K, capacity 21207K, committed 21248K, reserved 22528K
}
Event: 2.389 GC heap after
{Heap after GC invocations=1 (full 1):
 def new generation   total 629248K, used 0K [0x00007f4518600000, 0x00007f45430c0000, 0x00007f4a6db50000)
  eden space 559360K,   0% used [0x00007f4518600000, 0x00007f4518600000, 0x00007f453a840000)
  from space 69888K,   0% used [0x00007f453a840000, 0x00007f453a840000, 0x00007f453ec80000)
  to   space 69888K,   0% used [0x00007f453ec80000, 0x00007f453ec80000, 0x00007f45430c0000)
 tenured generation   total 1398144K, used 13608K [0x00007f4a6db50000, 0x00007f4ac30b0000, 0x00007f5518600000)
   the space 1398144K,   0% used [0x00007f4a6db50000, 0x00007f4a6e89a398, 0x00007f4a6e89a400, 0x00007f4ac30b0000)
 Metaspace       used 20915K, capacity 21207K, committed 21248K, reserved 22528K
}
Event: 3.497 GC heap before
{Heap before GC invocations=1 (full 1):
 def new generation   total 629248K, used 559360K [0x00007f4518600000, 0x00007f45430c0000, 0x00007f4a6db50000)
  eden space 559360K, 100% used [0x00007f4518600000, 0x00007f453a840000, 0x00007f453a840000)
  from space 69888K,   0% used [0x00007f453a840000, 0x00007f453a840000, 0x00007f453ec80000)
  to   space 69888K,   0% used [0x00007f453ec80000, 0x00007f453ec80000, 0x00007f45430c0000)
 tenured generation   total 1398144K, used 13608K [0x00007f4a6db50000, 0x00007f4ac30b0000, 0x00007f5518600000)
   the space 1398144K,   0% used [0x00007f4a6db50000, 0x00007f4a6e89a398, 0x00007f4a6e89a400, 0x00007f4ac30b0000)
 Metaspace       used 23020K, capacity 23377K, committed 23552K, reserved 24576K
}
Event: 3.502 GC heap after
{Heap after GC invocations=2 (full 1):
 def new generation   total 629248K, used 662K [0x00007f4518600000, 0x00007f45430c0000, 0x00007f4a6db50000)
  eden space 559360K,   0% used [0x00007f4518600000, 0x00007f4518600000, 0x00007f453a840000)
  from space 69888K,   0% used [0x00007f453ec80000, 0x00007f453ed25a58, 0x00007f45430c0000)
  to   space 69888K,   0% used [0x00007f453a840000, 0x00007f453a840000, 0x00007f453ec80000)
 tenured generation   total 1398144K, used 13608K [0x00007f4a6db50000, 0x00007f4ac30b0000, 0x00007f5518600000)
   the space 1398144K,   0% used [0x00007f4a6db50000, 0x00007f4a6e89a398, 0x00007f4a6e89a400, 0x00007f4ac30b0000)
 Metaspace       used 23020K, capacity 23377K, committed 23552K, reserved 24576K
}
Event: 4.359 GC heap before
{Heap before GC invocations=2 (full 1):
 def new generation   total 629248K, used 560022K [0x00007f4518600000, 0x00007f45430c0000, 0x00007f4a6db50000)
  eden space 559360K, 100% used [0x00007f4518600000, 0x00007f453a840000, 0x00007f453a840000)
  from space 69888K,   0% used [0x00007f453ec80000, 0x00007f453ed25a58, 0x00007f45430c0000)
  to   space 69888K,   0% used [0x00007f453a840000, 0x00007f453a840000, 0x00007f453ec80000)
 tenured generation   total 1398144K, used 13608K [0x00007f4a6db50000, 0x00007f4ac30b0000, 0x00007f5518600000)
   the space 1398144K,   0% used [0x00007f4a6db50000, 0x00007f4a6e89a398, 0x00007f4a6e89a400, 0x00007f4ac30b0000)
 Metaspace       used 23031K, capacity 23378K, committed 23552K, reserved 24576K
}
Event: 4.361 GC heap after
{Heap after GC invocations=3 (full 1):
 def new generation   total 629248K, used 975K [0x00007f4518600000, 0x00007f45430c0000, 0x00007f4a6db50000)
  eden space 559360K,   0% used [0x00007f4518600000, 0x00007f4518600000, 0x00007f453a840000)
  from space 69888K,   1% used [0x00007f453a840000, 0x00007f453a933dd0, 0x00007f453ec80000)
  to   space 69888K,   0% used [0x00007f453ec80000, 0x00007f453ec80000, 0x00007f45430c0000)
 tenured generation   total 1398144K, used 13608K [0x00007f4a6db50000, 0x00007f4ac30b0000, 0x00007f5518600000)
   the space 1398144K,   0% used [0x00007f4a6db50000, 0x00007f4a6e89a398, 0x00007f4a6e89a400, 0x00007f4ac30b0000)
 Metaspace       used 23031K, capacity 23378K, committed 23552K, reserved 24576K
}
Event: 5.059 GC heap before
{Heap before GC invocations=3 (full 1):
 def new generation   total 629248K, used 375754K [0x00007f4518600000, 0x00007f45430c0000, 0x00007f4a6db50000)
  eden space 559360K,  67% used [0x00007f4518600000, 0x00007f452f3feb80, 0x00007f453a840000)
  from space 69888K,   1% used [0x00007f453a840000, 0x00007f453a933dd0, 0x00007f453ec80000)
  to   space 69888K,   0% used [0x00007f453ec80000, 0x00007f453ec80000, 0x00007f45430c0000)
 tenured generation   total 1398144K, used 13608K [0x00007f4a6db50000, 0x00007f4ac30b0000, 0x00007f5518600000)
   the space 1398144K,   0% used [0x00007f4a6db50000, 0x00007f4a6e89a398, 0x00007f4a6e89a400, 0x00007f4ac30b0000)
 Metaspace       used 23221K, capacity 23593K, committed 23808K, reserved 24576K
}
Event: 5.065 GC heap after
{Heap after GC invocations=4 (full 1):
 def new generation   total 629248K, used 2993K [0x00007f4518600000, 0x00007f45430c0000, 0x00007f4a6db50000)
  eden space 559360K,   0% used [0x00007f4518600000, 0x00007f4518600000, 0x00007f453a840000)
  from space 69888K,   4% used [0x00007f453ec80000, 0x00007f453ef6c590, 0x00007f45430c0000)
  to   space 69888K,   0% used [0x00007f453a840000, 0x00007f453a840000, 0x00007f453ec80000)
 tenured generation   total 1398144K, used 13608K [0x00007f4a6db50000, 0x00007f4ac30b0000, 0x00007f5518600000)
   the space 1398144K,   0% used [0x00007f4a6db50000, 0x00007f4a6e89a398, 0x00007f4a6e89a400, 0x00007f4ac30b0000)
 Metaspace       used 23221K, capacity 23593K, committed 23808K, reserved 24576K
}
Event: 5.065 GC heap before
{Heap before GC invocations=4 (full 1):
 def new generation   total 629248K, used 2993K [0x00007f4518600000, 0x00007f45430c0000, 0x00007f4a6db50000)
  eden space 559360K,   0% used [0x00007f4518600000, 0x00007f4518600000, 0x00007f453a840000)
  from space 69888K,   4% used [0x00007f453ec80000, 0x00007f453ef6c590, 0x00007f45430c0000)
  to   space 69888K,   0% used [0x00007f453a840000, 0x00007f453a840000, 0x00007f453ec80000)
 tenured generation   total 1398144K, used 13608K [0x00007f4a6db50000, 0x00007f4ac30b0000, 0x00007f5518600000)
   the space 1398144K,   0% used [0x00007f4a6db50000, 0x00007f4a6e89a398, 0x00007f4a6e89a400, 0x00007f4ac30b0000)
 Metaspace       used 23221K, capacity 23593K, committed 23808K, reserved 24576K
}
Event: 5.110 GC heap after
{Heap after GC invocations=4 (full 2):
 def new generation   total 629248K, used 0K [0x00007f4518600000, 0x00007f45430c0000, 0x00007f4a6db50000)
  eden space 559360K,   0% used [0x00007f4518600000, 0x00007f4518600000, 0x00007f453a840000)
  from space 69888K,   0% used [0x00007f453ec80000, 0x00007f453ec80000, 0x00007f45430c0000)
  to   space 69888K,   0% used [0x00007f453a840000, 0x00007f453a840000, 0x00007f453ec80000)
 tenured generation   total 1398144K, used 16601K [0x00007f4a6db50000, 0x00007f4ac30b0000, 0x00007f5518600000)
   the space 1398144K,   1% used [0x00007f4a6db50000, 0x00007f4a6eb86658, 0x00007f4a6eb86800, 0x00007f4ac30b0000)
 Metaspace       used 23221K, capacity 23593K, committed 23808K, reserved 24576K
}
Event: 17.543 GC heap before
{Heap before GC invocations=4 (full 2):
 def new generation   total 629248K, used 14565K [0x00007f4518600000, 0x00007f45430c0000, 0x00007f4a6db50000)
  eden space 559360K,   2% used [0x00007f4518600000, 0x00007f45194395b8, 0x00007f453a840000)
  from space 69888K,   0% used [0x00007f453ec80000, 0x00007f453ec80000, 0x00007f45430c0000)
  to   space 69888K,   0% used [0x00007f453a840000, 0x00007f453a840000, 0x00007f453ec80000)
 tenured generation   total 9786756K, used 8405209K [0x00007f4a6db50000, 0x00007f4cc30b1000, 0x00007f5518600000)
   the space 9786756K,  85% used [0x00007f4a6db50000, 0x00007f4c6eb86670, 0x00007f4c6eb86800, 0x00007f4cc30b1000)
 Metaspace       used 23223K, capacity 23593K, committed 23808K, reserved 24576K
}
Event: 17.560 GC heap after
{Heap after GC invocations=5 (full 2):
 def new generation   total 629248K, used 0K [0x00007f4518600000, 0x00007f45430c0000, 0x00007f4a6db50000)
  eden space 559360K,   0% used [0x00007f4518600000, 0x00007f4518600000, 0x00007f453a840000)
  from space 69888K,   0% used [0x00007f453a840000, 0x00007f453a840260, 0x00007f453ec80000)
  to   space 69888K,   0% used [0x00007f453ec80000, 0x00007f453ec80000, 0x00007f45430c0000)
 tenured generation   total 9786756K, used 8405209K [0x00007f4a6db50000, 0x00007f4cc30b1000, 0x00007f5518600000)
   the space 9786756K,  85% used [0x00007f4a6db50000, 0x00007f4c6eb86670, 0x00007f4c6eb86800, 0x00007f4cc30b1000)
 Metaspace       used 23223K, capacity 23593K, committed 23808K, reserved 24576K
}
Event: 17.560 GC heap before
{Heap before GC invocations=5 (full 2):
 def new generation   total 629248K, used 0K [0x00007f4518600000, 0x00007f45430c0000, 0x00007f4a6db50000)
  eden space 559360K,   0% used [0x00007f4518600000, 0x00007f4518600000, 0x00007f453a840000)
  from space 69888K,   0% used [0x00007f453a840000, 0x00007f453a840260, 0x00007f453ec80000)
  to   space 69888K,   0% used [0x00007f453ec80000, 0x00007f453ec80000, 0x00007f45430c0000)
 tenured generation   total 9786756K, used 8405209K [0x00007f4a6db50000, 0x00007f4cc30b1000, 0x00007f5518600000)
   the space 9786756K,  85% used [0x00007f4a6db50000, 0x00007f4c6eb86670, 0x00007f4c6eb86800, 0x00007f4cc30b1000)
 Metaspace       used 23223K, capacity 23593K, committed 23808K, reserved 24576K
}

