# JRE version: OpenJDK Runtime Environment (13.0.7+5) (build 13.0.7+5-Ubuntu-0ubuntu120.04)
# Java VM: OpenJDK 64-Bit Server VM (13.0.7+5-Ubuntu-0ubuntu120.04, mixed mode, tiered, serial gc, linux-amd64)
Heap:
 def new generation   total 2897152K, used 2518K [0x00007f2d54600000, 0x00007f2e18d90000, 0x00007f32a9b50000)
  eden space 2575296K,   0% used [0x00007f2d54600000, 0x00007f2d54875850, 0x00007f2df18f0000)
  from space 321856K,   0% used [0x00007f2df18f0000, 0x00007f2df18f0000, 0x00007f2e05340000)
  to   space 321856K,   0% used [0x00007f2e05340000, 0x00007f2e05340000, 0x00007f2e18d90000)
 tenured generation   total 6438100K, used 6438099K [0x00007f32a9b50000, 0x00007f3432a85000, 0x00007f3d54600000)
   the space 6438100K,  99% used [0x00007f32a9b50000, 0x00007f3432a84d60, 0x00007f3432a84e00, 0x00007f3432a85000)
 Metaspace       used 24268K, capacity 24658K, committed 24832K, reserved 26624K
GC Heap History (20 events):
Event: 71099.018 GC heap after
{Heap after GC invocations=86676 (full 4):
 def new generation   total 2897152K, used 2644K [0x00007f2d54600000, 0x00007f2e18d90000, 0x00007f32a9b50000)
  eden space 2575296K,   0% used [0x00007f2d54600000, 0x00007f2d54600000, 0x00007f2df18f0000)
  from space 321856K,   0% used [0x00007f2e05340000, 0x00007f2e055d5388, 0x00007f2e18d90000)
  to   space 321856K,   0% used [0x00007f2df18f0000, 0x00007f2df18f0000, 0x00007f2e05340000)
 tenured generation   total 6437908K, used 6436525K [0x00007f32a9b50000, 0x00007f3432a55000, 0x00007f3d54600000)
   the space 6437908K,  99% used [0x00007f32a9b50000, 0x00007f34328fb568, 0x00007f34328fb600, 0x00007f3432a55000)
 Metaspace       used 24268K, capacity 24658K, committed 24832K, reserved 26624K
}
Event: 71100.742 GC heap before
{Heap before GC invocations=86676 (full 4):
 def new generation   total 2897152K, used 2577940K [0x00007f2d54600000, 0x00007f2e18d90000, 0x00007f32a9b50000)
  eden space 2575296K, 100% used [0x00007f2d54600000, 0x00007f2df18f0000, 0x00007f2df18f0000)
  from space 321856K,   0% used [0x00007f2e05340000, 0x00007f2e055d5388, 0x00007f2e18d90000)
  to   space 321856K,   0% used [0x00007f2df18f0000, 0x00007f2df18f0000, 0x00007f2e05340000)
 tenured generation   total 6437908K, used 6436525K [0x00007f32a9b50000, 0x00007f3432a55000, 0x00007f3d54600000)
   the space 6437908K,  99% used [0x00007f32a9b50000, 0x00007f34328fb568, 0x00007f34328fb600, 0x00007f3432a55000)
 Metaspace       used 24268K, capacity 24658K, committed 24832K, reserved 26624K
}
Event: 71100.751 GC heap after
{Heap after GC invocations=86677 (full 4):
 def new generation   total 2897152K, used 2546K [0x00007f2d54600000, 0x00007f2e18d90000, 0x00007f32a9b50000)
  eden space 2575296K,   0% used [0x00007f2d54600000, 0x00007f2d54600000, 0x00007f2df18f0000)
  from space 321856K,   0% used [0x00007f2df18f0000, 0x00007f2df1b6cb30, 0x00007f2e05340000)
  to   space 321856K,   0% used [0x00007f2e05340000, 0x00007f2e05340000, 0x00007f2e18d90000)
 tenured generation   total 6437908K, used 6436720K [0x00007f32a9b50000, 0x00007f3432a55000, 0x00007f3d54600000)
   the space 6437908K,  99% used [0x00007f32a9b50000, 0x00007f343292c368, 0x00007f343292c400, 0x00007f3432a55000)
 Metaspace       used 24268K, capacity 24658K, committed 24832K, reserved 26624K
}
Event: 71102.670 GC heap before
{Heap before GC invocations=86677 (full 4):
 def new generation   total 2897152K, used 2577842K [0x00007f2d54600000, 0x00007f2e18d90000, 0x00007f32a9b50000)
  eden space 2575296K, 100% used [0x00007f2d54600000, 0x00007f2df18f0000, 0x00007f2df18f0000)
  from space 321856K,   0% used [0x00007f2df18f0000, 0x00007f2df1b6cb30, 0x00007f2e05340000)
  to   space 321856K,   0% used [0x00007f2e05340000, 0x00007f2e05340000, 0x00007f2e18d90000)
 tenured generation   total 6437908K, used 6436720K [0x00007f32a9b50000, 0x00007f3432a55000, 0x00007f3d54600000)
   the space 6437908K,  99% used [0x00007f32a9b50000, 0x00007f343292c368, 0x00007f343292c400, 0x00007f3432a55000)
 Metaspace       used 24268K, capacity 24658K, committed 24832K, reserved 26624K
}
Event: 71102.679 GC heap after
{Heap after GC invocations=86678 (full 4):
 def new generation   total 2897152K, used 2654K [0x00007f2d54600000, 0x00007f2e18d90000, 0x00007f32a9b50000)
  eden space 2575296K,   0% used [0x00007f2d54600000, 0x00007f2d54600000, 0x00007f2df18f0000)
  from space 321856K,   0% used [0x00007f2e05340000, 0x00007f2e055d7be8, 0x00007f2e18d90000)
  to   space 321856K,   0% used [0x00007f2df18f0000, 0x00007f2df18f0000, 0x00007f2e05340000)
 tenured generation   total 6437908K, used 6436818K [0x00007f32a9b50000, 0x00007f3432a55000, 0x00007f3d54600000)
   the space 6437908K,  99% used [0x00007f32a9b50000, 0x00007f3432944a68, 0x00007f3432944c00, 0x00007f3432a55000)
 Metaspace       used 24268K, capacity 24658K, committed 24832K, reserved 26624K
}
Event: 71104.305 GC heap before
{Heap before GC invocations=86678 (full 4):
 def new generation   total 2897152K, used 2577950K [0x00007f2d54600000, 0x00007f2e18d90000, 0x00007f32a9b50000)
  eden space 2575296K, 100% used [0x00007f2d54600000, 0x00007f2df18f0000, 0x00007f2df18f0000)
  from space 321856K,   0% used [0x00007f2e05340000, 0x00007f2e055d7be8, 0x00007f2e18d90000)
  to   space 321856K,   0% used [0x00007f2df18f0000, 0x00007f2df18f0000, 0x00007f2e05340000)
 tenured generation   total 6437908K, used 6436818K [0x00007f32a9b50000, 0x00007f3432a55000, 0x00007f3d54600000)
   the space 6437908K,  99% used [0x00007f32a9b50000, 0x00007f3432944a68, 0x00007f3432944c00, 0x00007f3432a55000)
 Metaspace       used 24268K, capacity 24658K, committed 24832K, reserved 26624K
}
Event: 71104.312 GC heap after
{Heap after GC invocations=86679 (full 4):
 def new generation   total 2897152K, used 2640K [0x00007f2d54600000, 0x00007f2e18d90000, 0x00007f32a9b50000)
  eden space 2575296K,   0% used [0x00007f2d54600000, 0x00007f2d54600000, 0x00007f2df18f0000)
  from space 321856K,   0% used [0x00007f2df18f0000, 0x00007f2df1b842b0, 0x00007f2e05340000)
  to   space 321856K,   0% used [0x00007f2e05340000, 0x00007f2e05340000, 0x00007f2e18d90000)
 tenured generation   total 6437908K, used 6437014K [0x00007f32a9b50000, 0x00007f3432a55000, 0x00007f3d54600000)
   the space 6437908K,  99% used [0x00007f32a9b50000, 0x00007f3432975868, 0x00007f3432975a00, 0x00007f3432a55000)
 Metaspace       used 24268K, capacity 24658K, committed 24832K, reserved 26624K
}
Event: 71105.994 GC heap before
{Heap before GC invocations=86679 (full 4):
 def new generation   total 2897152K, used 2577936K [0x00007f2d54600000, 0x00007f2e18d90000, 0x00007f32a9b50000)
  eden space 2575296K, 100% used [0x00007f2d54600000, 0x00007f2df18f0000, 0x00007f2df18f0000)
  from space 321856K,   0% used [0x00007f2df18f0000, 0x00007f2df1b842b0, 0x00007f2e05340000)
  to   space 321856K,   0% used [0x00007f2e05340000, 0x00007f2e05340000, 0x00007f2e18d90000)
 tenured generation   total 6437908K, used 6437014K [0x00007f32a9b50000, 0x00007f3432a55000, 0x00007f3d54600000)
   the space 6437908K,  99% used [0x00007f32a9b50000, 0x00007f3432975868, 0x00007f3432975a00, 0x00007f3432a55000)
 Metaspace       used 24268K, capacity 24658K, committed 24832K, reserved 26624K
}
Event: 71106.002 GC heap after
{Heap after GC invocations=86680 (full 4):
 def new generation   total 2897152K, used 2539K [0x00007f2d54600000, 0x00007f2e18d90000, 0x00007f32a9b50000)
  eden space 2575296K,   0% used [0x00007f2d54600000, 0x00007f2d54600000, 0x00007f2df18f0000)
  from space 321856K,   0% used [0x00007f2e05340000, 0x00007f2e055bacd0, 0x00007f2e18d90000)
  to   space 321856K,   0% used [0x00007f2df18f0000, 0x00007f2df18f0000, 0x00007f2e05340000)
 tenured generation   total 6437908K, used 6437213K [0x00007f32a9b50000, 0x00007f3432a55000, 0x00007f3d54600000)
   the space 6437908K,  99% used [0x00007f32a9b50000, 0x00007f34329a77a8, 0x00007f34329a7800, 0x00007f3432a55000)
 Metaspace       used 24268K, capacity 24658K, committed 24832K, reserved 26624K
}
Event: 71107.709 GC heap before
{Heap before GC invocations=86680 (full 4):
 def new generation   total 2897152K, used 2577835K [0x00007f2d54600000, 0x00007f2e18d90000, 0x00007f32a9b50000)
  eden space 2575296K, 100% used [0x00007f2d54600000, 0x00007f2df18f0000, 0x00007f2df18f0000)
  from space 321856K,   0% used [0x00007f2e05340000, 0x00007f2e055bacd0, 0x00007f2e18d90000)
  to   space 321856K,   0% used [0x00007f2df18f0000, 0x00007f2df18f0000, 0x00007f2e05340000)
 tenured generation   total 6437908K, used 6437213K [0x00007f32a9b50000, 0x00007f3432a55000, 0x00007f3d54600000)
   the space 6437908K,  99% used [0x00007f32a9b50000, 0x00007f34329a77a8, 0x00007f34329a7800, 0x00007f3432a55000)
 Metaspace       used 24268K, capacity 24658K, committed 24832K, reserved 26624K
}
Event: 71107.718 GC heap after
{Heap after GC invocations=86681 (full 4):
 def new generation   total 2897152K, used 2635K [0x00007f2d54600000, 0x00007f2e18d90000, 0x00007f32a9b50000)
  eden space 2575296K,   0% used [0x00007f2d54600000, 0x00007f2d54600000, 0x00007f2df18f0000)
  from space 321856K,   0% used [0x00007f2df18f0000, 0x00007f2df1b82e80, 0x00007f2e05340000)
  to   space 321856K,   0% used [0x00007f2e05340000, 0x00007f2e05340000, 0x00007f2e18d90000)
 tenured generation   total 6437908K, used 6437311K [0x00007f32a9b50000, 0x00007f3432a55000, 0x00007f3d54600000)
   the space 6437908K,  99% used [0x00007f32a9b50000, 0x00007f34329bfea8, 0x00007f34329c0000, 0x00007f3432a55000)
 Metaspace       used 24268K, capacity 24658K, committed 24832K, reserved 26624K
}
Event: 71109.380 GC heap before
{Heap before GC invocations=86681 (full 4):
 def new generation   total 2897152K, used 2577931K [0x00007f2d54600000, 0x00007f2e18d90000, 0x00007f32a9b50000)
  eden space 2575296K, 100% used [0x00007f2d54600000, 0x00007f2df18f0000, 0x00007f2df18f0000)
  from space 321856K,   0% used [0x00007f2df18f0000, 0x00007f2df1b82e80, 0x00007f2e05340000)
  to   space 321856K,   0% used [0x00007f2e05340000, 0x00007f2e05340000, 0x00007f2e18d90000)
 tenured generation   total 6437908K, used 6437311K [0x00007f32a9b50000, 0x00007f3432a55000, 0x00007f3d54600000)
   the space 6437908K,  99% used [0x00007f32a9b50000, 0x00007f34329bfea8, 0x00007f34329c0000, 0x00007f3432a55000)
 Metaspace       used 24268K, capacity 24658K, committed 24832K, reserved 26624K
}
Event: 71109.389 GC heap after
{Heap after GC invocations=86682 (full 4):
 def new generation   total 2897152K, used 2622K [0x00007f2d54600000, 0x00007f2e18d90000, 0x00007f32a9b50000)
  eden space 2575296K,   0% used [0x00007f2d54600000, 0x00007f2d54600000, 0x00007f2df18f0000)
  from space 321856K,   0% used [0x00007f2e05340000, 0x00007f2e055cf9d8, 0x00007f2e18d90000)
  to   space 321856K,   0% used [0x00007f2df18f0000, 0x00007f2df18f0000, 0x00007f2e05340000)
 tenured generation   total 6437908K, used 6437507K [0x00007f32a9b50000, 0x00007f3432a55000, 0x00007f3d54600000)
   the space 6437908K,  99% used [0x00007f32a9b50000, 0x00007f34329f0ca8, 0x00007f34329f0e00, 0x00007f3432a55000)
 Metaspace       used 24268K, capacity 24658K, committed 24832K, reserved 26624K
}
Event: 71111.095 GC heap before
{Heap before GC invocations=86682 (full 4):
 def new generation   total 2897152K, used 2577918K [0x00007f2d54600000, 0x00007f2e18d90000, 0x00007f32a9b50000)
  eden space 2575296K, 100% used [0x00007f2d54600000, 0x00007f2df18f0000, 0x00007f2df18f0000)
  from space 321856K,   0% used [0x00007f2e05340000, 0x00007f2e055cf9d8, 0x00007f2e18d90000)
  to   space 321856K,   0% used [0x00007f2df18f0000, 0x00007f2df18f0000, 0x00007f2e05340000)
 tenured generation   total 6437908K, used 6437507K [0x00007f32a9b50000, 0x00007f3432a55000, 0x00007f3d54600000)
   the space 6437908K,  99% used [0x00007f32a9b50000, 0x00007f34329f0ca8, 0x00007f34329f0e00, 0x00007f3432a55000)
 Metaspace       used 24268K, capacity 24658K, committed 24832K, reserved 26624K
}
Event: 71111.104 GC heap after
{Heap after GC invocations=86683 (full 4):
 def new generation   total 2897152K, used 2540K [0x00007f2d54600000, 0x00007f2e18d90000, 0x00007f32a9b50000)
  eden space 2575296K,   0% used [0x00007f2d54600000, 0x00007f2d54600000, 0x00007f2df18f0000)
  from space 321856K,   0% used [0x00007f2df18f0000, 0x00007f2df1b6b128, 0x00007f2e05340000)
  to   space 321856K,   0% used [0x00007f2e05340000, 0x00007f2e05340000, 0x00007f2e18d90000)
 tenured generation   total 6437908K, used 6437702K [0x00007f32a9b50000, 0x00007f3432a55000, 0x00007f3d54600000)
   the space 6437908K,  99% used [0x00007f32a9b50000, 0x00007f3432a21aa8, 0x00007f3432a21c00, 0x00007f3432a55000)
 Metaspace       used 24268K, capacity 24658K, committed 24832K, reserved 26624K
}
Event: 71112.910 GC heap before
{Heap before GC invocations=86683 (full 4):
 def new generation   total 2897152K, used 2577836K [0x00007f2d54600000, 0x00007f2e18d90000, 0x00007f32a9b50000)
  eden space 2575296K, 100% used [0x00007f2d54600000, 0x00007f2df18f0000, 0x00007f2df18f0000)
  from space 321856K,   0% used [0x00007f2df18f0000, 0x00007f2df1b6b128, 0x00007f2e05340000)
  to   space 321856K,   0% used [0x00007f2e05340000, 0x00007f2e05340000, 0x00007f2e18d90000)
 tenured generation   total 6437908K, used 6437702K [0x00007f32a9b50000, 0x00007f3432a55000, 0x00007f3d54600000)
   the space 6437908K,  99% used [0x00007f32a9b50000, 0x00007f3432a21aa8, 0x00007f3432a21c00, 0x00007f3432a55000)
 Metaspace       used 24268K, capacity 24658K, committed 24832K, reserved 26624K
}
Event: 71112.919 GC heap after
{Heap after GC invocations=86684 (full 4):
 def new generation   total 2897152K, used 2635K [0x00007f2d54600000, 0x00007f2e18d90000, 0x00007f32a9b50000)
  eden space 2575296K,   0% used [0x00007f2d54600000, 0x00007f2d54600000, 0x00007f2df18f0000)
  from space 321856K,   0% used [0x00007f2e05340000, 0x00007f2e055d2fd0, 0x00007f2e18d90000)
  to   space 321856K,   0% used [0x00007f2df18f0000, 0x00007f2df18f0000, 0x00007f2e05340000)
 tenured generation   total 6437908K, used 6437800K [0x00007f32a9b50000, 0x00007f3432a55000, 0x00007f3d54600000)
   the space 6437908K,  99% used [0x00007f32a9b50000, 0x00007f3432a3a1a8, 0x00007f3432a3a200, 0x00007f3432a55000)
 Metaspace       used 24268K, capacity 24658K, committed 24832K, reserved 26624K
}
Event: 71114.533 GC heap before
{Heap before GC invocations=86684 (full 4):
 def new generation   total 2897152K, used 2577931K [0x00007f2d54600000, 0x00007f2e18d90000, 0x00007f32a9b50000)
  eden space 2575296K, 100% used [0x00007f2d54600000, 0x00007f2df18f0000, 0x00007f2df18f0000)
  from space 321856K,   0% used [0x00007f2e05340000, 0x00007f2e055d2fd0, 0x00007f2e18d90000)
  to   space 321856K,   0% used [0x00007f2df18f0000, 0x00007f2df18f0000, 0x00007f2e05340000)
 tenured generation   total 6437908K, used 6437800K [0x00007f32a9b50000, 0x00007f3432a55000, 0x00007f3d54600000)
   the space 6437908K,  99% used [0x00007f32a9b50000, 0x00007f3432a3a1a8, 0x00007f3432a3a200, 0x00007f3432a55000)
 Metaspace       used 24268K, capacity 24658K, committed 24832K, reserved 26624K
}
Event: 71114.546 GC heap after
{Heap after GC invocations=86685 (full 4):
 def new generation   total 2897152K, used 2621K [0x00007f2d54600000, 0x00007f2e18d90000, 0x00007f32a9b50000)
  eden space 2575296K,   0% used [0x00007f2d54600000, 0x00007f2d54600000, 0x00007f2df18f0000)
  from space 321856K,   0% used [0x00007f2df18f0000, 0x00007f2df1b7f608, 0x00007f2e05340000)
  to   space 321856K,   0% used [0x00007f2e05340000, 0x00007f2e05340000, 0x00007f2e18d90000)
 tenured generation   total 6438100K, used 6437995K [0x00007f32a9b50000, 0x00007f3432a85000, 0x00007f3d54600000)
   the space 6438100K,  99% used [0x00007f32a9b50000, 0x00007f3432a6afa8, 0x00007f3432a6b000, 0x00007f3432a85000)
 Metaspace       used 24268K, capacity 24658K, committed 24832K, reserved 26624K
}
Event: 71114.546 GC heap before
{Heap before GC invocations=86685 (full 4):
 def new generation   total 2897152K, used 2621K [0x00007f2d54600000, 0x00007f2e18d90000, 0x00007f32a9b50000)
  eden space 2575296K,   0% used [0x00007f2d54600000, 0x00007f2d54600000, 0x00007f2df18f0000)
  from space 321856K,   0% used [0x00007f2df18f0000, 0x00007f2df1b7f608, 0x00007f2e05340000)
  to   space 321856K,   0% used [0x00007f2e05340000, 0x00007f2e05340000, 0x00007f2e18d90000)
 tenured generation   total 6438100K, used 6437995K [0x00007f32a9b50000, 0x00007f3432a85000, 0x00007f3d54600000)
   the space 6438100K,  99% used [0x00007f32a9b50000, 0x00007f3432a6afa8, 0x00007f3432a6b000, 0x00007f3432a85000)
 Metaspace       used 24268K, capacity 24658K, committed 24832K, reserved 26624K
}

