# JRE version: OpenJDK Runtime Environment (13.0.7+5) (build 13.0.7+5-Ubuntu-0ubuntu120.04)
# Java VM: OpenJDK 64-Bit Server VM (13.0.7+5-Ubuntu-0ubuntu120.04, mixed mode, tiered, serial gc, linux-amd64)
Heap:
 def new generation   total 9022784K, used 856522K [0x00007f6aa0600000, 0x00007f6d04450000, 0x00007f6ff5b50000)
  eden space 8020288K,  10% used [0x00007f6aa0600000, 0x00007f6ad4a72be0, 0x00007f6c89e50000)
  from space 1002496K,   0% used [0x00007f6cc7150000, 0x00007f6cc7150000, 0x00007f6d04450000)
  to   space 1002496K,   0% used [0x00007f6c89e50000, 0x00007f6c89e50000, 0x00007f6cc7150000)
 tenured generation   total 20956748K, used 20956748K [0x00007f6ff5b50000, 0x00007f74f4ce3000, 0x00007f7aa0600000)
   the space 20956748K, 100% used [0x00007f6ff5b50000, 0x00007f74f4ce3000, 0x00007f74f4ce3000, 0x00007f74f4ce3000)
 Metaspace       used 30312K, capacity 30748K, committed 30976K, reserved 32768K
GC Heap History (20 events):
Event: 183.759 GC heap after
{Heap after GC invocations=76 (full 5):
 def new generation   total 5272256K, used 370138K [0x00007f6aa0600000, 0x00007f6c05ec0000, 0x00007f6ff5b50000)
  eden space 4686464K,   0% used [0x00007f6aa0600000, 0x00007f6aa0600000, 0x00007f6bbe6a0000)
  from space 585792K,  63% used [0x00007f6be22b0000, 0x00007f6bf8c26958, 0x00007f6c05ec0000)
  to   space 585792K,   0% used [0x00007f6bbe6a0000, 0x00007f6bbe6a0000, 0x00007f6be22b0000)
 tenured generation   total 11716000K, used 10939886K [0x00007f6ff5b50000, 0x00007f72c0cb8000, 0x00007f7aa0600000)
   the space 11716000K,  93% used [0x00007f6ff5b50000, 0x00007f72916cb8b0, 0x00007f72916cba00, 0x00007f72c0cb8000)
 Metaspace       used 30312K, capacity 30748K, committed 30976K, reserved 32768K
}
Event: 184.882 GC heap before
{Heap before GC invocations=76 (full 5):
 def new generation   total 5272256K, used 5056602K [0x00007f6aa0600000, 0x00007f6c05ec0000, 0x00007f6ff5b50000)
  eden space 4686464K, 100% used [0x00007f6aa0600000, 0x00007f6bbe6a0000, 0x00007f6bbe6a0000)
  from space 585792K,  63% used [0x00007f6be22b0000, 0x00007f6bf8c26958, 0x00007f6c05ec0000)
  to   space 585792K,   0% used [0x00007f6bbe6a0000, 0x00007f6bbe6a0000, 0x00007f6be22b0000)
 tenured generation   total 11716000K, used 10939886K [0x00007f6ff5b50000, 0x00007f72c0cb8000, 0x00007f7aa0600000)
   the space 11716000K,  93% used [0x00007f6ff5b50000, 0x00007f72916cb8b0, 0x00007f72916cba00, 0x00007f72c0cb8000)
 Metaspace       used 30312K, capacity 30748K, committed 30976K, reserved 32768K
}
Event: 186.106 GC heap after
{Heap after GC invocations=77 (full 5):
 def new generation   total 5272256K, used 358224K [0x00007f6aa0600000, 0x00007f6c05ec0000, 0x00007f6ff5b50000)
  eden space 4686464K,   0% used [0x00007f6aa0600000, 0x00007f6aa0600000, 0x00007f6bbe6a0000)
  from space 585792K,  61% used [0x00007f6bbe6a0000, 0x00007f6bd4474108, 0x00007f6be22b0000)
  to   space 585792K,   0% used [0x00007f6be22b0000, 0x00007f6be22b0000, 0x00007f6c05ec0000)
 tenured generation   total 11716000K, used 11310024K [0x00007f6ff5b50000, 0x00007f72c0cb8000, 0x00007f7aa0600000)
   the space 11716000K,  96% used [0x00007f6ff5b50000, 0x00007f72a80421a8, 0x00007f72a8042200, 0x00007f72c0cb8000)
 Metaspace       used 30312K, capacity 30748K, committed 30976K, reserved 32768K
}
Event: 187.229 GC heap before
{Heap before GC invocations=77 (full 5):
 def new generation   total 5272256K, used 5044688K [0x00007f6aa0600000, 0x00007f6c05ec0000, 0x00007f6ff5b50000)
  eden space 4686464K, 100% used [0x00007f6aa0600000, 0x00007f6bbe6a0000, 0x00007f6bbe6a0000)
  from space 585792K,  61% used [0x00007f6bbe6a0000, 0x00007f6bd4474108, 0x00007f6be22b0000)
  to   space 585792K,   0% used [0x00007f6be22b0000, 0x00007f6be22b0000, 0x00007f6c05ec0000)
 tenured generation   total 11716000K, used 11310024K [0x00007f6ff5b50000, 0x00007f72c0cb8000, 0x00007f7aa0600000)
   the space 11716000K,  96% used [0x00007f6ff5b50000, 0x00007f72a80421a8, 0x00007f72a8042200, 0x00007f72c0cb8000)
 Metaspace       used 30312K, capacity 30748K, committed 30976K, reserved 32768K
}
Event: 188.423 GC heap after
{Heap after GC invocations=78 (full 5):
 def new generation   total 5272256K, used 361918K [0x00007f6aa0600000, 0x00007f6c05ec0000, 0x00007f6ff5b50000)
  eden space 4686464K,   0% used [0x00007f6aa0600000, 0x00007f6aa0600000, 0x00007f6bbe6a0000)
  from space 585792K,  61% used [0x00007f6be22b0000, 0x00007f6bf841fa40, 0x00007f6c05ec0000)
  to   space 585792K,   0% used [0x00007f6bbe6a0000, 0x00007f6bbe6a0000, 0x00007f6be22b0000)
 tenured generation   total 11716000K, used 11668247K [0x00007f6ff5b50000, 0x00007f72c0cb8000, 0x00007f7aa0600000)
   the space 11716000K,  99% used [0x00007f6ff5b50000, 0x00007f72bde15ff0, 0x00007f72bde16000, 0x00007f72c0cb8000)
 Metaspace       used 30312K, capacity 30748K, committed 30976K, reserved 32768K
}
Event: 189.544 GC heap before
{Heap before GC invocations=78 (full 5):
 def new generation   total 5272256K, used 5048382K [0x00007f6aa0600000, 0x00007f6c05ec0000, 0x00007f6ff5b50000)
  eden space 4686464K, 100% used [0x00007f6aa0600000, 0x00007f6bbe6a0000, 0x00007f6bbe6a0000)
  from space 585792K,  61% used [0x00007f6be22b0000, 0x00007f6bf841fa40, 0x00007f6c05ec0000)
  to   space 585792K,   0% used [0x00007f6bbe6a0000, 0x00007f6bbe6a0000, 0x00007f6be22b0000)
 tenured generation   total 11716000K, used 11668247K [0x00007f6ff5b50000, 0x00007f72c0cb8000, 0x00007f7aa0600000)
   the space 11716000K,  99% used [0x00007f6ff5b50000, 0x00007f72bde15ff0, 0x00007f72bde16000, 0x00007f72c0cb8000)
 Metaspace       used 30312K, capacity 30748K, committed 30976K, reserved 32768K
}
Event: 190.741 GC heap after
{Heap after GC invocations=79 (full 5):
 def new generation   total 5272256K, used 357868K [0x00007f6aa0600000, 0x00007f6c05ec0000, 0x00007f6ff5b50000)
  eden space 4686464K,   0% used [0x00007f6aa0600000, 0x00007f6aa0600000, 0x00007f6bbe6a0000)
  from space 585792K,  61% used [0x00007f6bbe6a0000, 0x00007f6bd441b010, 0x00007f6be22b0000)
  to   space 585792K,   0% used [0x00007f6be22b0000, 0x00007f6be22b0000, 0x00007f6c05ec0000)
 tenured generation   total 12030304K, used 12030165K [0x00007f6ff5b50000, 0x00007f72d3fa8000, 0x00007f7aa0600000)
   the space 12030304K,  99% used [0x00007f6ff5b50000, 0x00007f72d3f854d0, 0x00007f72d3f85600, 0x00007f72d3fa8000)
 Metaspace       used 30312K, capacity 30748K, committed 30976K, reserved 32768K
}
Event: 190.741 GC heap before
{Heap before GC invocations=79 (full 5):
 def new generation   total 5272256K, used 357868K [0x00007f6aa0600000, 0x00007f6c05ec0000, 0x00007f6ff5b50000)
  eden space 4686464K,   0% used [0x00007f6aa0600000, 0x00007f6aa0600000, 0x00007f6bbe6a0000)
  from space 585792K,  61% used [0x00007f6bbe6a0000, 0x00007f6bd441b010, 0x00007f6be22b0000)
  to   space 585792K,   0% used [0x00007f6be22b0000, 0x00007f6be22b0000, 0x00007f6c05ec0000)
 tenured generation   total 12030304K, used 12030165K [0x00007f6ff5b50000, 0x00007f72d3fa8000, 0x00007f7aa0600000)
   the space 12030304K,  99% used [0x00007f6ff5b50000, 0x00007f72d3f854d0, 0x00007f72d3f85600, 0x00007f72d3fa8000)
 Metaspace       used 30312K, capacity 30748K, committed 30976K, reserved 32768K
}
Event: 209.142 GC heap after
{Heap after GC invocations=79 (full 6):
 def new generation   total 9022784K, used 357729K [0x00007f6aa0600000, 0x00007f6d04450000, 0x00007f6ff5b50000)
  eden space 8020288K,   4% used [0x00007f6aa0600000, 0x00007f6ab63584f0, 0x00007f6c89e50000)
  from space 1002496K,   0% used [0x00007f6c89e50000, 0x00007f6c89e50000, 0x00007f6cc7150000)
  to   space 1002496K,   0% used [0x00007f6cc7150000, 0x00007f6cc7150000, 0x00007f6d04450000)
 tenured generation   total 20050508K, used 12030303K [0x00007f6ff5b50000, 0x00007f74bd7e3000, 0x00007f7aa0600000)
   the space 20050508K,  59% used [0x00007f6ff5b50000, 0x00007f72d3fa7ff0, 0x00007f72d3fa8000, 0x00007f74bd7e3000)
 Metaspace       used 30312K, capacity 30748K, committed 30976K, reserved 32768K
}
Event: 474.824 GC heap before
{Heap before GC invocations=79 (full 6):
 def new generation   total 9022784K, used 8020288K [0x00007f6aa0600000, 0x00007f6d04450000, 0x00007f6ff5b50000)
  eden space 8020288K, 100% used [0x00007f6aa0600000, 0x00007f6c89e50000, 0x00007f6c89e50000)
  from space 1002496K,   0% used [0x00007f6c89e50000, 0x00007f6c89e50000, 0x00007f6cc7150000)
  to   space 1002496K,   0% used [0x00007f6cc7150000, 0x00007f6cc7150000, 0x00007f6d04450000)
 tenured generation   total 20050508K, used 12030303K [0x00007f6ff5b50000, 0x00007f74bd7e3000, 0x00007f7aa0600000)
   the space 20050508K,  59% used [0x00007f6ff5b50000, 0x00007f72d3fa7ff0, 0x00007f72d3fa8000, 0x00007f74bd7e3000)
 Metaspace       used 30312K, capacity 30748K, committed 30976K, reserved 32768K
}
Event: 488.164 GC heap after
{Heap after GC invocations=80 (full 6):
 def new generation   total 9022784K, used 1002496K [0x00007f6aa0600000, 0x00007f6d04450000, 0x00007f6ff5b50000)
  eden space 8020288K,   0% used [0x00007f6aa0600000, 0x00007f6aa0600000, 0x00007f6c89e50000)
  from space 1002496K, 100% used [0x00007f6cc7150000, 0x00007f6d04450000, 0x00007f6d04450000)
  to   space 1002496K,   0% used [0x00007f6c89e50000, 0x00007f6c89e50000, 0x00007f6cc7150000)
 tenured generation   total 20050508K, used 14202716K [0x00007f6ff5b50000, 0x00007f74bd7e3000, 0x00007f7aa0600000)
   the space 20050508K,  70% used [0x00007f6ff5b50000, 0x00007f73589271b0, 0x00007f7358927200, 0x00007f74bd7e3000)
 Metaspace       used 30312K, capacity 30748K, committed 30976K, reserved 32768K
}
Event: 1837.794 GC heap before
{Heap before GC invocations=80 (full 6):
 def new generation   total 9022784K, used 9022784K [0x00007f6aa0600000, 0x00007f6d04450000, 0x00007f6ff5b50000)
  eden space 8020288K, 100% used [0x00007f6aa0600000, 0x00007f6c89e50000, 0x00007f6c89e50000)
  from space 1002496K, 100% used [0x00007f6cc7150000, 0x00007f6d04450000, 0x00007f6d04450000)
  to   space 1002496K,   0% used [0x00007f6c89e50000, 0x00007f6c89e50000, 0x00007f6cc7150000)
 tenured generation   total 20050508K, used 14202716K [0x00007f6ff5b50000, 0x00007f74bd7e3000, 0x00007f7aa0600000)
   the space 20050508K,  70% used [0x00007f6ff5b50000, 0x00007f73589271b0, 0x00007f7358927200, 0x00007f74bd7e3000)
 Metaspace       used 30312K, capacity 30748K, committed 30976K, reserved 32768K
}
Event: 1846.384 GC heap after
{Heap after GC invocations=81 (full 6):
 def new generation   total 9022784K, used 1002495K [0x00007f6aa0600000, 0x00007f6d04450000, 0x00007f6ff5b50000)
  eden space 8020288K,   0% used [0x00007f6aa0600000, 0x00007f6aa0600000, 0x00007f6c89e50000)
  from space 1002496K,  99% used [0x00007f6c89e50000, 0x00007f6cc714fff0, 0x00007f6cc7150000)
  to   space 1002496K,   0% used [0x00007f6cc7150000, 0x00007f6cc7150000, 0x00007f6d04450000)
 tenured generation   total 20050508K, used 15891191K [0x00007f6ff5b50000, 0x00007f74bd7e3000, 0x00007f7aa0600000)
   the space 20050508K,  79% used [0x00007f6ff5b50000, 0x00007f73bfa0dfc0, 0x00007f73bfa0e000, 0x00007f74bd7e3000)
 Metaspace       used 30312K, capacity 30748K, committed 30976K, reserved 32768K
}
Event: 2822.064 GC heap before
{Heap before GC invocations=81 (full 6):
 def new generation   total 9022784K, used 9022783K [0x00007f6aa0600000, 0x00007f6d04450000, 0x00007f6ff5b50000)
  eden space 8020288K, 100% used [0x00007f6aa0600000, 0x00007f6c89e50000, 0x00007f6c89e50000)
  from space 1002496K,  99% used [0x00007f6c89e50000, 0x00007f6cc714fff0, 0x00007f6cc7150000)
  to   space 1002496K,   0% used [0x00007f6cc7150000, 0x00007f6cc7150000, 0x00007f6d04450000)
 tenured generation   total 20050508K, used 15891191K [0x00007f6ff5b50000, 0x00007f74bd7e3000, 0x00007f7aa0600000)
   the space 20050508K,  79% used [0x00007f6ff5b50000, 0x00007f73bfa0dfc0, 0x00007f73bfa0e000, 0x00007f74bd7e3000)
 Metaspace       used 30312K, capacity 30748K, committed 30976K, reserved 32768K
}
Event: 2830.059 GC heap after
{Heap after GC invocations=82 (full 6):
 def new generation   total 9022784K, used 1002495K [0x00007f6aa0600000, 0x00007f6d04450000, 0x00007f6ff5b50000)
  eden space 8020288K,   0% used [0x00007f6aa0600000, 0x00007f6aa0600000, 0x00007f6c89e50000)
  from space 1002496K,  99% used [0x00007f6cc7150000, 0x00007f6d0444fff0, 0x00007f6d04450000)
  to   space 1002496K,   0% used [0x00007f6c89e50000, 0x00007f6c89e50000, 0x00007f6cc7150000)
 tenured generation   total 20050508K, used 17579667K [0x00007f6ff5b50000, 0x00007f74bd7e3000, 0x00007f7aa0600000)
   the space 20050508K,  87% used [0x00007f6ff5b50000, 0x00007f7426af4e00, 0x00007f7426af4e00, 0x00007f74bd7e3000)
 Metaspace       used 30312K, capacity 30748K, committed 30976K, reserved 32768K
}
Event: 3648.486 GC heap before
{Heap before GC invocations=82 (full 6):
 def new generation   total 9022784K, used 9022783K [0x00007f6aa0600000, 0x00007f6d04450000, 0x00007f6ff5b50000)
  eden space 8020288K, 100% used [0x00007f6aa0600000, 0x00007f6c89e50000, 0x00007f6c89e50000)
  from space 1002496K,  99% used [0x00007f6cc7150000, 0x00007f6d0444fff0, 0x00007f6d04450000)
  to   space 1002496K,   0% used [0x00007f6c89e50000, 0x00007f6c89e50000, 0x00007f6cc7150000)
 tenured generation   total 20050508K, used 17579667K [0x00007f6ff5b50000, 0x00007f74bd7e3000, 0x00007f7aa0600000)
   the space 20050508K,  87% used [0x00007f6ff5b50000, 0x00007f7426af4e00, 0x00007f7426af4e00, 0x00007f74bd7e3000)
 Metaspace       used 30312K, capacity 30748K, committed 30976K, reserved 32768K
}
Event: 3653.021 GC heap after
{Heap after GC invocations=83 (full 6):
 def new generation   total 9022784K, used 1002495K [0x00007f6aa0600000, 0x00007f6d04450000, 0x00007f6ff5b50000)
  eden space 8020288K,   0% used [0x00007f6aa0600000, 0x00007f6aa0600000, 0x00007f6c89e50000)
  from space 1002496K,  99% used [0x00007f6c89e50000, 0x00007f6cc714fff0, 0x00007f6cc7150000)
  to   space 1002496K,   0% used [0x00007f6cc7150000, 0x00007f6cc7150000, 0x00007f6d04450000)
 tenured generation   total 20050508K, used 19268143K [0x00007f6ff5b50000, 0x00007f74bd7e3000, 0x00007f7aa0600000)
   the space 20050508K,  96% used [0x00007f6ff5b50000, 0x00007f748dbdbc20, 0x00007f748dbdbe00, 0x00007f74bd7e3000)
 Metaspace       used 30312K, capacity 30748K, committed 30976K, reserved 32768K
}
Event: 4453.987 GC heap before
{Heap before GC invocations=83 (full 6):
 def new generation   total 9022784K, used 9022783K [0x00007f6aa0600000, 0x00007f6d04450000, 0x00007f6ff5b50000)
  eden space 8020288K, 100% used [0x00007f6aa0600000, 0x00007f6c89e50000, 0x00007f6c89e50000)
  from space 1002496K,  99% used [0x00007f6c89e50000, 0x00007f6cc714fff0, 0x00007f6cc7150000)
  to   space 1002496K,   0% used [0x00007f6cc7150000, 0x00007f6cc7150000, 0x00007f6d04450000)
 tenured generation   total 20050508K, used 19268143K [0x00007f6ff5b50000, 0x00007f74bd7e3000, 0x00007f7aa0600000)
   the space 20050508K,  96% used [0x00007f6ff5b50000, 0x00007f748dbdbc20, 0x00007f748dbdbe00, 0x00007f74bd7e3000)
 Metaspace       used 30312K, capacity 30748K, committed 30976K, reserved 32768K
}
Event: 4458.678 GC heap after
{Heap after GC invocations=84 (full 6):
 def new generation   total 9022784K, used 1002495K [0x00007f6aa0600000, 0x00007f6d04450000, 0x00007f6ff5b50000)
  eden space 8020288K,   0% used [0x00007f6aa0600000, 0x00007f6aa0600000, 0x00007f6c89e50000)
  from space 1002496K,  99% used [0x00007f6cc7150000, 0x00007f6d0444fff0, 0x00007f6d04450000)
  to   space 1002496K,   0% used [0x00007f6c89e50000, 0x00007f6c89e50000, 0x00007f6cc7150000)
 tenured generation   total 20956748K, used 20956618K [0x00007f6ff5b50000, 0x00007f74f4ce3000, 0x00007f7aa0600000)
   the space 20956748K,  99% used [0x00007f6ff5b50000, 0x00007f74f4cc2aa0, 0x00007f74f4cc2c00, 0x00007f74f4ce3000)
 Metaspace       used 30312K, capacity 30748K, committed 30976K, reserved 32768K
}
Event: 4458.678 GC heap before
{Heap before GC invocations=84 (full 6):
 def new generation   total 9022784K, used 1002495K [0x00007f6aa0600000, 0x00007f6d04450000, 0x00007f6ff5b50000)
  eden space 8020288K,   0% used [0x00007f6aa0600000, 0x00007f6aa0600000, 0x00007f6c89e50000)
  from space 1002496K,  99% used [0x00007f6cc7150000, 0x00007f6d0444fff0, 0x00007f6d04450000)
  to   space 1002496K,   0% used [0x00007f6c89e50000, 0x00007f6c89e50000, 0x00007f6cc7150000)
 tenured generation   total 20956748K, used 20956618K [0x00007f6ff5b50000, 0x00007f74f4ce3000, 0x00007f7aa0600000)
   the space 20956748K,  99% used [0x00007f6ff5b50000, 0x00007f74f4cc2aa0, 0x00007f74f4cc2c00, 0x00007f74f4ce3000)
 Metaspace       used 30312K, capacity 30748K, committed 30976K, reserved 32768K
}

