# JRE version: OpenJDK Runtime Environment (13.0.7+5) (build 13.0.7+5-Ubuntu-0ubuntu120.04)
# Java VM: OpenJDK 64-Bit Server VM (13.0.7+5-Ubuntu-0ubuntu120.04, mixed mode, tiered, serial gc, linux-amd64)
Heap:
 def new generation   total 1532928K, used 0K [0x00007ef58c600000, 0x00007ef5f4550000, 0x00007efae1b50000)
  eden space 1362624K,   0% used [0x00007ef58c600000, 0x00007ef58c600000, 0x00007ef5df8b0000)
  from space 170304K,   0% used [0x00007ef5df8b0000, 0x00007ef5df8b0000, 0x00007ef5e9f00000)
  to   space 170304K,   0% used [0x00007ef5e9f00000, 0x00007ef5e9f00000, 0x00007ef5f4550000)
 tenured generation   total 3454800K, used 3390535K [0x00007efae1b50000, 0x00007efbb4924000, 0x00007f058c600000)
   the space 3454800K,  98% used [0x00007efae1b50000, 0x00007efbb0a61f88, 0x00007efbb0a62000, 0x00007efbb4924000)
 Metaspace       used 30629K, capacity 31044K, committed 31232K, reserved 32768K
GC Heap History (20 events):
Event: 136.152 GC heap after
{Heap after GC invocations=49 (full 10):
 def new generation   total 1532928K, used 111526K [0x00007ef58c600000, 0x00007ef5f4550000, 0x00007efae1b50000)
  eden space 1362624K,   0% used [0x00007ef58c600000, 0x00007ef58c600000, 0x00007ef5df8b0000)
  from space 170304K,  65% used [0x00007ef5e9f00000, 0x00007ef5f0be9818, 0x00007ef5f4550000)
  to   space 170304K,   0% used [0x00007ef5df8b0000, 0x00007ef5df8b0000, 0x00007ef5e9f00000)
 tenured generation   total 3406416K, used 2459622K [0x00007efae1b50000, 0x00007efbb19e4000, 0x00007f058c600000)
   the space 3406416K,  72% used [0x00007efae1b50000, 0x00007efb77d49a70, 0x00007efb77d49c00, 0x00007efbb19e4000)
 Metaspace       used 30629K, capacity 31044K, committed 31232K, reserved 32768K
}
Event: 136.567 GC heap before
{Heap before GC invocations=49 (full 10):
 def new generation   total 1532928K, used 1474150K [0x00007ef58c600000, 0x00007ef5f4550000, 0x00007efae1b50000)
  eden space 1362624K, 100% used [0x00007ef58c600000, 0x00007ef5df8b0000, 0x00007ef5df8b0000)
  from space 170304K,  65% used [0x00007ef5e9f00000, 0x00007ef5f0be9818, 0x00007ef5f4550000)
  to   space 170304K,   0% used [0x00007ef5df8b0000, 0x00007ef5df8b0000, 0x00007ef5e9f00000)
 tenured generation   total 3406416K, used 2459622K [0x00007efae1b50000, 0x00007efbb19e4000, 0x00007f058c600000)
   the space 3406416K,  72% used [0x00007efae1b50000, 0x00007efb77d49a70, 0x00007efb77d49c00, 0x00007efbb19e4000)
 Metaspace       used 30629K, capacity 31044K, committed 31232K, reserved 32768K
}
Event: 137.034 GC heap after
{Heap after GC invocations=50 (full 10):
 def new generation   total 1532928K, used 118455K [0x00007ef58c600000, 0x00007ef5f4550000, 0x00007efae1b50000)
  eden space 1362624K,   0% used [0x00007ef58c600000, 0x00007ef58c600000, 0x00007ef5df8b0000)
  from space 170304K,  69% used [0x00007ef5df8b0000, 0x00007ef5e6c5dd38, 0x00007ef5e9f00000)
  to   space 170304K,   0% used [0x00007ef5e9f00000, 0x00007ef5e9f00000, 0x00007ef5f4550000)
 tenured generation   total 3406416K, used 2571148K [0x00007efae1b50000, 0x00007efbb19e4000, 0x00007f058c600000)
   the space 3406416K,  75% used [0x00007efae1b50000, 0x00007efb7ea33268, 0x00007efb7ea33400, 0x00007efbb19e4000)
 Metaspace       used 30629K, capacity 31044K, committed 31232K, reserved 32768K
}
Event: 137.450 GC heap before
{Heap before GC invocations=50 (full 10):
 def new generation   total 1532928K, used 1481079K [0x00007ef58c600000, 0x00007ef5f4550000, 0x00007efae1b50000)
  eden space 1362624K, 100% used [0x00007ef58c600000, 0x00007ef5df8b0000, 0x00007ef5df8b0000)
  from space 170304K,  69% used [0x00007ef5df8b0000, 0x00007ef5e6c5dd38, 0x00007ef5e9f00000)
  to   space 170304K,   0% used [0x00007ef5e9f00000, 0x00007ef5e9f00000, 0x00007ef5f4550000)
 tenured generation   total 3406416K, used 2571148K [0x00007efae1b50000, 0x00007efbb19e4000, 0x00007f058c600000)
   the space 3406416K,  75% used [0x00007efae1b50000, 0x00007efb7ea33268, 0x00007efb7ea33400, 0x00007efbb19e4000)
 Metaspace       used 30629K, capacity 31044K, committed 31232K, reserved 32768K
}
Event: 137.914 GC heap after
{Heap after GC invocations=51 (full 10):
 def new generation   total 1532928K, used 102926K [0x00007ef58c600000, 0x00007ef5f4550000, 0x00007efae1b50000)
  eden space 1362624K,   0% used [0x00007ef58c600000, 0x00007ef58c600000, 0x00007ef5df8b0000)
  from space 170304K,  60% used [0x00007ef5e9f00000, 0x00007ef5f03838b0, 0x00007ef5f4550000)
  to   space 170304K,   0% used [0x00007ef5df8b0000, 0x00007ef5df8b0000, 0x00007ef5e9f00000)
 tenured generation   total 3406416K, used 2689603K [0x00007efae1b50000, 0x00007efbb19e4000, 0x00007f058c600000)
   the space 3406416K,  78% used [0x00007efae1b50000, 0x00007efb85de0cd0, 0x00007efb85de0e00, 0x00007efbb19e4000)
 Metaspace       used 30629K, capacity 31044K, committed 31232K, reserved 32768K
}
Event: 138.348 GC heap before
{Heap before GC invocations=51 (full 10):
 def new generation   total 1532928K, used 1465550K [0x00007ef58c600000, 0x00007ef5f4550000, 0x00007efae1b50000)
  eden space 1362624K, 100% used [0x00007ef58c600000, 0x00007ef5df8b0000, 0x00007ef5df8b0000)
  from space 170304K,  60% used [0x00007ef5e9f00000, 0x00007ef5f03838b0, 0x00007ef5f4550000)
  to   space 170304K,   0% used [0x00007ef5df8b0000, 0x00007ef5df8b0000, 0x00007ef5e9f00000)
 tenured generation   total 3406416K, used 2689603K [0x00007efae1b50000, 0x00007efbb19e4000, 0x00007f058c600000)
   the space 3406416K,  78% used [0x00007efae1b50000, 0x00007efb85de0cd0, 0x00007efb85de0e00, 0x00007efbb19e4000)
 Metaspace       used 30629K, capacity 31044K, committed 31232K, reserved 32768K
}
Event: 138.865 GC heap after
{Heap after GC invocations=52 (full 10):
 def new generation   total 1532928K, used 108462K [0x00007ef58c600000, 0x00007ef5f4550000, 0x00007efae1b50000)
  eden space 1362624K,   0% used [0x00007ef58c600000, 0x00007ef58c600000, 0x00007ef5df8b0000)
  from space 170304K,  63% used [0x00007ef5df8b0000, 0x00007ef5e629bbe8, 0x00007ef5e9f00000)
  to   space 170304K,   0% used [0x00007ef5e9f00000, 0x00007ef5e9f00000, 0x00007ef5f4550000)
 tenured generation   total 3406416K, used 2792528K [0x00007efae1b50000, 0x00007efbb19e4000, 0x00007f058c600000)
   the space 3406416K,  81% used [0x00007efae1b50000, 0x00007efb8c264210, 0x00007efb8c264400, 0x00007efbb19e4000)
 Metaspace       used 30629K, capacity 31044K, committed 31232K, reserved 32768K
}
Event: 139.351 GC heap before
{Heap before GC invocations=52 (full 10):
 def new generation   total 1532928K, used 1471086K [0x00007ef58c600000, 0x00007ef5f4550000, 0x00007efae1b50000)
  eden space 1362624K, 100% used [0x00007ef58c600000, 0x00007ef5df8b0000, 0x00007ef5df8b0000)
  from space 170304K,  63% used [0x00007ef5df8b0000, 0x00007ef5e629bbe8, 0x00007ef5e9f00000)
  to   space 170304K,   0% used [0x00007ef5e9f00000, 0x00007ef5e9f00000, 0x00007ef5f4550000)
 tenured generation   total 3406416K, used 2792528K [0x00007efae1b50000, 0x00007efbb19e4000, 0x00007f058c600000)
   the space 3406416K,  81% used [0x00007efae1b50000, 0x00007efb8c264210, 0x00007efb8c264400, 0x00007efbb19e4000)
 Metaspace       used 30629K, capacity 31044K, committed 31232K, reserved 32768K
}
Event: 139.937 GC heap after
{Heap after GC invocations=53 (full 10):
 def new generation   total 1532928K, used 120565K [0x00007ef58c600000, 0x00007ef5f4550000, 0x00007efae1b50000)
  eden space 1362624K,   0% used [0x00007ef58c600000, 0x00007ef58c600000, 0x00007ef5df8b0000)
  from space 170304K,  70% used [0x00007ef5e9f00000, 0x00007ef5f14bd620, 0x00007ef5f4550000)
  to   space 170304K,   0% used [0x00007ef5df8b0000, 0x00007ef5df8b0000, 0x00007ef5e9f00000)
 tenured generation   total 3406416K, used 2900990K [0x00007efae1b50000, 0x00007efbb19e4000, 0x00007f058c600000)
   the space 3406416K,  85% used [0x00007efae1b50000, 0x00007efb92c4fa58, 0x00007efb92c4fc00, 0x00007efbb19e4000)
 Metaspace       used 30629K, capacity 31044K, committed 31232K, reserved 32768K
}
Event: 140.537 GC heap before
{Heap before GC invocations=53 (full 10):
 def new generation   total 1532928K, used 1483189K [0x00007ef58c600000, 0x00007ef5f4550000, 0x00007efae1b50000)
  eden space 1362624K, 100% used [0x00007ef58c600000, 0x00007ef5df8b0000, 0x00007ef5df8b0000)
  from space 170304K,  70% used [0x00007ef5e9f00000, 0x00007ef5f14bd620, 0x00007ef5f4550000)
  to   space 170304K,   0% used [0x00007ef5df8b0000, 0x00007ef5df8b0000, 0x00007ef5e9f00000)
 tenured generation   total 3406416K, used 2900990K [0x00007efae1b50000, 0x00007efbb19e4000, 0x00007f058c600000)
   the space 3406416K,  85% used [0x00007efae1b50000, 0x00007efb92c4fa58, 0x00007efb92c4fc00, 0x00007efbb19e4000)
 Metaspace       used 30629K, capacity 31044K, committed 31232K, reserved 32768K
}
Event: 141.170 GC heap after
{Heap after GC invocations=54 (full 10):
 def new generation   total 1532928K, used 103074K [0x00007ef58c600000, 0x00007ef5f4550000, 0x00007efae1b50000)
  eden space 1362624K,   0% used [0x00007ef58c600000, 0x00007ef58c600000, 0x00007ef5df8b0000)
  from space 170304K,  60% used [0x00007ef5df8b0000, 0x00007ef5e5d58a98, 0x00007ef5e9f00000)
  to   space 170304K,   0% used [0x00007ef5e9f00000, 0x00007ef5e9f00000, 0x00007ef5f4550000)
 tenured generation   total 3406416K, used 3021555K [0x00007efae1b50000, 0x00007efbb19e4000, 0x00007f058c600000)
   the space 3406416K,  88% used [0x00007efae1b50000, 0x00007efb9a20cc48, 0x00007efb9a20ce00, 0x00007efbb19e4000)
 Metaspace       used 30629K, capacity 31044K, committed 31232K, reserved 32768K
}
Event: 141.637 GC heap before
{Heap before GC invocations=54 (full 10):
 def new generation   total 1532928K, used 1465698K [0x00007ef58c600000, 0x00007ef5f4550000, 0x00007efae1b50000)
  eden space 1362624K, 100% used [0x00007ef58c600000, 0x00007ef5df8b0000, 0x00007ef5df8b0000)
  from space 170304K,  60% used [0x00007ef5df8b0000, 0x00007ef5e5d58a98, 0x00007ef5e9f00000)
  to   space 170304K,   0% used [0x00007ef5e9f00000, 0x00007ef5e9f00000, 0x00007ef5f4550000)
 tenured generation   total 3406416K, used 3021555K [0x00007efae1b50000, 0x00007efbb19e4000, 0x00007f058c600000)
   the space 3406416K,  88% used [0x00007efae1b50000, 0x00007efb9a20cc48, 0x00007efb9a20ce00, 0x00007efbb19e4000)
 Metaspace       used 30629K, capacity 31044K, committed 31232K, reserved 32768K
}
Event: 142.165 GC heap after
{Heap after GC invocations=55 (full 10):
 def new generation   total 1532928K, used 107580K [0x00007ef58c600000, 0x00007ef5f4550000, 0x00007efae1b50000)
  eden space 1362624K,   0% used [0x00007ef58c600000, 0x00007ef58c600000, 0x00007ef5df8b0000)
  from space 170304K,  63% used [0x00007ef5e9f00000, 0x00007ef5f080f1c0, 0x00007ef5f4550000)
  to   space 170304K,   0% used [0x00007ef5df8b0000, 0x00007ef5df8b0000, 0x00007ef5e9f00000)
 tenured generation   total 3406416K, used 3124629K [0x00007efae1b50000, 0x00007efbb19e4000, 0x00007f058c600000)
   the space 3406416K,  91% used [0x00007efae1b50000, 0x00007efba06b5580, 0x00007efba06b5600, 0x00007efbb19e4000)
 Metaspace       used 30629K, capacity 31044K, committed 31232K, reserved 32768K
}
Event: 142.704 GC heap before
{Heap before GC invocations=55 (full 10):
 def new generation   total 1532928K, used 1470204K [0x00007ef58c600000, 0x00007ef5f4550000, 0x00007efae1b50000)
  eden space 1362624K, 100% used [0x00007ef58c600000, 0x00007ef5df8b0000, 0x00007ef5df8b0000)
  from space 170304K,  63% used [0x00007ef5e9f00000, 0x00007ef5f080f1c0, 0x00007ef5f4550000)
  to   space 170304K,   0% used [0x00007ef5df8b0000, 0x00007ef5df8b0000, 0x00007ef5e9f00000)
 tenured generation   total 3406416K, used 3124629K [0x00007efae1b50000, 0x00007efbb19e4000, 0x00007f058c600000)
   the space 3406416K,  91% used [0x00007efae1b50000, 0x00007efba06b5580, 0x00007efba06b5600, 0x00007efbb19e4000)
 Metaspace       used 30629K, capacity 31044K, committed 31232K, reserved 32768K
}
Event: 143.369 GC heap after
{Heap after GC invocations=56 (full 10):
 def new generation   total 1532928K, used 107697K [0x00007ef58c600000, 0x00007ef5f4550000, 0x00007efae1b50000)
  eden space 1362624K,   0% used [0x00007ef58c600000, 0x00007ef58c600000, 0x00007ef5df8b0000)
  from space 170304K,  63% used [0x00007ef5df8b0000, 0x00007ef5e61dc738, 0x00007ef5e9f00000)
  to   space 170304K,   0% used [0x00007ef5e9f00000, 0x00007ef5e9f00000, 0x00007ef5f4550000)
 tenured generation   total 3406416K, used 3232209K [0x00007efae1b50000, 0x00007efbb19e4000, 0x00007f058c600000)
   the space 3406416K,  94% used [0x00007efae1b50000, 0x00007efba6fc4720, 0x00007efba6fc4800, 0x00007efbb19e4000)
 Metaspace       used 30629K, capacity 31044K, committed 31232K, reserved 32768K
}
Event: 143.820 GC heap before
{Heap before GC invocations=56 (full 10):
 def new generation   total 1532928K, used 1470321K [0x00007ef58c600000, 0x00007ef5f4550000, 0x00007efae1b50000)
  eden space 1362624K, 100% used [0x00007ef58c600000, 0x00007ef5df8b0000, 0x00007ef5df8b0000)
  from space 170304K,  63% used [0x00007ef5df8b0000, 0x00007ef5e61dc738, 0x00007ef5e9f00000)
  to   space 170304K,   0% used [0x00007ef5e9f00000, 0x00007ef5e9f00000, 0x00007ef5f4550000)
 tenured generation   total 3406416K, used 3232209K [0x00007efae1b50000, 0x00007efbb19e4000, 0x00007f058c600000)
   the space 3406416K,  94% used [0x00007efae1b50000, 0x00007efba6fc4720, 0x00007efba6fc4800, 0x00007efbb19e4000)
 Metaspace       used 30629K, capacity 31044K, committed 31232K, reserved 32768K
}
Event: 144.410 GC heap after
{Heap after GC invocations=57 (full 10):
 def new generation   total 1532928K, used 114753K [0x00007ef58c600000, 0x00007ef5f4550000, 0x00007efae1b50000)
  eden space 1362624K,   0% used [0x00007ef58c600000, 0x00007ef58c600000, 0x00007ef5df8b0000)
  from space 170304K,  67% used [0x00007ef5e9f00000, 0x00007ef5f0f10728, 0x00007ef5f4550000)
  to   space 170304K,   0% used [0x00007ef5df8b0000, 0x00007ef5df8b0000, 0x00007ef5e9f00000)
 tenured generation   total 3406416K, used 3339907K [0x00007efae1b50000, 0x00007efbb19e4000, 0x00007f058c600000)
   the space 3406416K,  98% used [0x00007efae1b50000, 0x00007efbad8f0c18, 0x00007efbad8f0e00, 0x00007efbb19e4000)
 Metaspace       used 30629K, capacity 31044K, committed 31232K, reserved 32768K
}
Event: 144.809 GC heap before
{Heap before GC invocations=57 (full 10):
 def new generation   total 1532928K, used 1477377K [0x00007ef58c600000, 0x00007ef5f4550000, 0x00007efae1b50000)
  eden space 1362624K, 100% used [0x00007ef58c600000, 0x00007ef5df8b0000, 0x00007ef5df8b0000)
  from space 170304K,  67% used [0x00007ef5e9f00000, 0x00007ef5f0f10728, 0x00007ef5f4550000)
  to   space 170304K,   0% used [0x00007ef5df8b0000, 0x00007ef5df8b0000, 0x00007ef5e9f00000)
 tenured generation   total 3406416K, used 3339907K [0x00007efae1b50000, 0x00007efbb19e4000, 0x00007f058c600000)
   the space 3406416K,  98% used [0x00007efae1b50000, 0x00007efbad8f0c18, 0x00007efbad8f0e00, 0x00007efbb19e4000)
 Metaspace       used 30629K, capacity 31044K, committed 31232K, reserved 32768K
}
Event: 145.267 GC heap after
{Heap after GC invocations=58 (full 10):
 def new generation   total 1532928K, used 103828K [0x00007ef58c600000, 0x00007ef5f4550000, 0x00007efae1b50000)
  eden space 1362624K,   0% used [0x00007ef58c600000, 0x00007ef58c600000, 0x00007ef5df8b0000)
  from space 170304K,  60% used [0x00007ef5df8b0000, 0x00007ef5e5e15320, 0x00007ef5e9f00000)
  to   space 170304K,   0% used [0x00007ef5e9f00000, 0x00007ef5e9f00000, 0x00007ef5f4550000)
 tenured generation   total 3454800K, used 3454659K [0x00007efae1b50000, 0x00007efbb4924000, 0x00007f058c600000)
   the space 3454800K,  99% used [0x00007efae1b50000, 0x00007efbb4900fe0, 0x00007efbb4901000, 0x00007efbb4924000)
 Metaspace       used 30629K, capacity 31044K, committed 31232K, reserved 32768K
}
Event: 145.267 GC heap before
{Heap before GC invocations=58 (full 10):
 def new generation   total 1532928K, used 103828K [0x00007ef58c600000, 0x00007ef5f4550000, 0x00007efae1b50000)
  eden space 1362624K,   0% used [0x00007ef58c600000, 0x00007ef58c600000, 0x00007ef5df8b0000)
  from space 170304K,  60% used [0x00007ef5df8b0000, 0x00007ef5e5e15320, 0x00007ef5e9f00000)
  to   space 170304K,   0% used [0x00007ef5e9f00000, 0x00007ef5e9f00000, 0x00007ef5f4550000)
 tenured generation   total 3454800K, used 3454659K [0x00007efae1b50000, 0x00007efbb4924000, 0x00007f058c600000)
   the space 3454800K,  99% used [0x00007efae1b50000, 0x00007efbb4900fe0, 0x00007efbb4901000, 0x00007efbb4924000)
 Metaspace       used 30629K, capacity 31044K, committed 31232K, reserved 32768K
}

