# JRE version: OpenJDK Runtime Environment (13.0.7+5) (build 13.0.7+5-Ubuntu-0ubuntu120.04)
# Java VM: OpenJDK 64-Bit Server VM (13.0.7+5-Ubuntu-0ubuntu120.04, mixed mode, tiered, serial gc, linux-amd64)
Heap:
 def new generation   total 1048832K, used 8984K [0x00007fa51c600000, 0x00007fa563800000, 0x00007faa71b50000)
  eden space 932352K,   0% used [0x00007fa51c600000, 0x00007fa51cec60a8, 0x00007fa555480000)
  from space 116480K,   0% used [0x00007fa555480000, 0x00007fa555480000, 0x00007fa55c640000)
  to   space 116480K,   0% used [0x00007fa55c640000, 0x00007fa55c640000, 0x00007fa563800000)
 tenured generation   total 2331136K, used 2331135K [0x00007faa71b50000, 0x00007faafffd0000, 0x00007fb51c600000)
   the space 2331136K,  99% used [0x00007faa71b50000, 0x00007faafffcff40, 0x00007faafffd0000, 0x00007faafffd0000)
 Metaspace       used 24284K, capacity 24714K, committed 24832K, reserved 26624K
GC Heap History (20 events):
Event: 4109.320 GC heap after
{Heap after GC invocations=7953 (full 2):
 def new generation   total 1048832K, used 8479K [0x00007fa51c600000, 0x00007fa563800000, 0x00007faa71b50000)
  eden space 932352K,   0% used [0x00007fa51c600000, 0x00007fa51c600000, 0x00007fa555480000)
  from space 116480K,   7% used [0x00007fa55c640000, 0x00007fa55ce87f60, 0x00007fa563800000)
  to   space 116480K,   0% used [0x00007fa555480000, 0x00007fa555480000, 0x00007fa55c640000)
 tenured generation   total 2330560K, used 2326355K [0x00007faa71b50000, 0x00007faafff40000, 0x00007fb51c600000)
   the space 2330560K,  99% used [0x00007faa71b50000, 0x00007faaffb24f78, 0x00007faaffb25000, 0x00007faafff40000)
 Metaspace       used 24284K, capacity 24714K, committed 24832K, reserved 26624K
}
Event: 4110.015 GC heap before
{Heap before GC invocations=7953 (full 2):
 def new generation   total 1048832K, used 940831K [0x00007fa51c600000, 0x00007fa563800000, 0x00007faa71b50000)
  eden space 932352K, 100% used [0x00007fa51c600000, 0x00007fa555480000, 0x00007fa555480000)
  from space 116480K,   7% used [0x00007fa55c640000, 0x00007fa55ce87f60, 0x00007fa563800000)
  to   space 116480K,   0% used [0x00007fa555480000, 0x00007fa555480000, 0x00007fa55c640000)
 tenured generation   total 2330560K, used 2326355K [0x00007faa71b50000, 0x00007faafff40000, 0x00007fb51c600000)
   the space 2330560K,  99% used [0x00007faa71b50000, 0x00007faaffb24f78, 0x00007faaffb25000, 0x00007faafff40000)
 Metaspace       used 24284K, capacity 24714K, committed 24832K, reserved 26624K
}
Event: 4110.028 GC heap after
{Heap after GC invocations=7954 (full 2):
 def new generation   total 1048832K, used 8509K [0x00007fa51c600000, 0x00007fa563800000, 0x00007faa71b50000)
  eden space 932352K,   0% used [0x00007fa51c600000, 0x00007fa51c600000, 0x00007fa555480000)
  from space 116480K,   7% used [0x00007fa555480000, 0x00007fa555ccf680, 0x00007fa55c640000)
  to   space 116480K,   0% used [0x00007fa55c640000, 0x00007fa55c640000, 0x00007fa563800000)
 tenured generation   total 2330560K, used 2326809K [0x00007faa71b50000, 0x00007faafff40000, 0x00007fb51c600000)
   the space 2330560K,  99% used [0x00007faa71b50000, 0x00007faaffb96470, 0x00007faaffb96600, 0x00007faafff40000)
 Metaspace       used 24284K, capacity 24714K, committed 24832K, reserved 26624K
}
Event: 4110.742 GC heap before
{Heap before GC invocations=7954 (full 2):
 def new generation   total 1048832K, used 940861K [0x00007fa51c600000, 0x00007fa563800000, 0x00007faa71b50000)
  eden space 932352K, 100% used [0x00007fa51c600000, 0x00007fa555480000, 0x00007fa555480000)
  from space 116480K,   7% used [0x00007fa555480000, 0x00007fa555ccf680, 0x00007fa55c640000)
  to   space 116480K,   0% used [0x00007fa55c640000, 0x00007fa55c640000, 0x00007fa563800000)
 tenured generation   total 2330560K, used 2326809K [0x00007faa71b50000, 0x00007faafff40000, 0x00007fb51c600000)
   the space 2330560K,  99% used [0x00007faa71b50000, 0x00007faaffb96470, 0x00007faaffb96600, 0x00007faafff40000)
 Metaspace       used 24284K, capacity 24714K, committed 24832K, reserved 26624K
}
Event: 4110.758 GC heap after
{Heap after GC invocations=7955 (full 2):
 def new generation   total 1048832K, used 8851K [0x00007fa51c600000, 0x00007fa563800000, 0x00007faa71b50000)
  eden space 932352K,   0% used [0x00007fa51c600000, 0x00007fa51c600000, 0x00007fa555480000)
  from space 116480K,   7% used [0x00007fa55c640000, 0x00007fa55cee4db8, 0x00007fa563800000)
  to   space 116480K,   0% used [0x00007fa555480000, 0x00007fa555480000, 0x00007fa55c640000)
 tenured generation   total 2330560K, used 2327175K [0x00007faa71b50000, 0x00007faafff40000, 0x00007fb51c600000)
   the space 2330560K,  99% used [0x00007faa71b50000, 0x00007faaffbf1c08, 0x00007faaffbf1e00, 0x00007faafff40000)
 Metaspace       used 24284K, capacity 24714K, committed 24832K, reserved 26624K
}
Event: 4111.469 GC heap before
{Heap before GC invocations=7955 (full 2):
 def new generation   total 1048832K, used 941203K [0x00007fa51c600000, 0x00007fa563800000, 0x00007faa71b50000)
  eden space 932352K, 100% used [0x00007fa51c600000, 0x00007fa555480000, 0x00007fa555480000)
  from space 116480K,   7% used [0x00007fa55c640000, 0x00007fa55cee4db8, 0x00007fa563800000)
  to   space 116480K,   0% used [0x00007fa555480000, 0x00007fa555480000, 0x00007fa55c640000)
 tenured generation   total 2330560K, used 2327175K [0x00007faa71b50000, 0x00007faafff40000, 0x00007fb51c600000)
   the space 2330560K,  99% used [0x00007faa71b50000, 0x00007faaffbf1c08, 0x00007faaffbf1e00, 0x00007faafff40000)
 Metaspace       used 24284K, capacity 24714K, committed 24832K, reserved 26624K
}
Event: 4111.483 GC heap after
{Heap after GC invocations=7956 (full 2):
 def new generation   total 1048832K, used 9018K [0x00007fa51c600000, 0x00007fa563800000, 0x00007faa71b50000)
  eden space 932352K,   0% used [0x00007fa51c600000, 0x00007fa51c600000, 0x00007fa555480000)
  from space 116480K,   7% used [0x00007fa555480000, 0x00007fa555d4ea58, 0x00007fa55c640000)
  to   space 116480K,   0% used [0x00007fa55c640000, 0x00007fa55c640000, 0x00007fa563800000)
 tenured generation   total 2330560K, used 2327628K [0x00007faa71b50000, 0x00007faafff40000, 0x00007fb51c600000)
   the space 2330560K,  99% used [0x00007faa71b50000, 0x00007faaffc63100, 0x00007faaffc63200, 0x00007faafff40000)
 Metaspace       used 24284K, capacity 24714K, committed 24832K, reserved 26624K
}
Event: 4112.200 GC heap before
{Heap before GC invocations=7956 (full 2):
 def new generation   total 1048832K, used 941370K [0x00007fa51c600000, 0x00007fa563800000, 0x00007faa71b50000)
  eden space 932352K, 100% used [0x00007fa51c600000, 0x00007fa555480000, 0x00007fa555480000)
  from space 116480K,   7% used [0x00007fa555480000, 0x00007fa555d4ea58, 0x00007fa55c640000)
  to   space 116480K,   0% used [0x00007fa55c640000, 0x00007fa55c640000, 0x00007fa563800000)
 tenured generation   total 2330560K, used 2327628K [0x00007faa71b50000, 0x00007faafff40000, 0x00007fb51c600000)
   the space 2330560K,  99% used [0x00007faa71b50000, 0x00007faaffc63100, 0x00007faaffc63200, 0x00007faafff40000)
 Metaspace       used 24284K, capacity 24714K, committed 24832K, reserved 26624K
}
Event: 4112.220 GC heap after
{Heap after GC invocations=7957 (full 2):
 def new generation   total 1048832K, used 9047K [0x00007fa51c600000, 0x00007fa563800000, 0x00007faa71b50000)
  eden space 932352K,   0% used [0x00007fa51c600000, 0x00007fa51c600000, 0x00007fa555480000)
  from space 116480K,   7% used [0x00007fa55c640000, 0x00007fa55cf15e68, 0x00007fa563800000)
  to   space 116480K,   0% used [0x00007fa555480000, 0x00007fa555480000, 0x00007fa55c640000)
 tenured generation   total 2330560K, used 2328081K [0x00007faa71b50000, 0x00007faafff40000, 0x00007fb51c600000)
   the space 2330560K,  99% used [0x00007faa71b50000, 0x00007faaffcd45f8, 0x00007faaffcd4600, 0x00007faafff40000)
 Metaspace       used 24284K, capacity 24714K, committed 24832K, reserved 26624K
}
Event: 4112.964 GC heap before
{Heap before GC invocations=7957 (full 2):
 def new generation   total 1048832K, used 941399K [0x00007fa51c600000, 0x00007fa563800000, 0x00007faa71b50000)
  eden space 932352K, 100% used [0x00007fa51c600000, 0x00007fa555480000, 0x00007fa555480000)
  from space 116480K,   7% used [0x00007fa55c640000, 0x00007fa55cf15e68, 0x00007fa563800000)
  to   space 116480K,   0% used [0x00007fa555480000, 0x00007fa555480000, 0x00007fa55c640000)
 tenured generation   total 2330560K, used 2328081K [0x00007faa71b50000, 0x00007faafff40000, 0x00007fb51c600000)
   the space 2330560K,  99% used [0x00007faa71b50000, 0x00007faaffcd45f8, 0x00007faaffcd4600, 0x00007faafff40000)
 Metaspace       used 24284K, capacity 24714K, committed 24832K, reserved 26624K
}
Event: 4112.979 GC heap after
{Heap after GC invocations=7958 (full 2):
 def new generation   total 1048832K, used 9213K [0x00007fa51c600000, 0x00007fa563800000, 0x00007faa71b50000)
  eden space 932352K,   0% used [0x00007fa51c600000, 0x00007fa51c600000, 0x00007fa555480000)
  from space 116480K,   7% used [0x00007fa555480000, 0x00007fa555d7f638, 0x00007fa55c640000)
  to   space 116480K,   0% used [0x00007fa55c640000, 0x00007fa55c640000, 0x00007fa563800000)
 tenured generation   total 2330560K, used 2328624K [0x00007faa71b50000, 0x00007faafff40000, 0x00007fb51c600000)
   the space 2330560K,  99% used [0x00007faa71b50000, 0x00007faaffd5c398, 0x00007faaffd5c400, 0x00007faafff40000)
 Metaspace       used 24284K, capacity 24714K, committed 24832K, reserved 26624K
}
Event: 4113.697 GC heap before
{Heap before GC invocations=7958 (full 2):
 def new generation   total 1048832K, used 941565K [0x00007fa51c600000, 0x00007fa563800000, 0x00007faa71b50000)
  eden space 932352K, 100% used [0x00007fa51c600000, 0x00007fa555480000, 0x00007fa555480000)
  from space 116480K,   7% used [0x00007fa555480000, 0x00007fa555d7f638, 0x00007fa55c640000)
  to   space 116480K,   0% used [0x00007fa55c640000, 0x00007fa55c640000, 0x00007fa563800000)
 tenured generation   total 2330560K, used 2328624K [0x00007faa71b50000, 0x00007faafff40000, 0x00007fb51c600000)
   the space 2330560K,  99% used [0x00007faa71b50000, 0x00007faaffd5c398, 0x00007faaffd5c400, 0x00007faafff40000)
 Metaspace       used 24284K, capacity 24714K, committed 24832K, reserved 26624K
}
Event: 4113.714 GC heap after
{Heap after GC invocations=7959 (full 2):
 def new generation   total 1048832K, used 9204K [0x00007fa51c600000, 0x00007fa563800000, 0x00007faa71b50000)
  eden space 932352K,   0% used [0x00007fa51c600000, 0x00007fa51c600000, 0x00007fa555480000)
  from space 116480K,   7% used [0x00007fa55c640000, 0x00007fa55cf3d260, 0x00007fa563800000)
  to   space 116480K,   0% used [0x00007fa555480000, 0x00007fa555480000, 0x00007fa55c640000)
 tenured generation   total 2330560K, used 2329258K [0x00007faa71b50000, 0x00007faafff40000, 0x00007fb51c600000)
   the space 2330560K,  99% used [0x00007faa71b50000, 0x00007faaffdfa8b0, 0x00007faaffdfaa00, 0x00007faafff40000)
 Metaspace       used 24284K, capacity 24714K, committed 24832K, reserved 26624K
}
Event: 4114.428 GC heap before
{Heap before GC invocations=7959 (full 2):
 def new generation   total 1048832K, used 941556K [0x00007fa51c600000, 0x00007fa563800000, 0x00007faa71b50000)
  eden space 932352K, 100% used [0x00007fa51c600000, 0x00007fa555480000, 0x00007fa555480000)
  from space 116480K,   7% used [0x00007fa55c640000, 0x00007fa55cf3d260, 0x00007fa563800000)
  to   space 116480K,   0% used [0x00007fa555480000, 0x00007fa555480000, 0x00007fa55c640000)
 tenured generation   total 2330560K, used 2329258K [0x00007faa71b50000, 0x00007faafff40000, 0x00007fb51c600000)
   the space 2330560K,  99% used [0x00007faa71b50000, 0x00007faaffdfa8b0, 0x00007faaffdfaa00, 0x00007faafff40000)
 Metaspace       used 24284K, capacity 24714K, committed 24832K, reserved 26624K
}
Event: 4114.444 GC heap after
{Heap after GC invocations=7960 (full 2):
 def new generation   total 1048832K, used 9051K [0x00007fa51c600000, 0x00007fa563800000, 0x00007faa71b50000)
  eden space 932352K,   0% used [0x00007fa51c600000, 0x00007fa51c600000, 0x00007fa555480000)
  from space 116480K,   7% used [0x00007fa555480000, 0x00007fa555d56e88, 0x00007fa55c640000)
  to   space 116480K,   0% used [0x00007fa55c640000, 0x00007fa55c640000, 0x00007fa563800000)
 tenured generation   total 2330560K, used 2329891K [0x00007faa71b50000, 0x00007faafff40000, 0x00007fb51c600000)
   the space 2330560K,  99% used [0x00007faa71b50000, 0x00007faaffe98ee8, 0x00007faaffe99000, 0x00007faafff40000)
 Metaspace       used 24284K, capacity 24714K, committed 24832K, reserved 26624K
}
Event: 4115.171 GC heap before
{Heap before GC invocations=7960 (full 2):
 def new generation   total 1048832K, used 941403K [0x00007fa51c600000, 0x00007fa563800000, 0x00007faa71b50000)
  eden space 932352K, 100% used [0x00007fa51c600000, 0x00007fa555480000, 0x00007fa555480000)
  from space 116480K,   7% used [0x00007fa555480000, 0x00007fa555d56e88, 0x00007fa55c640000)
  to   space 116480K,   0% used [0x00007fa55c640000, 0x00007fa55c640000, 0x00007fa563800000)
 tenured generation   total 2330560K, used 2329891K [0x00007faa71b50000, 0x00007faafff40000, 0x00007fb51c600000)
   the space 2330560K,  99% used [0x00007faa71b50000, 0x00007faaffe98ee8, 0x00007faaffe99000, 0x00007faafff40000)
 Metaspace       used 24284K, capacity 24714K, committed 24832K, reserved 26624K
}
Event: 4115.184 GC heap after
{Heap after GC invocations=7961 (full 2):
 def new generation   total 1048832K, used 9215K [0x00007fa51c600000, 0x00007fa563800000, 0x00007faa71b50000)
  eden space 932352K,   0% used [0x00007fa51c600000, 0x00007fa51c600000, 0x00007fa555480000)
  from space 116480K,   7% used [0x00007fa55c640000, 0x00007fa55cf3fc30, 0x00007fa563800000)
  to   space 116480K,   0% used [0x00007fa555480000, 0x00007fa555480000, 0x00007fa55c640000)
 tenured generation   total 2330560K, used 2330435K [0x00007faa71b50000, 0x00007faafff40000, 0x00007fb51c600000)
   the space 2330560K,  99% used [0x00007faa71b50000, 0x00007faafff20c38, 0x00007faafff20e00, 0x00007faafff40000)
 Metaspace       used 24284K, capacity 24714K, committed 24832K, reserved 26624K
}
Event: 4115.895 GC heap before
{Heap before GC invocations=7961 (full 2):
 def new generation   total 1048832K, used 941567K [0x00007fa51c600000, 0x00007fa563800000, 0x00007faa71b50000)
  eden space 932352K, 100% used [0x00007fa51c600000, 0x00007fa555480000, 0x00007fa555480000)
  from space 116480K,   7% used [0x00007fa55c640000, 0x00007fa55cf3fc30, 0x00007fa563800000)
  to   space 116480K,   0% used [0x00007fa555480000, 0x00007fa555480000, 0x00007fa55c640000)
 tenured generation   total 2330560K, used 2330435K [0x00007faa71b50000, 0x00007faafff40000, 0x00007fb51c600000)
   the space 2330560K,  99% used [0x00007faa71b50000, 0x00007faafff20c38, 0x00007faafff20e00, 0x00007faafff40000)
 Metaspace       used 24284K, capacity 24714K, committed 24832K, reserved 26624K
}
Event: 4115.907 GC heap after
{Heap after GC invocations=7962 (full 2):
 def new generation   total 1048832K, used 9051K [0x00007fa51c600000, 0x00007fa563800000, 0x00007faa71b50000)
  eden space 932352K,   0% used [0x00007fa51c600000, 0x00007fa51c600000, 0x00007fa555480000)
  from space 116480K,   7% used [0x00007fa555480000, 0x00007fa555d56e98, 0x00007fa55c640000)
  to   space 116480K,   0% used [0x00007fa55c640000, 0x00007fa55c640000, 0x00007fa563800000)
 tenured generation   total 2331136K, used 2331068K [0x00007faa71b50000, 0x00007faafffd0000, 0x00007fb51c600000)
   the space 2331136K,  99% used [0x00007faa71b50000, 0x00007faafffbf150, 0x00007faafffbf200, 0x00007faafffd0000)
 Metaspace       used 24284K, capacity 24714K, committed 24832K, reserved 26624K
}
Event: 4115.907 GC heap before
{Heap before GC invocations=7962 (full 2):
 def new generation   total 1048832K, used 9051K [0x00007fa51c600000, 0x00007fa563800000, 0x00007faa71b50000)
  eden space 932352K,   0% used [0x00007fa51c600000, 0x00007fa51c600000, 0x00007fa555480000)
  from space 116480K,   7% used [0x00007fa555480000, 0x00007fa555d56e98, 0x00007fa55c640000)
  to   space 116480K,   0% used [0x00007fa55c640000, 0x00007fa55c640000, 0x00007fa563800000)
 tenured generation   total 2331136K, used 2331068K [0x00007faa71b50000, 0x00007faafffd0000, 0x00007fb51c600000)
   the space 2331136K,  99% used [0x00007faa71b50000, 0x00007faafffbf150, 0x00007faafffbf200, 0x00007faafffd0000)
 Metaspace       used 24284K, capacity 24714K, committed 24832K, reserved 26624K
}

