# JRE version: OpenJDK Runtime Environment (13.0.7+5) (build 13.0.7+5-Ubuntu-0ubuntu120.04)
# Java VM: OpenJDK 64-Bit Server VM (13.0.7+5-Ubuntu-0ubuntu120.04, mixed mode, tiered, serial gc, linux-amd64)
Heap:
 def new generation   total 629248K, used 0K [0x00007f93ec600000, 0x00007f94170c0000, 0x00007f9941b50000)
  eden space 559360K,   0% used [0x00007f93ec600000, 0x00007f93ec600000, 0x00007f940e840000)
  from space 69888K,   0% used [0x00007f9412c80000, 0x00007f9412c80000, 0x00007f94170c0000)
  to   space 69888K,   0% used [0x00007f940e840000, 0x00007f940e840000, 0x00007f9412c80000)
 tenured generation   total 1398144K, used 14718K [0x00007f9941b50000, 0x00007f99970b0000, 0x00007fa3ec600000)
   the space 1398144K,   1% used [0x00007f9941b50000, 0x00007f99429afac8, 0x00007f99429afc00, 0x00007f99970b0000)
 Metaspace       used 23239K, capacity 23590K, committed 23808K, reserved 24576K
GC Heap History (20 events):
Event: 3.493 GC heap before
{Heap before GC invocations=0 (full 0):
 def new generation   total 629120K, used 111847K [0x00007f93ec600000, 0x00007f94170a0000, 0x00007f9941b50000)
  eden space 559232K,  20% used [0x00007f93ec600000, 0x00007f93f3339f18, 0x00007f940e820000)
  from space 69888K,   0% used [0x00007f940e820000, 0x00007f940e820000, 0x00007f9412c60000)
  to   space 69888K,   0% used [0x00007f9412c60000, 0x00007f9412c60000, 0x00007f94170a0000)
 tenured generation   total 1398144K, used 0K [0x00007f9941b50000, 0x00007f99970b0000, 0x00007fa3ec600000)
   the space 1398144K,   0% used [0x00007f9941b50000, 0x00007f9941b50000, 0x00007f9941b50200, 0x00007f99970b0000)
 Metaspace       used 20957K, capacity 21223K, committed 21248K, reserved 22528K
}
Event: 3.611 GC heap after
{Heap after GC invocations=1 (full 1):
 def new generation   total 629248K, used 0K [0x00007f93ec600000, 0x00007f94170c0000, 0x00007f9941b50000)
  eden space 559360K,   0% used [0x00007f93ec600000, 0x00007f93ec600000, 0x00007f940e840000)
  from space 69888K,   0% used [0x00007f940e840000, 0x00007f940e840000, 0x00007f9412c80000)
  to   space 69888K,   0% used [0x00007f9412c80000, 0x00007f9412c80000, 0x00007f94170c0000)
 tenured generation   total 1398144K, used 13607K [0x00007f9941b50000, 0x00007f99970b0000, 0x00007fa3ec600000)
   the space 1398144K,   0% used [0x00007f9941b50000, 0x00007f9942899c08, 0x00007f9942899e00, 0x00007f99970b0000)
 Metaspace       used 20957K, capacity 21223K, committed 21248K, reserved 22528K
}
Event: 12.552 GC heap before
{Heap before GC invocations=1 (full 1):
 def new generation   total 629248K, used 559360K [0x00007f93ec600000, 0x00007f94170c0000, 0x00007f9941b50000)
  eden space 559360K, 100% used [0x00007f93ec600000, 0x00007f940e840000, 0x00007f940e840000)
  from space 69888K,   0% used [0x00007f940e840000, 0x00007f940e840000, 0x00007f9412c80000)
  to   space 69888K,   0% used [0x00007f9412c80000, 0x00007f9412c80000, 0x00007f94170c0000)
 tenured generation   total 1398144K, used 13607K [0x00007f9941b50000, 0x00007f99970b0000, 0x00007fa3ec600000)
   the space 1398144K,   0% used [0x00007f9941b50000, 0x00007f9942899c08, 0x00007f9942899e00, 0x00007f99970b0000)
 Metaspace       used 23035K, capacity 23438K, committed 23552K, reserved 24576K
}
Event: 12.559 GC heap after
{Heap after GC invocations=2 (full 1):
 def new generation   total 629248K, used 669K [0x00007f93ec600000, 0x00007f94170c0000, 0x00007f9941b50000)
  eden space 559360K,   0% used [0x00007f93ec600000, 0x00007f93ec600000, 0x00007f940e840000)
  from space 69888K,   0% used [0x00007f9412c80000, 0x00007f9412d274c0, 0x00007f94170c0000)
  to   space 69888K,   0% used [0x00007f940e840000, 0x00007f940e840000, 0x00007f9412c80000)
 tenured generation   total 1398144K, used 13607K [0x00007f9941b50000, 0x00007f99970b0000, 0x00007fa3ec600000)
   the space 1398144K,   0% used [0x00007f9941b50000, 0x00007f9942899c08, 0x00007f9942899e00, 0x00007f99970b0000)
 Metaspace       used 23035K, capacity 23438K, committed 23552K, reserved 24576K
}
Event: 13.318 GC heap before
{Heap before GC invocations=2 (full 1):
 def new generation   total 629248K, used 560029K [0x00007f93ec600000, 0x00007f94170c0000, 0x00007f9941b50000)
  eden space 559360K, 100% used [0x00007f93ec600000, 0x00007f940e840000, 0x00007f940e840000)
  from space 69888K,   0% used [0x00007f9412c80000, 0x00007f9412d274c0, 0x00007f94170c0000)
  to   space 69888K,   0% used [0x00007f940e840000, 0x00007f940e840000, 0x00007f9412c80000)
 tenured generation   total 1398144K, used 13607K [0x00007f9941b50000, 0x00007f99970b0000, 0x00007fa3ec600000)
   the space 1398144K,   0% used [0x00007f9941b50000, 0x00007f9942899c08, 0x00007f9942899e00, 0x00007f99970b0000)
 Metaspace       used 23043K, capacity 23439K, committed 23552K, reserved 24576K
}
Event: 13.321 GC heap after
{Heap after GC invocations=3 (full 1):
 def new generation   total 629248K, used 976K [0x00007f93ec600000, 0x00007f94170c0000, 0x00007f9941b50000)
  eden space 559360K,   0% used [0x00007f93ec600000, 0x00007f93ec600000, 0x00007f940e840000)
  from space 69888K,   1% used [0x00007f940e840000, 0x00007f940e934278, 0x00007f9412c80000)
  to   space 69888K,   0% used [0x00007f9412c80000, 0x00007f9412c80000, 0x00007f94170c0000)
 tenured generation   total 1398144K, used 13607K [0x00007f9941b50000, 0x00007f99970b0000, 0x00007fa3ec600000)
   the space 1398144K,   0% used [0x00007f9941b50000, 0x00007f9942899c08, 0x00007f9942899e00, 0x00007f99970b0000)
 Metaspace       used 23043K, capacity 23439K, committed 23552K, reserved 24576K
}
Event: 15.903 GC heap before
{Heap before GC invocations=3 (full 1):
 def new generation   total 629248K, used 387960K [0x00007f93ec600000, 0x00007f94170c0000, 0x00007f9941b50000)
  eden space 559360K,  69% used [0x00007f93ec600000, 0x00007f9403fe9e28, 0x00007f940e840000)
  from space 69888K,   1% used [0x00007f940e840000, 0x00007f940e934278, 0x00007f9412c80000)
  to   space 69888K,   0% used [0x00007f9412c80000, 0x00007f9412c80000, 0x00007f94170c0000)
 tenured generation   total 1398144K, used 1062183K [0x00007f9941b50000, 0x00007f99970b0000, 0x00007fa3ec600000)
   the space 1398144K,  75% used [0x00007f9941b50000, 0x00007f9982899c20, 0x00007f9982899e00, 0x00007f99970b0000)
 Metaspace       used 23237K, capacity 23590K, committed 23808K, reserved 24576K
}
Event: 15.907 GC heap after
{Heap after GC invocations=4 (full 1):
 def new generation   total 629248K, used 1252K [0x00007f93ec600000, 0x00007f94170c0000, 0x00007f9941b50000)
  eden space 559360K,   0% used [0x00007f93ec600000, 0x00007f93ec600000, 0x00007f940e840000)
  from space 69888K,   1% used [0x00007f9412c80000, 0x00007f9412db93a8, 0x00007f94170c0000)
  to   space 69888K,   0% used [0x00007f940e840000, 0x00007f940e840000, 0x00007f9412c80000)
 tenured generation   total 1398144K, used 1062183K [0x00007f9941b50000, 0x00007f99970b0000, 0x00007fa3ec600000)
   the space 1398144K,  75% used [0x00007f9941b50000, 0x00007f9982899c20, 0x00007f9982899e00, 0x00007f99970b0000)
 Metaspace       used 23237K, capacity 23590K, committed 23808K, reserved 24576K
}
Event: 16.490 GC heap before
{Heap before GC invocations=4 (full 1):
 def new generation   total 629248K, used 540306K [0x00007f93ec600000, 0x00007f94170c0000, 0x00007f9941b50000)
  eden space 559360K,  96% used [0x00007f93ec600000, 0x00007f940d46b748, 0x00007f940e840000)
  from space 69888K,   1% used [0x00007f9412c80000, 0x00007f9412db93a8, 0x00007f94170c0000)
  to   space 69888K,   0% used [0x00007f940e840000, 0x00007f940e840000, 0x00007f9412c80000)
 tenured generation   total 1398144K, used 1062183K [0x00007f9941b50000, 0x00007f99970b0000, 0x00007fa3ec600000)
   the space 1398144K,  75% used [0x00007f9941b50000, 0x00007f9982899c20, 0x00007f9982899e00, 0x00007f99970b0000)
 Metaspace       used 23239K, capacity 23590K, committed 23808K, reserved 24576K
}
Event: 21.117 GC heap after
{Heap after GC invocations=5 (full 1):
 def new generation   total 629248K, used 1091K [0x00007f93ec600000, 0x00007f94170c0000, 0x00007f9941b50000)
  eden space 559360K,   0% used [0x00007f93ec600000, 0x00007f93ec600000, 0x00007f940e840000)
  from space 69888K,   1% used [0x00007f940e840000, 0x00007f940e950e40, 0x00007f9412c80000)
  to   space 69888K,   0% used [0x00007f9412c80000, 0x00007f9412c80000, 0x00007f94170c0000)
 tenured generation   total 1922436K, used 1586471K [0x00007f9941b50000, 0x00007f99b70b1000, 0x00007fa3ec600000)
   the space 1922436K,  82% used [0x00007f9941b50000, 0x00007f99a2899c38, 0x00007f99a2899e00, 0x00007f99b70b1000)
 Metaspace       used 23239K, capacity 23590K, committed 23808K, reserved 24576K
}
Event: 21.117 GC heap before
{Heap before GC invocations=5 (full 1):
 def new generation   total 629248K, used 1091K [0x00007f93ec600000, 0x00007f94170c0000, 0x00007f9941b50000)
  eden space 559360K,   0% used [0x00007f93ec600000, 0x00007f93ec600000, 0x00007f940e840000)
  from space 69888K,   1% used [0x00007f940e840000, 0x00007f940e950e40, 0x00007f9412c80000)
  to   space 69888K,   0% used [0x00007f9412c80000, 0x00007f9412c80000, 0x00007f94170c0000)
 tenured generation   total 1922436K, used 1586471K [0x00007f9941b50000, 0x00007f99b70b1000, 0x00007fa3ec600000)
   the space 1922436K,  82% used [0x00007f9941b50000, 0x00007f99a2899c38, 0x00007f99a2899e00, 0x00007f99b70b1000)
 Metaspace       used 23239K, capacity 23590K, committed 23808K, reserved 24576K
}
Event: 21.459 GC heap after
{Heap after GC invocations=5 (full 2):
 def new generation   total 629248K, used 0K [0x00007f93ec600000, 0x00007f94170c0000, 0x00007f9941b50000)
  eden space 559360K,   0% used [0x00007f93ec600000, 0x00007f93ec600000, 0x00007f940e840000)
  from space 69888K,   0% used [0x00007f940e840000, 0x00007f940e840000, 0x00007f9412c80000)
  to   space 69888K,   0% used [0x00007f9412c80000, 0x00007f9412c80000, 0x00007f94170c0000)
 tenured generation   total 1398144K, used 538970K [0x00007f9941b50000, 0x00007f99970b0000, 0x00007fa3ec600000)
   the space 1398144K,  38% used [0x00007f9941b50000, 0x00007f99629a6990, 0x00007f99629a6a00, 0x00007f99970b0000)
 Metaspace       used 23239K, capacity 23590K, committed 23808K, reserved 24576K
}
Event: 22.166 GC heap before
{Heap before GC invocations=5 (full 2):
 def new generation   total 629248K, used 535381K [0x00007f93ec600000, 0x00007f94170c0000, 0x00007f9941b50000)
  eden space 559360K,  95% used [0x00007f93ec600000, 0x00007f940d0d56b8, 0x00007f940e840000)
  from space 69888K,   0% used [0x00007f940e840000, 0x00007f940e840000, 0x00007f9412c80000)
  to   space 69888K,   0% used [0x00007f9412c80000, 0x00007f9412c80000, 0x00007f94170c0000)
 tenured generation   total 1398144K, used 538970K [0x00007f9941b50000, 0x00007f99970b0000, 0x00007fa3ec600000)
   the space 1398144K,  38% used [0x00007f9941b50000, 0x00007f99629a6990, 0x00007f99629a6a00, 0x00007f99970b0000)
 Metaspace       used 23239K, capacity 23590K, committed 23808K, reserved 24576K
}
Event: 22.414 GC heap after
{Heap after GC invocations=6 (full 2):
 def new generation   total 629248K, used 0K [0x00007f93ec600000, 0x00007f94170c0000, 0x00007f9941b50000)
  eden space 559360K,   0% used [0x00007f93ec600000, 0x00007f93ec600000, 0x00007f940e840000)
  from space 69888K,   0% used [0x00007f9412c80000, 0x00007f9412c802d8, 0x00007f94170c0000)
  to   space 69888K,   0% used [0x00007f940e840000, 0x00007f940e840000, 0x00007f9412c80000)
 tenured generation   total 1398144K, used 1063258K [0x00007f9941b50000, 0x00007f99970b0000, 0x00007fa3ec600000)
   the space 1398144K,  76% used [0x00007f9941b50000, 0x00007f99829a69c0, 0x00007f99829a6a00, 0x00007f99970b0000)
 Metaspace       used 23239K, capacity 23590K, committed 23808K, reserved 24576K
}
Event: 22.962 GC heap before
{Heap before GC invocations=6 (full 2):
 def new generation   total 629248K, used 404043K [0x00007f93ec600000, 0x00007f94170c0000, 0x00007f9941b50000)
  eden space 559360K,  72% used [0x00007f93ec600000, 0x00007f9405092b18, 0x00007f940e840000)
  from space 69888K,   0% used [0x00007f9412c80000, 0x00007f9412c802d8, 0x00007f94170c0000)
  to   space 69888K,   0% used [0x00007f940e840000, 0x00007f940e840000, 0x00007f9412c80000)
 tenured generation   total 1398144K, used 1063258K [0x00007f9941b50000, 0x00007f99970b0000, 0x00007fa3ec600000)
   the space 1398144K,  76% used [0x00007f9941b50000, 0x00007f99829a69c0, 0x00007f99829a6a00, 0x00007f99970b0000)
 Metaspace       used 23239K, capacity 23590K, committed 23808K, reserved 24576K
}
Event: 23.100 GC heap after
{Heap after GC invocations=7 (full 2):
 def new generation   total 629248K, used 69808K [0x00007f93ec600000, 0x00007f94170c0000, 0x00007f9941b50000)
  eden space 559360K,   0% used [0x00007f93ec600000, 0x00007f93ec600000, 0x00007f940e840000)
  from space 69888K,  99% used [0x00007f940e840000, 0x00007f9412c6c090, 0x00007f9412c80000)
  to   space 69888K,   0% used [0x00007f9412c80000, 0x00007f9412c80000, 0x00007f94170c0000)
 tenured generation   total 1398144K, used 1079642K [0x00007f9941b50000, 0x00007f99970b0000, 0x00007fa3ec600000)
   the space 1398144K,  77% used [0x00007f9941b50000, 0x00007f99839a69d8, 0x00007f99839a6a00, 0x00007f99970b0000)
 Metaspace       used 23239K, capacity 23590K, committed 23808K, reserved 24576K
}
Event: 23.374 GC heap before
{Heap before GC invocations=7 (full 2):
 def new generation   total 629248K, used 342940K [0x00007f93ec600000, 0x00007f94170c0000, 0x00007f9941b50000)
  eden space 559360K,  48% used [0x00007f93ec600000, 0x00007f93fd0bafc0, 0x00007f940e840000)
  from space 69888K,  99% used [0x00007f940e840000, 0x00007f9412c6c090, 0x00007f9412c80000)
  to   space 69888K,   0% used [0x00007f9412c80000, 0x00007f9412c80000, 0x00007f94170c0000)
 tenured generation   total 1398144K, used 1079642K [0x00007f9941b50000, 0x00007f99970b0000, 0x00007fa3ec600000)
   the space 1398144K,  77% used [0x00007f9941b50000, 0x00007f99839a69d8, 0x00007f99839a6a00, 0x00007f99970b0000)
 Metaspace       used 23239K, capacity 23590K, committed 23808K, reserved 24576K
}
Event: 23.377 GC heap after
{Heap after GC invocations=8 (full 2):
 def new generation   total 629248K, used 1K [0x00007f93ec600000, 0x00007f94170c0000, 0x00007f9941b50000)
  eden space 559360K,   0% used [0x00007f93ec600000, 0x00007f93ec600000, 0x00007f940e840000)
  from space 69888K,   0% used [0x00007f9412c80000, 0x00007f9412c806a0, 0x00007f94170c0000)
  to   space 69888K,   0% used [0x00007f940e840000, 0x00007f940e840000, 0x00007f9412c80000)
 tenured generation   total 1398144K, used 1083848K [0x00007f9941b50000, 0x00007f99970b0000, 0x00007fa3ec600000)
   the space 1398144K,  77% used [0x00007f9941b50000, 0x00007f9983dc2008, 0x00007f9983dc2200, 0x00007f99970b0000)
 Metaspace       used 23239K, capacity 23590K, committed 23808K, reserved 24576K
}
Event: 23.377 GC heap before
{Heap before GC invocations=8 (full 2):
 def new generation   total 629248K, used 1K [0x00007f93ec600000, 0x00007f94170c0000, 0x00007f9941b50000)
  eden space 559360K,   0% used [0x00007f93ec600000, 0x00007f93ec600000, 0x00007f940e840000)
  from space 69888K,   0% used [0x00007f9412c80000, 0x00007f9412c806a0, 0x00007f94170c0000)
  to   space 69888K,   0% used [0x00007f940e840000, 0x00007f940e840000, 0x00007f9412c80000)
 tenured generation   total 1398144K, used 1083848K [0x00007f9941b50000, 0x00007f99970b0000, 0x00007fa3ec600000)
   the space 1398144K,  77% used [0x00007f9941b50000, 0x00007f9983dc2008, 0x00007f9983dc2200, 0x00007f99970b0000)
 Metaspace       used 23239K, capacity 23590K, committed 23808K, reserved 24576K
}
Event: 23.408 GC heap after
{Heap after GC invocations=8 (full 3):
 def new generation   total 629248K, used 0K [0x00007f93ec600000, 0x00007f94170c0000, 0x00007f9941b50000)
  eden space 559360K,   0% used [0x00007f93ec600000, 0x00007f93ec600000, 0x00007f940e840000)
  from space 69888K,   0% used [0x00007f9412c80000, 0x00007f9412c80000, 0x00007f94170c0000)
  to   space 69888K,   0% used [0x00007f940e840000, 0x00007f940e840000, 0x00007f9412c80000)
 tenured generation   total 1398144K, used 14718K [0x00007f9941b50000, 0x00007f99970b0000, 0x00007fa3ec600000)
   the space 1398144K,   1% used [0x00007f9941b50000, 0x00007f99429afac8, 0x00007f99429afc00, 0x00007f99970b0000)
 Metaspace       used 23239K, capacity 23590K, committed 23808K, reserved 24576K
}

