# JRE version: OpenJDK Runtime Environment (13.0.7+5) (build 13.0.7+5-Ubuntu-0ubuntu120.04)
# Java VM: OpenJDK 64-Bit Server VM (13.0.7+5-Ubuntu-0ubuntu120.04, mixed mode, tiered, serial gc, linux-amd64)
Heap:
 def new generation   total 1973184K, used 0K [0x00007f2758600000, 0x00007f27de300000, 0x00007f2cadb50000)
  eden space 1753984K,   0% used [0x00007f2758600000, 0x00007f2758600000, 0x00007f27c36e0000)
  from space 219200K,   0% used [0x00007f27d0cf0000, 0x00007f27d0cf0000, 0x00007f27de300000)
  to   space 219200K,   0% used [0x00007f27c36e0000, 0x00007f27c36e0000, 0x00007f27d0cf0000)
 tenured generation   total 4384732K, used 4203700K [0x00007f2cadb50000, 0x00007f2db9547000, 0x00007f3758600000)
   the space 4384732K,  95% used [0x00007f2cadb50000, 0x00007f2dae47d358, 0x00007f2dae47d400, 0x00007f2db9547000)
 Metaspace       used 23172K, capacity 23541K, committed 23552K, reserved 24576K
GC Heap History (20 events):
Event: 26.866 GC heap after
{Heap after GC invocations=6 (full 3):
 def new generation   total 797568K, used 0K [0x00007f2758600000, 0x00007f278e760000, 0x00007f2cadb50000)
  eden space 708992K,   0% used [0x00007f2758600000, 0x00007f2758600000, 0x00007f2783a60000)
  from space 88576K,   0% used [0x00007f2783a60000, 0x00007f2783a60000, 0x00007f27890e0000)
  to   space 88576K,   0% used [0x00007f27890e0000, 0x00007f27890e0000, 0x00007f278e760000)
 tenured generation   total 1772244K, used 1063346K [0x00007f2cadb50000, 0x00007f2d19e05000, 0x00007f3758600000)
   the space 1772244K,  59% used [0x00007f2cadb50000, 0x00007f2cee9bc840, 0x00007f2cee9bca00, 0x00007f2d19e05000)
 Metaspace       used 23172K, capacity 23541K, committed 23552K, reserved 24576K
}
Event: 30.077 GC heap before
{Heap before GC invocations=6 (full 3):
 def new generation   total 797568K, used 14000K [0x00007f2758600000, 0x00007f278e760000, 0x00007f2cadb50000)
  eden space 708992K,   1% used [0x00007f2758600000, 0x00007f27593ac350, 0x00007f2783a60000)
  from space 88576K,   0% used [0x00007f2783a60000, 0x00007f2783a60000, 0x00007f27890e0000)
  to   space 88576K,   0% used [0x00007f27890e0000, 0x00007f27890e0000, 0x00007f278e760000)
 tenured generation   total 3869400K, used 3160498K [0x00007f2cadb50000, 0x00007f2d99e06000, 0x00007f3758600000)
   the space 3869400K,  81% used [0x00007f2cadb50000, 0x00007f2d6e9bc858, 0x00007f2d6e9bca00, 0x00007f2d99e06000)
 Metaspace       used 23172K, capacity 23541K, committed 23552K, reserved 24576K
}
Event: 30.080 GC heap after
{Heap after GC invocations=7 (full 3):
 def new generation   total 797568K, used 0K [0x00007f2758600000, 0x00007f278e760000, 0x00007f2cadb50000)
  eden space 708992K,   0% used [0x00007f2758600000, 0x00007f2758600000, 0x00007f2783a60000)
  from space 88576K,   0% used [0x00007f27890e0000, 0x00007f27890e0160, 0x00007f278e760000)
  to   space 88576K,   0% used [0x00007f2783a60000, 0x00007f2783a60000, 0x00007f27890e0000)
 tenured generation   total 3869400K, used 3160498K [0x00007f2cadb50000, 0x00007f2d99e06000, 0x00007f3758600000)
   the space 3869400K,  81% used [0x00007f2cadb50000, 0x00007f2d6e9bc858, 0x00007f2d6e9bca00, 0x00007f2d99e06000)
 Metaspace       used 23172K, capacity 23541K, committed 23552K, reserved 24576K
}
Event: 30.080 GC heap before
{Heap before GC invocations=7 (full 3):
 def new generation   total 797568K, used 0K [0x00007f2758600000, 0x00007f278e760000, 0x00007f2cadb50000)
  eden space 708992K,   0% used [0x00007f2758600000, 0x00007f2758600000, 0x00007f2783a60000)
  from space 88576K,   0% used [0x00007f27890e0000, 0x00007f27890e0160, 0x00007f278e760000)
  to   space 88576K,   0% used [0x00007f2783a60000, 0x00007f2783a60000, 0x00007f27890e0000)
 tenured generation   total 3869400K, used 3160498K [0x00007f2cadb50000, 0x00007f2d99e06000, 0x00007f3758600000)
   the space 3869400K,  81% used [0x00007f2cadb50000, 0x00007f2d6e9bc858, 0x00007f2d6e9bca00, 0x00007f2d99e06000)
 Metaspace       used 23172K, capacity 23541K, committed 23552K, reserved 24576K
}
Event: 31.460 GC heap after
{Heap after GC invocations=7 (full 4):
 def new generation   total 1973184K, used 0K [0x00007f2758600000, 0x00007f27de300000, 0x00007f2cadb50000)
  eden space 1753984K,   0% used [0x00007f2758600000, 0x00007f2758600000, 0x00007f27c36e0000)
  from space 219200K,   0% used [0x00007f27c36e0000, 0x00007f27c36e0000, 0x00007f27d0cf0000)
  to   space 219200K,   0% used [0x00007f27d0cf0000, 0x00007f27d0cf0000, 0x00007f27de300000)
 tenured generation   total 4384732K, used 2630837K [0x00007f2cadb50000, 0x00007f2db9547000, 0x00007f3758600000)
   the space 4384732K,  59% used [0x00007f2cadb50000, 0x00007f2d4e47d480, 0x00007f2d4e47d600, 0x00007f2db9547000)
 Metaspace       used 23172K, capacity 23541K, committed 23552K, reserved 24576K
}
Event: 33.348 GC heap before
{Heap before GC invocations=7 (full 4):
 def new generation   total 1973184K, used 1083212K [0x00007f2758600000, 0x00007f27de300000, 0x00007f2cadb50000)
  eden space 1753984K,  61% used [0x00007f2758600000, 0x00007f279a7d3328, 0x00007f27c36e0000)
  from space 219200K,   0% used [0x00007f27c36e0000, 0x00007f27c36e0000, 0x00007f27d0cf0000)
  to   space 219200K,   0% used [0x00007f27d0cf0000, 0x00007f27d0cf0000, 0x00007f27de300000)
 tenured generation   total 4384732K, used 2630837K [0x00007f2cadb50000, 0x00007f2db9547000, 0x00007f3758600000)
   the space 4384732K,  59% used [0x00007f2cadb50000, 0x00007f2d4e47d480, 0x00007f2d4e47d600, 0x00007f2db9547000)
 Metaspace       used 23172K, capacity 23541K, committed 23552K, reserved 24576K
}
Event: 33.833 GC heap after
{Heap after GC invocations=8 (full 4):
 def new generation   total 1973184K, used 1K [0x00007f2758600000, 0x00007f27de300000, 0x00007f2cadb50000)
  eden space 1753984K,   0% used [0x00007f2758600000, 0x00007f2758600000, 0x00007f27c36e0000)
  from space 219200K,   0% used [0x00007f27d0cf0000, 0x00007f27d0cf0468, 0x00007f27de300000)
  to   space 219200K,   0% used [0x00007f27c36e0000, 0x00007f27c36e0000, 0x00007f27d0cf0000)
 tenured generation   total 4384732K, used 3679413K [0x00007f2cadb50000, 0x00007f2db9547000, 0x00007f3758600000)
   the space 4384732K,  83% used [0x00007f2cadb50000, 0x00007f2d8e47d498, 0x00007f2d8e47d600, 0x00007f2db9547000)
 Metaspace       used 23172K, capacity 23541K, committed 23552K, reserved 24576K
}
Event: 35.408 GC heap before
{Heap before GC invocations=8 (full 4):
 def new generation   total 1973184K, used 1607264K [0x00007f2758600000, 0x00007f27de300000, 0x00007f2cadb50000)
  eden space 1753984K,  91% used [0x00007f2758600000, 0x00007f27ba797d08, 0x00007f27c36e0000)
  from space 219200K,   0% used [0x00007f27d0cf0000, 0x00007f27d0cf0468, 0x00007f27de300000)
  to   space 219200K,   0% used [0x00007f27c36e0000, 0x00007f27c36e0000, 0x00007f27d0cf0000)
 tenured generation   total 4384732K, used 3679413K [0x00007f2cadb50000, 0x00007f2db9547000, 0x00007f3758600000)
   the space 4384732K,  83% used [0x00007f2cadb50000, 0x00007f2d8e47d498, 0x00007f2d8e47d600, 0x00007f2db9547000)
 Metaspace       used 23172K, capacity 23541K, committed 23552K, reserved 24576K
}
Event: 35.629 GC heap after
{Heap after GC invocations=9 (full 4):
 def new generation   total 1973184K, used 0K [0x00007f2758600000, 0x00007f27de300000, 0x00007f2cadb50000)
  eden space 1753984K,   0% used [0x00007f2758600000, 0x00007f2758600000, 0x00007f27c36e0000)
  from space 219200K,   0% used [0x00007f27c36e0000, 0x00007f27c36e0310, 0x00007f27d0cf0000)
  to   space 219200K,   0% used [0x00007f27d0cf0000, 0x00007f27d0cf0000, 0x00007f27de300000)
 tenured generation   total 4384732K, used 4203701K [0x00007f2cadb50000, 0x00007f2db9547000, 0x00007f3758600000)
   the space 4384732K,  95% used [0x00007f2cadb50000, 0x00007f2dae47d4b0, 0x00007f2dae47d600, 0x00007f2db9547000)
 Metaspace       used 23172K, capacity 23541K, committed 23552K, reserved 24576K
}
Event: 35.838 GC heap before
{Heap before GC invocations=9 (full 4):
 def new generation   total 1973184K, used 558663K [0x00007f2758600000, 0x00007f27de300000, 0x00007f2cadb50000)
  eden space 1753984K,  31% used [0x00007f2758600000, 0x00007f277a791ab8, 0x00007f27c36e0000)
  from space 219200K,   0% used [0x00007f27c36e0000, 0x00007f27c36e0310, 0x00007f27d0cf0000)
  to   space 219200K,   0% used [0x00007f27d0cf0000, 0x00007f27d0cf0000, 0x00007f27de300000)
 tenured generation   total 4384732K, used 4203701K [0x00007f2cadb50000, 0x00007f2db9547000, 0x00007f3758600000)
   the space 4384732K,  95% used [0x00007f2cadb50000, 0x00007f2dae47d4b0, 0x00007f2dae47d600, 0x00007f2db9547000)
 Metaspace       used 23172K, capacity 23541K, committed 23552K, reserved 24576K
}
Event: 36.129 GC heap after
{Heap after GC invocations=10 (full 4):
 def new generation   total 1973184K, used 1K [0x00007f2758600000, 0x00007f27de300000, 0x00007f2cadb50000)
  eden space 1753984K,   0% used [0x00007f2758600000, 0x00007f2758600000, 0x00007f27c36e0000)
  from space 219200K,   0% used [0x00007f27d0cf0000, 0x00007f27d0cf0558, 0x00007f27de300000)
  to   space 219200K,   0% used [0x00007f27c36e0000, 0x00007f27c36e0000, 0x00007f27d0cf0000)
 tenured generation   total 4909024K, used 4727989K [0x00007f2cadb50000, 0x00007f2dd9548000, 0x00007f3758600000)
   the space 4909024K,  96% used [0x00007f2cadb50000, 0x00007f2dce47d4c8, 0x00007f2dce47d600, 0x00007f2dd9548000)
 Metaspace       used 23172K, capacity 23541K, committed 23552K, reserved 24576K
}
Event: 36.129 GC heap before
{Heap before GC invocations=10 (full 4):
 def new generation   total 1973184K, used 1K [0x00007f2758600000, 0x00007f27de300000, 0x00007f2cadb50000)
  eden space 1753984K,   0% used [0x00007f2758600000, 0x00007f2758600000, 0x00007f27c36e0000)
  from space 219200K,   0% used [0x00007f27d0cf0000, 0x00007f27d0cf0558, 0x00007f27de300000)
  to   space 219200K,   0% used [0x00007f27c36e0000, 0x00007f27c36e0000, 0x00007f27d0cf0000)
 tenured generation   total 4909024K, used 4727989K [0x00007f2cadb50000, 0x00007f2dd9548000, 0x00007f3758600000)
   the space 4909024K,  96% used [0x00007f2cadb50000, 0x00007f2dce47d4c8, 0x00007f2dce47d600, 0x00007f2dd9548000)
 Metaspace       used 23172K, capacity 23541K, committed 23552K, reserved 24576K
}
Event: 36.520 GC heap after
{Heap after GC invocations=10 (full 5):
 def new generation   total 1973184K, used 0K [0x00007f2758600000, 0x00007f27de300000, 0x00007f2cadb50000)
  eden space 1753984K,   0% used [0x00007f2758600000, 0x00007f2758600000, 0x00007f27c36e0000)
  from space 219200K,   0% used [0x00007f27d0cf0000, 0x00007f27d0cf0000, 0x00007f27de300000)
  to   space 219200K,   0% used [0x00007f27c36e0000, 0x00007f27c36e0000, 0x00007f27d0cf0000)
 tenured generation   total 4384732K, used 1057972K [0x00007f2cadb50000, 0x00007f2db9547000, 0x00007f3758600000)
   the space 4384732K,  24% used [0x00007f2cadb50000, 0x00007f2cee47d358, 0x00007f2cee47d400, 0x00007f2db9547000)
 Metaspace       used 23172K, capacity 23541K, committed 23552K, reserved 24576K
}
Event: 38.824 GC heap before
{Heap before GC invocations=10 (full 5):
 def new generation   total 1973184K, used 34374K [0x00007f2758600000, 0x00007f27de300000, 0x00007f2cadb50000)
  eden space 1753984K,   1% used [0x00007f2758600000, 0x00007f275a791a80, 0x00007f27c36e0000)
  from space 219200K,   0% used [0x00007f27d0cf0000, 0x00007f27d0cf0000, 0x00007f27de300000)
  to   space 219200K,   0% used [0x00007f27c36e0000, 0x00007f27c36e0000, 0x00007f27d0cf0000)
 tenured generation   total 4384732K, used 3155124K [0x00007f2cadb50000, 0x00007f2db9547000, 0x00007f3758600000)
   the space 4384732K,  71% used [0x00007f2cadb50000, 0x00007f2d6e47d370, 0x00007f2d6e47d400, 0x00007f2db9547000)
 Metaspace       used 23172K, capacity 23541K, committed 23552K, reserved 24576K
}
Event: 38.828 GC heap after
{Heap after GC invocations=11 (full 5):
 def new generation   total 1973184K, used 0K [0x00007f2758600000, 0x00007f27de300000, 0x00007f2cadb50000)
  eden space 1753984K,   0% used [0x00007f2758600000, 0x00007f2758600000, 0x00007f27c36e0000)
  from space 219200K,   0% used [0x00007f27c36e0000, 0x00007f27c36e0110, 0x00007f27d0cf0000)
  to   space 219200K,   0% used [0x00007f27d0cf0000, 0x00007f27d0cf0000, 0x00007f27de300000)
 tenured generation   total 4384732K, used 3155124K [0x00007f2cadb50000, 0x00007f2db9547000, 0x00007f3758600000)
   the space 4384732K,  71% used [0x00007f2cadb50000, 0x00007f2d6e47d370, 0x00007f2d6e47d400, 0x00007f2db9547000)
 Metaspace       used 23172K, capacity 23541K, committed 23552K, reserved 24576K
}
Event: 38.828 GC heap before
{Heap before GC invocations=11 (full 5):
 def new generation   total 1973184K, used 0K [0x00007f2758600000, 0x00007f27de300000, 0x00007f2cadb50000)
  eden space 1753984K,   0% used [0x00007f2758600000, 0x00007f2758600000, 0x00007f27c36e0000)
  from space 219200K,   0% used [0x00007f27c36e0000, 0x00007f27c36e0110, 0x00007f27d0cf0000)
  to   space 219200K,   0% used [0x00007f27d0cf0000, 0x00007f27d0cf0000, 0x00007f27de300000)
 tenured generation   total 4384732K, used 3155124K [0x00007f2cadb50000, 0x00007f2db9547000, 0x00007f3758600000)
   the space 4384732K,  71% used [0x00007f2cadb50000, 0x00007f2d6e47d370, 0x00007f2d6e47d400, 0x00007f2db9547000)
 Metaspace       used 23172K, capacity 23541K, committed 23552K, reserved 24576K
}
Event: 39.193 GC heap after
{Heap after GC invocations=11 (full 6):
 def new generation   total 1973184K, used 0K [0x00007f2758600000, 0x00007f27de300000, 0x00007f2cadb50000)
  eden space 1753984K,   0% used [0x00007f2758600000, 0x00007f2758600000, 0x00007f27c36e0000)
  from space 219200K,   0% used [0x00007f27c36e0000, 0x00007f27c36e0000, 0x00007f27d0cf0000)
  to   space 219200K,   0% used [0x00007f27d0cf0000, 0x00007f27d0cf0000, 0x00007f27de300000)
 tenured generation   total 4384732K, used 2106548K [0x00007f2cadb50000, 0x00007f2db9547000, 0x00007f3758600000)
   the space 4384732K,  48% used [0x00007f2cadb50000, 0x00007f2d2e47d0f8, 0x00007f2d2e47d200, 0x00007f2db9547000)
 Metaspace       used 23172K, capacity 23541K, committed 23552K, reserved 24576K
}
Event: 39.457 GC heap before
{Heap before GC invocations=11 (full 6):
 def new generation   total 1973184K, used 34374K [0x00007f2758600000, 0x00007f27de300000, 0x00007f2cadb50000)
  eden space 1753984K,   1% used [0x00007f2758600000, 0x00007f275a791aa0, 0x00007f27c36e0000)
  from space 219200K,   0% used [0x00007f27c36e0000, 0x00007f27c36e0000, 0x00007f27d0cf0000)
  to   space 219200K,   0% used [0x00007f27d0cf0000, 0x00007f27d0cf0000, 0x00007f27de300000)
 tenured generation   total 4384732K, used 4203700K [0x00007f2cadb50000, 0x00007f2db9547000, 0x00007f3758600000)
   the space 4384732K,  95% used [0x00007f2cadb50000, 0x00007f2dae47d110, 0x00007f2dae47d200, 0x00007f2db9547000)
 Metaspace       used 23172K, capacity 23541K, committed 23552K, reserved 24576K
}
Event: 39.458 GC heap after
{Heap after GC invocations=12 (full 6):
 def new generation   total 1973184K, used 0K [0x00007f2758600000, 0x00007f27de300000, 0x00007f2cadb50000)
  eden space 1753984K,   0% used [0x00007f2758600000, 0x00007f2758600000, 0x00007f27c36e0000)
  from space 219200K,   0% used [0x00007f27d0cf0000, 0x00007f27d0cf0248, 0x00007f27de300000)
  to   space 219200K,   0% used [0x00007f27c36e0000, 0x00007f27c36e0000, 0x00007f27d0cf0000)
 tenured generation   total 4384732K, used 4203700K [0x00007f2cadb50000, 0x00007f2db9547000, 0x00007f3758600000)
   the space 4384732K,  95% used [0x00007f2cadb50000, 0x00007f2dae47d110, 0x00007f2dae47d200, 0x00007f2db9547000)
 Metaspace       used 23172K, capacity 23541K, committed 23552K, reserved 24576K
}
Event: 39.458 GC heap before
{Heap before GC invocations=12 (full 6):
 def new generation   total 1973184K, used 0K [0x00007f2758600000, 0x00007f27de300000, 0x00007f2cadb50000)
  eden space 1753984K,   0% used [0x00007f2758600000, 0x00007f2758600000, 0x00007f27c36e0000)
  from space 219200K,   0% used [0x00007f27d0cf0000, 0x00007f27d0cf0248, 0x00007f27de300000)
  to   space 219200K,   0% used [0x00007f27c36e0000, 0x00007f27c36e0000, 0x00007f27d0cf0000)
 tenured generation   total 4384732K, used 4203700K [0x00007f2cadb50000, 0x00007f2db9547000, 0x00007f3758600000)
   the space 4384732K,  95% used [0x00007f2cadb50000, 0x00007f2dae47d110, 0x00007f2dae47d200, 0x00007f2db9547000)
 Metaspace       used 23172K, capacity 23541K, committed 23552K, reserved 24576K
}

