# JRE version: OpenJDK Runtime Environment (13.0.7+5) (build 13.0.7+5-Ubuntu-0ubuntu120.04)
# Java VM: OpenJDK 64-Bit Server VM (13.0.7+5-Ubuntu-0ubuntu120.04, mixed mode, tiered, serial gc, linux-amd64)
Heap:
 def new generation   total 2891392K, used 4118K [0x00007f872c600000, 0x00007f87f0750000, 0x00007f8c81b50000)
  eden space 2570176K,   0% used [0x00007f872c600000, 0x00007f872ca05a18, 0x00007f87c93f0000)
  from space 321216K,   0% used [0x00007f87c93f0000, 0x00007f87c93f0000, 0x00007f87dcda0000)
  to   space 321216K,   0% used [0x00007f87dcda0000, 0x00007f87dcda0000, 0x00007f87f0750000)
 tenured generation   total 6425536K, used 6425535K [0x00007f8c81b50000, 0x00007f8e09e40000, 0x00007f972c600000)
   the space 6425536K,  99% used [0x00007f8c81b50000, 0x00007f8e09e3ffa0, 0x00007f8e09e40000, 0x00007f8e09e40000)
 Metaspace       used 24348K, capacity 24746K, committed 24832K, reserved 26624K
GC Heap History (20 events):
Event: 39582.721 GC heap after
{Heap after GC invocations=42332 (full 4):
 def new generation   total 2891392K, used 5602K [0x00007f872c600000, 0x00007f87f0750000, 0x00007f8c81b50000)
  eden space 2570176K,   0% used [0x00007f872c600000, 0x00007f872c600000, 0x00007f87c93f0000)
  from space 321216K,   1% used [0x00007f87dcda0000, 0x00007f87dd318878, 0x00007f87f0750000)
  to   space 321216K,   0% used [0x00007f87c93f0000, 0x00007f87c93f0000, 0x00007f87dcda0000)
 tenured generation   total 6425152K, used 6421478K [0x00007f8c81b50000, 0x00007f8e09de0000, 0x00007f972c600000)
   the space 6425152K,  99% used [0x00007f8c81b50000, 0x00007f8e09a49800, 0x00007f8e09a49800, 0x00007f8e09de0000)
 Metaspace       used 24348K, capacity 24746K, committed 24832K, reserved 26624K
}
Event: 39584.643 GC heap before
{Heap before GC invocations=42332 (full 4):
 def new generation   total 2891392K, used 2575778K [0x00007f872c600000, 0x00007f87f0750000, 0x00007f8c81b50000)
  eden space 2570176K, 100% used [0x00007f872c600000, 0x00007f87c93f0000, 0x00007f87c93f0000)
  from space 321216K,   1% used [0x00007f87dcda0000, 0x00007f87dd318878, 0x00007f87f0750000)
  to   space 321216K,   0% used [0x00007f87c93f0000, 0x00007f87c93f0000, 0x00007f87dcda0000)
 tenured generation   total 6425152K, used 6421478K [0x00007f8c81b50000, 0x00007f8e09de0000, 0x00007f972c600000)
   the space 6425152K,  99% used [0x00007f8c81b50000, 0x00007f8e09a49800, 0x00007f8e09a49800, 0x00007f8e09de0000)
 Metaspace       used 24348K, capacity 24746K, committed 24832K, reserved 26624K
}
Event: 39584.657 GC heap after
{Heap after GC invocations=42333 (full 4):
 def new generation   total 2891392K, used 5601K [0x00007f872c600000, 0x00007f87f0750000, 0x00007f8c81b50000)
  eden space 2570176K,   0% used [0x00007f872c600000, 0x00007f872c600000, 0x00007f87c93f0000)
  from space 321216K,   1% used [0x00007f87c93f0000, 0x00007f87c9968478, 0x00007f87dcda0000)
  to   space 321216K,   0% used [0x00007f87dcda0000, 0x00007f87dcda0000, 0x00007f87f0750000)
 tenured generation   total 6425152K, used 6421769K [0x00007f8c81b50000, 0x00007f8e09de0000, 0x00007f972c600000)
   the space 6425152K,  99% used [0x00007f8c81b50000, 0x00007f8e09a92630, 0x00007f8e09a92800, 0x00007f8e09de0000)
 Metaspace       used 24348K, capacity 24746K, committed 24832K, reserved 26624K
}
Event: 39586.601 GC heap before
{Heap before GC invocations=42333 (full 4):
 def new generation   total 2891392K, used 2575777K [0x00007f872c600000, 0x00007f87f0750000, 0x00007f8c81b50000)
  eden space 2570176K, 100% used [0x00007f872c600000, 0x00007f87c93f0000, 0x00007f87c93f0000)
  from space 321216K,   1% used [0x00007f87c93f0000, 0x00007f87c9968478, 0x00007f87dcda0000)
  to   space 321216K,   0% used [0x00007f87dcda0000, 0x00007f87dcda0000, 0x00007f87f0750000)
 tenured generation   total 6425152K, used 6421769K [0x00007f8c81b50000, 0x00007f8e09de0000, 0x00007f972c600000)
   the space 6425152K,  99% used [0x00007f8c81b50000, 0x00007f8e09a92630, 0x00007f8e09a92800, 0x00007f8e09de0000)
 Metaspace       used 24348K, capacity 24746K, committed 24832K, reserved 26624K
}
Event: 39586.615 GC heap after
{Heap after GC invocations=42334 (full 4):
 def new generation   total 2891392K, used 5528K [0x00007f872c600000, 0x00007f87f0750000, 0x00007f8c81b50000)
  eden space 2570176K,   0% used [0x00007f872c600000, 0x00007f872c600000, 0x00007f87c93f0000)
  from space 321216K,   1% used [0x00007f87dcda0000, 0x00007f87dd3063a8, 0x00007f87f0750000)
  to   space 321216K,   0% used [0x00007f87c93f0000, 0x00007f87c93f0000, 0x00007f87dcda0000)
 tenured generation   total 6425152K, used 6422132K [0x00007f8c81b50000, 0x00007f8e09de0000, 0x00007f972c600000)
   the space 6425152K,  99% used [0x00007f8c81b50000, 0x00007f8e09aed140, 0x00007f8e09aed200, 0x00007f8e09de0000)
 Metaspace       used 24348K, capacity 24746K, committed 24832K, reserved 26624K
}
Event: 39588.512 GC heap before
{Heap before GC invocations=42334 (full 4):
 def new generation   total 2891392K, used 2575704K [0x00007f872c600000, 0x00007f87f0750000, 0x00007f8c81b50000)
  eden space 2570176K, 100% used [0x00007f872c600000, 0x00007f87c93f0000, 0x00007f87c93f0000)
  from space 321216K,   1% used [0x00007f87dcda0000, 0x00007f87dd3063a8, 0x00007f87f0750000)
  to   space 321216K,   0% used [0x00007f87c93f0000, 0x00007f87c93f0000, 0x00007f87dcda0000)
 tenured generation   total 6425152K, used 6422132K [0x00007f8c81b50000, 0x00007f8e09de0000, 0x00007f972c600000)
   the space 6425152K,  99% used [0x00007f8c81b50000, 0x00007f8e09aed140, 0x00007f8e09aed200, 0x00007f8e09de0000)
 Metaspace       used 24348K, capacity 24746K, committed 24832K, reserved 26624K
}
Event: 39588.528 GC heap after
{Heap after GC invocations=42335 (full 4):
 def new generation   total 2891392K, used 5432K [0x00007f872c600000, 0x00007f87f0750000, 0x00007f8c81b50000)
  eden space 2570176K,   0% used [0x00007f872c600000, 0x00007f872c600000, 0x00007f87c93f0000)
  from space 321216K,   1% used [0x00007f87c93f0000, 0x00007f87c993e108, 0x00007f87dcda0000)
  to   space 321216K,   0% used [0x00007f87dcda0000, 0x00007f87dcda0000, 0x00007f87f0750000)
 tenured generation   total 6425152K, used 6422495K [0x00007f8c81b50000, 0x00007f8e09de0000, 0x00007f972c600000)
   the space 6425152K,  99% used [0x00007f8c81b50000, 0x00007f8e09b47d80, 0x00007f8e09b47e00, 0x00007f8e09de0000)
 Metaspace       used 24348K, capacity 24746K, committed 24832K, reserved 26624K
}
Event: 39590.488 GC heap before
{Heap before GC invocations=42335 (full 4):
 def new generation   total 2891392K, used 2575608K [0x00007f872c600000, 0x00007f87f0750000, 0x00007f8c81b50000)
  eden space 2570176K, 100% used [0x00007f872c600000, 0x00007f87c93f0000, 0x00007f87c93f0000)
  from space 321216K,   1% used [0x00007f87c93f0000, 0x00007f87c993e108, 0x00007f87dcda0000)
  to   space 321216K,   0% used [0x00007f87dcda0000, 0x00007f87dcda0000, 0x00007f87f0750000)
 tenured generation   total 6425152K, used 6422495K [0x00007f8c81b50000, 0x00007f8e09de0000, 0x00007f972c600000)
   the space 6425152K,  99% used [0x00007f8c81b50000, 0x00007f8e09b47d80, 0x00007f8e09b47e00, 0x00007f8e09de0000)
 Metaspace       used 24348K, capacity 24746K, committed 24832K, reserved 26624K
}
Event: 39590.504 GC heap after
{Heap after GC invocations=42336 (full 4):
 def new generation   total 2891392K, used 5321K [0x00007f872c600000, 0x00007f87f0750000, 0x00007f8c81b50000)
  eden space 2570176K,   0% used [0x00007f872c600000, 0x00007f872c600000, 0x00007f87c93f0000)
  from space 321216K,   1% used [0x00007f87dcda0000, 0x00007f87dd2d2520, 0x00007f87f0750000)
  to   space 321216K,   0% used [0x00007f87c93f0000, 0x00007f87c93f0000, 0x00007f87dcda0000)
 tenured generation   total 6425152K, used 6422910K [0x00007f8c81b50000, 0x00007f8e09de0000, 0x00007f972c600000)
   the space 6425152K,  99% used [0x00007f8c81b50000, 0x00007f8e09bafad8, 0x00007f8e09bafc00, 0x00007f8e09de0000)
 Metaspace       used 24348K, capacity 24746K, committed 24832K, reserved 26624K
}
Event: 39592.489 GC heap before
{Heap before GC invocations=42336 (full 4):
 def new generation   total 2891392K, used 2575497K [0x00007f872c600000, 0x00007f87f0750000, 0x00007f8c81b50000)
  eden space 2570176K, 100% used [0x00007f872c600000, 0x00007f87c93f0000, 0x00007f87c93f0000)
  from space 321216K,   1% used [0x00007f87dcda0000, 0x00007f87dd2d2520, 0x00007f87f0750000)
  to   space 321216K,   0% used [0x00007f87c93f0000, 0x00007f87c93f0000, 0x00007f87dcda0000)
 tenured generation   total 6425152K, used 6422910K [0x00007f8c81b50000, 0x00007f8e09de0000, 0x00007f972c600000)
   the space 6425152K,  99% used [0x00007f8c81b50000, 0x00007f8e09bafad8, 0x00007f8e09bafc00, 0x00007f8e09de0000)
 Metaspace       used 24348K, capacity 24746K, committed 24832K, reserved 26624K
}
Event: 39592.506 GC heap after
{Heap after GC invocations=42337 (full 4):
 def new generation   total 2891392K, used 5119K [0x00007f872c600000, 0x00007f87f0750000, 0x00007f8c81b50000)
  eden space 2570176K,   0% used [0x00007f872c600000, 0x00007f872c600000, 0x00007f87c93f0000)
  from space 321216K,   1% used [0x00007f87c93f0000, 0x00007f87c98effd0, 0x00007f87dcda0000)
  to   space 321216K,   0% used [0x00007f87dcda0000, 0x00007f87dcda0000, 0x00007f87f0750000)
 tenured generation   total 6425152K, used 6423400K [0x00007f8c81b50000, 0x00007f8e09de0000, 0x00007f972c600000)
   the space 6425152K,  99% used [0x00007f8c81b50000, 0x00007f8e09c2a268, 0x00007f8e09c2a400, 0x00007f8e09de0000)
 Metaspace       used 24348K, capacity 24746K, committed 24832K, reserved 26624K
}
Event: 39594.385 GC heap before
{Heap before GC invocations=42337 (full 4):
 def new generation   total 2891392K, used 2575295K [0x00007f872c600000, 0x00007f87f0750000, 0x00007f8c81b50000)
  eden space 2570176K, 100% used [0x00007f872c600000, 0x00007f87c93f0000, 0x00007f87c93f0000)
  from space 321216K,   1% used [0x00007f87c93f0000, 0x00007f87c98effd0, 0x00007f87dcda0000)
  to   space 321216K,   0% used [0x00007f87dcda0000, 0x00007f87dcda0000, 0x00007f87f0750000)
 tenured generation   total 6425152K, used 6423400K [0x00007f8c81b50000, 0x00007f8e09de0000, 0x00007f972c600000)
   the space 6425152K,  99% used [0x00007f8c81b50000, 0x00007f8e09c2a268, 0x00007f8e09c2a400, 0x00007f8e09de0000)
 Metaspace       used 24348K, capacity 24746K, committed 24832K, reserved 26624K
}
Event: 39594.402 GC heap after
{Heap after GC invocations=42338 (full 4):
 def new generation   total 2891392K, used 4902K [0x00007f872c600000, 0x00007f87f0750000, 0x00007f8c81b50000)
  eden space 2570176K,   0% used [0x00007f872c600000, 0x00007f872c600000, 0x00007f87c93f0000)
  from space 321216K,   1% used [0x00007f87dcda0000, 0x00007f87dd269960, 0x00007f87f0750000)
  to   space 321216K,   0% used [0x00007f87c93f0000, 0x00007f87c93f0000, 0x00007f87dcda0000)
 tenured generation   total 6425152K, used 6423886K [0x00007f8c81b50000, 0x00007f8e09de0000, 0x00007f972c600000)
   the space 6425152K,  99% used [0x00007f8c81b50000, 0x00007f8e09ca3a68, 0x00007f8e09ca3c00, 0x00007f8e09de0000)
 Metaspace       used 24348K, capacity 24746K, committed 24832K, reserved 26624K
}
Event: 39596.357 GC heap before
{Heap before GC invocations=42338 (full 4):
 def new generation   total 2891392K, used 2575078K [0x00007f872c600000, 0x00007f87f0750000, 0x00007f8c81b50000)
  eden space 2570176K, 100% used [0x00007f872c600000, 0x00007f87c93f0000, 0x00007f87c93f0000)
  from space 321216K,   1% used [0x00007f87dcda0000, 0x00007f87dd269960, 0x00007f87f0750000)
  to   space 321216K,   0% used [0x00007f87c93f0000, 0x00007f87c93f0000, 0x00007f87dcda0000)
 tenured generation   total 6425152K, used 6423886K [0x00007f8c81b50000, 0x00007f8e09de0000, 0x00007f972c600000)
   the space 6425152K,  99% used [0x00007f8c81b50000, 0x00007f8e09ca3a68, 0x00007f8e09ca3c00, 0x00007f8e09de0000)
 Metaspace       used 24348K, capacity 24746K, committed 24832K, reserved 26624K
}
Event: 39596.372 GC heap after
{Heap after GC invocations=42339 (full 4):
 def new generation   total 2891392K, used 4952K [0x00007f872c600000, 0x00007f87f0750000, 0x00007f8c81b50000)
  eden space 2570176K,   0% used [0x00007f872c600000, 0x00007f872c600000, 0x00007f87c93f0000)
  from space 321216K,   1% used [0x00007f87c93f0000, 0x00007f87c98c6380, 0x00007f87dcda0000)
  to   space 321216K,   0% used [0x00007f87dcda0000, 0x00007f87dcda0000, 0x00007f87f0750000)
 tenured generation   total 6425152K, used 6424389K [0x00007f8c81b50000, 0x00007f8e09de0000, 0x00007f972c600000)
   the space 6425152K,  99% used [0x00007f8c81b50000, 0x00007f8e09d216f8, 0x00007f8e09d21800, 0x00007f8e09de0000)
 Metaspace       used 24348K, capacity 24746K, committed 24832K, reserved 26624K
}
Event: 39598.166 GC heap before
{Heap before GC invocations=42339 (full 4):
 def new generation   total 2891392K, used 2575128K [0x00007f872c600000, 0x00007f87f0750000, 0x00007f8c81b50000)
  eden space 2570176K, 100% used [0x00007f872c600000, 0x00007f87c93f0000, 0x00007f87c93f0000)
  from space 321216K,   1% used [0x00007f87c93f0000, 0x00007f87c98c6380, 0x00007f87dcda0000)
  to   space 321216K,   0% used [0x00007f87dcda0000, 0x00007f87dcda0000, 0x00007f87f0750000)
 tenured generation   total 6425152K, used 6424389K [0x00007f8c81b50000, 0x00007f8e09de0000, 0x00007f972c600000)
   the space 6425152K,  99% used [0x00007f8c81b50000, 0x00007f8e09d216f8, 0x00007f8e09d21800, 0x00007f8e09de0000)
 Metaspace       used 24348K, capacity 24746K, committed 24832K, reserved 26624K
}
Event: 39598.179 GC heap after
{Heap after GC invocations=42340 (full 4):
 def new generation   total 2891392K, used 4504K [0x00007f872c600000, 0x00007f87f0750000, 0x00007f8c81b50000)
  eden space 2570176K,   0% used [0x00007f872c600000, 0x00007f872c600000, 0x00007f87c93f0000)
  from space 321216K,   1% used [0x00007f87dcda0000, 0x00007f87dd2061d0, 0x00007f87f0750000)
  to   space 321216K,   0% used [0x00007f87c93f0000, 0x00007f87c93f0000, 0x00007f87dcda0000)
 tenured generation   total 6425152K, used 6424875K [0x00007f8c81b50000, 0x00007f8e09de0000, 0x00007f972c600000)
   the space 6425152K,  99% used [0x00007f8c81b50000, 0x00007f8e09d9ad48, 0x00007f8e09d9ae00, 0x00007f8e09de0000)
 Metaspace       used 24348K, capacity 24746K, committed 24832K, reserved 26624K
}
Event: 39600.012 GC heap before
{Heap before GC invocations=42340 (full 4):
 def new generation   total 2891392K, used 2574680K [0x00007f872c600000, 0x00007f87f0750000, 0x00007f8c81b50000)
  eden space 2570176K, 100% used [0x00007f872c600000, 0x00007f87c93f0000, 0x00007f87c93f0000)
  from space 321216K,   1% used [0x00007f87dcda0000, 0x00007f87dd2061d0, 0x00007f87f0750000)
  to   space 321216K,   0% used [0x00007f87c93f0000, 0x00007f87c93f0000, 0x00007f87dcda0000)
 tenured generation   total 6425152K, used 6424875K [0x00007f8c81b50000, 0x00007f8e09de0000, 0x00007f972c600000)
   the space 6425152K,  99% used [0x00007f8c81b50000, 0x00007f8e09d9ad48, 0x00007f8e09d9ae00, 0x00007f8e09de0000)
 Metaspace       used 24348K, capacity 24746K, committed 24832K, reserved 26624K
}
Event: 39600.030 GC heap after
{Heap after GC invocations=42341 (full 4):
 def new generation   total 2891392K, used 4302K [0x00007f872c600000, 0x00007f87f0750000, 0x00007f8c81b50000)
  eden space 2570176K,   0% used [0x00007f872c600000, 0x00007f872c600000, 0x00007f87c93f0000)
  from space 321216K,   1% used [0x00007f87c93f0000, 0x00007f87c9823948, 0x00007f87dcda0000)
  to   space 321216K,   0% used [0x00007f87dcda0000, 0x00007f87dcda0000, 0x00007f87f0750000)
 tenured generation   total 6425536K, used 6425361K [0x00007f8c81b50000, 0x00007f8e09e40000, 0x00007f972c600000)
   the space 6425536K,  99% used [0x00007f8c81b50000, 0x00007f8e09e14548, 0x00007f8e09e14600, 0x00007f8e09e40000)
 Metaspace       used 24348K, capacity 24746K, committed 24832K, reserved 26624K
}
Event: 39600.030 GC heap before
{Heap before GC invocations=42341 (full 4):
 def new generation   total 2891392K, used 4302K [0x00007f872c600000, 0x00007f87f0750000, 0x00007f8c81b50000)
  eden space 2570176K,   0% used [0x00007f872c600000, 0x00007f872c600000, 0x00007f87c93f0000)
  from space 321216K,   1% used [0x00007f87c93f0000, 0x00007f87c9823948, 0x00007f87dcda0000)
  to   space 321216K,   0% used [0x00007f87dcda0000, 0x00007f87dcda0000, 0x00007f87f0750000)
 tenured generation   total 6425536K, used 6425361K [0x00007f8c81b50000, 0x00007f8e09e40000, 0x00007f972c600000)
   the space 6425536K,  99% used [0x00007f8c81b50000, 0x00007f8e09e14548, 0x00007f8e09e14600, 0x00007f8e09e40000)
 Metaspace       used 24348K, capacity 24746K, committed 24832K, reserved 26624K
}

