# JRE version: OpenJDK Runtime Environment (13.0.7+5) (build 13.0.7+5-Ubuntu-0ubuntu120.04)
# Java VM: OpenJDK 64-Bit Server VM (13.0.7+5-Ubuntu-0ubuntu120.04, mixed mode, tiered, serial gc, linux-amd64)
Heap:
 def new generation   total 2918784K, used 83792K [0x00007fb5dc600000, 0x00007fb6a2510000, 0x00007fbb31b50000)
  eden space 2594496K,   3% used [0x00007fb5dc600000, 0x00007fb5e17d4048, 0x00007fb67abb0000)
  from space 324288K,   0% used [0x00007fb67abb0000, 0x00007fb67abb0000, 0x00007fb68e860000)
  to   space 324288K,   0% used [0x00007fb68e860000, 0x00007fb68e860000, 0x00007fb6a2510000)
 tenured generation   total 6488916K, used 6488915K [0x00007fbb31b50000, 0x00007fbcbdc25000, 0x00007fc5dc600000)
   the space 6488916K,  99% used [0x00007fbb31b50000, 0x00007fbcbdc24fe0, 0x00007fbcbdc25000, 0x00007fbcbdc25000)
 Metaspace       used 24360K, capacity 24784K, committed 25088K, reserved 26624K
GC Heap History (20 events):
Event: 2015.943 GC heap after
{Heap after GC invocations=2958 (full 4):
 def new generation   total 2918784K, used 76219K [0x00007fb5dc600000, 0x00007fb6a2510000, 0x00007fbb31b50000)
  eden space 2594496K,   0% used [0x00007fb5dc600000, 0x00007fb5dc600000, 0x00007fb67abb0000)
  from space 324288K,  23% used [0x00007fb68e860000, 0x00007fb6932cec20, 0x00007fb6a2510000)
  to   space 324288K,   0% used [0x00007fb67abb0000, 0x00007fb67abb0000, 0x00007fb68e860000)
 tenured generation   total 6486036K, used 6447189K [0x00007fbb31b50000, 0x00007fbcbd955000, 0x00007fc5dc600000)
   the space 6486036K,  99% used [0x00007fbb31b50000, 0x00007fbcbb3657d8, 0x00007fbcbb365800, 0x00007fbcbd955000)
 Metaspace       used 24360K, capacity 24784K, committed 25088K, reserved 26624K
}
Event: 2017.267 GC heap before
{Heap before GC invocations=2958 (full 4):
 def new generation   total 2918784K, used 2670715K [0x00007fb5dc600000, 0x00007fb6a2510000, 0x00007fbb31b50000)
  eden space 2594496K, 100% used [0x00007fb5dc600000, 0x00007fb67abb0000, 0x00007fb67abb0000)
  from space 324288K,  23% used [0x00007fb68e860000, 0x00007fb6932cec20, 0x00007fb6a2510000)
  to   space 324288K,   0% used [0x00007fb67abb0000, 0x00007fb67abb0000, 0x00007fb68e860000)
 tenured generation   total 6486036K, used 6447189K [0x00007fbb31b50000, 0x00007fbcbd955000, 0x00007fc5dc600000)
   the space 6486036K,  99% used [0x00007fbb31b50000, 0x00007fbcbb3657d8, 0x00007fbcbb365800, 0x00007fbcbd955000)
 Metaspace       used 24360K, capacity 24784K, committed 25088K, reserved 26624K
}
Event: 2017.357 GC heap after
{Heap after GC invocations=2959 (full 4):
 def new generation   total 2918784K, used 79277K [0x00007fb5dc600000, 0x00007fb6a2510000, 0x00007fbb31b50000)
  eden space 2594496K,   0% used [0x00007fb5dc600000, 0x00007fb5dc600000, 0x00007fb67abb0000)
  from space 324288K,  24% used [0x00007fb67abb0000, 0x00007fb67f91b4b0, 0x00007fb68e860000)
  to   space 324288K,   0% used [0x00007fb68e860000, 0x00007fb68e860000, 0x00007fb6a2510000)
 tenured generation   total 6486036K, used 6452802K [0x00007fbb31b50000, 0x00007fbcbd955000, 0x00007fc5dc600000)
   the space 6486036K,  99% used [0x00007fbb31b50000, 0x00007fbcbb8e0a80, 0x00007fbcbb8e0c00, 0x00007fbcbd955000)
 Metaspace       used 24360K, capacity 24784K, committed 25088K, reserved 26624K
}
Event: 2018.662 GC heap before
{Heap before GC invocations=2959 (full 4):
 def new generation   total 2918784K, used 2673773K [0x00007fb5dc600000, 0x00007fb6a2510000, 0x00007fbb31b50000)
  eden space 2594496K, 100% used [0x00007fb5dc600000, 0x00007fb67abb0000, 0x00007fb67abb0000)
  from space 324288K,  24% used [0x00007fb67abb0000, 0x00007fb67f91b4b0, 0x00007fb68e860000)
  to   space 324288K,   0% used [0x00007fb68e860000, 0x00007fb68e860000, 0x00007fb6a2510000)
 tenured generation   total 6486036K, used 6452802K [0x00007fbb31b50000, 0x00007fbcbd955000, 0x00007fc5dc600000)
   the space 6486036K,  99% used [0x00007fbb31b50000, 0x00007fbcbb8e0a80, 0x00007fbcbb8e0c00, 0x00007fbcbd955000)
 Metaspace       used 24360K, capacity 24784K, committed 25088K, reserved 26624K
}
Event: 2018.759 GC heap after
{Heap after GC invocations=2960 (full 4):
 def new generation   total 2918784K, used 80116K [0x00007fb5dc600000, 0x00007fb6a2510000, 0x00007fbb31b50000)
  eden space 2594496K,   0% used [0x00007fb5dc600000, 0x00007fb5dc600000, 0x00007fb67abb0000)
  from space 324288K,  24% used [0x00007fb68e860000, 0x00007fb69369d398, 0x00007fb6a2510000)
  to   space 324288K,   0% used [0x00007fb67abb0000, 0x00007fb67abb0000, 0x00007fb68e860000)
 tenured generation   total 6486036K, used 6457965K [0x00007fbb31b50000, 0x00007fbcbd955000, 0x00007fc5dc600000)
   the space 6486036K,  99% used [0x00007fbb31b50000, 0x00007fbcbbdeb7d8, 0x00007fbcbbdeb800, 0x00007fbcbd955000)
 Metaspace       used 24360K, capacity 24784K, committed 25088K, reserved 26624K
}
Event: 2020.133 GC heap before
{Heap before GC invocations=2960 (full 4):
 def new generation   total 2918784K, used 2674612K [0x00007fb5dc600000, 0x00007fb6a2510000, 0x00007fbb31b50000)
  eden space 2594496K, 100% used [0x00007fb5dc600000, 0x00007fb67abb0000, 0x00007fb67abb0000)
  from space 324288K,  24% used [0x00007fb68e860000, 0x00007fb69369d398, 0x00007fb6a2510000)
  to   space 324288K,   0% used [0x00007fb67abb0000, 0x00007fb67abb0000, 0x00007fb68e860000)
 tenured generation   total 6486036K, used 6457965K [0x00007fbb31b50000, 0x00007fbcbd955000, 0x00007fc5dc600000)
   the space 6486036K,  99% used [0x00007fbb31b50000, 0x00007fbcbbdeb7d8, 0x00007fbcbbdeb800, 0x00007fbcbd955000)
 Metaspace       used 24360K, capacity 24784K, committed 25088K, reserved 26624K
}
Event: 2020.231 GC heap after
{Heap after GC invocations=2961 (full 4):
 def new generation   total 2918784K, used 74995K [0x00007fb5dc600000, 0x00007fb6a2510000, 0x00007fbb31b50000)
  eden space 2594496K,   0% used [0x00007fb5dc600000, 0x00007fb5dc600000, 0x00007fb67abb0000)
  from space 324288K,  23% used [0x00007fb67abb0000, 0x00007fb67f4ecf48, 0x00007fb68e860000)
  to   space 324288K,   0% used [0x00007fb68e860000, 0x00007fb68e860000, 0x00007fb6a2510000)
 tenured generation   total 6486036K, used 6466245K [0x00007fbb31b50000, 0x00007fbcbd955000, 0x00007fc5dc600000)
   the space 6486036K,  99% used [0x00007fbb31b50000, 0x00007fbcbc6017d0, 0x00007fbcbc601800, 0x00007fbcbd955000)
 Metaspace       used 24360K, capacity 24784K, committed 25088K, reserved 26624K
}
Event: 2021.592 GC heap before
{Heap before GC invocations=2961 (full 4):
 def new generation   total 2918784K, used 2669491K [0x00007fb5dc600000, 0x00007fb6a2510000, 0x00007fbb31b50000)
  eden space 2594496K, 100% used [0x00007fb5dc600000, 0x00007fb67abb0000, 0x00007fb67abb0000)
  from space 324288K,  23% used [0x00007fb67abb0000, 0x00007fb67f4ecf48, 0x00007fb68e860000)
  to   space 324288K,   0% used [0x00007fb68e860000, 0x00007fb68e860000, 0x00007fb6a2510000)
 tenured generation   total 6486036K, used 6466245K [0x00007fbb31b50000, 0x00007fbcbd955000, 0x00007fc5dc600000)
   the space 6486036K,  99% used [0x00007fbb31b50000, 0x00007fbcbc6017d0, 0x00007fbcbc601800, 0x00007fbcbd955000)
 Metaspace       used 24360K, capacity 24784K, committed 25088K, reserved 26624K
}
Event: 2021.682 GC heap after
{Heap after GC invocations=2962 (full 4):
 def new generation   total 2918784K, used 71395K [0x00007fb5dc600000, 0x00007fb6a2510000, 0x00007fbb31b50000)
  eden space 2594496K,   0% used [0x00007fb5dc600000, 0x00007fb5dc600000, 0x00007fb67abb0000)
  from space 324288K,  22% used [0x00007fb68e860000, 0x00007fb692e18e08, 0x00007fb6a2510000)
  to   space 324288K,   0% used [0x00007fb67abb0000, 0x00007fb67abb0000, 0x00007fb68e860000)
 tenured generation   total 6486036K, used 6473067K [0x00007fbb31b50000, 0x00007fbcbd955000, 0x00007fc5dc600000)
   the space 6486036K,  99% used [0x00007fbb31b50000, 0x00007fbcbccaaec8, 0x00007fbcbccab000, 0x00007fbcbd955000)
 Metaspace       used 24360K, capacity 24784K, committed 25088K, reserved 26624K
}
Event: 2023.045 GC heap before
{Heap before GC invocations=2962 (full 4):
 def new generation   total 2918784K, used 2665891K [0x00007fb5dc600000, 0x00007fb6a2510000, 0x00007fbb31b50000)
  eden space 2594496K, 100% used [0x00007fb5dc600000, 0x00007fb67abb0000, 0x00007fb67abb0000)
  from space 324288K,  22% used [0x00007fb68e860000, 0x00007fb692e18e08, 0x00007fb6a2510000)
  to   space 324288K,   0% used [0x00007fb67abb0000, 0x00007fb67abb0000, 0x00007fb68e860000)
 tenured generation   total 6486036K, used 6473067K [0x00007fbb31b50000, 0x00007fbcbd955000, 0x00007fc5dc600000)
   the space 6486036K,  99% used [0x00007fbb31b50000, 0x00007fbcbccaaec8, 0x00007fbcbccab000, 0x00007fbcbd955000)
 Metaspace       used 24360K, capacity 24784K, committed 25088K, reserved 26624K
}
Event: 2023.142 GC heap after
{Heap after GC invocations=2963 (full 4):
 def new generation   total 2918784K, used 75938K [0x00007fb5dc600000, 0x00007fb6a2510000, 0x00007fbb31b50000)
  eden space 2594496K,   0% used [0x00007fb5dc600000, 0x00007fb5dc600000, 0x00007fb67abb0000)
  from space 324288K,  23% used [0x00007fb67abb0000, 0x00007fb67f5d8b78, 0x00007fb68e860000)
  to   space 324288K,   0% used [0x00007fb68e860000, 0x00007fb68e860000, 0x00007fb6a2510000)
 tenured generation   total 6486036K, used 6476227K [0x00007fbb31b50000, 0x00007fbcbd955000, 0x00007fc5dc600000)
   the space 6486036K,  99% used [0x00007fbb31b50000, 0x00007fbcbcfc0db8, 0x00007fbcbcfc0e00, 0x00007fbcbd955000)
 Metaspace       used 24360K, capacity 24784K, committed 25088K, reserved 26624K
}
Event: 2024.657 GC heap before
{Heap before GC invocations=2963 (full 4):
 def new generation   total 2918784K, used 2670434K [0x00007fb5dc600000, 0x00007fb6a2510000, 0x00007fbb31b50000)
  eden space 2594496K, 100% used [0x00007fb5dc600000, 0x00007fb67abb0000, 0x00007fb67abb0000)
  from space 324288K,  23% used [0x00007fb67abb0000, 0x00007fb67f5d8b78, 0x00007fb68e860000)
  to   space 324288K,   0% used [0x00007fb68e860000, 0x00007fb68e860000, 0x00007fb6a2510000)
 tenured generation   total 6486036K, used 6476227K [0x00007fbb31b50000, 0x00007fbcbd955000, 0x00007fc5dc600000)
   the space 6486036K,  99% used [0x00007fbb31b50000, 0x00007fbcbcfc0db8, 0x00007fbcbcfc0e00, 0x00007fbcbd955000)
 Metaspace       used 24360K, capacity 24784K, committed 25088K, reserved 26624K
}
Event: 2024.761 GC heap after
{Heap after GC invocations=2964 (full 4):
 def new generation   total 2918784K, used 76224K [0x00007fb5dc600000, 0x00007fb6a2510000, 0x00007fbb31b50000)
  eden space 2594496K,   0% used [0x00007fb5dc600000, 0x00007fb5dc600000, 0x00007fb67abb0000)
  from space 324288K,  23% used [0x00007fb68e860000, 0x00007fb6932d0350, 0x00007fb6a2510000)
  to   space 324288K,   0% used [0x00007fb67abb0000, 0x00007fb67abb0000, 0x00007fb68e860000)
 tenured generation   total 6486036K, used 6479387K [0x00007fbb31b50000, 0x00007fbcbd955000, 0x00007fc5dc600000)
   the space 6486036K,  99% used [0x00007fbb31b50000, 0x00007fbcbd2d6ca8, 0x00007fbcbd2d6e00, 0x00007fbcbd955000)
 Metaspace       used 24360K, capacity 24784K, committed 25088K, reserved 26624K
}
Event: 2026.138 GC heap before
{Heap before GC invocations=2964 (full 4):
 def new generation   total 2918784K, used 2670720K [0x00007fb5dc600000, 0x00007fb6a2510000, 0x00007fbb31b50000)
  eden space 2594496K, 100% used [0x00007fb5dc600000, 0x00007fb67abb0000, 0x00007fb67abb0000)
  from space 324288K,  23% used [0x00007fb68e860000, 0x00007fb6932d0350, 0x00007fb6a2510000)
  to   space 324288K,   0% used [0x00007fb67abb0000, 0x00007fb67abb0000, 0x00007fb68e860000)
 tenured generation   total 6486036K, used 6479387K [0x00007fbb31b50000, 0x00007fbcbd955000, 0x00007fc5dc600000)
   the space 6486036K,  99% used [0x00007fbb31b50000, 0x00007fbcbd2d6ca8, 0x00007fbcbd2d6e00, 0x00007fbcbd955000)
 Metaspace       used 24360K, capacity 24784K, committed 25088K, reserved 26624K
}
Event: 2026.242 GC heap after
{Heap after GC invocations=2965 (full 4):
 def new generation   total 2918784K, used 79727K [0x00007fb5dc600000, 0x00007fb6a2510000, 0x00007fbb31b50000)
  eden space 2594496K,   0% used [0x00007fb5dc600000, 0x00007fb5dc600000, 0x00007fb67abb0000)
  from space 324288K,  24% used [0x00007fb67abb0000, 0x00007fb67f98bc70, 0x00007fb68e860000)
  to   space 324288K,   0% used [0x00007fb68e860000, 0x00007fb68e860000, 0x00007fb6a2510000)
 tenured generation   total 6486036K, used 6482546K [0x00007fbb31b50000, 0x00007fbcbd955000, 0x00007fc5dc600000)
   the space 6486036K,  99% used [0x00007fbb31b50000, 0x00007fbcbd5ecb98, 0x00007fbcbd5ecc00, 0x00007fbcbd955000)
 Metaspace       used 24360K, capacity 24784K, committed 25088K, reserved 26624K
}
Event: 2027.609 GC heap before
{Heap before GC invocations=2965 (full 4):
 def new generation   total 2918784K, used 2674223K [0x00007fb5dc600000, 0x00007fb6a2510000, 0x00007fbb31b50000)
  eden space 2594496K, 100% used [0x00007fb5dc600000, 0x00007fb67abb0000, 0x00007fb67abb0000)
  from space 324288K,  24% used [0x00007fb67abb0000, 0x00007fb67f98bc70, 0x00007fb68e860000)
  to   space 324288K,   0% used [0x00007fb68e860000, 0x00007fb68e860000, 0x00007fb6a2510000)
 tenured generation   total 6486036K, used 6482546K [0x00007fbb31b50000, 0x00007fbcbd955000, 0x00007fc5dc600000)
   the space 6486036K,  99% used [0x00007fbb31b50000, 0x00007fbcbd5ecb98, 0x00007fbcbd5ecc00, 0x00007fbcbd955000)
 Metaspace       used 24360K, capacity 24784K, committed 25088K, reserved 26624K
}
Event: 2027.713 GC heap after
{Heap after GC invocations=2966 (full 4):
 def new generation   total 2918784K, used 83806K [0x00007fb5dc600000, 0x00007fb6a2510000, 0x00007fbb31b50000)
  eden space 2594496K,   0% used [0x00007fb5dc600000, 0x00007fb5dc600000, 0x00007fb67abb0000)
  from space 324288K,  25% used [0x00007fb68e860000, 0x00007fb693a37840, 0x00007fb6a2510000)
  to   space 324288K,   0% used [0x00007fb67abb0000, 0x00007fb67abb0000, 0x00007fb68e860000)
 tenured generation   total 6486036K, used 6485742K [0x00007fbb31b50000, 0x00007fbcbd955000, 0x00007fc5dc600000)
   the space 6486036K,  99% used [0x00007fbb31b50000, 0x00007fbcbd90bb10, 0x00007fbcbd90bc00, 0x00007fbcbd955000)
 Metaspace       used 24360K, capacity 24784K, committed 25088K, reserved 26624K
}
Event: 2029.049 GC heap before
{Heap before GC invocations=2966 (full 4):
 def new generation   total 2918784K, used 2678302K [0x00007fb5dc600000, 0x00007fb6a2510000, 0x00007fbb31b50000)
  eden space 2594496K, 100% used [0x00007fb5dc600000, 0x00007fb67abb0000, 0x00007fb67abb0000)
  from space 324288K,  25% used [0x00007fb68e860000, 0x00007fb693a37840, 0x00007fb6a2510000)
  to   space 324288K,   0% used [0x00007fb67abb0000, 0x00007fb67abb0000, 0x00007fb68e860000)
 tenured generation   total 6486036K, used 6485742K [0x00007fbb31b50000, 0x00007fbcbd955000, 0x00007fc5dc600000)
   the space 6486036K,  99% used [0x00007fbb31b50000, 0x00007fbcbd90bb10, 0x00007fbcbd90bc00, 0x00007fbcbd955000)
 Metaspace       used 24360K, capacity 24784K, committed 25088K, reserved 26624K
}
Event: 2029.142 GC heap after
{Heap after GC invocations=2967 (full 4):
 def new generation   total 2918784K, used 83932K [0x00007fb5dc600000, 0x00007fb6a2510000, 0x00007fbb31b50000)
  eden space 2594496K,   0% used [0x00007fb5dc600000, 0x00007fb5dc600000, 0x00007fb67abb0000)
  from space 324288K,  25% used [0x00007fb67abb0000, 0x00007fb67fda7318, 0x00007fb68e860000)
  to   space 324288K,   0% used [0x00007fb68e860000, 0x00007fb68e860000, 0x00007fb6a2510000)
 tenured generation   total 6488916K, used 6488775K [0x00007fbb31b50000, 0x00007fbcbdc25000, 0x00007fc5dc600000)
   the space 6488916K,  99% used [0x00007fbb31b50000, 0x00007fbcbdc01d10, 0x00007fbcbdc01e00, 0x00007fbcbdc25000)
 Metaspace       used 24360K, capacity 24784K, committed 25088K, reserved 26624K
}
Event: 2029.142 GC heap before
{Heap before GC invocations=2967 (full 4):
 def new generation   total 2918784K, used 83932K [0x00007fb5dc600000, 0x00007fb6a2510000, 0x00007fbb31b50000)
  eden space 2594496K,   0% used [0x00007fb5dc600000, 0x00007fb5dc600000, 0x00007fb67abb0000)
  from space 324288K,  25% used [0x00007fb67abb0000, 0x00007fb67fda7318, 0x00007fb68e860000)
  to   space 324288K,   0% used [0x00007fb68e860000, 0x00007fb68e860000, 0x00007fb6a2510000)
 tenured generation   total 6488916K, used 6488775K [0x00007fbb31b50000, 0x00007fbcbdc25000, 0x00007fc5dc600000)
   the space 6488916K,  99% used [0x00007fbb31b50000, 0x00007fbcbdc01d10, 0x00007fbcbdc01e00, 0x00007fbcbdc25000)
 Metaspace       used 24360K, capacity 24784K, committed 25088K, reserved 26624K
}

