# JRE version: OpenJDK Runtime Environment (13.0.7+5) (build 13.0.7+5-Ubuntu-0ubuntu120.04)
# Java VM: OpenJDK 64-Bit Server VM (13.0.7+5-Ubuntu-0ubuntu120.04, mixed mode, tiered, serial gc, linux-amd64)
Heap:
 def new generation   total 12214016K, used 0K [0x00007fa148600000, 0x00007fa484b00000, 0x00007fa69db50000)
  eden space 10856960K,   0% used [0x00007fa148600000, 0x00007fa148600000, 0x00007fa3df080000)
  from space 1357056K,   0% used [0x00007fa431dc0000, 0x00007fa431dc0000, 0x00007fa484b00000)
  to   space 1357056K,   0% used [0x00007fa3df080000, 0x00007fa3df080000, 0x00007fa431dc0000)
 tenured generation   total 27781584K, used 26823700K [0x00007fa69db50000, 0x00007fad3d5c4000, 0x00007fb148600000)
   the space 27781584K,  96% used [0x00007fa69db50000, 0x00007fad02e55318, 0x00007fad02e55400, 0x00007fad3d5c4000)
 Metaspace       used 31407K, capacity 31805K, committed 32000K, reserved 32768K
GC Heap History (20 events):
Event: 1873.169 GC heap after
{Heap after GC invocations=326 (full 19):
 def new generation   total 12214016K, used 813549K [0x00007fa148600000, 0x00007fa484b00000, 0x00007fa69db50000)
  eden space 10856960K,   0% used [0x00007fa148600000, 0x00007fa148600000, 0x00007fa3df080000)
  from space 1357056K,  59% used [0x00007fa3df080000, 0x00007fa410afb6c8, 0x00007fa431dc0000)
  to   space 1357056K,   0% used [0x00007fa431dc0000, 0x00007fa431dc0000, 0x00007fa484b00000)
 tenured generation   total 27142032K, used 20328474K [0x00007fa69db50000, 0x00007fad16534000, 0x00007fb148600000)
   the space 27142032K,  74% used [0x00007fa69db50000, 0x00007fab767568b8, 0x00007fab76756a00, 0x00007fad16534000)
 Metaspace       used 31407K, capacity 31805K, committed 32000K, reserved 32768K
}
Event: 1875.864 GC heap before
{Heap before GC invocations=326 (full 19):
 def new generation   total 12214016K, used 11670509K [0x00007fa148600000, 0x00007fa484b00000, 0x00007fa69db50000)
  eden space 10856960K, 100% used [0x00007fa148600000, 0x00007fa3df080000, 0x00007fa3df080000)
  from space 1357056K,  59% used [0x00007fa3df080000, 0x00007fa410afb6c8, 0x00007fa431dc0000)
  to   space 1357056K,   0% used [0x00007fa431dc0000, 0x00007fa431dc0000, 0x00007fa484b00000)
 tenured generation   total 27142032K, used 20328474K [0x00007fa69db50000, 0x00007fad16534000, 0x00007fb148600000)
   the space 27142032K,  74% used [0x00007fa69db50000, 0x00007fab767568b8, 0x00007fab76756a00, 0x00007fad16534000)
 Metaspace       used 31407K, capacity 31805K, committed 32000K, reserved 32768K
}
Event: 1878.206 GC heap after
{Heap after GC invocations=327 (full 19):
 def new generation   total 12214016K, used 814491K [0x00007fa148600000, 0x00007fa484b00000, 0x00007fa69db50000)
  eden space 10856960K,   0% used [0x00007fa148600000, 0x00007fa148600000, 0x00007fa3df080000)
  from space 1357056K,  60% used [0x00007fa431dc0000, 0x00007fa463926dd0, 0x00007fa484b00000)
  to   space 1357056K,   0% used [0x00007fa3df080000, 0x00007fa3df080000, 0x00007fa431dc0000)
 tenured generation   total 27142032K, used 21142023K [0x00007fa69db50000, 0x00007fad16534000, 0x00007fb148600000)
   the space 27142032K,  77% used [0x00007fa69db50000, 0x00007faba81d1cb0, 0x00007faba81d1e00, 0x00007fad16534000)
 Metaspace       used 31407K, capacity 31805K, committed 32000K, reserved 32768K
}
Event: 1880.868 GC heap before
{Heap before GC invocations=327 (full 19):
 def new generation   total 12214016K, used 11671451K [0x00007fa148600000, 0x00007fa484b00000, 0x00007fa69db50000)
  eden space 10856960K, 100% used [0x00007fa148600000, 0x00007fa3df080000, 0x00007fa3df080000)
  from space 1357056K,  60% used [0x00007fa431dc0000, 0x00007fa463926dd0, 0x00007fa484b00000)
  to   space 1357056K,   0% used [0x00007fa3df080000, 0x00007fa3df080000, 0x00007fa431dc0000)
 tenured generation   total 27142032K, used 21142023K [0x00007fa69db50000, 0x00007fad16534000, 0x00007fb148600000)
   the space 27142032K,  77% used [0x00007fa69db50000, 0x00007faba81d1cb0, 0x00007faba81d1e00, 0x00007fad16534000)
 Metaspace       used 31407K, capacity 31805K, committed 32000K, reserved 32768K
}
Event: 1883.207 GC heap after
{Heap after GC invocations=328 (full 19):
 def new generation   total 12214016K, used 820141K [0x00007fa148600000, 0x00007fa484b00000, 0x00007fa69db50000)
  eden space 10856960K,   0% used [0x00007fa148600000, 0x00007fa148600000, 0x00007fa3df080000)
  from space 1357056K,  60% used [0x00007fa3df080000, 0x00007fa41116b630, 0x00007fa431dc0000)
  to   space 1357056K,   0% used [0x00007fa431dc0000, 0x00007fa431dc0000, 0x00007fa484b00000)
 tenured generation   total 27142032K, used 21956514K [0x00007fa69db50000, 0x00007fad16534000, 0x00007fb148600000)
   the space 27142032K,  80% used [0x00007fa69db50000, 0x00007fabd9d389c0, 0x00007fabd9d38a00, 0x00007fad16534000)
 Metaspace       used 31407K, capacity 31805K, committed 32000K, reserved 32768K
}
Event: 1886.252 GC heap before
{Heap before GC invocations=328 (full 19):
 def new generation   total 12214016K, used 11677101K [0x00007fa148600000, 0x00007fa484b00000, 0x00007fa69db50000)
  eden space 10856960K, 100% used [0x00007fa148600000, 0x00007fa3df080000, 0x00007fa3df080000)
  from space 1357056K,  60% used [0x00007fa3df080000, 0x00007fa41116b630, 0x00007fa431dc0000)
  to   space 1357056K,   0% used [0x00007fa431dc0000, 0x00007fa431dc0000, 0x00007fa484b00000)
 tenured generation   total 27142032K, used 21956514K [0x00007fa69db50000, 0x00007fad16534000, 0x00007fb148600000)
   the space 27142032K,  80% used [0x00007fa69db50000, 0x00007fabd9d389c0, 0x00007fabd9d38a00, 0x00007fad16534000)
 Metaspace       used 31407K, capacity 31805K, committed 32000K, reserved 32768K
}
Event: 1888.911 GC heap after
{Heap after GC invocations=329 (full 19):
 def new generation   total 12214016K, used 971612K [0x00007fa148600000, 0x00007fa484b00000, 0x00007fa69db50000)
  eden space 10856960K,   0% used [0x00007fa148600000, 0x00007fa148600000, 0x00007fa3df080000)
  from space 1357056K,  71% used [0x00007fa431dc0000, 0x00007fa46d297090, 0x00007fa484b00000)
  to   space 1357056K,   0% used [0x00007fa3df080000, 0x00007fa3df080000, 0x00007fa431dc0000)
 tenured generation   total 27142032K, used 22776655K [0x00007fa69db50000, 0x00007fad16534000, 0x00007fb148600000)
   the space 27142032K,  83% used [0x00007fa69db50000, 0x00007fac0be23db0, 0x00007fac0be23e00, 0x00007fad16534000)
 Metaspace       used 31407K, capacity 31805K, committed 32000K, reserved 32768K
}
Event: 1891.980 GC heap before
{Heap before GC invocations=329 (full 19):
 def new generation   total 12214016K, used 11828572K [0x00007fa148600000, 0x00007fa484b00000, 0x00007fa69db50000)
  eden space 10856960K, 100% used [0x00007fa148600000, 0x00007fa3df080000, 0x00007fa3df080000)
  from space 1357056K,  71% used [0x00007fa431dc0000, 0x00007fa46d297090, 0x00007fa484b00000)
  to   space 1357056K,   0% used [0x00007fa3df080000, 0x00007fa3df080000, 0x00007fa431dc0000)
 tenured generation   total 27142032K, used 22776655K [0x00007fa69db50000, 0x00007fad16534000, 0x00007fb148600000)
   the space 27142032K,  83% used [0x00007fa69db50000, 0x00007fac0be23db0, 0x00007fac0be23e00, 0x00007fad16534000)
 Metaspace       used 31407K, capacity 31805K, committed 32000K, reserved 32768K
}
Event: 1894.541 GC heap after
{Heap after GC invocations=330 (full 19):
 def new generation   total 12214016K, used 802820K [0x00007fa148600000, 0x00007fa484b00000, 0x00007fa69db50000)
  eden space 10856960K,   0% used [0x00007fa148600000, 0x00007fa148600000, 0x00007fa3df080000)
  from space 1357056K,  59% used [0x00007fa3df080000, 0x00007fa410081210, 0x00007fa431dc0000)
  to   space 1357056K,   0% used [0x00007fa431dc0000, 0x00007fa431dc0000, 0x00007fa484b00000)
 tenured generation   total 27142032K, used 23748266K [0x00007fa69db50000, 0x00007fad16534000, 0x00007fb148600000)
   the space 27142032K,  87% used [0x00007fa69db50000, 0x00007fac472fa920, 0x00007fac472faa00, 0x00007fad16534000)
 Metaspace       used 31407K, capacity 31805K, committed 32000K, reserved 32768K
}
Event: 1897.802 GC heap before
{Heap before GC invocations=330 (full 19):
 def new generation   total 12214016K, used 11659780K [0x00007fa148600000, 0x00007fa484b00000, 0x00007fa69db50000)
  eden space 10856960K, 100% used [0x00007fa148600000, 0x00007fa3df080000, 0x00007fa3df080000)
  from space 1357056K,  59% used [0x00007fa3df080000, 0x00007fa410081210, 0x00007fa431dc0000)
  to   space 1357056K,   0% used [0x00007fa431dc0000, 0x00007fa431dc0000, 0x00007fa484b00000)
 tenured generation   total 27142032K, used 23748266K [0x00007fa69db50000, 0x00007fad16534000, 0x00007fb148600000)
   the space 27142032K,  87% used [0x00007fa69db50000, 0x00007fac472fa920, 0x00007fac472faa00, 0x00007fad16534000)
 Metaspace       used 31407K, capacity 31805K, committed 32000K, reserved 32768K
}
Event: 1900.315 GC heap after
{Heap after GC invocations=331 (full 19):
 def new generation   total 12214016K, used 802297K [0x00007fa148600000, 0x00007fa484b00000, 0x00007fa69db50000)
  eden space 10856960K,   0% used [0x00007fa148600000, 0x00007fa148600000, 0x00007fa3df080000)
  from space 1357056K,  59% used [0x00007fa431dc0000, 0x00007fa462d3e5c0, 0x00007fa484b00000)
  to   space 1357056K,   0% used [0x00007fa3df080000, 0x00007fa3df080000, 0x00007fa431dc0000)
 tenured generation   total 27142032K, used 24551086K [0x00007fa69db50000, 0x00007fad16534000, 0x00007fb148600000)
   the space 27142032K,  90% used [0x00007fa69db50000, 0x00007fac782fb990, 0x00007fac782fba00, 0x00007fad16534000)
 Metaspace       used 31407K, capacity 31805K, committed 32000K, reserved 32768K
}
Event: 1903.295 GC heap before
{Heap before GC invocations=331 (full 19):
 def new generation   total 12214016K, used 11659257K [0x00007fa148600000, 0x00007fa484b00000, 0x00007fa69db50000)
  eden space 10856960K, 100% used [0x00007fa148600000, 0x00007fa3df080000, 0x00007fa3df080000)
  from space 1357056K,  59% used [0x00007fa431dc0000, 0x00007fa462d3e5c0, 0x00007fa484b00000)
  to   space 1357056K,   0% used [0x00007fa3df080000, 0x00007fa3df080000, 0x00007fa431dc0000)
 tenured generation   total 27142032K, used 24551086K [0x00007fa69db50000, 0x00007fad16534000, 0x00007fb148600000)
   the space 27142032K,  90% used [0x00007fa69db50000, 0x00007fac782fb990, 0x00007fac782fba00, 0x00007fad16534000)
 Metaspace       used 31407K, capacity 31805K, committed 32000K, reserved 32768K
}
Event: 1905.794 GC heap after
{Heap after GC invocations=332 (full 19):
 def new generation   total 12214016K, used 805540K [0x00007fa148600000, 0x00007fa484b00000, 0x00007fa69db50000)
  eden space 10856960K,   0% used [0x00007fa148600000, 0x00007fa148600000, 0x00007fa3df080000)
  from space 1357056K,  59% used [0x00007fa3df080000, 0x00007fa4103293c0, 0x00007fa431dc0000)
  to   space 1357056K,   0% used [0x00007fa431dc0000, 0x00007fa431dc0000, 0x00007fa484b00000)
 tenured generation   total 27142032K, used 25353382K [0x00007fa69db50000, 0x00007fad16534000, 0x00007fb148600000)
   the space 27142032K,  93% used [0x00007fa69db50000, 0x00007faca9279bc0, 0x00007faca9279c00, 0x00007fad16534000)
 Metaspace       used 31407K, capacity 31805K, committed 32000K, reserved 32768K
}
Event: 1908.871 GC heap before
{Heap before GC invocations=332 (full 19):
 def new generation   total 12214016K, used 11662500K [0x00007fa148600000, 0x00007fa484b00000, 0x00007fa69db50000)
  eden space 10856960K, 100% used [0x00007fa148600000, 0x00007fa3df080000, 0x00007fa3df080000)
  from space 1357056K,  59% used [0x00007fa3df080000, 0x00007fa4103293c0, 0x00007fa431dc0000)
  to   space 1357056K,   0% used [0x00007fa431dc0000, 0x00007fa431dc0000, 0x00007fa484b00000)
 tenured generation   total 27142032K, used 25353382K [0x00007fa69db50000, 0x00007fad16534000, 0x00007fb148600000)
   the space 27142032K,  93% used [0x00007fa69db50000, 0x00007faca9279bc0, 0x00007faca9279c00, 0x00007fad16534000)
 Metaspace       used 31407K, capacity 31805K, committed 32000K, reserved 32768K
}
Event: 1911.241 GC heap after
{Heap after GC invocations=333 (full 19):
 def new generation   total 12214016K, used 809346K [0x00007fa148600000, 0x00007fa484b00000, 0x00007fa69db50000)
  eden space 10856960K,   0% used [0x00007fa148600000, 0x00007fa148600000, 0x00007fa3df080000)
  from space 1357056K,  59% used [0x00007fa431dc0000, 0x00007fa463420990, 0x00007fa484b00000)
  to   space 1357056K,   0% used [0x00007fa3df080000, 0x00007fa3df080000, 0x00007fa431dc0000)
 tenured generation   total 27142032K, used 26158923K [0x00007fa69db50000, 0x00007fad16534000, 0x00007fb148600000)
   the space 27142032K,  96% used [0x00007fa69db50000, 0x00007facda522c40, 0x00007facda522e00, 0x00007fad16534000)
 Metaspace       used 31407K, capacity 31805K, committed 32000K, reserved 32768K
}
Event: 1913.975 GC heap before
{Heap before GC invocations=333 (full 19):
 def new generation   total 12214016K, used 11666306K [0x00007fa148600000, 0x00007fa484b00000, 0x00007fa69db50000)
  eden space 10856960K, 100% used [0x00007fa148600000, 0x00007fa3df080000, 0x00007fa3df080000)
  from space 1357056K,  59% used [0x00007fa431dc0000, 0x00007fa463420990, 0x00007fa484b00000)
  to   space 1357056K,   0% used [0x00007fa3df080000, 0x00007fa3df080000, 0x00007fa431dc0000)
 tenured generation   total 27142032K, used 26158923K [0x00007fa69db50000, 0x00007fad16534000, 0x00007fb148600000)
   the space 27142032K,  96% used [0x00007fa69db50000, 0x00007facda522c40, 0x00007facda522e00, 0x00007fad16534000)
 Metaspace       used 31407K, capacity 31805K, committed 32000K, reserved 32768K
}
Event: 1916.585 GC heap after
{Heap after GC invocations=334 (full 19):
 def new generation   total 12214016K, used 813192K [0x00007fa148600000, 0x00007fa484b00000, 0x00007fa69db50000)
  eden space 10856960K,   0% used [0x00007fa148600000, 0x00007fa148600000, 0x00007fa3df080000)
  from space 1357056K,  59% used [0x00007fa3df080000, 0x00007fa410aa2040, 0x00007fa431dc0000)
  to   space 1357056K,   0% used [0x00007fa431dc0000, 0x00007fa431dc0000, 0x00007fa484b00000)
 tenured generation   total 27142032K, used 26968269K [0x00007fa69db50000, 0x00007fad16534000, 0x00007fb148600000)
   the space 27142032K,  99% used [0x00007fa69db50000, 0x00007fad0bb83540, 0x00007fad0bb83600, 0x00007fad16534000)
 Metaspace       used 31407K, capacity 31805K, committed 32000K, reserved 32768K
}
Event: 1919.308 GC heap before
{Heap before GC invocations=334 (full 19):
 def new generation   total 12214016K, used 11670152K [0x00007fa148600000, 0x00007fa484b00000, 0x00007fa69db50000)
  eden space 10856960K, 100% used [0x00007fa148600000, 0x00007fa3df080000, 0x00007fa3df080000)
  from space 1357056K,  59% used [0x00007fa3df080000, 0x00007fa410aa2040, 0x00007fa431dc0000)
  to   space 1357056K,   0% used [0x00007fa431dc0000, 0x00007fa431dc0000, 0x00007fa484b00000)
 tenured generation   total 27142032K, used 26968269K [0x00007fa69db50000, 0x00007fad16534000, 0x00007fb148600000)
   the space 27142032K,  99% used [0x00007fa69db50000, 0x00007fad0bb83540, 0x00007fad0bb83600, 0x00007fad16534000)
 Metaspace       used 31407K, capacity 31805K, committed 32000K, reserved 32768K
}
Event: 1921.728 GC heap after
{Heap after GC invocations=335 (full 19):
 def new generation   total 12214016K, used 811118K [0x00007fa148600000, 0x00007fa484b00000, 0x00007fa69db50000)
  eden space 10856960K,   0% used [0x00007fa148600000, 0x00007fa148600000, 0x00007fa3df080000)
  from space 1357056K,  59% used [0x00007fa431dc0000, 0x00007fa4635db800, 0x00007fa484b00000)
  to   space 1357056K,   0% used [0x00007fa3df080000, 0x00007fa3df080000, 0x00007fa431dc0000)
 tenured generation   total 27781584K, used 27781461K [0x00007fa69db50000, 0x00007fad3d5c4000, 0x00007fb148600000)
   the space 27781584K,  99% used [0x00007fa69db50000, 0x00007fad3d5a5450, 0x00007fad3d5a5600, 0x00007fad3d5c4000)
 Metaspace       used 31407K, capacity 31805K, committed 32000K, reserved 32768K
}
Event: 1921.728 GC heap before
{Heap before GC invocations=335 (full 19):
 def new generation   total 12214016K, used 811118K [0x00007fa148600000, 0x00007fa484b00000, 0x00007fa69db50000)
  eden space 10856960K,   0% used [0x00007fa148600000, 0x00007fa148600000, 0x00007fa3df080000)
  from space 1357056K,  59% used [0x00007fa431dc0000, 0x00007fa4635db800, 0x00007fa484b00000)
  to   space 1357056K,   0% used [0x00007fa3df080000, 0x00007fa3df080000, 0x00007fa431dc0000)
 tenured generation   total 27781584K, used 27781461K [0x00007fa69db50000, 0x00007fad3d5c4000, 0x00007fb148600000)
   the space 27781584K,  99% used [0x00007fa69db50000, 0x00007fad3d5a5450, 0x00007fad3d5a5600, 0x00007fad3d5c4000)
 Metaspace       used 31407K, capacity 31805K, committed 32000K, reserved 32768K
}

