# JRE version: OpenJDK Runtime Environment (13.0.7+5) (build 13.0.7+5-Ubuntu-0ubuntu120.04)
# Java VM: OpenJDK 64-Bit Server VM (13.0.7+5-Ubuntu-0ubuntu120.04, mixed mode, tiered, serial gc, linux-amd64)
Heap:
 def new generation   total 1584512K, used 71399K [0x00007f9894600000, 0x00007f98ffd40000, 0x00007f9de9b50000)
  eden space 1408512K,   5% used [0x00007f9894600000, 0x00007f9898bb9f30, 0x00007f98ea580000)
  from space 176000K,   0% used [0x00007f98ea580000, 0x00007f98ea580000, 0x00007f98f5160000)
  to   space 176000K,   0% used [0x00007f98f5160000, 0x00007f98f5160000, 0x00007f98ffd40000)
 tenured generation   total 3537356K, used 3536590K [0x00007f9de9b50000, 0x00007f9ec19c3000, 0x00007fa894600000)
   the space 3537356K,  99% used [0x00007f9de9b50000, 0x00007f9ec1903a50, 0x00007f9ec1903c00, 0x00007f9ec19c3000)
 Metaspace       used 24240K, capacity 24642K, committed 24832K, reserved 26624K
GC Heap History (20 events):
Event: 1183.167 GC heap after
{Heap after GC invocations=1254 (full 5):
 def new generation   total 1584512K, used 68317K [0x00007f9894600000, 0x00007f98ffd40000, 0x00007f9de9b50000)
  eden space 1408512K,   0% used [0x00007f9894600000, 0x00007f9894600000, 0x00007f98ea580000)
  from space 176000K,  38% used [0x00007f98f5160000, 0x00007f98f9417570, 0x00007f98ffd40000)
  to   space 176000K,   0% used [0x00007f98ea580000, 0x00007f98ea580000, 0x00007f98f5160000)
 tenured generation   total 3520968K, used 3472860K [0x00007f9de9b50000, 0x00007f9ec09c2000, 0x00007fa894600000)
   the space 3520968K,  98% used [0x00007f9de9b50000, 0x00007f9ebdac7098, 0x00007f9ebdac7200, 0x00007f9ec09c2000)
 Metaspace       used 24240K, capacity 24642K, committed 24832K, reserved 26624K
}
Event: 1184.952 GC heap before
{Heap before GC invocations=1254 (full 5):
 def new generation   total 1584512K, used 1462114K [0x00007f9894600000, 0x00007f98ffd40000, 0x00007f9de9b50000)
  eden space 1408512K,  98% used [0x00007f9894600000, 0x00007f98e9721368, 0x00007f98ea580000)
  from space 176000K,  38% used [0x00007f98f5160000, 0x00007f98f9417570, 0x00007f98ffd40000)
  to   space 176000K,   0% used [0x00007f98ea580000, 0x00007f98ea580000, 0x00007f98f5160000)
 tenured generation   total 3520968K, used 3472860K [0x00007f9de9b50000, 0x00007f9ec09c2000, 0x00007fa894600000)
   the space 3520968K,  98% used [0x00007f9de9b50000, 0x00007f9ebdac7098, 0x00007f9ebdac7200, 0x00007f9ec09c2000)
 Metaspace       used 24240K, capacity 24642K, committed 24832K, reserved 26624K
}
Event: 1185.023 GC heap after
{Heap after GC invocations=1255 (full 5):
 def new generation   total 1584512K, used 76569K [0x00007f9894600000, 0x00007f98ffd40000, 0x00007f9de9b50000)
  eden space 1408512K,   0% used [0x00007f9894600000, 0x00007f9894600000, 0x00007f98ea580000)
  from space 176000K,  43% used [0x00007f98ea580000, 0x00007f98ef046500, 0x00007f98f5160000)
  to   space 176000K,   0% used [0x00007f98f5160000, 0x00007f98f5160000, 0x00007f98ffd40000)
 tenured generation   total 3520968K, used 3472860K [0x00007f9de9b50000, 0x00007f9ec09c2000, 0x00007fa894600000)
   the space 3520968K,  98% used [0x00007f9de9b50000, 0x00007f9ebdac7098, 0x00007f9ebdac7200, 0x00007f9ec09c2000)
 Metaspace       used 24240K, capacity 24642K, committed 24832K, reserved 26624K
}
Event: 1186.804 GC heap before
{Heap before GC invocations=1255 (full 5):
 def new generation   total 1584512K, used 1485081K [0x00007f9894600000, 0x00007f98ffd40000, 0x00007f9de9b50000)
  eden space 1408512K, 100% used [0x00007f9894600000, 0x00007f98ea580000, 0x00007f98ea580000)
  from space 176000K,  43% used [0x00007f98ea580000, 0x00007f98ef046500, 0x00007f98f5160000)
  to   space 176000K,   0% used [0x00007f98f5160000, 0x00007f98f5160000, 0x00007f98ffd40000)
 tenured generation   total 3520968K, used 3472860K [0x00007f9de9b50000, 0x00007f9ec09c2000, 0x00007fa894600000)
   the space 3520968K,  98% used [0x00007f9de9b50000, 0x00007f9ebdac7098, 0x00007f9ebdac7200, 0x00007f9ec09c2000)
 Metaspace       used 24240K, capacity 24642K, committed 24832K, reserved 26624K
}
Event: 1186.870 GC heap after
{Heap after GC invocations=1256 (full 5):
 def new generation   total 1584512K, used 84781K [0x00007f9894600000, 0x00007f98ffd40000, 0x00007f9de9b50000)
  eden space 1408512K,   0% used [0x00007f9894600000, 0x00007f9894600000, 0x00007f98ea580000)
  from space 176000K,  48% used [0x00007f98f5160000, 0x00007f98fa42b4b0, 0x00007f98ffd40000)
  to   space 176000K,   0% used [0x00007f98ea580000, 0x00007f98ea580000, 0x00007f98f5160000)
 tenured generation   total 3520968K, used 3472860K [0x00007f9de9b50000, 0x00007f9ec09c2000, 0x00007fa894600000)
   the space 3520968K,  98% used [0x00007f9de9b50000, 0x00007f9ebdac7098, 0x00007f9ebdac7200, 0x00007f9ec09c2000)
 Metaspace       used 24240K, capacity 24642K, committed 24832K, reserved 26624K
}
Event: 1188.510 GC heap before
{Heap before GC invocations=1256 (full 5):
 def new generation   total 1584512K, used 1493293K [0x00007f9894600000, 0x00007f98ffd40000, 0x00007f9de9b50000)
  eden space 1408512K, 100% used [0x00007f9894600000, 0x00007f98ea580000, 0x00007f98ea580000)
  from space 176000K,  48% used [0x00007f98f5160000, 0x00007f98fa42b4b0, 0x00007f98ffd40000)
  to   space 176000K,   0% used [0x00007f98ea580000, 0x00007f98ea580000, 0x00007f98f5160000)
 tenured generation   total 3520968K, used 3472860K [0x00007f9de9b50000, 0x00007f9ec09c2000, 0x00007fa894600000)
   the space 3520968K,  98% used [0x00007f9de9b50000, 0x00007f9ebdac7098, 0x00007f9ebdac7200, 0x00007f9ec09c2000)
 Metaspace       used 24240K, capacity 24642K, committed 24832K, reserved 26624K
}
Event: 1188.574 GC heap after
{Heap after GC invocations=1257 (full 5):
 def new generation   total 1584512K, used 89419K [0x00007f9894600000, 0x00007f98ffd40000, 0x00007f9de9b50000)
  eden space 1408512K,   0% used [0x00007f9894600000, 0x00007f9894600000, 0x00007f98ea580000)
  from space 176000K,  50% used [0x00007f98ea580000, 0x00007f98efcd2ed8, 0x00007f98f5160000)
  to   space 176000K,   0% used [0x00007f98f5160000, 0x00007f98f5160000, 0x00007f98ffd40000)
 tenured generation   total 3520968K, used 3472860K [0x00007f9de9b50000, 0x00007f9ec09c2000, 0x00007fa894600000)
   the space 3520968K,  98% used [0x00007f9de9b50000, 0x00007f9ebdac7098, 0x00007f9ebdac7200, 0x00007f9ec09c2000)
 Metaspace       used 24240K, capacity 24642K, committed 24832K, reserved 26624K
}
Event: 1190.461 GC heap before
{Heap before GC invocations=1257 (full 5):
 def new generation   total 1584512K, used 1484616K [0x00007f9894600000, 0x00007f98ffd40000, 0x00007f9de9b50000)
  eden space 1408512K,  99% used [0x00007f9894600000, 0x00007f98e987f430, 0x00007f98ea580000)
  from space 176000K,  50% used [0x00007f98ea580000, 0x00007f98efcd2ed8, 0x00007f98f5160000)
  to   space 176000K,   0% used [0x00007f98f5160000, 0x00007f98f5160000, 0x00007f98ffd40000)
 tenured generation   total 3520968K, used 3472860K [0x00007f9de9b50000, 0x00007f9ec09c2000, 0x00007fa894600000)
   the space 3520968K,  98% used [0x00007f9de9b50000, 0x00007f9ebdac7098, 0x00007f9ebdac7200, 0x00007f9ec09c2000)
 Metaspace       used 24240K, capacity 24642K, committed 24832K, reserved 26624K
}
Event: 1190.567 GC heap after
{Heap after GC invocations=1258 (full 5):
 def new generation   total 1584512K, used 99141K [0x00007f9894600000, 0x00007f98ffd40000, 0x00007f9de9b50000)
  eden space 1408512K,   0% used [0x00007f9894600000, 0x00007f9894600000, 0x00007f98ea580000)
  from space 176000K,  56% used [0x00007f98f5160000, 0x00007f98fb2315f8, 0x00007f98ffd40000)
  to   space 176000K,   0% used [0x00007f98ea580000, 0x00007f98ea580000, 0x00007f98f5160000)
 tenured generation   total 3520968K, used 3489818K [0x00007f9de9b50000, 0x00007f9ec09c2000, 0x00007fa894600000)
   the space 3520968K,  99% used [0x00007f9de9b50000, 0x00007f9ebeb56af0, 0x00007f9ebeb56c00, 0x00007f9ec09c2000)
 Metaspace       used 24240K, capacity 24642K, committed 24832K, reserved 26624K
}
Event: 1192.046 GC heap before
{Heap before GC invocations=1258 (full 5):
 def new generation   total 1584512K, used 1507653K [0x00007f9894600000, 0x00007f98ffd40000, 0x00007f9de9b50000)
  eden space 1408512K, 100% used [0x00007f9894600000, 0x00007f98ea580000, 0x00007f98ea580000)
  from space 176000K,  56% used [0x00007f98f5160000, 0x00007f98fb2315f8, 0x00007f98ffd40000)
  to   space 176000K,   0% used [0x00007f98ea580000, 0x00007f98ea580000, 0x00007f98f5160000)
 tenured generation   total 3520968K, used 3489818K [0x00007f9de9b50000, 0x00007f9ec09c2000, 0x00007fa894600000)
   the space 3520968K,  99% used [0x00007f9de9b50000, 0x00007f9ebeb56af0, 0x00007f9ebeb56c00, 0x00007f9ec09c2000)
 Metaspace       used 24240K, capacity 24642K, committed 24832K, reserved 26624K
}
Event: 1192.110 GC heap after
{Heap after GC invocations=1259 (full 5):
 def new generation   total 1584512K, used 50880K [0x00007f9894600000, 0x00007f98ffd40000, 0x00007f9de9b50000)
  eden space 1408512K,   0% used [0x00007f9894600000, 0x00007f9894600000, 0x00007f98ea580000)
  from space 176000K,  28% used [0x00007f98ea580000, 0x00007f98ed7301d8, 0x00007f98f5160000)
  to   space 176000K,   0% used [0x00007f98f5160000, 0x00007f98f5160000, 0x00007f98ffd40000)
 tenured generation   total 3520968K, used 3506777K [0x00007f9de9b50000, 0x00007f9ec09c2000, 0x00007fa894600000)
   the space 3520968K,  99% used [0x00007f9de9b50000, 0x00007f9ebfbe6548, 0x00007f9ebfbe6600, 0x00007f9ec09c2000)
 Metaspace       used 24240K, capacity 24642K, committed 24832K, reserved 26624K
}
Event: 1194.086 GC heap before
{Heap before GC invocations=1259 (full 5):
 def new generation   total 1584512K, used 1458690K [0x00007f9894600000, 0x00007f98ffd40000, 0x00007f9de9b50000)
  eden space 1408512K,  99% used [0x00007f9894600000, 0x00007f98ea4d0750, 0x00007f98ea580000)
  from space 176000K,  28% used [0x00007f98ea580000, 0x00007f98ed7301d8, 0x00007f98f5160000)
  to   space 176000K,   0% used [0x00007f98f5160000, 0x00007f98f5160000, 0x00007f98ffd40000)
 tenured generation   total 3520968K, used 3506777K [0x00007f9de9b50000, 0x00007f9ec09c2000, 0x00007fa894600000)
   the space 3520968K,  99% used [0x00007f9de9b50000, 0x00007f9ebfbe6548, 0x00007f9ebfbe6600, 0x00007f9ec09c2000)
 Metaspace       used 24240K, capacity 24642K, committed 24832K, reserved 26624K
}
Event: 1194.153 GC heap after
{Heap after GC invocations=1260 (full 5):
 def new generation   total 1584512K, used 79643K [0x00007f9894600000, 0x00007f98ffd40000, 0x00007f9de9b50000)
  eden space 1408512K,   0% used [0x00007f9894600000, 0x00007f9894600000, 0x00007f98ea580000)
  from space 176000K,  45% used [0x00007f98f5160000, 0x00007f98f9f26f78, 0x00007f98ffd40000)
  to   space 176000K,   0% used [0x00007f98ea580000, 0x00007f98ea580000, 0x00007f98f5160000)
 tenured generation   total 3520968K, used 3506777K [0x00007f9de9b50000, 0x00007f9ec09c2000, 0x00007fa894600000)
   the space 3520968K,  99% used [0x00007f9de9b50000, 0x00007f9ebfbe6548, 0x00007f9ebfbe6600, 0x00007f9ec09c2000)
 Metaspace       used 24240K, capacity 24642K, committed 24832K, reserved 26624K
}
Event: 1195.780 GC heap before
{Heap before GC invocations=1260 (full 5):
 def new generation   total 1584512K, used 1488155K [0x00007f9894600000, 0x00007f98ffd40000, 0x00007f9de9b50000)
  eden space 1408512K, 100% used [0x00007f9894600000, 0x00007f98ea580000, 0x00007f98ea580000)
  from space 176000K,  45% used [0x00007f98f5160000, 0x00007f98f9f26f78, 0x00007f98ffd40000)
  to   space 176000K,   0% used [0x00007f98ea580000, 0x00007f98ea580000, 0x00007f98f5160000)
 tenured generation   total 3520968K, used 3506777K [0x00007f9de9b50000, 0x00007f9ec09c2000, 0x00007fa894600000)
   the space 3520968K,  99% used [0x00007f9de9b50000, 0x00007f9ebfbe6548, 0x00007f9ebfbe6600, 0x00007f9ec09c2000)
 Metaspace       used 24240K, capacity 24642K, committed 24832K, reserved 26624K
}
Event: 1195.851 GC heap after
{Heap after GC invocations=1261 (full 5):
 def new generation   total 1584512K, used 85276K [0x00007f9894600000, 0x00007f98ffd40000, 0x00007f9de9b50000)
  eden space 1408512K,   0% used [0x00007f9894600000, 0x00007f9894600000, 0x00007f98ea580000)
  from space 176000K,  48% used [0x00007f98ea580000, 0x00007f98ef8c70b0, 0x00007f98f5160000)
  to   space 176000K,   0% used [0x00007f98f5160000, 0x00007f98f5160000, 0x00007f98ffd40000)
 tenured generation   total 3520968K, used 3506777K [0x00007f9de9b50000, 0x00007f9ec09c2000, 0x00007fa894600000)
   the space 3520968K,  99% used [0x00007f9de9b50000, 0x00007f9ebfbe6548, 0x00007f9ebfbe6600, 0x00007f9ec09c2000)
 Metaspace       used 24240K, capacity 24642K, committed 24832K, reserved 26624K
}
Event: 1197.663 GC heap before
{Heap before GC invocations=1261 (full 5):
 def new generation   total 1584512K, used 1491707K [0x00007f9894600000, 0x00007f98ffd40000, 0x00007f9de9b50000)
  eden space 1408512K,  99% used [0x00007f9894600000, 0x00007f98ea377ba0, 0x00007f98ea580000)
  from space 176000K,  48% used [0x00007f98ea580000, 0x00007f98ef8c70b0, 0x00007f98f5160000)
  to   space 176000K,   0% used [0x00007f98f5160000, 0x00007f98f5160000, 0x00007f98ffd40000)
 tenured generation   total 3520968K, used 3506777K [0x00007f9de9b50000, 0x00007f9ec09c2000, 0x00007fa894600000)
   the space 3520968K,  99% used [0x00007f9de9b50000, 0x00007f9ebfbe6548, 0x00007f9ebfbe6600, 0x00007f9ec09c2000)
 Metaspace       used 24240K, capacity 24642K, committed 24832K, reserved 26624K
}
Event: 1197.748 GC heap after
{Heap after GC invocations=1262 (full 5):
 def new generation   total 1584512K, used 92498K [0x00007f9894600000, 0x00007f98ffd40000, 0x00007f9de9b50000)
  eden space 1408512K,   0% used [0x00007f9894600000, 0x00007f9894600000, 0x00007f98ea580000)
  from space 176000K,  52% used [0x00007f98f5160000, 0x00007f98fabb49d8, 0x00007f98ffd40000)
  to   space 176000K,   0% used [0x00007f98ea580000, 0x00007f98ea580000, 0x00007f98f5160000)
 tenured generation   total 3520968K, used 3506777K [0x00007f9de9b50000, 0x00007f9ec09c2000, 0x00007fa894600000)
   the space 3520968K,  99% used [0x00007f9de9b50000, 0x00007f9ebfbe6548, 0x00007f9ebfbe6600, 0x00007f9ec09c2000)
 Metaspace       used 24240K, capacity 24642K, committed 24832K, reserved 26624K
}
Event: 1199.565 GC heap before
{Heap before GC invocations=1262 (full 5):
 def new generation   total 1584512K, used 1501010K [0x00007f9894600000, 0x00007f98ffd40000, 0x00007f9de9b50000)
  eden space 1408512K, 100% used [0x00007f9894600000, 0x00007f98ea580000, 0x00007f98ea580000)
  from space 176000K,  52% used [0x00007f98f5160000, 0x00007f98fabb49d8, 0x00007f98ffd40000)
  to   space 176000K,   0% used [0x00007f98ea580000, 0x00007f98ea580000, 0x00007f98f5160000)
 tenured generation   total 3520968K, used 3506777K [0x00007f9de9b50000, 0x00007f9ec09c2000, 0x00007fa894600000)
   the space 3520968K,  99% used [0x00007f9de9b50000, 0x00007f9ebfbe6548, 0x00007f9ebfbe6600, 0x00007f9ec09c2000)
 Metaspace       used 24240K, capacity 24642K, committed 24832K, reserved 26624K
}
Event: 1199.664 GC heap after
{Heap after GC invocations=1263 (full 5):
 def new generation   total 1584512K, used 84254K [0x00007f9894600000, 0x00007f98ffd40000, 0x00007f9de9b50000)
  eden space 1408512K,   0% used [0x00007f9894600000, 0x00007f9894600000, 0x00007f98ea580000)
  from space 176000K,  47% used [0x00007f98ea580000, 0x00007f98ef7c79e0, 0x00007f98f5160000)
  to   space 176000K,   0% used [0x00007f98f5160000, 0x00007f98f5160000, 0x00007f98ffd40000)
 tenured generation   total 3537356K, used 3523735K [0x00007f9de9b50000, 0x00007f9ec19c3000, 0x00007fa894600000)
   the space 3537356K,  99% used [0x00007f9de9b50000, 0x00007f9ec0c75fa0, 0x00007f9ec0c76000, 0x00007f9ec19c3000)
 Metaspace       used 24240K, capacity 24642K, committed 24832K, reserved 26624K
}
Event: 1199.664 GC heap before
{Heap before GC invocations=1263 (full 5):
 def new generation   total 1584512K, used 84254K [0x00007f9894600000, 0x00007f98ffd40000, 0x00007f9de9b50000)
  eden space 1408512K,   0% used [0x00007f9894600000, 0x00007f9894600000, 0x00007f98ea580000)
  from space 176000K,  47% used [0x00007f98ea580000, 0x00007f98ef7c79e0, 0x00007f98f5160000)
  to   space 176000K,   0% used [0x00007f98f5160000, 0x00007f98f5160000, 0x00007f98ffd40000)
 tenured generation   total 3537356K, used 3523735K [0x00007f9de9b50000, 0x00007f9ec19c3000, 0x00007fa894600000)
   the space 3537356K,  99% used [0x00007f9de9b50000, 0x00007f9ec0c75fa0, 0x00007f9ec0c76000, 0x00007f9ec19c3000)
 Metaspace       used 24240K, capacity 24642K, committed 24832K, reserved 26624K
}

