# JRE version: OpenJDK Runtime Environment (13.0.7+5) (build 13.0.7+5-Ubuntu-0ubuntu120.04)
# Java VM: OpenJDK 64-Bit Server VM (13.0.7+5-Ubuntu-0ubuntu120.04, mixed mode, tiered, serial gc, linux-amd64)
Heap:
 def new generation   total 797760K, used 0K [0x00007fb538600000, 0x00007fb56e790000, 0x00007fba8db50000)
  eden space 709184K,   0% used [0x00007fb538600000, 0x00007fb538600000, 0x00007fb563a90000)
  from space 88576K,   0% used [0x00007fb569110000, 0x00007fb569110000, 0x00007fb56e790000)
  to   space 88576K,   0% used [0x00007fb563a90000, 0x00007fb563a90000, 0x00007fb569110000)
 tenured generation   total 1772596K, used 277339K [0x00007fba8db50000, 0x00007fbaf9e5d000, 0x00007fc538600000)
   the space 1772596K,  15% used [0x00007fba8db50000, 0x00007fba9ea26cf8, 0x00007fba9ea26e00, 0x00007fbaf9e5d000)
 Metaspace       used 23286K, capacity 23683K, committed 23808K, reserved 24576K
GC Heap History (20 events):
Event: 12.892 GC heap before
{Heap before GC invocations=6 (full 1):
 def new generation   total 629248K, used 542487K [0x00007fb538600000, 0x00007fb5630c0000, 0x00007fba8db50000)
  eden space 559360K,  96% used [0x00007fb538600000, 0x00007fb559468d00, 0x00007fb55a840000)
  from space 69888K,   4% used [0x00007fb55ec80000, 0x00007fb55efdd140, 0x00007fb5630c0000)
  to   space 69888K,   0% used [0x00007fb55a840000, 0x00007fb55a840000, 0x00007fb55ec80000)
 tenured generation   total 1398144K, used 13605K [0x00007fba8db50000, 0x00007fbae30b0000, 0x00007fc538600000)
   the space 1398144K,   0% used [0x00007fba8db50000, 0x00007fba8e8994e0, 0x00007fba8e899600, 0x00007fbae30b0000)
 Metaspace       used 23229K, capacity 23605K, committed 23808K, reserved 24576K
}
Event: 13.498 GC heap after
{Heap after GC invocations=7 (full 1):
 def new generation   total 629248K, used 1376K [0x00007fb538600000, 0x00007fb5630c0000, 0x00007fba8db50000)
  eden space 559360K,   0% used [0x00007fb538600000, 0x00007fb538600000, 0x00007fb55a840000)
  from space 69888K,   1% used [0x00007fb55a840000, 0x00007fb55a998150, 0x00007fb55ec80000)
  to   space 69888K,   0% used [0x00007fb55ec80000, 0x00007fb55ec80000, 0x00007fb5630c0000)
 tenured generation   total 1398144K, used 537893K [0x00007fba8db50000, 0x00007fbae30b0000, 0x00007fc538600000)
   the space 1398144K,  38% used [0x00007fba8db50000, 0x00007fbaae8994f8, 0x00007fbaae899600, 0x00007fbae30b0000)
 Metaspace       used 23229K, capacity 23605K, committed 23808K, reserved 24576K
}
Event: 14.023 GC heap before
{Heap before GC invocations=7 (full 1):
 def new generation   total 629248K, used 536700K [0x00007fb538600000, 0x00007fb5630c0000, 0x00007fba8db50000)
  eden space 559360K,  95% used [0x00007fb538600000, 0x00007fb5590c6fc8, 0x00007fb55a840000)
  from space 69888K,   1% used [0x00007fb55a840000, 0x00007fb55a998150, 0x00007fb55ec80000)
  to   space 69888K,   0% used [0x00007fb55ec80000, 0x00007fb55ec80000, 0x00007fb5630c0000)
 tenured generation   total 1398144K, used 537893K [0x00007fba8db50000, 0x00007fbae30b0000, 0x00007fc538600000)
   the space 1398144K,  38% used [0x00007fba8db50000, 0x00007fbaae8994f8, 0x00007fbaae899600, 0x00007fbae30b0000)
 Metaspace       used 23229K, capacity 23605K, committed 23808K, reserved 24576K
}
Event: 14.499 GC heap after
{Heap after GC invocations=8 (full 1):
 def new generation   total 629248K, used 1376K [0x00007fb538600000, 0x00007fb5630c0000, 0x00007fba8db50000)
  eden space 559360K,   0% used [0x00007fb538600000, 0x00007fb538600000, 0x00007fb55a840000)
  from space 69888K,   1% used [0x00007fb55ec80000, 0x00007fb55edd83c8, 0x00007fb5630c0000)
  to   space 69888K,   0% used [0x00007fb55a840000, 0x00007fb55a840000, 0x00007fb55ec80000)
 tenured generation   total 1398144K, used 1062181K [0x00007fba8db50000, 0x00007fbae30b0000, 0x00007fc538600000)
   the space 1398144K,  75% used [0x00007fba8db50000, 0x00007fbace899510, 0x00007fbace899600, 0x00007fbae30b0000)
 Metaspace       used 23229K, capacity 23605K, committed 23808K, reserved 24576K
}
Event: 15.315 GC heap before
{Heap before GC invocations=8 (full 1):
 def new generation   total 629248K, used 536673K [0x00007fb538600000, 0x00007fb5630c0000, 0x00007fba8db50000)
  eden space 559360K,  95% used [0x00007fb538600000, 0x00007fb5590c00a0, 0x00007fb55a840000)
  from space 69888K,   1% used [0x00007fb55ec80000, 0x00007fb55edd83c8, 0x00007fb5630c0000)
  to   space 69888K,   0% used [0x00007fb55a840000, 0x00007fb55a840000, 0x00007fb55ec80000)
 tenured generation   total 1398144K, used 1062181K [0x00007fba8db50000, 0x00007fbae30b0000, 0x00007fc538600000)
   the space 1398144K,  75% used [0x00007fba8db50000, 0x00007fbace899510, 0x00007fbace899600, 0x00007fbae30b0000)
 Metaspace       used 23229K, capacity 23605K, committed 23808K, reserved 24576K
}
Event: 18.575 GC heap after
{Heap after GC invocations=9 (full 1):
 def new generation   total 629248K, used 1376K [0x00007fb538600000, 0x00007fb5630c0000, 0x00007fba8db50000)
  eden space 559360K,   0% used [0x00007fb538600000, 0x00007fb538600000, 0x00007fb55a840000)
  from space 69888K,   1% used [0x00007fb55a840000, 0x00007fb55a998368, 0x00007fb55ec80000)
  to   space 69888K,   0% used [0x00007fb55ec80000, 0x00007fb55ec80000, 0x00007fb5630c0000)
 tenured generation   total 1922436K, used 1586469K [0x00007fba8db50000, 0x00007fbb030b1000, 0x00007fc538600000)
   the space 1922436K,  82% used [0x00007fba8db50000, 0x00007fbaee899528, 0x00007fbaee899600, 0x00007fbb030b1000)
 Metaspace       used 23229K, capacity 23605K, committed 23808K, reserved 24576K
}
Event: 18.575 GC heap before
{Heap before GC invocations=9 (full 1):
 def new generation   total 629248K, used 1376K [0x00007fb538600000, 0x00007fb5630c0000, 0x00007fba8db50000)
  eden space 559360K,   0% used [0x00007fb538600000, 0x00007fb538600000, 0x00007fb55a840000)
  from space 69888K,   1% used [0x00007fb55a840000, 0x00007fb55a998368, 0x00007fb55ec80000)
  to   space 69888K,   0% used [0x00007fb55ec80000, 0x00007fb55ec80000, 0x00007fb5630c0000)
 tenured generation   total 1922436K, used 1586469K [0x00007fba8db50000, 0x00007fbb030b1000, 0x00007fc538600000)
   the space 1922436K,  82% used [0x00007fba8db50000, 0x00007fbaee899528, 0x00007fbaee899600, 0x00007fbb030b1000)
 Metaspace       used 23229K, capacity 23605K, committed 23808K, reserved 24576K
}
Event: 19.354 GC heap after
{Heap after GC invocations=9 (full 2):
 def new generation   total 797760K, used 0K [0x00007fb538600000, 0x00007fb56e790000, 0x00007fba8db50000)
  eden space 709184K,   0% used [0x00007fb538600000, 0x00007fb538600000, 0x00007fb563a90000)
  from space 88576K,   0% used [0x00007fb563a90000, 0x00007fb563a90000, 0x00007fb569110000)
  to   space 88576K,   0% used [0x00007fb569110000, 0x00007fb569110000, 0x00007fb56e790000)
 tenured generation   total 1772596K, used 1063557K [0x00007fba8db50000, 0x00007fbaf9e5d000, 0x00007fc538600000)
   the space 1772596K,  59% used [0x00007fba8db50000, 0x00007fbace9f1600, 0x00007fbace9f1600, 0x00007fbaf9e5d000)
 Metaspace       used 23229K, capacity 23605K, committed 23808K, reserved 24576K
}
Event: 21.309 GC heap before
{Heap before GC invocations=9 (full 2):
 def new generation   total 797760K, used 669294K [0x00007fb538600000, 0x00007fb56e790000, 0x00007fba8db50000)
  eden space 709184K,  94% used [0x00007fb538600000, 0x00007fb56139b888, 0x00007fb563a90000)
  from space 88576K,   0% used [0x00007fb563a90000, 0x00007fb563a90000, 0x00007fb569110000)
  to   space 88576K,   0% used [0x00007fb569110000, 0x00007fb569110000, 0x00007fb56e790000)
 tenured generation   total 1772596K, used 1063557K [0x00007fba8db50000, 0x00007fbaf9e5d000, 0x00007fc538600000)
   the space 1772596K,  59% used [0x00007fba8db50000, 0x00007fbace9f1600, 0x00007fbace9f1600, 0x00007fbaf9e5d000)
 Metaspace       used 23239K, capacity 23606K, committed 23808K, reserved 24576K
}
Event: 21.618 GC heap after
{Heap after GC invocations=10 (full 2):
 def new generation   total 797760K, used 8907K [0x00007fb538600000, 0x00007fb56e790000, 0x00007fba8db50000)
  eden space 709184K,   0% used [0x00007fb538600000, 0x00007fb538600000, 0x00007fb563a90000)
  from space 88576K,  10% used [0x00007fb569110000, 0x00007fb5699c2e80, 0x00007fb56e790000)
  to   space 88576K,   0% used [0x00007fb563a90000, 0x00007fb563a90000, 0x00007fb569110000)
 tenured generation   total 1772596K, used 1456773K [0x00007fba8db50000, 0x00007fbaf9e5d000, 0x00007fc538600000)
   the space 1772596K,  82% used [0x00007fba8db50000, 0x00007fbae69f1630, 0x00007fbae69f1800, 0x00007fbaf9e5d000)
 Metaspace       used 23239K, capacity 23606K, committed 23808K, reserved 24576K
}
Event: 22.833 GC heap before
{Heap before GC invocations=10 (full 2):
 def new generation   total 797760K, used 718091K [0x00007fb538600000, 0x00007fb56e790000, 0x00007fba8db50000)
  eden space 709184K, 100% used [0x00007fb538600000, 0x00007fb563a90000, 0x00007fb563a90000)
  from space 88576K,  10% used [0x00007fb569110000, 0x00007fb5699c2e80, 0x00007fb56e790000)
  to   space 88576K,   0% used [0x00007fb563a90000, 0x00007fb563a90000, 0x00007fb569110000)
 tenured generation   total 1772596K, used 1456773K [0x00007fba8db50000, 0x00007fbaf9e5d000, 0x00007fc538600000)
   the space 1772596K,  82% used [0x00007fba8db50000, 0x00007fbae69f1630, 0x00007fbae69f1800, 0x00007fbaf9e5d000)
 Metaspace       used 23258K, capacity 23616K, committed 23808K, reserved 24576K
}
Event: 22.838 GC heap after
{Heap after GC invocations=11 (full 2):
 def new generation   total 797760K, used 1133K [0x00007fb538600000, 0x00007fb56e790000, 0x00007fba8db50000)
  eden space 709184K,   0% used [0x00007fb538600000, 0x00007fb538600000, 0x00007fb563a90000)
  from space 88576K,   1% used [0x00007fb563a90000, 0x00007fb563bab7b8, 0x00007fb569110000)
  to   space 88576K,   0% used [0x00007fb569110000, 0x00007fb569110000, 0x00007fb56e790000)
 tenured generation   total 1772596K, used 1456773K [0x00007fba8db50000, 0x00007fbaf9e5d000, 0x00007fc538600000)
   the space 1772596K,  82% used [0x00007fba8db50000, 0x00007fbae69f1630, 0x00007fbae69f1800, 0x00007fbaf9e5d000)
 Metaspace       used 23258K, capacity 23616K, committed 23808K, reserved 24576K
}
Event: 24.039 GC heap before
{Heap before GC invocations=11 (full 2):
 def new generation   total 797760K, used 710317K [0x00007fb538600000, 0x00007fb56e790000, 0x00007fba8db50000)
  eden space 709184K, 100% used [0x00007fb538600000, 0x00007fb563a90000, 0x00007fb563a90000)
  from space 88576K,   1% used [0x00007fb563a90000, 0x00007fb563bab7b8, 0x00007fb569110000)
  to   space 88576K,   0% used [0x00007fb569110000, 0x00007fb569110000, 0x00007fb56e790000)
 tenured generation   total 1772596K, used 1456773K [0x00007fba8db50000, 0x00007fbaf9e5d000, 0x00007fc538600000)
   the space 1772596K,  82% used [0x00007fba8db50000, 0x00007fbae69f1630, 0x00007fbae69f1800, 0x00007fbaf9e5d000)
 Metaspace       used 23262K, capacity 23617K, committed 23808K, reserved 24576K
}
Event: 24.045 GC heap after
{Heap after GC invocations=12 (full 2):
 def new generation   total 797760K, used 1219K [0x00007fb538600000, 0x00007fb56e790000, 0x00007fba8db50000)
  eden space 709184K,   0% used [0x00007fb538600000, 0x00007fb538600000, 0x00007fb563a90000)
  from space 88576K,   1% used [0x00007fb569110000, 0x00007fb569240ec0, 0x00007fb56e790000)
  to   space 88576K,   0% used [0x00007fb563a90000, 0x00007fb563a90000, 0x00007fb569110000)
 tenured generation   total 1772596K, used 1456773K [0x00007fba8db50000, 0x00007fbaf9e5d000, 0x00007fc538600000)
   the space 1772596K,  82% used [0x00007fba8db50000, 0x00007fbae69f1630, 0x00007fbae69f1800, 0x00007fbaf9e5d000)
 Metaspace       used 23262K, capacity 23617K, committed 23808K, reserved 24576K
}
Event: 24.956 GC heap before
{Heap before GC invocations=12 (full 2):
 def new generation   total 797760K, used 710403K [0x00007fb538600000, 0x00007fb56e790000, 0x00007fba8db50000)
  eden space 709184K, 100% used [0x00007fb538600000, 0x00007fb563a90000, 0x00007fb563a90000)
  from space 88576K,   1% used [0x00007fb569110000, 0x00007fb569240ec0, 0x00007fb56e790000)
  to   space 88576K,   0% used [0x00007fb563a90000, 0x00007fb563a90000, 0x00007fb569110000)
 tenured generation   total 1772596K, used 1456773K [0x00007fba8db50000, 0x00007fbaf9e5d000, 0x00007fc538600000)
   the space 1772596K,  82% used [0x00007fba8db50000, 0x00007fbae69f1630, 0x00007fbae69f1800, 0x00007fbaf9e5d000)
 Metaspace       used 23262K, capacity 23617K, committed 23808K, reserved 24576K
}
Event: 24.963 GC heap after
{Heap after GC invocations=13 (full 2):
 def new generation   total 797760K, used 1488K [0x00007fb538600000, 0x00007fb56e790000, 0x00007fba8db50000)
  eden space 709184K,   0% used [0x00007fb538600000, 0x00007fb538600000, 0x00007fb563a90000)
  from space 88576K,   1% used [0x00007fb563a90000, 0x00007fb563c041f0, 0x00007fb569110000)
  to   space 88576K,   0% used [0x00007fb569110000, 0x00007fb569110000, 0x00007fb56e790000)
 tenured generation   total 1772596K, used 1456773K [0x00007fba8db50000, 0x00007fbaf9e5d000, 0x00007fc538600000)
   the space 1772596K,  82% used [0x00007fba8db50000, 0x00007fbae69f1630, 0x00007fbae69f1800, 0x00007fbaf9e5d000)
 Metaspace       used 23262K, capacity 23617K, committed 23808K, reserved 24576K
}
Event: 25.735 GC heap before
{Heap before GC invocations=13 (full 2):
 def new generation   total 797760K, used 583251K [0x00007fb538600000, 0x00007fb56e790000, 0x00007fba8db50000)
  eden space 709184K,  82% used [0x00007fb538600000, 0x00007fb55be20c88, 0x00007fb563a90000)
  from space 88576K,   1% used [0x00007fb563a90000, 0x00007fb563c041f0, 0x00007fb569110000)
  to   space 88576K,   0% used [0x00007fb569110000, 0x00007fb569110000, 0x00007fb56e790000)
 tenured generation   total 1772596K, used 1456773K [0x00007fba8db50000, 0x00007fbaf9e5d000, 0x00007fc538600000)
   the space 1772596K,  82% used [0x00007fba8db50000, 0x00007fbae69f1630, 0x00007fbae69f1800, 0x00007fbaf9e5d000)
 Metaspace       used 23286K, capacity 23683K, committed 23808K, reserved 24576K
}
Event: 26.023 GC heap after
{Heap after GC invocations=14 (full 2):
 def new generation   total 797760K, used 1693K [0x00007fb538600000, 0x00007fb56e790000, 0x00007fba8db50000)
  eden space 709184K,   0% used [0x00007fb538600000, 0x00007fb538600000, 0x00007fb563a90000)
  from space 88576K,   1% used [0x00007fb569110000, 0x00007fb5692b7548, 0x00007fb56e790000)
  to   space 88576K,   0% used [0x00007fb563a90000, 0x00007fb563a90000, 0x00007fb569110000)
 tenured generation   total 1772596K, used 1718917K [0x00007fba8db50000, 0x00007fbaf9e5d000, 0x00007fc538600000)
   the space 1772596K,  96% used [0x00007fba8db50000, 0x00007fbaf69f1660, 0x00007fbaf69f1800, 0x00007fbaf9e5d000)
 Metaspace       used 23286K, capacity 23683K, committed 23808K, reserved 24576K
}
Event: 26.023 GC heap before
{Heap before GC invocations=14 (full 2):
 def new generation   total 797760K, used 1693K [0x00007fb538600000, 0x00007fb56e790000, 0x00007fba8db50000)
  eden space 709184K,   0% used [0x00007fb538600000, 0x00007fb538600000, 0x00007fb563a90000)
  from space 88576K,   1% used [0x00007fb569110000, 0x00007fb5692b7548, 0x00007fb56e790000)
  to   space 88576K,   0% used [0x00007fb563a90000, 0x00007fb563a90000, 0x00007fb569110000)
 tenured generation   total 1772596K, used 1718917K [0x00007fba8db50000, 0x00007fbaf9e5d000, 0x00007fc538600000)
   the space 1772596K,  96% used [0x00007fba8db50000, 0x00007fbaf69f1660, 0x00007fbaf69f1800, 0x00007fbaf9e5d000)
 Metaspace       used 23286K, capacity 23683K, committed 23808K, reserved 24576K
}
Event: 26.256 GC heap after
{Heap after GC invocations=14 (full 3):
 def new generation   total 797760K, used 0K [0x00007fb538600000, 0x00007fb56e790000, 0x00007fba8db50000)
  eden space 709184K,   0% used [0x00007fb538600000, 0x00007fb538600000, 0x00007fb563a90000)
  from space 88576K,   0% used [0x00007fb569110000, 0x00007fb569110000, 0x00007fb56e790000)
  to   space 88576K,   0% used [0x00007fb563a90000, 0x00007fb563a90000, 0x00007fb569110000)
 tenured generation   total 1772596K, used 277339K [0x00007fba8db50000, 0x00007fbaf9e5d000, 0x00007fc538600000)
   the space 1772596K,  15% used [0x00007fba8db50000, 0x00007fba9ea26cf8, 0x00007fba9ea26e00, 0x00007fbaf9e5d000)
 Metaspace       used 23286K, capacity 23683K, committed 23808K, reserved 24576K
}

