# JRE version: OpenJDK Runtime Environment (13.0.7+5) (build 13.0.7+5-Ubuntu-0ubuntu120.04)
# Java VM: OpenJDK 64-Bit Server VM (13.0.7+5-Ubuntu-0ubuntu120.04, mixed mode, tiered, serial gc, linux-amd64)
Heap:
 def new generation   total 2915712K, used 56076K [0x00007ef9ec600000, 0x00007efab21b0000, 0x00007eff41b50000)
  eden space 2591808K,   2% used [0x00007ef9ec600000, 0x00007ef9efcc3238, 0x00007efa8a910000)
  from space 323904K,   0% used [0x00007efa9e560000, 0x00007efa9e560000, 0x00007efab21b0000)
  to   space 323904K,   0% used [0x00007efa8a910000, 0x00007efa8a910000, 0x00007efa9e560000)
 tenured generation   total 6482608K, used 6482608K [0x00007eff41b50000, 0x00007f00cd5fc000, 0x00007f09ec600000)
   the space 6482608K, 100% used [0x00007eff41b50000, 0x00007f00cd5fc000, 0x00007f00cd5fc000, 0x00007f00cd5fc000)
 Metaspace       used 24351K, capacity 24786K, committed 25088K, reserved 26624K
GC Heap History (20 events):
Event: 2399.265 GC heap after
{Heap after GC invocations=3593 (full 4):
 def new generation   total 2915712K, used 80034K [0x00007ef9ec600000, 0x00007efab21b0000, 0x00007eff41b50000)
  eden space 2591808K,   0% used [0x00007ef9ec600000, 0x00007ef9ec600000, 0x00007efa8a910000)
  from space 323904K,  24% used [0x00007efa8a910000, 0x00007efa8f7388a0, 0x00007efa9e560000)
  to   space 323904K,   0% used [0x00007efa9e560000, 0x00007efa9e560000, 0x00007efab21b0000)
 tenured generation   total 6479152K, used 6430828K [0x00007eff41b50000, 0x00007f00cd29c000, 0x00007f09ec600000)
   the space 6479152K,  99% used [0x00007eff41b50000, 0x00007f00ca36b068, 0x00007f00ca36b200, 0x00007f00cd29c000)
 Metaspace       used 24351K, capacity 24786K, committed 25088K, reserved 26624K
}
Event: 2400.610 GC heap before
{Heap before GC invocations=3593 (full 4):
 def new generation   total 2915712K, used 2671842K [0x00007ef9ec600000, 0x00007efab21b0000, 0x00007eff41b50000)
  eden space 2591808K, 100% used [0x00007ef9ec600000, 0x00007efa8a910000, 0x00007efa8a910000)
  from space 323904K,  24% used [0x00007efa8a910000, 0x00007efa8f7388a0, 0x00007efa9e560000)
  to   space 323904K,   0% used [0x00007efa9e560000, 0x00007efa9e560000, 0x00007efab21b0000)
 tenured generation   total 6479152K, used 6430828K [0x00007eff41b50000, 0x00007f00cd29c000, 0x00007f09ec600000)
   the space 6479152K,  99% used [0x00007eff41b50000, 0x00007f00ca36b068, 0x00007f00ca36b200, 0x00007f00cd29c000)
 Metaspace       used 24351K, capacity 24786K, committed 25088K, reserved 26624K
}
Event: 2400.699 GC heap after
{Heap after GC invocations=3594 (full 4):
 def new generation   total 2915712K, used 76989K [0x00007ef9ec600000, 0x00007efab21b0000, 0x00007eff41b50000)
  eden space 2591808K,   0% used [0x00007ef9ec600000, 0x00007ef9ec600000, 0x00007efa8a910000)
  from space 323904K,  23% used [0x00007efa9e560000, 0x00007efaa308f4d8, 0x00007efab21b0000)
  to   space 323904K,   0% used [0x00007efa8a910000, 0x00007efa8a910000, 0x00007efa9e560000)
 tenured generation   total 6479152K, used 6437034K [0x00007eff41b50000, 0x00007f00cd29c000, 0x00007f09ec600000)
   the space 6479152K,  99% used [0x00007eff41b50000, 0x00007f00ca97a9f8, 0x00007f00ca97aa00, 0x00007f00cd29c000)
 Metaspace       used 24351K, capacity 24786K, committed 25088K, reserved 26624K
}
Event: 2402.040 GC heap before
{Heap before GC invocations=3594 (full 4):
 def new generation   total 2915712K, used 2668797K [0x00007ef9ec600000, 0x00007efab21b0000, 0x00007eff41b50000)
  eden space 2591808K, 100% used [0x00007ef9ec600000, 0x00007efa8a910000, 0x00007efa8a910000)
  from space 323904K,  23% used [0x00007efa9e560000, 0x00007efaa308f4d8, 0x00007efab21b0000)
  to   space 323904K,   0% used [0x00007efa8a910000, 0x00007efa8a910000, 0x00007efa9e560000)
 tenured generation   total 6479152K, used 6437034K [0x00007eff41b50000, 0x00007f00cd29c000, 0x00007f09ec600000)
   the space 6479152K,  99% used [0x00007eff41b50000, 0x00007f00ca97a9f8, 0x00007f00ca97aa00, 0x00007f00cd29c000)
 Metaspace       used 24351K, capacity 24786K, committed 25088K, reserved 26624K
}
Event: 2402.126 GC heap after
{Heap after GC invocations=3595 (full 4):
 def new generation   total 2915712K, used 76505K [0x00007ef9ec600000, 0x00007efab21b0000, 0x00007eff41b50000)
  eden space 2591808K,   0% used [0x00007ef9ec600000, 0x00007ef9ec600000, 0x00007efa8a910000)
  from space 323904K,  23% used [0x00007efa8a910000, 0x00007efa8f3c66b0, 0x00007efa9e560000)
  to   space 323904K,   0% used [0x00007efa9e560000, 0x00007efa9e560000, 0x00007efab21b0000)
 tenured generation   total 6479152K, used 6440543K [0x00007eff41b50000, 0x00007f00cd29c000, 0x00007f09ec600000)
   the space 6479152K,  99% used [0x00007eff41b50000, 0x00007f00cace7f50, 0x00007f00cace8000, 0x00007f00cd29c000)
 Metaspace       used 24351K, capacity 24786K, committed 25088K, reserved 26624K
}
Event: 2403.468 GC heap before
{Heap before GC invocations=3595 (full 4):
 def new generation   total 2915712K, used 2668313K [0x00007ef9ec600000, 0x00007efab21b0000, 0x00007eff41b50000)
  eden space 2591808K, 100% used [0x00007ef9ec600000, 0x00007efa8a910000, 0x00007efa8a910000)
  from space 323904K,  23% used [0x00007efa8a910000, 0x00007efa8f3c66b0, 0x00007efa9e560000)
  to   space 323904K,   0% used [0x00007efa9e560000, 0x00007efa9e560000, 0x00007efab21b0000)
 tenured generation   total 6479152K, used 6440543K [0x00007eff41b50000, 0x00007f00cd29c000, 0x00007f09ec600000)
   the space 6479152K,  99% used [0x00007eff41b50000, 0x00007f00cace7f50, 0x00007f00cace8000, 0x00007f00cd29c000)
 Metaspace       used 24351K, capacity 24786K, committed 25088K, reserved 26624K
}
Event: 2403.564 GC heap after
{Heap after GC invocations=3596 (full 4):
 def new generation   total 2915712K, used 70813K [0x00007ef9ec600000, 0x00007efab21b0000, 0x00007eff41b50000)
  eden space 2591808K,   0% used [0x00007ef9ec600000, 0x00007ef9ec600000, 0x00007efa8a910000)
  from space 323904K,  21% used [0x00007efa9e560000, 0x00007efaa2a87448, 0x00007efab21b0000)
  to   space 323904K,   0% used [0x00007efa8a910000, 0x00007efa8a910000, 0x00007efa9e560000)
 tenured generation   total 6479152K, used 6449273K [0x00007eff41b50000, 0x00007f00cd29c000, 0x00007f09ec600000)
   the space 6479152K,  99% used [0x00007eff41b50000, 0x00007f00cb56e558, 0x00007f00cb56e600, 0x00007f00cd29c000)
 Metaspace       used 24351K, capacity 24786K, committed 25088K, reserved 26624K
}
Event: 2404.945 GC heap before
{Heap before GC invocations=3596 (full 4):
 def new generation   total 2915712K, used 2662621K [0x00007ef9ec600000, 0x00007efab21b0000, 0x00007eff41b50000)
  eden space 2591808K, 100% used [0x00007ef9ec600000, 0x00007efa8a910000, 0x00007efa8a910000)
  from space 323904K,  21% used [0x00007efa9e560000, 0x00007efaa2a87448, 0x00007efab21b0000)
  to   space 323904K,   0% used [0x00007efa8a910000, 0x00007efa8a910000, 0x00007efa9e560000)
 tenured generation   total 6479152K, used 6449273K [0x00007eff41b50000, 0x00007f00cd29c000, 0x00007f09ec600000)
   the space 6479152K,  99% used [0x00007eff41b50000, 0x00007f00cb56e558, 0x00007f00cb56e600, 0x00007f00cd29c000)
 Metaspace       used 24351K, capacity 24786K, committed 25088K, reserved 26624K
}
Event: 2405.021 GC heap after
{Heap after GC invocations=3597 (full 4):
 def new generation   total 2915712K, used 69307K [0x00007ef9ec600000, 0x00007efab21b0000, 0x00007eff41b50000)
  eden space 2591808K,   0% used [0x00007ef9ec600000, 0x00007ef9ec600000, 0x00007efa8a910000)
  from space 323904K,  21% used [0x00007efa8a910000, 0x00007efa8ecbefd0, 0x00007efa9e560000)
  to   space 323904K,   0% used [0x00007efa9e560000, 0x00007efa9e560000, 0x00007efab21b0000)
 tenured generation   total 6479152K, used 6453960K [0x00007eff41b50000, 0x00007f00cd29c000, 0x00007f09ec600000)
   the space 6479152K,  99% used [0x00007eff41b50000, 0x00007f00cba021f8, 0x00007f00cba02200, 0x00007f00cd29c000)
 Metaspace       used 24351K, capacity 24786K, committed 25088K, reserved 26624K
}
Event: 2406.392 GC heap before
{Heap before GC invocations=3597 (full 4):
 def new generation   total 2915712K, used 2661115K [0x00007ef9ec600000, 0x00007efab21b0000, 0x00007eff41b50000)
  eden space 2591808K, 100% used [0x00007ef9ec600000, 0x00007efa8a910000, 0x00007efa8a910000)
  from space 323904K,  21% used [0x00007efa8a910000, 0x00007efa8ecbefd0, 0x00007efa9e560000)
  to   space 323904K,   0% used [0x00007efa9e560000, 0x00007efa9e560000, 0x00007efab21b0000)
 tenured generation   total 6479152K, used 6453960K [0x00007eff41b50000, 0x00007f00cd29c000, 0x00007f09ec600000)
   the space 6479152K,  99% used [0x00007eff41b50000, 0x00007f00cba021f8, 0x00007f00cba02200, 0x00007f00cd29c000)
 Metaspace       used 24351K, capacity 24786K, committed 25088K, reserved 26624K
}
Event: 2406.479 GC heap after
{Heap after GC invocations=3598 (full 4):
 def new generation   total 2915712K, used 69287K [0x00007ef9ec600000, 0x00007efab21b0000, 0x00007eff41b50000)
  eden space 2591808K,   0% used [0x00007ef9ec600000, 0x00007ef9ec600000, 0x00007efa8a910000)
  from space 323904K,  21% used [0x00007efa9e560000, 0x00007efaa2909fa0, 0x00007efab21b0000)
  to   space 323904K,   0% used [0x00007efa8a910000, 0x00007efa8a910000, 0x00007efa9e560000)
 tenured generation   total 6479152K, used 6457120K [0x00007eff41b50000, 0x00007f00cd29c000, 0x00007f09ec600000)
   the space 6479152K,  99% used [0x00007eff41b50000, 0x00007f00cbd180e8, 0x00007f00cbd18200, 0x00007f00cd29c000)
 Metaspace       used 24351K, capacity 24786K, committed 25088K, reserved 26624K
}
Event: 2407.841 GC heap before
{Heap before GC invocations=3598 (full 4):
 def new generation   total 2915712K, used 2661095K [0x00007ef9ec600000, 0x00007efab21b0000, 0x00007eff41b50000)
  eden space 2591808K, 100% used [0x00007ef9ec600000, 0x00007efa8a910000, 0x00007efa8a910000)
  from space 323904K,  21% used [0x00007efa9e560000, 0x00007efaa2909fa0, 0x00007efab21b0000)
  to   space 323904K,   0% used [0x00007efa8a910000, 0x00007efa8a910000, 0x00007efa9e560000)
 tenured generation   total 6479152K, used 6457120K [0x00007eff41b50000, 0x00007f00cd29c000, 0x00007f09ec600000)
   the space 6479152K,  99% used [0x00007eff41b50000, 0x00007f00cbd180e8, 0x00007f00cbd18200, 0x00007f00cd29c000)
 Metaspace       used 24351K, capacity 24786K, committed 25088K, reserved 26624K
}
Event: 2407.909 GC heap after
{Heap after GC invocations=3599 (full 4):
 def new generation   total 2915712K, used 64680K [0x00007ef9ec600000, 0x00007efab21b0000, 0x00007eff41b50000)
  eden space 2591808K,   0% used [0x00007ef9ec600000, 0x00007ef9ec600000, 0x00007efa8a910000)
  from space 323904K,  19% used [0x00007efa8a910000, 0x00007efa8e83a308, 0x00007efa9e560000)
  to   space 323904K,   0% used [0x00007efa9e560000, 0x00007efa9e560000, 0x00007efab21b0000)
 tenured generation   total 6479152K, used 6464895K [0x00007eff41b50000, 0x00007f00cd29c000, 0x00007f09ec600000)
   the space 6479152K,  99% used [0x00007eff41b50000, 0x00007f00cc4afe30, 0x00007f00cc4b0000, 0x00007f00cd29c000)
 Metaspace       used 24351K, capacity 24786K, committed 25088K, reserved 26624K
}
Event: 2409.252 GC heap before
{Heap before GC invocations=3599 (full 4):
 def new generation   total 2915712K, used 2656488K [0x00007ef9ec600000, 0x00007efab21b0000, 0x00007eff41b50000)
  eden space 2591808K,  99% used [0x00007ef9ec600000, 0x00007efa8a90ffe8, 0x00007efa8a910000)
  from space 323904K,  19% used [0x00007efa8a910000, 0x00007efa8e83a308, 0x00007efa9e560000)
  to   space 323904K,   0% used [0x00007efa9e560000, 0x00007efa9e560000, 0x00007efab21b0000)
 tenured generation   total 6479152K, used 6464895K [0x00007eff41b50000, 0x00007f00cd29c000, 0x00007f09ec600000)
   the space 6479152K,  99% used [0x00007eff41b50000, 0x00007f00cc4afe30, 0x00007f00cc4b0000, 0x00007f00cd29c000)
 Metaspace       used 24351K, capacity 24786K, committed 25088K, reserved 26624K
}
Event: 2409.326 GC heap after
{Heap after GC invocations=3600 (full 4):
 def new generation   total 2915712K, used 62797K [0x00007ef9ec600000, 0x00007efab21b0000, 0x00007eff41b50000)
  eden space 2591808K,   0% used [0x00007ef9ec600000, 0x00007ef9ec600000, 0x00007efa8a910000)
  from space 323904K,  19% used [0x00007efa9e560000, 0x00007efaa22b3790, 0x00007efab21b0000)
  to   space 323904K,   0% used [0x00007efa8a910000, 0x00007efa8a910000, 0x00007efa9e560000)
 tenured generation   total 6479152K, used 6469931K [0x00007eff41b50000, 0x00007f00cd29c000, 0x00007f09ec600000)
   the space 6479152K,  99% used [0x00007eff41b50000, 0x00007f00cc99af88, 0x00007f00cc99b000, 0x00007f00cd29c000)
 Metaspace       used 24351K, capacity 24786K, committed 25088K, reserved 26624K
}
Event: 2410.677 GC heap before
{Heap before GC invocations=3600 (full 4):
 def new generation   total 2915712K, used 2654605K [0x00007ef9ec600000, 0x00007efab21b0000, 0x00007eff41b50000)
  eden space 2591808K, 100% used [0x00007ef9ec600000, 0x00007efa8a910000, 0x00007efa8a910000)
  from space 323904K,  19% used [0x00007efa9e560000, 0x00007efaa22b3790, 0x00007efab21b0000)
  to   space 323904K,   0% used [0x00007efa8a910000, 0x00007efa8a910000, 0x00007efa9e560000)
 tenured generation   total 6479152K, used 6469931K [0x00007eff41b50000, 0x00007f00cd29c000, 0x00007f09ec600000)
   the space 6479152K,  99% used [0x00007eff41b50000, 0x00007f00cc99af88, 0x00007f00cc99b000, 0x00007f00cd29c000)
 Metaspace       used 24351K, capacity 24786K, committed 25088K, reserved 26624K
}
Event: 2410.749 GC heap after
{Heap after GC invocations=3601 (full 4):
 def new generation   total 2915712K, used 61796K [0x00007ef9ec600000, 0x00007efab21b0000, 0x00007eff41b50000)
  eden space 2591808K,   0% used [0x00007ef9ec600000, 0x00007ef9ec600000, 0x00007efa8a910000)
  from space 323904K,  19% used [0x00007efa8a910000, 0x00007efa8e569038, 0x00007efa9e560000)
  to   space 323904K,   0% used [0x00007efa9e560000, 0x00007efa9e560000, 0x00007efab21b0000)
 tenured generation   total 6479152K, used 6473727K [0x00007eff41b50000, 0x00007f00cd29c000, 0x00007f09ec600000)
   the space 6479152K,  99% used [0x00007eff41b50000, 0x00007f00ccd4fef8, 0x00007f00ccd50000, 0x00007f00cd29c000)
 Metaspace       used 24351K, capacity 24786K, committed 25088K, reserved 26624K
}
Event: 2412.072 GC heap before
{Heap before GC invocations=3601 (full 4):
 def new generation   total 2915712K, used 2653604K [0x00007ef9ec600000, 0x00007efab21b0000, 0x00007eff41b50000)
  eden space 2591808K, 100% used [0x00007ef9ec600000, 0x00007efa8a910000, 0x00007efa8a910000)
  from space 323904K,  19% used [0x00007efa8a910000, 0x00007efa8e569038, 0x00007efa9e560000)
  to   space 323904K,   0% used [0x00007efa9e560000, 0x00007efa9e560000, 0x00007efab21b0000)
 tenured generation   total 6479152K, used 6473727K [0x00007eff41b50000, 0x00007f00cd29c000, 0x00007f09ec600000)
   the space 6479152K,  99% used [0x00007eff41b50000, 0x00007f00ccd4fef8, 0x00007f00ccd50000, 0x00007f00cd29c000)
 Metaspace       used 24351K, capacity 24786K, committed 25088K, reserved 26624K
}
Event: 2412.147 GC heap after
{Heap after GC invocations=3602 (full 4):
 def new generation   total 2915712K, used 56258K [0x00007ef9ec600000, 0x00007efab21b0000, 0x00007eff41b50000)
  eden space 2591808K,   0% used [0x00007ef9ec600000, 0x00007ef9ec600000, 0x00007efa8a910000)
  from space 323904K,  17% used [0x00007efa9e560000, 0x00007efaa1c50bf0, 0x00007efab21b0000)
  to   space 323904K,   0% used [0x00007efa8a910000, 0x00007efa8a910000, 0x00007efa9e560000)
 tenured generation   total 6482608K, used 6482425K [0x00007eff41b50000, 0x00007f00cd5fc000, 0x00007f09ec600000)
   the space 6482608K,  99% used [0x00007eff41b50000, 0x00007f00cd5ce648, 0x00007f00cd5ce800, 0x00007f00cd5fc000)
 Metaspace       used 24351K, capacity 24786K, committed 25088K, reserved 26624K
}
Event: 2412.147 GC heap before
{Heap before GC invocations=3602 (full 4):
 def new generation   total 2915712K, used 56258K [0x00007ef9ec600000, 0x00007efab21b0000, 0x00007eff41b50000)
  eden space 2591808K,   0% used [0x00007ef9ec600000, 0x00007ef9ec600000, 0x00007efa8a910000)
  from space 323904K,  17% used [0x00007efa9e560000, 0x00007efaa1c50bf0, 0x00007efab21b0000)
  to   space 323904K,   0% used [0x00007efa8a910000, 0x00007efa8a910000, 0x00007efa9e560000)
 tenured generation   total 6482608K, used 6482425K [0x00007eff41b50000, 0x00007f00cd5fc000, 0x00007f09ec600000)
   the space 6482608K,  99% used [0x00007eff41b50000, 0x00007f00cd5ce648, 0x00007f00cd5ce800, 0x00007f00cd5fc000)
 Metaspace       used 24351K, capacity 24786K, committed 25088K, reserved 26624K
}

