# JRE version: OpenJDK Runtime Environment (13.0.7+5) (build 13.0.7+5-Ubuntu-0ubuntu120.04)
# Java VM: OpenJDK 64-Bit Server VM (13.0.7+5-Ubuntu-0ubuntu120.04, mixed mode, tiered, serial gc, linux-amd64)
Heap:
 def new generation   total 2911232K, used 18396K [0x00007ef950600000, 0x00007efa15ce0000, 0x00007efea5b50000)
  eden space 2587776K,   0% used [0x00007ef950600000, 0x00007ef9517f72f8, 0x00007ef9ee520000)
  from space 323456K,   0% used [0x00007ef9ee520000, 0x00007ef9ee520000, 0x00007efa02100000)
  to   space 323456K,   0% used [0x00007efa02100000, 0x00007efa02100000, 0x00007efa15ce0000)
 tenured generation   total 6469920K, used 6469920K [0x00007efea5b50000, 0x00007f0030998000, 0x00007f0950600000)
   the space 6469920K, 100% used [0x00007efea5b50000, 0x00007f0030998000, 0x00007f0030998000, 0x00007f0030998000)
 Metaspace       used 24264K, capacity 24690K, committed 24832K, reserved 26624K
GC Heap History (20 events):
Event: 12892.951 GC heap after
{Heap after GC invocations=11099 (full 4):
 def new generation   total 2911232K, used 20514K [0x00007ef950600000, 0x00007efa15ce0000, 0x00007efea5b50000)
  eden space 2587776K,   0% used [0x00007ef950600000, 0x00007ef950600000, 0x00007ef9ee520000)
  from space 323456K,   6% used [0x00007efa02100000, 0x00007efa03508960, 0x00007efa15ce0000)
  to   space 323456K,   0% used [0x00007ef9ee520000, 0x00007ef9ee520000, 0x00007efa02100000)
 tenured generation   total 6469344K, used 6456774K [0x00007efea5b50000, 0x00007f0030908000, 0x00007f0950600000)
   the space 6469344K,  99% used [0x00007efea5b50000, 0x00007f002fcc1bc8, 0x00007f002fcc1c00, 0x00007f0030908000)
 Metaspace       used 24264K, capacity 24690K, committed 24832K, reserved 26624K
}
Event: 12895.214 GC heap before
{Heap before GC invocations=11099 (full 4):
 def new generation   total 2911232K, used 2608290K [0x00007ef950600000, 0x00007efa15ce0000, 0x00007efea5b50000)
  eden space 2587776K, 100% used [0x00007ef950600000, 0x00007ef9ee520000, 0x00007ef9ee520000)
  from space 323456K,   6% used [0x00007efa02100000, 0x00007efa03508960, 0x00007efa15ce0000)
  to   space 323456K,   0% used [0x00007ef9ee520000, 0x00007ef9ee520000, 0x00007efa02100000)
 tenured generation   total 6469344K, used 6456774K [0x00007efea5b50000, 0x00007f0030908000, 0x00007f0950600000)
   the space 6469344K,  99% used [0x00007efea5b50000, 0x00007f002fcc1bc8, 0x00007f002fcc1c00, 0x00007f0030908000)
 Metaspace       used 24264K, capacity 24690K, committed 24832K, reserved 26624K
}
Event: 12895.265 GC heap after
{Heap after GC invocations=11100 (full 4):
 def new generation   total 2911232K, used 19946K [0x00007ef950600000, 0x00007efa15ce0000, 0x00007efea5b50000)
  eden space 2587776K,   0% used [0x00007ef950600000, 0x00007ef950600000, 0x00007ef9ee520000)
  from space 323456K,   6% used [0x00007ef9ee520000, 0x00007ef9ef89ab70, 0x00007efa02100000)
  to   space 323456K,   0% used [0x00007efa02100000, 0x00007efa02100000, 0x00007efa15ce0000)
 tenured generation   total 6469344K, used 6458541K [0x00007efea5b50000, 0x00007f0030908000, 0x00007f0950600000)
   the space 6469344K,  99% used [0x00007efea5b50000, 0x00007f002fe7b680, 0x00007f002fe7b800, 0x00007f0030908000)
 Metaspace       used 24264K, capacity 24690K, committed 24832K, reserved 26624K
}
Event: 12897.502 GC heap before
{Heap before GC invocations=11100 (full 4):
 def new generation   total 2911232K, used 2607722K [0x00007ef950600000, 0x00007efa15ce0000, 0x00007efea5b50000)
  eden space 2587776K, 100% used [0x00007ef950600000, 0x00007ef9ee520000, 0x00007ef9ee520000)
  from space 323456K,   6% used [0x00007ef9ee520000, 0x00007ef9ef89ab70, 0x00007efa02100000)
  to   space 323456K,   0% used [0x00007efa02100000, 0x00007efa02100000, 0x00007efa15ce0000)
 tenured generation   total 6469344K, used 6458541K [0x00007efea5b50000, 0x00007f0030908000, 0x00007f0950600000)
   the space 6469344K,  99% used [0x00007efea5b50000, 0x00007f002fe7b680, 0x00007f002fe7b800, 0x00007f0030908000)
 Metaspace       used 24264K, capacity 24690K, committed 24832K, reserved 26624K
}
Event: 12897.564 GC heap after
{Heap after GC invocations=11101 (full 4):
 def new generation   total 2911232K, used 19714K [0x00007ef950600000, 0x00007efa15ce0000, 0x00007efea5b50000)
  eden space 2587776K,   0% used [0x00007ef950600000, 0x00007ef950600000, 0x00007ef9ee520000)
  from space 323456K,   6% used [0x00007efa02100000, 0x00007efa03440908, 0x00007efa15ce0000)
  to   space 323456K,   0% used [0x00007ef9ee520000, 0x00007ef9ee520000, 0x00007efa02100000)
 tenured generation   total 6469344K, used 6460308K [0x00007efea5b50000, 0x00007f0030908000, 0x00007f0950600000)
   the space 6469344K,  99% used [0x00007efea5b50000, 0x00007f0030035138, 0x00007f0030035200, 0x00007f0030908000)
 Metaspace       used 24264K, capacity 24690K, committed 24832K, reserved 26624K
}
Event: 12899.894 GC heap before
{Heap before GC invocations=11101 (full 4):
 def new generation   total 2911232K, used 2607490K [0x00007ef950600000, 0x00007efa15ce0000, 0x00007efea5b50000)
  eden space 2587776K, 100% used [0x00007ef950600000, 0x00007ef9ee520000, 0x00007ef9ee520000)
  from space 323456K,   6% used [0x00007efa02100000, 0x00007efa03440908, 0x00007efa15ce0000)
  to   space 323456K,   0% used [0x00007ef9ee520000, 0x00007ef9ee520000, 0x00007efa02100000)
 tenured generation   total 6469344K, used 6460308K [0x00007efea5b50000, 0x00007f0030908000, 0x00007f0950600000)
   the space 6469344K,  99% used [0x00007efea5b50000, 0x00007f0030035138, 0x00007f0030035200, 0x00007f0030908000)
 Metaspace       used 24264K, capacity 24690K, committed 24832K, reserved 26624K
}
Event: 12899.946 GC heap after
{Heap after GC invocations=11102 (full 4):
 def new generation   total 2911232K, used 19704K [0x00007ef950600000, 0x00007efa15ce0000, 0x00007efea5b50000)
  eden space 2587776K,   0% used [0x00007ef950600000, 0x00007ef950600000, 0x00007ef9ee520000)
  from space 323456K,   6% used [0x00007ef9ee520000, 0x00007ef9ef85e1e0, 0x00007efa02100000)
  to   space 323456K,   0% used [0x00007efa02100000, 0x00007efa02100000, 0x00007efa15ce0000)
 tenured generation   total 6469344K, used 6462079K [0x00007efea5b50000, 0x00007f0030908000, 0x00007f0950600000)
   the space 6469344K,  99% used [0x00007efea5b50000, 0x00007f00301efd30, 0x00007f00301efe00, 0x00007f0030908000)
 Metaspace       used 24264K, capacity 24690K, committed 24832K, reserved 26624K
}
Event: 12902.253 GC heap before
{Heap before GC invocations=11102 (full 4):
 def new generation   total 2911232K, used 2607480K [0x00007ef950600000, 0x00007efa15ce0000, 0x00007efea5b50000)
  eden space 2587776K, 100% used [0x00007ef950600000, 0x00007ef9ee520000, 0x00007ef9ee520000)
  from space 323456K,   6% used [0x00007ef9ee520000, 0x00007ef9ef85e1e0, 0x00007efa02100000)
  to   space 323456K,   0% used [0x00007efa02100000, 0x00007efa02100000, 0x00007efa15ce0000)
 tenured generation   total 6469344K, used 6462079K [0x00007efea5b50000, 0x00007f0030908000, 0x00007f0950600000)
   the space 6469344K,  99% used [0x00007efea5b50000, 0x00007f00301efd30, 0x00007f00301efe00, 0x00007f0030908000)
 Metaspace       used 24264K, capacity 24690K, committed 24832K, reserved 26624K
}
Event: 12902.307 GC heap after
{Heap after GC invocations=11103 (full 4):
 def new generation   total 2911232K, used 19681K [0x00007ef950600000, 0x00007efa15ce0000, 0x00007efea5b50000)
  eden space 2587776K,   0% used [0x00007ef950600000, 0x00007ef950600000, 0x00007ef9ee520000)
  from space 323456K,   6% used [0x00007efa02100000, 0x00007efa03438430, 0x00007efa15ce0000)
  to   space 323456K,   0% used [0x00007ef9ee520000, 0x00007ef9ee520000, 0x00007efa02100000)
 tenured generation   total 6469344K, used 6463788K [0x00007efea5b50000, 0x00007f0030908000, 0x00007f0950600000)
   the space 6469344K,  99% used [0x00007efea5b50000, 0x00007f003039b178, 0x00007f003039b200, 0x00007f0030908000)
 Metaspace       used 24264K, capacity 24690K, committed 24832K, reserved 26624K
}
Event: 12904.590 GC heap before
{Heap before GC invocations=11103 (full 4):
 def new generation   total 2911232K, used 2607457K [0x00007ef950600000, 0x00007efa15ce0000, 0x00007efea5b50000)
  eden space 2587776K, 100% used [0x00007ef950600000, 0x00007ef9ee520000, 0x00007ef9ee520000)
  from space 323456K,   6% used [0x00007efa02100000, 0x00007efa03438430, 0x00007efa15ce0000)
  to   space 323456K,   0% used [0x00007ef9ee520000, 0x00007ef9ee520000, 0x00007efa02100000)
 tenured generation   total 6469344K, used 6463788K [0x00007efea5b50000, 0x00007f0030908000, 0x00007f0950600000)
   the space 6469344K,  99% used [0x00007efea5b50000, 0x00007f003039b178, 0x00007f003039b200, 0x00007f0030908000)
 Metaspace       used 24264K, capacity 24690K, committed 24832K, reserved 26624K
}
Event: 12904.632 GC heap after
{Heap after GC invocations=11104 (full 4):
 def new generation   total 2911232K, used 19674K [0x00007ef950600000, 0x00007efa15ce0000, 0x00007efea5b50000)
  eden space 2587776K,   0% used [0x00007ef950600000, 0x00007ef950600000, 0x00007ef9ee520000)
  from space 323456K,   6% used [0x00007ef9ee520000, 0x00007ef9ef856850, 0x00007efa02100000)
  to   space 323456K,   0% used [0x00007efa02100000, 0x00007efa02100000, 0x00007efa15ce0000)
 tenured generation   total 6469344K, used 6464502K [0x00007efea5b50000, 0x00007f0030908000, 0x00007f0950600000)
   the space 6469344K,  99% used [0x00007efea5b50000, 0x00007f003044daa0, 0x00007f003044dc00, 0x00007f0030908000)
 Metaspace       used 24264K, capacity 24690K, committed 24832K, reserved 26624K
}
Event: 12906.832 GC heap before
{Heap before GC invocations=11104 (full 4):
 def new generation   total 2911232K, used 2607450K [0x00007ef950600000, 0x00007efa15ce0000, 0x00007efea5b50000)
  eden space 2587776K, 100% used [0x00007ef950600000, 0x00007ef9ee520000, 0x00007ef9ee520000)
  from space 323456K,   6% used [0x00007ef9ee520000, 0x00007ef9ef856850, 0x00007efa02100000)
  to   space 323456K,   0% used [0x00007efa02100000, 0x00007efa02100000, 0x00007efa15ce0000)
 tenured generation   total 6469344K, used 6464502K [0x00007efea5b50000, 0x00007f0030908000, 0x00007f0950600000)
   the space 6469344K,  99% used [0x00007efea5b50000, 0x00007f003044daa0, 0x00007f003044dc00, 0x00007f0030908000)
 Metaspace       used 24264K, capacity 24690K, committed 24832K, reserved 26624K
}
Event: 12906.888 GC heap after
{Heap after GC invocations=11105 (full 4):
 def new generation   total 2911232K, used 19687K [0x00007ef950600000, 0x00007efa15ce0000, 0x00007efea5b50000)
  eden space 2587776K,   0% used [0x00007ef950600000, 0x00007ef950600000, 0x00007ef9ee520000)
  from space 323456K,   6% used [0x00007efa02100000, 0x00007efa03439ee8, 0x00007efa15ce0000)
  to   space 323456K,   0% used [0x00007ef9ee520000, 0x00007ef9ee520000, 0x00007efa02100000)
 tenured generation   total 6469344K, used 6465331K [0x00007efea5b50000, 0x00007f0030908000, 0x00007f0950600000)
   the space 6469344K,  99% used [0x00007efea5b50000, 0x00007f003051cd10, 0x00007f003051ce00, 0x00007f0030908000)
 Metaspace       used 24264K, capacity 24690K, committed 24832K, reserved 26624K
}
Event: 12909.086 GC heap before
{Heap before GC invocations=11105 (full 4):
 def new generation   total 2911232K, used 2607463K [0x00007ef950600000, 0x00007efa15ce0000, 0x00007efea5b50000)
  eden space 2587776K, 100% used [0x00007ef950600000, 0x00007ef9ee520000, 0x00007ef9ee520000)
  from space 323456K,   6% used [0x00007efa02100000, 0x00007efa03439ee8, 0x00007efa15ce0000)
  to   space 323456K,   0% used [0x00007ef9ee520000, 0x00007ef9ee520000, 0x00007efa02100000)
 tenured generation   total 6469344K, used 6465331K [0x00007efea5b50000, 0x00007f0030908000, 0x00007f0950600000)
   the space 6469344K,  99% used [0x00007efea5b50000, 0x00007f003051cd10, 0x00007f003051ce00, 0x00007f0030908000)
 Metaspace       used 24264K, capacity 24690K, committed 24832K, reserved 26624K
}
Event: 12909.132 GC heap after
{Heap after GC invocations=11106 (full 4):
 def new generation   total 2911232K, used 19597K [0x00007ef950600000, 0x00007efa15ce0000, 0x00007efea5b50000)
  eden space 2587776K,   0% used [0x00007ef950600000, 0x00007ef950600000, 0x00007ef9ee520000)
  from space 323456K,   6% used [0x00007ef9ee520000, 0x00007ef9ef843708, 0x00007efa02100000)
  to   space 323456K,   0% used [0x00007efa02100000, 0x00007efa02100000, 0x00007efa15ce0000)
 tenured generation   total 6469344K, used 6466331K [0x00007efea5b50000, 0x00007f0030908000, 0x00007f0950600000)
   the space 6469344K,  99% used [0x00007efea5b50000, 0x00007f0030616e08, 0x00007f0030617000, 0x00007f0030908000)
 Metaspace       used 24264K, capacity 24690K, committed 24832K, reserved 26624K
}
Event: 12911.365 GC heap before
{Heap before GC invocations=11106 (full 4):
 def new generation   total 2911232K, used 2607373K [0x00007ef950600000, 0x00007efa15ce0000, 0x00007efea5b50000)
  eden space 2587776K, 100% used [0x00007ef950600000, 0x00007ef9ee520000, 0x00007ef9ee520000)
  from space 323456K,   6% used [0x00007ef9ee520000, 0x00007ef9ef843708, 0x00007efa02100000)
  to   space 323456K,   0% used [0x00007efa02100000, 0x00007efa02100000, 0x00007efa15ce0000)
 tenured generation   total 6469344K, used 6466331K [0x00007efea5b50000, 0x00007f0030908000, 0x00007f0950600000)
   the space 6469344K,  99% used [0x00007efea5b50000, 0x00007f0030616e08, 0x00007f0030617000, 0x00007f0030908000)
 Metaspace       used 24264K, capacity 24690K, committed 24832K, reserved 26624K
}
Event: 12911.421 GC heap after
{Heap after GC invocations=11107 (full 4):
 def new generation   total 2911232K, used 19164K [0x00007ef950600000, 0x00007efa15ce0000, 0x00007efea5b50000)
  eden space 2587776K,   0% used [0x00007ef950600000, 0x00007ef950600000, 0x00007ef9ee520000)
  from space 323456K,   5% used [0x00007efa02100000, 0x00007efa033b73a0, 0x00007efa15ce0000)
  to   space 323456K,   0% used [0x00007ef9ee520000, 0x00007ef9ee520000, 0x00007efa02100000)
 tenured generation   total 6469344K, used 6467964K [0x00007efea5b50000, 0x00007f0030908000, 0x00007f0950600000)
   the space 6469344K,  99% used [0x00007efea5b50000, 0x00007f00307af198, 0x00007f00307af200, 0x00007f0030908000)
 Metaspace       used 24264K, capacity 24690K, committed 24832K, reserved 26624K
}
Event: 12913.658 GC heap before
{Heap before GC invocations=11107 (full 4):
 def new generation   total 2911232K, used 2606940K [0x00007ef950600000, 0x00007efa15ce0000, 0x00007efea5b50000)
  eden space 2587776K, 100% used [0x00007ef950600000, 0x00007ef9ee520000, 0x00007ef9ee520000)
  from space 323456K,   5% used [0x00007efa02100000, 0x00007efa033b73a0, 0x00007efa15ce0000)
  to   space 323456K,   0% used [0x00007ef9ee520000, 0x00007ef9ee520000, 0x00007efa02100000)
 tenured generation   total 6469344K, used 6467964K [0x00007efea5b50000, 0x00007f0030908000, 0x00007f0950600000)
   the space 6469344K,  99% used [0x00007efea5b50000, 0x00007f00307af198, 0x00007f00307af200, 0x00007f0030908000)
 Metaspace       used 24264K, capacity 24690K, committed 24832K, reserved 26624K
}
Event: 12913.714 GC heap after
{Heap after GC invocations=11108 (full 4):
 def new generation   total 2911232K, used 18585K [0x00007ef950600000, 0x00007efa15ce0000, 0x00007efea5b50000)
  eden space 2587776K,   0% used [0x00007ef950600000, 0x00007ef950600000, 0x00007ef9ee520000)
  from space 323456K,   5% used [0x00007ef9ee520000, 0x00007ef9ef746588, 0x00007efa02100000)
  to   space 323456K,   0% used [0x00007efa02100000, 0x00007efa02100000, 0x00007efa15ce0000)
 tenured generation   total 6469920K, used 6469731K [0x00007efea5b50000, 0x00007f0030998000, 0x00007f0950600000)
   the space 6469920K,  99% used [0x00007efea5b50000, 0x00007f0030968d70, 0x00007f0030968e00, 0x00007f0030998000)
 Metaspace       used 24264K, capacity 24690K, committed 24832K, reserved 26624K
}
Event: 12913.714 GC heap before
{Heap before GC invocations=11108 (full 4):
 def new generation   total 2911232K, used 18585K [0x00007ef950600000, 0x00007efa15ce0000, 0x00007efea5b50000)
  eden space 2587776K,   0% used [0x00007ef950600000, 0x00007ef950600000, 0x00007ef9ee520000)
  from space 323456K,   5% used [0x00007ef9ee520000, 0x00007ef9ef746588, 0x00007efa02100000)
  to   space 323456K,   0% used [0x00007efa02100000, 0x00007efa02100000, 0x00007efa15ce0000)
 tenured generation   total 6469920K, used 6469731K [0x00007efea5b50000, 0x00007f0030998000, 0x00007f0950600000)
   the space 6469920K,  99% used [0x00007efea5b50000, 0x00007f0030968d70, 0x00007f0030968e00, 0x00007f0030998000)
 Metaspace       used 24264K, capacity 24690K, committed 24832K, reserved 26624K
}

