# JRE version: OpenJDK Runtime Environment (13.0.7+5) (build 13.0.7+5-Ubuntu-0ubuntu120.04)
# Java VM: OpenJDK 64-Bit Server VM (13.0.7+5-Ubuntu-0ubuntu120.04, mixed mode, tiered, serial gc, linux-amd64)
Heap:
 def new generation   total 1593472K, used 0K [0x00007fe038600000, 0x00007fe0a4700000, 0x00007fe58db50000)
  eden space 1416448K,   0% used [0x00007fe038600000, 0x00007fe038600000, 0x00007fe08ed40000)
  from space 177024K,   0% used [0x00007fe099a20000, 0x00007fe099a20000, 0x00007fe0a4700000)
  to   space 177024K,   0% used [0x00007fe08ed40000, 0x00007fe08ed40000, 0x00007fe099a20000)
 tenured generation   total 7036168K, used 2110849K [0x00007fe58db50000, 0x00007fe73b292000, 0x00007ff038600000)
   the space 7036168K,  29% used [0x00007fe58db50000, 0x00007fe60e8b0530, 0x00007fe60e8b0600, 0x00007fe73b292000)
 Metaspace       used 30856K, capacity 31339K, committed 31488K, reserved 32768K
GC Heap History (20 events):
Event: 180.894 GC heap after
{Heap after GC invocations=65 (full 18):
 def new generation   total 1593664K, used 0K [0x00007fe038600000, 0x00007fe0a4730000, 0x00007fe58db50000)
  eden space 1416640K,   0% used [0x00007fe038600000, 0x00007fe038600000, 0x00007fe08ed70000)
  from space 177024K,   0% used [0x00007fe099a50000, 0x00007fe099a501b0, 0x00007fe0a4730000)
  to   space 177024K,   0% used [0x00007fe08ed70000, 0x00007fe08ed70000, 0x00007fe099a50000)
 tenured generation   total 7735600K, used 7353843K [0x00007fe58db50000, 0x00007fe765d9c000, 0x00007ff038600000)
   the space 7735600K,  95% used [0x00007fe58db50000, 0x00007fe74e8ccc40, 0x00007fe74e8cce00, 0x00007fe765d9c000)
 Metaspace       used 30725K, capacity 31093K, committed 31232K, reserved 32768K
}
Event: 180.894 GC heap before
{Heap before GC invocations=65 (full 18):
 def new generation   total 1593664K, used 0K [0x00007fe038600000, 0x00007fe0a4730000, 0x00007fe58db50000)
  eden space 1416640K,   0% used [0x00007fe038600000, 0x00007fe038600000, 0x00007fe08ed70000)
  from space 177024K,   0% used [0x00007fe099a50000, 0x00007fe099a501b0, 0x00007fe0a4730000)
  to   space 177024K,   0% used [0x00007fe08ed70000, 0x00007fe08ed70000, 0x00007fe099a50000)
 tenured generation   total 7735600K, used 7353843K [0x00007fe58db50000, 0x00007fe765d9c000, 0x00007ff038600000)
   the space 7735600K,  95% used [0x00007fe58db50000, 0x00007fe74e8ccc40, 0x00007fe74e8cce00, 0x00007fe765d9c000)
 Metaspace       used 30725K, capacity 31093K, committed 31232K, reserved 32768K
}
Event: 181.356 GC heap after
{Heap after GC invocations=65 (full 19):
 def new generation   total 3166528K, used 0K [0x00007fe038600000, 0x00007fe10f1e0000, 0x00007fe58db50000)
  eden space 2814720K,   0% used [0x00007fe038600000, 0x00007fe038600000, 0x00007fe0e42c0000)
  from space 351808K,   0% used [0x00007fe0e42c0000, 0x00007fe0e42c0000, 0x00007fe0f9a50000)
  to   space 351808K,   0% used [0x00007fe0f9a50000, 0x00007fe0f9a50000, 0x00007fe10f1e0000)
 tenured generation   total 7036544K, used 2110962K [0x00007fe58db50000, 0x00007fe73b2f0000, 0x00007ff038600000)
   the space 7036544K,  29% used [0x00007fe58db50000, 0x00007fe60e8cc920, 0x00007fe60e8cca00, 0x00007fe73b2f0000)
 Metaspace       used 30725K, capacity 31093K, committed 31232K, reserved 32768K
}
Event: 182.130 GC heap before
{Heap before GC invocations=65 (full 19):
 def new generation   total 3166528K, used 2152729K [0x00007fe038600000, 0x00007fe10f1e0000, 0x00007fe58db50000)
  eden space 2814720K,  76% used [0x00007fe038600000, 0x00007fe0bbc46568, 0x00007fe0e42c0000)
  from space 351808K,   0% used [0x00007fe0e42c0000, 0x00007fe0e42c0000, 0x00007fe0f9a50000)
  to   space 351808K,   0% used [0x00007fe0f9a50000, 0x00007fe0f9a50000, 0x00007fe10f1e0000)
 tenured generation   total 7036544K, used 2110962K [0x00007fe58db50000, 0x00007fe73b2f0000, 0x00007ff038600000)
   the space 7036544K,  29% used [0x00007fe58db50000, 0x00007fe60e8cc920, 0x00007fe60e8cca00, 0x00007fe73b2f0000)
 Metaspace       used 30725K, capacity 31093K, committed 31232K, reserved 32768K
}
Event: 182.666 GC heap after
{Heap after GC invocations=66 (full 19):
 def new generation   total 3166528K, used 0K [0x00007fe038600000, 0x00007fe10f1e0000, 0x00007fe58db50000)
  eden space 2814720K,   0% used [0x00007fe038600000, 0x00007fe038600000, 0x00007fe0e42c0000)
  from space 351808K,   0% used [0x00007fe0f9a50000, 0x00007fe0f9a50248, 0x00007fe10f1e0000)
  to   space 351808K,   0% used [0x00007fe0e42c0000, 0x00007fe0e42c0000, 0x00007fe0f9a50000)
 tenured generation   total 7036544K, used 4208114K [0x00007fe58db50000, 0x00007fe73b2f0000, 0x00007ff038600000)
   the space 7036544K,  59% used [0x00007fe58db50000, 0x00007fe68e8cc938, 0x00007fe68e8cca00, 0x00007fe73b2f0000)
 Metaspace       used 30725K, capacity 31093K, committed 31232K, reserved 32768K
}
Event: 184.741 GC heap before
{Heap before GC invocations=66 (full 19):
 def new generation   total 3166528K, used 2447384K [0x00007fe038600000, 0x00007fe10f1e0000, 0x00007fe58db50000)
  eden space 2814720K,  86% used [0x00007fe038600000, 0x00007fe0cdc05ed8, 0x00007fe0e42c0000)
  from space 351808K,   0% used [0x00007fe0f9a50000, 0x00007fe0f9a50248, 0x00007fe10f1e0000)
  to   space 351808K,   0% used [0x00007fe0e42c0000, 0x00007fe0e42c0000, 0x00007fe0f9a50000)
 tenured generation   total 7036544K, used 4208114K [0x00007fe58db50000, 0x00007fe73b2f0000, 0x00007ff038600000)
   the space 7036544K,  59% used [0x00007fe58db50000, 0x00007fe68e8cc938, 0x00007fe68e8cca00, 0x00007fe73b2f0000)
 Metaspace       used 30725K, capacity 31093K, committed 31232K, reserved 32768K
}
Event: 185.005 GC heap after
{Heap after GC invocations=67 (full 19):
 def new generation   total 3166528K, used 294913K [0x00007fe038600000, 0x00007fe10f1e0000, 0x00007fe58db50000)
  eden space 2814720K,   0% used [0x00007fe038600000, 0x00007fe038600000, 0x00007fe0e42c0000)
  from space 351808K,  83% used [0x00007fe0e42c0000, 0x00007fe0f62c06b0, 0x00007fe0f9a50000)
  to   space 351808K,   0% used [0x00007fe0f9a50000, 0x00007fe0f9a50000, 0x00007fe10f1e0000)
 tenured generation   total 7036544K, used 4208114K [0x00007fe58db50000, 0x00007fe73b2f0000, 0x00007ff038600000)
   the space 7036544K,  59% used [0x00007fe58db50000, 0x00007fe68e8cc938, 0x00007fe68e8cca00, 0x00007fe73b2f0000)
 Metaspace       used 30725K, capacity 31093K, committed 31232K, reserved 32768K
}
Event: 186.875 GC heap before
{Heap before GC invocations=67 (full 19):
 def new generation   total 3166528K, used 3102641K [0x00007fe038600000, 0x00007fe10f1e0000, 0x00007fe58db50000)
  eden space 2814720K,  99% used [0x00007fe038600000, 0x00007fe0e3bebe60, 0x00007fe0e42c0000)
  from space 351808K,  83% used [0x00007fe0e42c0000, 0x00007fe0f62c06b0, 0x00007fe0f9a50000)
  to   space 351808K,   0% used [0x00007fe0f9a50000, 0x00007fe0f9a50000, 0x00007fe10f1e0000)
 tenured generation   total 7036544K, used 4208114K [0x00007fe58db50000, 0x00007fe73b2f0000, 0x00007ff038600000)
   the space 7036544K,  59% used [0x00007fe58db50000, 0x00007fe68e8cc938, 0x00007fe68e8cca00, 0x00007fe73b2f0000)
 Metaspace       used 30725K, capacity 31093K, committed 31232K, reserved 32768K
}
Event: 187.107 GC heap after
{Heap after GC invocations=68 (full 19):
 def new generation   total 3166528K, used 131073K [0x00007fe038600000, 0x00007fe10f1e0000, 0x00007fe58db50000)
  eden space 2814720K,   0% used [0x00007fe038600000, 0x00007fe038600000, 0x00007fe0e42c0000)
  from space 351808K,  37% used [0x00007fe0f9a50000, 0x00007fe101a50648, 0x00007fe10f1e0000)
  to   space 351808K,   0% used [0x00007fe0e42c0000, 0x00007fe0e42c0000, 0x00007fe0f9a50000)
 tenured generation   total 7036544K, used 4896243K [0x00007fe58db50000, 0x00007fe73b2f0000, 0x00007ff038600000)
   the space 7036544K,  69% used [0x00007fe58db50000, 0x00007fe6b88ccce8, 0x00007fe6b88cce00, 0x00007fe73b2f0000)
 Metaspace       used 30725K, capacity 31093K, committed 31232K, reserved 32768K
}
Event: 188.614 GC heap before
{Heap before GC invocations=68 (full 19):
 def new generation   total 3166528K, used 2927928K [0x00007fe038600000, 0x00007fe10f1e0000, 0x00007fe58db50000)
  eden space 2814720K,  99% used [0x00007fe038600000, 0x00007fe0e314dd18, 0x00007fe0e42c0000)
  from space 351808K,  37% used [0x00007fe0f9a50000, 0x00007fe101a50648, 0x00007fe10f1e0000)
  to   space 351808K,   0% used [0x00007fe0e42c0000, 0x00007fe0e42c0000, 0x00007fe0f9a50000)
 tenured generation   total 7036544K, used 4896243K [0x00007fe58db50000, 0x00007fe73b2f0000, 0x00007ff038600000)
   the space 7036544K,  69% used [0x00007fe58db50000, 0x00007fe6b88ccce8, 0x00007fe6b88cce00, 0x00007fe73b2f0000)
 Metaspace       used 30856K, capacity 31339K, committed 31488K, reserved 32768K
}
Event: 188.641 GC heap after
{Heap after GC invocations=69 (full 19):
 def new generation   total 3166528K, used 133815K [0x00007fe038600000, 0x00007fe10f1e0000, 0x00007fe58db50000)
  eden space 2814720K,   0% used [0x00007fe038600000, 0x00007fe038600000, 0x00007fe0e42c0000)
  from space 351808K,  38% used [0x00007fe0e42c0000, 0x00007fe0ec56dd30, 0x00007fe0f9a50000)
  to   space 351808K,   0% used [0x00007fe0f9a50000, 0x00007fe0f9a50000, 0x00007fe10f1e0000)
 tenured generation   total 7036544K, used 4896243K [0x00007fe58db50000, 0x00007fe73b2f0000, 0x00007ff038600000)
   the space 7036544K,  69% used [0x00007fe58db50000, 0x00007fe6b88ccce8, 0x00007fe6b88cce00, 0x00007fe73b2f0000)
 Metaspace       used 30856K, capacity 31339K, committed 31488K, reserved 32768K
}
Event: 189.990 GC heap before
{Heap before GC invocations=69 (full 19):
 def new generation   total 3166528K, used 2570527K [0x00007fe038600000, 0x00007fe10f1e0000, 0x00007fe58db50000)
  eden space 2814720K,  86% used [0x00007fe038600000, 0x00007fe0cd19a080, 0x00007fe0e42c0000)
  from space 351808K,  38% used [0x00007fe0e42c0000, 0x00007fe0ec56dd30, 0x00007fe0f9a50000)
  to   space 351808K,   0% used [0x00007fe0f9a50000, 0x00007fe0f9a50000, 0x00007fe10f1e0000)
 tenured generation   total 7036544K, used 4896243K [0x00007fe58db50000, 0x00007fe73b2f0000, 0x00007ff038600000)
   the space 7036544K,  69% used [0x00007fe58db50000, 0x00007fe6b88ccce8, 0x00007fe6b88cce00, 0x00007fe73b2f0000)
 Metaspace       used 30856K, capacity 31339K, committed 31488K, reserved 32768K
}
Event: 190.148 GC heap after
{Heap after GC invocations=70 (full 19):
 def new generation   total 3166528K, used 330427K [0x00007fe038600000, 0x00007fe10f1e0000, 0x00007fe58db50000)
  eden space 2814720K,   0% used [0x00007fe038600000, 0x00007fe038600000, 0x00007fe0e42c0000)
  from space 351808K,  93% used [0x00007fe0f9a50000, 0x00007fe10dcfef18, 0x00007fe10f1e0000)
  to   space 351808K,   0% used [0x00007fe0e42c0000, 0x00007fe0e42c0000, 0x00007fe0f9a50000)
 tenured generation   total 7036544K, used 4896243K [0x00007fe58db50000, 0x00007fe73b2f0000, 0x00007ff038600000)
   the space 7036544K,  69% used [0x00007fe58db50000, 0x00007fe6b88ccce8, 0x00007fe6b88cce00, 0x00007fe73b2f0000)
 Metaspace       used 30856K, capacity 31339K, committed 31488K, reserved 32768K
}
Event: 191.219 GC heap before
{Heap before GC invocations=70 (full 19):
 def new generation   total 3166528K, used 2482959K [0x00007fe038600000, 0x00007fe10f1e0000, 0x00007fe58db50000)
  eden space 2814720K,  76% used [0x00007fe038600000, 0x00007fe0bbc15070, 0x00007fe0e42c0000)
  from space 351808K,  93% used [0x00007fe0f9a50000, 0x00007fe10dcfef18, 0x00007fe10f1e0000)
  to   space 351808K,   0% used [0x00007fe0e42c0000, 0x00007fe0e42c0000, 0x00007fe0f9a50000)
 tenured generation   total 7036544K, used 4896243K [0x00007fe58db50000, 0x00007fe73b2f0000, 0x00007ff038600000)
   the space 7036544K,  69% used [0x00007fe58db50000, 0x00007fe6b88ccce8, 0x00007fe6b88cce00, 0x00007fe73b2f0000)
 Metaspace       used 30856K, capacity 31339K, committed 31488K, reserved 32768K
}
Event: 191.416 GC heap after
{Heap after GC invocations=71 (full 19):
 def new generation   total 3166528K, used 1K [0x00007fe038600000, 0x00007fe10f1e0000, 0x00007fe58db50000)
  eden space 2814720K,   0% used [0x00007fe038600000, 0x00007fe038600000, 0x00007fe0e42c0000)
  from space 351808K,   0% used [0x00007fe0e42c0000, 0x00007fe0e42c0420, 0x00007fe0f9a50000)
  to   space 351808K,   0% used [0x00007fe0f9a50000, 0x00007fe0f9a50000, 0x00007fe10f1e0000)
 tenured generation   total 7036544K, used 6013101K [0x00007fe58db50000, 0x00007fe73b2f0000, 0x00007ff038600000)
   the space 7036544K,  85% used [0x00007fe58db50000, 0x00007fe6fcb7b788, 0x00007fe6fcb7b800, 0x00007fe73b2f0000)
 Metaspace       used 30856K, capacity 31339K, committed 31488K, reserved 32768K
}
Event: 191.416 GC heap before
{Heap before GC invocations=71 (full 19):
 def new generation   total 3166528K, used 1K [0x00007fe038600000, 0x00007fe10f1e0000, 0x00007fe58db50000)
  eden space 2814720K,   0% used [0x00007fe038600000, 0x00007fe038600000, 0x00007fe0e42c0000)
  from space 351808K,   0% used [0x00007fe0e42c0000, 0x00007fe0e42c0420, 0x00007fe0f9a50000)
  to   space 351808K,   0% used [0x00007fe0f9a50000, 0x00007fe0f9a50000, 0x00007fe10f1e0000)
 tenured generation   total 7036544K, used 6013101K [0x00007fe58db50000, 0x00007fe73b2f0000, 0x00007ff038600000)
   the space 7036544K,  85% used [0x00007fe58db50000, 0x00007fe6fcb7b788, 0x00007fe6fcb7b800, 0x00007fe73b2f0000)
 Metaspace       used 30856K, capacity 31339K, committed 31488K, reserved 32768K
}
Event: 192.045 GC heap after
{Heap after GC invocations=71 (full 20):
 def new generation   total 1593472K, used 0K [0x00007fe038600000, 0x00007fe0a4700000, 0x00007fe58db50000)
  eden space 1416448K,   0% used [0x00007fe038600000, 0x00007fe038600000, 0x00007fe08ed40000)
  from space 177024K,   0% used [0x00007fe08ed40000, 0x00007fe08ed40000, 0x00007fe099a20000)
  to   space 177024K,   0% used [0x00007fe099a20000, 0x00007fe099a20000, 0x00007fe0a4700000)
 tenured generation   total 3540916K, used 1062274K [0x00007fe58db50000, 0x00007fe665d3d000, 0x00007ff038600000)
   the space 3540916K,  29% used [0x00007fe58db50000, 0x00007fe5ce8b0820, 0x00007fe5ce8b0a00, 0x00007fe665d3d000)
 Metaspace       used 30856K, capacity 31339K, committed 31488K, reserved 32768K
}
Event: 197.408 GC heap before
{Heap before GC invocations=71 (full 20):
 def new generation   total 1593472K, used 28020K [0x00007fe038600000, 0x00007fe0a4700000, 0x00007fe58db50000)
  eden space 1416448K,   1% used [0x00007fe038600000, 0x00007fe03a15d380, 0x00007fe08ed40000)
  from space 177024K,   0% used [0x00007fe08ed40000, 0x00007fe08ed40000, 0x00007fe099a20000)
  to   space 177024K,   0% used [0x00007fe099a20000, 0x00007fe099a20000, 0x00007fe0a4700000)
 tenured generation   total 7735224K, used 7353730K [0x00007fe58db50000, 0x00007fe765d3e000, 0x00007ff038600000)
   the space 7735224K,  95% used [0x00007fe58db50000, 0x00007fe74e8b0850, 0x00007fe74e8b0a00, 0x00007fe765d3e000)
 Metaspace       used 30856K, capacity 31339K, committed 31488K, reserved 32768K
}
Event: 197.410 GC heap after
{Heap after GC invocations=72 (full 20):
 def new generation   total 1593472K, used 0K [0x00007fe038600000, 0x00007fe0a4700000, 0x00007fe58db50000)
  eden space 1416448K,   0% used [0x00007fe038600000, 0x00007fe038600000, 0x00007fe08ed40000)
  from space 177024K,   0% used [0x00007fe099a20000, 0x00007fe099a201b0, 0x00007fe0a4700000)
  to   space 177024K,   0% used [0x00007fe08ed40000, 0x00007fe08ed40000, 0x00007fe099a20000)
 tenured generation   total 7735224K, used 7353730K [0x00007fe58db50000, 0x00007fe765d3e000, 0x00007ff038600000)
   the space 7735224K,  95% used [0x00007fe58db50000, 0x00007fe74e8b0850, 0x00007fe74e8b0a00, 0x00007fe765d3e000)
 Metaspace       used 30856K, capacity 31339K, committed 31488K, reserved 32768K
}
Event: 197.410 GC heap before
{Heap before GC invocations=72 (full 20):
 def new generation   total 1593472K, used 0K [0x00007fe038600000, 0x00007fe0a4700000, 0x00007fe58db50000)
  eden space 1416448K,   0% used [0x00007fe038600000, 0x00007fe038600000, 0x00007fe08ed40000)
  from space 177024K,   0% used [0x00007fe099a20000, 0x00007fe099a201b0, 0x00007fe0a4700000)
  to   space 177024K,   0% used [0x00007fe08ed40000, 0x00007fe08ed40000, 0x00007fe099a20000)
 tenured generation   total 7735224K, used 7353730K [0x00007fe58db50000, 0x00007fe765d3e000, 0x00007ff038600000)
   the space 7735224K,  95% used [0x00007fe58db50000, 0x00007fe74e8b0850, 0x00007fe74e8b0a00, 0x00007fe765d3e000)
 Metaspace       used 30856K, capacity 31339K, committed 31488K, reserved 32768K
}

