# JRE version: OpenJDK Runtime Environment (13.0.7+5) (build 13.0.7+5-Ubuntu-0ubuntu120.04)
# Java VM: OpenJDK 64-Bit Server VM (13.0.7+5-Ubuntu-0ubuntu120.04, mixed mode, tiered, serial gc, linux-amd64)
Heap:
 def new generation   total 4466688K, used 0K [0x00007f7e28600000, 0x00007f7f574a0000, 0x00007f88d30a0000)
  eden space 3970432K,   0% used [0x00007f7e28600000, 0x00007f7e28600000, 0x00007f7f1ab60000)
  from space 496256K,   0% used [0x00007f7f39000000, 0x00007f7f39000000, 0x00007f7f574a0000)
  to   space 496256K,   0% used [0x00007f7f1ab60000, 0x00007f7f1ab60000, 0x00007f7f39000000)
 tenured generation   total 9942184K, used 9858806K [0x00007f88d30a0000, 0x00007f8b31dca000, 0x00007f9e28600000)
   the space 9942184K,  99% used [0x00007f88d30a0000, 0x00007f8b2cc5db80, 0x00007f8b2cc5dc00, 0x00007f8b31dca000)
 Metaspace       used 24264K, capacity 24635K, committed 24832K, reserved 26624K
GC Heap History (20 events):
Event: 4716.908 GC heap after
{Heap after GC invocations=2950 (full 7):
 def new generation   total 4466688K, used 149593K [0x00007f7e28600000, 0x00007f7f574a0000, 0x00007f88d30a0000)
  eden space 3970432K,   0% used [0x00007f7e28600000, 0x00007f7e28600000, 0x00007f7f1ab60000)
  from space 496256K,  30% used [0x00007f7f1ab60000, 0x00007f7f23d765e8, 0x00007f7f39000000)
  to   space 496256K,   0% used [0x00007f7f39000000, 0x00007f7f39000000, 0x00007f7f574a0000)
 tenured generation   total 9925796K, used 9872164K [0x00007f88d30a0000, 0x00007f8b30dc9000, 0x00007f9e28600000)
   the space 9925796K,  99% used [0x00007f88d30a0000, 0x00007f8b2d969030, 0x00007f8b2d969200, 0x00007f8b30dc9000)
 Metaspace       used 24264K, capacity 24635K, committed 24832K, reserved 26624K
}
Event: 4721.004 GC heap before
{Heap before GC invocations=2950 (full 7):
 def new generation   total 4466688K, used 4120025K [0x00007f7e28600000, 0x00007f7f574a0000, 0x00007f88d30a0000)
  eden space 3970432K, 100% used [0x00007f7e28600000, 0x00007f7f1ab60000, 0x00007f7f1ab60000)
  from space 496256K,  30% used [0x00007f7f1ab60000, 0x00007f7f23d765e8, 0x00007f7f39000000)
  to   space 496256K,   0% used [0x00007f7f39000000, 0x00007f7f39000000, 0x00007f7f574a0000)
 tenured generation   total 9925796K, used 9872164K [0x00007f88d30a0000, 0x00007f8b30dc9000, 0x00007f9e28600000)
   the space 9925796K,  99% used [0x00007f88d30a0000, 0x00007f8b2d969030, 0x00007f8b2d969200, 0x00007f8b30dc9000)
 Metaspace       used 24264K, capacity 24635K, committed 24832K, reserved 26624K
}
Event: 4721.118 GC heap after
{Heap after GC invocations=2951 (full 7):
 def new generation   total 4466688K, used 152631K [0x00007f7e28600000, 0x00007f7f574a0000, 0x00007f88d30a0000)
  eden space 3970432K,   0% used [0x00007f7e28600000, 0x00007f7e28600000, 0x00007f7f1ab60000)
  from space 496256K,  30% used [0x00007f7f39000000, 0x00007f7f4250df00, 0x00007f7f574a0000)
  to   space 496256K,   0% used [0x00007f7f1ab60000, 0x00007f7f1ab60000, 0x00007f7f39000000)
 tenured generation   total 9925796K, used 9872164K [0x00007f88d30a0000, 0x00007f8b30dc9000, 0x00007f9e28600000)
   the space 9925796K,  99% used [0x00007f88d30a0000, 0x00007f8b2d969030, 0x00007f8b2d969200, 0x00007f8b30dc9000)
 Metaspace       used 24264K, capacity 24635K, committed 24832K, reserved 26624K
}
Event: 4725.118 GC heap before
{Heap before GC invocations=2951 (full 7):
 def new generation   total 4466688K, used 4123063K [0x00007f7e28600000, 0x00007f7f574a0000, 0x00007f88d30a0000)
  eden space 3970432K, 100% used [0x00007f7e28600000, 0x00007f7f1ab60000, 0x00007f7f1ab60000)
  from space 496256K,  30% used [0x00007f7f39000000, 0x00007f7f4250df00, 0x00007f7f574a0000)
  to   space 496256K,   0% used [0x00007f7f1ab60000, 0x00007f7f1ab60000, 0x00007f7f39000000)
 tenured generation   total 9925796K, used 9872164K [0x00007f88d30a0000, 0x00007f8b30dc9000, 0x00007f9e28600000)
   the space 9925796K,  99% used [0x00007f88d30a0000, 0x00007f8b2d969030, 0x00007f8b2d969200, 0x00007f8b30dc9000)
 Metaspace       used 24264K, capacity 24635K, committed 24832K, reserved 26624K
}
Event: 4725.251 GC heap after
{Heap after GC invocations=2952 (full 7):
 def new generation   total 4466688K, used 139295K [0x00007f7e28600000, 0x00007f7f574a0000, 0x00007f88d30a0000)
  eden space 3970432K,   0% used [0x00007f7e28600000, 0x00007f7e28600000, 0x00007f7f1ab60000)
  from space 496256K,  28% used [0x00007f7f1ab60000, 0x00007f7f23367dc0, 0x00007f7f39000000)
  to   space 496256K,   0% used [0x00007f7f39000000, 0x00007f7f39000000, 0x00007f7f574a0000)
 tenured generation   total 9925796K, used 9889124K [0x00007f88d30a0000, 0x00007f8b30dc9000, 0x00007f9e28600000)
   the space 9925796K,  99% used [0x00007f88d30a0000, 0x00007f8b2e9f9028, 0x00007f8b2e9f9200, 0x00007f8b30dc9000)
 Metaspace       used 24264K, capacity 24635K, committed 24832K, reserved 26624K
}
Event: 4729.617 GC heap before
{Heap before GC invocations=2952 (full 7):
 def new generation   total 4466688K, used 4109727K [0x00007f7e28600000, 0x00007f7f574a0000, 0x00007f88d30a0000)
  eden space 3970432K, 100% used [0x00007f7e28600000, 0x00007f7f1ab60000, 0x00007f7f1ab60000)
  from space 496256K,  28% used [0x00007f7f1ab60000, 0x00007f7f23367dc0, 0x00007f7f39000000)
  to   space 496256K,   0% used [0x00007f7f39000000, 0x00007f7f39000000, 0x00007f7f574a0000)
 tenured generation   total 9925796K, used 9889124K [0x00007f88d30a0000, 0x00007f8b30dc9000, 0x00007f9e28600000)
   the space 9925796K,  99% used [0x00007f88d30a0000, 0x00007f8b2e9f9028, 0x00007f8b2e9f9200, 0x00007f8b30dc9000)
 Metaspace       used 24264K, capacity 24635K, committed 24832K, reserved 26624K
}
Event: 4729.736 GC heap after
{Heap after GC invocations=2953 (full 7):
 def new generation   total 4466688K, used 152653K [0x00007f7e28600000, 0x00007f7f574a0000, 0x00007f88d30a0000)
  eden space 3970432K,   0% used [0x00007f7e28600000, 0x00007f7e28600000, 0x00007f7f1ab60000)
  from space 496256K,  30% used [0x00007f7f39000000, 0x00007f7f42513440, 0x00007f7f574a0000)
  to   space 496256K,   0% used [0x00007f7f1ab60000, 0x00007f7f1ab60000, 0x00007f7f39000000)
 tenured generation   total 9925796K, used 9889124K [0x00007f88d30a0000, 0x00007f8b30dc9000, 0x00007f9e28600000)
   the space 9925796K,  99% used [0x00007f88d30a0000, 0x00007f8b2e9f9028, 0x00007f8b2e9f9200, 0x00007f8b30dc9000)
 Metaspace       used 24264K, capacity 24635K, committed 24832K, reserved 26624K
}
Event: 4733.775 GC heap before
{Heap before GC invocations=2953 (full 7):
 def new generation   total 4466688K, used 4123085K [0x00007f7e28600000, 0x00007f7f574a0000, 0x00007f88d30a0000)
  eden space 3970432K, 100% used [0x00007f7e28600000, 0x00007f7f1ab60000, 0x00007f7f1ab60000)
  from space 496256K,  30% used [0x00007f7f39000000, 0x00007f7f42513440, 0x00007f7f574a0000)
  to   space 496256K,   0% used [0x00007f7f1ab60000, 0x00007f7f1ab60000, 0x00007f7f39000000)
 tenured generation   total 9925796K, used 9889124K [0x00007f88d30a0000, 0x00007f8b30dc9000, 0x00007f9e28600000)
   the space 9925796K,  99% used [0x00007f88d30a0000, 0x00007f8b2e9f9028, 0x00007f8b2e9f9200, 0x00007f8b30dc9000)
 Metaspace       used 24264K, capacity 24635K, committed 24832K, reserved 26624K
}
Event: 4733.907 GC heap after
{Heap after GC invocations=2954 (full 7):
 def new generation   total 4466688K, used 146502K [0x00007f7e28600000, 0x00007f7f574a0000, 0x00007f88d30a0000)
  eden space 3970432K,   0% used [0x00007f7e28600000, 0x00007f7e28600000, 0x00007f7f1ab60000)
  from space 496256K,  29% used [0x00007f7f1ab60000, 0x00007f7f23a71860, 0x00007f7f39000000)
  to   space 496256K,   0% used [0x00007f7f39000000, 0x00007f7f39000000, 0x00007f7f574a0000)
 tenured generation   total 9925796K, used 9906084K [0x00007f88d30a0000, 0x00007f8b30dc9000, 0x00007f9e28600000)
   the space 9925796K,  99% used [0x00007f88d30a0000, 0x00007f8b2fa89020, 0x00007f8b2fa89200, 0x00007f8b30dc9000)
 Metaspace       used 24264K, capacity 24635K, committed 24832K, reserved 26624K
}
Event: 4738.677 GC heap before
{Heap before GC invocations=2954 (full 7):
 def new generation   total 4466688K, used 4116934K [0x00007f7e28600000, 0x00007f7f574a0000, 0x00007f88d30a0000)
  eden space 3970432K, 100% used [0x00007f7e28600000, 0x00007f7f1ab60000, 0x00007f7f1ab60000)
  from space 496256K,  29% used [0x00007f7f1ab60000, 0x00007f7f23a71860, 0x00007f7f39000000)
  to   space 496256K,   0% used [0x00007f7f39000000, 0x00007f7f39000000, 0x00007f7f574a0000)
 tenured generation   total 9925796K, used 9906084K [0x00007f88d30a0000, 0x00007f8b30dc9000, 0x00007f9e28600000)
   the space 9925796K,  99% used [0x00007f88d30a0000, 0x00007f8b2fa89020, 0x00007f8b2fa89200, 0x00007f8b30dc9000)
 Metaspace       used 24264K, capacity 24635K, committed 24832K, reserved 26624K
}
Event: 4738.825 GC heap after
{Heap after GC invocations=2955 (full 7):
 def new generation   total 4466688K, used 151109K [0x00007f7e28600000, 0x00007f7f574a0000, 0x00007f88d30a0000)
  eden space 3970432K,   0% used [0x00007f7e28600000, 0x00007f7e28600000, 0x00007f7f1ab60000)
  from space 496256K,  30% used [0x00007f7f39000000, 0x00007f7f42391538, 0x00007f7f574a0000)
  to   space 496256K,   0% used [0x00007f7f1ab60000, 0x00007f7f1ab60000, 0x00007f7f39000000)
 tenured generation   total 9925796K, used 9906084K [0x00007f88d30a0000, 0x00007f8b30dc9000, 0x00007f9e28600000)
   the space 9925796K,  99% used [0x00007f88d30a0000, 0x00007f8b2fa89020, 0x00007f8b2fa89200, 0x00007f8b30dc9000)
 Metaspace       used 24264K, capacity 24635K, committed 24832K, reserved 26624K
}
Event: 4742.434 GC heap before
{Heap before GC invocations=2955 (full 7):
 def new generation   total 4466688K, used 4121541K [0x00007f7e28600000, 0x00007f7f574a0000, 0x00007f88d30a0000)
  eden space 3970432K, 100% used [0x00007f7e28600000, 0x00007f7f1ab60000, 0x00007f7f1ab60000)
  from space 496256K,  30% used [0x00007f7f39000000, 0x00007f7f42391538, 0x00007f7f574a0000)
  to   space 496256K,   0% used [0x00007f7f1ab60000, 0x00007f7f1ab60000, 0x00007f7f39000000)
 tenured generation   total 9925796K, used 9906084K [0x00007f88d30a0000, 0x00007f8b30dc9000, 0x00007f9e28600000)
   the space 9925796K,  99% used [0x00007f88d30a0000, 0x00007f8b2fa89020, 0x00007f8b2fa89200, 0x00007f8b30dc9000)
 Metaspace       used 24264K, capacity 24635K, committed 24832K, reserved 26624K
}
Event: 4742.586 GC heap after
{Heap after GC invocations=2956 (full 7):
 def new generation   total 4466688K, used 137227K [0x00007f7e28600000, 0x00007f7f574a0000, 0x00007f88d30a0000)
  eden space 3970432K,   0% used [0x00007f7e28600000, 0x00007f7e28600000, 0x00007f7f1ab60000)
  from space 496256K,  27% used [0x00007f7f1ab60000, 0x00007f7f23162f38, 0x00007f7f39000000)
  to   space 496256K,   0% used [0x00007f7f39000000, 0x00007f7f39000000, 0x00007f7f574a0000)
 tenured generation   total 9925796K, used 9923044K [0x00007f88d30a0000, 0x00007f8b30dc9000, 0x00007f9e28600000)
   the space 9925796K,  99% used [0x00007f88d30a0000, 0x00007f8b30b19018, 0x00007f8b30b19200, 0x00007f8b30dc9000)
 Metaspace       used 24264K, capacity 24635K, committed 24832K, reserved 26624K
}
Event: 4747.301 GC heap before
{Heap before GC invocations=2956 (full 7):
 def new generation   total 4466688K, used 4107659K [0x00007f7e28600000, 0x00007f7f574a0000, 0x00007f88d30a0000)
  eden space 3970432K, 100% used [0x00007f7e28600000, 0x00007f7f1ab60000, 0x00007f7f1ab60000)
  from space 496256K,  27% used [0x00007f7f1ab60000, 0x00007f7f23162f38, 0x00007f7f39000000)
  to   space 496256K,   0% used [0x00007f7f39000000, 0x00007f7f39000000, 0x00007f7f574a0000)
 tenured generation   total 9925796K, used 9923044K [0x00007f88d30a0000, 0x00007f8b30dc9000, 0x00007f9e28600000)
   the space 9925796K,  99% used [0x00007f88d30a0000, 0x00007f8b30b19018, 0x00007f8b30b19200, 0x00007f8b30dc9000)
 Metaspace       used 24264K, capacity 24635K, committed 24832K, reserved 26624K
}
Event: 4747.408 GC heap after
{Heap after GC invocations=2957 (full 7):
 def new generation   total 4466688K, used 150091K [0x00007f7e28600000, 0x00007f7f574a0000, 0x00007f88d30a0000)
  eden space 3970432K,   0% used [0x00007f7e28600000, 0x00007f7e28600000, 0x00007f7f1ab60000)
  from space 496256K,  30% used [0x00007f7f39000000, 0x00007f7f42292d10, 0x00007f7f574a0000)
  to   space 496256K,   0% used [0x00007f7f1ab60000, 0x00007f7f1ab60000, 0x00007f7f39000000)
 tenured generation   total 9925796K, used 9923044K [0x00007f88d30a0000, 0x00007f8b30dc9000, 0x00007f9e28600000)
   the space 9925796K,  99% used [0x00007f88d30a0000, 0x00007f8b30b19018, 0x00007f8b30b19200, 0x00007f8b30dc9000)
 Metaspace       used 24264K, capacity 24635K, committed 24832K, reserved 26624K
}
Event: 4750.760 GC heap before
{Heap before GC invocations=2957 (full 7):
 def new generation   total 4466688K, used 4120523K [0x00007f7e28600000, 0x00007f7f574a0000, 0x00007f88d30a0000)
  eden space 3970432K, 100% used [0x00007f7e28600000, 0x00007f7f1ab60000, 0x00007f7f1ab60000)
  from space 496256K,  30% used [0x00007f7f39000000, 0x00007f7f42292d10, 0x00007f7f574a0000)
  to   space 496256K,   0% used [0x00007f7f1ab60000, 0x00007f7f1ab60000, 0x00007f7f39000000)
 tenured generation   total 9925796K, used 9923044K [0x00007f88d30a0000, 0x00007f8b30dc9000, 0x00007f9e28600000)
   the space 9925796K,  99% used [0x00007f88d30a0000, 0x00007f8b30b19018, 0x00007f8b30b19200, 0x00007f8b30dc9000)
 Metaspace       used 24264K, capacity 24635K, committed 24832K, reserved 26624K
}
Event: 4750.888 GC heap after
{Heap after GC invocations=2958 (full 7):
 def new generation   total 4466688K, used 152654K [0x00007f7e28600000, 0x00007f7f574a0000, 0x00007f88d30a0000)
  eden space 3970432K,   0% used [0x00007f7e28600000, 0x00007f7e28600000, 0x00007f7f1ab60000)
  from space 496256K,  30% used [0x00007f7f1ab60000, 0x00007f7f24073948, 0x00007f7f39000000)
  to   space 496256K,   0% used [0x00007f7f39000000, 0x00007f7f39000000, 0x00007f7f574a0000)
 tenured generation   total 9925796K, used 9923044K [0x00007f88d30a0000, 0x00007f8b30dc9000, 0x00007f9e28600000)
   the space 9925796K,  99% used [0x00007f88d30a0000, 0x00007f8b30b19018, 0x00007f8b30b19200, 0x00007f8b30dc9000)
 Metaspace       used 24264K, capacity 24635K, committed 24832K, reserved 26624K
}
Event: 4755.515 GC heap before
{Heap before GC invocations=2958 (full 7):
 def new generation   total 4466688K, used 4123086K [0x00007f7e28600000, 0x00007f7f574a0000, 0x00007f88d30a0000)
  eden space 3970432K, 100% used [0x00007f7e28600000, 0x00007f7f1ab60000, 0x00007f7f1ab60000)
  from space 496256K,  30% used [0x00007f7f1ab60000, 0x00007f7f24073948, 0x00007f7f39000000)
  to   space 496256K,   0% used [0x00007f7f39000000, 0x00007f7f39000000, 0x00007f7f574a0000)
 tenured generation   total 9925796K, used 9923044K [0x00007f88d30a0000, 0x00007f8b30dc9000, 0x00007f9e28600000)
   the space 9925796K,  99% used [0x00007f88d30a0000, 0x00007f8b30b19018, 0x00007f8b30b19200, 0x00007f8b30dc9000)
 Metaspace       used 24264K, capacity 24635K, committed 24832K, reserved 26624K
}
Event: 4755.646 GC heap after
{Heap after GC invocations=2959 (full 7):
 def new generation   total 4466688K, used 149058K [0x00007f7e28600000, 0x00007f7f574a0000, 0x00007f88d30a0000)
  eden space 3970432K,   0% used [0x00007f7e28600000, 0x00007f7e28600000, 0x00007f7f1ab60000)
  from space 496256K,  30% used [0x00007f7f39000000, 0x00007f7f421909d8, 0x00007f7f574a0000)
  to   space 496256K,   0% used [0x00007f7f1ab60000, 0x00007f7f1ab60000, 0x00007f7f39000000)
 tenured generation   total 9942184K, used 9940004K [0x00007f88d30a0000, 0x00007f8b31dca000, 0x00007f9e28600000)
   the space 9942184K,  99% used [0x00007f88d30a0000, 0x00007f8b31ba9010, 0x00007f8b31ba9200, 0x00007f8b31dca000)
 Metaspace       used 24264K, capacity 24635K, committed 24832K, reserved 26624K
}
Event: 4755.646 GC heap before
{Heap before GC invocations=2959 (full 7):
 def new generation   total 4466688K, used 149058K [0x00007f7e28600000, 0x00007f7f574a0000, 0x00007f88d30a0000)
  eden space 3970432K,   0% used [0x00007f7e28600000, 0x00007f7e28600000, 0x00007f7f1ab60000)
  from space 496256K,  30% used [0x00007f7f39000000, 0x00007f7f421909d8, 0x00007f7f574a0000)
  to   space 496256K,   0% used [0x00007f7f1ab60000, 0x00007f7f1ab60000, 0x00007f7f39000000)
 tenured generation   total 9942184K, used 9940004K [0x00007f88d30a0000, 0x00007f8b31dca000, 0x00007f9e28600000)
   the space 9942184K,  99% used [0x00007f88d30a0000, 0x00007f8b31ba9010, 0x00007f8b31ba9200, 0x00007f8b31dca000)
 Metaspace       used 24264K, capacity 24635K, committed 24832K, reserved 26624K
}

