# JRE version: OpenJDK Runtime Environment (13.0.7+5) (build 13.0.7+5-Ubuntu-0ubuntu120.04)
# Java VM: OpenJDK 64-Bit Server VM (13.0.7+5-Ubuntu-0ubuntu120.04, mixed mode, tiered, serial gc, linux-amd64)
Heap:
 def new generation   total 4862272K, used 162679K [0x00007f88a4600000, 0x00007f89ee1e0000, 0x00007f8df9b50000)
  eden space 4322048K,   3% used [0x00007f88a4600000, 0x00007f88ae4ddd00, 0x00007f89ac2c0000)
  from space 540224K,   0% used [0x00007f89cd250000, 0x00007f89cd250000, 0x00007f89ee1e0000)
  to   space 540224K,   0% used [0x00007f89ac2c0000, 0x00007f89ac2c0000, 0x00007f89cd250000)
 tenured generation   total 10808200K, used 10808199K [0x00007f8df9b50000, 0x00007f908d632000, 0x00007f98a4600000)
   the space 10808200K,  99% used [0x00007f8df9b50000, 0x00007f908d631fe8, 0x00007f908d632000, 0x00007f908d632000)
 Metaspace       used 24245K, capacity 24658K, committed 24832K, reserved 26624K
GC Heap History (20 events):
Event: 4463.640 GC heap after
{Heap after GC invocations=2605 (full 5):
 def new generation   total 4862272K, used 155870K [0x00007f88a4600000, 0x00007f89ee1e0000, 0x00007f8df9b50000)
  eden space 4322048K,   0% used [0x00007f88a4600000, 0x00007f88a4600000, 0x00007f89ac2c0000)
  from space 540224K,  28% used [0x00007f89ac2c0000, 0x00007f89b5af7b78, 0x00007f89cd250000)
  to   space 540224K,   0% used [0x00007f89cd250000, 0x00007f89cd250000, 0x00007f89ee1e0000)
 tenured generation   total 10804936K, used 10717179K [0x00007f8df9b50000, 0x00007f908d302000, 0x00007f98a4600000)
   the space 10804936K,  99% used [0x00007f8df9b50000, 0x00007f9087d4eda8, 0x00007f9087d4ee00, 0x00007f908d302000)
 Metaspace       used 24245K, capacity 24658K, committed 24832K, reserved 26624K
}
Event: 4467.859 GC heap before
{Heap before GC invocations=2605 (full 5):
 def new generation   total 4862272K, used 4477918K [0x00007f88a4600000, 0x00007f89ee1e0000, 0x00007f8df9b50000)
  eden space 4322048K, 100% used [0x00007f88a4600000, 0x00007f89ac2c0000, 0x00007f89ac2c0000)
  from space 540224K,  28% used [0x00007f89ac2c0000, 0x00007f89b5af7b78, 0x00007f89cd250000)
  to   space 540224K,   0% used [0x00007f89cd250000, 0x00007f89cd250000, 0x00007f89ee1e0000)
 tenured generation   total 10804936K, used 10717179K [0x00007f8df9b50000, 0x00007f908d302000, 0x00007f98a4600000)
   the space 10804936K,  99% used [0x00007f8df9b50000, 0x00007f9087d4eda8, 0x00007f9087d4ee00, 0x00007f908d302000)
 Metaspace       used 24245K, capacity 24658K, committed 24832K, reserved 26624K
}
Event: 4468.220 GC heap after
{Heap after GC invocations=2606 (full 5):
 def new generation   total 4862272K, used 159748K [0x00007f88a4600000, 0x00007f89ee1e0000, 0x00007f8df9b50000)
  eden space 4322048K,   0% used [0x00007f88a4600000, 0x00007f88a4600000, 0x00007f89ac2c0000)
  from space 540224K,  29% used [0x00007f89cd250000, 0x00007f89d6e51020, 0x00007f89ee1e0000)
  to   space 540224K,   0% used [0x00007f89ac2c0000, 0x00007f89ac2c0000, 0x00007f89cd250000)
 tenured generation   total 10804936K, used 10727201K [0x00007f8df9b50000, 0x00007f908d302000, 0x00007f98a4600000)
   the space 10804936K,  99% used [0x00007f8df9b50000, 0x00007f9088718688, 0x00007f9088718800, 0x00007f908d302000)
 Metaspace       used 24245K, capacity 24658K, committed 24832K, reserved 26624K
}
Event: 4472.400 GC heap before
{Heap before GC invocations=2606 (full 5):
 def new generation   total 4862272K, used 4481796K [0x00007f88a4600000, 0x00007f89ee1e0000, 0x00007f8df9b50000)
  eden space 4322048K, 100% used [0x00007f88a4600000, 0x00007f89ac2c0000, 0x00007f89ac2c0000)
  from space 540224K,  29% used [0x00007f89cd250000, 0x00007f89d6e51020, 0x00007f89ee1e0000)
  to   space 540224K,   0% used [0x00007f89ac2c0000, 0x00007f89ac2c0000, 0x00007f89cd250000)
 tenured generation   total 10804936K, used 10727201K [0x00007f8df9b50000, 0x00007f908d302000, 0x00007f98a4600000)
   the space 10804936K,  99% used [0x00007f8df9b50000, 0x00007f9088718688, 0x00007f9088718800, 0x00007f908d302000)
 Metaspace       used 24245K, capacity 24658K, committed 24832K, reserved 26624K
}
Event: 4472.744 GC heap after
{Heap after GC invocations=2607 (full 5):
 def new generation   total 4862272K, used 158965K [0x00007f88a4600000, 0x00007f89ee1e0000, 0x00007f8df9b50000)
  eden space 4322048K,   0% used [0x00007f88a4600000, 0x00007f88a4600000, 0x00007f89ac2c0000)
  from space 540224K,  29% used [0x00007f89ac2c0000, 0x00007f89b5dfd648, 0x00007f89cd250000)
  to   space 540224K,   0% used [0x00007f89cd250000, 0x00007f89cd250000, 0x00007f89ee1e0000)
 tenured generation   total 10804936K, used 10737798K [0x00007f8df9b50000, 0x00007f908d302000, 0x00007f98a4600000)
   the space 10804936K,  99% used [0x00007f8df9b50000, 0x00007f9089171930, 0x00007f9089171a00, 0x00007f908d302000)
 Metaspace       used 24245K, capacity 24658K, committed 24832K, reserved 26624K
}
Event: 4476.965 GC heap before
{Heap before GC invocations=2607 (full 5):
 def new generation   total 4862272K, used 4481013K [0x00007f88a4600000, 0x00007f89ee1e0000, 0x00007f8df9b50000)
  eden space 4322048K, 100% used [0x00007f88a4600000, 0x00007f89ac2c0000, 0x00007f89ac2c0000)
  from space 540224K,  29% used [0x00007f89ac2c0000, 0x00007f89b5dfd648, 0x00007f89cd250000)
  to   space 540224K,   0% used [0x00007f89cd250000, 0x00007f89cd250000, 0x00007f89ee1e0000)
 tenured generation   total 10804936K, used 10737798K [0x00007f8df9b50000, 0x00007f908d302000, 0x00007f98a4600000)
   the space 10804936K,  99% used [0x00007f8df9b50000, 0x00007f9089171930, 0x00007f9089171a00, 0x00007f908d302000)
 Metaspace       used 24245K, capacity 24658K, committed 24832K, reserved 26624K
}
Event: 4477.290 GC heap after
{Heap after GC invocations=2608 (full 5):
 def new generation   total 4862272K, used 160200K [0x00007f88a4600000, 0x00007f89ee1e0000, 0x00007f8df9b50000)
  eden space 4322048K,   0% used [0x00007f88a4600000, 0x00007f88a4600000, 0x00007f89ac2c0000)
  from space 540224K,  29% used [0x00007f89cd250000, 0x00007f89d6ec20b8, 0x00007f89ee1e0000)
  to   space 540224K,   0% used [0x00007f89ac2c0000, 0x00007f89ac2c0000, 0x00007f89cd250000)
 tenured generation   total 10804936K, used 10746892K [0x00007f8df9b50000, 0x00007f908d302000, 0x00007f98a4600000)
   the space 10804936K,  99% used [0x00007f8df9b50000, 0x00007f9089a531b0, 0x00007f9089a53200, 0x00007f908d302000)
 Metaspace       used 24245K, capacity 24658K, committed 24832K, reserved 26624K
}
Event: 4481.489 GC heap before
{Heap before GC invocations=2608 (full 5):
 def new generation   total 4862272K, used 4482248K [0x00007f88a4600000, 0x00007f89ee1e0000, 0x00007f8df9b50000)
  eden space 4322048K, 100% used [0x00007f88a4600000, 0x00007f89ac2c0000, 0x00007f89ac2c0000)
  from space 540224K,  29% used [0x00007f89cd250000, 0x00007f89d6ec20b8, 0x00007f89ee1e0000)
  to   space 540224K,   0% used [0x00007f89ac2c0000, 0x00007f89ac2c0000, 0x00007f89cd250000)
 tenured generation   total 10804936K, used 10746892K [0x00007f8df9b50000, 0x00007f908d302000, 0x00007f98a4600000)
   the space 10804936K,  99% used [0x00007f8df9b50000, 0x00007f9089a531b0, 0x00007f9089a53200, 0x00007f908d302000)
 Metaspace       used 24245K, capacity 24658K, committed 24832K, reserved 26624K
}
Event: 4481.811 GC heap after
{Heap after GC invocations=2609 (full 5):
 def new generation   total 4862272K, used 159010K [0x00007f88a4600000, 0x00007f89ee1e0000, 0x00007f8df9b50000)
  eden space 4322048K,   0% used [0x00007f88a4600000, 0x00007f88a4600000, 0x00007f89ac2c0000)
  from space 540224K,  29% used [0x00007f89ac2c0000, 0x00007f89b5e08858, 0x00007f89cd250000)
  to   space 540224K,   0% used [0x00007f89cd250000, 0x00007f89cd250000, 0x00007f89ee1e0000)
 tenured generation   total 10804936K, used 10755105K [0x00007f8df9b50000, 0x00007f908d302000, 0x00007f98a4600000)
   the space 10804936K,  99% used [0x00007f8df9b50000, 0x00007f908a2586d0, 0x00007f908a258800, 0x00007f908d302000)
 Metaspace       used 24245K, capacity 24658K, committed 24832K, reserved 26624K
}
Event: 4485.933 GC heap before
{Heap before GC invocations=2609 (full 5):
 def new generation   total 4862272K, used 4481058K [0x00007f88a4600000, 0x00007f89ee1e0000, 0x00007f8df9b50000)
  eden space 4322048K, 100% used [0x00007f88a4600000, 0x00007f89ac2c0000, 0x00007f89ac2c0000)
  from space 540224K,  29% used [0x00007f89ac2c0000, 0x00007f89b5e08858, 0x00007f89cd250000)
  to   space 540224K,   0% used [0x00007f89cd250000, 0x00007f89cd250000, 0x00007f89ee1e0000)
 tenured generation   total 10804936K, used 10755105K [0x00007f8df9b50000, 0x00007f908d302000, 0x00007f98a4600000)
   the space 10804936K,  99% used [0x00007f8df9b50000, 0x00007f908a2586d0, 0x00007f908a258800, 0x00007f908d302000)
 Metaspace       used 24245K, capacity 24658K, committed 24832K, reserved 26624K
}
Event: 4486.274 GC heap after
{Heap after GC invocations=2610 (full 5):
 def new generation   total 4862272K, used 158175K [0x00007f88a4600000, 0x00007f89ee1e0000, 0x00007f8df9b50000)
  eden space 4322048K,   0% used [0x00007f88a4600000, 0x00007f88a4600000, 0x00007f89ac2c0000)
  from space 540224K,  29% used [0x00007f89cd250000, 0x00007f89d6cc7cc8, 0x00007f89ee1e0000)
  to   space 540224K,   0% used [0x00007f89ac2c0000, 0x00007f89ac2c0000, 0x00007f89cd250000)
 tenured generation   total 10804936K, used 10766892K [0x00007f8df9b50000, 0x00007f908d302000, 0x00007f98a4600000)
   the space 10804936K,  99% used [0x00007f8df9b50000, 0x00007f908addb020, 0x00007f908addb200, 0x00007f908d302000)
 Metaspace       used 24245K, capacity 24658K, committed 24832K, reserved 26624K
}
Event: 4490.492 GC heap before
{Heap before GC invocations=2610 (full 5):
 def new generation   total 4862272K, used 4480223K [0x00007f88a4600000, 0x00007f89ee1e0000, 0x00007f8df9b50000)
  eden space 4322048K, 100% used [0x00007f88a4600000, 0x00007f89ac2c0000, 0x00007f89ac2c0000)
  from space 540224K,  29% used [0x00007f89cd250000, 0x00007f89d6cc7cc8, 0x00007f89ee1e0000)
  to   space 540224K,   0% used [0x00007f89ac2c0000, 0x00007f89ac2c0000, 0x00007f89cd250000)
 tenured generation   total 10804936K, used 10766892K [0x00007f8df9b50000, 0x00007f908d302000, 0x00007f98a4600000)
   the space 10804936K,  99% used [0x00007f8df9b50000, 0x00007f908addb020, 0x00007f908addb200, 0x00007f908d302000)
 Metaspace       used 24245K, capacity 24658K, committed 24832K, reserved 26624K
}
Event: 4490.823 GC heap after
{Heap after GC invocations=2611 (full 5):
 def new generation   total 4862272K, used 160322K [0x00007f88a4600000, 0x00007f89ee1e0000, 0x00007f8df9b50000)
  eden space 4322048K,   0% used [0x00007f88a4600000, 0x00007f88a4600000, 0x00007f89ac2c0000)
  from space 540224K,  29% used [0x00007f89ac2c0000, 0x00007f89b5f508a8, 0x00007f89cd250000)
  to   space 540224K,   0% used [0x00007f89cd250000, 0x00007f89cd250000, 0x00007f89ee1e0000)
 tenured generation   total 10804936K, used 10778211K [0x00007f8df9b50000, 0x00007f908d302000, 0x00007f98a4600000)
   the space 10804936K,  99% used [0x00007f8df9b50000, 0x00007f908b8e8f38, 0x00007f908b8e9000, 0x00007f908d302000)
 Metaspace       used 24245K, capacity 24658K, committed 24832K, reserved 26624K
}
Event: 4495.310 GC heap before
{Heap before GC invocations=2611 (full 5):
 def new generation   total 4862272K, used 4482370K [0x00007f88a4600000, 0x00007f89ee1e0000, 0x00007f8df9b50000)
  eden space 4322048K, 100% used [0x00007f88a4600000, 0x00007f89ac2c0000, 0x00007f89ac2c0000)
  from space 540224K,  29% used [0x00007f89ac2c0000, 0x00007f89b5f508a8, 0x00007f89cd250000)
  to   space 540224K,   0% used [0x00007f89cd250000, 0x00007f89cd250000, 0x00007f89ee1e0000)
 tenured generation   total 10804936K, used 10778211K [0x00007f8df9b50000, 0x00007f908d302000, 0x00007f98a4600000)
   the space 10804936K,  99% used [0x00007f8df9b50000, 0x00007f908b8e8f38, 0x00007f908b8e9000, 0x00007f908d302000)
 Metaspace       used 24245K, capacity 24658K, committed 24832K, reserved 26624K
}
Event: 4495.666 GC heap after
{Heap after GC invocations=2612 (full 5):
 def new generation   total 4862272K, used 164131K [0x00007f88a4600000, 0x00007f89ee1e0000, 0x00007f8df9b50000)
  eden space 4322048K,   0% used [0x00007f88a4600000, 0x00007f88a4600000, 0x00007f89ac2c0000)
  from space 540224K,  30% used [0x00007f89cd250000, 0x00007f89d7298ea8, 0x00007f89ee1e0000)
  to   space 540224K,   0% used [0x00007f89ac2c0000, 0x00007f89ac2c0000, 0x00007f89cd250000)
 tenured generation   total 10804936K, used 10785183K [0x00007f8df9b50000, 0x00007f908d302000, 0x00007f98a4600000)
   the space 10804936K,  99% used [0x00007f8df9b50000, 0x00007f908bfb7dc0, 0x00007f908bfb7e00, 0x00007f908d302000)
 Metaspace       used 24245K, capacity 24658K, committed 24832K, reserved 26624K
}
Event: 4500.032 GC heap before
{Heap before GC invocations=2612 (full 5):
 def new generation   total 4862272K, used 4486179K [0x00007f88a4600000, 0x00007f89ee1e0000, 0x00007f8df9b50000)
  eden space 4322048K, 100% used [0x00007f88a4600000, 0x00007f89ac2c0000, 0x00007f89ac2c0000)
  from space 540224K,  30% used [0x00007f89cd250000, 0x00007f89d7298ea8, 0x00007f89ee1e0000)
  to   space 540224K,   0% used [0x00007f89ac2c0000, 0x00007f89ac2c0000, 0x00007f89cd250000)
 tenured generation   total 10804936K, used 10785183K [0x00007f8df9b50000, 0x00007f908d302000, 0x00007f98a4600000)
   the space 10804936K,  99% used [0x00007f8df9b50000, 0x00007f908bfb7dc0, 0x00007f908bfb7e00, 0x00007f908d302000)
 Metaspace       used 24245K, capacity 24658K, committed 24832K, reserved 26624K
}
Event: 4500.389 GC heap after
{Heap after GC invocations=2613 (full 5):
 def new generation   total 4862272K, used 159494K [0x00007f88a4600000, 0x00007f89ee1e0000, 0x00007f8df9b50000)
  eden space 4322048K,   0% used [0x00007f88a4600000, 0x00007f88a4600000, 0x00007f89ac2c0000)
  from space 540224K,  29% used [0x00007f89ac2c0000, 0x00007f89b5e818e0, 0x00007f89cd250000)
  to   space 540224K,   0% used [0x00007f89cd250000, 0x00007f89cd250000, 0x00007f89ee1e0000)
 tenured generation   total 10804936K, used 10798684K [0x00007f8df9b50000, 0x00007f908d302000, 0x00007f98a4600000)
   the space 10804936K,  99% used [0x00007f8df9b50000, 0x00007f908cce73a8, 0x00007f908cce7400, 0x00007f908d302000)
 Metaspace       used 24245K, capacity 24658K, committed 24832K, reserved 26624K
}
Event: 4504.832 GC heap before
{Heap before GC invocations=2613 (full 5):
 def new generation   total 4862272K, used 4481542K [0x00007f88a4600000, 0x00007f89ee1e0000, 0x00007f8df9b50000)
  eden space 4322048K, 100% used [0x00007f88a4600000, 0x00007f89ac2c0000, 0x00007f89ac2c0000)
  from space 540224K,  29% used [0x00007f89ac2c0000, 0x00007f89b5e818e0, 0x00007f89cd250000)
  to   space 540224K,   0% used [0x00007f89cd250000, 0x00007f89cd250000, 0x00007f89ee1e0000)
 tenured generation   total 10804936K, used 10798684K [0x00007f8df9b50000, 0x00007f908d302000, 0x00007f98a4600000)
   the space 10804936K,  99% used [0x00007f8df9b50000, 0x00007f908cce73a8, 0x00007f908cce7400, 0x00007f908d302000)
 Metaspace       used 24245K, capacity 24658K, committed 24832K, reserved 26624K
}
Event: 4505.194 GC heap after
{Heap after GC invocations=2614 (full 5):
 def new generation   total 4862272K, used 162789K [0x00007f88a4600000, 0x00007f89ee1e0000, 0x00007f8df9b50000)
  eden space 4322048K,   0% used [0x00007f88a4600000, 0x00007f88a4600000, 0x00007f89ac2c0000)
  from space 540224K,  30% used [0x00007f89cd250000, 0x00007f89d7149600, 0x00007f89ee1e0000)
  to   space 540224K,   0% used [0x00007f89ac2c0000, 0x00007f89ac2c0000, 0x00007f89cd250000)
 tenured generation   total 10808200K, used 10808089K [0x00007f8df9b50000, 0x00007f908d632000, 0x00007f98a4600000)
   the space 10808200K,  99% used [0x00007f8df9b50000, 0x00007f908d6166e8, 0x00007f908d616800, 0x00007f908d632000)
 Metaspace       used 24245K, capacity 24658K, committed 24832K, reserved 26624K
}
Event: 4505.194 GC heap before
{Heap before GC invocations=2614 (full 5):
 def new generation   total 4862272K, used 162789K [0x00007f88a4600000, 0x00007f89ee1e0000, 0x00007f8df9b50000)
  eden space 4322048K,   0% used [0x00007f88a4600000, 0x00007f88a4600000, 0x00007f89ac2c0000)
  from space 540224K,  30% used [0x00007f89cd250000, 0x00007f89d7149600, 0x00007f89ee1e0000)
  to   space 540224K,   0% used [0x00007f89ac2c0000, 0x00007f89ac2c0000, 0x00007f89cd250000)
 tenured generation   total 10808200K, used 10808089K [0x00007f8df9b50000, 0x00007f908d632000, 0x00007f98a4600000)
   the space 10808200K,  99% used [0x00007f8df9b50000, 0x00007f908d6166e8, 0x00007f908d616800, 0x00007f908d632000)
 Metaspace       used 24245K, capacity 24658K, committed 24832K, reserved 26624K
}

