# JRE version: OpenJDK Runtime Environment (13.0.7+5) (build 13.0.7+5-Ubuntu-0ubuntu120.04)
# Java VM: OpenJDK 64-Bit Server VM (13.0.7+5-Ubuntu-0ubuntu120.04, mixed mode, tiered, serial gc, linux-amd64)
Heap:
 def new generation   total 1749056K, used 9568K [0x00007f2e08600000, 0x00007f2e7efd0000, 0x00007f335db50000)
  eden space 1554752K,   0% used [0x00007f2e08600000, 0x00007f2e08f58120, 0x00007f2e67450000)
  from space 194304K,   0% used [0x00007f2e73210000, 0x00007f2e73210000, 0x00007f2e7efd0000)
  to   space 194304K,   0% used [0x00007f2e67450000, 0x00007f2e67450000, 0x00007f2e73210000)
 tenured generation   total 3888344K, used 3888343K [0x00007f335db50000, 0x00007f344b086000, 0x00007f3e08600000)
   the space 3888344K,  99% used [0x00007f335db50000, 0x00007f344b085fe8, 0x00007f344b086000, 0x00007f344b086000)
 Metaspace       used 24165K, capacity 24512K, committed 24576K, reserved 24576K
GC Heap History (20 events):
Event: 3819.747 GC heap after
{Heap after GC invocations=4634 (full 3):
 def new generation   total 1749056K, used 22823K [0x00007f2e08600000, 0x00007f2e7efd0000, 0x00007f335db50000)
  eden space 1554752K,   0% used [0x00007f2e08600000, 0x00007f2e08600000, 0x00007f2e67450000)
  from space 194304K,  11% used [0x00007f2e67450000, 0x00007f2e68a99ef0, 0x00007f2e73210000)
  to   space 194304K,   0% used [0x00007f2e73210000, 0x00007f2e73210000, 0x00007f2e7efd0000)
 tenured generation   total 3886616K, used 3874926K [0x00007f335db50000, 0x00007f344aed6000, 0x00007f3e08600000)
   the space 3886616K,  99% used [0x00007f335db50000, 0x00007f344a36ba38, 0x00007f344a36bc00, 0x00007f344aed6000)
 Metaspace       used 24165K, capacity 24512K, committed 24576K, reserved 24576K
}
Event: 3821.239 GC heap before
{Heap before GC invocations=4634 (full 3):
 def new generation   total 1749056K, used 1577575K [0x00007f2e08600000, 0x00007f2e7efd0000, 0x00007f335db50000)
  eden space 1554752K, 100% used [0x00007f2e08600000, 0x00007f2e67450000, 0x00007f2e67450000)
  from space 194304K,  11% used [0x00007f2e67450000, 0x00007f2e68a99ef0, 0x00007f2e73210000)
  to   space 194304K,   0% used [0x00007f2e73210000, 0x00007f2e73210000, 0x00007f2e7efd0000)
 tenured generation   total 3886616K, used 3874926K [0x00007f335db50000, 0x00007f344aed6000, 0x00007f3e08600000)
   the space 3886616K,  99% used [0x00007f335db50000, 0x00007f344a36ba38, 0x00007f344a36bc00, 0x00007f344aed6000)
 Metaspace       used 24165K, capacity 24512K, committed 24576K, reserved 24576K
}
Event: 3821.299 GC heap after
{Heap after GC invocations=4635 (full 3):
 def new generation   total 1749056K, used 23097K [0x00007f2e08600000, 0x00007f2e7efd0000, 0x00007f335db50000)
  eden space 1554752K,   0% used [0x00007f2e08600000, 0x00007f2e08600000, 0x00007f2e67450000)
  from space 194304K,  11% used [0x00007f2e73210000, 0x00007f2e7489e430, 0x00007f2e7efd0000)
  to   space 194304K,   0% used [0x00007f2e67450000, 0x00007f2e67450000, 0x00007f2e73210000)
 tenured generation   total 3886616K, used 3876406K [0x00007f335db50000, 0x00007f344aed6000, 0x00007f3e08600000)
   the space 3886616K,  99% used [0x00007f335db50000, 0x00007f344a4dda38, 0x00007f344a4ddc00, 0x00007f344aed6000)
 Metaspace       used 24165K, capacity 24512K, committed 24576K, reserved 24576K
}
Event: 3822.769 GC heap before
{Heap before GC invocations=4635 (full 3):
 def new generation   total 1749056K, used 1577849K [0x00007f2e08600000, 0x00007f2e7efd0000, 0x00007f335db50000)
  eden space 1554752K, 100% used [0x00007f2e08600000, 0x00007f2e67450000, 0x00007f2e67450000)
  from space 194304K,  11% used [0x00007f2e73210000, 0x00007f2e7489e430, 0x00007f2e7efd0000)
  to   space 194304K,   0% used [0x00007f2e67450000, 0x00007f2e67450000, 0x00007f2e73210000)
 tenured generation   total 3886616K, used 3876406K [0x00007f335db50000, 0x00007f344aed6000, 0x00007f3e08600000)
   the space 3886616K,  99% used [0x00007f335db50000, 0x00007f344a4dda38, 0x00007f344a4ddc00, 0x00007f344aed6000)
 Metaspace       used 24165K, capacity 24512K, committed 24576K, reserved 24576K
}
Event: 3822.820 GC heap after
{Heap after GC invocations=4636 (full 3):
 def new generation   total 1749056K, used 22891K [0x00007f2e08600000, 0x00007f2e7efd0000, 0x00007f335db50000)
  eden space 1554752K,   0% used [0x00007f2e08600000, 0x00007f2e08600000, 0x00007f2e67450000)
  from space 194304K,  11% used [0x00007f2e67450000, 0x00007f2e68aaadb8, 0x00007f2e73210000)
  to   space 194304K,   0% used [0x00007f2e73210000, 0x00007f2e73210000, 0x00007f2e7efd0000)
 tenured generation   total 3886616K, used 3877905K [0x00007f335db50000, 0x00007f344aed6000, 0x00007f3e08600000)
   the space 3886616K,  99% used [0x00007f335db50000, 0x00007f344a654438, 0x00007f344a654600, 0x00007f344aed6000)
 Metaspace       used 24165K, capacity 24512K, committed 24576K, reserved 24576K
}
Event: 3824.218 GC heap before
{Heap before GC invocations=4636 (full 3):
 def new generation   total 1749056K, used 1577643K [0x00007f2e08600000, 0x00007f2e7efd0000, 0x00007f335db50000)
  eden space 1554752K, 100% used [0x00007f2e08600000, 0x00007f2e67450000, 0x00007f2e67450000)
  from space 194304K,  11% used [0x00007f2e67450000, 0x00007f2e68aaadb8, 0x00007f2e73210000)
  to   space 194304K,   0% used [0x00007f2e73210000, 0x00007f2e73210000, 0x00007f2e7efd0000)
 tenured generation   total 3886616K, used 3877905K [0x00007f335db50000, 0x00007f344aed6000, 0x00007f3e08600000)
   the space 3886616K,  99% used [0x00007f335db50000, 0x00007f344a654438, 0x00007f344a654600, 0x00007f344aed6000)
 Metaspace       used 24165K, capacity 24512K, committed 24576K, reserved 24576K
}
Event: 3824.276 GC heap after
{Heap after GC invocations=4637 (full 3):
 def new generation   total 1749056K, used 22899K [0x00007f2e08600000, 0x00007f2e7efd0000, 0x00007f335db50000)
  eden space 1554752K,   0% used [0x00007f2e08600000, 0x00007f2e08600000, 0x00007f2e67450000)
  from space 194304K,  11% used [0x00007f2e73210000, 0x00007f2e7486ccb8, 0x00007f2e7efd0000)
  to   space 194304K,   0% used [0x00007f2e67450000, 0x00007f2e67450000, 0x00007f2e73210000)
 tenured generation   total 3886616K, used 3879389K [0x00007f335db50000, 0x00007f344aed6000, 0x00007f3e08600000)
   the space 3886616K,  99% used [0x00007f335db50000, 0x00007f344a7c7578, 0x00007f344a7c7600, 0x00007f344aed6000)
 Metaspace       used 24165K, capacity 24512K, committed 24576K, reserved 24576K
}
Event: 3825.692 GC heap before
{Heap before GC invocations=4637 (full 3):
 def new generation   total 1749056K, used 1577651K [0x00007f2e08600000, 0x00007f2e7efd0000, 0x00007f335db50000)
  eden space 1554752K, 100% used [0x00007f2e08600000, 0x00007f2e67450000, 0x00007f2e67450000)
  from space 194304K,  11% used [0x00007f2e73210000, 0x00007f2e7486ccb8, 0x00007f2e7efd0000)
  to   space 194304K,   0% used [0x00007f2e67450000, 0x00007f2e67450000, 0x00007f2e73210000)
 tenured generation   total 3886616K, used 3879389K [0x00007f335db50000, 0x00007f344aed6000, 0x00007f3e08600000)
   the space 3886616K,  99% used [0x00007f335db50000, 0x00007f344a7c7578, 0x00007f344a7c7600, 0x00007f344aed6000)
 Metaspace       used 24165K, capacity 24512K, committed 24576K, reserved 24576K
}
Event: 3825.744 GC heap after
{Heap after GC invocations=4638 (full 3):
 def new generation   total 1749056K, used 22939K [0x00007f2e08600000, 0x00007f2e7efd0000, 0x00007f335db50000)
  eden space 1554752K,   0% used [0x00007f2e08600000, 0x00007f2e08600000, 0x00007f2e67450000)
  from space 194304K,  11% used [0x00007f2e67450000, 0x00007f2e68ab6c38, 0x00007f2e73210000)
  to   space 194304K,   0% used [0x00007f2e73210000, 0x00007f2e73210000, 0x00007f2e7efd0000)
 tenured generation   total 3886616K, used 3880832K [0x00007f335db50000, 0x00007f344aed6000, 0x00007f3e08600000)
   the space 3886616K,  99% used [0x00007f335db50000, 0x00007f344a930290, 0x00007f344a930400, 0x00007f344aed6000)
 Metaspace       used 24165K, capacity 24512K, committed 24576K, reserved 24576K
}
Event: 3827.200 GC heap before
{Heap before GC invocations=4638 (full 3):
 def new generation   total 1749056K, used 1577691K [0x00007f2e08600000, 0x00007f2e7efd0000, 0x00007f335db50000)
  eden space 1554752K, 100% used [0x00007f2e08600000, 0x00007f2e67450000, 0x00007f2e67450000)
  from space 194304K,  11% used [0x00007f2e67450000, 0x00007f2e68ab6c38, 0x00007f2e73210000)
  to   space 194304K,   0% used [0x00007f2e73210000, 0x00007f2e73210000, 0x00007f2e7efd0000)
 tenured generation   total 3886616K, used 3880832K [0x00007f335db50000, 0x00007f344aed6000, 0x00007f3e08600000)
   the space 3886616K,  99% used [0x00007f335db50000, 0x00007f344a930290, 0x00007f344a930400, 0x00007f344aed6000)
 Metaspace       used 24165K, capacity 24512K, committed 24576K, reserved 24576K
}
Event: 3827.261 GC heap after
{Heap after GC invocations=4639 (full 3):
 def new generation   total 1749056K, used 23158K [0x00007f2e08600000, 0x00007f2e7efd0000, 0x00007f335db50000)
  eden space 1554752K,   0% used [0x00007f2e08600000, 0x00007f2e08600000, 0x00007f2e67450000)
  from space 194304K,  11% used [0x00007f2e73210000, 0x00007f2e748ad840, 0x00007f2e7efd0000)
  to   space 194304K,   0% used [0x00007f2e67450000, 0x00007f2e67450000, 0x00007f2e73210000)
 tenured generation   total 3886616K, used 3882100K [0x00007f335db50000, 0x00007f344aed6000, 0x00007f3e08600000)
   the space 3886616K,  99% used [0x00007f335db50000, 0x00007f344aa6d0d0, 0x00007f344aa6d200, 0x00007f344aed6000)
 Metaspace       used 24165K, capacity 24512K, committed 24576K, reserved 24576K
}
Event: 3828.678 GC heap before
{Heap before GC invocations=4639 (full 3):
 def new generation   total 1749056K, used 1577910K [0x00007f2e08600000, 0x00007f2e7efd0000, 0x00007f335db50000)
  eden space 1554752K, 100% used [0x00007f2e08600000, 0x00007f2e67450000, 0x00007f2e67450000)
  from space 194304K,  11% used [0x00007f2e73210000, 0x00007f2e748ad840, 0x00007f2e7efd0000)
  to   space 194304K,   0% used [0x00007f2e67450000, 0x00007f2e67450000, 0x00007f2e73210000)
 tenured generation   total 3886616K, used 3882100K [0x00007f335db50000, 0x00007f344aed6000, 0x00007f3e08600000)
   the space 3886616K,  99% used [0x00007f335db50000, 0x00007f344aa6d0d0, 0x00007f344aa6d200, 0x00007f344aed6000)
 Metaspace       used 24165K, capacity 24512K, committed 24576K, reserved 24576K
}
Event: 3828.737 GC heap after
{Heap after GC invocations=4640 (full 3):
 def new generation   total 1749056K, used 23177K [0x00007f2e08600000, 0x00007f2e7efd0000, 0x00007f335db50000)
  eden space 1554752K,   0% used [0x00007f2e08600000, 0x00007f2e08600000, 0x00007f2e67450000)
  from space 194304K,  11% used [0x00007f2e67450000, 0x00007f2e68af2778, 0x00007f2e73210000)
  to   space 194304K,   0% used [0x00007f2e73210000, 0x00007f2e73210000, 0x00007f2e7efd0000)
 tenured generation   total 3886616K, used 3883580K [0x00007f335db50000, 0x00007f344aed6000, 0x00007f3e08600000)
   the space 3886616K,  99% used [0x00007f335db50000, 0x00007f344abdf1f0, 0x00007f344abdf200, 0x00007f344aed6000)
 Metaspace       used 24165K, capacity 24512K, committed 24576K, reserved 24576K
}
Event: 3830.132 GC heap before
{Heap before GC invocations=4640 (full 3):
 def new generation   total 1749056K, used 1577929K [0x00007f2e08600000, 0x00007f2e7efd0000, 0x00007f335db50000)
  eden space 1554752K, 100% used [0x00007f2e08600000, 0x00007f2e67450000, 0x00007f2e67450000)
  from space 194304K,  11% used [0x00007f2e67450000, 0x00007f2e68af2778, 0x00007f2e73210000)
  to   space 194304K,   0% used [0x00007f2e73210000, 0x00007f2e73210000, 0x00007f2e7efd0000)
 tenured generation   total 3886616K, used 3883580K [0x00007f335db50000, 0x00007f344aed6000, 0x00007f3e08600000)
   the space 3886616K,  99% used [0x00007f335db50000, 0x00007f344abdf1f0, 0x00007f344abdf200, 0x00007f344aed6000)
 Metaspace       used 24165K, capacity 24512K, committed 24576K, reserved 24576K
}
Event: 3830.183 GC heap after
{Heap after GC invocations=4641 (full 3):
 def new generation   total 1749056K, used 23154K [0x00007f2e08600000, 0x00007f2e7efd0000, 0x00007f335db50000)
  eden space 1554752K,   0% used [0x00007f2e08600000, 0x00007f2e08600000, 0x00007f2e67450000)
  from space 194304K,  11% used [0x00007f2e73210000, 0x00007f2e748ac8e0, 0x00007f2e7efd0000)
  to   space 194304K,   0% used [0x00007f2e67450000, 0x00007f2e67450000, 0x00007f2e73210000)
 tenured generation   total 3886616K, used 3885078K [0x00007f335db50000, 0x00007f344aed6000, 0x00007f3e08600000)
   the space 3886616K,  99% used [0x00007f335db50000, 0x00007f344ad55bf0, 0x00007f344ad55c00, 0x00007f344aed6000)
 Metaspace       used 24165K, capacity 24512K, committed 24576K, reserved 24576K
}
Event: 3831.625 GC heap before
{Heap before GC invocations=4641 (full 3):
 def new generation   total 1749056K, used 1577906K [0x00007f2e08600000, 0x00007f2e7efd0000, 0x00007f335db50000)
  eden space 1554752K, 100% used [0x00007f2e08600000, 0x00007f2e67450000, 0x00007f2e67450000)
  from space 194304K,  11% used [0x00007f2e73210000, 0x00007f2e748ac8e0, 0x00007f2e7efd0000)
  to   space 194304K,   0% used [0x00007f2e67450000, 0x00007f2e67450000, 0x00007f2e73210000)
 tenured generation   total 3886616K, used 3885078K [0x00007f335db50000, 0x00007f344aed6000, 0x00007f3e08600000)
   the space 3886616K,  99% used [0x00007f335db50000, 0x00007f344ad55bf0, 0x00007f344ad55c00, 0x00007f344aed6000)
 Metaspace       used 24165K, capacity 24512K, committed 24576K, reserved 24576K
}
Event: 3831.673 GC heap after
{Heap after GC invocations=4642 (full 3):
 def new generation   total 1749056K, used 22983K [0x00007f2e08600000, 0x00007f2e7efd0000, 0x00007f335db50000)
  eden space 1554752K,   0% used [0x00007f2e08600000, 0x00007f2e08600000, 0x00007f2e67450000)
  from space 194304K,  11% used [0x00007f2e67450000, 0x00007f2e68ac1e28, 0x00007f2e73210000)
  to   space 194304K,   0% used [0x00007f2e73210000, 0x00007f2e73210000, 0x00007f2e7efd0000)
 tenured generation   total 3886616K, used 3886558K [0x00007f335db50000, 0x00007f344aed6000, 0x00007f3e08600000)
   the space 3886616K,  99% used [0x00007f335db50000, 0x00007f344aec7bf0, 0x00007f344aec7c00, 0x00007f344aed6000)
 Metaspace       used 24165K, capacity 24512K, committed 24576K, reserved 24576K
}
Event: 3833.086 GC heap before
{Heap before GC invocations=4642 (full 3):
 def new generation   total 1749056K, used 1577735K [0x00007f2e08600000, 0x00007f2e7efd0000, 0x00007f335db50000)
  eden space 1554752K, 100% used [0x00007f2e08600000, 0x00007f2e67450000, 0x00007f2e67450000)
  from space 194304K,  11% used [0x00007f2e67450000, 0x00007f2e68ac1e28, 0x00007f2e73210000)
  to   space 194304K,   0% used [0x00007f2e73210000, 0x00007f2e73210000, 0x00007f2e7efd0000)
 tenured generation   total 3886616K, used 3886558K [0x00007f335db50000, 0x00007f344aed6000, 0x00007f3e08600000)
   the space 3886616K,  99% used [0x00007f335db50000, 0x00007f344aec7bf0, 0x00007f344aec7c00, 0x00007f344aed6000)
 Metaspace       used 24165K, capacity 24512K, committed 24576K, reserved 24576K
}
Event: 3833.140 GC heap after
{Heap after GC invocations=4643 (full 3):
 def new generation   total 1749056K, used 22684K [0x00007f2e08600000, 0x00007f2e7efd0000, 0x00007f335db50000)
  eden space 1554752K,   0% used [0x00007f2e08600000, 0x00007f2e08600000, 0x00007f2e67450000)
  from space 194304K,  11% used [0x00007f2e73210000, 0x00007f2e74837038, 0x00007f2e7efd0000)
  to   space 194304K,   0% used [0x00007f2e67450000, 0x00007f2e67450000, 0x00007f2e73210000)
 tenured generation   total 3888344K, used 3888274K [0x00007f335db50000, 0x00007f344b086000, 0x00007f3e08600000)
   the space 3888344K,  99% used [0x00007f335db50000, 0x00007f344b074b30, 0x00007f344b074c00, 0x00007f344b086000)
 Metaspace       used 24165K, capacity 24512K, committed 24576K, reserved 24576K
}
Event: 3833.140 GC heap before
{Heap before GC invocations=4643 (full 3):
 def new generation   total 1749056K, used 22684K [0x00007f2e08600000, 0x00007f2e7efd0000, 0x00007f335db50000)
  eden space 1554752K,   0% used [0x00007f2e08600000, 0x00007f2e08600000, 0x00007f2e67450000)
  from space 194304K,  11% used [0x00007f2e73210000, 0x00007f2e74837038, 0x00007f2e7efd0000)
  to   space 194304K,   0% used [0x00007f2e67450000, 0x00007f2e67450000, 0x00007f2e73210000)
 tenured generation   total 3888344K, used 3888274K [0x00007f335db50000, 0x00007f344b086000, 0x00007f3e08600000)
   the space 3888344K,  99% used [0x00007f335db50000, 0x00007f344b074b30, 0x00007f344b074c00, 0x00007f344b086000)
 Metaspace       used 24165K, capacity 24512K, committed 24576K, reserved 24576K
}

