# JRE version: OpenJDK Runtime Environment (13.0.7+5) (build 13.0.7+5-Ubuntu-0ubuntu120.04)
# Java VM: OpenJDK 64-Bit Server VM (13.0.7+5-Ubuntu-0ubuntu120.04, mixed mode, tiered, compressed oops, serial gc, linux-amd64)
Heap:
 def new generation   total 2103936K, used 0K [0x0000000080200000, 0x000000010ece0000, 0x0000000300150000)
  eden space 1870208K,   0% used [0x0000000080200000, 0x0000000080200000, 0x00000000f2460000)
  from space 233728K,   0% used [0x00000000f2460000, 0x00000000f2460000, 0x00000001008a0000)
  to   space 233728K,   0% used [0x00000001008a0000, 0x00000001008a0000, 0x000000010ece0000)
 tenured generation   total 4792792K, used 3437925K [0x0000000300150000, 0x00000004249c6000, 0x0000000800000000)
   the space 4792792K,  71% used [0x0000000300150000, 0x00000003d1ea9550, 0x00000003d1ea9600, 0x00000004249c6000)
 Metaspace       used 22710K, capacity 23233K, committed 23424K, reserved 1071104K
  class space    used 2354K, capacity 2568K, committed 2688K, reserved 1048576K
GC Heap History (20 events):
Event: 655.056 GC heap after
{Heap after GC invocations=713 (full 24):
 def new generation   total 2103936K, used 60326K [0x0000000080200000, 0x000000010ece0000, 0x0000000300150000)
  eden space 1870208K,   0% used [0x0000000080200000, 0x0000000080200000, 0x00000000f2460000)
  from space 233728K,  25% used [0x00000001008a0000, 0x0000000104389898, 0x000000010ece0000)
  to   space 233728K,   0% used [0x00000000f2460000, 0x00000000f2460000, 0x00000001008a0000)
 tenured generation   total 4675200K, used 4338074K [0x0000000300150000, 0x000000041d6f0000, 0x0000000800000000)
   the space 4675200K,  92% used [0x0000000300150000, 0x0000000408db6a68, 0x0000000408db6c00, 0x000000041d6f0000)
 Metaspace       used 22710K, capacity 23233K, committed 23424K, reserved 1071104K
  class space    used 2354K, capacity 2568K, committed 2688K, reserved 1048576K
}
Event: 656.577 GC heap before
{Heap before GC invocations=713 (full 24):
 def new generation   total 2103936K, used 1930534K [0x0000000080200000, 0x000000010ece0000, 0x0000000300150000)
  eden space 1870208K, 100% used [0x0000000080200000, 0x00000000f2460000, 0x00000000f2460000)
  from space 233728K,  25% used [0x00000001008a0000, 0x0000000104389898, 0x000000010ece0000)
  to   space 233728K,   0% used [0x00000000f2460000, 0x00000000f2460000, 0x00000001008a0000)
 tenured generation   total 4675200K, used 4338074K [0x0000000300150000, 0x000000041d6f0000, 0x0000000800000000)
   the space 4675200K,  92% used [0x0000000300150000, 0x0000000408db6a68, 0x0000000408db6c00, 0x000000041d6f0000)
 Metaspace       used 22710K, capacity 23233K, committed 23424K, reserved 1071104K
  class space    used 2354K, capacity 2568K, committed 2688K, reserved 1048576K
}
Event: 656.710 GC heap after
{Heap after GC invocations=714 (full 24):
 def new generation   total 2103936K, used 171719K [0x0000000080200000, 0x000000010ece0000, 0x0000000300150000)
  eden space 1870208K,   0% used [0x0000000080200000, 0x0000000080200000, 0x00000000f2460000)
  from space 233728K,  73% used [0x00000000f2460000, 0x00000000fcc11d78, 0x00000001008a0000)
  to   space 233728K,   0% used [0x00000001008a0000, 0x00000001008a0000, 0x000000010ece0000)
 tenured generation   total 4675200K, used 4338074K [0x0000000300150000, 0x000000041d6f0000, 0x0000000800000000)
   the space 4675200K,  92% used [0x0000000300150000, 0x0000000408db6a68, 0x0000000408db6c00, 0x000000041d6f0000)
 Metaspace       used 22710K, capacity 23233K, committed 23424K, reserved 1071104K
  class space    used 2354K, capacity 2568K, committed 2688K, reserved 1048576K
}
Event: 658.241 GC heap before
{Heap before GC invocations=714 (full 24):
 def new generation   total 2103936K, used 2041927K [0x0000000080200000, 0x000000010ece0000, 0x0000000300150000)
  eden space 1870208K, 100% used [0x0000000080200000, 0x00000000f2460000, 0x00000000f2460000)
  from space 233728K,  73% used [0x00000000f2460000, 0x00000000fcc11d78, 0x00000001008a0000)
  to   space 233728K,   0% used [0x00000001008a0000, 0x00000001008a0000, 0x000000010ece0000)
 tenured generation   total 4675200K, used 4338074K [0x0000000300150000, 0x000000041d6f0000, 0x0000000800000000)
   the space 4675200K,  92% used [0x0000000300150000, 0x0000000408db6a68, 0x0000000408db6c00, 0x000000041d6f0000)
 Metaspace       used 22710K, capacity 23233K, committed 23424K, reserved 1071104K
  class space    used 2354K, capacity 2568K, committed 2688K, reserved 1048576K
}
Event: 658.399 GC heap after
{Heap after GC invocations=715 (full 24):
 def new generation   total 2103936K, used 223823K [0x0000000080200000, 0x000000010ece0000, 0x0000000300150000)
  eden space 1870208K,   0% used [0x0000000080200000, 0x0000000080200000, 0x00000000f2460000)
  from space 233728K,  95% used [0x00000001008a0000, 0x000000010e333c70, 0x000000010ece0000)
  to   space 233728K,   0% used [0x00000000f2460000, 0x00000000f2460000, 0x00000001008a0000)
 tenured generation   total 4675200K, used 4397873K [0x0000000300150000, 0x000000041d6f0000, 0x0000000800000000)
   the space 4675200K,  94% used [0x0000000300150000, 0x000000040c81c6a0, 0x000000040c81c800, 0x000000041d6f0000)
 Metaspace       used 22710K, capacity 23233K, committed 23424K, reserved 1071104K
  class space    used 2354K, capacity 2568K, committed 2688K, reserved 1048576K
}
Event: 659.878 GC heap before
{Heap before GC invocations=715 (full 24):
 def new generation   total 2103936K, used 2093828K [0x0000000080200000, 0x000000010ece0000, 0x0000000300150000)
  eden space 1870208K,  99% used [0x0000000080200000, 0x00000000f242d530, 0x00000000f2460000)
  from space 233728K,  95% used [0x00000001008a0000, 0x000000010e333c70, 0x000000010ece0000)
  to   space 233728K,   0% used [0x00000000f2460000, 0x00000000f2460000, 0x00000001008a0000)
 tenured generation   total 4675200K, used 4397873K [0x0000000300150000, 0x000000041d6f0000, 0x0000000800000000)
   the space 4675200K,  94% used [0x0000000300150000, 0x000000040c81c6a0, 0x000000040c81c800, 0x000000041d6f0000)
 Metaspace       used 22710K, capacity 23233K, committed 23424K, reserved 1071104K
  class space    used 2354K, capacity 2568K, committed 2688K, reserved 1048576K
}
Event: 659.997 GC heap after
{Heap after GC invocations=716 (full 24):
 def new generation   total 2103936K, used 130768K [0x0000000080200000, 0x000000010ece0000, 0x0000000300150000)
  eden space 1870208K,   0% used [0x0000000080200000, 0x0000000080200000, 0x00000000f2460000)
  from space 233728K,  55% used [0x00000000f2460000, 0x00000000fa4142f8, 0x00000001008a0000)
  to   space 233728K,   0% used [0x00000001008a0000, 0x00000001008a0000, 0x000000010ece0000)
 tenured generation   total 4675200K, used 4402014K [0x0000000300150000, 0x000000041d6f0000, 0x0000000800000000)
   the space 4675200K,  94% used [0x0000000300150000, 0x000000040cc279e0, 0x000000040cc27a00, 0x000000041d6f0000)
 Metaspace       used 22710K, capacity 23233K, committed 23424K, reserved 1071104K
  class space    used 2354K, capacity 2568K, committed 2688K, reserved 1048576K
}
Event: 661.475 GC heap before
{Heap before GC invocations=716 (full 24):
 def new generation   total 2103936K, used 2000976K [0x0000000080200000, 0x000000010ece0000, 0x0000000300150000)
  eden space 1870208K, 100% used [0x0000000080200000, 0x00000000f2460000, 0x00000000f2460000)
  from space 233728K,  55% used [0x00000000f2460000, 0x00000000fa4142f8, 0x00000001008a0000)
  to   space 233728K,   0% used [0x00000001008a0000, 0x00000001008a0000, 0x000000010ece0000)
 tenured generation   total 4675200K, used 4402014K [0x0000000300150000, 0x000000041d6f0000, 0x0000000800000000)
   the space 4675200K,  94% used [0x0000000300150000, 0x000000040cc279e0, 0x000000040cc27a00, 0x000000041d6f0000)
 Metaspace       used 22710K, capacity 23233K, committed 23424K, reserved 1071104K
  class space    used 2354K, capacity 2568K, committed 2688K, reserved 1048576K
}
Event: 661.664 GC heap after
{Heap after GC invocations=717 (full 24):
 def new generation   total 2103936K, used 112425K [0x0000000080200000, 0x000000010ece0000, 0x0000000300150000)
  eden space 1870208K,   0% used [0x0000000080200000, 0x0000000080200000, 0x00000000f2460000)
  from space 233728K,  48% used [0x00000001008a0000, 0x000000010766a570, 0x000000010ece0000)
  to   space 233728K,   0% used [0x00000000f2460000, 0x00000000f2460000, 0x00000001008a0000)
 tenured generation   total 4675200K, used 4532266K [0x0000000300150000, 0x000000041d6f0000, 0x0000000800000000)
   the space 4675200K,  96% used [0x0000000300150000, 0x0000000414b5abc0, 0x0000000414b5ac00, 0x000000041d6f0000)
 Metaspace       used 22710K, capacity 23233K, committed 23424K, reserved 1071104K
  class space    used 2354K, capacity 2568K, committed 2688K, reserved 1048576K
}
Event: 663.149 GC heap before
{Heap before GC invocations=717 (full 24):
 def new generation   total 2103936K, used 1982633K [0x0000000080200000, 0x000000010ece0000, 0x0000000300150000)
  eden space 1870208K, 100% used [0x0000000080200000, 0x00000000f2460000, 0x00000000f2460000)
  from space 233728K,  48% used [0x00000001008a0000, 0x000000010766a570, 0x000000010ece0000)
  to   space 233728K,   0% used [0x00000000f2460000, 0x00000000f2460000, 0x00000001008a0000)
 tenured generation   total 4675200K, used 4532266K [0x0000000300150000, 0x000000041d6f0000, 0x0000000800000000)
   the space 4675200K,  96% used [0x0000000300150000, 0x0000000414b5abc0, 0x0000000414b5ac00, 0x000000041d6f0000)
 Metaspace       used 22710K, capacity 23233K, committed 23424K, reserved 1071104K
  class space    used 2354K, capacity 2568K, committed 2688K, reserved 1048576K
}
Event: 663.216 GC heap after
{Heap after GC invocations=718 (full 24):
 def new generation   total 2103936K, used 102752K [0x0000000080200000, 0x000000010ece0000, 0x0000000300150000)
  eden space 1870208K,   0% used [0x0000000080200000, 0x0000000080200000, 0x00000000f2460000)
  from space 233728K,  43% used [0x00000000f2460000, 0x00000000f88b8100, 0x00000001008a0000)
  to   space 233728K,   0% used [0x00000001008a0000, 0x00000001008a0000, 0x000000010ece0000)
 tenured generation   total 4675200K, used 4532266K [0x0000000300150000, 0x000000041d6f0000, 0x0000000800000000)
   the space 4675200K,  96% used [0x0000000300150000, 0x0000000414b5abc0, 0x0000000414b5ac00, 0x000000041d6f0000)
 Metaspace       used 22710K, capacity 23233K, committed 23424K, reserved 1071104K
  class space    used 2354K, capacity 2568K, committed 2688K, reserved 1048576K
}
Event: 664.752 GC heap before
{Heap before GC invocations=718 (full 24):
 def new generation   total 2103936K, used 1972960K [0x0000000080200000, 0x000000010ece0000, 0x0000000300150000)
  eden space 1870208K, 100% used [0x0000000080200000, 0x00000000f2460000, 0x00000000f2460000)
  from space 233728K,  43% used [0x00000000f2460000, 0x00000000f88b8100, 0x00000001008a0000)
  to   space 233728K,   0% used [0x00000001008a0000, 0x00000001008a0000, 0x000000010ece0000)
 tenured generation   total 4675200K, used 4532266K [0x0000000300150000, 0x000000041d6f0000, 0x0000000800000000)
   the space 4675200K,  96% used [0x0000000300150000, 0x0000000414b5abc0, 0x0000000414b5ac00, 0x000000041d6f0000)
 Metaspace       used 22710K, capacity 23233K, committed 23424K, reserved 1071104K
  class space    used 2354K, capacity 2568K, committed 2688K, reserved 1048576K
}
Event: 664.884 GC heap after
{Heap after GC invocations=719 (full 24):
 def new generation   total 2103936K, used 214146K [0x0000000080200000, 0x000000010ece0000, 0x0000000300150000)
  eden space 1870208K,   0% used [0x0000000080200000, 0x0000000080200000, 0x00000000f2460000)
  from space 233728K,  91% used [0x00000001008a0000, 0x000000010d9c0968, 0x000000010ece0000)
  to   space 233728K,   0% used [0x00000000f2460000, 0x00000000f2460000, 0x00000001008a0000)
 tenured generation   total 4675200K, used 4532266K [0x0000000300150000, 0x000000041d6f0000, 0x0000000800000000)
   the space 4675200K,  96% used [0x0000000300150000, 0x0000000414b5abc0, 0x0000000414b5ac00, 0x000000041d6f0000)
 Metaspace       used 22710K, capacity 23233K, committed 23424K, reserved 1071104K
  class space    used 2354K, capacity 2568K, committed 2688K, reserved 1048576K
}
Event: 666.431 GC heap before
{Heap before GC invocations=719 (full 24):
 def new generation   total 2103936K, used 2084354K [0x0000000080200000, 0x000000010ece0000, 0x0000000300150000)
  eden space 1870208K, 100% used [0x0000000080200000, 0x00000000f2460000, 0x00000000f2460000)
  from space 233728K,  91% used [0x00000001008a0000, 0x000000010d9c0968, 0x000000010ece0000)
  to   space 233728K,   0% used [0x00000000f2460000, 0x00000000f2460000, 0x00000001008a0000)
 tenured generation   total 4675200K, used 4532266K [0x0000000300150000, 0x000000041d6f0000, 0x0000000800000000)
   the space 4675200K,  96% used [0x0000000300150000, 0x0000000414b5abc0, 0x0000000414b5ac00, 0x000000041d6f0000)
 Metaspace       used 22710K, capacity 23233K, committed 23424K, reserved 1071104K
  class space    used 2354K, capacity 2568K, committed 2688K, reserved 1048576K
}
Event: 666.704 GC heap after
{Heap after GC invocations=720 (full 24):
 def new generation   total 2103936K, used 223328K [0x0000000080200000, 0x000000010ece0000, 0x0000000300150000)
  eden space 1870208K,   0% used [0x0000000080200000, 0x0000000080200000, 0x00000000f2460000)
  from space 233728K,  95% used [0x00000000f2460000, 0x00000000ffe78048, 0x00000001008a0000)
  to   space 233728K,   0% used [0x00000001008a0000, 0x00000001008a0000, 0x000000010ece0000)
 tenured generation   total 4675200K, used 4634492K [0x0000000300150000, 0x000000041d6f0000, 0x0000000800000000)
   the space 4675200K,  99% used [0x0000000300150000, 0x000000041af2f2a0, 0x000000041af2f400, 0x000000041d6f0000)
 Metaspace       used 22710K, capacity 23233K, committed 23424K, reserved 1071104K
  class space    used 2354K, capacity 2568K, committed 2688K, reserved 1048576K
}
Event: 668.253 GC heap before
{Heap before GC invocations=720 (full 24):
 def new generation   total 2103936K, used 2093536K [0x0000000080200000, 0x000000010ece0000, 0x0000000300150000)
  eden space 1870208K, 100% used [0x0000000080200000, 0x00000000f2460000, 0x00000000f2460000)
  from space 233728K,  95% used [0x00000000f2460000, 0x00000000ffe78048, 0x00000001008a0000)
  to   space 233728K,   0% used [0x00000001008a0000, 0x00000001008a0000, 0x000000010ece0000)
 tenured generation   total 4675200K, used 4634492K [0x0000000300150000, 0x000000041d6f0000, 0x0000000800000000)
   the space 4675200K,  99% used [0x0000000300150000, 0x000000041af2f2a0, 0x000000041af2f400, 0x000000041d6f0000)
 Metaspace       used 22710K, capacity 23233K, committed 23424K, reserved 1071104K
  class space    used 2354K, capacity 2568K, committed 2688K, reserved 1048576K
}
Event: 668.341 GC heap after
{Heap after GC invocations=721 (full 24):
 def new generation   total 2103936K, used 149930K [0x0000000080200000, 0x000000010ece0000, 0x0000000300150000)
  eden space 1870208K,   0% used [0x0000000080200000, 0x0000000080200000, 0x00000000f2460000)
  from space 233728K,  64% used [0x00000001008a0000, 0x0000000109b0a950, 0x000000010ece0000)
  to   space 233728K,   0% used [0x00000000f2460000, 0x00000000f2460000, 0x00000001008a0000)
 tenured generation   total 4675200K, used 4643262K [0x0000000300150000, 0x000000041d6f0000, 0x0000000800000000)
   the space 4675200K,  99% used [0x0000000300150000, 0x000000041b7bf960, 0x000000041b7bfa00, 0x000000041d6f0000)
 Metaspace       used 22710K, capacity 23233K, committed 23424K, reserved 1071104K
  class space    used 2354K, capacity 2568K, committed 2688K, reserved 1048576K
}
Event: 669.847 GC heap before
{Heap before GC invocations=721 (full 24):
 def new generation   total 2103936K, used 2020138K [0x0000000080200000, 0x000000010ece0000, 0x0000000300150000)
  eden space 1870208K, 100% used [0x0000000080200000, 0x00000000f2460000, 0x00000000f2460000)
  from space 233728K,  64% used [0x00000001008a0000, 0x0000000109b0a950, 0x000000010ece0000)
  to   space 233728K,   0% used [0x00000000f2460000, 0x00000000f2460000, 0x00000001008a0000)
 tenured generation   total 4675200K, used 4643262K [0x0000000300150000, 0x000000041d6f0000, 0x0000000800000000)
   the space 4675200K,  99% used [0x0000000300150000, 0x000000041b7bf960, 0x000000041b7bfa00, 0x000000041d6f0000)
 Metaspace       used 22710K, capacity 23233K, committed 23424K, reserved 1071104K
  class space    used 2354K, capacity 2568K, committed 2688K, reserved 1048576K
}
Event: 670.047 GC heap after
{Heap after GC invocations=722 (full 24):
 def new generation   total 2103936K, used 111922K [0x0000000080200000, 0x000000010ece0000, 0x0000000300150000)
  eden space 1870208K,   0% used [0x0000000080200000, 0x0000000080200000, 0x00000000f2460000)
  from space 233728K,  47% used [0x00000000f2460000, 0x00000000f91acaf8, 0x00000001008a0000)
  to   space 233728K,   0% used [0x00000001008a0000, 0x00000001008a0000, 0x000000010ece0000)
 tenured generation   total 4792792K, used 4792662K [0x0000000300150000, 0x00000004249c6000, 0x0000000800000000)
   the space 4792792K,  99% used [0x0000000300150000, 0x00000004249a59b0, 0x00000004249a5a00, 0x00000004249c6000)
 Metaspace       used 22710K, capacity 23233K, committed 23424K, reserved 1071104K
  class space    used 2354K, capacity 2568K, committed 2688K, reserved 1048576K
}
Event: 670.047 GC heap before
{Heap before GC invocations=722 (full 24):
 def new generation   total 2103936K, used 111922K [0x0000000080200000, 0x000000010ece0000, 0x0000000300150000)
  eden space 1870208K,   0% used [0x0000000080200000, 0x0000000080200000, 0x00000000f2460000)
  from space 233728K,  47% used [0x00000000f2460000, 0x00000000f91acaf8, 0x00000001008a0000)
  to   space 233728K,   0% used [0x00000001008a0000, 0x00000001008a0000, 0x000000010ece0000)
 tenured generation   total 4792792K, used 4792662K [0x0000000300150000, 0x00000004249c6000, 0x0000000800000000)
   the space 4792792K,  99% used [0x0000000300150000, 0x00000004249a59b0, 0x00000004249a5a00, 0x00000004249c6000)
 Metaspace       used 22710K, capacity 23233K, committed 23424K, reserved 1071104K
  class space    used 2354K, capacity 2568K, committed 2688K, reserved 1048576K
}

