# JRE version: OpenJDK Runtime Environment (13.0.7+5) (build 13.0.7+5-Ubuntu-0ubuntu120.04)
# Java VM: OpenJDK 64-Bit Server VM (13.0.7+5-Ubuntu-0ubuntu120.04, mixed mode, tiered, serial gc, linux-amd64)
Heap:
 def new generation   total 1048832K, used 11833K [0x00007f8db0600000, 0x00007f8df7800000, 0x00007f9305b50000)
  eden space 932352K,   1% used [0x00007f8db0600000, 0x00007f8db118e610, 0x00007f8de9480000)
  from space 116480K,   0% used [0x00007f8de9480000, 0x00007f8de9480000, 0x00007f8df0640000)
  to   space 116480K,   0% used [0x00007f8df0640000, 0x00007f8df0640000, 0x00007f8df7800000)
 tenured generation   total 2330944K, used 2330943K [0x00007f9305b50000, 0x00007f9393fa0000, 0x00007f9db0600000)
   the space 2330944K,  99% used [0x00007f9305b50000, 0x00007f9393f9ffd0, 0x00007f9393fa0000, 0x00007f9393fa0000)
 Metaspace       used 24290K, capacity 24724K, committed 24832K, reserved 26624K
GC Heap History (20 events):
Event: 2635.661 GC heap after
{Heap after GC invocations=4627 (full 2):
 def new generation   total 1048832K, used 11545K [0x00007f8db0600000, 0x00007f8df7800000, 0x00007f9305b50000)
  eden space 932352K,   0% used [0x00007f8db0600000, 0x00007f8db0600000, 0x00007f8de9480000)
  from space 116480K,   9% used [0x00007f8df0640000, 0x00007f8df11865b8, 0x00007f8df7800000)
  to   space 116480K,   0% used [0x00007f8de9480000, 0x00007f8de9480000, 0x00007f8df0640000)
 tenured generation   total 2330560K, used 2324608K [0x00007f9305b50000, 0x00007f9393f40000, 0x00007f9db0600000)
   the space 2330560K,  99% used [0x00007f9305b50000, 0x00007f9393970018, 0x00007f9393970200, 0x00007f9393f40000)
 Metaspace       used 24290K, capacity 24724K, committed 24832K, reserved 26624K
}
Event: 2636.424 GC heap before
{Heap before GC invocations=4627 (full 2):
 def new generation   total 1048832K, used 943897K [0x00007f8db0600000, 0x00007f8df7800000, 0x00007f9305b50000)
  eden space 932352K, 100% used [0x00007f8db0600000, 0x00007f8de9480000, 0x00007f8de9480000)
  from space 116480K,   9% used [0x00007f8df0640000, 0x00007f8df11865b8, 0x00007f8df7800000)
  to   space 116480K,   0% used [0x00007f8de9480000, 0x00007f8de9480000, 0x00007f8df0640000)
 tenured generation   total 2330560K, used 2324608K [0x00007f9305b50000, 0x00007f9393f40000, 0x00007f9db0600000)
   the space 2330560K,  99% used [0x00007f9305b50000, 0x00007f9393970018, 0x00007f9393970200, 0x00007f9393f40000)
 Metaspace       used 24290K, capacity 24724K, committed 24832K, reserved 26624K
}
Event: 2636.450 GC heap after
{Heap after GC invocations=4628 (full 2):
 def new generation   total 1048832K, used 11031K [0x00007f8db0600000, 0x00007f8df7800000, 0x00007f9305b50000)
  eden space 932352K,   0% used [0x00007f8db0600000, 0x00007f8db0600000, 0x00007f8de9480000)
  from space 116480K,   9% used [0x00007f8de9480000, 0x00007f8de9f45e88, 0x00007f8df0640000)
  to   space 116480K,   0% used [0x00007f8df0640000, 0x00007f8df0640000, 0x00007f8df7800000)
 tenured generation   total 2330560K, used 2325522K [0x00007f9305b50000, 0x00007f9393f40000, 0x00007f9db0600000)
   the space 2330560K,  99% used [0x00007f9305b50000, 0x00007f9393a54938, 0x00007f9393a54a00, 0x00007f9393f40000)
 Metaspace       used 24290K, capacity 24724K, committed 24832K, reserved 26624K
}
Event: 2637.237 GC heap before
{Heap before GC invocations=4628 (full 2):
 def new generation   total 1048832K, used 943383K [0x00007f8db0600000, 0x00007f8df7800000, 0x00007f9305b50000)
  eden space 932352K, 100% used [0x00007f8db0600000, 0x00007f8de9480000, 0x00007f8de9480000)
  from space 116480K,   9% used [0x00007f8de9480000, 0x00007f8de9f45e88, 0x00007f8df0640000)
  to   space 116480K,   0% used [0x00007f8df0640000, 0x00007f8df0640000, 0x00007f8df7800000)
 tenured generation   total 2330560K, used 2325522K [0x00007f9305b50000, 0x00007f9393f40000, 0x00007f9db0600000)
   the space 2330560K,  99% used [0x00007f9305b50000, 0x00007f9393a54938, 0x00007f9393a54a00, 0x00007f9393f40000)
 Metaspace       used 24290K, capacity 24724K, committed 24832K, reserved 26624K
}
Event: 2637.256 GC heap after
{Heap after GC invocations=4629 (full 2):
 def new generation   total 1048832K, used 10603K [0x00007f8db0600000, 0x00007f8df7800000, 0x00007f9305b50000)
  eden space 932352K,   0% used [0x00007f8db0600000, 0x00007f8db0600000, 0x00007f8de9480000)
  from space 116480K,   9% used [0x00007f8df0640000, 0x00007f8df109aca8, 0x00007f8df7800000)
  to   space 116480K,   0% used [0x00007f8de9480000, 0x00007f8de9480000, 0x00007f8df0640000)
 tenured generation   total 2330560K, used 2326450K [0x00007f9305b50000, 0x00007f9393f40000, 0x00007f9db0600000)
   the space 2330560K,  99% used [0x00007f9305b50000, 0x00007f9393b3ca58, 0x00007f9393b3cc00, 0x00007f9393f40000)
 Metaspace       used 24290K, capacity 24724K, committed 24832K, reserved 26624K
}
Event: 2638.070 GC heap before
{Heap before GC invocations=4629 (full 2):
 def new generation   total 1048832K, used 942955K [0x00007f8db0600000, 0x00007f8df7800000, 0x00007f9305b50000)
  eden space 932352K, 100% used [0x00007f8db0600000, 0x00007f8de9480000, 0x00007f8de9480000)
  from space 116480K,   9% used [0x00007f8df0640000, 0x00007f8df109aca8, 0x00007f8df7800000)
  to   space 116480K,   0% used [0x00007f8de9480000, 0x00007f8de9480000, 0x00007f8df0640000)
 tenured generation   total 2330560K, used 2326450K [0x00007f9305b50000, 0x00007f9393f40000, 0x00007f9db0600000)
   the space 2330560K,  99% used [0x00007f9305b50000, 0x00007f9393b3ca58, 0x00007f9393b3cc00, 0x00007f9393f40000)
 Metaspace       used 24290K, capacity 24724K, committed 24832K, reserved 26624K
}
Event: 2638.093 GC heap after
{Heap after GC invocations=4630 (full 2):
 def new generation   total 1048832K, used 10254K [0x00007f8db0600000, 0x00007f8df7800000, 0x00007f9305b50000)
  eden space 932352K,   0% used [0x00007f8db0600000, 0x00007f8db0600000, 0x00007f8de9480000)
  from space 116480K,   8% used [0x00007f8de9480000, 0x00007f8de9e83878, 0x00007f8df0640000)
  to   space 116480K,   0% used [0x00007f8df0640000, 0x00007f8df0640000, 0x00007f8df7800000)
 tenured generation   total 2330560K, used 2327382K [0x00007f9305b50000, 0x00007f9393f40000, 0x00007f9db0600000)
   the space 2330560K,  99% used [0x00007f9305b50000, 0x00007f9393c25b98, 0x00007f9393c25c00, 0x00007f9393f40000)
 Metaspace       used 24290K, capacity 24724K, committed 24832K, reserved 26624K
}
Event: 2638.877 GC heap before
{Heap before GC invocations=4630 (full 2):
 def new generation   total 1048832K, used 942606K [0x00007f8db0600000, 0x00007f8df7800000, 0x00007f9305b50000)
  eden space 932352K, 100% used [0x00007f8db0600000, 0x00007f8de9480000, 0x00007f8de9480000)
  from space 116480K,   8% used [0x00007f8de9480000, 0x00007f8de9e83878, 0x00007f8df0640000)
  to   space 116480K,   0% used [0x00007f8df0640000, 0x00007f8df0640000, 0x00007f8df7800000)
 tenured generation   total 2330560K, used 2327382K [0x00007f9305b50000, 0x00007f9393f40000, 0x00007f9db0600000)
   the space 2330560K,  99% used [0x00007f9305b50000, 0x00007f9393c25b98, 0x00007f9393c25c00, 0x00007f9393f40000)
 Metaspace       used 24290K, capacity 24724K, committed 24832K, reserved 26624K
}
Event: 2638.900 GC heap after
{Heap after GC invocations=4631 (full 2):
 def new generation   total 1048832K, used 9910K [0x00007f8db0600000, 0x00007f8df7800000, 0x00007f9305b50000)
  eden space 932352K,   0% used [0x00007f8db0600000, 0x00007f8db0600000, 0x00007f8de9480000)
  from space 116480K,   8% used [0x00007f8df0640000, 0x00007f8df0fed8f0, 0x00007f8df7800000)
  to   space 116480K,   0% used [0x00007f8de9480000, 0x00007f8de9480000, 0x00007f8df0640000)
 tenured generation   total 2330560K, used 2328311K [0x00007f9305b50000, 0x00007f9393f40000, 0x00007f9db0600000)
   the space 2330560K,  99% used [0x00007f9305b50000, 0x00007f9393d0dcb8, 0x00007f9393d0de00, 0x00007f9393f40000)
 Metaspace       used 24290K, capacity 24724K, committed 24832K, reserved 26624K
}
Event: 2639.682 GC heap before
{Heap before GC invocations=4631 (full 2):
 def new generation   total 1048832K, used 942262K [0x00007f8db0600000, 0x00007f8df7800000, 0x00007f9305b50000)
  eden space 932352K, 100% used [0x00007f8db0600000, 0x00007f8de9480000, 0x00007f8de9480000)
  from space 116480K,   8% used [0x00007f8df0640000, 0x00007f8df0fed8f0, 0x00007f8df7800000)
  to   space 116480K,   0% used [0x00007f8de9480000, 0x00007f8de9480000, 0x00007f8df0640000)
 tenured generation   total 2330560K, used 2328311K [0x00007f9305b50000, 0x00007f9393f40000, 0x00007f9db0600000)
   the space 2330560K,  99% used [0x00007f9305b50000, 0x00007f9393d0dcb8, 0x00007f9393d0de00, 0x00007f9393f40000)
 Metaspace       used 24290K, capacity 24724K, committed 24832K, reserved 26624K
}
Event: 2639.705 GC heap after
{Heap after GC invocations=4632 (full 2):
 def new generation   total 1048832K, used 10159K [0x00007f8db0600000, 0x00007f8df7800000, 0x00007f9305b50000)
  eden space 932352K,   0% used [0x00007f8db0600000, 0x00007f8db0600000, 0x00007f8de9480000)
  from space 116480K,   8% used [0x00007f8de9480000, 0x00007f8de9e6be98, 0x00007f8df0640000)
  to   space 116480K,   0% used [0x00007f8df0640000, 0x00007f8df0640000, 0x00007f8df7800000)
 tenured generation   total 2330560K, used 2328916K [0x00007f9305b50000, 0x00007f9393f40000, 0x00007f9db0600000)
   the space 2330560K,  99% used [0x00007f9305b50000, 0x00007f9393da5170, 0x00007f9393da5200, 0x00007f9393f40000)
 Metaspace       used 24290K, capacity 24724K, committed 24832K, reserved 26624K
}
Event: 2640.459 GC heap before
{Heap before GC invocations=4632 (full 2):
 def new generation   total 1048832K, used 942511K [0x00007f8db0600000, 0x00007f8df7800000, 0x00007f9305b50000)
  eden space 932352K, 100% used [0x00007f8db0600000, 0x00007f8de9480000, 0x00007f8de9480000)
  from space 116480K,   8% used [0x00007f8de9480000, 0x00007f8de9e6be98, 0x00007f8df0640000)
  to   space 116480K,   0% used [0x00007f8df0640000, 0x00007f8df0640000, 0x00007f8df7800000)
 tenured generation   total 2330560K, used 2328916K [0x00007f9305b50000, 0x00007f9393f40000, 0x00007f9db0600000)
   the space 2330560K,  99% used [0x00007f9305b50000, 0x00007f9393da5170, 0x00007f9393da5200, 0x00007f9393f40000)
 Metaspace       used 24290K, capacity 24724K, committed 24832K, reserved 26624K
}
Event: 2640.490 GC heap after
{Heap after GC invocations=4633 (full 2):
 def new generation   total 1048832K, used 10698K [0x00007f8db0600000, 0x00007f8df7800000, 0x00007f9305b50000)
  eden space 932352K,   0% used [0x00007f8db0600000, 0x00007f8db0600000, 0x00007f8de9480000)
  from space 116480K,   9% used [0x00007f8df0640000, 0x00007f8df10b2838, 0x00007f8df7800000)
  to   space 116480K,   0% used [0x00007f8de9480000, 0x00007f8de9480000, 0x00007f8df0640000)
 tenured generation   total 2330560K, used 2329311K [0x00007f9305b50000, 0x00007f9393f40000, 0x00007f9db0600000)
   the space 2330560K,  99% used [0x00007f9305b50000, 0x00007f9393e07d80, 0x00007f9393e07e00, 0x00007f9393f40000)
 Metaspace       used 24290K, capacity 24724K, committed 24832K, reserved 26624K
}
Event: 2641.260 GC heap before
{Heap before GC invocations=4633 (full 2):
 def new generation   total 1048832K, used 943050K [0x00007f8db0600000, 0x00007f8df7800000, 0x00007f9305b50000)
  eden space 932352K, 100% used [0x00007f8db0600000, 0x00007f8de9480000, 0x00007f8de9480000)
  from space 116480K,   9% used [0x00007f8df0640000, 0x00007f8df10b2838, 0x00007f8df7800000)
  to   space 116480K,   0% used [0x00007f8de9480000, 0x00007f8de9480000, 0x00007f8df0640000)
 tenured generation   total 2330560K, used 2329311K [0x00007f9305b50000, 0x00007f9393f40000, 0x00007f9db0600000)
   the space 2330560K,  99% used [0x00007f9305b50000, 0x00007f9393e07d80, 0x00007f9393e07e00, 0x00007f9393f40000)
 Metaspace       used 24290K, capacity 24724K, committed 24832K, reserved 26624K
}
Event: 2641.279 GC heap after
{Heap after GC invocations=4634 (full 2):
 def new generation   total 1048832K, used 11186K [0x00007f8db0600000, 0x00007f8df7800000, 0x00007f9305b50000)
  eden space 932352K,   0% used [0x00007f8db0600000, 0x00007f8db0600000, 0x00007f8de9480000)
  from space 116480K,   9% used [0x00007f8de9480000, 0x00007f8de9f6cba8, 0x00007f8df0640000)
  to   space 116480K,   0% used [0x00007f8df0640000, 0x00007f8df0640000, 0x00007f8df7800000)
 tenured generation   total 2330560K, used 2329748K [0x00007f9305b50000, 0x00007f9393f40000, 0x00007f9db0600000)
   the space 2330560K,  99% used [0x00007f9305b50000, 0x00007f9393e75100, 0x00007f9393e75200, 0x00007f9393f40000)
 Metaspace       used 24290K, capacity 24724K, committed 24832K, reserved 26624K
}
Event: 2642.028 GC heap before
{Heap before GC invocations=4634 (full 2):
 def new generation   total 1048832K, used 943538K [0x00007f8db0600000, 0x00007f8df7800000, 0x00007f9305b50000)
  eden space 932352K, 100% used [0x00007f8db0600000, 0x00007f8de9480000, 0x00007f8de9480000)
  from space 116480K,   9% used [0x00007f8de9480000, 0x00007f8de9f6cba8, 0x00007f8df0640000)
  to   space 116480K,   0% used [0x00007f8df0640000, 0x00007f8df0640000, 0x00007f8df7800000)
 tenured generation   total 2330560K, used 2329748K [0x00007f9305b50000, 0x00007f9393f40000, 0x00007f9db0600000)
   the space 2330560K,  99% used [0x00007f9305b50000, 0x00007f9393e75100, 0x00007f9393e75200, 0x00007f9393f40000)
 Metaspace       used 24290K, capacity 24724K, committed 24832K, reserved 26624K
}
Event: 2642.052 GC heap after
{Heap after GC invocations=4635 (full 2):
 def new generation   total 1048832K, used 11680K [0x00007f8db0600000, 0x00007f8df7800000, 0x00007f9305b50000)
  eden space 932352K,   0% used [0x00007f8db0600000, 0x00007f8db0600000, 0x00007f8de9480000)
  from space 116480K,  10% used [0x00007f8df0640000, 0x00007f8df11a81b0, 0x00007f8df7800000)
  to   space 116480K,   0% used [0x00007f8de9480000, 0x00007f8de9480000, 0x00007f8df0640000)
 tenured generation   total 2330560K, used 2330184K [0x00007f9305b50000, 0x00007f9393f40000, 0x00007f9db0600000)
   the space 2330560K,  99% used [0x00007f9305b50000, 0x00007f9393ee2240, 0x00007f9393ee2400, 0x00007f9393f40000)
 Metaspace       used 24290K, capacity 24724K, committed 24832K, reserved 26624K
}
Event: 2642.830 GC heap before
{Heap before GC invocations=4635 (full 2):
 def new generation   total 1048832K, used 944032K [0x00007f8db0600000, 0x00007f8df7800000, 0x00007f9305b50000)
  eden space 932352K, 100% used [0x00007f8db0600000, 0x00007f8de9480000, 0x00007f8de9480000)
  from space 116480K,  10% used [0x00007f8df0640000, 0x00007f8df11a81b0, 0x00007f8df7800000)
  to   space 116480K,   0% used [0x00007f8de9480000, 0x00007f8de9480000, 0x00007f8df0640000)
 tenured generation   total 2330560K, used 2330184K [0x00007f9305b50000, 0x00007f9393f40000, 0x00007f9db0600000)
   the space 2330560K,  99% used [0x00007f9305b50000, 0x00007f9393ee2240, 0x00007f9393ee2400, 0x00007f9393f40000)
 Metaspace       used 24290K, capacity 24724K, committed 24832K, reserved 26624K
}
Event: 2642.860 GC heap after
{Heap after GC invocations=4636 (full 2):
 def new generation   total 1048832K, used 11931K [0x00007f8db0600000, 0x00007f8df7800000, 0x00007f9305b50000)
  eden space 932352K,   0% used [0x00007f8db0600000, 0x00007f8db0600000, 0x00007f8de9480000)
  from space 116480K,  10% used [0x00007f8de9480000, 0x00007f8dea026cc0, 0x00007f8df0640000)
  to   space 116480K,   0% used [0x00007f8df0640000, 0x00007f8df0640000, 0x00007f8df7800000)
 tenured generation   total 2330944K, used 2330846K [0x00007f9305b50000, 0x00007f9393fa0000, 0x00007f9db0600000)
   the space 2330944K,  99% used [0x00007f9305b50000, 0x00007f9393f87920, 0x00007f9393f87a00, 0x00007f9393fa0000)
 Metaspace       used 24290K, capacity 24724K, committed 24832K, reserved 26624K
}
Event: 2642.860 GC heap before
{Heap before GC invocations=4636 (full 2):
 def new generation   total 1048832K, used 11931K [0x00007f8db0600000, 0x00007f8df7800000, 0x00007f9305b50000)
  eden space 932352K,   0% used [0x00007f8db0600000, 0x00007f8db0600000, 0x00007f8de9480000)
  from space 116480K,  10% used [0x00007f8de9480000, 0x00007f8dea026cc0, 0x00007f8df0640000)
  to   space 116480K,   0% used [0x00007f8df0640000, 0x00007f8df0640000, 0x00007f8df7800000)
 tenured generation   total 2330944K, used 2330846K [0x00007f9305b50000, 0x00007f9393fa0000, 0x00007f9db0600000)
   the space 2330944K,  99% used [0x00007f9305b50000, 0x00007f9393f87920, 0x00007f9393f87a00, 0x00007f9393fa0000)
 Metaspace       used 24290K, capacity 24724K, committed 24832K, reserved 26624K
}

