# JRE version: OpenJDK Runtime Environment (13.0.7+5) (build 13.0.7+5-Ubuntu-0ubuntu120.04)
# Java VM: OpenJDK 64-Bit Server VM (13.0.7+5-Ubuntu-0ubuntu120.04, mixed mode, tiered, serial gc, linux-amd64)
Heap:
 def new generation   total 4877184K, used 0K [0x00007fa710600000, 0x00007fa85b210000, 0x00007fac65b50000)
  eden space 4335296K,   0% used [0x00007fa710600000, 0x00007fa710600000, 0x00007fa818fb0000)
  from space 541888K,   0% used [0x00007fa83a0e0000, 0x00007fa83a0e0000, 0x00007fa85b210000)
  to   space 541888K,   0% used [0x00007fa818fb0000, 0x00007fa818fb0000, 0x00007fa83a0e0000)
 tenured generation   total 17129556K, used 12592349K [0x00007fac65b50000, 0x00007fb07b365000, 0x00007fb710600000)
   the space 17129556K,  73% used [0x00007fac65b50000, 0x00007faf664877a8, 0x00007faf66487800, 0x00007fb07b365000)
 Metaspace       used 23178K, capacity 23537K, committed 23808K, reserved 24576K
GC Heap History (19 events):
Event: 2.347 GC heap before
{Heap before GC invocations=0 (full 0):
 def new generation   total 629120K, used 111852K [0x00007fa710600000, 0x00007fa73b0a0000, 0x00007fac65b50000)
  eden space 559232K,  20% used [0x00007fa710600000, 0x00007fa71733b078, 0x00007fa732820000)
  from space 69888K,   0% used [0x00007fa732820000, 0x00007fa732820000, 0x00007fa736c60000)
  to   space 69888K,   0% used [0x00007fa736c60000, 0x00007fa736c60000, 0x00007fa73b0a0000)
 tenured generation   total 1398144K, used 0K [0x00007fac65b50000, 0x00007facbb0b0000, 0x00007fb710600000)
   the space 1398144K,   0% used [0x00007fac65b50000, 0x00007fac65b50000, 0x00007fac65b50200, 0x00007facbb0b0000)
 Metaspace       used 20833K, capacity 21140K, committed 21248K, reserved 22528K
}
Event: 2.386 GC heap after
{Heap after GC invocations=1 (full 1):
 def new generation   total 629248K, used 0K [0x00007fa710600000, 0x00007fa73b0c0000, 0x00007fac65b50000)
  eden space 559360K,   0% used [0x00007fa710600000, 0x00007fa710600000, 0x00007fa732840000)
  from space 69888K,   0% used [0x00007fa732840000, 0x00007fa732840000, 0x00007fa736c80000)
  to   space 69888K,   0% used [0x00007fa736c80000, 0x00007fa736c80000, 0x00007fa73b0c0000)
 tenured generation   total 1398144K, used 13587K [0x00007fac65b50000, 0x00007facbb0b0000, 0x00007fb710600000)
   the space 1398144K,   0% used [0x00007fac65b50000, 0x00007fac66894f78, 0x00007fac66895000, 0x00007facbb0b0000)
 Metaspace       used 20833K, capacity 21140K, committed 21248K, reserved 22528K
}
Event: 3.339 GC heap before
{Heap before GC invocations=1 (full 1):
 def new generation   total 629248K, used 559360K [0x00007fa710600000, 0x00007fa73b0c0000, 0x00007fac65b50000)
  eden space 559360K, 100% used [0x00007fa710600000, 0x00007fa732840000, 0x00007fa732840000)
  from space 69888K,   0% used [0x00007fa732840000, 0x00007fa732840000, 0x00007fa736c80000)
  to   space 69888K,   0% used [0x00007fa736c80000, 0x00007fa736c80000, 0x00007fa73b0c0000)
 tenured generation   total 1398144K, used 13587K [0x00007fac65b50000, 0x00007facbb0b0000, 0x00007fb710600000)
   the space 1398144K,   0% used [0x00007fac65b50000, 0x00007fac66894f78, 0x00007fac66895000, 0x00007facbb0b0000)
 Metaspace       used 22926K, capacity 23310K, committed 23552K, reserved 24576K
}
Event: 3.344 GC heap after
{Heap after GC invocations=2 (full 1):
 def new generation   total 629248K, used 721K [0x00007fa710600000, 0x00007fa73b0c0000, 0x00007fac65b50000)
  eden space 559360K,   0% used [0x00007fa710600000, 0x00007fa710600000, 0x00007fa732840000)
  from space 69888K,   1% used [0x00007fa736c80000, 0x00007fa736d34790, 0x00007fa73b0c0000)
  to   space 69888K,   0% used [0x00007fa732840000, 0x00007fa732840000, 0x00007fa736c80000)
 tenured generation   total 1398144K, used 13587K [0x00007fac65b50000, 0x00007facbb0b0000, 0x00007fb710600000)
   the space 1398144K,   0% used [0x00007fac65b50000, 0x00007fac66894f78, 0x00007fac66895000, 0x00007facbb0b0000)
 Metaspace       used 22926K, capacity 23310K, committed 23552K, reserved 24576K
}
Event: 4.175 GC heap before
{Heap before GC invocations=2 (full 1):
 def new generation   total 629248K, used 560081K [0x00007fa710600000, 0x00007fa73b0c0000, 0x00007fac65b50000)
  eden space 559360K, 100% used [0x00007fa710600000, 0x00007fa732840000, 0x00007fa732840000)
  from space 69888K,   1% used [0x00007fa736c80000, 0x00007fa736d34790, 0x00007fa73b0c0000)
  to   space 69888K,   0% used [0x00007fa732840000, 0x00007fa732840000, 0x00007fa736c80000)
 tenured generation   total 1398144K, used 13587K [0x00007fac65b50000, 0x00007facbb0b0000, 0x00007fb710600000)
   the space 1398144K,   0% used [0x00007fac65b50000, 0x00007fac66894f78, 0x00007fac66895000, 0x00007facbb0b0000)
 Metaspace       used 22947K, capacity 23311K, committed 23552K, reserved 24576K
}
Event: 4.178 GC heap after
{Heap after GC invocations=3 (full 1):
 def new generation   total 629248K, used 946K [0x00007fa710600000, 0x00007fa73b0c0000, 0x00007fac65b50000)
  eden space 559360K,   0% used [0x00007fa710600000, 0x00007fa710600000, 0x00007fa732840000)
  from space 69888K,   1% used [0x00007fa732840000, 0x00007fa73292c9b0, 0x00007fa736c80000)
  to   space 69888K,   0% used [0x00007fa736c80000, 0x00007fa736c80000, 0x00007fa73b0c0000)
 tenured generation   total 1398144K, used 13587K [0x00007fac65b50000, 0x00007facbb0b0000, 0x00007fb710600000)
   the space 1398144K,   0% used [0x00007fac65b50000, 0x00007fac66894f78, 0x00007fac66895000, 0x00007facbb0b0000)
 Metaspace       used 22947K, capacity 23311K, committed 23552K, reserved 24576K
}
Event: 4.897 GC heap before
{Heap before GC invocations=3 (full 1):
 def new generation   total 629248K, used 440032K [0x00007fa710600000, 0x00007fa73b0c0000, 0x00007fac65b50000)
  eden space 559360K,  78% used [0x00007fa710600000, 0x00007fa72b2cb7a0, 0x00007fa732840000)
  from space 69888K,   1% used [0x00007fa732840000, 0x00007fa73292c9b0, 0x00007fa736c80000)
  to   space 69888K,   0% used [0x00007fa736c80000, 0x00007fa736c80000, 0x00007fa73b0c0000)
 tenured generation   total 1398144K, used 13587K [0x00007fac65b50000, 0x00007facbb0b0000, 0x00007fb710600000)
   the space 1398144K,   0% used [0x00007fac65b50000, 0x00007fac66894f78, 0x00007fac66895000, 0x00007facbb0b0000)
 Metaspace       used 23176K, capacity 23537K, committed 23808K, reserved 24576K
}
Event: 4.904 GC heap after
{Heap after GC invocations=4 (full 1):
 def new generation   total 629248K, used 7358K [0x00007fa710600000, 0x00007fa73b0c0000, 0x00007fac65b50000)
  eden space 559360K,   0% used [0x00007fa710600000, 0x00007fa710600000, 0x00007fa732840000)
  from space 69888K,  10% used [0x00007fa736c80000, 0x00007fa7373af818, 0x00007fa73b0c0000)
  to   space 69888K,   0% used [0x00007fa732840000, 0x00007fa732840000, 0x00007fa736c80000)
 tenured generation   total 1398144K, used 13587K [0x00007fac65b50000, 0x00007facbb0b0000, 0x00007fb710600000)
   the space 1398144K,   0% used [0x00007fac65b50000, 0x00007fac66894f78, 0x00007fac66895000, 0x00007facbb0b0000)
 Metaspace       used 23176K, capacity 23537K, committed 23808K, reserved 24576K
}
Event: 5.119 GC heap before
{Heap before GC invocations=4 (full 1):
 def new generation   total 629248K, used 217266K [0x00007fa710600000, 0x00007fa73b0c0000, 0x00007fac65b50000)
  eden space 559360K,  37% used [0x00007fa710600000, 0x00007fa71d2fd018, 0x00007fa732840000)
  from space 69888K,  10% used [0x00007fa736c80000, 0x00007fa7373af818, 0x00007fa73b0c0000)
  to   space 69888K,   0% used [0x00007fa732840000, 0x00007fa732840000, 0x00007fa736c80000)
 tenured generation   total 1398144K, used 13587K [0x00007fac65b50000, 0x00007facbb0b0000, 0x00007fb710600000)
   the space 1398144K,   0% used [0x00007fac65b50000, 0x00007fac66894f78, 0x00007fac66895000, 0x00007facbb0b0000)
 Metaspace       used 23178K, capacity 23537K, committed 23808K, reserved 24576K
}
Event: 5.240 GC heap after
{Heap after GC invocations=5 (full 1):
 def new generation   total 629248K, used 1212K [0x00007fa710600000, 0x00007fa73b0c0000, 0x00007fac65b50000)
  eden space 559360K,   0% used [0x00007fa710600000, 0x00007fa710600000, 0x00007fa732840000)
  from space 69888K,   1% used [0x00007fa732840000, 0x00007fa73296f330, 0x00007fa736c80000)
  to   space 69888K,   0% used [0x00007fa736c80000, 0x00007fa736c80000, 0x00007fa73b0c0000)
 tenured generation   total 1398144K, used 210195K [0x00007fac65b50000, 0x00007facbb0b0000, 0x00007fb710600000)
   the space 1398144K,  15% used [0x00007fac65b50000, 0x00007fac72894f90, 0x00007fac72895000, 0x00007facbb0b0000)
 Metaspace       used 23178K, capacity 23537K, committed 23808K, reserved 24576K
}
Event: 5.240 GC heap before
{Heap before GC invocations=5 (full 1):
 def new generation   total 629248K, used 1212K [0x00007fa710600000, 0x00007fa73b0c0000, 0x00007fac65b50000)
  eden space 559360K,   0% used [0x00007fa710600000, 0x00007fa710600000, 0x00007fa732840000)
  from space 69888K,   1% used [0x00007fa732840000, 0x00007fa73296f330, 0x00007fa736c80000)
  to   space 69888K,   0% used [0x00007fa736c80000, 0x00007fa736c80000, 0x00007fa73b0c0000)
 tenured generation   total 1398144K, used 210195K [0x00007fac65b50000, 0x00007facbb0b0000, 0x00007fb710600000)
   the space 1398144K,  15% used [0x00007fac65b50000, 0x00007fac72894f90, 0x00007fac72895000, 0x00007facbb0b0000)
 Metaspace       used 23178K, capacity 23537K, committed 23808K, reserved 24576K
}
Event: 5.274 GC heap after
{Heap after GC invocations=5 (full 2):
 def new generation   total 629248K, used 0K [0x00007fa710600000, 0x00007fa73b0c0000, 0x00007fac65b50000)
  eden space 559360K,   0% used [0x00007fa710600000, 0x00007fa710600000, 0x00007fa732840000)
  from space 69888K,   0% used [0x00007fa732840000, 0x00007fa732840000, 0x00007fa736c80000)
  to   space 69888K,   0% used [0x00007fa736c80000, 0x00007fa736c80000, 0x00007fa73b0c0000)
 tenured generation   total 1398144K, used 211400K [0x00007fac65b50000, 0x00007facbb0b0000, 0x00007fb710600000)
   the space 1398144K,  15% used [0x00007fac65b50000, 0x00007fac729c2220, 0x00007fac729c2400, 0x00007facbb0b0000)
 Metaspace       used 23178K, capacity 23537K, committed 23808K, reserved 24576K
}
Event: 13.716 GC heap before
{Heap before GC invocations=5 (full 2):
 def new generation   total 629248K, used 10936K [0x00007fa710600000, 0x00007fa73b0c0000, 0x00007fac65b50000)
  eden space 559360K,   1% used [0x00007fa710600000, 0x00007fa7110ae278, 0x00007fa732840000)
  from space 69888K,   0% used [0x00007fa732840000, 0x00007fa732840000, 0x00007fa736c80000)
  to   space 69888K,   0% used [0x00007fa736c80000, 0x00007fa736c80000, 0x00007fa73b0c0000)
 tenured generation   total 7689604K, used 6502856K [0x00007fac65b50000, 0x00007fae3b0b1000, 0x00007fb710600000)
   the space 7689604K,  84% used [0x00007fac65b50000, 0x00007fadf29c2238, 0x00007fadf29c2400, 0x00007fae3b0b1000)
 Metaspace       used 23178K, capacity 23537K, committed 23808K, reserved 24576K
}
Event: 13.727 GC heap after
{Heap after GC invocations=6 (full 2):
 def new generation   total 629248K, used 0K [0x00007fa710600000, 0x00007fa73b0c0000, 0x00007fac65b50000)
  eden space 559360K,   0% used [0x00007fa710600000, 0x00007fa710600000, 0x00007fa732840000)
  from space 69888K,   0% used [0x00007fa736c80000, 0x00007fa736c800c0, 0x00007fa73b0c0000)
  to   space 69888K,   0% used [0x00007fa732840000, 0x00007fa732840000, 0x00007fa736c80000)
 tenured generation   total 7689604K, used 6502856K [0x00007fac65b50000, 0x00007fae3b0b1000, 0x00007fb710600000)
   the space 7689604K,  84% used [0x00007fac65b50000, 0x00007fadf29c2238, 0x00007fadf29c2400, 0x00007fae3b0b1000)
 Metaspace       used 23178K, capacity 23537K, committed 23808K, reserved 24576K
}
Event: 13.727 GC heap before
{Heap before GC invocations=6 (full 2):
 def new generation   total 629248K, used 0K [0x00007fa710600000, 0x00007fa73b0c0000, 0x00007fac65b50000)
  eden space 559360K,   0% used [0x00007fa710600000, 0x00007fa710600000, 0x00007fa732840000)
  from space 69888K,   0% used [0x00007fa736c80000, 0x00007fa736c800c0, 0x00007fa73b0c0000)
  to   space 69888K,   0% used [0x00007fa732840000, 0x00007fa732840000, 0x00007fa736c80000)
 tenured generation   total 7689604K, used 6502856K [0x00007fac65b50000, 0x00007fae3b0b1000, 0x00007fb710600000)
   the space 7689604K,  84% used [0x00007fac65b50000, 0x00007fadf29c2238, 0x00007fadf29c2400, 0x00007fae3b0b1000)
 Metaspace       used 23178K, capacity 23537K, committed 23808K, reserved 24576K
}
Event: 13.804 GC heap after
{Heap after GC invocations=6 (full 3):
 def new generation   total 4877184K, used 0K [0x00007fa710600000, 0x00007fa85b210000, 0x00007fac65b50000)
  eden space 4335296K,   0% used [0x00007fa710600000, 0x00007fa710600000, 0x00007fa818fb0000)
  from space 541888K,   0% used [0x00007fa818fb0000, 0x00007fa818fb0000, 0x00007fa83a0e0000)
  to   space 541888K,   0% used [0x00007fa83a0e0000, 0x00007fa83a0e0000, 0x00007fa85b210000)
 tenured generation   total 10838096K, used 6502856K [0x00007fac65b50000, 0x00007faefb364000, 0x00007fb710600000)
   the space 10838096K,  59% used [0x00007fac65b50000, 0x00007fadf29c22f8, 0x00007fadf29c2400, 0x00007faefb364000)
 Metaspace       used 23178K, capacity 23537K, committed 23808K, reserved 24576K
}
Event: 35.420 GC heap before
{Heap before GC invocations=6 (full 3):
 def new generation   total 4877184K, used 84763K [0x00007fa710600000, 0x00007fa85b210000, 0x00007fac65b50000)
  eden space 4335296K,   1% used [0x00007fa710600000, 0x00007fa7158c6e78, 0x00007fa818fb0000)
  from space 541888K,   0% used [0x00007fa818fb0000, 0x00007fa818fb0000, 0x00007fa83a0e0000)
  to   space 541888K,   0% used [0x00007fa83a0e0000, 0x00007fa83a0e0000, 0x00007fa85b210000)
 tenured generation   total 17129556K, used 12794312K [0x00007fac65b50000, 0x00007fb07b365000, 0x00007fb710600000)
   the space 17129556K,  74% used [0x00007fac65b50000, 0x00007faf729c2310, 0x00007faf729c2400, 0x00007fb07b365000)
 Metaspace       used 23178K, capacity 23537K, committed 23808K, reserved 24576K
}
Event: 35.527 GC heap after
{Heap after GC invocations=7 (full 3):
 def new generation   total 4877184K, used 0K [0x00007fa710600000, 0x00007fa85b210000, 0x00007fac65b50000)
  eden space 4335296K,   0% used [0x00007fa710600000, 0x00007fa710600000, 0x00007fa818fb0000)
  from space 541888K,   0% used [0x00007fa83a0e0000, 0x00007fa83a0e0290, 0x00007fa85b210000)
  to   space 541888K,   0% used [0x00007fa818fb0000, 0x00007fa818fb0000, 0x00007fa83a0e0000)
 tenured generation   total 17129556K, used 12794312K [0x00007fac65b50000, 0x00007fb07b365000, 0x00007fb710600000)
   the space 17129556K,  74% used [0x00007fac65b50000, 0x00007faf729c2310, 0x00007faf729c2400, 0x00007fb07b365000)
 Metaspace       used 23178K, capacity 23537K, committed 23808K, reserved 24576K
}
Event: 35.527 GC heap before
{Heap before GC invocations=7 (full 3):
 def new generation   total 4877184K, used 0K [0x00007fa710600000, 0x00007fa85b210000, 0x00007fac65b50000)
  eden space 4335296K,   0% used [0x00007fa710600000, 0x00007fa710600000, 0x00007fa818fb0000)
  from space 541888K,   0% used [0x00007fa83a0e0000, 0x00007fa83a0e0290, 0x00007fa85b210000)
  to   space 541888K,   0% used [0x00007fa818fb0000, 0x00007fa818fb0000, 0x00007fa83a0e0000)
 tenured generation   total 17129556K, used 12794312K [0x00007fac65b50000, 0x00007fb07b365000, 0x00007fb710600000)
   the space 17129556K,  74% used [0x00007fac65b50000, 0x00007faf729c2310, 0x00007faf729c2400, 0x00007fb07b365000)
 Metaspace       used 23178K, capacity 23537K, committed 23808K, reserved 24576K
}

