# JRE version: OpenJDK Runtime Environment (13.0.7+5) (build 13.0.7+5-Ubuntu-0ubuntu120.04)
# Java VM: OpenJDK 64-Bit Server VM (13.0.7+5-Ubuntu-0ubuntu120.04, mixed mode, tiered, serial gc, linux-amd64)
Heap:
 def new generation   total 2784000K, used 213381K [0x00007f9960600000, 0x00007f9a1d2d0000, 0x00007f9eb5b50000)
  eden space 2474688K,   8% used [0x00007f9960600000, 0x00007f996d661560, 0x00007f99f76b0000)
  from space 309312K,   0% used [0x00007f99f76b0000, 0x00007f99f76b0000, 0x00007f9a0a4c0000)
  to   space 309312K,   0% used [0x00007f9a0a4c0000, 0x00007f9a0a4c0000, 0x00007f9a1d2d0000)
 tenured generation   total 6362552K, used 6362551K [0x00007f9eb5b50000, 0x00007fa03a0be000, 0x00007fa960600000)
   the space 6362552K,  99% used [0x00007f9eb5b50000, 0x00007fa03a0bdfe8, 0x00007fa03a0be000, 0x00007fa03a0be000)
 Metaspace       used 30392K, capacity 30773K, committed 30976K, reserved 32768K
GC Heap History (20 events):
Event: 107.865 GC heap after
{Heap after GC invocations=64 (full 4):
 def new generation   total 2784000K, used 188953K [0x00007f9960600000, 0x00007f9a1d2d0000, 0x00007f9eb5b50000)
  eden space 2474688K,   0% used [0x00007f9960600000, 0x00007f9960600000, 0x00007f99f76b0000)
  from space 309312K,  61% used [0x00007f9a0a4c0000, 0x00007f9a15d46610, 0x00007f9a1d2d0000)
  to   space 309312K,   0% used [0x00007f99f76b0000, 0x00007f99f76b0000, 0x00007f9a0a4c0000)
 tenured generation   total 6186488K, used 4520734K [0x00007f9eb5b50000, 0x00007fa02f4ce000, 0x00007fa960600000)
   the space 6186488K,  73% used [0x00007f9eb5b50000, 0x00007f9fc9a17928, 0x00007f9fc9a17a00, 0x00007fa02f4ce000)
 Metaspace       used 30392K, capacity 30773K, committed 30976K, reserved 32768K
}
Event: 108.544 GC heap before
{Heap before GC invocations=64 (full 4):
 def new generation   total 2784000K, used 2663641K [0x00007f9960600000, 0x00007f9a1d2d0000, 0x00007f9eb5b50000)
  eden space 2474688K, 100% used [0x00007f9960600000, 0x00007f99f76b0000, 0x00007f99f76b0000)
  from space 309312K,  61% used [0x00007f9a0a4c0000, 0x00007f9a15d46610, 0x00007f9a1d2d0000)
  to   space 309312K,   0% used [0x00007f99f76b0000, 0x00007f99f76b0000, 0x00007f9a0a4c0000)
 tenured generation   total 6186488K, used 4520734K [0x00007f9eb5b50000, 0x00007fa02f4ce000, 0x00007fa960600000)
   the space 6186488K,  73% used [0x00007f9eb5b50000, 0x00007f9fc9a17928, 0x00007f9fc9a17a00, 0x00007fa02f4ce000)
 Metaspace       used 30392K, capacity 30773K, committed 30976K, reserved 32768K
}
Event: 109.207 GC heap after
{Heap after GC invocations=65 (full 4):
 def new generation   total 2784000K, used 201380K [0x00007f9960600000, 0x00007f9a1d2d0000, 0x00007f9eb5b50000)
  eden space 2474688K,   0% used [0x00007f9960600000, 0x00007f9960600000, 0x00007f99f76b0000)
  from space 309312K,  65% used [0x00007f99f76b0000, 0x00007f9a03b59260, 0x00007f9a0a4c0000)
  to   space 309312K,   0% used [0x00007f9a0a4c0000, 0x00007f9a0a4c0000, 0x00007f9a1d2d0000)
 tenured generation   total 6186488K, used 4709687K [0x00007f9eb5b50000, 0x00007fa02f4ce000, 0x00007fa960600000)
   the space 6186488K,  76% used [0x00007f9eb5b50000, 0x00007f9fd529dc48, 0x00007f9fd529de00, 0x00007fa02f4ce000)
 Metaspace       used 30392K, capacity 30773K, committed 30976K, reserved 32768K
}
Event: 109.851 GC heap before
{Heap before GC invocations=65 (full 4):
 def new generation   total 2784000K, used 2676068K [0x00007f9960600000, 0x00007f9a1d2d0000, 0x00007f9eb5b50000)
  eden space 2474688K, 100% used [0x00007f9960600000, 0x00007f99f76b0000, 0x00007f99f76b0000)
  from space 309312K,  65% used [0x00007f99f76b0000, 0x00007f9a03b59260, 0x00007f9a0a4c0000)
  to   space 309312K,   0% used [0x00007f9a0a4c0000, 0x00007f9a0a4c0000, 0x00007f9a1d2d0000)
 tenured generation   total 6186488K, used 4709687K [0x00007f9eb5b50000, 0x00007fa02f4ce000, 0x00007fa960600000)
   the space 6186488K,  76% used [0x00007f9eb5b50000, 0x00007f9fd529dc48, 0x00007f9fd529de00, 0x00007fa02f4ce000)
 Metaspace       used 30392K, capacity 30773K, committed 30976K, reserved 32768K
}
Event: 110.596 GC heap after
{Heap after GC invocations=66 (full 4):
 def new generation   total 2784000K, used 203223K [0x00007f9960600000, 0x00007f9a1d2d0000, 0x00007f9eb5b50000)
  eden space 2474688K,   0% used [0x00007f9960600000, 0x00007f9960600000, 0x00007f99f76b0000)
  from space 309312K,  65% used [0x00007f9a0a4c0000, 0x00007f9a16b35da8, 0x00007f9a1d2d0000)
  to   space 309312K,   0% used [0x00007f99f76b0000, 0x00007f99f76b0000, 0x00007f9a0a4c0000)
 tenured generation   total 6186488K, used 4911066K [0x00007f9eb5b50000, 0x00007fa02f4ce000, 0x00007fa960600000)
   the space 6186488K,  79% used [0x00007f9eb5b50000, 0x00007f9fe1746b38, 0x00007f9fe1746c00, 0x00007fa02f4ce000)
 Metaspace       used 30392K, capacity 30773K, committed 30976K, reserved 32768K
}
Event: 111.296 GC heap before
{Heap before GC invocations=66 (full 4):
 def new generation   total 2784000K, used 2677911K [0x00007f9960600000, 0x00007f9a1d2d0000, 0x00007f9eb5b50000)
  eden space 2474688K, 100% used [0x00007f9960600000, 0x00007f99f76b0000, 0x00007f99f76b0000)
  from space 309312K,  65% used [0x00007f9a0a4c0000, 0x00007f9a16b35da8, 0x00007f9a1d2d0000)
  to   space 309312K,   0% used [0x00007f99f76b0000, 0x00007f99f76b0000, 0x00007f9a0a4c0000)
 tenured generation   total 6186488K, used 4911066K [0x00007f9eb5b50000, 0x00007fa02f4ce000, 0x00007fa960600000)
   the space 6186488K,  79% used [0x00007f9eb5b50000, 0x00007f9fe1746b38, 0x00007f9fe1746c00, 0x00007fa02f4ce000)
 Metaspace       used 30392K, capacity 30773K, committed 30976K, reserved 32768K
}
Event: 111.926 GC heap after
{Heap after GC invocations=67 (full 4):
 def new generation   total 2784000K, used 203140K [0x00007f9960600000, 0x00007f9a1d2d0000, 0x00007f9eb5b50000)
  eden space 2474688K,   0% used [0x00007f9960600000, 0x00007f9960600000, 0x00007f99f76b0000)
  from space 309312K,  65% used [0x00007f99f76b0000, 0x00007f9a03d110c8, 0x00007f9a0a4c0000)
  to   space 309312K,   0% used [0x00007f9a0a4c0000, 0x00007f9a0a4c0000, 0x00007f9a1d2d0000)
 tenured generation   total 6186488K, used 5114289K [0x00007f9eb5b50000, 0x00007fa02f4ce000, 0x00007fa960600000)
   the space 6186488K,  82% used [0x00007f9eb5b50000, 0x00007f9feddbc550, 0x00007f9feddbc600, 0x00007fa02f4ce000)
 Metaspace       used 30392K, capacity 30773K, committed 30976K, reserved 32768K
}
Event: 112.589 GC heap before
{Heap before GC invocations=67 (full 4):
 def new generation   total 2784000K, used 2677828K [0x00007f9960600000, 0x00007f9a1d2d0000, 0x00007f9eb5b50000)
  eden space 2474688K, 100% used [0x00007f9960600000, 0x00007f99f76b0000, 0x00007f99f76b0000)
  from space 309312K,  65% used [0x00007f99f76b0000, 0x00007f9a03d110c8, 0x00007f9a0a4c0000)
  to   space 309312K,   0% used [0x00007f9a0a4c0000, 0x00007f9a0a4c0000, 0x00007f9a1d2d0000)
 tenured generation   total 6186488K, used 5114289K [0x00007f9eb5b50000, 0x00007fa02f4ce000, 0x00007fa960600000)
   the space 6186488K,  82% used [0x00007f9eb5b50000, 0x00007f9feddbc550, 0x00007f9feddbc600, 0x00007fa02f4ce000)
 Metaspace       used 30392K, capacity 30773K, committed 30976K, reserved 32768K
}
Event: 113.222 GC heap after
{Heap after GC invocations=68 (full 4):
 def new generation   total 2784000K, used 193678K [0x00007f9960600000, 0x00007f9a1d2d0000, 0x00007f9eb5b50000)
  eden space 2474688K,   0% used [0x00007f9960600000, 0x00007f9960600000, 0x00007f99f76b0000)
  from space 309312K,  62% used [0x00007f9a0a4c0000, 0x00007f9a161e39f8, 0x00007f9a1d2d0000)
  to   space 309312K,   0% used [0x00007f99f76b0000, 0x00007f99f76b0000, 0x00007f9a0a4c0000)
 tenured generation   total 6186488K, used 5317428K [0x00007f9eb5b50000, 0x00007fa02f4ce000, 0x00007fa960600000)
   the space 6186488K,  85% used [0x00007f9eb5b50000, 0x00007f9ffa41d288, 0x00007f9ffa41d400, 0x00007fa02f4ce000)
 Metaspace       used 30392K, capacity 30773K, committed 30976K, reserved 32768K
}
Event: 113.959 GC heap before
{Heap before GC invocations=68 (full 4):
 def new generation   total 2784000K, used 2668366K [0x00007f9960600000, 0x00007f9a1d2d0000, 0x00007f9eb5b50000)
  eden space 2474688K, 100% used [0x00007f9960600000, 0x00007f99f76b0000, 0x00007f99f76b0000)
  from space 309312K,  62% used [0x00007f9a0a4c0000, 0x00007f9a161e39f8, 0x00007f9a1d2d0000)
  to   space 309312K,   0% used [0x00007f99f76b0000, 0x00007f99f76b0000, 0x00007f9a0a4c0000)
 tenured generation   total 6186488K, used 5317428K [0x00007f9eb5b50000, 0x00007fa02f4ce000, 0x00007fa960600000)
   the space 6186488K,  85% used [0x00007f9eb5b50000, 0x00007f9ffa41d288, 0x00007f9ffa41d400, 0x00007fa02f4ce000)
 Metaspace       used 30392K, capacity 30773K, committed 30976K, reserved 32768K
}
Event: 114.674 GC heap after
{Heap after GC invocations=69 (full 4):
 def new generation   total 2784000K, used 210114K [0x00007f9960600000, 0x00007f9a1d2d0000, 0x00007f9eb5b50000)
  eden space 2474688K,   0% used [0x00007f9960600000, 0x00007f9960600000, 0x00007f99f76b0000)
  from space 309312K,  67% used [0x00007f99f76b0000, 0x00007f9a043e0ad0, 0x00007f9a0a4c0000)
  to   space 309312K,   0% used [0x00007f9a0a4c0000, 0x00007f9a0a4c0000, 0x00007f9a1d2d0000)
 tenured generation   total 6186488K, used 5511106K [0x00007f9eb5b50000, 0x00007fa02f4ce000, 0x00007fa960600000)
   the space 6186488K,  89% used [0x00007f9eb5b50000, 0x00007fa006140b50, 0x00007fa006140c00, 0x00007fa02f4ce000)
 Metaspace       used 30392K, capacity 30773K, committed 30976K, reserved 32768K
}
Event: 115.371 GC heap before
{Heap before GC invocations=69 (full 4):
 def new generation   total 2784000K, used 2684802K [0x00007f9960600000, 0x00007f9a1d2d0000, 0x00007f9eb5b50000)
  eden space 2474688K, 100% used [0x00007f9960600000, 0x00007f99f76b0000, 0x00007f99f76b0000)
  from space 309312K,  67% used [0x00007f99f76b0000, 0x00007f9a043e0ad0, 0x00007f9a0a4c0000)
  to   space 309312K,   0% used [0x00007f9a0a4c0000, 0x00007f9a0a4c0000, 0x00007f9a1d2d0000)
 tenured generation   total 6186488K, used 5511106K [0x00007f9eb5b50000, 0x00007fa02f4ce000, 0x00007fa960600000)
   the space 6186488K,  89% used [0x00007f9eb5b50000, 0x00007fa006140b50, 0x00007fa006140c00, 0x00007fa02f4ce000)
 Metaspace       used 30392K, capacity 30773K, committed 30976K, reserved 32768K
}
Event: 119.050 GC heap after
{Heap after GC invocations=70 (full 4):
 def new generation   total 2784000K, used 220414K [0x00007f9960600000, 0x00007f9a1d2d0000, 0x00007f9eb5b50000)
  eden space 2474688K,   0% used [0x00007f9960600000, 0x00007f9960600000, 0x00007f99f76b0000)
  from space 309312K,  71% used [0x00007f9a0a4c0000, 0x00007f9a17bff868, 0x00007f9a1d2d0000)
  to   space 309312K,   0% used [0x00007f99f76b0000, 0x00007f99f76b0000, 0x00007f9a0a4c0000)
 tenured generation   total 6186488K, used 5721220K [0x00007f9eb5b50000, 0x00007fa02f4ce000, 0x00007fa960600000)
   the space 6186488K,  92% used [0x00007f9eb5b50000, 0x00007fa012e712b0, 0x00007fa012e71400, 0x00007fa02f4ce000)
 Metaspace       used 30392K, capacity 30773K, committed 30976K, reserved 32768K
}
Event: 119.830 GC heap before
{Heap before GC invocations=70 (full 4):
 def new generation   total 2784000K, used 2695102K [0x00007f9960600000, 0x00007f9a1d2d0000, 0x00007f9eb5b50000)
  eden space 2474688K, 100% used [0x00007f9960600000, 0x00007f99f76b0000, 0x00007f99f76b0000)
  from space 309312K,  71% used [0x00007f9a0a4c0000, 0x00007f9a17bff868, 0x00007f9a1d2d0000)
  to   space 309312K,   0% used [0x00007f99f76b0000, 0x00007f99f76b0000, 0x00007f9a0a4c0000)
 tenured generation   total 6186488K, used 5721220K [0x00007f9eb5b50000, 0x00007fa02f4ce000, 0x00007fa960600000)
   the space 6186488K,  92% used [0x00007f9eb5b50000, 0x00007fa012e712b0, 0x00007fa012e71400, 0x00007fa02f4ce000)
 Metaspace       used 30392K, capacity 30773K, committed 30976K, reserved 32768K
}
Event: 120.551 GC heap after
{Heap after GC invocations=71 (full 4):
 def new generation   total 2784000K, used 215124K [0x00007f9960600000, 0x00007f9a1d2d0000, 0x00007f9eb5b50000)
  eden space 2474688K,   0% used [0x00007f9960600000, 0x00007f9960600000, 0x00007f99f76b0000)
  from space 309312K,  69% used [0x00007f99f76b0000, 0x00007f9a048c53c0, 0x00007f9a0a4c0000)
  to   space 309312K,   0% used [0x00007f9a0a4c0000, 0x00007f9a0a4c0000, 0x00007f9a1d2d0000)
 tenured generation   total 6186488K, used 5941633K [0x00007f9eb5b50000, 0x00007fa02f4ce000, 0x00007fa960600000)
   the space 6186488K,  96% used [0x00007f9eb5b50000, 0x00007fa0205b06c8, 0x00007fa0205b0800, 0x00007fa02f4ce000)
 Metaspace       used 30392K, capacity 30773K, committed 30976K, reserved 32768K
}
Event: 121.246 GC heap before
{Heap before GC invocations=71 (full 4):
 def new generation   total 2784000K, used 2689812K [0x00007f9960600000, 0x00007f9a1d2d0000, 0x00007f9eb5b50000)
  eden space 2474688K, 100% used [0x00007f9960600000, 0x00007f99f76b0000, 0x00007f99f76b0000)
  from space 309312K,  69% used [0x00007f99f76b0000, 0x00007f9a048c53c0, 0x00007f9a0a4c0000)
  to   space 309312K,   0% used [0x00007f9a0a4c0000, 0x00007f9a0a4c0000, 0x00007f9a1d2d0000)
 tenured generation   total 6186488K, used 5941633K [0x00007f9eb5b50000, 0x00007fa02f4ce000, 0x00007fa960600000)
   the space 6186488K,  96% used [0x00007f9eb5b50000, 0x00007fa0205b06c8, 0x00007fa0205b0800, 0x00007fa02f4ce000)
 Metaspace       used 30392K, capacity 30773K, committed 30976K, reserved 32768K
}
Event: 122.148 GC heap after
{Heap after GC invocations=72 (full 4):
 def new generation   total 2784000K, used 205783K [0x00007f9960600000, 0x00007f9a1d2d0000, 0x00007f9eb5b50000)
  eden space 2474688K,   0% used [0x00007f9960600000, 0x00007f9960600000, 0x00007f99f76b0000)
  from space 309312K,  66% used [0x00007f9a0a4c0000, 0x00007f9a16db5ce0, 0x00007f9a1d2d0000)
  to   space 309312K,   0% used [0x00007f99f76b0000, 0x00007f99f76b0000, 0x00007f9a0a4c0000)
 tenured generation   total 6186488K, used 6156757K [0x00007f9eb5b50000, 0x00007fa02f4ce000, 0x00007fa960600000)
   the space 6186488K,  99% used [0x00007f9eb5b50000, 0x00007fa02d7c5728, 0x00007fa02d7c5800, 0x00007fa02f4ce000)
 Metaspace       used 30392K, capacity 30773K, committed 30976K, reserved 32768K
}
Event: 122.877 GC heap before
{Heap before GC invocations=72 (full 4):
 def new generation   total 2784000K, used 2680471K [0x00007f9960600000, 0x00007f9a1d2d0000, 0x00007f9eb5b50000)
  eden space 2474688K, 100% used [0x00007f9960600000, 0x00007f99f76b0000, 0x00007f99f76b0000)
  from space 309312K,  66% used [0x00007f9a0a4c0000, 0x00007f9a16db5ce0, 0x00007f9a1d2d0000)
  to   space 309312K,   0% used [0x00007f99f76b0000, 0x00007f99f76b0000, 0x00007f9a0a4c0000)
 tenured generation   total 6186488K, used 6156757K [0x00007f9eb5b50000, 0x00007fa02f4ce000, 0x00007fa960600000)
   the space 6186488K,  99% used [0x00007f9eb5b50000, 0x00007fa02d7c5728, 0x00007fa02d7c5800, 0x00007fa02f4ce000)
 Metaspace       used 30392K, capacity 30773K, committed 30976K, reserved 32768K
}
Event: 123.672 GC heap after
{Heap after GC invocations=73 (full 4):
 def new generation   total 2784000K, used 213392K [0x00007f9960600000, 0x00007f9a1d2d0000, 0x00007f9eb5b50000)
  eden space 2474688K,   0% used [0x00007f9960600000, 0x00007f9960600000, 0x00007f99f76b0000)
  from space 309312K,  68% used [0x00007f99f76b0000, 0x00007f9a047143a0, 0x00007f9a0a4c0000)
  to   space 309312K,   0% used [0x00007f9a0a4c0000, 0x00007f9a0a4c0000, 0x00007f9a1d2d0000)
 tenured generation   total 6362552K, used 6362540K [0x00007f9eb5b50000, 0x00007fa03a0be000, 0x00007fa960600000)
   the space 6362552K,  99% used [0x00007f9eb5b50000, 0x00007fa03a0bb1a8, 0x00007fa03a0bb200, 0x00007fa03a0be000)
 Metaspace       used 30392K, capacity 30773K, committed 30976K, reserved 32768K
}
Event: 123.672 GC heap before
{Heap before GC invocations=73 (full 4):
 def new generation   total 2784000K, used 213392K [0x00007f9960600000, 0x00007f9a1d2d0000, 0x00007f9eb5b50000)
  eden space 2474688K,   0% used [0x00007f9960600000, 0x00007f9960600000, 0x00007f99f76b0000)
  from space 309312K,  68% used [0x00007f99f76b0000, 0x00007f9a047143a0, 0x00007f9a0a4c0000)
  to   space 309312K,   0% used [0x00007f9a0a4c0000, 0x00007f9a0a4c0000, 0x00007f9a1d2d0000)
 tenured generation   total 6362552K, used 6362540K [0x00007f9eb5b50000, 0x00007fa03a0be000, 0x00007fa960600000)
   the space 6362552K,  99% used [0x00007f9eb5b50000, 0x00007fa03a0bb1a8, 0x00007fa03a0bb200, 0x00007fa03a0be000)
 Metaspace       used 30392K, capacity 30773K, committed 30976K, reserved 32768K
}

