# JRE version: OpenJDK Runtime Environment (13.0.7+5) (build 13.0.7+5-Ubuntu-0ubuntu120.04)
# Java VM: OpenJDK 64-Bit Server VM (13.0.7+5-Ubuntu-0ubuntu120.04, mixed mode, tiered, serial gc, linux-amd64)
Heap:
 def new generation   total 4775872K, used 84929K [0x00007fb928400000, 0x00007fba6c220000, 0x00007fc3d2ea0000)
  eden space 4245248K,   2% used [0x00007fb928400000, 0x00007fb92d6f0448, 0x00007fba2b5c0000)
  from space 530624K,   0% used [0x00007fba4bbf0000, 0x00007fba4bbf0000, 0x00007fba6c220000)
  to   space 530624K,   0% used [0x00007fba2b5c0000, 0x00007fba2b5c0000, 0x00007fba4bbf0000)
 tenured generation   total 10629320K, used 10614992K [0x00007fc3d2ea0000, 0x00007fc65bad2000, 0x00007fd928400000)
   the space 10629320K,  99% used [0x00007fc3d2ea0000, 0x00007fc65acd4250, 0x00007fc65acd4400, 0x00007fc65bad2000)
 Metaspace       used 24219K, capacity 24632K, committed 24832K, reserved 26624K
GC Heap History (20 events):
Event: 3103.078 GC heap after
{Heap after GC invocations=1865 (full 7):
 def new generation   total 4775872K, used 238455K [0x00007fb928400000, 0x00007fba6c220000, 0x00007fc3d2ea0000)
  eden space 4245248K,   0% used [0x00007fb928400000, 0x00007fb928400000, 0x00007fba2b5c0000)
  from space 530624K,  44% used [0x00007fba2b5c0000, 0x00007fba39e9ddf0, 0x00007fba4bbf0000)
  to   space 530624K,   0% used [0x00007fba4bbf0000, 0x00007fba4bbf0000, 0x00007fba6c220000)
 tenured generation   total 10612932K, used 10503603K [0x00007fc3d2ea0000, 0x00007fc65aad1000, 0x00007fd928400000)
   the space 10612932K,  98% used [0x00007fc3d2ea0000, 0x00007fc65400cd18, 0x00007fc65400ce00, 0x00007fc65aad1000)
 Metaspace       used 24219K, capacity 24632K, committed 24832K, reserved 26624K
}
Event: 3107.463 GC heap before
{Heap before GC invocations=1865 (full 7):
 def new generation   total 4775872K, used 4483703K [0x00007fb928400000, 0x00007fba6c220000, 0x00007fc3d2ea0000)
  eden space 4245248K, 100% used [0x00007fb928400000, 0x00007fba2b5c0000, 0x00007fba2b5c0000)
  from space 530624K,  44% used [0x00007fba2b5c0000, 0x00007fba39e9ddf0, 0x00007fba4bbf0000)
  to   space 530624K,   0% used [0x00007fba4bbf0000, 0x00007fba4bbf0000, 0x00007fba6c220000)
 tenured generation   total 10612932K, used 10503603K [0x00007fc3d2ea0000, 0x00007fc65aad1000, 0x00007fd928400000)
   the space 10612932K,  98% used [0x00007fc3d2ea0000, 0x00007fc65400cd18, 0x00007fc65400ce00, 0x00007fc65aad1000)
 Metaspace       used 24219K, capacity 24632K, committed 24832K, reserved 26624K
}
Event: 3107.642 GC heap after
{Heap after GC invocations=1866 (full 7):
 def new generation   total 4775872K, used 254876K [0x00007fb928400000, 0x00007fba6c220000, 0x00007fc3d2ea0000)
  eden space 4245248K,   0% used [0x00007fb928400000, 0x00007fb928400000, 0x00007fba2b5c0000)
  from space 530624K,  48% used [0x00007fba4bbf0000, 0x00007fba5b4d71d8, 0x00007fba6c220000)
  to   space 530624K,   0% used [0x00007fba2b5c0000, 0x00007fba2b5c0000, 0x00007fba4bbf0000)
 tenured generation   total 10612932K, used 10503603K [0x00007fc3d2ea0000, 0x00007fc65aad1000, 0x00007fd928400000)
   the space 10612932K,  98% used [0x00007fc3d2ea0000, 0x00007fc65400cd18, 0x00007fc65400ce00, 0x00007fc65aad1000)
 Metaspace       used 24219K, capacity 24632K, committed 24832K, reserved 26624K
}
Event: 3112.384 GC heap before
{Heap before GC invocations=1866 (full 7):
 def new generation   total 4775872K, used 4500124K [0x00007fb928400000, 0x00007fba6c220000, 0x00007fc3d2ea0000)
  eden space 4245248K, 100% used [0x00007fb928400000, 0x00007fba2b5c0000, 0x00007fba2b5c0000)
  from space 530624K,  48% used [0x00007fba4bbf0000, 0x00007fba5b4d71d8, 0x00007fba6c220000)
  to   space 530624K,   0% used [0x00007fba2b5c0000, 0x00007fba2b5c0000, 0x00007fba4bbf0000)
 tenured generation   total 10612932K, used 10503603K [0x00007fc3d2ea0000, 0x00007fc65aad1000, 0x00007fd928400000)
   the space 10612932K,  98% used [0x00007fc3d2ea0000, 0x00007fc65400cd18, 0x00007fc65400ce00, 0x00007fc65aad1000)
 Metaspace       used 24219K, capacity 24632K, committed 24832K, reserved 26624K
}
Event: 3112.563 GC heap after
{Heap after GC invocations=1867 (full 7):
 def new generation   total 4775872K, used 254380K [0x00007fb928400000, 0x00007fba6c220000, 0x00007fc3d2ea0000)
  eden space 4245248K,   0% used [0x00007fb928400000, 0x00007fb928400000, 0x00007fba2b5c0000)
  from space 530624K,  47% used [0x00007fba2b5c0000, 0x00007fba3ae2b350, 0x00007fba4bbf0000)
  to   space 530624K,   0% used [0x00007fba4bbf0000, 0x00007fba4bbf0000, 0x00007fba6c220000)
 tenured generation   total 10612932K, used 10520562K [0x00007fc3d2ea0000, 0x00007fc65aad1000, 0x00007fd928400000)
   the space 10612932K,  99% used [0x00007fc3d2ea0000, 0x00007fc65509c920, 0x00007fc65509ca00, 0x00007fc65aad1000)
 Metaspace       used 24219K, capacity 24632K, committed 24832K, reserved 26624K
}
Event: 3117.379 GC heap before
{Heap before GC invocations=1867 (full 7):
 def new generation   total 4775872K, used 4499628K [0x00007fb928400000, 0x00007fba6c220000, 0x00007fc3d2ea0000)
  eden space 4245248K, 100% used [0x00007fb928400000, 0x00007fba2b5c0000, 0x00007fba2b5c0000)
  from space 530624K,  47% used [0x00007fba2b5c0000, 0x00007fba3ae2b350, 0x00007fba4bbf0000)
  to   space 530624K,   0% used [0x00007fba4bbf0000, 0x00007fba4bbf0000, 0x00007fba6c220000)
 tenured generation   total 10612932K, used 10520562K [0x00007fc3d2ea0000, 0x00007fc65aad1000, 0x00007fd928400000)
   the space 10612932K,  99% used [0x00007fc3d2ea0000, 0x00007fc65509c920, 0x00007fc65509ca00, 0x00007fc65aad1000)
 Metaspace       used 24219K, capacity 24632K, committed 24832K, reserved 26624K
}
Event: 3117.588 GC heap after
{Heap after GC invocations=1868 (full 7):
 def new generation   total 4775872K, used 254375K [0x00007fb928400000, 0x00007fba6c220000, 0x00007fc3d2ea0000)
  eden space 4245248K,   0% used [0x00007fb928400000, 0x00007fb928400000, 0x00007fba2b5c0000)
  from space 530624K,  47% used [0x00007fba4bbf0000, 0x00007fba5b459f10, 0x00007fba6c220000)
  to   space 530624K,   0% used [0x00007fba2b5c0000, 0x00007fba2b5c0000, 0x00007fba4bbf0000)
 tenured generation   total 10612932K, used 10537521K [0x00007fc3d2ea0000, 0x00007fc65aad1000, 0x00007fd928400000)
   the space 10612932K,  99% used [0x00007fc3d2ea0000, 0x00007fc65612c528, 0x00007fc65612c600, 0x00007fc65aad1000)
 Metaspace       used 24219K, capacity 24632K, committed 24832K, reserved 26624K
}
Event: 3122.441 GC heap before
{Heap before GC invocations=1868 (full 7):
 def new generation   total 4775872K, used 4499623K [0x00007fb928400000, 0x00007fba6c220000, 0x00007fc3d2ea0000)
  eden space 4245248K, 100% used [0x00007fb928400000, 0x00007fba2b5c0000, 0x00007fba2b5c0000)
  from space 530624K,  47% used [0x00007fba4bbf0000, 0x00007fba5b459f10, 0x00007fba6c220000)
  to   space 530624K,   0% used [0x00007fba2b5c0000, 0x00007fba2b5c0000, 0x00007fba4bbf0000)
 tenured generation   total 10612932K, used 10537521K [0x00007fc3d2ea0000, 0x00007fc65aad1000, 0x00007fd928400000)
   the space 10612932K,  99% used [0x00007fc3d2ea0000, 0x00007fc65612c528, 0x00007fc65612c600, 0x00007fc65aad1000)
 Metaspace       used 24219K, capacity 24632K, committed 24832K, reserved 26624K
}
Event: 3122.640 GC heap after
{Heap after GC invocations=1869 (full 7):
 def new generation   total 4775872K, used 253865K [0x00007fb928400000, 0x00007fba6c220000, 0x00007fc3d2ea0000)
  eden space 4245248K,   0% used [0x00007fb928400000, 0x00007fb928400000, 0x00007fba2b5c0000)
  from space 530624K,  47% used [0x00007fba2b5c0000, 0x00007fba3adaa7f8, 0x00007fba4bbf0000)
  to   space 530624K,   0% used [0x00007fba4bbf0000, 0x00007fba4bbf0000, 0x00007fba6c220000)
 tenured generation   total 10612932K, used 10554480K [0x00007fc3d2ea0000, 0x00007fc65aad1000, 0x00007fd928400000)
   the space 10612932K,  99% used [0x00007fc3d2ea0000, 0x00007fc6571bc130, 0x00007fc6571bc200, 0x00007fc65aad1000)
 Metaspace       used 24219K, capacity 24632K, committed 24832K, reserved 26624K
}
Event: 3127.322 GC heap before
{Heap before GC invocations=1869 (full 7):
 def new generation   total 4775872K, used 4499113K [0x00007fb928400000, 0x00007fba6c220000, 0x00007fc3d2ea0000)
  eden space 4245248K, 100% used [0x00007fb928400000, 0x00007fba2b5c0000, 0x00007fba2b5c0000)
  from space 530624K,  47% used [0x00007fba2b5c0000, 0x00007fba3adaa7f8, 0x00007fba4bbf0000)
  to   space 530624K,   0% used [0x00007fba4bbf0000, 0x00007fba4bbf0000, 0x00007fba6c220000)
 tenured generation   total 10612932K, used 10554480K [0x00007fc3d2ea0000, 0x00007fc65aad1000, 0x00007fd928400000)
   the space 10612932K,  99% used [0x00007fc3d2ea0000, 0x00007fc6571bc130, 0x00007fc6571bc200, 0x00007fc65aad1000)
 Metaspace       used 24219K, capacity 24632K, committed 24832K, reserved 26624K
}
Event: 3127.560 GC heap after
{Heap after GC invocations=1870 (full 7):
 def new generation   total 4775872K, used 252327K [0x00007fb928400000, 0x00007fba6c220000, 0x00007fc3d2ea0000)
  eden space 4245248K,   0% used [0x00007fb928400000, 0x00007fb928400000, 0x00007fba2b5c0000)
  from space 530624K,  47% used [0x00007fba4bbf0000, 0x00007fba5b259f50, 0x00007fba6c220000)
  to   space 530624K,   0% used [0x00007fba2b5c0000, 0x00007fba2b5c0000, 0x00007fba4bbf0000)
 tenured generation   total 10612932K, used 10571439K [0x00007fc3d2ea0000, 0x00007fc65aad1000, 0x00007fd928400000)
   the space 10612932K,  99% used [0x00007fc3d2ea0000, 0x00007fc65824bd38, 0x00007fc65824be00, 0x00007fc65aad1000)
 Metaspace       used 24219K, capacity 24632K, committed 24832K, reserved 26624K
}
Event: 3132.217 GC heap before
{Heap before GC invocations=1870 (full 7):
 def new generation   total 4775872K, used 4497575K [0x00007fb928400000, 0x00007fba6c220000, 0x00007fc3d2ea0000)
  eden space 4245248K, 100% used [0x00007fb928400000, 0x00007fba2b5c0000, 0x00007fba2b5c0000)
  from space 530624K,  47% used [0x00007fba4bbf0000, 0x00007fba5b259f50, 0x00007fba6c220000)
  to   space 530624K,   0% used [0x00007fba2b5c0000, 0x00007fba2b5c0000, 0x00007fba4bbf0000)
 tenured generation   total 10612932K, used 10571439K [0x00007fc3d2ea0000, 0x00007fc65aad1000, 0x00007fd928400000)
   the space 10612932K,  99% used [0x00007fc3d2ea0000, 0x00007fc65824bd38, 0x00007fc65824be00, 0x00007fc65aad1000)
 Metaspace       used 24219K, capacity 24632K, committed 24832K, reserved 26624K
}
Event: 3132.487 GC heap after
{Heap after GC invocations=1871 (full 7):
 def new generation   total 4775872K, used 268268K [0x00007fb928400000, 0x00007fba6c220000, 0x00007fc3d2ea0000)
  eden space 4245248K,   0% used [0x00007fb928400000, 0x00007fb928400000, 0x00007fba2b5c0000)
  from space 530624K,  50% used [0x00007fba2b5c0000, 0x00007fba3bbbb050, 0x00007fba4bbf0000)
  to   space 530624K,   0% used [0x00007fba4bbf0000, 0x00007fba4bbf0000, 0x00007fba6c220000)
 tenured generation   total 10612932K, used 10571439K [0x00007fc3d2ea0000, 0x00007fc65aad1000, 0x00007fd928400000)
   the space 10612932K,  99% used [0x00007fc3d2ea0000, 0x00007fc65824bd38, 0x00007fc65824be00, 0x00007fc65aad1000)
 Metaspace       used 24219K, capacity 24632K, committed 24832K, reserved 26624K
}
Event: 3136.999 GC heap before
{Heap before GC invocations=1871 (full 7):
 def new generation   total 4775872K, used 4513516K [0x00007fb928400000, 0x00007fba6c220000, 0x00007fc3d2ea0000)
  eden space 4245248K, 100% used [0x00007fb928400000, 0x00007fba2b5c0000, 0x00007fba2b5c0000)
  from space 530624K,  50% used [0x00007fba2b5c0000, 0x00007fba3bbbb050, 0x00007fba4bbf0000)
  to   space 530624K,   0% used [0x00007fba4bbf0000, 0x00007fba4bbf0000, 0x00007fba6c220000)
 tenured generation   total 10612932K, used 10571439K [0x00007fc3d2ea0000, 0x00007fc65aad1000, 0x00007fd928400000)
   the space 10612932K,  99% used [0x00007fc3d2ea0000, 0x00007fc65824bd38, 0x00007fc65824be00, 0x00007fc65aad1000)
 Metaspace       used 24219K, capacity 24632K, committed 24832K, reserved 26624K
}
Event: 3137.277 GC heap after
{Heap after GC invocations=1872 (full 7):
 def new generation   total 4775872K, used 282128K [0x00007fb928400000, 0x00007fba6c220000, 0x00007fc3d2ea0000)
  eden space 4245248K,   0% used [0x00007fb928400000, 0x00007fb928400000, 0x00007fba2b5c0000)
  from space 530624K,  53% used [0x00007fba4bbf0000, 0x00007fba5cf74228, 0x00007fba6c220000)
  to   space 530624K,   0% used [0x00007fba2b5c0000, 0x00007fba2b5c0000, 0x00007fba4bbf0000)
 tenured generation   total 10612932K, used 10588398K [0x00007fc3d2ea0000, 0x00007fc65aad1000, 0x00007fd928400000)
   the space 10612932K,  99% used [0x00007fc3d2ea0000, 0x00007fc6592db940, 0x00007fc6592dba00, 0x00007fc65aad1000)
 Metaspace       used 24219K, capacity 24632K, committed 24832K, reserved 26624K
}
Event: 3141.708 GC heap before
{Heap before GC invocations=1872 (full 7):
 def new generation   total 4775872K, used 4527376K [0x00007fb928400000, 0x00007fba6c220000, 0x00007fc3d2ea0000)
  eden space 4245248K, 100% used [0x00007fb928400000, 0x00007fba2b5c0000, 0x00007fba2b5c0000)
  from space 530624K,  53% used [0x00007fba4bbf0000, 0x00007fba5cf74228, 0x00007fba6c220000)
  to   space 530624K,   0% used [0x00007fba2b5c0000, 0x00007fba2b5c0000, 0x00007fba4bbf0000)
 tenured generation   total 10612932K, used 10588398K [0x00007fc3d2ea0000, 0x00007fc65aad1000, 0x00007fd928400000)
   the space 10612932K,  99% used [0x00007fc3d2ea0000, 0x00007fc6592db940, 0x00007fc6592dba00, 0x00007fc65aad1000)
 Metaspace       used 24219K, capacity 24632K, committed 24832K, reserved 26624K
}
Event: 3141.906 GC heap after
{Heap after GC invocations=1873 (full 7):
 def new generation   total 4775872K, used 263643K [0x00007fb928400000, 0x00007fba6c220000, 0x00007fc3d2ea0000)
  eden space 4245248K,   0% used [0x00007fb928400000, 0x00007fb928400000, 0x00007fba2b5c0000)
  from space 530624K,  49% used [0x00007fba2b5c0000, 0x00007fba3b736dc8, 0x00007fba4bbf0000)
  to   space 530624K,   0% used [0x00007fba4bbf0000, 0x00007fba4bbf0000, 0x00007fba6c220000)
 tenured generation   total 10612932K, used 10605357K [0x00007fc3d2ea0000, 0x00007fc65aad1000, 0x00007fd928400000)
   the space 10612932K,  99% used [0x00007fc3d2ea0000, 0x00007fc65a36b630, 0x00007fc65a36b800, 0x00007fc65aad1000)
 Metaspace       used 24219K, capacity 24632K, committed 24832K, reserved 26624K
}
Event: 3146.386 GC heap before
{Heap before GC invocations=1873 (full 7):
 def new generation   total 4775872K, used 4508891K [0x00007fb928400000, 0x00007fba6c220000, 0x00007fc3d2ea0000)
  eden space 4245248K, 100% used [0x00007fb928400000, 0x00007fba2b5c0000, 0x00007fba2b5c0000)
  from space 530624K,  49% used [0x00007fba2b5c0000, 0x00007fba3b736dc8, 0x00007fba4bbf0000)
  to   space 530624K,   0% used [0x00007fba4bbf0000, 0x00007fba4bbf0000, 0x00007fba6c220000)
 tenured generation   total 10612932K, used 10605357K [0x00007fc3d2ea0000, 0x00007fc65aad1000, 0x00007fd928400000)
   the space 10612932K,  99% used [0x00007fc3d2ea0000, 0x00007fc65a36b630, 0x00007fc65a36b800, 0x00007fc65aad1000)
 Metaspace       used 24219K, capacity 24632K, committed 24832K, reserved 26624K
}
Event: 3146.577 GC heap after
{Heap after GC invocations=1874 (full 7):
 def new generation   total 4775872K, used 278528K [0x00007fb928400000, 0x00007fba6c220000, 0x00007fc3d2ea0000)
  eden space 4245248K,   0% used [0x00007fb928400000, 0x00007fb928400000, 0x00007fba2b5c0000)
  from space 530624K,  52% used [0x00007fba4bbf0000, 0x00007fba5cbf02a8, 0x00007fba6c220000)
  to   space 530624K,   0% used [0x00007fba2b5c0000, 0x00007fba2b5c0000, 0x00007fba4bbf0000)
 tenured generation   total 10629320K, used 10622316K [0x00007fc3d2ea0000, 0x00007fc65bad2000, 0x00007fd928400000)
   the space 10629320K,  99% used [0x00007fc3d2ea0000, 0x00007fc65b3fb1a8, 0x00007fc65b3fb200, 0x00007fc65bad2000)
 Metaspace       used 24219K, capacity 24632K, committed 24832K, reserved 26624K
}
Event: 3146.577 GC heap before
{Heap before GC invocations=1874 (full 7):
 def new generation   total 4775872K, used 278528K [0x00007fb928400000, 0x00007fba6c220000, 0x00007fc3d2ea0000)
  eden space 4245248K,   0% used [0x00007fb928400000, 0x00007fb928400000, 0x00007fba2b5c0000)
  from space 530624K,  52% used [0x00007fba4bbf0000, 0x00007fba5cbf02a8, 0x00007fba6c220000)
  to   space 530624K,   0% used [0x00007fba2b5c0000, 0x00007fba2b5c0000, 0x00007fba4bbf0000)
 tenured generation   total 10629320K, used 10622316K [0x00007fc3d2ea0000, 0x00007fc65bad2000, 0x00007fd928400000)
   the space 10629320K,  99% used [0x00007fc3d2ea0000, 0x00007fc65b3fb1a8, 0x00007fc65b3fb200, 0x00007fc65bad2000)
 Metaspace       used 24219K, capacity 24632K, committed 24832K, reserved 26624K
}

