# JRE version: OpenJDK Runtime Environment (13.0.7+5) (build 13.0.7+5-Ubuntu-0ubuntu120.04)
# Java VM: OpenJDK 64-Bit Server VM (13.0.7+5-Ubuntu-0ubuntu120.04, mixed mode, tiered, serial gc, linux-amd64)
Heap:
 def new generation   total 2201472K, used 0K [0x00007fd934600000, 0x00007fd9c9ac0000, 0x00007fde89b50000)
  eden space 1956864K,   0% used [0x00007fd934600000, 0x00007fd934600000, 0x00007fd9abd00000)
  from space 244608K,   0% used [0x00007fd9abd00000, 0x00007fd9abd00000, 0x00007fd9babe0000)
  to   space 244608K,   0% used [0x00007fd9babe0000, 0x00007fd9babe0000, 0x00007fd9c9ac0000)
 tenured generation   total 4967120K, used 4450951K [0x00007fde89b50000, 0x00007fdfb8e04000, 0x00007fe934600000)
   the space 4967120K,  89% used [0x00007fde89b50000, 0x00007fdf995f1f30, 0x00007fdf995f2000, 0x00007fdfb8e04000)
 Metaspace       used 30522K, capacity 30896K, committed 31232K, reserved 32768K
GC Heap History (20 events):
Event: 101.977 GC heap after
{Heap after GC invocations=53 (full 3):
 def new generation   total 1467264K, used 163007K [0x00007fd934600000, 0x00007fd997e10000, 0x00007fde89b50000)
  eden space 1304256K,   0% used [0x00007fd934600000, 0x00007fd934600000, 0x00007fd983fb0000)
  from space 163008K,  99% used [0x00007fd98dee0000, 0x00007fd997e0fff8, 0x00007fd997e10000)
  to   space 163008K,   0% used [0x00007fd983fb0000, 0x00007fd983fb0000, 0x00007fd98dee0000)
 tenured generation   total 3730808K, used 3730751K [0x00007fde89b50000, 0x00007fdf6d6ae000, 0x00007fe934600000)
   the space 3730808K,  99% used [0x00007fde89b50000, 0x00007fdf6d69ff30, 0x00007fdf6d6a0000, 0x00007fdf6d6ae000)
 Metaspace       used 30522K, capacity 30896K, committed 31232K, reserved 32768K
}
Event: 101.977 GC heap before
{Heap before GC invocations=53 (full 3):
 def new generation   total 1467264K, used 163007K [0x00007fd934600000, 0x00007fd997e10000, 0x00007fde89b50000)
  eden space 1304256K,   0% used [0x00007fd934600000, 0x00007fd934600000, 0x00007fd983fb0000)
  from space 163008K,  99% used [0x00007fd98dee0000, 0x00007fd997e0fff8, 0x00007fd997e10000)
  to   space 163008K,   0% used [0x00007fd983fb0000, 0x00007fd983fb0000, 0x00007fd98dee0000)
 tenured generation   total 3730808K, used 3730751K [0x00007fde89b50000, 0x00007fdf6d6ae000, 0x00007fe934600000)
   the space 3730808K,  99% used [0x00007fde89b50000, 0x00007fdf6d69ff30, 0x00007fdf6d6a0000, 0x00007fdf6d6ae000)
 Metaspace       used 30522K, capacity 30896K, committed 31232K, reserved 32768K
}
Event: 111.620 GC heap after
{Heap after GC invocations=53 (full 4):
 def new generation   total 2201472K, used 0K [0x00007fd934600000, 0x00007fd9c9ac0000, 0x00007fde89b50000)
  eden space 1956864K,   0% used [0x00007fd934600000, 0x00007fd934600000, 0x00007fd9abd00000)
  from space 244608K,   0% used [0x00007fd9abd00000, 0x00007fd9abd00000, 0x00007fd9babe0000)
  to   space 244608K,   0% used [0x00007fd9babe0000, 0x00007fd9babe0000, 0x00007fd9c9ac0000)
 tenured generation   total 4892048K, used 2935227K [0x00007fde89b50000, 0x00007fdfb44b4000, 0x00007fe934600000)
   the space 4892048K,  59% used [0x00007fde89b50000, 0x00007fdf3cdbef30, 0x00007fdf3cdbf000, 0x00007fdfb44b4000)
 Metaspace       used 30522K, capacity 30896K, committed 31232K, reserved 32768K
}
Event: 190.008 GC heap before
{Heap before GC invocations=53 (full 4):
 def new generation   total 2201472K, used 1956864K [0x00007fd934600000, 0x00007fd9c9ac0000, 0x00007fde89b50000)
  eden space 1956864K, 100% used [0x00007fd934600000, 0x00007fd9abd00000, 0x00007fd9abd00000)
  from space 244608K,   0% used [0x00007fd9abd00000, 0x00007fd9abd00000, 0x00007fd9babe0000)
  to   space 244608K,   0% used [0x00007fd9babe0000, 0x00007fd9babe0000, 0x00007fd9c9ac0000)
 tenured generation   total 4892048K, used 2935227K [0x00007fde89b50000, 0x00007fdfb44b4000, 0x00007fe934600000)
   the space 4892048K,  59% used [0x00007fde89b50000, 0x00007fdf3cdbef30, 0x00007fdf3cdbf000, 0x00007fdfb44b4000)
 Metaspace       used 30522K, capacity 30896K, committed 31232K, reserved 32768K
}
Event: 190.814 GC heap after
{Heap after GC invocations=54 (full 4):
 def new generation   total 2201472K, used 244607K [0x00007fd934600000, 0x00007fd9c9ac0000, 0x00007fde89b50000)
  eden space 1956864K,   0% used [0x00007fd934600000, 0x00007fd934600000, 0x00007fd9abd00000)
  from space 244608K,  99% used [0x00007fd9babe0000, 0x00007fd9c9abfff0, 0x00007fd9c9ac0000)
  to   space 244608K,   0% used [0x00007fd9abd00000, 0x00007fd9abd00000, 0x00007fd9babe0000)
 tenured generation   total 4892048K, used 3145811K [0x00007fde89b50000, 0x00007fdfb44b4000, 0x00007fe934600000)
   the space 4892048K,  64% used [0x00007fde89b50000, 0x00007fdf49b64ef0, 0x00007fdf49b65000, 0x00007fdfb44b4000)
 Metaspace       used 30522K, capacity 30896K, committed 31232K, reserved 32768K
}
Event: 238.282 GC heap before
{Heap before GC invocations=54 (full 4):
 def new generation   total 2201472K, used 2201471K [0x00007fd934600000, 0x00007fd9c9ac0000, 0x00007fde89b50000)
  eden space 1956864K, 100% used [0x00007fd934600000, 0x00007fd9abd00000, 0x00007fd9abd00000)
  from space 244608K,  99% used [0x00007fd9babe0000, 0x00007fd9c9abfff0, 0x00007fd9c9ac0000)
  to   space 244608K,   0% used [0x00007fd9abd00000, 0x00007fd9abd00000, 0x00007fd9babe0000)
 tenured generation   total 4892048K, used 3145811K [0x00007fde89b50000, 0x00007fdfb44b4000, 0x00007fe934600000)
   the space 4892048K,  64% used [0x00007fde89b50000, 0x00007fdf49b64ef0, 0x00007fdf49b65000, 0x00007fdfb44b4000)
 Metaspace       used 30522K, capacity 30896K, committed 31232K, reserved 32768K
}
Event: 239.239 GC heap after
{Heap after GC invocations=55 (full 4):
 def new generation   total 2201472K, used 244607K [0x00007fd934600000, 0x00007fd9c9ac0000, 0x00007fde89b50000)
  eden space 1956864K,   0% used [0x00007fd934600000, 0x00007fd934600000, 0x00007fd9abd00000)
  from space 244608K,  99% used [0x00007fd9abd00000, 0x00007fd9babdfff0, 0x00007fd9babe0000)
  to   space 244608K,   0% used [0x00007fd9babe0000, 0x00007fd9babe0000, 0x00007fd9c9ac0000)
 tenured generation   total 4892048K, used 3557776K [0x00007fde89b50000, 0x00007fdfb44b4000, 0x00007fe934600000)
   the space 4892048K,  72% used [0x00007fde89b50000, 0x00007fdf62db4390, 0x00007fdf62db4400, 0x00007fdfb44b4000)
 Metaspace       used 30522K, capacity 30896K, committed 31232K, reserved 32768K
}
Event: 266.247 GC heap before
{Heap before GC invocations=55 (full 4):
 def new generation   total 2201472K, used 2201471K [0x00007fd934600000, 0x00007fd9c9ac0000, 0x00007fde89b50000)
  eden space 1956864K, 100% used [0x00007fd934600000, 0x00007fd9abd00000, 0x00007fd9abd00000)
  from space 244608K,  99% used [0x00007fd9abd00000, 0x00007fd9babdfff0, 0x00007fd9babe0000)
  to   space 244608K,   0% used [0x00007fd9babe0000, 0x00007fd9babe0000, 0x00007fd9c9ac0000)
 tenured generation   total 4892048K, used 3557776K [0x00007fde89b50000, 0x00007fdfb44b4000, 0x00007fe934600000)
   the space 4892048K,  72% used [0x00007fde89b50000, 0x00007fdf62db4390, 0x00007fdf62db4400, 0x00007fdfb44b4000)
 Metaspace       used 30522K, capacity 30896K, committed 31232K, reserved 32768K
}
Event: 266.976 GC heap after
{Heap after GC invocations=56 (full 4):
 def new generation   total 2201472K, used 244608K [0x00007fd934600000, 0x00007fd9c9ac0000, 0x00007fde89b50000)
  eden space 1956864K,   0% used [0x00007fd934600000, 0x00007fd934600000, 0x00007fd9abd00000)
  from space 244608K, 100% used [0x00007fd9babe0000, 0x00007fd9c9ac0000, 0x00007fd9c9ac0000)
  to   space 244608K,   0% used [0x00007fd9abd00000, 0x00007fd9abd00000, 0x00007fd9babe0000)
 tenured generation   total 4892048K, used 3916738K [0x00007fde89b50000, 0x00007fdfb44b4000, 0x00007fe934600000)
   the space 4892048K,  80% used [0x00007fde89b50000, 0x00007fdf78c40ad0, 0x00007fdf78c40c00, 0x00007fdfb44b4000)
 Metaspace       used 30522K, capacity 30896K, committed 31232K, reserved 32768K
}
Event: 267.513 GC heap before
{Heap before GC invocations=56 (full 4):
 def new generation   total 2201472K, used 2201472K [0x00007fd934600000, 0x00007fd9c9ac0000, 0x00007fde89b50000)
  eden space 1956864K, 100% used [0x00007fd934600000, 0x00007fd9abd00000, 0x00007fd9abd00000)
  from space 244608K, 100% used [0x00007fd9babe0000, 0x00007fd9c9ac0000, 0x00007fd9c9ac0000)
  to   space 244608K,   0% used [0x00007fd9abd00000, 0x00007fd9abd00000, 0x00007fd9babe0000)
 tenured generation   total 4892048K, used 3916738K [0x00007fde89b50000, 0x00007fdfb44b4000, 0x00007fe934600000)
   the space 4892048K,  80% used [0x00007fde89b50000, 0x00007fdf78c40ad0, 0x00007fdf78c40c00, 0x00007fdfb44b4000)
 Metaspace       used 30522K, capacity 30896K, committed 31232K, reserved 32768K
}
Event: 268.143 GC heap after
{Heap after GC invocations=57 (full 4):
 def new generation   total 2201472K, used 206514K [0x00007fd934600000, 0x00007fd9c9ac0000, 0x00007fde89b50000)
  eden space 1956864K,   0% used [0x00007fd934600000, 0x00007fd934600000, 0x00007fd9abd00000)
  from space 244608K,  84% used [0x00007fd9abd00000, 0x00007fd9b86aca28, 0x00007fd9babe0000)
  to   space 244608K,   0% used [0x00007fd9babe0000, 0x00007fd9babe0000, 0x00007fd9c9ac0000)
 tenured generation   total 4892048K, used 4161346K [0x00007fde89b50000, 0x00007fdfb44b4000, 0x00007fe934600000)
   the space 4892048K,  85% used [0x00007fde89b50000, 0x00007fdf87b209a0, 0x00007fdf87b20a00, 0x00007fdfb44b4000)
 Metaspace       used 30522K, capacity 30896K, committed 31232K, reserved 32768K
}
Event: 268.786 GC heap before
{Heap before GC invocations=57 (full 4):
 def new generation   total 2201472K, used 2163378K [0x00007fd934600000, 0x00007fd9c9ac0000, 0x00007fde89b50000)
  eden space 1956864K, 100% used [0x00007fd934600000, 0x00007fd9abd00000, 0x00007fd9abd00000)
  from space 244608K,  84% used [0x00007fd9abd00000, 0x00007fd9b86aca28, 0x00007fd9babe0000)
  to   space 244608K,   0% used [0x00007fd9babe0000, 0x00007fd9babe0000, 0x00007fd9c9ac0000)
 tenured generation   total 4892048K, used 4161346K [0x00007fde89b50000, 0x00007fdfb44b4000, 0x00007fe934600000)
   the space 4892048K,  85% used [0x00007fde89b50000, 0x00007fdf87b209a0, 0x00007fdf87b20a00, 0x00007fdfb44b4000)
 Metaspace       used 30522K, capacity 30896K, committed 31232K, reserved 32768K
}
Event: 269.365 GC heap after
{Heap after GC invocations=58 (full 4):
 def new generation   total 2201472K, used 206040K [0x00007fd934600000, 0x00007fd9c9ac0000, 0x00007fde89b50000)
  eden space 1956864K,   0% used [0x00007fd934600000, 0x00007fd934600000, 0x00007fd9abd00000)
  from space 244608K,  84% used [0x00007fd9babe0000, 0x00007fd9c75162a0, 0x00007fd9c9ac0000)
  to   space 244608K,   0% used [0x00007fd9abd00000, 0x00007fd9abd00000, 0x00007fd9babe0000)
 tenured generation   total 4892048K, used 4367860K [0x00007fde89b50000, 0x00007fdfb44b4000, 0x00007fe934600000)
   the space 4892048K,  89% used [0x00007fde89b50000, 0x00007fdf944cd248, 0x00007fdf944cd400, 0x00007fdfb44b4000)
 Metaspace       used 30522K, capacity 30896K, committed 31232K, reserved 32768K
}
Event: 269.902 GC heap before
{Heap before GC invocations=58 (full 4):
 def new generation   total 2201472K, used 2162904K [0x00007fd934600000, 0x00007fd9c9ac0000, 0x00007fde89b50000)
  eden space 1956864K, 100% used [0x00007fd934600000, 0x00007fd9abd00000, 0x00007fd9abd00000)
  from space 244608K,  84% used [0x00007fd9babe0000, 0x00007fd9c75162a0, 0x00007fd9c9ac0000)
  to   space 244608K,   0% used [0x00007fd9abd00000, 0x00007fd9abd00000, 0x00007fd9babe0000)
 tenured generation   total 4892048K, used 4367860K [0x00007fde89b50000, 0x00007fdfb44b4000, 0x00007fe934600000)
   the space 4892048K,  89% used [0x00007fde89b50000, 0x00007fdf944cd248, 0x00007fdf944cd400, 0x00007fdfb44b4000)
 Metaspace       used 30522K, capacity 30896K, committed 31232K, reserved 32768K
}
Event: 270.458 GC heap after
{Heap after GC invocations=59 (full 4):
 def new generation   total 2201472K, used 186759K [0x00007fd934600000, 0x00007fd9c9ac0000, 0x00007fde89b50000)
  eden space 1956864K,   0% used [0x00007fd934600000, 0x00007fd934600000, 0x00007fd9abd00000)
  from space 244608K,  76% used [0x00007fd9abd00000, 0x00007fd9b7361ca0, 0x00007fd9babe0000)
  to   space 244608K,   0% used [0x00007fd9babe0000, 0x00007fd9babe0000, 0x00007fd9c9ac0000)
 tenured generation   total 4892048K, used 4573900K [0x00007fde89b50000, 0x00007fdfb44b4000, 0x00007fe934600000)
   the space 4892048K,  93% used [0x00007fde89b50000, 0x00007fdfa0e03298, 0x00007fdfa0e03400, 0x00007fdfb44b4000)
 Metaspace       used 30522K, capacity 30896K, committed 31232K, reserved 32768K
}
Event: 271.023 GC heap before
{Heap before GC invocations=59 (full 4):
 def new generation   total 2201472K, used 2143623K [0x00007fd934600000, 0x00007fd9c9ac0000, 0x00007fde89b50000)
  eden space 1956864K, 100% used [0x00007fd934600000, 0x00007fd9abd00000, 0x00007fd9abd00000)
  from space 244608K,  76% used [0x00007fd9abd00000, 0x00007fd9b7361ca0, 0x00007fd9babe0000)
  to   space 244608K,   0% used [0x00007fd9babe0000, 0x00007fd9babe0000, 0x00007fd9c9ac0000)
 tenured generation   total 4892048K, used 4573900K [0x00007fde89b50000, 0x00007fdfb44b4000, 0x00007fe934600000)
   the space 4892048K,  93% used [0x00007fde89b50000, 0x00007fdfa0e03298, 0x00007fdfa0e03400, 0x00007fdfb44b4000)
 Metaspace       used 30522K, capacity 30896K, committed 31232K, reserved 32768K
}
Event: 271.588 GC heap after
{Heap after GC invocations=60 (full 4):
 def new generation   total 2201472K, used 206365K [0x00007fd934600000, 0x00007fd9c9ac0000, 0x00007fde89b50000)
  eden space 1956864K,   0% used [0x00007fd934600000, 0x00007fd934600000, 0x00007fd9abd00000)
  from space 244608K,  84% used [0x00007fd9babe0000, 0x00007fd9c7567470, 0x00007fd9c9ac0000)
  to   space 244608K,   0% used [0x00007fd9abd00000, 0x00007fd9abd00000, 0x00007fd9babe0000)
 tenured generation   total 4892048K, used 4760659K [0x00007fde89b50000, 0x00007fdfb44b4000, 0x00007fe934600000)
   the space 4892048K,  97% used [0x00007fde89b50000, 0x00007fdfac464e38, 0x00007fdfac465000, 0x00007fdfb44b4000)
 Metaspace       used 30522K, capacity 30896K, committed 31232K, reserved 32768K
}
Event: 272.175 GC heap before
{Heap before GC invocations=60 (full 4):
 def new generation   total 2201472K, used 2163229K [0x00007fd934600000, 0x00007fd9c9ac0000, 0x00007fde89b50000)
  eden space 1956864K, 100% used [0x00007fd934600000, 0x00007fd9abd00000, 0x00007fd9abd00000)
  from space 244608K,  84% used [0x00007fd9babe0000, 0x00007fd9c7567470, 0x00007fd9c9ac0000)
  to   space 244608K,   0% used [0x00007fd9abd00000, 0x00007fd9abd00000, 0x00007fd9babe0000)
 tenured generation   total 4892048K, used 4760659K [0x00007fde89b50000, 0x00007fdfb44b4000, 0x00007fe934600000)
   the space 4892048K,  97% used [0x00007fde89b50000, 0x00007fdfac464e38, 0x00007fdfac465000, 0x00007fdfb44b4000)
 Metaspace       used 30522K, capacity 30896K, committed 31232K, reserved 32768K
}
Event: 272.751 GC heap after
{Heap after GC invocations=61 (full 4):
 def new generation   total 2201472K, used 206784K [0x00007fd934600000, 0x00007fd9c9ac0000, 0x00007fde89b50000)
  eden space 1956864K,   0% used [0x00007fd934600000, 0x00007fd934600000, 0x00007fd9abd00000)
  from space 244608K,  84% used [0x00007fd9abd00000, 0x00007fd9b86f00d0, 0x00007fd9babe0000)
  to   space 244608K,   0% used [0x00007fd9babe0000, 0x00007fd9babe0000, 0x00007fd9c9ac0000)
 tenured generation   total 4967120K, used 4967024K [0x00007fde89b50000, 0x00007fdfb8e04000, 0x00007fe934600000)
   the space 4967120K,  99% used [0x00007fde89b50000, 0x00007fdfb8dec1c8, 0x00007fdfb8dec200, 0x00007fdfb8e04000)
 Metaspace       used 30522K, capacity 30896K, committed 31232K, reserved 32768K
}
Event: 272.751 GC heap before
{Heap before GC invocations=61 (full 4):
 def new generation   total 2201472K, used 206784K [0x00007fd934600000, 0x00007fd9c9ac0000, 0x00007fde89b50000)
  eden space 1956864K,   0% used [0x00007fd934600000, 0x00007fd934600000, 0x00007fd9abd00000)
  from space 244608K,  84% used [0x00007fd9abd00000, 0x00007fd9b86f00d0, 0x00007fd9babe0000)
  to   space 244608K,   0% used [0x00007fd9babe0000, 0x00007fd9babe0000, 0x00007fd9c9ac0000)
 tenured generation   total 4967120K, used 4967024K [0x00007fde89b50000, 0x00007fdfb8e04000, 0x00007fe934600000)
   the space 4967120K,  99% used [0x00007fde89b50000, 0x00007fdfb8dec1c8, 0x00007fdfb8dec200, 0x00007fdfb8e04000)
 Metaspace       used 30522K, capacity 30896K, committed 31232K, reserved 32768K
}

