# JRE version: OpenJDK Runtime Environment (13.0.7+5) (build 13.0.7+5-Ubuntu-0ubuntu120.04)
# Java VM: OpenJDK 64-Bit Server VM (13.0.7+5-Ubuntu-0ubuntu120.04, mixed mode, tiered, serial gc, linux-amd64)
Heap:
 def new generation   total 8098816K, used 168256K [0x00007f3434600000, 0x00007f36599c0000, 0x00007f3989b50000)
  eden space 7198976K,   2% used [0x00007f3434600000, 0x00007f343ea50048, 0x00007f35ebc40000)
  from space 899840K,   0% used [0x00007f3622b00000, 0x00007f3622b00000, 0x00007f36599c0000)
  to   space 899840K,   0% used [0x00007f35ebc40000, 0x00007f35ebc40000, 0x00007f3622b00000)
 tenured generation   total 18001432K, used 18001431K [0x00007f3989b50000, 0x00007f3dd46d6000, 0x00007f4434600000)
   the space 18001432K,  99% used [0x00007f3989b50000, 0x00007f3dd46d5fb8, 0x00007f3dd46d6000, 0x00007f3dd46d6000)
 Metaspace       used 24336K, capacity 24775K, committed 25088K, reserved 26624K
GC Heap History (20 events):
Event: 5464.185 GC heap after
{Heap after GC invocations=4820 (full 6):
 def new generation   total 8098816K, used 166185K [0x00007f3434600000, 0x00007f36599c0000, 0x00007f3989b50000)
  eden space 7198976K,   0% used [0x00007f3434600000, 0x00007f3434600000, 0x00007f35ebc40000)
  from space 899840K,  18% used [0x00007f35ebc40000, 0x00007f35f5e8a778, 0x00007f3622b00000)
  to   space 899840K,   0% used [0x00007f3622b00000, 0x00007f3622b00000, 0x00007f36599c0000)
 tenured generation   total 17997208K, used 17903373K [0x00007f3989b50000, 0x00007f3dd42b6000, 0x00007f4434600000)
   the space 17997208K,  99% used [0x00007f3989b50000, 0x00007f3dce713420, 0x00007f3dce713600, 0x00007f3dd42b6000)
 Metaspace       used 24336K, capacity 24775K, committed 25088K, reserved 26624K
}
Event: 5467.390 GC heap before
{Heap before GC invocations=4820 (full 6):
 def new generation   total 8098816K, used 7365161K [0x00007f3434600000, 0x00007f36599c0000, 0x00007f3989b50000)
  eden space 7198976K, 100% used [0x00007f3434600000, 0x00007f35ebc40000, 0x00007f35ebc40000)
  from space 899840K,  18% used [0x00007f35ebc40000, 0x00007f35f5e8a778, 0x00007f3622b00000)
  to   space 899840K,   0% used [0x00007f3622b00000, 0x00007f3622b00000, 0x00007f36599c0000)
 tenured generation   total 17997208K, used 17903373K [0x00007f3989b50000, 0x00007f3dd42b6000, 0x00007f4434600000)
   the space 17997208K,  99% used [0x00007f3989b50000, 0x00007f3dce713420, 0x00007f3dce713600, 0x00007f3dd42b6000)
 Metaspace       used 24336K, capacity 24775K, committed 25088K, reserved 26624K
}
Event: 5467.519 GC heap after
{Heap after GC invocations=4821 (full 6):
 def new generation   total 8098816K, used 166189K [0x00007f3434600000, 0x00007f36599c0000, 0x00007f3989b50000)
  eden space 7198976K,   0% used [0x00007f3434600000, 0x00007f3434600000, 0x00007f35ebc40000)
  from space 899840K,  18% used [0x00007f3622b00000, 0x00007f362cd4b4c8, 0x00007f36599c0000)
  to   space 899840K,   0% used [0x00007f35ebc40000, 0x00007f35ebc40000, 0x00007f3622b00000)
 tenured generation   total 17997208K, used 17914238K [0x00007f3989b50000, 0x00007f3dd42b6000, 0x00007f4434600000)
   the space 17997208K,  99% used [0x00007f3989b50000, 0x00007f3dcf1afaa0, 0x00007f3dcf1afc00, 0x00007f3dd42b6000)
 Metaspace       used 24336K, capacity 24775K, committed 25088K, reserved 26624K
}
Event: 5470.722 GC heap before
{Heap before GC invocations=4821 (full 6):
 def new generation   total 8098816K, used 7365165K [0x00007f3434600000, 0x00007f36599c0000, 0x00007f3989b50000)
  eden space 7198976K, 100% used [0x00007f3434600000, 0x00007f35ebc40000, 0x00007f35ebc40000)
  from space 899840K,  18% used [0x00007f3622b00000, 0x00007f362cd4b4c8, 0x00007f36599c0000)
  to   space 899840K,   0% used [0x00007f35ebc40000, 0x00007f35ebc40000, 0x00007f3622b00000)
 tenured generation   total 17997208K, used 17914238K [0x00007f3989b50000, 0x00007f3dd42b6000, 0x00007f4434600000)
   the space 17997208K,  99% used [0x00007f3989b50000, 0x00007f3dcf1afaa0, 0x00007f3dcf1afc00, 0x00007f3dd42b6000)
 Metaspace       used 24336K, capacity 24775K, committed 25088K, reserved 26624K
}
Event: 5470.839 GC heap after
{Heap after GC invocations=4822 (full 6):
 def new generation   total 8098816K, used 166045K [0x00007f3434600000, 0x00007f36599c0000, 0x00007f3989b50000)
  eden space 7198976K,   0% used [0x00007f3434600000, 0x00007f3434600000, 0x00007f35ebc40000)
  from space 899840K,  18% used [0x00007f35ebc40000, 0x00007f35f5e67538, 0x00007f3622b00000)
  to   space 899840K,   0% used [0x00007f3622b00000, 0x00007f3622b00000, 0x00007f36599c0000)
 tenured generation   total 17997208K, used 17925249K [0x00007f3989b50000, 0x00007f3dd42b6000, 0x00007f4434600000)
   the space 17997208K,  99% used [0x00007f3989b50000, 0x00007f3dcfc70760, 0x00007f3dcfc70800, 0x00007f3dd42b6000)
 Metaspace       used 24336K, capacity 24775K, committed 25088K, reserved 26624K
}
Event: 5474.109 GC heap before
{Heap before GC invocations=4822 (full 6):
 def new generation   total 8098816K, used 7365021K [0x00007f3434600000, 0x00007f36599c0000, 0x00007f3989b50000)
  eden space 7198976K, 100% used [0x00007f3434600000, 0x00007f35ebc40000, 0x00007f35ebc40000)
  from space 899840K,  18% used [0x00007f35ebc40000, 0x00007f35f5e67538, 0x00007f3622b00000)
  to   space 899840K,   0% used [0x00007f3622b00000, 0x00007f3622b00000, 0x00007f36599c0000)
 tenured generation   total 17997208K, used 17925249K [0x00007f3989b50000, 0x00007f3dd42b6000, 0x00007f4434600000)
   the space 17997208K,  99% used [0x00007f3989b50000, 0x00007f3dcfc70760, 0x00007f3dcfc70800, 0x00007f3dd42b6000)
 Metaspace       used 24336K, capacity 24775K, committed 25088K, reserved 26624K
}
Event: 5474.241 GC heap after
{Heap after GC invocations=4823 (full 6):
 def new generation   total 8098816K, used 166047K [0x00007f3434600000, 0x00007f36599c0000, 0x00007f3989b50000)
  eden space 7198976K,   0% used [0x00007f3434600000, 0x00007f3434600000, 0x00007f35ebc40000)
  from space 899840K,  18% used [0x00007f3622b00000, 0x00007f362cd27ce0, 0x00007f36599c0000)
  to   space 899840K,   0% used [0x00007f35ebc40000, 0x00007f35ebc40000, 0x00007f3622b00000)
 tenured generation   total 17997208K, used 17936115K [0x00007f3989b50000, 0x00007f3dd42b6000, 0x00007f4434600000)
   the space 17997208K,  99% used [0x00007f3989b50000, 0x00007f3dd070cde0, 0x00007f3dd070ce00, 0x00007f3dd42b6000)
 Metaspace       used 24336K, capacity 24775K, committed 25088K, reserved 26624K
}
Event: 5477.362 GC heap before
{Heap before GC invocations=4823 (full 6):
 def new generation   total 8098816K, used 7365023K [0x00007f3434600000, 0x00007f36599c0000, 0x00007f3989b50000)
  eden space 7198976K, 100% used [0x00007f3434600000, 0x00007f35ebc40000, 0x00007f35ebc40000)
  from space 899840K,  18% used [0x00007f3622b00000, 0x00007f362cd27ce0, 0x00007f36599c0000)
  to   space 899840K,   0% used [0x00007f35ebc40000, 0x00007f35ebc40000, 0x00007f3622b00000)
 tenured generation   total 17997208K, used 17936115K [0x00007f3989b50000, 0x00007f3dd42b6000, 0x00007f4434600000)
   the space 17997208K,  99% used [0x00007f3989b50000, 0x00007f3dd070cde0, 0x00007f3dd070ce00, 0x00007f3dd42b6000)
 Metaspace       used 24336K, capacity 24775K, committed 25088K, reserved 26624K
}
Event: 5477.475 GC heap after
{Heap after GC invocations=4824 (full 6):
 def new generation   total 8098816K, used 167577K [0x00007f3434600000, 0x00007f36599c0000, 0x00007f3989b50000)
  eden space 7198976K,   0% used [0x00007f3434600000, 0x00007f3434600000, 0x00007f35ebc40000)
  from space 899840K,  18% used [0x00007f35ebc40000, 0x00007f35f5fe6470, 0x00007f3622b00000)
  to   space 899840K,   0% used [0x00007f3622b00000, 0x00007f3622b00000, 0x00007f36599c0000)
 tenured generation   total 17997208K, used 17946985K [0x00007f3989b50000, 0x00007f3dd42b6000, 0x00007f4434600000)
   the space 17997208K,  99% used [0x00007f3989b50000, 0x00007f3dd11aa5a0, 0x00007f3dd11aa600, 0x00007f3dd42b6000)
 Metaspace       used 24336K, capacity 24775K, committed 25088K, reserved 26624K
}
Event: 5480.634 GC heap before
{Heap before GC invocations=4824 (full 6):
 def new generation   total 8098816K, used 7366553K [0x00007f3434600000, 0x00007f36599c0000, 0x00007f3989b50000)
  eden space 7198976K, 100% used [0x00007f3434600000, 0x00007f35ebc40000, 0x00007f35ebc40000)
  from space 899840K,  18% used [0x00007f35ebc40000, 0x00007f35f5fe6470, 0x00007f3622b00000)
  to   space 899840K,   0% used [0x00007f3622b00000, 0x00007f3622b00000, 0x00007f36599c0000)
 tenured generation   total 17997208K, used 17946985K [0x00007f3989b50000, 0x00007f3dd42b6000, 0x00007f4434600000)
   the space 17997208K,  99% used [0x00007f3989b50000, 0x00007f3dd11aa5a0, 0x00007f3dd11aa600, 0x00007f3dd42b6000)
 Metaspace       used 24336K, capacity 24775K, committed 25088K, reserved 26624K
}
Event: 5480.765 GC heap after
{Heap after GC invocations=4825 (full 6):
 def new generation   total 8098816K, used 168259K [0x00007f3434600000, 0x00007f36599c0000, 0x00007f3989b50000)
  eden space 7198976K,   0% used [0x00007f3434600000, 0x00007f3434600000, 0x00007f35ebc40000)
  from space 899840K,  18% used [0x00007f3622b00000, 0x00007f362cf50e80, 0x00007f36599c0000)
  to   space 899840K,   0% used [0x00007f35ebc40000, 0x00007f35ebc40000, 0x00007f3622b00000)
 tenured generation   total 17997208K, used 17957850K [0x00007f3989b50000, 0x00007f3dd42b6000, 0x00007f4434600000)
   the space 17997208K,  99% used [0x00007f3989b50000, 0x00007f3dd1c46ae0, 0x00007f3dd1c46c00, 0x00007f3dd42b6000)
 Metaspace       used 24336K, capacity 24775K, committed 25088K, reserved 26624K
}
Event: 5483.910 GC heap before
{Heap before GC invocations=4825 (full 6):
 def new generation   total 8098816K, used 7367235K [0x00007f3434600000, 0x00007f36599c0000, 0x00007f3989b50000)
  eden space 7198976K, 100% used [0x00007f3434600000, 0x00007f35ebc40000, 0x00007f35ebc40000)
  from space 899840K,  18% used [0x00007f3622b00000, 0x00007f362cf50e80, 0x00007f36599c0000)
  to   space 899840K,   0% used [0x00007f35ebc40000, 0x00007f35ebc40000, 0x00007f3622b00000)
 tenured generation   total 17997208K, used 17957850K [0x00007f3989b50000, 0x00007f3dd42b6000, 0x00007f4434600000)
   the space 17997208K,  99% used [0x00007f3989b50000, 0x00007f3dd1c46ae0, 0x00007f3dd1c46c00, 0x00007f3dd42b6000)
 Metaspace       used 24336K, capacity 24775K, committed 25088K, reserved 26624K
}
Event: 5484.037 GC heap after
{Heap after GC invocations=4826 (full 6):
 def new generation   total 8098816K, used 168350K [0x00007f3434600000, 0x00007f36599c0000, 0x00007f3989b50000)
  eden space 7198976K,   0% used [0x00007f3434600000, 0x00007f3434600000, 0x00007f35ebc40000)
  from space 899840K,  18% used [0x00007f35ebc40000, 0x00007f35f60a78f0, 0x00007f3622b00000)
  to   space 899840K,   0% used [0x00007f3622b00000, 0x00007f3622b00000, 0x00007f36599c0000)
 tenured generation   total 17997208K, used 17968720K [0x00007f3989b50000, 0x00007f3dd42b6000, 0x00007f4434600000)
   the space 17997208K,  99% used [0x00007f3989b50000, 0x00007f3dd26e42a0, 0x00007f3dd26e4400, 0x00007f3dd42b6000)
 Metaspace       used 24336K, capacity 24775K, committed 25088K, reserved 26624K
}
Event: 5487.248 GC heap before
{Heap before GC invocations=4826 (full 6):
 def new generation   total 8098816K, used 7367326K [0x00007f3434600000, 0x00007f36599c0000, 0x00007f3989b50000)
  eden space 7198976K, 100% used [0x00007f3434600000, 0x00007f35ebc40000, 0x00007f35ebc40000)
  from space 899840K,  18% used [0x00007f35ebc40000, 0x00007f35f60a78f0, 0x00007f3622b00000)
  to   space 899840K,   0% used [0x00007f3622b00000, 0x00007f3622b00000, 0x00007f36599c0000)
 tenured generation   total 17997208K, used 17968720K [0x00007f3989b50000, 0x00007f3dd42b6000, 0x00007f4434600000)
   the space 17997208K,  99% used [0x00007f3989b50000, 0x00007f3dd26e42a0, 0x00007f3dd26e4400, 0x00007f3dd42b6000)
 Metaspace       used 24336K, capacity 24775K, committed 25088K, reserved 26624K
}
Event: 5487.376 GC heap after
{Heap after GC invocations=4827 (full 6):
 def new generation   total 8098816K, used 168317K [0x00007f3434600000, 0x00007f36599c0000, 0x00007f3989b50000)
  eden space 7198976K,   0% used [0x00007f3434600000, 0x00007f3434600000, 0x00007f35ebc40000)
  from space 899840K,  18% used [0x00007f3622b00000, 0x00007f362cf5f4c0, 0x00007f36599c0000)
  to   space 899840K,   0% used [0x00007f35ebc40000, 0x00007f35ebc40000, 0x00007f3622b00000)
 tenured generation   total 17997208K, used 17979585K [0x00007f3989b50000, 0x00007f3dd42b6000, 0x00007f4434600000)
   the space 17997208K,  99% used [0x00007f3989b50000, 0x00007f3dd31807e0, 0x00007f3dd3180800, 0x00007f3dd42b6000)
 Metaspace       used 24336K, capacity 24775K, committed 25088K, reserved 26624K
}
Event: 5490.911 GC heap before
{Heap before GC invocations=4827 (full 6):
 def new generation   total 8098816K, used 7367293K [0x00007f3434600000, 0x00007f36599c0000, 0x00007f3989b50000)
  eden space 7198976K, 100% used [0x00007f3434600000, 0x00007f35ebc40000, 0x00007f35ebc40000)
  from space 899840K,  18% used [0x00007f3622b00000, 0x00007f362cf5f4c0, 0x00007f36599c0000)
  to   space 899840K,   0% used [0x00007f35ebc40000, 0x00007f35ebc40000, 0x00007f3622b00000)
 tenured generation   total 17997208K, used 17979585K [0x00007f3989b50000, 0x00007f3dd42b6000, 0x00007f4434600000)
   the space 17997208K,  99% used [0x00007f3989b50000, 0x00007f3dd31807e0, 0x00007f3dd3180800, 0x00007f3dd42b6000)
 Metaspace       used 24336K, capacity 24775K, committed 25088K, reserved 26624K
}
Event: 5491.036 GC heap after
{Heap after GC invocations=4828 (full 6):
 def new generation   total 8098816K, used 168367K [0x00007f3434600000, 0x00007f36599c0000, 0x00007f3989b50000)
  eden space 7198976K,   0% used [0x00007f3434600000, 0x00007f3434600000, 0x00007f35ebc40000)
  from space 899840K,  18% used [0x00007f35ebc40000, 0x00007f35f60abec0, 0x00007f3622b00000)
  to   space 899840K,   0% used [0x00007f3622b00000, 0x00007f3622b00000, 0x00007f36599c0000)
 tenured generation   total 17997208K, used 17990455K [0x00007f3989b50000, 0x00007f3dd42b6000, 0x00007f4434600000)
   the space 17997208K,  99% used [0x00007f3989b50000, 0x00007f3dd3c1dfa0, 0x00007f3dd3c1e000, 0x00007f3dd42b6000)
 Metaspace       used 24336K, capacity 24775K, committed 25088K, reserved 26624K
}
Event: 5494.506 GC heap before
{Heap before GC invocations=4828 (full 6):
 def new generation   total 8098816K, used 7367343K [0x00007f3434600000, 0x00007f36599c0000, 0x00007f3989b50000)
  eden space 7198976K, 100% used [0x00007f3434600000, 0x00007f35ebc40000, 0x00007f35ebc40000)
  from space 899840K,  18% used [0x00007f35ebc40000, 0x00007f35f60abec0, 0x00007f3622b00000)
  to   space 899840K,   0% used [0x00007f3622b00000, 0x00007f3622b00000, 0x00007f36599c0000)
 tenured generation   total 17997208K, used 17990455K [0x00007f3989b50000, 0x00007f3dd42b6000, 0x00007f4434600000)
   the space 17997208K,  99% used [0x00007f3989b50000, 0x00007f3dd3c1dfa0, 0x00007f3dd3c1e000, 0x00007f3dd42b6000)
 Metaspace       used 24336K, capacity 24775K, committed 25088K, reserved 26624K
}
Event: 5494.629 GC heap after
{Heap after GC invocations=4829 (full 6):
 def new generation   total 8098816K, used 168366K [0x00007f3434600000, 0x00007f36599c0000, 0x00007f3989b50000)
  eden space 7198976K,   0% used [0x00007f3434600000, 0x00007f3434600000, 0x00007f35ebc40000)
  from space 899840K,  18% used [0x00007f3622b00000, 0x00007f362cf6bb20, 0x00007f36599c0000)
  to   space 899840K,   0% used [0x00007f35ebc40000, 0x00007f35ebc40000, 0x00007f3622b00000)
 tenured generation   total 18001432K, used 18001321K [0x00007f3989b50000, 0x00007f3dd46d6000, 0x00007f4434600000)
   the space 18001432K,  99% used [0x00007f3989b50000, 0x00007f3dd46ba4e0, 0x00007f3dd46ba600, 0x00007f3dd46d6000)
 Metaspace       used 24336K, capacity 24775K, committed 25088K, reserved 26624K
}
Event: 5494.629 GC heap before
{Heap before GC invocations=4829 (full 6):
 def new generation   total 8098816K, used 168366K [0x00007f3434600000, 0x00007f36599c0000, 0x00007f3989b50000)
  eden space 7198976K,   0% used [0x00007f3434600000, 0x00007f3434600000, 0x00007f35ebc40000)
  from space 899840K,  18% used [0x00007f3622b00000, 0x00007f362cf6bb20, 0x00007f36599c0000)
  to   space 899840K,   0% used [0x00007f35ebc40000, 0x00007f35ebc40000, 0x00007f3622b00000)
 tenured generation   total 18001432K, used 18001321K [0x00007f3989b50000, 0x00007f3dd46d6000, 0x00007f4434600000)
   the space 18001432K,  99% used [0x00007f3989b50000, 0x00007f3dd46ba4e0, 0x00007f3dd46ba600, 0x00007f3dd46d6000)
 Metaspace       used 24336K, capacity 24775K, committed 25088K, reserved 26624K
}

