# JRE version: OpenJDK Runtime Environment (13.0.7+5) (build 13.0.7+5-Ubuntu-0ubuntu120.04)
# Java VM: OpenJDK 64-Bit Server VM (13.0.7+5-Ubuntu-0ubuntu120.04, mixed mode, tiered, serial gc, linux-amd64)
Heap:
 def new generation   total 2926720K, used 0K [0x00007f71d8600000, 0x00007f729edb0000, 0x00007f772db50000)
  eden space 2601536K,   0% used [0x00007f71d8600000, 0x00007f71d8600000, 0x00007f7277290000)
  from space 325184K,   0% used [0x00007f7277290000, 0x00007f7277290000, 0x00007f728b020000)
  to   space 325184K,   0% used [0x00007f728b020000, 0x00007f728b020000, 0x00007f729edb0000)
 tenured generation   total 6582096K, used 6539295K [0x00007f772db50000, 0x00007f78bf724000, 0x00007f81d8600000)
   the space 6582096K,  99% used [0x00007f772db50000, 0x00007f78bcd57c28, 0x00007f78bcd57e00, 0x00007f78bf724000)
 Metaspace       used 30103K, capacity 30557K, committed 30720K, reserved 30720K
GC Heap History (20 events):
Event: 94.877 GC heap after
{Heap after GC invocations=60 (full 4):
 def new generation   total 2926720K, used 203788K [0x00007f71d8600000, 0x00007f729edb0000, 0x00007f772db50000)
  eden space 2601536K,   0% used [0x00007f71d8600000, 0x00007f71d8600000, 0x00007f7277290000)
  from space 325184K,  62% used [0x00007f728b020000, 0x00007f7297723298, 0x00007f729edb0000)
  to   space 325184K,   0% used [0x00007f7277290000, 0x00007f7277290000, 0x00007f728b020000)
 tenured generation   total 6503760K, used 4314977K [0x00007f772db50000, 0x00007f78baaa4000, 0x00007f81d8600000)
   the space 6503760K,  66% used [0x00007f772db50000, 0x00007f7835128670, 0x00007f7835128800, 0x00007f78baaa4000)
 Metaspace       used 30103K, capacity 30557K, committed 30720K, reserved 30720K
}
Event: 95.560 GC heap before
{Heap before GC invocations=60 (full 4):
 def new generation   total 2926720K, used 2805324K [0x00007f71d8600000, 0x00007f729edb0000, 0x00007f772db50000)
  eden space 2601536K, 100% used [0x00007f71d8600000, 0x00007f7277290000, 0x00007f7277290000)
  from space 325184K,  62% used [0x00007f728b020000, 0x00007f7297723298, 0x00007f729edb0000)
  to   space 325184K,   0% used [0x00007f7277290000, 0x00007f7277290000, 0x00007f728b020000)
 tenured generation   total 6503760K, used 4314977K [0x00007f772db50000, 0x00007f78baaa4000, 0x00007f81d8600000)
   the space 6503760K,  66% used [0x00007f772db50000, 0x00007f7835128670, 0x00007f7835128800, 0x00007f78baaa4000)
 Metaspace       used 30103K, capacity 30557K, committed 30720K, reserved 30720K
}
Event: 96.839 GC heap after
{Heap after GC invocations=61 (full 4):
 def new generation   total 2926720K, used 211658K [0x00007f71d8600000, 0x00007f729edb0000, 0x00007f772db50000)
  eden space 2601536K,   0% used [0x00007f71d8600000, 0x00007f71d8600000, 0x00007f7277290000)
  from space 325184K,  65% used [0x00007f7277290000, 0x00007f7284142850, 0x00007f728b020000)
  to   space 325184K,   0% used [0x00007f728b020000, 0x00007f728b020000, 0x00007f729edb0000)
 tenured generation   total 6503760K, used 4518765K [0x00007f772db50000, 0x00007f78baaa4000, 0x00007f81d8600000)
   the space 6503760K,  69% used [0x00007f772db50000, 0x00007f784182b678, 0x00007f784182b800, 0x00007f78baaa4000)
 Metaspace       used 30103K, capacity 30557K, committed 30720K, reserved 30720K
}
Event: 97.497 GC heap before
{Heap before GC invocations=61 (full 4):
 def new generation   total 2926720K, used 2813194K [0x00007f71d8600000, 0x00007f729edb0000, 0x00007f772db50000)
  eden space 2601536K, 100% used [0x00007f71d8600000, 0x00007f7277290000, 0x00007f7277290000)
  from space 325184K,  65% used [0x00007f7277290000, 0x00007f7284142850, 0x00007f728b020000)
  to   space 325184K,   0% used [0x00007f728b020000, 0x00007f728b020000, 0x00007f729edb0000)
 tenured generation   total 6503760K, used 4518765K [0x00007f772db50000, 0x00007f78baaa4000, 0x00007f81d8600000)
   the space 6503760K,  69% used [0x00007f772db50000, 0x00007f784182b678, 0x00007f784182b800, 0x00007f78baaa4000)
 Metaspace       used 30103K, capacity 30557K, committed 30720K, reserved 30720K
}
Event: 98.146 GC heap after
{Heap after GC invocations=62 (full 4):
 def new generation   total 2926720K, used 184208K [0x00007f71d8600000, 0x00007f729edb0000, 0x00007f772db50000)
  eden space 2601536K,   0% used [0x00007f71d8600000, 0x00007f71d8600000, 0x00007f7277290000)
  from space 325184K,  56% used [0x00007f728b020000, 0x00007f7296404200, 0x00007f729edb0000)
  to   space 325184K,   0% used [0x00007f7277290000, 0x00007f7277290000, 0x00007f728b020000)
 tenured generation   total 6503760K, used 4730422K [0x00007f772db50000, 0x00007f78baaa4000, 0x00007f81d8600000)
   the space 6503760K,  72% used [0x00007f772db50000, 0x00007f784e6dda38, 0x00007f784e6ddc00, 0x00007f78baaa4000)
 Metaspace       used 30103K, capacity 30557K, committed 30720K, reserved 30720K
}
Event: 98.820 GC heap before
{Heap before GC invocations=62 (full 4):
 def new generation   total 2926720K, used 2785744K [0x00007f71d8600000, 0x00007f729edb0000, 0x00007f772db50000)
  eden space 2601536K, 100% used [0x00007f71d8600000, 0x00007f7277290000, 0x00007f7277290000)
  from space 325184K,  56% used [0x00007f728b020000, 0x00007f7296404200, 0x00007f729edb0000)
  to   space 325184K,   0% used [0x00007f7277290000, 0x00007f7277290000, 0x00007f728b020000)
 tenured generation   total 6503760K, used 4730422K [0x00007f772db50000, 0x00007f78baaa4000, 0x00007f81d8600000)
   the space 6503760K,  72% used [0x00007f772db50000, 0x00007f784e6dda38, 0x00007f784e6ddc00, 0x00007f78baaa4000)
 Metaspace       used 30103K, capacity 30557K, committed 30720K, reserved 30720K
}
Event: 99.551 GC heap after
{Heap after GC invocations=63 (full 4):
 def new generation   total 2926720K, used 215638K [0x00007f71d8600000, 0x00007f729edb0000, 0x00007f772db50000)
  eden space 2601536K,   0% used [0x00007f71d8600000, 0x00007f71d8600000, 0x00007f7277290000)
  from space 325184K,  66% used [0x00007f7277290000, 0x00007f7284525870, 0x00007f728b020000)
  to   space 325184K,   0% used [0x00007f728b020000, 0x00007f728b020000, 0x00007f729edb0000)
 tenured generation   total 6503760K, used 4914630K [0x00007f772db50000, 0x00007f78baaa4000, 0x00007f81d8600000)
   the space 6503760K,  75% used [0x00007f772db50000, 0x00007f7859ac1ad8, 0x00007f7859ac1c00, 0x00007f78baaa4000)
 Metaspace       used 30103K, capacity 30557K, committed 30720K, reserved 30720K
}
Event: 100.313 GC heap before
{Heap before GC invocations=63 (full 4):
 def new generation   total 2926720K, used 2817174K [0x00007f71d8600000, 0x00007f729edb0000, 0x00007f772db50000)
  eden space 2601536K, 100% used [0x00007f71d8600000, 0x00007f7277290000, 0x00007f7277290000)
  from space 325184K,  66% used [0x00007f7277290000, 0x00007f7284525870, 0x00007f728b020000)
  to   space 325184K,   0% used [0x00007f728b020000, 0x00007f728b020000, 0x00007f729edb0000)
 tenured generation   total 6503760K, used 4914630K [0x00007f772db50000, 0x00007f78baaa4000, 0x00007f81d8600000)
   the space 6503760K,  75% used [0x00007f772db50000, 0x00007f7859ac1ad8, 0x00007f7859ac1c00, 0x00007f78baaa4000)
 Metaspace       used 30103K, capacity 30557K, committed 30720K, reserved 30720K
}
Event: 101.116 GC heap after
{Heap after GC invocations=64 (full 4):
 def new generation   total 2926720K, used 227571K [0x00007f71d8600000, 0x00007f729edb0000, 0x00007f772db50000)
  eden space 2601536K,   0% used [0x00007f71d8600000, 0x00007f71d8600000, 0x00007f7277290000)
  from space 325184K,  69% used [0x00007f728b020000, 0x00007f7298e5cfc8, 0x00007f729edb0000)
  to   space 325184K,   0% used [0x00007f7277290000, 0x00007f7277290000, 0x00007f728b020000)
 tenured generation   total 6503760K, used 5130268K [0x00007f772db50000, 0x00007f78baaa4000, 0x00007f81d8600000)
   the space 6503760K,  78% used [0x00007f772db50000, 0x00007f7866d57288, 0x00007f7866d57400, 0x00007f78baaa4000)
 Metaspace       used 30103K, capacity 30557K, committed 30720K, reserved 30720K
}
Event: 101.890 GC heap before
{Heap before GC invocations=64 (full 4):
 def new generation   total 2926720K, used 2829107K [0x00007f71d8600000, 0x00007f729edb0000, 0x00007f772db50000)
  eden space 2601536K, 100% used [0x00007f71d8600000, 0x00007f7277290000, 0x00007f7277290000)
  from space 325184K,  69% used [0x00007f728b020000, 0x00007f7298e5cfc8, 0x00007f729edb0000)
  to   space 325184K,   0% used [0x00007f7277290000, 0x00007f7277290000, 0x00007f728b020000)
 tenured generation   total 6503760K, used 5130268K [0x00007f772db50000, 0x00007f78baaa4000, 0x00007f81d8600000)
   the space 6503760K,  78% used [0x00007f772db50000, 0x00007f7866d57288, 0x00007f7866d57400, 0x00007f78baaa4000)
 Metaspace       used 30103K, capacity 30557K, committed 30720K, reserved 30720K
}
Event: 102.480 GC heap after
{Heap after GC invocations=65 (full 4):
 def new generation   total 2926720K, used 196569K [0x00007f71d8600000, 0x00007f729edb0000, 0x00007f772db50000)
  eden space 2601536K,   0% used [0x00007f71d8600000, 0x00007f71d8600000, 0x00007f7277290000)
  from space 325184K,  60% used [0x00007f7277290000, 0x00007f7283286748, 0x00007f728b020000)
  to   space 325184K,   0% used [0x00007f728b020000, 0x00007f728b020000, 0x00007f729edb0000)
 tenured generation   total 6503760K, used 5357839K [0x00007f772db50000, 0x00007f78baaa4000, 0x00007f81d8600000)
   the space 6503760K,  82% used [0x00007f772db50000, 0x00007f7874b93d10, 0x00007f7874b93e00, 0x00007f78baaa4000)
 Metaspace       used 30103K, capacity 30557K, committed 30720K, reserved 30720K
}
Event: 103.140 GC heap before
{Heap before GC invocations=65 (full 4):
 def new generation   total 2926720K, used 2798105K [0x00007f71d8600000, 0x00007f729edb0000, 0x00007f772db50000)
  eden space 2601536K, 100% used [0x00007f71d8600000, 0x00007f7277290000, 0x00007f7277290000)
  from space 325184K,  60% used [0x00007f7277290000, 0x00007f7283286748, 0x00007f728b020000)
  to   space 325184K,   0% used [0x00007f728b020000, 0x00007f728b020000, 0x00007f729edb0000)
 tenured generation   total 6503760K, used 5357839K [0x00007f772db50000, 0x00007f78baaa4000, 0x00007f81d8600000)
   the space 6503760K,  82% used [0x00007f772db50000, 0x00007f7874b93d10, 0x00007f7874b93e00, 0x00007f78baaa4000)
 Metaspace       used 30103K, capacity 30557K, committed 30720K, reserved 30720K
}
Event: 103.704 GC heap after
{Heap after GC invocations=66 (full 4):
 def new generation   total 2926720K, used 223365K [0x00007f71d8600000, 0x00007f729edb0000, 0x00007f772db50000)
  eden space 2601536K,   0% used [0x00007f71d8600000, 0x00007f71d8600000, 0x00007f7277290000)
  from space 325184K,  68% used [0x00007f728b020000, 0x00007f7298a41710, 0x00007f729edb0000)
  to   space 325184K,   0% used [0x00007f7277290000, 0x00007f7277290000, 0x00007f728b020000)
 tenured generation   total 6503760K, used 5554408K [0x00007f772db50000, 0x00007f78baaa4000, 0x00007f81d8600000)
   the space 6503760K,  85% used [0x00007f772db50000, 0x00007f7880b8a078, 0x00007f7880b8a200, 0x00007f78baaa4000)
 Metaspace       used 30103K, capacity 30557K, committed 30720K, reserved 30720K
}
Event: 104.342 GC heap before
{Heap before GC invocations=66 (full 4):
 def new generation   total 2926720K, used 2824901K [0x00007f71d8600000, 0x00007f729edb0000, 0x00007f772db50000)
  eden space 2601536K, 100% used [0x00007f71d8600000, 0x00007f7277290000, 0x00007f7277290000)
  from space 325184K,  68% used [0x00007f728b020000, 0x00007f7298a41710, 0x00007f729edb0000)
  to   space 325184K,   0% used [0x00007f7277290000, 0x00007f7277290000, 0x00007f728b020000)
 tenured generation   total 6503760K, used 5554408K [0x00007f772db50000, 0x00007f78baaa4000, 0x00007f81d8600000)
   the space 6503760K,  85% used [0x00007f772db50000, 0x00007f7880b8a078, 0x00007f7880b8a200, 0x00007f78baaa4000)
 Metaspace       used 30103K, capacity 30557K, committed 30720K, reserved 30720K
}
Event: 104.905 GC heap after
{Heap after GC invocations=67 (full 4):
 def new generation   total 2926720K, used 188385K [0x00007f71d8600000, 0x00007f729edb0000, 0x00007f772db50000)
  eden space 2601536K,   0% used [0x00007f71d8600000, 0x00007f71d8600000, 0x00007f7277290000)
  from space 325184K,  57% used [0x00007f7277290000, 0x00007f7282a886b0, 0x00007f728b020000)
  to   space 325184K,   0% used [0x00007f728b020000, 0x00007f728b020000, 0x00007f729edb0000)
 tenured generation   total 6503760K, used 5777773K [0x00007f772db50000, 0x00007f78baaa4000, 0x00007f81d8600000)
   the space 6503760K,  88% used [0x00007f772db50000, 0x00007f788e5ab5c8, 0x00007f788e5ab600, 0x00007f78baaa4000)
 Metaspace       used 30103K, capacity 30557K, committed 30720K, reserved 30720K
}
Event: 105.555 GC heap before
{Heap before GC invocations=67 (full 4):
 def new generation   total 2926720K, used 2789921K [0x00007f71d8600000, 0x00007f729edb0000, 0x00007f772db50000)
  eden space 2601536K, 100% used [0x00007f71d8600000, 0x00007f7277290000, 0x00007f7277290000)
  from space 325184K,  57% used [0x00007f7277290000, 0x00007f7282a886b0, 0x00007f728b020000)
  to   space 325184K,   0% used [0x00007f728b020000, 0x00007f728b020000, 0x00007f729edb0000)
 tenured generation   total 6503760K, used 5777773K [0x00007f772db50000, 0x00007f78baaa4000, 0x00007f81d8600000)
   the space 6503760K,  88% used [0x00007f772db50000, 0x00007f788e5ab5c8, 0x00007f788e5ab600, 0x00007f78baaa4000)
 Metaspace       used 30103K, capacity 30557K, committed 30720K, reserved 30720K
}
Event: 106.082 GC heap after
{Heap after GC invocations=68 (full 4):
 def new generation   total 2926720K, used 189551K [0x00007f71d8600000, 0x00007f729edb0000, 0x00007f772db50000)
  eden space 2601536K,   0% used [0x00007f71d8600000, 0x00007f71d8600000, 0x00007f7277290000)
  from space 325184K,  58% used [0x00007f728b020000, 0x00007f729693bf30, 0x00007f729edb0000)
  to   space 325184K,   0% used [0x00007f7277290000, 0x00007f7277290000, 0x00007f728b020000)
 tenured generation   total 6503760K, used 5966157K [0x00007f772db50000, 0x00007f78baaa4000, 0x00007f81d8600000)
   the space 6503760K,  91% used [0x00007f772db50000, 0x00007f7899da37e8, 0x00007f7899da3800, 0x00007f78baaa4000)
 Metaspace       used 30103K, capacity 30557K, committed 30720K, reserved 30720K
}
Event: 147.699 GC heap before
{Heap before GC invocations=68 (full 4):
 def new generation   total 2926720K, used 2791087K [0x00007f71d8600000, 0x00007f729edb0000, 0x00007f772db50000)
  eden space 2601536K, 100% used [0x00007f71d8600000, 0x00007f7277290000, 0x00007f7277290000)
  from space 325184K,  58% used [0x00007f728b020000, 0x00007f729693bf30, 0x00007f729edb0000)
  to   space 325184K,   0% used [0x00007f7277290000, 0x00007f7277290000, 0x00007f728b020000)
 tenured generation   total 6503760K, used 5966157K [0x00007f772db50000, 0x00007f78baaa4000, 0x00007f81d8600000)
   the space 6503760K,  91% used [0x00007f772db50000, 0x00007f7899da37e8, 0x00007f7899da3800, 0x00007f78baaa4000)
 Metaspace       used 30103K, capacity 30557K, committed 30720K, reserved 30720K
}
Event: 149.400 GC heap after
{Heap after GC invocations=69 (full 4):
 def new generation   total 2926720K, used 325183K [0x00007f71d8600000, 0x00007f729edb0000, 0x00007f772db50000)
  eden space 2601536K,   0% used [0x00007f71d8600000, 0x00007f71d8600000, 0x00007f7277290000)
  from space 325184K,  99% used [0x00007f7277290000, 0x00007f728b01fff0, 0x00007f728b020000)
  to   space 325184K,   0% used [0x00007f728b020000, 0x00007f728b020000, 0x00007f729edb0000)
 tenured generation   total 6582096K, used 6581909K [0x00007f772db50000, 0x00007f78bf724000, 0x00007f81d8600000)
   the space 6582096K,  99% used [0x00007f772db50000, 0x00007f78bf6f54f8, 0x00007f78bf6f5600, 0x00007f78bf724000)
 Metaspace       used 30103K, capacity 30557K, committed 30720K, reserved 30720K
}
Event: 149.400 GC heap before
{Heap before GC invocations=69 (full 4):
 def new generation   total 2926720K, used 325183K [0x00007f71d8600000, 0x00007f729edb0000, 0x00007f772db50000)
  eden space 2601536K,   0% used [0x00007f71d8600000, 0x00007f71d8600000, 0x00007f7277290000)
  from space 325184K,  99% used [0x00007f7277290000, 0x00007f728b01fff0, 0x00007f728b020000)
  to   space 325184K,   0% used [0x00007f728b020000, 0x00007f728b020000, 0x00007f729edb0000)
 tenured generation   total 6582096K, used 6581909K [0x00007f772db50000, 0x00007f78bf724000, 0x00007f81d8600000)
   the space 6582096K,  99% used [0x00007f772db50000, 0x00007f78bf6f54f8, 0x00007f78bf6f5600, 0x00007f78bf724000)
 Metaspace       used 30103K, capacity 30557K, committed 30720K, reserved 30720K
}

