# JRE version: OpenJDK Runtime Environment (13.0.7+5) (build 13.0.7+5-Ubuntu-0ubuntu120.04)
# Java VM: OpenJDK 64-Bit Server VM (13.0.7+5-Ubuntu-0ubuntu120.04, mixed mode, tiered, serial gc, linux-amd64)
Heap:
 def new generation   total 5402880K, used 227330K [0x00007f8ff8600000, 0x00007f9166c70000, 0x00007f954db50000)
  eden space 4802624K,   4% used [0x00007f8ff8600000, 0x00007f9006400940, 0x00007f911d810000)
  from space 600256K,   0% used [0x00007f911d810000, 0x00007f911d810000, 0x00007f9142240000)
  to   space 600256K,   0% used [0x00007f9142240000, 0x00007f9142240000, 0x00007f9166c70000)
 tenured generation   total 12388660K, used 12388659K [0x00007f954db50000, 0x00007f9841d9d000, 0x00007f9ff8600000)
   the space 12388660K,  99% used [0x00007f954db50000, 0x00007f9841d9cff8, 0x00007f9841d9d000, 0x00007f9841d9d000)
 Metaspace       used 30377K, capacity 30845K, committed 31232K, reserved 32768K
GC Heap History (20 events):
Event: 184.797 GC heap after
{Heap after GC invocations=46 (full 6):
 def new generation   total 5402880K, used 362509K [0x00007f8ff8600000, 0x00007f9166c70000, 0x00007f954db50000)
  eden space 4802624K,   0% used [0x00007f8ff8600000, 0x00007f8ff8600000, 0x00007f911d810000)
  from space 600256K,  60% used [0x00007f9142240000, 0x00007f9158443748, 0x00007f9166c70000)
  to   space 600256K,   0% used [0x00007f911d810000, 0x00007f911d810000, 0x00007f9142240000)
 tenured generation   total 12006196K, used 8877966K [0x00007f954db50000, 0x00007f982a81d000, 0x00007f9ff8600000)
   the space 12006196K,  73% used [0x00007f954db50000, 0x00007f976b9338e0, 0x00007f976b933a00, 0x00007f982a81d000)
 Metaspace       used 30377K, capacity 30845K, committed 31232K, reserved 32768K
}
Event: 186.006 GC heap before
{Heap before GC invocations=46 (full 6):
 def new generation   total 5402880K, used 5165133K [0x00007f8ff8600000, 0x00007f9166c70000, 0x00007f954db50000)
  eden space 4802624K, 100% used [0x00007f8ff8600000, 0x00007f911d810000, 0x00007f911d810000)
  from space 600256K,  60% used [0x00007f9142240000, 0x00007f9158443748, 0x00007f9166c70000)
  to   space 600256K,   0% used [0x00007f911d810000, 0x00007f911d810000, 0x00007f9142240000)
 tenured generation   total 12006196K, used 8877966K [0x00007f954db50000, 0x00007f982a81d000, 0x00007f9ff8600000)
   the space 12006196K,  73% used [0x00007f954db50000, 0x00007f976b9338e0, 0x00007f976b933a00, 0x00007f982a81d000)
 Metaspace       used 30377K, capacity 30845K, committed 31232K, reserved 32768K
}
Event: 187.067 GC heap after
{Heap after GC invocations=47 (full 6):
 def new generation   total 5402880K, used 419159K [0x00007f8ff8600000, 0x00007f9166c70000, 0x00007f954db50000)
  eden space 4802624K,   0% used [0x00007f8ff8600000, 0x00007f8ff8600000, 0x00007f911d810000)
  from space 600256K,  69% used [0x00007f911d810000, 0x00007f9137165eb0, 0x00007f9142240000)
  to   space 600256K,   0% used [0x00007f9142240000, 0x00007f9142240000, 0x00007f9166c70000)
 tenured generation   total 12006196K, used 9240475K [0x00007f954db50000, 0x00007f982a81d000, 0x00007f9ff8600000)
   the space 12006196K,  76% used [0x00007f954db50000, 0x00007f9781b36d08, 0x00007f9781b36e00, 0x00007f982a81d000)
 Metaspace       used 30377K, capacity 30845K, committed 31232K, reserved 32768K
}
Event: 188.315 GC heap before
{Heap before GC invocations=47 (full 6):
 def new generation   total 5402880K, used 5221783K [0x00007f8ff8600000, 0x00007f9166c70000, 0x00007f954db50000)
  eden space 4802624K, 100% used [0x00007f8ff8600000, 0x00007f911d810000, 0x00007f911d810000)
  from space 600256K,  69% used [0x00007f911d810000, 0x00007f9137165eb0, 0x00007f9142240000)
  to   space 600256K,   0% used [0x00007f9142240000, 0x00007f9142240000, 0x00007f9166c70000)
 tenured generation   total 12006196K, used 9240475K [0x00007f954db50000, 0x00007f982a81d000, 0x00007f9ff8600000)
   the space 12006196K,  76% used [0x00007f954db50000, 0x00007f9781b36d08, 0x00007f9781b36e00, 0x00007f982a81d000)
 Metaspace       used 30377K, capacity 30845K, committed 31232K, reserved 32768K
}
Event: 189.316 GC heap after
{Heap after GC invocations=48 (full 6):
 def new generation   total 5402880K, used 366748K [0x00007f8ff8600000, 0x00007f9166c70000, 0x00007f954db50000)
  eden space 4802624K,   0% used [0x00007f8ff8600000, 0x00007f8ff8600000, 0x00007f911d810000)
  from space 600256K,  61% used [0x00007f9142240000, 0x00007f91588673c0, 0x00007f9166c70000)
  to   space 600256K,   0% used [0x00007f911d810000, 0x00007f911d810000, 0x00007f9142240000)
 tenured generation   total 12006196K, used 9659634K [0x00007f954db50000, 0x00007f982a81d000, 0x00007f9ff8600000)
   the space 12006196K,  80% used [0x00007f954db50000, 0x00007f979b48c818, 0x00007f979b48ca00, 0x00007f982a81d000)
 Metaspace       used 30377K, capacity 30845K, committed 31232K, reserved 32768K
}
Event: 190.598 GC heap before
{Heap before GC invocations=48 (full 6):
 def new generation   total 5402880K, used 5169372K [0x00007f8ff8600000, 0x00007f9166c70000, 0x00007f954db50000)
  eden space 4802624K, 100% used [0x00007f8ff8600000, 0x00007f911d810000, 0x00007f911d810000)
  from space 600256K,  61% used [0x00007f9142240000, 0x00007f91588673c0, 0x00007f9166c70000)
  to   space 600256K,   0% used [0x00007f911d810000, 0x00007f911d810000, 0x00007f9142240000)
 tenured generation   total 12006196K, used 9659634K [0x00007f954db50000, 0x00007f982a81d000, 0x00007f9ff8600000)
   the space 12006196K,  80% used [0x00007f954db50000, 0x00007f979b48c818, 0x00007f979b48ca00, 0x00007f982a81d000)
 Metaspace       used 30377K, capacity 30845K, committed 31232K, reserved 32768K
}
Event: 191.711 GC heap after
{Heap after GC invocations=49 (full 6):
 def new generation   total 5402880K, used 389763K [0x00007f8ff8600000, 0x00007f9166c70000, 0x00007f954db50000)
  eden space 4802624K,   0% used [0x00007f8ff8600000, 0x00007f8ff8600000, 0x00007f911d810000)
  from space 600256K,  64% used [0x00007f911d810000, 0x00007f91354b0d20, 0x00007f9142240000)
  to   space 600256K,   0% used [0x00007f9142240000, 0x00007f9142240000, 0x00007f9166c70000)
 tenured generation   total 12006196K, used 10026382K [0x00007f954db50000, 0x00007f982a81d000, 0x00007f9ff8600000)
   the space 12006196K,  83% used [0x00007f954db50000, 0x00007f97b1ab3918, 0x00007f97b1ab3a00, 0x00007f982a81d000)
 Metaspace       used 30377K, capacity 30845K, committed 31232K, reserved 32768K
}
Event: 192.919 GC heap before
{Heap before GC invocations=49 (full 6):
 def new generation   total 5402880K, used 5192387K [0x00007f8ff8600000, 0x00007f9166c70000, 0x00007f954db50000)
  eden space 4802624K, 100% used [0x00007f8ff8600000, 0x00007f911d810000, 0x00007f911d810000)
  from space 600256K,  64% used [0x00007f911d810000, 0x00007f91354b0d20, 0x00007f9142240000)
  to   space 600256K,   0% used [0x00007f9142240000, 0x00007f9142240000, 0x00007f9166c70000)
 tenured generation   total 12006196K, used 10026382K [0x00007f954db50000, 0x00007f982a81d000, 0x00007f9ff8600000)
   the space 12006196K,  83% used [0x00007f954db50000, 0x00007f97b1ab3918, 0x00007f97b1ab3a00, 0x00007f982a81d000)
 Metaspace       used 30377K, capacity 30845K, committed 31232K, reserved 32768K
}
Event: 193.887 GC heap after
{Heap after GC invocations=50 (full 6):
 def new generation   total 5402880K, used 350390K [0x00007f8ff8600000, 0x00007f9166c70000, 0x00007f954db50000)
  eden space 4802624K,   0% used [0x00007f8ff8600000, 0x00007f8ff8600000, 0x00007f911d810000)
  from space 600256K,  58% used [0x00007f9142240000, 0x00007f915786daf0, 0x00007f9166c70000)
  to   space 600256K,   0% used [0x00007f911d810000, 0x00007f911d810000, 0x00007f9142240000)
 tenured generation   total 12006196K, used 10416145K [0x00007f954db50000, 0x00007f982a81d000, 0x00007f9ff8600000)
   the space 12006196K,  86% used [0x00007f954db50000, 0x00007f97c9754538, 0x00007f97c9754600, 0x00007f982a81d000)
 Metaspace       used 30377K, capacity 30845K, committed 31232K, reserved 32768K
}
Event: 195.110 GC heap before
{Heap before GC invocations=50 (full 6):
 def new generation   total 5402880K, used 5153014K [0x00007f8ff8600000, 0x00007f9166c70000, 0x00007f954db50000)
  eden space 4802624K, 100% used [0x00007f8ff8600000, 0x00007f911d810000, 0x00007f911d810000)
  from space 600256K,  58% used [0x00007f9142240000, 0x00007f915786daf0, 0x00007f9166c70000)
  to   space 600256K,   0% used [0x00007f911d810000, 0x00007f911d810000, 0x00007f9142240000)
 tenured generation   total 12006196K, used 10416145K [0x00007f954db50000, 0x00007f982a81d000, 0x00007f9ff8600000)
   the space 12006196K,  86% used [0x00007f954db50000, 0x00007f97c9754538, 0x00007f97c9754600, 0x00007f982a81d000)
 Metaspace       used 30377K, capacity 30845K, committed 31232K, reserved 32768K
}
Event: 196.335 GC heap after
{Heap after GC invocations=51 (full 6):
 def new generation   total 5402880K, used 387315K [0x00007f8ff8600000, 0x00007f9166c70000, 0x00007f954db50000)
  eden space 4802624K,   0% used [0x00007f8ff8600000, 0x00007f8ff8600000, 0x00007f911d810000)
  from space 600256K,  64% used [0x00007f911d810000, 0x00007f913524cc38, 0x00007f9142240000)
  to   space 600256K,   0% used [0x00007f9142240000, 0x00007f9142240000, 0x00007f9166c70000)
 tenured generation   total 12006196K, used 10766535K [0x00007f954db50000, 0x00007f982a81d000, 0x00007f9ff8600000)
   the space 12006196K,  89% used [0x00007f954db50000, 0x00007f97ded81ec8, 0x00007f97ded82000, 0x00007f982a81d000)
 Metaspace       used 30377K, capacity 30845K, committed 31232K, reserved 32768K
}
Event: 200.681 GC heap before
{Heap before GC invocations=51 (full 6):
 def new generation   total 5402880K, used 5189939K [0x00007f8ff8600000, 0x00007f9166c70000, 0x00007f954db50000)
  eden space 4802624K, 100% used [0x00007f8ff8600000, 0x00007f911d810000, 0x00007f911d810000)
  from space 600256K,  64% used [0x00007f911d810000, 0x00007f913524cc38, 0x00007f9142240000)
  to   space 600256K,   0% used [0x00007f9142240000, 0x00007f9142240000, 0x00007f9166c70000)
 tenured generation   total 12006196K, used 10766535K [0x00007f954db50000, 0x00007f982a81d000, 0x00007f9ff8600000)
   the space 12006196K,  89% used [0x00007f954db50000, 0x00007f97ded81ec8, 0x00007f97ded82000, 0x00007f982a81d000)
 Metaspace       used 30377K, capacity 30845K, committed 31232K, reserved 32768K
}
Event: 202.068 GC heap after
{Heap after GC invocations=52 (full 6):
 def new generation   total 5402880K, used 385417K [0x00007f8ff8600000, 0x00007f9166c70000, 0x00007f954db50000)
  eden space 4802624K,   0% used [0x00007f8ff8600000, 0x00007f8ff8600000, 0x00007f911d810000)
  from space 600256K,  64% used [0x00007f9142240000, 0x00007f9159aa2758, 0x00007f9166c70000)
  to   space 600256K,   0% used [0x00007f911d810000, 0x00007f911d810000, 0x00007f9142240000)
 tenured generation   total 12006196K, used 11153850K [0x00007f954db50000, 0x00007f982a81d000, 0x00007f9ff8600000)
   the space 12006196K,  92% used [0x00007f954db50000, 0x00007f97f67be8a0, 0x00007f97f67bea00, 0x00007f982a81d000)
 Metaspace       used 30377K, capacity 30845K, committed 31232K, reserved 32768K
}
Event: 203.255 GC heap before
{Heap before GC invocations=52 (full 6):
 def new generation   total 5402880K, used 5188041K [0x00007f8ff8600000, 0x00007f9166c70000, 0x00007f954db50000)
  eden space 4802624K, 100% used [0x00007f8ff8600000, 0x00007f911d810000, 0x00007f911d810000)
  from space 600256K,  64% used [0x00007f9142240000, 0x00007f9159aa2758, 0x00007f9166c70000)
  to   space 600256K,   0% used [0x00007f911d810000, 0x00007f911d810000, 0x00007f9142240000)
 tenured generation   total 12006196K, used 11153850K [0x00007f954db50000, 0x00007f982a81d000, 0x00007f9ff8600000)
   the space 12006196K,  92% used [0x00007f954db50000, 0x00007f97f67be8a0, 0x00007f97f67bea00, 0x00007f982a81d000)
 Metaspace       used 30377K, capacity 30845K, committed 31232K, reserved 32768K
}
Event: 204.296 GC heap after
{Heap after GC invocations=53 (full 6):
 def new generation   total 5402880K, used 417011K [0x00007f8ff8600000, 0x00007f9166c70000, 0x00007f954db50000)
  eden space 4802624K,   0% used [0x00007f8ff8600000, 0x00007f8ff8600000, 0x00007f911d810000)
  from space 600256K,  69% used [0x00007f911d810000, 0x00007f9136f4cff8, 0x00007f9142240000)
  to   space 600256K,   0% used [0x00007f9142240000, 0x00007f9142240000, 0x00007f9166c70000)
 tenured generation   total 12006196K, used 11539267K [0x00007f954db50000, 0x00007f982a81d000, 0x00007f9ff8600000)
   the space 12006196K,  96% used [0x00007f954db50000, 0x00007f980e020d88, 0x00007f980e020e00, 0x00007f982a81d000)
 Metaspace       used 30377K, capacity 30845K, committed 31232K, reserved 32768K
}
Event: 205.484 GC heap before
{Heap before GC invocations=53 (full 6):
 def new generation   total 5402880K, used 5219635K [0x00007f8ff8600000, 0x00007f9166c70000, 0x00007f954db50000)
  eden space 4802624K, 100% used [0x00007f8ff8600000, 0x00007f911d810000, 0x00007f911d810000)
  from space 600256K,  69% used [0x00007f911d810000, 0x00007f9136f4cff8, 0x00007f9142240000)
  to   space 600256K,   0% used [0x00007f9142240000, 0x00007f9142240000, 0x00007f9166c70000)
 tenured generation   total 12006196K, used 11539267K [0x00007f954db50000, 0x00007f982a81d000, 0x00007f9ff8600000)
   the space 12006196K,  96% used [0x00007f954db50000, 0x00007f980e020d88, 0x00007f980e020e00, 0x00007f982a81d000)
 Metaspace       used 30377K, capacity 30845K, committed 31232K, reserved 32768K
}
Event: 206.575 GC heap after
{Heap after GC invocations=54 (full 6):
 def new generation   total 5402880K, used 432274K [0x00007f8ff8600000, 0x00007f9166c70000, 0x00007f954db50000)
  eden space 4802624K,   0% used [0x00007f8ff8600000, 0x00007f8ff8600000, 0x00007f911d810000)
  from space 600256K,  72% used [0x00007f9142240000, 0x00007f915c864bf8, 0x00007f9166c70000)
  to   space 600256K,   0% used [0x00007f911d810000, 0x00007f911d810000, 0x00007f9142240000)
 tenured generation   total 12006196K, used 11956278K [0x00007f954db50000, 0x00007f982a81d000, 0x00007f9ff8600000)
   the space 12006196K,  99% used [0x00007f954db50000, 0x00007f982775db20, 0x00007f982775dc00, 0x00007f982a81d000)
 Metaspace       used 30377K, capacity 30845K, committed 31232K, reserved 32768K
}
Event: 207.727 GC heap before
{Heap before GC invocations=54 (full 6):
 def new generation   total 5402880K, used 5234898K [0x00007f8ff8600000, 0x00007f9166c70000, 0x00007f954db50000)
  eden space 4802624K, 100% used [0x00007f8ff8600000, 0x00007f911d810000, 0x00007f911d810000)
  from space 600256K,  72% used [0x00007f9142240000, 0x00007f915c864bf8, 0x00007f9166c70000)
  to   space 600256K,   0% used [0x00007f911d810000, 0x00007f911d810000, 0x00007f9142240000)
 tenured generation   total 12006196K, used 11956278K [0x00007f954db50000, 0x00007f982a81d000, 0x00007f9ff8600000)
   the space 12006196K,  99% used [0x00007f954db50000, 0x00007f982775db20, 0x00007f982775dc00, 0x00007f982a81d000)
 Metaspace       used 30377K, capacity 30845K, committed 31232K, reserved 32768K
}
Event: 208.979 GC heap after
{Heap after GC invocations=55 (full 6):
 def new generation   total 5402880K, used 486587K [0x00007f8ff8600000, 0x00007f9166c70000, 0x00007f954db50000)
  eden space 4802624K,   0% used [0x00007f8ff8600000, 0x00007f8ff8600000, 0x00007f911d810000)
  from space 600256K,  81% used [0x00007f911d810000, 0x00007f913b33eea0, 0x00007f9142240000)
  to   space 600256K,   0% used [0x00007f9142240000, 0x00007f9142240000, 0x00007f9166c70000)
 tenured generation   total 12388660K, used 12388553K [0x00007f954db50000, 0x00007f9841d9d000, 0x00007f9ff8600000)
   the space 12388660K,  99% used [0x00007f954db50000, 0x00007f9841d82618, 0x00007f9841d82800, 0x00007f9841d9d000)
 Metaspace       used 30377K, capacity 30845K, committed 31232K, reserved 32768K
}
Event: 208.979 GC heap before
{Heap before GC invocations=55 (full 6):
 def new generation   total 5402880K, used 486587K [0x00007f8ff8600000, 0x00007f9166c70000, 0x00007f954db50000)
  eden space 4802624K,   0% used [0x00007f8ff8600000, 0x00007f8ff8600000, 0x00007f911d810000)
  from space 600256K,  81% used [0x00007f911d810000, 0x00007f913b33eea0, 0x00007f9142240000)
  to   space 600256K,   0% used [0x00007f9142240000, 0x00007f9142240000, 0x00007f9166c70000)
 tenured generation   total 12388660K, used 12388553K [0x00007f954db50000, 0x00007f9841d9d000, 0x00007f9ff8600000)
   the space 12388660K,  99% used [0x00007f954db50000, 0x00007f9841d82618, 0x00007f9841d82800, 0x00007f9841d9d000)
 Metaspace       used 30377K, capacity 30845K, committed 31232K, reserved 32768K
}

