# JRE version: OpenJDK Runtime Environment (13.0.7+5) (build 13.0.7+5-Ubuntu-0ubuntu120.04)
# Java VM: OpenJDK 64-Bit Server VM (13.0.7+5-Ubuntu-0ubuntu120.04, mixed mode, tiered, compressed oops, serial gc, linux-amd64)
Heap:
 def new generation   total 2274624K, used 0K [0x0000000080200000, 0x000000011a620000, 0x0000000300150000)
  eden space 2021888K,   0% used [0x0000000080200000, 0x0000000080200000, 0x00000000fb880000)
  from space 252736K,   0% used [0x00000000fb880000, 0x00000000fb880000, 0x000000010af50000)
  to   space 252736K,   0% used [0x000000010af50000, 0x000000010af50000, 0x000000011a620000)
 tenured generation   total 5101592K, used 3904078K [0x0000000300150000, 0x0000000437756000, 0x0000000800000000)
   the space 5101592K,  76% used [0x0000000300150000, 0x00000003ee5e3958, 0x00000003ee5e3a00, 0x0000000437756000)
 Metaspace       used 22683K, capacity 23231K, committed 23424K, reserved 1071104K
  class space    used 2354K, capacity 2568K, committed 2688K, reserved 1048576K
GC Heap History (20 events):
Event: 967.013 GC heap after
{Heap after GC invocations=772 (full 24):
 def new generation   total 2274624K, used 121243K [0x0000000080200000, 0x000000011a620000, 0x0000000300150000)
  eden space 2021888K,   0% used [0x0000000080200000, 0x0000000080200000, 0x00000000fb880000)
  from space 252736K,  47% used [0x000000010af50000, 0x00000001125b6de8, 0x000000011a620000)
  to   space 252736K,   0% used [0x00000000fb880000, 0x00000000fb880000, 0x000000010af50000)
 tenured generation   total 5054692K, used 4698535K [0x0000000300150000, 0x0000000434989000, 0x0000000800000000)
   the space 5054692K,  92% used [0x0000000300150000, 0x000000041edb9c10, 0x000000041edb9e00, 0x0000000434989000)
 Metaspace       used 22683K, capacity 23231K, committed 23424K, reserved 1071104K
  class space    used 2354K, capacity 2568K, committed 2688K, reserved 1048576K
}
Event: 968.469 GC heap before
{Heap before GC invocations=772 (full 24):
 def new generation   total 2274624K, used 2143131K [0x0000000080200000, 0x000000011a620000, 0x0000000300150000)
  eden space 2021888K, 100% used [0x0000000080200000, 0x00000000fb880000, 0x00000000fb880000)
  from space 252736K,  47% used [0x000000010af50000, 0x00000001125b6de8, 0x000000011a620000)
  to   space 252736K,   0% used [0x00000000fb880000, 0x00000000fb880000, 0x000000010af50000)
 tenured generation   total 5054692K, used 4698535K [0x0000000300150000, 0x0000000434989000, 0x0000000800000000)
   the space 5054692K,  92% used [0x0000000300150000, 0x000000041edb9c10, 0x000000041edb9e00, 0x0000000434989000)
 Metaspace       used 22683K, capacity 23231K, committed 23424K, reserved 1071104K
  class space    used 2354K, capacity 2568K, committed 2688K, reserved 1048576K
}
Event: 968.528 GC heap after
{Heap after GC invocations=773 (full 24):
 def new generation   total 2274624K, used 146777K [0x0000000080200000, 0x000000011a620000, 0x0000000300150000)
  eden space 2021888K,   0% used [0x0000000080200000, 0x0000000080200000, 0x00000000fb880000)
  from space 252736K,  58% used [0x00000000fb880000, 0x00000001047d64b0, 0x000000010af50000)
  to   space 252736K,   0% used [0x000000010af50000, 0x000000010af50000, 0x000000011a620000)
 tenured generation   total 5054692K, used 4698535K [0x0000000300150000, 0x0000000434989000, 0x0000000800000000)
   the space 5054692K,  92% used [0x0000000300150000, 0x000000041edb9c10, 0x000000041edb9e00, 0x0000000434989000)
 Metaspace       used 22683K, capacity 23231K, committed 23424K, reserved 1071104K
  class space    used 2354K, capacity 2568K, committed 2688K, reserved 1048576K
}
Event: 970.012 GC heap before
{Heap before GC invocations=773 (full 24):
 def new generation   total 2274624K, used 2168665K [0x0000000080200000, 0x000000011a620000, 0x0000000300150000)
  eden space 2021888K, 100% used [0x0000000080200000, 0x00000000fb880000, 0x00000000fb880000)
  from space 252736K,  58% used [0x00000000fb880000, 0x00000001047d64b0, 0x000000010af50000)
  to   space 252736K,   0% used [0x000000010af50000, 0x000000010af50000, 0x000000011a620000)
 tenured generation   total 5054692K, used 4698535K [0x0000000300150000, 0x0000000434989000, 0x0000000800000000)
   the space 5054692K,  92% used [0x0000000300150000, 0x000000041edb9c10, 0x000000041edb9e00, 0x0000000434989000)
 Metaspace       used 22683K, capacity 23231K, committed 23424K, reserved 1071104K
  class space    used 2354K, capacity 2568K, committed 2688K, reserved 1048576K
}
Event: 970.167 GC heap after
{Heap after GC invocations=774 (full 24):
 def new generation   total 2274624K, used 121240K [0x0000000080200000, 0x000000011a620000, 0x0000000300150000)
  eden space 2021888K,   0% used [0x0000000080200000, 0x0000000080200000, 0x00000000fb880000)
  from space 252736K,  47% used [0x000000010af50000, 0x00000001125b6008, 0x000000011a620000)
  to   space 252736K,   0% used [0x00000000fb880000, 0x00000000fb880000, 0x000000010af50000)
 tenured generation   total 5054692K, used 4844782K [0x0000000300150000, 0x0000000434989000, 0x0000000800000000)
   the space 5054692K,  95% used [0x0000000300150000, 0x0000000427c8b828, 0x0000000427c8ba00, 0x0000000434989000)
 Metaspace       used 22683K, capacity 23231K, committed 23424K, reserved 1071104K
  class space    used 2354K, capacity 2568K, committed 2688K, reserved 1048576K
}
Event: 971.645 GC heap before
{Heap before GC invocations=774 (full 24):
 def new generation   total 2274624K, used 2143128K [0x0000000080200000, 0x000000011a620000, 0x0000000300150000)
  eden space 2021888K, 100% used [0x0000000080200000, 0x00000000fb880000, 0x00000000fb880000)
  from space 252736K,  47% used [0x000000010af50000, 0x00000001125b6008, 0x000000011a620000)
  to   space 252736K,   0% used [0x00000000fb880000, 0x00000000fb880000, 0x000000010af50000)
 tenured generation   total 5054692K, used 4844782K [0x0000000300150000, 0x0000000434989000, 0x0000000800000000)
   the space 5054692K,  95% used [0x0000000300150000, 0x0000000427c8b828, 0x0000000427c8ba00, 0x0000000434989000)
 Metaspace       used 22683K, capacity 23231K, committed 23424K, reserved 1071104K
  class space    used 2354K, capacity 2568K, committed 2688K, reserved 1048576K
}
Event: 971.700 GC heap after
{Heap after GC invocations=775 (full 24):
 def new generation   total 2274624K, used 114123K [0x0000000080200000, 0x000000011a620000, 0x0000000300150000)
  eden space 2021888K,   0% used [0x0000000080200000, 0x0000000080200000, 0x00000000fb880000)
  from space 252736K,  45% used [0x00000000fb880000, 0x00000001027f2c48, 0x000000010af50000)
  to   space 252736K,   0% used [0x000000010af50000, 0x000000010af50000, 0x000000011a620000)
 tenured generation   total 5054692K, used 4844782K [0x0000000300150000, 0x0000000434989000, 0x0000000800000000)
   the space 5054692K,  95% used [0x0000000300150000, 0x0000000427c8b828, 0x0000000427c8ba00, 0x0000000434989000)
 Metaspace       used 22683K, capacity 23231K, committed 23424K, reserved 1071104K
  class space    used 2354K, capacity 2568K, committed 2688K, reserved 1048576K
}
Event: 973.162 GC heap before
{Heap before GC invocations=775 (full 24):
 def new generation   total 2274624K, used 2136011K [0x0000000080200000, 0x000000011a620000, 0x0000000300150000)
  eden space 2021888K, 100% used [0x0000000080200000, 0x00000000fb880000, 0x00000000fb880000)
  from space 252736K,  45% used [0x00000000fb880000, 0x00000001027f2c48, 0x000000010af50000)
  to   space 252736K,   0% used [0x000000010af50000, 0x000000010af50000, 0x000000011a620000)
 tenured generation   total 5054692K, used 4844782K [0x0000000300150000, 0x0000000434989000, 0x0000000800000000)
   the space 5054692K,  95% used [0x0000000300150000, 0x0000000427c8b828, 0x0000000427c8ba00, 0x0000000434989000)
 Metaspace       used 22683K, capacity 23231K, committed 23424K, reserved 1071104K
  class space    used 2354K, capacity 2568K, committed 2688K, reserved 1048576K
}
Event: 973.299 GC heap after
{Heap after GC invocations=776 (full 24):
 def new generation   total 2274624K, used 233816K [0x0000000080200000, 0x000000011a620000, 0x0000000300150000)
  eden space 2021888K,   0% used [0x0000000080200000, 0x0000000080200000, 0x00000000fb880000)
  from space 252736K,  92% used [0x000000010af50000, 0x00000001193a6020, 0x000000011a620000)
  to   space 252736K,   0% used [0x00000000fb880000, 0x00000000fb880000, 0x000000010af50000)
 tenured generation   total 5054692K, used 4844782K [0x0000000300150000, 0x0000000434989000, 0x0000000800000000)
   the space 5054692K,  95% used [0x0000000300150000, 0x0000000427c8b828, 0x0000000427c8ba00, 0x0000000434989000)
 Metaspace       used 22683K, capacity 23231K, committed 23424K, reserved 1071104K
  class space    used 2354K, capacity 2568K, committed 2688K, reserved 1048576K
}
Event: 974.738 GC heap before
{Heap before GC invocations=776 (full 24):
 def new generation   total 2274624K, used 2255704K [0x0000000080200000, 0x000000011a620000, 0x0000000300150000)
  eden space 2021888K, 100% used [0x0000000080200000, 0x00000000fb880000, 0x00000000fb880000)
  from space 252736K,  92% used [0x000000010af50000, 0x00000001193a6020, 0x000000011a620000)
  to   space 252736K,   0% used [0x00000000fb880000, 0x00000000fb880000, 0x000000010af50000)
 tenured generation   total 5054692K, used 4844782K [0x0000000300150000, 0x0000000434989000, 0x0000000800000000)
   the space 5054692K,  95% used [0x0000000300150000, 0x0000000427c8b828, 0x0000000427c8ba00, 0x0000000434989000)
 Metaspace       used 22683K, capacity 23231K, committed 23424K, reserved 1071104K
  class space    used 2354K, capacity 2568K, committed 2688K, reserved 1048576K
}
Event: 974.797 GC heap after
{Heap after GC invocations=777 (full 24):
 def new generation   total 2274624K, used 57713K [0x0000000080200000, 0x000000011a620000, 0x0000000300150000)
  eden space 2021888K,   0% used [0x0000000080200000, 0x0000000080200000, 0x00000000fb880000)
  from space 252736K,  22% used [0x00000000fb880000, 0x00000000ff0dc628, 0x000000010af50000)
  to   space 252736K,   0% used [0x000000010af50000, 0x000000010af50000, 0x000000011a620000)
 tenured generation   total 5054692K, used 4888091K [0x0000000300150000, 0x0000000434989000, 0x0000000800000000)
   the space 5054692K,  96% used [0x0000000300150000, 0x000000042a6d6c00, 0x000000042a6d6c00, 0x0000000434989000)
 Metaspace       used 22683K, capacity 23231K, committed 23424K, reserved 1071104K
  class space    used 2354K, capacity 2568K, committed 2688K, reserved 1048576K
}
Event: 976.241 GC heap before
{Heap before GC invocations=777 (full 24):
 def new generation   total 2274624K, used 2079601K [0x0000000080200000, 0x000000011a620000, 0x0000000300150000)
  eden space 2021888K, 100% used [0x0000000080200000, 0x00000000fb880000, 0x00000000fb880000)
  from space 252736K,  22% used [0x00000000fb880000, 0x00000000ff0dc628, 0x000000010af50000)
  to   space 252736K,   0% used [0x000000010af50000, 0x000000010af50000, 0x000000011a620000)
 tenured generation   total 5054692K, used 4888091K [0x0000000300150000, 0x0000000434989000, 0x0000000800000000)
   the space 5054692K,  96% used [0x0000000300150000, 0x000000042a6d6c00, 0x000000042a6d6c00, 0x0000000434989000)
 Metaspace       used 22683K, capacity 23231K, committed 23424K, reserved 1071104K
  class space    used 2354K, capacity 2568K, committed 2688K, reserved 1048576K
}
Event: 976.344 GC heap after
{Heap after GC invocations=778 (full 24):
 def new generation   total 2274624K, used 177924K [0x0000000080200000, 0x000000011a620000, 0x0000000300150000)
  eden space 2021888K,   0% used [0x0000000080200000, 0x0000000080200000, 0x00000000fb880000)
  from space 252736K,  70% used [0x000000010af50000, 0x0000000115d11330, 0x000000011a620000)
  to   space 252736K,   0% used [0x00000000fb880000, 0x00000000fb880000, 0x000000010af50000)
 tenured generation   total 5054692K, used 4888091K [0x0000000300150000, 0x0000000434989000, 0x0000000800000000)
   the space 5054692K,  96% used [0x0000000300150000, 0x000000042a6d6c00, 0x000000042a6d6c00, 0x0000000434989000)
 Metaspace       used 22683K, capacity 23231K, committed 23424K, reserved 1071104K
  class space    used 2354K, capacity 2568K, committed 2688K, reserved 1048576K
}
Event: 977.817 GC heap before
{Heap before GC invocations=778 (full 24):
 def new generation   total 2274624K, used 2199812K [0x0000000080200000, 0x000000011a620000, 0x0000000300150000)
  eden space 2021888K, 100% used [0x0000000080200000, 0x00000000fb880000, 0x00000000fb880000)
  from space 252736K,  70% used [0x000000010af50000, 0x0000000115d11330, 0x000000011a620000)
  to   space 252736K,   0% used [0x00000000fb880000, 0x00000000fb880000, 0x000000010af50000)
 tenured generation   total 5054692K, used 4888091K [0x0000000300150000, 0x0000000434989000, 0x0000000800000000)
   the space 5054692K,  96% used [0x0000000300150000, 0x000000042a6d6c00, 0x000000042a6d6c00, 0x0000000434989000)
 Metaspace       used 22683K, capacity 23231K, committed 23424K, reserved 1071104K
  class space    used 2354K, capacity 2568K, committed 2688K, reserved 1048576K
}
Event: 978.049 GC heap after
{Heap after GC invocations=779 (full 24):
 def new generation   total 2274624K, used 241457K [0x0000000080200000, 0x000000011a620000, 0x0000000300150000)
  eden space 2021888K,   0% used [0x0000000080200000, 0x0000000080200000, 0x00000000fb880000)
  from space 252736K,  95% used [0x00000000fb880000, 0x000000010a44c488, 0x000000010af50000)
  to   space 252736K,   0% used [0x000000010af50000, 0x000000010af50000, 0x000000011a620000)
 tenured generation   total 5054692K, used 4944776K [0x0000000300150000, 0x0000000434989000, 0x0000000800000000)
   the space 5054692K,  97% used [0x0000000300150000, 0x000000042de320e8, 0x000000042de32200, 0x0000000434989000)
 Metaspace       used 22683K, capacity 23231K, committed 23424K, reserved 1071104K
  class space    used 2354K, capacity 2568K, committed 2688K, reserved 1048576K
}
Event: 979.503 GC heap before
{Heap before GC invocations=779 (full 24):
 def new generation   total 2274624K, used 2263345K [0x0000000080200000, 0x000000011a620000, 0x0000000300150000)
  eden space 2021888K, 100% used [0x0000000080200000, 0x00000000fb880000, 0x00000000fb880000)
  from space 252736K,  95% used [0x00000000fb880000, 0x000000010a44c488, 0x000000010af50000)
  to   space 252736K,   0% used [0x000000010af50000, 0x000000010af50000, 0x000000011a620000)
 tenured generation   total 5054692K, used 4944776K [0x0000000300150000, 0x0000000434989000, 0x0000000800000000)
   the space 5054692K,  97% used [0x0000000300150000, 0x000000042de320e8, 0x000000042de32200, 0x0000000434989000)
 Metaspace       used 22683K, capacity 23231K, committed 23424K, reserved 1071104K
  class space    used 2354K, capacity 2568K, committed 2688K, reserved 1048576K
}
Event: 979.633 GC heap after
{Heap after GC invocations=780 (full 24):
 def new generation   total 2274624K, used 153575K [0x0000000080200000, 0x000000011a620000, 0x0000000300150000)
  eden space 2021888K,   0% used [0x0000000080200000, 0x0000000080200000, 0x00000000fb880000)
  from space 252736K,  60% used [0x000000010af50000, 0x0000000114549eb0, 0x000000011a620000)
  to   space 252736K,   0% used [0x00000000fb880000, 0x00000000fb880000, 0x000000010af50000)
 tenured generation   total 5054692K, used 4948401K [0x0000000300150000, 0x0000000434989000, 0x0000000800000000)
   the space 5054692K,  97% used [0x0000000300150000, 0x000000042e1bc438, 0x000000042e1bc600, 0x0000000434989000)
 Metaspace       used 22683K, capacity 23231K, committed 23424K, reserved 1071104K
  class space    used 2354K, capacity 2568K, committed 2688K, reserved 1048576K
}
Event: 981.102 GC heap before
{Heap before GC invocations=780 (full 24):
 def new generation   total 2274624K, used 2175463K [0x0000000080200000, 0x000000011a620000, 0x0000000300150000)
  eden space 2021888K, 100% used [0x0000000080200000, 0x00000000fb880000, 0x00000000fb880000)
  from space 252736K,  60% used [0x000000010af50000, 0x0000000114549eb0, 0x000000011a620000)
  to   space 252736K,   0% used [0x00000000fb880000, 0x00000000fb880000, 0x000000010af50000)
 tenured generation   total 5054692K, used 4948401K [0x0000000300150000, 0x0000000434989000, 0x0000000800000000)
   the space 5054692K,  97% used [0x0000000300150000, 0x000000042e1bc438, 0x000000042e1bc600, 0x0000000434989000)
 Metaspace       used 22683K, capacity 23231K, committed 23424K, reserved 1071104K
  class space    used 2354K, capacity 2568K, committed 2688K, reserved 1048576K
}
Event: 981.261 GC heap after
{Heap after GC invocations=781 (full 24):
 def new generation   total 2274624K, used 121240K [0x0000000080200000, 0x000000011a620000, 0x0000000300150000)
  eden space 2021888K,   0% used [0x0000000080200000, 0x0000000080200000, 0x00000000fb880000)
  from space 252736K,  47% used [0x00000000fb880000, 0x0000000102ee61a0, 0x000000010af50000)
  to   space 252736K,   0% used [0x000000010af50000, 0x000000010af50000, 0x000000011a620000)
 tenured generation   total 5101592K, used 5101459K [0x0000000300150000, 0x0000000437756000, 0x0000000800000000)
   the space 5101592K,  99% used [0x0000000300150000, 0x0000000437734e80, 0x0000000437735000, 0x0000000437756000)
 Metaspace       used 22683K, capacity 23231K, committed 23424K, reserved 1071104K
  class space    used 2354K, capacity 2568K, committed 2688K, reserved 1048576K
}
Event: 981.261 GC heap before
{Heap before GC invocations=781 (full 24):
 def new generation   total 2274624K, used 121240K [0x0000000080200000, 0x000000011a620000, 0x0000000300150000)
  eden space 2021888K,   0% used [0x0000000080200000, 0x0000000080200000, 0x00000000fb880000)
  from space 252736K,  47% used [0x00000000fb880000, 0x0000000102ee61a0, 0x000000010af50000)
  to   space 252736K,   0% used [0x000000010af50000, 0x000000010af50000, 0x000000011a620000)
 tenured generation   total 5101592K, used 5101459K [0x0000000300150000, 0x0000000437756000, 0x0000000800000000)
   the space 5101592K,  99% used [0x0000000300150000, 0x0000000437734e80, 0x0000000437735000, 0x0000000437756000)
 Metaspace       used 22683K, capacity 23231K, committed 23424K, reserved 1071104K
  class space    used 2354K, capacity 2568K, committed 2688K, reserved 1048576K
}

