# JRE version: OpenJDK Runtime Environment (13.0.7+5) (build 13.0.7+5-Ubuntu-0ubuntu120.04)
# Java VM: OpenJDK 64-Bit Server VM (13.0.7+5-Ubuntu-0ubuntu120.04, mixed mode, tiered, serial gc, linux-amd64)
Heap:
 def new generation   total 3156864K, used 0K [0x00007f62fc600000, 0x00007f63d2760000, 0x00007f6851b50000)
  eden space 2806144K,   0% used [0x00007f62fc600000, 0x00007f62fc600000, 0x00007f63a7a60000)
  from space 350720K,   0% used [0x00007f63bd0e0000, 0x00007f63bd0e0000, 0x00007f63d2760000)
  to   space 350720K,   0% used [0x00007f63a7a60000, 0x00007f63a7a60000, 0x00007f63bd0e0000)
 tenured generation   total 15403668K, used 8397992K [0x00007f6851b50000, 0x00007f6bfddf5000, 0x00007f72fc600000)
   the space 15403668K,  54% used [0x00007f6851b50000, 0x00007f6a5247a2d8, 0x00007f6a5247a400, 0x00007f6bfddf5000)
 Metaspace       used 23130K, capacity 23466K, committed 23552K, reserved 24576K
GC Heap History (19 events):
Event: 2.873 GC heap before
{Heap before GC invocations=0 (full 0):
 def new generation   total 629120K, used 100662K [0x00007f62fc600000, 0x00007f63270a0000, 0x00007f6851b50000)
  eden space 559232K,  18% used [0x00007f62fc600000, 0x00007f630284d938, 0x00007f631e820000)
  from space 69888K,   0% used [0x00007f631e820000, 0x00007f631e820000, 0x00007f6322c60000)
  to   space 69888K,   0% used [0x00007f6322c60000, 0x00007f6322c60000, 0x00007f63270a0000)
 tenured generation   total 1398144K, used 0K [0x00007f6851b50000, 0x00007f68a70b0000, 0x00007f72fc600000)
   the space 1398144K,   0% used [0x00007f6851b50000, 0x00007f6851b50000, 0x00007f6851b50200, 0x00007f68a70b0000)
 Metaspace       used 20906K, capacity 21207K, committed 21248K, reserved 22528K
}
Event: 2.919 GC heap after
{Heap after GC invocations=1 (full 1):
 def new generation   total 629248K, used 0K [0x00007f62fc600000, 0x00007f63270c0000, 0x00007f6851b50000)
  eden space 559360K,   0% used [0x00007f62fc600000, 0x00007f62fc600000, 0x00007f631e840000)
  from space 69888K,   0% used [0x00007f631e840000, 0x00007f631e840000, 0x00007f6322c80000)
  to   space 69888K,   0% used [0x00007f6322c80000, 0x00007f6322c80000, 0x00007f63270c0000)
 tenured generation   total 1398144K, used 13582K [0x00007f6851b50000, 0x00007f68a70b0000, 0x00007f72fc600000)
   the space 1398144K,   0% used [0x00007f6851b50000, 0x00007f6852893818, 0x00007f6852893a00, 0x00007f68a70b0000)
 Metaspace       used 20906K, capacity 21207K, committed 21248K, reserved 22528K
}
Event: 4.527 GC heap before
{Heap before GC invocations=1 (full 1):
 def new generation   total 629248K, used 559360K [0x00007f62fc600000, 0x00007f63270c0000, 0x00007f6851b50000)
  eden space 559360K, 100% used [0x00007f62fc600000, 0x00007f631e840000, 0x00007f631e840000)
  from space 69888K,   0% used [0x00007f631e840000, 0x00007f631e840000, 0x00007f6322c80000)
  to   space 69888K,   0% used [0x00007f6322c80000, 0x00007f6322c80000, 0x00007f63270c0000)
 tenured generation   total 1398144K, used 13582K [0x00007f6851b50000, 0x00007f68a70b0000, 0x00007f72fc600000)
   the space 1398144K,   0% used [0x00007f6851b50000, 0x00007f6852893818, 0x00007f6852893a00, 0x00007f68a70b0000)
 Metaspace       used 22933K, capacity 23315K, committed 23552K, reserved 24576K
}
Event: 4.534 GC heap after
{Heap after GC invocations=2 (full 1):
 def new generation   total 629248K, used 758K [0x00007f62fc600000, 0x00007f63270c0000, 0x00007f6851b50000)
  eden space 559360K,   0% used [0x00007f62fc600000, 0x00007f62fc600000, 0x00007f631e840000)
  from space 69888K,   1% used [0x00007f6322c80000, 0x00007f6322d3d8b0, 0x00007f63270c0000)
  to   space 69888K,   0% used [0x00007f631e840000, 0x00007f631e840000, 0x00007f6322c80000)
 tenured generation   total 1398144K, used 13582K [0x00007f6851b50000, 0x00007f68a70b0000, 0x00007f72fc600000)
   the space 1398144K,   0% used [0x00007f6851b50000, 0x00007f6852893818, 0x00007f6852893a00, 0x00007f68a70b0000)
 Metaspace       used 22933K, capacity 23315K, committed 23552K, reserved 24576K
}
Event: 5.410 GC heap before
{Heap before GC invocations=2 (full 1):
 def new generation   total 629248K, used 370874K [0x00007f62fc600000, 0x00007f63270c0000, 0x00007f6851b50000)
  eden space 559360K,  66% used [0x00007f62fc600000, 0x00007f6312f70fb8, 0x00007f631e840000)
  from space 69888K,   1% used [0x00007f6322c80000, 0x00007f6322d3d8b0, 0x00007f63270c0000)
  to   space 69888K,   0% used [0x00007f631e840000, 0x00007f631e840000, 0x00007f6322c80000)
 tenured generation   total 1398144K, used 13582K [0x00007f6851b50000, 0x00007f68a70b0000, 0x00007f72fc600000)
   the space 1398144K,   0% used [0x00007f6851b50000, 0x00007f6852893818, 0x00007f6852893a00, 0x00007f68a70b0000)
 Metaspace       used 23126K, capacity 23466K, committed 23552K, reserved 24576K
}
Event: 5.417 GC heap after
{Heap after GC invocations=3 (full 1):
 def new generation   total 629248K, used 2172K [0x00007f62fc600000, 0x00007f63270c0000, 0x00007f6851b50000)
  eden space 559360K,   0% used [0x00007f62fc600000, 0x00007f62fc600000, 0x00007f631e840000)
  from space 69888K,   3% used [0x00007f631e840000, 0x00007f631ea5f148, 0x00007f6322c80000)
  to   space 69888K,   0% used [0x00007f6322c80000, 0x00007f6322c80000, 0x00007f63270c0000)
 tenured generation   total 1398144K, used 13582K [0x00007f6851b50000, 0x00007f68a70b0000, 0x00007f72fc600000)
   the space 1398144K,   0% used [0x00007f6851b50000, 0x00007f6852893818, 0x00007f6852893a00, 0x00007f68a70b0000)
 Metaspace       used 23126K, capacity 23466K, committed 23552K, reserved 24576K
}
Event: 6.530 GC heap before
{Heap before GC invocations=3 (full 1):
 def new generation   total 629248K, used 561532K [0x00007f62fc600000, 0x00007f63270c0000, 0x00007f6851b50000)
  eden space 559360K, 100% used [0x00007f62fc600000, 0x00007f631e840000, 0x00007f631e840000)
  from space 69888K,   3% used [0x00007f631e840000, 0x00007f631ea5f148, 0x00007f6322c80000)
  to   space 69888K,   0% used [0x00007f6322c80000, 0x00007f6322c80000, 0x00007f63270c0000)
 tenured generation   total 1398144K, used 13582K [0x00007f6851b50000, 0x00007f68a70b0000, 0x00007f72fc600000)
   the space 1398144K,   0% used [0x00007f6851b50000, 0x00007f6852893818, 0x00007f6852893a00, 0x00007f68a70b0000)
 Metaspace       used 23130K, capacity 23466K, committed 23552K, reserved 24576K
}
Event: 6.534 GC heap after
{Heap after GC invocations=4 (full 1):
 def new generation   total 629248K, used 1284K [0x00007f62fc600000, 0x00007f63270c0000, 0x00007f6851b50000)
  eden space 559360K,   0% used [0x00007f62fc600000, 0x00007f62fc600000, 0x00007f631e840000)
  from space 69888K,   1% used [0x00007f6322c80000, 0x00007f6322dc10a0, 0x00007f63270c0000)
  to   space 69888K,   0% used [0x00007f631e840000, 0x00007f631e840000, 0x00007f6322c80000)
 tenured generation   total 1398144K, used 13582K [0x00007f6851b50000, 0x00007f68a70b0000, 0x00007f72fc600000)
   the space 1398144K,   0% used [0x00007f6851b50000, 0x00007f6852893818, 0x00007f6852893a00, 0x00007f68a70b0000)
 Metaspace       used 23130K, capacity 23466K, committed 23552K, reserved 24576K
}
Event: 8.438 GC heap before
{Heap before GC invocations=4 (full 1):
 def new generation   total 629248K, used 77822K [0x00007f62fc600000, 0x00007f63270c0000, 0x00007f6851b50000)
  eden space 559360K,  13% used [0x00007f62fc600000, 0x00007f63010be910, 0x00007f631e840000)
  from space 69888K,   1% used [0x00007f6322c80000, 0x00007f6322dc10a0, 0x00007f63270c0000)
  to   space 69888K,   0% used [0x00007f631e840000, 0x00007f631e840000, 0x00007f6322c80000)
 tenured generation   total 1398144K, used 1062158K [0x00007f6851b50000, 0x00007f68a70b0000, 0x00007f72fc600000)
   the space 1398144K,  75% used [0x00007f6851b50000, 0x00007f6892893830, 0x00007f6892893a00, 0x00007f68a70b0000)
 Metaspace       used 23130K, capacity 23466K, committed 23552K, reserved 24576K
}
Event: 8.445 GC heap after
{Heap after GC invocations=5 (full 1):
 def new generation   total 629248K, used 1156K [0x00007f62fc600000, 0x00007f63270c0000, 0x00007f6851b50000)
  eden space 559360K,   0% used [0x00007f62fc600000, 0x00007f62fc600000, 0x00007f631e840000)
  from space 69888K,   1% used [0x00007f631e840000, 0x00007f631e9610b8, 0x00007f6322c80000)
  to   space 69888K,   0% used [0x00007f6322c80000, 0x00007f6322c80000, 0x00007f63270c0000)
 tenured generation   total 1398144K, used 1062158K [0x00007f6851b50000, 0x00007f68a70b0000, 0x00007f72fc600000)
   the space 1398144K,  75% used [0x00007f6851b50000, 0x00007f6892893830, 0x00007f6892893a00, 0x00007f68a70b0000)
 Metaspace       used 23130K, capacity 23466K, committed 23552K, reserved 24576K
}
Event: 8.445 GC heap before
{Heap before GC invocations=5 (full 1):
 def new generation   total 629248K, used 1156K [0x00007f62fc600000, 0x00007f63270c0000, 0x00007f6851b50000)
  eden space 559360K,   0% used [0x00007f62fc600000, 0x00007f62fc600000, 0x00007f631e840000)
  from space 69888K,   1% used [0x00007f631e840000, 0x00007f631e9610b8, 0x00007f6322c80000)
  to   space 69888K,   0% used [0x00007f6322c80000, 0x00007f6322c80000, 0x00007f63270c0000)
 tenured generation   total 1398144K, used 1062158K [0x00007f6851b50000, 0x00007f68a70b0000, 0x00007f72fc600000)
   the space 1398144K,  75% used [0x00007f6851b50000, 0x00007f6892893830, 0x00007f6892893a00, 0x00007f68a70b0000)
 Metaspace       used 23130K, capacity 23466K, committed 23552K, reserved 24576K
}
Event: 8.495 GC heap after
{Heap after GC invocations=5 (full 2):
 def new generation   total 797568K, used 0K [0x00007f62fc600000, 0x00007f6332760000, 0x00007f6851b50000)
  eden space 708992K,   0% used [0x00007f62fc600000, 0x00007f62fc600000, 0x00007f6327a60000)
  from space 88576K,   0% used [0x00007f6327a60000, 0x00007f6327a60000, 0x00007f632d0e0000)
  to   space 88576K,   0% used [0x00007f632d0e0000, 0x00007f632d0e0000, 0x00007f6332760000)
 tenured generation   total 1772176K, used 1063305K [0x00007f6851b50000, 0x00007f68bddf4000, 0x00007f72fc600000)
   the space 1772176K,  59% used [0x00007f6851b50000, 0x00007f68929b2468, 0x00007f68929b2600, 0x00007f68bddf4000)
 Metaspace       used 23130K, capacity 23466K, committed 23552K, reserved 24576K
}
Event: 16.074 GC heap before
{Heap before GC invocations=5 (full 2):
 def new generation   total 797568K, used 13945K [0x00007f62fc600000, 0x00007f6332760000, 0x00007f6851b50000)
  eden space 708992K,   1% used [0x00007f62fc600000, 0x00007f62fd39e528, 0x00007f6327a60000)
  from space 88576K,   0% used [0x00007f6327a60000, 0x00007f6327a60000, 0x00007f632d0e0000)
  to   space 88576K,   0% used [0x00007f632d0e0000, 0x00007f632d0e0000, 0x00007f6332760000)
 tenured generation   total 5966484K, used 5257609K [0x00007f6851b50000, 0x00007f69bddf5000, 0x00007f72fc600000)
   the space 5966484K,  88% used [0x00007f6851b50000, 0x00007f69929b2480, 0x00007f69929b2600, 0x00007f69bddf5000)
 Metaspace       used 23130K, capacity 23466K, committed 23552K, reserved 24576K
}
Event: 16.083 GC heap after
{Heap after GC invocations=6 (full 2):
 def new generation   total 797568K, used 0K [0x00007f62fc600000, 0x00007f6332760000, 0x00007f6851b50000)
  eden space 708992K,   0% used [0x00007f62fc600000, 0x00007f62fc600000, 0x00007f6327a60000)
  from space 88576K,   0% used [0x00007f632d0e0000, 0x00007f632d0e0368, 0x00007f6332760000)
  to   space 88576K,   0% used [0x00007f6327a60000, 0x00007f6327a60000, 0x00007f632d0e0000)
 tenured generation   total 5966484K, used 5257609K [0x00007f6851b50000, 0x00007f69bddf5000, 0x00007f72fc600000)
   the space 5966484K,  88% used [0x00007f6851b50000, 0x00007f69929b2480, 0x00007f69929b2600, 0x00007f69bddf5000)
 Metaspace       used 23130K, capacity 23466K, committed 23552K, reserved 24576K
}
Event: 16.083 GC heap before
{Heap before GC invocations=6 (full 2):
 def new generation   total 797568K, used 0K [0x00007f62fc600000, 0x00007f6332760000, 0x00007f6851b50000)
  eden space 708992K,   0% used [0x00007f62fc600000, 0x00007f62fc600000, 0x00007f6327a60000)
  from space 88576K,   0% used [0x00007f632d0e0000, 0x00007f632d0e0368, 0x00007f6332760000)
  to   space 88576K,   0% used [0x00007f6327a60000, 0x00007f6327a60000, 0x00007f632d0e0000)
 tenured generation   total 5966484K, used 5257609K [0x00007f6851b50000, 0x00007f69bddf5000, 0x00007f72fc600000)
   the space 5966484K,  88% used [0x00007f6851b50000, 0x00007f69929b2480, 0x00007f69929b2600, 0x00007f69bddf5000)
 Metaspace       used 23130K, capacity 23466K, committed 23552K, reserved 24576K
}
Event: 20.005 GC heap after
{Heap after GC invocations=6 (full 3):
 def new generation   total 3156864K, used 0K [0x00007f62fc600000, 0x00007f63d2760000, 0x00007f6851b50000)
  eden space 2806144K,   0% used [0x00007f62fc600000, 0x00007f62fc600000, 0x00007f63a7a60000)
  from space 350720K,   0% used [0x00007f63a7a60000, 0x00007f63a7a60000, 0x00007f63bd0e0000)
  to   space 350720K,   0% used [0x00007f63bd0e0000, 0x00007f63bd0e0000, 0x00007f63d2760000)
 tenured generation   total 7015056K, used 4209032K [0x00007f6851b50000, 0x00007f69fddf4000, 0x00007f72fc600000)
   the space 7015056K,  59% used [0x00007f6851b50000, 0x00007f69529b2360, 0x00007f69529b2400, 0x00007f69fddf4000)
 Metaspace       used 23130K, capacity 23466K, committed 23552K, reserved 24576K
}
Event: 44.798 GC heap before
{Heap before GC invocations=6 (full 3):
 def new generation   total 3156864K, used 55194K [0x00007f62fc600000, 0x00007f63d2760000, 0x00007f6851b50000)
  eden space 2806144K,   1% used [0x00007f62fc600000, 0x00007f62ffbe69b0, 0x00007f63a7a60000)
  from space 350720K,   0% used [0x00007f63a7a60000, 0x00007f63a7a60000, 0x00007f63bd0e0000)
  to   space 350720K,   0% used [0x00007f63bd0e0000, 0x00007f63bd0e0000, 0x00007f63d2760000)
 tenured generation   total 15403668K, used 12597640K [0x00007f6851b50000, 0x00007f6bfddf5000, 0x00007f72fc600000)
   the space 15403668K,  81% used [0x00007f6851b50000, 0x00007f6b529b2378, 0x00007f6b529b2400, 0x00007f6bfddf5000)
 Metaspace       used 23130K, capacity 23466K, committed 23552K, reserved 24576K
}
Event: 44.880 GC heap after
{Heap after GC invocations=7 (full 3):
 def new generation   total 3156864K, used 0K [0x00007f62fc600000, 0x00007f63d2760000, 0x00007f6851b50000)
  eden space 2806144K,   0% used [0x00007f62fc600000, 0x00007f62fc600000, 0x00007f63a7a60000)
  from space 350720K,   0% used [0x00007f63bd0e0000, 0x00007f63bd0e0230, 0x00007f63d2760000)
  to   space 350720K,   0% used [0x00007f63a7a60000, 0x00007f63a7a60000, 0x00007f63bd0e0000)
 tenured generation   total 15403668K, used 12597640K [0x00007f6851b50000, 0x00007f6bfddf5000, 0x00007f72fc600000)
   the space 15403668K,  81% used [0x00007f6851b50000, 0x00007f6b529b2378, 0x00007f6b529b2400, 0x00007f6bfddf5000)
 Metaspace       used 23130K, capacity 23466K, committed 23552K, reserved 24576K
}
Event: 44.880 GC heap before
{Heap before GC invocations=7 (full 3):
 def new generation   total 3156864K, used 0K [0x00007f62fc600000, 0x00007f63d2760000, 0x00007f6851b50000)
  eden space 2806144K,   0% used [0x00007f62fc600000, 0x00007f62fc600000, 0x00007f63a7a60000)
  from space 350720K,   0% used [0x00007f63bd0e0000, 0x00007f63bd0e0230, 0x00007f63d2760000)
  to   space 350720K,   0% used [0x00007f63a7a60000, 0x00007f63a7a60000, 0x00007f63bd0e0000)
 tenured generation   total 15403668K, used 12597640K [0x00007f6851b50000, 0x00007f6bfddf5000, 0x00007f72fc600000)
   the space 15403668K,  81% used [0x00007f6851b50000, 0x00007f6b529b2378, 0x00007f6b529b2400, 0x00007f6bfddf5000)
 Metaspace       used 23130K, capacity 23466K, committed 23552K, reserved 24576K
}

