# JRE version: OpenJDK Runtime Environment (13.0.7+5) (build 13.0.7+5-Ubuntu-0ubuntu120.04)
# Java VM: OpenJDK 64-Bit Server VM (13.0.7+5-Ubuntu-0ubuntu120.04, mixed mode, tiered, serial gc, linux-amd64)
Heap:
 def new generation   total 4861056K, used 79769K [0x00007eecbc600000, 0x00007eee06090000, 0x00007ef211b50000)
  eden space 4320960K,   1% used [0x00007eecbc600000, 0x00007eecc13e6780, 0x00007eedc41b0000)
  from space 540096K,   0% used [0x00007eedc41b0000, 0x00007eedc41b0000, 0x00007eede5120000)
  to   space 540096K,   0% used [0x00007eede5120000, 0x00007eede5120000, 0x00007eee06090000)
 tenured generation   total 10804328K, used 10804327K [0x00007ef211b50000, 0x00007ef4a526a000, 0x00007efcbc600000)
   the space 10804328K,  99% used [0x00007ef211b50000, 0x00007ef4a5269fd0, 0x00007ef4a526a000, 0x00007ef4a526a000)
 Metaspace       used 24379K, capacity 24853K, committed 25088K, reserved 26624K
GC Heap History (20 events):
Event: 9228.955 GC heap after
{Heap after GC invocations=5825 (full 5):
 def new generation   total 4861056K, used 76678K [0x00007eecbc600000, 0x00007eee06090000, 0x00007ef211b50000)
  eden space 4320960K,   0% used [0x00007eecbc600000, 0x00007eecbc600000, 0x00007eedc41b0000)
  from space 540096K,  14% used [0x00007eede5120000, 0x00007eede9c01840, 0x00007eee06090000)
  to   space 540096K,   0% used [0x00007eedc41b0000, 0x00007eedc41b0000, 0x00007eede5120000)
 tenured generation   total 10802216K, used 10762571K [0x00007ef211b50000, 0x00007ef4a505a000, 0x00007efcbc600000)
   the space 10802216K,  99% used [0x00007ef211b50000, 0x00007ef4a29a2e50, 0x00007ef4a29a3000, 0x00007ef4a505a000)
 Metaspace       used 24379K, capacity 24853K, committed 25088K, reserved 26624K
}
Event: 9233.294 GC heap before
{Heap before GC invocations=5825 (full 5):
 def new generation   total 4861056K, used 4397638K [0x00007eecbc600000, 0x00007eee06090000, 0x00007ef211b50000)
  eden space 4320960K, 100% used [0x00007eecbc600000, 0x00007eedc41b0000, 0x00007eedc41b0000)
  from space 540096K,  14% used [0x00007eede5120000, 0x00007eede9c01840, 0x00007eee06090000)
  to   space 540096K,   0% used [0x00007eedc41b0000, 0x00007eedc41b0000, 0x00007eede5120000)
 tenured generation   total 10802216K, used 10762571K [0x00007ef211b50000, 0x00007ef4a505a000, 0x00007efcbc600000)
   the space 10802216K,  99% used [0x00007ef211b50000, 0x00007ef4a29a2e50, 0x00007ef4a29a3000, 0x00007ef4a505a000)
 Metaspace       used 24379K, capacity 24853K, committed 25088K, reserved 26624K
}
Event: 9233.468 GC heap after
{Heap after GC invocations=5826 (full 5):
 def new generation   total 4861056K, used 76521K [0x00007eecbc600000, 0x00007eee06090000, 0x00007ef211b50000)
  eden space 4320960K,   0% used [0x00007eecbc600000, 0x00007eecbc600000, 0x00007eedc41b0000)
  from space 540096K,  14% used [0x00007eedc41b0000, 0x00007eedc8c6a520, 0x00007eede5120000)
  to   space 540096K,   0% used [0x00007eede5120000, 0x00007eede5120000, 0x00007eee06090000)
 tenured generation   total 10802216K, used 10766509K [0x00007ef211b50000, 0x00007ef4a505a000, 0x00007efcbc600000)
   the space 10802216K,  99% used [0x00007ef211b50000, 0x00007ef4a2d7b6e0, 0x00007ef4a2d7b800, 0x00007ef4a505a000)
 Metaspace       used 24379K, capacity 24853K, committed 25088K, reserved 26624K
}
Event: 9237.537 GC heap before
{Heap before GC invocations=5826 (full 5):
 def new generation   total 4861056K, used 4397481K [0x00007eecbc600000, 0x00007eee06090000, 0x00007ef211b50000)
  eden space 4320960K, 100% used [0x00007eecbc600000, 0x00007eedc41b0000, 0x00007eedc41b0000)
  from space 540096K,  14% used [0x00007eedc41b0000, 0x00007eedc8c6a520, 0x00007eede5120000)
  to   space 540096K,   0% used [0x00007eede5120000, 0x00007eede5120000, 0x00007eee06090000)
 tenured generation   total 10802216K, used 10766509K [0x00007ef211b50000, 0x00007ef4a505a000, 0x00007efcbc600000)
   the space 10802216K,  99% used [0x00007ef211b50000, 0x00007ef4a2d7b6e0, 0x00007ef4a2d7b800, 0x00007ef4a505a000)
 Metaspace       used 24379K, capacity 24853K, committed 25088K, reserved 26624K
}
Event: 9237.718 GC heap after
{Heap after GC invocations=5827 (full 5):
 def new generation   total 4861056K, used 77253K [0x00007eecbc600000, 0x00007eee06090000, 0x00007ef211b50000)
  eden space 4320960K,   0% used [0x00007eecbc600000, 0x00007eecbc600000, 0x00007eedc41b0000)
  from space 540096K,  14% used [0x00007eede5120000, 0x00007eede9c91428, 0x00007eee06090000)
  to   space 540096K,   0% used [0x00007eedc41b0000, 0x00007eedc41b0000, 0x00007eede5120000)
 tenured generation   total 10802216K, used 10770849K [0x00007ef211b50000, 0x00007ef4a505a000, 0x00007efcbc600000)
   the space 10802216K,  99% used [0x00007ef211b50000, 0x00007ef4a31b85e0, 0x00007ef4a31b8600, 0x00007ef4a505a000)
 Metaspace       used 24379K, capacity 24853K, committed 25088K, reserved 26624K
}
Event: 9241.755 GC heap before
{Heap before GC invocations=5827 (full 5):
 def new generation   total 4861056K, used 4398213K [0x00007eecbc600000, 0x00007eee06090000, 0x00007ef211b50000)
  eden space 4320960K, 100% used [0x00007eecbc600000, 0x00007eedc41b0000, 0x00007eedc41b0000)
  from space 540096K,  14% used [0x00007eede5120000, 0x00007eede9c91428, 0x00007eee06090000)
  to   space 540096K,   0% used [0x00007eedc41b0000, 0x00007eedc41b0000, 0x00007eede5120000)
 tenured generation   total 10802216K, used 10770849K [0x00007ef211b50000, 0x00007ef4a505a000, 0x00007efcbc600000)
   the space 10802216K,  99% used [0x00007ef211b50000, 0x00007ef4a31b85e0, 0x00007ef4a31b8600, 0x00007ef4a505a000)
 Metaspace       used 24379K, capacity 24853K, committed 25088K, reserved 26624K
}
Event: 9241.911 GC heap after
{Heap after GC invocations=5828 (full 5):
 def new generation   total 4861056K, used 77626K [0x00007eecbc600000, 0x00007eee06090000, 0x00007ef211b50000)
  eden space 4320960K,   0% used [0x00007eecbc600000, 0x00007eecbc600000, 0x00007eedc41b0000)
  from space 540096K,  14% used [0x00007eedc41b0000, 0x00007eedc8d7e8e8, 0x00007eede5120000)
  to   space 540096K,   0% used [0x00007eede5120000, 0x00007eede5120000, 0x00007eee06090000)
 tenured generation   total 10802216K, used 10775692K [0x00007ef211b50000, 0x00007ef4a505a000, 0x00007efcbc600000)
   the space 10802216K,  99% used [0x00007ef211b50000, 0x00007ef4a3673070, 0x00007ef4a3673200, 0x00007ef4a505a000)
 Metaspace       used 24379K, capacity 24853K, committed 25088K, reserved 26624K
}
Event: 9245.957 GC heap before
{Heap before GC invocations=5828 (full 5):
 def new generation   total 4861056K, used 4398586K [0x00007eecbc600000, 0x00007eee06090000, 0x00007ef211b50000)
  eden space 4320960K, 100% used [0x00007eecbc600000, 0x00007eedc41b0000, 0x00007eedc41b0000)
  from space 540096K,  14% used [0x00007eedc41b0000, 0x00007eedc8d7e8e8, 0x00007eede5120000)
  to   space 540096K,   0% used [0x00007eede5120000, 0x00007eede5120000, 0x00007eee06090000)
 tenured generation   total 10802216K, used 10775692K [0x00007ef211b50000, 0x00007ef4a505a000, 0x00007efcbc600000)
   the space 10802216K,  99% used [0x00007ef211b50000, 0x00007ef4a3673070, 0x00007ef4a3673200, 0x00007ef4a505a000)
 Metaspace       used 24379K, capacity 24853K, committed 25088K, reserved 26624K
}
Event: 9246.098 GC heap after
{Heap after GC invocations=5829 (full 5):
 def new generation   total 4861056K, used 78554K [0x00007eecbc600000, 0x00007eee06090000, 0x00007ef211b50000)
  eden space 4320960K,   0% used [0x00007eecbc600000, 0x00007eecbc600000, 0x00007eedc41b0000)
  from space 540096K,  14% used [0x00007eede5120000, 0x00007eede9dd6898, 0x00007eee06090000)
  to   space 540096K,   0% used [0x00007eedc41b0000, 0x00007eedc41b0000, 0x00007eede5120000)
 tenured generation   total 10802216K, used 10780941K [0x00007ef211b50000, 0x00007ef4a505a000, 0x00007efcbc600000)
   the space 10802216K,  99% used [0x00007ef211b50000, 0x00007ef4a3b93580, 0x00007ef4a3b93600, 0x00007ef4a505a000)
 Metaspace       used 24379K, capacity 24853K, committed 25088K, reserved 26624K
}
Event: 9250.051 GC heap before
{Heap before GC invocations=5829 (full 5):
 def new generation   total 4861056K, used 4399514K [0x00007eecbc600000, 0x00007eee06090000, 0x00007ef211b50000)
  eden space 4320960K, 100% used [0x00007eecbc600000, 0x00007eedc41b0000, 0x00007eedc41b0000)
  from space 540096K,  14% used [0x00007eede5120000, 0x00007eede9dd6898, 0x00007eee06090000)
  to   space 540096K,   0% used [0x00007eedc41b0000, 0x00007eedc41b0000, 0x00007eede5120000)
 tenured generation   total 10802216K, used 10780941K [0x00007ef211b50000, 0x00007ef4a505a000, 0x00007efcbc600000)
   the space 10802216K,  99% used [0x00007ef211b50000, 0x00007ef4a3b93580, 0x00007ef4a3b93600, 0x00007ef4a505a000)
 Metaspace       used 24379K, capacity 24853K, committed 25088K, reserved 26624K
}
Event: 9250.238 GC heap after
{Heap after GC invocations=5830 (full 5):
 def new generation   total 4861056K, used 78935K [0x00007eecbc600000, 0x00007eee06090000, 0x00007ef211b50000)
  eden space 4320960K,   0% used [0x00007eecbc600000, 0x00007eecbc600000, 0x00007eedc41b0000)
  from space 540096K,  14% used [0x00007eedc41b0000, 0x00007eedc8ec5cd8, 0x00007eede5120000)
  to   space 540096K,   0% used [0x00007eede5120000, 0x00007eede5120000, 0x00007eee06090000)
 tenured generation   total 10802216K, used 10786135K [0x00007ef211b50000, 0x00007ef4a505a000, 0x00007efcbc600000)
   the space 10802216K,  99% used [0x00007ef211b50000, 0x00007ef4a40a5da0, 0x00007ef4a40a5e00, 0x00007ef4a505a000)
 Metaspace       used 24379K, capacity 24853K, committed 25088K, reserved 26624K
}
Event: 9254.190 GC heap before
{Heap before GC invocations=5830 (full 5):
 def new generation   total 4861056K, used 4399895K [0x00007eecbc600000, 0x00007eee06090000, 0x00007ef211b50000)
  eden space 4320960K, 100% used [0x00007eecbc600000, 0x00007eedc41b0000, 0x00007eedc41b0000)
  from space 540096K,  14% used [0x00007eedc41b0000, 0x00007eedc8ec5cd8, 0x00007eede5120000)
  to   space 540096K,   0% used [0x00007eede5120000, 0x00007eede5120000, 0x00007eee06090000)
 tenured generation   total 10802216K, used 10786135K [0x00007ef211b50000, 0x00007ef4a505a000, 0x00007efcbc600000)
   the space 10802216K,  99% used [0x00007ef211b50000, 0x00007ef4a40a5da0, 0x00007ef4a40a5e00, 0x00007ef4a505a000)
 Metaspace       used 24379K, capacity 24853K, committed 25088K, reserved 26624K
}
Event: 9254.335 GC heap after
{Heap after GC invocations=5831 (full 5):
 def new generation   total 4861056K, used 79034K [0x00007eecbc600000, 0x00007eee06090000, 0x00007ef211b50000)
  eden space 4320960K,   0% used [0x00007eecbc600000, 0x00007eecbc600000, 0x00007eedc41b0000)
  from space 540096K,  14% used [0x00007eede5120000, 0x00007eede9e4ebc0, 0x00007eee06090000)
  to   space 540096K,   0% used [0x00007eedc41b0000, 0x00007eedc41b0000, 0x00007eede5120000)
 tenured generation   total 10802216K, used 10789620K [0x00007ef211b50000, 0x00007ef4a505a000, 0x00007efcbc600000)
   the space 10802216K,  99% used [0x00007ef211b50000, 0x00007ef4a440d3c0, 0x00007ef4a440d400, 0x00007ef4a505a000)
 Metaspace       used 24379K, capacity 24853K, committed 25088K, reserved 26624K
}
Event: 9258.271 GC heap before
{Heap before GC invocations=5831 (full 5):
 def new generation   total 4861056K, used 4399994K [0x00007eecbc600000, 0x00007eee06090000, 0x00007ef211b50000)
  eden space 4320960K, 100% used [0x00007eecbc600000, 0x00007eedc41b0000, 0x00007eedc41b0000)
  from space 540096K,  14% used [0x00007eede5120000, 0x00007eede9e4ebc0, 0x00007eee06090000)
  to   space 540096K,   0% used [0x00007eedc41b0000, 0x00007eedc41b0000, 0x00007eede5120000)
 tenured generation   total 10802216K, used 10789620K [0x00007ef211b50000, 0x00007ef4a505a000, 0x00007efcbc600000)
   the space 10802216K,  99% used [0x00007ef211b50000, 0x00007ef4a440d3c0, 0x00007ef4a440d400, 0x00007ef4a505a000)
 Metaspace       used 24379K, capacity 24853K, committed 25088K, reserved 26624K
}
Event: 9258.428 GC heap after
{Heap after GC invocations=5832 (full 5):
 def new generation   total 4861056K, used 79805K [0x00007eecbc600000, 0x00007eee06090000, 0x00007ef211b50000)
  eden space 4320960K,   0% used [0x00007eecbc600000, 0x00007eecbc600000, 0x00007eedc41b0000)
  from space 540096K,  14% used [0x00007eedc41b0000, 0x00007eedc8f9f568, 0x00007eede5120000)
  to   space 540096K,   0% used [0x00007eede5120000, 0x00007eede5120000, 0x00007eee06090000)
 tenured generation   total 10802216K, used 10793860K [0x00007ef211b50000, 0x00007ef4a505a000, 0x00007efcbc600000)
   the space 10802216K,  99% used [0x00007ef211b50000, 0x00007ef4a48312b0, 0x00007ef4a4831400, 0x00007ef4a505a000)
 Metaspace       used 24379K, capacity 24853K, committed 25088K, reserved 26624K
}
Event: 9262.382 GC heap before
{Heap before GC invocations=5832 (full 5):
 def new generation   total 4861056K, used 4400765K [0x00007eecbc600000, 0x00007eee06090000, 0x00007ef211b50000)
  eden space 4320960K, 100% used [0x00007eecbc600000, 0x00007eedc41b0000, 0x00007eedc41b0000)
  from space 540096K,  14% used [0x00007eedc41b0000, 0x00007eedc8f9f568, 0x00007eede5120000)
  to   space 540096K,   0% used [0x00007eede5120000, 0x00007eede5120000, 0x00007eee06090000)
 tenured generation   total 10802216K, used 10793860K [0x00007ef211b50000, 0x00007ef4a505a000, 0x00007efcbc600000)
   the space 10802216K,  99% used [0x00007ef211b50000, 0x00007ef4a48312b0, 0x00007ef4a4831400, 0x00007ef4a505a000)
 Metaspace       used 24379K, capacity 24853K, committed 25088K, reserved 26624K
}
Event: 9262.537 GC heap after
{Heap after GC invocations=5833 (full 5):
 def new generation   total 4861056K, used 79913K [0x00007eecbc600000, 0x00007eee06090000, 0x00007ef211b50000)
  eden space 4320960K,   0% used [0x00007eecbc600000, 0x00007eecbc600000, 0x00007eedc41b0000)
  from space 540096K,  14% used [0x00007eede5120000, 0x00007eede9f2a648, 0x00007eee06090000)
  to   space 540096K,   0% used [0x00007eedc41b0000, 0x00007eedc41b0000, 0x00007eede5120000)
 tenured generation   total 10802216K, used 10799055K [0x00007ef211b50000, 0x00007ef4a505a000, 0x00007efcbc600000)
   the space 10802216K,  99% used [0x00007ef211b50000, 0x00007ef4a4d43d10, 0x00007ef4a4d43e00, 0x00007ef4a505a000)
 Metaspace       used 24379K, capacity 24853K, committed 25088K, reserved 26624K
}
Event: 9266.681 GC heap before
{Heap before GC invocations=5833 (full 5):
 def new generation   total 4861056K, used 4400873K [0x00007eecbc600000, 0x00007eee06090000, 0x00007ef211b50000)
  eden space 4320960K, 100% used [0x00007eecbc600000, 0x00007eedc41b0000, 0x00007eedc41b0000)
  from space 540096K,  14% used [0x00007eede5120000, 0x00007eede9f2a648, 0x00007eee06090000)
  to   space 540096K,   0% used [0x00007eedc41b0000, 0x00007eedc41b0000, 0x00007eede5120000)
 tenured generation   total 10802216K, used 10799055K [0x00007ef211b50000, 0x00007ef4a505a000, 0x00007efcbc600000)
   the space 10802216K,  99% used [0x00007ef211b50000, 0x00007ef4a4d43d10, 0x00007ef4a4d43e00, 0x00007ef4a505a000)
 Metaspace       used 24379K, capacity 24853K, committed 25088K, reserved 26624K
}
Event: 9266.847 GC heap after
{Heap after GC invocations=5834 (full 5):
 def new generation   total 4861056K, used 79848K [0x00007eecbc600000, 0x00007eee06090000, 0x00007ef211b50000)
  eden space 4320960K,   0% used [0x00007eecbc600000, 0x00007eecbc600000, 0x00007eedc41b0000)
  from space 540096K,  14% used [0x00007eedc41b0000, 0x00007eedc8faa070, 0x00007eede5120000)
  to   space 540096K,   0% used [0x00007eede5120000, 0x00007eede5120000, 0x00007eee06090000)
 tenured generation   total 10804328K, used 10804249K [0x00007ef211b50000, 0x00007ef4a526a000, 0x00007efcbc600000)
   the space 10804328K,  99% used [0x00007ef211b50000, 0x00007ef4a52566e0, 0x00007ef4a5256800, 0x00007ef4a526a000)
 Metaspace       used 24379K, capacity 24853K, committed 25088K, reserved 26624K
}
Event: 9266.847 GC heap before
{Heap before GC invocations=5834 (full 5):
 def new generation   total 4861056K, used 79848K [0x00007eecbc600000, 0x00007eee06090000, 0x00007ef211b50000)
  eden space 4320960K,   0% used [0x00007eecbc600000, 0x00007eecbc600000, 0x00007eedc41b0000)
  from space 540096K,  14% used [0x00007eedc41b0000, 0x00007eedc8faa070, 0x00007eede5120000)
  to   space 540096K,   0% used [0x00007eede5120000, 0x00007eede5120000, 0x00007eee06090000)
 tenured generation   total 10804328K, used 10804249K [0x00007ef211b50000, 0x00007ef4a526a000, 0x00007efcbc600000)
   the space 10804328K,  99% used [0x00007ef211b50000, 0x00007ef4a52566e0, 0x00007ef4a5256800, 0x00007ef4a526a000)
 Metaspace       used 24379K, capacity 24853K, committed 25088K, reserved 26624K
}

