# JRE version: OpenJDK Runtime Environment (13.0.7+5) (build 13.0.7+5-Ubuntu-0ubuntu120.04)
# Java VM: OpenJDK 64-Bit Server VM (13.0.7+5-Ubuntu-0ubuntu120.04, mixed mode, tiered, serial gc, linux-amd64)
Heap:
 def new generation   total 3161984K, used 2152232K [0x00007ef780600000, 0x00007ef856cf0000, 0x00007efcd5b50000)
  eden space 2810688K,  76% used [0x00007ef780600000, 0x00007ef803bca018, 0x00007ef82bed0000)
  from space 351296K,   0% used [0x00007ef82bed0000, 0x00007ef82bed0000, 0x00007ef8415e0000)
  to   space 351296K,   0% used [0x00007ef8415e0000, 0x00007ef8415e0218, 0x00007ef856cf0000)
 tenured generation   total 7026548K, used 6348445K [0x00007efcd5b50000, 0x00007efe8292d000, 0x00007f0780600000)
   the space 7026548K,  90% used [0x00007efcd5b50000, 0x00007efe592f77f8, 0x00007efe592f7800, 0x00007efe8292d000)
 Metaspace       used 24376K, capacity 24777K, committed 24832K, reserved 26624K
GC Heap History (20 events):
Event: 13111.208 GC heap after
{Heap after GC invocations=2085 (full 831):
 def new generation   total 3161984K, used 22920K [0x00007ef780600000, 0x00007ef856cf0000, 0x00007efcd5b50000)
  eden space 2810688K,   0% used [0x00007ef780600000, 0x00007ef780600000, 0x00007ef82bed0000)
  from space 351296K,   6% used [0x00007ef82bed0000, 0x00007ef82d5321c8, 0x00007ef8415e0000)
  to   space 351296K,   0% used [0x00007ef8415e0000, 0x00007ef8415e0000, 0x00007ef856cf0000)
 tenured generation   total 7026548K, used 6348218K [0x00007efcd5b50000, 0x00007efe8292d000, 0x00007f0780600000)
   the space 7026548K,  90% used [0x00007efcd5b50000, 0x00007efe592be9f0, 0x00007efe592bea00, 0x00007efe8292d000)
 Metaspace       used 24376K, capacity 24777K, committed 24832K, reserved 26624K
}
Event: 13114.287 GC heap before
{Heap before GC invocations=2085 (full 831):
 def new generation   total 3161984K, used 2175318K [0x00007ef780600000, 0x00007ef856cf0000, 0x00007efcd5b50000)
  eden space 2810688K,  76% used [0x00007ef780600000, 0x00007ef803bf39b8, 0x00007ef82bed0000)
  from space 351296K,   6% used [0x00007ef82bed0000, 0x00007ef82d5321c8, 0x00007ef8415e0000)
  to   space 351296K,   0% used [0x00007ef8415e0000, 0x00007ef8415e0000, 0x00007ef856cf0000)
 tenured generation   total 7026548K, used 6348218K [0x00007efcd5b50000, 0x00007efe8292d000, 0x00007f0780600000)
   the space 7026548K,  90% used [0x00007efcd5b50000, 0x00007efe592be9f0, 0x00007efe592bea00, 0x00007efe8292d000)
 Metaspace       used 24376K, capacity 24777K, committed 24832K, reserved 26624K
}
Event: 13116.502 GC heap after
{Heap after GC invocations=2086 (full 831):
 def new generation   total 3161984K, used 22924K [0x00007ef780600000, 0x00007ef856cf0000, 0x00007efcd5b50000)
  eden space 2810688K,   0% used [0x00007ef780600000, 0x00007ef780600000, 0x00007ef82bed0000)
  from space 351296K,   6% used [0x00007ef8415e0000, 0x00007ef842c431e8, 0x00007ef856cf0000)
  to   space 351296K,   0% used [0x00007ef82bed0000, 0x00007ef82bed0000, 0x00007ef8415e0000)
 tenured generation   total 9123704K, used 8445370K [0x00007efcd5b50000, 0x00007eff0292e000, 0x00007f0780600000)
   the space 9123704K,  92% used [0x00007efcd5b50000, 0x00007efed92bea08, 0x00007efed92bec00, 0x00007eff0292e000)
 Metaspace       used 24376K, capacity 24777K, committed 24832K, reserved 26624K
}
Event: 13116.502 GC heap before
{Heap before GC invocations=2086 (full 831):
 def new generation   total 3161984K, used 22924K [0x00007ef780600000, 0x00007ef856cf0000, 0x00007efcd5b50000)
  eden space 2810688K,   0% used [0x00007ef780600000, 0x00007ef780600000, 0x00007ef82bed0000)
  from space 351296K,   6% used [0x00007ef8415e0000, 0x00007ef842c431e8, 0x00007ef856cf0000)
  to   space 351296K,   0% used [0x00007ef82bed0000, 0x00007ef82bed0000, 0x00007ef8415e0000)
 tenured generation   total 9123704K, used 8445370K [0x00007efcd5b50000, 0x00007eff0292e000, 0x00007f0780600000)
   the space 9123704K,  92% used [0x00007efcd5b50000, 0x00007efed92bea08, 0x00007efed92bec00, 0x00007eff0292e000)
 Metaspace       used 24376K, capacity 24777K, committed 24832K, reserved 26624K
}
Event: 13117.677 GC heap after
{Heap after GC invocations=2086 (full 832):
 def new generation   total 3161984K, used 0K [0x00007ef780600000, 0x00007ef856cf0000, 0x00007efcd5b50000)
  eden space 2810688K,   0% used [0x00007ef780600000, 0x00007ef780600000, 0x00007ef82bed0000)
  from space 351296K,   0% used [0x00007ef8415e0000, 0x00007ef8415e0000, 0x00007ef856cf0000)
  to   space 351296K,   0% used [0x00007ef82bed0000, 0x00007ef82bed0000, 0x00007ef8415e0000)
 tenured generation   total 7026548K, used 2153915K [0x00007efcd5b50000, 0x00007efe8292d000, 0x00007f0780600000)
   the space 7026548K,  30% used [0x00007efcd5b50000, 0x00007efd592bed90, 0x00007efd592bee00, 0x00007efe8292d000)
 Metaspace       used 24376K, capacity 24777K, committed 24832K, reserved 26624K
}
Event: 13126.906 GC heap before
{Heap before GC invocations=2086 (full 832):
 def new generation   total 3161984K, used 2152232K [0x00007ef780600000, 0x00007ef856cf0000, 0x00007efcd5b50000)
  eden space 2810688K,  76% used [0x00007ef780600000, 0x00007ef803bca018, 0x00007ef82bed0000)
  from space 351296K,   0% used [0x00007ef8415e0000, 0x00007ef8415e0000, 0x00007ef856cf0000)
  to   space 351296K,   0% used [0x00007ef82bed0000, 0x00007ef82bed0000, 0x00007ef8415e0000)
 tenured generation   total 7026548K, used 6348219K [0x00007efcd5b50000, 0x00007efe8292d000, 0x00007f0780600000)
   the space 7026548K,  90% used [0x00007efcd5b50000, 0x00007efe592beda8, 0x00007efe592bee00, 0x00007efe8292d000)
 Metaspace       used 24376K, capacity 24777K, committed 24832K, reserved 26624K
}
Event: 13128.989 GC heap after
{Heap after GC invocations=2087 (full 832):
 def new generation   total 3161984K, used 1K [0x00007ef780600000, 0x00007ef856cf0000, 0x00007efcd5b50000)
  eden space 2810688K,   0% used [0x00007ef780600000, 0x00007ef780600000, 0x00007ef82bed0000)
  from space 351296K,   0% used [0x00007ef82bed0000, 0x00007ef82bed0418, 0x00007ef8415e0000)
  to   space 351296K,   0% used [0x00007ef8415e0000, 0x00007ef8415e0000, 0x00007ef856cf0000)
 tenured generation   total 9123704K, used 8445371K [0x00007efcd5b50000, 0x00007eff0292e000, 0x00007f0780600000)
   the space 9123704K,  92% used [0x00007efcd5b50000, 0x00007efed92bedc0, 0x00007efed92bee00, 0x00007eff0292e000)
 Metaspace       used 24376K, capacity 24777K, committed 24832K, reserved 26624K
}
Event: 13128.989 GC heap before
{Heap before GC invocations=2087 (full 832):
 def new generation   total 3161984K, used 1K [0x00007ef780600000, 0x00007ef856cf0000, 0x00007efcd5b50000)
  eden space 2810688K,   0% used [0x00007ef780600000, 0x00007ef780600000, 0x00007ef82bed0000)
  from space 351296K,   0% used [0x00007ef82bed0000, 0x00007ef82bed0418, 0x00007ef8415e0000)
  to   space 351296K,   0% used [0x00007ef8415e0000, 0x00007ef8415e0000, 0x00007ef856cf0000)
 tenured generation   total 9123704K, used 8445371K [0x00007efcd5b50000, 0x00007eff0292e000, 0x00007f0780600000)
   the space 9123704K,  92% used [0x00007efcd5b50000, 0x00007efed92bedc0, 0x00007efed92bee00, 0x00007eff0292e000)
 Metaspace       used 24376K, capacity 24777K, committed 24832K, reserved 26624K
}
Event: 13130.315 GC heap after
{Heap after GC invocations=2087 (full 833):
 def new generation   total 3161984K, used 0K [0x00007ef780600000, 0x00007ef856cf0000, 0x00007efcd5b50000)
  eden space 2810688K,   0% used [0x00007ef780600000, 0x00007ef780600000, 0x00007ef82bed0000)
  from space 351296K,   0% used [0x00007ef82bed0000, 0x00007ef82bed0000, 0x00007ef8415e0000)
  to   space 351296K,   0% used [0x00007ef8415e0000, 0x00007ef8415e0000, 0x00007ef856cf0000)
 tenured generation   total 7026548K, used 2153910K [0x00007efcd5b50000, 0x00007efe8292d000, 0x00007f0780600000)
   the space 7026548K,  30% used [0x00007efcd5b50000, 0x00007efd592bd9e8, 0x00007efd592bda00, 0x00007efe8292d000)
 Metaspace       used 24376K, capacity 24777K, committed 24832K, reserved 26624K
}
Event: 13133.228 GC heap before
{Heap before GC invocations=2087 (full 833):
 def new generation   total 3161984K, used 2152628K [0x00007ef780600000, 0x00007ef856cf0000, 0x00007efcd5b50000)
  eden space 2810688K,  76% used [0x00007ef780600000, 0x00007ef803c2d380, 0x00007ef82bed0000)
  from space 351296K,   0% used [0x00007ef82bed0000, 0x00007ef82bed0000, 0x00007ef8415e0000)
  to   space 351296K,   0% used [0x00007ef8415e0000, 0x00007ef8415e0000, 0x00007ef856cf0000)
 tenured generation   total 7026548K, used 2153910K [0x00007efcd5b50000, 0x00007efe8292d000, 0x00007f0780600000)
   the space 7026548K,  30% used [0x00007efcd5b50000, 0x00007efd592bd9e8, 0x00007efd592bda00, 0x00007efe8292d000)
 Metaspace       used 24376K, capacity 24777K, committed 24832K, reserved 26624K
}
Event: 13134.340 GC heap after
{Heap after GC invocations=2088 (full 833):
 def new generation   total 3161984K, used 0K [0x00007ef780600000, 0x00007ef856cf0000, 0x00007efcd5b50000)
  eden space 2810688K,   0% used [0x00007ef780600000, 0x00007ef780600000, 0x00007ef82bed0000)
  from space 351296K,   0% used [0x00007ef8415e0000, 0x00007ef8415e02f8, 0x00007ef856cf0000)
  to   space 351296K,   0% used [0x00007ef82bed0000, 0x00007ef82bed0000, 0x00007ef8415e0000)
 tenured generation   total 7026548K, used 4251062K [0x00007efcd5b50000, 0x00007efe8292d000, 0x00007f0780600000)
   the space 7026548K,  60% used [0x00007efcd5b50000, 0x00007efdd92bda18, 0x00007efdd92bdc00, 0x00007efe8292d000)
 Metaspace       used 24376K, capacity 24777K, committed 24832K, reserved 26624K
}
Event: 13136.991 GC heap before
{Heap before GC invocations=2088 (full 833):
 def new generation   total 3161984K, used 1827910K [0x00007ef780600000, 0x00007ef856cf0000, 0x00007efcd5b50000)
  eden space 2810688K,  65% used [0x00007ef780600000, 0x00007ef7eff117a0, 0x00007ef82bed0000)
  from space 351296K,   0% used [0x00007ef8415e0000, 0x00007ef8415e02f8, 0x00007ef856cf0000)
  to   space 351296K,   0% used [0x00007ef82bed0000, 0x00007ef82bed0000, 0x00007ef8415e0000)
 tenured generation   total 7026548K, used 4251062K [0x00007efcd5b50000, 0x00007efe8292d000, 0x00007f0780600000)
   the space 7026548K,  60% used [0x00007efcd5b50000, 0x00007efdd92bda18, 0x00007efdd92bdc00, 0x00007efe8292d000)
 Metaspace       used 24376K, capacity 24777K, committed 24832K, reserved 26624K
}
Event: 13137.011 GC heap after
{Heap after GC invocations=2089 (full 833):
 def new generation   total 3161984K, used 27024K [0x00007ef780600000, 0x00007ef856cf0000, 0x00007efcd5b50000)
  eden space 2810688K,   0% used [0x00007ef780600000, 0x00007ef780600000, 0x00007ef82bed0000)
  from space 351296K,   7% used [0x00007ef82bed0000, 0x00007ef82d9341b0, 0x00007ef8415e0000)
  to   space 351296K,   0% used [0x00007ef8415e0000, 0x00007ef8415e0000, 0x00007ef856cf0000)
 tenured generation   total 7026548K, used 4251062K [0x00007efcd5b50000, 0x00007efe8292d000, 0x00007f0780600000)
   the space 7026548K,  60% used [0x00007efcd5b50000, 0x00007efdd92bda18, 0x00007efdd92bdc00, 0x00007efe8292d000)
 Metaspace       used 24376K, capacity 24777K, committed 24832K, reserved 26624K
}
Event: 13139.206 GC heap before
{Heap before GC invocations=2089 (full 833):
 def new generation   total 3161984K, used 2179154K [0x00007ef780600000, 0x00007ef856cf0000, 0x00007efcd5b50000)
  eden space 2810688K,  76% used [0x00007ef780600000, 0x00007ef803bb0968, 0x00007ef82bed0000)
  from space 351296K,   7% used [0x00007ef82bed0000, 0x00007ef82d9341b0, 0x00007ef8415e0000)
  to   space 351296K,   0% used [0x00007ef8415e0000, 0x00007ef8415e0000, 0x00007ef856cf0000)
 tenured generation   total 7026548K, used 4251062K [0x00007efcd5b50000, 0x00007efe8292d000, 0x00007f0780600000)
   the space 7026548K,  60% used [0x00007efcd5b50000, 0x00007efdd92bda18, 0x00007efdd92bdc00, 0x00007efe8292d000)
 Metaspace       used 24376K, capacity 24777K, committed 24832K, reserved 26624K
}
Event: 13140.265 GC heap after
{Heap after GC invocations=2090 (full 833):
 def new generation   total 3161984K, used 22920K [0x00007ef780600000, 0x00007ef856cf0000, 0x00007efcd5b50000)
  eden space 2810688K,   0% used [0x00007ef780600000, 0x00007ef780600000, 0x00007ef82bed0000)
  from space 351296K,   6% used [0x00007ef8415e0000, 0x00007ef842c421c8, 0x00007ef856cf0000)
  to   space 351296K,   0% used [0x00007ef82bed0000, 0x00007ef82bed0000, 0x00007ef8415e0000)
 tenured generation   total 7026548K, used 6348214K [0x00007efcd5b50000, 0x00007efe8292d000, 0x00007f0780600000)
   the space 7026548K,  90% used [0x00007efcd5b50000, 0x00007efe592bda30, 0x00007efe592bdc00, 0x00007efe8292d000)
 Metaspace       used 24376K, capacity 24777K, committed 24832K, reserved 26624K
}
Event: 13143.276 GC heap before
{Heap before GC invocations=2090 (full 833):
 def new generation   total 3161984K, used 2175318K [0x00007ef780600000, 0x00007ef856cf0000, 0x00007efcd5b50000)
  eden space 2810688K,  76% used [0x00007ef780600000, 0x00007ef803bf39b8, 0x00007ef82bed0000)
  from space 351296K,   6% used [0x00007ef8415e0000, 0x00007ef842c421c8, 0x00007ef856cf0000)
  to   space 351296K,   0% used [0x00007ef82bed0000, 0x00007ef82bed0000, 0x00007ef8415e0000)
 tenured generation   total 7026548K, used 6348214K [0x00007efcd5b50000, 0x00007efe8292d000, 0x00007f0780600000)
   the space 7026548K,  90% used [0x00007efcd5b50000, 0x00007efe592bda30, 0x00007efe592bdc00, 0x00007efe8292d000)
 Metaspace       used 24376K, capacity 24777K, committed 24832K, reserved 26624K
}
Event: 13145.363 GC heap after
{Heap after GC invocations=2091 (full 833):
 def new generation   total 3161984K, used 22924K [0x00007ef780600000, 0x00007ef856cf0000, 0x00007efcd5b50000)
  eden space 2810688K,   0% used [0x00007ef780600000, 0x00007ef780600000, 0x00007ef82bed0000)
  from space 351296K,   6% used [0x00007ef82bed0000, 0x00007ef82d5331e8, 0x00007ef8415e0000)
  to   space 351296K,   0% used [0x00007ef8415e0000, 0x00007ef8415e0000, 0x00007ef856cf0000)
 tenured generation   total 9123704K, used 8445366K [0x00007efcd5b50000, 0x00007eff0292e000, 0x00007f0780600000)
   the space 9123704K,  92% used [0x00007efcd5b50000, 0x00007efed92bda48, 0x00007efed92bdc00, 0x00007eff0292e000)
 Metaspace       used 24376K, capacity 24777K, committed 24832K, reserved 26624K
}
Event: 13145.363 GC heap before
{Heap before GC invocations=2091 (full 833):
 def new generation   total 3161984K, used 22924K [0x00007ef780600000, 0x00007ef856cf0000, 0x00007efcd5b50000)
  eden space 2810688K,   0% used [0x00007ef780600000, 0x00007ef780600000, 0x00007ef82bed0000)
  from space 351296K,   6% used [0x00007ef82bed0000, 0x00007ef82d5331e8, 0x00007ef8415e0000)
  to   space 351296K,   0% used [0x00007ef8415e0000, 0x00007ef8415e0000, 0x00007ef856cf0000)
 tenured generation   total 9123704K, used 8445366K [0x00007efcd5b50000, 0x00007eff0292e000, 0x00007f0780600000)
   the space 9123704K,  92% used [0x00007efcd5b50000, 0x00007efed92bda48, 0x00007efed92bdc00, 0x00007eff0292e000)
 Metaspace       used 24376K, capacity 24777K, committed 24832K, reserved 26624K
}
Event: 13146.703 GC heap after
{Heap after GC invocations=2091 (full 834):
 def new generation   total 3161984K, used 0K [0x00007ef780600000, 0x00007ef856cf0000, 0x00007efcd5b50000)
  eden space 2810688K,   0% used [0x00007ef780600000, 0x00007ef780600000, 0x00007ef82bed0000)
  from space 351296K,   0% used [0x00007ef82bed0000, 0x00007ef82bed0000, 0x00007ef8415e0000)
  to   space 351296K,   0% used [0x00007ef8415e0000, 0x00007ef8415e0000, 0x00007ef856cf0000)
 tenured generation   total 7026548K, used 2154141K [0x00007efcd5b50000, 0x00007efe8292d000, 0x00007f0780600000)
   the space 7026548K,  30% used [0x00007efcd5b50000, 0x00007efd592f77e0, 0x00007efd592f7800, 0x00007efe8292d000)
 Metaspace       used 24376K, capacity 24777K, committed 24832K, reserved 26624K
}
Event: 13156.270 GC heap before
{Heap before GC invocations=2091 (full 834):
 def new generation   total 3161984K, used 2152232K [0x00007ef780600000, 0x00007ef856cf0000, 0x00007efcd5b50000)
  eden space 2810688K,  76% used [0x00007ef780600000, 0x00007ef803bca018, 0x00007ef82bed0000)
  from space 351296K,   0% used [0x00007ef82bed0000, 0x00007ef82bed0000, 0x00007ef8415e0000)
  to   space 351296K,   0% used [0x00007ef8415e0000, 0x00007ef8415e0000, 0x00007ef856cf0000)
 tenured generation   total 7026548K, used 6348445K [0x00007efcd5b50000, 0x00007efe8292d000, 0x00007f0780600000)
   the space 7026548K,  90% used [0x00007efcd5b50000, 0x00007efe592f77f8, 0x00007efe592f7800, 0x00007efe8292d000)
 Metaspace       used 24376K, capacity 24777K, committed 24832K, reserved 26624K
}

