# JRE version: OpenJDK Runtime Environment (13.0.7+5) (build 13.0.7+5-Ubuntu-0ubuntu120.04)
# Java VM: OpenJDK 64-Bit Server VM (13.0.7+5-Ubuntu-0ubuntu120.04, mixed mode, tiered, serial gc, linux-amd64)
Heap:
 def new generation   total 2914944K, used 30749K [0x00007f3af0600000, 0x00007f3bb60e0000, 0x00007f4045b50000)
  eden space 2591104K,   1% used [0x00007f3af0600000, 0x00007f3af24075b0, 0x00007f3b8e860000)
  from space 323840K,   0% used [0x00007f3b8e860000, 0x00007f3b8e860000, 0x00007f3ba24a0000)
  to   space 323840K,   0% used [0x00007f3ba24a0000, 0x00007f3ba24a0000, 0x00007f3bb60e0000)
 tenured generation   total 6479000K, used 6478999K [0x00007f4045b50000, 0x00007f41d1276000, 0x00007f4af0600000)
   the space 6479000K,  99% used [0x00007f4045b50000, 0x00007f41d1275fc0, 0x00007f41d1276000, 0x00007f41d1276000)
 Metaspace       used 24250K, capacity 24638K, committed 24832K, reserved 26624K
GC Heap History (20 events):
Event: 5963.108 GC heap after
{Heap after GC invocations=6479 (full 4):
 def new generation   total 2914944K, used 33609K [0x00007f3af0600000, 0x00007f3bb60e0000, 0x00007f4045b50000)
  eden space 2591104K,   0% used [0x00007f3af0600000, 0x00007f3af0600000, 0x00007f3b8e860000)
  from space 323840K,  10% used [0x00007f3ba24a0000, 0x00007f3ba45727e0, 0x00007f3bb60e0000)
  to   space 323840K,   0% used [0x00007f3b8e860000, 0x00007f3b8e860000, 0x00007f3ba24a0000)
 tenured generation   total 6477464K, used 6461535K [0x00007f4045b50000, 0x00007f41d10f6000, 0x00007f4af0600000)
   the space 6477464K,  99% used [0x00007f4045b50000, 0x00007f41d0167ce8, 0x00007f41d0167e00, 0x00007f41d10f6000)
 Metaspace       used 24250K, capacity 24638K, committed 24832K, reserved 26624K
}
Event: 5964.713 GC heap before
{Heap before GC invocations=6479 (full 4):
 def new generation   total 2914944K, used 2624713K [0x00007f3af0600000, 0x00007f3bb60e0000, 0x00007f4045b50000)
  eden space 2591104K, 100% used [0x00007f3af0600000, 0x00007f3b8e860000, 0x00007f3b8e860000)
  from space 323840K,  10% used [0x00007f3ba24a0000, 0x00007f3ba45727e0, 0x00007f3bb60e0000)
  to   space 323840K,   0% used [0x00007f3b8e860000, 0x00007f3b8e860000, 0x00007f3ba24a0000)
 tenured generation   total 6477464K, used 6461535K [0x00007f4045b50000, 0x00007f41d10f6000, 0x00007f4af0600000)
   the space 6477464K,  99% used [0x00007f4045b50000, 0x00007f41d0167ce8, 0x00007f41d0167e00, 0x00007f41d10f6000)
 Metaspace       used 24250K, capacity 24638K, committed 24832K, reserved 26624K
}
Event: 5964.736 GC heap after
{Heap after GC invocations=6480 (full 4):
 def new generation   total 2914944K, used 35376K [0x00007f3af0600000, 0x00007f3bb60e0000, 0x00007f4045b50000)
  eden space 2591104K,   0% used [0x00007f3af0600000, 0x00007f3af0600000, 0x00007f3b8e860000)
  from space 323840K,  10% used [0x00007f3b8e860000, 0x00007f3b90aec260, 0x00007f3ba24a0000)
  to   space 323840K,   0% used [0x00007f3ba24a0000, 0x00007f3ba24a0000, 0x00007f3bb60e0000)
 tenured generation   total 6477464K, used 6462423K [0x00007f4045b50000, 0x00007f41d10f6000, 0x00007f4af0600000)
   the space 6477464K,  99% used [0x00007f4045b50000, 0x00007f41d0245f28, 0x00007f41d0246000, 0x00007f41d10f6000)
 Metaspace       used 24250K, capacity 24638K, committed 24832K, reserved 26624K
}
Event: 5966.362 GC heap before
{Heap before GC invocations=6480 (full 4):
 def new generation   total 2914944K, used 2626480K [0x00007f3af0600000, 0x00007f3bb60e0000, 0x00007f4045b50000)
  eden space 2591104K, 100% used [0x00007f3af0600000, 0x00007f3b8e860000, 0x00007f3b8e860000)
  from space 323840K,  10% used [0x00007f3b8e860000, 0x00007f3b90aec260, 0x00007f3ba24a0000)
  to   space 323840K,   0% used [0x00007f3ba24a0000, 0x00007f3ba24a0000, 0x00007f3bb60e0000)
 tenured generation   total 6477464K, used 6462423K [0x00007f4045b50000, 0x00007f41d10f6000, 0x00007f4af0600000)
   the space 6477464K,  99% used [0x00007f4045b50000, 0x00007f41d0245f28, 0x00007f41d0246000, 0x00007f41d10f6000)
 Metaspace       used 24250K, capacity 24638K, committed 24832K, reserved 26624K
}
Event: 5966.393 GC heap after
{Heap after GC invocations=6481 (full 4):
 def new generation   total 2914944K, used 36752K [0x00007f3af0600000, 0x00007f3bb60e0000, 0x00007f4045b50000)
  eden space 2591104K,   0% used [0x00007f3af0600000, 0x00007f3af0600000, 0x00007f3b8e860000)
  from space 323840K,  11% used [0x00007f3ba24a0000, 0x00007f3ba48842a8, 0x00007f3bb60e0000)
  to   space 323840K,   0% used [0x00007f3b8e860000, 0x00007f3b8e860000, 0x00007f3ba24a0000)
 tenured generation   total 6477464K, used 6463752K [0x00007f4045b50000, 0x00007f41d10f6000, 0x00007f4af0600000)
   the space 6477464K,  99% used [0x00007f4045b50000, 0x00007f41d0392058, 0x00007f41d0392200, 0x00007f41d10f6000)
 Metaspace       used 24250K, capacity 24638K, committed 24832K, reserved 26624K
}
Event: 5967.948 GC heap before
{Heap before GC invocations=6481 (full 4):
 def new generation   total 2914944K, used 2627856K [0x00007f3af0600000, 0x00007f3bb60e0000, 0x00007f4045b50000)
  eden space 2591104K, 100% used [0x00007f3af0600000, 0x00007f3b8e860000, 0x00007f3b8e860000)
  from space 323840K,  11% used [0x00007f3ba24a0000, 0x00007f3ba48842a8, 0x00007f3bb60e0000)
  to   space 323840K,   0% used [0x00007f3b8e860000, 0x00007f3b8e860000, 0x00007f3ba24a0000)
 tenured generation   total 6477464K, used 6463752K [0x00007f4045b50000, 0x00007f41d10f6000, 0x00007f4af0600000)
   the space 6477464K,  99% used [0x00007f4045b50000, 0x00007f41d0392058, 0x00007f41d0392200, 0x00007f41d10f6000)
 Metaspace       used 24250K, capacity 24638K, committed 24832K, reserved 26624K
}
Event: 5967.974 GC heap after
{Heap after GC invocations=6482 (full 4):
 def new generation   total 2914944K, used 38402K [0x00007f3af0600000, 0x00007f3bb60e0000, 0x00007f4045b50000)
  eden space 2591104K,   0% used [0x00007f3af0600000, 0x00007f3af0600000, 0x00007f3b8e860000)
  from space 323840K,  11% used [0x00007f3b8e860000, 0x00007f3b90de08f0, 0x00007f3ba24a0000)
  to   space 323840K,   0% used [0x00007f3ba24a0000, 0x00007f3ba24a0000, 0x00007f3bb60e0000)
 tenured generation   total 6477464K, used 6465168K [0x00007f4045b50000, 0x00007f41d10f6000, 0x00007f4af0600000)
   the space 6477464K,  99% used [0x00007f4045b50000, 0x00007f41d04f4058, 0x00007f41d04f4200, 0x00007f41d10f6000)
 Metaspace       used 24250K, capacity 24638K, committed 24832K, reserved 26624K
}
Event: 5969.515 GC heap before
{Heap before GC invocations=6482 (full 4):
 def new generation   total 2914944K, used 2629506K [0x00007f3af0600000, 0x00007f3bb60e0000, 0x00007f4045b50000)
  eden space 2591104K, 100% used [0x00007f3af0600000, 0x00007f3b8e860000, 0x00007f3b8e860000)
  from space 323840K,  11% used [0x00007f3b8e860000, 0x00007f3b90de08f0, 0x00007f3ba24a0000)
  to   space 323840K,   0% used [0x00007f3ba24a0000, 0x00007f3ba24a0000, 0x00007f3bb60e0000)
 tenured generation   total 6477464K, used 6465168K [0x00007f4045b50000, 0x00007f41d10f6000, 0x00007f4af0600000)
   the space 6477464K,  99% used [0x00007f4045b50000, 0x00007f41d04f4058, 0x00007f41d04f4200, 0x00007f41d10f6000)
 Metaspace       used 24250K, capacity 24638K, committed 24832K, reserved 26624K
}
Event: 5969.552 GC heap after
{Heap after GC invocations=6483 (full 4):
 def new generation   total 2914944K, used 38337K [0x00007f3af0600000, 0x00007f3bb60e0000, 0x00007f4045b50000)
  eden space 2591104K,   0% used [0x00007f3af0600000, 0x00007f3af0600000, 0x00007f3b8e860000)
  from space 323840K,  11% used [0x00007f3ba24a0000, 0x00007f3ba4a10560, 0x00007f3bb60e0000)
  to   space 323840K,   0% used [0x00007f3b8e860000, 0x00007f3b8e860000, 0x00007f3ba24a0000)
 tenured generation   total 6477464K, used 6466496K [0x00007f4045b50000, 0x00007f41d10f6000, 0x00007f4af0600000)
   the space 6477464K,  99% used [0x00007f4045b50000, 0x00007f41d0640098, 0x00007f41d0640200, 0x00007f41d10f6000)
 Metaspace       used 24250K, capacity 24638K, committed 24832K, reserved 26624K
}
Event: 5971.198 GC heap before
{Heap before GC invocations=6483 (full 4):
 def new generation   total 2914944K, used 2629441K [0x00007f3af0600000, 0x00007f3bb60e0000, 0x00007f4045b50000)
  eden space 2591104K, 100% used [0x00007f3af0600000, 0x00007f3b8e860000, 0x00007f3b8e860000)
  from space 323840K,  11% used [0x00007f3ba24a0000, 0x00007f3ba4a10560, 0x00007f3bb60e0000)
  to   space 323840K,   0% used [0x00007f3b8e860000, 0x00007f3b8e860000, 0x00007f3ba24a0000)
 tenured generation   total 6477464K, used 6466496K [0x00007f4045b50000, 0x00007f41d10f6000, 0x00007f4af0600000)
   the space 6477464K,  99% used [0x00007f4045b50000, 0x00007f41d0640098, 0x00007f41d0640200, 0x00007f41d10f6000)
 Metaspace       used 24250K, capacity 24638K, committed 24832K, reserved 26624K
}
Event: 5971.227 GC heap after
{Heap after GC invocations=6484 (full 4):
 def new generation   total 2914944K, used 37199K [0x00007f3af0600000, 0x00007f3bb60e0000, 0x00007f4045b50000)
  eden space 2591104K,   0% used [0x00007f3af0600000, 0x00007f3af0600000, 0x00007f3b8e860000)
  from space 323840K,  11% used [0x00007f3b8e860000, 0x00007f3b90cb3cd8, 0x00007f3ba24a0000)
  to   space 323840K,   0% used [0x00007f3ba24a0000, 0x00007f3ba24a0000, 0x00007f3bb60e0000)
 tenured generation   total 6477464K, used 6468263K [0x00007f4045b50000, 0x00007f41d10f6000, 0x00007f4af0600000)
   the space 6477464K,  99% used [0x00007f4045b50000, 0x00007f41d07f9f68, 0x00007f41d07fa000, 0x00007f41d10f6000)
 Metaspace       used 24250K, capacity 24638K, committed 24832K, reserved 26624K
}
Event: 5972.944 GC heap before
{Heap before GC invocations=6484 (full 4):
 def new generation   total 2914944K, used 2628303K [0x00007f3af0600000, 0x00007f3bb60e0000, 0x00007f4045b50000)
  eden space 2591104K, 100% used [0x00007f3af0600000, 0x00007f3b8e860000, 0x00007f3b8e860000)
  from space 323840K,  11% used [0x00007f3b8e860000, 0x00007f3b90cb3cd8, 0x00007f3ba24a0000)
  to   space 323840K,   0% used [0x00007f3ba24a0000, 0x00007f3ba24a0000, 0x00007f3bb60e0000)
 tenured generation   total 6477464K, used 6468263K [0x00007f4045b50000, 0x00007f41d10f6000, 0x00007f4af0600000)
   the space 6477464K,  99% used [0x00007f4045b50000, 0x00007f41d07f9f68, 0x00007f41d07fa000, 0x00007f41d10f6000)
 Metaspace       used 24250K, capacity 24638K, committed 24832K, reserved 26624K
}
Event: 5972.978 GC heap after
{Heap after GC invocations=6485 (full 4):
 def new generation   total 2914944K, used 35311K [0x00007f3af0600000, 0x00007f3bb60e0000, 0x00007f4045b50000)
  eden space 2591104K,   0% used [0x00007f3af0600000, 0x00007f3af0600000, 0x00007f3b8e860000)
  from space 323840K,  10% used [0x00007f3ba24a0000, 0x00007f3ba471bdf0, 0x00007f3bb60e0000)
  to   space 323840K,   0% used [0x00007f3b8e860000, 0x00007f3b8e860000, 0x00007f3ba24a0000)
 tenured generation   total 6477464K, used 6470910K [0x00007f4045b50000, 0x00007f41d10f6000, 0x00007f4af0600000)
   the space 6477464K,  99% used [0x00007f4045b50000, 0x00007f41d0a8f9a8, 0x00007f41d0a8fa00, 0x00007f41d10f6000)
 Metaspace       used 24250K, capacity 24638K, committed 24832K, reserved 26624K
}
Event: 5974.609 GC heap before
{Heap before GC invocations=6485 (full 4):
 def new generation   total 2914944K, used 2626415K [0x00007f3af0600000, 0x00007f3bb60e0000, 0x00007f4045b50000)
  eden space 2591104K, 100% used [0x00007f3af0600000, 0x00007f3b8e860000, 0x00007f3b8e860000)
  from space 323840K,  10% used [0x00007f3ba24a0000, 0x00007f3ba471bdf0, 0x00007f3bb60e0000)
  to   space 323840K,   0% used [0x00007f3b8e860000, 0x00007f3b8e860000, 0x00007f3ba24a0000)
 tenured generation   total 6477464K, used 6470910K [0x00007f4045b50000, 0x00007f41d10f6000, 0x00007f4af0600000)
   the space 6477464K,  99% used [0x00007f4045b50000, 0x00007f41d0a8f9a8, 0x00007f41d0a8fa00, 0x00007f41d10f6000)
 Metaspace       used 24250K, capacity 24638K, committed 24832K, reserved 26624K
}
Event: 5974.639 GC heap after
{Heap after GC invocations=6486 (full 4):
 def new generation   total 2914944K, used 33658K [0x00007f3af0600000, 0x00007f3bb60e0000, 0x00007f4045b50000)
  eden space 2591104K,   0% used [0x00007f3af0600000, 0x00007f3af0600000, 0x00007f3b8e860000)
  from space 323840K,  10% used [0x00007f3b8e860000, 0x00007f3b9093e808, 0x00007f3ba24a0000)
  to   space 323840K,   0% used [0x00007f3ba24a0000, 0x00007f3ba24a0000, 0x00007f3bb60e0000)
 tenured generation   total 6477464K, used 6473556K [0x00007f4045b50000, 0x00007f41d10f6000, 0x00007f4af0600000)
   the space 6477464K,  99% used [0x00007f4045b50000, 0x00007f41d0d253e8, 0x00007f41d0d25400, 0x00007f41d10f6000)
 Metaspace       used 24250K, capacity 24638K, committed 24832K, reserved 26624K
}
Event: 5976.361 GC heap before
{Heap before GC invocations=6486 (full 4):
 def new generation   total 2914944K, used 2624762K [0x00007f3af0600000, 0x00007f3bb60e0000, 0x00007f4045b50000)
  eden space 2591104K, 100% used [0x00007f3af0600000, 0x00007f3b8e860000, 0x00007f3b8e860000)
  from space 323840K,  10% used [0x00007f3b8e860000, 0x00007f3b9093e808, 0x00007f3ba24a0000)
  to   space 323840K,   0% used [0x00007f3ba24a0000, 0x00007f3ba24a0000, 0x00007f3bb60e0000)
 tenured generation   total 6477464K, used 6473556K [0x00007f4045b50000, 0x00007f41d10f6000, 0x00007f4af0600000)
   the space 6477464K,  99% used [0x00007f4045b50000, 0x00007f41d0d253e8, 0x00007f41d0d25400, 0x00007f41d10f6000)
 Metaspace       used 24250K, capacity 24638K, committed 24832K, reserved 26624K
}
Event: 5976.395 GC heap after
{Heap after GC invocations=6487 (full 4):
 def new generation   total 2914944K, used 32087K [0x00007f3af0600000, 0x00007f3bb60e0000, 0x00007f4045b50000)
  eden space 2591104K,   0% used [0x00007f3af0600000, 0x00007f3af0600000, 0x00007f3b8e860000)
  from space 323840K,   9% used [0x00007f3ba24a0000, 0x00007f3ba43f5f78, 0x00007f3bb60e0000)
  to   space 323840K,   0% used [0x00007f3b8e860000, 0x00007f3b8e860000, 0x00007f3ba24a0000)
 tenured generation   total 6477464K, used 6476291K [0x00007f4045b50000, 0x00007f41d10f6000, 0x00007f4af0600000)
   the space 6477464K,  99% used [0x00007f4045b50000, 0x00007f41d0fd0f08, 0x00007f41d0fd1000, 0x00007f41d10f6000)
 Metaspace       used 24250K, capacity 24638K, committed 24832K, reserved 26624K
}
Event: 5978.033 GC heap before
{Heap before GC invocations=6487 (full 4):
 def new generation   total 2914944K, used 2623191K [0x00007f3af0600000, 0x00007f3bb60e0000, 0x00007f4045b50000)
  eden space 2591104K, 100% used [0x00007f3af0600000, 0x00007f3b8e860000, 0x00007f3b8e860000)
  from space 323840K,   9% used [0x00007f3ba24a0000, 0x00007f3ba43f5f78, 0x00007f3bb60e0000)
  to   space 323840K,   0% used [0x00007f3b8e860000, 0x00007f3b8e860000, 0x00007f3ba24a0000)
 tenured generation   total 6477464K, used 6476291K [0x00007f4045b50000, 0x00007f41d10f6000, 0x00007f4af0600000)
   the space 6477464K,  99% used [0x00007f4045b50000, 0x00007f41d0fd0f08, 0x00007f41d0fd1000, 0x00007f41d10f6000)
 Metaspace       used 24250K, capacity 24638K, committed 24832K, reserved 26624K
}
Event: 5978.062 GC heap after
{Heap after GC invocations=6488 (full 4):
 def new generation   total 2914944K, used 30852K [0x00007f3af0600000, 0x00007f3bb60e0000, 0x00007f4045b50000)
  eden space 2591104K,   0% used [0x00007f3af0600000, 0x00007f3af0600000, 0x00007f3b8e860000)
  from space 323840K,   9% used [0x00007f3b8e860000, 0x00007f3b90681398, 0x00007f3ba24a0000)
  to   space 323840K,   0% used [0x00007f3ba24a0000, 0x00007f3ba24a0000, 0x00007f3bb60e0000)
 tenured generation   total 6479000K, used 6478938K [0x00007f4045b50000, 0x00007f41d1276000, 0x00007f4af0600000)
   the space 6479000K,  99% used [0x00007f4045b50000, 0x00007f41d1266948, 0x00007f41d1266a00, 0x00007f41d1276000)
 Metaspace       used 24250K, capacity 24638K, committed 24832K, reserved 26624K
}
Event: 5978.062 GC heap before
{Heap before GC invocations=6488 (full 4):
 def new generation   total 2914944K, used 30852K [0x00007f3af0600000, 0x00007f3bb60e0000, 0x00007f4045b50000)
  eden space 2591104K,   0% used [0x00007f3af0600000, 0x00007f3af0600000, 0x00007f3b8e860000)
  from space 323840K,   9% used [0x00007f3b8e860000, 0x00007f3b90681398, 0x00007f3ba24a0000)
  to   space 323840K,   0% used [0x00007f3ba24a0000, 0x00007f3ba24a0000, 0x00007f3bb60e0000)
 tenured generation   total 6479000K, used 6478938K [0x00007f4045b50000, 0x00007f41d1276000, 0x00007f4af0600000)
   the space 6479000K,  99% used [0x00007f4045b50000, 0x00007f41d1266948, 0x00007f41d1266a00, 0x00007f41d1276000)
 Metaspace       used 24250K, capacity 24638K, committed 24832K, reserved 26624K
}

