# JRE version: OpenJDK Runtime Environment (13.0.7+5) (build 13.0.7+5-Ubuntu-0ubuntu120.04)
# Java VM: OpenJDK 64-Bit Server VM (13.0.7+5-Ubuntu-0ubuntu120.04, mixed mode, tiered, serial gc, linux-amd64)
Heap:
 def new generation   total 1748544K, used 0K [0x00007f08d0600000, 0x00007f0946f40000, 0x00007f0e25b50000)
  eden space 1554304K,   0% used [0x00007f08d0600000, 0x00007f08d0600000, 0x00007f092f3e0000)
  from space 194240K,   0% used [0x00007f092f3e0000, 0x00007f092f3e0000, 0x00007f093b190000)
  to   space 194240K,   0% used [0x00007f093b190000, 0x00007f093b190000, 0x00007f0946f40000)
 tenured generation   total 3886208K, used 3874915K [0x00007f0e25b50000, 0x00007f0f12e70000, 0x00007f18d0600000)
   the space 3886208K,  99% used [0x00007f0e25b50000, 0x00007f0f12368ea0, 0x00007f0f12369000, 0x00007f0f12e70000)
 Metaspace       used 24347K, capacity 24721K, committed 24832K, reserved 26624K
GC Heap History (20 events):
Event: 6459.868 GC heap after
{Heap after GC invocations=11202 (full 3):
 def new generation   total 1748544K, used 11364K [0x00007f08d0600000, 0x00007f0946f40000, 0x00007f0e25b50000)
  eden space 1554304K,   0% used [0x00007f08d0600000, 0x00007f08d0600000, 0x00007f092f3e0000)
  from space 194240K,   5% used [0x00007f093b190000, 0x00007f093bca9028, 0x00007f0946f40000)
  to   space 194240K,   0% used [0x00007f092f3e0000, 0x00007f092f3e0000, 0x00007f093b190000)
 tenured generation   total 3885440K, used 3878782K [0x00007f0e25b50000, 0x00007f0f12db0000, 0x00007f18d0600000)
   the space 3885440K,  99% used [0x00007f0e25b50000, 0x00007f0f1272fb40, 0x00007f0f1272fc00, 0x00007f0f12db0000)
 Metaspace       used 24347K, capacity 24721K, committed 24832K, reserved 26624K
}
Event: 6460.934 GC heap before
{Heap before GC invocations=11202 (full 3):
 def new generation   total 1748544K, used 1565668K [0x00007f08d0600000, 0x00007f0946f40000, 0x00007f0e25b50000)
  eden space 1554304K, 100% used [0x00007f08d0600000, 0x00007f092f3e0000, 0x00007f092f3e0000)
  from space 194240K,   5% used [0x00007f093b190000, 0x00007f093bca9028, 0x00007f0946f40000)
  to   space 194240K,   0% used [0x00007f092f3e0000, 0x00007f092f3e0000, 0x00007f093b190000)
 tenured generation   total 3885440K, used 3878782K [0x00007f0e25b50000, 0x00007f0f12db0000, 0x00007f18d0600000)
   the space 3885440K,  99% used [0x00007f0e25b50000, 0x00007f0f1272fb40, 0x00007f0f1272fc00, 0x00007f0f12db0000)
 Metaspace       used 24347K, capacity 24721K, committed 24832K, reserved 26624K
}
Event: 6460.949 GC heap after
{Heap after GC invocations=11203 (full 3):
 def new generation   total 1748544K, used 11365K [0x00007f08d0600000, 0x00007f0946f40000, 0x00007f0e25b50000)
  eden space 1554304K,   0% used [0x00007f08d0600000, 0x00007f08d0600000, 0x00007f092f3e0000)
  from space 194240K,   5% used [0x00007f092f3e0000, 0x00007f092fef9410, 0x00007f093b190000)
  to   space 194240K,   0% used [0x00007f093b190000, 0x00007f093b190000, 0x00007f0946f40000)
 tenured generation   total 3885440K, used 3879274K [0x00007f0e25b50000, 0x00007f0f12db0000, 0x00007f18d0600000)
   the space 3885440K,  99% used [0x00007f0e25b50000, 0x00007f0f127aab50, 0x00007f0f127aac00, 0x00007f0f12db0000)
 Metaspace       used 24347K, capacity 24721K, committed 24832K, reserved 26624K
}
Event: 6461.993 GC heap before
{Heap before GC invocations=11203 (full 3):
 def new generation   total 1748544K, used 1565669K [0x00007f08d0600000, 0x00007f0946f40000, 0x00007f0e25b50000)
  eden space 1554304K, 100% used [0x00007f08d0600000, 0x00007f092f3e0000, 0x00007f092f3e0000)
  from space 194240K,   5% used [0x00007f092f3e0000, 0x00007f092fef9410, 0x00007f093b190000)
  to   space 194240K,   0% used [0x00007f093b190000, 0x00007f093b190000, 0x00007f0946f40000)
 tenured generation   total 3885440K, used 3879274K [0x00007f0e25b50000, 0x00007f0f12db0000, 0x00007f18d0600000)
   the space 3885440K,  99% used [0x00007f0e25b50000, 0x00007f0f127aab50, 0x00007f0f127aac00, 0x00007f0f12db0000)
 Metaspace       used 24347K, capacity 24721K, committed 24832K, reserved 26624K
}
Event: 6462.014 GC heap after
{Heap after GC invocations=11204 (full 3):
 def new generation   total 1748544K, used 11376K [0x00007f08d0600000, 0x00007f0946f40000, 0x00007f0e25b50000)
  eden space 1554304K,   0% used [0x00007f08d0600000, 0x00007f08d0600000, 0x00007f092f3e0000)
  from space 194240K,   5% used [0x00007f093b190000, 0x00007f093bcac140, 0x00007f0946f40000)
  to   space 194240K,   0% used [0x00007f092f3e0000, 0x00007f092f3e0000, 0x00007f093b190000)
 tenured generation   total 3885440K, used 3879767K [0x00007f0e25b50000, 0x00007f0f12db0000, 0x00007f18d0600000)
   the space 3885440K,  99% used [0x00007f0e25b50000, 0x00007f0f12825da0, 0x00007f0f12825e00, 0x00007f0f12db0000)
 Metaspace       used 24347K, capacity 24721K, committed 24832K, reserved 26624K
}
Event: 6463.073 GC heap before
{Heap before GC invocations=11204 (full 3):
 def new generation   total 1748544K, used 1565680K [0x00007f08d0600000, 0x00007f0946f40000, 0x00007f0e25b50000)
  eden space 1554304K, 100% used [0x00007f08d0600000, 0x00007f092f3e0000, 0x00007f092f3e0000)
  from space 194240K,   5% used [0x00007f093b190000, 0x00007f093bcac140, 0x00007f0946f40000)
  to   space 194240K,   0% used [0x00007f092f3e0000, 0x00007f092f3e0000, 0x00007f093b190000)
 tenured generation   total 3885440K, used 3879767K [0x00007f0e25b50000, 0x00007f0f12db0000, 0x00007f18d0600000)
   the space 3885440K,  99% used [0x00007f0e25b50000, 0x00007f0f12825da0, 0x00007f0f12825e00, 0x00007f0f12db0000)
 Metaspace       used 24347K, capacity 24721K, committed 24832K, reserved 26624K
}
Event: 6463.090 GC heap after
{Heap after GC invocations=11205 (full 3):
 def new generation   total 1748544K, used 11369K [0x00007f08d0600000, 0x00007f0946f40000, 0x00007f0e25b50000)
  eden space 1554304K,   0% used [0x00007f08d0600000, 0x00007f08d0600000, 0x00007f092f3e0000)
  from space 194240K,   5% used [0x00007f092f3e0000, 0x00007f092fefa778, 0x00007f093b190000)
  to   space 194240K,   0% used [0x00007f093b190000, 0x00007f093b190000, 0x00007f0946f40000)
 tenured generation   total 3885440K, used 3880259K [0x00007f0e25b50000, 0x00007f0f12db0000, 0x00007f18d0600000)
   the space 3885440K,  99% used [0x00007f0e25b50000, 0x00007f0f128a0ff0, 0x00007f0f128a1000, 0x00007f0f12db0000)
 Metaspace       used 24347K, capacity 24721K, committed 24832K, reserved 26624K
}
Event: 6464.107 GC heap before
{Heap before GC invocations=11205 (full 3):
 def new generation   total 1748544K, used 1565673K [0x00007f08d0600000, 0x00007f0946f40000, 0x00007f0e25b50000)
  eden space 1554304K, 100% used [0x00007f08d0600000, 0x00007f092f3e0000, 0x00007f092f3e0000)
  from space 194240K,   5% used [0x00007f092f3e0000, 0x00007f092fefa778, 0x00007f093b190000)
  to   space 194240K,   0% used [0x00007f093b190000, 0x00007f093b190000, 0x00007f0946f40000)
 tenured generation   total 3885440K, used 3880259K [0x00007f0e25b50000, 0x00007f0f12db0000, 0x00007f18d0600000)
   the space 3885440K,  99% used [0x00007f0e25b50000, 0x00007f0f128a0ff0, 0x00007f0f128a1000, 0x00007f0f12db0000)
 Metaspace       used 24347K, capacity 24721K, committed 24832K, reserved 26624K
}
Event: 6464.125 GC heap after
{Heap after GC invocations=11206 (full 3):
 def new generation   total 1748544K, used 11371K [0x00007f08d0600000, 0x00007f0946f40000, 0x00007f0e25b50000)
  eden space 1554304K,   0% used [0x00007f08d0600000, 0x00007f08d0600000, 0x00007f092f3e0000)
  from space 194240K,   5% used [0x00007f093b190000, 0x00007f093bcaace8, 0x00007f0946f40000)
  to   space 194240K,   0% used [0x00007f092f3e0000, 0x00007f092f3e0000, 0x00007f093b190000)
 tenured generation   total 3885440K, used 3880752K [0x00007f0e25b50000, 0x00007f0f12db0000, 0x00007f18d0600000)
   the space 3885440K,  99% used [0x00007f0e25b50000, 0x00007f0f1291c240, 0x00007f0f1291c400, 0x00007f0f12db0000)
 Metaspace       used 24347K, capacity 24721K, committed 24832K, reserved 26624K
}
Event: 6465.215 GC heap before
{Heap before GC invocations=11206 (full 3):
 def new generation   total 1748544K, used 1565675K [0x00007f08d0600000, 0x00007f0946f40000, 0x00007f0e25b50000)
  eden space 1554304K, 100% used [0x00007f08d0600000, 0x00007f092f3e0000, 0x00007f092f3e0000)
  from space 194240K,   5% used [0x00007f093b190000, 0x00007f093bcaace8, 0x00007f0946f40000)
  to   space 194240K,   0% used [0x00007f092f3e0000, 0x00007f092f3e0000, 0x00007f093b190000)
 tenured generation   total 3885440K, used 3880752K [0x00007f0e25b50000, 0x00007f0f12db0000, 0x00007f18d0600000)
   the space 3885440K,  99% used [0x00007f0e25b50000, 0x00007f0f1291c240, 0x00007f0f1291c400, 0x00007f0f12db0000)
 Metaspace       used 24347K, capacity 24721K, committed 24832K, reserved 26624K
}
Event: 6465.236 GC heap after
{Heap after GC invocations=11207 (full 3):
 def new generation   total 1748544K, used 11386K [0x00007f08d0600000, 0x00007f0946f40000, 0x00007f0e25b50000)
  eden space 1554304K,   0% used [0x00007f08d0600000, 0x00007f08d0600000, 0x00007f092f3e0000)
  from space 194240K,   5% used [0x00007f092f3e0000, 0x00007f092fefe9a0, 0x00007f093b190000)
  to   space 194240K,   0% used [0x00007f093b190000, 0x00007f093b190000, 0x00007f0946f40000)
 tenured generation   total 3885440K, used 3881226K [0x00007f0e25b50000, 0x00007f0f12db0000, 0x00007f18d0600000)
   the space 3885440K,  99% used [0x00007f0e25b50000, 0x00007f0f12992800, 0x00007f0f12992800, 0x00007f0f12db0000)
 Metaspace       used 24347K, capacity 24721K, committed 24832K, reserved 26624K
}
Event: 6466.305 GC heap before
{Heap before GC invocations=11207 (full 3):
 def new generation   total 1748544K, used 1565690K [0x00007f08d0600000, 0x00007f0946f40000, 0x00007f0e25b50000)
  eden space 1554304K, 100% used [0x00007f08d0600000, 0x00007f092f3e0000, 0x00007f092f3e0000)
  from space 194240K,   5% used [0x00007f092f3e0000, 0x00007f092fefe9a0, 0x00007f093b190000)
  to   space 194240K,   0% used [0x00007f093b190000, 0x00007f093b190000, 0x00007f0946f40000)
 tenured generation   total 3885440K, used 3881226K [0x00007f0e25b50000, 0x00007f0f12db0000, 0x00007f18d0600000)
   the space 3885440K,  99% used [0x00007f0e25b50000, 0x00007f0f12992800, 0x00007f0f12992800, 0x00007f0f12db0000)
 Metaspace       used 24347K, capacity 24721K, committed 24832K, reserved 26624K
}
Event: 6466.327 GC heap after
{Heap after GC invocations=11208 (full 3):
 def new generation   total 1748544K, used 11328K [0x00007f08d0600000, 0x00007f0946f40000, 0x00007f0e25b50000)
  eden space 1554304K,   0% used [0x00007f08d0600000, 0x00007f08d0600000, 0x00007f092f3e0000)
  from space 194240K,   5% used [0x00007f093b190000, 0x00007f093bca0268, 0x00007f0946f40000)
  to   space 194240K,   0% used [0x00007f092f3e0000, 0x00007f092f3e0000, 0x00007f093b190000)
 tenured generation   total 3885440K, used 3881756K [0x00007f0e25b50000, 0x00007f0f12db0000, 0x00007f18d0600000)
   the space 3885440K,  99% used [0x00007f0e25b50000, 0x00007f0f12a171c0, 0x00007f0f12a17200, 0x00007f0f12db0000)
 Metaspace       used 24347K, capacity 24721K, committed 24832K, reserved 26624K
}
Event: 6467.367 GC heap before
{Heap before GC invocations=11208 (full 3):
 def new generation   total 1748544K, used 1565632K [0x00007f08d0600000, 0x00007f0946f40000, 0x00007f0e25b50000)
  eden space 1554304K, 100% used [0x00007f08d0600000, 0x00007f092f3e0000, 0x00007f092f3e0000)
  from space 194240K,   5% used [0x00007f093b190000, 0x00007f093bca0268, 0x00007f0946f40000)
  to   space 194240K,   0% used [0x00007f092f3e0000, 0x00007f092f3e0000, 0x00007f093b190000)
 tenured generation   total 3885440K, used 3881756K [0x00007f0e25b50000, 0x00007f0f12db0000, 0x00007f18d0600000)
   the space 3885440K,  99% used [0x00007f0e25b50000, 0x00007f0f12a171c0, 0x00007f0f12a17200, 0x00007f0f12db0000)
 Metaspace       used 24347K, capacity 24721K, committed 24832K, reserved 26624K
}
Event: 6467.387 GC heap after
{Heap after GC invocations=11209 (full 3):
 def new generation   total 1748544K, used 11168K [0x00007f08d0600000, 0x00007f0946f40000, 0x00007f0e25b50000)
  eden space 1554304K,   0% used [0x00007f08d0600000, 0x00007f08d0600000, 0x00007f092f3e0000)
  from space 194240K,   5% used [0x00007f092f3e0000, 0x00007f092fec8158, 0x00007f093b190000)
  to   space 194240K,   0% used [0x00007f093b190000, 0x00007f093b190000, 0x00007f0946f40000)
 tenured generation   total 3885440K, used 3882555K [0x00007f0e25b50000, 0x00007f0f12db0000, 0x00007f18d0600000)
   the space 3885440K,  99% used [0x00007f0e25b50000, 0x00007f0f12adee30, 0x00007f0f12adf000, 0x00007f0f12db0000)
 Metaspace       used 24347K, capacity 24721K, committed 24832K, reserved 26624K
}
Event: 6468.463 GC heap before
{Heap before GC invocations=11209 (full 3):
 def new generation   total 1748544K, used 1565472K [0x00007f08d0600000, 0x00007f0946f40000, 0x00007f0e25b50000)
  eden space 1554304K, 100% used [0x00007f08d0600000, 0x00007f092f3e0000, 0x00007f092f3e0000)
  from space 194240K,   5% used [0x00007f092f3e0000, 0x00007f092fec8158, 0x00007f093b190000)
  to   space 194240K,   0% used [0x00007f093b190000, 0x00007f093b190000, 0x00007f0946f40000)
 tenured generation   total 3885440K, used 3882555K [0x00007f0e25b50000, 0x00007f0f12db0000, 0x00007f18d0600000)
   the space 3885440K,  99% used [0x00007f0e25b50000, 0x00007f0f12adee30, 0x00007f0f12adf000, 0x00007f0f12db0000)
 Metaspace       used 24347K, capacity 24721K, committed 24832K, reserved 26624K
}
Event: 6468.482 GC heap after
{Heap after GC invocations=11210 (full 3):
 def new generation   total 1748544K, used 10024K [0x00007f08d0600000, 0x00007f0946f40000, 0x00007f0e25b50000)
  eden space 1554304K,   0% used [0x00007f08d0600000, 0x00007f08d0600000, 0x00007f092f3e0000)
  from space 194240K,   5% used [0x00007f093b190000, 0x00007f093bb5a1a0, 0x00007f0946f40000)
  to   space 194240K,   0% used [0x00007f092f3e0000, 0x00007f092f3e0000, 0x00007f093b190000)
 tenured generation   total 3885440K, used 3884348K [0x00007f0e25b50000, 0x00007f0f12db0000, 0x00007f18d0600000)
   the space 3885440K,  99% used [0x00007f0e25b50000, 0x00007f0f12c9f240, 0x00007f0f12c9f400, 0x00007f0f12db0000)
 Metaspace       used 24347K, capacity 24721K, committed 24832K, reserved 26624K
}
Event: 6469.497 GC heap before
{Heap before GC invocations=11210 (full 3):
 def new generation   total 1748544K, used 1564328K [0x00007f08d0600000, 0x00007f0946f40000, 0x00007f0e25b50000)
  eden space 1554304K, 100% used [0x00007f08d0600000, 0x00007f092f3e0000, 0x00007f092f3e0000)
  from space 194240K,   5% used [0x00007f093b190000, 0x00007f093bb5a1a0, 0x00007f0946f40000)
  to   space 194240K,   0% used [0x00007f092f3e0000, 0x00007f092f3e0000, 0x00007f093b190000)
 tenured generation   total 3885440K, used 3884348K [0x00007f0e25b50000, 0x00007f0f12db0000, 0x00007f18d0600000)
   the space 3885440K,  99% used [0x00007f0e25b50000, 0x00007f0f12c9f240, 0x00007f0f12c9f400, 0x00007f0f12db0000)
 Metaspace       used 24347K, capacity 24721K, committed 24832K, reserved 26624K
}
Event: 6469.515 GC heap after
{Heap after GC invocations=11211 (full 3):
 def new generation   total 1748544K, used 8924K [0x00007f08d0600000, 0x00007f0946f40000, 0x00007f0e25b50000)
  eden space 1554304K,   0% used [0x00007f08d0600000, 0x00007f08d0600000, 0x00007f092f3e0000)
  from space 194240K,   4% used [0x00007f092f3e0000, 0x00007f092fc97190, 0x00007f093b190000)
  to   space 194240K,   0% used [0x00007f093b190000, 0x00007f093b190000, 0x00007f0946f40000)
 tenured generation   total 3886208K, used 3886126K [0x00007f0e25b50000, 0x00007f0f12e70000, 0x00007f18d0600000)
   the space 3886208K,  99% used [0x00007f0e25b50000, 0x00007f0f12e5bb00, 0x00007f0f12e5bc00, 0x00007f0f12e70000)
 Metaspace       used 24347K, capacity 24721K, committed 24832K, reserved 26624K
}
Event: 6469.515 GC heap before
{Heap before GC invocations=11211 (full 3):
 def new generation   total 1748544K, used 8924K [0x00007f08d0600000, 0x00007f0946f40000, 0x00007f0e25b50000)
  eden space 1554304K,   0% used [0x00007f08d0600000, 0x00007f08d0600000, 0x00007f092f3e0000)
  from space 194240K,   4% used [0x00007f092f3e0000, 0x00007f092fc97190, 0x00007f093b190000)
  to   space 194240K,   0% used [0x00007f093b190000, 0x00007f093b190000, 0x00007f0946f40000)
 tenured generation   total 3886208K, used 3886126K [0x00007f0e25b50000, 0x00007f0f12e70000, 0x00007f18d0600000)
   the space 3886208K,  99% used [0x00007f0e25b50000, 0x00007f0f12e5bb00, 0x00007f0f12e5bc00, 0x00007f0f12e70000)
 Metaspace       used 24347K, capacity 24721K, committed 24832K, reserved 26624K
}

