# JRE version: OpenJDK Runtime Environment (13.0.7+5) (build 13.0.7+5-Ubuntu-0ubuntu120.04)
# Java VM: OpenJDK 64-Bit Server VM (13.0.7+5-Ubuntu-0ubuntu120.04, mixed mode, tiered, serial gc, linux-amd64)
Heap:
 def new generation   total 2906560K, used 18551K [0x00007f1bd8600000, 0x00007f1c9d7d0000, 0x00007f212db50000)
  eden space 2583616K,   0% used [0x00007f1bd8600000, 0x00007f1bd981dd58, 0x00007f1c76110000)
  from space 322944K,   0% used [0x00007f1c89c70000, 0x00007f1c89c70000, 0x00007f1c9d7d0000)
  to   space 322944K,   0% used [0x00007f1c76110000, 0x00007f1c76110000, 0x00007f1c89c70000)
 tenured generation   total 6460316K, used 6460315K [0x00007f212db50000, 0x00007f22b8037000, 0x00007f2bd8600000)
   the space 6460316K,  99% used [0x00007f212db50000, 0x00007f22b8036f90, 0x00007f22b8037000, 0x00007f22b8037000)
 Metaspace       used 24358K, capacity 24781K, committed 24832K, reserved 26624K
GC Heap History (20 events):
Event: 11570.420 GC heap after
{Heap after GC invocations=11382 (full 4):
 def new generation   total 2906560K, used 17976K [0x00007f1bd8600000, 0x00007f1c9d7d0000, 0x00007f212db50000)
  eden space 2583616K,   0% used [0x00007f1bd8600000, 0x00007f1bd8600000, 0x00007f1c76110000)
  from space 322944K,   5% used [0x00007f1c76110000, 0x00007f1c7729e0c8, 0x00007f1c89c70000)
  to   space 322944K,   0% used [0x00007f1c89c70000, 0x00007f1c89c70000, 0x00007f1c9d7d0000)
 tenured generation   total 6458972K, used 6450898K [0x00007f212db50000, 0x00007f22b7ee7000, 0x00007f2bd8600000)
   the space 6458972K,  99% used [0x00007f212db50000, 0x00007f22b7704ba8, 0x00007f22b7704c00, 0x00007f22b7ee7000)
 Metaspace       used 24358K, capacity 24781K, committed 24832K, reserved 26624K
}
Event: 11572.324 GC heap before
{Heap before GC invocations=11382 (full 4):
 def new generation   total 2906560K, used 2601592K [0x00007f1bd8600000, 0x00007f1c9d7d0000, 0x00007f212db50000)
  eden space 2583616K, 100% used [0x00007f1bd8600000, 0x00007f1c76110000, 0x00007f1c76110000)
  from space 322944K,   5% used [0x00007f1c76110000, 0x00007f1c7729e0c8, 0x00007f1c89c70000)
  to   space 322944K,   0% used [0x00007f1c89c70000, 0x00007f1c89c70000, 0x00007f1c9d7d0000)
 tenured generation   total 6458972K, used 6450898K [0x00007f212db50000, 0x00007f22b7ee7000, 0x00007f2bd8600000)
   the space 6458972K,  99% used [0x00007f212db50000, 0x00007f22b7704ba8, 0x00007f22b7704c00, 0x00007f22b7ee7000)
 Metaspace       used 24358K, capacity 24781K, committed 24832K, reserved 26624K
}
Event: 11572.353 GC heap after
{Heap after GC invocations=11383 (full 4):
 def new generation   total 2906560K, used 18839K [0x00007f1bd8600000, 0x00007f1c9d7d0000, 0x00007f212db50000)
  eden space 2583616K,   0% used [0x00007f1bd8600000, 0x00007f1bd8600000, 0x00007f1c76110000)
  from space 322944K,   5% used [0x00007f1c89c70000, 0x00007f1c8aed5dc8, 0x00007f1c9d7d0000)
  to   space 322944K,   0% used [0x00007f1c76110000, 0x00007f1c76110000, 0x00007f1c89c70000)
 tenured generation   total 6458972K, used 6451939K [0x00007f212db50000, 0x00007f22b7ee7000, 0x00007f2bd8600000)
   the space 6458972K,  99% used [0x00007f212db50000, 0x00007f22b7808dd8, 0x00007f22b7808e00, 0x00007f22b7ee7000)
 Metaspace       used 24358K, capacity 24781K, committed 24832K, reserved 26624K
}
Event: 11574.288 GC heap before
{Heap before GC invocations=11383 (full 4):
 def new generation   total 2906560K, used 2602455K [0x00007f1bd8600000, 0x00007f1c9d7d0000, 0x00007f212db50000)
  eden space 2583616K,  99% used [0x00007f1bd8600000, 0x00007f1c7610fff8, 0x00007f1c76110000)
  from space 322944K,   5% used [0x00007f1c89c70000, 0x00007f1c8aed5dc8, 0x00007f1c9d7d0000)
  to   space 322944K,   0% used [0x00007f1c76110000, 0x00007f1c76110000, 0x00007f1c89c70000)
 tenured generation   total 6458972K, used 6451939K [0x00007f212db50000, 0x00007f22b7ee7000, 0x00007f2bd8600000)
   the space 6458972K,  99% used [0x00007f212db50000, 0x00007f22b7808dd8, 0x00007f22b7808e00, 0x00007f22b7ee7000)
 Metaspace       used 24358K, capacity 24781K, committed 24832K, reserved 26624K
}
Event: 11574.320 GC heap after
{Heap after GC invocations=11384 (full 4):
 def new generation   total 2906560K, used 19479K [0x00007f1bd8600000, 0x00007f1c9d7d0000, 0x00007f212db50000)
  eden space 2583616K,   0% used [0x00007f1bd8600000, 0x00007f1bd8600000, 0x00007f1c76110000)
  from space 322944K,   6% used [0x00007f1c76110000, 0x00007f1c77415d78, 0x00007f1c89c70000)
  to   space 322944K,   0% used [0x00007f1c89c70000, 0x00007f1c89c70000, 0x00007f1c9d7d0000)
 tenured generation   total 6458972K, used 6452925K [0x00007f212db50000, 0x00007f22b7ee7000, 0x00007f2bd8600000)
   the space 6458972K,  99% used [0x00007f212db50000, 0x00007f22b78ff4f8, 0x00007f22b78ff600, 0x00007f22b7ee7000)
 Metaspace       used 24358K, capacity 24781K, committed 24832K, reserved 26624K
}
Event: 11576.253 GC heap before
{Heap before GC invocations=11384 (full 4):
 def new generation   total 2906560K, used 2603095K [0x00007f1bd8600000, 0x00007f1c9d7d0000, 0x00007f212db50000)
  eden space 2583616K, 100% used [0x00007f1bd8600000, 0x00007f1c76110000, 0x00007f1c76110000)
  from space 322944K,   6% used [0x00007f1c76110000, 0x00007f1c77415d78, 0x00007f1c89c70000)
  to   space 322944K,   0% used [0x00007f1c89c70000, 0x00007f1c89c70000, 0x00007f1c9d7d0000)
 tenured generation   total 6458972K, used 6452925K [0x00007f212db50000, 0x00007f22b7ee7000, 0x00007f2bd8600000)
   the space 6458972K,  99% used [0x00007f212db50000, 0x00007f22b78ff4f8, 0x00007f22b78ff600, 0x00007f22b7ee7000)
 Metaspace       used 24358K, capacity 24781K, committed 24832K, reserved 26624K
}
Event: 11576.277 GC heap after
{Heap after GC invocations=11385 (full 4):
 def new generation   total 2906560K, used 19219K [0x00007f1bd8600000, 0x00007f1c9d7d0000, 0x00007f212db50000)
  eden space 2583616K,   0% used [0x00007f1bd8600000, 0x00007f1bd8600000, 0x00007f1c76110000)
  from space 322944K,   5% used [0x00007f1c89c70000, 0x00007f1c8af34c88, 0x00007f1c9d7d0000)
  to   space 322944K,   0% used [0x00007f1c76110000, 0x00007f1c76110000, 0x00007f1c89c70000)
 tenured generation   total 6458972K, used 6453911K [0x00007f212db50000, 0x00007f22b7ee7000, 0x00007f2bd8600000)
   the space 6458972K,  99% used [0x00007f212db50000, 0x00007f22b79f5c18, 0x00007f22b79f5e00, 0x00007f22b7ee7000)
 Metaspace       used 24358K, capacity 24781K, committed 24832K, reserved 26624K
}
Event: 11578.222 GC heap before
{Heap before GC invocations=11385 (full 4):
 def new generation   total 2906560K, used 2602835K [0x00007f1bd8600000, 0x00007f1c9d7d0000, 0x00007f212db50000)
  eden space 2583616K, 100% used [0x00007f1bd8600000, 0x00007f1c76110000, 0x00007f1c76110000)
  from space 322944K,   5% used [0x00007f1c89c70000, 0x00007f1c8af34c88, 0x00007f1c9d7d0000)
  to   space 322944K,   0% used [0x00007f1c76110000, 0x00007f1c76110000, 0x00007f1c89c70000)
 tenured generation   total 6458972K, used 6453911K [0x00007f212db50000, 0x00007f22b7ee7000, 0x00007f2bd8600000)
   the space 6458972K,  99% used [0x00007f212db50000, 0x00007f22b79f5c18, 0x00007f22b79f5e00, 0x00007f22b7ee7000)
 Metaspace       used 24358K, capacity 24781K, committed 24832K, reserved 26624K
}
Event: 11578.251 GC heap after
{Heap after GC invocations=11386 (full 4):
 def new generation   total 2906560K, used 19014K [0x00007f1bd8600000, 0x00007f1c9d7d0000, 0x00007f212db50000)
  eden space 2583616K,   0% used [0x00007f1bd8600000, 0x00007f1bd8600000, 0x00007f1c76110000)
  from space 322944K,   5% used [0x00007f1c76110000, 0x00007f1c773a1820, 0x00007f1c89c70000)
  to   space 322944K,   0% used [0x00007f1c89c70000, 0x00007f1c89c70000, 0x00007f1c9d7d0000)
 tenured generation   total 6458972K, used 6454951K [0x00007f212db50000, 0x00007f22b7ee7000, 0x00007f2bd8600000)
   the space 6458972K,  99% used [0x00007f212db50000, 0x00007f22b7af9e48, 0x00007f22b7afa000, 0x00007f22b7ee7000)
 Metaspace       used 24358K, capacity 24781K, committed 24832K, reserved 26624K
}
Event: 11580.181 GC heap before
{Heap before GC invocations=11386 (full 4):
 def new generation   total 2906560K, used 2602630K [0x00007f1bd8600000, 0x00007f1c9d7d0000, 0x00007f212db50000)
  eden space 2583616K, 100% used [0x00007f1bd8600000, 0x00007f1c76110000, 0x00007f1c76110000)
  from space 322944K,   5% used [0x00007f1c76110000, 0x00007f1c773a1820, 0x00007f1c89c70000)
  to   space 322944K,   0% used [0x00007f1c89c70000, 0x00007f1c89c70000, 0x00007f1c9d7d0000)
 tenured generation   total 6458972K, used 6454951K [0x00007f212db50000, 0x00007f22b7ee7000, 0x00007f2bd8600000)
   the space 6458972K,  99% used [0x00007f212db50000, 0x00007f22b7af9e48, 0x00007f22b7afa000, 0x00007f22b7ee7000)
 Metaspace       used 24358K, capacity 24781K, committed 24832K, reserved 26624K
}
Event: 11580.221 GC heap after
{Heap after GC invocations=11387 (full 4):
 def new generation   total 2906560K, used 19014K [0x00007f1bd8600000, 0x00007f1c9d7d0000, 0x00007f212db50000)
  eden space 2583616K,   0% used [0x00007f1bd8600000, 0x00007f1bd8600000, 0x00007f1c76110000)
  from space 322944K,   5% used [0x00007f1c89c70000, 0x00007f1c8af01988, 0x00007f1c9d7d0000)
  to   space 322944K,   0% used [0x00007f1c76110000, 0x00007f1c76110000, 0x00007f1c89c70000)
 tenured generation   total 6458972K, used 6455937K [0x00007f212db50000, 0x00007f22b7ee7000, 0x00007f2bd8600000)
   the space 6458972K,  99% used [0x00007f212db50000, 0x00007f22b7bf0568, 0x00007f22b7bf0600, 0x00007f22b7ee7000)
 Metaspace       used 24358K, capacity 24781K, committed 24832K, reserved 26624K
}
Event: 11582.129 GC heap before
{Heap before GC invocations=11387 (full 4):
 def new generation   total 2906560K, used 2602630K [0x00007f1bd8600000, 0x00007f1c9d7d0000, 0x00007f212db50000)
  eden space 2583616K, 100% used [0x00007f1bd8600000, 0x00007f1c76110000, 0x00007f1c76110000)
  from space 322944K,   5% used [0x00007f1c89c70000, 0x00007f1c8af01988, 0x00007f1c9d7d0000)
  to   space 322944K,   0% used [0x00007f1c76110000, 0x00007f1c76110000, 0x00007f1c89c70000)
 tenured generation   total 6458972K, used 6455937K [0x00007f212db50000, 0x00007f22b7ee7000, 0x00007f2bd8600000)
   the space 6458972K,  99% used [0x00007f212db50000, 0x00007f22b7bf0568, 0x00007f22b7bf0600, 0x00007f22b7ee7000)
 Metaspace       used 24358K, capacity 24781K, committed 24832K, reserved 26624K
}
Event: 11582.151 GC heap after
{Heap after GC invocations=11388 (full 4):
 def new generation   total 2906560K, used 18977K [0x00007f1bd8600000, 0x00007f1c9d7d0000, 0x00007f212db50000)
  eden space 2583616K,   0% used [0x00007f1bd8600000, 0x00007f1bd8600000, 0x00007f1c76110000)
  from space 322944K,   5% used [0x00007f1c76110000, 0x00007f1c77398618, 0x00007f1c89c70000)
  to   space 322944K,   0% used [0x00007f1c89c70000, 0x00007f1c89c70000, 0x00007f1c9d7d0000)
 tenured generation   total 6458972K, used 6456923K [0x00007f212db50000, 0x00007f22b7ee7000, 0x00007f2bd8600000)
   the space 6458972K,  99% used [0x00007f212db50000, 0x00007f22b7ce6c88, 0x00007f22b7ce6e00, 0x00007f22b7ee7000)
 Metaspace       used 24358K, capacity 24781K, committed 24832K, reserved 26624K
}
Event: 11584.027 GC heap before
{Heap before GC invocations=11388 (full 4):
 def new generation   total 2906560K, used 2602593K [0x00007f1bd8600000, 0x00007f1c9d7d0000, 0x00007f212db50000)
  eden space 2583616K, 100% used [0x00007f1bd8600000, 0x00007f1c76110000, 0x00007f1c76110000)
  from space 322944K,   5% used [0x00007f1c76110000, 0x00007f1c77398618, 0x00007f1c89c70000)
  to   space 322944K,   0% used [0x00007f1c89c70000, 0x00007f1c89c70000, 0x00007f1c9d7d0000)
 tenured generation   total 6458972K, used 6456923K [0x00007f212db50000, 0x00007f22b7ee7000, 0x00007f2bd8600000)
   the space 6458972K,  99% used [0x00007f212db50000, 0x00007f22b7ce6c88, 0x00007f22b7ce6e00, 0x00007f22b7ee7000)
 Metaspace       used 24358K, capacity 24781K, committed 24832K, reserved 26624K
}
Event: 11584.065 GC heap after
{Heap after GC invocations=11389 (full 4):
 def new generation   total 2906560K, used 19000K [0x00007f1bd8600000, 0x00007f1c9d7d0000, 0x00007f212db50000)
  eden space 2583616K,   0% used [0x00007f1bd8600000, 0x00007f1bd8600000, 0x00007f1c76110000)
  from space 322944K,   5% used [0x00007f1c89c70000, 0x00007f1c8aefe028, 0x00007f1c9d7d0000)
  to   space 322944K,   0% used [0x00007f1c76110000, 0x00007f1c76110000, 0x00007f1c89c70000)
 tenured generation   total 6458972K, used 6457963K [0x00007f212db50000, 0x00007f22b7ee7000, 0x00007f2bd8600000)
   the space 6458972K,  99% used [0x00007f212db50000, 0x00007f22b7deaeb8, 0x00007f22b7deb000, 0x00007f22b7ee7000)
 Metaspace       used 24358K, capacity 24781K, committed 24832K, reserved 26624K
}
Event: 11585.939 GC heap before
{Heap before GC invocations=11389 (full 4):
 def new generation   total 2906560K, used 2602616K [0x00007f1bd8600000, 0x00007f1c9d7d0000, 0x00007f212db50000)
  eden space 2583616K, 100% used [0x00007f1bd8600000, 0x00007f1c76110000, 0x00007f1c76110000)
  from space 322944K,   5% used [0x00007f1c89c70000, 0x00007f1c8aefe028, 0x00007f1c9d7d0000)
  to   space 322944K,   0% used [0x00007f1c76110000, 0x00007f1c76110000, 0x00007f1c89c70000)
 tenured generation   total 6458972K, used 6457963K [0x00007f212db50000, 0x00007f22b7ee7000, 0x00007f2bd8600000)
   the space 6458972K,  99% used [0x00007f212db50000, 0x00007f22b7deaeb8, 0x00007f22b7deb000, 0x00007f22b7ee7000)
 Metaspace       used 24358K, capacity 24781K, committed 24832K, reserved 26624K
}
Event: 11585.971 GC heap after
{Heap after GC invocations=11390 (full 4):
 def new generation   total 2906560K, used 19016K [0x00007f1bd8600000, 0x00007f1c9d7d0000, 0x00007f212db50000)
  eden space 2583616K,   0% used [0x00007f1bd8600000, 0x00007f1bd8600000, 0x00007f1c76110000)
  from space 322944K,   5% used [0x00007f1c76110000, 0x00007f1c773a22f0, 0x00007f1c89c70000)
  to   space 322944K,   0% used [0x00007f1c89c70000, 0x00007f1c89c70000, 0x00007f1c9d7d0000)
 tenured generation   total 6458972K, used 6458949K [0x00007f212db50000, 0x00007f22b7ee7000, 0x00007f2bd8600000)
   the space 6458972K,  99% used [0x00007f212db50000, 0x00007f22b7ee15d8, 0x00007f22b7ee1600, 0x00007f22b7ee7000)
 Metaspace       used 24358K, capacity 24781K, committed 24832K, reserved 26624K
}
Event: 11587.730 GC heap before
{Heap before GC invocations=11390 (full 4):
 def new generation   total 2906560K, used 2602632K [0x00007f1bd8600000, 0x00007f1c9d7d0000, 0x00007f212db50000)
  eden space 2583616K, 100% used [0x00007f1bd8600000, 0x00007f1c76110000, 0x00007f1c76110000)
  from space 322944K,   5% used [0x00007f1c76110000, 0x00007f1c773a22f0, 0x00007f1c89c70000)
  to   space 322944K,   0% used [0x00007f1c89c70000, 0x00007f1c89c70000, 0x00007f1c9d7d0000)
 tenured generation   total 6458972K, used 6458949K [0x00007f212db50000, 0x00007f22b7ee7000, 0x00007f2bd8600000)
   the space 6458972K,  99% used [0x00007f212db50000, 0x00007f22b7ee15d8, 0x00007f22b7ee1600, 0x00007f22b7ee7000)
 Metaspace       used 24358K, capacity 24781K, committed 24832K, reserved 26624K
}
Event: 11587.759 GC heap after
{Heap after GC invocations=11391 (full 4):
 def new generation   total 2906560K, used 18761K [0x00007f1bd8600000, 0x00007f1c9d7d0000, 0x00007f212db50000)
  eden space 2583616K,   0% used [0x00007f1bd8600000, 0x00007f1bd8600000, 0x00007f1c76110000)
  from space 322944K,   5% used [0x00007f1c89c70000, 0x00007f1c8aec2500, 0x00007f1c9d7d0000)
  to   space 322944K,   0% used [0x00007f1c76110000, 0x00007f1c76110000, 0x00007f1c89c70000)
 tenured generation   total 6460316K, used 6460152K [0x00007f212db50000, 0x00007f22b8037000, 0x00007f2bd8600000)
   the space 6460316K,  99% used [0x00007f212db50000, 0x00007f22b800e0f8, 0x00007f22b800e200, 0x00007f22b8037000)
 Metaspace       used 24358K, capacity 24781K, committed 24832K, reserved 26624K
}
Event: 11587.759 GC heap before
{Heap before GC invocations=11391 (full 4):
 def new generation   total 2906560K, used 18761K [0x00007f1bd8600000, 0x00007f1c9d7d0000, 0x00007f212db50000)
  eden space 2583616K,   0% used [0x00007f1bd8600000, 0x00007f1bd8600000, 0x00007f1c76110000)
  from space 322944K,   5% used [0x00007f1c89c70000, 0x00007f1c8aec2500, 0x00007f1c9d7d0000)
  to   space 322944K,   0% used [0x00007f1c76110000, 0x00007f1c76110000, 0x00007f1c89c70000)
 tenured generation   total 6460316K, used 6460152K [0x00007f212db50000, 0x00007f22b8037000, 0x00007f2bd8600000)
   the space 6460316K,  99% used [0x00007f212db50000, 0x00007f22b800e0f8, 0x00007f22b800e200, 0x00007f22b8037000)
 Metaspace       used 24358K, capacity 24781K, committed 24832K, reserved 26624K
}

