# JRE version: OpenJDK Runtime Environment (13.0.7+5) (build 13.0.7+5-Ubuntu-0ubuntu120.04)
# Java VM: OpenJDK 64-Bit Server VM (13.0.7+5-Ubuntu-0ubuntu120.04, mixed mode, tiered, serial gc, linux-amd64)
Heap:
 def new generation   total 2886656K, used 6810K [0x00007f4644600000, 0x00007f4708230000, 0x00007f4b99b50000)
  eden space 2565952K,   0% used [0x00007f4644600000, 0x00007f4644ca6b48, 0x00007f46e0fd0000)
  from space 320704K,   0% used [0x00007f46f4900000, 0x00007f46f4900000, 0x00007f4708230000)
  to   space 320704K,   0% used [0x00007f46e0fd0000, 0x00007f46e0fd0000, 0x00007f46f4900000)
 tenured generation   total 6415080K, used 6415079K [0x00007f4b99b50000, 0x00007f4d2140a000, 0x00007f5644600000)
   the space 6415080K,  99% used [0x00007f4b99b50000, 0x00007f4d21409fb8, 0x00007f4d2140a000, 0x00007f4d2140a000)
 Metaspace       used 24293K, capacity 24713K, committed 24832K, reserved 26624K
GC Heap History (20 events):
Event: 26593.969 GC heap after
{Heap after GC invocations=48312 (full 4):
 def new generation   total 2886656K, used 4684K [0x00007f4644600000, 0x00007f4708230000, 0x00007f4b99b50000)
  eden space 2565952K,   0% used [0x00007f4644600000, 0x00007f4644600000, 0x00007f46e0fd0000)
  from space 320704K,   1% used [0x00007f46e0fd0000, 0x00007f46e14633d8, 0x00007f46f4900000)
  to   space 320704K,   0% used [0x00007f46f4900000, 0x00007f46f4900000, 0x00007f4708230000)
 tenured generation   total 6414696K, used 6412493K [0x00007f4b99b50000, 0x00007f4d213aa000, 0x00007f5644600000)
   the space 6414696K,  99% used [0x00007f4b99b50000, 0x00007f4d211836d0, 0x00007f4d21183800, 0x00007f4d213aa000)
 Metaspace       used 24293K, capacity 24713K, committed 24832K, reserved 26624K
}
Event: 26595.212 GC heap before
{Heap before GC invocations=48312 (full 4):
 def new generation   total 2886656K, used 2570636K [0x00007f4644600000, 0x00007f4708230000, 0x00007f4b99b50000)
  eden space 2565952K, 100% used [0x00007f4644600000, 0x00007f46e0fd0000, 0x00007f46e0fd0000)
  from space 320704K,   1% used [0x00007f46e0fd0000, 0x00007f46e14633d8, 0x00007f46f4900000)
  to   space 320704K,   0% used [0x00007f46f4900000, 0x00007f46f4900000, 0x00007f4708230000)
 tenured generation   total 6414696K, used 6412493K [0x00007f4b99b50000, 0x00007f4d213aa000, 0x00007f5644600000)
   the space 6414696K,  99% used [0x00007f4b99b50000, 0x00007f4d211836d0, 0x00007f4d21183800, 0x00007f4d213aa000)
 Metaspace       used 24293K, capacity 24713K, committed 24832K, reserved 26624K
}
Event: 26595.216 GC heap after
{Heap after GC invocations=48313 (full 4):
 def new generation   total 2886656K, used 4835K [0x00007f4644600000, 0x00007f4708230000, 0x00007f4b99b50000)
  eden space 2565952K,   0% used [0x00007f4644600000, 0x00007f4644600000, 0x00007f46e0fd0000)
  from space 320704K,   1% used [0x00007f46f4900000, 0x00007f46f4db8e48, 0x00007f4708230000)
  to   space 320704K,   0% used [0x00007f46e0fd0000, 0x00007f46e0fd0000, 0x00007f46f4900000)
 tenured generation   total 6414696K, used 6412700K [0x00007f4b99b50000, 0x00007f4d213aa000, 0x00007f5644600000)
   the space 6414696K,  99% used [0x00007f4b99b50000, 0x00007f4d211b7108, 0x00007f4d211b7200, 0x00007f4d213aa000)
 Metaspace       used 24293K, capacity 24713K, committed 24832K, reserved 26624K
}
Event: 26596.490 GC heap before
{Heap before GC invocations=48313 (full 4):
 def new generation   total 2886656K, used 2570787K [0x00007f4644600000, 0x00007f4708230000, 0x00007f4b99b50000)
  eden space 2565952K, 100% used [0x00007f4644600000, 0x00007f46e0fd0000, 0x00007f46e0fd0000)
  from space 320704K,   1% used [0x00007f46f4900000, 0x00007f46f4db8e48, 0x00007f4708230000)
  to   space 320704K,   0% used [0x00007f46e0fd0000, 0x00007f46e0fd0000, 0x00007f46f4900000)
 tenured generation   total 6414696K, used 6412700K [0x00007f4b99b50000, 0x00007f4d213aa000, 0x00007f5644600000)
   the space 6414696K,  99% used [0x00007f4b99b50000, 0x00007f4d211b7108, 0x00007f4d211b7200, 0x00007f4d213aa000)
 Metaspace       used 24293K, capacity 24713K, committed 24832K, reserved 26624K
}
Event: 26596.494 GC heap after
{Heap after GC invocations=48314 (full 4):
 def new generation   total 2886656K, used 4926K [0x00007f4644600000, 0x00007f4708230000, 0x00007f4b99b50000)
  eden space 2565952K,   0% used [0x00007f4644600000, 0x00007f4644600000, 0x00007f46e0fd0000)
  from space 320704K,   1% used [0x00007f46e0fd0000, 0x00007f46e149f9d8, 0x00007f46f4900000)
  to   space 320704K,   0% used [0x00007f46f4900000, 0x00007f46f4900000, 0x00007f4708230000)
 tenured generation   total 6414696K, used 6412952K [0x00007f4b99b50000, 0x00007f4d213aa000, 0x00007f5644600000)
   the space 6414696K,  99% used [0x00007f4b99b50000, 0x00007f4d211f6090, 0x00007f4d211f6200, 0x00007f4d213aa000)
 Metaspace       used 24293K, capacity 24713K, committed 24832K, reserved 26624K
}
Event: 26597.721 GC heap before
{Heap before GC invocations=48314 (full 4):
 def new generation   total 2886656K, used 2570878K [0x00007f4644600000, 0x00007f4708230000, 0x00007f4b99b50000)
  eden space 2565952K, 100% used [0x00007f4644600000, 0x00007f46e0fd0000, 0x00007f46e0fd0000)
  from space 320704K,   1% used [0x00007f46e0fd0000, 0x00007f46e149f9d8, 0x00007f46f4900000)
  to   space 320704K,   0% used [0x00007f46f4900000, 0x00007f46f4900000, 0x00007f4708230000)
 tenured generation   total 6414696K, used 6412952K [0x00007f4b99b50000, 0x00007f4d213aa000, 0x00007f5644600000)
   the space 6414696K,  99% used [0x00007f4b99b50000, 0x00007f4d211f6090, 0x00007f4d211f6200, 0x00007f4d213aa000)
 Metaspace       used 24293K, capacity 24713K, committed 24832K, reserved 26624K
}
Event: 26597.725 GC heap after
{Heap after GC invocations=48315 (full 4):
 def new generation   total 2886656K, used 5060K [0x00007f4644600000, 0x00007f4708230000, 0x00007f4b99b50000)
  eden space 2565952K,   0% used [0x00007f4644600000, 0x00007f4644600000, 0x00007f46e0fd0000)
  from space 320704K,   1% used [0x00007f46f4900000, 0x00007f46f4df1168, 0x00007f4708230000)
  to   space 320704K,   0% used [0x00007f46e0fd0000, 0x00007f46e0fd0000, 0x00007f46f4900000)
 tenured generation   total 6414696K, used 6413181K [0x00007f4b99b50000, 0x00007f4d213aa000, 0x00007f5644600000)
   the space 6414696K,  99% used [0x00007f4b99b50000, 0x00007f4d2122f480, 0x00007f4d2122f600, 0x00007f4d213aa000)
 Metaspace       used 24293K, capacity 24713K, committed 24832K, reserved 26624K
}
Event: 26598.993 GC heap before
{Heap before GC invocations=48315 (full 4):
 def new generation   total 2886656K, used 2571012K [0x00007f4644600000, 0x00007f4708230000, 0x00007f4b99b50000)
  eden space 2565952K, 100% used [0x00007f4644600000, 0x00007f46e0fd0000, 0x00007f46e0fd0000)
  from space 320704K,   1% used [0x00007f46f4900000, 0x00007f46f4df1168, 0x00007f4708230000)
  to   space 320704K,   0% used [0x00007f46e0fd0000, 0x00007f46e0fd0000, 0x00007f46f4900000)
 tenured generation   total 6414696K, used 6413181K [0x00007f4b99b50000, 0x00007f4d213aa000, 0x00007f5644600000)
   the space 6414696K,  99% used [0x00007f4b99b50000, 0x00007f4d2122f480, 0x00007f4d2122f600, 0x00007f4d213aa000)
 Metaspace       used 24293K, capacity 24713K, committed 24832K, reserved 26624K
}
Event: 26598.997 GC heap after
{Heap after GC invocations=48316 (full 4):
 def new generation   total 2886656K, used 5198K [0x00007f4644600000, 0x00007f4708230000, 0x00007f4b99b50000)
  eden space 2565952K,   0% used [0x00007f4644600000, 0x00007f4644600000, 0x00007f46e0fd0000)
  from space 320704K,   1% used [0x00007f46e0fd0000, 0x00007f46e14e3928, 0x00007f46f4900000)
  to   space 320704K,   0% used [0x00007f46f4900000, 0x00007f46f4900000, 0x00007f4708230000)
 tenured generation   total 6414696K, used 6413410K [0x00007f4b99b50000, 0x00007f4d213aa000, 0x00007f5644600000)
   the space 6414696K,  99% used [0x00007f4b99b50000, 0x00007f4d21268870, 0x00007f4d21268a00, 0x00007f4d213aa000)
 Metaspace       used 24293K, capacity 24713K, committed 24832K, reserved 26624K
}
Event: 26600.268 GC heap before
{Heap before GC invocations=48316 (full 4):
 def new generation   total 2886656K, used 2571150K [0x00007f4644600000, 0x00007f4708230000, 0x00007f4b99b50000)
  eden space 2565952K, 100% used [0x00007f4644600000, 0x00007f46e0fd0000, 0x00007f46e0fd0000)
  from space 320704K,   1% used [0x00007f46e0fd0000, 0x00007f46e14e3928, 0x00007f46f4900000)
  to   space 320704K,   0% used [0x00007f46f4900000, 0x00007f46f4900000, 0x00007f4708230000)
 tenured generation   total 6414696K, used 6413410K [0x00007f4b99b50000, 0x00007f4d213aa000, 0x00007f5644600000)
   the space 6414696K,  99% used [0x00007f4b99b50000, 0x00007f4d21268870, 0x00007f4d21268a00, 0x00007f4d213aa000)
 Metaspace       used 24293K, capacity 24713K, committed 24832K, reserved 26624K
}
Event: 26600.273 GC heap after
{Heap after GC invocations=48317 (full 4):
 def new generation   total 2886656K, used 5536K [0x00007f4644600000, 0x00007f4708230000, 0x00007f4b99b50000)
  eden space 2565952K,   0% used [0x00007f4644600000, 0x00007f4644600000, 0x00007f46e0fd0000)
  from space 320704K,   1% used [0x00007f46f4900000, 0x00007f46f4e68070, 0x00007f4708230000)
  to   space 320704K,   0% used [0x00007f46e0fd0000, 0x00007f46e0fd0000, 0x00007f46f4900000)
 tenured generation   total 6414696K, used 6413661K [0x00007f4b99b50000, 0x00007f4d213aa000, 0x00007f5644600000)
   the space 6414696K,  99% used [0x00007f4b99b50000, 0x00007f4d212a77f8, 0x00007f4d212a7800, 0x00007f4d213aa000)
 Metaspace       used 24293K, capacity 24713K, committed 24832K, reserved 26624K
}
Event: 26601.545 GC heap before
{Heap before GC invocations=48317 (full 4):
 def new generation   total 2886656K, used 2571488K [0x00007f4644600000, 0x00007f4708230000, 0x00007f4b99b50000)
  eden space 2565952K, 100% used [0x00007f4644600000, 0x00007f46e0fd0000, 0x00007f46e0fd0000)
  from space 320704K,   1% used [0x00007f46f4900000, 0x00007f46f4e68070, 0x00007f4708230000)
  to   space 320704K,   0% used [0x00007f46e0fd0000, 0x00007f46e0fd0000, 0x00007f46f4900000)
 tenured generation   total 6414696K, used 6413661K [0x00007f4b99b50000, 0x00007f4d213aa000, 0x00007f5644600000)
   the space 6414696K,  99% used [0x00007f4b99b50000, 0x00007f4d212a77f8, 0x00007f4d212a7800, 0x00007f4d213aa000)
 Metaspace       used 24293K, capacity 24713K, committed 24832K, reserved 26624K
}
Event: 26601.550 GC heap after
{Heap after GC invocations=48318 (full 4):
 def new generation   total 2886656K, used 5961K [0x00007f4644600000, 0x00007f4708230000, 0x00007f4b99b50000)
  eden space 2565952K,   0% used [0x00007f4644600000, 0x00007f4644600000, 0x00007f46e0fd0000)
  from space 320704K,   1% used [0x00007f46e0fd0000, 0x00007f46e15a27c0, 0x00007f46f4900000)
  to   space 320704K,   0% used [0x00007f46f4900000, 0x00007f46f4900000, 0x00007f4708230000)
 tenured generation   total 6414696K, used 6413913K [0x00007f4b99b50000, 0x00007f4d213aa000, 0x00007f5644600000)
   the space 6414696K,  99% used [0x00007f4b99b50000, 0x00007f4d212e6720, 0x00007f4d212e6800, 0x00007f4d213aa000)
 Metaspace       used 24293K, capacity 24713K, committed 24832K, reserved 26624K
}
Event: 26602.775 GC heap before
{Heap before GC invocations=48318 (full 4):
 def new generation   total 2886656K, used 2571913K [0x00007f4644600000, 0x00007f4708230000, 0x00007f4b99b50000)
  eden space 2565952K, 100% used [0x00007f4644600000, 0x00007f46e0fd0000, 0x00007f46e0fd0000)
  from space 320704K,   1% used [0x00007f46e0fd0000, 0x00007f46e15a27c0, 0x00007f46f4900000)
  to   space 320704K,   0% used [0x00007f46f4900000, 0x00007f46f4900000, 0x00007f4708230000)
 tenured generation   total 6414696K, used 6413913K [0x00007f4b99b50000, 0x00007f4d213aa000, 0x00007f5644600000)
   the space 6414696K,  99% used [0x00007f4b99b50000, 0x00007f4d212e6720, 0x00007f4d212e6800, 0x00007f4d213aa000)
 Metaspace       used 24293K, capacity 24713K, committed 24832K, reserved 26624K
}
Event: 26602.780 GC heap after
{Heap after GC invocations=48319 (full 4):
 def new generation   total 2886656K, used 6276K [0x00007f4644600000, 0x00007f4708230000, 0x00007f4b99b50000)
  eden space 2565952K,   0% used [0x00007f4644600000, 0x00007f4644600000, 0x00007f46e0fd0000)
  from space 320704K,   1% used [0x00007f46f4900000, 0x00007f46f4f21010, 0x00007f4708230000)
  to   space 320704K,   0% used [0x00007f46e0fd0000, 0x00007f46e0fd0000, 0x00007f46f4900000)
 tenured generation   total 6414696K, used 6414277K [0x00007f4b99b50000, 0x00007f4d213aa000, 0x00007f5644600000)
   the space 6414696K,  99% used [0x00007f4b99b50000, 0x00007f4d213417a0, 0x00007f4d21341800, 0x00007f4d213aa000)
 Metaspace       used 24293K, capacity 24713K, committed 24832K, reserved 26624K
}
Event: 26604.047 GC heap before
{Heap before GC invocations=48319 (full 4):
 def new generation   total 2886656K, used 2572228K [0x00007f4644600000, 0x00007f4708230000, 0x00007f4b99b50000)
  eden space 2565952K, 100% used [0x00007f4644600000, 0x00007f46e0fd0000, 0x00007f46e0fd0000)
  from space 320704K,   1% used [0x00007f46f4900000, 0x00007f46f4f21010, 0x00007f4708230000)
  to   space 320704K,   0% used [0x00007f46e0fd0000, 0x00007f46e0fd0000, 0x00007f46f4900000)
 tenured generation   total 6414696K, used 6414277K [0x00007f4b99b50000, 0x00007f4d213aa000, 0x00007f5644600000)
   the space 6414696K,  99% used [0x00007f4b99b50000, 0x00007f4d213417a0, 0x00007f4d21341800, 0x00007f4d213aa000)
 Metaspace       used 24293K, capacity 24713K, committed 24832K, reserved 26624K
}
Event: 26604.053 GC heap after
{Heap after GC invocations=48320 (full 4):
 def new generation   total 2886656K, used 6614K [0x00007f4644600000, 0x00007f4708230000, 0x00007f4b99b50000)
  eden space 2565952K,   0% used [0x00007f4644600000, 0x00007f4644600000, 0x00007f46e0fd0000)
  from space 320704K,   2% used [0x00007f46e0fd0000, 0x00007f46e16458c0, 0x00007f46f4900000)
  to   space 320704K,   0% used [0x00007f46f4900000, 0x00007f46f4900000, 0x00007f4708230000)
 tenured generation   total 6414696K, used 6414619K [0x00007f4b99b50000, 0x00007f4d213aa000, 0x00007f5644600000)
   the space 6414696K,  99% used [0x00007f4b99b50000, 0x00007f4d21396d18, 0x00007f4d21396e00, 0x00007f4d213aa000)
 Metaspace       used 24293K, capacity 24713K, committed 24832K, reserved 26624K
}
Event: 26605.322 GC heap before
{Heap before GC invocations=48320 (full 4):
 def new generation   total 2886656K, used 2572566K [0x00007f4644600000, 0x00007f4708230000, 0x00007f4b99b50000)
  eden space 2565952K, 100% used [0x00007f4644600000, 0x00007f46e0fd0000, 0x00007f46e0fd0000)
  from space 320704K,   2% used [0x00007f46e0fd0000, 0x00007f46e16458c0, 0x00007f46f4900000)
  to   space 320704K,   0% used [0x00007f46f4900000, 0x00007f46f4900000, 0x00007f4708230000)
 tenured generation   total 6414696K, used 6414619K [0x00007f4b99b50000, 0x00007f4d213aa000, 0x00007f5644600000)
   the space 6414696K,  99% used [0x00007f4b99b50000, 0x00007f4d21396d18, 0x00007f4d21396e00, 0x00007f4d213aa000)
 Metaspace       used 24293K, capacity 24713K, committed 24832K, reserved 26624K
}
Event: 26605.328 GC heap after
{Heap after GC invocations=48321 (full 4):
 def new generation   total 2886656K, used 6907K [0x00007f4644600000, 0x00007f4708230000, 0x00007f4b99b50000)
  eden space 2565952K,   0% used [0x00007f4644600000, 0x00007f4644600000, 0x00007f46e0fd0000)
  from space 320704K,   2% used [0x00007f46f4900000, 0x00007f46f4fbed68, 0x00007f4708230000)
  to   space 320704K,   0% used [0x00007f46e0fd0000, 0x00007f46e0fd0000, 0x00007f46f4900000)
 tenured generation   total 6415080K, used 6414983K [0x00007f4b99b50000, 0x00007f4d2140a000, 0x00007f5644600000)
   the space 6415080K,  99% used [0x00007f4b99b50000, 0x00007f4d213f1d98, 0x00007f4d213f1e00, 0x00007f4d2140a000)
 Metaspace       used 24293K, capacity 24713K, committed 24832K, reserved 26624K
}
Event: 26605.328 GC heap before
{Heap before GC invocations=48321 (full 4):
 def new generation   total 2886656K, used 6907K [0x00007f4644600000, 0x00007f4708230000, 0x00007f4b99b50000)
  eden space 2565952K,   0% used [0x00007f4644600000, 0x00007f4644600000, 0x00007f46e0fd0000)
  from space 320704K,   2% used [0x00007f46f4900000, 0x00007f46f4fbed68, 0x00007f4708230000)
  to   space 320704K,   0% used [0x00007f46e0fd0000, 0x00007f46e0fd0000, 0x00007f46f4900000)
 tenured generation   total 6415080K, used 6414983K [0x00007f4b99b50000, 0x00007f4d2140a000, 0x00007f5644600000)
   the space 6415080K,  99% used [0x00007f4b99b50000, 0x00007f4d213f1d98, 0x00007f4d213f1e00, 0x00007f4d2140a000)
 Metaspace       used 24293K, capacity 24713K, committed 24832K, reserved 26624K
}

