# JRE version: OpenJDK Runtime Environment (13.0.7+5) (build 13.0.7+5-Ubuntu-0ubuntu120.04)
# Java VM: OpenJDK 64-Bit Server VM (13.0.7+5-Ubuntu-0ubuntu120.04, mixed mode, tiered, serial gc, linux-amd64)
Heap:
 def new generation   total 6623232K, used 0K [0x00007fd750600000, 0x00007fd9118a0000, 0x00007fdca5b50000)
  eden space 5887360K,   0% used [0x00007fd750600000, 0x00007fd750600000, 0x00007fd8b7b60000)
  from space 735872K,   0% used [0x00007fd8e4a00000, 0x00007fd8e4a00000, 0x00007fd9118a0000)
  to   space 735872K,   0% used [0x00007fd8b7b60000, 0x00007fd8b7b60000, 0x00007fd8e4a00000)
 tenured generation   total 15134584K, used 14685684K [0x00007fdca5b50000, 0x00007fe04172e000, 0x00007fe750600000)
   the space 15134584K,  97% used [0x00007fdca5b50000, 0x00007fe0260cd188, 0x00007fe0260cd200, 0x00007fe04172e000)
 Metaspace       used 30343K, capacity 30748K, committed 30976K, reserved 32768K
GC Heap History (20 events):
Event: 882.219 GC heap after
{Heap after GC invocations=33 (full 8):
 def new generation   total 6623232K, used 0K [0x00007fd750600000, 0x00007fd9118a0000, 0x00007fdca5b50000)
  eden space 5887360K,   0% used [0x00007fd750600000, 0x00007fd750600000, 0x00007fd8b7b60000)
  from space 735872K,   0% used [0x00007fd8b7b60000, 0x00007fd8b7b60000, 0x00007fd8e4a00000)
  to   space 735872K,   0% used [0x00007fd8e4a00000, 0x00007fd8e4a00000, 0x00007fd9118a0000)
 tenured generation   total 14718136K, used 8830881K [0x00007fdca5b50000, 0x00007fe02807e000, 0x00007fe750600000)
   the space 14718136K,  59% used [0x00007fdca5b50000, 0x00007fdec0b38450, 0x00007fdec0b38600, 0x00007fe02807e000)
 Metaspace       used 30343K, capacity 30748K, committed 30976K, reserved 32768K
}
Event: 1352.736 GC heap before
{Heap before GC invocations=33 (full 8):
 def new generation   total 6623232K, used 5887360K [0x00007fd750600000, 0x00007fd9118a0000, 0x00007fdca5b50000)
  eden space 5887360K, 100% used [0x00007fd750600000, 0x00007fd8b7b60000, 0x00007fd8b7b60000)
  from space 735872K,   0% used [0x00007fd8b7b60000, 0x00007fd8b7b60000, 0x00007fd8e4a00000)
  to   space 735872K,   0% used [0x00007fd8e4a00000, 0x00007fd8e4a00000, 0x00007fd9118a0000)
 tenured generation   total 14718136K, used 8830881K [0x00007fdca5b50000, 0x00007fe02807e000, 0x00007fe750600000)
   the space 14718136K,  59% used [0x00007fdca5b50000, 0x00007fdec0b38450, 0x00007fdec0b38600, 0x00007fe02807e000)
 Metaspace       used 30343K, capacity 30748K, committed 30976K, reserved 32768K
}
Event: 1355.283 GC heap after
{Heap after GC invocations=34 (full 8):
 def new generation   total 6623232K, used 735872K [0x00007fd750600000, 0x00007fd9118a0000, 0x00007fdca5b50000)
  eden space 5887360K,   0% used [0x00007fd750600000, 0x00007fd750600000, 0x00007fd8b7b60000)
  from space 735872K, 100% used [0x00007fd8e4a00000, 0x00007fd9118a0000, 0x00007fd9118a0000)
  to   space 735872K,   0% used [0x00007fd8b7b60000, 0x00007fd8b7b60000, 0x00007fd8e4a00000)
 tenured generation   total 14718136K, used 9561889K [0x00007fdca5b50000, 0x00007fe02807e000, 0x00007fe750600000)
   the space 14718136K,  64% used [0x00007fdca5b50000, 0x00007fdeed518670, 0x00007fdeed518800, 0x00007fe02807e000)
 Metaspace       used 30343K, capacity 30748K, committed 30976K, reserved 32768K
}
Event: 1674.489 GC heap before
{Heap before GC invocations=34 (full 8):
 def new generation   total 6623232K, used 6623232K [0x00007fd750600000, 0x00007fd9118a0000, 0x00007fdca5b50000)
  eden space 5887360K, 100% used [0x00007fd750600000, 0x00007fd8b7b60000, 0x00007fd8b7b60000)
  from space 735872K, 100% used [0x00007fd8e4a00000, 0x00007fd9118a0000, 0x00007fd9118a0000)
  to   space 735872K,   0% used [0x00007fd8b7b60000, 0x00007fd8b7b60000, 0x00007fd8e4a00000)
 tenured generation   total 14718136K, used 9561889K [0x00007fdca5b50000, 0x00007fe02807e000, 0x00007fe750600000)
   the space 14718136K,  64% used [0x00007fdca5b50000, 0x00007fdeed518670, 0x00007fdeed518800, 0x00007fe02807e000)
 Metaspace       used 30343K, capacity 30748K, committed 30976K, reserved 32768K
}
Event: 1677.287 GC heap after
{Heap after GC invocations=35 (full 8):
 def new generation   total 6623232K, used 735872K [0x00007fd750600000, 0x00007fd9118a0000, 0x00007fdca5b50000)
  eden space 5887360K,   0% used [0x00007fd750600000, 0x00007fd750600000, 0x00007fd8b7b60000)
  from space 735872K, 100% used [0x00007fd8b7b60000, 0x00007fd8e4a00000, 0x00007fd8e4a00000)
  to   space 735872K,   0% used [0x00007fd8e4a00000, 0x00007fd8e4a00000, 0x00007fd9118a0000)
 tenured generation   total 14718136K, used 11029276K [0x00007fdca5b50000, 0x00007fe02807e000, 0x00007fe750600000)
   the space 14718136K,  74% used [0x00007fdca5b50000, 0x00007fdf46e17310, 0x00007fdf46e17400, 0x00007fe02807e000)
 Metaspace       used 30343K, capacity 30748K, committed 30976K, reserved 32768K
}
Event: 1751.347 GC heap before
{Heap before GC invocations=35 (full 8):
 def new generation   total 6623232K, used 6623232K [0x00007fd750600000, 0x00007fd9118a0000, 0x00007fdca5b50000)
  eden space 5887360K, 100% used [0x00007fd750600000, 0x00007fd8b7b60000, 0x00007fd8b7b60000)
  from space 735872K, 100% used [0x00007fd8b7b60000, 0x00007fd8e4a00000, 0x00007fd8e4a00000)
  to   space 735872K,   0% used [0x00007fd8e4a00000, 0x00007fd8e4a00000, 0x00007fd9118a0000)
 tenured generation   total 14718136K, used 11029276K [0x00007fdca5b50000, 0x00007fe02807e000, 0x00007fe750600000)
   the space 14718136K,  74% used [0x00007fdca5b50000, 0x00007fdf46e17310, 0x00007fdf46e17400, 0x00007fe02807e000)
 Metaspace       used 30343K, capacity 30748K, committed 30976K, reserved 32768K
}
Event: 1753.281 GC heap after
{Heap after GC invocations=36 (full 8):
 def new generation   total 6623232K, used 735871K [0x00007fd750600000, 0x00007fd9118a0000, 0x00007fdca5b50000)
  eden space 5887360K,   0% used [0x00007fd750600000, 0x00007fd750600000, 0x00007fd8b7b60000)
  from space 735872K,  99% used [0x00007fd8e4a00000, 0x00007fd91189fff8, 0x00007fd9118a0000)
  to   space 735872K,   0% used [0x00007fd8b7b60000, 0x00007fd8b7b60000, 0x00007fd8e4a00000)
 tenured generation   total 14718136K, used 12021860K [0x00007fdca5b50000, 0x00007fe02807e000, 0x00007fe750600000)
   the space 14718136K,  81% used [0x00007fdca5b50000, 0x00007fdf83769230, 0x00007fdf83769400, 0x00007fe02807e000)
 Metaspace       used 30343K, capacity 30748K, committed 30976K, reserved 32768K
}
Event: 1754.972 GC heap before
{Heap before GC invocations=36 (full 8):
 def new generation   total 6623232K, used 6623231K [0x00007fd750600000, 0x00007fd9118a0000, 0x00007fdca5b50000)
  eden space 5887360K, 100% used [0x00007fd750600000, 0x00007fd8b7b60000, 0x00007fd8b7b60000)
  from space 735872K,  99% used [0x00007fd8e4a00000, 0x00007fd91189fff8, 0x00007fd9118a0000)
  to   space 735872K,   0% used [0x00007fd8b7b60000, 0x00007fd8b7b60000, 0x00007fd8e4a00000)
 tenured generation   total 14718136K, used 12021860K [0x00007fdca5b50000, 0x00007fe02807e000, 0x00007fe750600000)
   the space 14718136K,  81% used [0x00007fdca5b50000, 0x00007fdf83769230, 0x00007fdf83769400, 0x00007fe02807e000)
 Metaspace       used 30343K, capacity 30748K, committed 30976K, reserved 32768K
}
Event: 1756.445 GC heap after
{Heap after GC invocations=37 (full 8):
 def new generation   total 6623232K, used 474045K [0x00007fd750600000, 0x00007fd9118a0000, 0x00007fdca5b50000)
  eden space 5887360K,   0% used [0x00007fd750600000, 0x00007fd750600000, 0x00007fd8b7b60000)
  from space 735872K,  64% used [0x00007fd8b7b60000, 0x00007fd8d4a4f770, 0x00007fd8e4a00000)
  to   space 735872K,   0% used [0x00007fd8e4a00000, 0x00007fd8e4a00000, 0x00007fd9118a0000)
 tenured generation   total 14718136K, used 12757732K [0x00007fdca5b50000, 0x00007fe02807e000, 0x00007fe750600000)
   the space 14718136K,  86% used [0x00007fdca5b50000, 0x00007fdfb06090b8, 0x00007fdfb0609200, 0x00007fe02807e000)
 Metaspace       used 30343K, capacity 30748K, committed 30976K, reserved 32768K
}
Event: 1758.247 GC heap before
{Heap before GC invocations=37 (full 8):
 def new generation   total 6623232K, used 6361405K [0x00007fd750600000, 0x00007fd9118a0000, 0x00007fdca5b50000)
  eden space 5887360K, 100% used [0x00007fd750600000, 0x00007fd8b7b60000, 0x00007fd8b7b60000)
  from space 735872K,  64% used [0x00007fd8b7b60000, 0x00007fd8d4a4f770, 0x00007fd8e4a00000)
  to   space 735872K,   0% used [0x00007fd8e4a00000, 0x00007fd8e4a00000, 0x00007fd9118a0000)
 tenured generation   total 14718136K, used 12757732K [0x00007fdca5b50000, 0x00007fe02807e000, 0x00007fe750600000)
   the space 14718136K,  86% used [0x00007fdca5b50000, 0x00007fdfb06090b8, 0x00007fdfb0609200, 0x00007fe02807e000)
 Metaspace       used 30343K, capacity 30748K, committed 30976K, reserved 32768K
}
Event: 1759.521 GC heap after
{Heap after GC invocations=38 (full 8):
 def new generation   total 6623232K, used 478321K [0x00007fd750600000, 0x00007fd9118a0000, 0x00007fdca5b50000)
  eden space 5887360K,   0% used [0x00007fd750600000, 0x00007fd750600000, 0x00007fd8b7b60000)
  from space 735872K,  65% used [0x00007fd8e4a00000, 0x00007fd901d1c740, 0x00007fd9118a0000)
  to   space 735872K,   0% used [0x00007fd8b7b60000, 0x00007fd8b7b60000, 0x00007fd8e4a00000)
 tenured generation   total 14718136K, used 13231777K [0x00007fdca5b50000, 0x00007fe02807e000, 0x00007fe750600000)
   the space 14718136K,  89% used [0x00007fdca5b50000, 0x00007fdfcd4f8688, 0x00007fdfcd4f8800, 0x00007fe02807e000)
 Metaspace       used 30343K, capacity 30748K, committed 30976K, reserved 32768K
}
Event: 1761.272 GC heap before
{Heap before GC invocations=38 (full 8):
 def new generation   total 6623232K, used 6365681K [0x00007fd750600000, 0x00007fd9118a0000, 0x00007fdca5b50000)
  eden space 5887360K, 100% used [0x00007fd750600000, 0x00007fd8b7b60000, 0x00007fd8b7b60000)
  from space 735872K,  65% used [0x00007fd8e4a00000, 0x00007fd901d1c740, 0x00007fd9118a0000)
  to   space 735872K,   0% used [0x00007fd8b7b60000, 0x00007fd8b7b60000, 0x00007fd8e4a00000)
 tenured generation   total 14718136K, used 13231777K [0x00007fdca5b50000, 0x00007fe02807e000, 0x00007fe750600000)
   the space 14718136K,  89% used [0x00007fdca5b50000, 0x00007fdfcd4f8688, 0x00007fdfcd4f8800, 0x00007fe02807e000)
 Metaspace       used 30343K, capacity 30748K, committed 30976K, reserved 32768K
}
Event: 1762.536 GC heap after
{Heap after GC invocations=39 (full 8):
 def new generation   total 6623232K, used 477027K [0x00007fd750600000, 0x00007fd9118a0000, 0x00007fdca5b50000)
  eden space 5887360K,   0% used [0x00007fd750600000, 0x00007fd750600000, 0x00007fd8b7b60000)
  from space 735872K,  64% used [0x00007fd8b7b60000, 0x00007fd8d4d38dc0, 0x00007fd8e4a00000)
  to   space 735872K,   0% used [0x00007fd8e4a00000, 0x00007fd8e4a00000, 0x00007fd9118a0000)
 tenured generation   total 14718136K, used 13710098K [0x00007fdca5b50000, 0x00007fe02807e000, 0x00007fe750600000)
   the space 14718136K,  93% used [0x00007fdca5b50000, 0x00007fdfea814b98, 0x00007fdfea814c00, 0x00007fe02807e000)
 Metaspace       used 30343K, capacity 30748K, committed 30976K, reserved 32768K
}
Event: 1764.319 GC heap before
{Heap before GC invocations=39 (full 8):
 def new generation   total 6623232K, used 6364387K [0x00007fd750600000, 0x00007fd9118a0000, 0x00007fdca5b50000)
  eden space 5887360K, 100% used [0x00007fd750600000, 0x00007fd8b7b60000, 0x00007fd8b7b60000)
  from space 735872K,  64% used [0x00007fd8b7b60000, 0x00007fd8d4d38dc0, 0x00007fd8e4a00000)
  to   space 735872K,   0% used [0x00007fd8e4a00000, 0x00007fd8e4a00000, 0x00007fd9118a0000)
 tenured generation   total 14718136K, used 13710098K [0x00007fdca5b50000, 0x00007fe02807e000, 0x00007fe750600000)
   the space 14718136K,  93% used [0x00007fdca5b50000, 0x00007fdfea814b98, 0x00007fdfea814c00, 0x00007fe02807e000)
 Metaspace       used 30343K, capacity 30748K, committed 30976K, reserved 32768K
}
Event: 1765.549 GC heap after
{Heap after GC invocations=40 (full 8):
 def new generation   total 6623232K, used 472630K [0x00007fd750600000, 0x00007fd9118a0000, 0x00007fdca5b50000)
  eden space 5887360K,   0% used [0x00007fd750600000, 0x00007fd750600000, 0x00007fd8b7b60000)
  from space 735872K,  64% used [0x00007fd8e4a00000, 0x00007fd90178da20, 0x00007fd9118a0000)
  to   space 735872K,   0% used [0x00007fd8b7b60000, 0x00007fd8b7b60000, 0x00007fd8e4a00000)
 tenured generation   total 14718136K, used 14187125K [0x00007fdca5b50000, 0x00007fe02807e000, 0x00007fe750600000)
   the space 14718136K,  96% used [0x00007fdca5b50000, 0x00007fe0079ed748, 0x00007fe0079ed800, 0x00007fe02807e000)
 Metaspace       used 30343K, capacity 30748K, committed 30976K, reserved 32768K
}
Event: 1767.261 GC heap before
{Heap before GC invocations=40 (full 8):
 def new generation   total 6623232K, used 6359990K [0x00007fd750600000, 0x00007fd9118a0000, 0x00007fdca5b50000)
  eden space 5887360K, 100% used [0x00007fd750600000, 0x00007fd8b7b60000, 0x00007fd8b7b60000)
  from space 735872K,  64% used [0x00007fd8e4a00000, 0x00007fd90178da20, 0x00007fd9118a0000)
  to   space 735872K,   0% used [0x00007fd8b7b60000, 0x00007fd8b7b60000, 0x00007fd8e4a00000)
 tenured generation   total 14718136K, used 14187125K [0x00007fdca5b50000, 0x00007fe02807e000, 0x00007fe750600000)
   the space 14718136K,  96% used [0x00007fdca5b50000, 0x00007fe0079ed748, 0x00007fe0079ed800, 0x00007fe02807e000)
 Metaspace       used 30343K, capacity 30748K, committed 30976K, reserved 32768K
}
Event: 1768.516 GC heap after
{Heap after GC invocations=41 (full 8):
 def new generation   total 6623232K, used 474802K [0x00007fd750600000, 0x00007fd9118a0000, 0x00007fdca5b50000)
  eden space 5887360K,   0% used [0x00007fd750600000, 0x00007fd750600000, 0x00007fd8b7b60000)
  from space 735872K,  64% used [0x00007fd8b7b60000, 0x00007fd8d4b0cb40, 0x00007fd8e4a00000)
  to   space 735872K,   0% used [0x00007fd8e4a00000, 0x00007fd8e4a00000, 0x00007fd9118a0000)
 tenured generation   total 14718136K, used 14659756K [0x00007fdca5b50000, 0x00007fe02807e000, 0x00007fe750600000)
   the space 14718136K,  99% used [0x00007fdca5b50000, 0x00007fe02477b168, 0x00007fe02477b200, 0x00007fe02807e000)
 Metaspace       used 30343K, capacity 30748K, committed 30976K, reserved 32768K
}
Event: 1770.630 GC heap before
{Heap before GC invocations=41 (full 8):
 def new generation   total 6623232K, used 6362162K [0x00007fd750600000, 0x00007fd9118a0000, 0x00007fdca5b50000)
  eden space 5887360K, 100% used [0x00007fd750600000, 0x00007fd8b7b60000, 0x00007fd8b7b60000)
  from space 735872K,  64% used [0x00007fd8b7b60000, 0x00007fd8d4b0cb40, 0x00007fd8e4a00000)
  to   space 735872K,   0% used [0x00007fd8e4a00000, 0x00007fd8e4a00000, 0x00007fd9118a0000)
 tenured generation   total 14718136K, used 14659756K [0x00007fdca5b50000, 0x00007fe02807e000, 0x00007fe750600000)
   the space 14718136K,  99% used [0x00007fdca5b50000, 0x00007fe02477b168, 0x00007fe02477b200, 0x00007fe02807e000)
 Metaspace       used 30343K, capacity 30748K, committed 30976K, reserved 32768K
}
Event: 1771.931 GC heap after
{Heap after GC invocations=42 (full 8):
 def new generation   total 6623232K, used 467560K [0x00007fd750600000, 0x00007fd9118a0000, 0x00007fdca5b50000)
  eden space 5887360K,   0% used [0x00007fd750600000, 0x00007fd750600000, 0x00007fd8b7b60000)
  from space 735872K,  63% used [0x00007fd8e4a00000, 0x00007fd90129a128, 0x00007fd9118a0000)
  to   space 735872K,   0% used [0x00007fd8b7b60000, 0x00007fd8b7b60000, 0x00007fd8e4a00000)
 tenured generation   total 15134584K, used 15134558K [0x00007fdca5b50000, 0x00007fe04172e000, 0x00007fe750600000)
   the space 15134584K,  99% used [0x00007fdca5b50000, 0x00007fe041727b28, 0x00007fe041727c00, 0x00007fe04172e000)
 Metaspace       used 30343K, capacity 30748K, committed 30976K, reserved 32768K
}
Event: 1771.931 GC heap before
{Heap before GC invocations=42 (full 8):
 def new generation   total 6623232K, used 467560K [0x00007fd750600000, 0x00007fd9118a0000, 0x00007fdca5b50000)
  eden space 5887360K,   0% used [0x00007fd750600000, 0x00007fd750600000, 0x00007fd8b7b60000)
  from space 735872K,  63% used [0x00007fd8e4a00000, 0x00007fd90129a128, 0x00007fd9118a0000)
  to   space 735872K,   0% used [0x00007fd8b7b60000, 0x00007fd8b7b60000, 0x00007fd8e4a00000)
 tenured generation   total 15134584K, used 15134558K [0x00007fdca5b50000, 0x00007fe04172e000, 0x00007fe750600000)
   the space 15134584K,  99% used [0x00007fdca5b50000, 0x00007fe041727b28, 0x00007fe041727c00, 0x00007fe04172e000)
 Metaspace       used 30343K, capacity 30748K, committed 30976K, reserved 32768K
}

