# JRE version: OpenJDK Runtime Environment (13.0.7+5) (build 13.0.7+5-Ubuntu-0ubuntu120.04)
# Java VM: OpenJDK 64-Bit Server VM (13.0.7+5-Ubuntu-0ubuntu120.04, mixed mode, tiered, serial gc, linux-amd64)
Heap:
 def new generation   total 3079680K, used 243906K [0x00007eefcc400000, 0x00007ef09d1a0000, 0x00007ef521950000)
  eden space 2737536K,   8% used [0x00007eefcc400000, 0x00007eefdb230ba8, 0x00007ef073560000)
  from space 342144K,   0% used [0x00007ef073560000, 0x00007ef073560000, 0x00007ef088380000)
  to   space 342144K,   0% used [0x00007ef088380000, 0x00007ef088380000, 0x00007ef09d1a0000)
 tenured generation   total 7024248K, used 7024247K [0x00007ef521950000, 0x00007ef6ce4ee000, 0x00007effcc400000)
   the space 7024248K,  99% used [0x00007ef521950000, 0x00007ef6ce4edff8, 0x00007ef6ce4ee000, 0x00007ef6ce4ee000)
 Metaspace       used 30412K, capacity 30831K, committed 31232K, reserved 32768K
GC Heap History (20 events):
Event: 181.789 GC heap after
{Heap after GC invocations=65 (full 4):
 def new generation   total 3079680K, used 218736K [0x00007eefcc400000, 0x00007ef09d1a0000, 0x00007ef521950000)
  eden space 2737536K,   0% used [0x00007eefcc400000, 0x00007eefcc400000, 0x00007ef073560000)
  from space 342144K,  63% used [0x00007ef088380000, 0x00007ef09591c298, 0x00007ef09d1a0000)
  to   space 342144K,   0% used [0x00007ef073560000, 0x00007ef073560000, 0x00007ef088380000)
 tenured generation   total 6843576K, used 4989565K [0x00007ef521950000, 0x00007ef6c347e000, 0x00007effcc400000)
   the space 6843576K,  72% used [0x00007ef521950000, 0x00007ef6521ef6b8, 0x00007ef6521ef800, 0x00007ef6c347e000)
 Metaspace       used 30412K, capacity 30831K, committed 31232K, reserved 32768K
}
Event: 182.636 GC heap before
{Heap before GC invocations=65 (full 4):
 def new generation   total 3079680K, used 2956272K [0x00007eefcc400000, 0x00007ef09d1a0000, 0x00007ef521950000)
  eden space 2737536K, 100% used [0x00007eefcc400000, 0x00007ef073560000, 0x00007ef073560000)
  from space 342144K,  63% used [0x00007ef088380000, 0x00007ef09591c298, 0x00007ef09d1a0000)
  to   space 342144K,   0% used [0x00007ef073560000, 0x00007ef073560000, 0x00007ef088380000)
 tenured generation   total 6843576K, used 4989565K [0x00007ef521950000, 0x00007ef6c347e000, 0x00007effcc400000)
   the space 6843576K,  72% used [0x00007ef521950000, 0x00007ef6521ef6b8, 0x00007ef6521ef800, 0x00007ef6c347e000)
 Metaspace       used 30412K, capacity 30831K, committed 31232K, reserved 32768K
}
Event: 183.484 GC heap after
{Heap after GC invocations=66 (full 4):
 def new generation   total 3079680K, used 220925K [0x00007eefcc400000, 0x00007ef09d1a0000, 0x00007ef521950000)
  eden space 2737536K,   0% used [0x00007eefcc400000, 0x00007eefcc400000, 0x00007ef073560000)
  from space 342144K,  64% used [0x00007ef073560000, 0x00007ef080d1f640, 0x00007ef088380000)
  to   space 342144K,   0% used [0x00007ef088380000, 0x00007ef088380000, 0x00007ef09d1a0000)
 tenured generation   total 6843576K, used 5208301K [0x00007ef521950000, 0x00007ef6c347e000, 0x00007effcc400000)
   the space 6843576K,  76% used [0x00007ef521950000, 0x00007ef65f78b490, 0x00007ef65f78b600, 0x00007ef6c347e000)
 Metaspace       used 30412K, capacity 30831K, committed 31232K, reserved 32768K
}
Event: 184.323 GC heap before
{Heap before GC invocations=66 (full 4):
 def new generation   total 3079680K, used 2958461K [0x00007eefcc400000, 0x00007ef09d1a0000, 0x00007ef521950000)
  eden space 2737536K, 100% used [0x00007eefcc400000, 0x00007ef073560000, 0x00007ef073560000)
  from space 342144K,  64% used [0x00007ef073560000, 0x00007ef080d1f640, 0x00007ef088380000)
  to   space 342144K,   0% used [0x00007ef088380000, 0x00007ef088380000, 0x00007ef09d1a0000)
 tenured generation   total 6843576K, used 5208301K [0x00007ef521950000, 0x00007ef6c347e000, 0x00007effcc400000)
   the space 6843576K,  76% used [0x00007ef521950000, 0x00007ef65f78b490, 0x00007ef65f78b600, 0x00007ef6c347e000)
 Metaspace       used 30412K, capacity 30831K, committed 31232K, reserved 32768K
}
Event: 185.075 GC heap after
{Heap after GC invocations=67 (full 4):
 def new generation   total 3079680K, used 219645K [0x00007eefcc400000, 0x00007ef09d1a0000, 0x00007ef521950000)
  eden space 2737536K,   0% used [0x00007eefcc400000, 0x00007eefcc400000, 0x00007ef073560000)
  from space 342144K,  64% used [0x00007ef088380000, 0x00007ef0959ff798, 0x00007ef09d1a0000)
  to   space 342144K,   0% used [0x00007ef073560000, 0x00007ef073560000, 0x00007ef088380000)
 tenured generation   total 6843576K, used 5429226K [0x00007ef521950000, 0x00007ef6c347e000, 0x00007effcc400000)
   the space 6843576K,  79% used [0x00007ef521950000, 0x00007ef66cf4a870, 0x00007ef66cf4aa00, 0x00007ef6c347e000)
 Metaspace       used 30412K, capacity 30831K, committed 31232K, reserved 32768K
}
Event: 185.882 GC heap before
{Heap before GC invocations=67 (full 4):
 def new generation   total 3079680K, used 2957181K [0x00007eefcc400000, 0x00007ef09d1a0000, 0x00007ef521950000)
  eden space 2737536K, 100% used [0x00007eefcc400000, 0x00007ef073560000, 0x00007ef073560000)
  from space 342144K,  64% used [0x00007ef088380000, 0x00007ef0959ff798, 0x00007ef09d1a0000)
  to   space 342144K,   0% used [0x00007ef073560000, 0x00007ef073560000, 0x00007ef088380000)
 tenured generation   total 6843576K, used 5429226K [0x00007ef521950000, 0x00007ef6c347e000, 0x00007effcc400000)
   the space 6843576K,  79% used [0x00007ef521950000, 0x00007ef66cf4a870, 0x00007ef66cf4aa00, 0x00007ef6c347e000)
 Metaspace       used 30412K, capacity 30831K, committed 31232K, reserved 32768K
}
Event: 186.690 GC heap after
{Heap after GC invocations=68 (full 4):
 def new generation   total 3079680K, used 217624K [0x00007eefcc400000, 0x00007ef09d1a0000, 0x00007ef521950000)
  eden space 2737536K,   0% used [0x00007eefcc400000, 0x00007eefcc400000, 0x00007ef073560000)
  from space 342144K,  63% used [0x00007ef073560000, 0x00007ef0809e60c8, 0x00007ef088380000)
  to   space 342144K,   0% used [0x00007ef088380000, 0x00007ef088380000, 0x00007ef09d1a0000)
 tenured generation   total 6843576K, used 5648871K [0x00007ef521950000, 0x00007ef6c347e000, 0x00007effcc400000)
   the space 6843576K,  82% used [0x00007ef521950000, 0x00007ef67a5c9d38, 0x00007ef67a5c9e00, 0x00007ef6c347e000)
 Metaspace       used 30412K, capacity 30831K, committed 31232K, reserved 32768K
}
Event: 187.502 GC heap before
{Heap before GC invocations=68 (full 4):
 def new generation   total 3079680K, used 2955160K [0x00007eefcc400000, 0x00007ef09d1a0000, 0x00007ef521950000)
  eden space 2737536K, 100% used [0x00007eefcc400000, 0x00007ef073560000, 0x00007ef073560000)
  from space 342144K,  63% used [0x00007ef073560000, 0x00007ef0809e60c8, 0x00007ef088380000)
  to   space 342144K,   0% used [0x00007ef088380000, 0x00007ef088380000, 0x00007ef09d1a0000)
 tenured generation   total 6843576K, used 5648871K [0x00007ef521950000, 0x00007ef6c347e000, 0x00007effcc400000)
   the space 6843576K,  82% used [0x00007ef521950000, 0x00007ef67a5c9d38, 0x00007ef67a5c9e00, 0x00007ef6c347e000)
 Metaspace       used 30412K, capacity 30831K, committed 31232K, reserved 32768K
}
Event: 188.269 GC heap after
{Heap after GC invocations=69 (full 4):
 def new generation   total 3079680K, used 226257K [0x00007eefcc400000, 0x00007ef09d1a0000, 0x00007ef521950000)
  eden space 2737536K,   0% used [0x00007eefcc400000, 0x00007eefcc400000, 0x00007ef073560000)
  from space 342144K,  66% used [0x00007ef088380000, 0x00007ef096074748, 0x00007ef09d1a0000)
  to   space 342144K,   0% used [0x00007ef073560000, 0x00007ef073560000, 0x00007ef088380000)
 tenured generation   total 6843576K, used 5866494K [0x00007ef521950000, 0x00007ef6c347e000, 0x00007effcc400000)
   the space 6843576K,  85% used [0x00007ef521950000, 0x00007ef687a4fae0, 0x00007ef687a4fc00, 0x00007ef6c347e000)
 Metaspace       used 30412K, capacity 30831K, committed 31232K, reserved 32768K
}
Event: 189.104 GC heap before
{Heap before GC invocations=69 (full 4):
 def new generation   total 3079680K, used 2963793K [0x00007eefcc400000, 0x00007ef09d1a0000, 0x00007ef521950000)
  eden space 2737536K, 100% used [0x00007eefcc400000, 0x00007ef073560000, 0x00007ef073560000)
  from space 342144K,  66% used [0x00007ef088380000, 0x00007ef096074748, 0x00007ef09d1a0000)
  to   space 342144K,   0% used [0x00007ef073560000, 0x00007ef073560000, 0x00007ef088380000)
 tenured generation   total 6843576K, used 5866494K [0x00007ef521950000, 0x00007ef6c347e000, 0x00007effcc400000)
   the space 6843576K,  85% used [0x00007ef521950000, 0x00007ef687a4fae0, 0x00007ef687a4fc00, 0x00007ef6c347e000)
 Metaspace       used 30412K, capacity 30831K, committed 31232K, reserved 32768K
}
Event: 189.863 GC heap after
{Heap after GC invocations=70 (full 4):
 def new generation   total 3079680K, used 253805K [0x00007eefcc400000, 0x00007ef09d1a0000, 0x00007ef521950000)
  eden space 2737536K,   0% used [0x00007eefcc400000, 0x00007eefcc400000, 0x00007ef073560000)
  from space 342144K,  74% used [0x00007ef073560000, 0x00007ef082d3b740, 0x00007ef088380000)
  to   space 342144K,   0% used [0x00007ef088380000, 0x00007ef088380000, 0x00007ef09d1a0000)
 tenured generation   total 6843576K, used 6092752K [0x00007ef521950000, 0x00007ef6c347e000, 0x00007effcc400000)
   the space 6843576K,  89% used [0x00007ef521950000, 0x00007ef6957441a8, 0x00007ef695744200, 0x00007ef6c347e000)
 Metaspace       used 30412K, capacity 30831K, committed 31232K, reserved 32768K
}
Event: 190.668 GC heap before
{Heap before GC invocations=70 (full 4):
 def new generation   total 3079680K, used 2991341K [0x00007eefcc400000, 0x00007ef09d1a0000, 0x00007ef521950000)
  eden space 2737536K, 100% used [0x00007eefcc400000, 0x00007ef073560000, 0x00007ef073560000)
  from space 342144K,  74% used [0x00007ef073560000, 0x00007ef082d3b740, 0x00007ef088380000)
  to   space 342144K,   0% used [0x00007ef088380000, 0x00007ef088380000, 0x00007ef09d1a0000)
 tenured generation   total 6843576K, used 6092752K [0x00007ef521950000, 0x00007ef6c347e000, 0x00007effcc400000)
   the space 6843576K,  89% used [0x00007ef521950000, 0x00007ef6957441a8, 0x00007ef695744200, 0x00007ef6c347e000)
 Metaspace       used 30412K, capacity 30831K, committed 31232K, reserved 32768K
}
Event: 191.610 GC heap after
{Heap after GC invocations=71 (full 4):
 def new generation   total 3079680K, used 218792K [0x00007eefcc400000, 0x00007ef09d1a0000, 0x00007ef521950000)
  eden space 2737536K,   0% used [0x00007eefcc400000, 0x00007eefcc400000, 0x00007ef073560000)
  from space 342144K,  63% used [0x00007ef088380000, 0x00007ef09592a170, 0x00007ef09d1a0000)
  to   space 342144K,   0% used [0x00007ef073560000, 0x00007ef073560000, 0x00007ef088380000)
 tenured generation   total 6843576K, used 6346557K [0x00007ef521950000, 0x00007ef6c347e000, 0x00007effcc400000)
   the space 6843576K,  92% used [0x00007ef521950000, 0x00007ef6a4f1f728, 0x00007ef6a4f1f800, 0x00007ef6c347e000)
 Metaspace       used 30412K, capacity 30831K, committed 31232K, reserved 32768K
}
Event: 192.496 GC heap before
{Heap before GC invocations=71 (full 4):
 def new generation   total 3079680K, used 2956328K [0x00007eefcc400000, 0x00007ef09d1a0000, 0x00007ef521950000)
  eden space 2737536K, 100% used [0x00007eefcc400000, 0x00007ef073560000, 0x00007ef073560000)
  from space 342144K,  63% used [0x00007ef088380000, 0x00007ef09592a170, 0x00007ef09d1a0000)
  to   space 342144K,   0% used [0x00007ef073560000, 0x00007ef073560000, 0x00007ef088380000)
 tenured generation   total 6843576K, used 6346557K [0x00007ef521950000, 0x00007ef6c347e000, 0x00007effcc400000)
   the space 6843576K,  92% used [0x00007ef521950000, 0x00007ef6a4f1f728, 0x00007ef6a4f1f800, 0x00007ef6c347e000)
 Metaspace       used 30412K, capacity 30831K, committed 31232K, reserved 32768K
}
Event: 193.257 GC heap after
{Heap after GC invocations=72 (full 4):
 def new generation   total 3079680K, used 232384K [0x00007eefcc400000, 0x00007ef09d1a0000, 0x00007ef521950000)
  eden space 2737536K,   0% used [0x00007eefcc400000, 0x00007eefcc400000, 0x00007ef073560000)
  from space 342144K,  67% used [0x00007ef073560000, 0x00007ef081850090, 0x00007ef088380000)
  to   space 342144K,   0% used [0x00007ef088380000, 0x00007ef088380000, 0x00007ef09d1a0000)
 tenured generation   total 6843576K, used 6565350K [0x00007ef521950000, 0x00007ef6c347e000, 0x00007effcc400000)
   the space 6843576K,  95% used [0x00007ef521950000, 0x00007ef6b24c9808, 0x00007ef6b24c9a00, 0x00007ef6c347e000)
 Metaspace       used 30412K, capacity 30831K, committed 31232K, reserved 32768K
}
Event: 194.099 GC heap before
{Heap before GC invocations=72 (full 4):
 def new generation   total 3079680K, used 2969920K [0x00007eefcc400000, 0x00007ef09d1a0000, 0x00007ef521950000)
  eden space 2737536K, 100% used [0x00007eefcc400000, 0x00007ef073560000, 0x00007ef073560000)
  from space 342144K,  67% used [0x00007ef073560000, 0x00007ef081850090, 0x00007ef088380000)
  to   space 342144K,   0% used [0x00007ef088380000, 0x00007ef088380000, 0x00007ef09d1a0000)
 tenured generation   total 6843576K, used 6565350K [0x00007ef521950000, 0x00007ef6c347e000, 0x00007effcc400000)
   the space 6843576K,  95% used [0x00007ef521950000, 0x00007ef6b24c9808, 0x00007ef6b24c9a00, 0x00007ef6c347e000)
 Metaspace       used 30412K, capacity 30831K, committed 31232K, reserved 32768K
}
Event: 194.867 GC heap after
{Heap after GC invocations=73 (full 4):
 def new generation   total 3079680K, used 226437K [0x00007eefcc400000, 0x00007ef09d1a0000, 0x00007ef521950000)
  eden space 2737536K,   0% used [0x00007eefcc400000, 0x00007eefcc400000, 0x00007ef073560000)
  from space 342144K,  66% used [0x00007ef088380000, 0x00007ef0960a16a0, 0x00007ef09d1a0000)
  to   space 342144K,   0% used [0x00007ef073560000, 0x00007ef073560000, 0x00007ef088380000)
 tenured generation   total 6843576K, used 6797733K [0x00007ef521950000, 0x00007ef6c347e000, 0x00007effcc400000)
   the space 6843576K,  99% used [0x00007ef521950000, 0x00007ef6c07b9668, 0x00007ef6c07b9800, 0x00007ef6c347e000)
 Metaspace       used 30412K, capacity 30831K, committed 31232K, reserved 32768K
}
Event: 195.731 GC heap before
{Heap before GC invocations=73 (full 4):
 def new generation   total 3079680K, used 2963973K [0x00007eefcc400000, 0x00007ef09d1a0000, 0x00007ef521950000)
  eden space 2737536K, 100% used [0x00007eefcc400000, 0x00007ef073560000, 0x00007ef073560000)
  from space 342144K,  66% used [0x00007ef088380000, 0x00007ef0960a16a0, 0x00007ef09d1a0000)
  to   space 342144K,   0% used [0x00007ef073560000, 0x00007ef073560000, 0x00007ef088380000)
 tenured generation   total 6843576K, used 6797733K [0x00007ef521950000, 0x00007ef6c347e000, 0x00007effcc400000)
   the space 6843576K,  99% used [0x00007ef521950000, 0x00007ef6c07b9668, 0x00007ef6c07b9800, 0x00007ef6c347e000)
 Metaspace       used 30412K, capacity 30831K, committed 31232K, reserved 32768K
}
Event: 196.492 GC heap after
{Heap after GC invocations=74 (full 4):
 def new generation   total 3079680K, used 243984K [0x00007eefcc400000, 0x00007ef09d1a0000, 0x00007ef521950000)
  eden space 2737536K,   0% used [0x00007eefcc400000, 0x00007eefcc400000, 0x00007ef073560000)
  from space 342144K,  71% used [0x00007ef073560000, 0x00007ef0823a40b8, 0x00007ef088380000)
  to   space 342144K,   0% used [0x00007ef088380000, 0x00007ef088380000, 0x00007ef09d1a0000)
 tenured generation   total 7024248K, used 7024170K [0x00007ef521950000, 0x00007ef6ce4ee000, 0x00007effcc400000)
   the space 7024248K,  99% used [0x00007ef521950000, 0x00007ef6ce4daae8, 0x00007ef6ce4dac00, 0x00007ef6ce4ee000)
 Metaspace       used 30412K, capacity 30831K, committed 31232K, reserved 32768K
}
Event: 196.492 GC heap before
{Heap before GC invocations=74 (full 4):
 def new generation   total 3079680K, used 243984K [0x00007eefcc400000, 0x00007ef09d1a0000, 0x00007ef521950000)
  eden space 2737536K,   0% used [0x00007eefcc400000, 0x00007eefcc400000, 0x00007ef073560000)
  from space 342144K,  71% used [0x00007ef073560000, 0x00007ef0823a40b8, 0x00007ef088380000)
  to   space 342144K,   0% used [0x00007ef088380000, 0x00007ef088380000, 0x00007ef09d1a0000)
 tenured generation   total 7024248K, used 7024170K [0x00007ef521950000, 0x00007ef6ce4ee000, 0x00007effcc400000)
   the space 7024248K,  99% used [0x00007ef521950000, 0x00007ef6ce4daae8, 0x00007ef6ce4dac00, 0x00007ef6ce4ee000)
 Metaspace       used 30412K, capacity 30831K, committed 31232K, reserved 32768K
}

