# JRE version: OpenJDK Runtime Environment (13.0.7+5) (build 13.0.7+5-Ubuntu-0ubuntu120.04)
# Java VM: OpenJDK 64-Bit Server VM (13.0.7+5-Ubuntu-0ubuntu120.04, mixed mode, tiered, serial gc, linux-amd64)
Heap:
 def new generation   total 2151616K, used 233637K [0x00007fc14c600000, 0x00007fc1de4a0000, 0x00007fc6a1b50000)
  eden space 1912576K,  12% used [0x00007fc14c600000, 0x00007fc15aa29490, 0x00007fc1c11c0000)
  from space 239040K,   0% used [0x00007fc1c11c0000, 0x00007fc1c11c0000, 0x00007fc1cfb30000)
  to   space 239040K,   0% used [0x00007fc1cfb30000, 0x00007fc1cfb30000, 0x00007fc1de4a0000)
 tenured generation   total 5449452K, used 5449393K [0x00007fc6a1b50000, 0x00007fc7ee50b000, 0x00007fd14c600000)
   the space 5449452K,  99% used [0x00007fc6a1b50000, 0x00007fc7ee4fc5f8, 0x00007fc7ee4fc600, 0x00007fc7ee50b000)
 Metaspace       used 30927K, capacity 31389K, committed 31744K, reserved 32768K
GC Heap History (20 events):
Event: 8.704 GC heap after
{Heap after GC invocations=4 (full 1):
 def new generation   total 629248K, used 69887K [0x00007fc14c600000, 0x00007fc1770c0000, 0x00007fc6a1b50000)
  eden space 559360K,   0% used [0x00007fc14c600000, 0x00007fc14c600000, 0x00007fc16e840000)
  from space 69888K,  99% used [0x00007fc172c80000, 0x00007fc1770bfea0, 0x00007fc1770c0000)
  to   space 69888K,   0% used [0x00007fc16e840000, 0x00007fc16e840000, 0x00007fc172c80000)
 tenured generation   total 1398144K, used 623405K [0x00007fc6a1b50000, 0x00007fc6f70b0000, 0x00007fd14c600000)
   the space 1398144K,  44% used [0x00007fc6a1b50000, 0x00007fc6c7c1b468, 0x00007fc6c7c1b600, 0x00007fc6f70b0000)
 Metaspace       used 30925K, capacity 31389K, committed 31744K, reserved 32768K
}
Event: 9.271 GC heap before
{Heap before GC invocations=4 (full 1):
 def new generation   total 629248K, used 629247K [0x00007fc14c600000, 0x00007fc1770c0000, 0x00007fc6a1b50000)
  eden space 559360K, 100% used [0x00007fc14c600000, 0x00007fc16e840000, 0x00007fc16e840000)
  from space 69888K,  99% used [0x00007fc172c80000, 0x00007fc1770bfea0, 0x00007fc1770c0000)
  to   space 69888K,   0% used [0x00007fc16e840000, 0x00007fc16e840000, 0x00007fc172c80000)
 tenured generation   total 1398144K, used 623405K [0x00007fc6a1b50000, 0x00007fc6f70b0000, 0x00007fd14c600000)
   the space 1398144K,  44% used [0x00007fc6a1b50000, 0x00007fc6c7c1b468, 0x00007fc6c7c1b600, 0x00007fc6f70b0000)
 Metaspace       used 30925K, capacity 31389K, committed 31744K, reserved 32768K
}
Event: 9.571 GC heap after
{Heap after GC invocations=5 (full 1):
 def new generation   total 629248K, used 69887K [0x00007fc14c600000, 0x00007fc1770c0000, 0x00007fc6a1b50000)
  eden space 559360K,   0% used [0x00007fc14c600000, 0x00007fc14c600000, 0x00007fc16e840000)
  from space 69888K,  99% used [0x00007fc16e840000, 0x00007fc172c7fe20, 0x00007fc172c80000)
  to   space 69888K,   0% used [0x00007fc172c80000, 0x00007fc172c80000, 0x00007fc1770c0000)
 tenured generation   total 1398144K, used 893683K [0x00007fc6a1b50000, 0x00007fc6f70b0000, 0x00007fd14c600000)
   the space 1398144K,  63% used [0x00007fc6a1b50000, 0x00007fc6d840cf68, 0x00007fc6d840d000, 0x00007fc6f70b0000)
 Metaspace       used 30925K, capacity 31389K, committed 31744K, reserved 32768K
}
Event: 10.150 GC heap before
{Heap before GC invocations=5 (full 1):
 def new generation   total 629248K, used 629247K [0x00007fc14c600000, 0x00007fc1770c0000, 0x00007fc6a1b50000)
  eden space 559360K, 100% used [0x00007fc14c600000, 0x00007fc16e840000, 0x00007fc16e840000)
  from space 69888K,  99% used [0x00007fc16e840000, 0x00007fc172c7fe20, 0x00007fc172c80000)
  to   space 69888K,   0% used [0x00007fc172c80000, 0x00007fc172c80000, 0x00007fc1770c0000)
 tenured generation   total 1398144K, used 893683K [0x00007fc6a1b50000, 0x00007fc6f70b0000, 0x00007fd14c600000)
   the space 1398144K,  63% used [0x00007fc6a1b50000, 0x00007fc6d840cf68, 0x00007fc6d840d000, 0x00007fc6f70b0000)
 Metaspace       used 30925K, capacity 31389K, committed 31744K, reserved 32768K
}
Event: 10.450 GC heap after
{Heap after GC invocations=6 (full 1):
 def new generation   total 629248K, used 69887K [0x00007fc14c600000, 0x00007fc1770c0000, 0x00007fc6a1b50000)
  eden space 559360K,   0% used [0x00007fc14c600000, 0x00007fc14c600000, 0x00007fc16e840000)
  from space 69888K,  99% used [0x00007fc172c80000, 0x00007fc1770bfee8, 0x00007fc1770c0000)
  to   space 69888K,   0% used [0x00007fc16e840000, 0x00007fc16e840000, 0x00007fc172c80000)
 tenured generation   total 1398144K, used 1158994K [0x00007fc6a1b50000, 0x00007fc6f70b0000, 0x00007fd14c600000)
   the space 1398144K,  82% used [0x00007fc6a1b50000, 0x00007fc6e8724888, 0x00007fc6e8724a00, 0x00007fc6f70b0000)
 Metaspace       used 30925K, capacity 31389K, committed 31744K, reserved 32768K
}
Event: 10.989 GC heap before
{Heap before GC invocations=6 (full 1):
 def new generation   total 629248K, used 629247K [0x00007fc14c600000, 0x00007fc1770c0000, 0x00007fc6a1b50000)
  eden space 559360K, 100% used [0x00007fc14c600000, 0x00007fc16e840000, 0x00007fc16e840000)
  from space 69888K,  99% used [0x00007fc172c80000, 0x00007fc1770bfee8, 0x00007fc1770c0000)
  to   space 69888K,   0% used [0x00007fc16e840000, 0x00007fc16e840000, 0x00007fc172c80000)
 tenured generation   total 1398144K, used 1158994K [0x00007fc6a1b50000, 0x00007fc6f70b0000, 0x00007fd14c600000)
   the space 1398144K,  82% used [0x00007fc6a1b50000, 0x00007fc6e8724888, 0x00007fc6e8724a00, 0x00007fc6f70b0000)
 Metaspace       used 30925K, capacity 31389K, committed 31744K, reserved 32768K
}
Event: 11.307 GC heap after
{Heap after GC invocations=7 (full 1):
 def new generation   total 629248K, used 69887K [0x00007fc14c600000, 0x00007fc1770c0000, 0x00007fc6a1b50000)
  eden space 559360K,   0% used [0x00007fc14c600000, 0x00007fc14c600000, 0x00007fc16e840000)
  from space 69888K,  99% used [0x00007fc16e840000, 0x00007fc172c7fff0, 0x00007fc172c80000)
  to   space 69888K,   0% used [0x00007fc172c80000, 0x00007fc172c80000, 0x00007fc1770c0000)
 tenured generation   total 1519680K, used 1519556K [0x00007fc6a1b50000, 0x00007fc6fe760000, 0x00007fd14c600000)
   the space 1519680K,  99% used [0x00007fc6a1b50000, 0x00007fc6fe741260, 0x00007fc6fe741400, 0x00007fc6fe760000)
 Metaspace       used 30925K, capacity 31389K, committed 31744K, reserved 32768K
}
Event: 11.307 GC heap before
{Heap before GC invocations=7 (full 1):
 def new generation   total 629248K, used 69887K [0x00007fc14c600000, 0x00007fc1770c0000, 0x00007fc6a1b50000)
  eden space 559360K,   0% used [0x00007fc14c600000, 0x00007fc14c600000, 0x00007fc16e840000)
  from space 69888K,  99% used [0x00007fc16e840000, 0x00007fc172c7fff0, 0x00007fc172c80000)
  to   space 69888K,   0% used [0x00007fc172c80000, 0x00007fc172c80000, 0x00007fc1770c0000)
 tenured generation   total 1519680K, used 1519556K [0x00007fc6a1b50000, 0x00007fc6fe760000, 0x00007fd14c600000)
   the space 1519680K,  99% used [0x00007fc6a1b50000, 0x00007fc6fe741260, 0x00007fc6fe741400, 0x00007fc6fe760000)
 Metaspace       used 30925K, capacity 31389K, committed 31744K, reserved 32768K
}
Event: 11.917 GC heap after
{Heap after GC invocations=7 (full 2):
 def new generation   total 1139712K, used 69887K [0x00007fc14c600000, 0x00007fc199aa0000, 0x00007fc6a1b50000)
  eden space 1013120K,   6% used [0x00007fc14c600000, 0x00007fc150a3fff0, 0x00007fc18a360000)
  from space 126592K,   0% used [0x00007fc18a360000, 0x00007fc18a360000, 0x00007fc191f00000)
  to   space 126592K,   0% used [0x00007fc191f00000, 0x00007fc191f00000, 0x00007fc199aa0000)
 tenured generation   total 2532596K, used 1519556K [0x00007fc6a1b50000, 0x00007fc73c48d000, 0x00007fd14c600000)
   the space 2532596K,  59% used [0x00007fc6a1b50000, 0x00007fc6fe741260, 0x00007fc6fe741400, 0x00007fc73c48d000)
 Metaspace       used 30925K, capacity 31389K, committed 31744K, reserved 32768K
}
Event: 12.845 GC heap before
{Heap before GC invocations=7 (full 2):
 def new generation   total 1139712K, used 1013120K [0x00007fc14c600000, 0x00007fc199aa0000, 0x00007fc6a1b50000)
  eden space 1013120K, 100% used [0x00007fc14c600000, 0x00007fc18a360000, 0x00007fc18a360000)
  from space 126592K,   0% used [0x00007fc18a360000, 0x00007fc18a360000, 0x00007fc191f00000)
  to   space 126592K,   0% used [0x00007fc191f00000, 0x00007fc191f00000, 0x00007fc199aa0000)
 tenured generation   total 2532596K, used 1519556K [0x00007fc6a1b50000, 0x00007fc73c48d000, 0x00007fd14c600000)
   the space 2532596K,  59% used [0x00007fc6a1b50000, 0x00007fc6fe741260, 0x00007fc6fe741400, 0x00007fc73c48d000)
 Metaspace       used 30927K, capacity 31389K, committed 31744K, reserved 32768K
}
Event: 13.402 GC heap after
{Heap after GC invocations=8 (full 2):
 def new generation   total 1139712K, used 126591K [0x00007fc14c600000, 0x00007fc199aa0000, 0x00007fc6a1b50000)
  eden space 1013120K,   0% used [0x00007fc14c600000, 0x00007fc14c600000, 0x00007fc18a360000)
  from space 126592K,  99% used [0x00007fc191f00000, 0x00007fc199a9ff20, 0x00007fc199aa0000)
  to   space 126592K,   0% used [0x00007fc18a360000, 0x00007fc18a360000, 0x00007fc191f00000)
 tenured generation   total 2532596K, used 2140817K [0x00007fc6a1b50000, 0x00007fc73c48d000, 0x00007fd14c600000)
   the space 2532596K,  84% used [0x00007fc6a1b50000, 0x00007fc7245f45d0, 0x00007fc7245f4600, 0x00007fc73c48d000)
 Metaspace       used 30927K, capacity 31389K, committed 31744K, reserved 32768K
}
Event: 14.304 GC heap before
{Heap before GC invocations=8 (full 2):
 def new generation   total 1139712K, used 1139711K [0x00007fc14c600000, 0x00007fc199aa0000, 0x00007fc6a1b50000)
  eden space 1013120K, 100% used [0x00007fc14c600000, 0x00007fc18a360000, 0x00007fc18a360000)
  from space 126592K,  99% used [0x00007fc191f00000, 0x00007fc199a9ff20, 0x00007fc199aa0000)
  to   space 126592K,   0% used [0x00007fc18a360000, 0x00007fc18a360000, 0x00007fc191f00000)
 tenured generation   total 2532596K, used 2140817K [0x00007fc6a1b50000, 0x00007fc73c48d000, 0x00007fd14c600000)
   the space 2532596K,  84% used [0x00007fc6a1b50000, 0x00007fc7245f45d0, 0x00007fc7245f4600, 0x00007fc73c48d000)
 Metaspace       used 30927K, capacity 31389K, committed 31744K, reserved 32768K
}
Event: 14.952 GC heap after
{Heap after GC invocations=9 (full 2):
 def new generation   total 1139712K, used 126591K [0x00007fc14c600000, 0x00007fc199aa0000, 0x00007fc6a1b50000)
  eden space 1013120K,   0% used [0x00007fc14c600000, 0x00007fc14c600000, 0x00007fc18a360000)
  from space 126592K,  99% used [0x00007fc18a360000, 0x00007fc191effd08, 0x00007fc191f00000)
  to   space 126592K,   0% used [0x00007fc191f00000, 0x00007fc191f00000, 0x00007fc199aa0000)
 tenured generation   total 2868788K, used 2868773K [0x00007fc6a1b50000, 0x00007fc750cdd000, 0x00007fd14c600000)
   the space 2868788K,  99% used [0x00007fc6a1b50000, 0x00007fc750cd97c8, 0x00007fc750cd9800, 0x00007fc750cdd000)
 Metaspace       used 30927K, capacity 31389K, committed 31744K, reserved 32768K
}
Event: 14.952 GC heap before
{Heap before GC invocations=9 (full 2):
 def new generation   total 1139712K, used 126591K [0x00007fc14c600000, 0x00007fc199aa0000, 0x00007fc6a1b50000)
  eden space 1013120K,   0% used [0x00007fc14c600000, 0x00007fc14c600000, 0x00007fc18a360000)
  from space 126592K,  99% used [0x00007fc18a360000, 0x00007fc191effd08, 0x00007fc191f00000)
  to   space 126592K,   0% used [0x00007fc191f00000, 0x00007fc191f00000, 0x00007fc199aa0000)
 tenured generation   total 2868788K, used 2868773K [0x00007fc6a1b50000, 0x00007fc750cdd000, 0x00007fd14c600000)
   the space 2868788K,  99% used [0x00007fc6a1b50000, 0x00007fc750cd97c8, 0x00007fc750cd9800, 0x00007fc750cdd000)
 Metaspace       used 30927K, capacity 31389K, committed 31744K, reserved 32768K
}
Event: 15.834 GC heap after
{Heap after GC invocations=9 (full 3):
 def new generation   total 2151616K, used 126591K [0x00007fc14c600000, 0x00007fc1de4a0000, 0x00007fc6a1b50000)
  eden space 1912576K,   6% used [0x00007fc14c600000, 0x00007fc15419fd08, 0x00007fc1c11c0000)
  from space 239040K,   0% used [0x00007fc1c11c0000, 0x00007fc1c11c0000, 0x00007fc1cfb30000)
  to   space 239040K,   0% used [0x00007fc1cfb30000, 0x00007fc1cfb30000, 0x00007fc1de4a0000)
 tenured generation   total 4781292K, used 2868773K [0x00007fc6a1b50000, 0x00007fc7c588b000, 0x00007fd14c600000)
   the space 4781292K,  59% used [0x00007fc6a1b50000, 0x00007fc750cd97c8, 0x00007fc750cd9800, 0x00007fc7c588b000)
 Metaspace       used 30927K, capacity 31389K, committed 31744K, reserved 32768K
}
Event: 17.404 GC heap before
{Heap before GC invocations=9 (full 3):
 def new generation   total 2151616K, used 1912576K [0x00007fc14c600000, 0x00007fc1de4a0000, 0x00007fc6a1b50000)
  eden space 1912576K, 100% used [0x00007fc14c600000, 0x00007fc1c11c0000, 0x00007fc1c11c0000)
  from space 239040K,   0% used [0x00007fc1c11c0000, 0x00007fc1c11c0000, 0x00007fc1cfb30000)
  to   space 239040K,   0% used [0x00007fc1cfb30000, 0x00007fc1cfb30000, 0x00007fc1de4a0000)
 tenured generation   total 4781292K, used 2868773K [0x00007fc6a1b50000, 0x00007fc7c588b000, 0x00007fd14c600000)
   the space 4781292K,  59% used [0x00007fc6a1b50000, 0x00007fc750cd97c8, 0x00007fc750cd9800, 0x00007fc7c588b000)
 Metaspace       used 30927K, capacity 31389K, committed 31744K, reserved 32768K
}
Event: 18.518 GC heap after
{Heap after GC invocations=10 (full 3):
 def new generation   total 2151616K, used 239039K [0x00007fc14c600000, 0x00007fc1de4a0000, 0x00007fc6a1b50000)
  eden space 1912576K,   0% used [0x00007fc14c600000, 0x00007fc14c600000, 0x00007fc1c11c0000)
  from space 239040K,  99% used [0x00007fc1cfb30000, 0x00007fc1de49fcc8, 0x00007fc1de4a0000)
  to   space 239040K,   0% used [0x00007fc1c11c0000, 0x00007fc1c11c0000, 0x00007fc1cfb30000)
 tenured generation   total 4781292K, used 4062071K [0x00007fc6a1b50000, 0x00007fc7c588b000, 0x00007fd14c600000)
   the space 4781292K,  84% used [0x00007fc6a1b50000, 0x00007fc799a2dd78, 0x00007fc799a2de00, 0x00007fc7c588b000)
 Metaspace       used 30927K, capacity 31389K, committed 31744K, reserved 32768K
}
Event: 20.337 GC heap before
{Heap before GC invocations=10 (full 3):
 def new generation   total 2151616K, used 2151615K [0x00007fc14c600000, 0x00007fc1de4a0000, 0x00007fc6a1b50000)
  eden space 1912576K, 100% used [0x00007fc14c600000, 0x00007fc1c11c0000, 0x00007fc1c11c0000)
  from space 239040K,  99% used [0x00007fc1cfb30000, 0x00007fc1de49fcc8, 0x00007fc1de4a0000)
  to   space 239040K,   0% used [0x00007fc1c11c0000, 0x00007fc1c11c0000, 0x00007fc1cfb30000)
 tenured generation   total 4781292K, used 4062071K [0x00007fc6a1b50000, 0x00007fc7c588b000, 0x00007fd14c600000)
   the space 4781292K,  84% used [0x00007fc6a1b50000, 0x00007fc799a2dd78, 0x00007fc799a2de00, 0x00007fc7c588b000)
 Metaspace       used 30927K, capacity 31389K, committed 31744K, reserved 32768K
}
Event: 22.130 GC heap after
{Heap after GC invocations=11 (full 3):
 def new generation   total 2151616K, used 239039K [0x00007fc14c600000, 0x00007fc1de4a0000, 0x00007fc6a1b50000)
  eden space 1912576K,   0% used [0x00007fc14c600000, 0x00007fc14c600000, 0x00007fc1c11c0000)
  from space 239040K,  99% used [0x00007fc1c11c0000, 0x00007fc1cfb2ff40, 0x00007fc1cfb30000)
  to   space 239040K,   0% used [0x00007fc1cfb30000, 0x00007fc1cfb30000, 0x00007fc1de4a0000)
 tenured generation   total 5449452K, used 5449392K [0x00007fc6a1b50000, 0x00007fc7ee50b000, 0x00007fd14c600000)
   the space 5449452K,  99% used [0x00007fc6a1b50000, 0x00007fc7ee4fc058, 0x00007fc7ee4fc200, 0x00007fc7ee50b000)
 Metaspace       used 30927K, capacity 31389K, committed 31744K, reserved 32768K
}
Event: 22.130 GC heap before
{Heap before GC invocations=11 (full 3):
 def new generation   total 2151616K, used 239039K [0x00007fc14c600000, 0x00007fc1de4a0000, 0x00007fc6a1b50000)
  eden space 1912576K,   0% used [0x00007fc14c600000, 0x00007fc14c600000, 0x00007fc1c11c0000)
  from space 239040K,  99% used [0x00007fc1c11c0000, 0x00007fc1cfb2ff40, 0x00007fc1cfb30000)
  to   space 239040K,   0% used [0x00007fc1cfb30000, 0x00007fc1cfb30000, 0x00007fc1de4a0000)
 tenured generation   total 5449452K, used 5449392K [0x00007fc6a1b50000, 0x00007fc7ee50b000, 0x00007fd14c600000)
   the space 5449452K,  99% used [0x00007fc6a1b50000, 0x00007fc7ee4fc058, 0x00007fc7ee4fc200, 0x00007fc7ee50b000)
 Metaspace       used 30927K, capacity 31389K, committed 31744K, reserved 32768K
}

