# JRE version: OpenJDK Runtime Environment (13.0.7+5) (build 13.0.7+5-Ubuntu-0ubuntu120.04)
# Java VM: OpenJDK 64-Bit Server VM (13.0.7+5-Ubuntu-0ubuntu120.04, mixed mode, tiered, serial gc, linux-amd64)
Heap:
 def new generation   total 828992K, used 0K [0x00007f3fdc600000, 0x00007f4014980000, 0x00007f4531b50000)
  eden space 736896K,   0% used [0x00007f3fdc600000, 0x00007f3fdc600000, 0x00007f40095a0000)
  from space 92096K,   0% used [0x00007f400ef90000, 0x00007f400ef90000, 0x00007f4014980000)
  to   space 92096K,   0% used [0x00007f40095a0000, 0x00007f40095a0000, 0x00007f400ef90000)
 tenured generation   total 10038596K, used 1077170K [0x00007f4531b50000, 0x00007f47966a1000, 0x00007f4fdc600000)
   the space 10038596K,  10% used [0x00007f4531b50000, 0x00007f457373c878, 0x00007f457373ca00, 0x00007f47966a1000)
 Metaspace       used 23486K, capacity 23843K, committed 24064K, reserved 24576K
GC Heap History (20 events):
Event: 184.825 GC heap after
{Heap after GC invocations=70 (full 26):
 def new generation   total 828992K, used 6419K [0x00007f3fdc600000, 0x00007f4014980000, 0x00007f4531b50000)
  eden space 736896K,   0% used [0x00007f3fdc600000, 0x00007f3fdc600000, 0x00007f40095a0000)
  from space 92096K,   6% used [0x00007f400ef90000, 0x00007f400f5d4fc0, 0x00007f4014980000)
  to   space 92096K,   0% used [0x00007f40095a0000, 0x00007f40095a0000, 0x00007f400ef90000)
 tenured generation   total 1842136K, used 1111754K [0x00007f4531b50000, 0x00007f45a2246000, 0x00007f4fdc600000)
   the space 1842136K,  60% used [0x00007f4531b50000, 0x00007f4575902a70, 0x00007f4575902c00, 0x00007f45a2246000)
 Metaspace       used 23481K, capacity 23843K, committed 24064K, reserved 24576K
}
Event: 184.825 GC heap before
{Heap before GC invocations=70 (full 26):
 def new generation   total 828992K, used 6419K [0x00007f3fdc600000, 0x00007f4014980000, 0x00007f4531b50000)
  eden space 736896K,   0% used [0x00007f3fdc600000, 0x00007f3fdc600000, 0x00007f40095a0000)
  from space 92096K,   6% used [0x00007f400ef90000, 0x00007f400f5d4fc0, 0x00007f4014980000)
  to   space 92096K,   0% used [0x00007f40095a0000, 0x00007f40095a0000, 0x00007f400ef90000)
 tenured generation   total 1842136K, used 1111754K [0x00007f4531b50000, 0x00007f45a2246000, 0x00007f4fdc600000)
   the space 1842136K,  60% used [0x00007f4531b50000, 0x00007f4575902a70, 0x00007f4575902c00, 0x00007f45a2246000)
 Metaspace       used 23481K, capacity 23843K, committed 24064K, reserved 24576K
}
Event: 184.857 GC heap after
{Heap after GC invocations=70 (full 27):
 def new generation   total 828992K, used 0K [0x00007f3fdc600000, 0x00007f4014980000, 0x00007f4531b50000)
  eden space 736896K,   0% used [0x00007f3fdc600000, 0x00007f3fdc600000, 0x00007f40095a0000)
  from space 92096K,   0% used [0x00007f400ef90000, 0x00007f400ef90000, 0x00007f4014980000)
  to   space 92096K,   0% used [0x00007f40095a0000, 0x00007f40095a0000, 0x00007f400ef90000)
 tenured generation   total 1842136K, used 16225K [0x00007f4531b50000, 0x00007f45a2246000, 0x00007f4fdc600000)
   the space 1842136K,   0% used [0x00007f4531b50000, 0x00007f4532b287c8, 0x00007f4532b28800, 0x00007f45a2246000)
 Metaspace       used 23481K, capacity 23843K, committed 24064K, reserved 24576K
}
Event: 185.893 GC heap before
{Heap before GC invocations=70 (full 27):
 def new generation   total 828992K, used 538797K [0x00007f3fdc600000, 0x00007f4014980000, 0x00007f4531b50000)
  eden space 736896K,  73% used [0x00007f3fdc600000, 0x00007f3ffd42b5c8, 0x00007f40095a0000)
  from space 92096K,   0% used [0x00007f400ef90000, 0x00007f400ef90000, 0x00007f4014980000)
  to   space 92096K,   0% used [0x00007f40095a0000, 0x00007f40095a0000, 0x00007f400ef90000)
 tenured generation   total 1842136K, used 1064801K [0x00007f4531b50000, 0x00007f45a2246000, 0x00007f4fdc600000)
   the space 1842136K,  57% used [0x00007f4531b50000, 0x00007f4572b287e0, 0x00007f4572b28800, 0x00007f45a2246000)
 Metaspace       used 23481K, capacity 23843K, committed 24064K, reserved 24576K
}
Event: 185.954 GC heap after
{Heap after GC invocations=71 (full 27):
 def new generation   total 828992K, used 0K [0x00007f3fdc600000, 0x00007f4014980000, 0x00007f4531b50000)
  eden space 736896K,   0% used [0x00007f3fdc600000, 0x00007f3fdc600000, 0x00007f40095a0000)
  from space 92096K,   0% used [0x00007f40095a0000, 0x00007f40095a0248, 0x00007f400ef90000)
  to   space 92096K,   0% used [0x00007f400ef90000, 0x00007f400ef90000, 0x00007f4014980000)
 tenured generation   total 1842136K, used 1589089K [0x00007f4531b50000, 0x00007f45a2246000, 0x00007f4fdc600000)
   the space 1842136K,  86% used [0x00007f4531b50000, 0x00007f4592b287f8, 0x00007f4592b28800, 0x00007f45a2246000)
 Metaspace       used 23481K, capacity 23843K, committed 24064K, reserved 24576K
}
Event: 186.053 GC heap before
{Heap before GC invocations=71 (full 27):
 def new generation   total 828992K, used 538878K [0x00007f3fdc600000, 0x00007f4014980000, 0x00007f4531b50000)
  eden space 736896K,  73% used [0x00007f3fdc600000, 0x00007f3ffd43f5d8, 0x00007f40095a0000)
  from space 92096K,   0% used [0x00007f40095a0000, 0x00007f40095a0248, 0x00007f400ef90000)
  to   space 92096K,   0% used [0x00007f400ef90000, 0x00007f400ef90000, 0x00007f4014980000)
 tenured generation   total 1842136K, used 1589089K [0x00007f4531b50000, 0x00007f45a2246000, 0x00007f4fdc600000)
   the space 1842136K,  86% used [0x00007f4531b50000, 0x00007f4592b287f8, 0x00007f4592b28800, 0x00007f45a2246000)
 Metaspace       used 23481K, capacity 23843K, committed 24064K, reserved 24576K
}
Event: 186.243 GC heap after
{Heap after GC invocations=72 (full 27):
 def new generation   total 828992K, used 1K [0x00007f3fdc600000, 0x00007f4014980000, 0x00007f4531b50000)
  eden space 736896K,   0% used [0x00007f3fdc600000, 0x00007f3fdc600000, 0x00007f40095a0000)
  from space 92096K,   0% used [0x00007f400ef90000, 0x00007f400ef904c0, 0x00007f4014980000)
  to   space 92096K,   0% used [0x00007f40095a0000, 0x00007f40095a0000, 0x00007f400ef90000)
 tenured generation   total 2366428K, used 2113378K [0x00007f4531b50000, 0x00007f45c2247000, 0x00007f4fdc600000)
   the space 2366428K,  89% used [0x00007f4531b50000, 0x00007f45b2b28810, 0x00007f45b2b28a00, 0x00007f45c2247000)
 Metaspace       used 23481K, capacity 23843K, committed 24064K, reserved 24576K
}
Event: 186.243 GC heap before
{Heap before GC invocations=72 (full 27):
 def new generation   total 828992K, used 1K [0x00007f3fdc600000, 0x00007f4014980000, 0x00007f4531b50000)
  eden space 736896K,   0% used [0x00007f3fdc600000, 0x00007f3fdc600000, 0x00007f40095a0000)
  from space 92096K,   0% used [0x00007f400ef90000, 0x00007f400ef904c0, 0x00007f4014980000)
  to   space 92096K,   0% used [0x00007f40095a0000, 0x00007f40095a0000, 0x00007f400ef90000)
 tenured generation   total 2366428K, used 2113378K [0x00007f4531b50000, 0x00007f45c2247000, 0x00007f4fdc600000)
   the space 2366428K,  89% used [0x00007f4531b50000, 0x00007f45b2b28810, 0x00007f45b2b28a00, 0x00007f45c2247000)
 Metaspace       used 23481K, capacity 23843K, committed 24064K, reserved 24576K
}
Event: 186.415 GC heap after
{Heap after GC invocations=72 (full 28):
 def new generation   total 828992K, used 0K [0x00007f3fdc600000, 0x00007f4014980000, 0x00007f4531b50000)
  eden space 736896K,   0% used [0x00007f3fdc600000, 0x00007f3fdc600000, 0x00007f40095a0000)
  from space 92096K,   0% used [0x00007f400ef90000, 0x00007f400ef90000, 0x00007f4014980000)
  to   space 92096K,   0% used [0x00007f40095a0000, 0x00007f40095a0000, 0x00007f400ef90000)
 tenured generation   total 1842136K, used 1060218K [0x00007f4531b50000, 0x00007f45a2246000, 0x00007f4fdc600000)
   the space 1842136K,  57% used [0x00007f4531b50000, 0x00007f45726aeb20, 0x00007f45726aec00, 0x00007f45a2246000)
 Metaspace       used 23481K, capacity 23843K, committed 24064K, reserved 24576K
}
Event: 186.852 GC heap before
{Heap before GC invocations=72 (full 28):
 def new generation   total 828992K, used 735397K [0x00007f3fdc600000, 0x00007f4014980000, 0x00007f4531b50000)
  eden space 736896K,  99% used [0x00007f3fdc600000, 0x00007f40094297a8, 0x00007f40095a0000)
  from space 92096K,   0% used [0x00007f400ef90000, 0x00007f400ef90000, 0x00007f4014980000)
  to   space 92096K,   0% used [0x00007f40095a0000, 0x00007f40095a0000, 0x00007f400ef90000)
 tenured generation   total 1842136K, used 1060218K [0x00007f4531b50000, 0x00007f45a2246000, 0x00007f4fdc600000)
   the space 1842136K,  57% used [0x00007f4531b50000, 0x00007f45726aeb20, 0x00007f45726aec00, 0x00007f45a2246000)
 Metaspace       used 23481K, capacity 23843K, committed 24064K, reserved 24576K
}
Event: 186.868 GC heap after
{Heap after GC invocations=73 (full 28):
 def new generation   total 828992K, used 65537K [0x00007f3fdc600000, 0x00007f4014980000, 0x00007f4531b50000)
  eden space 736896K,   0% used [0x00007f3fdc600000, 0x00007f3fdc600000, 0x00007f40095a0000)
  from space 92096K,  71% used [0x00007f40095a0000, 0x00007f400d5a07b0, 0x00007f400ef90000)
  to   space 92096K,   0% used [0x00007f400ef90000, 0x00007f400ef90000, 0x00007f4014980000)
 tenured generation   total 1842136K, used 1125754K [0x00007f4531b50000, 0x00007f45a2246000, 0x00007f4fdc600000)
   the space 1842136K,  61% used [0x00007f4531b50000, 0x00007f45766aeb38, 0x00007f45766aec00, 0x00007f45a2246000)
 Metaspace       used 23481K, capacity 23843K, committed 24064K, reserved 24576K
}
Event: 186.944 GC heap before
{Heap before GC invocations=73 (full 28):
 def new generation   total 828992K, used 191015K [0x00007f3fdc600000, 0x00007f4014980000, 0x00007f4531b50000)
  eden space 736896K,  17% used [0x00007f3fdc600000, 0x00007f3fe4089678, 0x00007f40095a0000)
  from space 92096K,  71% used [0x00007f40095a0000, 0x00007f400d5a07b0, 0x00007f400ef90000)
  to   space 92096K,   0% used [0x00007f400ef90000, 0x00007f400ef90000, 0x00007f4014980000)
 tenured generation   total 1842136K, used 1125754K [0x00007f4531b50000, 0x00007f45a2246000, 0x00007f4fdc600000)
   the space 1842136K,  61% used [0x00007f4531b50000, 0x00007f45766aeb38, 0x00007f45766aec00, 0x00007f45a2246000)
 Metaspace       used 23486K, capacity 23843K, committed 24064K, reserved 24576K
}
Event: 186.963 GC heap after
{Heap after GC invocations=74 (full 28):
 def new generation   total 828992K, used 18050K [0x00007f3fdc600000, 0x00007f4014980000, 0x00007f4531b50000)
  eden space 736896K,   0% used [0x00007f3fdc600000, 0x00007f3fdc600000, 0x00007f40095a0000)
  from space 92096K,  19% used [0x00007f400ef90000, 0x00007f40101309f0, 0x00007f4014980000)
  to   space 92096K,   0% used [0x00007f40095a0000, 0x00007f40095a0000, 0x00007f400ef90000)
 tenured generation   total 1842136K, used 1174907K [0x00007f4531b50000, 0x00007f45a2246000, 0x00007f4fdc600000)
   the space 1842136K,  63% used [0x00007f4531b50000, 0x00007f45796aef78, 0x00007f45796af000, 0x00007f45a2246000)
 Metaspace       used 23486K, capacity 23843K, committed 24064K, reserved 24576K
}
Event: 186.963 GC heap before
{Heap before GC invocations=74 (full 28):
 def new generation   total 828992K, used 18050K [0x00007f3fdc600000, 0x00007f4014980000, 0x00007f4531b50000)
  eden space 736896K,   0% used [0x00007f3fdc600000, 0x00007f3fdc600000, 0x00007f40095a0000)
  from space 92096K,  19% used [0x00007f400ef90000, 0x00007f40101309f0, 0x00007f4014980000)
  to   space 92096K,   0% used [0x00007f40095a0000, 0x00007f40095a0000, 0x00007f400ef90000)
 tenured generation   total 1842136K, used 1174907K [0x00007f4531b50000, 0x00007f45a2246000, 0x00007f4fdc600000)
   the space 1842136K,  63% used [0x00007f4531b50000, 0x00007f45796aef78, 0x00007f45796af000, 0x00007f45a2246000)
 Metaspace       used 23486K, capacity 23843K, committed 24064K, reserved 24576K
}
Event: 186.992 GC heap after
{Heap after GC invocations=74 (full 29):
 def new generation   total 828992K, used 0K [0x00007f3fdc600000, 0x00007f4014980000, 0x00007f4531b50000)
  eden space 736896K,   0% used [0x00007f3fdc600000, 0x00007f3fdc600000, 0x00007f40095a0000)
  from space 92096K,   0% used [0x00007f400ef90000, 0x00007f400ef90000, 0x00007f4014980000)
  to   space 92096K,   0% used [0x00007f40095a0000, 0x00007f40095a0000, 0x00007f400ef90000)
 tenured generation   total 1842136K, used 28592K [0x00007f4531b50000, 0x00007f45a2246000, 0x00007f4fdc600000)
   the space 1842136K,   1% used [0x00007f4531b50000, 0x00007f453373c3a0, 0x00007f453373c400, 0x00007f45a2246000)
 Metaspace       used 23486K, capacity 23843K, committed 24064K, reserved 24576K
}
Event: 196.692 GC heap before
{Heap before GC invocations=74 (full 29):
 def new generation   total 828992K, used 538770K [0x00007f3fdc600000, 0x00007f4014980000, 0x00007f4531b50000)
  eden space 736896K,  73% used [0x00007f3fdc600000, 0x00007f3ffd424af0, 0x00007f40095a0000)
  from space 92096K,   0% used [0x00007f400ef90000, 0x00007f400ef90000, 0x00007f4014980000)
  to   space 92096K,   0% used [0x00007f40095a0000, 0x00007f40095a0000, 0x00007f400ef90000)
 tenured generation   total 10230748K, used 9465776K [0x00007f4531b50000, 0x00007f47a2247000, 0x00007f4fdc600000)
   the space 10230748K,  92% used [0x00007f4531b50000, 0x00007f477373c3d0, 0x00007f477373c400, 0x00007f47a2247000)
 Metaspace       used 23486K, capacity 23843K, committed 24064K, reserved 24576K
}
Event: 197.107 GC heap after
{Heap after GC invocations=75 (full 29):
 def new generation   total 828992K, used 1K [0x00007f3fdc600000, 0x00007f4014980000, 0x00007f4531b50000)
  eden space 736896K,   0% used [0x00007f3fdc600000, 0x00007f3fdc600000, 0x00007f40095a0000)
  from space 92096K,   0% used [0x00007f40095a0000, 0x00007f40095a0468, 0x00007f400ef90000)
  to   space 92096K,   0% used [0x00007f400ef90000, 0x00007f400ef90000, 0x00007f4014980000)
 tenured generation   total 10230748K, used 9990064K [0x00007f4531b50000, 0x00007f47a2247000, 0x00007f4fdc600000)
   the space 10230748K,  97% used [0x00007f4531b50000, 0x00007f479373c3e8, 0x00007f479373c400, 0x00007f47a2247000)
 Metaspace       used 23486K, capacity 23843K, committed 24064K, reserved 24576K
}
Event: 197.218 GC heap before
{Heap before GC invocations=75 (full 29):
 def new generation   total 828992K, used 538861K [0x00007f3fdc600000, 0x00007f4014980000, 0x00007f4531b50000)
  eden space 736896K,  73% used [0x00007f3fdc600000, 0x00007f3ffd43b060, 0x00007f40095a0000)
  from space 92096K,   0% used [0x00007f40095a0000, 0x00007f40095a0468, 0x00007f400ef90000)
  to   space 92096K,   0% used [0x00007f400ef90000, 0x00007f400ef90000, 0x00007f4014980000)
 tenured generation   total 10230748K, used 9990064K [0x00007f4531b50000, 0x00007f47a2247000, 0x00007f4fdc600000)
   the space 10230748K,  97% used [0x00007f4531b50000, 0x00007f479373c3e8, 0x00007f479373c400, 0x00007f47a2247000)
 Metaspace       used 23486K, capacity 23843K, committed 24064K, reserved 24576K
}
Event: 197.580 GC heap after
{Heap after GC invocations=76 (full 29):
 def new generation   total 828992K, used 1K [0x00007f3fdc600000, 0x00007f4014980000, 0x00007f4531b50000)
  eden space 736896K,   0% used [0x00007f3fdc600000, 0x00007f3fdc600000, 0x00007f40095a0000)
  from space 92096K,   0% used [0x00007f400ef90000, 0x00007f400ef90698, 0x00007f4014980000)
  to   space 92096K,   0% used [0x00007f40095a0000, 0x00007f40095a0000, 0x00007f400ef90000)
 tenured generation   total 10755040K, used 10514353K [0x00007f4531b50000, 0x00007f47c2248000, 0x00007f4fdc600000)
   the space 10755040K,  97% used [0x00007f4531b50000, 0x00007f47b373c400, 0x00007f47b373c400, 0x00007f47c2248000)
 Metaspace       used 23486K, capacity 23843K, committed 24064K, reserved 24576K
}
Event: 197.580 GC heap before
{Heap before GC invocations=76 (full 29):
 def new generation   total 828992K, used 1K [0x00007f3fdc600000, 0x00007f4014980000, 0x00007f4531b50000)
  eden space 736896K,   0% used [0x00007f3fdc600000, 0x00007f3fdc600000, 0x00007f40095a0000)
  from space 92096K,   0% used [0x00007f400ef90000, 0x00007f400ef90698, 0x00007f4014980000)
  to   space 92096K,   0% used [0x00007f40095a0000, 0x00007f40095a0000, 0x00007f400ef90000)
 tenured generation   total 10755040K, used 10514353K [0x00007f4531b50000, 0x00007f47c2248000, 0x00007f4fdc600000)
   the space 10755040K,  97% used [0x00007f4531b50000, 0x00007f47b373c400, 0x00007f47b373c400, 0x00007f47c2248000)
 Metaspace       used 23486K, capacity 23843K, committed 24064K, reserved 24576K
}

