# JRE version: OpenJDK Runtime Environment (13.0.7+5) (build 13.0.7+5-Ubuntu-0ubuntu120.04)
# Java VM: OpenJDK 64-Bit Server VM (13.0.7+5-Ubuntu-0ubuntu120.04, mixed mode, tiered, serial gc, linux-amd64)
Heap:
 def new generation   total 5042048K, used 4283849K [0x00007f157c600000, 0x00007f16d24f0000, 0x00007f1ad1b50000)
  eden space 4481856K,  95% used [0x00007f157c600000, 0x00007f1681c0d350, 0x00007f168ded0000)
  from space 560192K,   0% used [0x00007f16b01e0000, 0x00007f16b0345168, 0x00007f16d24f0000)
  to   space 560192K,   0% used [0x00007f168ded0000, 0x00007f168ded00a8, 0x00007f16b01e0000)
 tenured generation   total 11204420K, used 8896737K [0x00007f1ad1b50000, 0x00007f1d7d921000, 0x00007f257c600000)
   the space 11204420K,  79% used [0x00007f1ad1b50000, 0x00007f1cf0b885c8, 0x00007f1cf0b88600, 0x00007f1d7d921000)
 Metaspace       used 30738K, capacity 31164K, committed 31232K, reserved 32768K
GC Heap History (20 events):
Event: 160.684 GC heap after
{Heap after GC invocations=232 (full 12):
 def new generation   total 5042048K, used 1166K [0x00007f157c600000, 0x00007f16d24f0000, 0x00007f1ad1b50000)
  eden space 4481856K,   0% used [0x00007f157c600000, 0x00007f157c600000, 0x00007f168ded0000)
  from space 560192K,   0% used [0x00007f168ded0000, 0x00007f168dff3b68, 0x00007f16b01e0000)
  to   space 560192K,   0% used [0x00007f16b01e0000, 0x00007f16b01e0000, 0x00007f16d24f0000)
 tenured generation   total 11204420K, used 6798094K [0x00007f1ad1b50000, 0x00007f1d7d921000, 0x00007f257c600000)
   the space 11204420K,  60% used [0x00007f1ad1b50000, 0x00007f1c70a13800, 0x00007f1c70a13800, 0x00007f1d7d921000)
 Metaspace       used 30738K, capacity 31164K, committed 31232K, reserved 32768K
}
Event: 161.062 GC heap before
{Heap before GC invocations=232 (full 12):
 def new generation   total 5042048K, used 2186365K [0x00007f157c600000, 0x00007f16d24f0000, 0x00007f1ad1b50000)
  eden space 4481856K,  48% used [0x00007f157c600000, 0x00007f1601bfbb50, 0x00007f168ded0000)
  from space 560192K,   0% used [0x00007f168ded0000, 0x00007f168dff3b68, 0x00007f16b01e0000)
  to   space 560192K,   0% used [0x00007f16b01e0000, 0x00007f16b01e0000, 0x00007f16d24f0000)
 tenured generation   total 11204420K, used 6798094K [0x00007f1ad1b50000, 0x00007f1d7d921000, 0x00007f257c600000)
   the space 11204420K,  60% used [0x00007f1ad1b50000, 0x00007f1c70a13800, 0x00007f1c70a13800, 0x00007f1d7d921000)
 Metaspace       used 30738K, capacity 31164K, committed 31232K, reserved 32768K
}
Event: 162.809 GC heap after
{Heap after GC invocations=233 (full 12):
 def new generation   total 5042048K, used 1167K [0x00007f157c600000, 0x00007f16d24f0000, 0x00007f1ad1b50000)
  eden space 4481856K,   0% used [0x00007f157c600000, 0x00007f157c600000, 0x00007f168ded0000)
  from space 560192K,   0% used [0x00007f16b01e0000, 0x00007f16b0303df8, 0x00007f16d24f0000)
  to   space 560192K,   0% used [0x00007f168ded0000, 0x00007f168ded0000, 0x00007f16b01e0000)
 tenured generation   total 11204420K, used 8895246K [0x00007f1ad1b50000, 0x00007f1d7d921000, 0x00007f257c600000)
   the space 11204420K,  79% used [0x00007f1ad1b50000, 0x00007f1cf0a13818, 0x00007f1cf0a13a00, 0x00007f1d7d921000)
 Metaspace       used 30738K, capacity 31164K, committed 31232K, reserved 32768K
}
Event: 165.462 GC heap before
{Heap before GC invocations=233 (full 12):
 def new generation   total 5042048K, used 4283518K [0x00007f157c600000, 0x00007f16d24f0000, 0x00007f1ad1b50000)
  eden space 4481856K,  95% used [0x00007f157c600000, 0x00007f1681bfbb28, 0x00007f168ded0000)
  from space 560192K,   0% used [0x00007f16b01e0000, 0x00007f16b0303df8, 0x00007f16d24f0000)
  to   space 560192K,   0% used [0x00007f168ded0000, 0x00007f168ded0000, 0x00007f16b01e0000)
 tenured generation   total 11204420K, used 8895246K [0x00007f1ad1b50000, 0x00007f1d7d921000, 0x00007f257c600000)
   the space 11204420K,  79% used [0x00007f1ad1b50000, 0x00007f1cf0a13818, 0x00007f1cf0a13a00, 0x00007f1d7d921000)
 Metaspace       used 30738K, capacity 31164K, committed 31232K, reserved 32768K
}
Event: 167.065 GC heap after
{Heap after GC invocations=234 (full 12):
 def new generation   total 5042048K, used 1166K [0x00007f157c600000, 0x00007f16d24f0000, 0x00007f1ad1b50000)
  eden space 4481856K,   0% used [0x00007f157c600000, 0x00007f157c600000, 0x00007f168ded0000)
  from space 560192K,   0% used [0x00007f168ded0000, 0x00007f168dff3ad8, 0x00007f16b01e0000)
  to   space 560192K,   0% used [0x00007f16b01e0000, 0x00007f16b01e0000, 0x00007f16d24f0000)
 tenured generation   total 15398728K, used 13089550K [0x00007f1ad1b50000, 0x00007f1e7d922000, 0x00007f257c600000)
   the space 15398728K,  85% used [0x00007f1ad1b50000, 0x00007f1df0a13830, 0x00007f1df0a13a00, 0x00007f1e7d922000)
 Metaspace       used 30738K, capacity 31164K, committed 31232K, reserved 32768K
}
Event: 167.065 GC heap before
{Heap before GC invocations=234 (full 12):
 def new generation   total 5042048K, used 1166K [0x00007f157c600000, 0x00007f16d24f0000, 0x00007f1ad1b50000)
  eden space 4481856K,   0% used [0x00007f157c600000, 0x00007f157c600000, 0x00007f168ded0000)
  from space 560192K,   0% used [0x00007f168ded0000, 0x00007f168dff3ad8, 0x00007f16b01e0000)
  to   space 560192K,   0% used [0x00007f16b01e0000, 0x00007f16b01e0000, 0x00007f16d24f0000)
 tenured generation   total 15398728K, used 13089550K [0x00007f1ad1b50000, 0x00007f1e7d922000, 0x00007f257c600000)
   the space 15398728K,  85% used [0x00007f1ad1b50000, 0x00007f1df0a13830, 0x00007f1df0a13a00, 0x00007f1e7d922000)
 Metaspace       used 30738K, capacity 31164K, committed 31232K, reserved 32768K
}
Event: 167.614 GC heap after
{Heap after GC invocations=234 (full 13):
 def new generation   total 5042048K, used 0K [0x00007f157c600000, 0x00007f16d24f0000, 0x00007f1ad1b50000)
  eden space 4481856K,   0% used [0x00007f157c600000, 0x00007f157c600000, 0x00007f168ded0000)
  from space 560192K,   0% used [0x00007f168ded0000, 0x00007f168ded0000, 0x00007f16b01e0000)
  to   space 560192K,   0% used [0x00007f16b01e0000, 0x00007f16b01e0000, 0x00007f16d24f0000)
 tenured generation   total 11204420K, used 4208318K [0x00007f1ad1b50000, 0x00007f1d7d921000, 0x00007f257c600000)
   the space 11204420K,  37% used [0x00007f1ad1b50000, 0x00007f1bd28ffb00, 0x00007f1bd28ffc00, 0x00007f1d7d921000)
 Metaspace       used 30738K, capacity 31164K, committed 31232K, reserved 32768K
}
Event: 168.534 GC heap before
{Heap before GC invocations=234 (full 13):
 def new generation   total 5042048K, used 4282262K [0x00007f157c600000, 0x00007f16d24f0000, 0x00007f1ad1b50000)
  eden space 4481856K,  95% used [0x00007f157c600000, 0x00007f1681be59b8, 0x00007f168ded0000)
  from space 560192K,   0% used [0x00007f168ded0000, 0x00007f168ded0000, 0x00007f16b01e0000)
  to   space 560192K,   0% used [0x00007f16b01e0000, 0x00007f16b01e0000, 0x00007f16d24f0000)
 tenured generation   total 11204420K, used 4208318K [0x00007f1ad1b50000, 0x00007f1d7d921000, 0x00007f257c600000)
   the space 11204420K,  37% used [0x00007f1ad1b50000, 0x00007f1bd28ffb00, 0x00007f1bd28ffc00, 0x00007f1d7d921000)
 Metaspace       used 30738K, capacity 31164K, committed 31232K, reserved 32768K
}
Event: 169.068 GC heap after
{Heap after GC invocations=235 (full 13):
 def new generation   total 5042048K, used 0K [0x00007f157c600000, 0x00007f16d24f0000, 0x00007f1ad1b50000)
  eden space 4481856K,   0% used [0x00007f157c600000, 0x00007f157c600000, 0x00007f168ded0000)
  from space 560192K,   0% used [0x00007f16b01e0000, 0x00007f16b01e0290, 0x00007f16d24f0000)
  to   space 560192K,   0% used [0x00007f168ded0000, 0x00007f168ded0000, 0x00007f16b01e0000)
 tenured generation   total 11204420K, used 8402622K [0x00007f1ad1b50000, 0x00007f1d7d921000, 0x00007f257c600000)
   the space 11204420K,  74% used [0x00007f1ad1b50000, 0x00007f1cd28ffb18, 0x00007f1cd28ffc00, 0x00007f1d7d921000)
 Metaspace       used 30738K, capacity 31164K, committed 31232K, reserved 32768K
}
Event: 171.640 GC heap before
{Heap before GC invocations=235 (full 13):
 def new generation   total 5042048K, used 4282206K [0x00007f157c600000, 0x00007f16d24f0000, 0x00007f1ad1b50000)
  eden space 4481856K,  95% used [0x00007f157c600000, 0x00007f1681bd7640, 0x00007f168ded0000)
  from space 560192K,   0% used [0x00007f16b01e0000, 0x00007f16b01e0290, 0x00007f16d24f0000)
  to   space 560192K,   0% used [0x00007f168ded0000, 0x00007f168ded0000, 0x00007f16b01e0000)
 tenured generation   total 11204420K, used 8402622K [0x00007f1ad1b50000, 0x00007f1d7d921000, 0x00007f257c600000)
   the space 11204420K,  74% used [0x00007f1ad1b50000, 0x00007f1cd28ffb18, 0x00007f1cd28ffc00, 0x00007f1d7d921000)
 Metaspace       used 30738K, capacity 31164K, committed 31232K, reserved 32768K
}
Event: 176.284 GC heap after
{Heap after GC invocations=236 (full 13):
 def new generation   total 5042048K, used 0K [0x00007f157c600000, 0x00007f16d24f0000, 0x00007f1ad1b50000)
  eden space 4481856K,   0% used [0x00007f157c600000, 0x00007f157c600000, 0x00007f168ded0000)
  from space 560192K,   0% used [0x00007f168ded0000, 0x00007f168ded02b8, 0x00007f16b01e0000)
  to   space 560192K,   0% used [0x00007f16b01e0000, 0x00007f16b01e0000, 0x00007f16d24f0000)
 tenured generation   total 15398728K, used 12596926K [0x00007f1ad1b50000, 0x00007f1e7d922000, 0x00007f257c600000)
   the space 15398728K,  81% used [0x00007f1ad1b50000, 0x00007f1dd28ffb30, 0x00007f1dd28ffc00, 0x00007f1e7d922000)
 Metaspace       used 30738K, capacity 31164K, committed 31232K, reserved 32768K
}
Event: 176.284 GC heap before
{Heap before GC invocations=236 (full 13):
 def new generation   total 5042048K, used 0K [0x00007f157c600000, 0x00007f16d24f0000, 0x00007f1ad1b50000)
  eden space 4481856K,   0% used [0x00007f157c600000, 0x00007f157c600000, 0x00007f168ded0000)
  from space 560192K,   0% used [0x00007f168ded0000, 0x00007f168ded02b8, 0x00007f16b01e0000)
  to   space 560192K,   0% used [0x00007f16b01e0000, 0x00007f16b01e0000, 0x00007f16d24f0000)
 tenured generation   total 15398728K, used 12596926K [0x00007f1ad1b50000, 0x00007f1e7d922000, 0x00007f257c600000)
   the space 15398728K,  81% used [0x00007f1ad1b50000, 0x00007f1dd28ffb30, 0x00007f1dd28ffc00, 0x00007f1e7d922000)
 Metaspace       used 30738K, capacity 31164K, committed 31232K, reserved 32768K
}
Event: 176.904 GC heap after
{Heap after GC invocations=236 (full 14):
 def new generation   total 5042048K, used 0K [0x00007f157c600000, 0x00007f16d24f0000, 0x00007f1ad1b50000)
  eden space 4481856K,   0% used [0x00007f157c600000, 0x00007f157c600000, 0x00007f168ded0000)
  from space 560192K,   0% used [0x00007f168ded0000, 0x00007f168ded0000, 0x00007f16b01e0000)
  to   space 560192K,   0% used [0x00007f16b01e0000, 0x00007f16b01e0000, 0x00007f16d24f0000)
 tenured generation   total 11204420K, used 4208318K [0x00007f1ad1b50000, 0x00007f1d7d921000, 0x00007f257c600000)
   the space 11204420K,  37% used [0x00007f1ad1b50000, 0x00007f1bd28ffba0, 0x00007f1bd28ffc00, 0x00007f1d7d921000)
 Metaspace       used 30738K, capacity 31164K, committed 31232K, reserved 32768K
}
Event: 179.830 GC heap before
{Heap before GC invocations=236 (full 14):
 def new generation   total 5042048K, used 4481856K [0x00007f157c600000, 0x00007f16d24f0000, 0x00007f1ad1b50000)
  eden space 4481856K, 100% used [0x00007f157c600000, 0x00007f168ded0000, 0x00007f168ded0000)
  from space 560192K,   0% used [0x00007f168ded0000, 0x00007f168ded0000, 0x00007f16b01e0000)
  to   space 560192K,   0% used [0x00007f16b01e0000, 0x00007f16b01e0000, 0x00007f16d24f0000)
 tenured generation   total 11204420K, used 4208318K [0x00007f1ad1b50000, 0x00007f1d7d921000, 0x00007f257c600000)
   the space 11204420K,  37% used [0x00007f1ad1b50000, 0x00007f1bd28ffba0, 0x00007f1bd28ffc00, 0x00007f1d7d921000)
 Metaspace       used 30738K, capacity 31164K, committed 31232K, reserved 32768K
}
Event: 179.881 GC heap after
{Heap after GC invocations=237 (full 14):
 def new generation   total 5042048K, used 494117K [0x00007f157c600000, 0x00007f16d24f0000, 0x00007f1ad1b50000)
  eden space 4481856K,   0% used [0x00007f157c600000, 0x00007f157c600000, 0x00007f168ded0000)
  from space 560192K,  88% used [0x00007f16b01e0000, 0x00007f16ce4696b8, 0x00007f16d24f0000)
  to   space 560192K,   0% used [0x00007f168ded0000, 0x00007f168ded0000, 0x00007f16b01e0000)
 tenured generation   total 11204420K, used 4208318K [0x00007f1ad1b50000, 0x00007f1d7d921000, 0x00007f257c600000)
   the space 11204420K,  37% used [0x00007f1ad1b50000, 0x00007f1bd28ffba0, 0x00007f1bd28ffc00, 0x00007f1d7d921000)
 Metaspace       used 30738K, capacity 31164K, committed 31232K, reserved 32768K
}
Event: 181.719 GC heap before
{Heap before GC invocations=237 (full 14):
 def new generation   total 5042048K, used 4095587K [0x00007f157c600000, 0x00007f16d24f0000, 0x00007f1ad1b50000)
  eden space 4481856K,  80% used [0x00007f157c600000, 0x00007f165830f810, 0x00007f168ded0000)
  from space 560192K,  88% used [0x00007f16b01e0000, 0x00007f16ce4696b8, 0x00007f16d24f0000)
  to   space 560192K,   0% used [0x00007f168ded0000, 0x00007f168ded0000, 0x00007f16b01e0000)
 tenured generation   total 11204420K, used 4208318K [0x00007f1ad1b50000, 0x00007f1d7d921000, 0x00007f257c600000)
   the space 11204420K,  37% used [0x00007f1ad1b50000, 0x00007f1bd28ffba0, 0x00007f1bd28ffc00, 0x00007f1d7d921000)
 Metaspace       used 30738K, capacity 31164K, committed 31232K, reserved 32768K
}
Event: 182.020 GC heap after
{Heap after GC invocations=238 (full 14):
 def new generation   total 5042048K, used 1427K [0x00007f157c600000, 0x00007f16d24f0000, 0x00007f1ad1b50000)
  eden space 4481856K,   0% used [0x00007f157c600000, 0x00007f157c600000, 0x00007f168ded0000)
  from space 560192K,   0% used [0x00007f168ded0000, 0x00007f168e034ed8, 0x00007f16b01e0000)
  to   space 560192K,   0% used [0x00007f16b01e0000, 0x00007f16b01e0000, 0x00007f16d24f0000)
 tenured generation   total 11204420K, used 6799585K [0x00007f1ad1b50000, 0x00007f1d7d921000, 0x00007f257c600000)
   the space 11204420K,  60% used [0x00007f1ad1b50000, 0x00007f1c70b885b0, 0x00007f1c70b88600, 0x00007f1d7d921000)
 Metaspace       used 30738K, capacity 31164K, committed 31232K, reserved 32768K
}
Event: 182.284 GC heap before
{Heap before GC invocations=238 (full 14):
 def new generation   total 5042048K, used 2186696K [0x00007f157c600000, 0x00007f16d24f0000, 0x00007f1ad1b50000)
  eden space 4481856K,  48% used [0x00007f157c600000, 0x00007f1601c0d378, 0x00007f168ded0000)
  from space 560192K,   0% used [0x00007f168ded0000, 0x00007f168e034ed8, 0x00007f16b01e0000)
  to   space 560192K,   0% used [0x00007f16b01e0000, 0x00007f16b01e0000, 0x00007f16d24f0000)
 tenured generation   total 11204420K, used 6799585K [0x00007f1ad1b50000, 0x00007f1d7d921000, 0x00007f257c600000)
   the space 11204420K,  60% used [0x00007f1ad1b50000, 0x00007f1c70b885b0, 0x00007f1c70b88600, 0x00007f1d7d921000)
 Metaspace       used 30738K, capacity 31164K, committed 31232K, reserved 32768K
}
Event: 182.457 GC heap after
{Heap after GC invocations=239 (full 14):
 def new generation   total 5042048K, used 1428K [0x00007f157c600000, 0x00007f16d24f0000, 0x00007f1ad1b50000)
  eden space 4481856K,   0% used [0x00007f157c600000, 0x00007f157c600000, 0x00007f168ded0000)
  from space 560192K,   0% used [0x00007f16b01e0000, 0x00007f16b0345168, 0x00007f16d24f0000)
  to   space 560192K,   0% used [0x00007f168ded0000, 0x00007f168ded0000, 0x00007f16b01e0000)
 tenured generation   total 11204420K, used 8896737K [0x00007f1ad1b50000, 0x00007f1d7d921000, 0x00007f257c600000)
   the space 11204420K,  79% used [0x00007f1ad1b50000, 0x00007f1cf0b885c8, 0x00007f1cf0b88600, 0x00007f1d7d921000)
 Metaspace       used 30738K, capacity 31164K, committed 31232K, reserved 32768K
}
Event: 184.859 GC heap before
{Heap before GC invocations=239 (full 14):
 def new generation   total 5042048K, used 4283849K [0x00007f157c600000, 0x00007f16d24f0000, 0x00007f1ad1b50000)
  eden space 4481856K,  95% used [0x00007f157c600000, 0x00007f1681c0d350, 0x00007f168ded0000)
  from space 560192K,   0% used [0x00007f16b01e0000, 0x00007f16b0345168, 0x00007f16d24f0000)
  to   space 560192K,   0% used [0x00007f168ded0000, 0x00007f168ded0000, 0x00007f16b01e0000)
 tenured generation   total 11204420K, used 8896737K [0x00007f1ad1b50000, 0x00007f1d7d921000, 0x00007f257c600000)
   the space 11204420K,  79% used [0x00007f1ad1b50000, 0x00007f1cf0b885c8, 0x00007f1cf0b88600, 0x00007f1d7d921000)
 Metaspace       used 30738K, capacity 31164K, committed 31232K, reserved 32768K
}

