# JRE version: OpenJDK Runtime Environment (13.0.7+5) (build 13.0.7+5-Ubuntu-0ubuntu120.04)
# Java VM: OpenJDK 64-Bit Server VM (13.0.7+5-Ubuntu-0ubuntu120.04, mixed mode, tiered, serial gc, linux-amd64)
Heap:
 def new generation   total 1029888K, used 40591K [0x00007f8344600000, 0x00007f838a370000, 0x00007f8899b50000)
  eden space 915520K,   4% used [0x00007f8344600000, 0x00007f8346da3fa0, 0x00007f837c410000)
  from space 114368K,   0% used [0x00007f83833c0000, 0x00007f83833c0000, 0x00007f838a370000)
  to   space 114368K,   0% used [0x00007f837c410000, 0x00007f837c410000, 0x00007f83833c0000)
 tenured generation   total 2304876K, used 2304821K [0x00007f8899b50000, 0x00007f892662b000, 0x00007f9344600000)
   the space 2304876K,  99% used [0x00007f8899b50000, 0x00007f892661d610, 0x00007f892661d800, 0x00007f892662b000)
 Metaspace       used 24280K, capacity 24633K, committed 24832K, reserved 26624K
GC Heap History (20 events):
Event: 983.273 GC heap after
{Heap after GC invocations=1072 (full 4):
 def new generation   total 1029888K, used 50353K [0x00007f8344600000, 0x00007f838a370000, 0x00007f8899b50000)
  eden space 915520K,   0% used [0x00007f8344600000, 0x00007f8344600000, 0x00007f837c410000)
  from space 114368K,  44% used [0x00007f837c410000, 0x00007f837f53c570, 0x00007f83833c0000)
  to   space 114368K,   0% used [0x00007f83833c0000, 0x00007f83833c0000, 0x00007f838a370000)
 tenured generation   total 2288488K, used 2267804K [0x00007f8899b50000, 0x00007f892562a000, 0x00007f9344600000)
   the space 2288488K,  99% used [0x00007f8899b50000, 0x00007f89241f70c0, 0x00007f89241f7200, 0x00007f892562a000)
 Metaspace       used 24280K, capacity 24633K, committed 24832K, reserved 26624K
}
Event: 984.147 GC heap before
{Heap before GC invocations=1072 (full 4):
 def new generation   total 1029888K, used 965873K [0x00007f8344600000, 0x00007f838a370000, 0x00007f8899b50000)
  eden space 915520K, 100% used [0x00007f8344600000, 0x00007f837c410000, 0x00007f837c410000)
  from space 114368K,  44% used [0x00007f837c410000, 0x00007f837f53c570, 0x00007f83833c0000)
  to   space 114368K,   0% used [0x00007f83833c0000, 0x00007f83833c0000, 0x00007f838a370000)
 tenured generation   total 2288488K, used 2267804K [0x00007f8899b50000, 0x00007f892562a000, 0x00007f9344600000)
   the space 2288488K,  99% used [0x00007f8899b50000, 0x00007f89241f70c0, 0x00007f89241f7200, 0x00007f892562a000)
 Metaspace       used 24280K, capacity 24633K, committed 24832K, reserved 26624K
}
Event: 984.201 GC heap after
{Heap after GC invocations=1073 (full 4):
 def new generation   total 1029888K, used 50859K [0x00007f8344600000, 0x00007f838a370000, 0x00007f8899b50000)
  eden space 915520K,   0% used [0x00007f8344600000, 0x00007f8344600000, 0x00007f837c410000)
  from space 114368K,  44% used [0x00007f83833c0000, 0x00007f838656aec0, 0x00007f838a370000)
  to   space 114368K,   0% used [0x00007f837c410000, 0x00007f837c410000, 0x00007f83833c0000)
 tenured generation   total 2288488K, used 2267804K [0x00007f8899b50000, 0x00007f892562a000, 0x00007f9344600000)
   the space 2288488K,  99% used [0x00007f8899b50000, 0x00007f89241f70c0, 0x00007f89241f7200, 0x00007f892562a000)
 Metaspace       used 24280K, capacity 24633K, committed 24832K, reserved 26624K
}
Event: 985.422 GC heap before
{Heap before GC invocations=1073 (full 4):
 def new generation   total 1029888K, used 964819K [0x00007f8344600000, 0x00007f838a370000, 0x00007f8899b50000)
  eden space 915520K,  99% used [0x00007f8344600000, 0x00007f837c289e98, 0x00007f837c410000)
  from space 114368K,  44% used [0x00007f83833c0000, 0x00007f838656aec0, 0x00007f838a370000)
  to   space 114368K,   0% used [0x00007f837c410000, 0x00007f837c410000, 0x00007f83833c0000)
 tenured generation   total 2288488K, used 2267804K [0x00007f8899b50000, 0x00007f892562a000, 0x00007f9344600000)
   the space 2288488K,  99% used [0x00007f8899b50000, 0x00007f89241f70c0, 0x00007f89241f7200, 0x00007f892562a000)
 Metaspace       used 24280K, capacity 24633K, committed 24832K, reserved 26624K
}
Event: 985.467 GC heap after
{Heap after GC invocations=1074 (full 4):
 def new generation   total 1029888K, used 53968K [0x00007f8344600000, 0x00007f838a370000, 0x00007f8899b50000)
  eden space 915520K,   0% used [0x00007f8344600000, 0x00007f8344600000, 0x00007f837c410000)
  from space 114368K,  47% used [0x00007f837c410000, 0x00007f837f8c4118, 0x00007f83833c0000)
  to   space 114368K,   0% used [0x00007f83833c0000, 0x00007f83833c0000, 0x00007f838a370000)
 tenured generation   total 2288488K, used 2267804K [0x00007f8899b50000, 0x00007f892562a000, 0x00007f9344600000)
   the space 2288488K,  99% used [0x00007f8899b50000, 0x00007f89241f70c0, 0x00007f89241f7200, 0x00007f892562a000)
 Metaspace       used 24280K, capacity 24633K, committed 24832K, reserved 26624K
}
Event: 986.802 GC heap before
{Heap before GC invocations=1074 (full 4):
 def new generation   total 1029888K, used 954090K [0x00007f8344600000, 0x00007f838a370000, 0x00007f8899b50000)
  eden space 915520K,  98% used [0x00007f8344600000, 0x00007f837b506800, 0x00007f837c410000)
  from space 114368K,  47% used [0x00007f837c410000, 0x00007f837f8c4118, 0x00007f83833c0000)
  to   space 114368K,   0% used [0x00007f83833c0000, 0x00007f83833c0000, 0x00007f838a370000)
 tenured generation   total 2288488K, used 2267804K [0x00007f8899b50000, 0x00007f892562a000, 0x00007f9344600000)
   the space 2288488K,  99% used [0x00007f8899b50000, 0x00007f89241f70c0, 0x00007f89241f7200, 0x00007f892562a000)
 Metaspace       used 24280K, capacity 24633K, committed 24832K, reserved 26624K
}
Event: 986.852 GC heap after
{Heap after GC invocations=1075 (full 4):
 def new generation   total 1029888K, used 58592K [0x00007f8344600000, 0x00007f838a370000, 0x00007f8899b50000)
  eden space 915520K,   0% used [0x00007f8344600000, 0x00007f8344600000, 0x00007f837c410000)
  from space 114368K,  51% used [0x00007f83833c0000, 0x00007f8386cf8398, 0x00007f838a370000)
  to   space 114368K,   0% used [0x00007f837c410000, 0x00007f837c410000, 0x00007f83833c0000)
 tenured generation   total 2288488K, used 2267804K [0x00007f8899b50000, 0x00007f892562a000, 0x00007f9344600000)
   the space 2288488K,  99% used [0x00007f8899b50000, 0x00007f89241f70c0, 0x00007f89241f7200, 0x00007f892562a000)
 Metaspace       used 24280K, capacity 24633K, committed 24832K, reserved 26624K
}
Event: 988.069 GC heap before
{Heap before GC invocations=1075 (full 4):
 def new generation   total 1029888K, used 974112K [0x00007f8344600000, 0x00007f838a370000, 0x00007f8899b50000)
  eden space 915520K, 100% used [0x00007f8344600000, 0x00007f837c410000, 0x00007f837c410000)
  from space 114368K,  51% used [0x00007f83833c0000, 0x00007f8386cf8398, 0x00007f838a370000)
  to   space 114368K,   0% used [0x00007f837c410000, 0x00007f837c410000, 0x00007f83833c0000)
 tenured generation   total 2288488K, used 2267804K [0x00007f8899b50000, 0x00007f892562a000, 0x00007f9344600000)
   the space 2288488K,  99% used [0x00007f8899b50000, 0x00007f89241f70c0, 0x00007f89241f7200, 0x00007f892562a000)
 Metaspace       used 24280K, capacity 24633K, committed 24832K, reserved 26624K
}
Event: 988.127 GC heap after
{Heap after GC invocations=1076 (full 4):
 def new generation   total 1029888K, used 45751K [0x00007f8344600000, 0x00007f838a370000, 0x00007f8899b50000)
  eden space 915520K,   0% used [0x00007f8344600000, 0x00007f8344600000, 0x00007f837c410000)
  from space 114368K,  40% used [0x00007f837c410000, 0x00007f837f0bdec8, 0x00007f83833c0000)
  to   space 114368K,   0% used [0x00007f83833c0000, 0x00007f83833c0000, 0x00007f838a370000)
 tenured generation   total 2288488K, used 2285277K [0x00007f8899b50000, 0x00007f892562a000, 0x00007f9344600000)
   the space 2288488K,  99% used [0x00007f8899b50000, 0x00007f8925307788, 0x00007f8925307800, 0x00007f892562a000)
 Metaspace       used 24280K, capacity 24633K, committed 24832K, reserved 26624K
}
Event: 989.169 GC heap before
{Heap before GC invocations=1076 (full 4):
 def new generation   total 1029888K, used 956829K [0x00007f8344600000, 0x00007f838a370000, 0x00007f8899b50000)
  eden space 915520K,  99% used [0x00007f8344600000, 0x00007f837bfb96f0, 0x00007f837c410000)
  from space 114368K,  40% used [0x00007f837c410000, 0x00007f837f0bdec8, 0x00007f83833c0000)
  to   space 114368K,   0% used [0x00007f83833c0000, 0x00007f83833c0000, 0x00007f838a370000)
 tenured generation   total 2288488K, used 2285277K [0x00007f8899b50000, 0x00007f892562a000, 0x00007f9344600000)
   the space 2288488K,  99% used [0x00007f8899b50000, 0x00007f8925307788, 0x00007f8925307800, 0x00007f892562a000)
 Metaspace       used 24280K, capacity 24633K, committed 24832K, reserved 26624K
}
Event: 989.215 GC heap after
{Heap after GC invocations=1077 (full 4):
 def new generation   total 1029888K, used 49334K [0x00007f8344600000, 0x00007f838a370000, 0x00007f8899b50000)
  eden space 915520K,   0% used [0x00007f8344600000, 0x00007f8344600000, 0x00007f837c410000)
  from space 114368K,  43% used [0x00007f83833c0000, 0x00007f83863edbd0, 0x00007f838a370000)
  to   space 114368K,   0% used [0x00007f837c410000, 0x00007f837c410000, 0x00007f83833c0000)
 tenured generation   total 2288488K, used 2285277K [0x00007f8899b50000, 0x00007f892562a000, 0x00007f9344600000)
   the space 2288488K,  99% used [0x00007f8899b50000, 0x00007f8925307788, 0x00007f8925307800, 0x00007f892562a000)
 Metaspace       used 24280K, capacity 24633K, committed 24832K, reserved 26624K
}
Event: 990.107 GC heap before
{Heap before GC invocations=1077 (full 4):
 def new generation   total 1029888K, used 964854K [0x00007f8344600000, 0x00007f838a370000, 0x00007f8899b50000)
  eden space 915520K, 100% used [0x00007f8344600000, 0x00007f837c410000, 0x00007f837c410000)
  from space 114368K,  43% used [0x00007f83833c0000, 0x00007f83863edbd0, 0x00007f838a370000)
  to   space 114368K,   0% used [0x00007f837c410000, 0x00007f837c410000, 0x00007f83833c0000)
 tenured generation   total 2288488K, used 2285277K [0x00007f8899b50000, 0x00007f892562a000, 0x00007f9344600000)
   the space 2288488K,  99% used [0x00007f8899b50000, 0x00007f8925307788, 0x00007f8925307800, 0x00007f892562a000)
 Metaspace       used 24280K, capacity 24633K, committed 24832K, reserved 26624K
}
Event: 990.154 GC heap after
{Heap after GC invocations=1078 (full 4):
 def new generation   total 1029888K, used 50367K [0x00007f8344600000, 0x00007f838a370000, 0x00007f8899b50000)
  eden space 915520K,   0% used [0x00007f8344600000, 0x00007f8344600000, 0x00007f837c410000)
  from space 114368K,  44% used [0x00007f837c410000, 0x00007f837f53fde8, 0x00007f83833c0000)
  to   space 114368K,   0% used [0x00007f83833c0000, 0x00007f83833c0000, 0x00007f838a370000)
 tenured generation   total 2288488K, used 2285277K [0x00007f8899b50000, 0x00007f892562a000, 0x00007f9344600000)
   the space 2288488K,  99% used [0x00007f8899b50000, 0x00007f8925307788, 0x00007f8925307800, 0x00007f892562a000)
 Metaspace       used 24280K, capacity 24633K, committed 24832K, reserved 26624K
}
Event: 991.053 GC heap before
{Heap before GC invocations=1078 (full 4):
 def new generation   total 1029888K, used 960838K [0x00007f8344600000, 0x00007f838a370000, 0x00007f8899b50000)
  eden space 915520K,  99% used [0x00007f8344600000, 0x00007f837bf21be8, 0x00007f837c410000)
  from space 114368K,  44% used [0x00007f837c410000, 0x00007f837f53fde8, 0x00007f83833c0000)
  to   space 114368K,   0% used [0x00007f83833c0000, 0x00007f83833c0000, 0x00007f838a370000)
 tenured generation   total 2288488K, used 2285277K [0x00007f8899b50000, 0x00007f892562a000, 0x00007f9344600000)
   the space 2288488K,  99% used [0x00007f8899b50000, 0x00007f8925307788, 0x00007f8925307800, 0x00007f892562a000)
 Metaspace       used 24280K, capacity 24633K, committed 24832K, reserved 26624K
}
Event: 991.099 GC heap after
{Heap after GC invocations=1079 (full 4):
 def new generation   total 1029888K, used 51906K [0x00007f8344600000, 0x00007f838a370000, 0x00007f8899b50000)
  eden space 915520K,   0% used [0x00007f8344600000, 0x00007f8344600000, 0x00007f837c410000)
  from space 114368K,  45% used [0x00007f83833c0000, 0x00007f8386670b58, 0x00007f838a370000)
  to   space 114368K,   0% used [0x00007f837c410000, 0x00007f837c410000, 0x00007f83833c0000)
 tenured generation   total 2288488K, used 2285277K [0x00007f8899b50000, 0x00007f892562a000, 0x00007f9344600000)
   the space 2288488K,  99% used [0x00007f8899b50000, 0x00007f8925307788, 0x00007f8925307800, 0x00007f892562a000)
 Metaspace       used 24280K, capacity 24633K, committed 24832K, reserved 26624K
}
Event: 992.412 GC heap before
{Heap before GC invocations=1079 (full 4):
 def new generation   total 1029888K, used 961489K [0x00007f8344600000, 0x00007f838a370000, 0x00007f8899b50000)
  eden space 915520K,  99% used [0x00007f8344600000, 0x00007f837be439e0, 0x00007f837c410000)
  from space 114368K,  45% used [0x00007f83833c0000, 0x00007f8386670b58, 0x00007f838a370000)
  to   space 114368K,   0% used [0x00007f837c410000, 0x00007f837c410000, 0x00007f83833c0000)
 tenured generation   total 2288488K, used 2285277K [0x00007f8899b50000, 0x00007f892562a000, 0x00007f9344600000)
   the space 2288488K,  99% used [0x00007f8899b50000, 0x00007f8925307788, 0x00007f8925307800, 0x00007f892562a000)
 Metaspace       used 24280K, capacity 24633K, committed 24832K, reserved 26624K
}
Event: 992.481 GC heap after
{Heap after GC invocations=1080 (full 4):
 def new generation   total 1029888K, used 71926K [0x00007f8344600000, 0x00007f838a370000, 0x00007f8899b50000)
  eden space 915520K,   0% used [0x00007f8344600000, 0x00007f8344600000, 0x00007f837c410000)
  from space 114368K,  62% used [0x00007f837c410000, 0x00007f8380a4db40, 0x00007f83833c0000)
  to   space 114368K,   0% used [0x00007f83833c0000, 0x00007f83833c0000, 0x00007f838a370000)
 tenured generation   total 2288488K, used 2285277K [0x00007f8899b50000, 0x00007f892562a000, 0x00007f9344600000)
   the space 2288488K,  99% used [0x00007f8899b50000, 0x00007f8925307788, 0x00007f8925307800, 0x00007f892562a000)
 Metaspace       used 24280K, capacity 24633K, committed 24832K, reserved 26624K
}
Event: 993.764 GC heap before
{Heap before GC invocations=1080 (full 4):
 def new generation   total 1029888K, used 973126K [0x00007f8344600000, 0x00007f838a370000, 0x00007f8899b50000)
  eden space 915520K,  98% used [0x00007f8344600000, 0x00007f837b613f30, 0x00007f837c410000)
  from space 114368K,  62% used [0x00007f837c410000, 0x00007f8380a4db40, 0x00007f83833c0000)
  to   space 114368K,   0% used [0x00007f83833c0000, 0x00007f83833c0000, 0x00007f838a370000)
 tenured generation   total 2288488K, used 2285277K [0x00007f8899b50000, 0x00007f892562a000, 0x00007f9344600000)
   the space 2288488K,  99% used [0x00007f8899b50000, 0x00007f8925307788, 0x00007f8925307800, 0x00007f892562a000)
 Metaspace       used 24280K, capacity 24633K, committed 24832K, reserved 26624K
}
Event: 993.850 GC heap after
{Heap after GC invocations=1081 (full 4):
 def new generation   total 1029888K, used 42661K [0x00007f8344600000, 0x00007f838a370000, 0x00007f8899b50000)
  eden space 915520K,   0% used [0x00007f8344600000, 0x00007f8344600000, 0x00007f837c410000)
  from space 114368K,  37% used [0x00007f83833c0000, 0x00007f8385d69760, 0x00007f838a370000)
  to   space 114368K,   0% used [0x00007f837c410000, 0x00007f837c410000, 0x00007f83833c0000)
 tenured generation   total 2304876K, used 2302751K [0x00007f8899b50000, 0x00007f892662b000, 0x00007f9344600000)
   the space 2304876K,  99% used [0x00007f8899b50000, 0x00007f8926417e50, 0x00007f8926418000, 0x00007f892662b000)
 Metaspace       used 24280K, capacity 24633K, committed 24832K, reserved 26624K
}
Event: 993.850 GC heap before
{Heap before GC invocations=1081 (full 4):
 def new generation   total 1029888K, used 42661K [0x00007f8344600000, 0x00007f838a370000, 0x00007f8899b50000)
  eden space 915520K,   0% used [0x00007f8344600000, 0x00007f8344600000, 0x00007f837c410000)
  from space 114368K,  37% used [0x00007f83833c0000, 0x00007f8385d69760, 0x00007f838a370000)
  to   space 114368K,   0% used [0x00007f837c410000, 0x00007f837c410000, 0x00007f83833c0000)
 tenured generation   total 2304876K, used 2302751K [0x00007f8899b50000, 0x00007f892662b000, 0x00007f9344600000)
   the space 2304876K,  99% used [0x00007f8899b50000, 0x00007f8926417e50, 0x00007f8926418000, 0x00007f892662b000)
 Metaspace       used 24280K, capacity 24633K, committed 24832K, reserved 26624K
}

