# JRE version: OpenJDK Runtime Environment (13.0.7+5) (build 13.0.7+5-Ubuntu-0ubuntu120.04)
# Java VM: OpenJDK 64-Bit Server VM (13.0.7+5-Ubuntu-0ubuntu120.04, mixed mode, tiered, serial gc, linux-amd64)
Heap:
 def new generation   total 1711296K, used 79610K [0x00007f4c18600000, 0x00007f4c8c6e0000, 0x00007f56c30a0000)
  eden space 1521152K,   5% used [0x00007f4c18600000, 0x00007f4c1d3bebb8, 0x00007f4c75380000)
  from space 190144K,   0% used [0x00007f4c80d30000, 0x00007f4c80d30000, 0x00007f4c8c6e0000)
  to   space 190144K,   0% used [0x00007f4c75380000, 0x00007f4c75380000, 0x00007f4c80d30000)
 tenured generation   total 3819224K, used 3818779K [0x00007f56c30a0000, 0x00007f57ac256000, 0x00007f6c18600000)
   the space 3819224K,  99% used [0x00007f56c30a0000, 0x00007f57ac1e6cb8, 0x00007f57ac1e6e00, 0x00007f57ac256000)
 Metaspace       used 24279K, capacity 24641K, committed 24832K, reserved 26624K
GC Heap History (20 events):
Event: 532.949 GC heap after
{Heap after GC invocations=1356 (full 5):
 def new generation   total 1711296K, used 84273K [0x00007f4c18600000, 0x00007f4c8c6e0000, 0x00007f56c30a0000)
  eden space 1521152K,   0% used [0x00007f4c18600000, 0x00007f4c18600000, 0x00007f4c75380000)
  from space 190144K,  44% used [0x00007f4c75380000, 0x00007f4c7a5cc720, 0x00007f4c80d30000)
  to   space 190144K,   0% used [0x00007f4c80d30000, 0x00007f4c80d30000, 0x00007f4c8c6e0000)
 tenured generation   total 3802836K, used 3745279K [0x00007f56c30a0000, 0x00007f57ab255000, 0x00007f6c18600000)
   the space 3802836K,  98% used [0x00007f56c30a0000, 0x00007f57a7a1fd10, 0x00007f57a7a1fe00, 0x00007f57ab255000)
 Metaspace       used 24279K, capacity 24641K, committed 24832K, reserved 26624K
}
Event: 533.580 GC heap before
{Heap before GC invocations=1356 (full 5):
 def new generation   total 1711296K, used 1605165K [0x00007f4c18600000, 0x00007f4c8c6e0000, 0x00007f56c30a0000)
  eden space 1521152K,  99% used [0x00007f4c18600000, 0x00007f4c7533ed78, 0x00007f4c75380000)
  from space 190144K,  44% used [0x00007f4c75380000, 0x00007f4c7a5cc720, 0x00007f4c80d30000)
  to   space 190144K,   0% used [0x00007f4c80d30000, 0x00007f4c80d30000, 0x00007f4c8c6e0000)
 tenured generation   total 3802836K, used 3745279K [0x00007f56c30a0000, 0x00007f57ab255000, 0x00007f6c18600000)
   the space 3802836K,  98% used [0x00007f56c30a0000, 0x00007f57a7a1fd10, 0x00007f57a7a1fe00, 0x00007f57ab255000)
 Metaspace       used 24279K, capacity 24641K, committed 24832K, reserved 26624K
}
Event: 533.601 GC heap after
{Heap after GC invocations=1357 (full 5):
 def new generation   total 1711296K, used 105832K [0x00007f4c18600000, 0x00007f4c8c6e0000, 0x00007f56c30a0000)
  eden space 1521152K,   0% used [0x00007f4c18600000, 0x00007f4c18600000, 0x00007f4c75380000)
  from space 190144K,  55% used [0x00007f4c80d30000, 0x00007f4c8748a070, 0x00007f4c8c6e0000)
  to   space 190144K,   0% used [0x00007f4c75380000, 0x00007f4c75380000, 0x00007f4c80d30000)
 tenured generation   total 3802836K, used 3745279K [0x00007f56c30a0000, 0x00007f57ab255000, 0x00007f6c18600000)
   the space 3802836K,  98% used [0x00007f56c30a0000, 0x00007f57a7a1fd10, 0x00007f57a7a1fe00, 0x00007f57ab255000)
 Metaspace       used 24279K, capacity 24641K, committed 24832K, reserved 26624K
}
Event: 534.259 GC heap before
{Heap before GC invocations=1357 (full 5):
 def new generation   total 1711296K, used 1626984K [0x00007f4c18600000, 0x00007f4c8c6e0000, 0x00007f56c30a0000)
  eden space 1521152K, 100% used [0x00007f4c18600000, 0x00007f4c75380000, 0x00007f4c75380000)
  from space 190144K,  55% used [0x00007f4c80d30000, 0x00007f4c8748a070, 0x00007f4c8c6e0000)
  to   space 190144K,   0% used [0x00007f4c75380000, 0x00007f4c75380000, 0x00007f4c80d30000)
 tenured generation   total 3802836K, used 3745279K [0x00007f56c30a0000, 0x00007f57ab255000, 0x00007f6c18600000)
   the space 3802836K,  98% used [0x00007f56c30a0000, 0x00007f57a7a1fd10, 0x00007f57a7a1fe00, 0x00007f57ab255000)
 Metaspace       used 24279K, capacity 24641K, committed 24832K, reserved 26624K
}
Event: 534.286 GC heap after
{Heap after GC invocations=1358 (full 5):
 def new generation   total 1711296K, used 90969K [0x00007f4c18600000, 0x00007f4c8c6e0000, 0x00007f56c30a0000)
  eden space 1521152K,   0% used [0x00007f4c18600000, 0x00007f4c18600000, 0x00007f4c75380000)
  from space 190144K,  47% used [0x00007f4c75380000, 0x00007f4c7ac56470, 0x00007f4c80d30000)
  to   space 190144K,   0% used [0x00007f4c80d30000, 0x00007f4c80d30000, 0x00007f4c8c6e0000)
 tenured generation   total 3802836K, used 3762237K [0x00007f56c30a0000, 0x00007f57ab255000, 0x00007f6c18600000)
   the space 3802836K,  98% used [0x00007f56c30a0000, 0x00007f57a8aaf768, 0x00007f57a8aaf800, 0x00007f57ab255000)
 Metaspace       used 24279K, capacity 24641K, committed 24832K, reserved 26624K
}
Event: 534.958 GC heap before
{Heap before GC invocations=1358 (full 5):
 def new generation   total 1711296K, used 1612121K [0x00007f4c18600000, 0x00007f4c8c6e0000, 0x00007f56c30a0000)
  eden space 1521152K, 100% used [0x00007f4c18600000, 0x00007f4c75380000, 0x00007f4c75380000)
  from space 190144K,  47% used [0x00007f4c75380000, 0x00007f4c7ac56470, 0x00007f4c80d30000)
  to   space 190144K,   0% used [0x00007f4c80d30000, 0x00007f4c80d30000, 0x00007f4c8c6e0000)
 tenured generation   total 3802836K, used 3762237K [0x00007f56c30a0000, 0x00007f57ab255000, 0x00007f6c18600000)
   the space 3802836K,  98% used [0x00007f56c30a0000, 0x00007f57a8aaf768, 0x00007f57a8aaf800, 0x00007f57ab255000)
 Metaspace       used 24279K, capacity 24641K, committed 24832K, reserved 26624K
}
Event: 534.977 GC heap after
{Heap after GC invocations=1359 (full 5):
 def new generation   total 1711296K, used 86848K [0x00007f4c18600000, 0x00007f4c8c6e0000, 0x00007f56c30a0000)
  eden space 1521152K,   0% used [0x00007f4c18600000, 0x00007f4c18600000, 0x00007f4c75380000)
  from space 190144K,  45% used [0x00007f4c80d30000, 0x00007f4c86200278, 0x00007f4c8c6e0000)
  to   space 190144K,   0% used [0x00007f4c75380000, 0x00007f4c75380000, 0x00007f4c80d30000)
 tenured generation   total 3802836K, used 3762237K [0x00007f56c30a0000, 0x00007f57ab255000, 0x00007f6c18600000)
   the space 3802836K,  98% used [0x00007f56c30a0000, 0x00007f57a8aaf768, 0x00007f57a8aaf800, 0x00007f57ab255000)
 Metaspace       used 24279K, capacity 24641K, committed 24832K, reserved 26624K
}
Event: 535.675 GC heap before
{Heap before GC invocations=1359 (full 5):
 def new generation   total 1711296K, used 1608000K [0x00007f4c18600000, 0x00007f4c8c6e0000, 0x00007f56c30a0000)
  eden space 1521152K, 100% used [0x00007f4c18600000, 0x00007f4c75380000, 0x00007f4c75380000)
  from space 190144K,  45% used [0x00007f4c80d30000, 0x00007f4c86200278, 0x00007f4c8c6e0000)
  to   space 190144K,   0% used [0x00007f4c75380000, 0x00007f4c75380000, 0x00007f4c80d30000)
 tenured generation   total 3802836K, used 3762237K [0x00007f56c30a0000, 0x00007f57ab255000, 0x00007f6c18600000)
   the space 3802836K,  98% used [0x00007f56c30a0000, 0x00007f57a8aaf768, 0x00007f57a8aaf800, 0x00007f57ab255000)
 Metaspace       used 24279K, capacity 24641K, committed 24832K, reserved 26624K
}
Event: 535.699 GC heap after
{Heap after GC invocations=1360 (full 5):
 def new generation   total 1711296K, used 98148K [0x00007f4c18600000, 0x00007f4c8c6e0000, 0x00007f56c30a0000)
  eden space 1521152K,   0% used [0x00007f4c18600000, 0x00007f4c18600000, 0x00007f4c75380000)
  from space 190144K,  51% used [0x00007f4c75380000, 0x00007f4c7b359138, 0x00007f4c80d30000)
  to   space 190144K,   0% used [0x00007f4c80d30000, 0x00007f4c80d30000, 0x00007f4c8c6e0000)
 tenured generation   total 3802836K, used 3762237K [0x00007f56c30a0000, 0x00007f57ab255000, 0x00007f6c18600000)
   the space 3802836K,  98% used [0x00007f56c30a0000, 0x00007f57a8aaf768, 0x00007f57a8aaf800, 0x00007f57ab255000)
 Metaspace       used 24279K, capacity 24641K, committed 24832K, reserved 26624K
}
Event: 536.365 GC heap before
{Heap before GC invocations=1360 (full 5):
 def new generation   total 1711296K, used 1619300K [0x00007f4c18600000, 0x00007f4c8c6e0000, 0x00007f56c30a0000)
  eden space 1521152K, 100% used [0x00007f4c18600000, 0x00007f4c75380000, 0x00007f4c75380000)
  from space 190144K,  51% used [0x00007f4c75380000, 0x00007f4c7b359138, 0x00007f4c80d30000)
  to   space 190144K,   0% used [0x00007f4c80d30000, 0x00007f4c80d30000, 0x00007f4c8c6e0000)
 tenured generation   total 3802836K, used 3762237K [0x00007f56c30a0000, 0x00007f57ab255000, 0x00007f6c18600000)
   the space 3802836K,  98% used [0x00007f56c30a0000, 0x00007f57a8aaf768, 0x00007f57a8aaf800, 0x00007f57ab255000)
 Metaspace       used 24279K, capacity 24641K, committed 24832K, reserved 26624K
}
Event: 536.391 GC heap after
{Heap after GC invocations=1361 (full 5):
 def new generation   total 1711296K, used 85278K [0x00007f4c18600000, 0x00007f4c8c6e0000, 0x00007f56c30a0000)
  eden space 1521152K,   0% used [0x00007f4c18600000, 0x00007f4c18600000, 0x00007f4c75380000)
  from space 190144K,  44% used [0x00007f4c80d30000, 0x00007f4c86077a10, 0x00007f4c8c6e0000)
  to   space 190144K,   0% used [0x00007f4c75380000, 0x00007f4c75380000, 0x00007f4c80d30000)
 tenured generation   total 3802836K, used 3779196K [0x00007f56c30a0000, 0x00007f57ab255000, 0x00007f6c18600000)
   the space 3802836K,  99% used [0x00007f56c30a0000, 0x00007f57a9b3f1c0, 0x00007f57a9b3f200, 0x00007f57ab255000)
 Metaspace       used 24279K, capacity 24641K, committed 24832K, reserved 26624K
}
Event: 537.122 GC heap before
{Heap before GC invocations=1361 (full 5):
 def new generation   total 1711296K, used 1606430K [0x00007f4c18600000, 0x00007f4c8c6e0000, 0x00007f56c30a0000)
  eden space 1521152K, 100% used [0x00007f4c18600000, 0x00007f4c75380000, 0x00007f4c75380000)
  from space 190144K,  44% used [0x00007f4c80d30000, 0x00007f4c86077a10, 0x00007f4c8c6e0000)
  to   space 190144K,   0% used [0x00007f4c75380000, 0x00007f4c75380000, 0x00007f4c80d30000)
 tenured generation   total 3802836K, used 3779196K [0x00007f56c30a0000, 0x00007f57ab255000, 0x00007f6c18600000)
   the space 3802836K,  99% used [0x00007f56c30a0000, 0x00007f57a9b3f1c0, 0x00007f57a9b3f200, 0x00007f57ab255000)
 Metaspace       used 24279K, capacity 24641K, committed 24832K, reserved 26624K
}
Event: 537.147 GC heap after
{Heap after GC invocations=1362 (full 5):
 def new generation   total 1711296K, used 95584K [0x00007f4c18600000, 0x00007f4c8c6e0000, 0x00007f56c30a0000)
  eden space 1521152K,   0% used [0x00007f4c18600000, 0x00007f4c18600000, 0x00007f4c75380000)
  from space 190144K,  50% used [0x00007f4c75380000, 0x00007f4c7b0d8248, 0x00007f4c80d30000)
  to   space 190144K,   0% used [0x00007f4c80d30000, 0x00007f4c80d30000, 0x00007f4c8c6e0000)
 tenured generation   total 3802836K, used 3779196K [0x00007f56c30a0000, 0x00007f57ab255000, 0x00007f6c18600000)
   the space 3802836K,  99% used [0x00007f56c30a0000, 0x00007f57a9b3f1c0, 0x00007f57a9b3f200, 0x00007f57ab255000)
 Metaspace       used 24279K, capacity 24641K, committed 24832K, reserved 26624K
}
Event: 537.876 GC heap before
{Heap before GC invocations=1362 (full 5):
 def new generation   total 1711296K, used 1616736K [0x00007f4c18600000, 0x00007f4c8c6e0000, 0x00007f56c30a0000)
  eden space 1521152K, 100% used [0x00007f4c18600000, 0x00007f4c75380000, 0x00007f4c75380000)
  from space 190144K,  50% used [0x00007f4c75380000, 0x00007f4c7b0d8248, 0x00007f4c80d30000)
  to   space 190144K,   0% used [0x00007f4c80d30000, 0x00007f4c80d30000, 0x00007f4c8c6e0000)
 tenured generation   total 3802836K, used 3779196K [0x00007f56c30a0000, 0x00007f57ab255000, 0x00007f6c18600000)
   the space 3802836K,  99% used [0x00007f56c30a0000, 0x00007f57a9b3f1c0, 0x00007f57a9b3f200, 0x00007f57ab255000)
 Metaspace       used 24279K, capacity 24641K, committed 24832K, reserved 26624K
}
Event: 537.907 GC heap after
{Heap after GC invocations=1363 (full 5):
 def new generation   total 1711296K, used 84786K [0x00007f4c18600000, 0x00007f4c8c6e0000, 0x00007f56c30a0000)
  eden space 1521152K,   0% used [0x00007f4c18600000, 0x00007f4c18600000, 0x00007f4c75380000)
  from space 190144K,  44% used [0x00007f4c80d30000, 0x00007f4c85ffc8e0, 0x00007f4c8c6e0000)
  to   space 190144K,   0% used [0x00007f4c75380000, 0x00007f4c75380000, 0x00007f4c80d30000)
 tenured generation   total 3802836K, used 3796155K [0x00007f56c30a0000, 0x00007f57ab255000, 0x00007f6c18600000)
   the space 3802836K,  99% used [0x00007f56c30a0000, 0x00007f57aabcec18, 0x00007f57aabcee00, 0x00007f57ab255000)
 Metaspace       used 24279K, capacity 24641K, committed 24832K, reserved 26624K
}
Event: 538.524 GC heap before
{Heap before GC invocations=1363 (full 5):
 def new generation   total 1711296K, used 1590704K [0x00007f4c18600000, 0x00007f4c8c6e0000, 0x00007f56c30a0000)
  eden space 1521152K,  98% used [0x00007f4c18600000, 0x00007f4c7449fb00, 0x00007f4c75380000)
  from space 190144K,  44% used [0x00007f4c80d30000, 0x00007f4c85ffc8e0, 0x00007f4c8c6e0000)
  to   space 190144K,   0% used [0x00007f4c75380000, 0x00007f4c75380000, 0x00007f4c80d30000)
 tenured generation   total 3802836K, used 3796155K [0x00007f56c30a0000, 0x00007f57ab255000, 0x00007f6c18600000)
   the space 3802836K,  99% used [0x00007f56c30a0000, 0x00007f57aabcec18, 0x00007f57aabcee00, 0x00007f57ab255000)
 Metaspace       used 24279K, capacity 24641K, committed 24832K, reserved 26624K
}
Event: 538.548 GC heap after
{Heap after GC invocations=1364 (full 5):
 def new generation   total 1711296K, used 110967K [0x00007f4c18600000, 0x00007f4c8c6e0000, 0x00007f56c30a0000)
  eden space 1521152K,   0% used [0x00007f4c18600000, 0x00007f4c18600000, 0x00007f4c75380000)
  from space 190144K,  58% used [0x00007f4c75380000, 0x00007f4c7bfdde60, 0x00007f4c80d30000)
  to   space 190144K,   0% used [0x00007f4c80d30000, 0x00007f4c80d30000, 0x00007f4c8c6e0000)
 tenured generation   total 3802836K, used 3796155K [0x00007f56c30a0000, 0x00007f57ab255000, 0x00007f6c18600000)
   the space 3802836K,  99% used [0x00007f56c30a0000, 0x00007f57aabcec18, 0x00007f57aabcee00, 0x00007f57ab255000)
 Metaspace       used 24279K, capacity 24641K, committed 24832K, reserved 26624K
}
Event: 539.220 GC heap before
{Heap before GC invocations=1364 (full 5):
 def new generation   total 1711296K, used 1632119K [0x00007f4c18600000, 0x00007f4c8c6e0000, 0x00007f56c30a0000)
  eden space 1521152K, 100% used [0x00007f4c18600000, 0x00007f4c75380000, 0x00007f4c75380000)
  from space 190144K,  58% used [0x00007f4c75380000, 0x00007f4c7bfdde60, 0x00007f4c80d30000)
  to   space 190144K,   0% used [0x00007f4c80d30000, 0x00007f4c80d30000, 0x00007f4c8c6e0000)
 tenured generation   total 3802836K, used 3796155K [0x00007f56c30a0000, 0x00007f57ab255000, 0x00007f6c18600000)
   the space 3802836K,  99% used [0x00007f56c30a0000, 0x00007f57aabcec18, 0x00007f57aabcee00, 0x00007f57ab255000)
 Metaspace       used 24279K, capacity 24641K, committed 24832K, reserved 26624K
}
Event: 539.252 GC heap after
{Heap after GC invocations=1365 (full 5):
 def new generation   total 1711296K, used 85276K [0x00007f4c18600000, 0x00007f4c8c6e0000, 0x00007f56c30a0000)
  eden space 1521152K,   0% used [0x00007f4c18600000, 0x00007f4c18600000, 0x00007f4c75380000)
  from space 190144K,  44% used [0x00007f4c80d30000, 0x00007f4c86077200, 0x00007f4c8c6e0000)
  to   space 190144K,   0% used [0x00007f4c75380000, 0x00007f4c75380000, 0x00007f4c80d30000)
 tenured generation   total 3819224K, used 3813113K [0x00007f56c30a0000, 0x00007f57ac256000, 0x00007f6c18600000)
   the space 3819224K,  99% used [0x00007f56c30a0000, 0x00007f57abc5e670, 0x00007f57abc5e800, 0x00007f57ac256000)
 Metaspace       used 24279K, capacity 24641K, committed 24832K, reserved 26624K
}
Event: 539.252 GC heap before
{Heap before GC invocations=1365 (full 5):
 def new generation   total 1711296K, used 85276K [0x00007f4c18600000, 0x00007f4c8c6e0000, 0x00007f56c30a0000)
  eden space 1521152K,   0% used [0x00007f4c18600000, 0x00007f4c18600000, 0x00007f4c75380000)
  from space 190144K,  44% used [0x00007f4c80d30000, 0x00007f4c86077200, 0x00007f4c8c6e0000)
  to   space 190144K,   0% used [0x00007f4c75380000, 0x00007f4c75380000, 0x00007f4c80d30000)
 tenured generation   total 3819224K, used 3813113K [0x00007f56c30a0000, 0x00007f57ac256000, 0x00007f6c18600000)
   the space 3819224K,  99% used [0x00007f56c30a0000, 0x00007f57abc5e670, 0x00007f57abc5e800, 0x00007f57ac256000)
 Metaspace       used 24279K, capacity 24641K, committed 24832K, reserved 26624K
}

