# JRE version: OpenJDK Runtime Environment (13.0.7+5) (build 13.0.7+5-Ubuntu-0ubuntu120.04)
# Java VM: OpenJDK 64-Bit Server VM (13.0.7+5-Ubuntu-0ubuntu120.04, mixed mode, tiered, serial gc, linux-amd64)
Heap:
 def new generation   total 3160256K, used 2152565K [0x00007fcc14600000, 0x00007fcceab10000, 0x00007fd169b50000)
  eden space 2809152K,  76% used [0x00007fcc14600000, 0x00007fcc97c1d688, 0x00007fccbfd50000)
  from space 351104K,   0% used [0x00007fccd5430000, 0x00007fccd5430000, 0x00007fcceab10000)
  to   space 351104K,   0% used [0x00007fccbfd50000, 0x00007fccbfd50080, 0x00007fccd5430000)
 tenured generation   total 7022668K, used 6304440K [0x00007fd169b50000, 0x00007fd316563000, 0x00007fdc14600000)
   the space 7022668K,  89% used [0x00007fd169b50000, 0x00007fd2ea7fe020, 0x00007fd2ea7fe200, 0x00007fd316563000)
 Metaspace       used 23123K, capacity 23465K, committed 23552K, reserved 24576K
GC Heap History (20 events):
Event: 100.437 GC heap after
{Heap after GC invocations=26 (full 15):
 def new generation   total 3160256K, used 0K [0x00007fcc14600000, 0x00007fcceab10000, 0x00007fd169b50000)
  eden space 2809152K,   0% used [0x00007fcc14600000, 0x00007fcc14600000, 0x00007fccbfd50000)
  from space 351104K,   0% used [0x00007fccd5430000, 0x00007fccd54302c0, 0x00007fcceab10000)
  to   space 351104K,   0% used [0x00007fccbfd50000, 0x00007fccbfd50000, 0x00007fccd5430000)
 tenured generation   total 7022668K, used 4204702K [0x00007fd169b50000, 0x00007fd316563000, 0x00007fdc14600000)
   the space 7022668K,  59% used [0x00007fd169b50000, 0x00007fd26a577a10, 0x00007fd26a577c00, 0x00007fd316563000)
 Metaspace       used 23117K, capacity 23465K, committed 23552K, reserved 24576K
}
Event: 102.808 GC heap before
{Heap before GC invocations=26 (full 15):
 def new generation   total 3160256K, used 2809152K [0x00007fcc14600000, 0x00007fcceab10000, 0x00007fd169b50000)
  eden space 2809152K, 100% used [0x00007fcc14600000, 0x00007fccbfd50000, 0x00007fccbfd50000)
  from space 351104K,   0% used [0x00007fccd5430000, 0x00007fccd54302c0, 0x00007fcceab10000)
  to   space 351104K,   0% used [0x00007fccbfd50000, 0x00007fccbfd50000, 0x00007fccd5430000)
 tenured generation   total 7022668K, used 4204702K [0x00007fd169b50000, 0x00007fd316563000, 0x00007fdc14600000)
   the space 7022668K,  59% used [0x00007fd169b50000, 0x00007fd26a577a10, 0x00007fd26a577c00, 0x00007fd316563000)
 Metaspace       used 23118K, capacity 23465K, committed 23552K, reserved 24576K
}
Event: 102.830 GC heap after
{Heap after GC invocations=27 (full 15):
 def new generation   total 3160256K, used 111235K [0x00007fcc14600000, 0x00007fcceab10000, 0x00007fd169b50000)
  eden space 2809152K,   0% used [0x00007fcc14600000, 0x00007fcc14600000, 0x00007fccbfd50000)
  from space 351104K,  31% used [0x00007fccbfd50000, 0x00007fccc69f0c78, 0x00007fccd5430000)
  to   space 351104K,   0% used [0x00007fccd5430000, 0x00007fccd5430000, 0x00007fcceab10000)
 tenured generation   total 7022668K, used 4204702K [0x00007fd169b50000, 0x00007fd316563000, 0x00007fdc14600000)
   the space 7022668K,  59% used [0x00007fd169b50000, 0x00007fd26a577a10, 0x00007fd26a577c00, 0x00007fd316563000)
 Metaspace       used 23118K, capacity 23465K, committed 23552K, reserved 24576K
}
Event: 104.331 GC heap before
{Heap before GC invocations=27 (full 15):
 def new generation   total 3160256K, used 2709035K [0x00007fcc14600000, 0x00007fcceab10000, 0x00007fd169b50000)
  eden space 2809152K,  92% used [0x00007fcc14600000, 0x00007fccb2eea238, 0x00007fccbfd50000)
  from space 351104K,  31% used [0x00007fccbfd50000, 0x00007fccc69f0c78, 0x00007fccd5430000)
  to   space 351104K,   0% used [0x00007fccd5430000, 0x00007fccd5430000, 0x00007fcceab10000)
 tenured generation   total 7022668K, used 4204702K [0x00007fd169b50000, 0x00007fd316563000, 0x00007fdc14600000)
   the space 7022668K,  59% used [0x00007fd169b50000, 0x00007fd26a577a10, 0x00007fd26a577c00, 0x00007fd316563000)
 Metaspace       used 23119K, capacity 23465K, committed 23552K, reserved 24576K
}
Event: 104.650 GC heap after
{Heap after GC invocations=28 (full 15):
 def new generation   total 3160256K, used 115041K [0x00007fcc14600000, 0x00007fcceab10000, 0x00007fd169b50000)
  eden space 2809152K,   0% used [0x00007fcc14600000, 0x00007fcc14600000, 0x00007fccbfd50000)
  from space 351104K,  32% used [0x00007fccd5430000, 0x00007fccdc4884f8, 0x00007fcceab10000)
  to   space 351104K,   0% used [0x00007fccbfd50000, 0x00007fccbfd50000, 0x00007fccd5430000)
 tenured generation   total 7022668K, used 6301854K [0x00007fd169b50000, 0x00007fd316563000, 0x00007fdc14600000)
   the space 7022668K,  89% used [0x00007fd169b50000, 0x00007fd2ea577a28, 0x00007fd2ea577c00, 0x00007fd316563000)
 Metaspace       used 23119K, capacity 23465K, committed 23552K, reserved 24576K
}
Event: 104.650 GC heap before
{Heap before GC invocations=28 (full 15):
 def new generation   total 3160256K, used 115041K [0x00007fcc14600000, 0x00007fcceab10000, 0x00007fd169b50000)
  eden space 2809152K,   0% used [0x00007fcc14600000, 0x00007fcc14600000, 0x00007fccbfd50000)
  from space 351104K,  32% used [0x00007fccd5430000, 0x00007fccdc4884f8, 0x00007fcceab10000)
  to   space 351104K,   0% used [0x00007fccbfd50000, 0x00007fccbfd50000, 0x00007fccd5430000)
 tenured generation   total 7022668K, used 6301854K [0x00007fd169b50000, 0x00007fd316563000, 0x00007fdc14600000)
   the space 7022668K,  89% used [0x00007fd169b50000, 0x00007fd2ea577a28, 0x00007fd2ea577c00, 0x00007fd316563000)
 Metaspace       used 23119K, capacity 23465K, committed 23552K, reserved 24576K
}
Event: 104.992 GC heap after
{Heap after GC invocations=28 (full 16):
 def new generation   total 3160256K, used 0K [0x00007fcc14600000, 0x00007fcceab10000, 0x00007fd169b50000)
  eden space 2809152K,   0% used [0x00007fcc14600000, 0x00007fcc14600000, 0x00007fccbfd50000)
  from space 351104K,   0% used [0x00007fccd5430000, 0x00007fccd5430000, 0x00007fcceab10000)
  to   space 351104K,   0% used [0x00007fccbfd50000, 0x00007fccbfd50000, 0x00007fccd5430000)
 tenured generation   total 7022668K, used 2109886K [0x00007fd169b50000, 0x00007fd316563000, 0x00007fdc14600000)
   the space 7022668K,  30% used [0x00007fd169b50000, 0x00007fd1ea7bf808, 0x00007fd1ea7bfa00, 0x00007fd316563000)
 Metaspace       used 23119K, capacity 23465K, committed 23552K, reserved 24576K
}
Event: 109.144 GC heap before
{Heap before GC invocations=28 (full 16):
 def new generation   total 3160256K, used 2152552K [0x00007fcc14600000, 0x00007fcceab10000, 0x00007fd169b50000)
  eden space 2809152K,  76% used [0x00007fcc14600000, 0x00007fcc97c1a3b0, 0x00007fccbfd50000)
  from space 351104K,   0% used [0x00007fccd5430000, 0x00007fccd5430000, 0x00007fcceab10000)
  to   space 351104K,   0% used [0x00007fccbfd50000, 0x00007fccbfd50000, 0x00007fccd5430000)
 tenured generation   total 7022668K, used 6304190K [0x00007fd169b50000, 0x00007fd316563000, 0x00007fdc14600000)
   the space 7022668K,  89% used [0x00007fd169b50000, 0x00007fd2ea7bf820, 0x00007fd2ea7bfa00, 0x00007fd316563000)
 Metaspace       used 23119K, capacity 23465K, committed 23552K, reserved 24576K
}
Event: 109.944 GC heap after
{Heap after GC invocations=29 (full 16):
 def new generation   total 3160256K, used 0K [0x00007fcc14600000, 0x00007fcceab10000, 0x00007fd169b50000)
  eden space 2809152K,   0% used [0x00007fcc14600000, 0x00007fcc14600000, 0x00007fccbfd50000)
  from space 351104K,   0% used [0x00007fccbfd50000, 0x00007fccbfd502d0, 0x00007fccd5430000)
  to   space 351104K,   0% used [0x00007fccd5430000, 0x00007fccd5430000, 0x00007fcceab10000)
 tenured generation   total 9119824K, used 8401342K [0x00007fd169b50000, 0x00007fd396564000, 0x00007fdc14600000)
   the space 9119824K,  92% used [0x00007fd169b50000, 0x00007fd36a7bf838, 0x00007fd36a7bfa00, 0x00007fd396564000)
 Metaspace       used 23119K, capacity 23465K, committed 23552K, reserved 24576K
}
Event: 109.944 GC heap before
{Heap before GC invocations=29 (full 16):
 def new generation   total 3160256K, used 0K [0x00007fcc14600000, 0x00007fcceab10000, 0x00007fd169b50000)
  eden space 2809152K,   0% used [0x00007fcc14600000, 0x00007fcc14600000, 0x00007fccbfd50000)
  from space 351104K,   0% used [0x00007fccbfd50000, 0x00007fccbfd502d0, 0x00007fccd5430000)
  to   space 351104K,   0% used [0x00007fccd5430000, 0x00007fccd5430000, 0x00007fcceab10000)
 tenured generation   total 9119824K, used 8401342K [0x00007fd169b50000, 0x00007fd396564000, 0x00007fdc14600000)
   the space 9119824K,  92% used [0x00007fd169b50000, 0x00007fd36a7bf838, 0x00007fd36a7bfa00, 0x00007fd396564000)
 Metaspace       used 23119K, capacity 23465K, committed 23552K, reserved 24576K
}
Event: 110.328 GC heap after
{Heap after GC invocations=29 (full 17):
 def new generation   total 3160256K, used 0K [0x00007fcc14600000, 0x00007fcceab10000, 0x00007fd169b50000)
  eden space 2809152K,   0% used [0x00007fcc14600000, 0x00007fcc14600000, 0x00007fccbfd50000)
  from space 351104K,   0% used [0x00007fccbfd50000, 0x00007fccbfd50000, 0x00007fccd5430000)
  to   space 351104K,   0% used [0x00007fccd5430000, 0x00007fccd5430000, 0x00007fcceab10000)
 tenured generation   total 7022668K, used 2107800K [0x00007fd169b50000, 0x00007fd316563000, 0x00007fdc14600000)
   the space 7022668K,  30% used [0x00007fd169b50000, 0x00007fd1ea5b61f8, 0x00007fd1ea5b6200, 0x00007fd316563000)
 Metaspace       used 23119K, capacity 23465K, committed 23552K, reserved 24576K
}
Event: 110.875 GC heap before
{Heap before GC invocations=29 (full 17):
 def new generation   total 3160256K, used 2152826K [0x00007fcc14600000, 0x00007fcceab10000, 0x00007fd169b50000)
  eden space 2809152K,  76% used [0x00007fcc14600000, 0x00007fcc97c5eae8, 0x00007fccbfd50000)
  from space 351104K,   0% used [0x00007fccbfd50000, 0x00007fccbfd50000, 0x00007fccd5430000)
  to   space 351104K,   0% used [0x00007fccd5430000, 0x00007fccd5430000, 0x00007fcceab10000)
 tenured generation   total 7022668K, used 2107800K [0x00007fd169b50000, 0x00007fd316563000, 0x00007fdc14600000)
   the space 7022668K,  30% used [0x00007fd169b50000, 0x00007fd1ea5b61f8, 0x00007fd1ea5b6200, 0x00007fd316563000)
 Metaspace       used 23119K, capacity 23465K, committed 23552K, reserved 24576K
}
Event: 111.176 GC heap after
{Heap after GC invocations=30 (full 17):
 def new generation   total 3160256K, used 0K [0x00007fcc14600000, 0x00007fcceab10000, 0x00007fd169b50000)
  eden space 2809152K,   0% used [0x00007fcc14600000, 0x00007fcc14600000, 0x00007fccbfd50000)
  from space 351104K,   0% used [0x00007fccd5430000, 0x00007fccd54302c0, 0x00007fcceab10000)
  to   space 351104K,   0% used [0x00007fccbfd50000, 0x00007fccbfd50000, 0x00007fccd5430000)
 tenured generation   total 7022668K, used 4204952K [0x00007fd169b50000, 0x00007fd316563000, 0x00007fdc14600000)
   the space 7022668K,  59% used [0x00007fd169b50000, 0x00007fd26a5b6210, 0x00007fd26a5b6400, 0x00007fd316563000)
 Metaspace       used 23119K, capacity 23465K, committed 23552K, reserved 24576K
}
Event: 113.592 GC heap before
{Heap before GC invocations=30 (full 17):
 def new generation   total 3160256K, used 2809152K [0x00007fcc14600000, 0x00007fcceab10000, 0x00007fd169b50000)
  eden space 2809152K, 100% used [0x00007fcc14600000, 0x00007fccbfd50000, 0x00007fccbfd50000)
  from space 351104K,   0% used [0x00007fccd5430000, 0x00007fccd54302c0, 0x00007fcceab10000)
  to   space 351104K,   0% used [0x00007fccbfd50000, 0x00007fccbfd50000, 0x00007fccd5430000)
 tenured generation   total 7022668K, used 4204952K [0x00007fd169b50000, 0x00007fd316563000, 0x00007fdc14600000)
   the space 7022668K,  59% used [0x00007fd169b50000, 0x00007fd26a5b6210, 0x00007fd26a5b6400, 0x00007fd316563000)
 Metaspace       used 23123K, capacity 23465K, committed 23552K, reserved 24576K
}
Event: 113.609 GC heap after
{Heap after GC invocations=31 (full 17):
 def new generation   total 3160256K, used 111186K [0x00007fcc14600000, 0x00007fcceab10000, 0x00007fd169b50000)
  eden space 2809152K,   0% used [0x00007fcc14600000, 0x00007fcc14600000, 0x00007fccbfd50000)
  from space 351104K,  31% used [0x00007fccbfd50000, 0x00007fccc69e4b18, 0x00007fccd5430000)
  to   space 351104K,   0% used [0x00007fccd5430000, 0x00007fccd5430000, 0x00007fcceab10000)
 tenured generation   total 7022668K, used 4204952K [0x00007fd169b50000, 0x00007fd316563000, 0x00007fdc14600000)
   the space 7022668K,  59% used [0x00007fd169b50000, 0x00007fd26a5b6210, 0x00007fd26a5b6400, 0x00007fd316563000)
 Metaspace       used 23123K, capacity 23465K, committed 23552K, reserved 24576K
}
Event: 115.357 GC heap before
{Heap before GC invocations=31 (full 17):
 def new generation   total 3160256K, used 2764675K [0x00007fcc14600000, 0x00007fcceab10000, 0x00007fd169b50000)
  eden space 2809152K,  94% used [0x00007fcc14600000, 0x00007fccb654c100, 0x00007fccbfd50000)
  from space 351104K,  31% used [0x00007fccbfd50000, 0x00007fccc69e4b18, 0x00007fccd5430000)
  to   space 351104K,   0% used [0x00007fccd5430000, 0x00007fccd5430000, 0x00007fcceab10000)
 tenured generation   total 7022668K, used 4204952K [0x00007fd169b50000, 0x00007fd316563000, 0x00007fdc14600000)
   the space 7022668K,  59% used [0x00007fd169b50000, 0x00007fd26a5b6210, 0x00007fd26a5b6400, 0x00007fd316563000)
 Metaspace       used 23123K, capacity 23465K, committed 23552K, reserved 24576K
}
Event: 115.700 GC heap after
{Heap after GC invocations=32 (full 17):
 def new generation   total 3160256K, used 115291K [0x00007fcc14600000, 0x00007fcceab10000, 0x00007fd169b50000)
  eden space 2809152K,   0% used [0x00007fcc14600000, 0x00007fcc14600000, 0x00007fccbfd50000)
  from space 351104K,  32% used [0x00007fccd5430000, 0x00007fccdc4c6cf8, 0x00007fcceab10000)
  to   space 351104K,   0% used [0x00007fccbfd50000, 0x00007fccbfd50000, 0x00007fccd5430000)
 tenured generation   total 7022668K, used 6302104K [0x00007fd169b50000, 0x00007fd316563000, 0x00007fdc14600000)
   the space 7022668K,  89% used [0x00007fd169b50000, 0x00007fd2ea5b6228, 0x00007fd2ea5b6400, 0x00007fd316563000)
 Metaspace       used 23123K, capacity 23465K, committed 23552K, reserved 24576K
}
Event: 115.700 GC heap before
{Heap before GC invocations=32 (full 17):
 def new generation   total 3160256K, used 115291K [0x00007fcc14600000, 0x00007fcceab10000, 0x00007fd169b50000)
  eden space 2809152K,   0% used [0x00007fcc14600000, 0x00007fcc14600000, 0x00007fccbfd50000)
  from space 351104K,  32% used [0x00007fccd5430000, 0x00007fccdc4c6cf8, 0x00007fcceab10000)
  to   space 351104K,   0% used [0x00007fccbfd50000, 0x00007fccbfd50000, 0x00007fccd5430000)
 tenured generation   total 7022668K, used 6302104K [0x00007fd169b50000, 0x00007fd316563000, 0x00007fdc14600000)
   the space 7022668K,  89% used [0x00007fd169b50000, 0x00007fd2ea5b6228, 0x00007fd2ea5b6400, 0x00007fd316563000)
 Metaspace       used 23123K, capacity 23465K, committed 23552K, reserved 24576K
}
Event: 116.017 GC heap after
{Heap after GC invocations=32 (full 18):
 def new generation   total 3160256K, used 0K [0x00007fcc14600000, 0x00007fcceab10000, 0x00007fd169b50000)
  eden space 2809152K,   0% used [0x00007fcc14600000, 0x00007fcc14600000, 0x00007fccbfd50000)
  from space 351104K,   0% used [0x00007fccd5430000, 0x00007fccd5430000, 0x00007fcceab10000)
  to   space 351104K,   0% used [0x00007fccbfd50000, 0x00007fccbfd50000, 0x00007fccd5430000)
 tenured generation   total 7022668K, used 2110136K [0x00007fd169b50000, 0x00007fd316563000, 0x00007fdc14600000)
   the space 7022668K,  30% used [0x00007fd169b50000, 0x00007fd1ea7fe008, 0x00007fd1ea7fe200, 0x00007fd316563000)
 Metaspace       used 23123K, capacity 23465K, committed 23552K, reserved 24576K
}
Event: 120.028 GC heap before
{Heap before GC invocations=32 (full 18):
 def new generation   total 3160256K, used 2152565K [0x00007fcc14600000, 0x00007fcceab10000, 0x00007fd169b50000)
  eden space 2809152K,  76% used [0x00007fcc14600000, 0x00007fcc97c1d688, 0x00007fccbfd50000)
  from space 351104K,   0% used [0x00007fccd5430000, 0x00007fccd5430000, 0x00007fcceab10000)
  to   space 351104K,   0% used [0x00007fccbfd50000, 0x00007fccbfd50000, 0x00007fccd5430000)
 tenured generation   total 7022668K, used 6304440K [0x00007fd169b50000, 0x00007fd316563000, 0x00007fdc14600000)
   the space 7022668K,  89% used [0x00007fd169b50000, 0x00007fd2ea7fe020, 0x00007fd2ea7fe200, 0x00007fd316563000)
 Metaspace       used 23123K, capacity 23465K, committed 23552K, reserved 24576K
}

