# JRE version: OpenJDK Runtime Environment (13.0.7+5) (build 13.0.7+5-Ubuntu-0ubuntu120.04)
# Java VM: OpenJDK 64-Bit Server VM (13.0.7+5-Ubuntu-0ubuntu120.04, mixed mode, tiered, serial gc, linux-amd64)
Heap:
 def new generation   total 1649600K, used 61631K [0x00007f8d94600000, 0x00007f8e043e0000, 0x00007f983f0a0000)
  eden space 1466368K,   4% used [0x00007f8d94600000, 0x00007f8d9822fc20, 0x00007f8dede00000)
  from space 183232K,   0% used [0x00007f8df90f0000, 0x00007f8df90f0000, 0x00007f8e043e0000)
  to   space 183232K,   0% used [0x00007f8dede00000, 0x00007f8dede00000, 0x00007f8df90f0000)
 tenured generation   total 3682016K, used 3681975K [0x00007f983f0a0000, 0x00007f991fc58000, 0x00007fad94600000)
   the space 3682016K,  99% used [0x00007f983f0a0000, 0x00007f991fc4dde8, 0x00007f991fc4de00, 0x00007f991fc58000)
 Metaspace       used 24264K, capacity 24643K, committed 24832K, reserved 26624K
GC Heap History (20 events):
Event: 955.691 GC heap after
{Heap after GC invocations=1151 (full 5):
 def new generation   total 1649600K, used 84763K [0x00007f8d94600000, 0x00007f8e043e0000, 0x00007f983f0a0000)
  eden space 1466368K,   0% used [0x00007f8d94600000, 0x00007f8d94600000, 0x00007f8dede00000)
  from space 183232K,  46% used [0x00007f8dede00000, 0x00007f8df30c6f88, 0x00007f8df90f0000)
  to   space 183232K,   0% used [0x00007f8df90f0000, 0x00007f8df90f0000, 0x00007f8e043e0000)
 tenured generation   total 3665628K, used 3590496K [0x00007f983f0a0000, 0x00007f991ec57000, 0x00007fad94600000)
   the space 3665628K,  97% used [0x00007f983f0a0000, 0x00007f991a2f80e0, 0x00007f991a2f8200, 0x00007f991ec57000)
 Metaspace       used 24264K, capacity 24643K, committed 24832K, reserved 26624K
}
Event: 957.047 GC heap before
{Heap before GC invocations=1151 (full 5):
 def new generation   total 1649600K, used 1549702K [0x00007f8d94600000, 0x00007f8e043e0000, 0x00007f983f0a0000)
  eden space 1466368K,  99% used [0x00007f8d94600000, 0x00007f8dedc9a9f0, 0x00007f8dede00000)
  from space 183232K,  46% used [0x00007f8dede00000, 0x00007f8df30c6f88, 0x00007f8df90f0000)
  to   space 183232K,   0% used [0x00007f8df90f0000, 0x00007f8df90f0000, 0x00007f8e043e0000)
 tenured generation   total 3665628K, used 3590496K [0x00007f983f0a0000, 0x00007f991ec57000, 0x00007fad94600000)
   the space 3665628K,  97% used [0x00007f983f0a0000, 0x00007f991a2f80e0, 0x00007f991a2f8200, 0x00007f991ec57000)
 Metaspace       used 24264K, capacity 24643K, committed 24832K, reserved 26624K
}
Event: 957.111 GC heap after
{Heap after GC invocations=1152 (full 5):
 def new generation   total 1649600K, used 107373K [0x00007f8d94600000, 0x00007f8e043e0000, 0x00007f983f0a0000)
  eden space 1466368K,   0% used [0x00007f8d94600000, 0x00007f8d94600000, 0x00007f8dede00000)
  from space 183232K,  58% used [0x00007f8df90f0000, 0x00007f8dff9cb750, 0x00007f8e043e0000)
  to   space 183232K,   0% used [0x00007f8dede00000, 0x00007f8dede00000, 0x00007f8df90f0000)
 tenured generation   total 3665628K, used 3590496K [0x00007f983f0a0000, 0x00007f991ec57000, 0x00007fad94600000)
   the space 3665628K,  97% used [0x00007f983f0a0000, 0x00007f991a2f80e0, 0x00007f991a2f8200, 0x00007f991ec57000)
 Metaspace       used 24264K, capacity 24643K, committed 24832K, reserved 26624K
}
Event: 958.650 GC heap before
{Heap before GC invocations=1152 (full 5):
 def new generation   total 1649600K, used 1573741K [0x00007f8d94600000, 0x00007f8e043e0000, 0x00007f983f0a0000)
  eden space 1466368K, 100% used [0x00007f8d94600000, 0x00007f8dede00000, 0x00007f8dede00000)
  from space 183232K,  58% used [0x00007f8df90f0000, 0x00007f8dff9cb750, 0x00007f8e043e0000)
  to   space 183232K,   0% used [0x00007f8dede00000, 0x00007f8dede00000, 0x00007f8df90f0000)
 tenured generation   total 3665628K, used 3590496K [0x00007f983f0a0000, 0x00007f991ec57000, 0x00007fad94600000)
   the space 3665628K,  97% used [0x00007f983f0a0000, 0x00007f991a2f80e0, 0x00007f991a2f8200, 0x00007f991ec57000)
 Metaspace       used 24264K, capacity 24643K, committed 24832K, reserved 26624K
}
Event: 958.722 GC heap after
{Heap after GC invocations=1153 (full 5):
 def new generation   total 1649600K, used 83246K [0x00007f8d94600000, 0x00007f8e043e0000, 0x00007f983f0a0000)
  eden space 1466368K,   0% used [0x00007f8d94600000, 0x00007f8d94600000, 0x00007f8dede00000)
  from space 183232K,  45% used [0x00007f8dede00000, 0x00007f8df2f4b930, 0x00007f8df90f0000)
  to   space 183232K,   0% used [0x00007f8df90f0000, 0x00007f8df90f0000, 0x00007f8e043e0000)
 tenured generation   total 3665628K, used 3607454K [0x00007f983f0a0000, 0x00007f991ec57000, 0x00007fad94600000)
   the space 3665628K,  98% used [0x00007f983f0a0000, 0x00007f991b387b38, 0x00007f991b387c00, 0x00007f991ec57000)
 Metaspace       used 24264K, capacity 24643K, committed 24832K, reserved 26624K
}
Event: 959.956 GC heap before
{Heap before GC invocations=1153 (full 5):
 def new generation   total 1649600K, used 1549614K [0x00007f8d94600000, 0x00007f8e043e0000, 0x00007f983f0a0000)
  eden space 1466368K, 100% used [0x00007f8d94600000, 0x00007f8dede00000, 0x00007f8dede00000)
  from space 183232K,  45% used [0x00007f8dede00000, 0x00007f8df2f4b930, 0x00007f8df90f0000)
  to   space 183232K,   0% used [0x00007f8df90f0000, 0x00007f8df90f0000, 0x00007f8e043e0000)
 tenured generation   total 3665628K, used 3607454K [0x00007f983f0a0000, 0x00007f991ec57000, 0x00007fad94600000)
   the space 3665628K,  98% used [0x00007f983f0a0000, 0x00007f991b387b38, 0x00007f991b387c00, 0x00007f991ec57000)
 Metaspace       used 24264K, capacity 24643K, committed 24832K, reserved 26624K
}
Event: 960.007 GC heap after
{Heap after GC invocations=1154 (full 5):
 def new generation   total 1649600K, used 87875K [0x00007f8d94600000, 0x00007f8e043e0000, 0x00007f983f0a0000)
  eden space 1466368K,   0% used [0x00007f8d94600000, 0x00007f8d94600000, 0x00007f8dede00000)
  from space 183232K,  47% used [0x00007f8df90f0000, 0x00007f8dfe6c0e98, 0x00007f8e043e0000)
  to   space 183232K,   0% used [0x00007f8dede00000, 0x00007f8dede00000, 0x00007f8df90f0000)
 tenured generation   total 3665628K, used 3607454K [0x00007f983f0a0000, 0x00007f991ec57000, 0x00007fad94600000)
   the space 3665628K,  98% used [0x00007f983f0a0000, 0x00007f991b387b38, 0x00007f991b387c00, 0x00007f991ec57000)
 Metaspace       used 24264K, capacity 24643K, committed 24832K, reserved 26624K
}
Event: 961.464 GC heap before
{Heap before GC invocations=1154 (full 5):
 def new generation   total 1649600K, used 1554243K [0x00007f8d94600000, 0x00007f8e043e0000, 0x00007f983f0a0000)
  eden space 1466368K, 100% used [0x00007f8d94600000, 0x00007f8dede00000, 0x00007f8dede00000)
  from space 183232K,  47% used [0x00007f8df90f0000, 0x00007f8dfe6c0e98, 0x00007f8e043e0000)
  to   space 183232K,   0% used [0x00007f8dede00000, 0x00007f8dede00000, 0x00007f8df90f0000)
 tenured generation   total 3665628K, used 3607454K [0x00007f983f0a0000, 0x00007f991ec57000, 0x00007fad94600000)
   the space 3665628K,  98% used [0x00007f983f0a0000, 0x00007f991b387b38, 0x00007f991b387c00, 0x00007f991ec57000)
 Metaspace       used 24264K, capacity 24643K, committed 24832K, reserved 26624K
}
Event: 961.525 GC heap after
{Heap after GC invocations=1155 (full 5):
 def new generation   total 1649600K, used 99158K [0x00007f8d94600000, 0x00007f8e043e0000, 0x00007f983f0a0000)
  eden space 1466368K,   0% used [0x00007f8d94600000, 0x00007f8d94600000, 0x00007f8dede00000)
  from space 183232K,  54% used [0x00007f8dede00000, 0x00007f8df3ed5968, 0x00007f8df90f0000)
  to   space 183232K,   0% used [0x00007f8df90f0000, 0x00007f8df90f0000, 0x00007f8e043e0000)
 tenured generation   total 3665628K, used 3607454K [0x00007f983f0a0000, 0x00007f991ec57000, 0x00007fad94600000)
   the space 3665628K,  98% used [0x00007f983f0a0000, 0x00007f991b387b38, 0x00007f991b387c00, 0x00007f991ec57000)
 Metaspace       used 24264K, capacity 24643K, committed 24832K, reserved 26624K
}
Event: 962.826 GC heap before
{Heap before GC invocations=1155 (full 5):
 def new generation   total 1649600K, used 1565526K [0x00007f8d94600000, 0x00007f8e043e0000, 0x00007f983f0a0000)
  eden space 1466368K, 100% used [0x00007f8d94600000, 0x00007f8dede00000, 0x00007f8dede00000)
  from space 183232K,  54% used [0x00007f8dede00000, 0x00007f8df3ed5968, 0x00007f8df90f0000)
  to   space 183232K,   0% used [0x00007f8df90f0000, 0x00007f8df90f0000, 0x00007f8e043e0000)
 tenured generation   total 3665628K, used 3607454K [0x00007f983f0a0000, 0x00007f991ec57000, 0x00007fad94600000)
   the space 3665628K,  98% used [0x00007f983f0a0000, 0x00007f991b387b38, 0x00007f991b387c00, 0x00007f991ec57000)
 Metaspace       used 24264K, capacity 24643K, committed 24832K, reserved 26624K
}
Event: 962.911 GC heap after
{Heap after GC invocations=1156 (full 5):
 def new generation   total 1649600K, used 84778K [0x00007f8d94600000, 0x00007f8e043e0000, 0x00007f983f0a0000)
  eden space 1466368K,   0% used [0x00007f8d94600000, 0x00007f8d94600000, 0x00007f8dede00000)
  from space 183232K,  46% used [0x00007f8df90f0000, 0x00007f8dfe3ba8f8, 0x00007f8e043e0000)
  to   space 183232K,   0% used [0x00007f8dede00000, 0x00007f8dede00000, 0x00007f8df90f0000)
 tenured generation   total 3665628K, used 3624413K [0x00007f983f0a0000, 0x00007f991ec57000, 0x00007fad94600000)
   the space 3665628K,  98% used [0x00007f983f0a0000, 0x00007f991c417590, 0x00007f991c417600, 0x00007f991ec57000)
 Metaspace       used 24264K, capacity 24643K, committed 24832K, reserved 26624K
}
Event: 964.519 GC heap before
{Heap before GC invocations=1156 (full 5):
 def new generation   total 1649600K, used 1550233K [0x00007f8d94600000, 0x00007f8e043e0000, 0x00007f983f0a0000)
  eden space 1466368K,  99% used [0x00007f8d94600000, 0x00007f8dedd1bc90, 0x00007f8dede00000)
  from space 183232K,  46% used [0x00007f8df90f0000, 0x00007f8dfe3ba8f8, 0x00007f8e043e0000)
  to   space 183232K,   0% used [0x00007f8dede00000, 0x00007f8dede00000, 0x00007f8df90f0000)
 tenured generation   total 3665628K, used 3624413K [0x00007f983f0a0000, 0x00007f991ec57000, 0x00007fad94600000)
   the space 3665628K,  98% used [0x00007f983f0a0000, 0x00007f991c417590, 0x00007f991c417600, 0x00007f991ec57000)
 Metaspace       used 24264K, capacity 24643K, committed 24832K, reserved 26624K
}
Event: 964.577 GC heap after
{Heap after GC invocations=1157 (full 5):
 def new generation   total 1649600K, used 96668K [0x00007f8d94600000, 0x00007f8e043e0000, 0x00007f983f0a0000)
  eden space 1466368K,   0% used [0x00007f8d94600000, 0x00007f8d94600000, 0x00007f8dede00000)
  from space 183232K,  52% used [0x00007f8dede00000, 0x00007f8df3c670d0, 0x00007f8df90f0000)
  to   space 183232K,   0% used [0x00007f8df90f0000, 0x00007f8df90f0000, 0x00007f8e043e0000)
 tenured generation   total 3665628K, used 3624413K [0x00007f983f0a0000, 0x00007f991ec57000, 0x00007fad94600000)
   the space 3665628K,  98% used [0x00007f983f0a0000, 0x00007f991c417590, 0x00007f991c417600, 0x00007f991ec57000)
 Metaspace       used 24264K, capacity 24643K, committed 24832K, reserved 26624K
}
Event: 965.926 GC heap before
{Heap before GC invocations=1157 (full 5):
 def new generation   total 1649600K, used 1563036K [0x00007f8d94600000, 0x00007f8e043e0000, 0x00007f983f0a0000)
  eden space 1466368K, 100% used [0x00007f8d94600000, 0x00007f8dede00000, 0x00007f8dede00000)
  from space 183232K,  52% used [0x00007f8dede00000, 0x00007f8df3c670d0, 0x00007f8df90f0000)
  to   space 183232K,   0% used [0x00007f8df90f0000, 0x00007f8df90f0000, 0x00007f8e043e0000)
 tenured generation   total 3665628K, used 3624413K [0x00007f983f0a0000, 0x00007f991ec57000, 0x00007fad94600000)
   the space 3665628K,  98% used [0x00007f983f0a0000, 0x00007f991c417590, 0x00007f991c417600, 0x00007f991ec57000)
 Metaspace       used 24264K, capacity 24643K, committed 24832K, reserved 26624K
}
Event: 965.989 GC heap after
{Heap after GC invocations=1158 (full 5):
 def new generation   total 1649600K, used 85275K [0x00007f8d94600000, 0x00007f8e043e0000, 0x00007f983f0a0000)
  eden space 1466368K,   0% used [0x00007f8d94600000, 0x00007f8d94600000, 0x00007f8dede00000)
  from space 183232K,  46% used [0x00007f8df90f0000, 0x00007f8dfe436fc8, 0x00007f8e043e0000)
  to   space 183232K,   0% used [0x00007f8dede00000, 0x00007f8dede00000, 0x00007f8df90f0000)
 tenured generation   total 3665628K, used 3641371K [0x00007f983f0a0000, 0x00007f991ec57000, 0x00007fad94600000)
   the space 3665628K,  99% used [0x00007f983f0a0000, 0x00007f991d4a6fe8, 0x00007f991d4a7000, 0x00007f991ec57000)
 Metaspace       used 24264K, capacity 24643K, committed 24832K, reserved 26624K
}
Event: 967.260 GC heap before
{Heap before GC invocations=1158 (full 5):
 def new generation   total 1649600K, used 1549537K [0x00007f8d94600000, 0x00007f8e043e0000, 0x00007f983f0a0000)
  eden space 1466368K,  99% used [0x00007f8d94600000, 0x00007f8dedbf1598, 0x00007f8dede00000)
  from space 183232K,  46% used [0x00007f8df90f0000, 0x00007f8dfe436fc8, 0x00007f8e043e0000)
  to   space 183232K,   0% used [0x00007f8dede00000, 0x00007f8dede00000, 0x00007f8df90f0000)
 tenured generation   total 3665628K, used 3641371K [0x00007f983f0a0000, 0x00007f991ec57000, 0x00007fad94600000)
   the space 3665628K,  99% used [0x00007f983f0a0000, 0x00007f991d4a6fe8, 0x00007f991d4a7000, 0x00007f991ec57000)
 Metaspace       used 24264K, capacity 24643K, committed 24832K, reserved 26624K
}
Event: 967.331 GC heap after
{Heap after GC invocations=1159 (full 5):
 def new generation   total 1649600K, used 110452K [0x00007f8d94600000, 0x00007f8e043e0000, 0x00007f983f0a0000)
  eden space 1466368K,   0% used [0x00007f8d94600000, 0x00007f8d94600000, 0x00007f8dede00000)
  from space 183232K,  60% used [0x00007f8dede00000, 0x00007f8df49dd250, 0x00007f8df90f0000)
  to   space 183232K,   0% used [0x00007f8df90f0000, 0x00007f8df90f0000, 0x00007f8e043e0000)
 tenured generation   total 3665628K, used 3641371K [0x00007f983f0a0000, 0x00007f991ec57000, 0x00007fad94600000)
   the space 3665628K,  99% used [0x00007f983f0a0000, 0x00007f991d4a6fe8, 0x00007f991d4a7000, 0x00007f991ec57000)
 Metaspace       used 24264K, capacity 24643K, committed 24832K, reserved 26624K
}
Event: 968.724 GC heap before
{Heap before GC invocations=1159 (full 5):
 def new generation   total 1649600K, used 1576820K [0x00007f8d94600000, 0x00007f8e043e0000, 0x00007f983f0a0000)
  eden space 1466368K, 100% used [0x00007f8d94600000, 0x00007f8dede00000, 0x00007f8dede00000)
  from space 183232K,  60% used [0x00007f8dede00000, 0x00007f8df49dd250, 0x00007f8df90f0000)
  to   space 183232K,   0% used [0x00007f8df90f0000, 0x00007f8df90f0000, 0x00007f8e043e0000)
 tenured generation   total 3665628K, used 3641371K [0x00007f983f0a0000, 0x00007f991ec57000, 0x00007fad94600000)
   the space 3665628K,  99% used [0x00007f983f0a0000, 0x00007f991d4a6fe8, 0x00007f991d4a7000, 0x00007f991ec57000)
 Metaspace       used 24264K, capacity 24643K, committed 24832K, reserved 26624K
}
Event: 968.816 GC heap after
{Heap after GC invocations=1160 (full 5):
 def new generation   total 1649600K, used 68317K [0x00007f8d94600000, 0x00007f8e043e0000, 0x00007f983f0a0000)
  eden space 1466368K,   0% used [0x00007f8d94600000, 0x00007f8d94600000, 0x00007f8dede00000)
  from space 183232K,  37% used [0x00007f8df90f0000, 0x00007f8dfd3a7570, 0x00007f8e043e0000)
  to   space 183232K,   0% used [0x00007f8dede00000, 0x00007f8dede00000, 0x00007f8df90f0000)
 tenured generation   total 3682016K, used 3675289K [0x00007f983f0a0000, 0x00007f991fc58000, 0x00007fad94600000)
   the space 3682016K,  99% used [0x00007f983f0a0000, 0x00007f991f5c6498, 0x00007f991f5c6600, 0x00007f991fc58000)
 Metaspace       used 24264K, capacity 24643K, committed 24832K, reserved 26624K
}
Event: 968.816 GC heap before
{Heap before GC invocations=1160 (full 5):
 def new generation   total 1649600K, used 68317K [0x00007f8d94600000, 0x00007f8e043e0000, 0x00007f983f0a0000)
  eden space 1466368K,   0% used [0x00007f8d94600000, 0x00007f8d94600000, 0x00007f8dede00000)
  from space 183232K,  37% used [0x00007f8df90f0000, 0x00007f8dfd3a7570, 0x00007f8e043e0000)
  to   space 183232K,   0% used [0x00007f8dede00000, 0x00007f8dede00000, 0x00007f8df90f0000)
 tenured generation   total 3682016K, used 3675289K [0x00007f983f0a0000, 0x00007f991fc58000, 0x00007fad94600000)
   the space 3682016K,  99% used [0x00007f983f0a0000, 0x00007f991f5c6498, 0x00007f991f5c6600, 0x00007f991fc58000)
 Metaspace       used 24264K, capacity 24643K, committed 24832K, reserved 26624K
}

