# JRE version: OpenJDK Runtime Environment (13.0.7+5) (build 13.0.7+5-Ubuntu-0ubuntu120.04)
# Java VM: OpenJDK 64-Bit Server VM (13.0.7+5-Ubuntu-0ubuntu120.04, mixed mode, tiered, serial gc, linux-amd64)
Heap:
 def new generation   total 1048832K, used 8643K [0x00007f36e0600000, 0x00007f3727800000, 0x00007f3c35b50000)
  eden space 932352K,   0% used [0x00007f36e0600000, 0x00007f36e0e70c38, 0x00007f3719480000)
  from space 116480K,   0% used [0x00007f3720640000, 0x00007f3720640000, 0x00007f3727800000)
  to   space 116480K,   0% used [0x00007f3719480000, 0x00007f3719480000, 0x00007f3720640000)
 tenured generation   total 2330944K, used 2330943K [0x00007f3c35b50000, 0x00007f3cc3fa0000, 0x00007f46e0600000)
   the space 2330944K,  99% used [0x00007f3c35b50000, 0x00007f3cc3f9ffc8, 0x00007f3cc3fa0000, 0x00007f3cc3fa0000)
 Metaspace       used 24306K, capacity 24700K, committed 24832K, reserved 26624K
GC Heap History (20 events):
Event: 2951.658 GC heap after
{Heap after GC invocations=5422 (full 2):
 def new generation   total 1048832K, used 8851K [0x00007f36e0600000, 0x00007f3727800000, 0x00007f3c35b50000)
  eden space 932352K,   0% used [0x00007f36e0600000, 0x00007f36e0600000, 0x00007f3719480000)
  from space 116480K,   7% used [0x00007f3719480000, 0x00007f3719d24e00, 0x00007f3720640000)
  to   space 116480K,   0% used [0x00007f3720640000, 0x00007f3720640000, 0x00007f3727800000)
 tenured generation   total 2330560K, used 2325281K [0x00007f3c35b50000, 0x00007f3cc3f40000, 0x00007f46e0600000)
   the space 2330560K,  99% used [0x00007f3c35b50000, 0x00007f3cc3a185b0, 0x00007f3cc3a18600, 0x00007f3cc3f40000)
 Metaspace       used 24306K, capacity 24700K, committed 24832K, reserved 26624K
}
Event: 2952.363 GC heap before
{Heap before GC invocations=5422 (full 2):
 def new generation   total 1048832K, used 941203K [0x00007f36e0600000, 0x00007f3727800000, 0x00007f3c35b50000)
  eden space 932352K, 100% used [0x00007f36e0600000, 0x00007f3719480000, 0x00007f3719480000)
  from space 116480K,   7% used [0x00007f3719480000, 0x00007f3719d24e00, 0x00007f3720640000)
  to   space 116480K,   0% used [0x00007f3720640000, 0x00007f3720640000, 0x00007f3727800000)
 tenured generation   total 2330560K, used 2325281K [0x00007f3c35b50000, 0x00007f3cc3f40000, 0x00007f46e0600000)
   the space 2330560K,  99% used [0x00007f3c35b50000, 0x00007f3cc3a185b0, 0x00007f3cc3a18600, 0x00007f3cc3f40000)
 Metaspace       used 24306K, capacity 24700K, committed 24832K, reserved 26624K
}
Event: 2952.382 GC heap after
{Heap after GC invocations=5423 (full 2):
 def new generation   total 1048832K, used 8873K [0x00007f36e0600000, 0x00007f3727800000, 0x00007f3c35b50000)
  eden space 932352K,   0% used [0x00007f36e0600000, 0x00007f36e0600000, 0x00007f3719480000)
  from space 116480K,   7% used [0x00007f3720640000, 0x00007f3720eea488, 0x00007f3727800000)
  to   space 116480K,   0% used [0x00007f3719480000, 0x00007f3719480000, 0x00007f3720640000)
 tenured generation   total 2330560K, used 2325840K [0x00007f3c35b50000, 0x00007f3cc3f40000, 0x00007f46e0600000)
   the space 2330560K,  99% used [0x00007f3c35b50000, 0x00007f3cc3aa43e0, 0x00007f3cc3aa4400, 0x00007f3cc3f40000)
 Metaspace       used 24306K, capacity 24700K, committed 24832K, reserved 26624K
}
Event: 2953.081 GC heap before
{Heap before GC invocations=5423 (full 2):
 def new generation   total 1048832K, used 941225K [0x00007f36e0600000, 0x00007f3727800000, 0x00007f3c35b50000)
  eden space 932352K, 100% used [0x00007f36e0600000, 0x00007f3719480000, 0x00007f3719480000)
  from space 116480K,   7% used [0x00007f3720640000, 0x00007f3720eea488, 0x00007f3727800000)
  to   space 116480K,   0% used [0x00007f3719480000, 0x00007f3719480000, 0x00007f3720640000)
 tenured generation   total 2330560K, used 2325840K [0x00007f3c35b50000, 0x00007f3cc3f40000, 0x00007f46e0600000)
   the space 2330560K,  99% used [0x00007f3c35b50000, 0x00007f3cc3aa43e0, 0x00007f3cc3aa4400, 0x00007f3cc3f40000)
 Metaspace       used 24306K, capacity 24700K, committed 24832K, reserved 26624K
}
Event: 2953.104 GC heap after
{Heap after GC invocations=5424 (full 2):
 def new generation   total 1048832K, used 9053K [0x00007f36e0600000, 0x00007f3727800000, 0x00007f3c35b50000)
  eden space 932352K,   0% used [0x00007f36e0600000, 0x00007f36e0600000, 0x00007f3719480000)
  from space 116480K,   7% used [0x00007f3719480000, 0x00007f3719d57678, 0x00007f3720640000)
  to   space 116480K,   0% used [0x00007f3720640000, 0x00007f3720640000, 0x00007f3727800000)
 tenured generation   total 2330560K, used 2326400K [0x00007f3c35b50000, 0x00007f3cc3f40000, 0x00007f46e0600000)
   the space 2330560K,  99% used [0x00007f3c35b50000, 0x00007f3cc3b30060, 0x00007f3cc3b30200, 0x00007f3cc3f40000)
 Metaspace       used 24306K, capacity 24700K, committed 24832K, reserved 26624K
}
Event: 2953.753 GC heap before
{Heap before GC invocations=5424 (full 2):
 def new generation   total 1048832K, used 941405K [0x00007f36e0600000, 0x00007f3727800000, 0x00007f3c35b50000)
  eden space 932352K, 100% used [0x00007f36e0600000, 0x00007f3719480000, 0x00007f3719480000)
  from space 116480K,   7% used [0x00007f3719480000, 0x00007f3719d57678, 0x00007f3720640000)
  to   space 116480K,   0% used [0x00007f3720640000, 0x00007f3720640000, 0x00007f3727800000)
 tenured generation   total 2330560K, used 2326400K [0x00007f3c35b50000, 0x00007f3cc3f40000, 0x00007f46e0600000)
   the space 2330560K,  99% used [0x00007f3c35b50000, 0x00007f3cc3b30060, 0x00007f3cc3b30200, 0x00007f3cc3f40000)
 Metaspace       used 24306K, capacity 24700K, committed 24832K, reserved 26624K
}
Event: 2953.775 GC heap after
{Heap after GC invocations=5425 (full 2):
 def new generation   total 1048832K, used 9222K [0x00007f36e0600000, 0x00007f3727800000, 0x00007f3c35b50000)
  eden space 932352K,   0% used [0x00007f36e0600000, 0x00007f36e0600000, 0x00007f3719480000)
  from space 116480K,   7% used [0x00007f3720640000, 0x00007f3720f419e0, 0x00007f3727800000)
  to   space 116480K,   0% used [0x00007f3719480000, 0x00007f3719480000, 0x00007f3720640000)
 tenured generation   total 2330560K, used 2326947K [0x00007f3c35b50000, 0x00007f3cc3f40000, 0x00007f46e0600000)
   the space 2330560K,  99% used [0x00007f3c35b50000, 0x00007f3cc3bb8f98, 0x00007f3cc3bb9000, 0x00007f3cc3f40000)
 Metaspace       used 24306K, capacity 24700K, committed 24832K, reserved 26624K
}
Event: 2954.464 GC heap before
{Heap before GC invocations=5425 (full 2):
 def new generation   total 1048832K, used 941574K [0x00007f36e0600000, 0x00007f3727800000, 0x00007f3c35b50000)
  eden space 932352K, 100% used [0x00007f36e0600000, 0x00007f3719480000, 0x00007f3719480000)
  from space 116480K,   7% used [0x00007f3720640000, 0x00007f3720f419e0, 0x00007f3727800000)
  to   space 116480K,   0% used [0x00007f3719480000, 0x00007f3719480000, 0x00007f3720640000)
 tenured generation   total 2330560K, used 2326947K [0x00007f3c35b50000, 0x00007f3cc3f40000, 0x00007f46e0600000)
   the space 2330560K,  99% used [0x00007f3c35b50000, 0x00007f3cc3bb8f98, 0x00007f3cc3bb9000, 0x00007f3cc3f40000)
 Metaspace       used 24306K, capacity 24700K, committed 24832K, reserved 26624K
}
Event: 2954.487 GC heap after
{Heap after GC invocations=5426 (full 2):
 def new generation   total 1048832K, used 9298K [0x00007f36e0600000, 0x00007f3727800000, 0x00007f3c35b50000)
  eden space 932352K,   0% used [0x00007f36e0600000, 0x00007f36e0600000, 0x00007f3719480000)
  from space 116480K,   7% used [0x00007f3719480000, 0x00007f3719d94b68, 0x00007f3720640000)
  to   space 116480K,   0% used [0x00007f3720640000, 0x00007f3720640000, 0x00007f3727800000)
 tenured generation   total 2330560K, used 2327507K [0x00007f3c35b50000, 0x00007f3cc3f40000, 0x00007f46e0600000)
   the space 2330560K,  99% used [0x00007f3c35b50000, 0x00007f3cc3c44dc8, 0x00007f3cc3c44e00, 0x00007f3cc3f40000)
 Metaspace       used 24306K, capacity 24700K, committed 24832K, reserved 26624K
}
Event: 2955.207 GC heap before
{Heap before GC invocations=5426 (full 2):
 def new generation   total 1048832K, used 941650K [0x00007f36e0600000, 0x00007f3727800000, 0x00007f3c35b50000)
  eden space 932352K, 100% used [0x00007f36e0600000, 0x00007f3719480000, 0x00007f3719480000)
  from space 116480K,   7% used [0x00007f3719480000, 0x00007f3719d94b68, 0x00007f3720640000)
  to   space 116480K,   0% used [0x00007f3720640000, 0x00007f3720640000, 0x00007f3727800000)
 tenured generation   total 2330560K, used 2327507K [0x00007f3c35b50000, 0x00007f3cc3f40000, 0x00007f46e0600000)
   the space 2330560K,  99% used [0x00007f3c35b50000, 0x00007f3cc3c44dc8, 0x00007f3cc3c44e00, 0x00007f3cc3f40000)
 Metaspace       used 24306K, capacity 24700K, committed 24832K, reserved 26624K
}
Event: 2955.232 GC heap after
{Heap after GC invocations=5427 (full 2):
 def new generation   total 1048832K, used 9305K [0x00007f36e0600000, 0x00007f3727800000, 0x00007f3c35b50000)
  eden space 932352K,   0% used [0x00007f36e0600000, 0x00007f36e0600000, 0x00007f3719480000)
  from space 116480K,   7% used [0x00007f3720640000, 0x00007f3720f564f8, 0x00007f3727800000)
  to   space 116480K,   0% used [0x00007f3719480000, 0x00007f3719480000, 0x00007f3720640000)
 tenured generation   total 2330560K, used 2328066K [0x00007f3c35b50000, 0x00007f3cc3f40000, 0x00007f46e0600000)
   the space 2330560K,  99% used [0x00007f3c35b50000, 0x00007f3cc3cd0bf8, 0x00007f3cc3cd0c00, 0x00007f3cc3f40000)
 Metaspace       used 24306K, capacity 24700K, committed 24832K, reserved 26624K
}
Event: 2955.966 GC heap before
{Heap before GC invocations=5427 (full 2):
 def new generation   total 1048832K, used 941657K [0x00007f36e0600000, 0x00007f3727800000, 0x00007f3c35b50000)
  eden space 932352K, 100% used [0x00007f36e0600000, 0x00007f3719480000, 0x00007f3719480000)
  from space 116480K,   7% used [0x00007f3720640000, 0x00007f3720f564f8, 0x00007f3727800000)
  to   space 116480K,   0% used [0x00007f3719480000, 0x00007f3719480000, 0x00007f3720640000)
 tenured generation   total 2330560K, used 2328066K [0x00007f3c35b50000, 0x00007f3cc3f40000, 0x00007f46e0600000)
   the space 2330560K,  99% used [0x00007f3c35b50000, 0x00007f3cc3cd0bf8, 0x00007f3cc3cd0c00, 0x00007f3cc3f40000)
 Metaspace       used 24306K, capacity 24700K, committed 24832K, reserved 26624K
}
Event: 2955.985 GC heap after
{Heap after GC invocations=5428 (full 2):
 def new generation   total 1048832K, used 9201K [0x00007f36e0600000, 0x00007f3727800000, 0x00007f3c35b50000)
  eden space 932352K,   0% used [0x00007f36e0600000, 0x00007f36e0600000, 0x00007f3719480000)
  from space 116480K,   7% used [0x00007f3719480000, 0x00007f3719d7c408, 0x00007f3720640000)
  to   space 116480K,   0% used [0x00007f3720640000, 0x00007f3720640000, 0x00007f3727800000)
 tenured generation   total 2330560K, used 2328707K [0x00007f3c35b50000, 0x00007f3cc3f40000, 0x00007f46e0600000)
   the space 2330560K,  99% used [0x00007f3c35b50000, 0x00007f3cc3d70cc0, 0x00007f3cc3d70e00, 0x00007f3cc3f40000)
 Metaspace       used 24306K, capacity 24700K, committed 24832K, reserved 26624K
}
Event: 2956.696 GC heap before
{Heap before GC invocations=5428 (full 2):
 def new generation   total 1048832K, used 941553K [0x00007f36e0600000, 0x00007f3727800000, 0x00007f3c35b50000)
  eden space 932352K, 100% used [0x00007f36e0600000, 0x00007f3719480000, 0x00007f3719480000)
  from space 116480K,   7% used [0x00007f3719480000, 0x00007f3719d7c408, 0x00007f3720640000)
  to   space 116480K,   0% used [0x00007f3720640000, 0x00007f3720640000, 0x00007f3727800000)
 tenured generation   total 2330560K, used 2328707K [0x00007f3c35b50000, 0x00007f3cc3f40000, 0x00007f46e0600000)
   the space 2330560K,  99% used [0x00007f3c35b50000, 0x00007f3cc3d70cc0, 0x00007f3cc3d70e00, 0x00007f3cc3f40000)
 Metaspace       used 24306K, capacity 24700K, committed 24832K, reserved 26624K
}
Event: 2956.717 GC heap after
{Heap after GC invocations=5429 (full 2):
 def new generation   total 1048832K, used 9034K [0x00007f36e0600000, 0x00007f3727800000, 0x00007f3c35b50000)
  eden space 932352K,   0% used [0x00007f36e0600000, 0x00007f36e0600000, 0x00007f3719480000)
  from space 116480K,   7% used [0x00007f3720640000, 0x00007f3720f12b68, 0x00007f3727800000)
  to   space 116480K,   0% used [0x00007f3719480000, 0x00007f3719480000, 0x00007f3720640000)
 tenured generation   total 2330560K, used 2329433K [0x00007f3c35b50000, 0x00007f3cc3f40000, 0x00007f46e0600000)
   the space 2330560K,  99% used [0x00007f3c35b50000, 0x00007f3cc3e264c0, 0x00007f3cc3e26600, 0x00007f3cc3f40000)
 Metaspace       used 24306K, capacity 24700K, committed 24832K, reserved 26624K
}
Event: 2957.411 GC heap before
{Heap before GC invocations=5429 (full 2):
 def new generation   total 1048832K, used 941386K [0x00007f36e0600000, 0x00007f3727800000, 0x00007f3c35b50000)
  eden space 932352K, 100% used [0x00007f36e0600000, 0x00007f3719480000, 0x00007f3719480000)
  from space 116480K,   7% used [0x00007f3720640000, 0x00007f3720f12b68, 0x00007f3727800000)
  to   space 116480K,   0% used [0x00007f3719480000, 0x00007f3719480000, 0x00007f3720640000)
 tenured generation   total 2330560K, used 2329433K [0x00007f3c35b50000, 0x00007f3cc3f40000, 0x00007f46e0600000)
   the space 2330560K,  99% used [0x00007f3c35b50000, 0x00007f3cc3e264c0, 0x00007f3cc3e26600, 0x00007f3cc3f40000)
 Metaspace       used 24306K, capacity 24700K, committed 24832K, reserved 26624K
}
Event: 2957.430 GC heap after
{Heap after GC invocations=5430 (full 2):
 def new generation   total 1048832K, used 8867K [0x00007f36e0600000, 0x00007f3727800000, 0x00007f3c35b50000)
  eden space 932352K,   0% used [0x00007f36e0600000, 0x00007f36e0600000, 0x00007f3719480000)
  from space 116480K,   7% used [0x00007f3719480000, 0x00007f3719d28d28, 0x00007f3720640000)
  to   space 116480K,   0% used [0x00007f3720640000, 0x00007f3720640000, 0x00007f3727800000)
 tenured generation   total 2330560K, used 2330166K [0x00007f3c35b50000, 0x00007f3cc3f40000, 0x00007f46e0600000)
   the space 2330560K,  99% used [0x00007f3c35b50000, 0x00007f3cc3edd958, 0x00007f3cc3edda00, 0x00007f3cc3f40000)
 Metaspace       used 24306K, capacity 24700K, committed 24832K, reserved 26624K
}
Event: 2958.131 GC heap before
{Heap before GC invocations=5430 (full 2):
 def new generation   total 1048832K, used 941219K [0x00007f36e0600000, 0x00007f3727800000, 0x00007f3c35b50000)
  eden space 932352K, 100% used [0x00007f36e0600000, 0x00007f3719480000, 0x00007f3719480000)
  from space 116480K,   7% used [0x00007f3719480000, 0x00007f3719d28d28, 0x00007f3720640000)
  to   space 116480K,   0% used [0x00007f3720640000, 0x00007f3720640000, 0x00007f3727800000)
 tenured generation   total 2330560K, used 2330166K [0x00007f3c35b50000, 0x00007f3cc3f40000, 0x00007f46e0600000)
   the space 2330560K,  99% used [0x00007f3c35b50000, 0x00007f3cc3edd958, 0x00007f3cc3edda00, 0x00007f3cc3f40000)
 Metaspace       used 24306K, capacity 24700K, committed 24832K, reserved 26624K
}
Event: 2958.152 GC heap after
{Heap after GC invocations=5431 (full 2):
 def new generation   total 1048832K, used 8827K [0x00007f36e0600000, 0x00007f3727800000, 0x00007f3c35b50000)
  eden space 932352K,   0% used [0x00007f36e0600000, 0x00007f36e0600000, 0x00007f3719480000)
  from space 116480K,   7% used [0x00007f3720640000, 0x00007f3720eded00, 0x00007f3727800000)
  to   space 116480K,   0% used [0x00007f3719480000, 0x00007f3719480000, 0x00007f3720640000)
 tenured generation   total 2330944K, used 2330759K [0x00007f3c35b50000, 0x00007f3cc3fa0000, 0x00007f46e0600000)
   the space 2330944K,  99% used [0x00007f3c35b50000, 0x00007f3cc3f71f00, 0x00007f3cc3f72000, 0x00007f3cc3fa0000)
 Metaspace       used 24306K, capacity 24700K, committed 24832K, reserved 26624K
}
Event: 2958.152 GC heap before
{Heap before GC invocations=5431 (full 2):
 def new generation   total 1048832K, used 8827K [0x00007f36e0600000, 0x00007f3727800000, 0x00007f3c35b50000)
  eden space 932352K,   0% used [0x00007f36e0600000, 0x00007f36e0600000, 0x00007f3719480000)
  from space 116480K,   7% used [0x00007f3720640000, 0x00007f3720eded00, 0x00007f3727800000)
  to   space 116480K,   0% used [0x00007f3719480000, 0x00007f3719480000, 0x00007f3720640000)
 tenured generation   total 2330944K, used 2330759K [0x00007f3c35b50000, 0x00007f3cc3fa0000, 0x00007f46e0600000)
   the space 2330944K,  99% used [0x00007f3c35b50000, 0x00007f3cc3f71f00, 0x00007f3cc3f72000, 0x00007f3cc3fa0000)
 Metaspace       used 24306K, capacity 24700K, committed 24832K, reserved 26624K
}

