# JRE version: OpenJDK Runtime Environment (13.0.7+5) (build 13.0.7+5-Ubuntu-0ubuntu120.04)
# Java VM: OpenJDK 64-Bit Server VM (13.0.7+5-Ubuntu-0ubuntu120.04, mixed mode, tiered, serial gc, linux-amd64)
Heap:
 def new generation   total 3255168K, used 0K [0x00007f1d24600000, 0x00007f1e01210000, 0x00007f2279b50000)
  eden space 2893504K,   0% used [0x00007f1d24600000, 0x00007f1d24600000, 0x00007f1dd4fb0000)
  from space 361664K,   0% used [0x00007f1deb0e0000, 0x00007f1deb0e0000, 0x00007f1e01210000)
  to   space 361664K,   0% used [0x00007f1dd4fb0000, 0x00007f1dd4fb0000, 0x00007f1deb0e0000)
 tenured generation   total 11427920K, used 4203734K [0x00007f2279b50000, 0x00007f2533364000, 0x00007f2d24600000)
   the space 11427920K,  36% used [0x00007f2279b50000, 0x00007f237a485a68, 0x00007f237a485c00, 0x00007f2533364000)
 Metaspace       used 23134K, capacity 23517K, committed 23552K, reserved 24576K
GC Heap History (19 events):
Event: 8.884 GC heap before
{Heap before GC invocations=0 (full 0):
 def new generation   total 629120K, used 111847K [0x00007f1d24600000, 0x00007f1d4f0a0000, 0x00007f2279b50000)
  eden space 559232K,  20% used [0x00007f1d24600000, 0x00007f1d2b339c38, 0x00007f1d46820000)
  from space 69888K,   0% used [0x00007f1d46820000, 0x00007f1d46820000, 0x00007f1d4ac60000)
  to   space 69888K,   0% used [0x00007f1d4ac60000, 0x00007f1d4ac60000, 0x00007f1d4f0a0000)
 tenured generation   total 1398144K, used 0K [0x00007f2279b50000, 0x00007f22cf0b0000, 0x00007f2d24600000)
   the space 1398144K,   0% used [0x00007f2279b50000, 0x00007f2279b50000, 0x00007f2279b50200, 0x00007f22cf0b0000)
 Metaspace       used 20925K, capacity 21222K, committed 21248K, reserved 22528K
}
Event: 9.083 GC heap after
{Heap after GC invocations=1 (full 1):
 def new generation   total 629248K, used 0K [0x00007f1d24600000, 0x00007f1d4f0c0000, 0x00007f2279b50000)
  eden space 559360K,   0% used [0x00007f1d24600000, 0x00007f1d24600000, 0x00007f1d46840000)
  from space 69888K,   0% used [0x00007f1d46840000, 0x00007f1d46840000, 0x00007f1d4ac80000)
  to   space 69888K,   0% used [0x00007f1d4ac80000, 0x00007f1d4ac80000, 0x00007f1d4f0c0000)
 tenured generation   total 1398144K, used 13598K [0x00007f2279b50000, 0x00007f22cf0b0000, 0x00007f2d24600000)
   the space 1398144K,   0% used [0x00007f2279b50000, 0x00007f227a897b60, 0x00007f227a897c00, 0x00007f22cf0b0000)
 Metaspace       used 20925K, capacity 21222K, committed 21248K, reserved 22528K
}
Event: 11.254 GC heap before
{Heap before GC invocations=1 (full 1):
 def new generation   total 629248K, used 559360K [0x00007f1d24600000, 0x00007f1d4f0c0000, 0x00007f2279b50000)
  eden space 559360K, 100% used [0x00007f1d24600000, 0x00007f1d46840000, 0x00007f1d46840000)
  from space 69888K,   0% used [0x00007f1d46840000, 0x00007f1d46840000, 0x00007f1d4ac80000)
  to   space 69888K,   0% used [0x00007f1d4ac80000, 0x00007f1d4ac80000, 0x00007f1d4f0c0000)
 tenured generation   total 1398144K, used 13598K [0x00007f2279b50000, 0x00007f22cf0b0000, 0x00007f2d24600000)
   the space 1398144K,   0% used [0x00007f2279b50000, 0x00007f227a897b60, 0x00007f227a897c00, 0x00007f22cf0b0000)
 Metaspace       used 22897K, capacity 23226K, committed 23296K, reserved 24576K
}
Event: 11.263 GC heap after
{Heap after GC invocations=2 (full 1):
 def new generation   total 629248K, used 707K [0x00007f1d24600000, 0x00007f1d4f0c0000, 0x00007f2279b50000)
  eden space 559360K,   0% used [0x00007f1d24600000, 0x00007f1d24600000, 0x00007f1d46840000)
  from space 69888K,   1% used [0x00007f1d4ac80000, 0x00007f1d4ad30c98, 0x00007f1d4f0c0000)
  to   space 69888K,   0% used [0x00007f1d46840000, 0x00007f1d46840000, 0x00007f1d4ac80000)
 tenured generation   total 1398144K, used 13598K [0x00007f2279b50000, 0x00007f22cf0b0000, 0x00007f2d24600000)
   the space 1398144K,   0% used [0x00007f2279b50000, 0x00007f227a897b60, 0x00007f227a897c00, 0x00007f22cf0b0000)
 Metaspace       used 22897K, capacity 23226K, committed 23296K, reserved 24576K
}
Event: 12.591 GC heap before
{Heap before GC invocations=2 (full 1):
 def new generation   total 629248K, used 560067K [0x00007f1d24600000, 0x00007f1d4f0c0000, 0x00007f2279b50000)
  eden space 559360K, 100% used [0x00007f1d24600000, 0x00007f1d46840000, 0x00007f1d46840000)
  from space 69888K,   1% used [0x00007f1d4ac80000, 0x00007f1d4ad30c98, 0x00007f1d4f0c0000)
  to   space 69888K,   0% used [0x00007f1d46840000, 0x00007f1d46840000, 0x00007f1d4ac80000)
 tenured generation   total 1398144K, used 13598K [0x00007f2279b50000, 0x00007f22cf0b0000, 0x00007f2d24600000)
   the space 1398144K,   0% used [0x00007f2279b50000, 0x00007f227a897b60, 0x00007f227a897c00, 0x00007f22cf0b0000)
 Metaspace       used 22918K, capacity 23227K, committed 23296K, reserved 24576K
}
Event: 12.595 GC heap after
{Heap after GC invocations=3 (full 1):
 def new generation   total 629248K, used 928K [0x00007f1d24600000, 0x00007f1d4f0c0000, 0x00007f2279b50000)
  eden space 559360K,   0% used [0x00007f1d24600000, 0x00007f1d24600000, 0x00007f1d46840000)
  from space 69888K,   1% used [0x00007f1d46840000, 0x00007f1d46928270, 0x00007f1d4ac80000)
  to   space 69888K,   0% used [0x00007f1d4ac80000, 0x00007f1d4ac80000, 0x00007f1d4f0c0000)
 tenured generation   total 1398144K, used 13598K [0x00007f2279b50000, 0x00007f22cf0b0000, 0x00007f2d24600000)
   the space 1398144K,   0% used [0x00007f2279b50000, 0x00007f227a897b60, 0x00007f227a897c00, 0x00007f22cf0b0000)
 Metaspace       used 22918K, capacity 23227K, committed 23296K, reserved 24576K
}
Event: 13.479 GC heap before
{Heap before GC invocations=3 (full 1):
 def new generation   total 629248K, used 480178K [0x00007f1d24600000, 0x00007f1d4f0c0000, 0x00007f2279b50000)
  eden space 559360K,  85% used [0x00007f1d24600000, 0x00007f1d41a04590, 0x00007f1d46840000)
  from space 69888K,   1% used [0x00007f1d46840000, 0x00007f1d46928270, 0x00007f1d4ac80000)
  to   space 69888K,   0% used [0x00007f1d4ac80000, 0x00007f1d4ac80000, 0x00007f1d4f0c0000)
 tenured generation   total 1398144K, used 13598K [0x00007f2279b50000, 0x00007f22cf0b0000, 0x00007f2d24600000)
   the space 1398144K,   0% used [0x00007f2279b50000, 0x00007f227a897b60, 0x00007f227a897c00, 0x00007f22cf0b0000)
 Metaspace       used 23133K, capacity 23517K, committed 23552K, reserved 24576K
}
Event: 13.538 GC heap after
{Heap after GC invocations=4 (full 1):
 def new generation   total 629248K, used 33963K [0x00007f1d24600000, 0x00007f1d4f0c0000, 0x00007f2279b50000)
  eden space 559360K,   0% used [0x00007f1d24600000, 0x00007f1d24600000, 0x00007f1d46840000)
  from space 69888K,  48% used [0x00007f1d4ac80000, 0x00007f1d4cdaadf0, 0x00007f1d4f0c0000)
  to   space 69888K,   0% used [0x00007f1d46840000, 0x00007f1d46840000, 0x00007f1d4ac80000)
 tenured generation   total 1398144K, used 13598K [0x00007f2279b50000, 0x00007f22cf0b0000, 0x00007f2d24600000)
   the space 1398144K,   0% used [0x00007f2279b50000, 0x00007f227a897b60, 0x00007f227a897c00, 0x00007f22cf0b0000)
 Metaspace       used 23133K, capacity 23517K, committed 23552K, reserved 24576K
}
Event: 13.701 GC heap before
{Heap before GC invocations=4 (full 1):
 def new generation   total 629248K, used 178385K [0x00007f1d24600000, 0x00007f1d4f0c0000, 0x00007f2279b50000)
  eden space 559360K,  25% used [0x00007f1d24600000, 0x00007f1d2d309738, 0x00007f1d46840000)
  from space 69888K,  48% used [0x00007f1d4ac80000, 0x00007f1d4cdaadf0, 0x00007f1d4f0c0000)
  to   space 69888K,   0% used [0x00007f1d46840000, 0x00007f1d46840000, 0x00007f1d4ac80000)
 tenured generation   total 1398144K, used 13598K [0x00007f2279b50000, 0x00007f22cf0b0000, 0x00007f2d24600000)
   the space 1398144K,   0% used [0x00007f2279b50000, 0x00007f227a897b60, 0x00007f227a897c00, 0x00007f22cf0b0000)
 Metaspace       used 23134K, capacity 23517K, committed 23552K, reserved 24576K
}
Event: 13.922 GC heap after
{Heap after GC invocations=5 (full 1):
 def new generation   total 629248K, used 1195K [0x00007f1d24600000, 0x00007f1d4f0c0000, 0x00007f2279b50000)
  eden space 559360K,   0% used [0x00007f1d24600000, 0x00007f1d24600000, 0x00007f1d46840000)
  from space 69888K,   1% used [0x00007f1d46840000, 0x00007f1d4696ad30, 0x00007f1d4ac80000)
  to   space 69888K,   0% used [0x00007f1d4ac80000, 0x00007f1d4ac80000, 0x00007f1d4f0c0000)
 tenured generation   total 1398144K, used 144670K [0x00007f2279b50000, 0x00007f22cf0b0000, 0x00007f2d24600000)
   the space 1398144K,  10% used [0x00007f2279b50000, 0x00007f2282897b78, 0x00007f2282897c00, 0x00007f22cf0b0000)
 Metaspace       used 23134K, capacity 23517K, committed 23552K, reserved 24576K
}
Event: 13.922 GC heap before
{Heap before GC invocations=5 (full 1):
 def new generation   total 629248K, used 1195K [0x00007f1d24600000, 0x00007f1d4f0c0000, 0x00007f2279b50000)
  eden space 559360K,   0% used [0x00007f1d24600000, 0x00007f1d24600000, 0x00007f1d46840000)
  from space 69888K,   1% used [0x00007f1d46840000, 0x00007f1d4696ad30, 0x00007f1d4ac80000)
  to   space 69888K,   0% used [0x00007f1d4ac80000, 0x00007f1d4ac80000, 0x00007f1d4f0c0000)
 tenured generation   total 1398144K, used 144670K [0x00007f2279b50000, 0x00007f22cf0b0000, 0x00007f2d24600000)
   the space 1398144K,  10% used [0x00007f2279b50000, 0x00007f2282897b78, 0x00007f2282897c00, 0x00007f22cf0b0000)
 Metaspace       used 23134K, capacity 23517K, committed 23552K, reserved 24576K
}
Event: 13.973 GC heap after
{Heap after GC invocations=5 (full 2):
 def new generation   total 629248K, used 0K [0x00007f1d24600000, 0x00007f1d4f0c0000, 0x00007f2279b50000)
  eden space 559360K,   0% used [0x00007f1d24600000, 0x00007f1d24600000, 0x00007f1d46840000)
  from space 69888K,   0% used [0x00007f1d46840000, 0x00007f1d46840000, 0x00007f1d4ac80000)
  to   space 69888K,   0% used [0x00007f1d4ac80000, 0x00007f1d4ac80000, 0x00007f1d4f0c0000)
 tenured generation   total 1398144K, used 145862K [0x00007f2279b50000, 0x00007f22cf0b0000, 0x00007f2d24600000)
   the space 1398144K,  10% used [0x00007f2279b50000, 0x00007f22829c1970, 0x00007f22829c1a00, 0x00007f22cf0b0000)
 Metaspace       used 23134K, capacity 23517K, committed 23552K, reserved 24576K
}
Event: 18.976 GC heap before
{Heap before GC invocations=5 (full 2):
 def new generation   total 629248K, used 10986K [0x00007f1d24600000, 0x00007f1d4f0c0000, 0x00007f2279b50000)
  eden space 559360K,   1% used [0x00007f1d24600000, 0x00007f1d250ba990, 0x00007f1d46840000)
  from space 69888K,   0% used [0x00007f1d46840000, 0x00007f1d46840000, 0x00007f1d4ac80000)
  to   space 69888K,   0% used [0x00007f1d4ac80000, 0x00007f1d4ac80000, 0x00007f1d4f0c0000)
 tenured generation   total 5592452K, used 4340166K [0x00007f2279b50000, 0x00007f23cf0b1000, 0x00007f2d24600000)
   the space 5592452K,  77% used [0x00007f2279b50000, 0x00007f23829c1988, 0x00007f23829c1a00, 0x00007f23cf0b1000)
 Metaspace       used 23134K, capacity 23517K, committed 23552K, reserved 24576K
}
Event: 18.981 GC heap after
{Heap after GC invocations=6 (full 2):
 def new generation   total 629248K, used 0K [0x00007f1d24600000, 0x00007f1d4f0c0000, 0x00007f2279b50000)
  eden space 559360K,   0% used [0x00007f1d24600000, 0x00007f1d24600000, 0x00007f1d46840000)
  from space 69888K,   0% used [0x00007f1d4ac80000, 0x00007f1d4ac80308, 0x00007f1d4f0c0000)
  to   space 69888K,   0% used [0x00007f1d46840000, 0x00007f1d46840000, 0x00007f1d4ac80000)
 tenured generation   total 5592452K, used 4340166K [0x00007f2279b50000, 0x00007f23cf0b1000, 0x00007f2d24600000)
   the space 5592452K,  77% used [0x00007f2279b50000, 0x00007f23829c1988, 0x00007f23829c1a00, 0x00007f23cf0b1000)
 Metaspace       used 23134K, capacity 23517K, committed 23552K, reserved 24576K
}
Event: 18.981 GC heap before
{Heap before GC invocations=6 (full 2):
 def new generation   total 629248K, used 0K [0x00007f1d24600000, 0x00007f1d4f0c0000, 0x00007f2279b50000)
  eden space 559360K,   0% used [0x00007f1d24600000, 0x00007f1d24600000, 0x00007f1d46840000)
  from space 69888K,   0% used [0x00007f1d4ac80000, 0x00007f1d4ac80308, 0x00007f1d4f0c0000)
  to   space 69888K,   0% used [0x00007f1d46840000, 0x00007f1d46840000, 0x00007f1d4ac80000)
 tenured generation   total 5592452K, used 4340166K [0x00007f2279b50000, 0x00007f23cf0b1000, 0x00007f2d24600000)
   the space 5592452K,  77% used [0x00007f2279b50000, 0x00007f23829c1988, 0x00007f23829c1a00, 0x00007f23cf0b1000)
 Metaspace       used 23134K, capacity 23517K, committed 23552K, reserved 24576K
}
Event: 19.029 GC heap after
{Heap after GC invocations=6 (full 3):
 def new generation   total 3255168K, used 0K [0x00007f1d24600000, 0x00007f1e01210000, 0x00007f2279b50000)
  eden space 2893504K,   0% used [0x00007f1d24600000, 0x00007f1d24600000, 0x00007f1dd4fb0000)
  from space 361664K,   0% used [0x00007f1dd4fb0000, 0x00007f1dd4fb0000, 0x00007f1deb0e0000)
  to   space 361664K,   0% used [0x00007f1deb0e0000, 0x00007f1deb0e0000, 0x00007f1e01210000)
 tenured generation   total 7233612K, used 4340167K [0x00007f2279b50000, 0x00007f2433363000, 0x00007f2d24600000)
   the space 7233612K,  59% used [0x00007f2279b50000, 0x00007f23829c1c90, 0x00007f23829c1e00, 0x00007f2433363000)
 Metaspace       used 23134K, capacity 23517K, committed 23552K, reserved 24576K
}
Event: 25.640 GC heap before
{Heap before GC invocations=6 (full 3):
 def new generation   total 3255168K, used 56831K [0x00007f1d24600000, 0x00007f1e01210000, 0x00007f2279b50000)
  eden space 2893504K,   1% used [0x00007f1d24600000, 0x00007f1d27d7fcc0, 0x00007f1dd4fb0000)
  from space 361664K,   0% used [0x00007f1dd4fb0000, 0x00007f1dd4fb0000, 0x00007f1deb0e0000)
  to   space 361664K,   0% used [0x00007f1deb0e0000, 0x00007f1deb0e0000, 0x00007f1e01210000)
 tenured generation   total 11427920K, used 8534471K [0x00007f2279b50000, 0x00007f2533364000, 0x00007f2d24600000)
   the space 11427920K,  74% used [0x00007f2279b50000, 0x00007f24829c1ca8, 0x00007f24829c1e00, 0x00007f2533364000)
 Metaspace       used 23134K, capacity 23517K, committed 23552K, reserved 24576K
}
Event: 25.645 GC heap after
{Heap after GC invocations=7 (full 3):
 def new generation   total 3255168K, used 0K [0x00007f1d24600000, 0x00007f1e01210000, 0x00007f2279b50000)
  eden space 2893504K,   0% used [0x00007f1d24600000, 0x00007f1d24600000, 0x00007f1dd4fb0000)
  from space 361664K,   0% used [0x00007f1deb0e0000, 0x00007f1deb0e0120, 0x00007f1e01210000)
  to   space 361664K,   0% used [0x00007f1dd4fb0000, 0x00007f1dd4fb0000, 0x00007f1deb0e0000)
 tenured generation   total 11427920K, used 8534471K [0x00007f2279b50000, 0x00007f2533364000, 0x00007f2d24600000)
   the space 11427920K,  74% used [0x00007f2279b50000, 0x00007f24829c1ca8, 0x00007f24829c1e00, 0x00007f2533364000)
 Metaspace       used 23134K, capacity 23517K, committed 23552K, reserved 24576K
}
Event: 25.645 GC heap before
{Heap before GC invocations=7 (full 3):
 def new generation   total 3255168K, used 0K [0x00007f1d24600000, 0x00007f1e01210000, 0x00007f2279b50000)
  eden space 2893504K,   0% used [0x00007f1d24600000, 0x00007f1d24600000, 0x00007f1dd4fb0000)
  from space 361664K,   0% used [0x00007f1deb0e0000, 0x00007f1deb0e0120, 0x00007f1e01210000)
  to   space 361664K,   0% used [0x00007f1dd4fb0000, 0x00007f1dd4fb0000, 0x00007f1deb0e0000)
 tenured generation   total 11427920K, used 8534471K [0x00007f2279b50000, 0x00007f2533364000, 0x00007f2d24600000)
   the space 11427920K,  74% used [0x00007f2279b50000, 0x00007f24829c1ca8, 0x00007f24829c1e00, 0x00007f2533364000)
 Metaspace       used 23134K, capacity 23517K, committed 23552K, reserved 24576K
}

