# JRE version: OpenJDK Runtime Environment (13.0.7+5) (build 13.0.7+5-Ubuntu-0ubuntu120.04)
# Java VM: OpenJDK 64-Bit Server VM (13.0.7+5-Ubuntu-0ubuntu120.04, mixed mode, tiered, serial gc, linux-amd64)
Heap:
 def new generation   total 2916416K, used 48955K [0x00007f6bbc600000, 0x00007f6c82280000, 0x00007f7111b50000)
  eden space 2592384K,   1% used [0x00007f6bbc600000, 0x00007f6bbf5ceda0, 0x00007f6c5a9a0000)
  from space 324032K,   0% used [0x00007f6c5a9a0000, 0x00007f6c5a9a0000, 0x00007f6c6e610000)
  to   space 324032K,   0% used [0x00007f6c6e610000, 0x00007f6c6e610000, 0x00007f6c82280000)
 tenured generation   total 6480952K, used 6480933K [0x00007f7111b50000, 0x00007f729d45e000, 0x00007f7bbc600000)
   the space 6480952K,  99% used [0x00007f7111b50000, 0x00007f729d459748, 0x00007f729d459800, 0x00007f729d45e000)
 Metaspace       used 24329K, capacity 24777K, committed 24832K, reserved 26624K
GC Heap History (20 events):
Event: 3335.575 GC heap after
{Heap after GC invocations=4372 (full 4):
 def new generation   total 2916416K, used 49321K [0x00007f6bbc600000, 0x00007f6c82280000, 0x00007f7111b50000)
  eden space 2592384K,   0% used [0x00007f6bbc600000, 0x00007f6bbc600000, 0x00007f6c5a9a0000)
  from space 324032K,  15% used [0x00007f6c6e610000, 0x00007f6c7163a598, 0x00007f6c82280000)
  to   space 324032K,   0% used [0x00007f6c5a9a0000, 0x00007f6c5a9a0000, 0x00007f6c6e610000)
 tenured generation   total 6480760K, used 6450474K [0x00007f7111b50000, 0x00007f729d42e000, 0x00007f7bbc600000)
   the space 6480760K,  99% used [0x00007f7111b50000, 0x00007f729b69aa38, 0x00007f729b69ac00, 0x00007f729d42e000)
 Metaspace       used 24329K, capacity 24777K, committed 24832K, reserved 26624K
}
Event: 3337.208 GC heap before
{Heap before GC invocations=4372 (full 4):
 def new generation   total 2916416K, used 2641705K [0x00007f6bbc600000, 0x00007f6c82280000, 0x00007f7111b50000)
  eden space 2592384K, 100% used [0x00007f6bbc600000, 0x00007f6c5a9a0000, 0x00007f6c5a9a0000)
  from space 324032K,  15% used [0x00007f6c6e610000, 0x00007f6c7163a598, 0x00007f6c82280000)
  to   space 324032K,   0% used [0x00007f6c5a9a0000, 0x00007f6c5a9a0000, 0x00007f6c6e610000)
 tenured generation   total 6480760K, used 6450474K [0x00007f7111b50000, 0x00007f729d42e000, 0x00007f7bbc600000)
   the space 6480760K,  99% used [0x00007f7111b50000, 0x00007f729b69aa38, 0x00007f729b69ac00, 0x00007f729d42e000)
 Metaspace       used 24329K, capacity 24777K, committed 24832K, reserved 26624K
}
Event: 3337.278 GC heap after
{Heap after GC invocations=4373 (full 4):
 def new generation   total 2916416K, used 49389K [0x00007f6bbc600000, 0x00007f6c82280000, 0x00007f7111b50000)
  eden space 2592384K,   0% used [0x00007f6bbc600000, 0x00007f6bbc600000, 0x00007f6c5a9a0000)
  from space 324032K,  15% used [0x00007f6c5a9a0000, 0x00007f6c5d9db5e8, 0x00007f6c6e610000)
  to   space 324032K,   0% used [0x00007f6c6e610000, 0x00007f6c6e610000, 0x00007f6c82280000)
 tenured generation   total 6480760K, used 6454243K [0x00007f7111b50000, 0x00007f729d42e000, 0x00007f7bbc600000)
   the space 6480760K,  99% used [0x00007f7111b50000, 0x00007f729ba48ee0, 0x00007f729ba49000, 0x00007f729d42e000)
 Metaspace       used 24329K, capacity 24777K, committed 24832K, reserved 26624K
}
Event: 3338.773 GC heap before
{Heap before GC invocations=4373 (full 4):
 def new generation   total 2916416K, used 2641773K [0x00007f6bbc600000, 0x00007f6c82280000, 0x00007f7111b50000)
  eden space 2592384K, 100% used [0x00007f6bbc600000, 0x00007f6c5a9a0000, 0x00007f6c5a9a0000)
  from space 324032K,  15% used [0x00007f6c5a9a0000, 0x00007f6c5d9db5e8, 0x00007f6c6e610000)
  to   space 324032K,   0% used [0x00007f6c6e610000, 0x00007f6c6e610000, 0x00007f6c82280000)
 tenured generation   total 6480760K, used 6454243K [0x00007f7111b50000, 0x00007f729d42e000, 0x00007f7bbc600000)
   the space 6480760K,  99% used [0x00007f7111b50000, 0x00007f729ba48ee0, 0x00007f729ba49000, 0x00007f729d42e000)
 Metaspace       used 24329K, capacity 24777K, committed 24832K, reserved 26624K
}
Event: 3338.844 GC heap after
{Heap after GC invocations=4374 (full 4):
 def new generation   total 2916416K, used 49366K [0x00007f6bbc600000, 0x00007f6c82280000, 0x00007f7111b50000)
  eden space 2592384K,   0% used [0x00007f6bbc600000, 0x00007f6bbc600000, 0x00007f6c5a9a0000)
  from space 324032K,  15% used [0x00007f6c6e610000, 0x00007f6c716458b8, 0x00007f6c82280000)
  to   space 324032K,   0% used [0x00007f6c5a9a0000, 0x00007f6c5a9a0000, 0x00007f6c6e610000)
 tenured generation   total 6480760K, used 6458017K [0x00007f7111b50000, 0x00007f729d42e000, 0x00007f7bbc600000)
   the space 6480760K,  99% used [0x00007f7111b50000, 0x00007f729bdf84c8, 0x00007f729bdf8600, 0x00007f729d42e000)
 Metaspace       used 24329K, capacity 24777K, committed 24832K, reserved 26624K
}
Event: 3340.270 GC heap before
{Heap before GC invocations=4374 (full 4):
 def new generation   total 2916416K, used 2641750K [0x00007f6bbc600000, 0x00007f6c82280000, 0x00007f7111b50000)
  eden space 2592384K, 100% used [0x00007f6bbc600000, 0x00007f6c5a9a0000, 0x00007f6c5a9a0000)
  from space 324032K,  15% used [0x00007f6c6e610000, 0x00007f6c716458b8, 0x00007f6c82280000)
  to   space 324032K,   0% used [0x00007f6c5a9a0000, 0x00007f6c5a9a0000, 0x00007f6c6e610000)
 tenured generation   total 6480760K, used 6458017K [0x00007f7111b50000, 0x00007f729d42e000, 0x00007f7bbc600000)
   the space 6480760K,  99% used [0x00007f7111b50000, 0x00007f729bdf84c8, 0x00007f729bdf8600, 0x00007f729d42e000)
 Metaspace       used 24329K, capacity 24777K, committed 24832K, reserved 26624K
}
Event: 3340.342 GC heap after
{Heap after GC invocations=4375 (full 4):
 def new generation   total 2916416K, used 48522K [0x00007f6bbc600000, 0x00007f6c82280000, 0x00007f7111b50000)
  eden space 2592384K,   0% used [0x00007f6bbc600000, 0x00007f6bbc600000, 0x00007f6c5a9a0000)
  from space 324032K,  14% used [0x00007f6c5a9a0000, 0x00007f6c5d902828, 0x00007f6c6e610000)
  to   space 324032K,   0% used [0x00007f6c6e610000, 0x00007f6c6e610000, 0x00007f6c82280000)
 tenured generation   total 6480760K, used 6461786K [0x00007f7111b50000, 0x00007f729d42e000, 0x00007f7bbc600000)
   the space 6480760K,  99% used [0x00007f7111b50000, 0x00007f729c1a6970, 0x00007f729c1a6a00, 0x00007f729d42e000)
 Metaspace       used 24329K, capacity 24777K, committed 24832K, reserved 26624K
}
Event: 3341.873 GC heap before
{Heap before GC invocations=4375 (full 4):
 def new generation   total 2916416K, used 2640906K [0x00007f6bbc600000, 0x00007f6c82280000, 0x00007f7111b50000)
  eden space 2592384K, 100% used [0x00007f6bbc600000, 0x00007f6c5a9a0000, 0x00007f6c5a9a0000)
  from space 324032K,  14% used [0x00007f6c5a9a0000, 0x00007f6c5d902828, 0x00007f6c6e610000)
  to   space 324032K,   0% used [0x00007f6c6e610000, 0x00007f6c6e610000, 0x00007f6c82280000)
 tenured generation   total 6480760K, used 6461786K [0x00007f7111b50000, 0x00007f729d42e000, 0x00007f7bbc600000)
   the space 6480760K,  99% used [0x00007f7111b50000, 0x00007f729c1a6970, 0x00007f729c1a6a00, 0x00007f729d42e000)
 Metaspace       used 24329K, capacity 24777K, committed 24832K, reserved 26624K
}
Event: 3341.934 GC heap after
{Heap after GC invocations=4376 (full 4):
 def new generation   total 2916416K, used 48592K [0x00007f6bbc600000, 0x00007f6c82280000, 0x00007f7111b50000)
  eden space 2592384K,   0% used [0x00007f6bbc600000, 0x00007f6bbc600000, 0x00007f6c5a9a0000)
  from space 324032K,  14% used [0x00007f6c6e610000, 0x00007f6c71584120, 0x00007f6c82280000)
  to   space 324032K,   0% used [0x00007f6c5a9a0000, 0x00007f6c5a9a0000, 0x00007f6c6e610000)
 tenured generation   total 6480760K, used 6463185K [0x00007f7111b50000, 0x00007f729d42e000, 0x00007f7bbc600000)
   the space 6480760K,  99% used [0x00007f7111b50000, 0x00007f729c3047b8, 0x00007f729c304800, 0x00007f729d42e000)
 Metaspace       used 24329K, capacity 24777K, committed 24832K, reserved 26624K
}
Event: 3343.487 GC heap before
{Heap before GC invocations=4376 (full 4):
 def new generation   total 2916416K, used 2640976K [0x00007f6bbc600000, 0x00007f6c82280000, 0x00007f7111b50000)
  eden space 2592384K, 100% used [0x00007f6bbc600000, 0x00007f6c5a9a0000, 0x00007f6c5a9a0000)
  from space 324032K,  14% used [0x00007f6c6e610000, 0x00007f6c71584120, 0x00007f6c82280000)
  to   space 324032K,   0% used [0x00007f6c5a9a0000, 0x00007f6c5a9a0000, 0x00007f6c6e610000)
 tenured generation   total 6480760K, used 6463185K [0x00007f7111b50000, 0x00007f729d42e000, 0x00007f7bbc600000)
   the space 6480760K,  99% used [0x00007f7111b50000, 0x00007f729c3047b8, 0x00007f729c304800, 0x00007f729d42e000)
 Metaspace       used 24329K, capacity 24777K, committed 24832K, reserved 26624K
}
Event: 3343.546 GC heap after
{Heap after GC invocations=4377 (full 4):
 def new generation   total 2916416K, used 49077K [0x00007f6bbc600000, 0x00007f6c82280000, 0x00007f7111b50000)
  eden space 2592384K,   0% used [0x00007f6bbc600000, 0x00007f6bbc600000, 0x00007f6c5a9a0000)
  from space 324032K,  15% used [0x00007f6c5a9a0000, 0x00007f6c5d98d528, 0x00007f6c6e610000)
  to   space 324032K,   0% used [0x00007f6c6e610000, 0x00007f6c6e610000, 0x00007f6c82280000)
 tenured generation   total 6480760K, used 6465676K [0x00007f7111b50000, 0x00007f729d42e000, 0x00007f7bbc600000)
   the space 6480760K,  99% used [0x00007f7111b50000, 0x00007f729c5732f8, 0x00007f729c573400, 0x00007f729d42e000)
 Metaspace       used 24329K, capacity 24777K, committed 24832K, reserved 26624K
}
Event: 3345.045 GC heap before
{Heap before GC invocations=4377 (full 4):
 def new generation   total 2916416K, used 2641461K [0x00007f6bbc600000, 0x00007f6c82280000, 0x00007f7111b50000)
  eden space 2592384K, 100% used [0x00007f6bbc600000, 0x00007f6c5a9a0000, 0x00007f6c5a9a0000)
  from space 324032K,  15% used [0x00007f6c5a9a0000, 0x00007f6c5d98d528, 0x00007f6c6e610000)
  to   space 324032K,   0% used [0x00007f6c6e610000, 0x00007f6c6e610000, 0x00007f6c82280000)
 tenured generation   total 6480760K, used 6465676K [0x00007f7111b50000, 0x00007f729d42e000, 0x00007f7bbc600000)
   the space 6480760K,  99% used [0x00007f7111b50000, 0x00007f729c5732f8, 0x00007f729c573400, 0x00007f729d42e000)
 Metaspace       used 24329K, capacity 24777K, committed 24832K, reserved 26624K
}
Event: 3345.098 GC heap after
{Heap after GC invocations=4378 (full 4):
 def new generation   total 2916416K, used 48989K [0x00007f6bbc600000, 0x00007f6c82280000, 0x00007f7111b50000)
  eden space 2592384K,   0% used [0x00007f6bbc600000, 0x00007f6bbc600000, 0x00007f6c5a9a0000)
  from space 324032K,  15% used [0x00007f6c6e610000, 0x00007f6c715e75a0, 0x00007f6c82280000)
  to   space 324032K,   0% used [0x00007f6c5a9a0000, 0x00007f6c5a9a0000, 0x00007f6c6e610000)
 tenured generation   total 6480760K, used 6469493K [0x00007f7111b50000, 0x00007f729d42e000, 0x00007f7bbc600000)
   the space 6480760K,  99% used [0x00007f7111b50000, 0x00007f729c92d5e8, 0x00007f729c92d600, 0x00007f729d42e000)
 Metaspace       used 24329K, capacity 24777K, committed 24832K, reserved 26624K
}
Event: 3346.531 GC heap before
{Heap before GC invocations=4378 (full 4):
 def new generation   total 2916416K, used 2641373K [0x00007f6bbc600000, 0x00007f6c82280000, 0x00007f7111b50000)
  eden space 2592384K,  99% used [0x00007f6bbc600000, 0x00007f6c5a99ffe8, 0x00007f6c5a9a0000)
  from space 324032K,  15% used [0x00007f6c6e610000, 0x00007f6c715e75a0, 0x00007f6c82280000)
  to   space 324032K,   0% used [0x00007f6c5a9a0000, 0x00007f6c5a9a0000, 0x00007f6c6e610000)
 tenured generation   total 6480760K, used 6469493K [0x00007f7111b50000, 0x00007f729d42e000, 0x00007f7bbc600000)
   the space 6480760K,  99% used [0x00007f7111b50000, 0x00007f729c92d5e8, 0x00007f729c92d600, 0x00007f729d42e000)
 Metaspace       used 24329K, capacity 24777K, committed 24832K, reserved 26624K
}
Event: 3346.589 GC heap after
{Heap after GC invocations=4379 (full 4):
 def new generation   total 2916416K, used 48990K [0x00007f6bbc600000, 0x00007f6c82280000, 0x00007f7111b50000)
  eden space 2592384K,   0% used [0x00007f6bbc600000, 0x00007f6bbc600000, 0x00007f6c5a9a0000)
  from space 324032K,  15% used [0x00007f6c5a9a0000, 0x00007f6c5d9778c0, 0x00007f6c6e610000)
  to   space 324032K,   0% used [0x00007f6c6e610000, 0x00007f6c6e610000, 0x00007f6c82280000)
 tenured generation   total 6480760K, used 6473262K [0x00007f7111b50000, 0x00007f729d42e000, 0x00007f7bbc600000)
   the space 6480760K,  99% used [0x00007f7111b50000, 0x00007f729ccdbb20, 0x00007f729ccdbc00, 0x00007f729d42e000)
 Metaspace       used 24329K, capacity 24777K, committed 24832K, reserved 26624K
}
Event: 3348.125 GC heap before
{Heap before GC invocations=4379 (full 4):
 def new generation   total 2916416K, used 2641374K [0x00007f6bbc600000, 0x00007f6c82280000, 0x00007f7111b50000)
  eden space 2592384K, 100% used [0x00007f6bbc600000, 0x00007f6c5a9a0000, 0x00007f6c5a9a0000)
  from space 324032K,  15% used [0x00007f6c5a9a0000, 0x00007f6c5d9778c0, 0x00007f6c6e610000)
  to   space 324032K,   0% used [0x00007f6c6e610000, 0x00007f6c6e610000, 0x00007f6c82280000)
 tenured generation   total 6480760K, used 6473262K [0x00007f7111b50000, 0x00007f729d42e000, 0x00007f7bbc600000)
   the space 6480760K,  99% used [0x00007f7111b50000, 0x00007f729ccdbb20, 0x00007f729ccdbc00, 0x00007f729d42e000)
 Metaspace       used 24329K, capacity 24777K, committed 24832K, reserved 26624K
}
Event: 3348.184 GC heap after
{Heap after GC invocations=4380 (full 4):
 def new generation   total 2916416K, used 48990K [0x00007f6bbc600000, 0x00007f6c82280000, 0x00007f7111b50000)
  eden space 2592384K,   0% used [0x00007f6bbc600000, 0x00007f6bbc600000, 0x00007f6c5a9a0000)
  from space 324032K,  15% used [0x00007f6c6e610000, 0x00007f6c715e78f0, 0x00007f6c82280000)
  to   space 324032K,   0% used [0x00007f6c5a9a0000, 0x00007f6c5a9a0000, 0x00007f6c6e610000)
 tenured generation   total 6480760K, used 6477031K [0x00007f7111b50000, 0x00007f729d42e000, 0x00007f7bbc600000)
   the space 6480760K,  99% used [0x00007f7111b50000, 0x00007f729d089fc8, 0x00007f729d08a000, 0x00007f729d42e000)
 Metaspace       used 24329K, capacity 24777K, committed 24832K, reserved 26624K
}
Event: 3349.686 GC heap before
{Heap before GC invocations=4380 (full 4):
 def new generation   total 2916416K, used 2641374K [0x00007f6bbc600000, 0x00007f6c82280000, 0x00007f7111b50000)
  eden space 2592384K, 100% used [0x00007f6bbc600000, 0x00007f6c5a9a0000, 0x00007f6c5a9a0000)
  from space 324032K,  15% used [0x00007f6c6e610000, 0x00007f6c715e78f0, 0x00007f6c82280000)
  to   space 324032K,   0% used [0x00007f6c5a9a0000, 0x00007f6c5a9a0000, 0x00007f6c6e610000)
 tenured generation   total 6480760K, used 6477031K [0x00007f7111b50000, 0x00007f729d42e000, 0x00007f7bbc600000)
   the space 6480760K,  99% used [0x00007f7111b50000, 0x00007f729d089fc8, 0x00007f729d08a000, 0x00007f729d42e000)
 Metaspace       used 24329K, capacity 24777K, committed 24832K, reserved 26624K
}
Event: 3349.744 GC heap after
{Heap after GC invocations=4381 (full 4):
 def new generation   total 2916416K, used 49083K [0x00007f6bbc600000, 0x00007f6c82280000, 0x00007f7111b50000)
  eden space 2592384K,   0% used [0x00007f6bbc600000, 0x00007f6bbc600000, 0x00007f6c5a9a0000)
  from space 324032K,  15% used [0x00007f6c5a9a0000, 0x00007f6c5d98ef38, 0x00007f6c6e610000)
  to   space 324032K,   0% used [0x00007f6c6e610000, 0x00007f6c6e610000, 0x00007f6c82280000)
 tenured generation   total 6480952K, used 6480805K [0x00007f7111b50000, 0x00007f729d45e000, 0x00007f7bbc600000)
   the space 6480952K,  99% used [0x00007f7111b50000, 0x00007f729d4395b0, 0x00007f729d439600, 0x00007f729d45e000)
 Metaspace       used 24329K, capacity 24777K, committed 24832K, reserved 26624K
}
Event: 3349.744 GC heap before
{Heap before GC invocations=4381 (full 4):
 def new generation   total 2916416K, used 49083K [0x00007f6bbc600000, 0x00007f6c82280000, 0x00007f7111b50000)
  eden space 2592384K,   0% used [0x00007f6bbc600000, 0x00007f6bbc600000, 0x00007f6c5a9a0000)
  from space 324032K,  15% used [0x00007f6c5a9a0000, 0x00007f6c5d98ef38, 0x00007f6c6e610000)
  to   space 324032K,   0% used [0x00007f6c6e610000, 0x00007f6c6e610000, 0x00007f6c82280000)
 tenured generation   total 6480952K, used 6480805K [0x00007f7111b50000, 0x00007f729d45e000, 0x00007f7bbc600000)
   the space 6480952K,  99% used [0x00007f7111b50000, 0x00007f729d4395b0, 0x00007f729d439600, 0x00007f729d45e000)
 Metaspace       used 24329K, capacity 24777K, committed 24832K, reserved 26624K
}

