# JRE version: OpenJDK Runtime Environment (13.0.7+5) (build 13.0.7+5-Ubuntu-0ubuntu120.04)
# Java VM: OpenJDK 64-Bit Server VM (13.0.7+5-Ubuntu-0ubuntu120.04, mixed mode, tiered, serial gc, linux-amd64)
Heap:
 def new generation   total 2908544K, used 18339K [0x00007fbb30600000, 0x00007fbbf59f0000, 0x00007fc085b50000)
  eden space 2585408K,   0% used [0x00007fbb30600000, 0x00007fbb317e8d10, 0x00007fbbce2d0000)
  from space 323136K,   0% used [0x00007fbbe1e60000, 0x00007fbbe1e60000, 0x00007fbbf59f0000)
  to   space 323136K,   0% used [0x00007fbbce2d0000, 0x00007fbbce2d0000, 0x00007fbbe1e60000)
 tenured generation   total 6464024K, used 6464023K [0x00007fc085b50000, 0x00007fc2103d6000, 0x00007fcb30600000)
   the space 6464024K,  99% used [0x00007fc085b50000, 0x00007fc2103d5fe8, 0x00007fc2103d6000, 0x00007fc2103d6000)
 Metaspace       used 24334K, capacity 24715K, committed 24832K, reserved 26624K
GC Heap History (20 events):
Event: 12685.949 GC heap after
{Heap after GC invocations=11740 (full 4):
 def new generation   total 2908544K, used 18325K [0x00007fbb30600000, 0x00007fbbf59f0000, 0x00007fc085b50000)
  eden space 2585408K,   0% used [0x00007fbb30600000, 0x00007fbb30600000, 0x00007fbbce2d0000)
  from space 323136K,   5% used [0x00007fbbce2d0000, 0x00007fbbcf4b54e0, 0x00007fbbe1e60000)
  to   space 323136K,   0% used [0x00007fbbe1e60000, 0x00007fbbe1e60000, 0x00007fbbf59f0000)
 tenured generation   total 6463256K, used 6453146K [0x00007fc085b50000, 0x00007fc210316000, 0x00007fcb30600000)
   the space 6463256K,  99% used [0x00007fc085b50000, 0x00007fc20f936818, 0x00007fc20f936a00, 0x00007fc210316000)
 Metaspace       used 24334K, capacity 24715K, committed 24832K, reserved 26624K
}
Event: 12688.327 GC heap before
{Heap before GC invocations=11740 (full 4):
 def new generation   total 2908544K, used 2603733K [0x00007fbb30600000, 0x00007fbbf59f0000, 0x00007fc085b50000)
  eden space 2585408K, 100% used [0x00007fbb30600000, 0x00007fbbce2d0000, 0x00007fbbce2d0000)
  from space 323136K,   5% used [0x00007fbbce2d0000, 0x00007fbbcf4b54e0, 0x00007fbbe1e60000)
  to   space 323136K,   0% used [0x00007fbbe1e60000, 0x00007fbbe1e60000, 0x00007fbbf59f0000)
 tenured generation   total 6463256K, used 6453146K [0x00007fc085b50000, 0x00007fc210316000, 0x00007fcb30600000)
   the space 6463256K,  99% used [0x00007fc085b50000, 0x00007fc20f936818, 0x00007fc20f936a00, 0x00007fc210316000)
 Metaspace       used 24334K, capacity 24715K, committed 24832K, reserved 26624K
}
Event: 12688.375 GC heap after
{Heap after GC invocations=11741 (full 4):
 def new generation   total 2908544K, used 18447K [0x00007fbb30600000, 0x00007fbbf59f0000, 0x00007fc085b50000)
  eden space 2585408K,   0% used [0x00007fbb30600000, 0x00007fbb30600000, 0x00007fbbce2d0000)
  from space 323136K,   5% used [0x00007fbbe1e60000, 0x00007fbbe3063e30, 0x00007fbbf59f0000)
  to   space 323136K,   0% used [0x00007fbbce2d0000, 0x00007fbbce2d0000, 0x00007fbbe1e60000)
 tenured generation   total 6463256K, used 6454287K [0x00007fc085b50000, 0x00007fc210316000, 0x00007fcb30600000)
   the space 6463256K,  99% used [0x00007fc085b50000, 0x00007fc20fa53dd0, 0x00007fc20fa53e00, 0x00007fc210316000)
 Metaspace       used 24334K, capacity 24715K, committed 24832K, reserved 26624K
}
Event: 12690.724 GC heap before
{Heap before GC invocations=11741 (full 4):
 def new generation   total 2908544K, used 2603855K [0x00007fbb30600000, 0x00007fbbf59f0000, 0x00007fc085b50000)
  eden space 2585408K, 100% used [0x00007fbb30600000, 0x00007fbbce2d0000, 0x00007fbbce2d0000)
  from space 323136K,   5% used [0x00007fbbe1e60000, 0x00007fbbe3063e30, 0x00007fbbf59f0000)
  to   space 323136K,   0% used [0x00007fbbce2d0000, 0x00007fbbce2d0000, 0x00007fbbe1e60000)
 tenured generation   total 6463256K, used 6454287K [0x00007fc085b50000, 0x00007fc210316000, 0x00007fcb30600000)
   the space 6463256K,  99% used [0x00007fc085b50000, 0x00007fc20fa53dd0, 0x00007fc20fa53e00, 0x00007fc210316000)
 Metaspace       used 24334K, capacity 24715K, committed 24832K, reserved 26624K
}
Event: 12690.768 GC heap after
{Heap after GC invocations=11742 (full 4):
 def new generation   total 2908544K, used 18163K [0x00007fbb30600000, 0x00007fbbf59f0000, 0x00007fc085b50000)
  eden space 2585408K,   0% used [0x00007fbb30600000, 0x00007fbb30600000, 0x00007fbbce2d0000)
  from space 323136K,   5% used [0x00007fbbce2d0000, 0x00007fbbcf48ccd0, 0x00007fbbe1e60000)
  to   space 323136K,   0% used [0x00007fbbe1e60000, 0x00007fbbe1e60000, 0x00007fbbf59f0000)
 tenured generation   total 6463256K, used 6455525K [0x00007fc085b50000, 0x00007fc210316000, 0x00007fcb30600000)
   the space 6463256K,  99% used [0x00007fc085b50000, 0x00007fc20fb895d0, 0x00007fc20fb89600, 0x00007fc210316000)
 Metaspace       used 24334K, capacity 24715K, committed 24832K, reserved 26624K
}
Event: 12693.147 GC heap before
{Heap before GC invocations=11742 (full 4):
 def new generation   total 2908544K, used 2603571K [0x00007fbb30600000, 0x00007fbbf59f0000, 0x00007fc085b50000)
  eden space 2585408K, 100% used [0x00007fbb30600000, 0x00007fbbce2d0000, 0x00007fbbce2d0000)
  from space 323136K,   5% used [0x00007fbbce2d0000, 0x00007fbbcf48ccd0, 0x00007fbbe1e60000)
  to   space 323136K,   0% used [0x00007fbbe1e60000, 0x00007fbbe1e60000, 0x00007fbbf59f0000)
 tenured generation   total 6463256K, used 6455525K [0x00007fc085b50000, 0x00007fc210316000, 0x00007fcb30600000)
   the space 6463256K,  99% used [0x00007fc085b50000, 0x00007fc20fb895d0, 0x00007fc20fb89600, 0x00007fc210316000)
 Metaspace       used 24334K, capacity 24715K, committed 24832K, reserved 26624K
}
Event: 12693.192 GC heap after
{Heap after GC invocations=11743 (full 4):
 def new generation   total 2908544K, used 18092K [0x00007fbb30600000, 0x00007fbbf59f0000, 0x00007fc085b50000)
  eden space 2585408K,   0% used [0x00007fbb30600000, 0x00007fbb30600000, 0x00007fbbce2d0000)
  from space 323136K,   5% used [0x00007fbbe1e60000, 0x00007fbbe300b2f8, 0x00007fbbf59f0000)
  to   space 323136K,   0% used [0x00007fbbce2d0000, 0x00007fbbce2d0000, 0x00007fbbe1e60000)
 tenured generation   total 6463256K, used 6456782K [0x00007fc085b50000, 0x00007fc210316000, 0x00007fcb30600000)
   the space 6463256K,  99% used [0x00007fc085b50000, 0x00007fc20fcc3a48, 0x00007fc20fcc3c00, 0x00007fc210316000)
 Metaspace       used 24334K, capacity 24715K, committed 24832K, reserved 26624K
}
Event: 12695.512 GC heap before
{Heap before GC invocations=11743 (full 4):
 def new generation   total 2908544K, used 2603500K [0x00007fbb30600000, 0x00007fbbf59f0000, 0x00007fc085b50000)
  eden space 2585408K, 100% used [0x00007fbb30600000, 0x00007fbbce2d0000, 0x00007fbbce2d0000)
  from space 323136K,   5% used [0x00007fbbe1e60000, 0x00007fbbe300b2f8, 0x00007fbbf59f0000)
  to   space 323136K,   0% used [0x00007fbbce2d0000, 0x00007fbbce2d0000, 0x00007fbbe1e60000)
 tenured generation   total 6463256K, used 6456782K [0x00007fc085b50000, 0x00007fc210316000, 0x00007fcb30600000)
   the space 6463256K,  99% used [0x00007fc085b50000, 0x00007fc20fcc3a48, 0x00007fc20fcc3c00, 0x00007fc210316000)
 Metaspace       used 24334K, capacity 24715K, committed 24832K, reserved 26624K
}
Event: 12695.562 GC heap after
{Heap after GC invocations=11744 (full 4):
 def new generation   total 2908544K, used 18116K [0x00007fbb30600000, 0x00007fbbf59f0000, 0x00007fc085b50000)
  eden space 2585408K,   0% used [0x00007fbb30600000, 0x00007fbb30600000, 0x00007fbbce2d0000)
  from space 323136K,   5% used [0x00007fbbce2d0000, 0x00007fbbcf4813f8, 0x00007fbbe1e60000)
  to   space 323136K,   0% used [0x00007fbbe1e60000, 0x00007fbbe1e60000, 0x00007fbbf59f0000)
 tenured generation   total 6463256K, used 6458020K [0x00007fc085b50000, 0x00007fc210316000, 0x00007fcb30600000)
   the space 6463256K,  99% used [0x00007fc085b50000, 0x00007fc20fdf9248, 0x00007fc20fdf9400, 0x00007fc210316000)
 Metaspace       used 24334K, capacity 24715K, committed 24832K, reserved 26624K
}
Event: 12697.905 GC heap before
{Heap before GC invocations=11744 (full 4):
 def new generation   total 2908544K, used 2603524K [0x00007fbb30600000, 0x00007fbbf59f0000, 0x00007fc085b50000)
  eden space 2585408K, 100% used [0x00007fbb30600000, 0x00007fbbce2d0000, 0x00007fbbce2d0000)
  from space 323136K,   5% used [0x00007fbbce2d0000, 0x00007fbbcf4813f8, 0x00007fbbe1e60000)
  to   space 323136K,   0% used [0x00007fbbe1e60000, 0x00007fbbe1e60000, 0x00007fbbf59f0000)
 tenured generation   total 6463256K, used 6458020K [0x00007fc085b50000, 0x00007fc210316000, 0x00007fcb30600000)
   the space 6463256K,  99% used [0x00007fc085b50000, 0x00007fc20fdf9248, 0x00007fc20fdf9400, 0x00007fc210316000)
 Metaspace       used 24334K, capacity 24715K, committed 24832K, reserved 26624K
}
Event: 12697.957 GC heap after
{Heap after GC invocations=11745 (full 4):
 def new generation   total 2908544K, used 18093K [0x00007fbb30600000, 0x00007fbbf59f0000, 0x00007fc085b50000)
  eden space 2585408K,   0% used [0x00007fbb30600000, 0x00007fbb30600000, 0x00007fbbce2d0000)
  from space 323136K,   5% used [0x00007fbbe1e60000, 0x00007fbbe300b638, 0x00007fbbf59f0000)
  to   space 323136K,   0% used [0x00007fbbce2d0000, 0x00007fbbce2d0000, 0x00007fbbe1e60000)
 tenured generation   total 6463256K, used 6459277K [0x00007fc085b50000, 0x00007fc210316000, 0x00007fcb30600000)
   the space 6463256K,  99% used [0x00007fc085b50000, 0x00007fc20ff336c0, 0x00007fc20ff33800, 0x00007fc210316000)
 Metaspace       used 24334K, capacity 24715K, committed 24832K, reserved 26624K
}
Event: 12700.321 GC heap before
{Heap before GC invocations=11745 (full 4):
 def new generation   total 2908544K, used 2603501K [0x00007fbb30600000, 0x00007fbbf59f0000, 0x00007fc085b50000)
  eden space 2585408K, 100% used [0x00007fbb30600000, 0x00007fbbce2d0000, 0x00007fbbce2d0000)
  from space 323136K,   5% used [0x00007fbbe1e60000, 0x00007fbbe300b638, 0x00007fbbf59f0000)
  to   space 323136K,   0% used [0x00007fbbce2d0000, 0x00007fbbce2d0000, 0x00007fbbe1e60000)
 tenured generation   total 6463256K, used 6459277K [0x00007fc085b50000, 0x00007fc210316000, 0x00007fcb30600000)
   the space 6463256K,  99% used [0x00007fc085b50000, 0x00007fc20ff336c0, 0x00007fc20ff33800, 0x00007fc210316000)
 Metaspace       used 24334K, capacity 24715K, committed 24832K, reserved 26624K
}
Event: 12700.369 GC heap after
{Heap after GC invocations=11746 (full 4):
 def new generation   total 2908544K, used 18114K [0x00007fbb30600000, 0x00007fbbf59f0000, 0x00007fc085b50000)
  eden space 2585408K,   0% used [0x00007fbb30600000, 0x00007fbb30600000, 0x00007fbbce2d0000)
  from space 323136K,   5% used [0x00007fbbce2d0000, 0x00007fbbcf480b38, 0x00007fbbe1e60000)
  to   space 323136K,   0% used [0x00007fbbe1e60000, 0x00007fbbe1e60000, 0x00007fbbf59f0000)
 tenured generation   total 6463256K, used 6460520K [0x00007fc085b50000, 0x00007fc210316000, 0x00007fcb30600000)
   the space 6463256K,  99% used [0x00007fc085b50000, 0x00007fc21006a000, 0x00007fc21006a000, 0x00007fc210316000)
 Metaspace       used 24334K, capacity 24715K, committed 24832K, reserved 26624K
}
Event: 12702.788 GC heap before
{Heap before GC invocations=11746 (full 4):
 def new generation   total 2908544K, used 2603522K [0x00007fbb30600000, 0x00007fbbf59f0000, 0x00007fc085b50000)
  eden space 2585408K, 100% used [0x00007fbb30600000, 0x00007fbbce2d0000, 0x00007fbbce2d0000)
  from space 323136K,   5% used [0x00007fbbce2d0000, 0x00007fbbcf480b38, 0x00007fbbe1e60000)
  to   space 323136K,   0% used [0x00007fbbe1e60000, 0x00007fbbe1e60000, 0x00007fbbf59f0000)
 tenured generation   total 6463256K, used 6460520K [0x00007fc085b50000, 0x00007fc210316000, 0x00007fcb30600000)
   the space 6463256K,  99% used [0x00007fc085b50000, 0x00007fc21006a000, 0x00007fc21006a000, 0x00007fc210316000)
 Metaspace       used 24334K, capacity 24715K, committed 24832K, reserved 26624K
}
Event: 12702.836 GC heap after
{Heap after GC invocations=11747 (full 4):
 def new generation   total 2908544K, used 18109K [0x00007fbb30600000, 0x00007fbbf59f0000, 0x00007fc085b50000)
  eden space 2585408K,   0% used [0x00007fbb30600000, 0x00007fbb30600000, 0x00007fbbce2d0000)
  from space 323136K,   5% used [0x00007fbbe1e60000, 0x00007fbbe300f6f0, 0x00007fbbf59f0000)
  to   space 323136K,   0% used [0x00007fbbce2d0000, 0x00007fbbce2d0000, 0x00007fbbe1e60000)
 tenured generation   total 6463256K, used 6461757K [0x00007fc085b50000, 0x00007fc210316000, 0x00007fcb30600000)
   the space 6463256K,  99% used [0x00007fc085b50000, 0x00007fc21019f650, 0x00007fc21019f800, 0x00007fc210316000)
 Metaspace       used 24334K, capacity 24715K, committed 24832K, reserved 26624K
}
Event: 12705.185 GC heap before
{Heap before GC invocations=11747 (full 4):
 def new generation   total 2908544K, used 2603517K [0x00007fbb30600000, 0x00007fbbf59f0000, 0x00007fc085b50000)
  eden space 2585408K, 100% used [0x00007fbb30600000, 0x00007fbbce2d0000, 0x00007fbbce2d0000)
  from space 323136K,   5% used [0x00007fbbe1e60000, 0x00007fbbe300f6f0, 0x00007fbbf59f0000)
  to   space 323136K,   0% used [0x00007fbbce2d0000, 0x00007fbbce2d0000, 0x00007fbbe1e60000)
 tenured generation   total 6463256K, used 6461757K [0x00007fc085b50000, 0x00007fc210316000, 0x00007fcb30600000)
   the space 6463256K,  99% used [0x00007fc085b50000, 0x00007fc21019f650, 0x00007fc21019f800, 0x00007fc210316000)
 Metaspace       used 24334K, capacity 24715K, committed 24832K, reserved 26624K
}
Event: 12705.227 GC heap after
{Heap after GC invocations=11748 (full 4):
 def new generation   total 2908544K, used 18255K [0x00007fbb30600000, 0x00007fbbf59f0000, 0x00007fc085b50000)
  eden space 2585408K,   0% used [0x00007fbb30600000, 0x00007fbb30600000, 0x00007fbbce2d0000)
  from space 323136K,   5% used [0x00007fbbce2d0000, 0x00007fbbcf4a3d38, 0x00007fbbe1e60000)
  to   space 323136K,   0% used [0x00007fbbe1e60000, 0x00007fbbe1e60000, 0x00007fbbf59f0000)
 tenured generation   total 6463256K, used 6462877K [0x00007fc085b50000, 0x00007fc210316000, 0x00007fcb30600000)
   the space 6463256K,  99% used [0x00007fc085b50000, 0x00007fc2102b7738, 0x00007fc2102b7800, 0x00007fc210316000)
 Metaspace       used 24334K, capacity 24715K, committed 24832K, reserved 26624K
}
Event: 12707.598 GC heap before
{Heap before GC invocations=11748 (full 4):
 def new generation   total 2908544K, used 2603663K [0x00007fbb30600000, 0x00007fbbf59f0000, 0x00007fc085b50000)
  eden space 2585408K, 100% used [0x00007fbb30600000, 0x00007fbbce2d0000, 0x00007fbbce2d0000)
  from space 323136K,   5% used [0x00007fbbce2d0000, 0x00007fbbcf4a3d38, 0x00007fbbe1e60000)
  to   space 323136K,   0% used [0x00007fbbe1e60000, 0x00007fbbe1e60000, 0x00007fbbf59f0000)
 tenured generation   total 6463256K, used 6462877K [0x00007fc085b50000, 0x00007fc210316000, 0x00007fcb30600000)
   the space 6463256K,  99% used [0x00007fc085b50000, 0x00007fc2102b7738, 0x00007fc2102b7800, 0x00007fc210316000)
 Metaspace       used 24334K, capacity 24715K, committed 24832K, reserved 26624K
}
Event: 12707.643 GC heap after
{Heap after GC invocations=11749 (full 4):
 def new generation   total 2908544K, used 18420K [0x00007fbb30600000, 0x00007fbbf59f0000, 0x00007fc085b50000)
  eden space 2585408K,   0% used [0x00007fbb30600000, 0x00007fbb30600000, 0x00007fbbce2d0000)
  from space 323136K,   5% used [0x00007fbbe1e60000, 0x00007fbbe305d398, 0x00007fbbf59f0000)
  to   space 323136K,   0% used [0x00007fbbce2d0000, 0x00007fbbce2d0000, 0x00007fbbe1e60000)
 tenured generation   total 6464024K, used 6463942K [0x00007fc085b50000, 0x00007fc2103d6000, 0x00007fcb30600000)
   the space 6464024K,  99% used [0x00007fc085b50000, 0x00007fc2103c1960, 0x00007fc2103c1a00, 0x00007fc2103d6000)
 Metaspace       used 24334K, capacity 24715K, committed 24832K, reserved 26624K
}
Event: 12707.643 GC heap before
{Heap before GC invocations=11749 (full 4):
 def new generation   total 2908544K, used 18420K [0x00007fbb30600000, 0x00007fbbf59f0000, 0x00007fc085b50000)
  eden space 2585408K,   0% used [0x00007fbb30600000, 0x00007fbb30600000, 0x00007fbbce2d0000)
  from space 323136K,   5% used [0x00007fbbe1e60000, 0x00007fbbe305d398, 0x00007fbbf59f0000)
  to   space 323136K,   0% used [0x00007fbbce2d0000, 0x00007fbbce2d0000, 0x00007fbbe1e60000)
 tenured generation   total 6464024K, used 6463942K [0x00007fc085b50000, 0x00007fc2103d6000, 0x00007fcb30600000)
   the space 6464024K,  99% used [0x00007fc085b50000, 0x00007fc2103c1960, 0x00007fc2103c1a00, 0x00007fc2103d6000)
 Metaspace       used 24334K, capacity 24715K, committed 24832K, reserved 26624K
}

