# JRE version: OpenJDK Runtime Environment (13.0.7+5) (build 13.0.7+5-Ubuntu-0ubuntu120.04)
# Java VM: OpenJDK 64-Bit Server VM (13.0.7+5-Ubuntu-0ubuntu120.04, mixed mode, tiered, serial gc, linux-amd64)
Heap:
 def new generation   total 5048960K, used 0K [0x00007f4c44600000, 0x00007f4d9ac70000, 0x00007f5199b50000)
  eden space 4488000K,   0% used [0x00007f4c44600000, 0x00007f4c44600000, 0x00007f4d564d0000)
  from space 560960K,   0% used [0x00007f4d788a0000, 0x00007f4d788a0000, 0x00007f4d9ac70000)
  to   space 560960K,   0% used [0x00007f4d564d0000, 0x00007f4d564d0000, 0x00007f4d788a0000)
 tenured generation   total 11694644K, used 11619568K [0x00007f5199b50000, 0x00007f54637dd000, 0x00007f5c44600000)
   the space 11694644K,  99% used [0x00007f5199b50000, 0x00007f545ee8c2f8, 0x00007f545ee8c400, 0x00007f54637dd000)
 Metaspace       used 30746K, capacity 31165K, committed 31488K, reserved 32768K
GC Heap History (20 events):
Event: 244.833 GC heap after
{Heap after GC invocations=167 (full 10):
 def new generation   total 5048960K, used 203864K [0x00007f4c44600000, 0x00007f4d9ac70000, 0x00007f5199b50000)
  eden space 4488000K,   4% used [0x00007f4c44600000, 0x00007f4c50d16248, 0x00007f4d564d0000)
  from space 560960K,   0% used [0x00007f4d564d0000, 0x00007f4d564d0000, 0x00007f4d788a0000)
  to   space 560960K,   0% used [0x00007f4d788a0000, 0x00007f4d788a0000, 0x00007f4d9ac70000)
 tenured generation   total 11219828K, used 6731895K [0x00007f5199b50000, 0x00007f544682d000, 0x00007f5c44600000)
   the space 11219828K,  59% used [0x00007f5199b50000, 0x00007f533496dfe8, 0x00007f533496e000, 0x00007f544682d000)
 Metaspace       used 30746K, capacity 31165K, committed 31488K, reserved 32768K
}
Event: 246.552 GC heap before
{Heap before GC invocations=167 (full 10):
 def new generation   total 5048960K, used 4488000K [0x00007f4c44600000, 0x00007f4d9ac70000, 0x00007f5199b50000)
  eden space 4488000K, 100% used [0x00007f4c44600000, 0x00007f4d564d0000, 0x00007f4d564d0000)
  from space 560960K,   0% used [0x00007f4d564d0000, 0x00007f4d564d0000, 0x00007f4d788a0000)
  to   space 560960K,   0% used [0x00007f4d788a0000, 0x00007f4d788a0000, 0x00007f4d9ac70000)
 tenured generation   total 11219828K, used 6731895K [0x00007f5199b50000, 0x00007f544682d000, 0x00007f5c44600000)
   the space 11219828K,  59% used [0x00007f5199b50000, 0x00007f533496dfe8, 0x00007f533496e000, 0x00007f544682d000)
 Metaspace       used 30746K, capacity 31165K, committed 31488K, reserved 32768K
}
Event: 248.782 GC heap after
{Heap after GC invocations=168 (full 10):
 def new generation   total 5048960K, used 536744K [0x00007f4c44600000, 0x00007f4d9ac70000, 0x00007f5199b50000)
  eden space 4488000K,   0% used [0x00007f4c44600000, 0x00007f4c44600000, 0x00007f4d564d0000)
  from space 560960K,  95% used [0x00007f4d788a0000, 0x00007f4d994ca170, 0x00007f4d9ac70000)
  to   space 560960K,   0% used [0x00007f4d564d0000, 0x00007f4d564d0000, 0x00007f4d788a0000)
 tenured generation   total 11219828K, used 6731895K [0x00007f5199b50000, 0x00007f544682d000, 0x00007f5c44600000)
   the space 11219828K,  59% used [0x00007f5199b50000, 0x00007f533496dfe8, 0x00007f533496e000, 0x00007f544682d000)
 Metaspace       used 30746K, capacity 31165K, committed 31488K, reserved 32768K
}
Event: 249.994 GC heap before
{Heap before GC invocations=168 (full 10):
 def new generation   total 5048960K, used 5024744K [0x00007f4c44600000, 0x00007f4d9ac70000, 0x00007f5199b50000)
  eden space 4488000K, 100% used [0x00007f4c44600000, 0x00007f4d564d0000, 0x00007f4d564d0000)
  from space 560960K,  95% used [0x00007f4d788a0000, 0x00007f4d994ca170, 0x00007f4d9ac70000)
  to   space 560960K,   0% used [0x00007f4d564d0000, 0x00007f4d564d0000, 0x00007f4d788a0000)
 tenured generation   total 11219828K, used 6731895K [0x00007f5199b50000, 0x00007f544682d000, 0x00007f5c44600000)
   the space 11219828K,  59% used [0x00007f5199b50000, 0x00007f533496dfe8, 0x00007f533496e000, 0x00007f544682d000)
 Metaspace       used 30746K, capacity 31165K, committed 31488K, reserved 32768K
}
Event: 251.492 GC heap after
{Heap after GC invocations=169 (full 10):
 def new generation   total 5048960K, used 347086K [0x00007f4c44600000, 0x00007f4d9ac70000, 0x00007f5199b50000)
  eden space 4488000K,   0% used [0x00007f4c44600000, 0x00007f4c44600000, 0x00007f4d564d0000)
  from space 560960K,  61% used [0x00007f4d564d0000, 0x00007f4d6b7c38f0, 0x00007f4d788a0000)
  to   space 560960K,   0% used [0x00007f4d788a0000, 0x00007f4d788a0000, 0x00007f4d9ac70000)
 tenured generation   total 11219828K, used 7268639K [0x00007f5199b50000, 0x00007f544682d000, 0x00007f5c44600000)
   the space 11219828K,  64% used [0x00007f5199b50000, 0x00007f5355597d78, 0x00007f5355597e00, 0x00007f544682d000)
 Metaspace       used 30746K, capacity 31165K, committed 31488K, reserved 32768K
}
Event: 252.686 GC heap before
{Heap before GC invocations=169 (full 10):
 def new generation   total 5048960K, used 4835086K [0x00007f4c44600000, 0x00007f4d9ac70000, 0x00007f5199b50000)
  eden space 4488000K, 100% used [0x00007f4c44600000, 0x00007f4d564d0000, 0x00007f4d564d0000)
  from space 560960K,  61% used [0x00007f4d564d0000, 0x00007f4d6b7c38f0, 0x00007f4d788a0000)
  to   space 560960K,   0% used [0x00007f4d788a0000, 0x00007f4d788a0000, 0x00007f4d9ac70000)
 tenured generation   total 11219828K, used 7268639K [0x00007f5199b50000, 0x00007f544682d000, 0x00007f5c44600000)
   the space 11219828K,  64% used [0x00007f5199b50000, 0x00007f5355597d78, 0x00007f5355597e00, 0x00007f544682d000)
 Metaspace       used 30746K, capacity 31165K, committed 31488K, reserved 32768K
}
Event: 253.801 GC heap after
{Heap after GC invocations=170 (full 10):
 def new generation   total 5048960K, used 353397K [0x00007f4c44600000, 0x00007f4d9ac70000, 0x00007f5199b50000)
  eden space 4488000K,   0% used [0x00007f4c44600000, 0x00007f4c44600000, 0x00007f4d564d0000)
  from space 560960K,  62% used [0x00007f4d788a0000, 0x00007f4d8e1bd578, 0x00007f4d9ac70000)
  to   space 560960K,   0% used [0x00007f4d564d0000, 0x00007f4d564d0000, 0x00007f4d788a0000)
 tenured generation   total 11219828K, used 7615725K [0x00007f5199b50000, 0x00007f544682d000, 0x00007f5c44600000)
   the space 11219828K,  67% used [0x00007f5199b50000, 0x00007f536a88b588, 0x00007f536a88b600, 0x00007f544682d000)
 Metaspace       used 30746K, capacity 31165K, committed 31488K, reserved 32768K
}
Event: 254.973 GC heap before
{Heap before GC invocations=170 (full 10):
 def new generation   total 5048960K, used 4841397K [0x00007f4c44600000, 0x00007f4d9ac70000, 0x00007f5199b50000)
  eden space 4488000K, 100% used [0x00007f4c44600000, 0x00007f4d564d0000, 0x00007f4d564d0000)
  from space 560960K,  62% used [0x00007f4d788a0000, 0x00007f4d8e1bd578, 0x00007f4d9ac70000)
  to   space 560960K,   0% used [0x00007f4d564d0000, 0x00007f4d564d0000, 0x00007f4d788a0000)
 tenured generation   total 11219828K, used 7615725K [0x00007f5199b50000, 0x00007f544682d000, 0x00007f5c44600000)
   the space 11219828K,  67% used [0x00007f5199b50000, 0x00007f536a88b588, 0x00007f536a88b600, 0x00007f544682d000)
 Metaspace       used 30746K, capacity 31165K, committed 31488K, reserved 32768K
}
Event: 256.133 GC heap after
{Heap after GC invocations=171 (full 10):
 def new generation   total 5048960K, used 352401K [0x00007f4c44600000, 0x00007f4d9ac70000, 0x00007f5199b50000)
  eden space 4488000K,   0% used [0x00007f4c44600000, 0x00007f4c44600000, 0x00007f4d564d0000)
  from space 560960K,  62% used [0x00007f4d564d0000, 0x00007f4d6bcf4540, 0x00007f4d788a0000)
  to   space 560960K,   0% used [0x00007f4d788a0000, 0x00007f4d788a0000, 0x00007f4d9ac70000)
 tenured generation   total 11219828K, used 7969121K [0x00007f5199b50000, 0x00007f544682d000, 0x00007f5c44600000)
   the space 11219828K,  71% used [0x00007f5199b50000, 0x00007f53801a86b0, 0x00007f53801a8800, 0x00007f544682d000)
 Metaspace       used 30746K, capacity 31165K, committed 31488K, reserved 32768K
}
Event: 257.344 GC heap before
{Heap before GC invocations=171 (full 10):
 def new generation   total 5048960K, used 4840401K [0x00007f4c44600000, 0x00007f4d9ac70000, 0x00007f5199b50000)
  eden space 4488000K, 100% used [0x00007f4c44600000, 0x00007f4d564d0000, 0x00007f4d564d0000)
  from space 560960K,  62% used [0x00007f4d564d0000, 0x00007f4d6bcf4540, 0x00007f4d788a0000)
  to   space 560960K,   0% used [0x00007f4d788a0000, 0x00007f4d788a0000, 0x00007f4d9ac70000)
 tenured generation   total 11219828K, used 7969121K [0x00007f5199b50000, 0x00007f544682d000, 0x00007f5c44600000)
   the space 11219828K,  71% used [0x00007f5199b50000, 0x00007f53801a86b0, 0x00007f53801a8800, 0x00007f544682d000)
 Metaspace       used 30746K, capacity 31165K, committed 31488K, reserved 32768K
}
Event: 258.452 GC heap after
{Heap after GC invocations=172 (full 10):
 def new generation   total 5048960K, used 349984K [0x00007f4c44600000, 0x00007f4d9ac70000, 0x00007f5199b50000)
  eden space 4488000K,   0% used [0x00007f4c44600000, 0x00007f4c44600000, 0x00007f4d564d0000)
  from space 560960K,  62% used [0x00007f4d788a0000, 0x00007f4d8de68108, 0x00007f4d9ac70000)
  to   space 560960K,   0% used [0x00007f4d564d0000, 0x00007f4d564d0000, 0x00007f4d788a0000)
 tenured generation   total 11219828K, used 8321522K [0x00007f5199b50000, 0x00007f544682d000, 0x00007f5c44600000)
   the space 11219828K,  74% used [0x00007f5199b50000, 0x00007f53959cc9d0, 0x00007f53959cca00, 0x00007f544682d000)
 Metaspace       used 30746K, capacity 31165K, committed 31488K, reserved 32768K
}
Event: 259.675 GC heap before
{Heap before GC invocations=172 (full 10):
 def new generation   total 5048960K, used 4837984K [0x00007f4c44600000, 0x00007f4d9ac70000, 0x00007f5199b50000)
  eden space 4488000K, 100% used [0x00007f4c44600000, 0x00007f4d564d0000, 0x00007f4d564d0000)
  from space 560960K,  62% used [0x00007f4d788a0000, 0x00007f4d8de68108, 0x00007f4d9ac70000)
  to   space 560960K,   0% used [0x00007f4d564d0000, 0x00007f4d564d0000, 0x00007f4d788a0000)
 tenured generation   total 11219828K, used 8321522K [0x00007f5199b50000, 0x00007f544682d000, 0x00007f5c44600000)
   the space 11219828K,  74% used [0x00007f5199b50000, 0x00007f53959cc9d0, 0x00007f53959cca00, 0x00007f544682d000)
 Metaspace       used 30746K, capacity 31165K, committed 31488K, reserved 32768K
}
Event: 260.777 GC heap after
{Heap after GC invocations=173 (full 10):
 def new generation   total 5048960K, used 347974K [0x00007f4c44600000, 0x00007f4d9ac70000, 0x00007f5199b50000)
  eden space 4488000K,   0% used [0x00007f4c44600000, 0x00007f4c44600000, 0x00007f4d564d0000)
  from space 560960K,  62% used [0x00007f4d564d0000, 0x00007f4d6b8a1af0, 0x00007f4d788a0000)
  to   space 560960K,   0% used [0x00007f4d788a0000, 0x00007f4d788a0000, 0x00007f4d9ac70000)
 tenured generation   total 11219828K, used 8671505K [0x00007f5199b50000, 0x00007f544682d000, 0x00007f5c44600000)
   the space 11219828K,  77% used [0x00007f5199b50000, 0x00007f53aaf94648, 0x00007f53aaf94800, 0x00007f544682d000)
 Metaspace       used 30746K, capacity 31165K, committed 31488K, reserved 32768K
}
Event: 261.930 GC heap before
{Heap before GC invocations=173 (full 10):
 def new generation   total 5048960K, used 4835974K [0x00007f4c44600000, 0x00007f4d9ac70000, 0x00007f5199b50000)
  eden space 4488000K, 100% used [0x00007f4c44600000, 0x00007f4d564d0000, 0x00007f4d564d0000)
  from space 560960K,  62% used [0x00007f4d564d0000, 0x00007f4d6b8a1af0, 0x00007f4d788a0000)
  to   space 560960K,   0% used [0x00007f4d788a0000, 0x00007f4d788a0000, 0x00007f4d9ac70000)
 tenured generation   total 11219828K, used 8671505K [0x00007f5199b50000, 0x00007f544682d000, 0x00007f5c44600000)
   the space 11219828K,  77% used [0x00007f5199b50000, 0x00007f53aaf94648, 0x00007f53aaf94800, 0x00007f544682d000)
 Metaspace       used 30746K, capacity 31165K, committed 31488K, reserved 32768K
}
Event: 263.072 GC heap after
{Heap after GC invocations=174 (full 10):
 def new generation   total 5048960K, used 354559K [0x00007f4c44600000, 0x00007f4d9ac70000, 0x00007f5199b50000)
  eden space 4488000K,   0% used [0x00007f4c44600000, 0x00007f4c44600000, 0x00007f4d564d0000)
  from space 560960K,  63% used [0x00007f4d788a0000, 0x00007f4d8e2dffb8, 0x00007f4d9ac70000)
  to   space 560960K,   0% used [0x00007f4d564d0000, 0x00007f4d564d0000, 0x00007f4d788a0000)
 tenured generation   total 11219828K, used 9019479K [0x00007f5199b50000, 0x00007f544682d000, 0x00007f5c44600000)
   the space 11219828K,  80% used [0x00007f5199b50000, 0x00007f53c0365e68, 0x00007f53c0366000, 0x00007f544682d000)
 Metaspace       used 30746K, capacity 31165K, committed 31488K, reserved 32768K
}
Event: 466.800 GC heap before
{Heap before GC invocations=174 (full 10):
 def new generation   total 5048960K, used 4842559K [0x00007f4c44600000, 0x00007f4d9ac70000, 0x00007f5199b50000)
  eden space 4488000K, 100% used [0x00007f4c44600000, 0x00007f4d564d0000, 0x00007f4d564d0000)
  from space 560960K,  63% used [0x00007f4d788a0000, 0x00007f4d8e2dffb8, 0x00007f4d9ac70000)
  to   space 560960K,   0% used [0x00007f4d564d0000, 0x00007f4d564d0000, 0x00007f4d788a0000)
 tenured generation   total 11219828K, used 9019479K [0x00007f5199b50000, 0x00007f544682d000, 0x00007f5c44600000)
   the space 11219828K,  80% used [0x00007f5199b50000, 0x00007f53c0365e68, 0x00007f53c0366000, 0x00007f544682d000)
 Metaspace       used 30746K, capacity 31165K, committed 31488K, reserved 32768K
}
Event: 471.910 GC heap after
{Heap after GC invocations=175 (full 10):
 def new generation   total 5048960K, used 560960K [0x00007f4c44600000, 0x00007f4d9ac70000, 0x00007f5199b50000)
  eden space 4488000K,   0% used [0x00007f4c44600000, 0x00007f4c44600000, 0x00007f4d564d0000)
  from space 560960K, 100% used [0x00007f4d564d0000, 0x00007f4d788a0000, 0x00007f4d788a0000)
  to   space 560960K,   0% used [0x00007f4d788a0000, 0x00007f4d788a0000, 0x00007f4d9ac70000)
 tenured generation   total 11219828K, used 10749671K [0x00007f5199b50000, 0x00007f544682d000, 0x00007f5c44600000)
   the space 11219828K,  95% used [0x00007f5199b50000, 0x00007f5429d09df8, 0x00007f5429d09e00, 0x00007f544682d000)
 Metaspace       used 30746K, capacity 31165K, committed 31488K, reserved 32768K
}
Event: 692.213 GC heap before
{Heap before GC invocations=175 (full 10):
 def new generation   total 5048960K, used 5048960K [0x00007f4c44600000, 0x00007f4d9ac70000, 0x00007f5199b50000)
  eden space 4488000K, 100% used [0x00007f4c44600000, 0x00007f4d564d0000, 0x00007f4d564d0000)
  from space 560960K, 100% used [0x00007f4d564d0000, 0x00007f4d788a0000, 0x00007f4d788a0000)
  to   space 560960K,   0% used [0x00007f4d788a0000, 0x00007f4d788a0000, 0x00007f4d9ac70000)
 tenured generation   total 11219828K, used 10749671K [0x00007f5199b50000, 0x00007f544682d000, 0x00007f5c44600000)
   the space 11219828K,  95% used [0x00007f5199b50000, 0x00007f5429d09df8, 0x00007f5429d09e00, 0x00007f544682d000)
 Metaspace       used 30746K, capacity 31165K, committed 31488K, reserved 32768K
}
Event: 694.852 GC heap after
{Heap after GC invocations=176 (full 10):
 def new generation   total 5048960K, used 560959K [0x00007f4c44600000, 0x00007f4d9ac70000, 0x00007f5199b50000)
  eden space 4488000K,   0% used [0x00007f4c44600000, 0x00007f4c44600000, 0x00007f4d564d0000)
  from space 560960K,  99% used [0x00007f4d788a0000, 0x00007f4d9ac6fff0, 0x00007f4d9ac70000)
  to   space 560960K,   0% used [0x00007f4d564d0000, 0x00007f4d564d0000, 0x00007f4d788a0000)
 tenured generation   total 11694644K, used 11694507K [0x00007f5199b50000, 0x00007f54637dd000, 0x00007f5c44600000)
   the space 11694644K,  99% used [0x00007f5199b50000, 0x00007f54637bada8, 0x00007f54637bae00, 0x00007f54637dd000)
 Metaspace       used 30746K, capacity 31165K, committed 31488K, reserved 32768K
}
Event: 694.852 GC heap before
{Heap before GC invocations=176 (full 10):
 def new generation   total 5048960K, used 560959K [0x00007f4c44600000, 0x00007f4d9ac70000, 0x00007f5199b50000)
  eden space 4488000K,   0% used [0x00007f4c44600000, 0x00007f4c44600000, 0x00007f4d564d0000)
  from space 560960K,  99% used [0x00007f4d788a0000, 0x00007f4d9ac6fff0, 0x00007f4d9ac70000)
  to   space 560960K,   0% used [0x00007f4d564d0000, 0x00007f4d564d0000, 0x00007f4d788a0000)
 tenured generation   total 11694644K, used 11694507K [0x00007f5199b50000, 0x00007f54637dd000, 0x00007f5c44600000)
   the space 11694644K,  99% used [0x00007f5199b50000, 0x00007f54637bada8, 0x00007f54637bae00, 0x00007f54637dd000)
 Metaspace       used 30746K, capacity 31165K, committed 31488K, reserved 32768K
}

