# JRE version: OpenJDK Runtime Environment (13.0.7+5) (build 13.0.7+5-Ubuntu-0ubuntu120.04)
# Java VM: OpenJDK 64-Bit Server VM (13.0.7+5-Ubuntu-0ubuntu120.04, mixed mode, tiered, compressed oops, serial gc, linux-amd64)
Heap:
 def new generation   total 1837248K, used 0K [0x0000000080200000, 0x00000000fcb80000, 0x0000000300150000)
  eden space 1633152K,   0% used [0x0000000080200000, 0x0000000080200000, 0x00000000e3ce0000)
  from space 204096K,   0% used [0x00000000f0430000, 0x00000000f0430000, 0x00000000fcb80000)
  to   space 204096K,   0% used [0x00000000e3ce0000, 0x00000000e3ce0000, 0x00000000f0430000)
 tenured generation   total 4115376K, used 2767025K [0x0000000300150000, 0x00000003fb43c000, 0x0000000800000000)
   the space 4115376K,  67% used [0x0000000300150000, 0x00000003a8f7c5a8, 0x00000003a8f7c600, 0x00000003fb43c000)
 Metaspace       used 22729K, capacity 23232K, committed 23424K, reserved 1071104K
  class space    used 2354K, capacity 2568K, committed 2688K, reserved 1048576K
GC Heap History (20 events):
Event: 511.978 GC heap after
{Heap after GC invocations=632 (full 22):
 def new generation   total 1837248K, used 187771K [0x0000000080200000, 0x00000000fcb80000, 0x0000000300150000)
  eden space 1633152K,   0% used [0x0000000080200000, 0x0000000080200000, 0x00000000e3ce0000)
  from space 204096K,  92% used [0x00000000e3ce0000, 0x00000000ef43ed60, 0x00000000f0430000)
  to   space 204096K,   0% used [0x00000000f0430000, 0x00000000f0430000, 0x00000000fcb80000)
 tenured generation   total 4082600K, used 3675339K [0x0000000300150000, 0x00000003f943a000, 0x0000000800000000)
   the space 4082600K,  90% used [0x0000000300150000, 0x00000003e0682e78, 0x00000003e0683000, 0x00000003f943a000)
 Metaspace       used 22729K, capacity 23232K, committed 23424K, reserved 1071104K
  class space    used 2354K, capacity 2568K, committed 2688K, reserved 1048576K
}
Event: 513.297 GC heap before
{Heap before GC invocations=632 (full 22):
 def new generation   total 1837248K, used 1820923K [0x0000000080200000, 0x00000000fcb80000, 0x0000000300150000)
  eden space 1633152K, 100% used [0x0000000080200000, 0x00000000e3ce0000, 0x00000000e3ce0000)
  from space 204096K,  92% used [0x00000000e3ce0000, 0x00000000ef43ed60, 0x00000000f0430000)
  to   space 204096K,   0% used [0x00000000f0430000, 0x00000000f0430000, 0x00000000fcb80000)
 tenured generation   total 4082600K, used 3675339K [0x0000000300150000, 0x00000003f943a000, 0x0000000800000000)
   the space 4082600K,  90% used [0x0000000300150000, 0x00000003e0682e78, 0x00000003e0683000, 0x00000003f943a000)
 Metaspace       used 22729K, capacity 23232K, committed 23424K, reserved 1071104K
  class space    used 2354K, capacity 2568K, committed 2688K, reserved 1048576K
}
Event: 513.482 GC heap after
{Heap after GC invocations=633 (full 22):
 def new generation   total 1837248K, used 195842K [0x0000000080200000, 0x00000000fcb80000, 0x0000000300150000)
  eden space 1633152K,   0% used [0x0000000080200000, 0x0000000080200000, 0x00000000e3ce0000)
  from space 204096K,  95% used [0x00000000f0430000, 0x00000000fc370a10, 0x00000000fcb80000)
  to   space 204096K,   0% used [0x00000000e3ce0000, 0x00000000e3ce0000, 0x00000000f0430000)
 tenured generation   total 4082600K, used 3765175K [0x0000000300150000, 0x00000003f943a000, 0x0000000800000000)
   the space 4082600K,  92% used [0x0000000300150000, 0x00000003e5e3df10, 0x00000003e5e3e000, 0x00000003f943a000)
 Metaspace       used 22729K, capacity 23232K, committed 23424K, reserved 1071104K
  class space    used 2354K, capacity 2568K, committed 2688K, reserved 1048576K
}
Event: 514.775 GC heap before
{Heap before GC invocations=633 (full 22):
 def new generation   total 1837248K, used 1828994K [0x0000000080200000, 0x00000000fcb80000, 0x0000000300150000)
  eden space 1633152K, 100% used [0x0000000080200000, 0x00000000e3ce0000, 0x00000000e3ce0000)
  from space 204096K,  95% used [0x00000000f0430000, 0x00000000fc370a10, 0x00000000fcb80000)
  to   space 204096K,   0% used [0x00000000e3ce0000, 0x00000000e3ce0000, 0x00000000f0430000)
 tenured generation   total 4082600K, used 3765175K [0x0000000300150000, 0x00000003f943a000, 0x0000000800000000)
   the space 4082600K,  92% used [0x0000000300150000, 0x00000003e5e3df10, 0x00000003e5e3e000, 0x00000003f943a000)
 Metaspace       used 22729K, capacity 23232K, committed 23424K, reserved 1071104K
  class space    used 2354K, capacity 2568K, committed 2688K, reserved 1048576K
}
Event: 514.854 GC heap after
{Heap after GC invocations=634 (full 22):
 def new generation   total 1837248K, used 116231K [0x0000000080200000, 0x00000000fcb80000, 0x0000000300150000)
  eden space 1633152K,   0% used [0x0000000080200000, 0x0000000080200000, 0x00000000e3ce0000)
  from space 204096K,  56% used [0x00000000e3ce0000, 0x00000000eae61e38, 0x00000000f0430000)
  to   space 204096K,   0% used [0x00000000f0430000, 0x00000000f0430000, 0x00000000fcb80000)
 tenured generation   total 4082600K, used 3773430K [0x0000000300150000, 0x00000003f943a000, 0x0000000800000000)
   the space 4082600K,  92% used [0x0000000300150000, 0x00000003e664d9d0, 0x00000003e664da00, 0x00000003f943a000)
 Metaspace       used 22729K, capacity 23232K, committed 23424K, reserved 1071104K
  class space    used 2354K, capacity 2568K, committed 2688K, reserved 1048576K
}
Event: 516.148 GC heap before
{Heap before GC invocations=634 (full 22):
 def new generation   total 1837248K, used 1749383K [0x0000000080200000, 0x00000000fcb80000, 0x0000000300150000)
  eden space 1633152K, 100% used [0x0000000080200000, 0x00000000e3ce0000, 0x00000000e3ce0000)
  from space 204096K,  56% used [0x00000000e3ce0000, 0x00000000eae61e38, 0x00000000f0430000)
  to   space 204096K,   0% used [0x00000000f0430000, 0x00000000f0430000, 0x00000000fcb80000)
 tenured generation   total 4082600K, used 3773430K [0x0000000300150000, 0x00000003f943a000, 0x0000000800000000)
   the space 4082600K,  92% used [0x0000000300150000, 0x00000003e664d9d0, 0x00000003e664da00, 0x00000003f943a000)
 Metaspace       used 22729K, capacity 23232K, committed 23424K, reserved 1071104K
  class space    used 2354K, capacity 2568K, committed 2688K, reserved 1048576K
}
Event: 516.291 GC heap after
{Heap after GC invocations=635 (full 22):
 def new generation   total 1837248K, used 97923K [0x0000000080200000, 0x00000000fcb80000, 0x0000000300150000)
  eden space 1633152K,   0% used [0x0000000080200000, 0x0000000080200000, 0x00000000e3ce0000)
  from space 204096K,  47% used [0x00000000f0430000, 0x00000000f63d0fc8, 0x00000000fcb80000)
  to   space 204096K,   0% used [0x00000000e3ce0000, 0x00000000e3ce0000, 0x00000000f0430000)
 tenured generation   total 4082600K, used 3888633K [0x0000000300150000, 0x00000003f943a000, 0x0000000800000000)
   the space 4082600K,  95% used [0x0000000300150000, 0x00000003ed6ce6c8, 0x00000003ed6ce800, 0x00000003f943a000)
 Metaspace       used 22729K, capacity 23232K, committed 23424K, reserved 1071104K
  class space    used 2354K, capacity 2568K, committed 2688K, reserved 1048576K
}
Event: 517.619 GC heap before
{Heap before GC invocations=635 (full 22):
 def new generation   total 1837248K, used 1731075K [0x0000000080200000, 0x00000000fcb80000, 0x0000000300150000)
  eden space 1633152K, 100% used [0x0000000080200000, 0x00000000e3ce0000, 0x00000000e3ce0000)
  from space 204096K,  47% used [0x00000000f0430000, 0x00000000f63d0fc8, 0x00000000fcb80000)
  to   space 204096K,   0% used [0x00000000e3ce0000, 0x00000000e3ce0000, 0x00000000f0430000)
 tenured generation   total 4082600K, used 3888633K [0x0000000300150000, 0x00000003f943a000, 0x0000000800000000)
   the space 4082600K,  95% used [0x0000000300150000, 0x00000003ed6ce6c8, 0x00000003ed6ce800, 0x00000003f943a000)
 Metaspace       used 22729K, capacity 23232K, committed 23424K, reserved 1071104K
  class space    used 2354K, capacity 2568K, committed 2688K, reserved 1048576K
}
Event: 517.756 GC heap after
{Heap after GC invocations=636 (full 22):
 def new generation   total 1837248K, used 195331K [0x0000000080200000, 0x00000000fcb80000, 0x0000000300150000)
  eden space 1633152K,   0% used [0x0000000080200000, 0x0000000080200000, 0x00000000e3ce0000)
  from space 204096K,  95% used [0x00000000e3ce0000, 0x00000000efba0d40, 0x00000000f0430000)
  to   space 204096K,   0% used [0x00000000f0430000, 0x00000000f0430000, 0x00000000fcb80000)
 tenured generation   total 4082600K, used 3888633K [0x0000000300150000, 0x00000003f943a000, 0x0000000800000000)
   the space 4082600K,  95% used [0x0000000300150000, 0x00000003ed6ce6c8, 0x00000003ed6ce800, 0x00000003f943a000)
 Metaspace       used 22729K, capacity 23232K, committed 23424K, reserved 1071104K
  class space    used 2354K, capacity 2568K, committed 2688K, reserved 1048576K
}
Event: 519.067 GC heap before
{Heap before GC invocations=636 (full 22):
 def new generation   total 1837248K, used 1828483K [0x0000000080200000, 0x00000000fcb80000, 0x0000000300150000)
  eden space 1633152K, 100% used [0x0000000080200000, 0x00000000e3ce0000, 0x00000000e3ce0000)
  from space 204096K,  95% used [0x00000000e3ce0000, 0x00000000efba0d40, 0x00000000f0430000)
  to   space 204096K,   0% used [0x00000000f0430000, 0x00000000f0430000, 0x00000000fcb80000)
 tenured generation   total 4082600K, used 3888633K [0x0000000300150000, 0x00000003f943a000, 0x0000000800000000)
   the space 4082600K,  95% used [0x0000000300150000, 0x00000003ed6ce6c8, 0x00000003ed6ce800, 0x00000003f943a000)
 Metaspace       used 22729K, capacity 23232K, committed 23424K, reserved 1071104K
  class space    used 2354K, capacity 2568K, committed 2688K, reserved 1048576K
}
Event: 519.155 GC heap after
{Heap after GC invocations=637 (full 22):
 def new generation   total 1837248K, used 140049K [0x0000000080200000, 0x00000000fcb80000, 0x0000000300150000)
  eden space 1633152K,   0% used [0x0000000080200000, 0x0000000080200000, 0x00000000e3ce0000)
  from space 204096K,  68% used [0x00000000f0430000, 0x00000000f8cf46e0, 0x00000000fcb80000)
  to   space 204096K,   0% used [0x00000000e3ce0000, 0x00000000e3ce0000, 0x00000000f0430000)
 tenured generation   total 4082600K, used 3900510K [0x0000000300150000, 0x00000003f943a000, 0x0000000800000000)
   the space 4082600K,  95% used [0x0000000300150000, 0x00000003ee267908, 0x00000003ee267a00, 0x00000003f943a000)
 Metaspace       used 22729K, capacity 23232K, committed 23424K, reserved 1071104K
  class space    used 2354K, capacity 2568K, committed 2688K, reserved 1048576K
}
Event: 520.460 GC heap before
{Heap before GC invocations=637 (full 22):
 def new generation   total 1837248K, used 1773201K [0x0000000080200000, 0x00000000fcb80000, 0x0000000300150000)
  eden space 1633152K, 100% used [0x0000000080200000, 0x00000000e3ce0000, 0x00000000e3ce0000)
  from space 204096K,  68% used [0x00000000f0430000, 0x00000000f8cf46e0, 0x00000000fcb80000)
  to   space 204096K,   0% used [0x00000000e3ce0000, 0x00000000e3ce0000, 0x00000000f0430000)
 tenured generation   total 4082600K, used 3900510K [0x0000000300150000, 0x00000003f943a000, 0x0000000800000000)
   the space 4082600K,  95% used [0x0000000300150000, 0x00000003ee267908, 0x00000003ee267a00, 0x00000003f943a000)
 Metaspace       used 22729K, capacity 23232K, committed 23424K, reserved 1071104K
  class space    used 2354K, capacity 2568K, committed 2688K, reserved 1048576K
}
Event: 520.597 GC heap after
{Heap after GC invocations=638 (full 22):
 def new generation   total 1837248K, used 97930K [0x0000000080200000, 0x00000000fcb80000, 0x0000000300150000)
  eden space 1633152K,   0% used [0x0000000080200000, 0x0000000080200000, 0x00000000e3ce0000)
  from space 204096K,  47% used [0x00000000e3ce0000, 0x00000000e9c82ab0, 0x00000000f0430000)
  to   space 204096K,   0% used [0x00000000f0430000, 0x00000000f0430000, 0x00000000fcb80000)
 tenured generation   total 4082600K, used 4040043K [0x0000000300150000, 0x00000003f943a000, 0x0000000800000000)
   the space 4082600K,  98% used [0x0000000300150000, 0x00000003f6aaaed0, 0x00000003f6aab000, 0x00000003f943a000)
 Metaspace       used 22729K, capacity 23232K, committed 23424K, reserved 1071104K
  class space    used 2354K, capacity 2568K, committed 2688K, reserved 1048576K
}
Event: 521.889 GC heap before
{Heap before GC invocations=638 (full 22):
 def new generation   total 1837248K, used 1731082K [0x0000000080200000, 0x00000000fcb80000, 0x0000000300150000)
  eden space 1633152K, 100% used [0x0000000080200000, 0x00000000e3ce0000, 0x00000000e3ce0000)
  from space 204096K,  47% used [0x00000000e3ce0000, 0x00000000e9c82ab0, 0x00000000f0430000)
  to   space 204096K,   0% used [0x00000000f0430000, 0x00000000f0430000, 0x00000000fcb80000)
 tenured generation   total 4082600K, used 4040043K [0x0000000300150000, 0x00000003f943a000, 0x0000000800000000)
   the space 4082600K,  98% used [0x0000000300150000, 0x00000003f6aaaed0, 0x00000003f6aab000, 0x00000003f943a000)
 Metaspace       used 22729K, capacity 23232K, committed 23424K, reserved 1071104K
  class space    used 2354K, capacity 2568K, committed 2688K, reserved 1048576K
}
Event: 521.942 GC heap after
{Heap after GC invocations=639 (full 22):
 def new generation   total 1837248K, used 75297K [0x0000000080200000, 0x00000000fcb80000, 0x0000000300150000)
  eden space 1633152K,   0% used [0x0000000080200000, 0x0000000080200000, 0x00000000e3ce0000)
  from space 204096K,  36% used [0x00000000f0430000, 0x00000000f4db8630, 0x00000000fcb80000)
  to   space 204096K,   0% used [0x00000000e3ce0000, 0x00000000e3ce0000, 0x00000000f0430000)
 tenured generation   total 4082600K, used 4040043K [0x0000000300150000, 0x00000003f943a000, 0x0000000800000000)
   the space 4082600K,  98% used [0x0000000300150000, 0x00000003f6aaaed0, 0x00000003f6aab000, 0x00000003f943a000)
 Metaspace       used 22729K, capacity 23232K, committed 23424K, reserved 1071104K
  class space    used 2354K, capacity 2568K, committed 2688K, reserved 1048576K
}
Event: 523.258 GC heap before
{Heap before GC invocations=639 (full 22):
 def new generation   total 1837248K, used 1708449K [0x0000000080200000, 0x00000000fcb80000, 0x0000000300150000)
  eden space 1633152K, 100% used [0x0000000080200000, 0x00000000e3ce0000, 0x00000000e3ce0000)
  from space 204096K,  36% used [0x00000000f0430000, 0x00000000f4db8630, 0x00000000fcb80000)
  to   space 204096K,   0% used [0x00000000e3ce0000, 0x00000000e3ce0000, 0x00000000f0430000)
 tenured generation   total 4082600K, used 4040043K [0x0000000300150000, 0x00000003f943a000, 0x0000000800000000)
   the space 4082600K,  98% used [0x0000000300150000, 0x00000003f6aaaed0, 0x00000003f6aab000, 0x00000003f943a000)
 Metaspace       used 22729K, capacity 23232K, committed 23424K, reserved 1071104K
  class space    used 2354K, capacity 2568K, committed 2688K, reserved 1048576K
}
Event: 523.361 GC heap after
{Heap after GC invocations=640 (full 22):
 def new generation   total 1837248K, used 172703K [0x0000000080200000, 0x00000000fcb80000, 0x0000000300150000)
  eden space 1633152K,   0% used [0x0000000080200000, 0x0000000080200000, 0x00000000e3ce0000)
  from space 204096K,  84% used [0x00000000e3ce0000, 0x00000000ee587c88, 0x00000000f0430000)
  to   space 204096K,   0% used [0x00000000f0430000, 0x00000000f0430000, 0x00000000fcb80000)
 tenured generation   total 4082600K, used 4040043K [0x0000000300150000, 0x00000003f943a000, 0x0000000800000000)
   the space 4082600K,  98% used [0x0000000300150000, 0x00000003f6aaaed0, 0x00000003f6aab000, 0x00000003f943a000)
 Metaspace       used 22729K, capacity 23232K, committed 23424K, reserved 1071104K
  class space    used 2354K, capacity 2568K, committed 2688K, reserved 1048576K
}
Event: 524.671 GC heap before
{Heap before GC invocations=640 (full 22):
 def new generation   total 1837248K, used 1805855K [0x0000000080200000, 0x00000000fcb80000, 0x0000000300150000)
  eden space 1633152K, 100% used [0x0000000080200000, 0x00000000e3ce0000, 0x00000000e3ce0000)
  from space 204096K,  84% used [0x00000000e3ce0000, 0x00000000ee587c88, 0x00000000f0430000)
  to   space 204096K,   0% used [0x00000000f0430000, 0x00000000f0430000, 0x00000000fcb80000)
 tenured generation   total 4082600K, used 4040043K [0x0000000300150000, 0x00000003f943a000, 0x0000000800000000)
   the space 4082600K,  98% used [0x0000000300150000, 0x00000003f6aaaed0, 0x00000003f6aab000, 0x00000003f943a000)
 Metaspace       used 22729K, capacity 23232K, committed 23424K, reserved 1071104K
  class space    used 2354K, capacity 2568K, committed 2688K, reserved 1048576K
}
Event: 524.853 GC heap after
{Heap after GC invocations=641 (full 22):
 def new generation   total 1837248K, used 195337K [0x0000000080200000, 0x00000000fcb80000, 0x0000000300150000)
  eden space 1633152K,   0% used [0x0000000080200000, 0x0000000080200000, 0x00000000e3ce0000)
  from space 204096K,  95% used [0x00000000f0430000, 0x00000000fc2f2740, 0x00000000fcb80000)
  to   space 204096K,   0% used [0x00000000e3ce0000, 0x00000000e3ce0000, 0x00000000f0430000)
 tenured generation   total 4115376K, used 4114812K [0x0000000300150000, 0x00000003fb43c000, 0x0000000800000000)
   the space 4115376K,  99% used [0x0000000300150000, 0x00000003fb3af368, 0x00000003fb3af400, 0x00000003fb43c000)
 Metaspace       used 22729K, capacity 23232K, committed 23424K, reserved 1071104K
  class space    used 2354K, capacity 2568K, committed 2688K, reserved 1048576K
}
Event: 524.853 GC heap before
{Heap before GC invocations=641 (full 22):
 def new generation   total 1837248K, used 195337K [0x0000000080200000, 0x00000000fcb80000, 0x0000000300150000)
  eden space 1633152K,   0% used [0x0000000080200000, 0x0000000080200000, 0x00000000e3ce0000)
  from space 204096K,  95% used [0x00000000f0430000, 0x00000000fc2f2740, 0x00000000fcb80000)
  to   space 204096K,   0% used [0x00000000e3ce0000, 0x00000000e3ce0000, 0x00000000f0430000)
 tenured generation   total 4115376K, used 4114812K [0x0000000300150000, 0x00000003fb43c000, 0x0000000800000000)
   the space 4115376K,  99% used [0x0000000300150000, 0x00000003fb3af368, 0x00000003fb3af400, 0x00000003fb43c000)
 Metaspace       used 22729K, capacity 23232K, committed 23424K, reserved 1071104K
  class space    used 2354K, capacity 2568K, committed 2688K, reserved 1048576K
}

