# JRE version: OpenJDK Runtime Environment (13.0.7+5) (build 13.0.7+5-Ubuntu-0ubuntu120.04)
# Java VM: OpenJDK 64-Bit Server VM (13.0.7+5-Ubuntu-0ubuntu120.04, mixed mode, tiered, serial gc, linux-amd64)
Heap:
 def new generation   total 1748224K, used 0K [0x00007f6200600000, 0x00007f6276ef0000, 0x00007f6755b50000)
  eden space 1553984K,   0% used [0x00007f6200600000, 0x00007f6200600000, 0x00007f625f390000)
  from space 194240K,   0% used [0x00007f625f390000, 0x00007f625f390000, 0x00007f626b140000)
  to   space 194240K,   0% used [0x00007f626b140000, 0x00007f626b140000, 0x00007f6276ef0000)
 tenured generation   total 3885868K, used 3874435K [0x00007f6755b50000, 0x00007f6842e1b000, 0x00007f7200600000)
   the space 3885868K,  99% used [0x00007f6755b50000, 0x00007f68422f0cb8, 0x00007f68422f0e00, 0x00007f6842e1b000)
 Metaspace       used 24310K, capacity 24753K, committed 24832K, reserved 26624K
GC Heap History (20 events):
Event: 9245.830 GC heap after
{Heap after GC invocations=11293 (full 3):
 def new generation   total 1748224K, used 9458K [0x00007f6200600000, 0x00007f6276ef0000, 0x00007f6755b50000)
  eden space 1553984K,   0% used [0x00007f6200600000, 0x00007f6200600000, 0x00007f625f390000)
  from space 194240K,   4% used [0x00007f626b140000, 0x00007f626ba7cb50, 0x00007f6276ef0000)
  to   space 194240K,   0% used [0x00007f625f390000, 0x00007f625f390000, 0x00007f626b140000)
 tenured generation   total 3884908K, used 3879340K [0x00007f6755b50000, 0x00007f6842d2b000, 0x00007f7200600000)
   the space 3884908K,  99% used [0x00007f6755b50000, 0x00007f68427bb338, 0x00007f68427bb400, 0x00007f6842d2b000)
 Metaspace       used 24310K, capacity 24753K, committed 24832K, reserved 26624K
}
Event: 9247.198 GC heap before
{Heap before GC invocations=11293 (full 3):
 def new generation   total 1748224K, used 1563442K [0x00007f6200600000, 0x00007f6276ef0000, 0x00007f6755b50000)
  eden space 1553984K, 100% used [0x00007f6200600000, 0x00007f625f390000, 0x00007f625f390000)
  from space 194240K,   4% used [0x00007f626b140000, 0x00007f626ba7cb50, 0x00007f6276ef0000)
  to   space 194240K,   0% used [0x00007f625f390000, 0x00007f625f390000, 0x00007f626b140000)
 tenured generation   total 3884908K, used 3879340K [0x00007f6755b50000, 0x00007f6842d2b000, 0x00007f7200600000)
   the space 3884908K,  99% used [0x00007f6755b50000, 0x00007f68427bb338, 0x00007f68427bb400, 0x00007f6842d2b000)
 Metaspace       used 24310K, capacity 24753K, committed 24832K, reserved 26624K
}
Event: 9247.219 GC heap after
{Heap after GC invocations=11294 (full 3):
 def new generation   total 1748224K, used 9714K [0x00007f6200600000, 0x00007f6276ef0000, 0x00007f6755b50000)
  eden space 1553984K,   0% used [0x00007f6200600000, 0x00007f6200600000, 0x00007f625f390000)
  from space 194240K,   5% used [0x00007f625f390000, 0x00007f625fd0cbc0, 0x00007f626b140000)
  to   space 194240K,   0% used [0x00007f626b140000, 0x00007f626b140000, 0x00007f6276ef0000)
 tenured generation   total 3884908K, used 3879688K [0x00007f6755b50000, 0x00007f6842d2b000, 0x00007f7200600000)
   the space 3884908K,  99% used [0x00007f6755b50000, 0x00007f6842812320, 0x00007f6842812400, 0x00007f6842d2b000)
 Metaspace       used 24310K, capacity 24753K, committed 24832K, reserved 26624K
}
Event: 9248.571 GC heap before
{Heap before GC invocations=11294 (full 3):
 def new generation   total 1748224K, used 1563698K [0x00007f6200600000, 0x00007f6276ef0000, 0x00007f6755b50000)
  eden space 1553984K, 100% used [0x00007f6200600000, 0x00007f625f390000, 0x00007f625f390000)
  from space 194240K,   5% used [0x00007f625f390000, 0x00007f625fd0cbc0, 0x00007f626b140000)
  to   space 194240K,   0% used [0x00007f626b140000, 0x00007f626b140000, 0x00007f6276ef0000)
 tenured generation   total 3884908K, used 3879688K [0x00007f6755b50000, 0x00007f6842d2b000, 0x00007f7200600000)
   the space 3884908K,  99% used [0x00007f6755b50000, 0x00007f6842812320, 0x00007f6842812400, 0x00007f6842d2b000)
 Metaspace       used 24310K, capacity 24753K, committed 24832K, reserved 26624K
}
Event: 9248.596 GC heap after
{Heap after GC invocations=11295 (full 3):
 def new generation   total 1748224K, used 9918K [0x00007f6200600000, 0x00007f6276ef0000, 0x00007f6755b50000)
  eden space 1553984K,   0% used [0x00007f6200600000, 0x00007f6200600000, 0x00007f625f390000)
  from space 194240K,   5% used [0x00007f626b140000, 0x00007f626baefac8, 0x00007f6276ef0000)
  to   space 194240K,   0% used [0x00007f625f390000, 0x00007f625f390000, 0x00007f626b140000)
 tenured generation   total 3884908K, used 3880099K [0x00007f6755b50000, 0x00007f6842d2b000, 0x00007f7200600000)
   the space 3884908K,  99% used [0x00007f6755b50000, 0x00007f6842878e70, 0x00007f6842879000, 0x00007f6842d2b000)
 Metaspace       used 24310K, capacity 24753K, committed 24832K, reserved 26624K
}
Event: 9249.974 GC heap before
{Heap before GC invocations=11295 (full 3):
 def new generation   total 1748224K, used 1563902K [0x00007f6200600000, 0x00007f6276ef0000, 0x00007f6755b50000)
  eden space 1553984K, 100% used [0x00007f6200600000, 0x00007f625f390000, 0x00007f625f390000)
  from space 194240K,   5% used [0x00007f626b140000, 0x00007f626baefac8, 0x00007f6276ef0000)
  to   space 194240K,   0% used [0x00007f625f390000, 0x00007f625f390000, 0x00007f626b140000)
 tenured generation   total 3884908K, used 3880099K [0x00007f6755b50000, 0x00007f6842d2b000, 0x00007f7200600000)
   the space 3884908K,  99% used [0x00007f6755b50000, 0x00007f6842878e70, 0x00007f6842879000, 0x00007f6842d2b000)
 Metaspace       used 24310K, capacity 24753K, committed 24832K, reserved 26624K
}
Event: 9249.999 GC heap after
{Heap after GC invocations=11296 (full 3):
 def new generation   total 1748224K, used 10192K [0x00007f6200600000, 0x00007f6276ef0000, 0x00007f6755b50000)
  eden space 1553984K,   0% used [0x00007f6200600000, 0x00007f6200600000, 0x00007f625f390000)
  from space 194240K,   5% used [0x00007f625f390000, 0x00007f625fd841e0, 0x00007f626b140000)
  to   space 194240K,   0% used [0x00007f626b140000, 0x00007f626b140000, 0x00007f6276ef0000)
 tenured generation   total 3884908K, used 3880523K [0x00007f6755b50000, 0x00007f6842d2b000, 0x00007f7200600000)
   the space 3884908K,  99% used [0x00007f6755b50000, 0x00007f68428e2c70, 0x00007f68428e2e00, 0x00007f6842d2b000)
 Metaspace       used 24310K, capacity 24753K, committed 24832K, reserved 26624K
}
Event: 9251.364 GC heap before
{Heap before GC invocations=11296 (full 3):
 def new generation   total 1748224K, used 1564176K [0x00007f6200600000, 0x00007f6276ef0000, 0x00007f6755b50000)
  eden space 1553984K, 100% used [0x00007f6200600000, 0x00007f625f390000, 0x00007f625f390000)
  from space 194240K,   5% used [0x00007f625f390000, 0x00007f625fd841e0, 0x00007f626b140000)
  to   space 194240K,   0% used [0x00007f626b140000, 0x00007f626b140000, 0x00007f6276ef0000)
 tenured generation   total 3884908K, used 3880523K [0x00007f6755b50000, 0x00007f6842d2b000, 0x00007f7200600000)
   the space 3884908K,  99% used [0x00007f6755b50000, 0x00007f68428e2c70, 0x00007f68428e2e00, 0x00007f6842d2b000)
 Metaspace       used 24310K, capacity 24753K, committed 24832K, reserved 26624K
}
Event: 9251.394 GC heap after
{Heap after GC invocations=11297 (full 3):
 def new generation   total 1748224K, used 10989K [0x00007f6200600000, 0x00007f6276ef0000, 0x00007f6755b50000)
  eden space 1553984K,   0% used [0x00007f6200600000, 0x00007f6200600000, 0x00007f625f390000)
  from space 194240K,   5% used [0x00007f626b140000, 0x00007f626bbfb660, 0x00007f6276ef0000)
  to   space 194240K,   0% used [0x00007f625f390000, 0x00007f625f390000, 0x00007f626b140000)
 tenured generation   total 3884908K, used 3881087K [0x00007f6755b50000, 0x00007f6842d2b000, 0x00007f7200600000)
   the space 3884908K,  99% used [0x00007f6755b50000, 0x00007f684296fc80, 0x00007f684296fe00, 0x00007f6842d2b000)
 Metaspace       used 24310K, capacity 24753K, committed 24832K, reserved 26624K
}
Event: 9252.807 GC heap before
{Heap before GC invocations=11297 (full 3):
 def new generation   total 1748224K, used 1564973K [0x00007f6200600000, 0x00007f6276ef0000, 0x00007f6755b50000)
  eden space 1553984K, 100% used [0x00007f6200600000, 0x00007f625f390000, 0x00007f625f390000)
  from space 194240K,   5% used [0x00007f626b140000, 0x00007f626bbfb660, 0x00007f6276ef0000)
  to   space 194240K,   0% used [0x00007f625f390000, 0x00007f625f390000, 0x00007f626b140000)
 tenured generation   total 3884908K, used 3881087K [0x00007f6755b50000, 0x00007f6842d2b000, 0x00007f7200600000)
   the space 3884908K,  99% used [0x00007f6755b50000, 0x00007f684296fc80, 0x00007f684296fe00, 0x00007f6842d2b000)
 Metaspace       used 24310K, capacity 24753K, committed 24832K, reserved 26624K
}
Event: 9252.834 GC heap after
{Heap after GC invocations=11298 (full 3):
 def new generation   total 1748224K, used 11003K [0x00007f6200600000, 0x00007f6276ef0000, 0x00007f6755b50000)
  eden space 1553984K,   0% used [0x00007f6200600000, 0x00007f6200600000, 0x00007f625f390000)
  from space 194240K,   5% used [0x00007f625f390000, 0x00007f625fe4ee80, 0x00007f626b140000)
  to   space 194240K,   0% used [0x00007f626b140000, 0x00007f626b140000, 0x00007f6276ef0000)
 tenured generation   total 3884908K, used 3881702K [0x00007f6755b50000, 0x00007f6842d2b000, 0x00007f7200600000)
   the space 3884908K,  99% used [0x00007f6755b50000, 0x00007f6842a09900, 0x00007f6842a09a00, 0x00007f6842d2b000)
 Metaspace       used 24310K, capacity 24753K, committed 24832K, reserved 26624K
}
Event: 9254.205 GC heap before
{Heap before GC invocations=11298 (full 3):
 def new generation   total 1748224K, used 1564987K [0x00007f6200600000, 0x00007f6276ef0000, 0x00007f6755b50000)
  eden space 1553984K, 100% used [0x00007f6200600000, 0x00007f625f390000, 0x00007f625f390000)
  from space 194240K,   5% used [0x00007f625f390000, 0x00007f625fe4ee80, 0x00007f626b140000)
  to   space 194240K,   0% used [0x00007f626b140000, 0x00007f626b140000, 0x00007f6276ef0000)
 tenured generation   total 3884908K, used 3881702K [0x00007f6755b50000, 0x00007f6842d2b000, 0x00007f7200600000)
   the space 3884908K,  99% used [0x00007f6755b50000, 0x00007f6842a09900, 0x00007f6842a09a00, 0x00007f6842d2b000)
 Metaspace       used 24310K, capacity 24753K, committed 24832K, reserved 26624K
}
Event: 9254.228 GC heap after
{Heap after GC invocations=11299 (full 3):
 def new generation   total 1748224K, used 10761K [0x00007f6200600000, 0x00007f6276ef0000, 0x00007f6755b50000)
  eden space 1553984K,   0% used [0x00007f6200600000, 0x00007f6200600000, 0x00007f625f390000)
  from space 194240K,   5% used [0x00007f626b140000, 0x00007f626bbc25f8, 0x00007f6276ef0000)
  to   space 194240K,   0% used [0x00007f625f390000, 0x00007f625f390000, 0x00007f626b140000)
 tenured generation   total 3884908K, used 3882304K [0x00007f6755b50000, 0x00007f6842d2b000, 0x00007f7200600000)
   the space 3884908K,  99% used [0x00007f6755b50000, 0x00007f6842aa0360, 0x00007f6842aa0400, 0x00007f6842d2b000)
 Metaspace       used 24310K, capacity 24753K, committed 24832K, reserved 26624K
}
Event: 9255.695 GC heap before
{Heap before GC invocations=11299 (full 3):
 def new generation   total 1748224K, used 1564745K [0x00007f6200600000, 0x00007f6276ef0000, 0x00007f6755b50000)
  eden space 1553984K, 100% used [0x00007f6200600000, 0x00007f625f390000, 0x00007f625f390000)
  from space 194240K,   5% used [0x00007f626b140000, 0x00007f626bbc25f8, 0x00007f6276ef0000)
  to   space 194240K,   0% used [0x00007f625f390000, 0x00007f625f390000, 0x00007f626b140000)
 tenured generation   total 3884908K, used 3882304K [0x00007f6755b50000, 0x00007f6842d2b000, 0x00007f7200600000)
   the space 3884908K,  99% used [0x00007f6755b50000, 0x00007f6842aa0360, 0x00007f6842aa0400, 0x00007f6842d2b000)
 Metaspace       used 24310K, capacity 24753K, committed 24832K, reserved 26624K
}
Event: 9255.725 GC heap after
{Heap after GC invocations=11300 (full 3):
 def new generation   total 1748224K, used 10411K [0x00007f6200600000, 0x00007f6276ef0000, 0x00007f6755b50000)
  eden space 1553984K,   0% used [0x00007f6200600000, 0x00007f6200600000, 0x00007f625f390000)
  from space 194240K,   5% used [0x00007f625f390000, 0x00007f625fdbafa8, 0x00007f626b140000)
  to   space 194240K,   0% used [0x00007f626b140000, 0x00007f626b140000, 0x00007f6276ef0000)
 tenured generation   total 3884908K, used 3883099K [0x00007f6755b50000, 0x00007f6842d2b000, 0x00007f7200600000)
   the space 3884908K,  99% used [0x00007f6755b50000, 0x00007f6842b66f10, 0x00007f6842b67000, 0x00007f6842d2b000)
 Metaspace       used 24310K, capacity 24753K, committed 24832K, reserved 26624K
}
Event: 9257.092 GC heap before
{Heap before GC invocations=11300 (full 3):
 def new generation   total 1748224K, used 1564395K [0x00007f6200600000, 0x00007f6276ef0000, 0x00007f6755b50000)
  eden space 1553984K, 100% used [0x00007f6200600000, 0x00007f625f390000, 0x00007f625f390000)
  from space 194240K,   5% used [0x00007f625f390000, 0x00007f625fdbafa8, 0x00007f626b140000)
  to   space 194240K,   0% used [0x00007f626b140000, 0x00007f626b140000, 0x00007f6276ef0000)
 tenured generation   total 3884908K, used 3883099K [0x00007f6755b50000, 0x00007f6842d2b000, 0x00007f7200600000)
   the space 3884908K,  99% used [0x00007f6755b50000, 0x00007f6842b66f10, 0x00007f6842b67000, 0x00007f6842d2b000)
 Metaspace       used 24310K, capacity 24753K, committed 24832K, reserved 26624K
}
Event: 9257.119 GC heap after
{Heap after GC invocations=11301 (full 3):
 def new generation   total 1748224K, used 9662K [0x00007f6200600000, 0x00007f6276ef0000, 0x00007f6755b50000)
  eden space 1553984K,   0% used [0x00007f6200600000, 0x00007f6200600000, 0x00007f625f390000)
  from space 194240K,   4% used [0x00007f626b140000, 0x00007f626baafab8, 0x00007f6276ef0000)
  to   space 194240K,   0% used [0x00007f625f390000, 0x00007f625f390000, 0x00007f626b140000)
 tenured generation   total 3884908K, used 3884464K [0x00007f6755b50000, 0x00007f6842d2b000, 0x00007f7200600000)
   the space 3884908K,  99% used [0x00007f6755b50000, 0x00007f6842cbc0a0, 0x00007f6842cbc200, 0x00007f6842d2b000)
 Metaspace       used 24310K, capacity 24753K, committed 24832K, reserved 26624K
}
Event: 9258.512 GC heap before
{Heap before GC invocations=11301 (full 3):
 def new generation   total 1748224K, used 1563646K [0x00007f6200600000, 0x00007f6276ef0000, 0x00007f6755b50000)
  eden space 1553984K, 100% used [0x00007f6200600000, 0x00007f625f390000, 0x00007f625f390000)
  from space 194240K,   4% used [0x00007f626b140000, 0x00007f626baafab8, 0x00007f6276ef0000)
  to   space 194240K,   0% used [0x00007f625f390000, 0x00007f625f390000, 0x00007f626b140000)
 tenured generation   total 3884908K, used 3884464K [0x00007f6755b50000, 0x00007f6842d2b000, 0x00007f7200600000)
   the space 3884908K,  99% used [0x00007f6755b50000, 0x00007f6842cbc0a0, 0x00007f6842cbc200, 0x00007f6842d2b000)
 Metaspace       used 24310K, capacity 24753K, committed 24832K, reserved 26624K
}
Event: 9258.540 GC heap after
{Heap after GC invocations=11302 (full 3):
 def new generation   total 1748224K, used 8927K [0x00007f6200600000, 0x00007f6276ef0000, 0x00007f6755b50000)
  eden space 1553984K,   0% used [0x00007f6200600000, 0x00007f6200600000, 0x00007f625f390000)
  from space 194240K,   4% used [0x00007f625f390000, 0x00007f625fc47cc8, 0x00007f626b140000)
  to   space 194240K,   0% used [0x00007f626b140000, 0x00007f626b140000, 0x00007f6276ef0000)
 tenured generation   total 3885868K, used 3885824K [0x00007f6755b50000, 0x00007f6842e1b000, 0x00007f7200600000)
   the space 3885868K,  99% used [0x00007f6755b50000, 0x00007f6842e10180, 0x00007f6842e10200, 0x00007f6842e1b000)
 Metaspace       used 24310K, capacity 24753K, committed 24832K, reserved 26624K
}
Event: 9258.540 GC heap before
{Heap before GC invocations=11302 (full 3):
 def new generation   total 1748224K, used 8927K [0x00007f6200600000, 0x00007f6276ef0000, 0x00007f6755b50000)
  eden space 1553984K,   0% used [0x00007f6200600000, 0x00007f6200600000, 0x00007f625f390000)
  from space 194240K,   4% used [0x00007f625f390000, 0x00007f625fc47cc8, 0x00007f626b140000)
  to   space 194240K,   0% used [0x00007f626b140000, 0x00007f626b140000, 0x00007f6276ef0000)
 tenured generation   total 3885868K, used 3885824K [0x00007f6755b50000, 0x00007f6842e1b000, 0x00007f7200600000)
   the space 3885868K,  99% used [0x00007f6755b50000, 0x00007f6842e10180, 0x00007f6842e10200, 0x00007f6842e1b000)
 Metaspace       used 24310K, capacity 24753K, committed 24832K, reserved 26624K
}

