# JRE version: OpenJDK Runtime Environment (13.0.7+5) (build 13.0.7+5-Ubuntu-0ubuntu120.04)
# Java VM: OpenJDK 64-Bit Server VM (13.0.7+5-Ubuntu-0ubuntu120.04, mixed mode, tiered, serial gc, linux-amd64)
Heap:
 def new generation   total 1048832K, used 4069K [0x00007fe4b8600000, 0x00007fe4ff800000, 0x00007fea0db50000)
  eden space 932352K,   0% used [0x00007fe4b8600000, 0x00007fe4b89f9488, 0x00007fe4f1480000)
  from space 116480K,   0% used [0x00007fe4f1480000, 0x00007fe4f1480000, 0x00007fe4f8640000)
  to   space 116480K,   0% used [0x00007fe4f8640000, 0x00007fe4f8640000, 0x00007fe4ff800000)
 tenured generation   total 2330560K, used 2330559K [0x00007fea0db50000, 0x00007fea9bf40000, 0x00007ff4b8600000)
   the space 2330560K,  99% used [0x00007fea0db50000, 0x00007fea9bf3fff8, 0x00007fea9bf40000, 0x00007fea9bf40000)
 Metaspace       used 24228K, capacity 24592K, committed 24832K, reserved 26624K
GC Heap History (20 events):
Event: 4655.602 GC heap after
{Heap after GC invocations=12030 (full 2):
 def new generation   total 1048832K, used 4063K [0x00007fe4b8600000, 0x00007fe4ff800000, 0x00007fea0db50000)
  eden space 932352K,   0% used [0x00007fe4b8600000, 0x00007fe4b8600000, 0x00007fe4f1480000)
  from space 116480K,   3% used [0x00007fe4f8640000, 0x00007fe4f8a37fb0, 0x00007fe4ff800000)
  to   space 116480K,   0% used [0x00007fe4f1480000, 0x00007fe4f1480000, 0x00007fe4f8640000)
 tenured generation   total 2330560K, used 2328139K [0x00007fea0db50000, 0x00007fea9bf40000, 0x00007ff4b8600000)
   the space 2330560K,  99% used [0x00007fea0db50000, 0x00007fea9bce2e78, 0x00007fea9bce3000, 0x00007fea9bf40000)
 Metaspace       used 24228K, capacity 24592K, committed 24832K, reserved 26624K
}
Event: 4656.126 GC heap before
{Heap before GC invocations=12030 (full 2):
 def new generation   total 1048832K, used 936415K [0x00007fe4b8600000, 0x00007fe4ff800000, 0x00007fea0db50000)
  eden space 932352K, 100% used [0x00007fe4b8600000, 0x00007fe4f1480000, 0x00007fe4f1480000)
  from space 116480K,   3% used [0x00007fe4f8640000, 0x00007fe4f8a37fb0, 0x00007fe4ff800000)
  to   space 116480K,   0% used [0x00007fe4f1480000, 0x00007fe4f1480000, 0x00007fe4f8640000)
 tenured generation   total 2330560K, used 2328139K [0x00007fea0db50000, 0x00007fea9bf40000, 0x00007ff4b8600000)
   the space 2330560K,  99% used [0x00007fea0db50000, 0x00007fea9bce2e78, 0x00007fea9bce3000, 0x00007fea9bf40000)
 Metaspace       used 24228K, capacity 24592K, committed 24832K, reserved 26624K
}
Event: 4656.134 GC heap after
{Heap after GC invocations=12031 (full 2):
 def new generation   total 1048832K, used 4079K [0x00007fe4b8600000, 0x00007fe4ff800000, 0x00007fea0db50000)
  eden space 932352K,   0% used [0x00007fe4b8600000, 0x00007fe4b8600000, 0x00007fe4f1480000)
  from space 116480K,   3% used [0x00007fe4f1480000, 0x00007fe4f187bd18, 0x00007fe4f8640000)
  to   space 116480K,   0% used [0x00007fe4f8640000, 0x00007fe4f8640000, 0x00007fe4ff800000)
 tenured generation   total 2330560K, used 2328409K [0x00007fea0db50000, 0x00007fea9bf40000, 0x00007ff4b8600000)
   the space 2330560K,  99% used [0x00007fea0db50000, 0x00007fea9bd26708, 0x00007fea9bd26800, 0x00007fea9bf40000)
 Metaspace       used 24228K, capacity 24592K, committed 24832K, reserved 26624K
}
Event: 4656.670 GC heap before
{Heap before GC invocations=12031 (full 2):
 def new generation   total 1048832K, used 936431K [0x00007fe4b8600000, 0x00007fe4ff800000, 0x00007fea0db50000)
  eden space 932352K, 100% used [0x00007fe4b8600000, 0x00007fe4f1480000, 0x00007fe4f1480000)
  from space 116480K,   3% used [0x00007fe4f1480000, 0x00007fe4f187bd18, 0x00007fe4f8640000)
  to   space 116480K,   0% used [0x00007fe4f8640000, 0x00007fe4f8640000, 0x00007fe4ff800000)
 tenured generation   total 2330560K, used 2328409K [0x00007fea0db50000, 0x00007fea9bf40000, 0x00007ff4b8600000)
   the space 2330560K,  99% used [0x00007fea0db50000, 0x00007fea9bd26708, 0x00007fea9bd26800, 0x00007fea9bf40000)
 Metaspace       used 24228K, capacity 24592K, committed 24832K, reserved 26624K
}
Event: 4656.678 GC heap after
{Heap after GC invocations=12032 (full 2):
 def new generation   total 1048832K, used 4064K [0x00007fe4b8600000, 0x00007fe4ff800000, 0x00007fea0db50000)
  eden space 932352K,   0% used [0x00007fe4b8600000, 0x00007fe4b8600000, 0x00007fe4f1480000)
  from space 116480K,   3% used [0x00007fe4f8640000, 0x00007fe4f8a382d0, 0x00007fe4ff800000)
  to   space 116480K,   0% used [0x00007fe4f1480000, 0x00007fe4f1480000, 0x00007fe4f8640000)
 tenured generation   total 2330560K, used 2328679K [0x00007fea0db50000, 0x00007fea9bf40000, 0x00007ff4b8600000)
   the space 2330560K,  99% used [0x00007fea0db50000, 0x00007fea9bd69f98, 0x00007fea9bd6a000, 0x00007fea9bf40000)
 Metaspace       used 24228K, capacity 24592K, committed 24832K, reserved 26624K
}
Event: 4657.211 GC heap before
{Heap before GC invocations=12032 (full 2):
 def new generation   total 1048832K, used 936416K [0x00007fe4b8600000, 0x00007fe4ff800000, 0x00007fea0db50000)
  eden space 932352K, 100% used [0x00007fe4b8600000, 0x00007fe4f1480000, 0x00007fe4f1480000)
  from space 116480K,   3% used [0x00007fe4f8640000, 0x00007fe4f8a382d0, 0x00007fe4ff800000)
  to   space 116480K,   0% used [0x00007fe4f1480000, 0x00007fe4f1480000, 0x00007fe4f8640000)
 tenured generation   total 2330560K, used 2328679K [0x00007fea0db50000, 0x00007fea9bf40000, 0x00007ff4b8600000)
   the space 2330560K,  99% used [0x00007fea0db50000, 0x00007fea9bd69f98, 0x00007fea9bd6a000, 0x00007fea9bf40000)
 Metaspace       used 24228K, capacity 24592K, committed 24832K, reserved 26624K
}
Event: 4657.220 GC heap after
{Heap after GC invocations=12033 (full 2):
 def new generation   total 1048832K, used 4068K [0x00007fe4b8600000, 0x00007fe4ff800000, 0x00007fea0db50000)
  eden space 932352K,   0% used [0x00007fe4b8600000, 0x00007fe4b8600000, 0x00007fe4f1480000)
  from space 116480K,   3% used [0x00007fe4f1480000, 0x00007fe4f1879140, 0x00007fe4f8640000)
  to   space 116480K,   0% used [0x00007fe4f8640000, 0x00007fe4f8640000, 0x00007fe4ff800000)
 tenured generation   total 2330560K, used 2328950K [0x00007fea0db50000, 0x00007fea9bf40000, 0x00007ff4b8600000)
   the space 2330560K,  99% used [0x00007fea0db50000, 0x00007fea9bdad828, 0x00007fea9bdada00, 0x00007fea9bf40000)
 Metaspace       used 24228K, capacity 24592K, committed 24832K, reserved 26624K
}
Event: 4657.762 GC heap before
{Heap before GC invocations=12033 (full 2):
 def new generation   total 1048832K, used 936420K [0x00007fe4b8600000, 0x00007fe4ff800000, 0x00007fea0db50000)
  eden space 932352K, 100% used [0x00007fe4b8600000, 0x00007fe4f1480000, 0x00007fe4f1480000)
  from space 116480K,   3% used [0x00007fe4f1480000, 0x00007fe4f1879140, 0x00007fe4f8640000)
  to   space 116480K,   0% used [0x00007fe4f8640000, 0x00007fe4f8640000, 0x00007fe4ff800000)
 tenured generation   total 2330560K, used 2328950K [0x00007fea0db50000, 0x00007fea9bf40000, 0x00007ff4b8600000)
   the space 2330560K,  99% used [0x00007fea0db50000, 0x00007fea9bdad828, 0x00007fea9bdada00, 0x00007fea9bf40000)
 Metaspace       used 24228K, capacity 24592K, committed 24832K, reserved 26624K
}
Event: 4657.770 GC heap after
{Heap after GC invocations=12034 (full 2):
 def new generation   total 1048832K, used 4072K [0x00007fe4b8600000, 0x00007fe4ff800000, 0x00007fea0db50000)
  eden space 932352K,   0% used [0x00007fe4b8600000, 0x00007fe4b8600000, 0x00007fe4f1480000)
  from space 116480K,   3% used [0x00007fe4f8640000, 0x00007fe4f8a3a3a8, 0x00007fe4ff800000)
  to   space 116480K,   0% used [0x00007fe4f1480000, 0x00007fe4f1480000, 0x00007fe4f8640000)
 tenured generation   total 2330560K, used 2329220K [0x00007fea0db50000, 0x00007fea9bf40000, 0x00007ff4b8600000)
   the space 2330560K,  99% used [0x00007fea0db50000, 0x00007fea9bdf10b8, 0x00007fea9bdf1200, 0x00007fea9bf40000)
 Metaspace       used 24228K, capacity 24592K, committed 24832K, reserved 26624K
}
Event: 4658.306 GC heap before
{Heap before GC invocations=12034 (full 2):
 def new generation   total 1048832K, used 936424K [0x00007fe4b8600000, 0x00007fe4ff800000, 0x00007fea0db50000)
  eden space 932352K, 100% used [0x00007fe4b8600000, 0x00007fe4f1480000, 0x00007fe4f1480000)
  from space 116480K,   3% used [0x00007fe4f8640000, 0x00007fe4f8a3a3a8, 0x00007fe4ff800000)
  to   space 116480K,   0% used [0x00007fe4f1480000, 0x00007fe4f1480000, 0x00007fe4f8640000)
 tenured generation   total 2330560K, used 2329220K [0x00007fea0db50000, 0x00007fea9bf40000, 0x00007ff4b8600000)
   the space 2330560K,  99% used [0x00007fea0db50000, 0x00007fea9bdf10b8, 0x00007fea9bdf1200, 0x00007fea9bf40000)
 Metaspace       used 24228K, capacity 24592K, committed 24832K, reserved 26624K
}
Event: 4658.314 GC heap after
{Heap after GC invocations=12035 (full 2):
 def new generation   total 1048832K, used 4065K [0x00007fe4b8600000, 0x00007fe4ff800000, 0x00007fea0db50000)
  eden space 932352K,   0% used [0x00007fe4b8600000, 0x00007fe4b8600000, 0x00007fe4f1480000)
  from space 116480K,   3% used [0x00007fe4f1480000, 0x00007fe4f18785b0, 0x00007fe4f8640000)
  to   space 116480K,   0% used [0x00007fe4f8640000, 0x00007fe4f8640000, 0x00007fe4ff800000)
 tenured generation   total 2330560K, used 2329490K [0x00007fea0db50000, 0x00007fea9bf40000, 0x00007ff4b8600000)
   the space 2330560K,  99% used [0x00007fea0db50000, 0x00007fea9be34948, 0x00007fea9be34a00, 0x00007fea9bf40000)
 Metaspace       used 24228K, capacity 24592K, committed 24832K, reserved 26624K
}
Event: 4658.851 GC heap before
{Heap before GC invocations=12035 (full 2):
 def new generation   total 1048832K, used 936417K [0x00007fe4b8600000, 0x00007fe4ff800000, 0x00007fea0db50000)
  eden space 932352K, 100% used [0x00007fe4b8600000, 0x00007fe4f1480000, 0x00007fe4f1480000)
  from space 116480K,   3% used [0x00007fe4f1480000, 0x00007fe4f18785b0, 0x00007fe4f8640000)
  to   space 116480K,   0% used [0x00007fe4f8640000, 0x00007fe4f8640000, 0x00007fe4ff800000)
 tenured generation   total 2330560K, used 2329490K [0x00007fea0db50000, 0x00007fea9bf40000, 0x00007ff4b8600000)
   the space 2330560K,  99% used [0x00007fea0db50000, 0x00007fea9be34948, 0x00007fea9be34a00, 0x00007fea9bf40000)
 Metaspace       used 24228K, capacity 24592K, committed 24832K, reserved 26624K
}
Event: 4658.859 GC heap after
{Heap after GC invocations=12036 (full 2):
 def new generation   total 1048832K, used 4066K [0x00007fe4b8600000, 0x00007fe4ff800000, 0x00007fea0db50000)
  eden space 932352K,   0% used [0x00007fe4b8600000, 0x00007fe4b8600000, 0x00007fe4f1480000)
  from space 116480K,   3% used [0x00007fe4f8640000, 0x00007fe4f8a38998, 0x00007fe4ff800000)
  to   space 116480K,   0% used [0x00007fe4f1480000, 0x00007fe4f1480000, 0x00007fe4f8640000)
 tenured generation   total 2330560K, used 2329760K [0x00007fea0db50000, 0x00007fea9bf40000, 0x00007ff4b8600000)
   the space 2330560K,  99% used [0x00007fea0db50000, 0x00007fea9be781d8, 0x00007fea9be78200, 0x00007fea9bf40000)
 Metaspace       used 24228K, capacity 24592K, committed 24832K, reserved 26624K
}
Event: 4659.387 GC heap before
{Heap before GC invocations=12036 (full 2):
 def new generation   total 1048832K, used 936418K [0x00007fe4b8600000, 0x00007fe4ff800000, 0x00007fea0db50000)
  eden space 932352K, 100% used [0x00007fe4b8600000, 0x00007fe4f1480000, 0x00007fe4f1480000)
  from space 116480K,   3% used [0x00007fe4f8640000, 0x00007fe4f8a38998, 0x00007fe4ff800000)
  to   space 116480K,   0% used [0x00007fe4f1480000, 0x00007fe4f1480000, 0x00007fe4f8640000)
 tenured generation   total 2330560K, used 2329760K [0x00007fea0db50000, 0x00007fea9bf40000, 0x00007ff4b8600000)
   the space 2330560K,  99% used [0x00007fea0db50000, 0x00007fea9be781d8, 0x00007fea9be78200, 0x00007fea9bf40000)
 Metaspace       used 24228K, capacity 24592K, committed 24832K, reserved 26624K
}
Event: 4659.395 GC heap after
{Heap after GC invocations=12037 (full 2):
 def new generation   total 1048832K, used 4082K [0x00007fe4b8600000, 0x00007fe4ff800000, 0x00007fea0db50000)
  eden space 932352K,   0% used [0x00007fe4b8600000, 0x00007fe4b8600000, 0x00007fe4f1480000)
  from space 116480K,   3% used [0x00007fe4f1480000, 0x00007fe4f187ca40, 0x00007fe4f8640000)
  to   space 116480K,   0% used [0x00007fe4f8640000, 0x00007fe4f8640000, 0x00007fe4ff800000)
 tenured generation   total 2330560K, used 2330015K [0x00007fea0db50000, 0x00007fea9bf40000, 0x00007ff4b8600000)
   the space 2330560K,  99% used [0x00007fea0db50000, 0x00007fea9beb7da8, 0x00007fea9beb7e00, 0x00007fea9bf40000)
 Metaspace       used 24228K, capacity 24592K, committed 24832K, reserved 26624K
}
Event: 4659.936 GC heap before
{Heap before GC invocations=12037 (full 2):
 def new generation   total 1048832K, used 936434K [0x00007fe4b8600000, 0x00007fe4ff800000, 0x00007fea0db50000)
  eden space 932352K, 100% used [0x00007fe4b8600000, 0x00007fe4f1480000, 0x00007fe4f1480000)
  from space 116480K,   3% used [0x00007fe4f1480000, 0x00007fe4f187ca40, 0x00007fe4f8640000)
  to   space 116480K,   0% used [0x00007fe4f8640000, 0x00007fe4f8640000, 0x00007fe4ff800000)
 tenured generation   total 2330560K, used 2330015K [0x00007fea0db50000, 0x00007fea9bf40000, 0x00007ff4b8600000)
   the space 2330560K,  99% used [0x00007fea0db50000, 0x00007fea9beb7da8, 0x00007fea9beb7e00, 0x00007fea9bf40000)
 Metaspace       used 24228K, capacity 24592K, committed 24832K, reserved 26624K
}
Event: 4659.944 GC heap after
{Heap after GC invocations=12038 (full 2):
 def new generation   total 1048832K, used 4079K [0x00007fe4b8600000, 0x00007fe4ff800000, 0x00007fea0db50000)
  eden space 932352K,   0% used [0x00007fe4b8600000, 0x00007fe4b8600000, 0x00007fe4f1480000)
  from space 116480K,   3% used [0x00007fe4f8640000, 0x00007fe4f8a3bfe8, 0x00007fe4ff800000)
  to   space 116480K,   0% used [0x00007fe4f1480000, 0x00007fe4f1480000, 0x00007fe4f8640000)
 tenured generation   total 2330560K, used 2330289K [0x00007fea0db50000, 0x00007fea9bf40000, 0x00007ff4b8600000)
   the space 2330560K,  99% used [0x00007fea0db50000, 0x00007fea9befc4a8, 0x00007fea9befc600, 0x00007fea9bf40000)
 Metaspace       used 24228K, capacity 24592K, committed 24832K, reserved 26624K
}
Event: 4660.480 GC heap before
{Heap before GC invocations=12038 (full 2):
 def new generation   total 1048832K, used 936431K [0x00007fe4b8600000, 0x00007fe4ff800000, 0x00007fea0db50000)
  eden space 932352K, 100% used [0x00007fe4b8600000, 0x00007fe4f1480000, 0x00007fe4f1480000)
  from space 116480K,   3% used [0x00007fe4f8640000, 0x00007fe4f8a3bfe8, 0x00007fe4ff800000)
  to   space 116480K,   0% used [0x00007fe4f1480000, 0x00007fe4f1480000, 0x00007fe4f8640000)
 tenured generation   total 2330560K, used 2330289K [0x00007fea0db50000, 0x00007fea9bf40000, 0x00007ff4b8600000)
   the space 2330560K,  99% used [0x00007fea0db50000, 0x00007fea9befc4a8, 0x00007fea9befc600, 0x00007fea9bf40000)
 Metaspace       used 24228K, capacity 24592K, committed 24832K, reserved 26624K
}
Event: 4660.488 GC heap after
{Heap after GC invocations=12039 (full 2):
 def new generation   total 1048832K, used 4082K [0x00007fe4b8600000, 0x00007fe4ff800000, 0x00007fea0db50000)
  eden space 932352K,   0% used [0x00007fe4b8600000, 0x00007fe4b8600000, 0x00007fe4f1480000)
  from space 116480K,   3% used [0x00007fe4f1480000, 0x00007fe4f187c8f0, 0x00007fe4f8640000)
  to   space 116480K,   0% used [0x00007fe4f8640000, 0x00007fe4f8640000, 0x00007fe4ff800000)
 tenured generation   total 2330560K, used 2330559K [0x00007fea0db50000, 0x00007fea9bf40000, 0x00007ff4b8600000)
   the space 2330560K,  99% used [0x00007fea0db50000, 0x00007fea9bf3fd38, 0x00007fea9bf3fe00, 0x00007fea9bf40000)
 Metaspace       used 24228K, capacity 24592K, committed 24832K, reserved 26624K
}
Event: 4660.488 GC heap before
{Heap before GC invocations=12039 (full 2):
 def new generation   total 1048832K, used 4082K [0x00007fe4b8600000, 0x00007fe4ff800000, 0x00007fea0db50000)
  eden space 932352K,   0% used [0x00007fe4b8600000, 0x00007fe4b8600000, 0x00007fe4f1480000)
  from space 116480K,   3% used [0x00007fe4f1480000, 0x00007fe4f187c8f0, 0x00007fe4f8640000)
  to   space 116480K,   0% used [0x00007fe4f8640000, 0x00007fe4f8640000, 0x00007fe4ff800000)
 tenured generation   total 2330560K, used 2330559K [0x00007fea0db50000, 0x00007fea9bf40000, 0x00007ff4b8600000)
   the space 2330560K,  99% used [0x00007fea0db50000, 0x00007fea9bf3fd38, 0x00007fea9bf3fe00, 0x00007fea9bf40000)
 Metaspace       used 24228K, capacity 24592K, committed 24832K, reserved 26624K
}

