# JRE version: OpenJDK Runtime Environment (13.0.7+5) (build 13.0.7+5-Ubuntu-0ubuntu120.04)
# Java VM: OpenJDK 64-Bit Server VM (13.0.7+5-Ubuntu-0ubuntu120.04, mixed mode, tiered, serial gc, linux-amd64)
Heap:
 def new generation   total 4839488K, used 33500K [0x00007f581c600000, 0x00007f5964920000, 0x00007f5d71b50000)
  eden space 4301824K,   0% used [0x00007f581c600000, 0x00007f581e6b73d8, 0x00007f5922f00000)
  from space 537664K,   0% used [0x00007f5943c10000, 0x00007f5943c10000, 0x00007f5964920000)
  to   space 537664K,   0% used [0x00007f5922f00000, 0x00007f5922f00000, 0x00007f5943c10000)
 tenured generation   total 10754560K, used 10754536K [0x00007f5d71b50000, 0x00007f60021d0000, 0x00007f681c600000)
   the space 10754560K,  99% used [0x00007f5d71b50000, 0x00007f60021ca008, 0x00007f60021ca200, 0x00007f60021d0000)
 Metaspace       used 24326K, capacity 24772K, committed 24832K, reserved 26624K
GC Heap History (20 events):
Event: 19773.295 GC heap after
{Heap after GC invocations=12645 (full 5):
 def new generation   total 4839488K, used 33608K [0x00007f581c600000, 0x00007f5964920000, 0x00007f5d71b50000)
  eden space 4301824K,   0% used [0x00007f581c600000, 0x00007f581c600000, 0x00007f5922f00000)
  from space 537664K,   6% used [0x00007f5922f00000, 0x00007f5924fd2000, 0x00007f5943c10000)
  to   space 537664K,   0% used [0x00007f5943c10000, 0x00007f5943c10000, 0x00007f5964920000)
 tenured generation   total 10754176K, used 10735566K [0x00007f5d71b50000, 0x00007f6002170000, 0x00007f681c600000)
   the space 10754176K,  99% used [0x00007f5d71b50000, 0x00007f6000f43938, 0x00007f6000f43a00, 0x00007f6002170000)
 Metaspace       used 24326K, capacity 24772K, committed 24832K, reserved 26624K
}
Event: 19777.331 GC heap before
{Heap before GC invocations=12645 (full 5):
 def new generation   total 4839488K, used 4335432K [0x00007f581c600000, 0x00007f5964920000, 0x00007f5d71b50000)
  eden space 4301824K, 100% used [0x00007f581c600000, 0x00007f5922f00000, 0x00007f5922f00000)
  from space 537664K,   6% used [0x00007f5922f00000, 0x00007f5924fd2000, 0x00007f5943c10000)
  to   space 537664K,   0% used [0x00007f5943c10000, 0x00007f5943c10000, 0x00007f5964920000)
 tenured generation   total 10754176K, used 10735566K [0x00007f5d71b50000, 0x00007f6002170000, 0x00007f681c600000)
   the space 10754176K,  99% used [0x00007f5d71b50000, 0x00007f6000f43938, 0x00007f6000f43a00, 0x00007f6002170000)
 Metaspace       used 24326K, capacity 24772K, committed 24832K, reserved 26624K
}
Event: 19777.409 GC heap after
{Heap after GC invocations=12646 (full 5):
 def new generation   total 4839488K, used 32786K [0x00007f581c600000, 0x00007f5964920000, 0x00007f5d71b50000)
  eden space 4301824K,   0% used [0x00007f581c600000, 0x00007f581c600000, 0x00007f5922f00000)
  from space 537664K,   6% used [0x00007f5943c10000, 0x00007f5945c14a10, 0x00007f5964920000)
  to   space 537664K,   0% used [0x00007f5922f00000, 0x00007f5922f00000, 0x00007f5943c10000)
 tenured generation   total 10754176K, used 10738008K [0x00007f5d71b50000, 0x00007f6002170000, 0x00007f681c600000)
   the space 10754176K,  99% used [0x00007f5d71b50000, 0x00007f60011a63a8, 0x00007f60011a6400, 0x00007f6002170000)
 Metaspace       used 24326K, capacity 24772K, committed 24832K, reserved 26624K
}
Event: 19781.498 GC heap before
{Heap before GC invocations=12646 (full 5):
 def new generation   total 4839488K, used 4334610K [0x00007f581c600000, 0x00007f5964920000, 0x00007f5d71b50000)
  eden space 4301824K, 100% used [0x00007f581c600000, 0x00007f5922f00000, 0x00007f5922f00000)
  from space 537664K,   6% used [0x00007f5943c10000, 0x00007f5945c14a10, 0x00007f5964920000)
  to   space 537664K,   0% used [0x00007f5922f00000, 0x00007f5922f00000, 0x00007f5943c10000)
 tenured generation   total 10754176K, used 10738008K [0x00007f5d71b50000, 0x00007f6002170000, 0x00007f681c600000)
   the space 10754176K,  99% used [0x00007f5d71b50000, 0x00007f60011a63a8, 0x00007f60011a6400, 0x00007f6002170000)
 Metaspace       used 24326K, capacity 24772K, committed 24832K, reserved 26624K
}
Event: 19781.573 GC heap after
{Heap after GC invocations=12647 (full 5):
 def new generation   total 4839488K, used 32018K [0x00007f581c600000, 0x00007f5964920000, 0x00007f5d71b50000)
  eden space 4301824K,   0% used [0x00007f581c600000, 0x00007f581c600000, 0x00007f5922f00000)
  from space 537664K,   5% used [0x00007f5922f00000, 0x00007f5924e44968, 0x00007f5943c10000)
  to   space 537664K,   0% used [0x00007f5943c10000, 0x00007f5943c10000, 0x00007f5964920000)
 tenured generation   total 10754176K, used 10740396K [0x00007f5d71b50000, 0x00007f6002170000, 0x00007f681c600000)
   the space 10754176K,  99% used [0x00007f5d71b50000, 0x00007f60013fb360, 0x00007f60013fb400, 0x00007f6002170000)
 Metaspace       used 24326K, capacity 24772K, committed 24832K, reserved 26624K
}
Event: 19785.708 GC heap before
{Heap before GC invocations=12647 (full 5):
 def new generation   total 4839488K, used 4333842K [0x00007f581c600000, 0x00007f5964920000, 0x00007f5d71b50000)
  eden space 4301824K, 100% used [0x00007f581c600000, 0x00007f5922f00000, 0x00007f5922f00000)
  from space 537664K,   5% used [0x00007f5922f00000, 0x00007f5924e44968, 0x00007f5943c10000)
  to   space 537664K,   0% used [0x00007f5943c10000, 0x00007f5943c10000, 0x00007f5964920000)
 tenured generation   total 10754176K, used 10740396K [0x00007f5d71b50000, 0x00007f6002170000, 0x00007f681c600000)
   the space 10754176K,  99% used [0x00007f5d71b50000, 0x00007f60013fb360, 0x00007f60013fb400, 0x00007f6002170000)
 Metaspace       used 24326K, capacity 24772K, committed 24832K, reserved 26624K
}
Event: 19785.780 GC heap after
{Heap after GC invocations=12648 (full 5):
 def new generation   total 4839488K, used 31698K [0x00007f581c600000, 0x00007f5964920000, 0x00007f5d71b50000)
  eden space 4301824K,   0% used [0x00007f581c600000, 0x00007f581c600000, 0x00007f5922f00000)
  from space 537664K,   5% used [0x00007f5943c10000, 0x00007f5945b04a88, 0x00007f5964920000)
  to   space 537664K,   0% used [0x00007f5922f00000, 0x00007f5922f00000, 0x00007f5943c10000)
 tenured generation   total 10754176K, used 10742289K [0x00007f5d71b50000, 0x00007f6002170000, 0x00007f681c600000)
   the space 10754176K,  99% used [0x00007f5d71b50000, 0x00007f60015d4560, 0x00007f60015d4600, 0x00007f6002170000)
 Metaspace       used 24326K, capacity 24772K, committed 24832K, reserved 26624K
}
Event: 19789.891 GC heap before
{Heap before GC invocations=12648 (full 5):
 def new generation   total 4839488K, used 4333522K [0x00007f581c600000, 0x00007f5964920000, 0x00007f5d71b50000)
  eden space 4301824K, 100% used [0x00007f581c600000, 0x00007f5922f00000, 0x00007f5922f00000)
  from space 537664K,   5% used [0x00007f5943c10000, 0x00007f5945b04a88, 0x00007f5964920000)
  to   space 537664K,   0% used [0x00007f5922f00000, 0x00007f5922f00000, 0x00007f5943c10000)
 tenured generation   total 10754176K, used 10742289K [0x00007f5d71b50000, 0x00007f6002170000, 0x00007f681c600000)
   the space 10754176K,  99% used [0x00007f5d71b50000, 0x00007f60015d4560, 0x00007f60015d4600, 0x00007f6002170000)
 Metaspace       used 24326K, capacity 24772K, committed 24832K, reserved 26624K
}
Event: 19789.969 GC heap after
{Heap after GC invocations=12649 (full 5):
 def new generation   total 4839488K, used 32154K [0x00007f581c600000, 0x00007f5964920000, 0x00007f5d71b50000)
  eden space 4301824K,   0% used [0x00007f581c600000, 0x00007f581c600000, 0x00007f5922f00000)
  from space 537664K,   5% used [0x00007f5922f00000, 0x00007f5924e669b0, 0x00007f5943c10000)
  to   space 537664K,   0% used [0x00007f5943c10000, 0x00007f5943c10000, 0x00007f5964920000)
 tenured generation   total 10754176K, used 10743855K [0x00007f5d71b50000, 0x00007f6002170000, 0x00007f681c600000)
   the space 10754176K,  99% used [0x00007f5d71b50000, 0x00007f600175bf40, 0x00007f600175c000, 0x00007f6002170000)
 Metaspace       used 24326K, capacity 24772K, committed 24832K, reserved 26624K
}
Event: 19794.005 GC heap before
{Heap before GC invocations=12649 (full 5):
 def new generation   total 4839488K, used 4333978K [0x00007f581c600000, 0x00007f5964920000, 0x00007f5d71b50000)
  eden space 4301824K, 100% used [0x00007f581c600000, 0x00007f5922f00000, 0x00007f5922f00000)
  from space 537664K,   5% used [0x00007f5922f00000, 0x00007f5924e669b0, 0x00007f5943c10000)
  to   space 537664K,   0% used [0x00007f5943c10000, 0x00007f5943c10000, 0x00007f5964920000)
 tenured generation   total 10754176K, used 10743855K [0x00007f5d71b50000, 0x00007f6002170000, 0x00007f681c600000)
   the space 10754176K,  99% used [0x00007f5d71b50000, 0x00007f600175bf40, 0x00007f600175c000, 0x00007f6002170000)
 Metaspace       used 24326K, capacity 24772K, committed 24832K, reserved 26624K
}
Event: 19794.091 GC heap after
{Heap after GC invocations=12650 (full 5):
 def new generation   total 4839488K, used 32951K [0x00007f581c600000, 0x00007f5964920000, 0x00007f5d71b50000)
  eden space 4301824K,   0% used [0x00007f581c600000, 0x00007f581c600000, 0x00007f5922f00000)
  from space 537664K,   6% used [0x00007f5943c10000, 0x00007f5945c3dfa8, 0x00007f5964920000)
  to   space 537664K,   0% used [0x00007f5922f00000, 0x00007f5922f00000, 0x00007f5943c10000)
 tenured generation   total 10754176K, used 10745422K [0x00007f5d71b50000, 0x00007f6002170000, 0x00007f681c600000)
   the space 10754176K,  99% used [0x00007f5d71b50000, 0x00007f60018e3920, 0x00007f60018e3a00, 0x00007f6002170000)
 Metaspace       used 24326K, capacity 24772K, committed 24832K, reserved 26624K
}
Event: 19798.160 GC heap before
{Heap before GC invocations=12650 (full 5):
 def new generation   total 4839488K, used 4334775K [0x00007f581c600000, 0x00007f5964920000, 0x00007f5d71b50000)
  eden space 4301824K, 100% used [0x00007f581c600000, 0x00007f5922f00000, 0x00007f5922f00000)
  from space 537664K,   6% used [0x00007f5943c10000, 0x00007f5945c3dfa8, 0x00007f5964920000)
  to   space 537664K,   0% used [0x00007f5922f00000, 0x00007f5922f00000, 0x00007f5943c10000)
 tenured generation   total 10754176K, used 10745422K [0x00007f5d71b50000, 0x00007f6002170000, 0x00007f681c600000)
   the space 10754176K,  99% used [0x00007f5d71b50000, 0x00007f60018e3920, 0x00007f60018e3a00, 0x00007f6002170000)
 Metaspace       used 24326K, capacity 24772K, committed 24832K, reserved 26624K
}
Event: 19798.238 GC heap after
{Heap after GC invocations=12651 (full 5):
 def new generation   total 4839488K, used 33508K [0x00007f581c600000, 0x00007f5964920000, 0x00007f5d71b50000)
  eden space 4301824K,   0% used [0x00007f581c600000, 0x00007f581c600000, 0x00007f5922f00000)
  from space 537664K,   6% used [0x00007f5922f00000, 0x00007f5924fb9308, 0x00007f5943c10000)
  to   space 537664K,   0% used [0x00007f5943c10000, 0x00007f5943c10000, 0x00007f5964920000)
 tenured generation   total 10754176K, used 10747317K [0x00007f5d71b50000, 0x00007f6002170000, 0x00007f681c600000)
   the space 10754176K,  99% used [0x00007f5d71b50000, 0x00007f6001abd590, 0x00007f6001abd600, 0x00007f6002170000)
 Metaspace       used 24326K, capacity 24772K, committed 24832K, reserved 26624K
}
Event: 19802.308 GC heap before
{Heap before GC invocations=12651 (full 5):
 def new generation   total 4839488K, used 4335332K [0x00007f581c600000, 0x00007f5964920000, 0x00007f5d71b50000)
  eden space 4301824K, 100% used [0x00007f581c600000, 0x00007f5922f00000, 0x00007f5922f00000)
  from space 537664K,   6% used [0x00007f5922f00000, 0x00007f5924fb9308, 0x00007f5943c10000)
  to   space 537664K,   0% used [0x00007f5943c10000, 0x00007f5943c10000, 0x00007f5964920000)
 tenured generation   total 10754176K, used 10747317K [0x00007f5d71b50000, 0x00007f6002170000, 0x00007f681c600000)
   the space 10754176K,  99% used [0x00007f5d71b50000, 0x00007f6001abd590, 0x00007f6001abd600, 0x00007f6002170000)
 Metaspace       used 24326K, capacity 24772K, committed 24832K, reserved 26624K
}
Event: 19802.387 GC heap after
{Heap after GC invocations=12652 (full 5):
 def new generation   total 4839488K, used 33500K [0x00007f581c600000, 0x00007f5964920000, 0x00007f5d71b50000)
  eden space 4301824K,   0% used [0x00007f581c600000, 0x00007f581c600000, 0x00007f5922f00000)
  from space 537664K,   6% used [0x00007f5943c10000, 0x00007f5945cc7080, 0x00007f5964920000)
  to   space 537664K,   0% used [0x00007f5922f00000, 0x00007f5922f00000, 0x00007f5943c10000)
 tenured generation   total 10754176K, used 10749705K [0x00007f5d71b50000, 0x00007f6002170000, 0x00007f681c600000)
   the space 10754176K,  99% used [0x00007f5d71b50000, 0x00007f6001d12548, 0x00007f6001d12600, 0x00007f6002170000)
 Metaspace       used 24326K, capacity 24772K, committed 24832K, reserved 26624K
}
Event: 19806.474 GC heap before
{Heap before GC invocations=12652 (full 5):
 def new generation   total 4839488K, used 4335324K [0x00007f581c600000, 0x00007f5964920000, 0x00007f5d71b50000)
  eden space 4301824K, 100% used [0x00007f581c600000, 0x00007f5922f00000, 0x00007f5922f00000)
  from space 537664K,   6% used [0x00007f5943c10000, 0x00007f5945cc7080, 0x00007f5964920000)
  to   space 537664K,   0% used [0x00007f5922f00000, 0x00007f5922f00000, 0x00007f5943c10000)
 tenured generation   total 10754176K, used 10749705K [0x00007f5d71b50000, 0x00007f6002170000, 0x00007f681c600000)
   the space 10754176K,  99% used [0x00007f5d71b50000, 0x00007f6001d12548, 0x00007f6001d12600, 0x00007f6002170000)
 Metaspace       used 24326K, capacity 24772K, committed 24832K, reserved 26624K
}
Event: 19806.555 GC heap after
{Heap after GC invocations=12653 (full 5):
 def new generation   total 4839488K, used 33547K [0x00007f581c600000, 0x00007f5964920000, 0x00007f5d71b50000)
  eden space 4301824K,   0% used [0x00007f581c600000, 0x00007f581c600000, 0x00007f5922f00000)
  from space 537664K,   6% used [0x00007f5922f00000, 0x00007f5924fc2d78, 0x00007f5943c10000)
  to   space 537664K,   0% used [0x00007f5943c10000, 0x00007f5943c10000, 0x00007f5964920000)
 tenured generation   total 10754176K, used 10752147K [0x00007f5d71b50000, 0x00007f6002170000, 0x00007f681c600000)
   the space 10754176K,  99% used [0x00007f5d71b50000, 0x00007f6001f74fb8, 0x00007f6001f75000, 0x00007f6002170000)
 Metaspace       used 24326K, capacity 24772K, committed 24832K, reserved 26624K
}
Event: 19810.550 GC heap before
{Heap before GC invocations=12653 (full 5):
 def new generation   total 4839488K, used 4335371K [0x00007f581c600000, 0x00007f5964920000, 0x00007f5d71b50000)
  eden space 4301824K, 100% used [0x00007f581c600000, 0x00007f5922f00000, 0x00007f5922f00000)
  from space 537664K,   6% used [0x00007f5922f00000, 0x00007f5924fc2d78, 0x00007f5943c10000)
  to   space 537664K,   0% used [0x00007f5943c10000, 0x00007f5943c10000, 0x00007f5964920000)
 tenured generation   total 10754176K, used 10752147K [0x00007f5d71b50000, 0x00007f6002170000, 0x00007f681c600000)
   the space 10754176K,  99% used [0x00007f5d71b50000, 0x00007f6001f74fb8, 0x00007f6001f75000, 0x00007f6002170000)
 Metaspace       used 24326K, capacity 24772K, committed 24832K, reserved 26624K
}
Event: 19810.632 GC heap after
{Heap after GC invocations=12654 (full 5):
 def new generation   total 4839488K, used 33501K [0x00007f581c600000, 0x00007f5964920000, 0x00007f5d71b50000)
  eden space 4301824K,   0% used [0x00007f581c600000, 0x00007f581c600000, 0x00007f5922f00000)
  from space 537664K,   6% used [0x00007f5943c10000, 0x00007f5945cc7470, 0x00007f5964920000)
  to   space 537664K,   0% used [0x00007f5922f00000, 0x00007f5922f00000, 0x00007f5943c10000)
 tenured generation   total 10754560K, used 10754535K [0x00007f5d71b50000, 0x00007f60021d0000, 0x00007f681c600000)
   the space 10754560K,  99% used [0x00007f5d71b50000, 0x00007f60021c9f70, 0x00007f60021ca000, 0x00007f60021d0000)
 Metaspace       used 24326K, capacity 24772K, committed 24832K, reserved 26624K
}
Event: 19810.632 GC heap before
{Heap before GC invocations=12654 (full 5):
 def new generation   total 4839488K, used 33501K [0x00007f581c600000, 0x00007f5964920000, 0x00007f5d71b50000)
  eden space 4301824K,   0% used [0x00007f581c600000, 0x00007f581c600000, 0x00007f5922f00000)
  from space 537664K,   6% used [0x00007f5943c10000, 0x00007f5945cc7470, 0x00007f5964920000)
  to   space 537664K,   0% used [0x00007f5922f00000, 0x00007f5922f00000, 0x00007f5943c10000)
 tenured generation   total 10754560K, used 10754535K [0x00007f5d71b50000, 0x00007f60021d0000, 0x00007f681c600000)
   the space 10754560K,  99% used [0x00007f5d71b50000, 0x00007f60021c9f70, 0x00007f60021ca000, 0x00007f60021d0000)
 Metaspace       used 24326K, capacity 24772K, committed 24832K, reserved 26624K
}

