# JRE version: OpenJDK Runtime Environment (13.0.7+5) (build 13.0.7+5-Ubuntu-0ubuntu120.04)
# Java VM: OpenJDK 64-Bit Server VM (13.0.7+5-Ubuntu-0ubuntu120.04, mixed mode, tiered, serial gc, linux-amd64)
Heap:
 def new generation   total 807616K, used 0K [0x00007f04ac600000, 0x00007f04e3250000, 0x00007f0f570a0000)
  eden space 717888K,   0% used [0x00007f04ac600000, 0x00007f04ac600000, 0x00007f04d8310000)
  from space 89728K,   0% used [0x00007f04ddab0000, 0x00007f04ddab0000, 0x00007f04e3250000)
  to   space 89728K,   0% used [0x00007f04d8310000, 0x00007f04d8310000, 0x00007f04ddab0000)
 tenured generation   total 1810984K, used 1363301K [0x00007f0f570a0000, 0x00007f0fc592a000, 0x00007f24ac600000)
   the space 1810984K,  75% used [0x00007f0f570a0000, 0x00007f0faa3f9628, 0x00007f0faa3f9800, 0x00007f0fc592a000)
 Metaspace       used 24211K, capacity 24633K, committed 24832K, reserved 26624K
GC Heap History (20 events):
Event: 409.707 GC heap after
{Heap after GC invocations=755 (full 3):
 def new generation   total 807616K, used 43694K [0x00007f04ac600000, 0x00007f04e3250000, 0x00007f0f570a0000)
  eden space 717888K,   0% used [0x00007f04ac600000, 0x00007f04ac600000, 0x00007f04d8310000)
  from space 89728K,  48% used [0x00007f04d8310000, 0x00007f04dadbb9c0, 0x00007f04ddab0000)
  to   space 89728K,   0% used [0x00007f04ddab0000, 0x00007f04ddab0000, 0x00007f04e3250000)
 tenured generation   total 1794596K, used 1728181K [0x00007f0f570a0000, 0x00007f0fc4929000, 0x00007f24ac600000)
   the space 1794596K,  96% used [0x00007f0f570a0000, 0x00007f0fc084d528, 0x00007f0fc084d600, 0x00007f0fc4929000)
 Metaspace       used 24211K, capacity 24633K, committed 24832K, reserved 26624K
}
Event: 410.384 GC heap before
{Heap before GC invocations=755 (full 3):
 def new generation   total 807616K, used 753739K [0x00007f04ac600000, 0x00007f04e3250000, 0x00007f0f570a0000)
  eden space 717888K,  98% used [0x00007f04ac600000, 0x00007f04d7b67588, 0x00007f04d8310000)
  from space 89728K,  48% used [0x00007f04d8310000, 0x00007f04dadbb9c0, 0x00007f04ddab0000)
  to   space 89728K,   0% used [0x00007f04ddab0000, 0x00007f04ddab0000, 0x00007f04e3250000)
 tenured generation   total 1794596K, used 1728181K [0x00007f0f570a0000, 0x00007f0fc4929000, 0x00007f24ac600000)
   the space 1794596K,  96% used [0x00007f0f570a0000, 0x00007f0fc084d528, 0x00007f0fc084d600, 0x00007f0fc4929000)
 Metaspace       used 24211K, capacity 24633K, committed 24832K, reserved 26624K
}
Event: 410.412 GC heap after
{Heap after GC invocations=756 (full 3):
 def new generation   total 807616K, used 47798K [0x00007f04ac600000, 0x00007f04e3250000, 0x00007f0f570a0000)
  eden space 717888K,   0% used [0x00007f04ac600000, 0x00007f04ac600000, 0x00007f04d8310000)
  from space 89728K,  53% used [0x00007f04ddab0000, 0x00007f04e095db30, 0x00007f04e3250000)
  to   space 89728K,   0% used [0x00007f04d8310000, 0x00007f04d8310000, 0x00007f04ddab0000)
 tenured generation   total 1794596K, used 1728181K [0x00007f0f570a0000, 0x00007f0fc4929000, 0x00007f24ac600000)
   the space 1794596K,  96% used [0x00007f0f570a0000, 0x00007f0fc084d528, 0x00007f0fc084d600, 0x00007f0fc4929000)
 Metaspace       used 24211K, capacity 24633K, committed 24832K, reserved 26624K
}
Event: 410.974 GC heap before
{Heap before GC invocations=756 (full 3):
 def new generation   total 807616K, used 765686K [0x00007f04ac600000, 0x00007f04e3250000, 0x00007f0f570a0000)
  eden space 717888K, 100% used [0x00007f04ac600000, 0x00007f04d8310000, 0x00007f04d8310000)
  from space 89728K,  53% used [0x00007f04ddab0000, 0x00007f04e095db30, 0x00007f04e3250000)
  to   space 89728K,   0% used [0x00007f04d8310000, 0x00007f04d8310000, 0x00007f04ddab0000)
 tenured generation   total 1794596K, used 1728181K [0x00007f0f570a0000, 0x00007f0fc4929000, 0x00007f24ac600000)
   the space 1794596K,  96% used [0x00007f0f570a0000, 0x00007f0fc084d528, 0x00007f0fc084d600, 0x00007f0fc4929000)
 Metaspace       used 24211K, capacity 24633K, committed 24832K, reserved 26624K
}
Event: 411.026 GC heap after
{Heap after GC invocations=757 (full 3):
 def new generation   total 807616K, used 14895K [0x00007f04ac600000, 0x00007f04e3250000, 0x00007f0f570a0000)
  eden space 717888K,   0% used [0x00007f04ac600000, 0x00007f04ac600000, 0x00007f04d8310000)
  from space 89728K,  16% used [0x00007f04d8310000, 0x00007f04d919bfc8, 0x00007f04ddab0000)
  to   space 89728K,   0% used [0x00007f04ddab0000, 0x00007f04ddab0000, 0x00007f04e3250000)
 tenured generation   total 1794596K, used 1764145K [0x00007f0f570a0000, 0x00007f0fc4929000, 0x00007f24ac600000)
   the space 1794596K,  98% used [0x00007f0f570a0000, 0x00007f0fc2b6c7a0, 0x00007f0fc2b6c800, 0x00007f0fc4929000)
 Metaspace       used 24211K, capacity 24633K, committed 24832K, reserved 26624K
}
Event: 411.590 GC heap before
{Heap before GC invocations=757 (full 3):
 def new generation   total 807616K, used 732783K [0x00007f04ac600000, 0x00007f04e3250000, 0x00007f0f570a0000)
  eden space 717888K, 100% used [0x00007f04ac600000, 0x00007f04d8310000, 0x00007f04d8310000)
  from space 89728K,  16% used [0x00007f04d8310000, 0x00007f04d919bfc8, 0x00007f04ddab0000)
  to   space 89728K,   0% used [0x00007f04ddab0000, 0x00007f04ddab0000, 0x00007f04e3250000)
 tenured generation   total 1794596K, used 1764145K [0x00007f0f570a0000, 0x00007f0fc4929000, 0x00007f24ac600000)
   the space 1794596K,  98% used [0x00007f0f570a0000, 0x00007f0fc2b6c7a0, 0x00007f0fc2b6c800, 0x00007f0fc4929000)
 Metaspace       used 24211K, capacity 24633K, committed 24832K, reserved 26624K
}
Event: 411.603 GC heap after
{Heap after GC invocations=758 (full 3):
 def new generation   total 807616K, used 15430K [0x00007f04ac600000, 0x00007f04e3250000, 0x00007f0f570a0000)
  eden space 717888K,   0% used [0x00007f04ac600000, 0x00007f04ac600000, 0x00007f04d8310000)
  from space 89728K,  17% used [0x00007f04ddab0000, 0x00007f04de9c1a58, 0x00007f04e3250000)
  to   space 89728K,   0% used [0x00007f04d8310000, 0x00007f04d8310000, 0x00007f04ddab0000)
 tenured generation   total 1794596K, used 1764145K [0x00007f0f570a0000, 0x00007f0fc4929000, 0x00007f24ac600000)
   the space 1794596K,  98% used [0x00007f0f570a0000, 0x00007f0fc2b6c7a0, 0x00007f0fc2b6c800, 0x00007f0fc4929000)
 Metaspace       used 24211K, capacity 24633K, committed 24832K, reserved 26624K
}
Event: 412.125 GC heap before
{Heap before GC invocations=758 (full 3):
 def new generation   total 807616K, used 733318K [0x00007f04ac600000, 0x00007f04e3250000, 0x00007f0f570a0000)
  eden space 717888K, 100% used [0x00007f04ac600000, 0x00007f04d8310000, 0x00007f04d8310000)
  from space 89728K,  17% used [0x00007f04ddab0000, 0x00007f04de9c1a58, 0x00007f04e3250000)
  to   space 89728K,   0% used [0x00007f04d8310000, 0x00007f04d8310000, 0x00007f04ddab0000)
 tenured generation   total 1794596K, used 1764145K [0x00007f0f570a0000, 0x00007f0fc4929000, 0x00007f24ac600000)
   the space 1794596K,  98% used [0x00007f0f570a0000, 0x00007f0fc2b6c7a0, 0x00007f0fc2b6c800, 0x00007f0fc4929000)
 Metaspace       used 24211K, capacity 24633K, committed 24832K, reserved 26624K
}
Event: 412.138 GC heap after
{Heap after GC invocations=759 (full 3):
 def new generation   total 807616K, used 15425K [0x00007f04ac600000, 0x00007f04e3250000, 0x00007f0f570a0000)
  eden space 717888K,   0% used [0x00007f04ac600000, 0x00007f04ac600000, 0x00007f04d8310000)
  from space 89728K,  17% used [0x00007f04d8310000, 0x00007f04d9220488, 0x00007f04ddab0000)
  to   space 89728K,   0% used [0x00007f04ddab0000, 0x00007f04ddab0000, 0x00007f04e3250000)
 tenured generation   total 1794596K, used 1764145K [0x00007f0f570a0000, 0x00007f0fc4929000, 0x00007f24ac600000)
   the space 1794596K,  98% used [0x00007f0f570a0000, 0x00007f0fc2b6c7a0, 0x00007f0fc2b6c800, 0x00007f0fc4929000)
 Metaspace       used 24211K, capacity 24633K, committed 24832K, reserved 26624K
}
Event: 412.726 GC heap before
{Heap before GC invocations=759 (full 3):
 def new generation   total 807616K, used 728445K [0x00007f04ac600000, 0x00007f04e3250000, 0x00007f0f570a0000)
  eden space 717888K,  99% used [0x00007f04ac600000, 0x00007f04d7e4f0c8, 0x00007f04d8310000)
  from space 89728K,  17% used [0x00007f04d8310000, 0x00007f04d9220488, 0x00007f04ddab0000)
  to   space 89728K,   0% used [0x00007f04ddab0000, 0x00007f04ddab0000, 0x00007f04e3250000)
 tenured generation   total 1794596K, used 1764145K [0x00007f0f570a0000, 0x00007f0fc4929000, 0x00007f24ac600000)
   the space 1794596K,  98% used [0x00007f0f570a0000, 0x00007f0fc2b6c7a0, 0x00007f0fc2b6c800, 0x00007f0fc4929000)
 Metaspace       used 24211K, capacity 24633K, committed 24832K, reserved 26624K
}
Event: 412.747 GC heap after
{Heap after GC invocations=760 (full 3):
 def new generation   total 807616K, used 37006K [0x00007f04ac600000, 0x00007f04e3250000, 0x00007f0f570a0000)
  eden space 717888K,   0% used [0x00007f04ac600000, 0x00007f04ac600000, 0x00007f04d8310000)
  from space 89728K,  41% used [0x00007f04ddab0000, 0x00007f04dfed39e0, 0x00007f04e3250000)
  to   space 89728K,   0% used [0x00007f04d8310000, 0x00007f04d8310000, 0x00007f04ddab0000)
 tenured generation   total 1794596K, used 1764145K [0x00007f0f570a0000, 0x00007f0fc4929000, 0x00007f24ac600000)
   the space 1794596K,  98% used [0x00007f0f570a0000, 0x00007f0fc2b6c7a0, 0x00007f0fc2b6c800, 0x00007f0fc4929000)
 Metaspace       used 24211K, capacity 24633K, committed 24832K, reserved 26624K
}
Event: 413.478 GC heap before
{Heap before GC invocations=760 (full 3):
 def new generation   total 807616K, used 754089K [0x00007f04ac600000, 0x00007f04e3250000, 0x00007f0f570a0000)
  eden space 717888K,  99% used [0x00007f04ac600000, 0x00007f04d8246b40, 0x00007f04d8310000)
  from space 89728K,  41% used [0x00007f04ddab0000, 0x00007f04dfed39e0, 0x00007f04e3250000)
  to   space 89728K,   0% used [0x00007f04d8310000, 0x00007f04d8310000, 0x00007f04ddab0000)
 tenured generation   total 1794596K, used 1764145K [0x00007f0f570a0000, 0x00007f0fc4929000, 0x00007f24ac600000)
   the space 1794596K,  98% used [0x00007f0f570a0000, 0x00007f0fc2b6c7a0, 0x00007f0fc2b6c800, 0x00007f0fc4929000)
 Metaspace       used 24211K, capacity 24633K, committed 24832K, reserved 26624K
}
Event: 413.499 GC heap after
{Heap after GC invocations=761 (full 3):
 def new generation   total 807616K, used 39582K [0x00007f04ac600000, 0x00007f04e3250000, 0x00007f0f570a0000)
  eden space 717888K,   0% used [0x00007f04ac600000, 0x00007f04ac600000, 0x00007f04d8310000)
  from space 89728K,  44% used [0x00007f04d8310000, 0x00007f04da9b78b0, 0x00007f04ddab0000)
  to   space 89728K,   0% used [0x00007f04ddab0000, 0x00007f04ddab0000, 0x00007f04e3250000)
 tenured generation   total 1794596K, used 1764145K [0x00007f0f570a0000, 0x00007f0fc4929000, 0x00007f24ac600000)
   the space 1794596K,  98% used [0x00007f0f570a0000, 0x00007f0fc2b6c7a0, 0x00007f0fc2b6c800, 0x00007f0fc4929000)
 Metaspace       used 24211K, capacity 24633K, committed 24832K, reserved 26624K
}
Event: 414.232 GC heap before
{Heap before GC invocations=761 (full 3):
 def new generation   total 807616K, used 757470K [0x00007f04ac600000, 0x00007f04e3250000, 0x00007f0f570a0000)
  eden space 717888K, 100% used [0x00007f04ac600000, 0x00007f04d8310000, 0x00007f04d8310000)
  from space 89728K,  44% used [0x00007f04d8310000, 0x00007f04da9b78b0, 0x00007f04ddab0000)
  to   space 89728K,   0% used [0x00007f04ddab0000, 0x00007f04ddab0000, 0x00007f04e3250000)
 tenured generation   total 1794596K, used 1764145K [0x00007f0f570a0000, 0x00007f0fc4929000, 0x00007f24ac600000)
   the space 1794596K,  98% used [0x00007f0f570a0000, 0x00007f0fc2b6c7a0, 0x00007f0fc2b6c800, 0x00007f0fc4929000)
 Metaspace       used 24211K, capacity 24633K, committed 24832K, reserved 26624K
}
Event: 414.258 GC heap after
{Heap after GC invocations=762 (full 3):
 def new generation   total 807616K, used 44187K [0x00007f04ac600000, 0x00007f04e3250000, 0x00007f0f570a0000)
  eden space 717888K,   0% used [0x00007f04ac600000, 0x00007f04ac600000, 0x00007f04d8310000)
  from space 89728K,  49% used [0x00007f04ddab0000, 0x00007f04e05d6fe8, 0x00007f04e3250000)
  to   space 89728K,   0% used [0x00007f04d8310000, 0x00007f04d8310000, 0x00007f04ddab0000)
 tenured generation   total 1794596K, used 1764145K [0x00007f0f570a0000, 0x00007f0fc4929000, 0x00007f24ac600000)
   the space 1794596K,  98% used [0x00007f0f570a0000, 0x00007f0fc2b6c7a0, 0x00007f0fc2b6c800, 0x00007f0fc4929000)
 Metaspace       used 24211K, capacity 24633K, committed 24832K, reserved 26624K
}
Event: 414.978 GC heap before
{Heap before GC invocations=762 (full 3):
 def new generation   total 807616K, used 762075K [0x00007f04ac600000, 0x00007f04e3250000, 0x00007f0f570a0000)
  eden space 717888K, 100% used [0x00007f04ac600000, 0x00007f04d8310000, 0x00007f04d8310000)
  from space 89728K,  49% used [0x00007f04ddab0000, 0x00007f04e05d6fe8, 0x00007f04e3250000)
  to   space 89728K,   0% used [0x00007f04d8310000, 0x00007f04d8310000, 0x00007f04ddab0000)
 tenured generation   total 1794596K, used 1764145K [0x00007f0f570a0000, 0x00007f0fc4929000, 0x00007f24ac600000)
   the space 1794596K,  98% used [0x00007f0f570a0000, 0x00007f0fc2b6c7a0, 0x00007f0fc2b6c800, 0x00007f0fc4929000)
 Metaspace       used 24211K, capacity 24633K, committed 24832K, reserved 26624K
}
Event: 415.007 GC heap after
{Heap after GC invocations=763 (full 3):
 def new generation   total 807616K, used 47287K [0x00007f04ac600000, 0x00007f04e3250000, 0x00007f0f570a0000)
  eden space 717888K,   0% used [0x00007f04ac600000, 0x00007f04ac600000, 0x00007f04d8310000)
  from space 89728K,  52% used [0x00007f04d8310000, 0x00007f04db13ddb0, 0x00007f04ddab0000)
  to   space 89728K,   0% used [0x00007f04ddab0000, 0x00007f04ddab0000, 0x00007f04e3250000)
 tenured generation   total 1794596K, used 1764145K [0x00007f0f570a0000, 0x00007f0fc4929000, 0x00007f24ac600000)
   the space 1794596K,  98% used [0x00007f0f570a0000, 0x00007f0fc2b6c7a0, 0x00007f0fc2b6c800, 0x00007f0fc4929000)
 Metaspace       used 24211K, capacity 24633K, committed 24832K, reserved 26624K
}
Event: 415.647 GC heap before
{Heap before GC invocations=763 (full 3):
 def new generation   total 807616K, used 765175K [0x00007f04ac600000, 0x00007f04e3250000, 0x00007f0f570a0000)
  eden space 717888K, 100% used [0x00007f04ac600000, 0x00007f04d8310000, 0x00007f04d8310000)
  from space 89728K,  52% used [0x00007f04d8310000, 0x00007f04db13ddb0, 0x00007f04ddab0000)
  to   space 89728K,   0% used [0x00007f04ddab0000, 0x00007f04ddab0000, 0x00007f04e3250000)
 tenured generation   total 1794596K, used 1764145K [0x00007f0f570a0000, 0x00007f0fc4929000, 0x00007f24ac600000)
   the space 1794596K,  98% used [0x00007f0f570a0000, 0x00007f0fc2b6c7a0, 0x00007f0fc2b6c800, 0x00007f0fc4929000)
 Metaspace       used 24211K, capacity 24633K, committed 24832K, reserved 26624K
}
Event: 415.711 GC heap after
{Heap after GC invocations=764 (full 3):
 def new generation   total 807616K, used 13877K [0x00007f04ac600000, 0x00007f04e3250000, 0x00007f0f570a0000)
  eden space 717888K,   0% used [0x00007f04ac600000, 0x00007f04ac600000, 0x00007f04d8310000)
  from space 89728K,  15% used [0x00007f04ddab0000, 0x00007f04de83d568, 0x00007f04e3250000)
  to   space 89728K,   0% used [0x00007f04d8310000, 0x00007f04d8310000, 0x00007f04ddab0000)
 tenured generation   total 1810984K, used 1800622K [0x00007f0f570a0000, 0x00007f0fc592a000, 0x00007f24ac600000)
   the space 1810984K,  99% used [0x00007f0f570a0000, 0x00007f0fc4f0b9d0, 0x00007f0fc4f0ba00, 0x00007f0fc592a000)
 Metaspace       used 24211K, capacity 24633K, committed 24832K, reserved 26624K
}
Event: 415.711 GC heap before
{Heap before GC invocations=764 (full 3):
 def new generation   total 807616K, used 13877K [0x00007f04ac600000, 0x00007f04e3250000, 0x00007f0f570a0000)
  eden space 717888K,   0% used [0x00007f04ac600000, 0x00007f04ac600000, 0x00007f04d8310000)
  from space 89728K,  15% used [0x00007f04ddab0000, 0x00007f04de83d568, 0x00007f04e3250000)
  to   space 89728K,   0% used [0x00007f04d8310000, 0x00007f04d8310000, 0x00007f04ddab0000)
 tenured generation   total 1810984K, used 1800622K [0x00007f0f570a0000, 0x00007f0fc592a000, 0x00007f24ac600000)
   the space 1810984K,  99% used [0x00007f0f570a0000, 0x00007f0fc4f0b9d0, 0x00007f0fc4f0ba00, 0x00007f0fc592a000)
 Metaspace       used 24211K, capacity 24633K, committed 24832K, reserved 26624K
}

