# JRE version: OpenJDK Runtime Environment (13.0.7+5) (build 13.0.7+5-Ubuntu-0ubuntu120.04)
# Java VM: OpenJDK 64-Bit Server VM (13.0.7+5-Ubuntu-0ubuntu120.04, mixed mode, tiered, serial gc, linux-amd64)
Heap:
 def new generation   total 4409280K, used 0K [0x00007fa2b4600000, 0x00007fa3df660000, 0x00007fad5f0a0000)
  eden space 3919360K,   0% used [0x00007fa2b4600000, 0x00007fa2b4600000, 0x00007fa3a3980000)
  from space 489920K,   0% used [0x00007fa3c17f0000, 0x00007fa3c17f0000, 0x00007fa3df660000)
  to   space 489920K,   0% used [0x00007fa3a3980000, 0x00007fa3a3980000, 0x00007fa3c17f0000)
 tenured generation   total 9814672K, used 9763557K [0x00007fad5f0a0000, 0x00007fafb6144000, 0x00007fc2b4600000)
   the space 9814672K,  99% used [0x00007fad5f0a0000, 0x00007fafb2f59530, 0x00007fafb2f59600, 0x00007fafb6144000)
 Metaspace       used 24282K, capacity 24702K, committed 24832K, reserved 26624K
GC Heap History (20 events):
Event: 2829.936 GC heap after
{Heap after GC invocations=1741 (full 7):
 def new generation   total 4409280K, used 200424K [0x00007fa2b4600000, 0x00007fa3df660000, 0x00007fad5f0a0000)
  eden space 3919360K,   0% used [0x00007fa2b4600000, 0x00007fa2b4600000, 0x00007fa3a3980000)
  from space 489920K,  40% used [0x00007fa3a3980000, 0x00007fa3afd3a100, 0x00007fa3c17f0000)
  to   space 489920K,   0% used [0x00007fa3c17f0000, 0x00007fa3c17f0000, 0x00007fa3df660000)
 tenured generation   total 9798284K, used 9701353K [0x00007fad5f0a0000, 0x00007fafb5143000, 0x00007fc2b4600000)
   the space 9798284K,  99% used [0x00007fad5f0a0000, 0x00007fafaf29a728, 0x00007fafaf29a800, 0x00007fafb5143000)
 Metaspace       used 24282K, capacity 24702K, committed 24832K, reserved 26624K
}
Event: 2833.622 GC heap before
{Heap before GC invocations=1741 (full 7):
 def new generation   total 4409280K, used 4111680K [0x00007fa2b4600000, 0x00007fa3df660000, 0x00007fad5f0a0000)
  eden space 3919360K,  99% used [0x00007fa2b4600000, 0x00007fa3a3196190, 0x00007fa3a3980000)
  from space 489920K,  40% used [0x00007fa3a3980000, 0x00007fa3afd3a100, 0x00007fa3c17f0000)
  to   space 489920K,   0% used [0x00007fa3c17f0000, 0x00007fa3c17f0000, 0x00007fa3df660000)
 tenured generation   total 9798284K, used 9701353K [0x00007fad5f0a0000, 0x00007fafb5143000, 0x00007fc2b4600000)
   the space 9798284K,  99% used [0x00007fad5f0a0000, 0x00007fafaf29a728, 0x00007fafaf29a800, 0x00007fafb5143000)
 Metaspace       used 24282K, capacity 24702K, committed 24832K, reserved 26624K
}
Event: 2833.753 GC heap after
{Heap after GC invocations=1742 (full 7):
 def new generation   total 4409280K, used 207634K [0x00007fa2b4600000, 0x00007fa3df660000, 0x00007fad5f0a0000)
  eden space 3919360K,   0% used [0x00007fa2b4600000, 0x00007fa2b4600000, 0x00007fa3a3980000)
  from space 489920K,  42% used [0x00007fa3c17f0000, 0x00007fa3ce2b4960, 0x00007fa3df660000)
  to   space 489920K,   0% used [0x00007fa3a3980000, 0x00007fa3a3980000, 0x00007fa3c17f0000)
 tenured generation   total 9798284K, used 9701353K [0x00007fad5f0a0000, 0x00007fafb5143000, 0x00007fc2b4600000)
   the space 9798284K,  99% used [0x00007fad5f0a0000, 0x00007fafaf29a728, 0x00007fafaf29a800, 0x00007fafb5143000)
 Metaspace       used 24282K, capacity 24702K, committed 24832K, reserved 26624K
}
Event: 2837.499 GC heap before
{Heap before GC invocations=1742 (full 7):
 def new generation   total 4409280K, used 4126994K [0x00007fa2b4600000, 0x00007fa3df660000, 0x00007fad5f0a0000)
  eden space 3919360K, 100% used [0x00007fa2b4600000, 0x00007fa3a3980000, 0x00007fa3a3980000)
  from space 489920K,  42% used [0x00007fa3c17f0000, 0x00007fa3ce2b4960, 0x00007fa3df660000)
  to   space 489920K,   0% used [0x00007fa3a3980000, 0x00007fa3a3980000, 0x00007fa3c17f0000)
 tenured generation   total 9798284K, used 9701353K [0x00007fad5f0a0000, 0x00007fafb5143000, 0x00007fc2b4600000)
   the space 9798284K,  99% used [0x00007fad5f0a0000, 0x00007fafaf29a728, 0x00007fafaf29a800, 0x00007fafb5143000)
 Metaspace       used 24282K, capacity 24702K, committed 24832K, reserved 26624K
}
Event: 2837.630 GC heap after
{Heap after GC invocations=1743 (full 7):
 def new generation   total 4409280K, used 203516K [0x00007fa2b4600000, 0x00007fa3df660000, 0x00007fad5f0a0000)
  eden space 3919360K,   0% used [0x00007fa2b4600000, 0x00007fa2b4600000, 0x00007fa3a3980000)
  from space 489920K,  41% used [0x00007fa3a3980000, 0x00007fa3b003f020, 0x00007fa3c17f0000)
  to   space 489920K,   0% used [0x00007fa3c17f0000, 0x00007fa3c17f0000, 0x00007fa3df660000)
 tenured generation   total 9798284K, used 9718312K [0x00007fad5f0a0000, 0x00007fafb5143000, 0x00007fc2b4600000)
   the space 9798284K,  99% used [0x00007fad5f0a0000, 0x00007fafb032a3c0, 0x00007fafb032a400, 0x00007fafb5143000)
 Metaspace       used 24282K, capacity 24702K, committed 24832K, reserved 26624K
}
Event: 2841.725 GC heap before
{Heap before GC invocations=1743 (full 7):
 def new generation   total 4409280K, used 4122876K [0x00007fa2b4600000, 0x00007fa3df660000, 0x00007fad5f0a0000)
  eden space 3919360K, 100% used [0x00007fa2b4600000, 0x00007fa3a3980000, 0x00007fa3a3980000)
  from space 489920K,  41% used [0x00007fa3a3980000, 0x00007fa3b003f020, 0x00007fa3c17f0000)
  to   space 489920K,   0% used [0x00007fa3c17f0000, 0x00007fa3c17f0000, 0x00007fa3df660000)
 tenured generation   total 9798284K, used 9718312K [0x00007fad5f0a0000, 0x00007fafb5143000, 0x00007fc2b4600000)
   the space 9798284K,  99% used [0x00007fad5f0a0000, 0x00007fafb032a3c0, 0x00007fafb032a400, 0x00007fafb5143000)
 Metaspace       used 24282K, capacity 24702K, committed 24832K, reserved 26624K
}
Event: 2841.885 GC heap after
{Heap after GC invocations=1744 (full 7):
 def new generation   total 4409280K, used 201968K [0x00007fa2b4600000, 0x00007fa3df660000, 0x00007fad5f0a0000)
  eden space 3919360K,   0% used [0x00007fa2b4600000, 0x00007fa2b4600000, 0x00007fa3a3980000)
  from space 489920K,  41% used [0x00007fa3c17f0000, 0x00007fa3cdd2c268, 0x00007fa3df660000)
  to   space 489920K,   0% used [0x00007fa3a3980000, 0x00007fa3a3980000, 0x00007fa3c17f0000)
 tenured generation   total 9798284K, used 9735272K [0x00007fad5f0a0000, 0x00007fafb5143000, 0x00007fc2b4600000)
   the space 9798284K,  99% used [0x00007fad5f0a0000, 0x00007fafb13ba058, 0x00007fafb13ba200, 0x00007fafb5143000)
 Metaspace       used 24282K, capacity 24702K, committed 24832K, reserved 26624K
}
Event: 2845.763 GC heap before
{Heap before GC invocations=1744 (full 7):
 def new generation   total 4409280K, used 4119357K [0x00007fa2b4600000, 0x00007fa3df660000, 0x00007fad5f0a0000)
  eden space 3919360K,  99% used [0x00007fa2b4600000, 0x00007fa3a3793388, 0x00007fa3a3980000)
  from space 489920K,  41% used [0x00007fa3c17f0000, 0x00007fa3cdd2c268, 0x00007fa3df660000)
  to   space 489920K,   0% used [0x00007fa3a3980000, 0x00007fa3a3980000, 0x00007fa3c17f0000)
 tenured generation   total 9798284K, used 9735272K [0x00007fad5f0a0000, 0x00007fafb5143000, 0x00007fc2b4600000)
   the space 9798284K,  99% used [0x00007fad5f0a0000, 0x00007fafb13ba058, 0x00007fafb13ba200, 0x00007fafb5143000)
 Metaspace       used 24282K, capacity 24702K, committed 24832K, reserved 26624K
}
Event: 2845.902 GC heap after
{Heap after GC invocations=1745 (full 7):
 def new generation   total 4409280K, used 230229K [0x00007fa2b4600000, 0x00007fa3df660000, 0x00007fad5f0a0000)
  eden space 3919360K,   0% used [0x00007fa2b4600000, 0x00007fa2b4600000, 0x00007fa3a3980000)
  from space 489920K,  46% used [0x00007fa3a3980000, 0x00007fa3b1a55678, 0x00007fa3c17f0000)
  to   space 489920K,   0% used [0x00007fa3c17f0000, 0x00007fa3c17f0000, 0x00007fa3df660000)
 tenured generation   total 9798284K, used 9735272K [0x00007fad5f0a0000, 0x00007fafb5143000, 0x00007fc2b4600000)
   the space 9798284K,  99% used [0x00007fad5f0a0000, 0x00007fafb13ba058, 0x00007fafb13ba200, 0x00007fafb5143000)
 Metaspace       used 24282K, capacity 24702K, committed 24832K, reserved 26624K
}
Event: 2849.744 GC heap before
{Heap before GC invocations=1745 (full 7):
 def new generation   total 4409280K, used 4149589K [0x00007fa2b4600000, 0x00007fa3df660000, 0x00007fad5f0a0000)
  eden space 3919360K, 100% used [0x00007fa2b4600000, 0x00007fa3a3980000, 0x00007fa3a3980000)
  from space 489920K,  46% used [0x00007fa3a3980000, 0x00007fa3b1a55678, 0x00007fa3c17f0000)
  to   space 489920K,   0% used [0x00007fa3c17f0000, 0x00007fa3c17f0000, 0x00007fa3df660000)
 tenured generation   total 9798284K, used 9735272K [0x00007fad5f0a0000, 0x00007fafb5143000, 0x00007fc2b4600000)
   the space 9798284K,  99% used [0x00007fad5f0a0000, 0x00007fafb13ba058, 0x00007fafb13ba200, 0x00007fafb5143000)
 Metaspace       used 24282K, capacity 24702K, committed 24832K, reserved 26624K
}
Event: 2849.910 GC heap after
{Heap after GC invocations=1746 (full 7):
 def new generation   total 4409280K, used 223545K [0x00007fa2b4600000, 0x00007fa3df660000, 0x00007fad5f0a0000)
  eden space 3919360K,   0% used [0x00007fa2b4600000, 0x00007fa2b4600000, 0x00007fa3a3980000)
  from space 489920K,  45% used [0x00007fa3c17f0000, 0x00007fa3cf23e698, 0x00007fa3df660000)
  to   space 489920K,   0% used [0x00007fa3a3980000, 0x00007fa3a3980000, 0x00007fa3c17f0000)
 tenured generation   total 9798284K, used 9752231K [0x00007fad5f0a0000, 0x00007fafb5143000, 0x00007fc2b4600000)
   the space 9798284K,  99% used [0x00007fad5f0a0000, 0x00007fafb2449cf0, 0x00007fafb2449e00, 0x00007fafb5143000)
 Metaspace       used 24282K, capacity 24702K, committed 24832K, reserved 26624K
}
Event: 2854.108 GC heap before
{Heap before GC invocations=1746 (full 7):
 def new generation   total 4409280K, used 4142905K [0x00007fa2b4600000, 0x00007fa3df660000, 0x00007fad5f0a0000)
  eden space 3919360K, 100% used [0x00007fa2b4600000, 0x00007fa3a3980000, 0x00007fa3a3980000)
  from space 489920K,  45% used [0x00007fa3c17f0000, 0x00007fa3cf23e698, 0x00007fa3df660000)
  to   space 489920K,   0% used [0x00007fa3a3980000, 0x00007fa3a3980000, 0x00007fa3c17f0000)
 tenured generation   total 9798284K, used 9752231K [0x00007fad5f0a0000, 0x00007fafb5143000, 0x00007fc2b4600000)
   the space 9798284K,  99% used [0x00007fad5f0a0000, 0x00007fafb2449cf0, 0x00007fafb2449e00, 0x00007fafb5143000)
 Metaspace       used 24282K, capacity 24702K, committed 24832K, reserved 26624K
}
Event: 2854.277 GC heap after
{Heap after GC invocations=1747 (full 7):
 def new generation   total 4409280K, used 203509K [0x00007fa2b4600000, 0x00007fa3df660000, 0x00007fad5f0a0000)
  eden space 3919360K,   0% used [0x00007fa2b4600000, 0x00007fa2b4600000, 0x00007fa3a3980000)
  from space 489920K,  41% used [0x00007fa3a3980000, 0x00007fa3b003d478, 0x00007fa3c17f0000)
  to   space 489920K,   0% used [0x00007fa3c17f0000, 0x00007fa3c17f0000, 0x00007fa3df660000)
 tenured generation   total 9798284K, used 9769190K [0x00007fad5f0a0000, 0x00007fafb5143000, 0x00007fc2b4600000)
   the space 9798284K,  99% used [0x00007fad5f0a0000, 0x00007fafb34d9988, 0x00007fafb34d9a00, 0x00007fafb5143000)
 Metaspace       used 24282K, capacity 24702K, committed 24832K, reserved 26624K
}
Event: 2858.688 GC heap before
{Heap before GC invocations=1747 (full 7):
 def new generation   total 4409280K, used 4122869K [0x00007fa2b4600000, 0x00007fa3df660000, 0x00007fad5f0a0000)
  eden space 3919360K, 100% used [0x00007fa2b4600000, 0x00007fa3a3980000, 0x00007fa3a3980000)
  from space 489920K,  41% used [0x00007fa3a3980000, 0x00007fa3b003d478, 0x00007fa3c17f0000)
  to   space 489920K,   0% used [0x00007fa3c17f0000, 0x00007fa3c17f0000, 0x00007fa3df660000)
 tenured generation   total 9798284K, used 9769190K [0x00007fad5f0a0000, 0x00007fafb5143000, 0x00007fc2b4600000)
   the space 9798284K,  99% used [0x00007fad5f0a0000, 0x00007fafb34d9988, 0x00007fafb34d9a00, 0x00007fafb5143000)
 Metaspace       used 24282K, capacity 24702K, committed 24832K, reserved 26624K
}
Event: 2858.851 GC heap after
{Heap after GC invocations=1748 (full 7):
 def new generation   total 4409280K, used 202488K [0x00007fa2b4600000, 0x00007fa3df660000, 0x00007fad5f0a0000)
  eden space 3919360K,   0% used [0x00007fa2b4600000, 0x00007fa2b4600000, 0x00007fa3a3980000)
  from space 489920K,  41% used [0x00007fa3c17f0000, 0x00007fa3cddae3a8, 0x00007fa3df660000)
  to   space 489920K,   0% used [0x00007fa3a3980000, 0x00007fa3a3980000, 0x00007fa3c17f0000)
 tenured generation   total 9798284K, used 9786149K [0x00007fad5f0a0000, 0x00007fafb5143000, 0x00007fc2b4600000)
   the space 9798284K,  99% used [0x00007fad5f0a0000, 0x00007fafb4569620, 0x00007fafb4569800, 0x00007fafb5143000)
 Metaspace       used 24282K, capacity 24702K, committed 24832K, reserved 26624K
}
Event: 2862.781 GC heap before
{Heap before GC invocations=1748 (full 7):
 def new generation   total 4409280K, used 4121848K [0x00007fa2b4600000, 0x00007fa3df660000, 0x00007fad5f0a0000)
  eden space 3919360K, 100% used [0x00007fa2b4600000, 0x00007fa3a3980000, 0x00007fa3a3980000)
  from space 489920K,  41% used [0x00007fa3c17f0000, 0x00007fa3cddae3a8, 0x00007fa3df660000)
  to   space 489920K,   0% used [0x00007fa3a3980000, 0x00007fa3a3980000, 0x00007fa3c17f0000)
 tenured generation   total 9798284K, used 9786149K [0x00007fad5f0a0000, 0x00007fafb5143000, 0x00007fc2b4600000)
   the space 9798284K,  99% used [0x00007fad5f0a0000, 0x00007fafb4569620, 0x00007fafb4569800, 0x00007fafb5143000)
 Metaspace       used 24282K, capacity 24702K, committed 24832K, reserved 26624K
}
Event: 2863.006 GC heap after
{Heap after GC invocations=1749 (full 7):
 def new generation   total 4409280K, used 213803K [0x00007fa2b4600000, 0x00007fa3df660000, 0x00007fad5f0a0000)
  eden space 3919360K,   0% used [0x00007fa2b4600000, 0x00007fa2b4600000, 0x00007fa3a3980000)
  from space 489920K,  43% used [0x00007fa3a3980000, 0x00007fa3b0a4ad68, 0x00007fa3c17f0000)
  to   space 489920K,   0% used [0x00007fa3c17f0000, 0x00007fa3c17f0000, 0x00007fa3df660000)
 tenured generation   total 9798284K, used 9786149K [0x00007fad5f0a0000, 0x00007fafb5143000, 0x00007fc2b4600000)
   the space 9798284K,  99% used [0x00007fad5f0a0000, 0x00007fafb4569620, 0x00007fafb4569800, 0x00007fafb5143000)
 Metaspace       used 24282K, capacity 24702K, committed 24832K, reserved 26624K
}
Event: 2866.800 GC heap before
{Heap before GC invocations=1749 (full 7):
 def new generation   total 4409280K, used 4133163K [0x00007fa2b4600000, 0x00007fa3df660000, 0x00007fad5f0a0000)
  eden space 3919360K, 100% used [0x00007fa2b4600000, 0x00007fa3a3980000, 0x00007fa3a3980000)
  from space 489920K,  43% used [0x00007fa3a3980000, 0x00007fa3b0a4ad68, 0x00007fa3c17f0000)
  to   space 489920K,   0% used [0x00007fa3c17f0000, 0x00007fa3c17f0000, 0x00007fa3df660000)
 tenured generation   total 9798284K, used 9786149K [0x00007fad5f0a0000, 0x00007fafb5143000, 0x00007fc2b4600000)
   the space 9798284K,  99% used [0x00007fad5f0a0000, 0x00007fafb4569620, 0x00007fafb4569800, 0x00007fafb5143000)
 Metaspace       used 24282K, capacity 24702K, committed 24832K, reserved 26624K
}
Event: 2866.968 GC heap after
{Heap after GC invocations=1750 (full 7):
 def new generation   total 4409280K, used 224046K [0x00007fa2b4600000, 0x00007fa3df660000, 0x00007fad5f0a0000)
  eden space 3919360K,   0% used [0x00007fa2b4600000, 0x00007fa2b4600000, 0x00007fa3a3980000)
  from space 489920K,  45% used [0x00007fa3c17f0000, 0x00007fa3cf2bb9e0, 0x00007fa3df660000)
  to   space 489920K,   0% used [0x00007fa3a3980000, 0x00007fa3a3980000, 0x00007fa3c17f0000)
 tenured generation   total 9814672K, used 9803108K [0x00007fad5f0a0000, 0x00007fafb6144000, 0x00007fc2b4600000)
   the space 9814672K,  99% used [0x00007fad5f0a0000, 0x00007fafb55f92b8, 0x00007fafb55f9400, 0x00007fafb6144000)
 Metaspace       used 24282K, capacity 24702K, committed 24832K, reserved 26624K
}
Event: 2866.968 GC heap before
{Heap before GC invocations=1750 (full 7):
 def new generation   total 4409280K, used 224046K [0x00007fa2b4600000, 0x00007fa3df660000, 0x00007fad5f0a0000)
  eden space 3919360K,   0% used [0x00007fa2b4600000, 0x00007fa2b4600000, 0x00007fa3a3980000)
  from space 489920K,  45% used [0x00007fa3c17f0000, 0x00007fa3cf2bb9e0, 0x00007fa3df660000)
  to   space 489920K,   0% used [0x00007fa3a3980000, 0x00007fa3a3980000, 0x00007fa3c17f0000)
 tenured generation   total 9814672K, used 9803108K [0x00007fad5f0a0000, 0x00007fafb6144000, 0x00007fc2b4600000)
   the space 9814672K,  99% used [0x00007fad5f0a0000, 0x00007fafb55f92b8, 0x00007fafb55f9400, 0x00007fafb6144000)
 Metaspace       used 24282K, capacity 24702K, committed 24832K, reserved 26624K
}

