# JRE version: OpenJDK Runtime Environment (13.0.7+5) (build 13.0.7+5-Ubuntu-0ubuntu120.04)
# Java VM: OpenJDK 64-Bit Server VM (13.0.7+5-Ubuntu-0ubuntu120.04, mixed mode, tiered, serial gc, linux-amd64)
Heap:
 def new generation   total 1044352K, used 77865K [0x00007f9dcc400000, 0x00007f9e13130000, 0x00007fa321950000)
  eden space 928320K,   8% used [0x00007f9dcc400000, 0x00007f9dd100a488, 0x00007f9e04e90000)
  from space 116032K,   0% used [0x00007f9e0bfe0000, 0x00007f9e0bfe0000, 0x00007f9e13130000)
  to   space 116032K,   0% used [0x00007f9e04e90000, 0x00007f9e04e90000, 0x00007f9e0bfe0000)
 tenured generation   total 2391480K, used 2391479K [0x00007fa321950000, 0x00007fa3b38be000, 0x00007fadcc400000)
   the space 2391480K,  99% used [0x00007fa321950000, 0x00007fa3b38bdfe8, 0x00007fa3b38be000, 0x00007fa3b38be000)
 Metaspace       used 31149K, capacity 31579K, committed 31744K, reserved 32768K
GC Heap History (20 events):
Event: 248.230 GC heap after
{Heap after GC invocations=248 (full 10):
 def new generation   total 1044352K, used 66746K [0x00007f9dcc400000, 0x00007f9e13130000, 0x00007fa321950000)
  eden space 928320K,   0% used [0x00007f9dcc400000, 0x00007f9dcc400000, 0x00007f9e04e90000)
  from space 116032K,  57% used [0x00007f9e04e90000, 0x00007f9e08fbeb60, 0x00007f9e0bfe0000)
  to   space 116032K,   0% used [0x00007f9e0bfe0000, 0x00007f9e0bfe0000, 0x00007f9e13130000)
 tenured generation   total 2320632K, used 1750375K [0x00007fa321950000, 0x00007fa3af38e000, 0x00007fadcc400000)
   the space 2320632K,  75% used [0x00007fa321950000, 0x00007fa38c6a9ce0, 0x00007fa38c6a9e00, 0x00007fa3af38e000)
 Metaspace       used 31149K, capacity 31579K, committed 31744K, reserved 32768K
}
Event: 248.483 GC heap before
{Heap before GC invocations=248 (full 10):
 def new generation   total 1044352K, used 995066K [0x00007f9dcc400000, 0x00007f9e13130000, 0x00007fa321950000)
  eden space 928320K, 100% used [0x00007f9dcc400000, 0x00007f9e04e90000, 0x00007f9e04e90000)
  from space 116032K,  57% used [0x00007f9e04e90000, 0x00007f9e08fbeb60, 0x00007f9e0bfe0000)
  to   space 116032K,   0% used [0x00007f9e0bfe0000, 0x00007f9e0bfe0000, 0x00007f9e13130000)
 tenured generation   total 2320632K, used 1750375K [0x00007fa321950000, 0x00007fa3af38e000, 0x00007fadcc400000)
   the space 2320632K,  75% used [0x00007fa321950000, 0x00007fa38c6a9ce0, 0x00007fa38c6a9e00, 0x00007fa3af38e000)
 Metaspace       used 31149K, capacity 31579K, committed 31744K, reserved 32768K
}
Event: 248.735 GC heap after
{Heap after GC invocations=249 (full 10):
 def new generation   total 1044352K, used 68019K [0x00007f9dcc400000, 0x00007f9e13130000, 0x00007fa321950000)
  eden space 928320K,   0% used [0x00007f9dcc400000, 0x00007f9dcc400000, 0x00007f9e04e90000)
  from space 116032K,  58% used [0x00007f9e0bfe0000, 0x00007f9e1024cf70, 0x00007f9e13130000)
  to   space 116032K,   0% used [0x00007f9e04e90000, 0x00007f9e04e90000, 0x00007f9e0bfe0000)
 tenured generation   total 2320632K, used 1817121K [0x00007fa321950000, 0x00007fa3af38e000, 0x00007fadcc400000)
   the space 2320632K,  78% used [0x00007fa321950000, 0x00007fa3907d8680, 0x00007fa3907d8800, 0x00007fa3af38e000)
 Metaspace       used 31149K, capacity 31579K, committed 31744K, reserved 32768K
}
Event: 248.985 GC heap before
{Heap before GC invocations=249 (full 10):
 def new generation   total 1044352K, used 996339K [0x00007f9dcc400000, 0x00007f9e13130000, 0x00007fa321950000)
  eden space 928320K, 100% used [0x00007f9dcc400000, 0x00007f9e04e90000, 0x00007f9e04e90000)
  from space 116032K,  58% used [0x00007f9e0bfe0000, 0x00007f9e1024cf70, 0x00007f9e13130000)
  to   space 116032K,   0% used [0x00007f9e04e90000, 0x00007f9e04e90000, 0x00007f9e0bfe0000)
 tenured generation   total 2320632K, used 1817121K [0x00007fa321950000, 0x00007fa3af38e000, 0x00007fadcc400000)
   the space 2320632K,  78% used [0x00007fa321950000, 0x00007fa3907d8680, 0x00007fa3907d8800, 0x00007fa3af38e000)
 Metaspace       used 31149K, capacity 31579K, committed 31744K, reserved 32768K
}
Event: 249.255 GC heap after
{Heap after GC invocations=250 (full 10):
 def new generation   total 1044352K, used 67934K [0x00007f9dcc400000, 0x00007f9e13130000, 0x00007fa321950000)
  eden space 928320K,   0% used [0x00007f9dcc400000, 0x00007f9dcc400000, 0x00007f9e04e90000)
  from space 116032K,  58% used [0x00007f9e04e90000, 0x00007f9e090e7990, 0x00007f9e0bfe0000)
  to   space 116032K,   0% used [0x00007f9e0bfe0000, 0x00007f9e0bfe0000, 0x00007f9e13130000)
 tenured generation   total 2320632K, used 1885141K [0x00007fa321950000, 0x00007fa3af38e000, 0x00007fadcc400000)
   the space 2320632K,  81% used [0x00007fa321950000, 0x00007fa394a45420, 0x00007fa394a45600, 0x00007fa3af38e000)
 Metaspace       used 31149K, capacity 31579K, committed 31744K, reserved 32768K
}
Event: 249.594 GC heap before
{Heap before GC invocations=250 (full 10):
 def new generation   total 1044352K, used 996254K [0x00007f9dcc400000, 0x00007f9e13130000, 0x00007fa321950000)
  eden space 928320K, 100% used [0x00007f9dcc400000, 0x00007f9e04e90000, 0x00007f9e04e90000)
  from space 116032K,  58% used [0x00007f9e04e90000, 0x00007f9e090e7990, 0x00007f9e0bfe0000)
  to   space 116032K,   0% used [0x00007f9e0bfe0000, 0x00007f9e0bfe0000, 0x00007f9e13130000)
 tenured generation   total 2320632K, used 1885141K [0x00007fa321950000, 0x00007fa3af38e000, 0x00007fadcc400000)
   the space 2320632K,  81% used [0x00007fa321950000, 0x00007fa394a45420, 0x00007fa394a45600, 0x00007fa3af38e000)
 Metaspace       used 31149K, capacity 31579K, committed 31744K, reserved 32768K
}
Event: 249.942 GC heap after
{Heap after GC invocations=251 (full 10):
 def new generation   total 1044352K, used 81541K [0x00007f9dcc400000, 0x00007f9e13130000, 0x00007fa321950000)
  eden space 928320K,   0% used [0x00007f9dcc400000, 0x00007f9dcc400000, 0x00007f9e04e90000)
  from space 116032K,  70% used [0x00007f9e0bfe0000, 0x00007f9e10f81420, 0x00007f9e13130000)
  to   space 116032K,   0% used [0x00007f9e04e90000, 0x00007f9e04e90000, 0x00007f9e0bfe0000)
 tenured generation   total 2320632K, used 1953074K [0x00007fa321950000, 0x00007fa3af38e000, 0x00007fadcc400000)
   the space 2320632K,  84% used [0x00007fa321950000, 0x00007fa398c9cbc0, 0x00007fa398c9cc00, 0x00007fa3af38e000)
 Metaspace       used 31149K, capacity 31579K, committed 31744K, reserved 32768K
}
Event: 250.247 GC heap before
{Heap before GC invocations=251 (full 10):
 def new generation   total 1044352K, used 1009861K [0x00007f9dcc400000, 0x00007f9e13130000, 0x00007fa321950000)
  eden space 928320K, 100% used [0x00007f9dcc400000, 0x00007f9e04e90000, 0x00007f9e04e90000)
  from space 116032K,  70% used [0x00007f9e0bfe0000, 0x00007f9e10f81420, 0x00007f9e13130000)
  to   space 116032K,   0% used [0x00007f9e04e90000, 0x00007f9e04e90000, 0x00007f9e0bfe0000)
 tenured generation   total 2320632K, used 1953074K [0x00007fa321950000, 0x00007fa3af38e000, 0x00007fadcc400000)
   the space 2320632K,  84% used [0x00007fa321950000, 0x00007fa398c9cbc0, 0x00007fa398c9cc00, 0x00007fa3af38e000)
 Metaspace       used 31149K, capacity 31579K, committed 31744K, reserved 32768K
}
Event: 250.565 GC heap after
{Heap after GC invocations=252 (full 10):
 def new generation   total 1044352K, used 76208K [0x00007f9dcc400000, 0x00007f9e13130000, 0x00007fa321950000)
  eden space 928320K,   0% used [0x00007f9dcc400000, 0x00007f9dcc400000, 0x00007f9e04e90000)
  from space 116032K,  65% used [0x00007f9e04e90000, 0x00007f9e098fc1c0, 0x00007f9e0bfe0000)
  to   space 116032K,   0% used [0x00007f9e0bfe0000, 0x00007f9e0bfe0000, 0x00007f9e13130000)
 tenured generation   total 2320632K, used 2034615K [0x00007fa321950000, 0x00007fa3af38e000, 0x00007fadcc400000)
   the space 2320632K,  87% used [0x00007fa321950000, 0x00007fa39dc3dd80, 0x00007fa39dc3de00, 0x00007fa3af38e000)
 Metaspace       used 31149K, capacity 31579K, committed 31744K, reserved 32768K
}
Event: 250.849 GC heap before
{Heap before GC invocations=252 (full 10):
 def new generation   total 1044352K, used 1004528K [0x00007f9dcc400000, 0x00007f9e13130000, 0x00007fa321950000)
  eden space 928320K, 100% used [0x00007f9dcc400000, 0x00007f9e04e90000, 0x00007f9e04e90000)
  from space 116032K,  65% used [0x00007f9e04e90000, 0x00007f9e098fc1c0, 0x00007f9e0bfe0000)
  to   space 116032K,   0% used [0x00007f9e0bfe0000, 0x00007f9e0bfe0000, 0x00007f9e13130000)
 tenured generation   total 2320632K, used 2034615K [0x00007fa321950000, 0x00007fa3af38e000, 0x00007fadcc400000)
   the space 2320632K,  87% used [0x00007fa321950000, 0x00007fa39dc3dd80, 0x00007fa39dc3de00, 0x00007fa3af38e000)
 Metaspace       used 31149K, capacity 31579K, committed 31744K, reserved 32768K
}
Event: 251.115 GC heap after
{Heap after GC invocations=253 (full 10):
 def new generation   total 1044352K, used 67698K [0x00007f9dcc400000, 0x00007f9e13130000, 0x00007fa321950000)
  eden space 928320K,   0% used [0x00007f9dcc400000, 0x00007f9dcc400000, 0x00007f9e04e90000)
  from space 116032K,  58% used [0x00007f9e0bfe0000, 0x00007f9e101fcbf8, 0x00007f9e13130000)
  to   space 116032K,   0% used [0x00007f9e04e90000, 0x00007f9e04e90000, 0x00007f9e0bfe0000)
 tenured generation   total 2320632K, used 2110823K [0x00007fa321950000, 0x00007fa3af38e000, 0x00007fadcc400000)
   the space 2320632K,  90% used [0x00007fa321950000, 0x00007fa3a26a9e60, 0x00007fa3a26aa000, 0x00007fa3af38e000)
 Metaspace       used 31149K, capacity 31579K, committed 31744K, reserved 32768K
}
Event: 251.365 GC heap before
{Heap before GC invocations=253 (full 10):
 def new generation   total 1044352K, used 996018K [0x00007f9dcc400000, 0x00007f9e13130000, 0x00007fa321950000)
  eden space 928320K, 100% used [0x00007f9dcc400000, 0x00007f9e04e90000, 0x00007f9e04e90000)
  from space 116032K,  58% used [0x00007f9e0bfe0000, 0x00007f9e101fcbf8, 0x00007f9e13130000)
  to   space 116032K,   0% used [0x00007f9e04e90000, 0x00007f9e04e90000, 0x00007f9e0bfe0000)
 tenured generation   total 2320632K, used 2110823K [0x00007fa321950000, 0x00007fa3af38e000, 0x00007fadcc400000)
   the space 2320632K,  90% used [0x00007fa321950000, 0x00007fa3a26a9e60, 0x00007fa3a26aa000, 0x00007fa3af38e000)
 Metaspace       used 31149K, capacity 31579K, committed 31744K, reserved 32768K
}
Event: 251.629 GC heap after
{Heap after GC invocations=254 (full 10):
 def new generation   total 1044352K, used 66755K [0x00007f9dcc400000, 0x00007f9e13130000, 0x00007fa321950000)
  eden space 928320K,   0% used [0x00007f9dcc400000, 0x00007f9dcc400000, 0x00007f9e04e90000)
  from space 116032K,  57% used [0x00007f9e04e90000, 0x00007f9e08fc0ce0, 0x00007f9e0bfe0000)
  to   space 116032K,   0% used [0x00007f9e0bfe0000, 0x00007f9e0bfe0000, 0x00007f9e13130000)
 tenured generation   total 2320632K, used 2178522K [0x00007fa321950000, 0x00007fa3af38e000, 0x00007fadcc400000)
   the space 2320632K,  93% used [0x00007fa321950000, 0x00007fa3a68c68d8, 0x00007fa3a68c6a00, 0x00007fa3af38e000)
 Metaspace       used 31149K, capacity 31579K, committed 31744K, reserved 32768K
}
Event: 251.875 GC heap before
{Heap before GC invocations=254 (full 10):
 def new generation   total 1044352K, used 995075K [0x00007f9dcc400000, 0x00007f9e13130000, 0x00007fa321950000)
  eden space 928320K, 100% used [0x00007f9dcc400000, 0x00007f9e04e90000, 0x00007f9e04e90000)
  from space 116032K,  57% used [0x00007f9e04e90000, 0x00007f9e08fc0ce0, 0x00007f9e0bfe0000)
  to   space 116032K,   0% used [0x00007f9e0bfe0000, 0x00007f9e0bfe0000, 0x00007f9e13130000)
 tenured generation   total 2320632K, used 2178522K [0x00007fa321950000, 0x00007fa3af38e000, 0x00007fadcc400000)
   the space 2320632K,  93% used [0x00007fa321950000, 0x00007fa3a68c68d8, 0x00007fa3a68c6a00, 0x00007fa3af38e000)
 Metaspace       used 31149K, capacity 31579K, committed 31744K, reserved 32768K
}
Event: 252.081 GC heap after
{Heap after GC invocations=255 (full 10):
 def new generation   total 1044352K, used 65355K [0x00007f9dcc400000, 0x00007f9e13130000, 0x00007fa321950000)
  eden space 928320K,   0% used [0x00007f9dcc400000, 0x00007f9dcc400000, 0x00007f9e04e90000)
  from space 116032K,  56% used [0x00007f9e0bfe0000, 0x00007f9e0ffb2f60, 0x00007f9e13130000)
  to   space 116032K,   0% used [0x00007f9e04e90000, 0x00007f9e04e90000, 0x00007f9e0bfe0000)
 tenured generation   total 2320632K, used 2245276K [0x00007fa321950000, 0x00007fa3af38e000, 0x00007fadcc400000)
   the space 2320632K,  96% used [0x00007fa321950000, 0x00007fa3aa9f73f8, 0x00007fa3aa9f7400, 0x00007fa3af38e000)
 Metaspace       used 31149K, capacity 31579K, committed 31744K, reserved 32768K
}
Event: 252.394 GC heap before
{Heap before GC invocations=255 (full 10):
 def new generation   total 1044352K, used 993675K [0x00007f9dcc400000, 0x00007f9e13130000, 0x00007fa321950000)
  eden space 928320K, 100% used [0x00007f9dcc400000, 0x00007f9e04e90000, 0x00007f9e04e90000)
  from space 116032K,  56% used [0x00007f9e0bfe0000, 0x00007f9e0ffb2f60, 0x00007f9e13130000)
  to   space 116032K,   0% used [0x00007f9e04e90000, 0x00007f9e04e90000, 0x00007f9e0bfe0000)
 tenured generation   total 2320632K, used 2245276K [0x00007fa321950000, 0x00007fa3af38e000, 0x00007fadcc400000)
   the space 2320632K,  96% used [0x00007fa321950000, 0x00007fa3aa9f73f8, 0x00007fa3aa9f7400, 0x00007fa3af38e000)
 Metaspace       used 31149K, capacity 31579K, committed 31744K, reserved 32768K
}
Event: 252.669 GC heap after
{Heap after GC invocations=256 (full 10):
 def new generation   total 1044352K, used 80727K [0x00007f9dcc400000, 0x00007f9e13130000, 0x00007fa321950000)
  eden space 928320K,   0% used [0x00007f9dcc400000, 0x00007f9dcc400000, 0x00007f9e04e90000)
  from space 116032K,  69% used [0x00007f9e04e90000, 0x00007f9e09d65f28, 0x00007f9e0bfe0000)
  to   space 116032K,   0% used [0x00007f9e0bfe0000, 0x00007f9e0bfe0000, 0x00007f9e13130000)
 tenured generation   total 2320632K, used 2310632K [0x00007fa321950000, 0x00007fa3af38e000, 0x00007fadcc400000)
   the space 2320632K,  99% used [0x00007fa321950000, 0x00007fa3ae9ca0f8, 0x00007fa3ae9ca200, 0x00007fa3af38e000)
 Metaspace       used 31149K, capacity 31579K, committed 31744K, reserved 32768K
}
Event: 253.009 GC heap before
{Heap before GC invocations=256 (full 10):
 def new generation   total 1044352K, used 1009047K [0x00007f9dcc400000, 0x00007f9e13130000, 0x00007fa321950000)
  eden space 928320K, 100% used [0x00007f9dcc400000, 0x00007f9e04e90000, 0x00007f9e04e90000)
  from space 116032K,  69% used [0x00007f9e04e90000, 0x00007f9e09d65f28, 0x00007f9e0bfe0000)
  to   space 116032K,   0% used [0x00007f9e0bfe0000, 0x00007f9e0bfe0000, 0x00007f9e13130000)
 tenured generation   total 2320632K, used 2310632K [0x00007fa321950000, 0x00007fa3af38e000, 0x00007fadcc400000)
   the space 2320632K,  99% used [0x00007fa321950000, 0x00007fa3ae9ca0f8, 0x00007fa3ae9ca200, 0x00007fa3af38e000)
 Metaspace       used 31149K, capacity 31579K, committed 31744K, reserved 32768K
}
Event: 253.309 GC heap after
{Heap after GC invocations=257 (full 10):
 def new generation   total 1044352K, used 77986K [0x00007f9dcc400000, 0x00007f9e13130000, 0x00007fa321950000)
  eden space 928320K,   0% used [0x00007f9dcc400000, 0x00007f9dcc400000, 0x00007f9e04e90000)
  from space 116032K,  67% used [0x00007f9e0bfe0000, 0x00007f9e10c08810, 0x00007f9e13130000)
  to   space 116032K,   0% used [0x00007f9e04e90000, 0x00007f9e04e90000, 0x00007f9e0bfe0000)
 tenured generation   total 2391480K, used 2391359K [0x00007fa321950000, 0x00007fa3b38be000, 0x00007fadcc400000)
   the space 2391480K,  99% used [0x00007fa321950000, 0x00007fa3b389fc60, 0x00007fa3b389fe00, 0x00007fa3b38be000)
 Metaspace       used 31149K, capacity 31579K, committed 31744K, reserved 32768K
}
Event: 253.309 GC heap before
{Heap before GC invocations=257 (full 10):
 def new generation   total 1044352K, used 77986K [0x00007f9dcc400000, 0x00007f9e13130000, 0x00007fa321950000)
  eden space 928320K,   0% used [0x00007f9dcc400000, 0x00007f9dcc400000, 0x00007f9e04e90000)
  from space 116032K,  67% used [0x00007f9e0bfe0000, 0x00007f9e10c08810, 0x00007f9e13130000)
  to   space 116032K,   0% used [0x00007f9e04e90000, 0x00007f9e04e90000, 0x00007f9e0bfe0000)
 tenured generation   total 2391480K, used 2391359K [0x00007fa321950000, 0x00007fa3b38be000, 0x00007fadcc400000)
   the space 2391480K,  99% used [0x00007fa321950000, 0x00007fa3b389fc60, 0x00007fa3b389fe00, 0x00007fa3b38be000)
 Metaspace       used 31149K, capacity 31579K, committed 31744K, reserved 32768K
}

