# JRE version: OpenJDK Runtime Environment (13.0.7+5) (build 13.0.7+5-Ubuntu-0ubuntu120.04)
# Java VM: OpenJDK 64-Bit Server VM (13.0.7+5-Ubuntu-0ubuntu120.04, mixed mode, tiered, serial gc, linux-amd64)
Heap:
 def new generation   total 1657984K, used 0K [0x00007f6914600000, 0x00007f6984d00000, 0x00007f6e69b50000)
  eden space 1473792K,   0% used [0x00007f6914600000, 0x00007f6914600000, 0x00007f696e540000)
  from space 184192K,   0% used [0x00007f6979920000, 0x00007f6979920000, 0x00007f6984d00000)
  to   space 184192K,   0% used [0x00007f696e540000, 0x00007f696e540000, 0x00007f6979920000)
 tenured generation   total 3790280K, used 3661533K [0x00007f6e69b50000, 0x00007f6f510c2000, 0x00007f7914600000)
   the space 3790280K,  96% used [0x00007f6e69b50000, 0x00007f6f49307568, 0x00007f6f49307600, 0x00007f6f510c2000)
 Metaspace       used 30355K, capacity 30744K, committed 30976K, reserved 32768K
GC Heap History (20 events):
Event: 143.967 GC heap after
{Heap after GC invocations=47 (full 3):
 def new generation   total 1657984K, used 112352K [0x00007f6914600000, 0x00007f6984d00000, 0x00007f6e69b50000)
  eden space 1473792K,   0% used [0x00007f6914600000, 0x00007f6914600000, 0x00007f696e540000)
  from space 184192K,  60% used [0x00007f696e540000, 0x00007f69752f83a8, 0x00007f6979920000)
  to   space 184192K,   0% used [0x00007f6979920000, 0x00007f6979920000, 0x00007f6984d00000)
 tenured generation   total 3684296K, used 2770730K [0x00007f6e69b50000, 0x00007f6f4a942000, 0x00007f7914600000)
   the space 3684296K,  75% used [0x00007f6e69b50000, 0x00007f6f12d1aac8, 0x00007f6f12d1ac00, 0x00007f6f4a942000)
 Metaspace       used 30355K, capacity 30744K, committed 30976K, reserved 32768K
}
Event: 144.423 GC heap before
{Heap before GC invocations=47 (full 3):
 def new generation   total 1657984K, used 1586144K [0x00007f6914600000, 0x00007f6984d00000, 0x00007f6e69b50000)
  eden space 1473792K, 100% used [0x00007f6914600000, 0x00007f696e540000, 0x00007f696e540000)
  from space 184192K,  60% used [0x00007f696e540000, 0x00007f69752f83a8, 0x00007f6979920000)
  to   space 184192K,   0% used [0x00007f6979920000, 0x00007f6979920000, 0x00007f6984d00000)
 tenured generation   total 3684296K, used 2770730K [0x00007f6e69b50000, 0x00007f6f4a942000, 0x00007f7914600000)
   the space 3684296K,  75% used [0x00007f6e69b50000, 0x00007f6f12d1aac8, 0x00007f6f12d1ac00, 0x00007f6f4a942000)
 Metaspace       used 30355K, capacity 30744K, committed 30976K, reserved 32768K
}
Event: 144.931 GC heap after
{Heap after GC invocations=48 (full 3):
 def new generation   total 1657984K, used 115431K [0x00007f6914600000, 0x00007f6984d00000, 0x00007f6e69b50000)
  eden space 1473792K,   0% used [0x00007f6914600000, 0x00007f6914600000, 0x00007f696e540000)
  from space 184192K,  62% used [0x00007f6979920000, 0x00007f69809d9fc0, 0x00007f6984d00000)
  to   space 184192K,   0% used [0x00007f696e540000, 0x00007f696e540000, 0x00007f6979920000)
 tenured generation   total 3684296K, used 2883083K [0x00007f6e69b50000, 0x00007f6f4a942000, 0x00007f7914600000)
   the space 3684296K,  78% used [0x00007f6e69b50000, 0x00007f6f19ad2cb0, 0x00007f6f19ad2e00, 0x00007f6f4a942000)
 Metaspace       used 30355K, capacity 30744K, committed 30976K, reserved 32768K
}
Event: 145.367 GC heap before
{Heap before GC invocations=48 (full 3):
 def new generation   total 1657984K, used 1589223K [0x00007f6914600000, 0x00007f6984d00000, 0x00007f6e69b50000)
  eden space 1473792K, 100% used [0x00007f6914600000, 0x00007f696e540000, 0x00007f696e540000)
  from space 184192K,  62% used [0x00007f6979920000, 0x00007f69809d9fc0, 0x00007f6984d00000)
  to   space 184192K,   0% used [0x00007f696e540000, 0x00007f696e540000, 0x00007f6979920000)
 tenured generation   total 3684296K, used 2883083K [0x00007f6e69b50000, 0x00007f6f4a942000, 0x00007f7914600000)
   the space 3684296K,  78% used [0x00007f6e69b50000, 0x00007f6f19ad2cb0, 0x00007f6f19ad2e00, 0x00007f6f4a942000)
 Metaspace       used 30355K, capacity 30744K, committed 30976K, reserved 32768K
}
Event: 145.873 GC heap after
{Heap after GC invocations=49 (full 3):
 def new generation   total 1657984K, used 112711K [0x00007f6914600000, 0x00007f6984d00000, 0x00007f6e69b50000)
  eden space 1473792K,   0% used [0x00007f6914600000, 0x00007f6914600000, 0x00007f696e540000)
  from space 184192K,  61% used [0x00007f696e540000, 0x00007f6975351c08, 0x00007f6979920000)
  to   space 184192K,   0% used [0x00007f6979920000, 0x00007f6979920000, 0x00007f6984d00000)
 tenured generation   total 3684296K, used 2998514K [0x00007f6e69b50000, 0x00007f6f4a942000, 0x00007f7914600000)
   the space 3684296K,  81% used [0x00007f6e69b50000, 0x00007f6f20b8c9b0, 0x00007f6f20b8ca00, 0x00007f6f4a942000)
 Metaspace       used 30355K, capacity 30744K, committed 30976K, reserved 32768K
}
Event: 146.380 GC heap before
{Heap before GC invocations=49 (full 3):
 def new generation   total 1657984K, used 1586503K [0x00007f6914600000, 0x00007f6984d00000, 0x00007f6e69b50000)
  eden space 1473792K, 100% used [0x00007f6914600000, 0x00007f696e540000, 0x00007f696e540000)
  from space 184192K,  61% used [0x00007f696e540000, 0x00007f6975351c08, 0x00007f6979920000)
  to   space 184192K,   0% used [0x00007f6979920000, 0x00007f6979920000, 0x00007f6984d00000)
 tenured generation   total 3684296K, used 2998514K [0x00007f6e69b50000, 0x00007f6f4a942000, 0x00007f7914600000)
   the space 3684296K,  81% used [0x00007f6e69b50000, 0x00007f6f20b8c9b0, 0x00007f6f20b8ca00, 0x00007f6f4a942000)
 Metaspace       used 30355K, capacity 30744K, committed 30976K, reserved 32768K
}
Event: 146.901 GC heap after
{Heap after GC invocations=50 (full 3):
 def new generation   total 1657984K, used 120699K [0x00007f6914600000, 0x00007f6984d00000, 0x00007f6e69b50000)
  eden space 1473792K,   0% used [0x00007f6914600000, 0x00007f6914600000, 0x00007f696e540000)
  from space 184192K,  65% used [0x00007f6979920000, 0x00007f6980efed40, 0x00007f6984d00000)
  to   space 184192K,   0% used [0x00007f696e540000, 0x00007f696e540000, 0x00007f6979920000)
 tenured generation   total 3684296K, used 3111224K [0x00007f6e69b50000, 0x00007f6f4a942000, 0x00007f7914600000)
   the space 3684296K,  84% used [0x00007f6e69b50000, 0x00007f6f2799e3f8, 0x00007f6f2799e400, 0x00007f6f4a942000)
 Metaspace       used 30355K, capacity 30744K, committed 30976K, reserved 32768K
}
Event: 147.383 GC heap before
{Heap before GC invocations=50 (full 3):
 def new generation   total 1657984K, used 1594491K [0x00007f6914600000, 0x00007f6984d00000, 0x00007f6e69b50000)
  eden space 1473792K, 100% used [0x00007f6914600000, 0x00007f696e540000, 0x00007f696e540000)
  from space 184192K,  65% used [0x00007f6979920000, 0x00007f6980efed40, 0x00007f6984d00000)
  to   space 184192K,   0% used [0x00007f696e540000, 0x00007f696e540000, 0x00007f6979920000)
 tenured generation   total 3684296K, used 3111224K [0x00007f6e69b50000, 0x00007f6f4a942000, 0x00007f7914600000)
   the space 3684296K,  84% used [0x00007f6e69b50000, 0x00007f6f2799e3f8, 0x00007f6f2799e400, 0x00007f6f4a942000)
 Metaspace       used 30355K, capacity 30744K, committed 30976K, reserved 32768K
}
Event: 147.867 GC heap after
{Heap after GC invocations=51 (full 3):
 def new generation   total 1657984K, used 107197K [0x00007f6914600000, 0x00007f6984d00000, 0x00007f6e69b50000)
  eden space 1473792K,   0% used [0x00007f6914600000, 0x00007f6914600000, 0x00007f696e540000)
  from space 184192K,  58% used [0x00007f696e540000, 0x00007f6974def5e0, 0x00007f6979920000)
  to   space 184192K,   0% used [0x00007f6979920000, 0x00007f6979920000, 0x00007f6984d00000)
 tenured generation   total 3684296K, used 3231923K [0x00007f6e69b50000, 0x00007f6f4a942000, 0x00007f7914600000)
   the space 3684296K,  87% used [0x00007f6e69b50000, 0x00007f6f2ef7cfe8, 0x00007f6f2ef7d000, 0x00007f6f4a942000)
 Metaspace       used 30355K, capacity 30744K, committed 30976K, reserved 32768K
}
Event: 148.380 GC heap before
{Heap before GC invocations=51 (full 3):
 def new generation   total 1657984K, used 1580989K [0x00007f6914600000, 0x00007f6984d00000, 0x00007f6e69b50000)
  eden space 1473792K, 100% used [0x00007f6914600000, 0x00007f696e540000, 0x00007f696e540000)
  from space 184192K,  58% used [0x00007f696e540000, 0x00007f6974def5e0, 0x00007f6979920000)
  to   space 184192K,   0% used [0x00007f6979920000, 0x00007f6979920000, 0x00007f6984d00000)
 tenured generation   total 3684296K, used 3231923K [0x00007f6e69b50000, 0x00007f6f4a942000, 0x00007f7914600000)
   the space 3684296K,  87% used [0x00007f6e69b50000, 0x00007f6f2ef7cfe8, 0x00007f6f2ef7d000, 0x00007f6f4a942000)
 Metaspace       used 30355K, capacity 30744K, committed 30976K, reserved 32768K
}
Event: 148.870 GC heap after
{Heap after GC invocations=52 (full 3):
 def new generation   total 1657984K, used 114374K [0x00007f6914600000, 0x00007f6984d00000, 0x00007f6e69b50000)
  eden space 1473792K,   0% used [0x00007f6914600000, 0x00007f6914600000, 0x00007f696e540000)
  from space 184192K,  62% used [0x00007f6979920000, 0x00007f69808d1988, 0x00007f6984d00000)
  to   space 184192K,   0% used [0x00007f696e540000, 0x00007f696e540000, 0x00007f6979920000)
 tenured generation   total 3684296K, used 3339120K [0x00007f6e69b50000, 0x00007f6f4a942000, 0x00007f7914600000)
   the space 3684296K,  90% used [0x00007f6e69b50000, 0x00007f6f3582c288, 0x00007f6f3582c400, 0x00007f6f4a942000)
 Metaspace       used 30355K, capacity 30744K, committed 30976K, reserved 32768K
}
Event: 149.341 GC heap before
{Heap before GC invocations=52 (full 3):
 def new generation   total 1657984K, used 1588166K [0x00007f6914600000, 0x00007f6984d00000, 0x00007f6e69b50000)
  eden space 1473792K, 100% used [0x00007f6914600000, 0x00007f696e540000, 0x00007f696e540000)
  from space 184192K,  62% used [0x00007f6979920000, 0x00007f69808d1988, 0x00007f6984d00000)
  to   space 184192K,   0% used [0x00007f696e540000, 0x00007f696e540000, 0x00007f6979920000)
 tenured generation   total 3684296K, used 3339120K [0x00007f6e69b50000, 0x00007f6f4a942000, 0x00007f7914600000)
   the space 3684296K,  90% used [0x00007f6e69b50000, 0x00007f6f3582c288, 0x00007f6f3582c400, 0x00007f6f4a942000)
 Metaspace       used 30355K, capacity 30744K, committed 30976K, reserved 32768K
}
Event: 149.822 GC heap after
{Heap after GC invocations=53 (full 3):
 def new generation   total 1657984K, used 112068K [0x00007f6914600000, 0x00007f6984d00000, 0x00007f6e69b50000)
  eden space 1473792K,   0% used [0x00007f6914600000, 0x00007f6914600000, 0x00007f696e540000)
  from space 184192K,  60% used [0x00007f696e540000, 0x00007f69752b1078, 0x00007f6979920000)
  to   space 184192K,   0% used [0x00007f6979920000, 0x00007f6979920000, 0x00007f6984d00000)
 tenured generation   total 3684296K, used 3453494K [0x00007f6e69b50000, 0x00007f6f4a942000, 0x00007f7914600000)
   the space 3684296K,  93% used [0x00007f6e69b50000, 0x00007f6f3c7ddb50, 0x00007f6f3c7ddc00, 0x00007f6f4a942000)
 Metaspace       used 30355K, capacity 30744K, committed 30976K, reserved 32768K
}
Event: 150.272 GC heap before
{Heap before GC invocations=53 (full 3):
 def new generation   total 1657984K, used 1585860K [0x00007f6914600000, 0x00007f6984d00000, 0x00007f6e69b50000)
  eden space 1473792K, 100% used [0x00007f6914600000, 0x00007f696e540000, 0x00007f696e540000)
  from space 184192K,  60% used [0x00007f696e540000, 0x00007f69752b1078, 0x00007f6979920000)
  to   space 184192K,   0% used [0x00007f6979920000, 0x00007f6979920000, 0x00007f6984d00000)
 tenured generation   total 3684296K, used 3453494K [0x00007f6e69b50000, 0x00007f6f4a942000, 0x00007f7914600000)
   the space 3684296K,  93% used [0x00007f6e69b50000, 0x00007f6f3c7ddb50, 0x00007f6f3c7ddc00, 0x00007f6f4a942000)
 Metaspace       used 30355K, capacity 30744K, committed 30976K, reserved 32768K
}
Event: 150.752 GC heap after
{Heap after GC invocations=54 (full 3):
 def new generation   total 1657984K, used 116199K [0x00007f6914600000, 0x00007f6984d00000, 0x00007f6e69b50000)
  eden space 1473792K,   0% used [0x00007f6914600000, 0x00007f6914600000, 0x00007f696e540000)
  from space 184192K,  63% used [0x00007f6979920000, 0x00007f6980a99d48, 0x00007f6984d00000)
  to   space 184192K,   0% used [0x00007f696e540000, 0x00007f696e540000, 0x00007f6979920000)
 tenured generation   total 3684296K, used 3565562K [0x00007f6e69b50000, 0x00007f6f4a942000, 0x00007f7914600000)
   the space 3684296K,  96% used [0x00007f6e69b50000, 0x00007f6f4354e9d8, 0x00007f6f4354ea00, 0x00007f6f4a942000)
 Metaspace       used 30355K, capacity 30744K, committed 30976K, reserved 32768K
}
Event: 151.189 GC heap before
{Heap before GC invocations=54 (full 3):
 def new generation   total 1657984K, used 1589991K [0x00007f6914600000, 0x00007f6984d00000, 0x00007f6e69b50000)
  eden space 1473792K, 100% used [0x00007f6914600000, 0x00007f696e540000, 0x00007f696e540000)
  from space 184192K,  63% used [0x00007f6979920000, 0x00007f6980a99d48, 0x00007f6984d00000)
  to   space 184192K,   0% used [0x00007f696e540000, 0x00007f696e540000, 0x00007f6979920000)
 tenured generation   total 3684296K, used 3565562K [0x00007f6e69b50000, 0x00007f6f4a942000, 0x00007f7914600000)
   the space 3684296K,  96% used [0x00007f6e69b50000, 0x00007f6f4354e9d8, 0x00007f6f4354ea00, 0x00007f6f4a942000)
 Metaspace       used 30355K, capacity 30744K, committed 30976K, reserved 32768K
}
Event: 151.627 GC heap after
{Heap after GC invocations=55 (full 3):
 def new generation   total 1657984K, used 108329K [0x00007f6914600000, 0x00007f6984d00000, 0x00007f6e69b50000)
  eden space 1473792K,   0% used [0x00007f6914600000, 0x00007f6914600000, 0x00007f696e540000)
  from space 184192K,  58% used [0x00007f696e540000, 0x00007f6974f0a6d0, 0x00007f6979920000)
  to   space 184192K,   0% used [0x00007f6979920000, 0x00007f6979920000, 0x00007f6984d00000)
 tenured generation   total 3684296K, used 3681761K [0x00007f6e69b50000, 0x00007f6f4a942000, 0x00007f7914600000)
   the space 3684296K,  99% used [0x00007f6e69b50000, 0x00007f6f4a6c84a0, 0x00007f6f4a6c8600, 0x00007f6f4a942000)
 Metaspace       used 30355K, capacity 30744K, committed 30976K, reserved 32768K
}
Event: 152.057 GC heap before
{Heap before GC invocations=55 (full 3):
 def new generation   total 1657984K, used 1582121K [0x00007f6914600000, 0x00007f6984d00000, 0x00007f6e69b50000)
  eden space 1473792K, 100% used [0x00007f6914600000, 0x00007f696e540000, 0x00007f696e540000)
  from space 184192K,  58% used [0x00007f696e540000, 0x00007f6974f0a6d0, 0x00007f6979920000)
  to   space 184192K,   0% used [0x00007f6979920000, 0x00007f6979920000, 0x00007f6984d00000)
 tenured generation   total 3684296K, used 3681761K [0x00007f6e69b50000, 0x00007f6f4a942000, 0x00007f7914600000)
   the space 3684296K,  99% used [0x00007f6e69b50000, 0x00007f6f4a6c84a0, 0x00007f6f4a6c8600, 0x00007f6f4a942000)
 Metaspace       used 30355K, capacity 30744K, committed 30976K, reserved 32768K
}
Event: 152.494 GC heap after
{Heap after GC invocations=56 (full 3):
 def new generation   total 1657984K, used 112412K [0x00007f6914600000, 0x00007f6984d00000, 0x00007f6e69b50000)
  eden space 1473792K,   0% used [0x00007f6914600000, 0x00007f6914600000, 0x00007f696e540000)
  from space 184192K,  61% used [0x00007f6979920000, 0x00007f69806e73b8, 0x00007f6984d00000)
  to   space 184192K,   0% used [0x00007f696e540000, 0x00007f696e540000, 0x00007f6979920000)
 tenured generation   total 3790280K, used 3790090K [0x00007f6e69b50000, 0x00007f6f510c2000, 0x00007f7914600000)
   the space 3790280K,  99% used [0x00007f6e69b50000, 0x00007f6f510929f0, 0x00007f6f51092a00, 0x00007f6f510c2000)
 Metaspace       used 30355K, capacity 30744K, committed 30976K, reserved 32768K
}
Event: 152.494 GC heap before
{Heap before GC invocations=56 (full 3):
 def new generation   total 1657984K, used 112412K [0x00007f6914600000, 0x00007f6984d00000, 0x00007f6e69b50000)
  eden space 1473792K,   0% used [0x00007f6914600000, 0x00007f6914600000, 0x00007f696e540000)
  from space 184192K,  61% used [0x00007f6979920000, 0x00007f69806e73b8, 0x00007f6984d00000)
  to   space 184192K,   0% used [0x00007f696e540000, 0x00007f696e540000, 0x00007f6979920000)
 tenured generation   total 3790280K, used 3790090K [0x00007f6e69b50000, 0x00007f6f510c2000, 0x00007f7914600000)
   the space 3790280K,  99% used [0x00007f6e69b50000, 0x00007f6f510929f0, 0x00007f6f51092a00, 0x00007f6f510c2000)
 Metaspace       used 30355K, capacity 30744K, committed 30976K, reserved 32768K
}

