# JRE version: OpenJDK Runtime Environment (13.0.7+5) (build 13.0.7+5-Ubuntu-0ubuntu120.04)
# Java VM: OpenJDK 64-Bit Server VM (13.0.7+5-Ubuntu-0ubuntu120.04, mixed mode, tiered, serial gc, linux-amd64)
Heap:
 def new generation   total 4867776K, used 244518K [0x00007faa00600000, 0x00007fab4a7d0000, 0x00007faf55b50000)
  eden space 4326976K,   5% used [0x00007faa00600000, 0x00007faa0f4c9b50, 0x00007fab08790000)
  from space 540800K,   0% used [0x00007fab08790000, 0x00007fab08790000, 0x00007fab297b0000)
  to   space 540800K,   0% used [0x00007fab297b0000, 0x00007fab297b0000, 0x00007fab4a7d0000)
 tenured generation   total 10822704K, used 10822703K [0x00007faf55b50000, 0x00007fb1ea45c000, 0x00007fba00600000)
   the space 10822704K,  99% used [0x00007faf55b50000, 0x00007fb1ea45bf50, 0x00007fb1ea45c000, 0x00007fb1ea45c000)
 Metaspace       used 24187K, capacity 24577K, committed 24832K, reserved 26624K
GC Heap History (20 events):
Event: 2676.687 GC heap after
{Heap after GC invocations=1755 (full 5):
 def new generation   total 4867776K, used 243924K [0x00007faa00600000, 0x00007fab4a7d0000, 0x00007faf55b50000)
  eden space 4326976K,   0% used [0x00007faa00600000, 0x00007faa00600000, 0x00007fab08790000)
  from space 540800K,  45% used [0x00007fab297b0000, 0x00007fab385e5328, 0x00007fab4a7d0000)
  to   space 540800K,   0% used [0x00007fab08790000, 0x00007fab08790000, 0x00007fab297b0000)
 tenured generation   total 10817136K, used 10676965K [0x00007faf55b50000, 0x00007fb1e9eec000, 0x00007fba00600000)
   the space 10817136K,  98% used [0x00007faf55b50000, 0x00007fb1e16095c8, 0x00007fb1e1609600, 0x00007fb1e9eec000)
 Metaspace       used 24187K, capacity 24577K, committed 24832K, reserved 26624K
}
Event: 2679.923 GC heap before
{Heap before GC invocations=1755 (full 5):
 def new generation   total 4867776K, used 4570900K [0x00007faa00600000, 0x00007fab4a7d0000, 0x00007faf55b50000)
  eden space 4326976K, 100% used [0x00007faa00600000, 0x00007fab08790000, 0x00007fab08790000)
  from space 540800K,  45% used [0x00007fab297b0000, 0x00007fab385e5328, 0x00007fab4a7d0000)
  to   space 540800K,   0% used [0x00007fab08790000, 0x00007fab08790000, 0x00007fab297b0000)
 tenured generation   total 10817136K, used 10676965K [0x00007faf55b50000, 0x00007fb1e9eec000, 0x00007fba00600000)
   the space 10817136K,  98% used [0x00007faf55b50000, 0x00007fb1e16095c8, 0x00007fb1e1609600, 0x00007fb1e9eec000)
 Metaspace       used 24187K, capacity 24577K, committed 24832K, reserved 26624K
}
Event: 2680.328 GC heap after
{Heap after GC invocations=1756 (full 5):
 def new generation   total 4867776K, used 243650K [0x00007faa00600000, 0x00007fab4a7d0000, 0x00007faf55b50000)
  eden space 4326976K,   0% used [0x00007faa00600000, 0x00007faa00600000, 0x00007fab08790000)
  from space 540800K,  45% used [0x00007fab08790000, 0x00007fab17580b40, 0x00007fab297b0000)
  to   space 540800K,   0% used [0x00007fab297b0000, 0x00007fab297b0000, 0x00007fab4a7d0000)
 tenured generation   total 10817136K, used 10693378K [0x00007faf55b50000, 0x00007fb1e9eec000, 0x00007fba00600000)
   the space 10817136K,  98% used [0x00007faf55b50000, 0x00007fb1e2610860, 0x00007fb1e2610a00, 0x00007fb1e9eec000)
 Metaspace       used 24187K, capacity 24577K, committed 24832K, reserved 26624K
}
Event: 2683.482 GC heap before
{Heap before GC invocations=1756 (full 5):
 def new generation   total 4867776K, used 4570626K [0x00007faa00600000, 0x00007fab4a7d0000, 0x00007faf55b50000)
  eden space 4326976K, 100% used [0x00007faa00600000, 0x00007fab08790000, 0x00007fab08790000)
  from space 540800K,  45% used [0x00007fab08790000, 0x00007fab17580b40, 0x00007fab297b0000)
  to   space 540800K,   0% used [0x00007fab297b0000, 0x00007fab297b0000, 0x00007fab4a7d0000)
 tenured generation   total 10817136K, used 10693378K [0x00007faf55b50000, 0x00007fb1e9eec000, 0x00007fba00600000)
   the space 10817136K,  98% used [0x00007faf55b50000, 0x00007fb1e2610860, 0x00007fb1e2610a00, 0x00007fb1e9eec000)
 Metaspace       used 24187K, capacity 24577K, committed 24832K, reserved 26624K
}
Event: 2683.906 GC heap after
{Heap after GC invocations=1757 (full 5):
 def new generation   total 4867776K, used 243969K [0x00007faa00600000, 0x00007fab4a7d0000, 0x00007faf55b50000)
  eden space 4326976K,   0% used [0x00007faa00600000, 0x00007faa00600000, 0x00007fab08790000)
  from space 540800K,  45% used [0x00007fab297b0000, 0x00007fab385f0510, 0x00007fab4a7d0000)
  to   space 540800K,   0% used [0x00007fab08790000, 0x00007fab08790000, 0x00007fab297b0000)
 tenured generation   total 10817136K, used 10709418K [0x00007faf55b50000, 0x00007fb1e9eec000, 0x00007fba00600000)
   the space 10817136K,  99% used [0x00007faf55b50000, 0x00007fb1e35bab10, 0x00007fb1e35bac00, 0x00007fb1e9eec000)
 Metaspace       used 24187K, capacity 24577K, committed 24832K, reserved 26624K
}
Event: 2687.026 GC heap before
{Heap before GC invocations=1757 (full 5):
 def new generation   total 4867776K, used 4570945K [0x00007faa00600000, 0x00007fab4a7d0000, 0x00007faf55b50000)
  eden space 4326976K, 100% used [0x00007faa00600000, 0x00007fab08790000, 0x00007fab08790000)
  from space 540800K,  45% used [0x00007fab297b0000, 0x00007fab385f0510, 0x00007fab4a7d0000)
  to   space 540800K,   0% used [0x00007fab08790000, 0x00007fab08790000, 0x00007fab297b0000)
 tenured generation   total 10817136K, used 10709418K [0x00007faf55b50000, 0x00007fb1e9eec000, 0x00007fba00600000)
   the space 10817136K,  99% used [0x00007faf55b50000, 0x00007fb1e35bab10, 0x00007fb1e35bac00, 0x00007fb1e9eec000)
 Metaspace       used 24187K, capacity 24577K, committed 24832K, reserved 26624K
}
Event: 2687.378 GC heap after
{Heap after GC invocations=1758 (full 5):
 def new generation   total 4867776K, used 243604K [0x00007faa00600000, 0x00007fab4a7d0000, 0x00007faf55b50000)
  eden space 4326976K,   0% used [0x00007faa00600000, 0x00007faa00600000, 0x00007fab08790000)
  from space 540800K,  45% used [0x00007fab08790000, 0x00007fab175751b0, 0x00007fab297b0000)
  to   space 540800K,   0% used [0x00007fab297b0000, 0x00007fab297b0000, 0x00007fab4a7d0000)
 tenured generation   total 10817136K, used 10725745K [0x00007faf55b50000, 0x00007fb1e9eec000, 0x00007fba00600000)
   the space 10817136K,  99% used [0x00007faf55b50000, 0x00007fb1e45ac730, 0x00007fb1e45ac800, 0x00007fb1e9eec000)
 Metaspace       used 24187K, capacity 24577K, committed 24832K, reserved 26624K
}
Event: 2690.545 GC heap before
{Heap before GC invocations=1758 (full 5):
 def new generation   total 4867776K, used 4570580K [0x00007faa00600000, 0x00007fab4a7d0000, 0x00007faf55b50000)
  eden space 4326976K, 100% used [0x00007faa00600000, 0x00007fab08790000, 0x00007fab08790000)
  from space 540800K,  45% used [0x00007fab08790000, 0x00007fab175751b0, 0x00007fab297b0000)
  to   space 540800K,   0% used [0x00007fab297b0000, 0x00007fab297b0000, 0x00007fab4a7d0000)
 tenured generation   total 10817136K, used 10725745K [0x00007faf55b50000, 0x00007fb1e9eec000, 0x00007fba00600000)
   the space 10817136K,  99% used [0x00007faf55b50000, 0x00007fb1e45ac730, 0x00007fb1e45ac800, 0x00007fb1e9eec000)
 Metaspace       used 24187K, capacity 24577K, committed 24832K, reserved 26624K
}
Event: 2690.965 GC heap after
{Heap after GC invocations=1759 (full 5):
 def new generation   total 4867776K, used 243885K [0x00007faa00600000, 0x00007fab4a7d0000, 0x00007faf55b50000)
  eden space 4326976K,   0% used [0x00007faa00600000, 0x00007faa00600000, 0x00007fab08790000)
  from space 540800K,  45% used [0x00007fab297b0000, 0x00007fab385db590, 0x00007fab4a7d0000)
  to   space 540800K,   0% used [0x00007fab08790000, 0x00007fab08790000, 0x00007fab297b0000)
 tenured generation   total 10817136K, used 10741986K [0x00007faf55b50000, 0x00007fb1e9eec000, 0x00007fba00600000)
   the space 10817136K,  99% used [0x00007faf55b50000, 0x00007fb1e5588b10, 0x00007fb1e5588c00, 0x00007fb1e9eec000)
 Metaspace       used 24187K, capacity 24577K, committed 24832K, reserved 26624K
}
Event: 2694.146 GC heap before
{Heap before GC invocations=1759 (full 5):
 def new generation   total 4867776K, used 4570861K [0x00007faa00600000, 0x00007fab4a7d0000, 0x00007faf55b50000)
  eden space 4326976K, 100% used [0x00007faa00600000, 0x00007fab08790000, 0x00007fab08790000)
  from space 540800K,  45% used [0x00007fab297b0000, 0x00007fab385db590, 0x00007fab4a7d0000)
  to   space 540800K,   0% used [0x00007fab08790000, 0x00007fab08790000, 0x00007fab297b0000)
 tenured generation   total 10817136K, used 10741986K [0x00007faf55b50000, 0x00007fb1e9eec000, 0x00007fba00600000)
   the space 10817136K,  99% used [0x00007faf55b50000, 0x00007fb1e5588b10, 0x00007fb1e5588c00, 0x00007fb1e9eec000)
 Metaspace       used 24187K, capacity 24577K, committed 24832K, reserved 26624K
}
Event: 2694.525 GC heap after
{Heap after GC invocations=1760 (full 5):
 def new generation   total 4867776K, used 244336K [0x00007faa00600000, 0x00007fab4a7d0000, 0x00007faf55b50000)
  eden space 4326976K,   0% used [0x00007faa00600000, 0x00007faa00600000, 0x00007fab08790000)
  from space 540800K,  45% used [0x00007fab08790000, 0x00007fab1762c2e8, 0x00007fab297b0000)
  to   space 540800K,   0% used [0x00007fab297b0000, 0x00007fab297b0000, 0x00007fab4a7d0000)
 tenured generation   total 10817136K, used 10757565K [0x00007faf55b50000, 0x00007fb1e9eec000, 0x00007fba00600000)
   the space 10817136K,  99% used [0x00007faf55b50000, 0x00007fb1e64bf558, 0x00007fb1e64bf600, 0x00007fb1e9eec000)
 Metaspace       used 24187K, capacity 24577K, committed 24832K, reserved 26624K
}
Event: 2697.837 GC heap before
{Heap before GC invocations=1760 (full 5):
 def new generation   total 4867776K, used 4571312K [0x00007faa00600000, 0x00007fab4a7d0000, 0x00007faf55b50000)
  eden space 4326976K, 100% used [0x00007faa00600000, 0x00007fab08790000, 0x00007fab08790000)
  from space 540800K,  45% used [0x00007fab08790000, 0x00007fab1762c2e8, 0x00007fab297b0000)
  to   space 540800K,   0% used [0x00007fab297b0000, 0x00007fab297b0000, 0x00007fab4a7d0000)
 tenured generation   total 10817136K, used 10757565K [0x00007faf55b50000, 0x00007fb1e9eec000, 0x00007fba00600000)
   the space 10817136K,  99% used [0x00007faf55b50000, 0x00007fb1e64bf558, 0x00007fb1e64bf600, 0x00007fb1e9eec000)
 Metaspace       used 24187K, capacity 24577K, committed 24832K, reserved 26624K
}
Event: 2698.201 GC heap after
{Heap after GC invocations=1761 (full 5):
 def new generation   total 4867776K, used 244308K [0x00007faa00600000, 0x00007fab4a7d0000, 0x00007faf55b50000)
  eden space 4326976K,   0% used [0x00007faa00600000, 0x00007faa00600000, 0x00007fab08790000)
  from space 540800K,  45% used [0x00007fab297b0000, 0x00007fab38645330, 0x00007fab4a7d0000)
  to   space 540800K,   0% used [0x00007fab08790000, 0x00007fab08790000, 0x00007fab297b0000)
 tenured generation   total 10817136K, used 10774035K [0x00007faf55b50000, 0x00007fb1e9eec000, 0x00007fba00600000)
   the space 10817136K,  99% used [0x00007faf55b50000, 0x00007fb1e74d4e50, 0x00007fb1e74d5000, 0x00007fb1e9eec000)
 Metaspace       used 24187K, capacity 24577K, committed 24832K, reserved 26624K
}
Event: 2701.607 GC heap before
{Heap before GC invocations=1761 (full 5):
 def new generation   total 4867776K, used 4571284K [0x00007faa00600000, 0x00007fab4a7d0000, 0x00007faf55b50000)
  eden space 4326976K, 100% used [0x00007faa00600000, 0x00007fab08790000, 0x00007fab08790000)
  from space 540800K,  45% used [0x00007fab297b0000, 0x00007fab38645330, 0x00007fab4a7d0000)
  to   space 540800K,   0% used [0x00007fab08790000, 0x00007fab08790000, 0x00007fab297b0000)
 tenured generation   total 10817136K, used 10774035K [0x00007faf55b50000, 0x00007fb1e9eec000, 0x00007fba00600000)
   the space 10817136K,  99% used [0x00007faf55b50000, 0x00007fb1e74d4e50, 0x00007fb1e74d5000, 0x00007fb1e9eec000)
 Metaspace       used 24187K, capacity 24577K, committed 24832K, reserved 26624K
}
Event: 2701.991 GC heap after
{Heap after GC invocations=1762 (full 5):
 def new generation   total 4867776K, used 245075K [0x00007faa00600000, 0x00007fab4a7d0000, 0x00007faf55b50000)
  eden space 4326976K,   0% used [0x00007faa00600000, 0x00007faa00600000, 0x00007fab08790000)
  from space 540800K,  45% used [0x00007fab08790000, 0x00007fab176e4d78, 0x00007fab297b0000)
  to   space 540800K,   0% used [0x00007fab297b0000, 0x00007fab297b0000, 0x00007fab4a7d0000)
 tenured generation   total 10817136K, used 10789698K [0x00007faf55b50000, 0x00007fb1e9eec000, 0x00007fba00600000)
   the space 10817136K,  99% used [0x00007faf55b50000, 0x00007fb1e8420958, 0x00007fb1e8420a00, 0x00007fb1e9eec000)
 Metaspace       used 24187K, capacity 24577K, committed 24832K, reserved 26624K
}
Event: 2705.383 GC heap before
{Heap before GC invocations=1762 (full 5):
 def new generation   total 4867776K, used 4572051K [0x00007faa00600000, 0x00007fab4a7d0000, 0x00007faf55b50000)
  eden space 4326976K, 100% used [0x00007faa00600000, 0x00007fab08790000, 0x00007fab08790000)
  from space 540800K,  45% used [0x00007fab08790000, 0x00007fab176e4d78, 0x00007fab297b0000)
  to   space 540800K,   0% used [0x00007fab297b0000, 0x00007fab297b0000, 0x00007fab4a7d0000)
 tenured generation   total 10817136K, used 10789698K [0x00007faf55b50000, 0x00007fb1e9eec000, 0x00007fba00600000)
   the space 10817136K,  99% used [0x00007faf55b50000, 0x00007fb1e8420958, 0x00007fb1e8420a00, 0x00007fb1e9eec000)
 Metaspace       used 24187K, capacity 24577K, committed 24832K, reserved 26624K
}
Event: 2705.745 GC heap after
{Heap after GC invocations=1763 (full 5):
 def new generation   total 4867776K, used 244713K [0x00007faa00600000, 0x00007fab4a7d0000, 0x00007faf55b50000)
  eden space 4326976K,   0% used [0x00007faa00600000, 0x00007faa00600000, 0x00007fab08790000)
  from space 540800K,  45% used [0x00007fab297b0000, 0x00007fab386aa4c0, 0x00007fab4a7d0000)
  to   space 540800K,   0% used [0x00007fab08790000, 0x00007fab08790000, 0x00007fab297b0000)
 tenured generation   total 10817136K, used 10806168K [0x00007faf55b50000, 0x00007fb1e9eec000, 0x00007fba00600000)
   the space 10817136K,  99% used [0x00007faf55b50000, 0x00007fb1e9436370, 0x00007fb1e9436400, 0x00007fb1e9eec000)
 Metaspace       used 24187K, capacity 24577K, committed 24832K, reserved 26624K
}
Event: 2709.072 GC heap before
{Heap before GC invocations=1763 (full 5):
 def new generation   total 4867776K, used 4571689K [0x00007faa00600000, 0x00007fab4a7d0000, 0x00007faf55b50000)
  eden space 4326976K, 100% used [0x00007faa00600000, 0x00007fab08790000, 0x00007fab08790000)
  from space 540800K,  45% used [0x00007fab297b0000, 0x00007fab386aa4c0, 0x00007fab4a7d0000)
  to   space 540800K,   0% used [0x00007fab08790000, 0x00007fab08790000, 0x00007fab297b0000)
 tenured generation   total 10817136K, used 10806168K [0x00007faf55b50000, 0x00007fb1e9eec000, 0x00007fba00600000)
   the space 10817136K,  99% used [0x00007faf55b50000, 0x00007fb1e9436370, 0x00007fb1e9436400, 0x00007fb1e9eec000)
 Metaspace       used 24187K, capacity 24577K, committed 24832K, reserved 26624K
}
Event: 2709.487 GC heap after
{Heap after GC invocations=1764 (full 5):
 def new generation   total 4867776K, used 244612K [0x00007faa00600000, 0x00007fab4a7d0000, 0x00007faf55b50000)
  eden space 4326976K,   0% used [0x00007faa00600000, 0x00007faa00600000, 0x00007fab08790000)
  from space 540800K,  45% used [0x00007fab08790000, 0x00007fab17671000, 0x00007fab297b0000)
  to   space 540800K,   0% used [0x00007fab297b0000, 0x00007fab297b0000, 0x00007fab4a7d0000)
 tenured generation   total 10822704K, used 10822610K [0x00007faf55b50000, 0x00007fb1ea45c000, 0x00007fba00600000)
   the space 10822704K,  99% used [0x00007faf55b50000, 0x00007fb1ea444aa0, 0x00007fb1ea444c00, 0x00007fb1ea45c000)
 Metaspace       used 24187K, capacity 24577K, committed 24832K, reserved 26624K
}
Event: 2709.487 GC heap before
{Heap before GC invocations=1764 (full 5):
 def new generation   total 4867776K, used 244612K [0x00007faa00600000, 0x00007fab4a7d0000, 0x00007faf55b50000)
  eden space 4326976K,   0% used [0x00007faa00600000, 0x00007faa00600000, 0x00007fab08790000)
  from space 540800K,  45% used [0x00007fab08790000, 0x00007fab17671000, 0x00007fab297b0000)
  to   space 540800K,   0% used [0x00007fab297b0000, 0x00007fab297b0000, 0x00007fab4a7d0000)
 tenured generation   total 10822704K, used 10822610K [0x00007faf55b50000, 0x00007fb1ea45c000, 0x00007fba00600000)
   the space 10822704K,  99% used [0x00007faf55b50000, 0x00007fb1ea444aa0, 0x00007fb1ea444c00, 0x00007fb1ea45c000)
 Metaspace       used 24187K, capacity 24577K, committed 24832K, reserved 26624K
}

