# JRE version: OpenJDK Runtime Environment (13.0.7+5) (build 13.0.7+5-Ubuntu-0ubuntu120.04)
# Java VM: OpenJDK 64-Bit Server VM (13.0.7+5-Ubuntu-0ubuntu120.04, mixed mode, tiered, serial gc, linux-amd64)
Heap:
 def new generation   total 1048960K, used 9281K [0x00007fa62c600000, 0x00007fa673830000, 0x00007fab81b50000)
  eden space 932416K,   0% used [0x00007fa62c600000, 0x00007fa62cf106d0, 0x00007fa665490000)
  from space 116544K,   0% used [0x00007fa665490000, 0x00007fa665490000, 0x00007fa66c660000)
  to   space 116544K,   0% used [0x00007fa66c660000, 0x00007fa66c660000, 0x00007fa673830000)
 tenured generation   total 2331840K, used 2331839K [0x00007fab81b50000, 0x00007fac10080000, 0x00007fb62c600000)
   the space 2331840K,  99% used [0x00007fab81b50000, 0x00007fac1007fff0, 0x00007fac10080000, 0x00007fac10080000)
 Metaspace       used 24282K, capacity 24721K, committed 24832K, reserved 26624K
GC Heap History (20 events):
Event: 2418.510 GC heap after
{Heap after GC invocations=5130 (full 2):
 def new generation   total 1048960K, used 10207K [0x00007fa62c600000, 0x00007fa673830000, 0x00007fab81b50000)
  eden space 932416K,   0% used [0x00007fa62c600000, 0x00007fa62c600000, 0x00007fa665490000)
  from space 116544K,   8% used [0x00007fa66c660000, 0x00007fa66d057d40, 0x00007fa673830000)
  to   space 116544K,   0% used [0x00007fa665490000, 0x00007fa665490000, 0x00007fa66c660000)
 tenured generation   total 2330880K, used 2325391K [0x00007fab81b50000, 0x00007fac0ff90000, 0x00007fb62c600000)
   the space 2330880K,  99% used [0x00007fab81b50000, 0x00007fac0fa33e28, 0x00007fac0fa34000, 0x00007fac0ff90000)
 Metaspace       used 24282K, capacity 24721K, committed 24832K, reserved 26624K
}
Event: 2419.166 GC heap before
{Heap before GC invocations=5130 (full 2):
 def new generation   total 1048960K, used 942623K [0x00007fa62c600000, 0x00007fa673830000, 0x00007fab81b50000)
  eden space 932416K, 100% used [0x00007fa62c600000, 0x00007fa665490000, 0x00007fa665490000)
  from space 116544K,   8% used [0x00007fa66c660000, 0x00007fa66d057d40, 0x00007fa673830000)
  to   space 116544K,   0% used [0x00007fa665490000, 0x00007fa665490000, 0x00007fa66c660000)
 tenured generation   total 2330880K, used 2325391K [0x00007fab81b50000, 0x00007fac0ff90000, 0x00007fb62c600000)
   the space 2330880K,  99% used [0x00007fab81b50000, 0x00007fac0fa33e28, 0x00007fac0fa34000, 0x00007fac0ff90000)
 Metaspace       used 24282K, capacity 24721K, committed 24832K, reserved 26624K
}
Event: 2419.179 GC heap after
{Heap after GC invocations=5131 (full 2):
 def new generation   total 1048960K, used 10191K [0x00007fa62c600000, 0x00007fa673830000, 0x00007fab81b50000)
  eden space 932416K,   0% used [0x00007fa62c600000, 0x00007fa62c600000, 0x00007fa665490000)
  from space 116544K,   8% used [0x00007fa665490000, 0x00007fa665e83e48, 0x00007fa66c660000)
  to   space 116544K,   0% used [0x00007fa66c660000, 0x00007fa66c660000, 0x00007fa673830000)
 tenured generation   total 2330880K, used 2325783K [0x00007fab81b50000, 0x00007fac0ff90000, 0x00007fb62c600000)
   the space 2330880K,  99% used [0x00007fab81b50000, 0x00007fac0fa95c20, 0x00007fac0fa95e00, 0x00007fac0ff90000)
 Metaspace       used 24282K, capacity 24721K, committed 24832K, reserved 26624K
}
Event: 2419.792 GC heap before
{Heap before GC invocations=5131 (full 2):
 def new generation   total 1048960K, used 942607K [0x00007fa62c600000, 0x00007fa673830000, 0x00007fab81b50000)
  eden space 932416K, 100% used [0x00007fa62c600000, 0x00007fa665490000, 0x00007fa665490000)
  from space 116544K,   8% used [0x00007fa665490000, 0x00007fa665e83e48, 0x00007fa66c660000)
  to   space 116544K,   0% used [0x00007fa66c660000, 0x00007fa66c660000, 0x00007fa673830000)
 tenured generation   total 2330880K, used 2325783K [0x00007fab81b50000, 0x00007fac0ff90000, 0x00007fb62c600000)
   the space 2330880K,  99% used [0x00007fab81b50000, 0x00007fac0fa95c20, 0x00007fac0fa95e00, 0x00007fac0ff90000)
 Metaspace       used 24282K, capacity 24721K, committed 24832K, reserved 26624K
}
Event: 2419.804 GC heap after
{Heap after GC invocations=5132 (full 2):
 def new generation   total 1048960K, used 10418K [0x00007fa62c600000, 0x00007fa673830000, 0x00007fab81b50000)
  eden space 932416K,   0% used [0x00007fa62c600000, 0x00007fa62c600000, 0x00007fa665490000)
  from space 116544K,   8% used [0x00007fa66c660000, 0x00007fa66d08c998, 0x00007fa673830000)
  to   space 116544K,   0% used [0x00007fa665490000, 0x00007fa665490000, 0x00007fa66c660000)
 tenured generation   total 2330880K, used 2326037K [0x00007fab81b50000, 0x00007fac0ff90000, 0x00007fb62c600000)
   the space 2330880K,  99% used [0x00007fab81b50000, 0x00007fac0fad56d0, 0x00007fac0fad5800, 0x00007fac0ff90000)
 Metaspace       used 24282K, capacity 24721K, committed 24832K, reserved 26624K
}
Event: 2420.384 GC heap before
{Heap before GC invocations=5132 (full 2):
 def new generation   total 1048960K, used 942834K [0x00007fa62c600000, 0x00007fa673830000, 0x00007fab81b50000)
  eden space 932416K, 100% used [0x00007fa62c600000, 0x00007fa665490000, 0x00007fa665490000)
  from space 116544K,   8% used [0x00007fa66c660000, 0x00007fa66d08c998, 0x00007fa673830000)
  to   space 116544K,   0% used [0x00007fa665490000, 0x00007fa665490000, 0x00007fa66c660000)
 tenured generation   total 2330880K, used 2326037K [0x00007fab81b50000, 0x00007fac0ff90000, 0x00007fb62c600000)
   the space 2330880K,  99% used [0x00007fab81b50000, 0x00007fac0fad56d0, 0x00007fac0fad5800, 0x00007fac0ff90000)
 Metaspace       used 24282K, capacity 24721K, committed 24832K, reserved 26624K
}
Event: 2420.399 GC heap after
{Heap after GC invocations=5133 (full 2):
 def new generation   total 1048960K, used 10652K [0x00007fa62c600000, 0x00007fa673830000, 0x00007fab81b50000)
  eden space 932416K,   0% used [0x00007fa62c600000, 0x00007fa62c600000, 0x00007fa665490000)
  from space 116544K,   9% used [0x00007fa665490000, 0x00007fa665ef72e8, 0x00007fa66c660000)
  to   space 116544K,   0% used [0x00007fa66c660000, 0x00007fa66c660000, 0x00007fa673830000)
 tenured generation   total 2330880K, used 2326413K [0x00007fab81b50000, 0x00007fac0ff90000, 0x00007fb62c600000)
   the space 2330880K,  99% used [0x00007fab81b50000, 0x00007fac0fb33618, 0x00007fac0fb33800, 0x00007fac0ff90000)
 Metaspace       used 24282K, capacity 24721K, committed 24832K, reserved 26624K
}
Event: 2421.035 GC heap before
{Heap before GC invocations=5133 (full 2):
 def new generation   total 1048960K, used 943068K [0x00007fa62c600000, 0x00007fa673830000, 0x00007fab81b50000)
  eden space 932416K, 100% used [0x00007fa62c600000, 0x00007fa665490000, 0x00007fa665490000)
  from space 116544K,   9% used [0x00007fa665490000, 0x00007fa665ef72e8, 0x00007fa66c660000)
  to   space 116544K,   0% used [0x00007fa66c660000, 0x00007fa66c660000, 0x00007fa673830000)
 tenured generation   total 2330880K, used 2326413K [0x00007fab81b50000, 0x00007fac0ff90000, 0x00007fb62c600000)
   the space 2330880K,  99% used [0x00007fab81b50000, 0x00007fac0fb33618, 0x00007fac0fb33800, 0x00007fac0ff90000)
 Metaspace       used 24282K, capacity 24721K, committed 24832K, reserved 26624K
}
Event: 2421.053 GC heap after
{Heap after GC invocations=5134 (full 2):
 def new generation   total 1048960K, used 11339K [0x00007fa62c600000, 0x00007fa673830000, 0x00007fab81b50000)
  eden space 932416K,   0% used [0x00007fa62c600000, 0x00007fa62c600000, 0x00007fa665490000)
  from space 116544K,   9% used [0x00007fa66c660000, 0x00007fa66d172db8, 0x00007fa673830000)
  to   space 116544K,   0% used [0x00007fa665490000, 0x00007fa665490000, 0x00007fa66c660000)
 tenured generation   total 2330880K, used 2326910K [0x00007fab81b50000, 0x00007fac0ff90000, 0x00007fb62c600000)
   the space 2330880K,  99% used [0x00007fab81b50000, 0x00007fac0fbaf9f8, 0x00007fac0fbafa00, 0x00007fac0ff90000)
 Metaspace       used 24282K, capacity 24721K, committed 24832K, reserved 26624K
}
Event: 2421.689 GC heap before
{Heap before GC invocations=5134 (full 2):
 def new generation   total 1048960K, used 943755K [0x00007fa62c600000, 0x00007fa673830000, 0x00007fab81b50000)
  eden space 932416K, 100% used [0x00007fa62c600000, 0x00007fa665490000, 0x00007fa665490000)
  from space 116544K,   9% used [0x00007fa66c660000, 0x00007fa66d172db8, 0x00007fa673830000)
  to   space 116544K,   0% used [0x00007fa665490000, 0x00007fa665490000, 0x00007fa66c660000)
 tenured generation   total 2330880K, used 2326910K [0x00007fab81b50000, 0x00007fac0ff90000, 0x00007fb62c600000)
   the space 2330880K,  99% used [0x00007fab81b50000, 0x00007fac0fbaf9f8, 0x00007fac0fbafa00, 0x00007fac0ff90000)
 Metaspace       used 24282K, capacity 24721K, committed 24832K, reserved 26624K
}
Event: 2421.711 GC heap after
{Heap after GC invocations=5135 (full 2):
 def new generation   total 1048960K, used 11975K [0x00007fa62c600000, 0x00007fa673830000, 0x00007fab81b50000)
  eden space 932416K,   0% used [0x00007fa62c600000, 0x00007fa62c600000, 0x00007fa665490000)
  from space 116544K,  10% used [0x00007fa665490000, 0x00007fa666041d10, 0x00007fa66c660000)
  to   space 116544K,   0% used [0x00007fa66c660000, 0x00007fa66c660000, 0x00007fa673830000)
 tenured generation   total 2330880K, used 2327598K [0x00007fab81b50000, 0x00007fac0ff90000, 0x00007fb62c600000)
   the space 2330880K,  99% used [0x00007fab81b50000, 0x00007fac0fc5bb20, 0x00007fac0fc5bc00, 0x00007fac0ff90000)
 Metaspace       used 24282K, capacity 24721K, committed 24832K, reserved 26624K
}
Event: 2422.337 GC heap before
{Heap before GC invocations=5135 (full 2):
 def new generation   total 1048960K, used 944391K [0x00007fa62c600000, 0x00007fa673830000, 0x00007fab81b50000)
  eden space 932416K, 100% used [0x00007fa62c600000, 0x00007fa665490000, 0x00007fa665490000)
  from space 116544K,  10% used [0x00007fa665490000, 0x00007fa666041d10, 0x00007fa66c660000)
  to   space 116544K,   0% used [0x00007fa66c660000, 0x00007fa66c660000, 0x00007fa673830000)
 tenured generation   total 2330880K, used 2327598K [0x00007fab81b50000, 0x00007fac0ff90000, 0x00007fb62c600000)
   the space 2330880K,  99% used [0x00007fab81b50000, 0x00007fac0fc5bb20, 0x00007fac0fc5bc00, 0x00007fac0ff90000)
 Metaspace       used 24282K, capacity 24721K, committed 24832K, reserved 26624K
}
Event: 2422.354 GC heap after
{Heap after GC invocations=5136 (full 2):
 def new generation   total 1048960K, used 12033K [0x00007fa62c600000, 0x00007fa673830000, 0x00007fab81b50000)
  eden space 932416K,   0% used [0x00007fa62c600000, 0x00007fa62c600000, 0x00007fa665490000)
  from space 116544K,  10% used [0x00007fa66c660000, 0x00007fa66d2205d0, 0x00007fa673830000)
  to   space 116544K,   0% used [0x00007fa665490000, 0x00007fa665490000, 0x00007fa66c660000)
 tenured generation   total 2330880K, used 2328269K [0x00007fab81b50000, 0x00007fac0ff90000, 0x00007fb62c600000)
   the space 2330880K,  99% used [0x00007fab81b50000, 0x00007fac0fd035b0, 0x00007fac0fd03600, 0x00007fac0ff90000)
 Metaspace       used 24282K, capacity 24721K, committed 24832K, reserved 26624K
}
Event: 2422.974 GC heap before
{Heap before GC invocations=5136 (full 2):
 def new generation   total 1048960K, used 944449K [0x00007fa62c600000, 0x00007fa673830000, 0x00007fab81b50000)
  eden space 932416K, 100% used [0x00007fa62c600000, 0x00007fa665490000, 0x00007fa665490000)
  from space 116544K,  10% used [0x00007fa66c660000, 0x00007fa66d2205d0, 0x00007fa673830000)
  to   space 116544K,   0% used [0x00007fa665490000, 0x00007fa665490000, 0x00007fa66c660000)
 tenured generation   total 2330880K, used 2328269K [0x00007fab81b50000, 0x00007fac0ff90000, 0x00007fb62c600000)
   the space 2330880K,  99% used [0x00007fab81b50000, 0x00007fac0fd035b0, 0x00007fac0fd03600, 0x00007fac0ff90000)
 Metaspace       used 24282K, capacity 24721K, committed 24832K, reserved 26624K
}
Event: 2422.990 GC heap after
{Heap after GC invocations=5137 (full 2):
 def new generation   total 1048960K, used 11531K [0x00007fa62c600000, 0x00007fa673830000, 0x00007fab81b50000)
  eden space 932416K,   0% used [0x00007fa62c600000, 0x00007fa62c600000, 0x00007fa665490000)
  from space 116544K,   9% used [0x00007fa665490000, 0x00007fa665fd2ff0, 0x00007fa66c660000)
  to   space 116544K,   0% used [0x00007fa66c660000, 0x00007fa66c660000, 0x00007fa673830000)
 tenured generation   total 2330880K, used 2329009K [0x00007fab81b50000, 0x00007fac0ff90000, 0x00007fb62c600000)
   the space 2330880K,  99% used [0x00007fab81b50000, 0x00007fac0fdbc620, 0x00007fac0fdbc800, 0x00007fac0ff90000)
 Metaspace       used 24282K, capacity 24721K, committed 24832K, reserved 26624K
}
Event: 2423.570 GC heap before
{Heap before GC invocations=5137 (full 2):
 def new generation   total 1048960K, used 943947K [0x00007fa62c600000, 0x00007fa673830000, 0x00007fab81b50000)
  eden space 932416K, 100% used [0x00007fa62c600000, 0x00007fa665490000, 0x00007fa665490000)
  from space 116544K,   9% used [0x00007fa665490000, 0x00007fa665fd2ff0, 0x00007fa66c660000)
  to   space 116544K,   0% used [0x00007fa66c660000, 0x00007fa66c660000, 0x00007fa673830000)
 tenured generation   total 2330880K, used 2329009K [0x00007fab81b50000, 0x00007fac0ff90000, 0x00007fb62c600000)
   the space 2330880K,  99% used [0x00007fab81b50000, 0x00007fac0fdbc620, 0x00007fac0fdbc800, 0x00007fac0ff90000)
 Metaspace       used 24282K, capacity 24721K, committed 24832K, reserved 26624K
}
Event: 2423.587 GC heap after
{Heap after GC invocations=5138 (full 2):
 def new generation   total 1048960K, used 10471K [0x00007fa62c600000, 0x00007fa673830000, 0x00007fab81b50000)
  eden space 932416K,   0% used [0x00007fa62c600000, 0x00007fa62c600000, 0x00007fa665490000)
  from space 116544K,   8% used [0x00007fa66c660000, 0x00007fa66d099ef8, 0x00007fa673830000)
  to   space 116544K,   0% used [0x00007fa665490000, 0x00007fa665490000, 0x00007fa66c660000)
 tenured generation   total 2330880K, used 2330322K [0x00007fab81b50000, 0x00007fac0ff90000, 0x00007fb62c600000)
   the space 2330880K,  99% used [0x00007fab81b50000, 0x00007fac0ff04a78, 0x00007fac0ff04c00, 0x00007fac0ff90000)
 Metaspace       used 24282K, capacity 24721K, committed 24832K, reserved 26624K
}
Event: 2424.234 GC heap before
{Heap before GC invocations=5138 (full 2):
 def new generation   total 1048960K, used 942887K [0x00007fa62c600000, 0x00007fa673830000, 0x00007fab81b50000)
  eden space 932416K, 100% used [0x00007fa62c600000, 0x00007fa665490000, 0x00007fa665490000)
  from space 116544K,   8% used [0x00007fa66c660000, 0x00007fa66d099ef8, 0x00007fa673830000)
  to   space 116544K,   0% used [0x00007fa665490000, 0x00007fa665490000, 0x00007fa66c660000)
 tenured generation   total 2330880K, used 2330322K [0x00007fab81b50000, 0x00007fac0ff90000, 0x00007fb62c600000)
   the space 2330880K,  99% used [0x00007fab81b50000, 0x00007fac0ff04a78, 0x00007fac0ff04c00, 0x00007fac0ff90000)
 Metaspace       used 24282K, capacity 24721K, committed 24832K, reserved 26624K
}
Event: 2424.251 GC heap after
{Heap after GC invocations=5139 (full 2):
 def new generation   total 1048960K, used 9468K [0x00007fa62c600000, 0x00007fa673830000, 0x00007fab81b50000)
  eden space 932416K,   0% used [0x00007fa62c600000, 0x00007fa62c600000, 0x00007fa665490000)
  from space 116544K,   8% used [0x00007fa665490000, 0x00007fa665dcf1e8, 0x00007fa66c660000)
  to   space 116544K,   0% used [0x00007fa66c660000, 0x00007fa66c660000, 0x00007fa673830000)
 tenured generation   total 2331840K, used 2331653K [0x00007fab81b50000, 0x00007fac10080000, 0x00007fb62c600000)
   the space 2331840K,  99% used [0x00007fab81b50000, 0x00007fac100514d8, 0x00007fac10051600, 0x00007fac10080000)
 Metaspace       used 24282K, capacity 24721K, committed 24832K, reserved 26624K
}
Event: 2424.252 GC heap before
{Heap before GC invocations=5139 (full 2):
 def new generation   total 1048960K, used 9468K [0x00007fa62c600000, 0x00007fa673830000, 0x00007fab81b50000)
  eden space 932416K,   0% used [0x00007fa62c600000, 0x00007fa62c600000, 0x00007fa665490000)
  from space 116544K,   8% used [0x00007fa665490000, 0x00007fa665dcf1e8, 0x00007fa66c660000)
  to   space 116544K,   0% used [0x00007fa66c660000, 0x00007fa66c660000, 0x00007fa673830000)
 tenured generation   total 2331840K, used 2331653K [0x00007fab81b50000, 0x00007fac10080000, 0x00007fb62c600000)
   the space 2331840K,  99% used [0x00007fab81b50000, 0x00007fac100514d8, 0x00007fac10051600, 0x00007fac10080000)
 Metaspace       used 24282K, capacity 24721K, committed 24832K, reserved 26624K
}

