# JRE version: OpenJDK Runtime Environment (13.0.7+5) (build 13.0.7+5-Ubuntu-0ubuntu120.04)
# Java VM: OpenJDK 64-Bit Server VM (13.0.7+5-Ubuntu-0ubuntu120.04, mixed mode, tiered, serial gc, linux-amd64)
Heap:
 def new generation   total 1027584K, used 0K [0x00007f49a8600000, 0x00007f49ee0f0000, 0x00007f54530a0000)
  eden space 913472K,   0% used [0x00007f49a8600000, 0x00007f49a8600000, 0x00007f49e0210000)
  from space 114112K,   0% used [0x00007f49e7180000, 0x00007f49e7180000, 0x00007f49ee0f0000)
  to   space 114112K,   0% used [0x00007f49e0210000, 0x00007f49e0210000, 0x00007f49e7180000)
 tenured generation   total 2316076K, used 2193208K [0x00007f54530a0000, 0x00007f54e066b000, 0x00007f69a8600000)
   the space 2316076K,  94% used [0x00007f54530a0000, 0x00007f54d8e6e378, 0x00007f54d8e6e400, 0x00007f54e066b000)
 Metaspace       used 24272K, capacity 24641K, committed 24832K, reserved 26624K
GC Heap History (20 events):
Event: 705.937 GC heap after
{Heap after GC invocations=980 (full 4):
 def new generation   total 1027584K, used 54992K [0x00007f49a8600000, 0x00007f49ee0f0000, 0x00007f54530a0000)
  eden space 913472K,   0% used [0x00007f49a8600000, 0x00007f49a8600000, 0x00007f49e0210000)
  from space 114112K,  48% used [0x00007f49e0210000, 0x00007f49e37c4010, 0x00007f49e7180000)
  to   space 114112K,   0% used [0x00007f49e7180000, 0x00007f49e7180000, 0x00007f49ee0f0000)
 tenured generation   total 2283300K, used 2243520K [0x00007f54530a0000, 0x00007f54de669000, 0x00007f69a8600000)
   the space 2283300K,  98% used [0x00007f54530a0000, 0x00007f54dbf90088, 0x00007f54dbf90200, 0x00007f54de669000)
 Metaspace       used 24272K, capacity 24641K, committed 24832K, reserved 26624K
}
Event: 707.075 GC heap before
{Heap before GC invocations=980 (full 4):
 def new generation   total 1027584K, used 966033K [0x00007f49a8600000, 0x00007f49ee0f0000, 0x00007f54530a0000)
  eden space 913472K,  99% used [0x00007f49a8600000, 0x00007f49dffb0730, 0x00007f49e0210000)
  from space 114112K,  48% used [0x00007f49e0210000, 0x00007f49e37c4010, 0x00007f49e7180000)
  to   space 114112K,   0% used [0x00007f49e7180000, 0x00007f49e7180000, 0x00007f49ee0f0000)
 tenured generation   total 2283300K, used 2243520K [0x00007f54530a0000, 0x00007f54de669000, 0x00007f69a8600000)
   the space 2283300K,  98% used [0x00007f54530a0000, 0x00007f54dbf90088, 0x00007f54dbf90200, 0x00007f54de669000)
 Metaspace       used 24272K, capacity 24641K, committed 24832K, reserved 26624K
}
Event: 707.126 GC heap after
{Heap after GC invocations=981 (full 4):
 def new generation   total 1027584K, used 67859K [0x00007f49a8600000, 0x00007f49ee0f0000, 0x00007f54530a0000)
  eden space 913472K,   0% used [0x00007f49a8600000, 0x00007f49a8600000, 0x00007f49e0210000)
  from space 114112K,  59% used [0x00007f49e7180000, 0x00007f49eb3c4dd8, 0x00007f49ee0f0000)
  to   space 114112K,   0% used [0x00007f49e0210000, 0x00007f49e0210000, 0x00007f49e7180000)
 tenured generation   total 2283300K, used 2243520K [0x00007f54530a0000, 0x00007f54de669000, 0x00007f69a8600000)
   the space 2283300K,  98% used [0x00007f54530a0000, 0x00007f54dbf90088, 0x00007f54dbf90200, 0x00007f54de669000)
 Metaspace       used 24272K, capacity 24641K, committed 24832K, reserved 26624K
}
Event: 708.148 GC heap before
{Heap before GC invocations=981 (full 4):
 def new generation   total 1027584K, used 971774K [0x00007f49a8600000, 0x00007f49ee0f0000, 0x00007f54530a0000)
  eden space 913472K,  98% used [0x00007f49a8600000, 0x00007f49df8baa28, 0x00007f49e0210000)
  from space 114112K,  59% used [0x00007f49e7180000, 0x00007f49eb3c4dd8, 0x00007f49ee0f0000)
  to   space 114112K,   0% used [0x00007f49e0210000, 0x00007f49e0210000, 0x00007f49e7180000)
 tenured generation   total 2283300K, used 2243520K [0x00007f54530a0000, 0x00007f54de669000, 0x00007f69a8600000)
   the space 2283300K,  98% used [0x00007f54530a0000, 0x00007f54dbf90088, 0x00007f54dbf90200, 0x00007f54de669000)
 Metaspace       used 24272K, capacity 24641K, committed 24832K, reserved 26624K
}
Event: 708.210 GC heap after
{Heap after GC invocations=982 (full 4):
 def new generation   total 1027584K, used 45227K [0x00007f49a8600000, 0x00007f49ee0f0000, 0x00007f54530a0000)
  eden space 913472K,   0% used [0x00007f49a8600000, 0x00007f49a8600000, 0x00007f49e0210000)
  from space 114112K,  39% used [0x00007f49e0210000, 0x00007f49e2e3ad70, 0x00007f49e7180000)
  to   space 114112K,   0% used [0x00007f49e7180000, 0x00007f49e7180000, 0x00007f49ee0f0000)
 tenured generation   total 2283300K, used 2263048K [0x00007f54530a0000, 0x00007f54de669000, 0x00007f69a8600000)
   the space 2283300K,  99% used [0x00007f54530a0000, 0x00007f54dd2a2130, 0x00007f54dd2a2200, 0x00007f54de669000)
 Metaspace       used 24272K, capacity 24641K, committed 24832K, reserved 26624K
}
Event: 709.212 GC heap before
{Heap before GC invocations=982 (full 4):
 def new generation   total 1027584K, used 958699K [0x00007f49a8600000, 0x00007f49ee0f0000, 0x00007f54530a0000)
  eden space 913472K, 100% used [0x00007f49a8600000, 0x00007f49e0210000, 0x00007f49e0210000)
  from space 114112K,  39% used [0x00007f49e0210000, 0x00007f49e2e3ad70, 0x00007f49e7180000)
  to   space 114112K,   0% used [0x00007f49e7180000, 0x00007f49e7180000, 0x00007f49ee0f0000)
 tenured generation   total 2283300K, used 2263048K [0x00007f54530a0000, 0x00007f54de669000, 0x00007f69a8600000)
   the space 2283300K,  99% used [0x00007f54530a0000, 0x00007f54dd2a2130, 0x00007f54dd2a2200, 0x00007f54de669000)
 Metaspace       used 24272K, capacity 24641K, committed 24832K, reserved 26624K
}
Event: 709.250 GC heap after
{Heap after GC invocations=983 (full 4):
 def new generation   total 1027584K, used 49850K [0x00007f49a8600000, 0x00007f49ee0f0000, 0x00007f54530a0000)
  eden space 913472K,   0% used [0x00007f49a8600000, 0x00007f49a8600000, 0x00007f49e0210000)
  from space 114112K,  43% used [0x00007f49e7180000, 0x00007f49ea22e810, 0x00007f49ee0f0000)
  to   space 114112K,   0% used [0x00007f49e0210000, 0x00007f49e0210000, 0x00007f49e7180000)
 tenured generation   total 2283300K, used 2263048K [0x00007f54530a0000, 0x00007f54de669000, 0x00007f69a8600000)
   the space 2283300K,  99% used [0x00007f54530a0000, 0x00007f54dd2a2130, 0x00007f54dd2a2200, 0x00007f54de669000)
 Metaspace       used 24272K, capacity 24641K, committed 24832K, reserved 26624K
}
Event: 710.039 GC heap before
{Heap before GC invocations=983 (full 4):
 def new generation   total 1027584K, used 963322K [0x00007f49a8600000, 0x00007f49ee0f0000, 0x00007f54530a0000)
  eden space 913472K, 100% used [0x00007f49a8600000, 0x00007f49e0210000, 0x00007f49e0210000)
  from space 114112K,  43% used [0x00007f49e7180000, 0x00007f49ea22e810, 0x00007f49ee0f0000)
  to   space 114112K,   0% used [0x00007f49e0210000, 0x00007f49e0210000, 0x00007f49e7180000)
 tenured generation   total 2283300K, used 2263048K [0x00007f54530a0000, 0x00007f54de669000, 0x00007f69a8600000)
   the space 2283300K,  99% used [0x00007f54530a0000, 0x00007f54dd2a2130, 0x00007f54dd2a2200, 0x00007f54de669000)
 Metaspace       used 24272K, capacity 24641K, committed 24832K, reserved 26624K
}
Event: 710.084 GC heap after
{Heap after GC invocations=984 (full 4):
 def new generation   total 1027584K, used 50341K [0x00007f49a8600000, 0x00007f49ee0f0000, 0x00007f54530a0000)
  eden space 913472K,   0% used [0x00007f49a8600000, 0x00007f49a8600000, 0x00007f49e0210000)
  from space 114112K,  44% used [0x00007f49e0210000, 0x00007f49e3339778, 0x00007f49e7180000)
  to   space 114112K,   0% used [0x00007f49e7180000, 0x00007f49e7180000, 0x00007f49ee0f0000)
 tenured generation   total 2283300K, used 2263048K [0x00007f54530a0000, 0x00007f54de669000, 0x00007f69a8600000)
   the space 2283300K,  99% used [0x00007f54530a0000, 0x00007f54dd2a2130, 0x00007f54dd2a2200, 0x00007f54de669000)
 Metaspace       used 24272K, capacity 24641K, committed 24832K, reserved 26624K
}
Event: 710.942 GC heap before
{Heap before GC invocations=984 (full 4):
 def new generation   total 1027584K, used 959940K [0x00007f49a8600000, 0x00007f49ee0f0000, 0x00007f54530a0000)
  eden space 913472K,  99% used [0x00007f49a8600000, 0x00007f49dfe47b90, 0x00007f49e0210000)
  from space 114112K,  44% used [0x00007f49e0210000, 0x00007f49e3339778, 0x00007f49e7180000)
  to   space 114112K,   0% used [0x00007f49e7180000, 0x00007f49e7180000, 0x00007f49ee0f0000)
 tenured generation   total 2283300K, used 2263048K [0x00007f54530a0000, 0x00007f54de669000, 0x00007f69a8600000)
   the space 2283300K,  99% used [0x00007f54530a0000, 0x00007f54dd2a2130, 0x00007f54dd2a2200, 0x00007f54de669000)
 Metaspace       used 24272K, capacity 24641K, committed 24832K, reserved 26624K
}
Event: 710.975 GC heap after
{Heap after GC invocations=985 (full 4):
 def new generation   total 1027584K, used 52934K [0x00007f49a8600000, 0x00007f49ee0f0000, 0x00007f54530a0000)
  eden space 913472K,   0% used [0x00007f49a8600000, 0x00007f49a8600000, 0x00007f49e0210000)
  from space 114112K,  46% used [0x00007f49e7180000, 0x00007f49ea531b88, 0x00007f49ee0f0000)
  to   space 114112K,   0% used [0x00007f49e0210000, 0x00007f49e0210000, 0x00007f49e7180000)
 tenured generation   total 2283300K, used 2263048K [0x00007f54530a0000, 0x00007f54de669000, 0x00007f69a8600000)
   the space 2283300K,  99% used [0x00007f54530a0000, 0x00007f54dd2a2130, 0x00007f54dd2a2200, 0x00007f54de669000)
 Metaspace       used 24272K, capacity 24641K, committed 24832K, reserved 26624K
}
Event: 712.148 GC heap before
{Heap before GC invocations=985 (full 4):
 def new generation   total 1027584K, used 966406K [0x00007f49a8600000, 0x00007f49ee0f0000, 0x00007f54530a0000)
  eden space 913472K, 100% used [0x00007f49a8600000, 0x00007f49e0210000, 0x00007f49e0210000)
  from space 114112K,  46% used [0x00007f49e7180000, 0x00007f49ea531b88, 0x00007f49ee0f0000)
  to   space 114112K,   0% used [0x00007f49e0210000, 0x00007f49e0210000, 0x00007f49e7180000)
 tenured generation   total 2283300K, used 2263048K [0x00007f54530a0000, 0x00007f54de669000, 0x00007f69a8600000)
   the space 2283300K,  99% used [0x00007f54530a0000, 0x00007f54dd2a2130, 0x00007f54dd2a2200, 0x00007f54de669000)
 Metaspace       used 24272K, capacity 24641K, committed 24832K, reserved 26624K
}
Event: 712.188 GC heap after
{Heap after GC invocations=986 (full 4):
 def new generation   total 1027584K, used 57048K [0x00007f49a8600000, 0x00007f49ee0f0000, 0x00007f54530a0000)
  eden space 913472K,   0% used [0x00007f49a8600000, 0x00007f49a8600000, 0x00007f49e0210000)
  from space 114112K,  49% used [0x00007f49e0210000, 0x00007f49e39c63a8, 0x00007f49e7180000)
  to   space 114112K,   0% used [0x00007f49e7180000, 0x00007f49e7180000, 0x00007f49ee0f0000)
 tenured generation   total 2283300K, used 2263048K [0x00007f54530a0000, 0x00007f54de669000, 0x00007f69a8600000)
   the space 2283300K,  99% used [0x00007f54530a0000, 0x00007f54dd2a2130, 0x00007f54dd2a2200, 0x00007f54de669000)
 Metaspace       used 24272K, capacity 24641K, committed 24832K, reserved 26624K
}
Event: 713.279 GC heap before
{Heap before GC invocations=986 (full 4):
 def new generation   total 1027584K, used 970520K [0x00007f49a8600000, 0x00007f49ee0f0000, 0x00007f54530a0000)
  eden space 913472K, 100% used [0x00007f49a8600000, 0x00007f49e0210000, 0x00007f49e0210000)
  from space 114112K,  49% used [0x00007f49e0210000, 0x00007f49e39c63a8, 0x00007f49e7180000)
  to   space 114112K,   0% used [0x00007f49e7180000, 0x00007f49e7180000, 0x00007f49ee0f0000)
 tenured generation   total 2283300K, used 2263048K [0x00007f54530a0000, 0x00007f54de669000, 0x00007f69a8600000)
   the space 2283300K,  99% used [0x00007f54530a0000, 0x00007f54dd2a2130, 0x00007f54dd2a2200, 0x00007f54de669000)
 Metaspace       used 24272K, capacity 24641K, committed 24832K, reserved 26624K
}
Event: 713.324 GC heap after
{Heap after GC invocations=987 (full 4):
 def new generation   total 1027584K, used 62688K [0x00007f49a8600000, 0x00007f49ee0f0000, 0x00007f54530a0000)
  eden space 913472K,   0% used [0x00007f49a8600000, 0x00007f49a8600000, 0x00007f49e0210000)
  from space 114112K,  54% used [0x00007f49e7180000, 0x00007f49eaeb82f8, 0x00007f49ee0f0000)
  to   space 114112K,   0% used [0x00007f49e0210000, 0x00007f49e0210000, 0x00007f49e7180000)
 tenured generation   total 2283300K, used 2263048K [0x00007f54530a0000, 0x00007f54de669000, 0x00007f69a8600000)
   the space 2283300K,  99% used [0x00007f54530a0000, 0x00007f54dd2a2130, 0x00007f54dd2a2200, 0x00007f54de669000)
 Metaspace       used 24272K, capacity 24641K, committed 24832K, reserved 26624K
}
Event: 714.242 GC heap before
{Heap before GC invocations=987 (full 4):
 def new generation   total 1027584K, used 968238K [0x00007f49a8600000, 0x00007f49ee0f0000, 0x00007f54530a0000)
  eden space 913472K,  99% used [0x00007f49a8600000, 0x00007f49dfa53518, 0x00007f49e0210000)
  from space 114112K,  54% used [0x00007f49e7180000, 0x00007f49eaeb82f8, 0x00007f49ee0f0000)
  to   space 114112K,   0% used [0x00007f49e0210000, 0x00007f49e0210000, 0x00007f49e7180000)
 tenured generation   total 2283300K, used 2263048K [0x00007f54530a0000, 0x00007f54de669000, 0x00007f69a8600000)
   the space 2283300K,  99% used [0x00007f54530a0000, 0x00007f54dd2a2130, 0x00007f54dd2a2200, 0x00007f54de669000)
 Metaspace       used 24272K, capacity 24641K, committed 24832K, reserved 26624K
}
Event: 714.313 GC heap after
{Heap after GC invocations=988 (full 4):
 def new generation   total 1027584K, used 66275K [0x00007f49a8600000, 0x00007f49ee0f0000, 0x00007f54530a0000)
  eden space 913472K,   0% used [0x00007f49a8600000, 0x00007f49a8600000, 0x00007f49e0210000)
  from space 114112K,  58% used [0x00007f49e0210000, 0x00007f49e42c8ce8, 0x00007f49e7180000)
  to   space 114112K,   0% used [0x00007f49e7180000, 0x00007f49e7180000, 0x00007f49ee0f0000)
 tenured generation   total 2283300K, used 2280521K [0x00007f54530a0000, 0x00007f54de669000, 0x00007f69a8600000)
   the space 2283300K,  99% used [0x00007f54530a0000, 0x00007f54de3b26a8, 0x00007f54de3b2800, 0x00007f54de669000)
 Metaspace       used 24272K, capacity 24641K, committed 24832K, reserved 26624K
}
Event: 715.108 GC heap before
{Heap before GC invocations=988 (full 4):
 def new generation   total 1027584K, used 979747K [0x00007f49a8600000, 0x00007f49ee0f0000, 0x00007f54530a0000)
  eden space 913472K, 100% used [0x00007f49a8600000, 0x00007f49e0210000, 0x00007f49e0210000)
  from space 114112K,  58% used [0x00007f49e0210000, 0x00007f49e42c8ce8, 0x00007f49e7180000)
  to   space 114112K,   0% used [0x00007f49e7180000, 0x00007f49e7180000, 0x00007f49ee0f0000)
 tenured generation   total 2283300K, used 2280521K [0x00007f54530a0000, 0x00007f54de669000, 0x00007f69a8600000)
   the space 2283300K,  99% used [0x00007f54530a0000, 0x00007f54de3b26a8, 0x00007f54de3b2800, 0x00007f54de669000)
 Metaspace       used 24272K, capacity 24641K, committed 24832K, reserved 26624K
}
Event: 715.173 GC heap after
{Heap after GC invocations=989 (full 4):
 def new generation   total 1027584K, used 15420K [0x00007f49a8600000, 0x00007f49ee0f0000, 0x00007f54530a0000)
  eden space 913472K,   0% used [0x00007f49a8600000, 0x00007f49a8600000, 0x00007f49e0210000)
  from space 114112K,  13% used [0x00007f49e7180000, 0x00007f49e808f368, 0x00007f49ee0f0000)
  to   space 114112K,   0% used [0x00007f49e0210000, 0x00007f49e0210000, 0x00007f49e7180000)
 tenured generation   total 2316076K, used 2315453K [0x00007f54530a0000, 0x00007f54e066b000, 0x00007f69a8600000)
   the space 2316076K,  99% used [0x00007f54530a0000, 0x00007f54e05cf658, 0x00007f54e05cf800, 0x00007f54e066b000)
 Metaspace       used 24272K, capacity 24641K, committed 24832K, reserved 26624K
}
Event: 715.173 GC heap before
{Heap before GC invocations=989 (full 4):
 def new generation   total 1027584K, used 15420K [0x00007f49a8600000, 0x00007f49ee0f0000, 0x00007f54530a0000)
  eden space 913472K,   0% used [0x00007f49a8600000, 0x00007f49a8600000, 0x00007f49e0210000)
  from space 114112K,  13% used [0x00007f49e7180000, 0x00007f49e808f368, 0x00007f49ee0f0000)
  to   space 114112K,   0% used [0x00007f49e0210000, 0x00007f49e0210000, 0x00007f49e7180000)
 tenured generation   total 2316076K, used 2315453K [0x00007f54530a0000, 0x00007f54e066b000, 0x00007f69a8600000)
   the space 2316076K,  99% used [0x00007f54530a0000, 0x00007f54e05cf658, 0x00007f54e05cf800, 0x00007f54e066b000)
 Metaspace       used 24272K, capacity 24641K, committed 24832K, reserved 26624K
}

