# JRE version: OpenJDK Runtime Environment (13.0.7+5) (build 13.0.7+5-Ubuntu-0ubuntu120.04)
# Java VM: OpenJDK 64-Bit Server VM (13.0.7+5-Ubuntu-0ubuntu120.04, mixed mode, tiered, serial gc, linux-amd64)
Heap:
 def new generation   total 2963008K, used 191659K [0x00007f3004600000, 0x00007f30cd510000, 0x00007f3559b50000)
  eden space 2633792K,   7% used [0x00007f3004600000, 0x00007f301012ad00, 0x00007f30a5210000)
  from space 329216K,   0% used [0x00007f30a5210000, 0x00007f30a5210000, 0x00007f30b9390000)
  to   space 329216K,   0% used [0x00007f30b9390000, 0x00007f30b9390000, 0x00007f30cd510000)
 tenured generation   total 6598916K, used 6598915K [0x00007f3559b50000, 0x00007f36ec791000, 0x00007f4004600000)
   the space 6598916K,  99% used [0x00007f3559b50000, 0x00007f36ec790ff8, 0x00007f36ec791000, 0x00007f36ec791000)
 Metaspace       used 30605K, capacity 30995K, committed 31232K, reserved 32768K
GC Heap History (20 events):
Event: 204.495 GC heap after
{Heap after GC invocations=129 (full 4):
 def new generation   total 2963008K, used 203969K [0x00007f3004600000, 0x00007f30cd510000, 0x00007f3559b50000)
  eden space 2633792K,   0% used [0x00007f3004600000, 0x00007f3004600000, 0x00007f30a5210000)
  from space 329216K,  61% used [0x00007f30b9390000, 0x00007f30c5ac0420, 0x00007f30cd510000)
  to   space 329216K,   0% used [0x00007f30a5210000, 0x00007f30a5210000, 0x00007f30b9390000)
 tenured generation   total 6584324K, used 4753805K [0x00007f3559b50000, 0x00007f36eb951000, 0x00007f4004600000)
   the space 6584324K,  72% used [0x00007f3559b50000, 0x00007f367bdb3690, 0x00007f367bdb3800, 0x00007f36eb951000)
 Metaspace       used 30605K, capacity 30995K, committed 31232K, reserved 32768K
}
Event: 205.231 GC heap before
{Heap before GC invocations=129 (full 4):
 def new generation   total 2963008K, used 2837761K [0x00007f3004600000, 0x00007f30cd510000, 0x00007f3559b50000)
  eden space 2633792K, 100% used [0x00007f3004600000, 0x00007f30a5210000, 0x00007f30a5210000)
  from space 329216K,  61% used [0x00007f30b9390000, 0x00007f30c5ac0420, 0x00007f30cd510000)
  to   space 329216K,   0% used [0x00007f30a5210000, 0x00007f30a5210000, 0x00007f30b9390000)
 tenured generation   total 6584324K, used 4753805K [0x00007f3559b50000, 0x00007f36eb951000, 0x00007f4004600000)
   the space 6584324K,  72% used [0x00007f3559b50000, 0x00007f367bdb3690, 0x00007f367bdb3800, 0x00007f36eb951000)
 Metaspace       used 30605K, capacity 30995K, committed 31232K, reserved 32768K
}
Event: 205.961 GC heap after
{Heap after GC invocations=130 (full 4):
 def new generation   total 2963008K, used 201911K [0x00007f3004600000, 0x00007f30cd510000, 0x00007f3559b50000)
  eden space 2633792K,   0% used [0x00007f3004600000, 0x00007f3004600000, 0x00007f30a5210000)
  from space 329216K,  61% used [0x00007f30a5210000, 0x00007f30b173dd98, 0x00007f30b9390000)
  to   space 329216K,   0% used [0x00007f30b9390000, 0x00007f30b9390000, 0x00007f30cd510000)
 tenured generation   total 6584324K, used 4957773K [0x00007f3559b50000, 0x00007f36eb951000, 0x00007f4004600000)
   the space 6584324K,  75% used [0x00007f3559b50000, 0x00007f36884e37b0, 0x00007f36884e3800, 0x00007f36eb951000)
 Metaspace       used 30605K, capacity 30995K, committed 31232K, reserved 32768K
}
Event: 206.664 GC heap before
{Heap before GC invocations=130 (full 4):
 def new generation   total 2963008K, used 2835703K [0x00007f3004600000, 0x00007f30cd510000, 0x00007f3559b50000)
  eden space 2633792K, 100% used [0x00007f3004600000, 0x00007f30a5210000, 0x00007f30a5210000)
  from space 329216K,  61% used [0x00007f30a5210000, 0x00007f30b173dd98, 0x00007f30b9390000)
  to   space 329216K,   0% used [0x00007f30b9390000, 0x00007f30b9390000, 0x00007f30cd510000)
 tenured generation   total 6584324K, used 4957773K [0x00007f3559b50000, 0x00007f36eb951000, 0x00007f4004600000)
   the space 6584324K,  75% used [0x00007f3559b50000, 0x00007f36884e37b0, 0x00007f36884e3800, 0x00007f36eb951000)
 Metaspace       used 30605K, capacity 30995K, committed 31232K, reserved 32768K
}
Event: 207.354 GC heap after
{Heap after GC invocations=131 (full 4):
 def new generation   total 2963008K, used 207294K [0x00007f3004600000, 0x00007f30cd510000, 0x00007f3559b50000)
  eden space 2633792K,   0% used [0x00007f3004600000, 0x00007f3004600000, 0x00007f30a5210000)
  from space 329216K,  62% used [0x00007f30b9390000, 0x00007f30c5dffb38, 0x00007f30cd510000)
  to   space 329216K,   0% used [0x00007f30a5210000, 0x00007f30a5210000, 0x00007f30b9390000)
 tenured generation   total 6584324K, used 5159684K [0x00007f3559b50000, 0x00007f36eb951000, 0x00007f4004600000)
   the space 6584324K,  78% used [0x00007f3559b50000, 0x00007f3694a113a8, 0x00007f3694a11400, 0x00007f36eb951000)
 Metaspace       used 30605K, capacity 30995K, committed 31232K, reserved 32768K
}
Event: 208.077 GC heap before
{Heap before GC invocations=131 (full 4):
 def new generation   total 2963008K, used 2841086K [0x00007f3004600000, 0x00007f30cd510000, 0x00007f3559b50000)
  eden space 2633792K, 100% used [0x00007f3004600000, 0x00007f30a5210000, 0x00007f30a5210000)
  from space 329216K,  62% used [0x00007f30b9390000, 0x00007f30c5dffb38, 0x00007f30cd510000)
  to   space 329216K,   0% used [0x00007f30a5210000, 0x00007f30a5210000, 0x00007f30b9390000)
 tenured generation   total 6584324K, used 5159684K [0x00007f3559b50000, 0x00007f36eb951000, 0x00007f4004600000)
   the space 6584324K,  78% used [0x00007f3559b50000, 0x00007f3694a113a8, 0x00007f3694a11400, 0x00007f36eb951000)
 Metaspace       used 30605K, capacity 30995K, committed 31232K, reserved 32768K
}
Event: 208.816 GC heap after
{Heap after GC invocations=132 (full 4):
 def new generation   total 2963008K, used 212952K [0x00007f3004600000, 0x00007f30cd510000, 0x00007f3559b50000)
  eden space 2633792K,   0% used [0x00007f3004600000, 0x00007f3004600000, 0x00007f30a5210000)
  from space 329216K,  64% used [0x00007f30a5210000, 0x00007f30b22060d8, 0x00007f30b9390000)
  to   space 329216K,   0% used [0x00007f30b9390000, 0x00007f30b9390000, 0x00007f30cd510000)
 tenured generation   total 6584324K, used 5366979K [0x00007f3559b50000, 0x00007f36eb951000, 0x00007f4004600000)
   the space 6584324K,  81% used [0x00007f3559b50000, 0x00007f36a1480c60, 0x00007f36a1480e00, 0x00007f36eb951000)
 Metaspace       used 30605K, capacity 30995K, committed 31232K, reserved 32768K
}
Event: 209.557 GC heap before
{Heap before GC invocations=132 (full 4):
 def new generation   total 2963008K, used 2846744K [0x00007f3004600000, 0x00007f30cd510000, 0x00007f3559b50000)
  eden space 2633792K, 100% used [0x00007f3004600000, 0x00007f30a5210000, 0x00007f30a5210000)
  from space 329216K,  64% used [0x00007f30a5210000, 0x00007f30b22060d8, 0x00007f30b9390000)
  to   space 329216K,   0% used [0x00007f30b9390000, 0x00007f30b9390000, 0x00007f30cd510000)
 tenured generation   total 6584324K, used 5366979K [0x00007f3559b50000, 0x00007f36eb951000, 0x00007f4004600000)
   the space 6584324K,  81% used [0x00007f3559b50000, 0x00007f36a1480c60, 0x00007f36a1480e00, 0x00007f36eb951000)
 Metaspace       used 30605K, capacity 30995K, committed 31232K, reserved 32768K
}
Event: 210.255 GC heap after
{Heap after GC invocations=133 (full 4):
 def new generation   total 2963008K, used 186699K [0x00007f3004600000, 0x00007f30cd510000, 0x00007f3559b50000)
  eden space 2633792K,   0% used [0x00007f3004600000, 0x00007f3004600000, 0x00007f30a5210000)
  from space 329216K,  56% used [0x00007f30b9390000, 0x00007f30c49e2d10, 0x00007f30cd510000)
  to   space 329216K,   0% used [0x00007f30a5210000, 0x00007f30a5210000, 0x00007f30b9390000)
 tenured generation   total 6584324K, used 5579931K [0x00007f3559b50000, 0x00007f36eb951000, 0x00007f4004600000)
   the space 6584324K,  84% used [0x00007f3559b50000, 0x00007f36ae476d38, 0x00007f36ae476e00, 0x00007f36eb951000)
 Metaspace       used 30605K, capacity 30995K, committed 31232K, reserved 32768K
}
Event: 211.011 GC heap before
{Heap before GC invocations=133 (full 4):
 def new generation   total 2963008K, used 2820491K [0x00007f3004600000, 0x00007f30cd510000, 0x00007f3559b50000)
  eden space 2633792K, 100% used [0x00007f3004600000, 0x00007f30a5210000, 0x00007f30a5210000)
  from space 329216K,  56% used [0x00007f30b9390000, 0x00007f30c49e2d10, 0x00007f30cd510000)
  to   space 329216K,   0% used [0x00007f30a5210000, 0x00007f30a5210000, 0x00007f30b9390000)
 tenured generation   total 6584324K, used 5579931K [0x00007f3559b50000, 0x00007f36eb951000, 0x00007f4004600000)
   the space 6584324K,  84% used [0x00007f3559b50000, 0x00007f36ae476d38, 0x00007f36ae476e00, 0x00007f36eb951000)
 Metaspace       used 30605K, capacity 30995K, committed 31232K, reserved 32768K
}
Event: 211.719 GC heap after
{Heap after GC invocations=134 (full 4):
 def new generation   total 2963008K, used 211642K [0x00007f3004600000, 0x00007f30cd510000, 0x00007f3559b50000)
  eden space 2633792K,   0% used [0x00007f3004600000, 0x00007f3004600000, 0x00007f30a5210000)
  from space 329216K,  64% used [0x00007f30a5210000, 0x00007f30b20be820, 0x00007f30b9390000)
  to   space 329216K,   0% used [0x00007f30b9390000, 0x00007f30b9390000, 0x00007f30cd510000)
 tenured generation   total 6584324K, used 5766629K [0x00007f3559b50000, 0x00007f36eb951000, 0x00007f4004600000)
   the space 6584324K,  87% used [0x00007f3559b50000, 0x00007f36b9ac97c8, 0x00007f36b9ac9800, 0x00007f36eb951000)
 Metaspace       used 30605K, capacity 30995K, committed 31232K, reserved 32768K
}
Event: 212.396 GC heap before
{Heap before GC invocations=134 (full 4):
 def new generation   total 2963008K, used 2845434K [0x00007f3004600000, 0x00007f30cd510000, 0x00007f3559b50000)
  eden space 2633792K, 100% used [0x00007f3004600000, 0x00007f30a5210000, 0x00007f30a5210000)
  from space 329216K,  64% used [0x00007f30a5210000, 0x00007f30b20be820, 0x00007f30b9390000)
  to   space 329216K,   0% used [0x00007f30b9390000, 0x00007f30b9390000, 0x00007f30cd510000)
 tenured generation   total 6584324K, used 5766629K [0x00007f3559b50000, 0x00007f36eb951000, 0x00007f4004600000)
   the space 6584324K,  87% used [0x00007f3559b50000, 0x00007f36b9ac97c8, 0x00007f36b9ac9800, 0x00007f36eb951000)
 Metaspace       used 30605K, capacity 30995K, committed 31232K, reserved 32768K
}
Event: 213.089 GC heap after
{Heap after GC invocations=135 (full 4):
 def new generation   total 2963008K, used 192582K [0x00007f3004600000, 0x00007f30cd510000, 0x00007f3559b50000)
  eden space 2633792K,   0% used [0x00007f3004600000, 0x00007f3004600000, 0x00007f30a5210000)
  from space 329216K,  58% used [0x00007f30b9390000, 0x00007f30c4fa1b88, 0x00007f30cd510000)
  to   space 329216K,   0% used [0x00007f30a5210000, 0x00007f30a5210000, 0x00007f30b9390000)
 tenured generation   total 6584324K, used 5978270K [0x00007f3559b50000, 0x00007f36eb951000, 0x00007f4004600000)
   the space 6584324K,  90% used [0x00007f3559b50000, 0x00007f36c6977b88, 0x00007f36c6977c00, 0x00007f36eb951000)
 Metaspace       used 30605K, capacity 30995K, committed 31232K, reserved 32768K
}
Event: 213.831 GC heap before
{Heap before GC invocations=135 (full 4):
 def new generation   total 2963008K, used 2826374K [0x00007f3004600000, 0x00007f30cd510000, 0x00007f3559b50000)
  eden space 2633792K, 100% used [0x00007f3004600000, 0x00007f30a5210000, 0x00007f30a5210000)
  from space 329216K,  58% used [0x00007f30b9390000, 0x00007f30c4fa1b88, 0x00007f30cd510000)
  to   space 329216K,   0% used [0x00007f30a5210000, 0x00007f30a5210000, 0x00007f30b9390000)
 tenured generation   total 6584324K, used 5978270K [0x00007f3559b50000, 0x00007f36eb951000, 0x00007f4004600000)
   the space 6584324K,  90% used [0x00007f3559b50000, 0x00007f36c6977b88, 0x00007f36c6977c00, 0x00007f36eb951000)
 Metaspace       used 30605K, capacity 30995K, committed 31232K, reserved 32768K
}
Event: 214.552 GC heap after
{Heap after GC invocations=136 (full 4):
 def new generation   total 2963008K, used 220307K [0x00007f3004600000, 0x00007f30cd510000, 0x00007f3559b50000)
  eden space 2633792K,   0% used [0x00007f3004600000, 0x00007f3004600000, 0x00007f30a5210000)
  from space 329216K,  66% used [0x00007f30a5210000, 0x00007f30b2934ed0, 0x00007f30b9390000)
  to   space 329216K,   0% used [0x00007f30b9390000, 0x00007f30b9390000, 0x00007f30cd510000)
 tenured generation   total 6584324K, used 6170853K [0x00007f3559b50000, 0x00007f36eb951000, 0x00007f4004600000)
   the space 6584324K,  93% used [0x00007f3559b50000, 0x00007f36d2589480, 0x00007f36d2589600, 0x00007f36eb951000)
 Metaspace       used 30605K, capacity 30995K, committed 31232K, reserved 32768K
}
Event: 215.243 GC heap before
{Heap before GC invocations=136 (full 4):
 def new generation   total 2963008K, used 2854099K [0x00007f3004600000, 0x00007f30cd510000, 0x00007f3559b50000)
  eden space 2633792K, 100% used [0x00007f3004600000, 0x00007f30a5210000, 0x00007f30a5210000)
  from space 329216K,  66% used [0x00007f30a5210000, 0x00007f30b2934ed0, 0x00007f30b9390000)
  to   space 329216K,   0% used [0x00007f30b9390000, 0x00007f30b9390000, 0x00007f30cd510000)
 tenured generation   total 6584324K, used 6170853K [0x00007f3559b50000, 0x00007f36eb951000, 0x00007f4004600000)
   the space 6584324K,  93% used [0x00007f3559b50000, 0x00007f36d2589480, 0x00007f36d2589600, 0x00007f36eb951000)
 Metaspace       used 30605K, capacity 30995K, committed 31232K, reserved 32768K
}
Event: 215.944 GC heap after
{Heap after GC invocations=137 (full 4):
 def new generation   total 2963008K, used 207572K [0x00007f3004600000, 0x00007f30cd510000, 0x00007f3559b50000)
  eden space 2633792K,   0% used [0x00007f3004600000, 0x00007f3004600000, 0x00007f30a5210000)
  from space 329216K,  63% used [0x00007f30b9390000, 0x00007f30c5e452e8, 0x00007f30cd510000)
  to   space 329216K,   0% used [0x00007f30a5210000, 0x00007f30a5210000, 0x00007f30b9390000)
 tenured generation   total 6584324K, used 6391160K [0x00007f3559b50000, 0x00007f36eb951000, 0x00007f4004600000)
   the space 6584324K,  97% used [0x00007f3559b50000, 0x00007f36dfcae1f0, 0x00007f36dfcae200, 0x00007f36eb951000)
 Metaspace       used 30605K, capacity 30995K, committed 31232K, reserved 32768K
}
Event: 216.627 GC heap before
{Heap before GC invocations=137 (full 4):
 def new generation   total 2963008K, used 2841364K [0x00007f3004600000, 0x00007f30cd510000, 0x00007f3559b50000)
  eden space 2633792K, 100% used [0x00007f3004600000, 0x00007f30a5210000, 0x00007f30a5210000)
  from space 329216K,  63% used [0x00007f30b9390000, 0x00007f30c5e452e8, 0x00007f30cd510000)
  to   space 329216K,   0% used [0x00007f30a5210000, 0x00007f30a5210000, 0x00007f30b9390000)
 tenured generation   total 6584324K, used 6391160K [0x00007f3559b50000, 0x00007f36eb951000, 0x00007f4004600000)
   the space 6584324K,  97% used [0x00007f3559b50000, 0x00007f36dfcae1f0, 0x00007f36dfcae200, 0x00007f36eb951000)
 Metaspace       used 30605K, capacity 30995K, committed 31232K, reserved 32768K
}
Event: 217.268 GC heap after
{Heap after GC invocations=138 (full 4):
 def new generation   total 2963008K, used 191843K [0x00007f3004600000, 0x00007f30cd510000, 0x00007f3559b50000)
  eden space 2633792K,   0% used [0x00007f3004600000, 0x00007f3004600000, 0x00007f30a5210000)
  from space 329216K,  58% used [0x00007f30a5210000, 0x00007f30b0d68c20, 0x00007f30b9390000)
  to   space 329216K,   0% used [0x00007f30b9390000, 0x00007f30b9390000, 0x00007f30cd510000)
 tenured generation   total 6598916K, used 6598732K [0x00007f3559b50000, 0x00007f36ec791000, 0x00007f4004600000)
   the space 6598916K,  99% used [0x00007f3559b50000, 0x00007f36ec7630d8, 0x00007f36ec763200, 0x00007f36ec791000)
 Metaspace       used 30605K, capacity 30995K, committed 31232K, reserved 32768K
}
Event: 217.268 GC heap before
{Heap before GC invocations=138 (full 4):
 def new generation   total 2963008K, used 191843K [0x00007f3004600000, 0x00007f30cd510000, 0x00007f3559b50000)
  eden space 2633792K,   0% used [0x00007f3004600000, 0x00007f3004600000, 0x00007f30a5210000)
  from space 329216K,  58% used [0x00007f30a5210000, 0x00007f30b0d68c20, 0x00007f30b9390000)
  to   space 329216K,   0% used [0x00007f30b9390000, 0x00007f30b9390000, 0x00007f30cd510000)
 tenured generation   total 6598916K, used 6598732K [0x00007f3559b50000, 0x00007f36ec791000, 0x00007f4004600000)
   the space 6598916K,  99% used [0x00007f3559b50000, 0x00007f36ec7630d8, 0x00007f36ec763200, 0x00007f36ec791000)
 Metaspace       used 30605K, capacity 30995K, committed 31232K, reserved 32768K
}

