# JRE version: OpenJDK Runtime Environment (13.0.7+5) (build 13.0.7+5-Ubuntu-0ubuntu120.04)
# Java VM: OpenJDK 64-Bit Server VM (13.0.7+5-Ubuntu-0ubuntu120.04, mixed mode, tiered, serial gc, linux-amd64)
Heap:
 def new generation   total 2920576K, used 107509K [0x00007f98c8600000, 0x00007f998e700000, 0x00007f9e1db50000)
  eden space 2596096K,   4% used [0x00007f98c8600000, 0x00007f98ceefd5f0, 0x00007f9966d40000)
  from space 324480K,   0% used [0x00007f997aa20000, 0x00007f997aa20000, 0x00007f998e700000)
  to   space 324480K,   0% used [0x00007f9966d40000, 0x00007f9966d40000, 0x00007f997aa20000)
 tenured generation   total 6491240K, used 6491238K [0x00007f9e1db50000, 0x00007f9fa9e6a000, 0x00007fa8c8600000)
   the space 6491240K,  99% used [0x00007f9e1db50000, 0x00007f9fa9e69ba0, 0x00007f9fa9e69c00, 0x00007f9fa9e6a000)
 Metaspace       used 24173K, capacity 24579K, committed 24832K, reserved 26624K
GC Heap History (20 events):
Event: 1626.199 GC heap after
{Heap after GC invocations=2010 (full 4):
 def new generation   total 2920576K, used 107601K [0x00007f98c8600000, 0x00007f998e700000, 0x00007f9e1db50000)
  eden space 2596096K,   0% used [0x00007f98c8600000, 0x00007f98c8600000, 0x00007f9966d40000)
  from space 324480K,  33% used [0x00007f9966d40000, 0x00007f996d6545a8, 0x00007f997aa20000)
  to   space 324480K,   0% used [0x00007f997aa20000, 0x00007f997aa20000, 0x00007f998e700000)
 tenured generation   total 6490088K, used 6426634K [0x00007f9e1db50000, 0x00007f9fa9d4a000, 0x00007fa8c8600000)
   the space 6490088K,  99% used [0x00007f9e1db50000, 0x00007f9fa5f528f0, 0x00007f9fa5f52a00, 0x00007f9fa9d4a000)
 Metaspace       used 24173K, capacity 24579K, committed 24832K, reserved 26624K
}
Event: 1627.831 GC heap before
{Heap before GC invocations=2010 (full 4):
 def new generation   total 2920576K, used 2703697K [0x00007f98c8600000, 0x00007f998e700000, 0x00007f9e1db50000)
  eden space 2596096K, 100% used [0x00007f98c8600000, 0x00007f9966d40000, 0x00007f9966d40000)
  from space 324480K,  33% used [0x00007f9966d40000, 0x00007f996d6545a8, 0x00007f997aa20000)
  to   space 324480K,   0% used [0x00007f997aa20000, 0x00007f997aa20000, 0x00007f998e700000)
 tenured generation   total 6490088K, used 6426634K [0x00007f9e1db50000, 0x00007f9fa9d4a000, 0x00007fa8c8600000)
   the space 6490088K,  99% used [0x00007f9e1db50000, 0x00007f9fa5f528f0, 0x00007f9fa5f52a00, 0x00007f9fa9d4a000)
 Metaspace       used 24173K, capacity 24579K, committed 24832K, reserved 26624K
}
Event: 1627.975 GC heap after
{Heap after GC invocations=2011 (full 4):
 def new generation   total 2920576K, used 107814K [0x00007f98c8600000, 0x00007f998e700000, 0x00007f9e1db50000)
  eden space 2596096K,   0% used [0x00007f98c8600000, 0x00007f98c8600000, 0x00007f9966d40000)
  from space 324480K,  33% used [0x00007f997aa20000, 0x00007f9981369bd0, 0x00007f998e700000)
  to   space 324480K,   0% used [0x00007f9966d40000, 0x00007f9966d40000, 0x00007f997aa20000)
 tenured generation   total 6490088K, used 6433697K [0x00007f9e1db50000, 0x00007f9fa9d4a000, 0x00007fa8c8600000)
   the space 6490088K,  99% used [0x00007f9e1db50000, 0x00007f9fa6638648, 0x00007f9fa6638800, 0x00007f9fa9d4a000)
 Metaspace       used 24173K, capacity 24579K, committed 24832K, reserved 26624K
}
Event: 1629.637 GC heap before
{Heap before GC invocations=2011 (full 4):
 def new generation   total 2920576K, used 2703910K [0x00007f98c8600000, 0x00007f998e700000, 0x00007f9e1db50000)
  eden space 2596096K, 100% used [0x00007f98c8600000, 0x00007f9966d40000, 0x00007f9966d40000)
  from space 324480K,  33% used [0x00007f997aa20000, 0x00007f9981369bd0, 0x00007f998e700000)
  to   space 324480K,   0% used [0x00007f9966d40000, 0x00007f9966d40000, 0x00007f997aa20000)
 tenured generation   total 6490088K, used 6433697K [0x00007f9e1db50000, 0x00007f9fa9d4a000, 0x00007fa8c8600000)
   the space 6490088K,  99% used [0x00007f9e1db50000, 0x00007f9fa6638648, 0x00007f9fa6638800, 0x00007f9fa9d4a000)
 Metaspace       used 24173K, capacity 24579K, committed 24832K, reserved 26624K
}
Event: 1629.780 GC heap after
{Heap after GC invocations=2012 (full 4):
 def new generation   total 2920576K, used 107581K [0x00007f98c8600000, 0x00007f998e700000, 0x00007f9e1db50000)
  eden space 2596096K,   0% used [0x00007f98c8600000, 0x00007f98c8600000, 0x00007f9966d40000)
  from space 324480K,  33% used [0x00007f9966d40000, 0x00007f996d64f528, 0x00007f997aa20000)
  to   space 324480K,   0% used [0x00007f997aa20000, 0x00007f997aa20000, 0x00007f998e700000)
 tenured generation   total 6490088K, used 6440951K [0x00007f9e1db50000, 0x00007f9fa9d4a000, 0x00007fa8c8600000)
   the space 6490088K,  99% used [0x00007f9e1db50000, 0x00007f9fa6d4dd48, 0x00007f9fa6d4de00, 0x00007f9fa9d4a000)
 Metaspace       used 24173K, capacity 24579K, committed 24832K, reserved 26624K
}
Event: 1631.409 GC heap before
{Heap before GC invocations=2012 (full 4):
 def new generation   total 2920576K, used 2703677K [0x00007f98c8600000, 0x00007f998e700000, 0x00007f9e1db50000)
  eden space 2596096K, 100% used [0x00007f98c8600000, 0x00007f9966d40000, 0x00007f9966d40000)
  from space 324480K,  33% used [0x00007f9966d40000, 0x00007f996d64f528, 0x00007f997aa20000)
  to   space 324480K,   0% used [0x00007f997aa20000, 0x00007f997aa20000, 0x00007f998e700000)
 tenured generation   total 6490088K, used 6440951K [0x00007f9e1db50000, 0x00007f9fa9d4a000, 0x00007fa8c8600000)
   the space 6490088K,  99% used [0x00007f9e1db50000, 0x00007f9fa6d4dd48, 0x00007f9fa6d4de00, 0x00007f9fa9d4a000)
 Metaspace       used 24173K, capacity 24579K, committed 24832K, reserved 26624K
}
Event: 1631.560 GC heap after
{Heap after GC invocations=2013 (full 4):
 def new generation   total 2920576K, used 107579K [0x00007f98c8600000, 0x00007f998e700000, 0x00007f9e1db50000)
  eden space 2596096K,   0% used [0x00007f98c8600000, 0x00007f98c8600000, 0x00007f9966d40000)
  from space 324480K,  33% used [0x00007f997aa20000, 0x00007f998132ede0, 0x00007f998e700000)
  to   space 324480K,   0% used [0x00007f9966d40000, 0x00007f9966d40000, 0x00007f997aa20000)
 tenured generation   total 6490088K, used 6448241K [0x00007f9e1db50000, 0x00007f9fa9d4a000, 0x00007fa8c8600000)
   the space 6490088K,  99% used [0x00007f9e1db50000, 0x00007f9fa746c710, 0x00007f9fa746c800, 0x00007f9fa9d4a000)
 Metaspace       used 24173K, capacity 24579K, committed 24832K, reserved 26624K
}
Event: 1633.172 GC heap before
{Heap before GC invocations=2013 (full 4):
 def new generation   total 2920576K, used 2703675K [0x00007f98c8600000, 0x00007f998e700000, 0x00007f9e1db50000)
  eden space 2596096K, 100% used [0x00007f98c8600000, 0x00007f9966d40000, 0x00007f9966d40000)
  from space 324480K,  33% used [0x00007f997aa20000, 0x00007f998132ede0, 0x00007f998e700000)
  to   space 324480K,   0% used [0x00007f9966d40000, 0x00007f9966d40000, 0x00007f997aa20000)
 tenured generation   total 6490088K, used 6448241K [0x00007f9e1db50000, 0x00007f9fa9d4a000, 0x00007fa8c8600000)
   the space 6490088K,  99% used [0x00007f9e1db50000, 0x00007f9fa746c710, 0x00007f9fa746c800, 0x00007f9fa9d4a000)
 Metaspace       used 24173K, capacity 24579K, committed 24832K, reserved 26624K
}
Event: 1633.306 GC heap after
{Heap after GC invocations=2014 (full 4):
 def new generation   total 2920576K, used 107544K [0x00007f98c8600000, 0x00007f998e700000, 0x00007f9e1db50000)
  eden space 2596096K,   0% used [0x00007f98c8600000, 0x00007f98c8600000, 0x00007f9966d40000)
  from space 324480K,  33% used [0x00007f9966d40000, 0x00007f996d646310, 0x00007f997aa20000)
  to   space 324480K,   0% used [0x00007f997aa20000, 0x00007f997aa20000, 0x00007f998e700000)
 tenured generation   total 6490088K, used 6455268K [0x00007f9e1db50000, 0x00007f9fa9d4a000, 0x00007fa8c8600000)
   the space 6490088K,  99% used [0x00007f9e1db50000, 0x00007f9fa7b491a0, 0x00007f9fa7b49200, 0x00007f9fa9d4a000)
 Metaspace       used 24173K, capacity 24579K, committed 24832K, reserved 26624K
}
Event: 1634.956 GC heap before
{Heap before GC invocations=2014 (full 4):
 def new generation   total 2920576K, used 2703640K [0x00007f98c8600000, 0x00007f998e700000, 0x00007f9e1db50000)
  eden space 2596096K, 100% used [0x00007f98c8600000, 0x00007f9966d40000, 0x00007f9966d40000)
  from space 324480K,  33% used [0x00007f9966d40000, 0x00007f996d646310, 0x00007f997aa20000)
  to   space 324480K,   0% used [0x00007f997aa20000, 0x00007f997aa20000, 0x00007f998e700000)
 tenured generation   total 6490088K, used 6455268K [0x00007f9e1db50000, 0x00007f9fa9d4a000, 0x00007fa8c8600000)
   the space 6490088K,  99% used [0x00007f9e1db50000, 0x00007f9fa7b491a0, 0x00007f9fa7b49200, 0x00007f9fa9d4a000)
 Metaspace       used 24173K, capacity 24579K, committed 24832K, reserved 26624K
}
Event: 1635.100 GC heap after
{Heap after GC invocations=2015 (full 4):
 def new generation   total 2920576K, used 107569K [0x00007f98c8600000, 0x00007f998e700000, 0x00007f9e1db50000)
  eden space 2596096K,   0% used [0x00007f98c8600000, 0x00007f98c8600000, 0x00007f9966d40000)
  from space 324480K,  33% used [0x00007f997aa20000, 0x00007f998132c498, 0x00007f998e700000)
  to   space 324480K,   0% used [0x00007f9966d40000, 0x00007f9966d40000, 0x00007f997aa20000)
 tenured generation   total 6490088K, used 6462558K [0x00007f9e1db50000, 0x00007f9fa9d4a000, 0x00007fa8c8600000)
   the space 6490088K,  99% used [0x00007f9e1db50000, 0x00007f9fa8267b68, 0x00007f9fa8267c00, 0x00007f9fa9d4a000)
 Metaspace       used 24173K, capacity 24579K, committed 24832K, reserved 26624K
}
Event: 1636.772 GC heap before
{Heap before GC invocations=2015 (full 4):
 def new generation   total 2920576K, used 2703665K [0x00007f98c8600000, 0x00007f998e700000, 0x00007f9e1db50000)
  eden space 2596096K, 100% used [0x00007f98c8600000, 0x00007f9966d40000, 0x00007f9966d40000)
  from space 324480K,  33% used [0x00007f997aa20000, 0x00007f998132c498, 0x00007f998e700000)
  to   space 324480K,   0% used [0x00007f9966d40000, 0x00007f9966d40000, 0x00007f997aa20000)
 tenured generation   total 6490088K, used 6462558K [0x00007f9e1db50000, 0x00007f9fa9d4a000, 0x00007fa8c8600000)
   the space 6490088K,  99% used [0x00007f9e1db50000, 0x00007f9fa8267b68, 0x00007f9fa8267c00, 0x00007f9fa9d4a000)
 Metaspace       used 24173K, capacity 24579K, committed 24832K, reserved 26624K
}
Event: 1636.918 GC heap after
{Heap after GC invocations=2016 (full 4):
 def new generation   total 2920576K, used 107829K [0x00007f98c8600000, 0x00007f998e700000, 0x00007f9e1db50000)
  eden space 2596096K,   0% used [0x00007f98c8600000, 0x00007f98c8600000, 0x00007f9966d40000)
  from space 324480K,  33% used [0x00007f9966d40000, 0x00007f996d68d7c0, 0x00007f997aa20000)
  to   space 324480K,   0% used [0x00007f997aa20000, 0x00007f997aa20000, 0x00007f998e700000)
 tenured generation   total 6490088K, used 6469585K [0x00007f9e1db50000, 0x00007f9fa9d4a000, 0x00007fa8c8600000)
   the space 6490088K,  99% used [0x00007f9e1db50000, 0x00007f9fa89445f8, 0x00007f9fa8944600, 0x00007f9fa9d4a000)
 Metaspace       used 24173K, capacity 24579K, committed 24832K, reserved 26624K
}
Event: 1638.541 GC heap before
{Heap before GC invocations=2016 (full 4):
 def new generation   total 2920576K, used 2703925K [0x00007f98c8600000, 0x00007f998e700000, 0x00007f9e1db50000)
  eden space 2596096K, 100% used [0x00007f98c8600000, 0x00007f9966d40000, 0x00007f9966d40000)
  from space 324480K,  33% used [0x00007f9966d40000, 0x00007f996d68d7c0, 0x00007f997aa20000)
  to   space 324480K,   0% used [0x00007f997aa20000, 0x00007f997aa20000, 0x00007f998e700000)
 tenured generation   total 6490088K, used 6469585K [0x00007f9e1db50000, 0x00007f9fa9d4a000, 0x00007fa8c8600000)
   the space 6490088K,  99% used [0x00007f9e1db50000, 0x00007f9fa89445f8, 0x00007f9fa8944600, 0x00007f9fa9d4a000)
 Metaspace       used 24173K, capacity 24579K, committed 24832K, reserved 26624K
}
Event: 1638.697 GC heap after
{Heap after GC invocations=2017 (full 4):
 def new generation   total 2920576K, used 107583K [0x00007f98c8600000, 0x00007f998e700000, 0x00007f9e1db50000)
  eden space 2596096K,   0% used [0x00007f98c8600000, 0x00007f98c8600000, 0x00007f9966d40000)
  from space 324480K,  33% used [0x00007f997aa20000, 0x00007f998132fe78, 0x00007f998e700000)
  to   space 324480K,   0% used [0x00007f9966d40000, 0x00007f9966d40000, 0x00007f997aa20000)
 tenured generation   total 6490088K, used 6476839K [0x00007f9e1db50000, 0x00007f9fa9d4a000, 0x00007fa8c8600000)
   the space 6490088K,  99% used [0x00007f9e1db50000, 0x00007f9fa9059cf8, 0x00007f9fa9059e00, 0x00007f9fa9d4a000)
 Metaspace       used 24173K, capacity 24579K, committed 24832K, reserved 26624K
}
Event: 1640.249 GC heap before
{Heap before GC invocations=2017 (full 4):
 def new generation   total 2920576K, used 2703679K [0x00007f98c8600000, 0x00007f998e700000, 0x00007f9e1db50000)
  eden space 2596096K, 100% used [0x00007f98c8600000, 0x00007f9966d40000, 0x00007f9966d40000)
  from space 324480K,  33% used [0x00007f997aa20000, 0x00007f998132fe78, 0x00007f998e700000)
  to   space 324480K,   0% used [0x00007f9966d40000, 0x00007f9966d40000, 0x00007f997aa20000)
 tenured generation   total 6490088K, used 6476839K [0x00007f9e1db50000, 0x00007f9fa9d4a000, 0x00007fa8c8600000)
   the space 6490088K,  99% used [0x00007f9e1db50000, 0x00007f9fa9059cf8, 0x00007f9fa9059e00, 0x00007f9fa9d4a000)
 Metaspace       used 24173K, capacity 24579K, committed 24832K, reserved 26624K
}
Event: 1640.369 GC heap after
{Heap after GC invocations=2018 (full 4):
 def new generation   total 2920576K, used 107785K [0x00007f98c8600000, 0x00007f998e700000, 0x00007f9e1db50000)
  eden space 2596096K,   0% used [0x00007f98c8600000, 0x00007f98c8600000, 0x00007f9966d40000)
  from space 324480K,  33% used [0x00007f9966d40000, 0x00007f996d6827b8, 0x00007f997aa20000)
  to   space 324480K,   0% used [0x00007f997aa20000, 0x00007f997aa20000, 0x00007f998e700000)
 tenured generation   total 6490088K, used 6483922K [0x00007f9e1db50000, 0x00007f9fa9d4a000, 0x00007fa8c8600000)
   the space 6490088K,  99% used [0x00007f9e1db50000, 0x00007f9fa9744bb8, 0x00007f9fa9744c00, 0x00007f9fa9d4a000)
 Metaspace       used 24173K, capacity 24579K, committed 24832K, reserved 26624K
}
Event: 1641.756 GC heap before
{Heap before GC invocations=2018 (full 4):
 def new generation   total 2920576K, used 2703881K [0x00007f98c8600000, 0x00007f998e700000, 0x00007f9e1db50000)
  eden space 2596096K, 100% used [0x00007f98c8600000, 0x00007f9966d40000, 0x00007f9966d40000)
  from space 324480K,  33% used [0x00007f9966d40000, 0x00007f996d6827b8, 0x00007f997aa20000)
  to   space 324480K,   0% used [0x00007f997aa20000, 0x00007f997aa20000, 0x00007f998e700000)
 tenured generation   total 6490088K, used 6483922K [0x00007f9e1db50000, 0x00007f9fa9d4a000, 0x00007fa8c8600000)
   the space 6490088K,  99% used [0x00007f9e1db50000, 0x00007f9fa9744bb8, 0x00007f9fa9744c00, 0x00007f9fa9d4a000)
 Metaspace       used 24173K, capacity 24579K, committed 24832K, reserved 26624K
}
Event: 1641.887 GC heap after
{Heap after GC invocations=2019 (full 4):
 def new generation   total 2920576K, used 107571K [0x00007f98c8600000, 0x00007f998e700000, 0x00007f9e1db50000)
  eden space 2596096K,   0% used [0x00007f98c8600000, 0x00007f98c8600000, 0x00007f9966d40000)
  from space 324480K,  33% used [0x00007f997aa20000, 0x00007f998132ced8, 0x00007f998e700000)
  to   space 324480K,   0% used [0x00007f9966d40000, 0x00007f9966d40000, 0x00007f997aa20000)
 tenured generation   total 6491240K, used 6491176K [0x00007f9e1db50000, 0x00007f9fa9e6a000, 0x00007fa8c8600000)
   the space 6491240K,  99% used [0x00007f9e1db50000, 0x00007f9fa9e5a2b8, 0x00007f9fa9e5a400, 0x00007f9fa9e6a000)
 Metaspace       used 24173K, capacity 24579K, committed 24832K, reserved 26624K
}
Event: 1641.887 GC heap before
{Heap before GC invocations=2019 (full 4):
 def new generation   total 2920576K, used 107571K [0x00007f98c8600000, 0x00007f998e700000, 0x00007f9e1db50000)
  eden space 2596096K,   0% used [0x00007f98c8600000, 0x00007f98c8600000, 0x00007f9966d40000)
  from space 324480K,  33% used [0x00007f997aa20000, 0x00007f998132ced8, 0x00007f998e700000)
  to   space 324480K,   0% used [0x00007f9966d40000, 0x00007f9966d40000, 0x00007f997aa20000)
 tenured generation   total 6491240K, used 6491176K [0x00007f9e1db50000, 0x00007f9fa9e6a000, 0x00007fa8c8600000)
   the space 6491240K,  99% used [0x00007f9e1db50000, 0x00007f9fa9e5a2b8, 0x00007f9fa9e5a400, 0x00007f9fa9e6a000)
 Metaspace       used 24173K, capacity 24579K, committed 24832K, reserved 26624K
}

