# JRE version: OpenJDK Runtime Environment (13.0.7+5) (build 13.0.7+5-Ubuntu-0ubuntu120.04)
# Java VM: OpenJDK 64-Bit Server VM (13.0.7+5-Ubuntu-0ubuntu120.04, mixed mode, tiered, serial gc, linux-amd64)
Heap:
 def new generation   total 2892992K, used 4582K [0x00007eee2c600000, 0x00007eeef0910000, 0x00007ef381b50000)
  eden space 2571584K,   0% used [0x00007eee2c600000, 0x00007eee2ca79bf0, 0x00007eeec9550000)
  from space 321408K,   0% used [0x00007eeedcf30000, 0x00007eeedcf30000, 0x00007eeef0910000)
  to   space 321408K,   0% used [0x00007eeec9550000, 0x00007eeec9550000, 0x00007eeedcf30000)
 tenured generation   total 6428908K, used 6428907K [0x00007ef381b50000, 0x00007ef50a18b000, 0x00007efe2c600000)
   the space 6428908K,  99% used [0x00007ef381b50000, 0x00007ef50a18af88, 0x00007ef50a18b000, 0x00007ef50a18b000)
 Metaspace       used 24255K, capacity 24642K, committed 24832K, reserved 26624K
GC Heap History (20 events):
Event: 46289.175 GC heap after
{Heap after GC invocations=44610 (full 4):
 def new generation   total 2892992K, used 4773K [0x00007eee2c600000, 0x00007eeef0910000, 0x00007ef381b50000)
  eden space 2571584K,   0% used [0x00007eee2c600000, 0x00007eee2c600000, 0x00007eeec9550000)
  from space 321408K,   1% used [0x00007eeec9550000, 0x00007eeec99f97d0, 0x00007eeedcf30000)
  to   space 321408K,   0% used [0x00007eeedcf30000, 0x00007eeedcf30000, 0x00007eeef0910000)
 tenured generation   total 6428716K, used 6425909K [0x00007ef381b50000, 0x00007ef50a15b000, 0x00007efe2c600000)
   the space 6428716K,  99% used [0x00007ef381b50000, 0x00007ef509e9d510, 0x00007ef509e9d600, 0x00007ef50a15b000)
 Metaspace       used 24255K, capacity 24642K, committed 24832K, reserved 26624K
}
Event: 46291.446 GC heap before
{Heap before GC invocations=44610 (full 4):
 def new generation   total 2892992K, used 2576357K [0x00007eee2c600000, 0x00007eeef0910000, 0x00007ef381b50000)
  eden space 2571584K, 100% used [0x00007eee2c600000, 0x00007eeec9550000, 0x00007eeec9550000)
  from space 321408K,   1% used [0x00007eeec9550000, 0x00007eeec99f97d0, 0x00007eeedcf30000)
  to   space 321408K,   0% used [0x00007eeedcf30000, 0x00007eeedcf30000, 0x00007eeef0910000)
 tenured generation   total 6428716K, used 6425909K [0x00007ef381b50000, 0x00007ef50a15b000, 0x00007efe2c600000)
   the space 6428716K,  99% used [0x00007ef381b50000, 0x00007ef509e9d510, 0x00007ef509e9d600, 0x00007ef50a15b000)
 Metaspace       used 24255K, capacity 24642K, committed 24832K, reserved 26624K
}
Event: 46291.463 GC heap after
{Heap after GC invocations=44611 (full 4):
 def new generation   total 2892992K, used 4777K [0x00007eee2c600000, 0x00007eeef0910000, 0x00007ef381b50000)
  eden space 2571584K,   0% used [0x00007eee2c600000, 0x00007eee2c600000, 0x00007eeec9550000)
  from space 321408K,   1% used [0x00007eeedcf30000, 0x00007eeedd3da5f8, 0x00007eeef0910000)
  to   space 321408K,   0% used [0x00007eeec9550000, 0x00007eeec9550000, 0x00007eeedcf30000)
 tenured generation   total 6428716K, used 6426218K [0x00007ef381b50000, 0x00007ef50a15b000, 0x00007efe2c600000)
   the space 6428716K,  99% used [0x00007ef381b50000, 0x00007ef509eea928, 0x00007ef509eeaa00, 0x00007ef50a15b000)
 Metaspace       used 24255K, capacity 24642K, committed 24832K, reserved 26624K
}
Event: 46293.686 GC heap before
{Heap before GC invocations=44611 (full 4):
 def new generation   total 2892992K, used 2576361K [0x00007eee2c600000, 0x00007eeef0910000, 0x00007ef381b50000)
  eden space 2571584K, 100% used [0x00007eee2c600000, 0x00007eeec9550000, 0x00007eeec9550000)
  from space 321408K,   1% used [0x00007eeedcf30000, 0x00007eeedd3da5f8, 0x00007eeef0910000)
  to   space 321408K,   0% used [0x00007eeec9550000, 0x00007eeec9550000, 0x00007eeedcf30000)
 tenured generation   total 6428716K, used 6426218K [0x00007ef381b50000, 0x00007ef50a15b000, 0x00007efe2c600000)
   the space 6428716K,  99% used [0x00007ef381b50000, 0x00007ef509eea928, 0x00007ef509eeaa00, 0x00007ef50a15b000)
 Metaspace       used 24255K, capacity 24642K, committed 24832K, reserved 26624K
}
Event: 46293.706 GC heap after
{Heap after GC invocations=44612 (full 4):
 def new generation   total 2892992K, used 4779K [0x00007eee2c600000, 0x00007eeef0910000, 0x00007ef381b50000)
  eden space 2571584K,   0% used [0x00007eee2c600000, 0x00007eee2c600000, 0x00007eeec9550000)
  from space 321408K,   1% used [0x00007eeec9550000, 0x00007eeec99fac10, 0x00007eeedcf30000)
  to   space 321408K,   0% used [0x00007eeedcf30000, 0x00007eeedcf30000, 0x00007eeef0910000)
 tenured generation   total 6428716K, used 6426527K [0x00007ef381b50000, 0x00007ef50a15b000, 0x00007efe2c600000)
   the space 6428716K,  99% used [0x00007ef381b50000, 0x00007ef509f37d40, 0x00007ef509f37e00, 0x00007ef50a15b000)
 Metaspace       used 24255K, capacity 24642K, committed 24832K, reserved 26624K
}
Event: 46295.961 GC heap before
{Heap before GC invocations=44612 (full 4):
 def new generation   total 2892992K, used 2576363K [0x00007eee2c600000, 0x00007eeef0910000, 0x00007ef381b50000)
  eden space 2571584K, 100% used [0x00007eee2c600000, 0x00007eeec9550000, 0x00007eeec9550000)
  from space 321408K,   1% used [0x00007eeec9550000, 0x00007eeec99fac10, 0x00007eeedcf30000)
  to   space 321408K,   0% used [0x00007eeedcf30000, 0x00007eeedcf30000, 0x00007eeef0910000)
 tenured generation   total 6428716K, used 6426527K [0x00007ef381b50000, 0x00007ef50a15b000, 0x00007efe2c600000)
   the space 6428716K,  99% used [0x00007ef381b50000, 0x00007ef509f37d40, 0x00007ef509f37e00, 0x00007ef50a15b000)
 Metaspace       used 24255K, capacity 24642K, committed 24832K, reserved 26624K
}
Event: 46295.977 GC heap after
{Heap after GC invocations=44613 (full 4):
 def new generation   total 2892992K, used 4756K [0x00007eee2c600000, 0x00007eeef0910000, 0x00007ef381b50000)
  eden space 2571584K,   0% used [0x00007eee2c600000, 0x00007eee2c600000, 0x00007eeec9550000)
  from space 321408K,   1% used [0x00007eeedcf30000, 0x00007eeedd3d5320, 0x00007eeef0910000)
  to   space 321408K,   0% used [0x00007eeec9550000, 0x00007eeec9550000, 0x00007eeedcf30000)
 tenured generation   total 6428716K, used 6426856K [0x00007ef381b50000, 0x00007ef50a15b000, 0x00007efe2c600000)
   the space 6428716K,  99% used [0x00007ef381b50000, 0x00007ef509f8a3c0, 0x00007ef509f8a400, 0x00007ef50a15b000)
 Metaspace       used 24255K, capacity 24642K, committed 24832K, reserved 26624K
}
Event: 46298.281 GC heap before
{Heap before GC invocations=44613 (full 4):
 def new generation   total 2892992K, used 2576340K [0x00007eee2c600000, 0x00007eeef0910000, 0x00007ef381b50000)
  eden space 2571584K, 100% used [0x00007eee2c600000, 0x00007eeec9550000, 0x00007eeec9550000)
  from space 321408K,   1% used [0x00007eeedcf30000, 0x00007eeedd3d5320, 0x00007eeef0910000)
  to   space 321408K,   0% used [0x00007eeec9550000, 0x00007eeec9550000, 0x00007eeedcf30000)
 tenured generation   total 6428716K, used 6426856K [0x00007ef381b50000, 0x00007ef50a15b000, 0x00007efe2c600000)
   the space 6428716K,  99% used [0x00007ef381b50000, 0x00007ef509f8a3c0, 0x00007ef509f8a400, 0x00007ef50a15b000)
 Metaspace       used 24255K, capacity 24642K, committed 24832K, reserved 26624K
}
Event: 46298.301 GC heap after
{Heap after GC invocations=44614 (full 4):
 def new generation   total 2892992K, used 4774K [0x00007eee2c600000, 0x00007eeef0910000, 0x00007ef381b50000)
  eden space 2571584K,   0% used [0x00007eee2c600000, 0x00007eee2c600000, 0x00007eeec9550000)
  from space 321408K,   1% used [0x00007eeec9550000, 0x00007eeec99f9b68, 0x00007eeedcf30000)
  to   space 321408K,   0% used [0x00007eeedcf30000, 0x00007eeedcf30000, 0x00007eeef0910000)
 tenured generation   total 6428716K, used 6427170K [0x00007ef381b50000, 0x00007ef50a15b000, 0x00007efe2c600000)
   the space 6428716K,  99% used [0x00007ef381b50000, 0x00007ef509fd8918, 0x00007ef509fd8a00, 0x00007ef50a15b000)
 Metaspace       used 24255K, capacity 24642K, committed 24832K, reserved 26624K
}
Event: 46300.709 GC heap before
{Heap before GC invocations=44614 (full 4):
 def new generation   total 2892992K, used 2576358K [0x00007eee2c600000, 0x00007eeef0910000, 0x00007ef381b50000)
  eden space 2571584K, 100% used [0x00007eee2c600000, 0x00007eeec9550000, 0x00007eeec9550000)
  from space 321408K,   1% used [0x00007eeec9550000, 0x00007eeec99f9b68, 0x00007eeedcf30000)
  to   space 321408K,   0% used [0x00007eeedcf30000, 0x00007eeedcf30000, 0x00007eeef0910000)
 tenured generation   total 6428716K, used 6427170K [0x00007ef381b50000, 0x00007ef50a15b000, 0x00007efe2c600000)
   the space 6428716K,  99% used [0x00007ef381b50000, 0x00007ef509fd8918, 0x00007ef509fd8a00, 0x00007ef50a15b000)
 Metaspace       used 24255K, capacity 24642K, committed 24832K, reserved 26624K
}
Event: 46300.724 GC heap after
{Heap after GC invocations=44615 (full 4):
 def new generation   total 2892992K, used 4774K [0x00007eee2c600000, 0x00007eeef0910000, 0x00007ef381b50000)
  eden space 2571584K,   0% used [0x00007eee2c600000, 0x00007eee2c600000, 0x00007eeec9550000)
  from space 321408K,   1% used [0x00007eeedcf30000, 0x00007eeedd3d9a00, 0x00007eeef0910000)
  to   space 321408K,   0% used [0x00007eeec9550000, 0x00007eeec9550000, 0x00007eeedcf30000)
 tenured generation   total 6428716K, used 6427479K [0x00007ef381b50000, 0x00007ef50a15b000, 0x00007efe2c600000)
   the space 6428716K,  99% used [0x00007ef381b50000, 0x00007ef50a025d30, 0x00007ef50a025e00, 0x00007ef50a15b000)
 Metaspace       used 24255K, capacity 24642K, committed 24832K, reserved 26624K
}
Event: 46303.046 GC heap before
{Heap before GC invocations=44615 (full 4):
 def new generation   total 2892992K, used 2576358K [0x00007eee2c600000, 0x00007eeef0910000, 0x00007ef381b50000)
  eden space 2571584K, 100% used [0x00007eee2c600000, 0x00007eeec9550000, 0x00007eeec9550000)
  from space 321408K,   1% used [0x00007eeedcf30000, 0x00007eeedd3d9a00, 0x00007eeef0910000)
  to   space 321408K,   0% used [0x00007eeec9550000, 0x00007eeec9550000, 0x00007eeedcf30000)
 tenured generation   total 6428716K, used 6427479K [0x00007ef381b50000, 0x00007ef50a15b000, 0x00007efe2c600000)
   the space 6428716K,  99% used [0x00007ef381b50000, 0x00007ef50a025d30, 0x00007ef50a025e00, 0x00007ef50a15b000)
 Metaspace       used 24255K, capacity 24642K, committed 24832K, reserved 26624K
}
Event: 46303.065 GC heap after
{Heap after GC invocations=44616 (full 4):
 def new generation   total 2892992K, used 4753K [0x00007eee2c600000, 0x00007eeef0910000, 0x00007ef381b50000)
  eden space 2571584K,   0% used [0x00007eee2c600000, 0x00007eee2c600000, 0x00007eeec9550000)
  from space 321408K,   1% used [0x00007eeec9550000, 0x00007eeec99f44c0, 0x00007eeedcf30000)
  to   space 321408K,   0% used [0x00007eeedcf30000, 0x00007eeedcf30000, 0x00007eeef0910000)
 tenured generation   total 6428716K, used 6427808K [0x00007ef381b50000, 0x00007ef50a15b000, 0x00007efe2c600000)
   the space 6428716K,  99% used [0x00007ef381b50000, 0x00007ef50a0783b0, 0x00007ef50a078400, 0x00007ef50a15b000)
 Metaspace       used 24255K, capacity 24642K, committed 24832K, reserved 26624K
}
Event: 46305.358 GC heap before
{Heap before GC invocations=44616 (full 4):
 def new generation   total 2892992K, used 2576337K [0x00007eee2c600000, 0x00007eeef0910000, 0x00007ef381b50000)
  eden space 2571584K, 100% used [0x00007eee2c600000, 0x00007eeec9550000, 0x00007eeec9550000)
  from space 321408K,   1% used [0x00007eeec9550000, 0x00007eeec99f44c0, 0x00007eeedcf30000)
  to   space 321408K,   0% used [0x00007eeedcf30000, 0x00007eeedcf30000, 0x00007eeef0910000)
 tenured generation   total 6428716K, used 6427808K [0x00007ef381b50000, 0x00007ef50a15b000, 0x00007efe2c600000)
   the space 6428716K,  99% used [0x00007ef381b50000, 0x00007ef50a0783b0, 0x00007ef50a078400, 0x00007ef50a15b000)
 Metaspace       used 24255K, capacity 24642K, committed 24832K, reserved 26624K
}
Event: 46305.378 GC heap after
{Heap after GC invocations=44617 (full 4):
 def new generation   total 2892992K, used 4776K [0x00007eee2c600000, 0x00007eeef0910000, 0x00007ef381b50000)
  eden space 2571584K,   0% used [0x00007eee2c600000, 0x00007eee2c600000, 0x00007eeec9550000)
  from space 321408K,   1% used [0x00007eeedcf30000, 0x00007eeedd3da318, 0x00007eeef0910000)
  to   space 321408K,   0% used [0x00007eeec9550000, 0x00007eeec9550000, 0x00007eeedcf30000)
 tenured generation   total 6428716K, used 6428117K [0x00007ef381b50000, 0x00007ef50a15b000, 0x00007efe2c600000)
   the space 6428716K,  99% used [0x00007ef381b50000, 0x00007ef50a0c57c8, 0x00007ef50a0c5800, 0x00007ef50a15b000)
 Metaspace       used 24255K, capacity 24642K, committed 24832K, reserved 26624K
}
Event: 46307.788 GC heap before
{Heap before GC invocations=44617 (full 4):
 def new generation   total 2892992K, used 2576360K [0x00007eee2c600000, 0x00007eeef0910000, 0x00007ef381b50000)
  eden space 2571584K, 100% used [0x00007eee2c600000, 0x00007eeec9550000, 0x00007eeec9550000)
  from space 321408K,   1% used [0x00007eeedcf30000, 0x00007eeedd3da318, 0x00007eeef0910000)
  to   space 321408K,   0% used [0x00007eeec9550000, 0x00007eeec9550000, 0x00007eeedcf30000)
 tenured generation   total 6428716K, used 6428117K [0x00007ef381b50000, 0x00007ef50a15b000, 0x00007efe2c600000)
   the space 6428716K,  99% used [0x00007ef381b50000, 0x00007ef50a0c57c8, 0x00007ef50a0c5800, 0x00007ef50a15b000)
 Metaspace       used 24255K, capacity 24642K, committed 24832K, reserved 26624K
}
Event: 46307.807 GC heap after
{Heap after GC invocations=44618 (full 4):
 def new generation   total 2892992K, used 4776K [0x00007eee2c600000, 0x00007eeef0910000, 0x00007ef381b50000)
  eden space 2571584K,   0% used [0x00007eee2c600000, 0x00007eee2c600000, 0x00007eeec9550000)
  from space 321408K,   1% used [0x00007eeec9550000, 0x00007eeec99fa360, 0x00007eeedcf30000)
  to   space 321408K,   0% used [0x00007eeedcf30000, 0x00007eeedcf30000, 0x00007eeef0910000)
 tenured generation   total 6428716K, used 6428426K [0x00007ef381b50000, 0x00007ef50a15b000, 0x00007efe2c600000)
   the space 6428716K,  99% used [0x00007ef381b50000, 0x00007ef50a112be0, 0x00007ef50a112c00, 0x00007ef50a15b000)
 Metaspace       used 24255K, capacity 24642K, committed 24832K, reserved 26624K
}
Event: 46310.140 GC heap before
{Heap before GC invocations=44618 (full 4):
 def new generation   total 2892992K, used 2576360K [0x00007eee2c600000, 0x00007eeef0910000, 0x00007ef381b50000)
  eden space 2571584K, 100% used [0x00007eee2c600000, 0x00007eeec9550000, 0x00007eeec9550000)
  from space 321408K,   1% used [0x00007eeec9550000, 0x00007eeec99fa360, 0x00007eeedcf30000)
  to   space 321408K,   0% used [0x00007eeedcf30000, 0x00007eeedcf30000, 0x00007eeef0910000)
 tenured generation   total 6428716K, used 6428426K [0x00007ef381b50000, 0x00007ef50a15b000, 0x00007efe2c600000)
   the space 6428716K,  99% used [0x00007ef381b50000, 0x00007ef50a112be0, 0x00007ef50a112c00, 0x00007ef50a15b000)
 Metaspace       used 24255K, capacity 24642K, committed 24832K, reserved 26624K
}
Event: 46310.159 GC heap after
{Heap after GC invocations=44619 (full 4):
 def new generation   total 2892992K, used 4754K [0x00007eee2c600000, 0x00007eeef0910000, 0x00007ef381b50000)
  eden space 2571584K,   0% used [0x00007eee2c600000, 0x00007eee2c600000, 0x00007eeec9550000)
  from space 321408K,   1% used [0x00007eeedcf30000, 0x00007eeedd3d4b70, 0x00007eeef0910000)
  to   space 321408K,   0% used [0x00007eeec9550000, 0x00007eeec9550000, 0x00007eeedcf30000)
 tenured generation   total 6428908K, used 6428756K [0x00007ef381b50000, 0x00007ef50a18b000, 0x00007efe2c600000)
   the space 6428908K,  99% used [0x00007ef381b50000, 0x00007ef50a165260, 0x00007ef50a165400, 0x00007ef50a18b000)
 Metaspace       used 24255K, capacity 24642K, committed 24832K, reserved 26624K
}
Event: 46310.159 GC heap before
{Heap before GC invocations=44619 (full 4):
 def new generation   total 2892992K, used 4754K [0x00007eee2c600000, 0x00007eeef0910000, 0x00007ef381b50000)
  eden space 2571584K,   0% used [0x00007eee2c600000, 0x00007eee2c600000, 0x00007eeec9550000)
  from space 321408K,   1% used [0x00007eeedcf30000, 0x00007eeedd3d4b70, 0x00007eeef0910000)
  to   space 321408K,   0% used [0x00007eeec9550000, 0x00007eeec9550000, 0x00007eeedcf30000)
 tenured generation   total 6428908K, used 6428756K [0x00007ef381b50000, 0x00007ef50a18b000, 0x00007efe2c600000)
   the space 6428908K,  99% used [0x00007ef381b50000, 0x00007ef50a165260, 0x00007ef50a165400, 0x00007ef50a18b000)
 Metaspace       used 24255K, capacity 24642K, committed 24832K, reserved 26624K
}

