# JRE version: OpenJDK Runtime Environment (13.0.7+5) (build 13.0.7+5-Ubuntu-0ubuntu120.04)
# Java VM: OpenJDK 64-Bit Server VM (13.0.7+5-Ubuntu-0ubuntu120.04, mixed mode, tiered, serial gc, linux-amd64)
Heap:
 def new generation   total 4725824K, used 0K [0x00007fde9c600000, 0x00007fdfdcdd0000, 0x00007fe3f1b50000)
  eden space 4200768K,   0% used [0x00007fde9c600000, 0x00007fde9c600000, 0x00007fdf9cc50000)
  from space 525056K,   0% used [0x00007fdf9cc50000, 0x00007fdf9cc50000, 0x00007fdfbcd10000)
  to   space 525056K,   0% used [0x00007fdfbcd10000, 0x00007fdfbcd10000, 0x00007fdfdcdd0000)
 tenured generation   total 16793096K, used 12592435K [0x00007fe3f1b50000, 0x00007fe7f2ad2000, 0x00007fee9c600000)
   the space 16793096K,  74% used [0x00007fe3f1b50000, 0x00007fe6f249cff0, 0x00007fe6f249d000, 0x00007fe7f2ad2000)
 Metaspace       used 23182K, capacity 23543K, committed 23808K, reserved 24576K
GC Heap History (20 events):
Event: 13.138 GC heap after
{Heap after GC invocations=6 (full 2):
 def new generation   total 629248K, used 0K [0x00007fde9c600000, 0x00007fdec70c0000, 0x00007fe3f1b50000)
  eden space 559360K,   0% used [0x00007fde9c600000, 0x00007fde9c600000, 0x00007fdebe840000)
  from space 69888K,   0% used [0x00007fdec2c80000, 0x00007fdec2c801c8, 0x00007fdec70c0000)
  to   space 69888K,   0% used [0x00007fdebe840000, 0x00007fdebe840000, 0x00007fdec2c80000)
 tenured generation   total 4543876K, used 3166786K [0x00007fe3f1b50000, 0x00007fe5070b1000, 0x00007fee9c600000)
   the space 4543876K,  69% used [0x00007fe3f1b50000, 0x00007fe4b2fe0bd8, 0x00007fe4b2fe0c00, 0x00007fe5070b1000)
 Metaspace       used 23182K, capacity 23543K, committed 23808K, reserved 24576K
}
Event: 13.138 GC heap before
{Heap before GC invocations=6 (full 2):
 def new generation   total 629248K, used 0K [0x00007fde9c600000, 0x00007fdec70c0000, 0x00007fe3f1b50000)
  eden space 559360K,   0% used [0x00007fde9c600000, 0x00007fde9c600000, 0x00007fdebe840000)
  from space 69888K,   0% used [0x00007fdec2c80000, 0x00007fdec2c801c8, 0x00007fdec70c0000)
  to   space 69888K,   0% used [0x00007fdebe840000, 0x00007fdebe840000, 0x00007fdec2c80000)
 tenured generation   total 4543876K, used 3166786K [0x00007fe3f1b50000, 0x00007fe5070b1000, 0x00007fee9c600000)
   the space 4543876K,  69% used [0x00007fe3f1b50000, 0x00007fe4b2fe0bd8, 0x00007fe4b2fe0c00, 0x00007fe5070b1000)
 Metaspace       used 23182K, capacity 23543K, committed 23808K, reserved 24576K
}
Event: 13.168 GC heap after
{Heap after GC invocations=6 (full 3):
 def new generation   total 2375168K, used 0K [0x00007fde9c600000, 0x00007fdf3d730000, 0x00007fe3f1b50000)
  eden space 2111296K,   0% used [0x00007fde9c600000, 0x00007fde9c600000, 0x00007fdf1d3d0000)
  from space 263872K,   0% used [0x00007fdf1d3d0000, 0x00007fdf1d3d0000, 0x00007fdf2d580000)
  to   space 263872K,   0% used [0x00007fdf2d580000, 0x00007fdf2d580000, 0x00007fdf3d730000)
 tenured generation   total 5277980K, used 3166787K [0x00007fe3f1b50000, 0x00007fe533d97000, 0x00007fee9c600000)
   the space 5277980K,  59% used [0x00007fe3f1b50000, 0x00007fe4b2fe0da0, 0x00007fe4b2fe0e00, 0x00007fe533d97000)
 Metaspace       used 23182K, capacity 23543K, committed 23808K, reserved 24576K
}
Event: 15.898 GC heap before
{Heap before GC invocations=6 (full 3):
 def new generation   total 2375168K, used 41687K [0x00007fde9c600000, 0x00007fdf3d730000, 0x00007fe3f1b50000)
  eden space 2111296K,   1% used [0x00007fde9c600000, 0x00007fde9eeb5f30, 0x00007fdf1d3d0000)
  from space 263872K,   0% used [0x00007fdf1d3d0000, 0x00007fdf1d3d0000, 0x00007fdf2d580000)
  to   space 263872K,   0% used [0x00007fdf2d580000, 0x00007fdf2d580000, 0x00007fdf3d730000)
 tenured generation   total 8423712K, used 6312515K [0x00007fe3f1b50000, 0x00007fe5f3d98000, 0x00007fee9c600000)
   the space 8423712K,  74% used [0x00007fe3f1b50000, 0x00007fe572fe0db8, 0x00007fe572fe0e00, 0x00007fe5f3d98000)
 Metaspace       used 23182K, capacity 23543K, committed 23808K, reserved 24576K
}
Event: 15.901 GC heap after
{Heap after GC invocations=7 (full 3):
 def new generation   total 2375168K, used 0K [0x00007fde9c600000, 0x00007fdf3d730000, 0x00007fe3f1b50000)
  eden space 2111296K,   0% used [0x00007fde9c600000, 0x00007fde9c600000, 0x00007fdf1d3d0000)
  from space 263872K,   0% used [0x00007fdf2d580000, 0x00007fdf2d580290, 0x00007fdf3d730000)
  to   space 263872K,   0% used [0x00007fdf1d3d0000, 0x00007fdf1d3d0000, 0x00007fdf2d580000)
 tenured generation   total 8423712K, used 6312515K [0x00007fe3f1b50000, 0x00007fe5f3d98000, 0x00007fee9c600000)
   the space 8423712K,  74% used [0x00007fe3f1b50000, 0x00007fe572fe0db8, 0x00007fe572fe0e00, 0x00007fe5f3d98000)
 Metaspace       used 23182K, capacity 23543K, committed 23808K, reserved 24576K
}
Event: 15.901 GC heap before
{Heap before GC invocations=7 (full 3):
 def new generation   total 2375168K, used 0K [0x00007fde9c600000, 0x00007fdf3d730000, 0x00007fe3f1b50000)
  eden space 2111296K,   0% used [0x00007fde9c600000, 0x00007fde9c600000, 0x00007fdf1d3d0000)
  from space 263872K,   0% used [0x00007fdf2d580000, 0x00007fdf2d580290, 0x00007fdf3d730000)
  to   space 263872K,   0% used [0x00007fdf1d3d0000, 0x00007fdf1d3d0000, 0x00007fdf2d580000)
 tenured generation   total 8423712K, used 6312515K [0x00007fe3f1b50000, 0x00007fe5f3d98000, 0x00007fee9c600000)
   the space 8423712K,  74% used [0x00007fe3f1b50000, 0x00007fe572fe0db8, 0x00007fe572fe0e00, 0x00007fe5f3d98000)
 Metaspace       used 23182K, capacity 23543K, committed 23808K, reserved 24576K
}
Event: 18.278 GC heap after
{Heap after GC invocations=7 (full 4):
 def new generation   total 4725824K, used 0K [0x00007fde9c600000, 0x00007fdfdcdd0000, 0x00007fe3f1b50000)
  eden space 4200768K,   0% used [0x00007fde9c600000, 0x00007fde9c600000, 0x00007fdf9cc50000)
  from space 525056K,   0% used [0x00007fdf9cc50000, 0x00007fdf9cc50000, 0x00007fdfbcd10000)
  to   space 525056K,   0% used [0x00007fdfbcd10000, 0x00007fdfbcd10000, 0x00007fdfdcdd0000)
 tenured generation   total 10501636K, used 6300979K [0x00007fe3f1b50000, 0x00007fe672ad1000, 0x00007fee9c600000)
   the space 10501636K,  59% used [0x00007fe3f1b50000, 0x00007fe57249cee8, 0x00007fe57249d000, 0x00007fe672ad1000)
 Metaspace       used 23182K, capacity 23543K, committed 23808K, reserved 24576K
}
Event: 21.493 GC heap before
{Heap before GC invocations=7 (full 4):
 def new generation   total 4725824K, used 3228672K [0x00007fde9c600000, 0x00007fdfdcdd0000, 0x00007fe3f1b50000)
  eden space 4200768K,  76% used [0x00007fde9c600000, 0x00007fdf61700250, 0x00007fdf9cc50000)
  from space 525056K,   0% used [0x00007fdf9cc50000, 0x00007fdf9cc50000, 0x00007fdfbcd10000)
  to   space 525056K,   0% used [0x00007fdfbcd10000, 0x00007fdfbcd10000, 0x00007fdfdcdd0000)
 tenured generation   total 10501636K, used 6300979K [0x00007fe3f1b50000, 0x00007fe672ad1000, 0x00007fee9c600000)
   the space 10501636K,  59% used [0x00007fe3f1b50000, 0x00007fe57249cee8, 0x00007fe57249d000, 0x00007fe672ad1000)
 Metaspace       used 23182K, capacity 23543K, committed 23808K, reserved 24576K
}
Event: 22.508 GC heap after
{Heap after GC invocations=8 (full 4):
 def new generation   total 4725824K, used 0K [0x00007fde9c600000, 0x00007fdfdcdd0000, 0x00007fe3f1b50000)
  eden space 4200768K,   0% used [0x00007fde9c600000, 0x00007fde9c600000, 0x00007fdf9cc50000)
  from space 525056K,   0% used [0x00007fdfbcd10000, 0x00007fdfbcd10170, 0x00007fdfdcdd0000)
  to   space 525056K,   0% used [0x00007fdf9cc50000, 0x00007fdf9cc50000, 0x00007fdfbcd10000)
 tenured generation   total 10501636K, used 9446707K [0x00007fe3f1b50000, 0x00007fe672ad1000, 0x00007fee9c600000)
   the space 10501636K,  89% used [0x00007fe3f1b50000, 0x00007fe63249cf00, 0x00007fe63249d000, 0x00007fe672ad1000)
 Metaspace       used 23182K, capacity 23543K, committed 23808K, reserved 24576K
}
Event: 24.598 GC heap before
{Heap before GC invocations=8 (full 4):
 def new generation   total 4725824K, used 3228292K [0x00007fde9c600000, 0x00007fdfdcdd0000, 0x00007fe3f1b50000)
  eden space 4200768K,  76% used [0x00007fde9c600000, 0x00007fdf616a0fe8, 0x00007fdf9cc50000)
  from space 525056K,   0% used [0x00007fdfbcd10000, 0x00007fdfbcd10170, 0x00007fdfdcdd0000)
  to   space 525056K,   0% used [0x00007fdf9cc50000, 0x00007fdf9cc50000, 0x00007fdfbcd10000)
 tenured generation   total 10501636K, used 9446707K [0x00007fe3f1b50000, 0x00007fe672ad1000, 0x00007fee9c600000)
   the space 10501636K,  89% used [0x00007fe3f1b50000, 0x00007fe63249cf00, 0x00007fe63249d000, 0x00007fe672ad1000)
 Metaspace       used 23182K, capacity 23543K, committed 23808K, reserved 24576K
}
Event: 26.078 GC heap after
{Heap after GC invocations=9 (full 4):
 def new generation   total 4725824K, used 1K [0x00007fde9c600000, 0x00007fdfdcdd0000, 0x00007fe3f1b50000)
  eden space 4200768K,   0% used [0x00007fde9c600000, 0x00007fde9c600000, 0x00007fdf9cc50000)
  from space 525056K,   0% used [0x00007fdf9cc50000, 0x00007fdf9cc50448, 0x00007fdfbcd10000)
  to   space 525056K,   0% used [0x00007fdfbcd10000, 0x00007fdfbcd10000, 0x00007fdfdcdd0000)
 tenured generation   total 13647372K, used 12592435K [0x00007fe3f1b50000, 0x00007fe732ad3000, 0x00007fee9c600000)
   the space 13647372K,  92% used [0x00007fe3f1b50000, 0x00007fe6f249cf30, 0x00007fe6f249d000, 0x00007fe732ad3000)
 Metaspace       used 23182K, capacity 23543K, committed 23808K, reserved 24576K
}
Event: 26.078 GC heap before
{Heap before GC invocations=9 (full 4):
 def new generation   total 4725824K, used 1K [0x00007fde9c600000, 0x00007fdfdcdd0000, 0x00007fe3f1b50000)
  eden space 4200768K,   0% used [0x00007fde9c600000, 0x00007fde9c600000, 0x00007fdf9cc50000)
  from space 525056K,   0% used [0x00007fdf9cc50000, 0x00007fdf9cc50448, 0x00007fdfbcd10000)
  to   space 525056K,   0% used [0x00007fdfbcd10000, 0x00007fdfbcd10000, 0x00007fdfdcdd0000)
 tenured generation   total 13647372K, used 12592435K [0x00007fe3f1b50000, 0x00007fe732ad3000, 0x00007fee9c600000)
   the space 13647372K,  92% used [0x00007fe3f1b50000, 0x00007fe6f249cf30, 0x00007fe6f249d000, 0x00007fe732ad3000)
 Metaspace       used 23182K, capacity 23543K, committed 23808K, reserved 24576K
}
Event: 28.948 GC heap after
{Heap after GC invocations=9 (full 5):
 def new generation   total 4725824K, used 0K [0x00007fde9c600000, 0x00007fdfdcdd0000, 0x00007fe3f1b50000)
  eden space 4200768K,   0% used [0x00007fde9c600000, 0x00007fde9c600000, 0x00007fdf9cc50000)
  from space 525056K,   0% used [0x00007fdf9cc50000, 0x00007fdf9cc50000, 0x00007fdfbcd10000)
  to   space 525056K,   0% used [0x00007fdfbcd10000, 0x00007fdfbcd10000, 0x00007fdfdcdd0000)
 tenured generation   total 10501636K, used 3155251K [0x00007fe3f1b50000, 0x00007fe672ad1000, 0x00007fee9c600000)
   the space 10501636K,  30% used [0x00007fe3f1b50000, 0x00007fe4b249cfe8, 0x00007fe4b249d000, 0x00007fe672ad1000)
 Metaspace       used 23182K, capacity 23543K, committed 23808K, reserved 24576K
}
Event: 35.489 GC heap before
{Heap before GC invocations=9 (full 5):
 def new generation   total 4725824K, used 82319K [0x00007fde9c600000, 0x00007fdfdcdd0000, 0x00007fe3f1b50000)
  eden space 4200768K,   1% used [0x00007fde9c600000, 0x00007fdea1663f98, 0x00007fdf9cc50000)
  from space 525056K,   0% used [0x00007fdf9cc50000, 0x00007fdf9cc50000, 0x00007fdfbcd10000)
  to   space 525056K,   0% used [0x00007fdfbcd10000, 0x00007fdfbcd10000, 0x00007fdfdcdd0000)
 tenured generation   total 10501636K, used 9446708K [0x00007fe3f1b50000, 0x00007fe672ad1000, 0x00007fee9c600000)
   the space 10501636K,  89% used [0x00007fe3f1b50000, 0x00007fe63249d000, 0x00007fe63249d000, 0x00007fe672ad1000)
 Metaspace       used 23182K, capacity 23543K, committed 23808K, reserved 24576K
}
Event: 35.494 GC heap after
{Heap after GC invocations=10 (full 5):
 def new generation   total 4725824K, used 0K [0x00007fde9c600000, 0x00007fdfdcdd0000, 0x00007fe3f1b50000)
  eden space 4200768K,   0% used [0x00007fde9c600000, 0x00007fde9c600000, 0x00007fdf9cc50000)
  from space 525056K,   0% used [0x00007fdfbcd10000, 0x00007fdfbcd100b0, 0x00007fdfdcdd0000)
  to   space 525056K,   0% used [0x00007fdf9cc50000, 0x00007fdf9cc50000, 0x00007fdfbcd10000)
 tenured generation   total 10501636K, used 9446708K [0x00007fe3f1b50000, 0x00007fe672ad1000, 0x00007fee9c600000)
   the space 10501636K,  89% used [0x00007fe3f1b50000, 0x00007fe63249d000, 0x00007fe63249d000, 0x00007fe672ad1000)
 Metaspace       used 23182K, capacity 23543K, committed 23808K, reserved 24576K
}
Event: 35.494 GC heap before
{Heap before GC invocations=10 (full 5):
 def new generation   total 4725824K, used 0K [0x00007fde9c600000, 0x00007fdfdcdd0000, 0x00007fe3f1b50000)
  eden space 4200768K,   0% used [0x00007fde9c600000, 0x00007fde9c600000, 0x00007fdf9cc50000)
  from space 525056K,   0% used [0x00007fdfbcd10000, 0x00007fdfbcd100b0, 0x00007fdfdcdd0000)
  to   space 525056K,   0% used [0x00007fdf9cc50000, 0x00007fdf9cc50000, 0x00007fdfbcd10000)
 tenured generation   total 10501636K, used 9446708K [0x00007fe3f1b50000, 0x00007fe672ad1000, 0x00007fee9c600000)
   the space 10501636K,  89% used [0x00007fe3f1b50000, 0x00007fe63249d000, 0x00007fe63249d000, 0x00007fe672ad1000)
 Metaspace       used 23182K, capacity 23543K, committed 23808K, reserved 24576K
}
Event: 37.935 GC heap after
{Heap after GC invocations=10 (full 6):
 def new generation   total 4725824K, used 0K [0x00007fde9c600000, 0x00007fdfdcdd0000, 0x00007fe3f1b50000)
  eden space 4200768K,   0% used [0x00007fde9c600000, 0x00007fde9c600000, 0x00007fdf9cc50000)
  from space 525056K,   0% used [0x00007fdfbcd10000, 0x00007fdfbcd10000, 0x00007fdfdcdd0000)
  to   space 525056K,   0% used [0x00007fdf9cc50000, 0x00007fdf9cc50000, 0x00007fdfbcd10000)
 tenured generation   total 10501636K, used 6300979K [0x00007fe3f1b50000, 0x00007fe672ad1000, 0x00007fee9c600000)
   the space 10501636K,  59% used [0x00007fe3f1b50000, 0x00007fe57249cd48, 0x00007fe57249ce00, 0x00007fe672ad1000)
 Metaspace       used 23182K, capacity 23543K, committed 23808K, reserved 24576K
}
Event: 41.499 GC heap before
{Heap before GC invocations=10 (full 6):
 def new generation   total 4725824K, used 82319K [0x00007fde9c600000, 0x00007fdfdcdd0000, 0x00007fe3f1b50000)
  eden space 4200768K,   1% used [0x00007fde9c600000, 0x00007fdea1663fc0, 0x00007fdf9cc50000)
  from space 525056K,   0% used [0x00007fdfbcd10000, 0x00007fdfbcd10000, 0x00007fdfdcdd0000)
  to   space 525056K,   0% used [0x00007fdf9cc50000, 0x00007fdf9cc50000, 0x00007fdfbcd10000)
 tenured generation   total 16793096K, used 12592435K [0x00007fe3f1b50000, 0x00007fe7f2ad2000, 0x00007fee9c600000)
   the space 16793096K,  74% used [0x00007fe3f1b50000, 0x00007fe6f249cd60, 0x00007fe6f249ce00, 0x00007fe7f2ad2000)
 Metaspace       used 23182K, capacity 23543K, committed 23808K, reserved 24576K
}
Event: 41.504 GC heap after
{Heap after GC invocations=11 (full 6):
 def new generation   total 4725824K, used 0K [0x00007fde9c600000, 0x00007fdfdcdd0000, 0x00007fe3f1b50000)
  eden space 4200768K,   0% used [0x00007fde9c600000, 0x00007fde9c600000, 0x00007fdf9cc50000)
  from space 525056K,   0% used [0x00007fdf9cc50000, 0x00007fdf9cc50290, 0x00007fdfbcd10000)
  to   space 525056K,   0% used [0x00007fdfbcd10000, 0x00007fdfbcd10000, 0x00007fdfdcdd0000)
 tenured generation   total 16793096K, used 12592435K [0x00007fe3f1b50000, 0x00007fe7f2ad2000, 0x00007fee9c600000)
   the space 16793096K,  74% used [0x00007fe3f1b50000, 0x00007fe6f249cd60, 0x00007fe6f249ce00, 0x00007fe7f2ad2000)
 Metaspace       used 23182K, capacity 23543K, committed 23808K, reserved 24576K
}
Event: 41.504 GC heap before
{Heap before GC invocations=11 (full 6):
 def new generation   total 4725824K, used 0K [0x00007fde9c600000, 0x00007fdfdcdd0000, 0x00007fe3f1b50000)
  eden space 4200768K,   0% used [0x00007fde9c600000, 0x00007fde9c600000, 0x00007fdf9cc50000)
  from space 525056K,   0% used [0x00007fdf9cc50000, 0x00007fdf9cc50290, 0x00007fdfbcd10000)
  to   space 525056K,   0% used [0x00007fdfbcd10000, 0x00007fdfbcd10000, 0x00007fdfdcdd0000)
 tenured generation   total 16793096K, used 12592435K [0x00007fe3f1b50000, 0x00007fe7f2ad2000, 0x00007fee9c600000)
   the space 16793096K,  74% used [0x00007fe3f1b50000, 0x00007fe6f249cd60, 0x00007fe6f249ce00, 0x00007fe7f2ad2000)
 Metaspace       used 23182K, capacity 23543K, committed 23808K, reserved 24576K
}

