# JRE version: OpenJDK Runtime Environment (13.0.7+5) (build 13.0.7+5-Ubuntu-0ubuntu120.04)
# Java VM: OpenJDK 64-Bit Server VM (13.0.7+5-Ubuntu-0ubuntu120.04, mixed mode, tiered, serial gc, linux-amd64)
Heap:
 def new generation   total 4859520K, used 76230K [0x00007fea4c600000, 0x00007feb95ee0000, 0x00007fefa1b50000)
  eden space 4319616K,   1% used [0x00007fea4c600000, 0x00007fea51071b78, 0x00007feb54060000)
  from space 539904K,   0% used [0x00007feb54060000, 0x00007feb54060000, 0x00007feb74fa0000)
  to   space 539904K,   0% used [0x00007feb74fa0000, 0x00007feb74fa0000, 0x00007feb95ee0000)
 tenured generation   total 10799780K, used 10799777K [0x00007fefa1b50000, 0x00007ff234df9000, 0x00007ffa4c600000)
   the space 10799780K,  99% used [0x00007fefa1b50000, 0x00007ff234df8638, 0x00007ff234df8800, 0x00007ff234df9000)
 Metaspace       used 24225K, capacity 24642K, committed 24832K, reserved 26624K
GC Heap History (20 events):
Event: 4798.149 GC heap after
{Heap after GC invocations=5839 (full 5):
 def new generation   total 4859520K, used 74521K [0x00007fea4c600000, 0x00007feb95ee0000, 0x00007fefa1b50000)
  eden space 4319616K,   0% used [0x00007fea4c600000, 0x00007fea4c600000, 0x00007feb54060000)
  from space 539904K,  13% used [0x00007feb74fa0000, 0x00007feb79866488, 0x00007feb95ee0000)
  to   space 539904K,   0% used [0x00007feb54060000, 0x00007feb54060000, 0x00007feb74fa0000)
 tenured generation   total 10798820K, used 10756530K [0x00007fefa1b50000, 0x00007ff234d09000, 0x00007ffa4c600000)
   the space 10798820K,  99% used [0x00007fefa1b50000, 0x00007ff2323bc9e8, 0x00007ff2323bca00, 0x00007ff234d09000)
 Metaspace       used 24225K, capacity 24642K, committed 24832K, reserved 26624K
}
Event: 4800.282 GC heap before
{Heap before GC invocations=5839 (full 5):
 def new generation   total 4859520K, used 4394137K [0x00007fea4c600000, 0x00007feb95ee0000, 0x00007fefa1b50000)
  eden space 4319616K, 100% used [0x00007fea4c600000, 0x00007feb54060000, 0x00007feb54060000)
  from space 539904K,  13% used [0x00007feb74fa0000, 0x00007feb79866488, 0x00007feb95ee0000)
  to   space 539904K,   0% used [0x00007feb54060000, 0x00007feb54060000, 0x00007feb74fa0000)
 tenured generation   total 10798820K, used 10756530K [0x00007fefa1b50000, 0x00007ff234d09000, 0x00007ffa4c600000)
   the space 10798820K,  99% used [0x00007fefa1b50000, 0x00007ff2323bc9e8, 0x00007ff2323bca00, 0x00007ff234d09000)
 Metaspace       used 24225K, capacity 24642K, committed 24832K, reserved 26624K
}
Event: 4800.346 GC heap after
{Heap after GC invocations=5840 (full 5):
 def new generation   total 4859520K, used 74787K [0x00007fea4c600000, 0x00007feb95ee0000, 0x00007fefa1b50000)
  eden space 4319616K,   0% used [0x00007fea4c600000, 0x00007fea4c600000, 0x00007feb54060000)
  from space 539904K,  13% used [0x00007feb54060000, 0x00007feb58968c28, 0x00007feb74fa0000)
  to   space 539904K,   0% used [0x00007feb74fa0000, 0x00007feb74fa0000, 0x00007feb95ee0000)
 tenured generation   total 10798820K, used 10761062K [0x00007fefa1b50000, 0x00007ff234d09000, 0x00007ffa4c600000)
   the space 10798820K,  99% used [0x00007fefa1b50000, 0x00007ff232829ba8, 0x00007ff232829c00, 0x00007ff234d09000)
 Metaspace       used 24225K, capacity 24642K, committed 24832K, reserved 26624K
}
Event: 4802.476 GC heap before
{Heap before GC invocations=5840 (full 5):
 def new generation   total 4859520K, used 4394403K [0x00007fea4c600000, 0x00007feb95ee0000, 0x00007fefa1b50000)
  eden space 4319616K, 100% used [0x00007fea4c600000, 0x00007feb54060000, 0x00007feb54060000)
  from space 539904K,  13% used [0x00007feb54060000, 0x00007feb58968c28, 0x00007feb74fa0000)
  to   space 539904K,   0% used [0x00007feb74fa0000, 0x00007feb74fa0000, 0x00007feb95ee0000)
 tenured generation   total 10798820K, used 10761062K [0x00007fefa1b50000, 0x00007ff234d09000, 0x00007ffa4c600000)
   the space 10798820K,  99% used [0x00007fefa1b50000, 0x00007ff232829ba8, 0x00007ff232829c00, 0x00007ff234d09000)
 Metaspace       used 24225K, capacity 24642K, committed 24832K, reserved 26624K
}
Event: 4802.520 GC heap after
{Heap after GC invocations=5841 (full 5):
 def new generation   total 4859520K, used 74155K [0x00007fea4c600000, 0x00007feb95ee0000, 0x00007fefa1b50000)
  eden space 4319616K,   0% used [0x00007fea4c600000, 0x00007fea4c600000, 0x00007feb54060000)
  from space 539904K,  13% used [0x00007feb74fa0000, 0x00007feb7980ad08, 0x00007feb95ee0000)
  to   space 539904K,   0% used [0x00007feb54060000, 0x00007feb54060000, 0x00007feb74fa0000)
 tenured generation   total 10798820K, used 10766625K [0x00007fefa1b50000, 0x00007ff234d09000, 0x00007ffa4c600000)
   the space 10798820K,  99% used [0x00007fefa1b50000, 0x00007ff232d986c8, 0x00007ff232d98800, 0x00007ff234d09000)
 Metaspace       used 24225K, capacity 24642K, committed 24832K, reserved 26624K
}
Event: 4804.646 GC heap before
{Heap before GC invocations=5841 (full 5):
 def new generation   total 4859520K, used 4393771K [0x00007fea4c600000, 0x00007feb95ee0000, 0x00007fefa1b50000)
  eden space 4319616K, 100% used [0x00007fea4c600000, 0x00007feb54060000, 0x00007feb54060000)
  from space 539904K,  13% used [0x00007feb74fa0000, 0x00007feb7980ad08, 0x00007feb95ee0000)
  to   space 539904K,   0% used [0x00007feb54060000, 0x00007feb54060000, 0x00007feb74fa0000)
 tenured generation   total 10798820K, used 10766625K [0x00007fefa1b50000, 0x00007ff234d09000, 0x00007ffa4c600000)
   the space 10798820K,  99% used [0x00007fefa1b50000, 0x00007ff232d986c8, 0x00007ff232d98800, 0x00007ff234d09000)
 Metaspace       used 24225K, capacity 24642K, committed 24832K, reserved 26624K
}
Event: 4804.689 GC heap after
{Heap after GC invocations=5842 (full 5):
 def new generation   total 4859520K, used 73670K [0x00007fea4c600000, 0x00007feb95ee0000, 0x00007fefa1b50000)
  eden space 4319616K,   0% used [0x00007fea4c600000, 0x00007fea4c600000, 0x00007feb54060000)
  from space 539904K,  13% used [0x00007feb54060000, 0x00007feb58851a10, 0x00007feb74fa0000)
  to   space 539904K,   0% used [0x00007feb74fa0000, 0x00007feb74fa0000, 0x00007feb95ee0000)
 tenured generation   total 10798820K, used 10773105K [0x00007fefa1b50000, 0x00007ff234d09000, 0x00007ffa4c600000)
   the space 10798820K,  99% used [0x00007fefa1b50000, 0x00007ff2333ec6e8, 0x00007ff2333ec800, 0x00007ff234d09000)
 Metaspace       used 24225K, capacity 24642K, committed 24832K, reserved 26624K
}
Event: 4806.769 GC heap before
{Heap before GC invocations=5842 (full 5):
 def new generation   total 4859520K, used 4393286K [0x00007fea4c600000, 0x00007feb95ee0000, 0x00007fefa1b50000)
  eden space 4319616K, 100% used [0x00007fea4c600000, 0x00007feb54060000, 0x00007feb54060000)
  from space 539904K,  13% used [0x00007feb54060000, 0x00007feb58851a10, 0x00007feb74fa0000)
  to   space 539904K,   0% used [0x00007feb74fa0000, 0x00007feb74fa0000, 0x00007feb95ee0000)
 tenured generation   total 10798820K, used 10773105K [0x00007fefa1b50000, 0x00007ff234d09000, 0x00007ffa4c600000)
   the space 10798820K,  99% used [0x00007fefa1b50000, 0x00007ff2333ec6e8, 0x00007ff2333ec800, 0x00007ff234d09000)
 Metaspace       used 24225K, capacity 24642K, committed 24832K, reserved 26624K
}
Event: 4806.811 GC heap after
{Heap after GC invocations=5843 (full 5):
 def new generation   total 4859520K, used 75584K [0x00007fea4c600000, 0x00007feb95ee0000, 0x00007fefa1b50000)
  eden space 4319616K,   0% used [0x00007fea4c600000, 0x00007fea4c600000, 0x00007feb54060000)
  from space 539904K,  13% used [0x00007feb74fa0000, 0x00007feb79970358, 0x00007feb95ee0000)
  to   space 539904K,   0% used [0x00007feb54060000, 0x00007feb54060000, 0x00007feb74fa0000)
 tenured generation   total 10798820K, used 10776810K [0x00007fefa1b50000, 0x00007ff234d09000, 0x00007ffa4c600000)
   the space 10798820K,  99% used [0x00007fefa1b50000, 0x00007ff23378a908, 0x00007ff23378aa00, 0x00007ff234d09000)
 Metaspace       used 24225K, capacity 24642K, committed 24832K, reserved 26624K
}
Event: 4808.990 GC heap before
{Heap before GC invocations=5843 (full 5):
 def new generation   total 4859520K, used 4395200K [0x00007fea4c600000, 0x00007feb95ee0000, 0x00007fefa1b50000)
  eden space 4319616K, 100% used [0x00007fea4c600000, 0x00007feb54060000, 0x00007feb54060000)
  from space 539904K,  13% used [0x00007feb74fa0000, 0x00007feb79970358, 0x00007feb95ee0000)
  to   space 539904K,   0% used [0x00007feb54060000, 0x00007feb54060000, 0x00007feb74fa0000)
 tenured generation   total 10798820K, used 10776810K [0x00007fefa1b50000, 0x00007ff234d09000, 0x00007ffa4c600000)
   the space 10798820K,  99% used [0x00007fefa1b50000, 0x00007ff23378a908, 0x00007ff23378aa00, 0x00007ff234d09000)
 Metaspace       used 24225K, capacity 24642K, committed 24832K, reserved 26624K
}
Event: 4809.034 GC heap after
{Heap after GC invocations=5844 (full 5):
 def new generation   total 4859520K, used 75554K [0x00007fea4c600000, 0x00007feb95ee0000, 0x00007fefa1b50000)
  eden space 4319616K,   0% used [0x00007fea4c600000, 0x00007fea4c600000, 0x00007feb54060000)
  from space 539904K,  13% used [0x00007feb54060000, 0x00007feb58a289f0, 0x00007feb74fa0000)
  to   space 539904K,   0% used [0x00007feb74fa0000, 0x00007feb74fa0000, 0x00007feb95ee0000)
 tenured generation   total 10798820K, used 10780933K [0x00007fefa1b50000, 0x00007ff234d09000, 0x00007ffa4c600000)
   the space 10798820K,  99% used [0x00007fefa1b50000, 0x00007ff233b91448, 0x00007ff233b91600, 0x00007ff234d09000)
 Metaspace       used 24225K, capacity 24642K, committed 24832K, reserved 26624K
}
Event: 4811.170 GC heap before
{Heap before GC invocations=5844 (full 5):
 def new generation   total 4859520K, used 4395170K [0x00007fea4c600000, 0x00007feb95ee0000, 0x00007fefa1b50000)
  eden space 4319616K, 100% used [0x00007fea4c600000, 0x00007feb54060000, 0x00007feb54060000)
  from space 539904K,  13% used [0x00007feb54060000, 0x00007feb58a289f0, 0x00007feb74fa0000)
  to   space 539904K,   0% used [0x00007feb74fa0000, 0x00007feb74fa0000, 0x00007feb95ee0000)
 tenured generation   total 10798820K, used 10780933K [0x00007fefa1b50000, 0x00007ff234d09000, 0x00007ffa4c600000)
   the space 10798820K,  99% used [0x00007fefa1b50000, 0x00007ff233b91448, 0x00007ff233b91600, 0x00007ff234d09000)
 Metaspace       used 24225K, capacity 24642K, committed 24832K, reserved 26624K
}
Event: 4811.216 GC heap after
{Heap after GC invocations=5845 (full 5):
 def new generation   total 4859520K, used 75601K [0x00007fea4c600000, 0x00007feb95ee0000, 0x00007fefa1b50000)
  eden space 4319616K,   0% used [0x00007fea4c600000, 0x00007fea4c600000, 0x00007feb54060000)
  from space 539904K,  14% used [0x00007feb74fa0000, 0x00007feb79974740, 0x00007feb95ee0000)
  to   space 539904K,   0% used [0x00007feb54060000, 0x00007feb54060000, 0x00007feb74fa0000)
 tenured generation   total 10798820K, used 10785568K [0x00007fefa1b50000, 0x00007ff234d09000, 0x00007ffa4c600000)
   the space 10798820K,  99% used [0x00007fefa1b50000, 0x00007ff2340180c8, 0x00007ff234018200, 0x00007ff234d09000)
 Metaspace       used 24225K, capacity 24642K, committed 24832K, reserved 26624K
}
Event: 4813.339 GC heap before
{Heap before GC invocations=5845 (full 5):
 def new generation   total 4859520K, used 4395217K [0x00007fea4c600000, 0x00007feb95ee0000, 0x00007fefa1b50000)
  eden space 4319616K, 100% used [0x00007fea4c600000, 0x00007feb54060000, 0x00007feb54060000)
  from space 539904K,  14% used [0x00007feb74fa0000, 0x00007feb79974740, 0x00007feb95ee0000)
  to   space 539904K,   0% used [0x00007feb54060000, 0x00007feb54060000, 0x00007feb74fa0000)
 tenured generation   total 10798820K, used 10785568K [0x00007fefa1b50000, 0x00007ff234d09000, 0x00007ffa4c600000)
   the space 10798820K,  99% used [0x00007fefa1b50000, 0x00007ff2340180c8, 0x00007ff234018200, 0x00007ff234d09000)
 Metaspace       used 24225K, capacity 24642K, committed 24832K, reserved 26624K
}
Event: 4813.383 GC heap after
{Heap after GC invocations=5846 (full 5):
 def new generation   total 4859520K, used 75648K [0x00007fea4c600000, 0x00007feb95ee0000, 0x00007fefa1b50000)
  eden space 4319616K,   0% used [0x00007fea4c600000, 0x00007fea4c600000, 0x00007feb54060000)
  from space 539904K,  14% used [0x00007feb54060000, 0x00007feb58a402b0, 0x00007feb74fa0000)
  to   space 539904K,   0% used [0x00007feb74fa0000, 0x00007feb74fa0000, 0x00007feb95ee0000)
 tenured generation   total 10798820K, used 10790356K [0x00007fefa1b50000, 0x00007ff234d09000, 0x00007ffa4c600000)
   the space 10798820K,  99% used [0x00007fefa1b50000, 0x00007ff2344c5208, 0x00007ff2344c5400, 0x00007ff234d09000)
 Metaspace       used 24225K, capacity 24642K, committed 24832K, reserved 26624K
}
Event: 4815.522 GC heap before
{Heap before GC invocations=5846 (full 5):
 def new generation   total 4859520K, used 4395264K [0x00007fea4c600000, 0x00007feb95ee0000, 0x00007fefa1b50000)
  eden space 4319616K, 100% used [0x00007fea4c600000, 0x00007feb54060000, 0x00007feb54060000)
  from space 539904K,  14% used [0x00007feb54060000, 0x00007feb58a402b0, 0x00007feb74fa0000)
  to   space 539904K,   0% used [0x00007feb74fa0000, 0x00007feb74fa0000, 0x00007feb95ee0000)
 tenured generation   total 10798820K, used 10790356K [0x00007fefa1b50000, 0x00007ff234d09000, 0x00007ffa4c600000)
   the space 10798820K,  99% used [0x00007fefa1b50000, 0x00007ff2344c5208, 0x00007ff2344c5400, 0x00007ff234d09000)
 Metaspace       used 24225K, capacity 24642K, committed 24832K, reserved 26624K
}
Event: 4815.573 GC heap after
{Heap after GC invocations=5847 (full 5):
 def new generation   total 4859520K, used 75609K [0x00007fea4c600000, 0x00007feb95ee0000, 0x00007fefa1b50000)
  eden space 4319616K,   0% used [0x00007fea4c600000, 0x00007fea4c600000, 0x00007feb54060000)
  from space 539904K,  14% used [0x00007feb74fa0000, 0x00007feb79976768, 0x00007feb95ee0000)
  to   space 539904K,   0% used [0x00007feb54060000, 0x00007feb54060000, 0x00007feb74fa0000)
 tenured generation   total 10798820K, used 10795201K [0x00007fefa1b50000, 0x00007ff234d09000, 0x00007ffa4c600000)
   the space 10798820K,  99% used [0x00007fefa1b50000, 0x00007ff2349804b8, 0x00007ff234980600, 0x00007ff234d09000)
 Metaspace       used 24225K, capacity 24642K, committed 24832K, reserved 26624K
}
Event: 4817.699 GC heap before
{Heap before GC invocations=5847 (full 5):
 def new generation   total 4859520K, used 4395225K [0x00007fea4c600000, 0x00007feb95ee0000, 0x00007fefa1b50000)
  eden space 4319616K, 100% used [0x00007fea4c600000, 0x00007feb54060000, 0x00007feb54060000)
  from space 539904K,  14% used [0x00007feb74fa0000, 0x00007feb79976768, 0x00007feb95ee0000)
  to   space 539904K,   0% used [0x00007feb54060000, 0x00007feb54060000, 0x00007feb74fa0000)
 tenured generation   total 10798820K, used 10795201K [0x00007fefa1b50000, 0x00007ff234d09000, 0x00007ffa4c600000)
   the space 10798820K,  99% used [0x00007fefa1b50000, 0x00007ff2349804b8, 0x00007ff234980600, 0x00007ff234d09000)
 Metaspace       used 24225K, capacity 24642K, committed 24832K, reserved 26624K
}
Event: 4817.748 GC heap after
{Heap after GC invocations=5848 (full 5):
 def new generation   total 4859520K, used 76233K [0x00007fea4c600000, 0x00007feb95ee0000, 0x00007fefa1b50000)
  eden space 4319616K,   0% used [0x00007fea4c600000, 0x00007fea4c600000, 0x00007feb54060000)
  from space 539904K,  14% used [0x00007feb54060000, 0x00007feb58ad2558, 0x00007feb74fa0000)
  to   space 539904K,   0% used [0x00007feb74fa0000, 0x00007feb74fa0000, 0x00007feb95ee0000)
 tenured generation   total 10799780K, used 10799775K [0x00007fefa1b50000, 0x00007ff234df9000, 0x00007ffa4c600000)
   the space 10799780K,  99% used [0x00007fefa1b50000, 0x00007ff234df7c58, 0x00007ff234df7e00, 0x00007ff234df9000)
 Metaspace       used 24225K, capacity 24642K, committed 24832K, reserved 26624K
}
Event: 4817.748 GC heap before
{Heap before GC invocations=5848 (full 5):
 def new generation   total 4859520K, used 76233K [0x00007fea4c600000, 0x00007feb95ee0000, 0x00007fefa1b50000)
  eden space 4319616K,   0% used [0x00007fea4c600000, 0x00007fea4c600000, 0x00007feb54060000)
  from space 539904K,  14% used [0x00007feb54060000, 0x00007feb58ad2558, 0x00007feb74fa0000)
  to   space 539904K,   0% used [0x00007feb74fa0000, 0x00007feb74fa0000, 0x00007feb95ee0000)
 tenured generation   total 10799780K, used 10799775K [0x00007fefa1b50000, 0x00007ff234df9000, 0x00007ffa4c600000)
   the space 10799780K,  99% used [0x00007fefa1b50000, 0x00007ff234df7c58, 0x00007ff234df7e00, 0x00007ff234df9000)
 Metaspace       used 24225K, capacity 24642K, committed 24832K, reserved 26624K
}

