# JRE version: OpenJDK Runtime Environment (13.0.7+5) (build 13.0.7+5-Ubuntu-0ubuntu120.04)
# Java VM: OpenJDK 64-Bit Server VM (13.0.7+5-Ubuntu-0ubuntu120.04, mixed mode, tiered, serial gc, linux-amd64)
Heap:
 def new generation   total 1583936K, used 0K [0x00007f19c8600000, 0x00007f1a33ca0000, 0x00007f1f1db50000)
  eden space 1408000K,   0% used [0x00007f19c8600000, 0x00007f19c8600000, 0x00007f1a1e500000)
  from space 175936K,   0% used [0x00007f1a290d0000, 0x00007f1a290d0000, 0x00007f1a33ca0000)
  to   space 175936K,   0% used [0x00007f1a1e500000, 0x00007f1a1e500000, 0x00007f1a290d0000)
 tenured generation   total 15744156K, used 9446491K [0x00007f1f1db50000, 0x00007f22dea77000, 0x00007f29c8600000)
   the space 15744156K,  59% used [0x00007f1f1db50000, 0x00007f215e466f00, 0x00007f215e467000, 0x00007f22dea77000)
 Metaspace       used 23179K, capacity 23580K, committed 23808K, reserved 24576K
GC Heap History (17 events):
Event: 4.181 GC heap before
{Heap before GC invocations=0 (full 0):
 def new generation   total 629120K, used 100664K [0x00007f19c8600000, 0x00007f19f30a0000, 0x00007f1f1db50000)
  eden space 559232K,  18% used [0x00007f19c8600000, 0x00007f19ce84e1a8, 0x00007f19ea820000)
  from space 69888K,   0% used [0x00007f19ea820000, 0x00007f19ea820000, 0x00007f19eec60000)
  to   space 69888K,   0% used [0x00007f19eec60000, 0x00007f19eec60000, 0x00007f19f30a0000)
 tenured generation   total 1398144K, used 0K [0x00007f1f1db50000, 0x00007f1f730b0000, 0x00007f29c8600000)
   the space 1398144K,   0% used [0x00007f1f1db50000, 0x00007f1f1db50000, 0x00007f1f1db50200, 0x00007f1f730b0000)
 Metaspace       used 20902K, capacity 21207K, committed 21248K, reserved 22528K
}
Event: 4.224 GC heap after
{Heap after GC invocations=1 (full 1):
 def new generation   total 629248K, used 0K [0x00007f19c8600000, 0x00007f19f30c0000, 0x00007f1f1db50000)
  eden space 559360K,   0% used [0x00007f19c8600000, 0x00007f19c8600000, 0x00007f19ea840000)
  from space 69888K,   0% used [0x00007f19ea840000, 0x00007f19ea840000, 0x00007f19eec80000)
  to   space 69888K,   0% used [0x00007f19eec80000, 0x00007f19eec80000, 0x00007f19f30c0000)
 tenured generation   total 1398144K, used 13604K [0x00007f1f1db50000, 0x00007f1f730b0000, 0x00007f29c8600000)
   the space 1398144K,   0% used [0x00007f1f1db50000, 0x00007f1f1e899220, 0x00007f1f1e899400, 0x00007f1f730b0000)
 Metaspace       used 20902K, capacity 21207K, committed 21248K, reserved 22528K
}
Event: 5.725 GC heap before
{Heap before GC invocations=1 (full 1):
 def new generation   total 629248K, used 559360K [0x00007f19c8600000, 0x00007f19f30c0000, 0x00007f1f1db50000)
  eden space 559360K, 100% used [0x00007f19c8600000, 0x00007f19ea840000, 0x00007f19ea840000)
  from space 69888K,   0% used [0x00007f19ea840000, 0x00007f19ea840000, 0x00007f19eec80000)
  to   space 69888K,   0% used [0x00007f19eec80000, 0x00007f19eec80000, 0x00007f19f30c0000)
 tenured generation   total 1398144K, used 13604K [0x00007f1f1db50000, 0x00007f1f730b0000, 0x00007f29c8600000)
   the space 1398144K,   0% used [0x00007f1f1db50000, 0x00007f1f1e899220, 0x00007f1f1e899400, 0x00007f1f730b0000)
 Metaspace       used 22954K, capacity 23291K, committed 23552K, reserved 24576K
}
Event: 5.729 GC heap after
{Heap after GC invocations=2 (full 1):
 def new generation   total 629248K, used 665K [0x00007f19c8600000, 0x00007f19f30c0000, 0x00007f1f1db50000)
  eden space 559360K,   0% used [0x00007f19c8600000, 0x00007f19c8600000, 0x00007f19ea840000)
  from space 69888K,   0% used [0x00007f19eec80000, 0x00007f19eed26738, 0x00007f19f30c0000)
  to   space 69888K,   0% used [0x00007f19ea840000, 0x00007f19ea840000, 0x00007f19eec80000)
 tenured generation   total 1398144K, used 13604K [0x00007f1f1db50000, 0x00007f1f730b0000, 0x00007f29c8600000)
   the space 1398144K,   0% used [0x00007f1f1db50000, 0x00007f1f1e899220, 0x00007f1f1e899400, 0x00007f1f730b0000)
 Metaspace       used 22954K, capacity 23291K, committed 23552K, reserved 24576K
}
Event: 6.549 GC heap before
{Heap before GC invocations=2 (full 1):
 def new generation   total 629248K, used 560025K [0x00007f19c8600000, 0x00007f19f30c0000, 0x00007f1f1db50000)
  eden space 559360K, 100% used [0x00007f19c8600000, 0x00007f19ea840000, 0x00007f19ea840000)
  from space 69888K,   0% used [0x00007f19eec80000, 0x00007f19eed26738, 0x00007f19f30c0000)
  to   space 69888K,   0% used [0x00007f19ea840000, 0x00007f19ea840000, 0x00007f19eec80000)
 tenured generation   total 1398144K, used 13604K [0x00007f1f1db50000, 0x00007f1f730b0000, 0x00007f29c8600000)
   the space 1398144K,   0% used [0x00007f1f1db50000, 0x00007f1f1e899220, 0x00007f1f1e899400, 0x00007f1f730b0000)
 Metaspace       used 22961K, capacity 23292K, committed 23552K, reserved 24576K
}
Event: 6.551 GC heap after
{Heap after GC invocations=3 (full 1):
 def new generation   total 629248K, used 921K [0x00007f19c8600000, 0x00007f19f30c0000, 0x00007f1f1db50000)
  eden space 559360K,   0% used [0x00007f19c8600000, 0x00007f19c8600000, 0x00007f19ea840000)
  from space 69888K,   1% used [0x00007f19ea840000, 0x00007f19ea926738, 0x00007f19eec80000)
  to   space 69888K,   0% used [0x00007f19eec80000, 0x00007f19eec80000, 0x00007f19f30c0000)
 tenured generation   total 1398144K, used 13604K [0x00007f1f1db50000, 0x00007f1f730b0000, 0x00007f29c8600000)
   the space 1398144K,   0% used [0x00007f1f1db50000, 0x00007f1f1e899220, 0x00007f1f1e899400, 0x00007f1f730b0000)
 Metaspace       used 22961K, capacity 23292K, committed 23552K, reserved 24576K
}
Event: 8.159 GC heap before
{Heap before GC invocations=3 (full 1):
 def new generation   total 629248K, used 74147K [0x00007f19c8600000, 0x00007f19f30c0000, 0x00007f1f1db50000)
  eden space 559360K,  13% used [0x00007f19c8600000, 0x00007f19ccd826c8, 0x00007f19ea840000)
  from space 69888K,   1% used [0x00007f19ea840000, 0x00007f19ea926738, 0x00007f19eec80000)
  to   space 69888K,   0% used [0x00007f19eec80000, 0x00007f19eec80000, 0x00007f19f30c0000)
 tenured generation   total 1398144K, used 1062180K [0x00007f1f1db50000, 0x00007f1f730b0000, 0x00007f29c8600000)
   the space 1398144K,  75% used [0x00007f1f1db50000, 0x00007f1f5e899238, 0x00007f1f5e899400, 0x00007f1f730b0000)
 Metaspace       used 23178K, capacity 23580K, committed 23808K, reserved 24576K
}
Event: 8.163 GC heap after
{Heap after GC invocations=4 (full 1):
 def new generation   total 629248K, used 1055K [0x00007f19c8600000, 0x00007f19f30c0000, 0x00007f1f1db50000)
  eden space 559360K,   0% used [0x00007f19c8600000, 0x00007f19c8600000, 0x00007f19ea840000)
  from space 69888K,   1% used [0x00007f19eec80000, 0x00007f19eed87fe0, 0x00007f19f30c0000)
  to   space 69888K,   0% used [0x00007f19ea840000, 0x00007f19ea840000, 0x00007f19eec80000)
 tenured generation   total 1398144K, used 1062180K [0x00007f1f1db50000, 0x00007f1f730b0000, 0x00007f29c8600000)
   the space 1398144K,  75% used [0x00007f1f1db50000, 0x00007f1f5e899238, 0x00007f1f5e899400, 0x00007f1f730b0000)
 Metaspace       used 23178K, capacity 23580K, committed 23808K, reserved 24576K
}
Event: 8.163 GC heap before
{Heap before GC invocations=4 (full 1):
 def new generation   total 629248K, used 1055K [0x00007f19c8600000, 0x00007f19f30c0000, 0x00007f1f1db50000)
  eden space 559360K,   0% used [0x00007f19c8600000, 0x00007f19c8600000, 0x00007f19ea840000)
  from space 69888K,   1% used [0x00007f19eec80000, 0x00007f19eed87fe0, 0x00007f19f30c0000)
  to   space 69888K,   0% used [0x00007f19ea840000, 0x00007f19ea840000, 0x00007f19eec80000)
 tenured generation   total 1398144K, used 1062180K [0x00007f1f1db50000, 0x00007f1f730b0000, 0x00007f29c8600000)
   the space 1398144K,  75% used [0x00007f1f1db50000, 0x00007f1f5e899238, 0x00007f1f5e899400, 0x00007f1f730b0000)
 Metaspace       used 23178K, capacity 23580K, committed 23808K, reserved 24576K
}
Event: 8.200 GC heap after
{Heap after GC invocations=4 (full 2):
 def new generation   total 797504K, used 0K [0x00007f19c8600000, 0x00007f19fe750000, 0x00007f1f1db50000)
  eden space 708928K,   0% used [0x00007f19c8600000, 0x00007f19c8600000, 0x00007f19f3a50000)
  from space 88576K,   0% used [0x00007f19f3a50000, 0x00007f19f3a50000, 0x00007f19f90d0000)
  to   space 88576K,   0% used [0x00007f19f90d0000, 0x00007f19f90d0000, 0x00007f19fe750000)
 tenured generation   total 1772052K, used 1063230K [0x00007f1f1db50000, 0x00007f1f89dd5000, 0x00007f29c8600000)
   the space 1772052K,  59% used [0x00007f1f1db50000, 0x00007f1f5e99f9c8, 0x00007f1f5e99fa00, 0x00007f1f89dd5000)
 Metaspace       used 23178K, capacity 23580K, committed 23808K, reserved 24576K
}
Event: 9.153 GC heap before
{Heap before GC invocations=4 (full 2):
 def new generation   total 797504K, used 21149K [0x00007f19c8600000, 0x00007f19fe750000, 0x00007f1f1db50000)
  eden space 708928K,   2% used [0x00007f19c8600000, 0x00007f19c9aa7438, 0x00007f19f3a50000)
  from space 88576K,   0% used [0x00007f19f3a50000, 0x00007f19f3a50000, 0x00007f19f90d0000)
  to   space 88576K,   0% used [0x00007f19f90d0000, 0x00007f19f90d0000, 0x00007f19fe750000)
 tenured generation   total 2820632K, used 2111806K [0x00007f1f1db50000, 0x00007f1fc9dd6000, 0x00007f29c8600000)
   the space 2820632K,  74% used [0x00007f1f1db50000, 0x00007f1f9e99f9e0, 0x00007f1f9e99fa00, 0x00007f1fc9dd6000)
 Metaspace       used 23179K, capacity 23580K, committed 23808K, reserved 24576K
}
Event: 9.155 GC heap after
{Heap after GC invocations=5 (full 2):
 def new generation   total 797504K, used 0K [0x00007f19c8600000, 0x00007f19fe750000, 0x00007f1f1db50000)
  eden space 708928K,   0% used [0x00007f19c8600000, 0x00007f19c8600000, 0x00007f19f3a50000)
  from space 88576K,   0% used [0x00007f19f90d0000, 0x00007f19f90d02c8, 0x00007f19fe750000)
  to   space 88576K,   0% used [0x00007f19f3a50000, 0x00007f19f3a50000, 0x00007f19f90d0000)
 tenured generation   total 2820632K, used 2111806K [0x00007f1f1db50000, 0x00007f1fc9dd6000, 0x00007f29c8600000)
   the space 2820632K,  74% used [0x00007f1f1db50000, 0x00007f1f9e99f9e0, 0x00007f1f9e99fa00, 0x00007f1fc9dd6000)
 Metaspace       used 23179K, capacity 23580K, committed 23808K, reserved 24576K
}
Event: 9.155 GC heap before
{Heap before GC invocations=5 (full 2):
 def new generation   total 797504K, used 0K [0x00007f19c8600000, 0x00007f19fe750000, 0x00007f1f1db50000)
  eden space 708928K,   0% used [0x00007f19c8600000, 0x00007f19c8600000, 0x00007f19f3a50000)
  from space 88576K,   0% used [0x00007f19f90d0000, 0x00007f19f90d02c8, 0x00007f19fe750000)
  to   space 88576K,   0% used [0x00007f19f3a50000, 0x00007f19f3a50000, 0x00007f19f90d0000)
 tenured generation   total 2820632K, used 2111806K [0x00007f1f1db50000, 0x00007f1fc9dd6000, 0x00007f29c8600000)
   the space 2820632K,  74% used [0x00007f1f1db50000, 0x00007f1f9e99f9e0, 0x00007f1f9e99fa00, 0x00007f1fc9dd6000)
 Metaspace       used 23179K, capacity 23580K, committed 23808K, reserved 24576K
}
Event: 9.198 GC heap after
{Heap after GC invocations=5 (full 3):
 def new generation   total 1583936K, used 0K [0x00007f19c8600000, 0x00007f1a33ca0000, 0x00007f1f1db50000)
  eden space 1408000K,   0% used [0x00007f19c8600000, 0x00007f19c8600000, 0x00007f1a1e500000)
  from space 175936K,   0% used [0x00007f1a1e500000, 0x00007f1a1e500000, 0x00007f1a290d0000)
  to   space 175936K,   0% used [0x00007f1a290d0000, 0x00007f1a290d0000, 0x00007f1a33ca0000)
 tenured generation   total 3519680K, used 2111807K [0x00007f1f1db50000, 0x00007f1ff4880000, 0x00007f29c8600000)
   the space 3519680K,  59% used [0x00007f1f1db50000, 0x00007f1f9e99fca8, 0x00007f1f9e99fe00, 0x00007f1ff4880000)
 Metaspace       used 23179K, capacity 23580K, committed 23808K, reserved 24576K
}
Event: 20.494 GC heap before
{Heap before GC invocations=5 (full 3):
 def new generation   total 1583936K, used 27923K [0x00007f19c8600000, 0x00007f1a33ca0000, 0x00007f1f1db50000)
  eden space 1408000K,   1% used [0x00007f19c8600000, 0x00007f19ca144e78, 0x00007f1a1e500000)
  from space 175936K,   0% used [0x00007f1a1e500000, 0x00007f1a1e500000, 0x00007f1a290d0000)
  to   space 175936K,   0% used [0x00007f1a290d0000, 0x00007f1a290d0000, 0x00007f1a33ca0000)
 tenured generation   total 11908292K, used 10500415K [0x00007f1f1db50000, 0x00007f21f4881000, 0x00007f29c8600000)
   the space 11908292K,  88% used [0x00007f1f1db50000, 0x00007f219e99fcc0, 0x00007f219e99fe00, 0x00007f21f4881000)
 Metaspace       used 23179K, capacity 23580K, committed 23808K, reserved 24576K
}
Event: 20.500 GC heap after
{Heap after GC invocations=6 (full 3):
 def new generation   total 1583936K, used 0K [0x00007f19c8600000, 0x00007f1a33ca0000, 0x00007f1f1db50000)
  eden space 1408000K,   0% used [0x00007f19c8600000, 0x00007f19c8600000, 0x00007f1a1e500000)
  from space 175936K,   0% used [0x00007f1a290d0000, 0x00007f1a290d0160, 0x00007f1a33ca0000)
  to   space 175936K,   0% used [0x00007f1a1e500000, 0x00007f1a1e500000, 0x00007f1a290d0000)
 tenured generation   total 11908292K, used 10500415K [0x00007f1f1db50000, 0x00007f21f4881000, 0x00007f29c8600000)
   the space 11908292K,  88% used [0x00007f1f1db50000, 0x00007f219e99fcc0, 0x00007f219e99fe00, 0x00007f21f4881000)
 Metaspace       used 23179K, capacity 23580K, committed 23808K, reserved 24576K
}
Event: 20.500 GC heap before
{Heap before GC invocations=6 (full 3):
 def new generation   total 1583936K, used 0K [0x00007f19c8600000, 0x00007f1a33ca0000, 0x00007f1f1db50000)
  eden space 1408000K,   0% used [0x00007f19c8600000, 0x00007f19c8600000, 0x00007f1a1e500000)
  from space 175936K,   0% used [0x00007f1a290d0000, 0x00007f1a290d0160, 0x00007f1a33ca0000)
  to   space 175936K,   0% used [0x00007f1a1e500000, 0x00007f1a1e500000, 0x00007f1a290d0000)
 tenured generation   total 11908292K, used 10500415K [0x00007f1f1db50000, 0x00007f21f4881000, 0x00007f29c8600000)
   the space 11908292K,  88% used [0x00007f1f1db50000, 0x00007f219e99fcc0, 0x00007f219e99fe00, 0x00007f21f4881000)
 Metaspace       used 23179K, capacity 23580K, committed 23808K, reserved 24576K
}

