# JRE version: OpenJDK Runtime Environment (13.0.7+5) (build 13.0.7+5-Ubuntu-0ubuntu120.04)
# Java VM: OpenJDK 64-Bit Server VM (13.0.7+5-Ubuntu-0ubuntu120.04, mixed mode, tiered, serial gc, linux-amd64)
Heap:
 def new generation   total 1579968K, used 0K [0x00007f4bdc600000, 0x00007f4c47850000, 0x00007f5131b50000)
  eden space 1404480K,   0% used [0x00007f4bdc600000, 0x00007f4bdc600000, 0x00007f4c32190000)
  from space 175488K,   0% used [0x00007f4c32190000, 0x00007f4c32190000, 0x00007f4c3ccf0000)
  to   space 175488K,   0% used [0x00007f4c3ccf0000, 0x00007f4c3ccf0000, 0x00007f4c47850000)
 tenured generation   total 3510788K, used 2106472K [0x00007f5131b50000, 0x00007f5207fd1000, 0x00007f5bdc600000)
   the space 3510788K,  59% used [0x00007f5131b50000, 0x00007f51b246a090, 0x00007f51b246a200, 0x00007f5207fd1000)
 Metaspace       used 23245K, capacity 23612K, committed 23808K, reserved 24576K
GC Heap History (20 events):
Event: 12.335 GC heap before
{Heap before GC invocations=1 (full 1):
 def new generation   total 629248K, used 559360K [0x00007f4bdc600000, 0x00007f4c070c0000, 0x00007f5131b50000)
  eden space 559360K, 100% used [0x00007f4bdc600000, 0x00007f4bfe840000, 0x00007f4bfe840000)
  from space 69888K,   0% used [0x00007f4bfe840000, 0x00007f4bfe840000, 0x00007f4c02c80000)
  to   space 69888K,   0% used [0x00007f4c02c80000, 0x00007f4c02c80000, 0x00007f4c070c0000)
 tenured generation   total 1398144K, used 13580K [0x00007f5131b50000, 0x00007f51870b0000, 0x00007f5bdc600000)
   the space 1398144K,   0% used [0x00007f5131b50000, 0x00007f5132893390, 0x00007f5132893400, 0x00007f51870b0000)
 Metaspace       used 23016K, capacity 23332K, committed 23552K, reserved 24576K
}
Event: 12.346 GC heap after
{Heap after GC invocations=2 (full 1):
 def new generation   total 629248K, used 653K [0x00007f4bdc600000, 0x00007f4c070c0000, 0x00007f5131b50000)
  eden space 559360K,   0% used [0x00007f4bdc600000, 0x00007f4bdc600000, 0x00007f4bfe840000)
  from space 69888K,   0% used [0x00007f4c02c80000, 0x00007f4c02d23460, 0x00007f4c070c0000)
  to   space 69888K,   0% used [0x00007f4bfe840000, 0x00007f4bfe840000, 0x00007f4c02c80000)
 tenured generation   total 1398144K, used 13580K [0x00007f5131b50000, 0x00007f51870b0000, 0x00007f5bdc600000)
   the space 1398144K,   0% used [0x00007f5131b50000, 0x00007f5132893390, 0x00007f5132893400, 0x00007f51870b0000)
 Metaspace       used 23016K, capacity 23332K, committed 23552K, reserved 24576K
}
Event: 13.588 GC heap before
{Heap before GC invocations=2 (full 1):
 def new generation   total 629248K, used 560013K [0x00007f4bdc600000, 0x00007f4c070c0000, 0x00007f5131b50000)
  eden space 559360K, 100% used [0x00007f4bdc600000, 0x00007f4bfe840000, 0x00007f4bfe840000)
  from space 69888K,   0% used [0x00007f4c02c80000, 0x00007f4c02d23460, 0x00007f4c070c0000)
  to   space 69888K,   0% used [0x00007f4bfe840000, 0x00007f4bfe840000, 0x00007f4c02c80000)
 tenured generation   total 1398144K, used 13580K [0x00007f5131b50000, 0x00007f51870b0000, 0x00007f5bdc600000)
   the space 1398144K,   0% used [0x00007f5131b50000, 0x00007f5132893390, 0x00007f5132893400, 0x00007f51870b0000)
 Metaspace       used 23032K, capacity 23461K, committed 23552K, reserved 24576K
}
Event: 13.591 GC heap after
{Heap after GC invocations=3 (full 1):
 def new generation   total 629248K, used 901K [0x00007f4bdc600000, 0x00007f4c070c0000, 0x00007f5131b50000)
  eden space 559360K,   0% used [0x00007f4bdc600000, 0x00007f4bdc600000, 0x00007f4bfe840000)
  from space 69888K,   1% used [0x00007f4bfe840000, 0x00007f4bfe9215d0, 0x00007f4c02c80000)
  to   space 69888K,   0% used [0x00007f4c02c80000, 0x00007f4c02c80000, 0x00007f4c070c0000)
 tenured generation   total 1398144K, used 13580K [0x00007f5131b50000, 0x00007f51870b0000, 0x00007f5bdc600000)
   the space 1398144K,   0% used [0x00007f5131b50000, 0x00007f5132893390, 0x00007f5132893400, 0x00007f51870b0000)
 Metaspace       used 23032K, capacity 23461K, committed 23552K, reserved 24576K
}
Event: 14.869 GC heap before
{Heap before GC invocations=3 (full 1):
 def new generation   total 629248K, used 515897K [0x00007f4bdc600000, 0x00007f4c070c0000, 0x00007f5131b50000)
  eden space 559360K,  92% used [0x00007f4bdc600000, 0x00007f4bfbcecee8, 0x00007f4bfe840000)
  from space 69888K,   1% used [0x00007f4bfe840000, 0x00007f4bfe9215d0, 0x00007f4c02c80000)
  to   space 69888K,   0% used [0x00007f4c02c80000, 0x00007f4c02c80000, 0x00007f4c070c0000)
 tenured generation   total 1398144K, used 13580K [0x00007f5131b50000, 0x00007f51870b0000, 0x00007f5bdc600000)
   the space 1398144K,   0% used [0x00007f5131b50000, 0x00007f5132893390, 0x00007f5132893400, 0x00007f51870b0000)
 Metaspace       used 23232K, capacity 23612K, committed 23808K, reserved 24576K
}
Event: 15.673 GC heap after
{Heap after GC invocations=4 (full 1):
 def new generation   total 629248K, used 66587K [0x00007f4bdc600000, 0x00007f4c070c0000, 0x00007f5131b50000)
  eden space 559360K,   0% used [0x00007f4bdc600000, 0x00007f4bdc600000, 0x00007f4bfe840000)
  from space 69888K,  95% used [0x00007f4c02c80000, 0x00007f4c06d86fb0, 0x00007f4c070c0000)
  to   space 69888K,   0% used [0x00007f4bfe840000, 0x00007f4bfe840000, 0x00007f4c02c80000)
 tenured generation   total 1398144K, used 13580K [0x00007f5131b50000, 0x00007f51870b0000, 0x00007f5bdc600000)
   the space 1398144K,   0% used [0x00007f5131b50000, 0x00007f5132893390, 0x00007f5132893400, 0x00007f51870b0000)
 Metaspace       used 23232K, capacity 23612K, committed 23808K, reserved 24576K
}
Event: 16.019 GC heap before
{Heap before GC invocations=4 (full 1):
 def new generation   total 629248K, used 605430K [0x00007f4bdc600000, 0x00007f4c070c0000, 0x00007f5131b50000)
  eden space 559360K,  96% used [0x00007f4bdc600000, 0x00007f4bfd436b98, 0x00007f4bfe840000)
  from space 69888K,  95% used [0x00007f4c02c80000, 0x00007f4c06d86fb0, 0x00007f4c070c0000)
  to   space 69888K,   0% used [0x00007f4bfe840000, 0x00007f4bfe840000, 0x00007f4c02c80000)
 tenured generation   total 1398144K, used 13580K [0x00007f5131b50000, 0x00007f51870b0000, 0x00007f5bdc600000)
   the space 1398144K,   0% used [0x00007f5131b50000, 0x00007f5132893390, 0x00007f5132893400, 0x00007f51870b0000)
 Metaspace       used 23235K, capacity 23612K, committed 23808K, reserved 24576K
}
Event: 19.972 GC heap after
{Heap after GC invocations=5 (full 1):
 def new generation   total 629248K, used 65536K [0x00007f4bdc600000, 0x00007f4c070c0000, 0x00007f5131b50000)
  eden space 559360K,   0% used [0x00007f4bdc600000, 0x00007f4bdc600000, 0x00007f4bfe840000)
  from space 69888K,  93% used [0x00007f4bfe840000, 0x00007f4c028401e8, 0x00007f4c02c80000)
  to   space 69888K,   0% used [0x00007f4c02c80000, 0x00007f4c02c80000, 0x00007f4c070c0000)
 tenured generation   total 1398144K, used 14631K [0x00007f5131b50000, 0x00007f51870b0000, 0x00007f5bdc600000)
   the space 1398144K,   1% used [0x00007f5131b50000, 0x00007f5132999dc8, 0x00007f5132999e00, 0x00007f51870b0000)
 Metaspace       used 23235K, capacity 23612K, committed 23808K, reserved 24576K
}
Event: 20.186 GC heap before
{Heap before GC invocations=5 (full 1):
 def new generation   total 629248K, used 371139K [0x00007f4bdc600000, 0x00007f4c070c0000, 0x00007f5131b50000)
  eden space 559360K,  54% used [0x00007f4bdc600000, 0x00007f4bef070aa8, 0x00007f4bfe840000)
  from space 69888K,  93% used [0x00007f4bfe840000, 0x00007f4c028401e8, 0x00007f4c02c80000)
  to   space 69888K,   0% used [0x00007f4c02c80000, 0x00007f4c02c80000, 0x00007f4c070c0000)
 tenured generation   total 1398144K, used 14631K [0x00007f5131b50000, 0x00007f51870b0000, 0x00007f5bdc600000)
   the space 1398144K,   1% used [0x00007f5131b50000, 0x00007f5132999dc8, 0x00007f5132999e00, 0x00007f51870b0000)
 Metaspace       used 23245K, capacity 23612K, committed 23808K, reserved 24576K
}
Event: 20.320 GC heap after
{Heap after GC invocations=6 (full 1):
 def new generation   total 629248K, used 69725K [0x00007f4bdc600000, 0x00007f4c070c0000, 0x00007f5131b50000)
  eden space 559360K,   0% used [0x00007f4bdc600000, 0x00007f4bdc600000, 0x00007f4bfe840000)
  from space 69888K,  99% used [0x00007f4c02c80000, 0x00007f4c07097658, 0x00007f4c070c0000)
  to   space 69888K,   0% used [0x00007f4bfe840000, 0x00007f4bfe840000, 0x00007f4c02c80000)
 tenured generation   total 1398144K, used 146727K [0x00007f5131b50000, 0x00007f51870b0000, 0x00007f5bdc600000)
   the space 1398144K,  10% used [0x00007f5131b50000, 0x00007f513aa99f68, 0x00007f513aa9a000, 0x00007f51870b0000)
 Metaspace       used 23245K, capacity 23612K, committed 23808K, reserved 24576K
}
Event: 20.320 GC heap before
{Heap before GC invocations=6 (full 1):
 def new generation   total 629248K, used 69725K [0x00007f4bdc600000, 0x00007f4c070c0000, 0x00007f5131b50000)
  eden space 559360K,   0% used [0x00007f4bdc600000, 0x00007f4bdc600000, 0x00007f4bfe840000)
  from space 69888K,  99% used [0x00007f4c02c80000, 0x00007f4c07097658, 0x00007f4c070c0000)
  to   space 69888K,   0% used [0x00007f4bfe840000, 0x00007f4bfe840000, 0x00007f4c02c80000)
 tenured generation   total 1398144K, used 146727K [0x00007f5131b50000, 0x00007f51870b0000, 0x00007f5bdc600000)
   the space 1398144K,  10% used [0x00007f5131b50000, 0x00007f513aa99f68, 0x00007f513aa9a000, 0x00007f51870b0000)
 Metaspace       used 23245K, capacity 23612K, committed 23808K, reserved 24576K
}
Event: 20.385 GC heap after
{Heap after GC invocations=6 (full 2):
 def new generation   total 629248K, used 0K [0x00007f4bdc600000, 0x00007f4c070c0000, 0x00007f5131b50000)
  eden space 559360K,   0% used [0x00007f4bdc600000, 0x00007f4bdc600000, 0x00007f4bfe840000)
  from space 69888K,   0% used [0x00007f4c02c80000, 0x00007f4c02c80000, 0x00007f4c070c0000)
  to   space 69888K,   0% used [0x00007f4bfe840000, 0x00007f4bfe840000, 0x00007f4c02c80000)
 tenured generation   total 1398144K, used 146815K [0x00007f5131b50000, 0x00007f51870b0000, 0x00007f5bdc600000)
   the space 1398144K,  10% used [0x00007f5131b50000, 0x00007f513aaaff40, 0x00007f513aab0000, 0x00007f51870b0000)
 Metaspace       used 23245K, capacity 23612K, committed 23808K, reserved 24576K
}
Event: 24.658 GC heap before
{Heap before GC invocations=6 (full 2):
 def new generation   total 629248K, used 10910K [0x00007f4bdc600000, 0x00007f4c070c0000, 0x00007f5131b50000)
  eden space 559360K,   1% used [0x00007f4bdc600000, 0x00007f4bdd0a7858, 0x00007f4bfe840000)
  from space 69888K,   0% used [0x00007f4c02c80000, 0x00007f4c02c80000, 0x00007f4c070c0000)
  to   space 69888K,   0% used [0x00007f4bfe840000, 0x00007f4bfe840000, 0x00007f4c02c80000)
 tenured generation   total 3495300K, used 3292543K [0x00007f5131b50000, 0x00007f52070b1000, 0x00007f5bdc600000)
   the space 3495300K,  94% used [0x00007f5131b50000, 0x00007f51faaaff70, 0x00007f51faab0000, 0x00007f52070b1000)
 Metaspace       used 23245K, capacity 23612K, committed 23808K, reserved 24576K
}
Event: 24.661 GC heap after
{Heap after GC invocations=7 (full 2):
 def new generation   total 629248K, used 0K [0x00007f4bdc600000, 0x00007f4c070c0000, 0x00007f5131b50000)
  eden space 559360K,   0% used [0x00007f4bdc600000, 0x00007f4bdc600000, 0x00007f4bfe840000)
  from space 69888K,   0% used [0x00007f4bfe840000, 0x00007f4bfe8403c0, 0x00007f4c02c80000)
  to   space 69888K,   0% used [0x00007f4c02c80000, 0x00007f4c02c80000, 0x00007f4c070c0000)
 tenured generation   total 3495300K, used 3292543K [0x00007f5131b50000, 0x00007f52070b1000, 0x00007f5bdc600000)
   the space 3495300K,  94% used [0x00007f5131b50000, 0x00007f51faaaff70, 0x00007f51faab0000, 0x00007f52070b1000)
 Metaspace       used 23245K, capacity 23612K, committed 23808K, reserved 24576K
}
Event: 24.661 GC heap before
{Heap before GC invocations=7 (full 2):
 def new generation   total 629248K, used 0K [0x00007f4bdc600000, 0x00007f4c070c0000, 0x00007f5131b50000)
  eden space 559360K,   0% used [0x00007f4bdc600000, 0x00007f4bdc600000, 0x00007f4bfe840000)
  from space 69888K,   0% used [0x00007f4bfe840000, 0x00007f4bfe8403c0, 0x00007f4c02c80000)
  to   space 69888K,   0% used [0x00007f4c02c80000, 0x00007f4c02c80000, 0x00007f4c070c0000)
 tenured generation   total 3495300K, used 3292543K [0x00007f5131b50000, 0x00007f52070b1000, 0x00007f5bdc600000)
   the space 3495300K,  94% used [0x00007f5131b50000, 0x00007f51faaaff70, 0x00007f51faab0000, 0x00007f52070b1000)
 Metaspace       used 23245K, capacity 23612K, committed 23808K, reserved 24576K
}
Event: 25.002 GC heap after
{Heap after GC invocations=7 (full 3):
 def new generation   total 1572992K, used 0K [0x00007f4bdc600000, 0x00007f4c470c0000, 0x00007f5131b50000)
  eden space 1398272K,   0% used [0x00007f4bdc600000, 0x00007f4bdc600000, 0x00007f4c31b80000)
  from space 174720K,   0% used [0x00007f4c31b80000, 0x00007f4c31b80000, 0x00007f4c3c620000)
  to   space 174720K,   0% used [0x00007f4c3c620000, 0x00007f4c3c620000, 0x00007f4c470c0000)
 tenured generation   total 3495300K, used 1195392K [0x00007f5131b50000, 0x00007f52070b1000, 0x00007f5bdc600000)
   the space 3495300K,  34% used [0x00007f5131b50000, 0x00007f517aab0318, 0x00007f517aab0400, 0x00007f52070b1000)
 Metaspace       used 23245K, capacity 23612K, committed 23808K, reserved 24576K
}
Event: 25.768 GC heap before
{Heap before GC invocations=7 (full 3):
 def new generation   total 1572992K, used 1075848K [0x00007f4bdc600000, 0x00007f4c470c0000, 0x00007f5131b50000)
  eden space 1398272K,  76% used [0x00007f4bdc600000, 0x00007f4c1e0a22e0, 0x00007f4c31b80000)
  from space 174720K,   0% used [0x00007f4c31b80000, 0x00007f4c31b80000, 0x00007f4c3c620000)
  to   space 174720K,   0% used [0x00007f4c3c620000, 0x00007f4c3c620000, 0x00007f4c470c0000)
 tenured generation   total 3495300K, used 1195392K [0x00007f5131b50000, 0x00007f52070b1000, 0x00007f5bdc600000)
   the space 3495300K,  34% used [0x00007f5131b50000, 0x00007f517aab0318, 0x00007f517aab0400, 0x00007f52070b1000)
 Metaspace       used 23245K, capacity 23612K, committed 23808K, reserved 24576K
}
Event: 26.084 GC heap after
{Heap after GC invocations=8 (full 3):
 def new generation   total 1572992K, used 0K [0x00007f4bdc600000, 0x00007f4c470c0000, 0x00007f5131b50000)
  eden space 1398272K,   0% used [0x00007f4bdc600000, 0x00007f4bdc600000, 0x00007f4c31b80000)
  from space 174720K,   0% used [0x00007f4c3c620000, 0x00007f4c3c620248, 0x00007f4c470c0000)
  to   space 174720K,   0% used [0x00007f4c31b80000, 0x00007f4c31b80000, 0x00007f4c3c620000)
 tenured generation   total 3495300K, used 2243968K [0x00007f5131b50000, 0x00007f52070b1000, 0x00007f5bdc600000)
   the space 3495300K,  64% used [0x00007f5131b50000, 0x00007f51baab0330, 0x00007f51baab0400, 0x00007f52070b1000)
 Metaspace       used 23245K, capacity 23612K, committed 23808K, reserved 24576K
}
Event: 26.084 GC heap before
{Heap before GC invocations=8 (full 3):
 def new generation   total 1572992K, used 0K [0x00007f4bdc600000, 0x00007f4c470c0000, 0x00007f5131b50000)
  eden space 1398272K,   0% used [0x00007f4bdc600000, 0x00007f4bdc600000, 0x00007f4c31b80000)
  from space 174720K,   0% used [0x00007f4c3c620000, 0x00007f4c3c620248, 0x00007f4c470c0000)
  to   space 174720K,   0% used [0x00007f4c31b80000, 0x00007f4c31b80000, 0x00007f4c3c620000)
 tenured generation   total 3495300K, used 2243968K [0x00007f5131b50000, 0x00007f52070b1000, 0x00007f5bdc600000)
   the space 3495300K,  64% used [0x00007f5131b50000, 0x00007f51baab0330, 0x00007f51baab0400, 0x00007f52070b1000)
 Metaspace       used 23245K, capacity 23612K, committed 23808K, reserved 24576K
}
Event: 26.906 GC heap after
{Heap after GC invocations=8 (full 4):
 def new generation   total 1579968K, used 0K [0x00007f4bdc600000, 0x00007f4c47850000, 0x00007f5131b50000)
  eden space 1404480K,   0% used [0x00007f4bdc600000, 0x00007f4bdc600000, 0x00007f4c32190000)
  from space 175488K,   0% used [0x00007f4c32190000, 0x00007f4c32190000, 0x00007f4c3ccf0000)
  to   space 175488K,   0% used [0x00007f4c3ccf0000, 0x00007f4c3ccf0000, 0x00007f4c47850000)
 tenured generation   total 3510788K, used 2106472K [0x00007f5131b50000, 0x00007f5207fd1000, 0x00007f5bdc600000)
   the space 3510788K,  59% used [0x00007f5131b50000, 0x00007f51b246a090, 0x00007f51b246a200, 0x00007f5207fd1000)
 Metaspace       used 23245K, capacity 23612K, committed 23808K, reserved 24576K
}

