# JRE version: OpenJDK Runtime Environment (13.0.7+5) (build 13.0.7+5-Ubuntu-0ubuntu120.04)
# Java VM: OpenJDK 64-Bit Server VM (13.0.7+5-Ubuntu-0ubuntu120.04, mixed mode, tiered, serial gc, linux-amd64)
Heap:
 def new generation   total 13184896K, used 0K [0x00007fbaac600000, 0x00007fbe2a880000, 0x00007fc001b50000)
  eden space 11719936K,   0% used [0x00007fbaac600000, 0x00007fbaac600000, 0x00007fbd77b40000)
  from space 1464960K,   0% used [0x00007fbd77b40000, 0x00007fbd77b40000, 0x00007fbdd11e0000)
  to   space 1464960K,   0% used [0x00007fbdd11e0000, 0x00007fbdd11e0000, 0x00007fbe2a880000)
 tenured generation   total 29757320K, used 23478153K [0x00007fc001b50000, 0x00007fc719f32000, 0x00007fcaac600000)
   the space 29757320K,  78% used [0x00007fc001b50000, 0x00007fc59ab32618, 0x00007fc59ab32800, 0x00007fc719f32000)
 Metaspace       used 30579K, capacity 31044K, committed 31232K, reserved 32768K
GC Heap History (20 events):
Event: 1054.429 GC heap after
{Heap after GC invocations=90 (full 6):
 def new generation   total 8016832K, used 575329K [0x00007fbaac600000, 0x00007fbccc0d0000, 0x00007fc001b50000)
  eden space 7126080K,   0% used [0x00007fbaac600000, 0x00007fbaac600000, 0x00007fbc5f510000)
  from space 890752K,  64% used [0x00007fbc5f510000, 0x00007fbc826e8600, 0x00007fbc95af0000)
  to   space 890752K,   0% used [0x00007fbc95af0000, 0x00007fbc95af0000, 0x00007fbccc0d0000)
 tenured generation   total 18164172K, used 18164049K [0x00007fc001b50000, 0x00007fc4565c3000, 0x00007fcaac600000)
   the space 18164172K,  99% used [0x00007fc001b50000, 0x00007fc4565a4600, 0x00007fc4565a4600, 0x00007fc4565c3000)
 Metaspace       used 30579K, capacity 31044K, committed 31232K, reserved 32768K
}
Event: 1054.429 GC heap before
{Heap before GC invocations=90 (full 6):
 def new generation   total 8016832K, used 575329K [0x00007fbaac600000, 0x00007fbccc0d0000, 0x00007fc001b50000)
  eden space 7126080K,   0% used [0x00007fbaac600000, 0x00007fbaac600000, 0x00007fbc5f510000)
  from space 890752K,  64% used [0x00007fbc5f510000, 0x00007fbc826e8600, 0x00007fbc95af0000)
  to   space 890752K,   0% used [0x00007fbc95af0000, 0x00007fbc95af0000, 0x00007fbccc0d0000)
 tenured generation   total 18164172K, used 18164049K [0x00007fc001b50000, 0x00007fc4565c3000, 0x00007fcaac600000)
   the space 18164172K,  99% used [0x00007fc001b50000, 0x00007fc4565a4600, 0x00007fc4565a4600, 0x00007fc4565c3000)
 Metaspace       used 30579K, capacity 31044K, committed 31232K, reserved 32768K
}
Event: 1076.682 GC heap after
{Heap after GC invocations=90 (full 7):
 def new generation   total 13184896K, used 0K [0x00007fbaac600000, 0x00007fbe2a880000, 0x00007fc001b50000)
  eden space 11719936K,   0% used [0x00007fbaac600000, 0x00007fbaac600000, 0x00007fbd77b40000)
  from space 1464960K,   0% used [0x00007fbd77b40000, 0x00007fbd77b40000, 0x00007fbdd11e0000)
  to   space 1464960K,   0% used [0x00007fbdd11e0000, 0x00007fbdd11e0000, 0x00007fbe2a880000)
 tenured generation   total 29299592K, used 17579753K [0x00007fc001b50000, 0x00007fc6fe032000, 0x00007fcaac600000)
   the space 29299592K,  59% used [0x00007fc001b50000, 0x00007fc432b0a7c0, 0x00007fc432b0a800, 0x00007fc6fe032000)
 Metaspace       used 30579K, capacity 31044K, committed 31232K, reserved 32768K
}
Event: 1080.718 GC heap before
{Heap before GC invocations=90 (full 7):
 def new generation   total 13184896K, used 11719936K [0x00007fbaac600000, 0x00007fbe2a880000, 0x00007fc001b50000)
  eden space 11719936K, 100% used [0x00007fbaac600000, 0x00007fbd77b40000, 0x00007fbd77b40000)
  from space 1464960K,   0% used [0x00007fbd77b40000, 0x00007fbd77b40000, 0x00007fbdd11e0000)
  to   space 1464960K,   0% used [0x00007fbdd11e0000, 0x00007fbdd11e0000, 0x00007fbe2a880000)
 tenured generation   total 29299592K, used 17579753K [0x00007fc001b50000, 0x00007fc6fe032000, 0x00007fcaac600000)
   the space 29299592K,  59% used [0x00007fc001b50000, 0x00007fc432b0a7c0, 0x00007fc432b0a800, 0x00007fc6fe032000)
 Metaspace       used 30579K, capacity 31044K, committed 31232K, reserved 32768K
}
Event: 1082.789 GC heap after
{Heap after GC invocations=91 (full 7):
 def new generation   total 13184896K, used 928419K [0x00007fbaac600000, 0x00007fbe2a880000, 0x00007fc001b50000)
  eden space 11719936K,   0% used [0x00007fbaac600000, 0x00007fbaac600000, 0x00007fbd77b40000)
  from space 1464960K,  63% used [0x00007fbdd11e0000, 0x00007fbe09c88fb0, 0x00007fbe2a880000)
  to   space 1464960K,   0% used [0x00007fbd77b40000, 0x00007fbd77b40000, 0x00007fbdd11e0000)
 tenured generation   total 29299592K, used 17579753K [0x00007fc001b50000, 0x00007fc6fe032000, 0x00007fcaac600000)
   the space 29299592K,  59% used [0x00007fc001b50000, 0x00007fc432b0a7c0, 0x00007fc432b0a800, 0x00007fc6fe032000)
 Metaspace       used 30579K, capacity 31044K, committed 31232K, reserved 32768K
}
Event: 1085.971 GC heap before
{Heap before GC invocations=91 (full 7):
 def new generation   total 13184896K, used 12648355K [0x00007fbaac600000, 0x00007fbe2a880000, 0x00007fc001b50000)
  eden space 11719936K, 100% used [0x00007fbaac600000, 0x00007fbd77b40000, 0x00007fbd77b40000)
  from space 1464960K,  63% used [0x00007fbdd11e0000, 0x00007fbe09c88fb0, 0x00007fbe2a880000)
  to   space 1464960K,   0% used [0x00007fbd77b40000, 0x00007fbd77b40000, 0x00007fbdd11e0000)
 tenured generation   total 29299592K, used 17579753K [0x00007fc001b50000, 0x00007fc6fe032000, 0x00007fcaac600000)
   the space 29299592K,  59% used [0x00007fc001b50000, 0x00007fc432b0a7c0, 0x00007fc432b0a800, 0x00007fc6fe032000)
 Metaspace       used 30579K, capacity 31044K, committed 31232K, reserved 32768K
}
Event: 1088.769 GC heap after
{Heap after GC invocations=92 (full 7):
 def new generation   total 13184896K, used 966344K [0x00007fbaac600000, 0x00007fbe2a880000, 0x00007fc001b50000)
  eden space 11719936K,   0% used [0x00007fbaac600000, 0x00007fbaac600000, 0x00007fbd77b40000)
  from space 1464960K,  65% used [0x00007fbd77b40000, 0x00007fbdb2af23b0, 0x00007fbdd11e0000)
  to   space 1464960K,   0% used [0x00007fbdd11e0000, 0x00007fbdd11e0000, 0x00007fbe2a880000)
 tenured generation   total 29299592K, used 18508173K [0x00007fc001b50000, 0x00007fc6fe032000, 0x00007fcaac600000)
   the space 29299592K,  63% used [0x00007fc001b50000, 0x00007fc46b5b34f0, 0x00007fc46b5b3600, 0x00007fc6fe032000)
 Metaspace       used 30579K, capacity 31044K, committed 31232K, reserved 32768K
}
Event: 1091.896 GC heap before
{Heap before GC invocations=92 (full 7):
 def new generation   total 13184896K, used 12686280K [0x00007fbaac600000, 0x00007fbe2a880000, 0x00007fc001b50000)
  eden space 11719936K, 100% used [0x00007fbaac600000, 0x00007fbd77b40000, 0x00007fbd77b40000)
  from space 1464960K,  65% used [0x00007fbd77b40000, 0x00007fbdb2af23b0, 0x00007fbdd11e0000)
  to   space 1464960K,   0% used [0x00007fbdd11e0000, 0x00007fbdd11e0000, 0x00007fbe2a880000)
 tenured generation   total 29299592K, used 18508173K [0x00007fc001b50000, 0x00007fc6fe032000, 0x00007fcaac600000)
   the space 29299592K,  63% used [0x00007fc001b50000, 0x00007fc46b5b34f0, 0x00007fc46b5b3600, 0x00007fc6fe032000)
 Metaspace       used 30579K, capacity 31044K, committed 31232K, reserved 32768K
}
Event: 1094.609 GC heap after
{Heap after GC invocations=93 (full 7):
 def new generation   total 13184896K, used 972838K [0x00007fbaac600000, 0x00007fbe2a880000, 0x00007fc001b50000)
  eden space 11719936K,   0% used [0x00007fbaac600000, 0x00007fbaac600000, 0x00007fbd77b40000)
  from space 1464960K,  66% used [0x00007fbdd11e0000, 0x00007fbe0c7e9980, 0x00007fbe2a880000)
  to   space 1464960K,   0% used [0x00007fbd77b40000, 0x00007fbd77b40000, 0x00007fbdd11e0000)
 tenured generation   total 29299592K, used 19474517K [0x00007fc001b50000, 0x00007fc6fe032000, 0x00007fcaac600000)
   the space 29299592K,  66% used [0x00007fc001b50000, 0x00007fc4a65657e0, 0x00007fc4a6565800, 0x00007fc6fe032000)
 Metaspace       used 30579K, capacity 31044K, committed 31232K, reserved 32768K
}
Event: 1097.680 GC heap before
{Heap before GC invocations=93 (full 7):
 def new generation   total 13184896K, used 12692774K [0x00007fbaac600000, 0x00007fbe2a880000, 0x00007fc001b50000)
  eden space 11719936K, 100% used [0x00007fbaac600000, 0x00007fbd77b40000, 0x00007fbd77b40000)
  from space 1464960K,  66% used [0x00007fbdd11e0000, 0x00007fbe0c7e9980, 0x00007fbe2a880000)
  to   space 1464960K,   0% used [0x00007fbd77b40000, 0x00007fbd77b40000, 0x00007fbdd11e0000)
 tenured generation   total 29299592K, used 19474517K [0x00007fc001b50000, 0x00007fc6fe032000, 0x00007fcaac600000)
   the space 29299592K,  66% used [0x00007fc001b50000, 0x00007fc4a65657e0, 0x00007fc4a6565800, 0x00007fc6fe032000)
 Metaspace       used 30579K, capacity 31044K, committed 31232K, reserved 32768K
}
Event: 1100.456 GC heap after
{Heap after GC invocations=94 (full 7):
 def new generation   total 13184896K, used 975348K [0x00007fbaac600000, 0x00007fbe2a880000, 0x00007fc001b50000)
  eden space 11719936K,   0% used [0x00007fbaac600000, 0x00007fbaac600000, 0x00007fbd77b40000)
  from space 1464960K,  66% used [0x00007fbd77b40000, 0x00007fbdb33bd320, 0x00007fbdd11e0000)
  to   space 1464960K,   0% used [0x00007fbdd11e0000, 0x00007fbdd11e0000, 0x00007fbe2a880000)
 tenured generation   total 29299592K, used 20447355K [0x00007fc001b50000, 0x00007fc6fe032000, 0x00007fcaac600000)
   the space 29299592K,  69% used [0x00007fc001b50000, 0x00007fc4e1b6ef70, 0x00007fc4e1b6f000, 0x00007fc6fe032000)
 Metaspace       used 30579K, capacity 31044K, committed 31232K, reserved 32768K
}
Event: 1103.637 GC heap before
{Heap before GC invocations=94 (full 7):
 def new generation   total 13184896K, used 12695284K [0x00007fbaac600000, 0x00007fbe2a880000, 0x00007fc001b50000)
  eden space 11719936K, 100% used [0x00007fbaac600000, 0x00007fbd77b40000, 0x00007fbd77b40000)
  from space 1464960K,  66% used [0x00007fbd77b40000, 0x00007fbdb33bd320, 0x00007fbdd11e0000)
  to   space 1464960K,   0% used [0x00007fbdd11e0000, 0x00007fbdd11e0000, 0x00007fbe2a880000)
 tenured generation   total 29299592K, used 20447355K [0x00007fc001b50000, 0x00007fc6fe032000, 0x00007fcaac600000)
   the space 29299592K,  69% used [0x00007fc001b50000, 0x00007fc4e1b6ef70, 0x00007fc4e1b6f000, 0x00007fc6fe032000)
 Metaspace       used 30579K, capacity 31044K, committed 31232K, reserved 32768K
}
Event: 1106.328 GC heap after
{Heap after GC invocations=95 (full 7):
 def new generation   total 13184896K, used 965816K [0x00007fbaac600000, 0x00007fbe2a880000, 0x00007fc001b50000)
  eden space 11719936K,   0% used [0x00007fbaac600000, 0x00007fbaac600000, 0x00007fbd77b40000)
  from space 1464960K,  65% used [0x00007fbdd11e0000, 0x00007fbe0c10e2a0, 0x00007fbe2a880000)
  to   space 1464960K,   0% used [0x00007fbd77b40000, 0x00007fbd77b40000, 0x00007fbdd11e0000)
 tenured generation   total 29299592K, used 21422704K [0x00007fc001b50000, 0x00007fc6fe032000, 0x00007fcaac600000)
   the space 29299592K,  73% used [0x00007fc001b50000, 0x00007fc51d3ec190, 0x00007fc51d3ec200, 0x00007fc6fe032000)
 Metaspace       used 30579K, capacity 31044K, committed 31232K, reserved 32768K
}
Event: 1109.491 GC heap before
{Heap before GC invocations=95 (full 7):
 def new generation   total 13184896K, used 12685752K [0x00007fbaac600000, 0x00007fbe2a880000, 0x00007fc001b50000)
  eden space 11719936K, 100% used [0x00007fbaac600000, 0x00007fbd77b40000, 0x00007fbd77b40000)
  from space 1464960K,  65% used [0x00007fbdd11e0000, 0x00007fbe0c10e2a0, 0x00007fbe2a880000)
  to   space 1464960K,   0% used [0x00007fbd77b40000, 0x00007fbd77b40000, 0x00007fbdd11e0000)
 tenured generation   total 29299592K, used 21422704K [0x00007fc001b50000, 0x00007fc6fe032000, 0x00007fcaac600000)
   the space 29299592K,  73% used [0x00007fc001b50000, 0x00007fc51d3ec190, 0x00007fc51d3ec200, 0x00007fc6fe032000)
 Metaspace       used 30579K, capacity 31044K, committed 31232K, reserved 32768K
}
Event: 1112.146 GC heap after
{Heap after GC invocations=96 (full 7):
 def new generation   total 13184896K, used 946692K [0x00007fbaac600000, 0x00007fbe2a880000, 0x00007fc001b50000)
  eden space 11719936K,   0% used [0x00007fbaac600000, 0x00007fbaac600000, 0x00007fbd77b40000)
  from space 1464960K,  64% used [0x00007fbd77b40000, 0x00007fbdb17c1220, 0x00007fbdd11e0000)
  to   space 1464960K,   0% used [0x00007fbdd11e0000, 0x00007fbdd11e0000, 0x00007fbe2a880000)
 tenured generation   total 29299592K, used 22388520K [0x00007fc001b50000, 0x00007fc6fe032000, 0x00007fcaac600000)
   the space 29299592K,  76% used [0x00007fc001b50000, 0x00007fc55831a260, 0x00007fc55831a400, 0x00007fc6fe032000)
 Metaspace       used 30579K, capacity 31044K, committed 31232K, reserved 32768K
}
Event: 1115.243 GC heap before
{Heap before GC invocations=96 (full 7):
 def new generation   total 13184896K, used 12666628K [0x00007fbaac600000, 0x00007fbe2a880000, 0x00007fc001b50000)
  eden space 11719936K, 100% used [0x00007fbaac600000, 0x00007fbd77b40000, 0x00007fbd77b40000)
  from space 1464960K,  64% used [0x00007fbd77b40000, 0x00007fbdb17c1220, 0x00007fbdd11e0000)
  to   space 1464960K,   0% used [0x00007fbdd11e0000, 0x00007fbdd11e0000, 0x00007fbe2a880000)
 tenured generation   total 29299592K, used 22388520K [0x00007fc001b50000, 0x00007fc6fe032000, 0x00007fcaac600000)
   the space 29299592K,  76% used [0x00007fc001b50000, 0x00007fc55831a260, 0x00007fc55831a400, 0x00007fc6fe032000)
 Metaspace       used 30579K, capacity 31044K, committed 31232K, reserved 32768K
}
Event: 1117.936 GC heap after
{Heap after GC invocations=97 (full 7):
 def new generation   total 13184896K, used 967452K [0x00007fbaac600000, 0x00007fbe2a880000, 0x00007fc001b50000)
  eden space 11719936K,   0% used [0x00007fbaac600000, 0x00007fbaac600000, 0x00007fbd77b40000)
  from space 1464960K,  66% used [0x00007fbdd11e0000, 0x00007fbe0c2a72e0, 0x00007fbe2a880000)
  to   space 1464960K,   0% used [0x00007fbd77b40000, 0x00007fbd77b40000, 0x00007fbdd11e0000)
 tenured generation   total 29299592K, used 23335213K [0x00007fc001b50000, 0x00007fc6fe032000, 0x00007fcaac600000)
   the space 29299592K,  79% used [0x00007fc001b50000, 0x00007fc591f9b480, 0x00007fc591f9b600, 0x00007fc6fe032000)
 Metaspace       used 30579K, capacity 31044K, committed 31232K, reserved 32768K
}
Event: 1282.611 GC heap before
{Heap before GC invocations=97 (full 7):
 def new generation   total 13184896K, used 12687388K [0x00007fbaac600000, 0x00007fbe2a880000, 0x00007fc001b50000)
  eden space 11719936K, 100% used [0x00007fbaac600000, 0x00007fbd77b40000, 0x00007fbd77b40000)
  from space 1464960K,  66% used [0x00007fbdd11e0000, 0x00007fbe0c2a72e0, 0x00007fbe2a880000)
  to   space 1464960K,   0% used [0x00007fbd77b40000, 0x00007fbd77b40000, 0x00007fbdd11e0000)
 tenured generation   total 29299592K, used 23335213K [0x00007fc001b50000, 0x00007fc6fe032000, 0x00007fcaac600000)
   the space 29299592K,  79% used [0x00007fc001b50000, 0x00007fc591f9b480, 0x00007fc591f9b600, 0x00007fc6fe032000)
 Metaspace       used 30579K, capacity 31044K, committed 31232K, reserved 32768K
}
Event: 1297.933 GC heap after
{Heap after GC invocations=98 (full 7):
 def new generation   total 13184896K, used 1464959K [0x00007fbaac600000, 0x00007fbe2a880000, 0x00007fc001b50000)
  eden space 11719936K,   0% used [0x00007fbaac600000, 0x00007fbaac600000, 0x00007fbd77b40000)
  from space 1464960K,  99% used [0x00007fbd77b40000, 0x00007fbdd11dfff0, 0x00007fbdd11e0000)
  to   space 1464960K,   0% used [0x00007fbdd11e0000, 0x00007fbdd11e0000, 0x00007fbe2a880000)
 tenured generation   total 29757320K, used 29757183K [0x00007fc001b50000, 0x00007fc719f32000, 0x00007fcaac600000)
   the space 29757320K,  99% used [0x00007fc001b50000, 0x00007fc719f0ff70, 0x00007fc719f10000, 0x00007fc719f32000)
 Metaspace       used 30579K, capacity 31044K, committed 31232K, reserved 32768K
}
Event: 1297.933 GC heap before
{Heap before GC invocations=98 (full 7):
 def new generation   total 13184896K, used 1464959K [0x00007fbaac600000, 0x00007fbe2a880000, 0x00007fc001b50000)
  eden space 11719936K,   0% used [0x00007fbaac600000, 0x00007fbaac600000, 0x00007fbd77b40000)
  from space 1464960K,  99% used [0x00007fbd77b40000, 0x00007fbdd11dfff0, 0x00007fbdd11e0000)
  to   space 1464960K,   0% used [0x00007fbdd11e0000, 0x00007fbdd11e0000, 0x00007fbe2a880000)
 tenured generation   total 29757320K, used 29757183K [0x00007fc001b50000, 0x00007fc719f32000, 0x00007fcaac600000)
   the space 29757320K,  99% used [0x00007fc001b50000, 0x00007fc719f0ff70, 0x00007fc719f10000, 0x00007fc719f32000)
 Metaspace       used 30579K, capacity 31044K, committed 31232K, reserved 32768K
}

