# JRE version: OpenJDK Runtime Environment (13.0.7+5) (build 13.0.7+5-Ubuntu-0ubuntu120.04)
# Java VM: OpenJDK 64-Bit Server VM (13.0.7+5-Ubuntu-0ubuntu120.04, mixed mode, tiered, serial gc, linux-amd64)
Heap:
 def new generation   total 3460416K, used 0K [0x00007f0e88600000, 0x00007f0f730c0000, 0x00007f13ddb50000)
  eden space 3075968K,   0% used [0x00007f0e88600000, 0x00007f0e88600000, 0x00007f0f441e0000)
  from space 384448K,   0% used [0x00007f0f441e0000, 0x00007f0f441e0000, 0x00007f0f5b950000)
  to   space 384448K,   0% used [0x00007f0f5b950000, 0x00007f0f5b950000, 0x00007f0f730c0000)
 tenured generation   total 7689608K, used 4204368K [0x00007f13ddb50000, 0x00007f15b30b2000, 0x00007f1e88600000)
   the space 7689608K,  54% used [0x00007f13ddb50000, 0x00007f14de5242d8, 0x00007f14de524400, 0x00007f15b30b2000)
 Metaspace       used 23387K, capacity 23818K, committed 24064K, reserved 24576K
GC Heap History (20 events):
Event: 10.025 GC heap before
{Heap before GC invocations=11 (full 2):
 def new generation   total 629248K, used 560725K [0x00007f0e88600000, 0x00007f0eb30c0000, 0x00007f13ddb50000)
  eden space 559360K, 100% used [0x00007f0e88600000, 0x00007f0eaa840000, 0x00007f0eaa840000)
  from space 69888K,   1% used [0x00007f0eaa840000, 0x00007f0eaa995608, 0x00007f0eaec80000)
  to   space 69888K,   0% used [0x00007f0eaec80000, 0x00007f0eaec80000, 0x00007f0eb30c0000)
 tenured generation   total 3495300K, used 2112016K [0x00007f13ddb50000, 0x00007f14b30b1000, 0x00007f1e88600000)
   the space 3495300K,  60% used [0x00007f13ddb50000, 0x00007f145e9d41e8, 0x00007f145e9d4200, 0x00007f14b30b1000)
 Metaspace       used 23374K, capacity 23690K, committed 23808K, reserved 24576K
}
Event: 10.030 GC heap after
{Heap after GC invocations=12 (full 2):
 def new generation   total 629248K, used 1424K [0x00007f0e88600000, 0x00007f0eb30c0000, 0x00007f13ddb50000)
  eden space 559360K,   0% used [0x00007f0e88600000, 0x00007f0e88600000, 0x00007f0eaa840000)
  from space 69888K,   2% used [0x00007f0eaec80000, 0x00007f0eaede43e0, 0x00007f0eb30c0000)
  to   space 69888K,   0% used [0x00007f0eaa840000, 0x00007f0eaa840000, 0x00007f0eaec80000)
 tenured generation   total 3495300K, used 2112016K [0x00007f13ddb50000, 0x00007f14b30b1000, 0x00007f1e88600000)
   the space 3495300K,  60% used [0x00007f13ddb50000, 0x00007f145e9d41e8, 0x00007f145e9d4200, 0x00007f14b30b1000)
 Metaspace       used 23374K, capacity 23690K, committed 23808K, reserved 24576K
}
Event: 10.666 GC heap before
{Heap before GC invocations=12 (full 2):
 def new generation   total 629248K, used 560784K [0x00007f0e88600000, 0x00007f0eb30c0000, 0x00007f13ddb50000)
  eden space 559360K, 100% used [0x00007f0e88600000, 0x00007f0eaa840000, 0x00007f0eaa840000)
  from space 69888K,   2% used [0x00007f0eaec80000, 0x00007f0eaede43e0, 0x00007f0eb30c0000)
  to   space 69888K,   0% used [0x00007f0eaa840000, 0x00007f0eaa840000, 0x00007f0eaec80000)
 tenured generation   total 3495300K, used 2112016K [0x00007f13ddb50000, 0x00007f14b30b1000, 0x00007f1e88600000)
   the space 3495300K,  60% used [0x00007f13ddb50000, 0x00007f145e9d41e8, 0x00007f145e9d4200, 0x00007f14b30b1000)
 Metaspace       used 23380K, capacity 23754K, committed 24064K, reserved 24576K
}
Event: 10.670 GC heap after
{Heap after GC invocations=13 (full 2):
 def new generation   total 629248K, used 1274K [0x00007f0e88600000, 0x00007f0eb30c0000, 0x00007f13ddb50000)
  eden space 559360K,   0% used [0x00007f0e88600000, 0x00007f0e88600000, 0x00007f0eaa840000)
  from space 69888K,   1% used [0x00007f0eaa840000, 0x00007f0eaa97e930, 0x00007f0eaec80000)
  to   space 69888K,   0% used [0x00007f0eaec80000, 0x00007f0eaec80000, 0x00007f0eb30c0000)
 tenured generation   total 3495300K, used 2112016K [0x00007f13ddb50000, 0x00007f14b30b1000, 0x00007f1e88600000)
   the space 3495300K,  60% used [0x00007f13ddb50000, 0x00007f145e9d41e8, 0x00007f145e9d4200, 0x00007f14b30b1000)
 Metaspace       used 23380K, capacity 23754K, committed 24064K, reserved 24576K
}
Event: 11.222 GC heap before
{Heap before GC invocations=13 (full 2):
 def new generation   total 629248K, used 560634K [0x00007f0e88600000, 0x00007f0eb30c0000, 0x00007f13ddb50000)
  eden space 559360K, 100% used [0x00007f0e88600000, 0x00007f0eaa840000, 0x00007f0eaa840000)
  from space 69888K,   1% used [0x00007f0eaa840000, 0x00007f0eaa97e930, 0x00007f0eaec80000)
  to   space 69888K,   0% used [0x00007f0eaec80000, 0x00007f0eaec80000, 0x00007f0eb30c0000)
 tenured generation   total 3495300K, used 2112016K [0x00007f13ddb50000, 0x00007f14b30b1000, 0x00007f1e88600000)
   the space 3495300K,  60% used [0x00007f13ddb50000, 0x00007f145e9d41e8, 0x00007f145e9d4200, 0x00007f14b30b1000)
 Metaspace       used 23380K, capacity 23754K, committed 24064K, reserved 24576K
}
Event: 11.226 GC heap after
{Heap after GC invocations=14 (full 2):
 def new generation   total 629248K, used 1486K [0x00007f0e88600000, 0x00007f0eb30c0000, 0x00007f13ddb50000)
  eden space 559360K,   0% used [0x00007f0e88600000, 0x00007f0e88600000, 0x00007f0eaa840000)
  from space 69888K,   2% used [0x00007f0eaec80000, 0x00007f0eaedf3bf8, 0x00007f0eb30c0000)
  to   space 69888K,   0% used [0x00007f0eaa840000, 0x00007f0eaa840000, 0x00007f0eaec80000)
 tenured generation   total 3495300K, used 2112016K [0x00007f13ddb50000, 0x00007f14b30b1000, 0x00007f1e88600000)
   the space 3495300K,  60% used [0x00007f13ddb50000, 0x00007f145e9d41e8, 0x00007f145e9d4200, 0x00007f14b30b1000)
 Metaspace       used 23380K, capacity 23754K, committed 24064K, reserved 24576K
}
Event: 11.629 GC heap before
{Heap before GC invocations=14 (full 2):
 def new generation   total 629248K, used 528000K [0x00007f0e88600000, 0x00007f0eb30c0000, 0x00007f13ddb50000)
  eden space 559360K,  94% used [0x00007f0e88600000, 0x00007f0ea882c5e0, 0x00007f0eaa840000)
  from space 69888K,   2% used [0x00007f0eaec80000, 0x00007f0eaedf3bf8, 0x00007f0eb30c0000)
  to   space 69888K,   0% used [0x00007f0eaa840000, 0x00007f0eaa840000, 0x00007f0eaec80000)
 tenured generation   total 3495300K, used 2112016K [0x00007f13ddb50000, 0x00007f14b30b1000, 0x00007f1e88600000)
   the space 3495300K,  60% used [0x00007f13ddb50000, 0x00007f145e9d41e8, 0x00007f145e9d4200, 0x00007f14b30b1000)
 Metaspace       used 23382K, capacity 23754K, committed 24064K, reserved 24576K
}
Event: 11.641 GC heap after
{Heap after GC invocations=15 (full 2):
 def new generation   total 629248K, used 9477K [0x00007f0e88600000, 0x00007f0eb30c0000, 0x00007f13ddb50000)
  eden space 559360K,   0% used [0x00007f0e88600000, 0x00007f0e88600000, 0x00007f0eaa840000)
  from space 69888K,  13% used [0x00007f0eaa840000, 0x00007f0eab181730, 0x00007f0eaec80000)
  to   space 69888K,   0% used [0x00007f0eaec80000, 0x00007f0eaec80000, 0x00007f0eb30c0000)
 tenured generation   total 3495300K, used 2112016K [0x00007f13ddb50000, 0x00007f14b30b1000, 0x00007f1e88600000)
   the space 3495300K,  60% used [0x00007f13ddb50000, 0x00007f145e9d41e8, 0x00007f145e9d4200, 0x00007f14b30b1000)
 Metaspace       used 23382K, capacity 23754K, committed 24064K, reserved 24576K
}
Event: 12.567 GC heap before
{Heap before GC invocations=15 (full 2):
 def new generation   total 629248K, used 568231K [0x00007f0e88600000, 0x00007f0eb30c0000, 0x00007f13ddb50000)
  eden space 559360K,  99% used [0x00007f0e88600000, 0x00007f0eaa7a84f8, 0x00007f0eaa840000)
  from space 69888K,  13% used [0x00007f0eaa840000, 0x00007f0eab181730, 0x00007f0eaec80000)
  to   space 69888K,   0% used [0x00007f0eaec80000, 0x00007f0eaec80000, 0x00007f0eb30c0000)
 tenured generation   total 3495300K, used 2112016K [0x00007f13ddb50000, 0x00007f14b30b1000, 0x00007f1e88600000)
   the space 3495300K,  60% used [0x00007f13ddb50000, 0x00007f145e9d41e8, 0x00007f145e9d4200, 0x00007f14b30b1000)
 Metaspace       used 23386K, capacity 23818K, committed 24064K, reserved 24576K
}
Event: 12.604 GC heap after
{Heap after GC invocations=16 (full 2):
 def new generation   total 629248K, used 34057K [0x00007f0e88600000, 0x00007f0eb30c0000, 0x00007f13ddb50000)
  eden space 559360K,   0% used [0x00007f0e88600000, 0x00007f0e88600000, 0x00007f0eaa840000)
  from space 69888K,  48% used [0x00007f0eaec80000, 0x00007f0eb0dc2470, 0x00007f0eb30c0000)
  to   space 69888K,   0% used [0x00007f0eaa840000, 0x00007f0eaa840000, 0x00007f0eaec80000)
 tenured generation   total 3495300K, used 2112016K [0x00007f13ddb50000, 0x00007f14b30b1000, 0x00007f1e88600000)
   the space 3495300K,  60% used [0x00007f13ddb50000, 0x00007f145e9d41e8, 0x00007f145e9d4200, 0x00007f14b30b1000)
 Metaspace       used 23386K, capacity 23818K, committed 24064K, reserved 24576K
}
Event: 13.353 GC heap before
{Heap before GC invocations=16 (full 2):
 def new generation   total 629248K, used 585811K [0x00007f0e88600000, 0x00007f0eb30c0000, 0x00007f13ddb50000)
  eden space 559360K,  98% used [0x00007f0e88600000, 0x00007f0eaa0d2af8, 0x00007f0eaa840000)
  from space 69888K,  48% used [0x00007f0eaec80000, 0x00007f0eb0dc2470, 0x00007f0eb30c0000)
  to   space 69888K,   0% used [0x00007f0eaa840000, 0x00007f0eaa840000, 0x00007f0eaec80000)
 tenured generation   total 3495300K, used 2112016K [0x00007f13ddb50000, 0x00007f14b30b1000, 0x00007f1e88600000)
   the space 3495300K,  60% used [0x00007f13ddb50000, 0x00007f145e9d41e8, 0x00007f145e9d4200, 0x00007f14b30b1000)
 Metaspace       used 23386K, capacity 23818K, committed 24064K, reserved 24576K
}
Event: 13.505 GC heap after
{Heap after GC invocations=17 (full 2):
 def new generation   total 629248K, used 1288K [0x00007f0e88600000, 0x00007f0eb30c0000, 0x00007f13ddb50000)
  eden space 559360K,   0% used [0x00007f0e88600000, 0x00007f0e88600000, 0x00007f0eaa840000)
  from space 69888K,   1% used [0x00007f0eaa840000, 0x00007f0eaa9822d0, 0x00007f0eaec80000)
  to   space 69888K,   0% used [0x00007f0eaec80000, 0x00007f0eaec80000, 0x00007f0eb30c0000)
 tenured generation   total 3495300K, used 2243088K [0x00007f13ddb50000, 0x00007f14b30b1000, 0x00007f1e88600000)
   the space 3495300K,  64% used [0x00007f13ddb50000, 0x00007f14669d4200, 0x00007f14669d4200, 0x00007f14b30b1000)
 Metaspace       used 23386K, capacity 23818K, committed 24064K, reserved 24576K
}
Event: 13.925 GC heap before
{Heap before GC invocations=17 (full 2):
 def new generation   total 629248K, used 258156K [0x00007f0e88600000, 0x00007f0eb30c0000, 0x00007f13ddb50000)
  eden space 559360K,  45% used [0x00007f0e88600000, 0x00007f0e980d8ff0, 0x00007f0eaa840000)
  from space 69888K,   1% used [0x00007f0eaa840000, 0x00007f0eaa9822d0, 0x00007f0eaec80000)
  to   space 69888K,   0% used [0x00007f0eaec80000, 0x00007f0eaec80000, 0x00007f0eb30c0000)
 tenured generation   total 3495300K, used 2243088K [0x00007f13ddb50000, 0x00007f14b30b1000, 0x00007f1e88600000)
   the space 3495300K,  64% used [0x00007f13ddb50000, 0x00007f14669d4200, 0x00007f14669d4200, 0x00007f14b30b1000)
 Metaspace       used 23387K, capacity 23818K, committed 24064K, reserved 24576K
}
Event: 13.932 GC heap after
{Heap after GC invocations=18 (full 2):
 def new generation   total 629248K, used 3626K [0x00007f0e88600000, 0x00007f0eb30c0000, 0x00007f13ddb50000)
  eden space 559360K,   0% used [0x00007f0e88600000, 0x00007f0e88600000, 0x00007f0eaa840000)
  from space 69888K,   5% used [0x00007f0eaec80000, 0x00007f0eaf00a9a0, 0x00007f0eb30c0000)
  to   space 69888K,   0% used [0x00007f0eaa840000, 0x00007f0eaa840000, 0x00007f0eaec80000)
 tenured generation   total 3495300K, used 2243088K [0x00007f13ddb50000, 0x00007f14b30b1000, 0x00007f1e88600000)
   the space 3495300K,  64% used [0x00007f13ddb50000, 0x00007f14669d4200, 0x00007f14669d4200, 0x00007f14b30b1000)
 Metaspace       used 23387K, capacity 23818K, committed 24064K, reserved 24576K
}
Event: 13.933 GC heap before
{Heap before GC invocations=18 (full 2):
 def new generation   total 629248K, used 3626K [0x00007f0e88600000, 0x00007f0eb30c0000, 0x00007f13ddb50000)
  eden space 559360K,   0% used [0x00007f0e88600000, 0x00007f0e88600000, 0x00007f0eaa840000)
  from space 69888K,   5% used [0x00007f0eaec80000, 0x00007f0eaf00a9a0, 0x00007f0eb30c0000)
  to   space 69888K,   0% used [0x00007f0eaa840000, 0x00007f0eaa840000, 0x00007f0eaec80000)
 tenured generation   total 3495300K, used 2243088K [0x00007f13ddb50000, 0x00007f14b30b1000, 0x00007f1e88600000)
   the space 3495300K,  64% used [0x00007f13ddb50000, 0x00007f14669d4200, 0x00007f14669d4200, 0x00007f14b30b1000)
 Metaspace       used 23387K, capacity 23818K, committed 24064K, reserved 24576K
}
Event: 13.992 GC heap after
{Heap after GC invocations=18 (full 3):
 def new generation   total 1572992K, used 0K [0x00007f0e88600000, 0x00007f0ef30c0000, 0x00007f13ddb50000)
  eden space 1398272K,   0% used [0x00007f0e88600000, 0x00007f0e88600000, 0x00007f0eddb80000)
  from space 174720K,   0% used [0x00007f0eddb80000, 0x00007f0eddb80000, 0x00007f0ee8620000)
  to   space 174720K,   0% used [0x00007f0ee8620000, 0x00007f0ee8620000, 0x00007f0ef30c0000)
 tenured generation   total 3495300K, used 18490K [0x00007f13ddb50000, 0x00007f14b30b1000, 0x00007f1e88600000)
   the space 3495300K,   0% used [0x00007f13ddb50000, 0x00007f13ded5eb70, 0x00007f13ded5ec00, 0x00007f14b30b1000)
 Metaspace       used 23387K, capacity 23818K, committed 24064K, reserved 24576K
}
Event: 20.984 GC heap before
{Heap before GC invocations=18 (full 3):
 def new generation   total 1572992K, used 27767K [0x00007f0e88600000, 0x00007f0ef30c0000, 0x00007f13ddb50000)
  eden space 1398272K,   1% used [0x00007f0e88600000, 0x00007f0e8a11dc10, 0x00007f0eddb80000)
  from space 174720K,   0% used [0x00007f0eddb80000, 0x00007f0eddb80000, 0x00007f0ee8620000)
  to   space 174720K,   0% used [0x00007f0ee8620000, 0x00007f0ee8620000, 0x00007f0ef30c0000)
 tenured generation   total 7689608K, used 4212794K [0x00007f13ddb50000, 0x00007f15b30b2000, 0x00007f1e88600000)
   the space 7689608K,  54% used [0x00007f13ddb50000, 0x00007f14ded5eb88, 0x00007f14ded5ec00, 0x00007f15b30b2000)
 Metaspace       used 23387K, capacity 23818K, committed 24064K, reserved 24576K
}
Event: 26.257 GC heap after
{Heap after GC invocations=19 (full 3):
 def new generation   total 1572992K, used 0K [0x00007f0e88600000, 0x00007f0ef30c0000, 0x00007f13ddb50000)
  eden space 1398272K,   0% used [0x00007f0e88600000, 0x00007f0e88600000, 0x00007f0eddb80000)
  from space 174720K,   0% used [0x00007f0ee8620000, 0x00007f0ee86200b8, 0x00007f0ef30c0000)
  to   space 174720K,   0% used [0x00007f0eddb80000, 0x00007f0eddb80000, 0x00007f0ee8620000)
 tenured generation   total 7689608K, used 4212794K [0x00007f13ddb50000, 0x00007f15b30b2000, 0x00007f1e88600000)
   the space 7689608K,  54% used [0x00007f13ddb50000, 0x00007f14ded5eb88, 0x00007f14ded5ec00, 0x00007f15b30b2000)
 Metaspace       used 23387K, capacity 23818K, committed 24064K, reserved 24576K
}
Event: 26.257 GC heap before
{Heap before GC invocations=19 (full 3):
 def new generation   total 1572992K, used 0K [0x00007f0e88600000, 0x00007f0ef30c0000, 0x00007f13ddb50000)
  eden space 1398272K,   0% used [0x00007f0e88600000, 0x00007f0e88600000, 0x00007f0eddb80000)
  from space 174720K,   0% used [0x00007f0ee8620000, 0x00007f0ee86200b8, 0x00007f0ef30c0000)
  to   space 174720K,   0% used [0x00007f0eddb80000, 0x00007f0eddb80000, 0x00007f0ee8620000)
 tenured generation   total 7689608K, used 4212794K [0x00007f13ddb50000, 0x00007f15b30b2000, 0x00007f1e88600000)
   the space 7689608K,  54% used [0x00007f13ddb50000, 0x00007f14ded5eb88, 0x00007f14ded5ec00, 0x00007f15b30b2000)
 Metaspace       used 23387K, capacity 23818K, committed 24064K, reserved 24576K
}
Event: 29.651 GC heap after
{Heap after GC invocations=19 (full 4):
 def new generation   total 3460416K, used 0K [0x00007f0e88600000, 0x00007f0f730c0000, 0x00007f13ddb50000)
  eden space 3075968K,   0% used [0x00007f0e88600000, 0x00007f0e88600000, 0x00007f0f441e0000)
  from space 384448K,   0% used [0x00007f0f441e0000, 0x00007f0f441e0000, 0x00007f0f5b950000)
  to   space 384448K,   0% used [0x00007f0f5b950000, 0x00007f0f5b950000, 0x00007f0f730c0000)
 tenured generation   total 7689608K, used 4204368K [0x00007f13ddb50000, 0x00007f15b30b2000, 0x00007f1e88600000)
   the space 7689608K,  54% used [0x00007f13ddb50000, 0x00007f14de5242d8, 0x00007f14de524400, 0x00007f15b30b2000)
 Metaspace       used 23387K, capacity 23818K, committed 24064K, reserved 24576K
}

