# JRE version: OpenJDK Runtime Environment (13.0.7+5) (build 13.0.7+5-Ubuntu-0ubuntu120.04)
# Java VM: OpenJDK 64-Bit Server VM (13.0.7+5-Ubuntu-0ubuntu120.04, mixed mode, tiered, serial gc, linux-amd64)
Heap:
 def new generation   total 2587776K, used 136171K [0x00007fd728600000, 0x00007fd7d7de0000, 0x00007fe1d30a0000)
  eden space 2300288K,   5% used [0x00007fd728600000, 0x00007fd730afaf60, 0x00007fd7b4c60000)
  from space 287488K,   0% used [0x00007fd7b4c60000, 0x00007fd7b4c60000, 0x00007fd7c6520000)
  to   space 287488K,   0% used [0x00007fd7c6520000, 0x00007fd7c6520000, 0x00007fd7d7de0000)
 tenured generation   total 5766836K, used 5757742K [0x00007fe1d30a0000, 0x00007fe33304d000, 0x00007ff728600000)
   the space 5766836K,  99% used [0x00007fe1d30a0000, 0x00007fe33276b8b8, 0x00007fe33276ba00, 0x00007fe33304d000)
 Metaspace       used 24263K, capacity 24638K, committed 24832K, reserved 26624K
GC Heap History (20 events):
Event: 1280.560 GC heap after
{Heap after GC invocations=1260 (full 6):
 def new generation   total 2587776K, used 153116K [0x00007fd728600000, 0x00007fd7d7de0000, 0x00007fe1d30a0000)
  eden space 2300288K,   0% used [0x00007fd728600000, 0x00007fd728600000, 0x00007fd7b4c60000)
  from space 287488K,  53% used [0x00007fd7c6520000, 0x00007fd7cfaa7250, 0x00007fd7d7de0000)
  to   space 287488K,   0% used [0x00007fd7b4c60000, 0x00007fd7b4c60000, 0x00007fd7c6520000)
 tenured generation   total 5750448K, used 5654946K [0x00007fe1d30a0000, 0x00007fe33204c000, 0x00007ff728600000)
   the space 5750448K,  98% used [0x00007fe1d30a0000, 0x00007fe32c308b38, 0x00007fe32c308c00, 0x00007fe33204c000)
 Metaspace       used 24263K, capacity 24638K, committed 24832K, reserved 26624K
}
Event: 1282.366 GC heap before
{Heap before GC invocations=1260 (full 6):
 def new generation   total 2587776K, used 2453404K [0x00007fd728600000, 0x00007fd7d7de0000, 0x00007fe1d30a0000)
  eden space 2300288K, 100% used [0x00007fd728600000, 0x00007fd7b4c60000, 0x00007fd7b4c60000)
  from space 287488K,  53% used [0x00007fd7c6520000, 0x00007fd7cfaa7250, 0x00007fd7d7de0000)
  to   space 287488K,   0% used [0x00007fd7b4c60000, 0x00007fd7b4c60000, 0x00007fd7c6520000)
 tenured generation   total 5750448K, used 5654946K [0x00007fe1d30a0000, 0x00007fe33204c000, 0x00007ff728600000)
   the space 5750448K,  98% used [0x00007fe1d30a0000, 0x00007fe32c308b38, 0x00007fe32c308c00, 0x00007fe33204c000)
 Metaspace       used 24263K, capacity 24638K, committed 24832K, reserved 26624K
}
Event: 1282.494 GC heap after
{Heap after GC invocations=1261 (full 6):
 def new generation   total 2587776K, used 145957K [0x00007fd728600000, 0x00007fd7d7de0000, 0x00007fe1d30a0000)
  eden space 2300288K,   0% used [0x00007fd728600000, 0x00007fd728600000, 0x00007fd7b4c60000)
  from space 287488K,  50% used [0x00007fd7b4c60000, 0x00007fd7bdae9470, 0x00007fd7c6520000)
  to   space 287488K,   0% used [0x00007fd7c6520000, 0x00007fd7c6520000, 0x00007fd7d7de0000)
 tenured generation   total 5750448K, used 5671905K [0x00007fe1d30a0000, 0x00007fe33204c000, 0x00007ff728600000)
   the space 5750448K,  98% used [0x00007fe1d30a0000, 0x00007fe32d398620, 0x00007fe32d398800, 0x00007fe33204c000)
 Metaspace       used 24263K, capacity 24638K, committed 24832K, reserved 26624K
}
Event: 1284.252 GC heap before
{Heap before GC invocations=1261 (full 6):
 def new generation   total 2587776K, used 2446245K [0x00007fd728600000, 0x00007fd7d7de0000, 0x00007fe1d30a0000)
  eden space 2300288K, 100% used [0x00007fd728600000, 0x00007fd7b4c60000, 0x00007fd7b4c60000)
  from space 287488K,  50% used [0x00007fd7b4c60000, 0x00007fd7bdae9470, 0x00007fd7c6520000)
  to   space 287488K,   0% used [0x00007fd7c6520000, 0x00007fd7c6520000, 0x00007fd7d7de0000)
 tenured generation   total 5750448K, used 5671905K [0x00007fe1d30a0000, 0x00007fe33204c000, 0x00007ff728600000)
   the space 5750448K,  98% used [0x00007fe1d30a0000, 0x00007fe32d398620, 0x00007fe32d398800, 0x00007fe33204c000)
 Metaspace       used 24263K, capacity 24638K, committed 24832K, reserved 26624K
}
Event: 1284.342 GC heap after
{Heap after GC invocations=1262 (full 6):
 def new generation   total 2587776K, used 135669K [0x00007fd728600000, 0x00007fd7d7de0000, 0x00007fe1d30a0000)
  eden space 2300288K,   0% used [0x00007fd728600000, 0x00007fd728600000, 0x00007fd7b4c60000)
  from space 287488K,  47% used [0x00007fd7c6520000, 0x00007fd7ce99d7a8, 0x00007fd7d7de0000)
  to   space 287488K,   0% used [0x00007fd7b4c60000, 0x00007fd7b4c60000, 0x00007fd7c6520000)
 tenured generation   total 5750448K, used 5688864K [0x00007fe1d30a0000, 0x00007fe33204c000, 0x00007ff728600000)
   the space 5750448K,  98% used [0x00007fe1d30a0000, 0x00007fe32e428108, 0x00007fe32e428200, 0x00007fe33204c000)
 Metaspace       used 24263K, capacity 24638K, committed 24832K, reserved 26624K
}
Event: 1286.363 GC heap before
{Heap before GC invocations=1262 (full 6):
 def new generation   total 2587776K, used 2435957K [0x00007fd728600000, 0x00007fd7d7de0000, 0x00007fe1d30a0000)
  eden space 2300288K, 100% used [0x00007fd728600000, 0x00007fd7b4c60000, 0x00007fd7b4c60000)
  from space 287488K,  47% used [0x00007fd7c6520000, 0x00007fd7ce99d7a8, 0x00007fd7d7de0000)
  to   space 287488K,   0% used [0x00007fd7b4c60000, 0x00007fd7b4c60000, 0x00007fd7c6520000)
 tenured generation   total 5750448K, used 5688864K [0x00007fe1d30a0000, 0x00007fe33204c000, 0x00007ff728600000)
   the space 5750448K,  98% used [0x00007fe1d30a0000, 0x00007fe32e428108, 0x00007fe32e428200, 0x00007fe33204c000)
 Metaspace       used 24263K, capacity 24638K, committed 24832K, reserved 26624K
}
Event: 1286.442 GC heap after
{Heap after GC invocations=1263 (full 6):
 def new generation   total 2587776K, used 149542K [0x00007fd728600000, 0x00007fd7d7de0000, 0x00007fe1d30a0000)
  eden space 2300288K,   0% used [0x00007fd728600000, 0x00007fd728600000, 0x00007fd7b4c60000)
  from space 287488K,  52% used [0x00007fd7b4c60000, 0x00007fd7bde699e0, 0x00007fd7c6520000)
  to   space 287488K,   0% used [0x00007fd7c6520000, 0x00007fd7c6520000, 0x00007fd7d7de0000)
 tenured generation   total 5750448K, used 5688864K [0x00007fe1d30a0000, 0x00007fe33204c000, 0x00007ff728600000)
   the space 5750448K,  98% used [0x00007fe1d30a0000, 0x00007fe32e428108, 0x00007fe32e428200, 0x00007fe33204c000)
 Metaspace       used 24263K, capacity 24638K, committed 24832K, reserved 26624K
}
Event: 1288.206 GC heap before
{Heap before GC invocations=1263 (full 6):
 def new generation   total 2587776K, used 2441161K [0x00007fd728600000, 0x00007fd7d7de0000, 0x00007fe1d30a0000)
  eden space 2300288K,  99% used [0x00007fd728600000, 0x00007fd7b43e8ab0, 0x00007fd7b4c60000)
  from space 287488K,  52% used [0x00007fd7b4c60000, 0x00007fd7bde699e0, 0x00007fd7c6520000)
  to   space 287488K,   0% used [0x00007fd7c6520000, 0x00007fd7c6520000, 0x00007fd7d7de0000)
 tenured generation   total 5750448K, used 5688864K [0x00007fe1d30a0000, 0x00007fe33204c000, 0x00007ff728600000)
   the space 5750448K,  98% used [0x00007fe1d30a0000, 0x00007fe32e428108, 0x00007fe32e428200, 0x00007fe33204c000)
 Metaspace       used 24263K, capacity 24638K, committed 24832K, reserved 26624K
}
Event: 1288.294 GC heap after
{Heap after GC invocations=1264 (full 6):
 def new generation   total 2587776K, used 156203K [0x00007fd728600000, 0x00007fd7d7de0000, 0x00007fe1d30a0000)
  eden space 2300288K,   0% used [0x00007fd728600000, 0x00007fd728600000, 0x00007fd7b4c60000)
  from space 287488K,  54% used [0x00007fd7c6520000, 0x00007fd7cfdaacb8, 0x00007fd7d7de0000)
  to   space 287488K,   0% used [0x00007fd7b4c60000, 0x00007fd7b4c60000, 0x00007fd7c6520000)
 tenured generation   total 5750448K, used 5705822K [0x00007fe1d30a0000, 0x00007fe33204c000, 0x00007ff728600000)
   the space 5750448K,  99% used [0x00007fe1d30a0000, 0x00007fe32f4b7bf0, 0x00007fe32f4b7c00, 0x00007fe33204c000)
 Metaspace       used 24263K, capacity 24638K, committed 24832K, reserved 26624K
}
Event: 1290.353 GC heap before
{Heap before GC invocations=1264 (full 6):
 def new generation   total 2587776K, used 2456491K [0x00007fd728600000, 0x00007fd7d7de0000, 0x00007fe1d30a0000)
  eden space 2300288K, 100% used [0x00007fd728600000, 0x00007fd7b4c60000, 0x00007fd7b4c60000)
  from space 287488K,  54% used [0x00007fd7c6520000, 0x00007fd7cfdaacb8, 0x00007fd7d7de0000)
  to   space 287488K,   0% used [0x00007fd7b4c60000, 0x00007fd7b4c60000, 0x00007fd7c6520000)
 tenured generation   total 5750448K, used 5705822K [0x00007fe1d30a0000, 0x00007fe33204c000, 0x00007ff728600000)
   the space 5750448K,  99% used [0x00007fe1d30a0000, 0x00007fe32f4b7bf0, 0x00007fe32f4b7c00, 0x00007fe33204c000)
 Metaspace       used 24263K, capacity 24638K, committed 24832K, reserved 26624K
}
Event: 1290.454 GC heap after
{Heap after GC invocations=1265 (full 6):
 def new generation   total 2587776K, used 136157K [0x00007fd728600000, 0x00007fd7d7de0000, 0x00007fe1d30a0000)
  eden space 2300288K,   0% used [0x00007fd728600000, 0x00007fd728600000, 0x00007fd7b4c60000)
  from space 287488K,  47% used [0x00007fd7b4c60000, 0x00007fd7bd157680, 0x00007fd7c6520000)
  to   space 287488K,   0% used [0x00007fd7c6520000, 0x00007fd7c6520000, 0x00007fd7d7de0000)
 tenured generation   total 5750448K, used 5722781K [0x00007fe1d30a0000, 0x00007fe33204c000, 0x00007ff728600000)
   the space 5750448K,  99% used [0x00007fe1d30a0000, 0x00007fe3305476d8, 0x00007fe330547800, 0x00007fe33204c000)
 Metaspace       used 24263K, capacity 24638K, committed 24832K, reserved 26624K
}
Event: 1292.178 GC heap before
{Heap before GC invocations=1265 (full 6):
 def new generation   total 2587776K, used 2436445K [0x00007fd728600000, 0x00007fd7d7de0000, 0x00007fe1d30a0000)
  eden space 2300288K, 100% used [0x00007fd728600000, 0x00007fd7b4c60000, 0x00007fd7b4c60000)
  from space 287488K,  47% used [0x00007fd7b4c60000, 0x00007fd7bd157680, 0x00007fd7c6520000)
  to   space 287488K,   0% used [0x00007fd7c6520000, 0x00007fd7c6520000, 0x00007fd7d7de0000)
 tenured generation   total 5750448K, used 5722781K [0x00007fe1d30a0000, 0x00007fe33204c000, 0x00007ff728600000)
   the space 5750448K,  99% used [0x00007fe1d30a0000, 0x00007fe3305476d8, 0x00007fe330547800, 0x00007fe33204c000)
 Metaspace       used 24263K, capacity 24638K, committed 24832K, reserved 26624K
}
Event: 1292.242 GC heap after
{Heap after GC invocations=1266 (full 6):
 def new generation   total 2587776K, used 143894K [0x00007fd728600000, 0x00007fd7d7de0000, 0x00007fe1d30a0000)
  eden space 2300288K,   0% used [0x00007fd728600000, 0x00007fd728600000, 0x00007fd7b4c60000)
  from space 287488K,  50% used [0x00007fd7c6520000, 0x00007fd7cf1a5830, 0x00007fd7d7de0000)
  to   space 287488K,   0% used [0x00007fd7b4c60000, 0x00007fd7b4c60000, 0x00007fd7c6520000)
 tenured generation   total 5750448K, used 5722781K [0x00007fe1d30a0000, 0x00007fe33204c000, 0x00007ff728600000)
   the space 5750448K,  99% used [0x00007fe1d30a0000, 0x00007fe3305476d8, 0x00007fe330547800, 0x00007fe33204c000)
 Metaspace       used 24263K, capacity 24638K, committed 24832K, reserved 26624K
}
Event: 1294.063 GC heap before
{Heap before GC invocations=1266 (full 6):
 def new generation   total 2587776K, used 2444182K [0x00007fd728600000, 0x00007fd7d7de0000, 0x00007fe1d30a0000)
  eden space 2300288K, 100% used [0x00007fd728600000, 0x00007fd7b4c60000, 0x00007fd7b4c60000)
  from space 287488K,  50% used [0x00007fd7c6520000, 0x00007fd7cf1a5830, 0x00007fd7d7de0000)
  to   space 287488K,   0% used [0x00007fd7b4c60000, 0x00007fd7b4c60000, 0x00007fd7c6520000)
 tenured generation   total 5750448K, used 5722781K [0x00007fe1d30a0000, 0x00007fe33204c000, 0x00007ff728600000)
   the space 5750448K,  99% used [0x00007fe1d30a0000, 0x00007fe3305476d8, 0x00007fe330547800, 0x00007fe33204c000)
 Metaspace       used 24263K, capacity 24638K, committed 24832K, reserved 26624K
}
Event: 1294.158 GC heap after
{Heap after GC invocations=1267 (full 6):
 def new generation   total 2587776K, used 135664K [0x00007fd728600000, 0x00007fd7d7de0000, 0x00007fe1d30a0000)
  eden space 2300288K,   0% used [0x00007fd728600000, 0x00007fd728600000, 0x00007fd7b4c60000)
  from space 287488K,  47% used [0x00007fd7b4c60000, 0x00007fd7bd0dc3c8, 0x00007fd7c6520000)
  to   space 287488K,   0% used [0x00007fd7c6520000, 0x00007fd7c6520000, 0x00007fd7d7de0000)
 tenured generation   total 5750448K, used 5739740K [0x00007fe1d30a0000, 0x00007fe33204c000, 0x00007ff728600000)
   the space 5750448K,  99% used [0x00007fe1d30a0000, 0x00007fe3315d71c0, 0x00007fe3315d7200, 0x00007fe33204c000)
 Metaspace       used 24263K, capacity 24638K, committed 24832K, reserved 26624K
}
Event: 1296.111 GC heap before
{Heap before GC invocations=1267 (full 6):
 def new generation   total 2587776K, used 2435952K [0x00007fd728600000, 0x00007fd7d7de0000, 0x00007fe1d30a0000)
  eden space 2300288K, 100% used [0x00007fd728600000, 0x00007fd7b4c60000, 0x00007fd7b4c60000)
  from space 287488K,  47% used [0x00007fd7b4c60000, 0x00007fd7bd0dc3c8, 0x00007fd7c6520000)
  to   space 287488K,   0% used [0x00007fd7c6520000, 0x00007fd7c6520000, 0x00007fd7d7de0000)
 tenured generation   total 5750448K, used 5739740K [0x00007fe1d30a0000, 0x00007fe33204c000, 0x00007ff728600000)
   the space 5750448K,  99% used [0x00007fe1d30a0000, 0x00007fe3315d71c0, 0x00007fe3315d7200, 0x00007fe33204c000)
 Metaspace       used 24263K, capacity 24638K, committed 24832K, reserved 26624K
}
Event: 1296.192 GC heap after
{Heap after GC invocations=1268 (full 6):
 def new generation   total 2587776K, used 147494K [0x00007fd728600000, 0x00007fd7d7de0000, 0x00007fe1d30a0000)
  eden space 2300288K,   0% used [0x00007fd728600000, 0x00007fd728600000, 0x00007fd7b4c60000)
  from space 287488K,  51% used [0x00007fd7c6520000, 0x00007fd7cf529a00, 0x00007fd7d7de0000)
  to   space 287488K,   0% used [0x00007fd7b4c60000, 0x00007fd7b4c60000, 0x00007fd7c6520000)
 tenured generation   total 5750448K, used 5739740K [0x00007fe1d30a0000, 0x00007fe33204c000, 0x00007ff728600000)
   the space 5750448K,  99% used [0x00007fe1d30a0000, 0x00007fe3315d71c0, 0x00007fe3315d7200, 0x00007fe33204c000)
 Metaspace       used 24263K, capacity 24638K, committed 24832K, reserved 26624K
}
Event: 1297.874 GC heap before
{Heap before GC invocations=1268 (full 6):
 def new generation   total 2587776K, used 2434688K [0x00007fd728600000, 0x00007fd7d7de0000, 0x00007fe1d30a0000)
  eden space 2300288K,  99% used [0x00007fd728600000, 0x00007fd7b3f96748, 0x00007fd7b4c60000)
  from space 287488K,  51% used [0x00007fd7c6520000, 0x00007fd7cf529a00, 0x00007fd7d7de0000)
  to   space 287488K,   0% used [0x00007fd7b4c60000, 0x00007fd7b4c60000, 0x00007fd7c6520000)
 tenured generation   total 5750448K, used 5739740K [0x00007fe1d30a0000, 0x00007fe33204c000, 0x00007ff728600000)
   the space 5750448K,  99% used [0x00007fe1d30a0000, 0x00007fe3315d71c0, 0x00007fe3315d7200, 0x00007fe33204c000)
 Metaspace       used 24263K, capacity 24638K, committed 24832K, reserved 26624K
}
Event: 1297.965 GC heap after
{Heap after GC invocations=1269 (full 6):
 def new generation   total 2587776K, used 137213K [0x00007fd728600000, 0x00007fd7d7de0000, 0x00007fe1d30a0000)
  eden space 2300288K,   0% used [0x00007fd728600000, 0x00007fd728600000, 0x00007fd7b4c60000)
  from space 287488K,  47% used [0x00007fd7b4c60000, 0x00007fd7bd25f7f0, 0x00007fd7c6520000)
  to   space 287488K,   0% used [0x00007fd7c6520000, 0x00007fd7c6520000, 0x00007fd7d7de0000)
 tenured generation   total 5766836K, used 5756700K [0x00007fe1d30a0000, 0x00007fe33304d000, 0x00007ff728600000)
   the space 5766836K,  99% used [0x00007fe1d30a0000, 0x00007fe332667028, 0x00007fe332667200, 0x00007fe33304d000)
 Metaspace       used 24263K, capacity 24638K, committed 24832K, reserved 26624K
}
Event: 1297.965 GC heap before
{Heap before GC invocations=1269 (full 6):
 def new generation   total 2587776K, used 137213K [0x00007fd728600000, 0x00007fd7d7de0000, 0x00007fe1d30a0000)
  eden space 2300288K,   0% used [0x00007fd728600000, 0x00007fd728600000, 0x00007fd7b4c60000)
  from space 287488K,  47% used [0x00007fd7b4c60000, 0x00007fd7bd25f7f0, 0x00007fd7c6520000)
  to   space 287488K,   0% used [0x00007fd7c6520000, 0x00007fd7c6520000, 0x00007fd7d7de0000)
 tenured generation   total 5766836K, used 5756700K [0x00007fe1d30a0000, 0x00007fe33304d000, 0x00007ff728600000)
   the space 5766836K,  99% used [0x00007fe1d30a0000, 0x00007fe332667028, 0x00007fe332667200, 0x00007fe33304d000)
 Metaspace       used 24263K, capacity 24638K, committed 24832K, reserved 26624K
}

