# JRE version: OpenJDK Runtime Environment (13.0.7+5) (build 13.0.7+5-Ubuntu-0ubuntu120.04)
# Java VM: OpenJDK 64-Bit Server VM (13.0.7+5-Ubuntu-0ubuntu120.04, mixed mode, tiered, serial gc, linux-amd64)
Heap:
 def new generation   total 1748224K, used 0K [0x00007fa7c8600000, 0x00007fa83eef0000, 0x00007fad1db50000)
  eden space 1553984K,   0% used [0x00007fa7c8600000, 0x00007fa7c8600000, 0x00007fa827390000)
  from space 194240K,   0% used [0x00007fa833140000, 0x00007fa833140000, 0x00007fa83eef0000)
  to   space 194240K,   0% used [0x00007fa827390000, 0x00007fa827390000, 0x00007fa833140000)
 tenured generation   total 3885292K, used 3870003K [0x00007fad1db50000, 0x00007fae0ad8b000, 0x00007fb7c8600000)
   the space 3885292K,  99% used [0x00007fad1db50000, 0x00007fae09e9cf48, 0x00007fae09e9d000, 0x00007fae0ad8b000)
 Metaspace       used 24268K, capacity 24683K, committed 24832K, reserved 26624K
GC Heap History (20 events):
Event: 7621.484 GC heap after
{Heap after GC invocations=12286 (full 3):
 def new generation   total 1748224K, used 8414K [0x00007fa7c8600000, 0x00007fa83eef0000, 0x00007fad1db50000)
  eden space 1553984K,   0% used [0x00007fa7c8600000, 0x00007fa7c8600000, 0x00007fa827390000)
  from space 194240K,   4% used [0x00007fa827390000, 0x00007fa827bc79b0, 0x00007fa833140000)
  to   space 194240K,   0% used [0x00007fa833140000, 0x00007fa833140000, 0x00007fa83eef0000)
 tenured generation   total 3884908K, used 3880191K [0x00007fad1db50000, 0x00007fae0ad2b000, 0x00007fb7c8600000)
   the space 3884908K,  99% used [0x00007fad1db50000, 0x00007fae0a88fe30, 0x00007fae0a890000, 0x00007fae0ad2b000)
 Metaspace       used 24268K, capacity 24683K, committed 24832K, reserved 26624K
}
Event: 7622.536 GC heap before
{Heap before GC invocations=12286 (full 3):
 def new generation   total 1748224K, used 1562398K [0x00007fa7c8600000, 0x00007fa83eef0000, 0x00007fad1db50000)
  eden space 1553984K, 100% used [0x00007fa7c8600000, 0x00007fa827390000, 0x00007fa827390000)
  from space 194240K,   4% used [0x00007fa827390000, 0x00007fa827bc79b0, 0x00007fa833140000)
  to   space 194240K,   0% used [0x00007fa833140000, 0x00007fa833140000, 0x00007fa83eef0000)
 tenured generation   total 3884908K, used 3880191K [0x00007fad1db50000, 0x00007fae0ad2b000, 0x00007fb7c8600000)
   the space 3884908K,  99% used [0x00007fad1db50000, 0x00007fae0a88fe30, 0x00007fae0a890000, 0x00007fae0ad2b000)
 Metaspace       used 24268K, capacity 24683K, committed 24832K, reserved 26624K
}
Event: 7622.555 GC heap after
{Heap after GC invocations=12287 (full 3):
 def new generation   total 1748224K, used 8595K [0x00007fa7c8600000, 0x00007fa83eef0000, 0x00007fad1db50000)
  eden space 1553984K,   0% used [0x00007fa7c8600000, 0x00007fa7c8600000, 0x00007fa827390000)
  from space 194240K,   4% used [0x00007fa833140000, 0x00007fa8339a4d38, 0x00007fa83eef0000)
  to   space 194240K,   0% used [0x00007fa827390000, 0x00007fa827390000, 0x00007fa833140000)
 tenured generation   total 3884908K, used 3880607K [0x00007fad1db50000, 0x00007fae0ad2b000, 0x00007fb7c8600000)
   the space 3884908K,  99% used [0x00007fad1db50000, 0x00007fae0a8f7db0, 0x00007fae0a8f7e00, 0x00007fae0ad2b000)
 Metaspace       used 24268K, capacity 24683K, committed 24832K, reserved 26624K
}
Event: 7623.677 GC heap before
{Heap before GC invocations=12287 (full 3):
 def new generation   total 1748224K, used 1562579K [0x00007fa7c8600000, 0x00007fa83eef0000, 0x00007fad1db50000)
  eden space 1553984K, 100% used [0x00007fa7c8600000, 0x00007fa827390000, 0x00007fa827390000)
  from space 194240K,   4% used [0x00007fa833140000, 0x00007fa8339a4d38, 0x00007fa83eef0000)
  to   space 194240K,   0% used [0x00007fa827390000, 0x00007fa827390000, 0x00007fa833140000)
 tenured generation   total 3884908K, used 3880607K [0x00007fad1db50000, 0x00007fae0ad2b000, 0x00007fb7c8600000)
   the space 3884908K,  99% used [0x00007fad1db50000, 0x00007fae0a8f7db0, 0x00007fae0a8f7e00, 0x00007fae0ad2b000)
 Metaspace       used 24268K, capacity 24683K, committed 24832K, reserved 26624K
}
Event: 7623.699 GC heap after
{Heap after GC invocations=12288 (full 3):
 def new generation   total 1748224K, used 8776K [0x00007fa7c8600000, 0x00007fa83eef0000, 0x00007fad1db50000)
  eden space 1553984K,   0% used [0x00007fa7c8600000, 0x00007fa7c8600000, 0x00007fa827390000)
  from space 194240K,   4% used [0x00007fa827390000, 0x00007fa827c22380, 0x00007fa833140000)
  to   space 194240K,   0% used [0x00007fa833140000, 0x00007fa833140000, 0x00007fa83eef0000)
 tenured generation   total 3884908K, used 3881165K [0x00007fad1db50000, 0x00007fae0ad2b000, 0x00007fb7c8600000)
   the space 3884908K,  99% used [0x00007fad1db50000, 0x00007fae0a983790, 0x00007fae0a983800, 0x00007fae0ad2b000)
 Metaspace       used 24268K, capacity 24683K, committed 24832K, reserved 26624K
}
Event: 7624.747 GC heap before
{Heap before GC invocations=12288 (full 3):
 def new generation   total 1748224K, used 1562760K [0x00007fa7c8600000, 0x00007fa83eef0000, 0x00007fad1db50000)
  eden space 1553984K, 100% used [0x00007fa7c8600000, 0x00007fa827390000, 0x00007fa827390000)
  from space 194240K,   4% used [0x00007fa827390000, 0x00007fa827c22380, 0x00007fa833140000)
  to   space 194240K,   0% used [0x00007fa833140000, 0x00007fa833140000, 0x00007fa83eef0000)
 tenured generation   total 3884908K, used 3881165K [0x00007fad1db50000, 0x00007fae0ad2b000, 0x00007fb7c8600000)
   the space 3884908K,  99% used [0x00007fad1db50000, 0x00007fae0a983790, 0x00007fae0a983800, 0x00007fae0ad2b000)
 Metaspace       used 24268K, capacity 24683K, committed 24832K, reserved 26624K
}
Event: 7624.767 GC heap after
{Heap after GC invocations=12289 (full 3):
 def new generation   total 1748224K, used 8975K [0x00007fa7c8600000, 0x00007fa83eef0000, 0x00007fad1db50000)
  eden space 1553984K,   0% used [0x00007fa7c8600000, 0x00007fa7c8600000, 0x00007fa827390000)
  from space 194240K,   4% used [0x00007fa833140000, 0x00007fa833a03ed0, 0x00007fa83eef0000)
  to   space 194240K,   0% used [0x00007fa827390000, 0x00007fa827390000, 0x00007fa833140000)
 tenured generation   total 3884908K, used 3881724K [0x00007fad1db50000, 0x00007fae0ad2b000, 0x00007fb7c8600000)
   the space 3884908K,  99% used [0x00007fad1db50000, 0x00007fae0aa0f170, 0x00007fae0aa0f200, 0x00007fae0ad2b000)
 Metaspace       used 24268K, capacity 24683K, committed 24832K, reserved 26624K
}
Event: 7625.810 GC heap before
{Heap before GC invocations=12289 (full 3):
 def new generation   total 1748224K, used 1562959K [0x00007fa7c8600000, 0x00007fa83eef0000, 0x00007fad1db50000)
  eden space 1553984K, 100% used [0x00007fa7c8600000, 0x00007fa827390000, 0x00007fa827390000)
  from space 194240K,   4% used [0x00007fa833140000, 0x00007fa833a03ed0, 0x00007fa83eef0000)
  to   space 194240K,   0% used [0x00007fa827390000, 0x00007fa827390000, 0x00007fa833140000)
 tenured generation   total 3884908K, used 3881724K [0x00007fad1db50000, 0x00007fae0ad2b000, 0x00007fb7c8600000)
   the space 3884908K,  99% used [0x00007fad1db50000, 0x00007fae0aa0f170, 0x00007fae0aa0f200, 0x00007fae0ad2b000)
 Metaspace       used 24268K, capacity 24683K, committed 24832K, reserved 26624K
}
Event: 7625.829 GC heap after
{Heap after GC invocations=12290 (full 3):
 def new generation   total 1748224K, used 9171K [0x00007fa7c8600000, 0x00007fa83eef0000, 0x00007fad1db50000)
  eden space 1553984K,   0% used [0x00007fa7c8600000, 0x00007fa7c8600000, 0x00007fa827390000)
  from space 194240K,   4% used [0x00007fa827390000, 0x00007fa827c84da8, 0x00007fa833140000)
  to   space 194240K,   0% used [0x00007fa833140000, 0x00007fa833140000, 0x00007fa83eef0000)
 tenured generation   total 3884908K, used 3882282K [0x00007fad1db50000, 0x00007fae0ad2b000, 0x00007fb7c8600000)
   the space 3884908K,  99% used [0x00007fad1db50000, 0x00007fae0aa9ab50, 0x00007fae0aa9ac00, 0x00007fae0ad2b000)
 Metaspace       used 24268K, capacity 24683K, committed 24832K, reserved 26624K
}
Event: 7626.892 GC heap before
{Heap before GC invocations=12290 (full 3):
 def new generation   total 1748224K, used 1563155K [0x00007fa7c8600000, 0x00007fa83eef0000, 0x00007fad1db50000)
  eden space 1553984K, 100% used [0x00007fa7c8600000, 0x00007fa827390000, 0x00007fa827390000)
  from space 194240K,   4% used [0x00007fa827390000, 0x00007fa827c84da8, 0x00007fa833140000)
  to   space 194240K,   0% used [0x00007fa833140000, 0x00007fa833140000, 0x00007fa83eef0000)
 tenured generation   total 3884908K, used 3882282K [0x00007fad1db50000, 0x00007fae0ad2b000, 0x00007fb7c8600000)
   the space 3884908K,  99% used [0x00007fad1db50000, 0x00007fae0aa9ab50, 0x00007fae0aa9ac00, 0x00007fae0ad2b000)
 Metaspace       used 24268K, capacity 24683K, committed 24832K, reserved 26624K
}
Event: 7626.913 GC heap after
{Heap after GC invocations=12291 (full 3):
 def new generation   total 1748224K, used 9354K [0x00007fa7c8600000, 0x00007fa83eef0000, 0x00007fad1db50000)
  eden space 1553984K,   0% used [0x00007fa7c8600000, 0x00007fa7c8600000, 0x00007fa827390000)
  from space 194240K,   4% used [0x00007fa833140000, 0x00007fa833a62900, 0x00007fa83eef0000)
  to   space 194240K,   0% used [0x00007fa827390000, 0x00007fa827390000, 0x00007fa833140000)
 tenured generation   total 3884908K, used 3882841K [0x00007fad1db50000, 0x00007fae0ad2b000, 0x00007fb7c8600000)
   the space 3884908K,  99% used [0x00007fad1db50000, 0x00007fae0ab26530, 0x00007fae0ab26600, 0x00007fae0ad2b000)
 Metaspace       used 24268K, capacity 24683K, committed 24832K, reserved 26624K
}
Event: 7627.932 GC heap before
{Heap before GC invocations=12291 (full 3):
 def new generation   total 1748224K, used 1563338K [0x00007fa7c8600000, 0x00007fa83eef0000, 0x00007fad1db50000)
  eden space 1553984K, 100% used [0x00007fa7c8600000, 0x00007fa827390000, 0x00007fa827390000)
  from space 194240K,   4% used [0x00007fa833140000, 0x00007fa833a62900, 0x00007fa83eef0000)
  to   space 194240K,   0% used [0x00007fa827390000, 0x00007fa827390000, 0x00007fa833140000)
 tenured generation   total 3884908K, used 3882841K [0x00007fad1db50000, 0x00007fae0ad2b000, 0x00007fb7c8600000)
   the space 3884908K,  99% used [0x00007fad1db50000, 0x00007fae0ab26530, 0x00007fae0ab26600, 0x00007fae0ad2b000)
 Metaspace       used 24268K, capacity 24683K, committed 24832K, reserved 26624K
}
Event: 7627.948 GC heap after
{Heap after GC invocations=12292 (full 3):
 def new generation   total 1748224K, used 9179K [0x00007fa7c8600000, 0x00007fa83eef0000, 0x00007fad1db50000)
  eden space 1553984K,   0% used [0x00007fa7c8600000, 0x00007fa7c8600000, 0x00007fa827390000)
  from space 194240K,   4% used [0x00007fa827390000, 0x00007fa827c86e50, 0x00007fa833140000)
  to   space 194240K,   0% used [0x00007fa833140000, 0x00007fa833140000, 0x00007fa83eef0000)
 tenured generation   total 3884908K, used 3883399K [0x00007fad1db50000, 0x00007fae0ad2b000, 0x00007fb7c8600000)
   the space 3884908K,  99% used [0x00007fad1db50000, 0x00007fae0abb1d60, 0x00007fae0abb1e00, 0x00007fae0ad2b000)
 Metaspace       used 24268K, capacity 24683K, committed 24832K, reserved 26624K
}
Event: 7629.049 GC heap before
{Heap before GC invocations=12292 (full 3):
 def new generation   total 1748224K, used 1563163K [0x00007fa7c8600000, 0x00007fa83eef0000, 0x00007fad1db50000)
  eden space 1553984K, 100% used [0x00007fa7c8600000, 0x00007fa827390000, 0x00007fa827390000)
  from space 194240K,   4% used [0x00007fa827390000, 0x00007fa827c86e50, 0x00007fa833140000)
  to   space 194240K,   0% used [0x00007fa833140000, 0x00007fa833140000, 0x00007fa83eef0000)
 tenured generation   total 3884908K, used 3883399K [0x00007fad1db50000, 0x00007fae0ad2b000, 0x00007fb7c8600000)
   the space 3884908K,  99% used [0x00007fad1db50000, 0x00007fae0abb1d60, 0x00007fae0abb1e00, 0x00007fae0ad2b000)
 Metaspace       used 24268K, capacity 24683K, committed 24832K, reserved 26624K
}
Event: 7629.067 GC heap after
{Heap after GC invocations=12293 (full 3):
 def new generation   total 1748224K, used 9191K [0x00007fa7c8600000, 0x00007fa83eef0000, 0x00007fad1db50000)
  eden space 1553984K,   0% used [0x00007fa7c8600000, 0x00007fa7c8600000, 0x00007fa827390000)
  from space 194240K,   4% used [0x00007fa833140000, 0x00007fa833a39ee8, 0x00007fa83eef0000)
  to   space 194240K,   0% used [0x00007fa827390000, 0x00007fa827390000, 0x00007fa833140000)
 tenured generation   total 3884908K, used 3883946K [0x00007fad1db50000, 0x00007fae0ad2b000, 0x00007fb7c8600000)
   the space 3884908K,  99% used [0x00007fad1db50000, 0x00007fae0ac3a860, 0x00007fae0ac3aa00, 0x00007fae0ad2b000)
 Metaspace       used 24268K, capacity 24683K, committed 24832K, reserved 26624K
}
Event: 7630.117 GC heap before
{Heap before GC invocations=12293 (full 3):
 def new generation   total 1748224K, used 1563175K [0x00007fa7c8600000, 0x00007fa83eef0000, 0x00007fad1db50000)
  eden space 1553984K, 100% used [0x00007fa7c8600000, 0x00007fa827390000, 0x00007fa827390000)
  from space 194240K,   4% used [0x00007fa833140000, 0x00007fa833a39ee8, 0x00007fa83eef0000)
  to   space 194240K,   0% used [0x00007fa827390000, 0x00007fa827390000, 0x00007fa833140000)
 tenured generation   total 3884908K, used 3883946K [0x00007fad1db50000, 0x00007fae0ad2b000, 0x00007fb7c8600000)
   the space 3884908K,  99% used [0x00007fad1db50000, 0x00007fae0ac3a860, 0x00007fae0ac3aa00, 0x00007fae0ad2b000)
 Metaspace       used 24268K, capacity 24683K, committed 24832K, reserved 26624K
}
Event: 7630.134 GC heap after
{Heap after GC invocations=12294 (full 3):
 def new generation   total 1748224K, used 9187K [0x00007fa7c8600000, 0x00007fa83eef0000, 0x00007fad1db50000)
  eden space 1553984K,   0% used [0x00007fa7c8600000, 0x00007fa7c8600000, 0x00007fa827390000)
  from space 194240K,   4% used [0x00007fa827390000, 0x00007fa827c88ef0, 0x00007fa833140000)
  to   space 194240K,   0% used [0x00007fa833140000, 0x00007fa833140000, 0x00007fa83eef0000)
 tenured generation   total 3884908K, used 3884508K [0x00007fad1db50000, 0x00007fae0ad2b000, 0x00007fb7c8600000)
   the space 3884908K,  99% used [0x00007fad1db50000, 0x00007fae0acc7380, 0x00007fae0acc7400, 0x00007fae0ad2b000)
 Metaspace       used 24268K, capacity 24683K, committed 24832K, reserved 26624K
}
Event: 7631.182 GC heap before
{Heap before GC invocations=12294 (full 3):
 def new generation   total 1748224K, used 1563171K [0x00007fa7c8600000, 0x00007fa83eef0000, 0x00007fad1db50000)
  eden space 1553984K, 100% used [0x00007fa7c8600000, 0x00007fa827390000, 0x00007fa827390000)
  from space 194240K,   4% used [0x00007fa827390000, 0x00007fa827c88ef0, 0x00007fa833140000)
  to   space 194240K,   0% used [0x00007fa833140000, 0x00007fa833140000, 0x00007fa83eef0000)
 tenured generation   total 3884908K, used 3884508K [0x00007fad1db50000, 0x00007fae0ad2b000, 0x00007fb7c8600000)
   the space 3884908K,  99% used [0x00007fad1db50000, 0x00007fae0acc7380, 0x00007fae0acc7400, 0x00007fae0ad2b000)
 Metaspace       used 24268K, capacity 24683K, committed 24832K, reserved 26624K
}
Event: 7631.200 GC heap after
{Heap after GC invocations=12295 (full 3):
 def new generation   total 1748224K, used 9071K [0x00007fa7c8600000, 0x00007fa83eef0000, 0x00007fad1db50000)
  eden space 1553984K,   0% used [0x00007fa7c8600000, 0x00007fa7c8600000, 0x00007fa827390000)
  from space 194240K,   4% used [0x00007fa833140000, 0x00007fa833a1bfc8, 0x00007fa83eef0000)
  to   space 194240K,   0% used [0x00007fa827390000, 0x00007fa827390000, 0x00007fa833140000)
 tenured generation   total 3885292K, used 3885183K [0x00007fad1db50000, 0x00007fae0ad8b000, 0x00007fb7c8600000)
   the space 3885292K,  99% used [0x00007fad1db50000, 0x00007fae0ad6fda0, 0x00007fae0ad6fe00, 0x00007fae0ad8b000)
 Metaspace       used 24268K, capacity 24683K, committed 24832K, reserved 26624K
}
Event: 7631.200 GC heap before
{Heap before GC invocations=12295 (full 3):
 def new generation   total 1748224K, used 9071K [0x00007fa7c8600000, 0x00007fa83eef0000, 0x00007fad1db50000)
  eden space 1553984K,   0% used [0x00007fa7c8600000, 0x00007fa7c8600000, 0x00007fa827390000)
  from space 194240K,   4% used [0x00007fa833140000, 0x00007fa833a1bfc8, 0x00007fa83eef0000)
  to   space 194240K,   0% used [0x00007fa827390000, 0x00007fa827390000, 0x00007fa833140000)
 tenured generation   total 3885292K, used 3885183K [0x00007fad1db50000, 0x00007fae0ad8b000, 0x00007fb7c8600000)
   the space 3885292K,  99% used [0x00007fad1db50000, 0x00007fae0ad6fda0, 0x00007fae0ad6fe00, 0x00007fae0ad8b000)
 Metaspace       used 24268K, capacity 24683K, committed 24832K, reserved 26624K
}

