# JRE version: OpenJDK Runtime Environment (13.0.7+5) (build 13.0.7+5-Ubuntu-0ubuntu120.04)
# Java VM: OpenJDK 64-Bit Server VM (13.0.7+5-Ubuntu-0ubuntu120.04, mixed mode, tiered, serial gc, linux-amd64)
Heap:
 def new generation   total 4249280K, used 0K [0x00007fc9f0600000, 0x00007fcb108c0000, 0x00007fd49b0a0000)
  eden space 3777152K,   0% used [0x00007fc9f0600000, 0x00007fc9f0600000, 0x00007fcad6ea0000)
  from space 472128K,   0% used [0x00007fcad6ea0000, 0x00007fcad6ea0000, 0x00007fcaf3bb0000)
  to   space 472128K,   0% used [0x00007fcaf3bb0000, 0x00007fcaf3bb0000, 0x00007fcb108c0000)
 tenured generation   total 9459184K, used 9387380K [0x00007fd49b0a0000, 0x00007fd6dc61c000, 0x00007fe9f0600000)
   the space 9459184K,  99% used [0x00007fd49b0a0000, 0x00007fd6d7ffd070, 0x00007fd6d7ffd200, 0x00007fd6dc61c000)
 Metaspace       used 24265K, capacity 24698K, committed 24832K, reserved 26624K
GC Heap History (20 events):
Event: 2469.688 GC heap after
{Heap after GC invocations=1655 (full 7):
 def new generation   total 4249280K, used 191186K [0x00007fc9f0600000, 0x00007fcb108c0000, 0x00007fd49b0a0000)
  eden space 3777152K,   0% used [0x00007fc9f0600000, 0x00007fc9f0600000, 0x00007fcad6ea0000)
  from space 472128K,  40% used [0x00007fcaf3bb0000, 0x00007fcaff6648b8, 0x00007fcb108c0000)
  to   space 472128K,   0% used [0x00007fcad6ea0000, 0x00007fcad6ea0000, 0x00007fcaf3bb0000)
 tenured generation   total 9442796K, used 9341640K [0x00007fd49b0a0000, 0x00007fd6db61b000, 0x00007fe9f0600000)
   the space 9442796K,  98% used [0x00007fd49b0a0000, 0x00007fd6d53521b8, 0x00007fd6d5352200, 0x00007fd6db61b000)
 Metaspace       used 24265K, capacity 24698K, committed 24832K, reserved 26624K
}
Event: 2473.534 GC heap before
{Heap before GC invocations=1655 (full 7):
 def new generation   total 4249280K, used 3968338K [0x00007fc9f0600000, 0x00007fcb108c0000, 0x00007fd49b0a0000)
  eden space 3777152K, 100% used [0x00007fc9f0600000, 0x00007fcad6ea0000, 0x00007fcad6ea0000)
  from space 472128K,  40% used [0x00007fcaf3bb0000, 0x00007fcaff6648b8, 0x00007fcb108c0000)
  to   space 472128K,   0% used [0x00007fcad6ea0000, 0x00007fcad6ea0000, 0x00007fcaf3bb0000)
 tenured generation   total 9442796K, used 9341640K [0x00007fd49b0a0000, 0x00007fd6db61b000, 0x00007fe9f0600000)
   the space 9442796K,  98% used [0x00007fd49b0a0000, 0x00007fd6d53521b8, 0x00007fd6d5352200, 0x00007fd6db61b000)
 Metaspace       used 24265K, capacity 24698K, committed 24832K, reserved 26624K
}
Event: 2473.698 GC heap after
{Heap after GC invocations=1656 (full 7):
 def new generation   total 4249280K, used 203497K [0x00007fc9f0600000, 0x00007fcb108c0000, 0x00007fd49b0a0000)
  eden space 3777152K,   0% used [0x00007fc9f0600000, 0x00007fc9f0600000, 0x00007fcad6ea0000)
  from space 472128K,  43% used [0x00007fcad6ea0000, 0x00007fcae355a720, 0x00007fcaf3bb0000)
  to   space 472128K,   0% used [0x00007fcaf3bb0000, 0x00007fcaf3bb0000, 0x00007fcb108c0000)
 tenured generation   total 9442796K, used 9341640K [0x00007fd49b0a0000, 0x00007fd6db61b000, 0x00007fe9f0600000)
   the space 9442796K,  98% used [0x00007fd49b0a0000, 0x00007fd6d53521b8, 0x00007fd6d5352200, 0x00007fd6db61b000)
 Metaspace       used 24265K, capacity 24698K, committed 24832K, reserved 26624K
}
Event: 2478.024 GC heap before
{Heap before GC invocations=1656 (full 7):
 def new generation   total 4249280K, used 3980649K [0x00007fc9f0600000, 0x00007fcb108c0000, 0x00007fd49b0a0000)
  eden space 3777152K, 100% used [0x00007fc9f0600000, 0x00007fcad6ea0000, 0x00007fcad6ea0000)
  from space 472128K,  43% used [0x00007fcad6ea0000, 0x00007fcae355a720, 0x00007fcaf3bb0000)
  to   space 472128K,   0% used [0x00007fcaf3bb0000, 0x00007fcaf3bb0000, 0x00007fcb108c0000)
 tenured generation   total 9442796K, used 9341640K [0x00007fd49b0a0000, 0x00007fd6db61b000, 0x00007fe9f0600000)
   the space 9442796K,  98% used [0x00007fd49b0a0000, 0x00007fd6d53521b8, 0x00007fd6d5352200, 0x00007fd6db61b000)
 Metaspace       used 24265K, capacity 24698K, committed 24832K, reserved 26624K
}
Event: 2478.194 GC heap after
{Heap after GC invocations=1657 (full 7):
 def new generation   total 4249280K, used 202482K [0x00007fc9f0600000, 0x00007fcb108c0000, 0x00007fd49b0a0000)
  eden space 3777152K,   0% used [0x00007fc9f0600000, 0x00007fc9f0600000, 0x00007fcad6ea0000)
  from space 472128K,  42% used [0x00007fcaf3bb0000, 0x00007fcb0016c988, 0x00007fcb108c0000)
  to   space 472128K,   0% used [0x00007fcad6ea0000, 0x00007fcad6ea0000, 0x00007fcaf3bb0000)
 tenured generation   total 9442796K, used 9358599K [0x00007fd49b0a0000, 0x00007fd6db61b000, 0x00007fe9f0600000)
   the space 9442796K,  99% used [0x00007fd49b0a0000, 0x00007fd6d63e1e50, 0x00007fd6d63e2000, 0x00007fd6db61b000)
 Metaspace       used 24265K, capacity 24698K, committed 24832K, reserved 26624K
}
Event: 2482.305 GC heap before
{Heap before GC invocations=1657 (full 7):
 def new generation   total 4249280K, used 3979634K [0x00007fc9f0600000, 0x00007fcb108c0000, 0x00007fd49b0a0000)
  eden space 3777152K, 100% used [0x00007fc9f0600000, 0x00007fcad6ea0000, 0x00007fcad6ea0000)
  from space 472128K,  42% used [0x00007fcaf3bb0000, 0x00007fcb0016c988, 0x00007fcb108c0000)
  to   space 472128K,   0% used [0x00007fcad6ea0000, 0x00007fcad6ea0000, 0x00007fcaf3bb0000)
 tenured generation   total 9442796K, used 9358599K [0x00007fd49b0a0000, 0x00007fd6db61b000, 0x00007fe9f0600000)
   the space 9442796K,  99% used [0x00007fd49b0a0000, 0x00007fd6d63e1e50, 0x00007fd6d63e2000, 0x00007fd6db61b000)
 Metaspace       used 24265K, capacity 24698K, committed 24832K, reserved 26624K
}
Event: 2482.491 GC heap after
{Heap after GC invocations=1658 (full 7):
 def new generation   total 4249280K, used 212758K [0x00007fc9f0600000, 0x00007fcb108c0000, 0x00007fd49b0a0000)
  eden space 3777152K,   0% used [0x00007fc9f0600000, 0x00007fc9f0600000, 0x00007fcad6ea0000)
  from space 472128K,  45% used [0x00007fcad6ea0000, 0x00007fcae3e65900, 0x00007fcaf3bb0000)
  to   space 472128K,   0% used [0x00007fcaf3bb0000, 0x00007fcaf3bb0000, 0x00007fcb108c0000)
 tenured generation   total 9442796K, used 9375558K [0x00007fd49b0a0000, 0x00007fd6db61b000, 0x00007fe9f0600000)
   the space 9442796K,  99% used [0x00007fd49b0a0000, 0x00007fd6d7471ae8, 0x00007fd6d7471c00, 0x00007fd6db61b000)
 Metaspace       used 24265K, capacity 24698K, committed 24832K, reserved 26624K
}
Event: 2486.364 GC heap before
{Heap before GC invocations=1658 (full 7):
 def new generation   total 4249280K, used 3989910K [0x00007fc9f0600000, 0x00007fcb108c0000, 0x00007fd49b0a0000)
  eden space 3777152K, 100% used [0x00007fc9f0600000, 0x00007fcad6ea0000, 0x00007fcad6ea0000)
  from space 472128K,  45% used [0x00007fcad6ea0000, 0x00007fcae3e65900, 0x00007fcaf3bb0000)
  to   space 472128K,   0% used [0x00007fcaf3bb0000, 0x00007fcaf3bb0000, 0x00007fcb108c0000)
 tenured generation   total 9442796K, used 9375558K [0x00007fd49b0a0000, 0x00007fd6db61b000, 0x00007fe9f0600000)
   the space 9442796K,  99% used [0x00007fd49b0a0000, 0x00007fd6d7471ae8, 0x00007fd6d7471c00, 0x00007fd6db61b000)
 Metaspace       used 24265K, capacity 24698K, committed 24832K, reserved 26624K
}
Event: 2486.508 GC heap after
{Heap after GC invocations=1659 (full 7):
 def new generation   total 4249280K, used 206085K [0x00007fc9f0600000, 0x00007fcb108c0000, 0x00007fd49b0a0000)
  eden space 3777152K,   0% used [0x00007fc9f0600000, 0x00007fc9f0600000, 0x00007fcad6ea0000)
  from space 472128K,  43% used [0x00007fcaf3bb0000, 0x00007fcb004f1510, 0x00007fcb108c0000)
  to   space 472128K,   0% used [0x00007fcad6ea0000, 0x00007fcad6ea0000, 0x00007fcaf3bb0000)
 tenured generation   total 9442796K, used 9375558K [0x00007fd49b0a0000, 0x00007fd6db61b000, 0x00007fe9f0600000)
   the space 9442796K,  99% used [0x00007fd49b0a0000, 0x00007fd6d7471ae8, 0x00007fd6d7471c00, 0x00007fd6db61b000)
 Metaspace       used 24265K, capacity 24698K, committed 24832K, reserved 26624K
}
Event: 2490.699 GC heap before
{Heap before GC invocations=1659 (full 7):
 def new generation   total 4249280K, used 3983237K [0x00007fc9f0600000, 0x00007fcb108c0000, 0x00007fd49b0a0000)
  eden space 3777152K, 100% used [0x00007fc9f0600000, 0x00007fcad6ea0000, 0x00007fcad6ea0000)
  from space 472128K,  43% used [0x00007fcaf3bb0000, 0x00007fcb004f1510, 0x00007fcb108c0000)
  to   space 472128K,   0% used [0x00007fcad6ea0000, 0x00007fcad6ea0000, 0x00007fcaf3bb0000)
 tenured generation   total 9442796K, used 9375558K [0x00007fd49b0a0000, 0x00007fd6db61b000, 0x00007fe9f0600000)
   the space 9442796K,  99% used [0x00007fd49b0a0000, 0x00007fd6d7471ae8, 0x00007fd6d7471c00, 0x00007fd6db61b000)
 Metaspace       used 24265K, capacity 24698K, committed 24832K, reserved 26624K
}
Event: 2490.857 GC heap after
{Heap after GC invocations=1660 (full 7):
 def new generation   total 4249280K, used 203503K [0x00007fc9f0600000, 0x00007fcb108c0000, 0x00007fd49b0a0000)
  eden space 3777152K,   0% used [0x00007fc9f0600000, 0x00007fc9f0600000, 0x00007fcad6ea0000)
  from space 472128K,  43% used [0x00007fcad6ea0000, 0x00007fcae355be68, 0x00007fcaf3bb0000)
  to   space 472128K,   0% used [0x00007fcaf3bb0000, 0x00007fcaf3bb0000, 0x00007fcb108c0000)
 tenured generation   total 9442796K, used 9392517K [0x00007fd49b0a0000, 0x00007fd6db61b000, 0x00007fe9f0600000)
   the space 9442796K,  99% used [0x00007fd49b0a0000, 0x00007fd6d8501780, 0x00007fd6d8501800, 0x00007fd6db61b000)
 Metaspace       used 24265K, capacity 24698K, committed 24832K, reserved 26624K
}
Event: 2495.214 GC heap before
{Heap before GC invocations=1660 (full 7):
 def new generation   total 4249280K, used 3980655K [0x00007fc9f0600000, 0x00007fcb108c0000, 0x00007fd49b0a0000)
  eden space 3777152K, 100% used [0x00007fc9f0600000, 0x00007fcad6ea0000, 0x00007fcad6ea0000)
  from space 472128K,  43% used [0x00007fcad6ea0000, 0x00007fcae355be68, 0x00007fcaf3bb0000)
  to   space 472128K,   0% used [0x00007fcaf3bb0000, 0x00007fcaf3bb0000, 0x00007fcb108c0000)
 tenured generation   total 9442796K, used 9392517K [0x00007fd49b0a0000, 0x00007fd6db61b000, 0x00007fe9f0600000)
   the space 9442796K,  99% used [0x00007fd49b0a0000, 0x00007fd6d8501780, 0x00007fd6d8501800, 0x00007fd6db61b000)
 Metaspace       used 24265K, capacity 24698K, committed 24832K, reserved 26624K
}
Event: 2495.406 GC heap after
{Heap after GC invocations=1661 (full 7):
 def new generation   total 4249280K, used 209182K [0x00007fc9f0600000, 0x00007fcb108c0000, 0x00007fd49b0a0000)
  eden space 3777152K,   0% used [0x00007fc9f0600000, 0x00007fc9f0600000, 0x00007fcad6ea0000)
  from space 472128K,  44% used [0x00007fcaf3bb0000, 0x00007fcb007f78c8, 0x00007fcb108c0000)
  to   space 472128K,   0% used [0x00007fcad6ea0000, 0x00007fcad6ea0000, 0x00007fcaf3bb0000)
 tenured generation   total 9442796K, used 9409477K [0x00007fd49b0a0000, 0x00007fd6db61b000, 0x00007fe9f0600000)
   the space 9442796K,  99% used [0x00007fd49b0a0000, 0x00007fd6d95915b8, 0x00007fd6d9591600, 0x00007fd6db61b000)
 Metaspace       used 24265K, capacity 24698K, committed 24832K, reserved 26624K
}
Event: 2499.450 GC heap before
{Heap before GC invocations=1661 (full 7):
 def new generation   total 4249280K, used 3986334K [0x00007fc9f0600000, 0x00007fcb108c0000, 0x00007fd49b0a0000)
  eden space 3777152K, 100% used [0x00007fc9f0600000, 0x00007fcad6ea0000, 0x00007fcad6ea0000)
  from space 472128K,  44% used [0x00007fcaf3bb0000, 0x00007fcb007f78c8, 0x00007fcb108c0000)
  to   space 472128K,   0% used [0x00007fcad6ea0000, 0x00007fcad6ea0000, 0x00007fcaf3bb0000)
 tenured generation   total 9442796K, used 9409477K [0x00007fd49b0a0000, 0x00007fd6db61b000, 0x00007fe9f0600000)
   the space 9442796K,  99% used [0x00007fd49b0a0000, 0x00007fd6d95915b8, 0x00007fd6d9591600, 0x00007fd6db61b000)
 Metaspace       used 24265K, capacity 24698K, committed 24832K, reserved 26624K
}
Event: 2499.595 GC heap after
{Heap after GC invocations=1662 (full 7):
 def new generation   total 4249280K, used 210200K [0x00007fc9f0600000, 0x00007fcb108c0000, 0x00007fd49b0a0000)
  eden space 3777152K,   0% used [0x00007fc9f0600000, 0x00007fc9f0600000, 0x00007fcad6ea0000)
  from space 472128K,  44% used [0x00007fcad6ea0000, 0x00007fcae3be6080, 0x00007fcaf3bb0000)
  to   space 472128K,   0% used [0x00007fcaf3bb0000, 0x00007fcaf3bb0000, 0x00007fcb108c0000)
 tenured generation   total 9442796K, used 9409477K [0x00007fd49b0a0000, 0x00007fd6db61b000, 0x00007fe9f0600000)
   the space 9442796K,  99% used [0x00007fd49b0a0000, 0x00007fd6d95915b8, 0x00007fd6d9591600, 0x00007fd6db61b000)
 Metaspace       used 24265K, capacity 24698K, committed 24832K, reserved 26624K
}
Event: 2503.657 GC heap before
{Heap before GC invocations=1662 (full 7):
 def new generation   total 4249280K, used 3987352K [0x00007fc9f0600000, 0x00007fcb108c0000, 0x00007fd49b0a0000)
  eden space 3777152K, 100% used [0x00007fc9f0600000, 0x00007fcad6ea0000, 0x00007fcad6ea0000)
  from space 472128K,  44% used [0x00007fcad6ea0000, 0x00007fcae3be6080, 0x00007fcaf3bb0000)
  to   space 472128K,   0% used [0x00007fcaf3bb0000, 0x00007fcaf3bb0000, 0x00007fcb108c0000)
 tenured generation   total 9442796K, used 9409477K [0x00007fd49b0a0000, 0x00007fd6db61b000, 0x00007fe9f0600000)
   the space 9442796K,  99% used [0x00007fd49b0a0000, 0x00007fd6d95915b8, 0x00007fd6d9591600, 0x00007fd6db61b000)
 Metaspace       used 24265K, capacity 24698K, committed 24832K, reserved 26624K
}
Event: 2503.823 GC heap after
{Heap after GC invocations=1663 (full 7):
 def new generation   total 4249280K, used 221482K [0x00007fc9f0600000, 0x00007fcb108c0000, 0x00007fd49b0a0000)
  eden space 3777152K,   0% used [0x00007fc9f0600000, 0x00007fc9f0600000, 0x00007fcad6ea0000)
  from space 472128K,  46% used [0x00007fcaf3bb0000, 0x00007fcb013fa9c0, 0x00007fcb108c0000)
  to   space 472128K,   0% used [0x00007fcad6ea0000, 0x00007fcad6ea0000, 0x00007fcaf3bb0000)
 tenured generation   total 9442796K, used 9426436K [0x00007fd49b0a0000, 0x00007fd6db61b000, 0x00007fe9f0600000)
   the space 9442796K,  99% used [0x00007fd49b0a0000, 0x00007fd6da621250, 0x00007fd6da621400, 0x00007fd6db61b000)
 Metaspace       used 24265K, capacity 24698K, committed 24832K, reserved 26624K
}
Event: 2508.293 GC heap before
{Heap before GC invocations=1663 (full 7):
 def new generation   total 4249280K, used 3998634K [0x00007fc9f0600000, 0x00007fcb108c0000, 0x00007fd49b0a0000)
  eden space 3777152K, 100% used [0x00007fc9f0600000, 0x00007fcad6ea0000, 0x00007fcad6ea0000)
  from space 472128K,  46% used [0x00007fcaf3bb0000, 0x00007fcb013fa9c0, 0x00007fcb108c0000)
  to   space 472128K,   0% used [0x00007fcad6ea0000, 0x00007fcad6ea0000, 0x00007fcaf3bb0000)
 tenured generation   total 9442796K, used 9426436K [0x00007fd49b0a0000, 0x00007fd6db61b000, 0x00007fe9f0600000)
   the space 9442796K,  99% used [0x00007fd49b0a0000, 0x00007fd6da621250, 0x00007fd6da621400, 0x00007fd6db61b000)
 Metaspace       used 24265K, capacity 24698K, committed 24832K, reserved 26624K
}
Event: 2508.465 GC heap after
{Heap after GC invocations=1664 (full 7):
 def new generation   total 4249280K, used 204003K [0x00007fc9f0600000, 0x00007fcb108c0000, 0x00007fd49b0a0000)
  eden space 3777152K,   0% used [0x00007fc9f0600000, 0x00007fc9f0600000, 0x00007fcad6ea0000)
  from space 472128K,  43% used [0x00007fcad6ea0000, 0x00007fcae35d8dc0, 0x00007fcaf3bb0000)
  to   space 472128K,   0% used [0x00007fcaf3bb0000, 0x00007fcaf3bb0000, 0x00007fcb108c0000)
 tenured generation   total 9459184K, used 9443395K [0x00007fd49b0a0000, 0x00007fd6dc61c000, 0x00007fe9f0600000)
   the space 9459184K,  99% used [0x00007fd49b0a0000, 0x00007fd6db6b0ee8, 0x00007fd6db6b1000, 0x00007fd6dc61c000)
 Metaspace       used 24265K, capacity 24698K, committed 24832K, reserved 26624K
}
Event: 2508.465 GC heap before
{Heap before GC invocations=1664 (full 7):
 def new generation   total 4249280K, used 204003K [0x00007fc9f0600000, 0x00007fcb108c0000, 0x00007fd49b0a0000)
  eden space 3777152K,   0% used [0x00007fc9f0600000, 0x00007fc9f0600000, 0x00007fcad6ea0000)
  from space 472128K,  43% used [0x00007fcad6ea0000, 0x00007fcae35d8dc0, 0x00007fcaf3bb0000)
  to   space 472128K,   0% used [0x00007fcaf3bb0000, 0x00007fcaf3bb0000, 0x00007fcb108c0000)
 tenured generation   total 9459184K, used 9443395K [0x00007fd49b0a0000, 0x00007fd6dc61c000, 0x00007fe9f0600000)
   the space 9459184K,  99% used [0x00007fd49b0a0000, 0x00007fd6db6b0ee8, 0x00007fd6db6b1000, 0x00007fd6dc61c000)
 Metaspace       used 24265K, capacity 24698K, committed 24832K, reserved 26624K
}

