# JRE version: OpenJDK Runtime Environment (13.0.7+5) (build 13.0.7+5-Ubuntu-0ubuntu120.04)
# Java VM: OpenJDK 64-Bit Server VM (13.0.7+5-Ubuntu-0ubuntu120.04, mixed mode, tiered, serial gc, linux-amd64)
Heap:
 def new generation   total 1048832K, used 8043K [0x00007f4fc8600000, 0x00007f500f800000, 0x00007f551db50000)
  eden space 932352K,   0% used [0x00007f4fc8600000, 0x00007f4fc8ddaf90, 0x00007f5001480000)
  from space 116480K,   0% used [0x00007f5008640000, 0x00007f5008640000, 0x00007f500f800000)
  to   space 116480K,   0% used [0x00007f5001480000, 0x00007f5001480000, 0x00007f5008640000)
 tenured generation   total 2331136K, used 2331135K [0x00007f551db50000, 0x00007f55abfd0000, 0x00007f5fc8600000)
   the space 2331136K,  99% used [0x00007f551db50000, 0x00007f55abfcfff0, 0x00007f55abfd0000, 0x00007f55abfd0000)
 Metaspace       used 24321K, capacity 24746K, committed 24832K, reserved 26624K
GC Heap History (20 events):
Event: 4348.805 GC heap after
{Heap after GC invocations=6781 (full 2):
 def new generation   total 1048832K, used 6678K [0x00007f4fc8600000, 0x00007f500f800000, 0x00007f551db50000)
  eden space 932352K,   0% used [0x00007f4fc8600000, 0x00007f4fc8600000, 0x00007f5001480000)
  from space 116480K,   5% used [0x00007f5001480000, 0x00007f5001b05a58, 0x00007f5008640000)
  to   space 116480K,   0% used [0x00007f5008640000, 0x00007f5008640000, 0x00007f500f800000)
 tenured generation   total 2330560K, used 2327553K [0x00007f551db50000, 0x00007f55abf40000, 0x00007f5fc8600000)
   the space 2330560K,  99% used [0x00007f551db50000, 0x00007f55abc507c0, 0x00007f55abc50800, 0x00007f55abf40000)
 Metaspace       used 24321K, capacity 24746K, committed 24832K, reserved 26624K
}
Event: 4349.646 GC heap before
{Heap before GC invocations=6781 (full 2):
 def new generation   total 1048832K, used 939030K [0x00007f4fc8600000, 0x00007f500f800000, 0x00007f551db50000)
  eden space 932352K, 100% used [0x00007f4fc8600000, 0x00007f5001480000, 0x00007f5001480000)
  from space 116480K,   5% used [0x00007f5001480000, 0x00007f5001b05a58, 0x00007f5008640000)
  to   space 116480K,   0% used [0x00007f5008640000, 0x00007f5008640000, 0x00007f500f800000)
 tenured generation   total 2330560K, used 2327553K [0x00007f551db50000, 0x00007f55abf40000, 0x00007f5fc8600000)
   the space 2330560K,  99% used [0x00007f551db50000, 0x00007f55abc507c0, 0x00007f55abc50800, 0x00007f55abf40000)
 Metaspace       used 24321K, capacity 24746K, committed 24832K, reserved 26624K
}
Event: 4349.663 GC heap after
{Heap after GC invocations=6782 (full 2):
 def new generation   total 1048832K, used 6678K [0x00007f4fc8600000, 0x00007f500f800000, 0x00007f551db50000)
  eden space 932352K,   0% used [0x00007f4fc8600000, 0x00007f4fc8600000, 0x00007f5001480000)
  from space 116480K,   5% used [0x00007f5008640000, 0x00007f5008cc5be8, 0x00007f500f800000)
  to   space 116480K,   0% used [0x00007f5001480000, 0x00007f5001480000, 0x00007f5008640000)
 tenured generation   total 2330560K, used 2327895K [0x00007f551db50000, 0x00007f55abf40000, 0x00007f5fc8600000)
   the space 2330560K,  99% used [0x00007f551db50000, 0x00007f55abca5f78, 0x00007f55abca6000, 0x00007f55abf40000)
 Metaspace       used 24321K, capacity 24746K, committed 24832K, reserved 26624K
}
Event: 4350.513 GC heap before
{Heap before GC invocations=6782 (full 2):
 def new generation   total 1048832K, used 939030K [0x00007f4fc8600000, 0x00007f500f800000, 0x00007f551db50000)
  eden space 932352K, 100% used [0x00007f4fc8600000, 0x00007f5001480000, 0x00007f5001480000)
  from space 116480K,   5% used [0x00007f5008640000, 0x00007f5008cc5be8, 0x00007f500f800000)
  to   space 116480K,   0% used [0x00007f5001480000, 0x00007f5001480000, 0x00007f5008640000)
 tenured generation   total 2330560K, used 2327895K [0x00007f551db50000, 0x00007f55abf40000, 0x00007f5fc8600000)
   the space 2330560K,  99% used [0x00007f551db50000, 0x00007f55abca5f78, 0x00007f55abca6000, 0x00007f55abf40000)
 Metaspace       used 24321K, capacity 24746K, committed 24832K, reserved 26624K
}
Event: 4350.537 GC heap after
{Heap after GC invocations=6783 (full 2):
 def new generation   total 1048832K, used 6679K [0x00007f4fc8600000, 0x00007f500f800000, 0x00007f551db50000)
  eden space 932352K,   0% used [0x00007f4fc8600000, 0x00007f4fc8600000, 0x00007f5001480000)
  from space 116480K,   5% used [0x00007f5001480000, 0x00007f5001b05da8, 0x00007f5008640000)
  to   space 116480K,   0% used [0x00007f5008640000, 0x00007f5008640000, 0x00007f500f800000)
 tenured generation   total 2330560K, used 2328237K [0x00007f551db50000, 0x00007f55abf40000, 0x00007f5fc8600000)
   the space 2330560K,  99% used [0x00007f551db50000, 0x00007f55abcfb730, 0x00007f55abcfb800, 0x00007f55abf40000)
 Metaspace       used 24321K, capacity 24746K, committed 24832K, reserved 26624K
}
Event: 4351.395 GC heap before
{Heap before GC invocations=6783 (full 2):
 def new generation   total 1048832K, used 939031K [0x00007f4fc8600000, 0x00007f500f800000, 0x00007f551db50000)
  eden space 932352K, 100% used [0x00007f4fc8600000, 0x00007f5001480000, 0x00007f5001480000)
  from space 116480K,   5% used [0x00007f5001480000, 0x00007f5001b05da8, 0x00007f5008640000)
  to   space 116480K,   0% used [0x00007f5008640000, 0x00007f5008640000, 0x00007f500f800000)
 tenured generation   total 2330560K, used 2328237K [0x00007f551db50000, 0x00007f55abf40000, 0x00007f5fc8600000)
   the space 2330560K,  99% used [0x00007f551db50000, 0x00007f55abcfb730, 0x00007f55abcfb800, 0x00007f55abf40000)
 Metaspace       used 24321K, capacity 24746K, committed 24832K, reserved 26624K
}
Event: 4351.410 GC heap after
{Heap after GC invocations=6784 (full 2):
 def new generation   total 1048832K, used 6679K [0x00007f4fc8600000, 0x00007f500f800000, 0x00007f551db50000)
  eden space 932352K,   0% used [0x00007f4fc8600000, 0x00007f4fc8600000, 0x00007f5001480000)
  from space 116480K,   5% used [0x00007f5008640000, 0x00007f5008cc5e18, 0x00007f500f800000)
  to   space 116480K,   0% used [0x00007f5001480000, 0x00007f5001480000, 0x00007f5008640000)
 tenured generation   total 2330560K, used 2328579K [0x00007f551db50000, 0x00007f55abf40000, 0x00007f5fc8600000)
   the space 2330560K,  99% used [0x00007f551db50000, 0x00007f55abd50ee8, 0x00007f55abd51000, 0x00007f55abf40000)
 Metaspace       used 24321K, capacity 24746K, committed 24832K, reserved 26624K
}
Event: 4352.261 GC heap before
{Heap before GC invocations=6784 (full 2):
 def new generation   total 1048832K, used 939031K [0x00007f4fc8600000, 0x00007f500f800000, 0x00007f551db50000)
  eden space 932352K, 100% used [0x00007f4fc8600000, 0x00007f5001480000, 0x00007f5001480000)
  from space 116480K,   5% used [0x00007f5008640000, 0x00007f5008cc5e18, 0x00007f500f800000)
  to   space 116480K,   0% used [0x00007f5001480000, 0x00007f5001480000, 0x00007f5008640000)
 tenured generation   total 2330560K, used 2328579K [0x00007f551db50000, 0x00007f55abf40000, 0x00007f5fc8600000)
   the space 2330560K,  99% used [0x00007f551db50000, 0x00007f55abd50ee8, 0x00007f55abd51000, 0x00007f55abf40000)
 Metaspace       used 24321K, capacity 24746K, committed 24832K, reserved 26624K
}
Event: 4352.282 GC heap after
{Heap after GC invocations=6785 (full 2):
 def new generation   total 1048832K, used 6688K [0x00007f4fc8600000, 0x00007f500f800000, 0x00007f551db50000)
  eden space 932352K,   0% used [0x00007f4fc8600000, 0x00007f4fc8600000, 0x00007f5001480000)
  from space 116480K,   5% used [0x00007f5001480000, 0x00007f5001b08260, 0x00007f5008640000)
  to   space 116480K,   0% used [0x00007f5008640000, 0x00007f5008640000, 0x00007f500f800000)
 tenured generation   total 2330560K, used 2328921K [0x00007f551db50000, 0x00007f55abf40000, 0x00007f5fc8600000)
   the space 2330560K,  99% used [0x00007f551db50000, 0x00007f55abda66a0, 0x00007f55abda6800, 0x00007f55abf40000)
 Metaspace       used 24321K, capacity 24746K, committed 24832K, reserved 26624K
}
Event: 4353.127 GC heap before
{Heap before GC invocations=6785 (full 2):
 def new generation   total 1048832K, used 939040K [0x00007f4fc8600000, 0x00007f500f800000, 0x00007f551db50000)
  eden space 932352K, 100% used [0x00007f4fc8600000, 0x00007f5001480000, 0x00007f5001480000)
  from space 116480K,   5% used [0x00007f5001480000, 0x00007f5001b08260, 0x00007f5008640000)
  to   space 116480K,   0% used [0x00007f5008640000, 0x00007f5008640000, 0x00007f500f800000)
 tenured generation   total 2330560K, used 2328921K [0x00007f551db50000, 0x00007f55abf40000, 0x00007f5fc8600000)
   the space 2330560K,  99% used [0x00007f551db50000, 0x00007f55abda66a0, 0x00007f55abda6800, 0x00007f55abf40000)
 Metaspace       used 24321K, capacity 24746K, committed 24832K, reserved 26624K
}
Event: 4353.146 GC heap after
{Heap after GC invocations=6786 (full 2):
 def new generation   total 1048832K, used 6891K [0x00007f4fc8600000, 0x00007f500f800000, 0x00007f551db50000)
  eden space 932352K,   0% used [0x00007f4fc8600000, 0x00007f4fc8600000, 0x00007f5001480000)
  from space 116480K,   5% used [0x00007f5008640000, 0x00007f5008cfad88, 0x00007f500f800000)
  to   space 116480K,   0% used [0x00007f5001480000, 0x00007f5001480000, 0x00007f5008640000)
 tenured generation   total 2330560K, used 2329263K [0x00007f551db50000, 0x00007f55abf40000, 0x00007f5fc8600000)
   the space 2330560K,  99% used [0x00007f551db50000, 0x00007f55abdfbe58, 0x00007f55abdfc000, 0x00007f55abf40000)
 Metaspace       used 24321K, capacity 24746K, committed 24832K, reserved 26624K
}
Event: 4353.984 GC heap before
{Heap before GC invocations=6786 (full 2):
 def new generation   total 1048832K, used 939243K [0x00007f4fc8600000, 0x00007f500f800000, 0x00007f551db50000)
  eden space 932352K, 100% used [0x00007f4fc8600000, 0x00007f5001480000, 0x00007f5001480000)
  from space 116480K,   5% used [0x00007f5008640000, 0x00007f5008cfad88, 0x00007f500f800000)
  to   space 116480K,   0% used [0x00007f5001480000, 0x00007f5001480000, 0x00007f5008640000)
 tenured generation   total 2330560K, used 2329263K [0x00007f551db50000, 0x00007f55abf40000, 0x00007f5fc8600000)
   the space 2330560K,  99% used [0x00007f551db50000, 0x00007f55abdfbe58, 0x00007f55abdfc000, 0x00007f55abf40000)
 Metaspace       used 24321K, capacity 24746K, committed 24832K, reserved 26624K
}
Event: 4354.004 GC heap after
{Heap after GC invocations=6787 (full 2):
 def new generation   total 1048832K, used 7011K [0x00007f4fc8600000, 0x00007f500f800000, 0x00007f551db50000)
  eden space 932352K,   0% used [0x00007f4fc8600000, 0x00007f4fc8600000, 0x00007f5001480000)
  from space 116480K,   6% used [0x00007f5001480000, 0x00007f5001b58e08, 0x00007f5008640000)
  to   space 116480K,   0% used [0x00007f5008640000, 0x00007f5008640000, 0x00007f500f800000)
 tenured generation   total 2330560K, used 2329677K [0x00007f551db50000, 0x00007f55abf40000, 0x00007f5fc8600000)
   the space 2330560K,  99% used [0x00007f551db50000, 0x00007f55abe63400, 0x00007f55abe63400, 0x00007f55abf40000)
 Metaspace       used 24321K, capacity 24746K, committed 24832K, reserved 26624K
}
Event: 4354.829 GC heap before
{Heap before GC invocations=6787 (full 2):
 def new generation   total 1048832K, used 939363K [0x00007f4fc8600000, 0x00007f500f800000, 0x00007f551db50000)
  eden space 932352K, 100% used [0x00007f4fc8600000, 0x00007f5001480000, 0x00007f5001480000)
  from space 116480K,   6% used [0x00007f5001480000, 0x00007f5001b58e08, 0x00007f5008640000)
  to   space 116480K,   0% used [0x00007f5008640000, 0x00007f5008640000, 0x00007f500f800000)
 tenured generation   total 2330560K, used 2329677K [0x00007f551db50000, 0x00007f55abf40000, 0x00007f5fc8600000)
   the space 2330560K,  99% used [0x00007f551db50000, 0x00007f55abe63400, 0x00007f55abe63400, 0x00007f55abf40000)
 Metaspace       used 24321K, capacity 24746K, committed 24832K, reserved 26624K
}
Event: 4354.848 GC heap after
{Heap after GC invocations=6788 (full 2):
 def new generation   total 1048832K, used 7130K [0x00007f4fc8600000, 0x00007f500f800000, 0x00007f551db50000)
  eden space 932352K,   0% used [0x00007f4fc8600000, 0x00007f4fc8600000, 0x00007f5001480000)
  from space 116480K,   6% used [0x00007f5008640000, 0x00007f5008d36ac8, 0x00007f500f800000)
  to   space 116480K,   0% used [0x00007f5001480000, 0x00007f5001480000, 0x00007f5008640000)
 tenured generation   total 2330560K, used 2330090K [0x00007f551db50000, 0x00007f55abf40000, 0x00007f5fc8600000)
   the space 2330560K,  99% used [0x00007f551db50000, 0x00007f55abeca918, 0x00007f55abecaa00, 0x00007f55abf40000)
 Metaspace       used 24321K, capacity 24746K, committed 24832K, reserved 26624K
}
Event: 4355.684 GC heap before
{Heap before GC invocations=6788 (full 2):
 def new generation   total 1048832K, used 939482K [0x00007f4fc8600000, 0x00007f500f800000, 0x00007f551db50000)
  eden space 932352K, 100% used [0x00007f4fc8600000, 0x00007f5001480000, 0x00007f5001480000)
  from space 116480K,   6% used [0x00007f5008640000, 0x00007f5008d36ac8, 0x00007f500f800000)
  to   space 116480K,   0% used [0x00007f5001480000, 0x00007f5001480000, 0x00007f5008640000)
 tenured generation   total 2330560K, used 2330090K [0x00007f551db50000, 0x00007f55abf40000, 0x00007f5fc8600000)
   the space 2330560K,  99% used [0x00007f551db50000, 0x00007f55abeca918, 0x00007f55abecaa00, 0x00007f55abf40000)
 Metaspace       used 24321K, capacity 24746K, committed 24832K, reserved 26624K
}
Event: 4355.704 GC heap after
{Heap after GC invocations=6789 (full 2):
 def new generation   total 1048832K, used 7611K [0x00007f4fc8600000, 0x00007f500f800000, 0x00007f551db50000)
  eden space 932352K,   0% used [0x00007f4fc8600000, 0x00007f4fc8600000, 0x00007f5001480000)
  from space 116480K,   6% used [0x00007f5001480000, 0x00007f5001beee18, 0x00007f5008640000)
  to   space 116480K,   0% used [0x00007f5008640000, 0x00007f5008640000, 0x00007f500f800000)
 tenured generation   total 2330560K, used 2330515K [0x00007f551db50000, 0x00007f55abf40000, 0x00007f5fc8600000)
   the space 2330560K,  99% used [0x00007f551db50000, 0x00007f55abf34e98, 0x00007f55abf35000, 0x00007f55abf40000)
 Metaspace       used 24321K, capacity 24746K, committed 24832K, reserved 26624K
}
Event: 4356.567 GC heap before
{Heap before GC invocations=6789 (full 2):
 def new generation   total 1048832K, used 939963K [0x00007f4fc8600000, 0x00007f500f800000, 0x00007f551db50000)
  eden space 932352K, 100% used [0x00007f4fc8600000, 0x00007f5001480000, 0x00007f5001480000)
  from space 116480K,   6% used [0x00007f5001480000, 0x00007f5001beee18, 0x00007f5008640000)
  to   space 116480K,   0% used [0x00007f5008640000, 0x00007f5008640000, 0x00007f500f800000)
 tenured generation   total 2330560K, used 2330515K [0x00007f551db50000, 0x00007f55abf40000, 0x00007f5fc8600000)
   the space 2330560K,  99% used [0x00007f551db50000, 0x00007f55abf34e98, 0x00007f55abf35000, 0x00007f55abf40000)
 Metaspace       used 24321K, capacity 24746K, committed 24832K, reserved 26624K
}
Event: 4356.588 GC heap after
{Heap after GC invocations=6790 (full 2):
 def new generation   total 1048832K, used 8226K [0x00007f4fc8600000, 0x00007f500f800000, 0x00007f551db50000)
  eden space 932352K,   0% used [0x00007f4fc8600000, 0x00007f4fc8600000, 0x00007f5001480000)
  from space 116480K,   7% used [0x00007f5008640000, 0x00007f5008e48b90, 0x00007f500f800000)
  to   space 116480K,   0% used [0x00007f5001480000, 0x00007f5001480000, 0x00007f5008640000)
 tenured generation   total 2331136K, used 2330952K [0x00007f551db50000, 0x00007f55abfd0000, 0x00007f5fc8600000)
   the space 2331136K,  99% used [0x00007f551db50000, 0x00007f55abfa23f0, 0x00007f55abfa2400, 0x00007f55abfd0000)
 Metaspace       used 24321K, capacity 24746K, committed 24832K, reserved 26624K
}
Event: 4356.588 GC heap before
{Heap before GC invocations=6790 (full 2):
 def new generation   total 1048832K, used 8226K [0x00007f4fc8600000, 0x00007f500f800000, 0x00007f551db50000)
  eden space 932352K,   0% used [0x00007f4fc8600000, 0x00007f4fc8600000, 0x00007f5001480000)
  from space 116480K,   7% used [0x00007f5008640000, 0x00007f5008e48b90, 0x00007f500f800000)
  to   space 116480K,   0% used [0x00007f5001480000, 0x00007f5001480000, 0x00007f5008640000)
 tenured generation   total 2331136K, used 2330952K [0x00007f551db50000, 0x00007f55abfd0000, 0x00007f5fc8600000)
   the space 2331136K,  99% used [0x00007f551db50000, 0x00007f55abfa23f0, 0x00007f55abfa2400, 0x00007f55abfd0000)
 Metaspace       used 24321K, capacity 24746K, committed 24832K, reserved 26624K
}

