# JRE version: OpenJDK Runtime Environment (13.0.7+5) (build 13.0.7+5-Ubuntu-0ubuntu120.04)
# Java VM: OpenJDK 64-Bit Server VM (13.0.7+5-Ubuntu-0ubuntu120.04, mixed mode, tiered, serial gc, linux-amd64)
Heap:
 def new generation   total 3158528K, used 2152675K [0x00007f7a78600000, 0x00007f7b4e930000, 0x00007f7fcdb50000)
  eden space 2807616K,  76% used [0x00007f7a78600000, 0x00007f7afbc38b40, 0x00007f7b23bd0000)
  from space 350912K,   0% used [0x00007f7b23bd0000, 0x00007f7b23bd04a8, 0x00007f7b39280000)
  to   space 350912K,   0% used [0x00007f7b39280000, 0x00007f7b39280548, 0x00007f7b4e930000)
 tenured generation   total 7018772K, used 6303930K [0x00007f7fcdb50000, 0x00007f817a195000, 0x00007f8a78600000)
   the space 7018772K,  89% used [0x00007f7fcdb50000, 0x00007f814e77ebf0, 0x00007f814e77ec00, 0x00007f817a195000)
 Metaspace       used 23393K, capacity 23807K, committed 24064K, reserved 24576K
GC Heap History (20 events):
Event: 69.051 GC heap after
{Heap after GC invocations=17 (full 6):
 def new generation   total 3158528K, used 142917K [0x00007f7a78600000, 0x00007f7b4e930000, 0x00007f7fcdb50000)
  eden space 2807616K,   0% used [0x00007f7a78600000, 0x00007f7a78600000, 0x00007f7b23bd0000)
  from space 350912K,  40% used [0x00007f7b23bd0000, 0x00007f7b2c761660, 0x00007f7b39280000)
  to   space 350912K,   0% used [0x00007f7b39280000, 0x00007f7b39280000, 0x00007f7b4e930000)
 tenured generation   total 7018772K, used 4730945K [0x00007f7fcdb50000, 0x00007f817a195000, 0x00007f8a78600000)
   the space 7018772K,  67% used [0x00007f7fcdb50000, 0x00007f80ee7604f0, 0x00007f80ee760600, 0x00007f817a195000)
 Metaspace       used 23386K, capacity 23805K, committed 24064K, reserved 24576K
}
Event: 69.052 GC heap before
{Heap before GC invocations=17 (full 6):
 def new generation   total 3158528K, used 142917K [0x00007f7a78600000, 0x00007f7b4e930000, 0x00007f7fcdb50000)
  eden space 2807616K,   0% used [0x00007f7a78600000, 0x00007f7a78600000, 0x00007f7b23bd0000)
  from space 350912K,  40% used [0x00007f7b23bd0000, 0x00007f7b2c761660, 0x00007f7b39280000)
  to   space 350912K,   0% used [0x00007f7b39280000, 0x00007f7b39280000, 0x00007f7b4e930000)
 tenured generation   total 7018772K, used 4730945K [0x00007f7fcdb50000, 0x00007f817a195000, 0x00007f8a78600000)
   the space 7018772K,  67% used [0x00007f7fcdb50000, 0x00007f80ee7604f0, 0x00007f80ee760600, 0x00007f817a195000)
 Metaspace       used 23386K, capacity 23805K, committed 24064K, reserved 24576K
}
Event: 69.102 GC heap after
{Heap after GC invocations=17 (full 7):
 def new generation   total 3158528K, used 0K [0x00007f7a78600000, 0x00007f7b4e930000, 0x00007f7fcdb50000)
  eden space 2807616K,   0% used [0x00007f7a78600000, 0x00007f7a78600000, 0x00007f7b23bd0000)
  from space 350912K,   0% used [0x00007f7b23bd0000, 0x00007f7b23bd0000, 0x00007f7b39280000)
  to   space 350912K,   0% used [0x00007f7b39280000, 0x00007f7b39280000, 0x00007f7b4e930000)
 tenured generation   total 7018772K, used 15462K [0x00007f7fcdb50000, 0x00007f817a195000, 0x00007f8a78600000)
   the space 7018772K,   0% used [0x00007f7fcdb50000, 0x00007f7fcea699e0, 0x00007f7fcea69a00, 0x00007f817a195000)
 Metaspace       used 23386K, capacity 23805K, committed 24064K, reserved 24576K
}
Event: 74.487 GC heap before
{Heap before GC invocations=17 (full 7):
 def new generation   total 3158528K, used 2152105K [0x00007f7a78600000, 0x00007f7b4e930000, 0x00007f7fcdb50000)
  eden space 2807616K,  76% used [0x00007f7a78600000, 0x00007f7afbbaa628, 0x00007f7b23bd0000)
  from space 350912K,   0% used [0x00007f7b23bd0000, 0x00007f7b23bd0000, 0x00007f7b39280000)
  to   space 350912K,   0% used [0x00007f7b39280000, 0x00007f7b39280000, 0x00007f7b4e930000)
 tenured generation   total 7018772K, used 4209766K [0x00007f7fcdb50000, 0x00007f817a195000, 0x00007f8a78600000)
   the space 7018772K,  59% used [0x00007f7fcdb50000, 0x00007f80cea699f8, 0x00007f80cea69a00, 0x00007f817a195000)
 Metaspace       used 23386K, capacity 23805K, committed 24064K, reserved 24576K
}
Event: 74.986 GC heap after
{Heap after GC invocations=18 (full 7):
 def new generation   total 3158528K, used 1K [0x00007f7a78600000, 0x00007f7b4e930000, 0x00007f7fcdb50000)
  eden space 2807616K,   0% used [0x00007f7a78600000, 0x00007f7a78600000, 0x00007f7b23bd0000)
  from space 350912K,   0% used [0x00007f7b39280000, 0x00007f7b392804a8, 0x00007f7b4e930000)
  to   space 350912K,   0% used [0x00007f7b23bd0000, 0x00007f7b23bd0000, 0x00007f7b39280000)
 tenured generation   total 7018772K, used 6306918K [0x00007f7fcdb50000, 0x00007f817a195000, 0x00007f8a78600000)
   the space 7018772K,  89% used [0x00007f7fcdb50000, 0x00007f814ea69a10, 0x00007f814ea69c00, 0x00007f817a195000)
 Metaspace       used 23386K, capacity 23805K, committed 24064K, reserved 24576K
}
Event: 75.887 GC heap before
{Heap before GC invocations=18 (full 7):
 def new generation   total 3158528K, used 2152526K [0x00007f7a78600000, 0x00007f7b4e930000, 0x00007f7fcdb50000)
  eden space 2807616K,  76% used [0x00007f7a78600000, 0x00007f7afbc134a0, 0x00007f7b23bd0000)
  from space 350912K,   0% used [0x00007f7b39280000, 0x00007f7b392804a8, 0x00007f7b4e930000)
  to   space 350912K,   0% used [0x00007f7b23bd0000, 0x00007f7b23bd0000, 0x00007f7b39280000)
 tenured generation   total 7018772K, used 6306918K [0x00007f7fcdb50000, 0x00007f817a195000, 0x00007f8a78600000)
   the space 7018772K,  89% used [0x00007f7fcdb50000, 0x00007f814ea69a10, 0x00007f814ea69c00, 0x00007f817a195000)
 Metaspace       used 23386K, capacity 23805K, committed 24064K, reserved 24576K
}
Event: 77.932 GC heap after
{Heap after GC invocations=19 (full 7):
 def new generation   total 3158528K, used 1K [0x00007f7a78600000, 0x00007f7b4e930000, 0x00007f7fcdb50000)
  eden space 2807616K,   0% used [0x00007f7a78600000, 0x00007f7a78600000, 0x00007f7b23bd0000)
  from space 350912K,   0% used [0x00007f7b23bd0000, 0x00007f7b23bd0720, 0x00007f7b39280000)
  to   space 350912K,   0% used [0x00007f7b39280000, 0x00007f7b39280000, 0x00007f7b4e930000)
 tenured generation   total 9115928K, used 8404070K [0x00007f7fcdb50000, 0x00007f81fa196000, 0x00007f8a78600000)
   the space 9115928K,  92% used [0x00007f7fcdb50000, 0x00007f81cea69a28, 0x00007f81cea69c00, 0x00007f81fa196000)
 Metaspace       used 23386K, capacity 23805K, committed 24064K, reserved 24576K
}
Event: 77.932 GC heap before
{Heap before GC invocations=19 (full 7):
 def new generation   total 3158528K, used 1K [0x00007f7a78600000, 0x00007f7b4e930000, 0x00007f7fcdb50000)
  eden space 2807616K,   0% used [0x00007f7a78600000, 0x00007f7a78600000, 0x00007f7b23bd0000)
  from space 350912K,   0% used [0x00007f7b23bd0000, 0x00007f7b23bd0720, 0x00007f7b39280000)
  to   space 350912K,   0% used [0x00007f7b39280000, 0x00007f7b39280000, 0x00007f7b4e930000)
 tenured generation   total 9115928K, used 8404070K [0x00007f7fcdb50000, 0x00007f81fa196000, 0x00007f8a78600000)
   the space 9115928K,  92% used [0x00007f7fcdb50000, 0x00007f81cea69a28, 0x00007f81cea69c00, 0x00007f81fa196000)
 Metaspace       used 23386K, capacity 23805K, committed 24064K, reserved 24576K
}
Event: 79.373 GC heap after
{Heap after GC invocations=19 (full 8):
 def new generation   total 3158528K, used 0K [0x00007f7a78600000, 0x00007f7b4e930000, 0x00007f7fcdb50000)
  eden space 2807616K,   0% used [0x00007f7a78600000, 0x00007f7a78600000, 0x00007f7b23bd0000)
  from space 350912K,   0% used [0x00007f7b23bd0000, 0x00007f7b23bd0000, 0x00007f7b39280000)
  to   space 350912K,   0% used [0x00007f7b39280000, 0x00007f7b39280000, 0x00007f7b4e930000)
 tenured generation   total 7018772K, used 4204189K [0x00007f7fcdb50000, 0x00007f817a195000, 0x00007f8a78600000)
   the space 7018772K,  59% used [0x00007f7fcdb50000, 0x00007f80ce4f7660, 0x00007f80ce4f7800, 0x00007f817a195000)
 Metaspace       used 23386K, capacity 23805K, committed 24064K, reserved 24576K
}
Event: 82.839 GC heap before
{Heap before GC invocations=19 (full 8):
 def new generation   total 3158528K, used 2676580K [0x00007f7a78600000, 0x00007f7b4e930000, 0x00007f7fcdb50000)
  eden space 2807616K,  95% used [0x00007f7a78600000, 0x00007f7b1bbd9150, 0x00007f7b23bd0000)
  from space 350912K,   0% used [0x00007f7b23bd0000, 0x00007f7b23bd0000, 0x00007f7b39280000)
  to   space 350912K,   0% used [0x00007f7b39280000, 0x00007f7b39280000, 0x00007f7b4e930000)
 tenured generation   total 7018772K, used 4204189K [0x00007f7fcdb50000, 0x00007f817a195000, 0x00007f8a78600000)
   the space 7018772K,  59% used [0x00007f7fcdb50000, 0x00007f80ce4f7660, 0x00007f80ce4f7800, 0x00007f817a195000)
 Metaspace       used 23386K, capacity 23805K, committed 24064K, reserved 24576K
}
Event: 83.086 GC heap after
{Heap after GC invocations=20 (full 8):
 def new generation   total 3158528K, used 0K [0x00007f7a78600000, 0x00007f7b4e930000, 0x00007f7fcdb50000)
  eden space 2807616K,   0% used [0x00007f7a78600000, 0x00007f7a78600000, 0x00007f7b23bd0000)
  from space 350912K,   0% used [0x00007f7b39280000, 0x00007f7b392801a0, 0x00007f7b4e930000)
  to   space 350912K,   0% used [0x00007f7b23bd0000, 0x00007f7b23bd0000, 0x00007f7b39280000)
 tenured generation   total 7018772K, used 4728477K [0x00007f7fcdb50000, 0x00007f817a195000, 0x00007f8a78600000)
   the space 7018772K,  67% used [0x00007f7fcdb50000, 0x00007f80ee4f7678, 0x00007f80ee4f7800, 0x00007f817a195000)
 Metaspace       used 23386K, capacity 23805K, committed 24064K, reserved 24576K
}
Event: 85.341 GC heap before
{Heap before GC invocations=20 (full 8):
 def new generation   total 3158528K, used 2807616K [0x00007f7a78600000, 0x00007f7b4e930000, 0x00007f7fcdb50000)
  eden space 2807616K, 100% used [0x00007f7a78600000, 0x00007f7b23bd0000, 0x00007f7b23bd0000)
  from space 350912K,   0% used [0x00007f7b39280000, 0x00007f7b392801a0, 0x00007f7b4e930000)
  to   space 350912K,   0% used [0x00007f7b23bd0000, 0x00007f7b23bd0000, 0x00007f7b39280000)
 tenured generation   total 7018772K, used 4728477K [0x00007f7fcdb50000, 0x00007f817a195000, 0x00007f8a78600000)
   the space 7018772K,  67% used [0x00007f7fcdb50000, 0x00007f80ee4f7678, 0x00007f80ee4f7800, 0x00007f817a195000)
 Metaspace       used 23388K, capacity 23806K, committed 24064K, reserved 24576K
}
Event: 85.412 GC heap after
{Heap after GC invocations=21 (full 8):
 def new generation   total 3158528K, used 140376K [0x00007f7a78600000, 0x00007f7b4e930000, 0x00007f7fcdb50000)
  eden space 2807616K,   0% used [0x00007f7a78600000, 0x00007f7a78600000, 0x00007f7b23bd0000)
  from space 350912K,  40% used [0x00007f7b23bd0000, 0x00007f7b2c4e6198, 0x00007f7b39280000)
  to   space 350912K,   0% used [0x00007f7b39280000, 0x00007f7b39280000, 0x00007f7b4e930000)
 tenured generation   total 7018772K, used 4728477K [0x00007f7fcdb50000, 0x00007f817a195000, 0x00007f8a78600000)
   the space 7018772K,  67% used [0x00007f7fcdb50000, 0x00007f80ee4f7678, 0x00007f80ee4f7800, 0x00007f817a195000)
 Metaspace       used 23388K, capacity 23806K, committed 24064K, reserved 24576K
}
Event: 87.714 GC heap before
{Heap before GC invocations=21 (full 8):
 def new generation   total 3158528K, used 2284170K [0x00007f7a78600000, 0x00007f7b4e930000, 0x00007f7fcdb50000)
  eden space 2807616K,  76% used [0x00007f7a78600000, 0x00007f7afb38ca20, 0x00007f7b23bd0000)
  from space 350912K,  40% used [0x00007f7b23bd0000, 0x00007f7b2c4e6198, 0x00007f7b39280000)
  to   space 350912K,   0% used [0x00007f7b39280000, 0x00007f7b39280000, 0x00007f7b4e930000)
 tenured generation   total 7018772K, used 4728477K [0x00007f7fcdb50000, 0x00007f817a195000, 0x00007f8a78600000)
   the space 7018772K,  67% used [0x00007f7fcdb50000, 0x00007f80ee4f7678, 0x00007f80ee4f7800, 0x00007f817a195000)
 Metaspace       used 23393K, capacity 23807K, committed 24064K, reserved 24576K
}
Event: 87.836 GC heap after
{Heap after GC invocations=22 (full 8):
 def new generation   total 3158528K, used 143139K [0x00007f7a78600000, 0x00007f7b4e930000, 0x00007f7fcdb50000)
  eden space 2807616K,   0% used [0x00007f7a78600000, 0x00007f7a78600000, 0x00007f7b23bd0000)
  from space 350912K,  40% used [0x00007f7b39280000, 0x00007f7b41e48ff8, 0x00007f7b4e930000)
  to   space 350912K,   0% used [0x00007f7b23bd0000, 0x00007f7b23bd0000, 0x00007f7b39280000)
 tenured generation   total 7018772K, used 4728477K [0x00007f7fcdb50000, 0x00007f817a195000, 0x00007f8a78600000)
   the space 7018772K,  67% used [0x00007f7fcdb50000, 0x00007f80ee4f7678, 0x00007f80ee4f7800, 0x00007f817a195000)
 Metaspace       used 23393K, capacity 23807K, committed 24064K, reserved 24576K
}
Event: 87.836 GC heap before
{Heap before GC invocations=22 (full 8):
 def new generation   total 3158528K, used 143139K [0x00007f7a78600000, 0x00007f7b4e930000, 0x00007f7fcdb50000)
  eden space 2807616K,   0% used [0x00007f7a78600000, 0x00007f7a78600000, 0x00007f7b23bd0000)
  from space 350912K,  40% used [0x00007f7b39280000, 0x00007f7b41e48ff8, 0x00007f7b4e930000)
  to   space 350912K,   0% used [0x00007f7b23bd0000, 0x00007f7b23bd0000, 0x00007f7b39280000)
 tenured generation   total 7018772K, used 4728477K [0x00007f7fcdb50000, 0x00007f817a195000, 0x00007f8a78600000)
   the space 7018772K,  67% used [0x00007f7fcdb50000, 0x00007f80ee4f7678, 0x00007f80ee4f7800, 0x00007f817a195000)
 Metaspace       used 23393K, capacity 23807K, committed 24064K, reserved 24576K
}
Event: 87.885 GC heap after
{Heap after GC invocations=22 (full 9):
 def new generation   total 3158528K, used 0K [0x00007f7a78600000, 0x00007f7b4e930000, 0x00007f7fcdb50000)
  eden space 2807616K,   0% used [0x00007f7a78600000, 0x00007f7a78600000, 0x00007f7b23bd0000)
  from space 350912K,   0% used [0x00007f7b39280000, 0x00007f7b39280000, 0x00007f7b4e930000)
  to   space 350912K,   0% used [0x00007f7b23bd0000, 0x00007f7b23bd0000, 0x00007f7b39280000)
 tenured generation   total 7018772K, used 12474K [0x00007f7fcdb50000, 0x00007f817a195000, 0x00007f8a78600000)
   the space 7018772K,   0% used [0x00007f7fcdb50000, 0x00007f7fce77ebc0, 0x00007f7fce77ec00, 0x00007f817a195000)
 Metaspace       used 23393K, capacity 23807K, committed 24064K, reserved 24576K
}
Event: 93.115 GC heap before
{Heap before GC invocations=22 (full 9):
 def new generation   total 3158528K, used 2152335K [0x00007f7a78600000, 0x00007f7b4e930000, 0x00007f7fcdb50000)
  eden space 2807616K,  76% used [0x00007f7a78600000, 0x00007f7afbbe3f18, 0x00007f7b23bd0000)
  from space 350912K,   0% used [0x00007f7b39280000, 0x00007f7b39280000, 0x00007f7b4e930000)
  to   space 350912K,   0% used [0x00007f7b23bd0000, 0x00007f7b23bd0000, 0x00007f7b39280000)
 tenured generation   total 7018772K, used 4206778K [0x00007f7fcdb50000, 0x00007f817a195000, 0x00007f8a78600000)
   the space 7018772K,  59% used [0x00007f7fcdb50000, 0x00007f80ce77ebd8, 0x00007f80ce77ec00, 0x00007f817a195000)
 Metaspace       used 23393K, capacity 23807K, committed 24064K, reserved 24576K
}
Event: 93.585 GC heap after
{Heap after GC invocations=23 (full 9):
 def new generation   total 3158528K, used 1K [0x00007f7a78600000, 0x00007f7b4e930000, 0x00007f7fcdb50000)
  eden space 2807616K,   0% used [0x00007f7a78600000, 0x00007f7a78600000, 0x00007f7b23bd0000)
  from space 350912K,   0% used [0x00007f7b23bd0000, 0x00007f7b23bd04a8, 0x00007f7b39280000)
  to   space 350912K,   0% used [0x00007f7b39280000, 0x00007f7b39280000, 0x00007f7b4e930000)
 tenured generation   total 7018772K, used 6303930K [0x00007f7fcdb50000, 0x00007f817a195000, 0x00007f8a78600000)
   the space 7018772K,  89% used [0x00007f7fcdb50000, 0x00007f814e77ebf0, 0x00007f814e77ec00, 0x00007f817a195000)
 Metaspace       used 23393K, capacity 23807K, committed 24064K, reserved 24576K
}
Event: 94.321 GC heap before
{Heap before GC invocations=23 (full 9):
 def new generation   total 3158528K, used 2152675K [0x00007f7a78600000, 0x00007f7b4e930000, 0x00007f7fcdb50000)
  eden space 2807616K,  76% used [0x00007f7a78600000, 0x00007f7afbc38b40, 0x00007f7b23bd0000)
  from space 350912K,   0% used [0x00007f7b23bd0000, 0x00007f7b23bd04a8, 0x00007f7b39280000)
  to   space 350912K,   0% used [0x00007f7b39280000, 0x00007f7b39280000, 0x00007f7b4e930000)
 tenured generation   total 7018772K, used 6303930K [0x00007f7fcdb50000, 0x00007f817a195000, 0x00007f8a78600000)
   the space 7018772K,  89% used [0x00007f7fcdb50000, 0x00007f814e77ebf0, 0x00007f814e77ec00, 0x00007f817a195000)
 Metaspace       used 23393K, capacity 23807K, committed 24064K, reserved 24576K
}

