# JRE version: OpenJDK Runtime Environment (13.0.7+5) (build 13.0.7+5-Ubuntu-0ubuntu120.04)
# Java VM: OpenJDK 64-Bit Server VM (13.0.7+5-Ubuntu-0ubuntu120.04, mixed mode, tiered, serial gc, linux-amd64)
Heap:
 def new generation   total 8580928K, used 0K [0x00007f0518600000, 0x00007f075e4e0000, 0x00007f0a6db50000)
  eden space 7627520K,   0% used [0x00007f0518600000, 0x00007f0518600000, 0x00007f06e9ec0000)
  from space 953408K,   0% used [0x00007f06e9ec0000, 0x00007f06e9ec0000, 0x00007f07241d0000)
  to   space 953408K,   0% used [0x00007f07241d0000, 0x00007f07241d0000, 0x00007f075e4e0000)
 tenured generation   total 19327224K, used 18050197K [0x00007f0a6db50000, 0x00007f0f0958e000, 0x00007f1518600000)
   the space 19327224K,  93% used [0x00007f0a6db50000, 0x00007f0ebb675548, 0x00007f0ebb675600, 0x00007f0f0958e000)
 Metaspace       used 30466K, capacity 30916K, committed 31232K, reserved 32768K
GC Heap History (20 events):
Event: 1317.033 GC heap after
{Heap after GC invocations=39 (full 7):
 def new generation   total 8580928K, used 528350K [0x00007f0518600000, 0x00007f075e4e0000, 0x00007f0a6db50000)
  eden space 7627520K,   0% used [0x00007f0518600000, 0x00007f0518600000, 0x00007f06e9ec0000)
  from space 953408K,  55% used [0x00007f07241d0000, 0x00007f07445c78f0, 0x00007f075e4e0000)
  to   space 953408K,   0% used [0x00007f06e9ec0000, 0x00007f06e9ec0000, 0x00007f07241d0000)
 tenured generation   total 19068600K, used 14592155K [0x00007f0a6db50000, 0x00007f0ef98fe000, 0x00007f1518600000)
   the space 19068600K,  76% used [0x00007f0a6db50000, 0x00007f0de8576da0, 0x00007f0de8576e00, 0x00007f0ef98fe000)
 Metaspace       used 30466K, capacity 30916K, committed 31232K, reserved 32768K
}
Event: 1318.836 GC heap before
{Heap before GC invocations=39 (full 7):
 def new generation   total 8580928K, used 8155870K [0x00007f0518600000, 0x00007f075e4e0000, 0x00007f0a6db50000)
  eden space 7627520K, 100% used [0x00007f0518600000, 0x00007f06e9ec0000, 0x00007f06e9ec0000)
  from space 953408K,  55% used [0x00007f07241d0000, 0x00007f07445c78f0, 0x00007f075e4e0000)
  to   space 953408K,   0% used [0x00007f06e9ec0000, 0x00007f06e9ec0000, 0x00007f07241d0000)
 tenured generation   total 19068600K, used 14592155K [0x00007f0a6db50000, 0x00007f0ef98fe000, 0x00007f1518600000)
   the space 19068600K,  76% used [0x00007f0a6db50000, 0x00007f0de8576da0, 0x00007f0de8576e00, 0x00007f0ef98fe000)
 Metaspace       used 30466K, capacity 30916K, committed 31232K, reserved 32768K
}
Event: 1320.171 GC heap after
{Heap after GC invocations=40 (full 7):
 def new generation   total 8580928K, used 511730K [0x00007f0518600000, 0x00007f075e4e0000, 0x00007f0a6db50000)
  eden space 7627520K,   0% used [0x00007f0518600000, 0x00007f0518600000, 0x00007f06e9ec0000)
  from space 953408K,  53% used [0x00007f06e9ec0000, 0x00007f070927c890, 0x00007f07241d0000)
  to   space 953408K,   0% used [0x00007f07241d0000, 0x00007f07241d0000, 0x00007f075e4e0000)
 tenured generation   total 19068600K, used 15120505K [0x00007f0a6db50000, 0x00007f0ef98fe000, 0x00007f1518600000)
   the space 19068600K,  79% used [0x00007f0a6db50000, 0x00007f0e0896e430, 0x00007f0e0896e600, 0x00007f0ef98fe000)
 Metaspace       used 30466K, capacity 30916K, committed 31232K, reserved 32768K
}
Event: 1321.939 GC heap before
{Heap before GC invocations=40 (full 7):
 def new generation   total 8580928K, used 8139250K [0x00007f0518600000, 0x00007f075e4e0000, 0x00007f0a6db50000)
  eden space 7627520K, 100% used [0x00007f0518600000, 0x00007f06e9ec0000, 0x00007f06e9ec0000)
  from space 953408K,  53% used [0x00007f06e9ec0000, 0x00007f070927c890, 0x00007f07241d0000)
  to   space 953408K,   0% used [0x00007f07241d0000, 0x00007f07241d0000, 0x00007f075e4e0000)
 tenured generation   total 19068600K, used 15120505K [0x00007f0a6db50000, 0x00007f0ef98fe000, 0x00007f1518600000)
   the space 19068600K,  79% used [0x00007f0a6db50000, 0x00007f0e0896e430, 0x00007f0e0896e600, 0x00007f0ef98fe000)
 Metaspace       used 30466K, capacity 30916K, committed 31232K, reserved 32768K
}
Event: 1323.281 GC heap after
{Heap after GC invocations=41 (full 7):
 def new generation   total 8580928K, used 507166K [0x00007f0518600000, 0x00007f075e4e0000, 0x00007f0a6db50000)
  eden space 7627520K,   0% used [0x00007f0518600000, 0x00007f0518600000, 0x00007f06e9ec0000)
  from space 953408K,  53% used [0x00007f07241d0000, 0x00007f0743117990, 0x00007f075e4e0000)
  to   space 953408K,   0% used [0x00007f06e9ec0000, 0x00007f06e9ec0000, 0x00007f07241d0000)
 tenured generation   total 19068600K, used 15632234K [0x00007f0a6db50000, 0x00007f0ef98fe000, 0x00007f1518600000)
   the space 19068600K,  81% used [0x00007f0a6db50000, 0x00007f0e27d2aab0, 0x00007f0e27d2ac00, 0x00007f0ef98fe000)
 Metaspace       used 30466K, capacity 30916K, committed 31232K, reserved 32768K
}
Event: 1325.068 GC heap before
{Heap before GC invocations=41 (full 7):
 def new generation   total 8580928K, used 8134686K [0x00007f0518600000, 0x00007f075e4e0000, 0x00007f0a6db50000)
  eden space 7627520K, 100% used [0x00007f0518600000, 0x00007f06e9ec0000, 0x00007f06e9ec0000)
  from space 953408K,  53% used [0x00007f07241d0000, 0x00007f0743117990, 0x00007f075e4e0000)
  to   space 953408K,   0% used [0x00007f06e9ec0000, 0x00007f06e9ec0000, 0x00007f07241d0000)
 tenured generation   total 19068600K, used 15632234K [0x00007f0a6db50000, 0x00007f0ef98fe000, 0x00007f1518600000)
   the space 19068600K,  81% used [0x00007f0a6db50000, 0x00007f0e27d2aab0, 0x00007f0e27d2ac00, 0x00007f0ef98fe000)
 Metaspace       used 30466K, capacity 30916K, committed 31232K, reserved 32768K
}
Event: 1326.458 GC heap after
{Heap after GC invocations=42 (full 7):
 def new generation   total 8580928K, used 540105K [0x00007f0518600000, 0x00007f075e4e0000, 0x00007f0a6db50000)
  eden space 7627520K,   0% used [0x00007f0518600000, 0x00007f0518600000, 0x00007f06e9ec0000)
  from space 953408K,  56% used [0x00007f06e9ec0000, 0x00007f070ae32470, 0x00007f07241d0000)
  to   space 953408K,   0% used [0x00007f07241d0000, 0x00007f07241d0000, 0x00007f075e4e0000)
 tenured generation   total 19068600K, used 16139400K [0x00007f0a6db50000, 0x00007f0ef98fe000, 0x00007f1518600000)
   the space 19068600K,  84% used [0x00007f0a6db50000, 0x00007f0e46c72180, 0x00007f0e46c72200, 0x00007f0ef98fe000)
 Metaspace       used 30466K, capacity 30916K, committed 31232K, reserved 32768K
}
Event: 1328.267 GC heap before
{Heap before GC invocations=42 (full 7):
 def new generation   total 8580928K, used 8167625K [0x00007f0518600000, 0x00007f075e4e0000, 0x00007f0a6db50000)
  eden space 7627520K, 100% used [0x00007f0518600000, 0x00007f06e9ec0000, 0x00007f06e9ec0000)
  from space 953408K,  56% used [0x00007f06e9ec0000, 0x00007f070ae32470, 0x00007f07241d0000)
  to   space 953408K,   0% used [0x00007f07241d0000, 0x00007f07241d0000, 0x00007f075e4e0000)
 tenured generation   total 19068600K, used 16139400K [0x00007f0a6db50000, 0x00007f0ef98fe000, 0x00007f1518600000)
   the space 19068600K,  84% used [0x00007f0a6db50000, 0x00007f0e46c72180, 0x00007f0e46c72200, 0x00007f0ef98fe000)
 Metaspace       used 30466K, capacity 30916K, committed 31232K, reserved 32768K
}
Event: 1329.666 GC heap after
{Heap after GC invocations=43 (full 7):
 def new generation   total 8580928K, used 533589K [0x00007f0518600000, 0x00007f075e4e0000, 0x00007f0a6db50000)
  eden space 7627520K,   0% used [0x00007f0518600000, 0x00007f0518600000, 0x00007f06e9ec0000)
  from space 953408K,  55% used [0x00007f07241d0000, 0x00007f0744ae56a8, 0x00007f075e4e0000)
  to   space 953408K,   0% used [0x00007f06e9ec0000, 0x00007f06e9ec0000, 0x00007f07241d0000)
 tenured generation   total 19068600K, used 16679505K [0x00007f0a6db50000, 0x00007f0ef98fe000, 0x00007f1518600000)
   the space 19068600K,  87% used [0x00007f0a6db50000, 0x00007f0e67be44e0, 0x00007f0e67be4600, 0x00007f0ef98fe000)
 Metaspace       used 30466K, capacity 30916K, committed 31232K, reserved 32768K
}
Event: 1331.428 GC heap before
{Heap before GC invocations=43 (full 7):
 def new generation   total 8580928K, used 8161109K [0x00007f0518600000, 0x00007f075e4e0000, 0x00007f0a6db50000)
  eden space 7627520K, 100% used [0x00007f0518600000, 0x00007f06e9ec0000, 0x00007f06e9ec0000)
  from space 953408K,  55% used [0x00007f07241d0000, 0x00007f0744ae56a8, 0x00007f075e4e0000)
  to   space 953408K,   0% used [0x00007f06e9ec0000, 0x00007f06e9ec0000, 0x00007f07241d0000)
 tenured generation   total 19068600K, used 16679505K [0x00007f0a6db50000, 0x00007f0ef98fe000, 0x00007f1518600000)
   the space 19068600K,  87% used [0x00007f0a6db50000, 0x00007f0e67be44e0, 0x00007f0e67be4600, 0x00007f0ef98fe000)
 Metaspace       used 30466K, capacity 30916K, committed 31232K, reserved 32768K
}
Event: 1332.804 GC heap after
{Heap after GC invocations=44 (full 7):
 def new generation   total 8580928K, used 540941K [0x00007f0518600000, 0x00007f075e4e0000, 0x00007f0a6db50000)
  eden space 7627520K,   0% used [0x00007f0518600000, 0x00007f0518600000, 0x00007f06e9ec0000)
  from space 953408K,  56% used [0x00007f06e9ec0000, 0x00007f070af036b8, 0x00007f07241d0000)
  to   space 953408K,   0% used [0x00007f07241d0000, 0x00007f07241d0000, 0x00007f075e4e0000)
 tenured generation   total 19068600K, used 17213094K [0x00007f0a6db50000, 0x00007f0ef98fe000, 0x00007f1518600000)
   the space 19068600K,  90% used [0x00007f0a6db50000, 0x00007f0e884f9b18, 0x00007f0e884f9c00, 0x00007f0ef98fe000)
 Metaspace       used 30466K, capacity 30916K, committed 31232K, reserved 32768K
}
Event: 1334.546 GC heap before
{Heap before GC invocations=44 (full 7):
 def new generation   total 8580928K, used 8168461K [0x00007f0518600000, 0x00007f075e4e0000, 0x00007f0a6db50000)
  eden space 7627520K, 100% used [0x00007f0518600000, 0x00007f06e9ec0000, 0x00007f06e9ec0000)
  from space 953408K,  56% used [0x00007f06e9ec0000, 0x00007f070af036b8, 0x00007f07241d0000)
  to   space 953408K,   0% used [0x00007f07241d0000, 0x00007f07241d0000, 0x00007f075e4e0000)
 tenured generation   total 19068600K, used 17213094K [0x00007f0a6db50000, 0x00007f0ef98fe000, 0x00007f1518600000)
   the space 19068600K,  90% used [0x00007f0a6db50000, 0x00007f0e884f9b18, 0x00007f0e884f9c00, 0x00007f0ef98fe000)
 Metaspace       used 30466K, capacity 30916K, committed 31232K, reserved 32768K
}
Event: 1335.843 GC heap after
{Heap after GC invocations=45 (full 7):
 def new generation   total 8580928K, used 520758K [0x00007f0518600000, 0x00007f075e4e0000, 0x00007f0a6db50000)
  eden space 7627520K,   0% used [0x00007f0518600000, 0x00007f0518600000, 0x00007f06e9ec0000)
  from space 953408K,  54% used [0x00007f07241d0000, 0x00007f0743e5dbc0, 0x00007f075e4e0000)
  to   space 953408K,   0% used [0x00007f06e9ec0000, 0x00007f06e9ec0000, 0x00007f07241d0000)
 tenured generation   total 19068600K, used 17754036K [0x00007f0a6db50000, 0x00007f0ef98fe000, 0x00007f1518600000)
   the space 19068600K,  93% used [0x00007f0a6db50000, 0x00007f0ea953d010, 0x00007f0ea953d200, 0x00007f0ef98fe000)
 Metaspace       used 30466K, capacity 30916K, committed 31232K, reserved 32768K
}
Event: 1337.572 GC heap before
{Heap before GC invocations=45 (full 7):
 def new generation   total 8580928K, used 8148278K [0x00007f0518600000, 0x00007f075e4e0000, 0x00007f0a6db50000)
  eden space 7627520K, 100% used [0x00007f0518600000, 0x00007f06e9ec0000, 0x00007f06e9ec0000)
  from space 953408K,  54% used [0x00007f07241d0000, 0x00007f0743e5dbc0, 0x00007f075e4e0000)
  to   space 953408K,   0% used [0x00007f06e9ec0000, 0x00007f06e9ec0000, 0x00007f07241d0000)
 tenured generation   total 19068600K, used 17754036K [0x00007f0a6db50000, 0x00007f0ef98fe000, 0x00007f1518600000)
   the space 19068600K,  93% used [0x00007f0a6db50000, 0x00007f0ea953d010, 0x00007f0ea953d200, 0x00007f0ef98fe000)
 Metaspace       used 30466K, capacity 30916K, committed 31232K, reserved 32768K
}
Event: 1338.940 GC heap after
{Heap after GC invocations=46 (full 7):
 def new generation   total 8580928K, used 539381K [0x00007f0518600000, 0x00007f075e4e0000, 0x00007f0a6db50000)
  eden space 7627520K,   0% used [0x00007f0518600000, 0x00007f0518600000, 0x00007f06e9ec0000)
  from space 953408K,  56% used [0x00007f06e9ec0000, 0x00007f070ad7d5d0, 0x00007f07241d0000)
  to   space 953408K,   0% used [0x00007f07241d0000, 0x00007f07241d0000, 0x00007f075e4e0000)
 tenured generation   total 19068600K, used 18274794K [0x00007f0a6db50000, 0x00007f0ef98fe000, 0x00007f1518600000)
   the space 19068600K,  95% used [0x00007f0a6db50000, 0x00007f0ec91ca900, 0x00007f0ec91caa00, 0x00007f0ef98fe000)
 Metaspace       used 30466K, capacity 30916K, committed 31232K, reserved 32768K
}
Event: 1340.649 GC heap before
{Heap before GC invocations=46 (full 7):
 def new generation   total 8580928K, used 8166901K [0x00007f0518600000, 0x00007f075e4e0000, 0x00007f0a6db50000)
  eden space 7627520K, 100% used [0x00007f0518600000, 0x00007f06e9ec0000, 0x00007f06e9ec0000)
  from space 953408K,  56% used [0x00007f06e9ec0000, 0x00007f070ad7d5d0, 0x00007f07241d0000)
  to   space 953408K,   0% used [0x00007f07241d0000, 0x00007f07241d0000, 0x00007f075e4e0000)
 tenured generation   total 19068600K, used 18274794K [0x00007f0a6db50000, 0x00007f0ef98fe000, 0x00007f1518600000)
   the space 19068600K,  95% used [0x00007f0a6db50000, 0x00007f0ec91ca900, 0x00007f0ec91caa00, 0x00007f0ef98fe000)
 Metaspace       used 30466K, capacity 30916K, committed 31232K, reserved 32768K
}
Event: 1341.950 GC heap after
{Heap after GC invocations=47 (full 7):
 def new generation   total 8580928K, used 513008K [0x00007f0518600000, 0x00007f075e4e0000, 0x00007f0a6db50000)
  eden space 7627520K,   0% used [0x00007f0518600000, 0x00007f0518600000, 0x00007f06e9ec0000)
  from space 953408K,  53% used [0x00007f07241d0000, 0x00007f07436cc100, 0x00007f075e4e0000)
  to   space 953408K,   0% used [0x00007f06e9ec0000, 0x00007f06e9ec0000, 0x00007f07241d0000)
 tenured generation   total 19068600K, used 18814175K [0x00007f0a6db50000, 0x00007f0ef98fe000, 0x00007f1518600000)
   the space 19068600K,  98% used [0x00007f0a6db50000, 0x00007f0eea087c80, 0x00007f0eea087e00, 0x00007f0ef98fe000)
 Metaspace       used 30466K, capacity 30916K, committed 31232K, reserved 32768K
}
Event: 1343.665 GC heap before
{Heap before GC invocations=47 (full 7):
 def new generation   total 8580928K, used 8140528K [0x00007f0518600000, 0x00007f075e4e0000, 0x00007f0a6db50000)
  eden space 7627520K, 100% used [0x00007f0518600000, 0x00007f06e9ec0000, 0x00007f06e9ec0000)
  from space 953408K,  53% used [0x00007f07241d0000, 0x00007f07436cc100, 0x00007f075e4e0000)
  to   space 953408K,   0% used [0x00007f06e9ec0000, 0x00007f06e9ec0000, 0x00007f07241d0000)
 tenured generation   total 19068600K, used 18814175K [0x00007f0a6db50000, 0x00007f0ef98fe000, 0x00007f1518600000)
   the space 19068600K,  98% used [0x00007f0a6db50000, 0x00007f0eea087c80, 0x00007f0eea087e00, 0x00007f0ef98fe000)
 Metaspace       used 30466K, capacity 30916K, committed 31232K, reserved 32768K
}
Event: 1345.069 GC heap after
{Heap after GC invocations=48 (full 7):
 def new generation   total 8580928K, used 570422K [0x00007f0518600000, 0x00007f075e4e0000, 0x00007f0a6db50000)
  eden space 7627520K,   0% used [0x00007f0518600000, 0x00007f0518600000, 0x00007f06e9ec0000)
  from space 953408K,  59% used [0x00007f06e9ec0000, 0x00007f070cbcd830, 0x00007f07241d0000)
  to   space 953408K,   0% used [0x00007f07241d0000, 0x00007f07241d0000, 0x00007f075e4e0000)
 tenured generation   total 19327224K, used 19327182K [0x00007f0a6db50000, 0x00007f0f0958e000, 0x00007f1518600000)
   the space 19327224K,  99% used [0x00007f0a6db50000, 0x00007f0f09583ad0, 0x00007f0f09583c00, 0x00007f0f0958e000)
 Metaspace       used 30466K, capacity 30916K, committed 31232K, reserved 32768K
}
Event: 1345.069 GC heap before
{Heap before GC invocations=48 (full 7):
 def new generation   total 8580928K, used 570422K [0x00007f0518600000, 0x00007f075e4e0000, 0x00007f0a6db50000)
  eden space 7627520K,   0% used [0x00007f0518600000, 0x00007f0518600000, 0x00007f06e9ec0000)
  from space 953408K,  59% used [0x00007f06e9ec0000, 0x00007f070cbcd830, 0x00007f07241d0000)
  to   space 953408K,   0% used [0x00007f07241d0000, 0x00007f07241d0000, 0x00007f075e4e0000)
 tenured generation   total 19327224K, used 19327182K [0x00007f0a6db50000, 0x00007f0f0958e000, 0x00007f1518600000)
   the space 19327224K,  99% used [0x00007f0a6db50000, 0x00007f0f09583ad0, 0x00007f0f09583c00, 0x00007f0f0958e000)
 Metaspace       used 30466K, capacity 30916K, committed 31232K, reserved 32768K
}

