# JRE version: OpenJDK Runtime Environment (13.0.7+5) (build 13.0.7+5-Ubuntu-0ubuntu120.04)
# Java VM: OpenJDK 64-Bit Server VM (13.0.7+5-Ubuntu-0ubuntu120.04, mixed mode, tiered, serial gc, linux-amd64)
Heap:
 def new generation   total 5218048K, used 195095K [0x00007ef4ec600000, 0x00007ef64e3f0000, 0x00007efa41b50000)
  eden space 4638272K,   4% used [0x00007ef4ec600000, 0x00007ef4f8485c78, 0x00007ef607790000)
  from space 579776K,   0% used [0x00007ef62adc0000, 0x00007ef62adc0000, 0x00007ef64e3f0000)
  to   space 579776K,   0% used [0x00007ef607790000, 0x00007ef607790000, 0x00007ef62adc0000)
 tenured generation   total 13811620K, used 13811619K [0x00007efa41b50000, 0x00007efd8cb39000, 0x00007f04ec600000)
   the space 13811620K,  99% used [0x00007efa41b50000, 0x00007efd8cb38fd8, 0x00007efd8cb39000, 0x00007efd8cb39000)
 Metaspace       used 30674K, capacity 31127K, committed 31488K, reserved 32768K
GC Heap History (20 events):
Event: 208.295 GC heap after
{Heap after GC invocations=134 (full 18):
 def new generation   total 5218048K, used 377055K [0x00007ef4ec600000, 0x00007ef64e3f0000, 0x00007efa41b50000)
  eden space 4638272K,   0% used [0x00007ef4ec600000, 0x00007ef4ec600000, 0x00007ef607790000)
  from space 579776K,  65% used [0x00007ef607790000, 0x00007ef61e7c7ff0, 0x00007ef62adc0000)
  to   space 579776K,   0% used [0x00007ef62adc0000, 0x00007ef62adc0000, 0x00007ef64e3f0000)
 tenured generation   total 11595556K, used 8277453K [0x00007efa41b50000, 0x00007efd05719000, 0x00007f04ec600000)
   the space 11595556K,  71% used [0x00007efa41b50000, 0x00007efc3aec3578, 0x00007efc3aec3600, 0x00007efd05719000)
 Metaspace       used 30674K, capacity 31127K, committed 31488K, reserved 32768K
}
Event: 209.514 GC heap before
{Heap before GC invocations=134 (full 18):
 def new generation   total 5218048K, used 5015327K [0x00007ef4ec600000, 0x00007ef64e3f0000, 0x00007efa41b50000)
  eden space 4638272K, 100% used [0x00007ef4ec600000, 0x00007ef607790000, 0x00007ef607790000)
  from space 579776K,  65% used [0x00007ef607790000, 0x00007ef61e7c7ff0, 0x00007ef62adc0000)
  to   space 579776K,   0% used [0x00007ef62adc0000, 0x00007ef62adc0000, 0x00007ef64e3f0000)
 tenured generation   total 11595556K, used 8277453K [0x00007efa41b50000, 0x00007efd05719000, 0x00007f04ec600000)
   the space 11595556K,  71% used [0x00007efa41b50000, 0x00007efc3aec3578, 0x00007efc3aec3600, 0x00007efd05719000)
 Metaspace       used 30674K, capacity 31127K, committed 31488K, reserved 32768K
}
Event: 210.439 GC heap after
{Heap after GC invocations=135 (full 18):
 def new generation   total 5218048K, used 387050K [0x00007ef4ec600000, 0x00007ef64e3f0000, 0x00007efa41b50000)
  eden space 4638272K,   0% used [0x00007ef4ec600000, 0x00007ef4ec600000, 0x00007ef607790000)
  from space 579776K,  66% used [0x00007ef62adc0000, 0x00007ef6427baaa0, 0x00007ef64e3f0000)
  to   space 579776K,   0% used [0x00007ef607790000, 0x00007ef607790000, 0x00007ef62adc0000)
 tenured generation   total 11595556K, used 8654508K [0x00007efa41b50000, 0x00007efd05719000, 0x00007f04ec600000)
   the space 11595556K,  74% used [0x00007efa41b50000, 0x00007efc51efb1d8, 0x00007efc51efb200, 0x00007efd05719000)
 Metaspace       used 30674K, capacity 31127K, committed 31488K, reserved 32768K
}
Event: 211.654 GC heap before
{Heap before GC invocations=135 (full 18):
 def new generation   total 5218048K, used 5025322K [0x00007ef4ec600000, 0x00007ef64e3f0000, 0x00007efa41b50000)
  eden space 4638272K, 100% used [0x00007ef4ec600000, 0x00007ef607790000, 0x00007ef607790000)
  from space 579776K,  66% used [0x00007ef62adc0000, 0x00007ef6427baaa0, 0x00007ef64e3f0000)
  to   space 579776K,   0% used [0x00007ef607790000, 0x00007ef607790000, 0x00007ef62adc0000)
 tenured generation   total 11595556K, used 8654508K [0x00007efa41b50000, 0x00007efd05719000, 0x00007f04ec600000)
   the space 11595556K,  74% used [0x00007efa41b50000, 0x00007efc51efb1d8, 0x00007efc51efb200, 0x00007efd05719000)
 Metaspace       used 30674K, capacity 31127K, committed 31488K, reserved 32768K
}
Event: 212.551 GC heap after
{Heap after GC invocations=136 (full 18):
 def new generation   total 5218048K, used 377373K [0x00007ef4ec600000, 0x00007ef64e3f0000, 0x00007efa41b50000)
  eden space 4638272K,   0% used [0x00007ef4ec600000, 0x00007ef4ec600000, 0x00007ef607790000)
  from space 579776K,  65% used [0x00007ef607790000, 0x00007ef61e8175d8, 0x00007ef62adc0000)
  to   space 579776K,   0% used [0x00007ef62adc0000, 0x00007ef62adc0000, 0x00007ef64e3f0000)
 tenured generation   total 11595556K, used 9041559K [0x00007efa41b50000, 0x00007efd05719000, 0x00007f04ec600000)
   the space 11595556K,  77% used [0x00007efa41b50000, 0x00007efc698f5c38, 0x00007efc698f5e00, 0x00007efd05719000)
 Metaspace       used 30674K, capacity 31127K, committed 31488K, reserved 32768K
}
Event: 213.773 GC heap before
{Heap before GC invocations=136 (full 18):
 def new generation   total 5218048K, used 5015645K [0x00007ef4ec600000, 0x00007ef64e3f0000, 0x00007efa41b50000)
  eden space 4638272K, 100% used [0x00007ef4ec600000, 0x00007ef607790000, 0x00007ef607790000)
  from space 579776K,  65% used [0x00007ef607790000, 0x00007ef61e8175d8, 0x00007ef62adc0000)
  to   space 579776K,   0% used [0x00007ef62adc0000, 0x00007ef62adc0000, 0x00007ef64e3f0000)
 tenured generation   total 11595556K, used 9041559K [0x00007efa41b50000, 0x00007efd05719000, 0x00007f04ec600000)
   the space 11595556K,  77% used [0x00007efa41b50000, 0x00007efc698f5c38, 0x00007efc698f5e00, 0x00007efd05719000)
 Metaspace       used 30674K, capacity 31127K, committed 31488K, reserved 32768K
}
Event: 214.724 GC heap after
{Heap after GC invocations=137 (full 18):
 def new generation   total 5218048K, used 394092K [0x00007ef4ec600000, 0x00007ef64e3f0000, 0x00007efa41b50000)
  eden space 4638272K,   0% used [0x00007ef4ec600000, 0x00007ef4ec600000, 0x00007ef607790000)
  from space 579776K,  67% used [0x00007ef62adc0000, 0x00007ef642e9b218, 0x00007ef64e3f0000)
  to   space 579776K,   0% used [0x00007ef607790000, 0x00007ef607790000, 0x00007ef62adc0000)
 tenured generation   total 11595556K, used 9418932K [0x00007efa41b50000, 0x00007efd05719000, 0x00007f04ec600000)
   the space 11595556K,  81% used [0x00007efa41b50000, 0x00007efc8097d1b0, 0x00007efc8097d200, 0x00007efd05719000)
 Metaspace       used 30674K, capacity 31127K, committed 31488K, reserved 32768K
}
Event: 215.957 GC heap before
{Heap before GC invocations=137 (full 18):
 def new generation   total 5218048K, used 5032364K [0x00007ef4ec600000, 0x00007ef64e3f0000, 0x00007efa41b50000)
  eden space 4638272K, 100% used [0x00007ef4ec600000, 0x00007ef607790000, 0x00007ef607790000)
  from space 579776K,  67% used [0x00007ef62adc0000, 0x00007ef642e9b218, 0x00007ef64e3f0000)
  to   space 579776K,   0% used [0x00007ef607790000, 0x00007ef607790000, 0x00007ef62adc0000)
 tenured generation   total 11595556K, used 9418932K [0x00007efa41b50000, 0x00007efd05719000, 0x00007f04ec600000)
   the space 11595556K,  81% used [0x00007efa41b50000, 0x00007efc8097d1b0, 0x00007efc8097d200, 0x00007efd05719000)
 Metaspace       used 30674K, capacity 31127K, committed 31488K, reserved 32768K
}
Event: 216.931 GC heap after
{Heap after GC invocations=138 (full 18):
 def new generation   total 5218048K, used 395128K [0x00007ef4ec600000, 0x00007ef64e3f0000, 0x00007efa41b50000)
  eden space 4638272K,   0% used [0x00007ef4ec600000, 0x00007ef4ec600000, 0x00007ef607790000)
  from space 579776K,  68% used [0x00007ef607790000, 0x00007ef61f96e1f0, 0x00007ef62adc0000)
  to   space 579776K,   0% used [0x00007ef62adc0000, 0x00007ef62adc0000, 0x00007ef64e3f0000)
 tenured generation   total 11595556K, used 9813024K [0x00007efa41b50000, 0x00007efd05719000, 0x00007f04ec600000)
   the space 11595556K,  84% used [0x00007efa41b50000, 0x00007efc98a58278, 0x00007efc98a58400, 0x00007efd05719000)
 Metaspace       used 30674K, capacity 31127K, committed 31488K, reserved 32768K
}
Event: 218.185 GC heap before
{Heap before GC invocations=138 (full 18):
 def new generation   total 5218048K, used 5033400K [0x00007ef4ec600000, 0x00007ef64e3f0000, 0x00007efa41b50000)
  eden space 4638272K, 100% used [0x00007ef4ec600000, 0x00007ef607790000, 0x00007ef607790000)
  from space 579776K,  68% used [0x00007ef607790000, 0x00007ef61f96e1f0, 0x00007ef62adc0000)
  to   space 579776K,   0% used [0x00007ef62adc0000, 0x00007ef62adc0000, 0x00007ef64e3f0000)
 tenured generation   total 11595556K, used 9813024K [0x00007efa41b50000, 0x00007efd05719000, 0x00007f04ec600000)
   the space 11595556K,  84% used [0x00007efa41b50000, 0x00007efc98a58278, 0x00007efc98a58400, 0x00007efd05719000)
 Metaspace       used 30674K, capacity 31127K, committed 31488K, reserved 32768K
}
Event: 219.157 GC heap after
{Heap after GC invocations=139 (full 18):
 def new generation   total 5218048K, used 398094K [0x00007ef4ec600000, 0x00007ef64e3f0000, 0x00007efa41b50000)
  eden space 4638272K,   0% used [0x00007ef4ec600000, 0x00007ef4ec600000, 0x00007ef607790000)
  from space 579776K,  68% used [0x00007ef62adc0000, 0x00007ef643283918, 0x00007ef64e3f0000)
  to   space 579776K,   0% used [0x00007ef607790000, 0x00007ef607790000, 0x00007ef62adc0000)
 tenured generation   total 11595556K, used 10208153K [0x00007efa41b50000, 0x00007efd05719000, 0x00007f04ec600000)
   the space 11595556K,  88% used [0x00007efa41b50000, 0x00007efcb0c36468, 0x00007efcb0c36600, 0x00007efd05719000)
 Metaspace       used 30674K, capacity 31127K, committed 31488K, reserved 32768K
}
Event: 220.392 GC heap before
{Heap before GC invocations=139 (full 18):
 def new generation   total 5218048K, used 5036366K [0x00007ef4ec600000, 0x00007ef64e3f0000, 0x00007efa41b50000)
  eden space 4638272K, 100% used [0x00007ef4ec600000, 0x00007ef607790000, 0x00007ef607790000)
  from space 579776K,  68% used [0x00007ef62adc0000, 0x00007ef643283918, 0x00007ef64e3f0000)
  to   space 579776K,   0% used [0x00007ef607790000, 0x00007ef607790000, 0x00007ef62adc0000)
 tenured generation   total 11595556K, used 10208153K [0x00007efa41b50000, 0x00007efd05719000, 0x00007f04ec600000)
   the space 11595556K,  88% used [0x00007efa41b50000, 0x00007efcb0c36468, 0x00007efcb0c36600, 0x00007efd05719000)
 Metaspace       used 30674K, capacity 31127K, committed 31488K, reserved 32768K
}
Event: 221.455 GC heap after
{Heap after GC invocations=140 (full 18):
 def new generation   total 5218048K, used 408629K [0x00007ef4ec600000, 0x00007ef64e3f0000, 0x00007efa41b50000)
  eden space 4638272K,   0% used [0x00007ef4ec600000, 0x00007ef4ec600000, 0x00007ef607790000)
  from space 579776K,  70% used [0x00007ef607790000, 0x00007ef62069d720, 0x00007ef62adc0000)
  to   space 579776K,   0% used [0x00007ef62adc0000, 0x00007ef62adc0000, 0x00007ef64e3f0000)
 tenured generation   total 11595556K, used 10606247K [0x00007efa41b50000, 0x00007efd05719000, 0x00007f04ec600000)
   the space 11595556K,  91% used [0x00007efa41b50000, 0x00007efcc90f9c80, 0x00007efcc90f9e00, 0x00007efd05719000)
 Metaspace       used 30674K, capacity 31127K, committed 31488K, reserved 32768K
}
Event: 222.725 GC heap before
{Heap before GC invocations=140 (full 18):
 def new generation   total 5218048K, used 5046901K [0x00007ef4ec600000, 0x00007ef64e3f0000, 0x00007efa41b50000)
  eden space 4638272K, 100% used [0x00007ef4ec600000, 0x00007ef607790000, 0x00007ef607790000)
  from space 579776K,  70% used [0x00007ef607790000, 0x00007ef62069d720, 0x00007ef62adc0000)
  to   space 579776K,   0% used [0x00007ef62adc0000, 0x00007ef62adc0000, 0x00007ef64e3f0000)
 tenured generation   total 11595556K, used 10606247K [0x00007efa41b50000, 0x00007efd05719000, 0x00007f04ec600000)
   the space 11595556K,  91% used [0x00007efa41b50000, 0x00007efcc90f9c80, 0x00007efcc90f9e00, 0x00007efd05719000)
 Metaspace       used 30674K, capacity 31127K, committed 31488K, reserved 32768K
}
Event: 223.843 GC heap after
{Heap after GC invocations=141 (full 18):
 def new generation   total 5218048K, used 421218K [0x00007ef4ec600000, 0x00007ef64e3f0000, 0x00007efa41b50000)
  eden space 4638272K,   0% used [0x00007ef4ec600000, 0x00007ef4ec600000, 0x00007ef607790000)
  from space 579776K,  72% used [0x00007ef62adc0000, 0x00007ef644918938, 0x00007ef64e3f0000)
  to   space 579776K,   0% used [0x00007ef607790000, 0x00007ef607790000, 0x00007ef62adc0000)
 tenured generation   total 11595556K, used 11014875K [0x00007efa41b50000, 0x00007efd05719000, 0x00007f04ec600000)
   the space 11595556K,  94% used [0x00007efa41b50000, 0x00007efce2006de0, 0x00007efce2006e00, 0x00007efd05719000)
 Metaspace       used 30674K, capacity 31127K, committed 31488K, reserved 32768K
}
Event: 225.104 GC heap before
{Heap before GC invocations=141 (full 18):
 def new generation   total 5218048K, used 5059490K [0x00007ef4ec600000, 0x00007ef64e3f0000, 0x00007efa41b50000)
  eden space 4638272K, 100% used [0x00007ef4ec600000, 0x00007ef607790000, 0x00007ef607790000)
  from space 579776K,  72% used [0x00007ef62adc0000, 0x00007ef644918938, 0x00007ef64e3f0000)
  to   space 579776K,   0% used [0x00007ef607790000, 0x00007ef607790000, 0x00007ef62adc0000)
 tenured generation   total 11595556K, used 11014875K [0x00007efa41b50000, 0x00007efd05719000, 0x00007f04ec600000)
   the space 11595556K,  94% used [0x00007efa41b50000, 0x00007efce2006de0, 0x00007efce2006e00, 0x00007efd05719000)
 Metaspace       used 30674K, capacity 31127K, committed 31488K, reserved 32768K
}
Event: 226.453 GC heap after
{Heap after GC invocations=142 (full 18):
 def new generation   total 5218048K, used 466793K [0x00007ef4ec600000, 0x00007ef64e3f0000, 0x00007efa41b50000)
  eden space 4638272K,   0% used [0x00007ef4ec600000, 0x00007ef4ec600000, 0x00007ef607790000)
  from space 579776K,  80% used [0x00007ef607790000, 0x00007ef623f6a728, 0x00007ef62adc0000)
  to   space 579776K,   0% used [0x00007ef62adc0000, 0x00007ef62adc0000, 0x00007ef64e3f0000)
 tenured generation   total 11595556K, used 11436093K [0x00007efa41b50000, 0x00007efd05719000, 0x00007f04ec600000)
   the space 11595556K,  98% used [0x00007efa41b50000, 0x00007efcfbb5f688, 0x00007efcfbb5f800, 0x00007efd05719000)
 Metaspace       used 30674K, capacity 31127K, committed 31488K, reserved 32768K
}
Event: 367.375 GC heap before
{Heap before GC invocations=142 (full 18):
 def new generation   total 5218048K, used 5105065K [0x00007ef4ec600000, 0x00007ef64e3f0000, 0x00007efa41b50000)
  eden space 4638272K, 100% used [0x00007ef4ec600000, 0x00007ef607790000, 0x00007ef607790000)
  from space 579776K,  80% used [0x00007ef607790000, 0x00007ef623f6a728, 0x00007ef62adc0000)
  to   space 579776K,   0% used [0x00007ef62adc0000, 0x00007ef62adc0000, 0x00007ef64e3f0000)
 tenured generation   total 11595556K, used 11436093K [0x00007efa41b50000, 0x00007efd05719000, 0x00007f04ec600000)
   the space 11595556K,  98% used [0x00007efa41b50000, 0x00007efcfbb5f688, 0x00007efcfbb5f800, 0x00007efd05719000)
 Metaspace       used 30674K, capacity 31127K, committed 31488K, reserved 32768K
}
Event: 372.606 GC heap after
{Heap after GC invocations=143 (full 18):
 def new generation   total 5218048K, used 579776K [0x00007ef4ec600000, 0x00007ef64e3f0000, 0x00007efa41b50000)
  eden space 4638272K,   0% used [0x00007ef4ec600000, 0x00007ef4ec600000, 0x00007ef607790000)
  from space 579776K, 100% used [0x00007ef62adc0000, 0x00007ef64e3f0000, 0x00007ef64e3f0000)
  to   space 579776K,   0% used [0x00007ef607790000, 0x00007ef607790000, 0x00007ef62adc0000)
 tenured generation   total 13811620K, used 13811526K [0x00007efa41b50000, 0x00007efd8cb39000, 0x00007f04ec600000)
   the space 13811620K,  99% used [0x00007efa41b50000, 0x00007efd8cb21bc0, 0x00007efd8cb21c00, 0x00007efd8cb39000)
 Metaspace       used 30674K, capacity 31127K, committed 31488K, reserved 32768K
}
Event: 372.606 GC heap before
{Heap before GC invocations=143 (full 18):
 def new generation   total 5218048K, used 579776K [0x00007ef4ec600000, 0x00007ef64e3f0000, 0x00007efa41b50000)
  eden space 4638272K,   0% used [0x00007ef4ec600000, 0x00007ef4ec600000, 0x00007ef607790000)
  from space 579776K, 100% used [0x00007ef62adc0000, 0x00007ef64e3f0000, 0x00007ef64e3f0000)
  to   space 579776K,   0% used [0x00007ef607790000, 0x00007ef607790000, 0x00007ef62adc0000)
 tenured generation   total 13811620K, used 13811526K [0x00007efa41b50000, 0x00007efd8cb39000, 0x00007f04ec600000)
   the space 13811620K,  99% used [0x00007efa41b50000, 0x00007efd8cb21bc0, 0x00007efd8cb21c00, 0x00007efd8cb39000)
 Metaspace       used 30674K, capacity 31127K, committed 31488K, reserved 32768K
}

