# JRE version: OpenJDK Runtime Environment (13.0.7+5) (build 13.0.7+5-Ubuntu-0ubuntu120.04)
# Java VM: OpenJDK 64-Bit Server VM (13.0.7+5-Ubuntu-0ubuntu120.04, mixed mode, tiered, serial gc, linux-amd64)
Heap:
 def new generation   total 3009152K, used 211684K [0x00007f60b8600000, 0x00007f6184720000, 0x00007f660db50000)
  eden space 2674816K,   7% used [0x00007f60b8600000, 0x00007f60c54b9188, 0x00007f615ba20000)
  from space 334336K,   0% used [0x00007f615ba20000, 0x00007f615ba20000, 0x00007f61700a0000)
  to   space 334336K,   0% used [0x00007f61700a0000, 0x00007f61700a0000, 0x00007f6184720000)
 tenured generation   total 6691096K, used 6691095K [0x00007f660db50000, 0x00007f67a6196000, 0x00007f70b8600000)
   the space 6691096K,  99% used [0x00007f660db50000, 0x00007f67a6195ff8, 0x00007f67a6196000, 0x00007f67a6196000)
 Metaspace       used 30369K, capacity 30754K, committed 30976K, reserved 32768K
GC Heap History (20 events):
Event: 110.725 GC heap after
{Heap after GC invocations=59 (full 4):
 def new generation   total 3009152K, used 211927K [0x00007f60b8600000, 0x00007f6184720000, 0x00007f660db50000)
  eden space 2674816K,   0% used [0x00007f60b8600000, 0x00007f60b8600000, 0x00007f615ba20000)
  from space 334336K,  63% used [0x00007f61700a0000, 0x00007f617cf95ef0, 0x00007f6184720000)
  to   space 334336K,   0% used [0x00007f615ba20000, 0x00007f615ba20000, 0x00007f61700a0000)
 tenured generation   total 6686872K, used 4835868K [0x00007f660db50000, 0x00007f67a5d76000, 0x00007f70b8600000)
   the space 6686872K,  72% used [0x00007f660db50000, 0x00007f6734dd7300, 0x00007f6734dd7400, 0x00007f67a5d76000)
 Metaspace       used 30369K, capacity 30754K, committed 30976K, reserved 32768K
}
Event: 111.432 GC heap before
{Heap before GC invocations=59 (full 4):
 def new generation   total 3009152K, used 2886743K [0x00007f60b8600000, 0x00007f6184720000, 0x00007f660db50000)
  eden space 2674816K, 100% used [0x00007f60b8600000, 0x00007f615ba20000, 0x00007f615ba20000)
  from space 334336K,  63% used [0x00007f61700a0000, 0x00007f617cf95ef0, 0x00007f6184720000)
  to   space 334336K,   0% used [0x00007f615ba20000, 0x00007f615ba20000, 0x00007f61700a0000)
 tenured generation   total 6686872K, used 4835868K [0x00007f660db50000, 0x00007f67a5d76000, 0x00007f70b8600000)
   the space 6686872K,  72% used [0x00007f660db50000, 0x00007f6734dd7300, 0x00007f6734dd7400, 0x00007f67a5d76000)
 Metaspace       used 30369K, capacity 30754K, committed 30976K, reserved 32768K
}
Event: 112.069 GC heap after
{Heap after GC invocations=60 (full 4):
 def new generation   total 3009152K, used 206274K [0x00007f60b8600000, 0x00007f6184720000, 0x00007f660db50000)
  eden space 2674816K,   0% used [0x00007f60b8600000, 0x00007f60b8600000, 0x00007f615ba20000)
  from space 334336K,  61% used [0x00007f615ba20000, 0x00007f6168390a58, 0x00007f61700a0000)
  to   space 334336K,   0% used [0x00007f61700a0000, 0x00007f61700a0000, 0x00007f6184720000)
 tenured generation   total 6686872K, used 5047795K [0x00007f660db50000, 0x00007f67a5d76000, 0x00007f70b8600000)
   the space 6686872K,  75% used [0x00007f660db50000, 0x00007f6741ccce60, 0x00007f6741ccd000, 0x00007f67a5d76000)
 Metaspace       used 30369K, capacity 30754K, committed 30976K, reserved 32768K
}
Event: 112.877 GC heap before
{Heap before GC invocations=60 (full 4):
 def new generation   total 3009152K, used 2881090K [0x00007f60b8600000, 0x00007f6184720000, 0x00007f660db50000)
  eden space 2674816K, 100% used [0x00007f60b8600000, 0x00007f615ba20000, 0x00007f615ba20000)
  from space 334336K,  61% used [0x00007f615ba20000, 0x00007f6168390a58, 0x00007f61700a0000)
  to   space 334336K,   0% used [0x00007f61700a0000, 0x00007f61700a0000, 0x00007f6184720000)
 tenured generation   total 6686872K, used 5047795K [0x00007f660db50000, 0x00007f67a5d76000, 0x00007f70b8600000)
   the space 6686872K,  75% used [0x00007f660db50000, 0x00007f6741ccce60, 0x00007f6741ccd000, 0x00007f67a5d76000)
 Metaspace       used 30369K, capacity 30754K, committed 30976K, reserved 32768K
}
Event: 113.452 GC heap after
{Heap after GC invocations=61 (full 4):
 def new generation   total 3009152K, used 192141K [0x00007f60b8600000, 0x00007f6184720000, 0x00007f660db50000)
  eden space 2674816K,   0% used [0x00007f60b8600000, 0x00007f60b8600000, 0x00007f615ba20000)
  from space 334336K,  57% used [0x00007f61700a0000, 0x00007f617bc435f8, 0x00007f6184720000)
  to   space 334336K,   0% used [0x00007f615ba20000, 0x00007f615ba20000, 0x00007f61700a0000)
 tenured generation   total 6686872K, used 5254069K [0x00007f660db50000, 0x00007f67a5d76000, 0x00007f70b8600000)
   the space 6686872K,  78% used [0x00007f660db50000, 0x00007f674e63d4d8, 0x00007f674e63d600, 0x00007f67a5d76000)
 Metaspace       used 30369K, capacity 30754K, committed 30976K, reserved 32768K
}
Event: 114.177 GC heap before
{Heap before GC invocations=61 (full 4):
 def new generation   total 3009152K, used 2866957K [0x00007f60b8600000, 0x00007f6184720000, 0x00007f660db50000)
  eden space 2674816K, 100% used [0x00007f60b8600000, 0x00007f615ba20000, 0x00007f615ba20000)
  from space 334336K,  57% used [0x00007f61700a0000, 0x00007f617bc435f8, 0x00007f6184720000)
  to   space 334336K,   0% used [0x00007f615ba20000, 0x00007f615ba20000, 0x00007f61700a0000)
 tenured generation   total 6686872K, used 5254069K [0x00007f660db50000, 0x00007f67a5d76000, 0x00007f70b8600000)
   the space 6686872K,  78% used [0x00007f660db50000, 0x00007f674e63d4d8, 0x00007f674e63d600, 0x00007f67a5d76000)
 Metaspace       used 30369K, capacity 30754K, committed 30976K, reserved 32768K
}
Event: 114.782 GC heap after
{Heap after GC invocations=62 (full 4):
 def new generation   total 3009152K, used 212225K [0x00007f60b8600000, 0x00007f6184720000, 0x00007f660db50000)
  eden space 2674816K,   0% used [0x00007f60b8600000, 0x00007f60b8600000, 0x00007f615ba20000)
  from space 334336K,  63% used [0x00007f615ba20000, 0x00007f6168960660, 0x00007f61700a0000)
  to   space 334336K,   0% used [0x00007f61700a0000, 0x00007f61700a0000, 0x00007f6184720000)
 tenured generation   total 6686872K, used 5446210K [0x00007f660db50000, 0x00007f67a5d76000, 0x00007f70b8600000)
   the space 6686872K,  81% used [0x00007f660db50000, 0x00007f675a1e0820, 0x00007f675a1e0a00, 0x00007f67a5d76000)
 Metaspace       used 30369K, capacity 30754K, committed 30976K, reserved 32768K
}
Event: 115.515 GC heap before
{Heap before GC invocations=62 (full 4):
 def new generation   total 3009152K, used 2887041K [0x00007f60b8600000, 0x00007f6184720000, 0x00007f660db50000)
  eden space 2674816K, 100% used [0x00007f60b8600000, 0x00007f615ba20000, 0x00007f615ba20000)
  from space 334336K,  63% used [0x00007f615ba20000, 0x00007f6168960660, 0x00007f61700a0000)
  to   space 334336K,   0% used [0x00007f61700a0000, 0x00007f61700a0000, 0x00007f6184720000)
 tenured generation   total 6686872K, used 5446210K [0x00007f660db50000, 0x00007f67a5d76000, 0x00007f70b8600000)
   the space 6686872K,  81% used [0x00007f660db50000, 0x00007f675a1e0820, 0x00007f675a1e0a00, 0x00007f67a5d76000)
 Metaspace       used 30369K, capacity 30754K, committed 30976K, reserved 32768K
}
Event: 116.242 GC heap after
{Heap after GC invocations=63 (full 4):
 def new generation   total 3009152K, used 212206K [0x00007f60b8600000, 0x00007f6184720000, 0x00007f660db50000)
  eden space 2674816K,   0% used [0x00007f60b8600000, 0x00007f60b8600000, 0x00007f615ba20000)
  from space 334336K,  63% used [0x00007f61700a0000, 0x00007f617cfdb960, 0x00007f6184720000)
  to   space 334336K,   0% used [0x00007f615ba20000, 0x00007f615ba20000, 0x00007f61700a0000)
 tenured generation   total 6686872K, used 5658434K [0x00007f660db50000, 0x00007f67a5d76000, 0x00007f70b8600000)
   the space 6686872K,  84% used [0x00007f660db50000, 0x00007f6767120a10, 0x00007f6767120c00, 0x00007f67a5d76000)
 Metaspace       used 30369K, capacity 30754K, committed 30976K, reserved 32768K
}
Event: 117.013 GC heap before
{Heap before GC invocations=63 (full 4):
 def new generation   total 3009152K, used 2887022K [0x00007f60b8600000, 0x00007f6184720000, 0x00007f660db50000)
  eden space 2674816K, 100% used [0x00007f60b8600000, 0x00007f615ba20000, 0x00007f615ba20000)
  from space 334336K,  63% used [0x00007f61700a0000, 0x00007f617cfdb960, 0x00007f6184720000)
  to   space 334336K,   0% used [0x00007f615ba20000, 0x00007f615ba20000, 0x00007f61700a0000)
 tenured generation   total 6686872K, used 5658434K [0x00007f660db50000, 0x00007f67a5d76000, 0x00007f70b8600000)
   the space 6686872K,  84% used [0x00007f660db50000, 0x00007f6767120a10, 0x00007f6767120c00, 0x00007f67a5d76000)
 Metaspace       used 30369K, capacity 30754K, committed 30976K, reserved 32768K
}
Event: 117.615 GC heap after
{Heap after GC invocations=64 (full 4):
 def new generation   total 3009152K, used 204388K [0x00007f60b8600000, 0x00007f6184720000, 0x00007f660db50000)
  eden space 2674816K,   0% used [0x00007f60b8600000, 0x00007f60b8600000, 0x00007f615ba20000)
  from space 334336K,  61% used [0x00007f615ba20000, 0x00007f61681b9068, 0x00007f61700a0000)
  to   space 334336K,   0% used [0x00007f61700a0000, 0x00007f61700a0000, 0x00007f6184720000)
 tenured generation   total 6686872K, used 5870640K [0x00007f660db50000, 0x00007f67a5d76000, 0x00007f70b8600000)
   the space 6686872K,  87% used [0x00007f660db50000, 0x00007f677405c0a0, 0x00007f677405c200, 0x00007f67a5d76000)
 Metaspace       used 30369K, capacity 30754K, committed 30976K, reserved 32768K
}
Event: 118.320 GC heap before
{Heap before GC invocations=64 (full 4):
 def new generation   total 3009152K, used 2879204K [0x00007f60b8600000, 0x00007f6184720000, 0x00007f660db50000)
  eden space 2674816K, 100% used [0x00007f60b8600000, 0x00007f615ba20000, 0x00007f615ba20000)
  from space 334336K,  61% used [0x00007f615ba20000, 0x00007f61681b9068, 0x00007f61700a0000)
  to   space 334336K,   0% used [0x00007f61700a0000, 0x00007f61700a0000, 0x00007f6184720000)
 tenured generation   total 6686872K, used 5870640K [0x00007f660db50000, 0x00007f67a5d76000, 0x00007f70b8600000)
   the space 6686872K,  87% used [0x00007f660db50000, 0x00007f677405c0a0, 0x00007f677405c200, 0x00007f67a5d76000)
 Metaspace       used 30369K, capacity 30754K, committed 30976K, reserved 32768K
}
Event: 118.914 GC heap after
{Heap after GC invocations=65 (full 4):
 def new generation   total 3009152K, used 206709K [0x00007f60b8600000, 0x00007f6184720000, 0x00007f660db50000)
  eden space 2674816K,   0% used [0x00007f60b8600000, 0x00007f60b8600000, 0x00007f615ba20000)
  from space 334336K,  61% used [0x00007f61700a0000, 0x00007f617ca7d718, 0x00007f6184720000)
  to   space 334336K,   0% used [0x00007f615ba20000, 0x00007f615ba20000, 0x00007f61700a0000)
 tenured generation   total 6686872K, used 6075027K [0x00007f660db50000, 0x00007f67a5d76000, 0x00007f70b8600000)
   the space 6686872K,  90% used [0x00007f660db50000, 0x00007f67807f4d58, 0x00007f67807f4e00, 0x00007f67a5d76000)
 Metaspace       used 30369K, capacity 30754K, committed 30976K, reserved 32768K
}
Event: 119.613 GC heap before
{Heap before GC invocations=65 (full 4):
 def new generation   total 3009152K, used 2881525K [0x00007f60b8600000, 0x00007f6184720000, 0x00007f660db50000)
  eden space 2674816K, 100% used [0x00007f60b8600000, 0x00007f615ba20000, 0x00007f615ba20000)
  from space 334336K,  61% used [0x00007f61700a0000, 0x00007f617ca7d718, 0x00007f6184720000)
  to   space 334336K,   0% used [0x00007f615ba20000, 0x00007f615ba20000, 0x00007f61700a0000)
 tenured generation   total 6686872K, used 6075027K [0x00007f660db50000, 0x00007f67a5d76000, 0x00007f70b8600000)
   the space 6686872K,  90% used [0x00007f660db50000, 0x00007f67807f4d58, 0x00007f67807f4e00, 0x00007f67a5d76000)
 Metaspace       used 30369K, capacity 30754K, committed 30976K, reserved 32768K
}
Event: 120.179 GC heap after
{Heap after GC invocations=66 (full 4):
 def new generation   total 3009152K, used 197989K [0x00007f60b8600000, 0x00007f6184720000, 0x00007f660db50000)
  eden space 2674816K,   0% used [0x00007f60b8600000, 0x00007f60b8600000, 0x00007f615ba20000)
  from space 334336K,  59% used [0x00007f615ba20000, 0x00007f6167b79788, 0x00007f61700a0000)
  to   space 334336K,   0% used [0x00007f61700a0000, 0x00007f61700a0000, 0x00007f6184720000)
 tenured generation   total 6686872K, used 6281736K [0x00007f660db50000, 0x00007f67a5d76000, 0x00007f70b8600000)
   the space 6686872K,  93% used [0x00007f660db50000, 0x00007f678d1d22f0, 0x00007f678d1d2400, 0x00007f67a5d76000)
 Metaspace       used 30369K, capacity 30754K, committed 30976K, reserved 32768K
}
Event: 120.885 GC heap before
{Heap before GC invocations=66 (full 4):
 def new generation   total 3009152K, used 2872805K [0x00007f60b8600000, 0x00007f6184720000, 0x00007f660db50000)
  eden space 2674816K, 100% used [0x00007f60b8600000, 0x00007f615ba20000, 0x00007f615ba20000)
  from space 334336K,  59% used [0x00007f615ba20000, 0x00007f6167b79788, 0x00007f61700a0000)
  to   space 334336K,   0% used [0x00007f61700a0000, 0x00007f61700a0000, 0x00007f6184720000)
 tenured generation   total 6686872K, used 6281736K [0x00007f660db50000, 0x00007f67a5d76000, 0x00007f70b8600000)
   the space 6686872K,  93% used [0x00007f660db50000, 0x00007f678d1d22f0, 0x00007f678d1d2400, 0x00007f67a5d76000)
 Metaspace       used 30369K, capacity 30754K, committed 30976K, reserved 32768K
}
Event: 121.521 GC heap after
{Heap after GC invocations=67 (full 4):
 def new generation   total 3009152K, used 211289K [0x00007f60b8600000, 0x00007f6184720000, 0x00007f660db50000)
  eden space 2674816K,   0% used [0x00007f60b8600000, 0x00007f60b8600000, 0x00007f615ba20000)
  from space 334336K,  63% used [0x00007f61700a0000, 0x00007f617cef66d8, 0x00007f6184720000)
  to   space 334336K,   0% used [0x00007f615ba20000, 0x00007f615ba20000, 0x00007f61700a0000)
 tenured generation   total 6686872K, used 6479725K [0x00007f660db50000, 0x00007f67a5d76000, 0x00007f70b8600000)
   the space 6686872K,  96% used [0x00007f660db50000, 0x00007f679932b588, 0x00007f679932b600, 0x00007f67a5d76000)
 Metaspace       used 30369K, capacity 30754K, committed 30976K, reserved 32768K
}
Event: 122.197 GC heap before
{Heap before GC invocations=67 (full 4):
 def new generation   total 3009152K, used 2886105K [0x00007f60b8600000, 0x00007f6184720000, 0x00007f660db50000)
  eden space 2674816K, 100% used [0x00007f60b8600000, 0x00007f615ba20000, 0x00007f615ba20000)
  from space 334336K,  63% used [0x00007f61700a0000, 0x00007f617cef66d8, 0x00007f6184720000)
  to   space 334336K,   0% used [0x00007f615ba20000, 0x00007f615ba20000, 0x00007f61700a0000)
 tenured generation   total 6686872K, used 6479725K [0x00007f660db50000, 0x00007f67a5d76000, 0x00007f70b8600000)
   the space 6686872K,  96% used [0x00007f660db50000, 0x00007f679932b588, 0x00007f679932b600, 0x00007f67a5d76000)
 Metaspace       used 30369K, capacity 30754K, committed 30976K, reserved 32768K
}
Event: 122.796 GC heap after
{Heap after GC invocations=68 (full 4):
 def new generation   total 3009152K, used 211766K [0x00007f60b8600000, 0x00007f6184720000, 0x00007f660db50000)
  eden space 2674816K,   0% used [0x00007f60b8600000, 0x00007f60b8600000, 0x00007f615ba20000)
  from space 334336K,  63% used [0x00007f615ba20000, 0x00007f61688edaa0, 0x00007f61700a0000)
  to   space 334336K,   0% used [0x00007f61700a0000, 0x00007f61700a0000, 0x00007f6184720000)
 tenured generation   total 6691096K, used 6691013K [0x00007f660db50000, 0x00007f67a6196000, 0x00007f70b8600000)
   the space 6691096K,  99% used [0x00007f660db50000, 0x00007f67a61816e0, 0x00007f67a6181800, 0x00007f67a6196000)
 Metaspace       used 30369K, capacity 30754K, committed 30976K, reserved 32768K
}
Event: 122.796 GC heap before
{Heap before GC invocations=68 (full 4):
 def new generation   total 3009152K, used 211766K [0x00007f60b8600000, 0x00007f6184720000, 0x00007f660db50000)
  eden space 2674816K,   0% used [0x00007f60b8600000, 0x00007f60b8600000, 0x00007f615ba20000)
  from space 334336K,  63% used [0x00007f615ba20000, 0x00007f61688edaa0, 0x00007f61700a0000)
  to   space 334336K,   0% used [0x00007f61700a0000, 0x00007f61700a0000, 0x00007f6184720000)
 tenured generation   total 6691096K, used 6691013K [0x00007f660db50000, 0x00007f67a6196000, 0x00007f70b8600000)
   the space 6691096K,  99% used [0x00007f660db50000, 0x00007f67a61816e0, 0x00007f67a6181800, 0x00007f67a6196000)
 Metaspace       used 30369K, capacity 30754K, committed 30976K, reserved 32768K
}

