# JRE version: OpenJDK Runtime Environment (13.0.7+5) (build 13.0.7+5-Ubuntu-0ubuntu120.04)
# Java VM: OpenJDK 64-Bit Server VM (13.0.7+5-Ubuntu-0ubuntu120.04, mixed mode, tiered, serial gc, linux-amd64)
Heap:
 def new generation   total 1568704K, used 79121K [0x00007f59d8600000, 0x00007f5a42c20000, 0x00007f64830a0000)
  eden space 1394432K,   5% used [0x00007f59d8600000, 0x00007f59dd3444b8, 0x00007f5a2d7c0000)
  from space 174272K,   0% used [0x00007f5a381f0000, 0x00007f5a381f0000, 0x00007f5a42c20000)
  to   space 174272K,   0% used [0x00007f5a2d7c0000, 0x00007f5a2d7c0000, 0x00007f5a381f0000)
 tenured generation   total 3502300K, used 3502275K [0x00007f64830a0000, 0x00007f6558cd7000, 0x00007f79d8600000)
   the space 3502300K,  99% used [0x00007f64830a0000, 0x00007f6558cd0d18, 0x00007f6558cd0e00, 0x00007f6558cd7000)
 Metaspace       used 24271K, capacity 24640K, committed 24832K, reserved 26624K
GC Heap History (20 events):
Event: 1217.342 GC heap after
{Heap after GC invocations=1246 (full 5):
 def new generation   total 1568704K, used 85285K [0x00007f59d8600000, 0x00007f5a42c20000, 0x00007f64830a0000)
  eden space 1394432K,   0% used [0x00007f59d8600000, 0x00007f59d8600000, 0x00007f5a2d7c0000)
  from space 174272K,  48% used [0x00007f5a2d7c0000, 0x00007f5a32b095b0, 0x00007f5a381f0000)
  to   space 174272K,   0% used [0x00007f5a381f0000, 0x00007f5a381f0000, 0x00007f5a42c20000)
 tenured generation   total 3485912K, used 3450860K [0x00007f64830a0000, 0x00007f6557cd6000, 0x00007f79d8600000)
   the space 3485912K,  98% used [0x00007f64830a0000, 0x00007f6555a9b108, 0x00007f6555a9b200, 0x00007f6557cd6000)
 Metaspace       used 24271K, capacity 24640K, committed 24832K, reserved 26624K
}
Event: 1218.597 GC heap before
{Heap before GC invocations=1246 (full 5):
 def new generation   total 1568704K, used 1464377K [0x00007f59d8600000, 0x00007f5a42c20000, 0x00007f64830a0000)
  eden space 1394432K,  98% used [0x00007f59d8600000, 0x00007f5a2c8c4f18, 0x00007f5a2d7c0000)
  from space 174272K,  48% used [0x00007f5a2d7c0000, 0x00007f5a32b095b0, 0x00007f5a381f0000)
  to   space 174272K,   0% used [0x00007f5a381f0000, 0x00007f5a381f0000, 0x00007f5a42c20000)
 tenured generation   total 3485912K, used 3450860K [0x00007f64830a0000, 0x00007f6557cd6000, 0x00007f79d8600000)
   the space 3485912K,  98% used [0x00007f64830a0000, 0x00007f6555a9b108, 0x00007f6555a9b200, 0x00007f6557cd6000)
 Metaspace       used 24271K, capacity 24640K, committed 24832K, reserved 26624K
}
Event: 1218.654 GC heap after
{Heap after GC invocations=1247 (full 5):
 def new generation   total 1568704K, used 85823K [0x00007f59d8600000, 0x00007f5a42c20000, 0x00007f64830a0000)
  eden space 1394432K,   0% used [0x00007f59d8600000, 0x00007f59d8600000, 0x00007f5a2d7c0000)
  from space 174272K,  49% used [0x00007f5a381f0000, 0x00007f5a3d5bffa8, 0x00007f5a42c20000)
  to   space 174272K,   0% used [0x00007f5a2d7c0000, 0x00007f5a2d7c0000, 0x00007f5a381f0000)
 tenured generation   total 3485912K, used 3450860K [0x00007f64830a0000, 0x00007f6557cd6000, 0x00007f79d8600000)
   the space 3485912K,  98% used [0x00007f64830a0000, 0x00007f6555a9b108, 0x00007f6555a9b200, 0x00007f6557cd6000)
 Metaspace       used 24271K, capacity 24640K, committed 24832K, reserved 26624K
}
Event: 1220.664 GC heap before
{Heap before GC invocations=1247 (full 5):
 def new generation   total 1568704K, used 1480255K [0x00007f59d8600000, 0x00007f5a42c20000, 0x00007f64830a0000)
  eden space 1394432K, 100% used [0x00007f59d8600000, 0x00007f5a2d7c0000, 0x00007f5a2d7c0000)
  from space 174272K,  49% used [0x00007f5a381f0000, 0x00007f5a3d5bffa8, 0x00007f5a42c20000)
  to   space 174272K,   0% used [0x00007f5a2d7c0000, 0x00007f5a2d7c0000, 0x00007f5a381f0000)
 tenured generation   total 3485912K, used 3450860K [0x00007f64830a0000, 0x00007f6557cd6000, 0x00007f79d8600000)
   the space 3485912K,  98% used [0x00007f64830a0000, 0x00007f6555a9b108, 0x00007f6555a9b200, 0x00007f6557cd6000)
 Metaspace       used 24271K, capacity 24640K, committed 24832K, reserved 26624K
}
Event: 1220.744 GC heap after
{Heap after GC invocations=1248 (full 5):
 def new generation   total 1568704K, used 101769K [0x00007f59d8600000, 0x00007f5a42c20000, 0x00007f64830a0000)
  eden space 1394432K,   0% used [0x00007f59d8600000, 0x00007f59d8600000, 0x00007f5a2d7c0000)
  from space 174272K,  58% used [0x00007f5a2d7c0000, 0x00007f5a33b224a8, 0x00007f5a381f0000)
  to   space 174272K,   0% used [0x00007f5a381f0000, 0x00007f5a381f0000, 0x00007f5a42c20000)
 tenured generation   total 3485912K, used 3450860K [0x00007f64830a0000, 0x00007f6557cd6000, 0x00007f79d8600000)
   the space 3485912K,  98% used [0x00007f64830a0000, 0x00007f6555a9b108, 0x00007f6555a9b200, 0x00007f6557cd6000)
 Metaspace       used 24271K, capacity 24640K, committed 24832K, reserved 26624K
}
Event: 1222.432 GC heap before
{Heap before GC invocations=1248 (full 5):
 def new generation   total 1568704K, used 1496201K [0x00007f59d8600000, 0x00007f5a42c20000, 0x00007f64830a0000)
  eden space 1394432K, 100% used [0x00007f59d8600000, 0x00007f5a2d7c0000, 0x00007f5a2d7c0000)
  from space 174272K,  58% used [0x00007f5a2d7c0000, 0x00007f5a33b224a8, 0x00007f5a381f0000)
  to   space 174272K,   0% used [0x00007f5a381f0000, 0x00007f5a381f0000, 0x00007f5a42c20000)
 tenured generation   total 3485912K, used 3450860K [0x00007f64830a0000, 0x00007f6557cd6000, 0x00007f79d8600000)
   the space 3485912K,  98% used [0x00007f64830a0000, 0x00007f6555a9b108, 0x00007f6555a9b200, 0x00007f6557cd6000)
 Metaspace       used 24271K, capacity 24640K, committed 24832K, reserved 26624K
}
Event: 1222.525 GC heap after
{Heap after GC invocations=1249 (full 5):
 def new generation   total 1568704K, used 83245K [0x00007f59d8600000, 0x00007f5a42c20000, 0x00007f64830a0000)
  eden space 1394432K,   0% used [0x00007f59d8600000, 0x00007f59d8600000, 0x00007f5a2d7c0000)
  from space 174272K,  47% used [0x00007f5a381f0000, 0x00007f5a3d33b4a0, 0x00007f5a42c20000)
  to   space 174272K,   0% used [0x00007f5a2d7c0000, 0x00007f5a2d7c0000, 0x00007f5a381f0000)
 tenured generation   total 3485912K, used 3467819K [0x00007f64830a0000, 0x00007f6557cd6000, 0x00007f79d8600000)
   the space 3485912K,  99% used [0x00007f64830a0000, 0x00007f6556b2ac80, 0x00007f6556b2ae00, 0x00007f6557cd6000)
 Metaspace       used 24271K, capacity 24640K, committed 24832K, reserved 26624K
}
Event: 1223.790 GC heap before
{Heap before GC invocations=1249 (full 5):
 def new generation   total 1568704K, used 1476374K [0x00007f59d8600000, 0x00007f5a42c20000, 0x00007f64830a0000)
  eden space 1394432K,  99% used [0x00007f59d8600000, 0x00007f5a2d67a680, 0x00007f5a2d7c0000)
  from space 174272K,  47% used [0x00007f5a381f0000, 0x00007f5a3d33b4a0, 0x00007f5a42c20000)
  to   space 174272K,   0% used [0x00007f5a2d7c0000, 0x00007f5a2d7c0000, 0x00007f5a381f0000)
 tenured generation   total 3485912K, used 3467819K [0x00007f64830a0000, 0x00007f6557cd6000, 0x00007f79d8600000)
   the space 3485912K,  99% used [0x00007f64830a0000, 0x00007f6556b2ac80, 0x00007f6556b2ae00, 0x00007f6557cd6000)
 Metaspace       used 24271K, capacity 24640K, committed 24832K, reserved 26624K
}
Event: 1223.846 GC heap after
{Heap after GC invocations=1250 (full 5):
 def new generation   total 1568704K, used 84787K [0x00007f59d8600000, 0x00007f5a42c20000, 0x00007f64830a0000)
  eden space 1394432K,   0% used [0x00007f59d8600000, 0x00007f59d8600000, 0x00007f5a2d7c0000)
  from space 174272K,  48% used [0x00007f5a2d7c0000, 0x00007f5a32a8cee0, 0x00007f5a381f0000)
  to   space 174272K,   0% used [0x00007f5a381f0000, 0x00007f5a381f0000, 0x00007f5a42c20000)
 tenured generation   total 3485912K, used 3467819K [0x00007f64830a0000, 0x00007f6557cd6000, 0x00007f79d8600000)
   the space 3485912K,  99% used [0x00007f64830a0000, 0x00007f6556b2ac80, 0x00007f6556b2ae00, 0x00007f6557cd6000)
 Metaspace       used 24271K, capacity 24640K, committed 24832K, reserved 26624K
}
Event: 1225.742 GC heap before
{Heap before GC invocations=1250 (full 5):
 def new generation   total 1568704K, used 1478432K [0x00007f59d8600000, 0x00007f5a42c20000, 0x00007f64830a0000)
  eden space 1394432K,  99% used [0x00007f59d8600000, 0x00007f5a2d6fb2a0, 0x00007f5a2d7c0000)
  from space 174272K,  48% used [0x00007f5a2d7c0000, 0x00007f5a32a8cee0, 0x00007f5a381f0000)
  to   space 174272K,   0% used [0x00007f5a381f0000, 0x00007f5a381f0000, 0x00007f5a42c20000)
 tenured generation   total 3485912K, used 3467819K [0x00007f64830a0000, 0x00007f6557cd6000, 0x00007f79d8600000)
   the space 3485912K,  99% used [0x00007f64830a0000, 0x00007f6556b2ac80, 0x00007f6556b2ae00, 0x00007f6557cd6000)
 Metaspace       used 24271K, capacity 24640K, committed 24832K, reserved 26624K
}
Event: 1225.810 GC heap after
{Heap after GC invocations=1251 (full 5):
 def new generation   total 1568704K, used 94598K [0x00007f59d8600000, 0x00007f5a42c20000, 0x00007f64830a0000)
  eden space 1394432K,   0% used [0x00007f59d8600000, 0x00007f59d8600000, 0x00007f5a2d7c0000)
  from space 174272K,  54% used [0x00007f5a381f0000, 0x00007f5a3de51bc8, 0x00007f5a42c20000)
  to   space 174272K,   0% used [0x00007f5a2d7c0000, 0x00007f5a2d7c0000, 0x00007f5a381f0000)
 tenured generation   total 3485912K, used 3467819K [0x00007f64830a0000, 0x00007f6557cd6000, 0x00007f79d8600000)
   the space 3485912K,  99% used [0x00007f64830a0000, 0x00007f6556b2ac80, 0x00007f6556b2ae00, 0x00007f6557cd6000)
 Metaspace       used 24271K, capacity 24640K, committed 24832K, reserved 26624K
}
Event: 1227.536 GC heap before
{Heap before GC invocations=1251 (full 5):
 def new generation   total 1568704K, used 1489030K [0x00007f59d8600000, 0x00007f5a42c20000, 0x00007f64830a0000)
  eden space 1394432K, 100% used [0x00007f59d8600000, 0x00007f5a2d7c0000, 0x00007f5a2d7c0000)
  from space 174272K,  54% used [0x00007f5a381f0000, 0x00007f5a3de51bc8, 0x00007f5a42c20000)
  to   space 174272K,   0% used [0x00007f5a2d7c0000, 0x00007f5a2d7c0000, 0x00007f5a381f0000)
 tenured generation   total 3485912K, used 3467819K [0x00007f64830a0000, 0x00007f6557cd6000, 0x00007f79d8600000)
   the space 3485912K,  99% used [0x00007f64830a0000, 0x00007f6556b2ac80, 0x00007f6556b2ae00, 0x00007f6557cd6000)
 Metaspace       used 24271K, capacity 24640K, committed 24832K, reserved 26624K
}
Event: 1227.627 GC heap after
{Heap after GC invocations=1252 (full 5):
 def new generation   total 1568704K, used 82209K [0x00007f59d8600000, 0x00007f5a42c20000, 0x00007f64830a0000)
  eden space 1394432K,   0% used [0x00007f59d8600000, 0x00007f59d8600000, 0x00007f5a2d7c0000)
  from space 174272K,  47% used [0x00007f5a2d7c0000, 0x00007f5a32808410, 0x00007f5a381f0000)
  to   space 174272K,   0% used [0x00007f5a381f0000, 0x00007f5a381f0000, 0x00007f5a42c20000)
 tenured generation   total 3485912K, used 3484777K [0x00007f64830a0000, 0x00007f6557cd6000, 0x00007f79d8600000)
   the space 3485912K,  99% used [0x00007f64830a0000, 0x00007f6557bba7f8, 0x00007f6557bba800, 0x00007f6557cd6000)
 Metaspace       used 24271K, capacity 24640K, committed 24832K, reserved 26624K
}
Event: 1229.045 GC heap before
{Heap before GC invocations=1252 (full 5):
 def new generation   total 1568704K, used 1476641K [0x00007f59d8600000, 0x00007f5a42c20000, 0x00007f64830a0000)
  eden space 1394432K, 100% used [0x00007f59d8600000, 0x00007f5a2d7c0000, 0x00007f5a2d7c0000)
  from space 174272K,  47% used [0x00007f5a2d7c0000, 0x00007f5a32808410, 0x00007f5a381f0000)
  to   space 174272K,   0% used [0x00007f5a381f0000, 0x00007f5a381f0000, 0x00007f5a42c20000)
 tenured generation   total 3485912K, used 3484777K [0x00007f64830a0000, 0x00007f6557cd6000, 0x00007f79d8600000)
   the space 3485912K,  99% used [0x00007f64830a0000, 0x00007f6557bba7f8, 0x00007f6557bba800, 0x00007f6557cd6000)
 Metaspace       used 24271K, capacity 24640K, committed 24832K, reserved 26624K
}
Event: 1229.115 GC heap after
{Heap after GC invocations=1253 (full 5):
 def new generation   total 1568704K, used 85285K [0x00007f59d8600000, 0x00007f5a42c20000, 0x00007f64830a0000)
  eden space 1394432K,   0% used [0x00007f59d8600000, 0x00007f59d8600000, 0x00007f5a2d7c0000)
  from space 174272K,  48% used [0x00007f5a381f0000, 0x00007f5a3d5394c8, 0x00007f5a42c20000)
  to   space 174272K,   0% used [0x00007f5a2d7c0000, 0x00007f5a2d7c0000, 0x00007f5a381f0000)
 tenured generation   total 3485912K, used 3484777K [0x00007f64830a0000, 0x00007f6557cd6000, 0x00007f79d8600000)
   the space 3485912K,  99% used [0x00007f64830a0000, 0x00007f6557bba7f8, 0x00007f6557bba800, 0x00007f6557cd6000)
 Metaspace       used 24271K, capacity 24640K, committed 24832K, reserved 26624K
}
Event: 1230.732 GC heap before
{Heap before GC invocations=1253 (full 5):
 def new generation   total 1568704K, used 1469364K [0x00007f59d8600000, 0x00007f5a42c20000, 0x00007f64830a0000)
  eden space 1394432K,  99% used [0x00007f59d8600000, 0x00007f5a2cda3d80, 0x00007f5a2d7c0000)
  from space 174272K,  48% used [0x00007f5a381f0000, 0x00007f5a3d5394c8, 0x00007f5a42c20000)
  to   space 174272K,   0% used [0x00007f5a2d7c0000, 0x00007f5a2d7c0000, 0x00007f5a381f0000)
 tenured generation   total 3485912K, used 3484777K [0x00007f64830a0000, 0x00007f6557cd6000, 0x00007f79d8600000)
   the space 3485912K,  99% used [0x00007f64830a0000, 0x00007f6557bba7f8, 0x00007f6557bba800, 0x00007f6557cd6000)
 Metaspace       used 24271K, capacity 24640K, committed 24832K, reserved 26624K
}
Event: 1230.797 GC heap after
{Heap after GC invocations=1254 (full 5):
 def new generation   total 1568704K, used 88399K [0x00007f59d8600000, 0x00007f5a42c20000, 0x00007f64830a0000)
  eden space 1394432K,   0% used [0x00007f59d8600000, 0x00007f59d8600000, 0x00007f5a2d7c0000)
  from space 174272K,  50% used [0x00007f5a2d7c0000, 0x00007f5a32e13dc8, 0x00007f5a381f0000)
  to   space 174272K,   0% used [0x00007f5a381f0000, 0x00007f5a381f0000, 0x00007f5a42c20000)
 tenured generation   total 3485912K, used 3484777K [0x00007f64830a0000, 0x00007f6557cd6000, 0x00007f79d8600000)
   the space 3485912K,  99% used [0x00007f64830a0000, 0x00007f6557bba7f8, 0x00007f6557bba800, 0x00007f6557cd6000)
 Metaspace       used 24271K, capacity 24640K, committed 24832K, reserved 26624K
}
Event: 1232.663 GC heap before
{Heap before GC invocations=1254 (full 5):
 def new generation   total 1568704K, used 1482831K [0x00007f59d8600000, 0x00007f5a42c20000, 0x00007f64830a0000)
  eden space 1394432K, 100% used [0x00007f59d8600000, 0x00007f5a2d7c0000, 0x00007f5a2d7c0000)
  from space 174272K,  50% used [0x00007f5a2d7c0000, 0x00007f5a32e13dc8, 0x00007f5a381f0000)
  to   space 174272K,   0% used [0x00007f5a381f0000, 0x00007f5a381f0000, 0x00007f5a42c20000)
 tenured generation   total 3485912K, used 3484777K [0x00007f64830a0000, 0x00007f6557cd6000, 0x00007f79d8600000)
   the space 3485912K,  99% used [0x00007f64830a0000, 0x00007f6557bba7f8, 0x00007f6557bba800, 0x00007f6557cd6000)
 Metaspace       used 24271K, capacity 24640K, committed 24832K, reserved 26624K
}
Event: 1232.759 GC heap after
{Heap after GC invocations=1255 (full 5):
 def new generation   total 1568704K, used 79659K [0x00007f59d8600000, 0x00007f5a42c20000, 0x00007f64830a0000)
  eden space 1394432K,   0% used [0x00007f59d8600000, 0x00007f59d8600000, 0x00007f5a2d7c0000)
  from space 174272K,  45% used [0x00007f5a381f0000, 0x00007f5a3cfbae60, 0x00007f5a42c20000)
  to   space 174272K,   0% used [0x00007f5a2d7c0000, 0x00007f5a2d7c0000, 0x00007f5a381f0000)
 tenured generation   total 3502300K, used 3501736K [0x00007f64830a0000, 0x00007f6558cd7000, 0x00007f79d8600000)
   the space 3502300K,  99% used [0x00007f64830a0000, 0x00007f6558c4a370, 0x00007f6558c4a400, 0x00007f6558cd7000)
 Metaspace       used 24271K, capacity 24640K, committed 24832K, reserved 26624K
}
Event: 1232.759 GC heap before
{Heap before GC invocations=1255 (full 5):
 def new generation   total 1568704K, used 79659K [0x00007f59d8600000, 0x00007f5a42c20000, 0x00007f64830a0000)
  eden space 1394432K,   0% used [0x00007f59d8600000, 0x00007f59d8600000, 0x00007f5a2d7c0000)
  from space 174272K,  45% used [0x00007f5a381f0000, 0x00007f5a3cfbae60, 0x00007f5a42c20000)
  to   space 174272K,   0% used [0x00007f5a2d7c0000, 0x00007f5a2d7c0000, 0x00007f5a381f0000)
 tenured generation   total 3502300K, used 3501736K [0x00007f64830a0000, 0x00007f6558cd7000, 0x00007f79d8600000)
   the space 3502300K,  99% used [0x00007f64830a0000, 0x00007f6558c4a370, 0x00007f6558c4a400, 0x00007f6558cd7000)
 Metaspace       used 24271K, capacity 24640K, committed 24832K, reserved 26624K
}

