# JRE version: OpenJDK Runtime Environment (13.0.7+5) (build 13.0.7+5-Ubuntu-0ubuntu120.04)
# Java VM: OpenJDK 64-Bit Server VM (13.0.7+5-Ubuntu-0ubuntu120.04, mixed mode, tiered, serial gc, linux-amd64)
Heap:
 def new generation   total 1025984K, used 0K [0x00007f586c600000, 0x00007f58b1f40000, 0x00007f63170a0000)
  eden space 912000K,   0% used [0x00007f586c600000, 0x00007f586c600000, 0x00007f58a40a0000)
  from space 113984K,   0% used [0x00007f58aaff0000, 0x00007f58aaff0000, 0x00007f58b1f40000)
  to   space 113984K,   0% used [0x00007f58a40a0000, 0x00007f58a40a0000, 0x00007f58aaff0000)
 tenured generation   total 2297020K, used 2123833K [0x00007f63170a0000, 0x00007f63a33cf000, 0x00007f786c600000)
   the space 2297020K,  92% used [0x00007f63170a0000, 0x00007f6398aae698, 0x00007f6398aae800, 0x00007f63a33cf000)
 Metaspace       used 24198K, capacity 24644K, committed 24832K, reserved 26624K
GC Heap History (20 events):
Event: 744.688 GC heap after
{Heap after GC invocations=990 (full 4):
 def new generation   total 1025984K, used 15938K [0x00007f586c600000, 0x00007f58b1f40000, 0x00007f63170a0000)
  eden space 912000K,   0% used [0x00007f586c600000, 0x00007f586c600000, 0x00007f58a40a0000)
  from space 113984K,  13% used [0x00007f58a40a0000, 0x00007f58a50308a8, 0x00007f58aaff0000)
  to   space 113984K,   0% used [0x00007f58aaff0000, 0x00007f58aaff0000, 0x00007f58b1f40000)
 tenured generation   total 2279924K, used 2242454K [0x00007f63170a0000, 0x00007f63a231d000, 0x00007f786c600000)
   the space 2279924K,  98% used [0x00007f63170a0000, 0x00007f639fe85820, 0x00007f639fe85a00, 0x00007f63a231d000)
 Metaspace       used 24198K, capacity 24644K, committed 24832K, reserved 26624K
}
Event: 745.830 GC heap before
{Heap before GC invocations=990 (full 4):
 def new generation   total 1025984K, used 926951K [0x00007f586c600000, 0x00007f58b1f40000, 0x00007f63170a0000)
  eden space 912000K,  99% used [0x00007f586c600000, 0x00007f58a3fa9370, 0x00007f58a40a0000)
  from space 113984K,  13% used [0x00007f58a40a0000, 0x00007f58a50308a8, 0x00007f58aaff0000)
  to   space 113984K,   0% used [0x00007f58aaff0000, 0x00007f58aaff0000, 0x00007f58b1f40000)
 tenured generation   total 2279924K, used 2242454K [0x00007f63170a0000, 0x00007f63a231d000, 0x00007f786c600000)
   the space 2279924K,  98% used [0x00007f63170a0000, 0x00007f639fe85820, 0x00007f639fe85a00, 0x00007f63a231d000)
 Metaspace       used 24198K, capacity 24644K, committed 24832K, reserved 26624K
}
Event: 745.862 GC heap after
{Heap after GC invocations=991 (full 4):
 def new generation   total 1025984K, used 41671K [0x00007f586c600000, 0x00007f58b1f40000, 0x00007f63170a0000)
  eden space 912000K,   0% used [0x00007f586c600000, 0x00007f586c600000, 0x00007f58a40a0000)
  from space 113984K,  36% used [0x00007f58aaff0000, 0x00007f58ad8a1f30, 0x00007f58b1f40000)
  to   space 113984K,   0% used [0x00007f58a40a0000, 0x00007f58a40a0000, 0x00007f58aaff0000)
 tenured generation   total 2279924K, used 2242454K [0x00007f63170a0000, 0x00007f63a231d000, 0x00007f786c600000)
   the space 2279924K,  98% used [0x00007f63170a0000, 0x00007f639fe85820, 0x00007f639fe85a00, 0x00007f63a231d000)
 Metaspace       used 24198K, capacity 24644K, committed 24832K, reserved 26624K
}
Event: 747.003 GC heap before
{Heap before GC invocations=991 (full 4):
 def new generation   total 1025984K, used 953671K [0x00007f586c600000, 0x00007f58b1f40000, 0x00007f63170a0000)
  eden space 912000K, 100% used [0x00007f586c600000, 0x00007f58a40a0000, 0x00007f58a40a0000)
  from space 113984K,  36% used [0x00007f58aaff0000, 0x00007f58ad8a1f30, 0x00007f58b1f40000)
  to   space 113984K,   0% used [0x00007f58a40a0000, 0x00007f58a40a0000, 0x00007f58aaff0000)
 tenured generation   total 2279924K, used 2242454K [0x00007f63170a0000, 0x00007f63a231d000, 0x00007f786c600000)
   the space 2279924K,  98% used [0x00007f63170a0000, 0x00007f639fe85820, 0x00007f639fe85a00, 0x00007f63a231d000)
 Metaspace       used 24198K, capacity 24644K, committed 24832K, reserved 26624K
}
Event: 747.036 GC heap after
{Heap after GC invocations=992 (full 4):
 def new generation   total 1025984K, used 44716K [0x00007f586c600000, 0x00007f58b1f40000, 0x00007f63170a0000)
  eden space 912000K,   0% used [0x00007f586c600000, 0x00007f586c600000, 0x00007f58a40a0000)
  from space 113984K,  39% used [0x00007f58a40a0000, 0x00007f58a6c4b118, 0x00007f58aaff0000)
  to   space 113984K,   0% used [0x00007f58aaff0000, 0x00007f58aaff0000, 0x00007f58b1f40000)
 tenured generation   total 2279924K, used 2242454K [0x00007f63170a0000, 0x00007f63a231d000, 0x00007f786c600000)
   the space 2279924K,  98% used [0x00007f63170a0000, 0x00007f639fe85820, 0x00007f639fe85a00, 0x00007f63a231d000)
 Metaspace       used 24198K, capacity 24644K, committed 24832K, reserved 26624K
}
Event: 748.034 GC heap before
{Heap before GC invocations=992 (full 4):
 def new generation   total 1025984K, used 956716K [0x00007f586c600000, 0x00007f58b1f40000, 0x00007f63170a0000)
  eden space 912000K, 100% used [0x00007f586c600000, 0x00007f58a40a0000, 0x00007f58a40a0000)
  from space 113984K,  39% used [0x00007f58a40a0000, 0x00007f58a6c4b118, 0x00007f58aaff0000)
  to   space 113984K,   0% used [0x00007f58aaff0000, 0x00007f58aaff0000, 0x00007f58b1f40000)
 tenured generation   total 2279924K, used 2242454K [0x00007f63170a0000, 0x00007f63a231d000, 0x00007f786c600000)
   the space 2279924K,  98% used [0x00007f63170a0000, 0x00007f639fe85820, 0x00007f639fe85a00, 0x00007f63a231d000)
 Metaspace       used 24198K, capacity 24644K, committed 24832K, reserved 26624K
}
Event: 748.071 GC heap after
{Heap after GC invocations=993 (full 4):
 def new generation   total 1025984K, used 49332K [0x00007f586c600000, 0x00007f58b1f40000, 0x00007f63170a0000)
  eden space 912000K,   0% used [0x00007f586c600000, 0x00007f586c600000, 0x00007f58a40a0000)
  from space 113984K,  43% used [0x00007f58aaff0000, 0x00007f58ae01d250, 0x00007f58b1f40000)
  to   space 113984K,   0% used [0x00007f58a40a0000, 0x00007f58a40a0000, 0x00007f58aaff0000)
 tenured generation   total 2279924K, used 2242454K [0x00007f63170a0000, 0x00007f63a231d000, 0x00007f786c600000)
   the space 2279924K,  98% used [0x00007f63170a0000, 0x00007f639fe85820, 0x00007f639fe85a00, 0x00007f63a231d000)
 Metaspace       used 24198K, capacity 24644K, committed 24832K, reserved 26624K
}
Event: 748.973 GC heap before
{Heap before GC invocations=993 (full 4):
 def new generation   total 1025984K, used 961332K [0x00007f586c600000, 0x00007f58b1f40000, 0x00007f63170a0000)
  eden space 912000K, 100% used [0x00007f586c600000, 0x00007f58a40a0000, 0x00007f58a40a0000)
  from space 113984K,  43% used [0x00007f58aaff0000, 0x00007f58ae01d250, 0x00007f58b1f40000)
  to   space 113984K,   0% used [0x00007f58a40a0000, 0x00007f58a40a0000, 0x00007f58aaff0000)
 tenured generation   total 2279924K, used 2242454K [0x00007f63170a0000, 0x00007f63a231d000, 0x00007f786c600000)
   the space 2279924K,  98% used [0x00007f63170a0000, 0x00007f639fe85820, 0x00007f639fe85a00, 0x00007f63a231d000)
 Metaspace       used 24198K, capacity 24644K, committed 24832K, reserved 26624K
}
Event: 749.013 GC heap after
{Heap after GC invocations=994 (full 4):
 def new generation   total 1025984K, used 52397K [0x00007f586c600000, 0x00007f58b1f40000, 0x00007f63170a0000)
  eden space 912000K,   0% used [0x00007f586c600000, 0x00007f586c600000, 0x00007f58a40a0000)
  from space 113984K,  45% used [0x00007f58a40a0000, 0x00007f58a73cb490, 0x00007f58aaff0000)
  to   space 113984K,   0% used [0x00007f58aaff0000, 0x00007f58aaff0000, 0x00007f58b1f40000)
 tenured generation   total 2279924K, used 2242454K [0x00007f63170a0000, 0x00007f63a231d000, 0x00007f786c600000)
   the space 2279924K,  98% used [0x00007f63170a0000, 0x00007f639fe85820, 0x00007f639fe85a00, 0x00007f63a231d000)
 Metaspace       used 24198K, capacity 24644K, committed 24832K, reserved 26624K
}
Event: 749.778 GC heap before
{Heap before GC invocations=994 (full 4):
 def new generation   total 1025984K, used 964397K [0x00007f586c600000, 0x00007f58b1f40000, 0x00007f63170a0000)
  eden space 912000K, 100% used [0x00007f586c600000, 0x00007f58a40a0000, 0x00007f58a40a0000)
  from space 113984K,  45% used [0x00007f58a40a0000, 0x00007f58a73cb490, 0x00007f58aaff0000)
  to   space 113984K,   0% used [0x00007f58aaff0000, 0x00007f58aaff0000, 0x00007f58b1f40000)
 tenured generation   total 2279924K, used 2242454K [0x00007f63170a0000, 0x00007f63a231d000, 0x00007f786c600000)
   the space 2279924K,  98% used [0x00007f63170a0000, 0x00007f639fe85820, 0x00007f639fe85a00, 0x00007f63a231d000)
 Metaspace       used 24198K, capacity 24644K, committed 24832K, reserved 26624K
}
Event: 749.815 GC heap after
{Heap after GC invocations=995 (full 4):
 def new generation   total 1025984K, used 52404K [0x00007f586c600000, 0x00007f58b1f40000, 0x00007f63170a0000)
  eden space 912000K,   0% used [0x00007f586c600000, 0x00007f586c600000, 0x00007f58a40a0000)
  from space 113984K,  45% used [0x00007f58aaff0000, 0x00007f58ae31d1c0, 0x00007f58b1f40000)
  to   space 113984K,   0% used [0x00007f58a40a0000, 0x00007f58a40a0000, 0x00007f58aaff0000)
 tenured generation   total 2279924K, used 2242454K [0x00007f63170a0000, 0x00007f63a231d000, 0x00007f786c600000)
   the space 2279924K,  98% used [0x00007f63170a0000, 0x00007f639fe85820, 0x00007f639fe85a00, 0x00007f63a231d000)
 Metaspace       used 24198K, capacity 24644K, committed 24832K, reserved 26624K
}
Event: 750.731 GC heap before
{Heap before GC invocations=995 (full 4):
 def new generation   total 1025984K, used 960904K [0x00007f586c600000, 0x00007f58b1f40000, 0x00007f63170a0000)
  eden space 912000K,  99% used [0x00007f586c600000, 0x00007f58a3d34f90, 0x00007f58a40a0000)
  from space 113984K,  45% used [0x00007f58aaff0000, 0x00007f58ae31d1c0, 0x00007f58b1f40000)
  to   space 113984K,   0% used [0x00007f58a40a0000, 0x00007f58a40a0000, 0x00007f58aaff0000)
 tenured generation   total 2279924K, used 2242454K [0x00007f63170a0000, 0x00007f63a231d000, 0x00007f786c600000)
   the space 2279924K,  98% used [0x00007f63170a0000, 0x00007f639fe85820, 0x00007f639fe85a00, 0x00007f63a231d000)
 Metaspace       used 24198K, capacity 24644K, committed 24832K, reserved 26624K
}
Event: 750.772 GC heap after
{Heap after GC invocations=996 (full 4):
 def new generation   total 1025984K, used 54990K [0x00007f586c600000, 0x00007f58b1f40000, 0x00007f63170a0000)
  eden space 912000K,   0% used [0x00007f586c600000, 0x00007f586c600000, 0x00007f58a40a0000)
  from space 113984K,  48% used [0x00007f58a40a0000, 0x00007f58a7653a90, 0x00007f58aaff0000)
  to   space 113984K,   0% used [0x00007f58aaff0000, 0x00007f58aaff0000, 0x00007f58b1f40000)
 tenured generation   total 2279924K, used 2242454K [0x00007f63170a0000, 0x00007f63a231d000, 0x00007f786c600000)
   the space 2279924K,  98% used [0x00007f63170a0000, 0x00007f639fe85820, 0x00007f639fe85a00, 0x00007f63a231d000)
 Metaspace       used 24198K, capacity 24644K, committed 24832K, reserved 26624K
}
Event: 751.904 GC heap before
{Heap before GC invocations=996 (full 4):
 def new generation   total 1025984K, used 966297K [0x00007f586c600000, 0x00007f58b1f40000, 0x00007f63170a0000)
  eden space 912000K,  99% used [0x00007f586c600000, 0x00007f58a3ff2a70, 0x00007f58a40a0000)
  from space 113984K,  48% used [0x00007f58a40a0000, 0x00007f58a7653a90, 0x00007f58aaff0000)
  to   space 113984K,   0% used [0x00007f58aaff0000, 0x00007f58aaff0000, 0x00007f58b1f40000)
 tenured generation   total 2279924K, used 2242454K [0x00007f63170a0000, 0x00007f63a231d000, 0x00007f786c600000)
   the space 2279924K,  98% used [0x00007f63170a0000, 0x00007f639fe85820, 0x00007f639fe85a00, 0x00007f63a231d000)
 Metaspace       used 24198K, capacity 24644K, committed 24832K, reserved 26624K
}
Event: 751.939 GC heap after
{Heap after GC invocations=997 (full 4):
 def new generation   total 1025984K, used 58595K [0x00007f586c600000, 0x00007f58b1f40000, 0x00007f63170a0000)
  eden space 912000K,   0% used [0x00007f586c600000, 0x00007f586c600000, 0x00007f58a40a0000)
  from space 113984K,  51% used [0x00007f58aaff0000, 0x00007f58ae928fe8, 0x00007f58b1f40000)
  to   space 113984K,   0% used [0x00007f58a40a0000, 0x00007f58a40a0000, 0x00007f58aaff0000)
 tenured generation   total 2279924K, used 2242454K [0x00007f63170a0000, 0x00007f63a231d000, 0x00007f786c600000)
   the space 2279924K,  98% used [0x00007f63170a0000, 0x00007f639fe85820, 0x00007f639fe85a00, 0x00007f63a231d000)
 Metaspace       used 24198K, capacity 24644K, committed 24832K, reserved 26624K
}
Event: 753.020 GC heap before
{Heap before GC invocations=997 (full 4):
 def new generation   total 1025984K, used 963568K [0x00007f586c600000, 0x00007f58b1f40000, 0x00007f63170a0000)
  eden space 912000K,  99% used [0x00007f586c600000, 0x00007f58a39c30b8, 0x00007f58a40a0000)
  from space 113984K,  51% used [0x00007f58aaff0000, 0x00007f58ae928fe8, 0x00007f58b1f40000)
  to   space 113984K,   0% used [0x00007f58a40a0000, 0x00007f58a40a0000, 0x00007f58aaff0000)
 tenured generation   total 2279924K, used 2242454K [0x00007f63170a0000, 0x00007f63a231d000, 0x00007f786c600000)
   the space 2279924K,  98% used [0x00007f63170a0000, 0x00007f639fe85820, 0x00007f639fe85a00, 0x00007f63a231d000)
 Metaspace       used 24198K, capacity 24644K, committed 24832K, reserved 26624K
}
Event: 753.078 GC heap after
{Heap after GC invocations=998 (full 4):
 def new generation   total 1025984K, used 77581K [0x00007f586c600000, 0x00007f58b1f40000, 0x00007f63170a0000)
  eden space 912000K,   0% used [0x00007f586c600000, 0x00007f586c600000, 0x00007f58a40a0000)
  from space 113984K,  68% used [0x00007f58a40a0000, 0x00007f58a8c637c0, 0x00007f58aaff0000)
  to   space 113984K,   0% used [0x00007f58aaff0000, 0x00007f58aaff0000, 0x00007f58b1f40000)
 tenured generation   total 2279924K, used 2245036K [0x00007f63170a0000, 0x00007f63a231d000, 0x00007f786c600000)
   the space 2279924K,  98% used [0x00007f63170a0000, 0x00007f63a010b2c8, 0x00007f63a010b400, 0x00007f63a231d000)
 Metaspace       used 24198K, capacity 24644K, committed 24832K, reserved 26624K
}
Event: 754.112 GC heap before
{Heap before GC invocations=998 (full 4):
 def new generation   total 1025984K, used 989273K [0x00007f586c600000, 0x00007f58b1f40000, 0x00007f63170a0000)
  eden space 912000K,  99% used [0x00007f586c600000, 0x00007f58a4052cf0, 0x00007f58a40a0000)
  from space 113984K,  68% used [0x00007f58a40a0000, 0x00007f58a8c637c0, 0x00007f58aaff0000)
  to   space 113984K,   0% used [0x00007f58aaff0000, 0x00007f58aaff0000, 0x00007f58b1f40000)
 tenured generation   total 2279924K, used 2245036K [0x00007f63170a0000, 0x00007f63a231d000, 0x00007f786c600000)
   the space 2279924K,  98% used [0x00007f63170a0000, 0x00007f63a010b2c8, 0x00007f63a010b400, 0x00007f63a231d000)
 Metaspace       used 24198K, capacity 24644K, committed 24832K, reserved 26624K
}
Event: 754.198 GC heap after
{Heap after GC invocations=999 (full 4):
 def new generation   total 1025984K, used 14905K [0x00007f586c600000, 0x00007f58b1f40000, 0x00007f63170a0000)
  eden space 912000K,   0% used [0x00007f586c600000, 0x00007f586c600000, 0x00007f58a40a0000)
  from space 113984K,  13% used [0x00007f58aaff0000, 0x00007f58abe7e6c8, 0x00007f58b1f40000)
  to   space 113984K,   0% used [0x00007f58a40a0000, 0x00007f58a40a0000, 0x00007f58aaff0000)
 tenured generation   total 2297020K, used 2296914K [0x00007f63170a0000, 0x00007f63a33cf000, 0x00007f786c600000)
   the space 2297020K,  99% used [0x00007f63170a0000, 0x00007f63a33b4b60, 0x00007f63a33b4c00, 0x00007f63a33cf000)
 Metaspace       used 24198K, capacity 24644K, committed 24832K, reserved 26624K
}
Event: 754.198 GC heap before
{Heap before GC invocations=999 (full 4):
 def new generation   total 1025984K, used 14905K [0x00007f586c600000, 0x00007f58b1f40000, 0x00007f63170a0000)
  eden space 912000K,   0% used [0x00007f586c600000, 0x00007f586c600000, 0x00007f58a40a0000)
  from space 113984K,  13% used [0x00007f58aaff0000, 0x00007f58abe7e6c8, 0x00007f58b1f40000)
  to   space 113984K,   0% used [0x00007f58a40a0000, 0x00007f58a40a0000, 0x00007f58aaff0000)
 tenured generation   total 2297020K, used 2296914K [0x00007f63170a0000, 0x00007f63a33cf000, 0x00007f786c600000)
   the space 2297020K,  99% used [0x00007f63170a0000, 0x00007f63a33b4b60, 0x00007f63a33b4c00, 0x00007f63a33cf000)
 Metaspace       used 24198K, capacity 24644K, committed 24832K, reserved 26624K
}

