# JRE version: OpenJDK Runtime Environment (13.0.7+5) (build 13.0.7+5-Ubuntu-0ubuntu120.04)
# Java VM: OpenJDK 64-Bit Server VM (13.0.7+5-Ubuntu-0ubuntu120.04, mixed mode, tiered, serial gc, linux-amd64)
Heap:
 def new generation   total 1585280K, used 1112134K [0x00007fac18600000, 0x00007fac83e20000, 0x00007fb16db50000)
  eden space 1409152K,  76% used [0x00007fac18600000, 0x00007fac5a127cf8, 0x00007fac6e620000)
  from space 176128K,  20% used [0x00007fac6e620000, 0x00007fac70909cd8, 0x00007fac79220000)
  to   space 176128K,   0% used [0x00007fac79220000, 0x00007fac79222120, 0x00007fac83e20000)
 tenured generation   total 3522680K, used 3158792K [0x00007fb16db50000, 0x00007fb244b6e000, 0x00007fbc18600000)
   the space 3522680K,  89% used [0x00007fb16db50000, 0x00007fb22e8122c0, 0x00007fb22e812400, 0x00007fb244b6e000)
 Metaspace       used 24276K, capacity 24693K, committed 24832K, reserved 26624K
GC Heap History (20 events):
Event: 193.669 GC heap after
{Heap after GC invocations=105 (full 27):
 def new generation   total 1585280K, used 35670K [0x00007fac18600000, 0x00007fac83e20000, 0x00007fb16db50000)
  eden space 1409152K,   0% used [0x00007fac18600000, 0x00007fac18600000, 0x00007fac6e620000)
  from space 176128K,  20% used [0x00007fac79220000, 0x00007fac7b4f5b58, 0x00007fac83e20000)
  to   space 176128K,   0% used [0x00007fac6e620000, 0x00007fac6e620000, 0x00007fac79220000)
 tenured generation   total 3522680K, used 2110073K [0x00007fb16db50000, 0x00007fb244b6e000, 0x00007fbc18600000)
   the space 3522680K,  59% used [0x00007fb16db50000, 0x00007fb1ee7ee560, 0x00007fb1ee7ee600, 0x00007fb244b6e000)
 Metaspace       used 24276K, capacity 24693K, committed 24832K, reserved 26624K
}
Event: 195.010 GC heap before
{Heap before GC invocations=105 (full 27):
 def new generation   total 1585280K, used 1391484K [0x00007fac18600000, 0x00007fac83e20000, 0x00007fb16db50000)
  eden space 1409152K,  96% used [0x00007fac18600000, 0x00007fac6b209530, 0x00007fac6e620000)
  from space 176128K,  20% used [0x00007fac79220000, 0x00007fac7b4f5b58, 0x00007fac83e20000)
  to   space 176128K,   0% used [0x00007fac6e620000, 0x00007fac6e620000, 0x00007fac79220000)
 tenured generation   total 3522680K, used 2110073K [0x00007fb16db50000, 0x00007fb244b6e000, 0x00007fbc18600000)
   the space 3522680K,  59% used [0x00007fb16db50000, 0x00007fb1ee7ee560, 0x00007fb1ee7ee600, 0x00007fb244b6e000)
 Metaspace       used 24276K, capacity 24693K, committed 24832K, reserved 26624K
}
Event: 195.523 GC heap after
{Heap after GC invocations=106 (full 27):
 def new generation   total 1585280K, used 35751K [0x00007fac18600000, 0x00007fac83e20000, 0x00007fb16db50000)
  eden space 1409152K,   0% used [0x00007fac18600000, 0x00007fac18600000, 0x00007fac6e620000)
  from space 176128K,  20% used [0x00007fac6e620000, 0x00007fac70909dc0, 0x00007fac79220000)
  to   space 176128K,   0% used [0x00007fac79220000, 0x00007fac79220000, 0x00007fac83e20000)
 tenured generation   total 3522680K, used 3158649K [0x00007fb16db50000, 0x00007fb244b6e000, 0x00007fbc18600000)
   the space 3522680K,  89% used [0x00007fb16db50000, 0x00007fb22e7ee578, 0x00007fb22e7ee600, 0x00007fb244b6e000)
 Metaspace       used 24276K, capacity 24693K, committed 24832K, reserved 26624K
}
Event: 196.354 GC heap before
{Heap before GC invocations=106 (full 27):
 def new generation   total 1585280K, used 1112143K [0x00007fac18600000, 0x00007fac83e20000, 0x00007fb16db50000)
  eden space 1409152K,  76% used [0x00007fac18600000, 0x00007fac5a129f30, 0x00007fac6e620000)
  from space 176128K,  20% used [0x00007fac6e620000, 0x00007fac70909dc0, 0x00007fac79220000)
  to   space 176128K,   0% used [0x00007fac79220000, 0x00007fac79220000, 0x00007fac83e20000)
 tenured generation   total 3522680K, used 3158649K [0x00007fb16db50000, 0x00007fb244b6e000, 0x00007fbc18600000)
   the space 3522680K,  89% used [0x00007fb16db50000, 0x00007fb22e7ee578, 0x00007fb22e7ee600, 0x00007fb244b6e000)
 Metaspace       used 24276K, capacity 24693K, committed 24832K, reserved 26624K
}
Event: 197.235 GC heap after
{Heap after GC invocations=107 (full 27):
 def new generation   total 1585280K, used 35752K [0x00007fac18600000, 0x00007fac83e20000, 0x00007fb16db50000)
  eden space 1409152K,   0% used [0x00007fac18600000, 0x00007fac18600000, 0x00007fac6e620000)
  from space 176128K,  20% used [0x00007fac79220000, 0x00007fac7b50a038, 0x00007fac83e20000)
  to   space 176128K,   0% used [0x00007fac6e620000, 0x00007fac6e620000, 0x00007fac79220000)
 tenured generation   total 4571260K, used 4207225K [0x00007fb16db50000, 0x00007fb284b6f000, 0x00007fbc18600000)
   the space 4571260K,  92% used [0x00007fb16db50000, 0x00007fb26e7ee590, 0x00007fb26e7ee600, 0x00007fb284b6f000)
 Metaspace       used 24276K, capacity 24693K, committed 24832K, reserved 26624K
}
Event: 197.235 GC heap before
{Heap before GC invocations=107 (full 27):
 def new generation   total 1585280K, used 35752K [0x00007fac18600000, 0x00007fac83e20000, 0x00007fb16db50000)
  eden space 1409152K,   0% used [0x00007fac18600000, 0x00007fac18600000, 0x00007fac6e620000)
  from space 176128K,  20% used [0x00007fac79220000, 0x00007fac7b50a038, 0x00007fac83e20000)
  to   space 176128K,   0% used [0x00007fac6e620000, 0x00007fac6e620000, 0x00007fac79220000)
 tenured generation   total 4571260K, used 4207225K [0x00007fb16db50000, 0x00007fb284b6f000, 0x00007fbc18600000)
   the space 4571260K,  92% used [0x00007fb16db50000, 0x00007fb26e7ee590, 0x00007fb26e7ee600, 0x00007fb284b6f000)
 Metaspace       used 24276K, capacity 24693K, committed 24832K, reserved 26624K
}
Event: 198.955 GC heap after
{Heap after GC invocations=107 (full 28):
 def new generation   total 1585280K, used 0K [0x00007fac18600000, 0x00007fac83e20000, 0x00007fb16db50000)
  eden space 1409152K,   0% used [0x00007fac18600000, 0x00007fac18600000, 0x00007fac6e620000)
  from space 176128K,   0% used [0x00007fac79220000, 0x00007fac79220000, 0x00007fac83e20000)
  to   space 176128K,   0% used [0x00007fac6e620000, 0x00007fac6e620000, 0x00007fac79220000)
 tenured generation   total 3522680K, used 2110137K [0x00007fb16db50000, 0x00007fb244b6e000, 0x00007fbc18600000)
   the space 3522680K,  59% used [0x00007fb16db50000, 0x00007fb1ee7fe6a8, 0x00007fb1ee7fe800, 0x00007fb244b6e000)
 Metaspace       used 24276K, capacity 24693K, committed 24832K, reserved 26624K
}
Event: 200.997 GC heap before
{Heap before GC invocations=107 (full 28):
 def new generation   total 1585280K, used 1409152K [0x00007fac18600000, 0x00007fac83e20000, 0x00007fb16db50000)
  eden space 1409152K, 100% used [0x00007fac18600000, 0x00007fac6e620000, 0x00007fac6e620000)
  from space 176128K,   0% used [0x00007fac79220000, 0x00007fac79220000, 0x00007fac83e20000)
  to   space 176128K,   0% used [0x00007fac6e620000, 0x00007fac6e620000, 0x00007fac79220000)
 tenured generation   total 3522680K, used 2110137K [0x00007fb16db50000, 0x00007fb244b6e000, 0x00007fbc18600000)
   the space 3522680K,  59% used [0x00007fb16db50000, 0x00007fb1ee7fe6a8, 0x00007fb1ee7fe800, 0x00007fb244b6e000)
 Metaspace       used 24276K, capacity 24693K, committed 24832K, reserved 26624K
}
Event: 201.018 GC heap after
{Heap after GC invocations=108 (full 28):
 def new generation   total 1585280K, used 35671K [0x00007fac18600000, 0x00007fac83e20000, 0x00007fb16db50000)
  eden space 1409152K,   0% used [0x00007fac18600000, 0x00007fac18600000, 0x00007fac6e620000)
  from space 176128K,  20% used [0x00007fac6e620000, 0x00007fac708f5db0, 0x00007fac79220000)
  to   space 176128K,   0% used [0x00007fac79220000, 0x00007fac79220000, 0x00007fac83e20000)
 tenured generation   total 3522680K, used 2110137K [0x00007fb16db50000, 0x00007fb244b6e000, 0x00007fbc18600000)
   the space 3522680K,  59% used [0x00007fb16db50000, 0x00007fb1ee7fe6a8, 0x00007fb1ee7fe800, 0x00007fb244b6e000)
 Metaspace       used 24276K, capacity 24693K, committed 24832K, reserved 26624K
}
Event: 202.314 GC heap before
{Heap before GC invocations=108 (full 28):
 def new generation   total 1585280K, used 1391691K [0x00007fac18600000, 0x00007fac83e20000, 0x00007fb16db50000)
  eden space 1409152K,  96% used [0x00007fac18600000, 0x00007fac6b23cf70, 0x00007fac6e620000)
  from space 176128K,  20% used [0x00007fac6e620000, 0x00007fac708f5db0, 0x00007fac79220000)
  to   space 176128K,   0% used [0x00007fac79220000, 0x00007fac79220000, 0x00007fac83e20000)
 tenured generation   total 3522680K, used 2110137K [0x00007fb16db50000, 0x00007fb244b6e000, 0x00007fbc18600000)
   the space 3522680K,  59% used [0x00007fb16db50000, 0x00007fb1ee7fe6a8, 0x00007fb1ee7fe800, 0x00007fb244b6e000)
 Metaspace       used 24276K, capacity 24693K, committed 24832K, reserved 26624K
}
Event: 203.036 GC heap after
{Heap after GC invocations=109 (full 28):
 def new generation   total 1585280K, used 35751K [0x00007fac18600000, 0x00007fac83e20000, 0x00007fb16db50000)
  eden space 1409152K,   0% used [0x00007fac18600000, 0x00007fac18600000, 0x00007fac6e620000)
  from space 176128K,  20% used [0x00007fac79220000, 0x00007fac7b509e28, 0x00007fac83e20000)
  to   space 176128K,   0% used [0x00007fac6e620000, 0x00007fac6e620000, 0x00007fac79220000)
 tenured generation   total 3522680K, used 3158713K [0x00007fb16db50000, 0x00007fb244b6e000, 0x00007fbc18600000)
   the space 3522680K,  89% used [0x00007fb16db50000, 0x00007fb22e7fe6c0, 0x00007fb22e7fe800, 0x00007fb244b6e000)
 Metaspace       used 24276K, capacity 24693K, committed 24832K, reserved 26624K
}
Event: 203.858 GC heap before
{Heap before GC invocations=109 (full 28):
 def new generation   total 1585280K, used 1112154K [0x00007fac18600000, 0x00007fac83e20000, 0x00007fb16db50000)
  eden space 1409152K,  76% used [0x00007fac18600000, 0x00007fac5a12cdb0, 0x00007fac6e620000)
  from space 176128K,  20% used [0x00007fac79220000, 0x00007fac7b509e28, 0x00007fac83e20000)
  to   space 176128K,   0% used [0x00007fac6e620000, 0x00007fac6e620000, 0x00007fac79220000)
 tenured generation   total 3522680K, used 3158713K [0x00007fb16db50000, 0x00007fb244b6e000, 0x00007fbc18600000)
   the space 3522680K,  89% used [0x00007fb16db50000, 0x00007fb22e7fe6c0, 0x00007fb22e7fe800, 0x00007fb244b6e000)
 Metaspace       used 24276K, capacity 24693K, committed 24832K, reserved 26624K
}
Event: 204.984 GC heap after
{Heap after GC invocations=110 (full 28):
 def new generation   total 1585280K, used 35752K [0x00007fac18600000, 0x00007fac83e20000, 0x00007fb16db50000)
  eden space 1409152K,   0% used [0x00007fac18600000, 0x00007fac18600000, 0x00007fac6e620000)
  from space 176128K,  20% used [0x00007fac6e620000, 0x00007fac7090a0a0, 0x00007fac79220000)
  to   space 176128K,   0% used [0x00007fac79220000, 0x00007fac79220000, 0x00007fac83e20000)
 tenured generation   total 4571260K, used 4207289K [0x00007fb16db50000, 0x00007fb284b6f000, 0x00007fbc18600000)
   the space 4571260K,  92% used [0x00007fb16db50000, 0x00007fb26e7fe6d8, 0x00007fb26e7fe800, 0x00007fb284b6f000)
 Metaspace       used 24276K, capacity 24693K, committed 24832K, reserved 26624K
}
Event: 204.984 GC heap before
{Heap before GC invocations=110 (full 28):
 def new generation   total 1585280K, used 35752K [0x00007fac18600000, 0x00007fac83e20000, 0x00007fb16db50000)
  eden space 1409152K,   0% used [0x00007fac18600000, 0x00007fac18600000, 0x00007fac6e620000)
  from space 176128K,  20% used [0x00007fac6e620000, 0x00007fac7090a0a0, 0x00007fac79220000)
  to   space 176128K,   0% used [0x00007fac79220000, 0x00007fac79220000, 0x00007fac83e20000)
 tenured generation   total 4571260K, used 4207289K [0x00007fb16db50000, 0x00007fb284b6f000, 0x00007fbc18600000)
   the space 4571260K,  92% used [0x00007fb16db50000, 0x00007fb26e7fe6d8, 0x00007fb26e7fe800, 0x00007fb284b6f000)
 Metaspace       used 24276K, capacity 24693K, committed 24832K, reserved 26624K
}
Event: 206.019 GC heap after
{Heap after GC invocations=110 (full 29):
 def new generation   total 1585280K, used 0K [0x00007fac18600000, 0x00007fac83e20000, 0x00007fb16db50000)
  eden space 1409152K,   0% used [0x00007fac18600000, 0x00007fac18600000, 0x00007fac6e620000)
  from space 176128K,   0% used [0x00007fac6e620000, 0x00007fac6e620000, 0x00007fac79220000)
  to   space 176128K,   0% used [0x00007fac79220000, 0x00007fac79220000, 0x00007fac83e20000)
 tenured generation   total 3522680K, used 2110216K [0x00007fb16db50000, 0x00007fb244b6e000, 0x00007fbc18600000)
   the space 3522680K,  59% used [0x00007fb16db50000, 0x00007fb1ee8122a8, 0x00007fb1ee812400, 0x00007fb244b6e000)
 Metaspace       used 24276K, capacity 24693K, committed 24832K, reserved 26624K
}
Event: 208.388 GC heap before
{Heap before GC invocations=110 (full 29):
 def new generation   total 1585280K, used 1409152K [0x00007fac18600000, 0x00007fac83e20000, 0x00007fb16db50000)
  eden space 1409152K, 100% used [0x00007fac18600000, 0x00007fac6e620000, 0x00007fac6e620000)
  from space 176128K,   0% used [0x00007fac6e620000, 0x00007fac6e620000, 0x00007fac79220000)
  to   space 176128K,   0% used [0x00007fac79220000, 0x00007fac79220000, 0x00007fac83e20000)
 tenured generation   total 3522680K, used 2110216K [0x00007fb16db50000, 0x00007fb244b6e000, 0x00007fbc18600000)
   the space 3522680K,  59% used [0x00007fb16db50000, 0x00007fb1ee8122a8, 0x00007fb1ee812400, 0x00007fb244b6e000)
 Metaspace       used 24276K, capacity 24693K, committed 24832K, reserved 26624K
}
Event: 208.416 GC heap after
{Heap after GC invocations=111 (full 29):
 def new generation   total 1585280K, used 35671K [0x00007fac18600000, 0x00007fac83e20000, 0x00007fb16db50000)
  eden space 1409152K,   0% used [0x00007fac18600000, 0x00007fac18600000, 0x00007fac6e620000)
  from space 176128K,  20% used [0x00007fac79220000, 0x00007fac7b4f5ce0, 0x00007fac83e20000)
  to   space 176128K,   0% used [0x00007fac6e620000, 0x00007fac6e620000, 0x00007fac79220000)
 tenured generation   total 3522680K, used 2110216K [0x00007fb16db50000, 0x00007fb244b6e000, 0x00007fbc18600000)
   the space 3522680K,  59% used [0x00007fb16db50000, 0x00007fb1ee8122a8, 0x00007fb1ee812400, 0x00007fb244b6e000)
 Metaspace       used 24276K, capacity 24693K, committed 24832K, reserved 26624K
}
Event: 209.983 GC heap before
{Heap before GC invocations=111 (full 29):
 def new generation   total 1585280K, used 1391356K [0x00007fac18600000, 0x00007fac83e20000, 0x00007fb16db50000)
  eden space 1409152K,  96% used [0x00007fac18600000, 0x00007fac6b1e9370, 0x00007fac6e620000)
  from space 176128K,  20% used [0x00007fac79220000, 0x00007fac7b4f5ce0, 0x00007fac83e20000)
  to   space 176128K,   0% used [0x00007fac6e620000, 0x00007fac6e620000, 0x00007fac79220000)
 tenured generation   total 3522680K, used 2110216K [0x00007fb16db50000, 0x00007fb244b6e000, 0x00007fbc18600000)
   the space 3522680K,  59% used [0x00007fb16db50000, 0x00007fb1ee8122a8, 0x00007fb1ee812400, 0x00007fb244b6e000)
 Metaspace       used 24276K, capacity 24693K, committed 24832K, reserved 26624K
}
Event: 210.489 GC heap after
{Heap after GC invocations=112 (full 29):
 def new generation   total 1585280K, used 35751K [0x00007fac18600000, 0x00007fac83e20000, 0x00007fb16db50000)
  eden space 1409152K,   0% used [0x00007fac18600000, 0x00007fac18600000, 0x00007fac6e620000)
  from space 176128K,  20% used [0x00007fac6e620000, 0x00007fac70909cd8, 0x00007fac79220000)
  to   space 176128K,   0% used [0x00007fac79220000, 0x00007fac79220000, 0x00007fac83e20000)
 tenured generation   total 3522680K, used 3158792K [0x00007fb16db50000, 0x00007fb244b6e000, 0x00007fbc18600000)
   the space 3522680K,  89% used [0x00007fb16db50000, 0x00007fb22e8122c0, 0x00007fb22e812400, 0x00007fb244b6e000)
 Metaspace       used 24276K, capacity 24693K, committed 24832K, reserved 26624K
}
Event: 211.234 GC heap before
{Heap before GC invocations=112 (full 29):
 def new generation   total 1585280K, used 1112134K [0x00007fac18600000, 0x00007fac83e20000, 0x00007fb16db50000)
  eden space 1409152K,  76% used [0x00007fac18600000, 0x00007fac5a127cf8, 0x00007fac6e620000)
  from space 176128K,  20% used [0x00007fac6e620000, 0x00007fac70909cd8, 0x00007fac79220000)
  to   space 176128K,   0% used [0x00007fac79220000, 0x00007fac79220000, 0x00007fac83e20000)
 tenured generation   total 3522680K, used 3158792K [0x00007fb16db50000, 0x00007fb244b6e000, 0x00007fbc18600000)
   the space 3522680K,  89% used [0x00007fb16db50000, 0x00007fb22e8122c0, 0x00007fb22e812400, 0x00007fb244b6e000)
 Metaspace       used 24276K, capacity 24693K, committed 24832K, reserved 26624K
}

