# JRE version: OpenJDK Runtime Environment (13.0.7+5) (build 13.0.7+5-Ubuntu-0ubuntu120.04)
# Java VM: OpenJDK 64-Bit Server VM (13.0.7+5-Ubuntu-0ubuntu120.04, mixed mode, tiered, serial gc, linux-amd64)
Heap:
 def new generation   total 1748160K, used 0K [0x00007fdc0c600000, 0x00007fdc82ed0000, 0x00007fe161b50000)
  eden space 1553984K,   0% used [0x00007fdc0c600000, 0x00007fdc0c600000, 0x00007fdc6b390000)
  from space 194176K,   0% used [0x00007fdc6b390000, 0x00007fdc6b390000, 0x00007fdc77130000)
  to   space 194176K,   0% used [0x00007fdc77130000, 0x00007fdc77130000, 0x00007fdc82ed0000)
 tenured generation   total 3884780K, used 3857638K [0x00007fe161b50000, 0x00007fe24ed0b000, 0x00007fec0c600000)
   the space 3884780K,  99% used [0x00007fe161b50000, 0x00007fe24d289970, 0x00007fe24d289a00, 0x00007fe24ed0b000)
 Metaspace       used 24271K, capacity 24707K, committed 24832K, reserved 26624K
GC Heap History (20 events):
Event: 31340.752 GC heap after
{Heap after GC invocations=35862 (full 3):
 def new generation   total 1748160K, used 2955K [0x00007fdc0c600000, 0x00007fdc82ed0000, 0x00007fe161b50000)
  eden space 1553984K,   0% used [0x00007fdc0c600000, 0x00007fdc0c600000, 0x00007fdc6b390000)
  from space 194176K,   1% used [0x00007fdc77130000, 0x00007fdc77412f40, 0x00007fdc82ed0000)
  to   space 194176K,   0% used [0x00007fdc6b390000, 0x00007fdc6b390000, 0x00007fdc77130000)
 tenured generation   total 3884588K, used 3883004K [0x00007fe161b50000, 0x00007fe24ecdb000, 0x00007fec0c600000)
   the space 3884588K,  99% used [0x00007fe161b50000, 0x00007fe24eb4f088, 0x00007fe24eb4f200, 0x00007fe24ecdb000)
 Metaspace       used 24271K, capacity 24707K, committed 24832K, reserved 26624K
}
Event: 31342.288 GC heap before
{Heap before GC invocations=35862 (full 3):
 def new generation   total 1748160K, used 1556939K [0x00007fdc0c600000, 0x00007fdc82ed0000, 0x00007fe161b50000)
  eden space 1553984K, 100% used [0x00007fdc0c600000, 0x00007fdc6b390000, 0x00007fdc6b390000)
  from space 194176K,   1% used [0x00007fdc77130000, 0x00007fdc77412f40, 0x00007fdc82ed0000)
  to   space 194176K,   0% used [0x00007fdc6b390000, 0x00007fdc6b390000, 0x00007fdc77130000)
 tenured generation   total 3884588K, used 3883004K [0x00007fe161b50000, 0x00007fe24ecdb000, 0x00007fec0c600000)
   the space 3884588K,  99% used [0x00007fe161b50000, 0x00007fe24eb4f088, 0x00007fe24eb4f200, 0x00007fe24ecdb000)
 Metaspace       used 24271K, capacity 24707K, committed 24832K, reserved 26624K
}
Event: 31342.303 GC heap after
{Heap after GC invocations=35863 (full 3):
 def new generation   total 1748160K, used 2936K [0x00007fdc0c600000, 0x00007fdc82ed0000, 0x00007fe161b50000)
  eden space 1553984K,   0% used [0x00007fdc0c600000, 0x00007fdc0c600000, 0x00007fdc6b390000)
  from space 194176K,   1% used [0x00007fdc6b390000, 0x00007fdc6b66e030, 0x00007fdc77130000)
  to   space 194176K,   0% used [0x00007fdc77130000, 0x00007fdc77130000, 0x00007fdc82ed0000)
 tenured generation   total 3884588K, used 3883214K [0x00007fe161b50000, 0x00007fe24ecdb000, 0x00007fec0c600000)
   the space 3884588K,  99% used [0x00007fe161b50000, 0x00007fe24eb838d8, 0x00007fe24eb83a00, 0x00007fe24ecdb000)
 Metaspace       used 24271K, capacity 24707K, committed 24832K, reserved 26624K
}
Event: 31343.778 GC heap before
{Heap before GC invocations=35863 (full 3):
 def new generation   total 1748160K, used 1556920K [0x00007fdc0c600000, 0x00007fdc82ed0000, 0x00007fe161b50000)
  eden space 1553984K, 100% used [0x00007fdc0c600000, 0x00007fdc6b390000, 0x00007fdc6b390000)
  from space 194176K,   1% used [0x00007fdc6b390000, 0x00007fdc6b66e030, 0x00007fdc77130000)
  to   space 194176K,   0% used [0x00007fdc77130000, 0x00007fdc77130000, 0x00007fdc82ed0000)
 tenured generation   total 3884588K, used 3883214K [0x00007fe161b50000, 0x00007fe24ecdb000, 0x00007fec0c600000)
   the space 3884588K,  99% used [0x00007fe161b50000, 0x00007fe24eb838d8, 0x00007fe24eb83a00, 0x00007fe24ecdb000)
 Metaspace       used 24271K, capacity 24707K, committed 24832K, reserved 26624K
}
Event: 31343.789 GC heap after
{Heap after GC invocations=35864 (full 3):
 def new generation   total 1748160K, used 2940K [0x00007fdc0c600000, 0x00007fdc82ed0000, 0x00007fe161b50000)
  eden space 1553984K,   0% used [0x00007fdc0c600000, 0x00007fdc0c600000, 0x00007fdc6b390000)
  from space 194176K,   1% used [0x00007fdc77130000, 0x00007fdc7740f2a0, 0x00007fdc82ed0000)
  to   space 194176K,   0% used [0x00007fdc6b390000, 0x00007fdc6b390000, 0x00007fdc77130000)
 tenured generation   total 3884588K, used 3883403K [0x00007fe161b50000, 0x00007fe24ecdb000, 0x00007fec0c600000)
   the space 3884588K,  99% used [0x00007fe161b50000, 0x00007fe24ebb2d20, 0x00007fe24ebb2e00, 0x00007fe24ecdb000)
 Metaspace       used 24271K, capacity 24707K, committed 24832K, reserved 26624K
}
Event: 31345.291 GC heap before
{Heap before GC invocations=35864 (full 3):
 def new generation   total 1748160K, used 1556924K [0x00007fdc0c600000, 0x00007fdc82ed0000, 0x00007fe161b50000)
  eden space 1553984K, 100% used [0x00007fdc0c600000, 0x00007fdc6b390000, 0x00007fdc6b390000)
  from space 194176K,   1% used [0x00007fdc77130000, 0x00007fdc7740f2a0, 0x00007fdc82ed0000)
  to   space 194176K,   0% used [0x00007fdc6b390000, 0x00007fdc6b390000, 0x00007fdc77130000)
 tenured generation   total 3884588K, used 3883403K [0x00007fe161b50000, 0x00007fe24ecdb000, 0x00007fec0c600000)
   the space 3884588K,  99% used [0x00007fe161b50000, 0x00007fe24ebb2d20, 0x00007fe24ebb2e00, 0x00007fe24ecdb000)
 Metaspace       used 24271K, capacity 24707K, committed 24832K, reserved 26624K
}
Event: 31345.300 GC heap after
{Heap after GC invocations=35865 (full 3):
 def new generation   total 1748160K, used 2931K [0x00007fdc0c600000, 0x00007fdc82ed0000, 0x00007fe161b50000)
  eden space 1553984K,   0% used [0x00007fdc0c600000, 0x00007fdc0c600000, 0x00007fdc6b390000)
  from space 194176K,   1% used [0x00007fdc6b390000, 0x00007fdc6b66cf10, 0x00007fdc77130000)
  to   space 194176K,   0% used [0x00007fdc77130000, 0x00007fdc77130000, 0x00007fdc82ed0000)
 tenured generation   total 3884588K, used 3883592K [0x00007fe161b50000, 0x00007fe24ecdb000, 0x00007fec0c600000)
   the space 3884588K,  99% used [0x00007fe161b50000, 0x00007fe24ebe2168, 0x00007fe24ebe2200, 0x00007fe24ecdb000)
 Metaspace       used 24271K, capacity 24707K, committed 24832K, reserved 26624K
}
Event: 31346.807 GC heap before
{Heap before GC invocations=35865 (full 3):
 def new generation   total 1748160K, used 1556915K [0x00007fdc0c600000, 0x00007fdc82ed0000, 0x00007fe161b50000)
  eden space 1553984K, 100% used [0x00007fdc0c600000, 0x00007fdc6b390000, 0x00007fdc6b390000)
  from space 194176K,   1% used [0x00007fdc6b390000, 0x00007fdc6b66cf10, 0x00007fdc77130000)
  to   space 194176K,   0% used [0x00007fdc77130000, 0x00007fdc77130000, 0x00007fdc82ed0000)
 tenured generation   total 3884588K, used 3883592K [0x00007fe161b50000, 0x00007fe24ecdb000, 0x00007fec0c600000)
   the space 3884588K,  99% used [0x00007fe161b50000, 0x00007fe24ebe2168, 0x00007fe24ebe2200, 0x00007fe24ecdb000)
 Metaspace       used 24271K, capacity 24707K, committed 24832K, reserved 26624K
}
Event: 31346.818 GC heap after
{Heap after GC invocations=35866 (full 3):
 def new generation   total 1748160K, used 2937K [0x00007fdc0c600000, 0x00007fdc82ed0000, 0x00007fe161b50000)
  eden space 1553984K,   0% used [0x00007fdc0c600000, 0x00007fdc0c600000, 0x00007fdc6b390000)
  from space 194176K,   1% used [0x00007fdc77130000, 0x00007fdc7740e4b8, 0x00007fdc82ed0000)
  to   space 194176K,   0% used [0x00007fdc6b390000, 0x00007fdc6b390000, 0x00007fdc77130000)
 tenured generation   total 3884588K, used 3883781K [0x00007fe161b50000, 0x00007fe24ecdb000, 0x00007fec0c600000)
   the space 3884588K,  99% used [0x00007fe161b50000, 0x00007fe24ec115b0, 0x00007fe24ec11600, 0x00007fe24ecdb000)
 Metaspace       used 24271K, capacity 24707K, committed 24832K, reserved 26624K
}
Event: 31348.323 GC heap before
{Heap before GC invocations=35866 (full 3):
 def new generation   total 1748160K, used 1556921K [0x00007fdc0c600000, 0x00007fdc82ed0000, 0x00007fe161b50000)
  eden space 1553984K, 100% used [0x00007fdc0c600000, 0x00007fdc6b390000, 0x00007fdc6b390000)
  from space 194176K,   1% used [0x00007fdc77130000, 0x00007fdc7740e4b8, 0x00007fdc82ed0000)
  to   space 194176K,   0% used [0x00007fdc6b390000, 0x00007fdc6b390000, 0x00007fdc77130000)
 tenured generation   total 3884588K, used 3883781K [0x00007fe161b50000, 0x00007fe24ecdb000, 0x00007fec0c600000)
   the space 3884588K,  99% used [0x00007fe161b50000, 0x00007fe24ec115b0, 0x00007fe24ec11600, 0x00007fe24ecdb000)
 Metaspace       used 24271K, capacity 24707K, committed 24832K, reserved 26624K
}
Event: 31348.334 GC heap after
{Heap after GC invocations=35867 (full 3):
 def new generation   total 1748160K, used 2957K [0x00007fdc0c600000, 0x00007fdc82ed0000, 0x00007fe161b50000)
  eden space 1553984K,   0% used [0x00007fdc0c600000, 0x00007fdc0c600000, 0x00007fdc6b390000)
  from space 194176K,   1% used [0x00007fdc6b390000, 0x00007fdc6b6737d0, 0x00007fdc77130000)
  to   space 194176K,   0% used [0x00007fdc77130000, 0x00007fdc77130000, 0x00007fdc82ed0000)
 tenured generation   total 3884588K, used 3883970K [0x00007fe161b50000, 0x00007fe24ecdb000, 0x00007fec0c600000)
   the space 3884588K,  99% used [0x00007fe161b50000, 0x00007fe24ec40a88, 0x00007fe24ec40c00, 0x00007fe24ecdb000)
 Metaspace       used 24271K, capacity 24707K, committed 24832K, reserved 26624K
}
Event: 31349.832 GC heap before
{Heap before GC invocations=35867 (full 3):
 def new generation   total 1748160K, used 1556941K [0x00007fdc0c600000, 0x00007fdc82ed0000, 0x00007fe161b50000)
  eden space 1553984K, 100% used [0x00007fdc0c600000, 0x00007fdc6b390000, 0x00007fdc6b390000)
  from space 194176K,   1% used [0x00007fdc6b390000, 0x00007fdc6b6737d0, 0x00007fdc77130000)
  to   space 194176K,   0% used [0x00007fdc77130000, 0x00007fdc77130000, 0x00007fdc82ed0000)
 tenured generation   total 3884588K, used 3883970K [0x00007fe161b50000, 0x00007fe24ecdb000, 0x00007fec0c600000)
   the space 3884588K,  99% used [0x00007fe161b50000, 0x00007fe24ec40a88, 0x00007fe24ec40c00, 0x00007fe24ecdb000)
 Metaspace       used 24271K, capacity 24707K, committed 24832K, reserved 26624K
}
Event: 31349.847 GC heap after
{Heap after GC invocations=35868 (full 3):
 def new generation   total 1748160K, used 2927K [0x00007fdc0c600000, 0x00007fdc82ed0000, 0x00007fe161b50000)
  eden space 1553984K,   0% used [0x00007fdc0c600000, 0x00007fdc0c600000, 0x00007fdc6b390000)
  from space 194176K,   1% used [0x00007fdc77130000, 0x00007fdc7740be98, 0x00007fdc82ed0000)
  to   space 194176K,   0% used [0x00007fdc6b390000, 0x00007fdc6b390000, 0x00007fdc77130000)
 tenured generation   total 3884588K, used 3884180K [0x00007fe161b50000, 0x00007fe24ecdb000, 0x00007fec0c600000)
   the space 3884588K,  99% used [0x00007fe161b50000, 0x00007fe24ec75248, 0x00007fe24ec75400, 0x00007fe24ecdb000)
 Metaspace       used 24271K, capacity 24707K, committed 24832K, reserved 26624K
}
Event: 31351.256 GC heap before
{Heap before GC invocations=35868 (full 3):
 def new generation   total 1748160K, used 1556911K [0x00007fdc0c600000, 0x00007fdc82ed0000, 0x00007fe161b50000)
  eden space 1553984K, 100% used [0x00007fdc0c600000, 0x00007fdc6b390000, 0x00007fdc6b390000)
  from space 194176K,   1% used [0x00007fdc77130000, 0x00007fdc7740be98, 0x00007fdc82ed0000)
  to   space 194176K,   0% used [0x00007fdc6b390000, 0x00007fdc6b390000, 0x00007fdc77130000)
 tenured generation   total 3884588K, used 3884180K [0x00007fe161b50000, 0x00007fe24ecdb000, 0x00007fec0c600000)
   the space 3884588K,  99% used [0x00007fe161b50000, 0x00007fe24ec75248, 0x00007fe24ec75400, 0x00007fe24ecdb000)
 Metaspace       used 24271K, capacity 24707K, committed 24832K, reserved 26624K
}
Event: 31351.269 GC heap after
{Heap after GC invocations=35869 (full 3):
 def new generation   total 1748160K, used 2936K [0x00007fdc0c600000, 0x00007fdc82ed0000, 0x00007fe161b50000)
  eden space 1553984K,   0% used [0x00007fdc0c600000, 0x00007fdc0c600000, 0x00007fdc6b390000)
  from space 194176K,   1% used [0x00007fdc6b390000, 0x00007fdc6b66e1d0, 0x00007fdc77130000)
  to   space 194176K,   0% used [0x00007fdc77130000, 0x00007fdc77130000, 0x00007fdc82ed0000)
 tenured generation   total 3884588K, used 3884369K [0x00007fe161b50000, 0x00007fe24ecdb000, 0x00007fec0c600000)
   the space 3884588K,  99% used [0x00007fe161b50000, 0x00007fe24eca4690, 0x00007fe24eca4800, 0x00007fe24ecdb000)
 Metaspace       used 24271K, capacity 24707K, committed 24832K, reserved 26624K
}
Event: 31352.779 GC heap before
{Heap before GC invocations=35869 (full 3):
 def new generation   total 1748160K, used 1556920K [0x00007fdc0c600000, 0x00007fdc82ed0000, 0x00007fe161b50000)
  eden space 1553984K, 100% used [0x00007fdc0c600000, 0x00007fdc6b390000, 0x00007fdc6b390000)
  from space 194176K,   1% used [0x00007fdc6b390000, 0x00007fdc6b66e1d0, 0x00007fdc77130000)
  to   space 194176K,   0% used [0x00007fdc77130000, 0x00007fdc77130000, 0x00007fdc82ed0000)
 tenured generation   total 3884588K, used 3884369K [0x00007fe161b50000, 0x00007fe24ecdb000, 0x00007fec0c600000)
   the space 3884588K,  99% used [0x00007fe161b50000, 0x00007fe24eca4690, 0x00007fe24eca4800, 0x00007fe24ecdb000)
 Metaspace       used 24271K, capacity 24707K, committed 24832K, reserved 26624K
}
Event: 31352.789 GC heap after
{Heap after GC invocations=35870 (full 3):
 def new generation   total 1748160K, used 2939K [0x00007fdc0c600000, 0x00007fdc82ed0000, 0x00007fe161b50000)
  eden space 1553984K,   0% used [0x00007fdc0c600000, 0x00007fdc0c600000, 0x00007fdc6b390000)
  from space 194176K,   1% used [0x00007fdc77130000, 0x00007fdc7740efb8, 0x00007fdc82ed0000)
  to   space 194176K,   0% used [0x00007fdc6b390000, 0x00007fdc6b390000, 0x00007fdc77130000)
 tenured generation   total 3884588K, used 3884558K [0x00007fe161b50000, 0x00007fe24ecdb000, 0x00007fec0c600000)
   the space 3884588K,  99% used [0x00007fe161b50000, 0x00007fe24ecd3ad8, 0x00007fe24ecd3c00, 0x00007fe24ecdb000)
 Metaspace       used 24271K, capacity 24707K, committed 24832K, reserved 26624K
}
Event: 31354.302 GC heap before
{Heap before GC invocations=35870 (full 3):
 def new generation   total 1748160K, used 1556923K [0x00007fdc0c600000, 0x00007fdc82ed0000, 0x00007fe161b50000)
  eden space 1553984K, 100% used [0x00007fdc0c600000, 0x00007fdc6b390000, 0x00007fdc6b390000)
  from space 194176K,   1% used [0x00007fdc77130000, 0x00007fdc7740efb8, 0x00007fdc82ed0000)
  to   space 194176K,   0% used [0x00007fdc6b390000, 0x00007fdc6b390000, 0x00007fdc77130000)
 tenured generation   total 3884588K, used 3884558K [0x00007fe161b50000, 0x00007fe24ecdb000, 0x00007fec0c600000)
   the space 3884588K,  99% used [0x00007fe161b50000, 0x00007fe24ecd3ad8, 0x00007fe24ecd3c00, 0x00007fe24ecdb000)
 Metaspace       used 24271K, capacity 24707K, committed 24832K, reserved 26624K
}
Event: 31354.313 GC heap after
{Heap after GC invocations=35871 (full 3):
 def new generation   total 1748160K, used 2932K [0x00007fdc0c600000, 0x00007fdc82ed0000, 0x00007fe161b50000)
  eden space 1553984K,   0% used [0x00007fdc0c600000, 0x00007fdc0c600000, 0x00007fdc6b390000)
  from space 194176K,   1% used [0x00007fdc6b390000, 0x00007fdc6b66d010, 0x00007fdc77130000)
  to   space 194176K,   0% used [0x00007fdc77130000, 0x00007fdc77130000, 0x00007fdc82ed0000)
 tenured generation   total 3884780K, used 3884747K [0x00007fe161b50000, 0x00007fe24ed0b000, 0x00007fec0c600000)
   the space 3884780K,  99% used [0x00007fe161b50000, 0x00007fe24ed02f20, 0x00007fe24ed03000, 0x00007fe24ed0b000)
 Metaspace       used 24271K, capacity 24707K, committed 24832K, reserved 26624K
}
Event: 31354.313 GC heap before
{Heap before GC invocations=35871 (full 3):
 def new generation   total 1748160K, used 2932K [0x00007fdc0c600000, 0x00007fdc82ed0000, 0x00007fe161b50000)
  eden space 1553984K,   0% used [0x00007fdc0c600000, 0x00007fdc0c600000, 0x00007fdc6b390000)
  from space 194176K,   1% used [0x00007fdc6b390000, 0x00007fdc6b66d010, 0x00007fdc77130000)
  to   space 194176K,   0% used [0x00007fdc77130000, 0x00007fdc77130000, 0x00007fdc82ed0000)
 tenured generation   total 3884780K, used 3884747K [0x00007fe161b50000, 0x00007fe24ed0b000, 0x00007fec0c600000)
   the space 3884780K,  99% used [0x00007fe161b50000, 0x00007fe24ed02f20, 0x00007fe24ed03000, 0x00007fe24ed0b000)
 Metaspace       used 24271K, capacity 24707K, committed 24832K, reserved 26624K
}

