# JRE version: OpenJDK Runtime Environment (13.0.7+5) (build 13.0.7+5-Ubuntu-0ubuntu120.04)
# Java VM: OpenJDK 64-Bit Server VM (13.0.7+5-Ubuntu-0ubuntu120.04, mixed mode, tiered, serial gc, linux-amd64)
Heap:
 def new generation   total 6626240K, used 736011K [0x00007facdc600000, 0x00007fae9dbe0000, 0x00007fb231b50000)
  eden space 5890048K,  12% used [0x00007facdc600000, 0x00007fad094c2ce0, 0x00007fae43e00000)
  from space 736192K,   0% used [0x00007fae43e00000, 0x00007fae43e00000, 0x00007fae70cf0000)
  to   space 736192K,   0% used [0x00007fae70cf0000, 0x00007fae70cf0000, 0x00007fae9dbe0000)
 tenured generation   total 19878884K, used 19878883K [0x00007fb231b50000, 0x00007fb6ef049000, 0x00007fbcdc600000)
   the space 19878884K,  99% used [0x00007fb231b50000, 0x00007fb6ef048e08, 0x00007fb6ef049000, 0x00007fb6ef049000)
 Metaspace       used 30868K, capacity 31336K, committed 31488K, reserved 32768K
GC Heap History (20 events):
Event: 8.693 GC heap after
{Heap after GC invocations=6 (full 2):
 def new generation   total 1317824K, used 69887K [0x00007facdc600000, 0x00007fad35be0000, 0x00007fb231b50000)
  eden space 1171456K,   5% used [0x00007facdc600000, 0x00007face0a3fd78, 0x00007fad23e00000)
  from space 146368K,   0% used [0x00007fad23e00000, 0x00007fad23e00000, 0x00007fad2ccf0000)
  to   space 146368K,   0% used [0x00007fad2ccf0000, 0x00007fad2ccf0000, 0x00007fad35be0000)
 tenured generation   total 2928304K, used 1756982K [0x00007fb231b50000, 0x00007fb2e46fc000, 0x00007fbcdc600000)
   the space 2928304K,  59% used [0x00007fb231b50000, 0x00007fb29cf1d908, 0x00007fb29cf1da00, 0x00007fb2e46fc000)
 Metaspace       used 30865K, capacity 31336K, committed 31488K, reserved 32768K
}
Event: 9.335 GC heap before
{Heap before GC invocations=6 (full 2):
 def new generation   total 1317824K, used 1171456K [0x00007facdc600000, 0x00007fad35be0000, 0x00007fb231b50000)
  eden space 1171456K, 100% used [0x00007facdc600000, 0x00007fad23e00000, 0x00007fad23e00000)
  from space 146368K,   0% used [0x00007fad23e00000, 0x00007fad23e00000, 0x00007fad2ccf0000)
  to   space 146368K,   0% used [0x00007fad2ccf0000, 0x00007fad2ccf0000, 0x00007fad35be0000)
 tenured generation   total 2928304K, used 1756982K [0x00007fb231b50000, 0x00007fb2e46fc000, 0x00007fbcdc600000)
   the space 2928304K,  59% used [0x00007fb231b50000, 0x00007fb29cf1d908, 0x00007fb29cf1da00, 0x00007fb2e46fc000)
 Metaspace       used 30868K, capacity 31336K, committed 31488K, reserved 32768K
}
Event: 9.674 GC heap after
{Heap after GC invocations=7 (full 2):
 def new generation   total 1317824K, used 146367K [0x00007facdc600000, 0x00007fad35be0000, 0x00007fb231b50000)
  eden space 1171456K,   0% used [0x00007facdc600000, 0x00007facdc600000, 0x00007fad23e00000)
  from space 146368K,  99% used [0x00007fad2ccf0000, 0x00007fad35bdfd08, 0x00007fad35be0000)
  to   space 146368K,   0% used [0x00007fad23e00000, 0x00007fad23e00000, 0x00007fad2ccf0000)
 tenured generation   total 2928304K, used 2608550K [0x00007fb231b50000, 0x00007fb2e46fc000, 0x00007fbcdc600000)
   the space 2928304K,  89% used [0x00007fb231b50000, 0x00007fb2d0eb9b50, 0x00007fb2d0eb9c00, 0x00007fb2e46fc000)
 Metaspace       used 30868K, capacity 31336K, committed 31488K, reserved 32768K
}
Event: 11.326 GC heap before
{Heap before GC invocations=7 (full 2):
 def new generation   total 1317824K, used 739489K [0x00007facdc600000, 0x00007fad35be0000, 0x00007fb231b50000)
  eden space 1171456K,  50% used [0x00007facdc600000, 0x00007fad009387f8, 0x00007fad23e00000)
  from space 146368K,  99% used [0x00007fad2ccf0000, 0x00007fad35bdfd08, 0x00007fad35be0000)
  to   space 146368K,   0% used [0x00007fad23e00000, 0x00007fad23e00000, 0x00007fad2ccf0000)
 tenured generation   total 2928304K, used 2608550K [0x00007fb231b50000, 0x00007fb2e46fc000, 0x00007fbcdc600000)
   the space 2928304K,  89% used [0x00007fb231b50000, 0x00007fb2d0eb9b50, 0x00007fb2d0eb9c00, 0x00007fb2e46fc000)
 Metaspace       used 30868K, capacity 31336K, committed 31488K, reserved 32768K
}
Event: 11.381 GC heap after
{Heap after GC invocations=8 (full 2):
 def new generation   total 1317824K, used 116K [0x00007facdc600000, 0x00007fad35be0000, 0x00007fb231b50000)
  eden space 1171456K,   0% used [0x00007facdc600000, 0x00007facdc600000, 0x00007fad23e00000)
  from space 146368K,   0% used [0x00007fad23e00000, 0x00007fad23e1d3e0, 0x00007fad2ccf0000)
  to   space 146368K,   0% used [0x00007fad2ccf0000, 0x00007fad2ccf0000, 0x00007fad35be0000)
 tenured generation   total 2928304K, used 2754917K [0x00007fb231b50000, 0x00007fb2e46fc000, 0x00007fbcdc600000)
   the space 2928304K,  94% used [0x00007fb231b50000, 0x00007fb2d9da9548, 0x00007fb2d9da9600, 0x00007fb2e46fc000)
 Metaspace       used 30868K, capacity 31336K, committed 31488K, reserved 32768K
}
Event: 11.518 GC heap before
{Heap before GC invocations=8 (full 2):
 def new generation   total 1317824K, used 1171572K [0x00007facdc600000, 0x00007fad35be0000, 0x00007fb231b50000)
  eden space 1171456K, 100% used [0x00007facdc600000, 0x00007fad23e00000, 0x00007fad23e00000)
  from space 146368K,   0% used [0x00007fad23e00000, 0x00007fad23e1d3e0, 0x00007fad2ccf0000)
  to   space 146368K,   0% used [0x00007fad2ccf0000, 0x00007fad2ccf0000, 0x00007fad35be0000)
 tenured generation   total 2928304K, used 2754917K [0x00007fb231b50000, 0x00007fb2e46fc000, 0x00007fbcdc600000)
   the space 2928304K,  94% used [0x00007fb231b50000, 0x00007fb2d9da9548, 0x00007fb2d9da9600, 0x00007fb2e46fc000)
 Metaspace       used 30868K, capacity 31336K, committed 31488K, reserved 32768K
}
Event: 12.039 GC heap after
{Heap after GC invocations=9 (full 2):
 def new generation   total 1317824K, used 10355K [0x00007facdc600000, 0x00007fad35be0000, 0x00007fb231b50000)
  eden space 1171456K,   0% used [0x00007facdc600000, 0x00007facdc600000, 0x00007fad23e00000)
  from space 146368K,   7% used [0x00007fad2ccf0000, 0x00007fad2d70cdc0, 0x00007fad35be0000)
  to   space 146368K,   0% used [0x00007fad23e00000, 0x00007fad23e00000, 0x00007fad2ccf0000)
 tenured generation   total 4089524K, used 3916133K [0x00007fb231b50000, 0x00007fb32b4fd000, 0x00007fbcdc600000)
   the space 4089524K,  95% used [0x00007fb231b50000, 0x00007fb320ba9560, 0x00007fb320ba9600, 0x00007fb32b4fd000)
 Metaspace       used 30868K, capacity 31336K, committed 31488K, reserved 32768K
}
Event: 12.039 GC heap before
{Heap before GC invocations=9 (full 2):
 def new generation   total 1317824K, used 10355K [0x00007facdc600000, 0x00007fad35be0000, 0x00007fb231b50000)
  eden space 1171456K,   0% used [0x00007facdc600000, 0x00007facdc600000, 0x00007fad23e00000)
  from space 146368K,   7% used [0x00007fad2ccf0000, 0x00007fad2d70cdc0, 0x00007fad35be0000)
  to   space 146368K,   0% used [0x00007fad23e00000, 0x00007fad23e00000, 0x00007fad2ccf0000)
 tenured generation   total 4089524K, used 3916133K [0x00007fb231b50000, 0x00007fb32b4fd000, 0x00007fbcdc600000)
   the space 4089524K,  95% used [0x00007fb231b50000, 0x00007fb320ba9560, 0x00007fb320ba9600, 0x00007fb32b4fd000)
 Metaspace       used 30868K, capacity 31336K, committed 31488K, reserved 32768K
}
Event: 12.818 GC heap after
{Heap after GC invocations=9 (full 3):
 def new generation   total 2944960K, used 0K [0x00007facdc600000, 0x00007fada4170000, 0x00007fb231b50000)
  eden space 2617792K,   0% used [0x00007facdc600000, 0x00007facdc600000, 0x00007fad7c270000)
  from space 327168K,   0% used [0x00007fad7c270000, 0x00007fad7c270000, 0x00007fad901f0000)
  to   space 327168K,   0% used [0x00007fad901f0000, 0x00007fad901f0000, 0x00007fada4170000)
 tenured generation   total 6544148K, used 3926488K [0x00007fb231b50000, 0x00007fb3c1215000, 0x00007fbcdc600000)
   the space 6544148K,  59% used [0x00007fb231b50000, 0x00007fb3215c6320, 0x00007fb3215c6400, 0x00007fb3c1215000)
 Metaspace       used 30868K, capacity 31336K, committed 31488K, reserved 32768K
}
Event: 13.307 GC heap before
{Heap before GC invocations=9 (full 3):
 def new generation   total 2944960K, used 2617792K [0x00007facdc600000, 0x00007fada4170000, 0x00007fb231b50000)
  eden space 2617792K, 100% used [0x00007facdc600000, 0x00007fad7c270000, 0x00007fad7c270000)
  from space 327168K,   0% used [0x00007fad7c270000, 0x00007fad7c270000, 0x00007fad901f0000)
  to   space 327168K,   0% used [0x00007fad901f0000, 0x00007fad901f0000, 0x00007fada4170000)
 tenured generation   total 6544148K, used 3926488K [0x00007fb231b50000, 0x00007fb3c1215000, 0x00007fbcdc600000)
   the space 6544148K,  59% used [0x00007fb231b50000, 0x00007fb3215c6320, 0x00007fb3215c6400, 0x00007fb3c1215000)
 Metaspace       used 30868K, capacity 31336K, committed 31488K, reserved 32768K
}
Event: 14.397 GC heap after
{Heap after GC invocations=10 (full 3):
 def new generation   total 2944960K, used 327167K [0x00007facdc600000, 0x00007fada4170000, 0x00007fb231b50000)
  eden space 2617792K,   0% used [0x00007facdc600000, 0x00007facdc600000, 0x00007fad7c270000)
  from space 327168K,  99% used [0x00007fad901f0000, 0x00007fada416fd88, 0x00007fada4170000)
  to   space 327168K,   0% used [0x00007fad7c270000, 0x00007fad7c270000, 0x00007fad901f0000)
 tenured generation   total 6544148K, used 6217062K [0x00007fb231b50000, 0x00007fb3c1215000, 0x00007fbcdc600000)
   the space 6544148K,  95% used [0x00007fb231b50000, 0x00007fb3ad2a9ab0, 0x00007fb3ad2a9c00, 0x00007fb3c1215000)
 Metaspace       used 30868K, capacity 31336K, committed 31488K, reserved 32768K
}
Event: 14.811 GC heap before
{Heap before GC invocations=10 (full 3):
 def new generation   total 2944960K, used 2944959K [0x00007facdc600000, 0x00007fada4170000, 0x00007fb231b50000)
  eden space 2617792K, 100% used [0x00007facdc600000, 0x00007fad7c270000, 0x00007fad7c270000)
  from space 327168K,  99% used [0x00007fad901f0000, 0x00007fada416fd88, 0x00007fada4170000)
  to   space 327168K,   0% used [0x00007fad7c270000, 0x00007fad7c270000, 0x00007fad901f0000)
 tenured generation   total 6544148K, used 6217062K [0x00007fb231b50000, 0x00007fb3c1215000, 0x00007fbcdc600000)
   the space 6544148K,  95% used [0x00007fb231b50000, 0x00007fb3ad2a9ab0, 0x00007fb3ad2a9c00, 0x00007fb3c1215000)
 Metaspace       used 30868K, capacity 31336K, committed 31488K, reserved 32768K
}
Event: 16.380 GC heap after
{Heap after GC invocations=11 (full 3):
 def new generation   total 2944960K, used 327167K [0x00007facdc600000, 0x00007fada4170000, 0x00007fb231b50000)
  eden space 2617792K,   0% used [0x00007facdc600000, 0x00007facdc600000, 0x00007fad7c270000)
  from space 327168K,  99% used [0x00007fad7c270000, 0x00007fad901efd88, 0x00007fad901f0000)
  to   space 327168K,   0% used [0x00007fad901f0000, 0x00007fad901f0000, 0x00007fada4170000)
 tenured generation   total 8834900K, used 8834776K [0x00007fb231b50000, 0x00007fb44cf25000, 0x00007fbcdc600000)
   the space 8834900K,  99% used [0x00007fb231b50000, 0x00007fb44cf06140, 0x00007fb44cf06200, 0x00007fb44cf25000)
 Metaspace       used 30868K, capacity 31336K, committed 31488K, reserved 32768K
}
Event: 16.380 GC heap before
{Heap before GC invocations=11 (full 3):
 def new generation   total 2944960K, used 327167K [0x00007facdc600000, 0x00007fada4170000, 0x00007fb231b50000)
  eden space 2617792K,   0% used [0x00007facdc600000, 0x00007facdc600000, 0x00007fad7c270000)
  from space 327168K,  99% used [0x00007fad7c270000, 0x00007fad901efd88, 0x00007fad901f0000)
  to   space 327168K,   0% used [0x00007fad901f0000, 0x00007fad901f0000, 0x00007fada4170000)
 tenured generation   total 8834900K, used 8834776K [0x00007fb231b50000, 0x00007fb44cf25000, 0x00007fbcdc600000)
   the space 8834900K,  99% used [0x00007fb231b50000, 0x00007fb44cf06140, 0x00007fb44cf06200, 0x00007fb44cf25000)
 Metaspace       used 30868K, capacity 31336K, committed 31488K, reserved 32768K
}
Event: 19.754 GC heap after
{Heap after GC invocations=11 (full 4):
 def new generation   total 6626240K, used 321556K [0x00007facdc600000, 0x00007fae9dbe0000, 0x00007fb231b50000)
  eden space 5890048K,   5% used [0x00007facdc600000, 0x00007facf0005398, 0x00007fae43e00000)
  from space 736192K,   0% used [0x00007fae43e00000, 0x00007fae43e00000, 0x00007fae70cf0000)
  to   space 736192K,   0% used [0x00007fae70cf0000, 0x00007fae70cf0000, 0x00007fae9dbe0000)
 tenured generation   total 14724836K, used 8834899K [0x00007fb231b50000, 0x00007fb5b4709000, 0x00007fbcdc600000)
   the space 14724836K,  59% used [0x00007fb231b50000, 0x00007fb44cf24f68, 0x00007fb44cf25000, 0x00007fb5b4709000)
 Metaspace       used 30868K, capacity 31336K, committed 31488K, reserved 32768K
}
Event: 20.581 GC heap before
{Heap before GC invocations=11 (full 4):
 def new generation   total 6626240K, used 5890048K [0x00007facdc600000, 0x00007fae9dbe0000, 0x00007fb231b50000)
  eden space 5890048K, 100% used [0x00007facdc600000, 0x00007fae43e00000, 0x00007fae43e00000)
  from space 736192K,   0% used [0x00007fae43e00000, 0x00007fae43e00000, 0x00007fae70cf0000)
  to   space 736192K,   0% used [0x00007fae70cf0000, 0x00007fae70cf0000, 0x00007fae9dbe0000)
 tenured generation   total 14724836K, used 8834899K [0x00007fb231b50000, 0x00007fb5b4709000, 0x00007fbcdc600000)
   the space 14724836K,  59% used [0x00007fb231b50000, 0x00007fb44cf24f68, 0x00007fb44cf25000, 0x00007fb5b4709000)
 Metaspace       used 30868K, capacity 31336K, committed 31488K, reserved 32768K
}
Event: 23.659 GC heap after
{Heap after GC invocations=12 (full 4):
 def new generation   total 6626240K, used 736191K [0x00007facdc600000, 0x00007fae9dbe0000, 0x00007fb231b50000)
  eden space 5890048K,   0% used [0x00007facdc600000, 0x00007facdc600000, 0x00007fae43e00000)
  from space 736192K,  99% used [0x00007fae70cf0000, 0x00007fae9dbdfd60, 0x00007fae9dbe0000)
  to   space 736192K,   0% used [0x00007fae43e00000, 0x00007fae43e00000, 0x00007fae70cf0000)
 tenured generation   total 14724836K, used 13988716K [0x00007fb231b50000, 0x00007fb5b4709000, 0x00007fbcdc600000)
   the space 14724836K,  95% used [0x00007fb231b50000, 0x00007fb58782b0b8, 0x00007fb58782b200, 0x00007fb5b4709000)
 Metaspace       used 30868K, capacity 31336K, committed 31488K, reserved 32768K
}
Event: 24.588 GC heap before
{Heap before GC invocations=12 (full 4):
 def new generation   total 6626240K, used 6626239K [0x00007facdc600000, 0x00007fae9dbe0000, 0x00007fb231b50000)
  eden space 5890048K, 100% used [0x00007facdc600000, 0x00007fae43e00000, 0x00007fae43e00000)
  from space 736192K,  99% used [0x00007fae70cf0000, 0x00007fae9dbdfd60, 0x00007fae9dbe0000)
  to   space 736192K,   0% used [0x00007fae43e00000, 0x00007fae43e00000, 0x00007fae70cf0000)
 tenured generation   total 14724836K, used 13988716K [0x00007fb231b50000, 0x00007fb5b4709000, 0x00007fbcdc600000)
   the space 14724836K,  95% used [0x00007fb231b50000, 0x00007fb58782b0b8, 0x00007fb58782b200, 0x00007fb5b4709000)
 Metaspace       used 30868K, capacity 31336K, committed 31488K, reserved 32768K
}
Event: 30.251 GC heap after
{Heap after GC invocations=13 (full 4):
 def new generation   total 6626240K, used 736191K [0x00007facdc600000, 0x00007fae9dbe0000, 0x00007fb231b50000)
  eden space 5890048K,   0% used [0x00007facdc600000, 0x00007facdc600000, 0x00007fae43e00000)
  from space 736192K,  99% used [0x00007fae43e00000, 0x00007fae70cefd60, 0x00007fae70cf0000)
  to   space 736192K,   0% used [0x00007fae70cf0000, 0x00007fae70cf0000, 0x00007fae9dbe0000)
 tenured generation   total 19878884K, used 19878703K [0x00007fb231b50000, 0x00007fb6ef049000, 0x00007fbcdc600000)
   the space 19878884K,  99% used [0x00007fb231b50000, 0x00007fb6ef01bd88, 0x00007fb6ef01be00, 0x00007fb6ef049000)
 Metaspace       used 30868K, capacity 31336K, committed 31488K, reserved 32768K
}
Event: 30.252 GC heap before
{Heap before GC invocations=13 (full 4):
 def new generation   total 6626240K, used 736191K [0x00007facdc600000, 0x00007fae9dbe0000, 0x00007fb231b50000)
  eden space 5890048K,   0% used [0x00007facdc600000, 0x00007facdc600000, 0x00007fae43e00000)
  from space 736192K,  99% used [0x00007fae43e00000, 0x00007fae70cefd60, 0x00007fae70cf0000)
  to   space 736192K,   0% used [0x00007fae70cf0000, 0x00007fae70cf0000, 0x00007fae9dbe0000)
 tenured generation   total 19878884K, used 19878703K [0x00007fb231b50000, 0x00007fb6ef049000, 0x00007fbcdc600000)
   the space 19878884K,  99% used [0x00007fb231b50000, 0x00007fb6ef01bd88, 0x00007fb6ef01be00, 0x00007fb6ef049000)
 Metaspace       used 30868K, capacity 31336K, committed 31488K, reserved 32768K
}

