# JRE version: OpenJDK Runtime Environment (13.0.7+5) (build 13.0.7+5-Ubuntu-0ubuntu120.04)
# Java VM: OpenJDK 64-Bit Server VM (13.0.7+5-Ubuntu-0ubuntu120.04, mixed mode, tiered, serial gc, linux-amd64)
Heap:
 def new generation   total 2911104K, used 26856K [0x00007f80dc600000, 0x00007f81a1cc0000, 0x00007f8631b50000)
  eden space 2587648K,   1% used [0x00007f80dc600000, 0x00007f80de03a160, 0x00007f817a500000)
  from space 323456K,   0% used [0x00007f817a500000, 0x00007f817a500000, 0x00007f818e0e0000)
  to   space 323456K,   0% used [0x00007f818e0e0000, 0x00007f818e0e0000, 0x00007f81a1cc0000)
 tenured generation   total 6472288K, used 6472287K [0x00007f8631b50000, 0x00007f87bcbe8000, 0x00007f90dc600000)
   the space 6472288K,  99% used [0x00007f8631b50000, 0x00007f87bcbe7ce0, 0x00007f87bcbe7e00, 0x00007f87bcbe8000)
 Metaspace       used 24300K, capacity 24706K, committed 24832K, reserved 26624K
GC Heap History (20 events):
Event: 6902.441 GC heap after
{Heap after GC invocations=6982 (full 4):
 def new generation   total 2911104K, used 42038K [0x00007f80dc600000, 0x00007f81a1cc0000, 0x00007f8631b50000)
  eden space 2587648K,   0% used [0x00007f80dc600000, 0x00007f80dc600000, 0x00007f817a500000)
  from space 323456K,  12% used [0x00007f818e0e0000, 0x00007f81909eda68, 0x00007f81a1cc0000)
  to   space 323456K,   0% used [0x00007f817a500000, 0x00007f817a500000, 0x00007f818e0e0000)
 tenured generation   total 6469024K, used 6440456K [0x00007f8631b50000, 0x00007f87bc8b8000, 0x00007f90dc600000)
   the space 6469024K,  99% used [0x00007f8631b50000, 0x00007f87bacd2258, 0x00007f87bacd2400, 0x00007f87bc8b8000)
 Metaspace       used 24300K, capacity 24706K, committed 24832K, reserved 26624K
}
Event: 6904.607 GC heap before
{Heap before GC invocations=6982 (full 4):
 def new generation   total 2911104K, used 2629686K [0x00007f80dc600000, 0x00007f81a1cc0000, 0x00007f8631b50000)
  eden space 2587648K, 100% used [0x00007f80dc600000, 0x00007f817a500000, 0x00007f817a500000)
  from space 323456K,  12% used [0x00007f818e0e0000, 0x00007f81909eda68, 0x00007f81a1cc0000)
  to   space 323456K,   0% used [0x00007f817a500000, 0x00007f817a500000, 0x00007f818e0e0000)
 tenured generation   total 6469024K, used 6440456K [0x00007f8631b50000, 0x00007f87bc8b8000, 0x00007f90dc600000)
   the space 6469024K,  99% used [0x00007f8631b50000, 0x00007f87bacd2258, 0x00007f87bacd2400, 0x00007f87bc8b8000)
 Metaspace       used 24300K, capacity 24706K, committed 24832K, reserved 26624K
}
Event: 6904.676 GC heap after
{Heap after GC invocations=6983 (full 4):
 def new generation   total 2911104K, used 42089K [0x00007f80dc600000, 0x00007f81a1cc0000, 0x00007f8631b50000)
  eden space 2587648K,   0% used [0x00007f80dc600000, 0x00007f80dc600000, 0x00007f817a500000)
  from space 323456K,  13% used [0x00007f817a500000, 0x00007f817ce1a530, 0x00007f818e0e0000)
  to   space 323456K,   0% used [0x00007f818e0e0000, 0x00007f818e0e0000, 0x00007f81a1cc0000)
 tenured generation   total 6469024K, used 6441942K [0x00007f8631b50000, 0x00007f87bc8b8000, 0x00007f90dc600000)
   the space 6469024K,  99% used [0x00007f8631b50000, 0x00007f87bae45818, 0x00007f87bae45a00, 0x00007f87bc8b8000)
 Metaspace       used 24300K, capacity 24706K, committed 24832K, reserved 26624K
}
Event: 6906.754 GC heap before
{Heap before GC invocations=6983 (full 4):
 def new generation   total 2911104K, used 2629737K [0x00007f80dc600000, 0x00007f81a1cc0000, 0x00007f8631b50000)
  eden space 2587648K, 100% used [0x00007f80dc600000, 0x00007f817a500000, 0x00007f817a500000)
  from space 323456K,  13% used [0x00007f817a500000, 0x00007f817ce1a530, 0x00007f818e0e0000)
  to   space 323456K,   0% used [0x00007f818e0e0000, 0x00007f818e0e0000, 0x00007f81a1cc0000)
 tenured generation   total 6469024K, used 6441942K [0x00007f8631b50000, 0x00007f87bc8b8000, 0x00007f90dc600000)
   the space 6469024K,  99% used [0x00007f8631b50000, 0x00007f87bae45818, 0x00007f87bae45a00, 0x00007f87bc8b8000)
 Metaspace       used 24300K, capacity 24706K, committed 24832K, reserved 26624K
}
Event: 6906.822 GC heap after
{Heap after GC invocations=6984 (full 4):
 def new generation   total 2911104K, used 38941K [0x00007f80dc600000, 0x00007f81a1cc0000, 0x00007f8631b50000)
  eden space 2587648K,   0% used [0x00007f80dc600000, 0x00007f80dc600000, 0x00007f817a500000)
  from space 323456K,  12% used [0x00007f818e0e0000, 0x00007f81906e7680, 0x00007f81a1cc0000)
  to   space 323456K,   0% used [0x00007f817a500000, 0x00007f817a500000, 0x00007f818e0e0000)
 tenured generation   total 6469024K, used 6446627K [0x00007f8631b50000, 0x00007f87bc8b8000, 0x00007f90dc600000)
   the space 6469024K,  99% used [0x00007f8631b50000, 0x00007f87bb2d8c90, 0x00007f87bb2d8e00, 0x00007f87bc8b8000)
 Metaspace       used 24300K, capacity 24706K, committed 24832K, reserved 26624K
}
Event: 6908.931 GC heap before
{Heap before GC invocations=6984 (full 4):
 def new generation   total 2911104K, used 2626589K [0x00007f80dc600000, 0x00007f81a1cc0000, 0x00007f8631b50000)
  eden space 2587648K, 100% used [0x00007f80dc600000, 0x00007f817a500000, 0x00007f817a500000)
  from space 323456K,  12% used [0x00007f818e0e0000, 0x00007f81906e7680, 0x00007f81a1cc0000)
  to   space 323456K,   0% used [0x00007f817a500000, 0x00007f817a500000, 0x00007f818e0e0000)
 tenured generation   total 6469024K, used 6446627K [0x00007f8631b50000, 0x00007f87bc8b8000, 0x00007f90dc600000)
   the space 6469024K,  99% used [0x00007f8631b50000, 0x00007f87bb2d8c90, 0x00007f87bb2d8e00, 0x00007f87bc8b8000)
 Metaspace       used 24300K, capacity 24706K, committed 24832K, reserved 26624K
}
Event: 6908.987 GC heap after
{Heap after GC invocations=6985 (full 4):
 def new generation   total 2911104K, used 36414K [0x00007f80dc600000, 0x00007f81a1cc0000, 0x00007f8631b50000)
  eden space 2587648K,   0% used [0x00007f80dc600000, 0x00007f80dc600000, 0x00007f817a500000)
  from space 323456K,  11% used [0x00007f817a500000, 0x00007f817c88fbe8, 0x00007f818e0e0000)
  to   space 323456K,   0% used [0x00007f818e0e0000, 0x00007f818e0e0000, 0x00007f81a1cc0000)
 tenured generation   total 6469024K, used 6450679K [0x00007f8631b50000, 0x00007f87bc8b8000, 0x00007f90dc600000)
   the space 6469024K,  99% used [0x00007f8631b50000, 0x00007f87bb6cdf60, 0x00007f87bb6ce000, 0x00007f87bc8b8000)
 Metaspace       used 24300K, capacity 24706K, committed 24832K, reserved 26624K
}
Event: 6911.073 GC heap before
{Heap before GC invocations=6985 (full 4):
 def new generation   total 2911104K, used 2624062K [0x00007f80dc600000, 0x00007f81a1cc0000, 0x00007f8631b50000)
  eden space 2587648K, 100% used [0x00007f80dc600000, 0x00007f817a500000, 0x00007f817a500000)
  from space 323456K,  11% used [0x00007f817a500000, 0x00007f817c88fbe8, 0x00007f818e0e0000)
  to   space 323456K,   0% used [0x00007f818e0e0000, 0x00007f818e0e0000, 0x00007f81a1cc0000)
 tenured generation   total 6469024K, used 6450679K [0x00007f8631b50000, 0x00007f87bc8b8000, 0x00007f90dc600000)
   the space 6469024K,  99% used [0x00007f8631b50000, 0x00007f87bb6cdf60, 0x00007f87bb6ce000, 0x00007f87bc8b8000)
 Metaspace       used 24300K, capacity 24706K, committed 24832K, reserved 26624K
}
Event: 6911.136 GC heap after
{Heap after GC invocations=6986 (full 4):
 def new generation   total 2911104K, used 39666K [0x00007f80dc600000, 0x00007f81a1cc0000, 0x00007f8631b50000)
  eden space 2587648K,   0% used [0x00007f80dc600000, 0x00007f80dc600000, 0x00007f817a500000)
  from space 323456K,  12% used [0x00007f818e0e0000, 0x00007f819079c990, 0x00007f81a1cc0000)
  to   space 323456K,   0% used [0x00007f817a500000, 0x00007f817a500000, 0x00007f818e0e0000)
 tenured generation   total 6469024K, used 6451692K [0x00007f8631b50000, 0x00007f87bc8b8000, 0x00007f90dc600000)
   the space 6469024K,  99% used [0x00007f8631b50000, 0x00007f87bb7cb290, 0x00007f87bb7cb400, 0x00007f87bc8b8000)
 Metaspace       used 24300K, capacity 24706K, committed 24832K, reserved 26624K
}
Event: 6913.212 GC heap before
{Heap before GC invocations=6986 (full 4):
 def new generation   total 2911104K, used 2627314K [0x00007f80dc600000, 0x00007f81a1cc0000, 0x00007f8631b50000)
  eden space 2587648K, 100% used [0x00007f80dc600000, 0x00007f817a500000, 0x00007f817a500000)
  from space 323456K,  12% used [0x00007f818e0e0000, 0x00007f819079c990, 0x00007f81a1cc0000)
  to   space 323456K,   0% used [0x00007f817a500000, 0x00007f817a500000, 0x00007f818e0e0000)
 tenured generation   total 6469024K, used 6451692K [0x00007f8631b50000, 0x00007f87bc8b8000, 0x00007f90dc600000)
   the space 6469024K,  99% used [0x00007f8631b50000, 0x00007f87bb7cb290, 0x00007f87bb7cb400, 0x00007f87bc8b8000)
 Metaspace       used 24300K, capacity 24706K, committed 24832K, reserved 26624K
}
Event: 6913.272 GC heap after
{Heap after GC invocations=6987 (full 4):
 def new generation   total 2911104K, used 41496K [0x00007f80dc600000, 0x00007f81a1cc0000, 0x00007f8631b50000)
  eden space 2587648K,   0% used [0x00007f80dc600000, 0x00007f80dc600000, 0x00007f817a500000)
  from space 323456K,  12% used [0x00007f817a500000, 0x00007f817cd862e8, 0x00007f818e0e0000)
  to   space 323456K,   0% used [0x00007f818e0e0000, 0x00007f818e0e0000, 0x00007f81a1cc0000)
 tenured generation   total 6469024K, used 6453439K [0x00007f8631b50000, 0x00007f87bc8b8000, 0x00007f90dc600000)
   the space 6469024K,  99% used [0x00007f8631b50000, 0x00007f87bb97ff70, 0x00007f87bb980000, 0x00007f87bc8b8000)
 Metaspace       used 24300K, capacity 24706K, committed 24832K, reserved 26624K
}
Event: 6915.327 GC heap before
{Heap before GC invocations=6987 (full 4):
 def new generation   total 2911104K, used 2629144K [0x00007f80dc600000, 0x00007f81a1cc0000, 0x00007f8631b50000)
  eden space 2587648K, 100% used [0x00007f80dc600000, 0x00007f817a500000, 0x00007f817a500000)
  from space 323456K,  12% used [0x00007f817a500000, 0x00007f817cd862e8, 0x00007f818e0e0000)
  to   space 323456K,   0% used [0x00007f818e0e0000, 0x00007f818e0e0000, 0x00007f81a1cc0000)
 tenured generation   total 6469024K, used 6453439K [0x00007f8631b50000, 0x00007f87bc8b8000, 0x00007f90dc600000)
   the space 6469024K,  99% used [0x00007f8631b50000, 0x00007f87bb97ff70, 0x00007f87bb980000, 0x00007f87bc8b8000)
 Metaspace       used 24300K, capacity 24706K, committed 24832K, reserved 26624K
}
Event: 6915.385 GC heap after
{Heap after GC invocations=6988 (full 4):
 def new generation   total 2911104K, used 37657K [0x00007f80dc600000, 0x00007f81a1cc0000, 0x00007f8631b50000)
  eden space 2587648K,   0% used [0x00007f80dc600000, 0x00007f80dc600000, 0x00007f817a500000)
  from space 323456K,  11% used [0x00007f818e0e0000, 0x00007f81905a6608, 0x00007f81a1cc0000)
  to   space 323456K,   0% used [0x00007f817a500000, 0x00007f817a500000, 0x00007f818e0e0000)
 tenured generation   total 6469024K, used 6458174K [0x00007f8631b50000, 0x00007f87bc8b8000, 0x00007f90dc600000)
   the space 6469024K,  99% used [0x00007f8631b50000, 0x00007f87bbe1fa40, 0x00007f87bbe1fc00, 0x00007f87bc8b8000)
 Metaspace       used 24300K, capacity 24706K, committed 24832K, reserved 26624K
}
Event: 6917.458 GC heap before
{Heap before GC invocations=6988 (full 4):
 def new generation   total 2911104K, used 2625305K [0x00007f80dc600000, 0x00007f81a1cc0000, 0x00007f8631b50000)
  eden space 2587648K, 100% used [0x00007f80dc600000, 0x00007f817a500000, 0x00007f817a500000)
  from space 323456K,  11% used [0x00007f818e0e0000, 0x00007f81905a6608, 0x00007f81a1cc0000)
  to   space 323456K,   0% used [0x00007f817a500000, 0x00007f817a500000, 0x00007f818e0e0000)
 tenured generation   total 6469024K, used 6458174K [0x00007f8631b50000, 0x00007f87bc8b8000, 0x00007f90dc600000)
   the space 6469024K,  99% used [0x00007f8631b50000, 0x00007f87bbe1fa40, 0x00007f87bbe1fc00, 0x00007f87bc8b8000)
 Metaspace       used 24300K, capacity 24706K, committed 24832K, reserved 26624K
}
Event: 6917.505 GC heap after
{Heap after GC invocations=6989 (full 4):
 def new generation   total 2911104K, used 34028K [0x00007f80dc600000, 0x00007f81a1cc0000, 0x00007f8631b50000)
  eden space 2587648K,   0% used [0x00007f80dc600000, 0x00007f80dc600000, 0x00007f817a500000)
  from space 323456K,  10% used [0x00007f817a500000, 0x00007f817c63b268, 0x00007f818e0e0000)
  to   space 323456K,   0% used [0x00007f818e0e0000, 0x00007f818e0e0000, 0x00007f81a1cc0000)
 tenured generation   total 6469024K, used 6462856K [0x00007f8631b50000, 0x00007f87bc8b8000, 0x00007f90dc600000)
   the space 6469024K,  99% used [0x00007f8631b50000, 0x00007f87bc2b2330, 0x00007f87bc2b2400, 0x00007f87bc8b8000)
 Metaspace       used 24300K, capacity 24706K, committed 24832K, reserved 26624K
}
Event: 6919.576 GC heap before
{Heap before GC invocations=6989 (full 4):
 def new generation   total 2911104K, used 2621676K [0x00007f80dc600000, 0x00007f81a1cc0000, 0x00007f8631b50000)
  eden space 2587648K, 100% used [0x00007f80dc600000, 0x00007f817a500000, 0x00007f817a500000)
  from space 323456K,  10% used [0x00007f817a500000, 0x00007f817c63b268, 0x00007f818e0e0000)
  to   space 323456K,   0% used [0x00007f818e0e0000, 0x00007f818e0e0000, 0x00007f81a1cc0000)
 tenured generation   total 6469024K, used 6462856K [0x00007f8631b50000, 0x00007f87bc8b8000, 0x00007f90dc600000)
   the space 6469024K,  99% used [0x00007f8631b50000, 0x00007f87bc2b2330, 0x00007f87bc2b2400, 0x00007f87bc8b8000)
 Metaspace       used 24300K, capacity 24706K, committed 24832K, reserved 26624K
}
Event: 6919.625 GC heap after
{Heap after GC invocations=6990 (full 4):
 def new generation   total 2911104K, used 30393K [0x00007f80dc600000, 0x00007f81a1cc0000, 0x00007f8631b50000)
  eden space 2587648K,   0% used [0x00007f80dc600000, 0x00007f80dc600000, 0x00007f817a500000)
  from space 323456K,   9% used [0x00007f818e0e0000, 0x00007f818fe8e7f0, 0x00007f81a1cc0000)
  to   space 323456K,   0% used [0x00007f817a500000, 0x00007f817a500000, 0x00007f818e0e0000)
 tenured generation   total 6469024K, used 6467539K [0x00007f8631b50000, 0x00007f87bc8b8000, 0x00007f90dc600000)
   the space 6469024K,  99% used [0x00007f8631b50000, 0x00007f87bc744c20, 0x00007f87bc744e00, 0x00007f87bc8b8000)
 Metaspace       used 24300K, capacity 24706K, committed 24832K, reserved 26624K
}
Event: 6921.692 GC heap before
{Heap before GC invocations=6990 (full 4):
 def new generation   total 2911104K, used 2618041K [0x00007f80dc600000, 0x00007f81a1cc0000, 0x00007f8631b50000)
  eden space 2587648K, 100% used [0x00007f80dc600000, 0x00007f817a500000, 0x00007f817a500000)
  from space 323456K,   9% used [0x00007f818e0e0000, 0x00007f818fe8e7f0, 0x00007f81a1cc0000)
  to   space 323456K,   0% used [0x00007f817a500000, 0x00007f817a500000, 0x00007f818e0e0000)
 tenured generation   total 6469024K, used 6467539K [0x00007f8631b50000, 0x00007f87bc8b8000, 0x00007f90dc600000)
   the space 6469024K,  99% used [0x00007f8631b50000, 0x00007f87bc744c20, 0x00007f87bc744e00, 0x00007f87bc8b8000)
 Metaspace       used 24300K, capacity 24706K, committed 24832K, reserved 26624K
}
Event: 6921.741 GC heap after
{Heap after GC invocations=6991 (full 4):
 def new generation   total 2911104K, used 26917K [0x00007f80dc600000, 0x00007f81a1cc0000, 0x00007f8631b50000)
  eden space 2587648K,   0% used [0x00007f80dc600000, 0x00007f80dc600000, 0x00007f817a500000)
  from space 323456K,   8% used [0x00007f817a500000, 0x00007f817bf497f0, 0x00007f818e0e0000)
  to   space 323456K,   0% used [0x00007f818e0e0000, 0x00007f818e0e0000, 0x00007f81a1cc0000)
 tenured generation   total 6472288K, used 6472225K [0x00007f8631b50000, 0x00007f87bcbe8000, 0x00007f90dc600000)
   the space 6472288K,  99% used [0x00007f8631b50000, 0x00007f87bcbd8650, 0x00007f87bcbd8800, 0x00007f87bcbe8000)
 Metaspace       used 24300K, capacity 24706K, committed 24832K, reserved 26624K
}
Event: 6921.741 GC heap before
{Heap before GC invocations=6991 (full 4):
 def new generation   total 2911104K, used 26917K [0x00007f80dc600000, 0x00007f81a1cc0000, 0x00007f8631b50000)
  eden space 2587648K,   0% used [0x00007f80dc600000, 0x00007f80dc600000, 0x00007f817a500000)
  from space 323456K,   8% used [0x00007f817a500000, 0x00007f817bf497f0, 0x00007f818e0e0000)
  to   space 323456K,   0% used [0x00007f818e0e0000, 0x00007f818e0e0000, 0x00007f81a1cc0000)
 tenured generation   total 6472288K, used 6472225K [0x00007f8631b50000, 0x00007f87bcbe8000, 0x00007f90dc600000)
   the space 6472288K,  99% used [0x00007f8631b50000, 0x00007f87bcbd8650, 0x00007f87bcbd8800, 0x00007f87bcbe8000)
 Metaspace       used 24300K, capacity 24706K, committed 24832K, reserved 26624K
}

