# JRE version: OpenJDK Runtime Environment (13.0.7+5) (build 13.0.7+5-Ubuntu-0ubuntu120.04)
# Java VM: OpenJDK 64-Bit Server VM (13.0.7+5-Ubuntu-0ubuntu120.04, mixed mode, tiered, serial gc, linux-amd64)
Heap:
 def new generation   total 11351104K, used 328478K [0x00007f2c94600000, 0x00007f2f962b0000, 0x00007f31e9b50000)
  eden space 10089920K,   3% used [0x00007f2c94600000, 0x00007f2ca86c78f0, 0x00007f2efc370000)
  from space 1261184K,   0% used [0x00007f2f49310000, 0x00007f2f49310000, 0x00007f2f962b0000)
  to   space 1261184K,   0% used [0x00007f2efc370000, 0x00007f2efc370000, 0x00007f2f49310000)
 tenured generation   total 25380756K, used 25380755K [0x00007f31e9b50000, 0x00007f37f6d35000, 0x00007f3c94600000)
   the space 25380756K,  99% used [0x00007f31e9b50000, 0x00007f37f6d34fe8, 0x00007f37f6d35000, 0x00007f37f6d35000)
 Metaspace       used 30480K, capacity 30854K, committed 30976K, reserved 32768K
GC Heap History (20 events):
Event: 1972.694 GC heap after
{Heap after GC invocations=77 (full 9):
 def new generation   total 11351104K, used 754642K [0x00007f2c94600000, 0x00007f2f962b0000, 0x00007f31e9b50000)
  eden space 10089920K,   0% used [0x00007f2c94600000, 0x00007f2c94600000, 0x00007f2efc370000)
  from space 1261184K,  59% used [0x00007f2efc370000, 0x00007f2f2a464890, 0x00007f2f49310000)
  to   space 1261184K,   0% used [0x00007f2f49310000, 0x00007f2f49310000, 0x00007f2f962b0000)
 tenured generation   total 25224468K, used 17828929K [0x00007f31e9b50000, 0x00007f37ed495000, 0x00007f3c94600000)
   the space 25224468K,  70% used [0x00007f31e9b50000, 0x00007f3629e60418, 0x00007f3629e60600, 0x00007f37ed495000)
 Metaspace       used 30480K, capacity 30854K, committed 30976K, reserved 32768K
}
Event: 1975.312 GC heap before
{Heap before GC invocations=77 (full 9):
 def new generation   total 11351104K, used 10844562K [0x00007f2c94600000, 0x00007f2f962b0000, 0x00007f31e9b50000)
  eden space 10089920K, 100% used [0x00007f2c94600000, 0x00007f2efc370000, 0x00007f2efc370000)
  from space 1261184K,  59% used [0x00007f2efc370000, 0x00007f2f2a464890, 0x00007f2f49310000)
  to   space 1261184K,   0% used [0x00007f2f49310000, 0x00007f2f49310000, 0x00007f2f962b0000)
 tenured generation   total 25224468K, used 17828929K [0x00007f31e9b50000, 0x00007f37ed495000, 0x00007f3c94600000)
   the space 25224468K,  70% used [0x00007f31e9b50000, 0x00007f3629e60418, 0x00007f3629e60600, 0x00007f37ed495000)
 Metaspace       used 30480K, capacity 30854K, committed 30976K, reserved 32768K
}
Event: 1977.742 GC heap after
{Heap after GC invocations=78 (full 9):
 def new generation   total 11351104K, used 759047K [0x00007f2c94600000, 0x00007f2f962b0000, 0x00007f31e9b50000)
  eden space 10089920K,   0% used [0x00007f2c94600000, 0x00007f2c94600000, 0x00007f2efc370000)
  from space 1261184K,  60% used [0x00007f2f49310000, 0x00007f2f77851dd0, 0x00007f2f962b0000)
  to   space 1261184K,   0% used [0x00007f2efc370000, 0x00007f2efc370000, 0x00007f2f49310000)
 tenured generation   total 25224468K, used 18583570K [0x00007f31e9b50000, 0x00007f37ed495000, 0x00007f3c94600000)
   the space 25224468K,  73% used [0x00007f31e9b50000, 0x00007f3657f54ae8, 0x00007f3657f54c00, 0x00007f37ed495000)
 Metaspace       used 30480K, capacity 30854K, committed 30976K, reserved 32768K
}
Event: 1980.374 GC heap before
{Heap before GC invocations=78 (full 9):
 def new generation   total 11351104K, used 10848967K [0x00007f2c94600000, 0x00007f2f962b0000, 0x00007f31e9b50000)
  eden space 10089920K, 100% used [0x00007f2c94600000, 0x00007f2efc370000, 0x00007f2efc370000)
  from space 1261184K,  60% used [0x00007f2f49310000, 0x00007f2f77851dd0, 0x00007f2f962b0000)
  to   space 1261184K,   0% used [0x00007f2efc370000, 0x00007f2efc370000, 0x00007f2f49310000)
 tenured generation   total 25224468K, used 18583570K [0x00007f31e9b50000, 0x00007f37ed495000, 0x00007f3c94600000)
   the space 25224468K,  73% used [0x00007f31e9b50000, 0x00007f3657f54ae8, 0x00007f3657f54c00, 0x00007f37ed495000)
 Metaspace       used 30480K, capacity 30854K, committed 30976K, reserved 32768K
}
Event: 1982.724 GC heap after
{Heap after GC invocations=79 (full 9):
 def new generation   total 11351104K, used 764727K [0x00007f2c94600000, 0x00007f2f962b0000, 0x00007f31e9b50000)
  eden space 10089920K,   0% used [0x00007f2c94600000, 0x00007f2c94600000, 0x00007f2efc370000)
  from space 1261184K,  60% used [0x00007f2efc370000, 0x00007f2f2ae3df20, 0x00007f2f49310000)
  to   space 1261184K,   0% used [0x00007f2f49310000, 0x00007f2f49310000, 0x00007f2f962b0000)
 tenured generation   total 25224468K, used 19342617K [0x00007f31e9b50000, 0x00007f37ed495000, 0x00007f3c94600000)
   the space 25224468K,  76% used [0x00007f31e9b50000, 0x00007f3686496578, 0x00007f3686496600, 0x00007f37ed495000)
 Metaspace       used 30480K, capacity 30854K, committed 30976K, reserved 32768K
}
Event: 1985.308 GC heap before
{Heap before GC invocations=79 (full 9):
 def new generation   total 11351104K, used 10854647K [0x00007f2c94600000, 0x00007f2f962b0000, 0x00007f31e9b50000)
  eden space 10089920K, 100% used [0x00007f2c94600000, 0x00007f2efc370000, 0x00007f2efc370000)
  from space 1261184K,  60% used [0x00007f2efc370000, 0x00007f2f2ae3df20, 0x00007f2f49310000)
  to   space 1261184K,   0% used [0x00007f2f49310000, 0x00007f2f49310000, 0x00007f2f962b0000)
 tenured generation   total 25224468K, used 19342617K [0x00007f31e9b50000, 0x00007f37ed495000, 0x00007f3c94600000)
   the space 25224468K,  76% used [0x00007f31e9b50000, 0x00007f3686496578, 0x00007f3686496600, 0x00007f37ed495000)
 Metaspace       used 30480K, capacity 30854K, committed 30976K, reserved 32768K
}
Event: 1987.729 GC heap after
{Heap after GC invocations=80 (full 9):
 def new generation   total 11351104K, used 760178K [0x00007f2c94600000, 0x00007f2f962b0000, 0x00007f31e9b50000)
  eden space 10089920K,   0% used [0x00007f2c94600000, 0x00007f2c94600000, 0x00007f2efc370000)
  from space 1261184K,  60% used [0x00007f2f49310000, 0x00007f2f7796cb70, 0x00007f2f962b0000)
  to   space 1261184K,   0% used [0x00007f2efc370000, 0x00007f2efc370000, 0x00007f2f49310000)
 tenured generation   total 25224468K, used 20107344K [0x00007f31e9b50000, 0x00007f37ed495000, 0x00007f3c94600000)
   the space 25224468K,  79% used [0x00007f31e9b50000, 0x00007f36b4f641f8, 0x00007f36b4f64200, 0x00007f37ed495000)
 Metaspace       used 30480K, capacity 30854K, committed 30976K, reserved 32768K
}
Event: 1990.383 GC heap before
{Heap before GC invocations=80 (full 9):
 def new generation   total 11351104K, used 10850098K [0x00007f2c94600000, 0x00007f2f962b0000, 0x00007f31e9b50000)
  eden space 10089920K, 100% used [0x00007f2c94600000, 0x00007f2efc370000, 0x00007f2efc370000)
  from space 1261184K,  60% used [0x00007f2f49310000, 0x00007f2f7796cb70, 0x00007f2f962b0000)
  to   space 1261184K,   0% used [0x00007f2efc370000, 0x00007f2efc370000, 0x00007f2f49310000)
 tenured generation   total 25224468K, used 20107344K [0x00007f31e9b50000, 0x00007f37ed495000, 0x00007f3c94600000)
   the space 25224468K,  79% used [0x00007f31e9b50000, 0x00007f36b4f641f8, 0x00007f36b4f64200, 0x00007f37ed495000)
 Metaspace       used 30480K, capacity 30854K, committed 30976K, reserved 32768K
}
Event: 1992.873 GC heap after
{Heap after GC invocations=81 (full 9):
 def new generation   total 11351104K, used 809936K [0x00007f2c94600000, 0x00007f2f962b0000, 0x00007f31e9b50000)
  eden space 10089920K,   0% used [0x00007f2c94600000, 0x00007f2c94600000, 0x00007f2efc370000)
  from space 1261184K,  64% used [0x00007f2efc370000, 0x00007f2f2da64220, 0x00007f2f49310000)
  to   space 1261184K,   0% used [0x00007f2f49310000, 0x00007f2f49310000, 0x00007f2f962b0000)
 tenured generation   total 25224468K, used 20867522K [0x00007f31e9b50000, 0x00007f37ed495000, 0x00007f3c94600000)
   the space 25224468K,  82% used [0x00007f31e9b50000, 0x00007f36e35c0a28, 0x00007f36e35c0c00, 0x00007f37ed495000)
 Metaspace       used 30480K, capacity 30854K, committed 30976K, reserved 32768K
}
Event: 1995.941 GC heap before
{Heap before GC invocations=81 (full 9):
 def new generation   total 11351104K, used 10899856K [0x00007f2c94600000, 0x00007f2f962b0000, 0x00007f31e9b50000)
  eden space 10089920K, 100% used [0x00007f2c94600000, 0x00007f2efc370000, 0x00007f2efc370000)
  from space 1261184K,  64% used [0x00007f2efc370000, 0x00007f2f2da64220, 0x00007f2f49310000)
  to   space 1261184K,   0% used [0x00007f2f49310000, 0x00007f2f49310000, 0x00007f2f962b0000)
 tenured generation   total 25224468K, used 20867522K [0x00007f31e9b50000, 0x00007f37ed495000, 0x00007f3c94600000)
   the space 25224468K,  82% used [0x00007f31e9b50000, 0x00007f36e35c0a28, 0x00007f36e35c0c00, 0x00007f37ed495000)
 Metaspace       used 30480K, capacity 30854K, committed 30976K, reserved 32768K
}
Event: 1998.491 GC heap after
{Heap after GC invocations=82 (full 9):
 def new generation   total 11351104K, used 821154K [0x00007f2c94600000, 0x00007f2f962b0000, 0x00007f31e9b50000)
  eden space 10089920K,   0% used [0x00007f2c94600000, 0x00007f2c94600000, 0x00007f2efc370000)
  from space 1261184K,  65% used [0x00007f2f49310000, 0x00007f2f7b4f8870, 0x00007f2f962b0000)
  to   space 1261184K,   0% used [0x00007f2efc370000, 0x00007f2efc370000, 0x00007f2f49310000)
 tenured generation   total 25224468K, used 21677458K [0x00007f31e9b50000, 0x00007f37ed495000, 0x00007f3c94600000)
   the space 25224468K,  85% used [0x00007f31e9b50000, 0x00007f3714cb4a88, 0x00007f3714cb4c00, 0x00007f37ed495000)
 Metaspace       used 30480K, capacity 30854K, committed 30976K, reserved 32768K
}
Event: 2001.520 GC heap before
{Heap before GC invocations=82 (full 9):
 def new generation   total 11351104K, used 10911074K [0x00007f2c94600000, 0x00007f2f962b0000, 0x00007f31e9b50000)
  eden space 10089920K, 100% used [0x00007f2c94600000, 0x00007f2efc370000, 0x00007f2efc370000)
  from space 1261184K,  65% used [0x00007f2f49310000, 0x00007f2f7b4f8870, 0x00007f2f962b0000)
  to   space 1261184K,   0% used [0x00007f2efc370000, 0x00007f2efc370000, 0x00007f2f49310000)
 tenured generation   total 25224468K, used 21677458K [0x00007f31e9b50000, 0x00007f37ed495000, 0x00007f3c94600000)
   the space 25224468K,  85% used [0x00007f31e9b50000, 0x00007f3714cb4a88, 0x00007f3714cb4c00, 0x00007f37ed495000)
 Metaspace       used 30480K, capacity 30854K, committed 30976K, reserved 32768K
}
Event: 2004.034 GC heap after
{Heap after GC invocations=83 (full 9):
 def new generation   total 11351104K, used 790860K [0x00007f2c94600000, 0x00007f2f962b0000, 0x00007f31e9b50000)
  eden space 10089920K,   0% used [0x00007f2c94600000, 0x00007f2c94600000, 0x00007f2efc370000)
  from space 1261184K,  62% used [0x00007f2efc370000, 0x00007f2f2c7c33d0, 0x00007f2f49310000)
  to   space 1261184K,   0% used [0x00007f2f49310000, 0x00007f2f49310000, 0x00007f2f962b0000)
 tenured generation   total 25224468K, used 22498612K [0x00007f31e9b50000, 0x00007f37ed495000, 0x00007f3c94600000)
   the space 25224468K,  89% used [0x00007f31e9b50000, 0x00007f3746e9d048, 0x00007f3746e9d200, 0x00007f37ed495000)
 Metaspace       used 30480K, capacity 30854K, committed 30976K, reserved 32768K
}
Event: 2006.977 GC heap before
{Heap before GC invocations=83 (full 9):
 def new generation   total 11351104K, used 10880780K [0x00007f2c94600000, 0x00007f2f962b0000, 0x00007f31e9b50000)
  eden space 10089920K, 100% used [0x00007f2c94600000, 0x00007f2efc370000, 0x00007f2efc370000)
  from space 1261184K,  62% used [0x00007f2efc370000, 0x00007f2f2c7c33d0, 0x00007f2f49310000)
  to   space 1261184K,   0% used [0x00007f2f49310000, 0x00007f2f49310000, 0x00007f2f962b0000)
 tenured generation   total 25224468K, used 22498612K [0x00007f31e9b50000, 0x00007f37ed495000, 0x00007f3c94600000)
   the space 25224468K,  89% used [0x00007f31e9b50000, 0x00007f3746e9d048, 0x00007f3746e9d200, 0x00007f37ed495000)
 Metaspace       used 30480K, capacity 30854K, committed 30976K, reserved 32768K
}
Event: 2009.943 GC heap after
{Heap after GC invocations=84 (full 9):
 def new generation   total 11351104K, used 1017176K [0x00007f2c94600000, 0x00007f2f962b0000, 0x00007f31e9b50000)
  eden space 10089920K,   0% used [0x00007f2c94600000, 0x00007f2c94600000, 0x00007f2efc370000)
  from space 1261184K,  80% used [0x00007f2f49310000, 0x00007f2f874660e0, 0x00007f2f962b0000)
  to   space 1261184K,   0% used [0x00007f2efc370000, 0x00007f2efc370000, 0x00007f2f49310000)
 tenured generation   total 25224468K, used 23289472K [0x00007f31e9b50000, 0x00007f37ed495000, 0x00007f3c94600000)
   the space 25224468K,  92% used [0x00007f31e9b50000, 0x00007f37772f0198, 0x00007f37772f0200, 0x00007f37ed495000)
 Metaspace       used 30480K, capacity 30854K, committed 30976K, reserved 32768K
}
Event: 2012.874 GC heap before
{Heap before GC invocations=84 (full 9):
 def new generation   total 11351104K, used 11107096K [0x00007f2c94600000, 0x00007f2f962b0000, 0x00007f31e9b50000)
  eden space 10089920K, 100% used [0x00007f2c94600000, 0x00007f2efc370000, 0x00007f2efc370000)
  from space 1261184K,  80% used [0x00007f2f49310000, 0x00007f2f874660e0, 0x00007f2f962b0000)
  to   space 1261184K,   0% used [0x00007f2efc370000, 0x00007f2efc370000, 0x00007f2f49310000)
 tenured generation   total 25224468K, used 23289472K [0x00007f31e9b50000, 0x00007f37ed495000, 0x00007f3c94600000)
   the space 25224468K,  92% used [0x00007f31e9b50000, 0x00007f37772f0198, 0x00007f37772f0200, 0x00007f37ed495000)
 Metaspace       used 30480K, capacity 30854K, committed 30976K, reserved 32768K
}
Event: 2016.161 GC heap after
{Heap after GC invocations=85 (full 9):
 def new generation   total 11351104K, used 1073988K [0x00007f2c94600000, 0x00007f2f962b0000, 0x00007f31e9b50000)
  eden space 10089920K,   0% used [0x00007f2c94600000, 0x00007f2c94600000, 0x00007f2efc370000)
  from space 1261184K,  85% used [0x00007f2efc370000, 0x00007f2f3dc41390, 0x00007f2f49310000)
  to   space 1261184K,   0% used [0x00007f2f49310000, 0x00007f2f49310000, 0x00007f2f962b0000)
 tenured generation   total 25224468K, used 24306647K [0x00007f31e9b50000, 0x00007f37ed495000, 0x00007f3c94600000)
   the space 25224468K,  96% used [0x00007f31e9b50000, 0x00007f37b5445f78, 0x00007f37b5446000, 0x00007f37ed495000)
 Metaspace       used 30480K, capacity 30854K, committed 30976K, reserved 32768K
}
Event: 2018.891 GC heap before
{Heap before GC invocations=85 (full 9):
 def new generation   total 11351104K, used 11163908K [0x00007f2c94600000, 0x00007f2f962b0000, 0x00007f31e9b50000)
  eden space 10089920K, 100% used [0x00007f2c94600000, 0x00007f2efc370000, 0x00007f2efc370000)
  from space 1261184K,  85% used [0x00007f2efc370000, 0x00007f2f3dc41390, 0x00007f2f49310000)
  to   space 1261184K,   0% used [0x00007f2f49310000, 0x00007f2f49310000, 0x00007f2f962b0000)
 tenured generation   total 25224468K, used 24306647K [0x00007f31e9b50000, 0x00007f37ed495000, 0x00007f3c94600000)
   the space 25224468K,  96% used [0x00007f31e9b50000, 0x00007f37b5445f78, 0x00007f37b5446000, 0x00007f37ed495000)
 Metaspace       used 30480K, capacity 30854K, committed 30976K, reserved 32768K
}
Event: 2021.629 GC heap after
{Heap after GC invocations=86 (full 9):
 def new generation   total 11351104K, used 763222K [0x00007f2c94600000, 0x00007f2f962b0000, 0x00007f31e9b50000)
  eden space 10089920K,   0% used [0x00007f2c94600000, 0x00007f2c94600000, 0x00007f2efc370000)
  from space 1261184K,  60% used [0x00007f2f49310000, 0x00007f2f77c65b10, 0x00007f2f962b0000)
  to   space 1261184K,   0% used [0x00007f2efc370000, 0x00007f2efc370000, 0x00007f2f49310000)
 tenured generation   total 25380756K, used 25380635K [0x00007f31e9b50000, 0x00007f37f6d35000, 0x00007f3c94600000)
   the space 25380756K,  99% used [0x00007f31e9b50000, 0x00007f37f6d16f68, 0x00007f37f6d17000, 0x00007f37f6d35000)
 Metaspace       used 30480K, capacity 30854K, committed 30976K, reserved 32768K
}
Event: 2021.629 GC heap before
{Heap before GC invocations=86 (full 9):
 def new generation   total 11351104K, used 763222K [0x00007f2c94600000, 0x00007f2f962b0000, 0x00007f31e9b50000)
  eden space 10089920K,   0% used [0x00007f2c94600000, 0x00007f2c94600000, 0x00007f2efc370000)
  from space 1261184K,  60% used [0x00007f2f49310000, 0x00007f2f77c65b10, 0x00007f2f962b0000)
  to   space 1261184K,   0% used [0x00007f2efc370000, 0x00007f2efc370000, 0x00007f2f49310000)
 tenured generation   total 25380756K, used 25380635K [0x00007f31e9b50000, 0x00007f37f6d35000, 0x00007f3c94600000)
   the space 25380756K,  99% used [0x00007f31e9b50000, 0x00007f37f6d16f68, 0x00007f37f6d17000, 0x00007f37f6d35000)
 Metaspace       used 30480K, capacity 30854K, committed 30976K, reserved 32768K
}

