# JRE version: OpenJDK Runtime Environment (13.0.7+5) (build 13.0.7+5-Ubuntu-0ubuntu120.04)
# Java VM: OpenJDK 64-Bit Server VM (13.0.7+5-Ubuntu-0ubuntu120.04, mixed mode, tiered, serial gc, linux-amd64)
Heap:
 def new generation   total 1049856K, used 61910K [0x00007fd34c600000, 0x00007fd393920000, 0x00007fd8a1b50000)
  eden space 933248K,   6% used [0x00007fd34c600000, 0x00007fd350275938, 0x00007fd385560000)
  from space 116608K,   0% used [0x00007fd385560000, 0x00007fd385560000, 0x00007fd38c740000)
  to   space 116608K,   0% used [0x00007fd38c740000, 0x00007fd38c740000, 0x00007fd393920000)
 tenured generation   total 2336832K, used 2336830K [0x00007fd8a1b50000, 0x00007fd930560000, 0x00007fe34c600000)
   the space 2336832K,  99% used [0x00007fd8a1b50000, 0x00007fd93055f980, 0x00007fd93055fa00, 0x00007fd930560000)
 Metaspace       used 24241K, capacity 24645K, committed 24832K, reserved 26624K
GC Heap History (20 events):
Event: 409.828 GC heap after
{Heap after GC invocations=594 (full 2):
 def new generation   total 1049856K, used 61275K [0x00007fd34c600000, 0x00007fd393920000, 0x00007fd8a1b50000)
  eden space 933248K,   0% used [0x00007fd34c600000, 0x00007fd34c600000, 0x00007fd385560000)
  from space 116608K,  52% used [0x00007fd38c740000, 0x00007fd390316d98, 0x00007fd393920000)
  to   space 116608K,   0% used [0x00007fd385560000, 0x00007fd385560000, 0x00007fd38c740000)
 tenured generation   total 2332800K, used 2286458K [0x00007fd8a1b50000, 0x00007fd930170000, 0x00007fe34c600000)
   the space 2332800K,  98% used [0x00007fd8a1b50000, 0x00007fd92d42ebf0, 0x00007fd92d42ec00, 0x00007fd930170000)
 Metaspace       used 24241K, capacity 24645K, committed 24832K, reserved 26624K
}
Event: 410.616 GC heap before
{Heap before GC invocations=594 (full 2):
 def new generation   total 1049856K, used 994523K [0x00007fd34c600000, 0x00007fd393920000, 0x00007fd8a1b50000)
  eden space 933248K, 100% used [0x00007fd34c600000, 0x00007fd385560000, 0x00007fd385560000)
  from space 116608K,  52% used [0x00007fd38c740000, 0x00007fd390316d98, 0x00007fd393920000)
  to   space 116608K,   0% used [0x00007fd385560000, 0x00007fd385560000, 0x00007fd38c740000)
 tenured generation   total 2332800K, used 2286458K [0x00007fd8a1b50000, 0x00007fd930170000, 0x00007fe34c600000)
   the space 2332800K,  98% used [0x00007fd8a1b50000, 0x00007fd92d42ebf0, 0x00007fd92d42ec00, 0x00007fd930170000)
 Metaspace       used 24241K, capacity 24645K, committed 24832K, reserved 26624K
}
Event: 410.770 GC heap after
{Heap after GC invocations=595 (full 2):
 def new generation   total 1049856K, used 61380K [0x00007fd34c600000, 0x00007fd393920000, 0x00007fd8a1b50000)
  eden space 933248K,   0% used [0x00007fd34c600000, 0x00007fd34c600000, 0x00007fd385560000)
  from space 116608K,  52% used [0x00007fd385560000, 0x00007fd3891511a8, 0x00007fd38c740000)
  to   space 116608K,   0% used [0x00007fd38c740000, 0x00007fd38c740000, 0x00007fd393920000)
 tenured generation   total 2332800K, used 2291943K [0x00007fd8a1b50000, 0x00007fd930170000, 0x00007fe34c600000)
   the space 2332800K,  98% used [0x00007fd8a1b50000, 0x00007fd92d989f88, 0x00007fd92d98a000, 0x00007fd930170000)
 Metaspace       used 24241K, capacity 24645K, committed 24832K, reserved 26624K
}
Event: 411.562 GC heap before
{Heap before GC invocations=595 (full 2):
 def new generation   total 1049856K, used 994628K [0x00007fd34c600000, 0x00007fd393920000, 0x00007fd8a1b50000)
  eden space 933248K, 100% used [0x00007fd34c600000, 0x00007fd385560000, 0x00007fd385560000)
  from space 116608K,  52% used [0x00007fd385560000, 0x00007fd3891511a8, 0x00007fd38c740000)
  to   space 116608K,   0% used [0x00007fd38c740000, 0x00007fd38c740000, 0x00007fd393920000)
 tenured generation   total 2332800K, used 2291943K [0x00007fd8a1b50000, 0x00007fd930170000, 0x00007fe34c600000)
   the space 2332800K,  98% used [0x00007fd8a1b50000, 0x00007fd92d989f88, 0x00007fd92d98a000, 0x00007fd930170000)
 Metaspace       used 24241K, capacity 24645K, committed 24832K, reserved 26624K
}
Event: 411.727 GC heap after
{Heap after GC invocations=596 (full 2):
 def new generation   total 1049856K, used 61369K [0x00007fd34c600000, 0x00007fd393920000, 0x00007fd8a1b50000)
  eden space 933248K,   0% used [0x00007fd34c600000, 0x00007fd34c600000, 0x00007fd385560000)
  from space 116608K,  52% used [0x00007fd38c740000, 0x00007fd39032e500, 0x00007fd393920000)
  to   space 116608K,   0% used [0x00007fd385560000, 0x00007fd385560000, 0x00007fd38c740000)
 tenured generation   total 2332800K, used 2298047K [0x00007fd8a1b50000, 0x00007fd930170000, 0x00007fe34c600000)
   the space 2332800K,  98% used [0x00007fd8a1b50000, 0x00007fd92df7fe08, 0x00007fd92df80000, 0x00007fd930170000)
 Metaspace       used 24241K, capacity 24645K, committed 24832K, reserved 26624K
}
Event: 412.531 GC heap before
{Heap before GC invocations=596 (full 2):
 def new generation   total 1049856K, used 994617K [0x00007fd34c600000, 0x00007fd393920000, 0x00007fd8a1b50000)
  eden space 933248K, 100% used [0x00007fd34c600000, 0x00007fd385560000, 0x00007fd385560000)
  from space 116608K,  52% used [0x00007fd38c740000, 0x00007fd39032e500, 0x00007fd393920000)
  to   space 116608K,   0% used [0x00007fd385560000, 0x00007fd385560000, 0x00007fd38c740000)
 tenured generation   total 2332800K, used 2298047K [0x00007fd8a1b50000, 0x00007fd930170000, 0x00007fe34c600000)
   the space 2332800K,  98% used [0x00007fd8a1b50000, 0x00007fd92df7fe08, 0x00007fd92df80000, 0x00007fd930170000)
 Metaspace       used 24241K, capacity 24645K, committed 24832K, reserved 26624K
}
Event: 412.686 GC heap after
{Heap after GC invocations=597 (full 2):
 def new generation   total 1049856K, used 61707K [0x00007fd34c600000, 0x00007fd393920000, 0x00007fd8a1b50000)
  eden space 933248K,   0% used [0x00007fd34c600000, 0x00007fd34c600000, 0x00007fd385560000)
  from space 116608K,  52% used [0x00007fd385560000, 0x00007fd3891a2d88, 0x00007fd38c740000)
  to   space 116608K,   0% used [0x00007fd38c740000, 0x00007fd38c740000, 0x00007fd393920000)
 tenured generation   total 2332800K, used 2303349K [0x00007fd8a1b50000, 0x00007fd930170000, 0x00007fe34c600000)
   the space 2332800K,  98% used [0x00007fd8a1b50000, 0x00007fd92e4ad708, 0x00007fd92e4ad800, 0x00007fd930170000)
 Metaspace       used 24241K, capacity 24645K, committed 24832K, reserved 26624K
}
Event: 413.480 GC heap before
{Heap before GC invocations=597 (full 2):
 def new generation   total 1049856K, used 994955K [0x00007fd34c600000, 0x00007fd393920000, 0x00007fd8a1b50000)
  eden space 933248K, 100% used [0x00007fd34c600000, 0x00007fd385560000, 0x00007fd385560000)
  from space 116608K,  52% used [0x00007fd385560000, 0x00007fd3891a2d88, 0x00007fd38c740000)
  to   space 116608K,   0% used [0x00007fd38c740000, 0x00007fd38c740000, 0x00007fd393920000)
 tenured generation   total 2332800K, used 2303349K [0x00007fd8a1b50000, 0x00007fd930170000, 0x00007fe34c600000)
   the space 2332800K,  98% used [0x00007fd8a1b50000, 0x00007fd92e4ad708, 0x00007fd92e4ad800, 0x00007fd930170000)
 Metaspace       used 24241K, capacity 24645K, committed 24832K, reserved 26624K
}
Event: 413.636 GC heap after
{Heap after GC invocations=598 (full 2):
 def new generation   total 1049856K, used 61951K [0x00007fd34c600000, 0x00007fd393920000, 0x00007fd8a1b50000)
  eden space 933248K,   0% used [0x00007fd34c600000, 0x00007fd34c600000, 0x00007fd385560000)
  from space 116608K,  53% used [0x00007fd38c740000, 0x00007fd3903bfc40, 0x00007fd393920000)
  to   space 116608K,   0% used [0x00007fd385560000, 0x00007fd385560000, 0x00007fd38c740000)
 tenured generation   total 2332800K, used 2308461K [0x00007fd8a1b50000, 0x00007fd930170000, 0x00007fe34c600000)
   the space 2332800K,  98% used [0x00007fd8a1b50000, 0x00007fd92e9ab640, 0x00007fd92e9ab800, 0x00007fd930170000)
 Metaspace       used 24241K, capacity 24645K, committed 24832K, reserved 26624K
}
Event: 414.341 GC heap before
{Heap before GC invocations=598 (full 2):
 def new generation   total 1049856K, used 995199K [0x00007fd34c600000, 0x00007fd393920000, 0x00007fd8a1b50000)
  eden space 933248K, 100% used [0x00007fd34c600000, 0x00007fd385560000, 0x00007fd385560000)
  from space 116608K,  53% used [0x00007fd38c740000, 0x00007fd3903bfc40, 0x00007fd393920000)
  to   space 116608K,   0% used [0x00007fd385560000, 0x00007fd385560000, 0x00007fd38c740000)
 tenured generation   total 2332800K, used 2308461K [0x00007fd8a1b50000, 0x00007fd930170000, 0x00007fe34c600000)
   the space 2332800K,  98% used [0x00007fd8a1b50000, 0x00007fd92e9ab640, 0x00007fd92e9ab800, 0x00007fd930170000)
 Metaspace       used 24241K, capacity 24645K, committed 24832K, reserved 26624K
}
Event: 414.489 GC heap after
{Heap after GC invocations=599 (full 2):
 def new generation   total 1049856K, used 62148K [0x00007fd34c600000, 0x00007fd393920000, 0x00007fd8a1b50000)
  eden space 933248K,   0% used [0x00007fd34c600000, 0x00007fd34c600000, 0x00007fd385560000)
  from space 116608K,  53% used [0x00007fd385560000, 0x00007fd3892111c8, 0x00007fd38c740000)
  to   space 116608K,   0% used [0x00007fd38c740000, 0x00007fd38c740000, 0x00007fd393920000)
 tenured generation   total 2332800K, used 2314077K [0x00007fd8a1b50000, 0x00007fd930170000, 0x00007fe34c600000)
   the space 2332800K,  99% used [0x00007fd8a1b50000, 0x00007fd92ef27578, 0x00007fd92ef27600, 0x00007fd930170000)
 Metaspace       used 24241K, capacity 24645K, committed 24832K, reserved 26624K
}
Event: 415.140 GC heap before
{Heap before GC invocations=599 (full 2):
 def new generation   total 1049856K, used 995396K [0x00007fd34c600000, 0x00007fd393920000, 0x00007fd8a1b50000)
  eden space 933248K, 100% used [0x00007fd34c600000, 0x00007fd385560000, 0x00007fd385560000)
  from space 116608K,  53% used [0x00007fd385560000, 0x00007fd3892111c8, 0x00007fd38c740000)
  to   space 116608K,   0% used [0x00007fd38c740000, 0x00007fd38c740000, 0x00007fd393920000)
 tenured generation   total 2332800K, used 2314077K [0x00007fd8a1b50000, 0x00007fd930170000, 0x00007fe34c600000)
   the space 2332800K,  99% used [0x00007fd8a1b50000, 0x00007fd92ef27578, 0x00007fd92ef27600, 0x00007fd930170000)
 Metaspace       used 24241K, capacity 24645K, committed 24832K, reserved 26624K
}
Event: 415.285 GC heap after
{Heap after GC invocations=600 (full 2):
 def new generation   total 1049856K, used 62283K [0x00007fd34c600000, 0x00007fd393920000, 0x00007fd8a1b50000)
  eden space 933248K,   0% used [0x00007fd34c600000, 0x00007fd34c600000, 0x00007fd385560000)
  from space 116608K,  53% used [0x00007fd38c740000, 0x00007fd390412cb0, 0x00007fd393920000)
  to   space 116608K,   0% used [0x00007fd385560000, 0x00007fd385560000, 0x00007fd38c740000)
 tenured generation   total 2332800K, used 2319888K [0x00007fd8a1b50000, 0x00007fd930170000, 0x00007fe34c600000)
   the space 2332800K,  99% used [0x00007fd8a1b50000, 0x00007fd92f4d4350, 0x00007fd92f4d4400, 0x00007fd930170000)
 Metaspace       used 24241K, capacity 24645K, committed 24832K, reserved 26624K
}
Event: 415.940 GC heap before
{Heap before GC invocations=600 (full 2):
 def new generation   total 1049856K, used 995531K [0x00007fd34c600000, 0x00007fd393920000, 0x00007fd8a1b50000)
  eden space 933248K, 100% used [0x00007fd34c600000, 0x00007fd385560000, 0x00007fd385560000)
  from space 116608K,  53% used [0x00007fd38c740000, 0x00007fd390412cb0, 0x00007fd393920000)
  to   space 116608K,   0% used [0x00007fd385560000, 0x00007fd385560000, 0x00007fd38c740000)
 tenured generation   total 2332800K, used 2319888K [0x00007fd8a1b50000, 0x00007fd930170000, 0x00007fe34c600000)
   the space 2332800K,  99% used [0x00007fd8a1b50000, 0x00007fd92f4d4350, 0x00007fd92f4d4400, 0x00007fd930170000)
 Metaspace       used 24241K, capacity 24645K, committed 24832K, reserved 26624K
}
Event: 416.085 GC heap after
{Heap after GC invocations=601 (full 2):
 def new generation   total 1049856K, used 61944K [0x00007fd34c600000, 0x00007fd393920000, 0x00007fd8a1b50000)
  eden space 933248K,   0% used [0x00007fd34c600000, 0x00007fd34c600000, 0x00007fd385560000)
  from space 116608K,  53% used [0x00007fd385560000, 0x00007fd3891de110, 0x00007fd38c740000)
  to   space 116608K,   0% used [0x00007fd38c740000, 0x00007fd38c740000, 0x00007fd393920000)
 tenured generation   total 2332800K, used 2325574K [0x00007fd8a1b50000, 0x00007fd930170000, 0x00007fe34c600000)
   the space 2332800K,  99% used [0x00007fd8a1b50000, 0x00007fd92fa61908, 0x00007fd92fa61a00, 0x00007fd930170000)
 Metaspace       used 24241K, capacity 24645K, committed 24832K, reserved 26624K
}
Event: 416.747 GC heap before
{Heap before GC invocations=601 (full 2):
 def new generation   total 1049856K, used 995192K [0x00007fd34c600000, 0x00007fd393920000, 0x00007fd8a1b50000)
  eden space 933248K, 100% used [0x00007fd34c600000, 0x00007fd385560000, 0x00007fd385560000)
  from space 116608K,  53% used [0x00007fd385560000, 0x00007fd3891de110, 0x00007fd38c740000)
  to   space 116608K,   0% used [0x00007fd38c740000, 0x00007fd38c740000, 0x00007fd393920000)
 tenured generation   total 2332800K, used 2325574K [0x00007fd8a1b50000, 0x00007fd930170000, 0x00007fe34c600000)
   the space 2332800K,  99% used [0x00007fd8a1b50000, 0x00007fd92fa61908, 0x00007fd92fa61a00, 0x00007fd930170000)
 Metaspace       used 24241K, capacity 24645K, committed 24832K, reserved 26624K
}
Event: 416.885 GC heap after
{Heap after GC invocations=602 (full 2):
 def new generation   total 1049856K, used 61779K [0x00007fd34c600000, 0x00007fd393920000, 0x00007fd8a1b50000)
  eden space 933248K,   0% used [0x00007fd34c600000, 0x00007fd34c600000, 0x00007fd385560000)
  from space 116608K,  52% used [0x00007fd38c740000, 0x00007fd390394fc0, 0x00007fd393920000)
  to   space 116608K,   0% used [0x00007fd385560000, 0x00007fd385560000, 0x00007fd38c740000)
 tenured generation   total 2332800K, used 2331006K [0x00007fd8a1b50000, 0x00007fd930170000, 0x00007fe34c600000)
   the space 2332800K,  99% used [0x00007fd8a1b50000, 0x00007fd92ffafb68, 0x00007fd92ffafc00, 0x00007fd930170000)
 Metaspace       used 24241K, capacity 24645K, committed 24832K, reserved 26624K
}
Event: 417.662 GC heap before
{Heap before GC invocations=602 (full 2):
 def new generation   total 1049856K, used 995027K [0x00007fd34c600000, 0x00007fd393920000, 0x00007fd8a1b50000)
  eden space 933248K, 100% used [0x00007fd34c600000, 0x00007fd385560000, 0x00007fd385560000)
  from space 116608K,  52% used [0x00007fd38c740000, 0x00007fd390394fc0, 0x00007fd393920000)
  to   space 116608K,   0% used [0x00007fd385560000, 0x00007fd385560000, 0x00007fd38c740000)
 tenured generation   total 2332800K, used 2331006K [0x00007fd8a1b50000, 0x00007fd930170000, 0x00007fe34c600000)
   the space 2332800K,  99% used [0x00007fd8a1b50000, 0x00007fd92ffafb68, 0x00007fd92ffafc00, 0x00007fd930170000)
 Metaspace       used 24241K, capacity 24645K, committed 24832K, reserved 26624K
}
Event: 417.815 GC heap after
{Heap after GC invocations=603 (full 2):
 def new generation   total 1049856K, used 61961K [0x00007fd34c600000, 0x00007fd393920000, 0x00007fd8a1b50000)
  eden space 933248K,   0% used [0x00007fd34c600000, 0x00007fd34c600000, 0x00007fd385560000)
  from space 116608K,  53% used [0x00007fd385560000, 0x00007fd3891e24e0, 0x00007fd38c740000)
  to   space 116608K,   0% used [0x00007fd38c740000, 0x00007fd38c740000, 0x00007fd393920000)
 tenured generation   total 2336832K, used 2336779K [0x00007fd8a1b50000, 0x00007fd930560000, 0x00007fe34c600000)
   the space 2336832K,  99% used [0x00007fd8a1b50000, 0x00007fd930552dd8, 0x00007fd930552e00, 0x00007fd930560000)
 Metaspace       used 24241K, capacity 24645K, committed 24832K, reserved 26624K
}
Event: 417.815 GC heap before
{Heap before GC invocations=603 (full 2):
 def new generation   total 1049856K, used 61961K [0x00007fd34c600000, 0x00007fd393920000, 0x00007fd8a1b50000)
  eden space 933248K,   0% used [0x00007fd34c600000, 0x00007fd34c600000, 0x00007fd385560000)
  from space 116608K,  53% used [0x00007fd385560000, 0x00007fd3891e24e0, 0x00007fd38c740000)
  to   space 116608K,   0% used [0x00007fd38c740000, 0x00007fd38c740000, 0x00007fd393920000)
 tenured generation   total 2336832K, used 2336779K [0x00007fd8a1b50000, 0x00007fd930560000, 0x00007fe34c600000)
   the space 2336832K,  99% used [0x00007fd8a1b50000, 0x00007fd930552dd8, 0x00007fd930552e00, 0x00007fd930560000)
 Metaspace       used 24241K, capacity 24645K, committed 24832K, reserved 26624K
}

