# JRE version: OpenJDK Runtime Environment (13.0.7+5) (build 13.0.7+5-Ubuntu-0ubuntu120.04)
# Java VM: OpenJDK 64-Bit Server VM (13.0.7+5-Ubuntu-0ubuntu120.04, mixed mode, tiered, serial gc, linux-amd64)
Heap:
 def new generation   total 9170688K, used 0K [0x00007fd5ec600000, 0x00007fd85a4d0000, 0x00007fdb41b50000)
  eden space 8151744K,   0% used [0x00007fd5ec600000, 0x00007fd5ec600000, 0x00007fd7ddeb0000)
  from space 1018944K,   0% used [0x00007fd81c1c0000, 0x00007fd81c1c0000, 0x00007fd85a4d0000)
  to   space 1018944K,   0% used [0x00007fd7ddeb0000, 0x00007fd7ddeb0000, 0x00007fd81c1c0000)
 tenured generation   total 20681720K, used 20487409K [0x00007fdb41b50000, 0x00007fe03004e000, 0x00007fe5ec600000)
   the space 20681720K,  99% used [0x00007fdb41b50000, 0x00007fe02428c740, 0x00007fe02428c800, 0x00007fe03004e000)
 Metaspace       used 30620K, capacity 31038K, committed 31232K, reserved 32768K
GC Heap History (20 events):
Event: 526.119 GC heap after
{Heap after GC invocations=102 (full 5):
 def new generation   total 5158592K, used 573119K [0x00007fd5ec600000, 0x00007fd74a360000, 0x00007fdb41b50000)
  eden space 4585472K,   0% used [0x00007fd5ec600000, 0x00007fd5ec600000, 0x00007fd704400000)
  from space 573120K,  99% used [0x00007fd704400000, 0x00007fd7273afff0, 0x00007fd7273b0000)
  to   space 573120K,   0% used [0x00007fd7273b0000, 0x00007fd7273b0000, 0x00007fd74a360000)
 tenured generation   total 11463316K, used 11262005K [0x00007fdb41b50000, 0x00007fddfd5f5000, 0x00007fe5ec600000)
   the space 11463316K,  98% used [0x00007fdb41b50000, 0x00007fddf115d560, 0x00007fddf115d600, 0x00007fddfd5f5000)
 Metaspace       used 30620K, capacity 31038K, committed 31232K, reserved 32768K
}
Event: 717.582 GC heap before
{Heap before GC invocations=102 (full 5):
 def new generation   total 5158592K, used 5158591K [0x00007fd5ec600000, 0x00007fd74a360000, 0x00007fdb41b50000)
  eden space 4585472K, 100% used [0x00007fd5ec600000, 0x00007fd704400000, 0x00007fd704400000)
  from space 573120K,  99% used [0x00007fd704400000, 0x00007fd7273afff0, 0x00007fd7273b0000)
  to   space 573120K,   0% used [0x00007fd7273b0000, 0x00007fd7273b0000, 0x00007fd74a360000)
 tenured generation   total 11463316K, used 11262005K [0x00007fdb41b50000, 0x00007fddfd5f5000, 0x00007fe5ec600000)
   the space 11463316K,  98% used [0x00007fdb41b50000, 0x00007fddf115d560, 0x00007fddf115d600, 0x00007fddfd5f5000)
 Metaspace       used 30620K, capacity 31038K, committed 31232K, reserved 32768K
}
Event: 719.385 GC heap after
{Heap after GC invocations=103 (full 5):
 def new generation   total 5158592K, used 573120K [0x00007fd5ec600000, 0x00007fd74a360000, 0x00007fdb41b50000)
  eden space 4585472K,   0% used [0x00007fd5ec600000, 0x00007fd5ec600000, 0x00007fd704400000)
  from space 573120K, 100% used [0x00007fd7273b0000, 0x00007fd74a360000, 0x00007fd74a360000)
  to   space 573120K,   0% used [0x00007fd704400000, 0x00007fd704400000, 0x00007fd7273b0000)
 tenured generation   total 12227476K, used 12227361K [0x00007fdb41b50000, 0x00007fde2c035000, 0x00007fe5ec600000)
   the space 12227476K,  99% used [0x00007fdb41b50000, 0x00007fde2c0185c0, 0x00007fde2c018600, 0x00007fde2c035000)
 Metaspace       used 30620K, capacity 31038K, committed 31232K, reserved 32768K
}
Event: 719.385 GC heap before
{Heap before GC invocations=103 (full 5):
 def new generation   total 5158592K, used 573120K [0x00007fd5ec600000, 0x00007fd74a360000, 0x00007fdb41b50000)
  eden space 4585472K,   0% used [0x00007fd5ec600000, 0x00007fd5ec600000, 0x00007fd704400000)
  from space 573120K, 100% used [0x00007fd7273b0000, 0x00007fd74a360000, 0x00007fd74a360000)
  to   space 573120K,   0% used [0x00007fd704400000, 0x00007fd704400000, 0x00007fd7273b0000)
 tenured generation   total 12227476K, used 12227361K [0x00007fdb41b50000, 0x00007fde2c035000, 0x00007fe5ec600000)
   the space 12227476K,  99% used [0x00007fdb41b50000, 0x00007fde2c0185c0, 0x00007fde2c018600, 0x00007fde2c035000)
 Metaspace       used 30620K, capacity 31038K, committed 31232K, reserved 32768K
}
Event: 738.880 GC heap after
{Heap after GC invocations=103 (full 6):
 def new generation   total 9170688K, used 482773K [0x00007fd5ec600000, 0x00007fd85a4d0000, 0x00007fdb41b50000)
  eden space 8151744K,   5% used [0x00007fd5ec600000, 0x00007fd609d75460, 0x00007fd7ddeb0000)
  from space 1018944K,   0% used [0x00007fd7ddeb0000, 0x00007fd7ddeb0000, 0x00007fd81c1c0000)
  to   space 1018944K,   0% used [0x00007fd81c1c0000, 0x00007fd81c1c0000, 0x00007fd85a4d0000)
 tenured generation   total 20379128K, used 12227476K [0x00007fdb41b50000, 0x00007fe01d8ce000, 0x00007fe5ec600000)
   the space 20379128K,  59% used [0x00007fdb41b50000, 0x00007fde2c035000, 0x00007fde2c035000, 0x00007fe01d8ce000)
 Metaspace       used 30620K, capacity 31038K, committed 31232K, reserved 32768K
}
Event: 1030.786 GC heap before
{Heap before GC invocations=103 (full 6):
 def new generation   total 9170688K, used 8151744K [0x00007fd5ec600000, 0x00007fd85a4d0000, 0x00007fdb41b50000)
  eden space 8151744K, 100% used [0x00007fd5ec600000, 0x00007fd7ddeb0000, 0x00007fd7ddeb0000)
  from space 1018944K,   0% used [0x00007fd7ddeb0000, 0x00007fd7ddeb0000, 0x00007fd81c1c0000)
  to   space 1018944K,   0% used [0x00007fd81c1c0000, 0x00007fd81c1c0000, 0x00007fd85a4d0000)
 tenured generation   total 20379128K, used 12227476K [0x00007fdb41b50000, 0x00007fe01d8ce000, 0x00007fe5ec600000)
   the space 20379128K,  59% used [0x00007fdb41b50000, 0x00007fde2c035000, 0x00007fde2c035000, 0x00007fe01d8ce000)
 Metaspace       used 30620K, capacity 31038K, committed 31232K, reserved 32768K
}
Event: 1037.567 GC heap after
{Heap after GC invocations=104 (full 6):
 def new generation   total 9170688K, used 1018943K [0x00007fd5ec600000, 0x00007fd85a4d0000, 0x00007fdb41b50000)
  eden space 8151744K,   0% used [0x00007fd5ec600000, 0x00007fd5ec600000, 0x00007fd7ddeb0000)
  from space 1018944K,  99% used [0x00007fd81c1c0000, 0x00007fd85a4cfff0, 0x00007fd85a4d0000)
  to   space 1018944K,   0% used [0x00007fd7ddeb0000, 0x00007fd7ddeb0000, 0x00007fd81c1c0000)
 tenured generation   total 20379128K, used 13305819K [0x00007fdb41b50000, 0x00007fe01d8ce000, 0x00007fe5ec600000)
   the space 20379128K,  65% used [0x00007fdb41b50000, 0x00007fde6dd46e40, 0x00007fde6dd47000, 0x00007fe01d8ce000)
 Metaspace       used 30620K, capacity 31038K, committed 31232K, reserved 32768K
}
Event: 1324.700 GC heap before
{Heap before GC invocations=104 (full 6):
 def new generation   total 9170688K, used 9170687K [0x00007fd5ec600000, 0x00007fd85a4d0000, 0x00007fdb41b50000)
  eden space 8151744K, 100% used [0x00007fd5ec600000, 0x00007fd7ddeb0000, 0x00007fd7ddeb0000)
  from space 1018944K,  99% used [0x00007fd81c1c0000, 0x00007fd85a4cfff0, 0x00007fd85a4d0000)
  to   space 1018944K,   0% used [0x00007fd7ddeb0000, 0x00007fd7ddeb0000, 0x00007fd81c1c0000)
 tenured generation   total 20379128K, used 13305819K [0x00007fdb41b50000, 0x00007fe01d8ce000, 0x00007fe5ec600000)
   the space 20379128K,  65% used [0x00007fdb41b50000, 0x00007fde6dd46e40, 0x00007fde6dd47000, 0x00007fe01d8ce000)
 Metaspace       used 30620K, capacity 31038K, committed 31232K, reserved 32768K
}
Event: 1329.184 GC heap after
{Heap after GC invocations=105 (full 6):
 def new generation   total 9170688K, used 1018943K [0x00007fd5ec600000, 0x00007fd85a4d0000, 0x00007fdb41b50000)
  eden space 8151744K,   0% used [0x00007fd5ec600000, 0x00007fd5ec600000, 0x00007fd7ddeb0000)
  from space 1018944K,  99% used [0x00007fd7ddeb0000, 0x00007fd81c1bfff0, 0x00007fd81c1c0000)
  to   space 1018944K,   0% used [0x00007fd81c1c0000, 0x00007fd81c1c0000, 0x00007fd85a4d0000)
 tenured generation   total 20379128K, used 15021969K [0x00007fdb41b50000, 0x00007fe01d8ce000, 0x00007fe5ec600000)
   the space 20379128K,  73% used [0x00007fdb41b50000, 0x00007fded69347a0, 0x00007fded6934800, 0x00007fe01d8ce000)
 Metaspace       used 30620K, capacity 31038K, committed 31232K, reserved 32768K
}
Event: 1488.229 GC heap before
{Heap before GC invocations=105 (full 6):
 def new generation   total 9170688K, used 9170687K [0x00007fd5ec600000, 0x00007fd85a4d0000, 0x00007fdb41b50000)
  eden space 8151744K, 100% used [0x00007fd5ec600000, 0x00007fd7ddeb0000, 0x00007fd7ddeb0000)
  from space 1018944K,  99% used [0x00007fd7ddeb0000, 0x00007fd81c1bfff0, 0x00007fd81c1c0000)
  to   space 1018944K,   0% used [0x00007fd81c1c0000, 0x00007fd81c1c0000, 0x00007fd85a4d0000)
 tenured generation   total 20379128K, used 15021969K [0x00007fdb41b50000, 0x00007fe01d8ce000, 0x00007fe5ec600000)
   the space 20379128K,  73% used [0x00007fdb41b50000, 0x00007fded69347a0, 0x00007fded6934800, 0x00007fe01d8ce000)
 Metaspace       used 30620K, capacity 31038K, committed 31232K, reserved 32768K
}
Event: 1491.858 GC heap after
{Heap after GC invocations=106 (full 6):
 def new generation   total 9170688K, used 1018943K [0x00007fd5ec600000, 0x00007fd85a4d0000, 0x00007fdb41b50000)
  eden space 8151744K,   0% used [0x00007fd5ec600000, 0x00007fd5ec600000, 0x00007fd7ddeb0000)
  from space 1018944K,  99% used [0x00007fd81c1c0000, 0x00007fd85a4cfff0, 0x00007fd85a4d0000)
  to   space 1018944K,   0% used [0x00007fd7ddeb0000, 0x00007fd7ddeb0000, 0x00007fd81c1c0000)
 tenured generation   total 20379128K, used 16738120K [0x00007fdb41b50000, 0x00007fe01d8ce000, 0x00007fe5ec600000)
   the space 20379128K,  82% used [0x00007fdb41b50000, 0x00007fdf3f522120, 0x00007fdf3f522200, 0x00007fe01d8ce000)
 Metaspace       used 30620K, capacity 31038K, committed 31232K, reserved 32768K
}
Event: 1573.681 GC heap before
{Heap before GC invocations=106 (full 6):
 def new generation   total 9170688K, used 9170687K [0x00007fd5ec600000, 0x00007fd85a4d0000, 0x00007fdb41b50000)
  eden space 8151744K, 100% used [0x00007fd5ec600000, 0x00007fd7ddeb0000, 0x00007fd7ddeb0000)
  from space 1018944K,  99% used [0x00007fd81c1c0000, 0x00007fd85a4cfff0, 0x00007fd85a4d0000)
  to   space 1018944K,   0% used [0x00007fd7ddeb0000, 0x00007fd7ddeb0000, 0x00007fd81c1c0000)
 tenured generation   total 20379128K, used 16738120K [0x00007fdb41b50000, 0x00007fe01d8ce000, 0x00007fe5ec600000)
   the space 20379128K,  82% used [0x00007fdb41b50000, 0x00007fdf3f522120, 0x00007fdf3f522200, 0x00007fe01d8ce000)
 Metaspace       used 30620K, capacity 31038K, committed 31232K, reserved 32768K
}
Event: 1577.079 GC heap after
{Heap after GC invocations=107 (full 6):
 def new generation   total 9170688K, used 1018943K [0x00007fd5ec600000, 0x00007fd85a4d0000, 0x00007fdb41b50000)
  eden space 8151744K,   0% used [0x00007fd5ec600000, 0x00007fd5ec600000, 0x00007fd7ddeb0000)
  from space 1018944K,  99% used [0x00007fd7ddeb0000, 0x00007fd81c1bfff8, 0x00007fd81c1c0000)
  to   space 1018944K,   0% used [0x00007fd81c1c0000, 0x00007fd81c1c0000, 0x00007fd85a4d0000)
 tenured generation   total 20379128K, used 18441038K [0x00007fdb41b50000, 0x00007fe01d8ce000, 0x00007fe5ec600000)
   the space 20379128K,  90% used [0x00007fdb41b50000, 0x00007fdfa7423ae0, 0x00007fdfa7423c00, 0x00007fe01d8ce000)
 Metaspace       used 30620K, capacity 31038K, committed 31232K, reserved 32768K
}
Event: 1579.251 GC heap before
{Heap before GC invocations=107 (full 6):
 def new generation   total 9170688K, used 9170687K [0x00007fd5ec600000, 0x00007fd85a4d0000, 0x00007fdb41b50000)
  eden space 8151744K, 100% used [0x00007fd5ec600000, 0x00007fd7ddeb0000, 0x00007fd7ddeb0000)
  from space 1018944K,  99% used [0x00007fd7ddeb0000, 0x00007fd81c1bfff8, 0x00007fd81c1c0000)
  to   space 1018944K,   0% used [0x00007fd81c1c0000, 0x00007fd81c1c0000, 0x00007fd85a4d0000)
 tenured generation   total 20379128K, used 18441038K [0x00007fdb41b50000, 0x00007fe01d8ce000, 0x00007fe5ec600000)
   the space 20379128K,  90% used [0x00007fdb41b50000, 0x00007fdfa7423ae0, 0x00007fdfa7423c00, 0x00007fe01d8ce000)
 Metaspace       used 30620K, capacity 31038K, committed 31232K, reserved 32768K
}
Event: 1581.232 GC heap after
{Heap after GC invocations=108 (full 6):
 def new generation   total 9170688K, used 608522K [0x00007fd5ec600000, 0x00007fd85a4d0000, 0x00007fdb41b50000)
  eden space 8151744K,   0% used [0x00007fd5ec600000, 0x00007fd5ec600000, 0x00007fd7ddeb0000)
  from space 1018944K,  59% used [0x00007fd81c1c0000, 0x00007fd841402840, 0x00007fd85a4d0000)
  to   space 1018944K,   0% used [0x00007fd7ddeb0000, 0x00007fd7ddeb0000, 0x00007fd81c1c0000)
 tenured generation   total 20379128K, used 19459981K [0x00007fdb41b50000, 0x00007fe01d8ce000, 0x00007fe5ec600000)
   the space 20379128K,  95% used [0x00007fdb41b50000, 0x00007fdfe57336d8, 0x00007fdfe5733800, 0x00007fe01d8ce000)
 Metaspace       used 30620K, capacity 31038K, committed 31232K, reserved 32768K
}
Event: 1583.283 GC heap before
{Heap before GC invocations=108 (full 6):
 def new generation   total 9170688K, used 8760266K [0x00007fd5ec600000, 0x00007fd85a4d0000, 0x00007fdb41b50000)
  eden space 8151744K, 100% used [0x00007fd5ec600000, 0x00007fd7ddeb0000, 0x00007fd7ddeb0000)
  from space 1018944K,  59% used [0x00007fd81c1c0000, 0x00007fd841402840, 0x00007fd85a4d0000)
  to   space 1018944K,   0% used [0x00007fd7ddeb0000, 0x00007fd7ddeb0000, 0x00007fd81c1c0000)
 tenured generation   total 20379128K, used 19459981K [0x00007fdb41b50000, 0x00007fe01d8ce000, 0x00007fe5ec600000)
   the space 20379128K,  95% used [0x00007fdb41b50000, 0x00007fdfe57336d8, 0x00007fdfe5733800, 0x00007fe01d8ce000)
 Metaspace       used 30620K, capacity 31038K, committed 31232K, reserved 32768K
}
Event: 1584.887 GC heap after
{Heap after GC invocations=109 (full 6):
 def new generation   total 9170688K, used 613041K [0x00007fd5ec600000, 0x00007fd85a4d0000, 0x00007fdb41b50000)
  eden space 8151744K,   0% used [0x00007fd5ec600000, 0x00007fd5ec600000, 0x00007fd7ddeb0000)
  from space 1018944K,  60% used [0x00007fd7ddeb0000, 0x00007fd80355c570, 0x00007fd81c1c0000)
  to   space 1018944K,   0% used [0x00007fd81c1c0000, 0x00007fd81c1c0000, 0x00007fd85a4d0000)
 tenured generation   total 20379128K, used 20068502K [0x00007fdb41b50000, 0x00007fe01d8ce000, 0x00007fe5ec600000)
   the space 20379128K,  98% used [0x00007fdb41b50000, 0x00007fe00a975b08, 0x00007fe00a975c00, 0x00007fe01d8ce000)
 Metaspace       used 30620K, capacity 31038K, committed 31232K, reserved 32768K
}
Event: 1586.942 GC heap before
{Heap before GC invocations=109 (full 6):
 def new generation   total 9170688K, used 8764785K [0x00007fd5ec600000, 0x00007fd85a4d0000, 0x00007fdb41b50000)
  eden space 8151744K, 100% used [0x00007fd5ec600000, 0x00007fd7ddeb0000, 0x00007fd7ddeb0000)
  from space 1018944K,  60% used [0x00007fd7ddeb0000, 0x00007fd80355c570, 0x00007fd81c1c0000)
  to   space 1018944K,   0% used [0x00007fd81c1c0000, 0x00007fd81c1c0000, 0x00007fd85a4d0000)
 tenured generation   total 20379128K, used 20068502K [0x00007fdb41b50000, 0x00007fe01d8ce000, 0x00007fe5ec600000)
   the space 20379128K,  98% used [0x00007fdb41b50000, 0x00007fe00a975b08, 0x00007fe00a975c00, 0x00007fe01d8ce000)
 Metaspace       used 30620K, capacity 31038K, committed 31232K, reserved 32768K
}
Event: 1588.580 GC heap after
{Heap after GC invocations=110 (full 6):
 def new generation   total 9170688K, used 611236K [0x00007fd5ec600000, 0x00007fd85a4d0000, 0x00007fdb41b50000)
  eden space 8151744K,   0% used [0x00007fd5ec600000, 0x00007fd5ec600000, 0x00007fd7ddeb0000)
  from space 1018944K,  59% used [0x00007fd81c1c0000, 0x00007fd8416a9370, 0x00007fd85a4d0000)
  to   space 1018944K,   0% used [0x00007fd7ddeb0000, 0x00007fd7ddeb0000, 0x00007fd81c1c0000)
 tenured generation   total 20681720K, used 20681543K [0x00007fdb41b50000, 0x00007fe03004e000, 0x00007fe5ec600000)
   the space 20681720K,  99% used [0x00007fdb41b50000, 0x00007fe030021cc8, 0x00007fe030021e00, 0x00007fe03004e000)
 Metaspace       used 30620K, capacity 31038K, committed 31232K, reserved 32768K
}
Event: 1588.580 GC heap before
{Heap before GC invocations=110 (full 6):
 def new generation   total 9170688K, used 611236K [0x00007fd5ec600000, 0x00007fd85a4d0000, 0x00007fdb41b50000)
  eden space 8151744K,   0% used [0x00007fd5ec600000, 0x00007fd5ec600000, 0x00007fd7ddeb0000)
  from space 1018944K,  59% used [0x00007fd81c1c0000, 0x00007fd8416a9370, 0x00007fd85a4d0000)
  to   space 1018944K,   0% used [0x00007fd7ddeb0000, 0x00007fd7ddeb0000, 0x00007fd81c1c0000)
 tenured generation   total 20681720K, used 20681543K [0x00007fdb41b50000, 0x00007fe03004e000, 0x00007fe5ec600000)
   the space 20681720K,  99% used [0x00007fdb41b50000, 0x00007fe030021cc8, 0x00007fe030021e00, 0x00007fe03004e000)
 Metaspace       used 30620K, capacity 31038K, committed 31232K, reserved 32768K
}

