# JRE version: OpenJDK Runtime Environment (13.0.7+5) (build 13.0.7+5-Ubuntu-0ubuntu120.04)
# Java VM: OpenJDK 64-Bit Server VM (13.0.7+5-Ubuntu-0ubuntu120.04, mixed mode, tiered, serial gc, linux-amd64)
Heap:
 def new generation   total 2922176K, used 74219K [0x00007f500c400000, 0x00007f50d26c0000, 0x00007f5561950000)
  eden space 2597504K,   2% used [0x00007f500c400000, 0x00007f5010c7aca0, 0x00007f50aaca0000)
  from space 324672K,   0% used [0x00007f50aaca0000, 0x00007f50aaca0000, 0x00007f50be9b0000)
  to   space 324672K,   0% used [0x00007f50be9b0000, 0x00007f50be9b0000, 0x00007f50d26c0000)
 tenured generation   total 6499548K, used 6499547K [0x00007f5561950000, 0x00007f56ee487000, 0x00007f600c400000)
   the space 6499548K,  99% used [0x00007f5561950000, 0x00007f56ee486ff8, 0x00007f56ee487000, 0x00007f56ee487000)
 Metaspace       used 24381K, capacity 24853K, committed 25088K, reserved 26624K
GC Heap History (20 events):
Event: 2651.779 GC heap after
{Heap after GC invocations=2095 (full 4):
 def new generation   total 2922176K, used 102512K [0x00007f500c400000, 0x00007f50d26c0000, 0x00007f5561950000)
  eden space 2597504K,   0% used [0x00007f500c400000, 0x00007f500c400000, 0x00007f50aaca0000)
  from space 324672K,  31% used [0x00007f50be9b0000, 0x00007f50c4dcc198, 0x00007f50d26c0000)
  to   space 324672K,   0% used [0x00007f50aaca0000, 0x00007f50aaca0000, 0x00007f50be9b0000)
 tenured generation   total 6493596K, used 6424521K [0x00007f5561950000, 0x00007f56edeb7000, 0x00007f600c400000)
   the space 6493596K,  98% used [0x00007f5561950000, 0x00007f56e9b426d8, 0x00007f56e9b42800, 0x00007f56edeb7000)
 Metaspace       used 24381K, capacity 24853K, committed 25088K, reserved 26624K
}
Event: 2654.166 GC heap before
{Heap before GC invocations=2095 (full 4):
 def new generation   total 2922176K, used 2700016K [0x00007f500c400000, 0x00007f50d26c0000, 0x00007f5561950000)
  eden space 2597504K, 100% used [0x00007f500c400000, 0x00007f50aaca0000, 0x00007f50aaca0000)
  from space 324672K,  31% used [0x00007f50be9b0000, 0x00007f50c4dcc198, 0x00007f50d26c0000)
  to   space 324672K,   0% used [0x00007f50aaca0000, 0x00007f50aaca0000, 0x00007f50be9b0000)
 tenured generation   total 6493596K, used 6424521K [0x00007f5561950000, 0x00007f56edeb7000, 0x00007f600c400000)
   the space 6493596K,  98% used [0x00007f5561950000, 0x00007f56e9b426d8, 0x00007f56e9b42800, 0x00007f56edeb7000)
 Metaspace       used 24381K, capacity 24853K, committed 25088K, reserved 26624K
}
Event: 2654.397 GC heap after
{Heap after GC invocations=2096 (full 4):
 def new generation   total 2922176K, used 105748K [0x00007f500c400000, 0x00007f50d26c0000, 0x00007f5561950000)
  eden space 2597504K,   0% used [0x00007f500c400000, 0x00007f500c400000, 0x00007f50aaca0000)
  from space 324672K,  32% used [0x00007f50aaca0000, 0x00007f50b13e51d0, 0x00007f50be9b0000)
  to   space 324672K,   0% used [0x00007f50be9b0000, 0x00007f50be9b0000, 0x00007f50d26c0000)
 tenured generation   total 6493596K, used 6427983K [0x00007f5561950000, 0x00007f56edeb7000, 0x00007f600c400000)
   the space 6493596K,  98% used [0x00007f5561950000, 0x00007f56e9ea3ce0, 0x00007f56e9ea3e00, 0x00007f56edeb7000)
 Metaspace       used 24381K, capacity 24853K, committed 25088K, reserved 26624K
}
Event: 2656.726 GC heap before
{Heap before GC invocations=2096 (full 4):
 def new generation   total 2922176K, used 2703252K [0x00007f500c400000, 0x00007f50d26c0000, 0x00007f5561950000)
  eden space 2597504K, 100% used [0x00007f500c400000, 0x00007f50aaca0000, 0x00007f50aaca0000)
  from space 324672K,  32% used [0x00007f50aaca0000, 0x00007f50b13e51d0, 0x00007f50be9b0000)
  to   space 324672K,   0% used [0x00007f50be9b0000, 0x00007f50be9b0000, 0x00007f50d26c0000)
 tenured generation   total 6493596K, used 6427983K [0x00007f5561950000, 0x00007f56edeb7000, 0x00007f600c400000)
   the space 6493596K,  98% used [0x00007f5561950000, 0x00007f56e9ea3ce0, 0x00007f56e9ea3e00, 0x00007f56edeb7000)
 Metaspace       used 24381K, capacity 24853K, committed 25088K, reserved 26624K
}
Event: 2656.970 GC heap after
{Heap after GC invocations=2097 (full 4):
 def new generation   total 2922176K, used 109744K [0x00007f500c400000, 0x00007f50d26c0000, 0x00007f5561950000)
  eden space 2597504K,   0% used [0x00007f500c400000, 0x00007f500c400000, 0x00007f50aaca0000)
  from space 324672K,  33% used [0x00007f50be9b0000, 0x00007f50c54dc208, 0x00007f50d26c0000)
  to   space 324672K,   0% used [0x00007f50aaca0000, 0x00007f50aaca0000, 0x00007f50be9b0000)
 tenured generation   total 6493596K, used 6431417K [0x00007f5561950000, 0x00007f56edeb7000, 0x00007f600c400000)
   the space 6493596K,  99% used [0x00007f5561950000, 0x00007f56ea1fe598, 0x00007f56ea1fe600, 0x00007f56edeb7000)
 Metaspace       used 24381K, capacity 24853K, committed 25088K, reserved 26624K
}
Event: 2659.370 GC heap before
{Heap before GC invocations=2097 (full 4):
 def new generation   total 2922176K, used 2707248K [0x00007f500c400000, 0x00007f50d26c0000, 0x00007f5561950000)
  eden space 2597504K, 100% used [0x00007f500c400000, 0x00007f50aaca0000, 0x00007f50aaca0000)
  from space 324672K,  33% used [0x00007f50be9b0000, 0x00007f50c54dc208, 0x00007f50d26c0000)
  to   space 324672K,   0% used [0x00007f50aaca0000, 0x00007f50aaca0000, 0x00007f50be9b0000)
 tenured generation   total 6493596K, used 6431417K [0x00007f5561950000, 0x00007f56edeb7000, 0x00007f600c400000)
   the space 6493596K,  99% used [0x00007f5561950000, 0x00007f56ea1fe598, 0x00007f56ea1fe600, 0x00007f56edeb7000)
 Metaspace       used 24381K, capacity 24853K, committed 25088K, reserved 26624K
}
Event: 2659.597 GC heap after
{Heap after GC invocations=2098 (full 4):
 def new generation   total 2922176K, used 112970K [0x00007f500c400000, 0x00007f50d26c0000, 0x00007f5561950000)
  eden space 2597504K,   0% used [0x00007f500c400000, 0x00007f500c400000, 0x00007f50aaca0000)
  from space 324672K,  34% used [0x00007f50aaca0000, 0x00007f50b1af28d8, 0x00007f50be9b0000)
  to   space 324672K,   0% used [0x00007f50be9b0000, 0x00007f50be9b0000, 0x00007f50d26c0000)
 tenured generation   total 6493596K, used 6435696K [0x00007f5561950000, 0x00007f56edeb7000, 0x00007f600c400000)
   the space 6493596K,  99% used [0x00007f5561950000, 0x00007f56ea62c090, 0x00007f56ea62c200, 0x00007f56edeb7000)
 Metaspace       used 24381K, capacity 24853K, committed 25088K, reserved 26624K
}
Event: 2662.113 GC heap before
{Heap before GC invocations=2098 (full 4):
 def new generation   total 2922176K, used 2710474K [0x00007f500c400000, 0x00007f50d26c0000, 0x00007f5561950000)
  eden space 2597504K, 100% used [0x00007f500c400000, 0x00007f50aaca0000, 0x00007f50aaca0000)
  from space 324672K,  34% used [0x00007f50aaca0000, 0x00007f50b1af28d8, 0x00007f50be9b0000)
  to   space 324672K,   0% used [0x00007f50be9b0000, 0x00007f50be9b0000, 0x00007f50d26c0000)
 tenured generation   total 6493596K, used 6435696K [0x00007f5561950000, 0x00007f56edeb7000, 0x00007f600c400000)
   the space 6493596K,  99% used [0x00007f5561950000, 0x00007f56ea62c090, 0x00007f56ea62c200, 0x00007f56edeb7000)
 Metaspace       used 24381K, capacity 24853K, committed 25088K, reserved 26624K
}
Event: 2662.365 GC heap after
{Heap after GC invocations=2099 (full 4):
 def new generation   total 2922176K, used 109947K [0x00007f500c400000, 0x00007f50d26c0000, 0x00007f5561950000)
  eden space 2597504K,   0% used [0x00007f500c400000, 0x00007f500c400000, 0x00007f50aaca0000)
  from space 324672K,  33% used [0x00007f50be9b0000, 0x00007f50c550ef38, 0x00007f50d26c0000)
  to   space 324672K,   0% used [0x00007f50aaca0000, 0x00007f50aaca0000, 0x00007f50be9b0000)
 tenured generation   total 6493596K, used 6445062K [0x00007f5561950000, 0x00007f56edeb7000, 0x00007f600c400000)
   the space 6493596K,  99% used [0x00007f5561950000, 0x00007f56eaf51ba0, 0x00007f56eaf51c00, 0x00007f56edeb7000)
 Metaspace       used 24381K, capacity 24853K, committed 25088K, reserved 26624K
}
Event: 2664.776 GC heap before
{Heap before GC invocations=2099 (full 4):
 def new generation   total 2922176K, used 2707451K [0x00007f500c400000, 0x00007f50d26c0000, 0x00007f5561950000)
  eden space 2597504K, 100% used [0x00007f500c400000, 0x00007f50aaca0000, 0x00007f50aaca0000)
  from space 324672K,  33% used [0x00007f50be9b0000, 0x00007f50c550ef38, 0x00007f50d26c0000)
  to   space 324672K,   0% used [0x00007f50aaca0000, 0x00007f50aaca0000, 0x00007f50be9b0000)
 tenured generation   total 6493596K, used 6445062K [0x00007f5561950000, 0x00007f56edeb7000, 0x00007f600c400000)
   the space 6493596K,  99% used [0x00007f5561950000, 0x00007f56eaf51ba0, 0x00007f56eaf51c00, 0x00007f56edeb7000)
 Metaspace       used 24381K, capacity 24853K, committed 25088K, reserved 26624K
}
Event: 2665.014 GC heap after
{Heap after GC invocations=2100 (full 4):
 def new generation   total 2922176K, used 101274K [0x00007f500c400000, 0x00007f50d26c0000, 0x00007f5561950000)
  eden space 2597504K,   0% used [0x00007f500c400000, 0x00007f500c400000, 0x00007f50aaca0000)
  from space 324672K,  31% used [0x00007f50aaca0000, 0x00007f50b0f86bf0, 0x00007f50be9b0000)
  to   space 324672K,   0% used [0x00007f50be9b0000, 0x00007f50be9b0000, 0x00007f50d26c0000)
 tenured generation   total 6493596K, used 6457185K [0x00007f5561950000, 0x00007f56edeb7000, 0x00007f600c400000)
   the space 6493596K,  99% used [0x00007f5561950000, 0x00007f56ebb287b0, 0x00007f56ebb28800, 0x00007f56edeb7000)
 Metaspace       used 24381K, capacity 24853K, committed 25088K, reserved 26624K
}
Event: 2667.537 GC heap before
{Heap before GC invocations=2100 (full 4):
 def new generation   total 2922176K, used 2698778K [0x00007f500c400000, 0x00007f50d26c0000, 0x00007f5561950000)
  eden space 2597504K, 100% used [0x00007f500c400000, 0x00007f50aaca0000, 0x00007f50aaca0000)
  from space 324672K,  31% used [0x00007f50aaca0000, 0x00007f50b0f86bf0, 0x00007f50be9b0000)
  to   space 324672K,   0% used [0x00007f50be9b0000, 0x00007f50be9b0000, 0x00007f50d26c0000)
 tenured generation   total 6493596K, used 6457185K [0x00007f5561950000, 0x00007f56edeb7000, 0x00007f600c400000)
   the space 6493596K,  99% used [0x00007f5561950000, 0x00007f56ebb287b0, 0x00007f56ebb28800, 0x00007f56edeb7000)
 Metaspace       used 24381K, capacity 24853K, committed 25088K, reserved 26624K
}
Event: 2667.743 GC heap after
{Heap after GC invocations=2101 (full 4):
 def new generation   total 2922176K, used 91623K [0x00007f500c400000, 0x00007f50d26c0000, 0x00007f5561950000)
  eden space 2597504K,   0% used [0x00007f500c400000, 0x00007f500c400000, 0x00007f50aaca0000)
  from space 324672K,  28% used [0x00007f50be9b0000, 0x00007f50c4329cb0, 0x00007f50d26c0000)
  to   space 324672K,   0% used [0x00007f50aaca0000, 0x00007f50aaca0000, 0x00007f50be9b0000)
 tenured generation   total 6493596K, used 6470247K [0x00007f5561950000, 0x00007f56edeb7000, 0x00007f600c400000)
   the space 6493596K,  99% used [0x00007f5561950000, 0x00007f56ec7e9dc8, 0x00007f56ec7e9e00, 0x00007f56edeb7000)
 Metaspace       used 24381K, capacity 24853K, committed 25088K, reserved 26624K
}
Event: 2670.123 GC heap before
{Heap before GC invocations=2101 (full 4):
 def new generation   total 2922176K, used 2689127K [0x00007f500c400000, 0x00007f50d26c0000, 0x00007f5561950000)
  eden space 2597504K, 100% used [0x00007f500c400000, 0x00007f50aaca0000, 0x00007f50aaca0000)
  from space 324672K,  28% used [0x00007f50be9b0000, 0x00007f50c4329cb0, 0x00007f50d26c0000)
  to   space 324672K,   0% used [0x00007f50aaca0000, 0x00007f50aaca0000, 0x00007f50be9b0000)
 tenured generation   total 6493596K, used 6470247K [0x00007f5561950000, 0x00007f56edeb7000, 0x00007f600c400000)
   the space 6493596K,  99% used [0x00007f5561950000, 0x00007f56ec7e9dc8, 0x00007f56ec7e9e00, 0x00007f56edeb7000)
 Metaspace       used 24381K, capacity 24853K, committed 25088K, reserved 26624K
}
Event: 2670.306 GC heap after
{Heap after GC invocations=2102 (full 4):
 def new generation   total 2922176K, used 86408K [0x00007f500c400000, 0x00007f50d26c0000, 0x00007f5561950000)
  eden space 2597504K,   0% used [0x00007f500c400000, 0x00007f500c400000, 0x00007f50aaca0000)
  from space 324672K,  26% used [0x00007f50aaca0000, 0x00007f50b0102038, 0x00007f50be9b0000)
  to   space 324672K,   0% used [0x00007f50be9b0000, 0x00007f50be9b0000, 0x00007f50d26c0000)
 tenured generation   total 6493596K, used 6478978K [0x00007f5561950000, 0x00007f56edeb7000, 0x00007f600c400000)
   the space 6493596K,  99% used [0x00007f5561950000, 0x00007f56ed070a10, 0x00007f56ed070c00, 0x00007f56edeb7000)
 Metaspace       used 24381K, capacity 24853K, committed 25088K, reserved 26624K
}
Event: 2672.704 GC heap before
{Heap before GC invocations=2102 (full 4):
 def new generation   total 2922176K, used 2683912K [0x00007f500c400000, 0x00007f50d26c0000, 0x00007f5561950000)
  eden space 2597504K, 100% used [0x00007f500c400000, 0x00007f50aaca0000, 0x00007f50aaca0000)
  from space 324672K,  26% used [0x00007f50aaca0000, 0x00007f50b0102038, 0x00007f50be9b0000)
  to   space 324672K,   0% used [0x00007f50be9b0000, 0x00007f50be9b0000, 0x00007f50d26c0000)
 tenured generation   total 6493596K, used 6478978K [0x00007f5561950000, 0x00007f56edeb7000, 0x00007f600c400000)
   the space 6493596K,  99% used [0x00007f5561950000, 0x00007f56ed070a10, 0x00007f56ed070c00, 0x00007f56edeb7000)
 Metaspace       used 24381K, capacity 24853K, committed 25088K, reserved 26624K
}
Event: 2672.891 GC heap after
{Heap after GC invocations=2103 (full 4):
 def new generation   total 2922176K, used 80694K [0x00007f500c400000, 0x00007f50d26c0000, 0x00007f5561950000)
  eden space 2597504K,   0% used [0x00007f500c400000, 0x00007f500c400000, 0x00007f50aaca0000)
  from space 324672K,  24% used [0x00007f50be9b0000, 0x00007f50c387d808, 0x00007f50d26c0000)
  to   space 324672K,   0% used [0x00007f50aaca0000, 0x00007f50aaca0000, 0x00007f50be9b0000)
 tenured generation   total 6493596K, used 6488494K [0x00007f5561950000, 0x00007f56edeb7000, 0x00007f600c400000)
   the space 6493596K,  99% used [0x00007f5561950000, 0x00007f56ed9bb8a8, 0x00007f56ed9bba00, 0x00007f56edeb7000)
 Metaspace       used 24381K, capacity 24853K, committed 25088K, reserved 26624K
}
Event: 2675.281 GC heap before
{Heap before GC invocations=2103 (full 4):
 def new generation   total 2922176K, used 2678198K [0x00007f500c400000, 0x00007f50d26c0000, 0x00007f5561950000)
  eden space 2597504K, 100% used [0x00007f500c400000, 0x00007f50aaca0000, 0x00007f50aaca0000)
  from space 324672K,  24% used [0x00007f50be9b0000, 0x00007f50c387d808, 0x00007f50d26c0000)
  to   space 324672K,   0% used [0x00007f50aaca0000, 0x00007f50aaca0000, 0x00007f50be9b0000)
 tenured generation   total 6493596K, used 6488494K [0x00007f5561950000, 0x00007f56edeb7000, 0x00007f600c400000)
   the space 6493596K,  99% used [0x00007f5561950000, 0x00007f56ed9bb8a8, 0x00007f56ed9bba00, 0x00007f56edeb7000)
 Metaspace       used 24381K, capacity 24853K, committed 25088K, reserved 26624K
}
Event: 2675.469 GC heap after
{Heap after GC invocations=2104 (full 4):
 def new generation   total 2922176K, used 74300K [0x00007f500c400000, 0x00007f50d26c0000, 0x00007f5561950000)
  eden space 2597504K,   0% used [0x00007f500c400000, 0x00007f500c400000, 0x00007f50aaca0000)
  from space 324672K,  22% used [0x00007f50aaca0000, 0x00007f50af52f180, 0x00007f50be9b0000)
  to   space 324672K,   0% used [0x00007f50be9b0000, 0x00007f50be9b0000, 0x00007f50d26c0000)
 tenured generation   total 6499548K, used 6499466K [0x00007f5561950000, 0x00007f56ee487000, 0x00007f600c400000)
   the space 6499548K,  99% used [0x00007f5561950000, 0x00007f56ee472b18, 0x00007f56ee472c00, 0x00007f56ee487000)
 Metaspace       used 24381K, capacity 24853K, committed 25088K, reserved 26624K
}
Event: 2675.469 GC heap before
{Heap before GC invocations=2104 (full 4):
 def new generation   total 2922176K, used 74300K [0x00007f500c400000, 0x00007f50d26c0000, 0x00007f5561950000)
  eden space 2597504K,   0% used [0x00007f500c400000, 0x00007f500c400000, 0x00007f50aaca0000)
  from space 324672K,  22% used [0x00007f50aaca0000, 0x00007f50af52f180, 0x00007f50be9b0000)
  to   space 324672K,   0% used [0x00007f50be9b0000, 0x00007f50be9b0000, 0x00007f50d26c0000)
 tenured generation   total 6499548K, used 6499466K [0x00007f5561950000, 0x00007f56ee487000, 0x00007f600c400000)
   the space 6499548K,  99% used [0x00007f5561950000, 0x00007f56ee472b18, 0x00007f56ee472c00, 0x00007f56ee487000)
 Metaspace       used 24381K, capacity 24853K, committed 25088K, reserved 26624K
}

