# JRE version: OpenJDK Runtime Environment (13.0.7+5) (build 13.0.7+5-Ubuntu-0ubuntu120.04)
# Java VM: OpenJDK 64-Bit Server VM (13.0.7+5-Ubuntu-0ubuntu120.04, mixed mode, tiered, compressed oops, serial gc, linux-amd64)
Heap:
 def new generation   total 2320704K, used 0K [0x0000000080200000, 0x000000011d820000, 0x0000000300150000)
  eden space 2062848K,   0% used [0x0000000080200000, 0x0000000080200000, 0x00000000fe080000)
  from space 257856K,   0% used [0x00000000fe080000, 0x00000000fe080000, 0x000000010dc50000)
  to   space 257856K,   0% used [0x000000010dc50000, 0x000000010dc50000, 0x000000011d820000)
 tenured generation   total 5289436K, used 3827236K [0x0000000300150000, 0x0000000442ec7000, 0x0000000800000000)
   the space 5289436K,  72% used [0x0000000300150000, 0x00000003e9ad9380, 0x00000003e9ad9400, 0x0000000442ec7000)
 Metaspace       used 22696K, capacity 23232K, committed 23424K, reserved 1071104K
  class space    used 2351K, capacity 2568K, committed 2688K, reserved 1048576K
GC Heap History (20 events):
Event: 892.464 GC heap after
{Heap after GC invocations=794 (full 25):
 def new generation   total 2320704K, used 237832K [0x0000000080200000, 0x000000011d820000, 0x0000000300150000)
  eden space 2062848K,   0% used [0x0000000080200000, 0x0000000080200000, 0x00000000fe080000)
  from space 257856K,  92% used [0x000000010dc50000, 0x000000011c4923a8, 0x000000011d820000)
  to   space 257856K,   0% used [0x00000000fe080000, 0x00000000fe080000, 0x000000010dc50000)
 tenured generation   total 5157072K, used 5045726K [0x0000000300150000, 0x000000043ad84000, 0x0000000800000000)
   the space 5157072K,  97% used [0x0000000300150000, 0x00000004340c79c8, 0x00000004340c7a00, 0x000000043ad84000)
 Metaspace       used 22696K, capacity 23232K, committed 23424K, reserved 1071104K
  class space    used 2351K, capacity 2568K, committed 2688K, reserved 1048576K
}
Event: 893.931 GC heap before
{Heap before GC invocations=794 (full 25):
 def new generation   total 2320704K, used 2300680K [0x0000000080200000, 0x000000011d820000, 0x0000000300150000)
  eden space 2062848K, 100% used [0x0000000080200000, 0x00000000fe080000, 0x00000000fe080000)
  from space 257856K,  92% used [0x000000010dc50000, 0x000000011c4923a8, 0x000000011d820000)
  to   space 257856K,   0% used [0x00000000fe080000, 0x00000000fe080000, 0x000000010dc50000)
 tenured generation   total 5157072K, used 5045726K [0x0000000300150000, 0x000000043ad84000, 0x0000000800000000)
   the space 5157072K,  97% used [0x0000000300150000, 0x00000004340c79c8, 0x00000004340c7a00, 0x000000043ad84000)
 Metaspace       used 22696K, capacity 23232K, committed 23424K, reserved 1071104K
  class space    used 2351K, capacity 2568K, committed 2688K, reserved 1048576K
}
Event: 894.000 GC heap after
{Heap after GC invocations=795 (full 25):
 def new generation   total 2320704K, used 126612K [0x0000000080200000, 0x000000011d820000, 0x0000000300150000)
  eden space 2062848K,   0% used [0x0000000080200000, 0x0000000080200000, 0x00000000fe080000)
  from space 257856K,  49% used [0x00000000fe080000, 0x0000000105c25068, 0x000000010dc50000)
  to   space 257856K,   0% used [0x000000010dc50000, 0x000000010dc50000, 0x000000011d820000)
 tenured generation   total 5157072K, used 5045728K [0x0000000300150000, 0x000000043ad84000, 0x0000000800000000)
   the space 5157072K,  97% used [0x0000000300150000, 0x00000004340c8348, 0x00000004340c8400, 0x000000043ad84000)
 Metaspace       used 22696K, capacity 23232K, committed 23424K, reserved 1071104K
  class space    used 2351K, capacity 2568K, committed 2688K, reserved 1048576K
}
Event: 895.443 GC heap before
{Heap before GC invocations=795 (full 25):
 def new generation   total 2320704K, used 2189460K [0x0000000080200000, 0x000000011d820000, 0x0000000300150000)
  eden space 2062848K, 100% used [0x0000000080200000, 0x00000000fe080000, 0x00000000fe080000)
  from space 257856K,  49% used [0x00000000fe080000, 0x0000000105c25068, 0x000000010dc50000)
  to   space 257856K,   0% used [0x000000010dc50000, 0x000000010dc50000, 0x000000011d820000)
 tenured generation   total 5157072K, used 5045728K [0x0000000300150000, 0x000000043ad84000, 0x0000000800000000)
   the space 5157072K,  97% used [0x0000000300150000, 0x00000004340c8348, 0x00000004340c8400, 0x000000043ad84000)
 Metaspace       used 22696K, capacity 23232K, committed 23424K, reserved 1071104K
  class space    used 2351K, capacity 2568K, committed 2688K, reserved 1048576K
}
Event: 895.584 GC heap after
{Heap after GC invocations=796 (full 25):
 def new generation   total 2320704K, used 245774K [0x0000000080200000, 0x000000011d820000, 0x0000000300150000)
  eden space 2062848K,   0% used [0x0000000080200000, 0x0000000080200000, 0x00000000fe080000)
  from space 257856K,  95% used [0x000000010dc50000, 0x000000011cc53b98, 0x000000011d820000)
  to   space 257856K,   0% used [0x00000000fe080000, 0x00000000fe080000, 0x000000010dc50000)
 tenured generation   total 5157072K, used 5045728K [0x0000000300150000, 0x000000043ad84000, 0x0000000800000000)
   the space 5157072K,  97% used [0x0000000300150000, 0x00000004340c8348, 0x00000004340c8400, 0x000000043ad84000)
 Metaspace       used 22696K, capacity 23232K, committed 23424K, reserved 1071104K
  class space    used 2351K, capacity 2568K, committed 2688K, reserved 1048576K
}
Event: 897.044 GC heap before
{Heap before GC invocations=796 (full 25):
 def new generation   total 2320704K, used 2308622K [0x0000000080200000, 0x000000011d820000, 0x0000000300150000)
  eden space 2062848K, 100% used [0x0000000080200000, 0x00000000fe080000, 0x00000000fe080000)
  from space 257856K,  95% used [0x000000010dc50000, 0x000000011cc53b98, 0x000000011d820000)
  to   space 257856K,   0% used [0x00000000fe080000, 0x00000000fe080000, 0x000000010dc50000)
 tenured generation   total 5157072K, used 5045728K [0x0000000300150000, 0x000000043ad84000, 0x0000000800000000)
   the space 5157072K,  97% used [0x0000000300150000, 0x00000004340c8348, 0x00000004340c8400, 0x000000043ad84000)
 Metaspace       used 22696K, capacity 23232K, committed 23424K, reserved 1071104K
  class space    used 2351K, capacity 2568K, committed 2688K, reserved 1048576K
}
Event: 897.101 GC heap after
{Heap after GC invocations=797 (full 25):
 def new generation   total 2320704K, used 89853K [0x0000000080200000, 0x000000011d820000, 0x0000000300150000)
  eden space 2062848K,   0% used [0x0000000080200000, 0x0000000080200000, 0x00000000fe080000)
  from space 257856K,  34% used [0x00000000fe080000, 0x000000010383f4c8, 0x000000010dc50000)
  to   space 257856K,   0% used [0x000000010dc50000, 0x000000010dc50000, 0x000000011d820000)
 tenured generation   total 5157072K, used 5065770K [0x0000000300150000, 0x000000043ad84000, 0x0000000800000000)
   the space 5157072K,  98% used [0x0000000300150000, 0x000000043545a8f0, 0x000000043545aa00, 0x000000043ad84000)
 Metaspace       used 22696K, capacity 23232K, committed 23424K, reserved 1071104K
  class space    used 2351K, capacity 2568K, committed 2688K, reserved 1048576K
}
Event: 898.527 GC heap before
{Heap before GC invocations=797 (full 25):
 def new generation   total 2320704K, used 2152701K [0x0000000080200000, 0x000000011d820000, 0x0000000300150000)
  eden space 2062848K, 100% used [0x0000000080200000, 0x00000000fe080000, 0x00000000fe080000)
  from space 257856K,  34% used [0x00000000fe080000, 0x000000010383f4c8, 0x000000010dc50000)
  to   space 257856K,   0% used [0x000000010dc50000, 0x000000010dc50000, 0x000000011d820000)
 tenured generation   total 5157072K, used 5065770K [0x0000000300150000, 0x000000043ad84000, 0x0000000800000000)
   the space 5157072K,  98% used [0x0000000300150000, 0x000000043545a8f0, 0x000000043545aa00, 0x000000043ad84000)
 Metaspace       used 22696K, capacity 23232K, committed 23424K, reserved 1071104K
  class space    used 2351K, capacity 2568K, committed 2688K, reserved 1048576K
}
Event: 898.624 GC heap after
{Heap after GC invocations=798 (full 25):
 def new generation   total 2320704K, used 209524K [0x0000000080200000, 0x000000011d820000, 0x0000000300150000)
  eden space 2062848K,   0% used [0x0000000080200000, 0x0000000080200000, 0x00000000fe080000)
  from space 257856K,  81% used [0x000000010dc50000, 0x000000011a8ed0a8, 0x000000011d820000)
  to   space 257856K,   0% used [0x00000000fe080000, 0x00000000fe080000, 0x000000010dc50000)
 tenured generation   total 5157072K, used 5065770K [0x0000000300150000, 0x000000043ad84000, 0x0000000800000000)
   the space 5157072K,  98% used [0x0000000300150000, 0x000000043545a8f0, 0x000000043545aa00, 0x000000043ad84000)
 Metaspace       used 22696K, capacity 23232K, committed 23424K, reserved 1071104K
  class space    used 2351K, capacity 2568K, committed 2688K, reserved 1048576K
}
Event: 900.052 GC heap before
{Heap before GC invocations=798 (full 25):
 def new generation   total 2320704K, used 2272372K [0x0000000080200000, 0x000000011d820000, 0x0000000300150000)
  eden space 2062848K, 100% used [0x0000000080200000, 0x00000000fe080000, 0x00000000fe080000)
  from space 257856K,  81% used [0x000000010dc50000, 0x000000011a8ed0a8, 0x000000011d820000)
  to   space 257856K,   0% used [0x00000000fe080000, 0x00000000fe080000, 0x000000010dc50000)
 tenured generation   total 5157072K, used 5065770K [0x0000000300150000, 0x000000043ad84000, 0x0000000800000000)
   the space 5157072K,  98% used [0x0000000300150000, 0x000000043545a8f0, 0x000000043545aa00, 0x000000043ad84000)
 Metaspace       used 22696K, capacity 23232K, committed 23424K, reserved 1071104K
  class space    used 2351K, capacity 2568K, committed 2688K, reserved 1048576K
}
Event: 900.091 GC heap after
{Heap after GC invocations=799 (full 25):
 def new generation   total 2320704K, used 56699K [0x0000000080200000, 0x000000011d820000, 0x0000000300150000)
  eden space 2062848K,   0% used [0x0000000080200000, 0x0000000080200000, 0x00000000fe080000)
  from space 257856K,  21% used [0x00000000fe080000, 0x00000001017deca8, 0x000000010dc50000)
  to   space 257856K,   0% used [0x000000010dc50000, 0x000000010dc50000, 0x000000011d820000)
 tenured generation   total 5157072K, used 5082721K [0x0000000300150000, 0x000000043ad84000, 0x0000000800000000)
   the space 5157072K,  98% used [0x0000000300150000, 0x00000004364e8458, 0x00000004364e8600, 0x000000043ad84000)
 Metaspace       used 22696K, capacity 23232K, committed 23424K, reserved 1071104K
  class space    used 2351K, capacity 2568K, committed 2688K, reserved 1048576K
}
Event: 901.574 GC heap before
{Heap before GC invocations=799 (full 25):
 def new generation   total 2320704K, used 2119547K [0x0000000080200000, 0x000000011d820000, 0x0000000300150000)
  eden space 2062848K, 100% used [0x0000000080200000, 0x00000000fe080000, 0x00000000fe080000)
  from space 257856K,  21% used [0x00000000fe080000, 0x00000001017deca8, 0x000000010dc50000)
  to   space 257856K,   0% used [0x000000010dc50000, 0x000000010dc50000, 0x000000011d820000)
 tenured generation   total 5157072K, used 5082721K [0x0000000300150000, 0x000000043ad84000, 0x0000000800000000)
   the space 5157072K,  98% used [0x0000000300150000, 0x00000004364e8458, 0x00000004364e8600, 0x000000043ad84000)
 Metaspace       used 22696K, capacity 23232K, committed 23424K, reserved 1071104K
  class space    used 2351K, capacity 2568K, committed 2688K, reserved 1048576K
}
Event: 901.680 GC heap after
{Heap after GC invocations=800 (full 25):
 def new generation   total 2320704K, used 175345K [0x0000000080200000, 0x000000011d820000, 0x0000000300150000)
  eden space 2062848K,   0% used [0x0000000080200000, 0x0000000080200000, 0x00000000fe080000)
  from space 257856K,  68% used [0x000000010dc50000, 0x000000011878c648, 0x000000011d820000)
  to   space 257856K,   0% used [0x00000000fe080000, 0x00000000fe080000, 0x000000010dc50000)
 tenured generation   total 5157072K, used 5082721K [0x0000000300150000, 0x000000043ad84000, 0x0000000800000000)
   the space 5157072K,  98% used [0x0000000300150000, 0x00000004364e8458, 0x00000004364e8600, 0x000000043ad84000)
 Metaspace       used 22696K, capacity 23232K, committed 23424K, reserved 1071104K
  class space    used 2351K, capacity 2568K, committed 2688K, reserved 1048576K
}
Event: 903.159 GC heap before
{Heap before GC invocations=800 (full 25):
 def new generation   total 2320704K, used 2238193K [0x0000000080200000, 0x000000011d820000, 0x0000000300150000)
  eden space 2062848K, 100% used [0x0000000080200000, 0x00000000fe080000, 0x00000000fe080000)
  from space 257856K,  68% used [0x000000010dc50000, 0x000000011878c648, 0x000000011d820000)
  to   space 257856K,   0% used [0x00000000fe080000, 0x00000000fe080000, 0x000000010dc50000)
 tenured generation   total 5157072K, used 5082721K [0x0000000300150000, 0x000000043ad84000, 0x0000000800000000)
   the space 5157072K,  98% used [0x0000000300150000, 0x00000004364e8458, 0x00000004364e8600, 0x000000043ad84000)
 Metaspace       used 22696K, capacity 23232K, committed 23424K, reserved 1071104K
  class space    used 2351K, capacity 2568K, committed 2688K, reserved 1048576K
}
Event: 903.361 GC heap after
{Heap after GC invocations=801 (full 25):
 def new generation   total 2320704K, used 238334K [0x0000000080200000, 0x000000011d820000, 0x0000000300150000)
  eden space 2062848K,   0% used [0x0000000080200000, 0x0000000080200000, 0x00000000fe080000)
  from space 257856K,  92% used [0x00000000fe080000, 0x000000010c93f8d8, 0x000000010dc50000)
  to   space 257856K,   0% used [0x000000010dc50000, 0x000000010dc50000, 0x000000011d820000)
 tenured generation   total 5157072K, used 5138889K [0x0000000300150000, 0x000000043ad84000, 0x0000000800000000)
   the space 5157072K,  99% used [0x0000000300150000, 0x0000000439bc2730, 0x0000000439bc2800, 0x000000043ad84000)
 Metaspace       used 22696K, capacity 23232K, committed 23424K, reserved 1071104K
  class space    used 2351K, capacity 2568K, committed 2688K, reserved 1048576K
}
Event: 904.836 GC heap before
{Heap before GC invocations=801 (full 25):
 def new generation   total 2320704K, used 2301182K [0x0000000080200000, 0x000000011d820000, 0x0000000300150000)
  eden space 2062848K, 100% used [0x0000000080200000, 0x00000000fe080000, 0x00000000fe080000)
  from space 257856K,  92% used [0x00000000fe080000, 0x000000010c93f8d8, 0x000000010dc50000)
  to   space 257856K,   0% used [0x000000010dc50000, 0x000000010dc50000, 0x000000011d820000)
 tenured generation   total 5157072K, used 5138889K [0x0000000300150000, 0x000000043ad84000, 0x0000000800000000)
   the space 5157072K,  99% used [0x0000000300150000, 0x0000000439bc2730, 0x0000000439bc2800, 0x000000043ad84000)
 Metaspace       used 22696K, capacity 23232K, committed 23424K, reserved 1071104K
  class space    used 2351K, capacity 2568K, committed 2688K, reserved 1048576K
}
Event: 904.921 GC heap after
{Heap after GC invocations=802 (full 25):
 def new generation   total 2320704K, used 147372K [0x0000000080200000, 0x000000011d820000, 0x0000000300150000)
  eden space 2062848K,   0% used [0x0000000080200000, 0x0000000080200000, 0x00000000fe080000)
  from space 257856K,  57% used [0x000000010dc50000, 0x0000000116c3b3a0, 0x000000011d820000)
  to   space 257856K,   0% used [0x00000000fe080000, 0x00000000fe080000, 0x000000010dc50000)
 tenured generation   total 5157072K, used 5142513K [0x0000000300150000, 0x000000043ad84000, 0x0000000800000000)
   the space 5157072K,  99% used [0x0000000300150000, 0x0000000439f4c4f0, 0x0000000439f4c600, 0x000000043ad84000)
 Metaspace       used 22696K, capacity 23232K, committed 23424K, reserved 1071104K
  class space    used 2351K, capacity 2568K, committed 2688K, reserved 1048576K
}
Event: 906.402 GC heap before
{Heap before GC invocations=802 (full 25):
 def new generation   total 2320704K, used 2210220K [0x0000000080200000, 0x000000011d820000, 0x0000000300150000)
  eden space 2062848K, 100% used [0x0000000080200000, 0x00000000fe080000, 0x00000000fe080000)
  from space 257856K,  57% used [0x000000010dc50000, 0x0000000116c3b3a0, 0x000000011d820000)
  to   space 257856K,   0% used [0x00000000fe080000, 0x00000000fe080000, 0x000000010dc50000)
 tenured generation   total 5157072K, used 5142513K [0x0000000300150000, 0x000000043ad84000, 0x0000000800000000)
   the space 5157072K,  99% used [0x0000000300150000, 0x0000000439f4c4f0, 0x0000000439f4c600, 0x000000043ad84000)
 Metaspace       used 22696K, capacity 23232K, committed 23424K, reserved 1071104K
  class space    used 2351K, capacity 2568K, committed 2688K, reserved 1048576K
}
Event: 906.602 GC heap after
{Heap after GC invocations=803 (full 25):
 def new generation   total 2320704K, used 119684K [0x0000000080200000, 0x000000011d820000, 0x0000000300150000)
  eden space 2062848K,   0% used [0x0000000080200000, 0x0000000080200000, 0x00000000fe080000)
  from space 257856K,  46% used [0x00000000fe080000, 0x00000001055610e8, 0x000000010dc50000)
  to   space 257856K,   0% used [0x000000010dc50000, 0x000000010dc50000, 0x000000011d820000)
 tenured generation   total 5289436K, used 5289357K [0x0000000300150000, 0x0000000442ec7000, 0x0000000800000000)
   the space 5289436K,  99% used [0x0000000300150000, 0x0000000442eb35a8, 0x0000000442eb3600, 0x0000000442ec7000)
 Metaspace       used 22696K, capacity 23232K, committed 23424K, reserved 1071104K
  class space    used 2351K, capacity 2568K, committed 2688K, reserved 1048576K
}
Event: 906.602 GC heap before
{Heap before GC invocations=803 (full 25):
 def new generation   total 2320704K, used 119684K [0x0000000080200000, 0x000000011d820000, 0x0000000300150000)
  eden space 2062848K,   0% used [0x0000000080200000, 0x0000000080200000, 0x00000000fe080000)
  from space 257856K,  46% used [0x00000000fe080000, 0x00000001055610e8, 0x000000010dc50000)
  to   space 257856K,   0% used [0x000000010dc50000, 0x000000010dc50000, 0x000000011d820000)
 tenured generation   total 5289436K, used 5289357K [0x0000000300150000, 0x0000000442ec7000, 0x0000000800000000)
   the space 5289436K,  99% used [0x0000000300150000, 0x0000000442eb35a8, 0x0000000442eb3600, 0x0000000442ec7000)
 Metaspace       used 22696K, capacity 23232K, committed 23424K, reserved 1071104K
  class space    used 2351K, capacity 2568K, committed 2688K, reserved 1048576K
}

