# JRE version: OpenJDK Runtime Environment (13.0.7+5) (build 13.0.7+5-Ubuntu-0ubuntu120.04)
# Java VM: OpenJDK 64-Bit Server VM (13.0.7+5-Ubuntu-0ubuntu120.04, mixed mode, tiered, serial gc, linux-amd64)
Heap:
 def new generation   total 3252928K, used 313704K [0x00007f5138600000, 0x00007f5214fa0000, 0x00007f568db50000)
  eden space 2891520K,  10% used [0x00007f5138600000, 0x00007f514b85a060, 0x00007f51e8dc0000)
  from space 361408K,   0% used [0x00007f51feeb0000, 0x00007f51feeb0000, 0x00007f5214fa0000)
  to   space 361408K,   0% used [0x00007f51e8dc0000, 0x00007f51e8dc0000, 0x00007f51feeb0000)
 tenured generation   total 7578776K, used 7578776K [0x00007f568db50000, 0x00007f585c476000, 0x00007f6138600000)
   the space 7578776K, 100% used [0x00007f568db50000, 0x00007f585c476000, 0x00007f585c476000, 0x00007f585c476000)
 Metaspace       used 30468K, capacity 30910K, committed 31232K, reserved 32768K
GC Heap History (20 events):
Event: 83.384 GC heap after
{Heap after GC invocations=39 (full 5):
 def new generation   total 1926976K, used 214079K [0x00007f5138600000, 0x00007f51bb0e0000, 0x00007f568db50000)
  eden space 1712896K,   0% used [0x00007f5138600000, 0x00007f5138600000, 0x00007f51a0ec0000)
  from space 214080K,  99% used [0x00007f51a0ec0000, 0x00007f51adfcfff0, 0x00007f51adfd0000)
  to   space 214080K,   0% used [0x00007f51adfd0000, 0x00007f51adfd0000, 0x00007f51bb0e0000)
 tenured generation   total 4282036K, used 3522836K [0x00007f568db50000, 0x00007f57930fd000, 0x00007f6138600000)
   the space 4282036K,  82% used [0x00007f568db50000, 0x00007f5764b951d8, 0x00007f5764b95200, 0x00007f57930fd000)
 Metaspace       used 30468K, capacity 30910K, committed 31232K, reserved 32768K
}
Event: 84.246 GC heap before
{Heap before GC invocations=39 (full 5):
 def new generation   total 1926976K, used 1926975K [0x00007f5138600000, 0x00007f51bb0e0000, 0x00007f568db50000)
  eden space 1712896K, 100% used [0x00007f5138600000, 0x00007f51a0ec0000, 0x00007f51a0ec0000)
  from space 214080K,  99% used [0x00007f51a0ec0000, 0x00007f51adfcfff0, 0x00007f51adfd0000)
  to   space 214080K,   0% used [0x00007f51adfd0000, 0x00007f51adfd0000, 0x00007f51bb0e0000)
 tenured generation   total 4282036K, used 3522836K [0x00007f568db50000, 0x00007f57930fd000, 0x00007f6138600000)
   the space 4282036K,  82% used [0x00007f568db50000, 0x00007f5764b951d8, 0x00007f5764b95200, 0x00007f57930fd000)
 Metaspace       used 30468K, capacity 30910K, committed 31232K, reserved 32768K
}
Event: 85.580 GC heap after
{Heap after GC invocations=40 (full 5):
 def new generation   total 1926976K, used 214079K [0x00007f5138600000, 0x00007f51bb0e0000, 0x00007f568db50000)
  eden space 1712896K,   0% used [0x00007f5138600000, 0x00007f5138600000, 0x00007f51a0ec0000)
  from space 214080K,  99% used [0x00007f51adfd0000, 0x00007f51bb0dfff8, 0x00007f51bb0e0000)
  to   space 214080K,   0% used [0x00007f51a0ec0000, 0x00007f51a0ec0000, 0x00007f51adfd0000)
 tenured generation   total 4282036K, used 3809547K [0x00007f568db50000, 0x00007f57930fd000, 0x00007f6138600000)
   the space 4282036K,  88% used [0x00007f568db50000, 0x00007f5776392d58, 0x00007f5776392e00, 0x00007f57930fd000)
 Metaspace       used 30468K, capacity 30910K, committed 31232K, reserved 32768K
}
Event: 86.293 GC heap before
{Heap before GC invocations=40 (full 5):
 def new generation   total 1926976K, used 1926975K [0x00007f5138600000, 0x00007f51bb0e0000, 0x00007f568db50000)
  eden space 1712896K, 100% used [0x00007f5138600000, 0x00007f51a0ec0000, 0x00007f51a0ec0000)
  from space 214080K,  99% used [0x00007f51adfd0000, 0x00007f51bb0dfff8, 0x00007f51bb0e0000)
  to   space 214080K,   0% used [0x00007f51a0ec0000, 0x00007f51a0ec0000, 0x00007f51adfd0000)
 tenured generation   total 4282036K, used 3809547K [0x00007f568db50000, 0x00007f57930fd000, 0x00007f6138600000)
   the space 4282036K,  88% used [0x00007f568db50000, 0x00007f5776392d58, 0x00007f5776392e00, 0x00007f57930fd000)
 Metaspace       used 30468K, capacity 30910K, committed 31232K, reserved 32768K
}
Event: 87.460 GC heap after
{Heap after GC invocations=41 (full 5):
 def new generation   total 1926976K, used 214080K [0x00007f5138600000, 0x00007f51bb0e0000, 0x00007f568db50000)
  eden space 1712896K,   0% used [0x00007f5138600000, 0x00007f5138600000, 0x00007f51a0ec0000)
  from space 214080K, 100% used [0x00007f51a0ec0000, 0x00007f51adfd0000, 0x00007f51adfd0000)
  to   space 214080K,   0% used [0x00007f51adfd0000, 0x00007f51adfd0000, 0x00007f51bb0e0000)
 tenured generation   total 4282036K, used 4070957K [0x00007f568db50000, 0x00007f57930fd000, 0x00007f6138600000)
   the space 4282036K,  95% used [0x00007f568db50000, 0x00007f57862db628, 0x00007f57862db800, 0x00007f57930fd000)
 Metaspace       used 30468K, capacity 30910K, committed 31232K, reserved 32768K
}
Event: 88.191 GC heap before
{Heap before GC invocations=41 (full 5):
 def new generation   total 1926976K, used 1926976K [0x00007f5138600000, 0x00007f51bb0e0000, 0x00007f568db50000)
  eden space 1712896K, 100% used [0x00007f5138600000, 0x00007f51a0ec0000, 0x00007f51a0ec0000)
  from space 214080K, 100% used [0x00007f51a0ec0000, 0x00007f51adfd0000, 0x00007f51adfd0000)
  to   space 214080K,   0% used [0x00007f51adfd0000, 0x00007f51adfd0000, 0x00007f51bb0e0000)
 tenured generation   total 4282036K, used 4070957K [0x00007f568db50000, 0x00007f57930fd000, 0x00007f6138600000)
   the space 4282036K,  95% used [0x00007f568db50000, 0x00007f57862db628, 0x00007f57862db800, 0x00007f57930fd000)
 Metaspace       used 30468K, capacity 30910K, committed 31232K, reserved 32768K
}
Event: 89.449 GC heap after
{Heap after GC invocations=42 (full 5):
 def new generation   total 1926976K, used 214079K [0x00007f5138600000, 0x00007f51bb0e0000, 0x00007f568db50000)
  eden space 1712896K,   0% used [0x00007f5138600000, 0x00007f5138600000, 0x00007f51a0ec0000)
  from space 214080K,  99% used [0x00007f51adfd0000, 0x00007f51bb0dfff0, 0x00007f51bb0e0000)
  to   space 214080K,   0% used [0x00007f51a0ec0000, 0x00007f51a0ec0000, 0x00007f51adfd0000)
 tenured generation   total 4337140K, used 4337049K [0x00007f568db50000, 0x00007f57966cd000, 0x00007f6138600000)
   the space 4337140K,  99% used [0x00007f568db50000, 0x00007f57966b6500, 0x00007f57966b6600, 0x00007f57966cd000)
 Metaspace       used 30468K, capacity 30910K, committed 31232K, reserved 32768K
}
Event: 89.449 GC heap before
{Heap before GC invocations=42 (full 5):
 def new generation   total 1926976K, used 214079K [0x00007f5138600000, 0x00007f51bb0e0000, 0x00007f568db50000)
  eden space 1712896K,   0% used [0x00007f5138600000, 0x00007f5138600000, 0x00007f51a0ec0000)
  from space 214080K,  99% used [0x00007f51adfd0000, 0x00007f51bb0dfff0, 0x00007f51bb0e0000)
  to   space 214080K,   0% used [0x00007f51a0ec0000, 0x00007f51a0ec0000, 0x00007f51adfd0000)
 tenured generation   total 4337140K, used 4337049K [0x00007f568db50000, 0x00007f57966cd000, 0x00007f6138600000)
   the space 4337140K,  99% used [0x00007f568db50000, 0x00007f57966b6500, 0x00007f57966b6600, 0x00007f57966cd000)
 Metaspace       used 30468K, capacity 30910K, committed 31232K, reserved 32768K
}
Event: 103.695 GC heap after
{Heap after GC invocations=42 (full 6):
 def new generation   total 3252928K, used 213989K [0x00007f5138600000, 0x00007f5214fa0000, 0x00007f568db50000)
  eden space 2891520K,   7% used [0x00007f5138600000, 0x00007f51456f9518, 0x00007f51e8dc0000)
  from space 361408K,   0% used [0x00007f51e8dc0000, 0x00007f51e8dc0000, 0x00007f51feeb0000)
  to   space 361408K,   0% used [0x00007f51feeb0000, 0x00007f51feeb0000, 0x00007f5214fa0000)
 tenured generation   total 7228568K, used 4337139K [0x00007f568db50000, 0x00007f5846e76000, 0x00007f6138600000)
   the space 7228568K,  59% used [0x00007f568db50000, 0x00007f57966ccfd8, 0x00007f57966cd000, 0x00007f5846e76000)
 Metaspace       used 30468K, capacity 30910K, committed 31232K, reserved 32768K
}
Event: 105.441 GC heap before
{Heap before GC invocations=42 (full 6):
 def new generation   total 3252928K, used 2891520K [0x00007f5138600000, 0x00007f5214fa0000, 0x00007f568db50000)
  eden space 2891520K, 100% used [0x00007f5138600000, 0x00007f51e8dc0000, 0x00007f51e8dc0000)
  from space 361408K,   0% used [0x00007f51e8dc0000, 0x00007f51e8dc0000, 0x00007f51feeb0000)
  to   space 361408K,   0% used [0x00007f51feeb0000, 0x00007f51feeb0000, 0x00007f5214fa0000)
 tenured generation   total 7228568K, used 4337139K [0x00007f568db50000, 0x00007f5846e76000, 0x00007f6138600000)
   the space 7228568K,  59% used [0x00007f568db50000, 0x00007f57966ccfd8, 0x00007f57966cd000, 0x00007f5846e76000)
 Metaspace       used 30468K, capacity 30910K, committed 31232K, reserved 32768K
}
Event: 109.241 GC heap after
{Heap after GC invocations=43 (full 6):
 def new generation   total 3252928K, used 361407K [0x00007f5138600000, 0x00007f5214fa0000, 0x00007f568db50000)
  eden space 2891520K,   0% used [0x00007f5138600000, 0x00007f5138600000, 0x00007f51e8dc0000)
  from space 361408K,  99% used [0x00007f51feeb0000, 0x00007f5214f9fff0, 0x00007f5214fa0000)
  to   space 361408K,   0% used [0x00007f51e8dc0000, 0x00007f51e8dc0000, 0x00007f51feeb0000)
 tenured generation   total 7228568K, used 4620511K [0x00007f568db50000, 0x00007f5846e76000, 0x00007f6138600000)
   the space 7228568K,  63% used [0x00007f568db50000, 0x00007f57a7b87d78, 0x00007f57a7b87e00, 0x00007f5846e76000)
 Metaspace       used 30468K, capacity 30910K, committed 31232K, reserved 32768K
}
Event: 110.630 GC heap before
{Heap before GC invocations=43 (full 6):
 def new generation   total 3252928K, used 3252927K [0x00007f5138600000, 0x00007f5214fa0000, 0x00007f568db50000)
  eden space 2891520K, 100% used [0x00007f5138600000, 0x00007f51e8dc0000, 0x00007f51e8dc0000)
  from space 361408K,  99% used [0x00007f51feeb0000, 0x00007f5214f9fff0, 0x00007f5214fa0000)
  to   space 361408K,   0% used [0x00007f51e8dc0000, 0x00007f51e8dc0000, 0x00007f51feeb0000)
 tenured generation   total 7228568K, used 4620511K [0x00007f568db50000, 0x00007f5846e76000, 0x00007f6138600000)
   the space 7228568K,  63% used [0x00007f568db50000, 0x00007f57a7b87d78, 0x00007f57a7b87e00, 0x00007f5846e76000)
 Metaspace       used 30468K, capacity 30910K, committed 31232K, reserved 32768K
}
Event: 113.207 GC heap after
{Heap after GC invocations=44 (full 6):
 def new generation   total 3252928K, used 361407K [0x00007f5138600000, 0x00007f5214fa0000, 0x00007f568db50000)
  eden space 2891520K,   0% used [0x00007f5138600000, 0x00007f5138600000, 0x00007f51e8dc0000)
  from space 361408K,  99% used [0x00007f51e8dc0000, 0x00007f51feeafff0, 0x00007f51feeb0000)
  to   space 361408K,   0% used [0x00007f51feeb0000, 0x00007f51feeb0000, 0x00007f5214fa0000)
 tenured generation   total 7228568K, used 5063052K [0x00007f568db50000, 0x00007f5846e76000, 0x00007f6138600000)
   the space 7228568K,  70% used [0x00007f568db50000, 0x00007f57c2bb3098, 0x00007f57c2bb3200, 0x00007f5846e76000)
 Metaspace       used 30468K, capacity 30910K, committed 31232K, reserved 32768K
}
Event: 204.124 GC heap before
{Heap before GC invocations=44 (full 6):
 def new generation   total 3252928K, used 3252927K [0x00007f5138600000, 0x00007f5214fa0000, 0x00007f568db50000)
  eden space 2891520K, 100% used [0x00007f5138600000, 0x00007f51e8dc0000, 0x00007f51e8dc0000)
  from space 361408K,  99% used [0x00007f51e8dc0000, 0x00007f51feeafff0, 0x00007f51feeb0000)
  to   space 361408K,   0% used [0x00007f51feeb0000, 0x00007f51feeb0000, 0x00007f5214fa0000)
 tenured generation   total 7228568K, used 5063052K [0x00007f568db50000, 0x00007f5846e76000, 0x00007f6138600000)
   the space 7228568K,  70% used [0x00007f568db50000, 0x00007f57c2bb3098, 0x00007f57c2bb3200, 0x00007f5846e76000)
 Metaspace       used 30468K, capacity 30910K, committed 31232K, reserved 32768K
}
Event: 208.343 GC heap after
{Heap after GC invocations=45 (full 6):
 def new generation   total 3252928K, used 361408K [0x00007f5138600000, 0x00007f5214fa0000, 0x00007f568db50000)
  eden space 2891520K,   0% used [0x00007f5138600000, 0x00007f5138600000, 0x00007f51e8dc0000)
  from space 361408K, 100% used [0x00007f51feeb0000, 0x00007f5214fa0000, 0x00007f5214fa0000)
  to   space 361408K,   0% used [0x00007f51e8dc0000, 0x00007f51e8dc0000, 0x00007f51feeb0000)
 tenured generation   total 7228568K, used 6361246K [0x00007f568db50000, 0x00007f5846e76000, 0x00007f6138600000)
   the space 7228568K,  88% used [0x00007f568db50000, 0x00007f5811f77890, 0x00007f5811f77a00, 0x00007f5846e76000)
 Metaspace       used 30468K, capacity 30910K, committed 31232K, reserved 32768K
}
Event: 310.769 GC heap before
{Heap before GC invocations=45 (full 6):
 def new generation   total 3252928K, used 3252928K [0x00007f5138600000, 0x00007f5214fa0000, 0x00007f568db50000)
  eden space 2891520K, 100% used [0x00007f5138600000, 0x00007f51e8dc0000, 0x00007f51e8dc0000)
  from space 361408K, 100% used [0x00007f51feeb0000, 0x00007f5214fa0000, 0x00007f5214fa0000)
  to   space 361408K,   0% used [0x00007f51e8dc0000, 0x00007f51e8dc0000, 0x00007f51feeb0000)
 tenured generation   total 7228568K, used 6361246K [0x00007f568db50000, 0x00007f5846e76000, 0x00007f6138600000)
   the space 7228568K,  88% used [0x00007f568db50000, 0x00007f5811f77890, 0x00007f5811f77a00, 0x00007f5846e76000)
 Metaspace       used 30468K, capacity 30910K, committed 31232K, reserved 32768K
}
Event: 312.152 GC heap after
{Heap after GC invocations=46 (full 6):
 def new generation   total 3252928K, used 361407K [0x00007f5138600000, 0x00007f5214fa0000, 0x00007f568db50000)
  eden space 2891520K,   0% used [0x00007f5138600000, 0x00007f5138600000, 0x00007f51e8dc0000)
  from space 361408K,  99% used [0x00007f51e8dc0000, 0x00007f51feeafff0, 0x00007f51feeb0000)
  to   space 361408K,   0% used [0x00007f51feeb0000, 0x00007f51feeb0000, 0x00007f5214fa0000)
 tenured generation   total 7228568K, used 6969981K [0x00007f568db50000, 0x00007f5846e76000, 0x00007f6138600000)
   the space 7228568K,  96% used [0x00007f568db50000, 0x00007f58371ef420, 0x00007f58371ef600, 0x00007f5846e76000)
 Metaspace       used 30468K, capacity 30910K, committed 31232K, reserved 32768K
}
Event: 390.932 GC heap before
{Heap before GC invocations=46 (full 6):
 def new generation   total 3252928K, used 3252927K [0x00007f5138600000, 0x00007f5214fa0000, 0x00007f568db50000)
  eden space 2891520K, 100% used [0x00007f5138600000, 0x00007f51e8dc0000, 0x00007f51e8dc0000)
  from space 361408K,  99% used [0x00007f51e8dc0000, 0x00007f51feeafff0, 0x00007f51feeb0000)
  to   space 361408K,   0% used [0x00007f51feeb0000, 0x00007f51feeb0000, 0x00007f5214fa0000)
 tenured generation   total 7228568K, used 6969981K [0x00007f568db50000, 0x00007f5846e76000, 0x00007f6138600000)
   the space 7228568K,  96% used [0x00007f568db50000, 0x00007f58371ef420, 0x00007f58371ef600, 0x00007f5846e76000)
 Metaspace       used 30468K, capacity 30910K, committed 31232K, reserved 32768K
}
Event: 392.297 GC heap after
{Heap after GC invocations=47 (full 6):
 def new generation   total 3252928K, used 361407K [0x00007f5138600000, 0x00007f5214fa0000, 0x00007f568db50000)
  eden space 2891520K,   0% used [0x00007f5138600000, 0x00007f5138600000, 0x00007f51e8dc0000)
  from space 361408K,  99% used [0x00007f51feeb0000, 0x00007f5214f9fff0, 0x00007f5214fa0000)
  to   space 361408K,   0% used [0x00007f51e8dc0000, 0x00007f51e8dc0000, 0x00007f51feeb0000)
 tenured generation   total 7578776K, used 7578715K [0x00007f568db50000, 0x00007f585c476000, 0x00007f6138600000)
   the space 7578776K,  99% used [0x00007f568db50000, 0x00007f585c466fa0, 0x00007f585c467000, 0x00007f585c476000)
 Metaspace       used 30468K, capacity 30910K, committed 31232K, reserved 32768K
}
Event: 392.297 GC heap before
{Heap before GC invocations=47 (full 6):
 def new generation   total 3252928K, used 361407K [0x00007f5138600000, 0x00007f5214fa0000, 0x00007f568db50000)
  eden space 2891520K,   0% used [0x00007f5138600000, 0x00007f5138600000, 0x00007f51e8dc0000)
  from space 361408K,  99% used [0x00007f51feeb0000, 0x00007f5214f9fff0, 0x00007f5214fa0000)
  to   space 361408K,   0% used [0x00007f51e8dc0000, 0x00007f51e8dc0000, 0x00007f51feeb0000)
 tenured generation   total 7578776K, used 7578715K [0x00007f568db50000, 0x00007f585c476000, 0x00007f6138600000)
   the space 7578776K,  99% used [0x00007f568db50000, 0x00007f585c466fa0, 0x00007f585c467000, 0x00007f585c476000)
 Metaspace       used 30468K, capacity 30910K, committed 31232K, reserved 32768K
}

