# JRE version: OpenJDK Runtime Environment (13.0.7+5) (build 13.0.7+5-Ubuntu-0ubuntu120.04)
# Java VM: OpenJDK 64-Bit Server VM (13.0.7+5-Ubuntu-0ubuntu120.04, mixed mode, tiered, serial gc, linux-amd64)
Heap:
 def new generation   total 2918080K, used 125534K [0x00007efd0c600000, 0x00007efdd2450000, 0x00007f0261b50000)
  eden space 2593856K,   4% used [0x00007efd0c600000, 0x00007efd14097a18, 0x00007efdaab10000)
  from space 324224K,   0% used [0x00007efdaab10000, 0x00007efdaab10000, 0x00007efdbe7b0000)
  to   space 324224K,   0% used [0x00007efdbe7b0000, 0x00007efdbe7b0000, 0x00007efdd2450000)
 tenured generation   total 6493904K, used 6493904K [0x00007f0261b50000, 0x00007f03ee104000, 0x00007f0d0c600000)
   the space 6493904K, 100% used [0x00007f0261b50000, 0x00007f03ee104000, 0x00007f03ee104000, 0x00007f03ee104000)
 Metaspace       used 24236K, capacity 24647K, committed 24832K, reserved 26624K
GC Heap History (20 events):
Event: 912.600 GC heap after
{Heap after GC invocations=1737 (full 4):
 def new generation   total 2918080K, used 127073K [0x00007efd0c600000, 0x00007efdd2450000, 0x00007f0261b50000)
  eden space 2593856K,   0% used [0x00007efd0c600000, 0x00007efd0c600000, 0x00007efdaab10000)
  from space 324224K,  39% used [0x00007efdbe7b0000, 0x00007efdc63c8570, 0x00007efdd2450000)
  to   space 324224K,   0% used [0x00007efdaab10000, 0x00007efdaab10000, 0x00007efdbe7b0000)
 tenured generation   total 6484496K, used 6416071K [0x00007f0261b50000, 0x00007f03ed7d4000, 0x00007f0d0c600000)
   the space 6484496K,  98% used [0x00007f0261b50000, 0x00007f03e9501dc8, 0x00007f03e9501e00, 0x00007f03ed7d4000)
 Metaspace       used 24236K, capacity 24647K, committed 24832K, reserved 26624K
}
Event: 913.622 GC heap before
{Heap before GC invocations=1737 (full 4):
 def new generation   total 2918080K, used 2720929K [0x00007efd0c600000, 0x00007efdd2450000, 0x00007f0261b50000)
  eden space 2593856K, 100% used [0x00007efd0c600000, 0x00007efdaab10000, 0x00007efdaab10000)
  from space 324224K,  39% used [0x00007efdbe7b0000, 0x00007efdc63c8570, 0x00007efdd2450000)
  to   space 324224K,   0% used [0x00007efdaab10000, 0x00007efdaab10000, 0x00007efdbe7b0000)
 tenured generation   total 6484496K, used 6416071K [0x00007f0261b50000, 0x00007f03ed7d4000, 0x00007f0d0c600000)
   the space 6484496K,  98% used [0x00007f0261b50000, 0x00007f03e9501dc8, 0x00007f03e9501e00, 0x00007f03ed7d4000)
 Metaspace       used 24236K, capacity 24647K, committed 24832K, reserved 26624K
}
Event: 913.695 GC heap after
{Heap after GC invocations=1738 (full 4):
 def new generation   total 2918080K, used 125896K [0x00007efd0c600000, 0x00007efdd2450000, 0x00007f0261b50000)
  eden space 2593856K,   0% used [0x00007efd0c600000, 0x00007efd0c600000, 0x00007efdaab10000)
  from space 324224K,  38% used [0x00007efdaab10000, 0x00007efdb2602118, 0x00007efdbe7b0000)
  to   space 324224K,   0% used [0x00007efdbe7b0000, 0x00007efdbe7b0000, 0x00007efdd2450000)
 tenured generation   total 6484496K, used 6425901K [0x00007f0261b50000, 0x00007f03ed7d4000, 0x00007f0d0c600000)
   the space 6484496K,  99% used [0x00007f0261b50000, 0x00007f03e9e9b7d0, 0x00007f03e9e9b800, 0x00007f03ed7d4000)
 Metaspace       used 24236K, capacity 24647K, committed 24832K, reserved 26624K
}
Event: 914.727 GC heap before
{Heap before GC invocations=1738 (full 4):
 def new generation   total 2918080K, used 2719752K [0x00007efd0c600000, 0x00007efdd2450000, 0x00007f0261b50000)
  eden space 2593856K, 100% used [0x00007efd0c600000, 0x00007efdaab10000, 0x00007efdaab10000)
  from space 324224K,  38% used [0x00007efdaab10000, 0x00007efdb2602118, 0x00007efdbe7b0000)
  to   space 324224K,   0% used [0x00007efdbe7b0000, 0x00007efdbe7b0000, 0x00007efdd2450000)
 tenured generation   total 6484496K, used 6425901K [0x00007f0261b50000, 0x00007f03ed7d4000, 0x00007f0d0c600000)
   the space 6484496K,  99% used [0x00007f0261b50000, 0x00007f03e9e9b7d0, 0x00007f03e9e9b800, 0x00007f03ed7d4000)
 Metaspace       used 24236K, capacity 24647K, committed 24832K, reserved 26624K
}
Event: 914.799 GC heap after
{Heap after GC invocations=1739 (full 4):
 def new generation   total 2918080K, used 127608K [0x00007efd0c600000, 0x00007efdd2450000, 0x00007f0261b50000)
  eden space 2593856K,   0% used [0x00007efd0c600000, 0x00007efd0c600000, 0x00007efdaab10000)
  from space 324224K,  39% used [0x00007efdbe7b0000, 0x00007efdc644e100, 0x00007efdd2450000)
  to   space 324224K,   0% used [0x00007efdaab10000, 0x00007efdaab10000, 0x00007efdbe7b0000)
 tenured generation   total 6484496K, used 6433931K [0x00007f0261b50000, 0x00007f03ed7d4000, 0x00007f0d0c600000)
   the space 6484496K,  99% used [0x00007f0261b50000, 0x00007f03ea672fb8, 0x00007f03ea673000, 0x00007f03ed7d4000)
 Metaspace       used 24236K, capacity 24647K, committed 24832K, reserved 26624K
}
Event: 915.829 GC heap before
{Heap before GC invocations=1739 (full 4):
 def new generation   total 2918080K, used 2721464K [0x00007efd0c600000, 0x00007efdd2450000, 0x00007f0261b50000)
  eden space 2593856K, 100% used [0x00007efd0c600000, 0x00007efdaab10000, 0x00007efdaab10000)
  from space 324224K,  39% used [0x00007efdbe7b0000, 0x00007efdc644e100, 0x00007efdd2450000)
  to   space 324224K,   0% used [0x00007efdaab10000, 0x00007efdaab10000, 0x00007efdbe7b0000)
 tenured generation   total 6484496K, used 6433931K [0x00007f0261b50000, 0x00007f03ed7d4000, 0x00007f0d0c600000)
   the space 6484496K,  99% used [0x00007f0261b50000, 0x00007f03ea672fb8, 0x00007f03ea673000, 0x00007f03ed7d4000)
 Metaspace       used 24236K, capacity 24647K, committed 24832K, reserved 26624K
}
Event: 915.901 GC heap after
{Heap after GC invocations=1740 (full 4):
 def new generation   total 2918080K, used 127058K [0x00007efd0c600000, 0x00007efdd2450000, 0x00007f0261b50000)
  eden space 2593856K,   0% used [0x00007efd0c600000, 0x00007efd0c600000, 0x00007efdaab10000)
  from space 324224K,  39% used [0x00007efdaab10000, 0x00007efdb2724b78, 0x00007efdbe7b0000)
  to   space 324224K,   0% used [0x00007efdbe7b0000, 0x00007efdbe7b0000, 0x00007efdd2450000)
 tenured generation   total 6484496K, used 6441823K [0x00007f0261b50000, 0x00007f03ed7d4000, 0x00007f0d0c600000)
   the space 6484496K,  99% used [0x00007f0261b50000, 0x00007f03eae27e28, 0x00007f03eae28000, 0x00007f03ed7d4000)
 Metaspace       used 24236K, capacity 24647K, committed 24832K, reserved 26624K
}
Event: 916.935 GC heap before
{Heap before GC invocations=1740 (full 4):
 def new generation   total 2918080K, used 2720914K [0x00007efd0c600000, 0x00007efdd2450000, 0x00007f0261b50000)
  eden space 2593856K, 100% used [0x00007efd0c600000, 0x00007efdaab10000, 0x00007efdaab10000)
  from space 324224K,  39% used [0x00007efdaab10000, 0x00007efdb2724b78, 0x00007efdbe7b0000)
  to   space 324224K,   0% used [0x00007efdbe7b0000, 0x00007efdbe7b0000, 0x00007efdd2450000)
 tenured generation   total 6484496K, used 6441823K [0x00007f0261b50000, 0x00007f03ed7d4000, 0x00007f0d0c600000)
   the space 6484496K,  99% used [0x00007f0261b50000, 0x00007f03eae27e28, 0x00007f03eae28000, 0x00007f03ed7d4000)
 Metaspace       used 24236K, capacity 24647K, committed 24832K, reserved 26624K
}
Event: 917.008 GC heap after
{Heap after GC invocations=1741 (full 4):
 def new generation   total 2918080K, used 126696K [0x00007efd0c600000, 0x00007efdd2450000, 0x00007f0261b50000)
  eden space 2593856K,   0% used [0x00007efd0c600000, 0x00007efd0c600000, 0x00007efdaab10000)
  from space 324224K,  39% used [0x00007efdbe7b0000, 0x00007efdc636a318, 0x00007efdd2450000)
  to   space 324224K,   0% used [0x00007efdaab10000, 0x00007efdaab10000, 0x00007efdbe7b0000)
 tenured generation   total 6484496K, used 6451173K [0x00007f0261b50000, 0x00007f03ed7d4000, 0x00007f0d0c600000)
   the space 6484496K,  99% used [0x00007f0261b50000, 0x00007f03eb749440, 0x00007f03eb749600, 0x00007f03ed7d4000)
 Metaspace       used 24236K, capacity 24647K, committed 24832K, reserved 26624K
}
Event: 918.066 GC heap before
{Heap before GC invocations=1741 (full 4):
 def new generation   total 2918080K, used 2720552K [0x00007efd0c600000, 0x00007efdd2450000, 0x00007f0261b50000)
  eden space 2593856K, 100% used [0x00007efd0c600000, 0x00007efdaab10000, 0x00007efdaab10000)
  from space 324224K,  39% used [0x00007efdbe7b0000, 0x00007efdc636a318, 0x00007efdd2450000)
  to   space 324224K,   0% used [0x00007efdaab10000, 0x00007efdaab10000, 0x00007efdbe7b0000)
 tenured generation   total 6484496K, used 6451173K [0x00007f0261b50000, 0x00007f03ed7d4000, 0x00007f0d0c600000)
   the space 6484496K,  99% used [0x00007f0261b50000, 0x00007f03eb749440, 0x00007f03eb749600, 0x00007f03ed7d4000)
 Metaspace       used 24236K, capacity 24647K, committed 24832K, reserved 26624K
}
Event: 918.134 GC heap after
{Heap after GC invocations=1742 (full 4):
 def new generation   total 2918080K, used 128314K [0x00007efd0c600000, 0x00007efdd2450000, 0x00007f0261b50000)
  eden space 2593856K,   0% used [0x00007efd0c600000, 0x00007efd0c600000, 0x00007efdaab10000)
  from space 324224K,  39% used [0x00007efdaab10000, 0x00007efdb285ea48, 0x00007efdbe7b0000)
  to   space 324224K,   0% used [0x00007efdbe7b0000, 0x00007efdbe7b0000, 0x00007efdd2450000)
 tenured generation   total 6484496K, used 6458641K [0x00007f0261b50000, 0x00007f03ed7d4000, 0x00007f0d0c600000)
   the space 6484496K,  99% used [0x00007f0261b50000, 0x00007f03ebe94668, 0x00007f03ebe94800, 0x00007f03ed7d4000)
 Metaspace       used 24236K, capacity 24647K, committed 24832K, reserved 26624K
}
Event: 919.176 GC heap before
{Heap before GC invocations=1742 (full 4):
 def new generation   total 2918080K, used 2722170K [0x00007efd0c600000, 0x00007efdd2450000, 0x00007f0261b50000)
  eden space 2593856K, 100% used [0x00007efd0c600000, 0x00007efdaab10000, 0x00007efdaab10000)
  from space 324224K,  39% used [0x00007efdaab10000, 0x00007efdb285ea48, 0x00007efdbe7b0000)
  to   space 324224K,   0% used [0x00007efdbe7b0000, 0x00007efdbe7b0000, 0x00007efdd2450000)
 tenured generation   total 6484496K, used 6458641K [0x00007f0261b50000, 0x00007f03ed7d4000, 0x00007f0d0c600000)
   the space 6484496K,  99% used [0x00007f0261b50000, 0x00007f03ebe94668, 0x00007f03ebe94800, 0x00007f03ed7d4000)
 Metaspace       used 24236K, capacity 24647K, committed 24832K, reserved 26624K
}
Event: 919.254 GC heap after
{Heap after GC invocations=1743 (full 4):
 def new generation   total 2918080K, used 126437K [0x00007efd0c600000, 0x00007efdd2450000, 0x00007f0261b50000)
  eden space 2593856K,   0% used [0x00007efd0c600000, 0x00007efd0c600000, 0x00007efdaab10000)
  from space 324224K,  38% used [0x00007efdbe7b0000, 0x00007efdc63294a8, 0x00007efdd2450000)
  to   space 324224K,   0% used [0x00007efdaab10000, 0x00007efdaab10000, 0x00007efdbe7b0000)
 tenured generation   total 6484496K, used 6468041K [0x00007f0261b50000, 0x00007f03ed7d4000, 0x00007f0d0c600000)
   the space 6484496K,  99% used [0x00007f0261b50000, 0x00007f03ec7c25f8, 0x00007f03ec7c2600, 0x00007f03ed7d4000)
 Metaspace       used 24236K, capacity 24647K, committed 24832K, reserved 26624K
}
Event: 920.274 GC heap before
{Heap before GC invocations=1743 (full 4):
 def new generation   total 2918080K, used 2720293K [0x00007efd0c600000, 0x00007efdd2450000, 0x00007f0261b50000)
  eden space 2593856K, 100% used [0x00007efd0c600000, 0x00007efdaab10000, 0x00007efdaab10000)
  from space 324224K,  38% used [0x00007efdbe7b0000, 0x00007efdc63294a8, 0x00007efdd2450000)
  to   space 324224K,   0% used [0x00007efdaab10000, 0x00007efdaab10000, 0x00007efdbe7b0000)
 tenured generation   total 6484496K, used 6468041K [0x00007f0261b50000, 0x00007f03ed7d4000, 0x00007f0d0c600000)
   the space 6484496K,  99% used [0x00007f0261b50000, 0x00007f03ec7c25f8, 0x00007f03ec7c2600, 0x00007f03ed7d4000)
 Metaspace       used 24236K, capacity 24647K, committed 24832K, reserved 26624K
}
Event: 920.343 GC heap after
{Heap after GC invocations=1744 (full 4):
 def new generation   total 2918080K, used 127023K [0x00007efd0c600000, 0x00007efdd2450000, 0x00007f0261b50000)
  eden space 2593856K,   0% used [0x00007efd0c600000, 0x00007efd0c600000, 0x00007efdaab10000)
  from space 324224K,  39% used [0x00007efdaab10000, 0x00007efdb271be80, 0x00007efdbe7b0000)
  to   space 324224K,   0% used [0x00007efdbe7b0000, 0x00007efdbe7b0000, 0x00007efdd2450000)
 tenured generation   total 6484496K, used 6476822K [0x00007f0261b50000, 0x00007f03ed7d4000, 0x00007f0d0c600000)
   the space 6484496K,  99% used [0x00007f0261b50000, 0x00007f03ed055b90, 0x00007f03ed055c00, 0x00007f03ed7d4000)
 Metaspace       used 24236K, capacity 24647K, committed 24832K, reserved 26624K
}
Event: 921.365 GC heap before
{Heap before GC invocations=1744 (full 4):
 def new generation   total 2918080K, used 2720879K [0x00007efd0c600000, 0x00007efdd2450000, 0x00007f0261b50000)
  eden space 2593856K, 100% used [0x00007efd0c600000, 0x00007efdaab10000, 0x00007efdaab10000)
  from space 324224K,  39% used [0x00007efdaab10000, 0x00007efdb271be80, 0x00007efdbe7b0000)
  to   space 324224K,   0% used [0x00007efdbe7b0000, 0x00007efdbe7b0000, 0x00007efdd2450000)
 tenured generation   total 6484496K, used 6476822K [0x00007f0261b50000, 0x00007f03ed7d4000, 0x00007f0d0c600000)
   the space 6484496K,  99% used [0x00007f0261b50000, 0x00007f03ed055b90, 0x00007f03ed055c00, 0x00007f03ed7d4000)
 Metaspace       used 24236K, capacity 24647K, committed 24832K, reserved 26624K
}
Event: 921.436 GC heap after
{Heap after GC invocations=1745 (full 4):
 def new generation   total 2918080K, used 127582K [0x00007efd0c600000, 0x00007efdd2450000, 0x00007f0261b50000)
  eden space 2593856K,   0% used [0x00007efd0c600000, 0x00007efd0c600000, 0x00007efdaab10000)
  from space 324224K,  39% used [0x00007efdbe7b0000, 0x00007efdc6447bb0, 0x00007efdd2450000)
  to   space 324224K,   0% used [0x00007efdaab10000, 0x00007efdaab10000, 0x00007efdbe7b0000)
 tenured generation   total 6484496K, used 6484339K [0x00007f0261b50000, 0x00007f03ed7d4000, 0x00007f0d0c600000)
   the space 6484496K,  99% used [0x00007f0261b50000, 0x00007f03ed7acc00, 0x00007f03ed7acc00, 0x00007f03ed7d4000)
 Metaspace       used 24236K, capacity 24647K, committed 24832K, reserved 26624K
}
Event: 922.493 GC heap before
{Heap before GC invocations=1745 (full 4):
 def new generation   total 2918080K, used 2721438K [0x00007efd0c600000, 0x00007efdd2450000, 0x00007f0261b50000)
  eden space 2593856K, 100% used [0x00007efd0c600000, 0x00007efdaab10000, 0x00007efdaab10000)
  from space 324224K,  39% used [0x00007efdbe7b0000, 0x00007efdc6447bb0, 0x00007efdd2450000)
  to   space 324224K,   0% used [0x00007efdaab10000, 0x00007efdaab10000, 0x00007efdbe7b0000)
 tenured generation   total 6484496K, used 6484339K [0x00007f0261b50000, 0x00007f03ed7d4000, 0x00007f0d0c600000)
   the space 6484496K,  99% used [0x00007f0261b50000, 0x00007f03ed7acc00, 0x00007f03ed7acc00, 0x00007f03ed7d4000)
 Metaspace       used 24236K, capacity 24647K, committed 24832K, reserved 26624K
}
Event: 922.567 GC heap after
{Heap after GC invocations=1746 (full 4):
 def new generation   total 2918080K, used 125653K [0x00007efd0c600000, 0x00007efdd2450000, 0x00007f0261b50000)
  eden space 2593856K,   0% used [0x00007efd0c600000, 0x00007efd0c600000, 0x00007efdaab10000)
  from space 324224K,  38% used [0x00007efdaab10000, 0x00007efdb25c5550, 0x00007efdbe7b0000)
  to   space 324224K,   0% used [0x00007efdbe7b0000, 0x00007efdbe7b0000, 0x00007efdd2450000)
 tenured generation   total 6493904K, used 6493785K [0x00007f0261b50000, 0x00007f03ee104000, 0x00007f0d0c600000)
   the space 6493904K,  99% used [0x00007f0261b50000, 0x00007f03ee0e64c8, 0x00007f03ee0e6600, 0x00007f03ee104000)
 Metaspace       used 24236K, capacity 24647K, committed 24832K, reserved 26624K
}
Event: 922.567 GC heap before
{Heap before GC invocations=1746 (full 4):
 def new generation   total 2918080K, used 125653K [0x00007efd0c600000, 0x00007efdd2450000, 0x00007f0261b50000)
  eden space 2593856K,   0% used [0x00007efd0c600000, 0x00007efd0c600000, 0x00007efdaab10000)
  from space 324224K,  38% used [0x00007efdaab10000, 0x00007efdb25c5550, 0x00007efdbe7b0000)
  to   space 324224K,   0% used [0x00007efdbe7b0000, 0x00007efdbe7b0000, 0x00007efdd2450000)
 tenured generation   total 6493904K, used 6493785K [0x00007f0261b50000, 0x00007f03ee104000, 0x00007f0d0c600000)
   the space 6493904K,  99% used [0x00007f0261b50000, 0x00007f03ee0e64c8, 0x00007f03ee0e6600, 0x00007f03ee104000)
 Metaspace       used 24236K, capacity 24647K, committed 24832K, reserved 26624K
}

