# JRE version: OpenJDK Runtime Environment (13.0.7+5) (build 13.0.7+5-Ubuntu-0ubuntu120.04)
# Java VM: OpenJDK 64-Bit Server VM (13.0.7+5-Ubuntu-0ubuntu120.04, mixed mode, tiered, serial gc, linux-amd64)
Heap:
 def new generation   total 2893440K, used 3221K [0x00007f71d8600000, 0x00007f729c990000, 0x00007f772db50000)
  eden space 2571968K,   0% used [0x00007f71d8600000, 0x00007f71d8925720, 0x00007f72755b0000)
  from space 321472K,   0% used [0x00007f72755b0000, 0x00007f72755b0000, 0x00007f7288fa0000)
  to   space 321472K,   0% used [0x00007f7288fa0000, 0x00007f7288fa0000, 0x00007f729c990000)
 tenured generation   total 6430128K, used 6430127K [0x00007f772db50000, 0x00007f78b62bc000, 0x00007f81d8600000)
   the space 6430128K,  99% used [0x00007f772db50000, 0x00007f78b62bbf88, 0x00007f78b62bc000, 0x00007f78b62bc000)
 Metaspace       used 24289K, capacity 24721K, committed 24832K, reserved 26624K
GC Heap History (20 events):
Event: 66228.769 GC heap after
{Heap after GC invocations=62529 (full 4):
 def new generation   total 2893440K, used 3381K [0x00007f71d8600000, 0x00007f729c990000, 0x00007f772db50000)
  eden space 2571968K,   0% used [0x00007f71d8600000, 0x00007f71d8600000, 0x00007f72755b0000)
  from space 321472K,   1% used [0x00007f7288fa0000, 0x00007f72892ed498, 0x00007f729c990000)
  to   space 321472K,   0% used [0x00007f72755b0000, 0x00007f72755b0000, 0x00007f7288fa0000)
 tenured generation   total 6429744K, used 6427943K [0x00007f772db50000, 0x00007f78b625c000, 0x00007f81d8600000)
   the space 6429744K,  99% used [0x00007f772db50000, 0x00007f78b6099f00, 0x00007f78b609a000, 0x00007f78b625c000)
 Metaspace       used 24289K, capacity 24721K, committed 24832K, reserved 26624K
}
Event: 66230.980 GC heap before
{Heap before GC invocations=62529 (full 4):
 def new generation   total 2893440K, used 2575349K [0x00007f71d8600000, 0x00007f729c990000, 0x00007f772db50000)
  eden space 2571968K, 100% used [0x00007f71d8600000, 0x00007f72755b0000, 0x00007f72755b0000)
  from space 321472K,   1% used [0x00007f7288fa0000, 0x00007f72892ed498, 0x00007f729c990000)
  to   space 321472K,   0% used [0x00007f72755b0000, 0x00007f72755b0000, 0x00007f7288fa0000)
 tenured generation   total 6429744K, used 6427943K [0x00007f772db50000, 0x00007f78b625c000, 0x00007f81d8600000)
   the space 6429744K,  99% used [0x00007f772db50000, 0x00007f78b6099f00, 0x00007f78b609a000, 0x00007f78b625c000)
 Metaspace       used 24289K, capacity 24721K, committed 24832K, reserved 26624K
}
Event: 66230.995 GC heap after
{Heap after GC invocations=62530 (full 4):
 def new generation   total 2893440K, used 3410K [0x00007f71d8600000, 0x00007f729c990000, 0x00007f772db50000)
  eden space 2571968K,   0% used [0x00007f71d8600000, 0x00007f71d8600000, 0x00007f72755b0000)
  from space 321472K,   1% used [0x00007f72755b0000, 0x00007f72759049d8, 0x00007f7288fa0000)
  to   space 321472K,   0% used [0x00007f7288fa0000, 0x00007f7288fa0000, 0x00007f729c990000)
 tenured generation   total 6429744K, used 6428149K [0x00007f772db50000, 0x00007f78b625c000, 0x00007f81d8600000)
   the space 6429744K,  99% used [0x00007f772db50000, 0x00007f78b60cd680, 0x00007f78b60cd800, 0x00007f78b625c000)
 Metaspace       used 24289K, capacity 24721K, committed 24832K, reserved 26624K
}
Event: 66233.240 GC heap before
{Heap before GC invocations=62530 (full 4):
 def new generation   total 2893440K, used 2575378K [0x00007f71d8600000, 0x00007f729c990000, 0x00007f772db50000)
  eden space 2571968K, 100% used [0x00007f71d8600000, 0x00007f72755b0000, 0x00007f72755b0000)
  from space 321472K,   1% used [0x00007f72755b0000, 0x00007f72759049d8, 0x00007f7288fa0000)
  to   space 321472K,   0% used [0x00007f7288fa0000, 0x00007f7288fa0000, 0x00007f729c990000)
 tenured generation   total 6429744K, used 6428149K [0x00007f772db50000, 0x00007f78b625c000, 0x00007f81d8600000)
   the space 6429744K,  99% used [0x00007f772db50000, 0x00007f78b60cd680, 0x00007f78b60cd800, 0x00007f78b625c000)
 Metaspace       used 24289K, capacity 24721K, committed 24832K, reserved 26624K
}
Event: 66233.253 GC heap after
{Heap after GC invocations=62531 (full 4):
 def new generation   total 2893440K, used 3410K [0x00007f71d8600000, 0x00007f729c990000, 0x00007f772db50000)
  eden space 2571968K,   0% used [0x00007f71d8600000, 0x00007f71d8600000, 0x00007f72755b0000)
  from space 321472K,   1% used [0x00007f7288fa0000, 0x00007f72892f48c8, 0x00007f729c990000)
  to   space 321472K,   0% used [0x00007f72755b0000, 0x00007f72755b0000, 0x00007f7288fa0000)
 tenured generation   total 6429744K, used 6428378K [0x00007f772db50000, 0x00007f78b625c000, 0x00007f81d8600000)
   the space 6429744K,  99% used [0x00007f772db50000, 0x00007f78b6106980, 0x00007f78b6106a00, 0x00007f78b625c000)
 Metaspace       used 24289K, capacity 24721K, committed 24832K, reserved 26624K
}
Event: 66235.486 GC heap before
{Heap before GC invocations=62531 (full 4):
 def new generation   total 2893440K, used 2575378K [0x00007f71d8600000, 0x00007f729c990000, 0x00007f772db50000)
  eden space 2571968K, 100% used [0x00007f71d8600000, 0x00007f72755b0000, 0x00007f72755b0000)
  from space 321472K,   1% used [0x00007f7288fa0000, 0x00007f72892f48c8, 0x00007f729c990000)
  to   space 321472K,   0% used [0x00007f72755b0000, 0x00007f72755b0000, 0x00007f7288fa0000)
 tenured generation   total 6429744K, used 6428378K [0x00007f772db50000, 0x00007f78b625c000, 0x00007f81d8600000)
   the space 6429744K,  99% used [0x00007f772db50000, 0x00007f78b6106980, 0x00007f78b6106a00, 0x00007f78b625c000)
 Metaspace       used 24289K, capacity 24721K, committed 24832K, reserved 26624K
}
Event: 66235.500 GC heap after
{Heap after GC invocations=62532 (full 4):
 def new generation   total 2893440K, used 3408K [0x00007f71d8600000, 0x00007f729c990000, 0x00007f772db50000)
  eden space 2571968K,   0% used [0x00007f71d8600000, 0x00007f71d8600000, 0x00007f72755b0000)
  from space 321472K,   1% used [0x00007f72755b0000, 0x00007f72759042d0, 0x00007f7288fa0000)
  to   space 321472K,   0% used [0x00007f7288fa0000, 0x00007f7288fa0000, 0x00007f729c990000)
 tenured generation   total 6429744K, used 6428607K [0x00007f772db50000, 0x00007f78b625c000, 0x00007f81d8600000)
   the space 6429744K,  99% used [0x00007f772db50000, 0x00007f78b613fc80, 0x00007f78b613fe00, 0x00007f78b625c000)
 Metaspace       used 24289K, capacity 24721K, committed 24832K, reserved 26624K
}
Event: 66237.694 GC heap before
{Heap before GC invocations=62532 (full 4):
 def new generation   total 2893440K, used 2575376K [0x00007f71d8600000, 0x00007f729c990000, 0x00007f772db50000)
  eden space 2571968K, 100% used [0x00007f71d8600000, 0x00007f72755b0000, 0x00007f72755b0000)
  from space 321472K,   1% used [0x00007f72755b0000, 0x00007f72759042d0, 0x00007f7288fa0000)
  to   space 321472K,   0% used [0x00007f7288fa0000, 0x00007f7288fa0000, 0x00007f729c990000)
 tenured generation   total 6429744K, used 6428607K [0x00007f772db50000, 0x00007f78b625c000, 0x00007f81d8600000)
   the space 6429744K,  99% used [0x00007f772db50000, 0x00007f78b613fc80, 0x00007f78b613fe00, 0x00007f78b625c000)
 Metaspace       used 24289K, capacity 24721K, committed 24832K, reserved 26624K
}
Event: 66237.707 GC heap after
{Heap after GC invocations=62533 (full 4):
 def new generation   total 2893440K, used 3402K [0x00007f71d8600000, 0x00007f729c990000, 0x00007f772db50000)
  eden space 2571968K,   0% used [0x00007f71d8600000, 0x00007f71d8600000, 0x00007f72755b0000)
  from space 321472K,   1% used [0x00007f7288fa0000, 0x00007f72892f2b68, 0x00007f729c990000)
  to   space 321472K,   0% used [0x00007f72755b0000, 0x00007f72755b0000, 0x00007f7288fa0000)
 tenured generation   total 6429744K, used 6428835K [0x00007f772db50000, 0x00007f78b625c000, 0x00007f81d8600000)
   the space 6429744K,  99% used [0x00007f772db50000, 0x00007f78b6178f80, 0x00007f78b6179000, 0x00007f78b625c000)
 Metaspace       used 24289K, capacity 24721K, committed 24832K, reserved 26624K
}
Event: 66239.964 GC heap before
{Heap before GC invocations=62533 (full 4):
 def new generation   total 2893440K, used 2575370K [0x00007f71d8600000, 0x00007f729c990000, 0x00007f772db50000)
  eden space 2571968K, 100% used [0x00007f71d8600000, 0x00007f72755b0000, 0x00007f72755b0000)
  from space 321472K,   1% used [0x00007f7288fa0000, 0x00007f72892f2b68, 0x00007f729c990000)
  to   space 321472K,   0% used [0x00007f72755b0000, 0x00007f72755b0000, 0x00007f7288fa0000)
 tenured generation   total 6429744K, used 6428835K [0x00007f772db50000, 0x00007f78b625c000, 0x00007f81d8600000)
   the space 6429744K,  99% used [0x00007f772db50000, 0x00007f78b6178f80, 0x00007f78b6179000, 0x00007f78b625c000)
 Metaspace       used 24289K, capacity 24721K, committed 24832K, reserved 26624K
}
Event: 66239.978 GC heap after
{Heap after GC invocations=62534 (full 4):
 def new generation   total 2893440K, used 3399K [0x00007f71d8600000, 0x00007f729c990000, 0x00007f772db50000)
  eden space 2571968K,   0% used [0x00007f71d8600000, 0x00007f71d8600000, 0x00007f72755b0000)
  from space 321472K,   1% used [0x00007f72755b0000, 0x00007f7275901e90, 0x00007f7288fa0000)
  to   space 321472K,   0% used [0x00007f7288fa0000, 0x00007f7288fa0000, 0x00007f729c990000)
 tenured generation   total 6429744K, used 6429041K [0x00007f772db50000, 0x00007f78b625c000, 0x00007f81d8600000)
   the space 6429744K,  99% used [0x00007f772db50000, 0x00007f78b61ac700, 0x00007f78b61ac800, 0x00007f78b625c000)
 Metaspace       used 24289K, capacity 24721K, committed 24832K, reserved 26624K
}
Event: 66242.173 GC heap before
{Heap before GC invocations=62534 (full 4):
 def new generation   total 2893440K, used 2575367K [0x00007f71d8600000, 0x00007f729c990000, 0x00007f772db50000)
  eden space 2571968K, 100% used [0x00007f71d8600000, 0x00007f72755b0000, 0x00007f72755b0000)
  from space 321472K,   1% used [0x00007f72755b0000, 0x00007f7275901e90, 0x00007f7288fa0000)
  to   space 321472K,   0% used [0x00007f7288fa0000, 0x00007f7288fa0000, 0x00007f729c990000)
 tenured generation   total 6429744K, used 6429041K [0x00007f772db50000, 0x00007f78b625c000, 0x00007f81d8600000)
   the space 6429744K,  99% used [0x00007f772db50000, 0x00007f78b61ac700, 0x00007f78b61ac800, 0x00007f78b625c000)
 Metaspace       used 24289K, capacity 24721K, committed 24832K, reserved 26624K
}
Event: 66242.189 GC heap after
{Heap after GC invocations=62535 (full 4):
 def new generation   total 2893440K, used 3407K [0x00007f71d8600000, 0x00007f729c990000, 0x00007f772db50000)
  eden space 2571968K,   0% used [0x00007f71d8600000, 0x00007f71d8600000, 0x00007f72755b0000)
  from space 321472K,   1% used [0x00007f7288fa0000, 0x00007f72892f3d58, 0x00007f729c990000)
  to   space 321472K,   0% used [0x00007f72755b0000, 0x00007f72755b0000, 0x00007f7288fa0000)
 tenured generation   total 6429744K, used 6429270K [0x00007f772db50000, 0x00007f78b625c000, 0x00007f81d8600000)
   the space 6429744K,  99% used [0x00007f772db50000, 0x00007f78b61e5a00, 0x00007f78b61e5a00, 0x00007f78b625c000)
 Metaspace       used 24289K, capacity 24721K, committed 24832K, reserved 26624K
}
Event: 66244.343 GC heap before
{Heap before GC invocations=62535 (full 4):
 def new generation   total 2893440K, used 2575375K [0x00007f71d8600000, 0x00007f729c990000, 0x00007f772db50000)
  eden space 2571968K, 100% used [0x00007f71d8600000, 0x00007f72755b0000, 0x00007f72755b0000)
  from space 321472K,   1% used [0x00007f7288fa0000, 0x00007f72892f3d58, 0x00007f729c990000)
  to   space 321472K,   0% used [0x00007f72755b0000, 0x00007f72755b0000, 0x00007f7288fa0000)
 tenured generation   total 6429744K, used 6429270K [0x00007f772db50000, 0x00007f78b625c000, 0x00007f81d8600000)
   the space 6429744K,  99% used [0x00007f772db50000, 0x00007f78b61e5a00, 0x00007f78b61e5a00, 0x00007f78b625c000)
 Metaspace       used 24289K, capacity 24721K, committed 24832K, reserved 26624K
}
Event: 66244.355 GC heap after
{Heap after GC invocations=62536 (full 4):
 def new generation   total 2893440K, used 3405K [0x00007f71d8600000, 0x00007f729c990000, 0x00007f772db50000)
  eden space 2571968K,   0% used [0x00007f71d8600000, 0x00007f71d8600000, 0x00007f72755b0000)
  from space 321472K,   1% used [0x00007f72755b0000, 0x00007f7275903458, 0x00007f7288fa0000)
  to   space 321472K,   0% used [0x00007f7288fa0000, 0x00007f7288fa0000, 0x00007f729c990000)
 tenured generation   total 6429744K, used 6429499K [0x00007f772db50000, 0x00007f78b625c000, 0x00007f81d8600000)
   the space 6429744K,  99% used [0x00007f772db50000, 0x00007f78b621ed00, 0x00007f78b621ee00, 0x00007f78b625c000)
 Metaspace       used 24289K, capacity 24721K, committed 24832K, reserved 26624K
}
Event: 66246.514 GC heap before
{Heap before GC invocations=62536 (full 4):
 def new generation   total 2893440K, used 2575373K [0x00007f71d8600000, 0x00007f729c990000, 0x00007f772db50000)
  eden space 2571968K, 100% used [0x00007f71d8600000, 0x00007f72755b0000, 0x00007f72755b0000)
  from space 321472K,   1% used [0x00007f72755b0000, 0x00007f7275903458, 0x00007f7288fa0000)
  to   space 321472K,   0% used [0x00007f7288fa0000, 0x00007f7288fa0000, 0x00007f729c990000)
 tenured generation   total 6429744K, used 6429499K [0x00007f772db50000, 0x00007f78b625c000, 0x00007f81d8600000)
   the space 6429744K,  99% used [0x00007f772db50000, 0x00007f78b621ed00, 0x00007f78b621ee00, 0x00007f78b625c000)
 Metaspace       used 24289K, capacity 24721K, committed 24832K, reserved 26624K
}
Event: 66246.531 GC heap after
{Heap after GC invocations=62537 (full 4):
 def new generation   total 2893440K, used 3408K [0x00007f71d8600000, 0x00007f729c990000, 0x00007f772db50000)
  eden space 2571968K,   0% used [0x00007f71d8600000, 0x00007f71d8600000, 0x00007f72755b0000)
  from space 321472K,   1% used [0x00007f7288fa0000, 0x00007f72892f4020, 0x00007f729c990000)
  to   space 321472K,   0% used [0x00007f72755b0000, 0x00007f72755b0000, 0x00007f7288fa0000)
 tenured generation   total 6429744K, used 6429728K [0x00007f772db50000, 0x00007f78b625c000, 0x00007f81d8600000)
   the space 6429744K,  99% used [0x00007f772db50000, 0x00007f78b6258000, 0x00007f78b6258000, 0x00007f78b625c000)
 Metaspace       used 24289K, capacity 24721K, committed 24832K, reserved 26624K
}
Event: 66248.863 GC heap before
{Heap before GC invocations=62537 (full 4):
 def new generation   total 2893440K, used 2575376K [0x00007f71d8600000, 0x00007f729c990000, 0x00007f772db50000)
  eden space 2571968K, 100% used [0x00007f71d8600000, 0x00007f72755b0000, 0x00007f72755b0000)
  from space 321472K,   1% used [0x00007f7288fa0000, 0x00007f72892f4020, 0x00007f729c990000)
  to   space 321472K,   0% used [0x00007f72755b0000, 0x00007f72755b0000, 0x00007f7288fa0000)
 tenured generation   total 6429744K, used 6429728K [0x00007f772db50000, 0x00007f78b625c000, 0x00007f81d8600000)
   the space 6429744K,  99% used [0x00007f772db50000, 0x00007f78b6258000, 0x00007f78b6258000, 0x00007f78b625c000)
 Metaspace       used 24289K, capacity 24721K, committed 24832K, reserved 26624K
}
Event: 66248.875 GC heap after
{Heap after GC invocations=62538 (full 4):
 def new generation   total 2893440K, used 3392K [0x00007f71d8600000, 0x00007f729c990000, 0x00007f772db50000)
  eden space 2571968K,   0% used [0x00007f71d8600000, 0x00007f71d8600000, 0x00007f72755b0000)
  from space 321472K,   1% used [0x00007f72755b0000, 0x00007f72759003a8, 0x00007f7288fa0000)
  to   space 321472K,   0% used [0x00007f7288fa0000, 0x00007f7288fa0000, 0x00007f729c990000)
 tenured generation   total 6430128K, used 6429956K [0x00007f772db50000, 0x00007f78b62bc000, 0x00007f81d8600000)
   the space 6430128K,  99% used [0x00007f772db50000, 0x00007f78b6291300, 0x00007f78b6291400, 0x00007f78b62bc000)
 Metaspace       used 24289K, capacity 24721K, committed 24832K, reserved 26624K
}
Event: 66248.875 GC heap before
{Heap before GC invocations=62538 (full 4):
 def new generation   total 2893440K, used 3392K [0x00007f71d8600000, 0x00007f729c990000, 0x00007f772db50000)
  eden space 2571968K,   0% used [0x00007f71d8600000, 0x00007f71d8600000, 0x00007f72755b0000)
  from space 321472K,   1% used [0x00007f72755b0000, 0x00007f72759003a8, 0x00007f7288fa0000)
  to   space 321472K,   0% used [0x00007f7288fa0000, 0x00007f7288fa0000, 0x00007f729c990000)
 tenured generation   total 6430128K, used 6429956K [0x00007f772db50000, 0x00007f78b62bc000, 0x00007f81d8600000)
   the space 6430128K,  99% used [0x00007f772db50000, 0x00007f78b6291300, 0x00007f78b6291400, 0x00007f78b62bc000)
 Metaspace       used 24289K, capacity 24721K, committed 24832K, reserved 26624K
}

