# JRE version: OpenJDK Runtime Environment (13.0.7+5) (build 13.0.7+5-Ubuntu-0ubuntu120.04)
# Java VM: OpenJDK 64-Bit Server VM (13.0.7+5-Ubuntu-0ubuntu120.04, mixed mode, tiered, serial gc, linux-amd64)
Heap:
 def new generation   total 3152704K, used 2678350K [0x00007f97c4600000, 0x00007f989a2e0000, 0x00007f9d19b50000)
  eden space 2802432K,  95% used [0x00007f97c4600000, 0x00007f9867b87420, 0x00007f986f6c0000)
  from space 350272K,   0% used [0x00007f986f6c0000, 0x00007f986f8cc470, 0x00007f9884cd0000)
  to   space 350272K,   0% used [0x00007f9884cd0000, 0x00007f9884cd00a8, 0x00007f989a2e0000)
 tenured generation   total 7005928K, used 5122271K [0x00007f9d19b50000, 0x00007f9ec550a000, 0x00007fa7c4600000)
   the space 7005928K,  73% used [0x00007f9d19b50000, 0x00007f9e52587d50, 0x00007f9e52587e00, 0x00007f9ec550a000)
 Metaspace       used 23189K, capacity 23541K, committed 23808K, reserved 24576K
GC Heap History (20 events):
Event: 20.380 GC heap after
{Heap after GC invocations=14 (full 5):
 def new generation   total 3152704K, used 1652K [0x00007f97c4600000, 0x00007f989a2e0000, 0x00007f9d19b50000)
  eden space 2802432K,   0% used [0x00007f97c4600000, 0x00007f97c4600000, 0x00007f986f6c0000)
  from space 350272K,   0% used [0x00007f9884cd0000, 0x00007f9884e6d078, 0x00007f989a2e0000)
  to   space 350272K,   0% used [0x00007f986f6c0000, 0x00007f986f6c0000, 0x00007f9884cd0000)
 tenured generation   total 9103084K, used 7743265K [0x00007f9d19b50000, 0x00007f9f4550b000, 0x00007fa7c4600000)
   the space 9103084K,  85% used [0x00007f9d19b50000, 0x00007f9ef2518668, 0x00007f9ef2518800, 0x00007f9f4550b000)
 Metaspace       used 23158K, capacity 23535K, committed 23808K, reserved 24576K
}
Event: 20.380 GC heap before
{Heap before GC invocations=14 (full 5):
 def new generation   total 3152704K, used 1652K [0x00007f97c4600000, 0x00007f989a2e0000, 0x00007f9d19b50000)
  eden space 2802432K,   0% used [0x00007f97c4600000, 0x00007f97c4600000, 0x00007f986f6c0000)
  from space 350272K,   0% used [0x00007f9884cd0000, 0x00007f9884e6d078, 0x00007f989a2e0000)
  to   space 350272K,   0% used [0x00007f986f6c0000, 0x00007f986f6c0000, 0x00007f9884cd0000)
 tenured generation   total 9103084K, used 7743265K [0x00007f9d19b50000, 0x00007f9f4550b000, 0x00007fa7c4600000)
   the space 9103084K,  85% used [0x00007f9d19b50000, 0x00007f9ef2518668, 0x00007f9ef2518800, 0x00007f9f4550b000)
 Metaspace       used 23158K, capacity 23535K, committed 23808K, reserved 24576K
}
Event: 20.732 GC heap after
{Heap after GC invocations=14 (full 6):
 def new generation   total 3152704K, used 0K [0x00007f97c4600000, 0x00007f989a2e0000, 0x00007f9d19b50000)
  eden space 2802432K,   0% used [0x00007f97c4600000, 0x00007f97c4600000, 0x00007f986f6c0000)
  from space 350272K,   0% used [0x00007f9884cd0000, 0x00007f9884cd0000, 0x00007f989a2e0000)
  to   space 350272K,   0% used [0x00007f986f6c0000, 0x00007f986f6c0000, 0x00007f9884cd0000)
 tenured generation   total 7005928K, used 2107391K [0x00007f9d19b50000, 0x00007f9ec550a000, 0x00007fa7c4600000)
   the space 7005928K,  30% used [0x00007f9d19b50000, 0x00007f9d9a54ff60, 0x00007f9d9a550000, 0x00007f9ec550a000)
 Metaspace       used 23158K, capacity 23535K, committed 23808K, reserved 24576K
}
Event: 21.061 GC heap before
{Heap before GC invocations=14 (full 6):
 def new generation   total 3152704K, used 2152150K [0x00007f97c4600000, 0x00007f989a2e0000, 0x00007f9d19b50000)
  eden space 2802432K,  76% used [0x00007f97c4600000, 0x00007f9847bb5b58, 0x00007f986f6c0000)
  from space 350272K,   0% used [0x00007f9884cd0000, 0x00007f9884cd0000, 0x00007f989a2e0000)
  to   space 350272K,   0% used [0x00007f986f6c0000, 0x00007f986f6c0000, 0x00007f9884cd0000)
 tenured generation   total 7005928K, used 2107391K [0x00007f9d19b50000, 0x00007f9ec550a000, 0x00007fa7c4600000)
   the space 7005928K,  30% used [0x00007f9d19b50000, 0x00007f9d9a54ff60, 0x00007f9d9a550000, 0x00007f9ec550a000)
 Metaspace       used 23158K, capacity 23535K, committed 23808K, reserved 24576K
}
Event: 21.253 GC heap after
{Heap after GC invocations=15 (full 6):
 def new generation   total 3152704K, used 0K [0x00007f97c4600000, 0x00007f989a2e0000, 0x00007f9d19b50000)
  eden space 2802432K,   0% used [0x00007f97c4600000, 0x00007f97c4600000, 0x00007f986f6c0000)
  from space 350272K,   0% used [0x00007f986f6c0000, 0x00007f986f6c0248, 0x00007f9884cd0000)
  to   space 350272K,   0% used [0x00007f9884cd0000, 0x00007f9884cd0000, 0x00007f989a2e0000)
 tenured generation   total 7005928K, used 4204543K [0x00007f9d19b50000, 0x00007f9ec550a000, 0x00007fa7c4600000)
   the space 7005928K,  60% used [0x00007f9d19b50000, 0x00007f9e1a54ff78, 0x00007f9e1a550000, 0x00007f9ec550a000)
 Metaspace       used 23158K, capacity 23535K, committed 23808K, reserved 24576K
}
Event: 22.978 GC heap before
{Heap before GC invocations=15 (full 6):
 def new generation   total 3152704K, used 2676305K [0x00007f97c4600000, 0x00007f989a2e0000, 0x00007f9d19b50000)
  eden space 2802432K,  95% used [0x00007f97c4600000, 0x00007f9867b94418, 0x00007f986f6c0000)
  from space 350272K,   0% used [0x00007f986f6c0000, 0x00007f986f6c0248, 0x00007f9884cd0000)
  to   space 350272K,   0% used [0x00007f9884cd0000, 0x00007f9884cd0000, 0x00007f989a2e0000)
 tenured generation   total 7005928K, used 4204543K [0x00007f9d19b50000, 0x00007f9ec550a000, 0x00007fa7c4600000)
   the space 7005928K,  60% used [0x00007f9d19b50000, 0x00007f9e1a54ff78, 0x00007f9e1a550000, 0x00007f9ec550a000)
 Metaspace       used 23158K, capacity 23535K, committed 23808K, reserved 24576K
}
Event: 23.031 GC heap after
{Heap after GC invocations=16 (full 6):
 def new generation   total 3152704K, used 262145K [0x00007f97c4600000, 0x00007f989a2e0000, 0x00007f9d19b50000)
  eden space 2802432K,   0% used [0x00007f97c4600000, 0x00007f97c4600000, 0x00007f986f6c0000)
  from space 350272K,  74% used [0x00007f9884cd0000, 0x00007f9894cd0598, 0x00007f989a2e0000)
  to   space 350272K,   0% used [0x00007f986f6c0000, 0x00007f986f6c0000, 0x00007f9884cd0000)
 tenured generation   total 7005928K, used 4466687K [0x00007f9d19b50000, 0x00007f9ec550a000, 0x00007fa7c4600000)
   the space 7005928K,  63% used [0x00007f9d19b50000, 0x00007f9e2a54ff90, 0x00007f9e2a550000, 0x00007f9ec550a000)
 Metaspace       used 23158K, capacity 23535K, committed 23808K, reserved 24576K
}
Event: 24.135 GC heap before
{Heap before GC invocations=16 (full 6):
 def new generation   total 3152704K, used 2879396K [0x00007f97c4600000, 0x00007f989a2e0000, 0x00007f9d19b50000)
  eden space 2802432K,  93% used [0x00007f97c4600000, 0x00007f98641e8e00, 0x00007f986f6c0000)
  from space 350272K,  74% used [0x00007f9884cd0000, 0x00007f9894cd0598, 0x00007f989a2e0000)
  to   space 350272K,   0% used [0x00007f986f6c0000, 0x00007f986f6c0000, 0x00007f9884cd0000)
 tenured generation   total 7005928K, used 4466687K [0x00007f9d19b50000, 0x00007f9ec550a000, 0x00007fa7c4600000)
   the space 7005928K,  63% used [0x00007f9d19b50000, 0x00007f9e2a54ff90, 0x00007f9e2a550000, 0x00007f9ec550a000)
 Metaspace       used 23174K, capacity 23540K, committed 23808K, reserved 24576K
}
Event: 24.270 GC heap after
{Heap after GC invocations=17 (full 6):
 def new generation   total 3152704K, used 1875K [0x00007f97c4600000, 0x00007f989a2e0000, 0x00007f9d19b50000)
  eden space 2802432K,   0% used [0x00007f97c4600000, 0x00007f97c4600000, 0x00007f986f6c0000)
  from space 350272K,   0% used [0x00007f986f6c0000, 0x00007f986f894c18, 0x00007f9884cd0000)
  to   space 350272K,   0% used [0x00007f9884cd0000, 0x00007f9884cd0000, 0x00007f989a2e0000)
 tenured generation   total 7005928K, used 5646336K [0x00007f9d19b50000, 0x00007f9ec550a000, 0x00007fa7c4600000)
   the space 7005928K,  80% used [0x00007f9d19b50000, 0x00007f9e725502c8, 0x00007f9e72550400, 0x00007f9ec550a000)
 Metaspace       used 23174K, capacity 23540K, committed 23808K, reserved 24576K
}
Event: 25.543 GC heap before
{Heap before GC invocations=17 (full 6):
 def new generation   total 3152704K, used 2153902K [0x00007f97c4600000, 0x00007f989a2e0000, 0x00007f9d19b50000)
  eden space 2802432K,  76% used [0x00007f97c4600000, 0x00007f9847b96d78, 0x00007f986f6c0000)
  from space 350272K,   0% used [0x00007f986f6c0000, 0x00007f986f894c18, 0x00007f9884cd0000)
  to   space 350272K,   0% used [0x00007f9884cd0000, 0x00007f9884cd0000, 0x00007f989a2e0000)
 tenured generation   total 7005928K, used 5646336K [0x00007f9d19b50000, 0x00007f9ec550a000, 0x00007fa7c4600000)
   the space 7005928K,  80% used [0x00007f9d19b50000, 0x00007f9e725502c8, 0x00007f9e72550400, 0x00007f9ec550a000)
 Metaspace       used 23174K, capacity 23540K, committed 23808K, reserved 24576K
}
Event: 26.168 GC heap after
{Heap after GC invocations=18 (full 6):
 def new generation   total 3152704K, used 1874K [0x00007f97c4600000, 0x00007f989a2e0000, 0x00007f9d19b50000)
  eden space 2802432K,   0% used [0x00007f97c4600000, 0x00007f97c4600000, 0x00007f986f6c0000)
  from space 350272K,   0% used [0x00007f9884cd0000, 0x00007f9884ea4940, 0x00007f989a2e0000)
  to   space 350272K,   0% used [0x00007f986f6c0000, 0x00007f986f6c0000, 0x00007f9884cd0000)
 tenured generation   total 9103084K, used 7743488K [0x00007f9d19b50000, 0x00007f9f4550b000, 0x00007fa7c4600000)
   the space 9103084K,  85% used [0x00007f9d19b50000, 0x00007f9ef25502e0, 0x00007f9ef2550400, 0x00007f9f4550b000)
 Metaspace       used 23174K, capacity 23540K, committed 23808K, reserved 24576K
}
Event: 26.168 GC heap before
{Heap before GC invocations=18 (full 6):
 def new generation   total 3152704K, used 1874K [0x00007f97c4600000, 0x00007f989a2e0000, 0x00007f9d19b50000)
  eden space 2802432K,   0% used [0x00007f97c4600000, 0x00007f97c4600000, 0x00007f986f6c0000)
  from space 350272K,   0% used [0x00007f9884cd0000, 0x00007f9884ea4940, 0x00007f989a2e0000)
  to   space 350272K,   0% used [0x00007f986f6c0000, 0x00007f986f6c0000, 0x00007f9884cd0000)
 tenured generation   total 9103084K, used 7743488K [0x00007f9d19b50000, 0x00007f9f4550b000, 0x00007fa7c4600000)
   the space 9103084K,  85% used [0x00007f9d19b50000, 0x00007f9ef25502e0, 0x00007f9ef2550400, 0x00007f9f4550b000)
 Metaspace       used 23174K, capacity 23540K, committed 23808K, reserved 24576K
}
Event: 26.529 GC heap after
{Heap after GC invocations=18 (full 7):
 def new generation   total 3152704K, used 0K [0x00007f97c4600000, 0x00007f989a2e0000, 0x00007f9d19b50000)
  eden space 2802432K,   0% used [0x00007f97c4600000, 0x00007f97c4600000, 0x00007f986f6c0000)
  from space 350272K,   0% used [0x00007f9884cd0000, 0x00007f9884cd0000, 0x00007f989a2e0000)
  to   space 350272K,   0% used [0x00007f986f6c0000, 0x00007f986f6c0000, 0x00007f9884cd0000)
 tenured generation   total 7005928K, used 2107614K [0x00007f9d19b50000, 0x00007f9ec550a000, 0x00007fa7c4600000)
   the space 7005928K,  30% used [0x00007f9d19b50000, 0x00007f9d9a587a00, 0x00007f9d9a587a00, 0x00007f9ec550a000)
 Metaspace       used 23174K, capacity 23540K, committed 23808K, reserved 24576K
}
Event: 26.889 GC heap before
{Heap before GC invocations=18 (full 7):
 def new generation   total 3152704K, used 2152079K [0x00007f97c4600000, 0x00007f989a2e0000, 0x00007f9d19b50000)
  eden space 2802432K,  76% used [0x00007f97c4600000, 0x00007f9847ba3e70, 0x00007f986f6c0000)
  from space 350272K,   0% used [0x00007f9884cd0000, 0x00007f9884cd0000, 0x00007f989a2e0000)
  to   space 350272K,   0% used [0x00007f986f6c0000, 0x00007f986f6c0000, 0x00007f9884cd0000)
 tenured generation   total 7005928K, used 2107614K [0x00007f9d19b50000, 0x00007f9ec550a000, 0x00007fa7c4600000)
   the space 7005928K,  30% used [0x00007f9d19b50000, 0x00007f9d9a587a00, 0x00007f9d9a587a00, 0x00007f9ec550a000)
 Metaspace       used 23174K, capacity 23540K, committed 23808K, reserved 24576K
}
Event: 27.108 GC heap after
{Heap after GC invocations=19 (full 7):
 def new generation   total 3152704K, used 0K [0x00007f97c4600000, 0x00007f989a2e0000, 0x00007f9d19b50000)
  eden space 2802432K,   0% used [0x00007f97c4600000, 0x00007f97c4600000, 0x00007f986f6c0000)
  from space 350272K,   0% used [0x00007f986f6c0000, 0x00007f986f6c0248, 0x00007f9884cd0000)
  to   space 350272K,   0% used [0x00007f9884cd0000, 0x00007f9884cd0000, 0x00007f989a2e0000)
 tenured generation   total 7005928K, used 4204766K [0x00007f9d19b50000, 0x00007f9ec550a000, 0x00007fa7c4600000)
   the space 7005928K,  60% used [0x00007f9d19b50000, 0x00007f9e1a587a18, 0x00007f9e1a587c00, 0x00007f9ec550a000)
 Metaspace       used 23174K, capacity 23540K, committed 23808K, reserved 24576K
}
Event: 28.851 GC heap before
{Heap before GC invocations=19 (full 7):
 def new generation   total 3152704K, used 2676259K [0x00007f97c4600000, 0x00007f989a2e0000, 0x00007f9d19b50000)
  eden space 2802432K,  95% used [0x00007f97c4600000, 0x00007f9867b88d68, 0x00007f986f6c0000)
  from space 350272K,   0% used [0x00007f986f6c0000, 0x00007f986f6c0248, 0x00007f9884cd0000)
  to   space 350272K,   0% used [0x00007f9884cd0000, 0x00007f9884cd0000, 0x00007f989a2e0000)
 tenured generation   total 7005928K, used 4204766K [0x00007f9d19b50000, 0x00007f9ec550a000, 0x00007fa7c4600000)
   the space 7005928K,  60% used [0x00007f9d19b50000, 0x00007f9e1a587a18, 0x00007f9e1a587c00, 0x00007f9ec550a000)
 Metaspace       used 23175K, capacity 23540K, committed 23808K, reserved 24576K
}
Event: 28.908 GC heap after
{Heap after GC invocations=20 (full 7):
 def new generation   total 3152704K, used 262145K [0x00007f97c4600000, 0x00007f989a2e0000, 0x00007f9d19b50000)
  eden space 2802432K,   0% used [0x00007f97c4600000, 0x00007f97c4600000, 0x00007f986f6c0000)
  from space 350272K,  74% used [0x00007f9884cd0000, 0x00007f9894cd0598, 0x00007f989a2e0000)
  to   space 350272K,   0% used [0x00007f986f6c0000, 0x00007f986f6c0000, 0x00007f9884cd0000)
 tenured generation   total 7005928K, used 4466910K [0x00007f9d19b50000, 0x00007f9ec550a000, 0x00007fa7c4600000)
   the space 7005928K,  63% used [0x00007f9d19b50000, 0x00007f9e2a587a30, 0x00007f9e2a587c00, 0x00007f9ec550a000)
 Metaspace       used 23175K, capacity 23540K, committed 23808K, reserved 24576K
}
Event: 30.005 GC heap before
{Heap before GC invocations=20 (full 7):
 def new generation   total 3152704K, used 2628585K [0x00007f97c4600000, 0x00007f989a2e0000, 0x00007f9d19b50000)
  eden space 2802432K,  84% used [0x00007f97c4600000, 0x00007f9854cfa098, 0x00007f986f6c0000)
  from space 350272K,  74% used [0x00007f9884cd0000, 0x00007f9894cd0598, 0x00007f989a2e0000)
  to   space 350272K,   0% used [0x00007f986f6c0000, 0x00007f986f6c0000, 0x00007f9884cd0000)
 tenured generation   total 7005928K, used 4466910K [0x00007f9d19b50000, 0x00007f9ec550a000, 0x00007fa7c4600000)
   the space 7005928K,  63% used [0x00007f9d19b50000, 0x00007f9e2a587a30, 0x00007f9e2a587c00, 0x00007f9ec550a000)
 Metaspace       used 23189K, capacity 23541K, committed 23808K, reserved 24576K
}
Event: 30.083 GC heap after
{Heap after GC invocations=21 (full 7):
 def new generation   total 3152704K, used 2097K [0x00007f97c4600000, 0x00007f989a2e0000, 0x00007f9d19b50000)
  eden space 2802432K,   0% used [0x00007f97c4600000, 0x00007f97c4600000, 0x00007f986f6c0000)
  from space 350272K,   0% used [0x00007f986f6c0000, 0x00007f986f8cc470, 0x00007f9884cd0000)
  to   space 350272K,   0% used [0x00007f9884cd0000, 0x00007f9884cd0000, 0x00007f989a2e0000)
 tenured generation   total 7005928K, used 5122271K [0x00007f9d19b50000, 0x00007f9ec550a000, 0x00007fa7c4600000)
   the space 7005928K,  73% used [0x00007f9d19b50000, 0x00007f9e52587d50, 0x00007f9e52587e00, 0x00007f9ec550a000)
 Metaspace       used 23189K, capacity 23541K, committed 23808K, reserved 24576K
}
Event: 31.442 GC heap before
{Heap before GC invocations=21 (full 7):
 def new generation   total 3152704K, used 2678350K [0x00007f97c4600000, 0x00007f989a2e0000, 0x00007f9d19b50000)
  eden space 2802432K,  95% used [0x00007f97c4600000, 0x00007f9867b87420, 0x00007f986f6c0000)
  from space 350272K,   0% used [0x00007f986f6c0000, 0x00007f986f8cc470, 0x00007f9884cd0000)
  to   space 350272K,   0% used [0x00007f9884cd0000, 0x00007f9884cd0000, 0x00007f989a2e0000)
 tenured generation   total 7005928K, used 5122271K [0x00007f9d19b50000, 0x00007f9ec550a000, 0x00007fa7c4600000)
   the space 7005928K,  73% used [0x00007f9d19b50000, 0x00007f9e52587d50, 0x00007f9e52587e00, 0x00007f9ec550a000)
 Metaspace       used 23189K, capacity 23541K, committed 23808K, reserved 24576K
}

