# JRE version: OpenJDK Runtime Environment (13.0.7+5) (build 13.0.7+5-Ubuntu-0ubuntu120.04)
# Java VM: OpenJDK 64-Bit Server VM (13.0.7+5-Ubuntu-0ubuntu120.04, mixed mode, tiered, serial gc, linux-amd64)
Heap:
 def new generation   total 797440K, used 0K [0x00007f0e18600000, 0x00007f0e4e740000, 0x00007f136db50000)
  eden space 708864K,   0% used [0x00007f0e18600000, 0x00007f0e18600000, 0x00007f0e43a40000)
  from space 88576K,   0% used [0x00007f0e43a40000, 0x00007f0e43a40000, 0x00007f0e490c0000)
  to   space 88576K,   0% used [0x00007f0e490c0000, 0x00007f0e490c0000, 0x00007f0e4e740000)
 tenured generation   total 9664128K, used 1414804K [0x00007f136db50000, 0x00007f15bb8f0000, 0x00007f1e18600000)
   the space 9664128K,  14% used [0x00007f136db50000, 0x00007f13c40f5298, 0x00007f13c40f5400, 0x00007f15bb8f0000)
 Metaspace       used 31263K, capacity 31732K, committed 31744K, reserved 32768K
GC Heap History (20 events):
Event: 53.804 GC heap after
{Heap after GC invocations=102 (full 4):
 def new generation   total 797440K, used 60625K [0x00007f0e18600000, 0x00007f0e4e740000, 0x00007f136db50000)
  eden space 708864K,   0% used [0x00007f0e18600000, 0x00007f0e18600000, 0x00007f0e43a40000)
  from space 88576K,  68% used [0x00007f0e490c0000, 0x00007f0e4cbf4460, 0x00007f0e4e740000)
  to   space 88576K,   0% used [0x00007f0e43a40000, 0x00007f0e43a40000, 0x00007f0e490c0000)
 tenured generation   total 10160540K, used 9154472K [0x00007f136db50000, 0x00007f15d9db7000, 0x00007f1e18600000)
   the space 10160540K,  90% used [0x00007f136db50000, 0x00007f159c73a2f8, 0x00007f159c73a400, 0x00007f15d9db7000)
 Metaspace       used 31261K, capacity 31732K, committed 31744K, reserved 32768K
}
Event: 54.024 GC heap before
{Heap before GC invocations=102 (full 4):
 def new generation   total 797440K, used 769489K [0x00007f0e18600000, 0x00007f0e4e740000, 0x00007f136db50000)
  eden space 708864K, 100% used [0x00007f0e18600000, 0x00007f0e43a40000, 0x00007f0e43a40000)
  from space 88576K,  68% used [0x00007f0e490c0000, 0x00007f0e4cbf4460, 0x00007f0e4e740000)
  to   space 88576K,   0% used [0x00007f0e43a40000, 0x00007f0e43a40000, 0x00007f0e490c0000)
 tenured generation   total 10160540K, used 9154472K [0x00007f136db50000, 0x00007f15d9db7000, 0x00007f1e18600000)
   the space 10160540K,  90% used [0x00007f136db50000, 0x00007f159c73a2f8, 0x00007f159c73a400, 0x00007f15d9db7000)
 Metaspace       used 31261K, capacity 31732K, committed 31744K, reserved 32768K
}
Event: 54.206 GC heap after
{Heap after GC invocations=103 (full 4):
 def new generation   total 797440K, used 58999K [0x00007f0e18600000, 0x00007f0e4e740000, 0x00007f136db50000)
  eden space 708864K,   0% used [0x00007f0e18600000, 0x00007f0e18600000, 0x00007f0e43a40000)
  from space 88576K,  66% used [0x00007f0e43a40000, 0x00007f0e473ddd50, 0x00007f0e490c0000)
  to   space 88576K,   0% used [0x00007f0e490c0000, 0x00007f0e490c0000, 0x00007f0e4e740000)
 tenured generation   total 10160540K, used 9215097K [0x00007f136db50000, 0x00007f15d9db7000, 0x00007f1e18600000)
   the space 10160540K,  90% used [0x00007f136db50000, 0x00007f15a026e658, 0x00007f15a026e800, 0x00007f15d9db7000)
 Metaspace       used 31261K, capacity 31732K, committed 31744K, reserved 32768K
}
Event: 54.395 GC heap before
{Heap before GC invocations=103 (full 4):
 def new generation   total 797440K, used 767863K [0x00007f0e18600000, 0x00007f0e4e740000, 0x00007f136db50000)
  eden space 708864K, 100% used [0x00007f0e18600000, 0x00007f0e43a40000, 0x00007f0e43a40000)
  from space 88576K,  66% used [0x00007f0e43a40000, 0x00007f0e473ddd50, 0x00007f0e490c0000)
  to   space 88576K,   0% used [0x00007f0e490c0000, 0x00007f0e490c0000, 0x00007f0e4e740000)
 tenured generation   total 10160540K, used 9215097K [0x00007f136db50000, 0x00007f15d9db7000, 0x00007f1e18600000)
   the space 10160540K,  90% used [0x00007f136db50000, 0x00007f15a026e658, 0x00007f15a026e800, 0x00007f15d9db7000)
 Metaspace       used 31261K, capacity 31732K, committed 31744K, reserved 32768K
}
Event: 54.573 GC heap after
{Heap after GC invocations=104 (full 4):
 def new generation   total 797440K, used 58946K [0x00007f0e18600000, 0x00007f0e4e740000, 0x00007f136db50000)
  eden space 708864K,   0% used [0x00007f0e18600000, 0x00007f0e18600000, 0x00007f0e43a40000)
  from space 88576K,  66% used [0x00007f0e490c0000, 0x00007f0e4ca50a80, 0x00007f0e4e740000)
  to   space 88576K,   0% used [0x00007f0e43a40000, 0x00007f0e43a40000, 0x00007f0e490c0000)
 tenured generation   total 10160540K, used 9274096K [0x00007f136db50000, 0x00007f15d9db7000, 0x00007f1e18600000)
   the space 10160540K,  91% used [0x00007f136db50000, 0x00007f15a3c0c0b8, 0x00007f15a3c0c200, 0x00007f15d9db7000)
 Metaspace       used 31261K, capacity 31732K, committed 31744K, reserved 32768K
}
Event: 81.646 GC heap before
{Heap before GC invocations=104 (full 4):
 def new generation   total 797440K, used 767810K [0x00007f0e18600000, 0x00007f0e4e740000, 0x00007f136db50000)
  eden space 708864K, 100% used [0x00007f0e18600000, 0x00007f0e43a40000, 0x00007f0e43a40000)
  from space 88576K,  66% used [0x00007f0e490c0000, 0x00007f0e4ca50a80, 0x00007f0e4e740000)
  to   space 88576K,   0% used [0x00007f0e43a40000, 0x00007f0e43a40000, 0x00007f0e490c0000)
 tenured generation   total 10160540K, used 9274096K [0x00007f136db50000, 0x00007f15d9db7000, 0x00007f1e18600000)
   the space 10160540K,  91% used [0x00007f136db50000, 0x00007f15a3c0c0b8, 0x00007f15a3c0c200, 0x00007f15d9db7000)
 Metaspace       used 31263K, capacity 31732K, committed 31744K, reserved 32768K
}
Event: 82.413 GC heap after
{Heap after GC invocations=105 (full 4):
 def new generation   total 797440K, used 88576K [0x00007f0e18600000, 0x00007f0e4e740000, 0x00007f136db50000)
  eden space 708864K,   0% used [0x00007f0e18600000, 0x00007f0e18600000, 0x00007f0e43a40000)
  from space 88576K, 100% used [0x00007f0e43a40000, 0x00007f0e490c0000, 0x00007f0e490c0000)
  to   space 88576K,   0% used [0x00007f0e490c0000, 0x00007f0e490c0000, 0x00007f0e4e740000)
 tenured generation   total 10160540K, used 9494052K [0x00007f136db50000, 0x00007f15d9db7000, 0x00007f1e18600000)
   the space 10160540K,  93% used [0x00007f136db50000, 0x00007f15b12d9288, 0x00007f15b12d9400, 0x00007f15d9db7000)
 Metaspace       used 31263K, capacity 31732K, committed 31744K, reserved 32768K
}
Event: 119.324 GC heap before
{Heap before GC invocations=105 (full 4):
 def new generation   total 797440K, used 797440K [0x00007f0e18600000, 0x00007f0e4e740000, 0x00007f136db50000)
  eden space 708864K, 100% used [0x00007f0e18600000, 0x00007f0e43a40000, 0x00007f0e43a40000)
  from space 88576K, 100% used [0x00007f0e43a40000, 0x00007f0e490c0000, 0x00007f0e490c0000)
  to   space 88576K,   0% used [0x00007f0e490c0000, 0x00007f0e490c0000, 0x00007f0e4e740000)
 tenured generation   total 10160540K, used 9494052K [0x00007f136db50000, 0x00007f15d9db7000, 0x00007f1e18600000)
   the space 10160540K,  93% used [0x00007f136db50000, 0x00007f15b12d9288, 0x00007f15b12d9400, 0x00007f15d9db7000)
 Metaspace       used 31263K, capacity 31732K, committed 31744K, reserved 32768K
}
Event: 119.747 GC heap after
{Heap after GC invocations=106 (full 4):
 def new generation   total 797440K, used 88575K [0x00007f0e18600000, 0x00007f0e4e740000, 0x00007f136db50000)
  eden space 708864K,   0% used [0x00007f0e18600000, 0x00007f0e18600000, 0x00007f0e43a40000)
  from space 88576K,  99% used [0x00007f0e490c0000, 0x00007f0e4e73fff0, 0x00007f0e4e740000)
  to   space 88576K,   0% used [0x00007f0e43a40000, 0x00007f0e43a40000, 0x00007f0e490c0000)
 tenured generation   total 10160540K, used 9643280K [0x00007f136db50000, 0x00007f15d9db7000, 0x00007f1e18600000)
   the space 10160540K,  94% used [0x00007f136db50000, 0x00007f15ba494398, 0x00007f15ba494400, 0x00007f15d9db7000)
 Metaspace       used 31263K, capacity 31732K, committed 31744K, reserved 32768K
}
Event: 146.686 GC heap before
{Heap before GC invocations=106 (full 4):
 def new generation   total 797440K, used 797439K [0x00007f0e18600000, 0x00007f0e4e740000, 0x00007f136db50000)
  eden space 708864K, 100% used [0x00007f0e18600000, 0x00007f0e43a40000, 0x00007f0e43a40000)
  from space 88576K,  99% used [0x00007f0e490c0000, 0x00007f0e4e73fff0, 0x00007f0e4e740000)
  to   space 88576K,   0% used [0x00007f0e43a40000, 0x00007f0e43a40000, 0x00007f0e490c0000)
 tenured generation   total 10160540K, used 9643280K [0x00007f136db50000, 0x00007f15d9db7000, 0x00007f1e18600000)
   the space 10160540K,  94% used [0x00007f136db50000, 0x00007f15ba494398, 0x00007f15ba494400, 0x00007f15d9db7000)
 Metaspace       used 31263K, capacity 31732K, committed 31744K, reserved 32768K
}
Event: 147.099 GC heap after
{Heap after GC invocations=107 (full 4):
 def new generation   total 797440K, used 88575K [0x00007f0e18600000, 0x00007f0e4e740000, 0x00007f136db50000)
  eden space 708864K,   0% used [0x00007f0e18600000, 0x00007f0e18600000, 0x00007f0e43a40000)
  from space 88576K,  99% used [0x00007f0e43a40000, 0x00007f0e490bfff0, 0x00007f0e490c0000)
  to   space 88576K,   0% used [0x00007f0e490c0000, 0x00007f0e490c0000, 0x00007f0e4e740000)
 tenured generation   total 10160540K, used 9792509K [0x00007f136db50000, 0x00007f15d9db7000, 0x00007f1e18600000)
   the space 10160540K,  96% used [0x00007f136db50000, 0x00007f15c364f4b8, 0x00007f15c364f600, 0x00007f15d9db7000)
 Metaspace       used 31263K, capacity 31732K, committed 31744K, reserved 32768K
}
Event: 163.539 GC heap before
{Heap before GC invocations=107 (full 4):
 def new generation   total 797440K, used 797439K [0x00007f0e18600000, 0x00007f0e4e740000, 0x00007f136db50000)
  eden space 708864K, 100% used [0x00007f0e18600000, 0x00007f0e43a40000, 0x00007f0e43a40000)
  from space 88576K,  99% used [0x00007f0e43a40000, 0x00007f0e490bfff0, 0x00007f0e490c0000)
  to   space 88576K,   0% used [0x00007f0e490c0000, 0x00007f0e490c0000, 0x00007f0e4e740000)
 tenured generation   total 10160540K, used 9792509K [0x00007f136db50000, 0x00007f15d9db7000, 0x00007f1e18600000)
   the space 10160540K,  96% used [0x00007f136db50000, 0x00007f15c364f4b8, 0x00007f15c364f600, 0x00007f15d9db7000)
 Metaspace       used 31263K, capacity 31732K, committed 31744K, reserved 32768K
}
Event: 163.976 GC heap after
{Heap after GC invocations=108 (full 4):
 def new generation   total 797440K, used 88575K [0x00007f0e18600000, 0x00007f0e4e740000, 0x00007f136db50000)
  eden space 708864K,   0% used [0x00007f0e18600000, 0x00007f0e18600000, 0x00007f0e43a40000)
  from space 88576K,  99% used [0x00007f0e490c0000, 0x00007f0e4e73fff0, 0x00007f0e4e740000)
  to   space 88576K,   0% used [0x00007f0e43a40000, 0x00007f0e43a40000, 0x00007f0e490c0000)
 tenured generation   total 10160540K, used 9941737K [0x00007f136db50000, 0x00007f15d9db7000, 0x00007f1e18600000)
   the space 10160540K,  97% used [0x00007f136db50000, 0x00007f15cc80a658, 0x00007f15cc80a800, 0x00007f15d9db7000)
 Metaspace       used 31263K, capacity 31732K, committed 31744K, reserved 32768K
}
Event: 170.259 GC heap before
{Heap before GC invocations=108 (full 4):
 def new generation   total 797440K, used 797439K [0x00007f0e18600000, 0x00007f0e4e740000, 0x00007f136db50000)
  eden space 708864K, 100% used [0x00007f0e18600000, 0x00007f0e43a40000, 0x00007f0e43a40000)
  from space 88576K,  99% used [0x00007f0e490c0000, 0x00007f0e4e73fff0, 0x00007f0e4e740000)
  to   space 88576K,   0% used [0x00007f0e43a40000, 0x00007f0e43a40000, 0x00007f0e490c0000)
 tenured generation   total 10160540K, used 9941737K [0x00007f136db50000, 0x00007f15d9db7000, 0x00007f1e18600000)
   the space 10160540K,  97% used [0x00007f136db50000, 0x00007f15cc80a658, 0x00007f15cc80a800, 0x00007f15d9db7000)
 Metaspace       used 31263K, capacity 31732K, committed 31744K, reserved 32768K
}
Event: 170.631 GC heap after
{Heap after GC invocations=109 (full 4):
 def new generation   total 797440K, used 88575K [0x00007f0e18600000, 0x00007f0e4e740000, 0x00007f136db50000)
  eden space 708864K,   0% used [0x00007f0e18600000, 0x00007f0e18600000, 0x00007f0e43a40000)
  from space 88576K,  99% used [0x00007f0e43a40000, 0x00007f0e490bfff8, 0x00007f0e490c0000)
  to   space 88576K,   0% used [0x00007f0e490c0000, 0x00007f0e490c0000, 0x00007f0e4e740000)
 tenured generation   total 10160540K, used 10071470K [0x00007f136db50000, 0x00007f15d9db7000, 0x00007f1e18600000)
   the space 10160540K,  99% used [0x00007f136db50000, 0x00007f15d46bbad8, 0x00007f15d46bbc00, 0x00007f15d9db7000)
 Metaspace       used 31263K, capacity 31732K, committed 31744K, reserved 32768K
}
Event: 170.899 GC heap before
{Heap before GC invocations=109 (full 4):
 def new generation   total 797440K, used 797439K [0x00007f0e18600000, 0x00007f0e4e740000, 0x00007f136db50000)
  eden space 708864K, 100% used [0x00007f0e18600000, 0x00007f0e43a40000, 0x00007f0e43a40000)
  from space 88576K,  99% used [0x00007f0e43a40000, 0x00007f0e490bfff8, 0x00007f0e490c0000)
  to   space 88576K,   0% used [0x00007f0e490c0000, 0x00007f0e490c0000, 0x00007f0e4e740000)
 tenured generation   total 10160540K, used 10071470K [0x00007f136db50000, 0x00007f15d9db7000, 0x00007f1e18600000)
   the space 10160540K,  99% used [0x00007f136db50000, 0x00007f15d46bbad8, 0x00007f15d46bbc00, 0x00007f15d9db7000)
 Metaspace       used 31263K, capacity 31732K, committed 31744K, reserved 32768K
}
Event: 171.098 GC heap after
{Heap after GC invocations=110 (full 4):
 def new generation   total 797440K, used 53690K [0x00007f0e18600000, 0x00007f0e4e740000, 0x00007f136db50000)
  eden space 708864K,   0% used [0x00007f0e18600000, 0x00007f0e18600000, 0x00007f0e43a40000)
  from space 88576K,  60% used [0x00007f0e490c0000, 0x00007f0e4c52e9a0, 0x00007f0e4e740000)
  to   space 88576K,   0% used [0x00007f0e43a40000, 0x00007f0e43a40000, 0x00007f0e490c0000)
 tenured generation   total 10160540K, used 10160046K [0x00007f136db50000, 0x00007f15d9db7000, 0x00007f1e18600000)
   the space 10160540K,  99% used [0x00007f136db50000, 0x00007f15d9d3b930, 0x00007f15d9d3ba00, 0x00007f15d9db7000)
 Metaspace       used 31263K, capacity 31732K, committed 31744K, reserved 32768K
}
Event: 171.315 GC heap before
{Heap before GC invocations=110 (full 4):
 def new generation   total 797440K, used 762554K [0x00007f0e18600000, 0x00007f0e4e740000, 0x00007f136db50000)
  eden space 708864K, 100% used [0x00007f0e18600000, 0x00007f0e43a40000, 0x00007f0e43a40000)
  from space 88576K,  60% used [0x00007f0e490c0000, 0x00007f0e4c52e9a0, 0x00007f0e4e740000)
  to   space 88576K,   0% used [0x00007f0e43a40000, 0x00007f0e43a40000, 0x00007f0e490c0000)
 tenured generation   total 10160540K, used 10160046K [0x00007f136db50000, 0x00007f15d9db7000, 0x00007f1e18600000)
   the space 10160540K,  99% used [0x00007f136db50000, 0x00007f15d9d3b930, 0x00007f15d9d3ba00, 0x00007f15d9db7000)
 Metaspace       used 31263K, capacity 31732K, committed 31744K, reserved 32768K
}
Event: 171.480 GC heap after
{Heap after GC invocations=111 (full 4):
 def new generation   total 797440K, used 53706K [0x00007f0e18600000, 0x00007f0e4e740000, 0x00007f136db50000)
  eden space 708864K,   0% used [0x00007f0e18600000, 0x00007f0e18600000, 0x00007f0e43a40000)
  from space 88576K,  60% used [0x00007f0e43a40000, 0x00007f0e46eb2840, 0x00007f0e490c0000)
  to   space 88576K,   0% used [0x00007f0e490c0000, 0x00007f0e490c0000, 0x00007f0e4e740000)
 tenured generation   total 10213916K, used 10213735K [0x00007f136db50000, 0x00007f15dd1d7000, 0x00007f1e18600000)
   the space 10213916K,  99% used [0x00007f136db50000, 0x00007f15dd1a9ed0, 0x00007f15dd1aa000, 0x00007f15dd1d7000)
 Metaspace       used 31263K, capacity 31732K, committed 31744K, reserved 32768K
}
Event: 171.480 GC heap before
{Heap before GC invocations=111 (full 4):
 def new generation   total 797440K, used 53706K [0x00007f0e18600000, 0x00007f0e4e740000, 0x00007f136db50000)
  eden space 708864K,   0% used [0x00007f0e18600000, 0x00007f0e18600000, 0x00007f0e43a40000)
  from space 88576K,  60% used [0x00007f0e43a40000, 0x00007f0e46eb2840, 0x00007f0e490c0000)
  to   space 88576K,   0% used [0x00007f0e490c0000, 0x00007f0e490c0000, 0x00007f0e4e740000)
 tenured generation   total 10213916K, used 10213735K [0x00007f136db50000, 0x00007f15dd1d7000, 0x00007f1e18600000)
   the space 10213916K,  99% used [0x00007f136db50000, 0x00007f15dd1a9ed0, 0x00007f15dd1aa000, 0x00007f15dd1d7000)
 Metaspace       used 31263K, capacity 31732K, committed 31744K, reserved 32768K
}

