# JRE version: OpenJDK Runtime Environment (13.0.7+5) (build 13.0.7+5-Ubuntu-0ubuntu120.04)
# Java VM: OpenJDK 64-Bit Server VM (13.0.7+5-Ubuntu-0ubuntu120.04, mixed mode, tiered, serial gc, linux-amd64)
Heap:
 def new generation   total 4601920K, used 0K [0x00007f0430600000, 0x00007f0568760000, 0x00007f0edb0a0000)
  eden space 4090624K,   0% used [0x00007f0430600000, 0x00007f0430600000, 0x00007f052a0c0000)
  from space 511296K,   0% used [0x00007f0549410000, 0x00007f0549410000, 0x00007f0568760000)
  to   space 511296K,   0% used [0x00007f052a0c0000, 0x00007f052a0c0000, 0x00007f0549410000)
 tenured generation   total 10259104K, used 10177273K [0x00007f0edb0a0000, 0x00007f114d348000, 0x00007f2430600000)
   the space 10259104K,  99% used [0x00007f0edb0a0000, 0x00007f114835e670, 0x00007f114835e800, 0x00007f114d348000)
 Metaspace       used 24262K, capacity 24650K, committed 24832K, reserved 26624K
GC Heap History (20 events):
Event: 2840.317 GC heap after
{Heap after GC invocations=1415 (full 7):
 def new generation   total 4601920K, used 268242K [0x00007f0430600000, 0x00007f0568760000, 0x00007f0edb0a0000)
  eden space 4090624K,   0% used [0x00007f0430600000, 0x00007f0430600000, 0x00007f052a0c0000)
  from space 511296K,  52% used [0x00007f052a0c0000, 0x00007f053a6b49f0, 0x00007f0549410000)
  to   space 511296K,   0% used [0x00007f0549410000, 0x00007f0549410000, 0x00007f0568760000)
 tenured generation   total 10226328K, used 10026008K [0x00007f0edb0a0000, 0x00007f114b346000, 0x00007f2430600000)
   the space 10226328K,  98% used [0x00007f0edb0a0000, 0x00007f113efa62b8, 0x00007f113efa6400, 0x00007f114b346000)
 Metaspace       used 24262K, capacity 24650K, committed 24832K, reserved 26624K
}
Event: 2845.334 GC heap before
{Heap before GC invocations=1415 (full 7):
 def new generation   total 4601920K, used 4358866K [0x00007f0430600000, 0x00007f0568760000, 0x00007f0edb0a0000)
  eden space 4090624K, 100% used [0x00007f0430600000, 0x00007f052a0c0000, 0x00007f052a0c0000)
  from space 511296K,  52% used [0x00007f052a0c0000, 0x00007f053a6b49f0, 0x00007f0549410000)
  to   space 511296K,   0% used [0x00007f0549410000, 0x00007f0549410000, 0x00007f0568760000)
 tenured generation   total 10226328K, used 10026008K [0x00007f0edb0a0000, 0x00007f114b346000, 0x00007f2430600000)
   the space 10226328K,  98% used [0x00007f0edb0a0000, 0x00007f113efa62b8, 0x00007f113efa6400, 0x00007f114b346000)
 Metaspace       used 24262K, capacity 24650K, committed 24832K, reserved 26624K
}
Event: 2845.580 GC heap after
{Heap after GC invocations=1416 (full 7):
 def new generation   total 4601920K, used 271823K [0x00007f0430600000, 0x00007f0568760000, 0x00007f0edb0a0000)
  eden space 4090624K,   0% used [0x00007f0430600000, 0x00007f0430600000, 0x00007f052a0c0000)
  from space 511296K,  53% used [0x00007f0549410000, 0x00007f0559d83f60, 0x00007f0568760000)
  to   space 511296K,   0% used [0x00007f052a0c0000, 0x00007f052a0c0000, 0x00007f0549410000)
 tenured generation   total 10226328K, used 10042967K [0x00007f0edb0a0000, 0x00007f114b346000, 0x00007f2430600000)
   the space 10226328K,  98% used [0x00007f0edb0a0000, 0x00007f1140035e30, 0x00007f1140036000, 0x00007f114b346000)
 Metaspace       used 24262K, capacity 24650K, committed 24832K, reserved 26624K
}
Event: 2850.341 GC heap before
{Heap before GC invocations=1416 (full 7):
 def new generation   total 4601920K, used 4362447K [0x00007f0430600000, 0x00007f0568760000, 0x00007f0edb0a0000)
  eden space 4090624K, 100% used [0x00007f0430600000, 0x00007f052a0c0000, 0x00007f052a0c0000)
  from space 511296K,  53% used [0x00007f0549410000, 0x00007f0559d83f60, 0x00007f0568760000)
  to   space 511296K,   0% used [0x00007f052a0c0000, 0x00007f052a0c0000, 0x00007f0549410000)
 tenured generation   total 10226328K, used 10042967K [0x00007f0edb0a0000, 0x00007f114b346000, 0x00007f2430600000)
   the space 10226328K,  98% used [0x00007f0edb0a0000, 0x00007f1140035e30, 0x00007f1140036000, 0x00007f114b346000)
 Metaspace       used 24262K, capacity 24650K, committed 24832K, reserved 26624K
}
Event: 2850.569 GC heap after
{Heap after GC invocations=1417 (full 7):
 def new generation   total 4601920K, used 289313K [0x00007f0430600000, 0x00007f0568760000, 0x00007f0edb0a0000)
  eden space 4090624K,   0% used [0x00007f0430600000, 0x00007f0430600000, 0x00007f052a0c0000)
  from space 511296K,  56% used [0x00007f052a0c0000, 0x00007f053bb485f8, 0x00007f0549410000)
  to   space 511296K,   0% used [0x00007f0549410000, 0x00007f0549410000, 0x00007f0568760000)
 tenured generation   total 10226328K, used 10059926K [0x00007f0edb0a0000, 0x00007f114b346000, 0x00007f2430600000)
   the space 10226328K,  98% used [0x00007f0edb0a0000, 0x00007f11410c59a8, 0x00007f11410c5a00, 0x00007f114b346000)
 Metaspace       used 24262K, capacity 24650K, committed 24832K, reserved 26624K
}
Event: 2855.755 GC heap before
{Heap before GC invocations=1417 (full 7):
 def new generation   total 4601920K, used 4379937K [0x00007f0430600000, 0x00007f0568760000, 0x00007f0edb0a0000)
  eden space 4090624K, 100% used [0x00007f0430600000, 0x00007f052a0c0000, 0x00007f052a0c0000)
  from space 511296K,  56% used [0x00007f052a0c0000, 0x00007f053bb485f8, 0x00007f0549410000)
  to   space 511296K,   0% used [0x00007f0549410000, 0x00007f0549410000, 0x00007f0568760000)
 tenured generation   total 10226328K, used 10059926K [0x00007f0edb0a0000, 0x00007f114b346000, 0x00007f2430600000)
   the space 10226328K,  98% used [0x00007f0edb0a0000, 0x00007f11410c59a8, 0x00007f11410c5a00, 0x00007f114b346000)
 Metaspace       used 24262K, capacity 24650K, committed 24832K, reserved 26624K
}
Event: 2855.990 GC heap after
{Heap after GC invocations=1418 (full 7):
 def new generation   total 4601920K, used 264129K [0x00007f0430600000, 0x00007f0568760000, 0x00007f0edb0a0000)
  eden space 4090624K,   0% used [0x00007f0430600000, 0x00007f0430600000, 0x00007f052a0c0000)
  from space 511296K,  51% used [0x00007f0549410000, 0x00007f05596004d0, 0x00007f0568760000)
  to   space 511296K,   0% used [0x00007f052a0c0000, 0x00007f052a0c0000, 0x00007f0549410000)
 tenured generation   total 10226328K, used 10093844K [0x00007f0edb0a0000, 0x00007f114b346000, 0x00007f2430600000)
   the space 10226328K,  98% used [0x00007f0edb0a0000, 0x00007f11431e5098, 0x00007f11431e5200, 0x00007f114b346000)
 Metaspace       used 24262K, capacity 24650K, committed 24832K, reserved 26624K
}
Event: 2861.116 GC heap before
{Heap before GC invocations=1418 (full 7):
 def new generation   total 4601920K, used 4354753K [0x00007f0430600000, 0x00007f0568760000, 0x00007f0edb0a0000)
  eden space 4090624K, 100% used [0x00007f0430600000, 0x00007f052a0c0000, 0x00007f052a0c0000)
  from space 511296K,  51% used [0x00007f0549410000, 0x00007f05596004d0, 0x00007f0568760000)
  to   space 511296K,   0% used [0x00007f052a0c0000, 0x00007f052a0c0000, 0x00007f0549410000)
 tenured generation   total 10226328K, used 10093844K [0x00007f0edb0a0000, 0x00007f114b346000, 0x00007f2430600000)
   the space 10226328K,  98% used [0x00007f0edb0a0000, 0x00007f11431e5098, 0x00007f11431e5200, 0x00007f114b346000)
 Metaspace       used 24262K, capacity 24650K, committed 24832K, reserved 26624K
}
Event: 2861.308 GC heap after
{Heap after GC invocations=1419 (full 7):
 def new generation   total 4601920K, used 270762K [0x00007f0430600000, 0x00007f0568760000, 0x00007f0edb0a0000)
  eden space 4090624K,   0% used [0x00007f0430600000, 0x00007f0430600000, 0x00007f052a0c0000)
  from space 511296K,  52% used [0x00007f052a0c0000, 0x00007f053a92ab50, 0x00007f0549410000)
  to   space 511296K,   0% used [0x00007f0549410000, 0x00007f0549410000, 0x00007f0568760000)
 tenured generation   total 10226328K, used 10110803K [0x00007f0edb0a0000, 0x00007f114b346000, 0x00007f2430600000)
   the space 10226328K,  98% used [0x00007f0edb0a0000, 0x00007f1144274cd0, 0x00007f1144274e00, 0x00007f114b346000)
 Metaspace       used 24262K, capacity 24650K, committed 24832K, reserved 26624K
}
Event: 2866.632 GC heap before
{Heap before GC invocations=1419 (full 7):
 def new generation   total 4601920K, used 4361386K [0x00007f0430600000, 0x00007f0568760000, 0x00007f0edb0a0000)
  eden space 4090624K, 100% used [0x00007f0430600000, 0x00007f052a0c0000, 0x00007f052a0c0000)
  from space 511296K,  52% used [0x00007f052a0c0000, 0x00007f053a92ab50, 0x00007f0549410000)
  to   space 511296K,   0% used [0x00007f0549410000, 0x00007f0549410000, 0x00007f0568760000)
 tenured generation   total 10226328K, used 10110803K [0x00007f0edb0a0000, 0x00007f114b346000, 0x00007f2430600000)
   the space 10226328K,  98% used [0x00007f0edb0a0000, 0x00007f1144274cd0, 0x00007f1144274e00, 0x00007f114b346000)
 Metaspace       used 24262K, capacity 24650K, committed 24832K, reserved 26624K
}
Event: 2866.853 GC heap after
{Heap after GC invocations=1420 (full 7):
 def new generation   total 4601920K, used 282097K [0x00007f0430600000, 0x00007f0568760000, 0x00007f0edb0a0000)
  eden space 4090624K,   0% used [0x00007f0430600000, 0x00007f0430600000, 0x00007f052a0c0000)
  from space 511296K,  55% used [0x00007f0549410000, 0x00007f055a78c6f0, 0x00007f0568760000)
  to   space 511296K,   0% used [0x00007f052a0c0000, 0x00007f052a0c0000, 0x00007f0549410000)
 tenured generation   total 10226328K, used 10127761K [0x00007f0edb0a0000, 0x00007f114b346000, 0x00007f2430600000)
   the space 10226328K,  99% used [0x00007f0edb0a0000, 0x00007f11453047b8, 0x00007f1145304800, 0x00007f114b346000)
 Metaspace       used 24262K, capacity 24650K, committed 24832K, reserved 26624K
}
Event: 2872.034 GC heap before
{Heap before GC invocations=1420 (full 7):
 def new generation   total 4601920K, used 4372721K [0x00007f0430600000, 0x00007f0568760000, 0x00007f0edb0a0000)
  eden space 4090624K, 100% used [0x00007f0430600000, 0x00007f052a0c0000, 0x00007f052a0c0000)
  from space 511296K,  55% used [0x00007f0549410000, 0x00007f055a78c6f0, 0x00007f0568760000)
  to   space 511296K,   0% used [0x00007f052a0c0000, 0x00007f052a0c0000, 0x00007f0549410000)
 tenured generation   total 10226328K, used 10127761K [0x00007f0edb0a0000, 0x00007f114b346000, 0x00007f2430600000)
   the space 10226328K,  99% used [0x00007f0edb0a0000, 0x00007f11453047b8, 0x00007f1145304800, 0x00007f114b346000)
 Metaspace       used 24262K, capacity 24650K, committed 24832K, reserved 26624K
}
Event: 2872.291 GC heap after
{Heap after GC invocations=1421 (full 7):
 def new generation   total 4601920K, used 274410K [0x00007f0430600000, 0x00007f0568760000, 0x00007f0edb0a0000)
  eden space 4090624K,   0% used [0x00007f0430600000, 0x00007f0430600000, 0x00007f052a0c0000)
  from space 511296K,  53% used [0x00007f052a0c0000, 0x00007f053acbaad0, 0x00007f0549410000)
  to   space 511296K,   0% used [0x00007f0549410000, 0x00007f0549410000, 0x00007f0568760000)
 tenured generation   total 10226328K, used 10161679K [0x00007f0edb0a0000, 0x00007f114b346000, 0x00007f2430600000)
   the space 10226328K,  99% used [0x00007f0edb0a0000, 0x00007f1147423dc8, 0x00007f1147423e00, 0x00007f114b346000)
 Metaspace       used 24262K, capacity 24650K, committed 24832K, reserved 26624K
}
Event: 2877.462 GC heap before
{Heap before GC invocations=1421 (full 7):
 def new generation   total 4601920K, used 4365034K [0x00007f0430600000, 0x00007f0568760000, 0x00007f0edb0a0000)
  eden space 4090624K, 100% used [0x00007f0430600000, 0x00007f052a0c0000, 0x00007f052a0c0000)
  from space 511296K,  53% used [0x00007f052a0c0000, 0x00007f053acbaad0, 0x00007f0549410000)
  to   space 511296K,   0% used [0x00007f0549410000, 0x00007f0549410000, 0x00007f0568760000)
 tenured generation   total 10226328K, used 10161679K [0x00007f0edb0a0000, 0x00007f114b346000, 0x00007f2430600000)
   the space 10226328K,  99% used [0x00007f0edb0a0000, 0x00007f1147423dc8, 0x00007f1147423e00, 0x00007f114b346000)
 Metaspace       used 24262K, capacity 24650K, committed 24832K, reserved 26624K
}
Event: 2877.801 GC heap after
{Heap after GC invocations=1422 (full 7):
 def new generation   total 4601920K, used 271271K [0x00007f0430600000, 0x00007f0568760000, 0x00007f0edb0a0000)
  eden space 4090624K,   0% used [0x00007f0430600000, 0x00007f0430600000, 0x00007f052a0c0000)
  from space 511296K,  53% used [0x00007f0549410000, 0x00007f0559cf9c30, 0x00007f0568760000)
  to   space 511296K,   0% used [0x00007f052a0c0000, 0x00007f052a0c0000, 0x00007f0549410000)
 tenured generation   total 10226328K, used 10195597K [0x00007f0edb0a0000, 0x00007f114b346000, 0x00007f2430600000)
   the space 10226328K,  99% used [0x00007f0edb0a0000, 0x00007f11495435f8, 0x00007f1149543600, 0x00007f114b346000)
 Metaspace       used 24262K, capacity 24650K, committed 24832K, reserved 26624K
}
Event: 2882.890 GC heap before
{Heap before GC invocations=1422 (full 7):
 def new generation   total 4601920K, used 4361895K [0x00007f0430600000, 0x00007f0568760000, 0x00007f0edb0a0000)
  eden space 4090624K, 100% used [0x00007f0430600000, 0x00007f052a0c0000, 0x00007f052a0c0000)
  from space 511296K,  53% used [0x00007f0549410000, 0x00007f0559cf9c30, 0x00007f0568760000)
  to   space 511296K,   0% used [0x00007f052a0c0000, 0x00007f052a0c0000, 0x00007f0549410000)
 tenured generation   total 10226328K, used 10195597K [0x00007f0edb0a0000, 0x00007f114b346000, 0x00007f2430600000)
   the space 10226328K,  99% used [0x00007f0edb0a0000, 0x00007f11495435f8, 0x00007f1149543600, 0x00007f114b346000)
 Metaspace       used 24262K, capacity 24650K, committed 24832K, reserved 26624K
}
Event: 2883.126 GC heap after
{Heap after GC invocations=1423 (full 7):
 def new generation   total 4601920K, used 284664K [0x00007f0430600000, 0x00007f0568760000, 0x00007f0edb0a0000)
  eden space 4090624K,   0% used [0x00007f0430600000, 0x00007f0430600000, 0x00007f052a0c0000)
  from space 511296K,  55% used [0x00007f052a0c0000, 0x00007f053b6be368, 0x00007f0549410000)
  to   space 511296K,   0% used [0x00007f0549410000, 0x00007f0549410000, 0x00007f0568760000)
 tenured generation   total 10226328K, used 10212556K [0x00007f0edb0a0000, 0x00007f114b346000, 0x00007f2430600000)
   the space 10226328K,  99% used [0x00007f0edb0a0000, 0x00007f114a5d30e0, 0x00007f114a5d3200, 0x00007f114b346000)
 Metaspace       used 24262K, capacity 24650K, committed 24832K, reserved 26624K
}
Event: 2888.169 GC heap before
{Heap before GC invocations=1423 (full 7):
 def new generation   total 4601920K, used 4375288K [0x00007f0430600000, 0x00007f0568760000, 0x00007f0edb0a0000)
  eden space 4090624K, 100% used [0x00007f0430600000, 0x00007f052a0c0000, 0x00007f052a0c0000)
  from space 511296K,  55% used [0x00007f052a0c0000, 0x00007f053b6be368, 0x00007f0549410000)
  to   space 511296K,   0% used [0x00007f0549410000, 0x00007f0549410000, 0x00007f0568760000)
 tenured generation   total 10226328K, used 10212556K [0x00007f0edb0a0000, 0x00007f114b346000, 0x00007f2430600000)
   the space 10226328K,  99% used [0x00007f0edb0a0000, 0x00007f114a5d30e0, 0x00007f114a5d3200, 0x00007f114b346000)
 Metaspace       used 24262K, capacity 24650K, committed 24832K, reserved 26624K
}
Event: 2888.431 GC heap after
{Heap after GC invocations=1424 (full 7):
 def new generation   total 4601920K, used 281627K [0x00007f0430600000, 0x00007f0568760000, 0x00007f0edb0a0000)
  eden space 4090624K,   0% used [0x00007f0430600000, 0x00007f0430600000, 0x00007f052a0c0000)
  from space 511296K,  55% used [0x00007f0549410000, 0x00007f055a716e70, 0x00007f0568760000)
  to   space 511296K,   0% used [0x00007f052a0c0000, 0x00007f052a0c0000, 0x00007f0549410000)
 tenured generation   total 10259104K, used 10246473K [0x00007f0edb0a0000, 0x00007f114d348000, 0x00007f2430600000)
   the space 10259104K,  99% used [0x00007f0edb0a0000, 0x00007f114c6f26b0, 0x00007f114c6f2800, 0x00007f114d348000)
 Metaspace       used 24262K, capacity 24650K, committed 24832K, reserved 26624K
}
Event: 2888.431 GC heap before
{Heap before GC invocations=1424 (full 7):
 def new generation   total 4601920K, used 281627K [0x00007f0430600000, 0x00007f0568760000, 0x00007f0edb0a0000)
  eden space 4090624K,   0% used [0x00007f0430600000, 0x00007f0430600000, 0x00007f052a0c0000)
  from space 511296K,  55% used [0x00007f0549410000, 0x00007f055a716e70, 0x00007f0568760000)
  to   space 511296K,   0% used [0x00007f052a0c0000, 0x00007f052a0c0000, 0x00007f0549410000)
 tenured generation   total 10259104K, used 10246473K [0x00007f0edb0a0000, 0x00007f114d348000, 0x00007f2430600000)
   the space 10259104K,  99% used [0x00007f0edb0a0000, 0x00007f114c6f26b0, 0x00007f114c6f2800, 0x00007f114d348000)
 Metaspace       used 24262K, capacity 24650K, committed 24832K, reserved 26624K
}

