# JRE version: OpenJDK Runtime Environment (13.0.7+5) (build 13.0.7+5-Ubuntu-0ubuntu120.04)
# Java VM: OpenJDK 64-Bit Server VM (13.0.7+5-Ubuntu-0ubuntu120.04, mixed mode, tiered, serial gc, linux-amd64)
Heap:
 def new generation   total 629248K, used 0K [0x00007f6890600000, 0x00007f68bb0c0000, 0x00007f6de5b50000)
  eden space 559360K,   0% used [0x00007f6890600000, 0x00007f6890600000, 0x00007f68b2840000)
  from space 69888K,   0% used [0x00007f68b2840000, 0x00007f68b2840000, 0x00007f68b6c80000)
  to   space 69888K,   0% used [0x00007f68b6c80000, 0x00007f68b6c80000, 0x00007f68bb0c0000)
 tenured generation   total 1398144K, used 612680K [0x00007f6de5b50000, 0x00007f6e3b0b0000, 0x00007f7890600000)
   the space 1398144K,  43% used [0x00007f6de5b50000, 0x00007f6e0b1a2248, 0x00007f6e0b1a2400, 0x00007f6e3b0b0000)
 Metaspace       used 30819K, capacity 31224K, committed 31488K, reserved 32768K
GC Heap History (20 events):
Event: 88.858 GC heap before
{Heap before GC invocations=320 (full 1):
 def new generation   total 629248K, used 563325K [0x00007f6890600000, 0x00007f68bb0c0000, 0x00007f6de5b50000)
  eden space 559360K, 100% used [0x00007f6890600000, 0x00007f68b2840000, 0x00007f68b2840000)
  from space 69888K,   5% used [0x00007f68b6c80000, 0x00007f68b705f630, 0x00007f68bb0c0000)
  to   space 69888K,   0% used [0x00007f68b2840000, 0x00007f68b2840000, 0x00007f68b6c80000)
 tenured generation   total 1398144K, used 970160K [0x00007f6de5b50000, 0x00007f6e3b0b0000, 0x00007f7890600000)
   the space 1398144K,  69% used [0x00007f6de5b50000, 0x00007f6e20ebc2d0, 0x00007f6e20ebc400, 0x00007f6e3b0b0000)
 Metaspace       used 30763K, capacity 31214K, committed 31488K, reserved 32768K
}
Event: 88.860 GC heap after
{Heap after GC invocations=321 (full 1):
 def new generation   total 629248K, used 3949K [0x00007f6890600000, 0x00007f68bb0c0000, 0x00007f6de5b50000)
  eden space 559360K,   0% used [0x00007f6890600000, 0x00007f6890600000, 0x00007f68b2840000)
  from space 69888K,   5% used [0x00007f68b2840000, 0x00007f68b2c1b410, 0x00007f68b6c80000)
  to   space 69888K,   0% used [0x00007f68b6c80000, 0x00007f68b6c80000, 0x00007f68bb0c0000)
 tenured generation   total 1398144K, used 970459K [0x00007f6de5b50000, 0x00007f6e3b0b0000, 0x00007f7890600000)
   the space 1398144K,  69% used [0x00007f6de5b50000, 0x00007f6e20f06fd0, 0x00007f6e20f07000, 0x00007f6e3b0b0000)
 Metaspace       used 30763K, capacity 31214K, committed 31488K, reserved 32768K
}
Event: 89.163 GC heap before
{Heap before GC invocations=321 (full 1):
 def new generation   total 629248K, used 524384K [0x00007f6890600000, 0x00007f68bb0c0000, 0x00007f6de5b50000)
  eden space 559360K,  93% used [0x00007f6890600000, 0x00007f68b023cf60, 0x00007f68b2840000)
  from space 69888K,   5% used [0x00007f68b2840000, 0x00007f68b2c1b410, 0x00007f68b6c80000)
  to   space 69888K,   0% used [0x00007f68b6c80000, 0x00007f68b6c80000, 0x00007f68bb0c0000)
 tenured generation   total 1398144K, used 970459K [0x00007f6de5b50000, 0x00007f6e3b0b0000, 0x00007f7890600000)
   the space 1398144K,  69% used [0x00007f6de5b50000, 0x00007f6e20f06fd0, 0x00007f6e20f07000, 0x00007f6e3b0b0000)
 Metaspace       used 30763K, capacity 31214K, committed 31488K, reserved 32768K
}
Event: 89.183 GC heap after
{Heap after GC invocations=322 (full 1):
 def new generation   total 629248K, used 69285K [0x00007f6890600000, 0x00007f68bb0c0000, 0x00007f6de5b50000)
  eden space 559360K,   0% used [0x00007f6890600000, 0x00007f6890600000, 0x00007f68b2840000)
  from space 69888K,  99% used [0x00007f68b6c80000, 0x00007f68bb0294d8, 0x00007f68bb0c0000)
  to   space 69888K,   0% used [0x00007f68b2840000, 0x00007f68b2840000, 0x00007f68b6c80000)
 tenured generation   total 1398144K, used 970759K [0x00007f6de5b50000, 0x00007f6e3b0b0000, 0x00007f7890600000)
   the space 1398144K,  69% used [0x00007f6de5b50000, 0x00007f6e20f51cd0, 0x00007f6e20f51e00, 0x00007f6e3b0b0000)
 Metaspace       used 30763K, capacity 31214K, committed 31488K, reserved 32768K
}
Event: 89.421 GC heap before
{Heap before GC invocations=322 (full 1):
 def new generation   total 629248K, used 628645K [0x00007f6890600000, 0x00007f68bb0c0000, 0x00007f6de5b50000)
  eden space 559360K, 100% used [0x00007f6890600000, 0x00007f68b2840000, 0x00007f68b2840000)
  from space 69888K,  99% used [0x00007f68b6c80000, 0x00007f68bb0294d8, 0x00007f68bb0c0000)
  to   space 69888K,   0% used [0x00007f68b2840000, 0x00007f68b2840000, 0x00007f68b6c80000)
 tenured generation   total 1398144K, used 970759K [0x00007f6de5b50000, 0x00007f6e3b0b0000, 0x00007f7890600000)
   the space 1398144K,  69% used [0x00007f6de5b50000, 0x00007f6e20f51cd0, 0x00007f6e20f51e00, 0x00007f6e3b0b0000)
 Metaspace       used 30763K, capacity 31214K, committed 31488K, reserved 32768K
}
Event: 89.424 GC heap after
{Heap after GC invocations=323 (full 1):
 def new generation   total 629248K, used 2K [0x00007f6890600000, 0x00007f68bb0c0000, 0x00007f6de5b50000)
  eden space 559360K,   0% used [0x00007f6890600000, 0x00007f6890600000, 0x00007f68b2840000)
  from space 69888K,   0% used [0x00007f68b2840000, 0x00007f68b2840b70, 0x00007f68b6c80000)
  to   space 69888K,   0% used [0x00007f68b6c80000, 0x00007f68b6c80000, 0x00007f68bb0c0000)
 tenured generation   total 1398144K, used 974449K [0x00007f6de5b50000, 0x00007f6e3b0b0000, 0x00007f7890600000)
   the space 1398144K,  69% used [0x00007f6de5b50000, 0x00007f6e212ec670, 0x00007f6e212ec800, 0x00007f6e3b0b0000)
 Metaspace       used 30763K, capacity 31214K, committed 31488K, reserved 32768K
}
Event: 90.063 GC heap before
{Heap before GC invocations=323 (full 1):
 def new generation   total 629248K, used 559362K [0x00007f6890600000, 0x00007f68bb0c0000, 0x00007f6de5b50000)
  eden space 559360K, 100% used [0x00007f6890600000, 0x00007f68b2840000, 0x00007f68b2840000)
  from space 69888K,   0% used [0x00007f68b2840000, 0x00007f68b2840b70, 0x00007f68b6c80000)
  to   space 69888K,   0% used [0x00007f68b6c80000, 0x00007f68b6c80000, 0x00007f68bb0c0000)
 tenured generation   total 1398144K, used 974449K [0x00007f6de5b50000, 0x00007f6e3b0b0000, 0x00007f7890600000)
   the space 1398144K,  69% used [0x00007f6de5b50000, 0x00007f6e212ec670, 0x00007f6e212ec800, 0x00007f6e3b0b0000)
 Metaspace       used 30819K, capacity 31224K, committed 31488K, reserved 32768K
}
Event: 90.065 GC heap after
{Heap after GC invocations=324 (full 1):
 def new generation   total 629248K, used 733K [0x00007f6890600000, 0x00007f68bb0c0000, 0x00007f6de5b50000)
  eden space 559360K,   0% used [0x00007f6890600000, 0x00007f6890600000, 0x00007f68b2840000)
  from space 69888K,   1% used [0x00007f68b6c80000, 0x00007f68b6d375b0, 0x00007f68bb0c0000)
  to   space 69888K,   0% used [0x00007f68b2840000, 0x00007f68b2840000, 0x00007f68b6c80000)
 tenured generation   total 1398144K, used 974449K [0x00007f6de5b50000, 0x00007f6e3b0b0000, 0x00007f7890600000)
   the space 1398144K,  69% used [0x00007f6de5b50000, 0x00007f6e212ec670, 0x00007f6e212ec800, 0x00007f6e3b0b0000)
 Metaspace       used 30819K, capacity 31224K, committed 31488K, reserved 32768K
}
Event: 90.332 GC heap before
{Heap before GC invocations=324 (full 1):
 def new generation   total 629248K, used 560093K [0x00007f6890600000, 0x00007f68bb0c0000, 0x00007f6de5b50000)
  eden space 559360K, 100% used [0x00007f6890600000, 0x00007f68b2840000, 0x00007f68b2840000)
  from space 69888K,   1% used [0x00007f68b6c80000, 0x00007f68b6d375b0, 0x00007f68bb0c0000)
  to   space 69888K,   0% used [0x00007f68b2840000, 0x00007f68b2840000, 0x00007f68b6c80000)
 tenured generation   total 1398144K, used 974449K [0x00007f6de5b50000, 0x00007f6e3b0b0000, 0x00007f7890600000)
   the space 1398144K,  69% used [0x00007f6de5b50000, 0x00007f6e212ec670, 0x00007f6e212ec800, 0x00007f6e3b0b0000)
 Metaspace       used 30819K, capacity 31224K, committed 31488K, reserved 32768K
}
Event: 90.334 GC heap after
{Heap after GC invocations=325 (full 1):
 def new generation   total 629248K, used 743K [0x00007f6890600000, 0x00007f68bb0c0000, 0x00007f6de5b50000)
  eden space 559360K,   0% used [0x00007f6890600000, 0x00007f6890600000, 0x00007f68b2840000)
  from space 69888K,   1% used [0x00007f68b2840000, 0x00007f68b28f9d90, 0x00007f68b6c80000)
  to   space 69888K,   0% used [0x00007f68b6c80000, 0x00007f68b6c80000, 0x00007f68bb0c0000)
 tenured generation   total 1398144K, used 974449K [0x00007f6de5b50000, 0x00007f6e3b0b0000, 0x00007f7890600000)
   the space 1398144K,  69% used [0x00007f6de5b50000, 0x00007f6e212ec670, 0x00007f6e212ec800, 0x00007f6e3b0b0000)
 Metaspace       used 30819K, capacity 31224K, committed 31488K, reserved 32768K
}
Event: 90.780 GC heap before
{Heap before GC invocations=325 (full 1):
 def new generation   total 629248K, used 560103K [0x00007f6890600000, 0x00007f68bb0c0000, 0x00007f6de5b50000)
  eden space 559360K, 100% used [0x00007f6890600000, 0x00007f68b2840000, 0x00007f68b2840000)
  from space 69888K,   1% used [0x00007f68b2840000, 0x00007f68b28f9d90, 0x00007f68b6c80000)
  to   space 69888K,   0% used [0x00007f68b6c80000, 0x00007f68b6c80000, 0x00007f68bb0c0000)
 tenured generation   total 1398144K, used 974449K [0x00007f6de5b50000, 0x00007f6e3b0b0000, 0x00007f7890600000)
   the space 1398144K,  69% used [0x00007f6de5b50000, 0x00007f6e212ec670, 0x00007f6e212ec800, 0x00007f6e3b0b0000)
 Metaspace       used 30819K, capacity 31224K, committed 31488K, reserved 32768K
}
Event: 90.782 GC heap after
{Heap after GC invocations=326 (full 1):
 def new generation   total 629248K, used 680K [0x00007f6890600000, 0x00007f68bb0c0000, 0x00007f6de5b50000)
  eden space 559360K,   0% used [0x00007f6890600000, 0x00007f6890600000, 0x00007f68b2840000)
  from space 69888K,   0% used [0x00007f68b6c80000, 0x00007f68b6d2a080, 0x00007f68bb0c0000)
  to   space 69888K,   0% used [0x00007f68b2840000, 0x00007f68b2840000, 0x00007f68b6c80000)
 tenured generation   total 1398144K, used 974449K [0x00007f6de5b50000, 0x00007f6e3b0b0000, 0x00007f7890600000)
   the space 1398144K,  69% used [0x00007f6de5b50000, 0x00007f6e212ec670, 0x00007f6e212ec800, 0x00007f6e3b0b0000)
 Metaspace       used 30819K, capacity 31224K, committed 31488K, reserved 32768K
}
Event: 91.082 GC heap before
{Heap before GC invocations=326 (full 1):
 def new generation   total 629248K, used 560040K [0x00007f6890600000, 0x00007f68bb0c0000, 0x00007f6de5b50000)
  eden space 559360K, 100% used [0x00007f6890600000, 0x00007f68b2840000, 0x00007f68b2840000)
  from space 69888K,   0% used [0x00007f68b6c80000, 0x00007f68b6d2a080, 0x00007f68bb0c0000)
  to   space 69888K,   0% used [0x00007f68b2840000, 0x00007f68b2840000, 0x00007f68b6c80000)
 tenured generation   total 1398144K, used 974449K [0x00007f6de5b50000, 0x00007f6e3b0b0000, 0x00007f7890600000)
   the space 1398144K,  69% used [0x00007f6de5b50000, 0x00007f6e212ec670, 0x00007f6e212ec800, 0x00007f6e3b0b0000)
 Metaspace       used 30819K, capacity 31224K, committed 31488K, reserved 32768K
}
Event: 91.084 GC heap after
{Heap after GC invocations=327 (full 1):
 def new generation   total 629248K, used 878K [0x00007f6890600000, 0x00007f68bb0c0000, 0x00007f6de5b50000)
  eden space 559360K,   0% used [0x00007f6890600000, 0x00007f6890600000, 0x00007f68b2840000)
  from space 69888K,   1% used [0x00007f68b2840000, 0x00007f68b291bae0, 0x00007f68b6c80000)
  to   space 69888K,   0% used [0x00007f68b6c80000, 0x00007f68b6c80000, 0x00007f68bb0c0000)
 tenured generation   total 1398144K, used 974449K [0x00007f6de5b50000, 0x00007f6e3b0b0000, 0x00007f7890600000)
   the space 1398144K,  69% used [0x00007f6de5b50000, 0x00007f6e212ec670, 0x00007f6e212ec800, 0x00007f6e3b0b0000)
 Metaspace       used 30819K, capacity 31224K, committed 31488K, reserved 32768K
}
Event: 91.180 GC heap before
{Heap before GC invocations=327 (full 1):
 def new generation   total 629248K, used 179694K [0x00007f6890600000, 0x00007f68bb0c0000, 0x00007f6de5b50000)
  eden space 559360K,  31% used [0x00007f6890600000, 0x00007f689b49fe70, 0x00007f68b2840000)
  from space 69888K,   1% used [0x00007f68b2840000, 0x00007f68b291bae0, 0x00007f68b6c80000)
  to   space 69888K,   0% used [0x00007f68b6c80000, 0x00007f68b6c80000, 0x00007f68bb0c0000)
 tenured generation   total 1398144K, used 974449K [0x00007f6de5b50000, 0x00007f6e3b0b0000, 0x00007f7890600000)
   the space 1398144K,  69% used [0x00007f6de5b50000, 0x00007f6e212ec670, 0x00007f6e212ec800, 0x00007f6e3b0b0000)
 Metaspace       used 30819K, capacity 31224K, committed 31488K, reserved 32768K
}
Event: 91.182 GC heap after
{Heap after GC invocations=328 (full 1):
 def new generation   total 629248K, used 2090K [0x00007f6890600000, 0x00007f68bb0c0000, 0x00007f6de5b50000)
  eden space 559360K,   0% used [0x00007f6890600000, 0x00007f6890600000, 0x00007f68b2840000)
  from space 69888K,   2% used [0x00007f68b6c80000, 0x00007f68b6e8a8c8, 0x00007f68bb0c0000)
  to   space 69888K,   0% used [0x00007f68b2840000, 0x00007f68b2840000, 0x00007f68b6c80000)
 tenured generation   total 1398144K, used 974449K [0x00007f6de5b50000, 0x00007f6e3b0b0000, 0x00007f7890600000)
   the space 1398144K,  69% used [0x00007f6de5b50000, 0x00007f6e212ec670, 0x00007f6e212ec800, 0x00007f6e3b0b0000)
 Metaspace       used 30819K, capacity 31224K, committed 31488K, reserved 32768K
}
Event: 91.540 GC heap before
{Heap before GC invocations=328 (full 1):
 def new generation   total 629248K, used 537550K [0x00007f6890600000, 0x00007f68bb0c0000, 0x00007f6de5b50000)
  eden space 559360K,  95% used [0x00007f6890600000, 0x00007f68b10e91c0, 0x00007f68b2840000)
  from space 69888K,   2% used [0x00007f68b6c80000, 0x00007f68b6e8a8c8, 0x00007f68bb0c0000)
  to   space 69888K,   0% used [0x00007f68b2840000, 0x00007f68b2840000, 0x00007f68b6c80000)
 tenured generation   total 1398144K, used 974449K [0x00007f6de5b50000, 0x00007f6e3b0b0000, 0x00007f7890600000)
   the space 1398144K,  69% used [0x00007f6de5b50000, 0x00007f6e212ec670, 0x00007f6e212ec800, 0x00007f6e3b0b0000)
 Metaspace       used 30819K, capacity 31224K, committed 31488K, reserved 32768K
}
Event: 91.878 GC heap after
{Heap after GC invocations=329 (full 1):
 def new generation   total 629248K, used 1035K [0x00007f6890600000, 0x00007f68bb0c0000, 0x00007f6de5b50000)
  eden space 559360K,   0% used [0x00007f6890600000, 0x00007f6890600000, 0x00007f68b2840000)
  from space 69888K,   1% used [0x00007f68b2840000, 0x00007f68b2942cd0, 0x00007f68b6c80000)
  to   space 69888K,   0% used [0x00007f68b6c80000, 0x00007f68b6c80000, 0x00007f68bb0c0000)
 tenured generation   total 1922436K, used 1498737K [0x00007f6de5b50000, 0x00007f6e5b0b1000, 0x00007f7890600000)
   the space 1922436K,  77% used [0x00007f6de5b50000, 0x00007f6e412ec688, 0x00007f6e412ec800, 0x00007f6e5b0b1000)
 Metaspace       used 30819K, capacity 31224K, committed 31488K, reserved 32768K
}
Event: 91.878 GC heap before
{Heap before GC invocations=329 (full 1):
 def new generation   total 629248K, used 1035K [0x00007f6890600000, 0x00007f68bb0c0000, 0x00007f6de5b50000)
  eden space 559360K,   0% used [0x00007f6890600000, 0x00007f6890600000, 0x00007f68b2840000)
  from space 69888K,   1% used [0x00007f68b2840000, 0x00007f68b2942cd0, 0x00007f68b6c80000)
  to   space 69888K,   0% used [0x00007f68b6c80000, 0x00007f68b6c80000, 0x00007f68bb0c0000)
 tenured generation   total 1922436K, used 1498737K [0x00007f6de5b50000, 0x00007f6e5b0b1000, 0x00007f7890600000)
   the space 1922436K,  77% used [0x00007f6de5b50000, 0x00007f6e412ec688, 0x00007f6e412ec800, 0x00007f6e5b0b1000)
 Metaspace       used 30819K, capacity 31224K, committed 31488K, reserved 32768K
}
Event: 92.089 GC heap after
{Heap after GC invocations=329 (full 2):
 def new generation   total 629248K, used 0K [0x00007f6890600000, 0x00007f68bb0c0000, 0x00007f6de5b50000)
  eden space 559360K,   0% used [0x00007f6890600000, 0x00007f6890600000, 0x00007f68b2840000)
  from space 69888K,   0% used [0x00007f68b2840000, 0x00007f68b2840000, 0x00007f68b6c80000)
  to   space 69888K,   0% used [0x00007f68b6c80000, 0x00007f68b6c80000, 0x00007f68bb0c0000)
 tenured generation   total 1398144K, used 612680K [0x00007f6de5b50000, 0x00007f6e3b0b0000, 0x00007f7890600000)
   the space 1398144K,  43% used [0x00007f6de5b50000, 0x00007f6e0b1a2248, 0x00007f6e0b1a2400, 0x00007f6e3b0b0000)
 Metaspace       used 30819K, capacity 31224K, committed 31488K, reserved 32768K
}

