# JRE version: OpenJDK Runtime Environment (13.0.7+5) (build 13.0.7+5-Ubuntu-0ubuntu120.04)
# Java VM: OpenJDK 64-Bit Server VM (13.0.7+5-Ubuntu-0ubuntu120.04, mixed mode, tiered, serial gc, linux-amd64)
Heap:
 def new generation   total 4885440K, used 0K [0x00007f2d6c600000, 0x00007f2eb7b00000, 0x00007f38170a0000)
  eden space 4342656K,   0% used [0x00007f2d6c600000, 0x00007f2d6c600000, 0x00007f2e756e0000)
  from space 542784K,   0% used [0x00007f2e756e0000, 0x00007f2e756e0000, 0x00007f2e968f0000)
  to   space 542784K,   0% used [0x00007f2e968f0000, 0x00007f2e968f0000, 0x00007f2eb7b00000)
 tenured generation   total 10872728K, used 10681466K [0x00007f38170a0000, 0x00007f3aaea86000, 0x00007f4d6c600000)
   the space 10872728K,  98% used [0x00007f38170a0000, 0x00007f3aa2fbe9a0, 0x00007f3aa2fbea00, 0x00007f3aaea86000)
 Metaspace       used 24284K, capacity 24713K, committed 24832K, reserved 26624K
GC Heap History (20 events):
Event: 1093.158 GC heap after
{Heap after GC invocations=1339 (full 7):
 def new generation   total 4885440K, used 224038K [0x00007f2d6c600000, 0x00007f2eb7b00000, 0x00007f38170a0000)
  eden space 4342656K,   0% used [0x00007f2d6c600000, 0x00007f2d6c600000, 0x00007f2e756e0000)
  from space 542784K,  41% used [0x00007f2e968f0000, 0x00007f2ea43b9b50, 0x00007f2eb7b00000)
  to   space 542784K,   0% used [0x00007f2e756e0000, 0x00007f2e756e0000, 0x00007f2e968f0000)
 tenured generation   total 10856340K, used 10758551K [0x00007f38170a0000, 0x00007f3aada85000, 0x00007f4d6c600000)
   the space 10856340K,  99% used [0x00007f38170a0000, 0x00007f3aa7b05df0, 0x00007f3aa7b05e00, 0x00007f3aada85000)
 Metaspace       used 24284K, capacity 24713K, committed 24832K, reserved 26624K
}
Event: 1095.031 GC heap before
{Heap before GC invocations=1339 (full 7):
 def new generation   total 4885440K, used 4566694K [0x00007f2d6c600000, 0x00007f2eb7b00000, 0x00007f38170a0000)
  eden space 4342656K, 100% used [0x00007f2d6c600000, 0x00007f2e756e0000, 0x00007f2e756e0000)
  from space 542784K,  41% used [0x00007f2e968f0000, 0x00007f2ea43b9b50, 0x00007f2eb7b00000)
  to   space 542784K,   0% used [0x00007f2e756e0000, 0x00007f2e756e0000, 0x00007f2e968f0000)
 tenured generation   total 10856340K, used 10758551K [0x00007f38170a0000, 0x00007f3aada85000, 0x00007f4d6c600000)
   the space 10856340K,  99% used [0x00007f38170a0000, 0x00007f3aa7b05df0, 0x00007f3aa7b05e00, 0x00007f3aada85000)
 Metaspace       used 24284K, capacity 24713K, committed 24832K, reserved 26624K
}
Event: 1095.097 GC heap after
{Heap after GC invocations=1340 (full 7):
 def new generation   total 4885440K, used 243055K [0x00007f2d6c600000, 0x00007f2eb7b00000, 0x00007f38170a0000)
  eden space 4342656K,   0% used [0x00007f2d6c600000, 0x00007f2d6c600000, 0x00007f2e756e0000)
  from space 542784K,  44% used [0x00007f2e756e0000, 0x00007f2e8443bc40, 0x00007f2e968f0000)
  to   space 542784K,   0% used [0x00007f2e968f0000, 0x00007f2e968f0000, 0x00007f2eb7b00000)
 tenured generation   total 10856340K, used 10758551K [0x00007f38170a0000, 0x00007f3aada85000, 0x00007f4d6c600000)
   the space 10856340K,  99% used [0x00007f38170a0000, 0x00007f3aa7b05df0, 0x00007f3aa7b05e00, 0x00007f3aada85000)
 Metaspace       used 24284K, capacity 24713K, committed 24832K, reserved 26624K
}
Event: 1096.994 GC heap before
{Heap before GC invocations=1340 (full 7):
 def new generation   total 4885440K, used 4576931K [0x00007f2d6c600000, 0x00007f2eb7b00000, 0x00007f38170a0000)
  eden space 4342656K,  99% used [0x00007f2d6c600000, 0x00007f2e74e4d188, 0x00007f2e756e0000)
  from space 542784K,  44% used [0x00007f2e756e0000, 0x00007f2e8443bc40, 0x00007f2e968f0000)
  to   space 542784K,   0% used [0x00007f2e968f0000, 0x00007f2e968f0000, 0x00007f2eb7b00000)
 tenured generation   total 10856340K, used 10758551K [0x00007f38170a0000, 0x00007f3aada85000, 0x00007f4d6c600000)
   the space 10856340K,  99% used [0x00007f38170a0000, 0x00007f3aa7b05df0, 0x00007f3aa7b05e00, 0x00007f3aada85000)
 Metaspace       used 24284K, capacity 24713K, committed 24832K, reserved 26624K
}
Event: 1097.059 GC heap after
{Heap after GC invocations=1341 (full 7):
 def new generation   total 4885440K, used 229207K [0x00007f2d6c600000, 0x00007f2eb7b00000, 0x00007f38170a0000)
  eden space 4342656K,   0% used [0x00007f2d6c600000, 0x00007f2d6c600000, 0x00007f2e756e0000)
  from space 542784K,  42% used [0x00007f2e968f0000, 0x00007f2ea48c5ea0, 0x00007f2eb7b00000)
  to   space 542784K,   0% used [0x00007f2e756e0000, 0x00007f2e756e0000, 0x00007f2e968f0000)
 tenured generation   total 10856340K, used 10775511K [0x00007f38170a0000, 0x00007f3aada85000, 0x00007f4d6c600000)
   the space 10856340K,  99% used [0x00007f38170a0000, 0x00007f3aa8b95e80, 0x00007f3aa8b96000, 0x00007f3aada85000)
 Metaspace       used 24284K, capacity 24713K, committed 24832K, reserved 26624K
}
Event: 1099.008 GC heap before
{Heap before GC invocations=1341 (full 7):
 def new generation   total 4885440K, used 4571863K [0x00007f2d6c600000, 0x00007f2eb7b00000, 0x00007f38170a0000)
  eden space 4342656K, 100% used [0x00007f2d6c600000, 0x00007f2e756e0000, 0x00007f2e756e0000)
  from space 542784K,  42% used [0x00007f2e968f0000, 0x00007f2ea48c5ea0, 0x00007f2eb7b00000)
  to   space 542784K,   0% used [0x00007f2e756e0000, 0x00007f2e756e0000, 0x00007f2e968f0000)
 tenured generation   total 10856340K, used 10775511K [0x00007f38170a0000, 0x00007f3aada85000, 0x00007f4d6c600000)
   the space 10856340K,  99% used [0x00007f38170a0000, 0x00007f3aa8b95e80, 0x00007f3aa8b96000, 0x00007f3aada85000)
 Metaspace       used 24284K, capacity 24713K, committed 24832K, reserved 26624K
}
Event: 1099.079 GC heap after
{Heap after GC invocations=1342 (full 7):
 def new generation   total 4885440K, used 264641K [0x00007f2d6c600000, 0x00007f2eb7b00000, 0x00007f38170a0000)
  eden space 4342656K,   0% used [0x00007f2d6c600000, 0x00007f2d6c600000, 0x00007f2e756e0000)
  from space 542784K,  48% used [0x00007f2e756e0000, 0x00007f2e85950790, 0x00007f2e968f0000)
  to   space 542784K,   0% used [0x00007f2e968f0000, 0x00007f2e968f0000, 0x00007f2eb7b00000)
 tenured generation   total 10856340K, used 10775511K [0x00007f38170a0000, 0x00007f3aada85000, 0x00007f4d6c600000)
   the space 10856340K,  99% used [0x00007f38170a0000, 0x00007f3aa8b95e80, 0x00007f3aa8b96000, 0x00007f3aada85000)
 Metaspace       used 24284K, capacity 24713K, committed 24832K, reserved 26624K
}
Event: 1100.987 GC heap before
{Heap before GC invocations=1342 (full 7):
 def new generation   total 4885440K, used 4607297K [0x00007f2d6c600000, 0x00007f2eb7b00000, 0x00007f38170a0000)
  eden space 4342656K, 100% used [0x00007f2d6c600000, 0x00007f2e756e0000, 0x00007f2e756e0000)
  from space 542784K,  48% used [0x00007f2e756e0000, 0x00007f2e85950790, 0x00007f2e968f0000)
  to   space 542784K,   0% used [0x00007f2e968f0000, 0x00007f2e968f0000, 0x00007f2eb7b00000)
 tenured generation   total 10856340K, used 10775511K [0x00007f38170a0000, 0x00007f3aada85000, 0x00007f4d6c600000)
   the space 10856340K,  99% used [0x00007f38170a0000, 0x00007f3aa8b95e80, 0x00007f3aa8b96000, 0x00007f3aada85000)
 Metaspace       used 24284K, capacity 24713K, committed 24832K, reserved 26624K
}
Event: 1101.059 GC heap after
{Heap after GC invocations=1343 (full 7):
 def new generation   total 4885440K, used 252307K [0x00007f2d6c600000, 0x00007f2eb7b00000, 0x00007f38170a0000)
  eden space 4342656K,   0% used [0x00007f2d6c600000, 0x00007f2d6c600000, 0x00007f2e756e0000)
  from space 542784K,  46% used [0x00007f2e968f0000, 0x00007f2ea5f54e50, 0x00007f2eb7b00000)
  to   space 542784K,   0% used [0x00007f2e756e0000, 0x00007f2e756e0000, 0x00007f2e968f0000)
 tenured generation   total 10856340K, used 10792471K [0x00007f38170a0000, 0x00007f3aada85000, 0x00007f4d6c600000)
   the space 10856340K,  99% used [0x00007f38170a0000, 0x00007f3aa9c25e38, 0x00007f3aa9c26000, 0x00007f3aada85000)
 Metaspace       used 24284K, capacity 24713K, committed 24832K, reserved 26624K
}
Event: 1103.100 GC heap before
{Heap before GC invocations=1343 (full 7):
 def new generation   total 4885440K, used 4594963K [0x00007f2d6c600000, 0x00007f2eb7b00000, 0x00007f38170a0000)
  eden space 4342656K, 100% used [0x00007f2d6c600000, 0x00007f2e756e0000, 0x00007f2e756e0000)
  from space 542784K,  46% used [0x00007f2e968f0000, 0x00007f2ea5f54e50, 0x00007f2eb7b00000)
  to   space 542784K,   0% used [0x00007f2e756e0000, 0x00007f2e756e0000, 0x00007f2e968f0000)
 tenured generation   total 10856340K, used 10792471K [0x00007f38170a0000, 0x00007f3aada85000, 0x00007f4d6c600000)
   the space 10856340K,  99% used [0x00007f38170a0000, 0x00007f3aa9c25e38, 0x00007f3aa9c26000, 0x00007f3aada85000)
 Metaspace       used 24284K, capacity 24713K, committed 24832K, reserved 26624K
}
Event: 1103.161 GC heap after
{Heap after GC invocations=1344 (full 7):
 def new generation   total 4885440K, used 254377K [0x00007f2d6c600000, 0x00007f2eb7b00000, 0x00007f38170a0000)
  eden space 4342656K,   0% used [0x00007f2d6c600000, 0x00007f2d6c600000, 0x00007f2e756e0000)
  from space 542784K,  46% used [0x00007f2e756e0000, 0x00007f2e84f4a500, 0x00007f2e968f0000)
  to   space 542784K,   0% used [0x00007f2e968f0000, 0x00007f2e968f0000, 0x00007f2eb7b00000)
 tenured generation   total 10856340K, used 10809431K [0x00007f38170a0000, 0x00007f3aada85000, 0x00007f4d6c600000)
   the space 10856340K,  99% used [0x00007f38170a0000, 0x00007f3aaacb5dd0, 0x00007f3aaacb5e00, 0x00007f3aada85000)
 Metaspace       used 24284K, capacity 24713K, committed 24832K, reserved 26624K
}
Event: 1105.076 GC heap before
{Heap before GC invocations=1344 (full 7):
 def new generation   total 4885440K, used 4597033K [0x00007f2d6c600000, 0x00007f2eb7b00000, 0x00007f38170a0000)
  eden space 4342656K, 100% used [0x00007f2d6c600000, 0x00007f2e756e0000, 0x00007f2e756e0000)
  from space 542784K,  46% used [0x00007f2e756e0000, 0x00007f2e84f4a500, 0x00007f2e968f0000)
  to   space 542784K,   0% used [0x00007f2e968f0000, 0x00007f2e968f0000, 0x00007f2eb7b00000)
 tenured generation   total 10856340K, used 10809431K [0x00007f38170a0000, 0x00007f3aada85000, 0x00007f4d6c600000)
   the space 10856340K,  99% used [0x00007f38170a0000, 0x00007f3aaacb5dd0, 0x00007f3aaacb5e00, 0x00007f3aada85000)
 Metaspace       used 24284K, capacity 24713K, committed 24832K, reserved 26624K
}
Event: 1105.140 GC heap after
{Heap after GC invocations=1345 (full 7):
 def new generation   total 4885440K, used 280066K [0x00007f2d6c600000, 0x00007f2eb7b00000, 0x00007f38170a0000)
  eden space 4342656K,   0% used [0x00007f2d6c600000, 0x00007f2d6c600000, 0x00007f2e756e0000)
  from space 542784K,  51% used [0x00007f2e968f0000, 0x00007f2ea7a708d0, 0x00007f2eb7b00000)
  to   space 542784K,   0% used [0x00007f2e756e0000, 0x00007f2e756e0000, 0x00007f2e968f0000)
 tenured generation   total 10856340K, used 10809431K [0x00007f38170a0000, 0x00007f3aada85000, 0x00007f4d6c600000)
   the space 10856340K,  99% used [0x00007f38170a0000, 0x00007f3aaacb5dd0, 0x00007f3aaacb5e00, 0x00007f3aada85000)
 Metaspace       used 24284K, capacity 24713K, committed 24832K, reserved 26624K
}
Event: 1107.112 GC heap before
{Heap before GC invocations=1345 (full 7):
 def new generation   total 4885440K, used 4622722K [0x00007f2d6c600000, 0x00007f2eb7b00000, 0x00007f38170a0000)
  eden space 4342656K, 100% used [0x00007f2d6c600000, 0x00007f2e756e0000, 0x00007f2e756e0000)
  from space 542784K,  51% used [0x00007f2e968f0000, 0x00007f2ea7a708d0, 0x00007f2eb7b00000)
  to   space 542784K,   0% used [0x00007f2e756e0000, 0x00007f2e756e0000, 0x00007f2e968f0000)
 tenured generation   total 10856340K, used 10809431K [0x00007f38170a0000, 0x00007f3aada85000, 0x00007f4d6c600000)
   the space 10856340K,  99% used [0x00007f38170a0000, 0x00007f3aaacb5dd0, 0x00007f3aaacb5e00, 0x00007f3aada85000)
 Metaspace       used 24284K, capacity 24713K, committed 24832K, reserved 26624K
}
Event: 1107.177 GC heap after
{Heap after GC invocations=1346 (full 7):
 def new generation   total 4885440K, used 285213K [0x00007f2d6c600000, 0x00007f2eb7b00000, 0x00007f38170a0000)
  eden space 4342656K,   0% used [0x00007f2d6c600000, 0x00007f2d6c600000, 0x00007f2e756e0000)
  from space 542784K,  52% used [0x00007f2e756e0000, 0x00007f2e86d674d0, 0x00007f2e968f0000)
  to   space 542784K,   0% used [0x00007f2e968f0000, 0x00007f2e968f0000, 0x00007f2eb7b00000)
 tenured generation   total 10856340K, used 10826390K [0x00007f38170a0000, 0x00007f3aada85000, 0x00007f4d6c600000)
   the space 10856340K,  99% used [0x00007f38170a0000, 0x00007f3aabd45be8, 0x00007f3aabd45c00, 0x00007f3aada85000)
 Metaspace       used 24284K, capacity 24713K, committed 24832K, reserved 26624K
}
Event: 1109.034 GC heap before
{Heap before GC invocations=1346 (full 7):
 def new generation   total 4885440K, used 4627869K [0x00007f2d6c600000, 0x00007f2eb7b00000, 0x00007f38170a0000)
  eden space 4342656K, 100% used [0x00007f2d6c600000, 0x00007f2e756e0000, 0x00007f2e756e0000)
  from space 542784K,  52% used [0x00007f2e756e0000, 0x00007f2e86d674d0, 0x00007f2e968f0000)
  to   space 542784K,   0% used [0x00007f2e968f0000, 0x00007f2e968f0000, 0x00007f2eb7b00000)
 tenured generation   total 10856340K, used 10826390K [0x00007f38170a0000, 0x00007f3aada85000, 0x00007f4d6c600000)
   the space 10856340K,  99% used [0x00007f38170a0000, 0x00007f3aabd45be8, 0x00007f3aabd45c00, 0x00007f3aada85000)
 Metaspace       used 24284K, capacity 24713K, committed 24832K, reserved 26624K
}
Event: 1109.126 GC heap after
{Heap after GC invocations=1347 (full 7):
 def new generation   total 4885440K, used 288284K [0x00007f2d6c600000, 0x00007f2eb7b00000, 0x00007f38170a0000)
  eden space 4342656K,   0% used [0x00007f2d6c600000, 0x00007f2d6c600000, 0x00007f2e756e0000)
  from space 542784K,  53% used [0x00007f2e968f0000, 0x00007f2ea8277038, 0x00007f2eb7b00000)
  to   space 542784K,   0% used [0x00007f2e756e0000, 0x00007f2e756e0000, 0x00007f2e968f0000)
 tenured generation   total 10856340K, used 10843350K [0x00007f38170a0000, 0x00007f3aada85000, 0x00007f4d6c600000)
   the space 10856340K,  99% used [0x00007f38170a0000, 0x00007f3aacdd5a30, 0x00007f3aacdd5c00, 0x00007f3aada85000)
 Metaspace       used 24284K, capacity 24713K, committed 24832K, reserved 26624K
}
Event: 1111.200 GC heap before
{Heap before GC invocations=1347 (full 7):
 def new generation   total 4885440K, used 4630940K [0x00007f2d6c600000, 0x00007f2eb7b00000, 0x00007f38170a0000)
  eden space 4342656K, 100% used [0x00007f2d6c600000, 0x00007f2e756e0000, 0x00007f2e756e0000)
  from space 542784K,  53% used [0x00007f2e968f0000, 0x00007f2ea8277038, 0x00007f2eb7b00000)
  to   space 542784K,   0% used [0x00007f2e756e0000, 0x00007f2e756e0000, 0x00007f2e968f0000)
 tenured generation   total 10856340K, used 10843350K [0x00007f38170a0000, 0x00007f3aada85000, 0x00007f4d6c600000)
   the space 10856340K,  99% used [0x00007f38170a0000, 0x00007f3aacdd5a30, 0x00007f3aacdd5c00, 0x00007f3aada85000)
 Metaspace       used 24284K, capacity 24713K, committed 24832K, reserved 26624K
}
Event: 1111.264 GC heap after
{Heap after GC invocations=1348 (full 7):
 def new generation   total 4885440K, used 294010K [0x00007f2d6c600000, 0x00007f2eb7b00000, 0x00007f38170a0000)
  eden space 4342656K,   0% used [0x00007f2d6c600000, 0x00007f2d6c600000, 0x00007f2e756e0000)
  from space 542784K,  54% used [0x00007f2e756e0000, 0x00007f2e875fe8a0, 0x00007f2e968f0000)
  to   space 542784K,   0% used [0x00007f2e968f0000, 0x00007f2e968f0000, 0x00007f2eb7b00000)
 tenured generation   total 10872728K, used 10860309K [0x00007f38170a0000, 0x00007f3aaea86000, 0x00007f4d6c600000)
   the space 10872728K,  99% used [0x00007f38170a0000, 0x00007f3aade65638, 0x00007f3aade65800, 0x00007f3aaea86000)
 Metaspace       used 24284K, capacity 24713K, committed 24832K, reserved 26624K
}
Event: 1111.264 GC heap before
{Heap before GC invocations=1348 (full 7):
 def new generation   total 4885440K, used 294010K [0x00007f2d6c600000, 0x00007f2eb7b00000, 0x00007f38170a0000)
  eden space 4342656K,   0% used [0x00007f2d6c600000, 0x00007f2d6c600000, 0x00007f2e756e0000)
  from space 542784K,  54% used [0x00007f2e756e0000, 0x00007f2e875fe8a0, 0x00007f2e968f0000)
  to   space 542784K,   0% used [0x00007f2e968f0000, 0x00007f2e968f0000, 0x00007f2eb7b00000)
 tenured generation   total 10872728K, used 10860309K [0x00007f38170a0000, 0x00007f3aaea86000, 0x00007f4d6c600000)
   the space 10872728K,  99% used [0x00007f38170a0000, 0x00007f3aade65638, 0x00007f3aade65800, 0x00007f3aaea86000)
 Metaspace       used 24284K, capacity 24713K, committed 24832K, reserved 26624K
}

