# JRE version: OpenJDK Runtime Environment (13.0.7+5) (build 13.0.7+5-Ubuntu-0ubuntu120.04)
# Java VM: OpenJDK 64-Bit Server VM (13.0.7+5-Ubuntu-0ubuntu120.04, mixed mode, tiered, serial gc, linux-amd64)
Heap:
 def new generation   total 8547328K, used 717530K [0x00007f6ab4600000, 0x00007f6cf8070000, 0x00007f7009b50000)
  eden space 7597632K,   9% used [0x00007f6ab4600000, 0x00007f6ae02b6a00, 0x00007f6c84190000)
  from space 949696K,   0% used [0x00007f6c84190000, 0x00007f6c84190000, 0x00007f6cbe100000)
  to   space 949696K,   0% used [0x00007f6cbe100000, 0x00007f6cbe100000, 0x00007f6cf8070000)
 tenured generation   total 19737440K, used 19737439K [0x00007f7009b50000, 0x00007f74be628000, 0x00007f7ab4600000)
   the space 19737440K,  99% used [0x00007f7009b50000, 0x00007f74be627ff8, 0x00007f74be628000, 0x00007f74be628000)
 Metaspace       used 30640K, capacity 31068K, committed 31232K, reserved 32768K
GC Heap History (20 events):
Event: 231.690 GC heap after
{Heap after GC invocations=83 (full 5):
 def new generation   total 5019712K, used 345758K [0x00007f6ab4600000, 0x00007f6c08cb0000, 0x00007f7009b50000)
  eden space 4462016K,   0% used [0x00007f6ab4600000, 0x00007f6ab4600000, 0x00007f6bc4b70000)
  from space 557696K,  61% used [0x00007f6bc4b70000, 0x00007f6bd9d17a20, 0x00007f6be6c10000)
  to   space 557696K,   0% used [0x00007f6be6c10000, 0x00007f6be6c10000, 0x00007f6c08cb0000)
 tenured generation   total 11154680K, used 10705466K [0x00007f7009b50000, 0x00007f72b288e000, 0x00007f7ab4600000)
   the space 11154680K,  95% used [0x00007f7009b50000, 0x00007f72971de940, 0x00007f72971dea00, 0x00007f72b288e000)
 Metaspace       used 30640K, capacity 31068K, committed 31232K, reserved 32768K
}
Event: 232.982 GC heap before
{Heap before GC invocations=83 (full 5):
 def new generation   total 5019712K, used 4807774K [0x00007f6ab4600000, 0x00007f6c08cb0000, 0x00007f7009b50000)
  eden space 4462016K, 100% used [0x00007f6ab4600000, 0x00007f6bc4b70000, 0x00007f6bc4b70000)
  from space 557696K,  61% used [0x00007f6bc4b70000, 0x00007f6bd9d17a20, 0x00007f6be6c10000)
  to   space 557696K,   0% used [0x00007f6be6c10000, 0x00007f6be6c10000, 0x00007f6c08cb0000)
 tenured generation   total 11154680K, used 10705466K [0x00007f7009b50000, 0x00007f72b288e000, 0x00007f7ab4600000)
   the space 11154680K,  95% used [0x00007f7009b50000, 0x00007f72971de940, 0x00007f72971dea00, 0x00007f72b288e000)
 Metaspace       used 30640K, capacity 31068K, committed 31232K, reserved 32768K
}
Event: 234.265 GC heap after
{Heap after GC invocations=84 (full 5):
 def new generation   total 5019712K, used 345146K [0x00007f6ab4600000, 0x00007f6c08cb0000, 0x00007f7009b50000)
  eden space 4462016K,   0% used [0x00007f6ab4600000, 0x00007f6ab4600000, 0x00007f6bc4b70000)
  from space 557696K,  61% used [0x00007f6be6c10000, 0x00007f6bfbd1e9e0, 0x00007f6c08cb0000)
  to   space 557696K,   0% used [0x00007f6bc4b70000, 0x00007f6bc4b70000, 0x00007f6be6c10000)
 tenured generation   total 11154680K, used 11051224K [0x00007f7009b50000, 0x00007f72b288e000, 0x00007f7ab4600000)
   the space 11154680K,  99% used [0x00007f7009b50000, 0x00007f72ac386100, 0x00007f72ac386200, 0x00007f72b288e000)
 Metaspace       used 30640K, capacity 31068K, committed 31232K, reserved 32768K
}
Event: 235.568 GC heap before
{Heap before GC invocations=84 (full 5):
 def new generation   total 5019712K, used 4807162K [0x00007f6ab4600000, 0x00007f6c08cb0000, 0x00007f7009b50000)
  eden space 4462016K, 100% used [0x00007f6ab4600000, 0x00007f6bc4b70000, 0x00007f6bc4b70000)
  from space 557696K,  61% used [0x00007f6be6c10000, 0x00007f6bfbd1e9e0, 0x00007f6c08cb0000)
  to   space 557696K,   0% used [0x00007f6bc4b70000, 0x00007f6bc4b70000, 0x00007f6be6c10000)
 tenured generation   total 11154680K, used 11051224K [0x00007f7009b50000, 0x00007f72b288e000, 0x00007f7ab4600000)
   the space 11154680K,  99% used [0x00007f7009b50000, 0x00007f72ac386100, 0x00007f72ac386200, 0x00007f72b288e000)
 Metaspace       used 30640K, capacity 31068K, committed 31232K, reserved 32768K
}
Event: 236.853 GC heap after
{Heap after GC invocations=85 (full 5):
 def new generation   total 5019712K, used 348211K [0x00007f6ab4600000, 0x00007f6c08cb0000, 0x00007f7009b50000)
  eden space 4462016K,   0% used [0x00007f6ab4600000, 0x00007f6ab4600000, 0x00007f6bc4b70000)
  from space 557696K,  62% used [0x00007f6bc4b70000, 0x00007f6bd9f7cfa0, 0x00007f6be6c10000)
  to   space 557696K,   0% used [0x00007f6be6c10000, 0x00007f6be6c10000, 0x00007f6c08cb0000)
 tenured generation   total 11396408K, used 11396369K [0x00007f7009b50000, 0x00007f72c149e000, 0x00007f7ab4600000)
   the space 11396408K,  99% used [0x00007f7009b50000, 0x00007f72c14945e0, 0x00007f72c1494600, 0x00007f72c149e000)
 Metaspace       used 30640K, capacity 31068K, committed 31232K, reserved 32768K
}
Event: 236.853 GC heap before
{Heap before GC invocations=85 (full 5):
 def new generation   total 5019712K, used 348211K [0x00007f6ab4600000, 0x00007f6c08cb0000, 0x00007f7009b50000)
  eden space 4462016K,   0% used [0x00007f6ab4600000, 0x00007f6ab4600000, 0x00007f6bc4b70000)
  from space 557696K,  62% used [0x00007f6bc4b70000, 0x00007f6bd9f7cfa0, 0x00007f6be6c10000)
  to   space 557696K,   0% used [0x00007f6be6c10000, 0x00007f6be6c10000, 0x00007f6c08cb0000)
 tenured generation   total 11396408K, used 11396369K [0x00007f7009b50000, 0x00007f72c149e000, 0x00007f7ab4600000)
   the space 11396408K,  99% used [0x00007f7009b50000, 0x00007f72c14945e0, 0x00007f72c1494600, 0x00007f72c149e000)
 Metaspace       used 30640K, capacity 31068K, committed 31232K, reserved 32768K
}
Event: 257.816 GC heap after
{Heap after GC invocations=85 (full 6):
 def new generation   total 8547328K, used 348173K [0x00007f6ab4600000, 0x00007f6cf8070000, 0x00007f7009b50000)
  eden space 7597632K,   4% used [0x00007f6ab4600000, 0x00007f6ac9a03598, 0x00007f6c84190000)
  from space 949696K,   0% used [0x00007f6c84190000, 0x00007f6c84190000, 0x00007f6cbe100000)
  to   space 949696K,   0% used [0x00007f6cbe100000, 0x00007f6cbe100000, 0x00007f6cf8070000)
 tenured generation   total 18994016K, used 11396407K [0x00007f7009b50000, 0x00007f7491028000, 0x00007f7ab4600000)
   the space 18994016K,  59% used [0x00007f7009b50000, 0x00007f72c149dfe8, 0x00007f72c149e000, 0x00007f7491028000)
 Metaspace       used 30640K, capacity 31068K, committed 31232K, reserved 32768K
}
Event: 260.928 GC heap before
{Heap before GC invocations=85 (full 6):
 def new generation   total 8547328K, used 7597632K [0x00007f6ab4600000, 0x00007f6cf8070000, 0x00007f7009b50000)
  eden space 7597632K, 100% used [0x00007f6ab4600000, 0x00007f6c84190000, 0x00007f6c84190000)
  from space 949696K,   0% used [0x00007f6c84190000, 0x00007f6c84190000, 0x00007f6cbe100000)
  to   space 949696K,   0% used [0x00007f6cbe100000, 0x00007f6cbe100000, 0x00007f6cf8070000)
 tenured generation   total 18994016K, used 11396407K [0x00007f7009b50000, 0x00007f7491028000, 0x00007f7ab4600000)
   the space 18994016K,  59% used [0x00007f7009b50000, 0x00007f72c149dfe8, 0x00007f72c149e000, 0x00007f7491028000)
 Metaspace       used 30640K, capacity 31068K, committed 31232K, reserved 32768K
}
Event: 265.570 GC heap after
{Heap after GC invocations=86 (full 6):
 def new generation   total 8547328K, used 907642K [0x00007f6ab4600000, 0x00007f6cf8070000, 0x00007f7009b50000)
  eden space 7597632K,   0% used [0x00007f6ab4600000, 0x00007f6ab4600000, 0x00007f6c84190000)
  from space 949696K,  95% used [0x00007f6cbe100000, 0x00007f6cf575eb40, 0x00007f6cf8070000)
  to   space 949696K,   0% used [0x00007f6c84190000, 0x00007f6c84190000, 0x00007f6cbe100000)
 tenured generation   total 18994016K, used 11396407K [0x00007f7009b50000, 0x00007f7491028000, 0x00007f7ab4600000)
   the space 18994016K,  59% used [0x00007f7009b50000, 0x00007f72c149dfe8, 0x00007f72c149e000, 0x00007f7491028000)
 Metaspace       used 30640K, capacity 31068K, committed 31232K, reserved 32768K
}
Event: 267.877 GC heap before
{Heap before GC invocations=86 (full 6):
 def new generation   total 8547328K, used 8505274K [0x00007f6ab4600000, 0x00007f6cf8070000, 0x00007f7009b50000)
  eden space 7597632K, 100% used [0x00007f6ab4600000, 0x00007f6c84190000, 0x00007f6c84190000)
  from space 949696K,  95% used [0x00007f6cbe100000, 0x00007f6cf575eb40, 0x00007f6cf8070000)
  to   space 949696K,   0% used [0x00007f6c84190000, 0x00007f6c84190000, 0x00007f6cbe100000)
 tenured generation   total 18994016K, used 11396407K [0x00007f7009b50000, 0x00007f7491028000, 0x00007f7ab4600000)
   the space 18994016K,  59% used [0x00007f7009b50000, 0x00007f72c149dfe8, 0x00007f72c149e000, 0x00007f7491028000)
 Metaspace       used 30640K, capacity 31068K, committed 31232K, reserved 32768K
}
Event: 270.914 GC heap after
{Heap after GC invocations=87 (full 6):
 def new generation   total 8547328K, used 592043K [0x00007f6ab4600000, 0x00007f6cf8070000, 0x00007f7009b50000)
  eden space 7597632K,   0% used [0x00007f6ab4600000, 0x00007f6ab4600000, 0x00007f6c84190000)
  from space 949696K,  62% used [0x00007f6c84190000, 0x00007f6ca83baee8, 0x00007f6cbe100000)
  to   space 949696K,   0% used [0x00007f6cbe100000, 0x00007f6cbe100000, 0x00007f6cf8070000)
 tenured generation   total 18994016K, used 12304049K [0x00007f7009b50000, 0x00007f7491028000, 0x00007f7ab4600000)
   the space 18994016K,  64% used [0x00007f7009b50000, 0x00007f72f8afc6e8, 0x00007f72f8afc800, 0x00007f7491028000)
 Metaspace       used 30640K, capacity 31068K, committed 31232K, reserved 32768K
}
Event: 742.653 GC heap before
{Heap before GC invocations=87 (full 6):
 def new generation   total 8547328K, used 8189675K [0x00007f6ab4600000, 0x00007f6cf8070000, 0x00007f7009b50000)
  eden space 7597632K, 100% used [0x00007f6ab4600000, 0x00007f6c84190000, 0x00007f6c84190000)
  from space 949696K,  62% used [0x00007f6c84190000, 0x00007f6ca83baee8, 0x00007f6cbe100000)
  to   space 949696K,   0% used [0x00007f6cbe100000, 0x00007f6cbe100000, 0x00007f6cf8070000)
 tenured generation   total 18994016K, used 12304049K [0x00007f7009b50000, 0x00007f7491028000, 0x00007f7ab4600000)
   the space 18994016K,  64% used [0x00007f7009b50000, 0x00007f72f8afc6e8, 0x00007f72f8afc800, 0x00007f7491028000)
 Metaspace       used 30640K, capacity 31068K, committed 31232K, reserved 32768K
}
Event: 750.147 GC heap after
{Heap after GC invocations=88 (full 6):
 def new generation   total 8547328K, used 949696K [0x00007f6ab4600000, 0x00007f6cf8070000, 0x00007f7009b50000)
  eden space 7597632K,   0% used [0x00007f6ab4600000, 0x00007f6ab4600000, 0x00007f6c84190000)
  from space 949696K, 100% used [0x00007f6cbe100000, 0x00007f6cf8070000, 0x00007f6cf8070000)
  to   space 949696K,   0% used [0x00007f6c84190000, 0x00007f6c84190000, 0x00007f6cbe100000)
 tenured generation   total 18994016K, used 14938822K [0x00007f7009b50000, 0x00007f7491028000, 0x00007f7ab4600000)
   the space 18994016K,  78% used [0x00007f7009b50000, 0x00007f7399801988, 0x00007f7399801a00, 0x00007f7491028000)
 Metaspace       used 30640K, capacity 31068K, committed 31232K, reserved 32768K
}
Event: 1313.597 GC heap before
{Heap before GC invocations=88 (full 6):
 def new generation   total 8547328K, used 8547328K [0x00007f6ab4600000, 0x00007f6cf8070000, 0x00007f7009b50000)
  eden space 7597632K, 100% used [0x00007f6ab4600000, 0x00007f6c84190000, 0x00007f6c84190000)
  from space 949696K, 100% used [0x00007f6cbe100000, 0x00007f6cf8070000, 0x00007f6cf8070000)
  to   space 949696K,   0% used [0x00007f6c84190000, 0x00007f6c84190000, 0x00007f6cbe100000)
 tenured generation   total 18994016K, used 14938822K [0x00007f7009b50000, 0x00007f7491028000, 0x00007f7ab4600000)
   the space 18994016K,  78% used [0x00007f7009b50000, 0x00007f7399801988, 0x00007f7399801a00, 0x00007f7491028000)
 Metaspace       used 30640K, capacity 31068K, committed 31232K, reserved 32768K
}
Event: 1319.246 GC heap after
{Heap after GC invocations=89 (full 6):
 def new generation   total 8547328K, used 949695K [0x00007f6ab4600000, 0x00007f6cf8070000, 0x00007f7009b50000)
  eden space 7597632K,   0% used [0x00007f6ab4600000, 0x00007f6ab4600000, 0x00007f6c84190000)
  from space 949696K,  99% used [0x00007f6c84190000, 0x00007f6cbe0ffff0, 0x00007f6cbe100000)
  to   space 949696K,   0% used [0x00007f6cbe100000, 0x00007f6cbe100000, 0x00007f6cf8070000)
 tenured generation   total 18994016K, used 16538317K [0x00007f7009b50000, 0x00007f7491028000, 0x00007f7ab4600000)
   the space 18994016K,  87% used [0x00007f7009b50000, 0x00007f73fb203658, 0x00007f73fb203800, 0x00007f7491028000)
 Metaspace       used 30640K, capacity 31068K, committed 31232K, reserved 32768K
}
Event: 1914.205 GC heap before
{Heap before GC invocations=89 (full 6):
 def new generation   total 8547328K, used 8547327K [0x00007f6ab4600000, 0x00007f6cf8070000, 0x00007f7009b50000)
  eden space 7597632K, 100% used [0x00007f6ab4600000, 0x00007f6c84190000, 0x00007f6c84190000)
  from space 949696K,  99% used [0x00007f6c84190000, 0x00007f6cbe0ffff0, 0x00007f6cbe100000)
  to   space 949696K,   0% used [0x00007f6cbe100000, 0x00007f6cbe100000, 0x00007f6cf8070000)
 tenured generation   total 18994016K, used 16538317K [0x00007f7009b50000, 0x00007f7491028000, 0x00007f7ab4600000)
   the space 18994016K,  87% used [0x00007f7009b50000, 0x00007f73fb203658, 0x00007f73fb203800, 0x00007f7491028000)
 Metaspace       used 30640K, capacity 31068K, committed 31232K, reserved 32768K
}
Event: 1918.298 GC heap after
{Heap after GC invocations=90 (full 6):
 def new generation   total 8547328K, used 949695K [0x00007f6ab4600000, 0x00007f6cf8070000, 0x00007f7009b50000)
  eden space 7597632K,   0% used [0x00007f6ab4600000, 0x00007f6ab4600000, 0x00007f6c84190000)
  from space 949696K,  99% used [0x00007f6cbe100000, 0x00007f6cf806fff0, 0x00007f6cf8070000)
  to   space 949696K,   0% used [0x00007f6c84190000, 0x00007f6c84190000, 0x00007f6cbe100000)
 tenured generation   total 18994016K, used 18137812K [0x00007f7009b50000, 0x00007f7491028000, 0x00007f7ab4600000)
   the space 18994016K,  95% used [0x00007f7009b50000, 0x00007f745cc05398, 0x00007f745cc05400, 0x00007f7491028000)
 Metaspace       used 30640K, capacity 31068K, committed 31232K, reserved 32768K
}
Event: 2500.551 GC heap before
{Heap before GC invocations=90 (full 6):
 def new generation   total 8547328K, used 8547327K [0x00007f6ab4600000, 0x00007f6cf8070000, 0x00007f7009b50000)
  eden space 7597632K, 100% used [0x00007f6ab4600000, 0x00007f6c84190000, 0x00007f6c84190000)
  from space 949696K,  99% used [0x00007f6cbe100000, 0x00007f6cf806fff0, 0x00007f6cf8070000)
  to   space 949696K,   0% used [0x00007f6c84190000, 0x00007f6c84190000, 0x00007f6cbe100000)
 tenured generation   total 18994016K, used 18137812K [0x00007f7009b50000, 0x00007f7491028000, 0x00007f7ab4600000)
   the space 18994016K,  95% used [0x00007f7009b50000, 0x00007f745cc05398, 0x00007f745cc05400, 0x00007f7491028000)
 Metaspace       used 30640K, capacity 31068K, committed 31232K, reserved 32768K
}
Event: 2505.037 GC heap after
{Heap after GC invocations=91 (full 6):
 def new generation   total 8547328K, used 949695K [0x00007f6ab4600000, 0x00007f6cf8070000, 0x00007f7009b50000)
  eden space 7597632K,   0% used [0x00007f6ab4600000, 0x00007f6ab4600000, 0x00007f6c84190000)
  from space 949696K,  99% used [0x00007f6c84190000, 0x00007f6cbe0ffff0, 0x00007f6cbe100000)
  to   space 949696K,   0% used [0x00007f6cbe100000, 0x00007f6cbe100000, 0x00007f6cf8070000)
 tenured generation   total 19737440K, used 19737308K [0x00007f7009b50000, 0x00007f74be628000, 0x00007f7ab4600000)
   the space 19737440K,  99% used [0x00007f7009b50000, 0x00007f74be607038, 0x00007f74be607200, 0x00007f74be628000)
 Metaspace       used 30640K, capacity 31068K, committed 31232K, reserved 32768K
}
Event: 2505.037 GC heap before
{Heap before GC invocations=91 (full 6):
 def new generation   total 8547328K, used 949695K [0x00007f6ab4600000, 0x00007f6cf8070000, 0x00007f7009b50000)
  eden space 7597632K,   0% used [0x00007f6ab4600000, 0x00007f6ab4600000, 0x00007f6c84190000)
  from space 949696K,  99% used [0x00007f6c84190000, 0x00007f6cbe0ffff0, 0x00007f6cbe100000)
  to   space 949696K,   0% used [0x00007f6cbe100000, 0x00007f6cbe100000, 0x00007f6cf8070000)
 tenured generation   total 19737440K, used 19737308K [0x00007f7009b50000, 0x00007f74be628000, 0x00007f7ab4600000)
   the space 19737440K,  99% used [0x00007f7009b50000, 0x00007f74be607038, 0x00007f74be607200, 0x00007f74be628000)
 Metaspace       used 30640K, capacity 31068K, committed 31232K, reserved 32768K
}

