# JRE version: OpenJDK Runtime Environment (13.0.7+5) (build 13.0.7+5-Ubuntu-0ubuntu120.04)
# Java VM: OpenJDK 64-Bit Server VM (13.0.7+5-Ubuntu-0ubuntu120.04, mixed mode, tiered, serial gc, linux-amd64)
Heap:
 def new generation   total 8123328K, used 312567K [0x00007f19fc600000, 0x00007f1c23460000, 0x00007f1f51b50000)
  eden space 7220736K,   4% used [0x00007f19fc600000, 0x00007f1a0f73dff8, 0x00007f1bb5180000)
  from space 902592K,   0% used [0x00007f1bec2f0000, 0x00007f1bec2f0000, 0x00007f1c23460000)
  to   space 902592K,   0% used [0x00007f1bb5180000, 0x00007f1bb5180000, 0x00007f1bec2f0000)
 tenured generation   total 18063612K, used 18063611K [0x00007f1f51b50000, 0x00007f23a038f000, 0x00007f29fc600000)
   the space 18063612K,  99% used [0x00007f1f51b50000, 0x00007f23a038efe0, 0x00007f23a038f000, 0x00007f23a038f000)
 Metaspace       used 24159K, capacity 24518K, committed 24576K, reserved 24576K
GC Heap History (20 events):
Event: 5034.510 GC heap after
{Heap after GC invocations=2613 (full 6):
 def new generation   total 8123328K, used 327230K [0x00007f19fc600000, 0x00007f1c23460000, 0x00007f1f51b50000)
  eden space 7220736K,   0% used [0x00007f19fc600000, 0x00007f19fc600000, 0x00007f1bb5180000)
  from space 902592K,  36% used [0x00007f1bb5180000, 0x00007f1bc910fbd8, 0x00007f1bec2f0000)
  to   space 902592K,   0% used [0x00007f1bec2f0000, 0x00007f1bec2f0000, 0x00007f1c23460000)
 tenured generation   total 18051708K, used 17863254K [0x00007f1f51b50000, 0x00007f239f7ef000, 0x00007f29fc600000)
   the space 18051708K,  98% used [0x00007f1f51b50000, 0x00007f2393fe5988, 0x00007f2393fe5a00, 0x00007f239f7ef000)
 Metaspace       used 24159K, capacity 24518K, committed 24576K, reserved 24576K
}
Event: 5039.481 GC heap before
{Heap before GC invocations=2613 (full 6):
 def new generation   total 8123328K, used 7547966K [0x00007f19fc600000, 0x00007f1c23460000, 0x00007f1f51b50000)
  eden space 7220736K, 100% used [0x00007f19fc600000, 0x00007f1bb5180000, 0x00007f1bb5180000)
  from space 902592K,  36% used [0x00007f1bb5180000, 0x00007f1bc910fbd8, 0x00007f1bec2f0000)
  to   space 902592K,   0% used [0x00007f1bec2f0000, 0x00007f1bec2f0000, 0x00007f1c23460000)
 tenured generation   total 18051708K, used 17863254K [0x00007f1f51b50000, 0x00007f239f7ef000, 0x00007f29fc600000)
   the space 18051708K,  98% used [0x00007f1f51b50000, 0x00007f2393fe5988, 0x00007f2393fe5a00, 0x00007f239f7ef000)
 Metaspace       used 24159K, capacity 24518K, committed 24576K, reserved 24576K
}
Event: 5039.899 GC heap after
{Heap after GC invocations=2614 (full 6):
 def new generation   total 8123328K, used 328905K [0x00007f19fc600000, 0x00007f1c23460000, 0x00007f1f51b50000)
  eden space 7220736K,   0% used [0x00007f19fc600000, 0x00007f19fc600000, 0x00007f1bb5180000)
  from space 902592K,  36% used [0x00007f1bec2f0000, 0x00007f1c004226f0, 0x00007f1c23460000)
  to   space 902592K,   0% used [0x00007f1bb5180000, 0x00007f1bb5180000, 0x00007f1bec2f0000)
 tenured generation   total 18051708K, used 17886871K [0x00007f1f51b50000, 0x00007f239f7ef000, 0x00007f29fc600000)
   the space 18051708K,  99% used [0x00007f1f51b50000, 0x00007f23956f5f68, 0x00007f23956f6000, 0x00007f239f7ef000)
 Metaspace       used 24159K, capacity 24518K, committed 24576K, reserved 24576K
}
Event: 5044.853 GC heap before
{Heap before GC invocations=2614 (full 6):
 def new generation   total 8123328K, used 7549641K [0x00007f19fc600000, 0x00007f1c23460000, 0x00007f1f51b50000)
  eden space 7220736K, 100% used [0x00007f19fc600000, 0x00007f1bb5180000, 0x00007f1bb5180000)
  from space 902592K,  36% used [0x00007f1bec2f0000, 0x00007f1c004226f0, 0x00007f1c23460000)
  to   space 902592K,   0% used [0x00007f1bb5180000, 0x00007f1bb5180000, 0x00007f1bec2f0000)
 tenured generation   total 18051708K, used 17886871K [0x00007f1f51b50000, 0x00007f239f7ef000, 0x00007f29fc600000)
   the space 18051708K,  99% used [0x00007f1f51b50000, 0x00007f23956f5f68, 0x00007f23956f6000, 0x00007f239f7ef000)
 Metaspace       used 24159K, capacity 24518K, committed 24576K, reserved 24576K
}
Event: 5045.279 GC heap after
{Heap after GC invocations=2615 (full 6):
 def new generation   total 8123328K, used 332429K [0x00007f19fc600000, 0x00007f1c23460000, 0x00007f1f51b50000)
  eden space 7220736K,   0% used [0x00007f19fc600000, 0x00007f19fc600000, 0x00007f1bb5180000)
  from space 902592K,  36% used [0x00007f1bb5180000, 0x00007f1bc9623418, 0x00007f1bec2f0000)
  to   space 902592K,   0% used [0x00007f1bec2f0000, 0x00007f1bec2f0000, 0x00007f1c23460000)
 tenured generation   total 18051708K, used 17908061K [0x00007f1f51b50000, 0x00007f239f7ef000, 0x00007f29fc600000)
   the space 18051708K,  99% used [0x00007f1f51b50000, 0x00007f2396ba7650, 0x00007f2396ba7800, 0x00007f239f7ef000)
 Metaspace       used 24159K, capacity 24518K, committed 24576K, reserved 24576K
}
Event: 5050.954 GC heap before
{Heap before GC invocations=2615 (full 6):
 def new generation   total 8123328K, used 7553165K [0x00007f19fc600000, 0x00007f1c23460000, 0x00007f1f51b50000)
  eden space 7220736K, 100% used [0x00007f19fc600000, 0x00007f1bb5180000, 0x00007f1bb5180000)
  from space 902592K,  36% used [0x00007f1bb5180000, 0x00007f1bc9623418, 0x00007f1bec2f0000)
  to   space 902592K,   0% used [0x00007f1bec2f0000, 0x00007f1bec2f0000, 0x00007f1c23460000)
 tenured generation   total 18051708K, used 17908061K [0x00007f1f51b50000, 0x00007f239f7ef000, 0x00007f29fc600000)
   the space 18051708K,  99% used [0x00007f1f51b50000, 0x00007f2396ba7650, 0x00007f2396ba7800, 0x00007f239f7ef000)
 Metaspace       used 24159K, capacity 24518K, committed 24576K, reserved 24576K
}
Event: 5051.352 GC heap after
{Heap after GC invocations=2616 (full 6):
 def new generation   total 8123328K, used 329031K [0x00007f19fc600000, 0x00007f1c23460000, 0x00007f1f51b50000)
  eden space 7220736K,   0% used [0x00007f19fc600000, 0x00007f19fc600000, 0x00007f1bb5180000)
  from space 902592K,  36% used [0x00007f1bec2f0000, 0x00007f1c00441fe8, 0x00007f1c23460000)
  to   space 902592K,   0% used [0x00007f1bb5180000, 0x00007f1bb5180000, 0x00007f1bec2f0000)
 tenured generation   total 18051708K, used 17928949K [0x00007f1f51b50000, 0x00007f239f7ef000, 0x00007f29fc600000)
   the space 18051708K,  99% used [0x00007f1f51b50000, 0x00007f239800d4c8, 0x00007f239800d600, 0x00007f239f7ef000)
 Metaspace       used 24159K, capacity 24518K, committed 24576K, reserved 24576K
}
Event: 5057.606 GC heap before
{Heap before GC invocations=2616 (full 6):
 def new generation   total 8123328K, used 7549767K [0x00007f19fc600000, 0x00007f1c23460000, 0x00007f1f51b50000)
  eden space 7220736K, 100% used [0x00007f19fc600000, 0x00007f1bb5180000, 0x00007f1bb5180000)
  from space 902592K,  36% used [0x00007f1bec2f0000, 0x00007f1c00441fe8, 0x00007f1c23460000)
  to   space 902592K,   0% used [0x00007f1bb5180000, 0x00007f1bb5180000, 0x00007f1bec2f0000)
 tenured generation   total 18051708K, used 17928949K [0x00007f1f51b50000, 0x00007f239f7ef000, 0x00007f29fc600000)
   the space 18051708K,  99% used [0x00007f1f51b50000, 0x00007f239800d4c8, 0x00007f239800d600, 0x00007f239f7ef000)
 Metaspace       used 24159K, capacity 24518K, committed 24576K, reserved 24576K
}
Event: 5057.987 GC heap after
{Heap after GC invocations=2617 (full 6):
 def new generation   total 8123328K, used 321005K [0x00007f19fc600000, 0x00007f1c23460000, 0x00007f1f51b50000)
  eden space 7220736K,   0% used [0x00007f19fc600000, 0x00007f19fc600000, 0x00007f1bb5180000)
  from space 902592K,  35% used [0x00007f1bb5180000, 0x00007f1bc8afb668, 0x00007f1bec2f0000)
  to   space 902592K,   0% used [0x00007f1bec2f0000, 0x00007f1bec2f0000, 0x00007f1c23460000)
 tenured generation   total 18051708K, used 17953656K [0x00007f1f51b50000, 0x00007f239f7ef000, 0x00007f29fc600000)
   the space 18051708K,  99% used [0x00007f1f51b50000, 0x00007f239982e2d8, 0x00007f239982e400, 0x00007f239f7ef000)
 Metaspace       used 24159K, capacity 24518K, committed 24576K, reserved 24576K
}
Event: 5063.764 GC heap before
{Heap before GC invocations=2617 (full 6):
 def new generation   total 8123328K, used 7541741K [0x00007f19fc600000, 0x00007f1c23460000, 0x00007f1f51b50000)
  eden space 7220736K, 100% used [0x00007f19fc600000, 0x00007f1bb5180000, 0x00007f1bb5180000)
  from space 902592K,  35% used [0x00007f1bb5180000, 0x00007f1bc8afb668, 0x00007f1bec2f0000)
  to   space 902592K,   0% used [0x00007f1bec2f0000, 0x00007f1bec2f0000, 0x00007f1c23460000)
 tenured generation   total 18051708K, used 17953656K [0x00007f1f51b50000, 0x00007f239f7ef000, 0x00007f29fc600000)
   the space 18051708K,  99% used [0x00007f1f51b50000, 0x00007f239982e2d8, 0x00007f239982e400, 0x00007f239f7ef000)
 Metaspace       used 24159K, capacity 24518K, committed 24576K, reserved 24576K
}
Event: 5064.420 GC heap after
{Heap after GC invocations=2618 (full 6):
 def new generation   total 8123328K, used 328883K [0x00007f19fc600000, 0x00007f1c23460000, 0x00007f1f51b50000)
  eden space 7220736K,   0% used [0x00007f19fc600000, 0x00007f19fc600000, 0x00007f1bb5180000)
  from space 902592K,  36% used [0x00007f1bec2f0000, 0x00007f1c0041cea8, 0x00007f1c23460000)
  to   space 902592K,   0% used [0x00007f1bb5180000, 0x00007f1bb5180000, 0x00007f1bec2f0000)
 tenured generation   total 18051708K, used 17973161K [0x00007f1f51b50000, 0x00007f239f7ef000, 0x00007f29fc600000)
   the space 18051708K,  99% used [0x00007f1f51b50000, 0x00007f239ab3a690, 0x00007f239ab3a800, 0x00007f239f7ef000)
 Metaspace       used 24159K, capacity 24518K, committed 24576K, reserved 24576K
}
Event: 5069.362 GC heap before
{Heap before GC invocations=2618 (full 6):
 def new generation   total 8123328K, used 7549619K [0x00007f19fc600000, 0x00007f1c23460000, 0x00007f1f51b50000)
  eden space 7220736K, 100% used [0x00007f19fc600000, 0x00007f1bb5180000, 0x00007f1bb5180000)
  from space 902592K,  36% used [0x00007f1bec2f0000, 0x00007f1c0041cea8, 0x00007f1c23460000)
  to   space 902592K,   0% used [0x00007f1bb5180000, 0x00007f1bb5180000, 0x00007f1bec2f0000)
 tenured generation   total 18051708K, used 17973161K [0x00007f1f51b50000, 0x00007f239f7ef000, 0x00007f29fc600000)
   the space 18051708K,  99% used [0x00007f1f51b50000, 0x00007f239ab3a690, 0x00007f239ab3a800, 0x00007f239f7ef000)
 Metaspace       used 24159K, capacity 24518K, committed 24576K, reserved 24576K
}
Event: 5069.777 GC heap after
{Heap after GC invocations=2619 (full 6):
 def new generation   total 8123328K, used 328737K [0x00007f19fc600000, 0x00007f1c23460000, 0x00007f1f51b50000)
  eden space 7220736K,   0% used [0x00007f19fc600000, 0x00007f19fc600000, 0x00007f1bb5180000)
  from space 902592K,  36% used [0x00007f1bb5180000, 0x00007f1bc9288718, 0x00007f1bec2f0000)
  to   space 902592K,   0% used [0x00007f1bec2f0000, 0x00007f1bec2f0000, 0x00007f1c23460000)
 tenured generation   total 18051708K, used 17995044K [0x00007f1f51b50000, 0x00007f239f7ef000, 0x00007f29fc600000)
   the space 18051708K,  99% used [0x00007f1f51b50000, 0x00007f239c099378, 0x00007f239c099400, 0x00007f239f7ef000)
 Metaspace       used 24159K, capacity 24518K, committed 24576K, reserved 24576K
}
Event: 5074.692 GC heap before
{Heap before GC invocations=2619 (full 6):
 def new generation   total 8123328K, used 7549473K [0x00007f19fc600000, 0x00007f1c23460000, 0x00007f1f51b50000)
  eden space 7220736K, 100% used [0x00007f19fc600000, 0x00007f1bb5180000, 0x00007f1bb5180000)
  from space 902592K,  36% used [0x00007f1bb5180000, 0x00007f1bc9288718, 0x00007f1bec2f0000)
  to   space 902592K,   0% used [0x00007f1bec2f0000, 0x00007f1bec2f0000, 0x00007f1c23460000)
 tenured generation   total 18051708K, used 17995044K [0x00007f1f51b50000, 0x00007f239f7ef000, 0x00007f29fc600000)
   the space 18051708K,  99% used [0x00007f1f51b50000, 0x00007f239c099378, 0x00007f239c099400, 0x00007f239f7ef000)
 Metaspace       used 24159K, capacity 24518K, committed 24576K, reserved 24576K
}
Event: 5075.111 GC heap after
{Heap after GC invocations=2620 (full 6):
 def new generation   total 8123328K, used 327063K [0x00007f19fc600000, 0x00007f1c23460000, 0x00007f1f51b50000)
  eden space 7220736K,   0% used [0x00007f19fc600000, 0x00007f19fc600000, 0x00007f1bb5180000)
  from space 902592K,  36% used [0x00007f1bec2f0000, 0x00007f1c00255fe8, 0x00007f1c23460000)
  to   space 902592K,   0% used [0x00007f1bb5180000, 0x00007f1bb5180000, 0x00007f1bec2f0000)
 tenured generation   total 18051708K, used 18018811K [0x00007f1f51b50000, 0x00007f239f7ef000, 0x00007f29fc600000)
   the space 18051708K,  99% used [0x00007f1f51b50000, 0x00007f239d7cec60, 0x00007f239d7cee00, 0x00007f239f7ef000)
 Metaspace       used 24159K, capacity 24518K, committed 24576K, reserved 24576K
}
Event: 5079.986 GC heap before
{Heap before GC invocations=2620 (full 6):
 def new generation   total 8123328K, used 7547785K [0x00007f19fc600000, 0x00007f1c23460000, 0x00007f1f51b50000)
  eden space 7220736K,  99% used [0x00007f19fc600000, 0x00007f1bb517c6f8, 0x00007f1bb5180000)
  from space 902592K,  36% used [0x00007f1bec2f0000, 0x00007f1c00255fe8, 0x00007f1c23460000)
  to   space 902592K,   0% used [0x00007f1bb5180000, 0x00007f1bb5180000, 0x00007f1bec2f0000)
 tenured generation   total 18051708K, used 18018811K [0x00007f1f51b50000, 0x00007f239f7ef000, 0x00007f29fc600000)
   the space 18051708K,  99% used [0x00007f1f51b50000, 0x00007f239d7cec60, 0x00007f239d7cee00, 0x00007f239f7ef000)
 Metaspace       used 24159K, capacity 24518K, committed 24576K, reserved 24576K
}
Event: 5080.377 GC heap after
{Heap after GC invocations=2621 (full 6):
 def new generation   total 8123328K, used 318088K [0x00007f19fc600000, 0x00007f1c23460000, 0x00007f1f51b50000)
  eden space 7220736K,   0% used [0x00007f19fc600000, 0x00007f19fc600000, 0x00007f1bb5180000)
  from space 902592K,  35% used [0x00007f1bb5180000, 0x00007f1bc88223d8, 0x00007f1bec2f0000)
  to   space 902592K,   0% used [0x00007f1bec2f0000, 0x00007f1bec2f0000, 0x00007f1c23460000)
 tenured generation   total 18051708K, used 18041784K [0x00007f1f51b50000, 0x00007f239f7ef000, 0x00007f29fc600000)
   the space 18051708K,  99% used [0x00007f1f51b50000, 0x00007f239ee3e178, 0x00007f239ee3e200, 0x00007f239f7ef000)
 Metaspace       used 24159K, capacity 24518K, committed 24576K, reserved 24576K
}
Event: 5085.265 GC heap before
{Heap before GC invocations=2621 (full 6):
 def new generation   total 8123328K, used 7538824K [0x00007f19fc600000, 0x00007f1c23460000, 0x00007f1f51b50000)
  eden space 7220736K, 100% used [0x00007f19fc600000, 0x00007f1bb5180000, 0x00007f1bb5180000)
  from space 902592K,  35% used [0x00007f1bb5180000, 0x00007f1bc88223d8, 0x00007f1bec2f0000)
  to   space 902592K,   0% used [0x00007f1bec2f0000, 0x00007f1bec2f0000, 0x00007f1c23460000)
 tenured generation   total 18051708K, used 18041784K [0x00007f1f51b50000, 0x00007f239f7ef000, 0x00007f29fc600000)
   the space 18051708K,  99% used [0x00007f1f51b50000, 0x00007f239ee3e178, 0x00007f239ee3e200, 0x00007f239f7ef000)
 Metaspace       used 24159K, capacity 24518K, committed 24576K, reserved 24576K
}
Event: 5085.670 GC heap after
{Heap after GC invocations=2622 (full 6):
 def new generation   total 8123328K, used 312659K [0x00007f19fc600000, 0x00007f1c23460000, 0x00007f1f51b50000)
  eden space 7220736K,   0% used [0x00007f19fc600000, 0x00007f19fc600000, 0x00007f1bb5180000)
  from space 902592K,  34% used [0x00007f1bec2f0000, 0x00007f1bff444dd0, 0x00007f1c23460000)
  to   space 902592K,   0% used [0x00007f1bb5180000, 0x00007f1bb5180000, 0x00007f1bec2f0000)
 tenured generation   total 18063612K, used 18063520K [0x00007f1f51b50000, 0x00007f23a038f000, 0x00007f29fc600000)
   the space 18063612K,  99% used [0x00007f1f51b50000, 0x00007f23a0378208, 0x00007f23a0378400, 0x00007f23a038f000)
 Metaspace       used 24159K, capacity 24518K, committed 24576K, reserved 24576K
}
Event: 5085.670 GC heap before
{Heap before GC invocations=2622 (full 6):
 def new generation   total 8123328K, used 312659K [0x00007f19fc600000, 0x00007f1c23460000, 0x00007f1f51b50000)
  eden space 7220736K,   0% used [0x00007f19fc600000, 0x00007f19fc600000, 0x00007f1bb5180000)
  from space 902592K,  34% used [0x00007f1bec2f0000, 0x00007f1bff444dd0, 0x00007f1c23460000)
  to   space 902592K,   0% used [0x00007f1bb5180000, 0x00007f1bb5180000, 0x00007f1bec2f0000)
 tenured generation   total 18063612K, used 18063520K [0x00007f1f51b50000, 0x00007f23a038f000, 0x00007f29fc600000)
   the space 18063612K,  99% used [0x00007f1f51b50000, 0x00007f23a0378208, 0x00007f23a0378400, 0x00007f23a038f000)
 Metaspace       used 24159K, capacity 24518K, committed 24576K, reserved 24576K
}

