# JRE version: OpenJDK Runtime Environment (13.0.7+5) (build 13.0.7+5-Ubuntu-0ubuntu120.04)
# Java VM: OpenJDK 64-Bit Server VM (13.0.7+5-Ubuntu-0ubuntu120.04, mixed mode, tiered, serial gc, linux-amd64)
Heap:
 def new generation   total 1608896K, used 67317K [0x00007fd80c600000, 0x00007fd8797c0000, 0x00007fdd61b50000)
  eden space 1430144K,   4% used [0x00007fd80c600000, 0x00007fd8107bd450, 0x00007fd863aa0000)
  from space 178752K,   0% used [0x00007fd863aa0000, 0x00007fd863aa0000, 0x00007fd86e930000)
  to   space 178752K,   0% used [0x00007fd86e930000, 0x00007fd86e930000, 0x00007fd8797c0000)
 tenured generation   total 3575692K, used 3575445K [0x00007fdd61b50000, 0x00007fde3bf33000, 0x00007fe80c600000)
   the space 3575692K,  99% used [0x00007fdd61b50000, 0x00007fde3bef5708, 0x00007fde3bef5800, 0x00007fde3bf33000)
 Metaspace       used 24261K, capacity 24641K, committed 24832K, reserved 26624K
GC Heap History (20 events):
Event: 2131.590 GC heap after
{Heap after GC invocations=1951 (full 5):
 def new generation   total 1608896K, used 70422K [0x00007fd80c600000, 0x00007fd8797c0000, 0x00007fdd61b50000)
  eden space 1430144K,   0% used [0x00007fd80c600000, 0x00007fd80c600000, 0x00007fd863aa0000)
  from space 178752K,  39% used [0x00007fd86e930000, 0x00007fd872df5860, 0x00007fd8797c0000)
  to   space 178752K,   0% used [0x00007fd863aa0000, 0x00007fd863aa0000, 0x00007fd86e930000)
 tenured generation   total 3575176K, used 3541508K [0x00007fdd61b50000, 0x00007fde3beb2000, 0x00007fe80c600000)
   the space 3575176K,  99% used [0x00007fdd61b50000, 0x00007fde39dd1348, 0x00007fde39dd1400, 0x00007fde3beb2000)
 Metaspace       used 24261K, capacity 24641K, committed 24832K, reserved 26624K
}
Event: 2133.457 GC heap before
{Heap before GC invocations=1951 (full 5):
 def new generation   total 1608896K, used 1489782K [0x00007fd80c600000, 0x00007fd8797c0000, 0x00007fdd61b50000)
  eden space 1430144K,  99% used [0x00007fd80c600000, 0x00007fd8630180b8, 0x00007fd863aa0000)
  from space 178752K,  39% used [0x00007fd86e930000, 0x00007fd872df5860, 0x00007fd8797c0000)
  to   space 178752K,   0% used [0x00007fd863aa0000, 0x00007fd863aa0000, 0x00007fd86e930000)
 tenured generation   total 3575176K, used 3541508K [0x00007fdd61b50000, 0x00007fde3beb2000, 0x00007fe80c600000)
   the space 3575176K,  99% used [0x00007fdd61b50000, 0x00007fde39dd1348, 0x00007fde39dd1400, 0x00007fde3beb2000)
 Metaspace       used 24261K, capacity 24641K, committed 24832K, reserved 26624K
}
Event: 2133.537 GC heap after
{Heap after GC invocations=1952 (full 5):
 def new generation   total 1608896K, used 75565K [0x00007fd80c600000, 0x00007fd8797c0000, 0x00007fdd61b50000)
  eden space 1430144K,   0% used [0x00007fd80c600000, 0x00007fd80c600000, 0x00007fd863aa0000)
  from space 178752K,  42% used [0x00007fd863aa0000, 0x00007fd86846b4d8, 0x00007fd86e930000)
  to   space 178752K,   0% used [0x00007fd86e930000, 0x00007fd86e930000, 0x00007fd8797c0000)
 tenured generation   total 3575176K, used 3541508K [0x00007fdd61b50000, 0x00007fde3beb2000, 0x00007fe80c600000)
   the space 3575176K,  99% used [0x00007fdd61b50000, 0x00007fde39dd1348, 0x00007fde39dd1400, 0x00007fde3beb2000)
 Metaspace       used 24261K, capacity 24641K, committed 24832K, reserved 26624K
}
Event: 2135.253 GC heap before
{Heap before GC invocations=1952 (full 5):
 def new generation   total 1608896K, used 1505709K [0x00007fd80c600000, 0x00007fd8797c0000, 0x00007fdd61b50000)
  eden space 1430144K, 100% used [0x00007fd80c600000, 0x00007fd863aa0000, 0x00007fd863aa0000)
  from space 178752K,  42% used [0x00007fd863aa0000, 0x00007fd86846b4d8, 0x00007fd86e930000)
  to   space 178752K,   0% used [0x00007fd86e930000, 0x00007fd86e930000, 0x00007fd8797c0000)
 tenured generation   total 3575176K, used 3541508K [0x00007fdd61b50000, 0x00007fde3beb2000, 0x00007fe80c600000)
   the space 3575176K,  99% used [0x00007fdd61b50000, 0x00007fde39dd1348, 0x00007fde39dd1400, 0x00007fde3beb2000)
 Metaspace       used 24261K, capacity 24641K, committed 24832K, reserved 26624K
}
Event: 2135.322 GC heap after
{Heap after GC invocations=1953 (full 5):
 def new generation   total 1608896K, used 81225K [0x00007fd80c600000, 0x00007fd8797c0000, 0x00007fdd61b50000)
  eden space 1430144K,   0% used [0x00007fd80c600000, 0x00007fd80c600000, 0x00007fd863aa0000)
  from space 178752K,  45% used [0x00007fd86e930000, 0x00007fd873882450, 0x00007fd8797c0000)
  to   space 178752K,   0% used [0x00007fd863aa0000, 0x00007fd863aa0000, 0x00007fd86e930000)
 tenured generation   total 3575176K, used 3541508K [0x00007fdd61b50000, 0x00007fde3beb2000, 0x00007fe80c600000)
   the space 3575176K,  99% used [0x00007fdd61b50000, 0x00007fde39dd1348, 0x00007fde39dd1400, 0x00007fde3beb2000)
 Metaspace       used 24261K, capacity 24641K, committed 24832K, reserved 26624K
}
Event: 2136.781 GC heap before
{Heap before GC invocations=1953 (full 5):
 def new generation   total 1608896K, used 1511369K [0x00007fd80c600000, 0x00007fd8797c0000, 0x00007fdd61b50000)
  eden space 1430144K, 100% used [0x00007fd80c600000, 0x00007fd863aa0000, 0x00007fd863aa0000)
  from space 178752K,  45% used [0x00007fd86e930000, 0x00007fd873882450, 0x00007fd8797c0000)
  to   space 178752K,   0% used [0x00007fd863aa0000, 0x00007fd863aa0000, 0x00007fd86e930000)
 tenured generation   total 3575176K, used 3541508K [0x00007fdd61b50000, 0x00007fde3beb2000, 0x00007fe80c600000)
   the space 3575176K,  99% used [0x00007fdd61b50000, 0x00007fde39dd1348, 0x00007fde39dd1400, 0x00007fde3beb2000)
 Metaspace       used 24261K, capacity 24641K, committed 24832K, reserved 26624K
}
Event: 2136.865 GC heap after
{Heap after GC invocations=1954 (full 5):
 def new generation   total 1608896K, used 67326K [0x00007fd80c600000, 0x00007fd8797c0000, 0x00007fdd61b50000)
  eden space 1430144K,   0% used [0x00007fd80c600000, 0x00007fd80c600000, 0x00007fd863aa0000)
  from space 178752K,  37% used [0x00007fd863aa0000, 0x00007fd867c5fb70, 0x00007fd86e930000)
  to   space 178752K,   0% used [0x00007fd86e930000, 0x00007fd86e930000, 0x00007fd8797c0000)
 tenured generation   total 3575176K, used 3558468K [0x00007fdd61b50000, 0x00007fde3beb2000, 0x00007fe80c600000)
   the space 3575176K,  99% used [0x00007fdd61b50000, 0x00007fde3ae61340, 0x00007fde3ae61400, 0x00007fde3beb2000)
 Metaspace       used 24261K, capacity 24641K, committed 24832K, reserved 26624K
}
Event: 2138.021 GC heap before
{Heap before GC invocations=1954 (full 5):
 def new generation   total 1608896K, used 1497470K [0x00007fd80c600000, 0x00007fd8797c0000, 0x00007fdd61b50000)
  eden space 1430144K, 100% used [0x00007fd80c600000, 0x00007fd863aa0000, 0x00007fd863aa0000)
  from space 178752K,  37% used [0x00007fd863aa0000, 0x00007fd867c5fb70, 0x00007fd86e930000)
  to   space 178752K,   0% used [0x00007fd86e930000, 0x00007fd86e930000, 0x00007fd8797c0000)
 tenured generation   total 3575176K, used 3558468K [0x00007fdd61b50000, 0x00007fde3beb2000, 0x00007fe80c600000)
   the space 3575176K,  99% used [0x00007fdd61b50000, 0x00007fde3ae61340, 0x00007fde3ae61400, 0x00007fde3beb2000)
 Metaspace       used 24261K, capacity 24641K, committed 24832K, reserved 26624K
}
Event: 2138.072 GC heap after
{Heap after GC invocations=1955 (full 5):
 def new generation   total 1608896K, used 67851K [0x00007fd80c600000, 0x00007fd8797c0000, 0x00007fdd61b50000)
  eden space 1430144K,   0% used [0x00007fd80c600000, 0x00007fd80c600000, 0x00007fd863aa0000)
  from space 178752K,  37% used [0x00007fd86e930000, 0x00007fd872b72f20, 0x00007fd8797c0000)
  to   space 178752K,   0% used [0x00007fd863aa0000, 0x00007fd863aa0000, 0x00007fd86e930000)
 tenured generation   total 3575176K, used 3558468K [0x00007fdd61b50000, 0x00007fde3beb2000, 0x00007fe80c600000)
   the space 3575176K,  99% used [0x00007fdd61b50000, 0x00007fde3ae61340, 0x00007fde3ae61400, 0x00007fde3beb2000)
 Metaspace       used 24261K, capacity 24641K, committed 24832K, reserved 26624K
}
Event: 2139.387 GC heap before
{Heap before GC invocations=1955 (full 5):
 def new generation   total 1608896K, used 1497995K [0x00007fd80c600000, 0x00007fd8797c0000, 0x00007fdd61b50000)
  eden space 1430144K, 100% used [0x00007fd80c600000, 0x00007fd863aa0000, 0x00007fd863aa0000)
  from space 178752K,  37% used [0x00007fd86e930000, 0x00007fd872b72f20, 0x00007fd8797c0000)
  to   space 178752K,   0% used [0x00007fd863aa0000, 0x00007fd863aa0000, 0x00007fd86e930000)
 tenured generation   total 3575176K, used 3558468K [0x00007fdd61b50000, 0x00007fde3beb2000, 0x00007fe80c600000)
   the space 3575176K,  99% used [0x00007fdd61b50000, 0x00007fde3ae61340, 0x00007fde3ae61400, 0x00007fde3beb2000)
 Metaspace       used 24261K, capacity 24641K, committed 24832K, reserved 26624K
}
Event: 2139.446 GC heap after
{Heap after GC invocations=1956 (full 5):
 def new generation   total 1608896K, used 68346K [0x00007fd80c600000, 0x00007fd8797c0000, 0x00007fdd61b50000)
  eden space 1430144K,   0% used [0x00007fd80c600000, 0x00007fd80c600000, 0x00007fd863aa0000)
  from space 178752K,  38% used [0x00007fd863aa0000, 0x00007fd867d5e9b0, 0x00007fd86e930000)
  to   space 178752K,   0% used [0x00007fd86e930000, 0x00007fd86e930000, 0x00007fd8797c0000)
 tenured generation   total 3575176K, used 3558468K [0x00007fdd61b50000, 0x00007fde3beb2000, 0x00007fe80c600000)
   the space 3575176K,  99% used [0x00007fdd61b50000, 0x00007fde3ae61340, 0x00007fde3ae61400, 0x00007fde3beb2000)
 Metaspace       used 24261K, capacity 24641K, committed 24832K, reserved 26624K
}
Event: 2141.180 GC heap before
{Heap before GC invocations=1956 (full 5):
 def new generation   total 1608896K, used 1497907K [0x00007fd80c600000, 0x00007fd8797c0000, 0x00007fdd61b50000)
  eden space 1430144K,  99% used [0x00007fd80c600000, 0x00007fd863a0e3a8, 0x00007fd863aa0000)
  from space 178752K,  38% used [0x00007fd863aa0000, 0x00007fd867d5e9b0, 0x00007fd86e930000)
  to   space 178752K,   0% used [0x00007fd86e930000, 0x00007fd86e930000, 0x00007fd8797c0000)
 tenured generation   total 3575176K, used 3558468K [0x00007fdd61b50000, 0x00007fde3beb2000, 0x00007fe80c600000)
   the space 3575176K,  99% used [0x00007fdd61b50000, 0x00007fde3ae61340, 0x00007fde3ae61400, 0x00007fde3beb2000)
 Metaspace       used 24261K, capacity 24641K, committed 24832K, reserved 26624K
}
Event: 2141.249 GC heap after
{Heap after GC invocations=1957 (full 5):
 def new generation   total 1608896K, used 79187K [0x00007fd80c600000, 0x00007fd8797c0000, 0x00007fdd61b50000)
  eden space 1430144K,   0% used [0x00007fd80c600000, 0x00007fd80c600000, 0x00007fd863aa0000)
  from space 178752K,  44% used [0x00007fd86e930000, 0x00007fd873684f00, 0x00007fd8797c0000)
  to   space 178752K,   0% used [0x00007fd863aa0000, 0x00007fd863aa0000, 0x00007fd86e930000)
 tenured generation   total 3575176K, used 3558468K [0x00007fdd61b50000, 0x00007fde3beb2000, 0x00007fe80c600000)
   the space 3575176K,  99% used [0x00007fdd61b50000, 0x00007fde3ae61340, 0x00007fde3ae61400, 0x00007fde3beb2000)
 Metaspace       used 24261K, capacity 24641K, committed 24832K, reserved 26624K
}
Event: 2143.108 GC heap before
{Heap before GC invocations=1957 (full 5):
 def new generation   total 1608896K, used 1509331K [0x00007fd80c600000, 0x00007fd8797c0000, 0x00007fdd61b50000)
  eden space 1430144K, 100% used [0x00007fd80c600000, 0x00007fd863aa0000, 0x00007fd863aa0000)
  from space 178752K,  44% used [0x00007fd86e930000, 0x00007fd873684f00, 0x00007fd8797c0000)
  to   space 178752K,   0% used [0x00007fd863aa0000, 0x00007fd863aa0000, 0x00007fd86e930000)
 tenured generation   total 3575176K, used 3558468K [0x00007fdd61b50000, 0x00007fde3beb2000, 0x00007fe80c600000)
   the space 3575176K,  99% used [0x00007fdd61b50000, 0x00007fde3ae61340, 0x00007fde3ae61400, 0x00007fde3beb2000)
 Metaspace       used 24261K, capacity 24641K, committed 24832K, reserved 26624K
}
Event: 2143.165 GC heap after
{Heap after GC invocations=1958 (full 5):
 def new generation   total 1608896K, used 76079K [0x00007fd80c600000, 0x00007fd8797c0000, 0x00007fdd61b50000)
  eden space 1430144K,   0% used [0x00007fd80c600000, 0x00007fd80c600000, 0x00007fd863aa0000)
  from space 178752K,  42% used [0x00007fd863aa0000, 0x00007fd8684ebf90, 0x00007fd86e930000)
  to   space 178752K,   0% used [0x00007fd86e930000, 0x00007fd86e930000, 0x00007fd8797c0000)
 tenured generation   total 3575176K, used 3558468K [0x00007fdd61b50000, 0x00007fde3beb2000, 0x00007fe80c600000)
   the space 3575176K,  99% used [0x00007fdd61b50000, 0x00007fde3ae61340, 0x00007fde3ae61400, 0x00007fde3beb2000)
 Metaspace       used 24261K, capacity 24641K, committed 24832K, reserved 26624K
}
Event: 2144.883 GC heap before
{Heap before GC invocations=1958 (full 5):
 def new generation   total 1608896K, used 1506223K [0x00007fd80c600000, 0x00007fd8797c0000, 0x00007fdd61b50000)
  eden space 1430144K, 100% used [0x00007fd80c600000, 0x00007fd863aa0000, 0x00007fd863aa0000)
  from space 178752K,  42% used [0x00007fd863aa0000, 0x00007fd8684ebf90, 0x00007fd86e930000)
  to   space 178752K,   0% used [0x00007fd86e930000, 0x00007fd86e930000, 0x00007fd8797c0000)
 tenured generation   total 3575176K, used 3558468K [0x00007fdd61b50000, 0x00007fde3beb2000, 0x00007fe80c600000)
   the space 3575176K,  99% used [0x00007fdd61b50000, 0x00007fde3ae61340, 0x00007fde3ae61400, 0x00007fde3beb2000)
 Metaspace       used 24261K, capacity 24641K, committed 24832K, reserved 26624K
}
Event: 2144.947 GC heap after
{Heap after GC invocations=1959 (full 5):
 def new generation   total 1608896K, used 81728K [0x00007fd80c600000, 0x00007fd8797c0000, 0x00007fdd61b50000)
  eden space 1430144K,   0% used [0x00007fd80c600000, 0x00007fd80c600000, 0x00007fd863aa0000)
  from space 178752K,  45% used [0x00007fd86e930000, 0x00007fd8739000d0, 0x00007fd8797c0000)
  to   space 178752K,   0% used [0x00007fd863aa0000, 0x00007fd863aa0000, 0x00007fd86e930000)
 tenured generation   total 3575176K, used 3558468K [0x00007fdd61b50000, 0x00007fde3beb2000, 0x00007fe80c600000)
   the space 3575176K,  99% used [0x00007fdd61b50000, 0x00007fde3ae61340, 0x00007fde3ae61400, 0x00007fde3beb2000)
 Metaspace       used 24261K, capacity 24641K, committed 24832K, reserved 26624K
}
Event: 2146.298 GC heap before
{Heap before GC invocations=1959 (full 5):
 def new generation   total 1608896K, used 1511872K [0x00007fd80c600000, 0x00007fd8797c0000, 0x00007fdd61b50000)
  eden space 1430144K, 100% used [0x00007fd80c600000, 0x00007fd863aa0000, 0x00007fd863aa0000)
  from space 178752K,  45% used [0x00007fd86e930000, 0x00007fd8739000d0, 0x00007fd8797c0000)
  to   space 178752K,   0% used [0x00007fd863aa0000, 0x00007fd863aa0000, 0x00007fd86e930000)
 tenured generation   total 3575176K, used 3558468K [0x00007fdd61b50000, 0x00007fde3beb2000, 0x00007fe80c600000)
   the space 3575176K,  99% used [0x00007fdd61b50000, 0x00007fde3ae61340, 0x00007fde3ae61400, 0x00007fde3beb2000)
 Metaspace       used 24261K, capacity 24641K, committed 24832K, reserved 26624K
}
Event: 2146.396 GC heap after
{Heap after GC invocations=1960 (full 5):
 def new generation   total 1608896K, used 67334K [0x00007fd80c600000, 0x00007fd8797c0000, 0x00007fdd61b50000)
  eden space 1430144K,   0% used [0x00007fd80c600000, 0x00007fd80c600000, 0x00007fd863aa0000)
  from space 178752K,  37% used [0x00007fd863aa0000, 0x00007fd867c61820, 0x00007fd86e930000)
  to   space 178752K,   0% used [0x00007fd86e930000, 0x00007fd86e930000, 0x00007fd8797c0000)
 tenured generation   total 3575692K, used 3575428K [0x00007fdd61b50000, 0x00007fde3bf33000, 0x00007fe80c600000)
   the space 3575692K,  99% used [0x00007fdd61b50000, 0x00007fde3bef1338, 0x00007fde3bef1400, 0x00007fde3bf33000)
 Metaspace       used 24261K, capacity 24641K, committed 24832K, reserved 26624K
}
Event: 2146.396 GC heap before
{Heap before GC invocations=1960 (full 5):
 def new generation   total 1608896K, used 67334K [0x00007fd80c600000, 0x00007fd8797c0000, 0x00007fdd61b50000)
  eden space 1430144K,   0% used [0x00007fd80c600000, 0x00007fd80c600000, 0x00007fd863aa0000)
  from space 178752K,  37% used [0x00007fd863aa0000, 0x00007fd867c61820, 0x00007fd86e930000)
  to   space 178752K,   0% used [0x00007fd86e930000, 0x00007fd86e930000, 0x00007fd8797c0000)
 tenured generation   total 3575692K, used 3575428K [0x00007fdd61b50000, 0x00007fde3bf33000, 0x00007fe80c600000)
   the space 3575692K,  99% used [0x00007fdd61b50000, 0x00007fde3bef1338, 0x00007fde3bef1400, 0x00007fde3bf33000)
 Metaspace       used 24261K, capacity 24641K, committed 24832K, reserved 26624K
}

