# JRE version: OpenJDK Runtime Environment (13.0.7+5) (build 13.0.7+5-Ubuntu-0ubuntu120.04)
# Java VM: OpenJDK 64-Bit Server VM (13.0.7+5-Ubuntu-0ubuntu120.04, mixed mode, tiered, serial gc, linux-amd64)
Heap:
 def new generation   total 1609152K, used 113192K [0x00007fb43c600000, 0x00007fb4a9800000, 0x00007fbee70a0000)
  eden space 1430400K,   7% used [0x00007fb43c600000, 0x00007fb44348a138, 0x00007fb493ae0000)
  from space 178752K,   0% used [0x00007fb493ae0000, 0x00007fb493ae0000, 0x00007fb49e970000)
  to   space 178752K,   0% used [0x00007fb49e970000, 0x00007fb49e970000, 0x00007fb4a9800000)
 tenured generation   total 4084668K, used 4084667K [0x00007fbee70a0000, 0x00007fbfe058f000, 0x00007fd43c600000)
   the space 4084668K,  99% used [0x00007fbee70a0000, 0x00007fbfe058efa8, 0x00007fbfe058f000, 0x00007fbfe058f000)
 Metaspace       used 31090K, capacity 31543K, committed 31744K, reserved 32768K
GC Heap History (20 events):
Event: 1501.414 GC heap after
{Heap after GC invocations=2302 (full 1):
 def new generation   total 629248K, used 69887K [0x00007fb43c600000, 0x00007fb4670c0000, 0x00007fbee70a0000)
  eden space 559360K,   0% used [0x00007fb43c600000, 0x00007fb43c600000, 0x00007fb45e840000)
  from space 69888K,  99% used [0x00007fb462c80000, 0x00007fb4670bfff8, 0x00007fb4670c0000)
  to   space 69888K,   0% used [0x00007fb45e840000, 0x00007fb45e840000, 0x00007fb462c80000)
 tenured generation   total 1527552K, used 1527507K [0x00007fbee70a0000, 0x00007fbf44460000, 0x00007fd43c600000)
   the space 1527552K,  99% used [0x00007fbee70a0000, 0x00007fbf44454ec8, 0x00007fbf44455000, 0x00007fbf44460000)
 Metaspace       used 30607K, capacity 31005K, committed 31232K, reserved 32768K
}
Event: 1501.414 GC heap before
{Heap before GC invocations=2302 (full 1):
 def new generation   total 629248K, used 69887K [0x00007fb43c600000, 0x00007fb4670c0000, 0x00007fbee70a0000)
  eden space 559360K,   0% used [0x00007fb43c600000, 0x00007fb43c600000, 0x00007fb45e840000)
  from space 69888K,  99% used [0x00007fb462c80000, 0x00007fb4670bfff8, 0x00007fb4670c0000)
  to   space 69888K,   0% used [0x00007fb45e840000, 0x00007fb45e840000, 0x00007fb462c80000)
 tenured generation   total 1527552K, used 1527507K [0x00007fbee70a0000, 0x00007fbf44460000, 0x00007fd43c600000)
   the space 1527552K,  99% used [0x00007fbee70a0000, 0x00007fbf44454ec8, 0x00007fbf44455000, 0x00007fbf44460000)
 Metaspace       used 30607K, capacity 31005K, committed 31232K, reserved 32768K
}
Event: 1502.589 GC heap after
{Heap after GC invocations=2302 (full 2):
 def new generation   total 629248K, used 0K [0x00007fb43c600000, 0x00007fb4670c0000, 0x00007fbee70a0000)
  eden space 559360K,   0% used [0x00007fb43c600000, 0x00007fb43c600000, 0x00007fb45e840000)
  from space 69888K,   0% used [0x00007fb462c80000, 0x00007fb462c80000, 0x00007fb4670c0000)
  to   space 69888K,   0% used [0x00007fb45e840000, 0x00007fb45e840000, 0x00007fb462c80000)
 tenured generation   total 1398144K, used 645803K [0x00007fbee70a0000, 0x00007fbf3c600000, 0x00007fd43c600000)
   the space 1398144K,  46% used [0x00007fbee70a0000, 0x00007fbf0e74ae40, 0x00007fbf0e74b000, 0x00007fbf3c600000)
 Metaspace       used 30607K, capacity 31005K, committed 31232K, reserved 32768K
}
Event: 1503.233 GC heap before
{Heap before GC invocations=2302 (full 2):
 def new generation   total 629248K, used 559360K [0x00007fb43c600000, 0x00007fb4670c0000, 0x00007fbee70a0000)
  eden space 559360K, 100% used [0x00007fb43c600000, 0x00007fb45e840000, 0x00007fb45e840000)
  from space 69888K,   0% used [0x00007fb462c80000, 0x00007fb462c80000, 0x00007fb4670c0000)
  to   space 69888K,   0% used [0x00007fb45e840000, 0x00007fb45e840000, 0x00007fb462c80000)
 tenured generation   total 1398144K, used 645803K [0x00007fbee70a0000, 0x00007fbf3c600000, 0x00007fd43c600000)
   the space 1398144K,  46% used [0x00007fbee70a0000, 0x00007fbf0e74ae40, 0x00007fbf0e74b000, 0x00007fbf3c600000)
 Metaspace       used 30658K, capacity 31095K, committed 31232K, reserved 32768K
}
Event: 1503.940 GC heap after
{Heap after GC invocations=2303 (full 2):
 def new generation   total 629248K, used 69888K [0x00007fb43c600000, 0x00007fb4670c0000, 0x00007fbee70a0000)
  eden space 559360K,   0% used [0x00007fb43c600000, 0x00007fb43c600000, 0x00007fb45e840000)
  from space 69888K, 100% used [0x00007fb45e840000, 0x00007fb462c80000, 0x00007fb462c80000)
  to   space 69888K,   0% used [0x00007fb462c80000, 0x00007fb462c80000, 0x00007fb4670c0000)
 tenured generation   total 1398144K, used 1134969K [0x00007fbee70a0000, 0x00007fbf3c600000, 0x00007fd43c600000)
   the space 1398144K,  81% used [0x00007fbee70a0000, 0x00007fbf2c4fe790, 0x00007fbf2c4fe800, 0x00007fbf3c600000)
 Metaspace       used 30658K, capacity 31095K, committed 31232K, reserved 32768K
}
Event: 1504.711 GC heap before
{Heap before GC invocations=2303 (full 2):
 def new generation   total 629248K, used 629248K [0x00007fb43c600000, 0x00007fb4670c0000, 0x00007fbee70a0000)
  eden space 559360K, 100% used [0x00007fb43c600000, 0x00007fb45e840000, 0x00007fb45e840000)
  from space 69888K, 100% used [0x00007fb45e840000, 0x00007fb462c80000, 0x00007fb462c80000)
  to   space 69888K,   0% used [0x00007fb462c80000, 0x00007fb462c80000, 0x00007fb4670c0000)
 tenured generation   total 1398144K, used 1134969K [0x00007fbee70a0000, 0x00007fbf3c600000, 0x00007fd43c600000)
   the space 1398144K,  81% used [0x00007fbee70a0000, 0x00007fbf2c4fe790, 0x00007fbf2c4fe800, 0x00007fbf3c600000)
 Metaspace       used 31085K, capacity 31543K, committed 31744K, reserved 32768K
}
Event: 1505.332 GC heap after
{Heap after GC invocations=2304 (full 2):
 def new generation   total 629248K, used 69888K [0x00007fb43c600000, 0x00007fb4670c0000, 0x00007fbee70a0000)
  eden space 559360K,   0% used [0x00007fb43c600000, 0x00007fb43c600000, 0x00007fb45e840000)
  from space 69888K, 100% used [0x00007fb462c80000, 0x00007fb4670c0000, 0x00007fb4670c0000)
  to   space 69888K,   0% used [0x00007fb45e840000, 0x00007fb45e840000, 0x00007fb462c80000)
 tenured generation   total 1547520K, used 1547419K [0x00007fbee70a0000, 0x00007fbf457e0000, 0x00007fd43c600000)
   the space 1547520K,  99% used [0x00007fbee70a0000, 0x00007fbf457c6fd8, 0x00007fbf457c7000, 0x00007fbf457e0000)
 Metaspace       used 31085K, capacity 31543K, committed 31744K, reserved 32768K
}
Event: 1505.332 GC heap before
{Heap before GC invocations=2304 (full 2):
 def new generation   total 629248K, used 69888K [0x00007fb43c600000, 0x00007fb4670c0000, 0x00007fbee70a0000)
  eden space 559360K,   0% used [0x00007fb43c600000, 0x00007fb43c600000, 0x00007fb45e840000)
  from space 69888K, 100% used [0x00007fb462c80000, 0x00007fb4670c0000, 0x00007fb4670c0000)
  to   space 69888K,   0% used [0x00007fb45e840000, 0x00007fb45e840000, 0x00007fb462c80000)
 tenured generation   total 1547520K, used 1547419K [0x00007fbee70a0000, 0x00007fbf457e0000, 0x00007fd43c600000)
   the space 1547520K,  99% used [0x00007fbee70a0000, 0x00007fbf457c6fd8, 0x00007fbf457c7000, 0x00007fbf457e0000)
 Metaspace       used 31085K, capacity 31543K, committed 31744K, reserved 32768K
}
Event: 1506.731 GC heap after
{Heap after GC invocations=2304 (full 3):
 def new generation   total 826560K, used 0K [0x00007fb43c600000, 0x00007fb4746e0000, 0x00007fbee70a0000)
  eden space 734720K,   0% used [0x00007fb43c600000, 0x00007fb43c600000, 0x00007fb469380000)
  from space 91840K,   0% used [0x00007fb469380000, 0x00007fb469380000, 0x00007fb46ed30000)
  to   space 91840K,   0% used [0x00007fb46ed30000, 0x00007fb46ed30000, 0x00007fb4746e0000)
 tenured generation   total 1836668K, used 1102000K [0x00007fbee70a0000, 0x00007fbf5723f000, 0x00007fd43c600000)
   the space 1836668K,  59% used [0x00007fbee70a0000, 0x00007fbf2a4cc100, 0x00007fbf2a4cc200, 0x00007fbf5723f000)
 Metaspace       used 31085K, capacity 31543K, committed 31744K, reserved 32768K
}
Event: 1507.315 GC heap before
{Heap before GC invocations=2304 (full 3):
 def new generation   total 826560K, used 734720K [0x00007fb43c600000, 0x00007fb4746e0000, 0x00007fbee70a0000)
  eden space 734720K, 100% used [0x00007fb43c600000, 0x00007fb469380000, 0x00007fb469380000)
  from space 91840K,   0% used [0x00007fb469380000, 0x00007fb469380000, 0x00007fb46ed30000)
  to   space 91840K,   0% used [0x00007fb46ed30000, 0x00007fb46ed30000, 0x00007fb4746e0000)
 tenured generation   total 1836668K, used 1102000K [0x00007fbee70a0000, 0x00007fbf5723f000, 0x00007fd43c600000)
   the space 1836668K,  59% used [0x00007fbee70a0000, 0x00007fbf2a4cc100, 0x00007fbf2a4cc200, 0x00007fbf5723f000)
 Metaspace       used 31085K, capacity 31543K, committed 31744K, reserved 32768K
}
Event: 1507.933 GC heap after
{Heap after GC invocations=2305 (full 3):
 def new generation   total 826560K, used 91839K [0x00007fb43c600000, 0x00007fb4746e0000, 0x00007fbee70a0000)
  eden space 734720K,   0% used [0x00007fb43c600000, 0x00007fb43c600000, 0x00007fb469380000)
  from space 91840K,  99% used [0x00007fb46ed30000, 0x00007fb4746dffe8, 0x00007fb4746e0000)
  to   space 91840K,   0% used [0x00007fb469380000, 0x00007fb469380000, 0x00007fb46ed30000)
 tenured generation   total 1836668K, used 1602682K [0x00007fbee70a0000, 0x00007fbf5723f000, 0x00007fd43c600000)
   the space 1836668K,  87% used [0x00007fbee70a0000, 0x00007fbf48dbeaa8, 0x00007fbf48dbec00, 0x00007fbf5723f000)
 Metaspace       used 31085K, capacity 31543K, committed 31744K, reserved 32768K
}
Event: 1509.008 GC heap before
{Heap before GC invocations=2305 (full 3):
 def new generation   total 826560K, used 826559K [0x00007fb43c600000, 0x00007fb4746e0000, 0x00007fbee70a0000)
  eden space 734720K, 100% used [0x00007fb43c600000, 0x00007fb469380000, 0x00007fb469380000)
  from space 91840K,  99% used [0x00007fb46ed30000, 0x00007fb4746dffe8, 0x00007fb4746e0000)
  to   space 91840K,   0% used [0x00007fb469380000, 0x00007fb469380000, 0x00007fb46ed30000)
 tenured generation   total 1836668K, used 1602682K [0x00007fbee70a0000, 0x00007fbf5723f000, 0x00007fd43c600000)
   the space 1836668K,  87% used [0x00007fbee70a0000, 0x00007fbf48dbeaa8, 0x00007fbf48dbec00, 0x00007fbf5723f000)
 Metaspace       used 31089K, capacity 31543K, committed 31744K, reserved 32768K
}
Event: 1509.678 GC heap after
{Heap after GC invocations=2306 (full 3):
 def new generation   total 826560K, used 91839K [0x00007fb43c600000, 0x00007fb4746e0000, 0x00007fbee70a0000)
  eden space 734720K,   0% used [0x00007fb43c600000, 0x00007fb43c600000, 0x00007fb469380000)
  from space 91840K,  99% used [0x00007fb469380000, 0x00007fb46ed2fe58, 0x00007fb46ed30000)
  to   space 91840K,   0% used [0x00007fb46ed30000, 0x00007fb46ed30000, 0x00007fb4746e0000)
 tenured generation   total 2145404K, used 2145227K [0x00007fbee70a0000, 0x00007fbf69fbf000, 0x00007fd43c600000)
   the space 2145404K,  99% used [0x00007fbee70a0000, 0x00007fbf69f92d10, 0x00007fbf69f92e00, 0x00007fbf69fbf000)
 Metaspace       used 31089K, capacity 31543K, committed 31744K, reserved 32768K
}
Event: 1509.678 GC heap before
{Heap before GC invocations=2306 (full 3):
 def new generation   total 826560K, used 91839K [0x00007fb43c600000, 0x00007fb4746e0000, 0x00007fbee70a0000)
  eden space 734720K,   0% used [0x00007fb43c600000, 0x00007fb43c600000, 0x00007fb469380000)
  from space 91840K,  99% used [0x00007fb469380000, 0x00007fb46ed2fe58, 0x00007fb46ed30000)
  to   space 91840K,   0% used [0x00007fb46ed30000, 0x00007fb46ed30000, 0x00007fb4746e0000)
 tenured generation   total 2145404K, used 2145227K [0x00007fbee70a0000, 0x00007fbf69fbf000, 0x00007fd43c600000)
   the space 2145404K,  99% used [0x00007fbee70a0000, 0x00007fbf69f92d10, 0x00007fbf69f92e00, 0x00007fbf69fbf000)
 Metaspace       used 31089K, capacity 31543K, committed 31744K, reserved 32768K
}
Event: 1512.381 GC heap after
{Heap after GC invocations=2306 (full 4):
 def new generation   total 1609152K, used 31855K [0x00007fb43c600000, 0x00007fb4a9800000, 0x00007fbee70a0000)
  eden space 1430400K,   2% used [0x00007fb43c600000, 0x00007fb43e51bec0, 0x00007fb493ae0000)
  from space 178752K,   0% used [0x00007fb493ae0000, 0x00007fb493ae0000, 0x00007fb49e970000)
  to   space 178752K,   0% used [0x00007fb49e970000, 0x00007fb49e970000, 0x00007fb4a9800000)
 tenured generation   total 3575676K, used 2145403K [0x00007fbee70a0000, 0x00007fbfc147f000, 0x00007fd43c600000)
   the space 3575676K,  59% used [0x00007fbee70a0000, 0x00007fbf69fbef10, 0x00007fbf69fbf000, 0x00007fbfc147f000)
 Metaspace       used 31089K, capacity 31543K, committed 31744K, reserved 32768K
}
Event: 1514.607 GC heap before
{Heap before GC invocations=2306 (full 4):
 def new generation   total 1609152K, used 1430400K [0x00007fb43c600000, 0x00007fb4a9800000, 0x00007fbee70a0000)
  eden space 1430400K, 100% used [0x00007fb43c600000, 0x00007fb493ae0000, 0x00007fb493ae0000)
  from space 178752K,   0% used [0x00007fb493ae0000, 0x00007fb493ae0000, 0x00007fb49e970000)
  to   space 178752K,   0% used [0x00007fb49e970000, 0x00007fb49e970000, 0x00007fb4a9800000)
 tenured generation   total 3575676K, used 2145403K [0x00007fbee70a0000, 0x00007fbfc147f000, 0x00007fd43c600000)
   the space 3575676K,  59% used [0x00007fbee70a0000, 0x00007fbf69fbef10, 0x00007fbf69fbf000, 0x00007fbfc147f000)
 Metaspace       used 31090K, capacity 31543K, committed 31744K, reserved 32768K
}
Event: 1515.843 GC heap after
{Heap after GC invocations=2307 (full 4):
 def new generation   total 1609152K, used 178751K [0x00007fb43c600000, 0x00007fb4a9800000, 0x00007fbee70a0000)
  eden space 1430400K,   0% used [0x00007fb43c600000, 0x00007fb43c600000, 0x00007fb493ae0000)
  from space 178752K,  99% used [0x00007fb49e970000, 0x00007fb4a97ffff8, 0x00007fb4a9800000)
  to   space 178752K,   0% used [0x00007fb493ae0000, 0x00007fb493ae0000, 0x00007fb49e970000)
 tenured generation   total 3575676K, used 3077356K [0x00007fbee70a0000, 0x00007fbfc147f000, 0x00007fd43c600000)
   the space 3575676K,  86% used [0x00007fbee70a0000, 0x00007fbfa2ddb170, 0x00007fbfa2ddb200, 0x00007fbfc147f000)
 Metaspace       used 31090K, capacity 31543K, committed 31744K, reserved 32768K
}
Event: 1518.079 GC heap before
{Heap before GC invocations=2307 (full 4):
 def new generation   total 1609152K, used 1609151K [0x00007fb43c600000, 0x00007fb4a9800000, 0x00007fbee70a0000)
  eden space 1430400K, 100% used [0x00007fb43c600000, 0x00007fb493ae0000, 0x00007fb493ae0000)
  from space 178752K,  99% used [0x00007fb49e970000, 0x00007fb4a97ffff8, 0x00007fb4a9800000)
  to   space 178752K,   0% used [0x00007fb493ae0000, 0x00007fb493ae0000, 0x00007fb49e970000)
 tenured generation   total 3575676K, used 3077356K [0x00007fbee70a0000, 0x00007fbfc147f000, 0x00007fd43c600000)
   the space 3575676K,  86% used [0x00007fbee70a0000, 0x00007fbfa2ddb170, 0x00007fbfa2ddb200, 0x00007fbfc147f000)
 Metaspace       used 31090K, capacity 31543K, committed 31744K, reserved 32768K
}
Event: 1519.408 GC heap after
{Heap after GC invocations=2308 (full 4):
 def new generation   total 1609152K, used 178751K [0x00007fb43c600000, 0x00007fb4a9800000, 0x00007fbee70a0000)
  eden space 1430400K,   0% used [0x00007fb43c600000, 0x00007fb43c600000, 0x00007fb493ae0000)
  from space 178752K,  99% used [0x00007fb493ae0000, 0x00007fb49e96ffe8, 0x00007fb49e970000)
  to   space 178752K,   0% used [0x00007fb49e970000, 0x00007fb49e970000, 0x00007fb4a9800000)
 tenured generation   total 4084668K, used 4084589K [0x00007fbee70a0000, 0x00007fbfe058f000, 0x00007fd43c600000)
   the space 4084668K,  99% used [0x00007fbee70a0000, 0x00007fbfe057b638, 0x00007fbfe057b800, 0x00007fbfe058f000)
 Metaspace       used 31090K, capacity 31543K, committed 31744K, reserved 32768K
}
Event: 1519.408 GC heap before
{Heap before GC invocations=2308 (full 4):
 def new generation   total 1609152K, used 178751K [0x00007fb43c600000, 0x00007fb4a9800000, 0x00007fbee70a0000)
  eden space 1430400K,   0% used [0x00007fb43c600000, 0x00007fb43c600000, 0x00007fb493ae0000)
  from space 178752K,  99% used [0x00007fb493ae0000, 0x00007fb49e96ffe8, 0x00007fb49e970000)
  to   space 178752K,   0% used [0x00007fb49e970000, 0x00007fb49e970000, 0x00007fb4a9800000)
 tenured generation   total 4084668K, used 4084589K [0x00007fbee70a0000, 0x00007fbfe058f000, 0x00007fd43c600000)
   the space 4084668K,  99% used [0x00007fbee70a0000, 0x00007fbfe057b638, 0x00007fbfe057b800, 0x00007fbfe058f000)
 Metaspace       used 31090K, capacity 31543K, committed 31744K, reserved 32768K
}

