# JRE version: OpenJDK Runtime Environment (13.0.7+5) (build 13.0.7+5-Ubuntu-0ubuntu120.04)
# Java VM: OpenJDK 64-Bit Server VM (13.0.7+5-Ubuntu-0ubuntu120.04, mixed mode, tiered, serial gc, linux-amd64)
Heap:
 def new generation   total 2641536K, used 0K [0x00007fcfe8600000, 0x00007fd09b830000, 0x00007fda930a0000)
  eden space 2348096K,   0% used [0x00007fcfe8600000, 0x00007fcfe8600000, 0x00007fd077b10000)
  from space 293440K,   0% used [0x00007fd077b10000, 0x00007fd077b10000, 0x00007fd0899a0000)
  to   space 293440K,   0% used [0x00007fd0899a0000, 0x00007fd0899a0000, 0x00007fd09b830000)
 tenured generation   total 5932088K, used 5592883K [0x00007fda930a0000, 0x00007fdbfd1ae000, 0x00007fefe8600000)
   the space 5932088K,  94% used [0x00007fda930a0000, 0x00007fdbe866ce18, 0x00007fdbe866d000, 0x00007fdbfd1ae000)
 Metaspace       used 29870K, capacity 30261K, committed 30464K, reserved 30720K
GC Heap History (20 events):
Event: 430.069 GC heap after
{Heap after GC invocations=51 (full 4):
 def new generation   total 2641536K, used 213173K [0x00007fcfe8600000, 0x00007fd09b830000, 0x00007fda930a0000)
  eden space 2348096K,   0% used [0x00007fcfe8600000, 0x00007fcfe8600000, 0x00007fd077b10000)
  from space 293440K,  72% used [0x00007fd0899a0000, 0x00007fd0969cd7e0, 0x00007fd09b830000)
  to   space 293440K,   0% used [0x00007fd077b10000, 0x00007fd077b10000, 0x00007fd0899a0000)
 tenured generation   total 5869880K, used 4044179K [0x00007fda930a0000, 0x00007fdbf94ee000, 0x00007fefe8600000)
   the space 5869880K,  68% used [0x00007fda930a0000, 0x00007fdb89e04ec8, 0x00007fdb89e05000, 0x00007fdbf94ee000)
 Metaspace       used 29870K, capacity 30261K, committed 30464K, reserved 30720K
}
Event: 431.671 GC heap before
{Heap before GC invocations=51 (full 4):
 def new generation   total 2641536K, used 2561269K [0x00007fcfe8600000, 0x00007fd09b830000, 0x00007fda930a0000)
  eden space 2348096K, 100% used [0x00007fcfe8600000, 0x00007fd077b10000, 0x00007fd077b10000)
  from space 293440K,  72% used [0x00007fd0899a0000, 0x00007fd0969cd7e0, 0x00007fd09b830000)
  to   space 293440K,   0% used [0x00007fd077b10000, 0x00007fd077b10000, 0x00007fd0899a0000)
 tenured generation   total 5869880K, used 4044179K [0x00007fda930a0000, 0x00007fdbf94ee000, 0x00007fefe8600000)
   the space 5869880K,  68% used [0x00007fda930a0000, 0x00007fdb89e04ec8, 0x00007fdb89e05000, 0x00007fdbf94ee000)
 Metaspace       used 29870K, capacity 30261K, committed 30464K, reserved 30720K
}
Event: 433.085 GC heap after
{Heap after GC invocations=52 (full 4):
 def new generation   total 2641536K, used 210514K [0x00007fcfe8600000, 0x00007fd09b830000, 0x00007fda930a0000)
  eden space 2348096K,   0% used [0x00007fcfe8600000, 0x00007fcfe8600000, 0x00007fd077b10000)
  from space 293440K,  71% used [0x00007fd077b10000, 0x00007fd0848a4b50, 0x00007fd0899a0000)
  to   space 293440K,   0% used [0x00007fd0899a0000, 0x00007fd0899a0000, 0x00007fd09b830000)
 tenured generation   total 5869880K, used 4257353K [0x00007fda930a0000, 0x00007fdbf94ee000, 0x00007fefe8600000)
   the space 5869880K,  72% used [0x00007fda930a0000, 0x00007fdb96e32428, 0x00007fdb96e32600, 0x00007fdbf94ee000)
 Metaspace       used 29870K, capacity 30261K, committed 30464K, reserved 30720K
}
Event: 434.755 GC heap before
{Heap before GC invocations=52 (full 4):
 def new generation   total 2641536K, used 2558610K [0x00007fcfe8600000, 0x00007fd09b830000, 0x00007fda930a0000)
  eden space 2348096K, 100% used [0x00007fcfe8600000, 0x00007fd077b10000, 0x00007fd077b10000)
  from space 293440K,  71% used [0x00007fd077b10000, 0x00007fd0848a4b50, 0x00007fd0899a0000)
  to   space 293440K,   0% used [0x00007fd0899a0000, 0x00007fd0899a0000, 0x00007fd09b830000)
 tenured generation   total 5869880K, used 4257353K [0x00007fda930a0000, 0x00007fdbf94ee000, 0x00007fefe8600000)
   the space 5869880K,  72% used [0x00007fda930a0000, 0x00007fdb96e32428, 0x00007fdb96e32600, 0x00007fdbf94ee000)
 Metaspace       used 29870K, capacity 30261K, committed 30464K, reserved 30720K
}
Event: 436.203 GC heap after
{Heap after GC invocations=53 (full 4):
 def new generation   total 2641536K, used 207431K [0x00007fcfe8600000, 0x00007fd09b830000, 0x00007fda930a0000)
  eden space 2348096K,   0% used [0x00007fcfe8600000, 0x00007fcfe8600000, 0x00007fd077b10000)
  from space 293440K,  70% used [0x00007fd0899a0000, 0x00007fd096431db0, 0x00007fd09b830000)
  to   space 293440K,   0% used [0x00007fd077b10000, 0x00007fd077b10000, 0x00007fd0899a0000)
 tenured generation   total 5869880K, used 4467867K [0x00007fda930a0000, 0x00007fdbf94ee000, 0x00007fefe8600000)
   the space 5869880K,  76% used [0x00007fda930a0000, 0x00007fdba3bc6d18, 0x00007fdba3bc6e00, 0x00007fdbf94ee000)
 Metaspace       used 29870K, capacity 30261K, committed 30464K, reserved 30720K
}
Event: 437.840 GC heap before
{Heap before GC invocations=53 (full 4):
 def new generation   total 2641536K, used 2555527K [0x00007fcfe8600000, 0x00007fd09b830000, 0x00007fda930a0000)
  eden space 2348096K, 100% used [0x00007fcfe8600000, 0x00007fd077b10000, 0x00007fd077b10000)
  from space 293440K,  70% used [0x00007fd0899a0000, 0x00007fd096431db0, 0x00007fd09b830000)
  to   space 293440K,   0% used [0x00007fd077b10000, 0x00007fd077b10000, 0x00007fd0899a0000)
 tenured generation   total 5869880K, used 4467867K [0x00007fda930a0000, 0x00007fdbf94ee000, 0x00007fefe8600000)
   the space 5869880K,  76% used [0x00007fda930a0000, 0x00007fdba3bc6d18, 0x00007fdba3bc6e00, 0x00007fdbf94ee000)
 Metaspace       used 29870K, capacity 30261K, committed 30464K, reserved 30720K
}
Event: 439.300 GC heap after
{Heap after GC invocations=54 (full 4):
 def new generation   total 2641536K, used 211853K [0x00007fcfe8600000, 0x00007fd09b830000, 0x00007fda930a0000)
  eden space 2348096K,   0% used [0x00007fcfe8600000, 0x00007fcfe8600000, 0x00007fd077b10000)
  from space 293440K,  72% used [0x00007fd077b10000, 0x00007fd0849f3590, 0x00007fd0899a0000)
  to   space 293440K,   0% used [0x00007fd0899a0000, 0x00007fd0899a0000, 0x00007fd09b830000)
 tenured generation   total 5869880K, used 4675298K [0x00007fda930a0000, 0x00007fdbf94ee000, 0x00007fefe8600000)
   the space 5869880K,  79% used [0x00007fda930a0000, 0x00007fdbb0658948, 0x00007fdbb0658a00, 0x00007fdbf94ee000)
 Metaspace       used 29870K, capacity 30261K, committed 30464K, reserved 30720K
}
Event: 441.069 GC heap before
{Heap before GC invocations=54 (full 4):
 def new generation   total 2641536K, used 2559949K [0x00007fcfe8600000, 0x00007fd09b830000, 0x00007fda930a0000)
  eden space 2348096K, 100% used [0x00007fcfe8600000, 0x00007fd077b10000, 0x00007fd077b10000)
  from space 293440K,  72% used [0x00007fd077b10000, 0x00007fd0849f3590, 0x00007fd0899a0000)
  to   space 293440K,   0% used [0x00007fd0899a0000, 0x00007fd0899a0000, 0x00007fd09b830000)
 tenured generation   total 5869880K, used 4675298K [0x00007fda930a0000, 0x00007fdbf94ee000, 0x00007fefe8600000)
   the space 5869880K,  79% used [0x00007fda930a0000, 0x00007fdbb0658948, 0x00007fdbb0658a00, 0x00007fdbf94ee000)
 Metaspace       used 29870K, capacity 30261K, committed 30464K, reserved 30720K
}
Event: 442.716 GC heap after
{Heap after GC invocations=55 (full 4):
 def new generation   total 2641536K, used 278755K [0x00007fcfe8600000, 0x00007fd09b830000, 0x00007fda930a0000)
  eden space 2348096K,   0% used [0x00007fcfe8600000, 0x00007fcfe8600000, 0x00007fd077b10000)
  from space 293440K,  94% used [0x00007fd0899a0000, 0x00007fd09a9d8ca0, 0x00007fd09b830000)
  to   space 293440K,   0% used [0x00007fd077b10000, 0x00007fd077b10000, 0x00007fd0899a0000)
 tenured generation   total 5869880K, used 4887151K [0x00007fda930a0000, 0x00007fdbf94ee000, 0x00007fefe8600000)
   the space 5869880K,  83% used [0x00007fda930a0000, 0x00007fdbbd53bcc8, 0x00007fdbbd53be00, 0x00007fdbf94ee000)
 Metaspace       used 29870K, capacity 30261K, committed 30464K, reserved 30720K
}
Event: 444.633 GC heap before
{Heap before GC invocations=55 (full 4):
 def new generation   total 2641536K, used 2626851K [0x00007fcfe8600000, 0x00007fd09b830000, 0x00007fda930a0000)
  eden space 2348096K, 100% used [0x00007fcfe8600000, 0x00007fd077b10000, 0x00007fd077b10000)
  from space 293440K,  94% used [0x00007fd0899a0000, 0x00007fd09a9d8ca0, 0x00007fd09b830000)
  to   space 293440K,   0% used [0x00007fd077b10000, 0x00007fd077b10000, 0x00007fd0899a0000)
 tenured generation   total 5869880K, used 4887151K [0x00007fda930a0000, 0x00007fdbf94ee000, 0x00007fefe8600000)
   the space 5869880K,  83% used [0x00007fda930a0000, 0x00007fdbbd53bcc8, 0x00007fdbbd53be00, 0x00007fdbf94ee000)
 Metaspace       used 29870K, capacity 30261K, committed 30464K, reserved 30720K
}
Event: 446.077 GC heap after
{Heap after GC invocations=56 (full 4):
 def new generation   total 2641536K, used 194623K [0x00007fcfe8600000, 0x00007fd09b830000, 0x00007fda930a0000)
  eden space 2348096K,   0% used [0x00007fcfe8600000, 0x00007fcfe8600000, 0x00007fd077b10000)
  from space 293440K,  66% used [0x00007fd077b10000, 0x00007fd08391fce0, 0x00007fd0899a0000)
  to   space 293440K,   0% used [0x00007fd0899a0000, 0x00007fd0899a0000, 0x00007fd09b830000)
 tenured generation   total 5869880K, used 5165906K [0x00007fda930a0000, 0x00007fdbf94ee000, 0x00007fefe8600000)
   the space 5869880K,  88% used [0x00007fda930a0000, 0x00007fdbce574928, 0x00007fdbce574a00, 0x00007fdbf94ee000)
 Metaspace       used 29870K, capacity 30261K, committed 30464K, reserved 30720K
}
Event: 447.738 GC heap before
{Heap before GC invocations=56 (full 4):
 def new generation   total 2641536K, used 2542719K [0x00007fcfe8600000, 0x00007fd09b830000, 0x00007fda930a0000)
  eden space 2348096K, 100% used [0x00007fcfe8600000, 0x00007fd077b10000, 0x00007fd077b10000)
  from space 293440K,  66% used [0x00007fd077b10000, 0x00007fd08391fce0, 0x00007fd0899a0000)
  to   space 293440K,   0% used [0x00007fd0899a0000, 0x00007fd0899a0000, 0x00007fd09b830000)
 tenured generation   total 5869880K, used 5165906K [0x00007fda930a0000, 0x00007fdbf94ee000, 0x00007fefe8600000)
   the space 5869880K,  88% used [0x00007fda930a0000, 0x00007fdbce574928, 0x00007fdbce574a00, 0x00007fdbf94ee000)
 Metaspace       used 29870K, capacity 30261K, committed 30464K, reserved 30720K
}
Event: 449.024 GC heap after
{Heap after GC invocations=57 (full 4):
 def new generation   total 2641536K, used 192863K [0x00007fcfe8600000, 0x00007fd09b830000, 0x00007fda930a0000)
  eden space 2348096K,   0% used [0x00007fcfe8600000, 0x00007fcfe8600000, 0x00007fd077b10000)
  from space 293440K,  65% used [0x00007fd0899a0000, 0x00007fd0955f7de0, 0x00007fd09b830000)
  to   space 293440K,   0% used [0x00007fd077b10000, 0x00007fd077b10000, 0x00007fd0899a0000)
 tenured generation   total 5869880K, used 5360529K [0x00007fda930a0000, 0x00007fdbf94ee000, 0x00007fefe8600000)
   the space 5869880K,  91% used [0x00007fda930a0000, 0x00007fdbda3844a8, 0x00007fdbda384600, 0x00007fdbf94ee000)
 Metaspace       used 29870K, capacity 30261K, committed 30464K, reserved 30720K
}
Event: 450.601 GC heap before
{Heap before GC invocations=57 (full 4):
 def new generation   total 2641536K, used 2540959K [0x00007fcfe8600000, 0x00007fd09b830000, 0x00007fda930a0000)
  eden space 2348096K, 100% used [0x00007fcfe8600000, 0x00007fd077b10000, 0x00007fd077b10000)
  from space 293440K,  65% used [0x00007fd0899a0000, 0x00007fd0955f7de0, 0x00007fd09b830000)
  to   space 293440K,   0% used [0x00007fd077b10000, 0x00007fd077b10000, 0x00007fd0899a0000)
 tenured generation   total 5869880K, used 5360529K [0x00007fda930a0000, 0x00007fdbf94ee000, 0x00007fefe8600000)
   the space 5869880K,  91% used [0x00007fda930a0000, 0x00007fdbda3844a8, 0x00007fdbda384600, 0x00007fdbf94ee000)
 Metaspace       used 29870K, capacity 30261K, committed 30464K, reserved 30720K
}
Event: 451.845 GC heap after
{Heap after GC invocations=58 (full 4):
 def new generation   total 2641536K, used 188017K [0x00007fcfe8600000, 0x00007fd09b830000, 0x00007fda930a0000)
  eden space 2348096K,   0% used [0x00007fcfe8600000, 0x00007fcfe8600000, 0x00007fd077b10000)
  from space 293440K,  64% used [0x00007fd077b10000, 0x00007fd0832ac560, 0x00007fd0899a0000)
  to   space 293440K,   0% used [0x00007fd0899a0000, 0x00007fd0899a0000, 0x00007fd09b830000)
 tenured generation   total 5869880K, used 5553392K [0x00007fda930a0000, 0x00007fdbf94ee000, 0x00007fefe8600000)
   the space 5869880K,  94% used [0x00007fda930a0000, 0x00007fdbe5fdc088, 0x00007fdbe5fdc200, 0x00007fdbf94ee000)
 Metaspace       used 29870K, capacity 30261K, committed 30464K, reserved 30720K
}
Event: 453.399 GC heap before
{Heap before GC invocations=58 (full 4):
 def new generation   total 2641536K, used 2536113K [0x00007fcfe8600000, 0x00007fd09b830000, 0x00007fda930a0000)
  eden space 2348096K, 100% used [0x00007fcfe8600000, 0x00007fd077b10000, 0x00007fd077b10000)
  from space 293440K,  64% used [0x00007fd077b10000, 0x00007fd0832ac560, 0x00007fd0899a0000)
  to   space 293440K,   0% used [0x00007fd0899a0000, 0x00007fd0899a0000, 0x00007fd09b830000)
 tenured generation   total 5869880K, used 5553392K [0x00007fda930a0000, 0x00007fdbf94ee000, 0x00007fefe8600000)
   the space 5869880K,  94% used [0x00007fda930a0000, 0x00007fdbe5fdc088, 0x00007fdbe5fdc200, 0x00007fdbf94ee000)
 Metaspace       used 29870K, capacity 30261K, committed 30464K, reserved 30720K
}
Event: 454.706 GC heap after
{Heap after GC invocations=59 (full 4):
 def new generation   total 2641536K, used 190653K [0x00007fcfe8600000, 0x00007fd09b830000, 0x00007fda930a0000)
  eden space 2348096K,   0% used [0x00007fcfe8600000, 0x00007fcfe8600000, 0x00007fd077b10000)
  from space 293440K,  64% used [0x00007fd0899a0000, 0x00007fd0953cf7a0, 0x00007fd09b830000)
  to   space 293440K,   0% used [0x00007fd077b10000, 0x00007fd077b10000, 0x00007fd0899a0000)
 tenured generation   total 5869880K, used 5741409K [0x00007fda930a0000, 0x00007fdbf94ee000, 0x00007fefe8600000)
   the space 5869880K,  97% used [0x00007fda930a0000, 0x00007fdbf1778528, 0x00007fdbf1778600, 0x00007fdbf94ee000)
 Metaspace       used 29870K, capacity 30261K, committed 30464K, reserved 30720K
}
Event: 456.336 GC heap before
{Heap before GC invocations=59 (full 4):
 def new generation   total 2641536K, used 2538749K [0x00007fcfe8600000, 0x00007fd09b830000, 0x00007fda930a0000)
  eden space 2348096K, 100% used [0x00007fcfe8600000, 0x00007fd077b10000, 0x00007fd077b10000)
  from space 293440K,  64% used [0x00007fd0899a0000, 0x00007fd0953cf7a0, 0x00007fd09b830000)
  to   space 293440K,   0% used [0x00007fd077b10000, 0x00007fd077b10000, 0x00007fd0899a0000)
 tenured generation   total 5869880K, used 5741409K [0x00007fda930a0000, 0x00007fdbf94ee000, 0x00007fefe8600000)
   the space 5869880K,  97% used [0x00007fda930a0000, 0x00007fdbf1778528, 0x00007fdbf1778600, 0x00007fdbf94ee000)
 Metaspace       used 29870K, capacity 30261K, committed 30464K, reserved 30720K
}
Event: 457.811 GC heap after
{Heap after GC invocations=60 (full 4):
 def new generation   total 2641536K, used 221420K [0x00007fcfe8600000, 0x00007fd09b830000, 0x00007fda930a0000)
  eden space 2348096K,   0% used [0x00007fcfe8600000, 0x00007fcfe8600000, 0x00007fd077b10000)
  from space 293440K,  75% used [0x00007fd077b10000, 0x00007fd08534b2b0, 0x00007fd0899a0000)
  to   space 293440K,   0% used [0x00007fd0899a0000, 0x00007fd0899a0000, 0x00007fd09b830000)
 tenured generation   total 5932088K, used 5932062K [0x00007fda930a0000, 0x00007fdbfd1ae000, 0x00007fefe8600000)
   the space 5932088K,  99% used [0x00007fda930a0000, 0x00007fdbfd1a7988, 0x00007fdbfd1a7a00, 0x00007fdbfd1ae000)
 Metaspace       used 29870K, capacity 30261K, committed 30464K, reserved 30720K
}
Event: 457.811 GC heap before
{Heap before GC invocations=60 (full 4):
 def new generation   total 2641536K, used 221420K [0x00007fcfe8600000, 0x00007fd09b830000, 0x00007fda930a0000)
  eden space 2348096K,   0% used [0x00007fcfe8600000, 0x00007fcfe8600000, 0x00007fd077b10000)
  from space 293440K,  75% used [0x00007fd077b10000, 0x00007fd08534b2b0, 0x00007fd0899a0000)
  to   space 293440K,   0% used [0x00007fd0899a0000, 0x00007fd0899a0000, 0x00007fd09b830000)
 tenured generation   total 5932088K, used 5932062K [0x00007fda930a0000, 0x00007fdbfd1ae000, 0x00007fefe8600000)
   the space 5932088K,  99% used [0x00007fda930a0000, 0x00007fdbfd1a7988, 0x00007fdbfd1a7a00, 0x00007fdbfd1ae000)
 Metaspace       used 29870K, capacity 30261K, committed 30464K, reserved 30720K
}

