# JRE version: OpenJDK Runtime Environment (13.0.7+5) (build 13.0.7+5-Ubuntu-0ubuntu120.04)
# Java VM: OpenJDK 64-Bit Server VM (13.0.7+5-Ubuntu-0ubuntu120.04, mixed mode, tiered, serial gc, linux-amd64)
Heap:
 def new generation   total 1248960K, used 0K [0x00007fcd40600000, 0x00007fcd95130000, 0x00007fd7eb0a0000)
  eden space 1110208K,   0% used [0x00007fcd40600000, 0x00007fcd40600000, 0x00007fcd84230000)
  from space 138752K,   0% used [0x00007fcd8c9b0000, 0x00007fcd8c9b0000, 0x00007fcd95130000)
  to   space 138752K,   0% used [0x00007fcd84230000, 0x00007fcd84230000, 0x00007fcd8c9b0000)
 tenured generation   total 2920892K, used 2147135K [0x00007fd7eb0a0000, 0x00007fd89d50f000, 0x00007fed40600000)
   the space 2920892K,  73% used [0x00007fd7eb0a0000, 0x00007fd86e16fdf0, 0x00007fd86e16fe00, 0x00007fd89d50f000)
 Metaspace       used 29917K, capacity 30328K, committed 30464K, reserved 30720K
GC Heap History (20 events):
Event: 52.649 GC heap after
{Heap after GC invocations=35 (full 2):
 def new generation   total 751552K, used 68514K [0x00007fcd40600000, 0x00007fcd73570000, 0x00007fd7eb0a0000)
  eden space 668096K,   0% used [0x00007fcd40600000, 0x00007fcd40600000, 0x00007fcd69270000)
  from space 83456K,  82% used [0x00007fcd69270000, 0x00007fcd6d558990, 0x00007fcd6e3f0000)
  to   space 83456K,   0% used [0x00007fcd6e3f0000, 0x00007fcd6e3f0000, 0x00007fcd73570000)
 tenured generation   total 1669968K, used 1526834K [0x00007fd7eb0a0000, 0x00007fd850f74000, 0x00007fed40600000)
   the space 1669968K,  91% used [0x00007fd7eb0a0000, 0x00007fd8483acae8, 0x00007fd8483acc00, 0x00007fd850f74000)
 Metaspace       used 29917K, capacity 30328K, committed 30464K, reserved 30720K
}
Event: 53.014 GC heap before
{Heap before GC invocations=35 (full 2):
 def new generation   total 751552K, used 736610K [0x00007fcd40600000, 0x00007fcd73570000, 0x00007fd7eb0a0000)
  eden space 668096K, 100% used [0x00007fcd40600000, 0x00007fcd69270000, 0x00007fcd69270000)
  from space 83456K,  82% used [0x00007fcd69270000, 0x00007fcd6d558990, 0x00007fcd6e3f0000)
  to   space 83456K,   0% used [0x00007fcd6e3f0000, 0x00007fcd6e3f0000, 0x00007fcd73570000)
 tenured generation   total 1669968K, used 1526834K [0x00007fd7eb0a0000, 0x00007fd850f74000, 0x00007fed40600000)
   the space 1669968K,  91% used [0x00007fd7eb0a0000, 0x00007fd8483acae8, 0x00007fd8483acc00, 0x00007fd850f74000)
 Metaspace       used 29917K, capacity 30328K, committed 30464K, reserved 30720K
}
Event: 53.376 GC heap after
{Heap after GC invocations=36 (full 2):
 def new generation   total 751552K, used 66731K [0x00007fcd40600000, 0x00007fcd73570000, 0x00007fd7eb0a0000)
  eden space 668096K,   0% used [0x00007fcd40600000, 0x00007fcd40600000, 0x00007fcd69270000)
  from space 83456K,  79% used [0x00007fcd6e3f0000, 0x00007fcd7251add0, 0x00007fcd73570000)
  to   space 83456K,   0% used [0x00007fcd69270000, 0x00007fcd69270000, 0x00007fcd6e3f0000)
 tenured generation   total 1669968K, used 1595348K [0x00007fd7eb0a0000, 0x00007fd850f74000, 0x00007fed40600000)
   the space 1669968K,  95% used [0x00007fd7eb0a0000, 0x00007fd84c695268, 0x00007fd84c695400, 0x00007fd850f74000)
 Metaspace       used 29917K, capacity 30328K, committed 30464K, reserved 30720K
}
Event: 53.662 GC heap before
{Heap before GC invocations=36 (full 2):
 def new generation   total 751552K, used 734827K [0x00007fcd40600000, 0x00007fcd73570000, 0x00007fd7eb0a0000)
  eden space 668096K, 100% used [0x00007fcd40600000, 0x00007fcd69270000, 0x00007fcd69270000)
  from space 83456K,  79% used [0x00007fcd6e3f0000, 0x00007fcd7251add0, 0x00007fcd73570000)
  to   space 83456K,   0% used [0x00007fcd69270000, 0x00007fcd69270000, 0x00007fcd6e3f0000)
 tenured generation   total 1669968K, used 1595348K [0x00007fd7eb0a0000, 0x00007fd850f74000, 0x00007fed40600000)
   the space 1669968K,  95% used [0x00007fd7eb0a0000, 0x00007fd84c695268, 0x00007fd84c695400, 0x00007fd850f74000)
 Metaspace       used 29917K, capacity 30328K, committed 30464K, reserved 30720K
}
Event: 53.959 GC heap after
{Heap after GC invocations=37 (full 2):
 def new generation   total 751552K, used 54739K [0x00007fcd40600000, 0x00007fcd73570000, 0x00007fd7eb0a0000)
  eden space 668096K,   0% used [0x00007fcd40600000, 0x00007fcd40600000, 0x00007fcd69270000)
  from space 83456K,  65% used [0x00007fcd69270000, 0x00007fcd6c7e4d48, 0x00007fcd6e3f0000)
  to   space 83456K,   0% used [0x00007fcd6e3f0000, 0x00007fcd6e3f0000, 0x00007fcd73570000)
 tenured generation   total 1669968K, used 1662079K [0x00007fd7eb0a0000, 0x00007fd850f74000, 0x00007fed40600000)
   the space 1669968K,  99% used [0x00007fd7eb0a0000, 0x00007fd8507bfda8, 0x00007fd8507bfe00, 0x00007fd850f74000)
 Metaspace       used 29917K, capacity 30328K, committed 30464K, reserved 30720K
}
Event: 54.230 GC heap before
{Heap before GC invocations=37 (full 2):
 def new generation   total 751552K, used 722835K [0x00007fcd40600000, 0x00007fcd73570000, 0x00007fd7eb0a0000)
  eden space 668096K, 100% used [0x00007fcd40600000, 0x00007fcd69270000, 0x00007fcd69270000)
  from space 83456K,  65% used [0x00007fcd69270000, 0x00007fcd6c7e4d48, 0x00007fcd6e3f0000)
  to   space 83456K,   0% used [0x00007fcd6e3f0000, 0x00007fcd6e3f0000, 0x00007fcd73570000)
 tenured generation   total 1669968K, used 1662079K [0x00007fd7eb0a0000, 0x00007fd850f74000, 0x00007fed40600000)
   the space 1669968K,  99% used [0x00007fd7eb0a0000, 0x00007fd8507bfda8, 0x00007fd8507bfe00, 0x00007fd850f74000)
 Metaspace       used 29917K, capacity 30328K, committed 30464K, reserved 30720K
}
Event: 54.544 GC heap after
{Heap after GC invocations=38 (full 2):
 def new generation   total 751552K, used 59358K [0x00007fcd40600000, 0x00007fcd73570000, 0x00007fd7eb0a0000)
  eden space 668096K,   0% used [0x00007fcd40600000, 0x00007fcd40600000, 0x00007fcd69270000)
  from space 83456K,  71% used [0x00007fcd6e3f0000, 0x00007fcd71de7948, 0x00007fcd73570000)
  to   space 83456K,   0% used [0x00007fcd69270000, 0x00007fcd69270000, 0x00007fcd6e3f0000)
 tenured generation   total 1717008K, used 1716818K [0x00007fd7eb0a0000, 0x00007fd853d64000, 0x00007fed40600000)
   the space 1717008K,  99% used [0x00007fd7eb0a0000, 0x00007fd853d349c0, 0x00007fd853d34a00, 0x00007fd853d64000)
 Metaspace       used 29917K, capacity 30328K, committed 30464K, reserved 30720K
}
Event: 54.544 GC heap before
{Heap before GC invocations=38 (full 2):
 def new generation   total 751552K, used 59358K [0x00007fcd40600000, 0x00007fcd73570000, 0x00007fd7eb0a0000)
  eden space 668096K,   0% used [0x00007fcd40600000, 0x00007fcd40600000, 0x00007fcd69270000)
  from space 83456K,  71% used [0x00007fcd6e3f0000, 0x00007fcd71de7948, 0x00007fcd73570000)
  to   space 83456K,   0% used [0x00007fcd69270000, 0x00007fcd69270000, 0x00007fcd6e3f0000)
 tenured generation   total 1717008K, used 1716818K [0x00007fd7eb0a0000, 0x00007fd853d64000, 0x00007fed40600000)
   the space 1717008K,  99% used [0x00007fd7eb0a0000, 0x00007fd853d349c0, 0x00007fd853d34a00, 0x00007fd853d64000)
 Metaspace       used 29917K, capacity 30328K, committed 30464K, reserved 30720K
}
Event: 58.912 GC heap after
{Heap after GC invocations=38 (full 3):
 def new generation   total 1248960K, used 0K [0x00007fcd40600000, 0x00007fcd95130000, 0x00007fd7eb0a0000)
  eden space 1110208K,   0% used [0x00007fcd40600000, 0x00007fcd40600000, 0x00007fcd84230000)
  from space 138752K,   0% used [0x00007fcd84230000, 0x00007fcd84230000, 0x00007fcd8c9b0000)
  to   space 138752K,   0% used [0x00007fcd8c9b0000, 0x00007fcd8c9b0000, 0x00007fcd95130000)
 tenured generation   total 2775356K, used 1665211K [0x00007fd7eb0a0000, 0x00007fd8946ef000, 0x00007fed40600000)
   the space 2775356K,  59% used [0x00007fd7eb0a0000, 0x00007fd850aced88, 0x00007fd850acee00, 0x00007fd8946ef000)
 Metaspace       used 29917K, capacity 30328K, committed 30464K, reserved 30720K
}
Event: 59.503 GC heap before
{Heap before GC invocations=38 (full 3):
 def new generation   total 1248960K, used 1110208K [0x00007fcd40600000, 0x00007fcd95130000, 0x00007fd7eb0a0000)
  eden space 1110208K, 100% used [0x00007fcd40600000, 0x00007fcd84230000, 0x00007fcd84230000)
  from space 138752K,   0% used [0x00007fcd84230000, 0x00007fcd84230000, 0x00007fcd8c9b0000)
  to   space 138752K,   0% used [0x00007fcd8c9b0000, 0x00007fcd8c9b0000, 0x00007fcd95130000)
 tenured generation   total 2775356K, used 1665211K [0x00007fd7eb0a0000, 0x00007fd8946ef000, 0x00007fed40600000)
   the space 2775356K,  59% used [0x00007fd7eb0a0000, 0x00007fd850aced88, 0x00007fd850acee00, 0x00007fd8946ef000)
 Metaspace       used 29917K, capacity 30328K, committed 30464K, reserved 30720K
}
Event: 59.917 GC heap after
{Heap after GC invocations=39 (full 3):
 def new generation   total 1248960K, used 94994K [0x00007fcd40600000, 0x00007fcd95130000, 0x00007fd7eb0a0000)
  eden space 1110208K,   0% used [0x00007fcd40600000, 0x00007fcd40600000, 0x00007fcd84230000)
  from space 138752K,  68% used [0x00007fcd8c9b0000, 0x00007fcd92674b10, 0x00007fcd95130000)
  to   space 138752K,   0% used [0x00007fcd84230000, 0x00007fcd84230000, 0x00007fcd8c9b0000)
 tenured generation   total 2775356K, used 1665211K [0x00007fd7eb0a0000, 0x00007fd8946ef000, 0x00007fed40600000)
   the space 2775356K,  59% used [0x00007fd7eb0a0000, 0x00007fd850aced88, 0x00007fd850acee00, 0x00007fd8946ef000)
 Metaspace       used 29917K, capacity 30328K, committed 30464K, reserved 30720K
}
Event: 75.421 GC heap before
{Heap before GC invocations=39 (full 3):
 def new generation   total 1248960K, used 1205202K [0x00007fcd40600000, 0x00007fcd95130000, 0x00007fd7eb0a0000)
  eden space 1110208K, 100% used [0x00007fcd40600000, 0x00007fcd84230000, 0x00007fcd84230000)
  from space 138752K,  68% used [0x00007fcd8c9b0000, 0x00007fcd92674b10, 0x00007fcd95130000)
  to   space 138752K,   0% used [0x00007fcd84230000, 0x00007fcd84230000, 0x00007fcd8c9b0000)
 tenured generation   total 2775356K, used 1665211K [0x00007fd7eb0a0000, 0x00007fd8946ef000, 0x00007fed40600000)
   the space 2775356K,  59% used [0x00007fd7eb0a0000, 0x00007fd850aced88, 0x00007fd850acee00, 0x00007fd8946ef000)
 Metaspace       used 29917K, capacity 30328K, committed 30464K, reserved 30720K
}
Event: 78.983 GC heap after
{Heap after GC invocations=40 (full 3):
 def new generation   total 1248960K, used 138752K [0x00007fcd40600000, 0x00007fcd95130000, 0x00007fd7eb0a0000)
  eden space 1110208K,   0% used [0x00007fcd40600000, 0x00007fcd40600000, 0x00007fcd84230000)
  from space 138752K, 100% used [0x00007fcd84230000, 0x00007fcd8c9b0000, 0x00007fcd8c9b0000)
  to   space 138752K,   0% used [0x00007fcd8c9b0000, 0x00007fcd8c9b0000, 0x00007fcd95130000)
 tenured generation   total 2775356K, used 2267853K [0x00007fd7eb0a0000, 0x00007fd8946ef000, 0x00007fed40600000)
   the space 2775356K,  81% used [0x00007fd7eb0a0000, 0x00007fd8757534e0, 0x00007fd875753600, 0x00007fd8946ef000)
 Metaspace       used 29917K, capacity 30328K, committed 30464K, reserved 30720K
}
Event: 145.533 GC heap before
{Heap before GC invocations=40 (full 3):
 def new generation   total 1248960K, used 1248960K [0x00007fcd40600000, 0x00007fcd95130000, 0x00007fd7eb0a0000)
  eden space 1110208K, 100% used [0x00007fcd40600000, 0x00007fcd84230000, 0x00007fcd84230000)
  from space 138752K, 100% used [0x00007fcd84230000, 0x00007fcd8c9b0000, 0x00007fcd8c9b0000)
  to   space 138752K,   0% used [0x00007fcd8c9b0000, 0x00007fcd8c9b0000, 0x00007fcd95130000)
 tenured generation   total 2775356K, used 2267853K [0x00007fd7eb0a0000, 0x00007fd8946ef000, 0x00007fed40600000)
   the space 2775356K,  81% used [0x00007fd7eb0a0000, 0x00007fd8757534e0, 0x00007fd875753600, 0x00007fd8946ef000)
 Metaspace       used 29917K, capacity 30328K, committed 30464K, reserved 30720K
}
Event: 146.837 GC heap after
{Heap after GC invocations=41 (full 3):
 def new generation   total 1248960K, used 138752K [0x00007fcd40600000, 0x00007fcd95130000, 0x00007fd7eb0a0000)
  eden space 1110208K,   0% used [0x00007fcd40600000, 0x00007fcd40600000, 0x00007fcd84230000)
  from space 138752K, 100% used [0x00007fcd8c9b0000, 0x00007fcd95130000, 0x00007fcd95130000)
  to   space 138752K,   0% used [0x00007fcd84230000, 0x00007fcd84230000, 0x00007fcd8c9b0000)
 tenured generation   total 2775356K, used 2501734K [0x00007fd7eb0a0000, 0x00007fd8946ef000, 0x00007fed40600000)
   the space 2775356K,  90% used [0x00007fd7eb0a0000, 0x00007fd883bb9870, 0x00007fd883bb9a00, 0x00007fd8946ef000)
 Metaspace       used 29917K, capacity 30328K, committed 30464K, reserved 30720K
}
Event: 205.596 GC heap before
{Heap before GC invocations=41 (full 3):
 def new generation   total 1248960K, used 1248960K [0x00007fcd40600000, 0x00007fcd95130000, 0x00007fd7eb0a0000)
  eden space 1110208K, 100% used [0x00007fcd40600000, 0x00007fcd84230000, 0x00007fcd84230000)
  from space 138752K, 100% used [0x00007fcd8c9b0000, 0x00007fcd95130000, 0x00007fcd95130000)
  to   space 138752K,   0% used [0x00007fcd84230000, 0x00007fcd84230000, 0x00007fcd8c9b0000)
 tenured generation   total 2775356K, used 2501734K [0x00007fd7eb0a0000, 0x00007fd8946ef000, 0x00007fed40600000)
   the space 2775356K,  90% used [0x00007fd7eb0a0000, 0x00007fd883bb9870, 0x00007fd883bb9a00, 0x00007fd8946ef000)
 Metaspace       used 29917K, capacity 30328K, committed 30464K, reserved 30720K
}
Event: 206.910 GC heap after
{Heap after GC invocations=42 (full 3):
 def new generation   total 1248960K, used 138751K [0x00007fcd40600000, 0x00007fcd95130000, 0x00007fd7eb0a0000)
  eden space 1110208K,   0% used [0x00007fcd40600000, 0x00007fcd40600000, 0x00007fcd84230000)
  from space 138752K,  99% used [0x00007fcd84230000, 0x00007fcd8c9afff0, 0x00007fcd8c9b0000)
  to   space 138752K,   0% used [0x00007fcd8c9b0000, 0x00007fcd8c9b0000, 0x00007fcd95130000)
 tenured generation   total 2775356K, used 2735606K [0x00007fd7eb0a0000, 0x00007fd8946ef000, 0x00007fed40600000)
   the space 2775356K,  98% used [0x00007fd7eb0a0000, 0x00007fd89201d8b0, 0x00007fd89201da00, 0x00007fd8946ef000)
 Metaspace       used 29917K, capacity 30328K, committed 30464K, reserved 30720K
}
Event: 253.411 GC heap before
{Heap before GC invocations=42 (full 3):
 def new generation   total 1248960K, used 1248959K [0x00007fcd40600000, 0x00007fcd95130000, 0x00007fd7eb0a0000)
  eden space 1110208K, 100% used [0x00007fcd40600000, 0x00007fcd84230000, 0x00007fcd84230000)
  from space 138752K,  99% used [0x00007fcd84230000, 0x00007fcd8c9afff0, 0x00007fcd8c9b0000)
  to   space 138752K,   0% used [0x00007fcd8c9b0000, 0x00007fcd8c9b0000, 0x00007fcd95130000)
 tenured generation   total 2775356K, used 2735606K [0x00007fd7eb0a0000, 0x00007fd8946ef000, 0x00007fed40600000)
   the space 2775356K,  98% used [0x00007fd7eb0a0000, 0x00007fd89201d8b0, 0x00007fd89201da00, 0x00007fd8946ef000)
 Metaspace       used 29917K, capacity 30328K, committed 30464K, reserved 30720K
}
Event: 254.421 GC heap after
{Heap after GC invocations=43 (full 3):
 def new generation   total 1248960K, used 138751K [0x00007fcd40600000, 0x00007fcd95130000, 0x00007fd7eb0a0000)
  eden space 1110208K,   0% used [0x00007fcd40600000, 0x00007fcd40600000, 0x00007fcd84230000)
  from space 138752K,  99% used [0x00007fcd8c9b0000, 0x00007fcd9512fff8, 0x00007fcd95130000)
  to   space 138752K,   0% used [0x00007fcd84230000, 0x00007fcd84230000, 0x00007fcd8c9b0000)
 tenured generation   total 2920892K, used 2920835K [0x00007fd7eb0a0000, 0x00007fd89d50f000, 0x00007fed40600000)
   the space 2920892K,  99% used [0x00007fd7eb0a0000, 0x00007fd89d500cb0, 0x00007fd89d500e00, 0x00007fd89d50f000)
 Metaspace       used 29917K, capacity 30328K, committed 30464K, reserved 30720K
}
Event: 254.421 GC heap before
{Heap before GC invocations=43 (full 3):
 def new generation   total 1248960K, used 138751K [0x00007fcd40600000, 0x00007fcd95130000, 0x00007fd7eb0a0000)
  eden space 1110208K,   0% used [0x00007fcd40600000, 0x00007fcd40600000, 0x00007fcd84230000)
  from space 138752K,  99% used [0x00007fcd8c9b0000, 0x00007fcd9512fff8, 0x00007fcd95130000)
  to   space 138752K,   0% used [0x00007fcd84230000, 0x00007fcd84230000, 0x00007fcd8c9b0000)
 tenured generation   total 2920892K, used 2920835K [0x00007fd7eb0a0000, 0x00007fd89d50f000, 0x00007fed40600000)
   the space 2920892K,  99% used [0x00007fd7eb0a0000, 0x00007fd89d500cb0, 0x00007fd89d500e00, 0x00007fd89d50f000)
 Metaspace       used 29917K, capacity 30328K, committed 30464K, reserved 30720K
}

