# JRE version: OpenJDK Runtime Environment (13.0.7+5) (build 13.0.7+5-Ubuntu-0ubuntu120.04)
# Java VM: OpenJDK 64-Bit Server VM (13.0.7+5-Ubuntu-0ubuntu120.04, mixed mode, tiered, serial gc, linux-amd64)
Heap:
 def new generation   total 1059968K, used 0K [0x00007f724c600000, 0x00007f7294420000, 0x00007f7cf70a0000)
  eden space 942208K,   0% used [0x00007f724c600000, 0x00007f724c600000, 0x00007f7285e20000)
  from space 117760K,   0% used [0x00007f728d120000, 0x00007f728d120000, 0x00007f7294420000)
  to   space 117760K,   0% used [0x00007f7285e20000, 0x00007f7285e20000, 0x00007f728d120000)
 tenured generation   total 2401080K, used 1957098K [0x00007f7cf70a0000, 0x00007f7d8996e000, 0x00007f924c600000)
   the space 2401080K,  81% used [0x00007f7cf70a0000, 0x00007f7d6e7daa30, 0x00007f7d6e7dac00, 0x00007f7d8996e000)
 Metaspace       used 29859K, capacity 30263K, committed 30464K, reserved 30720K
GC Heap History (20 events):
Event: 46.674 GC heap after
{Heap after GC invocations=28 (full 1):
 def new generation   total 629248K, used 64601K [0x00007f724c600000, 0x00007f72770c0000, 0x00007f7cf70a0000)
  eden space 559360K,   0% used [0x00007f724c600000, 0x00007f724c600000, 0x00007f726e840000)
  from space 69888K,  92% used [0x00007f7272c80000, 0x00007f7276b96678, 0x00007f72770c0000)
  to   space 69888K,   0% used [0x00007f726e840000, 0x00007f726e840000, 0x00007f7272c80000)
 tenured generation   total 1398144K, used 1387266K [0x00007f7cf70a0000, 0x00007f7d4c600000, 0x00007f924c600000)
   the space 1398144K,  99% used [0x00007f7cf70a0000, 0x00007f7d4bb60bd0, 0x00007f7d4bb60c00, 0x00007f7d4c600000)
 Metaspace       used 29859K, capacity 30263K, committed 30464K, reserved 30720K
}
Event: 47.110 GC heap before
{Heap before GC invocations=28 (full 1):
 def new generation   total 629248K, used 623961K [0x00007f724c600000, 0x00007f72770c0000, 0x00007f7cf70a0000)
  eden space 559360K, 100% used [0x00007f724c600000, 0x00007f726e840000, 0x00007f726e840000)
  from space 69888K,  92% used [0x00007f7272c80000, 0x00007f7276b96678, 0x00007f72770c0000)
  to   space 69888K,   0% used [0x00007f726e840000, 0x00007f726e840000, 0x00007f7272c80000)
 tenured generation   total 1398144K, used 1387266K [0x00007f7cf70a0000, 0x00007f7d4c600000, 0x00007f924c600000)
   the space 1398144K,  99% used [0x00007f7cf70a0000, 0x00007f7d4bb60bd0, 0x00007f7d4bb60c00, 0x00007f7d4c600000)
 Metaspace       used 29859K, capacity 30263K, committed 30464K, reserved 30720K
}
Event: 47.533 GC heap after
{Heap after GC invocations=29 (full 1):
 def new generation   total 629248K, used 69888K [0x00007f724c600000, 0x00007f72770c0000, 0x00007f7cf70a0000)
  eden space 559360K,   0% used [0x00007f724c600000, 0x00007f724c600000, 0x00007f726e840000)
  from space 69888K, 100% used [0x00007f726e840000, 0x00007f7272c80000, 0x00007f7272c80000)
  to   space 69888K,   0% used [0x00007f7272c80000, 0x00007f7272c80000, 0x00007f72770c0000)
 tenured generation   total 1460928K, used 1460880K [0x00007f7cf70a0000, 0x00007f7d50350000, 0x00007f924c600000)
   the space 1460928K,  99% used [0x00007f7cf70a0000, 0x00007f7d503440b0, 0x00007f7d50344200, 0x00007f7d50350000)
 Metaspace       used 29859K, capacity 30263K, committed 30464K, reserved 30720K
}
Event: 47.533 GC heap before
{Heap before GC invocations=29 (full 1):
 def new generation   total 629248K, used 69888K [0x00007f724c600000, 0x00007f72770c0000, 0x00007f7cf70a0000)
  eden space 559360K,   0% used [0x00007f724c600000, 0x00007f724c600000, 0x00007f726e840000)
  from space 69888K, 100% used [0x00007f726e840000, 0x00007f7272c80000, 0x00007f7272c80000)
  to   space 69888K,   0% used [0x00007f7272c80000, 0x00007f7272c80000, 0x00007f72770c0000)
 tenured generation   total 1460928K, used 1460880K [0x00007f7cf70a0000, 0x00007f7d50350000, 0x00007f924c600000)
   the space 1460928K,  99% used [0x00007f7cf70a0000, 0x00007f7d503440b0, 0x00007f7d50344200, 0x00007f7d50350000)
 Metaspace       used 29859K, capacity 30263K, committed 30464K, reserved 30720K
}
Event: 52.820 GC heap after
{Heap after GC invocations=29 (full 2):
 def new generation   total 1059968K, used 0K [0x00007f724c600000, 0x00007f7294420000, 0x00007f7cf70a0000)
  eden space 942208K,   0% used [0x00007f724c600000, 0x00007f724c600000, 0x00007f7285e20000)
  from space 117760K,   0% used [0x00007f7285e20000, 0x00007f7285e20000, 0x00007f728d120000)
  to   space 117760K,   0% used [0x00007f728d120000, 0x00007f728d120000, 0x00007f7294420000)
 tenured generation   total 2355384K, used 1413229K [0x00007f7cf70a0000, 0x00007f7d86cce000, 0x00007f924c600000)
   the space 2355384K,  59% used [0x00007f7cf70a0000, 0x00007f7d4d4bb428, 0x00007f7d4d4bb600, 0x00007f7d86cce000)
 Metaspace       used 29859K, capacity 30263K, committed 30464K, reserved 30720K
}
Event: 53.432 GC heap before
{Heap before GC invocations=29 (full 2):
 def new generation   total 1059968K, used 942208K [0x00007f724c600000, 0x00007f7294420000, 0x00007f7cf70a0000)
  eden space 942208K, 100% used [0x00007f724c600000, 0x00007f7285e20000, 0x00007f7285e20000)
  from space 117760K,   0% used [0x00007f7285e20000, 0x00007f7285e20000, 0x00007f728d120000)
  to   space 117760K,   0% used [0x00007f728d120000, 0x00007f728d120000, 0x00007f7294420000)
 tenured generation   total 2355384K, used 1413229K [0x00007f7cf70a0000, 0x00007f7d86cce000, 0x00007f924c600000)
   the space 2355384K,  59% used [0x00007f7cf70a0000, 0x00007f7d4d4bb428, 0x00007f7d4d4bb600, 0x00007f7d86cce000)
 Metaspace       used 29859K, capacity 30263K, committed 30464K, reserved 30720K
}
Event: 53.851 GC heap after
{Heap after GC invocations=30 (full 2):
 def new generation   total 1059968K, used 89446K [0x00007f724c600000, 0x00007f7294420000, 0x00007f7cf70a0000)
  eden space 942208K,   0% used [0x00007f724c600000, 0x00007f724c600000, 0x00007f7285e20000)
  from space 117760K,  75% used [0x00007f728d120000, 0x00007f7292879868, 0x00007f7294420000)
  to   space 117760K,   0% used [0x00007f7285e20000, 0x00007f7285e20000, 0x00007f728d120000)
 tenured generation   total 2355384K, used 1413229K [0x00007f7cf70a0000, 0x00007f7d86cce000, 0x00007f924c600000)
   the space 2355384K,  59% used [0x00007f7cf70a0000, 0x00007f7d4d4bb428, 0x00007f7d4d4bb600, 0x00007f7d86cce000)
 Metaspace       used 29859K, capacity 30263K, committed 30464K, reserved 30720K
}
Event: 54.366 GC heap before
{Heap before GC invocations=30 (full 2):
 def new generation   total 1059968K, used 1031654K [0x00007f724c600000, 0x00007f7294420000, 0x00007f7cf70a0000)
  eden space 942208K, 100% used [0x00007f724c600000, 0x00007f7285e20000, 0x00007f7285e20000)
  from space 117760K,  75% used [0x00007f728d120000, 0x00007f7292879868, 0x00007f7294420000)
  to   space 117760K,   0% used [0x00007f7285e20000, 0x00007f7285e20000, 0x00007f728d120000)
 tenured generation   total 2355384K, used 1413229K [0x00007f7cf70a0000, 0x00007f7d86cce000, 0x00007f924c600000)
   the space 2355384K,  59% used [0x00007f7cf70a0000, 0x00007f7d4d4bb428, 0x00007f7d4d4bb600, 0x00007f7d86cce000)
 Metaspace       used 29859K, capacity 30263K, committed 30464K, reserved 30720K
}
Event: 54.859 GC heap after
{Heap after GC invocations=31 (full 2):
 def new generation   total 1059968K, used 86586K [0x00007f724c600000, 0x00007f7294420000, 0x00007f7cf70a0000)
  eden space 942208K,   0% used [0x00007f724c600000, 0x00007f724c600000, 0x00007f7285e20000)
  from space 117760K,  73% used [0x00007f7285e20000, 0x00007f728b2ae888, 0x00007f728d120000)
  to   space 117760K,   0% used [0x00007f728d120000, 0x00007f728d120000, 0x00007f7294420000)
 tenured generation   total 2355384K, used 1502674K [0x00007f7cf70a0000, 0x00007f7d86cce000, 0x00007f924c600000)
   the space 2355384K,  63% used [0x00007f7cf70a0000, 0x00007f7d52c14960, 0x00007f7d52c14a00, 0x00007f7d86cce000)
 Metaspace       used 29859K, capacity 30263K, committed 30464K, reserved 30720K
}
Event: 55.443 GC heap before
{Heap before GC invocations=31 (full 2):
 def new generation   total 1059968K, used 1028794K [0x00007f724c600000, 0x00007f7294420000, 0x00007f7cf70a0000)
  eden space 942208K, 100% used [0x00007f724c600000, 0x00007f7285e20000, 0x00007f7285e20000)
  from space 117760K,  73% used [0x00007f7285e20000, 0x00007f728b2ae888, 0x00007f728d120000)
  to   space 117760K,   0% used [0x00007f728d120000, 0x00007f728d120000, 0x00007f7294420000)
 tenured generation   total 2355384K, used 1502674K [0x00007f7cf70a0000, 0x00007f7d86cce000, 0x00007f924c600000)
   the space 2355384K,  63% used [0x00007f7cf70a0000, 0x00007f7d52c14960, 0x00007f7d52c14a00, 0x00007f7d86cce000)
 Metaspace       used 29859K, capacity 30263K, committed 30464K, reserved 30720K
}
Event: 55.892 GC heap after
{Heap after GC invocations=32 (full 2):
 def new generation   total 1059968K, used 88869K [0x00007f724c600000, 0x00007f7294420000, 0x00007f7cf70a0000)
  eden space 942208K,   0% used [0x00007f724c600000, 0x00007f724c600000, 0x00007f7285e20000)
  from space 117760K,  75% used [0x00007f728d120000, 0x00007f72927e96c8, 0x00007f7294420000)
  to   space 117760K,   0% used [0x00007f7285e20000, 0x00007f7285e20000, 0x00007f728d120000)
 tenured generation   total 2355384K, used 1589259K [0x00007f7cf70a0000, 0x00007f7d86cce000, 0x00007f924c600000)
   the space 2355384K,  67% used [0x00007f7cf70a0000, 0x00007f7d580a2f48, 0x00007f7d580a3000, 0x00007f7d86cce000)
 Metaspace       used 29859K, capacity 30263K, committed 30464K, reserved 30720K
}
Event: 56.469 GC heap before
{Heap before GC invocations=32 (full 2):
 def new generation   total 1059968K, used 1031077K [0x00007f724c600000, 0x00007f7294420000, 0x00007f7cf70a0000)
  eden space 942208K, 100% used [0x00007f724c600000, 0x00007f7285e20000, 0x00007f7285e20000)
  from space 117760K,  75% used [0x00007f728d120000, 0x00007f72927e96c8, 0x00007f7294420000)
  to   space 117760K,   0% used [0x00007f7285e20000, 0x00007f7285e20000, 0x00007f728d120000)
 tenured generation   total 2355384K, used 1589259K [0x00007f7cf70a0000, 0x00007f7d86cce000, 0x00007f924c600000)
   the space 2355384K,  67% used [0x00007f7cf70a0000, 0x00007f7d580a2f48, 0x00007f7d580a3000, 0x00007f7d86cce000)
 Metaspace       used 29859K, capacity 30263K, committed 30464K, reserved 30720K
}
Event: 56.955 GC heap after
{Heap after GC invocations=33 (full 2):
 def new generation   total 1059968K, used 95691K [0x00007f724c600000, 0x00007f7294420000, 0x00007f7cf70a0000)
  eden space 942208K,   0% used [0x00007f724c600000, 0x00007f724c600000, 0x00007f7285e20000)
  from space 117760K,  81% used [0x00007f7285e20000, 0x00007f728bb92f20, 0x00007f728d120000)
  to   space 117760K,   0% used [0x00007f728d120000, 0x00007f728d120000, 0x00007f7294420000)
 tenured generation   total 2355384K, used 1678129K [0x00007f7cf70a0000, 0x00007f7d86cce000, 0x00007f924c600000)
   the space 2355384K,  71% used [0x00007f7cf70a0000, 0x00007f7d5d76c420, 0x00007f7d5d76c600, 0x00007f7d86cce000)
 Metaspace       used 29859K, capacity 30263K, committed 30464K, reserved 30720K
}
Event: 90.868 GC heap before
{Heap before GC invocations=33 (full 2):
 def new generation   total 1059968K, used 1037899K [0x00007f724c600000, 0x00007f7294420000, 0x00007f7cf70a0000)
  eden space 942208K, 100% used [0x00007f724c600000, 0x00007f7285e20000, 0x00007f7285e20000)
  from space 117760K,  81% used [0x00007f7285e20000, 0x00007f728bb92f20, 0x00007f728d120000)
  to   space 117760K,   0% used [0x00007f728d120000, 0x00007f728d120000, 0x00007f7294420000)
 tenured generation   total 2355384K, used 1678129K [0x00007f7cf70a0000, 0x00007f7d86cce000, 0x00007f924c600000)
   the space 2355384K,  71% used [0x00007f7cf70a0000, 0x00007f7d5d76c420, 0x00007f7d5d76c600, 0x00007f7d86cce000)
 Metaspace       used 29859K, capacity 30263K, committed 30464K, reserved 30720K
}
Event: 93.758 GC heap after
{Heap after GC invocations=34 (full 2):
 def new generation   total 1059968K, used 117759K [0x00007f724c600000, 0x00007f7294420000, 0x00007f7cf70a0000)
  eden space 942208K,   0% used [0x00007f724c600000, 0x00007f724c600000, 0x00007f7285e20000)
  from space 117760K,  99% used [0x00007f728d120000, 0x00007f729441fff8, 0x00007f7294420000)
  to   space 117760K,   0% used [0x00007f7285e20000, 0x00007f7285e20000, 0x00007f728d120000)
 tenured generation   total 2355384K, used 2186175K [0x00007f7cf70a0000, 0x00007f7d86cce000, 0x00007f924c600000)
   the space 2355384K,  92% used [0x00007f7cf70a0000, 0x00007f7d7c78ffa8, 0x00007f7d7c790000, 0x00007f7d86cce000)
 Metaspace       used 29859K, capacity 30263K, committed 30464K, reserved 30720K
}
Event: 146.208 GC heap before
{Heap before GC invocations=34 (full 2):
 def new generation   total 1059968K, used 1059967K [0x00007f724c600000, 0x00007f7294420000, 0x00007f7cf70a0000)
  eden space 942208K, 100% used [0x00007f724c600000, 0x00007f7285e20000, 0x00007f7285e20000)
  from space 117760K,  99% used [0x00007f728d120000, 0x00007f729441fff8, 0x00007f7294420000)
  to   space 117760K,   0% used [0x00007f7285e20000, 0x00007f7285e20000, 0x00007f728d120000)
 tenured generation   total 2355384K, used 2186175K [0x00007f7cf70a0000, 0x00007f7d86cce000, 0x00007f924c600000)
   the space 2355384K,  92% used [0x00007f7cf70a0000, 0x00007f7d7c78ffa8, 0x00007f7d7c790000, 0x00007f7d86cce000)
 Metaspace       used 29859K, capacity 30263K, committed 30464K, reserved 30720K
}
Event: 147.141 GC heap after
{Heap after GC invocations=35 (full 2):
 def new generation   total 1059968K, used 117759K [0x00007f724c600000, 0x00007f7294420000, 0x00007f7cf70a0000)
  eden space 942208K,   0% used [0x00007f724c600000, 0x00007f724c600000, 0x00007f7285e20000)
  from space 117760K,  99% used [0x00007f7285e20000, 0x00007f728d11fff8, 0x00007f728d120000)
  to   space 117760K,   0% used [0x00007f728d120000, 0x00007f728d120000, 0x00007f7294420000)
 tenured generation   total 2355384K, used 2283227K [0x00007f7cf70a0000, 0x00007f7d86cce000, 0x00007f924c600000)
   the space 2355384K,  96% used [0x00007f7cf70a0000, 0x00007f7d82656d68, 0x00007f7d82656e00, 0x00007f7d86cce000)
 Metaspace       used 29859K, capacity 30263K, committed 30464K, reserved 30720K
}
Event: 147.794 GC heap before
{Heap before GC invocations=35 (full 2):
 def new generation   total 1059968K, used 1059967K [0x00007f724c600000, 0x00007f7294420000, 0x00007f7cf70a0000)
  eden space 942208K, 100% used [0x00007f724c600000, 0x00007f7285e20000, 0x00007f7285e20000)
  from space 117760K,  99% used [0x00007f7285e20000, 0x00007f728d11fff8, 0x00007f728d120000)
  to   space 117760K,   0% used [0x00007f728d120000, 0x00007f728d120000, 0x00007f7294420000)
 tenured generation   total 2355384K, used 2283227K [0x00007f7cf70a0000, 0x00007f7d86cce000, 0x00007f924c600000)
   the space 2355384K,  96% used [0x00007f7cf70a0000, 0x00007f7d82656d68, 0x00007f7d82656e00, 0x00007f7d86cce000)
 Metaspace       used 29859K, capacity 30263K, committed 30464K, reserved 30720K
}
Event: 148.329 GC heap after
{Heap after GC invocations=36 (full 2):
 def new generation   total 1059968K, used 76991K [0x00007f724c600000, 0x00007f7294420000, 0x00007f7cf70a0000)
  eden space 942208K,   0% used [0x00007f724c600000, 0x00007f724c600000, 0x00007f7285e20000)
  from space 117760K,  65% used [0x00007f728d120000, 0x00007f7291c4fce0, 0x00007f7294420000)
  to   space 117760K,   0% used [0x00007f7285e20000, 0x00007f7285e20000, 0x00007f728d120000)
 tenured generation   total 2401080K, used 2400986K [0x00007f7cf70a0000, 0x00007f7d8996e000, 0x00007f924c600000)
   the space 2401080K,  99% used [0x00007f7cf70a0000, 0x00007f7d89956b20, 0x00007f7d89956c00, 0x00007f7d8996e000)
 Metaspace       used 29859K, capacity 30263K, committed 30464K, reserved 30720K
}
Event: 148.329 GC heap before
{Heap before GC invocations=36 (full 2):
 def new generation   total 1059968K, used 76991K [0x00007f724c600000, 0x00007f7294420000, 0x00007f7cf70a0000)
  eden space 942208K,   0% used [0x00007f724c600000, 0x00007f724c600000, 0x00007f7285e20000)
  from space 117760K,  65% used [0x00007f728d120000, 0x00007f7291c4fce0, 0x00007f7294420000)
  to   space 117760K,   0% used [0x00007f7285e20000, 0x00007f7285e20000, 0x00007f728d120000)
 tenured generation   total 2401080K, used 2400986K [0x00007f7cf70a0000, 0x00007f7d8996e000, 0x00007f924c600000)
   the space 2401080K,  99% used [0x00007f7cf70a0000, 0x00007f7d89956b20, 0x00007f7d89956c00, 0x00007f7d8996e000)
 Metaspace       used 29859K, capacity 30263K, committed 30464K, reserved 30720K
}

