# JRE version: OpenJDK Runtime Environment (13.0.7+5) (build 13.0.7+5-Ubuntu-0ubuntu120.04)
# Java VM: OpenJDK 64-Bit Server VM (13.0.7+5-Ubuntu-0ubuntu120.04, mixed mode, tiered, serial gc, linux-amd64)
Heap:
 def new generation   total 629248K, used 0K [0x00007f8960600000, 0x00007f898b0c0000, 0x00007f940b0a0000)
  eden space 559360K,   0% used [0x00007f8960600000, 0x00007f8960600000, 0x00007f8982840000)
  from space 69888K,   0% used [0x00007f8986c80000, 0x00007f8986c80000, 0x00007f898b0c0000)
  to   space 69888K,   0% used [0x00007f8982840000, 0x00007f8982840000, 0x00007f8986c80000)
 tenured generation   total 1410048K, used 1303029K [0x00007f940b0a0000, 0x00007f94611a0000, 0x00007fa960600000)
   the space 1410048K,  92% used [0x00007f940b0a0000, 0x00007f945a91d668, 0x00007f945a91d800, 0x00007f94611a0000)
 Metaspace       used 29930K, capacity 30393K, committed 30720K, reserved 30720K
GC Heap History (20 events):
Event: 31.677 GC heap after
{Heap after GC invocations=21 (full 1):
 def new generation   total 629248K, used 41937K [0x00007f8960600000, 0x00007f898b0c0000, 0x00007f940b0a0000)
  eden space 559360K,   0% used [0x00007f8960600000, 0x00007f8960600000, 0x00007f8982840000)
  from space 69888K,  60% used [0x00007f8982840000, 0x00007f8985134428, 0x00007f8986c80000)
  to   space 69888K,   0% used [0x00007f8986c80000, 0x00007f8986c80000, 0x00007f898b0c0000)
 tenured generation   total 1398144K, used 1024448K [0x00007f940b0a0000, 0x00007f9460600000, 0x00007fa960600000)
   the space 1398144K,  73% used [0x00007f940b0a0000, 0x00007f94499100b8, 0x00007f9449910200, 0x00007f9460600000)
 Metaspace       used 29930K, capacity 30393K, committed 30720K, reserved 30720K
}
Event: 31.933 GC heap before
{Heap before GC invocations=21 (full 1):
 def new generation   total 629248K, used 601297K [0x00007f8960600000, 0x00007f898b0c0000, 0x00007f940b0a0000)
  eden space 559360K, 100% used [0x00007f8960600000, 0x00007f8982840000, 0x00007f8982840000)
  from space 69888K,  60% used [0x00007f8982840000, 0x00007f8985134428, 0x00007f8986c80000)
  to   space 69888K,   0% used [0x00007f8986c80000, 0x00007f8986c80000, 0x00007f898b0c0000)
 tenured generation   total 1398144K, used 1024448K [0x00007f940b0a0000, 0x00007f9460600000, 0x00007fa960600000)
   the space 1398144K,  73% used [0x00007f940b0a0000, 0x00007f94499100b8, 0x00007f9449910200, 0x00007f9460600000)
 Metaspace       used 29930K, capacity 30393K, committed 30720K, reserved 30720K
}
Event: 32.179 GC heap after
{Heap after GC invocations=22 (full 1):
 def new generation   total 629248K, used 41899K [0x00007f8960600000, 0x00007f898b0c0000, 0x00007f940b0a0000)
  eden space 559360K,   0% used [0x00007f8960600000, 0x00007f8960600000, 0x00007f8982840000)
  from space 69888K,  59% used [0x00007f8986c80000, 0x00007f898956ac98, 0x00007f898b0c0000)
  to   space 69888K,   0% used [0x00007f8982840000, 0x00007f8982840000, 0x00007f8986c80000)
 tenured generation   total 1398144K, used 1066385K [0x00007f940b0a0000, 0x00007f9460600000, 0x00007fa960600000)
   the space 1398144K,  76% used [0x00007f940b0a0000, 0x00007f944c2044c0, 0x00007f944c204600, 0x00007f9460600000)
 Metaspace       used 29930K, capacity 30393K, committed 30720K, reserved 30720K
}
Event: 32.438 GC heap before
{Heap before GC invocations=22 (full 1):
 def new generation   total 629248K, used 601259K [0x00007f8960600000, 0x00007f898b0c0000, 0x00007f940b0a0000)
  eden space 559360K, 100% used [0x00007f8960600000, 0x00007f8982840000, 0x00007f8982840000)
  from space 69888K,  59% used [0x00007f8986c80000, 0x00007f898956ac98, 0x00007f898b0c0000)
  to   space 69888K,   0% used [0x00007f8982840000, 0x00007f8982840000, 0x00007f8986c80000)
 tenured generation   total 1398144K, used 1066385K [0x00007f940b0a0000, 0x00007f9460600000, 0x00007fa960600000)
   the space 1398144K,  76% used [0x00007f940b0a0000, 0x00007f944c2044c0, 0x00007f944c204600, 0x00007f9460600000)
 Metaspace       used 29930K, capacity 30393K, committed 30720K, reserved 30720K
}
Event: 32.685 GC heap after
{Heap after GC invocations=23 (full 1):
 def new generation   total 629248K, used 45879K [0x00007f8960600000, 0x00007f898b0c0000, 0x00007f940b0a0000)
  eden space 559360K,   0% used [0x00007f8960600000, 0x00007f8960600000, 0x00007f8982840000)
  from space 69888K,  65% used [0x00007f8982840000, 0x00007f898550dc20, 0x00007f8986c80000)
  to   space 69888K,   0% used [0x00007f8986c80000, 0x00007f8986c80000, 0x00007f898b0c0000)
 tenured generation   total 1398144K, used 1108283K [0x00007f940b0a0000, 0x00007f9460600000, 0x00007fa960600000)
   the space 1398144K,  79% used [0x00007f940b0a0000, 0x00007f944eaeee48, 0x00007f944eaef000, 0x00007f9460600000)
 Metaspace       used 29930K, capacity 30393K, committed 30720K, reserved 30720K
}
Event: 32.956 GC heap before
{Heap before GC invocations=23 (full 1):
 def new generation   total 629248K, used 605239K [0x00007f8960600000, 0x00007f898b0c0000, 0x00007f940b0a0000)
  eden space 559360K, 100% used [0x00007f8960600000, 0x00007f8982840000, 0x00007f8982840000)
  from space 69888K,  65% used [0x00007f8982840000, 0x00007f898550dc20, 0x00007f8986c80000)
  to   space 69888K,   0% used [0x00007f8986c80000, 0x00007f8986c80000, 0x00007f898b0c0000)
 tenured generation   total 1398144K, used 1108283K [0x00007f940b0a0000, 0x00007f9460600000, 0x00007fa960600000)
   the space 1398144K,  79% used [0x00007f940b0a0000, 0x00007f944eaeee48, 0x00007f944eaef000, 0x00007f9460600000)
 Metaspace       used 29930K, capacity 30393K, committed 30720K, reserved 30720K
}
Event: 33.188 GC heap after
{Heap after GC invocations=24 (full 1):
 def new generation   total 629248K, used 41802K [0x00007f8960600000, 0x00007f898b0c0000, 0x00007f940b0a0000)
  eden space 559360K,   0% used [0x00007f8960600000, 0x00007f8960600000, 0x00007f8982840000)
  from space 69888K,  59% used [0x00007f8986c80000, 0x00007f8989552920, 0x00007f898b0c0000)
  to   space 69888K,   0% used [0x00007f8982840000, 0x00007f8982840000, 0x00007f8986c80000)
 tenured generation   total 1398144K, used 1154162K [0x00007f940b0a0000, 0x00007f9460600000, 0x00007fa960600000)
   the space 1398144K,  82% used [0x00007f940b0a0000, 0x00007f94517bc938, 0x00007f94517bca00, 0x00007f9460600000)
 Metaspace       used 29930K, capacity 30393K, committed 30720K, reserved 30720K
}
Event: 33.491 GC heap before
{Heap before GC invocations=24 (full 1):
 def new generation   total 629248K, used 601162K [0x00007f8960600000, 0x00007f898b0c0000, 0x00007f940b0a0000)
  eden space 559360K, 100% used [0x00007f8960600000, 0x00007f8982840000, 0x00007f8982840000)
  from space 69888K,  59% used [0x00007f8986c80000, 0x00007f8989552920, 0x00007f898b0c0000)
  to   space 69888K,   0% used [0x00007f8982840000, 0x00007f8982840000, 0x00007f8986c80000)
 tenured generation   total 1398144K, used 1154162K [0x00007f940b0a0000, 0x00007f9460600000, 0x00007fa960600000)
   the space 1398144K,  82% used [0x00007f940b0a0000, 0x00007f94517bc938, 0x00007f94517bca00, 0x00007f9460600000)
 Metaspace       used 29930K, capacity 30393K, committed 30720K, reserved 30720K
}
Event: 33.725 GC heap after
{Heap after GC invocations=25 (full 1):
 def new generation   total 629248K, used 41503K [0x00007f8960600000, 0x00007f898b0c0000, 0x00007f940b0a0000)
  eden space 559360K,   0% used [0x00007f8960600000, 0x00007f8960600000, 0x00007f8982840000)
  from space 69888K,  59% used [0x00007f8982840000, 0x00007f89850c7db8, 0x00007f8986c80000)
  to   space 69888K,   0% used [0x00007f8986c80000, 0x00007f8986c80000, 0x00007f898b0c0000)
 tenured generation   total 1398144K, used 1195964K [0x00007f940b0a0000, 0x00007f9460600000, 0x00007fa960600000)
   the space 1398144K,  85% used [0x00007f940b0a0000, 0x00007f945408f158, 0x00007f945408f200, 0x00007f9460600000)
 Metaspace       used 29930K, capacity 30393K, committed 30720K, reserved 30720K
}
Event: 33.981 GC heap before
{Heap before GC invocations=25 (full 1):
 def new generation   total 629248K, used 600863K [0x00007f8960600000, 0x00007f898b0c0000, 0x00007f940b0a0000)
  eden space 559360K, 100% used [0x00007f8960600000, 0x00007f8982840000, 0x00007f8982840000)
  from space 69888K,  59% used [0x00007f8982840000, 0x00007f89850c7db8, 0x00007f8986c80000)
  to   space 69888K,   0% used [0x00007f8986c80000, 0x00007f8986c80000, 0x00007f898b0c0000)
 tenured generation   total 1398144K, used 1195964K [0x00007f940b0a0000, 0x00007f9460600000, 0x00007fa960600000)
   the space 1398144K,  85% used [0x00007f940b0a0000, 0x00007f945408f158, 0x00007f945408f200, 0x00007f9460600000)
 Metaspace       used 29930K, capacity 30393K, committed 30720K, reserved 30720K
}
Event: 34.212 GC heap after
{Heap after GC invocations=26 (full 1):
 def new generation   total 629248K, used 42096K [0x00007f8960600000, 0x00007f898b0c0000, 0x00007f940b0a0000)
  eden space 559360K,   0% used [0x00007f8960600000, 0x00007f8960600000, 0x00007f8982840000)
  from space 69888K,  60% used [0x00007f8986c80000, 0x00007f898959c070, 0x00007f898b0c0000)
  to   space 69888K,   0% used [0x00007f8982840000, 0x00007f8982840000, 0x00007f8986c80000)
 tenured generation   total 1398144K, used 1237467K [0x00007f940b0a0000, 0x00007f9460600000, 0x00007fa960600000)
   the space 1398144K,  88% used [0x00007f940b0a0000, 0x00007f9456916f10, 0x00007f9456917000, 0x00007f9460600000)
 Metaspace       used 29930K, capacity 30393K, committed 30720K, reserved 30720K
}
Event: 34.449 GC heap before
{Heap before GC invocations=26 (full 1):
 def new generation   total 629248K, used 601456K [0x00007f8960600000, 0x00007f898b0c0000, 0x00007f940b0a0000)
  eden space 559360K, 100% used [0x00007f8960600000, 0x00007f8982840000, 0x00007f8982840000)
  from space 69888K,  60% used [0x00007f8986c80000, 0x00007f898959c070, 0x00007f898b0c0000)
  to   space 69888K,   0% used [0x00007f8982840000, 0x00007f8982840000, 0x00007f8986c80000)
 tenured generation   total 1398144K, used 1237467K [0x00007f940b0a0000, 0x00007f9460600000, 0x00007fa960600000)
   the space 1398144K,  88% used [0x00007f940b0a0000, 0x00007f9456916f10, 0x00007f9456917000, 0x00007f9460600000)
 Metaspace       used 29930K, capacity 30393K, committed 30720K, reserved 30720K
}
Event: 34.695 GC heap after
{Heap after GC invocations=27 (full 1):
 def new generation   total 629248K, used 42212K [0x00007f8960600000, 0x00007f898b0c0000, 0x00007f940b0a0000)
  eden space 559360K,   0% used [0x00007f8960600000, 0x00007f8960600000, 0x00007f8982840000)
  from space 69888K,  60% used [0x00007f8982840000, 0x00007f89851792c0, 0x00007f8986c80000)
  to   space 69888K,   0% used [0x00007f8986c80000, 0x00007f8986c80000, 0x00007f898b0c0000)
 tenured generation   total 1398144K, used 1279563K [0x00007f940b0a0000, 0x00007f9460600000, 0x00007fa960600000)
   the space 1398144K,  91% used [0x00007f940b0a0000, 0x00007f9459232e30, 0x00007f9459233000, 0x00007f9460600000)
 Metaspace       used 29930K, capacity 30393K, committed 30720K, reserved 30720K
}
Event: 34.959 GC heap before
{Heap before GC invocations=27 (full 1):
 def new generation   total 629248K, used 601572K [0x00007f8960600000, 0x00007f898b0c0000, 0x00007f940b0a0000)
  eden space 559360K, 100% used [0x00007f8960600000, 0x00007f8982840000, 0x00007f8982840000)
  from space 69888K,  60% used [0x00007f8982840000, 0x00007f89851792c0, 0x00007f8986c80000)
  to   space 69888K,   0% used [0x00007f8986c80000, 0x00007f8986c80000, 0x00007f898b0c0000)
 tenured generation   total 1398144K, used 1279563K [0x00007f940b0a0000, 0x00007f9460600000, 0x00007fa960600000)
   the space 1398144K,  91% used [0x00007f940b0a0000, 0x00007f9459232e30, 0x00007f9459233000, 0x00007f9460600000)
 Metaspace       used 29930K, capacity 30393K, committed 30720K, reserved 30720K
}
Event: 35.215 GC heap after
{Heap after GC invocations=28 (full 1):
 def new generation   total 629248K, used 45693K [0x00007f8960600000, 0x00007f898b0c0000, 0x00007f940b0a0000)
  eden space 559360K,   0% used [0x00007f8960600000, 0x00007f8960600000, 0x00007f8982840000)
  from space 69888K,  65% used [0x00007f8986c80000, 0x00007f898991f768, 0x00007f898b0c0000)
  to   space 69888K,   0% used [0x00007f8982840000, 0x00007f8982840000, 0x00007f8986c80000)
 tenured generation   total 1398144K, used 1321776K [0x00007f940b0a0000, 0x00007f9460600000, 0x00007fa960600000)
   the space 1398144K,  94% used [0x00007f940b0a0000, 0x00007f945bb6c0f0, 0x00007f945bb6c200, 0x00007f9460600000)
 Metaspace       used 29930K, capacity 30393K, committed 30720K, reserved 30720K
}
Event: 35.485 GC heap before
{Heap before GC invocations=28 (full 1):
 def new generation   total 629248K, used 605053K [0x00007f8960600000, 0x00007f898b0c0000, 0x00007f940b0a0000)
  eden space 559360K, 100% used [0x00007f8960600000, 0x00007f8982840000, 0x00007f8982840000)
  from space 69888K,  65% used [0x00007f8986c80000, 0x00007f898991f768, 0x00007f898b0c0000)
  to   space 69888K,   0% used [0x00007f8982840000, 0x00007f8982840000, 0x00007f8986c80000)
 tenured generation   total 1398144K, used 1321776K [0x00007f940b0a0000, 0x00007f9460600000, 0x00007fa960600000)
   the space 1398144K,  94% used [0x00007f940b0a0000, 0x00007f945bb6c0f0, 0x00007f945bb6c200, 0x00007f9460600000)
 Metaspace       used 29930K, capacity 30393K, committed 30720K, reserved 30720K
}
Event: 35.730 GC heap after
{Heap after GC invocations=29 (full 1):
 def new generation   total 629248K, used 42488K [0x00007f8960600000, 0x00007f898b0c0000, 0x00007f940b0a0000)
  eden space 559360K,   0% used [0x00007f8960600000, 0x00007f8960600000, 0x00007f8982840000)
  from space 69888K,  60% used [0x00007f8982840000, 0x00007f89851be1b0, 0x00007f8986c80000)
  to   space 69888K,   0% used [0x00007f8986c80000, 0x00007f8986c80000, 0x00007f898b0c0000)
 tenured generation   total 1398144K, used 1367469K [0x00007f940b0a0000, 0x00007f9460600000, 0x00007fa960600000)
   the space 1398144K,  97% used [0x00007f940b0a0000, 0x00007f945e80b6a8, 0x00007f945e80b800, 0x00007f9460600000)
 Metaspace       used 29930K, capacity 30393K, committed 30720K, reserved 30720K
}
Event: 36.036 GC heap before
{Heap before GC invocations=29 (full 1):
 def new generation   total 629248K, used 601848K [0x00007f8960600000, 0x00007f898b0c0000, 0x00007f940b0a0000)
  eden space 559360K, 100% used [0x00007f8960600000, 0x00007f8982840000, 0x00007f8982840000)
  from space 69888K,  60% used [0x00007f8982840000, 0x00007f89851be1b0, 0x00007f8986c80000)
  to   space 69888K,   0% used [0x00007f8986c80000, 0x00007f8986c80000, 0x00007f898b0c0000)
 tenured generation   total 1398144K, used 1367469K [0x00007f940b0a0000, 0x00007f9460600000, 0x00007fa960600000)
   the space 1398144K,  97% used [0x00007f940b0a0000, 0x00007f945e80b6a8, 0x00007f945e80b800, 0x00007f9460600000)
 Metaspace       used 29930K, capacity 30393K, committed 30720K, reserved 30720K
}
Event: 36.263 GC heap after
{Heap after GC invocations=30 (full 1):
 def new generation   total 629248K, used 42463K [0x00007f8960600000, 0x00007f898b0c0000, 0x00007f940b0a0000)
  eden space 559360K,   0% used [0x00007f8960600000, 0x00007f8960600000, 0x00007f8982840000)
  from space 69888K,  60% used [0x00007f8986c80000, 0x00007f89895f7c48, 0x00007f898b0c0000)
  to   space 69888K,   0% used [0x00007f8982840000, 0x00007f8982840000, 0x00007f8986c80000)
 tenured generation   total 1410048K, used 1409957K [0x00007f940b0a0000, 0x00007f94611a0000, 0x00007fa960600000)
   the space 1410048K,  99% used [0x00007f940b0a0000, 0x00007f9461189698, 0x00007f9461189800, 0x00007f94611a0000)
 Metaspace       used 29930K, capacity 30393K, committed 30720K, reserved 30720K
}
Event: 36.263 GC heap before
{Heap before GC invocations=30 (full 1):
 def new generation   total 629248K, used 42463K [0x00007f8960600000, 0x00007f898b0c0000, 0x00007f940b0a0000)
  eden space 559360K,   0% used [0x00007f8960600000, 0x00007f8960600000, 0x00007f8982840000)
  from space 69888K,  60% used [0x00007f8986c80000, 0x00007f89895f7c48, 0x00007f898b0c0000)
  to   space 69888K,   0% used [0x00007f8982840000, 0x00007f8982840000, 0x00007f8986c80000)
 tenured generation   total 1410048K, used 1409957K [0x00007f940b0a0000, 0x00007f94611a0000, 0x00007fa960600000)
   the space 1410048K,  99% used [0x00007f940b0a0000, 0x00007f9461189698, 0x00007f9461189800, 0x00007f94611a0000)
 Metaspace       used 29930K, capacity 30393K, committed 30720K, reserved 30720K
}

