# JRE version: OpenJDK Runtime Environment (13.0.7+5) (build 13.0.7+5-Ubuntu-0ubuntu120.04)
# Java VM: OpenJDK 64-Bit Server VM (13.0.7+5-Ubuntu-0ubuntu120.04, mixed mode, tiered, serial gc, linux-amd64)
Heap:
 def new generation   total 1712384K, used 0K [0x00007fc7ac600000, 0x00007fc820800000, 0x00007fd2570a0000)
  eden space 1522176K,   0% used [0x00007fc7ac600000, 0x00007fc7ac600000, 0x00007fc809480000)
  from space 190208K,   0% used [0x00007fc814e40000, 0x00007fc814e40000, 0x00007fc820800000)
  to   space 190208K,   0% used [0x00007fc809480000, 0x00007fc809480000, 0x00007fc814e40000)
 tenured generation   total 3891144K, used 3370803K [0x00007fd2570a0000, 0x00007fd344892000, 0x00007fe7ac600000)
   the space 3891144K,  86% used [0x00007fd2570a0000, 0x00007fd324c6cc80, 0x00007fd324c6ce00, 0x00007fd344892000)
 Metaspace       used 29870K, capacity 30324K, committed 30464K, reserved 30720K
GC Heap History (20 events):
Event: 255.475 GC heap after
{Heap after GC invocations=42 (full 3):
 def new generation   total 1712384K, used 190207K [0x00007fc7ac600000, 0x00007fc820800000, 0x00007fd2570a0000)
  eden space 1522176K,   0% used [0x00007fc7ac600000, 0x00007fc7ac600000, 0x00007fc809480000)
  from space 190208K,  99% used [0x00007fc809480000, 0x00007fc814e3ffe8, 0x00007fc814e40000)
  to   space 190208K,   0% used [0x00007fc814e40000, 0x00007fc814e40000, 0x00007fc820800000)
 tenured generation   total 3805128K, used 2730022K [0x00007fd2570a0000, 0x00007fd33f492000, 0x00007fe7ac600000)
   the space 3805128K,  71% used [0x00007fd2570a0000, 0x00007fd2fdaa9bd8, 0x00007fd2fdaa9c00, 0x00007fd33f492000)
 Metaspace       used 29870K, capacity 30324K, committed 30464K, reserved 30720K
}
Event: 256.501 GC heap before
{Heap before GC invocations=42 (full 3):
 def new generation   total 1712384K, used 1712383K [0x00007fc7ac600000, 0x00007fc820800000, 0x00007fd2570a0000)
  eden space 1522176K, 100% used [0x00007fc7ac600000, 0x00007fc809480000, 0x00007fc809480000)
  from space 190208K,  99% used [0x00007fc809480000, 0x00007fc814e3ffe8, 0x00007fc814e40000)
  to   space 190208K,   0% used [0x00007fc814e40000, 0x00007fc814e40000, 0x00007fc820800000)
 tenured generation   total 3805128K, used 2730022K [0x00007fd2570a0000, 0x00007fd33f492000, 0x00007fe7ac600000)
   the space 3805128K,  71% used [0x00007fd2570a0000, 0x00007fd2fdaa9bd8, 0x00007fd2fdaa9c00, 0x00007fd33f492000)
 Metaspace       used 29870K, capacity 30324K, committed 30464K, reserved 30720K
}
Event: 257.341 GC heap after
{Heap after GC invocations=43 (full 3):
 def new generation   total 1712384K, used 120012K [0x00007fc7ac600000, 0x00007fc820800000, 0x00007fd2570a0000)
  eden space 1522176K,   0% used [0x00007fc7ac600000, 0x00007fc7ac600000, 0x00007fc809480000)
  from space 190208K,  63% used [0x00007fc814e40000, 0x00007fc81c373260, 0x00007fc820800000)
  to   space 190208K,   0% used [0x00007fc809480000, 0x00007fc809480000, 0x00007fc814e40000)
 tenured generation   total 3805128K, used 2920230K [0x00007fd2570a0000, 0x00007fd33f492000, 0x00007fe7ac600000)
   the space 3805128K,  76% used [0x00007fd2570a0000, 0x00007fd309469860, 0x00007fd309469a00, 0x00007fd33f492000)
 Metaspace       used 29870K, capacity 30324K, committed 30464K, reserved 30720K
}
Event: 258.226 GC heap before
{Heap before GC invocations=43 (full 3):
 def new generation   total 1712384K, used 1642188K [0x00007fc7ac600000, 0x00007fc820800000, 0x00007fd2570a0000)
  eden space 1522176K, 100% used [0x00007fc7ac600000, 0x00007fc809480000, 0x00007fc809480000)
  from space 190208K,  63% used [0x00007fc814e40000, 0x00007fc81c373260, 0x00007fc820800000)
  to   space 190208K,   0% used [0x00007fc809480000, 0x00007fc809480000, 0x00007fc814e40000)
 tenured generation   total 3805128K, used 2920230K [0x00007fd2570a0000, 0x00007fd33f492000, 0x00007fe7ac600000)
   the space 3805128K,  76% used [0x00007fd2570a0000, 0x00007fd309469860, 0x00007fd309469a00, 0x00007fd33f492000)
 Metaspace       used 29870K, capacity 30324K, committed 30464K, reserved 30720K
}
Event: 259.045 GC heap after
{Heap after GC invocations=44 (full 3):
 def new generation   total 1712384K, used 122395K [0x00007fc7ac600000, 0x00007fc820800000, 0x00007fd2570a0000)
  eden space 1522176K,   0% used [0x00007fc7ac600000, 0x00007fc7ac600000, 0x00007fc809480000)
  from space 190208K,  64% used [0x00007fc809480000, 0x00007fc810c06cd0, 0x00007fc814e40000)
  to   space 190208K,   0% used [0x00007fc814e40000, 0x00007fc814e40000, 0x00007fc820800000)
 tenured generation   total 3805128K, used 3040242K [0x00007fd2570a0000, 0x00007fd33f492000, 0x00007fe7ac600000)
   the space 3805128K,  79% used [0x00007fd2570a0000, 0x00007fd31099c900, 0x00007fd31099ca00, 0x00007fd33f492000)
 Metaspace       used 29870K, capacity 30324K, committed 30464K, reserved 30720K
}
Event: 260.039 GC heap before
{Heap before GC invocations=44 (full 3):
 def new generation   total 1712384K, used 1644571K [0x00007fc7ac600000, 0x00007fc820800000, 0x00007fd2570a0000)
  eden space 1522176K, 100% used [0x00007fc7ac600000, 0x00007fc809480000, 0x00007fc809480000)
  from space 190208K,  64% used [0x00007fc809480000, 0x00007fc810c06cd0, 0x00007fc814e40000)
  to   space 190208K,   0% used [0x00007fc814e40000, 0x00007fc814e40000, 0x00007fc820800000)
 tenured generation   total 3805128K, used 3040242K [0x00007fd2570a0000, 0x00007fd33f492000, 0x00007fe7ac600000)
   the space 3805128K,  79% used [0x00007fd2570a0000, 0x00007fd31099c900, 0x00007fd31099ca00, 0x00007fd33f492000)
 Metaspace       used 29870K, capacity 30324K, committed 30464K, reserved 30720K
}
Event: 260.856 GC heap after
{Heap after GC invocations=45 (full 3):
 def new generation   total 1712384K, used 121907K [0x00007fc7ac600000, 0x00007fc820800000, 0x00007fd2570a0000)
  eden space 1522176K,   0% used [0x00007fc7ac600000, 0x00007fc7ac600000, 0x00007fc809480000)
  from space 190208K,  64% used [0x00007fc814e40000, 0x00007fc81c54cec0, 0x00007fc820800000)
  to   space 190208K,   0% used [0x00007fc809480000, 0x00007fc809480000, 0x00007fc814e40000)
 tenured generation   total 3805128K, used 3162636K [0x00007fd2570a0000, 0x00007fd33f492000, 0x00007fe7ac600000)
   the space 3805128K,  83% used [0x00007fd2570a0000, 0x00007fd3181233d0, 0x00007fd318123400, 0x00007fd33f492000)
 Metaspace       used 29870K, capacity 30324K, committed 30464K, reserved 30720K
}
Event: 261.743 GC heap before
{Heap before GC invocations=45 (full 3):
 def new generation   total 1712384K, used 1644083K [0x00007fc7ac600000, 0x00007fc820800000, 0x00007fd2570a0000)
  eden space 1522176K, 100% used [0x00007fc7ac600000, 0x00007fc809480000, 0x00007fc809480000)
  from space 190208K,  64% used [0x00007fc814e40000, 0x00007fc81c54cec0, 0x00007fc820800000)
  to   space 190208K,   0% used [0x00007fc809480000, 0x00007fc809480000, 0x00007fc814e40000)
 tenured generation   total 3805128K, used 3162636K [0x00007fd2570a0000, 0x00007fd33f492000, 0x00007fe7ac600000)
   the space 3805128K,  83% used [0x00007fd2570a0000, 0x00007fd3181233d0, 0x00007fd318123400, 0x00007fd33f492000)
 Metaspace       used 29870K, capacity 30324K, committed 30464K, reserved 30720K
}
Event: 262.517 GC heap after
{Heap after GC invocations=46 (full 3):
 def new generation   total 1712384K, used 121760K [0x00007fc7ac600000, 0x00007fc820800000, 0x00007fd2570a0000)
  eden space 1522176K,   0% used [0x00007fc7ac600000, 0x00007fc7ac600000, 0x00007fc809480000)
  from space 190208K,  64% used [0x00007fc809480000, 0x00007fc810b68308, 0x00007fc814e40000)
  to   space 190208K,   0% used [0x00007fc814e40000, 0x00007fc814e40000, 0x00007fc820800000)
 tenured generation   total 3805128K, used 3284544K [0x00007fd2570a0000, 0x00007fd33f492000, 0x00007fe7ac600000)
   the space 3805128K,  86% used [0x00007fd2570a0000, 0x00007fd31f830050, 0x00007fd31f830200, 0x00007fd33f492000)
 Metaspace       used 29870K, capacity 30324K, committed 30464K, reserved 30720K
}
Event: 263.352 GC heap before
{Heap before GC invocations=46 (full 3):
 def new generation   total 1712384K, used 1643936K [0x00007fc7ac600000, 0x00007fc820800000, 0x00007fd2570a0000)
  eden space 1522176K, 100% used [0x00007fc7ac600000, 0x00007fc809480000, 0x00007fc809480000)
  from space 190208K,  64% used [0x00007fc809480000, 0x00007fc810b68308, 0x00007fc814e40000)
  to   space 190208K,   0% used [0x00007fc814e40000, 0x00007fc814e40000, 0x00007fc820800000)
 tenured generation   total 3805128K, used 3284544K [0x00007fd2570a0000, 0x00007fd33f492000, 0x00007fe7ac600000)
   the space 3805128K,  86% used [0x00007fd2570a0000, 0x00007fd31f830050, 0x00007fd31f830200, 0x00007fd33f492000)
 Metaspace       used 29870K, capacity 30324K, committed 30464K, reserved 30720K
}
Event: 264.105 GC heap after
{Heap after GC invocations=47 (full 3):
 def new generation   total 1712384K, used 120870K [0x00007fc7ac600000, 0x00007fc820800000, 0x00007fd2570a0000)
  eden space 1522176K,   0% used [0x00007fc7ac600000, 0x00007fc7ac600000, 0x00007fc809480000)
  from space 190208K,  63% used [0x00007fc814e40000, 0x00007fc81c4499d8, 0x00007fc820800000)
  to   space 190208K,   0% used [0x00007fc809480000, 0x00007fc809480000, 0x00007fc814e40000)
 tenured generation   total 3805128K, used 3406304K [0x00007fd2570a0000, 0x00007fd33f492000, 0x00007fe7ac600000)
   the space 3805128K,  89% used [0x00007fd2570a0000, 0x00007fd326f182b8, 0x00007fd326f18400, 0x00007fd33f492000)
 Metaspace       used 29870K, capacity 30324K, committed 30464K, reserved 30720K
}
Event: 265.007 GC heap before
{Heap before GC invocations=47 (full 3):
 def new generation   total 1712384K, used 1643046K [0x00007fc7ac600000, 0x00007fc820800000, 0x00007fd2570a0000)
  eden space 1522176K, 100% used [0x00007fc7ac600000, 0x00007fc809480000, 0x00007fc809480000)
  from space 190208K,  63% used [0x00007fc814e40000, 0x00007fc81c4499d8, 0x00007fc820800000)
  to   space 190208K,   0% used [0x00007fc809480000, 0x00007fc809480000, 0x00007fc814e40000)
 tenured generation   total 3805128K, used 3406304K [0x00007fd2570a0000, 0x00007fd33f492000, 0x00007fe7ac600000)
   the space 3805128K,  89% used [0x00007fd2570a0000, 0x00007fd326f182b8, 0x00007fd326f18400, 0x00007fd33f492000)
 Metaspace       used 29870K, capacity 30324K, committed 30464K, reserved 30720K
}
Event: 265.764 GC heap after
{Heap after GC invocations=48 (full 3):
 def new generation   total 1712384K, used 121245K [0x00007fc7ac600000, 0x00007fc820800000, 0x00007fd2570a0000)
  eden space 1522176K,   0% used [0x00007fc7ac600000, 0x00007fc7ac600000, 0x00007fc809480000)
  from space 190208K,  63% used [0x00007fc809480000, 0x00007fc810ae7790, 0x00007fc814e40000)
  to   space 190208K,   0% used [0x00007fc814e40000, 0x00007fc814e40000, 0x00007fc820800000)
 tenured generation   total 3805128K, used 3527174K [0x00007fd2570a0000, 0x00007fd33f492000, 0x00007fe7ac600000)
   the space 3805128K,  92% used [0x00007fd2570a0000, 0x00007fd32e521a40, 0x00007fd32e521c00, 0x00007fd33f492000)
 Metaspace       used 29870K, capacity 30324K, committed 30464K, reserved 30720K
}
Event: 266.634 GC heap before
{Heap before GC invocations=48 (full 3):
 def new generation   total 1712384K, used 1643421K [0x00007fc7ac600000, 0x00007fc820800000, 0x00007fd2570a0000)
  eden space 1522176K, 100% used [0x00007fc7ac600000, 0x00007fc809480000, 0x00007fc809480000)
  from space 190208K,  63% used [0x00007fc809480000, 0x00007fc810ae7790, 0x00007fc814e40000)
  to   space 190208K,   0% used [0x00007fc814e40000, 0x00007fc814e40000, 0x00007fc820800000)
 tenured generation   total 3805128K, used 3527174K [0x00007fd2570a0000, 0x00007fd33f492000, 0x00007fe7ac600000)
   the space 3805128K,  92% used [0x00007fd2570a0000, 0x00007fd32e521a40, 0x00007fd32e521c00, 0x00007fd33f492000)
 Metaspace       used 29870K, capacity 30324K, committed 30464K, reserved 30720K
}
Event: 267.534 GC heap after
{Heap after GC invocations=49 (full 3):
 def new generation   total 1712384K, used 120867K [0x00007fc7ac600000, 0x00007fc820800000, 0x00007fd2570a0000)
  eden space 1522176K,   0% used [0x00007fc7ac600000, 0x00007fc7ac600000, 0x00007fc809480000)
  from space 190208K,  63% used [0x00007fc814e40000, 0x00007fc81c448e30, 0x00007fc820800000)
  to   space 190208K,   0% used [0x00007fc809480000, 0x00007fc809480000, 0x00007fc814e40000)
 tenured generation   total 3805128K, used 3648420K [0x00007fd2570a0000, 0x00007fd33f492000, 0x00007fe7ac600000)
   the space 3805128K,  95% used [0x00007fd2570a0000, 0x00007fd335b890a0, 0x00007fd335b89200, 0x00007fd33f492000)
 Metaspace       used 29870K, capacity 30324K, committed 30464K, reserved 30720K
}
Event: 268.620 GC heap before
{Heap before GC invocations=49 (full 3):
 def new generation   total 1712384K, used 1643043K [0x00007fc7ac600000, 0x00007fc820800000, 0x00007fd2570a0000)
  eden space 1522176K, 100% used [0x00007fc7ac600000, 0x00007fc809480000, 0x00007fc809480000)
  from space 190208K,  63% used [0x00007fc814e40000, 0x00007fc81c448e30, 0x00007fc820800000)
  to   space 190208K,   0% used [0x00007fc809480000, 0x00007fc809480000, 0x00007fc814e40000)
 tenured generation   total 3805128K, used 3648420K [0x00007fd2570a0000, 0x00007fd33f492000, 0x00007fe7ac600000)
   the space 3805128K,  95% used [0x00007fd2570a0000, 0x00007fd335b890a0, 0x00007fd335b89200, 0x00007fd33f492000)
 Metaspace       used 29870K, capacity 30324K, committed 30464K, reserved 30720K
}
Event: 270.416 GC heap after
{Heap after GC invocations=50 (full 3):
 def new generation   total 1712384K, used 121758K [0x00007fc7ac600000, 0x00007fc820800000, 0x00007fd2570a0000)
  eden space 1522176K,   0% used [0x00007fc7ac600000, 0x00007fc7ac600000, 0x00007fc809480000)
  from space 190208K,  64% used [0x00007fc809480000, 0x00007fc810b67800, 0x00007fc814e40000)
  to   space 190208K,   0% used [0x00007fc814e40000, 0x00007fc814e40000, 0x00007fc820800000)
 tenured generation   total 3805128K, used 3769287K [0x00007fd2570a0000, 0x00007fd33f492000, 0x00007fe7ac600000)
   the space 3805128K,  99% used [0x00007fd2570a0000, 0x00007fd33d191c90, 0x00007fd33d191e00, 0x00007fd33f492000)
 Metaspace       used 29870K, capacity 30324K, committed 30464K, reserved 30720K
}
Event: 271.430 GC heap before
{Heap before GC invocations=50 (full 3):
 def new generation   total 1712384K, used 1643934K [0x00007fc7ac600000, 0x00007fc820800000, 0x00007fd2570a0000)
  eden space 1522176K, 100% used [0x00007fc7ac600000, 0x00007fc809480000, 0x00007fc809480000)
  from space 190208K,  64% used [0x00007fc809480000, 0x00007fc810b67800, 0x00007fc814e40000)
  to   space 190208K,   0% used [0x00007fc814e40000, 0x00007fc814e40000, 0x00007fc820800000)
 tenured generation   total 3805128K, used 3769287K [0x00007fd2570a0000, 0x00007fd33f492000, 0x00007fe7ac600000)
   the space 3805128K,  99% used [0x00007fd2570a0000, 0x00007fd33d191c90, 0x00007fd33d191e00, 0x00007fd33f492000)
 Metaspace       used 29870K, capacity 30324K, committed 30464K, reserved 30720K
}
Event: 272.194 GC heap after
{Heap after GC invocations=51 (full 3):
 def new generation   total 1712384K, used 122970K [0x00007fc7ac600000, 0x00007fc820800000, 0x00007fd2570a0000)
  eden space 1522176K,   0% used [0x00007fc7ac600000, 0x00007fc7ac600000, 0x00007fc809480000)
  from space 190208K,  64% used [0x00007fc814e40000, 0x00007fc81c656858, 0x00007fc820800000)
  to   space 190208K,   0% used [0x00007fc809480000, 0x00007fc809480000, 0x00007fc814e40000)
 tenured generation   total 3891144K, used 3891044K [0x00007fd2570a0000, 0x00007fd344892000, 0x00007fe7ac600000)
   the space 3891144K,  99% used [0x00007fd2570a0000, 0x00007fd344879170, 0x00007fd344879200, 0x00007fd344892000)
 Metaspace       used 29870K, capacity 30324K, committed 30464K, reserved 30720K
}
Event: 272.194 GC heap before
{Heap before GC invocations=51 (full 3):
 def new generation   total 1712384K, used 122970K [0x00007fc7ac600000, 0x00007fc820800000, 0x00007fd2570a0000)
  eden space 1522176K,   0% used [0x00007fc7ac600000, 0x00007fc7ac600000, 0x00007fc809480000)
  from space 190208K,  64% used [0x00007fc814e40000, 0x00007fc81c656858, 0x00007fc820800000)
  to   space 190208K,   0% used [0x00007fc809480000, 0x00007fc809480000, 0x00007fc814e40000)
 tenured generation   total 3891144K, used 3891044K [0x00007fd2570a0000, 0x00007fd344892000, 0x00007fe7ac600000)
   the space 3891144K,  99% used [0x00007fd2570a0000, 0x00007fd344879170, 0x00007fd344879200, 0x00007fd344892000)
 Metaspace       used 29870K, capacity 30324K, committed 30464K, reserved 30720K
}

