# JRE version: OpenJDK Runtime Environment (13.0.7+5) (build 13.0.7+5-Ubuntu-0ubuntu120.04)
# Java VM: OpenJDK 64-Bit Server VM (13.0.7+5-Ubuntu-0ubuntu120.04, mixed mode, tiered, serial gc, linux-amd64)
Heap:
 def new generation   total 2162304K, used 11436K [0x00007f033c600000, 0x00007f03cf030000, 0x00007f0de70a0000)
  eden space 1922112K,   0% used [0x00007f033c600000, 0x00007f033d12b090, 0x00007f03b1b10000)
  from space 240192K,   0% used [0x00007f03c05a0000, 0x00007f03c05a0000, 0x00007f03cf030000)
  to   space 240192K,   0% used [0x00007f03b1b10000, 0x00007f03b1b10000, 0x00007f03c05a0000)
 tenured generation   total 4909016K, used 4909015K [0x00007f0de70a0000, 0x00007f0f12a96000, 0x00007f233c600000)
   the space 4909016K,  99% used [0x00007f0de70a0000, 0x00007f0f12a95fd8, 0x00007f0f12a96000, 0x00007f0f12a96000)
 Metaspace       used 29908K, capacity 30333K, committed 30464K, reserved 30720K
GC Heap History (20 events):
Event: 372.934 GC heap after
{Heap after GC invocations=53 (full 4):
 def new generation   total 2162304K, used 163693K [0x00007f033c600000, 0x00007f03cf030000, 0x00007f0de70a0000)
  eden space 1922112K,   0% used [0x00007f033c600000, 0x00007f033c600000, 0x00007f03b1b10000)
  from space 240192K,  68% used [0x00007f03b1b10000, 0x00007f03bbaeb790, 0x00007f03c05a0000)
  to   space 240192K,   0% used [0x00007f03c05a0000, 0x00007f03c05a0000, 0x00007f03cf030000)
 tenured generation   total 4804952K, used 3367386K [0x00007f0de70a0000, 0x00007f0f0c4f6000, 0x00007f233c600000)
   the space 4804952K,  70% used [0x00007f0de70a0000, 0x00007f0eb4916b28, 0x00007f0eb4916c00, 0x00007f0f0c4f6000)
 Metaspace       used 29908K, capacity 30333K, committed 30464K, reserved 30720K
}
Event: 374.468 GC heap before
{Heap before GC invocations=53 (full 4):
 def new generation   total 2162304K, used 2085805K [0x00007f033c600000, 0x00007f03cf030000, 0x00007f0de70a0000)
  eden space 1922112K, 100% used [0x00007f033c600000, 0x00007f03b1b10000, 0x00007f03b1b10000)
  from space 240192K,  68% used [0x00007f03b1b10000, 0x00007f03bbaeb790, 0x00007f03c05a0000)
  to   space 240192K,   0% used [0x00007f03c05a0000, 0x00007f03c05a0000, 0x00007f03cf030000)
 tenured generation   total 4804952K, used 3367386K [0x00007f0de70a0000, 0x00007f0f0c4f6000, 0x00007f233c600000)
   the space 4804952K,  70% used [0x00007f0de70a0000, 0x00007f0eb4916b28, 0x00007f0eb4916c00, 0x00007f0f0c4f6000)
 Metaspace       used 29908K, capacity 30333K, committed 30464K, reserved 30720K
}
Event: 375.630 GC heap after
{Heap after GC invocations=54 (full 4):
 def new generation   total 2162304K, used 210529K [0x00007f033c600000, 0x00007f03cf030000, 0x00007f0de70a0000)
  eden space 1922112K,   0% used [0x00007f033c600000, 0x00007f033c600000, 0x00007f03b1b10000)
  from space 240192K,  87% used [0x00007f03c05a0000, 0x00007f03cd338490, 0x00007f03cf030000)
  to   space 240192K,   0% used [0x00007f03b1b10000, 0x00007f03b1b10000, 0x00007f03c05a0000)
 tenured generation   total 4804952K, used 3531080K [0x00007f0de70a0000, 0x00007f0f0c4f6000, 0x00007f233c600000)
   the space 4804952K,  73% used [0x00007f0de70a0000, 0x00007f0ebe8f2208, 0x00007f0ebe8f2400, 0x00007f0f0c4f6000)
 Metaspace       used 29908K, capacity 30333K, committed 30464K, reserved 30720K
}
Event: 376.983 GC heap before
{Heap before GC invocations=54 (full 4):
 def new generation   total 2162304K, used 2132641K [0x00007f033c600000, 0x00007f03cf030000, 0x00007f0de70a0000)
  eden space 1922112K, 100% used [0x00007f033c600000, 0x00007f03b1b10000, 0x00007f03b1b10000)
  from space 240192K,  87% used [0x00007f03c05a0000, 0x00007f03cd338490, 0x00007f03cf030000)
  to   space 240192K,   0% used [0x00007f03b1b10000, 0x00007f03b1b10000, 0x00007f03c05a0000)
 tenured generation   total 4804952K, used 3531080K [0x00007f0de70a0000, 0x00007f0f0c4f6000, 0x00007f233c600000)
   the space 4804952K,  73% used [0x00007f0de70a0000, 0x00007f0ebe8f2208, 0x00007f0ebe8f2400, 0x00007f0f0c4f6000)
 Metaspace       used 29908K, capacity 30333K, committed 30464K, reserved 30720K
}
Event: 378.072 GC heap after
{Heap after GC invocations=55 (full 4):
 def new generation   total 2162304K, used 185049K [0x00007f033c600000, 0x00007f03cf030000, 0x00007f0de70a0000)
  eden space 1922112K,   0% used [0x00007f033c600000, 0x00007f033c600000, 0x00007f03b1b10000)
  from space 240192K,  77% used [0x00007f03b1b10000, 0x00007f03bcfc6680, 0x00007f03c05a0000)
  to   space 240192K,   0% used [0x00007f03c05a0000, 0x00007f03c05a0000, 0x00007f03cf030000)
 tenured generation   total 4804952K, used 3741609K [0x00007f0de70a0000, 0x00007f0f0c4f6000, 0x00007f233c600000)
   the space 4804952K,  77% used [0x00007f0de70a0000, 0x00007f0ecb68a558, 0x00007f0ecb68a600, 0x00007f0f0c4f6000)
 Metaspace       used 29908K, capacity 30333K, committed 30464K, reserved 30720K
}
Event: 379.418 GC heap before
{Heap before GC invocations=55 (full 4):
 def new generation   total 2162304K, used 2107161K [0x00007f033c600000, 0x00007f03cf030000, 0x00007f0de70a0000)
  eden space 1922112K, 100% used [0x00007f033c600000, 0x00007f03b1b10000, 0x00007f03b1b10000)
  from space 240192K,  77% used [0x00007f03b1b10000, 0x00007f03bcfc6680, 0x00007f03c05a0000)
  to   space 240192K,   0% used [0x00007f03c05a0000, 0x00007f03c05a0000, 0x00007f03cf030000)
 tenured generation   total 4804952K, used 3741609K [0x00007f0de70a0000, 0x00007f0f0c4f6000, 0x00007f233c600000)
   the space 4804952K,  77% used [0x00007f0de70a0000, 0x00007f0ecb68a558, 0x00007f0ecb68a600, 0x00007f0f0c4f6000)
 Metaspace       used 29908K, capacity 30333K, committed 30464K, reserved 30720K
}
Event: 380.392 GC heap after
{Heap after GC invocations=56 (full 4):
 def new generation   total 2162304K, used 162453K [0x00007f033c600000, 0x00007f03cf030000, 0x00007f0de70a0000)
  eden space 1922112K,   0% used [0x00007f033c600000, 0x00007f033c600000, 0x00007f03b1b10000)
  from space 240192K,  67% used [0x00007f03c05a0000, 0x00007f03ca445730, 0x00007f03cf030000)
  to   space 240192K,   0% used [0x00007f03b1b10000, 0x00007f03b1b10000, 0x00007f03c05a0000)
 tenured generation   total 4804952K, used 3926658K [0x00007f0de70a0000, 0x00007f0f0c4f6000, 0x00007f233c600000)
   the space 4804952K,  81% used [0x00007f0de70a0000, 0x00007f0ed6b40af8, 0x00007f0ed6b40c00, 0x00007f0f0c4f6000)
 Metaspace       used 29908K, capacity 30333K, committed 30464K, reserved 30720K
}
Event: 381.668 GC heap before
{Heap before GC invocations=56 (full 4):
 def new generation   total 2162304K, used 2084565K [0x00007f033c600000, 0x00007f03cf030000, 0x00007f0de70a0000)
  eden space 1922112K, 100% used [0x00007f033c600000, 0x00007f03b1b10000, 0x00007f03b1b10000)
  from space 240192K,  67% used [0x00007f03c05a0000, 0x00007f03ca445730, 0x00007f03cf030000)
  to   space 240192K,   0% used [0x00007f03b1b10000, 0x00007f03b1b10000, 0x00007f03c05a0000)
 tenured generation   total 4804952K, used 3926658K [0x00007f0de70a0000, 0x00007f0f0c4f6000, 0x00007f233c600000)
   the space 4804952K,  81% used [0x00007f0de70a0000, 0x00007f0ed6b40af8, 0x00007f0ed6b40c00, 0x00007f0f0c4f6000)
 Metaspace       used 29908K, capacity 30333K, committed 30464K, reserved 30720K
}
Event: 382.705 GC heap after
{Heap after GC invocations=57 (full 4):
 def new generation   total 2162304K, used 163117K [0x00007f033c600000, 0x00007f03cf030000, 0x00007f0de70a0000)
  eden space 1922112K,   0% used [0x00007f033c600000, 0x00007f033c600000, 0x00007f03b1b10000)
  from space 240192K,  67% used [0x00007f03b1b10000, 0x00007f03bba5b570, 0x00007f03c05a0000)
  to   space 240192K,   0% used [0x00007f03c05a0000, 0x00007f03c05a0000, 0x00007f03cf030000)
 tenured generation   total 4804952K, used 4089112K [0x00007f0de70a0000, 0x00007f0f0c4f6000, 0x00007f233c600000)
   the space 4804952K,  85% used [0x00007f0de70a0000, 0x00007f0ee09e6018, 0x00007f0ee09e6200, 0x00007f0f0c4f6000)
 Metaspace       used 29908K, capacity 30333K, committed 30464K, reserved 30720K
}
Event: 383.976 GC heap before
{Heap before GC invocations=57 (full 4):
 def new generation   total 2162304K, used 2085229K [0x00007f033c600000, 0x00007f03cf030000, 0x00007f0de70a0000)
  eden space 1922112K, 100% used [0x00007f033c600000, 0x00007f03b1b10000, 0x00007f03b1b10000)
  from space 240192K,  67% used [0x00007f03b1b10000, 0x00007f03bba5b570, 0x00007f03c05a0000)
  to   space 240192K,   0% used [0x00007f03c05a0000, 0x00007f03c05a0000, 0x00007f03cf030000)
 tenured generation   total 4804952K, used 4089112K [0x00007f0de70a0000, 0x00007f0f0c4f6000, 0x00007f233c600000)
   the space 4804952K,  85% used [0x00007f0de70a0000, 0x00007f0ee09e6018, 0x00007f0ee09e6200, 0x00007f0f0c4f6000)
 Metaspace       used 29908K, capacity 30333K, committed 30464K, reserved 30720K
}
Event: 384.977 GC heap after
{Heap after GC invocations=58 (full 4):
 def new generation   total 2162304K, used 163675K [0x00007f033c600000, 0x00007f03cf030000, 0x00007f0de70a0000)
  eden space 1922112K,   0% used [0x00007f033c600000, 0x00007f033c600000, 0x00007f03b1b10000)
  from space 240192K,  68% used [0x00007f03c05a0000, 0x00007f03ca576cf0, 0x00007f03cf030000)
  to   space 240192K,   0% used [0x00007f03b1b10000, 0x00007f03b1b10000, 0x00007f03c05a0000)
 tenured generation   total 4804952K, used 4252228K [0x00007f0de70a0000, 0x00007f0f0c4f6000, 0x00007f233c600000)
   the space 4804952K,  88% used [0x00007f0de70a0000, 0x00007f0eea9313a8, 0x00007f0eea931400, 0x00007f0f0c4f6000)
 Metaspace       used 29908K, capacity 30333K, committed 30464K, reserved 30720K
}
Event: 386.383 GC heap before
{Heap before GC invocations=58 (full 4):
 def new generation   total 2162304K, used 2085787K [0x00007f033c600000, 0x00007f03cf030000, 0x00007f0de70a0000)
  eden space 1922112K, 100% used [0x00007f033c600000, 0x00007f03b1b10000, 0x00007f03b1b10000)
  from space 240192K,  68% used [0x00007f03c05a0000, 0x00007f03ca576cf0, 0x00007f03cf030000)
  to   space 240192K,   0% used [0x00007f03b1b10000, 0x00007f03b1b10000, 0x00007f03c05a0000)
 tenured generation   total 4804952K, used 4252228K [0x00007f0de70a0000, 0x00007f0f0c4f6000, 0x00007f233c600000)
   the space 4804952K,  88% used [0x00007f0de70a0000, 0x00007f0eea9313a8, 0x00007f0eea931400, 0x00007f0f0c4f6000)
 Metaspace       used 29908K, capacity 30333K, committed 30464K, reserved 30720K
}
Event: 387.380 GC heap after
{Heap after GC invocations=59 (full 4):
 def new generation   total 2162304K, used 163389K [0x00007f033c600000, 0x00007f03cf030000, 0x00007f0de70a0000)
  eden space 1922112K,   0% used [0x00007f033c600000, 0x00007f033c600000, 0x00007f03b1b10000)
  from space 240192K,  68% used [0x00007f03b1b10000, 0x00007f03bba9f5d0, 0x00007f03c05a0000)
  to   space 240192K,   0% used [0x00007f03c05a0000, 0x00007f03c05a0000, 0x00007f03cf030000)
 tenured generation   total 4804952K, used 4415903K [0x00007f0de70a0000, 0x00007f0f0c4f6000, 0x00007f233c600000)
   the space 4804952K,  91% used [0x00007f0de70a0000, 0x00007f0ef4907d98, 0x00007f0ef4907e00, 0x00007f0f0c4f6000)
 Metaspace       used 29908K, capacity 30333K, committed 30464K, reserved 30720K
}
Event: 388.898 GC heap before
{Heap before GC invocations=59 (full 4):
 def new generation   total 2162304K, used 2085501K [0x00007f033c600000, 0x00007f03cf030000, 0x00007f0de70a0000)
  eden space 1922112K, 100% used [0x00007f033c600000, 0x00007f03b1b10000, 0x00007f03b1b10000)
  from space 240192K,  68% used [0x00007f03b1b10000, 0x00007f03bba9f5d0, 0x00007f03c05a0000)
  to   space 240192K,   0% used [0x00007f03c05a0000, 0x00007f03c05a0000, 0x00007f03cf030000)
 tenured generation   total 4804952K, used 4415903K [0x00007f0de70a0000, 0x00007f0f0c4f6000, 0x00007f233c600000)
   the space 4804952K,  91% used [0x00007f0de70a0000, 0x00007f0ef4907d98, 0x00007f0ef4907e00, 0x00007f0f0c4f6000)
 Metaspace       used 29908K, capacity 30333K, committed 30464K, reserved 30720K
}
Event: 389.897 GC heap after
{Heap after GC invocations=60 (full 4):
 def new generation   total 2162304K, used 164296K [0x00007f033c600000, 0x00007f03cf030000, 0x00007f0de70a0000)
  eden space 1922112K,   0% used [0x00007f033c600000, 0x00007f033c600000, 0x00007f03b1b10000)
  from space 240192K,  68% used [0x00007f03c05a0000, 0x00007f03ca612280, 0x00007f03cf030000)
  to   space 240192K,   0% used [0x00007f03b1b10000, 0x00007f03b1b10000, 0x00007f03c05a0000)
 tenured generation   total 4804952K, used 4579292K [0x00007f0de70a0000, 0x00007f0f0c4f6000, 0x00007f233c600000)
   the space 4804952K,  95% used [0x00007f0de70a0000, 0x00007f0efe897128, 0x00007f0efe897200, 0x00007f0f0c4f6000)
 Metaspace       used 29908K, capacity 30333K, committed 30464K, reserved 30720K
}
Event: 391.483 GC heap before
{Heap before GC invocations=60 (full 4):
 def new generation   total 2162304K, used 2086408K [0x00007f033c600000, 0x00007f03cf030000, 0x00007f0de70a0000)
  eden space 1922112K, 100% used [0x00007f033c600000, 0x00007f03b1b10000, 0x00007f03b1b10000)
  from space 240192K,  68% used [0x00007f03c05a0000, 0x00007f03ca612280, 0x00007f03cf030000)
  to   space 240192K,   0% used [0x00007f03b1b10000, 0x00007f03b1b10000, 0x00007f03c05a0000)
 tenured generation   total 4804952K, used 4579292K [0x00007f0de70a0000, 0x00007f0f0c4f6000, 0x00007f233c600000)
   the space 4804952K,  95% used [0x00007f0de70a0000, 0x00007f0efe897128, 0x00007f0efe897200, 0x00007f0f0c4f6000)
 Metaspace       used 29908K, capacity 30333K, committed 30464K, reserved 30720K
}
Event: 392.465 GC heap after
{Heap after GC invocations=61 (full 4):
 def new generation   total 2162304K, used 165386K [0x00007f033c600000, 0x00007f03cf030000, 0x00007f0de70a0000)
  eden space 1922112K,   0% used [0x00007f033c600000, 0x00007f033c600000, 0x00007f03b1b10000)
  from space 240192K,  68% used [0x00007f03b1b10000, 0x00007f03bbc92920, 0x00007f03c05a0000)
  to   space 240192K,   0% used [0x00007f03c05a0000, 0x00007f03c05a0000, 0x00007f03cf030000)
 tenured generation   total 4804952K, used 4743588K [0x00007f0de70a0000, 0x00007f0f0c4f6000, 0x00007f233c600000)
   the space 4804952K,  98% used [0x00007f0de70a0000, 0x00007f0f089090a8, 0x00007f0f08909200, 0x00007f0f0c4f6000)
 Metaspace       used 29908K, capacity 30333K, committed 30464K, reserved 30720K
}
Event: 393.851 GC heap before
{Heap before GC invocations=61 (full 4):
 def new generation   total 2162304K, used 2087498K [0x00007f033c600000, 0x00007f03cf030000, 0x00007f0de70a0000)
  eden space 1922112K, 100% used [0x00007f033c600000, 0x00007f03b1b10000, 0x00007f03b1b10000)
  from space 240192K,  68% used [0x00007f03b1b10000, 0x00007f03bbc92920, 0x00007f03c05a0000)
  to   space 240192K,   0% used [0x00007f03c05a0000, 0x00007f03c05a0000, 0x00007f03cf030000)
 tenured generation   total 4804952K, used 4743588K [0x00007f0de70a0000, 0x00007f0f0c4f6000, 0x00007f233c600000)
   the space 4804952K,  98% used [0x00007f0de70a0000, 0x00007f0f089090a8, 0x00007f0f08909200, 0x00007f0f0c4f6000)
 Metaspace       used 29908K, capacity 30333K, committed 30464K, reserved 30720K
}
Event: 395.556 GC heap after
{Heap after GC invocations=62 (full 4):
 def new generation   total 2162304K, used 199894K [0x00007f033c600000, 0x00007f03cf030000, 0x00007f0de70a0000)
  eden space 1922112K,   0% used [0x00007f033c600000, 0x00007f033c600000, 0x00007f03b1b10000)
  from space 240192K,  83% used [0x00007f03c05a0000, 0x00007f03cc8d5ab0, 0x00007f03cf030000)
  to   space 240192K,   0% used [0x00007f03b1b10000, 0x00007f03b1b10000, 0x00007f03c05a0000)
 tenured generation   total 4909016K, used 4908973K [0x00007f0de70a0000, 0x00007f0f12a96000, 0x00007f233c600000)
   the space 4909016K,  99% used [0x00007f0de70a0000, 0x00007f0f12a8b7b8, 0x00007f0f12a8b800, 0x00007f0f12a96000)
 Metaspace       used 29908K, capacity 30333K, committed 30464K, reserved 30720K
}
Event: 395.556 GC heap before
{Heap before GC invocations=62 (full 4):
 def new generation   total 2162304K, used 199894K [0x00007f033c600000, 0x00007f03cf030000, 0x00007f0de70a0000)
  eden space 1922112K,   0% used [0x00007f033c600000, 0x00007f033c600000, 0x00007f03b1b10000)
  from space 240192K,  83% used [0x00007f03c05a0000, 0x00007f03cc8d5ab0, 0x00007f03cf030000)
  to   space 240192K,   0% used [0x00007f03b1b10000, 0x00007f03b1b10000, 0x00007f03c05a0000)
 tenured generation   total 4909016K, used 4908973K [0x00007f0de70a0000, 0x00007f0f12a96000, 0x00007f233c600000)
   the space 4909016K,  99% used [0x00007f0de70a0000, 0x00007f0f12a8b7b8, 0x00007f0f12a8b800, 0x00007f0f12a96000)
 Metaspace       used 29908K, capacity 30333K, committed 30464K, reserved 30720K
}

