# JRE version: OpenJDK Runtime Environment (13.0.7+5) (build 13.0.7+5-Ubuntu-0ubuntu120.04)
# Java VM: OpenJDK 64-Bit Server VM (13.0.7+5-Ubuntu-0ubuntu120.04, mixed mode, tiered, serial gc, linux-amd64)
Heap:
 def new generation   total 5657664K, used 153515K [0x00007f8d80600000, 0x00007f8f000f0000, 0x00007f982b0a0000)
  eden space 5029056K,   3% used [0x00007f8d80600000, 0x00007f8d89bead40, 0x00007f8eb3530000)
  from space 628608K,   0% used [0x00007f8eb3530000, 0x00007f8eb3530000, 0x00007f8ed9b10000)
  to   space 628608K,   0% used [0x00007f8ed9b10000, 0x00007f8ed9b10000, 0x00007f8f000f0000)
 tenured generation   total 16972860K, used 16972859K [0x00007f982b0a0000, 0x00007f9c36faf000, 0x00007fad80600000)
   the space 16972860K,  99% used [0x00007f982b0a0000, 0x00007f9c36faedc8, 0x00007f9c36faee00, 0x00007f9c36faf000)
 Metaspace       used 29897K, capacity 30330K, committed 30464K, reserved 30720K
GC Heap History (20 events):
Event: 225.183 GC heap after
{Heap after GC invocations=53 (full 5):
 def new generation   total 2532800K, used 281408K [0x00007f8d80600000, 0x00007f8e2c240000, 0x00007f982b0a0000)
  eden space 2251392K,   0% used [0x00007f8d80600000, 0x00007f8d80600000, 0x00007f8e09ca0000)
  from space 281408K, 100% used [0x00007f8e1af70000, 0x00007f8e2c240000, 0x00007f8e2c240000)
  to   space 281408K,   0% used [0x00007f8e09ca0000, 0x00007f8e09ca0000, 0x00007f8e1af70000)
 tenured generation   total 5628316K, used 3654588K [0x00007f982b0a0000, 0x00007f9982907000, 0x00007fad80600000)
   the space 5628316K,  64% used [0x00007f982b0a0000, 0x00007f990a18f0d0, 0x00007f990a18f200, 0x00007f9982907000)
 Metaspace       used 29843K, capacity 30266K, committed 30464K, reserved 30720K
}
Event: 340.224 GC heap before
{Heap before GC invocations=53 (full 5):
 def new generation   total 2532800K, used 2532800K [0x00007f8d80600000, 0x00007f8e2c240000, 0x00007f982b0a0000)
  eden space 2251392K, 100% used [0x00007f8d80600000, 0x00007f8e09ca0000, 0x00007f8e09ca0000)
  from space 281408K, 100% used [0x00007f8e1af70000, 0x00007f8e2c240000, 0x00007f8e2c240000)
  to   space 281408K,   0% used [0x00007f8e09ca0000, 0x00007f8e09ca0000, 0x00007f8e1af70000)
 tenured generation   total 5628316K, used 3654588K [0x00007f982b0a0000, 0x00007f9982907000, 0x00007fad80600000)
   the space 5628316K,  64% used [0x00007f982b0a0000, 0x00007f990a18f0d0, 0x00007f990a18f200, 0x00007f9982907000)
 Metaspace       used 29843K, capacity 30266K, committed 30464K, reserved 30720K
}
Event: 341.181 GC heap after
{Heap after GC invocations=54 (full 5):
 def new generation   total 2532800K, used 281408K [0x00007f8d80600000, 0x00007f8e2c240000, 0x00007f982b0a0000)
  eden space 2251392K,   0% used [0x00007f8d80600000, 0x00007f8d80600000, 0x00007f8e09ca0000)
  from space 281408K, 100% used [0x00007f8e09ca0000, 0x00007f8e1af70000, 0x00007f8e1af70000)
  to   space 281408K,   0% used [0x00007f8e1af70000, 0x00007f8e1af70000, 0x00007f8e2c240000)
 tenured generation   total 5628316K, used 4213295K [0x00007f982b0a0000, 0x00007f9982907000, 0x00007fad80600000)
   the space 5628316K,  74% used [0x00007f982b0a0000, 0x00007f992c32beb0, 0x00007f992c32c000, 0x00007f9982907000)
 Metaspace       used 29843K, capacity 30266K, committed 30464K, reserved 30720K
}
Event: 402.667 GC heap before
{Heap before GC invocations=54 (full 5):
 def new generation   total 2532800K, used 2532800K [0x00007f8d80600000, 0x00007f8e2c240000, 0x00007f982b0a0000)
  eden space 2251392K, 100% used [0x00007f8d80600000, 0x00007f8e09ca0000, 0x00007f8e09ca0000)
  from space 281408K, 100% used [0x00007f8e09ca0000, 0x00007f8e1af70000, 0x00007f8e1af70000)
  to   space 281408K,   0% used [0x00007f8e1af70000, 0x00007f8e1af70000, 0x00007f8e2c240000)
 tenured generation   total 5628316K, used 4213295K [0x00007f982b0a0000, 0x00007f9982907000, 0x00007fad80600000)
   the space 5628316K,  74% used [0x00007f982b0a0000, 0x00007f992c32beb0, 0x00007f992c32c000, 0x00007f9982907000)
 Metaspace       used 29843K, capacity 30266K, committed 30464K, reserved 30720K
}
Event: 403.918 GC heap after
{Heap after GC invocations=55 (full 5):
 def new generation   total 2532800K, used 281408K [0x00007f8d80600000, 0x00007f8e2c240000, 0x00007f982b0a0000)
  eden space 2251392K,   0% used [0x00007f8d80600000, 0x00007f8d80600000, 0x00007f8e09ca0000)
  from space 281408K, 100% used [0x00007f8e1af70000, 0x00007f8e2c240000, 0x00007f8e2c240000)
  to   space 281408K,   0% used [0x00007f8e09ca0000, 0x00007f8e09ca0000, 0x00007f8e1af70000)
 tenured generation   total 5628316K, used 5137566K [0x00007f982b0a0000, 0x00007f9982907000, 0x00007fad80600000)
   the space 5628316K,  91% used [0x00007f982b0a0000, 0x00007f99649c78b0, 0x00007f99649c7a00, 0x00007f9982907000)
 Metaspace       used 29843K, capacity 30266K, committed 30464K, reserved 30720K
}
Event: 405.359 GC heap before
{Heap before GC invocations=55 (full 5):
 def new generation   total 2532800K, used 2532800K [0x00007f8d80600000, 0x00007f8e2c240000, 0x00007f982b0a0000)
  eden space 2251392K, 100% used [0x00007f8d80600000, 0x00007f8e09ca0000, 0x00007f8e09ca0000)
  from space 281408K, 100% used [0x00007f8e1af70000, 0x00007f8e2c240000, 0x00007f8e2c240000)
  to   space 281408K,   0% used [0x00007f8e09ca0000, 0x00007f8e09ca0000, 0x00007f8e1af70000)
 tenured generation   total 5628316K, used 5137566K [0x00007f982b0a0000, 0x00007f9982907000, 0x00007fad80600000)
   the space 5628316K,  91% used [0x00007f982b0a0000, 0x00007f99649c78b0, 0x00007f99649c7a00, 0x00007f9982907000)
 Metaspace       used 29843K, capacity 30266K, committed 30464K, reserved 30720K
}
Event: 407.353 GC heap after
{Heap after GC invocations=56 (full 5):
 def new generation   total 2532800K, used 281408K [0x00007f8d80600000, 0x00007f8e2c240000, 0x00007f982b0a0000)
  eden space 2251392K,   0% used [0x00007f8d80600000, 0x00007f8d80600000, 0x00007f8e09ca0000)
  from space 281408K, 100% used [0x00007f8e09ca0000, 0x00007f8e1af70000, 0x00007f8e1af70000)
  to   space 281408K,   0% used [0x00007f8e1af70000, 0x00007f8e1af70000, 0x00007f8e2c240000)
 tenured generation   total 6743644K, used 6743606K [0x00007f982b0a0000, 0x00007f99c6a37000, 0x00007fad80600000)
   the space 6743644K,  99% used [0x00007f982b0a0000, 0x00007f99c6a2da78, 0x00007f99c6a2dc00, 0x00007f99c6a37000)
 Metaspace       used 29843K, capacity 30266K, committed 30464K, reserved 30720K
}
Event: 407.353 GC heap before
{Heap before GC invocations=56 (full 5):
 def new generation   total 2532800K, used 281408K [0x00007f8d80600000, 0x00007f8e2c240000, 0x00007f982b0a0000)
  eden space 2251392K,   0% used [0x00007f8d80600000, 0x00007f8d80600000, 0x00007f8e09ca0000)
  from space 281408K, 100% used [0x00007f8e09ca0000, 0x00007f8e1af70000, 0x00007f8e1af70000)
  to   space 281408K,   0% used [0x00007f8e1af70000, 0x00007f8e1af70000, 0x00007f8e2c240000)
 tenured generation   total 6743644K, used 6743606K [0x00007f982b0a0000, 0x00007f99c6a37000, 0x00007fad80600000)
   the space 6743644K,  99% used [0x00007f982b0a0000, 0x00007f99c6a2da78, 0x00007f99c6a2dc00, 0x00007f99c6a37000)
 Metaspace       used 29843K, capacity 30266K, committed 30464K, reserved 30720K
}
Event: 413.673 GC heap after
{Heap after GC invocations=56 (full 6):
 def new generation   total 3907008K, used 0K [0x00007f8d80600000, 0x00007f8e89560000, 0x00007f982b0a0000)
  eden space 3472896K,   0% used [0x00007f8d80600000, 0x00007f8d80600000, 0x00007f8e54580000)
  from space 434112K,   0% used [0x00007f8e54580000, 0x00007f8e54580000, 0x00007f8e6ed70000)
  to   space 434112K,   0% used [0x00007f8e6ed70000, 0x00007f8e6ed70000, 0x00007f8e89560000)
 tenured generation   total 8682184K, used 5209308K [0x00007f982b0a0000, 0x00007f9a3cf52000, 0x00007fad80600000)
   the space 8682184K,  59% used [0x00007f982b0a0000, 0x00007f9968fd70c0, 0x00007f9968fd7200, 0x00007f9a3cf52000)
 Metaspace       used 29843K, capacity 30266K, committed 30464K, reserved 30720K
}
Event: 416.211 GC heap before
{Heap before GC invocations=56 (full 6):
 def new generation   total 3907008K, used 3472896K [0x00007f8d80600000, 0x00007f8e89560000, 0x00007f982b0a0000)
  eden space 3472896K, 100% used [0x00007f8d80600000, 0x00007f8e54580000, 0x00007f8e54580000)
  from space 434112K,   0% used [0x00007f8e54580000, 0x00007f8e54580000, 0x00007f8e6ed70000)
  to   space 434112K,   0% used [0x00007f8e6ed70000, 0x00007f8e6ed70000, 0x00007f8e89560000)
 tenured generation   total 8682184K, used 5209308K [0x00007f982b0a0000, 0x00007f9a3cf52000, 0x00007fad80600000)
   the space 8682184K,  59% used [0x00007f982b0a0000, 0x00007f9968fd70c0, 0x00007f9968fd7200, 0x00007f9a3cf52000)
 Metaspace       used 29844K, capacity 30266K, committed 30464K, reserved 30720K
}
Event: 418.562 GC heap after
{Heap after GC invocations=57 (full 6):
 def new generation   total 3907008K, used 434112K [0x00007f8d80600000, 0x00007f8e89560000, 0x00007f982b0a0000)
  eden space 3472896K,   0% used [0x00007f8d80600000, 0x00007f8d80600000, 0x00007f8e54580000)
  from space 434112K, 100% used [0x00007f8e6ed70000, 0x00007f8e89560000, 0x00007f8e89560000)
  to   space 434112K,   0% used [0x00007f8e54580000, 0x00007f8e54580000, 0x00007f8e6ed70000)
 tenured generation   total 8682184K, used 6851128K [0x00007f982b0a0000, 0x00007f9a3cf52000, 0x00007fad80600000)
   the space 8682184K,  78% used [0x00007f982b0a0000, 0x00007f99cd32e260, 0x00007f99cd32e400, 0x00007f9a3cf52000)
 Metaspace       used 29844K, capacity 30266K, committed 30464K, reserved 30720K
}
Event: 419.660 GC heap before
{Heap before GC invocations=57 (full 6):
 def new generation   total 3907008K, used 3907008K [0x00007f8d80600000, 0x00007f8e89560000, 0x00007f982b0a0000)
  eden space 3472896K, 100% used [0x00007f8d80600000, 0x00007f8e54580000, 0x00007f8e54580000)
  from space 434112K, 100% used [0x00007f8e6ed70000, 0x00007f8e89560000, 0x00007f8e89560000)
  to   space 434112K,   0% used [0x00007f8e54580000, 0x00007f8e54580000, 0x00007f8e6ed70000)
 tenured generation   total 8682184K, used 6851128K [0x00007f982b0a0000, 0x00007f9a3cf52000, 0x00007fad80600000)
   the space 8682184K,  78% used [0x00007f982b0a0000, 0x00007f99cd32e260, 0x00007f99cd32e400, 0x00007f9a3cf52000)
 Metaspace       used 29897K, capacity 30330K, committed 30464K, reserved 30720K
}
Event: 421.524 GC heap after
{Heap after GC invocations=58 (full 6):
 def new generation   total 3907008K, used 434112K [0x00007f8d80600000, 0x00007f8e89560000, 0x00007f982b0a0000)
  eden space 3472896K,   0% used [0x00007f8d80600000, 0x00007f8d80600000, 0x00007f8e54580000)
  from space 434112K, 100% used [0x00007f8e54580000, 0x00007f8e6ed70000, 0x00007f8e6ed70000)
  to   space 434112K,   0% used [0x00007f8e6ed70000, 0x00007f8e6ed70000, 0x00007f8e89560000)
 tenured generation   total 9502408K, used 9502386K [0x00007f982b0a0000, 0x00007f9a6f052000, 0x00007fad80600000)
   the space 9502408K,  99% used [0x00007f982b0a0000, 0x00007f9a6f04cbd8, 0x00007f9a6f04cc00, 0x00007f9a6f052000)
 Metaspace       used 29897K, capacity 30330K, committed 30464K, reserved 30720K
}
Event: 421.524 GC heap before
{Heap before GC invocations=58 (full 6):
 def new generation   total 3907008K, used 434112K [0x00007f8d80600000, 0x00007f8e89560000, 0x00007f982b0a0000)
  eden space 3472896K,   0% used [0x00007f8d80600000, 0x00007f8d80600000, 0x00007f8e54580000)
  from space 434112K, 100% used [0x00007f8e54580000, 0x00007f8e6ed70000, 0x00007f8e6ed70000)
  to   space 434112K,   0% used [0x00007f8e6ed70000, 0x00007f8e6ed70000, 0x00007f8e89560000)
 tenured generation   total 9502408K, used 9502386K [0x00007f982b0a0000, 0x00007f9a6f052000, 0x00007fad80600000)
   the space 9502408K,  99% used [0x00007f982b0a0000, 0x00007f9a6f04cbd8, 0x00007f9a6f04cc00, 0x00007f9a6f052000)
 Metaspace       used 29897K, capacity 30330K, committed 30464K, reserved 30720K
}
Event: 428.778 GC heap after
{Heap after GC invocations=58 (full 7):
 def new generation   total 5657664K, used 0K [0x00007f8d80600000, 0x00007f8f000f0000, 0x00007f982b0a0000)
  eden space 5029056K,   0% used [0x00007f8d80600000, 0x00007f8d80600000, 0x00007f8eb3530000)
  from space 628608K,   0% used [0x00007f8eb3530000, 0x00007f8eb3530000, 0x00007f8ed9b10000)
  to   space 628608K,   0% used [0x00007f8ed9b10000, 0x00007f8ed9b10000, 0x00007f8f000f0000)
 tenured generation   total 12572412K, used 7543446K [0x00007f982b0a0000, 0x00007f9b2a65f000, 0x00007fad80600000)
   the space 12572412K,  59% used [0x00007f982b0a0000, 0x00007f99f77458b0, 0x00007f99f7745a00, 0x00007f9b2a65f000)
 Metaspace       used 29897K, capacity 30330K, committed 30464K, reserved 30720K
}
Event: 429.370 GC heap before
{Heap before GC invocations=58 (full 7):
 def new generation   total 5657664K, used 5029056K [0x00007f8d80600000, 0x00007f8f000f0000, 0x00007f982b0a0000)
  eden space 5029056K, 100% used [0x00007f8d80600000, 0x00007f8eb3530000, 0x00007f8eb3530000)
  from space 628608K,   0% used [0x00007f8eb3530000, 0x00007f8eb3530000, 0x00007f8ed9b10000)
  to   space 628608K,   0% used [0x00007f8ed9b10000, 0x00007f8ed9b10000, 0x00007f8f000f0000)
 tenured generation   total 12572412K, used 7543446K [0x00007f982b0a0000, 0x00007f9b2a65f000, 0x00007fad80600000)
   the space 12572412K,  59% used [0x00007f982b0a0000, 0x00007f99f77458b0, 0x00007f99f7745a00, 0x00007f9b2a65f000)
 Metaspace       used 29897K, capacity 30330K, committed 30464K, reserved 30720K
}
Event: 430.425 GC heap after
{Heap after GC invocations=59 (full 7):
 def new generation   total 5657664K, used 628607K [0x00007f8d80600000, 0x00007f8f000f0000, 0x00007f982b0a0000)
  eden space 5029056K,   0% used [0x00007f8d80600000, 0x00007f8d80600000, 0x00007f8eb3530000)
  from space 628608K,  99% used [0x00007f8ed9b10000, 0x00007f8f000efe28, 0x00007f8f000f0000)
  to   space 628608K,   0% used [0x00007f8eb3530000, 0x00007f8eb3530000, 0x00007f8ed9b10000)
 tenured generation   total 12572412K, used 11943843K [0x00007f982b0a0000, 0x00007f9b2a65f000, 0x00007fad80600000)
   the space 12572412K,  95% used [0x00007f982b0a0000, 0x00007f9b04088ed8, 0x00007f9b04089000, 0x00007f9b2a65f000)
 Metaspace       used 29897K, capacity 30330K, committed 30464K, reserved 30720K
}
Event: 431.037 GC heap before
{Heap before GC invocations=59 (full 7):
 def new generation   total 5657664K, used 5657663K [0x00007f8d80600000, 0x00007f8f000f0000, 0x00007f982b0a0000)
  eden space 5029056K, 100% used [0x00007f8d80600000, 0x00007f8eb3530000, 0x00007f8eb3530000)
  from space 628608K,  99% used [0x00007f8ed9b10000, 0x00007f8f000efe28, 0x00007f8f000f0000)
  to   space 628608K,   0% used [0x00007f8eb3530000, 0x00007f8eb3530000, 0x00007f8ed9b10000)
 tenured generation   total 12572412K, used 11943843K [0x00007f982b0a0000, 0x00007f9b2a65f000, 0x00007fad80600000)
   the space 12572412K,  95% used [0x00007f982b0a0000, 0x00007f9b04088ed8, 0x00007f9b04089000, 0x00007f9b2a65f000)
 Metaspace       used 29897K, capacity 30330K, committed 30464K, reserved 30720K
}
Event: 432.952 GC heap after
{Heap after GC invocations=60 (full 7):
 def new generation   total 5657664K, used 628607K [0x00007f8d80600000, 0x00007f8f000f0000, 0x00007f982b0a0000)
  eden space 5029056K,   0% used [0x00007f8d80600000, 0x00007f8d80600000, 0x00007f8eb3530000)
  from space 628608K,  99% used [0x00007f8eb3530000, 0x00007f8ed9b0fe28, 0x00007f8ed9b10000)
  to   space 628608K,   0% used [0x00007f8ed9b10000, 0x00007f8ed9b10000, 0x00007f8f000f0000)
 tenured generation   total 16972860K, used 16972845K [0x00007f982b0a0000, 0x00007f9c36faf000, 0x00007fad80600000)
   the space 16972860K,  99% used [0x00007f982b0a0000, 0x00007f9c36fab5e0, 0x00007f9c36fab600, 0x00007f9c36faf000)
 Metaspace       used 29897K, capacity 30330K, committed 30464K, reserved 30720K
}
Event: 432.952 GC heap before
{Heap before GC invocations=60 (full 7):
 def new generation   total 5657664K, used 628607K [0x00007f8d80600000, 0x00007f8f000f0000, 0x00007f982b0a0000)
  eden space 5029056K,   0% used [0x00007f8d80600000, 0x00007f8d80600000, 0x00007f8eb3530000)
  from space 628608K,  99% used [0x00007f8eb3530000, 0x00007f8ed9b0fe28, 0x00007f8ed9b10000)
  to   space 628608K,   0% used [0x00007f8ed9b10000, 0x00007f8ed9b10000, 0x00007f8f000f0000)
 tenured generation   total 16972860K, used 16972845K [0x00007f982b0a0000, 0x00007f9c36faf000, 0x00007fad80600000)
   the space 16972860K,  99% used [0x00007f982b0a0000, 0x00007f9c36fab5e0, 0x00007f9c36fab600, 0x00007f9c36faf000)
 Metaspace       used 29897K, capacity 30330K, committed 30464K, reserved 30720K
}

