# JRE version: OpenJDK Runtime Environment (13.0.7+5) (build 13.0.7+5-Ubuntu-0ubuntu120.04)
# Java VM: OpenJDK 64-Bit Server VM (13.0.7+5-Ubuntu-0ubuntu120.04, mixed mode, tiered, serial gc, linux-amd64)
Heap:
 def new generation   total 1537152K, used 55149K [0x00007eefac600000, 0x00007ef0149e0000, 0x00007efa570a0000)
  eden space 1366400K,   4% used [0x00007eefac600000, 0x00007eefafbdb6d0, 0x00007eefffc60000)
  from space 170752K,   0% used [0x00007eefffc60000, 0x00007eefffc60000, 0x00007ef00a320000)
  to   space 170752K,   0% used [0x00007ef00a320000, 0x00007ef00a320000, 0x00007ef0149e0000)
 tenured generation   total 4079064K, used 4079063K [0x00007efa570a0000, 0x00007efb50016000, 0x00007f0fac600000)
   the space 4079064K,  99% used [0x00007efa570a0000, 0x00007efb50015e18, 0x00007efb50016000, 0x00007efb50016000)
 Metaspace       used 31085K, capacity 31543K, committed 31744K, reserved 32768K
GC Heap History (20 events):
Event: 2275.291 GC heap after
{Heap after GC invocations=3068 (full 1):
 def new generation   total 629248K, used 69888K [0x00007eefac600000, 0x00007eefd70c0000, 0x00007efa570a0000)
  eden space 559360K,   0% used [0x00007eefac600000, 0x00007eefac600000, 0x00007eefce840000)
  from space 69888K, 100% used [0x00007eefd2c80000, 0x00007eefd70c0000, 0x00007eefd70c0000)
  to   space 69888K,   0% used [0x00007eefce840000, 0x00007eefce840000, 0x00007eefd2c80000)
 tenured generation   total 1450176K, used 1450071K [0x00007efa570a0000, 0x00007efaaf8d0000, 0x00007f0fac600000)
   the space 1450176K,  99% used [0x00007efa570a0000, 0x00007efaaf8b5d28, 0x00007efaaf8b5e00, 0x00007efaaf8d0000)
 Metaspace       used 30576K, capacity 31065K, committed 31232K, reserved 32768K
}
Event: 2275.291 GC heap before
{Heap before GC invocations=3068 (full 1):
 def new generation   total 629248K, used 69888K [0x00007eefac600000, 0x00007eefd70c0000, 0x00007efa570a0000)
  eden space 559360K,   0% used [0x00007eefac600000, 0x00007eefac600000, 0x00007eefce840000)
  from space 69888K, 100% used [0x00007eefd2c80000, 0x00007eefd70c0000, 0x00007eefd70c0000)
  to   space 69888K,   0% used [0x00007eefce840000, 0x00007eefce840000, 0x00007eefd2c80000)
 tenured generation   total 1450176K, used 1450071K [0x00007efa570a0000, 0x00007efaaf8d0000, 0x00007f0fac600000)
   the space 1450176K,  99% used [0x00007efa570a0000, 0x00007efaaf8b5d28, 0x00007efaaf8b5e00, 0x00007efaaf8d0000)
 Metaspace       used 30576K, capacity 31065K, committed 31232K, reserved 32768K
}
Event: 2276.526 GC heap after
{Heap after GC invocations=3068 (full 2):
 def new generation   total 629248K, used 0K [0x00007eefac600000, 0x00007eefd70c0000, 0x00007efa570a0000)
  eden space 559360K,   0% used [0x00007eefac600000, 0x00007eefac600000, 0x00007eefce840000)
  from space 69888K,   0% used [0x00007eefd2c80000, 0x00007eefd2c80000, 0x00007eefd70c0000)
  to   space 69888K,   0% used [0x00007eefce840000, 0x00007eefce840000, 0x00007eefd2c80000)
 tenured generation   total 1398144K, used 599462K [0x00007efa570a0000, 0x00007efaac600000, 0x00007f0fac600000)
   the space 1398144K,  42% used [0x00007efa570a0000, 0x00007efa7ba099e0, 0x00007efa7ba09a00, 0x00007efaac600000)
 Metaspace       used 30576K, capacity 31065K, committed 31232K, reserved 32768K
}
Event: 2277.068 GC heap before
{Heap before GC invocations=3068 (full 2):
 def new generation   total 629248K, used 559360K [0x00007eefac600000, 0x00007eefd70c0000, 0x00007efa570a0000)
  eden space 559360K, 100% used [0x00007eefac600000, 0x00007eefce840000, 0x00007eefce840000)
  from space 69888K,   0% used [0x00007eefd2c80000, 0x00007eefd2c80000, 0x00007eefd70c0000)
  to   space 69888K,   0% used [0x00007eefce840000, 0x00007eefce840000, 0x00007eefd2c80000)
 tenured generation   total 1398144K, used 599462K [0x00007efa570a0000, 0x00007efaac600000, 0x00007f0fac600000)
   the space 1398144K,  42% used [0x00007efa570a0000, 0x00007efa7ba099e0, 0x00007efa7ba09a00, 0x00007efaac600000)
 Metaspace       used 30638K, capacity 31095K, committed 31232K, reserved 32768K
}
Event: 2277.703 GC heap after
{Heap after GC invocations=3069 (full 2):
 def new generation   total 629248K, used 69887K [0x00007eefac600000, 0x00007eefd70c0000, 0x00007efa570a0000)
  eden space 559360K,   0% used [0x00007eefac600000, 0x00007eefac600000, 0x00007eefce840000)
  from space 69888K,  99% used [0x00007eefce840000, 0x00007eefd2c7fff8, 0x00007eefd2c80000)
  to   space 69888K,   0% used [0x00007eefd2c80000, 0x00007eefd2c80000, 0x00007eefd70c0000)
 tenured generation   total 1398144K, used 1087984K [0x00007efa570a0000, 0x00007efaac600000, 0x00007f0fac600000)
   the space 1398144K,  77% used [0x00007efa570a0000, 0x00007efa9971c3c8, 0x00007efa9971c400, 0x00007efaac600000)
 Metaspace       used 30638K, capacity 31095K, committed 31232K, reserved 32768K
}
Event: 2278.223 GC heap before
{Heap before GC invocations=3069 (full 2):
 def new generation   total 629248K, used 629247K [0x00007eefac600000, 0x00007eefd70c0000, 0x00007efa570a0000)
  eden space 559360K, 100% used [0x00007eefac600000, 0x00007eefce840000, 0x00007eefce840000)
  from space 69888K,  99% used [0x00007eefce840000, 0x00007eefd2c7fff8, 0x00007eefd2c80000)
  to   space 69888K,   0% used [0x00007eefd2c80000, 0x00007eefd2c80000, 0x00007eefd70c0000)
 tenured generation   total 1398144K, used 1087984K [0x00007efa570a0000, 0x00007efaac600000, 0x00007f0fac600000)
   the space 1398144K,  77% used [0x00007efa570a0000, 0x00007efa9971c3c8, 0x00007efa9971c400, 0x00007efaac600000)
 Metaspace       used 31074K, capacity 31543K, committed 31744K, reserved 32768K
}
Event: 2279.002 GC heap after
{Heap after GC invocations=3070 (full 2):
 def new generation   total 629248K, used 69888K [0x00007eefac600000, 0x00007eefd70c0000, 0x00007efa570a0000)
  eden space 559360K,   0% used [0x00007eefac600000, 0x00007eefac600000, 0x00007eefce840000)
  from space 69888K, 100% used [0x00007eefd2c80000, 0x00007eefd70c0000, 0x00007eefd70c0000)
  to   space 69888K,   0% used [0x00007eefce840000, 0x00007eefce840000, 0x00007eefd2c80000)
 tenured generation   total 1644656K, used 1644590K [0x00007efa570a0000, 0x00007efabb6bc000, 0x00007f0fac600000)
   the space 1644656K,  99% used [0x00007efa570a0000, 0x00007efabb6ab9a0, 0x00007efabb6aba00, 0x00007efabb6bc000)
 Metaspace       used 31074K, capacity 31543K, committed 31744K, reserved 32768K
}
Event: 2279.002 GC heap before
{Heap before GC invocations=3070 (full 2):
 def new generation   total 629248K, used 69888K [0x00007eefac600000, 0x00007eefd70c0000, 0x00007efa570a0000)
  eden space 559360K,   0% used [0x00007eefac600000, 0x00007eefac600000, 0x00007eefce840000)
  from space 69888K, 100% used [0x00007eefd2c80000, 0x00007eefd70c0000, 0x00007eefd70c0000)
  to   space 69888K,   0% used [0x00007eefce840000, 0x00007eefce840000, 0x00007eefd2c80000)
 tenured generation   total 1644656K, used 1644590K [0x00007efa570a0000, 0x00007efabb6bc000, 0x00007f0fac600000)
   the space 1644656K,  99% used [0x00007efa570a0000, 0x00007efabb6ab9a0, 0x00007efabb6aba00, 0x00007efabb6bc000)
 Metaspace       used 31074K, capacity 31543K, committed 31744K, reserved 32768K
}
Event: 2280.158 GC heap after
{Heap after GC invocations=3070 (full 3):
 def new generation   total 860544K, used 0K [0x00007eefac600000, 0x00007eefe6bb0000, 0x00007efa570a0000)
  eden space 764992K,   0% used [0x00007eefac600000, 0x00007eefac600000, 0x00007eefdb110000)
  from space 95552K,   0% used [0x00007eefdb110000, 0x00007eefdb110000, 0x00007eefe0e60000)
  to   space 95552K,   0% used [0x00007eefe0e60000, 0x00007eefe0e60000, 0x00007eefe6bb0000)
 tenured generation   total 1912152K, used 1147289K [0x00007efa570a0000, 0x00007efacbbf6000, 0x00007f0fac600000)
   the space 1912152K,  59% used [0x00007efa570a0000, 0x00007efa9d106640, 0x00007efa9d106800, 0x00007efacbbf6000)
 Metaspace       used 31074K, capacity 31543K, committed 31744K, reserved 32768K
}
Event: 2280.962 GC heap before
{Heap before GC invocations=3070 (full 3):
 def new generation   total 860544K, used 764992K [0x00007eefac600000, 0x00007eefe6bb0000, 0x00007efa570a0000)
  eden space 764992K, 100% used [0x00007eefac600000, 0x00007eefdb110000, 0x00007eefdb110000)
  from space 95552K,   0% used [0x00007eefdb110000, 0x00007eefdb110000, 0x00007eefe0e60000)
  to   space 95552K,   0% used [0x00007eefe0e60000, 0x00007eefe0e60000, 0x00007eefe6bb0000)
 tenured generation   total 1912152K, used 1147289K [0x00007efa570a0000, 0x00007efacbbf6000, 0x00007f0fac600000)
   the space 1912152K,  59% used [0x00007efa570a0000, 0x00007efa9d106640, 0x00007efa9d106800, 0x00007efacbbf6000)
 Metaspace       used 31081K, capacity 31543K, committed 31744K, reserved 32768K
}
Event: 2281.373 GC heap after
{Heap after GC invocations=3071 (full 3):
 def new generation   total 860544K, used 95551K [0x00007eefac600000, 0x00007eefe6bb0000, 0x00007efa570a0000)
  eden space 764992K,   0% used [0x00007eefac600000, 0x00007eefac600000, 0x00007eefdb110000)
  from space 95552K,  99% used [0x00007eefe0e60000, 0x00007eefe6baff18, 0x00007eefe6bb0000)
  to   space 95552K,   0% used [0x00007eefdb110000, 0x00007eefdb110000, 0x00007eefe0e60000)
 tenured generation   total 1912152K, used 1503256K [0x00007efa570a0000, 0x00007efacbbf6000, 0x00007f0fac600000)
   the space 1912152K,  78% used [0x00007efa570a0000, 0x00007efab2ca62e0, 0x00007efab2ca6400, 0x00007efacbbf6000)
 Metaspace       used 31081K, capacity 31543K, committed 31744K, reserved 32768K
}
Event: 2282.449 GC heap before
{Heap before GC invocations=3071 (full 3):
 def new generation   total 860544K, used 860543K [0x00007eefac600000, 0x00007eefe6bb0000, 0x00007efa570a0000)
  eden space 764992K, 100% used [0x00007eefac600000, 0x00007eefdb110000, 0x00007eefdb110000)
  from space 95552K,  99% used [0x00007eefe0e60000, 0x00007eefe6baff18, 0x00007eefe6bb0000)
  to   space 95552K,   0% used [0x00007eefdb110000, 0x00007eefdb110000, 0x00007eefe0e60000)
 tenured generation   total 1912152K, used 1503256K [0x00007efa570a0000, 0x00007efacbbf6000, 0x00007f0fac600000)
   the space 1912152K,  78% used [0x00007efa570a0000, 0x00007efab2ca62e0, 0x00007efab2ca6400, 0x00007efacbbf6000)
 Metaspace       used 31085K, capacity 31543K, committed 31744K, reserved 32768K
}
Event: 2282.935 GC heap after
{Heap after GC invocations=3072 (full 3):
 def new generation   total 860544K, used 95550K [0x00007eefac600000, 0x00007eefe6bb0000, 0x00007efa570a0000)
  eden space 764992K,   0% used [0x00007eefac600000, 0x00007eefac600000, 0x00007eefdb110000)
  from space 95552K,  99% used [0x00007eefdb110000, 0x00007eefe0e5fb10, 0x00007eefe0e60000)
  to   space 95552K,   0% used [0x00007eefe0e60000, 0x00007eefe0e60000, 0x00007eefe6bb0000)
 tenured generation   total 2049432K, used 2049277K [0x00007efa570a0000, 0x00007efad4206000, 0x00007f0fac600000)
   the space 2049432K,  99% used [0x00007efa570a0000, 0x00007efad41df558, 0x00007efad41df600, 0x00007efad4206000)
 Metaspace       used 31085K, capacity 31543K, committed 31744K, reserved 32768K
}
Event: 2282.935 GC heap before
{Heap before GC invocations=3072 (full 3):
 def new generation   total 860544K, used 95550K [0x00007eefac600000, 0x00007eefe6bb0000, 0x00007efa570a0000)
  eden space 764992K,   0% used [0x00007eefac600000, 0x00007eefac600000, 0x00007eefdb110000)
  from space 95552K,  99% used [0x00007eefdb110000, 0x00007eefe0e5fb10, 0x00007eefe0e60000)
  to   space 95552K,   0% used [0x00007eefe0e60000, 0x00007eefe0e60000, 0x00007eefe6bb0000)
 tenured generation   total 2049432K, used 2049277K [0x00007efa570a0000, 0x00007efad4206000, 0x00007f0fac600000)
   the space 2049432K,  99% used [0x00007efa570a0000, 0x00007efad41df558, 0x00007efad41df600, 0x00007efad4206000)
 Metaspace       used 31085K, capacity 31543K, committed 31744K, reserved 32768K
}
Event: 2284.811 GC heap after
{Heap after GC invocations=3072 (full 4):
 def new generation   total 1537152K, used 43393K [0x00007eefac600000, 0x00007ef0149e0000, 0x00007efa570a0000)
  eden space 1366400K,   3% used [0x00007eefac600000, 0x00007eefaf0604e0, 0x00007eefffc60000)
  from space 170752K,   0% used [0x00007eefffc60000, 0x00007eefffc60000, 0x00007ef00a320000)
  to   space 170752K,   0% used [0x00007ef00a320000, 0x00007ef00a320000, 0x00007ef0149e0000)
 tenured generation   total 3415720K, used 2049431K [0x00007efa570a0000, 0x00007efb2784a000, 0x00007f0fac600000)
   the space 3415720K,  59% used [0x00007efa570a0000, 0x00007efad4205ef8, 0x00007efad4206000, 0x00007efb2784a000)
 Metaspace       used 31085K, capacity 31543K, committed 31744K, reserved 32768K
}
Event: 2286.148 GC heap before
{Heap before GC invocations=3072 (full 4):
 def new generation   total 1537152K, used 1366400K [0x00007eefac600000, 0x00007ef0149e0000, 0x00007efa570a0000)
  eden space 1366400K, 100% used [0x00007eefac600000, 0x00007eefffc60000, 0x00007eefffc60000)
  from space 170752K,   0% used [0x00007eefffc60000, 0x00007eefffc60000, 0x00007ef00a320000)
  to   space 170752K,   0% used [0x00007ef00a320000, 0x00007ef00a320000, 0x00007ef0149e0000)
 tenured generation   total 3415720K, used 2049431K [0x00007efa570a0000, 0x00007efb2784a000, 0x00007f0fac600000)
   the space 3415720K,  59% used [0x00007efa570a0000, 0x00007efad4205ef8, 0x00007efad4206000, 0x00007efb2784a000)
 Metaspace       used 31085K, capacity 31543K, committed 31744K, reserved 32768K
}
Event: 2287.294 GC heap after
{Heap after GC invocations=3073 (full 4):
 def new generation   total 1537152K, used 170751K [0x00007eefac600000, 0x00007ef0149e0000, 0x00007efa570a0000)
  eden space 1366400K,   0% used [0x00007eefac600000, 0x00007eefac600000, 0x00007eefffc60000)
  from space 170752K,  99% used [0x00007ef00a320000, 0x00007ef0149dfdf0, 0x00007ef0149e0000)
  to   space 170752K,   0% used [0x00007eefffc60000, 0x00007eefffc60000, 0x00007ef00a320000)
 tenured generation   total 3415720K, used 3026109K [0x00007efa570a0000, 0x00007efb2784a000, 0x00007f0fac600000)
   the space 3415720K,  88% used [0x00007efa570a0000, 0x00007efb0fbcf5f8, 0x00007efb0fbcf600, 0x00007efb2784a000)
 Metaspace       used 31085K, capacity 31543K, committed 31744K, reserved 32768K
}
Event: 2289.483 GC heap before
{Heap before GC invocations=3073 (full 4):
 def new generation   total 1537152K, used 1537151K [0x00007eefac600000, 0x00007ef0149e0000, 0x00007efa570a0000)
  eden space 1366400K, 100% used [0x00007eefac600000, 0x00007eefffc60000, 0x00007eefffc60000)
  from space 170752K,  99% used [0x00007ef00a320000, 0x00007ef0149dfdf0, 0x00007ef0149e0000)
  to   space 170752K,   0% used [0x00007eefffc60000, 0x00007eefffc60000, 0x00007ef00a320000)
 tenured generation   total 3415720K, used 3026109K [0x00007efa570a0000, 0x00007efb2784a000, 0x00007f0fac600000)
   the space 3415720K,  88% used [0x00007efa570a0000, 0x00007efb0fbcf5f8, 0x00007efb0fbcf600, 0x00007efb2784a000)
 Metaspace       used 31085K, capacity 31543K, committed 31744K, reserved 32768K
}
Event: 2290.602 GC heap after
{Heap after GC invocations=3074 (full 4):
 def new generation   total 1537152K, used 170751K [0x00007eefac600000, 0x00007ef0149e0000, 0x00007efa570a0000)
  eden space 1366400K,   0% used [0x00007eefac600000, 0x00007eefac600000, 0x00007eefffc60000)
  from space 170752K,  99% used [0x00007eefffc60000, 0x00007ef00a31ff40, 0x00007ef00a320000)
  to   space 170752K,   0% used [0x00007ef00a320000, 0x00007ef00a320000, 0x00007ef0149e0000)
 tenured generation   total 4079064K, used 4079020K [0x00007efa570a0000, 0x00007efb50016000, 0x00007f0fac600000)
   the space 4079064K,  99% used [0x00007efa570a0000, 0x00007efb5000b1c8, 0x00007efb5000b200, 0x00007efb50016000)
 Metaspace       used 31085K, capacity 31543K, committed 31744K, reserved 32768K
}
Event: 2290.602 GC heap before
{Heap before GC invocations=3074 (full 4):
 def new generation   total 1537152K, used 170751K [0x00007eefac600000, 0x00007ef0149e0000, 0x00007efa570a0000)
  eden space 1366400K,   0% used [0x00007eefac600000, 0x00007eefac600000, 0x00007eefffc60000)
  from space 170752K,  99% used [0x00007eefffc60000, 0x00007ef00a31ff40, 0x00007ef00a320000)
  to   space 170752K,   0% used [0x00007ef00a320000, 0x00007ef00a320000, 0x00007ef0149e0000)
 tenured generation   total 4079064K, used 4079020K [0x00007efa570a0000, 0x00007efb50016000, 0x00007f0fac600000)
   the space 4079064K,  99% used [0x00007efa570a0000, 0x00007efb5000b1c8, 0x00007efb5000b200, 0x00007efb50016000)
 Metaspace       used 31085K, capacity 31543K, committed 31744K, reserved 32768K
}

