# JRE version: OpenJDK Runtime Environment (13.0.7+5) (build 13.0.7+5-Ubuntu-0ubuntu120.04)
# Java VM: OpenJDK 64-Bit Server VM (13.0.7+5-Ubuntu-0ubuntu120.04, mixed mode, tiered, serial gc, linux-amd64)
Heap:
 def new generation   total 4338688K, used 0K [0x00007f897c600000, 0x00007f8aa29c0000, 0x00007f94270a0000)
  eden space 3856640K,   0% used [0x00007f897c600000, 0x00007f897c600000, 0x00007f8a67c40000)
  from space 482048K,   0% used [0x00007f8a67c40000, 0x00007f8a67c40000, 0x00007f8a85300000)
  to   space 482048K,   0% used [0x00007f8a85300000, 0x00007f8a85300000, 0x00007f8aa29c0000)
 tenured generation   total 9937664K, used 8458381K [0x00007f94270a0000, 0x00007f9685960000, 0x00007fa97c600000)
   the space 9937664K,  85% used [0x00007f94270a0000, 0x00007f962b4c36a0, 0x00007f962b4c3800, 0x00007f9685960000)
 Metaspace       used 29895K, capacity 30330K, committed 30464K, reserved 30720K
GC Heap History (20 events):
Event: 395.673 GC heap after
{Heap after GC invocations=53 (full 5):
 def new generation   total 4338688K, used 482047K [0x00007f897c600000, 0x00007f8aa29c0000, 0x00007f94270a0000)
  eden space 3856640K,   0% used [0x00007f897c600000, 0x00007f897c600000, 0x00007f8a67c40000)
  from space 482048K,  99% used [0x00007f8a85300000, 0x00007f8aa29bfff0, 0x00007f8aa29c0000)
  to   space 482048K,   0% used [0x00007f8a67c40000, 0x00007f8a67c40000, 0x00007f8a85300000)
 tenured generation   total 9641408K, used 6115292K [0x00007f94270a0000, 0x00007f9673810000, 0x00007fa97c600000)
   the space 9641408K,  63% used [0x00007f94270a0000, 0x00007f959c497360, 0x00007f959c497400, 0x00007f9673810000)
 Metaspace       used 29895K, capacity 30330K, committed 30464K, reserved 30720K
}
Event: 431.604 GC heap before
{Heap before GC invocations=53 (full 5):
 def new generation   total 4338688K, used 4338687K [0x00007f897c600000, 0x00007f8aa29c0000, 0x00007f94270a0000)
  eden space 3856640K, 100% used [0x00007f897c600000, 0x00007f8a67c40000, 0x00007f8a67c40000)
  from space 482048K,  99% used [0x00007f8a85300000, 0x00007f8aa29bfff0, 0x00007f8aa29c0000)
  to   space 482048K,   0% used [0x00007f8a67c40000, 0x00007f8a67c40000, 0x00007f8a85300000)
 tenured generation   total 9641408K, used 6115292K [0x00007f94270a0000, 0x00007f9673810000, 0x00007fa97c600000)
   the space 9641408K,  63% used [0x00007f94270a0000, 0x00007f959c497360, 0x00007f959c497400, 0x00007f9673810000)
 Metaspace       used 29895K, capacity 30330K, committed 30464K, reserved 30720K
}
Event: 433.894 GC heap after
{Heap after GC invocations=54 (full 5):
 def new generation   total 4338688K, used 482047K [0x00007f897c600000, 0x00007f8aa29c0000, 0x00007f94270a0000)
  eden space 3856640K,   0% used [0x00007f897c600000, 0x00007f897c600000, 0x00007f8a67c40000)
  from space 482048K,  99% used [0x00007f8a67c40000, 0x00007f8a852ffff0, 0x00007f8a85300000)
  to   space 482048K,   0% used [0x00007f8a85300000, 0x00007f8a85300000, 0x00007f8aa29c0000)
 tenured generation   total 9641408K, used 6671701K [0x00007f94270a0000, 0x00007f9673810000, 0x00007fa97c600000)
   the space 9641408K,  69% used [0x00007f94270a0000, 0x00007f95be3f56c0, 0x00007f95be3f5800, 0x00007f9673810000)
 Metaspace       used 29895K, capacity 30330K, committed 30464K, reserved 30720K
}
Event: 435.502 GC heap before
{Heap before GC invocations=54 (full 5):
 def new generation   total 4338688K, used 4338687K [0x00007f897c600000, 0x00007f8aa29c0000, 0x00007f94270a0000)
  eden space 3856640K, 100% used [0x00007f897c600000, 0x00007f8a67c40000, 0x00007f8a67c40000)
  from space 482048K,  99% used [0x00007f8a67c40000, 0x00007f8a852ffff0, 0x00007f8a85300000)
  to   space 482048K,   0% used [0x00007f8a85300000, 0x00007f8a85300000, 0x00007f8aa29c0000)
 tenured generation   total 9641408K, used 6671701K [0x00007f94270a0000, 0x00007f9673810000, 0x00007fa97c600000)
   the space 9641408K,  69% used [0x00007f94270a0000, 0x00007f95be3f56c0, 0x00007f95be3f5800, 0x00007f9673810000)
 Metaspace       used 29895K, capacity 30330K, committed 30464K, reserved 30720K
}
Event: 437.313 GC heap after
{Heap after GC invocations=55 (full 5):
 def new generation   total 4338688K, used 404464K [0x00007f897c600000, 0x00007f8aa29c0000, 0x00007f94270a0000)
  eden space 3856640K,   0% used [0x00007f897c600000, 0x00007f897c600000, 0x00007f8a67c40000)
  from space 482048K,  83% used [0x00007f8a85300000, 0x00007f8a9ddfc278, 0x00007f8aa29c0000)
  to   space 482048K,   0% used [0x00007f8a67c40000, 0x00007f8a67c40000, 0x00007f8a85300000)
 tenured generation   total 9641408K, used 7153749K [0x00007f94270a0000, 0x00007f9673810000, 0x00007fa97c600000)
   the space 9641408K,  74% used [0x00007f94270a0000, 0x00007f95dbab54a0, 0x00007f95dbab5600, 0x00007f9673810000)
 Metaspace       used 29895K, capacity 30330K, committed 30464K, reserved 30720K
}
Event: 438.880 GC heap before
{Heap before GC invocations=55 (full 5):
 def new generation   total 4338688K, used 4261104K [0x00007f897c600000, 0x00007f8aa29c0000, 0x00007f94270a0000)
  eden space 3856640K, 100% used [0x00007f897c600000, 0x00007f8a67c40000, 0x00007f8a67c40000)
  from space 482048K,  83% used [0x00007f8a85300000, 0x00007f8a9ddfc278, 0x00007f8aa29c0000)
  to   space 482048K,   0% used [0x00007f8a67c40000, 0x00007f8a67c40000, 0x00007f8a85300000)
 tenured generation   total 9641408K, used 7153749K [0x00007f94270a0000, 0x00007f9673810000, 0x00007fa97c600000)
   the space 9641408K,  74% used [0x00007f94270a0000, 0x00007f95dbab54a0, 0x00007f95dbab5600, 0x00007f9673810000)
 Metaspace       used 29895K, capacity 30330K, committed 30464K, reserved 30720K
}
Event: 440.580 GC heap after
{Heap after GC invocations=56 (full 5):
 def new generation   total 4338688K, used 400463K [0x00007f897c600000, 0x00007f8aa29c0000, 0x00007f94270a0000)
  eden space 3856640K,   0% used [0x00007f897c600000, 0x00007f897c600000, 0x00007f8a67c40000)
  from space 482048K,  83% used [0x00007f8a67c40000, 0x00007f8a80353d60, 0x00007f8a85300000)
  to   space 482048K,   0% used [0x00007f8a85300000, 0x00007f8a85300000, 0x00007f8aa29c0000)
 tenured generation   total 9641408K, used 7558213K [0x00007f94270a0000, 0x00007f9673810000, 0x00007fa97c600000)
   the space 9641408K,  78% used [0x00007f94270a0000, 0x00007f95f45b15e8, 0x00007f95f45b1600, 0x00007f9673810000)
 Metaspace       used 29895K, capacity 30330K, committed 30464K, reserved 30720K
}
Event: 442.029 GC heap before
{Heap before GC invocations=56 (full 5):
 def new generation   total 4338688K, used 4257103K [0x00007f897c600000, 0x00007f8aa29c0000, 0x00007f94270a0000)
  eden space 3856640K, 100% used [0x00007f897c600000, 0x00007f8a67c40000, 0x00007f8a67c40000)
  from space 482048K,  83% used [0x00007f8a67c40000, 0x00007f8a80353d60, 0x00007f8a85300000)
  to   space 482048K,   0% used [0x00007f8a85300000, 0x00007f8a85300000, 0x00007f8aa29c0000)
 tenured generation   total 9641408K, used 7558213K [0x00007f94270a0000, 0x00007f9673810000, 0x00007fa97c600000)
   the space 9641408K,  78% used [0x00007f94270a0000, 0x00007f95f45b15e8, 0x00007f95f45b1600, 0x00007f9673810000)
 Metaspace       used 29895K, capacity 30330K, committed 30464K, reserved 30720K
}
Event: 443.680 GC heap after
{Heap after GC invocations=57 (full 5):
 def new generation   total 4338688K, used 380650K [0x00007f897c600000, 0x00007f8aa29c0000, 0x00007f94270a0000)
  eden space 3856640K,   0% used [0x00007f897c600000, 0x00007f897c600000, 0x00007f8a67c40000)
  from space 482048K,  78% used [0x00007f8a85300000, 0x00007f8a9c6babb8, 0x00007f8aa29c0000)
  to   space 482048K,   0% used [0x00007f8a67c40000, 0x00007f8a67c40000, 0x00007f8a85300000)
 tenured generation   total 9641408K, used 7958676K [0x00007f94270a0000, 0x00007f9673810000, 0x00007fa97c600000)
   the space 9641408K,  82% used [0x00007f94270a0000, 0x00007f960ccc52a8, 0x00007f960ccc5400, 0x00007f9673810000)
 Metaspace       used 29895K, capacity 30330K, committed 30464K, reserved 30720K
}
Event: 445.203 GC heap before
{Heap before GC invocations=57 (full 5):
 def new generation   total 4338688K, used 4237290K [0x00007f897c600000, 0x00007f8aa29c0000, 0x00007f94270a0000)
  eden space 3856640K, 100% used [0x00007f897c600000, 0x00007f8a67c40000, 0x00007f8a67c40000)
  from space 482048K,  78% used [0x00007f8a85300000, 0x00007f8a9c6babb8, 0x00007f8aa29c0000)
  to   space 482048K,   0% used [0x00007f8a67c40000, 0x00007f8a67c40000, 0x00007f8a85300000)
 tenured generation   total 9641408K, used 7958676K [0x00007f94270a0000, 0x00007f9673810000, 0x00007fa97c600000)
   the space 9641408K,  82% used [0x00007f94270a0000, 0x00007f960ccc52a8, 0x00007f960ccc5400, 0x00007f9673810000)
 Metaspace       used 29895K, capacity 30330K, committed 30464K, reserved 30720K
}
Event: 446.982 GC heap after
{Heap after GC invocations=58 (full 5):
 def new generation   total 4338688K, used 405463K [0x00007f897c600000, 0x00007f8aa29c0000, 0x00007f94270a0000)
  eden space 3856640K,   0% used [0x00007f897c600000, 0x00007f897c600000, 0x00007f8a67c40000)
  from space 482048K,  84% used [0x00007f8a67c40000, 0x00007f8a80835ef0, 0x00007f8a85300000)
  to   space 482048K,   0% used [0x00007f8a85300000, 0x00007f8a85300000, 0x00007f8aa29c0000)
 tenured generation   total 9641408K, used 8339327K [0x00007f94270a0000, 0x00007f9673810000, 0x00007fa97c600000)
   the space 9641408K,  86% used [0x00007f94270a0000, 0x00007f962407fe20, 0x00007f9624080000, 0x00007f9673810000)
 Metaspace       used 29895K, capacity 30330K, committed 30464K, reserved 30720K
}
Event: 448.487 GC heap before
{Heap before GC invocations=58 (full 5):
 def new generation   total 4338688K, used 4262103K [0x00007f897c600000, 0x00007f8aa29c0000, 0x00007f94270a0000)
  eden space 3856640K, 100% used [0x00007f897c600000, 0x00007f8a67c40000, 0x00007f8a67c40000)
  from space 482048K,  84% used [0x00007f8a67c40000, 0x00007f8a80835ef0, 0x00007f8a85300000)
  to   space 482048K,   0% used [0x00007f8a85300000, 0x00007f8a85300000, 0x00007f8aa29c0000)
 tenured generation   total 9641408K, used 8339327K [0x00007f94270a0000, 0x00007f9673810000, 0x00007fa97c600000)
   the space 9641408K,  86% used [0x00007f94270a0000, 0x00007f962407fe20, 0x00007f9624080000, 0x00007f9673810000)
 Metaspace       used 29895K, capacity 30330K, committed 30464K, reserved 30720K
}
Event: 450.157 GC heap after
{Heap after GC invocations=59 (full 5):
 def new generation   total 4338688K, used 364577K [0x00007f897c600000, 0x00007f8aa29c0000, 0x00007f94270a0000)
  eden space 3856640K,   0% used [0x00007f897c600000, 0x00007f897c600000, 0x00007f8a67c40000)
  from space 482048K,  75% used [0x00007f8a85300000, 0x00007f8a9b7084f8, 0x00007f8aa29c0000)
  to   space 482048K,   0% used [0x00007f8a67c40000, 0x00007f8a67c40000, 0x00007f8a85300000)
 tenured generation   total 9641408K, used 8744791K [0x00007f94270a0000, 0x00007f9673810000, 0x00007fa97c600000)
   the space 9641408K,  90% used [0x00007f94270a0000, 0x00007f963cc75c30, 0x00007f963cc75e00, 0x00007f9673810000)
 Metaspace       used 29895K, capacity 30330K, committed 30464K, reserved 30720K
}
Event: 451.826 GC heap before
{Heap before GC invocations=59 (full 5):
 def new generation   total 4338688K, used 4221217K [0x00007f897c600000, 0x00007f8aa29c0000, 0x00007f94270a0000)
  eden space 3856640K, 100% used [0x00007f897c600000, 0x00007f8a67c40000, 0x00007f8a67c40000)
  from space 482048K,  75% used [0x00007f8a85300000, 0x00007f8a9b7084f8, 0x00007f8aa29c0000)
  to   space 482048K,   0% used [0x00007f8a67c40000, 0x00007f8a67c40000, 0x00007f8a85300000)
 tenured generation   total 9641408K, used 8744791K [0x00007f94270a0000, 0x00007f9673810000, 0x00007fa97c600000)
   the space 9641408K,  90% used [0x00007f94270a0000, 0x00007f963cc75c30, 0x00007f963cc75e00, 0x00007f9673810000)
 Metaspace       used 29895K, capacity 30330K, committed 30464K, reserved 30720K
}
Event: 453.530 GC heap after
{Heap after GC invocations=60 (full 5):
 def new generation   total 4338688K, used 405125K [0x00007f897c600000, 0x00007f8aa29c0000, 0x00007f94270a0000)
  eden space 3856640K,   0% used [0x00007f897c600000, 0x00007f897c600000, 0x00007f8a67c40000)
  from space 482048K,  84% used [0x00007f8a67c40000, 0x00007f8a807e14b8, 0x00007f8a85300000)
  to   space 482048K,   0% used [0x00007f8a85300000, 0x00007f8a85300000, 0x00007f8aa29c0000)
 tenured generation   total 9641408K, used 9109367K [0x00007f94270a0000, 0x00007f9673810000, 0x00007fa97c600000)
   the space 9641408K,  94% used [0x00007f94270a0000, 0x00007f965307df08, 0x00007f965307e000, 0x00007f9673810000)
 Metaspace       used 29895K, capacity 30330K, committed 30464K, reserved 30720K
}
Event: 455.107 GC heap before
{Heap before GC invocations=60 (full 5):
 def new generation   total 4338688K, used 4261765K [0x00007f897c600000, 0x00007f8aa29c0000, 0x00007f94270a0000)
  eden space 3856640K, 100% used [0x00007f897c600000, 0x00007f8a67c40000, 0x00007f8a67c40000)
  from space 482048K,  84% used [0x00007f8a67c40000, 0x00007f8a807e14b8, 0x00007f8a85300000)
  to   space 482048K,   0% used [0x00007f8a85300000, 0x00007f8a85300000, 0x00007f8aa29c0000)
 tenured generation   total 9641408K, used 9109367K [0x00007f94270a0000, 0x00007f9673810000, 0x00007fa97c600000)
   the space 9641408K,  94% used [0x00007f94270a0000, 0x00007f965307df08, 0x00007f965307e000, 0x00007f9673810000)
 Metaspace       used 29895K, capacity 30330K, committed 30464K, reserved 30720K
}
Event: 457.064 GC heap after
{Heap after GC invocations=61 (full 5):
 def new generation   total 4338688K, used 423070K [0x00007f897c600000, 0x00007f8aa29c0000, 0x00007f94270a0000)
  eden space 3856640K,   0% used [0x00007f897c600000, 0x00007f897c600000, 0x00007f8a67c40000)
  from space 482048K,  87% used [0x00007f8a85300000, 0x00007f8a9f027bb8, 0x00007f8aa29c0000)
  to   space 482048K,   0% used [0x00007f8a67c40000, 0x00007f8a67c40000, 0x00007f8a85300000)
 tenured generation   total 9641408K, used 9514492K [0x00007f94270a0000, 0x00007f9673810000, 0x00007fa97c600000)
   the space 9641408K,  98% used [0x00007f94270a0000, 0x00007f966bc1f1f0, 0x00007f966bc1f200, 0x00007f9673810000)
 Metaspace       used 29895K, capacity 30330K, committed 30464K, reserved 30720K
}
Event: 458.842 GC heap before
{Heap before GC invocations=61 (full 5):
 def new generation   total 4338688K, used 4279710K [0x00007f897c600000, 0x00007f8aa29c0000, 0x00007f94270a0000)
  eden space 3856640K, 100% used [0x00007f897c600000, 0x00007f8a67c40000, 0x00007f8a67c40000)
  from space 482048K,  87% used [0x00007f8a85300000, 0x00007f8a9f027bb8, 0x00007f8aa29c0000)
  to   space 482048K,   0% used [0x00007f8a67c40000, 0x00007f8a67c40000, 0x00007f8a85300000)
 tenured generation   total 9641408K, used 9514492K [0x00007f94270a0000, 0x00007f9673810000, 0x00007fa97c600000)
   the space 9641408K,  98% used [0x00007f94270a0000, 0x00007f966bc1f1f0, 0x00007f966bc1f200, 0x00007f9673810000)
 Metaspace       used 29895K, capacity 30330K, committed 30464K, reserved 30720K
}
Event: 460.830 GC heap after
{Heap after GC invocations=62 (full 5):
 def new generation   total 4338688K, used 427795K [0x00007f897c600000, 0x00007f8aa29c0000, 0x00007f94270a0000)
  eden space 3856640K,   0% used [0x00007f897c600000, 0x00007f897c600000, 0x00007f8a67c40000)
  from space 482048K,  88% used [0x00007f8a67c40000, 0x00007f8a81e04c88, 0x00007f8a85300000)
  to   space 482048K,   0% used [0x00007f8a85300000, 0x00007f8a85300000, 0x00007f8aa29c0000)
 tenured generation   total 9937664K, used 9937562K [0x00007f94270a0000, 0x00007f9685960000, 0x00007fa97c600000)
   the space 9937664K,  99% used [0x00007f94270a0000, 0x00007f9685946ba8, 0x00007f9685946c00, 0x00007f9685960000)
 Metaspace       used 29895K, capacity 30330K, committed 30464K, reserved 30720K
}
Event: 460.830 GC heap before
{Heap before GC invocations=62 (full 5):
 def new generation   total 4338688K, used 427795K [0x00007f897c600000, 0x00007f8aa29c0000, 0x00007f94270a0000)
  eden space 3856640K,   0% used [0x00007f897c600000, 0x00007f897c600000, 0x00007f8a67c40000)
  from space 482048K,  88% used [0x00007f8a67c40000, 0x00007f8a81e04c88, 0x00007f8a85300000)
  to   space 482048K,   0% used [0x00007f8a85300000, 0x00007f8a85300000, 0x00007f8aa29c0000)
 tenured generation   total 9937664K, used 9937562K [0x00007f94270a0000, 0x00007f9685960000, 0x00007fa97c600000)
   the space 9937664K,  99% used [0x00007f94270a0000, 0x00007f9685946ba8, 0x00007f9685946c00, 0x00007f9685960000)
 Metaspace       used 29895K, capacity 30330K, committed 30464K, reserved 30720K
}

