# JRE version: OpenJDK Runtime Environment (13.0.7+5) (build 13.0.7+5-Ubuntu-0ubuntu120.04)
# Java VM: OpenJDK 64-Bit Server VM (13.0.7+5-Ubuntu-0ubuntu120.04, mixed mode, tiered, serial gc, linux-amd64)
Heap:
 def new generation   total 2997632K, used 0K [0x00007f5780600000, 0x00007f584baa0000, 0x00007f622b0a0000)
  eden space 2664576K,   0% used [0x00007f5780600000, 0x00007f5780600000, 0x00007f5823020000)
  from space 333056K,   0% used [0x00007f5823020000, 0x00007f5823020000, 0x00007f5837560000)
  to   space 333056K,   0% used [0x00007f5837560000, 0x00007f5837560000, 0x00007f584baa0000)
 tenured generation   total 6760996K, used 5743315K [0x00007f622b0a0000, 0x00007f63c7b29000, 0x00007f7780600000)
   the space 6760996K,  84% used [0x00007f622b0a0000, 0x00007f6389954fe8, 0x00007f6389955000, 0x00007f63c7b29000)
 Metaspace       used 29824K, capacity 30254K, committed 30464K, reserved 30720K
GC Heap History (20 events):
Event: 508.315 GC heap after
{Heap after GC invocations=58 (full 5):
 def new generation   total 2997632K, used 333055K [0x00007f5780600000, 0x00007f584baa0000, 0x00007f622b0a0000)
  eden space 2664576K,   0% used [0x00007f5780600000, 0x00007f5780600000, 0x00007f5823020000)
  from space 333056K,  99% used [0x00007f5837560000, 0x00007f584ba9fff8, 0x00007f584baa0000)
  to   space 333056K,   0% used [0x00007f5823020000, 0x00007f5823020000, 0x00007f5837560000)
 tenured generation   total 6661348K, used 4061010K [0x00007f622b0a0000, 0x00007f63c19d9000, 0x00007f7780600000)
   the space 6661348K,  60% used [0x00007f622b0a0000, 0x00007f6322e749e0, 0x00007f6322e74a00, 0x00007f63c19d9000)
 Metaspace       used 29824K, capacity 30254K, committed 30464K, reserved 30720K
}
Event: 510.118 GC heap before
{Heap before GC invocations=58 (full 5):
 def new generation   total 2997632K, used 2997631K [0x00007f5780600000, 0x00007f584baa0000, 0x00007f622b0a0000)
  eden space 2664576K, 100% used [0x00007f5780600000, 0x00007f5823020000, 0x00007f5823020000)
  from space 333056K,  99% used [0x00007f5837560000, 0x00007f584ba9fff8, 0x00007f584baa0000)
  to   space 333056K,   0% used [0x00007f5823020000, 0x00007f5823020000, 0x00007f5837560000)
 tenured generation   total 6661348K, used 4061010K [0x00007f622b0a0000, 0x00007f63c19d9000, 0x00007f7780600000)
   the space 6661348K,  60% used [0x00007f622b0a0000, 0x00007f6322e749e0, 0x00007f6322e74a00, 0x00007f63c19d9000)
 Metaspace       used 29824K, capacity 30254K, committed 30464K, reserved 30720K
}
Event: 511.911 GC heap after
{Heap after GC invocations=59 (full 5):
 def new generation   total 2997632K, used 296425K [0x00007f5780600000, 0x00007f584baa0000, 0x00007f622b0a0000)
  eden space 2664576K,   0% used [0x00007f5780600000, 0x00007f5780600000, 0x00007f5823020000)
  from space 333056K,  89% used [0x00007f5823020000, 0x00007f583519a4c0, 0x00007f5837560000)
  to   space 333056K,   0% used [0x00007f5837560000, 0x00007f5837560000, 0x00007f584baa0000)
 tenured generation   total 6661348K, used 4394066K [0x00007f622b0a0000, 0x00007f63c19d9000, 0x00007f7780600000)
   the space 6661348K,  65% used [0x00007f622b0a0000, 0x00007f63373b4968, 0x00007f63373b4a00, 0x00007f63c19d9000)
 Metaspace       used 29824K, capacity 30254K, committed 30464K, reserved 30720K
}
Event: 513.806 GC heap before
{Heap before GC invocations=59 (full 5):
 def new generation   total 2997632K, used 2961001K [0x00007f5780600000, 0x00007f584baa0000, 0x00007f622b0a0000)
  eden space 2664576K, 100% used [0x00007f5780600000, 0x00007f5823020000, 0x00007f5823020000)
  from space 333056K,  89% used [0x00007f5823020000, 0x00007f583519a4c0, 0x00007f5837560000)
  to   space 333056K,   0% used [0x00007f5837560000, 0x00007f5837560000, 0x00007f584baa0000)
 tenured generation   total 6661348K, used 4394066K [0x00007f622b0a0000, 0x00007f63c19d9000, 0x00007f7780600000)
   the space 6661348K,  65% used [0x00007f622b0a0000, 0x00007f63373b4968, 0x00007f63373b4a00, 0x00007f63c19d9000)
 Metaspace       used 29824K, capacity 30254K, committed 30464K, reserved 30720K
}
Event: 515.436 GC heap after
{Heap after GC invocations=60 (full 5):
 def new generation   total 2997632K, used 295908K [0x00007f5780600000, 0x00007f584baa0000, 0x00007f622b0a0000)
  eden space 2664576K,   0% used [0x00007f5780600000, 0x00007f5780600000, 0x00007f5823020000)
  from space 333056K,  88% used [0x00007f5837560000, 0x00007f5849659208, 0x00007f584baa0000)
  to   space 333056K,   0% used [0x00007f5823020000, 0x00007f5823020000, 0x00007f5837560000)
 tenured generation   total 6661348K, used 4690490K [0x00007f622b0a0000, 0x00007f63c19d9000, 0x00007f7780600000)
   the space 6661348K,  70% used [0x00007f622b0a0000, 0x00007f634952ebe8, 0x00007f634952ec00, 0x00007f63c19d9000)
 Metaspace       used 29824K, capacity 30254K, committed 30464K, reserved 30720K
}
Event: 517.301 GC heap before
{Heap before GC invocations=60 (full 5):
 def new generation   total 2997632K, used 2960484K [0x00007f5780600000, 0x00007f584baa0000, 0x00007f622b0a0000)
  eden space 2664576K, 100% used [0x00007f5780600000, 0x00007f5823020000, 0x00007f5823020000)
  from space 333056K,  88% used [0x00007f5837560000, 0x00007f5849659208, 0x00007f584baa0000)
  to   space 333056K,   0% used [0x00007f5823020000, 0x00007f5823020000, 0x00007f5837560000)
 tenured generation   total 6661348K, used 4690490K [0x00007f622b0a0000, 0x00007f63c19d9000, 0x00007f7780600000)
   the space 6661348K,  70% used [0x00007f622b0a0000, 0x00007f634952ebe8, 0x00007f634952ec00, 0x00007f63c19d9000)
 Metaspace       used 29824K, capacity 30254K, committed 30464K, reserved 30720K
}
Event: 518.913 GC heap after
{Heap after GC invocations=61 (full 5):
 def new generation   total 2997632K, used 283313K [0x00007f5780600000, 0x00007f584baa0000, 0x00007f622b0a0000)
  eden space 2664576K,   0% used [0x00007f5780600000, 0x00007f5780600000, 0x00007f5823020000)
  from space 333056K,  85% used [0x00007f5823020000, 0x00007f58344cc740, 0x00007f5837560000)
  to   space 333056K,   0% used [0x00007f5837560000, 0x00007f5837560000, 0x00007f584baa0000)
 tenured generation   total 6661348K, used 4986399K [0x00007f622b0a0000, 0x00007f63c19d9000, 0x00007f7780600000)
   the space 6661348K,  74% used [0x00007f622b0a0000, 0x00007f635b627d30, 0x00007f635b627e00, 0x00007f63c19d9000)
 Metaspace       used 29824K, capacity 30254K, committed 30464K, reserved 30720K
}
Event: 520.963 GC heap before
{Heap before GC invocations=61 (full 5):
 def new generation   total 2997632K, used 2947889K [0x00007f5780600000, 0x00007f584baa0000, 0x00007f622b0a0000)
  eden space 2664576K, 100% used [0x00007f5780600000, 0x00007f5823020000, 0x00007f5823020000)
  from space 333056K,  85% used [0x00007f5823020000, 0x00007f58344cc740, 0x00007f5837560000)
  to   space 333056K,   0% used [0x00007f5837560000, 0x00007f5837560000, 0x00007f584baa0000)
 tenured generation   total 6661348K, used 4986399K [0x00007f622b0a0000, 0x00007f63c19d9000, 0x00007f7780600000)
   the space 6661348K,  74% used [0x00007f622b0a0000, 0x00007f635b627d30, 0x00007f635b627e00, 0x00007f63c19d9000)
 Metaspace       used 29824K, capacity 30254K, committed 30464K, reserved 30720K
}
Event: 522.665 GC heap after
{Heap after GC invocations=62 (full 5):
 def new generation   total 2997632K, used 299466K [0x00007f5780600000, 0x00007f584baa0000, 0x00007f622b0a0000)
  eden space 2664576K,   0% used [0x00007f5780600000, 0x00007f5780600000, 0x00007f5823020000)
  from space 333056K,  89% used [0x00007f5837560000, 0x00007f58499d28a0, 0x00007f584baa0000)
  to   space 333056K,   0% used [0x00007f5823020000, 0x00007f5823020000, 0x00007f5837560000)
 tenured generation   total 6661348K, used 5269712K [0x00007f622b0a0000, 0x00007f63c19d9000, 0x00007f7780600000)
   the space 6661348K,  79% used [0x00007f622b0a0000, 0x00007f636cad4320, 0x00007f636cad4400, 0x00007f63c19d9000)
 Metaspace       used 29824K, capacity 30254K, committed 30464K, reserved 30720K
}
Event: 524.762 GC heap before
{Heap before GC invocations=62 (full 5):
 def new generation   total 2997632K, used 2964042K [0x00007f5780600000, 0x00007f584baa0000, 0x00007f622b0a0000)
  eden space 2664576K, 100% used [0x00007f5780600000, 0x00007f5823020000, 0x00007f5823020000)
  from space 333056K,  89% used [0x00007f5837560000, 0x00007f58499d28a0, 0x00007f584baa0000)
  to   space 333056K,   0% used [0x00007f5823020000, 0x00007f5823020000, 0x00007f5837560000)
 tenured generation   total 6661348K, used 5269712K [0x00007f622b0a0000, 0x00007f63c19d9000, 0x00007f7780600000)
   the space 6661348K,  79% used [0x00007f622b0a0000, 0x00007f636cad4320, 0x00007f636cad4400, 0x00007f63c19d9000)
 Metaspace       used 29824K, capacity 30254K, committed 30464K, reserved 30720K
}
Event: 526.508 GC heap after
{Heap after GC invocations=63 (full 5):
 def new generation   total 2997632K, used 301048K [0x00007f5780600000, 0x00007f584baa0000, 0x00007f622b0a0000)
  eden space 2664576K,   0% used [0x00007f5780600000, 0x00007f5780600000, 0x00007f5823020000)
  from space 333056K,  90% used [0x00007f5823020000, 0x00007f583561e0a8, 0x00007f5837560000)
  to   space 333056K,   0% used [0x00007f5837560000, 0x00007f5837560000, 0x00007f584baa0000)
 tenured generation   total 6661348K, used 5569178K [0x00007f622b0a0000, 0x00007f63c19d9000, 0x00007f7780600000)
   the space 6661348K,  83% used [0x00007f622b0a0000, 0x00007f637ef46990, 0x00007f637ef46a00, 0x00007f63c19d9000)
 Metaspace       used 29824K, capacity 30254K, committed 30464K, reserved 30720K
}
Event: 528.409 GC heap before
{Heap before GC invocations=63 (full 5):
 def new generation   total 2997632K, used 2965624K [0x00007f5780600000, 0x00007f584baa0000, 0x00007f622b0a0000)
  eden space 2664576K, 100% used [0x00007f5780600000, 0x00007f5823020000, 0x00007f5823020000)
  from space 333056K,  90% used [0x00007f5823020000, 0x00007f583561e0a8, 0x00007f5837560000)
  to   space 333056K,   0% used [0x00007f5837560000, 0x00007f5837560000, 0x00007f584baa0000)
 tenured generation   total 6661348K, used 5569178K [0x00007f622b0a0000, 0x00007f63c19d9000, 0x00007f7780600000)
   the space 6661348K,  83% used [0x00007f622b0a0000, 0x00007f637ef46990, 0x00007f637ef46a00, 0x00007f63c19d9000)
 Metaspace       used 29824K, capacity 30254K, committed 30464K, reserved 30720K
}
Event: 530.111 GC heap after
{Heap after GC invocations=64 (full 5):
 def new generation   total 2997632K, used 295861K [0x00007f5780600000, 0x00007f584baa0000, 0x00007f622b0a0000)
  eden space 2664576K,   0% used [0x00007f5780600000, 0x00007f5780600000, 0x00007f5823020000)
  from space 333056K,  88% used [0x00007f5837560000, 0x00007f584964d468, 0x00007f584baa0000)
  to   space 333056K,   0% used [0x00007f5823020000, 0x00007f5823020000, 0x00007f5837560000)
 tenured generation   total 6661348K, used 5870226K [0x00007f622b0a0000, 0x00007f63c19d9000, 0x00007f7780600000)
   the space 6661348K,  88% used [0x00007f622b0a0000, 0x00007f6391544818, 0x00007f6391544a00, 0x00007f63c19d9000)
 Metaspace       used 29824K, capacity 30254K, committed 30464K, reserved 30720K
}
Event: 531.976 GC heap before
{Heap before GC invocations=64 (full 5):
 def new generation   total 2997632K, used 2960437K [0x00007f5780600000, 0x00007f584baa0000, 0x00007f622b0a0000)
  eden space 2664576K, 100% used [0x00007f5780600000, 0x00007f5823020000, 0x00007f5823020000)
  from space 333056K,  88% used [0x00007f5837560000, 0x00007f584964d468, 0x00007f584baa0000)
  to   space 333056K,   0% used [0x00007f5823020000, 0x00007f5823020000, 0x00007f5837560000)
 tenured generation   total 6661348K, used 5870226K [0x00007f622b0a0000, 0x00007f63c19d9000, 0x00007f7780600000)
   the space 6661348K,  88% used [0x00007f622b0a0000, 0x00007f6391544818, 0x00007f6391544a00, 0x00007f63c19d9000)
 Metaspace       used 29824K, capacity 30254K, committed 30464K, reserved 30720K
}
Event: 533.713 GC heap after
{Heap after GC invocations=65 (full 5):
 def new generation   total 2997632K, used 300265K [0x00007f5780600000, 0x00007f584baa0000, 0x00007f622b0a0000)
  eden space 2664576K,   0% used [0x00007f5780600000, 0x00007f5780600000, 0x00007f5823020000)
  from space 333056K,  90% used [0x00007f5823020000, 0x00007f583555a610, 0x00007f5837560000)
  to   space 333056K,   0% used [0x00007f5837560000, 0x00007f5837560000, 0x00007f584baa0000)
 tenured generation   total 6661348K, used 6166087K [0x00007f622b0a0000, 0x00007f63c19d9000, 0x00007f7780600000)
   the space 6661348K,  92% used [0x00007f622b0a0000, 0x00007f63a3631c40, 0x00007f63a3631e00, 0x00007f63c19d9000)
 Metaspace       used 29824K, capacity 30254K, committed 30464K, reserved 30720K
}
Event: 535.587 GC heap before
{Heap before GC invocations=65 (full 5):
 def new generation   total 2997632K, used 2964841K [0x00007f5780600000, 0x00007f584baa0000, 0x00007f622b0a0000)
  eden space 2664576K, 100% used [0x00007f5780600000, 0x00007f5823020000, 0x00007f5823020000)
  from space 333056K,  90% used [0x00007f5823020000, 0x00007f583555a610, 0x00007f5837560000)
  to   space 333056K,   0% used [0x00007f5837560000, 0x00007f5837560000, 0x00007f584baa0000)
 tenured generation   total 6661348K, used 6166087K [0x00007f622b0a0000, 0x00007f63c19d9000, 0x00007f7780600000)
   the space 6661348K,  92% used [0x00007f622b0a0000, 0x00007f63a3631c40, 0x00007f63a3631e00, 0x00007f63c19d9000)
 Metaspace       used 29824K, capacity 30254K, committed 30464K, reserved 30720K
}
Event: 537.342 GC heap after
{Heap after GC invocations=66 (full 5):
 def new generation   total 2997632K, used 294452K [0x00007f5780600000, 0x00007f584baa0000, 0x00007f622b0a0000)
  eden space 2664576K,   0% used [0x00007f5780600000, 0x00007f5780600000, 0x00007f5823020000)
  from space 333056K,  88% used [0x00007f5837560000, 0x00007f58494ed110, 0x00007f584baa0000)
  to   space 333056K,   0% used [0x00007f5823020000, 0x00007f5823020000, 0x00007f5837560000)
 tenured generation   total 6661348K, used 6466352K [0x00007f622b0a0000, 0x00007f63c19d9000, 0x00007f7780600000)
   the space 6661348K,  97% used [0x00007f622b0a0000, 0x00007f63b5b6c190, 0x00007f63b5b6c200, 0x00007f63c19d9000)
 Metaspace       used 29824K, capacity 30254K, committed 30464K, reserved 30720K
}
Event: 539.249 GC heap before
{Heap before GC invocations=66 (full 5):
 def new generation   total 2997632K, used 2959028K [0x00007f5780600000, 0x00007f584baa0000, 0x00007f622b0a0000)
  eden space 2664576K, 100% used [0x00007f5780600000, 0x00007f5823020000, 0x00007f5823020000)
  from space 333056K,  88% used [0x00007f5837560000, 0x00007f58494ed110, 0x00007f584baa0000)
  to   space 333056K,   0% used [0x00007f5823020000, 0x00007f5823020000, 0x00007f5837560000)
 tenured generation   total 6661348K, used 6466352K [0x00007f622b0a0000, 0x00007f63c19d9000, 0x00007f7780600000)
   the space 6661348K,  97% used [0x00007f622b0a0000, 0x00007f63b5b6c190, 0x00007f63b5b6c200, 0x00007f63c19d9000)
 Metaspace       used 29824K, capacity 30254K, committed 30464K, reserved 30720K
}
Event: 541.075 GC heap after
{Heap after GC invocations=67 (full 5):
 def new generation   total 2997632K, used 295357K [0x00007f5780600000, 0x00007f584baa0000, 0x00007f622b0a0000)
  eden space 2664576K,   0% used [0x00007f5780600000, 0x00007f5780600000, 0x00007f5823020000)
  from space 333056K,  88% used [0x00007f5823020000, 0x00007f583508f410, 0x00007f5837560000)
  to   space 333056K,   0% used [0x00007f5837560000, 0x00007f5837560000, 0x00007f584baa0000)
 tenured generation   total 6760996K, used 6760804K [0x00007f622b0a0000, 0x00007f63c7b29000, 0x00007f7780600000)
   the space 6760996K,  99% used [0x00007f622b0a0000, 0x00007f63c7af9170, 0x00007f63c7af9200, 0x00007f63c7b29000)
 Metaspace       used 29824K, capacity 30254K, committed 30464K, reserved 30720K
}
Event: 541.075 GC heap before
{Heap before GC invocations=67 (full 5):
 def new generation   total 2997632K, used 295357K [0x00007f5780600000, 0x00007f584baa0000, 0x00007f622b0a0000)
  eden space 2664576K,   0% used [0x00007f5780600000, 0x00007f5780600000, 0x00007f5823020000)
  from space 333056K,  88% used [0x00007f5823020000, 0x00007f583508f410, 0x00007f5837560000)
  to   space 333056K,   0% used [0x00007f5837560000, 0x00007f5837560000, 0x00007f584baa0000)
 tenured generation   total 6760996K, used 6760804K [0x00007f622b0a0000, 0x00007f63c7b29000, 0x00007f7780600000)
   the space 6760996K,  99% used [0x00007f622b0a0000, 0x00007f63c7af9170, 0x00007f63c7af9200, 0x00007f63c7b29000)
 Metaspace       used 29824K, capacity 30254K, committed 30464K, reserved 30720K
}

