# JRE version: OpenJDK Runtime Environment (13.0.7+5) (build 13.0.7+5-Ubuntu-0ubuntu120.04)
# Java VM: OpenJDK 64-Bit Server VM (13.0.7+5-Ubuntu-0ubuntu120.04, mixed mode, tiered, serial gc, linux-amd64)
Heap:
 def new generation   total 3879424K, used 0K [0x00007f3440600000, 0x00007f3547770000, 0x00007f3eeb0a0000)
  eden space 3448384K,   0% used [0x00007f3440600000, 0x00007f3440600000, 0x00007f3512d90000)
  from space 431040K,   0% used [0x00007f3512d90000, 0x00007f3512d90000, 0x00007f352d280000)
  to   space 431040K,   0% used [0x00007f352d280000, 0x00007f352d280000, 0x00007f3547770000)
 tenured generation   total 11587604K, used 11530271K [0x00007f3eeb0a0000, 0x00007f41ae4a5000, 0x00007f5440600000)
   the space 11587604K,  99% used [0x00007f3eeb0a0000, 0x00007f41aaca7e40, 0x00007f41aaca8000, 0x00007f41ae4a5000)
 Metaspace       used 30017K, capacity 30458K, committed 30720K, reserved 30720K
GC Heap History (20 events):
Event: 280.467 GC heap after
{Heap after GC invocations=64 (full 5):
 def new generation   total 3021440K, used 273326K [0x00007f3440600000, 0x00007f350d470000, 0x00007f3eeb0a0000)
  eden space 2685760K,   0% used [0x00007f3440600000, 0x00007f3440600000, 0x00007f34e44d0000)
  from space 335680K,  81% used [0x00007f34e44d0000, 0x00007f34f4fbba28, 0x00007f34f8ca0000)
  to   space 335680K,   0% used [0x00007f34f8ca0000, 0x00007f34f8ca0000, 0x00007f350d470000)
 tenured generation   total 6714228K, used 5906715K [0x00007f3eeb0a0000, 0x00007f4084d7d000, 0x00007f5440600000)
   the space 6714228K,  87% used [0x00007f3eeb0a0000, 0x00007f40538e6c28, 0x00007f40538e6e00, 0x00007f4084d7d000)
 Metaspace       used 29970K, capacity 30394K, committed 30720K, reserved 30720K
}
Event: 298.410 GC heap before
{Heap before GC invocations=64 (full 5):
 def new generation   total 3021440K, used 2959086K [0x00007f3440600000, 0x00007f350d470000, 0x00007f3eeb0a0000)
  eden space 2685760K, 100% used [0x00007f3440600000, 0x00007f34e44d0000, 0x00007f34e44d0000)
  from space 335680K,  81% used [0x00007f34e44d0000, 0x00007f34f4fbba28, 0x00007f34f8ca0000)
  to   space 335680K,   0% used [0x00007f34f8ca0000, 0x00007f34f8ca0000, 0x00007f350d470000)
 tenured generation   total 6714228K, used 5906715K [0x00007f3eeb0a0000, 0x00007f4084d7d000, 0x00007f5440600000)
   the space 6714228K,  87% used [0x00007f3eeb0a0000, 0x00007f40538e6c28, 0x00007f40538e6e00, 0x00007f4084d7d000)
 Metaspace       used 29970K, capacity 30394K, committed 30720K, reserved 30720K
}
Event: 303.078 GC heap after
{Heap after GC invocations=65 (full 5):
 def new generation   total 3021440K, used 335679K [0x00007f3440600000, 0x00007f350d470000, 0x00007f3eeb0a0000)
  eden space 2685760K,   0% used [0x00007f3440600000, 0x00007f3440600000, 0x00007f34e44d0000)
  from space 335680K,  99% used [0x00007f34f8ca0000, 0x00007f350d46fff8, 0x00007f350d470000)
  to   space 335680K,   0% used [0x00007f34e44d0000, 0x00007f34e44d0000, 0x00007f34f8ca0000)
 tenured generation   total 7273332K, used 7273275K [0x00007f3eeb0a0000, 0x00007f40a6f7d000, 0x00007f5440600000)
   the space 7273332K,  99% used [0x00007f3eeb0a0000, 0x00007f40a6f6ec38, 0x00007f40a6f6ee00, 0x00007f40a6f7d000)
 Metaspace       used 29970K, capacity 30394K, committed 30720K, reserved 30720K
}
Event: 303.078 GC heap before
{Heap before GC invocations=65 (full 5):
 def new generation   total 3021440K, used 335679K [0x00007f3440600000, 0x00007f350d470000, 0x00007f3eeb0a0000)
  eden space 2685760K,   0% used [0x00007f3440600000, 0x00007f3440600000, 0x00007f34e44d0000)
  from space 335680K,  99% used [0x00007f34f8ca0000, 0x00007f350d46fff8, 0x00007f350d470000)
  to   space 335680K,   0% used [0x00007f34e44d0000, 0x00007f34e44d0000, 0x00007f34f8ca0000)
 tenured generation   total 7273332K, used 7273275K [0x00007f3eeb0a0000, 0x00007f40a6f7d000, 0x00007f5440600000)
   the space 7273332K,  99% used [0x00007f3eeb0a0000, 0x00007f40a6f6ec38, 0x00007f40a6f6ee00, 0x00007f40a6f7d000)
 Metaspace       used 29970K, capacity 30394K, committed 30720K, reserved 30720K
}
Event: 316.692 GC heap after
{Heap after GC invocations=65 (full 6):
 def new generation   total 3879424K, used 0K [0x00007f3440600000, 0x00007f3547770000, 0x00007f3eeb0a0000)
  eden space 3448384K,   0% used [0x00007f3440600000, 0x00007f3440600000, 0x00007f3512d90000)
  from space 431040K,   0% used [0x00007f3512d90000, 0x00007f3512d90000, 0x00007f352d280000)
  to   space 431040K,   0% used [0x00007f352d280000, 0x00007f352d280000, 0x00007f3547770000)
 tenured generation   total 8620820K, used 5172491K [0x00007f3eeb0a0000, 0x00007f40f9365000, 0x00007f5440600000)
   the space 8620820K,  59% used [0x00007f3eeb0a0000, 0x00007f4026be2f90, 0x00007f4026be3000, 0x00007f40f9365000)
 Metaspace       used 29970K, capacity 30394K, committed 30720K, reserved 30720K
}
Event: 394.189 GC heap before
{Heap before GC invocations=65 (full 6):
 def new generation   total 3879424K, used 3448384K [0x00007f3440600000, 0x00007f3547770000, 0x00007f3eeb0a0000)
  eden space 3448384K, 100% used [0x00007f3440600000, 0x00007f3512d90000, 0x00007f3512d90000)
  from space 431040K,   0% used [0x00007f3512d90000, 0x00007f3512d90000, 0x00007f352d280000)
  to   space 431040K,   0% used [0x00007f352d280000, 0x00007f352d280000, 0x00007f3547770000)
 tenured generation   total 8620820K, used 5172491K [0x00007f3eeb0a0000, 0x00007f40f9365000, 0x00007f5440600000)
   the space 8620820K,  59% used [0x00007f3eeb0a0000, 0x00007f4026be2f90, 0x00007f4026be3000, 0x00007f40f9365000)
 Metaspace       used 29970K, capacity 30394K, committed 30720K, reserved 30720K
}
Event: 400.207 GC heap after
{Heap after GC invocations=66 (full 6):
 def new generation   total 3879424K, used 431039K [0x00007f3440600000, 0x00007f3547770000, 0x00007f3eeb0a0000)
  eden space 3448384K,   0% used [0x00007f3440600000, 0x00007f3440600000, 0x00007f3512d90000)
  from space 431040K,  99% used [0x00007f352d280000, 0x00007f354776fff0, 0x00007f3547770000)
  to   space 431040K,   0% used [0x00007f3512d90000, 0x00007f3512d90000, 0x00007f352d280000)
 tenured generation   total 8620820K, used 6630165K [0x00007f3eeb0a0000, 0x00007f40f9365000, 0x00007f5440600000)
   the space 8620820K,  76% used [0x00007f3eeb0a0000, 0x00007f407fb65418, 0x00007f407fb65600, 0x00007f40f9365000)
 Metaspace       used 29970K, capacity 30394K, committed 30720K, reserved 30720K
}
Event: 465.669 GC heap before
{Heap before GC invocations=66 (full 6):
 def new generation   total 3879424K, used 3879423K [0x00007f3440600000, 0x00007f3547770000, 0x00007f3eeb0a0000)
  eden space 3448384K, 100% used [0x00007f3440600000, 0x00007f3512d90000, 0x00007f3512d90000)
  from space 431040K,  99% used [0x00007f352d280000, 0x00007f354776fff0, 0x00007f3547770000)
  to   space 431040K,   0% used [0x00007f3512d90000, 0x00007f3512d90000, 0x00007f352d280000)
 tenured generation   total 8620820K, used 6630165K [0x00007f3eeb0a0000, 0x00007f40f9365000, 0x00007f5440600000)
   the space 8620820K,  76% used [0x00007f3eeb0a0000, 0x00007f407fb65418, 0x00007f407fb65600, 0x00007f40f9365000)
 Metaspace       used 29970K, capacity 30394K, committed 30720K, reserved 30720K
}
Event: 468.842 GC heap after
{Heap after GC invocations=67 (full 6):
 def new generation   total 3879424K, used 431039K [0x00007f3440600000, 0x00007f3547770000, 0x00007f3eeb0a0000)
  eden space 3448384K,   0% used [0x00007f3440600000, 0x00007f3440600000, 0x00007f3512d90000)
  from space 431040K,  99% used [0x00007f3512d90000, 0x00007f352d27fff8, 0x00007f352d280000)
  to   space 431040K,   0% used [0x00007f352d280000, 0x00007f352d280000, 0x00007f3547770000)
 tenured generation   total 8620820K, used 7978788K [0x00007f3eeb0a0000, 0x00007f40f9365000, 0x00007f5440600000)
   the space 8620820K,  92% used [0x00007f3eeb0a0000, 0x00007f40d20690b8, 0x00007f40d2069200, 0x00007f40f9365000)
 Metaspace       used 29970K, capacity 30394K, committed 30720K, reserved 30720K
}
Event: 475.370 GC heap before
{Heap before GC invocations=67 (full 6):
 def new generation   total 3879424K, used 3879423K [0x00007f3440600000, 0x00007f3547770000, 0x00007f3eeb0a0000)
  eden space 3448384K, 100% used [0x00007f3440600000, 0x00007f3512d90000, 0x00007f3512d90000)
  from space 431040K,  99% used [0x00007f3512d90000, 0x00007f352d27fff8, 0x00007f352d280000)
  to   space 431040K,   0% used [0x00007f352d280000, 0x00007f352d280000, 0x00007f3547770000)
 tenured generation   total 8620820K, used 7978788K [0x00007f3eeb0a0000, 0x00007f40f9365000, 0x00007f5440600000)
   the space 8620820K,  92% used [0x00007f3eeb0a0000, 0x00007f40d20690b8, 0x00007f40d2069200, 0x00007f40f9365000)
 Metaspace       used 29971K, capacity 30394K, committed 30720K, reserved 30720K
}
Event: 481.255 GC heap after
{Heap after GC invocations=68 (full 6):
 def new generation   total 3879424K, used 431039K [0x00007f3440600000, 0x00007f3547770000, 0x00007f3eeb0a0000)
  eden space 3448384K,   0% used [0x00007f3440600000, 0x00007f3440600000, 0x00007f3512d90000)
  from space 431040K,  99% used [0x00007f352d280000, 0x00007f354776fff0, 0x00007f3547770000)
  to   space 431040K,   0% used [0x00007f3512d90000, 0x00007f3512d90000, 0x00007f352d280000)
 tenured generation   total 9900116K, used 9900075K [0x00007f3eeb0a0000, 0x00007f41474b5000, 0x00007f5440600000)
   the space 9900116K,  99% used [0x00007f3eeb0a0000, 0x00007f41474aac70, 0x00007f41474aae00, 0x00007f41474b5000)
 Metaspace       used 29971K, capacity 30394K, committed 30720K, reserved 30720K
}
Event: 481.256 GC heap before
{Heap before GC invocations=68 (full 6):
 def new generation   total 3879424K, used 431039K [0x00007f3440600000, 0x00007f3547770000, 0x00007f3eeb0a0000)
  eden space 3448384K,   0% used [0x00007f3440600000, 0x00007f3440600000, 0x00007f3512d90000)
  from space 431040K,  99% used [0x00007f352d280000, 0x00007f354776fff0, 0x00007f3547770000)
  to   space 431040K,   0% used [0x00007f3512d90000, 0x00007f3512d90000, 0x00007f352d280000)
 tenured generation   total 9900116K, used 9900075K [0x00007f3eeb0a0000, 0x00007f41474b5000, 0x00007f5440600000)
   the space 9900116K,  99% used [0x00007f3eeb0a0000, 0x00007f41474aac70, 0x00007f41474aae00, 0x00007f41474b5000)
 Metaspace       used 29971K, capacity 30394K, committed 30720K, reserved 30720K
}
Event: 490.169 GC heap after
{Heap after GC invocations=68 (full 7):
 def new generation   total 3879424K, used 0K [0x00007f3440600000, 0x00007f3547770000, 0x00007f3eeb0a0000)
  eden space 3448384K,   0% used [0x00007f3440600000, 0x00007f3440600000, 0x00007f3512d90000)
  from space 431040K,   0% used [0x00007f352d280000, 0x00007f352d280000, 0x00007f3547770000)
  to   space 431040K,   0% used [0x00007f3512d90000, 0x00007f3512d90000, 0x00007f352d280000)
 tenured generation   total 8620820K, used 3404099K [0x00007f3eeb0a0000, 0x00007f40f9365000, 0x00007f5440600000)
   the space 8620820K,  39% used [0x00007f3eeb0a0000, 0x00007f3fbacf0ea8, 0x00007f3fbacf1000, 0x00007f40f9365000)
 Metaspace       used 29971K, capacity 30394K, committed 30720K, reserved 30720K
}
Event: 492.334 GC heap before
{Heap before GC invocations=68 (full 7):
 def new generation   total 3879424K, used 3448384K [0x00007f3440600000, 0x00007f3547770000, 0x00007f3eeb0a0000)
  eden space 3448384K, 100% used [0x00007f3440600000, 0x00007f3512d90000, 0x00007f3512d90000)
  from space 431040K,   0% used [0x00007f352d280000, 0x00007f352d280000, 0x00007f3547770000)
  to   space 431040K,   0% used [0x00007f3512d90000, 0x00007f3512d90000, 0x00007f352d280000)
 tenured generation   total 8620820K, used 3404099K [0x00007f3eeb0a0000, 0x00007f40f9365000, 0x00007f5440600000)
   the space 8620820K,  39% used [0x00007f3eeb0a0000, 0x00007f3fbacf0ea8, 0x00007f3fbacf1000, 0x00007f40f9365000)
 Metaspace       used 30017K, capacity 30458K, committed 30720K, reserved 30720K
}
Event: 494.477 GC heap after
{Heap after GC invocations=69 (full 7):
 def new generation   total 3879424K, used 431040K [0x00007f3440600000, 0x00007f3547770000, 0x00007f3eeb0a0000)
  eden space 3448384K,   0% used [0x00007f3440600000, 0x00007f3440600000, 0x00007f3512d90000)
  from space 431040K, 100% used [0x00007f3512d90000, 0x00007f352d280000, 0x00007f352d280000)
  to   space 431040K,   0% used [0x00007f352d280000, 0x00007f352d280000, 0x00007f3547770000)
 tenured generation   total 8620820K, used 4690782K [0x00007f3eeb0a0000, 0x00007f40f9365000, 0x00007f5440600000)
   the space 8620820K,  54% used [0x00007f3eeb0a0000, 0x00007f4009577b38, 0x00007f4009577c00, 0x00007f40f9365000)
 Metaspace       used 30017K, capacity 30458K, committed 30720K, reserved 30720K
}
Event: 496.054 GC heap before
{Heap before GC invocations=69 (full 7):
 def new generation   total 3879424K, used 3879424K [0x00007f3440600000, 0x00007f3547770000, 0x00007f3eeb0a0000)
  eden space 3448384K, 100% used [0x00007f3440600000, 0x00007f3512d90000, 0x00007f3512d90000)
  from space 431040K, 100% used [0x00007f3512d90000, 0x00007f352d280000, 0x00007f352d280000)
  to   space 431040K,   0% used [0x00007f352d280000, 0x00007f352d280000, 0x00007f3547770000)
 tenured generation   total 8620820K, used 4690782K [0x00007f3eeb0a0000, 0x00007f40f9365000, 0x00007f5440600000)
   the space 8620820K,  54% used [0x00007f3eeb0a0000, 0x00007f4009577b38, 0x00007f4009577c00, 0x00007f40f9365000)
 Metaspace       used 30017K, capacity 30458K, committed 30720K, reserved 30720K
}
Event: 499.428 GC heap after
{Heap after GC invocations=70 (full 7):
 def new generation   total 3879424K, used 431039K [0x00007f3440600000, 0x00007f3547770000, 0x00007f3eeb0a0000)
  eden space 3448384K,   0% used [0x00007f3440600000, 0x00007f3440600000, 0x00007f3512d90000)
  from space 431040K,  99% used [0x00007f352d280000, 0x00007f354776fe98, 0x00007f3547770000)
  to   space 431040K,   0% used [0x00007f3512d90000, 0x00007f3512d90000, 0x00007f352d280000)
 tenured generation   total 8620820K, used 8139106K [0x00007f3eeb0a0000, 0x00007f40f9365000, 0x00007f5440600000)
   the space 8620820K,  94% used [0x00007f3eeb0a0000, 0x00007f40dbcf8948, 0x00007f40dbcf8a00, 0x00007f40f9365000)
 Metaspace       used 30017K, capacity 30458K, committed 30720K, reserved 30720K
}
Event: 501.004 GC heap before
{Heap before GC invocations=70 (full 7):
 def new generation   total 3879424K, used 3879423K [0x00007f3440600000, 0x00007f3547770000, 0x00007f3eeb0a0000)
  eden space 3448384K, 100% used [0x00007f3440600000, 0x00007f3512d90000, 0x00007f3512d90000)
  from space 431040K,  99% used [0x00007f352d280000, 0x00007f354776fe98, 0x00007f3547770000)
  to   space 431040K,   0% used [0x00007f3512d90000, 0x00007f3512d90000, 0x00007f352d280000)
 tenured generation   total 8620820K, used 8139106K [0x00007f3eeb0a0000, 0x00007f40f9365000, 0x00007f5440600000)
   the space 8620820K,  94% used [0x00007f3eeb0a0000, 0x00007f40dbcf8948, 0x00007f40dbcf8a00, 0x00007f40f9365000)
 Metaspace       used 30017K, capacity 30458K, committed 30720K, reserved 30720K
}
Event: 504.837 GC heap after
{Heap after GC invocations=71 (full 7):
 def new generation   total 3879424K, used 431039K [0x00007f3440600000, 0x00007f3547770000, 0x00007f3eeb0a0000)
  eden space 3448384K,   0% used [0x00007f3440600000, 0x00007f3440600000, 0x00007f3512d90000)
  from space 431040K,  99% used [0x00007f3512d90000, 0x00007f352d27fe98, 0x00007f352d280000)
  to   space 431040K,   0% used [0x00007f352d280000, 0x00007f352d280000, 0x00007f3547770000)
 tenured generation   total 11587604K, used 11587434K [0x00007f3eeb0a0000, 0x00007f41ae4a5000, 0x00007f5440600000)
   the space 11587604K,  99% used [0x00007f3eeb0a0000, 0x00007f41ae47ab30, 0x00007f41ae47ac00, 0x00007f41ae4a5000)
 Metaspace       used 30017K, capacity 30458K, committed 30720K, reserved 30720K
}
Event: 504.837 GC heap before
{Heap before GC invocations=71 (full 7):
 def new generation   total 3879424K, used 431039K [0x00007f3440600000, 0x00007f3547770000, 0x00007f3eeb0a0000)
  eden space 3448384K,   0% used [0x00007f3440600000, 0x00007f3440600000, 0x00007f3512d90000)
  from space 431040K,  99% used [0x00007f3512d90000, 0x00007f352d27fe98, 0x00007f352d280000)
  to   space 431040K,   0% used [0x00007f352d280000, 0x00007f352d280000, 0x00007f3547770000)
 tenured generation   total 11587604K, used 11587434K [0x00007f3eeb0a0000, 0x00007f41ae4a5000, 0x00007f5440600000)
   the space 11587604K,  99% used [0x00007f3eeb0a0000, 0x00007f41ae47ab30, 0x00007f41ae47ac00, 0x00007f41ae4a5000)
 Metaspace       used 30017K, capacity 30458K, committed 30720K, reserved 30720K
}

