# JRE version: OpenJDK Runtime Environment (13.0.7+5) (build 13.0.7+5-Ubuntu-0ubuntu120.04)
# Java VM: OpenJDK 64-Bit Server VM (13.0.7+5-Ubuntu-0ubuntu120.04, mixed mode, tiered, serial gc, linux-amd64)
Heap:
 def new generation   total 2250560K, used 250046K [0x00007f9f7c600000, 0x00007fa015000000, 0x00007faa270a0000)
  eden space 2000512K,  12% used [0x00007f9f7c600000, 0x00007f9f8ba2fb48, 0x00007f9ff67a0000)
  from space 250048K,   0% used [0x00007f9ff67a0000, 0x00007f9ff67a0000, 0x00007fa005bd0000)
  to   space 250048K,   0% used [0x00007fa005bd0000, 0x00007fa005bd0000, 0x00007fa015000000)
 tenured generation   total 6022520K, used 6022382K [0x00007faa270a0000, 0x00007fab969fe000, 0x00007fbf7c600000)
   the space 6022520K,  99% used [0x00007faa270a0000, 0x00007fab969db970, 0x00007fab969dba00, 0x00007fab969fe000)
 Metaspace       used 31051K, capacity 31460K, committed 31744K, reserved 32768K
GC Heap History (20 events):
Event: 615.739 GC heap after
{Heap after GC invocations=1458 (full 1):
 def new generation   total 629248K, used 69887K [0x00007f9f7c600000, 0x00007f9fa70c0000, 0x00007faa270a0000)
  eden space 559360K,   0% used [0x00007f9f7c600000, 0x00007f9f7c600000, 0x00007f9f9e840000)
  from space 69888K,  99% used [0x00007f9fa2c80000, 0x00007f9fa70bfff8, 0x00007f9fa70c0000)
  to   space 69888K,   0% used [0x00007f9f9e840000, 0x00007f9f9e840000, 0x00007f9fa2c80000)
 tenured generation   total 1814400K, used 1814376K [0x00007faa270a0000, 0x00007faa95c80000, 0x00007fbf7c600000)
   the space 1814400K,  99% used [0x00007faa270a0000, 0x00007faa95c7a180, 0x00007faa95c7a200, 0x00007faa95c80000)
 Metaspace       used 30588K, capacity 31076K, committed 31232K, reserved 32768K
}
Event: 615.739 GC heap before
{Heap before GC invocations=1458 (full 1):
 def new generation   total 629248K, used 69887K [0x00007f9f7c600000, 0x00007f9fa70c0000, 0x00007faa270a0000)
  eden space 559360K,   0% used [0x00007f9f7c600000, 0x00007f9f7c600000, 0x00007f9f9e840000)
  from space 69888K,  99% used [0x00007f9fa2c80000, 0x00007f9fa70bfff8, 0x00007f9fa70c0000)
  to   space 69888K,   0% used [0x00007f9f9e840000, 0x00007f9f9e840000, 0x00007f9fa2c80000)
 tenured generation   total 1814400K, used 1814376K [0x00007faa270a0000, 0x00007faa95c80000, 0x00007fbf7c600000)
   the space 1814400K,  99% used [0x00007faa270a0000, 0x00007faa95c7a180, 0x00007faa95c7a200, 0x00007faa95c80000)
 Metaspace       used 30588K, capacity 31076K, committed 31232K, reserved 32768K
}
Event: 617.627 GC heap after
{Heap after GC invocations=1458 (full 2):
 def new generation   total 664000K, used 0K [0x00007f9f7c600000, 0x00007f9fa9670000, 0x00007faa270a0000)
  eden space 590272K,   0% used [0x00007f9f7c600000, 0x00007f9f7c600000, 0x00007f9fa0670000)
  from space 73728K,   0% used [0x00007f9fa0670000, 0x00007f9fa0670000, 0x00007f9fa4e70000)
  to   space 73728K,   0% used [0x00007f9fa4e70000, 0x00007f9fa4e70000, 0x00007f9fa9670000)
 tenured generation   total 1475420K, used 885252K [0x00007faa270a0000, 0x00007faa81177000, 0x00007fbf7c600000)
   the space 1475420K,  60% used [0x00007faa270a0000, 0x00007faa5d121000, 0x00007faa5d121000, 0x00007faa81177000)
 Metaspace       used 30588K, capacity 31076K, committed 31232K, reserved 32768K
}
Event: 618.362 GC heap before
{Heap before GC invocations=1458 (full 2):
 def new generation   total 664000K, used 590272K [0x00007f9f7c600000, 0x00007f9fa9670000, 0x00007faa270a0000)
  eden space 590272K, 100% used [0x00007f9f7c600000, 0x00007f9fa0670000, 0x00007f9fa0670000)
  from space 73728K,   0% used [0x00007f9fa0670000, 0x00007f9fa0670000, 0x00007f9fa4e70000)
  to   space 73728K,   0% used [0x00007f9fa4e70000, 0x00007f9fa4e70000, 0x00007f9fa9670000)
 tenured generation   total 1475420K, used 885252K [0x00007faa270a0000, 0x00007faa81177000, 0x00007fbf7c600000)
   the space 1475420K,  60% used [0x00007faa270a0000, 0x00007faa5d121000, 0x00007faa5d121000, 0x00007faa81177000)
 Metaspace       used 31040K, capacity 31460K, committed 31744K, reserved 32768K
}
Event: 619.110 GC heap after
{Heap after GC invocations=1459 (full 2):
 def new generation   total 664000K, used 73727K [0x00007f9f7c600000, 0x00007f9fa9670000, 0x00007faa270a0000)
  eden space 590272K,   0% used [0x00007f9f7c600000, 0x00007f9f7c600000, 0x00007f9fa0670000)
  from space 73728K,  99% used [0x00007f9fa4e70000, 0x00007f9fa966fff8, 0x00007f9fa9670000)
  to   space 73728K,   0% used [0x00007f9fa0670000, 0x00007f9fa0670000, 0x00007f9fa4e70000)
 tenured generation   total 1475420K, used 1386411K [0x00007faa270a0000, 0x00007faa81177000, 0x00007fbf7c600000)
   the space 1475420K,  93% used [0x00007faa270a0000, 0x00007faa7ba8ac48, 0x00007faa7ba8ae00, 0x00007faa81177000)
 Metaspace       used 31040K, capacity 31460K, committed 31744K, reserved 32768K
}
Event: 619.960 GC heap before
{Heap before GC invocations=1459 (full 2):
 def new generation   total 664000K, used 663999K [0x00007f9f7c600000, 0x00007f9fa9670000, 0x00007faa270a0000)
  eden space 590272K, 100% used [0x00007f9f7c600000, 0x00007f9fa0670000, 0x00007f9fa0670000)
  from space 73728K,  99% used [0x00007f9fa4e70000, 0x00007f9fa966fff8, 0x00007f9fa9670000)
  to   space 73728K,   0% used [0x00007f9fa0670000, 0x00007f9fa0670000, 0x00007f9fa4e70000)
 tenured generation   total 1475420K, used 1386411K [0x00007faa270a0000, 0x00007faa81177000, 0x00007fbf7c600000)
   the space 1475420K,  93% used [0x00007faa270a0000, 0x00007faa7ba8ac48, 0x00007faa7ba8ae00, 0x00007faa81177000)
 Metaspace       used 31047K, capacity 31460K, committed 31744K, reserved 32768K
}
Event: 620.524 GC heap after
{Heap after GC invocations=1460 (full 2):
 def new generation   total 664000K, used 73727K [0x00007f9f7c600000, 0x00007f9fa9670000, 0x00007faa270a0000)
  eden space 590272K,   0% used [0x00007f9f7c600000, 0x00007f9f7c600000, 0x00007f9fa0670000)
  from space 73728K,  99% used [0x00007f9fa0670000, 0x00007f9fa4e6ffb0, 0x00007f9fa4e70000)
  to   space 73728K,   0% used [0x00007f9fa4e70000, 0x00007f9fa4e70000, 0x00007f9fa9670000)
 tenured generation   total 1762076K, used 1762005K [0x00007faa270a0000, 0x00007faa92967000, 0x00007fbf7c600000)
   the space 1762076K,  99% used [0x00007faa270a0000, 0x00007faa92955420, 0x00007faa92955600, 0x00007faa92967000)
 Metaspace       used 31047K, capacity 31460K, committed 31744K, reserved 32768K
}
Event: 620.524 GC heap before
{Heap before GC invocations=1460 (full 2):
 def new generation   total 664000K, used 73727K [0x00007f9f7c600000, 0x00007f9fa9670000, 0x00007faa270a0000)
  eden space 590272K,   0% used [0x00007f9f7c600000, 0x00007f9f7c600000, 0x00007f9fa0670000)
  from space 73728K,  99% used [0x00007f9fa0670000, 0x00007f9fa4e6ffb0, 0x00007f9fa4e70000)
  to   space 73728K,   0% used [0x00007f9fa4e70000, 0x00007f9fa4e70000, 0x00007f9fa9670000)
 tenured generation   total 1762076K, used 1762005K [0x00007faa270a0000, 0x00007faa92967000, 0x00007fbf7c600000)
   the space 1762076K,  99% used [0x00007faa270a0000, 0x00007faa92955420, 0x00007faa92955600, 0x00007faa92967000)
 Metaspace       used 31047K, capacity 31460K, committed 31744K, reserved 32768K
}
Event: 622.170 GC heap after
{Heap after GC invocations=1460 (full 3):
 def new generation   total 1159616K, used 0K [0x00007f9f7c600000, 0x00007f9fcb040000, 0x00007faa270a0000)
  eden space 1030784K,   0% used [0x00007f9f7c600000, 0x00007f9f7c600000, 0x00007f9fbb4a0000)
  from space 128832K,   0% used [0x00007f9fbb4a0000, 0x00007f9fbb4a0000, 0x00007f9fc3270000)
  to   space 128832K,   0% used [0x00007f9fc3270000, 0x00007f9fc3270000, 0x00007f9fcb040000)
 tenured generation   total 2576848K, used 1546107K [0x00007faa270a0000, 0x00007faac4514000, 0x00007fbf7c600000)
   the space 2576848K,  59% used [0x00007faa270a0000, 0x00007faa8567efc8, 0x00007faa8567f000, 0x00007faac4514000)
 Metaspace       used 31047K, capacity 31460K, committed 31744K, reserved 32768K
}
Event: 623.638 GC heap before
{Heap before GC invocations=1460 (full 3):
 def new generation   total 1159616K, used 1030784K [0x00007f9f7c600000, 0x00007f9fcb040000, 0x00007faa270a0000)
  eden space 1030784K, 100% used [0x00007f9f7c600000, 0x00007f9fbb4a0000, 0x00007f9fbb4a0000)
  from space 128832K,   0% used [0x00007f9fbb4a0000, 0x00007f9fbb4a0000, 0x00007f9fc3270000)
  to   space 128832K,   0% used [0x00007f9fc3270000, 0x00007f9fc3270000, 0x00007f9fcb040000)
 tenured generation   total 2576848K, used 1546107K [0x00007faa270a0000, 0x00007faac4514000, 0x00007fbf7c600000)
   the space 2576848K,  59% used [0x00007faa270a0000, 0x00007faa8567efc8, 0x00007faa8567f000, 0x00007faac4514000)
 Metaspace       used 31051K, capacity 31460K, committed 31744K, reserved 32768K
}
Event: 624.490 GC heap after
{Heap after GC invocations=1461 (full 3):
 def new generation   total 1159616K, used 128830K [0x00007f9f7c600000, 0x00007f9fcb040000, 0x00007faa270a0000)
  eden space 1030784K,   0% used [0x00007f9f7c600000, 0x00007f9f7c600000, 0x00007f9fbb4a0000)
  from space 128832K,  99% used [0x00007f9fc3270000, 0x00007f9fcb03f948, 0x00007f9fcb040000)
  to   space 128832K,   0% used [0x00007f9fbb4a0000, 0x00007f9fbb4a0000, 0x00007f9fc3270000)
 tenured generation   total 2576848K, used 2298062K [0x00007faa270a0000, 0x00007faac4514000, 0x00007fbf7c600000)
   the space 2576848K,  89% used [0x00007faa270a0000, 0x00007faab34d3ab8, 0x00007faab34d3c00, 0x00007faac4514000)
 Metaspace       used 31051K, capacity 31460K, committed 31744K, reserved 32768K
}
Event: 625.901 GC heap before
{Heap before GC invocations=1461 (full 3):
 def new generation   total 1159616K, used 1159614K [0x00007f9f7c600000, 0x00007f9fcb040000, 0x00007faa270a0000)
  eden space 1030784K, 100% used [0x00007f9f7c600000, 0x00007f9fbb4a0000, 0x00007f9fbb4a0000)
  from space 128832K,  99% used [0x00007f9fc3270000, 0x00007f9fcb03f948, 0x00007f9fcb040000)
  to   space 128832K,   0% used [0x00007f9fbb4a0000, 0x00007f9fbb4a0000, 0x00007f9fc3270000)
 tenured generation   total 2576848K, used 2298062K [0x00007faa270a0000, 0x00007faac4514000, 0x00007fbf7c600000)
   the space 2576848K,  89% used [0x00007faa270a0000, 0x00007faab34d3ab8, 0x00007faab34d3c00, 0x00007faac4514000)
 Metaspace       used 31051K, capacity 31460K, committed 31744K, reserved 32768K
}
Event: 627.026 GC heap after
{Heap after GC invocations=1462 (full 3):
 def new generation   total 1159616K, used 128831K [0x00007f9f7c600000, 0x00007f9fcb040000, 0x00007faa270a0000)
  eden space 1030784K,   0% used [0x00007f9f7c600000, 0x00007f9f7c600000, 0x00007f9fbb4a0000)
  from space 128832K,  99% used [0x00007f9fbb4a0000, 0x00007f9fc326fd98, 0x00007f9fc3270000)
  to   space 128832K,   0% used [0x00007f9fc3270000, 0x00007f9fc3270000, 0x00007f9fcb040000)
 tenured generation   total 3178960K, used 3178840K [0x00007faa270a0000, 0x00007faae9114000, 0x00007fbf7c600000)
   the space 3178960K,  99% used [0x00007faa270a0000, 0x00007faae90f6030, 0x00007faae90f6200, 0x00007faae9114000)
 Metaspace       used 31051K, capacity 31460K, committed 31744K, reserved 32768K
}
Event: 627.026 GC heap before
{Heap before GC invocations=1462 (full 3):
 def new generation   total 1159616K, used 128831K [0x00007f9f7c600000, 0x00007f9fcb040000, 0x00007faa270a0000)
  eden space 1030784K,   0% used [0x00007f9f7c600000, 0x00007f9f7c600000, 0x00007f9fbb4a0000)
  from space 128832K,  99% used [0x00007f9fbb4a0000, 0x00007f9fc326fd98, 0x00007f9fc3270000)
  to   space 128832K,   0% used [0x00007f9fc3270000, 0x00007f9fc3270000, 0x00007f9fcb040000)
 tenured generation   total 3178960K, used 3178840K [0x00007faa270a0000, 0x00007faae9114000, 0x00007fbf7c600000)
   the space 3178960K,  99% used [0x00007faa270a0000, 0x00007faae90f6030, 0x00007faae90f6200, 0x00007faae9114000)
 Metaspace       used 31051K, capacity 31460K, committed 31744K, reserved 32768K
}
Event: 630.046 GC heap after
{Heap after GC invocations=1462 (full 4):
 def new generation   total 2250560K, used 0K [0x00007f9f7c600000, 0x00007fa015000000, 0x00007faa270a0000)
  eden space 2000512K,   0% used [0x00007f9f7c600000, 0x00007f9f7c600000, 0x00007f9ff67a0000)
  from space 250048K,   0% used [0x00007f9ff67a0000, 0x00007f9ff67a0000, 0x00007fa005bd0000)
  to   space 250048K,   0% used [0x00007fa005bd0000, 0x00007fa005bd0000, 0x00007fa015000000)
 tenured generation   total 5001080K, used 3000646K [0x00007faa270a0000, 0x00007fab5847e000, 0x00007fbf7c600000)
   the space 5001080K,  59% used [0x00007faa270a0000, 0x00007faade2f1bc8, 0x00007faade2f1c00, 0x00007fab5847e000)
 Metaspace       used 31051K, capacity 31460K, committed 31744K, reserved 32768K
}
Event: 633.993 GC heap before
{Heap before GC invocations=1462 (full 4):
 def new generation   total 2250560K, used 2000512K [0x00007f9f7c600000, 0x00007fa015000000, 0x00007faa270a0000)
  eden space 2000512K, 100% used [0x00007f9f7c600000, 0x00007f9ff67a0000, 0x00007f9ff67a0000)
  from space 250048K,   0% used [0x00007f9ff67a0000, 0x00007f9ff67a0000, 0x00007fa005bd0000)
  to   space 250048K,   0% used [0x00007fa005bd0000, 0x00007fa005bd0000, 0x00007fa015000000)
 tenured generation   total 5001080K, used 3000646K [0x00007faa270a0000, 0x00007fab5847e000, 0x00007fbf7c600000)
   the space 5001080K,  59% used [0x00007faa270a0000, 0x00007faade2f1bc8, 0x00007faade2f1c00, 0x00007fab5847e000)
 Metaspace       used 31051K, capacity 31460K, committed 31744K, reserved 32768K
}
Event: 635.645 GC heap after
{Heap after GC invocations=1463 (full 4):
 def new generation   total 2250560K, used 250047K [0x00007f9f7c600000, 0x00007fa015000000, 0x00007faa270a0000)
  eden space 2000512K,   0% used [0x00007f9f7c600000, 0x00007f9f7c600000, 0x00007f9ff67a0000)
  from space 250048K,  99% used [0x00007fa005bd0000, 0x00007fa014fffff0, 0x00007fa015000000)
  to   space 250048K,   0% used [0x00007f9ff67a0000, 0x00007f9ff67a0000, 0x00007fa005bd0000)
 tenured generation   total 5001080K, used 4321767K [0x00007faa270a0000, 0x00007fab5847e000, 0x00007fbf7c600000)
   the space 5001080K,  86% used [0x00007faa270a0000, 0x00007fab2ed19cc8, 0x00007fab2ed19e00, 0x00007fab5847e000)
 Metaspace       used 31051K, capacity 31460K, committed 31744K, reserved 32768K
}
Event: 638.536 GC heap before
{Heap before GC invocations=1463 (full 4):
 def new generation   total 2250560K, used 2250559K [0x00007f9f7c600000, 0x00007fa015000000, 0x00007faa270a0000)
  eden space 2000512K, 100% used [0x00007f9f7c600000, 0x00007f9ff67a0000, 0x00007f9ff67a0000)
  from space 250048K,  99% used [0x00007fa005bd0000, 0x00007fa014fffff0, 0x00007fa015000000)
  to   space 250048K,   0% used [0x00007f9ff67a0000, 0x00007f9ff67a0000, 0x00007fa005bd0000)
 tenured generation   total 5001080K, used 4321767K [0x00007faa270a0000, 0x00007fab5847e000, 0x00007fbf7c600000)
   the space 5001080K,  86% used [0x00007faa270a0000, 0x00007fab2ed19cc8, 0x00007fab2ed19e00, 0x00007fab5847e000)
 Metaspace       used 31051K, capacity 31460K, committed 31744K, reserved 32768K
}
Event: 640.756 GC heap after
{Heap after GC invocations=1464 (full 4):
 def new generation   total 2250560K, used 250046K [0x00007f9f7c600000, 0x00007fa015000000, 0x00007faa270a0000)
  eden space 2000512K,   0% used [0x00007f9f7c600000, 0x00007f9f7c600000, 0x00007f9ff67a0000)
  from space 250048K,  99% used [0x00007f9ff67a0000, 0x00007fa005bcfb48, 0x00007fa005bd0000)
  to   space 250048K,   0% used [0x00007fa005bd0000, 0x00007fa005bd0000, 0x00007fa015000000)
 tenured generation   total 6022520K, used 6022382K [0x00007faa270a0000, 0x00007fab969fe000, 0x00007fbf7c600000)
   the space 6022520K,  99% used [0x00007faa270a0000, 0x00007fab969db970, 0x00007fab969dba00, 0x00007fab969fe000)
 Metaspace       used 31051K, capacity 31460K, committed 31744K, reserved 32768K
}
Event: 640.756 GC heap before
{Heap before GC invocations=1464 (full 4):
 def new generation   total 2250560K, used 250046K [0x00007f9f7c600000, 0x00007fa015000000, 0x00007faa270a0000)
  eden space 2000512K,   0% used [0x00007f9f7c600000, 0x00007f9f7c600000, 0x00007f9ff67a0000)
  from space 250048K,  99% used [0x00007f9ff67a0000, 0x00007fa005bcfb48, 0x00007fa005bd0000)
  to   space 250048K,   0% used [0x00007fa005bd0000, 0x00007fa005bd0000, 0x00007fa015000000)
 tenured generation   total 6022520K, used 6022382K [0x00007faa270a0000, 0x00007fab969fe000, 0x00007fbf7c600000)
   the space 6022520K,  99% used [0x00007faa270a0000, 0x00007fab969db970, 0x00007fab969dba00, 0x00007fab969fe000)
 Metaspace       used 31051K, capacity 31460K, committed 31744K, reserved 32768K
}

