# JRE version: OpenJDK Runtime Environment (13.0.7+5) (build 13.0.7+5-Ubuntu-0ubuntu120.04)
# Java VM: OpenJDK 64-Bit Server VM (13.0.7+5-Ubuntu-0ubuntu120.04, mixed mode, tiered, serial gc, linux-amd64)
Heap:
 def new generation   total 3559808K, used 0K [0x00007f9f6c600000, 0x00007fa05dca0000, 0x00007faa170a0000)
  eden space 3164288K,   0% used [0x00007f9f6c600000, 0x00007f9f6c600000, 0x00007fa02d820000)
  from space 395520K,   0% used [0x00007fa045a60000, 0x00007fa045a60000, 0x00007fa05dca0000)
  to   space 395520K,   0% used [0x00007fa02d820000, 0x00007fa02d820000, 0x00007fa045a60000)
 tenured generation   total 7939444K, used 6842500K [0x00007faa170a0000, 0x00007fabfb9fd000, 0x00007fbf6c600000)
   the space 7939444K,  86% used [0x00007faa170a0000, 0x00007fabb8ac1220, 0x00007fabb8ac1400, 0x00007fabfb9fd000)
 Metaspace       used 29899K, capacity 30328K, committed 30464K, reserved 30720K
GC Heap History (20 events):
Event: 450.053 GC heap after
{Heap after GC invocations=49 (full 5):
 def new generation   total 3559808K, used 0K [0x00007f9f6c600000, 0x00007fa05dca0000, 0x00007faa170a0000)
  eden space 3164288K,   0% used [0x00007f9f6c600000, 0x00007f9f6c600000, 0x00007fa02d820000)
  from space 395520K,   0% used [0x00007fa02d820000, 0x00007fa02d820000, 0x00007fa045a60000)
  to   space 395520K,   0% used [0x00007fa045a60000, 0x00007fa045a60000, 0x00007fa05dca0000)
 tenured generation   total 7910644K, used 4746384K [0x00007faa170a0000, 0x00007fabf9ddd000, 0x00007fbf6c600000)
   the space 7910644K,  59% used [0x00007faa170a0000, 0x00007fab38bc40a0, 0x00007fab38bc4200, 0x00007fabf9ddd000)
 Metaspace       used 29899K, capacity 30328K, committed 30464K, reserved 30720K
}
Event: 507.065 GC heap before
{Heap before GC invocations=49 (full 5):
 def new generation   total 3559808K, used 3164288K [0x00007f9f6c600000, 0x00007fa05dca0000, 0x00007faa170a0000)
  eden space 3164288K, 100% used [0x00007f9f6c600000, 0x00007fa02d820000, 0x00007fa02d820000)
  from space 395520K,   0% used [0x00007fa02d820000, 0x00007fa02d820000, 0x00007fa045a60000)
  to   space 395520K,   0% used [0x00007fa045a60000, 0x00007fa045a60000, 0x00007fa05dca0000)
 tenured generation   total 7910644K, used 4746384K [0x00007faa170a0000, 0x00007fabf9ddd000, 0x00007fbf6c600000)
   the space 7910644K,  59% used [0x00007faa170a0000, 0x00007fab38bc40a0, 0x00007fab38bc4200, 0x00007fabf9ddd000)
 Metaspace       used 29899K, capacity 30328K, committed 30464K, reserved 30720K
}
Event: 509.296 GC heap after
{Heap after GC invocations=50 (full 5):
 def new generation   total 3559808K, used 395520K [0x00007f9f6c600000, 0x00007fa05dca0000, 0x00007faa170a0000)
  eden space 3164288K,   0% used [0x00007f9f6c600000, 0x00007f9f6c600000, 0x00007fa02d820000)
  from space 395520K, 100% used [0x00007fa045a60000, 0x00007fa05dca0000, 0x00007fa05dca0000)
  to   space 395520K,   0% used [0x00007fa02d820000, 0x00007fa02d820000, 0x00007fa045a60000)
 tenured generation   total 7910644K, used 4901421K [0x00007faa170a0000, 0x00007fabf9ddd000, 0x00007fbf6c600000)
   the space 7910644K,  61% used [0x00007faa170a0000, 0x00007fab4232b680, 0x00007fab4232b800, 0x00007fabf9ddd000)
 Metaspace       used 29899K, capacity 30328K, committed 30464K, reserved 30720K
}
Event: 511.429 GC heap before
{Heap before GC invocations=50 (full 5):
 def new generation   total 3559808K, used 3559808K [0x00007f9f6c600000, 0x00007fa05dca0000, 0x00007faa170a0000)
  eden space 3164288K, 100% used [0x00007f9f6c600000, 0x00007fa02d820000, 0x00007fa02d820000)
  from space 395520K, 100% used [0x00007fa045a60000, 0x00007fa05dca0000, 0x00007fa05dca0000)
  to   space 395520K,   0% used [0x00007fa02d820000, 0x00007fa02d820000, 0x00007fa045a60000)
 tenured generation   total 7910644K, used 4901421K [0x00007faa170a0000, 0x00007fabf9ddd000, 0x00007fbf6c600000)
   the space 7910644K,  61% used [0x00007faa170a0000, 0x00007fab4232b680, 0x00007fab4232b800, 0x00007fabf9ddd000)
 Metaspace       used 29899K, capacity 30328K, committed 30464K, reserved 30720K
}
Event: 513.516 GC heap after
{Heap after GC invocations=51 (full 5):
 def new generation   total 3559808K, used 379097K [0x00007f9f6c600000, 0x00007fa05dca0000, 0x00007faa170a0000)
  eden space 3164288K,   0% used [0x00007f9f6c600000, 0x00007f9f6c600000, 0x00007fa02d820000)
  from space 395520K,  95% used [0x00007fa02d820000, 0x00007fa044a566d0, 0x00007fa045a60000)
  to   space 395520K,   0% used [0x00007fa045a60000, 0x00007fa045a60000, 0x00007fa05dca0000)
 tenured generation   total 7910644K, used 5296941K [0x00007faa170a0000, 0x00007fabf9ddd000, 0x00007fbf6c600000)
   the space 7910644K,  66% used [0x00007faa170a0000, 0x00007fab5a56b610, 0x00007fab5a56b800, 0x00007fabf9ddd000)
 Metaspace       used 29899K, capacity 30328K, committed 30464K, reserved 30720K
}
Event: 515.781 GC heap before
{Heap before GC invocations=51 (full 5):
 def new generation   total 3559808K, used 3543385K [0x00007f9f6c600000, 0x00007fa05dca0000, 0x00007faa170a0000)
  eden space 3164288K, 100% used [0x00007f9f6c600000, 0x00007fa02d820000, 0x00007fa02d820000)
  from space 395520K,  95% used [0x00007fa02d820000, 0x00007fa044a566d0, 0x00007fa045a60000)
  to   space 395520K,   0% used [0x00007fa045a60000, 0x00007fa045a60000, 0x00007fa05dca0000)
 tenured generation   total 7910644K, used 5296941K [0x00007faa170a0000, 0x00007fabf9ddd000, 0x00007fbf6c600000)
   the space 7910644K,  66% used [0x00007faa170a0000, 0x00007fab5a56b610, 0x00007fab5a56b800, 0x00007fabf9ddd000)
 Metaspace       used 29899K, capacity 30328K, committed 30464K, reserved 30720K
}
Event: 517.917 GC heap after
{Heap after GC invocations=52 (full 5):
 def new generation   total 3559808K, used 392486K [0x00007f9f6c600000, 0x00007fa05dca0000, 0x00007faa170a0000)
  eden space 3164288K,   0% used [0x00007f9f6c600000, 0x00007f9f6c600000, 0x00007fa02d820000)
  from space 395520K,  99% used [0x00007fa045a60000, 0x00007fa05d9a9a90, 0x00007fa05dca0000)
  to   space 395520K,   0% used [0x00007fa02d820000, 0x00007fa02d820000, 0x00007fa045a60000)
 tenured generation   total 7910644K, used 5676038K [0x00007faa170a0000, 0x00007fabf9ddd000, 0x00007fbf6c600000)
   the space 7910644K,  71% used [0x00007faa170a0000, 0x00007fab717a1aa0, 0x00007fab717a1c00, 0x00007fabf9ddd000)
 Metaspace       used 29899K, capacity 30328K, committed 30464K, reserved 30720K
}
Event: 520.212 GC heap before
{Heap before GC invocations=52 (full 5):
 def new generation   total 3559808K, used 3556774K [0x00007f9f6c600000, 0x00007fa05dca0000, 0x00007faa170a0000)
  eden space 3164288K, 100% used [0x00007f9f6c600000, 0x00007fa02d820000, 0x00007fa02d820000)
  from space 395520K,  99% used [0x00007fa045a60000, 0x00007fa05d9a9a90, 0x00007fa05dca0000)
  to   space 395520K,   0% used [0x00007fa02d820000, 0x00007fa02d820000, 0x00007fa045a60000)
 tenured generation   total 7910644K, used 5676038K [0x00007faa170a0000, 0x00007fabf9ddd000, 0x00007fbf6c600000)
   the space 7910644K,  71% used [0x00007faa170a0000, 0x00007fab717a1aa0, 0x00007fab717a1c00, 0x00007fabf9ddd000)
 Metaspace       used 29899K, capacity 30328K, committed 30464K, reserved 30720K
}
Event: 522.400 GC heap after
{Heap after GC invocations=53 (full 5):
 def new generation   total 3559808K, used 371129K [0x00007f9f6c600000, 0x00007fa05dca0000, 0x00007faa170a0000)
  eden space 3164288K,   0% used [0x00007f9f6c600000, 0x00007f9f6c600000, 0x00007fa02d820000)
  from space 395520K,  93% used [0x00007fa02d820000, 0x00007fa04428e6a0, 0x00007fa045a60000)
  to   space 395520K,   0% used [0x00007fa045a60000, 0x00007fa045a60000, 0x00007fa05dca0000)
 tenured generation   total 7910644K, used 6068524K [0x00007faa170a0000, 0x00007fabf9ddd000, 0x00007fbf6c600000)
   the space 7910644K,  76% used [0x00007faa170a0000, 0x00007fab896eb2e0, 0x00007fab896eb400, 0x00007fabf9ddd000)
 Metaspace       used 29899K, capacity 30328K, committed 30464K, reserved 30720K
}
Event: 524.642 GC heap before
{Heap before GC invocations=53 (full 5):
 def new generation   total 3559808K, used 3535417K [0x00007f9f6c600000, 0x00007fa05dca0000, 0x00007faa170a0000)
  eden space 3164288K, 100% used [0x00007f9f6c600000, 0x00007fa02d820000, 0x00007fa02d820000)
  from space 395520K,  93% used [0x00007fa02d820000, 0x00007fa04428e6a0, 0x00007fa045a60000)
  to   space 395520K,   0% used [0x00007fa045a60000, 0x00007fa045a60000, 0x00007fa05dca0000)
 tenured generation   total 7910644K, used 6068524K [0x00007faa170a0000, 0x00007fabf9ddd000, 0x00007fbf6c600000)
   the space 7910644K,  76% used [0x00007faa170a0000, 0x00007fab896eb2e0, 0x00007fab896eb400, 0x00007fabf9ddd000)
 Metaspace       used 29899K, capacity 30328K, committed 30464K, reserved 30720K
}
Event: 526.826 GC heap after
{Heap after GC invocations=54 (full 5):
 def new generation   total 3559808K, used 383045K [0x00007f9f6c600000, 0x00007fa05dca0000, 0x00007faa170a0000)
  eden space 3164288K,   0% used [0x00007f9f6c600000, 0x00007f9f6c600000, 0x00007fa02d820000)
  from space 395520K,  96% used [0x00007fa045a60000, 0x00007fa05d0714a0, 0x00007fa05dca0000)
  to   space 395520K,   0% used [0x00007fa02d820000, 0x00007fa02d820000, 0x00007fa045a60000)
 tenured generation   total 7910644K, used 6439653K [0x00007faa170a0000, 0x00007fabf9ddd000, 0x00007fbf6c600000)
   the space 7910644K,  81% used [0x00007faa170a0000, 0x00007faba0159790, 0x00007faba0159800, 0x00007fabf9ddd000)
 Metaspace       used 29899K, capacity 30328K, committed 30464K, reserved 30720K
}
Event: 529.064 GC heap before
{Heap before GC invocations=54 (full 5):
 def new generation   total 3559808K, used 3547333K [0x00007f9f6c600000, 0x00007fa05dca0000, 0x00007faa170a0000)
  eden space 3164288K, 100% used [0x00007f9f6c600000, 0x00007fa02d820000, 0x00007fa02d820000)
  from space 395520K,  96% used [0x00007fa045a60000, 0x00007fa05d0714a0, 0x00007fa05dca0000)
  to   space 395520K,   0% used [0x00007fa02d820000, 0x00007fa02d820000, 0x00007fa045a60000)
 tenured generation   total 7910644K, used 6439653K [0x00007faa170a0000, 0x00007fabf9ddd000, 0x00007fbf6c600000)
   the space 7910644K,  81% used [0x00007faa170a0000, 0x00007faba0159790, 0x00007faba0159800, 0x00007fabf9ddd000)
 Metaspace       used 29899K, capacity 30328K, committed 30464K, reserved 30720K
}
Event: 531.223 GC heap after
{Heap after GC invocations=55 (full 5):
 def new generation   total 3559808K, used 368997K [0x00007f9f6c600000, 0x00007fa05dca0000, 0x00007faa170a0000)
  eden space 3164288K,   0% used [0x00007f9f6c600000, 0x00007f9f6c600000, 0x00007fa02d820000)
  from space 395520K,  93% used [0x00007fa02d820000, 0x00007fa044079778, 0x00007fa045a60000)
  to   space 395520K,   0% used [0x00007fa045a60000, 0x00007fa045a60000, 0x00007fa05dca0000)
 tenured generation   total 7910644K, used 6822698K [0x00007faa170a0000, 0x00007fabf9ddd000, 0x00007fbf6c600000)
   the space 7910644K,  86% used [0x00007faa170a0000, 0x00007fabb776a9f0, 0x00007fabb776aa00, 0x00007fabf9ddd000)
 Metaspace       used 29899K, capacity 30328K, committed 30464K, reserved 30720K
}
Event: 533.571 GC heap before
{Heap before GC invocations=55 (full 5):
 def new generation   total 3559808K, used 3533285K [0x00007f9f6c600000, 0x00007fa05dca0000, 0x00007faa170a0000)
  eden space 3164288K, 100% used [0x00007f9f6c600000, 0x00007fa02d820000, 0x00007fa02d820000)
  from space 395520K,  93% used [0x00007fa02d820000, 0x00007fa044079778, 0x00007fa045a60000)
  to   space 395520K,   0% used [0x00007fa045a60000, 0x00007fa045a60000, 0x00007fa05dca0000)
 tenured generation   total 7910644K, used 6822698K [0x00007faa170a0000, 0x00007fabf9ddd000, 0x00007fbf6c600000)
   the space 7910644K,  86% used [0x00007faa170a0000, 0x00007fabb776a9f0, 0x00007fabb776aa00, 0x00007fabf9ddd000)
 Metaspace       used 29899K, capacity 30328K, committed 30464K, reserved 30720K
}
Event: 535.681 GC heap after
{Heap after GC invocations=56 (full 5):
 def new generation   total 3559808K, used 368901K [0x00007f9f6c600000, 0x00007fa05dca0000, 0x00007faa170a0000)
  eden space 3164288K,   0% used [0x00007f9f6c600000, 0x00007f9f6c600000, 0x00007fa02d820000)
  from space 395520K,  93% used [0x00007fa045a60000, 0x00007fa05c2a16f0, 0x00007fa05dca0000)
  to   space 395520K,   0% used [0x00007fa02d820000, 0x00007fa02d820000, 0x00007fa045a60000)
 tenured generation   total 7910644K, used 7191696K [0x00007faa170a0000, 0x00007fabf9ddd000, 0x00007fbf6c600000)
   the space 7910644K,  90% used [0x00007faa170a0000, 0x00007fabcdfc4068, 0x00007fabcdfc4200, 0x00007fabf9ddd000)
 Metaspace       used 29899K, capacity 30328K, committed 30464K, reserved 30720K
}
Event: 538.006 GC heap before
{Heap before GC invocations=56 (full 5):
 def new generation   total 3559808K, used 3533189K [0x00007f9f6c600000, 0x00007fa05dca0000, 0x00007faa170a0000)
  eden space 3164288K, 100% used [0x00007f9f6c600000, 0x00007fa02d820000, 0x00007fa02d820000)
  from space 395520K,  93% used [0x00007fa045a60000, 0x00007fa05c2a16f0, 0x00007fa05dca0000)
  to   space 395520K,   0% used [0x00007fa02d820000, 0x00007fa02d820000, 0x00007fa045a60000)
 tenured generation   total 7910644K, used 7191696K [0x00007faa170a0000, 0x00007fabf9ddd000, 0x00007fbf6c600000)
   the space 7910644K,  90% used [0x00007faa170a0000, 0x00007fabcdfc4068, 0x00007fabcdfc4200, 0x00007fabf9ddd000)
 Metaspace       used 29899K, capacity 30328K, committed 30464K, reserved 30720K
}
Event: 540.148 GC heap after
{Heap after GC invocations=57 (full 5):
 def new generation   total 3559808K, used 378761K [0x00007f9f6c600000, 0x00007fa05dca0000, 0x00007faa170a0000)
  eden space 3164288K,   0% used [0x00007f9f6c600000, 0x00007f9f6c600000, 0x00007fa02d820000)
  from space 395520K,  95% used [0x00007fa02d820000, 0x00007fa044a026d0, 0x00007fa045a60000)
  to   space 395520K,   0% used [0x00007fa045a60000, 0x00007fa045a60000, 0x00007fa05dca0000)
 tenured generation   total 7910644K, used 7560597K [0x00007faa170a0000, 0x00007fabf9ddd000, 0x00007fbf6c600000)
   the space 7910644K,  95% used [0x00007faa170a0000, 0x00007fabe4805618, 0x00007fabe4805800, 0x00007fabf9ddd000)
 Metaspace       used 29899K, capacity 30328K, committed 30464K, reserved 30720K
}
Event: 542.366 GC heap before
{Heap before GC invocations=57 (full 5):
 def new generation   total 3559808K, used 3543049K [0x00007f9f6c600000, 0x00007fa05dca0000, 0x00007faa170a0000)
  eden space 3164288K, 100% used [0x00007f9f6c600000, 0x00007fa02d820000, 0x00007fa02d820000)
  from space 395520K,  95% used [0x00007fa02d820000, 0x00007fa044a026d0, 0x00007fa045a60000)
  to   space 395520K,   0% used [0x00007fa045a60000, 0x00007fa045a60000, 0x00007fa05dca0000)
 tenured generation   total 7910644K, used 7560597K [0x00007faa170a0000, 0x00007fabf9ddd000, 0x00007fbf6c600000)
   the space 7910644K,  95% used [0x00007faa170a0000, 0x00007fabe4805618, 0x00007fabe4805800, 0x00007fabf9ddd000)
 Metaspace       used 29899K, capacity 30328K, committed 30464K, reserved 30720K
}
Event: 544.475 GC heap after
{Heap after GC invocations=58 (full 5):
 def new generation   total 3559808K, used 365465K [0x00007f9f6c600000, 0x00007fa05dca0000, 0x00007faa170a0000)
  eden space 3164288K,   0% used [0x00007f9f6c600000, 0x00007f9f6c600000, 0x00007fa02d820000)
  from space 395520K,  92% used [0x00007fa045a60000, 0x00007fa05bf46740, 0x00007fa05dca0000)
  to   space 395520K,   0% used [0x00007fa02d820000, 0x00007fa02d820000, 0x00007fa045a60000)
 tenured generation   total 7939444K, used 7939358K [0x00007faa170a0000, 0x00007fabfb9fd000, 0x00007fbf6c600000)
   the space 7939444K,  99% used [0x00007faa170a0000, 0x00007fabfb9e7b88, 0x00007fabfb9e7c00, 0x00007fabfb9fd000)
 Metaspace       used 29899K, capacity 30328K, committed 30464K, reserved 30720K
}
Event: 544.475 GC heap before
{Heap before GC invocations=58 (full 5):
 def new generation   total 3559808K, used 365465K [0x00007f9f6c600000, 0x00007fa05dca0000, 0x00007faa170a0000)
  eden space 3164288K,   0% used [0x00007f9f6c600000, 0x00007f9f6c600000, 0x00007fa02d820000)
  from space 395520K,  92% used [0x00007fa045a60000, 0x00007fa05bf46740, 0x00007fa05dca0000)
  to   space 395520K,   0% used [0x00007fa02d820000, 0x00007fa02d820000, 0x00007fa045a60000)
 tenured generation   total 7939444K, used 7939358K [0x00007faa170a0000, 0x00007fabfb9fd000, 0x00007fbf6c600000)
   the space 7939444K,  99% used [0x00007faa170a0000, 0x00007fabfb9e7b88, 0x00007fabfb9e7c00, 0x00007fabfb9fd000)
 Metaspace       used 29899K, capacity 30328K, committed 30464K, reserved 30720K
}

