# JRE version: OpenJDK Runtime Environment (13.0.7+5) (build 13.0.7+5-Ubuntu-0ubuntu120.04)
# Java VM: OpenJDK 64-Bit Server VM (13.0.7+5-Ubuntu-0ubuntu120.04, mixed mode, tiered, serial gc, linux-amd64)
Heap:
 def new generation   total 981376K, used 0K [0x00007f389c600000, 0x00007f38deed0000, 0x00007f43470a0000)
  eden space 872384K,   0% used [0x00007f389c600000, 0x00007f389c600000, 0x00007f38d19f0000)
  from space 108992K,   0% used [0x00007f38d19f0000, 0x00007f38d19f0000, 0x00007f38d8460000)
  to   space 108992K,   0% used [0x00007f38d8460000, 0x00007f38d8460000, 0x00007f38deed0000)
 tenured generation   total 2227724K, used 2103303K [0x00007f43470a0000, 0x00007f43cf023000, 0x00007f589c600000)
   the space 2227724K,  94% used [0x00007f43470a0000, 0x00007f43c76a1fb8, 0x00007f43c76a2000, 0x00007f43cf023000)
 Metaspace       used 29934K, capacity 30396K, committed 30720K, reserved 30720K
GC Heap History (20 events):
Event: 37.002 GC heap after
{Heap after GC invocations=28 (full 1):
 def new generation   total 629248K, used 46813K [0x00007f389c600000, 0x00007f38c70c0000, 0x00007f43470a0000)
  eden space 559360K,   0% used [0x00007f389c600000, 0x00007f389c600000, 0x00007f38be840000)
  from space 69888K,  66% used [0x00007f38c2c80000, 0x00007f38c5a37620, 0x00007f38c70c0000)
  to   space 69888K,   0% used [0x00007f38be840000, 0x00007f38be840000, 0x00007f38c2c80000)
 tenured generation   total 1398144K, used 1333246K [0x00007f43470a0000, 0x00007f439c600000, 0x00007f589c600000)
   the space 1398144K,  95% used [0x00007f43470a0000, 0x00007f439869fb60, 0x00007f439869fc00, 0x00007f439c600000)
 Metaspace       used 29934K, capacity 30396K, committed 30720K, reserved 30720K
}
Event: 37.281 GC heap before
{Heap before GC invocations=28 (full 1):
 def new generation   total 629248K, used 606173K [0x00007f389c600000, 0x00007f38c70c0000, 0x00007f43470a0000)
  eden space 559360K, 100% used [0x00007f389c600000, 0x00007f38be840000, 0x00007f38be840000)
  from space 69888K,  66% used [0x00007f38c2c80000, 0x00007f38c5a37620, 0x00007f38c70c0000)
  to   space 69888K,   0% used [0x00007f38be840000, 0x00007f38be840000, 0x00007f38c2c80000)
 tenured generation   total 1398144K, used 1333246K [0x00007f43470a0000, 0x00007f439c600000, 0x00007f589c600000)
   the space 1398144K,  95% used [0x00007f43470a0000, 0x00007f439869fb60, 0x00007f439869fc00, 0x00007f439c600000)
 Metaspace       used 29934K, capacity 30396K, committed 30720K, reserved 30720K
}
Event: 37.519 GC heap after
{Heap after GC invocations=29 (full 1):
 def new generation   total 629248K, used 50709K [0x00007f389c600000, 0x00007f38c70c0000, 0x00007f43470a0000)
  eden space 559360K,   0% used [0x00007f389c600000, 0x00007f389c600000, 0x00007f38be840000)
  from space 69888K,  72% used [0x00007f38be840000, 0x00007f38c19c57c0, 0x00007f38c2c80000)
  to   space 69888K,   0% used [0x00007f38c2c80000, 0x00007f38c2c80000, 0x00007f38c70c0000)
 tenured generation   total 1398144K, used 1380059K [0x00007f43470a0000, 0x00007f439c600000, 0x00007f589c600000)
   the space 1398144K,  98% used [0x00007f43470a0000, 0x00007f439b456ed0, 0x00007f439b457000, 0x00007f439c600000)
 Metaspace       used 29934K, capacity 30396K, committed 30720K, reserved 30720K
}
Event: 37.797 GC heap before
{Heap before GC invocations=29 (full 1):
 def new generation   total 629248K, used 610069K [0x00007f389c600000, 0x00007f38c70c0000, 0x00007f43470a0000)
  eden space 559360K, 100% used [0x00007f389c600000, 0x00007f38be840000, 0x00007f38be840000)
  from space 69888K,  72% used [0x00007f38be840000, 0x00007f38c19c57c0, 0x00007f38c2c80000)
  to   space 69888K,   0% used [0x00007f38c2c80000, 0x00007f38c2c80000, 0x00007f38c70c0000)
 tenured generation   total 1398144K, used 1380059K [0x00007f43470a0000, 0x00007f439c600000, 0x00007f589c600000)
   the space 1398144K,  98% used [0x00007f43470a0000, 0x00007f439b456ed0, 0x00007f439b457000, 0x00007f439c600000)
 Metaspace       used 29934K, capacity 30396K, committed 30720K, reserved 30720K
}
Event: 38.022 GC heap after
{Heap after GC invocations=30 (full 1):
 def new generation   total 629248K, used 47532K [0x00007f389c600000, 0x00007f38c70c0000, 0x00007f43470a0000)
  eden space 559360K,   0% used [0x00007f389c600000, 0x00007f389c600000, 0x00007f38be840000)
  from space 69888K,  68% used [0x00007f38c2c80000, 0x00007f38c5aeb060, 0x00007f38c70c0000)
  to   space 69888K,   0% used [0x00007f38be840000, 0x00007f38be840000, 0x00007f38c2c80000)
 tenured generation   total 1430784K, used 1430768K [0x00007f43470a0000, 0x00007f439e5e0000, 0x00007f589c600000)
   the space 1430784K,  99% used [0x00007f43470a0000, 0x00007f439e5dc290, 0x00007f439e5dc400, 0x00007f439e5e0000)
 Metaspace       used 29934K, capacity 30396K, committed 30720K, reserved 30720K
}
Event: 38.022 GC heap before
{Heap before GC invocations=30 (full 1):
 def new generation   total 629248K, used 47532K [0x00007f389c600000, 0x00007f38c70c0000, 0x00007f43470a0000)
  eden space 559360K,   0% used [0x00007f389c600000, 0x00007f389c600000, 0x00007f38be840000)
  from space 69888K,  68% used [0x00007f38c2c80000, 0x00007f38c5aeb060, 0x00007f38c70c0000)
  to   space 69888K,   0% used [0x00007f38be840000, 0x00007f38be840000, 0x00007f38c2c80000)
 tenured generation   total 1430784K, used 1430768K [0x00007f43470a0000, 0x00007f439e5e0000, 0x00007f589c600000)
   the space 1430784K,  99% used [0x00007f43470a0000, 0x00007f439e5dc290, 0x00007f439e5dc400, 0x00007f439e5e0000)
 Metaspace       used 29934K, capacity 30396K, committed 30720K, reserved 30720K
}
Event: 42.257 GC heap after
{Heap after GC invocations=30 (full 2):
 def new generation   total 981376K, used 0K [0x00007f389c600000, 0x00007f38deed0000, 0x00007f43470a0000)
  eden space 872384K,   0% used [0x00007f389c600000, 0x00007f389c600000, 0x00007f38d19f0000)
  from space 108992K,   0% used [0x00007f38d19f0000, 0x00007f38d19f0000, 0x00007f38d8460000)
  to   space 108992K,   0% used [0x00007f38d8460000, 0x00007f38d8460000, 0x00007f38deed0000)
 tenured generation   total 2180684K, used 1308409K [0x00007f43470a0000, 0x00007f43cc233000, 0x00007f589c600000)
   the space 2180684K,  59% used [0x00007f43470a0000, 0x00007f4396e5e668, 0x00007f4396e5e800, 0x00007f43cc233000)
 Metaspace       used 29934K, capacity 30396K, committed 30720K, reserved 30720K
}
Event: 42.819 GC heap before
{Heap before GC invocations=30 (full 2):
 def new generation   total 981376K, used 872384K [0x00007f389c600000, 0x00007f38deed0000, 0x00007f43470a0000)
  eden space 872384K, 100% used [0x00007f389c600000, 0x00007f38d19f0000, 0x00007f38d19f0000)
  from space 108992K,   0% used [0x00007f38d19f0000, 0x00007f38d19f0000, 0x00007f38d8460000)
  to   space 108992K,   0% used [0x00007f38d8460000, 0x00007f38d8460000, 0x00007f38deed0000)
 tenured generation   total 2180684K, used 1308409K [0x00007f43470a0000, 0x00007f43cc233000, 0x00007f589c600000)
   the space 2180684K,  59% used [0x00007f43470a0000, 0x00007f4396e5e668, 0x00007f4396e5e800, 0x00007f43cc233000)
 Metaspace       used 29934K, capacity 30396K, committed 30720K, reserved 30720K
}
Event: 43.177 GC heap after
{Heap after GC invocations=31 (full 2):
 def new generation   total 981376K, used 88405K [0x00007f389c600000, 0x00007f38deed0000, 0x00007f43470a0000)
  eden space 872384K,   0% used [0x00007f389c600000, 0x00007f389c600000, 0x00007f38d19f0000)
  from space 108992K,  81% used [0x00007f38d8460000, 0x00007f38ddab5740, 0x00007f38deed0000)
  to   space 108992K,   0% used [0x00007f38d19f0000, 0x00007f38d19f0000, 0x00007f38d8460000)
 tenured generation   total 2180684K, used 1308409K [0x00007f43470a0000, 0x00007f43cc233000, 0x00007f589c600000)
   the space 2180684K,  59% used [0x00007f43470a0000, 0x00007f4396e5e668, 0x00007f4396e5e800, 0x00007f43cc233000)
 Metaspace       used 29934K, capacity 30396K, committed 30720K, reserved 30720K
}
Event: 43.617 GC heap before
{Heap before GC invocations=31 (full 2):
 def new generation   total 981376K, used 960789K [0x00007f389c600000, 0x00007f38deed0000, 0x00007f43470a0000)
  eden space 872384K, 100% used [0x00007f389c600000, 0x00007f38d19f0000, 0x00007f38d19f0000)
  from space 108992K,  81% used [0x00007f38d8460000, 0x00007f38ddab5740, 0x00007f38deed0000)
  to   space 108992K,   0% used [0x00007f38d19f0000, 0x00007f38d19f0000, 0x00007f38d8460000)
 tenured generation   total 2180684K, used 1308409K [0x00007f43470a0000, 0x00007f43cc233000, 0x00007f589c600000)
   the space 2180684K,  59% used [0x00007f43470a0000, 0x00007f4396e5e668, 0x00007f4396e5e800, 0x00007f43cc233000)
 Metaspace       used 29934K, capacity 30396K, committed 30720K, reserved 30720K
}
Event: 44.083 GC heap after
{Heap after GC invocations=32 (full 2):
 def new generation   total 981376K, used 95401K [0x00007f389c600000, 0x00007f38deed0000, 0x00007f43470a0000)
  eden space 872384K,   0% used [0x00007f389c600000, 0x00007f389c600000, 0x00007f38d19f0000)
  from space 108992K,  87% used [0x00007f38d19f0000, 0x00007f38d771a770, 0x00007f38d8460000)
  to   space 108992K,   0% used [0x00007f38d8460000, 0x00007f38d8460000, 0x00007f38deed0000)
 tenured generation   total 2180684K, used 1396814K [0x00007f43470a0000, 0x00007f43cc233000, 0x00007f589c600000)
   the space 2180684K,  64% used [0x00007f43470a0000, 0x00007f439c4b3968, 0x00007f439c4b3a00, 0x00007f43cc233000)
 Metaspace       used 29934K, capacity 30396K, committed 30720K, reserved 30720K
}
Event: 44.525 GC heap before
{Heap before GC invocations=32 (full 2):
 def new generation   total 981376K, used 967785K [0x00007f389c600000, 0x00007f38deed0000, 0x00007f43470a0000)
  eden space 872384K, 100% used [0x00007f389c600000, 0x00007f38d19f0000, 0x00007f38d19f0000)
  from space 108992K,  87% used [0x00007f38d19f0000, 0x00007f38d771a770, 0x00007f38d8460000)
  to   space 108992K,   0% used [0x00007f38d8460000, 0x00007f38d8460000, 0x00007f38deed0000)
 tenured generation   total 2180684K, used 1396814K [0x00007f43470a0000, 0x00007f43cc233000, 0x00007f589c600000)
   the space 2180684K,  64% used [0x00007f43470a0000, 0x00007f439c4b3968, 0x00007f439c4b3a00, 0x00007f43cc233000)
 Metaspace       used 29934K, capacity 30396K, committed 30720K, reserved 30720K
}
Event: 44.982 GC heap after
{Heap after GC invocations=33 (full 2):
 def new generation   total 981376K, used 87002K [0x00007f389c600000, 0x00007f38deed0000, 0x00007f43470a0000)
  eden space 872384K,   0% used [0x00007f389c600000, 0x00007f389c600000, 0x00007f38d19f0000)
  from space 108992K,  79% used [0x00007f38d8460000, 0x00007f38dd956a78, 0x00007f38deed0000)
  to   space 108992K,   0% used [0x00007f38d19f0000, 0x00007f38d19f0000, 0x00007f38d8460000)
 tenured generation   total 2180684K, used 1492215K [0x00007f43470a0000, 0x00007f43cc233000, 0x00007f589c600000)
   the space 2180684K,  68% used [0x00007f43470a0000, 0x00007f43a21ddf88, 0x00007f43a21de000, 0x00007f43cc233000)
 Metaspace       used 29934K, capacity 30396K, committed 30720K, reserved 30720K
}
Event: 45.451 GC heap before
{Heap before GC invocations=33 (full 2):
 def new generation   total 981376K, used 959386K [0x00007f389c600000, 0x00007f38deed0000, 0x00007f43470a0000)
  eden space 872384K, 100% used [0x00007f389c600000, 0x00007f38d19f0000, 0x00007f38d19f0000)
  from space 108992K,  79% used [0x00007f38d8460000, 0x00007f38dd956a78, 0x00007f38deed0000)
  to   space 108992K,   0% used [0x00007f38d19f0000, 0x00007f38d19f0000, 0x00007f38d8460000)
 tenured generation   total 2180684K, used 1492215K [0x00007f43470a0000, 0x00007f43cc233000, 0x00007f589c600000)
   the space 2180684K,  68% used [0x00007f43470a0000, 0x00007f43a21ddf88, 0x00007f43a21de000, 0x00007f43cc233000)
 Metaspace       used 29934K, capacity 30396K, committed 30720K, reserved 30720K
}
Event: 46.005 GC heap after
{Heap after GC invocations=34 (full 2):
 def new generation   total 981376K, used 104015K [0x00007f389c600000, 0x00007f38deed0000, 0x00007f43470a0000)
  eden space 872384K,   0% used [0x00007f389c600000, 0x00007f389c600000, 0x00007f38d19f0000)
  from space 108992K,  95% used [0x00007f38d19f0000, 0x00007f38d7f83f30, 0x00007f38d8460000)
  to   space 108992K,   0% used [0x00007f38d8460000, 0x00007f38d8460000, 0x00007f38deed0000)
 tenured generation   total 2180684K, used 1579217K [0x00007f43470a0000, 0x00007f43cc233000, 0x00007f589c600000)
   the space 2180684K,  72% used [0x00007f43470a0000, 0x00007f43a76d4700, 0x00007f43a76d4800, 0x00007f43cc233000)
 Metaspace       used 29934K, capacity 30396K, committed 30720K, reserved 30720K
}
Event: 50.974 GC heap before
{Heap before GC invocations=34 (full 2):
 def new generation   total 981376K, used 976399K [0x00007f389c600000, 0x00007f38deed0000, 0x00007f43470a0000)
  eden space 872384K, 100% used [0x00007f389c600000, 0x00007f38d19f0000, 0x00007f38d19f0000)
  from space 108992K,  95% used [0x00007f38d19f0000, 0x00007f38d7f83f30, 0x00007f38d8460000)
  to   space 108992K,   0% used [0x00007f38d8460000, 0x00007f38d8460000, 0x00007f38deed0000)
 tenured generation   total 2180684K, used 1579217K [0x00007f43470a0000, 0x00007f43cc233000, 0x00007f589c600000)
   the space 2180684K,  72% used [0x00007f43470a0000, 0x00007f43a76d4700, 0x00007f43a76d4800, 0x00007f43cc233000)
 Metaspace       used 29934K, capacity 30396K, committed 30720K, reserved 30720K
}
Event: 52.983 GC heap after
{Heap after GC invocations=35 (full 2):
 def new generation   total 981376K, used 108992K [0x00007f389c600000, 0x00007f38deed0000, 0x00007f43470a0000)
  eden space 872384K,   0% used [0x00007f389c600000, 0x00007f389c600000, 0x00007f38d19f0000)
  from space 108992K, 100% used [0x00007f38d8460000, 0x00007f38deed0000, 0x00007f38deed0000)
  to   space 108992K,   0% used [0x00007f38d19f0000, 0x00007f38d19f0000, 0x00007f38d8460000)
 tenured generation   total 2180684K, used 1836789K [0x00007f43470a0000, 0x00007f43cc233000, 0x00007f589c600000)
   the space 2180684K,  84% used [0x00007f43470a0000, 0x00007f43b725d520, 0x00007f43b725d600, 0x00007f43cc233000)
 Metaspace       used 29934K, capacity 30396K, committed 30720K, reserved 30720K
}
Event: 97.309 GC heap before
{Heap before GC invocations=35 (full 2):
 def new generation   total 981376K, used 981376K [0x00007f389c600000, 0x00007f38deed0000, 0x00007f43470a0000)
  eden space 872384K, 100% used [0x00007f389c600000, 0x00007f38d19f0000, 0x00007f38d19f0000)
  from space 108992K, 100% used [0x00007f38d8460000, 0x00007f38deed0000, 0x00007f38deed0000)
  to   space 108992K,   0% used [0x00007f38d19f0000, 0x00007f38d19f0000, 0x00007f38d8460000)
 tenured generation   total 2180684K, used 1836789K [0x00007f43470a0000, 0x00007f43cc233000, 0x00007f589c600000)
   the space 2180684K,  84% used [0x00007f43470a0000, 0x00007f43b725d520, 0x00007f43b725d600, 0x00007f43cc233000)
 Metaspace       used 29934K, capacity 30396K, committed 30720K, reserved 30720K
}
Event: 99.761 GC heap after
{Heap after GC invocations=36 (full 2):
 def new generation   total 981376K, used 108991K [0x00007f389c600000, 0x00007f38deed0000, 0x00007f43470a0000)
  eden space 872384K,   0% used [0x00007f389c600000, 0x00007f389c600000, 0x00007f38d19f0000)
  from space 108992K,  99% used [0x00007f38d19f0000, 0x00007f38d845fff8, 0x00007f38d8460000)
  to   space 108992K,   0% used [0x00007f38d8460000, 0x00007f38d8460000, 0x00007f38deed0000)
 tenured generation   total 2227724K, used 2227532K [0x00007f43470a0000, 0x00007f43cf023000, 0x00007f589c600000)
   the space 2227724K,  99% used [0x00007f43470a0000, 0x00007f43ceff3150, 0x00007f43ceff3200, 0x00007f43cf023000)
 Metaspace       used 29934K, capacity 30396K, committed 30720K, reserved 30720K
}
Event: 99.761 GC heap before
{Heap before GC invocations=36 (full 2):
 def new generation   total 981376K, used 108991K [0x00007f389c600000, 0x00007f38deed0000, 0x00007f43470a0000)
  eden space 872384K,   0% used [0x00007f389c600000, 0x00007f389c600000, 0x00007f38d19f0000)
  from space 108992K,  99% used [0x00007f38d19f0000, 0x00007f38d845fff8, 0x00007f38d8460000)
  to   space 108992K,   0% used [0x00007f38d8460000, 0x00007f38d8460000, 0x00007f38deed0000)
 tenured generation   total 2227724K, used 2227532K [0x00007f43470a0000, 0x00007f43cf023000, 0x00007f589c600000)
   the space 2227724K,  99% used [0x00007f43470a0000, 0x00007f43ceff3150, 0x00007f43ceff3200, 0x00007f43cf023000)
 Metaspace       used 29934K, capacity 30396K, committed 30720K, reserved 30720K
}

