# JRE version: OpenJDK Runtime Environment (13.0.7+5) (build 13.0.7+5-Ubuntu-0ubuntu120.04)
# Java VM: OpenJDK 64-Bit Server VM (13.0.7+5-Ubuntu-0ubuntu120.04, mixed mode, tiered, serial gc, linux-amd64)
Heap:
 def new generation   total 3657408K, used 0K [0x00007eeaec400000, 0x00007eebe4480000, 0x00007ef596ea0000)
  eden space 3251072K,   0% used [0x00007eeaec400000, 0x00007eeaec400000, 0x00007eebb2ae0000)
  from space 406336K,   0% used [0x00007eebcb7b0000, 0x00007eebcb7b0000, 0x00007eebe4480000)
  to   space 406336K,   0% used [0x00007eebb2ae0000, 0x00007eebb2ae0000, 0x00007eebcb7b0000)
 tenured generation   total 8255048K, used 6864712K [0x00007ef596ea0000, 0x00007ef78ec32000, 0x00007f0aec400000)
   the space 8255048K,  83% used [0x00007ef596ea0000, 0x00007ef739e72318, 0x00007ef739e72400, 0x00007ef78ec32000)
 Metaspace       used 29810K, capacity 30266K, committed 30464K, reserved 30720K
GC Heap History (20 events):
Event: 490.866 GC heap after
{Heap after GC invocations=64 (full 5):
 def new generation   total 3657408K, used 303293K [0x00007eeaec400000, 0x00007eebe4480000, 0x00007ef596ea0000)
  eden space 3251072K,   0% used [0x00007eeaec400000, 0x00007eeaec400000, 0x00007eebb2ae0000)
  from space 406336K,  74% used [0x00007eebb2ae0000, 0x00007eebc530f468, 0x00007eebcb7b0000)
  to   space 406336K,   0% used [0x00007eebcb7b0000, 0x00007eebcb7b0000, 0x00007eebe4480000)
 tenured generation   total 8127368K, used 5547267K [0x00007ef596ea0000, 0x00007ef786f82000, 0x00007f0aec400000)
   the space 8127368K,  68% used [0x00007ef596ea0000, 0x00007ef6e97e0d60, 0x00007ef6e97e0e00, 0x00007ef786f82000)
 Metaspace       used 29810K, capacity 30266K, committed 30464K, reserved 30720K
}
Event: 492.872 GC heap before
{Heap before GC invocations=64 (full 5):
 def new generation   total 3657408K, used 3554365K [0x00007eeaec400000, 0x00007eebe4480000, 0x00007ef596ea0000)
  eden space 3251072K, 100% used [0x00007eeaec400000, 0x00007eebb2ae0000, 0x00007eebb2ae0000)
  from space 406336K,  74% used [0x00007eebb2ae0000, 0x00007eebc530f468, 0x00007eebcb7b0000)
  to   space 406336K,   0% used [0x00007eebcb7b0000, 0x00007eebcb7b0000, 0x00007eebe4480000)
 tenured generation   total 8127368K, used 5547267K [0x00007ef596ea0000, 0x00007ef786f82000, 0x00007f0aec400000)
   the space 8127368K,  68% used [0x00007ef596ea0000, 0x00007ef6e97e0d60, 0x00007ef6e97e0e00, 0x00007ef786f82000)
 Metaspace       used 29810K, capacity 30266K, committed 30464K, reserved 30720K
}
Event: 494.719 GC heap after
{Heap after GC invocations=65 (full 5):
 def new generation   total 3657408K, used 303298K [0x00007eeaec400000, 0x00007eebe4480000, 0x00007ef596ea0000)
  eden space 3251072K,   0% used [0x00007eeaec400000, 0x00007eeaec400000, 0x00007eebb2ae0000)
  from space 406336K,  74% used [0x00007eebcb7b0000, 0x00007eebddfe08f0, 0x00007eebe4480000)
  to   space 406336K,   0% used [0x00007eebb2ae0000, 0x00007eebb2ae0000, 0x00007eebcb7b0000)
 tenured generation   total 8127368K, used 5850559K [0x00007ef596ea0000, 0x00007ef786f82000, 0x00007f0aec400000)
   the space 8127368K,  71% used [0x00007ef596ea0000, 0x00007ef6fc00ffb8, 0x00007ef6fc010000, 0x00007ef786f82000)
 Metaspace       used 29810K, capacity 30266K, committed 30464K, reserved 30720K
}
Event: 496.601 GC heap before
{Heap before GC invocations=65 (full 5):
 def new generation   total 3657408K, used 3554370K [0x00007eeaec400000, 0x00007eebe4480000, 0x00007ef596ea0000)
  eden space 3251072K, 100% used [0x00007eeaec400000, 0x00007eebb2ae0000, 0x00007eebb2ae0000)
  from space 406336K,  74% used [0x00007eebcb7b0000, 0x00007eebddfe08f0, 0x00007eebe4480000)
  to   space 406336K,   0% used [0x00007eebb2ae0000, 0x00007eebb2ae0000, 0x00007eebcb7b0000)
 tenured generation   total 8127368K, used 5850559K [0x00007ef596ea0000, 0x00007ef786f82000, 0x00007f0aec400000)
   the space 8127368K,  71% used [0x00007ef596ea0000, 0x00007ef6fc00ffb8, 0x00007ef6fc010000, 0x00007ef786f82000)
 Metaspace       used 29810K, capacity 30266K, committed 30464K, reserved 30720K
}
Event: 498.494 GC heap after
{Heap after GC invocations=66 (full 5):
 def new generation   total 3657408K, used 318451K [0x00007eeaec400000, 0x00007eebe4480000, 0x00007ef596ea0000)
  eden space 3251072K,   0% used [0x00007eeaec400000, 0x00007eeaec400000, 0x00007eebb2ae0000)
  from space 406336K,  78% used [0x00007eebb2ae0000, 0x00007eebc61dcdf0, 0x00007eebcb7b0000)
  to   space 406336K,   0% used [0x00007eebcb7b0000, 0x00007eebcb7b0000, 0x00007eebe4480000)
 tenured generation   total 8127368K, used 6153857K [0x00007ef596ea0000, 0x00007ef786f82000, 0x00007f0aec400000)
   the space 8127368K,  75% used [0x00007ef596ea0000, 0x00007ef70e8407e8, 0x00007ef70e840800, 0x00007ef786f82000)
 Metaspace       used 29810K, capacity 30266K, committed 30464K, reserved 30720K
}
Event: 500.496 GC heap before
{Heap before GC invocations=66 (full 5):
 def new generation   total 3657408K, used 3569523K [0x00007eeaec400000, 0x00007eebe4480000, 0x00007ef596ea0000)
  eden space 3251072K, 100% used [0x00007eeaec400000, 0x00007eebb2ae0000, 0x00007eebb2ae0000)
  from space 406336K,  78% used [0x00007eebb2ae0000, 0x00007eebc61dcdf0, 0x00007eebcb7b0000)
  to   space 406336K,   0% used [0x00007eebcb7b0000, 0x00007eebcb7b0000, 0x00007eebe4480000)
 tenured generation   total 8127368K, used 6153857K [0x00007ef596ea0000, 0x00007ef786f82000, 0x00007f0aec400000)
   the space 8127368K,  75% used [0x00007ef596ea0000, 0x00007ef70e8407e8, 0x00007ef70e840800, 0x00007ef786f82000)
 Metaspace       used 29810K, capacity 30266K, committed 30464K, reserved 30720K
}
Event: 502.405 GC heap after
{Heap after GC invocations=67 (full 5):
 def new generation   total 3657408K, used 312294K [0x00007eeaec400000, 0x00007eebe4480000, 0x00007ef596ea0000)
  eden space 3251072K,   0% used [0x00007eeaec400000, 0x00007eeaec400000, 0x00007eebb2ae0000)
  from space 406336K,  76% used [0x00007eebcb7b0000, 0x00007eebde8a9808, 0x00007eebe4480000)
  to   space 406336K,   0% used [0x00007eebb2ae0000, 0x00007eebb2ae0000, 0x00007eebcb7b0000)
 tenured generation   total 8127368K, used 6472308K [0x00007ef596ea0000, 0x00007ef786f82000, 0x00007f0aec400000)
   the space 8127368K,  79% used [0x00007ef596ea0000, 0x00007ef721f3d3e8, 0x00007ef721f3d400, 0x00007ef786f82000)
 Metaspace       used 29810K, capacity 30266K, committed 30464K, reserved 30720K
}
Event: 504.622 GC heap before
{Heap before GC invocations=67 (full 5):
 def new generation   total 3657408K, used 3563366K [0x00007eeaec400000, 0x00007eebe4480000, 0x00007ef596ea0000)
  eden space 3251072K, 100% used [0x00007eeaec400000, 0x00007eebb2ae0000, 0x00007eebb2ae0000)
  from space 406336K,  76% used [0x00007eebcb7b0000, 0x00007eebde8a9808, 0x00007eebe4480000)
  to   space 406336K,   0% used [0x00007eebb2ae0000, 0x00007eebb2ae0000, 0x00007eebcb7b0000)
 tenured generation   total 8127368K, used 6472308K [0x00007ef596ea0000, 0x00007ef786f82000, 0x00007f0aec400000)
   the space 8127368K,  79% used [0x00007ef596ea0000, 0x00007ef721f3d3e8, 0x00007ef721f3d400, 0x00007ef786f82000)
 Metaspace       used 29810K, capacity 30266K, committed 30464K, reserved 30720K
}
Event: 506.581 GC heap after
{Heap after GC invocations=68 (full 5):
 def new generation   total 3657408K, used 305821K [0x00007eeaec400000, 0x00007eebe4480000, 0x00007ef596ea0000)
  eden space 3251072K,   0% used [0x00007eeaec400000, 0x00007eeaec400000, 0x00007eebb2ae0000)
  from space 406336K,  75% used [0x00007eebb2ae0000, 0x00007eebc5587438, 0x00007eebcb7b0000)
  to   space 406336K,   0% used [0x00007eebcb7b0000, 0x00007eebcb7b0000, 0x00007eebe4480000)
 tenured generation   total 8127368K, used 6784602K [0x00007ef596ea0000, 0x00007ef786f82000, 0x00007f0aec400000)
   the space 8127368K,  83% used [0x00007ef596ea0000, 0x00007ef735036b80, 0x00007ef735036c00, 0x00007ef786f82000)
 Metaspace       used 29810K, capacity 30266K, committed 30464K, reserved 30720K
}
Event: 508.685 GC heap before
{Heap before GC invocations=68 (full 5):
 def new generation   total 3657408K, used 3556893K [0x00007eeaec400000, 0x00007eebe4480000, 0x00007ef596ea0000)
  eden space 3251072K, 100% used [0x00007eeaec400000, 0x00007eebb2ae0000, 0x00007eebb2ae0000)
  from space 406336K,  75% used [0x00007eebb2ae0000, 0x00007eebc5587438, 0x00007eebcb7b0000)
  to   space 406336K,   0% used [0x00007eebcb7b0000, 0x00007eebcb7b0000, 0x00007eebe4480000)
 tenured generation   total 8127368K, used 6784602K [0x00007ef596ea0000, 0x00007ef786f82000, 0x00007f0aec400000)
   the space 8127368K,  83% used [0x00007ef596ea0000, 0x00007ef735036b80, 0x00007ef735036c00, 0x00007ef786f82000)
 Metaspace       used 29810K, capacity 30266K, committed 30464K, reserved 30720K
}
Event: 510.796 GC heap after
{Heap after GC invocations=69 (full 5):
 def new generation   total 3657408K, used 325392K [0x00007eeaec400000, 0x00007eebe4480000, 0x00007ef596ea0000)
  eden space 3251072K,   0% used [0x00007eeaec400000, 0x00007eeaec400000, 0x00007eebb2ae0000)
  from space 406336K,  80% used [0x00007eebcb7b0000, 0x00007eebdf5741a8, 0x00007eebe4480000)
  to   space 406336K,   0% used [0x00007eebb2ae0000, 0x00007eebb2ae0000, 0x00007eebcb7b0000)
 tenured generation   total 8127368K, used 7090423K [0x00007ef596ea0000, 0x00007ef786f82000, 0x00007f0aec400000)
   the space 8127368K,  87% used [0x00007ef596ea0000, 0x00007ef747adde18, 0x00007ef747ade000, 0x00007ef786f82000)
 Metaspace       used 29810K, capacity 30266K, committed 30464K, reserved 30720K
}
Event: 513.227 GC heap before
{Heap before GC invocations=69 (full 5):
 def new generation   total 3657408K, used 3576464K [0x00007eeaec400000, 0x00007eebe4480000, 0x00007ef596ea0000)
  eden space 3251072K, 100% used [0x00007eeaec400000, 0x00007eebb2ae0000, 0x00007eebb2ae0000)
  from space 406336K,  80% used [0x00007eebcb7b0000, 0x00007eebdf5741a8, 0x00007eebe4480000)
  to   space 406336K,   0% used [0x00007eebb2ae0000, 0x00007eebb2ae0000, 0x00007eebcb7b0000)
 tenured generation   total 8127368K, used 7090423K [0x00007ef596ea0000, 0x00007ef786f82000, 0x00007f0aec400000)
   the space 8127368K,  87% used [0x00007ef596ea0000, 0x00007ef747adde18, 0x00007ef747ade000, 0x00007ef786f82000)
 Metaspace       used 29810K, capacity 30266K, committed 30464K, reserved 30720K
}
Event: 515.220 GC heap after
{Heap after GC invocations=70 (full 5):
 def new generation   total 3657408K, used 310318K [0x00007eeaec400000, 0x00007eebe4480000, 0x00007ef596ea0000)
  eden space 3251072K,   0% used [0x00007eeaec400000, 0x00007eeaec400000, 0x00007eebb2ae0000)
  from space 406336K,  76% used [0x00007eebb2ae0000, 0x00007eebc59ebaf0, 0x00007eebcb7b0000)
  to   space 406336K,   0% used [0x00007eebcb7b0000, 0x00007eebcb7b0000, 0x00007eebe4480000)
 tenured generation   total 8127368K, used 7415815K [0x00007ef596ea0000, 0x00007ef786f82000, 0x00007f0aec400000)
   the space 8127368K,  91% used [0x00007ef596ea0000, 0x00007ef75b8a1df0, 0x00007ef75b8a1e00, 0x00007ef786f82000)
 Metaspace       used 29810K, capacity 30266K, committed 30464K, reserved 30720K
}
Event: 517.598 GC heap before
{Heap before GC invocations=70 (full 5):
 def new generation   total 3657408K, used 3561390K [0x00007eeaec400000, 0x00007eebe4480000, 0x00007ef596ea0000)
  eden space 3251072K, 100% used [0x00007eeaec400000, 0x00007eebb2ae0000, 0x00007eebb2ae0000)
  from space 406336K,  76% used [0x00007eebb2ae0000, 0x00007eebc59ebaf0, 0x00007eebcb7b0000)
  to   space 406336K,   0% used [0x00007eebcb7b0000, 0x00007eebcb7b0000, 0x00007eebe4480000)
 tenured generation   total 8127368K, used 7415815K [0x00007ef596ea0000, 0x00007ef786f82000, 0x00007f0aec400000)
   the space 8127368K,  91% used [0x00007ef596ea0000, 0x00007ef75b8a1df0, 0x00007ef75b8a1e00, 0x00007ef786f82000)
 Metaspace       used 29810K, capacity 30266K, committed 30464K, reserved 30720K
}
Event: 519.569 GC heap after
{Heap after GC invocations=71 (full 5):
 def new generation   total 3657408K, used 298663K [0x00007eeaec400000, 0x00007eebe4480000, 0x00007ef596ea0000)
  eden space 3251072K,   0% used [0x00007eeaec400000, 0x00007eeaec400000, 0x00007eebb2ae0000)
  from space 406336K,  73% used [0x00007eebcb7b0000, 0x00007eebddb59c60, 0x00007eebe4480000)
  to   space 406336K,   0% used [0x00007eebb2ae0000, 0x00007eebb2ae0000, 0x00007eebcb7b0000)
 tenured generation   total 8127368K, used 7726134K [0x00007ef596ea0000, 0x00007ef786f82000, 0x00007f0aec400000)
   the space 8127368K,  95% used [0x00007ef596ea0000, 0x00007ef76e7ad8a0, 0x00007ef76e7ada00, 0x00007ef786f82000)
 Metaspace       used 29810K, capacity 30266K, committed 30464K, reserved 30720K
}
Event: 522.092 GC heap before
{Heap before GC invocations=71 (full 5):
 def new generation   total 3657408K, used 3549735K [0x00007eeaec400000, 0x00007eebe4480000, 0x00007ef596ea0000)
  eden space 3251072K, 100% used [0x00007eeaec400000, 0x00007eebb2ae0000, 0x00007eebb2ae0000)
  from space 406336K,  73% used [0x00007eebcb7b0000, 0x00007eebddb59c60, 0x00007eebe4480000)
  to   space 406336K,   0% used [0x00007eebb2ae0000, 0x00007eebb2ae0000, 0x00007eebcb7b0000)
 tenured generation   total 8127368K, used 7726134K [0x00007ef596ea0000, 0x00007ef786f82000, 0x00007f0aec400000)
   the space 8127368K,  95% used [0x00007ef596ea0000, 0x00007ef76e7ad8a0, 0x00007ef76e7ada00, 0x00007ef786f82000)
 Metaspace       used 29810K, capacity 30266K, committed 30464K, reserved 30720K
}
Event: 523.619 GC heap after
{Heap after GC invocations=72 (full 5):
 def new generation   total 3657408K, used 230067K [0x00007eeaec400000, 0x00007eebe4480000, 0x00007ef596ea0000)
  eden space 3251072K,   0% used [0x00007eeaec400000, 0x00007eeaec400000, 0x00007eebb2ae0000)
  from space 406336K,  56% used [0x00007eebb2ae0000, 0x00007eebc0b8ce38, 0x00007eebcb7b0000)
  to   space 406336K,   0% used [0x00007eebcb7b0000, 0x00007eebcb7b0000, 0x00007eebe4480000)
 tenured generation   total 8127368K, used 8024797K [0x00007ef596ea0000, 0x00007ef786f82000, 0x00007f0aec400000)
   the space 8127368K,  98% used [0x00007ef596ea0000, 0x00007ef780b57420, 0x00007ef780b57600, 0x00007ef786f82000)
 Metaspace       used 29810K, capacity 30266K, committed 30464K, reserved 30720K
}
Event: 525.764 GC heap before
{Heap before GC invocations=72 (full 5):
 def new generation   total 3657408K, used 3481139K [0x00007eeaec400000, 0x00007eebe4480000, 0x00007ef596ea0000)
  eden space 3251072K, 100% used [0x00007eeaec400000, 0x00007eebb2ae0000, 0x00007eebb2ae0000)
  from space 406336K,  56% used [0x00007eebb2ae0000, 0x00007eebc0b8ce38, 0x00007eebcb7b0000)
  to   space 406336K,   0% used [0x00007eebcb7b0000, 0x00007eebcb7b0000, 0x00007eebe4480000)
 tenured generation   total 8127368K, used 8024797K [0x00007ef596ea0000, 0x00007ef786f82000, 0x00007f0aec400000)
   the space 8127368K,  98% used [0x00007ef596ea0000, 0x00007ef780b57420, 0x00007ef780b57600, 0x00007ef786f82000)
 Metaspace       used 29810K, capacity 30266K, committed 30464K, reserved 30720K
}
Event: 527.279 GC heap after
{Heap after GC invocations=73 (full 5):
 def new generation   total 3657408K, used 238128K [0x00007eeaec400000, 0x00007eebe4480000, 0x00007ef596ea0000)
  eden space 3251072K,   0% used [0x00007eeaec400000, 0x00007eeaec400000, 0x00007eebb2ae0000)
  from space 406336K,  58% used [0x00007eebcb7b0000, 0x00007eebda03c220, 0x00007eebe4480000)
  to   space 406336K,   0% used [0x00007eebb2ae0000, 0x00007eebb2ae0000, 0x00007eebcb7b0000)
 tenured generation   total 8255048K, used 8254864K [0x00007ef596ea0000, 0x00007ef78ec32000, 0x00007f0aec400000)
   the space 8255048K,  99% used [0x00007ef596ea0000, 0x00007ef78ec04258, 0x00007ef78ec04400, 0x00007ef78ec32000)
 Metaspace       used 29810K, capacity 30266K, committed 30464K, reserved 30720K
}
Event: 527.279 GC heap before
{Heap before GC invocations=73 (full 5):
 def new generation   total 3657408K, used 238128K [0x00007eeaec400000, 0x00007eebe4480000, 0x00007ef596ea0000)
  eden space 3251072K,   0% used [0x00007eeaec400000, 0x00007eeaec400000, 0x00007eebb2ae0000)
  from space 406336K,  58% used [0x00007eebcb7b0000, 0x00007eebda03c220, 0x00007eebe4480000)
  to   space 406336K,   0% used [0x00007eebb2ae0000, 0x00007eebb2ae0000, 0x00007eebcb7b0000)
 tenured generation   total 8255048K, used 8254864K [0x00007ef596ea0000, 0x00007ef78ec32000, 0x00007f0aec400000)
   the space 8255048K,  99% used [0x00007ef596ea0000, 0x00007ef78ec04258, 0x00007ef78ec04400, 0x00007ef78ec32000)
 Metaspace       used 29810K, capacity 30266K, committed 30464K, reserved 30720K
}

