# JRE version: OpenJDK Runtime Environment (13.0.7+5) (build 13.0.7+5-Ubuntu-0ubuntu120.04)
# Java VM: OpenJDK 64-Bit Server VM (13.0.7+5-Ubuntu-0ubuntu120.04, mixed mode, tiered, serial gc, linux-amd64)
Heap:
 def new generation   total 4483328K, used 68088K [0x00007fb960600000, 0x00007fba906b0000, 0x00007fc40b0a0000)
  eden space 3985216K,   1% used [0x00007fb960600000, 0x00007fb96487e3d8, 0x00007fba539d0000)
  from space 498112K,   0% used [0x00007fba539d0000, 0x00007fba539d0000, 0x00007fba72040000)
  to   space 498112K,   0% used [0x00007fba72040000, 0x00007fba72040000, 0x00007fba906b0000)
 tenured generation   total 12925880K, used 12925879K [0x00007fc40b0a0000, 0x00007fc71ff8e000, 0x00007fd960600000)
   the space 12925880K,  99% used [0x00007fc40b0a0000, 0x00007fc71ff8df98, 0x00007fc71ff8e000, 0x00007fc71ff8e000)
 Metaspace       used 30163K, capacity 30652K, committed 30976K, reserved 32768K
GC Heap History (20 events):
Event: 307.282 GC heap after
{Heap after GC invocations=47 (full 5):
 def new generation   total 3580352K, used 397759K [0x00007fb960600000, 0x00007fba532e0000, 0x00007fc40b0a0000)
  eden space 3182592K,   0% used [0x00007fb960600000, 0x00007fb960600000, 0x00007fba22a00000)
  from space 397760K,  99% used [0x00007fba22a00000, 0x00007fba3ae6fff8, 0x00007fba3ae70000)
  to   space 397760K,   0% used [0x00007fba3ae70000, 0x00007fba3ae70000, 0x00007fba532e0000)
 tenured generation   total 7956208K, used 6714948K [0x00007fc40b0a0000, 0x00007fc5f0a5c000, 0x00007fd960600000)
   the space 7956208K,  84% used [0x00007fc40b0a0000, 0x00007fc5a4e31260, 0x00007fc5a4e31400, 0x00007fc5f0a5c000)
 Metaspace       used 29877K, capacity 30332K, committed 30464K, reserved 30720K
}
Event: 565.375 GC heap before
{Heap before GC invocations=47 (full 5):
 def new generation   total 3580352K, used 3580351K [0x00007fb960600000, 0x00007fba532e0000, 0x00007fc40b0a0000)
  eden space 3182592K, 100% used [0x00007fb960600000, 0x00007fba22a00000, 0x00007fba22a00000)
  from space 397760K,  99% used [0x00007fba22a00000, 0x00007fba3ae6fff8, 0x00007fba3ae70000)
  to   space 397760K,   0% used [0x00007fba3ae70000, 0x00007fba3ae70000, 0x00007fba532e0000)
 tenured generation   total 7956208K, used 6714948K [0x00007fc40b0a0000, 0x00007fc5f0a5c000, 0x00007fd960600000)
   the space 7956208K,  84% used [0x00007fc40b0a0000, 0x00007fc5a4e31260, 0x00007fc5a4e31400, 0x00007fc5f0a5c000)
 Metaspace       used 29877K, capacity 30332K, committed 30464K, reserved 30720K
}
Event: 573.403 GC heap after
{Heap after GC invocations=48 (full 5):
 def new generation   total 3580352K, used 397759K [0x00007fb960600000, 0x00007fba532e0000, 0x00007fc40b0a0000)
  eden space 3182592K,   0% used [0x00007fb960600000, 0x00007fb960600000, 0x00007fba22a00000)
  from space 397760K,  99% used [0x00007fba3ae70000, 0x00007fba532dfff0, 0x00007fba532e0000)
  to   space 397760K,   0% used [0x00007fba22a00000, 0x00007fba22a00000, 0x00007fba3ae70000)
 tenured generation   total 7956208K, used 7499262K [0x00007fc40b0a0000, 0x00007fc5f0a5c000, 0x00007fd960600000)
   the space 7956208K,  94% used [0x00007fc40b0a0000, 0x00007fc5d4c1fb78, 0x00007fc5d4c1fc00, 0x00007fc5f0a5c000)
 Metaspace       used 29877K, capacity 30332K, committed 30464K, reserved 30720K
}
Event: 652.682 GC heap before
{Heap before GC invocations=48 (full 5):
 def new generation   total 3580352K, used 3580351K [0x00007fb960600000, 0x00007fba532e0000, 0x00007fc40b0a0000)
  eden space 3182592K, 100% used [0x00007fb960600000, 0x00007fba22a00000, 0x00007fba22a00000)
  from space 397760K,  99% used [0x00007fba3ae70000, 0x00007fba532dfff0, 0x00007fba532e0000)
  to   space 397760K,   0% used [0x00007fba22a00000, 0x00007fba22a00000, 0x00007fba3ae70000)
 tenured generation   total 7956208K, used 7499262K [0x00007fc40b0a0000, 0x00007fc5f0a5c000, 0x00007fd960600000)
   the space 7956208K,  94% used [0x00007fc40b0a0000, 0x00007fc5d4c1fb78, 0x00007fc5d4c1fc00, 0x00007fc5f0a5c000)
 Metaspace       used 29877K, capacity 30332K, committed 30464K, reserved 30720K
}
Event: 655.364 GC heap after
{Heap after GC invocations=49 (full 5):
 def new generation   total 3580352K, used 397760K [0x00007fb960600000, 0x00007fba532e0000, 0x00007fc40b0a0000)
  eden space 3182592K,   0% used [0x00007fb960600000, 0x00007fb960600000, 0x00007fba22a00000)
  from space 397760K, 100% used [0x00007fba22a00000, 0x00007fba3ae70000, 0x00007fba3ae70000)
  to   space 397760K,   0% used [0x00007fba3ae70000, 0x00007fba3ae70000, 0x00007fba532e0000)
 tenured generation   total 8059696K, used 8059526K [0x00007fc40b0a0000, 0x00007fc5f6f6c000, 0x00007fd960600000)
   the space 8059696K,  99% used [0x00007fc40b0a0000, 0x00007fc5f6f41a90, 0x00007fc5f6f41c00, 0x00007fc5f6f6c000)
 Metaspace       used 29877K, capacity 30332K, committed 30464K, reserved 30720K
}
Event: 655.364 GC heap before
{Heap before GC invocations=49 (full 5):
 def new generation   total 3580352K, used 397760K [0x00007fb960600000, 0x00007fba532e0000, 0x00007fc40b0a0000)
  eden space 3182592K,   0% used [0x00007fb960600000, 0x00007fb960600000, 0x00007fba22a00000)
  from space 397760K, 100% used [0x00007fba22a00000, 0x00007fba3ae70000, 0x00007fba3ae70000)
  to   space 397760K,   0% used [0x00007fba3ae70000, 0x00007fba3ae70000, 0x00007fba532e0000)
 tenured generation   total 8059696K, used 8059526K [0x00007fc40b0a0000, 0x00007fc5f6f6c000, 0x00007fd960600000)
   the space 8059696K,  99% used [0x00007fc40b0a0000, 0x00007fc5f6f41a90, 0x00007fc5f6f41c00, 0x00007fc5f6f6c000)
 Metaspace       used 29877K, capacity 30332K, committed 30464K, reserved 30720K
}
Event: 673.912 GC heap after
{Heap after GC invocations=49 (full 6):
 def new generation   total 3580352K, used 0K [0x00007fb960600000, 0x00007fba532e0000, 0x00007fc40b0a0000)
  eden space 3182592K,   0% used [0x00007fb960600000, 0x00007fb960600000, 0x00007fba22a00000)
  from space 397760K,   0% used [0x00007fba22a00000, 0x00007fba22a00000, 0x00007fba3ae70000)
  to   space 397760K,   0% used [0x00007fba3ae70000, 0x00007fba3ae70000, 0x00007fba532e0000)
 tenured generation   total 7956208K, used 4374928K [0x00007fc40b0a0000, 0x00007fc5f0a5c000, 0x00007fd960600000)
   the space 7956208K,  54% used [0x00007fc40b0a0000, 0x00007fc516104170, 0x00007fc516104200, 0x00007fc5f0a5c000)
 Metaspace       used 29877K, capacity 30332K, committed 30464K, reserved 30720K
}
Event: 676.940 GC heap before
{Heap before GC invocations=49 (full 6):
 def new generation   total 3580352K, used 3182592K [0x00007fb960600000, 0x00007fba532e0000, 0x00007fc40b0a0000)
  eden space 3182592K, 100% used [0x00007fb960600000, 0x00007fba22a00000, 0x00007fba22a00000)
  from space 397760K,   0% used [0x00007fba22a00000, 0x00007fba22a00000, 0x00007fba3ae70000)
  to   space 397760K,   0% used [0x00007fba3ae70000, 0x00007fba3ae70000, 0x00007fba532e0000)
 tenured generation   total 7956208K, used 4374928K [0x00007fc40b0a0000, 0x00007fc5f0a5c000, 0x00007fd960600000)
   the space 7956208K,  54% used [0x00007fc40b0a0000, 0x00007fc516104170, 0x00007fc516104200, 0x00007fc5f0a5c000)
 Metaspace       used 29877K, capacity 30332K, committed 30464K, reserved 30720K
}
Event: 679.009 GC heap after
{Heap after GC invocations=50 (full 6):
 def new generation   total 3580352K, used 397759K [0x00007fb960600000, 0x00007fba532e0000, 0x00007fc40b0a0000)
  eden space 3182592K,   0% used [0x00007fb960600000, 0x00007fb960600000, 0x00007fba22a00000)
  from space 397760K,  99% used [0x00007fba3ae70000, 0x00007fba532dfff8, 0x00007fba532e0000)
  to   space 397760K,   0% used [0x00007fba22a00000, 0x00007fba22a00000, 0x00007fba3ae70000)
 tenured generation   total 7956208K, used 4774428K [0x00007fc40b0a0000, 0x00007fc5f0a5c000, 0x00007fd960600000)
   the space 7956208K,  60% used [0x00007fc40b0a0000, 0x00007fc52e727258, 0x00007fc52e727400, 0x00007fc5f0a5c000)
 Metaspace       used 29877K, capacity 30332K, committed 30464K, reserved 30720K
}
Event: 683.866 GC heap before
{Heap before GC invocations=50 (full 6):
 def new generation   total 3580352K, used 3580351K [0x00007fb960600000, 0x00007fba532e0000, 0x00007fc40b0a0000)
  eden space 3182592K, 100% used [0x00007fb960600000, 0x00007fba22a00000, 0x00007fba22a00000)
  from space 397760K,  99% used [0x00007fba3ae70000, 0x00007fba532dfff8, 0x00007fba532e0000)
  to   space 397760K,   0% used [0x00007fba22a00000, 0x00007fba22a00000, 0x00007fba3ae70000)
 tenured generation   total 7956208K, used 4774428K [0x00007fc40b0a0000, 0x00007fc5f0a5c000, 0x00007fd960600000)
   the space 7956208K,  60% used [0x00007fc40b0a0000, 0x00007fc52e727258, 0x00007fc52e727400, 0x00007fc5f0a5c000)
 Metaspace       used 29880K, capacity 30332K, committed 30464K, reserved 30720K
}
Event: 687.894 GC heap after
{Heap after GC invocations=51 (full 6):
 def new generation   total 3580352K, used 397759K [0x00007fb960600000, 0x00007fba532e0000, 0x00007fc40b0a0000)
  eden space 3182592K,   0% used [0x00007fb960600000, 0x00007fb960600000, 0x00007fba22a00000)
  from space 397760K,  99% used [0x00007fba22a00000, 0x00007fba3ae6fff0, 0x00007fba3ae70000)
  to   space 397760K,   0% used [0x00007fba3ae70000, 0x00007fba3ae70000, 0x00007fba532e0000)
 tenured generation   total 7956208K, used 6007071K [0x00007fc40b0a0000, 0x00007fc5f0a5c000, 0x00007fd960600000)
   the space 7956208K,  75% used [0x00007fc40b0a0000, 0x00007fc579ae7f30, 0x00007fc579ae8000, 0x00007fc5f0a5c000)
 Metaspace       used 29880K, capacity 30332K, committed 30464K, reserved 30720K
}
Event: 690.812 GC heap before
{Heap before GC invocations=51 (full 6):
 def new generation   total 3580352K, used 3580351K [0x00007fb960600000, 0x00007fba532e0000, 0x00007fc40b0a0000)
  eden space 3182592K, 100% used [0x00007fb960600000, 0x00007fba22a00000, 0x00007fba22a00000)
  from space 397760K,  99% used [0x00007fba22a00000, 0x00007fba3ae6fff0, 0x00007fba3ae70000)
  to   space 397760K,   0% used [0x00007fba3ae70000, 0x00007fba3ae70000, 0x00007fba532e0000)
 tenured generation   total 7956208K, used 6007071K [0x00007fc40b0a0000, 0x00007fc5f0a5c000, 0x00007fd960600000)
   the space 7956208K,  75% used [0x00007fc40b0a0000, 0x00007fc579ae7f30, 0x00007fc579ae8000, 0x00007fc5f0a5c000)
 Metaspace       used 29926K, capacity 30396K, committed 30720K, reserved 30720K
}
Event: 694.880 GC heap after
{Heap after GC invocations=52 (full 6):
 def new generation   total 3580352K, used 397759K [0x00007fb960600000, 0x00007fba532e0000, 0x00007fc40b0a0000)
  eden space 3182592K,   0% used [0x00007fb960600000, 0x00007fb960600000, 0x00007fba22a00000)
  from space 397760K,  99% used [0x00007fba3ae70000, 0x00007fba532dfff8, 0x00007fba532e0000)
  to   space 397760K,   0% used [0x00007fba22a00000, 0x00007fba22a00000, 0x00007fba3ae70000)
 tenured generation   total 8871280K, used 8871242K [0x00007fc40b0a0000, 0x00007fc6287fc000, 0x00007fd960600000)
   the space 8871280K,  99% used [0x00007fc40b0a0000, 0x00007fc6287f2868, 0x00007fc6287f2a00, 0x00007fc6287fc000)
 Metaspace       used 29926K, capacity 30396K, committed 30720K, reserved 30720K
}
Event: 694.880 GC heap before
{Heap before GC invocations=52 (full 6):
 def new generation   total 3580352K, used 397759K [0x00007fb960600000, 0x00007fba532e0000, 0x00007fc40b0a0000)
  eden space 3182592K,   0% used [0x00007fb960600000, 0x00007fb960600000, 0x00007fba22a00000)
  from space 397760K,  99% used [0x00007fba3ae70000, 0x00007fba532dfff8, 0x00007fba532e0000)
  to   space 397760K,   0% used [0x00007fba22a00000, 0x00007fba22a00000, 0x00007fba3ae70000)
 tenured generation   total 8871280K, used 8871242K [0x00007fc40b0a0000, 0x00007fc6287fc000, 0x00007fd960600000)
   the space 8871280K,  99% used [0x00007fc40b0a0000, 0x00007fc6287f2868, 0x00007fc6287f2a00, 0x00007fc6287fc000)
 Metaspace       used 29926K, capacity 30396K, committed 30720K, reserved 30720K
}
Event: 712.436 GC heap after
{Heap after GC invocations=52 (full 7):
 def new generation   total 4483328K, used 0K [0x00007fb960600000, 0x00007fba906b0000, 0x00007fc40b0a0000)
  eden space 3985216K,   0% used [0x00007fb960600000, 0x00007fb960600000, 0x00007fba539d0000)
  from space 498112K,   0% used [0x00007fba539d0000, 0x00007fba539d0000, 0x00007fba72040000)
  to   space 498112K,   0% used [0x00007fba72040000, 0x00007fba72040000, 0x00007fba906b0000)
 tenured generation   total 9962744K, used 5977644K [0x00007fc40b0a0000, 0x00007fc66b1de000, 0x00007fd960600000)
   the space 9962744K,  59% used [0x00007fc40b0a0000, 0x00007fc577e2b360, 0x00007fc577e2b400, 0x00007fc66b1de000)
 Metaspace       used 29926K, capacity 30396K, committed 30720K, reserved 30720K
}
Event: 715.941 GC heap before
{Heap before GC invocations=52 (full 7):
 def new generation   total 4483328K, used 3985216K [0x00007fb960600000, 0x00007fba906b0000, 0x00007fc40b0a0000)
  eden space 3985216K, 100% used [0x00007fb960600000, 0x00007fba539d0000, 0x00007fba539d0000)
  from space 498112K,   0% used [0x00007fba539d0000, 0x00007fba539d0000, 0x00007fba72040000)
  to   space 498112K,   0% used [0x00007fba72040000, 0x00007fba72040000, 0x00007fba906b0000)
 tenured generation   total 9962744K, used 5977644K [0x00007fc40b0a0000, 0x00007fc66b1de000, 0x00007fd960600000)
   the space 9962744K,  59% used [0x00007fc40b0a0000, 0x00007fc577e2b360, 0x00007fc577e2b400, 0x00007fc66b1de000)
 Metaspace       used 29926K, capacity 30396K, committed 30720K, reserved 30720K
}
Event: 719.813 GC heap after
{Heap after GC invocations=53 (full 7):
 def new generation   total 4483328K, used 498111K [0x00007fb960600000, 0x00007fba906b0000, 0x00007fc40b0a0000)
  eden space 3985216K,   0% used [0x00007fb960600000, 0x00007fb960600000, 0x00007fba539d0000)
  from space 498112K,  99% used [0x00007fba72040000, 0x00007fba906affd0, 0x00007fba906b0000)
  to   space 498112K,   0% used [0x00007fba539d0000, 0x00007fba539d0000, 0x00007fba72040000)
 tenured generation   total 9962744K, used 9464695K [0x00007fc40b0a0000, 0x00007fc66b1de000, 0x00007fd960600000)
   the space 9962744K,  95% used [0x00007fc40b0a0000, 0x00007fc64cb7dde0, 0x00007fc64cb7de00, 0x00007fc66b1de000)
 Metaspace       used 29926K, capacity 30396K, committed 30720K, reserved 30720K
}
Event: 724.571 GC heap before
{Heap before GC invocations=53 (full 7):
 def new generation   total 4483328K, used 4483327K [0x00007fb960600000, 0x00007fba906b0000, 0x00007fc40b0a0000)
  eden space 3985216K, 100% used [0x00007fb960600000, 0x00007fba539d0000, 0x00007fba539d0000)
  from space 498112K,  99% used [0x00007fba72040000, 0x00007fba906affd0, 0x00007fba906b0000)
  to   space 498112K,   0% used [0x00007fba539d0000, 0x00007fba539d0000, 0x00007fba72040000)
 tenured generation   total 9962744K, used 9464695K [0x00007fc40b0a0000, 0x00007fc66b1de000, 0x00007fd960600000)
   the space 9962744K,  95% used [0x00007fc40b0a0000, 0x00007fc64cb7dde0, 0x00007fc64cb7de00, 0x00007fc66b1de000)
 Metaspace       used 30163K, capacity 30652K, committed 30976K, reserved 32768K
}
Event: 729.296 GC heap after
{Heap after GC invocations=54 (full 7):
 def new generation   total 4483328K, used 498111K [0x00007fb960600000, 0x00007fba906b0000, 0x00007fc40b0a0000)
  eden space 3985216K,   0% used [0x00007fb960600000, 0x00007fb960600000, 0x00007fba539d0000)
  from space 498112K,  99% used [0x00007fba539d0000, 0x00007fba7203fff8, 0x00007fba72040000)
  to   space 498112K,   0% used [0x00007fba72040000, 0x00007fba72040000, 0x00007fba906b0000)
 tenured generation   total 12925880K, used 12925746K [0x00007fc40b0a0000, 0x00007fc71ff8e000, 0x00007fd960600000)
   the space 12925880K,  99% used [0x00007fc40b0a0000, 0x00007fc71ff6cba8, 0x00007fc71ff6cc00, 0x00007fc71ff8e000)
 Metaspace       used 30163K, capacity 30652K, committed 30976K, reserved 32768K
}
Event: 729.296 GC heap before
{Heap before GC invocations=54 (full 7):
 def new generation   total 4483328K, used 498111K [0x00007fb960600000, 0x00007fba906b0000, 0x00007fc40b0a0000)
  eden space 3985216K,   0% used [0x00007fb960600000, 0x00007fb960600000, 0x00007fba539d0000)
  from space 498112K,  99% used [0x00007fba539d0000, 0x00007fba7203fff8, 0x00007fba72040000)
  to   space 498112K,   0% used [0x00007fba72040000, 0x00007fba72040000, 0x00007fba906b0000)
 tenured generation   total 12925880K, used 12925746K [0x00007fc40b0a0000, 0x00007fc71ff8e000, 0x00007fd960600000)
   the space 12925880K,  99% used [0x00007fc40b0a0000, 0x00007fc71ff6cba8, 0x00007fc71ff6cc00, 0x00007fc71ff8e000)
 Metaspace       used 30163K, capacity 30652K, committed 30976K, reserved 32768K
}

