# JRE version: OpenJDK Runtime Environment (13.0.7+5) (build 13.0.7+5-Ubuntu-0ubuntu120.04)
# Java VM: OpenJDK 64-Bit Server VM (13.0.7+5-Ubuntu-0ubuntu120.04, mixed mode, tiered, serial gc, linux-amd64)
Heap:
 def new generation   total 3538304K, used 0K [0x00007f2348600000, 0x00007f2438540000, 0x00007f2df30a0000)
  eden space 3145216K,   0% used [0x00007f2348600000, 0x00007f2348600000, 0x00007f2408580000)
  from space 393088K,   0% used [0x00007f2420560000, 0x00007f2420560000, 0x00007f2438540000)
  to   space 393088K,   0% used [0x00007f2408580000, 0x00007f2408580000, 0x00007f2420560000)
 tenured generation   total 9245660K, used 9207984K [0x00007f2df30a0000, 0x00007f3027597000, 0x00007f4348600000)
   the space 9245660K,  99% used [0x00007f2df30a0000, 0x00007f30250cc168, 0x00007f30250cc200, 0x00007f3027597000)
 Metaspace       used 29951K, capacity 30393K, committed 30464K, reserved 30720K
GC Heap History (20 events):
Event: 301.046 GC heap after
{Heap after GC invocations=56 (full 5):
 def new generation   total 2817344K, used 242759K [0x00007f2348600000, 0x00007f2407700000, 0x00007f2df30a0000)
  eden space 2504320K,   0% used [0x00007f2348600000, 0x00007f2348600000, 0x00007f23e13a0000)
  from space 313024K,  77% used [0x00007f23f4550000, 0x00007f2403261e68, 0x00007f2407700000)
  to   space 313024K,   0% used [0x00007f23e13a0000, 0x00007f23e13a0000, 0x00007f23f4550000)
 tenured generation   total 6260652K, used 4295791K [0x00007f2df30a0000, 0x00007f2f7128b000, 0x00007f4348600000)
   the space 6260652K,  68% used [0x00007f2df30a0000, 0x00007f2ef93bbd38, 0x00007f2ef93bbe00, 0x00007f2f7128b000)
 Metaspace       used 29899K, capacity 30329K, committed 30464K, reserved 30720K
}
Event: 345.843 GC heap before
{Heap before GC invocations=56 (full 5):
 def new generation   total 2817344K, used 2747079K [0x00007f2348600000, 0x00007f2407700000, 0x00007f2df30a0000)
  eden space 2504320K, 100% used [0x00007f2348600000, 0x00007f23e13a0000, 0x00007f23e13a0000)
  from space 313024K,  77% used [0x00007f23f4550000, 0x00007f2403261e68, 0x00007f2407700000)
  to   space 313024K,   0% used [0x00007f23e13a0000, 0x00007f23e13a0000, 0x00007f23f4550000)
 tenured generation   total 6260652K, used 4295791K [0x00007f2df30a0000, 0x00007f2f7128b000, 0x00007f4348600000)
   the space 6260652K,  68% used [0x00007f2df30a0000, 0x00007f2ef93bbd38, 0x00007f2ef93bbe00, 0x00007f2f7128b000)
 Metaspace       used 29899K, capacity 30329K, committed 30464K, reserved 30720K
}
Event: 354.907 GC heap after
{Heap after GC invocations=57 (full 5):
 def new generation   total 2817344K, used 313024K [0x00007f2348600000, 0x00007f2407700000, 0x00007f2df30a0000)
  eden space 2504320K,   0% used [0x00007f2348600000, 0x00007f2348600000, 0x00007f23e13a0000)
  from space 313024K, 100% used [0x00007f23e13a0000, 0x00007f23f4550000, 0x00007f23f4550000)
  to   space 313024K,   0% used [0x00007f23f4550000, 0x00007f23f4550000, 0x00007f2407700000)
 tenured generation   total 6260652K, used 5593785K [0x00007f2df30a0000, 0x00007f2f7128b000, 0x00007f4348600000)
   the space 6260652K,  89% used [0x00007f2df30a0000, 0x00007f2f4874e778, 0x00007f2f4874e800, 0x00007f2f7128b000)
 Metaspace       used 29899K, capacity 30329K, committed 30464K, reserved 30720K
}
Event: 517.637 GC heap before
{Heap before GC invocations=57 (full 5):
 def new generation   total 2817344K, used 2817344K [0x00007f2348600000, 0x00007f2407700000, 0x00007f2df30a0000)
  eden space 2504320K, 100% used [0x00007f2348600000, 0x00007f23e13a0000, 0x00007f23e13a0000)
  from space 313024K, 100% used [0x00007f23e13a0000, 0x00007f23f4550000, 0x00007f23f4550000)
  to   space 313024K,   0% used [0x00007f23f4550000, 0x00007f23f4550000, 0x00007f2407700000)
 tenured generation   total 6260652K, used 5593785K [0x00007f2df30a0000, 0x00007f2f7128b000, 0x00007f4348600000)
   the space 6260652K,  89% used [0x00007f2df30a0000, 0x00007f2f4874e778, 0x00007f2f4874e800, 0x00007f2f7128b000)
 Metaspace       used 29899K, capacity 30329K, committed 30464K, reserved 30720K
}
Event: 523.623 GC heap after
{Heap after GC invocations=58 (full 5):
 def new generation   total 2817344K, used 313023K [0x00007f2348600000, 0x00007f2407700000, 0x00007f2df30a0000)
  eden space 2504320K,   0% used [0x00007f2348600000, 0x00007f2348600000, 0x00007f23e13a0000)
  from space 313024K,  99% used [0x00007f23f4550000, 0x00007f24076ffff8, 0x00007f2407700000)
  to   space 313024K,   0% used [0x00007f23e13a0000, 0x00007f23e13a0000, 0x00007f23f4550000)
 tenured generation   total 6467628K, used 6467480K [0x00007f2df30a0000, 0x00007f2f7dcab000, 0x00007f4348600000)
   the space 6467628K,  99% used [0x00007f2df30a0000, 0x00007f2f7dc861b8, 0x00007f2f7dc86200, 0x00007f2f7dcab000)
 Metaspace       used 29899K, capacity 30329K, committed 30464K, reserved 30720K
}
Event: 523.623 GC heap before
{Heap before GC invocations=58 (full 5):
 def new generation   total 2817344K, used 313023K [0x00007f2348600000, 0x00007f2407700000, 0x00007f2df30a0000)
  eden space 2504320K,   0% used [0x00007f2348600000, 0x00007f2348600000, 0x00007f23e13a0000)
  from space 313024K,  99% used [0x00007f23f4550000, 0x00007f24076ffff8, 0x00007f2407700000)
  to   space 313024K,   0% used [0x00007f23e13a0000, 0x00007f23e13a0000, 0x00007f23f4550000)
 tenured generation   total 6467628K, used 6467480K [0x00007f2df30a0000, 0x00007f2f7dcab000, 0x00007f4348600000)
   the space 6467628K,  99% used [0x00007f2df30a0000, 0x00007f2f7dc861b8, 0x00007f2f7dc86200, 0x00007f2f7dcab000)
 Metaspace       used 29899K, capacity 30329K, committed 30464K, reserved 30720K
}
Event: 551.008 GC heap after
{Heap after GC invocations=58 (full 6):
 def new generation   total 3538304K, used 0K [0x00007f2348600000, 0x00007f2438540000, 0x00007f2df30a0000)
  eden space 3145216K,   0% used [0x00007f2348600000, 0x00007f2348600000, 0x00007f2408580000)
  from space 393088K,   0% used [0x00007f2408580000, 0x00007f2408580000, 0x00007f2420560000)
  to   space 393088K,   0% used [0x00007f2420560000, 0x00007f2420560000, 0x00007f2438540000)
 tenured generation   total 7862684K, used 4717610K [0x00007f2df30a0000, 0x00007f2fd2f07000, 0x00007f4348600000)
   the space 7862684K,  59% used [0x00007f2df30a0000, 0x00007f2f12faa810, 0x00007f2f12faaa00, 0x00007f2fd2f07000)
 Metaspace       used 29899K, capacity 30329K, committed 30464K, reserved 30720K
}
Event: 822.941 GC heap before
{Heap before GC invocations=58 (full 6):
 def new generation   total 3538304K, used 3145216K [0x00007f2348600000, 0x00007f2438540000, 0x00007f2df30a0000)
  eden space 3145216K, 100% used [0x00007f2348600000, 0x00007f2408580000, 0x00007f2408580000)
  from space 393088K,   0% used [0x00007f2408580000, 0x00007f2408580000, 0x00007f2420560000)
  to   space 393088K,   0% used [0x00007f2420560000, 0x00007f2420560000, 0x00007f2438540000)
 tenured generation   total 7862684K, used 4717610K [0x00007f2df30a0000, 0x00007f2fd2f07000, 0x00007f4348600000)
   the space 7862684K,  59% used [0x00007f2df30a0000, 0x00007f2f12faa810, 0x00007f2f12faaa00, 0x00007f2fd2f07000)
 Metaspace       used 29899K, capacity 30329K, committed 30464K, reserved 30720K
}
Event: 825.126 GC heap after
{Heap after GC invocations=59 (full 6):
 def new generation   total 3538304K, used 393087K [0x00007f2348600000, 0x00007f2438540000, 0x00007f2df30a0000)
  eden space 3145216K,   0% used [0x00007f2348600000, 0x00007f2348600000, 0x00007f2408580000)
  from space 393088K,  99% used [0x00007f2420560000, 0x00007f243853fff0, 0x00007f2438540000)
  to   space 393088K,   0% used [0x00007f2408580000, 0x00007f2408580000, 0x00007f2420560000)
 tenured generation   total 7862684K, used 4986666K [0x00007f2df30a0000, 0x00007f2fd2f07000, 0x00007f4348600000)
   the space 7862684K,  63% used [0x00007f2df30a0000, 0x00007f2f2366ab10, 0x00007f2f2366ac00, 0x00007f2fd2f07000)
 Metaspace       used 29899K, capacity 30329K, committed 30464K, reserved 30720K
}
Event: 920.459 GC heap before
{Heap before GC invocations=59 (full 6):
 def new generation   total 3538304K, used 3538303K [0x00007f2348600000, 0x00007f2438540000, 0x00007f2df30a0000)
  eden space 3145216K, 100% used [0x00007f2348600000, 0x00007f2408580000, 0x00007f2408580000)
  from space 393088K,  99% used [0x00007f2420560000, 0x00007f243853fff0, 0x00007f2438540000)
  to   space 393088K,   0% used [0x00007f2408580000, 0x00007f2408580000, 0x00007f2420560000)
 tenured generation   total 7862684K, used 4986666K [0x00007f2df30a0000, 0x00007f2fd2f07000, 0x00007f4348600000)
   the space 7862684K,  63% used [0x00007f2df30a0000, 0x00007f2f2366ab10, 0x00007f2f2366ac00, 0x00007f2fd2f07000)
 Metaspace       used 29899K, capacity 30329K, committed 30464K, reserved 30720K
}
Event: 924.526 GC heap after
{Heap after GC invocations=60 (full 6):
 def new generation   total 3538304K, used 393088K [0x00007f2348600000, 0x00007f2438540000, 0x00007f2df30a0000)
  eden space 3145216K,   0% used [0x00007f2348600000, 0x00007f2348600000, 0x00007f2408580000)
  from space 393088K, 100% used [0x00007f2408580000, 0x00007f2420560000, 0x00007f2420560000)
  to   space 393088K,   0% used [0x00007f2420560000, 0x00007f2420560000, 0x00007f2438540000)
 tenured generation   total 7862684K, used 6592362K [0x00007f2df30a0000, 0x00007f2fd2f07000, 0x00007f4348600000)
   the space 7862684K,  83% used [0x00007f2df30a0000, 0x00007f2f8567abf0, 0x00007f2f8567ac00, 0x00007f2fd2f07000)
 Metaspace       used 29899K, capacity 30329K, committed 30464K, reserved 30720K
}
Event: 932.988 GC heap before
{Heap before GC invocations=60 (full 6):
 def new generation   total 3538304K, used 3538304K [0x00007f2348600000, 0x00007f2438540000, 0x00007f2df30a0000)
  eden space 3145216K, 100% used [0x00007f2348600000, 0x00007f2408580000, 0x00007f2408580000)
  from space 393088K, 100% used [0x00007f2408580000, 0x00007f2420560000, 0x00007f2420560000)
  to   space 393088K,   0% used [0x00007f2420560000, 0x00007f2420560000, 0x00007f2438540000)
 tenured generation   total 7862684K, used 6592362K [0x00007f2df30a0000, 0x00007f2fd2f07000, 0x00007f4348600000)
   the space 7862684K,  83% used [0x00007f2df30a0000, 0x00007f2f8567abf0, 0x00007f2f8567ac00, 0x00007f2fd2f07000)
 Metaspace       used 29903K, capacity 30329K, committed 30464K, reserved 30720K
}
Event: 939.127 GC heap after
{Heap after GC invocations=61 (full 6):
 def new generation   total 3538304K, used 393087K [0x00007f2348600000, 0x00007f2438540000, 0x00007f2df30a0000)
  eden space 3145216K,   0% used [0x00007f2348600000, 0x00007f2348600000, 0x00007f2408580000)
  from space 393088K,  99% used [0x00007f2420560000, 0x00007f243853fff8, 0x00007f2438540000)
  to   space 393088K,   0% used [0x00007f2408580000, 0x00007f2408580000, 0x00007f2420560000)
 tenured generation   total 8627612K, used 8627538K [0x00007f2df30a0000, 0x00007f3001a07000, 0x00007f4348600000)
   the space 8627612K,  99% used [0x00007f2df30a0000, 0x00007f30019f4ad0, 0x00007f30019f4c00, 0x00007f3001a07000)
 Metaspace       used 29903K, capacity 30329K, committed 30464K, reserved 30720K
}
Event: 939.127 GC heap before
{Heap before GC invocations=61 (full 6):
 def new generation   total 3538304K, used 393087K [0x00007f2348600000, 0x00007f2438540000, 0x00007f2df30a0000)
  eden space 3145216K,   0% used [0x00007f2348600000, 0x00007f2348600000, 0x00007f2408580000)
  from space 393088K,  99% used [0x00007f2420560000, 0x00007f243853fff8, 0x00007f2438540000)
  to   space 393088K,   0% used [0x00007f2408580000, 0x00007f2408580000, 0x00007f2420560000)
 tenured generation   total 8627612K, used 8627538K [0x00007f2df30a0000, 0x00007f3001a07000, 0x00007f4348600000)
   the space 8627612K,  99% used [0x00007f2df30a0000, 0x00007f30019f4ad0, 0x00007f30019f4c00, 0x00007f3001a07000)
 Metaspace       used 29903K, capacity 30329K, committed 30464K, reserved 30720K
}
Event: 950.825 GC heap after
{Heap after GC invocations=61 (full 7):
 def new generation   total 3538304K, used 0K [0x00007f2348600000, 0x00007f2438540000, 0x00007f2df30a0000)
  eden space 3145216K,   0% used [0x00007f2348600000, 0x00007f2348600000, 0x00007f2408580000)
  from space 393088K,   0% used [0x00007f2420560000, 0x00007f2420560000, 0x00007f2438540000)
  to   space 393088K,   0% used [0x00007f2408580000, 0x00007f2408580000, 0x00007f2420560000)
 tenured generation   total 7862684K, used 4216196K [0x00007f2df30a0000, 0x00007f2fd2f07000, 0x00007f4348600000)
   the space 7862684K,  53% used [0x00007f2df30a0000, 0x00007f2ef46011a0, 0x00007f2ef4601200, 0x00007f2fd2f07000)
 Metaspace       used 29903K, capacity 30329K, committed 30464K, reserved 30720K
}
Event: 953.731 GC heap before
{Heap before GC invocations=61 (full 7):
 def new generation   total 3538304K, used 3145216K [0x00007f2348600000, 0x00007f2438540000, 0x00007f2df30a0000)
  eden space 3145216K, 100% used [0x00007f2348600000, 0x00007f2408580000, 0x00007f2408580000)
  from space 393088K,   0% used [0x00007f2420560000, 0x00007f2420560000, 0x00007f2438540000)
  to   space 393088K,   0% used [0x00007f2408580000, 0x00007f2408580000, 0x00007f2420560000)
 tenured generation   total 7862684K, used 4216196K [0x00007f2df30a0000, 0x00007f2fd2f07000, 0x00007f4348600000)
   the space 7862684K,  53% used [0x00007f2df30a0000, 0x00007f2ef46011a0, 0x00007f2ef4601200, 0x00007f2fd2f07000)
 Metaspace       used 29951K, capacity 30393K, committed 30464K, reserved 30720K
}
Event: 956.386 GC heap after
{Heap after GC invocations=62 (full 7):
 def new generation   total 3538304K, used 393088K [0x00007f2348600000, 0x00007f2438540000, 0x00007f2df30a0000)
  eden space 3145216K,   0% used [0x00007f2348600000, 0x00007f2348600000, 0x00007f2408580000)
  from space 393088K, 100% used [0x00007f2408580000, 0x00007f2420560000, 0x00007f2420560000)
  to   space 393088K,   0% used [0x00007f2420560000, 0x00007f2420560000, 0x00007f2438540000)
 tenured generation   total 7862684K, used 6100432K [0x00007f2df30a0000, 0x00007f2fd2f07000, 0x00007f4348600000)
   the space 7862684K,  77% used [0x00007f2df30a0000, 0x00007f2f67614018, 0x00007f2f67614200, 0x00007f2fd2f07000)
 Metaspace       used 29951K, capacity 30393K, committed 30464K, reserved 30720K
}
Event: 958.152 GC heap before
{Heap before GC invocations=62 (full 7):
 def new generation   total 3538304K, used 3538303K [0x00007f2348600000, 0x00007f2438540000, 0x00007f2df30a0000)
  eden space 3145216K,  99% used [0x00007f2348600000, 0x00007f240857fd90, 0x00007f2408580000)
  from space 393088K, 100% used [0x00007f2408580000, 0x00007f2420560000, 0x00007f2420560000)
  to   space 393088K,   0% used [0x00007f2420560000, 0x00007f2420560000, 0x00007f2438540000)
 tenured generation   total 7862684K, used 6100432K [0x00007f2df30a0000, 0x00007f2fd2f07000, 0x00007f4348600000)
   the space 7862684K,  77% used [0x00007f2df30a0000, 0x00007f2f67614018, 0x00007f2f67614200, 0x00007f2fd2f07000)
 Metaspace       used 29951K, capacity 30393K, committed 30464K, reserved 30720K
}
Event: 961.579 GC heap after
{Heap after GC invocations=63 (full 7):
 def new generation   total 3538304K, used 393087K [0x00007f2348600000, 0x00007f2438540000, 0x00007f2df30a0000)
  eden space 3145216K,   0% used [0x00007f2348600000, 0x00007f2348600000, 0x00007f2408580000)
  from space 393088K,  99% used [0x00007f2420560000, 0x00007f243853ff40, 0x00007f2438540000)
  to   space 393088K,   0% used [0x00007f2408580000, 0x00007f2408580000, 0x00007f2420560000)
 tenured generation   total 9245660K, used 9245599K [0x00007f2df30a0000, 0x00007f3027597000, 0x00007f4348600000)
   the space 9245660K,  99% used [0x00007f2df30a0000, 0x00007f3027587e38, 0x00007f3027588000, 0x00007f3027597000)
 Metaspace       used 29951K, capacity 30393K, committed 30464K, reserved 30720K
}
Event: 961.579 GC heap before
{Heap before GC invocations=63 (full 7):
 def new generation   total 3538304K, used 393087K [0x00007f2348600000, 0x00007f2438540000, 0x00007f2df30a0000)
  eden space 3145216K,   0% used [0x00007f2348600000, 0x00007f2348600000, 0x00007f2408580000)
  from space 393088K,  99% used [0x00007f2420560000, 0x00007f243853ff40, 0x00007f2438540000)
  to   space 393088K,   0% used [0x00007f2408580000, 0x00007f2408580000, 0x00007f2420560000)
 tenured generation   total 9245660K, used 9245599K [0x00007f2df30a0000, 0x00007f3027597000, 0x00007f4348600000)
   the space 9245660K,  99% used [0x00007f2df30a0000, 0x00007f3027587e38, 0x00007f3027588000, 0x00007f3027597000)
 Metaspace       used 29951K, capacity 30393K, committed 30464K, reserved 30720K
}

