# JRE version: OpenJDK Runtime Environment (13.0.7+5) (build 13.0.7+5-Ubuntu-0ubuntu120.04)
# Java VM: OpenJDK 64-Bit Server VM (13.0.7+5-Ubuntu-0ubuntu120.04, mixed mode, tiered, serial gc, linux-amd64)
Heap:
 def new generation   total 5136512K, used 15007K [0x00007fa6a4600000, 0x00007fa800b70000, 0x00007fb14f0a0000)
  eden space 4565824K,   0% used [0x00007fa6a4600000, 0x00007fa6a54a7c50, 0x00007fa7bb0d0000)
  from space 570688K,   0% used [0x00007fa7bb0d0000, 0x00007fa7bb0d0000, 0x00007fa7dde20000)
  to   space 570688K,   0% used [0x00007fa7dde20000, 0x00007fa7dde20000, 0x00007fa800b70000)
 tenured generation   total 15358440K, used 15358439K [0x00007fb14f0a0000, 0x00007fb4f871a000, 0x00007fc6a4600000)
   the space 15358440K,  99% used [0x00007fb14f0a0000, 0x00007fb4f8719ef8, 0x00007fb4f871a000, 0x00007fb4f871a000)
 Metaspace       used 30014K, capacity 30471K, committed 30720K, reserved 30720K
GC Heap History (20 events):
Event: 488.028 GC heap after
{Heap after GC invocations=58 (full 5):
 def new generation   total 2750976K, used 292870K [0x00007fa6a4600000, 0x00007fa75eef0000, 0x00007fb14f0a0000)
  eden space 2445376K,   0% used [0x00007fa6a4600000, 0x00007fa6a4600000, 0x00007fa739a10000)
  from space 305600K,  95% used [0x00007fa74c480000, 0x00007fa75e281bc8, 0x00007fa75eef0000)
  to   space 305600K,   0% used [0x00007fa739a10000, 0x00007fa739a10000, 0x00007fa74c480000)
 tenured generation   total 6113096K, used 4149936K [0x00007fb14f0a0000, 0x00007fb2c4272000, 0x00007fc6a4600000)
   the space 6113096K,  67% used [0x00007fb14f0a0000, 0x00007fb24c54c1a0, 0x00007fb24c54c200, 0x00007fb2c4272000)
 Metaspace       used 29890K, capacity 30343K, committed 30464K, reserved 30720K
}
Event: 607.307 GC heap before
{Heap before GC invocations=58 (full 5):
 def new generation   total 2750976K, used 2738246K [0x00007fa6a4600000, 0x00007fa75eef0000, 0x00007fb14f0a0000)
  eden space 2445376K, 100% used [0x00007fa6a4600000, 0x00007fa739a10000, 0x00007fa739a10000)
  from space 305600K,  95% used [0x00007fa74c480000, 0x00007fa75e281bc8, 0x00007fa75eef0000)
  to   space 305600K,   0% used [0x00007fa739a10000, 0x00007fa739a10000, 0x00007fa74c480000)
 tenured generation   total 6113096K, used 4149936K [0x00007fb14f0a0000, 0x00007fb2c4272000, 0x00007fc6a4600000)
   the space 6113096K,  67% used [0x00007fb14f0a0000, 0x00007fb24c54c1a0, 0x00007fb24c54c200, 0x00007fb2c4272000)
 Metaspace       used 29890K, capacity 30343K, committed 30464K, reserved 30720K
}
Event: 622.950 GC heap after
{Heap after GC invocations=59 (full 5):
 def new generation   total 2750976K, used 305600K [0x00007fa6a4600000, 0x00007fa75eef0000, 0x00007fb14f0a0000)
  eden space 2445376K,   0% used [0x00007fa6a4600000, 0x00007fa6a4600000, 0x00007fa739a10000)
  from space 305600K, 100% used [0x00007fa739a10000, 0x00007fa74c480000, 0x00007fa74c480000)
  to   space 305600K,   0% used [0x00007fa74c480000, 0x00007fa74c480000, 0x00007fa75eef0000)
 tenured generation   total 6113096K, used 6072586K [0x00007fb14f0a0000, 0x00007fb2c4272000, 0x00007fc6a4600000)
   the space 6113096K,  99% used [0x00007fb14f0a0000, 0x00007fb2c1ae2b90, 0x00007fb2c1ae2c00, 0x00007fb2c4272000)
 Metaspace       used 29890K, capacity 30343K, committed 30464K, reserved 30720K
}
Event: 866.553 GC heap before
{Heap before GC invocations=59 (full 5):
 def new generation   total 2750976K, used 2750976K [0x00007fa6a4600000, 0x00007fa75eef0000, 0x00007fb14f0a0000)
  eden space 2445376K, 100% used [0x00007fa6a4600000, 0x00007fa739a10000, 0x00007fa739a10000)
  from space 305600K, 100% used [0x00007fa739a10000, 0x00007fa74c480000, 0x00007fa74c480000)
  to   space 305600K,   0% used [0x00007fa74c480000, 0x00007fa74c480000, 0x00007fa75eef0000)
 tenured generation   total 6113096K, used 6072586K [0x00007fb14f0a0000, 0x00007fb2c4272000, 0x00007fc6a4600000)
   the space 6113096K,  99% used [0x00007fb14f0a0000, 0x00007fb2c1ae2b90, 0x00007fb2c1ae2c00, 0x00007fb2c4272000)
 Metaspace       used 29890K, capacity 30343K, committed 30464K, reserved 30720K
}
Event: 870.795 GC heap after
{Heap after GC invocations=60 (full 5):
 def new generation   total 2750976K, used 305599K [0x00007fa6a4600000, 0x00007fa75eef0000, 0x00007fb14f0a0000)
  eden space 2445376K,   0% used [0x00007fa6a4600000, 0x00007fa6a4600000, 0x00007fa739a10000)
  from space 305600K,  99% used [0x00007fa74c480000, 0x00007fa75eeefff0, 0x00007fa75eef0000)
  to   space 305600K,   0% used [0x00007fa739a10000, 0x00007fa739a10000, 0x00007fa74c480000)
 tenured generation   total 6587504K, used 6587396K [0x00007fb14f0a0000, 0x00007fb2e11bc000, 0x00007fc6a4600000)
   the space 6587504K,  99% used [0x00007fb14f0a0000, 0x00007fb2e11a12e0, 0x00007fb2e11a1400, 0x00007fb2e11bc000)
 Metaspace       used 29890K, capacity 30343K, committed 30464K, reserved 30720K
}
Event: 870.795 GC heap before
{Heap before GC invocations=60 (full 5):
 def new generation   total 2750976K, used 305599K [0x00007fa6a4600000, 0x00007fa75eef0000, 0x00007fb14f0a0000)
  eden space 2445376K,   0% used [0x00007fa6a4600000, 0x00007fa6a4600000, 0x00007fa739a10000)
  from space 305600K,  99% used [0x00007fa74c480000, 0x00007fa75eeefff0, 0x00007fa75eef0000)
  to   space 305600K,   0% used [0x00007fa739a10000, 0x00007fa739a10000, 0x00007fa74c480000)
 tenured generation   total 6587504K, used 6587396K [0x00007fb14f0a0000, 0x00007fb2e11bc000, 0x00007fc6a4600000)
   the space 6587504K,  99% used [0x00007fb14f0a0000, 0x00007fb2e11a12e0, 0x00007fb2e11a1400, 0x00007fb2e11bc000)
 Metaspace       used 29890K, capacity 30343K, committed 30464K, reserved 30720K
}
Event: 917.123 GC heap after
{Heap after GC invocations=60 (full 6):
 def new generation   total 3885248K, used 0K [0x00007fa6a4600000, 0x00007fa7abdc0000, 0x00007fb14f0a0000)
  eden space 3453568K,   0% used [0x00007fa6a4600000, 0x00007fa6a4600000, 0x00007fa7772a0000)
  from space 431680K,   0% used [0x00007fa7772a0000, 0x00007fa7772a0000, 0x00007fa791830000)
  to   space 431680K,   0% used [0x00007fa791830000, 0x00007fa791830000, 0x00007fa7abdc0000)
 tenured generation   total 8633772K, used 5180262K [0x00007fb14f0a0000, 0x00007fb35e00b000, 0x00007fc6a4600000)
   the space 8633772K,  59% used [0x00007fb14f0a0000, 0x00007fb28b379aa8, 0x00007fb28b379c00, 0x00007fb35e00b000)
 Metaspace       used 29890K, capacity 30343K, committed 30464K, reserved 30720K
}
Event: 1101.331 GC heap before
{Heap before GC invocations=60 (full 6):
 def new generation   total 3885248K, used 3453568K [0x00007fa6a4600000, 0x00007fa7abdc0000, 0x00007fb14f0a0000)
  eden space 3453568K, 100% used [0x00007fa6a4600000, 0x00007fa7772a0000, 0x00007fa7772a0000)
  from space 431680K,   0% used [0x00007fa7772a0000, 0x00007fa7772a0000, 0x00007fa791830000)
  to   space 431680K,   0% used [0x00007fa791830000, 0x00007fa791830000, 0x00007fa7abdc0000)
 tenured generation   total 8633772K, used 5180262K [0x00007fb14f0a0000, 0x00007fb35e00b000, 0x00007fc6a4600000)
   the space 8633772K,  59% used [0x00007fb14f0a0000, 0x00007fb28b379aa8, 0x00007fb28b379c00, 0x00007fb35e00b000)
 Metaspace       used 29890K, capacity 30343K, committed 30464K, reserved 30720K
}
Event: 1106.576 GC heap after
{Heap after GC invocations=61 (full 6):
 def new generation   total 3885248K, used 431680K [0x00007fa6a4600000, 0x00007fa7abdc0000, 0x00007fb14f0a0000)
  eden space 3453568K,   0% used [0x00007fa6a4600000, 0x00007fa6a4600000, 0x00007fa7772a0000)
  from space 431680K, 100% used [0x00007fa791830000, 0x00007fa7abdc0000, 0x00007fa7abdc0000)
  to   space 431680K,   0% used [0x00007fa7772a0000, 0x00007fa7772a0000, 0x00007fa791830000)
 tenured generation   total 8633772K, used 6151349K [0x00007fb14f0a0000, 0x00007fb35e00b000, 0x00007fc6a4600000)
   the space 8633772K,  71% used [0x00007fb14f0a0000, 0x00007fb2c67cd7a8, 0x00007fb2c67cd800, 0x00007fb35e00b000)
 Metaspace       used 29890K, capacity 30343K, committed 30464K, reserved 30720K
}
Event: 1126.423 GC heap before
{Heap before GC invocations=61 (full 6):
 def new generation   total 3885248K, used 3885248K [0x00007fa6a4600000, 0x00007fa7abdc0000, 0x00007fb14f0a0000)
  eden space 3453568K, 100% used [0x00007fa6a4600000, 0x00007fa7772a0000, 0x00007fa7772a0000)
  from space 431680K, 100% used [0x00007fa791830000, 0x00007fa7abdc0000, 0x00007fa7abdc0000)
  to   space 431680K,   0% used [0x00007fa7772a0000, 0x00007fa7772a0000, 0x00007fa791830000)
 tenured generation   total 8633772K, used 6151349K [0x00007fb14f0a0000, 0x00007fb35e00b000, 0x00007fc6a4600000)
   the space 8633772K,  71% used [0x00007fb14f0a0000, 0x00007fb2c67cd7a8, 0x00007fb2c67cd800, 0x00007fb35e00b000)
 Metaspace       used 29891K, capacity 30343K, committed 30464K, reserved 30720K
}
Event: 1136.684 GC heap after
{Heap after GC invocations=62 (full 6):
 def new generation   total 3885248K, used 431679K [0x00007fa6a4600000, 0x00007fa7abdc0000, 0x00007fb14f0a0000)
  eden space 3453568K,   0% used [0x00007fa6a4600000, 0x00007fa6a4600000, 0x00007fa7772a0000)
  from space 431680K,  99% used [0x00007fa7772a0000, 0x00007fa79182fff0, 0x00007fa791830000)
  to   space 431680K,   0% used [0x00007fa791830000, 0x00007fa791830000, 0x00007fa7abdc0000)
 tenured generation   total 8633772K, used 8208444K [0x00007fb14f0a0000, 0x00007fb35e00b000, 0x00007fc6a4600000)
   the space 8633772K,  95% used [0x00007fb14f0a0000, 0x00007fb3440af088, 0x00007fb3440af200, 0x00007fb35e00b000)
 Metaspace       used 29891K, capacity 30343K, committed 30464K, reserved 30720K
}
Event: 1143.901 GC heap before
{Heap before GC invocations=62 (full 6):
 def new generation   total 3885248K, used 3885247K [0x00007fa6a4600000, 0x00007fa7abdc0000, 0x00007fb14f0a0000)
  eden space 3453568K, 100% used [0x00007fa6a4600000, 0x00007fa7772a0000, 0x00007fa7772a0000)
  from space 431680K,  99% used [0x00007fa7772a0000, 0x00007fa79182fff0, 0x00007fa791830000)
  to   space 431680K,   0% used [0x00007fa791830000, 0x00007fa791830000, 0x00007fa7abdc0000)
 tenured generation   total 8633772K, used 8208444K [0x00007fb14f0a0000, 0x00007fb35e00b000, 0x00007fc6a4600000)
   the space 8633772K,  95% used [0x00007fb14f0a0000, 0x00007fb3440af088, 0x00007fb3440af200, 0x00007fb35e00b000)
 Metaspace       used 29940K, capacity 30407K, committed 30720K, reserved 30720K
}
Event: 1151.379 GC heap after
{Heap after GC invocations=63 (full 6):
 def new generation   total 3885248K, used 431680K [0x00007fa6a4600000, 0x00007fa7abdc0000, 0x00007fb14f0a0000)
  eden space 3453568K,   0% used [0x00007fa6a4600000, 0x00007fa6a4600000, 0x00007fa7772a0000)
  from space 431680K, 100% used [0x00007fa791830000, 0x00007fa7abdc0000, 0x00007fa7abdc0000)
  to   space 431680K,   0% used [0x00007fa7772a0000, 0x00007fa7772a0000, 0x00007fa791830000)
 tenured generation   total 11113068K, used 11113020K [0x00007fb14f0a0000, 0x00007fb3f553b000, 0x00007fc6a4600000)
   the space 11113068K,  99% used [0x00007fb14f0a0000, 0x00007fb3f552f3e0, 0x00007fb3f552f400, 0x00007fb3f553b000)
 Metaspace       used 29940K, capacity 30407K, committed 30720K, reserved 30720K
}
Event: 1151.379 GC heap before
{Heap before GC invocations=63 (full 6):
 def new generation   total 3885248K, used 431680K [0x00007fa6a4600000, 0x00007fa7abdc0000, 0x00007fb14f0a0000)
  eden space 3453568K,   0% used [0x00007fa6a4600000, 0x00007fa6a4600000, 0x00007fa7772a0000)
  from space 431680K, 100% used [0x00007fa791830000, 0x00007fa7abdc0000, 0x00007fa7abdc0000)
  to   space 431680K,   0% used [0x00007fa7772a0000, 0x00007fa7772a0000, 0x00007fa791830000)
 tenured generation   total 11113068K, used 11113020K [0x00007fb14f0a0000, 0x00007fb3f553b000, 0x00007fc6a4600000)
   the space 11113068K,  99% used [0x00007fb14f0a0000, 0x00007fb3f552f3e0, 0x00007fb3f552f400, 0x00007fb3f553b000)
 Metaspace       used 29940K, capacity 30407K, committed 30720K, reserved 30720K
}
Event: 1184.844 GC heap after
{Heap after GC invocations=63 (full 7):
 def new generation   total 5136512K, used 0K [0x00007fa6a4600000, 0x00007fa800b70000, 0x00007fb14f0a0000)
  eden space 4565824K,   0% used [0x00007fa6a4600000, 0x00007fa6a4600000, 0x00007fa7bb0d0000)
  from space 570688K,   0% used [0x00007fa7bb0d0000, 0x00007fa7bb0d0000, 0x00007fa7dde20000)
  to   space 570688K,   0% used [0x00007fa7dde20000, 0x00007fa7dde20000, 0x00007fa800b70000)
 tenured generation   total 11414376K, used 6848624K [0x00007fb14f0a0000, 0x00007fb407b7a000, 0x00007fc6a4600000)
   the space 11414376K,  59% used [0x00007fb14f0a0000, 0x00007fb2f10bc008, 0x00007fb2f10bc200, 0x00007fb407b7a000)
 Metaspace       used 29940K, capacity 30407K, committed 30720K, reserved 30720K
}
Event: 1190.462 GC heap before
{Heap before GC invocations=63 (full 7):
 def new generation   total 5136512K, used 4565824K [0x00007fa6a4600000, 0x00007fa800b70000, 0x00007fb14f0a0000)
  eden space 4565824K, 100% used [0x00007fa6a4600000, 0x00007fa7bb0d0000, 0x00007fa7bb0d0000)
  from space 570688K,   0% used [0x00007fa7bb0d0000, 0x00007fa7bb0d0000, 0x00007fa7dde20000)
  to   space 570688K,   0% used [0x00007fa7dde20000, 0x00007fa7dde20000, 0x00007fa800b70000)
 tenured generation   total 11414376K, used 6848624K [0x00007fb14f0a0000, 0x00007fb407b7a000, 0x00007fc6a4600000)
   the space 11414376K,  59% used [0x00007fb14f0a0000, 0x00007fb2f10bc008, 0x00007fb2f10bc200, 0x00007fb407b7a000)
 Metaspace       used 29940K, capacity 30407K, committed 30720K, reserved 30720K
}
Event: 1197.272 GC heap after
{Heap after GC invocations=64 (full 7):
 def new generation   total 5136512K, used 570687K [0x00007fa6a4600000, 0x00007fa800b70000, 0x00007fb14f0a0000)
  eden space 4565824K,   0% used [0x00007fa6a4600000, 0x00007fa6a4600000, 0x00007fa7bb0d0000)
  from space 570688K,  99% used [0x00007fa7dde20000, 0x00007fa800b6fe40, 0x00007fa800b70000)
  to   space 570688K,   0% used [0x00007fa7bb0d0000, 0x00007fa7bb0d0000, 0x00007fa7dde20000)
 tenured generation   total 11414376K, used 10843713K [0x00007fb14f0a0000, 0x00007fb407b7a000, 0x00007fc6a4600000)
   the space 11414376K,  95% used [0x00007fb14f0a0000, 0x00007fb3e4e30688, 0x00007fb3e4e30800, 0x00007fb407b7a000)
 Metaspace       used 29940K, capacity 30407K, committed 30720K, reserved 30720K
}
Event: 1205.506 GC heap before
{Heap before GC invocations=64 (full 7):
 def new generation   total 5136512K, used 5136511K [0x00007fa6a4600000, 0x00007fa800b70000, 0x00007fb14f0a0000)
  eden space 4565824K, 100% used [0x00007fa6a4600000, 0x00007fa7bb0d0000, 0x00007fa7bb0d0000)
  from space 570688K,  99% used [0x00007fa7dde20000, 0x00007fa800b6fe40, 0x00007fa800b70000)
  to   space 570688K,   0% used [0x00007fa7bb0d0000, 0x00007fa7bb0d0000, 0x00007fa7dde20000)
 tenured generation   total 11414376K, used 10843713K [0x00007fb14f0a0000, 0x00007fb407b7a000, 0x00007fc6a4600000)
   the space 11414376K,  95% used [0x00007fb14f0a0000, 0x00007fb3e4e30688, 0x00007fb3e4e30800, 0x00007fb407b7a000)
 Metaspace       used 30014K, capacity 30471K, committed 30720K, reserved 30720K
}
Event: 1216.838 GC heap after
{Heap after GC invocations=65 (full 7):
 def new generation   total 5136512K, used 570688K [0x00007fa6a4600000, 0x00007fa800b70000, 0x00007fb14f0a0000)
  eden space 4565824K,   0% used [0x00007fa6a4600000, 0x00007fa6a4600000, 0x00007fa7bb0d0000)
  from space 570688K, 100% used [0x00007fa7bb0d0000, 0x00007fa7dde20000, 0x00007fa7dde20000)
  to   space 570688K,   0% used [0x00007fa7dde20000, 0x00007fa7dde20000, 0x00007fa800b70000)
 tenured generation   total 15358440K, used 15358424K [0x00007fb14f0a0000, 0x00007fb4f871a000, 0x00007fc6a4600000)
   the space 15358440K,  99% used [0x00007fb14f0a0000, 0x00007fb4f8716060, 0x00007fb4f8716200, 0x00007fb4f871a000)
 Metaspace       used 30014K, capacity 30471K, committed 30720K, reserved 30720K
}
Event: 1216.838 GC heap before
{Heap before GC invocations=65 (full 7):
 def new generation   total 5136512K, used 570688K [0x00007fa6a4600000, 0x00007fa800b70000, 0x00007fb14f0a0000)
  eden space 4565824K,   0% used [0x00007fa6a4600000, 0x00007fa6a4600000, 0x00007fa7bb0d0000)
  from space 570688K, 100% used [0x00007fa7bb0d0000, 0x00007fa7dde20000, 0x00007fa7dde20000)
  to   space 570688K,   0% used [0x00007fa7dde20000, 0x00007fa7dde20000, 0x00007fa800b70000)
 tenured generation   total 15358440K, used 15358424K [0x00007fb14f0a0000, 0x00007fb4f871a000, 0x00007fc6a4600000)
   the space 15358440K,  99% used [0x00007fb14f0a0000, 0x00007fb4f8716060, 0x00007fb4f8716200, 0x00007fb4f871a000)
 Metaspace       used 30014K, capacity 30471K, committed 30720K, reserved 30720K
}

