# JRE version: OpenJDK Runtime Environment (13.0.7+5) (build 13.0.7+5-Ubuntu-0ubuntu120.04)
# Java VM: OpenJDK 64-Bit Server VM (13.0.7+5-Ubuntu-0ubuntu120.04, mixed mode, tiered, serial gc, linux-amd64)
Heap:
 def new generation   total 629248K, used 0K [0x00007f1e90600000, 0x00007f1ebb0c0000, 0x00007f293b0a0000)
  eden space 559360K,   0% used [0x00007f1e90600000, 0x00007f1e90600000, 0x00007f1eb2840000)
  from space 69888K,   0% used [0x00007f1eb6c80000, 0x00007f1eb6c80000, 0x00007f1ebb0c0000)
  to   space 69888K,   0% used [0x00007f1eb2840000, 0x00007f1eb2840000, 0x00007f1eb6c80000)
 tenured generation   total 1437120K, used 1324284K [0x00007f293b0a0000, 0x00007f2992c10000, 0x00007f3e90600000)
   the space 1437120K,  92% used [0x00007f293b0a0000, 0x00007f298bddf0a8, 0x00007f298bddf200, 0x00007f2992c10000)
 Metaspace       used 29955K, capacity 30392K, committed 30720K, reserved 30720K
GC Heap History (20 events):
Event: 40.622 GC heap after
{Heap after GC invocations=17 (full 1):
 def new generation   total 629248K, used 57722K [0x00007f1e90600000, 0x00007f1ebb0c0000, 0x00007f293b0a0000)
  eden space 559360K,   0% used [0x00007f1e90600000, 0x00007f1e90600000, 0x00007f1eb2840000)
  from space 69888K,  82% used [0x00007f1eb2840000, 0x00007f1eb609eb48, 0x00007f1eb6c80000)
  to   space 69888K,   0% used [0x00007f1eb6c80000, 0x00007f1eb6c80000, 0x00007f1ebb0c0000)
 tenured generation   total 1398144K, used 970400K [0x00007f293b0a0000, 0x00007f2990600000, 0x00007f3e90600000)
   the space 1398144K,  69% used [0x00007f293b0a0000, 0x00007f29764483a0, 0x00007f2976448400, 0x00007f2990600000)
 Metaspace       used 29955K, capacity 30392K, committed 30720K, reserved 30720K
}
Event: 40.942 GC heap before
{Heap before GC invocations=17 (full 1):
 def new generation   total 629248K, used 617082K [0x00007f1e90600000, 0x00007f1ebb0c0000, 0x00007f293b0a0000)
  eden space 559360K, 100% used [0x00007f1e90600000, 0x00007f1eb2840000, 0x00007f1eb2840000)
  from space 69888K,  82% used [0x00007f1eb2840000, 0x00007f1eb609eb48, 0x00007f1eb6c80000)
  to   space 69888K,   0% used [0x00007f1eb6c80000, 0x00007f1eb6c80000, 0x00007f1ebb0c0000)
 tenured generation   total 1398144K, used 970400K [0x00007f293b0a0000, 0x00007f2990600000, 0x00007f3e90600000)
   the space 1398144K,  69% used [0x00007f293b0a0000, 0x00007f29764483a0, 0x00007f2976448400, 0x00007f2990600000)
 Metaspace       used 29955K, capacity 30392K, committed 30720K, reserved 30720K
}
Event: 41.199 GC heap after
{Heap after GC invocations=18 (full 1):
 def new generation   total 629248K, used 44297K [0x00007f1e90600000, 0x00007f1ebb0c0000, 0x00007f293b0a0000)
  eden space 559360K,   0% used [0x00007f1e90600000, 0x00007f1e90600000, 0x00007f1eb2840000)
  from space 69888K,  63% used [0x00007f1eb6c80000, 0x00007f1eb97c26c0, 0x00007f1ebb0c0000)
  to   space 69888K,   0% used [0x00007f1eb2840000, 0x00007f1eb2840000, 0x00007f1eb6c80000)
 tenured generation   total 1398144K, used 1028123K [0x00007f293b0a0000, 0x00007f2990600000, 0x00007f3e90600000)
   the space 1398144K,  73% used [0x00007f293b0a0000, 0x00007f2979ca6db8, 0x00007f2979ca6e00, 0x00007f2990600000)
 Metaspace       used 29955K, capacity 30392K, committed 30720K, reserved 30720K
}
Event: 41.481 GC heap before
{Heap before GC invocations=18 (full 1):
 def new generation   total 629248K, used 603657K [0x00007f1e90600000, 0x00007f1ebb0c0000, 0x00007f293b0a0000)
  eden space 559360K, 100% used [0x00007f1e90600000, 0x00007f1eb2840000, 0x00007f1eb2840000)
  from space 69888K,  63% used [0x00007f1eb6c80000, 0x00007f1eb97c26c0, 0x00007f1ebb0c0000)
  to   space 69888K,   0% used [0x00007f1eb2840000, 0x00007f1eb2840000, 0x00007f1eb6c80000)
 tenured generation   total 1398144K, used 1028123K [0x00007f293b0a0000, 0x00007f2990600000, 0x00007f3e90600000)
   the space 1398144K,  73% used [0x00007f293b0a0000, 0x00007f2979ca6db8, 0x00007f2979ca6e00, 0x00007f2990600000)
 Metaspace       used 29955K, capacity 30392K, committed 30720K, reserved 30720K
}
Event: 41.735 GC heap after
{Heap after GC invocations=19 (full 1):
 def new generation   total 629248K, used 42992K [0x00007f1e90600000, 0x00007f1ebb0c0000, 0x00007f293b0a0000)
  eden space 559360K,   0% used [0x00007f1e90600000, 0x00007f1e90600000, 0x00007f1eb2840000)
  from space 69888K,  61% used [0x00007f1eb2840000, 0x00007f1eb523c0f0, 0x00007f1eb6c80000)
  to   space 69888K,   0% used [0x00007f1eb6c80000, 0x00007f1eb6c80000, 0x00007f1ebb0c0000)
 tenured generation   total 1398144K, used 1072420K [0x00007f293b0a0000, 0x00007f2990600000, 0x00007f3e90600000)
   the space 1398144K,  76% used [0x00007f293b0a0000, 0x00007f297c7e91f8, 0x00007f297c7e9200, 0x00007f2990600000)
 Metaspace       used 29955K, capacity 30392K, committed 30720K, reserved 30720K
}
Event: 42.045 GC heap before
{Heap before GC invocations=19 (full 1):
 def new generation   total 629248K, used 602352K [0x00007f1e90600000, 0x00007f1ebb0c0000, 0x00007f293b0a0000)
  eden space 559360K, 100% used [0x00007f1e90600000, 0x00007f1eb2840000, 0x00007f1eb2840000)
  from space 69888K,  61% used [0x00007f1eb2840000, 0x00007f1eb523c0f0, 0x00007f1eb6c80000)
  to   space 69888K,   0% used [0x00007f1eb6c80000, 0x00007f1eb6c80000, 0x00007f1ebb0c0000)
 tenured generation   total 1398144K, used 1072420K [0x00007f293b0a0000, 0x00007f2990600000, 0x00007f3e90600000)
   the space 1398144K,  76% used [0x00007f293b0a0000, 0x00007f297c7e91f8, 0x00007f297c7e9200, 0x00007f2990600000)
 Metaspace       used 29955K, capacity 30392K, committed 30720K, reserved 30720K
}
Event: 42.353 GC heap after
{Heap after GC invocations=20 (full 1):
 def new generation   total 629248K, used 69888K [0x00007f1e90600000, 0x00007f1ebb0c0000, 0x00007f293b0a0000)
  eden space 559360K,   0% used [0x00007f1e90600000, 0x00007f1e90600000, 0x00007f1eb2840000)
  from space 69888K, 100% used [0x00007f1eb6c80000, 0x00007f1ebb0c0000, 0x00007f1ebb0c0000)
  to   space 69888K,   0% used [0x00007f1eb2840000, 0x00007f1eb2840000, 0x00007f1eb6c80000)
 tenured generation   total 1398144K, used 1119096K [0x00007f293b0a0000, 0x00007f2990600000, 0x00007f3e90600000)
   the space 1398144K,  80% used [0x00007f293b0a0000, 0x00007f297f57e158, 0x00007f297f57e200, 0x00007f2990600000)
 Metaspace       used 29955K, capacity 30392K, committed 30720K, reserved 30720K
}
Event: 42.626 GC heap before
{Heap before GC invocations=20 (full 1):
 def new generation   total 629248K, used 629248K [0x00007f1e90600000, 0x00007f1ebb0c0000, 0x00007f293b0a0000)
  eden space 559360K, 100% used [0x00007f1e90600000, 0x00007f1eb2840000, 0x00007f1eb2840000)
  from space 69888K, 100% used [0x00007f1eb6c80000, 0x00007f1ebb0c0000, 0x00007f1ebb0c0000)
  to   space 69888K,   0% used [0x00007f1eb2840000, 0x00007f1eb2840000, 0x00007f1eb6c80000)
 tenured generation   total 1398144K, used 1119096K [0x00007f293b0a0000, 0x00007f2990600000, 0x00007f3e90600000)
   the space 1398144K,  80% used [0x00007f293b0a0000, 0x00007f297f57e158, 0x00007f297f57e200, 0x00007f2990600000)
 Metaspace       used 29955K, capacity 30392K, committed 30720K, reserved 30720K
}
Event: 42.922 GC heap after
{Heap after GC invocations=21 (full 1):
 def new generation   total 629248K, used 47150K [0x00007f1e90600000, 0x00007f1ebb0c0000, 0x00007f293b0a0000)
  eden space 559360K,   0% used [0x00007f1e90600000, 0x00007f1e90600000, 0x00007f1eb2840000)
  from space 69888K,  67% used [0x00007f1eb2840000, 0x00007f1eb564b830, 0x00007f1eb6c80000)
  to   space 69888K,   0% used [0x00007f1eb6c80000, 0x00007f1eb6c80000, 0x00007f1ebb0c0000)
 tenured generation   total 1398144K, used 1188983K [0x00007f293b0a0000, 0x00007f2990600000, 0x00007f3e90600000)
   the space 1398144K,  85% used [0x00007f293b0a0000, 0x00007f29839bdf88, 0x00007f29839be000, 0x00007f2990600000)
 Metaspace       used 29955K, capacity 30392K, committed 30720K, reserved 30720K
}
Event: 43.211 GC heap before
{Heap before GC invocations=21 (full 1):
 def new generation   total 629248K, used 606510K [0x00007f1e90600000, 0x00007f1ebb0c0000, 0x00007f293b0a0000)
  eden space 559360K, 100% used [0x00007f1e90600000, 0x00007f1eb2840000, 0x00007f1eb2840000)
  from space 69888K,  67% used [0x00007f1eb2840000, 0x00007f1eb564b830, 0x00007f1eb6c80000)
  to   space 69888K,   0% used [0x00007f1eb6c80000, 0x00007f1eb6c80000, 0x00007f1ebb0c0000)
 tenured generation   total 1398144K, used 1188983K [0x00007f293b0a0000, 0x00007f2990600000, 0x00007f3e90600000)
   the space 1398144K,  85% used [0x00007f293b0a0000, 0x00007f29839bdf88, 0x00007f29839be000, 0x00007f2990600000)
 Metaspace       used 29955K, capacity 30392K, committed 30720K, reserved 30720K
}
Event: 43.471 GC heap after
{Heap after GC invocations=22 (full 1):
 def new generation   total 629248K, used 43957K [0x00007f1e90600000, 0x00007f1ebb0c0000, 0x00007f293b0a0000)
  eden space 559360K,   0% used [0x00007f1e90600000, 0x00007f1e90600000, 0x00007f1eb2840000)
  from space 69888K,  62% used [0x00007f1eb6c80000, 0x00007f1eb976d5f0, 0x00007f1ebb0c0000)
  to   space 69888K,   0% used [0x00007f1eb2840000, 0x00007f1eb2840000, 0x00007f1eb6c80000)
 tenured generation   total 1398144K, used 1236133K [0x00007f293b0a0000, 0x00007f2990600000, 0x00007f3e90600000)
   the space 1398144K,  88% used [0x00007f293b0a0000, 0x00007f29867c95c8, 0x00007f29867c9600, 0x00007f2990600000)
 Metaspace       used 29955K, capacity 30392K, committed 30720K, reserved 30720K
}
Event: 43.727 GC heap before
{Heap before GC invocations=22 (full 1):
 def new generation   total 629248K, used 603317K [0x00007f1e90600000, 0x00007f1ebb0c0000, 0x00007f293b0a0000)
  eden space 559360K, 100% used [0x00007f1e90600000, 0x00007f1eb2840000, 0x00007f1eb2840000)
  from space 69888K,  62% used [0x00007f1eb6c80000, 0x00007f1eb976d5f0, 0x00007f1ebb0c0000)
  to   space 69888K,   0% used [0x00007f1eb2840000, 0x00007f1eb2840000, 0x00007f1eb6c80000)
 tenured generation   total 1398144K, used 1236133K [0x00007f293b0a0000, 0x00007f2990600000, 0x00007f3e90600000)
   the space 1398144K,  88% used [0x00007f293b0a0000, 0x00007f29867c95c8, 0x00007f29867c9600, 0x00007f2990600000)
 Metaspace       used 29955K, capacity 30392K, committed 30720K, reserved 30720K
}
Event: 43.965 GC heap after
{Heap after GC invocations=23 (full 1):
 def new generation   total 629248K, used 44632K [0x00007f1e90600000, 0x00007f1ebb0c0000, 0x00007f293b0a0000)
  eden space 559360K,   0% used [0x00007f1e90600000, 0x00007f1e90600000, 0x00007f1eb2840000)
  from space 69888K,  63% used [0x00007f1eb2840000, 0x00007f1eb53d6360, 0x00007f1eb6c80000)
  to   space 69888K,   0% used [0x00007f1eb6c80000, 0x00007f1eb6c80000, 0x00007f1ebb0c0000)
 tenured generation   total 1398144K, used 1280090K [0x00007f293b0a0000, 0x00007f2990600000, 0x00007f3e90600000)
   the space 1398144K,  91% used [0x00007f293b0a0000, 0x00007f29892b6978, 0x00007f29892b6a00, 0x00007f2990600000)
 Metaspace       used 29955K, capacity 30392K, committed 30720K, reserved 30720K
}
Event: 44.532 GC heap before
{Heap before GC invocations=23 (full 1):
 def new generation   total 629248K, used 603992K [0x00007f1e90600000, 0x00007f1ebb0c0000, 0x00007f293b0a0000)
  eden space 559360K, 100% used [0x00007f1e90600000, 0x00007f1eb2840000, 0x00007f1eb2840000)
  from space 69888K,  63% used [0x00007f1eb2840000, 0x00007f1eb53d6360, 0x00007f1eb6c80000)
  to   space 69888K,   0% used [0x00007f1eb6c80000, 0x00007f1eb6c80000, 0x00007f1ebb0c0000)
 tenured generation   total 1398144K, used 1280090K [0x00007f293b0a0000, 0x00007f2990600000, 0x00007f3e90600000)
   the space 1398144K,  91% used [0x00007f293b0a0000, 0x00007f29892b6978, 0x00007f29892b6a00, 0x00007f2990600000)
 Metaspace       used 29955K, capacity 30392K, committed 30720K, reserved 30720K
}
Event: 44.849 GC heap after
{Heap after GC invocations=24 (full 1):
 def new generation   total 629248K, used 66007K [0x00007f1e90600000, 0x00007f1ebb0c0000, 0x00007f293b0a0000)
  eden space 559360K,   0% used [0x00007f1e90600000, 0x00007f1e90600000, 0x00007f1eb2840000)
  from space 69888K,  94% used [0x00007f1eb6c80000, 0x00007f1ebacf5df8, 0x00007f1ebb0c0000)
  to   space 69888K,   0% used [0x00007f1eb2840000, 0x00007f1eb2840000, 0x00007f1eb6c80000)
 tenured generation   total 1398144K, used 1324722K [0x00007f293b0a0000, 0x00007f2990600000, 0x00007f3e90600000)
   the space 1398144K,  94% used [0x00007f293b0a0000, 0x00007f298be4ca58, 0x00007f298be4cc00, 0x00007f2990600000)
 Metaspace       used 29955K, capacity 30392K, committed 30720K, reserved 30720K
}
Event: 45.187 GC heap before
{Heap before GC invocations=24 (full 1):
 def new generation   total 629248K, used 625367K [0x00007f1e90600000, 0x00007f1ebb0c0000, 0x00007f293b0a0000)
  eden space 559360K, 100% used [0x00007f1e90600000, 0x00007f1eb2840000, 0x00007f1eb2840000)
  from space 69888K,  94% used [0x00007f1eb6c80000, 0x00007f1ebacf5df8, 0x00007f1ebb0c0000)
  to   space 69888K,   0% used [0x00007f1eb2840000, 0x00007f1eb2840000, 0x00007f1eb6c80000)
 tenured generation   total 1398144K, used 1324722K [0x00007f293b0a0000, 0x00007f2990600000, 0x00007f3e90600000)
   the space 1398144K,  94% used [0x00007f293b0a0000, 0x00007f298be4ca58, 0x00007f298be4cc00, 0x00007f2990600000)
 Metaspace       used 29955K, capacity 30392K, committed 30720K, reserved 30720K
}
Event: 45.481 GC heap after
{Heap after GC invocations=25 (full 1):
 def new generation   total 629248K, used 46214K [0x00007f1e90600000, 0x00007f1ebb0c0000, 0x00007f293b0a0000)
  eden space 559360K,   0% used [0x00007f1e90600000, 0x00007f1e90600000, 0x00007f1eb2840000)
  from space 69888K,  66% used [0x00007f1eb2840000, 0x00007f1eb5561910, 0x00007f1eb6c80000)
  to   space 69888K,   0% used [0x00007f1eb6c80000, 0x00007f1eb6c80000, 0x00007f1ebb0c0000)
 tenured generation   total 1398144K, used 1390729K [0x00007f293b0a0000, 0x00007f2990600000, 0x00007f3e90600000)
   the space 1398144K,  99% used [0x00007f293b0a0000, 0x00007f298fec26f0, 0x00007f298fec2800, 0x00007f2990600000)
 Metaspace       used 29955K, capacity 30392K, committed 30720K, reserved 30720K
}
Event: 45.759 GC heap before
{Heap before GC invocations=25 (full 1):
 def new generation   total 629248K, used 605574K [0x00007f1e90600000, 0x00007f1ebb0c0000, 0x00007f293b0a0000)
  eden space 559360K, 100% used [0x00007f1e90600000, 0x00007f1eb2840000, 0x00007f1eb2840000)
  from space 69888K,  66% used [0x00007f1eb2840000, 0x00007f1eb5561910, 0x00007f1eb6c80000)
  to   space 69888K,   0% used [0x00007f1eb6c80000, 0x00007f1eb6c80000, 0x00007f1ebb0c0000)
 tenured generation   total 1398144K, used 1390729K [0x00007f293b0a0000, 0x00007f2990600000, 0x00007f3e90600000)
   the space 1398144K,  99% used [0x00007f293b0a0000, 0x00007f298fec26f0, 0x00007f298fec2800, 0x00007f2990600000)
 Metaspace       used 29955K, capacity 30392K, committed 30720K, reserved 30720K
}
Event: 46.000 GC heap after
{Heap after GC invocations=26 (full 1):
 def new generation   total 629248K, used 41383K [0x00007f1e90600000, 0x00007f1ebb0c0000, 0x00007f293b0a0000)
  eden space 559360K,   0% used [0x00007f1e90600000, 0x00007f1e90600000, 0x00007f1eb2840000)
  from space 69888K,  59% used [0x00007f1eb6c80000, 0x00007f1eb94e9f18, 0x00007f1ebb0c0000)
  to   space 69888K,   0% used [0x00007f1eb2840000, 0x00007f1eb2840000, 0x00007f1eb6c80000)
 tenured generation   total 1437120K, used 1436943K [0x00007f293b0a0000, 0x00007f2992c10000, 0x00007f3e90600000)
   the space 1437120K,  99% used [0x00007f293b0a0000, 0x00007f2992be3c90, 0x00007f2992be3e00, 0x00007f2992c10000)
 Metaspace       used 29955K, capacity 30392K, committed 30720K, reserved 30720K
}
Event: 46.000 GC heap before
{Heap before GC invocations=26 (full 1):
 def new generation   total 629248K, used 41383K [0x00007f1e90600000, 0x00007f1ebb0c0000, 0x00007f293b0a0000)
  eden space 559360K,   0% used [0x00007f1e90600000, 0x00007f1e90600000, 0x00007f1eb2840000)
  from space 69888K,  59% used [0x00007f1eb6c80000, 0x00007f1eb94e9f18, 0x00007f1ebb0c0000)
  to   space 69888K,   0% used [0x00007f1eb2840000, 0x00007f1eb2840000, 0x00007f1eb6c80000)
 tenured generation   total 1437120K, used 1436943K [0x00007f293b0a0000, 0x00007f2992c10000, 0x00007f3e90600000)
   the space 1437120K,  99% used [0x00007f293b0a0000, 0x00007f2992be3c90, 0x00007f2992be3e00, 0x00007f2992c10000)
 Metaspace       used 29955K, capacity 30392K, committed 30720K, reserved 30720K
}

