# JRE version: OpenJDK Runtime Environment (13.0.7+5) (build 13.0.7+5-Ubuntu-0ubuntu120.04)
# Java VM: OpenJDK 64-Bit Server VM (13.0.7+5-Ubuntu-0ubuntu120.04, mixed mode, tiered, serial gc, linux-amd64)
Heap:
 def new generation   total 1130880K, used 764K [0x00007f3a30600000, 0x00007f3a7d110000, 0x00007f3f85b50000)
  eden space 1005248K,   0% used [0x00007f3a30600000, 0x00007f3a306bf2b8, 0x00007f3a6dbb0000)
  from space 125632K,   0% used [0x00007f3a75660000, 0x00007f3a75660000, 0x00007f3a7d110000)
  to   space 125632K,   0% used [0x00007f3a6dbb0000, 0x00007f3a6dbb0000, 0x00007f3a75660000)
 tenured generation   total 2585312K, used 2585218K [0x00007f3f85b50000, 0x00007f4023808000, 0x00007f4a30600000)
   the space 2585312K,  99% used [0x00007f3f85b50000, 0x00007f40237f09e8, 0x00007f40237f0a00, 0x00007f4023808000)
 Metaspace       used 31775K, capacity 32260K, committed 32512K, reserved 32768K
GC Heap History (20 events):
Event: 3.610 GC heap after
{Heap after GC invocations=1 (full 1):
 def new generation   total 629248K, used 0K [0x00007f3a30600000, 0x00007f3a5b0c0000, 0x00007f3f85b50000)
  eden space 559360K,   0% used [0x00007f3a30600000, 0x00007f3a30600000, 0x00007f3a52840000)
  from space 69888K,   0% used [0x00007f3a52840000, 0x00007f3a52840000, 0x00007f3a56c80000)
  to   space 69888K,   0% used [0x00007f3a56c80000, 0x00007f3a56c80000, 0x00007f3a5b0c0000)
 tenured generation   total 1398144K, used 13941K [0x00007f3f85b50000, 0x00007f3fdb0b0000, 0x00007f4a30600000)
   the space 1398144K,   0% used [0x00007f3f85b50000, 0x00007f3f868ed5b8, 0x00007f3f868ed600, 0x00007f3fdb0b0000)
 Metaspace       used 20814K, capacity 21109K, committed 21248K, reserved 22528K
}
Event: 8.915 GC heap before
{Heap before GC invocations=1 (full 1):
 def new generation   total 629248K, used 559360K [0x00007f3a30600000, 0x00007f3a5b0c0000, 0x00007f3f85b50000)
  eden space 559360K, 100% used [0x00007f3a30600000, 0x00007f3a52840000, 0x00007f3a52840000)
  from space 69888K,   0% used [0x00007f3a52840000, 0x00007f3a52840000, 0x00007f3a56c80000)
  to   space 69888K,   0% used [0x00007f3a56c80000, 0x00007f3a56c80000, 0x00007f3a5b0c0000)
 tenured generation   total 1398144K, used 13941K [0x00007f3f85b50000, 0x00007f3fdb0b0000, 0x00007f4a30600000)
   the space 1398144K,   0% used [0x00007f3f85b50000, 0x00007f3f868ed5b8, 0x00007f3f868ed600, 0x00007f3fdb0b0000)
 Metaspace       used 31773K, capacity 32260K, committed 32512K, reserved 32768K
}
Event: 9.302 GC heap after
{Heap after GC invocations=2 (full 1):
 def new generation   total 629248K, used 69888K [0x00007f3a30600000, 0x00007f3a5b0c0000, 0x00007f3f85b50000)
  eden space 559360K,   0% used [0x00007f3a30600000, 0x00007f3a30600000, 0x00007f3a52840000)
  from space 69888K, 100% used [0x00007f3a56c80000, 0x00007f3a5b0c0000, 0x00007f3a5b0c0000)
  to   space 69888K,   0% used [0x00007f3a52840000, 0x00007f3a52840000, 0x00007f3a56c80000)
 tenured generation   total 1398144K, used 102504K [0x00007f3f85b50000, 0x00007f3fdb0b0000, 0x00007f4a30600000)
   the space 1398144K,   7% used [0x00007f3f85b50000, 0x00007f3f8bf6a340, 0x00007f3f8bf6a400, 0x00007f3fdb0b0000)
 Metaspace       used 31773K, capacity 32260K, committed 32512K, reserved 32768K
}
Event: 10.371 GC heap before
{Heap before GC invocations=2 (full 1):
 def new generation   total 629248K, used 629248K [0x00007f3a30600000, 0x00007f3a5b0c0000, 0x00007f3f85b50000)
  eden space 559360K, 100% used [0x00007f3a30600000, 0x00007f3a52840000, 0x00007f3a52840000)
  from space 69888K, 100% used [0x00007f3a56c80000, 0x00007f3a5b0c0000, 0x00007f3a5b0c0000)
  to   space 69888K,   0% used [0x00007f3a52840000, 0x00007f3a52840000, 0x00007f3a56c80000)
 tenured generation   total 1398144K, used 102504K [0x00007f3f85b50000, 0x00007f3fdb0b0000, 0x00007f4a30600000)
   the space 1398144K,   7% used [0x00007f3f85b50000, 0x00007f3f8bf6a340, 0x00007f3f8bf6a400, 0x00007f3fdb0b0000)
 Metaspace       used 31773K, capacity 32260K, committed 32512K, reserved 32768K
}
Event: 11.528 GC heap after
{Heap after GC invocations=3 (full 1):
 def new generation   total 629248K, used 69887K [0x00007f3a30600000, 0x00007f3a5b0c0000, 0x00007f3f85b50000)
  eden space 559360K,   0% used [0x00007f3a30600000, 0x00007f3a30600000, 0x00007f3a52840000)
  from space 69888K,  99% used [0x00007f3a52840000, 0x00007f3a56c7ff60, 0x00007f3a56c80000)
  to   space 69888K,   0% used [0x00007f3a56c80000, 0x00007f3a56c80000, 0x00007f3a5b0c0000)
 tenured generation   total 1398144K, used 549406K [0x00007f3f85b50000, 0x00007f3fdb0b0000, 0x00007f4a30600000)
   the space 1398144K,  39% used [0x00007f3f85b50000, 0x00007f3fa73d7b90, 0x00007f3fa73d7c00, 0x00007f3fdb0b0000)
 Metaspace       used 31773K, capacity 32260K, committed 32512K, reserved 32768K
}
Event: 13.443 GC heap before
{Heap before GC invocations=3 (full 1):
 def new generation   total 629248K, used 629247K [0x00007f3a30600000, 0x00007f3a5b0c0000, 0x00007f3f85b50000)
  eden space 559360K, 100% used [0x00007f3a30600000, 0x00007f3a52840000, 0x00007f3a52840000)
  from space 69888K,  99% used [0x00007f3a52840000, 0x00007f3a56c7ff60, 0x00007f3a56c80000)
  to   space 69888K,   0% used [0x00007f3a56c80000, 0x00007f3a56c80000, 0x00007f3a5b0c0000)
 tenured generation   total 1398144K, used 549406K [0x00007f3f85b50000, 0x00007f3fdb0b0000, 0x00007f4a30600000)
   the space 1398144K,  39% used [0x00007f3f85b50000, 0x00007f3fa73d7b90, 0x00007f3fa73d7c00, 0x00007f3fdb0b0000)
 Metaspace       used 31773K, capacity 32260K, committed 32512K, reserved 32768K
}
Event: 14.190 GC heap after
{Heap after GC invocations=4 (full 1):
 def new generation   total 629248K, used 69887K [0x00007f3a30600000, 0x00007f3a5b0c0000, 0x00007f3f85b50000)
  eden space 559360K,   0% used [0x00007f3a30600000, 0x00007f3a30600000, 0x00007f3a52840000)
  from space 69888K,  99% used [0x00007f3a56c80000, 0x00007f3a5b0bfe08, 0x00007f3a5b0c0000)
  to   space 69888K,   0% used [0x00007f3a52840000, 0x00007f3a52840000, 0x00007f3a56c80000)
 tenured generation   total 1398144K, used 811520K [0x00007f3f85b50000, 0x00007f3fdb0b0000, 0x00007f4a30600000)
   the space 1398144K,  58% used [0x00007f3f85b50000, 0x00007f3fb73d0140, 0x00007f3fb73d0200, 0x00007f3fdb0b0000)
 Metaspace       used 31773K, capacity 32260K, committed 32512K, reserved 32768K
}
Event: 15.957 GC heap before
{Heap before GC invocations=4 (full 1):
 def new generation   total 629248K, used 629247K [0x00007f3a30600000, 0x00007f3a5b0c0000, 0x00007f3f85b50000)
  eden space 559360K, 100% used [0x00007f3a30600000, 0x00007f3a52840000, 0x00007f3a52840000)
  from space 69888K,  99% used [0x00007f3a56c80000, 0x00007f3a5b0bfe08, 0x00007f3a5b0c0000)
  to   space 69888K,   0% used [0x00007f3a52840000, 0x00007f3a52840000, 0x00007f3a56c80000)
 tenured generation   total 1398144K, used 811520K [0x00007f3f85b50000, 0x00007f3fdb0b0000, 0x00007f4a30600000)
   the space 1398144K,  58% used [0x00007f3f85b50000, 0x00007f3fb73d0140, 0x00007f3fb73d0200, 0x00007f3fdb0b0000)
 Metaspace       used 31773K, capacity 32260K, committed 32512K, reserved 32768K
}
Event: 16.819 GC heap after
{Heap after GC invocations=5 (full 1):
 def new generation   total 629248K, used 69887K [0x00007f3a30600000, 0x00007f3a5b0c0000, 0x00007f3f85b50000)
  eden space 559360K,   0% used [0x00007f3a30600000, 0x00007f3a30600000, 0x00007f3a52840000)
  from space 69888K,  99% used [0x00007f3a52840000, 0x00007f3a56c7ff50, 0x00007f3a56c80000)
  to   space 69888K,   0% used [0x00007f3a56c80000, 0x00007f3a56c80000, 0x00007f3a5b0c0000)
 tenured generation   total 1398144K, used 1106462K [0x00007f3f85b50000, 0x00007f3fdb0b0000, 0x00007f4a30600000)
   the space 1398144K,  79% used [0x00007f3f85b50000, 0x00007f3fc93d7ba8, 0x00007f3fc93d7c00, 0x00007f3fdb0b0000)
 Metaspace       used 31773K, capacity 32260K, committed 32512K, reserved 32768K
}
Event: 18.082 GC heap before
{Heap before GC invocations=5 (full 1):
 def new generation   total 629248K, used 629247K [0x00007f3a30600000, 0x00007f3a5b0c0000, 0x00007f3f85b50000)
  eden space 559360K, 100% used [0x00007f3a30600000, 0x00007f3a52840000, 0x00007f3a52840000)
  from space 69888K,  99% used [0x00007f3a52840000, 0x00007f3a56c7ff50, 0x00007f3a56c80000)
  to   space 69888K,   0% used [0x00007f3a56c80000, 0x00007f3a56c80000, 0x00007f3a5b0c0000)
 tenured generation   total 1398144K, used 1106462K [0x00007f3f85b50000, 0x00007f3fdb0b0000, 0x00007f4a30600000)
   the space 1398144K,  79% used [0x00007f3f85b50000, 0x00007f3fc93d7ba8, 0x00007f3fc93d7c00, 0x00007f3fdb0b0000)
 Metaspace       used 31773K, capacity 32260K, committed 32512K, reserved 32768K
}
Event: 19.224 GC heap after
{Heap after GC invocations=6 (full 1):
 def new generation   total 629248K, used 69887K [0x00007f3a30600000, 0x00007f3a5b0c0000, 0x00007f3f85b50000)
  eden space 559360K,   0% used [0x00007f3a30600000, 0x00007f3a30600000, 0x00007f3a52840000)
  from space 69888K,  99% used [0x00007f3a56c80000, 0x00007f3a5b0bfe60, 0x00007f3a5b0c0000)
  to   space 69888K,   0% used [0x00007f3a52840000, 0x00007f3a52840000, 0x00007f3a56c80000)
 tenured generation   total 1507776K, used 1507756K [0x00007f3f85b50000, 0x00007f3fe1bc0000, 0x00007f4a30600000)
   the space 1507776K,  99% used [0x00007f3f85b50000, 0x00007f3fe1bbb118, 0x00007f3fe1bbb200, 0x00007f3fe1bc0000)
 Metaspace       used 31773K, capacity 32260K, committed 32512K, reserved 32768K
}
Event: 19.224 GC heap before
{Heap before GC invocations=6 (full 1):
 def new generation   total 629248K, used 69887K [0x00007f3a30600000, 0x00007f3a5b0c0000, 0x00007f3f85b50000)
  eden space 559360K,   0% used [0x00007f3a30600000, 0x00007f3a30600000, 0x00007f3a52840000)
  from space 69888K,  99% used [0x00007f3a56c80000, 0x00007f3a5b0bfe60, 0x00007f3a5b0c0000)
  to   space 69888K,   0% used [0x00007f3a52840000, 0x00007f3a52840000, 0x00007f3a56c80000)
 tenured generation   total 1507776K, used 1507756K [0x00007f3f85b50000, 0x00007f3fe1bc0000, 0x00007f4a30600000)
   the space 1507776K,  99% used [0x00007f3f85b50000, 0x00007f3fe1bbb118, 0x00007f3fe1bbb200, 0x00007f3fe1bc0000)
 Metaspace       used 31773K, capacity 32260K, committed 32512K, reserved 32768K
}
Event: 20.978 GC heap after
{Heap after GC invocations=6 (full 2):
 def new generation   total 1130880K, used 69887K [0x00007f3a30600000, 0x00007f3a7d110000, 0x00007f3f85b50000)
  eden space 1005248K,   6% used [0x00007f3a30600000, 0x00007f3a34a3fe60, 0x00007f3a6dbb0000)
  from space 125632K,   0% used [0x00007f3a6dbb0000, 0x00007f3a6dbb0000, 0x00007f3a75660000)
  to   space 125632K,   0% used [0x00007f3a75660000, 0x00007f3a75660000, 0x00007f3a7d110000)
 tenured generation   total 2512928K, used 1507756K [0x00007f3f85b50000, 0x00007f401f158000, 0x00007f4a30600000)
   the space 2512928K,  59% used [0x00007f3f85b50000, 0x00007f3fe1bbb118, 0x00007f3fe1bbb200, 0x00007f401f158000)
 Metaspace       used 31773K, capacity 32260K, committed 32512K, reserved 32768K
}
Event: 23.999 GC heap before
{Heap before GC invocations=6 (full 2):
 def new generation   total 1130880K, used 1005248K [0x00007f3a30600000, 0x00007f3a7d110000, 0x00007f3f85b50000)
  eden space 1005248K, 100% used [0x00007f3a30600000, 0x00007f3a6dbb0000, 0x00007f3a6dbb0000)
  from space 125632K,   0% used [0x00007f3a6dbb0000, 0x00007f3a6dbb0000, 0x00007f3a75660000)
  to   space 125632K,   0% used [0x00007f3a75660000, 0x00007f3a75660000, 0x00007f3a7d110000)
 tenured generation   total 2512928K, used 1507756K [0x00007f3f85b50000, 0x00007f401f158000, 0x00007f4a30600000)
   the space 2512928K,  59% used [0x00007f3f85b50000, 0x00007f3fe1bbb118, 0x00007f3fe1bbb200, 0x00007f401f158000)
 Metaspace       used 31775K, capacity 32260K, committed 32512K, reserved 32768K
}
Event: 26.594 GC heap after
{Heap after GC invocations=7 (full 2):
 def new generation   total 1130880K, used 125631K [0x00007f3a30600000, 0x00007f3a7d110000, 0x00007f3f85b50000)
  eden space 1005248K,   0% used [0x00007f3a30600000, 0x00007f3a30600000, 0x00007f3a6dbb0000)
  from space 125632K,  99% used [0x00007f3a75660000, 0x00007f3a7d10ff98, 0x00007f3a7d110000)
  to   space 125632K,   0% used [0x00007f3a6dbb0000, 0x00007f3a6dbb0000, 0x00007f3a75660000)
 tenured generation   total 2512928K, used 1967689K [0x00007f3f85b50000, 0x00007f401f158000, 0x00007f4a30600000)
   the space 2512928K,  78% used [0x00007f3f85b50000, 0x00007f3ffdce2740, 0x00007f3ffdce2800, 0x00007f401f158000)
 Metaspace       used 31775K, capacity 32260K, committed 32512K, reserved 32768K
}
Event: 66.306 GC heap before
{Heap before GC invocations=7 (full 2):
 def new generation   total 1130880K, used 1130879K [0x00007f3a30600000, 0x00007f3a7d110000, 0x00007f3f85b50000)
  eden space 1005248K, 100% used [0x00007f3a30600000, 0x00007f3a6dbb0000, 0x00007f3a6dbb0000)
  from space 125632K,  99% used [0x00007f3a75660000, 0x00007f3a7d10ff98, 0x00007f3a7d110000)
  to   space 125632K,   0% used [0x00007f3a6dbb0000, 0x00007f3a6dbb0000, 0x00007f3a75660000)
 tenured generation   total 2512928K, used 1967689K [0x00007f3f85b50000, 0x00007f401f158000, 0x00007f4a30600000)
   the space 2512928K,  78% used [0x00007f3f85b50000, 0x00007f3ffdce2740, 0x00007f3ffdce2800, 0x00007f401f158000)
 Metaspace       used 31775K, capacity 32260K, committed 32512K, reserved 32768K
}
Event: 67.863 GC heap after
{Heap after GC invocations=8 (full 2):
 def new generation   total 1130880K, used 125632K [0x00007f3a30600000, 0x00007f3a7d110000, 0x00007f3f85b50000)
  eden space 1005248K,   0% used [0x00007f3a30600000, 0x00007f3a30600000, 0x00007f3a6dbb0000)
  from space 125632K, 100% used [0x00007f3a6dbb0000, 0x00007f3a75660000, 0x00007f3a75660000)
  to   space 125632K,   0% used [0x00007f3a75660000, 0x00007f3a75660000, 0x00007f3a7d110000)
 tenured generation   total 2512928K, used 2460270K [0x00007f3f85b50000, 0x00007f401f158000, 0x00007f4a30600000)
   the space 2512928K,  97% used [0x00007f3f85b50000, 0x00007f401bdeb8b8, 0x00007f401bdeba00, 0x00007f401f158000)
 Metaspace       used 31775K, capacity 32260K, committed 32512K, reserved 32768K
}
Event: 94.768 GC heap before
{Heap before GC invocations=8 (full 2):
 def new generation   total 1130880K, used 1130880K [0x00007f3a30600000, 0x00007f3a7d110000, 0x00007f3f85b50000)
  eden space 1005248K, 100% used [0x00007f3a30600000, 0x00007f3a6dbb0000, 0x00007f3a6dbb0000)
  from space 125632K, 100% used [0x00007f3a6dbb0000, 0x00007f3a75660000, 0x00007f3a75660000)
  to   space 125632K,   0% used [0x00007f3a75660000, 0x00007f3a75660000, 0x00007f3a7d110000)
 tenured generation   total 2512928K, used 2460270K [0x00007f3f85b50000, 0x00007f401f158000, 0x00007f4a30600000)
   the space 2512928K,  97% used [0x00007f3f85b50000, 0x00007f401bdeb8b8, 0x00007f401bdeba00, 0x00007f401f158000)
 Metaspace       used 31775K, capacity 32260K, committed 32512K, reserved 32768K
}
Event: 95.144 GC heap after
{Heap after GC invocations=9 (full 2):
 def new generation   total 1130880K, used 765K [0x00007f3a30600000, 0x00007f3a7d110000, 0x00007f3f85b50000)
  eden space 1005248K,   0% used [0x00007f3a30600000, 0x00007f3a30600000, 0x00007f3a6dbb0000)
  from space 125632K,   0% used [0x00007f3a75660000, 0x00007f3a7571f5d8, 0x00007f3a7d110000)
  to   space 125632K,   0% used [0x00007f3a6dbb0000, 0x00007f3a6dbb0000, 0x00007f3a75660000)
 tenured generation   total 2585312K, used 2585217K [0x00007f3f85b50000, 0x00007f4023808000, 0x00007f4a30600000)
   the space 2585312K,  99% used [0x00007f3f85b50000, 0x00007f40237f06c8, 0x00007f40237f0800, 0x00007f4023808000)
 Metaspace       used 31775K, capacity 32260K, committed 32512K, reserved 32768K
}
Event: 95.144 GC heap before
{Heap before GC invocations=9 (full 2):
 def new generation   total 1130880K, used 765K [0x00007f3a30600000, 0x00007f3a7d110000, 0x00007f3f85b50000)
  eden space 1005248K,   0% used [0x00007f3a30600000, 0x00007f3a30600000, 0x00007f3a6dbb0000)
  from space 125632K,   0% used [0x00007f3a75660000, 0x00007f3a7571f5d8, 0x00007f3a7d110000)
  to   space 125632K,   0% used [0x00007f3a6dbb0000, 0x00007f3a6dbb0000, 0x00007f3a75660000)
 tenured generation   total 2585312K, used 2585217K [0x00007f3f85b50000, 0x00007f4023808000, 0x00007f4a30600000)
   the space 2585312K,  99% used [0x00007f3f85b50000, 0x00007f40237f06c8, 0x00007f40237f0800, 0x00007f4023808000)
 Metaspace       used 31775K, capacity 32260K, committed 32512K, reserved 32768K
}

