# JRE version: OpenJDK Runtime Environment (13.0.7+5) (build 13.0.7+5-Ubuntu-0ubuntu120.04)
# Java VM: OpenJDK 64-Bit Server VM (13.0.7+5-Ubuntu-0ubuntu120.04, mixed mode, tiered, serial gc, linux-amd64)
Heap:
 def new generation   total 1048832K, used 2511K [0x00007fdbc4600000, 0x00007fdc0b800000, 0x00007fe66f0a0000)
  eden space 932352K,   0% used [0x00007fdbc4600000, 0x00007fdbc4873db0, 0x00007fdbfd480000)
  from space 116480K,   0% used [0x00007fdbfd480000, 0x00007fdbfd480000, 0x00007fdc04640000)
  to   space 116480K,   0% used [0x00007fdc04640000, 0x00007fdc04640000, 0x00007fdc0b800000)
 tenured generation   total 2330752K, used 2330751K [0x00007fe66f0a0000, 0x00007fe6fd4c0000, 0x00007ffbc4600000)
   the space 2330752K,  99% used [0x00007fe66f0a0000, 0x00007fe6fd4bfdc0, 0x00007fe6fd4bfe00, 0x00007fe6fd4c0000)
 Metaspace       used 24995K, capacity 25445K, committed 25600K, reserved 26624K
GC Heap History (20 events):
Event: 6776.446 GC heap after
{Heap after GC invocations=19918 (full 2):
 def new generation   total 1048832K, used 2546K [0x00007fdbc4600000, 0x00007fdc0b800000, 0x00007fe66f0a0000)
  eden space 932352K,   0% used [0x00007fdbc4600000, 0x00007fdbc4600000, 0x00007fdbfd480000)
  from space 116480K,   2% used [0x00007fdc04640000, 0x00007fdc048bc838, 0x00007fdc0b800000)
  to   space 116480K,   0% used [0x00007fdbfd480000, 0x00007fdbfd480000, 0x00007fdc04640000)
 tenured generation   total 2330560K, used 2329192K [0x00007fe66f0a0000, 0x00007fe6fd490000, 0x00007ffbc4600000)
   the space 2330560K,  99% used [0x00007fe66f0a0000, 0x00007fe6fd33a2f0, 0x00007fe6fd33a400, 0x00007fe6fd490000)
 Metaspace       used 24995K, capacity 25445K, committed 25600K, reserved 26624K
}
Event: 6776.932 GC heap before
{Heap before GC invocations=19918 (full 2):
 def new generation   total 1048832K, used 934898K [0x00007fdbc4600000, 0x00007fdc0b800000, 0x00007fe66f0a0000)
  eden space 932352K, 100% used [0x00007fdbc4600000, 0x00007fdbfd480000, 0x00007fdbfd480000)
  from space 116480K,   2% used [0x00007fdc04640000, 0x00007fdc048bc838, 0x00007fdc0b800000)
  to   space 116480K,   0% used [0x00007fdbfd480000, 0x00007fdbfd480000, 0x00007fdc04640000)
 tenured generation   total 2330560K, used 2329192K [0x00007fe66f0a0000, 0x00007fe6fd490000, 0x00007ffbc4600000)
   the space 2330560K,  99% used [0x00007fe66f0a0000, 0x00007fe6fd33a2f0, 0x00007fe6fd33a400, 0x00007fe6fd490000)
 Metaspace       used 24995K, capacity 25445K, committed 25600K, reserved 26624K
}
Event: 6776.936 GC heap after
{Heap after GC invocations=19919 (full 2):
 def new generation   total 1048832K, used 2520K [0x00007fdbc4600000, 0x00007fdc0b800000, 0x00007fe66f0a0000)
  eden space 932352K,   0% used [0x00007fdbc4600000, 0x00007fdbc4600000, 0x00007fdbfd480000)
  from space 116480K,   2% used [0x00007fdbfd480000, 0x00007fdbfd6f6318, 0x00007fdc04640000)
  to   space 116480K,   0% used [0x00007fdc04640000, 0x00007fdc04640000, 0x00007fdc0b800000)
 tenured generation   total 2330560K, used 2329357K [0x00007fe66f0a0000, 0x00007fe6fd490000, 0x00007ffbc4600000)
   the space 2330560K,  99% used [0x00007fe66f0a0000, 0x00007fe6fd363510, 0x00007fe6fd363600, 0x00007fe6fd490000)
 Metaspace       used 24995K, capacity 25445K, committed 25600K, reserved 26624K
}
Event: 6777.416 GC heap before
{Heap before GC invocations=19919 (full 2):
 def new generation   total 1048832K, used 934872K [0x00007fdbc4600000, 0x00007fdc0b800000, 0x00007fe66f0a0000)
  eden space 932352K, 100% used [0x00007fdbc4600000, 0x00007fdbfd480000, 0x00007fdbfd480000)
  from space 116480K,   2% used [0x00007fdbfd480000, 0x00007fdbfd6f6318, 0x00007fdc04640000)
  to   space 116480K,   0% used [0x00007fdc04640000, 0x00007fdc04640000, 0x00007fdc0b800000)
 tenured generation   total 2330560K, used 2329357K [0x00007fe66f0a0000, 0x00007fe6fd490000, 0x00007ffbc4600000)
   the space 2330560K,  99% used [0x00007fe66f0a0000, 0x00007fe6fd363510, 0x00007fe6fd363600, 0x00007fe6fd490000)
 Metaspace       used 24995K, capacity 25445K, committed 25600K, reserved 26624K
}
Event: 6777.419 GC heap after
{Heap after GC invocations=19920 (full 2):
 def new generation   total 1048832K, used 2517K [0x00007fdbc4600000, 0x00007fdc0b800000, 0x00007fe66f0a0000)
  eden space 932352K,   0% used [0x00007fdbc4600000, 0x00007fdbc4600000, 0x00007fdbfd480000)
  from space 116480K,   2% used [0x00007fdc04640000, 0x00007fdc048b5480, 0x00007fdc0b800000)
  to   space 116480K,   0% used [0x00007fdbfd480000, 0x00007fdbfd480000, 0x00007fdc04640000)
 tenured generation   total 2330560K, used 2329521K [0x00007fe66f0a0000, 0x00007fe6fd490000, 0x00007ffbc4600000)
   the space 2330560K,  99% used [0x00007fe66f0a0000, 0x00007fe6fd38c730, 0x00007fe6fd38c800, 0x00007fe6fd490000)
 Metaspace       used 24995K, capacity 25445K, committed 25600K, reserved 26624K
}
Event: 6777.913 GC heap before
{Heap before GC invocations=19920 (full 2):
 def new generation   total 1048832K, used 934869K [0x00007fdbc4600000, 0x00007fdc0b800000, 0x00007fe66f0a0000)
  eden space 932352K, 100% used [0x00007fdbc4600000, 0x00007fdbfd480000, 0x00007fdbfd480000)
  from space 116480K,   2% used [0x00007fdc04640000, 0x00007fdc048b5480, 0x00007fdc0b800000)
  to   space 116480K,   0% used [0x00007fdbfd480000, 0x00007fdbfd480000, 0x00007fdc04640000)
 tenured generation   total 2330560K, used 2329521K [0x00007fe66f0a0000, 0x00007fe6fd490000, 0x00007ffbc4600000)
   the space 2330560K,  99% used [0x00007fe66f0a0000, 0x00007fe6fd38c730, 0x00007fe6fd38c800, 0x00007fe6fd490000)
 Metaspace       used 24995K, capacity 25445K, committed 25600K, reserved 26624K
}
Event: 6777.916 GC heap after
{Heap after GC invocations=19921 (full 2):
 def new generation   total 1048832K, used 2489K [0x00007fdbc4600000, 0x00007fdc0b800000, 0x00007fe66f0a0000)
  eden space 932352K,   0% used [0x00007fdbc4600000, 0x00007fdbc4600000, 0x00007fdbfd480000)
  from space 116480K,   2% used [0x00007fdbfd480000, 0x00007fdbfd6ee7b0, 0x00007fdc04640000)
  to   space 116480K,   0% used [0x00007fdc04640000, 0x00007fdc04640000, 0x00007fdc0b800000)
 tenured generation   total 2330560K, used 2329686K [0x00007fe66f0a0000, 0x00007fe6fd490000, 0x00007ffbc4600000)
   the space 2330560K,  99% used [0x00007fe66f0a0000, 0x00007fe6fd3b5950, 0x00007fe6fd3b5a00, 0x00007fe6fd490000)
 Metaspace       used 24995K, capacity 25445K, committed 25600K, reserved 26624K
}
Event: 6778.403 GC heap before
{Heap before GC invocations=19921 (full 2):
 def new generation   total 1048832K, used 934841K [0x00007fdbc4600000, 0x00007fdc0b800000, 0x00007fe66f0a0000)
  eden space 932352K, 100% used [0x00007fdbc4600000, 0x00007fdbfd480000, 0x00007fdbfd480000)
  from space 116480K,   2% used [0x00007fdbfd480000, 0x00007fdbfd6ee7b0, 0x00007fdc04640000)
  to   space 116480K,   0% used [0x00007fdc04640000, 0x00007fdc04640000, 0x00007fdc0b800000)
 tenured generation   total 2330560K, used 2329686K [0x00007fe66f0a0000, 0x00007fe6fd490000, 0x00007ffbc4600000)
   the space 2330560K,  99% used [0x00007fe66f0a0000, 0x00007fe6fd3b5950, 0x00007fe6fd3b5a00, 0x00007fe6fd490000)
 Metaspace       used 24995K, capacity 25445K, committed 25600K, reserved 26624K
}
Event: 6778.406 GC heap after
{Heap after GC invocations=19922 (full 2):
 def new generation   total 1048832K, used 2530K [0x00007fdbc4600000, 0x00007fdc0b800000, 0x00007fe66f0a0000)
  eden space 932352K,   0% used [0x00007fdbc4600000, 0x00007fdbc4600000, 0x00007fdbfd480000)
  from space 116480K,   2% used [0x00007fdc04640000, 0x00007fdc048b8990, 0x00007fdc0b800000)
  to   space 116480K,   0% used [0x00007fdbfd480000, 0x00007fdbfd480000, 0x00007fdc04640000)
 tenured generation   total 2330560K, used 2329809K [0x00007fe66f0a0000, 0x00007fe6fd490000, 0x00007ffbc4600000)
   the space 2330560K,  99% used [0x00007fe66f0a0000, 0x00007fe6fd3d46e8, 0x00007fe6fd3d4800, 0x00007fe6fd490000)
 Metaspace       used 24995K, capacity 25445K, committed 25600K, reserved 26624K
}
Event: 6778.885 GC heap before
{Heap before GC invocations=19922 (full 2):
 def new generation   total 1048832K, used 934882K [0x00007fdbc4600000, 0x00007fdc0b800000, 0x00007fe66f0a0000)
  eden space 932352K, 100% used [0x00007fdbc4600000, 0x00007fdbfd480000, 0x00007fdbfd480000)
  from space 116480K,   2% used [0x00007fdc04640000, 0x00007fdc048b8990, 0x00007fdc0b800000)
  to   space 116480K,   0% used [0x00007fdbfd480000, 0x00007fdbfd480000, 0x00007fdc04640000)
 tenured generation   total 2330560K, used 2329809K [0x00007fe66f0a0000, 0x00007fe6fd490000, 0x00007ffbc4600000)
   the space 2330560K,  99% used [0x00007fe66f0a0000, 0x00007fe6fd3d46e8, 0x00007fe6fd3d4800, 0x00007fe6fd490000)
 Metaspace       used 24995K, capacity 25445K, committed 25600K, reserved 26624K
}
Event: 6778.888 GC heap after
{Heap after GC invocations=19923 (full 2):
 def new generation   total 1048832K, used 2526K [0x00007fdbc4600000, 0x00007fdc0b800000, 0x00007fe66f0a0000)
  eden space 932352K,   0% used [0x00007fdbc4600000, 0x00007fdbc4600000, 0x00007fdbfd480000)
  from space 116480K,   2% used [0x00007fdbfd480000, 0x00007fdbfd6f7a80, 0x00007fdc04640000)
  to   space 116480K,   0% used [0x00007fdc04640000, 0x00007fdc04640000, 0x00007fdc0b800000)
 tenured generation   total 2330560K, used 2329974K [0x00007fe66f0a0000, 0x00007fe6fd490000, 0x00007ffbc4600000)
   the space 2330560K,  99% used [0x00007fe66f0a0000, 0x00007fe6fd3fd908, 0x00007fe6fd3fda00, 0x00007fe6fd490000)
 Metaspace       used 24995K, capacity 25445K, committed 25600K, reserved 26624K
}
Event: 6779.375 GC heap before
{Heap before GC invocations=19923 (full 2):
 def new generation   total 1048832K, used 934878K [0x00007fdbc4600000, 0x00007fdc0b800000, 0x00007fe66f0a0000)
  eden space 932352K, 100% used [0x00007fdbc4600000, 0x00007fdbfd480000, 0x00007fdbfd480000)
  from space 116480K,   2% used [0x00007fdbfd480000, 0x00007fdbfd6f7a80, 0x00007fdc04640000)
  to   space 116480K,   0% used [0x00007fdc04640000, 0x00007fdc04640000, 0x00007fdc0b800000)
 tenured generation   total 2330560K, used 2329974K [0x00007fe66f0a0000, 0x00007fe6fd490000, 0x00007ffbc4600000)
   the space 2330560K,  99% used [0x00007fe66f0a0000, 0x00007fe6fd3fd908, 0x00007fe6fd3fda00, 0x00007fe6fd490000)
 Metaspace       used 24995K, capacity 25445K, committed 25600K, reserved 26624K
}
Event: 6779.378 GC heap after
{Heap after GC invocations=19924 (full 2):
 def new generation   total 1048832K, used 2502K [0x00007fdbc4600000, 0x00007fdc0b800000, 0x00007fe66f0a0000)
  eden space 932352K,   0% used [0x00007fdbc4600000, 0x00007fdbc4600000, 0x00007fdbfd480000)
  from space 116480K,   2% used [0x00007fdc04640000, 0x00007fdc048b1ab0, 0x00007fdc0b800000)
  to   space 116480K,   0% used [0x00007fdbfd480000, 0x00007fdbfd480000, 0x00007fdc04640000)
 tenured generation   total 2330560K, used 2330138K [0x00007fe66f0a0000, 0x00007fe6fd490000, 0x00007ffbc4600000)
   the space 2330560K,  99% used [0x00007fe66f0a0000, 0x00007fe6fd426b28, 0x00007fe6fd426c00, 0x00007fe6fd490000)
 Metaspace       used 24995K, capacity 25445K, committed 25600K, reserved 26624K
}
Event: 6779.861 GC heap before
{Heap before GC invocations=19924 (full 2):
 def new generation   total 1048832K, used 934854K [0x00007fdbc4600000, 0x00007fdc0b800000, 0x00007fe66f0a0000)
  eden space 932352K, 100% used [0x00007fdbc4600000, 0x00007fdbfd480000, 0x00007fdbfd480000)
  from space 116480K,   2% used [0x00007fdc04640000, 0x00007fdc048b1ab0, 0x00007fdc0b800000)
  to   space 116480K,   0% used [0x00007fdbfd480000, 0x00007fdbfd480000, 0x00007fdc04640000)
 tenured generation   total 2330560K, used 2330138K [0x00007fe66f0a0000, 0x00007fe6fd490000, 0x00007ffbc4600000)
   the space 2330560K,  99% used [0x00007fe66f0a0000, 0x00007fe6fd426b28, 0x00007fe6fd426c00, 0x00007fe6fd490000)
 Metaspace       used 24995K, capacity 25445K, committed 25600K, reserved 26624K
}
Event: 6779.865 GC heap after
{Heap after GC invocations=19925 (full 2):
 def new generation   total 1048832K, used 2661K [0x00007fdbc4600000, 0x00007fdc0b800000, 0x00007fe66f0a0000)
  eden space 932352K,   0% used [0x00007fdbc4600000, 0x00007fdbc4600000, 0x00007fdbfd480000)
  from space 116480K,   2% used [0x00007fdbfd480000, 0x00007fdbfd719560, 0x00007fdc04640000)
  to   space 116480K,   0% used [0x00007fdc04640000, 0x00007fdc04640000, 0x00007fdc0b800000)
 tenured generation   total 2330560K, used 2330303K [0x00007fe66f0a0000, 0x00007fe6fd490000, 0x00007ffbc4600000)
   the space 2330560K,  99% used [0x00007fe66f0a0000, 0x00007fe6fd44fd48, 0x00007fe6fd44fe00, 0x00007fe6fd490000)
 Metaspace       used 24995K, capacity 25445K, committed 25600K, reserved 26624K
}
Event: 6780.341 GC heap before
{Heap before GC invocations=19925 (full 2):
 def new generation   total 1048832K, used 935013K [0x00007fdbc4600000, 0x00007fdc0b800000, 0x00007fe66f0a0000)
  eden space 932352K, 100% used [0x00007fdbc4600000, 0x00007fdbfd480000, 0x00007fdbfd480000)
  from space 116480K,   2% used [0x00007fdbfd480000, 0x00007fdbfd719560, 0x00007fdc04640000)
  to   space 116480K,   0% used [0x00007fdc04640000, 0x00007fdc04640000, 0x00007fdc0b800000)
 tenured generation   total 2330560K, used 2330303K [0x00007fe66f0a0000, 0x00007fe6fd490000, 0x00007ffbc4600000)
   the space 2330560K,  99% used [0x00007fe66f0a0000, 0x00007fe6fd44fd48, 0x00007fe6fd44fe00, 0x00007fe6fd490000)
 Metaspace       used 24995K, capacity 25445K, committed 25600K, reserved 26624K
}
Event: 6780.344 GC heap after
{Heap after GC invocations=19926 (full 2):
 def new generation   total 1048832K, used 2644K [0x00007fdbc4600000, 0x00007fdc0b800000, 0x00007fe66f0a0000)
  eden space 932352K,   0% used [0x00007fdbc4600000, 0x00007fdbc4600000, 0x00007fdbfd480000)
  from space 116480K,   2% used [0x00007fdc04640000, 0x00007fdc048d50e8, 0x00007fdc0b800000)
  to   space 116480K,   0% used [0x00007fdbfd480000, 0x00007fdbfd480000, 0x00007fdc04640000)
 tenured generation   total 2330560K, used 2330470K [0x00007fe66f0a0000, 0x00007fe6fd490000, 0x00007ffbc4600000)
   the space 2330560K,  99% used [0x00007fe66f0a0000, 0x00007fe6fd479af0, 0x00007fe6fd479c00, 0x00007fe6fd490000)
 Metaspace       used 24995K, capacity 25445K, committed 25600K, reserved 26624K
}
Event: 6780.821 GC heap before
{Heap before GC invocations=19926 (full 2):
 def new generation   total 1048832K, used 934996K [0x00007fdbc4600000, 0x00007fdc0b800000, 0x00007fe66f0a0000)
  eden space 932352K, 100% used [0x00007fdbc4600000, 0x00007fdbfd480000, 0x00007fdbfd480000)
  from space 116480K,   2% used [0x00007fdc04640000, 0x00007fdc048d50e8, 0x00007fdc0b800000)
  to   space 116480K,   0% used [0x00007fdbfd480000, 0x00007fdbfd480000, 0x00007fdc04640000)
 tenured generation   total 2330560K, used 2330470K [0x00007fe66f0a0000, 0x00007fe6fd490000, 0x00007ffbc4600000)
   the space 2330560K,  99% used [0x00007fe66f0a0000, 0x00007fe6fd479af0, 0x00007fe6fd479c00, 0x00007fe6fd490000)
 Metaspace       used 24995K, capacity 25445K, committed 25600K, reserved 26624K
}
Event: 6780.826 GC heap after
{Heap after GC invocations=19927 (full 2):
 def new generation   total 1048832K, used 2627K [0x00007fdbc4600000, 0x00007fdc0b800000, 0x00007fe66f0a0000)
  eden space 932352K,   0% used [0x00007fdbc4600000, 0x00007fdbc4600000, 0x00007fdbfd480000)
  from space 116480K,   2% used [0x00007fdbfd480000, 0x00007fdbfd710e60, 0x00007fdc04640000)
  to   space 116480K,   0% used [0x00007fdc04640000, 0x00007fdc04640000, 0x00007fdc0b800000)
 tenured generation   total 2330752K, used 2330635K [0x00007fe66f0a0000, 0x00007fe6fd4c0000, 0x00007ffbc4600000)
   the space 2330752K,  99% used [0x00007fe66f0a0000, 0x00007fe6fd4a2d10, 0x00007fe6fd4a2e00, 0x00007fe6fd4c0000)
 Metaspace       used 24995K, capacity 25445K, committed 25600K, reserved 26624K
}
Event: 6780.826 GC heap before
{Heap before GC invocations=19927 (full 2):
 def new generation   total 1048832K, used 2627K [0x00007fdbc4600000, 0x00007fdc0b800000, 0x00007fe66f0a0000)
  eden space 932352K,   0% used [0x00007fdbc4600000, 0x00007fdbc4600000, 0x00007fdbfd480000)
  from space 116480K,   2% used [0x00007fdbfd480000, 0x00007fdbfd710e60, 0x00007fdc04640000)
  to   space 116480K,   0% used [0x00007fdc04640000, 0x00007fdc04640000, 0x00007fdc0b800000)
 tenured generation   total 2330752K, used 2330635K [0x00007fe66f0a0000, 0x00007fe6fd4c0000, 0x00007ffbc4600000)
   the space 2330752K,  99% used [0x00007fe66f0a0000, 0x00007fe6fd4a2d10, 0x00007fe6fd4a2e00, 0x00007fe6fd4c0000)
 Metaspace       used 24995K, capacity 25445K, committed 25600K, reserved 26624K
}

