# JRE version: OpenJDK Runtime Environment (13.0.7+5) (build 13.0.7+5-Ubuntu-0ubuntu120.04)
# Java VM: OpenJDK 64-Bit Server VM (13.0.7+5-Ubuntu-0ubuntu120.04, mixed mode, tiered, serial gc, linux-amd64)
Heap:
 def new generation   total 1192256K, used 132291K [0x00007f9410600000, 0x00007f94613a0000, 0x00007f9965b50000)
  eden space 1059840K,  12% used [0x00007f9410600000, 0x00007f9418730f60, 0x00007f9451100000)
  from space 132416K,   0% used [0x00007f9459250000, 0x00007f9459250000, 0x00007f94613a0000)
  to   space 132416K,   0% used [0x00007f9451100000, 0x00007f9451100000, 0x00007f9459250000)
 tenured generation   total 3165376K, used 3165375K [0x00007f9965b50000, 0x00007f9a26e80000, 0x00007fa410600000)
   the space 3165376K,  99% used [0x00007f9965b50000, 0x00007f9a26e7fde0, 0x00007f9a26e7fe00, 0x00007f9a26e80000)
 Metaspace       used 31762K, capacity 32257K, committed 32512K, reserved 32768K
GC Heap History (19 events):
Event: 3.049 GC heap before
{Heap before GC invocations=0 (full 0):
 def new generation   total 629120K, used 100662K [0x00007f9410600000, 0x00007f943b0a0000, 0x00007f9965b50000)
  eden space 559232K,  18% used [0x00007f9410600000, 0x00007f941684d8c0, 0x00007f9432820000)
  from space 69888K,   0% used [0x00007f9432820000, 0x00007f9432820000, 0x00007f9436c60000)
  to   space 69888K,   0% used [0x00007f9436c60000, 0x00007f9436c60000, 0x00007f943b0a0000)
 tenured generation   total 1398144K, used 0K [0x00007f9965b50000, 0x00007f99bb0b0000, 0x00007fa410600000)
   the space 1398144K,   0% used [0x00007f9965b50000, 0x00007f9965b50000, 0x00007f9965b50200, 0x00007f99bb0b0000)
 Metaspace       used 20805K, capacity 21115K, committed 21248K, reserved 22528K
}
Event: 3.161 GC heap after
{Heap after GC invocations=1 (full 1):
 def new generation   total 629248K, used 0K [0x00007f9410600000, 0x00007f943b0c0000, 0x00007f9965b50000)
  eden space 559360K,   0% used [0x00007f9410600000, 0x00007f9410600000, 0x00007f9432840000)
  from space 69888K,   0% used [0x00007f9432840000, 0x00007f9432840000, 0x00007f9436c80000)
  to   space 69888K,   0% used [0x00007f9436c80000, 0x00007f9436c80000, 0x00007f943b0c0000)
 tenured generation   total 1398144K, used 13945K [0x00007f9965b50000, 0x00007f99bb0b0000, 0x00007fa410600000)
   the space 1398144K,   0% used [0x00007f9965b50000, 0x00007f99668ee680, 0x00007f99668ee800, 0x00007f99bb0b0000)
 Metaspace       used 20805K, capacity 21115K, committed 21248K, reserved 22528K
}
Event: 7.706 GC heap before
{Heap before GC invocations=1 (full 1):
 def new generation   total 629248K, used 548215K [0x00007f9410600000, 0x00007f943b0c0000, 0x00007f9965b50000)
  eden space 559360K,  98% used [0x00007f9410600000, 0x00007f9431d5dd28, 0x00007f9432840000)
  from space 69888K,   0% used [0x00007f9432840000, 0x00007f9432840000, 0x00007f9436c80000)
  to   space 69888K,   0% used [0x00007f9436c80000, 0x00007f9436c80000, 0x00007f943b0c0000)
 tenured generation   total 1398144K, used 13945K [0x00007f9965b50000, 0x00007f99bb0b0000, 0x00007fa410600000)
   the space 1398144K,   0% used [0x00007f9965b50000, 0x00007f99668ee680, 0x00007f99668ee800, 0x00007f99bb0b0000)
 Metaspace       used 31760K, capacity 32257K, committed 32512K, reserved 32768K
}
Event: 7.725 GC heap after
{Heap after GC invocations=2 (full 1):
 def new generation   total 629248K, used 6927K [0x00007f9410600000, 0x00007f943b0c0000, 0x00007f9965b50000)
  eden space 559360K,   0% used [0x00007f9410600000, 0x00007f9410600000, 0x00007f9432840000)
  from space 69888K,   9% used [0x00007f9436c80000, 0x00007f9437343c10, 0x00007f943b0c0000)
  to   space 69888K,   0% used [0x00007f9432840000, 0x00007f9432840000, 0x00007f9436c80000)
 tenured generation   total 1398144K, used 13945K [0x00007f9965b50000, 0x00007f99bb0b0000, 0x00007fa410600000)
   the space 1398144K,   0% used [0x00007f9965b50000, 0x00007f99668ee680, 0x00007f99668ee800, 0x00007f99bb0b0000)
 Metaspace       used 31760K, capacity 32257K, committed 32512K, reserved 32768K
}
Event: 8.005 GC heap before
{Heap before GC invocations=2 (full 1):
 def new generation   total 629248K, used 566287K [0x00007f9410600000, 0x00007f943b0c0000, 0x00007f9965b50000)
  eden space 559360K, 100% used [0x00007f9410600000, 0x00007f9432840000, 0x00007f9432840000)
  from space 69888K,   9% used [0x00007f9436c80000, 0x00007f9437343c10, 0x00007f943b0c0000)
  to   space 69888K,   0% used [0x00007f9432840000, 0x00007f9432840000, 0x00007f9436c80000)
 tenured generation   total 1398144K, used 13945K [0x00007f9965b50000, 0x00007f99bb0b0000, 0x00007fa410600000)
   the space 1398144K,   0% used [0x00007f9965b50000, 0x00007f99668ee680, 0x00007f99668ee800, 0x00007f99bb0b0000)
 Metaspace       used 31760K, capacity 32257K, committed 32512K, reserved 32768K
}
Event: 8.668 GC heap after
{Heap after GC invocations=3 (full 1):
 def new generation   total 629248K, used 69888K [0x00007f9410600000, 0x00007f943b0c0000, 0x00007f9965b50000)
  eden space 559360K,   0% used [0x00007f9410600000, 0x00007f9410600000, 0x00007f9432840000)
  from space 69888K, 100% used [0x00007f9432840000, 0x00007f9436c80000, 0x00007f9436c80000)
  to   space 69888K,   0% used [0x00007f9436c80000, 0x00007f9436c80000, 0x00007f943b0c0000)
 tenured generation   total 1398144K, used 510186K [0x00007f9965b50000, 0x00007f99bb0b0000, 0x00007fa410600000)
   the space 1398144K,  36% used [0x00007f9965b50000, 0x00007f9984d8ab90, 0x00007f9984d8ac00, 0x00007f99bb0b0000)
 Metaspace       used 31760K, capacity 32257K, committed 32512K, reserved 32768K
}
Event: 8.923 GC heap before
{Heap before GC invocations=3 (full 1):
 def new generation   total 629248K, used 629248K [0x00007f9410600000, 0x00007f943b0c0000, 0x00007f9965b50000)
  eden space 559360K, 100% used [0x00007f9410600000, 0x00007f9432840000, 0x00007f9432840000)
  from space 69888K, 100% used [0x00007f9432840000, 0x00007f9436c80000, 0x00007f9436c80000)
  to   space 69888K,   0% used [0x00007f9436c80000, 0x00007f9436c80000, 0x00007f943b0c0000)
 tenured generation   total 1398144K, used 510186K [0x00007f9965b50000, 0x00007f99bb0b0000, 0x00007fa410600000)
   the space 1398144K,  36% used [0x00007f9965b50000, 0x00007f9984d8ab90, 0x00007f9984d8ac00, 0x00007f99bb0b0000)
 Metaspace       used 31760K, capacity 32257K, committed 32512K, reserved 32768K
}
Event: 9.819 GC heap after
{Heap after GC invocations=4 (full 1):
 def new generation   total 629248K, used 69887K [0x00007f9410600000, 0x00007f943b0c0000, 0x00007f9965b50000)
  eden space 559360K,   0% used [0x00007f9410600000, 0x00007f9410600000, 0x00007f9432840000)
  from space 69888K,  99% used [0x00007f9436c80000, 0x00007f943b0bff40, 0x00007f943b0c0000)
  to   space 69888K,   0% used [0x00007f9432840000, 0x00007f9432840000, 0x00007f9436c80000)
 tenured generation   total 1398144K, used 1069449K [0x00007f9965b50000, 0x00007f99bb0b0000, 0x00007fa410600000)
   the space 1398144K,  76% used [0x00007f9965b50000, 0x00007f99a6fb26b8, 0x00007f99a6fb2800, 0x00007f99bb0b0000)
 Metaspace       used 31760K, capacity 32257K, committed 32512K, reserved 32768K
}
Event: 10.413 GC heap before
{Heap before GC invocations=4 (full 1):
 def new generation   total 629248K, used 629247K [0x00007f9410600000, 0x00007f943b0c0000, 0x00007f9965b50000)
  eden space 559360K, 100% used [0x00007f9410600000, 0x00007f9432840000, 0x00007f9432840000)
  from space 69888K,  99% used [0x00007f9436c80000, 0x00007f943b0bff40, 0x00007f943b0c0000)
  to   space 69888K,   0% used [0x00007f9432840000, 0x00007f9432840000, 0x00007f9436c80000)
 tenured generation   total 1398144K, used 1069449K [0x00007f9965b50000, 0x00007f99bb0b0000, 0x00007fa410600000)
   the space 1398144K,  76% used [0x00007f9965b50000, 0x00007f99a6fb26b8, 0x00007f99a6fb2800, 0x00007f99bb0b0000)
 Metaspace       used 31762K, capacity 32257K, committed 32512K, reserved 32768K
}
Event: 11.250 GC heap after
{Heap after GC invocations=5 (full 1):
 def new generation   total 629248K, used 69887K [0x00007f9410600000, 0x00007f943b0c0000, 0x00007f9965b50000)
  eden space 559360K,   0% used [0x00007f9410600000, 0x00007f9410600000, 0x00007f9432840000)
  from space 69888K,  99% used [0x00007f9432840000, 0x00007f9436c7ff30, 0x00007f9436c80000)
  to   space 69888K,   0% used [0x00007f9436c80000, 0x00007f9436c80000, 0x00007f943b0c0000)
 tenured generation   total 1589568K, used 1589378K [0x00007f9965b50000, 0x00007f99c6ba0000, 0x00007fa410600000)
   the space 1589568K,  99% used [0x00007f9965b50000, 0x00007f99c6b70960, 0x00007f99c6b70a00, 0x00007f99c6ba0000)
 Metaspace       used 31762K, capacity 32257K, committed 32512K, reserved 32768K
}
Event: 11.250 GC heap before
{Heap before GC invocations=5 (full 1):
 def new generation   total 629248K, used 69887K [0x00007f9410600000, 0x00007f943b0c0000, 0x00007f9965b50000)
  eden space 559360K,   0% used [0x00007f9410600000, 0x00007f9410600000, 0x00007f9432840000)
  from space 69888K,  99% used [0x00007f9432840000, 0x00007f9436c7ff30, 0x00007f9436c80000)
  to   space 69888K,   0% used [0x00007f9436c80000, 0x00007f9436c80000, 0x00007f943b0c0000)
 tenured generation   total 1589568K, used 1589378K [0x00007f9965b50000, 0x00007f99c6ba0000, 0x00007fa410600000)
   the space 1589568K,  99% used [0x00007f9965b50000, 0x00007f99c6b70960, 0x00007f99c6b70a00, 0x00007f99c6ba0000)
 Metaspace       used 31762K, capacity 32257K, committed 32512K, reserved 32768K
}
Event: 12.183 GC heap after
{Heap after GC invocations=5 (full 2):
 def new generation   total 1192256K, used 69698K [0x00007f9410600000, 0x00007f94613a0000, 0x00007f9965b50000)
  eden space 1059840K,   6% used [0x00007f9410600000, 0x00007f9414a10b20, 0x00007f9451100000)
  from space 132416K,   0% used [0x00007f9451100000, 0x00007f9451100000, 0x00007f9459250000)
  to   space 132416K,   0% used [0x00007f9459250000, 0x00007f9459250000, 0x00007f94613a0000)
 tenured generation   total 2649280K, used 1589567K [0x00007f9965b50000, 0x00007f9a07680000, 0x00007fa410600000)
   the space 2649280K,  59% used [0x00007f9965b50000, 0x00007f99c6b9fd70, 0x00007f99c6b9fe00, 0x00007f9a07680000)
 Metaspace       used 31762K, capacity 32257K, committed 32512K, reserved 32768K
}
Event: 15.562 GC heap before
{Heap before GC invocations=5 (full 2):
 def new generation   total 1192256K, used 1059840K [0x00007f9410600000, 0x00007f94613a0000, 0x00007f9965b50000)
  eden space 1059840K, 100% used [0x00007f9410600000, 0x00007f9451100000, 0x00007f9451100000)
  from space 132416K,   0% used [0x00007f9451100000, 0x00007f9451100000, 0x00007f9459250000)
  to   space 132416K,   0% used [0x00007f9459250000, 0x00007f9459250000, 0x00007f94613a0000)
 tenured generation   total 2649280K, used 1589567K [0x00007f9965b50000, 0x00007f9a07680000, 0x00007fa410600000)
   the space 2649280K,  59% used [0x00007f9965b50000, 0x00007f99c6b9fd70, 0x00007f99c6b9fe00, 0x00007f9a07680000)
 Metaspace       used 31762K, capacity 32257K, committed 32512K, reserved 32768K
}
Event: 16.130 GC heap after
{Heap after GC invocations=6 (full 2):
 def new generation   total 1192256K, used 69698K [0x00007f9410600000, 0x00007f94613a0000, 0x00007f9965b50000)
  eden space 1059840K,   0% used [0x00007f9410600000, 0x00007f9410600000, 0x00007f9451100000)
  from space 132416K,  52% used [0x00007f9459250000, 0x00007f945d660b70, 0x00007f94613a0000)
  to   space 132416K,   0% used [0x00007f9451100000, 0x00007f9451100000, 0x00007f9459250000)
 tenured generation   total 2649280K, used 1589567K [0x00007f9965b50000, 0x00007f9a07680000, 0x00007fa410600000)
   the space 2649280K,  59% used [0x00007f9965b50000, 0x00007f99c6b9fd70, 0x00007f99c6b9fe00, 0x00007f9a07680000)
 Metaspace       used 31762K, capacity 32257K, committed 32512K, reserved 32768K
}
Event: 16.782 GC heap before
{Heap before GC invocations=6 (full 2):
 def new generation   total 1192256K, used 1129538K [0x00007f9410600000, 0x00007f94613a0000, 0x00007f9965b50000)
  eden space 1059840K, 100% used [0x00007f9410600000, 0x00007f9451100000, 0x00007f9451100000)
  from space 132416K,  52% used [0x00007f9459250000, 0x00007f945d660b70, 0x00007f94613a0000)
  to   space 132416K,   0% used [0x00007f9451100000, 0x00007f9451100000, 0x00007f9459250000)
 tenured generation   total 2649280K, used 1589567K [0x00007f9965b50000, 0x00007f9a07680000, 0x00007fa410600000)
   the space 2649280K,  59% used [0x00007f9965b50000, 0x00007f99c6b9fd70, 0x00007f99c6b9fe00, 0x00007f9a07680000)
 Metaspace       used 31762K, capacity 32257K, committed 32512K, reserved 32768K
}
Event: 18.338 GC heap after
{Heap after GC invocations=7 (full 2):
 def new generation   total 1192256K, used 132415K [0x00007f9410600000, 0x00007f94613a0000, 0x00007f9965b50000)
  eden space 1059840K,   0% used [0x00007f9410600000, 0x00007f9410600000, 0x00007f9451100000)
  from space 132416K,  99% used [0x00007f9451100000, 0x00007f945924ffc0, 0x00007f9459250000)
  to   space 132416K,   0% used [0x00007f9459250000, 0x00007f9459250000, 0x00007f94613a0000)
 tenured generation   total 2649280K, used 2527904K [0x00007f9965b50000, 0x00007f9a07680000, 0x00007fa410600000)
   the space 2649280K,  95% used [0x00007f9965b50000, 0x00007f99ffff83a8, 0x00007f99ffff8400, 0x00007f9a07680000)
 Metaspace       used 31762K, capacity 32257K, committed 32512K, reserved 32768K
}
Event: 20.057 GC heap before
{Heap before GC invocations=7 (full 2):
 def new generation   total 1192256K, used 1192255K [0x00007f9410600000, 0x00007f94613a0000, 0x00007f9965b50000)
  eden space 1059840K, 100% used [0x00007f9410600000, 0x00007f9451100000, 0x00007f9451100000)
  from space 132416K,  99% used [0x00007f9451100000, 0x00007f945924ffc0, 0x00007f9459250000)
  to   space 132416K,   0% used [0x00007f9459250000, 0x00007f9459250000, 0x00007f94613a0000)
 tenured generation   total 2649280K, used 2527904K [0x00007f9965b50000, 0x00007f9a07680000, 0x00007fa410600000)
   the space 2649280K,  95% used [0x00007f9965b50000, 0x00007f99ffff83a8, 0x00007f99ffff8400, 0x00007f9a07680000)
 Metaspace       used 31762K, capacity 32257K, committed 32512K, reserved 32768K
}
Event: 21.109 GC heap after
{Heap after GC invocations=8 (full 2):
 def new generation   total 1192256K, used 132415K [0x00007f9410600000, 0x00007f94613a0000, 0x00007f9965b50000)
  eden space 1059840K,   0% used [0x00007f9410600000, 0x00007f9410600000, 0x00007f9451100000)
  from space 132416K,  99% used [0x00007f9459250000, 0x00007f946139fe48, 0x00007f94613a0000)
  to   space 132416K,   0% used [0x00007f9451100000, 0x00007f9451100000, 0x00007f9459250000)
 tenured generation   total 3165376K, used 3165251K [0x00007f9965b50000, 0x00007f9a26e80000, 0x00007fa410600000)
   the space 3165376K,  99% used [0x00007f9965b50000, 0x00007f9a26e60ef8, 0x00007f9a26e61000, 0x00007f9a26e80000)
 Metaspace       used 31762K, capacity 32257K, committed 32512K, reserved 32768K
}
Event: 21.109 GC heap before
{Heap before GC invocations=8 (full 2):
 def new generation   total 1192256K, used 132415K [0x00007f9410600000, 0x00007f94613a0000, 0x00007f9965b50000)
  eden space 1059840K,   0% used [0x00007f9410600000, 0x00007f9410600000, 0x00007f9451100000)
  from space 132416K,  99% used [0x00007f9459250000, 0x00007f946139fe48, 0x00007f94613a0000)
  to   space 132416K,   0% used [0x00007f9451100000, 0x00007f9451100000, 0x00007f9459250000)
 tenured generation   total 3165376K, used 3165251K [0x00007f9965b50000, 0x00007f9a26e80000, 0x00007fa410600000)
   the space 3165376K,  99% used [0x00007f9965b50000, 0x00007f9a26e60ef8, 0x00007f9a26e61000, 0x00007f9a26e80000)
 Metaspace       used 31762K, capacity 32257K, committed 32512K, reserved 32768K
}

