# JRE version: OpenJDK Runtime Environment (13.0.7+5) (build 13.0.7+5-Ubuntu-0ubuntu120.04)
# Java VM: OpenJDK 64-Bit Server VM (13.0.7+5-Ubuntu-0ubuntu120.04, mixed mode, tiered, serial gc, linux-amd64)
Heap:
 def new generation   total 1130752K, used 0K [0x00007f5de4600000, 0x00007f5e310f0000, 0x00007f6339b50000)
  eden space 1005120K,   0% used [0x00007f5de4600000, 0x00007f5de4600000, 0x00007f5e21b90000)
  from space 125632K,   0% used [0x00007f5e29640000, 0x00007f5e29640000, 0x00007f5e310f0000)
  to   space 125632K,   0% used [0x00007f5e21b90000, 0x00007f5e21b90000, 0x00007f5e29640000)
 tenured generation   total 2512632K, used 2066524K [0x00007f6339b50000, 0x00007f63d310e000, 0x00007f6de4600000)
   the space 2512632K,  82% used [0x00007f6339b50000, 0x00007f63b7d67090, 0x00007f63b7d67200, 0x00007f63d310e000)
 Metaspace       used 31833K, capacity 32313K, committed 32512K, reserved 32768K
GC Heap History (20 events):
Event: 24.960 GC heap after
{Heap after GC invocations=16 (full 1):
 def new generation   total 629248K, used 15870K [0x00007f5de4600000, 0x00007f5e0f0c0000, 0x00007f6339b50000)
  eden space 559360K,   0% used [0x00007f5de4600000, 0x00007f5de4600000, 0x00007f5e06840000)
  from space 69888K,  22% used [0x00007f5e0ac80000, 0x00007f5e0bbffb80, 0x00007f5e0f0c0000)
  to   space 69888K,   0% used [0x00007f5e06840000, 0x00007f5e06840000, 0x00007f5e0ac80000)
 tenured generation   total 1398144K, used 13944K [0x00007f6339b50000, 0x00007f638f0b0000, 0x00007f6de4600000)
   the space 1398144K,   0% used [0x00007f6339b50000, 0x00007f633a8ee0b0, 0x00007f633a8ee200, 0x00007f638f0b0000)
 Metaspace       used 31832K, capacity 32313K, committed 32512K, reserved 32768K
}
Event: 26.398 GC heap before
{Heap before GC invocations=16 (full 1):
 def new generation   total 629248K, used 575230K [0x00007f5de4600000, 0x00007f5e0f0c0000, 0x00007f6339b50000)
  eden space 559360K, 100% used [0x00007f5de4600000, 0x00007f5e06840000, 0x00007f5e06840000)
  from space 69888K,  22% used [0x00007f5e0ac80000, 0x00007f5e0bbffb80, 0x00007f5e0f0c0000)
  to   space 69888K,   0% used [0x00007f5e06840000, 0x00007f5e06840000, 0x00007f5e0ac80000)
 tenured generation   total 1398144K, used 13944K [0x00007f6339b50000, 0x00007f638f0b0000, 0x00007f6de4600000)
   the space 1398144K,   0% used [0x00007f6339b50000, 0x00007f633a8ee0b0, 0x00007f633a8ee200, 0x00007f638f0b0000)
 Metaspace       used 31832K, capacity 32313K, committed 32512K, reserved 32768K
}
Event: 26.422 GC heap after
{Heap after GC invocations=17 (full 1):
 def new generation   total 629248K, used 144K [0x00007f5de4600000, 0x00007f5e0f0c0000, 0x00007f6339b50000)
  eden space 559360K,   0% used [0x00007f5de4600000, 0x00007f5de4600000, 0x00007f5e06840000)
  from space 69888K,   0% used [0x00007f5e06840000, 0x00007f5e068643b0, 0x00007f5e0ac80000)
  to   space 69888K,   0% used [0x00007f5e0ac80000, 0x00007f5e0ac80000, 0x00007f5e0f0c0000)
 tenured generation   total 1398144K, used 29399K [0x00007f6339b50000, 0x00007f638f0b0000, 0x00007f6de4600000)
   the space 1398144K,   2% used [0x00007f6339b50000, 0x00007f633b805c28, 0x00007f633b805e00, 0x00007f638f0b0000)
 Metaspace       used 31832K, capacity 32313K, committed 32512K, reserved 32768K
}
Event: 27.393 GC heap before
{Heap before GC invocations=17 (full 1):
 def new generation   total 629248K, used 559504K [0x00007f5de4600000, 0x00007f5e0f0c0000, 0x00007f6339b50000)
  eden space 559360K, 100% used [0x00007f5de4600000, 0x00007f5e06840000, 0x00007f5e06840000)
  from space 69888K,   0% used [0x00007f5e06840000, 0x00007f5e068643b0, 0x00007f5e0ac80000)
  to   space 69888K,   0% used [0x00007f5e0ac80000, 0x00007f5e0ac80000, 0x00007f5e0f0c0000)
 tenured generation   total 1398144K, used 29399K [0x00007f6339b50000, 0x00007f638f0b0000, 0x00007f6de4600000)
   the space 1398144K,   2% used [0x00007f6339b50000, 0x00007f633b805c28, 0x00007f633b805e00, 0x00007f638f0b0000)
 Metaspace       used 31832K, capacity 32313K, committed 32512K, reserved 32768K
}
Event: 27.394 GC heap after
{Heap after GC invocations=18 (full 1):
 def new generation   total 629248K, used 11K [0x00007f5de4600000, 0x00007f5e0f0c0000, 0x00007f6339b50000)
  eden space 559360K,   0% used [0x00007f5de4600000, 0x00007f5de4600000, 0x00007f5e06840000)
  from space 69888K,   0% used [0x00007f5e0ac80000, 0x00007f5e0ac82cd0, 0x00007f5e0f0c0000)
  to   space 69888K,   0% used [0x00007f5e06840000, 0x00007f5e06840000, 0x00007f5e0ac80000)
 tenured generation   total 1398144K, used 29399K [0x00007f6339b50000, 0x00007f638f0b0000, 0x00007f6de4600000)
   the space 1398144K,   2% used [0x00007f6339b50000, 0x00007f633b805c28, 0x00007f633b805e00, 0x00007f638f0b0000)
 Metaspace       used 31832K, capacity 32313K, committed 32512K, reserved 32768K
}
Event: 28.444 GC heap before
{Heap before GC invocations=18 (full 1):
 def new generation   total 629248K, used 559371K [0x00007f5de4600000, 0x00007f5e0f0c0000, 0x00007f6339b50000)
  eden space 559360K, 100% used [0x00007f5de4600000, 0x00007f5e06840000, 0x00007f5e06840000)
  from space 69888K,   0% used [0x00007f5e0ac80000, 0x00007f5e0ac82cd0, 0x00007f5e0f0c0000)
  to   space 69888K,   0% used [0x00007f5e06840000, 0x00007f5e06840000, 0x00007f5e0ac80000)
 tenured generation   total 1398144K, used 29399K [0x00007f6339b50000, 0x00007f638f0b0000, 0x00007f6de4600000)
   the space 1398144K,   2% used [0x00007f6339b50000, 0x00007f633b805c28, 0x00007f633b805e00, 0x00007f638f0b0000)
 Metaspace       used 31833K, capacity 32313K, committed 32512K, reserved 32768K
}
Event: 28.762 GC heap after
{Heap after GC invocations=19 (full 1):
 def new generation   total 629248K, used 69888K [0x00007f5de4600000, 0x00007f5e0f0c0000, 0x00007f6339b50000)
  eden space 559360K,   0% used [0x00007f5de4600000, 0x00007f5de4600000, 0x00007f5e06840000)
  from space 69888K, 100% used [0x00007f5e06840000, 0x00007f5e0ac80000, 0x00007f5e0ac80000)
  to   space 69888K,   0% used [0x00007f5e0ac80000, 0x00007f5e0ac80000, 0x00007f5e0f0c0000)
 tenured generation   total 1398144K, used 217713K [0x00007f6339b50000, 0x00007f638f0b0000, 0x00007f6de4600000)
   the space 1398144K,  15% used [0x00007f6339b50000, 0x00007f6346fec470, 0x00007f6346fec600, 0x00007f638f0b0000)
 Metaspace       used 31833K, capacity 32313K, committed 32512K, reserved 32768K
}
Event: 29.352 GC heap before
{Heap before GC invocations=19 (full 1):
 def new generation   total 629248K, used 629248K [0x00007f5de4600000, 0x00007f5e0f0c0000, 0x00007f6339b50000)
  eden space 559360K, 100% used [0x00007f5de4600000, 0x00007f5e06840000, 0x00007f5e06840000)
  from space 69888K, 100% used [0x00007f5e06840000, 0x00007f5e0ac80000, 0x00007f5e0ac80000)
  to   space 69888K,   0% used [0x00007f5e0ac80000, 0x00007f5e0ac80000, 0x00007f5e0f0c0000)
 tenured generation   total 1398144K, used 217713K [0x00007f6339b50000, 0x00007f638f0b0000, 0x00007f6de4600000)
   the space 1398144K,  15% used [0x00007f6339b50000, 0x00007f6346fec470, 0x00007f6346fec600, 0x00007f638f0b0000)
 Metaspace       used 31833K, capacity 32313K, committed 32512K, reserved 32768K
}
Event: 29.814 GC heap after
{Heap after GC invocations=20 (full 1):
 def new generation   total 629248K, used 69888K [0x00007f5de4600000, 0x00007f5e0f0c0000, 0x00007f6339b50000)
  eden space 559360K,   0% used [0x00007f5de4600000, 0x00007f5de4600000, 0x00007f5e06840000)
  from space 69888K, 100% used [0x00007f5e0ac80000, 0x00007f5e0f0c0000, 0x00007f5e0f0c0000)
  to   space 69888K,   0% used [0x00007f5e06840000, 0x00007f5e06840000, 0x00007f5e0ac80000)
 tenured generation   total 1398144K, used 545038K [0x00007f6339b50000, 0x00007f638f0b0000, 0x00007f6de4600000)
   the space 1398144K,  38% used [0x00007f6339b50000, 0x00007f635af93890, 0x00007f635af93a00, 0x00007f638f0b0000)
 Metaspace       used 31833K, capacity 32313K, committed 32512K, reserved 32768K
}
Event: 30.419 GC heap before
{Heap before GC invocations=20 (full 1):
 def new generation   total 629248K, used 629248K [0x00007f5de4600000, 0x00007f5e0f0c0000, 0x00007f6339b50000)
  eden space 559360K, 100% used [0x00007f5de4600000, 0x00007f5e06840000, 0x00007f5e06840000)
  from space 69888K, 100% used [0x00007f5e0ac80000, 0x00007f5e0f0c0000, 0x00007f5e0f0c0000)
  to   space 69888K,   0% used [0x00007f5e06840000, 0x00007f5e06840000, 0x00007f5e0ac80000)
 tenured generation   total 1398144K, used 545038K [0x00007f6339b50000, 0x00007f638f0b0000, 0x00007f6de4600000)
   the space 1398144K,  38% used [0x00007f6339b50000, 0x00007f635af93890, 0x00007f635af93a00, 0x00007f638f0b0000)
 Metaspace       used 31833K, capacity 32313K, committed 32512K, reserved 32768K
}
Event: 30.978 GC heap after
{Heap after GC invocations=21 (full 1):
 def new generation   total 629248K, used 69887K [0x00007f5de4600000, 0x00007f5e0f0c0000, 0x00007f6339b50000)
  eden space 559360K,   0% used [0x00007f5de4600000, 0x00007f5de4600000, 0x00007f5e06840000)
  from space 69888K,  99% used [0x00007f5e06840000, 0x00007f5e0ac7ff20, 0x00007f5e0ac80000)
  to   space 69888K,   0% used [0x00007f5e0ac80000, 0x00007f5e0ac80000, 0x00007f5e0f0c0000)
 tenured generation   total 1398144K, used 860761K [0x00007f6339b50000, 0x00007f638f0b0000, 0x00007f6de4600000)
   the space 1398144K,  61% used [0x00007f6339b50000, 0x00007f636e3e64b8, 0x00007f636e3e6600, 0x00007f638f0b0000)
 Metaspace       used 31833K, capacity 32313K, committed 32512K, reserved 32768K
}
Event: 31.569 GC heap before
{Heap before GC invocations=21 (full 1):
 def new generation   total 629248K, used 629247K [0x00007f5de4600000, 0x00007f5e0f0c0000, 0x00007f6339b50000)
  eden space 559360K, 100% used [0x00007f5de4600000, 0x00007f5e06840000, 0x00007f5e06840000)
  from space 69888K,  99% used [0x00007f5e06840000, 0x00007f5e0ac7ff20, 0x00007f5e0ac80000)
  to   space 69888K,   0% used [0x00007f5e0ac80000, 0x00007f5e0ac80000, 0x00007f5e0f0c0000)
 tenured generation   total 1398144K, used 860761K [0x00007f6339b50000, 0x00007f638f0b0000, 0x00007f6de4600000)
   the space 1398144K,  61% used [0x00007f6339b50000, 0x00007f636e3e64b8, 0x00007f636e3e6600, 0x00007f638f0b0000)
 Metaspace       used 31833K, capacity 32313K, committed 32512K, reserved 32768K
}
Event: 32.167 GC heap after
{Heap after GC invocations=22 (full 1):
 def new generation   total 629248K, used 69887K [0x00007f5de4600000, 0x00007f5e0f0c0000, 0x00007f6339b50000)
  eden space 559360K,   0% used [0x00007f5de4600000, 0x00007f5de4600000, 0x00007f5e06840000)
  from space 69888K,  99% used [0x00007f5e0ac80000, 0x00007f5e0f0bfe78, 0x00007f5e0f0c0000)
  to   space 69888K,   0% used [0x00007f5e06840000, 0x00007f5e06840000, 0x00007f5e0ac80000)
 tenured generation   total 1398144K, used 1187918K [0x00007f6339b50000, 0x00007f638f0b0000, 0x00007f6de4600000)
   the space 1398144K,  84% used [0x00007f6339b50000, 0x00007f6382363ad8, 0x00007f6382363c00, 0x00007f638f0b0000)
 Metaspace       used 31833K, capacity 32313K, committed 32512K, reserved 32768K
}
Event: 32.761 GC heap before
{Heap before GC invocations=22 (full 1):
 def new generation   total 629248K, used 629247K [0x00007f5de4600000, 0x00007f5e0f0c0000, 0x00007f6339b50000)
  eden space 559360K, 100% used [0x00007f5de4600000, 0x00007f5e06840000, 0x00007f5e06840000)
  from space 69888K,  99% used [0x00007f5e0ac80000, 0x00007f5e0f0bfe78, 0x00007f5e0f0c0000)
  to   space 69888K,   0% used [0x00007f5e06840000, 0x00007f5e06840000, 0x00007f5e0ac80000)
 tenured generation   total 1398144K, used 1187918K [0x00007f6339b50000, 0x00007f638f0b0000, 0x00007f6de4600000)
   the space 1398144K,  84% used [0x00007f6339b50000, 0x00007f6382363ad8, 0x00007f6382363c00, 0x00007f638f0b0000)
 Metaspace       used 31833K, capacity 32313K, committed 32512K, reserved 32768K
}
Event: 33.338 GC heap after
{Heap after GC invocations=23 (full 1):
 def new generation   total 629248K, used 69887K [0x00007f5de4600000, 0x00007f5e0f0c0000, 0x00007f6339b50000)
  eden space 559360K,   0% used [0x00007f5de4600000, 0x00007f5de4600000, 0x00007f5e06840000)
  from space 69888K,  99% used [0x00007f5e06840000, 0x00007f5e0ac7feb0, 0x00007f5e0ac80000)
  to   space 69888K,   0% used [0x00007f5e0ac80000, 0x00007f5e0ac80000, 0x00007f5e0f0c0000)
 tenured generation   total 1507584K, used 1507578K [0x00007f6339b50000, 0x00007f6395b90000, 0x00007f6de4600000)
   the space 1507584K,  99% used [0x00007f6339b50000, 0x00007f6395b8e890, 0x00007f6395b8ea00, 0x00007f6395b90000)
 Metaspace       used 31833K, capacity 32313K, committed 32512K, reserved 32768K
}
Event: 33.338 GC heap before
{Heap before GC invocations=23 (full 1):
 def new generation   total 629248K, used 69887K [0x00007f5de4600000, 0x00007f5e0f0c0000, 0x00007f6339b50000)
  eden space 559360K,   0% used [0x00007f5de4600000, 0x00007f5de4600000, 0x00007f5e06840000)
  from space 69888K,  99% used [0x00007f5e06840000, 0x00007f5e0ac7feb0, 0x00007f5e0ac80000)
  to   space 69888K,   0% used [0x00007f5e0ac80000, 0x00007f5e0ac80000, 0x00007f5e0f0c0000)
 tenured generation   total 1507584K, used 1507578K [0x00007f6339b50000, 0x00007f6395b90000, 0x00007f6de4600000)
   the space 1507584K,  99% used [0x00007f6339b50000, 0x00007f6395b8e890, 0x00007f6395b8ea00, 0x00007f6395b90000)
 Metaspace       used 31833K, capacity 32313K, committed 32512K, reserved 32768K
}
Event: 34.210 GC heap after
{Heap after GC invocations=23 (full 2):
 def new generation   total 1130752K, used 69887K [0x00007f5de4600000, 0x00007f5e310f0000, 0x00007f6339b50000)
  eden space 1005120K,   6% used [0x00007f5de4600000, 0x00007f5de8a3fe60, 0x00007f5e21b90000)
  from space 125632K,   0% used [0x00007f5e21b90000, 0x00007f5e21b90000, 0x00007f5e29640000)
  to   space 125632K,   0% used [0x00007f5e29640000, 0x00007f5e29640000, 0x00007f5e310f0000)
 tenured generation   total 2512632K, used 1507578K [0x00007f6339b50000, 0x00007f63d310e000, 0x00007f6de4600000)
   the space 2512632K,  59% used [0x00007f6339b50000, 0x00007f6395b8e8e0, 0x00007f6395b8ea00, 0x00007f63d310e000)
 Metaspace       used 31833K, capacity 32313K, committed 32512K, reserved 32768K
}
Event: 35.149 GC heap before
{Heap before GC invocations=23 (full 2):
 def new generation   total 1130752K, used 934304K [0x00007f5de4600000, 0x00007f5e310f0000, 0x00007f6339b50000)
  eden space 1005120K,  92% used [0x00007f5de4600000, 0x00007f5e1d668080, 0x00007f5e21b90000)
  from space 125632K,   0% used [0x00007f5e21b90000, 0x00007f5e21b90000, 0x00007f5e29640000)
  to   space 125632K,   0% used [0x00007f5e29640000, 0x00007f5e29640000, 0x00007f5e310f0000)
 tenured generation   total 2512632K, used 1507578K [0x00007f6339b50000, 0x00007f63d310e000, 0x00007f6de4600000)
   the space 2512632K,  59% used [0x00007f6339b50000, 0x00007f6395b8e8e0, 0x00007f6395b8ea00, 0x00007f63d310e000)
 Metaspace       used 31833K, capacity 32313K, committed 32512K, reserved 32768K
}
Event: 36.187 GC heap after
{Heap after GC invocations=24 (full 2):
 def new generation   total 1130752K, used 125631K [0x00007f5de4600000, 0x00007f5e310f0000, 0x00007f6339b50000)
  eden space 1005120K,   0% used [0x00007f5de4600000, 0x00007f5de4600000, 0x00007f5e21b90000)
  from space 125632K,  99% used [0x00007f5e29640000, 0x00007f5e310effa8, 0x00007f5e310f0000)
  to   space 125632K,   0% used [0x00007f5e21b90000, 0x00007f5e21b90000, 0x00007f5e29640000)
 tenured generation   total 2512632K, used 1940892K [0x00007f6339b50000, 0x00007f63d310e000, 0x00007f6de4600000)
   the space 2512632K,  77% used [0x00007f6339b50000, 0x00007f63b02b7160, 0x00007f63b02b7200, 0x00007f63d310e000)
 Metaspace       used 31833K, capacity 32313K, committed 32512K, reserved 32768K
}
Event: 36.187 GC heap before
{Heap before GC invocations=24 (full 2):
 def new generation   total 1130752K, used 125631K [0x00007f5de4600000, 0x00007f5e310f0000, 0x00007f6339b50000)
  eden space 1005120K,   0% used [0x00007f5de4600000, 0x00007f5de4600000, 0x00007f5e21b90000)
  from space 125632K,  99% used [0x00007f5e29640000, 0x00007f5e310effa8, 0x00007f5e310f0000)
  to   space 125632K,   0% used [0x00007f5e21b90000, 0x00007f5e21b90000, 0x00007f5e29640000)
 tenured generation   total 2512632K, used 1940892K [0x00007f6339b50000, 0x00007f63d310e000, 0x00007f6de4600000)
   the space 2512632K,  77% used [0x00007f6339b50000, 0x00007f63b02b7160, 0x00007f63b02b7200, 0x00007f63d310e000)
 Metaspace       used 31833K, capacity 32313K, committed 32512K, reserved 32768K
}

