# JRE version: OpenJDK Runtime Environment (13.0.7+5) (build 13.0.7+5-Ubuntu-0ubuntu120.04)
# Java VM: OpenJDK 64-Bit Server VM (13.0.7+5-Ubuntu-0ubuntu120.04, mixed mode, tiered, serial gc, linux-amd64)
Heap:
 def new generation   total 1453440K, used 161456K [0x00007fd178600000, 0x00007fd1daf10000, 0x00007fd6cdb50000)
  eden space 1291968K,  12% used [0x00007fd178600000, 0x00007fd1823ac1e8, 0x00007fd1c73b0000)
  from space 161472K,   0% used [0x00007fd1c73b0000, 0x00007fd1c73b0000, 0x00007fd1d1160000)
  to   space 161472K,   0% used [0x00007fd1d1160000, 0x00007fd1d1160000, 0x00007fd1daf10000)
 tenured generation   total 4360256K, used 4360255K [0x00007fd6cdb50000, 0x00007fd7d7d60000, 0x00007fe178600000)
   the space 4360256K,  99% used [0x00007fd6cdb50000, 0x00007fd7d7d5fcf0, 0x00007fd7d7d5fe00, 0x00007fd7d7d60000)
 Metaspace       used 31744K, capacity 32189K, committed 32512K, reserved 32768K
GC Heap History (20 events):
Event: 49.605 GC heap after
{Heap after GC invocations=49 (full 1):
 def new generation   total 629248K, used 116K [0x00007fd178600000, 0x00007fd1a30c0000, 0x00007fd6cdb50000)
  eden space 559360K,   0% used [0x00007fd178600000, 0x00007fd178600000, 0x00007fd19a840000)
  from space 69888K,   0% used [0x00007fd19a840000, 0x00007fd19a85d280, 0x00007fd19ec80000)
  to   space 69888K,   0% used [0x00007fd19ec80000, 0x00007fd19ec80000, 0x00007fd1a30c0000)
 tenured generation   total 1398144K, used 59361K [0x00007fd6cdb50000, 0x00007fd7230b0000, 0x00007fe178600000)
   the space 1398144K,   4% used [0x00007fd6cdb50000, 0x00007fd6d15484d8, 0x00007fd6d1548600, 0x00007fd7230b0000)
 Metaspace       used 31744K, capacity 32189K, committed 32512K, reserved 32768K
}
Event: 50.441 GC heap before
{Heap before GC invocations=49 (full 1):
 def new generation   total 629248K, used 559476K [0x00007fd178600000, 0x00007fd1a30c0000, 0x00007fd6cdb50000)
  eden space 559360K, 100% used [0x00007fd178600000, 0x00007fd19a840000, 0x00007fd19a840000)
  from space 69888K,   0% used [0x00007fd19a840000, 0x00007fd19a85d280, 0x00007fd19ec80000)
  to   space 69888K,   0% used [0x00007fd19ec80000, 0x00007fd19ec80000, 0x00007fd1a30c0000)
 tenured generation   total 1398144K, used 59361K [0x00007fd6cdb50000, 0x00007fd7230b0000, 0x00007fe178600000)
   the space 1398144K,   4% used [0x00007fd6cdb50000, 0x00007fd6d15484d8, 0x00007fd6d1548600, 0x00007fd7230b0000)
 Metaspace       used 31744K, capacity 32189K, committed 32512K, reserved 32768K
}
Event: 50.441 GC heap after
{Heap after GC invocations=50 (full 1):
 def new generation   total 629248K, used 279K [0x00007fd178600000, 0x00007fd1a30c0000, 0x00007fd6cdb50000)
  eden space 559360K,   0% used [0x00007fd178600000, 0x00007fd178600000, 0x00007fd19a840000)
  from space 69888K,   0% used [0x00007fd19ec80000, 0x00007fd19ecc5cf0, 0x00007fd1a30c0000)
  to   space 69888K,   0% used [0x00007fd19a840000, 0x00007fd19a840000, 0x00007fd19ec80000)
 tenured generation   total 1398144K, used 59361K [0x00007fd6cdb50000, 0x00007fd7230b0000, 0x00007fe178600000)
   the space 1398144K,   4% used [0x00007fd6cdb50000, 0x00007fd6d1548500, 0x00007fd6d1548600, 0x00007fd7230b0000)
 Metaspace       used 31744K, capacity 32189K, committed 32512K, reserved 32768K
}
Event: 51.226 GC heap before
{Heap before GC invocations=50 (full 1):
 def new generation   total 629248K, used 559639K [0x00007fd178600000, 0x00007fd1a30c0000, 0x00007fd6cdb50000)
  eden space 559360K, 100% used [0x00007fd178600000, 0x00007fd19a840000, 0x00007fd19a840000)
  from space 69888K,   0% used [0x00007fd19ec80000, 0x00007fd19ecc5cf0, 0x00007fd1a30c0000)
  to   space 69888K,   0% used [0x00007fd19a840000, 0x00007fd19a840000, 0x00007fd19ec80000)
 tenured generation   total 1398144K, used 59361K [0x00007fd6cdb50000, 0x00007fd7230b0000, 0x00007fe178600000)
   the space 1398144K,   4% used [0x00007fd6cdb50000, 0x00007fd6d1548500, 0x00007fd6d1548600, 0x00007fd7230b0000)
 Metaspace       used 31744K, capacity 32189K, committed 32512K, reserved 32768K
}
Event: 51.227 GC heap after
{Heap after GC invocations=51 (full 1):
 def new generation   total 629248K, used 143K [0x00007fd178600000, 0x00007fd1a30c0000, 0x00007fd6cdb50000)
  eden space 559360K,   0% used [0x00007fd178600000, 0x00007fd178600000, 0x00007fd19a840000)
  from space 69888K,   0% used [0x00007fd19a840000, 0x00007fd19a863eb8, 0x00007fd19ec80000)
  to   space 69888K,   0% used [0x00007fd19ec80000, 0x00007fd19ec80000, 0x00007fd1a30c0000)
 tenured generation   total 1398144K, used 59361K [0x00007fd6cdb50000, 0x00007fd7230b0000, 0x00007fe178600000)
   the space 1398144K,   4% used [0x00007fd6cdb50000, 0x00007fd6d1548528, 0x00007fd6d1548600, 0x00007fd7230b0000)
 Metaspace       used 31744K, capacity 32189K, committed 32512K, reserved 32768K
}
Event: 52.047 GC heap before
{Heap before GC invocations=51 (full 1):
 def new generation   total 629248K, used 514693K [0x00007fd178600000, 0x00007fd1a30c0000, 0x00007fd6cdb50000)
  eden space 559360K,  91% used [0x00007fd178600000, 0x00007fd197c7d6b0, 0x00007fd19a840000)
  from space 69888K,   0% used [0x00007fd19a840000, 0x00007fd19a863eb8, 0x00007fd19ec80000)
  to   space 69888K,   0% used [0x00007fd19ec80000, 0x00007fd19ec80000, 0x00007fd1a30c0000)
 tenured generation   total 1398144K, used 59361K [0x00007fd6cdb50000, 0x00007fd7230b0000, 0x00007fe178600000)
   the space 1398144K,   4% used [0x00007fd6cdb50000, 0x00007fd6d1548528, 0x00007fd6d1548600, 0x00007fd7230b0000)
 Metaspace       used 31744K, capacity 32189K, committed 32512K, reserved 32768K
}
Event: 52.297 GC heap after
{Heap after GC invocations=52 (full 1):
 def new generation   total 629248K, used 69887K [0x00007fd178600000, 0x00007fd1a30c0000, 0x00007fd6cdb50000)
  eden space 559360K,   0% used [0x00007fd178600000, 0x00007fd178600000, 0x00007fd19a840000)
  from space 69888K,  99% used [0x00007fd19ec80000, 0x00007fd1a30bfe48, 0x00007fd1a30c0000)
  to   space 69888K,   0% used [0x00007fd19a840000, 0x00007fd19a840000, 0x00007fd19ec80000)
 tenured generation   total 1398144K, used 259862K [0x00007fd6cdb50000, 0x00007fd7230b0000, 0x00007fe178600000)
   the space 1398144K,  18% used [0x00007fd6cdb50000, 0x00007fd6dd915be0, 0x00007fd6dd915c00, 0x00007fd7230b0000)
 Metaspace       used 31744K, capacity 32189K, committed 32512K, reserved 32768K
}
Event: 52.480 GC heap before
{Heap before GC invocations=52 (full 1):
 def new generation   total 629248K, used 629247K [0x00007fd178600000, 0x00007fd1a30c0000, 0x00007fd6cdb50000)
  eden space 559360K, 100% used [0x00007fd178600000, 0x00007fd19a840000, 0x00007fd19a840000)
  from space 69888K,  99% used [0x00007fd19ec80000, 0x00007fd1a30bfe48, 0x00007fd1a30c0000)
  to   space 69888K,   0% used [0x00007fd19a840000, 0x00007fd19a840000, 0x00007fd19ec80000)
 tenured generation   total 1398144K, used 259862K [0x00007fd6cdb50000, 0x00007fd7230b0000, 0x00007fe178600000)
   the space 1398144K,  18% used [0x00007fd6cdb50000, 0x00007fd6dd915be0, 0x00007fd6dd915c00, 0x00007fd7230b0000)
 Metaspace       used 31744K, capacity 32189K, committed 32512K, reserved 32768K
}
Event: 53.004 GC heap after
{Heap after GC invocations=53 (full 1):
 def new generation   total 629248K, used 69887K [0x00007fd178600000, 0x00007fd1a30c0000, 0x00007fd6cdb50000)
  eden space 559360K,   0% used [0x00007fd178600000, 0x00007fd178600000, 0x00007fd19a840000)
  from space 69888K,  99% used [0x00007fd19a840000, 0x00007fd19ec7fde8, 0x00007fd19ec80000)
  to   space 69888K,   0% used [0x00007fd19ec80000, 0x00007fd19ec80000, 0x00007fd1a30c0000)
 tenured generation   total 1398144K, used 819184K [0x00007fd6cdb50000, 0x00007fd7230b0000, 0x00007fe178600000)
   the space 1398144K,  58% used [0x00007fd6cdb50000, 0x00007fd6ffb4c000, 0x00007fd6ffb4c000, 0x00007fd7230b0000)
 Metaspace       used 31744K, capacity 32189K, committed 32512K, reserved 32768K
}
Event: 53.205 GC heap before
{Heap before GC invocations=53 (full 1):
 def new generation   total 629248K, used 629247K [0x00007fd178600000, 0x00007fd1a30c0000, 0x00007fd6cdb50000)
  eden space 559360K, 100% used [0x00007fd178600000, 0x00007fd19a840000, 0x00007fd19a840000)
  from space 69888K,  99% used [0x00007fd19a840000, 0x00007fd19ec7fde8, 0x00007fd19ec80000)
  to   space 69888K,   0% used [0x00007fd19ec80000, 0x00007fd19ec80000, 0x00007fd1a30c0000)
 tenured generation   total 1398144K, used 819184K [0x00007fd6cdb50000, 0x00007fd7230b0000, 0x00007fe178600000)
   the space 1398144K,  58% used [0x00007fd6cdb50000, 0x00007fd6ffb4c000, 0x00007fd6ffb4c000, 0x00007fd7230b0000)
 Metaspace       used 31744K, capacity 32189K, committed 32512K, reserved 32768K
}
Event: 53.966 GC heap after
{Heap after GC invocations=54 (full 1):
 def new generation   total 629248K, used 69887K [0x00007fd178600000, 0x00007fd1a30c0000, 0x00007fd6cdb50000)
  eden space 559360K,   0% used [0x00007fd178600000, 0x00007fd178600000, 0x00007fd19a840000)
  from space 69888K,  99% used [0x00007fd19ec80000, 0x00007fd1a30bfde8, 0x00007fd1a30c0000)
  to   space 69888K,   0% used [0x00007fd19a840000, 0x00007fd19a840000, 0x00007fd19ec80000)
 tenured generation   total 1398144K, used 1378502K [0x00007fd6cdb50000, 0x00007fd7230b0000, 0x00007fe178600000)
   the space 1398144K,  98% used [0x00007fd6cdb50000, 0x00007fd721d81b50, 0x00007fd721d81c00, 0x00007fd7230b0000)
 Metaspace       used 31744K, capacity 32189K, committed 32512K, reserved 32768K
}
Event: 54.158 GC heap before
{Heap before GC invocations=54 (full 1):
 def new generation   total 629248K, used 629247K [0x00007fd178600000, 0x00007fd1a30c0000, 0x00007fd6cdb50000)
  eden space 559360K, 100% used [0x00007fd178600000, 0x00007fd19a840000, 0x00007fd19a840000)
  from space 69888K,  99% used [0x00007fd19ec80000, 0x00007fd1a30bfde8, 0x00007fd1a30c0000)
  to   space 69888K,   0% used [0x00007fd19a840000, 0x00007fd19a840000, 0x00007fd19ec80000)
 tenured generation   total 1398144K, used 1378502K [0x00007fd6cdb50000, 0x00007fd7230b0000, 0x00007fe178600000)
   the space 1398144K,  98% used [0x00007fd6cdb50000, 0x00007fd721d81b50, 0x00007fd721d81c00, 0x00007fd7230b0000)
 Metaspace       used 31744K, capacity 32189K, committed 32512K, reserved 32768K
}
Event: 54.928 GC heap after
{Heap after GC invocations=55 (full 1):
 def new generation   total 629248K, used 69887K [0x00007fd178600000, 0x00007fd1a30c0000, 0x00007fd6cdb50000)
  eden space 559360K,   0% used [0x00007fd178600000, 0x00007fd178600000, 0x00007fd19a840000)
  from space 69888K,  99% used [0x00007fd19a840000, 0x00007fd19ec7fde8, 0x00007fd19ec80000)
  to   space 69888K,   0% used [0x00007fd19ec80000, 0x00007fd19ec80000, 0x00007fd1a30c0000)
 tenured generation   total 1937856K, used 1937819K [0x00007fd6cdb50000, 0x00007fd743fc0000, 0x00007fe178600000)
   the space 1937856K,  99% used [0x00007fd6cdb50000, 0x00007fd743fb6e70, 0x00007fd743fb7000, 0x00007fd743fc0000)
 Metaspace       used 31744K, capacity 32189K, committed 32512K, reserved 32768K
}
Event: 54.928 GC heap before
{Heap before GC invocations=55 (full 1):
 def new generation   total 629248K, used 69887K [0x00007fd178600000, 0x00007fd1a30c0000, 0x00007fd6cdb50000)
  eden space 559360K,   0% used [0x00007fd178600000, 0x00007fd178600000, 0x00007fd19a840000)
  from space 69888K,  99% used [0x00007fd19a840000, 0x00007fd19ec7fde8, 0x00007fd19ec80000)
  to   space 69888K,   0% used [0x00007fd19ec80000, 0x00007fd19ec80000, 0x00007fd1a30c0000)
 tenured generation   total 1937856K, used 1937819K [0x00007fd6cdb50000, 0x00007fd743fc0000, 0x00007fe178600000)
   the space 1937856K,  99% used [0x00007fd6cdb50000, 0x00007fd743fb6e70, 0x00007fd743fb7000, 0x00007fd743fc0000)
 Metaspace       used 31744K, capacity 32189K, committed 32512K, reserved 32768K
}
Event: 55.631 GC heap after
{Heap after GC invocations=55 (full 2):
 def new generation   total 1453440K, used 69851K [0x00007fd178600000, 0x00007fd1daf10000, 0x00007fd6cdb50000)
  eden space 1291968K,   5% used [0x00007fd178600000, 0x00007fd17ca36ea0, 0x00007fd1c73b0000)
  from space 161472K,   0% used [0x00007fd1c73b0000, 0x00007fd1c73b0000, 0x00007fd1d1160000)
  to   space 161472K,   0% used [0x00007fd1d1160000, 0x00007fd1d1160000, 0x00007fd1daf10000)
 tenured generation   total 3229760K, used 1937855K [0x00007fd6cdb50000, 0x00007fd792d60000, 0x00007fe178600000)
   the space 3229760K,  59% used [0x00007fd6cdb50000, 0x00007fd743fbfdb8, 0x00007fd743fbfe00, 0x00007fd792d60000)
 Metaspace       used 31744K, capacity 32189K, committed 32512K, reserved 32768K
}
Event: 56.223 GC heap before
{Heap before GC invocations=55 (full 2):
 def new generation   total 1453440K, used 1291968K [0x00007fd178600000, 0x00007fd1daf10000, 0x00007fd6cdb50000)
  eden space 1291968K, 100% used [0x00007fd178600000, 0x00007fd1c73b0000, 0x00007fd1c73b0000)
  from space 161472K,   0% used [0x00007fd1c73b0000, 0x00007fd1c73b0000, 0x00007fd1d1160000)
  to   space 161472K,   0% used [0x00007fd1d1160000, 0x00007fd1d1160000, 0x00007fd1daf10000)
 tenured generation   total 3229760K, used 1937855K [0x00007fd6cdb50000, 0x00007fd792d60000, 0x00007fe178600000)
   the space 3229760K,  59% used [0x00007fd6cdb50000, 0x00007fd743fbfdb8, 0x00007fd743fbfe00, 0x00007fd792d60000)
 Metaspace       used 31744K, capacity 32189K, committed 32512K, reserved 32768K
}
Event: 57.940 GC heap after
{Heap after GC invocations=56 (full 2):
 def new generation   total 1453440K, used 161471K [0x00007fd178600000, 0x00007fd1daf10000, 0x00007fd6cdb50000)
  eden space 1291968K,   0% used [0x00007fd178600000, 0x00007fd178600000, 0x00007fd1c73b0000)
  from space 161472K,  99% used [0x00007fd1d1160000, 0x00007fd1daf0ff50, 0x00007fd1daf10000)
  to   space 161472K,   0% used [0x00007fd1c73b0000, 0x00007fd1c73b0000, 0x00007fd1d1160000)
 tenured generation   total 3229760K, used 3068319K [0x00007fd6cdb50000, 0x00007fd792d60000, 0x00007fe178600000)
   the space 3229760K,  95% used [0x00007fd6cdb50000, 0x00007fd788fb7fb8, 0x00007fd788fb8000, 0x00007fd792d60000)
 Metaspace       used 31744K, capacity 32189K, committed 32512K, reserved 32768K
}
Event: 58.421 GC heap before
{Heap before GC invocations=56 (full 2):
 def new generation   total 1453440K, used 1453439K [0x00007fd178600000, 0x00007fd1daf10000, 0x00007fd6cdb50000)
  eden space 1291968K, 100% used [0x00007fd178600000, 0x00007fd1c73b0000, 0x00007fd1c73b0000)
  from space 161472K,  99% used [0x00007fd1d1160000, 0x00007fd1daf0ff50, 0x00007fd1daf10000)
  to   space 161472K,   0% used [0x00007fd1c73b0000, 0x00007fd1c73b0000, 0x00007fd1d1160000)
 tenured generation   total 3229760K, used 3068319K [0x00007fd6cdb50000, 0x00007fd792d60000, 0x00007fe178600000)
   the space 3229760K,  95% used [0x00007fd6cdb50000, 0x00007fd788fb7fb8, 0x00007fd788fb8000, 0x00007fd792d60000)
 Metaspace       used 31744K, capacity 32189K, committed 32512K, reserved 32768K
}
Event: 60.183 GC heap after
{Heap after GC invocations=57 (full 2):
 def new generation   total 1453440K, used 161471K [0x00007fd178600000, 0x00007fd1daf10000, 0x00007fd6cdb50000)
  eden space 1291968K,   0% used [0x00007fd178600000, 0x00007fd178600000, 0x00007fd1c73b0000)
  from space 161472K,  99% used [0x00007fd1c73b0000, 0x00007fd1d115ff50, 0x00007fd1d1160000)
  to   space 161472K,   0% used [0x00007fd1d1160000, 0x00007fd1d1160000, 0x00007fd1daf10000)
 tenured generation   total 4360256K, used 4360239K [0x00007fd6cdb50000, 0x00007fd7d7d60000, 0x00007fe178600000)
   the space 4360256K,  99% used [0x00007fd6cdb50000, 0x00007fd7d7d5bf88, 0x00007fd7d7d5c000, 0x00007fd7d7d60000)
 Metaspace       used 31744K, capacity 32189K, committed 32512K, reserved 32768K
}
Event: 60.183 GC heap before
{Heap before GC invocations=57 (full 2):
 def new generation   total 1453440K, used 161471K [0x00007fd178600000, 0x00007fd1daf10000, 0x00007fd6cdb50000)
  eden space 1291968K,   0% used [0x00007fd178600000, 0x00007fd178600000, 0x00007fd1c73b0000)
  from space 161472K,  99% used [0x00007fd1c73b0000, 0x00007fd1d115ff50, 0x00007fd1d1160000)
  to   space 161472K,   0% used [0x00007fd1d1160000, 0x00007fd1d1160000, 0x00007fd1daf10000)
 tenured generation   total 4360256K, used 4360239K [0x00007fd6cdb50000, 0x00007fd7d7d60000, 0x00007fe178600000)
   the space 4360256K,  99% used [0x00007fd6cdb50000, 0x00007fd7d7d5bf88, 0x00007fd7d7d5c000, 0x00007fd7d7d60000)
 Metaspace       used 31744K, capacity 32189K, committed 32512K, reserved 32768K
}

