# JRE version: OpenJDK Runtime Environment (13.0.7+5) (build 13.0.7+5-Ubuntu-0ubuntu120.04)
# Java VM: OpenJDK 64-Bit Server VM (13.0.7+5-Ubuntu-0ubuntu120.04, mixed mode, tiered, serial gc, linux-amd64)
Heap:
 def new generation   total 2880704K, used 16928K [0x00007f1580600000, 0x00007f1643bc0000, 0x00007f202b0a0000)
  eden space 2560640K,   0% used [0x00007f1580600000, 0x00007f1581688070, 0x00007f161caa0000)
  from space 320064K,   0% used [0x00007f1630330000, 0x00007f1630330000, 0x00007f1643bc0000)
  to   space 320064K,   0% used [0x00007f161caa0000, 0x00007f161caa0000, 0x00007f1630330000)
 tenured generation   total 6402188K, used 6402178K [0x00007f202b0a0000, 0x00007f21b1cc3000, 0x00007f3580600000)
   the space 6402188K,  99% used [0x00007f202b0a0000, 0x00007f21b1cc0a90, 0x00007f21b1cc0c00, 0x00007f21b1cc3000)
 Metaspace       used 25287K, capacity 25779K, committed 25856K, reserved 26624K
GC Heap History (20 events):
Event: 16305.129 GC heap after
{Heap after GC invocations=20036 (full 4):
 def new generation   total 2880704K, used 16911K [0x00007f1580600000, 0x00007f1643bc0000, 0x00007f202b0a0000)
  eden space 2560640K,   0% used [0x00007f1580600000, 0x00007f1580600000, 0x00007f161caa0000)
  from space 320064K,   5% used [0x00007f161caa0000, 0x00007f161db23ef0, 0x00007f1630330000)
  to   space 320064K,   0% used [0x00007f1630330000, 0x00007f1630330000, 0x00007f1643bc0000)
 tenured generation   total 6401420K, used 6392074K [0x00007f202b0a0000, 0x00007f21b1c03000, 0x00007f3580600000)
   the space 6401420K,  99% used [0x00007f202b0a0000, 0x00007f21b12e2a30, 0x00007f21b12e2c00, 0x00007f21b1c03000)
 Metaspace       used 25287K, capacity 25779K, committed 25856K, reserved 26624K
}
Event: 16307.042 GC heap before
{Heap before GC invocations=20036 (full 4):
 def new generation   total 2880704K, used 2577551K [0x00007f1580600000, 0x00007f1643bc0000, 0x00007f202b0a0000)
  eden space 2560640K, 100% used [0x00007f1580600000, 0x00007f161caa0000, 0x00007f161caa0000)
  from space 320064K,   5% used [0x00007f161caa0000, 0x00007f161db23ef0, 0x00007f1630330000)
  to   space 320064K,   0% used [0x00007f1630330000, 0x00007f1630330000, 0x00007f1643bc0000)
 tenured generation   total 6401420K, used 6392074K [0x00007f202b0a0000, 0x00007f21b1c03000, 0x00007f3580600000)
   the space 6401420K,  99% used [0x00007f202b0a0000, 0x00007f21b12e2a30, 0x00007f21b12e2c00, 0x00007f21b1c03000)
 Metaspace       used 25287K, capacity 25779K, committed 25856K, reserved 26624K
}
Event: 16307.075 GC heap after
{Heap after GC invocations=20037 (full 4):
 def new generation   total 2880704K, used 16908K [0x00007f1580600000, 0x00007f1643bc0000, 0x00007f202b0a0000)
  eden space 2560640K,   0% used [0x00007f1580600000, 0x00007f1580600000, 0x00007f161caa0000)
  from space 320064K,   5% used [0x00007f1630330000, 0x00007f16313b3228, 0x00007f1643bc0000)
  to   space 320064K,   0% used [0x00007f161caa0000, 0x00007f161caa0000, 0x00007f1630330000)
 tenured generation   total 6401420K, used 6393213K [0x00007f202b0a0000, 0x00007f21b1c03000, 0x00007f3580600000)
   the space 6401420K,  99% used [0x00007f202b0a0000, 0x00007f21b13ff610, 0x00007f21b13ff800, 0x00007f21b1c03000)
 Metaspace       used 25287K, capacity 25779K, committed 25856K, reserved 26624K
}
Event: 16309.006 GC heap before
{Heap before GC invocations=20037 (full 4):
 def new generation   total 2880704K, used 2577548K [0x00007f1580600000, 0x00007f1643bc0000, 0x00007f202b0a0000)
  eden space 2560640K, 100% used [0x00007f1580600000, 0x00007f161caa0000, 0x00007f161caa0000)
  from space 320064K,   5% used [0x00007f1630330000, 0x00007f16313b3228, 0x00007f1643bc0000)
  to   space 320064K,   0% used [0x00007f161caa0000, 0x00007f161caa0000, 0x00007f1630330000)
 tenured generation   total 6401420K, used 6393213K [0x00007f202b0a0000, 0x00007f21b1c03000, 0x00007f3580600000)
   the space 6401420K,  99% used [0x00007f202b0a0000, 0x00007f21b13ff610, 0x00007f21b13ff800, 0x00007f21b1c03000)
 Metaspace       used 25287K, capacity 25779K, committed 25856K, reserved 26624K
}
Event: 16309.037 GC heap after
{Heap after GC invocations=20038 (full 4):
 def new generation   total 2880704K, used 16910K [0x00007f1580600000, 0x00007f1643bc0000, 0x00007f202b0a0000)
  eden space 2560640K,   0% used [0x00007f1580600000, 0x00007f1580600000, 0x00007f161caa0000)
  from space 320064K,   5% used [0x00007f161caa0000, 0x00007f161db23808, 0x00007f1630330000)
  to   space 320064K,   0% used [0x00007f1630330000, 0x00007f1630330000, 0x00007f1643bc0000)
 tenured generation   total 6401420K, used 6394328K [0x00007f202b0a0000, 0x00007f21b1c03000, 0x00007f3580600000)
   the space 6401420K,  99% used [0x00007f202b0a0000, 0x00007f21b1516110, 0x00007f21b1516200, 0x00007f21b1c03000)
 Metaspace       used 25287K, capacity 25779K, committed 25856K, reserved 26624K
}
Event: 16310.888 GC heap before
{Heap before GC invocations=20038 (full 4):
 def new generation   total 2880704K, used 2577550K [0x00007f1580600000, 0x00007f1643bc0000, 0x00007f202b0a0000)
  eden space 2560640K, 100% used [0x00007f1580600000, 0x00007f161caa0000, 0x00007f161caa0000)
  from space 320064K,   5% used [0x00007f161caa0000, 0x00007f161db23808, 0x00007f1630330000)
  to   space 320064K,   0% used [0x00007f1630330000, 0x00007f1630330000, 0x00007f1643bc0000)
 tenured generation   total 6401420K, used 6394328K [0x00007f202b0a0000, 0x00007f21b1c03000, 0x00007f3580600000)
   the space 6401420K,  99% used [0x00007f202b0a0000, 0x00007f21b1516110, 0x00007f21b1516200, 0x00007f21b1c03000)
 Metaspace       used 25287K, capacity 25779K, committed 25856K, reserved 26624K
}
Event: 16310.921 GC heap after
{Heap after GC invocations=20039 (full 4):
 def new generation   total 2880704K, used 16896K [0x00007f1580600000, 0x00007f1643bc0000, 0x00007f202b0a0000)
  eden space 2560640K,   0% used [0x00007f1580600000, 0x00007f1580600000, 0x00007f161caa0000)
  from space 320064K,   5% used [0x00007f1630330000, 0x00007f16313b0270, 0x00007f1643bc0000)
  to   space 320064K,   0% used [0x00007f161caa0000, 0x00007f161caa0000, 0x00007f1630330000)
 tenured generation   total 6401420K, used 6395462K [0x00007f202b0a0000, 0x00007f21b1c03000, 0x00007f3580600000)
   the space 6401420K,  99% used [0x00007f202b0a0000, 0x00007f21b1631bb0, 0x00007f21b1631c00, 0x00007f21b1c03000)
 Metaspace       used 25287K, capacity 25779K, committed 25856K, reserved 26624K
}
Event: 16312.795 GC heap before
{Heap before GC invocations=20039 (full 4):
 def new generation   total 2880704K, used 2577536K [0x00007f1580600000, 0x00007f1643bc0000, 0x00007f202b0a0000)
  eden space 2560640K, 100% used [0x00007f1580600000, 0x00007f161caa0000, 0x00007f161caa0000)
  from space 320064K,   5% used [0x00007f1630330000, 0x00007f16313b0270, 0x00007f1643bc0000)
  to   space 320064K,   0% used [0x00007f161caa0000, 0x00007f161caa0000, 0x00007f1630330000)
 tenured generation   total 6401420K, used 6395462K [0x00007f202b0a0000, 0x00007f21b1c03000, 0x00007f3580600000)
   the space 6401420K,  99% used [0x00007f202b0a0000, 0x00007f21b1631bb0, 0x00007f21b1631c00, 0x00007f21b1c03000)
 Metaspace       used 25287K, capacity 25779K, committed 25856K, reserved 26624K
}
Event: 16312.827 GC heap after
{Heap after GC invocations=20040 (full 4):
 def new generation   total 2880704K, used 16964K [0x00007f1580600000, 0x00007f1643bc0000, 0x00007f202b0a0000)
  eden space 2560640K,   0% used [0x00007f1580600000, 0x00007f1580600000, 0x00007f161caa0000)
  from space 320064K,   5% used [0x00007f161caa0000, 0x00007f161db311f0, 0x00007f1630330000)
  to   space 320064K,   0% used [0x00007f1630330000, 0x00007f1630330000, 0x00007f1643bc0000)
 tenured generation   total 6401420K, used 6396537K [0x00007f202b0a0000, 0x00007f21b1c03000, 0x00007f3580600000)
   the space 6401420K,  99% used [0x00007f202b0a0000, 0x00007f21b173e600, 0x00007f21b173e600, 0x00007f21b1c03000)
 Metaspace       used 25287K, capacity 25779K, committed 25856K, reserved 26624K
}
Event: 16314.714 GC heap before
{Heap before GC invocations=20040 (full 4):
 def new generation   total 2880704K, used 2577604K [0x00007f1580600000, 0x00007f1643bc0000, 0x00007f202b0a0000)
  eden space 2560640K, 100% used [0x00007f1580600000, 0x00007f161caa0000, 0x00007f161caa0000)
  from space 320064K,   5% used [0x00007f161caa0000, 0x00007f161db311f0, 0x00007f1630330000)
  to   space 320064K,   0% used [0x00007f1630330000, 0x00007f1630330000, 0x00007f1643bc0000)
 tenured generation   total 6401420K, used 6396537K [0x00007f202b0a0000, 0x00007f21b1c03000, 0x00007f3580600000)
   the space 6401420K,  99% used [0x00007f202b0a0000, 0x00007f21b173e600, 0x00007f21b173e600, 0x00007f21b1c03000)
 Metaspace       used 25287K, capacity 25779K, committed 25856K, reserved 26624K
}
Event: 16314.744 GC heap after
{Heap after GC invocations=20041 (full 4):
 def new generation   total 2880704K, used 16940K [0x00007f1580600000, 0x00007f1643bc0000, 0x00007f202b0a0000)
  eden space 2560640K,   0% used [0x00007f1580600000, 0x00007f1580600000, 0x00007f161caa0000)
  from space 320064K,   5% used [0x00007f1630330000, 0x00007f16313bb2e8, 0x00007f1643bc0000)
  to   space 320064K,   0% used [0x00007f161caa0000, 0x00007f161caa0000, 0x00007f1630330000)
 tenured generation   total 6401420K, used 6397672K [0x00007f202b0a0000, 0x00007f21b1c03000, 0x00007f3580600000)
   the space 6401420K,  99% used [0x00007f202b0a0000, 0x00007f21b185a0a0, 0x00007f21b185a200, 0x00007f21b1c03000)
 Metaspace       used 25287K, capacity 25779K, committed 25856K, reserved 26624K
}
Event: 16316.646 GC heap before
{Heap before GC invocations=20041 (full 4):
 def new generation   total 2880704K, used 2577580K [0x00007f1580600000, 0x00007f1643bc0000, 0x00007f202b0a0000)
  eden space 2560640K, 100% used [0x00007f1580600000, 0x00007f161caa0000, 0x00007f161caa0000)
  from space 320064K,   5% used [0x00007f1630330000, 0x00007f16313bb2e8, 0x00007f1643bc0000)
  to   space 320064K,   0% used [0x00007f161caa0000, 0x00007f161caa0000, 0x00007f1630330000)
 tenured generation   total 6401420K, used 6397672K [0x00007f202b0a0000, 0x00007f21b1c03000, 0x00007f3580600000)
   the space 6401420K,  99% used [0x00007f202b0a0000, 0x00007f21b185a0a0, 0x00007f21b185a200, 0x00007f21b1c03000)
 Metaspace       used 25287K, capacity 25779K, committed 25856K, reserved 26624K
}
Event: 16316.676 GC heap after
{Heap after GC invocations=20042 (full 4):
 def new generation   total 2880704K, used 16947K [0x00007f1580600000, 0x00007f1643bc0000, 0x00007f202b0a0000)
  eden space 2560640K,   0% used [0x00007f1580600000, 0x00007f1580600000, 0x00007f161caa0000)
  from space 320064K,   5% used [0x00007f161caa0000, 0x00007f161db2cd30, 0x00007f1630330000)
  to   space 320064K,   0% used [0x00007f1630330000, 0x00007f1630330000, 0x00007f1643bc0000)
 tenured generation   total 6401420K, used 6398806K [0x00007f202b0a0000, 0x00007f21b1c03000, 0x00007f3580600000)
   the space 6401420K,  99% used [0x00007f202b0a0000, 0x00007f21b1975b40, 0x00007f21b1975c00, 0x00007f21b1c03000)
 Metaspace       used 25287K, capacity 25779K, committed 25856K, reserved 26624K
}
Event: 16318.558 GC heap before
{Heap before GC invocations=20042 (full 4):
 def new generation   total 2880704K, used 2577587K [0x00007f1580600000, 0x00007f1643bc0000, 0x00007f202b0a0000)
  eden space 2560640K, 100% used [0x00007f1580600000, 0x00007f161caa0000, 0x00007f161caa0000)
  from space 320064K,   5% used [0x00007f161caa0000, 0x00007f161db2cd30, 0x00007f1630330000)
  to   space 320064K,   0% used [0x00007f1630330000, 0x00007f1630330000, 0x00007f1643bc0000)
 tenured generation   total 6401420K, used 6398806K [0x00007f202b0a0000, 0x00007f21b1c03000, 0x00007f3580600000)
   the space 6401420K,  99% used [0x00007f202b0a0000, 0x00007f21b1975b40, 0x00007f21b1975c00, 0x00007f21b1c03000)
 Metaspace       used 25287K, capacity 25779K, committed 25856K, reserved 26624K
}
Event: 16318.590 GC heap after
{Heap after GC invocations=20043 (full 4):
 def new generation   total 2880704K, used 16913K [0x00007f1580600000, 0x00007f1643bc0000, 0x00007f202b0a0000)
  eden space 2560640K,   0% used [0x00007f1580600000, 0x00007f1580600000, 0x00007f161caa0000)
  from space 320064K,   5% used [0x00007f1630330000, 0x00007f16313b4428, 0x00007f1643bc0000)
  to   space 320064K,   0% used [0x00007f161caa0000, 0x00007f161caa0000, 0x00007f1630330000)
 tenured generation   total 6401420K, used 6399921K [0x00007f202b0a0000, 0x00007f21b1c03000, 0x00007f3580600000)
   the space 6401420K,  99% used [0x00007f202b0a0000, 0x00007f21b1a8c640, 0x00007f21b1a8c800, 0x00007f21b1c03000)
 Metaspace       used 25287K, capacity 25779K, committed 25856K, reserved 26624K
}
Event: 16320.525 GC heap before
{Heap before GC invocations=20043 (full 4):
 def new generation   total 2880704K, used 2577553K [0x00007f1580600000, 0x00007f1643bc0000, 0x00007f202b0a0000)
  eden space 2560640K, 100% used [0x00007f1580600000, 0x00007f161caa0000, 0x00007f161caa0000)
  from space 320064K,   5% used [0x00007f1630330000, 0x00007f16313b4428, 0x00007f1643bc0000)
  to   space 320064K,   0% used [0x00007f161caa0000, 0x00007f161caa0000, 0x00007f1630330000)
 tenured generation   total 6401420K, used 6399921K [0x00007f202b0a0000, 0x00007f21b1c03000, 0x00007f3580600000)
   the space 6401420K,  99% used [0x00007f202b0a0000, 0x00007f21b1a8c640, 0x00007f21b1a8c800, 0x00007f21b1c03000)
 Metaspace       used 25287K, capacity 25779K, committed 25856K, reserved 26624K
}
Event: 16320.552 GC heap after
{Heap after GC invocations=20044 (full 4):
 def new generation   total 2880704K, used 16877K [0x00007f1580600000, 0x00007f1643bc0000, 0x00007f202b0a0000)
  eden space 2560640K,   0% used [0x00007f1580600000, 0x00007f1580600000, 0x00007f161caa0000)
  from space 320064K,   5% used [0x00007f161caa0000, 0x00007f161db1b4d0, 0x00007f1630330000)
  to   space 320064K,   0% used [0x00007f1630330000, 0x00007f1630330000, 0x00007f1643bc0000)
 tenured generation   total 6401420K, used 6401056K [0x00007f202b0a0000, 0x00007f21b1c03000, 0x00007f3580600000)
   the space 6401420K,  99% used [0x00007f202b0a0000, 0x00007f21b1ba80e0, 0x00007f21b1ba8200, 0x00007f21b1c03000)
 Metaspace       used 25287K, capacity 25779K, committed 25856K, reserved 26624K
}
Event: 16322.483 GC heap before
{Heap before GC invocations=20044 (full 4):
 def new generation   total 2880704K, used 2577517K [0x00007f1580600000, 0x00007f1643bc0000, 0x00007f202b0a0000)
  eden space 2560640K, 100% used [0x00007f1580600000, 0x00007f161caa0000, 0x00007f161caa0000)
  from space 320064K,   5% used [0x00007f161caa0000, 0x00007f161db1b4d0, 0x00007f1630330000)
  to   space 320064K,   0% used [0x00007f1630330000, 0x00007f1630330000, 0x00007f1643bc0000)
 tenured generation   total 6401420K, used 6401056K [0x00007f202b0a0000, 0x00007f21b1c03000, 0x00007f3580600000)
   the space 6401420K,  99% used [0x00007f202b0a0000, 0x00007f21b1ba80e0, 0x00007f21b1ba8200, 0x00007f21b1c03000)
 Metaspace       used 25287K, capacity 25779K, committed 25856K, reserved 26624K
}
Event: 16322.514 GC heap after
{Heap after GC invocations=20045 (full 4):
 def new generation   total 2880704K, used 16935K [0x00007f1580600000, 0x00007f1643bc0000, 0x00007f202b0a0000)
  eden space 2560640K,   0% used [0x00007f1580600000, 0x00007f1580600000, 0x00007f161caa0000)
  from space 320064K,   5% used [0x00007f1630330000, 0x00007f16313b9f20, 0x00007f1643bc0000)
  to   space 320064K,   0% used [0x00007f161caa0000, 0x00007f161caa0000, 0x00007f1630330000)
 tenured generation   total 6402188K, used 6402170K [0x00007f202b0a0000, 0x00007f21b1cc3000, 0x00007f3580600000)
   the space 6402188K,  99% used [0x00007f202b0a0000, 0x00007f21b1cbebe0, 0x00007f21b1cbec00, 0x00007f21b1cc3000)
 Metaspace       used 25287K, capacity 25779K, committed 25856K, reserved 26624K
}
Event: 16322.514 GC heap before
{Heap before GC invocations=20045 (full 4):
 def new generation   total 2880704K, used 16935K [0x00007f1580600000, 0x00007f1643bc0000, 0x00007f202b0a0000)
  eden space 2560640K,   0% used [0x00007f1580600000, 0x00007f1580600000, 0x00007f161caa0000)
  from space 320064K,   5% used [0x00007f1630330000, 0x00007f16313b9f20, 0x00007f1643bc0000)
  to   space 320064K,   0% used [0x00007f161caa0000, 0x00007f161caa0000, 0x00007f1630330000)
 tenured generation   total 6402188K, used 6402170K [0x00007f202b0a0000, 0x00007f21b1cc3000, 0x00007f3580600000)
   the space 6402188K,  99% used [0x00007f202b0a0000, 0x00007f21b1cbebe0, 0x00007f21b1cbec00, 0x00007f21b1cc3000)
 Metaspace       used 25287K, capacity 25779K, committed 25856K, reserved 26624K
}

