# JRE version: OpenJDK Runtime Environment (13.0.7+5) (build 13.0.7+5-Ubuntu-0ubuntu120.04)
# Java VM: OpenJDK 64-Bit Server VM (13.0.7+5-Ubuntu-0ubuntu120.04, mixed mode, tiered, serial gc, linux-amd64)
Heap:
 def new generation   total 2760064K, used 301104K [0x00007fe190600000, 0x00007fe24b8d0000, 0x00007fe6e5b50000)
  eden space 2453440K,  12% used [0x00007fe190600000, 0x00007fe1a2c0c120, 0x00007fe2261f0000)
  from space 306624K,   0% used [0x00007fe2261f0000, 0x00007fe2261f0000, 0x00007fe238d60000)
  to   space 306624K,   0% used [0x00007fe238d60000, 0x00007fe238d60000, 0x00007fe24b8d0000)
 tenured generation   total 8280280K, used 8280279K [0x00007fe6e5b50000, 0x00007fe8df186000, 0x00007ff190600000)
   the space 8280280K,  99% used [0x00007fe6e5b50000, 0x00007fe8df185ee0, 0x00007fe8df186000, 0x00007fe8df186000)
 Metaspace       used 31974K, capacity 32467K, committed 32768K, reserved 32768K
GC Heap History (20 events):
Event: 10.835 GC heap after
{Heap after GC invocations=6 (full 1):
 def new generation   total 629248K, used 13299K [0x00007fe190600000, 0x00007fe1bb0c0000, 0x00007fe6e5b50000)
  eden space 559360K,   0% used [0x00007fe190600000, 0x00007fe190600000, 0x00007fe1b2840000)
  from space 69888K,  19% used [0x00007fe1b6c80000, 0x00007fe1b797cff8, 0x00007fe1bb0c0000)
  to   space 69888K,   0% used [0x00007fe1b2840000, 0x00007fe1b2840000, 0x00007fe1b6c80000)
 tenured generation   total 1398144K, used 13950K [0x00007fe6e5b50000, 0x00007fe73b0b0000, 0x00007ff190600000)
   the space 1398144K,   0% used [0x00007fe6e5b50000, 0x00007fe6e68efbc8, 0x00007fe6e68efc00, 0x00007fe73b0b0000)
 Metaspace       used 31974K, capacity 32467K, committed 32768K, reserved 32768K
}
Event: 11.142 GC heap before
{Heap before GC invocations=6 (full 1):
 def new generation   total 629248K, used 572659K [0x00007fe190600000, 0x00007fe1bb0c0000, 0x00007fe6e5b50000)
  eden space 559360K, 100% used [0x00007fe190600000, 0x00007fe1b2840000, 0x00007fe1b2840000)
  from space 69888K,  19% used [0x00007fe1b6c80000, 0x00007fe1b797cff8, 0x00007fe1bb0c0000)
  to   space 69888K,   0% used [0x00007fe1b2840000, 0x00007fe1b2840000, 0x00007fe1b6c80000)
 tenured generation   total 1398144K, used 13950K [0x00007fe6e5b50000, 0x00007fe73b0b0000, 0x00007ff190600000)
   the space 1398144K,   0% used [0x00007fe6e5b50000, 0x00007fe6e68efbc8, 0x00007fe6e68efc00, 0x00007fe73b0b0000)
 Metaspace       used 31974K, capacity 32467K, committed 32768K, reserved 32768K
}
Event: 11.726 GC heap after
{Heap after GC invocations=7 (full 1):
 def new generation   total 629248K, used 69887K [0x00007fe190600000, 0x00007fe1bb0c0000, 0x00007fe6e5b50000)
  eden space 559360K,   0% used [0x00007fe190600000, 0x00007fe190600000, 0x00007fe1b2840000)
  from space 69888K,  99% used [0x00007fe1b2840000, 0x00007fe1b6c7ff18, 0x00007fe1b6c80000)
  to   space 69888K,   0% used [0x00007fe1b6c80000, 0x00007fe1b6c80000, 0x00007fe1bb0c0000)
 tenured generation   total 1398144K, used 516699K [0x00007fe6e5b50000, 0x00007fe73b0b0000, 0x00007ff190600000)
   the space 1398144K,  36% used [0x00007fe6e5b50000, 0x00007fe7053e6f18, 0x00007fe7053e7000, 0x00007fe73b0b0000)
 Metaspace       used 31974K, capacity 32467K, committed 32768K, reserved 32768K
}
Event: 12.070 GC heap before
{Heap before GC invocations=7 (full 1):
 def new generation   total 629248K, used 629247K [0x00007fe190600000, 0x00007fe1bb0c0000, 0x00007fe6e5b50000)
  eden space 559360K, 100% used [0x00007fe190600000, 0x00007fe1b2840000, 0x00007fe1b2840000)
  from space 69888K,  99% used [0x00007fe1b2840000, 0x00007fe1b6c7ff18, 0x00007fe1b6c80000)
  to   space 69888K,   0% used [0x00007fe1b6c80000, 0x00007fe1b6c80000, 0x00007fe1bb0c0000)
 tenured generation   total 1398144K, used 516699K [0x00007fe6e5b50000, 0x00007fe73b0b0000, 0x00007ff190600000)
   the space 1398144K,  36% used [0x00007fe6e5b50000, 0x00007fe7053e6f18, 0x00007fe7053e7000, 0x00007fe73b0b0000)
 Metaspace       used 31974K, capacity 32467K, committed 32768K, reserved 32768K
}
Event: 12.834 GC heap after
{Heap after GC invocations=8 (full 1):
 def new generation   total 629248K, used 69887K [0x00007fe190600000, 0x00007fe1bb0c0000, 0x00007fe6e5b50000)
  eden space 559360K,   0% used [0x00007fe190600000, 0x00007fe190600000, 0x00007fe1b2840000)
  from space 69888K,  99% used [0x00007fe1b6c80000, 0x00007fe1bb0bff38, 0x00007fe1bb0c0000)
  to   space 69888K,   0% used [0x00007fe1b2840000, 0x00007fe1b2840000, 0x00007fe1b6c80000)
 tenured generation   total 1398144K, used 1076005K [0x00007fe6e5b50000, 0x00007fe73b0b0000, 0x00007ff190600000)
   the space 1398144K,  76% used [0x00007fe6e5b50000, 0x00007fe727619518, 0x00007fe727619600, 0x00007fe73b0b0000)
 Metaspace       used 31974K, capacity 32467K, committed 32768K, reserved 32768K
}
Event: 13.157 GC heap before
{Heap before GC invocations=8 (full 1):
 def new generation   total 629248K, used 629247K [0x00007fe190600000, 0x00007fe1bb0c0000, 0x00007fe6e5b50000)
  eden space 559360K, 100% used [0x00007fe190600000, 0x00007fe1b2840000, 0x00007fe1b2840000)
  from space 69888K,  99% used [0x00007fe1b6c80000, 0x00007fe1bb0bff38, 0x00007fe1bb0c0000)
  to   space 69888K,   0% used [0x00007fe1b2840000, 0x00007fe1b2840000, 0x00007fe1b6c80000)
 tenured generation   total 1398144K, used 1076005K [0x00007fe6e5b50000, 0x00007fe73b0b0000, 0x00007ff190600000)
   the space 1398144K,  76% used [0x00007fe6e5b50000, 0x00007fe727619518, 0x00007fe727619600, 0x00007fe73b0b0000)
 Metaspace       used 31974K, capacity 32467K, committed 32768K, reserved 32768K
}
Event: 13.940 GC heap after
{Heap after GC invocations=9 (full 1):
 def new generation   total 629248K, used 69887K [0x00007fe190600000, 0x00007fe1bb0c0000, 0x00007fe6e5b50000)
  eden space 559360K,   0% used [0x00007fe190600000, 0x00007fe190600000, 0x00007fe1b2840000)
  from space 69888K,  99% used [0x00007fe1b2840000, 0x00007fe1b6c7ff38, 0x00007fe1b6c80000)
  to   space 69888K,   0% used [0x00007fe1b6c80000, 0x00007fe1b6c80000, 0x00007fe1bb0c0000)
 tenured generation   total 1635456K, used 1635316K [0x00007fe6e5b50000, 0x00007fe749870000, 0x00007ff190600000)
   the space 1635456K,  99% used [0x00007fe6e5b50000, 0x00007fe74984d240, 0x00007fe74984d400, 0x00007fe749870000)
 Metaspace       used 31974K, capacity 32467K, committed 32768K, reserved 32768K
}
Event: 13.940 GC heap before
{Heap before GC invocations=9 (full 1):
 def new generation   total 629248K, used 69887K [0x00007fe190600000, 0x00007fe1bb0c0000, 0x00007fe6e5b50000)
  eden space 559360K,   0% used [0x00007fe190600000, 0x00007fe190600000, 0x00007fe1b2840000)
  from space 69888K,  99% used [0x00007fe1b2840000, 0x00007fe1b6c7ff38, 0x00007fe1b6c80000)
  to   space 69888K,   0% used [0x00007fe1b6c80000, 0x00007fe1b6c80000, 0x00007fe1bb0c0000)
 tenured generation   total 1635456K, used 1635316K [0x00007fe6e5b50000, 0x00007fe749870000, 0x00007ff190600000)
   the space 1635456K,  99% used [0x00007fe6e5b50000, 0x00007fe74984d240, 0x00007fe74984d400, 0x00007fe749870000)
 Metaspace       used 31974K, capacity 32467K, committed 32768K, reserved 32768K
}
Event: 14.918 GC heap after
{Heap after GC invocations=9 (full 2):
 def new generation   total 1226688K, used 69748K [0x00007fe190600000, 0x00007fe1e3900000, 0x00007fe6e5b50000)
  eden space 1090432K,   6% used [0x00007fe190600000, 0x00007fe194a1d248, 0x00007fe1d2ee0000)
  from space 136256K,   0% used [0x00007fe1d2ee0000, 0x00007fe1d2ee0000, 0x00007fe1db3f0000)
  to   space 136256K,   0% used [0x00007fe1db3f0000, 0x00007fe1db3f0000, 0x00007fe1e3900000)
 tenured generation   total 2725760K, used 1635455K [0x00007fe6e5b50000, 0x00007fe78c130000, 0x00007ff190600000)
   the space 2725760K,  59% used [0x00007fe6e5b50000, 0x00007fe74986ff30, 0x00007fe749870000, 0x00007fe78c130000)
 Metaspace       used 31974K, capacity 32467K, committed 32768K, reserved 32768K
}
Event: 15.501 GC heap before
{Heap before GC invocations=9 (full 2):
 def new generation   total 1226688K, used 1090432K [0x00007fe190600000, 0x00007fe1e3900000, 0x00007fe6e5b50000)
  eden space 1090432K, 100% used [0x00007fe190600000, 0x00007fe1d2ee0000, 0x00007fe1d2ee0000)
  from space 136256K,   0% used [0x00007fe1d2ee0000, 0x00007fe1d2ee0000, 0x00007fe1db3f0000)
  to   space 136256K,   0% used [0x00007fe1db3f0000, 0x00007fe1db3f0000, 0x00007fe1e3900000)
 tenured generation   total 2725760K, used 1635455K [0x00007fe6e5b50000, 0x00007fe78c130000, 0x00007ff190600000)
   the space 2725760K,  59% used [0x00007fe6e5b50000, 0x00007fe74986ff30, 0x00007fe749870000, 0x00007fe78c130000)
 Metaspace       used 31974K, capacity 32467K, committed 32768K, reserved 32768K
}
Event: 17.123 GC heap after
{Heap after GC invocations=10 (full 2):
 def new generation   total 1226688K, used 136255K [0x00007fe190600000, 0x00007fe1e3900000, 0x00007fe6e5b50000)
  eden space 1090432K,   0% used [0x00007fe190600000, 0x00007fe190600000, 0x00007fe1d2ee0000)
  from space 136256K,  99% used [0x00007fe1db3f0000, 0x00007fe1e38ffdf8, 0x00007fe1e3900000)
  to   space 136256K,   0% used [0x00007fe1d2ee0000, 0x00007fe1d2ee0000, 0x00007fe1db3f0000)
 tenured generation   total 2725760K, used 2589599K [0x00007fe6e5b50000, 0x00007fe78c130000, 0x00007ff190600000)
   the space 2725760K,  95% used [0x00007fe6e5b50000, 0x00007fe783c37c88, 0x00007fe783c37e00, 0x00007fe78c130000)
 Metaspace       used 31974K, capacity 32467K, committed 32768K, reserved 32768K
}
Event: 17.790 GC heap before
{Heap before GC invocations=10 (full 2):
 def new generation   total 1226688K, used 1226687K [0x00007fe190600000, 0x00007fe1e3900000, 0x00007fe6e5b50000)
  eden space 1090432K, 100% used [0x00007fe190600000, 0x00007fe1d2ee0000, 0x00007fe1d2ee0000)
  from space 136256K,  99% used [0x00007fe1db3f0000, 0x00007fe1e38ffdf8, 0x00007fe1e3900000)
  to   space 136256K,   0% used [0x00007fe1d2ee0000, 0x00007fe1d2ee0000, 0x00007fe1db3f0000)
 tenured generation   total 2725760K, used 2589599K [0x00007fe6e5b50000, 0x00007fe78c130000, 0x00007ff190600000)
   the space 2725760K,  95% used [0x00007fe6e5b50000, 0x00007fe783c37c88, 0x00007fe783c37e00, 0x00007fe78c130000)
 Metaspace       used 31974K, capacity 32467K, committed 32768K, reserved 32768K
}
Event: 19.348 GC heap after
{Heap after GC invocations=11 (full 2):
 def new generation   total 1226688K, used 136255K [0x00007fe190600000, 0x00007fe1e3900000, 0x00007fe6e5b50000)
  eden space 1090432K,   0% used [0x00007fe190600000, 0x00007fe190600000, 0x00007fe1d2ee0000)
  from space 136256K,  99% used [0x00007fe1d2ee0000, 0x00007fe1db3efdf8, 0x00007fe1db3f0000)
  to   space 136256K,   0% used [0x00007fe1db3f0000, 0x00007fe1db3f0000, 0x00007fe1e3900000)
 tenured generation   total 3680000K, used 3679989K [0x00007fe6e5b50000, 0x00007fe7c6510000, 0x00007ff190600000)
   the space 3680000K,  99% used [0x00007fe6e5b50000, 0x00007fe7c650d658, 0x00007fe7c650d800, 0x00007fe7c6510000)
 Metaspace       used 31974K, capacity 32467K, committed 32768K, reserved 32768K
}
Event: 19.348 GC heap before
{Heap before GC invocations=11 (full 2):
 def new generation   total 1226688K, used 136255K [0x00007fe190600000, 0x00007fe1e3900000, 0x00007fe6e5b50000)
  eden space 1090432K,   0% used [0x00007fe190600000, 0x00007fe190600000, 0x00007fe1d2ee0000)
  from space 136256K,  99% used [0x00007fe1d2ee0000, 0x00007fe1db3efdf8, 0x00007fe1db3f0000)
  to   space 136256K,   0% used [0x00007fe1db3f0000, 0x00007fe1db3f0000, 0x00007fe1e3900000)
 tenured generation   total 3680000K, used 3679989K [0x00007fe6e5b50000, 0x00007fe7c6510000, 0x00007ff190600000)
   the space 3680000K,  99% used [0x00007fe6e5b50000, 0x00007fe7c650d658, 0x00007fe7c650d800, 0x00007fe7c6510000)
 Metaspace       used 31974K, capacity 32467K, committed 32768K, reserved 32768K
}
Event: 21.311 GC heap after
{Heap after GC invocations=11 (full 3):
 def new generation   total 2760064K, used 136245K [0x00007fe190600000, 0x00007fe24b8d0000, 0x00007fe6e5b50000)
  eden space 2453440K,   5% used [0x00007fe190600000, 0x00007fe198b0d630, 0x00007fe2261f0000)
  from space 306624K,   0% used [0x00007fe2261f0000, 0x00007fe2261f0000, 0x00007fe238d60000)
  to   space 306624K,   0% used [0x00007fe238d60000, 0x00007fe238d60000, 0x00007fe24b8d0000)
 tenured generation   total 6133336K, used 3679999K [0x00007fe6e5b50000, 0x00007fe85c0e6000, 0x00007ff190600000)
   the space 6133336K,  59% used [0x00007fe6e5b50000, 0x00007fe7c650fe20, 0x00007fe7c6510000, 0x00007fe85c0e6000)
 Metaspace       used 31974K, capacity 32467K, committed 32768K, reserved 32768K
}
Event: 22.547 GC heap before
{Heap before GC invocations=11 (full 3):
 def new generation   total 2760064K, used 2453440K [0x00007fe190600000, 0x00007fe24b8d0000, 0x00007fe6e5b50000)
  eden space 2453440K, 100% used [0x00007fe190600000, 0x00007fe2261f0000, 0x00007fe2261f0000)
  from space 306624K,   0% used [0x00007fe2261f0000, 0x00007fe2261f0000, 0x00007fe238d60000)
  to   space 306624K,   0% used [0x00007fe238d60000, 0x00007fe238d60000, 0x00007fe24b8d0000)
 tenured generation   total 6133336K, used 3679999K [0x00007fe6e5b50000, 0x00007fe85c0e6000, 0x00007ff190600000)
   the space 6133336K,  59% used [0x00007fe6e5b50000, 0x00007fe7c650fe20, 0x00007fe7c6510000, 0x00007fe85c0e6000)
 Metaspace       used 31974K, capacity 32467K, committed 32768K, reserved 32768K
}
Event: 26.301 GC heap after
{Heap after GC invocations=12 (full 3):
 def new generation   total 2760064K, used 306623K [0x00007fe190600000, 0x00007fe24b8d0000, 0x00007fe6e5b50000)
  eden space 2453440K,   0% used [0x00007fe190600000, 0x00007fe190600000, 0x00007fe2261f0000)
  from space 306624K,  99% used [0x00007fe238d60000, 0x00007fe24b8cffb8, 0x00007fe24b8d0000)
  to   space 306624K,   0% used [0x00007fe2261f0000, 0x00007fe2261f0000, 0x00007fe238d60000)
 tenured generation   total 6133336K, used 5826763K [0x00007fe6e5b50000, 0x00007fe85c0e6000, 0x00007ff190600000)
   the space 6133336K,  95% used [0x00007fe6e5b50000, 0x00007fe849582d20, 0x00007fe849582e00, 0x00007fe85c0e6000)
 Metaspace       used 31974K, capacity 32467K, committed 32768K, reserved 32768K
}
Event: 27.797 GC heap before
{Heap before GC invocations=12 (full 3):
 def new generation   total 2760064K, used 2760063K [0x00007fe190600000, 0x00007fe24b8d0000, 0x00007fe6e5b50000)
  eden space 2453440K, 100% used [0x00007fe190600000, 0x00007fe2261f0000, 0x00007fe2261f0000)
  from space 306624K,  99% used [0x00007fe238d60000, 0x00007fe24b8cffb8, 0x00007fe24b8d0000)
  to   space 306624K,   0% used [0x00007fe2261f0000, 0x00007fe2261f0000, 0x00007fe238d60000)
 tenured generation   total 6133336K, used 5826763K [0x00007fe6e5b50000, 0x00007fe85c0e6000, 0x00007ff190600000)
   the space 6133336K,  95% used [0x00007fe6e5b50000, 0x00007fe849582d20, 0x00007fe849582e00, 0x00007fe85c0e6000)
 Metaspace       used 31974K, capacity 32467K, committed 32768K, reserved 32768K
}
Event: 31.208 GC heap after
{Heap after GC invocations=13 (full 3):
 def new generation   total 2760064K, used 306623K [0x00007fe190600000, 0x00007fe24b8d0000, 0x00007fe6e5b50000)
  eden space 2453440K,   0% used [0x00007fe190600000, 0x00007fe190600000, 0x00007fe2261f0000)
  from space 306624K,  99% used [0x00007fe2261f0000, 0x00007fe238d5ffb8, 0x00007fe238d60000)
  to   space 306624K,   0% used [0x00007fe238d60000, 0x00007fe238d60000, 0x00007fe24b8d0000)
 tenured generation   total 8280280K, used 8280171K [0x00007fe6e5b50000, 0x00007fe8df186000, 0x00007ff190600000)
   the space 8280280K,  99% used [0x00007fe6e5b50000, 0x00007fe8df16ad80, 0x00007fe8df16ae00, 0x00007fe8df186000)
 Metaspace       used 31974K, capacity 32467K, committed 32768K, reserved 32768K
}
Event: 31.208 GC heap before
{Heap before GC invocations=13 (full 3):
 def new generation   total 2760064K, used 306623K [0x00007fe190600000, 0x00007fe24b8d0000, 0x00007fe6e5b50000)
  eden space 2453440K,   0% used [0x00007fe190600000, 0x00007fe190600000, 0x00007fe2261f0000)
  from space 306624K,  99% used [0x00007fe2261f0000, 0x00007fe238d5ffb8, 0x00007fe238d60000)
  to   space 306624K,   0% used [0x00007fe238d60000, 0x00007fe238d60000, 0x00007fe24b8d0000)
 tenured generation   total 8280280K, used 8280171K [0x00007fe6e5b50000, 0x00007fe8df186000, 0x00007ff190600000)
   the space 8280280K,  99% used [0x00007fe6e5b50000, 0x00007fe8df16ad80, 0x00007fe8df16ae00, 0x00007fe8df186000)
 Metaspace       used 31974K, capacity 32467K, committed 32768K, reserved 32768K
}

