# JRE version: OpenJDK Runtime Environment (13.0.7+5) (build 13.0.7+5-Ubuntu-0ubuntu120.04)
# Java VM: OpenJDK 64-Bit Server VM (13.0.7+5-Ubuntu-0ubuntu120.04, mixed mode, tiered, serial gc, linux-amd64)
Heap:
 def new generation   total 3153792K, used 350399K [0x00007f2e74600000, 0x00007f2f4a410000, 0x00007f33c9b50000)
  eden space 2803392K,  12% used [0x00007f2e74600000, 0x00007f2e89c2fe80, 0x00007f2f1f7b0000)
  from space 350400K,   0% used [0x00007f2f1f7b0000, 0x00007f2f1f7b0000, 0x00007f2f34de0000)
  to   space 350400K,   0% used [0x00007f2f34de0000, 0x00007f2f34de0000, 0x00007f2f4a410000)
 tenured generation   total 7152512K, used 7146989K [0x00007f33c9b50000, 0x00007f357e430000, 0x00007f3e74600000)
   the space 7152512K,  99% used [0x00007f33c9b50000, 0x00007f357decb5c0, 0x00007f357decb600, 0x00007f357e430000)
 Metaspace       used 31459K, capacity 31937K, committed 32000K, reserved 32768K
GC Heap History (20 events):
Event: 7.863 GC heap after
{Heap after GC invocations=2 (full 1):
 def new generation   total 629248K, used 69888K [0x00007f2e74600000, 0x00007f2e9f0c0000, 0x00007f33c9b50000)
  eden space 559360K,   0% used [0x00007f2e74600000, 0x00007f2e74600000, 0x00007f2e96840000)
  from space 69888K, 100% used [0x00007f2e9ac80000, 0x00007f2e9f0c0000, 0x00007f2e9f0c0000)
  to   space 69888K,   0% used [0x00007f2e96840000, 0x00007f2e96840000, 0x00007f2e9ac80000)
 tenured generation   total 1398144K, used 218128K [0x00007f33c9b50000, 0x00007f341f0b0000, 0x00007f3e74600000)
   the space 1398144K,  15% used [0x00007f33c9b50000, 0x00007f33d70543d0, 0x00007f33d7054400, 0x00007f341f0b0000)
 Metaspace       used 31456K, capacity 31937K, committed 32000K, reserved 32768K
}
Event: 8.285 GC heap before
{Heap before GC invocations=2 (full 1):
 def new generation   total 629248K, used 629248K [0x00007f2e74600000, 0x00007f2e9f0c0000, 0x00007f33c9b50000)
  eden space 559360K, 100% used [0x00007f2e74600000, 0x00007f2e96840000, 0x00007f2e96840000)
  from space 69888K, 100% used [0x00007f2e9ac80000, 0x00007f2e9f0c0000, 0x00007f2e9f0c0000)
  to   space 69888K,   0% used [0x00007f2e96840000, 0x00007f2e96840000, 0x00007f2e9ac80000)
 tenured generation   total 1398144K, used 218128K [0x00007f33c9b50000, 0x00007f341f0b0000, 0x00007f3e74600000)
   the space 1398144K,  15% used [0x00007f33c9b50000, 0x00007f33d70543d0, 0x00007f33d7054400, 0x00007f341f0b0000)
 Metaspace       used 31456K, capacity 31937K, committed 32000K, reserved 32768K
}
Event: 9.241 GC heap after
{Heap after GC invocations=3 (full 1):
 def new generation   total 629248K, used 69887K [0x00007f2e74600000, 0x00007f2e9f0c0000, 0x00007f33c9b50000)
  eden space 559360K,   0% used [0x00007f2e74600000, 0x00007f2e74600000, 0x00007f2e96840000)
  from space 69888K,  99% used [0x00007f2e96840000, 0x00007f2e9ac7fff0, 0x00007f2e9ac80000)
  to   space 69888K,   0% used [0x00007f2e9ac80000, 0x00007f2e9ac80000, 0x00007f2e9f0c0000)
 tenured generation   total 1398144K, used 755618K [0x00007f33c9b50000, 0x00007f341f0b0000, 0x00007f3e74600000)
   the space 1398144K,  54% used [0x00007f33c9b50000, 0x00007f33f7d38bf8, 0x00007f33f7d38c00, 0x00007f341f0b0000)
 Metaspace       used 31456K, capacity 31937K, committed 32000K, reserved 32768K
}
Event: 9.612 GC heap before
{Heap before GC invocations=3 (full 1):
 def new generation   total 629248K, used 629247K [0x00007f2e74600000, 0x00007f2e9f0c0000, 0x00007f33c9b50000)
  eden space 559360K, 100% used [0x00007f2e74600000, 0x00007f2e96840000, 0x00007f2e96840000)
  from space 69888K,  99% used [0x00007f2e96840000, 0x00007f2e9ac7fff0, 0x00007f2e9ac80000)
  to   space 69888K,   0% used [0x00007f2e9ac80000, 0x00007f2e9ac80000, 0x00007f2e9f0c0000)
 tenured generation   total 1398144K, used 755618K [0x00007f33c9b50000, 0x00007f341f0b0000, 0x00007f3e74600000)
   the space 1398144K,  54% used [0x00007f33c9b50000, 0x00007f33f7d38bf8, 0x00007f33f7d38c00, 0x00007f341f0b0000)
 Metaspace       used 31456K, capacity 31937K, committed 32000K, reserved 32768K
}
Event: 10.872 GC heap after
{Heap after GC invocations=4 (full 1):
 def new generation   total 629248K, used 69887K [0x00007f2e74600000, 0x00007f2e9f0c0000, 0x00007f33c9b50000)
  eden space 559360K,   0% used [0x00007f2e74600000, 0x00007f2e74600000, 0x00007f2e96840000)
  from space 69888K,  99% used [0x00007f2e9ac80000, 0x00007f2e9f0bfde8, 0x00007f2e9f0c0000)
  to   space 69888K,   0% used [0x00007f2e96840000, 0x00007f2e96840000, 0x00007f2e9ac80000)
 tenured generation   total 1398144K, used 1314921K [0x00007f33c9b50000, 0x00007f341f0b0000, 0x00007f3e74600000)
   the space 1398144K,  94% used [0x00007f33c9b50000, 0x00007f3419f6a7d0, 0x00007f3419f6a800, 0x00007f341f0b0000)
 Metaspace       used 31456K, capacity 31937K, committed 32000K, reserved 32768K
}
Event: 11.235 GC heap before
{Heap before GC invocations=4 (full 1):
 def new generation   total 629248K, used 629247K [0x00007f2e74600000, 0x00007f2e9f0c0000, 0x00007f33c9b50000)
  eden space 559360K, 100% used [0x00007f2e74600000, 0x00007f2e96840000, 0x00007f2e96840000)
  from space 69888K,  99% used [0x00007f2e9ac80000, 0x00007f2e9f0bfde8, 0x00007f2e9f0c0000)
  to   space 69888K,   0% used [0x00007f2e96840000, 0x00007f2e96840000, 0x00007f2e9ac80000)
 tenured generation   total 1398144K, used 1314921K [0x00007f33c9b50000, 0x00007f341f0b0000, 0x00007f3e74600000)
   the space 1398144K,  94% used [0x00007f33c9b50000, 0x00007f3419f6a7d0, 0x00007f3419f6a800, 0x00007f341f0b0000)
 Metaspace       used 31456K, capacity 31937K, committed 32000K, reserved 32768K
}
Event: 12.305 GC heap after
{Heap after GC invocations=5 (full 1):
 def new generation   total 629248K, used 69887K [0x00007f2e74600000, 0x00007f2e9f0c0000, 0x00007f33c9b50000)
  eden space 559360K,   0% used [0x00007f2e74600000, 0x00007f2e74600000, 0x00007f2e96840000)
  from space 69888K,  99% used [0x00007f2e96840000, 0x00007f2e9ac7fde8, 0x00007f2e9ac80000)
  to   space 69888K,   0% used [0x00007f2e9ac80000, 0x00007f2e9ac80000, 0x00007f2e9f0c0000)
 tenured generation   total 1874304K, used 1874238K [0x00007f33c9b50000, 0x00007f343c1b0000, 0x00007f3e74600000)
   the space 1874304K,  99% used [0x00007f33c9b50000, 0x00007f343c19faf0, 0x00007f343c19fc00, 0x00007f343c1b0000)
 Metaspace       used 31456K, capacity 31937K, committed 32000K, reserved 32768K
}
Event: 12.305 GC heap before
{Heap before GC invocations=5 (full 1):
 def new generation   total 629248K, used 69887K [0x00007f2e74600000, 0x00007f2e9f0c0000, 0x00007f33c9b50000)
  eden space 559360K,   0% used [0x00007f2e74600000, 0x00007f2e74600000, 0x00007f2e96840000)
  from space 69888K,  99% used [0x00007f2e96840000, 0x00007f2e9ac7fde8, 0x00007f2e9ac80000)
  to   space 69888K,   0% used [0x00007f2e9ac80000, 0x00007f2e9ac80000, 0x00007f2e9f0c0000)
 tenured generation   total 1874304K, used 1874238K [0x00007f33c9b50000, 0x00007f343c1b0000, 0x00007f3e74600000)
   the space 1874304K,  99% used [0x00007f33c9b50000, 0x00007f343c19faf0, 0x00007f343c19fc00, 0x00007f343c1b0000)
 Metaspace       used 31456K, capacity 31937K, committed 32000K, reserved 32768K
}
Event: 13.145 GC heap after
{Heap after GC invocations=5 (full 2):
 def new generation   total 1405824K, used 69823K [0x00007f2e74600000, 0x00007f2ed3b60000, 0x00007f33c9b50000)
  eden space 1249664K,   5% used [0x00007f2e74600000, 0x00007f2e78a2fc00, 0x00007f2ec0a60000)
  from space 156160K,   0% used [0x00007f2ec0a60000, 0x00007f2ec0a60000, 0x00007f2eca2e0000)
  to   space 156160K,   0% used [0x00007f2eca2e0000, 0x00007f2eca2e0000, 0x00007f2ed3b60000)
 tenured generation   total 3123840K, used 1874303K [0x00007f33c9b50000, 0x00007f34885f0000, 0x00007f3e74600000)
   the space 3123840K,  59% used [0x00007f33c9b50000, 0x00007f343c1afcd8, 0x00007f343c1afe00, 0x00007f34885f0000)
 Metaspace       used 31456K, capacity 31937K, committed 32000K, reserved 32768K
}
Event: 14.094 GC heap before
{Heap before GC invocations=5 (full 2):
 def new generation   total 1405824K, used 1249664K [0x00007f2e74600000, 0x00007f2ed3b60000, 0x00007f33c9b50000)
  eden space 1249664K, 100% used [0x00007f2e74600000, 0x00007f2ec0a60000, 0x00007f2ec0a60000)
  from space 156160K,   0% used [0x00007f2ec0a60000, 0x00007f2ec0a60000, 0x00007f2eca2e0000)
  to   space 156160K,   0% used [0x00007f2eca2e0000, 0x00007f2eca2e0000, 0x00007f2ed3b60000)
 tenured generation   total 3123840K, used 1874303K [0x00007f33c9b50000, 0x00007f34885f0000, 0x00007f3e74600000)
   the space 3123840K,  59% used [0x00007f33c9b50000, 0x00007f343c1afcd8, 0x00007f343c1afe00, 0x00007f34885f0000)
 Metaspace       used 31459K, capacity 31937K, committed 32000K, reserved 32768K
}
Event: 17.595 GC heap after
{Heap after GC invocations=6 (full 2):
 def new generation   total 1405824K, used 156159K [0x00007f2e74600000, 0x00007f2ed3b60000, 0x00007f33c9b50000)
  eden space 1249664K,   0% used [0x00007f2e74600000, 0x00007f2e74600000, 0x00007f2ec0a60000)
  from space 156160K,  99% used [0x00007f2eca2e0000, 0x00007f2ed3b5fcf8, 0x00007f2ed3b60000)
  to   space 156160K,   0% used [0x00007f2ec0a60000, 0x00007f2ec0a60000, 0x00007f2eca2e0000)
 tenured generation   total 3123840K, used 2955255K [0x00007f33c9b50000, 0x00007f34885f0000, 0x00007f3e74600000)
   the space 3123840K,  94% used [0x00007f33c9b50000, 0x00007f347e14df68, 0x00007f347e14e000, 0x00007f34885f0000)
 Metaspace       used 31459K, capacity 31937K, committed 32000K, reserved 32768K
}
Event: 18.404 GC heap before
{Heap before GC invocations=6 (full 2):
 def new generation   total 1405824K, used 1405823K [0x00007f2e74600000, 0x00007f2ed3b60000, 0x00007f33c9b50000)
  eden space 1249664K, 100% used [0x00007f2e74600000, 0x00007f2ec0a60000, 0x00007f2ec0a60000)
  from space 156160K,  99% used [0x00007f2eca2e0000, 0x00007f2ed3b5fcf8, 0x00007f2ed3b60000)
  to   space 156160K,   0% used [0x00007f2ec0a60000, 0x00007f2ec0a60000, 0x00007f2eca2e0000)
 tenured generation   total 3123840K, used 2955255K [0x00007f33c9b50000, 0x00007f34885f0000, 0x00007f3e74600000)
   the space 3123840K,  94% used [0x00007f33c9b50000, 0x00007f347e14df68, 0x00007f347e14e000, 0x00007f34885f0000)
 Metaspace       used 31459K, capacity 31937K, committed 32000K, reserved 32768K
}
Event: 21.173 GC heap after
{Heap after GC invocations=7 (full 2):
 def new generation   total 1405824K, used 156159K [0x00007f2e74600000, 0x00007f2ed3b60000, 0x00007f33c9b50000)
  eden space 1249664K,   0% used [0x00007f2e74600000, 0x00007f2e74600000, 0x00007f2ec0a60000)
  from space 156160K,  99% used [0x00007f2ec0a60000, 0x00007f2eca2dfca8, 0x00007f2eca2e0000)
  to   space 156160K,   0% used [0x00007f2eca2e0000, 0x00007f2eca2e0000, 0x00007f2ed3b60000)
 tenured generation   total 4204992K, used 4204870K [0x00007f33c9b50000, 0x00007f34ca5c0000, 0x00007f3e74600000)
   the space 4204992K,  99% used [0x00007f33c9b50000, 0x00007f34ca5a1830, 0x00007f34ca5a1a00, 0x00007f34ca5c0000)
 Metaspace       used 31459K, capacity 31937K, committed 32000K, reserved 32768K
}
Event: 21.173 GC heap before
{Heap before GC invocations=7 (full 2):
 def new generation   total 1405824K, used 156159K [0x00007f2e74600000, 0x00007f2ed3b60000, 0x00007f33c9b50000)
  eden space 1249664K,   0% used [0x00007f2e74600000, 0x00007f2e74600000, 0x00007f2ec0a60000)
  from space 156160K,  99% used [0x00007f2ec0a60000, 0x00007f2eca2dfca8, 0x00007f2eca2e0000)
  to   space 156160K,   0% used [0x00007f2eca2e0000, 0x00007f2eca2e0000, 0x00007f2ed3b60000)
 tenured generation   total 4204992K, used 4204870K [0x00007f33c9b50000, 0x00007f34ca5c0000, 0x00007f3e74600000)
   the space 4204992K,  99% used [0x00007f33c9b50000, 0x00007f34ca5a1830, 0x00007f34ca5a1a00, 0x00007f34ca5c0000)
 Metaspace       used 31459K, capacity 31937K, committed 32000K, reserved 32768K
}
Event: 23.159 GC heap after
{Heap after GC invocations=7 (full 3):
 def new generation   total 3153792K, used 156037K [0x00007f2e74600000, 0x00007f2f4a410000, 0x00007f33c9b50000)
  eden space 2803392K,   5% used [0x00007f2e74600000, 0x00007f2e7de61580, 0x00007f2f1f7b0000)
  from space 350400K,   0% used [0x00007f2f1f7b0000, 0x00007f2f1f7b0000, 0x00007f2f34de0000)
  to   space 350400K,   0% used [0x00007f2f34de0000, 0x00007f2f34de0000, 0x00007f2f4a410000)
 tenured generation   total 7008320K, used 4204991K [0x00007f33c9b50000, 0x00007f3575760000, 0x00007f3e74600000)
   the space 7008320K,  59% used [0x00007f33c9b50000, 0x00007f34ca5bff58, 0x00007f34ca5c0000, 0x00007f3575760000)
 Metaspace       used 31459K, capacity 31937K, committed 32000K, reserved 32768K
}
Event: 30.866 GC heap before
{Heap before GC invocations=7 (full 3):
 def new generation   total 3153792K, used 2803392K [0x00007f2e74600000, 0x00007f2f4a410000, 0x00007f33c9b50000)
  eden space 2803392K, 100% used [0x00007f2e74600000, 0x00007f2f1f7b0000, 0x00007f2f1f7b0000)
  from space 350400K,   0% used [0x00007f2f1f7b0000, 0x00007f2f1f7b0000, 0x00007f2f34de0000)
  to   space 350400K,   0% used [0x00007f2f34de0000, 0x00007f2f34de0000, 0x00007f2f4a410000)
 tenured generation   total 7008320K, used 4204991K [0x00007f33c9b50000, 0x00007f3575760000, 0x00007f3e74600000)
   the space 7008320K,  59% used [0x00007f33c9b50000, 0x00007f34ca5bff58, 0x00007f34ca5c0000, 0x00007f3575760000)
 Metaspace       used 31459K, capacity 31937K, committed 32000K, reserved 32768K
}
Event: 37.144 GC heap after
{Heap after GC invocations=8 (full 3):
 def new generation   total 3153792K, used 350399K [0x00007f2e74600000, 0x00007f2f4a410000, 0x00007f33c9b50000)
  eden space 2803392K,   0% used [0x00007f2e74600000, 0x00007f2e74600000, 0x00007f2f1f7b0000)
  from space 350400K,  99% used [0x00007f2f34de0000, 0x00007f2f4a40ff20, 0x00007f2f4a410000)
  to   space 350400K,   0% used [0x00007f2f1f7b0000, 0x00007f2f1f7b0000, 0x00007f2f34de0000)
 tenured generation   total 7008320K, used 5885008K [0x00007f33c9b50000, 0x00007f3575760000, 0x00007f3e74600000)
   the space 7008320K,  83% used [0x00007f33c9b50000, 0x00007f3530e64200, 0x00007f3530e64200, 0x00007f3575760000)
 Metaspace       used 31459K, capacity 31937K, committed 32000K, reserved 32768K
}
Event: 50.640 GC heap before
{Heap before GC invocations=8 (full 3):
 def new generation   total 3153792K, used 3153791K [0x00007f2e74600000, 0x00007f2f4a410000, 0x00007f33c9b50000)
  eden space 2803392K, 100% used [0x00007f2e74600000, 0x00007f2f1f7b0000, 0x00007f2f1f7b0000)
  from space 350400K,  99% used [0x00007f2f34de0000, 0x00007f2f4a40ff20, 0x00007f2f4a410000)
  to   space 350400K,   0% used [0x00007f2f1f7b0000, 0x00007f2f1f7b0000, 0x00007f2f34de0000)
 tenured generation   total 7008320K, used 5885008K [0x00007f33c9b50000, 0x00007f3575760000, 0x00007f3e74600000)
   the space 7008320K,  83% used [0x00007f33c9b50000, 0x00007f3530e64200, 0x00007f3530e64200, 0x00007f3575760000)
 Metaspace       used 31459K, capacity 31937K, committed 32000K, reserved 32768K
}
Event: 53.588 GC heap after
{Heap after GC invocations=9 (full 3):
 def new generation   total 3153792K, used 350399K [0x00007f2e74600000, 0x00007f2f4a410000, 0x00007f33c9b50000)
  eden space 2803392K,   0% used [0x00007f2e74600000, 0x00007f2e74600000, 0x00007f2f1f7b0000)
  from space 350400K,  99% used [0x00007f2f1f7b0000, 0x00007f2f34ddfe80, 0x00007f2f34de0000)
  to   space 350400K,   0% used [0x00007f2f34de0000, 0x00007f2f34de0000, 0x00007f2f4a410000)
 tenured generation   total 7152512K, used 7152403K [0x00007f33c9b50000, 0x00007f357e430000, 0x00007f3e74600000)
   the space 7152512K,  99% used [0x00007f33c9b50000, 0x00007f357e414f88, 0x00007f357e415000, 0x00007f357e430000)
 Metaspace       used 31459K, capacity 31937K, committed 32000K, reserved 32768K
}
Event: 53.588 GC heap before
{Heap before GC invocations=9 (full 3):
 def new generation   total 3153792K, used 350399K [0x00007f2e74600000, 0x00007f2f4a410000, 0x00007f33c9b50000)
  eden space 2803392K,   0% used [0x00007f2e74600000, 0x00007f2e74600000, 0x00007f2f1f7b0000)
  from space 350400K,  99% used [0x00007f2f1f7b0000, 0x00007f2f34ddfe80, 0x00007f2f34de0000)
  to   space 350400K,   0% used [0x00007f2f34de0000, 0x00007f2f34de0000, 0x00007f2f4a410000)
 tenured generation   total 7152512K, used 7152403K [0x00007f33c9b50000, 0x00007f357e430000, 0x00007f3e74600000)
   the space 7152512K,  99% used [0x00007f33c9b50000, 0x00007f357e414f88, 0x00007f357e415000, 0x00007f357e430000)
 Metaspace       used 31459K, capacity 31937K, committed 32000K, reserved 32768K
}

