# JRE version: OpenJDK Runtime Environment (13.0.7+5) (build 13.0.7+5-Ubuntu-0ubuntu120.04)
# Java VM: OpenJDK 64-Bit Server VM (13.0.7+5-Ubuntu-0ubuntu120.04, mixed mode, tiered, serial gc, linux-amd64)
Heap:
 def new generation   total 1476800K, used 0K [0x00007ef16c600000, 0x00007ef1d0860000, 0x00007ef6c1b50000)
  eden space 1312768K,   0% used [0x00007ef16c600000, 0x00007ef16c600000, 0x00007ef1bc800000)
  from space 164032K,   0% used [0x00007ef1bc800000, 0x00007ef1bc800000, 0x00007ef1c6830000)
  to   space 164032K,   0% used [0x00007ef1c6830000, 0x00007ef1c6830000, 0x00007ef1d0860000)
 tenured generation   total 3281776K, used 3156188K [0x00007ef6c1b50000, 0x00007ef78a02c000, 0x00007f016c600000)
   the space 3281776K,  96% used [0x00007ef6c1b50000, 0x00007ef782587048, 0x00007ef782587200, 0x00007ef78a02c000)
 Metaspace       used 32217K, capacity 32648K, committed 32768K, reserved 32768K
GC Heap History (20 events):
Event: 24424.054 GC heap after
{Heap after GC invocations=16391 (full 15):
 def new generation   total 1476800K, used 40491K [0x00007ef16c600000, 0x00007ef1d0860000, 0x00007ef6c1b50000)
  eden space 1312768K,   0% used [0x00007ef16c600000, 0x00007ef16c600000, 0x00007ef1bc800000)
  from space 164032K,  24% used [0x00007ef1c6830000, 0x00007ef1c8fbaf08, 0x00007ef1d0860000)
  to   space 164032K,   0% used [0x00007ef1bc800000, 0x00007ef1bc800000, 0x00007ef1c6830000)
 tenured generation   total 3281584K, used 3279104K [0x00007ef6c1b50000, 0x00007ef789ffc000, 0x00007f016c600000)
   the space 3281584K,  99% used [0x00007ef6c1b50000, 0x00007ef789d902c0, 0x00007ef789d90400, 0x00007ef789ffc000)
 Metaspace       used 32217K, capacity 32648K, committed 32768K, reserved 32768K
}
Event: 24426.150 GC heap before
{Heap before GC invocations=16391 (full 15):
 def new generation   total 1476800K, used 1353259K [0x00007ef16c600000, 0x00007ef1d0860000, 0x00007ef6c1b50000)
  eden space 1312768K, 100% used [0x00007ef16c600000, 0x00007ef1bc800000, 0x00007ef1bc800000)
  from space 164032K,  24% used [0x00007ef1c6830000, 0x00007ef1c8fbaf08, 0x00007ef1d0860000)
  to   space 164032K,   0% used [0x00007ef1bc800000, 0x00007ef1bc800000, 0x00007ef1c6830000)
 tenured generation   total 3281584K, used 3279104K [0x00007ef6c1b50000, 0x00007ef789ffc000, 0x00007f016c600000)
   the space 3281584K,  99% used [0x00007ef6c1b50000, 0x00007ef789d902c0, 0x00007ef789d90400, 0x00007ef789ffc000)
 Metaspace       used 32217K, capacity 32648K, committed 32768K, reserved 32768K
}
Event: 24426.199 GC heap after
{Heap after GC invocations=16392 (full 15):
 def new generation   total 1476800K, used 40532K [0x00007ef16c600000, 0x00007ef1d0860000, 0x00007ef6c1b50000)
  eden space 1312768K,   0% used [0x00007ef16c600000, 0x00007ef16c600000, 0x00007ef1bc800000)
  from space 164032K,  24% used [0x00007ef1bc800000, 0x00007ef1bef952f0, 0x00007ef1c6830000)
  to   space 164032K,   0% used [0x00007ef1c6830000, 0x00007ef1c6830000, 0x00007ef1d0860000)
 tenured generation   total 3281584K, used 3279335K [0x00007ef6c1b50000, 0x00007ef789ffc000, 0x00007f016c600000)
   the space 3281584K,  99% used [0x00007ef6c1b50000, 0x00007ef789dc9f18, 0x00007ef789dca000, 0x00007ef789ffc000)
 Metaspace       used 32217K, capacity 32648K, committed 32768K, reserved 32768K
}
Event: 24428.410 GC heap before
{Heap before GC invocations=16392 (full 15):
 def new generation   total 1476800K, used 1353300K [0x00007ef16c600000, 0x00007ef1d0860000, 0x00007ef6c1b50000)
  eden space 1312768K, 100% used [0x00007ef16c600000, 0x00007ef1bc800000, 0x00007ef1bc800000)
  from space 164032K,  24% used [0x00007ef1bc800000, 0x00007ef1bef952f0, 0x00007ef1c6830000)
  to   space 164032K,   0% used [0x00007ef1c6830000, 0x00007ef1c6830000, 0x00007ef1d0860000)
 tenured generation   total 3281584K, used 3279335K [0x00007ef6c1b50000, 0x00007ef789ffc000, 0x00007f016c600000)
   the space 3281584K,  99% used [0x00007ef6c1b50000, 0x00007ef789dc9f18, 0x00007ef789dca000, 0x00007ef789ffc000)
 Metaspace       used 32217K, capacity 32648K, committed 32768K, reserved 32768K
}
Event: 24428.469 GC heap after
{Heap after GC invocations=16393 (full 15):
 def new generation   total 1476800K, used 40512K [0x00007ef16c600000, 0x00007ef1d0860000, 0x00007ef6c1b50000)
  eden space 1312768K,   0% used [0x00007ef16c600000, 0x00007ef16c600000, 0x00007ef1bc800000)
  from space 164032K,  24% used [0x00007ef1c6830000, 0x00007ef1c8fc0058, 0x00007ef1d0860000)
  to   space 164032K,   0% used [0x00007ef1bc800000, 0x00007ef1bc800000, 0x00007ef1c6830000)
 tenured generation   total 3281584K, used 3279629K [0x00007ef6c1b50000, 0x00007ef789ffc000, 0x00007f016c600000)
   the space 3281584K,  99% used [0x00007ef6c1b50000, 0x00007ef789e13788, 0x00007ef789e13800, 0x00007ef789ffc000)
 Metaspace       used 32217K, capacity 32648K, committed 32768K, reserved 32768K
}
Event: 24430.642 GC heap before
{Heap before GC invocations=16393 (full 15):
 def new generation   total 1476800K, used 1353280K [0x00007ef16c600000, 0x00007ef1d0860000, 0x00007ef6c1b50000)
  eden space 1312768K, 100% used [0x00007ef16c600000, 0x00007ef1bc800000, 0x00007ef1bc800000)
  from space 164032K,  24% used [0x00007ef1c6830000, 0x00007ef1c8fc0058, 0x00007ef1d0860000)
  to   space 164032K,   0% used [0x00007ef1bc800000, 0x00007ef1bc800000, 0x00007ef1c6830000)
 tenured generation   total 3281584K, used 3279629K [0x00007ef6c1b50000, 0x00007ef789ffc000, 0x00007f016c600000)
   the space 3281584K,  99% used [0x00007ef6c1b50000, 0x00007ef789e13788, 0x00007ef789e13800, 0x00007ef789ffc000)
 Metaspace       used 32217K, capacity 32648K, committed 32768K, reserved 32768K
}
Event: 24430.692 GC heap after
{Heap after GC invocations=16394 (full 15):
 def new generation   total 1476800K, used 40507K [0x00007ef16c600000, 0x00007ef1d0860000, 0x00007ef6c1b50000)
  eden space 1312768K,   0% used [0x00007ef16c600000, 0x00007ef16c600000, 0x00007ef1bc800000)
  from space 164032K,  24% used [0x00007ef1bc800000, 0x00007ef1bef8ef30, 0x00007ef1c6830000)
  to   space 164032K,   0% used [0x00007ef1c6830000, 0x00007ef1c6830000, 0x00007ef1d0860000)
 tenured generation   total 3281584K, used 3279928K [0x00007ef6c1b50000, 0x00007ef789ffc000, 0x00007f016c600000)
   the space 3281584K,  99% used [0x00007ef6c1b50000, 0x00007ef789e5e138, 0x00007ef789e5e200, 0x00007ef789ffc000)
 Metaspace       used 32217K, capacity 32648K, committed 32768K, reserved 32768K
}
Event: 24432.850 GC heap before
{Heap before GC invocations=16394 (full 15):
 def new generation   total 1476800K, used 1353275K [0x00007ef16c600000, 0x00007ef1d0860000, 0x00007ef6c1b50000)
  eden space 1312768K, 100% used [0x00007ef16c600000, 0x00007ef1bc800000, 0x00007ef1bc800000)
  from space 164032K,  24% used [0x00007ef1bc800000, 0x00007ef1bef8ef30, 0x00007ef1c6830000)
  to   space 164032K,   0% used [0x00007ef1c6830000, 0x00007ef1c6830000, 0x00007ef1d0860000)
 tenured generation   total 3281584K, used 3279928K [0x00007ef6c1b50000, 0x00007ef789ffc000, 0x00007f016c600000)
   the space 3281584K,  99% used [0x00007ef6c1b50000, 0x00007ef789e5e138, 0x00007ef789e5e200, 0x00007ef789ffc000)
 Metaspace       used 32217K, capacity 32648K, committed 32768K, reserved 32768K
}
Event: 24432.904 GC heap after
{Heap after GC invocations=16395 (full 15):
 def new generation   total 1476800K, used 40504K [0x00007ef16c600000, 0x00007ef1d0860000, 0x00007ef6c1b50000)
  eden space 1312768K,   0% used [0x00007ef16c600000, 0x00007ef16c600000, 0x00007ef1bc800000)
  from space 164032K,  24% used [0x00007ef1c6830000, 0x00007ef1c8fbe3b0, 0x00007ef1d0860000)
  to   space 164032K,   0% used [0x00007ef1bc800000, 0x00007ef1bc800000, 0x00007ef1c6830000)
 tenured generation   total 3281584K, used 3280201K [0x00007ef6c1b50000, 0x00007ef789ffc000, 0x00007f016c600000)
   the space 3281584K,  99% used [0x00007ef6c1b50000, 0x00007ef789ea25a0, 0x00007ef789ea2600, 0x00007ef789ffc000)
 Metaspace       used 32217K, capacity 32648K, committed 32768K, reserved 32768K
}
Event: 24435.089 GC heap before
{Heap before GC invocations=16395 (full 15):
 def new generation   total 1476800K, used 1353272K [0x00007ef16c600000, 0x00007ef1d0860000, 0x00007ef6c1b50000)
  eden space 1312768K, 100% used [0x00007ef16c600000, 0x00007ef1bc800000, 0x00007ef1bc800000)
  from space 164032K,  24% used [0x00007ef1c6830000, 0x00007ef1c8fbe3b0, 0x00007ef1d0860000)
  to   space 164032K,   0% used [0x00007ef1bc800000, 0x00007ef1bc800000, 0x00007ef1c6830000)
 tenured generation   total 3281584K, used 3280201K [0x00007ef6c1b50000, 0x00007ef789ffc000, 0x00007f016c600000)
   the space 3281584K,  99% used [0x00007ef6c1b50000, 0x00007ef789ea25a0, 0x00007ef789ea2600, 0x00007ef789ffc000)
 Metaspace       used 32217K, capacity 32648K, committed 32768K, reserved 32768K
}
Event: 24435.140 GC heap after
{Heap after GC invocations=16396 (full 15):
 def new generation   total 1476800K, used 40499K [0x00007ef16c600000, 0x00007ef1d0860000, 0x00007ef6c1b50000)
  eden space 1312768K,   0% used [0x00007ef16c600000, 0x00007ef16c600000, 0x00007ef1bc800000)
  from space 164032K,  24% used [0x00007ef1bc800000, 0x00007ef1bef8cc78, 0x00007ef1c6830000)
  to   space 164032K,   0% used [0x00007ef1c6830000, 0x00007ef1c6830000, 0x00007ef1d0860000)
 tenured generation   total 3281584K, used 3280495K [0x00007ef6c1b50000, 0x00007ef789ffc000, 0x00007f016c600000)
   the space 3281584K,  99% used [0x00007ef6c1b50000, 0x00007ef789eebe10, 0x00007ef789eec000, 0x00007ef789ffc000)
 Metaspace       used 32217K, capacity 32648K, committed 32768K, reserved 32768K
}
Event: 24437.130 GC heap before
{Heap before GC invocations=16396 (full 15):
 def new generation   total 1476800K, used 1353267K [0x00007ef16c600000, 0x00007ef1d0860000, 0x00007ef6c1b50000)
  eden space 1312768K, 100% used [0x00007ef16c600000, 0x00007ef1bc800000, 0x00007ef1bc800000)
  from space 164032K,  24% used [0x00007ef1bc800000, 0x00007ef1bef8cc78, 0x00007ef1c6830000)
  to   space 164032K,   0% used [0x00007ef1c6830000, 0x00007ef1c6830000, 0x00007ef1d0860000)
 tenured generation   total 3281584K, used 3280495K [0x00007ef6c1b50000, 0x00007ef789ffc000, 0x00007f016c600000)
   the space 3281584K,  99% used [0x00007ef6c1b50000, 0x00007ef789eebe10, 0x00007ef789eec000, 0x00007ef789ffc000)
 Metaspace       used 32217K, capacity 32648K, committed 32768K, reserved 32768K
}
Event: 24437.202 GC heap after
{Heap after GC invocations=16397 (full 15):
 def new generation   total 1476800K, used 55990K [0x00007ef16c600000, 0x00007ef1d0860000, 0x00007ef6c1b50000)
  eden space 1312768K,   0% used [0x00007ef16c600000, 0x00007ef16c600000, 0x00007ef1bc800000)
  from space 164032K,  34% used [0x00007ef1c6830000, 0x00007ef1c9edda00, 0x00007ef1d0860000)
  to   space 164032K,   0% used [0x00007ef1bc800000, 0x00007ef1bc800000, 0x00007ef1c6830000)
 tenured generation   total 3281584K, used 3280747K [0x00007ef6c1b50000, 0x00007ef789ffc000, 0x00007f016c600000)
   the space 3281584K,  99% used [0x00007ef6c1b50000, 0x00007ef789f2ae70, 0x00007ef789f2b000, 0x00007ef789ffc000)
 Metaspace       used 32217K, capacity 32648K, committed 32768K, reserved 32768K
}
Event: 24439.309 GC heap before
{Heap before GC invocations=16397 (full 15):
 def new generation   total 1476800K, used 1368758K [0x00007ef16c600000, 0x00007ef1d0860000, 0x00007ef6c1b50000)
  eden space 1312768K, 100% used [0x00007ef16c600000, 0x00007ef1bc800000, 0x00007ef1bc800000)
  from space 164032K,  34% used [0x00007ef1c6830000, 0x00007ef1c9edda00, 0x00007ef1d0860000)
  to   space 164032K,   0% used [0x00007ef1bc800000, 0x00007ef1bc800000, 0x00007ef1c6830000)
 tenured generation   total 3281584K, used 3280747K [0x00007ef6c1b50000, 0x00007ef789ffc000, 0x00007f016c600000)
   the space 3281584K,  99% used [0x00007ef6c1b50000, 0x00007ef789f2ae70, 0x00007ef789f2b000, 0x00007ef789ffc000)
 Metaspace       used 32217K, capacity 32648K, committed 32768K, reserved 32768K
}
Event: 24439.359 GC heap after
{Heap after GC invocations=16398 (full 15):
 def new generation   total 1476800K, used 40507K [0x00007ef16c600000, 0x00007ef1d0860000, 0x00007ef6c1b50000)
  eden space 1312768K,   0% used [0x00007ef16c600000, 0x00007ef16c600000, 0x00007ef1bc800000)
  from space 164032K,  24% used [0x00007ef1bc800000, 0x00007ef1bef8ef80, 0x00007ef1c6830000)
  to   space 164032K,   0% used [0x00007ef1c6830000, 0x00007ef1c6830000, 0x00007ef1d0860000)
 tenured generation   total 3281584K, used 3281020K [0x00007ef6c1b50000, 0x00007ef789ffc000, 0x00007f016c600000)
   the space 3281584K,  99% used [0x00007ef6c1b50000, 0x00007ef789f6f2d8, 0x00007ef789f6f400, 0x00007ef789ffc000)
 Metaspace       used 32217K, capacity 32648K, committed 32768K, reserved 32768K
}
Event: 24441.551 GC heap before
{Heap before GC invocations=16398 (full 15):
 def new generation   total 1476800K, used 1353275K [0x00007ef16c600000, 0x00007ef1d0860000, 0x00007ef6c1b50000)
  eden space 1312768K, 100% used [0x00007ef16c600000, 0x00007ef1bc800000, 0x00007ef1bc800000)
  from space 164032K,  24% used [0x00007ef1bc800000, 0x00007ef1bef8ef80, 0x00007ef1c6830000)
  to   space 164032K,   0% used [0x00007ef1c6830000, 0x00007ef1c6830000, 0x00007ef1d0860000)
 tenured generation   total 3281584K, used 3281020K [0x00007ef6c1b50000, 0x00007ef789ffc000, 0x00007f016c600000)
   the space 3281584K,  99% used [0x00007ef6c1b50000, 0x00007ef789f6f2d8, 0x00007ef789f6f400, 0x00007ef789ffc000)
 Metaspace       used 32217K, capacity 32648K, committed 32768K, reserved 32768K
}
Event: 24441.599 GC heap after
{Heap after GC invocations=16399 (full 15):
 def new generation   total 1476800K, used 40506K [0x00007ef16c600000, 0x00007ef1d0860000, 0x00007ef6c1b50000)
  eden space 1312768K,   0% used [0x00007ef16c600000, 0x00007ef16c600000, 0x00007ef1bc800000)
  from space 164032K,  24% used [0x00007ef1c6830000, 0x00007ef1c8fbea38, 0x00007ef1d0860000)
  to   space 164032K,   0% used [0x00007ef1bc800000, 0x00007ef1bc800000, 0x00007ef1c6830000)
 tenured generation   total 3281584K, used 3281314K [0x00007ef6c1b50000, 0x00007ef789ffc000, 0x00007f016c600000)
   the space 3281584K,  99% used [0x00007ef6c1b50000, 0x00007ef789fb8b48, 0x00007ef789fb8c00, 0x00007ef789ffc000)
 Metaspace       used 32217K, capacity 32648K, committed 32768K, reserved 32768K
}
Event: 24443.799 GC heap before
{Heap before GC invocations=16399 (full 15):
 def new generation   total 1476800K, used 1353274K [0x00007ef16c600000, 0x00007ef1d0860000, 0x00007ef6c1b50000)
  eden space 1312768K, 100% used [0x00007ef16c600000, 0x00007ef1bc800000, 0x00007ef1bc800000)
  from space 164032K,  24% used [0x00007ef1c6830000, 0x00007ef1c8fbea38, 0x00007ef1d0860000)
  to   space 164032K,   0% used [0x00007ef1bc800000, 0x00007ef1bc800000, 0x00007ef1c6830000)
 tenured generation   total 3281584K, used 3281314K [0x00007ef6c1b50000, 0x00007ef789ffc000, 0x00007f016c600000)
   the space 3281584K,  99% used [0x00007ef6c1b50000, 0x00007ef789fb8b48, 0x00007ef789fb8c00, 0x00007ef789ffc000)
 Metaspace       used 32217K, capacity 32648K, committed 32768K, reserved 32768K
}
Event: 24443.861 GC heap after
{Heap after GC invocations=16400 (full 15):
 def new generation   total 1476800K, used 40503K [0x00007ef16c600000, 0x00007ef1d0860000, 0x00007ef6c1b50000)
  eden space 1312768K,   0% used [0x00007ef16c600000, 0x00007ef16c600000, 0x00007ef1bc800000)
  from space 164032K,  24% used [0x00007ef1bc800000, 0x00007ef1bef8df88, 0x00007ef1c6830000)
  to   space 164032K,   0% used [0x00007ef1c6830000, 0x00007ef1c6830000, 0x00007ef1d0860000)
 tenured generation   total 3281776K, used 3281608K [0x00007ef6c1b50000, 0x00007ef78a02c000, 0x00007f016c600000)
   the space 3281776K,  99% used [0x00007ef6c1b50000, 0x00007ef78a0023b8, 0x00007ef78a002400, 0x00007ef78a02c000)
 Metaspace       used 32217K, capacity 32648K, committed 32768K, reserved 32768K
}
Event: 24443.861 GC heap before
{Heap before GC invocations=16400 (full 15):
 def new generation   total 1476800K, used 40503K [0x00007ef16c600000, 0x00007ef1d0860000, 0x00007ef6c1b50000)
  eden space 1312768K,   0% used [0x00007ef16c600000, 0x00007ef16c600000, 0x00007ef1bc800000)
  from space 164032K,  24% used [0x00007ef1bc800000, 0x00007ef1bef8df88, 0x00007ef1c6830000)
  to   space 164032K,   0% used [0x00007ef1c6830000, 0x00007ef1c6830000, 0x00007ef1d0860000)
 tenured generation   total 3281776K, used 3281608K [0x00007ef6c1b50000, 0x00007ef78a02c000, 0x00007f016c600000)
   the space 3281776K,  99% used [0x00007ef6c1b50000, 0x00007ef78a0023b8, 0x00007ef78a002400, 0x00007ef78a02c000)
 Metaspace       used 32217K, capacity 32648K, committed 32768K, reserved 32768K
}

