# JRE version: OpenJDK Runtime Environment (13.0.7+5) (build 13.0.7+5-Ubuntu-0ubuntu120.04)
# Java VM: OpenJDK 64-Bit Server VM (13.0.7+5-Ubuntu-0ubuntu120.04, mixed mode, tiered, serial gc, linux-amd64)
Heap:
 def new generation   total 2339776K, used 0K [0x00007f6930600000, 0x00007f69cf0d0000, 0x00007f6e85b50000)
  eden space 2079808K,   0% used [0x00007f6930600000, 0x00007f6930600000, 0x00007f69af510000)
  from space 259968K,   0% used [0x00007f69bf2f0000, 0x00007f69bf2f0000, 0x00007f69cf0d0000)
  to   space 259968K,   0% used [0x00007f69af510000, 0x00007f69af510000, 0x00007f69bf2f0000)
 tenured generation   total 5200728K, used 4938049K [0x00007f6e85b50000, 0x00007f6fc3226000, 0x00007f7930600000)
   the space 5200728K,  94% used [0x00007f6e85b50000, 0x00007f6fb31a0530, 0x00007f6fb31a0600, 0x00007f6fc3226000)
 Metaspace       used 32032K, capacity 32536K, committed 32768K, reserved 32768K
GC Heap History (20 events):
Event: 277.446 GC heap after
{Heap after GC invocations=72 (full 3):
 def new generation   total 2339776K, used 93122K [0x00007f6930600000, 0x00007f69cf0d0000, 0x00007f6e85b50000)
  eden space 2079808K,   0% used [0x00007f6930600000, 0x00007f6930600000, 0x00007f69af510000)
  from space 259968K,  35% used [0x00007f69af510000, 0x00007f69b5000af0, 0x00007f69bf2f0000)
  to   space 259968K,   0% used [0x00007f69bf2f0000, 0x00007f69bf2f0000, 0x00007f69cf0d0000)
 tenured generation   total 5199384K, used 5144885K [0x00007f6e85b50000, 0x00007f6fc30d6000, 0x00007f7930600000)
   the space 5199384K,  98% used [0x00007f6e85b50000, 0x00007f6fbfb9d4f0, 0x00007f6fbfb9d600, 0x00007f6fc30d6000)
 Metaspace       used 32031K, capacity 32472K, committed 32512K, reserved 32768K
}
Event: 279.580 GC heap before
{Heap before GC invocations=72 (full 3):
 def new generation   total 2339776K, used 2172930K [0x00007f6930600000, 0x00007f69cf0d0000, 0x00007f6e85b50000)
  eden space 2079808K, 100% used [0x00007f6930600000, 0x00007f69af510000, 0x00007f69af510000)
  from space 259968K,  35% used [0x00007f69af510000, 0x00007f69b5000af0, 0x00007f69bf2f0000)
  to   space 259968K,   0% used [0x00007f69bf2f0000, 0x00007f69bf2f0000, 0x00007f69cf0d0000)
 tenured generation   total 5199384K, used 5144885K [0x00007f6e85b50000, 0x00007f6fc30d6000, 0x00007f7930600000)
   the space 5199384K,  98% used [0x00007f6e85b50000, 0x00007f6fbfb9d4f0, 0x00007f6fbfb9d600, 0x00007f6fc30d6000)
 Metaspace       used 32031K, capacity 32472K, committed 32512K, reserved 32768K
}
Event: 279.746 GC heap after
{Heap after GC invocations=73 (full 3):
 def new generation   total 2339776K, used 92951K [0x00007f6930600000, 0x00007f69cf0d0000, 0x00007f6e85b50000)
  eden space 2079808K,   0% used [0x00007f6930600000, 0x00007f6930600000, 0x00007f69af510000)
  from space 259968K,  35% used [0x00007f69bf2f0000, 0x00007f69c4db5c88, 0x00007f69cf0d0000)
  to   space 259968K,   0% used [0x00007f69af510000, 0x00007f69af510000, 0x00007f69bf2f0000)
 tenured generation   total 5199384K, used 5151104K [0x00007f6e85b50000, 0x00007f6fc30d6000, 0x00007f7930600000)
   the space 5199384K,  99% used [0x00007f6e85b50000, 0x00007f6fc01b0040, 0x00007f6fc01b0200, 0x00007f6fc30d6000)
 Metaspace       used 32031K, capacity 32472K, committed 32512K, reserved 32768K
}
Event: 281.873 GC heap before
{Heap before GC invocations=73 (full 3):
 def new generation   total 2339776K, used 2172759K [0x00007f6930600000, 0x00007f69cf0d0000, 0x00007f6e85b50000)
  eden space 2079808K, 100% used [0x00007f6930600000, 0x00007f69af510000, 0x00007f69af510000)
  from space 259968K,  35% used [0x00007f69bf2f0000, 0x00007f69c4db5c88, 0x00007f69cf0d0000)
  to   space 259968K,   0% used [0x00007f69af510000, 0x00007f69af510000, 0x00007f69bf2f0000)
 tenured generation   total 5199384K, used 5151104K [0x00007f6e85b50000, 0x00007f6fc30d6000, 0x00007f7930600000)
   the space 5199384K,  99% used [0x00007f6e85b50000, 0x00007f6fc01b0040, 0x00007f6fc01b0200, 0x00007f6fc30d6000)
 Metaspace       used 32031K, capacity 32472K, committed 32512K, reserved 32768K
}
Event: 281.995 GC heap after
{Heap after GC invocations=74 (full 3):
 def new generation   total 2339776K, used 92961K [0x00007f6930600000, 0x00007f69cf0d0000, 0x00007f6e85b50000)
  eden space 2079808K,   0% used [0x00007f6930600000, 0x00007f6930600000, 0x00007f69af510000)
  from space 259968K,  35% used [0x00007f69af510000, 0x00007f69b4fd8580, 0x00007f69bf2f0000)
  to   space 259968K,   0% used [0x00007f69bf2f0000, 0x00007f69bf2f0000, 0x00007f69cf0d0000)
 tenured generation   total 5199384K, used 5157311K [0x00007f6e85b50000, 0x00007f6fc30d6000, 0x00007f7930600000)
   the space 5199384K,  99% used [0x00007f6e85b50000, 0x00007f6fc07bff40, 0x00007f6fc07c0000, 0x00007f6fc30d6000)
 Metaspace       used 32031K, capacity 32472K, committed 32512K, reserved 32768K
}
Event: 284.102 GC heap before
{Heap before GC invocations=74 (full 3):
 def new generation   total 2339776K, used 2172769K [0x00007f6930600000, 0x00007f69cf0d0000, 0x00007f6e85b50000)
  eden space 2079808K, 100% used [0x00007f6930600000, 0x00007f69af510000, 0x00007f69af510000)
  from space 259968K,  35% used [0x00007f69af510000, 0x00007f69b4fd8580, 0x00007f69bf2f0000)
  to   space 259968K,   0% used [0x00007f69bf2f0000, 0x00007f69bf2f0000, 0x00007f69cf0d0000)
 tenured generation   total 5199384K, used 5157311K [0x00007f6e85b50000, 0x00007f6fc30d6000, 0x00007f7930600000)
   the space 5199384K,  99% used [0x00007f6e85b50000, 0x00007f6fc07bff40, 0x00007f6fc07c0000, 0x00007f6fc30d6000)
 Metaspace       used 32031K, capacity 32472K, committed 32512K, reserved 32768K
}
Event: 284.243 GC heap after
{Heap after GC invocations=75 (full 3):
 def new generation   total 2339776K, used 92954K [0x00007f6930600000, 0x00007f69cf0d0000, 0x00007f6e85b50000)
  eden space 2079808K,   0% used [0x00007f6930600000, 0x00007f6930600000, 0x00007f69af510000)
  from space 259968K,  35% used [0x00007f69bf2f0000, 0x00007f69c4db6bc0, 0x00007f69cf0d0000)
  to   space 259968K,   0% used [0x00007f69af510000, 0x00007f69af510000, 0x00007f69bf2f0000)
 tenured generation   total 5199384K, used 5163530K [0x00007f6e85b50000, 0x00007f6fc30d6000, 0x00007f7930600000)
   the space 5199384K,  99% used [0x00007f6e85b50000, 0x00007f6fc0dd2a90, 0x00007f6fc0dd2c00, 0x00007f6fc30d6000)
 Metaspace       used 32031K, capacity 32472K, committed 32512K, reserved 32768K
}
Event: 286.356 GC heap before
{Heap before GC invocations=75 (full 3):
 def new generation   total 2339776K, used 2172762K [0x00007f6930600000, 0x00007f69cf0d0000, 0x00007f6e85b50000)
  eden space 2079808K, 100% used [0x00007f6930600000, 0x00007f69af510000, 0x00007f69af510000)
  from space 259968K,  35% used [0x00007f69bf2f0000, 0x00007f69c4db6bc0, 0x00007f69cf0d0000)
  to   space 259968K,   0% used [0x00007f69af510000, 0x00007f69af510000, 0x00007f69bf2f0000)
 tenured generation   total 5199384K, used 5163530K [0x00007f6e85b50000, 0x00007f6fc30d6000, 0x00007f7930600000)
   the space 5199384K,  99% used [0x00007f6e85b50000, 0x00007f6fc0dd2a90, 0x00007f6fc0dd2c00, 0x00007f6fc30d6000)
 Metaspace       used 32031K, capacity 32472K, committed 32512K, reserved 32768K
}
Event: 286.504 GC heap after
{Heap after GC invocations=76 (full 3):
 def new generation   total 2339776K, used 92961K [0x00007f6930600000, 0x00007f69cf0d0000, 0x00007f6e85b50000)
  eden space 2079808K,   0% used [0x00007f6930600000, 0x00007f6930600000, 0x00007f69af510000)
  from space 259968K,  35% used [0x00007f69af510000, 0x00007f69b4fd8478, 0x00007f69bf2f0000)
  to   space 259968K,   0% used [0x00007f69bf2f0000, 0x00007f69bf2f0000, 0x00007f69cf0d0000)
 tenured generation   total 5199384K, used 5169749K [0x00007f6e85b50000, 0x00007f6fc30d6000, 0x00007f7930600000)
   the space 5199384K,  99% used [0x00007f6e85b50000, 0x00007f6fc13e55e0, 0x00007f6fc13e5600, 0x00007f6fc30d6000)
 Metaspace       used 32031K, capacity 32472K, committed 32512K, reserved 32768K
}
Event: 288.718 GC heap before
{Heap before GC invocations=76 (full 3):
 def new generation   total 2339776K, used 2172769K [0x00007f6930600000, 0x00007f69cf0d0000, 0x00007f6e85b50000)
  eden space 2079808K, 100% used [0x00007f6930600000, 0x00007f69af510000, 0x00007f69af510000)
  from space 259968K,  35% used [0x00007f69af510000, 0x00007f69b4fd8478, 0x00007f69bf2f0000)
  to   space 259968K,   0% used [0x00007f69bf2f0000, 0x00007f69bf2f0000, 0x00007f69cf0d0000)
 tenured generation   total 5199384K, used 5169749K [0x00007f6e85b50000, 0x00007f6fc30d6000, 0x00007f7930600000)
   the space 5199384K,  99% used [0x00007f6e85b50000, 0x00007f6fc13e55e0, 0x00007f6fc13e5600, 0x00007f6fc30d6000)
 Metaspace       used 32031K, capacity 32472K, committed 32512K, reserved 32768K
}
Event: 288.854 GC heap after
{Heap after GC invocations=77 (full 3):
 def new generation   total 2339776K, used 92958K [0x00007f6930600000, 0x00007f69cf0d0000, 0x00007f6e85b50000)
  eden space 2079808K,   0% used [0x00007f6930600000, 0x00007f6930600000, 0x00007f69af510000)
  from space 259968K,  35% used [0x00007f69bf2f0000, 0x00007f69c4db79f0, 0x00007f69cf0d0000)
  to   space 259968K,   0% used [0x00007f69af510000, 0x00007f69af510000, 0x00007f69bf2f0000)
 tenured generation   total 5199384K, used 5175972K [0x00007f6e85b50000, 0x00007f6fc30d6000, 0x00007f7930600000)
   the space 5199384K,  99% used [0x00007f6e85b50000, 0x00007f6fc19f9270, 0x00007f6fc19f9400, 0x00007f6fc30d6000)
 Metaspace       used 32031K, capacity 32472K, committed 32512K, reserved 32768K
}
Event: 290.975 GC heap before
{Heap before GC invocations=77 (full 3):
 def new generation   total 2339776K, used 2172766K [0x00007f6930600000, 0x00007f69cf0d0000, 0x00007f6e85b50000)
  eden space 2079808K, 100% used [0x00007f6930600000, 0x00007f69af510000, 0x00007f69af510000)
  from space 259968K,  35% used [0x00007f69bf2f0000, 0x00007f69c4db79f0, 0x00007f69cf0d0000)
  to   space 259968K,   0% used [0x00007f69af510000, 0x00007f69af510000, 0x00007f69bf2f0000)
 tenured generation   total 5199384K, used 5175972K [0x00007f6e85b50000, 0x00007f6fc30d6000, 0x00007f7930600000)
   the space 5199384K,  99% used [0x00007f6e85b50000, 0x00007f6fc19f9270, 0x00007f6fc19f9400, 0x00007f6fc30d6000)
 Metaspace       used 32031K, capacity 32472K, committed 32512K, reserved 32768K
}
Event: 291.109 GC heap after
{Heap after GC invocations=78 (full 3):
 def new generation   total 2339776K, used 92957K [0x00007f6930600000, 0x00007f69cf0d0000, 0x00007f6e85b50000)
  eden space 2079808K,   0% used [0x00007f6930600000, 0x00007f6930600000, 0x00007f69af510000)
  from space 259968K,  35% used [0x00007f69af510000, 0x00007f69b4fd77d0, 0x00007f69bf2f0000)
  to   space 259968K,   0% used [0x00007f69bf2f0000, 0x00007f69bf2f0000, 0x00007f69cf0d0000)
 tenured generation   total 5199384K, used 5182180K [0x00007f6e85b50000, 0x00007f6fc30d6000, 0x00007f7930600000)
   the space 5199384K,  99% used [0x00007f6e85b50000, 0x00007f6fc2009170, 0x00007f6fc2009200, 0x00007f6fc30d6000)
 Metaspace       used 32031K, capacity 32472K, committed 32512K, reserved 32768K
}
Event: 293.259 GC heap before
{Heap before GC invocations=78 (full 3):
 def new generation   total 2339776K, used 2172765K [0x00007f6930600000, 0x00007f69cf0d0000, 0x00007f6e85b50000)
  eden space 2079808K, 100% used [0x00007f6930600000, 0x00007f69af510000, 0x00007f69af510000)
  from space 259968K,  35% used [0x00007f69af510000, 0x00007f69b4fd77d0, 0x00007f69bf2f0000)
  to   space 259968K,   0% used [0x00007f69bf2f0000, 0x00007f69bf2f0000, 0x00007f69cf0d0000)
 tenured generation   total 5199384K, used 5182180K [0x00007f6e85b50000, 0x00007f6fc30d6000, 0x00007f7930600000)
   the space 5199384K,  99% used [0x00007f6e85b50000, 0x00007f6fc2009170, 0x00007f6fc2009200, 0x00007f6fc30d6000)
 Metaspace       used 32031K, capacity 32472K, committed 32512K, reserved 32768K
}
Event: 293.418 GC heap after
{Heap after GC invocations=79 (full 3):
 def new generation   total 2339776K, used 93122K [0x00007f6930600000, 0x00007f69cf0d0000, 0x00007f6e85b50000)
  eden space 2079808K,   0% used [0x00007f6930600000, 0x00007f6930600000, 0x00007f69af510000)
  from space 259968K,  35% used [0x00007f69bf2f0000, 0x00007f69c4de0b78, 0x00007f69cf0d0000)
  to   space 259968K,   0% used [0x00007f69af510000, 0x00007f69af510000, 0x00007f69bf2f0000)
 tenured generation   total 5199384K, used 5188232K [0x00007f6e85b50000, 0x00007f6fc30d6000, 0x00007f7930600000)
   the space 5199384K,  99% used [0x00007f6e85b50000, 0x00007f6fc25f22d0, 0x00007f6fc25f2400, 0x00007f6fc30d6000)
 Metaspace       used 32031K, capacity 32472K, committed 32512K, reserved 32768K
}
Event: 295.549 GC heap before
{Heap before GC invocations=79 (full 3):
 def new generation   total 2339776K, used 2172930K [0x00007f6930600000, 0x00007f69cf0d0000, 0x00007f6e85b50000)
  eden space 2079808K, 100% used [0x00007f6930600000, 0x00007f69af510000, 0x00007f69af510000)
  from space 259968K,  35% used [0x00007f69bf2f0000, 0x00007f69c4de0b78, 0x00007f69cf0d0000)
  to   space 259968K,   0% used [0x00007f69af510000, 0x00007f69af510000, 0x00007f69bf2f0000)
 tenured generation   total 5199384K, used 5188232K [0x00007f6e85b50000, 0x00007f6fc30d6000, 0x00007f7930600000)
   the space 5199384K,  99% used [0x00007f6e85b50000, 0x00007f6fc25f22d0, 0x00007f6fc25f2400, 0x00007f6fc30d6000)
 Metaspace       used 32031K, capacity 32472K, committed 32512K, reserved 32768K
}
Event: 295.692 GC heap after
{Heap after GC invocations=80 (full 3):
 def new generation   total 2339776K, used 93124K [0x00007f6930600000, 0x00007f69cf0d0000, 0x00007f6e85b50000)
  eden space 2079808K,   0% used [0x00007f6930600000, 0x00007f6930600000, 0x00007f69af510000)
  from space 259968K,  35% used [0x00007f69af510000, 0x00007f69b50011d8, 0x00007f69bf2f0000)
  to   space 259968K,   0% used [0x00007f69bf2f0000, 0x00007f69bf2f0000, 0x00007f69cf0d0000)
 tenured generation   total 5199384K, used 5194451K [0x00007f6e85b50000, 0x00007f6fc30d6000, 0x00007f7930600000)
   the space 5199384K,  99% used [0x00007f6e85b50000, 0x00007f6fc2c04e20, 0x00007f6fc2c05000, 0x00007f6fc30d6000)
 Metaspace       used 32031K, capacity 32472K, committed 32512K, reserved 32768K
}
Event: 297.778 GC heap before
{Heap before GC invocations=80 (full 3):
 def new generation   total 2339776K, used 2172932K [0x00007f6930600000, 0x00007f69cf0d0000, 0x00007f6e85b50000)
  eden space 2079808K, 100% used [0x00007f6930600000, 0x00007f69af510000, 0x00007f69af510000)
  from space 259968K,  35% used [0x00007f69af510000, 0x00007f69b50011d8, 0x00007f69bf2f0000)
  to   space 259968K,   0% used [0x00007f69bf2f0000, 0x00007f69bf2f0000, 0x00007f69cf0d0000)
 tenured generation   total 5199384K, used 5194451K [0x00007f6e85b50000, 0x00007f6fc30d6000, 0x00007f7930600000)
   the space 5199384K,  99% used [0x00007f6e85b50000, 0x00007f6fc2c04e20, 0x00007f6fc2c05000, 0x00007f6fc30d6000)
 Metaspace       used 32032K, capacity 32536K, committed 32768K, reserved 32768K
}
Event: 297.919 GC heap after
{Heap after GC invocations=81 (full 3):
 def new generation   total 2339776K, used 93125K [0x00007f6930600000, 0x00007f69cf0d0000, 0x00007f6e85b50000)
  eden space 2079808K,   0% used [0x00007f6930600000, 0x00007f6930600000, 0x00007f69af510000)
  from space 259968K,  35% used [0x00007f69bf2f0000, 0x00007f69c4de16c0, 0x00007f69cf0d0000)
  to   space 259968K,   0% used [0x00007f69af510000, 0x00007f69af510000, 0x00007f69bf2f0000)
 tenured generation   total 5200728K, used 5200660K [0x00007f6e85b50000, 0x00007f6fc3226000, 0x00007f7930600000)
   the space 5200728K,  99% used [0x00007f6e85b50000, 0x00007f6fc3215180, 0x00007f6fc3215200, 0x00007f6fc3226000)
 Metaspace       used 32032K, capacity 32536K, committed 32768K, reserved 32768K
}
Event: 297.919 GC heap before
{Heap before GC invocations=81 (full 3):
 def new generation   total 2339776K, used 93125K [0x00007f6930600000, 0x00007f69cf0d0000, 0x00007f6e85b50000)
  eden space 2079808K,   0% used [0x00007f6930600000, 0x00007f6930600000, 0x00007f69af510000)
  from space 259968K,  35% used [0x00007f69bf2f0000, 0x00007f69c4de16c0, 0x00007f69cf0d0000)
  to   space 259968K,   0% used [0x00007f69af510000, 0x00007f69af510000, 0x00007f69bf2f0000)
 tenured generation   total 5200728K, used 5200660K [0x00007f6e85b50000, 0x00007f6fc3226000, 0x00007f7930600000)
   the space 5200728K,  99% used [0x00007f6e85b50000, 0x00007f6fc3215180, 0x00007f6fc3215200, 0x00007f6fc3226000)
 Metaspace       used 32032K, capacity 32536K, committed 32768K, reserved 32768K
}

