# JRE version: OpenJDK Runtime Environment (13.0.7+5) (build 13.0.7+5-Ubuntu-0ubuntu120.04)
# Java VM: OpenJDK 64-Bit Server VM (13.0.7+5-Ubuntu-0ubuntu120.04, mixed mode, tiered, serial gc, linux-amd64)
Heap:
 def new generation   total 629248K, used 2441K [0x00007f779c600000, 0x00007f77c70c0000, 0x00007f82470a0000)
  eden space 559360K,   0% used [0x00007f779c600000, 0x00007f779c862508, 0x00007f77be840000)
  from space 69888K,   0% used [0x00007f77c2c80000, 0x00007f77c2c80000, 0x00007f77c70c0000)
  to   space 69888K,   0% used [0x00007f77be840000, 0x00007f77be840000, 0x00007f77c2c80000)
 tenured generation   total 1398144K, used 1398143K [0x00007f82470a0000, 0x00007f829c600000, 0x00007f979c600000)
   the space 1398144K,  99% used [0x00007f82470a0000, 0x00007f829c5ffff0, 0x00007f829c600000, 0x00007f829c600000)
 Metaspace       used 24985K, capacity 25465K, committed 25600K, reserved 26624K
GC Heap History (20 events):
Event: 3336.013 GC heap after
{Heap after GC invocations=8633 (full 1):
 def new generation   total 629248K, used 2424K [0x00007f779c600000, 0x00007f77c70c0000, 0x00007f82470a0000)
  eden space 559360K,   0% used [0x00007f779c600000, 0x00007f779c600000, 0x00007f77be840000)
  from space 69888K,   3% used [0x00007f77be840000, 0x00007f77bea9e0f0, 0x00007f77c2c80000)
  to   space 69888K,   0% used [0x00007f77c2c80000, 0x00007f77c2c80000, 0x00007f77c70c0000)
 tenured generation   total 1398144K, used 1396710K [0x00007f82470a0000, 0x00007f829c600000, 0x00007f979c600000)
   the space 1398144K,  99% used [0x00007f82470a0000, 0x00007f829c499a30, 0x00007f829c499c00, 0x00007f829c600000)
 Metaspace       used 24985K, capacity 25465K, committed 25600K, reserved 26624K
}
Event: 3336.353 GC heap before
{Heap before GC invocations=8633 (full 1):
 def new generation   total 629248K, used 561784K [0x00007f779c600000, 0x00007f77c70c0000, 0x00007f82470a0000)
  eden space 559360K, 100% used [0x00007f779c600000, 0x00007f77be840000, 0x00007f77be840000)
  from space 69888K,   3% used [0x00007f77be840000, 0x00007f77bea9e0f0, 0x00007f77c2c80000)
  to   space 69888K,   0% used [0x00007f77c2c80000, 0x00007f77c2c80000, 0x00007f77c70c0000)
 tenured generation   total 1398144K, used 1396710K [0x00007f82470a0000, 0x00007f829c600000, 0x00007f979c600000)
   the space 1398144K,  99% used [0x00007f82470a0000, 0x00007f829c499a30, 0x00007f829c499c00, 0x00007f829c600000)
 Metaspace       used 24985K, capacity 25465K, committed 25600K, reserved 26624K
}
Event: 3336.357 GC heap after
{Heap after GC invocations=8634 (full 1):
 def new generation   total 629248K, used 2445K [0x00007f779c600000, 0x00007f77c70c0000, 0x00007f82470a0000)
  eden space 559360K,   0% used [0x00007f779c600000, 0x00007f779c600000, 0x00007f77be840000)
  from space 69888K,   3% used [0x00007f77c2c80000, 0x00007f77c2ee34b0, 0x00007f77c70c0000)
  to   space 69888K,   0% used [0x00007f77be840000, 0x00007f77be840000, 0x00007f77c2c80000)
 tenured generation   total 1398144K, used 1396866K [0x00007f82470a0000, 0x00007f829c600000, 0x00007f979c600000)
   the space 1398144K,  99% used [0x00007f82470a0000, 0x00007f829c4c0820, 0x00007f829c4c0a00, 0x00007f829c600000)
 Metaspace       used 24985K, capacity 25465K, committed 25600K, reserved 26624K
}
Event: 3336.683 GC heap before
{Heap before GC invocations=8634 (full 1):
 def new generation   total 629248K, used 561805K [0x00007f779c600000, 0x00007f77c70c0000, 0x00007f82470a0000)
  eden space 559360K, 100% used [0x00007f779c600000, 0x00007f77be840000, 0x00007f77be840000)
  from space 69888K,   3% used [0x00007f77c2c80000, 0x00007f77c2ee34b0, 0x00007f77c70c0000)
  to   space 69888K,   0% used [0x00007f77be840000, 0x00007f77be840000, 0x00007f77c2c80000)
 tenured generation   total 1398144K, used 1396866K [0x00007f82470a0000, 0x00007f829c600000, 0x00007f979c600000)
   the space 1398144K,  99% used [0x00007f82470a0000, 0x00007f829c4c0820, 0x00007f829c4c0a00, 0x00007f829c600000)
 Metaspace       used 24985K, capacity 25465K, committed 25600K, reserved 26624K
}
Event: 3336.687 GC heap after
{Heap after GC invocations=8635 (full 1):
 def new generation   total 629248K, used 2450K [0x00007f779c600000, 0x00007f77c70c0000, 0x00007f82470a0000)
  eden space 559360K,   0% used [0x00007f779c600000, 0x00007f779c600000, 0x00007f77be840000)
  from space 69888K,   3% used [0x00007f77be840000, 0x00007f77beaa4bb0, 0x00007f77c2c80000)
  to   space 69888K,   0% used [0x00007f77c2c80000, 0x00007f77c2c80000, 0x00007f77c70c0000)
 tenured generation   total 1398144K, used 1397021K [0x00007f82470a0000, 0x00007f829c600000, 0x00007f979c600000)
   the space 1398144K,  99% used [0x00007f82470a0000, 0x00007f829c4e7610, 0x00007f829c4e7800, 0x00007f829c600000)
 Metaspace       used 24985K, capacity 25465K, committed 25600K, reserved 26624K
}
Event: 3337.038 GC heap before
{Heap before GC invocations=8635 (full 1):
 def new generation   total 629248K, used 561810K [0x00007f779c600000, 0x00007f77c70c0000, 0x00007f82470a0000)
  eden space 559360K, 100% used [0x00007f779c600000, 0x00007f77be840000, 0x00007f77be840000)
  from space 69888K,   3% used [0x00007f77be840000, 0x00007f77beaa4bb0, 0x00007f77c2c80000)
  to   space 69888K,   0% used [0x00007f77c2c80000, 0x00007f77c2c80000, 0x00007f77c70c0000)
 tenured generation   total 1398144K, used 1397021K [0x00007f82470a0000, 0x00007f829c600000, 0x00007f979c600000)
   the space 1398144K,  99% used [0x00007f82470a0000, 0x00007f829c4e7610, 0x00007f829c4e7800, 0x00007f829c600000)
 Metaspace       used 24985K, capacity 25465K, committed 25600K, reserved 26624K
}
Event: 3337.043 GC heap after
{Heap after GC invocations=8636 (full 1):
 def new generation   total 629248K, used 2471K [0x00007f779c600000, 0x00007f77c70c0000, 0x00007f82470a0000)
  eden space 559360K,   0% used [0x00007f779c600000, 0x00007f779c600000, 0x00007f77be840000)
  from space 69888K,   3% used [0x00007f77c2c80000, 0x00007f77c2ee9de0, 0x00007f77c70c0000)
  to   space 69888K,   0% used [0x00007f77be840000, 0x00007f77be840000, 0x00007f77c2c80000)
 tenured generation   total 1398144K, used 1397177K [0x00007f82470a0000, 0x00007f829c600000, 0x00007f979c600000)
   the space 1398144K,  99% used [0x00007f82470a0000, 0x00007f829c50e400, 0x00007f829c50e400, 0x00007f829c600000)
 Metaspace       used 24985K, capacity 25465K, committed 25600K, reserved 26624K
}
Event: 3337.400 GC heap before
{Heap before GC invocations=8636 (full 1):
 def new generation   total 629248K, used 561831K [0x00007f779c600000, 0x00007f77c70c0000, 0x00007f82470a0000)
  eden space 559360K, 100% used [0x00007f779c600000, 0x00007f77be840000, 0x00007f77be840000)
  from space 69888K,   3% used [0x00007f77c2c80000, 0x00007f77c2ee9de0, 0x00007f77c70c0000)
  to   space 69888K,   0% used [0x00007f77be840000, 0x00007f77be840000, 0x00007f77c2c80000)
 tenured generation   total 1398144K, used 1397177K [0x00007f82470a0000, 0x00007f829c600000, 0x00007f979c600000)
   the space 1398144K,  99% used [0x00007f82470a0000, 0x00007f829c50e400, 0x00007f829c50e400, 0x00007f829c600000)
 Metaspace       used 24985K, capacity 25465K, committed 25600K, reserved 26624K
}
Event: 3337.404 GC heap after
{Heap after GC invocations=8637 (full 1):
 def new generation   total 629248K, used 2473K [0x00007f779c600000, 0x00007f77c70c0000, 0x00007f82470a0000)
  eden space 559360K,   0% used [0x00007f779c600000, 0x00007f779c600000, 0x00007f77be840000)
  from space 69888K,   3% used [0x00007f77be840000, 0x00007f77beaaa628, 0x00007f77c2c80000)
  to   space 69888K,   0% used [0x00007f77c2c80000, 0x00007f77c2c80000, 0x00007f77c70c0000)
 tenured generation   total 1398144K, used 1397332K [0x00007f82470a0000, 0x00007f829c600000, 0x00007f979c600000)
   the space 1398144K,  99% used [0x00007f82470a0000, 0x00007f829c5351f0, 0x00007f829c535200, 0x00007f829c600000)
 Metaspace       used 24985K, capacity 25465K, committed 25600K, reserved 26624K
}
Event: 3337.763 GC heap before
{Heap before GC invocations=8637 (full 1):
 def new generation   total 629248K, used 561833K [0x00007f779c600000, 0x00007f77c70c0000, 0x00007f82470a0000)
  eden space 559360K, 100% used [0x00007f779c600000, 0x00007f77be840000, 0x00007f77be840000)
  from space 69888K,   3% used [0x00007f77be840000, 0x00007f77beaaa628, 0x00007f77c2c80000)
  to   space 69888K,   0% used [0x00007f77c2c80000, 0x00007f77c2c80000, 0x00007f77c70c0000)
 tenured generation   total 1398144K, used 1397332K [0x00007f82470a0000, 0x00007f829c600000, 0x00007f979c600000)
   the space 1398144K,  99% used [0x00007f82470a0000, 0x00007f829c5351f0, 0x00007f829c535200, 0x00007f829c600000)
 Metaspace       used 24985K, capacity 25465K, committed 25600K, reserved 26624K
}
Event: 3337.767 GC heap after
{Heap after GC invocations=8638 (full 1):
 def new generation   total 629248K, used 2513K [0x00007f779c600000, 0x00007f77c70c0000, 0x00007f82470a0000)
  eden space 559360K,   0% used [0x00007f779c600000, 0x00007f779c600000, 0x00007f77be840000)
  from space 69888K,   3% used [0x00007f77c2c80000, 0x00007f77c2ef44d8, 0x00007f77c70c0000)
  to   space 69888K,   0% used [0x00007f77be840000, 0x00007f77be840000, 0x00007f77c2c80000)
 tenured generation   total 1398144K, used 1397487K [0x00007f82470a0000, 0x00007f829c600000, 0x00007f979c600000)
   the space 1398144K,  99% used [0x00007f82470a0000, 0x00007f829c55bfe0, 0x00007f829c55c000, 0x00007f829c600000)
 Metaspace       used 24985K, capacity 25465K, committed 25600K, reserved 26624K
}
Event: 3338.110 GC heap before
{Heap before GC invocations=8638 (full 1):
 def new generation   total 629248K, used 561873K [0x00007f779c600000, 0x00007f77c70c0000, 0x00007f82470a0000)
  eden space 559360K, 100% used [0x00007f779c600000, 0x00007f77be840000, 0x00007f77be840000)
  from space 69888K,   3% used [0x00007f77c2c80000, 0x00007f77c2ef44d8, 0x00007f77c70c0000)
  to   space 69888K,   0% used [0x00007f77be840000, 0x00007f77be840000, 0x00007f77c2c80000)
 tenured generation   total 1398144K, used 1397487K [0x00007f82470a0000, 0x00007f829c600000, 0x00007f979c600000)
   the space 1398144K,  99% used [0x00007f82470a0000, 0x00007f829c55bfe0, 0x00007f829c55c000, 0x00007f829c600000)
 Metaspace       used 24985K, capacity 25465K, committed 25600K, reserved 26624K
}
Event: 3338.113 GC heap after
{Heap after GC invocations=8639 (full 1):
 def new generation   total 629248K, used 2449K [0x00007f779c600000, 0x00007f77c70c0000, 0x00007f82470a0000)
  eden space 559360K,   0% used [0x00007f779c600000, 0x00007f779c600000, 0x00007f77be840000)
  from space 69888K,   3% used [0x00007f77be840000, 0x00007f77beaa4510, 0x00007f77c2c80000)
  to   space 69888K,   0% used [0x00007f77c2c80000, 0x00007f77c2c80000, 0x00007f77c70c0000)
 tenured generation   total 1398144K, used 1397647K [0x00007f82470a0000, 0x00007f829c600000, 0x00007f979c600000)
   the space 1398144K,  99% used [0x00007f82470a0000, 0x00007f829c583f10, 0x00007f829c584000, 0x00007f829c600000)
 Metaspace       used 24985K, capacity 25465K, committed 25600K, reserved 26624K
}
Event: 3338.433 GC heap before
{Heap before GC invocations=8639 (full 1):
 def new generation   total 629248K, used 561809K [0x00007f779c600000, 0x00007f77c70c0000, 0x00007f82470a0000)
  eden space 559360K, 100% used [0x00007f779c600000, 0x00007f77be840000, 0x00007f77be840000)
  from space 69888K,   3% used [0x00007f77be840000, 0x00007f77beaa4510, 0x00007f77c2c80000)
  to   space 69888K,   0% used [0x00007f77c2c80000, 0x00007f77c2c80000, 0x00007f77c70c0000)
 tenured generation   total 1398144K, used 1397647K [0x00007f82470a0000, 0x00007f829c600000, 0x00007f979c600000)
   the space 1398144K,  99% used [0x00007f82470a0000, 0x00007f829c583f10, 0x00007f829c584000, 0x00007f829c600000)
 Metaspace       used 24985K, capacity 25465K, committed 25600K, reserved 26624K
}
Event: 3338.437 GC heap after
{Heap after GC invocations=8640 (full 1):
 def new generation   total 629248K, used 2413K [0x00007f779c600000, 0x00007f77c70c0000, 0x00007f82470a0000)
  eden space 559360K,   0% used [0x00007f779c600000, 0x00007f779c600000, 0x00007f77be840000)
  from space 69888K,   3% used [0x00007f77c2c80000, 0x00007f77c2edb4f8, 0x00007f77c70c0000)
  to   space 69888K,   0% used [0x00007f77be840000, 0x00007f77be840000, 0x00007f77c2c80000)
 tenured generation   total 1398144K, used 1397829K [0x00007f82470a0000, 0x00007f829c600000, 0x00007f979c600000)
   the space 1398144K,  99% used [0x00007f82470a0000, 0x00007f829c5b14a8, 0x00007f829c5b1600, 0x00007f829c600000)
 Metaspace       used 24985K, capacity 25465K, committed 25600K, reserved 26624K
}
Event: 3338.788 GC heap before
{Heap before GC invocations=8640 (full 1):
 def new generation   total 629248K, used 561773K [0x00007f779c600000, 0x00007f77c70c0000, 0x00007f82470a0000)
  eden space 559360K, 100% used [0x00007f779c600000, 0x00007f77be840000, 0x00007f77be840000)
  from space 69888K,   3% used [0x00007f77c2c80000, 0x00007f77c2edb4f8, 0x00007f77c70c0000)
  to   space 69888K,   0% used [0x00007f77be840000, 0x00007f77be840000, 0x00007f77c2c80000)
 tenured generation   total 1398144K, used 1397829K [0x00007f82470a0000, 0x00007f829c600000, 0x00007f979c600000)
   the space 1398144K,  99% used [0x00007f82470a0000, 0x00007f829c5b14a8, 0x00007f829c5b1600, 0x00007f829c600000)
 Metaspace       used 24985K, capacity 25465K, committed 25600K, reserved 26624K
}
Event: 3338.792 GC heap after
{Heap after GC invocations=8641 (full 1):
 def new generation   total 629248K, used 2441K [0x00007f779c600000, 0x00007f77c70c0000, 0x00007f82470a0000)
  eden space 559360K,   0% used [0x00007f779c600000, 0x00007f779c600000, 0x00007f77be840000)
  from space 69888K,   3% used [0x00007f77be840000, 0x00007f77beaa26b0, 0x00007f77c2c80000)
  to   space 69888K,   0% used [0x00007f77c2c80000, 0x00007f77c2c80000, 0x00007f77c70c0000)
 tenured generation   total 1398144K, used 1397984K [0x00007f82470a0000, 0x00007f829c600000, 0x00007f979c600000)
   the space 1398144K,  99% used [0x00007f82470a0000, 0x00007f829c5d8298, 0x00007f829c5d8400, 0x00007f829c600000)
 Metaspace       used 24985K, capacity 25465K, committed 25600K, reserved 26624K
}
Event: 3339.144 GC heap before
{Heap before GC invocations=8641 (full 1):
 def new generation   total 629248K, used 561801K [0x00007f779c600000, 0x00007f77c70c0000, 0x00007f82470a0000)
  eden space 559360K, 100% used [0x00007f779c600000, 0x00007f77be840000, 0x00007f77be840000)
  from space 69888K,   3% used [0x00007f77be840000, 0x00007f77beaa26b0, 0x00007f77c2c80000)
  to   space 69888K,   0% used [0x00007f77c2c80000, 0x00007f77c2c80000, 0x00007f77c70c0000)
 tenured generation   total 1398144K, used 1397984K [0x00007f82470a0000, 0x00007f829c600000, 0x00007f979c600000)
   the space 1398144K,  99% used [0x00007f82470a0000, 0x00007f829c5d8298, 0x00007f829c5d8400, 0x00007f829c600000)
 Metaspace       used 24985K, capacity 25465K, committed 25600K, reserved 26624K
}
Event: 3339.148 GC heap after
{Heap after GC invocations=8642 (full 1):
 def new generation   total 629248K, used 2445K [0x00007f779c600000, 0x00007f77c70c0000, 0x00007f82470a0000)
  eden space 559360K,   0% used [0x00007f779c600000, 0x00007f779c600000, 0x00007f77be840000)
  from space 69888K,   3% used [0x00007f77c2c80000, 0x00007f77c2ee3470, 0x00007f77c70c0000)
  to   space 69888K,   0% used [0x00007f77be840000, 0x00007f77be840000, 0x00007f77c2c80000)
 tenured generation   total 1398144K, used 1398140K [0x00007f82470a0000, 0x00007f829c600000, 0x00007f979c600000)
   the space 1398144K,  99% used [0x00007f82470a0000, 0x00007f829c5ff088, 0x00007f829c5ff200, 0x00007f829c600000)
 Metaspace       used 24985K, capacity 25465K, committed 25600K, reserved 26624K
}
Event: 3339.148 GC heap before
{Heap before GC invocations=8642 (full 1):
 def new generation   total 629248K, used 2445K [0x00007f779c600000, 0x00007f77c70c0000, 0x00007f82470a0000)
  eden space 559360K,   0% used [0x00007f779c600000, 0x00007f779c600000, 0x00007f77be840000)
  from space 69888K,   3% used [0x00007f77c2c80000, 0x00007f77c2ee3470, 0x00007f77c70c0000)
  to   space 69888K,   0% used [0x00007f77be840000, 0x00007f77be840000, 0x00007f77c2c80000)
 tenured generation   total 1398144K, used 1398140K [0x00007f82470a0000, 0x00007f829c600000, 0x00007f979c600000)
   the space 1398144K,  99% used [0x00007f82470a0000, 0x00007f829c5ff088, 0x00007f829c5ff200, 0x00007f829c600000)
 Metaspace       used 24985K, capacity 25465K, committed 25600K, reserved 26624K
}

