# JRE version: OpenJDK Runtime Environment (13.0.7+5) (build 13.0.7+5-Ubuntu-0ubuntu120.04)
# Java VM: OpenJDK 64-Bit Server VM (13.0.7+5-Ubuntu-0ubuntu120.04, mixed mode, tiered, serial gc, linux-amd64)
Heap:
 def new generation   total 629248K, used 0K [0x00007f2368600000, 0x00007f23930c0000, 0x00007f28bdb50000)
  eden space 559360K,   0% used [0x00007f2368600000, 0x00007f2368600000, 0x00007f238a840000)
  from space 69888K,   0% used [0x00007f238ec80000, 0x00007f238ec80000, 0x00007f23930c0000)
  to   space 69888K,   0% used [0x00007f238a840000, 0x00007f238a840000, 0x00007f238ec80000)
 tenured generation   total 1398916K, used 1383853K [0x00007f28bdb50000, 0x00007f2913171000, 0x00007f3368600000)
   the space 1398916K,  98% used [0x00007f28bdb50000, 0x00007f29122bb6a8, 0x00007f29122bb800, 0x00007f2913171000)
 Metaspace       used 32372K, capacity 32906K, committed 33024K, reserved 34816K
GC Heap History (20 events):
Event: 2831.926 GC heap after
{Heap after GC invocations=5546 (full 9):
 def new generation   total 629248K, used 15090K [0x00007f2368600000, 0x00007f23930c0000, 0x00007f28bdb50000)
  eden space 559360K,   0% used [0x00007f2368600000, 0x00007f2368600000, 0x00007f238a840000)
  from space 69888K,  21% used [0x00007f238a840000, 0x00007f238b6fc998, 0x00007f238ec80000)
  to   space 69888K,   0% used [0x00007f238ec80000, 0x00007f238ec80000, 0x00007f23930c0000)
 tenured generation   total 1398148K, used 1389738K [0x00007f28bdb50000, 0x00007f29130b1000, 0x00007f3368600000)
   the space 1398148K,  99% used [0x00007f28bdb50000, 0x00007f291287aa38, 0x00007f291287ac00, 0x00007f29130b1000)
 Metaspace       used 32372K, capacity 32906K, committed 33024K, reserved 34816K
}
Event: 2832.240 GC heap before
{Heap before GC invocations=5546 (full 9):
 def new generation   total 629248K, used 574450K [0x00007f2368600000, 0x00007f23930c0000, 0x00007f28bdb50000)
  eden space 559360K, 100% used [0x00007f2368600000, 0x00007f238a840000, 0x00007f238a840000)
  from space 69888K,  21% used [0x00007f238a840000, 0x00007f238b6fc998, 0x00007f238ec80000)
  to   space 69888K,   0% used [0x00007f238ec80000, 0x00007f238ec80000, 0x00007f23930c0000)
 tenured generation   total 1398148K, used 1389738K [0x00007f28bdb50000, 0x00007f29130b1000, 0x00007f3368600000)
   the space 1398148K,  99% used [0x00007f28bdb50000, 0x00007f291287aa38, 0x00007f291287ac00, 0x00007f29130b1000)
 Metaspace       used 32372K, capacity 32906K, committed 33024K, reserved 34816K
}
Event: 2832.258 GC heap after
{Heap after GC invocations=5547 (full 9):
 def new generation   total 629248K, used 15089K [0x00007f2368600000, 0x00007f23930c0000, 0x00007f28bdb50000)
  eden space 559360K,   0% used [0x00007f2368600000, 0x00007f2368600000, 0x00007f238a840000)
  from space 69888K,  21% used [0x00007f238ec80000, 0x00007f238fb3c560, 0x00007f23930c0000)
  to   space 69888K,   0% used [0x00007f238a840000, 0x00007f238a840000, 0x00007f238ec80000)
 tenured generation   total 1398148K, used 1390751K [0x00007f28bdb50000, 0x00007f29130b1000, 0x00007f3368600000)
   the space 1398148K,  99% used [0x00007f28bdb50000, 0x00007f2912977fa8, 0x00007f2912978000, 0x00007f29130b1000)
 Metaspace       used 32372K, capacity 32906K, committed 33024K, reserved 34816K
}
Event: 2832.580 GC heap before
{Heap before GC invocations=5547 (full 9):
 def new generation   total 629248K, used 574449K [0x00007f2368600000, 0x00007f23930c0000, 0x00007f28bdb50000)
  eden space 559360K, 100% used [0x00007f2368600000, 0x00007f238a840000, 0x00007f238a840000)
  from space 69888K,  21% used [0x00007f238ec80000, 0x00007f238fb3c560, 0x00007f23930c0000)
  to   space 69888K,   0% used [0x00007f238a840000, 0x00007f238a840000, 0x00007f238ec80000)
 tenured generation   total 1398148K, used 1390751K [0x00007f28bdb50000, 0x00007f29130b1000, 0x00007f3368600000)
   the space 1398148K,  99% used [0x00007f28bdb50000, 0x00007f2912977fa8, 0x00007f2912978000, 0x00007f29130b1000)
 Metaspace       used 32372K, capacity 32906K, committed 33024K, reserved 34816K
}
Event: 2832.597 GC heap after
{Heap after GC invocations=5548 (full 9):
 def new generation   total 629248K, used 15018K [0x00007f2368600000, 0x00007f23930c0000, 0x00007f28bdb50000)
  eden space 559360K,   0% used [0x00007f2368600000, 0x00007f2368600000, 0x00007f238a840000)
  from space 69888K,  21% used [0x00007f238a840000, 0x00007f238b6eaa30, 0x00007f238ec80000)
  to   space 69888K,   0% used [0x00007f238ec80000, 0x00007f238ec80000, 0x00007f23930c0000)
 tenured generation   total 1398148K, used 1391765K [0x00007f28bdb50000, 0x00007f29130b1000, 0x00007f3368600000)
   the space 1398148K,  99% used [0x00007f28bdb50000, 0x00007f2912a75518, 0x00007f2912a75600, 0x00007f29130b1000)
 Metaspace       used 32372K, capacity 32906K, committed 33024K, reserved 34816K
}
Event: 2832.914 GC heap before
{Heap before GC invocations=5548 (full 9):
 def new generation   total 629248K, used 574378K [0x00007f2368600000, 0x00007f23930c0000, 0x00007f28bdb50000)
  eden space 559360K, 100% used [0x00007f2368600000, 0x00007f238a840000, 0x00007f238a840000)
  from space 69888K,  21% used [0x00007f238a840000, 0x00007f238b6eaa30, 0x00007f238ec80000)
  to   space 69888K,   0% used [0x00007f238ec80000, 0x00007f238ec80000, 0x00007f23930c0000)
 tenured generation   total 1398148K, used 1391765K [0x00007f28bdb50000, 0x00007f29130b1000, 0x00007f3368600000)
   the space 1398148K,  99% used [0x00007f28bdb50000, 0x00007f2912a75518, 0x00007f2912a75600, 0x00007f29130b1000)
 Metaspace       used 32372K, capacity 32906K, committed 33024K, reserved 34816K
}
Event: 2832.931 GC heap after
{Heap after GC invocations=5549 (full 9):
 def new generation   total 629248K, used 15008K [0x00007f2368600000, 0x00007f23930c0000, 0x00007f28bdb50000)
  eden space 559360K,   0% used [0x00007f2368600000, 0x00007f2368600000, 0x00007f238a840000)
  from space 69888K,  21% used [0x00007f238ec80000, 0x00007f238fb282e8, 0x00007f23930c0000)
  to   space 69888K,   0% used [0x00007f238a840000, 0x00007f238a840000, 0x00007f238ec80000)
 tenured generation   total 1398148K, used 1392782K [0x00007f28bdb50000, 0x00007f29130b1000, 0x00007f3368600000)
   the space 1398148K,  99% used [0x00007f28bdb50000, 0x00007f2912b73bc8, 0x00007f2912b73c00, 0x00007f29130b1000)
 Metaspace       used 32372K, capacity 32906K, committed 33024K, reserved 34816K
}
Event: 2833.257 GC heap before
{Heap before GC invocations=5549 (full 9):
 def new generation   total 629248K, used 574368K [0x00007f2368600000, 0x00007f23930c0000, 0x00007f28bdb50000)
  eden space 559360K, 100% used [0x00007f2368600000, 0x00007f238a840000, 0x00007f238a840000)
  from space 69888K,  21% used [0x00007f238ec80000, 0x00007f238fb282e8, 0x00007f23930c0000)
  to   space 69888K,   0% used [0x00007f238a840000, 0x00007f238a840000, 0x00007f238ec80000)
 tenured generation   total 1398148K, used 1392782K [0x00007f28bdb50000, 0x00007f29130b1000, 0x00007f3368600000)
   the space 1398148K,  99% used [0x00007f28bdb50000, 0x00007f2912b73bc8, 0x00007f2912b73c00, 0x00007f29130b1000)
 Metaspace       used 32372K, capacity 32906K, committed 33024K, reserved 34816K
}
Event: 2833.277 GC heap after
{Heap after GC invocations=5550 (full 9):
 def new generation   total 629248K, used 15029K [0x00007f2368600000, 0x00007f23930c0000, 0x00007f28bdb50000)
  eden space 559360K,   0% used [0x00007f2368600000, 0x00007f2368600000, 0x00007f238a840000)
  from space 69888K,  21% used [0x00007f238a840000, 0x00007f238b6ed730, 0x00007f238ec80000)
  to   space 69888K,   0% used [0x00007f238ec80000, 0x00007f238ec80000, 0x00007f23930c0000)
 tenured generation   total 1398148K, used 1393784K [0x00007f28bdb50000, 0x00007f29130b1000, 0x00007f3368600000)
   the space 1398148K,  99% used [0x00007f28bdb50000, 0x00007f2912c6e188, 0x00007f2912c6e200, 0x00007f29130b1000)
 Metaspace       used 32372K, capacity 32906K, committed 33024K, reserved 34816K
}
Event: 2833.602 GC heap before
{Heap before GC invocations=5550 (full 9):
 def new generation   total 629248K, used 574389K [0x00007f2368600000, 0x00007f23930c0000, 0x00007f28bdb50000)
  eden space 559360K, 100% used [0x00007f2368600000, 0x00007f238a840000, 0x00007f238a840000)
  from space 69888K,  21% used [0x00007f238a840000, 0x00007f238b6ed730, 0x00007f238ec80000)
  to   space 69888K,   0% used [0x00007f238ec80000, 0x00007f238ec80000, 0x00007f23930c0000)
 tenured generation   total 1398148K, used 1393784K [0x00007f28bdb50000, 0x00007f29130b1000, 0x00007f3368600000)
   the space 1398148K,  99% used [0x00007f28bdb50000, 0x00007f2912c6e188, 0x00007f2912c6e200, 0x00007f29130b1000)
 Metaspace       used 32372K, capacity 32906K, committed 33024K, reserved 34816K
}
Event: 2833.618 GC heap after
{Heap after GC invocations=5551 (full 9):
 def new generation   total 629248K, used 15093K [0x00007f2368600000, 0x00007f23930c0000, 0x00007f28bdb50000)
  eden space 559360K,   0% used [0x00007f2368600000, 0x00007f2368600000, 0x00007f238a840000)
  from space 69888K,  21% used [0x00007f238ec80000, 0x00007f238fb3d520, 0x00007f23930c0000)
  to   space 69888K,   0% used [0x00007f238a840000, 0x00007f238a840000, 0x00007f238ec80000)
 tenured generation   total 1398148K, used 1394737K [0x00007f28bdb50000, 0x00007f29130b1000, 0x00007f3368600000)
   the space 1398148K,  99% used [0x00007f28bdb50000, 0x00007f2912d5c718, 0x00007f2912d5c800, 0x00007f29130b1000)
 Metaspace       used 32372K, capacity 32906K, committed 33024K, reserved 34816K
}
Event: 2833.957 GC heap before
{Heap before GC invocations=5551 (full 9):
 def new generation   total 629248K, used 574453K [0x00007f2368600000, 0x00007f23930c0000, 0x00007f28bdb50000)
  eden space 559360K, 100% used [0x00007f2368600000, 0x00007f238a840000, 0x00007f238a840000)
  from space 69888K,  21% used [0x00007f238ec80000, 0x00007f238fb3d520, 0x00007f23930c0000)
  to   space 69888K,   0% used [0x00007f238a840000, 0x00007f238a840000, 0x00007f238ec80000)
 tenured generation   total 1398148K, used 1394737K [0x00007f28bdb50000, 0x00007f29130b1000, 0x00007f3368600000)
   the space 1398148K,  99% used [0x00007f28bdb50000, 0x00007f2912d5c718, 0x00007f2912d5c800, 0x00007f29130b1000)
 Metaspace       used 32372K, capacity 32906K, committed 33024K, reserved 34816K
}
Event: 2833.983 GC heap after
{Heap after GC invocations=5552 (full 9):
 def new generation   total 629248K, used 15095K [0x00007f2368600000, 0x00007f23930c0000, 0x00007f28bdb50000)
  eden space 559360K,   0% used [0x00007f2368600000, 0x00007f2368600000, 0x00007f238a840000)
  from space 69888K,  21% used [0x00007f238a840000, 0x00007f238b6fde38, 0x00007f238ec80000)
  to   space 69888K,   0% used [0x00007f238ec80000, 0x00007f238ec80000, 0x00007f23930c0000)
 tenured generation   total 1398148K, used 1395739K [0x00007f28bdb50000, 0x00007f29130b1000, 0x00007f3368600000)
   the space 1398148K,  99% used [0x00007f28bdb50000, 0x00007f2912e56cd8, 0x00007f2912e56e00, 0x00007f29130b1000)
 Metaspace       used 32372K, capacity 32906K, committed 33024K, reserved 34816K
}
Event: 2834.321 GC heap before
{Heap before GC invocations=5552 (full 9):
 def new generation   total 629248K, used 574455K [0x00007f2368600000, 0x00007f23930c0000, 0x00007f28bdb50000)
  eden space 559360K, 100% used [0x00007f2368600000, 0x00007f238a840000, 0x00007f238a840000)
  from space 69888K,  21% used [0x00007f238a840000, 0x00007f238b6fde38, 0x00007f238ec80000)
  to   space 69888K,   0% used [0x00007f238ec80000, 0x00007f238ec80000, 0x00007f23930c0000)
 tenured generation   total 1398148K, used 1395739K [0x00007f28bdb50000, 0x00007f29130b1000, 0x00007f3368600000)
   the space 1398148K,  99% used [0x00007f28bdb50000, 0x00007f2912e56cd8, 0x00007f2912e56e00, 0x00007f29130b1000)
 Metaspace       used 32372K, capacity 32906K, committed 33024K, reserved 34816K
}
Event: 2834.341 GC heap after
{Heap after GC invocations=5553 (full 9):
 def new generation   total 629248K, used 15090K [0x00007f2368600000, 0x00007f23930c0000, 0x00007f28bdb50000)
  eden space 559360K,   0% used [0x00007f2368600000, 0x00007f2368600000, 0x00007f238a840000)
  from space 69888K,  21% used [0x00007f238ec80000, 0x00007f238fb3c970, 0x00007f23930c0000)
  to   space 69888K,   0% used [0x00007f238a840000, 0x00007f238a840000, 0x00007f238ec80000)
 tenured generation   total 1398148K, used 1396752K [0x00007f28bdb50000, 0x00007f29130b1000, 0x00007f3368600000)
   the space 1398148K,  99% used [0x00007f28bdb50000, 0x00007f2912f54248, 0x00007f2912f54400, 0x00007f29130b1000)
 Metaspace       used 32372K, capacity 32906K, committed 33024K, reserved 34816K
}
Event: 2834.679 GC heap before
{Heap before GC invocations=5553 (full 9):
 def new generation   total 629248K, used 574450K [0x00007f2368600000, 0x00007f23930c0000, 0x00007f28bdb50000)
  eden space 559360K, 100% used [0x00007f2368600000, 0x00007f238a840000, 0x00007f238a840000)
  from space 69888K,  21% used [0x00007f238ec80000, 0x00007f238fb3c970, 0x00007f23930c0000)
  to   space 69888K,   0% used [0x00007f238a840000, 0x00007f238a840000, 0x00007f238ec80000)
 tenured generation   total 1398148K, used 1396752K [0x00007f28bdb50000, 0x00007f29130b1000, 0x00007f3368600000)
   the space 1398148K,  99% used [0x00007f28bdb50000, 0x00007f2912f54248, 0x00007f2912f54400, 0x00007f29130b1000)
 Metaspace       used 32372K, capacity 32906K, committed 33024K, reserved 34816K
}
Event: 2834.697 GC heap after
{Heap after GC invocations=5554 (full 9):
 def new generation   total 629248K, used 15022K [0x00007f2368600000, 0x00007f23930c0000, 0x00007f28bdb50000)
  eden space 559360K,   0% used [0x00007f2368600000, 0x00007f2368600000, 0x00007f238a840000)
  from space 69888K,  21% used [0x00007f238a840000, 0x00007f238b6eb9e8, 0x00007f238ec80000)
  to   space 69888K,   0% used [0x00007f238ec80000, 0x00007f238ec80000, 0x00007f23930c0000)
 tenured generation   total 1398148K, used 1397765K [0x00007f28bdb50000, 0x00007f29130b1000, 0x00007f3368600000)
   the space 1398148K,  99% used [0x00007f28bdb50000, 0x00007f29130517b8, 0x00007f2913051800, 0x00007f29130b1000)
 Metaspace       used 32372K, capacity 32906K, committed 33024K, reserved 34816K
}
Event: 2835.040 GC heap before
{Heap before GC invocations=5554 (full 9):
 def new generation   total 629248K, used 574382K [0x00007f2368600000, 0x00007f23930c0000, 0x00007f28bdb50000)
  eden space 559360K, 100% used [0x00007f2368600000, 0x00007f238a840000, 0x00007f238a840000)
  from space 69888K,  21% used [0x00007f238a840000, 0x00007f238b6eb9e8, 0x00007f238ec80000)
  to   space 69888K,   0% used [0x00007f238ec80000, 0x00007f238ec80000, 0x00007f23930c0000)
 tenured generation   total 1398148K, used 1397765K [0x00007f28bdb50000, 0x00007f29130b1000, 0x00007f3368600000)
   the space 1398148K,  99% used [0x00007f28bdb50000, 0x00007f29130517b8, 0x00007f2913051800, 0x00007f29130b1000)
 Metaspace       used 32372K, capacity 32906K, committed 33024K, reserved 34816K
}
Event: 2835.060 GC heap after
{Heap after GC invocations=5555 (full 9):
 def new generation   total 629248K, used 15014K [0x00007f2368600000, 0x00007f23930c0000, 0x00007f28bdb50000)
  eden space 559360K,   0% used [0x00007f2368600000, 0x00007f2368600000, 0x00007f238a840000)
  from space 69888K,  21% used [0x00007f238ec80000, 0x00007f238fb29850, 0x00007f23930c0000)
  to   space 69888K,   0% used [0x00007f238a840000, 0x00007f238a840000, 0x00007f238ec80000)
 tenured generation   total 1398916K, used 1398783K [0x00007f28bdb50000, 0x00007f2913171000, 0x00007f3368600000)
   the space 1398916K,  99% used [0x00007f28bdb50000, 0x00007f291314fe68, 0x00007f2913150000, 0x00007f2913171000)
 Metaspace       used 32372K, capacity 32906K, committed 33024K, reserved 34816K
}
Event: 2835.060 GC heap before
{Heap before GC invocations=5555 (full 9):
 def new generation   total 629248K, used 15014K [0x00007f2368600000, 0x00007f23930c0000, 0x00007f28bdb50000)
  eden space 559360K,   0% used [0x00007f2368600000, 0x00007f2368600000, 0x00007f238a840000)
  from space 69888K,  21% used [0x00007f238ec80000, 0x00007f238fb29850, 0x00007f23930c0000)
  to   space 69888K,   0% used [0x00007f238a840000, 0x00007f238a840000, 0x00007f238ec80000)
 tenured generation   total 1398916K, used 1398783K [0x00007f28bdb50000, 0x00007f2913171000, 0x00007f3368600000)
   the space 1398916K,  99% used [0x00007f28bdb50000, 0x00007f291314fe68, 0x00007f2913150000, 0x00007f2913171000)
 Metaspace       used 32372K, capacity 32906K, committed 33024K, reserved 34816K
}

