# JRE version: OpenJDK Runtime Environment (13.0.7+5) (build 13.0.7+5-Ubuntu-0ubuntu120.04)
# Java VM: OpenJDK 64-Bit Server VM (13.0.7+5-Ubuntu-0ubuntu120.04, mixed mode, tiered, serial gc, linux-amd64)
Heap:
 def new generation   total 1748096K, used 0K [0x00007fbf8c600000, 0x00007fc002ec0000, 0x00007fc4e1b50000)
  eden space 1553920K,   0% used [0x00007fbf8c600000, 0x00007fbf8c600000, 0x00007fbfeb380000)
  from space 194176K,   0% used [0x00007fbfeb380000, 0x00007fbfeb380000, 0x00007fbff7120000)
  to   space 194176K,   0% used [0x00007fbff7120000, 0x00007fbff7120000, 0x00007fc002ec0000)
 tenured generation   total 3884696K, used 3861968K [0x00007fc4e1b50000, 0x00007fc5cecf6000, 0x00007fcf8c600000)
   the space 3884696K,  99% used [0x00007fc4e1b50000, 0x00007fc5cd6c4138, 0x00007fc5cd6c4200, 0x00007fc5cecf6000)
 Metaspace       used 24896K, capacity 25340K, committed 25600K, reserved 26624K
GC Heap History (20 events):
Event: 19790.420 GC heap after
{Heap after GC invocations=41456 (full 3):
 def new generation   total 1748096K, used 2623K [0x00007fbf8c600000, 0x00007fc002ec0000, 0x00007fc4e1b50000)
  eden space 1553920K,   0% used [0x00007fbf8c600000, 0x00007fbf8c600000, 0x00007fbfeb380000)
  from space 194176K,   1% used [0x00007fbff7120000, 0x00007fbff73afe28, 0x00007fc002ec0000)
  to   space 194176K,   0% used [0x00007fbfeb380000, 0x00007fbfeb380000, 0x00007fbff7120000)
 tenured generation   total 3884504K, used 3883136K [0x00007fc4e1b50000, 0x00007fc5cecc6000, 0x00007fcf8c600000)
   the space 3884504K,  99% used [0x00007fc4e1b50000, 0x00007fc5ceb70198, 0x00007fc5ceb70200, 0x00007fc5cecc6000)
 Metaspace       used 24896K, capacity 25340K, committed 25600K, reserved 26624K
}
Event: 19791.255 GC heap before
{Heap before GC invocations=41456 (full 3):
 def new generation   total 1748096K, used 1556543K [0x00007fbf8c600000, 0x00007fc002ec0000, 0x00007fc4e1b50000)
  eden space 1553920K, 100% used [0x00007fbf8c600000, 0x00007fbfeb380000, 0x00007fbfeb380000)
  from space 194176K,   1% used [0x00007fbff7120000, 0x00007fbff73afe28, 0x00007fc002ec0000)
  to   space 194176K,   0% used [0x00007fbfeb380000, 0x00007fbfeb380000, 0x00007fbff7120000)
 tenured generation   total 3884504K, used 3883136K [0x00007fc4e1b50000, 0x00007fc5cecc6000, 0x00007fcf8c600000)
   the space 3884504K,  99% used [0x00007fc4e1b50000, 0x00007fc5ceb70198, 0x00007fc5ceb70200, 0x00007fc5cecc6000)
 Metaspace       used 24896K, capacity 25340K, committed 25600K, reserved 26624K
}
Event: 19791.258 GC heap after
{Heap after GC invocations=41457 (full 3):
 def new generation   total 1748096K, used 2607K [0x00007fbf8c600000, 0x00007fc002ec0000, 0x00007fc4e1b50000)
  eden space 1553920K,   0% used [0x00007fbf8c600000, 0x00007fbf8c600000, 0x00007fbfeb380000)
  from space 194176K,   1% used [0x00007fbfeb380000, 0x00007fbfeb60bf48, 0x00007fbff7120000)
  to   space 194176K,   0% used [0x00007fbff7120000, 0x00007fbff7120000, 0x00007fc002ec0000)
 tenured generation   total 3884504K, used 3883316K [0x00007fc4e1b50000, 0x00007fc5cecc6000, 0x00007fcf8c600000)
   the space 3884504K,  99% used [0x00007fc4e1b50000, 0x00007fc5ceb9d150, 0x00007fc5ceb9d200, 0x00007fc5cecc6000)
 Metaspace       used 24896K, capacity 25340K, committed 25600K, reserved 26624K
}
Event: 19792.096 GC heap before
{Heap before GC invocations=41457 (full 3):
 def new generation   total 1748096K, used 1556527K [0x00007fbf8c600000, 0x00007fc002ec0000, 0x00007fc4e1b50000)
  eden space 1553920K, 100% used [0x00007fbf8c600000, 0x00007fbfeb380000, 0x00007fbfeb380000)
  from space 194176K,   1% used [0x00007fbfeb380000, 0x00007fbfeb60bf48, 0x00007fbff7120000)
  to   space 194176K,   0% used [0x00007fbff7120000, 0x00007fbff7120000, 0x00007fc002ec0000)
 tenured generation   total 3884504K, used 3883316K [0x00007fc4e1b50000, 0x00007fc5cecc6000, 0x00007fcf8c600000)
   the space 3884504K,  99% used [0x00007fc4e1b50000, 0x00007fc5ceb9d150, 0x00007fc5ceb9d200, 0x00007fc5cecc6000)
 Metaspace       used 24896K, capacity 25340K, committed 25600K, reserved 26624K
}
Event: 19792.099 GC heap after
{Heap after GC invocations=41458 (full 3):
 def new generation   total 1748096K, used 2601K [0x00007fbf8c600000, 0x00007fc002ec0000, 0x00007fc4e1b50000)
  eden space 1553920K,   0% used [0x00007fbf8c600000, 0x00007fbf8c600000, 0x00007fbfeb380000)
  from space 194176K,   1% used [0x00007fbff7120000, 0x00007fbff73aa5e8, 0x00007fc002ec0000)
  to   space 194176K,   0% used [0x00007fbfeb380000, 0x00007fbfeb380000, 0x00007fbff7120000)
 tenured generation   total 3884504K, used 3883496K [0x00007fc4e1b50000, 0x00007fc5cecc6000, 0x00007fcf8c600000)
   the space 3884504K,  99% used [0x00007fc4e1b50000, 0x00007fc5cebca108, 0x00007fc5cebca200, 0x00007fc5cecc6000)
 Metaspace       used 24896K, capacity 25340K, committed 25600K, reserved 26624K
}
Event: 19792.939 GC heap before
{Heap before GC invocations=41458 (full 3):
 def new generation   total 1748096K, used 1556521K [0x00007fbf8c600000, 0x00007fc002ec0000, 0x00007fc4e1b50000)
  eden space 1553920K, 100% used [0x00007fbf8c600000, 0x00007fbfeb380000, 0x00007fbfeb380000)
  from space 194176K,   1% used [0x00007fbff7120000, 0x00007fbff73aa5e8, 0x00007fc002ec0000)
  to   space 194176K,   0% used [0x00007fbfeb380000, 0x00007fbfeb380000, 0x00007fbff7120000)
 tenured generation   total 3884504K, used 3883496K [0x00007fc4e1b50000, 0x00007fc5cecc6000, 0x00007fcf8c600000)
   the space 3884504K,  99% used [0x00007fc4e1b50000, 0x00007fc5cebca108, 0x00007fc5cebca200, 0x00007fc5cecc6000)
 Metaspace       used 24896K, capacity 25340K, committed 25600K, reserved 26624K
}
Event: 19792.943 GC heap after
{Heap after GC invocations=41459 (full 3):
 def new generation   total 1748096K, used 2637K [0x00007fbf8c600000, 0x00007fc002ec0000, 0x00007fc4e1b50000)
  eden space 1553920K,   0% used [0x00007fbf8c600000, 0x00007fbf8c600000, 0x00007fbfeb380000)
  from space 194176K,   1% used [0x00007fbfeb380000, 0x00007fbfeb613488, 0x00007fbff7120000)
  to   space 194176K,   0% used [0x00007fbff7120000, 0x00007fbff7120000, 0x00007fc002ec0000)
 tenured generation   total 3884504K, used 3883616K [0x00007fc4e1b50000, 0x00007fc5cecc6000, 0x00007fcf8c600000)
   the space 3884504K,  99% used [0x00007fc4e1b50000, 0x00007fc5cebe80d8, 0x00007fc5cebe8200, 0x00007fc5cecc6000)
 Metaspace       used 24896K, capacity 25340K, committed 25600K, reserved 26624K
}
Event: 19793.783 GC heap before
{Heap before GC invocations=41459 (full 3):
 def new generation   total 1748096K, used 1556557K [0x00007fbf8c600000, 0x00007fc002ec0000, 0x00007fc4e1b50000)
  eden space 1553920K, 100% used [0x00007fbf8c600000, 0x00007fbfeb380000, 0x00007fbfeb380000)
  from space 194176K,   1% used [0x00007fbfeb380000, 0x00007fbfeb613488, 0x00007fbff7120000)
  to   space 194176K,   0% used [0x00007fbff7120000, 0x00007fbff7120000, 0x00007fc002ec0000)
 tenured generation   total 3884504K, used 3883616K [0x00007fc4e1b50000, 0x00007fc5cecc6000, 0x00007fcf8c600000)
   the space 3884504K,  99% used [0x00007fc4e1b50000, 0x00007fc5cebe80d8, 0x00007fc5cebe8200, 0x00007fc5cecc6000)
 Metaspace       used 24896K, capacity 25340K, committed 25600K, reserved 26624K
}
Event: 19793.786 GC heap after
{Heap after GC invocations=41460 (full 3):
 def new generation   total 1748096K, used 2623K [0x00007fbf8c600000, 0x00007fc002ec0000, 0x00007fc4e1b50000)
  eden space 1553920K,   0% used [0x00007fbf8c600000, 0x00007fbf8c600000, 0x00007fbfeb380000)
  from space 194176K,   1% used [0x00007fbff7120000, 0x00007fbff73afd30, 0x00007fc002ec0000)
  to   space 194176K,   0% used [0x00007fbfeb380000, 0x00007fbfeb380000, 0x00007fbff7120000)
 tenured generation   total 3884504K, used 3883796K [0x00007fc4e1b50000, 0x00007fc5cecc6000, 0x00007fcf8c600000)
   the space 3884504K,  99% used [0x00007fc4e1b50000, 0x00007fc5cec15090, 0x00007fc5cec15200, 0x00007fc5cecc6000)
 Metaspace       used 24896K, capacity 25340K, committed 25600K, reserved 26624K
}
Event: 19794.625 GC heap before
{Heap before GC invocations=41460 (full 3):
 def new generation   total 1748096K, used 1556543K [0x00007fbf8c600000, 0x00007fc002ec0000, 0x00007fc4e1b50000)
  eden space 1553920K, 100% used [0x00007fbf8c600000, 0x00007fbfeb380000, 0x00007fbfeb380000)
  from space 194176K,   1% used [0x00007fbff7120000, 0x00007fbff73afd30, 0x00007fc002ec0000)
  to   space 194176K,   0% used [0x00007fbfeb380000, 0x00007fbfeb380000, 0x00007fbff7120000)
 tenured generation   total 3884504K, used 3883796K [0x00007fc4e1b50000, 0x00007fc5cecc6000, 0x00007fcf8c600000)
   the space 3884504K,  99% used [0x00007fc4e1b50000, 0x00007fc5cec15090, 0x00007fc5cec15200, 0x00007fc5cecc6000)
 Metaspace       used 24896K, capacity 25340K, committed 25600K, reserved 26624K
}
Event: 19794.628 GC heap after
{Heap after GC invocations=41461 (full 3):
 def new generation   total 1748096K, used 2613K [0x00007fbf8c600000, 0x00007fc002ec0000, 0x00007fc4e1b50000)
  eden space 1553920K,   0% used [0x00007fbf8c600000, 0x00007fbf8c600000, 0x00007fbfeb380000)
  from space 194176K,   1% used [0x00007fbfeb380000, 0x00007fbfeb60d608, 0x00007fbff7120000)
  to   space 194176K,   0% used [0x00007fbff7120000, 0x00007fbff7120000, 0x00007fc002ec0000)
 tenured generation   total 3884504K, used 3883976K [0x00007fc4e1b50000, 0x00007fc5cecc6000, 0x00007fcf8c600000)
   the space 3884504K,  99% used [0x00007fc4e1b50000, 0x00007fc5cec42048, 0x00007fc5cec42200, 0x00007fc5cecc6000)
 Metaspace       used 24896K, capacity 25340K, committed 25600K, reserved 26624K
}
Event: 19795.472 GC heap before
{Heap before GC invocations=41461 (full 3):
 def new generation   total 1748096K, used 1556533K [0x00007fbf8c600000, 0x00007fc002ec0000, 0x00007fc4e1b50000)
  eden space 1553920K, 100% used [0x00007fbf8c600000, 0x00007fbfeb380000, 0x00007fbfeb380000)
  from space 194176K,   1% used [0x00007fbfeb380000, 0x00007fbfeb60d608, 0x00007fbff7120000)
  to   space 194176K,   0% used [0x00007fbff7120000, 0x00007fbff7120000, 0x00007fc002ec0000)
 tenured generation   total 3884504K, used 3883976K [0x00007fc4e1b50000, 0x00007fc5cecc6000, 0x00007fcf8c600000)
   the space 3884504K,  99% used [0x00007fc4e1b50000, 0x00007fc5cec42048, 0x00007fc5cec42200, 0x00007fc5cecc6000)
 Metaspace       used 24896K, capacity 25340K, committed 25600K, reserved 26624K
}
Event: 19795.476 GC heap after
{Heap after GC invocations=41462 (full 3):
 def new generation   total 1748096K, used 2609K [0x00007fbf8c600000, 0x00007fc002ec0000, 0x00007fc4e1b50000)
  eden space 1553920K,   0% used [0x00007fbf8c600000, 0x00007fbf8c600000, 0x00007fbfeb380000)
  from space 194176K,   1% used [0x00007fbff7120000, 0x00007fbff73ac710, 0x00007fc002ec0000)
  to   space 194176K,   0% used [0x00007fbfeb380000, 0x00007fbfeb380000, 0x00007fbff7120000)
 tenured generation   total 3884504K, used 3884156K [0x00007fc4e1b50000, 0x00007fc5cecc6000, 0x00007fcf8c600000)
   the space 3884504K,  99% used [0x00007fc4e1b50000, 0x00007fc5cec6f000, 0x00007fc5cec6f000, 0x00007fc5cecc6000)
 Metaspace       used 24896K, capacity 25340K, committed 25600K, reserved 26624K
}
Event: 19796.317 GC heap before
{Heap before GC invocations=41462 (full 3):
 def new generation   total 1748096K, used 1556529K [0x00007fbf8c600000, 0x00007fc002ec0000, 0x00007fc4e1b50000)
  eden space 1553920K, 100% used [0x00007fbf8c600000, 0x00007fbfeb380000, 0x00007fbfeb380000)
  from space 194176K,   1% used [0x00007fbff7120000, 0x00007fbff73ac710, 0x00007fc002ec0000)
  to   space 194176K,   0% used [0x00007fbfeb380000, 0x00007fbfeb380000, 0x00007fbff7120000)
 tenured generation   total 3884504K, used 3884156K [0x00007fc4e1b50000, 0x00007fc5cecc6000, 0x00007fcf8c600000)
   the space 3884504K,  99% used [0x00007fc4e1b50000, 0x00007fc5cec6f000, 0x00007fc5cec6f000, 0x00007fc5cecc6000)
 Metaspace       used 24896K, capacity 25340K, committed 25600K, reserved 26624K
}
Event: 19796.320 GC heap after
{Heap after GC invocations=41463 (full 3):
 def new generation   total 1748096K, used 2579K [0x00007fbf8c600000, 0x00007fc002ec0000, 0x00007fc4e1b50000)
  eden space 1553920K,   0% used [0x00007fbf8c600000, 0x00007fbf8c600000, 0x00007fbfeb380000)
  from space 194176K,   1% used [0x00007fbfeb380000, 0x00007fbfeb604fd0, 0x00007fbff7120000)
  to   space 194176K,   0% used [0x00007fbff7120000, 0x00007fbff7120000, 0x00007fc002ec0000)
 tenured generation   total 3884504K, used 3884335K [0x00007fc4e1b50000, 0x00007fc5cecc6000, 0x00007fcf8c600000)
   the space 3884504K,  99% used [0x00007fc4e1b50000, 0x00007fc5cec9bfb8, 0x00007fc5cec9c000, 0x00007fc5cecc6000)
 Metaspace       used 24896K, capacity 25340K, committed 25600K, reserved 26624K
}
Event: 19797.164 GC heap before
{Heap before GC invocations=41463 (full 3):
 def new generation   total 1748096K, used 1556499K [0x00007fbf8c600000, 0x00007fc002ec0000, 0x00007fc4e1b50000)
  eden space 1553920K, 100% used [0x00007fbf8c600000, 0x00007fbfeb380000, 0x00007fbfeb380000)
  from space 194176K,   1% used [0x00007fbfeb380000, 0x00007fbfeb604fd0, 0x00007fbff7120000)
  to   space 194176K,   0% used [0x00007fbff7120000, 0x00007fbff7120000, 0x00007fc002ec0000)
 tenured generation   total 3884504K, used 3884335K [0x00007fc4e1b50000, 0x00007fc5cecc6000, 0x00007fcf8c600000)
   the space 3884504K,  99% used [0x00007fc4e1b50000, 0x00007fc5cec9bfb8, 0x00007fc5cec9c000, 0x00007fc5cecc6000)
 Metaspace       used 24896K, capacity 25340K, committed 25600K, reserved 26624K
}
Event: 19797.167 GC heap after
{Heap after GC invocations=41464 (full 3):
 def new generation   total 1748096K, used 2633K [0x00007fbf8c600000, 0x00007fc002ec0000, 0x00007fc4e1b50000)
  eden space 1553920K,   0% used [0x00007fbf8c600000, 0x00007fbf8c600000, 0x00007fbfeb380000)
  from space 194176K,   1% used [0x00007fbff7120000, 0x00007fbff73b2708, 0x00007fc002ec0000)
  to   space 194176K,   0% used [0x00007fbfeb380000, 0x00007fbfeb380000, 0x00007fbff7120000)
 tenured generation   total 3884504K, used 3884455K [0x00007fc4e1b50000, 0x00007fc5cecc6000, 0x00007fcf8c600000)
   the space 3884504K,  99% used [0x00007fc4e1b50000, 0x00007fc5cecb9f88, 0x00007fc5cecba000, 0x00007fc5cecc6000)
 Metaspace       used 24896K, capacity 25340K, committed 25600K, reserved 26624K
}
Event: 19798.008 GC heap before
{Heap before GC invocations=41464 (full 3):
 def new generation   total 1748096K, used 1556553K [0x00007fbf8c600000, 0x00007fc002ec0000, 0x00007fc4e1b50000)
  eden space 1553920K, 100% used [0x00007fbf8c600000, 0x00007fbfeb380000, 0x00007fbfeb380000)
  from space 194176K,   1% used [0x00007fbff7120000, 0x00007fbff73b2708, 0x00007fc002ec0000)
  to   space 194176K,   0% used [0x00007fbfeb380000, 0x00007fbfeb380000, 0x00007fbff7120000)
 tenured generation   total 3884504K, used 3884455K [0x00007fc4e1b50000, 0x00007fc5cecc6000, 0x00007fcf8c600000)
   the space 3884504K,  99% used [0x00007fc4e1b50000, 0x00007fc5cecb9f88, 0x00007fc5cecba000, 0x00007fc5cecc6000)
 Metaspace       used 24896K, capacity 25340K, committed 25600K, reserved 26624K
}
Event: 19798.010 GC heap after
{Heap after GC invocations=41465 (full 3):
 def new generation   total 1748096K, used 2615K [0x00007fbf8c600000, 0x00007fc002ec0000, 0x00007fc4e1b50000)
  eden space 1553920K,   0% used [0x00007fbf8c600000, 0x00007fbf8c600000, 0x00007fbfeb380000)
  from space 194176K,   1% used [0x00007fbfeb380000, 0x00007fbfeb60dde0, 0x00007fbff7120000)
  to   space 194176K,   0% used [0x00007fbff7120000, 0x00007fbff7120000, 0x00007fc002ec0000)
 tenured generation   total 3884696K, used 3884635K [0x00007fc4e1b50000, 0x00007fc5cecf6000, 0x00007fcf8c600000)
   the space 3884696K,  99% used [0x00007fc4e1b50000, 0x00007fc5cece6f40, 0x00007fc5cece7000, 0x00007fc5cecf6000)
 Metaspace       used 24896K, capacity 25340K, committed 25600K, reserved 26624K
}
Event: 19798.010 GC heap before
{Heap before GC invocations=41465 (full 3):
 def new generation   total 1748096K, used 2615K [0x00007fbf8c600000, 0x00007fc002ec0000, 0x00007fc4e1b50000)
  eden space 1553920K,   0% used [0x00007fbf8c600000, 0x00007fbf8c600000, 0x00007fbfeb380000)
  from space 194176K,   1% used [0x00007fbfeb380000, 0x00007fbfeb60dde0, 0x00007fbff7120000)
  to   space 194176K,   0% used [0x00007fbff7120000, 0x00007fbff7120000, 0x00007fc002ec0000)
 tenured generation   total 3884696K, used 3884635K [0x00007fc4e1b50000, 0x00007fc5cecf6000, 0x00007fcf8c600000)
   the space 3884696K,  99% used [0x00007fc4e1b50000, 0x00007fc5cece6f40, 0x00007fc5cece7000, 0x00007fc5cecf6000)
 Metaspace       used 24896K, capacity 25340K, committed 25600K, reserved 26624K
}

