# JRE version: OpenJDK Runtime Environment (13.0.7+5) (build 13.0.7+5-Ubuntu-0ubuntu120.04)
# Java VM: OpenJDK 64-Bit Server VM (13.0.7+5-Ubuntu-0ubuntu120.04, mixed mode, tiered, serial gc, linux-amd64)
Heap:
 def new generation   total 2875584K, used 13589K [0x00007faaf8600000, 0x00007fabbb630000, 0x00007fb5a30a0000)
  eden space 2556096K,   0% used [0x00007faaf8600000, 0x00007faaf9345680, 0x00007fab94630000)
  from space 319488K,   0% used [0x00007fab94630000, 0x00007fab94630000, 0x00007faba7e30000)
  to   space 319488K,   0% used [0x00007faba7e30000, 0x00007faba7e30000, 0x00007fabbb630000)
 tenured generation   total 6390296K, used 6390295K [0x00007fb5a30a0000, 0x00007fb729126000, 0x00007fcaf8600000)
   the space 6390296K,  99% used [0x00007fb5a30a0000, 0x00007fb729125ff8, 0x00007fb729126000, 0x00007fb729126000)
 Metaspace       used 25243K, capacity 25722K, committed 25856K, reserved 26624K
GC Heap History (20 events):
Event: 23898.212 GC heap after
{Heap after GC invocations=29381 (full 4):
 def new generation   total 2875584K, used 13634K [0x00007faaf8600000, 0x00007fabbb630000, 0x00007fb5a30a0000)
  eden space 2556096K,   0% used [0x00007faaf8600000, 0x00007faaf8600000, 0x00007fab94630000)
  from space 319488K,   4% used [0x00007faba7e30000, 0x00007faba8b80a28, 0x00007fabbb630000)
  to   space 319488K,   0% used [0x00007fab94630000, 0x00007fab94630000, 0x00007faba7e30000)
 tenured generation   total 6390104K, used 6382147K [0x00007fb5a30a0000, 0x00007fb7290f6000, 0x00007fcaf8600000)
   the space 6390104K,  99% used [0x00007fb5a30a0000, 0x00007fb728930cc8, 0x00007fb728930e00, 0x00007fb7290f6000)
 Metaspace       used 25243K, capacity 25722K, committed 25856K, reserved 26624K
}
Event: 23900.143 GC heap before
{Heap before GC invocations=29381 (full 4):
 def new generation   total 2875584K, used 2569730K [0x00007faaf8600000, 0x00007fabbb630000, 0x00007fb5a30a0000)
  eden space 2556096K, 100% used [0x00007faaf8600000, 0x00007fab94630000, 0x00007fab94630000)
  from space 319488K,   4% used [0x00007faba7e30000, 0x00007faba8b80a28, 0x00007fabbb630000)
  to   space 319488K,   0% used [0x00007fab94630000, 0x00007fab94630000, 0x00007faba7e30000)
 tenured generation   total 6390104K, used 6382147K [0x00007fb5a30a0000, 0x00007fb7290f6000, 0x00007fcaf8600000)
   the space 6390104K,  99% used [0x00007fb5a30a0000, 0x00007fb728930cc8, 0x00007fb728930e00, 0x00007fb7290f6000)
 Metaspace       used 25243K, capacity 25722K, committed 25856K, reserved 26624K
}
Event: 23900.162 GC heap after
{Heap after GC invocations=29382 (full 4):
 def new generation   total 2875584K, used 13634K [0x00007faaf8600000, 0x00007fabbb630000, 0x00007fb5a30a0000)
  eden space 2556096K,   0% used [0x00007faaf8600000, 0x00007faaf8600000, 0x00007fab94630000)
  from space 319488K,   4% used [0x00007fab94630000, 0x00007fab95380968, 0x00007faba7e30000)
  to   space 319488K,   0% used [0x00007faba7e30000, 0x00007faba7e30000, 0x00007fabbb630000)
 tenured generation   total 6390104K, used 6383054K [0x00007fb5a30a0000, 0x00007fb7290f6000, 0x00007fcaf8600000)
   the space 6390104K,  99% used [0x00007fb5a30a0000, 0x00007fb728a13968, 0x00007fb728a13a00, 0x00007fb7290f6000)
 Metaspace       used 25243K, capacity 25722K, committed 25856K, reserved 26624K
}
Event: 23902.043 GC heap before
{Heap before GC invocations=29382 (full 4):
 def new generation   total 2875584K, used 2569730K [0x00007faaf8600000, 0x00007fabbb630000, 0x00007fb5a30a0000)
  eden space 2556096K, 100% used [0x00007faaf8600000, 0x00007fab94630000, 0x00007fab94630000)
  from space 319488K,   4% used [0x00007fab94630000, 0x00007fab95380968, 0x00007faba7e30000)
  to   space 319488K,   0% used [0x00007faba7e30000, 0x00007faba7e30000, 0x00007fabbb630000)
 tenured generation   total 6390104K, used 6383054K [0x00007fb5a30a0000, 0x00007fb7290f6000, 0x00007fcaf8600000)
   the space 6390104K,  99% used [0x00007fb5a30a0000, 0x00007fb728a13968, 0x00007fb728a13a00, 0x00007fb7290f6000)
 Metaspace       used 25243K, capacity 25722K, committed 25856K, reserved 26624K
}
Event: 23902.068 GC heap after
{Heap after GC invocations=29383 (full 4):
 def new generation   total 2875584K, used 13643K [0x00007faaf8600000, 0x00007fabbb630000, 0x00007fb5a30a0000)
  eden space 2556096K,   0% used [0x00007faaf8600000, 0x00007faaf8600000, 0x00007fab94630000)
  from space 319488K,   4% used [0x00007faba7e30000, 0x00007faba8b82cd8, 0x00007fabbb630000)
  to   space 319488K,   0% used [0x00007fab94630000, 0x00007fab94630000, 0x00007faba7e30000)
 tenured generation   total 6390104K, used 6383940K [0x00007fb5a30a0000, 0x00007fb7290f6000, 0x00007fcaf8600000)
   the space 6390104K,  99% used [0x00007fb5a30a0000, 0x00007fb728af1390, 0x00007fb728af1400, 0x00007fb7290f6000)
 Metaspace       used 25243K, capacity 25722K, committed 25856K, reserved 26624K
}
Event: 23903.932 GC heap before
{Heap before GC invocations=29383 (full 4):
 def new generation   total 2875584K, used 2569739K [0x00007faaf8600000, 0x00007fabbb630000, 0x00007fb5a30a0000)
  eden space 2556096K, 100% used [0x00007faaf8600000, 0x00007fab94630000, 0x00007fab94630000)
  from space 319488K,   4% used [0x00007faba7e30000, 0x00007faba8b82cd8, 0x00007fabbb630000)
  to   space 319488K,   0% used [0x00007fab94630000, 0x00007fab94630000, 0x00007faba7e30000)
 tenured generation   total 6390104K, used 6383940K [0x00007fb5a30a0000, 0x00007fb7290f6000, 0x00007fcaf8600000)
   the space 6390104K,  99% used [0x00007fb5a30a0000, 0x00007fb728af1390, 0x00007fb728af1400, 0x00007fb7290f6000)
 Metaspace       used 25243K, capacity 25722K, committed 25856K, reserved 26624K
}
Event: 23903.953 GC heap after
{Heap after GC invocations=29384 (full 4):
 def new generation   total 2875584K, used 13635K [0x00007faaf8600000, 0x00007fabbb630000, 0x00007fb5a30a0000)
  eden space 2556096K,   0% used [0x00007faaf8600000, 0x00007faaf8600000, 0x00007fab94630000)
  from space 319488K,   4% used [0x00007fab94630000, 0x00007fab95380de0, 0x00007faba7e30000)
  to   space 319488K,   0% used [0x00007faba7e30000, 0x00007faba7e30000, 0x00007fabbb630000)
 tenured generation   total 6390104K, used 6384848K [0x00007fb5a30a0000, 0x00007fb7290f6000, 0x00007fcaf8600000)
   the space 6390104K,  99% used [0x00007fb5a30a0000, 0x00007fb728bd4030, 0x00007fb728bd4200, 0x00007fb7290f6000)
 Metaspace       used 25243K, capacity 25722K, committed 25856K, reserved 26624K
}
Event: 23905.778 GC heap before
{Heap before GC invocations=29384 (full 4):
 def new generation   total 2875584K, used 2569731K [0x00007faaf8600000, 0x00007fabbb630000, 0x00007fb5a30a0000)
  eden space 2556096K, 100% used [0x00007faaf8600000, 0x00007fab94630000, 0x00007fab94630000)
  from space 319488K,   4% used [0x00007fab94630000, 0x00007fab95380de0, 0x00007faba7e30000)
  to   space 319488K,   0% used [0x00007faba7e30000, 0x00007faba7e30000, 0x00007fabbb630000)
 tenured generation   total 6390104K, used 6384848K [0x00007fb5a30a0000, 0x00007fb7290f6000, 0x00007fcaf8600000)
   the space 6390104K,  99% used [0x00007fb5a30a0000, 0x00007fb728bd4030, 0x00007fb728bd4200, 0x00007fb7290f6000)
 Metaspace       used 25243K, capacity 25722K, committed 25856K, reserved 26624K
}
Event: 23905.799 GC heap after
{Heap after GC invocations=29385 (full 4):
 def new generation   total 2875584K, used 13620K [0x00007faaf8600000, 0x00007fabbb630000, 0x00007fb5a30a0000)
  eden space 2556096K,   0% used [0x00007faaf8600000, 0x00007faaf8600000, 0x00007fab94630000)
  from space 319488K,   4% used [0x00007faba7e30000, 0x00007faba8b7d3f8, 0x00007fabbb630000)
  to   space 319488K,   0% used [0x00007fab94630000, 0x00007fab94630000, 0x00007faba7e30000)
 tenured generation   total 6390104K, used 6385755K [0x00007fb5a30a0000, 0x00007fb7290f6000, 0x00007fcaf8600000)
   the space 6390104K,  99% used [0x00007fb5a30a0000, 0x00007fb728cb6cd0, 0x00007fb728cb6e00, 0x00007fb7290f6000)
 Metaspace       used 25243K, capacity 25722K, committed 25856K, reserved 26624K
}
Event: 23907.651 GC heap before
{Heap before GC invocations=29385 (full 4):
 def new generation   total 2875584K, used 2569716K [0x00007faaf8600000, 0x00007fabbb630000, 0x00007fb5a30a0000)
  eden space 2556096K, 100% used [0x00007faaf8600000, 0x00007fab94630000, 0x00007fab94630000)
  from space 319488K,   4% used [0x00007faba7e30000, 0x00007faba8b7d3f8, 0x00007fabbb630000)
  to   space 319488K,   0% used [0x00007fab94630000, 0x00007fab94630000, 0x00007faba7e30000)
 tenured generation   total 6390104K, used 6385755K [0x00007fb5a30a0000, 0x00007fb7290f6000, 0x00007fcaf8600000)
   the space 6390104K,  99% used [0x00007fb5a30a0000, 0x00007fb728cb6cd0, 0x00007fb728cb6e00, 0x00007fb7290f6000)
 Metaspace       used 25243K, capacity 25722K, committed 25856K, reserved 26624K
}
Event: 23907.675 GC heap after
{Heap after GC invocations=29386 (full 4):
 def new generation   total 2875584K, used 13614K [0x00007faaf8600000, 0x00007fabbb630000, 0x00007fb5a30a0000)
  eden space 2556096K,   0% used [0x00007faaf8600000, 0x00007faaf8600000, 0x00007fab94630000)
  from space 319488K,   4% used [0x00007fab94630000, 0x00007fab9537baa0, 0x00007faba7e30000)
  to   space 319488K,   0% used [0x00007faba7e30000, 0x00007faba7e30000, 0x00007fabbb630000)
 tenured generation   total 6390104K, used 6386662K [0x00007fb5a30a0000, 0x00007fb7290f6000, 0x00007fcaf8600000)
   the space 6390104K,  99% used [0x00007fb5a30a0000, 0x00007fb728d99970, 0x00007fb728d99a00, 0x00007fb7290f6000)
 Metaspace       used 25243K, capacity 25722K, committed 25856K, reserved 26624K
}
Event: 23909.426 GC heap before
{Heap before GC invocations=29386 (full 4):
 def new generation   total 2875584K, used 2569710K [0x00007faaf8600000, 0x00007fabbb630000, 0x00007fb5a30a0000)
  eden space 2556096K, 100% used [0x00007faaf8600000, 0x00007fab94630000, 0x00007fab94630000)
  from space 319488K,   4% used [0x00007fab94630000, 0x00007fab9537baa0, 0x00007faba7e30000)
  to   space 319488K,   0% used [0x00007faba7e30000, 0x00007faba7e30000, 0x00007fabbb630000)
 tenured generation   total 6390104K, used 6386662K [0x00007fb5a30a0000, 0x00007fb7290f6000, 0x00007fcaf8600000)
   the space 6390104K,  99% used [0x00007fb5a30a0000, 0x00007fb728d99970, 0x00007fb728d99a00, 0x00007fb7290f6000)
 Metaspace       used 25243K, capacity 25722K, committed 25856K, reserved 26624K
}
Event: 23909.454 GC heap after
{Heap after GC invocations=29387 (full 4):
 def new generation   total 2875584K, used 13614K [0x00007faaf8600000, 0x00007fabbb630000, 0x00007fb5a30a0000)
  eden space 2556096K,   0% used [0x00007faaf8600000, 0x00007faaf8600000, 0x00007fab94630000)
  from space 319488K,   4% used [0x00007faba7e30000, 0x00007faba8b7b800, 0x00007fabbb630000)
  to   space 319488K,   0% used [0x00007fab94630000, 0x00007fab94630000, 0x00007faba7e30000)
 tenured generation   total 6390104K, used 6387573K [0x00007fb5a30a0000, 0x00007fb7290f6000, 0x00007fcaf8600000)
   the space 6390104K,  99% used [0x00007fb5a30a0000, 0x00007fb728e7d750, 0x00007fb728e7d800, 0x00007fb7290f6000)
 Metaspace       used 25243K, capacity 25722K, committed 25856K, reserved 26624K
}
Event: 23911.159 GC heap before
{Heap before GC invocations=29387 (full 4):
 def new generation   total 2875584K, used 2569710K [0x00007faaf8600000, 0x00007fabbb630000, 0x00007fb5a30a0000)
  eden space 2556096K, 100% used [0x00007faaf8600000, 0x00007fab94630000, 0x00007fab94630000)
  from space 319488K,   4% used [0x00007faba7e30000, 0x00007faba8b7b800, 0x00007fabbb630000)
  to   space 319488K,   0% used [0x00007fab94630000, 0x00007fab94630000, 0x00007faba7e30000)
 tenured generation   total 6390104K, used 6387573K [0x00007fb5a30a0000, 0x00007fb7290f6000, 0x00007fcaf8600000)
   the space 6390104K,  99% used [0x00007fb5a30a0000, 0x00007fb728e7d750, 0x00007fb728e7d800, 0x00007fb7290f6000)
 Metaspace       used 25243K, capacity 25722K, committed 25856K, reserved 26624K
}
Event: 23911.188 GC heap after
{Heap after GC invocations=29388 (full 4):
 def new generation   total 2875584K, used 13618K [0x00007faaf8600000, 0x00007fabbb630000, 0x00007fb5a30a0000)
  eden space 2556096K,   0% used [0x00007faaf8600000, 0x00007faaf8600000, 0x00007fab94630000)
  from space 319488K,   4% used [0x00007fab94630000, 0x00007fab9537c978, 0x00007faba7e30000)
  to   space 319488K,   0% used [0x00007faba7e30000, 0x00007faba7e30000, 0x00007fabbb630000)
 tenured generation   total 6390104K, used 6388480K [0x00007fb5a30a0000, 0x00007fb7290f6000, 0x00007fcaf8600000)
   the space 6390104K,  99% used [0x00007fb5a30a0000, 0x00007fb728f603f0, 0x00007fb728f60400, 0x00007fb7290f6000)
 Metaspace       used 25243K, capacity 25722K, committed 25856K, reserved 26624K
}
Event: 23912.987 GC heap before
{Heap before GC invocations=29388 (full 4):
 def new generation   total 2875584K, used 2569714K [0x00007faaf8600000, 0x00007fabbb630000, 0x00007fb5a30a0000)
  eden space 2556096K, 100% used [0x00007faaf8600000, 0x00007fab94630000, 0x00007fab94630000)
  from space 319488K,   4% used [0x00007fab94630000, 0x00007fab9537c978, 0x00007faba7e30000)
  to   space 319488K,   0% used [0x00007faba7e30000, 0x00007faba7e30000, 0x00007fabbb630000)
 tenured generation   total 6390104K, used 6388480K [0x00007fb5a30a0000, 0x00007fb7290f6000, 0x00007fcaf8600000)
   the space 6390104K,  99% used [0x00007fb5a30a0000, 0x00007fb728f603f0, 0x00007fb728f60400, 0x00007fb7290f6000)
 Metaspace       used 25243K, capacity 25722K, committed 25856K, reserved 26624K
}
Event: 23913.009 GC heap after
{Heap after GC invocations=29389 (full 4):
 def new generation   total 2875584K, used 13616K [0x00007faaf8600000, 0x00007fabbb630000, 0x00007fb5a30a0000)
  eden space 2556096K,   0% used [0x00007faaf8600000, 0x00007faaf8600000, 0x00007fab94630000)
  from space 319488K,   4% used [0x00007faba7e30000, 0x00007faba8b7c180, 0x00007fabbb630000)
  to   space 319488K,   0% used [0x00007fab94630000, 0x00007fab94630000, 0x00007faba7e30000)
 tenured generation   total 6390104K, used 6389367K [0x00007fb5a30a0000, 0x00007fb7290f6000, 0x00007fcaf8600000)
   the space 6390104K,  99% used [0x00007fb5a30a0000, 0x00007fb72903de18, 0x00007fb72903e000, 0x00007fb7290f6000)
 Metaspace       used 25243K, capacity 25722K, committed 25856K, reserved 26624K
}
Event: 23914.744 GC heap before
{Heap before GC invocations=29389 (full 4):
 def new generation   total 2875584K, used 2569712K [0x00007faaf8600000, 0x00007fabbb630000, 0x00007fb5a30a0000)
  eden space 2556096K, 100% used [0x00007faaf8600000, 0x00007fab94630000, 0x00007fab94630000)
  from space 319488K,   4% used [0x00007faba7e30000, 0x00007faba8b7c180, 0x00007fabbb630000)
  to   space 319488K,   0% used [0x00007fab94630000, 0x00007fab94630000, 0x00007faba7e30000)
 tenured generation   total 6390104K, used 6389367K [0x00007fb5a30a0000, 0x00007fb7290f6000, 0x00007fcaf8600000)
   the space 6390104K,  99% used [0x00007fb5a30a0000, 0x00007fb72903de18, 0x00007fb72903e000, 0x00007fb7290f6000)
 Metaspace       used 25243K, capacity 25722K, committed 25856K, reserved 26624K
}
Event: 23914.767 GC heap after
{Heap after GC invocations=29390 (full 4):
 def new generation   total 2875584K, used 13632K [0x00007faaf8600000, 0x00007fabbb630000, 0x00007fb5a30a0000)
  eden space 2556096K,   0% used [0x00007faaf8600000, 0x00007faaf8600000, 0x00007fab94630000)
  from space 319488K,   4% used [0x00007fab94630000, 0x00007fab95380020, 0x00007faba7e30000)
  to   space 319488K,   0% used [0x00007faba7e30000, 0x00007faba7e30000, 0x00007fabbb630000)
 tenured generation   total 6390296K, used 6390253K [0x00007fb5a30a0000, 0x00007fb729126000, 0x00007fcaf8600000)
   the space 6390296K,  99% used [0x00007fb5a30a0000, 0x00007fb72911b658, 0x00007fb72911b800, 0x00007fb729126000)
 Metaspace       used 25243K, capacity 25722K, committed 25856K, reserved 26624K
}
Event: 23914.767 GC heap before
{Heap before GC invocations=29390 (full 4):
 def new generation   total 2875584K, used 13632K [0x00007faaf8600000, 0x00007fabbb630000, 0x00007fb5a30a0000)
  eden space 2556096K,   0% used [0x00007faaf8600000, 0x00007faaf8600000, 0x00007fab94630000)
  from space 319488K,   4% used [0x00007fab94630000, 0x00007fab95380020, 0x00007faba7e30000)
  to   space 319488K,   0% used [0x00007faba7e30000, 0x00007faba7e30000, 0x00007fabbb630000)
 tenured generation   total 6390296K, used 6390253K [0x00007fb5a30a0000, 0x00007fb729126000, 0x00007fcaf8600000)
   the space 6390296K,  99% used [0x00007fb5a30a0000, 0x00007fb72911b658, 0x00007fb72911b800, 0x00007fb729126000)
 Metaspace       used 25243K, capacity 25722K, committed 25856K, reserved 26624K
}

