# JRE version: OpenJDK Runtime Environment (13.0.7+5) (build 13.0.7+5-Ubuntu-0ubuntu120.04)
# Java VM: OpenJDK 64-Bit Server VM (13.0.7+5-Ubuntu-0ubuntu120.04, mixed mode, tiered, serial gc, linux-amd64)
Heap:
 def new generation   total 3198528K, used 349933K [0x00007f78ac600000, 0x00007f79854a0000, 0x00007f7e01b50000)
  eden space 2843136K,  12% used [0x00007f78ac600000, 0x00007f78c1bbb728, 0x00007f7959e80000)
  from space 355392K,   0% used [0x00007f7959e80000, 0x00007f7959e80000, 0x00007f796f990000)
  to   space 355392K,   0% used [0x00007f796f990000, 0x00007f796f990000, 0x00007f79854a0000)
 tenured generation   total 7367320K, used 7367319K [0x00007f7e01b50000, 0x00007f7fc35f6000, 0x00007f88ac600000)
   the space 7367320K,  99% used [0x00007f7e01b50000, 0x00007f7fc35f5e18, 0x00007f7fc35f6000, 0x00007f7fc35f6000)
 Metaspace       used 31695K, capacity 32189K, committed 32512K, reserved 32768K
GC Heap History (20 events):
Event: 8.106 GC heap after
{Heap after GC invocations=3 (full 1):
 def new generation   total 629248K, used 69887K [0x00007f78ac600000, 0x00007f78d70c0000, 0x00007f7e01b50000)
  eden space 559360K,   0% used [0x00007f78ac600000, 0x00007f78ac600000, 0x00007f78ce840000)
  from space 69888K,  99% used [0x00007f78ce840000, 0x00007f78d2c7ff08, 0x00007f78d2c80000)
  to   space 69888K,   0% used [0x00007f78d2c80000, 0x00007f78d2c80000, 0x00007f78d70c0000)
 tenured generation   total 1398144K, used 517877K [0x00007f7e01b50000, 0x00007f7e570b0000, 0x00007f88ac600000)
   the space 1398144K,  37% used [0x00007f7e01b50000, 0x00007f7e2150d718, 0x00007f7e2150d800, 0x00007f7e570b0000)
 Metaspace       used 31692K, capacity 32189K, committed 32512K, reserved 32768K
}
Event: 8.749 GC heap before
{Heap before GC invocations=3 (full 1):
 def new generation   total 629248K, used 629247K [0x00007f78ac600000, 0x00007f78d70c0000, 0x00007f7e01b50000)
  eden space 559360K, 100% used [0x00007f78ac600000, 0x00007f78ce840000, 0x00007f78ce840000)
  from space 69888K,  99% used [0x00007f78ce840000, 0x00007f78d2c7ff08, 0x00007f78d2c80000)
  to   space 69888K,   0% used [0x00007f78d2c80000, 0x00007f78d2c80000, 0x00007f78d70c0000)
 tenured generation   total 1398144K, used 517877K [0x00007f7e01b50000, 0x00007f7e570b0000, 0x00007f88ac600000)
   the space 1398144K,  37% used [0x00007f7e01b50000, 0x00007f7e2150d718, 0x00007f7e2150d800, 0x00007f7e570b0000)
 Metaspace       used 31692K, capacity 32189K, committed 32512K, reserved 32768K
}
Event: 9.062 GC heap after
{Heap after GC invocations=4 (full 1):
 def new generation   total 629248K, used 69887K [0x00007f78ac600000, 0x00007f78d70c0000, 0x00007f7e01b50000)
  eden space 559360K,   0% used [0x00007f78ac600000, 0x00007f78ac600000, 0x00007f78ce840000)
  from space 69888K,  99% used [0x00007f78d2c80000, 0x00007f78d70bfdd0, 0x00007f78d70c0000)
  to   space 69888K,   0% used [0x00007f78ce840000, 0x00007f78ce840000, 0x00007f78d2c80000)
 tenured generation   total 1398144K, used 892858K [0x00007f7e01b50000, 0x00007f7e570b0000, 0x00007f88ac600000)
   the space 1398144K,  63% used [0x00007f7e01b50000, 0x00007f7e3833eba8, 0x00007f7e3833ec00, 0x00007f7e570b0000)
 Metaspace       used 31692K, capacity 32189K, committed 32512K, reserved 32768K
}
Event: 9.519 GC heap before
{Heap before GC invocations=4 (full 1):
 def new generation   total 629248K, used 629247K [0x00007f78ac600000, 0x00007f78d70c0000, 0x00007f7e01b50000)
  eden space 559360K, 100% used [0x00007f78ac600000, 0x00007f78ce840000, 0x00007f78ce840000)
  from space 69888K,  99% used [0x00007f78d2c80000, 0x00007f78d70bfdd0, 0x00007f78d70c0000)
  to   space 69888K,   0% used [0x00007f78ce840000, 0x00007f78ce840000, 0x00007f78d2c80000)
 tenured generation   total 1398144K, used 892858K [0x00007f7e01b50000, 0x00007f7e570b0000, 0x00007f88ac600000)
   the space 1398144K,  63% used [0x00007f7e01b50000, 0x00007f7e3833eba8, 0x00007f7e3833ec00, 0x00007f7e570b0000)
 Metaspace       used 31692K, capacity 32189K, committed 32512K, reserved 32768K
}
Event: 9.878 GC heap after
{Heap after GC invocations=5 (full 1):
 def new generation   total 629248K, used 69887K [0x00007f78ac600000, 0x00007f78d70c0000, 0x00007f7e01b50000)
  eden space 559360K,   0% used [0x00007f78ac600000, 0x00007f78ac600000, 0x00007f78ce840000)
  from space 69888K,  99% used [0x00007f78ce840000, 0x00007f78d2c7fe00, 0x00007f78d2c80000)
  to   space 69888K,   0% used [0x00007f78d2c80000, 0x00007f78d2c80000, 0x00007f78d70c0000)
 tenured generation   total 1398144K, used 1341566K [0x00007f7e01b50000, 0x00007f7e570b0000, 0x00007f88ac600000)
   the space 1398144K,  95% used [0x00007f7e01b50000, 0x00007f7e5396f890, 0x00007f7e5396fa00, 0x00007f7e570b0000)
 Metaspace       used 31692K, capacity 32189K, committed 32512K, reserved 32768K
}
Event: 10.035 GC heap before
{Heap before GC invocations=5 (full 1):
 def new generation   total 629248K, used 629247K [0x00007f78ac600000, 0x00007f78d70c0000, 0x00007f7e01b50000)
  eden space 559360K, 100% used [0x00007f78ac600000, 0x00007f78ce840000, 0x00007f78ce840000)
  from space 69888K,  99% used [0x00007f78ce840000, 0x00007f78d2c7fe00, 0x00007f78d2c80000)
  to   space 69888K,   0% used [0x00007f78d2c80000, 0x00007f78d2c80000, 0x00007f78d70c0000)
 tenured generation   total 1398144K, used 1341566K [0x00007f7e01b50000, 0x00007f7e570b0000, 0x00007f88ac600000)
   the space 1398144K,  95% used [0x00007f7e01b50000, 0x00007f7e5396f890, 0x00007f7e5396fa00, 0x00007f7e570b0000)
 Metaspace       used 31692K, capacity 32189K, committed 32512K, reserved 32768K
}
Event: 10.676 GC heap after
{Heap after GC invocations=6 (full 1):
 def new generation   total 629248K, used 69887K [0x00007f78ac600000, 0x00007f78d70c0000, 0x00007f7e01b50000)
  eden space 559360K,   0% used [0x00007f78ac600000, 0x00007f78ac600000, 0x00007f78ce840000)
  from space 69888K,  99% used [0x00007f78d2c80000, 0x00007f78d70bfde8, 0x00007f78d70c0000)
  to   space 69888K,   0% used [0x00007f78ce840000, 0x00007f78ce840000, 0x00007f78d2c80000)
 tenured generation   total 1900992K, used 1900859K [0x00007f7e01b50000, 0x00007f7e75bc0000, 0x00007f88ac600000)
   the space 1900992K,  99% used [0x00007f7e01b50000, 0x00007f7e75b9eda0, 0x00007f7e75b9ee00, 0x00007f7e75bc0000)
 Metaspace       used 31692K, capacity 32189K, committed 32512K, reserved 32768K
}
Event: 10.676 GC heap before
{Heap before GC invocations=6 (full 1):
 def new generation   total 629248K, used 69887K [0x00007f78ac600000, 0x00007f78d70c0000, 0x00007f7e01b50000)
  eden space 559360K,   0% used [0x00007f78ac600000, 0x00007f78ac600000, 0x00007f78ce840000)
  from space 69888K,  99% used [0x00007f78d2c80000, 0x00007f78d70bfde8, 0x00007f78d70c0000)
  to   space 69888K,   0% used [0x00007f78ce840000, 0x00007f78ce840000, 0x00007f78d2c80000)
 tenured generation   total 1900992K, used 1900859K [0x00007f7e01b50000, 0x00007f7e75bc0000, 0x00007f88ac600000)
   the space 1900992K,  99% used [0x00007f7e01b50000, 0x00007f7e75b9eda0, 0x00007f7e75b9ee00, 0x00007f7e75bc0000)
 Metaspace       used 31692K, capacity 32189K, committed 32512K, reserved 32768K
}
Event: 11.244 GC heap after
{Heap after GC invocations=6 (full 2):
 def new generation   total 1425792K, used 69755K [0x00007f78ac600000, 0x00007f790d110000, 0x00007f7e01b50000)
  eden space 1267392K,   5% used [0x00007f78ac600000, 0x00007f78b0a1edd0, 0x00007f78f9bb0000)
  from space 158400K,   0% used [0x00007f78f9bb0000, 0x00007f78f9bb0000, 0x00007f7903660000)
  to   space 158400K,   0% used [0x00007f7903660000, 0x00007f7903660000, 0x00007f790d110000)
 tenured generation   total 3168320K, used 1900991K [0x00007f7e01b50000, 0x00007f7ec3160000, 0x00007f88ac600000)
   the space 3168320K,  59% used [0x00007f7e01b50000, 0x00007f7e75bbfdb8, 0x00007f7e75bbfe00, 0x00007f7ec3160000)
 Metaspace       used 31692K, capacity 32189K, committed 32512K, reserved 32768K
}
Event: 11.593 GC heap before
{Heap before GC invocations=6 (full 2):
 def new generation   total 1425792K, used 1267392K [0x00007f78ac600000, 0x00007f790d110000, 0x00007f7e01b50000)
  eden space 1267392K, 100% used [0x00007f78ac600000, 0x00007f78f9bb0000, 0x00007f78f9bb0000)
  from space 158400K,   0% used [0x00007f78f9bb0000, 0x00007f78f9bb0000, 0x00007f7903660000)
  to   space 158400K,   0% used [0x00007f7903660000, 0x00007f7903660000, 0x00007f790d110000)
 tenured generation   total 3168320K, used 1900991K [0x00007f7e01b50000, 0x00007f7ec3160000, 0x00007f88ac600000)
   the space 3168320K,  59% used [0x00007f7e01b50000, 0x00007f7e75bbfdb8, 0x00007f7e75bbfe00, 0x00007f7ec3160000)
 Metaspace       used 31695K, capacity 32189K, committed 32512K, reserved 32768K
}
Event: 12.870 GC heap after
{Heap after GC invocations=7 (full 2):
 def new generation   total 1425792K, used 158399K [0x00007f78ac600000, 0x00007f790d110000, 0x00007f7e01b50000)
  eden space 1267392K,   0% used [0x00007f78ac600000, 0x00007f78ac600000, 0x00007f78f9bb0000)
  from space 158400K,  99% used [0x00007f7903660000, 0x00007f790d10fe30, 0x00007f790d110000)
  to   space 158400K,   0% used [0x00007f78f9bb0000, 0x00007f78f9bb0000, 0x00007f7903660000)
 tenured generation   total 3168320K, used 2997272K [0x00007f7e01b50000, 0x00007f7ec3160000, 0x00007f88ac600000)
   the space 3168320K,  94% used [0x00007f7e01b50000, 0x00007f7eb8a56060, 0x00007f7eb8a56200, 0x00007f7ec3160000)
 Metaspace       used 31695K, capacity 32189K, committed 32512K, reserved 32768K
}
Event: 13.281 GC heap before
{Heap before GC invocations=7 (full 2):
 def new generation   total 1425792K, used 1425791K [0x00007f78ac600000, 0x00007f790d110000, 0x00007f7e01b50000)
  eden space 1267392K, 100% used [0x00007f78ac600000, 0x00007f78f9bb0000, 0x00007f78f9bb0000)
  from space 158400K,  99% used [0x00007f7903660000, 0x00007f790d10fe30, 0x00007f790d110000)
  to   space 158400K,   0% used [0x00007f78f9bb0000, 0x00007f78f9bb0000, 0x00007f7903660000)
 tenured generation   total 3168320K, used 2997272K [0x00007f7e01b50000, 0x00007f7ec3160000, 0x00007f88ac600000)
   the space 3168320K,  94% used [0x00007f7e01b50000, 0x00007f7eb8a56060, 0x00007f7eb8a56200, 0x00007f7ec3160000)
 Metaspace       used 31695K, capacity 32189K, committed 32512K, reserved 32768K
}
Event: 14.732 GC heap after
{Heap after GC invocations=8 (full 2):
 def new generation   total 1425792K, used 158399K [0x00007f78ac600000, 0x00007f790d110000, 0x00007f7e01b50000)
  eden space 1267392K,   0% used [0x00007f78ac600000, 0x00007f78ac600000, 0x00007f78f9bb0000)
  from space 158400K,  99% used [0x00007f78f9bb0000, 0x00007f790365fde0, 0x00007f7903660000)
  to   space 158400K,   0% used [0x00007f7903660000, 0x00007f7903660000, 0x00007f790d110000)
 tenured generation   total 4264640K, used 4264612K [0x00007f7e01b50000, 0x00007f7f06000000, 0x00007f88ac600000)
   the space 4264640K,  99% used [0x00007f7e01b50000, 0x00007f7f05ff90e8, 0x00007f7f05ff9200, 0x00007f7f06000000)
 Metaspace       used 31695K, capacity 32189K, committed 32512K, reserved 32768K
}
Event: 14.732 GC heap before
{Heap before GC invocations=8 (full 2):
 def new generation   total 1425792K, used 158399K [0x00007f78ac600000, 0x00007f790d110000, 0x00007f7e01b50000)
  eden space 1267392K,   0% used [0x00007f78ac600000, 0x00007f78ac600000, 0x00007f78f9bb0000)
  from space 158400K,  99% used [0x00007f78f9bb0000, 0x00007f790365fde0, 0x00007f7903660000)
  to   space 158400K,   0% used [0x00007f7903660000, 0x00007f7903660000, 0x00007f790d110000)
 tenured generation   total 4264640K, used 4264612K [0x00007f7e01b50000, 0x00007f7f06000000, 0x00007f88ac600000)
   the space 4264640K,  99% used [0x00007f7e01b50000, 0x00007f7f05ff90e8, 0x00007f7f05ff9200, 0x00007f7f06000000)
 Metaspace       used 31695K, capacity 32189K, committed 32512K, reserved 32768K
}
Event: 16.226 GC heap after
{Heap after GC invocations=8 (full 3):
 def new generation   total 3198528K, used 158371K [0x00007f78ac600000, 0x00007f79854a0000, 0x00007f7e01b50000)
  eden space 2843136K,   5% used [0x00007f78ac600000, 0x00007f78b60a8f58, 0x00007f7959e80000)
  from space 355392K,   0% used [0x00007f7959e80000, 0x00007f7959e80000, 0x00007f796f990000)
  to   space 355392K,   0% used [0x00007f796f990000, 0x00007f796f990000, 0x00007f79854a0000)
 tenured generation   total 7107736K, used 4264639K [0x00007f7e01b50000, 0x00007f7fb3876000, 0x00007f88ac600000)
   the space 7107736K,  59% used [0x00007f7e01b50000, 0x00007f7f05ffff70, 0x00007f7f06000000, 0x00007f7fb3876000)
 Metaspace       used 31695K, capacity 32189K, committed 32512K, reserved 32768K
}
Event: 17.421 GC heap before
{Heap before GC invocations=8 (full 3):
 def new generation   total 3198528K, used 2843136K [0x00007f78ac600000, 0x00007f79854a0000, 0x00007f7e01b50000)
  eden space 2843136K, 100% used [0x00007f78ac600000, 0x00007f7959e80000, 0x00007f7959e80000)
  from space 355392K,   0% used [0x00007f7959e80000, 0x00007f7959e80000, 0x00007f796f990000)
  to   space 355392K,   0% used [0x00007f796f990000, 0x00007f796f990000, 0x00007f79854a0000)
 tenured generation   total 7107736K, used 4264639K [0x00007f7e01b50000, 0x00007f7fb3876000, 0x00007f88ac600000)
   the space 7107736K,  59% used [0x00007f7e01b50000, 0x00007f7f05ffff70, 0x00007f7f06000000, 0x00007f7fb3876000)
 Metaspace       used 31695K, capacity 32189K, committed 32512K, reserved 32768K
}
Event: 20.803 GC heap after
{Heap after GC invocations=9 (full 3):
 def new generation   total 3198528K, used 355391K [0x00007f78ac600000, 0x00007f79854a0000, 0x00007f7e01b50000)
  eden space 2843136K,   0% used [0x00007f78ac600000, 0x00007f78ac600000, 0x00007f7959e80000)
  from space 355392K,  99% used [0x00007f796f990000, 0x00007f798549fef8, 0x00007f79854a0000)
  to   space 355392K,   0% used [0x00007f7959e80000, 0x00007f7959e80000, 0x00007f796f990000)
 tenured generation   total 7107736K, used 6752332K [0x00007f7e01b50000, 0x00007f7fb3876000, 0x00007f88ac600000)
   the space 7107736K,  94% used [0x00007f7e01b50000, 0x00007f7f9dd633b8, 0x00007f7f9dd63400, 0x00007f7fb3876000)
 Metaspace       used 31695K, capacity 32189K, committed 32512K, reserved 32768K
}
Event: 32.284 GC heap before
{Heap before GC invocations=9 (full 3):
 def new generation   total 3198528K, used 3198527K [0x00007f78ac600000, 0x00007f79854a0000, 0x00007f7e01b50000)
  eden space 2843136K, 100% used [0x00007f78ac600000, 0x00007f7959e80000, 0x00007f7959e80000)
  from space 355392K,  99% used [0x00007f796f990000, 0x00007f798549fef8, 0x00007f79854a0000)
  to   space 355392K,   0% used [0x00007f7959e80000, 0x00007f7959e80000, 0x00007f796f990000)
 tenured generation   total 7107736K, used 6752332K [0x00007f7e01b50000, 0x00007f7fb3876000, 0x00007f88ac600000)
   the space 7107736K,  94% used [0x00007f7e01b50000, 0x00007f7f9dd633b8, 0x00007f7f9dd63400, 0x00007f7fb3876000)
 Metaspace       used 31695K, capacity 32189K, committed 32512K, reserved 32768K
}
Event: 33.266 GC heap after
{Heap after GC invocations=10 (full 3):
 def new generation   total 3198528K, used 355391K [0x00007f78ac600000, 0x00007f79854a0000, 0x00007f7e01b50000)
  eden space 2843136K,   0% used [0x00007f78ac600000, 0x00007f78ac600000, 0x00007f7959e80000)
  from space 355392K,  99% used [0x00007f7959e80000, 0x00007f796f98ff80, 0x00007f796f990000)
  to   space 355392K,   0% used [0x00007f796f990000, 0x00007f796f990000, 0x00007f79854a0000)
 tenured generation   total 7367320K, used 7367304K [0x00007f7e01b50000, 0x00007f7fc35f6000, 0x00007f88ac600000)
   the space 7367320K,  99% used [0x00007f7e01b50000, 0x00007f7fc35f20f8, 0x00007f7fc35f2200, 0x00007f7fc35f6000)
 Metaspace       used 31695K, capacity 32189K, committed 32512K, reserved 32768K
}
Event: 33.266 GC heap before
{Heap before GC invocations=10 (full 3):
 def new generation   total 3198528K, used 355391K [0x00007f78ac600000, 0x00007f79854a0000, 0x00007f7e01b50000)
  eden space 2843136K,   0% used [0x00007f78ac600000, 0x00007f78ac600000, 0x00007f7959e80000)
  from space 355392K,  99% used [0x00007f7959e80000, 0x00007f796f98ff80, 0x00007f796f990000)
  to   space 355392K,   0% used [0x00007f796f990000, 0x00007f796f990000, 0x00007f79854a0000)
 tenured generation   total 7367320K, used 7367304K [0x00007f7e01b50000, 0x00007f7fc35f6000, 0x00007f88ac600000)
   the space 7367320K,  99% used [0x00007f7e01b50000, 0x00007f7fc35f20f8, 0x00007f7fc35f2200, 0x00007f7fc35f6000)
 Metaspace       used 31695K, capacity 32189K, committed 32512K, reserved 32768K
}

