# JRE version: OpenJDK Runtime Environment (13.0.7+5) (build 13.0.7+5-Ubuntu-0ubuntu120.04)
# Java VM: OpenJDK 64-Bit Server VM (13.0.7+5-Ubuntu-0ubuntu120.04, mixed mode, tiered, serial gc, linux-amd64)
Heap:
 def new generation   total 1749952K, used 50505K [0x00007f06e4600000, 0x00007f075b0d0000, 0x00007f0c39b50000)
  eden space 1555520K,   3% used [0x00007f06e4600000, 0x00007f06e7752510, 0x00007f0743510000)
  from space 194432K,   0% used [0x00007f0743510000, 0x00007f0743510000, 0x00007f074f2f0000)
  to   space 194432K,   0% used [0x00007f074f2f0000, 0x00007f074f2f0000, 0x00007f075b0d0000)
 tenured generation   total 3891628K, used 3891627K [0x00007f0c39b50000, 0x00007f0d273bb000, 0x00007f16e4600000)
   the space 3891628K,  99% used [0x00007f0c39b50000, 0x00007f0d273baff8, 0x00007f0d273bb000, 0x00007f0d273bb000)
 Metaspace       used 24871K, capacity 25334K, committed 25344K, reserved 26624K
GC Heap History (20 events):
Event: 1497.229 GC heap after
{Heap after GC invocations=1714 (full 3):
 def new generation   total 1749952K, used 61736K [0x00007f06e4600000, 0x00007f075b0d0000, 0x00007f0c39b50000)
  eden space 1555520K,   0% used [0x00007f06e4600000, 0x00007f06e4600000, 0x00007f0743510000)
  from space 194432K,  31% used [0x00007f074f2f0000, 0x00007f0752f3a230, 0x00007f075b0d0000)
  to   space 194432K,   0% used [0x00007f0743510000, 0x00007f0743510000, 0x00007f074f2f0000)
 tenured generation   total 3888748K, used 3854440K [0x00007f0c39b50000, 0x00007f0d270eb000, 0x00007f16e4600000)
   the space 3888748K,  99% used [0x00007f0c39b50000, 0x00007f0d24f6a0a0, 0x00007f0d24f6a200, 0x00007f0d270eb000)
 Metaspace       used 24871K, capacity 25334K, committed 25344K, reserved 26624K
}
Event: 1498.632 GC heap before
{Heap before GC invocations=1714 (full 3):
 def new generation   total 1749952K, used 1617256K [0x00007f06e4600000, 0x00007f075b0d0000, 0x00007f0c39b50000)
  eden space 1555520K, 100% used [0x00007f06e4600000, 0x00007f0743510000, 0x00007f0743510000)
  from space 194432K,  31% used [0x00007f074f2f0000, 0x00007f0752f3a230, 0x00007f075b0d0000)
  to   space 194432K,   0% used [0x00007f0743510000, 0x00007f0743510000, 0x00007f074f2f0000)
 tenured generation   total 3888748K, used 3854440K [0x00007f0c39b50000, 0x00007f0d270eb000, 0x00007f16e4600000)
   the space 3888748K,  99% used [0x00007f0c39b50000, 0x00007f0d24f6a0a0, 0x00007f0d24f6a200, 0x00007f0d270eb000)
 Metaspace       used 24871K, capacity 25334K, committed 25344K, reserved 26624K
}
Event: 1498.729 GC heap after
{Heap after GC invocations=1715 (full 3):
 def new generation   total 1749952K, used 61726K [0x00007f06e4600000, 0x00007f075b0d0000, 0x00007f0c39b50000)
  eden space 1555520K,   0% used [0x00007f06e4600000, 0x00007f06e4600000, 0x00007f0743510000)
  from space 194432K,  31% used [0x00007f0743510000, 0x00007f0747157b60, 0x00007f074f2f0000)
  to   space 194432K,   0% used [0x00007f074f2f0000, 0x00007f074f2f0000, 0x00007f075b0d0000)
 tenured generation   total 3888748K, used 3858583K [0x00007f0c39b50000, 0x00007f0d270eb000, 0x00007f16e4600000)
   the space 3888748K,  99% used [0x00007f0c39b50000, 0x00007f0d25375e18, 0x00007f0d25376000, 0x00007f0d270eb000)
 Metaspace       used 24871K, capacity 25334K, committed 25344K, reserved 26624K
}
Event: 1500.118 GC heap before
{Heap before GC invocations=1715 (full 3):
 def new generation   total 1749952K, used 1617246K [0x00007f06e4600000, 0x00007f075b0d0000, 0x00007f0c39b50000)
  eden space 1555520K, 100% used [0x00007f06e4600000, 0x00007f0743510000, 0x00007f0743510000)
  from space 194432K,  31% used [0x00007f0743510000, 0x00007f0747157b60, 0x00007f074f2f0000)
  to   space 194432K,   0% used [0x00007f074f2f0000, 0x00007f074f2f0000, 0x00007f075b0d0000)
 tenured generation   total 3888748K, used 3858583K [0x00007f0c39b50000, 0x00007f0d270eb000, 0x00007f16e4600000)
   the space 3888748K,  99% used [0x00007f0c39b50000, 0x00007f0d25375e18, 0x00007f0d25376000, 0x00007f0d270eb000)
 Metaspace       used 24871K, capacity 25334K, committed 25344K, reserved 26624K
}
Event: 1500.231 GC heap after
{Heap after GC invocations=1716 (full 3):
 def new generation   total 1749952K, used 61715K [0x00007f06e4600000, 0x00007f075b0d0000, 0x00007f0c39b50000)
  eden space 1555520K,   0% used [0x00007f06e4600000, 0x00007f06e4600000, 0x00007f0743510000)
  from space 194432K,  31% used [0x00007f074f2f0000, 0x00007f0752f34d40, 0x00007f075b0d0000)
  to   space 194432K,   0% used [0x00007f0743510000, 0x00007f0743510000, 0x00007f074f2f0000)
 tenured generation   total 3888748K, used 3862680K [0x00007f0c39b50000, 0x00007f0d270eb000, 0x00007f16e4600000)
   the space 3888748K,  99% used [0x00007f0c39b50000, 0x00007f0d25776308, 0x00007f0d25776400, 0x00007f0d270eb000)
 Metaspace       used 24871K, capacity 25334K, committed 25344K, reserved 26624K
}
Event: 1501.607 GC heap before
{Heap before GC invocations=1716 (full 3):
 def new generation   total 1749952K, used 1617235K [0x00007f06e4600000, 0x00007f075b0d0000, 0x00007f0c39b50000)
  eden space 1555520K, 100% used [0x00007f06e4600000, 0x00007f0743510000, 0x00007f0743510000)
  from space 194432K,  31% used [0x00007f074f2f0000, 0x00007f0752f34d40, 0x00007f075b0d0000)
  to   space 194432K,   0% used [0x00007f0743510000, 0x00007f0743510000, 0x00007f074f2f0000)
 tenured generation   total 3888748K, used 3862680K [0x00007f0c39b50000, 0x00007f0d270eb000, 0x00007f16e4600000)
   the space 3888748K,  99% used [0x00007f0c39b50000, 0x00007f0d25776308, 0x00007f0d25776400, 0x00007f0d270eb000)
 Metaspace       used 24871K, capacity 25334K, committed 25344K, reserved 26624K
}
Event: 1501.707 GC heap after
{Heap after GC invocations=1717 (full 3):
 def new generation   total 1749952K, used 61628K [0x00007f06e4600000, 0x00007f075b0d0000, 0x00007f0c39b50000)
  eden space 1555520K,   0% used [0x00007f06e4600000, 0x00007f06e4600000, 0x00007f0743510000)
  from space 194432K,  31% used [0x00007f0743510000, 0x00007f074713f2e0, 0x00007f074f2f0000)
  to   space 194432K,   0% used [0x00007f074f2f0000, 0x00007f074f2f0000, 0x00007f075b0d0000)
 tenured generation   total 3888748K, used 3866823K [0x00007f0c39b50000, 0x00007f0d270eb000, 0x00007f16e4600000)
   the space 3888748K,  99% used [0x00007f0c39b50000, 0x00007f0d25b81ed0, 0x00007f0d25b82000, 0x00007f0d270eb000)
 Metaspace       used 24871K, capacity 25334K, committed 25344K, reserved 26624K
}
Event: 1503.100 GC heap before
{Heap before GC invocations=1717 (full 3):
 def new generation   total 1749952K, used 1617148K [0x00007f06e4600000, 0x00007f075b0d0000, 0x00007f0c39b50000)
  eden space 1555520K, 100% used [0x00007f06e4600000, 0x00007f0743510000, 0x00007f0743510000)
  from space 194432K,  31% used [0x00007f0743510000, 0x00007f074713f2e0, 0x00007f074f2f0000)
  to   space 194432K,   0% used [0x00007f074f2f0000, 0x00007f074f2f0000, 0x00007f075b0d0000)
 tenured generation   total 3888748K, used 3866823K [0x00007f0c39b50000, 0x00007f0d270eb000, 0x00007f16e4600000)
   the space 3888748K,  99% used [0x00007f0c39b50000, 0x00007f0d25b81ed0, 0x00007f0d25b82000, 0x00007f0d270eb000)
 Metaspace       used 24871K, capacity 25334K, committed 25344K, reserved 26624K
}
Event: 1503.200 GC heap after
{Heap after GC invocations=1718 (full 3):
 def new generation   total 1749952K, used 61615K [0x00007f06e4600000, 0x00007f075b0d0000, 0x00007f0c39b50000)
  eden space 1555520K,   0% used [0x00007f06e4600000, 0x00007f06e4600000, 0x00007f0743510000)
  from space 194432K,  31% used [0x00007f074f2f0000, 0x00007f0752f1bf28, 0x00007f075b0d0000)
  to   space 194432K,   0% used [0x00007f0743510000, 0x00007f0743510000, 0x00007f074f2f0000)
 tenured generation   total 3888748K, used 3870967K [0x00007f0c39b50000, 0x00007f0d270eb000, 0x00007f16e4600000)
   the space 3888748K,  99% used [0x00007f0c39b50000, 0x00007f0d25f8dc48, 0x00007f0d25f8de00, 0x00007f0d270eb000)
 Metaspace       used 24871K, capacity 25334K, committed 25344K, reserved 26624K
}
Event: 1504.580 GC heap before
{Heap before GC invocations=1718 (full 3):
 def new generation   total 1749952K, used 1617135K [0x00007f06e4600000, 0x00007f075b0d0000, 0x00007f0c39b50000)
  eden space 1555520K, 100% used [0x00007f06e4600000, 0x00007f0743510000, 0x00007f0743510000)
  from space 194432K,  31% used [0x00007f074f2f0000, 0x00007f0752f1bf28, 0x00007f075b0d0000)
  to   space 194432K,   0% used [0x00007f0743510000, 0x00007f0743510000, 0x00007f074f2f0000)
 tenured generation   total 3888748K, used 3870967K [0x00007f0c39b50000, 0x00007f0d270eb000, 0x00007f16e4600000)
   the space 3888748K,  99% used [0x00007f0c39b50000, 0x00007f0d25f8dc48, 0x00007f0d25f8de00, 0x00007f0d270eb000)
 Metaspace       used 24871K, capacity 25334K, committed 25344K, reserved 26624K
}
Event: 1504.679 GC heap after
{Heap after GC invocations=1719 (full 3):
 def new generation   total 1749952K, used 61602K [0x00007f06e4600000, 0x00007f075b0d0000, 0x00007f0c39b50000)
  eden space 1555520K,   0% used [0x00007f06e4600000, 0x00007f06e4600000, 0x00007f0743510000)
  from space 194432K,  31% used [0x00007f0743510000, 0x00007f0747138910, 0x00007f074f2f0000)
  to   space 194432K,   0% used [0x00007f074f2f0000, 0x00007f074f2f0000, 0x00007f075b0d0000)
 tenured generation   total 3888748K, used 3875068K [0x00007f0c39b50000, 0x00007f0d270eb000, 0x00007f16e4600000)
   the space 3888748K,  99% used [0x00007f0c39b50000, 0x00007f0d2638f0c8, 0x00007f0d2638f200, 0x00007f0d270eb000)
 Metaspace       used 24871K, capacity 25334K, committed 25344K, reserved 26624K
}
Event: 1506.169 GC heap before
{Heap before GC invocations=1719 (full 3):
 def new generation   total 1749952K, used 1617122K [0x00007f06e4600000, 0x00007f075b0d0000, 0x00007f0c39b50000)
  eden space 1555520K, 100% used [0x00007f06e4600000, 0x00007f0743510000, 0x00007f0743510000)
  from space 194432K,  31% used [0x00007f0743510000, 0x00007f0747138910, 0x00007f074f2f0000)
  to   space 194432K,   0% used [0x00007f074f2f0000, 0x00007f074f2f0000, 0x00007f075b0d0000)
 tenured generation   total 3888748K, used 3875068K [0x00007f0c39b50000, 0x00007f0d270eb000, 0x00007f16e4600000)
   the space 3888748K,  99% used [0x00007f0c39b50000, 0x00007f0d2638f0c8, 0x00007f0d2638f200, 0x00007f0d270eb000)
 Metaspace       used 24871K, capacity 25334K, committed 25344K, reserved 26624K
}
Event: 1506.262 GC heap after
{Heap after GC invocations=1720 (full 3):
 def new generation   total 1749952K, used 61722K [0x00007f06e4600000, 0x00007f075b0d0000, 0x00007f0c39b50000)
  eden space 1555520K,   0% used [0x00007f06e4600000, 0x00007f06e4600000, 0x00007f0743510000)
  from space 194432K,  31% used [0x00007f074f2f0000, 0x00007f0752f36b48, 0x00007f075b0d0000)
  to   space 194432K,   0% used [0x00007f0743510000, 0x00007f0743510000, 0x00007f074f2f0000)
 tenured generation   total 3888748K, used 3879071K [0x00007f0c39b50000, 0x00007f0d270eb000, 0x00007f16e4600000)
   the space 3888748K,  99% used [0x00007f0c39b50000, 0x00007f0d26777d50, 0x00007f0d26777e00, 0x00007f0d270eb000)
 Metaspace       used 24871K, capacity 25334K, committed 25344K, reserved 26624K
}
Event: 1507.667 GC heap before
{Heap before GC invocations=1720 (full 3):
 def new generation   total 1749952K, used 1617242K [0x00007f06e4600000, 0x00007f075b0d0000, 0x00007f0c39b50000)
  eden space 1555520K, 100% used [0x00007f06e4600000, 0x00007f0743510000, 0x00007f0743510000)
  from space 194432K,  31% used [0x00007f074f2f0000, 0x00007f0752f36b48, 0x00007f075b0d0000)
  to   space 194432K,   0% used [0x00007f0743510000, 0x00007f0743510000, 0x00007f074f2f0000)
 tenured generation   total 3888748K, used 3879071K [0x00007f0c39b50000, 0x00007f0d270eb000, 0x00007f16e4600000)
   the space 3888748K,  99% used [0x00007f0c39b50000, 0x00007f0d26777d50, 0x00007f0d26777e00, 0x00007f0d270eb000)
 Metaspace       used 24871K, capacity 25334K, committed 25344K, reserved 26624K
}
Event: 1507.782 GC heap after
{Heap after GC invocations=1721 (full 3):
 def new generation   total 1749952K, used 61747K [0x00007f06e4600000, 0x00007f075b0d0000, 0x00007f0c39b50000)
  eden space 1555520K,   0% used [0x00007f06e4600000, 0x00007f06e4600000, 0x00007f0743510000)
  from space 194432K,  31% used [0x00007f0743510000, 0x00007f074715cc58, 0x00007f074f2f0000)
  to   space 194432K,   0% used [0x00007f074f2f0000, 0x00007f074f2f0000, 0x00007f075b0d0000)
 tenured generation   total 3888748K, used 3883168K [0x00007f0c39b50000, 0x00007f0d270eb000, 0x00007f16e4600000)
   the space 3888748K,  99% used [0x00007f0c39b50000, 0x00007f0d26b78090, 0x00007f0d26b78200, 0x00007f0d270eb000)
 Metaspace       used 24871K, capacity 25334K, committed 25344K, reserved 26624K
}
Event: 1509.258 GC heap before
{Heap before GC invocations=1721 (full 3):
 def new generation   total 1749952K, used 1617267K [0x00007f06e4600000, 0x00007f075b0d0000, 0x00007f0c39b50000)
  eden space 1555520K, 100% used [0x00007f06e4600000, 0x00007f0743510000, 0x00007f0743510000)
  from space 194432K,  31% used [0x00007f0743510000, 0x00007f074715cc58, 0x00007f074f2f0000)
  to   space 194432K,   0% used [0x00007f074f2f0000, 0x00007f074f2f0000, 0x00007f075b0d0000)
 tenured generation   total 3888748K, used 3883168K [0x00007f0c39b50000, 0x00007f0d270eb000, 0x00007f16e4600000)
   the space 3888748K,  99% used [0x00007f0c39b50000, 0x00007f0d26b78090, 0x00007f0d26b78200, 0x00007f0d270eb000)
 Metaspace       used 24871K, capacity 25334K, committed 25344K, reserved 26624K
}
Event: 1509.369 GC heap after
{Heap after GC invocations=1722 (full 3):
 def new generation   total 1749952K, used 61589K [0x00007f06e4600000, 0x00007f075b0d0000, 0x00007f0c39b50000)
  eden space 1555520K,   0% used [0x00007f06e4600000, 0x00007f06e4600000, 0x00007f0743510000)
  from space 194432K,  31% used [0x00007f074f2f0000, 0x00007f0752f15698, 0x00007f075b0d0000)
  to   space 194432K,   0% used [0x00007f0743510000, 0x00007f0743510000, 0x00007f074f2f0000)
 tenured generation   total 3888748K, used 3887311K [0x00007f0c39b50000, 0x00007f0d270eb000, 0x00007f16e4600000)
   the space 3888748K,  99% used [0x00007f0c39b50000, 0x00007f0d26f83e08, 0x00007f0d26f84000, 0x00007f0d270eb000)
 Metaspace       used 24871K, capacity 25334K, committed 25344K, reserved 26624K
}
Event: 1510.767 GC heap before
{Heap before GC invocations=1722 (full 3):
 def new generation   total 1749952K, used 1617109K [0x00007f06e4600000, 0x00007f075b0d0000, 0x00007f0c39b50000)
  eden space 1555520K, 100% used [0x00007f06e4600000, 0x00007f0743510000, 0x00007f0743510000)
  from space 194432K,  31% used [0x00007f074f2f0000, 0x00007f0752f15698, 0x00007f075b0d0000)
  to   space 194432K,   0% used [0x00007f0743510000, 0x00007f0743510000, 0x00007f074f2f0000)
 tenured generation   total 3888748K, used 3887311K [0x00007f0c39b50000, 0x00007f0d270eb000, 0x00007f16e4600000)
   the space 3888748K,  99% used [0x00007f0c39b50000, 0x00007f0d26f83e08, 0x00007f0d26f84000, 0x00007f0d270eb000)
 Metaspace       used 24871K, capacity 25334K, committed 25344K, reserved 26624K
}
Event: 1510.861 GC heap after
{Heap after GC invocations=1723 (full 3):
 def new generation   total 1749952K, used 61571K [0x00007f06e4600000, 0x00007f075b0d0000, 0x00007f0c39b50000)
  eden space 1555520K,   0% used [0x00007f06e4600000, 0x00007f06e4600000, 0x00007f0743510000)
  from space 194432K,  31% used [0x00007f0743510000, 0x00007f0747130db8, 0x00007f074f2f0000)
  to   space 194432K,   0% used [0x00007f074f2f0000, 0x00007f074f2f0000, 0x00007f075b0d0000)
 tenured generation   total 3891628K, used 3891454K [0x00007f0c39b50000, 0x00007f0d273bb000, 0x00007f16e4600000)
   the space 3891628K,  99% used [0x00007f0c39b50000, 0x00007f0d2738fb80, 0x00007f0d2738fc00, 0x00007f0d273bb000)
 Metaspace       used 24871K, capacity 25334K, committed 25344K, reserved 26624K
}
Event: 1510.861 GC heap before
{Heap before GC invocations=1723 (full 3):
 def new generation   total 1749952K, used 61571K [0x00007f06e4600000, 0x00007f075b0d0000, 0x00007f0c39b50000)
  eden space 1555520K,   0% used [0x00007f06e4600000, 0x00007f06e4600000, 0x00007f0743510000)
  from space 194432K,  31% used [0x00007f0743510000, 0x00007f0747130db8, 0x00007f074f2f0000)
  to   space 194432K,   0% used [0x00007f074f2f0000, 0x00007f074f2f0000, 0x00007f075b0d0000)
 tenured generation   total 3891628K, used 3891454K [0x00007f0c39b50000, 0x00007f0d273bb000, 0x00007f16e4600000)
   the space 3891628K,  99% used [0x00007f0c39b50000, 0x00007f0d2738fb80, 0x00007f0d2738fc00, 0x00007f0d273bb000)
 Metaspace       used 24871K, capacity 25334K, committed 25344K, reserved 26624K
}

