# JRE version: OpenJDK Runtime Environment (13.0.7+5) (build 13.0.7+5-Ubuntu-0ubuntu120.04)
# Java VM: OpenJDK 64-Bit Server VM (13.0.7+5-Ubuntu-0ubuntu120.04, mixed mode, tiered, serial gc, linux-amd64)
Heap:
 def new generation   total 2012032K, used 0K [0x00007f6580600000, 0x00007f6608d30000, 0x00007f6ad5b50000)
  eden space 1788480K,   0% used [0x00007f6580600000, 0x00007f6580600000, 0x00007f65ed890000)
  from space 223552K,   0% used [0x00007f65fb2e0000, 0x00007f65fb2e0000, 0x00007f6608d30000)
  to   space 223552K,   0% used [0x00007f65ed890000, 0x00007f65ed890000, 0x00007f65fb2e0000)
 tenured generation   total 4472652K, used 4232577K [0x00007f6ad5b50000, 0x00007f6be6b23000, 0x00007f7580600000)
   the space 4472652K,  94% used [0x00007f6ad5b50000, 0x00007f6bd80b0620, 0x00007f6bd80b0800, 0x00007f6be6b23000)
 Metaspace       used 25228K, capacity 25699K, committed 25856K, reserved 26624K
GC Heap History (20 events):
Event: 5538.505 GC heap after
{Heap after GC invocations=7164 (full 7):
 def new generation   total 2012032K, used 52551K [0x00007f6580600000, 0x00007f6608d30000, 0x00007f6ad5b50000)
  eden space 1788480K,   0% used [0x00007f6580600000, 0x00007f6580600000, 0x00007f65ed890000)
  from space 223552K,  23% used [0x00007f65ed890000, 0x00007f65f0be1fd8, 0x00007f65fb2e0000)
  to   space 223552K,   0% used [0x00007f65fb2e0000, 0x00007f65fb2e0000, 0x00007f6608d30000)
 tenured generation   total 4471116K, used 4441066K [0x00007f6ad5b50000, 0x00007f6be69a3000, 0x00007f7580600000)
   the space 4471116K,  99% used [0x00007f6ad5b50000, 0x00007f6be4c4aa08, 0x00007f6be4c4ac00, 0x00007f6be69a3000)
 Metaspace       used 25228K, capacity 25699K, committed 25856K, reserved 26624K
}
Event: 5539.476 GC heap before
{Heap before GC invocations=7164 (full 7):
 def new generation   total 2012032K, used 1841031K [0x00007f6580600000, 0x00007f6608d30000, 0x00007f6ad5b50000)
  eden space 1788480K, 100% used [0x00007f6580600000, 0x00007f65ed890000, 0x00007f65ed890000)
  from space 223552K,  23% used [0x00007f65ed890000, 0x00007f65f0be1fd8, 0x00007f65fb2e0000)
  to   space 223552K,   0% used [0x00007f65fb2e0000, 0x00007f65fb2e0000, 0x00007f6608d30000)
 tenured generation   total 4471116K, used 4441066K [0x00007f6ad5b50000, 0x00007f6be69a3000, 0x00007f7580600000)
   the space 4471116K,  99% used [0x00007f6ad5b50000, 0x00007f6be4c4aa08, 0x00007f6be4c4ac00, 0x00007f6be69a3000)
 Metaspace       used 25228K, capacity 25699K, committed 25856K, reserved 26624K
}
Event: 5539.524 GC heap after
{Heap after GC invocations=7165 (full 7):
 def new generation   total 2012032K, used 52541K [0x00007f6580600000, 0x00007f6608d30000, 0x00007f6ad5b50000)
  eden space 1788480K,   0% used [0x00007f6580600000, 0x00007f6580600000, 0x00007f65ed890000)
  from space 223552K,  23% used [0x00007f65fb2e0000, 0x00007f65fe62f418, 0x00007f6608d30000)
  to   space 223552K,   0% used [0x00007f65ed890000, 0x00007f65ed890000, 0x00007f65fb2e0000)
 tenured generation   total 4471116K, used 4444587K [0x00007f6ad5b50000, 0x00007f6be69a3000, 0x00007f7580600000)
   the space 4471116K,  99% used [0x00007f6ad5b50000, 0x00007f6be4fbac08, 0x00007f6be4fbae00, 0x00007f6be69a3000)
 Metaspace       used 25228K, capacity 25699K, committed 25856K, reserved 26624K
}
Event: 5540.491 GC heap before
{Heap before GC invocations=7165 (full 7):
 def new generation   total 2012032K, used 1841021K [0x00007f6580600000, 0x00007f6608d30000, 0x00007f6ad5b50000)
  eden space 1788480K, 100% used [0x00007f6580600000, 0x00007f65ed890000, 0x00007f65ed890000)
  from space 223552K,  23% used [0x00007f65fb2e0000, 0x00007f65fe62f418, 0x00007f6608d30000)
  to   space 223552K,   0% used [0x00007f65ed890000, 0x00007f65ed890000, 0x00007f65fb2e0000)
 tenured generation   total 4471116K, used 4444587K [0x00007f6ad5b50000, 0x00007f6be69a3000, 0x00007f7580600000)
   the space 4471116K,  99% used [0x00007f6ad5b50000, 0x00007f6be4fbac08, 0x00007f6be4fbae00, 0x00007f6be69a3000)
 Metaspace       used 25228K, capacity 25699K, committed 25856K, reserved 26624K
}
Event: 5540.537 GC heap after
{Heap after GC invocations=7166 (full 7):
 def new generation   total 2012032K, used 52508K [0x00007f6580600000, 0x00007f6608d30000, 0x00007f6ad5b50000)
  eden space 1788480K,   0% used [0x00007f6580600000, 0x00007f6580600000, 0x00007f65ed890000)
  from space 223552K,  23% used [0x00007f65ed890000, 0x00007f65f0bd70e8, 0x00007f65fb2e0000)
  to   space 223552K,   0% used [0x00007f65fb2e0000, 0x00007f65fb2e0000, 0x00007f6608d30000)
 tenured generation   total 4471116K, used 4448102K [0x00007f6ad5b50000, 0x00007f6be69a3000, 0x00007f7580600000)
   the space 4471116K,  99% used [0x00007f6ad5b50000, 0x00007f6be5329a08, 0x00007f6be5329c00, 0x00007f6be69a3000)
 Metaspace       used 25228K, capacity 25699K, committed 25856K, reserved 26624K
}
Event: 5541.513 GC heap before
{Heap before GC invocations=7166 (full 7):
 def new generation   total 2012032K, used 1840988K [0x00007f6580600000, 0x00007f6608d30000, 0x00007f6ad5b50000)
  eden space 1788480K, 100% used [0x00007f6580600000, 0x00007f65ed890000, 0x00007f65ed890000)
  from space 223552K,  23% used [0x00007f65ed890000, 0x00007f65f0bd70e8, 0x00007f65fb2e0000)
  to   space 223552K,   0% used [0x00007f65fb2e0000, 0x00007f65fb2e0000, 0x00007f6608d30000)
 tenured generation   total 4471116K, used 4448102K [0x00007f6ad5b50000, 0x00007f6be69a3000, 0x00007f7580600000)
   the space 4471116K,  99% used [0x00007f6ad5b50000, 0x00007f6be5329a08, 0x00007f6be5329c00, 0x00007f6be69a3000)
 Metaspace       used 25228K, capacity 25699K, committed 25856K, reserved 26624K
}
Event: 5541.560 GC heap after
{Heap after GC invocations=7167 (full 7):
 def new generation   total 2012032K, used 52546K [0x00007f6580600000, 0x00007f6608d30000, 0x00007f6ad5b50000)
  eden space 1788480K,   0% used [0x00007f6580600000, 0x00007f6580600000, 0x00007f65ed890000)
  from space 223552K,  23% used [0x00007f65fb2e0000, 0x00007f65fe630b00, 0x00007f6608d30000)
  to   space 223552K,   0% used [0x00007f65ed890000, 0x00007f65ed890000, 0x00007f65fb2e0000)
 tenured generation   total 4471116K, used 4451581K [0x00007f6ad5b50000, 0x00007f6be69a3000, 0x00007f7580600000)
   the space 4471116K,  99% used [0x00007f6ad5b50000, 0x00007f6be568f528, 0x00007f6be568f600, 0x00007f6be69a3000)
 Metaspace       used 25228K, capacity 25699K, committed 25856K, reserved 26624K
}
Event: 5542.530 GC heap before
{Heap before GC invocations=7167 (full 7):
 def new generation   total 2012032K, used 1841026K [0x00007f6580600000, 0x00007f6608d30000, 0x00007f6ad5b50000)
  eden space 1788480K, 100% used [0x00007f6580600000, 0x00007f65ed890000, 0x00007f65ed890000)
  from space 223552K,  23% used [0x00007f65fb2e0000, 0x00007f65fe630b00, 0x00007f6608d30000)
  to   space 223552K,   0% used [0x00007f65ed890000, 0x00007f65ed890000, 0x00007f65fb2e0000)
 tenured generation   total 4471116K, used 4451581K [0x00007f6ad5b50000, 0x00007f6be69a3000, 0x00007f7580600000)
   the space 4471116K,  99% used [0x00007f6ad5b50000, 0x00007f6be568f528, 0x00007f6be568f600, 0x00007f6be69a3000)
 Metaspace       used 25228K, capacity 25699K, committed 25856K, reserved 26624K
}
Event: 5542.580 GC heap after
{Heap after GC invocations=7168 (full 7):
 def new generation   total 2012032K, used 52586K [0x00007f6580600000, 0x00007f6608d30000, 0x00007f6ad5b50000)
  eden space 1788480K,   0% used [0x00007f6580600000, 0x00007f6580600000, 0x00007f65ed890000)
  from space 223552K,  23% used [0x00007f65ed890000, 0x00007f65f0beaa20, 0x00007f65fb2e0000)
  to   space 223552K,   0% used [0x00007f65fb2e0000, 0x00007f65fb2e0000, 0x00007f6608d30000)
 tenured generation   total 4471116K, used 4455060K [0x00007f6ad5b50000, 0x00007f6be69a3000, 0x00007f7580600000)
   the space 4471116K,  99% used [0x00007f6ad5b50000, 0x00007f6be59f5048, 0x00007f6be59f5200, 0x00007f6be69a3000)
 Metaspace       used 25228K, capacity 25699K, committed 25856K, reserved 26624K
}
Event: 5543.586 GC heap before
{Heap before GC invocations=7168 (full 7):
 def new generation   total 2012032K, used 1841066K [0x00007f6580600000, 0x00007f6608d30000, 0x00007f6ad5b50000)
  eden space 1788480K, 100% used [0x00007f6580600000, 0x00007f65ed890000, 0x00007f65ed890000)
  from space 223552K,  23% used [0x00007f65ed890000, 0x00007f65f0beaa20, 0x00007f65fb2e0000)
  to   space 223552K,   0% used [0x00007f65fb2e0000, 0x00007f65fb2e0000, 0x00007f6608d30000)
 tenured generation   total 4471116K, used 4455060K [0x00007f6ad5b50000, 0x00007f6be69a3000, 0x00007f7580600000)
   the space 4471116K,  99% used [0x00007f6ad5b50000, 0x00007f6be59f5048, 0x00007f6be59f5200, 0x00007f6be69a3000)
 Metaspace       used 25228K, capacity 25699K, committed 25856K, reserved 26624K
}
Event: 5543.639 GC heap after
{Heap after GC invocations=7169 (full 7):
 def new generation   total 2012032K, used 52566K [0x00007f6580600000, 0x00007f6608d30000, 0x00007f6ad5b50000)
  eden space 1788480K,   0% used [0x00007f6580600000, 0x00007f6580600000, 0x00007f65ed890000)
  from space 223552K,  23% used [0x00007f65fb2e0000, 0x00007f65fe635b88, 0x00007f6608d30000)
  to   space 223552K,   0% used [0x00007f65ed890000, 0x00007f65ed890000, 0x00007f65fb2e0000)
 tenured generation   total 4471116K, used 4458576K [0x00007f6ad5b50000, 0x00007f6be69a3000, 0x00007f7580600000)
   the space 4471116K,  99% used [0x00007f6ad5b50000, 0x00007f6be5d64108, 0x00007f6be5d64200, 0x00007f6be69a3000)
 Metaspace       used 25228K, capacity 25699K, committed 25856K, reserved 26624K
}
Event: 5544.613 GC heap before
{Heap before GC invocations=7169 (full 7):
 def new generation   total 2012032K, used 1841046K [0x00007f6580600000, 0x00007f6608d30000, 0x00007f6ad5b50000)
  eden space 1788480K, 100% used [0x00007f6580600000, 0x00007f65ed890000, 0x00007f65ed890000)
  from space 223552K,  23% used [0x00007f65fb2e0000, 0x00007f65fe635b88, 0x00007f6608d30000)
  to   space 223552K,   0% used [0x00007f65ed890000, 0x00007f65ed890000, 0x00007f65fb2e0000)
 tenured generation   total 4471116K, used 4458576K [0x00007f6ad5b50000, 0x00007f6be69a3000, 0x00007f7580600000)
   the space 4471116K,  99% used [0x00007f6ad5b50000, 0x00007f6be5d64108, 0x00007f6be5d64200, 0x00007f6be69a3000)
 Metaspace       used 25228K, capacity 25699K, committed 25856K, reserved 26624K
}
Event: 5544.660 GC heap after
{Heap after GC invocations=7170 (full 7):
 def new generation   total 2012032K, used 52540K [0x00007f6580600000, 0x00007f6608d30000, 0x00007f6ad5b50000)
  eden space 1788480K,   0% used [0x00007f6580600000, 0x00007f6580600000, 0x00007f65ed890000)
  from space 223552K,  23% used [0x00007f65ed890000, 0x00007f65f0bdf098, 0x00007f65fb2e0000)
  to   space 223552K,   0% used [0x00007f65fb2e0000, 0x00007f65fb2e0000, 0x00007f6608d30000)
 tenured generation   total 4471116K, used 4462059K [0x00007f6ad5b50000, 0x00007f6be69a3000, 0x00007f7580600000)
   the space 4471116K,  99% used [0x00007f6ad5b50000, 0x00007f6be60cad68, 0x00007f6be60cae00, 0x00007f6be69a3000)
 Metaspace       used 25228K, capacity 25699K, committed 25856K, reserved 26624K
}
Event: 5545.717 GC heap before
{Heap before GC invocations=7170 (full 7):
 def new generation   total 2012032K, used 1841020K [0x00007f6580600000, 0x00007f6608d30000, 0x00007f6ad5b50000)
  eden space 1788480K, 100% used [0x00007f6580600000, 0x00007f65ed890000, 0x00007f65ed890000)
  from space 223552K,  23% used [0x00007f65ed890000, 0x00007f65f0bdf098, 0x00007f65fb2e0000)
  to   space 223552K,   0% used [0x00007f65fb2e0000, 0x00007f65fb2e0000, 0x00007f6608d30000)
 tenured generation   total 4471116K, used 4462059K [0x00007f6ad5b50000, 0x00007f6be69a3000, 0x00007f7580600000)
   the space 4471116K,  99% used [0x00007f6ad5b50000, 0x00007f6be60cad68, 0x00007f6be60cae00, 0x00007f6be69a3000)
 Metaspace       used 25228K, capacity 25699K, committed 25856K, reserved 26624K
}
Event: 5545.760 GC heap after
{Heap after GC invocations=7171 (full 7):
 def new generation   total 2012032K, used 52510K [0x00007f6580600000, 0x00007f6608d30000, 0x00007f6ad5b50000)
  eden space 1788480K,   0% used [0x00007f6580600000, 0x00007f6580600000, 0x00007f65ed890000)
  from space 223552K,  23% used [0x00007f65fb2e0000, 0x00007f65fe627988, 0x00007f6608d30000)
  to   space 223552K,   0% used [0x00007f65ed890000, 0x00007f65ed890000, 0x00007f65fb2e0000)
 tenured generation   total 4471116K, used 4465574K [0x00007f6ad5b50000, 0x00007f6be69a3000, 0x00007f7580600000)
   the space 4471116K,  99% used [0x00007f6ad5b50000, 0x00007f6be6439b68, 0x00007f6be6439c00, 0x00007f6be69a3000)
 Metaspace       used 25228K, capacity 25699K, committed 25856K, reserved 26624K
}
Event: 5546.726 GC heap before
{Heap before GC invocations=7171 (full 7):
 def new generation   total 2012032K, used 1840990K [0x00007f6580600000, 0x00007f6608d30000, 0x00007f6ad5b50000)
  eden space 1788480K, 100% used [0x00007f6580600000, 0x00007f65ed890000, 0x00007f65ed890000)
  from space 223552K,  23% used [0x00007f65fb2e0000, 0x00007f65fe627988, 0x00007f6608d30000)
  to   space 223552K,   0% used [0x00007f65ed890000, 0x00007f65ed890000, 0x00007f65fb2e0000)
 tenured generation   total 4471116K, used 4465574K [0x00007f6ad5b50000, 0x00007f6be69a3000, 0x00007f7580600000)
   the space 4471116K,  99% used [0x00007f6ad5b50000, 0x00007f6be6439b68, 0x00007f6be6439c00, 0x00007f6be69a3000)
 Metaspace       used 25228K, capacity 25699K, committed 25856K, reserved 26624K
}
Event: 5546.786 GC heap after
{Heap after GC invocations=7172 (full 7):
 def new generation   total 2012032K, used 52533K [0x00007f6580600000, 0x00007f6608d30000, 0x00007f6ad5b50000)
  eden space 1788480K,   0% used [0x00007f6580600000, 0x00007f6580600000, 0x00007f65ed890000)
  from space 223552K,  23% used [0x00007f65ed890000, 0x00007f65f0bdd490, 0x00007f65fb2e0000)
  to   space 223552K,   0% used [0x00007f65fb2e0000, 0x00007f65fb2e0000, 0x00007f6608d30000)
 tenured generation   total 4471116K, used 4469091K [0x00007f6ad5b50000, 0x00007f6be69a3000, 0x00007f7580600000)
   the space 4471116K,  99% used [0x00007f6ad5b50000, 0x00007f6be67a8c28, 0x00007f6be67a8e00, 0x00007f6be69a3000)
 Metaspace       used 25228K, capacity 25699K, committed 25856K, reserved 26624K
}
Event: 5547.778 GC heap before
{Heap before GC invocations=7172 (full 7):
 def new generation   total 2012032K, used 1841013K [0x00007f6580600000, 0x00007f6608d30000, 0x00007f6ad5b50000)
  eden space 1788480K, 100% used [0x00007f6580600000, 0x00007f65ed890000, 0x00007f65ed890000)
  from space 223552K,  23% used [0x00007f65ed890000, 0x00007f65f0bdd490, 0x00007f65fb2e0000)
  to   space 223552K,   0% used [0x00007f65fb2e0000, 0x00007f65fb2e0000, 0x00007f6608d30000)
 tenured generation   total 4471116K, used 4469091K [0x00007f6ad5b50000, 0x00007f6be69a3000, 0x00007f7580600000)
   the space 4471116K,  99% used [0x00007f6ad5b50000, 0x00007f6be67a8c28, 0x00007f6be67a8e00, 0x00007f6be69a3000)
 Metaspace       used 25228K, capacity 25699K, committed 25856K, reserved 26624K
}
Event: 5547.827 GC heap after
{Heap after GC invocations=7173 (full 7):
 def new generation   total 2012032K, used 52540K [0x00007f6580600000, 0x00007f6608d30000, 0x00007f6ad5b50000)
  eden space 1788480K,   0% used [0x00007f6580600000, 0x00007f6580600000, 0x00007f65ed890000)
  from space 223552K,  23% used [0x00007f65fb2e0000, 0x00007f65fe62f010, 0x00007f6608d30000)
  to   space 223552K,   0% used [0x00007f65ed890000, 0x00007f65ed890000, 0x00007f65fb2e0000)
 tenured generation   total 4472652K, used 4472569K [0x00007f6ad5b50000, 0x00007f6be6b23000, 0x00007f7580600000)
   the space 4472652K,  99% used [0x00007f6ad5b50000, 0x00007f6be6b0e748, 0x00007f6be6b0e800, 0x00007f6be6b23000)
 Metaspace       used 25228K, capacity 25699K, committed 25856K, reserved 26624K
}
Event: 5547.827 GC heap before
{Heap before GC invocations=7173 (full 7):
 def new generation   total 2012032K, used 52540K [0x00007f6580600000, 0x00007f6608d30000, 0x00007f6ad5b50000)
  eden space 1788480K,   0% used [0x00007f6580600000, 0x00007f6580600000, 0x00007f65ed890000)
  from space 223552K,  23% used [0x00007f65fb2e0000, 0x00007f65fe62f010, 0x00007f6608d30000)
  to   space 223552K,   0% used [0x00007f65ed890000, 0x00007f65ed890000, 0x00007f65fb2e0000)
 tenured generation   total 4472652K, used 4472569K [0x00007f6ad5b50000, 0x00007f6be6b23000, 0x00007f7580600000)
   the space 4472652K,  99% used [0x00007f6ad5b50000, 0x00007f6be6b0e748, 0x00007f6be6b0e800, 0x00007f6be6b23000)
 Metaspace       used 25228K, capacity 25699K, committed 25856K, reserved 26624K
}

