# JRE version: OpenJDK Runtime Environment (13.0.7+5) (build 13.0.7+5-Ubuntu-0ubuntu120.04)
# Java VM: OpenJDK 64-Bit Server VM (13.0.7+5-Ubuntu-0ubuntu120.04, mixed mode, tiered, serial gc, linux-amd64)
Heap:
 def new generation   total 5343360K, used 593616K [0x00007f9b8c600000, 0x00007f9cf6be0000, 0x00007fa0e1b50000)
  eden space 4749696K,  12% used [0x00007f9b8c600000, 0x00007f9bb09b4158, 0x00007f9cae460000)
  from space 593664K,   0% used [0x00007f9cd2820000, 0x00007f9cd2820000, 0x00007f9cf6be0000)
  to   space 593664K,   0% used [0x00007f9cae460000, 0x00007f9cae460000, 0x00007f9cd2820000)
 tenured generation   total 14994112K, used 14994111K [0x00007fa0e1b50000, 0x00007fa474e00000, 0x00007fab8c600000)
   the space 14994112K,  99% used [0x00007fa0e1b50000, 0x00007fa474dffea0, 0x00007fa474e00000, 0x00007fa474e00000)
 Metaspace       used 31622K, capacity 32122K, committed 32512K, reserved 32768K
GC Heap History (20 events):
Event: 12.562 GC heap after
{Heap after GC invocations=7 (full 2):
 def new generation   total 1055424K, used 69855K [0x00007f9b8c600000, 0x00007f9bd3f30000, 0x00007fa0e1b50000)
  eden space 938176K,   7% used [0x00007f9b8c600000, 0x00007f9b90a37d68, 0x00007f9bc5a30000)
  from space 117248K,   0% used [0x00007f9bc5a30000, 0x00007f9bc5a30000, 0x00007f9bcccb0000)
  to   space 117248K,   0% used [0x00007f9bcccb0000, 0x00007f9bcccb0000, 0x00007f9bd3f30000)
 tenured generation   total 2345280K, used 1407167K [0x00007fa0e1b50000, 0x00007fa170da0000, 0x00007fab8c600000)
   the space 2345280K,  59% used [0x00007fa0e1b50000, 0x00007fa13797fee0, 0x00007fa137980000, 0x00007fa170da0000)
 Metaspace       used 31622K, capacity 32122K, committed 32512K, reserved 32768K
}
Event: 13.218 GC heap before
{Heap before GC invocations=7 (full 2):
 def new generation   total 1055424K, used 938176K [0x00007f9b8c600000, 0x00007f9bd3f30000, 0x00007fa0e1b50000)
  eden space 938176K, 100% used [0x00007f9b8c600000, 0x00007f9bc5a30000, 0x00007f9bc5a30000)
  from space 117248K,   0% used [0x00007f9bc5a30000, 0x00007f9bc5a30000, 0x00007f9bcccb0000)
  to   space 117248K,   0% used [0x00007f9bcccb0000, 0x00007f9bcccb0000, 0x00007f9bd3f30000)
 tenured generation   total 2345280K, used 1407167K [0x00007fa0e1b50000, 0x00007fa170da0000, 0x00007fab8c600000)
   the space 2345280K,  59% used [0x00007fa0e1b50000, 0x00007fa13797fee0, 0x00007fa137980000, 0x00007fa170da0000)
 Metaspace       used 31622K, capacity 32122K, committed 32512K, reserved 32768K
}
Event: 14.799 GC heap after
{Heap after GC invocations=8 (full 2):
 def new generation   total 1055424K, used 117247K [0x00007f9b8c600000, 0x00007f9bd3f30000, 0x00007fa0e1b50000)
  eden space 938176K,   0% used [0x00007f9b8c600000, 0x00007f9b8c600000, 0x00007f9bc5a30000)
  from space 117248K,  99% used [0x00007f9bcccb0000, 0x00007f9bd3f2ffa0, 0x00007f9bd3f30000)
  to   space 117248K,   0% used [0x00007f9bc5a30000, 0x00007f9bc5a30000, 0x00007f9bcccb0000)
 tenured generation   total 2345280K, used 2228055K [0x00007fa0e1b50000, 0x00007fa170da0000, 0x00007fab8c600000)
   the space 2345280K,  95% used [0x00007fa0e1b50000, 0x00007fa169b25d88, 0x00007fa169b25e00, 0x00007fa170da0000)
 Metaspace       used 31622K, capacity 32122K, committed 32512K, reserved 32768K
}
Event: 15.649 GC heap before
{Heap before GC invocations=8 (full 2):
 def new generation   total 1055424K, used 1055423K [0x00007f9b8c600000, 0x00007f9bd3f30000, 0x00007fa0e1b50000)
  eden space 938176K, 100% used [0x00007f9b8c600000, 0x00007f9bc5a30000, 0x00007f9bc5a30000)
  from space 117248K,  99% used [0x00007f9bcccb0000, 0x00007f9bd3f2ffa0, 0x00007f9bd3f30000)
  to   space 117248K,   0% used [0x00007f9bc5a30000, 0x00007f9bc5a30000, 0x00007f9bcccb0000)
 tenured generation   total 2345280K, used 2228055K [0x00007fa0e1b50000, 0x00007fa170da0000, 0x00007fab8c600000)
   the space 2345280K,  95% used [0x00007fa0e1b50000, 0x00007fa169b25d88, 0x00007fa169b25e00, 0x00007fa170da0000)
 Metaspace       used 31622K, capacity 32122K, committed 32512K, reserved 32768K
}
Event: 17.673 GC heap after
{Heap after GC invocations=9 (full 2):
 def new generation   total 1055424K, used 117247K [0x00007f9b8c600000, 0x00007f9bd3f30000, 0x00007fa0e1b50000)
  eden space 938176K,   0% used [0x00007f9b8c600000, 0x00007f9b8c600000, 0x00007f9bc5a30000)
  from space 117248K,  99% used [0x00007f9bc5a30000, 0x00007f9bcccaffa0, 0x00007f9bcccb0000)
  to   space 117248K,   0% used [0x00007f9bcccb0000, 0x00007f9bcccb0000, 0x00007f9bd3f30000)
 tenured generation   total 3166272K, used 3166197K [0x00007fa0e1b50000, 0x00007fa1a2f60000, 0x00007fab8c600000)
   the space 3166272K,  99% used [0x00007fa0e1b50000, 0x00007fa1a2f4d4f0, 0x00007fa1a2f4d600, 0x00007fa1a2f60000)
 Metaspace       used 31622K, capacity 32122K, committed 32512K, reserved 32768K
}
Event: 17.673 GC heap before
{Heap before GC invocations=9 (full 2):
 def new generation   total 1055424K, used 117247K [0x00007f9b8c600000, 0x00007f9bd3f30000, 0x00007fa0e1b50000)
  eden space 938176K,   0% used [0x00007f9b8c600000, 0x00007f9b8c600000, 0x00007f9bc5a30000)
  from space 117248K,  99% used [0x00007f9bc5a30000, 0x00007f9bcccaffa0, 0x00007f9bcccb0000)
  to   space 117248K,   0% used [0x00007f9bcccb0000, 0x00007f9bcccb0000, 0x00007f9bd3f30000)
 tenured generation   total 3166272K, used 3166197K [0x00007fa0e1b50000, 0x00007fa1a2f60000, 0x00007fab8c600000)
   the space 3166272K,  99% used [0x00007fa0e1b50000, 0x00007fa1a2f4d4f0, 0x00007fa1a2f4d600, 0x00007fa1a2f60000)
 Metaspace       used 31622K, capacity 32122K, committed 32512K, reserved 32768K
}
Event: 19.815 GC heap after
{Heap after GC invocations=9 (full 3):
 def new generation   total 2374784K, used 117173K [0x00007f9b8c600000, 0x00007f9c2d6c0000, 0x00007fa0e1b50000)
  eden space 2110976K,   5% used [0x00007f9b8c600000, 0x00007f9b9386d650, 0x00007f9c0d380000)
  from space 263808K,   0% used [0x00007f9c0d380000, 0x00007f9c0d380000, 0x00007f9c1d520000)
  to   space 263808K,   0% used [0x00007f9c1d520000, 0x00007f9c1d520000, 0x00007f9c2d6c0000)
 tenured generation   total 5277120K, used 3166271K [0x00007fa0e1b50000, 0x00007fa223cc0000, 0x00007fab8c600000)
   the space 5277120K,  59% used [0x00007fa0e1b50000, 0x00007fa1a2f5fe40, 0x00007fa1a2f60000, 0x00007fa223cc0000)
 Metaspace       used 31622K, capacity 32122K, committed 32512K, reserved 32768K
}
Event: 21.494 GC heap before
{Heap before GC invocations=9 (full 3):
 def new generation   total 2374784K, used 2110976K [0x00007f9b8c600000, 0x00007f9c2d6c0000, 0x00007fa0e1b50000)
  eden space 2110976K, 100% used [0x00007f9b8c600000, 0x00007f9c0d380000, 0x00007f9c0d380000)
  from space 263808K,   0% used [0x00007f9c0d380000, 0x00007f9c0d380000, 0x00007f9c1d520000)
  to   space 263808K,   0% used [0x00007f9c1d520000, 0x00007f9c1d520000, 0x00007f9c2d6c0000)
 tenured generation   total 5277120K, used 3166271K [0x00007fa0e1b50000, 0x00007fa223cc0000, 0x00007fab8c600000)
   the space 5277120K,  59% used [0x00007fa0e1b50000, 0x00007fa1a2f5fe40, 0x00007fa1a2f60000, 0x00007fa223cc0000)
 Metaspace       used 31622K, capacity 32122K, committed 32512K, reserved 32768K
}
Event: 25.720 GC heap after
{Heap after GC invocations=10 (full 3):
 def new generation   total 2374784K, used 263807K [0x00007f9b8c600000, 0x00007f9c2d6c0000, 0x00007fa0e1b50000)
  eden space 2110976K,   0% used [0x00007f9b8c600000, 0x00007f9b8c600000, 0x00007f9c0d380000)
  from space 263808K,  99% used [0x00007f9c1d520000, 0x00007f9c2d6bff28, 0x00007f9c2d6c0000)
  to   space 263808K,   0% used [0x00007f9c0d380000, 0x00007f9c0d380000, 0x00007f9c1d520000)
 tenured generation   total 5277120K, used 5013397K [0x00007fa0e1b50000, 0x00007fa223cc0000, 0x00007fab8c600000)
   the space 5277120K,  95% used [0x00007fa0e1b50000, 0x00007fa213b356d0, 0x00007fa213b35800, 0x00007fa223cc0000)
 Metaspace       used 31622K, capacity 32122K, committed 32512K, reserved 32768K
}
Event: 27.829 GC heap before
{Heap before GC invocations=10 (full 3):
 def new generation   total 2374784K, used 2374783K [0x00007f9b8c600000, 0x00007f9c2d6c0000, 0x00007fa0e1b50000)
  eden space 2110976K, 100% used [0x00007f9b8c600000, 0x00007f9c0d380000, 0x00007f9c0d380000)
  from space 263808K,  99% used [0x00007f9c1d520000, 0x00007f9c2d6bff28, 0x00007f9c2d6c0000)
  to   space 263808K,   0% used [0x00007f9c0d380000, 0x00007f9c0d380000, 0x00007f9c1d520000)
 tenured generation   total 5277120K, used 5013397K [0x00007fa0e1b50000, 0x00007fa223cc0000, 0x00007fab8c600000)
   the space 5277120K,  95% used [0x00007fa0e1b50000, 0x00007fa213b356d0, 0x00007fa213b35800, 0x00007fa223cc0000)
 Metaspace       used 31622K, capacity 32122K, committed 32512K, reserved 32768K
}
Event: 32.888 GC heap after
{Heap after GC invocations=11 (full 3):
 def new generation   total 2374784K, used 263807K [0x00007f9b8c600000, 0x00007f9c2d6c0000, 0x00007fa0e1b50000)
  eden space 2110976K,   0% used [0x00007f9b8c600000, 0x00007f9b8c600000, 0x00007f9c0d380000)
  from space 263808K,  99% used [0x00007f9c0d380000, 0x00007f9c1d51ff28, 0x00007f9c1d520000)
  to   space 263808K,   0% used [0x00007f9c1d520000, 0x00007f9c1d520000, 0x00007f9c2d6c0000)
 tenured generation   total 7124352K, used 7124331K [0x00007fa0e1b50000, 0x00007fa2948b0000, 0x00007fab8c600000)
   the space 7124352K,  99% used [0x00007fa0e1b50000, 0x00007fa2948aae88, 0x00007fa2948ab000, 0x00007fa2948b0000)
 Metaspace       used 31622K, capacity 32122K, committed 32512K, reserved 32768K
}
Event: 32.888 GC heap before
{Heap before GC invocations=11 (full 3):
 def new generation   total 2374784K, used 263807K [0x00007f9b8c600000, 0x00007f9c2d6c0000, 0x00007fa0e1b50000)
  eden space 2110976K,   0% used [0x00007f9b8c600000, 0x00007f9b8c600000, 0x00007f9c0d380000)
  from space 263808K,  99% used [0x00007f9c0d380000, 0x00007f9c1d51ff28, 0x00007f9c1d520000)
  to   space 263808K,   0% used [0x00007f9c1d520000, 0x00007f9c1d520000, 0x00007f9c2d6c0000)
 tenured generation   total 7124352K, used 7124331K [0x00007fa0e1b50000, 0x00007fa2948b0000, 0x00007fab8c600000)
   the space 7124352K,  99% used [0x00007fa0e1b50000, 0x00007fa2948aae88, 0x00007fa2948ab000, 0x00007fa2948b0000)
 Metaspace       used 31622K, capacity 32122K, committed 32512K, reserved 32768K
}
Event: 45.389 GC heap after
{Heap after GC invocations=11 (full 4):
 def new generation   total 5343360K, used 258371K [0x00007f9b8c600000, 0x00007f9cf6be0000, 0x00007fa0e1b50000)
  eden space 4749696K,   5% used [0x00007f9b8c600000, 0x00007f9b9c250d78, 0x00007f9cae460000)
  from space 593664K,   0% used [0x00007f9cae460000, 0x00007f9cae460000, 0x00007f9cd2820000)
  to   space 593664K,   0% used [0x00007f9cd2820000, 0x00007f9cd2820000, 0x00007f9cf6be0000)
 tenured generation   total 11873920K, used 7124351K [0x00007fa0e1b50000, 0x00007fa3b66f0000, 0x00007fab8c600000)
   the space 11873920K,  59% used [0x00007fa0e1b50000, 0x00007fa2948affe0, 0x00007fa2948b0000, 0x00007fa3b66f0000)
 Metaspace       used 31622K, capacity 32122K, committed 32512K, reserved 32768K
}
Event: 67.646 GC heap before
{Heap before GC invocations=11 (full 4):
 def new generation   total 5343360K, used 4749696K [0x00007f9b8c600000, 0x00007f9cf6be0000, 0x00007fa0e1b50000)
  eden space 4749696K, 100% used [0x00007f9b8c600000, 0x00007f9cae460000, 0x00007f9cae460000)
  from space 593664K,   0% used [0x00007f9cae460000, 0x00007f9cae460000, 0x00007f9cd2820000)
  to   space 593664K,   0% used [0x00007f9cd2820000, 0x00007f9cd2820000, 0x00007f9cf6be0000)
 tenured generation   total 11873920K, used 7124351K [0x00007fa0e1b50000, 0x00007fa3b66f0000, 0x00007fab8c600000)
   the space 11873920K,  59% used [0x00007fa0e1b50000, 0x00007fa2948affe0, 0x00007fa2948b0000, 0x00007fa3b66f0000)
 Metaspace       used 31622K, capacity 32122K, committed 32512K, reserved 32768K
}
Event: 71.337 GC heap after
{Heap after GC invocations=12 (full 4):
 def new generation   total 5343360K, used 593663K [0x00007f9b8c600000, 0x00007f9cf6be0000, 0x00007fa0e1b50000)
  eden space 4749696K,   0% used [0x00007f9b8c600000, 0x00007f9b8c600000, 0x00007f9cae460000)
  from space 593664K,  99% used [0x00007f9cd2820000, 0x00007f9cf6bdfe50, 0x00007f9cf6be0000)
  to   space 593664K,   0% used [0x00007f9cae460000, 0x00007f9cae460000, 0x00007f9cd2820000)
 tenured generation   total 11873920K, used 7627717K [0x00007fa0e1b50000, 0x00007fa3b66f0000, 0x00007fab8c600000)
   the space 11873920K,  64% used [0x00007fa0e1b50000, 0x00007fa2b34414d8, 0x00007fa2b3441600, 0x00007fa3b66f0000)
 Metaspace       used 31622K, capacity 32122K, committed 32512K, reserved 32768K
}
Event: 84.382 GC heap before
{Heap before GC invocations=12 (full 4):
 def new generation   total 5343360K, used 5343359K [0x00007f9b8c600000, 0x00007f9cf6be0000, 0x00007fa0e1b50000)
  eden space 4749696K, 100% used [0x00007f9b8c600000, 0x00007f9cae460000, 0x00007f9cae460000)
  from space 593664K,  99% used [0x00007f9cd2820000, 0x00007f9cf6bdfe50, 0x00007f9cf6be0000)
  to   space 593664K,   0% used [0x00007f9cae460000, 0x00007f9cae460000, 0x00007f9cd2820000)
 tenured generation   total 11873920K, used 7627717K [0x00007fa0e1b50000, 0x00007fa3b66f0000, 0x00007fab8c600000)
   the space 11873920K,  64% used [0x00007fa0e1b50000, 0x00007fa2b34414d8, 0x00007fa2b3441600, 0x00007fa3b66f0000)
 Metaspace       used 31622K, capacity 32122K, committed 32512K, reserved 32768K
}
Event: 92.523 GC heap after
{Heap after GC invocations=13 (full 4):
 def new generation   total 5343360K, used 593663K [0x00007f9b8c600000, 0x00007f9cf6be0000, 0x00007fa0e1b50000)
  eden space 4749696K,   0% used [0x00007f9b8c600000, 0x00007f9b8c600000, 0x00007f9cae460000)
  from space 593664K,  99% used [0x00007f9cae460000, 0x00007f9cd281ff68, 0x00007f9cd2820000)
  to   space 593664K,   0% used [0x00007f9cd2820000, 0x00007f9cd2820000, 0x00007f9cf6be0000)
 tenured generation   total 11873920K, used 10244418K [0x00007fa0e1b50000, 0x00007fa3b66f0000, 0x00007fab8c600000)
   the space 11873920K,  86% used [0x00007fa0e1b50000, 0x00007fa352fa0bd8, 0x00007fa352fa0c00, 0x00007fa3b66f0000)
 Metaspace       used 31622K, capacity 32122K, committed 32512K, reserved 32768K
}
Event: 97.205 GC heap before
{Heap before GC invocations=13 (full 4):
 def new generation   total 5343360K, used 5343359K [0x00007f9b8c600000, 0x00007f9cf6be0000, 0x00007fa0e1b50000)
  eden space 4749696K, 100% used [0x00007f9b8c600000, 0x00007f9cae460000, 0x00007f9cae460000)
  from space 593664K,  99% used [0x00007f9cae460000, 0x00007f9cd281ff68, 0x00007f9cd2820000)
  to   space 593664K,   0% used [0x00007f9cd2820000, 0x00007f9cd2820000, 0x00007f9cf6be0000)
 tenured generation   total 11873920K, used 10244418K [0x00007fa0e1b50000, 0x00007fa3b66f0000, 0x00007fab8c600000)
   the space 11873920K,  86% used [0x00007fa0e1b50000, 0x00007fa352fa0bd8, 0x00007fa352fa0c00, 0x00007fa3b66f0000)
 Metaspace       used 31622K, capacity 32122K, committed 32512K, reserved 32768K
}
Event: 112.240 GC heap after
{Heap after GC invocations=14 (full 4):
 def new generation   total 5343360K, used 593663K [0x00007f9b8c600000, 0x00007f9cf6be0000, 0x00007fa0e1b50000)
  eden space 4749696K,   0% used [0x00007f9b8c600000, 0x00007f9b8c600000, 0x00007f9cae460000)
  from space 593664K,  99% used [0x00007f9cd2820000, 0x00007f9cf6bdffe0, 0x00007f9cf6be0000)
  to   space 593664K,   0% used [0x00007f9cae460000, 0x00007f9cae460000, 0x00007f9cd2820000)
 tenured generation   total 14994112K, used 14994064K [0x00007fa0e1b50000, 0x00007fa474e00000, 0x00007fab8c600000)
   the space 14994112K,  99% used [0x00007fa0e1b50000, 0x00007fa474df4018, 0x00007fa474df4200, 0x00007fa474e00000)
 Metaspace       used 31622K, capacity 32122K, committed 32512K, reserved 32768K
}
Event: 112.240 GC heap before
{Heap before GC invocations=14 (full 4):
 def new generation   total 5343360K, used 593663K [0x00007f9b8c600000, 0x00007f9cf6be0000, 0x00007fa0e1b50000)
  eden space 4749696K,   0% used [0x00007f9b8c600000, 0x00007f9b8c600000, 0x00007f9cae460000)
  from space 593664K,  99% used [0x00007f9cd2820000, 0x00007f9cf6bdffe0, 0x00007f9cf6be0000)
  to   space 593664K,   0% used [0x00007f9cae460000, 0x00007f9cae460000, 0x00007f9cd2820000)
 tenured generation   total 14994112K, used 14994064K [0x00007fa0e1b50000, 0x00007fa474e00000, 0x00007fab8c600000)
   the space 14994112K,  99% used [0x00007fa0e1b50000, 0x00007fa474df4018, 0x00007fa474df4200, 0x00007fa474e00000)
 Metaspace       used 31622K, capacity 32122K, committed 32512K, reserved 32768K
}

