# JRE version: OpenJDK Runtime Environment (13.0.7+5) (build 13.0.7+5-Ubuntu-0ubuntu120.04)
# Java VM: OpenJDK 64-Bit Server VM (13.0.7+5-Ubuntu-0ubuntu120.04, mixed mode, tiered, serial gc, linux-amd64)
Heap:
 def new generation   total 1748160K, used 0K [0x00007fc6f4600000, 0x00007fc76aed0000, 0x00007fd19f0a0000)
  eden space 1553984K,   0% used [0x00007fc6f4600000, 0x00007fc6f4600000, 0x00007fc753390000)
  from space 194176K,   0% used [0x00007fc75f130000, 0x00007fc75f130000, 0x00007fc76aed0000)
  to   space 194176K,   0% used [0x00007fc753390000, 0x00007fc753390000, 0x00007fc75f130000)
 tenured generation   total 3884780K, used 3867903K [0x00007fd19f0a0000, 0x00007fd28c25b000, 0x00007fe6f4600000)
   the space 3884780K,  99% used [0x00007fd19f0a0000, 0x00007fd28b1dfc90, 0x00007fd28b1dfe00, 0x00007fd28c25b000)
 Metaspace       used 25251K, capacity 25776K, committed 25856K, reserved 26624K
GC Heap History (20 events):
Event: 5235.468 GC heap after
{Heap after GC invocations=9930 (full 3):
 def new generation   total 1748160K, used 20467K [0x00007fc6f4600000, 0x00007fc76aed0000, 0x00007fd19f0a0000)
  eden space 1553984K,   0% used [0x00007fc6f4600000, 0x00007fc6f4600000, 0x00007fc753390000)
  from space 194176K,  10% used [0x00007fc753390000, 0x00007fc75478cc10, 0x00007fc75f130000)
  to   space 194176K,   0% used [0x00007fc75f130000, 0x00007fc75f130000, 0x00007fc76aed0000)
 tenured generation   total 3884588K, used 3872441K [0x00007fd19f0a0000, 0x00007fd28c22b000, 0x00007fe6f4600000)
   the space 3884588K,  99% used [0x00007fd19f0a0000, 0x00007fd28b64e5b8, 0x00007fd28b64e600, 0x00007fd28c22b000)
 Metaspace       used 25251K, capacity 25776K, committed 25856K, reserved 26624K
}
Event: 5236.399 GC heap before
{Heap before GC invocations=9930 (full 3):
 def new generation   total 1748160K, used 1574451K [0x00007fc6f4600000, 0x00007fc76aed0000, 0x00007fd19f0a0000)
  eden space 1553984K, 100% used [0x00007fc6f4600000, 0x00007fc753390000, 0x00007fc753390000)
  from space 194176K,  10% used [0x00007fc753390000, 0x00007fc75478cc10, 0x00007fc75f130000)
  to   space 194176K,   0% used [0x00007fc75f130000, 0x00007fc75f130000, 0x00007fc76aed0000)
 tenured generation   total 3884588K, used 3872441K [0x00007fd19f0a0000, 0x00007fd28c22b000, 0x00007fe6f4600000)
   the space 3884588K,  99% used [0x00007fd19f0a0000, 0x00007fd28b64e5b8, 0x00007fd28b64e600, 0x00007fd28c22b000)
 Metaspace       used 25251K, capacity 25776K, committed 25856K, reserved 26624K
}
Event: 5236.429 GC heap after
{Heap after GC invocations=9931 (full 3):
 def new generation   total 1748160K, used 20492K [0x00007fc6f4600000, 0x00007fc76aed0000, 0x00007fd19f0a0000)
  eden space 1553984K,   0% used [0x00007fc6f4600000, 0x00007fc6f4600000, 0x00007fc753390000)
  from space 194176K,  10% used [0x00007fc75f130000, 0x00007fc760533330, 0x00007fc76aed0000)
  to   space 194176K,   0% used [0x00007fc753390000, 0x00007fc753390000, 0x00007fc75f130000)
 tenured generation   total 3884588K, used 3873807K [0x00007fd19f0a0000, 0x00007fd28c22b000, 0x00007fe6f4600000)
   the space 3884588K,  99% used [0x00007fd19f0a0000, 0x00007fd28b7a3c38, 0x00007fd28b7a3e00, 0x00007fd28c22b000)
 Metaspace       used 25251K, capacity 25776K, committed 25856K, reserved 26624K
}
Event: 5237.355 GC heap before
{Heap before GC invocations=9931 (full 3):
 def new generation   total 1748160K, used 1574476K [0x00007fc6f4600000, 0x00007fc76aed0000, 0x00007fd19f0a0000)
  eden space 1553984K, 100% used [0x00007fc6f4600000, 0x00007fc753390000, 0x00007fc753390000)
  from space 194176K,  10% used [0x00007fc75f130000, 0x00007fc760533330, 0x00007fc76aed0000)
  to   space 194176K,   0% used [0x00007fc753390000, 0x00007fc753390000, 0x00007fc75f130000)
 tenured generation   total 3884588K, used 3873807K [0x00007fd19f0a0000, 0x00007fd28c22b000, 0x00007fe6f4600000)
   the space 3884588K,  99% used [0x00007fd19f0a0000, 0x00007fd28b7a3c38, 0x00007fd28b7a3e00, 0x00007fd28c22b000)
 Metaspace       used 25251K, capacity 25776K, committed 25856K, reserved 26624K
}
Event: 5237.384 GC heap after
{Heap after GC invocations=9932 (full 3):
 def new generation   total 1748160K, used 20476K [0x00007fc6f4600000, 0x00007fc76aed0000, 0x00007fd19f0a0000)
  eden space 1553984K,   0% used [0x00007fc6f4600000, 0x00007fc6f4600000, 0x00007fc753390000)
  from space 194176K,  10% used [0x00007fc753390000, 0x00007fc75478f380, 0x00007fc75f130000)
  to   space 194176K,   0% used [0x00007fc75f130000, 0x00007fc75f130000, 0x00007fc76aed0000)
 tenured generation   total 3884588K, used 3875172K [0x00007fd19f0a0000, 0x00007fd28c22b000, 0x00007fe6f4600000)
   the space 3884588K,  99% used [0x00007fd19f0a0000, 0x00007fd28b8f92b8, 0x00007fd28b8f9400, 0x00007fd28c22b000)
 Metaspace       used 25251K, capacity 25776K, committed 25856K, reserved 26624K
}
Event: 5238.305 GC heap before
{Heap before GC invocations=9932 (full 3):
 def new generation   total 1748160K, used 1574460K [0x00007fc6f4600000, 0x00007fc76aed0000, 0x00007fd19f0a0000)
  eden space 1553984K, 100% used [0x00007fc6f4600000, 0x00007fc753390000, 0x00007fc753390000)
  from space 194176K,  10% used [0x00007fc753390000, 0x00007fc75478f380, 0x00007fc75f130000)
  to   space 194176K,   0% used [0x00007fc75f130000, 0x00007fc75f130000, 0x00007fc76aed0000)
 tenured generation   total 3884588K, used 3875172K [0x00007fd19f0a0000, 0x00007fd28c22b000, 0x00007fe6f4600000)
   the space 3884588K,  99% used [0x00007fd19f0a0000, 0x00007fd28b8f92b8, 0x00007fd28b8f9400, 0x00007fd28c22b000)
 Metaspace       used 25251K, capacity 25776K, committed 25856K, reserved 26624K
}
Event: 5238.335 GC heap after
{Heap after GC invocations=9933 (full 3):
 def new generation   total 1748160K, used 20422K [0x00007fc6f4600000, 0x00007fc76aed0000, 0x00007fd19f0a0000)
  eden space 1553984K,   0% used [0x00007fc6f4600000, 0x00007fc6f4600000, 0x00007fc753390000)
  from space 194176K,  10% used [0x00007fc75f130000, 0x00007fc760521898, 0x00007fc76aed0000)
  to   space 194176K,   0% used [0x00007fc753390000, 0x00007fc753390000, 0x00007fc75f130000)
 tenured generation   total 3884588K, used 3876538K [0x00007fd19f0a0000, 0x00007fd28c22b000, 0x00007fe6f4600000)
   the space 3884588K,  99% used [0x00007fd19f0a0000, 0x00007fd28ba4e938, 0x00007fd28ba4ea00, 0x00007fd28c22b000)
 Metaspace       used 25251K, capacity 25776K, committed 25856K, reserved 26624K
}
Event: 5239.279 GC heap before
{Heap before GC invocations=9933 (full 3):
 def new generation   total 1748160K, used 1574406K [0x00007fc6f4600000, 0x00007fc76aed0000, 0x00007fd19f0a0000)
  eden space 1553984K, 100% used [0x00007fc6f4600000, 0x00007fc753390000, 0x00007fc753390000)
  from space 194176K,  10% used [0x00007fc75f130000, 0x00007fc760521898, 0x00007fc76aed0000)
  to   space 194176K,   0% used [0x00007fc753390000, 0x00007fc753390000, 0x00007fc75f130000)
 tenured generation   total 3884588K, used 3876538K [0x00007fd19f0a0000, 0x00007fd28c22b000, 0x00007fe6f4600000)
   the space 3884588K,  99% used [0x00007fd19f0a0000, 0x00007fd28ba4e938, 0x00007fd28ba4ea00, 0x00007fd28c22b000)
 Metaspace       used 25251K, capacity 25776K, committed 25856K, reserved 26624K
}
Event: 5239.308 GC heap after
{Heap after GC invocations=9934 (full 3):
 def new generation   total 1748160K, used 20421K [0x00007fc6f4600000, 0x00007fc76aed0000, 0x00007fd19f0a0000)
  eden space 1553984K,   0% used [0x00007fc6f4600000, 0x00007fc6f4600000, 0x00007fc753390000)
  from space 194176K,  10% used [0x00007fc753390000, 0x00007fc7547817a8, 0x00007fc75f130000)
  to   space 194176K,   0% used [0x00007fc75f130000, 0x00007fc75f130000, 0x00007fc76aed0000)
 tenured generation   total 3884588K, used 3877908K [0x00007fd19f0a0000, 0x00007fd28c22b000, 0x00007fe6f4600000)
   the space 3884588K,  99% used [0x00007fd19f0a0000, 0x00007fd28bba50f8, 0x00007fd28bba5200, 0x00007fd28c22b000)
 Metaspace       used 25251K, capacity 25776K, committed 25856K, reserved 26624K
}
Event: 5240.226 GC heap before
{Heap before GC invocations=9934 (full 3):
 def new generation   total 1748160K, used 1574405K [0x00007fc6f4600000, 0x00007fc76aed0000, 0x00007fd19f0a0000)
  eden space 1553984K, 100% used [0x00007fc6f4600000, 0x00007fc753390000, 0x00007fc753390000)
  from space 194176K,  10% used [0x00007fc753390000, 0x00007fc7547817a8, 0x00007fc75f130000)
  to   space 194176K,   0% used [0x00007fc75f130000, 0x00007fc75f130000, 0x00007fc76aed0000)
 tenured generation   total 3884588K, used 3877908K [0x00007fd19f0a0000, 0x00007fd28c22b000, 0x00007fe6f4600000)
   the space 3884588K,  99% used [0x00007fd19f0a0000, 0x00007fd28bba50f8, 0x00007fd28bba5200, 0x00007fd28c22b000)
 Metaspace       used 25251K, capacity 25776K, committed 25856K, reserved 26624K
}
Event: 5240.255 GC heap after
{Heap after GC invocations=9935 (full 3):
 def new generation   total 1748160K, used 20425K [0x00007fc6f4600000, 0x00007fc76aed0000, 0x00007fd19f0a0000)
  eden space 1553984K,   0% used [0x00007fc6f4600000, 0x00007fc6f4600000, 0x00007fc753390000)
  from space 194176K,  10% used [0x00007fc75f130000, 0x00007fc760522708, 0x00007fc76aed0000)
  to   space 194176K,   0% used [0x00007fc753390000, 0x00007fc753390000, 0x00007fc75f130000)
 tenured generation   total 3884588K, used 3879273K [0x00007fd19f0a0000, 0x00007fd28c22b000, 0x00007fe6f4600000)
   the space 3884588K,  99% used [0x00007fd19f0a0000, 0x00007fd28bcfa778, 0x00007fd28bcfa800, 0x00007fd28c22b000)
 Metaspace       used 25251K, capacity 25776K, committed 25856K, reserved 26624K
}
Event: 5241.191 GC heap before
{Heap before GC invocations=9935 (full 3):
 def new generation   total 1748160K, used 1574409K [0x00007fc6f4600000, 0x00007fc76aed0000, 0x00007fd19f0a0000)
  eden space 1553984K, 100% used [0x00007fc6f4600000, 0x00007fc753390000, 0x00007fc753390000)
  from space 194176K,  10% used [0x00007fc75f130000, 0x00007fc760522708, 0x00007fc76aed0000)
  to   space 194176K,   0% used [0x00007fc753390000, 0x00007fc753390000, 0x00007fc75f130000)
 tenured generation   total 3884588K, used 3879273K [0x00007fd19f0a0000, 0x00007fd28c22b000, 0x00007fe6f4600000)
   the space 3884588K,  99% used [0x00007fd19f0a0000, 0x00007fd28bcfa778, 0x00007fd28bcfa800, 0x00007fd28c22b000)
 Metaspace       used 25251K, capacity 25776K, committed 25856K, reserved 26624K
}
Event: 5241.216 GC heap after
{Heap after GC invocations=9936 (full 3):
 def new generation   total 1748160K, used 20495K [0x00007fc6f4600000, 0x00007fc76aed0000, 0x00007fd19f0a0000)
  eden space 1553984K,   0% used [0x00007fc6f4600000, 0x00007fc6f4600000, 0x00007fc753390000)
  from space 194176K,  10% used [0x00007fc753390000, 0x00007fc754793e68, 0x00007fc75f130000)
  to   space 194176K,   0% used [0x00007fc75f130000, 0x00007fc75f130000, 0x00007fc76aed0000)
 tenured generation   total 3884588K, used 3880588K [0x00007fd19f0a0000, 0x00007fd28c22b000, 0x00007fe6f4600000)
   the space 3884588K,  99% used [0x00007fd19f0a0000, 0x00007fd28be431f8, 0x00007fd28be43200, 0x00007fd28c22b000)
 Metaspace       used 25251K, capacity 25776K, committed 25856K, reserved 26624K
}
Event: 5242.128 GC heap before
{Heap before GC invocations=9936 (full 3):
 def new generation   total 1748160K, used 1574479K [0x00007fc6f4600000, 0x00007fc76aed0000, 0x00007fd19f0a0000)
  eden space 1553984K, 100% used [0x00007fc6f4600000, 0x00007fc753390000, 0x00007fc753390000)
  from space 194176K,  10% used [0x00007fc753390000, 0x00007fc754793e68, 0x00007fc75f130000)
  to   space 194176K,   0% used [0x00007fc75f130000, 0x00007fc75f130000, 0x00007fc76aed0000)
 tenured generation   total 3884588K, used 3880588K [0x00007fd19f0a0000, 0x00007fd28c22b000, 0x00007fe6f4600000)
   the space 3884588K,  99% used [0x00007fd19f0a0000, 0x00007fd28be431f8, 0x00007fd28be43200, 0x00007fd28c22b000)
 Metaspace       used 25251K, capacity 25776K, committed 25856K, reserved 26624K
}
Event: 5242.155 GC heap after
{Heap after GC invocations=9937 (full 3):
 def new generation   total 1748160K, used 20494K [0x00007fc6f4600000, 0x00007fc76aed0000, 0x00007fd19f0a0000)
  eden space 1553984K,   0% used [0x00007fc6f4600000, 0x00007fc6f4600000, 0x00007fc753390000)
  from space 194176K,  10% used [0x00007fc75f130000, 0x00007fc760533b60, 0x00007fc76aed0000)
  to   space 194176K,   0% used [0x00007fc753390000, 0x00007fc753390000, 0x00007fc75f130000)
 tenured generation   total 3884588K, used 3881954K [0x00007fd19f0a0000, 0x00007fd28c22b000, 0x00007fe6f4600000)
   the space 3884588K,  99% used [0x00007fd19f0a0000, 0x00007fd28bf98878, 0x00007fd28bf98a00, 0x00007fd28c22b000)
 Metaspace       used 25251K, capacity 25776K, committed 25856K, reserved 26624K
}
Event: 5243.090 GC heap before
{Heap before GC invocations=9937 (full 3):
 def new generation   total 1748160K, used 1574478K [0x00007fc6f4600000, 0x00007fc76aed0000, 0x00007fd19f0a0000)
  eden space 1553984K, 100% used [0x00007fc6f4600000, 0x00007fc753390000, 0x00007fc753390000)
  from space 194176K,  10% used [0x00007fc75f130000, 0x00007fc760533b60, 0x00007fc76aed0000)
  to   space 194176K,   0% used [0x00007fc753390000, 0x00007fc753390000, 0x00007fc75f130000)
 tenured generation   total 3884588K, used 3881954K [0x00007fd19f0a0000, 0x00007fd28c22b000, 0x00007fe6f4600000)
   the space 3884588K,  99% used [0x00007fd19f0a0000, 0x00007fd28bf98878, 0x00007fd28bf98a00, 0x00007fd28c22b000)
 Metaspace       used 25251K, capacity 25776K, committed 25856K, reserved 26624K
}
Event: 5243.117 GC heap after
{Heap after GC invocations=9938 (full 3):
 def new generation   total 1748160K, used 20483K [0x00007fc6f4600000, 0x00007fc76aed0000, 0x00007fd19f0a0000)
  eden space 1553984K,   0% used [0x00007fc6f4600000, 0x00007fc6f4600000, 0x00007fc753390000)
  from space 194176K,  10% used [0x00007fc753390000, 0x00007fc754790d80, 0x00007fc75f130000)
  to   space 194176K,   0% used [0x00007fc75f130000, 0x00007fc75f130000, 0x00007fc76aed0000)
 tenured generation   total 3884588K, used 3883319K [0x00007fd19f0a0000, 0x00007fd28c22b000, 0x00007fe6f4600000)
   the space 3884588K,  99% used [0x00007fd19f0a0000, 0x00007fd28c0edef8, 0x00007fd28c0ee000, 0x00007fd28c22b000)
 Metaspace       used 25251K, capacity 25776K, committed 25856K, reserved 26624K
}
Event: 5244.043 GC heap before
{Heap before GC invocations=9938 (full 3):
 def new generation   total 1748160K, used 1574467K [0x00007fc6f4600000, 0x00007fc76aed0000, 0x00007fd19f0a0000)
  eden space 1553984K, 100% used [0x00007fc6f4600000, 0x00007fc753390000, 0x00007fc753390000)
  from space 194176K,  10% used [0x00007fc753390000, 0x00007fc754790d80, 0x00007fc75f130000)
  to   space 194176K,   0% used [0x00007fc75f130000, 0x00007fc75f130000, 0x00007fc76aed0000)
 tenured generation   total 3884588K, used 3883319K [0x00007fd19f0a0000, 0x00007fd28c22b000, 0x00007fe6f4600000)
   the space 3884588K,  99% used [0x00007fd19f0a0000, 0x00007fd28c0edef8, 0x00007fd28c0ee000, 0x00007fd28c22b000)
 Metaspace       used 25251K, capacity 25776K, committed 25856K, reserved 26624K
}
Event: 5244.074 GC heap after
{Heap after GC invocations=9939 (full 3):
 def new generation   total 1748160K, used 20503K [0x00007fc6f4600000, 0x00007fc76aed0000, 0x00007fd19f0a0000)
  eden space 1553984K,   0% used [0x00007fc6f4600000, 0x00007fc6f4600000, 0x00007fc753390000)
  from space 194176K,  10% used [0x00007fc75f130000, 0x00007fc760535c28, 0x00007fc76aed0000)
  to   space 194176K,   0% used [0x00007fc753390000, 0x00007fc753390000, 0x00007fc75f130000)
 tenured generation   total 3884780K, used 3884685K [0x00007fd19f0a0000, 0x00007fd28c25b000, 0x00007fe6f4600000)
   the space 3884780K,  99% used [0x00007fd19f0a0000, 0x00007fd28c243578, 0x00007fd28c243600, 0x00007fd28c25b000)
 Metaspace       used 25251K, capacity 25776K, committed 25856K, reserved 26624K
}
Event: 5244.074 GC heap before
{Heap before GC invocations=9939 (full 3):
 def new generation   total 1748160K, used 20503K [0x00007fc6f4600000, 0x00007fc76aed0000, 0x00007fd19f0a0000)
  eden space 1553984K,   0% used [0x00007fc6f4600000, 0x00007fc6f4600000, 0x00007fc753390000)
  from space 194176K,  10% used [0x00007fc75f130000, 0x00007fc760535c28, 0x00007fc76aed0000)
  to   space 194176K,   0% used [0x00007fc753390000, 0x00007fc753390000, 0x00007fc75f130000)
 tenured generation   total 3884780K, used 3884685K [0x00007fd19f0a0000, 0x00007fd28c25b000, 0x00007fe6f4600000)
   the space 3884780K,  99% used [0x00007fd19f0a0000, 0x00007fd28c243578, 0x00007fd28c243600, 0x00007fd28c25b000)
 Metaspace       used 25251K, capacity 25776K, committed 25856K, reserved 26624K
}

