# JRE version: OpenJDK Runtime Environment (13.0.7+5) (build 13.0.7+5-Ubuntu-0ubuntu120.04)
# Java VM: OpenJDK 64-Bit Server VM (13.0.7+5-Ubuntu-0ubuntu120.04, mixed mode, tiered, serial gc, linux-amd64)
Heap:
 def new generation   total 2629760K, used 121703K [0x00007f9770600000, 0x00007f9822b70000, 0x00007f9cc5b50000)
  eden space 2337600K,   5% used [0x00007f9770600000, 0x00007f9777cd9e18, 0x00007f97ff0d0000)
  from space 292160K,   0% used [0x00007f97ff0d0000, 0x00007f97ff0d0000, 0x00007f9810e20000)
  to   space 292160K,   0% used [0x00007f9810e20000, 0x00007f9810e20000, 0x00007f9822b70000)
 tenured generation   total 5843928K, used 5843927K [0x00007f9cc5b50000, 0x00007f9e2a646000, 0x00007fa770600000)
   the space 5843928K,  99% used [0x00007f9cc5b50000, 0x00007f9e2a645f58, 0x00007f9e2a646000, 0x00007f9e2a646000)
 Metaspace       used 31595K, capacity 32070K, committed 32256K, reserved 32768K
GC Heap History (20 events):
Event: 9.197 GC heap after
{Heap after GC invocations=2 (full 1):
 def new generation   total 629248K, used 7660K [0x00007f9770600000, 0x00007f979b0c0000, 0x00007f9cc5b50000)
  eden space 559360K,   0% used [0x00007f9770600000, 0x00007f9770600000, 0x00007f9792840000)
  from space 69888K,  10% used [0x00007f9796c80000, 0x00007f97973fb1d0, 0x00007f979b0c0000)
  to   space 69888K,   0% used [0x00007f9792840000, 0x00007f9792840000, 0x00007f9796c80000)
 tenured generation   total 1398144K, used 14055K [0x00007f9cc5b50000, 0x00007f9d1b0b0000, 0x00007fa770600000)
   the space 1398144K,   1% used [0x00007f9cc5b50000, 0x00007f9cc6909c18, 0x00007f9cc6909e00, 0x00007f9d1b0b0000)
 Metaspace       used 31591K, capacity 32070K, committed 32256K, reserved 32768K
}
Event: 10.390 GC heap before
{Heap before GC invocations=2 (full 1):
 def new generation   total 629248K, used 567020K [0x00007f9770600000, 0x00007f979b0c0000, 0x00007f9cc5b50000)
  eden space 559360K, 100% used [0x00007f9770600000, 0x00007f9792840000, 0x00007f9792840000)
  from space 69888K,  10% used [0x00007f9796c80000, 0x00007f97973fb1d0, 0x00007f979b0c0000)
  to   space 69888K,   0% used [0x00007f9792840000, 0x00007f9792840000, 0x00007f9796c80000)
 tenured generation   total 1398144K, used 14055K [0x00007f9cc5b50000, 0x00007f9d1b0b0000, 0x00007fa770600000)
   the space 1398144K,   1% used [0x00007f9cc5b50000, 0x00007f9cc6909c18, 0x00007f9cc6909e00, 0x00007f9d1b0b0000)
 Metaspace       used 31595K, capacity 32070K, committed 32256K, reserved 32768K
}
Event: 11.407 GC heap after
{Heap after GC invocations=3 (full 1):
 def new generation   total 629248K, used 69887K [0x00007f9770600000, 0x00007f979b0c0000, 0x00007f9cc5b50000)
  eden space 559360K,   0% used [0x00007f9770600000, 0x00007f9770600000, 0x00007f9792840000)
  from space 69888K,  99% used [0x00007f9792840000, 0x00007f9796c7ff10, 0x00007f9796c80000)
  to   space 69888K,   0% used [0x00007f9796c80000, 0x00007f9796c80000, 0x00007f979b0c0000)
 tenured generation   total 1398144K, used 439454K [0x00007f9cc5b50000, 0x00007f9d1b0b0000, 0x00007fa770600000)
   the space 1398144K,  31% used [0x00007f9cc5b50000, 0x00007f9ce08779e0, 0x00007f9ce0877a00, 0x00007f9d1b0b0000)
 Metaspace       used 31595K, capacity 32070K, committed 32256K, reserved 32768K
}
Event: 11.972 GC heap before
{Heap before GC invocations=3 (full 1):
 def new generation   total 629248K, used 629247K [0x00007f9770600000, 0x00007f979b0c0000, 0x00007f9cc5b50000)
  eden space 559360K, 100% used [0x00007f9770600000, 0x00007f9792840000, 0x00007f9792840000)
  from space 69888K,  99% used [0x00007f9792840000, 0x00007f9796c7ff10, 0x00007f9796c80000)
  to   space 69888K,   0% used [0x00007f9796c80000, 0x00007f9796c80000, 0x00007f979b0c0000)
 tenured generation   total 1398144K, used 439454K [0x00007f9cc5b50000, 0x00007f9d1b0b0000, 0x00007fa770600000)
   the space 1398144K,  31% used [0x00007f9cc5b50000, 0x00007f9ce08779e0, 0x00007f9ce0877a00, 0x00007f9d1b0b0000)
 Metaspace       used 31595K, capacity 32070K, committed 32256K, reserved 32768K
}
Event: 13.351 GC heap after
{Heap after GC invocations=4 (full 1):
 def new generation   total 629248K, used 69887K [0x00007f9770600000, 0x00007f979b0c0000, 0x00007f9cc5b50000)
  eden space 559360K,   0% used [0x00007f9770600000, 0x00007f9770600000, 0x00007f9792840000)
  from space 69888K,  99% used [0x00007f9796c80000, 0x00007f979b0bff38, 0x00007f979b0c0000)
  to   space 69888K,   0% used [0x00007f9792840000, 0x00007f9792840000, 0x00007f9796c80000)
 tenured generation   total 1398144K, used 998768K [0x00007f9cc5b50000, 0x00007f9d1b0b0000, 0x00007fa770600000)
   the space 1398144K,  71% used [0x00007f9cc5b50000, 0x00007f9d02aac158, 0x00007f9d02aac200, 0x00007f9d1b0b0000)
 Metaspace       used 31595K, capacity 32070K, committed 32256K, reserved 32768K
}
Event: 13.887 GC heap before
{Heap before GC invocations=4 (full 1):
 def new generation   total 629248K, used 629247K [0x00007f9770600000, 0x00007f979b0c0000, 0x00007f9cc5b50000)
  eden space 559360K, 100% used [0x00007f9770600000, 0x00007f9792840000, 0x00007f9792840000)
  from space 69888K,  99% used [0x00007f9796c80000, 0x00007f979b0bff38, 0x00007f979b0c0000)
  to   space 69888K,   0% used [0x00007f9792840000, 0x00007f9792840000, 0x00007f9796c80000)
 tenured generation   total 1398144K, used 998768K [0x00007f9cc5b50000, 0x00007f9d1b0b0000, 0x00007fa770600000)
   the space 1398144K,  71% used [0x00007f9cc5b50000, 0x00007f9d02aac158, 0x00007f9d02aac200, 0x00007f9d1b0b0000)
 Metaspace       used 31595K, capacity 32070K, committed 32256K, reserved 32768K
}
Event: 15.162 GC heap after
{Heap after GC invocations=5 (full 1):
 def new generation   total 629248K, used 69887K [0x00007f9770600000, 0x00007f979b0c0000, 0x00007f9cc5b50000)
  eden space 559360K,   0% used [0x00007f9770600000, 0x00007f9770600000, 0x00007f9792840000)
  from space 69888K,  99% used [0x00007f9792840000, 0x00007f9796c7ff38, 0x00007f9796c80000)
  to   space 69888K,   0% used [0x00007f9796c80000, 0x00007f9796c80000, 0x00007f979b0c0000)
 tenured generation   total 1558272K, used 1558088K [0x00007f9cc5b50000, 0x00007f9d24d10000, 0x00007fa770600000)
   the space 1558272K,  99% used [0x00007f9cc5b50000, 0x00007f9d24ce2218, 0x00007f9d24ce2400, 0x00007f9d24d10000)
 Metaspace       used 31595K, capacity 32070K, committed 32256K, reserved 32768K
}
Event: 15.162 GC heap before
{Heap before GC invocations=5 (full 1):
 def new generation   total 629248K, used 69887K [0x00007f9770600000, 0x00007f979b0c0000, 0x00007f9cc5b50000)
  eden space 559360K,   0% used [0x00007f9770600000, 0x00007f9770600000, 0x00007f9792840000)
  from space 69888K,  99% used [0x00007f9792840000, 0x00007f9796c7ff38, 0x00007f9796c80000)
  to   space 69888K,   0% used [0x00007f9796c80000, 0x00007f9796c80000, 0x00007f979b0c0000)
 tenured generation   total 1558272K, used 1558088K [0x00007f9cc5b50000, 0x00007f9d24d10000, 0x00007fa770600000)
   the space 1558272K,  99% used [0x00007f9cc5b50000, 0x00007f9d24ce2218, 0x00007f9d24ce2400, 0x00007f9d24d10000)
 Metaspace       used 31595K, capacity 32070K, committed 32256K, reserved 32768K
}
Event: 16.516 GC heap after
{Heap after GC invocations=5 (full 2):
 def new generation   total 1168768K, used 69704K [0x00007f9770600000, 0x00007f97bfa30000, 0x00007f9cc5b50000)
  eden space 1038912K,   6% used [0x00007f9770600000, 0x00007f9774a12268, 0x00007f97afc90000)
  from space 129856K,   0% used [0x00007f97afc90000, 0x00007f97afc90000, 0x00007f97b7b60000)
  to   space 129856K,   0% used [0x00007f97b7b60000, 0x00007f97b7b60000, 0x00007f97bfa30000)
 tenured generation   total 2597120K, used 1558271K [0x00007f9cc5b50000, 0x00007f9d64390000, 0x00007fa770600000)
   the space 2597120K,  59% used [0x00007f9cc5b50000, 0x00007f9d24d0fee8, 0x00007f9d24d10000, 0x00007f9d64390000)
 Metaspace       used 31595K, capacity 32070K, committed 32256K, reserved 32768K
}
Event: 17.504 GC heap before
{Heap before GC invocations=5 (full 2):
 def new generation   total 1168768K, used 1038912K [0x00007f9770600000, 0x00007f97bfa30000, 0x00007f9cc5b50000)
  eden space 1038912K, 100% used [0x00007f9770600000, 0x00007f97afc90000, 0x00007f97afc90000)
  from space 129856K,   0% used [0x00007f97afc90000, 0x00007f97afc90000, 0x00007f97b7b60000)
  to   space 129856K,   0% used [0x00007f97b7b60000, 0x00007f97b7b60000, 0x00007f97bfa30000)
 tenured generation   total 2597120K, used 1558271K [0x00007f9cc5b50000, 0x00007f9d64390000, 0x00007fa770600000)
   the space 2597120K,  59% used [0x00007f9cc5b50000, 0x00007f9d24d0fee8, 0x00007f9d24d10000, 0x00007f9d64390000)
 Metaspace       used 31595K, capacity 32070K, committed 32256K, reserved 32768K
}
Event: 20.585 GC heap after
{Heap after GC invocations=6 (full 2):
 def new generation   total 1168768K, used 129855K [0x00007f9770600000, 0x00007f97bfa30000, 0x00007f9cc5b50000)
  eden space 1038912K,   0% used [0x00007f9770600000, 0x00007f9770600000, 0x00007f97afc90000)
  from space 129856K,  99% used [0x00007f97b7b60000, 0x00007f97bfa2ffc8, 0x00007f97bfa30000)
  to   space 129856K,   0% used [0x00007f97afc90000, 0x00007f97afc90000, 0x00007f97b7b60000)
 tenured generation   total 2597120K, used 2467279K [0x00007f9cc5b50000, 0x00007f9d64390000, 0x00007fa770600000)
   the space 2597120K,  95% used [0x00007f9cc5b50000, 0x00007f9d5c4c3c30, 0x00007f9d5c4c3e00, 0x00007f9d64390000)
 Metaspace       used 31595K, capacity 32070K, committed 32256K, reserved 32768K
}
Event: 21.579 GC heap before
{Heap before GC invocations=6 (full 2):
 def new generation   total 1168768K, used 1168767K [0x00007f9770600000, 0x00007f97bfa30000, 0x00007f9cc5b50000)
  eden space 1038912K, 100% used [0x00007f9770600000, 0x00007f97afc90000, 0x00007f97afc90000)
  from space 129856K,  99% used [0x00007f97b7b60000, 0x00007f97bfa2ffc8, 0x00007f97bfa30000)
  to   space 129856K,   0% used [0x00007f97afc90000, 0x00007f97afc90000, 0x00007f97b7b60000)
 tenured generation   total 2597120K, used 2467279K [0x00007f9cc5b50000, 0x00007f9d64390000, 0x00007fa770600000)
   the space 2597120K,  95% used [0x00007f9cc5b50000, 0x00007f9d5c4c3c30, 0x00007f9d5c4c3e00, 0x00007f9d64390000)
 Metaspace       used 31595K, capacity 32070K, committed 32256K, reserved 32768K
}
Event: 24.408 GC heap after
{Heap after GC invocations=7 (full 2):
 def new generation   total 1168768K, used 129855K [0x00007f9770600000, 0x00007f97bfa30000, 0x00007f9cc5b50000)
  eden space 1038912K,   0% used [0x00007f9770600000, 0x00007f9770600000, 0x00007f97afc90000)
  from space 129856K,  99% used [0x00007f97afc90000, 0x00007f97b7b5ffc8, 0x00007f97b7b60000)
  to   space 129856K,   0% used [0x00007f97b7b60000, 0x00007f97b7b60000, 0x00007f97bfa30000)
 tenured generation   total 3506240K, used 3506132K [0x00007f9cc5b50000, 0x00007f9d9bb60000, 0x00007fa770600000)
   the space 3506240K,  99% used [0x00007f9cc5b50000, 0x00007f9d9bb45390, 0x00007f9d9bb45400, 0x00007f9d9bb60000)
 Metaspace       used 31595K, capacity 32070K, committed 32256K, reserved 32768K
}
Event: 24.409 GC heap before
{Heap before GC invocations=7 (full 2):
 def new generation   total 1168768K, used 129855K [0x00007f9770600000, 0x00007f97bfa30000, 0x00007f9cc5b50000)
  eden space 1038912K,   0% used [0x00007f9770600000, 0x00007f9770600000, 0x00007f97afc90000)
  from space 129856K,  99% used [0x00007f97afc90000, 0x00007f97b7b5ffc8, 0x00007f97b7b60000)
  to   space 129856K,   0% used [0x00007f97b7b60000, 0x00007f97b7b60000, 0x00007f97bfa30000)
 tenured generation   total 3506240K, used 3506132K [0x00007f9cc5b50000, 0x00007f9d9bb60000, 0x00007fa770600000)
   the space 3506240K,  99% used [0x00007f9cc5b50000, 0x00007f9d9bb45390, 0x00007f9d9bb45400, 0x00007f9d9bb60000)
 Metaspace       used 31595K, capacity 32070K, committed 32256K, reserved 32768K
}
Event: 27.326 GC heap after
{Heap after GC invocations=7 (full 3):
 def new generation   total 2629760K, used 129749K [0x00007f9770600000, 0x00007f9822b70000, 0x00007f9cc5b50000)
  eden space 2337600K,   5% used [0x00007f9770600000, 0x00007f97784b54a8, 0x00007f97ff0d0000)
  from space 292160K,   0% used [0x00007f97ff0d0000, 0x00007f97ff0d0000, 0x00007f9810e20000)
  to   space 292160K,   0% used [0x00007f9810e20000, 0x00007f9810e20000, 0x00007f9822b70000)
 tenured generation   total 5843736K, used 3506239K [0x00007f9cc5b50000, 0x00007f9e2a616000, 0x00007fa770600000)
   the space 5843736K,  59% used [0x00007f9cc5b50000, 0x00007f9d9bb5feb0, 0x00007f9d9bb60000, 0x00007f9e2a616000)
 Metaspace       used 31595K, capacity 32070K, committed 32256K, reserved 32768K
}
Event: 29.789 GC heap before
{Heap before GC invocations=7 (full 3):
 def new generation   total 2629760K, used 2337600K [0x00007f9770600000, 0x00007f9822b70000, 0x00007f9cc5b50000)
  eden space 2337600K, 100% used [0x00007f9770600000, 0x00007f97ff0d0000, 0x00007f97ff0d0000)
  from space 292160K,   0% used [0x00007f97ff0d0000, 0x00007f97ff0d0000, 0x00007f9810e20000)
  to   space 292160K,   0% used [0x00007f9810e20000, 0x00007f9810e20000, 0x00007f9822b70000)
 tenured generation   total 5843736K, used 3506239K [0x00007f9cc5b50000, 0x00007f9e2a616000, 0x00007fa770600000)
   the space 5843736K,  59% used [0x00007f9cc5b50000, 0x00007f9d9bb5feb0, 0x00007f9d9bb60000, 0x00007f9e2a616000)
 Metaspace       used 31595K, capacity 32070K, committed 32256K, reserved 32768K
}
Event: 37.375 GC heap after
{Heap after GC invocations=8 (full 3):
 def new generation   total 2629760K, used 292159K [0x00007f9770600000, 0x00007f9822b70000, 0x00007f9cc5b50000)
  eden space 2337600K,   0% used [0x00007f9770600000, 0x00007f9770600000, 0x00007f97ff0d0000)
  from space 292160K,  99% used [0x00007f9810e20000, 0x00007f9822b6ff20, 0x00007f9822b70000)
  to   space 292160K,   0% used [0x00007f97ff0d0000, 0x00007f97ff0d0000, 0x00007f9810e20000)
 tenured generation   total 5843736K, used 5551635K [0x00007f9cc5b50000, 0x00007f9e2a616000, 0x00007fa770600000)
   the space 5843736K,  95% used [0x00007f9cc5b50000, 0x00007f9e188d4e40, 0x00007f9e188d5000, 0x00007f9e2a616000)
 Metaspace       used 31595K, capacity 32070K, committed 32256K, reserved 32768K
}
Event: 49.898 GC heap before
{Heap before GC invocations=8 (full 3):
 def new generation   total 2629760K, used 2629759K [0x00007f9770600000, 0x00007f9822b70000, 0x00007f9cc5b50000)
  eden space 2337600K, 100% used [0x00007f9770600000, 0x00007f97ff0d0000, 0x00007f97ff0d0000)
  from space 292160K,  99% used [0x00007f9810e20000, 0x00007f9822b6ff20, 0x00007f9822b70000)
  to   space 292160K,   0% used [0x00007f97ff0d0000, 0x00007f97ff0d0000, 0x00007f9810e20000)
 tenured generation   total 5843736K, used 5551635K [0x00007f9cc5b50000, 0x00007f9e2a616000, 0x00007fa770600000)
   the space 5843736K,  95% used [0x00007f9cc5b50000, 0x00007f9e188d4e40, 0x00007f9e188d5000, 0x00007f9e2a616000)
 Metaspace       used 31595K, capacity 32070K, committed 32256K, reserved 32768K
}
Event: 50.921 GC heap after
{Heap after GC invocations=9 (full 3):
 def new generation   total 2629760K, used 127301K [0x00007f9770600000, 0x00007f9822b70000, 0x00007f9cc5b50000)
  eden space 2337600K,   0% used [0x00007f9770600000, 0x00007f9770600000, 0x00007f97ff0d0000)
  from space 292160K,  43% used [0x00007f97ff0d0000, 0x00007f9806d21720, 0x00007f9810e20000)
  to   space 292160K,   0% used [0x00007f9810e20000, 0x00007f9810e20000, 0x00007f9822b70000)
 tenured generation   total 5843928K, used 5843795K [0x00007f9cc5b50000, 0x00007f9e2a646000, 0x00007fa770600000)
   the space 5843928K,  99% used [0x00007f9cc5b50000, 0x00007f9e2a624d60, 0x00007f9e2a624e00, 0x00007f9e2a646000)
 Metaspace       used 31595K, capacity 32070K, committed 32256K, reserved 32768K
}
Event: 50.921 GC heap before
{Heap before GC invocations=9 (full 3):
 def new generation   total 2629760K, used 127301K [0x00007f9770600000, 0x00007f9822b70000, 0x00007f9cc5b50000)
  eden space 2337600K,   0% used [0x00007f9770600000, 0x00007f9770600000, 0x00007f97ff0d0000)
  from space 292160K,  43% used [0x00007f97ff0d0000, 0x00007f9806d21720, 0x00007f9810e20000)
  to   space 292160K,   0% used [0x00007f9810e20000, 0x00007f9810e20000, 0x00007f9822b70000)
 tenured generation   total 5843928K, used 5843795K [0x00007f9cc5b50000, 0x00007f9e2a646000, 0x00007fa770600000)
   the space 5843928K,  99% used [0x00007f9cc5b50000, 0x00007f9e2a624d60, 0x00007f9e2a624e00, 0x00007f9e2a646000)
 Metaspace       used 31595K, capacity 32070K, committed 32256K, reserved 32768K
}

