# JRE version: OpenJDK Runtime Environment (13.0.7+5) (build 13.0.7+5-Ubuntu-0ubuntu120.04)
# Java VM: OpenJDK 64-Bit Server VM (13.0.7+5-Ubuntu-0ubuntu120.04, mixed mode, tiered, serial gc, linux-amd64)
Heap:
 def new generation   total 1049536K, used 0K [0x00007fa424600000, 0x00007fa46b8d0000, 0x00007fa979b50000)
  eden space 932928K,   0% used [0x00007fa424600000, 0x00007fa424600000, 0x00007fa45d510000)
  from space 116608K,   0% used [0x00007fa45d510000, 0x00007fa45d510000, 0x00007fa4646f0000)
  to   space 116608K,   0% used [0x00007fa4646f0000, 0x00007fa4646f0000, 0x00007fa46b8d0000)
 tenured generation   total 2334656K, used 2283684K [0x00007fa979b50000, 0x00007faa08340000, 0x00007fb424600000)
   the space 2334656K,  97% used [0x00007fa979b50000, 0x00007faa051793c8, 0x00007faa05179400, 0x00007faa08340000)
 Metaspace       used 25021K, capacity 25438K, committed 25600K, reserved 26624K
GC Heap History (20 events):
Event: 883.900 GC heap after
{Heap after GC invocations=1519 (full 3):
 def new generation   total 1049536K, used 61045K [0x00007fa424600000, 0x00007fa46b8d0000, 0x00007fa979b50000)
  eden space 932928K,   0% used [0x00007fa424600000, 0x00007fa424600000, 0x00007fa45d510000)
  from space 116608K,  52% used [0x00007fa4646f0000, 0x00007fa46828d408, 0x00007fa46b8d0000)
  to   space 116608K,   0% used [0x00007fa45d510000, 0x00007fa45d510000, 0x00007fa4646f0000)
 tenured generation   total 2332160K, used 2265826K [0x00007fa979b50000, 0x00007faa080d0000, 0x00007fb424600000)
   the space 2332160K,  97% used [0x00007fa979b50000, 0x00007faa04008960, 0x00007faa04008a00, 0x00007faa080d0000)
 Metaspace       used 25021K, capacity 25438K, committed 25600K, reserved 26624K
}
Event: 884.635 GC heap before
{Heap before GC invocations=1519 (full 3):
 def new generation   total 1049536K, used 993973K [0x00007fa424600000, 0x00007fa46b8d0000, 0x00007fa979b50000)
  eden space 932928K, 100% used [0x00007fa424600000, 0x00007fa45d510000, 0x00007fa45d510000)
  from space 116608K,  52% used [0x00007fa4646f0000, 0x00007fa46828d408, 0x00007fa46b8d0000)
  to   space 116608K,   0% used [0x00007fa45d510000, 0x00007fa45d510000, 0x00007fa4646f0000)
 tenured generation   total 2332160K, used 2265826K [0x00007fa979b50000, 0x00007faa080d0000, 0x00007fb424600000)
   the space 2332160K,  97% used [0x00007fa979b50000, 0x00007faa04008960, 0x00007faa04008a00, 0x00007faa080d0000)
 Metaspace       used 25021K, capacity 25438K, committed 25600K, reserved 26624K
}
Event: 884.787 GC heap after
{Heap after GC invocations=1520 (full 3):
 def new generation   total 1049536K, used 61074K [0x00007fa424600000, 0x00007fa46b8d0000, 0x00007fa979b50000)
  eden space 932928K,   0% used [0x00007fa424600000, 0x00007fa424600000, 0x00007fa45d510000)
  from space 116608K,  52% used [0x00007fa45d510000, 0x00007fa4610b4940, 0x00007fa4646f0000)
  to   space 116608K,   0% used [0x00007fa4646f0000, 0x00007fa4646f0000, 0x00007fa46b8d0000)
 tenured generation   total 2332160K, used 2273441K [0x00007fa979b50000, 0x00007faa080d0000, 0x00007fb424600000)
   the space 2332160K,  97% used [0x00007fa979b50000, 0x00007faa04778618, 0x00007faa04778800, 0x00007faa080d0000)
 Metaspace       used 25021K, capacity 25438K, committed 25600K, reserved 26624K
}
Event: 885.486 GC heap before
{Heap before GC invocations=1520 (full 3):
 def new generation   total 1049536K, used 994002K [0x00007fa424600000, 0x00007fa46b8d0000, 0x00007fa979b50000)
  eden space 932928K, 100% used [0x00007fa424600000, 0x00007fa45d510000, 0x00007fa45d510000)
  from space 116608K,  52% used [0x00007fa45d510000, 0x00007fa4610b4940, 0x00007fa4646f0000)
  to   space 116608K,   0% used [0x00007fa4646f0000, 0x00007fa4646f0000, 0x00007fa46b8d0000)
 tenured generation   total 2332160K, used 2273441K [0x00007fa979b50000, 0x00007faa080d0000, 0x00007fb424600000)
   the space 2332160K,  97% used [0x00007fa979b50000, 0x00007faa04778618, 0x00007faa04778800, 0x00007faa080d0000)
 Metaspace       used 25021K, capacity 25438K, committed 25600K, reserved 26624K
}
Event: 885.634 GC heap after
{Heap after GC invocations=1521 (full 3):
 def new generation   total 1049536K, used 61086K [0x00007fa424600000, 0x00007fa46b8d0000, 0x00007fa979b50000)
  eden space 932928K,   0% used [0x00007fa424600000, 0x00007fa424600000, 0x00007fa45d510000)
  from space 116608K,  52% used [0x00007fa4646f0000, 0x00007fa468297980, 0x00007fa46b8d0000)
  to   space 116608K,   0% used [0x00007fa45d510000, 0x00007fa45d510000, 0x00007fa4646f0000)
 tenured generation   total 2332160K, used 2281071K [0x00007fa979b50000, 0x00007faa080d0000, 0x00007fb424600000)
   the space 2332160K,  97% used [0x00007fa979b50000, 0x00007faa04eebe40, 0x00007faa04eec000, 0x00007faa080d0000)
 Metaspace       used 25021K, capacity 25438K, committed 25600K, reserved 26624K
}
Event: 886.343 GC heap before
{Heap before GC invocations=1521 (full 3):
 def new generation   total 1049536K, used 994014K [0x00007fa424600000, 0x00007fa46b8d0000, 0x00007fa979b50000)
  eden space 932928K, 100% used [0x00007fa424600000, 0x00007fa45d510000, 0x00007fa45d510000)
  from space 116608K,  52% used [0x00007fa4646f0000, 0x00007fa468297980, 0x00007fa46b8d0000)
  to   space 116608K,   0% used [0x00007fa45d510000, 0x00007fa45d510000, 0x00007fa4646f0000)
 tenured generation   total 2332160K, used 2281071K [0x00007fa979b50000, 0x00007faa080d0000, 0x00007fb424600000)
   the space 2332160K,  97% used [0x00007fa979b50000, 0x00007faa04eebe40, 0x00007faa04eec000, 0x00007faa080d0000)
 Metaspace       used 25021K, capacity 25438K, committed 25600K, reserved 26624K
}
Event: 886.494 GC heap after
{Heap after GC invocations=1522 (full 3):
 def new generation   total 1049536K, used 61056K [0x00007fa424600000, 0x00007fa46b8d0000, 0x00007fa979b50000)
  eden space 932928K,   0% used [0x00007fa424600000, 0x00007fa424600000, 0x00007fa45d510000)
  from space 116608K,  52% used [0x00007fa45d510000, 0x00007fa4610b0010, 0x00007fa4646f0000)
  to   space 116608K,   0% used [0x00007fa4646f0000, 0x00007fa4646f0000, 0x00007fa46b8d0000)
 tenured generation   total 2332160K, used 2288701K [0x00007fa979b50000, 0x00007faa080d0000, 0x00007fb424600000)
   the space 2332160K,  98% used [0x00007fa979b50000, 0x00007faa0565f5e8, 0x00007faa0565f600, 0x00007faa080d0000)
 Metaspace       used 25021K, capacity 25438K, committed 25600K, reserved 26624K
}
Event: 887.190 GC heap before
{Heap before GC invocations=1522 (full 3):
 def new generation   total 1049536K, used 993984K [0x00007fa424600000, 0x00007fa46b8d0000, 0x00007fa979b50000)
  eden space 932928K, 100% used [0x00007fa424600000, 0x00007fa45d510000, 0x00007fa45d510000)
  from space 116608K,  52% used [0x00007fa45d510000, 0x00007fa4610b0010, 0x00007fa4646f0000)
  to   space 116608K,   0% used [0x00007fa4646f0000, 0x00007fa4646f0000, 0x00007fa46b8d0000)
 tenured generation   total 2332160K, used 2288701K [0x00007fa979b50000, 0x00007faa080d0000, 0x00007fb424600000)
   the space 2332160K,  98% used [0x00007fa979b50000, 0x00007faa0565f5e8, 0x00007faa0565f600, 0x00007faa080d0000)
 Metaspace       used 25021K, capacity 25438K, committed 25600K, reserved 26624K
}
Event: 887.344 GC heap after
{Heap after GC invocations=1523 (full 3):
 def new generation   total 1049536K, used 61055K [0x00007fa424600000, 0x00007fa46b8d0000, 0x00007fa979b50000)
  eden space 932928K,   0% used [0x00007fa424600000, 0x00007fa424600000, 0x00007fa45d510000)
  from space 116608K,  52% used [0x00007fa4646f0000, 0x00007fa46828fea8, 0x00007fa46b8d0000)
  to   space 116608K,   0% used [0x00007fa45d510000, 0x00007fa45d510000, 0x00007fa4646f0000)
 tenured generation   total 2332160K, used 2296331K [0x00007fa979b50000, 0x00007faa080d0000, 0x00007fb424600000)
   the space 2332160K,  98% used [0x00007fa979b50000, 0x00007faa05dd2d90, 0x00007faa05dd2e00, 0x00007faa080d0000)
 Metaspace       used 25021K, capacity 25438K, committed 25600K, reserved 26624K
}
Event: 888.051 GC heap before
{Heap before GC invocations=1523 (full 3):
 def new generation   total 1049536K, used 993983K [0x00007fa424600000, 0x00007fa46b8d0000, 0x00007fa979b50000)
  eden space 932928K, 100% used [0x00007fa424600000, 0x00007fa45d510000, 0x00007fa45d510000)
  from space 116608K,  52% used [0x00007fa4646f0000, 0x00007fa46828fea8, 0x00007fa46b8d0000)
  to   space 116608K,   0% used [0x00007fa45d510000, 0x00007fa45d510000, 0x00007fa4646f0000)
 tenured generation   total 2332160K, used 2296331K [0x00007fa979b50000, 0x00007faa080d0000, 0x00007fb424600000)
   the space 2332160K,  98% used [0x00007fa979b50000, 0x00007faa05dd2d90, 0x00007faa05dd2e00, 0x00007faa080d0000)
 Metaspace       used 25021K, capacity 25438K, committed 25600K, reserved 26624K
}
Event: 888.199 GC heap after
{Heap after GC invocations=1524 (full 3):
 def new generation   total 1049536K, used 61056K [0x00007fa424600000, 0x00007fa46b8d0000, 0x00007fa979b50000)
  eden space 932928K,   0% used [0x00007fa424600000, 0x00007fa424600000, 0x00007fa45d510000)
  from space 116608K,  52% used [0x00007fa45d510000, 0x00007fa4610b0130, 0x00007fa4646f0000)
  to   space 116608K,   0% used [0x00007fa4646f0000, 0x00007fa4646f0000, 0x00007fa46b8d0000)
 tenured generation   total 2332160K, used 2303961K [0x00007fa979b50000, 0x00007faa080d0000, 0x00007fb424600000)
   the space 2332160K,  98% used [0x00007fa979b50000, 0x00007faa06546538, 0x00007faa06546600, 0x00007faa080d0000)
 Metaspace       used 25021K, capacity 25438K, committed 25600K, reserved 26624K
}
Event: 888.904 GC heap before
{Heap before GC invocations=1524 (full 3):
 def new generation   total 1049536K, used 993984K [0x00007fa424600000, 0x00007fa46b8d0000, 0x00007fa979b50000)
  eden space 932928K, 100% used [0x00007fa424600000, 0x00007fa45d510000, 0x00007fa45d510000)
  from space 116608K,  52% used [0x00007fa45d510000, 0x00007fa4610b0130, 0x00007fa4646f0000)
  to   space 116608K,   0% used [0x00007fa4646f0000, 0x00007fa4646f0000, 0x00007fa46b8d0000)
 tenured generation   total 2332160K, used 2303961K [0x00007fa979b50000, 0x00007faa080d0000, 0x00007fb424600000)
   the space 2332160K,  98% used [0x00007fa979b50000, 0x00007faa06546538, 0x00007faa06546600, 0x00007faa080d0000)
 Metaspace       used 25021K, capacity 25438K, committed 25600K, reserved 26624K
}
Event: 889.053 GC heap after
{Heap after GC invocations=1525 (full 3):
 def new generation   total 1049536K, used 61061K [0x00007fa424600000, 0x00007fa46b8d0000, 0x00007fa979b50000)
  eden space 932928K,   0% used [0x00007fa424600000, 0x00007fa424600000, 0x00007fa45d510000)
  from space 116608K,  52% used [0x00007fa4646f0000, 0x00007fa4682917c8, 0x00007fa46b8d0000)
  to   space 116608K,   0% used [0x00007fa45d510000, 0x00007fa45d510000, 0x00007fa4646f0000)
 tenured generation   total 2332160K, used 2311576K [0x00007fa979b50000, 0x00007faa080d0000, 0x00007fb424600000)
   the space 2332160K,  99% used [0x00007fa979b50000, 0x00007faa06cb6160, 0x00007faa06cb6200, 0x00007faa080d0000)
 Metaspace       used 25021K, capacity 25438K, committed 25600K, reserved 26624K
}
Event: 889.760 GC heap before
{Heap before GC invocations=1525 (full 3):
 def new generation   total 1049536K, used 993989K [0x00007fa424600000, 0x00007fa46b8d0000, 0x00007fa979b50000)
  eden space 932928K, 100% used [0x00007fa424600000, 0x00007fa45d510000, 0x00007fa45d510000)
  from space 116608K,  52% used [0x00007fa4646f0000, 0x00007fa4682917c8, 0x00007fa46b8d0000)
  to   space 116608K,   0% used [0x00007fa45d510000, 0x00007fa45d510000, 0x00007fa4646f0000)
 tenured generation   total 2332160K, used 2311576K [0x00007fa979b50000, 0x00007faa080d0000, 0x00007fb424600000)
   the space 2332160K,  99% used [0x00007fa979b50000, 0x00007faa06cb6160, 0x00007faa06cb6200, 0x00007faa080d0000)
 Metaspace       used 25021K, capacity 25438K, committed 25600K, reserved 26624K
}
Event: 889.899 GC heap after
{Heap after GC invocations=1526 (full 3):
 def new generation   total 1049536K, used 61080K [0x00007fa424600000, 0x00007fa46b8d0000, 0x00007fa979b50000)
  eden space 932928K,   0% used [0x00007fa424600000, 0x00007fa424600000, 0x00007fa45d510000)
  from space 116608K,  52% used [0x00007fa45d510000, 0x00007fa4610b6258, 0x00007fa4646f0000)
  to   space 116608K,   0% used [0x00007fa4646f0000, 0x00007fa4646f0000, 0x00007fa46b8d0000)
 tenured generation   total 2332160K, used 2319206K [0x00007fa979b50000, 0x00007faa080d0000, 0x00007fb424600000)
   the space 2332160K,  99% used [0x00007fa979b50000, 0x00007faa07429908, 0x00007faa07429a00, 0x00007faa080d0000)
 Metaspace       used 25021K, capacity 25438K, committed 25600K, reserved 26624K
}
Event: 890.607 GC heap before
{Heap before GC invocations=1526 (full 3):
 def new generation   total 1049536K, used 994008K [0x00007fa424600000, 0x00007fa46b8d0000, 0x00007fa979b50000)
  eden space 932928K, 100% used [0x00007fa424600000, 0x00007fa45d510000, 0x00007fa45d510000)
  from space 116608K,  52% used [0x00007fa45d510000, 0x00007fa4610b6258, 0x00007fa4646f0000)
  to   space 116608K,   0% used [0x00007fa4646f0000, 0x00007fa4646f0000, 0x00007fa46b8d0000)
 tenured generation   total 2332160K, used 2319206K [0x00007fa979b50000, 0x00007faa080d0000, 0x00007fb424600000)
   the space 2332160K,  99% used [0x00007fa979b50000, 0x00007faa07429908, 0x00007faa07429a00, 0x00007faa080d0000)
 Metaspace       used 25021K, capacity 25438K, committed 25600K, reserved 26624K
}
Event: 890.762 GC heap after
{Heap after GC invocations=1527 (full 3):
 def new generation   total 1049536K, used 61056K [0x00007fa424600000, 0x00007fa46b8d0000, 0x00007fa979b50000)
  eden space 932928K,   0% used [0x00007fa424600000, 0x00007fa424600000, 0x00007fa45d510000)
  from space 116608K,  52% used [0x00007fa4646f0000, 0x00007fa468290010, 0x00007fa46b8d0000)
  to   space 116608K,   0% used [0x00007fa45d510000, 0x00007fa45d510000, 0x00007fa4646f0000)
 tenured generation   total 2332160K, used 2326836K [0x00007fa979b50000, 0x00007faa080d0000, 0x00007fb424600000)
   the space 2332160K,  99% used [0x00007fa979b50000, 0x00007faa07b9d140, 0x00007faa07b9d200, 0x00007faa080d0000)
 Metaspace       used 25021K, capacity 25438K, committed 25600K, reserved 26624K
}
Event: 891.458 GC heap before
{Heap before GC invocations=1527 (full 3):
 def new generation   total 1049536K, used 993984K [0x00007fa424600000, 0x00007fa46b8d0000, 0x00007fa979b50000)
  eden space 932928K, 100% used [0x00007fa424600000, 0x00007fa45d510000, 0x00007fa45d510000)
  from space 116608K,  52% used [0x00007fa4646f0000, 0x00007fa468290010, 0x00007fa46b8d0000)
  to   space 116608K,   0% used [0x00007fa45d510000, 0x00007fa45d510000, 0x00007fa4646f0000)
 tenured generation   total 2332160K, used 2326836K [0x00007fa979b50000, 0x00007faa080d0000, 0x00007fb424600000)
   the space 2332160K,  99% used [0x00007fa979b50000, 0x00007faa07b9d140, 0x00007faa07b9d200, 0x00007faa080d0000)
 Metaspace       used 25021K, capacity 25438K, committed 25600K, reserved 26624K
}
Event: 891.611 GC heap after
{Heap after GC invocations=1528 (full 3):
 def new generation   total 1049536K, used 61055K [0x00007fa424600000, 0x00007fa46b8d0000, 0x00007fa979b50000)
  eden space 932928K,   0% used [0x00007fa424600000, 0x00007fa424600000, 0x00007fa45d510000)
  from space 116608K,  52% used [0x00007fa45d510000, 0x00007fa4610afe88, 0x00007fa4646f0000)
  to   space 116608K,   0% used [0x00007fa4646f0000, 0x00007fa4646f0000, 0x00007fa46b8d0000)
 tenured generation   total 2334656K, used 2334466K [0x00007fa979b50000, 0x00007faa08340000, 0x00007fb424600000)
   the space 2334656K,  99% used [0x00007fa979b50000, 0x00007faa083108e8, 0x00007faa08310a00, 0x00007faa08340000)
 Metaspace       used 25021K, capacity 25438K, committed 25600K, reserved 26624K
}
Event: 891.611 GC heap before
{Heap before GC invocations=1528 (full 3):
 def new generation   total 1049536K, used 61055K [0x00007fa424600000, 0x00007fa46b8d0000, 0x00007fa979b50000)
  eden space 932928K,   0% used [0x00007fa424600000, 0x00007fa424600000, 0x00007fa45d510000)
  from space 116608K,  52% used [0x00007fa45d510000, 0x00007fa4610afe88, 0x00007fa4646f0000)
  to   space 116608K,   0% used [0x00007fa4646f0000, 0x00007fa4646f0000, 0x00007fa46b8d0000)
 tenured generation   total 2334656K, used 2334466K [0x00007fa979b50000, 0x00007faa08340000, 0x00007fb424600000)
   the space 2334656K,  99% used [0x00007fa979b50000, 0x00007faa083108e8, 0x00007faa08310a00, 0x00007faa08340000)
 Metaspace       used 25021K, capacity 25438K, committed 25600K, reserved 26624K
}

