# JRE version: OpenJDK Runtime Environment (13.0.7+5) (build 13.0.7+5-Ubuntu-0ubuntu120.04)
# Java VM: OpenJDK 64-Bit Server VM (13.0.7+5-Ubuntu-0ubuntu120.04, mixed mode, tiered, serial gc, linux-amd64)
Heap:
 def new generation   total 1081664K, used 119996K [0x00007f5f38600000, 0x00007f5f81ba0000, 0x00007f648db50000)
  eden space 961536K,  12% used [0x00007f5f38600000, 0x00007f5f3fb2f000, 0x00007f5f73100000)
  from space 120128K,   0% used [0x00007f5f73100000, 0x00007f5f73100000, 0x00007f5f7a650000)
  to   space 120128K,   0% used [0x00007f5f7a650000, 0x00007f5f7a650000, 0x00007f5f81ba0000)
 tenured generation   total 3245040K, used 3245039K [0x00007f648db50000, 0x00007f6553c4c000, 0x00007f6f38600000)
   the space 3245040K,  99% used [0x00007f648db50000, 0x00007f6553c4bd10, 0x00007f6553c4be00, 0x00007f6553c4c000)
 Metaspace       used 31896K, capacity 32309K, committed 32512K, reserved 32768K
GC Heap History (20 events):
Event: 83.259 GC heap after
{Heap after GC invocations=136 (full 1):
 def new generation   total 629248K, used 1009K [0x00007f5f38600000, 0x00007f5f630c0000, 0x00007f648db50000)
  eden space 559360K,   0% used [0x00007f5f38600000, 0x00007f5f38600000, 0x00007f5f5a840000)
  from space 69888K,   1% used [0x00007f5f5ec80000, 0x00007f5f5ed7c618, 0x00007f5f630c0000)
  to   space 69888K,   0% used [0x00007f5f5a840000, 0x00007f5f5a840000, 0x00007f5f5ec80000)
 tenured generation   total 1398144K, used 244159K [0x00007f648db50000, 0x00007f64e30b0000, 0x00007f6f38600000)
   the space 1398144K,  17% used [0x00007f648db50000, 0x00007f649c9bffb0, 0x00007f649c9c0000, 0x00007f64e30b0000)
 Metaspace       used 31308K, capacity 31787K, committed 32000K, reserved 32768K
}
Event: 83.688 GC heap before
{Heap before GC invocations=136 (full 1):
 def new generation   total 629248K, used 559432K [0x00007f5f38600000, 0x00007f5f630c0000, 0x00007f648db50000)
  eden space 559360K,  99% used [0x00007f5f38600000, 0x00007f5f5a755c68, 0x00007f5f5a840000)
  from space 69888K,   1% used [0x00007f5f5ec80000, 0x00007f5f5ed7c618, 0x00007f5f630c0000)
  to   space 69888K,   0% used [0x00007f5f5a840000, 0x00007f5f5a840000, 0x00007f5f5ec80000)
 tenured generation   total 1398144K, used 244159K [0x00007f648db50000, 0x00007f64e30b0000, 0x00007f6f38600000)
   the space 1398144K,  17% used [0x00007f648db50000, 0x00007f649c9bffb0, 0x00007f649c9c0000, 0x00007f64e30b0000)
 Metaspace       used 31308K, capacity 31787K, committed 32000K, reserved 32768K
}
Event: 83.690 GC heap after
{Heap after GC invocations=137 (full 1):
 def new generation   total 629248K, used 1013K [0x00007f5f38600000, 0x00007f5f630c0000, 0x00007f648db50000)
  eden space 559360K,   0% used [0x00007f5f38600000, 0x00007f5f38600000, 0x00007f5f5a840000)
  from space 69888K,   1% used [0x00007f5f5a840000, 0x00007f5f5a93d750, 0x00007f5f5ec80000)
  to   space 69888K,   0% used [0x00007f5f5ec80000, 0x00007f5f5ec80000, 0x00007f5f630c0000)
 tenured generation   total 1398144K, used 244159K [0x00007f648db50000, 0x00007f64e30b0000, 0x00007f6f38600000)
   the space 1398144K,  17% used [0x00007f648db50000, 0x00007f649c9bffb0, 0x00007f649c9c0000, 0x00007f64e30b0000)
 Metaspace       used 31308K, capacity 31787K, committed 32000K, reserved 32768K
}
Event: 84.113 GC heap before
{Heap before GC invocations=137 (full 1):
 def new generation   total 629248K, used 559744K [0x00007f5f38600000, 0x00007f5f630c0000, 0x00007f648db50000)
  eden space 559360K,  99% used [0x00007f5f38600000, 0x00007f5f5a7a2ba8, 0x00007f5f5a840000)
  from space 69888K,   1% used [0x00007f5f5a840000, 0x00007f5f5a93d750, 0x00007f5f5ec80000)
  to   space 69888K,   0% used [0x00007f5f5ec80000, 0x00007f5f5ec80000, 0x00007f5f630c0000)
 tenured generation   total 1398144K, used 244159K [0x00007f648db50000, 0x00007f64e30b0000, 0x00007f6f38600000)
   the space 1398144K,  17% used [0x00007f648db50000, 0x00007f649c9bffb0, 0x00007f649c9c0000, 0x00007f64e30b0000)
 Metaspace       used 31308K, capacity 31787K, committed 32000K, reserved 32768K
}
Event: 84.115 GC heap after
{Heap after GC invocations=138 (full 1):
 def new generation   total 629248K, used 1018K [0x00007f5f38600000, 0x00007f5f630c0000, 0x00007f648db50000)
  eden space 559360K,   0% used [0x00007f5f38600000, 0x00007f5f38600000, 0x00007f5f5a840000)
  from space 69888K,   1% used [0x00007f5f5ec80000, 0x00007f5f5ed7e878, 0x00007f5f630c0000)
  to   space 69888K,   0% used [0x00007f5f5a840000, 0x00007f5f5a840000, 0x00007f5f5ec80000)
 tenured generation   total 1398144K, used 244159K [0x00007f648db50000, 0x00007f64e30b0000, 0x00007f6f38600000)
   the space 1398144K,  17% used [0x00007f648db50000, 0x00007f649c9bffb0, 0x00007f649c9c0000, 0x00007f64e30b0000)
 Metaspace       used 31308K, capacity 31787K, committed 32000K, reserved 32768K
}
Event: 84.900 GC heap before
{Heap before GC invocations=138 (full 1):
 def new generation   total 629248K, used 560378K [0x00007f5f38600000, 0x00007f5f630c0000, 0x00007f648db50000)
  eden space 559360K, 100% used [0x00007f5f38600000, 0x00007f5f5a840000, 0x00007f5f5a840000)
  from space 69888K,   1% used [0x00007f5f5ec80000, 0x00007f5f5ed7e878, 0x00007f5f630c0000)
  to   space 69888K,   0% used [0x00007f5f5a840000, 0x00007f5f5a840000, 0x00007f5f5ec80000)
 tenured generation   total 1398144K, used 244159K [0x00007f648db50000, 0x00007f64e30b0000, 0x00007f6f38600000)
   the space 1398144K,  17% used [0x00007f648db50000, 0x00007f649c9bffb0, 0x00007f649c9c0000, 0x00007f64e30b0000)
 Metaspace       used 31493K, capacity 31919K, committed 32256K, reserved 32768K
}
Event: 85.124 GC heap after
{Heap after GC invocations=139 (full 1):
 def new generation   total 629248K, used 69887K [0x00007f5f38600000, 0x00007f5f630c0000, 0x00007f648db50000)
  eden space 559360K,   0% used [0x00007f5f38600000, 0x00007f5f38600000, 0x00007f5f5a840000)
  from space 69888K,  99% used [0x00007f5f5a840000, 0x00007f5f5ec7fff0, 0x00007f5f5ec80000)
  to   space 69888K,   0% used [0x00007f5f5ec80000, 0x00007f5f5ec80000, 0x00007f5f630c0000)
 tenured generation   total 1398144K, used 307426K [0x00007f648db50000, 0x00007f64e30b0000, 0x00007f6f38600000)
   the space 1398144K,  21% used [0x00007f648db50000, 0x00007f64a0788aa8, 0x00007f64a0788c00, 0x00007f64e30b0000)
 Metaspace       used 31493K, capacity 31919K, committed 32256K, reserved 32768K
}
Event: 85.641 GC heap before
{Heap before GC invocations=139 (full 1):
 def new generation   total 629248K, used 317495K [0x00007f5f38600000, 0x00007f5f630c0000, 0x00007f648db50000)
  eden space 559360K,  44% used [0x00007f5f38600000, 0x00007f5f477cdee0, 0x00007f5f5a840000)
  from space 69888K,  99% used [0x00007f5f5a840000, 0x00007f5f5ec7fff0, 0x00007f5f5ec80000)
  to   space 69888K,   0% used [0x00007f5f5ec80000, 0x00007f5f5ec80000, 0x00007f5f630c0000)
 tenured generation   total 1398144K, used 307426K [0x00007f648db50000, 0x00007f64e30b0000, 0x00007f6f38600000)
   the space 1398144K,  21% used [0x00007f648db50000, 0x00007f64a0788aa8, 0x00007f64a0788c00, 0x00007f64e30b0000)
 Metaspace       used 31896K, capacity 32309K, committed 32512K, reserved 32768K
}
Event: 85.912 GC heap after
{Heap after GC invocations=140 (full 1):
 def new generation   total 629248K, used 69887K [0x00007f5f38600000, 0x00007f5f630c0000, 0x00007f648db50000)
  eden space 559360K,   0% used [0x00007f5f38600000, 0x00007f5f38600000, 0x00007f5f5a840000)
  from space 69888K,  99% used [0x00007f5f5ec80000, 0x00007f5f630bff38, 0x00007f5f630c0000)
  to   space 69888K,   0% used [0x00007f5f5a840000, 0x00007f5f5a840000, 0x00007f5f5ec80000)
 tenured generation   total 1398144K, used 384175K [0x00007f648db50000, 0x00007f64e30b0000, 0x00007f6f38600000)
   the space 1398144K,  27% used [0x00007f648db50000, 0x00007f64a527bdb0, 0x00007f64a527be00, 0x00007f64e30b0000)
 Metaspace       used 31896K, capacity 32309K, committed 32512K, reserved 32768K
}
Event: 86.301 GC heap before
{Heap before GC invocations=140 (full 1):
 def new generation   total 629248K, used 629247K [0x00007f5f38600000, 0x00007f5f630c0000, 0x00007f648db50000)
  eden space 559360K, 100% used [0x00007f5f38600000, 0x00007f5f5a840000, 0x00007f5f5a840000)
  from space 69888K,  99% used [0x00007f5f5ec80000, 0x00007f5f630bff38, 0x00007f5f630c0000)
  to   space 69888K,   0% used [0x00007f5f5a840000, 0x00007f5f5a840000, 0x00007f5f5ec80000)
 tenured generation   total 1398144K, used 384175K [0x00007f648db50000, 0x00007f64e30b0000, 0x00007f6f38600000)
   the space 1398144K,  27% used [0x00007f648db50000, 0x00007f64a527bdb0, 0x00007f64a527be00, 0x00007f64e30b0000)
 Metaspace       used 31896K, capacity 32309K, committed 32512K, reserved 32768K
}
Event: 87.566 GC heap after
{Heap after GC invocations=141 (full 1):
 def new generation   total 629248K, used 69887K [0x00007f5f38600000, 0x00007f5f630c0000, 0x00007f648db50000)
  eden space 559360K,   0% used [0x00007f5f38600000, 0x00007f5f38600000, 0x00007f5f5a840000)
  from space 69888K,  99% used [0x00007f5f5a840000, 0x00007f5f5ec7fde8, 0x00007f5f5ec80000)
  to   space 69888K,   0% used [0x00007f5f5ec80000, 0x00007f5f5ec80000, 0x00007f5f630c0000)
 tenured generation   total 1398144K, used 943522K [0x00007f648db50000, 0x00007f64e30b0000, 0x00007f6f38600000)
   the space 1398144K,  67% used [0x00007f648db50000, 0x00007f64c74b8b00, 0x00007f64c74b8c00, 0x00007f64e30b0000)
 Metaspace       used 31896K, capacity 32309K, committed 32512K, reserved 32768K
}
Event: 87.911 GC heap before
{Heap before GC invocations=141 (full 1):
 def new generation   total 629248K, used 629247K [0x00007f5f38600000, 0x00007f5f630c0000, 0x00007f648db50000)
  eden space 559360K, 100% used [0x00007f5f38600000, 0x00007f5f5a840000, 0x00007f5f5a840000)
  from space 69888K,  99% used [0x00007f5f5a840000, 0x00007f5f5ec7fde8, 0x00007f5f5ec80000)
  to   space 69888K,   0% used [0x00007f5f5ec80000, 0x00007f5f5ec80000, 0x00007f5f630c0000)
 tenured generation   total 1398144K, used 943522K [0x00007f648db50000, 0x00007f64e30b0000, 0x00007f6f38600000)
   the space 1398144K,  67% used [0x00007f648db50000, 0x00007f64c74b8b00, 0x00007f64c74b8c00, 0x00007f64e30b0000)
 Metaspace       used 31896K, capacity 32309K, committed 32512K, reserved 32768K
}
Event: 88.974 GC heap after
{Heap after GC invocations=142 (full 1):
 def new generation   total 629248K, used 69887K [0x00007f5f38600000, 0x00007f5f630c0000, 0x00007f648db50000)
  eden space 559360K,   0% used [0x00007f5f38600000, 0x00007f5f38600000, 0x00007f5f5a840000)
  from space 69888K,  99% used [0x00007f5f5ec80000, 0x00007f5f630bfde8, 0x00007f5f630c0000)
  to   space 69888K,   0% used [0x00007f5f5a840000, 0x00007f5f5a840000, 0x00007f5f5ec80000)
 tenured generation   total 1502976K, used 1502803K [0x00007f648db50000, 0x00007f64e9710000, 0x00007f6f38600000)
   the space 1502976K,  99% used [0x00007f648db50000, 0x00007f64e96e4ed8, 0x00007f64e96e5000, 0x00007f64e9710000)
 Metaspace       used 31896K, capacity 32309K, committed 32512K, reserved 32768K
}
Event: 88.974 GC heap before
{Heap before GC invocations=142 (full 1):
 def new generation   total 629248K, used 69887K [0x00007f5f38600000, 0x00007f5f630c0000, 0x00007f648db50000)
  eden space 559360K,   0% used [0x00007f5f38600000, 0x00007f5f38600000, 0x00007f5f5a840000)
  from space 69888K,  99% used [0x00007f5f5ec80000, 0x00007f5f630bfde8, 0x00007f5f630c0000)
  to   space 69888K,   0% used [0x00007f5f5a840000, 0x00007f5f5a840000, 0x00007f5f5ec80000)
 tenured generation   total 1502976K, used 1502803K [0x00007f648db50000, 0x00007f64e9710000, 0x00007f6f38600000)
   the space 1502976K,  99% used [0x00007f648db50000, 0x00007f64e96e4ed8, 0x00007f64e96e5000, 0x00007f64e9710000)
 Metaspace       used 31896K, capacity 32309K, committed 32512K, reserved 32768K
}
Event: 91.561 GC heap after
{Heap after GC invocations=142 (full 2):
 def new generation   total 1081664K, used 0K [0x00007f5f38600000, 0x00007f5f81ba0000, 0x00007f648db50000)
  eden space 961536K,   0% used [0x00007f5f38600000, 0x00007f5f38600000, 0x00007f5f73100000)
  from space 120128K,   0% used [0x00007f5f73100000, 0x00007f5f73100000, 0x00007f5f7a650000)
  to   space 120128K,   0% used [0x00007f5f7a650000, 0x00007f5f7a650000, 0x00007f5f81ba0000)
 tenured generation   total 2403504K, used 1442100K [0x00007f648db50000, 0x00007f652067c000, 0x00007f6f38600000)
   the space 2403504K,  59% used [0x00007f648db50000, 0x00007f64e5b9d260, 0x00007f64e5b9d400, 0x00007f652067c000)
 Metaspace       used 31896K, capacity 32309K, committed 32512K, reserved 32768K
}
Event: 92.242 GC heap before
{Heap before GC invocations=142 (full 2):
 def new generation   total 1081664K, used 961536K [0x00007f5f38600000, 0x00007f5f81ba0000, 0x00007f648db50000)
  eden space 961536K, 100% used [0x00007f5f38600000, 0x00007f5f73100000, 0x00007f5f73100000)
  from space 120128K,   0% used [0x00007f5f73100000, 0x00007f5f73100000, 0x00007f5f7a650000)
  to   space 120128K,   0% used [0x00007f5f7a650000, 0x00007f5f7a650000, 0x00007f5f81ba0000)
 tenured generation   total 2403504K, used 1442100K [0x00007f648db50000, 0x00007f652067c000, 0x00007f6f38600000)
   the space 2403504K,  59% used [0x00007f648db50000, 0x00007f64e5b9d260, 0x00007f64e5b9d400, 0x00007f652067c000)
 Metaspace       used 31896K, capacity 32309K, committed 32512K, reserved 32768K
}
Event: 93.900 GC heap after
{Heap after GC invocations=143 (full 2):
 def new generation   total 1081664K, used 120127K [0x00007f5f38600000, 0x00007f5f81ba0000, 0x00007f648db50000)
  eden space 961536K,   0% used [0x00007f5f38600000, 0x00007f5f38600000, 0x00007f5f73100000)
  from space 120128K,  99% used [0x00007f5f7a650000, 0x00007f5f81b9fc00, 0x00007f5f81ba0000)
  to   space 120128K,   0% used [0x00007f5f73100000, 0x00007f5f73100000, 0x00007f5f7a650000)
 tenured generation   total 2403504K, used 2283444K [0x00007f648db50000, 0x00007f652067c000, 0x00007f6f38600000)
   the space 2403504K,  95% used [0x00007f648db50000, 0x00007f651913d000, 0x00007f651913d000, 0x00007f652067c000)
 Metaspace       used 31896K, capacity 32309K, committed 32512K, reserved 32768K
}
Event: 94.508 GC heap before
{Heap before GC invocations=143 (full 2):
 def new generation   total 1081664K, used 1081663K [0x00007f5f38600000, 0x00007f5f81ba0000, 0x00007f648db50000)
  eden space 961536K, 100% used [0x00007f5f38600000, 0x00007f5f73100000, 0x00007f5f73100000)
  from space 120128K,  99% used [0x00007f5f7a650000, 0x00007f5f81b9fc00, 0x00007f5f81ba0000)
  to   space 120128K,   0% used [0x00007f5f73100000, 0x00007f5f73100000, 0x00007f5f7a650000)
 tenured generation   total 2403504K, used 2283444K [0x00007f648db50000, 0x00007f652067c000, 0x00007f6f38600000)
   the space 2403504K,  95% used [0x00007f648db50000, 0x00007f651913d000, 0x00007f651913d000, 0x00007f652067c000)
 Metaspace       used 31896K, capacity 32309K, committed 32512K, reserved 32768K
}
Event: 96.470 GC heap after
{Heap after GC invocations=144 (full 2):
 def new generation   total 1081664K, used 120127K [0x00007f5f38600000, 0x00007f5f81ba0000, 0x00007f648db50000)
  eden space 961536K,   0% used [0x00007f5f38600000, 0x00007f5f38600000, 0x00007f5f73100000)
  from space 120128K,  99% used [0x00007f5f73100000, 0x00007f5f7a64fc00, 0x00007f5f7a650000)
  to   space 120128K,   0% used [0x00007f5f7a650000, 0x00007f5f7a650000, 0x00007f5f81ba0000)
 tenured generation   total 3245040K, used 3244908K [0x00007f648db50000, 0x00007f6553c4c000, 0x00007f6f38600000)
   the space 3245040K,  99% used [0x00007f648db50000, 0x00007f6553c2b110, 0x00007f6553c2b200, 0x00007f6553c4c000)
 Metaspace       used 31896K, capacity 32309K, committed 32512K, reserved 32768K
}
Event: 96.470 GC heap before
{Heap before GC invocations=144 (full 2):
 def new generation   total 1081664K, used 120127K [0x00007f5f38600000, 0x00007f5f81ba0000, 0x00007f648db50000)
  eden space 961536K,   0% used [0x00007f5f38600000, 0x00007f5f38600000, 0x00007f5f73100000)
  from space 120128K,  99% used [0x00007f5f73100000, 0x00007f5f7a64fc00, 0x00007f5f7a650000)
  to   space 120128K,   0% used [0x00007f5f7a650000, 0x00007f5f7a650000, 0x00007f5f81ba0000)
 tenured generation   total 3245040K, used 3244908K [0x00007f648db50000, 0x00007f6553c4c000, 0x00007f6f38600000)
   the space 3245040K,  99% used [0x00007f648db50000, 0x00007f6553c2b110, 0x00007f6553c2b200, 0x00007f6553c4c000)
 Metaspace       used 31896K, capacity 32309K, committed 32512K, reserved 32768K
}

