# JRE version: OpenJDK Runtime Environment (13.0.7+5) (build 13.0.7+5-Ubuntu-0ubuntu120.04)
# Java VM: OpenJDK 64-Bit Server VM (13.0.7+5-Ubuntu-0ubuntu120.04, mixed mode, tiered, serial gc, linux-amd64)
Heap:
 def new generation   total 1048832K, used 22441K [0x00007fa9c4600000, 0x00007faa0b800000, 0x00007faf19b50000)
  eden space 932352K,   2% used [0x00007fa9c4600000, 0x00007fa9c5bea740, 0x00007fa9fd480000)
  from space 116480K,   0% used [0x00007faa04640000, 0x00007faa04640000, 0x00007faa0b800000)
  to   space 116480K,   0% used [0x00007fa9fd480000, 0x00007fa9fd480000, 0x00007faa04640000)
 tenured generation   total 2330908K, used 2330907K [0x00007faf19b50000, 0x00007fafa7f97000, 0x00007fb9c4600000)
   the space 2330908K,  99% used [0x00007faf19b50000, 0x00007fafa7f96fc8, 0x00007fafa7f97000, 0x00007fafa7f97000)
 Metaspace       used 24870K, capacity 25326K, committed 25344K, reserved 26624K
GC Heap History (20 events):
Event: 1367.420 GC heap after
{Heap after GC invocations=2169 (full 2):
 def new generation   total 1048832K, used 22653K [0x00007fa9c4600000, 0x00007faa0b800000, 0x00007faf19b50000)
  eden space 932352K,   0% used [0x00007fa9c4600000, 0x00007fa9c4600000, 0x00007fa9fd480000)
  from space 116480K,  19% used [0x00007fa9fd480000, 0x00007fa9fea9f6d8, 0x00007faa04640000)
  to   space 116480K,   0% used [0x00007faa04640000, 0x00007faa04640000, 0x00007faa0b800000)
 tenured generation   total 2330524K, used 2317299K [0x00007faf19b50000, 0x00007fafa7f37000, 0x00007fb9c4600000)
   the space 2330524K,  99% used [0x00007faf19b50000, 0x00007fafa724cc40, 0x00007fafa724ce00, 0x00007fafa7f37000)
 Metaspace       used 24870K, capacity 25326K, committed 25344K, reserved 26624K
}
Event: 1368.219 GC heap before
{Heap before GC invocations=2169 (full 2):
 def new generation   total 1048832K, used 955005K [0x00007fa9c4600000, 0x00007faa0b800000, 0x00007faf19b50000)
  eden space 932352K, 100% used [0x00007fa9c4600000, 0x00007fa9fd480000, 0x00007fa9fd480000)
  from space 116480K,  19% used [0x00007fa9fd480000, 0x00007fa9fea9f6d8, 0x00007faa04640000)
  to   space 116480K,   0% used [0x00007faa04640000, 0x00007faa04640000, 0x00007faa0b800000)
 tenured generation   total 2330524K, used 2317299K [0x00007faf19b50000, 0x00007fafa7f37000, 0x00007fb9c4600000)
   the space 2330524K,  99% used [0x00007faf19b50000, 0x00007fafa724cc40, 0x00007fafa724ce00, 0x00007fafa7f37000)
 Metaspace       used 24870K, capacity 25326K, committed 25344K, reserved 26624K
}
Event: 1368.262 GC heap after
{Heap after GC invocations=2170 (full 2):
 def new generation   total 1048832K, used 22588K [0x00007fa9c4600000, 0x00007faa0b800000, 0x00007faf19b50000)
  eden space 932352K,   0% used [0x00007fa9c4600000, 0x00007fa9c4600000, 0x00007fa9fd480000)
  from space 116480K,  19% used [0x00007faa04640000, 0x00007faa05c4f1e8, 0x00007faa0b800000)
  to   space 116480K,   0% used [0x00007fa9fd480000, 0x00007fa9fd480000, 0x00007faa04640000)
 tenured generation   total 2330524K, used 2318826K [0x00007faf19b50000, 0x00007fafa7f37000, 0x00007fb9c4600000)
   the space 2330524K,  99% used [0x00007faf19b50000, 0x00007fafa73cab20, 0x00007fafa73cac00, 0x00007fafa7f37000)
 Metaspace       used 24870K, capacity 25326K, committed 25344K, reserved 26624K
}
Event: 1369.056 GC heap before
{Heap before GC invocations=2170 (full 2):
 def new generation   total 1048832K, used 954940K [0x00007fa9c4600000, 0x00007faa0b800000, 0x00007faf19b50000)
  eden space 932352K, 100% used [0x00007fa9c4600000, 0x00007fa9fd480000, 0x00007fa9fd480000)
  from space 116480K,  19% used [0x00007faa04640000, 0x00007faa05c4f1e8, 0x00007faa0b800000)
  to   space 116480K,   0% used [0x00007fa9fd480000, 0x00007fa9fd480000, 0x00007faa04640000)
 tenured generation   total 2330524K, used 2318826K [0x00007faf19b50000, 0x00007fafa7f37000, 0x00007fb9c4600000)
   the space 2330524K,  99% used [0x00007faf19b50000, 0x00007fafa73cab20, 0x00007fafa73cac00, 0x00007fafa7f37000)
 Metaspace       used 24870K, capacity 25326K, committed 25344K, reserved 26624K
}
Event: 1369.093 GC heap after
{Heap after GC invocations=2171 (full 2):
 def new generation   total 1048832K, used 22621K [0x00007fa9c4600000, 0x00007faa0b800000, 0x00007faf19b50000)
  eden space 932352K,   0% used [0x00007fa9c4600000, 0x00007fa9c4600000, 0x00007fa9fd480000)
  from space 116480K,  19% used [0x00007fa9fd480000, 0x00007fa9fea97660, 0x00007faa04640000)
  to   space 116480K,   0% used [0x00007faa04640000, 0x00007faa04640000, 0x00007faa0b800000)
 tenured generation   total 2330524K, used 2320305K [0x00007faf19b50000, 0x00007fafa7f37000, 0x00007fb9c4600000)
   the space 2330524K,  99% used [0x00007faf19b50000, 0x00007fafa753c4e0, 0x00007fafa753c600, 0x00007fafa7f37000)
 Metaspace       used 24870K, capacity 25326K, committed 25344K, reserved 26624K
}
Event: 1369.906 GC heap before
{Heap before GC invocations=2171 (full 2):
 def new generation   total 1048832K, used 954973K [0x00007fa9c4600000, 0x00007faa0b800000, 0x00007faf19b50000)
  eden space 932352K, 100% used [0x00007fa9c4600000, 0x00007fa9fd480000, 0x00007fa9fd480000)
  from space 116480K,  19% used [0x00007fa9fd480000, 0x00007fa9fea97660, 0x00007faa04640000)
  to   space 116480K,   0% used [0x00007faa04640000, 0x00007faa04640000, 0x00007faa0b800000)
 tenured generation   total 2330524K, used 2320305K [0x00007faf19b50000, 0x00007fafa7f37000, 0x00007fb9c4600000)
   the space 2330524K,  99% used [0x00007faf19b50000, 0x00007fafa753c4e0, 0x00007fafa753c600, 0x00007fafa7f37000)
 Metaspace       used 24870K, capacity 25326K, committed 25344K, reserved 26624K
}
Event: 1369.945 GC heap after
{Heap after GC invocations=2172 (full 2):
 def new generation   total 1048832K, used 22583K [0x00007fa9c4600000, 0x00007faa0b800000, 0x00007faf19b50000)
  eden space 932352K,   0% used [0x00007fa9c4600000, 0x00007fa9c4600000, 0x00007fa9fd480000)
  from space 116480K,  19% used [0x00007faa04640000, 0x00007faa05c4dc60, 0x00007faa0b800000)
  to   space 116480K,   0% used [0x00007fa9fd480000, 0x00007fa9fd480000, 0x00007faa04640000)
 tenured generation   total 2330524K, used 2321837K [0x00007faf19b50000, 0x00007fafa7f37000, 0x00007fb9c4600000)
   the space 2330524K,  99% used [0x00007faf19b50000, 0x00007fafa76bb500, 0x00007fafa76bb600, 0x00007fafa7f37000)
 Metaspace       used 24870K, capacity 25326K, committed 25344K, reserved 26624K
}
Event: 1370.797 GC heap before
{Heap before GC invocations=2172 (full 2):
 def new generation   total 1048832K, used 954935K [0x00007fa9c4600000, 0x00007faa0b800000, 0x00007faf19b50000)
  eden space 932352K, 100% used [0x00007fa9c4600000, 0x00007fa9fd480000, 0x00007fa9fd480000)
  from space 116480K,  19% used [0x00007faa04640000, 0x00007faa05c4dc60, 0x00007faa0b800000)
  to   space 116480K,   0% used [0x00007fa9fd480000, 0x00007fa9fd480000, 0x00007faa04640000)
 tenured generation   total 2330524K, used 2321837K [0x00007faf19b50000, 0x00007fafa7f37000, 0x00007fb9c4600000)
   the space 2330524K,  99% used [0x00007faf19b50000, 0x00007fafa76bb500, 0x00007fafa76bb600, 0x00007fafa7f37000)
 Metaspace       used 24870K, capacity 25326K, committed 25344K, reserved 26624K
}
Event: 1370.841 GC heap after
{Heap after GC invocations=2173 (full 2):
 def new generation   total 1048832K, used 22660K [0x00007fa9c4600000, 0x00007faa0b800000, 0x00007faf19b50000)
  eden space 932352K,   0% used [0x00007fa9c4600000, 0x00007fa9c4600000, 0x00007fa9fd480000)
  from space 116480K,  19% used [0x00007fa9fd480000, 0x00007fa9feaa1210, 0x00007faa04640000)
  to   space 116480K,   0% used [0x00007faa04640000, 0x00007faa04640000, 0x00007faa0b800000)
 tenured generation   total 2330524K, used 2323315K [0x00007faf19b50000, 0x00007fafa7f37000, 0x00007fb9c4600000)
   the space 2330524K,  99% used [0x00007faf19b50000, 0x00007fafa782cec0, 0x00007fafa782d000, 0x00007fafa7f37000)
 Metaspace       used 24870K, capacity 25326K, committed 25344K, reserved 26624K
}
Event: 1371.661 GC heap before
{Heap before GC invocations=2173 (full 2):
 def new generation   total 1048832K, used 955012K [0x00007fa9c4600000, 0x00007faa0b800000, 0x00007faf19b50000)
  eden space 932352K, 100% used [0x00007fa9c4600000, 0x00007fa9fd480000, 0x00007fa9fd480000)
  from space 116480K,  19% used [0x00007fa9fd480000, 0x00007fa9feaa1210, 0x00007faa04640000)
  to   space 116480K,   0% used [0x00007faa04640000, 0x00007faa04640000, 0x00007faa0b800000)
 tenured generation   total 2330524K, used 2323315K [0x00007faf19b50000, 0x00007fafa7f37000, 0x00007fb9c4600000)
   the space 2330524K,  99% used [0x00007faf19b50000, 0x00007fafa782cec0, 0x00007fafa782d000, 0x00007fafa7f37000)
 Metaspace       used 24870K, capacity 25326K, committed 25344K, reserved 26624K
}
Event: 1371.698 GC heap after
{Heap after GC invocations=2174 (full 2):
 def new generation   total 1048832K, used 22589K [0x00007fa9c4600000, 0x00007faa0b800000, 0x00007faf19b50000)
  eden space 932352K,   0% used [0x00007fa9c4600000, 0x00007fa9c4600000, 0x00007fa9fd480000)
  from space 116480K,  19% used [0x00007faa04640000, 0x00007faa05c4f6f0, 0x00007faa0b800000)
  to   space 116480K,   0% used [0x00007fa9fd480000, 0x00007fa9fd480000, 0x00007faa04640000)
 tenured generation   total 2330524K, used 2324843K [0x00007faf19b50000, 0x00007fafa7f37000, 0x00007fb9c4600000)
   the space 2330524K,  99% used [0x00007faf19b50000, 0x00007fafa79aada0, 0x00007fafa79aae00, 0x00007fafa7f37000)
 Metaspace       used 24870K, capacity 25326K, committed 25344K, reserved 26624K
}
Event: 1372.519 GC heap before
{Heap before GC invocations=2174 (full 2):
 def new generation   total 1048832K, used 954941K [0x00007fa9c4600000, 0x00007faa0b800000, 0x00007faf19b50000)
  eden space 932352K, 100% used [0x00007fa9c4600000, 0x00007fa9fd480000, 0x00007fa9fd480000)
  from space 116480K,  19% used [0x00007faa04640000, 0x00007faa05c4f6f0, 0x00007faa0b800000)
  to   space 116480K,   0% used [0x00007fa9fd480000, 0x00007fa9fd480000, 0x00007faa04640000)
 tenured generation   total 2330524K, used 2324843K [0x00007faf19b50000, 0x00007fafa7f37000, 0x00007fb9c4600000)
   the space 2330524K,  99% used [0x00007faf19b50000, 0x00007fafa79aada0, 0x00007fafa79aae00, 0x00007fafa7f37000)
 Metaspace       used 24870K, capacity 25326K, committed 25344K, reserved 26624K
}
Event: 1372.556 GC heap after
{Heap after GC invocations=2175 (full 2):
 def new generation   total 1048832K, used 22666K [0x00007fa9c4600000, 0x00007faa0b800000, 0x00007faf19b50000)
  eden space 932352K,   0% used [0x00007fa9c4600000, 0x00007fa9c4600000, 0x00007fa9fd480000)
  from space 116480K,  19% used [0x00007fa9fd480000, 0x00007fa9feaa2978, 0x00007faa04640000)
  to   space 116480K,   0% used [0x00007faa04640000, 0x00007faa04640000, 0x00007faa0b800000)
 tenured generation   total 2330524K, used 2326321K [0x00007faf19b50000, 0x00007fafa7f37000, 0x00007fb9c4600000)
   the space 2330524K,  99% used [0x00007faf19b50000, 0x00007fafa7b1c760, 0x00007fafa7b1c800, 0x00007fafa7f37000)
 Metaspace       used 24870K, capacity 25326K, committed 25344K, reserved 26624K
}
Event: 1373.351 GC heap before
{Heap before GC invocations=2175 (full 2):
 def new generation   total 1048832K, used 955018K [0x00007fa9c4600000, 0x00007faa0b800000, 0x00007faf19b50000)
  eden space 932352K, 100% used [0x00007fa9c4600000, 0x00007fa9fd480000, 0x00007fa9fd480000)
  from space 116480K,  19% used [0x00007fa9fd480000, 0x00007fa9feaa2978, 0x00007faa04640000)
  to   space 116480K,   0% used [0x00007faa04640000, 0x00007faa04640000, 0x00007faa0b800000)
 tenured generation   total 2330524K, used 2326321K [0x00007faf19b50000, 0x00007fafa7f37000, 0x00007fb9c4600000)
   the space 2330524K,  99% used [0x00007faf19b50000, 0x00007fafa7b1c760, 0x00007fafa7b1c800, 0x00007fafa7f37000)
 Metaspace       used 24870K, capacity 25326K, committed 25344K, reserved 26624K
}
Event: 1373.394 GC heap after
{Heap after GC invocations=2176 (full 2):
 def new generation   total 1048832K, used 22630K [0x00007fa9c4600000, 0x00007faa0b800000, 0x00007faf19b50000)
  eden space 932352K,   0% used [0x00007fa9c4600000, 0x00007fa9c4600000, 0x00007fa9fd480000)
  from space 116480K,  19% used [0x00007faa04640000, 0x00007faa05c59850, 0x00007faa0b800000)
  to   space 116480K,   0% used [0x00007fa9fd480000, 0x00007fa9fd480000, 0x00007faa04640000)
 tenured generation   total 2330524K, used 2327821K [0x00007faf19b50000, 0x00007fafa7f37000, 0x00007fb9c4600000)
   the space 2330524K,  99% used [0x00007faf19b50000, 0x00007fafa7c93540, 0x00007fafa7c93600, 0x00007fafa7f37000)
 Metaspace       used 24870K, capacity 25326K, committed 25344K, reserved 26624K
}
Event: 1374.205 GC heap before
{Heap before GC invocations=2176 (full 2):
 def new generation   total 1048832K, used 954982K [0x00007fa9c4600000, 0x00007faa0b800000, 0x00007faf19b50000)
  eden space 932352K, 100% used [0x00007fa9c4600000, 0x00007fa9fd480000, 0x00007fa9fd480000)
  from space 116480K,  19% used [0x00007faa04640000, 0x00007faa05c59850, 0x00007faa0b800000)
  to   space 116480K,   0% used [0x00007fa9fd480000, 0x00007fa9fd480000, 0x00007faa04640000)
 tenured generation   total 2330524K, used 2327821K [0x00007faf19b50000, 0x00007fafa7f37000, 0x00007fb9c4600000)
   the space 2330524K,  99% used [0x00007faf19b50000, 0x00007fafa7c93540, 0x00007fafa7c93600, 0x00007fafa7f37000)
 Metaspace       used 24870K, capacity 25326K, committed 25344K, reserved 26624K
}
Event: 1374.244 GC heap after
{Heap after GC invocations=2177 (full 2):
 def new generation   total 1048832K, used 22661K [0x00007fa9c4600000, 0x00007faa0b800000, 0x00007faf19b50000)
  eden space 932352K,   0% used [0x00007fa9c4600000, 0x00007fa9c4600000, 0x00007fa9fd480000)
  from space 116480K,  19% used [0x00007fa9fd480000, 0x00007fa9feaa1450, 0x00007faa04640000)
  to   space 116480K,   0% used [0x00007faa04640000, 0x00007faa04640000, 0x00007faa0b800000)
 tenured generation   total 2330524K, used 2329297K [0x00007faf19b50000, 0x00007fafa7f37000, 0x00007fb9c4600000)
   the space 2330524K,  99% used [0x00007faf19b50000, 0x00007fafa7e046b0, 0x00007fafa7e04800, 0x00007fafa7f37000)
 Metaspace       used 24870K, capacity 25326K, committed 25344K, reserved 26624K
}
Event: 1375.025 GC heap before
{Heap before GC invocations=2177 (full 2):
 def new generation   total 1048832K, used 955013K [0x00007fa9c4600000, 0x00007faa0b800000, 0x00007faf19b50000)
  eden space 932352K, 100% used [0x00007fa9c4600000, 0x00007fa9fd480000, 0x00007fa9fd480000)
  from space 116480K,  19% used [0x00007fa9fd480000, 0x00007fa9feaa1450, 0x00007faa04640000)
  to   space 116480K,   0% used [0x00007faa04640000, 0x00007faa04640000, 0x00007faa0b800000)
 tenured generation   total 2330524K, used 2329297K [0x00007faf19b50000, 0x00007fafa7f37000, 0x00007fb9c4600000)
   the space 2330524K,  99% used [0x00007faf19b50000, 0x00007fafa7e046b0, 0x00007fafa7e04800, 0x00007fafa7f37000)
 Metaspace       used 24870K, capacity 25326K, committed 25344K, reserved 26624K
}
Event: 1375.063 GC heap after
{Heap after GC invocations=2178 (full 2):
 def new generation   total 1048832K, used 22626K [0x00007fa9c4600000, 0x00007faa0b800000, 0x00007faf19b50000)
  eden space 932352K,   0% used [0x00007fa9c4600000, 0x00007fa9c4600000, 0x00007fa9fd480000)
  from space 116480K,  19% used [0x00007faa04640000, 0x00007faa05c58b78, 0x00007faa0b800000)
  to   space 116480K,   0% used [0x00007fa9fd480000, 0x00007fa9fd480000, 0x00007faa04640000)
 tenured generation   total 2330908K, used 2330776K [0x00007faf19b50000, 0x00007fafa7f97000, 0x00007fb9c4600000)
   the space 2330908K,  99% used [0x00007faf19b50000, 0x00007fafa7f76070, 0x00007fafa7f76200, 0x00007fafa7f97000)
 Metaspace       used 24870K, capacity 25326K, committed 25344K, reserved 26624K
}
Event: 1375.063 GC heap before
{Heap before GC invocations=2178 (full 2):
 def new generation   total 1048832K, used 22626K [0x00007fa9c4600000, 0x00007faa0b800000, 0x00007faf19b50000)
  eden space 932352K,   0% used [0x00007fa9c4600000, 0x00007fa9c4600000, 0x00007fa9fd480000)
  from space 116480K,  19% used [0x00007faa04640000, 0x00007faa05c58b78, 0x00007faa0b800000)
  to   space 116480K,   0% used [0x00007fa9fd480000, 0x00007fa9fd480000, 0x00007faa04640000)
 tenured generation   total 2330908K, used 2330776K [0x00007faf19b50000, 0x00007fafa7f97000, 0x00007fb9c4600000)
   the space 2330908K,  99% used [0x00007faf19b50000, 0x00007fafa7f76070, 0x00007fafa7f76200, 0x00007fafa7f97000)
 Metaspace       used 24870K, capacity 25326K, committed 25344K, reserved 26624K
}

