# JRE version: OpenJDK Runtime Environment (13.0.7+5) (build 13.0.7+5-Ubuntu-0ubuntu120.04)
# Java VM: OpenJDK 64-Bit Server VM (13.0.7+5-Ubuntu-0ubuntu120.04, mixed mode, tiered, serial gc, linux-amd64)
Heap:
 def new generation   total 1747968K, used 0K [0x00007f3914400000, 0x00007f398aca0000, 0x00007f3e69950000)
  eden space 1553792K,   0% used [0x00007f3914400000, 0x00007f3914400000, 0x00007f3973160000)
  from space 194176K,   0% used [0x00007f3973160000, 0x00007f3973160000, 0x00007f397ef00000)
  to   space 194176K,   0% used [0x00007f397ef00000, 0x00007f397ef00000, 0x00007f398aca0000)
 tenured generation   total 3884460K, used 3867470K [0x00007f3e69950000, 0x00007f3f56abb000, 0x00007f4914400000)
   the space 3884460K,  99% used [0x00007f3e69950000, 0x00007f3f55a23a28, 0x00007f3f55a23c00, 0x00007f3f56abb000)
 Metaspace       used 24872K, capacity 25337K, committed 25600K, reserved 26624K
GC Heap History (20 events):
Event: 9935.432 GC heap after
{Heap after GC invocations=17543 (full 3):
 def new generation   total 1747968K, used 6029K [0x00007f3914400000, 0x00007f398aca0000, 0x00007f3e69950000)
  eden space 1553792K,   0% used [0x00007f3914400000, 0x00007f3914400000, 0x00007f3973160000)
  from space 194176K,   3% used [0x00007f397ef00000, 0x00007f397f4e3680, 0x00007f398aca0000)
  to   space 194176K,   0% used [0x00007f3973160000, 0x00007f3973160000, 0x00007f397ef00000)
 tenured generation   total 3884268K, used 3880734K [0x00007f3e69950000, 0x00007f3f56a8b000, 0x00007f4914400000)
   the space 3884268K,  99% used [0x00007f3e69950000, 0x00007f3f56717a58, 0x00007f3f56717c00, 0x00007f3f56a8b000)
 Metaspace       used 24872K, capacity 25337K, committed 25600K, reserved 26624K
}
Event: 9936.495 GC heap before
{Heap before GC invocations=17543 (full 3):
 def new generation   total 1747968K, used 1559821K [0x00007f3914400000, 0x00007f398aca0000, 0x00007f3e69950000)
  eden space 1553792K, 100% used [0x00007f3914400000, 0x00007f3973160000, 0x00007f3973160000)
  from space 194176K,   3% used [0x00007f397ef00000, 0x00007f397f4e3680, 0x00007f398aca0000)
  to   space 194176K,   0% used [0x00007f3973160000, 0x00007f3973160000, 0x00007f397ef00000)
 tenured generation   total 3884268K, used 3880734K [0x00007f3e69950000, 0x00007f3f56a8b000, 0x00007f4914400000)
   the space 3884268K,  99% used [0x00007f3e69950000, 0x00007f3f56717a58, 0x00007f3f56717c00, 0x00007f3f56a8b000)
 Metaspace       used 24872K, capacity 25337K, committed 25600K, reserved 26624K
}
Event: 9936.504 GC heap after
{Heap after GC invocations=17544 (full 3):
 def new generation   total 1747968K, used 5995K [0x00007f3914400000, 0x00007f398aca0000, 0x00007f3e69950000)
  eden space 1553792K,   0% used [0x00007f3914400000, 0x00007f3914400000, 0x00007f3973160000)
  from space 194176K,   3% used [0x00007f3973160000, 0x00007f397373aff0, 0x00007f397ef00000)
  to   space 194176K,   0% used [0x00007f397ef00000, 0x00007f397ef00000, 0x00007f398aca0000)
 tenured generation   total 3884268K, used 3881165K [0x00007f3e69950000, 0x00007f3f56a8b000, 0x00007f4914400000)
   the space 3884268K,  99% used [0x00007f3e69950000, 0x00007f3f56783718, 0x00007f3f56783800, 0x00007f3f56a8b000)
 Metaspace       used 24872K, capacity 25337K, committed 25600K, reserved 26624K
}
Event: 9937.522 GC heap before
{Heap before GC invocations=17544 (full 3):
 def new generation   total 1747968K, used 1559787K [0x00007f3914400000, 0x00007f398aca0000, 0x00007f3e69950000)
  eden space 1553792K, 100% used [0x00007f3914400000, 0x00007f3973160000, 0x00007f3973160000)
  from space 194176K,   3% used [0x00007f3973160000, 0x00007f397373aff0, 0x00007f397ef00000)
  to   space 194176K,   0% used [0x00007f397ef00000, 0x00007f397ef00000, 0x00007f398aca0000)
 tenured generation   total 3884268K, used 3881165K [0x00007f3e69950000, 0x00007f3f56a8b000, 0x00007f4914400000)
   the space 3884268K,  99% used [0x00007f3e69950000, 0x00007f3f56783718, 0x00007f3f56783800, 0x00007f3f56a8b000)
 Metaspace       used 24872K, capacity 25337K, committed 25600K, reserved 26624K
}
Event: 9937.531 GC heap after
{Heap after GC invocations=17545 (full 3):
 def new generation   total 1747968K, used 6027K [0x00007f3914400000, 0x00007f398aca0000, 0x00007f3e69950000)
  eden space 1553792K,   0% used [0x00007f3914400000, 0x00007f3914400000, 0x00007f3973160000)
  from space 194176K,   3% used [0x00007f397ef00000, 0x00007f397f4e2ea0, 0x00007f398aca0000)
  to   space 194176K,   0% used [0x00007f3973160000, 0x00007f3973160000, 0x00007f397ef00000)
 tenured generation   total 3884268K, used 3881543K [0x00007f3e69950000, 0x00007f3f56a8b000, 0x00007f4914400000)
   the space 3884268K,  99% used [0x00007f3e69950000, 0x00007f3f567e1c40, 0x00007f3f567e1e00, 0x00007f3f56a8b000)
 Metaspace       used 24872K, capacity 25337K, committed 25600K, reserved 26624K
}
Event: 9938.562 GC heap before
{Heap before GC invocations=17545 (full 3):
 def new generation   total 1747968K, used 1559819K [0x00007f3914400000, 0x00007f398aca0000, 0x00007f3e69950000)
  eden space 1553792K, 100% used [0x00007f3914400000, 0x00007f3973160000, 0x00007f3973160000)
  from space 194176K,   3% used [0x00007f397ef00000, 0x00007f397f4e2ea0, 0x00007f398aca0000)
  to   space 194176K,   0% used [0x00007f3973160000, 0x00007f3973160000, 0x00007f397ef00000)
 tenured generation   total 3884268K, used 3881543K [0x00007f3e69950000, 0x00007f3f56a8b000, 0x00007f4914400000)
   the space 3884268K,  99% used [0x00007f3e69950000, 0x00007f3f567e1c40, 0x00007f3f567e1e00, 0x00007f3f56a8b000)
 Metaspace       used 24872K, capacity 25337K, committed 25600K, reserved 26624K
}
Event: 9938.569 GC heap after
{Heap after GC invocations=17546 (full 3):
 def new generation   total 1747968K, used 6018K [0x00007f3914400000, 0x00007f398aca0000, 0x00007f3e69950000)
  eden space 1553792K,   0% used [0x00007f3914400000, 0x00007f3914400000, 0x00007f3973160000)
  from space 194176K,   3% used [0x00007f3973160000, 0x00007f3973740ab0, 0x00007f397ef00000)
  to   space 194176K,   0% used [0x00007f397ef00000, 0x00007f397ef00000, 0x00007f398aca0000)
 tenured generation   total 3884268K, used 3881920K [0x00007f3e69950000, 0x00007f3f56a8b000, 0x00007f4914400000)
   the space 3884268K,  99% used [0x00007f3e69950000, 0x00007f3f56840168, 0x00007f3f56840200, 0x00007f3f56a8b000)
 Metaspace       used 24872K, capacity 25337K, committed 25600K, reserved 26624K
}
Event: 9939.661 GC heap before
{Heap before GC invocations=17546 (full 3):
 def new generation   total 1747968K, used 1559810K [0x00007f3914400000, 0x00007f398aca0000, 0x00007f3e69950000)
  eden space 1553792K, 100% used [0x00007f3914400000, 0x00007f3973160000, 0x00007f3973160000)
  from space 194176K,   3% used [0x00007f3973160000, 0x00007f3973740ab0, 0x00007f397ef00000)
  to   space 194176K,   0% used [0x00007f397ef00000, 0x00007f397ef00000, 0x00007f398aca0000)
 tenured generation   total 3884268K, used 3881920K [0x00007f3e69950000, 0x00007f3f56a8b000, 0x00007f4914400000)
   the space 3884268K,  99% used [0x00007f3e69950000, 0x00007f3f56840168, 0x00007f3f56840200, 0x00007f3f56a8b000)
 Metaspace       used 24872K, capacity 25337K, committed 25600K, reserved 26624K
}
Event: 9939.670 GC heap after
{Heap after GC invocations=17547 (full 3):
 def new generation   total 1747968K, used 5996K [0x00007f3914400000, 0x00007f398aca0000, 0x00007f3e69950000)
  eden space 1553792K,   0% used [0x00007f3914400000, 0x00007f3914400000, 0x00007f3973160000)
  from space 194176K,   3% used [0x00007f397ef00000, 0x00007f397f4db0b0, 0x00007f398aca0000)
  to   space 194176K,   0% used [0x00007f3973160000, 0x00007f3973160000, 0x00007f397ef00000)
 tenured generation   total 3884268K, used 3882351K [0x00007f3e69950000, 0x00007f3f56a8b000, 0x00007f4914400000)
   the space 3884268K,  99% used [0x00007f3e69950000, 0x00007f3f568abe28, 0x00007f3f568ac000, 0x00007f3f56a8b000)
 Metaspace       used 24872K, capacity 25337K, committed 25600K, reserved 26624K
}
Event: 9940.671 GC heap before
{Heap before GC invocations=17547 (full 3):
 def new generation   total 1747968K, used 1559788K [0x00007f3914400000, 0x00007f398aca0000, 0x00007f3e69950000)
  eden space 1553792K, 100% used [0x00007f3914400000, 0x00007f3973160000, 0x00007f3973160000)
  from space 194176K,   3% used [0x00007f397ef00000, 0x00007f397f4db0b0, 0x00007f398aca0000)
  to   space 194176K,   0% used [0x00007f3973160000, 0x00007f3973160000, 0x00007f397ef00000)
 tenured generation   total 3884268K, used 3882351K [0x00007f3e69950000, 0x00007f3f56a8b000, 0x00007f4914400000)
   the space 3884268K,  99% used [0x00007f3e69950000, 0x00007f3f568abe28, 0x00007f3f568ac000, 0x00007f3f56a8b000)
 Metaspace       used 24872K, capacity 25337K, committed 25600K, reserved 26624K
}
Event: 9940.683 GC heap after
{Heap after GC invocations=17548 (full 3):
 def new generation   total 1747968K, used 6023K [0x00007f3914400000, 0x00007f398aca0000, 0x00007f3e69950000)
  eden space 1553792K,   0% used [0x00007f3914400000, 0x00007f3914400000, 0x00007f3973160000)
  from space 194176K,   3% used [0x00007f3973160000, 0x00007f3973741e78, 0x00007f397ef00000)
  to   space 194176K,   0% used [0x00007f397ef00000, 0x00007f397ef00000, 0x00007f398aca0000)
 tenured generation   total 3884268K, used 3882728K [0x00007f3e69950000, 0x00007f3f56a8b000, 0x00007f4914400000)
   the space 3884268K,  99% used [0x00007f3e69950000, 0x00007f3f5690a350, 0x00007f3f5690a400, 0x00007f3f56a8b000)
 Metaspace       used 24872K, capacity 25337K, committed 25600K, reserved 26624K
}
Event: 9941.799 GC heap before
{Heap before GC invocations=17548 (full 3):
 def new generation   total 1747968K, used 1559815K [0x00007f3914400000, 0x00007f398aca0000, 0x00007f3e69950000)
  eden space 1553792K, 100% used [0x00007f3914400000, 0x00007f3973160000, 0x00007f3973160000)
  from space 194176K,   3% used [0x00007f3973160000, 0x00007f3973741e78, 0x00007f397ef00000)
  to   space 194176K,   0% used [0x00007f397ef00000, 0x00007f397ef00000, 0x00007f398aca0000)
 tenured generation   total 3884268K, used 3882728K [0x00007f3e69950000, 0x00007f3f56a8b000, 0x00007f4914400000)
   the space 3884268K,  99% used [0x00007f3e69950000, 0x00007f3f5690a350, 0x00007f3f5690a400, 0x00007f3f56a8b000)
 Metaspace       used 24872K, capacity 25337K, committed 25600K, reserved 26624K
}
Event: 9941.809 GC heap after
{Heap after GC invocations=17549 (full 3):
 def new generation   total 1747968K, used 6022K [0x00007f3914400000, 0x00007f398aca0000, 0x00007f3e69950000)
  eden space 1553792K,   0% used [0x00007f3914400000, 0x00007f3914400000, 0x00007f3973160000)
  from space 194176K,   3% used [0x00007f397ef00000, 0x00007f397f4e1998, 0x00007f398aca0000)
  to   space 194176K,   0% used [0x00007f3973160000, 0x00007f3973160000, 0x00007f397ef00000)
 tenured generation   total 3884268K, used 3883106K [0x00007f3e69950000, 0x00007f3f56a8b000, 0x00007f4914400000)
   the space 3884268K,  99% used [0x00007f3e69950000, 0x00007f3f56968878, 0x00007f3f56968a00, 0x00007f3f56a8b000)
 Metaspace       used 24872K, capacity 25337K, committed 25600K, reserved 26624K
}
Event: 9942.815 GC heap before
{Heap before GC invocations=17549 (full 3):
 def new generation   total 1747968K, used 1559814K [0x00007f3914400000, 0x00007f398aca0000, 0x00007f3e69950000)
  eden space 1553792K, 100% used [0x00007f3914400000, 0x00007f3973160000, 0x00007f3973160000)
  from space 194176K,   3% used [0x00007f397ef00000, 0x00007f397f4e1998, 0x00007f398aca0000)
  to   space 194176K,   0% used [0x00007f3973160000, 0x00007f3973160000, 0x00007f397ef00000)
 tenured generation   total 3884268K, used 3883106K [0x00007f3e69950000, 0x00007f3f56a8b000, 0x00007f4914400000)
   the space 3884268K,  99% used [0x00007f3e69950000, 0x00007f3f56968878, 0x00007f3f56968a00, 0x00007f3f56a8b000)
 Metaspace       used 24872K, capacity 25337K, committed 25600K, reserved 26624K
}
Event: 9942.823 GC heap after
{Heap after GC invocations=17550 (full 3):
 def new generation   total 1747968K, used 5979K [0x00007f3914400000, 0x00007f398aca0000, 0x00007f3e69950000)
  eden space 1553792K,   0% used [0x00007f3914400000, 0x00007f3914400000, 0x00007f3973160000)
  from space 194176K,   3% used [0x00007f3973160000, 0x00007f3973736ed8, 0x00007f397ef00000)
  to   space 194176K,   0% used [0x00007f397ef00000, 0x00007f397ef00000, 0x00007f398aca0000)
 tenured generation   total 3884268K, used 3883537K [0x00007f3e69950000, 0x00007f3f56a8b000, 0x00007f4914400000)
   the space 3884268K,  99% used [0x00007f3e69950000, 0x00007f3f569d4538, 0x00007f3f569d4600, 0x00007f3f56a8b000)
 Metaspace       used 24872K, capacity 25337K, committed 25600K, reserved 26624K
}
Event: 9943.847 GC heap before
{Heap before GC invocations=17550 (full 3):
 def new generation   total 1747968K, used 1559771K [0x00007f3914400000, 0x00007f398aca0000, 0x00007f3e69950000)
  eden space 1553792K, 100% used [0x00007f3914400000, 0x00007f3973160000, 0x00007f3973160000)
  from space 194176K,   3% used [0x00007f3973160000, 0x00007f3973736ed8, 0x00007f397ef00000)
  to   space 194176K,   0% used [0x00007f397ef00000, 0x00007f397ef00000, 0x00007f398aca0000)
 tenured generation   total 3884268K, used 3883537K [0x00007f3e69950000, 0x00007f3f56a8b000, 0x00007f4914400000)
   the space 3884268K,  99% used [0x00007f3e69950000, 0x00007f3f569d4538, 0x00007f3f569d4600, 0x00007f3f56a8b000)
 Metaspace       used 24872K, capacity 25337K, committed 25600K, reserved 26624K
}
Event: 9943.855 GC heap after
{Heap after GC invocations=17551 (full 3):
 def new generation   total 1747968K, used 6027K [0x00007f3914400000, 0x00007f398aca0000, 0x00007f3e69950000)
  eden space 1553792K,   0% used [0x00007f3914400000, 0x00007f3914400000, 0x00007f3973160000)
  from space 194176K,   3% used [0x00007f397ef00000, 0x00007f397f4e2e00, 0x00007f398aca0000)
  to   space 194176K,   0% used [0x00007f3973160000, 0x00007f3973160000, 0x00007f397ef00000)
 tenured generation   total 3884268K, used 3883914K [0x00007f3e69950000, 0x00007f3f56a8b000, 0x00007f4914400000)
   the space 3884268K,  99% used [0x00007f3e69950000, 0x00007f3f56a32a60, 0x00007f3f56a32c00, 0x00007f3f56a8b000)
 Metaspace       used 24872K, capacity 25337K, committed 25600K, reserved 26624K
}
Event: 9944.965 GC heap before
{Heap before GC invocations=17551 (full 3):
 def new generation   total 1747968K, used 1559819K [0x00007f3914400000, 0x00007f398aca0000, 0x00007f3e69950000)
  eden space 1553792K, 100% used [0x00007f3914400000, 0x00007f3973160000, 0x00007f3973160000)
  from space 194176K,   3% used [0x00007f397ef00000, 0x00007f397f4e2e00, 0x00007f398aca0000)
  to   space 194176K,   0% used [0x00007f3973160000, 0x00007f3973160000, 0x00007f397ef00000)
 tenured generation   total 3884268K, used 3883914K [0x00007f3e69950000, 0x00007f3f56a8b000, 0x00007f4914400000)
   the space 3884268K,  99% used [0x00007f3e69950000, 0x00007f3f56a32a60, 0x00007f3f56a32c00, 0x00007f3f56a8b000)
 Metaspace       used 24872K, capacity 25337K, committed 25600K, reserved 26624K
}
Event: 9944.972 GC heap after
{Heap after GC invocations=17552 (full 3):
 def new generation   total 1747968K, used 6027K [0x00007f3914400000, 0x00007f398aca0000, 0x00007f3e69950000)
  eden space 1553792K,   0% used [0x00007f3914400000, 0x00007f3914400000, 0x00007f3973160000)
  from space 194176K,   3% used [0x00007f3973160000, 0x00007f3973742fc0, 0x00007f397ef00000)
  to   space 194176K,   0% used [0x00007f397ef00000, 0x00007f397ef00000, 0x00007f398aca0000)
 tenured generation   total 3884460K, used 3884291K [0x00007f3e69950000, 0x00007f3f56abb000, 0x00007f4914400000)
   the space 3884460K,  99% used [0x00007f3e69950000, 0x00007f3f56a90f88, 0x00007f3f56a91000, 0x00007f3f56abb000)
 Metaspace       used 24872K, capacity 25337K, committed 25600K, reserved 26624K
}
Event: 9944.973 GC heap before
{Heap before GC invocations=17552 (full 3):
 def new generation   total 1747968K, used 6027K [0x00007f3914400000, 0x00007f398aca0000, 0x00007f3e69950000)
  eden space 1553792K,   0% used [0x00007f3914400000, 0x00007f3914400000, 0x00007f3973160000)
  from space 194176K,   3% used [0x00007f3973160000, 0x00007f3973742fc0, 0x00007f397ef00000)
  to   space 194176K,   0% used [0x00007f397ef00000, 0x00007f397ef00000, 0x00007f398aca0000)
 tenured generation   total 3884460K, used 3884291K [0x00007f3e69950000, 0x00007f3f56abb000, 0x00007f4914400000)
   the space 3884460K,  99% used [0x00007f3e69950000, 0x00007f3f56a90f88, 0x00007f3f56a91000, 0x00007f3f56abb000)
 Metaspace       used 24872K, capacity 25337K, committed 25600K, reserved 26624K
}

