# JRE version: OpenJDK Runtime Environment (13.0.7+5) (build 13.0.7+5-Ubuntu-0ubuntu120.04)
# Java VM: OpenJDK 64-Bit Server VM (13.0.7+5-Ubuntu-0ubuntu120.04, mixed mode, tiered, serial gc, linux-amd64)
Heap:
 def new generation   total 1836224K, used 198392K [0x00007f3340600000, 0x00007f33bce60000, 0x00007f3895b50000)
  eden space 1632256K,  12% used [0x00007f3340600000, 0x00007f334c7be158, 0x00007f33a4000000)
  from space 203968K,   0% used [0x00007f33a4000000, 0x00007f33a4000000, 0x00007f33b0730000)
  to   space 203968K,   0% used [0x00007f33b0730000, 0x00007f33b0730000, 0x00007f33bce60000)
 tenured generation   total 4679936K, used 4679935K [0x00007f3895b50000, 0x00007f39b3590000, 0x00007f4340600000)
   the space 4679936K,  99% used [0x00007f3895b50000, 0x00007f39b358ff08, 0x00007f39b3590000, 0x00007f39b3590000)
 Metaspace       used 31710K, capacity 32205K, committed 32512K, reserved 32768K
GC Heap History (20 events):
Event: 9.186 GC heap after
{Heap after GC invocations=2 (full 1):
 def new generation   total 629248K, used 7377K [0x00007f3340600000, 0x00007f336b0c0000, 0x00007f3895b50000)
  eden space 559360K,   0% used [0x00007f3340600000, 0x00007f3340600000, 0x00007f3362840000)
  from space 69888K,  10% used [0x00007f3366c80000, 0x00007f33673b4660, 0x00007f336b0c0000)
  to   space 69888K,   0% used [0x00007f3362840000, 0x00007f3362840000, 0x00007f3366c80000)
 tenured generation   total 1398144K, used 13944K [0x00007f3895b50000, 0x00007f38eb0b0000, 0x00007f4340600000)
   the space 1398144K,   0% used [0x00007f3895b50000, 0x00007f38968ee1e0, 0x00007f38968ee200, 0x00007f38eb0b0000)
 Metaspace       used 31708K, capacity 32205K, committed 32512K, reserved 32768K
}
Event: 9.978 GC heap before
{Heap before GC invocations=2 (full 1):
 def new generation   total 629248K, used 566737K [0x00007f3340600000, 0x00007f336b0c0000, 0x00007f3895b50000)
  eden space 559360K, 100% used [0x00007f3340600000, 0x00007f3362840000, 0x00007f3362840000)
  from space 69888K,  10% used [0x00007f3366c80000, 0x00007f33673b4660, 0x00007f336b0c0000)
  to   space 69888K,   0% used [0x00007f3362840000, 0x00007f3362840000, 0x00007f3366c80000)
 tenured generation   total 1398144K, used 13944K [0x00007f3895b50000, 0x00007f38eb0b0000, 0x00007f4340600000)
   the space 1398144K,   0% used [0x00007f3895b50000, 0x00007f38968ee1e0, 0x00007f38968ee200, 0x00007f38eb0b0000)
 Metaspace       used 31710K, capacity 32205K, committed 32512K, reserved 32768K
}
Event: 10.558 GC heap after
{Heap after GC invocations=3 (full 1):
 def new generation   total 629248K, used 69888K [0x00007f3340600000, 0x00007f336b0c0000, 0x00007f3895b50000)
  eden space 559360K,   0% used [0x00007f3340600000, 0x00007f3340600000, 0x00007f3362840000)
  from space 69888K, 100% used [0x00007f3362840000, 0x00007f3366c80000, 0x00007f3366c80000)
  to   space 69888K,   0% used [0x00007f3366c80000, 0x00007f3366c80000, 0x00007f336b0c0000)
 tenured generation   total 1398144K, used 350030K [0x00007f3895b50000, 0x00007f38eb0b0000, 0x00007f4340600000)
   the space 1398144K,  25% used [0x00007f3895b50000, 0x00007f38ab123850, 0x00007f38ab123a00, 0x00007f38eb0b0000)
 Metaspace       used 31710K, capacity 32205K, committed 32512K, reserved 32768K
}
Event: 11.222 GC heap before
{Heap before GC invocations=3 (full 1):
 def new generation   total 629248K, used 629248K [0x00007f3340600000, 0x00007f336b0c0000, 0x00007f3895b50000)
  eden space 559360K, 100% used [0x00007f3340600000, 0x00007f3362840000, 0x00007f3362840000)
  from space 69888K, 100% used [0x00007f3362840000, 0x00007f3366c80000, 0x00007f3366c80000)
  to   space 69888K,   0% used [0x00007f3366c80000, 0x00007f3366c80000, 0x00007f336b0c0000)
 tenured generation   total 1398144K, used 350030K [0x00007f3895b50000, 0x00007f38eb0b0000, 0x00007f4340600000)
   the space 1398144K,  25% used [0x00007f3895b50000, 0x00007f38ab123850, 0x00007f38ab123a00, 0x00007f38eb0b0000)
 Metaspace       used 31710K, capacity 32205K, committed 32512K, reserved 32768K
}
Event: 12.135 GC heap after
{Heap after GC invocations=4 (full 1):
 def new generation   total 629248K, used 69887K [0x00007f3340600000, 0x00007f336b0c0000, 0x00007f3895b50000)
  eden space 559360K,   0% used [0x00007f3340600000, 0x00007f3340600000, 0x00007f3362840000)
  from space 69888K,  99% used [0x00007f3366c80000, 0x00007f336b0bfde8, 0x00007f336b0c0000)
  to   space 69888K,   0% used [0x00007f3362840000, 0x00007f3362840000, 0x00007f3366c80000)
 tenured generation   total 1398144K, used 909347K [0x00007f3895b50000, 0x00007f38eb0b0000, 0x00007f4340600000)
   the space 1398144K,  65% used [0x00007f3895b50000, 0x00007f38cd358d88, 0x00007f38cd358e00, 0x00007f38eb0b0000)
 Metaspace       used 31710K, capacity 32205K, committed 32512K, reserved 32768K
}
Event: 12.518 GC heap before
{Heap before GC invocations=4 (full 1):
 def new generation   total 629248K, used 629247K [0x00007f3340600000, 0x00007f336b0c0000, 0x00007f3895b50000)
  eden space 559360K, 100% used [0x00007f3340600000, 0x00007f3362840000, 0x00007f3362840000)
  from space 69888K,  99% used [0x00007f3366c80000, 0x00007f336b0bfde8, 0x00007f336b0c0000)
  to   space 69888K,   0% used [0x00007f3362840000, 0x00007f3362840000, 0x00007f3366c80000)
 tenured generation   total 1398144K, used 909347K [0x00007f3895b50000, 0x00007f38eb0b0000, 0x00007f4340600000)
   the space 1398144K,  65% used [0x00007f3895b50000, 0x00007f38cd358d88, 0x00007f38cd358e00, 0x00007f38eb0b0000)
 Metaspace       used 31710K, capacity 32205K, committed 32512K, reserved 32768K
}
Event: 13.860 GC heap after
{Heap after GC invocations=5 (full 1):
 def new generation   total 629248K, used 69887K [0x00007f3340600000, 0x00007f336b0c0000, 0x00007f3895b50000)
  eden space 559360K,   0% used [0x00007f3340600000, 0x00007f3340600000, 0x00007f3362840000)
  from space 69888K,  99% used [0x00007f3362840000, 0x00007f3366c7fde8, 0x00007f3366c80000)
  to   space 69888K,   0% used [0x00007f3366c80000, 0x00007f3366c80000, 0x00007f336b0c0000)
 tenured generation   total 1468800K, used 1468644K [0x00007f3895b50000, 0x00007f38ef5b0000, 0x00007f4340600000)
   the space 1468800K,  99% used [0x00007f3895b50000, 0x00007f38ef5892e0, 0x00007f38ef589400, 0x00007f38ef5b0000)
 Metaspace       used 31710K, capacity 32205K, committed 32512K, reserved 32768K
}
Event: 13.860 GC heap before
{Heap before GC invocations=5 (full 1):
 def new generation   total 629248K, used 69887K [0x00007f3340600000, 0x00007f336b0c0000, 0x00007f3895b50000)
  eden space 559360K,   0% used [0x00007f3340600000, 0x00007f3340600000, 0x00007f3362840000)
  from space 69888K,  99% used [0x00007f3362840000, 0x00007f3366c7fde8, 0x00007f3366c80000)
  to   space 69888K,   0% used [0x00007f3366c80000, 0x00007f3366c80000, 0x00007f336b0c0000)
 tenured generation   total 1468800K, used 1468644K [0x00007f3895b50000, 0x00007f38ef5b0000, 0x00007f4340600000)
   the space 1468800K,  99% used [0x00007f3895b50000, 0x00007f38ef5892e0, 0x00007f38ef589400, 0x00007f38ef5b0000)
 Metaspace       used 31710K, capacity 32205K, committed 32512K, reserved 32768K
}
Event: 14.549 GC heap after
{Heap after GC invocations=5 (full 2):
 def new generation   total 1101696K, used 69732K [0x00007f3340600000, 0x00007f338b160000, 0x00007f3895b50000)
  eden space 979328K,   7% used [0x00007f3340600000, 0x00007f3344a193c0, 0x00007f337c260000)
  from space 122368K,   0% used [0x00007f337c260000, 0x00007f337c260000, 0x00007f33839e0000)
  to   space 122368K,   0% used [0x00007f33839e0000, 0x00007f33839e0000, 0x00007f338b160000)
 tenured generation   total 2448000K, used 1468799K [0x00007f3895b50000, 0x00007f392b1f0000, 0x00007f4340600000)
   the space 2448000K,  59% used [0x00007f3895b50000, 0x00007f38ef5afd08, 0x00007f38ef5afe00, 0x00007f392b1f0000)
 Metaspace       used 31710K, capacity 32205K, committed 32512K, reserved 32768K
}
Event: 15.223 GC heap before
{Heap before GC invocations=5 (full 2):
 def new generation   total 1101696K, used 979328K [0x00007f3340600000, 0x00007f338b160000, 0x00007f3895b50000)
  eden space 979328K, 100% used [0x00007f3340600000, 0x00007f337c260000, 0x00007f337c260000)
  from space 122368K,   0% used [0x00007f337c260000, 0x00007f337c260000, 0x00007f33839e0000)
  to   space 122368K,   0% used [0x00007f33839e0000, 0x00007f33839e0000, 0x00007f338b160000)
 tenured generation   total 2448000K, used 1468799K [0x00007f3895b50000, 0x00007f392b1f0000, 0x00007f4340600000)
   the space 2448000K,  59% used [0x00007f3895b50000, 0x00007f38ef5afd08, 0x00007f38ef5afe00, 0x00007f392b1f0000)
 Metaspace       used 31710K, capacity 32205K, committed 32512K, reserved 32768K
}
Event: 17.844 GC heap after
{Heap after GC invocations=6 (full 2):
 def new generation   total 1101696K, used 122367K [0x00007f3340600000, 0x00007f338b160000, 0x00007f3895b50000)
  eden space 979328K,   0% used [0x00007f3340600000, 0x00007f3340600000, 0x00007f337c260000)
  from space 122368K,  99% used [0x00007f33839e0000, 0x00007f338b15fd38, 0x00007f338b160000)
  to   space 122368K,   0% used [0x00007f337c260000, 0x00007f337c260000, 0x00007f33839e0000)
 tenured generation   total 2448000K, used 2325723K [0x00007f3895b50000, 0x00007f392b1f0000, 0x00007f4340600000)
   the space 2448000K,  95% used [0x00007f3895b50000, 0x00007f3923a86de8, 0x00007f3923a86e00, 0x00007f392b1f0000)
 Metaspace       used 31710K, capacity 32205K, committed 32512K, reserved 32768K
}
Event: 21.154 GC heap before
{Heap before GC invocations=6 (full 2):
 def new generation   total 1101696K, used 1101695K [0x00007f3340600000, 0x00007f338b160000, 0x00007f3895b50000)
  eden space 979328K, 100% used [0x00007f3340600000, 0x00007f337c260000, 0x00007f337c260000)
  from space 122368K,  99% used [0x00007f33839e0000, 0x00007f338b15fd38, 0x00007f338b160000)
  to   space 122368K,   0% used [0x00007f337c260000, 0x00007f337c260000, 0x00007f33839e0000)
 tenured generation   total 2448000K, used 2325723K [0x00007f3895b50000, 0x00007f392b1f0000, 0x00007f4340600000)
   the space 2448000K,  95% used [0x00007f3895b50000, 0x00007f3923a86de8, 0x00007f3923a86e00, 0x00007f392b1f0000)
 Metaspace       used 31710K, capacity 32205K, committed 32512K, reserved 32768K
}
Event: 21.442 GC heap after
{Heap after GC invocations=7 (full 2):
 def new generation   total 1101696K, used 2624K [0x00007f3340600000, 0x00007f338b160000, 0x00007f3895b50000)
  eden space 979328K,   0% used [0x00007f3340600000, 0x00007f3340600000, 0x00007f337c260000)
  from space 122368K,   2% used [0x00007f337c260000, 0x00007f337c4f0258, 0x00007f33839e0000)
  to   space 122368K,   0% used [0x00007f33839e0000, 0x00007f33839e0000, 0x00007f338b160000)
 tenured generation   total 2448192K, used 2448090K [0x00007f3895b50000, 0x00007f392b220000, 0x00007f4340600000)
   the space 2448192K,  99% used [0x00007f3895b50000, 0x00007f392b206b20, 0x00007f392b206c00, 0x00007f392b220000)
 Metaspace       used 31710K, capacity 32205K, committed 32512K, reserved 32768K
}
Event: 21.442 GC heap before
{Heap before GC invocations=7 (full 2):
 def new generation   total 1101696K, used 2624K [0x00007f3340600000, 0x00007f338b160000, 0x00007f3895b50000)
  eden space 979328K,   0% used [0x00007f3340600000, 0x00007f3340600000, 0x00007f337c260000)
  from space 122368K,   2% used [0x00007f337c260000, 0x00007f337c4f0258, 0x00007f33839e0000)
  to   space 122368K,   0% used [0x00007f33839e0000, 0x00007f33839e0000, 0x00007f338b160000)
 tenured generation   total 2448192K, used 2448090K [0x00007f3895b50000, 0x00007f392b220000, 0x00007f4340600000)
   the space 2448192K,  99% used [0x00007f3895b50000, 0x00007f392b206b20, 0x00007f392b206c00, 0x00007f392b220000)
 Metaspace       used 31710K, capacity 32205K, committed 32512K, reserved 32768K
}
Event: 22.346 GC heap after
{Heap after GC invocations=7 (full 3):
 def new generation   total 1836224K, used 2524K [0x00007f3340600000, 0x00007f33bce60000, 0x00007f3895b50000)
  eden space 1632256K,   0% used [0x00007f3340600000, 0x00007f3340877070, 0x00007f33a4000000)
  from space 203968K,   0% used [0x00007f33a4000000, 0x00007f33a4000000, 0x00007f33b0730000)
  to   space 203968K,   0% used [0x00007f33b0730000, 0x00007f33b0730000, 0x00007f33bce60000)
 tenured generation   total 4080320K, used 2448191K [0x00007f3895b50000, 0x00007f398ec00000, 0x00007f4340600000)
   the space 4080320K,  59% used [0x00007f3895b50000, 0x00007f392b21fd08, 0x00007f392b21fe00, 0x00007f398ec00000)
 Metaspace       used 31710K, capacity 32205K, committed 32512K, reserved 32768K
}
Event: 24.395 GC heap before
{Heap before GC invocations=7 (full 3):
 def new generation   total 1836224K, used 1632256K [0x00007f3340600000, 0x00007f33bce60000, 0x00007f3895b50000)
  eden space 1632256K, 100% used [0x00007f3340600000, 0x00007f33a4000000, 0x00007f33a4000000)
  from space 203968K,   0% used [0x00007f33a4000000, 0x00007f33a4000000, 0x00007f33b0730000)
  to   space 203968K,   0% used [0x00007f33b0730000, 0x00007f33b0730000, 0x00007f33bce60000)
 tenured generation   total 4080320K, used 2448191K [0x00007f3895b50000, 0x00007f398ec00000, 0x00007f4340600000)
   the space 4080320K,  59% used [0x00007f3895b50000, 0x00007f392b21fd08, 0x00007f392b21fe00, 0x00007f398ec00000)
 Metaspace       used 31710K, capacity 32205K, committed 32512K, reserved 32768K
}
Event: 27.229 GC heap after
{Heap after GC invocations=8 (full 3):
 def new generation   total 1836224K, used 203967K [0x00007f3340600000, 0x00007f33bce60000, 0x00007f3895b50000)
  eden space 1632256K,   0% used [0x00007f3340600000, 0x00007f3340600000, 0x00007f33a4000000)
  from space 203968K,  99% used [0x00007f33b0730000, 0x00007f33bce5fe28, 0x00007f33bce60000)
  to   space 203968K,   0% used [0x00007f33a4000000, 0x00007f33a4000000, 0x00007f33b0730000)
 tenured generation   total 4080320K, used 3525990K [0x00007f3895b50000, 0x00007f398ec00000, 0x00007f4340600000)
   the space 4080320K,  86% used [0x00007f3895b50000, 0x00007f396cea9ac0, 0x00007f396cea9c00, 0x00007f398ec00000)
 Metaspace       used 31710K, capacity 32205K, committed 32512K, reserved 32768K
}
Event: 29.627 GC heap before
{Heap before GC invocations=8 (full 3):
 def new generation   total 1836224K, used 1836223K [0x00007f3340600000, 0x00007f33bce60000, 0x00007f3895b50000)
  eden space 1632256K, 100% used [0x00007f3340600000, 0x00007f33a4000000, 0x00007f33a4000000)
  from space 203968K,  99% used [0x00007f33b0730000, 0x00007f33bce5fe28, 0x00007f33bce60000)
  to   space 203968K,   0% used [0x00007f33a4000000, 0x00007f33a4000000, 0x00007f33b0730000)
 tenured generation   total 4080320K, used 3525990K [0x00007f3895b50000, 0x00007f398ec00000, 0x00007f4340600000)
   the space 4080320K,  86% used [0x00007f3895b50000, 0x00007f396cea9ac0, 0x00007f396cea9c00, 0x00007f398ec00000)
 Metaspace       used 31710K, capacity 32205K, committed 32512K, reserved 32768K
}
Event: 32.465 GC heap after
{Heap after GC invocations=9 (full 3):
 def new generation   total 1836224K, used 203967K [0x00007f3340600000, 0x00007f33bce60000, 0x00007f3895b50000)
  eden space 1632256K,   0% used [0x00007f3340600000, 0x00007f3340600000, 0x00007f33a4000000)
  from space 203968K,  99% used [0x00007f33a4000000, 0x00007f33b072fec8, 0x00007f33b0730000)
  to   space 203968K,   0% used [0x00007f33b0730000, 0x00007f33b0730000, 0x00007f33bce60000)
 tenured generation   total 4679936K, used 4679772K [0x00007f3895b50000, 0x00007f39b3590000, 0x00007f4340600000)
   the space 4679936K,  99% used [0x00007f3895b50000, 0x00007f39b35671e8, 0x00007f39b3567200, 0x00007f39b3590000)
 Metaspace       used 31710K, capacity 32205K, committed 32512K, reserved 32768K
}
Event: 32.465 GC heap before
{Heap before GC invocations=9 (full 3):
 def new generation   total 1836224K, used 203967K [0x00007f3340600000, 0x00007f33bce60000, 0x00007f3895b50000)
  eden space 1632256K,   0% used [0x00007f3340600000, 0x00007f3340600000, 0x00007f33a4000000)
  from space 203968K,  99% used [0x00007f33a4000000, 0x00007f33b072fec8, 0x00007f33b0730000)
  to   space 203968K,   0% used [0x00007f33b0730000, 0x00007f33b0730000, 0x00007f33bce60000)
 tenured generation   total 4679936K, used 4679772K [0x00007f3895b50000, 0x00007f39b3590000, 0x00007f4340600000)
   the space 4679936K,  99% used [0x00007f3895b50000, 0x00007f39b35671e8, 0x00007f39b3567200, 0x00007f39b3590000)
 Metaspace       used 31710K, capacity 32205K, committed 32512K, reserved 32768K
}

