# JRE version: OpenJDK Runtime Environment (13.0.7+5) (build 13.0.7+5-Ubuntu-0ubuntu120.04)
# Java VM: OpenJDK 64-Bit Server VM (13.0.7+5-Ubuntu-0ubuntu120.04, mixed mode, tiered, serial gc, linux-amd64)
Heap:
 def new generation   total 2881664K, used 15398K [0x00007fbfc8600000, 0x00007fc08bcc0000, 0x00007fca730a0000)
  eden space 2561536K,   0% used [0x00007fbfc8600000, 0x00007fbfc9509ba0, 0x00007fc064b80000)
  from space 320128K,   0% used [0x00007fc064b80000, 0x00007fc064b80000, 0x00007fc078420000)
  to   space 320128K,   0% used [0x00007fc078420000, 0x00007fc078420000, 0x00007fc08bcc0000)
 tenured generation   total 6404256K, used 6404255K [0x00007fca730a0000, 0x00007fcbf9ec8000, 0x00007fdfc8600000)
   the space 6404256K,  99% used [0x00007fca730a0000, 0x00007fcbf9ec7fd8, 0x00007fcbf9ec8000, 0x00007fcbf9ec8000)
 Metaspace       used 25257K, capacity 25775K, committed 25856K, reserved 26624K
GC Heap History (20 events):
Event: 15168.733 GC heap after
{Heap after GC invocations=26916 (full 4):
 def new generation   total 2881664K, used 15546K [0x00007fbfc8600000, 0x00007fc08bcc0000, 0x00007fca730a0000)
  eden space 2561536K,   0% used [0x00007fbfc8600000, 0x00007fbfc8600000, 0x00007fc064b80000)
  from space 320128K,   4% used [0x00007fc078420000, 0x00007fc07934eae8, 0x00007fc08bcc0000)
  to   space 320128K,   0% used [0x00007fc064b80000, 0x00007fc064b80000, 0x00007fc078420000)
 tenured generation   total 6403488K, used 6394798K [0x00007fca730a0000, 0x00007fcbf9e08000, 0x00007fdfc8600000)
   the space 6403488K,  99% used [0x00007fca730a0000, 0x00007fcbf958b928, 0x00007fcbf958ba00, 0x00007fcbf9e08000)
 Metaspace       used 25257K, capacity 25775K, committed 25856K, reserved 26624K
}
Event: 15170.103 GC heap before
{Heap before GC invocations=26916 (full 4):
 def new generation   total 2881664K, used 2577082K [0x00007fbfc8600000, 0x00007fc08bcc0000, 0x00007fca730a0000)
  eden space 2561536K, 100% used [0x00007fbfc8600000, 0x00007fc064b80000, 0x00007fc064b80000)
  from space 320128K,   4% used [0x00007fc078420000, 0x00007fc07934eae8, 0x00007fc08bcc0000)
  to   space 320128K,   0% used [0x00007fc064b80000, 0x00007fc064b80000, 0x00007fc078420000)
 tenured generation   total 6403488K, used 6394798K [0x00007fca730a0000, 0x00007fcbf9e08000, 0x00007fdfc8600000)
   the space 6403488K,  99% used [0x00007fca730a0000, 0x00007fcbf958b928, 0x00007fcbf958ba00, 0x00007fcbf9e08000)
 Metaspace       used 25257K, capacity 25775K, committed 25856K, reserved 26624K
}
Event: 15170.119 GC heap after
{Heap after GC invocations=26917 (full 4):
 def new generation   total 2881664K, used 15550K [0x00007fbfc8600000, 0x00007fc08bcc0000, 0x00007fca730a0000)
  eden space 2561536K,   0% used [0x00007fbfc8600000, 0x00007fbfc8600000, 0x00007fc064b80000)
  from space 320128K,   4% used [0x00007fc064b80000, 0x00007fc065aaf9b0, 0x00007fc078420000)
  to   space 320128K,   0% used [0x00007fc078420000, 0x00007fc078420000, 0x00007fc08bcc0000)
 tenured generation   total 6403488K, used 6395831K [0x00007fca730a0000, 0x00007fcbf9e08000, 0x00007fdfc8600000)
   the space 6403488K,  99% used [0x00007fca730a0000, 0x00007fcbf968de20, 0x00007fcbf968e000, 0x00007fcbf9e08000)
 Metaspace       used 25257K, capacity 25775K, committed 25856K, reserved 26624K
}
Event: 15171.481 GC heap before
{Heap before GC invocations=26917 (full 4):
 def new generation   total 2881664K, used 2577086K [0x00007fbfc8600000, 0x00007fc08bcc0000, 0x00007fca730a0000)
  eden space 2561536K, 100% used [0x00007fbfc8600000, 0x00007fc064b80000, 0x00007fc064b80000)
  from space 320128K,   4% used [0x00007fc064b80000, 0x00007fc065aaf9b0, 0x00007fc078420000)
  to   space 320128K,   0% used [0x00007fc078420000, 0x00007fc078420000, 0x00007fc08bcc0000)
 tenured generation   total 6403488K, used 6395831K [0x00007fca730a0000, 0x00007fcbf9e08000, 0x00007fdfc8600000)
   the space 6403488K,  99% used [0x00007fca730a0000, 0x00007fcbf968de20, 0x00007fcbf968e000, 0x00007fcbf9e08000)
 Metaspace       used 25257K, capacity 25775K, committed 25856K, reserved 26624K
}
Event: 15171.498 GC heap after
{Heap after GC invocations=26918 (full 4):
 def new generation   total 2881664K, used 15543K [0x00007fbfc8600000, 0x00007fc08bcc0000, 0x00007fca730a0000)
  eden space 2561536K,   0% used [0x00007fbfc8600000, 0x00007fbfc8600000, 0x00007fc064b80000)
  from space 320128K,   4% used [0x00007fc078420000, 0x00007fc07934dc50, 0x00007fc08bcc0000)
  to   space 320128K,   0% used [0x00007fc064b80000, 0x00007fc064b80000, 0x00007fc078420000)
 tenured generation   total 6403488K, used 6396864K [0x00007fca730a0000, 0x00007fcbf9e08000, 0x00007fdfc8600000)
   the space 6403488K,  99% used [0x00007fca730a0000, 0x00007fcbf9790318, 0x00007fcbf9790400, 0x00007fcbf9e08000)
 Metaspace       used 25257K, capacity 25775K, committed 25856K, reserved 26624K
}
Event: 15172.818 GC heap before
{Heap before GC invocations=26918 (full 4):
 def new generation   total 2881664K, used 2577079K [0x00007fbfc8600000, 0x00007fc08bcc0000, 0x00007fca730a0000)
  eden space 2561536K, 100% used [0x00007fbfc8600000, 0x00007fc064b80000, 0x00007fc064b80000)
  from space 320128K,   4% used [0x00007fc078420000, 0x00007fc07934dc50, 0x00007fc08bcc0000)
  to   space 320128K,   0% used [0x00007fc064b80000, 0x00007fc064b80000, 0x00007fc078420000)
 tenured generation   total 6403488K, used 6396864K [0x00007fca730a0000, 0x00007fcbf9e08000, 0x00007fdfc8600000)
   the space 6403488K,  99% used [0x00007fca730a0000, 0x00007fcbf9790318, 0x00007fcbf9790400, 0x00007fcbf9e08000)
 Metaspace       used 25257K, capacity 25775K, committed 25856K, reserved 26624K
}
Event: 15172.832 GC heap after
{Heap after GC invocations=26919 (full 4):
 def new generation   total 2881664K, used 15585K [0x00007fbfc8600000, 0x00007fc08bcc0000, 0x00007fca730a0000)
  eden space 2561536K,   0% used [0x00007fbfc8600000, 0x00007fbfc8600000, 0x00007fc064b80000)
  from space 320128K,   4% used [0x00007fc064b80000, 0x00007fc065ab87a8, 0x00007fc078420000)
  to   space 320128K,   0% used [0x00007fc078420000, 0x00007fc078420000, 0x00007fc08bcc0000)
 tenured generation   total 6403488K, used 6397874K [0x00007fca730a0000, 0x00007fcbf9e08000, 0x00007fdfc8600000)
   the space 6403488K,  99% used [0x00007fca730a0000, 0x00007fcbf988ca50, 0x00007fcbf988cc00, 0x00007fcbf9e08000)
 Metaspace       used 25257K, capacity 25775K, committed 25856K, reserved 26624K
}
Event: 15174.190 GC heap before
{Heap before GC invocations=26919 (full 4):
 def new generation   total 2881664K, used 2577121K [0x00007fbfc8600000, 0x00007fc08bcc0000, 0x00007fca730a0000)
  eden space 2561536K, 100% used [0x00007fbfc8600000, 0x00007fc064b80000, 0x00007fc064b80000)
  from space 320128K,   4% used [0x00007fc064b80000, 0x00007fc065ab87a8, 0x00007fc078420000)
  to   space 320128K,   0% used [0x00007fc078420000, 0x00007fc078420000, 0x00007fc08bcc0000)
 tenured generation   total 6403488K, used 6397874K [0x00007fca730a0000, 0x00007fcbf9e08000, 0x00007fdfc8600000)
   the space 6403488K,  99% used [0x00007fca730a0000, 0x00007fcbf988ca50, 0x00007fcbf988cc00, 0x00007fcbf9e08000)
 Metaspace       used 25257K, capacity 25775K, committed 25856K, reserved 26624K
}
Event: 15174.206 GC heap after
{Heap after GC invocations=26920 (full 4):
 def new generation   total 2881664K, used 15578K [0x00007fbfc8600000, 0x00007fc08bcc0000, 0x00007fca730a0000)
  eden space 2561536K,   0% used [0x00007fbfc8600000, 0x00007fbfc8600000, 0x00007fc064b80000)
  from space 320128K,   4% used [0x00007fc078420000, 0x00007fc079356ac0, 0x00007fc08bcc0000)
  to   space 320128K,   0% used [0x00007fc064b80000, 0x00007fc064b80000, 0x00007fc078420000)
 tenured generation   total 6403488K, used 6398907K [0x00007fca730a0000, 0x00007fcbf9e08000, 0x00007fdfc8600000)
   the space 6403488K,  99% used [0x00007fca730a0000, 0x00007fcbf998ef48, 0x00007fcbf998f000, 0x00007fcbf9e08000)
 Metaspace       used 25257K, capacity 25775K, committed 25856K, reserved 26624K
}
Event: 15175.581 GC heap before
{Heap before GC invocations=26920 (full 4):
 def new generation   total 2881664K, used 2577114K [0x00007fbfc8600000, 0x00007fc08bcc0000, 0x00007fca730a0000)
  eden space 2561536K, 100% used [0x00007fbfc8600000, 0x00007fc064b80000, 0x00007fc064b80000)
  from space 320128K,   4% used [0x00007fc078420000, 0x00007fc079356ac0, 0x00007fc08bcc0000)
  to   space 320128K,   0% used [0x00007fc064b80000, 0x00007fc064b80000, 0x00007fc078420000)
 tenured generation   total 6403488K, used 6398907K [0x00007fca730a0000, 0x00007fcbf9e08000, 0x00007fdfc8600000)
   the space 6403488K,  99% used [0x00007fca730a0000, 0x00007fcbf998ef48, 0x00007fcbf998f000, 0x00007fcbf9e08000)
 Metaspace       used 25257K, capacity 25775K, committed 25856K, reserved 26624K
}
Event: 15175.595 GC heap after
{Heap after GC invocations=26921 (full 4):
 def new generation   total 2881664K, used 15584K [0x00007fbfc8600000, 0x00007fc08bcc0000, 0x00007fca730a0000)
  eden space 2561536K,   0% used [0x00007fbfc8600000, 0x00007fbfc8600000, 0x00007fc064b80000)
  from space 320128K,   4% used [0x00007fc064b80000, 0x00007fc065ab82c8, 0x00007fc078420000)
  to   space 320128K,   0% used [0x00007fc078420000, 0x00007fc078420000, 0x00007fc08bcc0000)
 tenured generation   total 6403488K, used 6399941K [0x00007fca730a0000, 0x00007fcbf9e08000, 0x00007fdfc8600000)
   the space 6403488K,  99% used [0x00007fca730a0000, 0x00007fcbf9a91440, 0x00007fcbf9a91600, 0x00007fcbf9e08000)
 Metaspace       used 25257K, capacity 25775K, committed 25856K, reserved 26624K
}
Event: 15176.959 GC heap before
{Heap before GC invocations=26921 (full 4):
 def new generation   total 2881664K, used 2577120K [0x00007fbfc8600000, 0x00007fc08bcc0000, 0x00007fca730a0000)
  eden space 2561536K, 100% used [0x00007fbfc8600000, 0x00007fc064b80000, 0x00007fc064b80000)
  from space 320128K,   4% used [0x00007fc064b80000, 0x00007fc065ab82c8, 0x00007fc078420000)
  to   space 320128K,   0% used [0x00007fc078420000, 0x00007fc078420000, 0x00007fc08bcc0000)
 tenured generation   total 6403488K, used 6399941K [0x00007fca730a0000, 0x00007fcbf9e08000, 0x00007fdfc8600000)
   the space 6403488K,  99% used [0x00007fca730a0000, 0x00007fcbf9a91440, 0x00007fcbf9a91600, 0x00007fcbf9e08000)
 Metaspace       used 25257K, capacity 25775K, committed 25856K, reserved 26624K
}
Event: 15176.977 GC heap after
{Heap after GC invocations=26922 (full 4):
 def new generation   total 2881664K, used 15574K [0x00007fbfc8600000, 0x00007fc08bcc0000, 0x00007fca730a0000)
  eden space 2561536K,   0% used [0x00007fbfc8600000, 0x00007fbfc8600000, 0x00007fc064b80000)
  from space 320128K,   4% used [0x00007fc078420000, 0x00007fc079355900, 0x00007fc08bcc0000)
  to   space 320128K,   0% used [0x00007fc064b80000, 0x00007fc064b80000, 0x00007fc078420000)
 tenured generation   total 6403488K, used 6400974K [0x00007fca730a0000, 0x00007fcbf9e08000, 0x00007fdfc8600000)
   the space 6403488K,  99% used [0x00007fca730a0000, 0x00007fcbf9b93938, 0x00007fcbf9b93a00, 0x00007fcbf9e08000)
 Metaspace       used 25257K, capacity 25775K, committed 25856K, reserved 26624K
}
Event: 15178.339 GC heap before
{Heap before GC invocations=26922 (full 4):
 def new generation   total 2881664K, used 2577110K [0x00007fbfc8600000, 0x00007fc08bcc0000, 0x00007fca730a0000)
  eden space 2561536K, 100% used [0x00007fbfc8600000, 0x00007fc064b80000, 0x00007fc064b80000)
  from space 320128K,   4% used [0x00007fc078420000, 0x00007fc079355900, 0x00007fc08bcc0000)
  to   space 320128K,   0% used [0x00007fc064b80000, 0x00007fc064b80000, 0x00007fc078420000)
 tenured generation   total 6403488K, used 6400974K [0x00007fca730a0000, 0x00007fcbf9e08000, 0x00007fdfc8600000)
   the space 6403488K,  99% used [0x00007fca730a0000, 0x00007fcbf9b93938, 0x00007fcbf9b93a00, 0x00007fcbf9e08000)
 Metaspace       used 25257K, capacity 25775K, committed 25856K, reserved 26624K
}
Event: 15178.354 GC heap after
{Heap after GC invocations=26923 (full 4):
 def new generation   total 2881664K, used 15579K [0x00007fbfc8600000, 0x00007fc08bcc0000, 0x00007fca730a0000)
  eden space 2561536K,   0% used [0x00007fbfc8600000, 0x00007fbfc8600000, 0x00007fc064b80000)
  from space 320128K,   4% used [0x00007fc064b80000, 0x00007fc065ab6dc8, 0x00007fc078420000)
  to   space 320128K,   0% used [0x00007fc078420000, 0x00007fc078420000, 0x00007fc08bcc0000)
 tenured generation   total 6403488K, used 6402007K [0x00007fca730a0000, 0x00007fcbf9e08000, 0x00007fdfc8600000)
   the space 6403488K,  99% used [0x00007fca730a0000, 0x00007fcbf9c95e30, 0x00007fcbf9c96000, 0x00007fcbf9e08000)
 Metaspace       used 25257K, capacity 25775K, committed 25856K, reserved 26624K
}
Event: 15179.665 GC heap before
{Heap before GC invocations=26923 (full 4):
 def new generation   total 2881664K, used 2577115K [0x00007fbfc8600000, 0x00007fc08bcc0000, 0x00007fca730a0000)
  eden space 2561536K, 100% used [0x00007fbfc8600000, 0x00007fc064b80000, 0x00007fc064b80000)
  from space 320128K,   4% used [0x00007fc064b80000, 0x00007fc065ab6dc8, 0x00007fc078420000)
  to   space 320128K,   0% used [0x00007fc078420000, 0x00007fc078420000, 0x00007fc08bcc0000)
 tenured generation   total 6403488K, used 6402007K [0x00007fca730a0000, 0x00007fcbf9e08000, 0x00007fdfc8600000)
   the space 6403488K,  99% used [0x00007fca730a0000, 0x00007fcbf9c95e30, 0x00007fcbf9c96000, 0x00007fcbf9e08000)
 Metaspace       used 25257K, capacity 25775K, committed 25856K, reserved 26624K
}
Event: 15179.685 GC heap after
{Heap after GC invocations=26924 (full 4):
 def new generation   total 2881664K, used 15571K [0x00007fbfc8600000, 0x00007fc08bcc0000, 0x00007fca730a0000)
  eden space 2561536K,   0% used [0x00007fbfc8600000, 0x00007fbfc8600000, 0x00007fc064b80000)
  from space 320128K,   4% used [0x00007fc078420000, 0x00007fc079354e38, 0x00007fc08bcc0000)
  to   space 320128K,   0% used [0x00007fc064b80000, 0x00007fc064b80000, 0x00007fc078420000)
 tenured generation   total 6403488K, used 6403040K [0x00007fca730a0000, 0x00007fcbf9e08000, 0x00007fdfc8600000)
   the space 6403488K,  99% used [0x00007fca730a0000, 0x00007fcbf9d98328, 0x00007fcbf9d98400, 0x00007fcbf9e08000)
 Metaspace       used 25257K, capacity 25775K, committed 25856K, reserved 26624K
}
Event: 15180.994 GC heap before
{Heap before GC invocations=26924 (full 4):
 def new generation   total 2881664K, used 2577107K [0x00007fbfc8600000, 0x00007fc08bcc0000, 0x00007fca730a0000)
  eden space 2561536K, 100% used [0x00007fbfc8600000, 0x00007fc064b80000, 0x00007fc064b80000)
  from space 320128K,   4% used [0x00007fc078420000, 0x00007fc079354e38, 0x00007fc08bcc0000)
  to   space 320128K,   0% used [0x00007fc064b80000, 0x00007fc064b80000, 0x00007fc078420000)
 tenured generation   total 6403488K, used 6403040K [0x00007fca730a0000, 0x00007fcbf9e08000, 0x00007fdfc8600000)
   the space 6403488K,  99% used [0x00007fca730a0000, 0x00007fcbf9d98328, 0x00007fcbf9d98400, 0x00007fcbf9e08000)
 Metaspace       used 25257K, capacity 25775K, committed 25856K, reserved 26624K
}
Event: 15181.011 GC heap after
{Heap after GC invocations=26925 (full 4):
 def new generation   total 2881664K, used 15580K [0x00007fbfc8600000, 0x00007fc08bcc0000, 0x00007fca730a0000)
  eden space 2561536K,   0% used [0x00007fbfc8600000, 0x00007fbfc8600000, 0x00007fc064b80000)
  from space 320128K,   4% used [0x00007fc064b80000, 0x00007fc065ab7358, 0x00007fc078420000)
  to   space 320128K,   0% used [0x00007fc078420000, 0x00007fc078420000, 0x00007fc08bcc0000)
 tenured generation   total 6404256K, used 6404074K [0x00007fca730a0000, 0x00007fcbf9ec8000, 0x00007fdfc8600000)
   the space 6404256K,  99% used [0x00007fca730a0000, 0x00007fcbf9e9a820, 0x00007fcbf9e9aa00, 0x00007fcbf9ec8000)
 Metaspace       used 25257K, capacity 25775K, committed 25856K, reserved 26624K
}
Event: 15181.011 GC heap before
{Heap before GC invocations=26925 (full 4):
 def new generation   total 2881664K, used 15580K [0x00007fbfc8600000, 0x00007fc08bcc0000, 0x00007fca730a0000)
  eden space 2561536K,   0% used [0x00007fbfc8600000, 0x00007fbfc8600000, 0x00007fc064b80000)
  from space 320128K,   4% used [0x00007fc064b80000, 0x00007fc065ab7358, 0x00007fc078420000)
  to   space 320128K,   0% used [0x00007fc078420000, 0x00007fc078420000, 0x00007fc08bcc0000)
 tenured generation   total 6404256K, used 6404074K [0x00007fca730a0000, 0x00007fcbf9ec8000, 0x00007fdfc8600000)
   the space 6404256K,  99% used [0x00007fca730a0000, 0x00007fcbf9e9a820, 0x00007fcbf9e9aa00, 0x00007fcbf9ec8000)
 Metaspace       used 25257K, capacity 25775K, committed 25856K, reserved 26624K
}

