# JRE version: OpenJDK Runtime Environment (13.0.7+5) (build 13.0.7+5-Ubuntu-0ubuntu120.04)
# Java VM: OpenJDK 64-Bit Server VM (13.0.7+5-Ubuntu-0ubuntu120.04, mixed mode, tiered, serial gc, linux-amd64)
Heap:
 def new generation   total 9051840K, used 1005729K [0x00007f1428600000, 0x00007f168e3e0000, 0x00007f197db50000)
  eden space 8046080K,  12% used [0x00007f1428600000, 0x00007f1465c287f0, 0x00007f1613780000)
  from space 1005760K,   0% used [0x00007f1613780000, 0x00007f1613780000, 0x00007f1650db0000)
  to   space 1005760K,   0% used [0x00007f1650db0000, 0x00007f1650db0000, 0x00007f168e3e0000)
 tenured generation   total 23607536K, used 23607535K [0x00007f197db50000, 0x00007f1f1e98c000, 0x00007f2428600000)
   the space 23607536K,  99% used [0x00007f197db50000, 0x00007f1f1e98bda8, 0x00007f1f1e98be00, 0x00007f1f1e98c000)
 Metaspace       used 31749K, capacity 32184K, committed 32512K, reserved 32768K
GC Heap History (20 events):
Event: 16.565 GC heap after
{Heap after GC invocations=7 (full 2):
 def new generation   total 1075904K, used 119487K [0x00007f1428600000, 0x00007f1471560000, 0x00007f197db50000)
  eden space 956416K,   0% used [0x00007f1428600000, 0x00007f1428600000, 0x00007f1462c00000)
  from space 119488K,  99% used [0x00007f1462c00000, 0x00007f146a0afd68, 0x00007f146a0b0000)
  to   space 119488K,   0% used [0x00007f146a0b0000, 0x00007f146a0b0000, 0x00007f1471560000)
 tenured generation   total 3218240K, used 3218075K [0x00007f197db50000, 0x00007f1a42220000, 0x00007f2428600000)
   the space 3218240K,  99% used [0x00007f197db50000, 0x00007f1a421f6eb8, 0x00007f1a421f7000, 0x00007f1a42220000)
 Metaspace       used 31749K, capacity 32184K, committed 32512K, reserved 32768K
}
Event: 16.565 GC heap before
{Heap before GC invocations=7 (full 2):
 def new generation   total 1075904K, used 119487K [0x00007f1428600000, 0x00007f1471560000, 0x00007f197db50000)
  eden space 956416K,   0% used [0x00007f1428600000, 0x00007f1428600000, 0x00007f1462c00000)
  from space 119488K,  99% used [0x00007f1462c00000, 0x00007f146a0afd68, 0x00007f146a0b0000)
  to   space 119488K,   0% used [0x00007f146a0b0000, 0x00007f146a0b0000, 0x00007f1471560000)
 tenured generation   total 3218240K, used 3218075K [0x00007f197db50000, 0x00007f1a42220000, 0x00007f2428600000)
   the space 3218240K,  99% used [0x00007f197db50000, 0x00007f1a421f6eb8, 0x00007f1a421f7000, 0x00007f1a42220000)
 Metaspace       used 31749K, capacity 32184K, committed 32512K, reserved 32768K
}
Event: 17.779 GC heap after
{Heap after GC invocations=7 (full 3):
 def new generation   total 2413760K, used 119323K [0x00007f1428600000, 0x00007f14cc110000, 0x00007f197db50000)
  eden space 2145600K,   5% used [0x00007f1428600000, 0x00007f142fa86e68, 0x00007f14ab550000)
  from space 268160K,   0% used [0x00007f14ab550000, 0x00007f14ab550000, 0x00007f14bbb30000)
  to   space 268160K,   0% used [0x00007f14bbb30000, 0x00007f14bbb30000, 0x00007f14cc110000)
 tenured generation   total 5363736K, used 3218239K [0x00007f197db50000, 0x00007f1ac5156000, 0x00007f2428600000)
   the space 5363736K,  59% used [0x00007f197db50000, 0x00007f1a4221fdb8, 0x00007f1a4221fe00, 0x00007f1ac5156000)
 Metaspace       used 31749K, capacity 32184K, committed 32512K, reserved 32768K
}
Event: 18.928 GC heap before
{Heap before GC invocations=7 (full 3):
 def new generation   total 2413760K, used 2145600K [0x00007f1428600000, 0x00007f14cc110000, 0x00007f197db50000)
  eden space 2145600K, 100% used [0x00007f1428600000, 0x00007f14ab550000, 0x00007f14ab550000)
  from space 268160K,   0% used [0x00007f14ab550000, 0x00007f14ab550000, 0x00007f14bbb30000)
  to   space 268160K,   0% used [0x00007f14bbb30000, 0x00007f14bbb30000, 0x00007f14cc110000)
 tenured generation   total 5363736K, used 3218239K [0x00007f197db50000, 0x00007f1ac5156000, 0x00007f2428600000)
   the space 5363736K,  59% used [0x00007f197db50000, 0x00007f1a4221fdb8, 0x00007f1a4221fe00, 0x00007f1ac5156000)
 Metaspace       used 31749K, capacity 32184K, committed 32512K, reserved 32768K
}
Event: 21.842 GC heap after
{Heap after GC invocations=8 (full 3):
 def new generation   total 2413760K, used 268159K [0x00007f1428600000, 0x00007f14cc110000, 0x00007f197db50000)
  eden space 2145600K,   0% used [0x00007f1428600000, 0x00007f1428600000, 0x00007f14ab550000)
  from space 268160K,  99% used [0x00007f14bbb30000, 0x00007f14cc10fc30, 0x00007f14cc110000)
  to   space 268160K,   0% used [0x00007f14ab550000, 0x00007f14ab550000, 0x00007f14bbb30000)
 tenured generation   total 5363736K, used 5095610K [0x00007f197db50000, 0x00007f1ac5156000, 0x00007f2428600000)
   the space 5363736K,  95% used [0x00007f197db50000, 0x00007f1ab4b7eaa8, 0x00007f1ab4b7ec00, 0x00007f1ac5156000)
 Metaspace       used 31749K, capacity 32184K, committed 32512K, reserved 32768K
}
Event: 23.078 GC heap before
{Heap before GC invocations=8 (full 3):
 def new generation   total 2413760K, used 2413759K [0x00007f1428600000, 0x00007f14cc110000, 0x00007f197db50000)
  eden space 2145600K, 100% used [0x00007f1428600000, 0x00007f14ab550000, 0x00007f14ab550000)
  from space 268160K,  99% used [0x00007f14bbb30000, 0x00007f14cc10fc30, 0x00007f14cc110000)
  to   space 268160K,   0% used [0x00007f14ab550000, 0x00007f14ab550000, 0x00007f14bbb30000)
 tenured generation   total 5363736K, used 5095610K [0x00007f197db50000, 0x00007f1ac5156000, 0x00007f2428600000)
   the space 5363736K,  95% used [0x00007f197db50000, 0x00007f1ab4b7eaa8, 0x00007f1ab4b7ec00, 0x00007f1ac5156000)
 Metaspace       used 31749K, capacity 32184K, committed 32512K, reserved 32768K
}
Event: 26.587 GC heap after
{Heap after GC invocations=9 (full 3):
 def new generation   total 2413760K, used 268159K [0x00007f1428600000, 0x00007f14cc110000, 0x00007f197db50000)
  eden space 2145600K,   0% used [0x00007f1428600000, 0x00007f1428600000, 0x00007f14ab550000)
  from space 268160K,  99% used [0x00007f14ab550000, 0x00007f14bbb2fc30, 0x00007f14bbb30000)
  to   space 268160K,   0% used [0x00007f14bbb30000, 0x00007f14bbb30000, 0x00007f14cc110000)
 tenured generation   total 7241304K, used 7241170K [0x00007f197db50000, 0x00007f1b37ae6000, 0x00007f2428600000)
   the space 7241304K,  99% used [0x00007f197db50000, 0x00007f1b37ac4a80, 0x00007f1b37ac4c00, 0x00007f1b37ae6000)
 Metaspace       used 31749K, capacity 32184K, committed 32512K, reserved 32768K
}
Event: 26.587 GC heap before
{Heap before GC invocations=9 (full 3):
 def new generation   total 2413760K, used 268159K [0x00007f1428600000, 0x00007f14cc110000, 0x00007f197db50000)
  eden space 2145600K,   0% used [0x00007f1428600000, 0x00007f1428600000, 0x00007f14ab550000)
  from space 268160K,  99% used [0x00007f14ab550000, 0x00007f14bbb2fc30, 0x00007f14bbb30000)
  to   space 268160K,   0% used [0x00007f14bbb30000, 0x00007f14bbb30000, 0x00007f14cc110000)
 tenured generation   total 7241304K, used 7241170K [0x00007f197db50000, 0x00007f1b37ae6000, 0x00007f2428600000)
   the space 7241304K,  99% used [0x00007f197db50000, 0x00007f1b37ac4a80, 0x00007f1b37ac4c00, 0x00007f1b37ae6000)
 Metaspace       used 31749K, capacity 32184K, committed 32512K, reserved 32768K
}
Event: 37.050 GC heap after
{Heap after GC invocations=9 (full 4):
 def new generation   total 5431040K, used 262571K [0x00007f1428600000, 0x00007f1598b00000, 0x00007f197db50000)
  eden space 4827648K,   5% used [0x00007f1428600000, 0x00007f143866ac50, 0x00007f154f080000)
  from space 603392K,   0% used [0x00007f154f080000, 0x00007f154f080000, 0x00007f1573dc0000)
  to   space 603392K,   0% used [0x00007f1573dc0000, 0x00007f1573dc0000, 0x00007f1598b00000)
 tenured generation   total 12068840K, used 7241303K [0x00007f197db50000, 0x00007f1c5e54a000, 0x00007f2428600000)
   the space 12068840K,  59% used [0x00007f197db50000, 0x00007f1b37ae5c48, 0x00007f1b37ae5e00, 0x00007f1c5e54a000)
 Metaspace       used 31749K, capacity 32184K, committed 32512K, reserved 32768K
}
Event: 39.321 GC heap before
{Heap before GC invocations=9 (full 4):
 def new generation   total 5431040K, used 4827648K [0x00007f1428600000, 0x00007f1598b00000, 0x00007f197db50000)
  eden space 4827648K, 100% used [0x00007f1428600000, 0x00007f154f080000, 0x00007f154f080000)
  from space 603392K,   0% used [0x00007f154f080000, 0x00007f154f080000, 0x00007f1573dc0000)
  to   space 603392K,   0% used [0x00007f1573dc0000, 0x00007f1573dc0000, 0x00007f1598b00000)
 tenured generation   total 12068840K, used 7241303K [0x00007f197db50000, 0x00007f1c5e54a000, 0x00007f2428600000)
   the space 12068840K,  59% used [0x00007f197db50000, 0x00007f1b37ae5c48, 0x00007f1b37ae5e00, 0x00007f1c5e54a000)
 Metaspace       used 31749K, capacity 32184K, committed 32512K, reserved 32768K
}
Event: 45.191 GC heap after
{Heap after GC invocations=10 (full 4):
 def new generation   total 5431040K, used 603391K [0x00007f1428600000, 0x00007f1598b00000, 0x00007f197db50000)
  eden space 4827648K,   0% used [0x00007f1428600000, 0x00007f1428600000, 0x00007f154f080000)
  from space 603392K,  99% used [0x00007f1573dc0000, 0x00007f1598affc78, 0x00007f1598b00000)
  to   space 603392K,   0% used [0x00007f154f080000, 0x00007f154f080000, 0x00007f1573dc0000)
 tenured generation   total 12068840K, used 11465504K [0x00007f197db50000, 0x00007f1c5e54a000, 0x00007f2428600000)
   the space 12068840K,  95% used [0x00007f197db50000, 0x00007f1c39818208, 0x00007f1c39818400, 0x00007f1c5e54a000)
 Metaspace       used 31749K, capacity 32184K, committed 32512K, reserved 32768K
}
Event: 68.512 GC heap before
{Heap before GC invocations=10 (full 4):
 def new generation   total 5431040K, used 5431039K [0x00007f1428600000, 0x00007f1598b00000, 0x00007f197db50000)
  eden space 4827648K, 100% used [0x00007f1428600000, 0x00007f154f080000, 0x00007f154f080000)
  from space 603392K,  99% used [0x00007f1573dc0000, 0x00007f1598affc78, 0x00007f1598b00000)
  to   space 603392K,   0% used [0x00007f154f080000, 0x00007f154f080000, 0x00007f1573dc0000)
 tenured generation   total 12068840K, used 11465504K [0x00007f197db50000, 0x00007f1c5e54a000, 0x00007f2428600000)
   the space 12068840K,  95% used [0x00007f197db50000, 0x00007f1c39818208, 0x00007f1c39818400, 0x00007f1c5e54a000)
 Metaspace       used 31749K, capacity 32184K, committed 32512K, reserved 32768K
}
Event: 71.070 GC heap after
{Heap after GC invocations=11 (full 4):
 def new generation   total 5431040K, used 514417K [0x00007f1428600000, 0x00007f1598b00000, 0x00007f197db50000)
  eden space 4827648K,   0% used [0x00007f1428600000, 0x00007f1428600000, 0x00007f154f080000)
  from space 603392K,  85% used [0x00007f154f080000, 0x00007f156e6dc6e8, 0x00007f1573dc0000)
  to   space 603392K,   0% used [0x00007f1573dc0000, 0x00007f1573dc0000, 0x00007f1598b00000)
 tenured generation   total 12069032K, used 12068895K [0x00007f197db50000, 0x00007f1c5e57a000, 0x00007f2428600000)
   the space 12069032K,  99% used [0x00007f197db50000, 0x00007f1c5e557e80, 0x00007f1c5e558000, 0x00007f1c5e57a000)
 Metaspace       used 31749K, capacity 32184K, committed 32512K, reserved 32768K
}
Event: 71.070 GC heap before
{Heap before GC invocations=11 (full 4):
 def new generation   total 5431040K, used 514417K [0x00007f1428600000, 0x00007f1598b00000, 0x00007f197db50000)
  eden space 4827648K,   0% used [0x00007f1428600000, 0x00007f1428600000, 0x00007f154f080000)
  from space 603392K,  85% used [0x00007f154f080000, 0x00007f156e6dc6e8, 0x00007f1573dc0000)
  to   space 603392K,   0% used [0x00007f1573dc0000, 0x00007f1573dc0000, 0x00007f1598b00000)
 tenured generation   total 12069032K, used 12068895K [0x00007f197db50000, 0x00007f1c5e57a000, 0x00007f2428600000)
   the space 12069032K,  99% used [0x00007f197db50000, 0x00007f1c5e557e80, 0x00007f1c5e558000, 0x00007f1c5e57a000)
 Metaspace       used 31749K, capacity 32184K, committed 32512K, reserved 32768K
}
Event: 75.114 GC heap after
{Heap after GC invocations=11 (full 5):
 def new generation   total 9051840K, used 514281K [0x00007f1428600000, 0x00007f168e3e0000, 0x00007f197db50000)
  eden space 8046080K,   6% used [0x00007f1428600000, 0x00007f1447c3a638, 0x00007f1613780000)
  from space 1005760K,   0% used [0x00007f1613780000, 0x00007f1613780000, 0x00007f1650db0000)
  to   space 1005760K,   0% used [0x00007f1650db0000, 0x00007f1650db0000, 0x00007f168e3e0000)
 tenured generation   total 20115056K, used 12069031K [0x00007f197db50000, 0x00007f1e496ec000, 0x00007f2428600000)
   the space 20115056K,  59% used [0x00007f197db50000, 0x00007f1c5e579f30, 0x00007f1c5e57a000, 0x00007f1e496ec000)
 Metaspace       used 31749K, capacity 32184K, committed 32512K, reserved 32768K
}
Event: 80.963 GC heap before
{Heap before GC invocations=11 (full 5):
 def new generation   total 9051840K, used 8046080K [0x00007f1428600000, 0x00007f168e3e0000, 0x00007f197db50000)
  eden space 8046080K, 100% used [0x00007f1428600000, 0x00007f1613780000, 0x00007f1613780000)
  from space 1005760K,   0% used [0x00007f1613780000, 0x00007f1613780000, 0x00007f1650db0000)
  to   space 1005760K,   0% used [0x00007f1650db0000, 0x00007f1650db0000, 0x00007f168e3e0000)
 tenured generation   total 20115056K, used 12069031K [0x00007f197db50000, 0x00007f1e496ec000, 0x00007f2428600000)
   the space 20115056K,  59% used [0x00007f197db50000, 0x00007f1c5e579f30, 0x00007f1c5e57a000, 0x00007f1e496ec000)
 Metaspace       used 31749K, capacity 32184K, committed 32512K, reserved 32768K
}
Event: 94.669 GC heap after
{Heap after GC invocations=12 (full 5):
 def new generation   total 9051840K, used 1005759K [0x00007f1428600000, 0x00007f168e3e0000, 0x00007f197db50000)
  eden space 8046080K,   0% used [0x00007f1428600000, 0x00007f1428600000, 0x00007f1613780000)
  from space 1005760K,  99% used [0x00007f1650db0000, 0x00007f168e3dfef8, 0x00007f168e3e0000)
  to   space 1005760K,   0% used [0x00007f1613780000, 0x00007f1613780000, 0x00007f1650db0000)
 tenured generation   total 20115056K, used 18865692K [0x00007f197db50000, 0x00007f1e496ec000, 0x00007f2428600000)
   the space 20115056K,  93% used [0x00007f197db50000, 0x00007f1dfd2d7210, 0x00007f1dfd2d7400, 0x00007f1e496ec000)
 Metaspace       used 31749K, capacity 32184K, committed 32512K, reserved 32768K
}
Event: 118.689 GC heap before
{Heap before GC invocations=12 (full 5):
 def new generation   total 9051840K, used 9051839K [0x00007f1428600000, 0x00007f168e3e0000, 0x00007f197db50000)
  eden space 8046080K, 100% used [0x00007f1428600000, 0x00007f1613780000, 0x00007f1613780000)
  from space 1005760K,  99% used [0x00007f1650db0000, 0x00007f168e3dfef8, 0x00007f168e3e0000)
  to   space 1005760K,   0% used [0x00007f1613780000, 0x00007f1613780000, 0x00007f1650db0000)
 tenured generation   total 20115056K, used 18865692K [0x00007f197db50000, 0x00007f1e496ec000, 0x00007f2428600000)
   the space 20115056K,  93% used [0x00007f197db50000, 0x00007f1dfd2d7210, 0x00007f1dfd2d7400, 0x00007f1e496ec000)
 Metaspace       used 31749K, capacity 32184K, committed 32512K, reserved 32768K
}
Event: 126.752 GC heap after
{Heap after GC invocations=13 (full 5):
 def new generation   total 9051840K, used 1005759K [0x00007f1428600000, 0x00007f168e3e0000, 0x00007f197db50000)
  eden space 8046080K,   0% used [0x00007f1428600000, 0x00007f1428600000, 0x00007f1613780000)
  from space 1005760K,  99% used [0x00007f1613780000, 0x00007f1650dafea8, 0x00007f1650db0000)
  to   space 1005760K,   0% used [0x00007f1650db0000, 0x00007f1650db0000, 0x00007f168e3e0000)
 tenured generation   total 23607536K, used 23607505K [0x00007f197db50000, 0x00007f1f1e98c000, 0x00007f2428600000)
   the space 23607536K,  99% used [0x00007f197db50000, 0x00007f1f1e9846f0, 0x00007f1f1e984800, 0x00007f1f1e98c000)
 Metaspace       used 31749K, capacity 32184K, committed 32512K, reserved 32768K
}
Event: 126.752 GC heap before
{Heap before GC invocations=13 (full 5):
 def new generation   total 9051840K, used 1005759K [0x00007f1428600000, 0x00007f168e3e0000, 0x00007f197db50000)
  eden space 8046080K,   0% used [0x00007f1428600000, 0x00007f1428600000, 0x00007f1613780000)
  from space 1005760K,  99% used [0x00007f1613780000, 0x00007f1650dafea8, 0x00007f1650db0000)
  to   space 1005760K,   0% used [0x00007f1650db0000, 0x00007f1650db0000, 0x00007f168e3e0000)
 tenured generation   total 23607536K, used 23607505K [0x00007f197db50000, 0x00007f1f1e98c000, 0x00007f2428600000)
   the space 23607536K,  99% used [0x00007f197db50000, 0x00007f1f1e9846f0, 0x00007f1f1e984800, 0x00007f1f1e98c000)
 Metaspace       used 31749K, capacity 32184K, committed 32512K, reserved 32768K
}

