# JRE version: OpenJDK Runtime Environment (13.0.7+5) (build 13.0.7+5-Ubuntu-0ubuntu120.04)
# Java VM: OpenJDK 64-Bit Server VM (13.0.7+5-Ubuntu-0ubuntu120.04, mixed mode, tiered, serial gc, linux-amd64)
Heap:
 def new generation   total 629248K, used 69822K [0x00007efbc4600000, 0x00007efbef0c0000, 0x00007f0119b50000)
  eden space 559360K,  12% used [0x00007efbc4600000, 0x00007efbc8a2faf0, 0x00007efbe6840000)
  from space 69888K,   0% used [0x00007efbe6840000, 0x00007efbe6840000, 0x00007efbeac80000)
  to   space 69888K,   0% used [0x00007efbeac80000, 0x00007efbeac80000, 0x00007efbef0c0000)
 tenured generation   total 8291268K, used 8291266K [0x00007f0119b50000, 0x00007f0313c41000, 0x00007f0bc4600000)
   the space 8291268K,  99% used [0x00007f0119b50000, 0x00007f0313c408e8, 0x00007f0313c40a00, 0x00007f0313c41000)
 Metaspace       used 31934K, capacity 32406K, committed 32768K, reserved 32768K
GC Heap History (13 events):
Event: 3.139 GC heap before
{Heap before GC invocations=0 (full 0):
 def new generation   total 629120K, used 111847K [0x00007efbc4600000, 0x00007efbef0a0000, 0x00007f0119b50000)
  eden space 559232K,  20% used [0x00007efbc4600000, 0x00007efbcb339c90, 0x00007efbe6820000)
  from space 69888K,   0% used [0x00007efbe6820000, 0x00007efbe6820000, 0x00007efbeac60000)
  to   space 69888K,   0% used [0x00007efbeac60000, 0x00007efbeac60000, 0x00007efbef0a0000)
 tenured generation   total 1398144K, used 0K [0x00007f0119b50000, 0x00007f016f0b0000, 0x00007f0bc4600000)
   the space 1398144K,   0% used [0x00007f0119b50000, 0x00007f0119b50000, 0x00007f0119b50200, 0x00007f016f0b0000)
 Metaspace       used 20817K, capacity 21113K, committed 21248K, reserved 22528K
}
Event: 3.359 GC heap after
{Heap after GC invocations=1 (full 1):
 def new generation   total 629248K, used 0K [0x00007efbc4600000, 0x00007efbef0c0000, 0x00007f0119b50000)
  eden space 559360K,   0% used [0x00007efbc4600000, 0x00007efbc4600000, 0x00007efbe6840000)
  from space 69888K,   0% used [0x00007efbe6840000, 0x00007efbe6840000, 0x00007efbeac80000)
  to   space 69888K,   0% used [0x00007efbeac80000, 0x00007efbeac80000, 0x00007efbef0c0000)
 tenured generation   total 1398144K, used 13946K [0x00007f0119b50000, 0x00007f016f0b0000, 0x00007f0bc4600000)
   the space 1398144K,   0% used [0x00007f0119b50000, 0x00007f011a8eebf8, 0x00007f011a8eec00, 0x00007f016f0b0000)
 Metaspace       used 20817K, capacity 21113K, committed 21248K, reserved 22528K
}
Event: 7.589 GC heap before
{Heap before GC invocations=1 (full 1):
 def new generation   total 629248K, used 559360K [0x00007efbc4600000, 0x00007efbef0c0000, 0x00007f0119b50000)
  eden space 559360K, 100% used [0x00007efbc4600000, 0x00007efbe6840000, 0x00007efbe6840000)
  from space 69888K,   0% used [0x00007efbe6840000, 0x00007efbe6840000, 0x00007efbeac80000)
  to   space 69888K,   0% used [0x00007efbeac80000, 0x00007efbeac80000, 0x00007efbef0c0000)
 tenured generation   total 1398144K, used 13946K [0x00007f0119b50000, 0x00007f016f0b0000, 0x00007f0bc4600000)
   the space 1398144K,   0% used [0x00007f0119b50000, 0x00007f011a8eebf8, 0x00007f011a8eec00, 0x00007f016f0b0000)
 Metaspace       used 31928K, capacity 32406K, committed 32768K, reserved 32768K
}
Event: 7.913 GC heap after
{Heap after GC invocations=2 (full 1):
 def new generation   total 629248K, used 69888K [0x00007efbc4600000, 0x00007efbef0c0000, 0x00007f0119b50000)
  eden space 559360K,   0% used [0x00007efbc4600000, 0x00007efbc4600000, 0x00007efbe6840000)
  from space 69888K, 100% used [0x00007efbeac80000, 0x00007efbef0c0000, 0x00007efbef0c0000)
  to   space 69888K,   0% used [0x00007efbe6840000, 0x00007efbe6840000, 0x00007efbeac80000)
 tenured generation   total 1398144K, used 96040K [0x00007f0119b50000, 0x00007f016f0b0000, 0x00007f0bc4600000)
   the space 1398144K,   6% used [0x00007f0119b50000, 0x00007f011f91a370, 0x00007f011f91a400, 0x00007f016f0b0000)
 Metaspace       used 31928K, capacity 32406K, committed 32768K, reserved 32768K
}
Event: 8.544 GC heap before
{Heap before GC invocations=2 (full 1):
 def new generation   total 629248K, used 348976K [0x00007efbc4600000, 0x00007efbef0c0000, 0x00007f0119b50000)
  eden space 559360K,  49% used [0x00007efbc4600000, 0x00007efbd568c178, 0x00007efbe6840000)
  from space 69888K, 100% used [0x00007efbeac80000, 0x00007efbef0c0000, 0x00007efbef0c0000)
  to   space 69888K,   0% used [0x00007efbe6840000, 0x00007efbe6840000, 0x00007efbeac80000)
 tenured generation   total 1398144K, used 96040K [0x00007f0119b50000, 0x00007f016f0b0000, 0x00007f0bc4600000)
   the space 1398144K,   6% used [0x00007f0119b50000, 0x00007f011f91a370, 0x00007f011f91a400, 0x00007f016f0b0000)
 Metaspace       used 31932K, capacity 32406K, committed 32768K, reserved 32768K
}
Event: 8.893 GC heap after
{Heap after GC invocations=3 (full 1):
 def new generation   total 629248K, used 69886K [0x00007efbc4600000, 0x00007efbef0c0000, 0x00007f0119b50000)
  eden space 559360K,   0% used [0x00007efbc4600000, 0x00007efbc4600000, 0x00007efbe6840000)
  from space 69888K,  99% used [0x00007efbe6840000, 0x00007efbeac7f918, 0x00007efbeac80000)
  to   space 69888K,   0% used [0x00007efbeac80000, 0x00007efbeac80000, 0x00007efbef0c0000)
 tenured generation   total 1398144K, used 283408K [0x00007f0119b50000, 0x00007f016f0b0000, 0x00007f0bc4600000)
   the space 1398144K,  20% used [0x00007f0119b50000, 0x00007f012b0140a8, 0x00007f012b014200, 0x00007f016f0b0000)
 Metaspace       used 31932K, capacity 32406K, committed 32768K, reserved 32768K
}
Event: 8.893 GC heap before
{Heap before GC invocations=3 (full 1):
 def new generation   total 629248K, used 69886K [0x00007efbc4600000, 0x00007efbef0c0000, 0x00007f0119b50000)
  eden space 559360K,   0% used [0x00007efbc4600000, 0x00007efbc4600000, 0x00007efbe6840000)
  from space 69888K,  99% used [0x00007efbe6840000, 0x00007efbeac7f918, 0x00007efbeac80000)
  to   space 69888K,   0% used [0x00007efbeac80000, 0x00007efbeac80000, 0x00007efbef0c0000)
 tenured generation   total 1398144K, used 283408K [0x00007f0119b50000, 0x00007f016f0b0000, 0x00007f0bc4600000)
   the space 1398144K,  20% used [0x00007f0119b50000, 0x00007f012b0140a8, 0x00007f012b014200, 0x00007f016f0b0000)
 Metaspace       used 31932K, capacity 32406K, committed 32768K, reserved 32768K
}
Event: 9.083 GC heap after
{Heap after GC invocations=3 (full 2):
 def new generation   total 629248K, used 0K [0x00007efbc4600000, 0x00007efbef0c0000, 0x00007f0119b50000)
  eden space 559360K,   0% used [0x00007efbc4600000, 0x00007efbc4600000, 0x00007efbe6840000)
  from space 69888K,   0% used [0x00007efbe6840000, 0x00007efbe6840000, 0x00007efbeac80000)
  to   space 69888K,   0% used [0x00007efbeac80000, 0x00007efbeac80000, 0x00007efbef0c0000)
 tenured generation   total 1398144K, used 353294K [0x00007f0119b50000, 0x00007f016f0b0000, 0x00007f0bc4600000)
   the space 1398144K,  25% used [0x00007f0119b50000, 0x00007f012f4539c0, 0x00007f012f453a00, 0x00007f016f0b0000)
 Metaspace       used 31932K, capacity 32406K, committed 32768K, reserved 32768K
}
Event: 15.687 GC heap before
{Heap before GC invocations=3 (full 2):
 def new generation   total 629248K, used 559360K [0x00007efbc4600000, 0x00007efbef0c0000, 0x00007f0119b50000)
  eden space 559360K, 100% used [0x00007efbc4600000, 0x00007efbe6840000, 0x00007efbe6840000)
  from space 69888K,   0% used [0x00007efbe6840000, 0x00007efbe6840000, 0x00007efbeac80000)
  to   space 69888K,   0% used [0x00007efbeac80000, 0x00007efbeac80000, 0x00007efbef0c0000)
 tenured generation   total 8287620K, used 7242766K [0x00007f0119b50000, 0x00007f03138b1000, 0x00007f0bc4600000)
   the space 8287620K,  87% used [0x00007f0119b50000, 0x00007f02d3c539d8, 0x00007f02d3c53a00, 0x00007f03138b1000)
 Metaspace       used 31934K, capacity 32406K, committed 32768K, reserved 32768K
}
Event: 16.641 GC heap after
{Heap after GC invocations=4 (full 2):
 def new generation   total 629248K, used 69887K [0x00007efbc4600000, 0x00007efbef0c0000, 0x00007f0119b50000)
  eden space 559360K,   0% used [0x00007efbc4600000, 0x00007efbc4600000, 0x00007efbe6840000)
  from space 69888K,  99% used [0x00007efbeac80000, 0x00007efbef0bfc70, 0x00007efbef0c0000)
  to   space 69888K,   0% used [0x00007efbe6840000, 0x00007efbe6840000, 0x00007efbeac80000)
 tenured generation   total 8287620K, used 7731903K [0x00007f0119b50000, 0x00007f03138b1000, 0x00007f0bc4600000)
   the space 8287620K,  93% used [0x00007f0119b50000, 0x00007f02f19fff38, 0x00007f02f1a00000, 0x00007f03138b1000)
 Metaspace       used 31934K, capacity 32406K, committed 32768K, reserved 32768K
}
Event: 17.006 GC heap before
{Heap before GC invocations=4 (full 2):
 def new generation   total 629248K, used 629247K [0x00007efbc4600000, 0x00007efbef0c0000, 0x00007f0119b50000)
  eden space 559360K, 100% used [0x00007efbc4600000, 0x00007efbe6840000, 0x00007efbe6840000)
  from space 69888K,  99% used [0x00007efbeac80000, 0x00007efbef0bfc70, 0x00007efbef0c0000)
  to   space 69888K,   0% used [0x00007efbe6840000, 0x00007efbe6840000, 0x00007efbeac80000)
 tenured generation   total 8287620K, used 7731903K [0x00007f0119b50000, 0x00007f03138b1000, 0x00007f0bc4600000)
   the space 8287620K,  93% used [0x00007f0119b50000, 0x00007f02f19fff38, 0x00007f02f1a00000, 0x00007f03138b1000)
 Metaspace       used 31934K, capacity 32406K, committed 32768K, reserved 32768K
}
Event: 17.805 GC heap after
{Heap after GC invocations=5 (full 2):
 def new generation   total 629248K, used 69887K [0x00007efbc4600000, 0x00007efbef0c0000, 0x00007f0119b50000)
  eden space 559360K,   0% used [0x00007efbc4600000, 0x00007efbc4600000, 0x00007efbe6840000)
  from space 69888K,  99% used [0x00007efbe6840000, 0x00007efbeac7fc70, 0x00007efbeac80000)
  to   space 69888K,   0% used [0x00007efbeac80000, 0x00007efbeac80000, 0x00007efbef0c0000)
 tenured generation   total 8291268K, used 8291201K [0x00007f0119b50000, 0x00007f0313c41000, 0x00007f0bc4600000)
   the space 8291268K,  99% used [0x00007f0119b50000, 0x00007f0313c30768, 0x00007f0313c30800, 0x00007f0313c41000)
 Metaspace       used 31934K, capacity 32406K, committed 32768K, reserved 32768K
}
Event: 17.805 GC heap before
{Heap before GC invocations=5 (full 2):
 def new generation   total 629248K, used 69887K [0x00007efbc4600000, 0x00007efbef0c0000, 0x00007f0119b50000)
  eden space 559360K,   0% used [0x00007efbc4600000, 0x00007efbc4600000, 0x00007efbe6840000)
  from space 69888K,  99% used [0x00007efbe6840000, 0x00007efbeac7fc70, 0x00007efbeac80000)
  to   space 69888K,   0% used [0x00007efbeac80000, 0x00007efbeac80000, 0x00007efbef0c0000)
 tenured generation   total 8291268K, used 8291201K [0x00007f0119b50000, 0x00007f0313c41000, 0x00007f0bc4600000)
   the space 8291268K,  99% used [0x00007f0119b50000, 0x00007f0313c30768, 0x00007f0313c30800, 0x00007f0313c41000)
 Metaspace       used 31934K, capacity 32406K, committed 32768K, reserved 32768K
}

