# JRE version: OpenJDK Runtime Environment (13.0.7+5) (build 13.0.7+5-Ubuntu-0ubuntu120.04)
# Java VM: OpenJDK 64-Bit Server VM (13.0.7+5-Ubuntu-0ubuntu120.04, mixed mode, tiered, serial gc, linux-amd64)
Heap:
 def new generation   total 1049280K, used 26327K [0x00007f0a4c600000, 0x00007f0a93880000, 0x00007f0fa1b50000)
  eden space 932736K,   2% used [0x00007f0a4c600000, 0x00007f0a4dfb5d78, 0x00007f0a854e0000)
  from space 116544K,   0% used [0x00007f0a854e0000, 0x00007f0a854e0000, 0x00007f0a8c6b0000)
  to   space 116544K,   0% used [0x00007f0a8c6b0000, 0x00007f0a8c6b0000, 0x00007f0a93880000)
 tenured generation   total 2333248K, used 2333247K [0x00007f0fa1b50000, 0x00007f10301e0000, 0x00007f1a4c600000)
   the space 2333248K,  99% used [0x00007f0fa1b50000, 0x00007f10301dffb8, 0x00007f10301e0000, 0x00007f10301e0000)
 Metaspace       used 24858K, capacity 25288K, committed 25344K, reserved 26624K
GC Heap History (20 events):
Event: 1174.039 GC heap after
{Heap after GC invocations=1863 (full 2):
 def new generation   total 1049280K, used 26302K [0x00007f0a4c600000, 0x00007f0a93880000, 0x00007f0fa1b50000)
  eden space 932736K,   0% used [0x00007f0a4c600000, 0x00007f0a4c600000, 0x00007f0a854e0000)
  from space 116544K,  22% used [0x00007f0a8c6b0000, 0x00007f0a8e05f8b8, 0x00007f0a93880000)
  to   space 116544K,   0% used [0x00007f0a854e0000, 0x00007f0a854e0000, 0x00007f0a8c6b0000)
 tenured generation   total 2331520K, used 2317396K [0x00007f0fa1b50000, 0x00007f1030030000, 0x00007f1a4c600000)
   the space 2331520K,  99% used [0x00007f0fa1b50000, 0x00007f102f2652c8, 0x00007f102f265400, 0x00007f1030030000)
 Metaspace       used 24858K, capacity 25288K, committed 25344K, reserved 26624K
}
Event: 1174.865 GC heap before
{Heap before GC invocations=1863 (full 2):
 def new generation   total 1049280K, used 959038K [0x00007f0a4c600000, 0x00007f0a93880000, 0x00007f0fa1b50000)
  eden space 932736K, 100% used [0x00007f0a4c600000, 0x00007f0a854e0000, 0x00007f0a854e0000)
  from space 116544K,  22% used [0x00007f0a8c6b0000, 0x00007f0a8e05f8b8, 0x00007f0a93880000)
  to   space 116544K,   0% used [0x00007f0a854e0000, 0x00007f0a854e0000, 0x00007f0a8c6b0000)
 tenured generation   total 2331520K, used 2317396K [0x00007f0fa1b50000, 0x00007f1030030000, 0x00007f1a4c600000)
   the space 2331520K,  99% used [0x00007f0fa1b50000, 0x00007f102f2652c8, 0x00007f102f265400, 0x00007f1030030000)
 Metaspace       used 24858K, capacity 25288K, committed 25344K, reserved 26624K
}
Event: 1174.918 GC heap after
{Heap after GC invocations=1864 (full 2):
 def new generation   total 1049280K, used 26292K [0x00007f0a4c600000, 0x00007f0a93880000, 0x00007f0fa1b50000)
  eden space 932736K,   0% used [0x00007f0a4c600000, 0x00007f0a4c600000, 0x00007f0a854e0000)
  from space 116544K,  22% used [0x00007f0a854e0000, 0x00007f0a86e8d108, 0x00007f0a8c6b0000)
  to   space 116544K,   0% used [0x00007f0a8c6b0000, 0x00007f0a8c6b0000, 0x00007f0a93880000)
 tenured generation   total 2331520K, used 2319145K [0x00007f0fa1b50000, 0x00007f1030030000, 0x00007f1a4c600000)
   the space 2331520K,  99% used [0x00007f0fa1b50000, 0x00007f102f41a578, 0x00007f102f41a600, 0x00007f1030030000)
 Metaspace       used 24858K, capacity 25288K, committed 25344K, reserved 26624K
}
Event: 1175.720 GC heap before
{Heap before GC invocations=1864 (full 2):
 def new generation   total 1049280K, used 959028K [0x00007f0a4c600000, 0x00007f0a93880000, 0x00007f0fa1b50000)
  eden space 932736K, 100% used [0x00007f0a4c600000, 0x00007f0a854e0000, 0x00007f0a854e0000)
  from space 116544K,  22% used [0x00007f0a854e0000, 0x00007f0a86e8d108, 0x00007f0a8c6b0000)
  to   space 116544K,   0% used [0x00007f0a8c6b0000, 0x00007f0a8c6b0000, 0x00007f0a93880000)
 tenured generation   total 2331520K, used 2319145K [0x00007f0fa1b50000, 0x00007f1030030000, 0x00007f1a4c600000)
   the space 2331520K,  99% used [0x00007f0fa1b50000, 0x00007f102f41a578, 0x00007f102f41a600, 0x00007f1030030000)
 Metaspace       used 24858K, capacity 25288K, committed 25344K, reserved 26624K
}
Event: 1175.770 GC heap after
{Heap after GC invocations=1865 (full 2):
 def new generation   total 1049280K, used 26292K [0x00007f0a4c600000, 0x00007f0a93880000, 0x00007f0fa1b50000)
  eden space 932736K,   0% used [0x00007f0a4c600000, 0x00007f0a4c600000, 0x00007f0a854e0000)
  from space 116544K,  22% used [0x00007f0a8c6b0000, 0x00007f0a8e05d368, 0x00007f0a93880000)
  to   space 116544K,   0% used [0x00007f0a854e0000, 0x00007f0a854e0000, 0x00007f0a8c6b0000)
 tenured generation   total 2331520K, used 2320926K [0x00007f0fa1b50000, 0x00007f1030030000, 0x00007f1a4c600000)
   the space 2331520K,  99% used [0x00007f0fa1b50000, 0x00007f102f5d79b0, 0x00007f102f5d7a00, 0x00007f1030030000)
 Metaspace       used 24858K, capacity 25288K, committed 25344K, reserved 26624K
}
Event: 1176.595 GC heap before
{Heap before GC invocations=1865 (full 2):
 def new generation   total 1049280K, used 959028K [0x00007f0a4c600000, 0x00007f0a93880000, 0x00007f0fa1b50000)
  eden space 932736K, 100% used [0x00007f0a4c600000, 0x00007f0a854e0000, 0x00007f0a854e0000)
  from space 116544K,  22% used [0x00007f0a8c6b0000, 0x00007f0a8e05d368, 0x00007f0a93880000)
  to   space 116544K,   0% used [0x00007f0a854e0000, 0x00007f0a854e0000, 0x00007f0a8c6b0000)
 tenured generation   total 2331520K, used 2320926K [0x00007f0fa1b50000, 0x00007f1030030000, 0x00007f1a4c600000)
   the space 2331520K,  99% used [0x00007f0fa1b50000, 0x00007f102f5d79b0, 0x00007f102f5d7a00, 0x00007f1030030000)
 Metaspace       used 24858K, capacity 25288K, committed 25344K, reserved 26624K
}
Event: 1176.645 GC heap after
{Heap after GC invocations=1866 (full 2):
 def new generation   total 1049280K, used 26318K [0x00007f0a4c600000, 0x00007f0a93880000, 0x00007f0fa1b50000)
  eden space 932736K,   0% used [0x00007f0a4c600000, 0x00007f0a4c600000, 0x00007f0a854e0000)
  from space 116544K,  22% used [0x00007f0a854e0000, 0x00007f0a86e93b68, 0x00007f0a8c6b0000)
  to   space 116544K,   0% used [0x00007f0a8c6b0000, 0x00007f0a8c6b0000, 0x00007f0a93880000)
 tenured generation   total 2331520K, used 2322675K [0x00007f0fa1b50000, 0x00007f1030030000, 0x00007f1a4c600000)
   the space 2331520K,  99% used [0x00007f0fa1b50000, 0x00007f102f78cc60, 0x00007f102f78ce00, 0x00007f1030030000)
 Metaspace       used 24858K, capacity 25288K, committed 25344K, reserved 26624K
}
Event: 1177.485 GC heap before
{Heap before GC invocations=1866 (full 2):
 def new generation   total 1049280K, used 959054K [0x00007f0a4c600000, 0x00007f0a93880000, 0x00007f0fa1b50000)
  eden space 932736K, 100% used [0x00007f0a4c600000, 0x00007f0a854e0000, 0x00007f0a854e0000)
  from space 116544K,  22% used [0x00007f0a854e0000, 0x00007f0a86e93b68, 0x00007f0a8c6b0000)
  to   space 116544K,   0% used [0x00007f0a8c6b0000, 0x00007f0a8c6b0000, 0x00007f0a93880000)
 tenured generation   total 2331520K, used 2322675K [0x00007f0fa1b50000, 0x00007f1030030000, 0x00007f1a4c600000)
   the space 2331520K,  99% used [0x00007f0fa1b50000, 0x00007f102f78cc60, 0x00007f102f78ce00, 0x00007f1030030000)
 Metaspace       used 24858K, capacity 25288K, committed 25344K, reserved 26624K
}
Event: 1177.531 GC heap after
{Heap after GC invocations=1867 (full 2):
 def new generation   total 1049280K, used 26303K [0x00007f0a4c600000, 0x00007f0a93880000, 0x00007f0fa1b50000)
  eden space 932736K,   0% used [0x00007f0a4c600000, 0x00007f0a4c600000, 0x00007f0a854e0000)
  from space 116544K,  22% used [0x00007f0a8c6b0000, 0x00007f0a8e05ff60, 0x00007f0a93880000)
  to   space 116544K,   0% used [0x00007f0a854e0000, 0x00007f0a854e0000, 0x00007f0a8c6b0000)
 tenured generation   total 2331520K, used 2324460K [0x00007f0fa1b50000, 0x00007f1030030000, 0x00007f1a4c600000)
   the space 2331520K,  99% used [0x00007f0fa1b50000, 0x00007f102f94b1d8, 0x00007f102f94b200, 0x00007f1030030000)
 Metaspace       used 24858K, capacity 25288K, committed 25344K, reserved 26624K
}
Event: 1178.354 GC heap before
{Heap before GC invocations=1867 (full 2):
 def new generation   total 1049280K, used 959039K [0x00007f0a4c600000, 0x00007f0a93880000, 0x00007f0fa1b50000)
  eden space 932736K, 100% used [0x00007f0a4c600000, 0x00007f0a854e0000, 0x00007f0a854e0000)
  from space 116544K,  22% used [0x00007f0a8c6b0000, 0x00007f0a8e05ff60, 0x00007f0a93880000)
  to   space 116544K,   0% used [0x00007f0a854e0000, 0x00007f0a854e0000, 0x00007f0a8c6b0000)
 tenured generation   total 2331520K, used 2324460K [0x00007f0fa1b50000, 0x00007f1030030000, 0x00007f1a4c600000)
   the space 2331520K,  99% used [0x00007f0fa1b50000, 0x00007f102f94b1d8, 0x00007f102f94b200, 0x00007f1030030000)
 Metaspace       used 24858K, capacity 25288K, committed 25344K, reserved 26624K
}
Event: 1178.399 GC heap after
{Heap after GC invocations=1868 (full 2):
 def new generation   total 1049280K, used 26292K [0x00007f0a4c600000, 0x00007f0a93880000, 0x00007f0fa1b50000)
  eden space 932736K,   0% used [0x00007f0a4c600000, 0x00007f0a4c600000, 0x00007f0a854e0000)
  from space 116544K,  22% used [0x00007f0a854e0000, 0x00007f0a86e8d0f0, 0x00007f0a8c6b0000)
  to   space 116544K,   0% used [0x00007f0a8c6b0000, 0x00007f0a8c6b0000, 0x00007f0a93880000)
 tenured generation   total 2331520K, used 2326209K [0x00007f0fa1b50000, 0x00007f1030030000, 0x00007f1a4c600000)
   the space 2331520K,  99% used [0x00007f0fa1b50000, 0x00007f102fb00488, 0x00007f102fb00600, 0x00007f1030030000)
 Metaspace       used 24858K, capacity 25288K, committed 25344K, reserved 26624K
}
Event: 1179.198 GC heap before
{Heap before GC invocations=1868 (full 2):
 def new generation   total 1049280K, used 959028K [0x00007f0a4c600000, 0x00007f0a93880000, 0x00007f0fa1b50000)
  eden space 932736K, 100% used [0x00007f0a4c600000, 0x00007f0a854e0000, 0x00007f0a854e0000)
  from space 116544K,  22% used [0x00007f0a854e0000, 0x00007f0a86e8d0f0, 0x00007f0a8c6b0000)
  to   space 116544K,   0% used [0x00007f0a8c6b0000, 0x00007f0a8c6b0000, 0x00007f0a93880000)
 tenured generation   total 2331520K, used 2326209K [0x00007f0fa1b50000, 0x00007f1030030000, 0x00007f1a4c600000)
   the space 2331520K,  99% used [0x00007f0fa1b50000, 0x00007f102fb00488, 0x00007f102fb00600, 0x00007f1030030000)
 Metaspace       used 24858K, capacity 25288K, committed 25344K, reserved 26624K
}
Event: 1179.241 GC heap after
{Heap after GC invocations=1869 (full 2):
 def new generation   total 1049280K, used 26441K [0x00007f0a4c600000, 0x00007f0a93880000, 0x00007f0fa1b50000)
  eden space 932736K,   0% used [0x00007f0a4c600000, 0x00007f0a4c600000, 0x00007f0a854e0000)
  from space 116544K,  22% used [0x00007f0a8c6b0000, 0x00007f0a8e082690, 0x00007f0a93880000)
  to   space 116544K,   0% used [0x00007f0a854e0000, 0x00007f0a854e0000, 0x00007f0a8c6b0000)
 tenured generation   total 2331520K, used 2327828K [0x00007f0fa1b50000, 0x00007f1030030000, 0x00007f1a4c600000)
   the space 2331520K,  99% used [0x00007f0fa1b50000, 0x00007f102fc951a0, 0x00007f102fc95200, 0x00007f1030030000)
 Metaspace       used 24858K, capacity 25288K, committed 25344K, reserved 26624K
}
Event: 1180.032 GC heap before
{Heap before GC invocations=1869 (full 2):
 def new generation   total 1049280K, used 959177K [0x00007f0a4c600000, 0x00007f0a93880000, 0x00007f0fa1b50000)
  eden space 932736K, 100% used [0x00007f0a4c600000, 0x00007f0a854e0000, 0x00007f0a854e0000)
  from space 116544K,  22% used [0x00007f0a8c6b0000, 0x00007f0a8e082690, 0x00007f0a93880000)
  to   space 116544K,   0% used [0x00007f0a854e0000, 0x00007f0a854e0000, 0x00007f0a8c6b0000)
 tenured generation   total 2331520K, used 2327828K [0x00007f0fa1b50000, 0x00007f1030030000, 0x00007f1a4c600000)
   the space 2331520K,  99% used [0x00007f0fa1b50000, 0x00007f102fc951a0, 0x00007f102fc95200, 0x00007f1030030000)
 Metaspace       used 24858K, capacity 25288K, committed 25344K, reserved 26624K
}
Event: 1180.079 GC heap after
{Heap after GC invocations=1870 (full 2):
 def new generation   total 1049280K, used 26437K [0x00007f0a4c600000, 0x00007f0a93880000, 0x00007f0fa1b50000)
  eden space 932736K,   0% used [0x00007f0a4c600000, 0x00007f0a4c600000, 0x00007f0a854e0000)
  from space 116544K,  22% used [0x00007f0a854e0000, 0x00007f0a86eb1650, 0x00007f0a8c6b0000)
  to   space 116544K,   0% used [0x00007f0a8c6b0000, 0x00007f0a8c6b0000, 0x00007f0a93880000)
 tenured generation   total 2331520K, used 2329608K [0x00007f0fa1b50000, 0x00007f1030030000, 0x00007f1a4c600000)
   the space 2331520K,  99% used [0x00007f0fa1b50000, 0x00007f102fe52398, 0x00007f102fe52400, 0x00007f1030030000)
 Metaspace       used 24858K, capacity 25288K, committed 25344K, reserved 26624K
}
Event: 1180.904 GC heap before
{Heap before GC invocations=1870 (full 2):
 def new generation   total 1049280K, used 959173K [0x00007f0a4c600000, 0x00007f0a93880000, 0x00007f0fa1b50000)
  eden space 932736K, 100% used [0x00007f0a4c600000, 0x00007f0a854e0000, 0x00007f0a854e0000)
  from space 116544K,  22% used [0x00007f0a854e0000, 0x00007f0a86eb1650, 0x00007f0a8c6b0000)
  to   space 116544K,   0% used [0x00007f0a8c6b0000, 0x00007f0a8c6b0000, 0x00007f0a93880000)
 tenured generation   total 2331520K, used 2329608K [0x00007f0fa1b50000, 0x00007f1030030000, 0x00007f1a4c600000)
   the space 2331520K,  99% used [0x00007f0fa1b50000, 0x00007f102fe52398, 0x00007f102fe52400, 0x00007f1030030000)
 Metaspace       used 24858K, capacity 25288K, committed 25344K, reserved 26624K
}
Event: 1180.951 GC heap after
{Heap after GC invocations=1871 (full 2):
 def new generation   total 1049280K, used 26429K [0x00007f0a4c600000, 0x00007f0a93880000, 0x00007f0fa1b50000)
  eden space 932736K,   0% used [0x00007f0a4c600000, 0x00007f0a4c600000, 0x00007f0a854e0000)
  from space 116544K,  22% used [0x00007f0a8c6b0000, 0x00007f0a8e07f478, 0x00007f0a93880000)
  to   space 116544K,   0% used [0x00007f0a854e0000, 0x00007f0a854e0000, 0x00007f0a8c6b0000)
 tenured generation   total 2331520K, used 2331357K [0x00007f0fa1b50000, 0x00007f1030030000, 0x00007f1a4c600000)
   the space 2331520K,  99% used [0x00007f0fa1b50000, 0x00007f1030007648, 0x00007f1030007800, 0x00007f1030030000)
 Metaspace       used 24858K, capacity 25288K, committed 25344K, reserved 26624K
}
Event: 1181.755 GC heap before
{Heap before GC invocations=1871 (full 2):
 def new generation   total 1049280K, used 959165K [0x00007f0a4c600000, 0x00007f0a93880000, 0x00007f0fa1b50000)
  eden space 932736K, 100% used [0x00007f0a4c600000, 0x00007f0a854e0000, 0x00007f0a854e0000)
  from space 116544K,  22% used [0x00007f0a8c6b0000, 0x00007f0a8e07f478, 0x00007f0a93880000)
  to   space 116544K,   0% used [0x00007f0a854e0000, 0x00007f0a854e0000, 0x00007f0a8c6b0000)
 tenured generation   total 2331520K, used 2331357K [0x00007f0fa1b50000, 0x00007f1030030000, 0x00007f1a4c600000)
   the space 2331520K,  99% used [0x00007f0fa1b50000, 0x00007f1030007648, 0x00007f1030007800, 0x00007f1030030000)
 Metaspace       used 24858K, capacity 25288K, committed 25344K, reserved 26624K
}
Event: 1181.802 GC heap after
{Heap after GC invocations=1872 (full 2):
 def new generation   total 1049280K, used 26436K [0x00007f0a4c600000, 0x00007f0a93880000, 0x00007f0fa1b50000)
  eden space 932736K,   0% used [0x00007f0a4c600000, 0x00007f0a4c600000, 0x00007f0a854e0000)
  from space 116544K,  22% used [0x00007f0a854e0000, 0x00007f0a86eb12b0, 0x00007f0a8c6b0000)
  to   space 116544K,   0% used [0x00007f0a8c6b0000, 0x00007f0a8c6b0000, 0x00007f0a93880000)
 tenured generation   total 2333248K, used 2333138K [0x00007f0fa1b50000, 0x00007f10301e0000, 0x00007f1a4c600000)
   the space 2333248K,  99% used [0x00007f0fa1b50000, 0x00007f10301c4a80, 0x00007f10301c4c00, 0x00007f10301e0000)
 Metaspace       used 24858K, capacity 25288K, committed 25344K, reserved 26624K
}
Event: 1181.802 GC heap before
{Heap before GC invocations=1872 (full 2):
 def new generation   total 1049280K, used 26436K [0x00007f0a4c600000, 0x00007f0a93880000, 0x00007f0fa1b50000)
  eden space 932736K,   0% used [0x00007f0a4c600000, 0x00007f0a4c600000, 0x00007f0a854e0000)
  from space 116544K,  22% used [0x00007f0a854e0000, 0x00007f0a86eb12b0, 0x00007f0a8c6b0000)
  to   space 116544K,   0% used [0x00007f0a8c6b0000, 0x00007f0a8c6b0000, 0x00007f0a93880000)
 tenured generation   total 2333248K, used 2333138K [0x00007f0fa1b50000, 0x00007f10301e0000, 0x00007f1a4c600000)
   the space 2333248K,  99% used [0x00007f0fa1b50000, 0x00007f10301c4a80, 0x00007f10301c4c00, 0x00007f10301e0000)
 Metaspace       used 24858K, capacity 25288K, committed 25344K, reserved 26624K
}

