# JRE version: OpenJDK Runtime Environment (13.0.7+5) (build 13.0.7+5-Ubuntu-0ubuntu120.04)
# Java VM: OpenJDK 64-Bit Server VM (13.0.7+5-Ubuntu-0ubuntu120.04, mixed mode, tiered, serial gc, linux-amd64)
Heap:
 def new generation   total 1048832K, used 944K [0x00007f2534600000, 0x00007f257b800000, 0x00007f2fdf0a0000)
  eden space 932352K,   0% used [0x00007f2534600000, 0x00007f25346ec120, 0x00007f256d480000)
  from space 116480K,   0% used [0x00007f256d480000, 0x00007f256d480000, 0x00007f2574640000)
  to   space 116480K,   0% used [0x00007f2574640000, 0x00007f2574640000, 0x00007f257b800000)
 tenured generation   total 2330752K, used 2330751K [0x00007f2fdf0a0000, 0x00007f306d4c0000, 0x00007f4534600000)
   the space 2330752K,  99% used [0x00007f2fdf0a0000, 0x00007f306d4bfff0, 0x00007f306d4c0000, 0x00007f306d4c0000)
 Metaspace       used 25042K, capacity 25523K, committed 25600K, reserved 26624K
GC Heap History (20 events):
Event: 18389.061 GC heap after
{Heap after GC invocations=50202 (full 2):
 def new generation   total 1048832K, used 1051K [0x00007f2534600000, 0x00007f257b800000, 0x00007f2fdf0a0000)
  eden space 932352K,   0% used [0x00007f2534600000, 0x00007f2534600000, 0x00007f256d480000)
  from space 116480K,   0% used [0x00007f2574640000, 0x00007f2574746e20, 0x00007f257b800000)
  to   space 116480K,   0% used [0x00007f256d480000, 0x00007f256d480000, 0x00007f2574640000)
 tenured generation   total 2330560K, used 2330009K [0x00007f2fdf0a0000, 0x00007f306d490000, 0x00007f4534600000)
   the space 2330560K,  99% used [0x00007f2fdf0a0000, 0x00007f306d406410, 0x00007f306d406600, 0x00007f306d490000)
 Metaspace       used 25042K, capacity 25523K, committed 25600K, reserved 26624K
}
Event: 18389.580 GC heap before
{Heap before GC invocations=50202 (full 2):
 def new generation   total 1048832K, used 933403K [0x00007f2534600000, 0x00007f257b800000, 0x00007f2fdf0a0000)
  eden space 932352K, 100% used [0x00007f2534600000, 0x00007f256d480000, 0x00007f256d480000)
  from space 116480K,   0% used [0x00007f2574640000, 0x00007f2574746e20, 0x00007f257b800000)
  to   space 116480K,   0% used [0x00007f256d480000, 0x00007f256d480000, 0x00007f2574640000)
 tenured generation   total 2330560K, used 2330009K [0x00007f2fdf0a0000, 0x00007f306d490000, 0x00007f4534600000)
   the space 2330560K,  99% used [0x00007f2fdf0a0000, 0x00007f306d406410, 0x00007f306d406600, 0x00007f306d490000)
 Metaspace       used 25042K, capacity 25523K, committed 25600K, reserved 26624K
}
Event: 18389.582 GC heap after
{Heap after GC invocations=50203 (full 2):
 def new generation   total 1048832K, used 1117K [0x00007f2534600000, 0x00007f257b800000, 0x00007f2fdf0a0000)
  eden space 932352K,   0% used [0x00007f2534600000, 0x00007f2534600000, 0x00007f256d480000)
  from space 116480K,   0% used [0x00007f256d480000, 0x00007f256d597558, 0x00007f2574640000)
  to   space 116480K,   0% used [0x00007f2574640000, 0x00007f2574640000, 0x00007f257b800000)
 tenured generation   total 2330560K, used 2330047K [0x00007f2fdf0a0000, 0x00007f306d490000, 0x00007f4534600000)
   the space 2330560K,  99% used [0x00007f2fdf0a0000, 0x00007f306d40fe70, 0x00007f306d410000, 0x00007f306d490000)
 Metaspace       used 25042K, capacity 25523K, committed 25600K, reserved 26624K
}
Event: 18390.091 GC heap before
{Heap before GC invocations=50203 (full 2):
 def new generation   total 1048832K, used 933469K [0x00007f2534600000, 0x00007f257b800000, 0x00007f2fdf0a0000)
  eden space 932352K, 100% used [0x00007f2534600000, 0x00007f256d480000, 0x00007f256d480000)
  from space 116480K,   0% used [0x00007f256d480000, 0x00007f256d597558, 0x00007f2574640000)
  to   space 116480K,   0% used [0x00007f2574640000, 0x00007f2574640000, 0x00007f257b800000)
 tenured generation   total 2330560K, used 2330047K [0x00007f2fdf0a0000, 0x00007f306d490000, 0x00007f4534600000)
   the space 2330560K,  99% used [0x00007f2fdf0a0000, 0x00007f306d40fe70, 0x00007f306d410000, 0x00007f306d490000)
 Metaspace       used 25042K, capacity 25523K, committed 25600K, reserved 26624K
}
Event: 18390.093 GC heap after
{Heap after GC invocations=50204 (full 2):
 def new generation   total 1048832K, used 1074K [0x00007f2534600000, 0x00007f257b800000, 0x00007f2fdf0a0000)
  eden space 932352K,   0% used [0x00007f2534600000, 0x00007f2534600000, 0x00007f256d480000)
  from space 116480K,   0% used [0x00007f2574640000, 0x00007f257474cb80, 0x00007f257b800000)
  to   space 116480K,   0% used [0x00007f256d480000, 0x00007f256d480000, 0x00007f2574640000)
 tenured generation   total 2330560K, used 2330124K [0x00007f2fdf0a0000, 0x00007f306d490000, 0x00007f4534600000)
   the space 2330560K,  99% used [0x00007f2fdf0a0000, 0x00007f306d423330, 0x00007f306d423400, 0x00007f306d490000)
 Metaspace       used 25042K, capacity 25523K, committed 25600K, reserved 26624K
}
Event: 18390.610 GC heap before
{Heap before GC invocations=50204 (full 2):
 def new generation   total 1048832K, used 933426K [0x00007f2534600000, 0x00007f257b800000, 0x00007f2fdf0a0000)
  eden space 932352K, 100% used [0x00007f2534600000, 0x00007f256d480000, 0x00007f256d480000)
  from space 116480K,   0% used [0x00007f2574640000, 0x00007f257474cb80, 0x00007f257b800000)
  to   space 116480K,   0% used [0x00007f256d480000, 0x00007f256d480000, 0x00007f2574640000)
 tenured generation   total 2330560K, used 2330124K [0x00007f2fdf0a0000, 0x00007f306d490000, 0x00007f4534600000)
   the space 2330560K,  99% used [0x00007f2fdf0a0000, 0x00007f306d423330, 0x00007f306d423400, 0x00007f306d490000)
 Metaspace       used 25042K, capacity 25523K, committed 25600K, reserved 26624K
}
Event: 18390.612 GC heap after
{Heap after GC invocations=50205 (full 2):
 def new generation   total 1048832K, used 1155K [0x00007f2534600000, 0x00007f257b800000, 0x00007f2fdf0a0000)
  eden space 932352K,   0% used [0x00007f2534600000, 0x00007f2534600000, 0x00007f256d480000)
  from space 116480K,   0% used [0x00007f256d480000, 0x00007f256d5a0c78, 0x00007f2574640000)
  to   space 116480K,   0% used [0x00007f2574640000, 0x00007f2574640000, 0x00007f257b800000)
 tenured generation   total 2330560K, used 2330201K [0x00007f2fdf0a0000, 0x00007f306d490000, 0x00007f4534600000)
   the space 2330560K,  99% used [0x00007f2fdf0a0000, 0x00007f306d4367f0, 0x00007f306d436800, 0x00007f306d490000)
 Metaspace       used 25042K, capacity 25523K, committed 25600K, reserved 26624K
}
Event: 18391.124 GC heap before
{Heap before GC invocations=50205 (full 2):
 def new generation   total 1048832K, used 933507K [0x00007f2534600000, 0x00007f257b800000, 0x00007f2fdf0a0000)
  eden space 932352K, 100% used [0x00007f2534600000, 0x00007f256d480000, 0x00007f256d480000)
  from space 116480K,   0% used [0x00007f256d480000, 0x00007f256d5a0c78, 0x00007f2574640000)
  to   space 116480K,   0% used [0x00007f2574640000, 0x00007f2574640000, 0x00007f257b800000)
 tenured generation   total 2330560K, used 2330201K [0x00007f2fdf0a0000, 0x00007f306d490000, 0x00007f4534600000)
   the space 2330560K,  99% used [0x00007f2fdf0a0000, 0x00007f306d4367f0, 0x00007f306d436800, 0x00007f306d490000)
 Metaspace       used 25042K, capacity 25523K, committed 25600K, reserved 26624K
}
Event: 18391.126 GC heap after
{Heap after GC invocations=50206 (full 2):
 def new generation   total 1048832K, used 1109K [0x00007f2534600000, 0x00007f257b800000, 0x00007f2fdf0a0000)
  eden space 932352K,   0% used [0x00007f2534600000, 0x00007f2534600000, 0x00007f256d480000)
  from space 116480K,   0% used [0x00007f2574640000, 0x00007f25747555a0, 0x00007f257b800000)
  to   space 116480K,   0% used [0x00007f256d480000, 0x00007f256d480000, 0x00007f2574640000)
 tenured generation   total 2330560K, used 2330240K [0x00007f2fdf0a0000, 0x00007f306d490000, 0x00007f4534600000)
   the space 2330560K,  99% used [0x00007f2fdf0a0000, 0x00007f306d440250, 0x00007f306d440400, 0x00007f306d490000)
 Metaspace       used 25042K, capacity 25523K, committed 25600K, reserved 26624K
}
Event: 18391.637 GC heap before
{Heap before GC invocations=50206 (full 2):
 def new generation   total 1048832K, used 933461K [0x00007f2534600000, 0x00007f257b800000, 0x00007f2fdf0a0000)
  eden space 932352K, 100% used [0x00007f2534600000, 0x00007f256d480000, 0x00007f256d480000)
  from space 116480K,   0% used [0x00007f2574640000, 0x00007f25747555a0, 0x00007f257b800000)
  to   space 116480K,   0% used [0x00007f256d480000, 0x00007f256d480000, 0x00007f2574640000)
 tenured generation   total 2330560K, used 2330240K [0x00007f2fdf0a0000, 0x00007f306d490000, 0x00007f4534600000)
   the space 2330560K,  99% used [0x00007f2fdf0a0000, 0x00007f306d440250, 0x00007f306d440400, 0x00007f306d490000)
 Metaspace       used 25042K, capacity 25523K, committed 25600K, reserved 26624K
}
Event: 18391.639 GC heap after
{Heap after GC invocations=50207 (full 2):
 def new generation   total 1048832K, used 1068K [0x00007f2534600000, 0x00007f257b800000, 0x00007f2fdf0a0000)
  eden space 932352K,   0% used [0x00007f2534600000, 0x00007f2534600000, 0x00007f256d480000)
  from space 116480K,   0% used [0x00007f256d480000, 0x00007f256d58b3f8, 0x00007f2574640000)
  to   space 116480K,   0% used [0x00007f2574640000, 0x00007f2574640000, 0x00007f257b800000)
 tenured generation   total 2330560K, used 2330318K [0x00007f2fdf0a0000, 0x00007f306d490000, 0x00007f4534600000)
   the space 2330560K,  99% used [0x00007f2fdf0a0000, 0x00007f306d453a90, 0x00007f306d453c00, 0x00007f306d490000)
 Metaspace       used 25042K, capacity 25523K, committed 25600K, reserved 26624K
}
Event: 18392.154 GC heap before
{Heap before GC invocations=50207 (full 2):
 def new generation   total 1048832K, used 933420K [0x00007f2534600000, 0x00007f257b800000, 0x00007f2fdf0a0000)
  eden space 932352K, 100% used [0x00007f2534600000, 0x00007f256d480000, 0x00007f256d480000)
  from space 116480K,   0% used [0x00007f256d480000, 0x00007f256d58b3f8, 0x00007f2574640000)
  to   space 116480K,   0% used [0x00007f2574640000, 0x00007f2574640000, 0x00007f257b800000)
 tenured generation   total 2330560K, used 2330318K [0x00007f2fdf0a0000, 0x00007f306d490000, 0x00007f4534600000)
   the space 2330560K,  99% used [0x00007f2fdf0a0000, 0x00007f306d453a90, 0x00007f306d453c00, 0x00007f306d490000)
 Metaspace       used 25042K, capacity 25523K, committed 25600K, reserved 26624K
}
Event: 18392.156 GC heap after
{Heap after GC invocations=50208 (full 2):
 def new generation   total 1048832K, used 1126K [0x00007f2534600000, 0x00007f257b800000, 0x00007f2fdf0a0000)
  eden space 932352K,   0% used [0x00007f2534600000, 0x00007f2534600000, 0x00007f256d480000)
  from space 116480K,   0% used [0x00007f2574640000, 0x00007f25747598c8, 0x00007f257b800000)
  to   space 116480K,   0% used [0x00007f256d480000, 0x00007f256d480000, 0x00007f2574640000)
 tenured generation   total 2330560K, used 2330395K [0x00007f2fdf0a0000, 0x00007f306d490000, 0x00007f4534600000)
   the space 2330560K,  99% used [0x00007f2fdf0a0000, 0x00007f306d466f50, 0x00007f306d467000, 0x00007f306d490000)
 Metaspace       used 25042K, capacity 25523K, committed 25600K, reserved 26624K
}
Event: 18392.666 GC heap before
{Heap before GC invocations=50208 (full 2):
 def new generation   total 1048832K, used 933478K [0x00007f2534600000, 0x00007f257b800000, 0x00007f2fdf0a0000)
  eden space 932352K, 100% used [0x00007f2534600000, 0x00007f256d480000, 0x00007f256d480000)
  from space 116480K,   0% used [0x00007f2574640000, 0x00007f25747598c8, 0x00007f257b800000)
  to   space 116480K,   0% used [0x00007f256d480000, 0x00007f256d480000, 0x00007f2574640000)
 tenured generation   total 2330560K, used 2330395K [0x00007f2fdf0a0000, 0x00007f306d490000, 0x00007f4534600000)
   the space 2330560K,  99% used [0x00007f2fdf0a0000, 0x00007f306d466f50, 0x00007f306d467000, 0x00007f306d490000)
 Metaspace       used 25042K, capacity 25523K, committed 25600K, reserved 26624K
}
Event: 18392.669 GC heap after
{Heap after GC invocations=50209 (full 2):
 def new generation   total 1048832K, used 1093K [0x00007f2534600000, 0x00007f257b800000, 0x00007f2fdf0a0000)
  eden space 932352K,   0% used [0x00007f2534600000, 0x00007f2534600000, 0x00007f256d480000)
  from space 116480K,   0% used [0x00007f256d480000, 0x00007f256d5916a8, 0x00007f2574640000)
  to   space 116480K,   0% used [0x00007f2574640000, 0x00007f2574640000, 0x00007f257b800000)
 tenured generation   total 2330560K, used 2330434K [0x00007f2fdf0a0000, 0x00007f306d490000, 0x00007f4534600000)
   the space 2330560K,  99% used [0x00007f2fdf0a0000, 0x00007f306d4709b0, 0x00007f306d470a00, 0x00007f306d490000)
 Metaspace       used 25042K, capacity 25523K, committed 25600K, reserved 26624K
}
Event: 18393.184 GC heap before
{Heap before GC invocations=50209 (full 2):
 def new generation   total 1048832K, used 933445K [0x00007f2534600000, 0x00007f257b800000, 0x00007f2fdf0a0000)
  eden space 932352K, 100% used [0x00007f2534600000, 0x00007f256d480000, 0x00007f256d480000)
  from space 116480K,   0% used [0x00007f256d480000, 0x00007f256d5916a8, 0x00007f2574640000)
  to   space 116480K,   0% used [0x00007f2574640000, 0x00007f2574640000, 0x00007f257b800000)
 tenured generation   total 2330560K, used 2330434K [0x00007f2fdf0a0000, 0x00007f306d490000, 0x00007f4534600000)
   the space 2330560K,  99% used [0x00007f2fdf0a0000, 0x00007f306d4709b0, 0x00007f306d470a00, 0x00007f306d490000)
 Metaspace       used 25042K, capacity 25523K, committed 25600K, reserved 26624K
}
Event: 18393.186 GC heap after
{Heap after GC invocations=50210 (full 2):
 def new generation   total 1048832K, used 1041K [0x00007f2534600000, 0x00007f257b800000, 0x00007f2fdf0a0000)
  eden space 932352K,   0% used [0x00007f2534600000, 0x00007f2534600000, 0x00007f256d480000)
  from space 116480K,   0% used [0x00007f2574640000, 0x00007f25747447e8, 0x00007f257b800000)
  to   space 116480K,   0% used [0x00007f256d480000, 0x00007f256d480000, 0x00007f2574640000)
 tenured generation   total 2330560K, used 2330511K [0x00007f2fdf0a0000, 0x00007f306d490000, 0x00007f4534600000)
   the space 2330560K,  99% used [0x00007f2fdf0a0000, 0x00007f306d483e70, 0x00007f306d484000, 0x00007f306d490000)
 Metaspace       used 25042K, capacity 25523K, committed 25600K, reserved 26624K
}
Event: 18393.699 GC heap before
{Heap before GC invocations=50210 (full 2):
 def new generation   total 1048832K, used 933393K [0x00007f2534600000, 0x00007f257b800000, 0x00007f2fdf0a0000)
  eden space 932352K, 100% used [0x00007f2534600000, 0x00007f256d480000, 0x00007f256d480000)
  from space 116480K,   0% used [0x00007f2574640000, 0x00007f25747447e8, 0x00007f257b800000)
  to   space 116480K,   0% used [0x00007f256d480000, 0x00007f256d480000, 0x00007f2574640000)
 tenured generation   total 2330560K, used 2330511K [0x00007f2fdf0a0000, 0x00007f306d490000, 0x00007f4534600000)
   the space 2330560K,  99% used [0x00007f2fdf0a0000, 0x00007f306d483e70, 0x00007f306d484000, 0x00007f306d490000)
 Metaspace       used 25042K, capacity 25523K, committed 25600K, reserved 26624K
}
Event: 18393.703 GC heap after
{Heap after GC invocations=50211 (full 2):
 def new generation   total 1048832K, used 1107K [0x00007f2534600000, 0x00007f257b800000, 0x00007f2fdf0a0000)
  eden space 932352K,   0% used [0x00007f2534600000, 0x00007f2534600000, 0x00007f256d480000)
  from space 116480K,   0% used [0x00007f256d480000, 0x00007f256d594de0, 0x00007f2574640000)
  to   space 116480K,   0% used [0x00007f2574640000, 0x00007f2574640000, 0x00007f257b800000)
 tenured generation   total 2330752K, used 2330588K [0x00007f2fdf0a0000, 0x00007f306d4c0000, 0x00007f4534600000)
   the space 2330752K,  99% used [0x00007f2fdf0a0000, 0x00007f306d497330, 0x00007f306d497400, 0x00007f306d4c0000)
 Metaspace       used 25042K, capacity 25523K, committed 25600K, reserved 26624K
}
Event: 18393.703 GC heap before
{Heap before GC invocations=50211 (full 2):
 def new generation   total 1048832K, used 1107K [0x00007f2534600000, 0x00007f257b800000, 0x00007f2fdf0a0000)
  eden space 932352K,   0% used [0x00007f2534600000, 0x00007f2534600000, 0x00007f256d480000)
  from space 116480K,   0% used [0x00007f256d480000, 0x00007f256d594de0, 0x00007f2574640000)
  to   space 116480K,   0% used [0x00007f2574640000, 0x00007f2574640000, 0x00007f257b800000)
 tenured generation   total 2330752K, used 2330588K [0x00007f2fdf0a0000, 0x00007f306d4c0000, 0x00007f4534600000)
   the space 2330752K,  99% used [0x00007f2fdf0a0000, 0x00007f306d497330, 0x00007f306d497400, 0x00007f306d4c0000)
 Metaspace       used 25042K, capacity 25523K, committed 25600K, reserved 26624K
}

