# JRE version: OpenJDK Runtime Environment (13.0.7+5) (build 13.0.7+5-Ubuntu-0ubuntu120.04)
# Java VM: OpenJDK 64-Bit Server VM (13.0.7+5-Ubuntu-0ubuntu120.04, mixed mode, tiered, serial gc, linux-amd64)
Heap:
 def new generation   total 1048832K, used 0K [0x00007fd498600000, 0x00007fd4df800000, 0x00007fd9edb50000)
  eden space 932352K,   0% used [0x00007fd498600000, 0x00007fd498600000, 0x00007fd4d1480000)
  from space 116480K,   0% used [0x00007fd4d8640000, 0x00007fd4d8640000, 0x00007fd4df800000)
  to   space 116480K,   0% used [0x00007fd4d1480000, 0x00007fd4d1480000, 0x00007fd4d8640000)
 tenured generation   total 2335744K, used 2287170K [0x00007fd9edb50000, 0x00007fda7c450000, 0x00007fe498600000)
   the space 2335744K,  97% used [0x00007fd9edb50000, 0x00007fda794e09b8, 0x00007fda794e0a00, 0x00007fda7c450000)
 Metaspace       used 32238K, capacity 32784K, committed 33024K, reserved 34816K
GC Heap History (20 events):
Event: 1527.520 GC heap after
{Heap after GC invocations=4716 (full 3):
 def new generation   total 1048832K, used 62970K [0x00007fd498600000, 0x00007fd4df800000, 0x00007fd9edb50000)
  eden space 932352K,   0% used [0x00007fd498600000, 0x00007fd498600000, 0x00007fd4d1480000)
  from space 116480K,  54% used [0x00007fd4d1480000, 0x00007fd4d51feae0, 0x00007fd4d8640000)
  to   space 116480K,   0% used [0x00007fd4d8640000, 0x00007fd4d8640000, 0x00007fd4df800000)
 tenured generation   total 2330560K, used 2222342K [0x00007fd9edb50000, 0x00007fda7bf40000, 0x00007fe498600000)
   the space 2330560K,  95% used [0x00007fd9edb50000, 0x00007fda755918d8, 0x00007fda75591a00, 0x00007fda7bf40000)
 Metaspace       used 32238K, capacity 32784K, committed 33024K, reserved 34816K
}
Event: 1527.958 GC heap before
{Heap before GC invocations=4716 (full 3):
 def new generation   total 1048832K, used 995322K [0x00007fd498600000, 0x00007fd4df800000, 0x00007fd9edb50000)
  eden space 932352K, 100% used [0x00007fd498600000, 0x00007fd4d1480000, 0x00007fd4d1480000)
  from space 116480K,  54% used [0x00007fd4d1480000, 0x00007fd4d51feae0, 0x00007fd4d8640000)
  to   space 116480K,   0% used [0x00007fd4d8640000, 0x00007fd4d8640000, 0x00007fd4df800000)
 tenured generation   total 2330560K, used 2222342K [0x00007fd9edb50000, 0x00007fda7bf40000, 0x00007fe498600000)
   the space 2330560K,  95% used [0x00007fd9edb50000, 0x00007fda755918d8, 0x00007fda75591a00, 0x00007fda7bf40000)
 Metaspace       used 32238K, capacity 32784K, committed 33024K, reserved 34816K
}
Event: 1528.055 GC heap after
{Heap after GC invocations=4717 (full 3):
 def new generation   total 1048832K, used 62960K [0x00007fd498600000, 0x00007fd4df800000, 0x00007fd9edb50000)
  eden space 932352K,   0% used [0x00007fd498600000, 0x00007fd498600000, 0x00007fd4d1480000)
  from space 116480K,  54% used [0x00007fd4d8640000, 0x00007fd4dc3bc248, 0x00007fd4df800000)
  to   space 116480K,   0% used [0x00007fd4d1480000, 0x00007fd4d1480000, 0x00007fd4d8640000)
 tenured generation   total 2330560K, used 2234922K [0x00007fd9edb50000, 0x00007fda7bf40000, 0x00007fe498600000)
   the space 2330560K,  95% used [0x00007fd9edb50000, 0x00007fda761da840, 0x00007fda761daa00, 0x00007fda7bf40000)
 Metaspace       used 32238K, capacity 32784K, committed 33024K, reserved 34816K
}
Event: 1528.487 GC heap before
{Heap before GC invocations=4717 (full 3):
 def new generation   total 1048832K, used 995312K [0x00007fd498600000, 0x00007fd4df800000, 0x00007fd9edb50000)
  eden space 932352K, 100% used [0x00007fd498600000, 0x00007fd4d1480000, 0x00007fd4d1480000)
  from space 116480K,  54% used [0x00007fd4d8640000, 0x00007fd4dc3bc248, 0x00007fd4df800000)
  to   space 116480K,   0% used [0x00007fd4d1480000, 0x00007fd4d1480000, 0x00007fd4d8640000)
 tenured generation   total 2330560K, used 2234922K [0x00007fd9edb50000, 0x00007fda7bf40000, 0x00007fe498600000)
   the space 2330560K,  95% used [0x00007fd9edb50000, 0x00007fda761da840, 0x00007fda761daa00, 0x00007fda7bf40000)
 Metaspace       used 32238K, capacity 32784K, committed 33024K, reserved 34816K
}
Event: 1528.582 GC heap after
{Heap after GC invocations=4718 (full 3):
 def new generation   total 1048832K, used 62984K [0x00007fd498600000, 0x00007fd4df800000, 0x00007fd9edb50000)
  eden space 932352K,   0% used [0x00007fd498600000, 0x00007fd498600000, 0x00007fd4d1480000)
  from space 116480K,  54% used [0x00007fd4d1480000, 0x00007fd4d52023f8, 0x00007fd4d8640000)
  to   space 116480K,   0% used [0x00007fd4d8640000, 0x00007fd4d8640000, 0x00007fd4df800000)
 tenured generation   total 2330560K, used 2247505K [0x00007fd9edb50000, 0x00007fda7bf40000, 0x00007fe498600000)
   the space 2330560K,  96% used [0x00007fd9edb50000, 0x00007fda76e24700, 0x00007fda76e24800, 0x00007fda7bf40000)
 Metaspace       used 32238K, capacity 32784K, committed 33024K, reserved 34816K
}
Event: 1529.024 GC heap before
{Heap before GC invocations=4718 (full 3):
 def new generation   total 1048832K, used 995336K [0x00007fd498600000, 0x00007fd4df800000, 0x00007fd9edb50000)
  eden space 932352K, 100% used [0x00007fd498600000, 0x00007fd4d1480000, 0x00007fd4d1480000)
  from space 116480K,  54% used [0x00007fd4d1480000, 0x00007fd4d52023f8, 0x00007fd4d8640000)
  to   space 116480K,   0% used [0x00007fd4d8640000, 0x00007fd4d8640000, 0x00007fd4df800000)
 tenured generation   total 2330560K, used 2247505K [0x00007fd9edb50000, 0x00007fda7bf40000, 0x00007fe498600000)
   the space 2330560K,  96% used [0x00007fd9edb50000, 0x00007fda76e24700, 0x00007fda76e24800, 0x00007fda7bf40000)
 Metaspace       used 32238K, capacity 32784K, committed 33024K, reserved 34816K
}
Event: 1529.123 GC heap after
{Heap after GC invocations=4719 (full 3):
 def new generation   total 1048832K, used 62954K [0x00007fd498600000, 0x00007fd4df800000, 0x00007fd9edb50000)
  eden space 932352K,   0% used [0x00007fd498600000, 0x00007fd498600000, 0x00007fd4d1480000)
  from space 116480K,  54% used [0x00007fd4d8640000, 0x00007fd4dc3ba860, 0x00007fd4df800000)
  to   space 116480K,   0% used [0x00007fd4d1480000, 0x00007fd4d1480000, 0x00007fd4d8640000)
 tenured generation   total 2330560K, used 2260104K [0x00007fd9edb50000, 0x00007fda7bf40000, 0x00007fe498600000)
   the space 2330560K,  96% used [0x00007fd9edb50000, 0x00007fda77a72108, 0x00007fda77a72200, 0x00007fda7bf40000)
 Metaspace       used 32238K, capacity 32784K, committed 33024K, reserved 34816K
}
Event: 1529.559 GC heap before
{Heap before GC invocations=4719 (full 3):
 def new generation   total 1048832K, used 995306K [0x00007fd498600000, 0x00007fd4df800000, 0x00007fd9edb50000)
  eden space 932352K, 100% used [0x00007fd498600000, 0x00007fd4d1480000, 0x00007fd4d1480000)
  from space 116480K,  54% used [0x00007fd4d8640000, 0x00007fd4dc3ba860, 0x00007fd4df800000)
  to   space 116480K,   0% used [0x00007fd4d1480000, 0x00007fd4d1480000, 0x00007fd4d8640000)
 tenured generation   total 2330560K, used 2260104K [0x00007fd9edb50000, 0x00007fda7bf40000, 0x00007fe498600000)
   the space 2330560K,  96% used [0x00007fd9edb50000, 0x00007fda77a72108, 0x00007fda77a72200, 0x00007fda7bf40000)
 Metaspace       used 32238K, capacity 32784K, committed 33024K, reserved 34816K
}
Event: 1529.657 GC heap after
{Heap after GC invocations=4720 (full 3):
 def new generation   total 1048832K, used 62948K [0x00007fd498600000, 0x00007fd4df800000, 0x00007fd9edb50000)
  eden space 932352K,   0% used [0x00007fd498600000, 0x00007fd498600000, 0x00007fd4d1480000)
  from space 116480K,  54% used [0x00007fd4d1480000, 0x00007fd4d51f92c8, 0x00007fd4d8640000)
  to   space 116480K,   0% used [0x00007fd4d8640000, 0x00007fd4d8640000, 0x00007fd4df800000)
 tenured generation   total 2330560K, used 2272684K [0x00007fd9edb50000, 0x00007fda7bf40000, 0x00007fe498600000)
   the space 2330560K,  97% used [0x00007fd9edb50000, 0x00007fda786bb310, 0x00007fda786bb400, 0x00007fda7bf40000)
 Metaspace       used 32238K, capacity 32784K, committed 33024K, reserved 34816K
}
Event: 1530.095 GC heap before
{Heap before GC invocations=4720 (full 3):
 def new generation   total 1048832K, used 995300K [0x00007fd498600000, 0x00007fd4df800000, 0x00007fd9edb50000)
  eden space 932352K, 100% used [0x00007fd498600000, 0x00007fd4d1480000, 0x00007fd4d1480000)
  from space 116480K,  54% used [0x00007fd4d1480000, 0x00007fd4d51f92c8, 0x00007fd4d8640000)
  to   space 116480K,   0% used [0x00007fd4d8640000, 0x00007fd4d8640000, 0x00007fd4df800000)
 tenured generation   total 2330560K, used 2272684K [0x00007fd9edb50000, 0x00007fda7bf40000, 0x00007fe498600000)
   the space 2330560K,  97% used [0x00007fd9edb50000, 0x00007fda786bb310, 0x00007fda786bb400, 0x00007fda7bf40000)
 Metaspace       used 32238K, capacity 32784K, committed 33024K, reserved 34816K
}
Event: 1530.192 GC heap after
{Heap after GC invocations=4721 (full 3):
 def new generation   total 1048832K, used 62946K [0x00007fd498600000, 0x00007fd4df800000, 0x00007fd9edb50000)
  eden space 932352K,   0% used [0x00007fd498600000, 0x00007fd498600000, 0x00007fd4d1480000)
  from space 116480K,  54% used [0x00007fd4d8640000, 0x00007fd4dc3b8938, 0x00007fd4df800000)
  to   space 116480K,   0% used [0x00007fd4d1480000, 0x00007fd4d1480000, 0x00007fd4d8640000)
 tenured generation   total 2330560K, used 2285268K [0x00007fd9edb50000, 0x00007fda7bf40000, 0x00007fe498600000)
   the space 2330560K,  98% used [0x00007fd9edb50000, 0x00007fda793053b8, 0x00007fda79305400, 0x00007fda7bf40000)
 Metaspace       used 32238K, capacity 32784K, committed 33024K, reserved 34816K
}
Event: 1530.629 GC heap before
{Heap before GC invocations=4721 (full 3):
 def new generation   total 1048832K, used 995298K [0x00007fd498600000, 0x00007fd4df800000, 0x00007fd9edb50000)
  eden space 932352K, 100% used [0x00007fd498600000, 0x00007fd4d1480000, 0x00007fd4d1480000)
  from space 116480K,  54% used [0x00007fd4d8640000, 0x00007fd4dc3b8938, 0x00007fd4df800000)
  to   space 116480K,   0% used [0x00007fd4d1480000, 0x00007fd4d1480000, 0x00007fd4d8640000)
 tenured generation   total 2330560K, used 2285268K [0x00007fd9edb50000, 0x00007fda7bf40000, 0x00007fe498600000)
   the space 2330560K,  98% used [0x00007fd9edb50000, 0x00007fda793053b8, 0x00007fda79305400, 0x00007fda7bf40000)
 Metaspace       used 32238K, capacity 32784K, committed 33024K, reserved 34816K
}
Event: 1530.722 GC heap after
{Heap after GC invocations=4722 (full 3):
 def new generation   total 1048832K, used 62941K [0x00007fd498600000, 0x00007fd4df800000, 0x00007fd9edb50000)
  eden space 932352K,   0% used [0x00007fd498600000, 0x00007fd498600000, 0x00007fd4d1480000)
  from space 116480K,  54% used [0x00007fd4d1480000, 0x00007fd4d51f7538, 0x00007fd4d8640000)
  to   space 116480K,   0% used [0x00007fd4d8640000, 0x00007fd4d8640000, 0x00007fd4df800000)
 tenured generation   total 2330560K, used 2297848K [0x00007fd9edb50000, 0x00007fda7bf40000, 0x00007fe498600000)
   the space 2330560K,  98% used [0x00007fd9edb50000, 0x00007fda79f4e138, 0x00007fda79f4e200, 0x00007fda7bf40000)
 Metaspace       used 32238K, capacity 32784K, committed 33024K, reserved 34816K
}
Event: 1531.157 GC heap before
{Heap before GC invocations=4722 (full 3):
 def new generation   total 1048832K, used 995293K [0x00007fd498600000, 0x00007fd4df800000, 0x00007fd9edb50000)
  eden space 932352K, 100% used [0x00007fd498600000, 0x00007fd4d1480000, 0x00007fd4d1480000)
  from space 116480K,  54% used [0x00007fd4d1480000, 0x00007fd4d51f7538, 0x00007fd4d8640000)
  to   space 116480K,   0% used [0x00007fd4d8640000, 0x00007fd4d8640000, 0x00007fd4df800000)
 tenured generation   total 2330560K, used 2297848K [0x00007fd9edb50000, 0x00007fda7bf40000, 0x00007fe498600000)
   the space 2330560K,  98% used [0x00007fd9edb50000, 0x00007fda79f4e138, 0x00007fda79f4e200, 0x00007fda7bf40000)
 Metaspace       used 32238K, capacity 32784K, committed 33024K, reserved 34816K
}
Event: 1531.255 GC heap after
{Heap after GC invocations=4723 (full 3):
 def new generation   total 1048832K, used 62949K [0x00007fd498600000, 0x00007fd4df800000, 0x00007fd9edb50000)
  eden space 932352K,   0% used [0x00007fd498600000, 0x00007fd498600000, 0x00007fd4d1480000)
  from space 116480K,  54% used [0x00007fd4d8640000, 0x00007fd4dc3b9538, 0x00007fd4df800000)
  to   space 116480K,   0% used [0x00007fd4d1480000, 0x00007fd4d1480000, 0x00007fd4d8640000)
 tenured generation   total 2330560K, used 2310432K [0x00007fd9edb50000, 0x00007fda7bf40000, 0x00007fe498600000)
   the space 2330560K,  99% used [0x00007fd9edb50000, 0x00007fda7ab981e0, 0x00007fda7ab98200, 0x00007fda7bf40000)
 Metaspace       used 32238K, capacity 32784K, committed 33024K, reserved 34816K
}
Event: 1531.687 GC heap before
{Heap before GC invocations=4723 (full 3):
 def new generation   total 1048832K, used 995301K [0x00007fd498600000, 0x00007fd4df800000, 0x00007fd9edb50000)
  eden space 932352K, 100% used [0x00007fd498600000, 0x00007fd4d1480000, 0x00007fd4d1480000)
  from space 116480K,  54% used [0x00007fd4d8640000, 0x00007fd4dc3b9538, 0x00007fd4df800000)
  to   space 116480K,   0% used [0x00007fd4d1480000, 0x00007fd4d1480000, 0x00007fd4d8640000)
 tenured generation   total 2330560K, used 2310432K [0x00007fd9edb50000, 0x00007fda7bf40000, 0x00007fe498600000)
   the space 2330560K,  99% used [0x00007fd9edb50000, 0x00007fda7ab981e0, 0x00007fda7ab98200, 0x00007fda7bf40000)
 Metaspace       used 32238K, capacity 32784K, committed 33024K, reserved 34816K
}
Event: 1531.781 GC heap after
{Heap after GC invocations=4724 (full 3):
 def new generation   total 1048832K, used 62945K [0x00007fd498600000, 0x00007fd4df800000, 0x00007fd9edb50000)
  eden space 932352K,   0% used [0x00007fd498600000, 0x00007fd498600000, 0x00007fd4d1480000)
  from space 116480K,  54% used [0x00007fd4d1480000, 0x00007fd4d51f8710, 0x00007fd4d8640000)
  to   space 116480K,   0% used [0x00007fd4d8640000, 0x00007fd4d8640000, 0x00007fd4df800000)
 tenured generation   total 2330560K, used 2323011K [0x00007fd9edb50000, 0x00007fda7bf40000, 0x00007fe498600000)
   the space 2330560K,  99% used [0x00007fd9edb50000, 0x00007fda7b7e0ed0, 0x00007fda7b7e1000, 0x00007fda7bf40000)
 Metaspace       used 32238K, capacity 32784K, committed 33024K, reserved 34816K
}
Event: 1532.214 GC heap before
{Heap before GC invocations=4724 (full 3):
 def new generation   total 1048832K, used 995297K [0x00007fd498600000, 0x00007fd4df800000, 0x00007fd9edb50000)
  eden space 932352K, 100% used [0x00007fd498600000, 0x00007fd4d1480000, 0x00007fd4d1480000)
  from space 116480K,  54% used [0x00007fd4d1480000, 0x00007fd4d51f8710, 0x00007fd4d8640000)
  to   space 116480K,   0% used [0x00007fd4d8640000, 0x00007fd4d8640000, 0x00007fd4df800000)
 tenured generation   total 2330560K, used 2323011K [0x00007fd9edb50000, 0x00007fda7bf40000, 0x00007fe498600000)
   the space 2330560K,  99% used [0x00007fd9edb50000, 0x00007fda7b7e0ed0, 0x00007fda7b7e1000, 0x00007fda7bf40000)
 Metaspace       used 32238K, capacity 32784K, committed 33024K, reserved 34816K
}
Event: 1532.312 GC heap after
{Heap after GC invocations=4725 (full 3):
 def new generation   total 1048832K, used 62944K [0x00007fd498600000, 0x00007fd4df800000, 0x00007fd9edb50000)
  eden space 932352K,   0% used [0x00007fd498600000, 0x00007fd498600000, 0x00007fd4d1480000)
  from space 116480K,  54% used [0x00007fd4d8640000, 0x00007fd4dc3b82b0, 0x00007fd4df800000)
  to   space 116480K,   0% used [0x00007fd4d1480000, 0x00007fd4d1480000, 0x00007fd4d8640000)
 tenured generation   total 2335744K, used 2335596K [0x00007fd9edb50000, 0x00007fda7c450000, 0x00007fe498600000)
   the space 2335744K,  99% used [0x00007fd9edb50000, 0x00007fda7c42b008, 0x00007fda7c42b200, 0x00007fda7c450000)
 Metaspace       used 32238K, capacity 32784K, committed 33024K, reserved 34816K
}
Event: 1532.312 GC heap before
{Heap before GC invocations=4725 (full 3):
 def new generation   total 1048832K, used 62944K [0x00007fd498600000, 0x00007fd4df800000, 0x00007fd9edb50000)
  eden space 932352K,   0% used [0x00007fd498600000, 0x00007fd498600000, 0x00007fd4d1480000)
  from space 116480K,  54% used [0x00007fd4d8640000, 0x00007fd4dc3b82b0, 0x00007fd4df800000)
  to   space 116480K,   0% used [0x00007fd4d1480000, 0x00007fd4d1480000, 0x00007fd4d8640000)
 tenured generation   total 2335744K, used 2335596K [0x00007fd9edb50000, 0x00007fda7c450000, 0x00007fe498600000)
   the space 2335744K,  99% used [0x00007fd9edb50000, 0x00007fda7c42b008, 0x00007fda7c42b200, 0x00007fda7c450000)
 Metaspace       used 32238K, capacity 32784K, committed 33024K, reserved 34816K
}

