# JRE version: OpenJDK Runtime Environment (13.0.7+5) (build 13.0.7+5-Ubuntu-0ubuntu120.04)
# Java VM: OpenJDK 64-Bit Server VM (13.0.7+5-Ubuntu-0ubuntu120.04, mixed mode, tiered, serial gc, linux-amd64)
Heap:
 def new generation   total 5469120K, used 607679K [0x00007f7448600000, 0x00007f75bb460000, 0x00007f799db50000)
  eden space 4861440K,  12% used [0x00007f7448600000, 0x00007f746d76fff8, 0x00007f7571180000)
  from space 607680K,   0% used [0x00007f7571180000, 0x00007f7571180000, 0x00007f75962f0000)
  to   space 607680K,   0% used [0x00007f75962f0000, 0x00007f75962f0000, 0x00007f75bb460000)
 tenured generation   total 12215704K, used 12215603K [0x00007f799db50000, 0x00007f7c874b6000, 0x00007f8448600000)
   the space 12215704K,  99% used [0x00007f799db50000, 0x00007f7c8749ce38, 0x00007f7c8749d000, 0x00007f7c874b6000)
 Metaspace       used 31413K, capacity 31870K, committed 32000K, reserved 32768K
GC Heap History (20 events):
Event: 7.472 GC heap after
{Heap after GC invocations=4 (full 1):
 def new generation   total 629248K, used 69887K [0x00007f7448600000, 0x00007f74730c0000, 0x00007f799db50000)
  eden space 559360K,   0% used [0x00007f7448600000, 0x00007f7448600000, 0x00007f746a840000)
  from space 69888K,  99% used [0x00007f746ec80000, 0x00007f74730bfde8, 0x00007f74730c0000)
  to   space 69888K,   0% used [0x00007f746a840000, 0x00007f746a840000, 0x00007f746ec80000)
 tenured generation   total 1444608K, used 1444527K [0x00007f799db50000, 0x00007f79f5e10000, 0x00007f8448600000)
   the space 1444608K,  99% used [0x00007f799db50000, 0x00007f79f5dfbd18, 0x00007f79f5dfbe00, 0x00007f79f5e10000)
 Metaspace       used 31410K, capacity 31870K, committed 32000K, reserved 32768K
}
Event: 7.472 GC heap before
{Heap before GC invocations=4 (full 1):
 def new generation   total 629248K, used 69887K [0x00007f7448600000, 0x00007f74730c0000, 0x00007f799db50000)
  eden space 559360K,   0% used [0x00007f7448600000, 0x00007f7448600000, 0x00007f746a840000)
  from space 69888K,  99% used [0x00007f746ec80000, 0x00007f74730bfde8, 0x00007f74730c0000)
  to   space 69888K,   0% used [0x00007f746a840000, 0x00007f746a840000, 0x00007f746ec80000)
 tenured generation   total 1444608K, used 1444527K [0x00007f799db50000, 0x00007f79f5e10000, 0x00007f8448600000)
   the space 1444608K,  99% used [0x00007f799db50000, 0x00007f79f5dfbd18, 0x00007f79f5dfbe00, 0x00007f79f5e10000)
 Metaspace       used 31410K, capacity 31870K, committed 32000K, reserved 32768K
}
Event: 7.927 GC heap after
{Heap after GC invocations=4 (full 2):
 def new generation   total 1083520K, used 69807K [0x00007f7448600000, 0x00007f7491db0000, 0x00007f799db50000)
  eden space 963136K,   7% used [0x00007f7448600000, 0x00007f744ca2be98, 0x00007f7483290000)
  from space 120384K,   0% used [0x00007f7483290000, 0x00007f7483290000, 0x00007f748a820000)
  to   space 120384K,   0% used [0x00007f748a820000, 0x00007f748a820000, 0x00007f7491db0000)
 tenured generation   total 2407680K, used 1444607K [0x00007f799db50000, 0x00007f7a30a90000, 0x00007f8448600000)
   the space 2407680K,  59% used [0x00007f799db50000, 0x00007f79f5e0fc68, 0x00007f79f5e0fe00, 0x00007f7a30a90000)
 Metaspace       used 31410K, capacity 31870K, committed 32000K, reserved 32768K
}
Event: 8.333 GC heap before
{Heap before GC invocations=4 (full 2):
 def new generation   total 1083520K, used 963136K [0x00007f7448600000, 0x00007f7491db0000, 0x00007f799db50000)
  eden space 963136K, 100% used [0x00007f7448600000, 0x00007f7483290000, 0x00007f7483290000)
  from space 120384K,   0% used [0x00007f7483290000, 0x00007f7483290000, 0x00007f748a820000)
  to   space 120384K,   0% used [0x00007f748a820000, 0x00007f748a820000, 0x00007f7491db0000)
 tenured generation   total 2407680K, used 1444607K [0x00007f799db50000, 0x00007f7a30a90000, 0x00007f8448600000)
   the space 2407680K,  59% used [0x00007f799db50000, 0x00007f79f5e0fc68, 0x00007f79f5e0fe00, 0x00007f7a30a90000)
 Metaspace       used 31413K, capacity 31870K, committed 32000K, reserved 32768K
}
Event: 9.546 GC heap after
{Heap after GC invocations=5 (full 2):
 def new generation   total 1083520K, used 120383K [0x00007f7448600000, 0x00007f7491db0000, 0x00007f799db50000)
  eden space 963136K,   0% used [0x00007f7448600000, 0x00007f7448600000, 0x00007f7483290000)
  from space 120384K,  99% used [0x00007f748a820000, 0x00007f7491daffd8, 0x00007f7491db0000)
  to   space 120384K,   0% used [0x00007f7483290000, 0x00007f7483290000, 0x00007f748a820000)
 tenured generation   total 2407680K, used 2277653K [0x00007f799db50000, 0x00007f7a30a90000, 0x00007f8448600000)
   the space 2407680K,  94% used [0x00007f799db50000, 0x00007f7a28b95600, 0x00007f7a28b95600, 0x00007f7a30a90000)
 Metaspace       used 31413K, capacity 31870K, committed 32000K, reserved 32768K
}
Event: 9.820 GC heap before
{Heap before GC invocations=5 (full 2):
 def new generation   total 1083520K, used 1083519K [0x00007f7448600000, 0x00007f7491db0000, 0x00007f799db50000)
  eden space 963136K, 100% used [0x00007f7448600000, 0x00007f7483290000, 0x00007f7483290000)
  from space 120384K,  99% used [0x00007f748a820000, 0x00007f7491daffd8, 0x00007f7491db0000)
  to   space 120384K,   0% used [0x00007f7483290000, 0x00007f7483290000, 0x00007f748a820000)
 tenured generation   total 2407680K, used 2277653K [0x00007f799db50000, 0x00007f7a30a90000, 0x00007f8448600000)
   the space 2407680K,  94% used [0x00007f799db50000, 0x00007f7a28b95600, 0x00007f7a28b95600, 0x00007f7a30a90000)
 Metaspace       used 31413K, capacity 31870K, committed 32000K, reserved 32768K
}
Event: 11.136 GC heap after
{Heap after GC invocations=6 (full 2):
 def new generation   total 1083520K, used 120383K [0x00007f7448600000, 0x00007f7491db0000, 0x00007f799db50000)
  eden space 963136K,   0% used [0x00007f7448600000, 0x00007f7448600000, 0x00007f7483290000)
  from space 120384K,  99% used [0x00007f7483290000, 0x00007f748a81ff88, 0x00007f748a820000)
  to   space 120384K,   0% used [0x00007f748a820000, 0x00007f748a820000, 0x00007f7491db0000)
 tenured generation   total 3240768K, used 3240731K [0x00007f799db50000, 0x00007f7a63820000, 0x00007f8448600000)
   the space 3240768K,  99% used [0x00007f799db50000, 0x00007f7a63816f38, 0x00007f7a63817000, 0x00007f7a63820000)
 Metaspace       used 31413K, capacity 31870K, committed 32000K, reserved 32768K
}
Event: 11.136 GC heap before
{Heap before GC invocations=6 (full 2):
 def new generation   total 1083520K, used 120383K [0x00007f7448600000, 0x00007f7491db0000, 0x00007f799db50000)
  eden space 963136K,   0% used [0x00007f7448600000, 0x00007f7448600000, 0x00007f7483290000)
  from space 120384K,  99% used [0x00007f7483290000, 0x00007f748a81ff88, 0x00007f748a820000)
  to   space 120384K,   0% used [0x00007f748a820000, 0x00007f748a820000, 0x00007f7491db0000)
 tenured generation   total 3240768K, used 3240731K [0x00007f799db50000, 0x00007f7a63820000, 0x00007f8448600000)
   the space 3240768K,  99% used [0x00007f799db50000, 0x00007f7a63816f38, 0x00007f7a63817000, 0x00007f7a63820000)
 Metaspace       used 31413K, capacity 31870K, committed 32000K, reserved 32768K
}
Event: 12.304 GC heap after
{Heap after GC invocations=6 (full 3):
 def new generation   total 2430656K, used 120348K [0x00007f7448600000, 0x00007f74ed360000, 0x00007f799db50000)
  eden space 2160640K,   5% used [0x00007f7448600000, 0x00007f744fb87040, 0x00007f74cc400000)
  from space 270016K,   0% used [0x00007f74cc400000, 0x00007f74cc400000, 0x00007f74dcbb0000)
  to   space 270016K,   0% used [0x00007f74dcbb0000, 0x00007f74dcbb0000, 0x00007f74ed360000)
 tenured generation   total 5401280K, used 3240767K [0x00007f799db50000, 0x00007f7ae7600000, 0x00007f8448600000)
   the space 5401280K,  59% used [0x00007f799db50000, 0x00007f7a6381fe80, 0x00007f7a63820000, 0x00007f7ae7600000)
 Metaspace       used 31413K, capacity 31870K, committed 32000K, reserved 32768K
}
Event: 13.237 GC heap before
{Heap before GC invocations=6 (full 3):
 def new generation   total 2430656K, used 2160640K [0x00007f7448600000, 0x00007f74ed360000, 0x00007f799db50000)
  eden space 2160640K, 100% used [0x00007f7448600000, 0x00007f74cc400000, 0x00007f74cc400000)
  from space 270016K,   0% used [0x00007f74cc400000, 0x00007f74cc400000, 0x00007f74dcbb0000)
  to   space 270016K,   0% used [0x00007f74dcbb0000, 0x00007f74dcbb0000, 0x00007f74ed360000)
 tenured generation   total 5401280K, used 3240767K [0x00007f799db50000, 0x00007f7ae7600000, 0x00007f8448600000)
   the space 5401280K,  59% used [0x00007f799db50000, 0x00007f7a6381fe80, 0x00007f7a63820000, 0x00007f7ae7600000)
 Metaspace       used 31413K, capacity 31870K, committed 32000K, reserved 32768K
}
Event: 15.918 GC heap after
{Heap after GC invocations=7 (full 3):
 def new generation   total 2430656K, used 270015K [0x00007f7448600000, 0x00007f74ed360000, 0x00007f799db50000)
  eden space 2160640K,   0% used [0x00007f7448600000, 0x00007f7448600000, 0x00007f74cc400000)
  from space 270016K,  99% used [0x00007f74dcbb0000, 0x00007f74ed35fe40, 0x00007f74ed360000)
  to   space 270016K,   0% used [0x00007f74cc400000, 0x00007f74cc400000, 0x00007f74dcbb0000)
 tenured generation   total 5401280K, used 5131355K [0x00007f799db50000, 0x00007f7ae7600000, 0x00007f8448600000)
   the space 5401280K,  95% used [0x00007f799db50000, 0x00007f7ad6e66e20, 0x00007f7ad6e67000, 0x00007f7ae7600000)
 Metaspace       used 31413K, capacity 31870K, committed 32000K, reserved 32768K
}
Event: 16.748 GC heap before
{Heap before GC invocations=7 (full 3):
 def new generation   total 2430656K, used 2430655K [0x00007f7448600000, 0x00007f74ed360000, 0x00007f799db50000)
  eden space 2160640K, 100% used [0x00007f7448600000, 0x00007f74cc400000, 0x00007f74cc400000)
  from space 270016K,  99% used [0x00007f74dcbb0000, 0x00007f74ed35fe40, 0x00007f74ed360000)
  to   space 270016K,   0% used [0x00007f74cc400000, 0x00007f74cc400000, 0x00007f74dcbb0000)
 tenured generation   total 5401280K, used 5131355K [0x00007f799db50000, 0x00007f7ae7600000, 0x00007f8448600000)
   the space 5401280K,  95% used [0x00007f799db50000, 0x00007f7ad6e66e20, 0x00007f7ad6e67000, 0x00007f7ae7600000)
 Metaspace       used 31413K, capacity 31870K, committed 32000K, reserved 32768K
}
Event: 19.279 GC heap after
{Heap after GC invocations=8 (full 3):
 def new generation   total 2430656K, used 270015K [0x00007f7448600000, 0x00007f74ed360000, 0x00007f799db50000)
  eden space 2160640K,   0% used [0x00007f7448600000, 0x00007f7448600000, 0x00007f74cc400000)
  from space 270016K,  99% used [0x00007f74cc400000, 0x00007f74dcbafe40, 0x00007f74dcbb0000)
  to   space 270016K,   0% used [0x00007f74dcbb0000, 0x00007f74dcbb0000, 0x00007f74ed360000)
 tenured generation   total 7292096K, used 7291946K [0x00007f799db50000, 0x00007f7b5ac80000, 0x00007f8448600000)
   the space 7292096K,  99% used [0x00007f799db50000, 0x00007f7b5ac5aae0, 0x00007f7b5ac5ac00, 0x00007f7b5ac80000)
 Metaspace       used 31413K, capacity 31870K, committed 32000K, reserved 32768K
}
Event: 19.279 GC heap before
{Heap before GC invocations=8 (full 3):
 def new generation   total 2430656K, used 270015K [0x00007f7448600000, 0x00007f74ed360000, 0x00007f799db50000)
  eden space 2160640K,   0% used [0x00007f7448600000, 0x00007f7448600000, 0x00007f74cc400000)
  from space 270016K,  99% used [0x00007f74cc400000, 0x00007f74dcbafe40, 0x00007f74dcbb0000)
  to   space 270016K,   0% used [0x00007f74dcbb0000, 0x00007f74dcbb0000, 0x00007f74ed360000)
 tenured generation   total 7292096K, used 7291946K [0x00007f799db50000, 0x00007f7b5ac80000, 0x00007f8448600000)
   the space 7292096K,  99% used [0x00007f799db50000, 0x00007f7b5ac5aae0, 0x00007f7b5ac5ac00, 0x00007f7b5ac80000)
 Metaspace       used 31413K, capacity 31870K, committed 32000K, reserved 32768K
}
Event: 24.912 GC heap after
{Heap after GC invocations=8 (full 4):
 def new generation   total 5469120K, used 264446K [0x00007f7448600000, 0x00007f75bb460000, 0x00007f799db50000)
  eden space 4861440K,   5% used [0x00007f7448600000, 0x00007f745883f810, 0x00007f7571180000)
  from space 607680K,   0% used [0x00007f7571180000, 0x00007f7571180000, 0x00007f75962f0000)
  to   space 607680K,   0% used [0x00007f75962f0000, 0x00007f75962f0000, 0x00007f75bb460000)
 tenured generation   total 12153496K, used 7292095K [0x00007f799db50000, 0x00007f7c837f6000, 0x00007f8448600000)
   the space 12153496K,  59% used [0x00007f799db50000, 0x00007f7b5ac7fd18, 0x00007f7b5ac7fe00, 0x00007f7c837f6000)
 Metaspace       used 31413K, capacity 31870K, committed 32000K, reserved 32768K
}
Event: 26.892 GC heap before
{Heap before GC invocations=8 (full 4):
 def new generation   total 5469120K, used 4861440K [0x00007f7448600000, 0x00007f75bb460000, 0x00007f799db50000)
  eden space 4861440K, 100% used [0x00007f7448600000, 0x00007f7571180000, 0x00007f7571180000)
  from space 607680K,   0% used [0x00007f7571180000, 0x00007f7571180000, 0x00007f75962f0000)
  to   space 607680K,   0% used [0x00007f75962f0000, 0x00007f75962f0000, 0x00007f75bb460000)
 tenured generation   total 12153496K, used 7292095K [0x00007f799db50000, 0x00007f7c837f6000, 0x00007f8448600000)
   the space 12153496K,  59% used [0x00007f799db50000, 0x00007f7b5ac7fd18, 0x00007f7b5ac7fe00, 0x00007f7c837f6000)
 Metaspace       used 31413K, capacity 31870K, committed 32000K, reserved 32768K
}
Event: 32.767 GC heap after
{Heap after GC invocations=9 (full 4):
 def new generation   total 5469120K, used 607679K [0x00007f7448600000, 0x00007f75bb460000, 0x00007f799db50000)
  eden space 4861440K,   0% used [0x00007f7448600000, 0x00007f7448600000, 0x00007f7571180000)
  from space 607680K,  99% used [0x00007f75962f0000, 0x00007f75bb45fd48, 0x00007f75bb460000)
  to   space 607680K,   0% used [0x00007f7571180000, 0x00007f7571180000, 0x00007f75962f0000)
 tenured generation   total 12153496K, used 11545820K [0x00007f799db50000, 0x00007f7c837f6000, 0x00007f8448600000)
   the space 12153496K,  94% used [0x00007f799db50000, 0x00007f7c5e687358, 0x00007f7c5e687400, 0x00007f7c837f6000)
 Metaspace       used 31413K, capacity 31870K, committed 32000K, reserved 32768K
}
Event: 62.572 GC heap before
{Heap before GC invocations=9 (full 4):
 def new generation   total 5469120K, used 5469119K [0x00007f7448600000, 0x00007f75bb460000, 0x00007f799db50000)
  eden space 4861440K, 100% used [0x00007f7448600000, 0x00007f7571180000, 0x00007f7571180000)
  from space 607680K,  99% used [0x00007f75962f0000, 0x00007f75bb45fd48, 0x00007f75bb460000)
  to   space 607680K,   0% used [0x00007f7571180000, 0x00007f7571180000, 0x00007f75962f0000)
 tenured generation   total 12153496K, used 11545820K [0x00007f799db50000, 0x00007f7c837f6000, 0x00007f8448600000)
   the space 12153496K,  94% used [0x00007f799db50000, 0x00007f7c5e687358, 0x00007f7c5e687400, 0x00007f7c837f6000)
 Metaspace       used 31413K, capacity 31870K, committed 32000K, reserved 32768K
}
Event: 63.975 GC heap after
{Heap after GC invocations=10 (full 4):
 def new generation   total 5469120K, used 607679K [0x00007f7448600000, 0x00007f75bb460000, 0x00007f799db50000)
  eden space 4861440K,   0% used [0x00007f7448600000, 0x00007f7448600000, 0x00007f7571180000)
  from space 607680K,  99% used [0x00007f7571180000, 0x00007f75962efff8, 0x00007f75962f0000)
  to   space 607680K,   0% used [0x00007f75962f0000, 0x00007f75962f0000, 0x00007f75bb460000)
 tenured generation   total 12215704K, used 12215603K [0x00007f799db50000, 0x00007f7c874b6000, 0x00007f8448600000)
   the space 12215704K,  99% used [0x00007f799db50000, 0x00007f7c8749ce38, 0x00007f7c8749d000, 0x00007f7c874b6000)
 Metaspace       used 31413K, capacity 31870K, committed 32000K, reserved 32768K
}
Event: 63.975 GC heap before
{Heap before GC invocations=10 (full 4):
 def new generation   total 5469120K, used 607679K [0x00007f7448600000, 0x00007f75bb460000, 0x00007f799db50000)
  eden space 4861440K,   0% used [0x00007f7448600000, 0x00007f7448600000, 0x00007f7571180000)
  from space 607680K,  99% used [0x00007f7571180000, 0x00007f75962efff8, 0x00007f75962f0000)
  to   space 607680K,   0% used [0x00007f75962f0000, 0x00007f75962f0000, 0x00007f75bb460000)
 tenured generation   total 12215704K, used 12215603K [0x00007f799db50000, 0x00007f7c874b6000, 0x00007f8448600000)
   the space 12215704K,  99% used [0x00007f799db50000, 0x00007f7c8749ce38, 0x00007f7c8749d000, 0x00007f7c874b6000)
 Metaspace       used 31413K, capacity 31870K, committed 32000K, reserved 32768K
}

