# JRE version: OpenJDK Runtime Environment (13.0.7+5) (build 13.0.7+5-Ubuntu-0ubuntu120.04)
# Java VM: OpenJDK 64-Bit Server VM (13.0.7+5-Ubuntu-0ubuntu120.04, mixed mode, tiered, serial gc, linux-amd64)
Heap:
 def new generation   total 1048704K, used 31894K [0x00007fc904600000, 0x00007fc94b7e0000, 0x00007fce59b50000)
  eden space 932224K,   3% used [0x00007fc904600000, 0x00007fc906525938, 0x00007fc93d460000)
  from space 116480K,   0% used [0x00007fc93d460000, 0x00007fc93d460000, 0x00007fc944620000)
  to   space 116480K,   0% used [0x00007fc944620000, 0x00007fc944620000, 0x00007fc94b7e0000)
 tenured generation   total 2332160K, used 2332159K [0x00007fce59b50000, 0x00007fcee80d0000, 0x00007fd904600000)
   the space 2332160K,  99% used [0x00007fce59b50000, 0x00007fcee80cffd0, 0x00007fcee80d0000, 0x00007fcee80d0000)
 Metaspace       used 24874K, capacity 25341K, committed 25344K, reserved 26624K
GC Heap History (20 events):
Event: 951.488 GC heap after
{Heap after GC invocations=1539 (full 2):
 def new generation   total 1048704K, used 31948K [0x00007fc904600000, 0x00007fc94b7e0000, 0x00007fce59b50000)
  eden space 932224K,   0% used [0x00007fc904600000, 0x00007fc904600000, 0x00007fc93d460000)
  from space 116480K,  27% used [0x00007fc944620000, 0x00007fc9465531d0, 0x00007fc94b7e0000)
  to   space 116480K,   0% used [0x00007fc93d460000, 0x00007fc93d460000, 0x00007fc944620000)
 tenured generation   total 2330240K, used 2313022K [0x00007fce59b50000, 0x00007fcee7ef0000, 0x00007fd904600000)
   the space 2330240K,  99% used [0x00007fce59b50000, 0x00007fcee6e1f910, 0x00007fcee6e1fa00, 0x00007fcee7ef0000)
 Metaspace       used 24874K, capacity 25341K, committed 25344K, reserved 26624K
}
Event: 952.298 GC heap before
{Heap before GC invocations=1539 (full 2):
 def new generation   total 1048704K, used 964172K [0x00007fc904600000, 0x00007fc94b7e0000, 0x00007fce59b50000)
  eden space 932224K, 100% used [0x00007fc904600000, 0x00007fc93d460000, 0x00007fc93d460000)
  from space 116480K,  27% used [0x00007fc944620000, 0x00007fc9465531d0, 0x00007fc94b7e0000)
  to   space 116480K,   0% used [0x00007fc93d460000, 0x00007fc93d460000, 0x00007fc944620000)
 tenured generation   total 2330240K, used 2313022K [0x00007fce59b50000, 0x00007fcee7ef0000, 0x00007fd904600000)
   the space 2330240K,  99% used [0x00007fce59b50000, 0x00007fcee6e1f910, 0x00007fcee6e1fa00, 0x00007fcee7ef0000)
 Metaspace       used 24874K, capacity 25341K, committed 25344K, reserved 26624K
}
Event: 952.353 GC heap after
{Heap after GC invocations=1540 (full 2):
 def new generation   total 1048704K, used 31929K [0x00007fc904600000, 0x00007fc94b7e0000, 0x00007fce59b50000)
  eden space 932224K,   0% used [0x00007fc904600000, 0x00007fc904600000, 0x00007fc93d460000)
  from space 116480K,  27% used [0x00007fc93d460000, 0x00007fc93f38e7a8, 0x00007fc944620000)
  to   space 116480K,   0% used [0x00007fc944620000, 0x00007fc944620000, 0x00007fc94b7e0000)
 tenured generation   total 2330240K, used 2315166K [0x00007fce59b50000, 0x00007fcee7ef0000, 0x00007fd904600000)
   the space 2330240K,  99% used [0x00007fce59b50000, 0x00007fcee70379b0, 0x00007fcee7037a00, 0x00007fcee7ef0000)
 Metaspace       used 24874K, capacity 25341K, committed 25344K, reserved 26624K
}
Event: 953.159 GC heap before
{Heap before GC invocations=1540 (full 2):
 def new generation   total 1048704K, used 964153K [0x00007fc904600000, 0x00007fc94b7e0000, 0x00007fce59b50000)
  eden space 932224K, 100% used [0x00007fc904600000, 0x00007fc93d460000, 0x00007fc93d460000)
  from space 116480K,  27% used [0x00007fc93d460000, 0x00007fc93f38e7a8, 0x00007fc944620000)
  to   space 116480K,   0% used [0x00007fc944620000, 0x00007fc944620000, 0x00007fc94b7e0000)
 tenured generation   total 2330240K, used 2315166K [0x00007fce59b50000, 0x00007fcee7ef0000, 0x00007fd904600000)
   the space 2330240K,  99% used [0x00007fce59b50000, 0x00007fcee70379b0, 0x00007fcee7037a00, 0x00007fcee7ef0000)
 Metaspace       used 24874K, capacity 25341K, committed 25344K, reserved 26624K
}
Event: 953.212 GC heap after
{Heap after GC invocations=1541 (full 2):
 def new generation   total 1048704K, used 31928K [0x00007fc904600000, 0x00007fc94b7e0000, 0x00007fce59b50000)
  eden space 932224K,   0% used [0x00007fc904600000, 0x00007fc904600000, 0x00007fc93d460000)
  from space 116480K,  27% used [0x00007fc944620000, 0x00007fc94654e3b8, 0x00007fc94b7e0000)
  to   space 116480K,   0% used [0x00007fc93d460000, 0x00007fc93d460000, 0x00007fc944620000)
 tenured generation   total 2330240K, used 2317280K [0x00007fce59b50000, 0x00007fcee7ef0000, 0x00007fd904600000)
   the space 2330240K,  99% used [0x00007fce59b50000, 0x00007fcee7248058, 0x00007fcee7248200, 0x00007fcee7ef0000)
 Metaspace       used 24874K, capacity 25341K, committed 25344K, reserved 26624K
}
Event: 954.007 GC heap before
{Heap before GC invocations=1541 (full 2):
 def new generation   total 1048704K, used 964152K [0x00007fc904600000, 0x00007fc94b7e0000, 0x00007fce59b50000)
  eden space 932224K, 100% used [0x00007fc904600000, 0x00007fc93d460000, 0x00007fc93d460000)
  from space 116480K,  27% used [0x00007fc944620000, 0x00007fc94654e3b8, 0x00007fc94b7e0000)
  to   space 116480K,   0% used [0x00007fc93d460000, 0x00007fc93d460000, 0x00007fc944620000)
 tenured generation   total 2330240K, used 2317280K [0x00007fce59b50000, 0x00007fcee7ef0000, 0x00007fd904600000)
   the space 2330240K,  99% used [0x00007fce59b50000, 0x00007fcee7248058, 0x00007fcee7248200, 0x00007fcee7ef0000)
 Metaspace       used 24874K, capacity 25341K, committed 25344K, reserved 26624K
}
Event: 954.063 GC heap after
{Heap after GC invocations=1542 (full 2):
 def new generation   total 1048704K, used 31959K [0x00007fc904600000, 0x00007fc94b7e0000, 0x00007fce59b50000)
  eden space 932224K,   0% used [0x00007fc904600000, 0x00007fc904600000, 0x00007fc93d460000)
  from space 116480K,  27% used [0x00007fc93d460000, 0x00007fc93f395ff8, 0x00007fc944620000)
  to   space 116480K,   0% used [0x00007fc944620000, 0x00007fc944620000, 0x00007fc94b7e0000)
 tenured generation   total 2330240K, used 2319398K [0x00007fce59b50000, 0x00007fcee7ef0000, 0x00007fd904600000)
   the space 2330240K,  99% used [0x00007fce59b50000, 0x00007fcee7459840, 0x00007fcee7459a00, 0x00007fcee7ef0000)
 Metaspace       used 24874K, capacity 25341K, committed 25344K, reserved 26624K
}
Event: 954.882 GC heap before
{Heap before GC invocations=1542 (full 2):
 def new generation   total 1048704K, used 964183K [0x00007fc904600000, 0x00007fc94b7e0000, 0x00007fce59b50000)
  eden space 932224K, 100% used [0x00007fc904600000, 0x00007fc93d460000, 0x00007fc93d460000)
  from space 116480K,  27% used [0x00007fc93d460000, 0x00007fc93f395ff8, 0x00007fc944620000)
  to   space 116480K,   0% used [0x00007fc944620000, 0x00007fc944620000, 0x00007fc94b7e0000)
 tenured generation   total 2330240K, used 2319398K [0x00007fce59b50000, 0x00007fcee7ef0000, 0x00007fd904600000)
   the space 2330240K,  99% used [0x00007fce59b50000, 0x00007fcee7459840, 0x00007fcee7459a00, 0x00007fcee7ef0000)
 Metaspace       used 24874K, capacity 25341K, committed 25344K, reserved 26624K
}
Event: 954.939 GC heap after
{Heap after GC invocations=1543 (full 2):
 def new generation   total 1048704K, used 31931K [0x00007fc904600000, 0x00007fc94b7e0000, 0x00007fce59b50000)
  eden space 932224K,   0% used [0x00007fc904600000, 0x00007fc904600000, 0x00007fc93d460000)
  from space 116480K,  27% used [0x00007fc944620000, 0x00007fc94654ece8, 0x00007fc94b7e0000)
  to   space 116480K,   0% used [0x00007fc93d460000, 0x00007fc93d460000, 0x00007fc944620000)
 tenured generation   total 2330240K, used 2321542K [0x00007fce59b50000, 0x00007fcee7ef0000, 0x00007fd904600000)
   the space 2330240K,  99% used [0x00007fce59b50000, 0x00007fcee7671970, 0x00007fcee7671a00, 0x00007fcee7ef0000)
 Metaspace       used 24874K, capacity 25341K, committed 25344K, reserved 26624K
}
Event: 955.743 GC heap before
{Heap before GC invocations=1543 (full 2):
 def new generation   total 1048704K, used 964155K [0x00007fc904600000, 0x00007fc94b7e0000, 0x00007fce59b50000)
  eden space 932224K, 100% used [0x00007fc904600000, 0x00007fc93d460000, 0x00007fc93d460000)
  from space 116480K,  27% used [0x00007fc944620000, 0x00007fc94654ece8, 0x00007fc94b7e0000)
  to   space 116480K,   0% used [0x00007fc93d460000, 0x00007fc93d460000, 0x00007fc944620000)
 tenured generation   total 2330240K, used 2321542K [0x00007fce59b50000, 0x00007fcee7ef0000, 0x00007fd904600000)
   the space 2330240K,  99% used [0x00007fce59b50000, 0x00007fcee7671970, 0x00007fcee7671a00, 0x00007fcee7ef0000)
 Metaspace       used 24874K, capacity 25341K, committed 25344K, reserved 26624K
}
Event: 955.793 GC heap after
{Heap after GC invocations=1544 (full 2):
 def new generation   total 1048704K, used 31935K [0x00007fc904600000, 0x00007fc94b7e0000, 0x00007fce59b50000)
  eden space 932224K,   0% used [0x00007fc904600000, 0x00007fc904600000, 0x00007fc93d460000)
  from space 116480K,  27% used [0x00007fc93d460000, 0x00007fc93f38ffd0, 0x00007fc944620000)
  to   space 116480K,   0% used [0x00007fc944620000, 0x00007fc944620000, 0x00007fc94b7e0000)
 tenured generation   total 2330240K, used 2323655K [0x00007fce59b50000, 0x00007fcee7ef0000, 0x00007fd904600000)
   the space 2330240K,  99% used [0x00007fce59b50000, 0x00007fcee7881ef0, 0x00007fcee7882000, 0x00007fcee7ef0000)
 Metaspace       used 24874K, capacity 25341K, committed 25344K, reserved 26624K
}
Event: 956.591 GC heap before
{Heap before GC invocations=1544 (full 2):
 def new generation   total 1048704K, used 964159K [0x00007fc904600000, 0x00007fc94b7e0000, 0x00007fce59b50000)
  eden space 932224K, 100% used [0x00007fc904600000, 0x00007fc93d460000, 0x00007fc93d460000)
  from space 116480K,  27% used [0x00007fc93d460000, 0x00007fc93f38ffd0, 0x00007fc944620000)
  to   space 116480K,   0% used [0x00007fc944620000, 0x00007fc944620000, 0x00007fc94b7e0000)
 tenured generation   total 2330240K, used 2323655K [0x00007fce59b50000, 0x00007fcee7ef0000, 0x00007fd904600000)
   the space 2330240K,  99% used [0x00007fce59b50000, 0x00007fcee7881ef0, 0x00007fcee7882000, 0x00007fcee7ef0000)
 Metaspace       used 24874K, capacity 25341K, committed 25344K, reserved 26624K
}
Event: 956.648 GC heap after
{Heap after GC invocations=1545 (full 2):
 def new generation   total 1048704K, used 31941K [0x00007fc904600000, 0x00007fc94b7e0000, 0x00007fce59b50000)
  eden space 932224K,   0% used [0x00007fc904600000, 0x00007fc904600000, 0x00007fc93d460000)
  from space 116480K,  27% used [0x00007fc944620000, 0x00007fc946551470, 0x00007fc94b7e0000)
  to   space 116480K,   0% used [0x00007fc93d460000, 0x00007fc93d460000, 0x00007fc944620000)
 tenured generation   total 2330240K, used 2325769K [0x00007fce59b50000, 0x00007fcee7ef0000, 0x00007fd904600000)
   the space 2330240K,  99% used [0x00007fce59b50000, 0x00007fcee7a92598, 0x00007fcee7a92600, 0x00007fcee7ef0000)
 Metaspace       used 24874K, capacity 25341K, committed 25344K, reserved 26624K
}
Event: 957.467 GC heap before
{Heap before GC invocations=1545 (full 2):
 def new generation   total 1048704K, used 964165K [0x00007fc904600000, 0x00007fc94b7e0000, 0x00007fce59b50000)
  eden space 932224K, 100% used [0x00007fc904600000, 0x00007fc93d460000, 0x00007fc93d460000)
  from space 116480K,  27% used [0x00007fc944620000, 0x00007fc946551470, 0x00007fc94b7e0000)
  to   space 116480K,   0% used [0x00007fc93d460000, 0x00007fc93d460000, 0x00007fc944620000)
 tenured generation   total 2330240K, used 2325769K [0x00007fce59b50000, 0x00007fcee7ef0000, 0x00007fd904600000)
   the space 2330240K,  99% used [0x00007fce59b50000, 0x00007fcee7a92598, 0x00007fcee7a92600, 0x00007fcee7ef0000)
 Metaspace       used 24874K, capacity 25341K, committed 25344K, reserved 26624K
}
Event: 957.526 GC heap after
{Heap after GC invocations=1546 (full 2):
 def new generation   total 1048704K, used 31966K [0x00007fc904600000, 0x00007fc94b7e0000, 0x00007fce59b50000)
  eden space 932224K,   0% used [0x00007fc904600000, 0x00007fc904600000, 0x00007fc93d460000)
  from space 116480K,  27% used [0x00007fc93d460000, 0x00007fc93f397a98, 0x00007fc944620000)
  to   space 116480K,   0% used [0x00007fc944620000, 0x00007fc944620000, 0x00007fc94b7e0000)
 tenured generation   total 2330240K, used 2327883K [0x00007fce59b50000, 0x00007fcee7ef0000, 0x00007fd904600000)
   the space 2330240K,  99% used [0x00007fce59b50000, 0x00007fcee7ca2c40, 0x00007fcee7ca2e00, 0x00007fcee7ef0000)
 Metaspace       used 24874K, capacity 25341K, committed 25344K, reserved 26624K
}
Event: 958.330 GC heap before
{Heap before GC invocations=1546 (full 2):
 def new generation   total 1048704K, used 964190K [0x00007fc904600000, 0x00007fc94b7e0000, 0x00007fce59b50000)
  eden space 932224K, 100% used [0x00007fc904600000, 0x00007fc93d460000, 0x00007fc93d460000)
  from space 116480K,  27% used [0x00007fc93d460000, 0x00007fc93f397a98, 0x00007fc944620000)
  to   space 116480K,   0% used [0x00007fc944620000, 0x00007fc944620000, 0x00007fc94b7e0000)
 tenured generation   total 2330240K, used 2327883K [0x00007fce59b50000, 0x00007fcee7ef0000, 0x00007fd904600000)
   the space 2330240K,  99% used [0x00007fce59b50000, 0x00007fcee7ca2c40, 0x00007fcee7ca2e00, 0x00007fcee7ef0000)
 Metaspace       used 24874K, capacity 25341K, committed 25344K, reserved 26624K
}
Event: 958.390 GC heap after
{Heap after GC invocations=1547 (full 2):
 def new generation   total 1048704K, used 31937K [0x00007fc904600000, 0x00007fc94b7e0000, 0x00007fce59b50000)
  eden space 932224K,   0% used [0x00007fc904600000, 0x00007fc904600000, 0x00007fc93d460000)
  from space 116480K,  27% used [0x00007fc944620000, 0x00007fc946550568, 0x00007fc94b7e0000)
  to   space 116480K,   0% used [0x00007fc93d460000, 0x00007fc93d460000, 0x00007fc944620000)
 tenured generation   total 2330240K, used 2330027K [0x00007fce59b50000, 0x00007fcee7ef0000, 0x00007fd904600000)
   the space 2330240K,  99% used [0x00007fce59b50000, 0x00007fcee7ebad70, 0x00007fcee7ebae00, 0x00007fcee7ef0000)
 Metaspace       used 24874K, capacity 25341K, committed 25344K, reserved 26624K
}
Event: 959.203 GC heap before
{Heap before GC invocations=1547 (full 2):
 def new generation   total 1048704K, used 964161K [0x00007fc904600000, 0x00007fc94b7e0000, 0x00007fce59b50000)
  eden space 932224K, 100% used [0x00007fc904600000, 0x00007fc93d460000, 0x00007fc93d460000)
  from space 116480K,  27% used [0x00007fc944620000, 0x00007fc946550568, 0x00007fc94b7e0000)
  to   space 116480K,   0% used [0x00007fc93d460000, 0x00007fc93d460000, 0x00007fc944620000)
 tenured generation   total 2330240K, used 2330027K [0x00007fce59b50000, 0x00007fcee7ef0000, 0x00007fd904600000)
   the space 2330240K,  99% used [0x00007fce59b50000, 0x00007fcee7ebad70, 0x00007fcee7ebae00, 0x00007fcee7ef0000)
 Metaspace       used 24874K, capacity 25341K, committed 25344K, reserved 26624K
}
Event: 959.260 GC heap after
{Heap after GC invocations=1548 (full 2):
 def new generation   total 1048704K, used 31913K [0x00007fc904600000, 0x00007fc94b7e0000, 0x00007fce59b50000)
  eden space 932224K,   0% used [0x00007fc904600000, 0x00007fc904600000, 0x00007fc93d460000)
  from space 116480K,  27% used [0x00007fc93d460000, 0x00007fc93f38a4f0, 0x00007fc944620000)
  to   space 116480K,   0% used [0x00007fc944620000, 0x00007fc944620000, 0x00007fc94b7e0000)
 tenured generation   total 2332160K, used 2332141K [0x00007fce59b50000, 0x00007fcee80d0000, 0x00007fd904600000)
   the space 2332160K,  99% used [0x00007fce59b50000, 0x00007fcee80cb418, 0x00007fcee80cb600, 0x00007fcee80d0000)
 Metaspace       used 24874K, capacity 25341K, committed 25344K, reserved 26624K
}
Event: 959.260 GC heap before
{Heap before GC invocations=1548 (full 2):
 def new generation   total 1048704K, used 31913K [0x00007fc904600000, 0x00007fc94b7e0000, 0x00007fce59b50000)
  eden space 932224K,   0% used [0x00007fc904600000, 0x00007fc904600000, 0x00007fc93d460000)
  from space 116480K,  27% used [0x00007fc93d460000, 0x00007fc93f38a4f0, 0x00007fc944620000)
  to   space 116480K,   0% used [0x00007fc944620000, 0x00007fc944620000, 0x00007fc94b7e0000)
 tenured generation   total 2332160K, used 2332141K [0x00007fce59b50000, 0x00007fcee80d0000, 0x00007fd904600000)
   the space 2332160K,  99% used [0x00007fce59b50000, 0x00007fcee80cb418, 0x00007fcee80cb600, 0x00007fcee80d0000)
 Metaspace       used 24874K, capacity 25341K, committed 25344K, reserved 26624K
}

