# JRE version: OpenJDK Runtime Environment (13.0.7+5) (build 13.0.7+5-Ubuntu-0ubuntu120.04)
# Java VM: OpenJDK 64-Bit Server VM (13.0.7+5-Ubuntu-0ubuntu120.04, mixed mode, tiered, serial gc, linux-amd64)
Heap:
 def new generation   total 1747840K, used 0K [0x00007f2b9c600000, 0x00007f2c12e80000, 0x00007f30f1b50000)
  eden space 1553664K,   0% used [0x00007f2b9c600000, 0x00007f2b9c600000, 0x00007f2bfb340000)
  from space 194176K,   0% used [0x00007f2bfb340000, 0x00007f2bfb340000, 0x00007f2c070e0000)
  to   space 194176K,   0% used [0x00007f2c070e0000, 0x00007f2c070e0000, 0x00007f2c12e80000)
 tenured generation   total 3884196K, used 3866339K [0x00007f30f1b50000, 0x00007f31dec79000, 0x00007f3b9c600000)
   the space 3884196K,  99% used [0x00007f30f1b50000, 0x00007f31ddb08e60, 0x00007f31ddb09000, 0x00007f31dec79000)
 Metaspace       used 24882K, capacity 25323K, committed 25600K, reserved 26624K
GC Heap History (20 events):
Event: 8912.860 GC heap after
{Heap after GC invocations=17184 (full 3):
 def new generation   total 1747840K, used 6124K [0x00007f2b9c600000, 0x00007f2c12e80000, 0x00007f30f1b50000)
  eden space 1553664K,   0% used [0x00007f2b9c600000, 0x00007f2b9c600000, 0x00007f2bfb340000)
  from space 194176K,   3% used [0x00007f2c070e0000, 0x00007f2c076db280, 0x00007f2c12e80000)
  to   space 194176K,   0% used [0x00007f2bfb340000, 0x00007f2bfb340000, 0x00007f2c070e0000)
 tenured generation   total 3884004K, used 3880531K [0x00007f30f1b50000, 0x00007f31dec49000, 0x00007f3b9c600000)
   the space 3884004K,  99% used [0x00007f30f1b50000, 0x00007f31de8e4f78, 0x00007f31de8e5000, 0x00007f31dec49000)
 Metaspace       used 24882K, capacity 25323K, committed 25600K, reserved 26624K
}
Event: 8913.772 GC heap before
{Heap before GC invocations=17184 (full 3):
 def new generation   total 1747840K, used 1559788K [0x00007f2b9c600000, 0x00007f2c12e80000, 0x00007f30f1b50000)
  eden space 1553664K, 100% used [0x00007f2b9c600000, 0x00007f2bfb340000, 0x00007f2bfb340000)
  from space 194176K,   3% used [0x00007f2c070e0000, 0x00007f2c076db280, 0x00007f2c12e80000)
  to   space 194176K,   0% used [0x00007f2bfb340000, 0x00007f2bfb340000, 0x00007f2c070e0000)
 tenured generation   total 3884004K, used 3880531K [0x00007f30f1b50000, 0x00007f31dec49000, 0x00007f3b9c600000)
   the space 3884004K,  99% used [0x00007f30f1b50000, 0x00007f31de8e4f78, 0x00007f31de8e5000, 0x00007f31dec49000)
 Metaspace       used 24882K, capacity 25323K, committed 25600K, reserved 26624K
}
Event: 8913.779 GC heap after
{Heap after GC invocations=17185 (full 3):
 def new generation   total 1747840K, used 6131K [0x00007f2b9c600000, 0x00007f2c12e80000, 0x00007f30f1b50000)
  eden space 1553664K,   0% used [0x00007f2b9c600000, 0x00007f2b9c600000, 0x00007f2bfb340000)
  from space 194176K,   3% used [0x00007f2bfb340000, 0x00007f2bfb93cd30, 0x00007f2c070e0000)
  to   space 194176K,   0% used [0x00007f2c070e0000, 0x00007f2c070e0000, 0x00007f2c12e80000)
 tenured generation   total 3884004K, used 3880919K [0x00007f30f1b50000, 0x00007f31dec49000, 0x00007f3b9c600000)
   the space 3884004K,  99% used [0x00007f30f1b50000, 0x00007f31de945ca8, 0x00007f31de945e00, 0x00007f31dec49000)
 Metaspace       used 24882K, capacity 25323K, committed 25600K, reserved 26624K
}
Event: 8914.697 GC heap before
{Heap before GC invocations=17185 (full 3):
 def new generation   total 1747840K, used 1559795K [0x00007f2b9c600000, 0x00007f2c12e80000, 0x00007f30f1b50000)
  eden space 1553664K, 100% used [0x00007f2b9c600000, 0x00007f2bfb340000, 0x00007f2bfb340000)
  from space 194176K,   3% used [0x00007f2bfb340000, 0x00007f2bfb93cd30, 0x00007f2c070e0000)
  to   space 194176K,   0% used [0x00007f2c070e0000, 0x00007f2c070e0000, 0x00007f2c12e80000)
 tenured generation   total 3884004K, used 3880919K [0x00007f30f1b50000, 0x00007f31dec49000, 0x00007f3b9c600000)
   the space 3884004K,  99% used [0x00007f30f1b50000, 0x00007f31de945ca8, 0x00007f31de945e00, 0x00007f31dec49000)
 Metaspace       used 24882K, capacity 25323K, committed 25600K, reserved 26624K
}
Event: 8914.705 GC heap after
{Heap after GC invocations=17186 (full 3):
 def new generation   total 1747840K, used 6140K [0x00007f2b9c600000, 0x00007f2c12e80000, 0x00007f30f1b50000)
  eden space 1553664K,   0% used [0x00007f2b9c600000, 0x00007f2b9c600000, 0x00007f2bfb340000)
  from space 194176K,   3% used [0x00007f2c070e0000, 0x00007f2c076df0d0, 0x00007f2c12e80000)
  to   space 194176K,   0% used [0x00007f2bfb340000, 0x00007f2bfb340000, 0x00007f2c070e0000)
 tenured generation   total 3884004K, used 3881309K [0x00007f30f1b50000, 0x00007f31dec49000, 0x00007f3b9c600000)
   the space 3884004K,  99% used [0x00007f30f1b50000, 0x00007f31de9a7560, 0x00007f31de9a7600, 0x00007f31dec49000)
 Metaspace       used 24882K, capacity 25323K, committed 25600K, reserved 26624K
}
Event: 8915.648 GC heap before
{Heap before GC invocations=17186 (full 3):
 def new generation   total 1747840K, used 1559804K [0x00007f2b9c600000, 0x00007f2c12e80000, 0x00007f30f1b50000)
  eden space 1553664K, 100% used [0x00007f2b9c600000, 0x00007f2bfb340000, 0x00007f2bfb340000)
  from space 194176K,   3% used [0x00007f2c070e0000, 0x00007f2c076df0d0, 0x00007f2c12e80000)
  to   space 194176K,   0% used [0x00007f2bfb340000, 0x00007f2bfb340000, 0x00007f2c070e0000)
 tenured generation   total 3884004K, used 3881309K [0x00007f30f1b50000, 0x00007f31dec49000, 0x00007f3b9c600000)
   the space 3884004K,  99% used [0x00007f30f1b50000, 0x00007f31de9a7560, 0x00007f31de9a7600, 0x00007f31dec49000)
 Metaspace       used 24882K, capacity 25323K, committed 25600K, reserved 26624K
}
Event: 8915.655 GC heap after
{Heap after GC invocations=17187 (full 3):
 def new generation   total 1747840K, used 6163K [0x00007f2b9c600000, 0x00007f2c12e80000, 0x00007f30f1b50000)
  eden space 1553664K,   0% used [0x00007f2b9c600000, 0x00007f2b9c600000, 0x00007f2bfb340000)
  from space 194176K,   3% used [0x00007f2bfb340000, 0x00007f2bfb944de0, 0x00007f2c070e0000)
  to   space 194176K,   0% used [0x00007f2c070e0000, 0x00007f2c070e0000, 0x00007f2c12e80000)
 tenured generation   total 3884004K, used 3881696K [0x00007f30f1b50000, 0x00007f31dec49000, 0x00007f3b9c600000)
   the space 3884004K,  99% used [0x00007f30f1b50000, 0x00007f31dea08290, 0x00007f31dea08400, 0x00007f31dec49000)
 Metaspace       used 24882K, capacity 25323K, committed 25600K, reserved 26624K
}
Event: 8916.571 GC heap before
{Heap before GC invocations=17187 (full 3):
 def new generation   total 1747840K, used 1559827K [0x00007f2b9c600000, 0x00007f2c12e80000, 0x00007f30f1b50000)
  eden space 1553664K, 100% used [0x00007f2b9c600000, 0x00007f2bfb340000, 0x00007f2bfb340000)
  from space 194176K,   3% used [0x00007f2bfb340000, 0x00007f2bfb944de0, 0x00007f2c070e0000)
  to   space 194176K,   0% used [0x00007f2c070e0000, 0x00007f2c070e0000, 0x00007f2c12e80000)
 tenured generation   total 3884004K, used 3881696K [0x00007f30f1b50000, 0x00007f31dec49000, 0x00007f3b9c600000)
   the space 3884004K,  99% used [0x00007f30f1b50000, 0x00007f31dea08290, 0x00007f31dea08400, 0x00007f31dec49000)
 Metaspace       used 24882K, capacity 25323K, committed 25600K, reserved 26624K
}
Event: 8916.578 GC heap after
{Heap after GC invocations=17188 (full 3):
 def new generation   total 1747840K, used 6130K [0x00007f2b9c600000, 0x00007f2c12e80000, 0x00007f30f1b50000)
  eden space 1553664K,   0% used [0x00007f2b9c600000, 0x00007f2b9c600000, 0x00007f2bfb340000)
  from space 194176K,   3% used [0x00007f2c070e0000, 0x00007f2c076dcbf0, 0x00007f2c12e80000)
  to   space 194176K,   0% used [0x00007f2bfb340000, 0x00007f2bfb340000, 0x00007f2c070e0000)
 tenured generation   total 3884004K, used 3882139K [0x00007f30f1b50000, 0x00007f31dec49000, 0x00007f3b9c600000)
   the space 3884004K,  99% used [0x00007f30f1b50000, 0x00007f31dea76d10, 0x00007f31dea76e00, 0x00007f31dec49000)
 Metaspace       used 24882K, capacity 25323K, committed 25600K, reserved 26624K
}
Event: 8917.486 GC heap before
{Heap before GC invocations=17188 (full 3):
 def new generation   total 1747840K, used 1559794K [0x00007f2b9c600000, 0x00007f2c12e80000, 0x00007f30f1b50000)
  eden space 1553664K, 100% used [0x00007f2b9c600000, 0x00007f2bfb340000, 0x00007f2bfb340000)
  from space 194176K,   3% used [0x00007f2c070e0000, 0x00007f2c076dcbf0, 0x00007f2c12e80000)
  to   space 194176K,   0% used [0x00007f2bfb340000, 0x00007f2bfb340000, 0x00007f2c070e0000)
 tenured generation   total 3884004K, used 3882139K [0x00007f30f1b50000, 0x00007f31dec49000, 0x00007f3b9c600000)
   the space 3884004K,  99% used [0x00007f30f1b50000, 0x00007f31dea76d10, 0x00007f31dea76e00, 0x00007f31dec49000)
 Metaspace       used 24882K, capacity 25323K, committed 25600K, reserved 26624K
}
Event: 8917.493 GC heap after
{Heap after GC invocations=17189 (full 3):
 def new generation   total 1747840K, used 6143K [0x00007f2b9c600000, 0x00007f2c12e80000, 0x00007f30f1b50000)
  eden space 1553664K,   0% used [0x00007f2b9c600000, 0x00007f2b9c600000, 0x00007f2bfb340000)
  from space 194176K,   3% used [0x00007f2bfb340000, 0x00007f2bfb93fc08, 0x00007f2c070e0000)
  to   space 194176K,   0% used [0x00007f2c070e0000, 0x00007f2c070e0000, 0x00007f2c12e80000)
 tenured generation   total 3884004K, used 3882526K [0x00007f30f1b50000, 0x00007f31dec49000, 0x00007f3b9c600000)
   the space 3884004K,  99% used [0x00007f30f1b50000, 0x00007f31dead7a40, 0x00007f31dead7c00, 0x00007f31dec49000)
 Metaspace       used 24882K, capacity 25323K, committed 25600K, reserved 26624K
}
Event: 8918.405 GC heap before
{Heap before GC invocations=17189 (full 3):
 def new generation   total 1747840K, used 1559807K [0x00007f2b9c600000, 0x00007f2c12e80000, 0x00007f30f1b50000)
  eden space 1553664K, 100% used [0x00007f2b9c600000, 0x00007f2bfb340000, 0x00007f2bfb340000)
  from space 194176K,   3% used [0x00007f2bfb340000, 0x00007f2bfb93fc08, 0x00007f2c070e0000)
  to   space 194176K,   0% used [0x00007f2c070e0000, 0x00007f2c070e0000, 0x00007f2c12e80000)
 tenured generation   total 3884004K, used 3882526K [0x00007f30f1b50000, 0x00007f31dec49000, 0x00007f3b9c600000)
   the space 3884004K,  99% used [0x00007f30f1b50000, 0x00007f31dead7a40, 0x00007f31dead7c00, 0x00007f31dec49000)
 Metaspace       used 24882K, capacity 25323K, committed 25600K, reserved 26624K
}
Event: 8918.414 GC heap after
{Heap after GC invocations=17190 (full 3):
 def new generation   total 1747840K, used 6162K [0x00007f2b9c600000, 0x00007f2c12e80000, 0x00007f30f1b50000)
  eden space 1553664K,   0% used [0x00007f2b9c600000, 0x00007f2b9c600000, 0x00007f2bfb340000)
  from space 194176K,   3% used [0x00007f2c070e0000, 0x00007f2c076e49a0, 0x00007f2c12e80000)
  to   space 194176K,   0% used [0x00007f2bfb340000, 0x00007f2bfb340000, 0x00007f2c070e0000)
 tenured generation   total 3884004K, used 3882913K [0x00007f30f1b50000, 0x00007f31dec49000, 0x00007f3b9c600000)
   the space 3884004K,  99% used [0x00007f30f1b50000, 0x00007f31deb38770, 0x00007f31deb38800, 0x00007f31dec49000)
 Metaspace       used 24882K, capacity 25323K, committed 25600K, reserved 26624K
}
Event: 8919.351 GC heap before
{Heap before GC invocations=17190 (full 3):
 def new generation   total 1747840K, used 1559826K [0x00007f2b9c600000, 0x00007f2c12e80000, 0x00007f30f1b50000)
  eden space 1553664K, 100% used [0x00007f2b9c600000, 0x00007f2bfb340000, 0x00007f2bfb340000)
  from space 194176K,   3% used [0x00007f2c070e0000, 0x00007f2c076e49a0, 0x00007f2c12e80000)
  to   space 194176K,   0% used [0x00007f2bfb340000, 0x00007f2bfb340000, 0x00007f2c070e0000)
 tenured generation   total 3884004K, used 3882913K [0x00007f30f1b50000, 0x00007f31dec49000, 0x00007f3b9c600000)
   the space 3884004K,  99% used [0x00007f30f1b50000, 0x00007f31deb38770, 0x00007f31deb38800, 0x00007f31dec49000)
 Metaspace       used 24882K, capacity 25323K, committed 25600K, reserved 26624K
}
Event: 8919.359 GC heap after
{Heap after GC invocations=17191 (full 3):
 def new generation   total 1747840K, used 6132K [0x00007f2b9c600000, 0x00007f2c12e80000, 0x00007f30f1b50000)
  eden space 1553664K,   0% used [0x00007f2b9c600000, 0x00007f2b9c600000, 0x00007f2bfb340000)
  from space 194176K,   3% used [0x00007f2bfb340000, 0x00007f2bfb93d1d8, 0x00007f2c070e0000)
  to   space 194176K,   0% used [0x00007f2c070e0000, 0x00007f2c070e0000, 0x00007f2c12e80000)
 tenured generation   total 3884004K, used 3883356K [0x00007f30f1b50000, 0x00007f31dec49000, 0x00007f3b9c600000)
   the space 3884004K,  99% used [0x00007f30f1b50000, 0x00007f31deba71f0, 0x00007f31deba7200, 0x00007f31dec49000)
 Metaspace       used 24882K, capacity 25323K, committed 25600K, reserved 26624K
}
Event: 8920.275 GC heap before
{Heap before GC invocations=17191 (full 3):
 def new generation   total 1747840K, used 1559796K [0x00007f2b9c600000, 0x00007f2c12e80000, 0x00007f30f1b50000)
  eden space 1553664K, 100% used [0x00007f2b9c600000, 0x00007f2bfb340000, 0x00007f2bfb340000)
  from space 194176K,   3% used [0x00007f2bfb340000, 0x00007f2bfb93d1d8, 0x00007f2c070e0000)
  to   space 194176K,   0% used [0x00007f2c070e0000, 0x00007f2c070e0000, 0x00007f2c12e80000)
 tenured generation   total 3884004K, used 3883356K [0x00007f30f1b50000, 0x00007f31dec49000, 0x00007f3b9c600000)
   the space 3884004K,  99% used [0x00007f30f1b50000, 0x00007f31deba71f0, 0x00007f31deba7200, 0x00007f31dec49000)
 Metaspace       used 24882K, capacity 25323K, committed 25600K, reserved 26624K
}
Event: 8920.283 GC heap after
{Heap after GC invocations=17192 (full 3):
 def new generation   total 1747840K, used 6134K [0x00007f2b9c600000, 0x00007f2c12e80000, 0x00007f30f1b50000)
  eden space 1553664K,   0% used [0x00007f2b9c600000, 0x00007f2b9c600000, 0x00007f2bfb340000)
  from space 194176K,   3% used [0x00007f2c070e0000, 0x00007f2c076dd950, 0x00007f2c12e80000)
  to   space 194176K,   0% used [0x00007f2bfb340000, 0x00007f2bfb340000, 0x00007f2c070e0000)
 tenured generation   total 3884004K, used 3883743K [0x00007f30f1b50000, 0x00007f31dec49000, 0x00007f3b9c600000)
   the space 3884004K,  99% used [0x00007f30f1b50000, 0x00007f31dec07f20, 0x00007f31dec08000, 0x00007f31dec49000)
 Metaspace       used 24882K, capacity 25323K, committed 25600K, reserved 26624K
}
Event: 8921.195 GC heap before
{Heap before GC invocations=17192 (full 3):
 def new generation   total 1747840K, used 1559798K [0x00007f2b9c600000, 0x00007f2c12e80000, 0x00007f30f1b50000)
  eden space 1553664K, 100% used [0x00007f2b9c600000, 0x00007f2bfb340000, 0x00007f2bfb340000)
  from space 194176K,   3% used [0x00007f2c070e0000, 0x00007f2c076dd950, 0x00007f2c12e80000)
  to   space 194176K,   0% used [0x00007f2bfb340000, 0x00007f2bfb340000, 0x00007f2c070e0000)
 tenured generation   total 3884004K, used 3883743K [0x00007f30f1b50000, 0x00007f31dec49000, 0x00007f3b9c600000)
   the space 3884004K,  99% used [0x00007f30f1b50000, 0x00007f31dec07f20, 0x00007f31dec08000, 0x00007f31dec49000)
 Metaspace       used 24882K, capacity 25323K, committed 25600K, reserved 26624K
}
Event: 8921.204 GC heap after
{Heap after GC invocations=17193 (full 3):
 def new generation   total 1747840K, used 6149K [0x00007f2b9c600000, 0x00007f2c12e80000, 0x00007f30f1b50000)
  eden space 1553664K,   0% used [0x00007f2b9c600000, 0x00007f2b9c600000, 0x00007f2bfb340000)
  from space 194176K,   3% used [0x00007f2bfb340000, 0x00007f2bfb941448, 0x00007f2c070e0000)
  to   space 194176K,   0% used [0x00007f2c070e0000, 0x00007f2c070e0000, 0x00007f2c12e80000)
 tenured generation   total 3884196K, used 3884131K [0x00007f30f1b50000, 0x00007f31dec79000, 0x00007f3b9c600000)
   the space 3884196K,  99% used [0x00007f30f1b50000, 0x00007f31dec68c50, 0x00007f31dec68e00, 0x00007f31dec79000)
 Metaspace       used 24882K, capacity 25323K, committed 25600K, reserved 26624K
}
Event: 8921.204 GC heap before
{Heap before GC invocations=17193 (full 3):
 def new generation   total 1747840K, used 6149K [0x00007f2b9c600000, 0x00007f2c12e80000, 0x00007f30f1b50000)
  eden space 1553664K,   0% used [0x00007f2b9c600000, 0x00007f2b9c600000, 0x00007f2bfb340000)
  from space 194176K,   3% used [0x00007f2bfb340000, 0x00007f2bfb941448, 0x00007f2c070e0000)
  to   space 194176K,   0% used [0x00007f2c070e0000, 0x00007f2c070e0000, 0x00007f2c12e80000)
 tenured generation   total 3884196K, used 3884131K [0x00007f30f1b50000, 0x00007f31dec79000, 0x00007f3b9c600000)
   the space 3884196K,  99% used [0x00007f30f1b50000, 0x00007f31dec68c50, 0x00007f31dec68e00, 0x00007f31dec79000)
 Metaspace       used 24882K, capacity 25323K, committed 25600K, reserved 26624K
}

