# JRE version: OpenJDK Runtime Environment (13.0.7+5) (build 13.0.7+5-Ubuntu-0ubuntu120.04)
# Java VM: OpenJDK 64-Bit Server VM (13.0.7+5-Ubuntu-0ubuntu120.04, mixed mode, tiered, serial gc, linux-amd64)
Heap:
 def new generation   total 4460416K, used 495373K [0x00007f93d4600000, 0x00007f9502dd0000, 0x00007f9929b50000)
  eden space 3964864K,  12% used [0x00007f93d4600000, 0x00007f93f29c35b8, 0x00007f94c65f0000)
  from space 495552K,   0% used [0x00007f94c65f0000, 0x00007f94c65f0000, 0x00007f94e49e0000)
  to   space 495552K,   0% used [0x00007f94e49e0000, 0x00007f94e49e0000, 0x00007f9502dd0000)
 tenured generation   total 11682644K, used 11682643K [0x00007f9929b50000, 0x00007f9bf2c25000, 0x00007fa3d4600000)
   the space 11682644K,  99% used [0x00007f9929b50000, 0x00007f9bf2c24dc0, 0x00007f9bf2c24e00, 0x00007f9bf2c25000)
 Metaspace       used 31804K, capacity 32254K, committed 32512K, reserved 32768K
GC Heap History (20 events):
Event: 11.476 GC heap after
{Heap after GC invocations=6 (full 1):
 def new generation   total 629248K, used 69887K [0x00007f93d4600000, 0x00007f93ff0c0000, 0x00007f9929b50000)
  eden space 559360K,   0% used [0x00007f93d4600000, 0x00007f93d4600000, 0x00007f93f6840000)
  from space 69888K,  99% used [0x00007f93fac80000, 0x00007f93ff0bfde8, 0x00007f93ff0c0000)
  to   space 69888K,   0% used [0x00007f93f6840000, 0x00007f93f6840000, 0x00007f93fac80000)
 tenured generation   total 1540992K, used 1540906K [0x00007f9929b50000, 0x00007f9987c30000, 0x00007fa3d4600000)
   the space 1540992K,  99% used [0x00007f9929b50000, 0x00007f9987c1a9f8, 0x00007f9987c1aa00, 0x00007f9987c30000)
 Metaspace       used 31804K, capacity 32254K, committed 32512K, reserved 32768K
}
Event: 11.477 GC heap before
{Heap before GC invocations=6 (full 1):
 def new generation   total 629248K, used 69887K [0x00007f93d4600000, 0x00007f93ff0c0000, 0x00007f9929b50000)
  eden space 559360K,   0% used [0x00007f93d4600000, 0x00007f93d4600000, 0x00007f93f6840000)
  from space 69888K,  99% used [0x00007f93fac80000, 0x00007f93ff0bfde8, 0x00007f93ff0c0000)
  to   space 69888K,   0% used [0x00007f93f6840000, 0x00007f93f6840000, 0x00007f93fac80000)
 tenured generation   total 1540992K, used 1540906K [0x00007f9929b50000, 0x00007f9987c30000, 0x00007fa3d4600000)
   the space 1540992K,  99% used [0x00007f9929b50000, 0x00007f9987c1a9f8, 0x00007f9987c1aa00, 0x00007f9987c30000)
 Metaspace       used 31804K, capacity 32254K, committed 32512K, reserved 32768K
}
Event: 11.884 GC heap after
{Heap after GC invocations=6 (full 2):
 def new generation   total 1155840K, used 69802K [0x00007f93d4600000, 0x00007f9422c20000, 0x00007f9929b50000)
  eden space 1027456K,   6% used [0x00007f93d4600000, 0x00007f93d8a2aa20, 0x00007f9413160000)
  from space 128384K,   0% used [0x00007f9413160000, 0x00007f9413160000, 0x00007f941aec0000)
  to   space 128384K,   0% used [0x00007f941aec0000, 0x00007f941aec0000, 0x00007f9422c20000)
 tenured generation   total 2568320K, used 1540991K [0x00007f9929b50000, 0x00007f99c6770000, 0x00007fa3d4600000)
   the space 2568320K,  59% used [0x00007f9929b50000, 0x00007f9987c2fdc0, 0x00007f9987c2fe00, 0x00007f99c6770000)
 Metaspace       used 31804K, capacity 32254K, committed 32512K, reserved 32768K
}
Event: 12.197 GC heap before
{Heap before GC invocations=6 (full 2):
 def new generation   total 1155840K, used 1027456K [0x00007f93d4600000, 0x00007f9422c20000, 0x00007f9929b50000)
  eden space 1027456K, 100% used [0x00007f93d4600000, 0x00007f9413160000, 0x00007f9413160000)
  from space 128384K,   0% used [0x00007f9413160000, 0x00007f9413160000, 0x00007f941aec0000)
  to   space 128384K,   0% used [0x00007f941aec0000, 0x00007f941aec0000, 0x00007f9422c20000)
 tenured generation   total 2568320K, used 1540991K [0x00007f9929b50000, 0x00007f99c6770000, 0x00007fa3d4600000)
   the space 2568320K,  59% used [0x00007f9929b50000, 0x00007f9987c2fdc0, 0x00007f9987c2fe00, 0x00007f99c6770000)
 Metaspace       used 31804K, capacity 32254K, committed 32512K, reserved 32768K
}
Event: 13.133 GC heap after
{Heap after GC invocations=7 (full 2):
 def new generation   total 1155840K, used 128383K [0x00007f93d4600000, 0x00007f9422c20000, 0x00007f9929b50000)
  eden space 1027456K,   0% used [0x00007f93d4600000, 0x00007f93d4600000, 0x00007f9413160000)
  from space 128384K,  99% used [0x00007f941aec0000, 0x00007f9422c1fc48, 0x00007f9422c20000)
  to   space 128384K,   0% used [0x00007f9413160000, 0x00007f9413160000, 0x00007f941aec0000)
 tenured generation   total 2568320K, used 2440023K [0x00007f9929b50000, 0x00007f99c6770000, 0x00007fa3d4600000)
   the space 2568320K,  95% used [0x00007f9929b50000, 0x00007f99bea25fe0, 0x00007f99bea26000, 0x00007f99c6770000)
 Metaspace       used 31804K, capacity 32254K, committed 32512K, reserved 32768K
}
Event: 13.525 GC heap before
{Heap before GC invocations=7 (full 2):
 def new generation   total 1155840K, used 1155839K [0x00007f93d4600000, 0x00007f9422c20000, 0x00007f9929b50000)
  eden space 1027456K, 100% used [0x00007f93d4600000, 0x00007f9413160000, 0x00007f9413160000)
  from space 128384K,  99% used [0x00007f941aec0000, 0x00007f9422c1fc48, 0x00007f9422c20000)
  to   space 128384K,   0% used [0x00007f9413160000, 0x00007f9413160000, 0x00007f941aec0000)
 tenured generation   total 2568320K, used 2440023K [0x00007f9929b50000, 0x00007f99c6770000, 0x00007fa3d4600000)
   the space 2568320K,  95% used [0x00007f9929b50000, 0x00007f99bea25fe0, 0x00007f99bea26000, 0x00007f99c6770000)
 Metaspace       used 31804K, capacity 32254K, committed 32512K, reserved 32768K
}
Event: 14.831 GC heap after
{Heap after GC invocations=8 (full 2):
 def new generation   total 1155840K, used 128383K [0x00007f93d4600000, 0x00007f9422c20000, 0x00007f9929b50000)
  eden space 1027456K,   0% used [0x00007f93d4600000, 0x00007f93d4600000, 0x00007f9413160000)
  from space 128384K,  99% used [0x00007f9413160000, 0x00007f941aebfc48, 0x00007f941aec0000)
  to   space 128384K,   0% used [0x00007f941aec0000, 0x00007f941aec0000, 0x00007f9422c20000)
 tenured generation   total 3467456K, used 3467402K [0x00007f9929b50000, 0x00007f99fd580000, 0x00007fa3d4600000)
   the space 3467456K,  99% used [0x00007f9929b50000, 0x00007f99fd572ae8, 0x00007f99fd572c00, 0x00007f99fd580000)
 Metaspace       used 31804K, capacity 32254K, committed 32512K, reserved 32768K
}
Event: 14.831 GC heap before
{Heap before GC invocations=8 (full 2):
 def new generation   total 1155840K, used 128383K [0x00007f93d4600000, 0x00007f9422c20000, 0x00007f9929b50000)
  eden space 1027456K,   0% used [0x00007f93d4600000, 0x00007f93d4600000, 0x00007f9413160000)
  from space 128384K,  99% used [0x00007f9413160000, 0x00007f941aebfc48, 0x00007f941aec0000)
  to   space 128384K,   0% used [0x00007f941aec0000, 0x00007f941aec0000, 0x00007f9422c20000)
 tenured generation   total 3467456K, used 3467402K [0x00007f9929b50000, 0x00007f99fd580000, 0x00007fa3d4600000)
   the space 3467456K,  99% used [0x00007f9929b50000, 0x00007f99fd572ae8, 0x00007f99fd572c00, 0x00007f99fd580000)
 Metaspace       used 31804K, capacity 32254K, committed 32512K, reserved 32768K
}
Event: 15.834 GC heap after
{Heap after GC invocations=8 (full 3):
 def new generation   total 2600640K, used 128329K [0x00007f93d4600000, 0x00007f9484be0000, 0x00007f9929b50000)
  eden space 2311680K,   5% used [0x00007f93d4600000, 0x00007f93dc352768, 0x00007f9461780000)
  from space 288960K,   0% used [0x00007f9461780000, 0x00007f9461780000, 0x00007f94731b0000)
  to   space 288960K,   0% used [0x00007f94731b0000, 0x00007f94731b0000, 0x00007f9484be0000)
 tenured generation   total 5779096K, used 3467455K [0x00007f9929b50000, 0x00007f9a8a6f6000, 0x00007fa3d4600000)
   the space 5779096K,  59% used [0x00007f9929b50000, 0x00007f99fd57ffc8, 0x00007f99fd580000, 0x00007f9a8a6f6000)
 Metaspace       used 31804K, capacity 32254K, committed 32512K, reserved 32768K
}
Event: 16.674 GC heap before
{Heap before GC invocations=8 (full 3):
 def new generation   total 2600640K, used 2311680K [0x00007f93d4600000, 0x00007f9484be0000, 0x00007f9929b50000)
  eden space 2311680K, 100% used [0x00007f93d4600000, 0x00007f9461780000, 0x00007f9461780000)
  from space 288960K,   0% used [0x00007f9461780000, 0x00007f9461780000, 0x00007f94731b0000)
  to   space 288960K,   0% used [0x00007f94731b0000, 0x00007f94731b0000, 0x00007f9484be0000)
 tenured generation   total 5779096K, used 3467455K [0x00007f9929b50000, 0x00007f9a8a6f6000, 0x00007fa3d4600000)
   the space 5779096K,  59% used [0x00007f9929b50000, 0x00007f99fd57ffc8, 0x00007f99fd580000, 0x00007f9a8a6f6000)
 Metaspace       used 31804K, capacity 32254K, committed 32512K, reserved 32768K
}
Event: 18.982 GC heap after
{Heap after GC invocations=9 (full 3):
 def new generation   total 2600640K, used 288959K [0x00007f93d4600000, 0x00007f9484be0000, 0x00007f9929b50000)
  eden space 2311680K,   0% used [0x00007f93d4600000, 0x00007f93d4600000, 0x00007f9461780000)
  from space 288960K,  99% used [0x00007f94731b0000, 0x00007f9484bdfd90, 0x00007f9484be0000)
  to   space 288960K,   0% used [0x00007f9461780000, 0x00007f9461780000, 0x00007f94731b0000)
 tenured generation   total 5779096K, used 5490104K [0x00007f9929b50000, 0x00007f9a8a6f6000, 0x00007fa3d4600000)
   the space 5779096K,  94% used [0x00007f9929b50000, 0x00007f9a78cbe088, 0x00007f9a78cbe200, 0x00007f9a8a6f6000)
 Metaspace       used 31804K, capacity 32254K, committed 32512K, reserved 32768K
}
Event: 27.457 GC heap before
{Heap before GC invocations=9 (full 3):
 def new generation   total 2600640K, used 2600639K [0x00007f93d4600000, 0x00007f9484be0000, 0x00007f9929b50000)
  eden space 2311680K, 100% used [0x00007f93d4600000, 0x00007f9461780000, 0x00007f9461780000)
  from space 288960K,  99% used [0x00007f94731b0000, 0x00007f9484bdfd90, 0x00007f9484be0000)
  to   space 288960K,   0% used [0x00007f9461780000, 0x00007f9461780000, 0x00007f94731b0000)
 tenured generation   total 5779096K, used 5490104K [0x00007f9929b50000, 0x00007f9a8a6f6000, 0x00007fa3d4600000)
   the space 5779096K,  94% used [0x00007f9929b50000, 0x00007f9a78cbe088, 0x00007f9a78cbe200, 0x00007f9a8a6f6000)
 Metaspace       used 31804K, capacity 32254K, committed 32512K, reserved 32768K
}
Event: 28.237 GC heap after
{Heap after GC invocations=10 (full 3):
 def new generation   total 2600640K, used 288959K [0x00007f93d4600000, 0x00007f9484be0000, 0x00007f9929b50000)
  eden space 2311680K,   0% used [0x00007f93d4600000, 0x00007f93d4600000, 0x00007f9461780000)
  from space 288960K,  99% used [0x00007f9461780000, 0x00007f94731afdb8, 0x00007f94731b0000)
  to   space 288960K,   0% used [0x00007f94731b0000, 0x00007f94731b0000, 0x00007f9484be0000)
 tenured generation   total 5947096K, used 5947047K [0x00007f9929b50000, 0x00007f9a94b06000, 0x00007fa3d4600000)
   the space 5947096K,  99% used [0x00007f9929b50000, 0x00007f9a94af9df0, 0x00007f9a94af9e00, 0x00007f9a94b06000)
 Metaspace       used 31804K, capacity 32254K, committed 32512K, reserved 32768K
}
Event: 28.237 GC heap before
{Heap before GC invocations=10 (full 3):
 def new generation   total 2600640K, used 288959K [0x00007f93d4600000, 0x00007f9484be0000, 0x00007f9929b50000)
  eden space 2311680K,   0% used [0x00007f93d4600000, 0x00007f93d4600000, 0x00007f9461780000)
  from space 288960K,  99% used [0x00007f9461780000, 0x00007f94731afdb8, 0x00007f94731b0000)
  to   space 288960K,   0% used [0x00007f94731b0000, 0x00007f94731b0000, 0x00007f9484be0000)
 tenured generation   total 5947096K, used 5947047K [0x00007f9929b50000, 0x00007f9a94b06000, 0x00007fa3d4600000)
   the space 5947096K,  99% used [0x00007f9929b50000, 0x00007f9a94af9df0, 0x00007f9a94af9e00, 0x00007f9a94b06000)
 Metaspace       used 31804K, capacity 32254K, committed 32512K, reserved 32768K
}
Event: 32.758 GC heap after
{Heap after GC invocations=10 (full 4):
 def new generation   total 4460416K, used 283529K [0x00007f93d4600000, 0x00007f9502dd0000, 0x00007f9929b50000)
  eden space 3964864K,   7% used [0x00007f93d4600000, 0x00007f93e5ae2420, 0x00007f94c65f0000)
  from space 495552K,   0% used [0x00007f94c65f0000, 0x00007f94c65f0000, 0x00007f94e49e0000)
  to   space 495552K,   0% used [0x00007f94e49e0000, 0x00007f94e49e0000, 0x00007f9502dd0000)
 tenured generation   total 9911828K, used 5947095K [0x00007f9929b50000, 0x00007f9b86ad5000, 0x00007fa3d4600000)
   the space 9911828K,  59% used [0x00007f9929b50000, 0x00007f9a94b05e78, 0x00007f9a94b06000, 0x00007f9b86ad5000)
 Metaspace       used 31804K, capacity 32254K, committed 32512K, reserved 32768K
}
Event: 35.887 GC heap before
{Heap before GC invocations=10 (full 4):
 def new generation   total 4460416K, used 3964864K [0x00007f93d4600000, 0x00007f9502dd0000, 0x00007f9929b50000)
  eden space 3964864K, 100% used [0x00007f93d4600000, 0x00007f94c65f0000, 0x00007f94c65f0000)
  from space 495552K,   0% used [0x00007f94c65f0000, 0x00007f94c65f0000, 0x00007f94e49e0000)
  to   space 495552K,   0% used [0x00007f94e49e0000, 0x00007f94e49e0000, 0x00007f9502dd0000)
 tenured generation   total 9911828K, used 5947095K [0x00007f9929b50000, 0x00007f9b86ad5000, 0x00007fa3d4600000)
   the space 9911828K,  59% used [0x00007f9929b50000, 0x00007f9a94b05e78, 0x00007f9a94b06000, 0x00007f9b86ad5000)
 Metaspace       used 31804K, capacity 32254K, committed 32512K, reserved 32768K
}
Event: 40.339 GC heap after
{Heap after GC invocations=11 (full 4):
 def new generation   total 4460416K, used 495551K [0x00007f93d4600000, 0x00007f9502dd0000, 0x00007f9929b50000)
  eden space 3964864K,   0% used [0x00007f93d4600000, 0x00007f93d4600000, 0x00007f94c65f0000)
  from space 495552K,  99% used [0x00007f94e49e0000, 0x00007f9502dcfee0, 0x00007f9502dd0000)
  to   space 495552K,   0% used [0x00007f94c65f0000, 0x00007f94c65f0000, 0x00007f94e49e0000)
 tenured generation   total 9911828K, used 9018250K [0x00007f9929b50000, 0x00007f9b86ad5000, 0x00007fa3d4600000)
   the space 9911828K,  90% used [0x00007f9929b50000, 0x00007f9b502329a0, 0x00007f9b50232a00, 0x00007f9b86ad5000)
 Metaspace       used 31804K, capacity 32254K, committed 32512K, reserved 32768K
}
Event: 47.559 GC heap before
{Heap before GC invocations=11 (full 4):
 def new generation   total 4460416K, used 4460415K [0x00007f93d4600000, 0x00007f9502dd0000, 0x00007f9929b50000)
  eden space 3964864K, 100% used [0x00007f93d4600000, 0x00007f94c65f0000, 0x00007f94c65f0000)
  from space 495552K,  99% used [0x00007f94e49e0000, 0x00007f9502dcfee0, 0x00007f9502dd0000)
  to   space 495552K,   0% used [0x00007f94c65f0000, 0x00007f94c65f0000, 0x00007f94e49e0000)
 tenured generation   total 9911828K, used 9018250K [0x00007f9929b50000, 0x00007f9b86ad5000, 0x00007fa3d4600000)
   the space 9911828K,  90% used [0x00007f9929b50000, 0x00007f9b502329a0, 0x00007f9b50232a00, 0x00007f9b86ad5000)
 Metaspace       used 31804K, capacity 32254K, committed 32512K, reserved 32768K
}
Event: 51.091 GC heap after
{Heap after GC invocations=12 (full 4):
 def new generation   total 4460416K, used 495551K [0x00007f93d4600000, 0x00007f9502dd0000, 0x00007f9929b50000)
  eden space 3964864K,   0% used [0x00007f93d4600000, 0x00007f93d4600000, 0x00007f94c65f0000)
  from space 495552K,  99% used [0x00007f94c65f0000, 0x00007f94e49dfed0, 0x00007f94e49e0000)
  to   space 495552K,   0% used [0x00007f94e49e0000, 0x00007f94e49e0000, 0x00007f9502dd0000)
 tenured generation   total 11682644K, used 11682465K [0x00007f9929b50000, 0x00007f9bf2c25000, 0x00007fa3d4600000)
   the space 11682644K,  99% used [0x00007f9929b50000, 0x00007f9bf2bf84a8, 0x00007f9bf2bf8600, 0x00007f9bf2c25000)
 Metaspace       used 31804K, capacity 32254K, committed 32512K, reserved 32768K
}
Event: 51.091 GC heap before
{Heap before GC invocations=12 (full 4):
 def new generation   total 4460416K, used 495551K [0x00007f93d4600000, 0x00007f9502dd0000, 0x00007f9929b50000)
  eden space 3964864K,   0% used [0x00007f93d4600000, 0x00007f93d4600000, 0x00007f94c65f0000)
  from space 495552K,  99% used [0x00007f94c65f0000, 0x00007f94e49dfed0, 0x00007f94e49e0000)
  to   space 495552K,   0% used [0x00007f94e49e0000, 0x00007f94e49e0000, 0x00007f9502dd0000)
 tenured generation   total 11682644K, used 11682465K [0x00007f9929b50000, 0x00007f9bf2c25000, 0x00007fa3d4600000)
   the space 11682644K,  99% used [0x00007f9929b50000, 0x00007f9bf2bf84a8, 0x00007f9bf2bf8600, 0x00007f9bf2c25000)
 Metaspace       used 31804K, capacity 32254K, committed 32512K, reserved 32768K
}

