# JRE version: OpenJDK Runtime Environment (13.0.7+5) (build 13.0.7+5-Ubuntu-0ubuntu120.04)
# Java VM: OpenJDK 64-Bit Server VM (13.0.7+5-Ubuntu-0ubuntu120.04, mixed mode, tiered, serial gc, linux-amd64)
Heap:
 def new generation   total 629248K, used 69800K [0x00007fc3dc600000, 0x00007fc4070c0000, 0x00007fc931b50000)
  eden space 559360K,  12% used [0x00007fc3dc600000, 0x00007fc3e0a2a200, 0x00007fc3fe840000)
  from space 69888K,   0% used [0x00007fc3fe840000, 0x00007fc3fe840000, 0x00007fc402c80000)
  to   space 69888K,   0% used [0x00007fc402c80000, 0x00007fc402c80000, 0x00007fc4070c0000)
 tenured generation   total 10014660K, used 10014659K [0x00007fc931b50000, 0x00007fcb94f41000, 0x00007fd3dc600000)
   the space 10014660K,  99% used [0x00007fc931b50000, 0x00007fcb94f40e40, 0x00007fcb94f41000, 0x00007fcb94f41000)
 Metaspace       used 31838K, capacity 32319K, committed 32512K, reserved 32768K
GC Heap History (20 events):
Event: 22.715 GC heap after
{Heap after GC invocations=11 (full 1):
 def new generation   total 629248K, used 10644K [0x00007fc3dc600000, 0x00007fc4070c0000, 0x00007fc931b50000)
  eden space 559360K,   0% used [0x00007fc3dc600000, 0x00007fc3dc600000, 0x00007fc3fe840000)
  from space 69888K,  15% used [0x00007fc3fe840000, 0x00007fc3ff2a5208, 0x00007fc402c80000)
  to   space 69888K,   0% used [0x00007fc402c80000, 0x00007fc402c80000, 0x00007fc4070c0000)
 tenured generation   total 1398144K, used 13942K [0x00007fc931b50000, 0x00007fc9870b0000, 0x00007fd3dc600000)
   the space 1398144K,   0% used [0x00007fc931b50000, 0x00007fc9328edb88, 0x00007fc9328edc00, 0x00007fc9870b0000)
 Metaspace       used 31837K, capacity 32319K, committed 32512K, reserved 32768K
}
Event: 24.113 GC heap before
{Heap before GC invocations=11 (full 1):
 def new generation   total 629248K, used 570004K [0x00007fc3dc600000, 0x00007fc4070c0000, 0x00007fc931b50000)
  eden space 559360K, 100% used [0x00007fc3dc600000, 0x00007fc3fe840000, 0x00007fc3fe840000)
  from space 69888K,  15% used [0x00007fc3fe840000, 0x00007fc3ff2a5208, 0x00007fc402c80000)
  to   space 69888K,   0% used [0x00007fc402c80000, 0x00007fc402c80000, 0x00007fc4070c0000)
 tenured generation   total 1398144K, used 13942K [0x00007fc931b50000, 0x00007fc9870b0000, 0x00007fd3dc600000)
   the space 1398144K,   0% used [0x00007fc931b50000, 0x00007fc9328edb88, 0x00007fc9328edc00, 0x00007fc9870b0000)
 Metaspace       used 31838K, capacity 32319K, committed 32512K, reserved 32768K
}
Event: 24.131 GC heap after
{Heap after GC invocations=12 (full 1):
 def new generation   total 629248K, used 10668K [0x00007fc3dc600000, 0x00007fc4070c0000, 0x00007fc931b50000)
  eden space 559360K,   0% used [0x00007fc3dc600000, 0x00007fc3dc600000, 0x00007fc3fe840000)
  from space 69888K,  15% used [0x00007fc402c80000, 0x00007fc4036eb0b0, 0x00007fc4070c0000)
  to   space 69888K,   0% used [0x00007fc3fe840000, 0x00007fc3fe840000, 0x00007fc402c80000)
 tenured generation   total 1398144K, used 13942K [0x00007fc931b50000, 0x00007fc9870b0000, 0x00007fd3dc600000)
   the space 1398144K,   0% used [0x00007fc931b50000, 0x00007fc9328edb88, 0x00007fc9328edc00, 0x00007fc9870b0000)
 Metaspace       used 31838K, capacity 32319K, committed 32512K, reserved 32768K
}
Event: 25.498 GC heap before
{Heap before GC invocations=12 (full 1):
 def new generation   total 629248K, used 570028K [0x00007fc3dc600000, 0x00007fc4070c0000, 0x00007fc931b50000)
  eden space 559360K, 100% used [0x00007fc3dc600000, 0x00007fc3fe840000, 0x00007fc3fe840000)
  from space 69888K,  15% used [0x00007fc402c80000, 0x00007fc4036eb0b0, 0x00007fc4070c0000)
  to   space 69888K,   0% used [0x00007fc3fe840000, 0x00007fc3fe840000, 0x00007fc402c80000)
 tenured generation   total 1398144K, used 13942K [0x00007fc931b50000, 0x00007fc9870b0000, 0x00007fd3dc600000)
   the space 1398144K,   0% used [0x00007fc931b50000, 0x00007fc9328edb88, 0x00007fc9328edc00, 0x00007fc9870b0000)
 Metaspace       used 31838K, capacity 32319K, committed 32512K, reserved 32768K
}
Event: 25.517 GC heap after
{Heap after GC invocations=13 (full 1):
 def new generation   total 629248K, used 10635K [0x00007fc3dc600000, 0x00007fc4070c0000, 0x00007fc931b50000)
  eden space 559360K,   0% used [0x00007fc3dc600000, 0x00007fc3dc600000, 0x00007fc3fe840000)
  from space 69888K,  15% used [0x00007fc3fe840000, 0x00007fc3ff2a2cd0, 0x00007fc402c80000)
  to   space 69888K,   0% used [0x00007fc402c80000, 0x00007fc402c80000, 0x00007fc4070c0000)
 tenured generation   total 1398144K, used 13942K [0x00007fc931b50000, 0x00007fc9870b0000, 0x00007fd3dc600000)
   the space 1398144K,   0% used [0x00007fc931b50000, 0x00007fc9328edb88, 0x00007fc9328edc00, 0x00007fc9870b0000)
 Metaspace       used 31838K, capacity 32319K, committed 32512K, reserved 32768K
}
Event: 26.711 GC heap before
{Heap before GC invocations=13 (full 1):
 def new generation   total 629248K, used 569995K [0x00007fc3dc600000, 0x00007fc4070c0000, 0x00007fc931b50000)
  eden space 559360K, 100% used [0x00007fc3dc600000, 0x00007fc3fe840000, 0x00007fc3fe840000)
  from space 69888K,  15% used [0x00007fc3fe840000, 0x00007fc3ff2a2cd0, 0x00007fc402c80000)
  to   space 69888K,   0% used [0x00007fc402c80000, 0x00007fc402c80000, 0x00007fc4070c0000)
 tenured generation   total 1398144K, used 13942K [0x00007fc931b50000, 0x00007fc9870b0000, 0x00007fd3dc600000)
   the space 1398144K,   0% used [0x00007fc931b50000, 0x00007fc9328edb88, 0x00007fc9328edc00, 0x00007fc9870b0000)
 Metaspace       used 31838K, capacity 32319K, committed 32512K, reserved 32768K
}
Event: 26.730 GC heap after
{Heap after GC invocations=14 (full 1):
 def new generation   total 629248K, used 10535K [0x00007fc3dc600000, 0x00007fc4070c0000, 0x00007fc931b50000)
  eden space 559360K,   0% used [0x00007fc3dc600000, 0x00007fc3dc600000, 0x00007fc3fe840000)
  from space 69888K,  15% used [0x00007fc402c80000, 0x00007fc4036c9fa8, 0x00007fc4070c0000)
  to   space 69888K,   0% used [0x00007fc3fe840000, 0x00007fc3fe840000, 0x00007fc402c80000)
 tenured generation   total 1398144K, used 13942K [0x00007fc931b50000, 0x00007fc9870b0000, 0x00007fd3dc600000)
   the space 1398144K,   0% used [0x00007fc931b50000, 0x00007fc9328edb88, 0x00007fc9328edc00, 0x00007fc9870b0000)
 Metaspace       used 31838K, capacity 32319K, committed 32512K, reserved 32768K
}
Event: 27.579 GC heap before
{Heap before GC invocations=14 (full 1):
 def new generation   total 629248K, used 569895K [0x00007fc3dc600000, 0x00007fc4070c0000, 0x00007fc931b50000)
  eden space 559360K, 100% used [0x00007fc3dc600000, 0x00007fc3fe840000, 0x00007fc3fe840000)
  from space 69888K,  15% used [0x00007fc402c80000, 0x00007fc4036c9fa8, 0x00007fc4070c0000)
  to   space 69888K,   0% used [0x00007fc3fe840000, 0x00007fc3fe840000, 0x00007fc402c80000)
 tenured generation   total 1398144K, used 13942K [0x00007fc931b50000, 0x00007fc9870b0000, 0x00007fd3dc600000)
   the space 1398144K,   0% used [0x00007fc931b50000, 0x00007fc9328edb88, 0x00007fc9328edc00, 0x00007fc9870b0000)
 Metaspace       used 31838K, capacity 32319K, committed 32512K, reserved 32768K
}
Event: 27.592 GC heap after
{Heap after GC invocations=15 (full 1):
 def new generation   total 629248K, used 5052K [0x00007fc3dc600000, 0x00007fc4070c0000, 0x00007fc931b50000)
  eden space 559360K,   0% used [0x00007fc3dc600000, 0x00007fc3dc600000, 0x00007fc3fe840000)
  from space 69888K,   7% used [0x00007fc3fe840000, 0x00007fc3fed2f070, 0x00007fc402c80000)
  to   space 69888K,   0% used [0x00007fc402c80000, 0x00007fc402c80000, 0x00007fc4070c0000)
 tenured generation   total 1398144K, used 13942K [0x00007fc931b50000, 0x00007fc9870b0000, 0x00007fd3dc600000)
   the space 1398144K,   0% used [0x00007fc931b50000, 0x00007fc9328edb88, 0x00007fc9328edc00, 0x00007fc9870b0000)
 Metaspace       used 31838K, capacity 32319K, committed 32512K, reserved 32768K
}
Event: 27.735 GC heap before
{Heap before GC invocations=15 (full 1):
 def new generation   total 629248K, used 150175K [0x00007fc3dc600000, 0x00007fc4070c0000, 0x00007fc931b50000)
  eden space 559360K,  25% used [0x00007fc3dc600000, 0x00007fc3e53b8f68, 0x00007fc3fe840000)
  from space 69888K,   7% used [0x00007fc3fe840000, 0x00007fc3fed2f070, 0x00007fc402c80000)
  to   space 69888K,   0% used [0x00007fc402c80000, 0x00007fc402c80000, 0x00007fc4070c0000)
 tenured generation   total 1398144K, used 13942K [0x00007fc931b50000, 0x00007fc9870b0000, 0x00007fd3dc600000)
   the space 1398144K,   0% used [0x00007fc931b50000, 0x00007fc9328edb88, 0x00007fc9328edc00, 0x00007fc9870b0000)
 Metaspace       used 31838K, capacity 32319K, committed 32512K, reserved 32768K
}
Event: 27.744 GC heap after
{Heap after GC invocations=16 (full 1):
 def new generation   total 629248K, used 3982K [0x00007fc3dc600000, 0x00007fc4070c0000, 0x00007fc931b50000)
  eden space 559360K,   0% used [0x00007fc3dc600000, 0x00007fc3dc600000, 0x00007fc3fe840000)
  from space 69888K,   5% used [0x00007fc402c80000, 0x00007fc403063bd0, 0x00007fc4070c0000)
  to   space 69888K,   0% used [0x00007fc3fe840000, 0x00007fc3fe840000, 0x00007fc402c80000)
 tenured generation   total 1398144K, used 13942K [0x00007fc931b50000, 0x00007fc9870b0000, 0x00007fd3dc600000)
   the space 1398144K,   0% used [0x00007fc931b50000, 0x00007fc9328edb88, 0x00007fc9328edc00, 0x00007fc9870b0000)
 Metaspace       used 31838K, capacity 32319K, committed 32512K, reserved 32768K
}
Event: 27.744 GC heap before
{Heap before GC invocations=16 (full 1):
 def new generation   total 629248K, used 3982K [0x00007fc3dc600000, 0x00007fc4070c0000, 0x00007fc931b50000)
  eden space 559360K,   0% used [0x00007fc3dc600000, 0x00007fc3dc600000, 0x00007fc3fe840000)
  from space 69888K,   5% used [0x00007fc402c80000, 0x00007fc403063bd0, 0x00007fc4070c0000)
  to   space 69888K,   0% used [0x00007fc3fe840000, 0x00007fc3fe840000, 0x00007fc402c80000)
 tenured generation   total 1398144K, used 13942K [0x00007fc931b50000, 0x00007fc9870b0000, 0x00007fd3dc600000)
   the space 1398144K,   0% used [0x00007fc931b50000, 0x00007fc9328edb88, 0x00007fc9328edc00, 0x00007fc9870b0000)
 Metaspace       used 31838K, capacity 32319K, committed 32512K, reserved 32768K
}
Event: 27.812 GC heap after
{Heap after GC invocations=16 (full 2):
 def new generation   total 629248K, used 0K [0x00007fc3dc600000, 0x00007fc4070c0000, 0x00007fc931b50000)
  eden space 559360K,   0% used [0x00007fc3dc600000, 0x00007fc3dc600000, 0x00007fc3fe840000)
  from space 69888K,   0% used [0x00007fc402c80000, 0x00007fc402c80000, 0x00007fc4070c0000)
  to   space 69888K,   0% used [0x00007fc3fe840000, 0x00007fc3fe840000, 0x00007fc402c80000)
 tenured generation   total 1398144K, used 17914K [0x00007fc931b50000, 0x00007fc9870b0000, 0x00007fd3dc600000)
   the space 1398144K,   1% used [0x00007fc931b50000, 0x00007fc932cce9e0, 0x00007fc932ccea00, 0x00007fc9870b0000)
 Metaspace       used 31838K, capacity 32319K, committed 32512K, reserved 32768K
}
Event: 36.157 GC heap before
{Heap before GC invocations=16 (full 2):
 def new generation   total 629248K, used 559360K [0x00007fc3dc600000, 0x00007fc4070c0000, 0x00007fc931b50000)
  eden space 559360K, 100% used [0x00007fc3dc600000, 0x00007fc3fe840000, 0x00007fc3fe840000)
  from space 69888K,   0% used [0x00007fc402c80000, 0x00007fc402c80000, 0x00007fc4070c0000)
  to   space 69888K,   0% used [0x00007fc3fe840000, 0x00007fc3fe840000, 0x00007fc402c80000)
 tenured generation   total 9786756K, used 8406522K [0x00007fc931b50000, 0x00007fcb870b1000, 0x00007fd3dc600000)
   the space 9786756K,  85% used [0x00007fc931b50000, 0x00007fcb32cce9f8, 0x00007fcb32ccea00, 0x00007fcb870b1000)
 Metaspace       used 31838K, capacity 32319K, committed 32512K, reserved 32768K
}
Event: 37.046 GC heap after
{Heap after GC invocations=17 (full 2):
 def new generation   total 629248K, used 69887K [0x00007fc3dc600000, 0x00007fc4070c0000, 0x00007fc931b50000)
  eden space 559360K,   0% used [0x00007fc3dc600000, 0x00007fc3dc600000, 0x00007fc3fe840000)
  from space 69888K,  99% used [0x00007fc3fe840000, 0x00007fc402c7fe08, 0x00007fc402c80000)
  to   space 69888K,   0% used [0x00007fc402c80000, 0x00007fc402c80000, 0x00007fc4070c0000)
 tenured generation   total 9786756K, used 8895957K [0x00007fc931b50000, 0x00007fcb870b1000, 0x00007fd3dc600000)
   the space 9786756K,  90% used [0x00007fc931b50000, 0x00007fcb50ac5680, 0x00007fcb50ac5800, 0x00007fcb870b1000)
 Metaspace       used 31838K, capacity 32319K, committed 32512K, reserved 32768K
}
Event: 37.396 GC heap before
{Heap before GC invocations=17 (full 2):
 def new generation   total 629248K, used 629247K [0x00007fc3dc600000, 0x00007fc4070c0000, 0x00007fc931b50000)
  eden space 559360K, 100% used [0x00007fc3dc600000, 0x00007fc3fe840000, 0x00007fc3fe840000)
  from space 69888K,  99% used [0x00007fc3fe840000, 0x00007fc402c7fe08, 0x00007fc402c80000)
  to   space 69888K,   0% used [0x00007fc402c80000, 0x00007fc402c80000, 0x00007fc4070c0000)
 tenured generation   total 9786756K, used 8895957K [0x00007fc931b50000, 0x00007fcb870b1000, 0x00007fd3dc600000)
   the space 9786756K,  90% used [0x00007fc931b50000, 0x00007fcb50ac5680, 0x00007fcb50ac5800, 0x00007fcb870b1000)
 Metaspace       used 31838K, capacity 32319K, committed 32512K, reserved 32768K
}
Event: 38.346 GC heap after
{Heap after GC invocations=18 (full 2):
 def new generation   total 629248K, used 69887K [0x00007fc3dc600000, 0x00007fc4070c0000, 0x00007fc931b50000)
  eden space 559360K,   0% used [0x00007fc3dc600000, 0x00007fc3dc600000, 0x00007fc3fe840000)
  from space 69888K,  99% used [0x00007fc402c80000, 0x00007fc4070bfe08, 0x00007fc4070c0000)
  to   space 69888K,   0% used [0x00007fc3fe840000, 0x00007fc3fe840000, 0x00007fc402c80000)
 tenured generation   total 9786756K, used 9455243K [0x00007fc931b50000, 0x00007fcb870b1000, 0x00007fd3dc600000)
   the space 9786756K,  96% used [0x00007fc931b50000, 0x00007fcb72cf2f60, 0x00007fcb72cf3000, 0x00007fcb870b1000)
 Metaspace       used 31838K, capacity 32319K, committed 32512K, reserved 32768K
}
Event: 38.726 GC heap before
{Heap before GC invocations=18 (full 2):
 def new generation   total 629248K, used 629247K [0x00007fc3dc600000, 0x00007fc4070c0000, 0x00007fc931b50000)
  eden space 559360K, 100% used [0x00007fc3dc600000, 0x00007fc3fe840000, 0x00007fc3fe840000)
  from space 69888K,  99% used [0x00007fc402c80000, 0x00007fc4070bfe08, 0x00007fc4070c0000)
  to   space 69888K,   0% used [0x00007fc3fe840000, 0x00007fc3fe840000, 0x00007fc402c80000)
 tenured generation   total 9786756K, used 9455243K [0x00007fc931b50000, 0x00007fcb870b1000, 0x00007fd3dc600000)
   the space 9786756K,  96% used [0x00007fc931b50000, 0x00007fcb72cf2f60, 0x00007fcb72cf3000, 0x00007fcb870b1000)
 Metaspace       used 31838K, capacity 32319K, committed 32512K, reserved 32768K
}
Event: 39.695 GC heap after
{Heap after GC invocations=19 (full 2):
 def new generation   total 629248K, used 69887K [0x00007fc3dc600000, 0x00007fc4070c0000, 0x00007fc931b50000)
  eden space 559360K,   0% used [0x00007fc3dc600000, 0x00007fc3dc600000, 0x00007fc3fe840000)
  from space 69888K,  99% used [0x00007fc3fe840000, 0x00007fc402c7fe08, 0x00007fc402c80000)
  to   space 69888K,   0% used [0x00007fc402c80000, 0x00007fc402c80000, 0x00007fc4070c0000)
 tenured generation   total 10014660K, used 10014572K [0x00007fc931b50000, 0x00007fcb94f41000, 0x00007fd3dc600000)
   the space 10014660K,  99% used [0x00007fc931b50000, 0x00007fcb94f2b238, 0x00007fcb94f2b400, 0x00007fcb94f41000)
 Metaspace       used 31838K, capacity 32319K, committed 32512K, reserved 32768K
}
Event: 39.695 GC heap before
{Heap before GC invocations=19 (full 2):
 def new generation   total 629248K, used 69887K [0x00007fc3dc600000, 0x00007fc4070c0000, 0x00007fc931b50000)
  eden space 559360K,   0% used [0x00007fc3dc600000, 0x00007fc3dc600000, 0x00007fc3fe840000)
  from space 69888K,  99% used [0x00007fc3fe840000, 0x00007fc402c7fe08, 0x00007fc402c80000)
  to   space 69888K,   0% used [0x00007fc402c80000, 0x00007fc402c80000, 0x00007fc4070c0000)
 tenured generation   total 10014660K, used 10014572K [0x00007fc931b50000, 0x00007fcb94f41000, 0x00007fd3dc600000)
   the space 10014660K,  99% used [0x00007fc931b50000, 0x00007fcb94f2b238, 0x00007fcb94f2b400, 0x00007fcb94f41000)
 Metaspace       used 31838K, capacity 32319K, committed 32512K, reserved 32768K
}

