# JRE version: OpenJDK Runtime Environment (13.0.7+5) (build 13.0.7+5-Ubuntu-0ubuntu120.04)
# Java VM: OpenJDK 64-Bit Server VM (13.0.7+5-Ubuntu-0ubuntu120.04, mixed mode, tiered, serial gc, linux-amd64)
Heap:
 def new generation   total 1745088K, used 13693K [0x00007fbf38600000, 0x00007fbfaeb80000, 0x00007fc48db50000)
  eden space 1551232K,   0% used [0x00007fbf38600000, 0x00007fbf3935f688, 0x00007fbf970e0000)
  from space 193856K,   0% used [0x00007fbf970e0000, 0x00007fbf970e0000, 0x00007fbfa2e30000)
  to   space 193856K,   0% used [0x00007fbfa2e30000, 0x00007fbfa2e30000, 0x00007fbfaeb80000)
 tenured generation   total 3878012K, used 3878011K [0x00007fc48db50000, 0x00007fc57a66f000, 0x00007fcf38600000)
   the space 3878012K,  99% used [0x00007fc48db50000, 0x00007fc57a66eed0, 0x00007fc57a66f000, 0x00007fc57a66f000)
 Metaspace       used 24810K, capacity 25263K, committed 25344K, reserved 26624K
GC Heap History (20 events):
Event: 4332.154 GC heap after
{Heap after GC invocations=7693 (full 4):
 def new generation   total 1745088K, used 13845K [0x00007fbf38600000, 0x00007fbfaeb80000, 0x00007fc48db50000)
  eden space 1551232K,   0% used [0x00007fbf38600000, 0x00007fbf38600000, 0x00007fbf970e0000)
  from space 193856K,   7% used [0x00007fbfa2e30000, 0x00007fbfa3bb5430, 0x00007fbfaeb80000)
  to   space 193856K,   0% used [0x00007fbf970e0000, 0x00007fbf970e0000, 0x00007fbfa2e30000)
 tenured generation   total 3877820K, used 3869808K [0x00007fc48db50000, 0x00007fc57a63f000, 0x00007fcf38600000)
   the space 3877820K,  99% used [0x00007fc48db50000, 0x00007fc579e6c2e8, 0x00007fc579e6c400, 0x00007fc57a63f000)
 Metaspace       used 24810K, capacity 25263K, committed 25344K, reserved 26624K
}
Event: 4333.171 GC heap before
{Heap before GC invocations=7693 (full 4):
 def new generation   total 1745088K, used 1565077K [0x00007fbf38600000, 0x00007fbfaeb80000, 0x00007fc48db50000)
  eden space 1551232K, 100% used [0x00007fbf38600000, 0x00007fbf970e0000, 0x00007fbf970e0000)
  from space 193856K,   7% used [0x00007fbfa2e30000, 0x00007fbfa3bb5430, 0x00007fbfaeb80000)
  to   space 193856K,   0% used [0x00007fbf970e0000, 0x00007fbf970e0000, 0x00007fbfa2e30000)
 tenured generation   total 3877820K, used 3869808K [0x00007fc48db50000, 0x00007fc57a63f000, 0x00007fcf38600000)
   the space 3877820K,  99% used [0x00007fc48db50000, 0x00007fc579e6c2e8, 0x00007fc579e6c400, 0x00007fc57a63f000)
 Metaspace       used 24810K, capacity 25263K, committed 25344K, reserved 26624K
}
Event: 4333.184 GC heap after
{Heap after GC invocations=7694 (full 4):
 def new generation   total 1745088K, used 13839K [0x00007fbf38600000, 0x00007fbfaeb80000, 0x00007fc48db50000)
  eden space 1551232K,   0% used [0x00007fbf38600000, 0x00007fbf38600000, 0x00007fbf970e0000)
  from space 193856K,   7% used [0x00007fbf970e0000, 0x00007fbf97e63c68, 0x00007fbfa2e30000)
  to   space 193856K,   0% used [0x00007fbfa2e30000, 0x00007fbfa2e30000, 0x00007fbfaeb80000)
 tenured generation   total 3877820K, used 3870725K [0x00007fc48db50000, 0x00007fc57a63f000, 0x00007fcf38600000)
   the space 3877820K,  99% used [0x00007fc48db50000, 0x00007fc579f51438, 0x00007fc579f51600, 0x00007fc57a63f000)
 Metaspace       used 24810K, capacity 25263K, committed 25344K, reserved 26624K
}
Event: 4334.174 GC heap before
{Heap before GC invocations=7694 (full 4):
 def new generation   total 1745088K, used 1565071K [0x00007fbf38600000, 0x00007fbfaeb80000, 0x00007fc48db50000)
  eden space 1551232K, 100% used [0x00007fbf38600000, 0x00007fbf970e0000, 0x00007fbf970e0000)
  from space 193856K,   7% used [0x00007fbf970e0000, 0x00007fbf97e63c68, 0x00007fbfa2e30000)
  to   space 193856K,   0% used [0x00007fbfa2e30000, 0x00007fbfa2e30000, 0x00007fbfaeb80000)
 tenured generation   total 3877820K, used 3870725K [0x00007fc48db50000, 0x00007fc57a63f000, 0x00007fcf38600000)
   the space 3877820K,  99% used [0x00007fc48db50000, 0x00007fc579f51438, 0x00007fc579f51600, 0x00007fc57a63f000)
 Metaspace       used 24810K, capacity 25263K, committed 25344K, reserved 26624K
}
Event: 4334.188 GC heap after
{Heap after GC invocations=7695 (full 4):
 def new generation   total 1745088K, used 13826K [0x00007fbf38600000, 0x00007fbfaeb80000, 0x00007fc48db50000)
  eden space 1551232K,   0% used [0x00007fbf38600000, 0x00007fbf38600000, 0x00007fbf970e0000)
  from space 193856K,   7% used [0x00007fbfa2e30000, 0x00007fbfa3bb0840, 0x00007fbfaeb80000)
  to   space 193856K,   0% used [0x00007fbf970e0000, 0x00007fbf970e0000, 0x00007fbfa2e30000)
 tenured generation   total 3877820K, used 3871641K [0x00007fc48db50000, 0x00007fc57a63f000, 0x00007fcf38600000)
   the space 3877820K,  99% used [0x00007fc48db50000, 0x00007fc57a036588, 0x00007fc57a036600, 0x00007fc57a63f000)
 Metaspace       used 24810K, capacity 25263K, committed 25344K, reserved 26624K
}
Event: 4335.224 GC heap before
{Heap before GC invocations=7695 (full 4):
 def new generation   total 1745088K, used 1565058K [0x00007fbf38600000, 0x00007fbfaeb80000, 0x00007fc48db50000)
  eden space 1551232K, 100% used [0x00007fbf38600000, 0x00007fbf970e0000, 0x00007fbf970e0000)
  from space 193856K,   7% used [0x00007fbfa2e30000, 0x00007fbfa3bb0840, 0x00007fbfaeb80000)
  to   space 193856K,   0% used [0x00007fbf970e0000, 0x00007fbf970e0000, 0x00007fbfa2e30000)
 tenured generation   total 3877820K, used 3871641K [0x00007fc48db50000, 0x00007fc57a63f000, 0x00007fcf38600000)
   the space 3877820K,  99% used [0x00007fc48db50000, 0x00007fc57a036588, 0x00007fc57a036600, 0x00007fc57a63f000)
 Metaspace       used 24810K, capacity 25263K, committed 25344K, reserved 26624K
}
Event: 4335.237 GC heap after
{Heap after GC invocations=7696 (full 4):
 def new generation   total 1745088K, used 13821K [0x00007fbf38600000, 0x00007fbfaeb80000, 0x00007fc48db50000)
  eden space 1551232K,   0% used [0x00007fbf38600000, 0x00007fbf38600000, 0x00007fbf970e0000)
  from space 193856K,   7% used [0x00007fbf970e0000, 0x00007fbf97e5f428, 0x00007fbfa2e30000)
  to   space 193856K,   0% used [0x00007fbfa2e30000, 0x00007fbfa2e30000, 0x00007fbfaeb80000)
 tenured generation   total 3877820K, used 3872557K [0x00007fc48db50000, 0x00007fc57a63f000, 0x00007fcf38600000)
   the space 3877820K,  99% used [0x00007fc48db50000, 0x00007fc57a11b6d8, 0x00007fc57a11b800, 0x00007fc57a63f000)
 Metaspace       used 24810K, capacity 25263K, committed 25344K, reserved 26624K
}
Event: 4336.196 GC heap before
{Heap before GC invocations=7696 (full 4):
 def new generation   total 1745088K, used 1565053K [0x00007fbf38600000, 0x00007fbfaeb80000, 0x00007fc48db50000)
  eden space 1551232K, 100% used [0x00007fbf38600000, 0x00007fbf970e0000, 0x00007fbf970e0000)
  from space 193856K,   7% used [0x00007fbf970e0000, 0x00007fbf97e5f428, 0x00007fbfa2e30000)
  to   space 193856K,   0% used [0x00007fbfa2e30000, 0x00007fbfa2e30000, 0x00007fbfaeb80000)
 tenured generation   total 3877820K, used 3872557K [0x00007fc48db50000, 0x00007fc57a63f000, 0x00007fcf38600000)
   the space 3877820K,  99% used [0x00007fc48db50000, 0x00007fc57a11b6d8, 0x00007fc57a11b800, 0x00007fc57a63f000)
 Metaspace       used 24810K, capacity 25263K, committed 25344K, reserved 26624K
}
Event: 4336.207 GC heap after
{Heap after GC invocations=7697 (full 4):
 def new generation   total 1745088K, used 13817K [0x00007fbf38600000, 0x00007fbfaeb80000, 0x00007fc48db50000)
  eden space 1551232K,   0% used [0x00007fbf38600000, 0x00007fbf38600000, 0x00007fbf970e0000)
  from space 193856K,   7% used [0x00007fbfa2e30000, 0x00007fbfa3bae7e0, 0x00007fbfaeb80000)
  to   space 193856K,   0% used [0x00007fbf970e0000, 0x00007fbf970e0000, 0x00007fbfa2e30000)
 tenured generation   total 3877820K, used 3873474K [0x00007fc48db50000, 0x00007fc57a63f000, 0x00007fcf38600000)
   the space 3877820K,  99% used [0x00007fc48db50000, 0x00007fc57a200828, 0x00007fc57a200a00, 0x00007fc57a63f000)
 Metaspace       used 24810K, capacity 25263K, committed 25344K, reserved 26624K
}
Event: 4337.184 GC heap before
{Heap before GC invocations=7697 (full 4):
 def new generation   total 1745088K, used 1565049K [0x00007fbf38600000, 0x00007fbfaeb80000, 0x00007fc48db50000)
  eden space 1551232K, 100% used [0x00007fbf38600000, 0x00007fbf970e0000, 0x00007fbf970e0000)
  from space 193856K,   7% used [0x00007fbfa2e30000, 0x00007fbfa3bae7e0, 0x00007fbfaeb80000)
  to   space 193856K,   0% used [0x00007fbf970e0000, 0x00007fbf970e0000, 0x00007fbfa2e30000)
 tenured generation   total 3877820K, used 3873474K [0x00007fc48db50000, 0x00007fc57a63f000, 0x00007fcf38600000)
   the space 3877820K,  99% used [0x00007fc48db50000, 0x00007fc57a200828, 0x00007fc57a200a00, 0x00007fc57a63f000)
 Metaspace       used 24810K, capacity 25263K, committed 25344K, reserved 26624K
}
Event: 4337.197 GC heap after
{Heap after GC invocations=7698 (full 4):
 def new generation   total 1745088K, used 13805K [0x00007fbf38600000, 0x00007fbfaeb80000, 0x00007fc48db50000)
  eden space 1551232K,   0% used [0x00007fbf38600000, 0x00007fbf38600000, 0x00007fbf970e0000)
  from space 193856K,   7% used [0x00007fbf970e0000, 0x00007fbf97e5b758, 0x00007fbfa2e30000)
  to   space 193856K,   0% used [0x00007fbfa2e30000, 0x00007fbfa2e30000, 0x00007fbfaeb80000)
 tenured generation   total 3877820K, used 3874390K [0x00007fc48db50000, 0x00007fc57a63f000, 0x00007fcf38600000)
   the space 3877820K,  99% used [0x00007fc48db50000, 0x00007fc57a2e5978, 0x00007fc57a2e5a00, 0x00007fc57a63f000)
 Metaspace       used 24810K, capacity 25263K, committed 25344K, reserved 26624K
}
Event: 4338.256 GC heap before
{Heap before GC invocations=7698 (full 4):
 def new generation   total 1745088K, used 1565037K [0x00007fbf38600000, 0x00007fbfaeb80000, 0x00007fc48db50000)
  eden space 1551232K, 100% used [0x00007fbf38600000, 0x00007fbf970e0000, 0x00007fbf970e0000)
  from space 193856K,   7% used [0x00007fbf970e0000, 0x00007fbf97e5b758, 0x00007fbfa2e30000)
  to   space 193856K,   0% used [0x00007fbfa2e30000, 0x00007fbfa2e30000, 0x00007fbfaeb80000)
 tenured generation   total 3877820K, used 3874390K [0x00007fc48db50000, 0x00007fc57a63f000, 0x00007fcf38600000)
   the space 3877820K,  99% used [0x00007fc48db50000, 0x00007fc57a2e5978, 0x00007fc57a2e5a00, 0x00007fc57a63f000)
 Metaspace       used 24810K, capacity 25263K, committed 25344K, reserved 26624K
}
Event: 4338.269 GC heap after
{Heap after GC invocations=7699 (full 4):
 def new generation   total 1745088K, used 13868K [0x00007fbf38600000, 0x00007fbfaeb80000, 0x00007fc48db50000)
  eden space 1551232K,   0% used [0x00007fbf38600000, 0x00007fbf38600000, 0x00007fbf970e0000)
  from space 193856K,   7% used [0x00007fbfa2e30000, 0x00007fbfa3bbb028, 0x00007fbfaeb80000)
  to   space 193856K,   0% used [0x00007fbf970e0000, 0x00007fbf970e0000, 0x00007fbfa2e30000)
 tenured generation   total 3877820K, used 3875215K [0x00007fc48db50000, 0x00007fc57a63f000, 0x00007fcf38600000)
   the space 3877820K,  99% used [0x00007fc48db50000, 0x00007fc57a3b3c40, 0x00007fc57a3b3e00, 0x00007fc57a63f000)
 Metaspace       used 24810K, capacity 25263K, committed 25344K, reserved 26624K
}
Event: 4339.240 GC heap before
{Heap before GC invocations=7699 (full 4):
 def new generation   total 1745088K, used 1565100K [0x00007fbf38600000, 0x00007fbfaeb80000, 0x00007fc48db50000)
  eden space 1551232K, 100% used [0x00007fbf38600000, 0x00007fbf970e0000, 0x00007fbf970e0000)
  from space 193856K,   7% used [0x00007fbfa2e30000, 0x00007fbfa3bbb028, 0x00007fbfaeb80000)
  to   space 193856K,   0% used [0x00007fbf970e0000, 0x00007fbf970e0000, 0x00007fbfa2e30000)
 tenured generation   total 3877820K, used 3875215K [0x00007fc48db50000, 0x00007fc57a63f000, 0x00007fcf38600000)
   the space 3877820K,  99% used [0x00007fc48db50000, 0x00007fc57a3b3c40, 0x00007fc57a3b3e00, 0x00007fc57a63f000)
 Metaspace       used 24810K, capacity 25263K, committed 25344K, reserved 26624K
}
Event: 4339.252 GC heap after
{Heap after GC invocations=7700 (full 4):
 def new generation   total 1745088K, used 13844K [0x00007fbf38600000, 0x00007fbfaeb80000, 0x00007fc48db50000)
  eden space 1551232K,   0% used [0x00007fbf38600000, 0x00007fbf38600000, 0x00007fbf970e0000)
  from space 193856K,   7% used [0x00007fbf970e0000, 0x00007fbf97e65348, 0x00007fbfa2e30000)
  to   space 193856K,   0% used [0x00007fbfa2e30000, 0x00007fbfa2e30000, 0x00007fbfaeb80000)
 tenured generation   total 3877820K, used 3876131K [0x00007fc48db50000, 0x00007fc57a63f000, 0x00007fcf38600000)
   the space 3877820K,  99% used [0x00007fc48db50000, 0x00007fc57a498d90, 0x00007fc57a498e00, 0x00007fc57a63f000)
 Metaspace       used 24810K, capacity 25263K, committed 25344K, reserved 26624K
}
Event: 4340.218 GC heap before
{Heap before GC invocations=7700 (full 4):
 def new generation   total 1745088K, used 1565076K [0x00007fbf38600000, 0x00007fbfaeb80000, 0x00007fc48db50000)
  eden space 1551232K, 100% used [0x00007fbf38600000, 0x00007fbf970e0000, 0x00007fbf970e0000)
  from space 193856K,   7% used [0x00007fbf970e0000, 0x00007fbf97e65348, 0x00007fbfa2e30000)
  to   space 193856K,   0% used [0x00007fbfa2e30000, 0x00007fbfa2e30000, 0x00007fbfaeb80000)
 tenured generation   total 3877820K, used 3876131K [0x00007fc48db50000, 0x00007fc57a63f000, 0x00007fcf38600000)
   the space 3877820K,  99% used [0x00007fc48db50000, 0x00007fc57a498d90, 0x00007fc57a498e00, 0x00007fc57a63f000)
 Metaspace       used 24810K, capacity 25263K, committed 25344K, reserved 26624K
}
Event: 4340.232 GC heap after
{Heap after GC invocations=7701 (full 4):
 def new generation   total 1745088K, used 13839K [0x00007fbf38600000, 0x00007fbfaeb80000, 0x00007fc48db50000)
  eden space 1551232K,   0% used [0x00007fbf38600000, 0x00007fbf38600000, 0x00007fbf970e0000)
  from space 193856K,   7% used [0x00007fbfa2e30000, 0x00007fbfa3bb3de8, 0x00007fbfaeb80000)
  to   space 193856K,   0% used [0x00007fbf970e0000, 0x00007fbf970e0000, 0x00007fbfa2e30000)
 tenured generation   total 3877820K, used 3877047K [0x00007fc48db50000, 0x00007fc57a63f000, 0x00007fcf38600000)
   the space 3877820K,  99% used [0x00007fc48db50000, 0x00007fc57a57dee0, 0x00007fc57a57e000, 0x00007fc57a63f000)
 Metaspace       used 24810K, capacity 25263K, committed 25344K, reserved 26624K
}
Event: 4341.220 GC heap before
{Heap before GC invocations=7701 (full 4):
 def new generation   total 1745088K, used 1565071K [0x00007fbf38600000, 0x00007fbfaeb80000, 0x00007fc48db50000)
  eden space 1551232K, 100% used [0x00007fbf38600000, 0x00007fbf970e0000, 0x00007fbf970e0000)
  from space 193856K,   7% used [0x00007fbfa2e30000, 0x00007fbfa3bb3de8, 0x00007fbfaeb80000)
  to   space 193856K,   0% used [0x00007fbf970e0000, 0x00007fbf970e0000, 0x00007fbfa2e30000)
 tenured generation   total 3877820K, used 3877047K [0x00007fc48db50000, 0x00007fc57a63f000, 0x00007fcf38600000)
   the space 3877820K,  99% used [0x00007fc48db50000, 0x00007fc57a57dee0, 0x00007fc57a57e000, 0x00007fc57a63f000)
 Metaspace       used 24810K, capacity 25263K, committed 25344K, reserved 26624K
}
Event: 4341.238 GC heap after
{Heap after GC invocations=7702 (full 4):
 def new generation   total 1745088K, used 13837K [0x00007fbf38600000, 0x00007fbfaeb80000, 0x00007fc48db50000)
  eden space 1551232K,   0% used [0x00007fbf38600000, 0x00007fbf38600000, 0x00007fbf970e0000)
  from space 193856K,   7% used [0x00007fbf970e0000, 0x00007fbf97e635d0, 0x00007fbfa2e30000)
  to   space 193856K,   0% used [0x00007fbfa2e30000, 0x00007fbfa2e30000, 0x00007fbfaeb80000)
 tenured generation   total 3878012K, used 3877964K [0x00007fc48db50000, 0x00007fc57a66f000, 0x00007fcf38600000)
   the space 3878012K,  99% used [0x00007fc48db50000, 0x00007fc57a663030, 0x00007fc57a663200, 0x00007fc57a66f000)
 Metaspace       used 24810K, capacity 25263K, committed 25344K, reserved 26624K
}
Event: 4341.239 GC heap before
{Heap before GC invocations=7702 (full 4):
 def new generation   total 1745088K, used 13837K [0x00007fbf38600000, 0x00007fbfaeb80000, 0x00007fc48db50000)
  eden space 1551232K,   0% used [0x00007fbf38600000, 0x00007fbf38600000, 0x00007fbf970e0000)
  from space 193856K,   7% used [0x00007fbf970e0000, 0x00007fbf97e635d0, 0x00007fbfa2e30000)
  to   space 193856K,   0% used [0x00007fbfa2e30000, 0x00007fbfa2e30000, 0x00007fbfaeb80000)
 tenured generation   total 3878012K, used 3877964K [0x00007fc48db50000, 0x00007fc57a66f000, 0x00007fcf38600000)
   the space 3878012K,  99% used [0x00007fc48db50000, 0x00007fc57a663030, 0x00007fc57a663200, 0x00007fc57a66f000)
 Metaspace       used 24810K, capacity 25263K, committed 25344K, reserved 26624K
}

