# JRE version: OpenJDK Runtime Environment (13.0.7+5) (build 13.0.7+5-Ubuntu-0ubuntu120.04)
# Java VM: OpenJDK 64-Bit Server VM (13.0.7+5-Ubuntu-0ubuntu120.04, mixed mode, tiered, serial gc, linux-amd64)
Heap:
 def new generation   total 629248K, used 1560K [0x00007fbc34600000, 0x00007fbc5f0c0000, 0x00007fc6df0a0000)
  eden space 559360K,   0% used [0x00007fbc34600000, 0x00007fbc347860f8, 0x00007fbc56840000)
  from space 69888K,   0% used [0x00007fbc5ac80000, 0x00007fbc5ac80000, 0x00007fbc5f0c0000)
  to   space 69888K,   0% used [0x00007fbc56840000, 0x00007fbc56840000, 0x00007fbc5ac80000)
 tenured generation   total 1398336K, used 1398335K [0x00007fc6df0a0000, 0x00007fc734630000, 0x00007fdc34600000)
   the space 1398336K,  99% used [0x00007fc6df0a0000, 0x00007fc73462fff8, 0x00007fc734630000, 0x00007fc734630000)
 Metaspace       used 25004K, capacity 25461K, committed 25600K, reserved 26624K
GC Heap History (20 events):
Event: 3744.845 GC heap after
{Heap after GC invocations=12599 (full 1):
 def new generation   total 629248K, used 1711K [0x00007fbc34600000, 0x00007fbc5f0c0000, 0x00007fc6df0a0000)
  eden space 559360K,   0% used [0x00007fbc34600000, 0x00007fbc34600000, 0x00007fbc56840000)
  from space 69888K,   2% used [0x00007fbc56840000, 0x00007fbc569ebfe0, 0x00007fbc5ac80000)
  to   space 69888K,   0% used [0x00007fbc5ac80000, 0x00007fbc5ac80000, 0x00007fbc5f0c0000)
 tenured generation   total 1398144K, used 1397255K [0x00007fc6df0a0000, 0x00007fc734600000, 0x00007fdc34600000)
   the space 1398144K,  99% used [0x00007fc6df0a0000, 0x00007fc734521d78, 0x00007fc734521e00, 0x00007fc734600000)
 Metaspace       used 25004K, capacity 25461K, committed 25600K, reserved 26624K
}
Event: 3745.138 GC heap before
{Heap before GC invocations=12599 (full 1):
 def new generation   total 629248K, used 561071K [0x00007fbc34600000, 0x00007fbc5f0c0000, 0x00007fc6df0a0000)
  eden space 559360K, 100% used [0x00007fbc34600000, 0x00007fbc56840000, 0x00007fbc56840000)
  from space 69888K,   2% used [0x00007fbc56840000, 0x00007fbc569ebfe0, 0x00007fbc5ac80000)
  to   space 69888K,   0% used [0x00007fbc5ac80000, 0x00007fbc5ac80000, 0x00007fbc5f0c0000)
 tenured generation   total 1398144K, used 1397255K [0x00007fc6df0a0000, 0x00007fc734600000, 0x00007fdc34600000)
   the space 1398144K,  99% used [0x00007fc6df0a0000, 0x00007fc734521d78, 0x00007fc734521e00, 0x00007fc734600000)
 Metaspace       used 25004K, capacity 25461K, committed 25600K, reserved 26624K
}
Event: 3745.141 GC heap after
{Heap after GC invocations=12600 (full 1):
 def new generation   total 629248K, used 1717K [0x00007fbc34600000, 0x00007fbc5f0c0000, 0x00007fc6df0a0000)
  eden space 559360K,   0% used [0x00007fbc34600000, 0x00007fbc34600000, 0x00007fbc56840000)
  from space 69888K,   2% used [0x00007fbc5ac80000, 0x00007fbc5ae2d630, 0x00007fbc5f0c0000)
  to   space 69888K,   0% used [0x00007fbc56840000, 0x00007fbc56840000, 0x00007fbc5ac80000)
 tenured generation   total 1398144K, used 1397349K [0x00007fc6df0a0000, 0x00007fc734600000, 0x00007fdc34600000)
   the space 1398144K,  99% used [0x00007fc6df0a0000, 0x00007fc734539748, 0x00007fc734539800, 0x00007fc734600000)
 Metaspace       used 25004K, capacity 25461K, committed 25600K, reserved 26624K
}
Event: 3745.435 GC heap before
{Heap before GC invocations=12600 (full 1):
 def new generation   total 629248K, used 561077K [0x00007fbc34600000, 0x00007fbc5f0c0000, 0x00007fc6df0a0000)
  eden space 559360K, 100% used [0x00007fbc34600000, 0x00007fbc56840000, 0x00007fbc56840000)
  from space 69888K,   2% used [0x00007fbc5ac80000, 0x00007fbc5ae2d630, 0x00007fbc5f0c0000)
  to   space 69888K,   0% used [0x00007fbc56840000, 0x00007fbc56840000, 0x00007fbc5ac80000)
 tenured generation   total 1398144K, used 1397349K [0x00007fc6df0a0000, 0x00007fc734600000, 0x00007fdc34600000)
   the space 1398144K,  99% used [0x00007fc6df0a0000, 0x00007fc734539748, 0x00007fc734539800, 0x00007fc734600000)
 Metaspace       used 25004K, capacity 25461K, committed 25600K, reserved 26624K
}
Event: 3745.437 GC heap after
{Heap after GC invocations=12601 (full 1):
 def new generation   total 629248K, used 1705K [0x00007fbc34600000, 0x00007fbc5f0c0000, 0x00007fc6df0a0000)
  eden space 559360K,   0% used [0x00007fbc34600000, 0x00007fbc34600000, 0x00007fbc56840000)
  from space 69888K,   2% used [0x00007fbc56840000, 0x00007fbc569ea490, 0x00007fbc5ac80000)
  to   space 69888K,   0% used [0x00007fbc5ac80000, 0x00007fbc5ac80000, 0x00007fbc5f0c0000)
 tenured generation   total 1398144K, used 1397475K [0x00007fc6df0a0000, 0x00007fc734600000, 0x00007fdc34600000)
   the space 1398144K,  99% used [0x00007fc6df0a0000, 0x00007fc734558f08, 0x00007fc734559000, 0x00007fc734600000)
 Metaspace       used 25004K, capacity 25461K, committed 25600K, reserved 26624K
}
Event: 3745.732 GC heap before
{Heap before GC invocations=12601 (full 1):
 def new generation   total 629248K, used 561065K [0x00007fbc34600000, 0x00007fbc5f0c0000, 0x00007fc6df0a0000)
  eden space 559360K, 100% used [0x00007fbc34600000, 0x00007fbc56840000, 0x00007fbc56840000)
  from space 69888K,   2% used [0x00007fbc56840000, 0x00007fbc569ea490, 0x00007fbc5ac80000)
  to   space 69888K,   0% used [0x00007fbc5ac80000, 0x00007fbc5ac80000, 0x00007fbc5f0c0000)
 tenured generation   total 1398144K, used 1397475K [0x00007fc6df0a0000, 0x00007fc734600000, 0x00007fdc34600000)
   the space 1398144K,  99% used [0x00007fc6df0a0000, 0x00007fc734558f08, 0x00007fc734559000, 0x00007fc734600000)
 Metaspace       used 25004K, capacity 25461K, committed 25600K, reserved 26624K
}
Event: 3745.734 GC heap after
{Heap after GC invocations=12602 (full 1):
 def new generation   total 629248K, used 1690K [0x00007fbc34600000, 0x00007fbc5f0c0000, 0x00007fc6df0a0000)
  eden space 559360K,   0% used [0x00007fbc34600000, 0x00007fbc34600000, 0x00007fbc56840000)
  from space 69888K,   2% used [0x00007fbc5ac80000, 0x00007fbc5ae26818, 0x00007fbc5f0c0000)
  to   space 69888K,   0% used [0x00007fbc56840000, 0x00007fbc56840000, 0x00007fbc5ac80000)
 tenured generation   total 1398144K, used 1397570K [0x00007fc6df0a0000, 0x00007fc734600000, 0x00007fdc34600000)
   the space 1398144K,  99% used [0x00007fc6df0a0000, 0x00007fc7345708d8, 0x00007fc734570a00, 0x00007fc734600000)
 Metaspace       used 25004K, capacity 25461K, committed 25600K, reserved 26624K
}
Event: 3746.030 GC heap before
{Heap before GC invocations=12602 (full 1):
 def new generation   total 629248K, used 561050K [0x00007fbc34600000, 0x00007fbc5f0c0000, 0x00007fc6df0a0000)
  eden space 559360K, 100% used [0x00007fbc34600000, 0x00007fbc56840000, 0x00007fbc56840000)
  from space 69888K,   2% used [0x00007fbc5ac80000, 0x00007fbc5ae26818, 0x00007fbc5f0c0000)
  to   space 69888K,   0% used [0x00007fbc56840000, 0x00007fbc56840000, 0x00007fbc5ac80000)
 tenured generation   total 1398144K, used 1397570K [0x00007fc6df0a0000, 0x00007fc734600000, 0x00007fdc34600000)
   the space 1398144K,  99% used [0x00007fc6df0a0000, 0x00007fc7345708d8, 0x00007fc734570a00, 0x00007fc734600000)
 Metaspace       used 25004K, capacity 25461K, committed 25600K, reserved 26624K
}
Event: 3746.032 GC heap after
{Heap after GC invocations=12603 (full 1):
 def new generation   total 629248K, used 1722K [0x00007fbc34600000, 0x00007fbc5f0c0000, 0x00007fc6df0a0000)
  eden space 559360K,   0% used [0x00007fbc34600000, 0x00007fbc34600000, 0x00007fbc56840000)
  from space 69888K,   2% used [0x00007fbc56840000, 0x00007fbc569eeb90, 0x00007fbc5ac80000)
  to   space 69888K,   0% used [0x00007fbc5ac80000, 0x00007fbc5ac80000, 0x00007fbc5f0c0000)
 tenured generation   total 1398144K, used 1397664K [0x00007fc6df0a0000, 0x00007fc734600000, 0x00007fdc34600000)
   the space 1398144K,  99% used [0x00007fc6df0a0000, 0x00007fc7345882a8, 0x00007fc734588400, 0x00007fc734600000)
 Metaspace       used 25004K, capacity 25461K, committed 25600K, reserved 26624K
}
Event: 3746.326 GC heap before
{Heap before GC invocations=12603 (full 1):
 def new generation   total 629248K, used 561082K [0x00007fbc34600000, 0x00007fbc5f0c0000, 0x00007fc6df0a0000)
  eden space 559360K, 100% used [0x00007fbc34600000, 0x00007fbc56840000, 0x00007fbc56840000)
  from space 69888K,   2% used [0x00007fbc56840000, 0x00007fbc569eeb90, 0x00007fbc5ac80000)
  to   space 69888K,   0% used [0x00007fbc5ac80000, 0x00007fbc5ac80000, 0x00007fbc5f0c0000)
 tenured generation   total 1398144K, used 1397664K [0x00007fc6df0a0000, 0x00007fc734600000, 0x00007fdc34600000)
   the space 1398144K,  99% used [0x00007fc6df0a0000, 0x00007fc7345882a8, 0x00007fc734588400, 0x00007fc734600000)
 Metaspace       used 25004K, capacity 25461K, committed 25600K, reserved 26624K
}
Event: 3746.328 GC heap after
{Heap after GC invocations=12604 (full 1):
 def new generation   total 629248K, used 1673K [0x00007fbc34600000, 0x00007fbc5f0c0000, 0x00007fc6df0a0000)
  eden space 559360K,   0% used [0x00007fbc34600000, 0x00007fbc34600000, 0x00007fbc56840000)
  from space 69888K,   2% used [0x00007fbc5ac80000, 0x00007fbc5ae22680, 0x00007fbc5f0c0000)
  to   space 69888K,   0% used [0x00007fbc56840000, 0x00007fbc56840000, 0x00007fbc5ac80000)
 tenured generation   total 1398144K, used 1397792K [0x00007fc6df0a0000, 0x00007fc734600000, 0x00007fdc34600000)
   the space 1398144K,  99% used [0x00007fc6df0a0000, 0x00007fc7345a8220, 0x00007fc7345a8400, 0x00007fc734600000)
 Metaspace       used 25004K, capacity 25461K, committed 25600K, reserved 26624K
}
Event: 3746.622 GC heap before
{Heap before GC invocations=12604 (full 1):
 def new generation   total 629248K, used 561033K [0x00007fbc34600000, 0x00007fbc5f0c0000, 0x00007fc6df0a0000)
  eden space 559360K, 100% used [0x00007fbc34600000, 0x00007fbc56840000, 0x00007fbc56840000)
  from space 69888K,   2% used [0x00007fbc5ac80000, 0x00007fbc5ae22680, 0x00007fbc5f0c0000)
  to   space 69888K,   0% used [0x00007fbc56840000, 0x00007fbc56840000, 0x00007fbc5ac80000)
 tenured generation   total 1398144K, used 1397792K [0x00007fc6df0a0000, 0x00007fc734600000, 0x00007fdc34600000)
   the space 1398144K,  99% used [0x00007fc6df0a0000, 0x00007fc7345a8220, 0x00007fc7345a8400, 0x00007fc734600000)
 Metaspace       used 25004K, capacity 25461K, committed 25600K, reserved 26624K
}
Event: 3746.625 GC heap after
{Heap after GC invocations=12605 (full 1):
 def new generation   total 629248K, used 1730K [0x00007fbc34600000, 0x00007fbc5f0c0000, 0x00007fc6df0a0000)
  eden space 559360K,   0% used [0x00007fbc34600000, 0x00007fbc34600000, 0x00007fbc56840000)
  from space 69888K,   2% used [0x00007fbc56840000, 0x00007fbc569f0818, 0x00007fbc5ac80000)
  to   space 69888K,   0% used [0x00007fbc5ac80000, 0x00007fbc5ac80000, 0x00007fbc5f0c0000)
 tenured generation   total 1398144K, used 1397886K [0x00007fc6df0a0000, 0x00007fc734600000, 0x00007fdc34600000)
   the space 1398144K,  99% used [0x00007fc6df0a0000, 0x00007fc7345bfbf0, 0x00007fc7345bfc00, 0x00007fc734600000)
 Metaspace       used 25004K, capacity 25461K, committed 25600K, reserved 26624K
}
Event: 3746.922 GC heap before
{Heap before GC invocations=12605 (full 1):
 def new generation   total 629248K, used 561090K [0x00007fbc34600000, 0x00007fbc5f0c0000, 0x00007fc6df0a0000)
  eden space 559360K, 100% used [0x00007fbc34600000, 0x00007fbc56840000, 0x00007fbc56840000)
  from space 69888K,   2% used [0x00007fbc56840000, 0x00007fbc569f0818, 0x00007fbc5ac80000)
  to   space 69888K,   0% used [0x00007fbc5ac80000, 0x00007fbc5ac80000, 0x00007fbc5f0c0000)
 tenured generation   total 1398144K, used 1397886K [0x00007fc6df0a0000, 0x00007fc734600000, 0x00007fdc34600000)
   the space 1398144K,  99% used [0x00007fc6df0a0000, 0x00007fc7345bfbf0, 0x00007fc7345bfc00, 0x00007fc734600000)
 Metaspace       used 25004K, capacity 25461K, committed 25600K, reserved 26624K
}
Event: 3746.925 GC heap after
{Heap after GC invocations=12606 (full 1):
 def new generation   total 629248K, used 1683K [0x00007fbc34600000, 0x00007fbc5f0c0000, 0x00007fc6df0a0000)
  eden space 559360K,   0% used [0x00007fbc34600000, 0x00007fbc34600000, 0x00007fbc56840000)
  from space 69888K,   2% used [0x00007fbc5ac80000, 0x00007fbc5ae24d28, 0x00007fbc5f0c0000)
  to   space 69888K,   0% used [0x00007fbc56840000, 0x00007fbc56840000, 0x00007fbc5ac80000)
 tenured generation   total 1398144K, used 1398012K [0x00007fc6df0a0000, 0x00007fc734600000, 0x00007fdc34600000)
   the space 1398144K,  99% used [0x00007fc6df0a0000, 0x00007fc7345df3b0, 0x00007fc7345df400, 0x00007fc734600000)
 Metaspace       used 25004K, capacity 25461K, committed 25600K, reserved 26624K
}
Event: 3747.221 GC heap before
{Heap before GC invocations=12606 (full 1):
 def new generation   total 629248K, used 561043K [0x00007fbc34600000, 0x00007fbc5f0c0000, 0x00007fc6df0a0000)
  eden space 559360K, 100% used [0x00007fbc34600000, 0x00007fbc56840000, 0x00007fbc56840000)
  from space 69888K,   2% used [0x00007fbc5ac80000, 0x00007fbc5ae24d28, 0x00007fbc5f0c0000)
  to   space 69888K,   0% used [0x00007fbc56840000, 0x00007fbc56840000, 0x00007fbc5ac80000)
 tenured generation   total 1398144K, used 1398012K [0x00007fc6df0a0000, 0x00007fc734600000, 0x00007fdc34600000)
   the space 1398144K,  99% used [0x00007fc6df0a0000, 0x00007fc7345df3b0, 0x00007fc7345df400, 0x00007fc734600000)
 Metaspace       used 25004K, capacity 25461K, committed 25600K, reserved 26624K
}
Event: 3747.223 GC heap after
{Heap after GC invocations=12607 (full 1):
 def new generation   total 629248K, used 1707K [0x00007fbc34600000, 0x00007fbc5f0c0000, 0x00007fc6df0a0000)
  eden space 559360K,   0% used [0x00007fbc34600000, 0x00007fbc34600000, 0x00007fbc56840000)
  from space 69888K,   2% used [0x00007fbc56840000, 0x00007fbc569eac48, 0x00007fbc5ac80000)
  to   space 69888K,   0% used [0x00007fbc5ac80000, 0x00007fbc5ac80000, 0x00007fbc5f0c0000)
 tenured generation   total 1398144K, used 1398107K [0x00007fc6df0a0000, 0x00007fc734600000, 0x00007fdc34600000)
   the space 1398144K,  99% used [0x00007fc6df0a0000, 0x00007fc7345f6d80, 0x00007fc7345f6e00, 0x00007fc734600000)
 Metaspace       used 25004K, capacity 25461K, committed 25600K, reserved 26624K
}
Event: 3747.519 GC heap before
{Heap before GC invocations=12607 (full 1):
 def new generation   total 629248K, used 561067K [0x00007fbc34600000, 0x00007fbc5f0c0000, 0x00007fc6df0a0000)
  eden space 559360K, 100% used [0x00007fbc34600000, 0x00007fbc56840000, 0x00007fbc56840000)
  from space 69888K,   2% used [0x00007fbc56840000, 0x00007fbc569eac48, 0x00007fbc5ac80000)
  to   space 69888K,   0% used [0x00007fbc5ac80000, 0x00007fbc5ac80000, 0x00007fbc5f0c0000)
 tenured generation   total 1398144K, used 1398107K [0x00007fc6df0a0000, 0x00007fc734600000, 0x00007fdc34600000)
   the space 1398144K,  99% used [0x00007fc6df0a0000, 0x00007fc7345f6d80, 0x00007fc7345f6e00, 0x00007fc734600000)
 Metaspace       used 25004K, capacity 25461K, committed 25600K, reserved 26624K
}
Event: 3747.526 GC heap after
{Heap after GC invocations=12608 (full 1):
 def new generation   total 629248K, used 1662K [0x00007fbc34600000, 0x00007fbc5f0c0000, 0x00007fc6df0a0000)
  eden space 559360K,   0% used [0x00007fbc34600000, 0x00007fbc34600000, 0x00007fbc56840000)
  from space 69888K,   2% used [0x00007fbc5ac80000, 0x00007fbc5ae1fbb0, 0x00007fbc5f0c0000)
  to   space 69888K,   0% used [0x00007fbc56840000, 0x00007fbc56840000, 0x00007fbc5ac80000)
 tenured generation   total 1398336K, used 1398233K [0x00007fc6df0a0000, 0x00007fc734630000, 0x00007fdc34600000)
   the space 1398336K,  99% used [0x00007fc6df0a0000, 0x00007fc734616540, 0x00007fc734616600, 0x00007fc734630000)
 Metaspace       used 25004K, capacity 25461K, committed 25600K, reserved 26624K
}
Event: 3747.526 GC heap before
{Heap before GC invocations=12608 (full 1):
 def new generation   total 629248K, used 1662K [0x00007fbc34600000, 0x00007fbc5f0c0000, 0x00007fc6df0a0000)
  eden space 559360K,   0% used [0x00007fbc34600000, 0x00007fbc34600000, 0x00007fbc56840000)
  from space 69888K,   2% used [0x00007fbc5ac80000, 0x00007fbc5ae1fbb0, 0x00007fbc5f0c0000)
  to   space 69888K,   0% used [0x00007fbc56840000, 0x00007fbc56840000, 0x00007fbc5ac80000)
 tenured generation   total 1398336K, used 1398233K [0x00007fc6df0a0000, 0x00007fc734630000, 0x00007fdc34600000)
   the space 1398336K,  99% used [0x00007fc6df0a0000, 0x00007fc734616540, 0x00007fc734616600, 0x00007fc734630000)
 Metaspace       used 25004K, capacity 25461K, committed 25600K, reserved 26624K
}

