# JRE version: OpenJDK Runtime Environment (13.0.7+5) (build 13.0.7+5-Ubuntu-0ubuntu120.04)
# Java VM: OpenJDK 64-Bit Server VM (13.0.7+5-Ubuntu-0ubuntu120.04, mixed mode, tiered, serial gc, linux-amd64)
Heap:
 def new generation   total 2036800K, used 226303K [0x00007f7cd0600000, 0x00007f7d5a810000, 0x00007f8225b50000)
  eden space 1810496K,  12% used [0x00007f7cd0600000, 0x00007f7cde2fff68, 0x00007f7d3ee10000)
  from space 226304K,   0% used [0x00007f7d3ee10000, 0x00007f7d3ee10000, 0x00007f7d4cb10000)
  to   space 226304K,   0% used [0x00007f7d4cb10000, 0x00007f7d4cb10000, 0x00007f7d5a810000)
 tenured generation   total 5404660K, used 5399196K [0x00007f8225b50000, 0x00007f836f94d000, 0x00007f8cd0600000)
   the space 5404660K,  99% used [0x00007f8225b50000, 0x00007f836f3f7108, 0x00007f836f3f7200, 0x00007f836f94d000)
 Metaspace       used 31765K, capacity 32201K, committed 32512K, reserved 32768K
GC Heap History (20 events):
Event: 10.413 GC heap after
{Heap after GC invocations=3 (full 1):
 def new generation   total 629248K, used 69888K [0x00007f7cd0600000, 0x00007f7cfb0c0000, 0x00007f8225b50000)
  eden space 559360K,   0% used [0x00007f7cd0600000, 0x00007f7cd0600000, 0x00007f7cf2840000)
  from space 69888K, 100% used [0x00007f7cf2840000, 0x00007f7cf6c80000, 0x00007f7cf6c80000)
  to   space 69888K,   0% used [0x00007f7cf6c80000, 0x00007f7cf6c80000, 0x00007f7cfb0c0000)
 tenured generation   total 1398144K, used 29200K [0x00007f8225b50000, 0x00007f827b0b0000, 0x00007f8cd0600000)
   the space 1398144K,   2% used [0x00007f8225b50000, 0x00007f82277d4078, 0x00007f82277d4200, 0x00007f827b0b0000)
 Metaspace       used 31765K, capacity 32201K, committed 32512K, reserved 32768K
}
Event: 11.065 GC heap before
{Heap before GC invocations=3 (full 1):
 def new generation   total 629248K, used 629248K [0x00007f7cd0600000, 0x00007f7cfb0c0000, 0x00007f8225b50000)
  eden space 559360K, 100% used [0x00007f7cd0600000, 0x00007f7cf2840000, 0x00007f7cf2840000)
  from space 69888K, 100% used [0x00007f7cf2840000, 0x00007f7cf6c80000, 0x00007f7cf6c80000)
  to   space 69888K,   0% used [0x00007f7cf6c80000, 0x00007f7cf6c80000, 0x00007f7cfb0c0000)
 tenured generation   total 1398144K, used 29200K [0x00007f8225b50000, 0x00007f827b0b0000, 0x00007f8cd0600000)
   the space 1398144K,   2% used [0x00007f8225b50000, 0x00007f82277d4078, 0x00007f82277d4200, 0x00007f827b0b0000)
 Metaspace       used 31765K, capacity 32201K, committed 32512K, reserved 32768K
}
Event: 11.781 GC heap after
{Heap after GC invocations=4 (full 1):
 def new generation   total 629248K, used 69887K [0x00007f7cd0600000, 0x00007f7cfb0c0000, 0x00007f8225b50000)
  eden space 559360K,   0% used [0x00007f7cd0600000, 0x00007f7cd0600000, 0x00007f7cf2840000)
  from space 69888K,  99% used [0x00007f7cf6c80000, 0x00007f7cfb0bff70, 0x00007f7cfb0c0000)
  to   space 69888K,   0% used [0x00007f7cf2840000, 0x00007f7cf2840000, 0x00007f7cf6c80000)
 tenured generation   total 1398144K, used 401657K [0x00007f8225b50000, 0x00007f827b0b0000, 0x00007f8cd0600000)
   the space 1398144K,  28% used [0x00007f8225b50000, 0x00007f823e38e590, 0x00007f823e38e600, 0x00007f827b0b0000)
 Metaspace       used 31765K, capacity 32201K, committed 32512K, reserved 32768K
}
Event: 12.160 GC heap before
{Heap before GC invocations=4 (full 1):
 def new generation   total 629248K, used 629247K [0x00007f7cd0600000, 0x00007f7cfb0c0000, 0x00007f8225b50000)
  eden space 559360K, 100% used [0x00007f7cd0600000, 0x00007f7cf2840000, 0x00007f7cf2840000)
  from space 69888K,  99% used [0x00007f7cf6c80000, 0x00007f7cfb0bff70, 0x00007f7cfb0c0000)
  to   space 69888K,   0% used [0x00007f7cf2840000, 0x00007f7cf2840000, 0x00007f7cf6c80000)
 tenured generation   total 1398144K, used 401657K [0x00007f8225b50000, 0x00007f827b0b0000, 0x00007f8cd0600000)
   the space 1398144K,  28% used [0x00007f8225b50000, 0x00007f823e38e590, 0x00007f823e38e600, 0x00007f827b0b0000)
 Metaspace       used 31765K, capacity 32201K, committed 32512K, reserved 32768K
}
Event: 13.026 GC heap after
{Heap after GC invocations=5 (full 1):
 def new generation   total 629248K, used 69887K [0x00007f7cd0600000, 0x00007f7cfb0c0000, 0x00007f8225b50000)
  eden space 559360K,   0% used [0x00007f7cd0600000, 0x00007f7cd0600000, 0x00007f7cf2840000)
  from space 69888K,  99% used [0x00007f7cf2840000, 0x00007f7cf6c7fde8, 0x00007f7cf6c80000)
  to   space 69888K,   0% used [0x00007f7cf6c80000, 0x00007f7cf6c80000, 0x00007f7cfb0c0000)
 tenured generation   total 1398144K, used 960965K [0x00007f8225b50000, 0x00007f827b0b0000, 0x00007f8cd0600000)
   the space 1398144K,  68% used [0x00007f8225b50000, 0x00007f82605c1560, 0x00007f82605c1600, 0x00007f827b0b0000)
 Metaspace       used 31765K, capacity 32201K, committed 32512K, reserved 32768K
}
Event: 13.381 GC heap before
{Heap before GC invocations=5 (full 1):
 def new generation   total 629248K, used 629247K [0x00007f7cd0600000, 0x00007f7cfb0c0000, 0x00007f8225b50000)
  eden space 559360K, 100% used [0x00007f7cd0600000, 0x00007f7cf2840000, 0x00007f7cf2840000)
  from space 69888K,  99% used [0x00007f7cf2840000, 0x00007f7cf6c7fde8, 0x00007f7cf6c80000)
  to   space 69888K,   0% used [0x00007f7cf6c80000, 0x00007f7cf6c80000, 0x00007f7cfb0c0000)
 tenured generation   total 1398144K, used 960965K [0x00007f8225b50000, 0x00007f827b0b0000, 0x00007f8cd0600000)
   the space 1398144K,  68% used [0x00007f8225b50000, 0x00007f82605c1560, 0x00007f82605c1600, 0x00007f827b0b0000)
 Metaspace       used 31765K, capacity 32201K, committed 32512K, reserved 32768K
}
Event: 14.365 GC heap after
{Heap after GC invocations=6 (full 1):
 def new generation   total 629248K, used 69887K [0x00007f7cd0600000, 0x00007f7cfb0c0000, 0x00007f8225b50000)
  eden space 559360K,   0% used [0x00007f7cd0600000, 0x00007f7cd0600000, 0x00007f7cf2840000)
  from space 69888K,  99% used [0x00007f7cf6c80000, 0x00007f7cfb0bfde8, 0x00007f7cfb0c0000)
  to   space 69888K,   0% used [0x00007f7cf2840000, 0x00007f7cf2840000, 0x00007f7cf6c80000)
 tenured generation   total 1520448K, used 1520265K [0x00007f8225b50000, 0x00007f8282820000, 0x00007f8cd0600000)
   the space 1520448K,  99% used [0x00007f8225b50000, 0x00007f82827f2700, 0x00007f82827f2800, 0x00007f8282820000)
 Metaspace       used 31765K, capacity 32201K, committed 32512K, reserved 32768K
}
Event: 14.365 GC heap before
{Heap before GC invocations=6 (full 1):
 def new generation   total 629248K, used 69887K [0x00007f7cd0600000, 0x00007f7cfb0c0000, 0x00007f8225b50000)
  eden space 559360K,   0% used [0x00007f7cd0600000, 0x00007f7cd0600000, 0x00007f7cf2840000)
  from space 69888K,  99% used [0x00007f7cf6c80000, 0x00007f7cfb0bfde8, 0x00007f7cfb0c0000)
  to   space 69888K,   0% used [0x00007f7cf2840000, 0x00007f7cf2840000, 0x00007f7cf6c80000)
 tenured generation   total 1520448K, used 1520265K [0x00007f8225b50000, 0x00007f8282820000, 0x00007f8cd0600000)
   the space 1520448K,  99% used [0x00007f8225b50000, 0x00007f82827f2700, 0x00007f82827f2800, 0x00007f8282820000)
 Metaspace       used 31765K, capacity 32201K, committed 32512K, reserved 32768K
}
Event: 15.094 GC heap after
{Heap after GC invocations=6 (full 2):
 def new generation   total 1140416K, used 69705K [0x00007f7cd0600000, 0x00007f7d1db60000, 0x00007f8225b50000)
  eden space 1013760K,   6% used [0x00007f7cd0600000, 0x00007f7cd4a12538, 0x00007f7d0e400000)
  from space 126656K,   0% used [0x00007f7d0e400000, 0x00007f7d0e400000, 0x00007f7d15fb0000)
  to   space 126656K,   0% used [0x00007f7d15fb0000, 0x00007f7d15fb0000, 0x00007f7d1db60000)
 tenured generation   total 2534080K, used 1520447K [0x00007f8225b50000, 0x00007f82c0600000, 0x00007f8cd0600000)
   the space 2534080K,  59% used [0x00007f8225b50000, 0x00007f828281ffb0, 0x00007f8282820000, 0x00007f82c0600000)
 Metaspace       used 31765K, capacity 32201K, committed 32512K, reserved 32768K
}
Event: 17.078 GC heap before
{Heap before GC invocations=6 (full 2):
 def new generation   total 1140416K, used 1013760K [0x00007f7cd0600000, 0x00007f7d1db60000, 0x00007f8225b50000)
  eden space 1013760K, 100% used [0x00007f7cd0600000, 0x00007f7d0e400000, 0x00007f7d0e400000)
  from space 126656K,   0% used [0x00007f7d0e400000, 0x00007f7d0e400000, 0x00007f7d15fb0000)
  to   space 126656K,   0% used [0x00007f7d15fb0000, 0x00007f7d15fb0000, 0x00007f7d1db60000)
 tenured generation   total 2534080K, used 1520447K [0x00007f8225b50000, 0x00007f82c0600000, 0x00007f8cd0600000)
   the space 2534080K,  59% used [0x00007f8225b50000, 0x00007f828281ffb0, 0x00007f8282820000, 0x00007f82c0600000)
 Metaspace       used 31765K, capacity 32201K, committed 32512K, reserved 32768K
}
Event: 18.321 GC heap after
{Heap after GC invocations=7 (full 2):
 def new generation   total 1140416K, used 126655K [0x00007f7cd0600000, 0x00007f7d1db60000, 0x00007f8225b50000)
  eden space 1013760K,   0% used [0x00007f7cd0600000, 0x00007f7cd0600000, 0x00007f7d0e400000)
  from space 126656K,  99% used [0x00007f7d15fb0000, 0x00007f7d1db5fe30, 0x00007f7d1db60000)
  to   space 126656K,   0% used [0x00007f7d0e400000, 0x00007f7d0e400000, 0x00007f7d15fb0000)
 tenured generation   total 2534080K, used 2025604K [0x00007f8225b50000, 0x00007f82c0600000, 0x00007f8cd0600000)
   the space 2534080K,  79% used [0x00007f8225b50000, 0x00007f82a1571190, 0x00007f82a1571200, 0x00007f82c0600000)
 Metaspace       used 31765K, capacity 32201K, committed 32512K, reserved 32768K
}
Event: 19.892 GC heap before
{Heap before GC invocations=7 (full 2):
 def new generation   total 1140416K, used 1140415K [0x00007f7cd0600000, 0x00007f7d1db60000, 0x00007f8225b50000)
  eden space 1013760K, 100% used [0x00007f7cd0600000, 0x00007f7d0e400000, 0x00007f7d0e400000)
  from space 126656K,  99% used [0x00007f7d15fb0000, 0x00007f7d1db5fe30, 0x00007f7d1db60000)
  to   space 126656K,   0% used [0x00007f7d0e400000, 0x00007f7d0e400000, 0x00007f7d15fb0000)
 tenured generation   total 2534080K, used 2025604K [0x00007f8225b50000, 0x00007f82c0600000, 0x00007f8cd0600000)
   the space 2534080K,  79% used [0x00007f8225b50000, 0x00007f82a1571190, 0x00007f82a1571200, 0x00007f82c0600000)
 Metaspace       used 31765K, capacity 32201K, committed 32512K, reserved 32768K
}
Event: 21.315 GC heap after
{Heap after GC invocations=8 (full 2):
 def new generation   total 1140416K, used 126655K [0x00007f7cd0600000, 0x00007f7d1db60000, 0x00007f8225b50000)
  eden space 1013760K,   0% used [0x00007f7cd0600000, 0x00007f7cd0600000, 0x00007f7d0e400000)
  from space 126656K,  99% used [0x00007f7d0e400000, 0x00007f7d15fafd68, 0x00007f7d15fb0000)
  to   space 126656K,   0% used [0x00007f7d15fb0000, 0x00007f7d15fb0000, 0x00007f7d1db60000)
 tenured generation   total 2715712K, used 2715638K [0x00007f8225b50000, 0x00007f82cb760000, 0x00007f8cd0600000)
   the space 2715712K,  99% used [0x00007f8225b50000, 0x00007f82cb74dad0, 0x00007f82cb74dc00, 0x00007f82cb760000)
 Metaspace       used 31765K, capacity 32201K, committed 32512K, reserved 32768K
}
Event: 21.315 GC heap before
{Heap before GC invocations=8 (full 2):
 def new generation   total 1140416K, used 126655K [0x00007f7cd0600000, 0x00007f7d1db60000, 0x00007f8225b50000)
  eden space 1013760K,   0% used [0x00007f7cd0600000, 0x00007f7cd0600000, 0x00007f7d0e400000)
  from space 126656K,  99% used [0x00007f7d0e400000, 0x00007f7d15fafd68, 0x00007f7d15fb0000)
  to   space 126656K,   0% used [0x00007f7d15fb0000, 0x00007f7d15fb0000, 0x00007f7d1db60000)
 tenured generation   total 2715712K, used 2715638K [0x00007f8225b50000, 0x00007f82cb760000, 0x00007f8cd0600000)
   the space 2715712K,  99% used [0x00007f8225b50000, 0x00007f82cb74dad0, 0x00007f82cb74dc00, 0x00007f82cb760000)
 Metaspace       used 31765K, capacity 32201K, committed 32512K, reserved 32768K
}
Event: 22.571 GC heap after
{Heap after GC invocations=8 (full 3):
 def new generation   total 2036800K, used 126655K [0x00007f7cd0600000, 0x00007f7d5a810000, 0x00007f8225b50000)
  eden space 1810496K,   6% used [0x00007f7cd0600000, 0x00007f7cd81afd68, 0x00007f7d3ee10000)
  from space 226304K,   0% used [0x00007f7d3ee10000, 0x00007f7d3ee10000, 0x00007f7d4cb10000)
  to   space 226304K,   0% used [0x00007f7d4cb10000, 0x00007f7d4cb10000, 0x00007f7d5a810000)
 tenured generation   total 4526068K, used 2715638K [0x00007f8225b50000, 0x00007f8339f4d000, 0x00007f8cd0600000)
   the space 4526068K,  59% used [0x00007f8225b50000, 0x00007f82cb74dad0, 0x00007f82cb74dc00, 0x00007f8339f4d000)
 Metaspace       used 31765K, capacity 32201K, committed 32512K, reserved 32768K
}
Event: 25.502 GC heap before
{Heap before GC invocations=8 (full 3):
 def new generation   total 2036800K, used 1810496K [0x00007f7cd0600000, 0x00007f7d5a810000, 0x00007f8225b50000)
  eden space 1810496K, 100% used [0x00007f7cd0600000, 0x00007f7d3ee10000, 0x00007f7d3ee10000)
  from space 226304K,   0% used [0x00007f7d3ee10000, 0x00007f7d3ee10000, 0x00007f7d4cb10000)
  to   space 226304K,   0% used [0x00007f7d4cb10000, 0x00007f7d4cb10000, 0x00007f7d5a810000)
 tenured generation   total 4526068K, used 2715638K [0x00007f8225b50000, 0x00007f8339f4d000, 0x00007f8cd0600000)
   the space 4526068K,  59% used [0x00007f8225b50000, 0x00007f82cb74dad0, 0x00007f82cb74dc00, 0x00007f8339f4d000)
 Metaspace       used 31765K, capacity 32201K, committed 32512K, reserved 32768K
}
Event: 27.880 GC heap after
{Heap after GC invocations=9 (full 3):
 def new generation   total 2036800K, used 226303K [0x00007f7cd0600000, 0x00007f7d5a810000, 0x00007f8225b50000)
  eden space 1810496K,   0% used [0x00007f7cd0600000, 0x00007f7cd0600000, 0x00007f7d3ee10000)
  from space 226304K,  99% used [0x00007f7d4cb10000, 0x00007f7d5a80fe88, 0x00007f7d5a810000)
  to   space 226304K,   0% used [0x00007f7d3ee10000, 0x00007f7d3ee10000, 0x00007f7d4cb10000)
 tenured generation   total 4526068K, used 3788740K [0x00007f8225b50000, 0x00007f8339f4d000, 0x00007f8cd0600000)
   the space 4526068K,  83% used [0x00007f8225b50000, 0x00007f830cf41238, 0x00007f830cf41400, 0x00007f8339f4d000)
 Metaspace       used 31765K, capacity 32201K, committed 32512K, reserved 32768K
}
Event: 29.611 GC heap before
{Heap before GC invocations=9 (full 3):
 def new generation   total 2036800K, used 2036799K [0x00007f7cd0600000, 0x00007f7d5a810000, 0x00007f8225b50000)
  eden space 1810496K, 100% used [0x00007f7cd0600000, 0x00007f7d3ee10000, 0x00007f7d3ee10000)
  from space 226304K,  99% used [0x00007f7d4cb10000, 0x00007f7d5a80fe88, 0x00007f7d5a810000)
  to   space 226304K,   0% used [0x00007f7d3ee10000, 0x00007f7d3ee10000, 0x00007f7d4cb10000)
 tenured generation   total 4526068K, used 3788740K [0x00007f8225b50000, 0x00007f8339f4d000, 0x00007f8cd0600000)
   the space 4526068K,  83% used [0x00007f8225b50000, 0x00007f830cf41238, 0x00007f830cf41400, 0x00007f8339f4d000)
 Metaspace       used 31765K, capacity 32201K, committed 32512K, reserved 32768K
}
Event: 33.070 GC heap after
{Heap after GC invocations=10 (full 3):
 def new generation   total 2036800K, used 226303K [0x00007f7cd0600000, 0x00007f7d5a810000, 0x00007f8225b50000)
  eden space 1810496K,   0% used [0x00007f7cd0600000, 0x00007f7cd0600000, 0x00007f7d3ee10000)
  from space 226304K,  99% used [0x00007f7d3ee10000, 0x00007f7d4cb0ff68, 0x00007f7d4cb10000)
  to   space 226304K,   0% used [0x00007f7d4cb10000, 0x00007f7d4cb10000, 0x00007f7d5a810000)
 tenured generation   total 5404660K, used 5404624K [0x00007f8225b50000, 0x00007f836f94d000, 0x00007f8cd0600000)
   the space 5404660K,  99% used [0x00007f8225b50000, 0x00007f836f944180, 0x00007f836f944200, 0x00007f836f94d000)
 Metaspace       used 31765K, capacity 32201K, committed 32512K, reserved 32768K
}
Event: 33.070 GC heap before
{Heap before GC invocations=10 (full 3):
 def new generation   total 2036800K, used 226303K [0x00007f7cd0600000, 0x00007f7d5a810000, 0x00007f8225b50000)
  eden space 1810496K,   0% used [0x00007f7cd0600000, 0x00007f7cd0600000, 0x00007f7d3ee10000)
  from space 226304K,  99% used [0x00007f7d3ee10000, 0x00007f7d4cb0ff68, 0x00007f7d4cb10000)
  to   space 226304K,   0% used [0x00007f7d4cb10000, 0x00007f7d4cb10000, 0x00007f7d5a810000)
 tenured generation   total 5404660K, used 5404624K [0x00007f8225b50000, 0x00007f836f94d000, 0x00007f8cd0600000)
   the space 5404660K,  99% used [0x00007f8225b50000, 0x00007f836f944180, 0x00007f836f944200, 0x00007f836f94d000)
 Metaspace       used 31765K, capacity 32201K, committed 32512K, reserved 32768K
}

