# JRE version: OpenJDK Runtime Environment (13.0.7+5) (build 13.0.7+5-Ubuntu-0ubuntu120.04)
# Java VM: OpenJDK 64-Bit Server VM (13.0.7+5-Ubuntu-0ubuntu120.04, mixed mode, tiered, serial gc, linux-amd64)
Heap:
 def new generation   total 1175680K, used 130509K [0x00007f97c8600000, 0x00007f98181b0000, 0x00007f9d1db50000)
  eden space 1045056K,  12% used [0x00007f97c8600000, 0x00007f97d05736c8, 0x00007f9808290000)
  from space 130624K,   0% used [0x00007f9808290000, 0x00007f9808290000, 0x00007f9810220000)
  to   space 130624K,   0% used [0x00007f9810220000, 0x00007f9810220000, 0x00007f98181b0000)
 tenured generation   total 3526976K, used 3526975K [0x00007f9d1db50000, 0x00007f9df4fa0000, 0x00007fa7c8600000)
   the space 3526976K,  99% used [0x00007f9d1db50000, 0x00007f9df4f9fcc8, 0x00007f9df4f9fe00, 0x00007f9df4fa0000)
 Metaspace       used 31838K, capacity 32325K, committed 32512K, reserved 32768K
GC Heap History (17 events):
Event: 2.787 GC heap before
{Heap before GC invocations=0 (full 0):
 def new generation   total 629120K, used 111846K [0x00007f97c8600000, 0x00007f97f30a0000, 0x00007f9d1db50000)
  eden space 559232K,  20% used [0x00007f97c8600000, 0x00007f97cf339bd8, 0x00007f97ea820000)
  from space 69888K,   0% used [0x00007f97ea820000, 0x00007f97ea820000, 0x00007f97eec60000)
  to   space 69888K,   0% used [0x00007f97eec60000, 0x00007f97eec60000, 0x00007f97f30a0000)
 tenured generation   total 1398144K, used 0K [0x00007f9d1db50000, 0x00007f9d730b0000, 0x00007fa7c8600000)
   the space 1398144K,   0% used [0x00007f9d1db50000, 0x00007f9d1db50000, 0x00007f9d1db50200, 0x00007f9d730b0000)
 Metaspace       used 20826K, capacity 21115K, committed 21248K, reserved 22528K
}
Event: 2.958 GC heap after
{Heap after GC invocations=1 (full 1):
 def new generation   total 629248K, used 0K [0x00007f97c8600000, 0x00007f97f30c0000, 0x00007f9d1db50000)
  eden space 559360K,   0% used [0x00007f97c8600000, 0x00007f97c8600000, 0x00007f97ea840000)
  from space 69888K,   0% used [0x00007f97ea840000, 0x00007f97ea840000, 0x00007f97eec80000)
  to   space 69888K,   0% used [0x00007f97eec80000, 0x00007f97eec80000, 0x00007f97f30c0000)
 tenured generation   total 1398144K, used 13951K [0x00007f9d1db50000, 0x00007f9d730b0000, 0x00007fa7c8600000)
   the space 1398144K,   0% used [0x00007f9d1db50000, 0x00007f9d1e8efdf8, 0x00007f9d1e8efe00, 0x00007f9d730b0000)
 Metaspace       used 20826K, capacity 21115K, committed 21248K, reserved 22528K
}
Event: 6.935 GC heap before
{Heap before GC invocations=1 (full 1):
 def new generation   total 629248K, used 559360K [0x00007f97c8600000, 0x00007f97f30c0000, 0x00007f9d1db50000)
  eden space 559360K, 100% used [0x00007f97c8600000, 0x00007f97ea840000, 0x00007f97ea840000)
  from space 69888K,   0% used [0x00007f97ea840000, 0x00007f97ea840000, 0x00007f97eec80000)
  to   space 69888K,   0% used [0x00007f97eec80000, 0x00007f97eec80000, 0x00007f97f30c0000)
 tenured generation   total 1398144K, used 13951K [0x00007f9d1db50000, 0x00007f9d730b0000, 0x00007fa7c8600000)
   the space 1398144K,   0% used [0x00007f9d1db50000, 0x00007f9d1e8efdf8, 0x00007f9d1e8efe00, 0x00007f9d730b0000)
 Metaspace       used 31835K, capacity 32325K, committed 32512K, reserved 32768K
}
Event: 6.953 GC heap after
{Heap after GC invocations=2 (full 1):
 def new generation   total 629248K, used 5890K [0x00007f97c8600000, 0x00007f97f30c0000, 0x00007f9d1db50000)
  eden space 559360K,   0% used [0x00007f97c8600000, 0x00007f97c8600000, 0x00007f97ea840000)
  from space 69888K,   8% used [0x00007f97eec80000, 0x00007f97ef240880, 0x00007f97f30c0000)
  to   space 69888K,   0% used [0x00007f97ea840000, 0x00007f97ea840000, 0x00007f97eec80000)
 tenured generation   total 1398144K, used 13951K [0x00007f9d1db50000, 0x00007f9d730b0000, 0x00007fa7c8600000)
   the space 1398144K,   0% used [0x00007f9d1db50000, 0x00007f9d1e8efdf8, 0x00007f9d1e8efe00, 0x00007f9d730b0000)
 Metaspace       used 31835K, capacity 32325K, committed 32512K, reserved 32768K
}
Event: 7.427 GC heap before
{Heap before GC invocations=2 (full 1):
 def new generation   total 629248K, used 565250K [0x00007f97c8600000, 0x00007f97f30c0000, 0x00007f9d1db50000)
  eden space 559360K, 100% used [0x00007f97c8600000, 0x00007f97ea840000, 0x00007f97ea840000)
  from space 69888K,   8% used [0x00007f97eec80000, 0x00007f97ef240880, 0x00007f97f30c0000)
  to   space 69888K,   0% used [0x00007f97ea840000, 0x00007f97ea840000, 0x00007f97eec80000)
 tenured generation   total 1398144K, used 13951K [0x00007f9d1db50000, 0x00007f9d730b0000, 0x00007fa7c8600000)
   the space 1398144K,   0% used [0x00007f9d1db50000, 0x00007f9d1e8efdf8, 0x00007f9d1e8efe00, 0x00007f9d730b0000)
 Metaspace       used 31838K, capacity 32325K, committed 32512K, reserved 32768K
}
Event: 7.814 GC heap after
{Heap after GC invocations=3 (full 1):
 def new generation   total 629248K, used 69888K [0x00007f97c8600000, 0x00007f97f30c0000, 0x00007f9d1db50000)
  eden space 559360K,   0% used [0x00007f97c8600000, 0x00007f97c8600000, 0x00007f97ea840000)
  from space 69888K, 100% used [0x00007f97ea840000, 0x00007f97eec80000, 0x00007f97eec80000)
  to   space 69888K,   0% used [0x00007f97eec80000, 0x00007f97eec80000, 0x00007f97f30c0000)
 tenured generation   total 1398144K, used 448921K [0x00007f9d1db50000, 0x00007f9d730b0000, 0x00007fa7c8600000)
   the space 1398144K,  32% used [0x00007f9d1db50000, 0x00007f9d391b6650, 0x00007f9d391b6800, 0x00007f9d730b0000)
 Metaspace       used 31838K, capacity 32325K, committed 32512K, reserved 32768K
}
Event: 8.039 GC heap before
{Heap before GC invocations=3 (full 1):
 def new generation   total 629248K, used 629248K [0x00007f97c8600000, 0x00007f97f30c0000, 0x00007f9d1db50000)
  eden space 559360K, 100% used [0x00007f97c8600000, 0x00007f97ea840000, 0x00007f97ea840000)
  from space 69888K, 100% used [0x00007f97ea840000, 0x00007f97eec80000, 0x00007f97eec80000)
  to   space 69888K,   0% used [0x00007f97eec80000, 0x00007f97eec80000, 0x00007f97f30c0000)
 tenured generation   total 1398144K, used 448921K [0x00007f9d1db50000, 0x00007f9d730b0000, 0x00007fa7c8600000)
   the space 1398144K,  32% used [0x00007f9d1db50000, 0x00007f9d391b6650, 0x00007f9d391b6800, 0x00007f9d730b0000)
 Metaspace       used 31838K, capacity 32325K, committed 32512K, reserved 32768K
}
Event: 8.533 GC heap after
{Heap after GC invocations=4 (full 1):
 def new generation   total 629248K, used 69887K [0x00007f97c8600000, 0x00007f97f30c0000, 0x00007f9d1db50000)
  eden space 559360K,   0% used [0x00007f97c8600000, 0x00007f97c8600000, 0x00007f97ea840000)
  from space 69888K,  99% used [0x00007f97eec80000, 0x00007f97f30bfe08, 0x00007f97f30c0000)
  to   space 69888K,   0% used [0x00007f97ea840000, 0x00007f97ea840000, 0x00007f97eec80000)
 tenured generation   total 1398144K, used 1008202K [0x00007f9d1db50000, 0x00007f9d730b0000, 0x00007fa7c8600000)
   the space 1398144K,  72% used [0x00007f9d1db50000, 0x00007f9d5b3e28e0, 0x00007f9d5b3e2a00, 0x00007f9d730b0000)
 Metaspace       used 31838K, capacity 32325K, committed 32512K, reserved 32768K
}
Event: 8.747 GC heap before
{Heap before GC invocations=4 (full 1):
 def new generation   total 629248K, used 629247K [0x00007f97c8600000, 0x00007f97f30c0000, 0x00007f9d1db50000)
  eden space 559360K, 100% used [0x00007f97c8600000, 0x00007f97ea840000, 0x00007f97ea840000)
  from space 69888K,  99% used [0x00007f97eec80000, 0x00007f97f30bfe08, 0x00007f97f30c0000)
  to   space 69888K,   0% used [0x00007f97ea840000, 0x00007f97ea840000, 0x00007f97eec80000)
 tenured generation   total 1398144K, used 1008202K [0x00007f9d1db50000, 0x00007f9d730b0000, 0x00007fa7c8600000)
   the space 1398144K,  72% used [0x00007f9d1db50000, 0x00007f9d5b3e28e0, 0x00007f9d5b3e2a00, 0x00007f9d730b0000)
 Metaspace       used 31838K, capacity 32325K, committed 32512K, reserved 32768K
}
Event: 9.242 GC heap after
{Heap after GC invocations=5 (full 1):
 def new generation   total 629248K, used 69887K [0x00007f97c8600000, 0x00007f97f30c0000, 0x00007f9d1db50000)
  eden space 559360K,   0% used [0x00007f97c8600000, 0x00007f97c8600000, 0x00007f97ea840000)
  from space 69888K,  99% used [0x00007f97ea840000, 0x00007f97eec7fe08, 0x00007f97eec80000)
  to   space 69888K,   0% used [0x00007f97eec80000, 0x00007f97eec80000, 0x00007f97f30c0000)
 tenured generation   total 1567488K, used 1567472K [0x00007f9d1db50000, 0x00007f9d7d610000, 0x00007fa7c8600000)
   the space 1567488K,  99% used [0x00007f9d1db50000, 0x00007f9d7d60c100, 0x00007f9d7d60c200, 0x00007f9d7d610000)
 Metaspace       used 31838K, capacity 32325K, committed 32512K, reserved 32768K
}
Event: 9.242 GC heap before
{Heap before GC invocations=5 (full 1):
 def new generation   total 629248K, used 69887K [0x00007f97c8600000, 0x00007f97f30c0000, 0x00007f9d1db50000)
  eden space 559360K,   0% used [0x00007f97c8600000, 0x00007f97c8600000, 0x00007f97ea840000)
  from space 69888K,  99% used [0x00007f97ea840000, 0x00007f97eec7fe08, 0x00007f97eec80000)
  to   space 69888K,   0% used [0x00007f97eec80000, 0x00007f97eec80000, 0x00007f97f30c0000)
 tenured generation   total 1567488K, used 1567472K [0x00007f9d1db50000, 0x00007f9d7d610000, 0x00007fa7c8600000)
   the space 1567488K,  99% used [0x00007f9d1db50000, 0x00007f9d7d60c100, 0x00007f9d7d60c200, 0x00007f9d7d610000)
 Metaspace       used 31838K, capacity 32325K, committed 32512K, reserved 32768K
}
Event: 9.510 GC heap after
{Heap after GC invocations=5 (full 2):
 def new generation   total 1175680K, used 69873K [0x00007f97c8600000, 0x00007f98181b0000, 0x00007f9d1db50000)
  eden space 1045056K,   6% used [0x00007f97c8600000, 0x00007f97cca3c560, 0x00007f9808290000)
  from space 130624K,   0% used [0x00007f9808290000, 0x00007f9808290000, 0x00007f9810220000)
  to   space 130624K,   0% used [0x00007f9810220000, 0x00007f9810220000, 0x00007f98181b0000)
 tenured generation   total 2612480K, used 1567486K [0x00007f9d1db50000, 0x00007f9dbd290000, 0x00007fa7c8600000)
   the space 2612480K,  59% used [0x00007f9d1db50000, 0x00007f9d7d60f9a8, 0x00007f9d7d60fa00, 0x00007f9dbd290000)
 Metaspace       used 31838K, capacity 32325K, committed 32512K, reserved 32768K
}
Event: 9.836 GC heap before
{Heap before GC invocations=5 (full 2):
 def new generation   total 1175680K, used 1045056K [0x00007f97c8600000, 0x00007f98181b0000, 0x00007f9d1db50000)
  eden space 1045056K, 100% used [0x00007f97c8600000, 0x00007f9808290000, 0x00007f9808290000)
  from space 130624K,   0% used [0x00007f9808290000, 0x00007f9808290000, 0x00007f9810220000)
  to   space 130624K,   0% used [0x00007f9810220000, 0x00007f9810220000, 0x00007f98181b0000)
 tenured generation   total 2612480K, used 1567486K [0x00007f9d1db50000, 0x00007f9dbd290000, 0x00007fa7c8600000)
   the space 2612480K,  59% used [0x00007f9d1db50000, 0x00007f9d7d60f9a8, 0x00007f9d7d60fa00, 0x00007f9dbd290000)
 Metaspace       used 31838K, capacity 32325K, committed 32512K, reserved 32768K
}
Event: 10.650 GC heap after
{Heap after GC invocations=6 (full 2):
 def new generation   total 1175680K, used 130623K [0x00007f97c8600000, 0x00007f98181b0000, 0x00007f9d1db50000)
  eden space 1045056K,   0% used [0x00007f97c8600000, 0x00007f97c8600000, 0x00007f9808290000)
  from space 130624K,  99% used [0x00007f9810220000, 0x00007f98181afc08, 0x00007f98181b0000)
  to   space 130624K,   0% used [0x00007f9808290000, 0x00007f9808290000, 0x00007f9810220000)
 tenured generation   total 2612480K, used 2481849K [0x00007f9d1db50000, 0x00007f9dbd290000, 0x00007fa7c8600000)
   the space 2612480K,  94% used [0x00007f9d1db50000, 0x00007f9db52fe5f8, 0x00007f9db52fe600, 0x00007f9dbd290000)
 Metaspace       used 31838K, capacity 32325K, committed 32512K, reserved 32768K
}
Event: 11.047 GC heap before
{Heap before GC invocations=6 (full 2):
 def new generation   total 1175680K, used 1175679K [0x00007f97c8600000, 0x00007f98181b0000, 0x00007f9d1db50000)
  eden space 1045056K, 100% used [0x00007f97c8600000, 0x00007f9808290000, 0x00007f9808290000)
  from space 130624K,  99% used [0x00007f9810220000, 0x00007f98181afc08, 0x00007f98181b0000)
  to   space 130624K,   0% used [0x00007f9808290000, 0x00007f9808290000, 0x00007f9810220000)
 tenured generation   total 2612480K, used 2481849K [0x00007f9d1db50000, 0x00007f9dbd290000, 0x00007fa7c8600000)
   the space 2612480K,  94% used [0x00007f9d1db50000, 0x00007f9db52fe5f8, 0x00007f9db52fe600, 0x00007f9dbd290000)
 Metaspace       used 31838K, capacity 32325K, committed 32512K, reserved 32768K
}
Event: 12.571 GC heap after
{Heap after GC invocations=7 (full 2):
 def new generation   total 1175680K, used 130623K [0x00007f97c8600000, 0x00007f98181b0000, 0x00007f9d1db50000)
  eden space 1045056K,   0% used [0x00007f97c8600000, 0x00007f97c8600000, 0x00007f9808290000)
  from space 130624K,  99% used [0x00007f9808290000, 0x00007f981021fc08, 0x00007f9810220000)
  to   space 130624K,   0% used [0x00007f9810220000, 0x00007f9810220000, 0x00007f98181b0000)
 tenured generation   total 3526976K, used 3526861K [0x00007f9d1db50000, 0x00007f9df4fa0000, 0x00007fa7c8600000)
   the space 3526976K,  99% used [0x00007f9d1db50000, 0x00007f9df4f83788, 0x00007f9df4f83800, 0x00007f9df4fa0000)
 Metaspace       used 31838K, capacity 32325K, committed 32512K, reserved 32768K
}
Event: 12.572 GC heap before
{Heap before GC invocations=7 (full 2):
 def new generation   total 1175680K, used 130623K [0x00007f97c8600000, 0x00007f98181b0000, 0x00007f9d1db50000)
  eden space 1045056K,   0% used [0x00007f97c8600000, 0x00007f97c8600000, 0x00007f9808290000)
  from space 130624K,  99% used [0x00007f9808290000, 0x00007f981021fc08, 0x00007f9810220000)
  to   space 130624K,   0% used [0x00007f9810220000, 0x00007f9810220000, 0x00007f98181b0000)
 tenured generation   total 3526976K, used 3526861K [0x00007f9d1db50000, 0x00007f9df4fa0000, 0x00007fa7c8600000)
   the space 3526976K,  99% used [0x00007f9d1db50000, 0x00007f9df4f83788, 0x00007f9df4f83800, 0x00007f9df4fa0000)
 Metaspace       used 31838K, capacity 32325K, committed 32512K, reserved 32768K
}

