# JRE version: OpenJDK Runtime Environment (13.0.7+5) (build 13.0.7+5-Ubuntu-0ubuntu120.04)
# Java VM: OpenJDK 64-Bit Server VM (13.0.7+5-Ubuntu-0ubuntu120.04, mixed mode, tiered, serial gc, linux-amd64)
Heap:
 def new generation   total 2129280K, used 231140K [0x00007f508c600000, 0x00007f511cc60000, 0x00007f55e1b50000)
  eden space 1892736K,  12% used [0x00007f508c600000, 0x00007f509a7b93e8, 0x00007f50ffe60000)
  from space 236544K,   0% used [0x00007f50ffe60000, 0x00007f50ffe60000, 0x00007f510e560000)
  to   space 236544K,   0% used [0x00007f510e560000, 0x00007f510e560000, 0x00007f511cc60000)
 tenured generation   total 5382264K, used 5382105K [0x00007f55e1b50000, 0x00007f572a36e000, 0x00007f608c600000)
   the space 5382264K,  99% used [0x00007f55e1b50000, 0x00007f572a3467b8, 0x00007f572a346800, 0x00007f572a36e000)
 Metaspace       used 31667K, capacity 32132K, committed 32512K, reserved 32768K
GC Heap History (20 events):
Event: 10.414 GC heap after
{Heap after GC invocations=4 (full 1):
 def new generation   total 629248K, used 69887K [0x00007f508c600000, 0x00007f50b70c0000, 0x00007f55e1b50000)
  eden space 559360K,   0% used [0x00007f508c600000, 0x00007f508c600000, 0x00007f50ae840000)
  from space 69888K,  99% used [0x00007f50b2c80000, 0x00007f50b70bfe20, 0x00007f50b70c0000)
  to   space 69888K,   0% used [0x00007f50ae840000, 0x00007f50ae840000, 0x00007f50b2c80000)
 tenured generation   total 1398144K, used 608239K [0x00007f55e1b50000, 0x00007f56370b0000, 0x00007f608c600000)
   the space 1398144K,  43% used [0x00007f55e1b50000, 0x00007f5606d4bde8, 0x00007f5606d4be00, 0x00007f56370b0000)
 Metaspace       used 31665K, capacity 32132K, committed 32512K, reserved 32768K
}
Event: 11.177 GC heap before
{Heap before GC invocations=4 (full 1):
 def new generation   total 629248K, used 629247K [0x00007f508c600000, 0x00007f50b70c0000, 0x00007f55e1b50000)
  eden space 559360K, 100% used [0x00007f508c600000, 0x00007f50ae840000, 0x00007f50ae840000)
  from space 69888K,  99% used [0x00007f50b2c80000, 0x00007f50b70bfe20, 0x00007f50b70c0000)
  to   space 69888K,   0% used [0x00007f50ae840000, 0x00007f50ae840000, 0x00007f50b2c80000)
 tenured generation   total 1398144K, used 608239K [0x00007f55e1b50000, 0x00007f56370b0000, 0x00007f608c600000)
   the space 1398144K,  43% used [0x00007f55e1b50000, 0x00007f5606d4bde8, 0x00007f5606d4be00, 0x00007f56370b0000)
 Metaspace       used 31665K, capacity 32132K, committed 32512K, reserved 32768K
}
Event: 11.750 GC heap after
{Heap after GC invocations=5 (full 1):
 def new generation   total 629248K, used 69887K [0x00007f508c600000, 0x00007f50b70c0000, 0x00007f55e1b50000)
  eden space 559360K,   0% used [0x00007f508c600000, 0x00007f508c600000, 0x00007f50ae840000)
  from space 69888K,  99% used [0x00007f50ae840000, 0x00007f50b2c7ff88, 0x00007f50b2c80000)
  to   space 69888K,   0% used [0x00007f50b2c80000, 0x00007f50b2c80000, 0x00007f50b70c0000)
 tenured generation   total 1398144K, used 873549K [0x00007f55e1b50000, 0x00007f56370b0000, 0x00007f608c600000)
   the space 1398144K,  62% used [0x00007f55e1b50000, 0x00007f5617063708, 0x00007f5617063800, 0x00007f56370b0000)
 Metaspace       used 31665K, capacity 32132K, committed 32512K, reserved 32768K
}
Event: 12.504 GC heap before
{Heap before GC invocations=5 (full 1):
 def new generation   total 629248K, used 629247K [0x00007f508c600000, 0x00007f50b70c0000, 0x00007f55e1b50000)
  eden space 559360K, 100% used [0x00007f508c600000, 0x00007f50ae840000, 0x00007f50ae840000)
  from space 69888K,  99% used [0x00007f50ae840000, 0x00007f50b2c7ff88, 0x00007f50b2c80000)
  to   space 69888K,   0% used [0x00007f50b2c80000, 0x00007f50b2c80000, 0x00007f50b70c0000)
 tenured generation   total 1398144K, used 873549K [0x00007f55e1b50000, 0x00007f56370b0000, 0x00007f608c600000)
   the space 1398144K,  62% used [0x00007f55e1b50000, 0x00007f5617063708, 0x00007f5617063800, 0x00007f56370b0000)
 Metaspace       used 31665K, capacity 32132K, committed 32512K, reserved 32768K
}
Event: 13.094 GC heap after
{Heap after GC invocations=6 (full 1):
 def new generation   total 629248K, used 69887K [0x00007f508c600000, 0x00007f50b70c0000, 0x00007f55e1b50000)
  eden space 559360K,   0% used [0x00007f508c600000, 0x00007f508c600000, 0x00007f50ae840000)
  from space 69888K,  99% used [0x00007f50b2c80000, 0x00007f50b70bff80, 0x00007f50b70c0000)
  to   space 69888K,   0% used [0x00007f50ae840000, 0x00007f50ae840000, 0x00007f50b2c80000)
 tenured generation   total 1398144K, used 1151277K [0x00007f55e1b50000, 0x00007f56370b0000, 0x00007f608c600000)
   the space 1398144K,  82% used [0x00007f55e1b50000, 0x00007f5627f9b418, 0x00007f5627f9b600, 0x00007f56370b0000)
 Metaspace       used 31665K, capacity 32132K, committed 32512K, reserved 32768K
}
Event: 13.884 GC heap before
{Heap before GC invocations=6 (full 1):
 def new generation   total 629248K, used 629247K [0x00007f508c600000, 0x00007f50b70c0000, 0x00007f55e1b50000)
  eden space 559360K, 100% used [0x00007f508c600000, 0x00007f50ae840000, 0x00007f50ae840000)
  from space 69888K,  99% used [0x00007f50b2c80000, 0x00007f50b70bff80, 0x00007f50b70c0000)
  to   space 69888K,   0% used [0x00007f50ae840000, 0x00007f50ae840000, 0x00007f50b2c80000)
 tenured generation   total 1398144K, used 1151277K [0x00007f55e1b50000, 0x00007f56370b0000, 0x00007f608c600000)
   the space 1398144K,  82% used [0x00007f55e1b50000, 0x00007f5627f9b418, 0x00007f5627f9b600, 0x00007f56370b0000)
 Metaspace       used 31665K, capacity 32132K, committed 32512K, reserved 32768K
}
Event: 14.583 GC heap after
{Heap after GC invocations=7 (full 1):
 def new generation   total 629248K, used 69888K [0x00007f508c600000, 0x00007f50b70c0000, 0x00007f55e1b50000)
  eden space 559360K,   0% used [0x00007f508c600000, 0x00007f508c600000, 0x00007f50ae840000)
  from space 69888K, 100% used [0x00007f50ae840000, 0x00007f50b2c80000, 0x00007f50b2c80000)
  to   space 69888K,   0% used [0x00007f50b2c80000, 0x00007f50b2c80000, 0x00007f50b70c0000)
 tenured generation   total 1499136K, used 1499085K [0x00007f55e1b50000, 0x00007f563d350000, 0x00007f608c600000)
   the space 1499136K,  99% used [0x00007f55e1b50000, 0x00007f563d343570, 0x00007f563d343600, 0x00007f563d350000)
 Metaspace       used 31665K, capacity 32132K, committed 32512K, reserved 32768K
}
Event: 14.583 GC heap before
{Heap before GC invocations=7 (full 1):
 def new generation   total 629248K, used 69888K [0x00007f508c600000, 0x00007f50b70c0000, 0x00007f55e1b50000)
  eden space 559360K,   0% used [0x00007f508c600000, 0x00007f508c600000, 0x00007f50ae840000)
  from space 69888K, 100% used [0x00007f50ae840000, 0x00007f50b2c80000, 0x00007f50b2c80000)
  to   space 69888K,   0% used [0x00007f50b2c80000, 0x00007f50b2c80000, 0x00007f50b70c0000)
 tenured generation   total 1499136K, used 1499085K [0x00007f55e1b50000, 0x00007f563d350000, 0x00007f608c600000)
   the space 1499136K,  99% used [0x00007f55e1b50000, 0x00007f563d343570, 0x00007f563d343600, 0x00007f563d350000)
 Metaspace       used 31665K, capacity 32132K, committed 32512K, reserved 32768K
}
Event: 15.628 GC heap after
{Heap after GC invocations=7 (full 2):
 def new generation   total 1124352K, used 69885K [0x00007f508c600000, 0x00007f50d8a00000, 0x00007f55e1b50000)
  eden space 999424K,   6% used [0x00007f508c600000, 0x00007f5090a3f6a8, 0x00007f50c9600000)
  from space 124928K,   0% used [0x00007f50c9600000, 0x00007f50c9600000, 0x00007f50d1000000)
  to   space 124928K,   0% used [0x00007f50d1000000, 0x00007f50d1000000, 0x00007f50d8a00000)
 tenured generation   total 2498480K, used 1499087K [0x00007f55e1b50000, 0x00007f567a33c000, 0x00007f608c600000)
   the space 2498480K,  59% used [0x00007f55e1b50000, 0x00007f563d343ec8, 0x00007f563d344000, 0x00007f567a33c000)
 Metaspace       used 31665K, capacity 32132K, committed 32512K, reserved 32768K
}
Event: 17.011 GC heap before
{Heap before GC invocations=7 (full 2):
 def new generation   total 1124352K, used 999424K [0x00007f508c600000, 0x00007f50d8a00000, 0x00007f55e1b50000)
  eden space 999424K, 100% used [0x00007f508c600000, 0x00007f50c9600000, 0x00007f50c9600000)
  from space 124928K,   0% used [0x00007f50c9600000, 0x00007f50c9600000, 0x00007f50d1000000)
  to   space 124928K,   0% used [0x00007f50d1000000, 0x00007f50d1000000, 0x00007f50d8a00000)
 tenured generation   total 2498480K, used 1499087K [0x00007f55e1b50000, 0x00007f567a33c000, 0x00007f608c600000)
   the space 2498480K,  59% used [0x00007f55e1b50000, 0x00007f563d343ec8, 0x00007f563d344000, 0x00007f567a33c000)
 Metaspace       used 31667K, capacity 32132K, committed 32512K, reserved 32768K
}
Event: 18.298 GC heap after
{Heap after GC invocations=8 (full 2):
 def new generation   total 1124352K, used 124927K [0x00007f508c600000, 0x00007f50d8a00000, 0x00007f55e1b50000)
  eden space 999424K,   0% used [0x00007f508c600000, 0x00007f508c600000, 0x00007f50c9600000)
  from space 124928K,  99% used [0x00007f50d1000000, 0x00007f50d89ffc20, 0x00007f50d8a00000)
  to   space 124928K,   0% used [0x00007f50c9600000, 0x00007f50c9600000, 0x00007f50d1000000)
 tenured generation   total 2498480K, used 2117527K [0x00007f55e1b50000, 0x00007f567a33c000, 0x00007f608c600000)
   the space 2498480K,  84% used [0x00007f55e1b50000, 0x00007f5662f35dc0, 0x00007f5662f35e00, 0x00007f567a33c000)
 Metaspace       used 31667K, capacity 32132K, committed 32512K, reserved 32768K
}
Event: 19.753 GC heap before
{Heap before GC invocations=8 (full 2):
 def new generation   total 1124352K, used 1124351K [0x00007f508c600000, 0x00007f50d8a00000, 0x00007f55e1b50000)
  eden space 999424K, 100% used [0x00007f508c600000, 0x00007f50c9600000, 0x00007f50c9600000)
  from space 124928K,  99% used [0x00007f50d1000000, 0x00007f50d89ffc20, 0x00007f50d8a00000)
  to   space 124928K,   0% used [0x00007f50c9600000, 0x00007f50c9600000, 0x00007f50d1000000)
 tenured generation   total 2498480K, used 2117527K [0x00007f55e1b50000, 0x00007f567a33c000, 0x00007f608c600000)
   the space 2498480K,  84% used [0x00007f55e1b50000, 0x00007f5662f35dc0, 0x00007f5662f35e00, 0x00007f567a33c000)
 Metaspace       used 31667K, capacity 32132K, committed 32512K, reserved 32768K
}
Event: 21.103 GC heap after
{Heap after GC invocations=9 (full 2):
 def new generation   total 1124352K, used 124927K [0x00007f508c600000, 0x00007f50d8a00000, 0x00007f55e1b50000)
  eden space 999424K,   0% used [0x00007f508c600000, 0x00007f508c600000, 0x00007f50c9600000)
  from space 124928K,  99% used [0x00007f50c9600000, 0x00007f50d0fffc98, 0x00007f50d1000000)
  to   space 124928K,   0% used [0x00007f50d1000000, 0x00007f50d1000000, 0x00007f50d8a00000)
 tenured generation   total 2839088K, used 2838945K [0x00007f55e1b50000, 0x00007f568efdc000, 0x00007f608c600000)
   the space 2839088K,  99% used [0x00007f55e1b50000, 0x00007f568efb8570, 0x00007f568efb8600, 0x00007f568efdc000)
 Metaspace       used 31667K, capacity 32132K, committed 32512K, reserved 32768K
}
Event: 21.103 GC heap before
{Heap before GC invocations=9 (full 2):
 def new generation   total 1124352K, used 124927K [0x00007f508c600000, 0x00007f50d8a00000, 0x00007f55e1b50000)
  eden space 999424K,   0% used [0x00007f508c600000, 0x00007f508c600000, 0x00007f50c9600000)
  from space 124928K,  99% used [0x00007f50c9600000, 0x00007f50d0fffc98, 0x00007f50d1000000)
  to   space 124928K,   0% used [0x00007f50d1000000, 0x00007f50d1000000, 0x00007f50d8a00000)
 tenured generation   total 2839088K, used 2838945K [0x00007f55e1b50000, 0x00007f568efdc000, 0x00007f608c600000)
   the space 2839088K,  99% used [0x00007f55e1b50000, 0x00007f568efb8570, 0x00007f568efb8600, 0x00007f568efdc000)
 Metaspace       used 31667K, capacity 32132K, committed 32512K, reserved 32768K
}
Event: 22.632 GC heap after
{Heap after GC invocations=9 (full 3):
 def new generation   total 2129280K, used 124927K [0x00007f508c600000, 0x00007f511cc60000, 0x00007f55e1b50000)
  eden space 1892736K,   6% used [0x00007f508c600000, 0x00007f5093fffc98, 0x00007f50ffe60000)
  from space 236544K,   0% used [0x00007f50ffe60000, 0x00007f50ffe60000, 0x00007f510e560000)
  to   space 236544K,   0% used [0x00007f510e560000, 0x00007f510e560000, 0x00007f511cc60000)
 tenured generation   total 4731576K, used 2838945K [0x00007f55e1b50000, 0x00007f57027fe000, 0x00007f608c600000)
   the space 4731576K,  59% used [0x00007f55e1b50000, 0x00007f568efb8570, 0x00007f568efb8600, 0x00007f57027fe000)
 Metaspace       used 31667K, capacity 32132K, committed 32512K, reserved 32768K
}
Event: 25.260 GC heap before
{Heap before GC invocations=9 (full 3):
 def new generation   total 2129280K, used 1892736K [0x00007f508c600000, 0x00007f511cc60000, 0x00007f55e1b50000)
  eden space 1892736K, 100% used [0x00007f508c600000, 0x00007f50ffe60000, 0x00007f50ffe60000)
  from space 236544K,   0% used [0x00007f50ffe60000, 0x00007f50ffe60000, 0x00007f510e560000)
  to   space 236544K,   0% used [0x00007f510e560000, 0x00007f510e560000, 0x00007f511cc60000)
 tenured generation   total 4731576K, used 2838945K [0x00007f55e1b50000, 0x00007f57027fe000, 0x00007f608c600000)
   the space 4731576K,  59% used [0x00007f55e1b50000, 0x00007f568efb8570, 0x00007f568efb8600, 0x00007f57027fe000)
 Metaspace       used 31667K, capacity 32132K, committed 32512K, reserved 32768K
}
Event: 27.731 GC heap after
{Heap after GC invocations=10 (full 3):
 def new generation   total 2129280K, used 236543K [0x00007f508c600000, 0x00007f511cc60000, 0x00007f55e1b50000)
  eden space 1892736K,   0% used [0x00007f508c600000, 0x00007f508c600000, 0x00007f50ffe60000)
  from space 236544K,  99% used [0x00007f510e560000, 0x00007f511cc5fc20, 0x00007f511cc60000)
  to   space 236544K,   0% used [0x00007f50ffe60000, 0x00007f50ffe60000, 0x00007f510e560000)
 tenured generation   total 4731576K, used 4014888K [0x00007f55e1b50000, 0x00007f57027fe000, 0x00007f608c600000)
   the space 4731576K,  84% used [0x00007f55e1b50000, 0x00007f56d6c1a168, 0x00007f56d6c1a200, 0x00007f57027fe000)
 Metaspace       used 31667K, capacity 32132K, committed 32512K, reserved 32768K
}
Event: 30.423 GC heap before
{Heap before GC invocations=10 (full 3):
 def new generation   total 2129280K, used 2129279K [0x00007f508c600000, 0x00007f511cc60000, 0x00007f55e1b50000)
  eden space 1892736K, 100% used [0x00007f508c600000, 0x00007f50ffe60000, 0x00007f50ffe60000)
  from space 236544K,  99% used [0x00007f510e560000, 0x00007f511cc5fc20, 0x00007f511cc60000)
  to   space 236544K,   0% used [0x00007f50ffe60000, 0x00007f50ffe60000, 0x00007f510e560000)
 tenured generation   total 4731576K, used 4014888K [0x00007f55e1b50000, 0x00007f57027fe000, 0x00007f608c600000)
   the space 4731576K,  84% used [0x00007f55e1b50000, 0x00007f56d6c1a168, 0x00007f56d6c1a200, 0x00007f57027fe000)
 Metaspace       used 31667K, capacity 32132K, committed 32512K, reserved 32768K
}
Event: 33.127 GC heap after
{Heap after GC invocations=11 (full 3):
 def new generation   total 2129280K, used 236543K [0x00007f508c600000, 0x00007f511cc60000, 0x00007f55e1b50000)
  eden space 1892736K,   0% used [0x00007f508c600000, 0x00007f508c600000, 0x00007f50ffe60000)
  from space 236544K,  99% used [0x00007f50ffe60000, 0x00007f510e55fe98, 0x00007f510e560000)
  to   space 236544K,   0% used [0x00007f510e560000, 0x00007f510e560000, 0x00007f511cc60000)
 tenured generation   total 5382264K, used 5382146K [0x00007f55e1b50000, 0x00007f572a36e000, 0x00007f608c600000)
   the space 5382264K,  99% used [0x00007f55e1b50000, 0x00007f572a350a80, 0x00007f572a350c00, 0x00007f572a36e000)
 Metaspace       used 31667K, capacity 32132K, committed 32512K, reserved 32768K
}
Event: 33.127 GC heap before
{Heap before GC invocations=11 (full 3):
 def new generation   total 2129280K, used 236543K [0x00007f508c600000, 0x00007f511cc60000, 0x00007f55e1b50000)
  eden space 1892736K,   0% used [0x00007f508c600000, 0x00007f508c600000, 0x00007f50ffe60000)
  from space 236544K,  99% used [0x00007f50ffe60000, 0x00007f510e55fe98, 0x00007f510e560000)
  to   space 236544K,   0% used [0x00007f510e560000, 0x00007f510e560000, 0x00007f511cc60000)
 tenured generation   total 5382264K, used 5382146K [0x00007f55e1b50000, 0x00007f572a36e000, 0x00007f608c600000)
   the space 5382264K,  99% used [0x00007f55e1b50000, 0x00007f572a350a80, 0x00007f572a350c00, 0x00007f572a36e000)
 Metaspace       used 31667K, capacity 32132K, committed 32512K, reserved 32768K
}

