# JRE version: OpenJDK Runtime Environment (13.0.7+5) (build 13.0.7+5-Ubuntu-0ubuntu120.04)
# Java VM: OpenJDK 64-Bit Server VM (13.0.7+5-Ubuntu-0ubuntu120.04, mixed mode, tiered, serial gc, linux-amd64)
Heap:
 def new generation   total 1048832K, used 2989K [0x00007fe268600000, 0x00007fe2af800000, 0x00007fe7bdb50000)
  eden space 932352K,   0% used [0x00007fe268600000, 0x00007fe2688eb540, 0x00007fe2a1480000)
  from space 116480K,   0% used [0x00007fe2a1480000, 0x00007fe2a1480000, 0x00007fe2a8640000)
  to   space 116480K,   0% used [0x00007fe2a8640000, 0x00007fe2a8640000, 0x00007fe2af800000)
 tenured generation   total 2330732K, used 2330635K [0x00007fe7bdb50000, 0x00007fe84bf6b000, 0x00007ff268600000)
   the space 2330732K,  99% used [0x00007fe7bdb50000, 0x00007fe84bf52f18, 0x00007fe84bf53000, 0x00007fe84bf6b000)
 Metaspace       used 32196K, capacity 32733K, committed 33024K, reserved 34816K
GC Heap History (20 events):
Event: 13417.590 GC heap after
{Heap after GC invocations=14974 (full 2):
 def new generation   total 1048832K, used 3002K [0x00007fe268600000, 0x00007fe2af800000, 0x00007fe7bdb50000)
  eden space 932352K,   0% used [0x00007fe268600000, 0x00007fe268600000, 0x00007fe2a1480000)
  from space 116480K,   2% used [0x00007fe2a8640000, 0x00007fe2a892e858, 0x00007fe2af800000)
  to   space 116480K,   0% used [0x00007fe2a1480000, 0x00007fe2a1480000, 0x00007fe2a8640000)
 tenured generation   total 2330540K, used 2329281K [0x00007fe7bdb50000, 0x00007fe84bf3b000, 0x00007ff268600000)
   the space 2330540K,  99% used [0x00007fe7bdb50000, 0x00007fe84be00518, 0x00007fe84be00600, 0x00007fe84bf3b000)
 Metaspace       used 32196K, capacity 32733K, committed 33024K, reserved 34816K
}
Event: 13418.716 GC heap before
{Heap before GC invocations=14974 (full 2):
 def new generation   total 1048832K, used 935354K [0x00007fe268600000, 0x00007fe2af800000, 0x00007fe7bdb50000)
  eden space 932352K, 100% used [0x00007fe268600000, 0x00007fe2a1480000, 0x00007fe2a1480000)
  from space 116480K,   2% used [0x00007fe2a8640000, 0x00007fe2a892e858, 0x00007fe2af800000)
  to   space 116480K,   0% used [0x00007fe2a1480000, 0x00007fe2a1480000, 0x00007fe2a8640000)
 tenured generation   total 2330540K, used 2329281K [0x00007fe7bdb50000, 0x00007fe84bf3b000, 0x00007ff268600000)
   the space 2330540K,  99% used [0x00007fe7bdb50000, 0x00007fe84be00518, 0x00007fe84be00600, 0x00007fe84bf3b000)
 Metaspace       used 32196K, capacity 32733K, committed 33024K, reserved 34816K
}
Event: 13418.720 GC heap after
{Heap after GC invocations=14975 (full 2):
 def new generation   total 1048832K, used 3012K [0x00007fe268600000, 0x00007fe2af800000, 0x00007fe7bdb50000)
  eden space 932352K,   0% used [0x00007fe268600000, 0x00007fe268600000, 0x00007fe2a1480000)
  from space 116480K,   2% used [0x00007fe2a1480000, 0x00007fe2a1771000, 0x00007fe2a8640000)
  to   space 116480K,   0% used [0x00007fe2a8640000, 0x00007fe2a8640000, 0x00007fe2af800000)
 tenured generation   total 2330540K, used 2329425K [0x00007fe7bdb50000, 0x00007fe84bf3b000, 0x00007ff268600000)
   the space 2330540K,  99% used [0x00007fe7bdb50000, 0x00007fe84be24580, 0x00007fe84be24600, 0x00007fe84bf3b000)
 Metaspace       used 32196K, capacity 32733K, committed 33024K, reserved 34816K
}
Event: 13419.827 GC heap before
{Heap before GC invocations=14975 (full 2):
 def new generation   total 1048832K, used 935364K [0x00007fe268600000, 0x00007fe2af800000, 0x00007fe7bdb50000)
  eden space 932352K, 100% used [0x00007fe268600000, 0x00007fe2a1480000, 0x00007fe2a1480000)
  from space 116480K,   2% used [0x00007fe2a1480000, 0x00007fe2a1771000, 0x00007fe2a8640000)
  to   space 116480K,   0% used [0x00007fe2a8640000, 0x00007fe2a8640000, 0x00007fe2af800000)
 tenured generation   total 2330540K, used 2329425K [0x00007fe7bdb50000, 0x00007fe84bf3b000, 0x00007ff268600000)
   the space 2330540K,  99% used [0x00007fe7bdb50000, 0x00007fe84be24580, 0x00007fe84be24600, 0x00007fe84bf3b000)
 Metaspace       used 32196K, capacity 32733K, committed 33024K, reserved 34816K
}
Event: 13419.831 GC heap after
{Heap after GC invocations=14976 (full 2):
 def new generation   total 1048832K, used 3015K [0x00007fe268600000, 0x00007fe2af800000, 0x00007fe7bdb50000)
  eden space 932352K,   0% used [0x00007fe268600000, 0x00007fe268600000, 0x00007fe2a1480000)
  from space 116480K,   2% used [0x00007fe2a8640000, 0x00007fe2a8931f50, 0x00007fe2af800000)
  to   space 116480K,   0% used [0x00007fe2a1480000, 0x00007fe2a1480000, 0x00007fe2a8640000)
 tenured generation   total 2330540K, used 2329569K [0x00007fe7bdb50000, 0x00007fe84bf3b000, 0x00007ff268600000)
   the space 2330540K,  99% used [0x00007fe7bdb50000, 0x00007fe84be485e8, 0x00007fe84be48600, 0x00007fe84bf3b000)
 Metaspace       used 32196K, capacity 32733K, committed 33024K, reserved 34816K
}
Event: 13420.946 GC heap before
{Heap before GC invocations=14976 (full 2):
 def new generation   total 1048832K, used 935367K [0x00007fe268600000, 0x00007fe2af800000, 0x00007fe7bdb50000)
  eden space 932352K, 100% used [0x00007fe268600000, 0x00007fe2a1480000, 0x00007fe2a1480000)
  from space 116480K,   2% used [0x00007fe2a8640000, 0x00007fe2a8931f50, 0x00007fe2af800000)
  to   space 116480K,   0% used [0x00007fe2a1480000, 0x00007fe2a1480000, 0x00007fe2a8640000)
 tenured generation   total 2330540K, used 2329569K [0x00007fe7bdb50000, 0x00007fe84bf3b000, 0x00007ff268600000)
   the space 2330540K,  99% used [0x00007fe7bdb50000, 0x00007fe84be485e8, 0x00007fe84be48600, 0x00007fe84bf3b000)
 Metaspace       used 32196K, capacity 32733K, committed 33024K, reserved 34816K
}
Event: 13420.949 GC heap after
{Heap after GC invocations=14977 (full 2):
 def new generation   total 1048832K, used 2994K [0x00007fe268600000, 0x00007fe2af800000, 0x00007fe7bdb50000)
  eden space 932352K,   0% used [0x00007fe268600000, 0x00007fe268600000, 0x00007fe2a1480000)
  from space 116480K,   2% used [0x00007fe2a1480000, 0x00007fe2a176cb98, 0x00007fe2a8640000)
  to   space 116480K,   0% used [0x00007fe2a8640000, 0x00007fe2a8640000, 0x00007fe2af800000)
 tenured generation   total 2330540K, used 2329734K [0x00007fe7bdb50000, 0x00007fe84bf3b000, 0x00007ff268600000)
   the space 2330540K,  99% used [0x00007fe7bdb50000, 0x00007fe84be718a8, 0x00007fe84be71a00, 0x00007fe84bf3b000)
 Metaspace       used 32196K, capacity 32733K, committed 33024K, reserved 34816K
}
Event: 13422.047 GC heap before
{Heap before GC invocations=14977 (full 2):
 def new generation   total 1048832K, used 935346K [0x00007fe268600000, 0x00007fe2af800000, 0x00007fe7bdb50000)
  eden space 932352K, 100% used [0x00007fe268600000, 0x00007fe2a1480000, 0x00007fe2a1480000)
  from space 116480K,   2% used [0x00007fe2a1480000, 0x00007fe2a176cb98, 0x00007fe2a8640000)
  to   space 116480K,   0% used [0x00007fe2a8640000, 0x00007fe2a8640000, 0x00007fe2af800000)
 tenured generation   total 2330540K, used 2329734K [0x00007fe7bdb50000, 0x00007fe84bf3b000, 0x00007ff268600000)
   the space 2330540K,  99% used [0x00007fe7bdb50000, 0x00007fe84be718a8, 0x00007fe84be71a00, 0x00007fe84bf3b000)
 Metaspace       used 32196K, capacity 32733K, committed 33024K, reserved 34816K
}
Event: 13422.050 GC heap after
{Heap after GC invocations=14978 (full 2):
 def new generation   total 1048832K, used 3000K [0x00007fe268600000, 0x00007fe2af800000, 0x00007fe7bdb50000)
  eden space 932352K,   0% used [0x00007fe268600000, 0x00007fe268600000, 0x00007fe2a1480000)
  from space 116480K,   2% used [0x00007fe2a8640000, 0x00007fe2a892e1b8, 0x00007fe2af800000)
  to   space 116480K,   0% used [0x00007fe2a1480000, 0x00007fe2a1480000, 0x00007fe2a8640000)
 tenured generation   total 2330540K, used 2329878K [0x00007fe7bdb50000, 0x00007fe84bf3b000, 0x00007ff268600000)
   the space 2330540K,  99% used [0x00007fe7bdb50000, 0x00007fe84be95910, 0x00007fe84be95a00, 0x00007fe84bf3b000)
 Metaspace       used 32196K, capacity 32733K, committed 33024K, reserved 34816K
}
Event: 13423.164 GC heap before
{Heap before GC invocations=14978 (full 2):
 def new generation   total 1048832K, used 935352K [0x00007fe268600000, 0x00007fe2af800000, 0x00007fe7bdb50000)
  eden space 932352K, 100% used [0x00007fe268600000, 0x00007fe2a1480000, 0x00007fe2a1480000)
  from space 116480K,   2% used [0x00007fe2a8640000, 0x00007fe2a892e1b8, 0x00007fe2af800000)
  to   space 116480K,   0% used [0x00007fe2a1480000, 0x00007fe2a1480000, 0x00007fe2a8640000)
 tenured generation   total 2330540K, used 2329878K [0x00007fe7bdb50000, 0x00007fe84bf3b000, 0x00007ff268600000)
   the space 2330540K,  99% used [0x00007fe7bdb50000, 0x00007fe84be95910, 0x00007fe84be95a00, 0x00007fe84bf3b000)
 Metaspace       used 32196K, capacity 32733K, committed 33024K, reserved 34816K
}
Event: 13423.167 GC heap after
{Heap after GC invocations=14979 (full 2):
 def new generation   total 1048832K, used 3010K [0x00007fe268600000, 0x00007fe2af800000, 0x00007fe7bdb50000)
  eden space 932352K,   0% used [0x00007fe268600000, 0x00007fe268600000, 0x00007fe2a1480000)
  from space 116480K,   2% used [0x00007fe2a1480000, 0x00007fe2a17708c0, 0x00007fe2a8640000)
  to   space 116480K,   0% used [0x00007fe2a8640000, 0x00007fe2a8640000, 0x00007fe2af800000)
 tenured generation   total 2330540K, used 2330022K [0x00007fe7bdb50000, 0x00007fe84bf3b000, 0x00007ff268600000)
   the space 2330540K,  99% used [0x00007fe7bdb50000, 0x00007fe84beb9978, 0x00007fe84beb9a00, 0x00007fe84bf3b000)
 Metaspace       used 32196K, capacity 32733K, committed 33024K, reserved 34816K
}
Event: 13424.275 GC heap before
{Heap before GC invocations=14979 (full 2):
 def new generation   total 1048832K, used 935362K [0x00007fe268600000, 0x00007fe2af800000, 0x00007fe7bdb50000)
  eden space 932352K, 100% used [0x00007fe268600000, 0x00007fe2a1480000, 0x00007fe2a1480000)
  from space 116480K,   2% used [0x00007fe2a1480000, 0x00007fe2a17708c0, 0x00007fe2a8640000)
  to   space 116480K,   0% used [0x00007fe2a8640000, 0x00007fe2a8640000, 0x00007fe2af800000)
 tenured generation   total 2330540K, used 2330022K [0x00007fe7bdb50000, 0x00007fe84bf3b000, 0x00007ff268600000)
   the space 2330540K,  99% used [0x00007fe7bdb50000, 0x00007fe84beb9978, 0x00007fe84beb9a00, 0x00007fe84bf3b000)
 Metaspace       used 32196K, capacity 32733K, committed 33024K, reserved 34816K
}
Event: 13424.279 GC heap after
{Heap after GC invocations=14980 (full 2):
 def new generation   total 1048832K, used 3009K [0x00007fe268600000, 0x00007fe2af800000, 0x00007fe7bdb50000)
  eden space 932352K,   0% used [0x00007fe268600000, 0x00007fe268600000, 0x00007fe2a1480000)
  from space 116480K,   2% used [0x00007fe2a8640000, 0x00007fe2a89305b8, 0x00007fe2af800000)
  to   space 116480K,   0% used [0x00007fe2a1480000, 0x00007fe2a1480000, 0x00007fe2a8640000)
 tenured generation   total 2330540K, used 2330166K [0x00007fe7bdb50000, 0x00007fe84bf3b000, 0x00007ff268600000)
   the space 2330540K,  99% used [0x00007fe7bdb50000, 0x00007fe84bedd9e0, 0x00007fe84bedda00, 0x00007fe84bf3b000)
 Metaspace       used 32196K, capacity 32733K, committed 33024K, reserved 34816K
}
Event: 13425.398 GC heap before
{Heap before GC invocations=14980 (full 2):
 def new generation   total 1048832K, used 935361K [0x00007fe268600000, 0x00007fe2af800000, 0x00007fe7bdb50000)
  eden space 932352K, 100% used [0x00007fe268600000, 0x00007fe2a1480000, 0x00007fe2a1480000)
  from space 116480K,   2% used [0x00007fe2a8640000, 0x00007fe2a89305b8, 0x00007fe2af800000)
  to   space 116480K,   0% used [0x00007fe2a1480000, 0x00007fe2a1480000, 0x00007fe2a8640000)
 tenured generation   total 2330540K, used 2330166K [0x00007fe7bdb50000, 0x00007fe84bf3b000, 0x00007ff268600000)
   the space 2330540K,  99% used [0x00007fe7bdb50000, 0x00007fe84bedd9e0, 0x00007fe84bedda00, 0x00007fe84bf3b000)
 Metaspace       used 32196K, capacity 32733K, committed 33024K, reserved 34816K
}
Event: 13425.402 GC heap after
{Heap after GC invocations=14981 (full 2):
 def new generation   total 1048832K, used 3019K [0x00007fe268600000, 0x00007fe2af800000, 0x00007fe7bdb50000)
  eden space 932352K,   0% used [0x00007fe268600000, 0x00007fe268600000, 0x00007fe2a1480000)
  from space 116480K,   2% used [0x00007fe2a1480000, 0x00007fe2a1772e88, 0x00007fe2a8640000)
  to   space 116480K,   0% used [0x00007fe2a8640000, 0x00007fe2a8640000, 0x00007fe2af800000)
 tenured generation   total 2330540K, used 2330311K [0x00007fe7bdb50000, 0x00007fe84bf3b000, 0x00007ff268600000)
   the space 2330540K,  99% used [0x00007fe7bdb50000, 0x00007fe84bf01c88, 0x00007fe84bf01e00, 0x00007fe84bf3b000)
 Metaspace       used 32196K, capacity 32733K, committed 33024K, reserved 34816K
}
Event: 13426.527 GC heap before
{Heap before GC invocations=14981 (full 2):
 def new generation   total 1048832K, used 935371K [0x00007fe268600000, 0x00007fe2af800000, 0x00007fe7bdb50000)
  eden space 932352K, 100% used [0x00007fe268600000, 0x00007fe2a1480000, 0x00007fe2a1480000)
  from space 116480K,   2% used [0x00007fe2a1480000, 0x00007fe2a1772e88, 0x00007fe2a8640000)
  to   space 116480K,   0% used [0x00007fe2a8640000, 0x00007fe2a8640000, 0x00007fe2af800000)
 tenured generation   total 2330540K, used 2330311K [0x00007fe7bdb50000, 0x00007fe84bf3b000, 0x00007ff268600000)
   the space 2330540K,  99% used [0x00007fe7bdb50000, 0x00007fe84bf01c88, 0x00007fe84bf01e00, 0x00007fe84bf3b000)
 Metaspace       used 32196K, capacity 32733K, committed 33024K, reserved 34816K
}
Event: 13426.531 GC heap after
{Heap after GC invocations=14982 (full 2):
 def new generation   total 1048832K, used 2995K [0x00007fe268600000, 0x00007fe2af800000, 0x00007fe7bdb50000)
  eden space 932352K,   0% used [0x00007fe268600000, 0x00007fe268600000, 0x00007fe2a1480000)
  from space 116480K,   2% used [0x00007fe2a8640000, 0x00007fe2a892ce90, 0x00007fe2af800000)
  to   space 116480K,   0% used [0x00007fe2a1480000, 0x00007fe2a1480000, 0x00007fe2a8640000)
 tenured generation   total 2330540K, used 2330479K [0x00007fe7bdb50000, 0x00007fe84bf3b000, 0x00007ff268600000)
   the space 2330540K,  99% used [0x00007fe7bdb50000, 0x00007fe84bf2be48, 0x00007fe84bf2c000, 0x00007fe84bf3b000)
 Metaspace       used 32196K, capacity 32733K, committed 33024K, reserved 34816K
}
Event: 13427.640 GC heap before
{Heap before GC invocations=14982 (full 2):
 def new generation   total 1048832K, used 935347K [0x00007fe268600000, 0x00007fe2af800000, 0x00007fe7bdb50000)
  eden space 932352K, 100% used [0x00007fe268600000, 0x00007fe2a1480000, 0x00007fe2a1480000)
  from space 116480K,   2% used [0x00007fe2a8640000, 0x00007fe2a892ce90, 0x00007fe2af800000)
  to   space 116480K,   0% used [0x00007fe2a1480000, 0x00007fe2a1480000, 0x00007fe2a8640000)
 tenured generation   total 2330540K, used 2330479K [0x00007fe7bdb50000, 0x00007fe84bf3b000, 0x00007ff268600000)
   the space 2330540K,  99% used [0x00007fe7bdb50000, 0x00007fe84bf2be48, 0x00007fe84bf2c000, 0x00007fe84bf3b000)
 Metaspace       used 32196K, capacity 32733K, committed 33024K, reserved 34816K
}
Event: 13427.645 GC heap after
{Heap after GC invocations=14983 (full 2):
 def new generation   total 1048832K, used 3001K [0x00007fe268600000, 0x00007fe2af800000, 0x00007fe7bdb50000)
  eden space 932352K,   0% used [0x00007fe268600000, 0x00007fe268600000, 0x00007fe2a1480000)
  from space 116480K,   2% used [0x00007fe2a1480000, 0x00007fe2a176e5a8, 0x00007fe2a8640000)
  to   space 116480K,   0% used [0x00007fe2a8640000, 0x00007fe2a8640000, 0x00007fe2af800000)
 tenured generation   total 2330732K, used 2330623K [0x00007fe7bdb50000, 0x00007fe84bf6b000, 0x00007ff268600000)
   the space 2330732K,  99% used [0x00007fe7bdb50000, 0x00007fe84bf4feb0, 0x00007fe84bf50000, 0x00007fe84bf6b000)
 Metaspace       used 32196K, capacity 32733K, committed 33024K, reserved 34816K
}
Event: 13427.645 GC heap before
{Heap before GC invocations=14983 (full 2):
 def new generation   total 1048832K, used 3001K [0x00007fe268600000, 0x00007fe2af800000, 0x00007fe7bdb50000)
  eden space 932352K,   0% used [0x00007fe268600000, 0x00007fe268600000, 0x00007fe2a1480000)
  from space 116480K,   2% used [0x00007fe2a1480000, 0x00007fe2a176e5a8, 0x00007fe2a8640000)
  to   space 116480K,   0% used [0x00007fe2a8640000, 0x00007fe2a8640000, 0x00007fe2af800000)
 tenured generation   total 2330732K, used 2330623K [0x00007fe7bdb50000, 0x00007fe84bf6b000, 0x00007ff268600000)
   the space 2330732K,  99% used [0x00007fe7bdb50000, 0x00007fe84bf4feb0, 0x00007fe84bf50000, 0x00007fe84bf6b000)
 Metaspace       used 32196K, capacity 32733K, committed 33024K, reserved 34816K
}

