# JRE version: OpenJDK Runtime Environment (13.0.7+5) (build 13.0.7+5-Ubuntu-0ubuntu120.04)
# Java VM: OpenJDK 64-Bit Server VM (13.0.7+5-Ubuntu-0ubuntu120.04, mixed mode, tiered, serial gc, linux-amd64)
Heap:
 def new generation   total 2111232K, used 185520K [0x00007f0ae8600000, 0x00007f0b778d0000, 0x00007f103db50000)
  eden space 1876672K,   9% used [0x00007f0ae8600000, 0x00007f0af3b2c3a0, 0x00007f0b5aeb0000)
  from space 234560K,   0% used [0x00007f0b5aeb0000, 0x00007f0b5aeb0000, 0x00007f0b693c0000)
  to   space 234560K,   0% used [0x00007f0b693c0000, 0x00007f0b693c0000, 0x00007f0b778d0000)
 tenured generation   total 5265940K, used 5265939K [0x00007f103db50000, 0x00007f117f1d5000, 0x00007f1ae8600000)
   the space 5265940K,  99% used [0x00007f103db50000, 0x00007f117f1d4fd0, 0x00007f117f1d5000, 0x00007f117f1d5000)
 Metaspace       used 32189K, capacity 32671K, committed 32768K, reserved 32768K
GC Heap History (20 events):
Event: 160.315 GC heap after
{Heap after GC invocations=106 (full 3):
 def new generation   total 2111232K, used 234560K [0x00007f0ae8600000, 0x00007f0b778d0000, 0x00007f103db50000)
  eden space 1876672K,   0% used [0x00007f0ae8600000, 0x00007f0ae8600000, 0x00007f0b5aeb0000)
  from space 234560K, 100% used [0x00007f0b693c0000, 0x00007f0b778d0000, 0x00007f0b778d0000)
  to   space 234560K,   0% used [0x00007f0b5aeb0000, 0x00007f0b5aeb0000, 0x00007f0b693c0000)
 tenured generation   total 4691476K, used 3330155K [0x00007f103db50000, 0x00007f115c0d5000, 0x00007f1ae8600000)
   the space 4691476K,  70% used [0x00007f103db50000, 0x00007f1108f6aef0, 0x00007f1108f6b000, 0x00007f115c0d5000)
 Metaspace       used 32187K, capacity 32671K, committed 32768K, reserved 32768K
}
Event: 163.482 GC heap before
{Heap before GC invocations=106 (full 3):
 def new generation   total 2111232K, used 2111232K [0x00007f0ae8600000, 0x00007f0b778d0000, 0x00007f103db50000)
  eden space 1876672K, 100% used [0x00007f0ae8600000, 0x00007f0b5aeb0000, 0x00007f0b5aeb0000)
  from space 234560K, 100% used [0x00007f0b693c0000, 0x00007f0b778d0000, 0x00007f0b778d0000)
  to   space 234560K,   0% used [0x00007f0b5aeb0000, 0x00007f0b5aeb0000, 0x00007f0b693c0000)
 tenured generation   total 4691476K, used 3330155K [0x00007f103db50000, 0x00007f115c0d5000, 0x00007f1ae8600000)
   the space 4691476K,  70% used [0x00007f103db50000, 0x00007f1108f6aef0, 0x00007f1108f6b000, 0x00007f115c0d5000)
 Metaspace       used 32187K, capacity 32671K, committed 32768K, reserved 32768K
}
Event: 164.006 GC heap after
{Heap after GC invocations=107 (full 3):
 def new generation   total 2111232K, used 1739K [0x00007f0ae8600000, 0x00007f0b778d0000, 0x00007f103db50000)
  eden space 1876672K,   0% used [0x00007f0ae8600000, 0x00007f0ae8600000, 0x00007f0b5aeb0000)
  from space 234560K,   0% used [0x00007f0b5aeb0000, 0x00007f0b5b062dd8, 0x00007f0b693c0000)
  to   space 234560K,   0% used [0x00007f0b693c0000, 0x00007f0b693c0000, 0x00007f0b778d0000)
 tenured generation   total 4691476K, used 3564714K [0x00007f103db50000, 0x00007f115c0d5000, 0x00007f1ae8600000)
   the space 4691476K,  75% used [0x00007f103db50000, 0x00007f111747abe8, 0x00007f111747ac00, 0x00007f115c0d5000)
 Metaspace       used 32187K, capacity 32671K, committed 32768K, reserved 32768K
}
Event: 166.900 GC heap before
{Heap before GC invocations=107 (full 3):
 def new generation   total 2111232K, used 1878411K [0x00007f0ae8600000, 0x00007f0b778d0000, 0x00007f103db50000)
  eden space 1876672K, 100% used [0x00007f0ae8600000, 0x00007f0b5aeb0000, 0x00007f0b5aeb0000)
  from space 234560K,   0% used [0x00007f0b5aeb0000, 0x00007f0b5b062dd8, 0x00007f0b693c0000)
  to   space 234560K,   0% used [0x00007f0b693c0000, 0x00007f0b693c0000, 0x00007f0b778d0000)
 tenured generation   total 4691476K, used 3564714K [0x00007f103db50000, 0x00007f115c0d5000, 0x00007f1ae8600000)
   the space 4691476K,  75% used [0x00007f103db50000, 0x00007f111747abe8, 0x00007f111747ac00, 0x00007f115c0d5000)
 Metaspace       used 32187K, capacity 32671K, committed 32768K, reserved 32768K
}
Event: 166.912 GC heap after
{Heap after GC invocations=108 (full 3):
 def new generation   total 2111232K, used 3476K [0x00007f0ae8600000, 0x00007f0b778d0000, 0x00007f103db50000)
  eden space 1876672K,   0% used [0x00007f0ae8600000, 0x00007f0ae8600000, 0x00007f0b5aeb0000)
  from space 234560K,   1% used [0x00007f0b693c0000, 0x00007f0b697250d8, 0x00007f0b778d0000)
  to   space 234560K,   0% used [0x00007f0b5aeb0000, 0x00007f0b5aeb0000, 0x00007f0b693c0000)
 tenured generation   total 4691476K, used 3564714K [0x00007f103db50000, 0x00007f115c0d5000, 0x00007f1ae8600000)
   the space 4691476K,  75% used [0x00007f103db50000, 0x00007f111747abe8, 0x00007f111747ac00, 0x00007f115c0d5000)
 Metaspace       used 32187K, capacity 32671K, committed 32768K, reserved 32768K
}
Event: 169.860 GC heap before
{Heap before GC invocations=108 (full 3):
 def new generation   total 2111232K, used 1880148K [0x00007f0ae8600000, 0x00007f0b778d0000, 0x00007f103db50000)
  eden space 1876672K, 100% used [0x00007f0ae8600000, 0x00007f0b5aeb0000, 0x00007f0b5aeb0000)
  from space 234560K,   1% used [0x00007f0b693c0000, 0x00007f0b697250d8, 0x00007f0b778d0000)
  to   space 234560K,   0% used [0x00007f0b5aeb0000, 0x00007f0b5aeb0000, 0x00007f0b693c0000)
 tenured generation   total 4691476K, used 3564714K [0x00007f103db50000, 0x00007f115c0d5000, 0x00007f1ae8600000)
   the space 4691476K,  75% used [0x00007f103db50000, 0x00007f111747abe8, 0x00007f111747ac00, 0x00007f115c0d5000)
 Metaspace       used 32187K, capacity 32671K, committed 32768K, reserved 32768K
}
Event: 169.878 GC heap after
{Heap after GC invocations=109 (full 3):
 def new generation   total 2111232K, used 5172K [0x00007f0ae8600000, 0x00007f0b778d0000, 0x00007f103db50000)
  eden space 1876672K,   0% used [0x00007f0ae8600000, 0x00007f0ae8600000, 0x00007f0b5aeb0000)
  from space 234560K,   2% used [0x00007f0b5aeb0000, 0x00007f0b5b3bd0a0, 0x00007f0b693c0000)
  to   space 234560K,   0% used [0x00007f0b693c0000, 0x00007f0b693c0000, 0x00007f0b778d0000)
 tenured generation   total 4691476K, used 3564714K [0x00007f103db50000, 0x00007f115c0d5000, 0x00007f1ae8600000)
   the space 4691476K,  75% used [0x00007f103db50000, 0x00007f111747abe8, 0x00007f111747ac00, 0x00007f115c0d5000)
 Metaspace       used 32187K, capacity 32671K, committed 32768K, reserved 32768K
}
Event: 172.797 GC heap before
{Heap before GC invocations=109 (full 3):
 def new generation   total 2111232K, used 1881844K [0x00007f0ae8600000, 0x00007f0b778d0000, 0x00007f103db50000)
  eden space 1876672K, 100% used [0x00007f0ae8600000, 0x00007f0b5aeb0000, 0x00007f0b5aeb0000)
  from space 234560K,   2% used [0x00007f0b5aeb0000, 0x00007f0b5b3bd0a0, 0x00007f0b693c0000)
  to   space 234560K,   0% used [0x00007f0b693c0000, 0x00007f0b693c0000, 0x00007f0b778d0000)
 tenured generation   total 4691476K, used 3564714K [0x00007f103db50000, 0x00007f115c0d5000, 0x00007f1ae8600000)
   the space 4691476K,  75% used [0x00007f103db50000, 0x00007f111747abe8, 0x00007f111747ac00, 0x00007f115c0d5000)
 Metaspace       used 32187K, capacity 32671K, committed 32768K, reserved 32768K
}
Event: 172.817 GC heap after
{Heap after GC invocations=110 (full 3):
 def new generation   total 2111232K, used 6899K [0x00007f0ae8600000, 0x00007f0b778d0000, 0x00007f103db50000)
  eden space 1876672K,   0% used [0x00007f0ae8600000, 0x00007f0ae8600000, 0x00007f0b5aeb0000)
  from space 234560K,   2% used [0x00007f0b693c0000, 0x00007f0b69a7cfb8, 0x00007f0b778d0000)
  to   space 234560K,   0% used [0x00007f0b5aeb0000, 0x00007f0b5aeb0000, 0x00007f0b693c0000)
 tenured generation   total 4691476K, used 3564714K [0x00007f103db50000, 0x00007f115c0d5000, 0x00007f1ae8600000)
   the space 4691476K,  75% used [0x00007f103db50000, 0x00007f111747abe8, 0x00007f111747ac00, 0x00007f115c0d5000)
 Metaspace       used 32187K, capacity 32671K, committed 32768K, reserved 32768K
}
Event: 175.894 GC heap before
{Heap before GC invocations=110 (full 3):
 def new generation   total 2111232K, used 1883571K [0x00007f0ae8600000, 0x00007f0b778d0000, 0x00007f103db50000)
  eden space 1876672K, 100% used [0x00007f0ae8600000, 0x00007f0b5aeb0000, 0x00007f0b5aeb0000)
  from space 234560K,   2% used [0x00007f0b693c0000, 0x00007f0b69a7cfb8, 0x00007f0b778d0000)
  to   space 234560K,   0% used [0x00007f0b5aeb0000, 0x00007f0b5aeb0000, 0x00007f0b693c0000)
 tenured generation   total 4691476K, used 3564714K [0x00007f103db50000, 0x00007f115c0d5000, 0x00007f1ae8600000)
   the space 4691476K,  75% used [0x00007f103db50000, 0x00007f111747abe8, 0x00007f111747ac00, 0x00007f115c0d5000)
 Metaspace       used 32187K, capacity 32671K, committed 32768K, reserved 32768K
}
Event: 175.922 GC heap after
{Heap after GC invocations=111 (full 3):
 def new generation   total 2111232K, used 8605K [0x00007f0ae8600000, 0x00007f0b778d0000, 0x00007f103db50000)
  eden space 1876672K,   0% used [0x00007f0ae8600000, 0x00007f0ae8600000, 0x00007f0b5aeb0000)
  from space 234560K,   3% used [0x00007f0b5aeb0000, 0x00007f0b5b7174d8, 0x00007f0b693c0000)
  to   space 234560K,   0% used [0x00007f0b693c0000, 0x00007f0b693c0000, 0x00007f0b778d0000)
 tenured generation   total 4691476K, used 3564714K [0x00007f103db50000, 0x00007f115c0d5000, 0x00007f1ae8600000)
   the space 4691476K,  75% used [0x00007f103db50000, 0x00007f111747abe8, 0x00007f111747ac00, 0x00007f115c0d5000)
 Metaspace       used 32187K, capacity 32671K, committed 32768K, reserved 32768K
}
Event: 179.062 GC heap before
{Heap before GC invocations=111 (full 3):
 def new generation   total 2111232K, used 1885277K [0x00007f0ae8600000, 0x00007f0b778d0000, 0x00007f103db50000)
  eden space 1876672K, 100% used [0x00007f0ae8600000, 0x00007f0b5aeb0000, 0x00007f0b5aeb0000)
  from space 234560K,   3% used [0x00007f0b5aeb0000, 0x00007f0b5b7174d8, 0x00007f0b693c0000)
  to   space 234560K,   0% used [0x00007f0b693c0000, 0x00007f0b693c0000, 0x00007f0b778d0000)
 tenured generation   total 4691476K, used 3564714K [0x00007f103db50000, 0x00007f115c0d5000, 0x00007f1ae8600000)
   the space 4691476K,  75% used [0x00007f103db50000, 0x00007f111747abe8, 0x00007f111747ac00, 0x00007f115c0d5000)
 Metaspace       used 32187K, capacity 32671K, committed 32768K, reserved 32768K
}
Event: 179.095 GC heap after
{Heap after GC invocations=112 (full 3):
 def new generation   total 2111232K, used 10322K [0x00007f0ae8600000, 0x00007f0b778d0000, 0x00007f103db50000)
  eden space 1876672K,   0% used [0x00007f0ae8600000, 0x00007f0ae8600000, 0x00007f0b5aeb0000)
  from space 234560K,   4% used [0x00007f0b693c0000, 0x00007f0b69dd4a70, 0x00007f0b778d0000)
  to   space 234560K,   0% used [0x00007f0b5aeb0000, 0x00007f0b5aeb0000, 0x00007f0b693c0000)
 tenured generation   total 4691476K, used 3564714K [0x00007f103db50000, 0x00007f115c0d5000, 0x00007f1ae8600000)
   the space 4691476K,  75% used [0x00007f103db50000, 0x00007f111747abe8, 0x00007f111747ac00, 0x00007f115c0d5000)
 Metaspace       used 32187K, capacity 32671K, committed 32768K, reserved 32768K
}
Event: 182.033 GC heap before
{Heap before GC invocations=112 (full 3):
 def new generation   total 2111232K, used 1886994K [0x00007f0ae8600000, 0x00007f0b778d0000, 0x00007f103db50000)
  eden space 1876672K, 100% used [0x00007f0ae8600000, 0x00007f0b5aeb0000, 0x00007f0b5aeb0000)
  from space 234560K,   4% used [0x00007f0b693c0000, 0x00007f0b69dd4a70, 0x00007f0b778d0000)
  to   space 234560K,   0% used [0x00007f0b5aeb0000, 0x00007f0b5aeb0000, 0x00007f0b693c0000)
 tenured generation   total 4691476K, used 3564714K [0x00007f103db50000, 0x00007f115c0d5000, 0x00007f1ae8600000)
   the space 4691476K,  75% used [0x00007f103db50000, 0x00007f111747abe8, 0x00007f111747ac00, 0x00007f115c0d5000)
 Metaspace       used 32187K, capacity 32671K, committed 32768K, reserved 32768K
}
Event: 182.064 GC heap after
{Heap after GC invocations=113 (full 3):
 def new generation   total 2111232K, used 12048K [0x00007f0ae8600000, 0x00007f0b778d0000, 0x00007f103db50000)
  eden space 1876672K,   0% used [0x00007f0ae8600000, 0x00007f0ae8600000, 0x00007f0b5aeb0000)
  from space 234560K,   5% used [0x00007f0b5aeb0000, 0x00007f0b5ba74348, 0x00007f0b693c0000)
  to   space 234560K,   0% used [0x00007f0b693c0000, 0x00007f0b693c0000, 0x00007f0b778d0000)
 tenured generation   total 4691476K, used 3564714K [0x00007f103db50000, 0x00007f115c0d5000, 0x00007f1ae8600000)
   the space 4691476K,  75% used [0x00007f103db50000, 0x00007f111747abe8, 0x00007f111747ac00, 0x00007f115c0d5000)
 Metaspace       used 32187K, capacity 32671K, committed 32768K, reserved 32768K
}
Event: 184.442 GC heap before
{Heap before GC invocations=113 (full 3):
 def new generation   total 2111232K, used 1888720K [0x00007f0ae8600000, 0x00007f0b778d0000, 0x00007f103db50000)
  eden space 1876672K, 100% used [0x00007f0ae8600000, 0x00007f0b5aeb0000, 0x00007f0b5aeb0000)
  from space 234560K,   5% used [0x00007f0b5aeb0000, 0x00007f0b5ba74348, 0x00007f0b693c0000)
  to   space 234560K,   0% used [0x00007f0b693c0000, 0x00007f0b693c0000, 0x00007f0b778d0000)
 tenured generation   total 4691476K, used 3564714K [0x00007f103db50000, 0x00007f115c0d5000, 0x00007f1ae8600000)
   the space 4691476K,  75% used [0x00007f103db50000, 0x00007f111747abe8, 0x00007f111747ac00, 0x00007f115c0d5000)
 Metaspace       used 32187K, capacity 32671K, committed 32768K, reserved 32768K
}
Event: 185.704 GC heap after
{Heap after GC invocations=114 (full 3):
 def new generation   total 2111232K, used 234559K [0x00007f0ae8600000, 0x00007f0b778d0000, 0x00007f103db50000)
  eden space 1876672K,   0% used [0x00007f0ae8600000, 0x00007f0ae8600000, 0x00007f0b5aeb0000)
  from space 234560K,  99% used [0x00007f0b693c0000, 0x00007f0b778cfff8, 0x00007f0b778d0000)
  to   space 234560K,   0% used [0x00007f0b5aeb0000, 0x00007f0b5aeb0000, 0x00007f0b693c0000)
 tenured generation   total 4691476K, used 3963882K [0x00007f103db50000, 0x00007f115c0d5000, 0x00007f1ae8600000)
   the space 4691476K,  84% used [0x00007f103db50000, 0x00007f112fa4ab10, 0x00007f112fa4ac00, 0x00007f115c0d5000)
 Metaspace       used 32187K, capacity 32671K, committed 32768K, reserved 32768K
}
Event: 187.447 GC heap before
{Heap before GC invocations=114 (full 3):
 def new generation   total 2111232K, used 2111231K [0x00007f0ae8600000, 0x00007f0b778d0000, 0x00007f103db50000)
  eden space 1876672K, 100% used [0x00007f0ae8600000, 0x00007f0b5aeb0000, 0x00007f0b5aeb0000)
  from space 234560K,  99% used [0x00007f0b693c0000, 0x00007f0b778cfff8, 0x00007f0b778d0000)
  to   space 234560K,   0% used [0x00007f0b5aeb0000, 0x00007f0b5aeb0000, 0x00007f0b693c0000)
 tenured generation   total 4691476K, used 3963882K [0x00007f103db50000, 0x00007f115c0d5000, 0x00007f1ae8600000)
   the space 4691476K,  84% used [0x00007f103db50000, 0x00007f112fa4ab10, 0x00007f112fa4ac00, 0x00007f115c0d5000)
 Metaspace       used 32189K, capacity 32671K, committed 32768K, reserved 32768K
}
Event: 190.805 GC heap after
{Heap after GC invocations=115 (full 3):
 def new generation   total 2111232K, used 234559K [0x00007f0ae8600000, 0x00007f0b778d0000, 0x00007f103db50000)
  eden space 1876672K,   0% used [0x00007f0ae8600000, 0x00007f0ae8600000, 0x00007f0b5aeb0000)
  from space 234560K,  99% used [0x00007f0b5aeb0000, 0x00007f0b693bfff8, 0x00007f0b693c0000)
  to   space 234560K,   0% used [0x00007f0b693c0000, 0x00007f0b693c0000, 0x00007f0b778d0000)
 tenured generation   total 5265940K, used 5265904K [0x00007f103db50000, 0x00007f117f1d5000, 0x00007f1ae8600000)
   the space 5265940K,  99% used [0x00007f103db50000, 0x00007f117f1cc388, 0x00007f117f1cc400, 0x00007f117f1d5000)
 Metaspace       used 32189K, capacity 32671K, committed 32768K, reserved 32768K
}
Event: 190.805 GC heap before
{Heap before GC invocations=115 (full 3):
 def new generation   total 2111232K, used 234559K [0x00007f0ae8600000, 0x00007f0b778d0000, 0x00007f103db50000)
  eden space 1876672K,   0% used [0x00007f0ae8600000, 0x00007f0ae8600000, 0x00007f0b5aeb0000)
  from space 234560K,  99% used [0x00007f0b5aeb0000, 0x00007f0b693bfff8, 0x00007f0b693c0000)
  to   space 234560K,   0% used [0x00007f0b693c0000, 0x00007f0b693c0000, 0x00007f0b778d0000)
 tenured generation   total 5265940K, used 5265904K [0x00007f103db50000, 0x00007f117f1d5000, 0x00007f1ae8600000)
   the space 5265940K,  99% used [0x00007f103db50000, 0x00007f117f1cc388, 0x00007f117f1cc400, 0x00007f117f1d5000)
 Metaspace       used 32189K, capacity 32671K, committed 32768K, reserved 32768K
}

