# JRE version: OpenJDK Runtime Environment (13.0.7+5) (build 13.0.7+5-Ubuntu-0ubuntu120.04)
# Java VM: OpenJDK 64-Bit Server VM (13.0.7+5-Ubuntu-0ubuntu120.04, mixed mode, tiered, serial gc, linux-amd64)
Heap:
 def new generation   total 2885760K, used 16666K [0x00007fb8ec400000, 0x00007fb9aff30000, 0x00007fc396ea0000)
  eden space 2565184K,   0% used [0x00007fb8ec400000, 0x00007fb8ed446958, 0x00007fb988d10000)
  from space 320576K,   0% used [0x00007fb988d10000, 0x00007fb988d10000, 0x00007fb99c620000)
  to   space 320576K,   0% used [0x00007fb99c620000, 0x00007fb99c620000, 0x00007fb9aff30000)
 tenured generation   total 6413232K, used 6413231K [0x00007fc396ea0000, 0x00007fc51e58c000, 0x00007fd8ec400000)
   the space 6413232K,  99% used [0x00007fc396ea0000, 0x00007fc51e58be70, 0x00007fc51e58c000, 0x00007fc51e58c000)
 Metaspace       used 25284K, capacity 25776K, committed 25856K, reserved 26624K
GC Heap History (20 events):
Event: 14760.130 GC heap after
{Heap after GC invocations=24795 (full 4):
 def new generation   total 2885760K, used 16816K [0x00007fb8ec400000, 0x00007fb9aff30000, 0x00007fc396ea0000)
  eden space 2565184K,   0% used [0x00007fb8ec400000, 0x00007fb8ec400000, 0x00007fb988d10000)
  from space 320576K,   5% used [0x00007fb99c620000, 0x00007fb99d68c170, 0x00007fb9aff30000)
  to   space 320576K,   0% used [0x00007fb988d10000, 0x00007fb988d10000, 0x00007fb99c620000)
 tenured generation   total 6412656K, used 6403046K [0x00007fc396ea0000, 0x00007fc51e4fc000, 0x00007fd8ec400000)
   the space 6412656K,  99% used [0x00007fc396ea0000, 0x00007fc51db99a98, 0x00007fc51db99c00, 0x00007fc51e4fc000)
 Metaspace       used 25284K, capacity 25776K, committed 25856K, reserved 26624K
}
Event: 14761.515 GC heap before
{Heap before GC invocations=24795 (full 4):
 def new generation   total 2885760K, used 2582000K [0x00007fb8ec400000, 0x00007fb9aff30000, 0x00007fc396ea0000)
  eden space 2565184K, 100% used [0x00007fb8ec400000, 0x00007fb988d10000, 0x00007fb988d10000)
  from space 320576K,   5% used [0x00007fb99c620000, 0x00007fb99d68c170, 0x00007fb9aff30000)
  to   space 320576K,   0% used [0x00007fb988d10000, 0x00007fb988d10000, 0x00007fb99c620000)
 tenured generation   total 6412656K, used 6403046K [0x00007fc396ea0000, 0x00007fc51e4fc000, 0x00007fd8ec400000)
   the space 6412656K,  99% used [0x00007fc396ea0000, 0x00007fc51db99a98, 0x00007fc51db99c00, 0x00007fc51e4fc000)
 Metaspace       used 25284K, capacity 25776K, committed 25856K, reserved 26624K
}
Event: 14761.530 GC heap after
{Heap after GC invocations=24796 (full 4):
 def new generation   total 2885760K, used 16812K [0x00007fb8ec400000, 0x00007fb9aff30000, 0x00007fc396ea0000)
  eden space 2565184K,   0% used [0x00007fb8ec400000, 0x00007fb8ec400000, 0x00007fb988d10000)
  from space 320576K,   5% used [0x00007fb988d10000, 0x00007fb989d7b358, 0x00007fb99c620000)
  to   space 320576K,   0% used [0x00007fb99c620000, 0x00007fb99c620000, 0x00007fb9aff30000)
 tenured generation   total 6412656K, used 6404165K [0x00007fc396ea0000, 0x00007fc51e4fc000, 0x00007fd8ec400000)
   the space 6412656K,  99% used [0x00007fc396ea0000, 0x00007fc51dcb1698, 0x00007fc51dcb1800, 0x00007fc51e4fc000)
 Metaspace       used 25284K, capacity 25776K, committed 25856K, reserved 26624K
}
Event: 14762.907 GC heap before
{Heap before GC invocations=24796 (full 4):
 def new generation   total 2885760K, used 2581996K [0x00007fb8ec400000, 0x00007fb9aff30000, 0x00007fc396ea0000)
  eden space 2565184K, 100% used [0x00007fb8ec400000, 0x00007fb988d10000, 0x00007fb988d10000)
  from space 320576K,   5% used [0x00007fb988d10000, 0x00007fb989d7b358, 0x00007fb99c620000)
  to   space 320576K,   0% used [0x00007fb99c620000, 0x00007fb99c620000, 0x00007fb9aff30000)
 tenured generation   total 6412656K, used 6404165K [0x00007fc396ea0000, 0x00007fc51e4fc000, 0x00007fd8ec400000)
   the space 6412656K,  99% used [0x00007fc396ea0000, 0x00007fc51dcb1698, 0x00007fc51dcb1800, 0x00007fc51e4fc000)
 Metaspace       used 25284K, capacity 25776K, committed 25856K, reserved 26624K
}
Event: 14762.924 GC heap after
{Heap after GC invocations=24797 (full 4):
 def new generation   total 2885760K, used 16812K [0x00007fb8ec400000, 0x00007fb9aff30000, 0x00007fc396ea0000)
  eden space 2565184K,   0% used [0x00007fb8ec400000, 0x00007fb8ec400000, 0x00007fb988d10000)
  from space 320576K,   5% used [0x00007fb99c620000, 0x00007fb99d68b088, 0x00007fb9aff30000)
  to   space 320576K,   0% used [0x00007fb988d10000, 0x00007fb988d10000, 0x00007fb99c620000)
 tenured generation   total 6412656K, used 6405284K [0x00007fc396ea0000, 0x00007fc51e4fc000, 0x00007fd8ec400000)
   the space 6412656K,  99% used [0x00007fc396ea0000, 0x00007fc51ddc9298, 0x00007fc51ddc9400, 0x00007fc51e4fc000)
 Metaspace       used 25284K, capacity 25776K, committed 25856K, reserved 26624K
}
Event: 14764.282 GC heap before
{Heap before GC invocations=24797 (full 4):
 def new generation   total 2885760K, used 2581996K [0x00007fb8ec400000, 0x00007fb9aff30000, 0x00007fc396ea0000)
  eden space 2565184K, 100% used [0x00007fb8ec400000, 0x00007fb988d10000, 0x00007fb988d10000)
  from space 320576K,   5% used [0x00007fb99c620000, 0x00007fb99d68b088, 0x00007fb9aff30000)
  to   space 320576K,   0% used [0x00007fb988d10000, 0x00007fb988d10000, 0x00007fb99c620000)
 tenured generation   total 6412656K, used 6405284K [0x00007fc396ea0000, 0x00007fc51e4fc000, 0x00007fd8ec400000)
   the space 6412656K,  99% used [0x00007fc396ea0000, 0x00007fc51ddc9298, 0x00007fc51ddc9400, 0x00007fc51e4fc000)
 Metaspace       used 25284K, capacity 25776K, committed 25856K, reserved 26624K
}
Event: 14764.297 GC heap after
{Heap after GC invocations=24798 (full 4):
 def new generation   total 2885760K, used 16806K [0x00007fb8ec400000, 0x00007fb9aff30000, 0x00007fc396ea0000)
  eden space 2565184K,   0% used [0x00007fb8ec400000, 0x00007fb8ec400000, 0x00007fb988d10000)
  from space 320576K,   5% used [0x00007fb988d10000, 0x00007fb989d79998, 0x00007fb99c620000)
  to   space 320576K,   0% used [0x00007fb99c620000, 0x00007fb99c620000, 0x00007fb9aff30000)
 tenured generation   total 6412656K, used 6406403K [0x00007fc396ea0000, 0x00007fc51e4fc000, 0x00007fd8ec400000)
   the space 6412656K,  99% used [0x00007fc396ea0000, 0x00007fc51dee0e98, 0x00007fc51dee1000, 0x00007fc51e4fc000)
 Metaspace       used 25284K, capacity 25776K, committed 25856K, reserved 26624K
}
Event: 14765.698 GC heap before
{Heap before GC invocations=24798 (full 4):
 def new generation   total 2885760K, used 2581990K [0x00007fb8ec400000, 0x00007fb9aff30000, 0x00007fc396ea0000)
  eden space 2565184K, 100% used [0x00007fb8ec400000, 0x00007fb988d10000, 0x00007fb988d10000)
  from space 320576K,   5% used [0x00007fb988d10000, 0x00007fb989d79998, 0x00007fb99c620000)
  to   space 320576K,   0% used [0x00007fb99c620000, 0x00007fb99c620000, 0x00007fb9aff30000)
 tenured generation   total 6412656K, used 6406403K [0x00007fc396ea0000, 0x00007fc51e4fc000, 0x00007fd8ec400000)
   the space 6412656K,  99% used [0x00007fc396ea0000, 0x00007fc51dee0e98, 0x00007fc51dee1000, 0x00007fc51e4fc000)
 Metaspace       used 25284K, capacity 25776K, committed 25856K, reserved 26624K
}
Event: 14765.715 GC heap after
{Heap after GC invocations=24799 (full 4):
 def new generation   total 2885760K, used 16826K [0x00007fb8ec400000, 0x00007fb9aff30000, 0x00007fc396ea0000)
  eden space 2565184K,   0% used [0x00007fb8ec400000, 0x00007fb8ec400000, 0x00007fb988d10000)
  from space 320576K,   5% used [0x00007fb99c620000, 0x00007fb99d68e988, 0x00007fb9aff30000)
  to   space 320576K,   0% used [0x00007fb988d10000, 0x00007fb988d10000, 0x00007fb99c620000)
 tenured generation   total 6412656K, used 6407522K [0x00007fc396ea0000, 0x00007fc51e4fc000, 0x00007fd8ec400000)
   the space 6412656K,  99% used [0x00007fc396ea0000, 0x00007fc51dff8a98, 0x00007fc51dff8c00, 0x00007fc51e4fc000)
 Metaspace       used 25284K, capacity 25776K, committed 25856K, reserved 26624K
}
Event: 14767.119 GC heap before
{Heap before GC invocations=24799 (full 4):
 def new generation   total 2885760K, used 2582010K [0x00007fb8ec400000, 0x00007fb9aff30000, 0x00007fc396ea0000)
  eden space 2565184K, 100% used [0x00007fb8ec400000, 0x00007fb988d10000, 0x00007fb988d10000)
  from space 320576K,   5% used [0x00007fb99c620000, 0x00007fb99d68e988, 0x00007fb9aff30000)
  to   space 320576K,   0% used [0x00007fb988d10000, 0x00007fb988d10000, 0x00007fb99c620000)
 tenured generation   total 6412656K, used 6407522K [0x00007fc396ea0000, 0x00007fc51e4fc000, 0x00007fd8ec400000)
   the space 6412656K,  99% used [0x00007fc396ea0000, 0x00007fc51dff8a98, 0x00007fc51dff8c00, 0x00007fc51e4fc000)
 Metaspace       used 25284K, capacity 25776K, committed 25856K, reserved 26624K
}
Event: 14767.136 GC heap after
{Heap after GC invocations=24800 (full 4):
 def new generation   total 2885760K, used 16789K [0x00007fb8ec400000, 0x00007fb9aff30000, 0x00007fc396ea0000)
  eden space 2565184K,   0% used [0x00007fb8ec400000, 0x00007fb8ec400000, 0x00007fb988d10000)
  from space 320576K,   5% used [0x00007fb988d10000, 0x00007fb989d75710, 0x00007fb99c620000)
  to   space 320576K,   0% used [0x00007fb99c620000, 0x00007fb99c620000, 0x00007fb9aff30000)
 tenured generation   total 6412656K, used 6408641K [0x00007fc396ea0000, 0x00007fc51e4fc000, 0x00007fd8ec400000)
   the space 6412656K,  99% used [0x00007fc396ea0000, 0x00007fc51e110698, 0x00007fc51e110800, 0x00007fc51e4fc000)
 Metaspace       used 25284K, capacity 25776K, committed 25856K, reserved 26624K
}
Event: 14768.574 GC heap before
{Heap before GC invocations=24800 (full 4):
 def new generation   total 2885760K, used 2581973K [0x00007fb8ec400000, 0x00007fb9aff30000, 0x00007fc396ea0000)
  eden space 2565184K, 100% used [0x00007fb8ec400000, 0x00007fb988d10000, 0x00007fb988d10000)
  from space 320576K,   5% used [0x00007fb988d10000, 0x00007fb989d75710, 0x00007fb99c620000)
  to   space 320576K,   0% used [0x00007fb99c620000, 0x00007fb99c620000, 0x00007fb9aff30000)
 tenured generation   total 6412656K, used 6408641K [0x00007fc396ea0000, 0x00007fc51e4fc000, 0x00007fd8ec400000)
   the space 6412656K,  99% used [0x00007fc396ea0000, 0x00007fc51e110698, 0x00007fc51e110800, 0x00007fc51e4fc000)
 Metaspace       used 25284K, capacity 25776K, committed 25856K, reserved 26624K
}
Event: 14768.591 GC heap after
{Heap after GC invocations=24801 (full 4):
 def new generation   total 2885760K, used 16779K [0x00007fb8ec400000, 0x00007fb9aff30000, 0x00007fc396ea0000)
  eden space 2565184K,   0% used [0x00007fb8ec400000, 0x00007fb8ec400000, 0x00007fb988d10000)
  from space 320576K,   5% used [0x00007fb99c620000, 0x00007fb99d682ef8, 0x00007fb9aff30000)
  to   space 320576K,   0% used [0x00007fb988d10000, 0x00007fb988d10000, 0x00007fb99c620000)
 tenured generation   total 6412656K, used 6409764K [0x00007fc396ea0000, 0x00007fc51e4fc000, 0x00007fd8ec400000)
   the space 6412656K,  99% used [0x00007fc396ea0000, 0x00007fc51e2293d8, 0x00007fc51e229400, 0x00007fc51e4fc000)
 Metaspace       used 25284K, capacity 25776K, committed 25856K, reserved 26624K
}
Event: 14770.016 GC heap before
{Heap before GC invocations=24801 (full 4):
 def new generation   total 2885760K, used 2581963K [0x00007fb8ec400000, 0x00007fb9aff30000, 0x00007fc396ea0000)
  eden space 2565184K, 100% used [0x00007fb8ec400000, 0x00007fb988d10000, 0x00007fb988d10000)
  from space 320576K,   5% used [0x00007fb99c620000, 0x00007fb99d682ef8, 0x00007fb9aff30000)
  to   space 320576K,   0% used [0x00007fb988d10000, 0x00007fb988d10000, 0x00007fb99c620000)
 tenured generation   total 6412656K, used 6409764K [0x00007fc396ea0000, 0x00007fc51e4fc000, 0x00007fd8ec400000)
   the space 6412656K,  99% used [0x00007fc396ea0000, 0x00007fc51e2293d8, 0x00007fc51e229400, 0x00007fc51e4fc000)
 Metaspace       used 25284K, capacity 25776K, committed 25856K, reserved 26624K
}
Event: 14770.032 GC heap after
{Heap after GC invocations=24802 (full 4):
 def new generation   total 2885760K, used 16777K [0x00007fb8ec400000, 0x00007fb9aff30000, 0x00007fc396ea0000)
  eden space 2565184K,   0% used [0x00007fb8ec400000, 0x00007fb8ec400000, 0x00007fb988d10000)
  from space 320576K,   5% used [0x00007fb988d10000, 0x00007fb989d72750, 0x00007fb99c620000)
  to   space 320576K,   0% used [0x00007fb99c620000, 0x00007fb99c620000, 0x00007fb9aff30000)
 tenured generation   total 6412656K, used 6410883K [0x00007fc396ea0000, 0x00007fc51e4fc000, 0x00007fd8ec400000)
   the space 6412656K,  99% used [0x00007fc396ea0000, 0x00007fc51e340fd8, 0x00007fc51e341000, 0x00007fc51e4fc000)
 Metaspace       used 25284K, capacity 25776K, committed 25856K, reserved 26624K
}
Event: 14771.538 GC heap before
{Heap before GC invocations=24802 (full 4):
 def new generation   total 2885760K, used 2581961K [0x00007fb8ec400000, 0x00007fb9aff30000, 0x00007fc396ea0000)
  eden space 2565184K, 100% used [0x00007fb8ec400000, 0x00007fb988d10000, 0x00007fb988d10000)
  from space 320576K,   5% used [0x00007fb988d10000, 0x00007fb989d72750, 0x00007fb99c620000)
  to   space 320576K,   0% used [0x00007fb99c620000, 0x00007fb99c620000, 0x00007fb9aff30000)
 tenured generation   total 6412656K, used 6410883K [0x00007fc396ea0000, 0x00007fc51e4fc000, 0x00007fd8ec400000)
   the space 6412656K,  99% used [0x00007fc396ea0000, 0x00007fc51e340fd8, 0x00007fc51e341000, 0x00007fc51e4fc000)
 Metaspace       used 25284K, capacity 25776K, committed 25856K, reserved 26624K
}
Event: 14771.555 GC heap after
{Heap after GC invocations=24803 (full 4):
 def new generation   total 2885760K, used 16804K [0x00007fb8ec400000, 0x00007fb9aff30000, 0x00007fc396ea0000)
  eden space 2565184K,   0% used [0x00007fb8ec400000, 0x00007fb8ec400000, 0x00007fb988d10000)
  from space 320576K,   5% used [0x00007fb99c620000, 0x00007fb99d689330, 0x00007fb9aff30000)
  to   space 320576K,   0% used [0x00007fb988d10000, 0x00007fb988d10000, 0x00007fb99c620000)
 tenured generation   total 6412656K, used 6411980K [0x00007fc396ea0000, 0x00007fc51e4fc000, 0x00007fd8ec400000)
   the space 6412656K,  99% used [0x00007fc396ea0000, 0x00007fc51e453048, 0x00007fc51e453200, 0x00007fc51e4fc000)
 Metaspace       used 25284K, capacity 25776K, committed 25856K, reserved 26624K
}
Event: 14772.987 GC heap before
{Heap before GC invocations=24803 (full 4):
 def new generation   total 2885760K, used 2581988K [0x00007fb8ec400000, 0x00007fb9aff30000, 0x00007fc396ea0000)
  eden space 2565184K, 100% used [0x00007fb8ec400000, 0x00007fb988d10000, 0x00007fb988d10000)
  from space 320576K,   5% used [0x00007fb99c620000, 0x00007fb99d689330, 0x00007fb9aff30000)
  to   space 320576K,   0% used [0x00007fb988d10000, 0x00007fb988d10000, 0x00007fb99c620000)
 tenured generation   total 6412656K, used 6411980K [0x00007fc396ea0000, 0x00007fc51e4fc000, 0x00007fd8ec400000)
   the space 6412656K,  99% used [0x00007fc396ea0000, 0x00007fc51e453048, 0x00007fc51e453200, 0x00007fc51e4fc000)
 Metaspace       used 25284K, capacity 25776K, committed 25856K, reserved 26624K
}
Event: 14773.002 GC heap after
{Heap after GC invocations=24804 (full 4):
 def new generation   total 2885760K, used 16823K [0x00007fb8ec400000, 0x00007fb9aff30000, 0x00007fc396ea0000)
  eden space 2565184K,   0% used [0x00007fb8ec400000, 0x00007fb8ec400000, 0x00007fb988d10000)
  from space 320576K,   5% used [0x00007fb988d10000, 0x00007fb989d7dc58, 0x00007fb99c620000)
  to   space 320576K,   0% used [0x00007fb99c620000, 0x00007fb99c620000, 0x00007fb9aff30000)
 tenured generation   total 6413232K, used 6413074K [0x00007fc396ea0000, 0x00007fc51e58c000, 0x00007fd8ec400000)
   the space 6413232K,  99% used [0x00007fc396ea0000, 0x00007fc51e564b70, 0x00007fc51e564c00, 0x00007fc51e58c000)
 Metaspace       used 25284K, capacity 25776K, committed 25856K, reserved 26624K
}
Event: 14773.002 GC heap before
{Heap before GC invocations=24804 (full 4):
 def new generation   total 2885760K, used 16823K [0x00007fb8ec400000, 0x00007fb9aff30000, 0x00007fc396ea0000)
  eden space 2565184K,   0% used [0x00007fb8ec400000, 0x00007fb8ec400000, 0x00007fb988d10000)
  from space 320576K,   5% used [0x00007fb988d10000, 0x00007fb989d7dc58, 0x00007fb99c620000)
  to   space 320576K,   0% used [0x00007fb99c620000, 0x00007fb99c620000, 0x00007fb9aff30000)
 tenured generation   total 6413232K, used 6413074K [0x00007fc396ea0000, 0x00007fc51e58c000, 0x00007fd8ec400000)
   the space 6413232K,  99% used [0x00007fc396ea0000, 0x00007fc51e564b70, 0x00007fc51e564c00, 0x00007fc51e58c000)
 Metaspace       used 25284K, capacity 25776K, committed 25856K, reserved 26624K
}

