# JRE version: OpenJDK Runtime Environment (13.0.7+5) (build 13.0.7+5-Ubuntu-0ubuntu120.04)
# Java VM: OpenJDK 64-Bit Server VM (13.0.7+5-Ubuntu-0ubuntu120.04, mixed mode, tiered, serial gc, linux-amd64)
Heap:
 def new generation   total 1304448K, used 144872K [0x00007fa9ec600000, 0x00007faa44d60000, 0x00007faf41b50000)
  eden space 1159552K,  12% used [0x00007fa9ec600000, 0x00007fa9f537a148, 0x00007faa33260000)
  from space 144896K,   0% used [0x00007faa33260000, 0x00007faa33260000, 0x00007faa3bfe0000)
  to   space 144896K,   0% used [0x00007faa3bfe0000, 0x00007faa3bfe0000, 0x00007faa44d60000)
 tenured generation   total 3913280K, used 3913279K [0x00007faf41b50000, 0x00007fb0308e0000, 0x00007fb9ec600000)
   the space 3913280K,  99% used [0x00007faf41b50000, 0x00007fb0308dff00, 0x00007fb0308e0000, 0x00007fb0308e0000)
 Metaspace       used 31778K, capacity 32251K, committed 32512K, reserved 32768K
GC Heap History (20 events):
Event: 3.460 GC heap after
{Heap after GC invocations=1 (full 1):
 def new generation   total 629248K, used 0K [0x00007fa9ec600000, 0x00007faa170c0000, 0x00007faf41b50000)
  eden space 559360K,   0% used [0x00007fa9ec600000, 0x00007fa9ec600000, 0x00007faa0e840000)
  from space 69888K,   0% used [0x00007faa0e840000, 0x00007faa0e840000, 0x00007faa12c80000)
  to   space 69888K,   0% used [0x00007faa12c80000, 0x00007faa12c80000, 0x00007faa170c0000)
 tenured generation   total 1398144K, used 13939K [0x00007faf41b50000, 0x00007faf970b0000, 0x00007fb9ec600000)
   the space 1398144K,   0% used [0x00007faf41b50000, 0x00007faf428ecf40, 0x00007faf428ed000, 0x00007faf970b0000)
 Metaspace       used 20807K, capacity 21114K, committed 21248K, reserved 22528K
}
Event: 8.002 GC heap before
{Heap before GC invocations=1 (full 1):
 def new generation   total 629248K, used 559360K [0x00007fa9ec600000, 0x00007faa170c0000, 0x00007faf41b50000)
  eden space 559360K, 100% used [0x00007fa9ec600000, 0x00007faa0e840000, 0x00007faa0e840000)
  from space 69888K,   0% used [0x00007faa0e840000, 0x00007faa0e840000, 0x00007faa12c80000)
  to   space 69888K,   0% used [0x00007faa12c80000, 0x00007faa12c80000, 0x00007faa170c0000)
 tenured generation   total 1398144K, used 13939K [0x00007faf41b50000, 0x00007faf970b0000, 0x00007fb9ec600000)
   the space 1398144K,   0% used [0x00007faf41b50000, 0x00007faf428ecf40, 0x00007faf428ed000, 0x00007faf970b0000)
 Metaspace       used 31775K, capacity 32251K, committed 32512K, reserved 32768K
}
Event: 8.047 GC heap after
{Heap after GC invocations=2 (full 1):
 def new generation   total 629248K, used 11840K [0x00007fa9ec600000, 0x00007faa170c0000, 0x00007faf41b50000)
  eden space 559360K,   0% used [0x00007fa9ec600000, 0x00007fa9ec600000, 0x00007faa0e840000)
  from space 69888K,  16% used [0x00007faa12c80000, 0x00007faa13810230, 0x00007faa170c0000)
  to   space 69888K,   0% used [0x00007faa0e840000, 0x00007faa0e840000, 0x00007faa12c80000)
 tenured generation   total 1398144K, used 13939K [0x00007faf41b50000, 0x00007faf970b0000, 0x00007fb9ec600000)
   the space 1398144K,   0% used [0x00007faf41b50000, 0x00007faf428ecf40, 0x00007faf428ed000, 0x00007faf970b0000)
 Metaspace       used 31775K, capacity 32251K, committed 32512K, reserved 32768K
}
Event: 9.056 GC heap before
{Heap before GC invocations=2 (full 1):
 def new generation   total 629248K, used 571200K [0x00007fa9ec600000, 0x00007faa170c0000, 0x00007faf41b50000)
  eden space 559360K, 100% used [0x00007fa9ec600000, 0x00007faa0e840000, 0x00007faa0e840000)
  from space 69888K,  16% used [0x00007faa12c80000, 0x00007faa13810230, 0x00007faa170c0000)
  to   space 69888K,   0% used [0x00007faa0e840000, 0x00007faa0e840000, 0x00007faa12c80000)
 tenured generation   total 1398144K, used 13939K [0x00007faf41b50000, 0x00007faf970b0000, 0x00007fb9ec600000)
   the space 1398144K,   0% used [0x00007faf41b50000, 0x00007faf428ecf40, 0x00007faf428ed000, 0x00007faf970b0000)
 Metaspace       used 31777K, capacity 32251K, committed 32512K, reserved 32768K
}
Event: 9.071 GC heap after
{Heap after GC invocations=3 (full 1):
 def new generation   total 629248K, used 11305K [0x00007fa9ec600000, 0x00007faa170c0000, 0x00007faf41b50000)
  eden space 559360K,   0% used [0x00007fa9ec600000, 0x00007fa9ec600000, 0x00007faa0e840000)
  from space 69888K,  16% used [0x00007faa0e840000, 0x00007faa0f34a5f0, 0x00007faa12c80000)
  to   space 69888K,   0% used [0x00007faa12c80000, 0x00007faa12c80000, 0x00007faa170c0000)
 tenured generation   total 1398144K, used 13939K [0x00007faf41b50000, 0x00007faf970b0000, 0x00007fb9ec600000)
   the space 1398144K,   0% used [0x00007faf41b50000, 0x00007faf428ecf40, 0x00007faf428ed000, 0x00007faf970b0000)
 Metaspace       used 31777K, capacity 32251K, committed 32512K, reserved 32768K
}
Event: 9.730 GC heap before
{Heap before GC invocations=3 (full 1):
 def new generation   total 629248K, used 409238K [0x00007fa9ec600000, 0x00007faa170c0000, 0x00007faf41b50000)
  eden space 559360K,  71% used [0x00007fa9ec600000, 0x00007faa04a9b2c0, 0x00007faa0e840000)
  from space 69888K,  16% used [0x00007faa0e840000, 0x00007faa0f34a5f0, 0x00007faa12c80000)
  to   space 69888K,   0% used [0x00007faa12c80000, 0x00007faa12c80000, 0x00007faa170c0000)
 tenured generation   total 1398144K, used 13939K [0x00007faf41b50000, 0x00007faf970b0000, 0x00007fb9ec600000)
   the space 1398144K,   0% used [0x00007faf41b50000, 0x00007faf428ecf40, 0x00007faf428ed000, 0x00007faf970b0000)
 Metaspace       used 31778K, capacity 32251K, committed 32512K, reserved 32768K
}
Event: 9.906 GC heap after
{Heap after GC invocations=4 (full 1):
 def new generation   total 629248K, used 69887K [0x00007fa9ec600000, 0x00007faa170c0000, 0x00007faf41b50000)
  eden space 559360K,   0% used [0x00007fa9ec600000, 0x00007fa9ec600000, 0x00007faa0e840000)
  from space 69888K,  99% used [0x00007faa12c80000, 0x00007faa170bfff8, 0x00007faa170c0000)
  to   space 69888K,   0% used [0x00007faa0e840000, 0x00007faa0e840000, 0x00007faa12c80000)
 tenured generation   total 1398144K, used 61019K [0x00007faf41b50000, 0x00007faf970b0000, 0x00007fb9ec600000)
   the space 1398144K,   4% used [0x00007faf41b50000, 0x00007faf456e6ed8, 0x00007faf456e7000, 0x00007faf970b0000)
 Metaspace       used 31778K, capacity 32251K, committed 32512K, reserved 32768K
}
Event: 10.321 GC heap before
{Heap before GC invocations=4 (full 1):
 def new generation   total 629248K, used 629247K [0x00007fa9ec600000, 0x00007faa170c0000, 0x00007faf41b50000)
  eden space 559360K, 100% used [0x00007fa9ec600000, 0x00007faa0e840000, 0x00007faa0e840000)
  from space 69888K,  99% used [0x00007faa12c80000, 0x00007faa170bfff8, 0x00007faa170c0000)
  to   space 69888K,   0% used [0x00007faa0e840000, 0x00007faa0e840000, 0x00007faa12c80000)
 tenured generation   total 1398144K, used 61019K [0x00007faf41b50000, 0x00007faf970b0000, 0x00007fb9ec600000)
   the space 1398144K,   4% used [0x00007faf41b50000, 0x00007faf456e6ed8, 0x00007faf456e7000, 0x00007faf970b0000)
 Metaspace       used 31778K, capacity 32251K, committed 32512K, reserved 32768K
}
Event: 11.183 GC heap after
{Heap after GC invocations=5 (full 1):
 def new generation   total 629248K, used 69887K [0x00007fa9ec600000, 0x00007faa170c0000, 0x00007faf41b50000)
  eden space 559360K,   0% used [0x00007fa9ec600000, 0x00007fa9ec600000, 0x00007faa0e840000)
  from space 69888K,  99% used [0x00007faa0e840000, 0x00007faa12c7ff38, 0x00007faa12c80000)
  to   space 69888K,   0% used [0x00007faa12c80000, 0x00007faa12c80000, 0x00007faa170c0000)
 tenured generation   total 1398144K, used 620341K [0x00007faf41b50000, 0x00007faf970b0000, 0x00007fb9ec600000)
   the space 1398144K,  44% used [0x00007faf41b50000, 0x00007faf6791d710, 0x00007faf6791d800, 0x00007faf970b0000)
 Metaspace       used 31778K, capacity 32251K, committed 32512K, reserved 32768K
}
Event: 11.676 GC heap before
{Heap before GC invocations=5 (full 1):
 def new generation   total 629248K, used 629247K [0x00007fa9ec600000, 0x00007faa170c0000, 0x00007faf41b50000)
  eden space 559360K, 100% used [0x00007fa9ec600000, 0x00007faa0e840000, 0x00007faa0e840000)
  from space 69888K,  99% used [0x00007faa0e840000, 0x00007faa12c7ff38, 0x00007faa12c80000)
  to   space 69888K,   0% used [0x00007faa12c80000, 0x00007faa12c80000, 0x00007faa170c0000)
 tenured generation   total 1398144K, used 620341K [0x00007faf41b50000, 0x00007faf970b0000, 0x00007fb9ec600000)
   the space 1398144K,  44% used [0x00007faf41b50000, 0x00007faf6791d710, 0x00007faf6791d800, 0x00007faf970b0000)
 Metaspace       used 31778K, capacity 32251K, committed 32512K, reserved 32768K
}
Event: 12.580 GC heap after
{Heap after GC invocations=6 (full 1):
 def new generation   total 629248K, used 69887K [0x00007fa9ec600000, 0x00007faa170c0000, 0x00007faf41b50000)
  eden space 559360K,   0% used [0x00007fa9ec600000, 0x00007fa9ec600000, 0x00007faa0e840000)
  from space 69888K,  99% used [0x00007faa12c80000, 0x00007faa170bff38, 0x00007faa170c0000)
  to   space 69888K,   0% used [0x00007faa0e840000, 0x00007faa0e840000, 0x00007faa12c80000)
 tenured generation   total 1398144K, used 1179658K [0x00007faf41b50000, 0x00007faf970b0000, 0x00007fb9ec600000)
   the space 1398144K,  84% used [0x00007faf41b50000, 0x00007faf89b52928, 0x00007faf89b52a00, 0x00007faf970b0000)
 Metaspace       used 31778K, capacity 32251K, committed 32512K, reserved 32768K
}
Event: 13.071 GC heap before
{Heap before GC invocations=6 (full 1):
 def new generation   total 629248K, used 629247K [0x00007fa9ec600000, 0x00007faa170c0000, 0x00007faf41b50000)
  eden space 559360K, 100% used [0x00007fa9ec600000, 0x00007faa0e840000, 0x00007faa0e840000)
  from space 69888K,  99% used [0x00007faa12c80000, 0x00007faa170bff38, 0x00007faa170c0000)
  to   space 69888K,   0% used [0x00007faa0e840000, 0x00007faa0e840000, 0x00007faa12c80000)
 tenured generation   total 1398144K, used 1179658K [0x00007faf41b50000, 0x00007faf970b0000, 0x00007fb9ec600000)
   the space 1398144K,  84% used [0x00007faf41b50000, 0x00007faf89b52928, 0x00007faf89b52a00, 0x00007faf970b0000)
 Metaspace       used 31778K, capacity 32251K, committed 32512K, reserved 32768K
}
Event: 14.192 GC heap after
{Heap after GC invocations=7 (full 1):
 def new generation   total 629248K, used 69887K [0x00007fa9ec600000, 0x00007faa170c0000, 0x00007faf41b50000)
  eden space 559360K,   0% used [0x00007fa9ec600000, 0x00007fa9ec600000, 0x00007faa0e840000)
  from space 69888K,  99% used [0x00007faa0e840000, 0x00007faa12c7ff38, 0x00007faa12c80000)
  to   space 69888K,   0% used [0x00007faa12c80000, 0x00007faa12c80000, 0x00007faa170c0000)
 tenured generation   total 1739136K, used 1738969K [0x00007faf41b50000, 0x00007fafabdb0000, 0x00007fb9ec600000)
   the space 1739136K,  99% used [0x00007faf41b50000, 0x00007fafabd86650, 0x00007fafabd86800, 0x00007fafabdb0000)
 Metaspace       used 31778K, capacity 32251K, committed 32512K, reserved 32768K
}
Event: 14.192 GC heap before
{Heap before GC invocations=7 (full 1):
 def new generation   total 629248K, used 69887K [0x00007fa9ec600000, 0x00007faa170c0000, 0x00007faf41b50000)
  eden space 559360K,   0% used [0x00007fa9ec600000, 0x00007fa9ec600000, 0x00007faa0e840000)
  from space 69888K,  99% used [0x00007faa0e840000, 0x00007faa12c7ff38, 0x00007faa12c80000)
  to   space 69888K,   0% used [0x00007faa12c80000, 0x00007faa12c80000, 0x00007faa170c0000)
 tenured generation   total 1739136K, used 1738969K [0x00007faf41b50000, 0x00007fafabdb0000, 0x00007fb9ec600000)
   the space 1739136K,  99% used [0x00007faf41b50000, 0x00007fafabd86650, 0x00007fafabd86800, 0x00007fafabdb0000)
 Metaspace       used 31778K, capacity 32251K, committed 32512K, reserved 32768K
}
Event: 15.308 GC heap after
{Heap after GC invocations=7 (full 2):
 def new generation   total 1304448K, used 69721K [0x00007fa9ec600000, 0x00007faa44d60000, 0x00007faf41b50000)
  eden space 1159552K,   6% used [0x00007fa9ec600000, 0x00007fa9f0a16780, 0x00007faa33260000)
  from space 144896K,   0% used [0x00007faa33260000, 0x00007faa33260000, 0x00007faa3bfe0000)
  to   space 144896K,   0% used [0x00007faa3bfe0000, 0x00007faa3bfe0000, 0x00007faa44d60000)
 tenured generation   total 2898560K, used 1739135K [0x00007faf41b50000, 0x00007faff29f0000, 0x00007fb9ec600000)
   the space 2898560K,  59% used [0x00007faf41b50000, 0x00007fafabdafe08, 0x00007fafabdb0000, 0x00007faff29f0000)
 Metaspace       used 31778K, capacity 32251K, committed 32512K, reserved 32768K
}
Event: 16.233 GC heap before
{Heap before GC invocations=7 (full 2):
 def new generation   total 1304448K, used 1159552K [0x00007fa9ec600000, 0x00007faa44d60000, 0x00007faf41b50000)
  eden space 1159552K, 100% used [0x00007fa9ec600000, 0x00007faa33260000, 0x00007faa33260000)
  from space 144896K,   0% used [0x00007faa33260000, 0x00007faa33260000, 0x00007faa3bfe0000)
  to   space 144896K,   0% used [0x00007faa3bfe0000, 0x00007faa3bfe0000, 0x00007faa44d60000)
 tenured generation   total 2898560K, used 1739135K [0x00007faf41b50000, 0x00007faff29f0000, 0x00007fb9ec600000)
   the space 2898560K,  59% used [0x00007faf41b50000, 0x00007fafabdafe08, 0x00007fafabdb0000, 0x00007faff29f0000)
 Metaspace       used 31778K, capacity 32251K, committed 32512K, reserved 32768K
}
Event: 18.818 GC heap after
{Heap after GC invocations=8 (full 2):
 def new generation   total 1304448K, used 144895K [0x00007fa9ec600000, 0x00007faa44d60000, 0x00007faf41b50000)
  eden space 1159552K,   0% used [0x00007fa9ec600000, 0x00007fa9ec600000, 0x00007faa33260000)
  from space 144896K,  99% used [0x00007faa3bfe0000, 0x00007faa44d5ff80, 0x00007faa44d60000)
  to   space 144896K,   0% used [0x00007faa33260000, 0x00007faa33260000, 0x00007faa3bfe0000)
 tenured generation   total 2898560K, used 2753761K [0x00007faf41b50000, 0x00007faff29f0000, 0x00007fb9ec600000)
   the space 2898560K,  95% used [0x00007faf41b50000, 0x00007fafe9c88618, 0x00007fafe9c88800, 0x00007faff29f0000)
 Metaspace       used 31778K, capacity 32251K, committed 32512K, reserved 32768K
}
Event: 19.882 GC heap before
{Heap before GC invocations=8 (full 2):
 def new generation   total 1304448K, used 1304447K [0x00007fa9ec600000, 0x00007faa44d60000, 0x00007faf41b50000)
  eden space 1159552K, 100% used [0x00007fa9ec600000, 0x00007faa33260000, 0x00007faa33260000)
  from space 144896K,  99% used [0x00007faa3bfe0000, 0x00007faa44d5ff80, 0x00007faa44d60000)
  to   space 144896K,   0% used [0x00007faa33260000, 0x00007faa33260000, 0x00007faa3bfe0000)
 tenured generation   total 2898560K, used 2753761K [0x00007faf41b50000, 0x00007faff29f0000, 0x00007fb9ec600000)
   the space 2898560K,  95% used [0x00007faf41b50000, 0x00007fafe9c88618, 0x00007fafe9c88800, 0x00007faff29f0000)
 Metaspace       used 31778K, capacity 32251K, committed 32512K, reserved 32768K
}
Event: 22.419 GC heap after
{Heap after GC invocations=9 (full 2):
 def new generation   total 1304448K, used 144895K [0x00007fa9ec600000, 0x00007faa44d60000, 0x00007faf41b50000)
  eden space 1159552K,   0% used [0x00007fa9ec600000, 0x00007fa9ec600000, 0x00007faa33260000)
  from space 144896K,  99% used [0x00007faa33260000, 0x00007faa3bfdff80, 0x00007faa3bfe0000)
  to   space 144896K,   0% used [0x00007faa3bfe0000, 0x00007faa3bfe0000, 0x00007faa44d60000)
 tenured generation   total 3913280K, used 3913256K [0x00007faf41b50000, 0x00007fb0308e0000, 0x00007fb9ec600000)
   the space 3913280K,  99% used [0x00007faf41b50000, 0x00007fb0308da0c8, 0x00007fb0308da200, 0x00007fb0308e0000)
 Metaspace       used 31778K, capacity 32251K, committed 32512K, reserved 32768K
}
Event: 22.419 GC heap before
{Heap before GC invocations=9 (full 2):
 def new generation   total 1304448K, used 144895K [0x00007fa9ec600000, 0x00007faa44d60000, 0x00007faf41b50000)
  eden space 1159552K,   0% used [0x00007fa9ec600000, 0x00007fa9ec600000, 0x00007faa33260000)
  from space 144896K,  99% used [0x00007faa33260000, 0x00007faa3bfdff80, 0x00007faa3bfe0000)
  to   space 144896K,   0% used [0x00007faa3bfe0000, 0x00007faa3bfe0000, 0x00007faa44d60000)
 tenured generation   total 3913280K, used 3913256K [0x00007faf41b50000, 0x00007fb0308e0000, 0x00007fb9ec600000)
   the space 3913280K,  99% used [0x00007faf41b50000, 0x00007fb0308da0c8, 0x00007fb0308da200, 0x00007fb0308e0000)
 Metaspace       used 31778K, capacity 32251K, committed 32512K, reserved 32768K
}

