# JRE version: OpenJDK Runtime Environment (13.0.7+5) (build 13.0.7+5-Ubuntu-0ubuntu120.04)
# Java VM: OpenJDK 64-Bit Server VM (13.0.7+5-Ubuntu-0ubuntu120.04, mixed mode, tiered, serial gc, linux-amd64)
Heap:
 def new generation   total 1048960K, used 0K [0x00007fb44c600000, 0x00007fb493830000, 0x00007fb9a1b50000)
  eden space 932416K,   0% used [0x00007fb44c600000, 0x00007fb44c600000, 0x00007fb485490000)
  from space 116544K,   0% used [0x00007fb485490000, 0x00007fb485490000, 0x00007fb48c660000)
  to   space 116544K,   0% used [0x00007fb48c660000, 0x00007fb48c660000, 0x00007fb493830000)
 tenured generation   total 2334912K, used 2282853K [0x00007fb9a1b50000, 0x00007fba30380000, 0x00007fc44c600000)
   the space 2334912K,  97% used [0x00007fb9a1b50000, 0x00007fba2d0a9750, 0x00007fba2d0a9800, 0x00007fba30380000)
 Metaspace       used 31562K, capacity 32050K, committed 32256K, reserved 32768K
GC Heap History (20 events):
Event: 1294.499 GC heap after
{Heap after GC invocations=3309 (full 3):
 def new generation   total 1048960K, used 59488K [0x00007fb44c600000, 0x00007fb493830000, 0x00007fb9a1b50000)
  eden space 932416K,   0% used [0x00007fb44c600000, 0x00007fb44c600000, 0x00007fb485490000)
  from space 116544K,  51% used [0x00007fb48c660000, 0x00007fb490078070, 0x00007fb493830000)
  to   space 116544K,   0% used [0x00007fb485490000, 0x00007fb485490000, 0x00007fb48c660000)
 tenured generation   total 2330880K, used 2245730K [0x00007fb9a1b50000, 0x00007fba2ff90000, 0x00007fc44c600000)
   the space 2330880K,  96% used [0x00007fb9a1b50000, 0x00007fba2ac68ba8, 0x00007fba2ac68c00, 0x00007fba2ff90000)
 Metaspace       used 31562K, capacity 32050K, committed 32256K, reserved 32768K
}
Event: 1295.057 GC heap before
{Heap before GC invocations=3309 (full 3):
 def new generation   total 1048960K, used 991904K [0x00007fb44c600000, 0x00007fb493830000, 0x00007fb9a1b50000)
  eden space 932416K, 100% used [0x00007fb44c600000, 0x00007fb485490000, 0x00007fb485490000)
  from space 116544K,  51% used [0x00007fb48c660000, 0x00007fb490078070, 0x00007fb493830000)
  to   space 116544K,   0% used [0x00007fb485490000, 0x00007fb485490000, 0x00007fb48c660000)
 tenured generation   total 2330880K, used 2245730K [0x00007fb9a1b50000, 0x00007fba2ff90000, 0x00007fc44c600000)
   the space 2330880K,  96% used [0x00007fb9a1b50000, 0x00007fba2ac68ba8, 0x00007fba2ac68c00, 0x00007fba2ff90000)
 Metaspace       used 31562K, capacity 32050K, committed 32256K, reserved 32768K
}
Event: 1295.187 GC heap after
{Heap after GC invocations=3310 (full 3):
 def new generation   total 1048960K, used 59474K [0x00007fb44c600000, 0x00007fb493830000, 0x00007fb9a1b50000)
  eden space 932416K,   0% used [0x00007fb44c600000, 0x00007fb44c600000, 0x00007fb485490000)
  from space 116544K,  51% used [0x00007fb485490000, 0x00007fb488ea4bf8, 0x00007fb48c660000)
  to   space 116544K,   0% used [0x00007fb48c660000, 0x00007fb48c660000, 0x00007fb493830000)
 tenured generation   total 2330880K, used 2255640K [0x00007fb9a1b50000, 0x00007fba2ff90000, 0x00007fc44c600000)
   the space 2330880K,  96% used [0x00007fb9a1b50000, 0x00007fba2b6160c0, 0x00007fba2b616200, 0x00007fba2ff90000)
 Metaspace       used 31562K, capacity 32050K, committed 32256K, reserved 32768K
}
Event: 1295.730 GC heap before
{Heap before GC invocations=3310 (full 3):
 def new generation   total 1048960K, used 991890K [0x00007fb44c600000, 0x00007fb493830000, 0x00007fb9a1b50000)
  eden space 932416K, 100% used [0x00007fb44c600000, 0x00007fb485490000, 0x00007fb485490000)
  from space 116544K,  51% used [0x00007fb485490000, 0x00007fb488ea4bf8, 0x00007fb48c660000)
  to   space 116544K,   0% used [0x00007fb48c660000, 0x00007fb48c660000, 0x00007fb493830000)
 tenured generation   total 2330880K, used 2255640K [0x00007fb9a1b50000, 0x00007fba2ff90000, 0x00007fc44c600000)
   the space 2330880K,  96% used [0x00007fb9a1b50000, 0x00007fba2b6160c0, 0x00007fba2b616200, 0x00007fba2ff90000)
 Metaspace       used 31562K, capacity 32050K, committed 32256K, reserved 32768K
}
Event: 1295.854 GC heap after
{Heap after GC invocations=3311 (full 3):
 def new generation   total 1048960K, used 59498K [0x00007fb44c600000, 0x00007fb493830000, 0x00007fb9a1b50000)
  eden space 932416K,   0% used [0x00007fb44c600000, 0x00007fb44c600000, 0x00007fb485490000)
  from space 116544K,  51% used [0x00007fb48c660000, 0x00007fb49007aba8, 0x00007fb493830000)
  to   space 116544K,   0% used [0x00007fb485490000, 0x00007fb485490000, 0x00007fb48c660000)
 tenured generation   total 2330880K, used 2265544K [0x00007fb9a1b50000, 0x00007fba2ff90000, 0x00007fc44c600000)
   the space 2330880K,  97% used [0x00007fb9a1b50000, 0x00007fba2bfc20b8, 0x00007fba2bfc2200, 0x00007fba2ff90000)
 Metaspace       used 31562K, capacity 32050K, committed 32256K, reserved 32768K
}
Event: 1296.400 GC heap before
{Heap before GC invocations=3311 (full 3):
 def new generation   total 1048960K, used 991914K [0x00007fb44c600000, 0x00007fb493830000, 0x00007fb9a1b50000)
  eden space 932416K, 100% used [0x00007fb44c600000, 0x00007fb485490000, 0x00007fb485490000)
  from space 116544K,  51% used [0x00007fb48c660000, 0x00007fb49007aba8, 0x00007fb493830000)
  to   space 116544K,   0% used [0x00007fb485490000, 0x00007fb485490000, 0x00007fb48c660000)
 tenured generation   total 2330880K, used 2265544K [0x00007fb9a1b50000, 0x00007fba2ff90000, 0x00007fc44c600000)
   the space 2330880K,  97% used [0x00007fb9a1b50000, 0x00007fba2bfc20b8, 0x00007fba2bfc2200, 0x00007fba2ff90000)
 Metaspace       used 31562K, capacity 32050K, committed 32256K, reserved 32768K
}
Event: 1296.523 GC heap after
{Heap after GC invocations=3312 (full 3):
 def new generation   total 1048960K, used 59477K [0x00007fb44c600000, 0x00007fb493830000, 0x00007fb9a1b50000)
  eden space 932416K,   0% used [0x00007fb44c600000, 0x00007fb44c600000, 0x00007fb485490000)
  from space 116544K,  51% used [0x00007fb485490000, 0x00007fb488ea5788, 0x00007fb48c660000)
  to   space 116544K,   0% used [0x00007fb48c660000, 0x00007fb48c660000, 0x00007fb493830000)
 tenured generation   total 2330880K, used 2275449K [0x00007fb9a1b50000, 0x00007fba2ff90000, 0x00007fc44c600000)
   the space 2330880K,  97% used [0x00007fb9a1b50000, 0x00007fba2c96e490, 0x00007fba2c96e600, 0x00007fba2ff90000)
 Metaspace       used 31562K, capacity 32050K, committed 32256K, reserved 32768K
}
Event: 1297.036 GC heap before
{Heap before GC invocations=3312 (full 3):
 def new generation   total 1048960K, used 991893K [0x00007fb44c600000, 0x00007fb493830000, 0x00007fb9a1b50000)
  eden space 932416K, 100% used [0x00007fb44c600000, 0x00007fb485490000, 0x00007fb485490000)
  from space 116544K,  51% used [0x00007fb485490000, 0x00007fb488ea5788, 0x00007fb48c660000)
  to   space 116544K,   0% used [0x00007fb48c660000, 0x00007fb48c660000, 0x00007fb493830000)
 tenured generation   total 2330880K, used 2275449K [0x00007fb9a1b50000, 0x00007fba2ff90000, 0x00007fc44c600000)
   the space 2330880K,  97% used [0x00007fb9a1b50000, 0x00007fba2c96e490, 0x00007fba2c96e600, 0x00007fba2ff90000)
 Metaspace       used 31562K, capacity 32050K, committed 32256K, reserved 32768K
}
Event: 1297.158 GC heap after
{Heap after GC invocations=3313 (full 3):
 def new generation   total 1048960K, used 59491K [0x00007fb44c600000, 0x00007fb493830000, 0x00007fb9a1b50000)
  eden space 932416K,   0% used [0x00007fb44c600000, 0x00007fb44c600000, 0x00007fb485490000)
  from space 116544K,  51% used [0x00007fb48c660000, 0x00007fb490078da8, 0x00007fb493830000)
  to   space 116544K,   0% used [0x00007fb485490000, 0x00007fb485490000, 0x00007fb48c660000)
 tenured generation   total 2330880K, used 2285358K [0x00007fb9a1b50000, 0x00007fba2ff90000, 0x00007fc44c600000)
   the space 2330880K,  98% used [0x00007fb9a1b50000, 0x00007fba2d31ba38, 0x00007fba2d31bc00, 0x00007fba2ff90000)
 Metaspace       used 31562K, capacity 32050K, committed 32256K, reserved 32768K
}
Event: 1297.724 GC heap before
{Heap before GC invocations=3313 (full 3):
 def new generation   total 1048960K, used 991907K [0x00007fb44c600000, 0x00007fb493830000, 0x00007fb9a1b50000)
  eden space 932416K, 100% used [0x00007fb44c600000, 0x00007fb485490000, 0x00007fb485490000)
  from space 116544K,  51% used [0x00007fb48c660000, 0x00007fb490078da8, 0x00007fb493830000)
  to   space 116544K,   0% used [0x00007fb485490000, 0x00007fb485490000, 0x00007fb48c660000)
 tenured generation   total 2330880K, used 2285358K [0x00007fb9a1b50000, 0x00007fba2ff90000, 0x00007fc44c600000)
   the space 2330880K,  98% used [0x00007fb9a1b50000, 0x00007fba2d31ba38, 0x00007fba2d31bc00, 0x00007fba2ff90000)
 Metaspace       used 31562K, capacity 32050K, committed 32256K, reserved 32768K
}
Event: 1297.845 GC heap after
{Heap after GC invocations=3314 (full 3):
 def new generation   total 1048960K, used 59505K [0x00007fb44c600000, 0x00007fb493830000, 0x00007fb9a1b50000)
  eden space 932416K,   0% used [0x00007fb44c600000, 0x00007fb44c600000, 0x00007fb485490000)
  from space 116544K,  51% used [0x00007fb485490000, 0x00007fb488eac688, 0x00007fb48c660000)
  to   space 116544K,   0% used [0x00007fb48c660000, 0x00007fb48c660000, 0x00007fb493830000)
 tenured generation   total 2330880K, used 2295262K [0x00007fb9a1b50000, 0x00007fba2ff90000, 0x00007fc44c600000)
   the space 2330880K,  98% used [0x00007fb9a1b50000, 0x00007fba2dcc79a0, 0x00007fba2dcc7a00, 0x00007fba2ff90000)
 Metaspace       used 31562K, capacity 32050K, committed 32256K, reserved 32768K
}
Event: 1298.391 GC heap before
{Heap before GC invocations=3314 (full 3):
 def new generation   total 1048960K, used 991921K [0x00007fb44c600000, 0x00007fb493830000, 0x00007fb9a1b50000)
  eden space 932416K, 100% used [0x00007fb44c600000, 0x00007fb485490000, 0x00007fb485490000)
  from space 116544K,  51% used [0x00007fb485490000, 0x00007fb488eac688, 0x00007fb48c660000)
  to   space 116544K,   0% used [0x00007fb48c660000, 0x00007fb48c660000, 0x00007fb493830000)
 tenured generation   total 2330880K, used 2295262K [0x00007fb9a1b50000, 0x00007fba2ff90000, 0x00007fc44c600000)
   the space 2330880K,  98% used [0x00007fb9a1b50000, 0x00007fba2dcc79a0, 0x00007fba2dcc7a00, 0x00007fba2ff90000)
 Metaspace       used 31562K, capacity 32050K, committed 32256K, reserved 32768K
}
Event: 1298.511 GC heap after
{Heap after GC invocations=3315 (full 3):
 def new generation   total 1048960K, used 59488K [0x00007fb44c600000, 0x00007fb493830000, 0x00007fb9a1b50000)
  eden space 932416K,   0% used [0x00007fb44c600000, 0x00007fb44c600000, 0x00007fb485490000)
  from space 116544K,  51% used [0x00007fb48c660000, 0x00007fb490078188, 0x00007fb493830000)
  to   space 116544K,   0% used [0x00007fb485490000, 0x00007fb485490000, 0x00007fb48c660000)
 tenured generation   total 2330880K, used 2305167K [0x00007fb9a1b50000, 0x00007fba2ff90000, 0x00007fc44c600000)
   the space 2330880K,  98% used [0x00007fb9a1b50000, 0x00007fba2e673e08, 0x00007fba2e674000, 0x00007fba2ff90000)
 Metaspace       used 31562K, capacity 32050K, committed 32256K, reserved 32768K
}
Event: 1299.056 GC heap before
{Heap before GC invocations=3315 (full 3):
 def new generation   total 1048960K, used 991904K [0x00007fb44c600000, 0x00007fb493830000, 0x00007fb9a1b50000)
  eden space 932416K, 100% used [0x00007fb44c600000, 0x00007fb485490000, 0x00007fb485490000)
  from space 116544K,  51% used [0x00007fb48c660000, 0x00007fb490078188, 0x00007fb493830000)
  to   space 116544K,   0% used [0x00007fb485490000, 0x00007fb485490000, 0x00007fb48c660000)
 tenured generation   total 2330880K, used 2305167K [0x00007fb9a1b50000, 0x00007fba2ff90000, 0x00007fc44c600000)
   the space 2330880K,  98% used [0x00007fb9a1b50000, 0x00007fba2e673e08, 0x00007fba2e674000, 0x00007fba2ff90000)
 Metaspace       used 31562K, capacity 32050K, committed 32256K, reserved 32768K
}
Event: 1299.186 GC heap after
{Heap after GC invocations=3316 (full 3):
 def new generation   total 1048960K, used 59503K [0x00007fb44c600000, 0x00007fb493830000, 0x00007fb9a1b50000)
  eden space 932416K,   0% used [0x00007fb44c600000, 0x00007fb44c600000, 0x00007fb485490000)
  from space 116544K,  51% used [0x00007fb485490000, 0x00007fb488eabd48, 0x00007fb48c660000)
  to   space 116544K,   0% used [0x00007fb48c660000, 0x00007fb48c660000, 0x00007fb493830000)
 tenured generation   total 2330880K, used 2315072K [0x00007fb9a1b50000, 0x00007fba2ff90000, 0x00007fc44c600000)
   the space 2330880K,  99% used [0x00007fb9a1b50000, 0x00007fba2f020270, 0x00007fba2f020400, 0x00007fba2ff90000)
 Metaspace       used 31562K, capacity 32050K, committed 32256K, reserved 32768K
}
Event: 1299.724 GC heap before
{Heap before GC invocations=3316 (full 3):
 def new generation   total 1048960K, used 991919K [0x00007fb44c600000, 0x00007fb493830000, 0x00007fb9a1b50000)
  eden space 932416K, 100% used [0x00007fb44c600000, 0x00007fb485490000, 0x00007fb485490000)
  from space 116544K,  51% used [0x00007fb485490000, 0x00007fb488eabd48, 0x00007fb48c660000)
  to   space 116544K,   0% used [0x00007fb48c660000, 0x00007fb48c660000, 0x00007fb493830000)
 tenured generation   total 2330880K, used 2315072K [0x00007fb9a1b50000, 0x00007fba2ff90000, 0x00007fc44c600000)
   the space 2330880K,  99% used [0x00007fb9a1b50000, 0x00007fba2f020270, 0x00007fba2f020400, 0x00007fba2ff90000)
 Metaspace       used 31562K, capacity 32050K, committed 32256K, reserved 32768K
}
Event: 1299.850 GC heap after
{Heap after GC invocations=3317 (full 3):
 def new generation   total 1048960K, used 59481K [0x00007fb44c600000, 0x00007fb493830000, 0x00007fb9a1b50000)
  eden space 932416K,   0% used [0x00007fb44c600000, 0x00007fb44c600000, 0x00007fb485490000)
  from space 116544K,  51% used [0x00007fb48c660000, 0x00007fb4900767f8, 0x00007fb493830000)
  to   space 116544K,   0% used [0x00007fb485490000, 0x00007fb485490000, 0x00007fb48c660000)
 tenured generation   total 2330880K, used 2324996K [0x00007fb9a1b50000, 0x00007fba2ff90000, 0x00007fc44c600000)
   the space 2330880K,  99% used [0x00007fb9a1b50000, 0x00007fba2f9d11c0, 0x00007fba2f9d1200, 0x00007fba2ff90000)
 Metaspace       used 31562K, capacity 32050K, committed 32256K, reserved 32768K
}
Event: 1300.405 GC heap before
{Heap before GC invocations=3317 (full 3):
 def new generation   total 1048960K, used 991897K [0x00007fb44c600000, 0x00007fb493830000, 0x00007fb9a1b50000)
  eden space 932416K, 100% used [0x00007fb44c600000, 0x00007fb485490000, 0x00007fb485490000)
  from space 116544K,  51% used [0x00007fb48c660000, 0x00007fb4900767f8, 0x00007fb493830000)
  to   space 116544K,   0% used [0x00007fb485490000, 0x00007fb485490000, 0x00007fb48c660000)
 tenured generation   total 2330880K, used 2324996K [0x00007fb9a1b50000, 0x00007fba2ff90000, 0x00007fc44c600000)
   the space 2330880K,  99% used [0x00007fb9a1b50000, 0x00007fba2f9d11c0, 0x00007fba2f9d1200, 0x00007fba2ff90000)
 Metaspace       used 31562K, capacity 32050K, committed 32256K, reserved 32768K
}
Event: 1300.530 GC heap after
{Heap after GC invocations=3318 (full 3):
 def new generation   total 1048960K, used 59490K [0x00007fb44c600000, 0x00007fb493830000, 0x00007fb9a1b50000)
  eden space 932416K,   0% used [0x00007fb44c600000, 0x00007fb44c600000, 0x00007fb485490000)
  from space 116544K,  51% used [0x00007fb485490000, 0x00007fb488ea8b18, 0x00007fb48c660000)
  to   space 116544K,   0% used [0x00007fb48c660000, 0x00007fb48c660000, 0x00007fb493830000)
 tenured generation   total 2334912K, used 2334885K [0x00007fb9a1b50000, 0x00007fba30380000, 0x00007fc44c600000)
   the space 2334912K,  99% used [0x00007fb9a1b50000, 0x00007fba30379780, 0x00007fba30379800, 0x00007fba30380000)
 Metaspace       used 31562K, capacity 32050K, committed 32256K, reserved 32768K
}
Event: 1300.530 GC heap before
{Heap before GC invocations=3318 (full 3):
 def new generation   total 1048960K, used 59490K [0x00007fb44c600000, 0x00007fb493830000, 0x00007fb9a1b50000)
  eden space 932416K,   0% used [0x00007fb44c600000, 0x00007fb44c600000, 0x00007fb485490000)
  from space 116544K,  51% used [0x00007fb485490000, 0x00007fb488ea8b18, 0x00007fb48c660000)
  to   space 116544K,   0% used [0x00007fb48c660000, 0x00007fb48c660000, 0x00007fb493830000)
 tenured generation   total 2334912K, used 2334885K [0x00007fb9a1b50000, 0x00007fba30380000, 0x00007fc44c600000)
   the space 2334912K,  99% used [0x00007fb9a1b50000, 0x00007fba30379780, 0x00007fba30379800, 0x00007fba30380000)
 Metaspace       used 31562K, capacity 32050K, committed 32256K, reserved 32768K
}

