# JRE version: OpenJDK Runtime Environment (13.0.7+5) (build 13.0.7+5-Ubuntu-0ubuntu120.04)
# Java VM: OpenJDK 64-Bit Server VM (13.0.7+5-Ubuntu-0ubuntu120.04, mixed mode, tiered, serial gc, linux-amd64)
Heap:
 def new generation   total 6231296K, used 692228K [0x00007f1f0c600000, 0x00007f20b2f60000, 0x00007f2461b50000)
  eden space 5538944K,  12% used [0x00007f1f0c600000, 0x00007f1f36a01240, 0x00007f205e720000)
  from space 692352K,   0% used [0x00007f205e720000, 0x00007f205e720000, 0x00007f2088b40000)
  to   space 692352K,   0% used [0x00007f2088b40000, 0x00007f2088b40000, 0x00007f20b2f60000)
 tenured generation   total 18693804K, used 18693803K [0x00007f2461b50000, 0x00007f28d6afb000, 0x00007f2f0c600000)
   the space 18693804K,  99% used [0x00007f2461b50000, 0x00007f28d6afade0, 0x00007f28d6afae00, 0x00007f28d6afb000)
 Metaspace       used 31840K, capacity 32333K, committed 32512K, reserved 32768K
GC Heap History (20 events):
Event: 10.180 GC heap after
{Heap after GC invocations=6 (full 1):
 def new generation   total 629248K, used 69887K [0x00007f1f0c600000, 0x00007f1f370c0000, 0x00007f2461b50000)
  eden space 559360K,   0% used [0x00007f1f0c600000, 0x00007f1f0c600000, 0x00007f1f2e840000)
  from space 69888K,  99% used [0x00007f1f32c80000, 0x00007f1f370bfde8, 0x00007f1f370c0000)
  to   space 69888K,   0% used [0x00007f1f2e840000, 0x00007f1f2e840000, 0x00007f1f32c80000)
 tenured generation   total 1641024K, used 1640912K [0x00007f2461b50000, 0x00007f24c5de0000, 0x00007f2f0c600000)
   the space 1641024K,  99% used [0x00007f2461b50000, 0x00007f24c5dc40b8, 0x00007f24c5dc4200, 0x00007f24c5de0000)
 Metaspace       used 31840K, capacity 32333K, committed 32512K, reserved 32768K
}
Event: 10.180 GC heap before
{Heap before GC invocations=6 (full 1):
 def new generation   total 629248K, used 69887K [0x00007f1f0c600000, 0x00007f1f370c0000, 0x00007f2461b50000)
  eden space 559360K,   0% used [0x00007f1f0c600000, 0x00007f1f0c600000, 0x00007f1f2e840000)
  from space 69888K,  99% used [0x00007f1f32c80000, 0x00007f1f370bfde8, 0x00007f1f370c0000)
  to   space 69888K,   0% used [0x00007f1f2e840000, 0x00007f1f2e840000, 0x00007f1f32c80000)
 tenured generation   total 1641024K, used 1640912K [0x00007f2461b50000, 0x00007f24c5de0000, 0x00007f2f0c600000)
   the space 1641024K,  99% used [0x00007f2461b50000, 0x00007f24c5dc40b8, 0x00007f24c5dc4200, 0x00007f24c5de0000)
 Metaspace       used 31840K, capacity 32333K, committed 32512K, reserved 32768K
}
Event: 10.783 GC heap after
{Heap after GC invocations=6 (full 2):
 def new generation   total 1230848K, used 69775K [0x00007f1f0c600000, 0x00007f1f5fd80000, 0x00007f2461b50000)
  eden space 1094144K,   6% used [0x00007f1f0c600000, 0x00007f1f10a23fb0, 0x00007f1f4f280000)
  from space 136704K,   0% used [0x00007f1f4f280000, 0x00007f1f4f280000, 0x00007f1f57800000)
  to   space 136704K,   0% used [0x00007f1f57800000, 0x00007f1f57800000, 0x00007f1f5fd80000)
 tenured generation   total 2735040K, used 1641023K [0x00007f2461b50000, 0x00007f2508a40000, 0x00007f2f0c600000)
   the space 2735040K,  59% used [0x00007f2461b50000, 0x00007f24c5ddfef0, 0x00007f24c5de0000, 0x00007f2508a40000)
 Metaspace       used 31840K, capacity 32333K, committed 32512K, reserved 32768K
}
Event: 11.067 GC heap before
{Heap before GC invocations=6 (full 2):
 def new generation   total 1230848K, used 1094144K [0x00007f1f0c600000, 0x00007f1f5fd80000, 0x00007f2461b50000)
  eden space 1094144K, 100% used [0x00007f1f0c600000, 0x00007f1f4f280000, 0x00007f1f4f280000)
  from space 136704K,   0% used [0x00007f1f4f280000, 0x00007f1f4f280000, 0x00007f1f57800000)
  to   space 136704K,   0% used [0x00007f1f57800000, 0x00007f1f57800000, 0x00007f1f5fd80000)
 tenured generation   total 2735040K, used 1641023K [0x00007f2461b50000, 0x00007f2508a40000, 0x00007f2f0c600000)
   the space 2735040K,  59% used [0x00007f2461b50000, 0x00007f24c5ddfef0, 0x00007f24c5de0000, 0x00007f2508a40000)
 Metaspace       used 31840K, capacity 32333K, committed 32512K, reserved 32768K
}
Event: 11.962 GC heap after
{Heap after GC invocations=7 (full 2):
 def new generation   total 1230848K, used 136703K [0x00007f1f0c600000, 0x00007f1f5fd80000, 0x00007f2461b50000)
  eden space 1094144K,   0% used [0x00007f1f0c600000, 0x00007f1f0c600000, 0x00007f1f4f280000)
  from space 136704K,  99% used [0x00007f1f57800000, 0x00007f1f5fd7fe78, 0x00007f1f5fd80000)
  to   space 136704K,   0% used [0x00007f1f4f280000, 0x00007f1f4f280000, 0x00007f1f57800000)
 tenured generation   total 2735040K, used 2598412K [0x00007f2461b50000, 0x00007f2508a40000, 0x00007f2f0c600000)
   the space 2735040K,  95% used [0x00007f2461b50000, 0x00007f25004d32b0, 0x00007f25004d3400, 0x00007f2508a40000)
 Metaspace       used 31840K, capacity 32333K, committed 32512K, reserved 32768K
}
Event: 12.265 GC heap before
{Heap before GC invocations=7 (full 2):
 def new generation   total 1230848K, used 1230847K [0x00007f1f0c600000, 0x00007f1f5fd80000, 0x00007f2461b50000)
  eden space 1094144K, 100% used [0x00007f1f0c600000, 0x00007f1f4f280000, 0x00007f1f4f280000)
  from space 136704K,  99% used [0x00007f1f57800000, 0x00007f1f5fd7fe78, 0x00007f1f5fd80000)
  to   space 136704K,   0% used [0x00007f1f4f280000, 0x00007f1f4f280000, 0x00007f1f57800000)
 tenured generation   total 2735040K, used 2598412K [0x00007f2461b50000, 0x00007f2508a40000, 0x00007f2f0c600000)
   the space 2735040K,  95% used [0x00007f2461b50000, 0x00007f25004d32b0, 0x00007f25004d3400, 0x00007f2508a40000)
 Metaspace       used 31840K, capacity 32333K, committed 32512K, reserved 32768K
}
Event: 13.451 GC heap after
{Heap after GC invocations=8 (full 2):
 def new generation   total 1230848K, used 136703K [0x00007f1f0c600000, 0x00007f1f5fd80000, 0x00007f2461b50000)
  eden space 1094144K,   0% used [0x00007f1f0c600000, 0x00007f1f0c600000, 0x00007f1f4f280000)
  from space 136704K,  99% used [0x00007f1f4f280000, 0x00007f1f577ffe78, 0x00007f1f57800000)
  to   space 136704K,   0% used [0x00007f1f57800000, 0x00007f1f57800000, 0x00007f1f5fd80000)
 tenured generation   total 3692544K, used 3692472K [0x00007f2461b50000, 0x00007f2543150000, 0x00007f2f0c600000)
   the space 3692544K,  99% used [0x00007f2461b50000, 0x00007f254313e1e8, 0x00007f254313e200, 0x00007f2543150000)
 Metaspace       used 31840K, capacity 32333K, committed 32512K, reserved 32768K
}
Event: 13.451 GC heap before
{Heap before GC invocations=8 (full 2):
 def new generation   total 1230848K, used 136703K [0x00007f1f0c600000, 0x00007f1f5fd80000, 0x00007f2461b50000)
  eden space 1094144K,   0% used [0x00007f1f0c600000, 0x00007f1f0c600000, 0x00007f1f4f280000)
  from space 136704K,  99% used [0x00007f1f4f280000, 0x00007f1f577ffe78, 0x00007f1f57800000)
  to   space 136704K,   0% used [0x00007f1f57800000, 0x00007f1f57800000, 0x00007f1f5fd80000)
 tenured generation   total 3692544K, used 3692472K [0x00007f2461b50000, 0x00007f2543150000, 0x00007f2f0c600000)
   the space 3692544K,  99% used [0x00007f2461b50000, 0x00007f254313e1e8, 0x00007f254313e200, 0x00007f2543150000)
 Metaspace       used 31840K, capacity 32333K, committed 32512K, reserved 32768K
}
Event: 14.510 GC heap after
{Heap after GC invocations=8 (full 3):
 def new generation   total 2769472K, used 136633K [0x00007f1f0c600000, 0x00007f1fc8310000, 0x00007f2461b50000)
  eden space 2461760K,   5% used [0x00007f1f0c600000, 0x00007f1f14b6e400, 0x00007f1fa2a10000)
  from space 307712K,   0% used [0x00007f1fa2a10000, 0x00007f1fa2a10000, 0x00007f1fb5690000)
  to   space 307712K,   0% used [0x00007f1fb5690000, 0x00007f1fb5690000, 0x00007f1fc8310000)
 tenured generation   total 6154240K, used 3692543K [0x00007f2461b50000, 0x00007f25d9550000, 0x00007f2f0c600000)
   the space 6154240K,  59% used [0x00007f2461b50000, 0x00007f254314fc60, 0x00007f254314fe00, 0x00007f25d9550000)
 Metaspace       used 31840K, capacity 32333K, committed 32512K, reserved 32768K
}
Event: 15.158 GC heap before
{Heap before GC invocations=8 (full 3):
 def new generation   total 2769472K, used 2461760K [0x00007f1f0c600000, 0x00007f1fc8310000, 0x00007f2461b50000)
  eden space 2461760K, 100% used [0x00007f1f0c600000, 0x00007f1fa2a10000, 0x00007f1fa2a10000)
  from space 307712K,   0% used [0x00007f1fa2a10000, 0x00007f1fa2a10000, 0x00007f1fb5690000)
  to   space 307712K,   0% used [0x00007f1fb5690000, 0x00007f1fb5690000, 0x00007f1fc8310000)
 tenured generation   total 6154240K, used 3692543K [0x00007f2461b50000, 0x00007f25d9550000, 0x00007f2f0c600000)
   the space 6154240K,  59% used [0x00007f2461b50000, 0x00007f254314fc60, 0x00007f254314fe00, 0x00007f25d9550000)
 Metaspace       used 31840K, capacity 32333K, committed 32512K, reserved 32768K
}
Event: 17.923 GC heap after
{Heap after GC invocations=9 (full 3):
 def new generation   total 2769472K, used 307711K [0x00007f1f0c600000, 0x00007f1fc8310000, 0x00007f2461b50000)
  eden space 2461760K,   0% used [0x00007f1f0c600000, 0x00007f1f0c600000, 0x00007f1fa2a10000)
  from space 307712K,  99% used [0x00007f1fb5690000, 0x00007f1fc830ff58, 0x00007f1fc8310000)
  to   space 307712K,   0% used [0x00007f1fa2a10000, 0x00007f1fa2a10000, 0x00007f1fb5690000)
 tenured generation   total 6154240K, used 5846560K [0x00007f2461b50000, 0x00007f25d9550000, 0x00007f2f0c600000)
   the space 6154240K,  95% used [0x00007f2461b50000, 0x00007f25c68d82f8, 0x00007f25c68d8400, 0x00007f25d9550000)
 Metaspace       used 31840K, capacity 32333K, committed 32512K, reserved 32768K
}
Event: 18.631 GC heap before
{Heap before GC invocations=9 (full 3):
 def new generation   total 2769472K, used 2769471K [0x00007f1f0c600000, 0x00007f1fc8310000, 0x00007f2461b50000)
  eden space 2461760K, 100% used [0x00007f1f0c600000, 0x00007f1fa2a10000, 0x00007f1fa2a10000)
  from space 307712K,  99% used [0x00007f1fb5690000, 0x00007f1fc830ff58, 0x00007f1fc8310000)
  to   space 307712K,   0% used [0x00007f1fa2a10000, 0x00007f1fa2a10000, 0x00007f1fb5690000)
 tenured generation   total 6154240K, used 5846560K [0x00007f2461b50000, 0x00007f25d9550000, 0x00007f2f0c600000)
   the space 6154240K,  95% used [0x00007f2461b50000, 0x00007f25c68d82f8, 0x00007f25c68d8400, 0x00007f25d9550000)
 Metaspace       used 31840K, capacity 32333K, committed 32512K, reserved 32768K
}
Event: 21.472 GC heap after
{Heap after GC invocations=10 (full 3):
 def new generation   total 2769472K, used 307711K [0x00007f1f0c600000, 0x00007f1fc8310000, 0x00007f2461b50000)
  eden space 2461760K,   0% used [0x00007f1f0c600000, 0x00007f1f0c600000, 0x00007f1fa2a10000)
  from space 307712K,  99% used [0x00007f1fa2a10000, 0x00007f1fb568ff58, 0x00007f1fb5690000)
  to   space 307712K,   0% used [0x00007f1fb5690000, 0x00007f1fb5690000, 0x00007f1fc8310000)
 tenured generation   total 8308288K, used 8308275K [0x00007f2461b50000, 0x00007f265cce0000, 0x00007f2f0c600000)
   the space 8308288K,  99% used [0x00007f2461b50000, 0x00007f265ccdcf98, 0x00007f265ccdd000, 0x00007f265cce0000)
 Metaspace       used 31840K, capacity 32333K, committed 32512K, reserved 32768K
}
Event: 21.472 GC heap before
{Heap before GC invocations=10 (full 3):
 def new generation   total 2769472K, used 307711K [0x00007f1f0c600000, 0x00007f1fc8310000, 0x00007f2461b50000)
  eden space 2461760K,   0% used [0x00007f1f0c600000, 0x00007f1f0c600000, 0x00007f1fa2a10000)
  from space 307712K,  99% used [0x00007f1fa2a10000, 0x00007f1fb568ff58, 0x00007f1fb5690000)
  to   space 307712K,   0% used [0x00007f1fb5690000, 0x00007f1fb5690000, 0x00007f1fc8310000)
 tenured generation   total 8308288K, used 8308275K [0x00007f2461b50000, 0x00007f265cce0000, 0x00007f2f0c600000)
   the space 8308288K,  99% used [0x00007f2461b50000, 0x00007f265ccdcf98, 0x00007f265ccdd000, 0x00007f265cce0000)
 Metaspace       used 31840K, capacity 32333K, committed 32512K, reserved 32768K
}
Event: 26.478 GC heap after
{Heap after GC invocations=10 (full 4):
 def new generation   total 6231296K, used 302318K [0x00007f1f0c600000, 0x00007f20b2f60000, 0x00007f2461b50000)
  eden space 5538944K,   5% used [0x00007f1f0c600000, 0x00007f1f1ed3b948, 0x00007f205e720000)
  from space 692352K,   0% used [0x00007f205e720000, 0x00007f205e720000, 0x00007f2088b40000)
  to   space 692352K,   0% used [0x00007f2088b40000, 0x00007f2088b40000, 0x00007f20b2f60000)
 tenured generation   total 13847148K, used 8308287K [0x00007f2461b50000, 0x00007f27aedeb000, 0x00007f2f0c600000)
   the space 13847148K,  59% used [0x00007f2461b50000, 0x00007f265ccdfce0, 0x00007f265ccdfe00, 0x00007f27aedeb000)
 Metaspace       used 31840K, capacity 32333K, committed 32512K, reserved 32768K
}
Event: 28.450 GC heap before
{Heap before GC invocations=10 (full 4):
 def new generation   total 6231296K, used 5538944K [0x00007f1f0c600000, 0x00007f20b2f60000, 0x00007f2461b50000)
  eden space 5538944K, 100% used [0x00007f1f0c600000, 0x00007f205e720000, 0x00007f205e720000)
  from space 692352K,   0% used [0x00007f205e720000, 0x00007f205e720000, 0x00007f2088b40000)
  to   space 692352K,   0% used [0x00007f2088b40000, 0x00007f2088b40000, 0x00007f20b2f60000)
 tenured generation   total 13847148K, used 8308287K [0x00007f2461b50000, 0x00007f27aedeb000, 0x00007f2f0c600000)
   the space 13847148K,  59% used [0x00007f2461b50000, 0x00007f265ccdfce0, 0x00007f265ccdfe00, 0x00007f27aedeb000)
 Metaspace       used 31840K, capacity 32333K, committed 32512K, reserved 32768K
}
Event: 35.361 GC heap after
{Heap after GC invocations=11 (full 4):
 def new generation   total 6231296K, used 692351K [0x00007f1f0c600000, 0x00007f20b2f60000, 0x00007f2461b50000)
  eden space 5538944K,   0% used [0x00007f1f0c600000, 0x00007f1f0c600000, 0x00007f205e720000)
  from space 692352K,  99% used [0x00007f2088b40000, 0x00007f20b2f5fd80, 0x00007f20b2f60000)
  to   space 692352K,   0% used [0x00007f205e720000, 0x00007f205e720000, 0x00007f2088b40000)
 tenured generation   total 13847148K, used 13154809K [0x00007f2461b50000, 0x00007f27aedeb000, 0x00007f2f0c600000)
   the space 13847148K,  95% used [0x00007f2461b50000, 0x00007f27849ce518, 0x00007f27849ce600, 0x00007f27aedeb000)
 Metaspace       used 31840K, capacity 32333K, committed 32512K, reserved 32768K
}
Event: 36.946 GC heap before
{Heap before GC invocations=11 (full 4):
 def new generation   total 6231296K, used 6231295K [0x00007f1f0c600000, 0x00007f20b2f60000, 0x00007f2461b50000)
  eden space 5538944K, 100% used [0x00007f1f0c600000, 0x00007f205e720000, 0x00007f205e720000)
  from space 692352K,  99% used [0x00007f2088b40000, 0x00007f20b2f5fd80, 0x00007f20b2f60000)
  to   space 692352K,   0% used [0x00007f205e720000, 0x00007f205e720000, 0x00007f2088b40000)
 tenured generation   total 13847148K, used 13154809K [0x00007f2461b50000, 0x00007f27aedeb000, 0x00007f2f0c600000)
   the space 13847148K,  95% used [0x00007f2461b50000, 0x00007f27849ce518, 0x00007f27849ce600, 0x00007f27aedeb000)
 Metaspace       used 31840K, capacity 32333K, committed 32512K, reserved 32768K
}
Event: 43.532 GC heap after
{Heap after GC invocations=12 (full 4):
 def new generation   total 6231296K, used 692351K [0x00007f1f0c600000, 0x00007f20b2f60000, 0x00007f2461b50000)
  eden space 5538944K,   0% used [0x00007f1f0c600000, 0x00007f1f0c600000, 0x00007f205e720000)
  from space 692352K,  99% used [0x00007f205e720000, 0x00007f2088b3fd80, 0x00007f2088b40000)
  to   space 692352K,   0% used [0x00007f2088b40000, 0x00007f2088b40000, 0x00007f20b2f60000)
 tenured generation   total 18693804K, used 18693680K [0x00007f2461b50000, 0x00007f28d6afb000, 0x00007f2f0c600000)
   the space 18693804K,  99% used [0x00007f2461b50000, 0x00007f28d6adc2a0, 0x00007f28d6adc400, 0x00007f28d6afb000)
 Metaspace       used 31840K, capacity 32333K, committed 32512K, reserved 32768K
}
Event: 43.532 GC heap before
{Heap before GC invocations=12 (full 4):
 def new generation   total 6231296K, used 692351K [0x00007f1f0c600000, 0x00007f20b2f60000, 0x00007f2461b50000)
  eden space 5538944K,   0% used [0x00007f1f0c600000, 0x00007f1f0c600000, 0x00007f205e720000)
  from space 692352K,  99% used [0x00007f205e720000, 0x00007f2088b3fd80, 0x00007f2088b40000)
  to   space 692352K,   0% used [0x00007f2088b40000, 0x00007f2088b40000, 0x00007f20b2f60000)
 tenured generation   total 18693804K, used 18693680K [0x00007f2461b50000, 0x00007f28d6afb000, 0x00007f2f0c600000)
   the space 18693804K,  99% used [0x00007f2461b50000, 0x00007f28d6adc2a0, 0x00007f28d6adc400, 0x00007f28d6afb000)
 Metaspace       used 31840K, capacity 32333K, committed 32512K, reserved 32768K
}

