# JRE version: OpenJDK Runtime Environment (13.0.7+5) (build 13.0.7+5-Ubuntu-0ubuntu120.04)
# Java VM: OpenJDK 64-Bit Server VM (13.0.7+5-Ubuntu-0ubuntu120.04, mixed mode, tiered, serial gc, linux-amd64)
Heap:
 def new generation   total 2884928K, used 24001K [0x00007f6adc600000, 0x00007f6ba0050000, 0x00007f75870a0000)
  eden space 2564416K,   0% used [0x00007f6adc600000, 0x00007f6addd707c8, 0x00007f6b78e50000)
  from space 320512K,   0% used [0x00007f6b78e50000, 0x00007f6b78e50000, 0x00007f6b8c750000)
  to   space 320512K,   0% used [0x00007f6b8c750000, 0x00007f6b8c750000, 0x00007f6ba0050000)
 tenured generation   total 6411444K, used 6411425K [0x00007f75870a0000, 0x00007f770e5cd000, 0x00007f8adc600000)
   the space 6411444K,  99% used [0x00007f75870a0000, 0x00007f770e5c87d8, 0x00007f770e5c8800, 0x00007f770e5cd000)
 Metaspace       used 25272K, capacity 25780K, committed 25856K, reserved 26624K
GC Heap History (20 events):
Event: 11584.877 GC heap after
{Heap after GC invocations=17714 (full 4):
 def new generation   total 2884928K, used 23988K [0x00007f6adc600000, 0x00007f6ba0050000, 0x00007f75870a0000)
  eden space 2564416K,   0% used [0x00007f6adc600000, 0x00007f6adc600000, 0x00007f6b78e50000)
  from space 320512K,   7% used [0x00007f6b8c750000, 0x00007f6b8debd010, 0x00007f6ba0050000)
  to   space 320512K,   0% used [0x00007f6b78e50000, 0x00007f6b78e50000, 0x00007f6b8c750000)
 tenured generation   total 6410868K, used 6397061K [0x00007f75870a0000, 0x00007f770e53d000, 0x00007f8adc600000)
   the space 6410868K,  99% used [0x00007f75870a0000, 0x00007f770d7c1558, 0x00007f770d7c1600, 0x00007f770e53d000)
 Metaspace       used 25272K, capacity 25780K, committed 25856K, reserved 26624K
}
Event: 11586.401 GC heap before
{Heap before GC invocations=17714 (full 4):
 def new generation   total 2884928K, used 2588404K [0x00007f6adc600000, 0x00007f6ba0050000, 0x00007f75870a0000)
  eden space 2564416K, 100% used [0x00007f6adc600000, 0x00007f6b78e50000, 0x00007f6b78e50000)
  from space 320512K,   7% used [0x00007f6b8c750000, 0x00007f6b8debd010, 0x00007f6ba0050000)
  to   space 320512K,   0% used [0x00007f6b78e50000, 0x00007f6b78e50000, 0x00007f6b8c750000)
 tenured generation   total 6410868K, used 6397061K [0x00007f75870a0000, 0x00007f770e53d000, 0x00007f8adc600000)
   the space 6410868K,  99% used [0x00007f75870a0000, 0x00007f770d7c1558, 0x00007f770d7c1600, 0x00007f770e53d000)
 Metaspace       used 25272K, capacity 25780K, committed 25856K, reserved 26624K
}
Event: 11586.427 GC heap after
{Heap after GC invocations=17715 (full 4):
 def new generation   total 2884928K, used 24004K [0x00007f6adc600000, 0x00007f6ba0050000, 0x00007f75870a0000)
  eden space 2564416K,   0% used [0x00007f6adc600000, 0x00007f6adc600000, 0x00007f6b78e50000)
  from space 320512K,   7% used [0x00007f6b78e50000, 0x00007f6b7a5c1228, 0x00007f6b8c750000)
  to   space 320512K,   0% used [0x00007f6b8c750000, 0x00007f6b8c750000, 0x00007f6ba0050000)
 tenured generation   total 6410868K, used 6398666K [0x00007f75870a0000, 0x00007f770e53d000, 0x00007f8adc600000)
   the space 6410868K,  99% used [0x00007f75870a0000, 0x00007f770d952898, 0x00007f770d952a00, 0x00007f770e53d000)
 Metaspace       used 25272K, capacity 25780K, committed 25856K, reserved 26624K
}
Event: 11587.902 GC heap before
{Heap before GC invocations=17715 (full 4):
 def new generation   total 2884928K, used 2588420K [0x00007f6adc600000, 0x00007f6ba0050000, 0x00007f75870a0000)
  eden space 2564416K, 100% used [0x00007f6adc600000, 0x00007f6b78e50000, 0x00007f6b78e50000)
  from space 320512K,   7% used [0x00007f6b78e50000, 0x00007f6b7a5c1228, 0x00007f6b8c750000)
  to   space 320512K,   0% used [0x00007f6b8c750000, 0x00007f6b8c750000, 0x00007f6ba0050000)
 tenured generation   total 6410868K, used 6398666K [0x00007f75870a0000, 0x00007f770e53d000, 0x00007f8adc600000)
   the space 6410868K,  99% used [0x00007f75870a0000, 0x00007f770d952898, 0x00007f770d952a00, 0x00007f770e53d000)
 Metaspace       used 25272K, capacity 25780K, committed 25856K, reserved 26624K
}
Event: 11587.929 GC heap after
{Heap after GC invocations=17716 (full 4):
 def new generation   total 2884928K, used 23998K [0x00007f6adc600000, 0x00007f6ba0050000, 0x00007f75870a0000)
  eden space 2564416K,   0% used [0x00007f6adc600000, 0x00007f6adc600000, 0x00007f6b78e50000)
  from space 320512K,   7% used [0x00007f6b8c750000, 0x00007f6b8debfa10, 0x00007f6ba0050000)
  to   space 320512K,   0% used [0x00007f6b78e50000, 0x00007f6b78e50000, 0x00007f6b8c750000)
 tenured generation   total 6410868K, used 6400275K [0x00007f75870a0000, 0x00007f770e53d000, 0x00007f8adc600000)
   the space 6410868K,  99% used [0x00007f75870a0000, 0x00007f770dae4d18, 0x00007f770dae4e00, 0x00007f770e53d000)
 Metaspace       used 25272K, capacity 25780K, committed 25856K, reserved 26624K
}
Event: 11589.341 GC heap before
{Heap before GC invocations=17716 (full 4):
 def new generation   total 2884928K, used 2588414K [0x00007f6adc600000, 0x00007f6ba0050000, 0x00007f75870a0000)
  eden space 2564416K, 100% used [0x00007f6adc600000, 0x00007f6b78e50000, 0x00007f6b78e50000)
  from space 320512K,   7% used [0x00007f6b8c750000, 0x00007f6b8debfa10, 0x00007f6ba0050000)
  to   space 320512K,   0% used [0x00007f6b78e50000, 0x00007f6b78e50000, 0x00007f6b8c750000)
 tenured generation   total 6410868K, used 6400275K [0x00007f75870a0000, 0x00007f770e53d000, 0x00007f8adc600000)
   the space 6410868K,  99% used [0x00007f75870a0000, 0x00007f770dae4d18, 0x00007f770dae4e00, 0x00007f770e53d000)
 Metaspace       used 25272K, capacity 25780K, committed 25856K, reserved 26624K
}
Event: 11589.367 GC heap after
{Heap after GC invocations=17717 (full 4):
 def new generation   total 2884928K, used 23882K [0x00007f6adc600000, 0x00007f6ba0050000, 0x00007f75870a0000)
  eden space 2564416K,   0% used [0x00007f6adc600000, 0x00007f6adc600000, 0x00007f6b78e50000)
  from space 320512K,   7% used [0x00007f6b78e50000, 0x00007f6b7a5a2b90, 0x00007f6b8c750000)
  to   space 320512K,   0% used [0x00007f6b8c750000, 0x00007f6b8c750000, 0x00007f6ba0050000)
 tenured generation   total 6410868K, used 6401880K [0x00007f75870a0000, 0x00007f770e53d000, 0x00007f8adc600000)
   the space 6410868K,  99% used [0x00007f75870a0000, 0x00007f770dc76058, 0x00007f770dc76200, 0x00007f770e53d000)
 Metaspace       used 25272K, capacity 25780K, committed 25856K, reserved 26624K
}
Event: 11590.823 GC heap before
{Heap before GC invocations=17717 (full 4):
 def new generation   total 2884928K, used 2588298K [0x00007f6adc600000, 0x00007f6ba0050000, 0x00007f75870a0000)
  eden space 2564416K, 100% used [0x00007f6adc600000, 0x00007f6b78e50000, 0x00007f6b78e50000)
  from space 320512K,   7% used [0x00007f6b78e50000, 0x00007f6b7a5a2b90, 0x00007f6b8c750000)
  to   space 320512K,   0% used [0x00007f6b8c750000, 0x00007f6b8c750000, 0x00007f6ba0050000)
 tenured generation   total 6410868K, used 6401880K [0x00007f75870a0000, 0x00007f770e53d000, 0x00007f8adc600000)
   the space 6410868K,  99% used [0x00007f75870a0000, 0x00007f770dc76058, 0x00007f770dc76200, 0x00007f770e53d000)
 Metaspace       used 25272K, capacity 25780K, committed 25856K, reserved 26624K
}
Event: 11590.852 GC heap after
{Heap after GC invocations=17718 (full 4):
 def new generation   total 2884928K, used 24008K [0x00007f6adc600000, 0x00007f6ba0050000, 0x00007f75870a0000)
  eden space 2564416K,   0% used [0x00007f6adc600000, 0x00007f6adc600000, 0x00007f6b78e50000)
  from space 320512K,   7% used [0x00007f6b8c750000, 0x00007f6b8dec2088, 0x00007f6ba0050000)
  to   space 320512K,   0% used [0x00007f6b78e50000, 0x00007f6b78e50000, 0x00007f6b8c750000)
 tenured generation   total 6410868K, used 6403373K [0x00007f75870a0000, 0x00007f770e53d000, 0x00007f8adc600000)
   the space 6410868K,  99% used [0x00007f75870a0000, 0x00007f770ddeb400, 0x00007f770ddeb400, 0x00007f770e53d000)
 Metaspace       used 25272K, capacity 25780K, committed 25856K, reserved 26624K
}
Event: 11592.315 GC heap before
{Heap before GC invocations=17718 (full 4):
 def new generation   total 2884928K, used 2588424K [0x00007f6adc600000, 0x00007f6ba0050000, 0x00007f75870a0000)
  eden space 2564416K, 100% used [0x00007f6adc600000, 0x00007f6b78e50000, 0x00007f6b78e50000)
  from space 320512K,   7% used [0x00007f6b8c750000, 0x00007f6b8dec2088, 0x00007f6ba0050000)
  to   space 320512K,   0% used [0x00007f6b78e50000, 0x00007f6b78e50000, 0x00007f6b8c750000)
 tenured generation   total 6410868K, used 6403373K [0x00007f75870a0000, 0x00007f770e53d000, 0x00007f8adc600000)
   the space 6410868K,  99% used [0x00007f75870a0000, 0x00007f770ddeb400, 0x00007f770ddeb400, 0x00007f770e53d000)
 Metaspace       used 25272K, capacity 25780K, committed 25856K, reserved 26624K
}
Event: 11592.349 GC heap after
{Heap after GC invocations=17719 (full 4):
 def new generation   total 2884928K, used 24012K [0x00007f6adc600000, 0x00007f6ba0050000, 0x00007f75870a0000)
  eden space 2564416K,   0% used [0x00007f6adc600000, 0x00007f6adc600000, 0x00007f6b78e50000)
  from space 320512K,   7% used [0x00007f6b78e50000, 0x00007f6b7a5c3248, 0x00007f6b8c750000)
  to   space 320512K,   0% used [0x00007f6b8c750000, 0x00007f6b8c750000, 0x00007f6ba0050000)
 tenured generation   total 6410868K, used 6404977K [0x00007f75870a0000, 0x00007f770e53d000, 0x00007f8adc600000)
   the space 6410868K,  99% used [0x00007f75870a0000, 0x00007f770df7c740, 0x00007f770df7c800, 0x00007f770e53d000)
 Metaspace       used 25272K, capacity 25780K, committed 25856K, reserved 26624K
}
Event: 11593.804 GC heap before
{Heap before GC invocations=17719 (full 4):
 def new generation   total 2884928K, used 2588428K [0x00007f6adc600000, 0x00007f6ba0050000, 0x00007f75870a0000)
  eden space 2564416K, 100% used [0x00007f6adc600000, 0x00007f6b78e50000, 0x00007f6b78e50000)
  from space 320512K,   7% used [0x00007f6b78e50000, 0x00007f6b7a5c3248, 0x00007f6b8c750000)
  to   space 320512K,   0% used [0x00007f6b8c750000, 0x00007f6b8c750000, 0x00007f6ba0050000)
 tenured generation   total 6410868K, used 6404977K [0x00007f75870a0000, 0x00007f770e53d000, 0x00007f8adc600000)
   the space 6410868K,  99% used [0x00007f75870a0000, 0x00007f770df7c740, 0x00007f770df7c800, 0x00007f770e53d000)
 Metaspace       used 25272K, capacity 25780K, committed 25856K, reserved 26624K
}
Event: 11593.828 GC heap after
{Heap after GC invocations=17720 (full 4):
 def new generation   total 2884928K, used 24001K [0x00007f6adc600000, 0x00007f6ba0050000, 0x00007f75870a0000)
  eden space 2564416K,   0% used [0x00007f6adc600000, 0x00007f6adc600000, 0x00007f6b78e50000)
  from space 320512K,   7% used [0x00007f6b8c750000, 0x00007f6b8dec0490, 0x00007f6ba0050000)
  to   space 320512K,   0% used [0x00007f6b78e50000, 0x00007f6b78e50000, 0x00007f6b8c750000)
 tenured generation   total 6410868K, used 6406582K [0x00007f75870a0000, 0x00007f770e53d000, 0x00007f8adc600000)
   the space 6410868K,  99% used [0x00007f75870a0000, 0x00007f770e10db10, 0x00007f770e10dc00, 0x00007f770e53d000)
 Metaspace       used 25272K, capacity 25780K, committed 25856K, reserved 26624K
}
Event: 11595.300 GC heap before
{Heap before GC invocations=17720 (full 4):
 def new generation   total 2884928K, used 2588417K [0x00007f6adc600000, 0x00007f6ba0050000, 0x00007f75870a0000)
  eden space 2564416K, 100% used [0x00007f6adc600000, 0x00007f6b78e50000, 0x00007f6b78e50000)
  from space 320512K,   7% used [0x00007f6b8c750000, 0x00007f6b8dec0490, 0x00007f6ba0050000)
  to   space 320512K,   0% used [0x00007f6b78e50000, 0x00007f6b78e50000, 0x00007f6b8c750000)
 tenured generation   total 6410868K, used 6406582K [0x00007f75870a0000, 0x00007f770e53d000, 0x00007f8adc600000)
   the space 6410868K,  99% used [0x00007f75870a0000, 0x00007f770e10db10, 0x00007f770e10dc00, 0x00007f770e53d000)
 Metaspace       used 25272K, capacity 25780K, committed 25856K, reserved 26624K
}
Event: 11595.326 GC heap after
{Heap after GC invocations=17721 (full 4):
 def new generation   total 2884928K, used 24011K [0x00007f6adc600000, 0x00007f6ba0050000, 0x00007f75870a0000)
  eden space 2564416K,   0% used [0x00007f6adc600000, 0x00007f6adc600000, 0x00007f6b78e50000)
  from space 320512K,   7% used [0x00007f6b78e50000, 0x00007f6b7a5c2dc8, 0x00007f6b8c750000)
  to   space 320512K,   0% used [0x00007f6b8c750000, 0x00007f6b8c750000, 0x00007f6ba0050000)
 tenured generation   total 6410868K, used 6408209K [0x00007f75870a0000, 0x00007f770e53d000, 0x00007f8adc600000)
   the space 6410868K,  99% used [0x00007f75870a0000, 0x00007f770e2a46e8, 0x00007f770e2a4800, 0x00007f770e53d000)
 Metaspace       used 25272K, capacity 25780K, committed 25856K, reserved 26624K
}
Event: 11596.766 GC heap before
{Heap before GC invocations=17721 (full 4):
 def new generation   total 2884928K, used 2588427K [0x00007f6adc600000, 0x00007f6ba0050000, 0x00007f75870a0000)
  eden space 2564416K, 100% used [0x00007f6adc600000, 0x00007f6b78e50000, 0x00007f6b78e50000)
  from space 320512K,   7% used [0x00007f6b78e50000, 0x00007f6b7a5c2dc8, 0x00007f6b8c750000)
  to   space 320512K,   0% used [0x00007f6b8c750000, 0x00007f6b8c750000, 0x00007f6ba0050000)
 tenured generation   total 6410868K, used 6408209K [0x00007f75870a0000, 0x00007f770e53d000, 0x00007f8adc600000)
   the space 6410868K,  99% used [0x00007f75870a0000, 0x00007f770e2a46e8, 0x00007f770e2a4800, 0x00007f770e53d000)
 Metaspace       used 25272K, capacity 25780K, committed 25856K, reserved 26624K
}
Event: 11596.794 GC heap after
{Heap after GC invocations=17722 (full 4):
 def new generation   total 2884928K, used 23997K [0x00007f6adc600000, 0x00007f6ba0050000, 0x00007f75870a0000)
  eden space 2564416K,   0% used [0x00007f6adc600000, 0x00007f6adc600000, 0x00007f6b78e50000)
  from space 320512K,   7% used [0x00007f6b8c750000, 0x00007f6b8debf5c0, 0x00007f6ba0050000)
  to   space 320512K,   0% used [0x00007f6b78e50000, 0x00007f6b78e50000, 0x00007f6b8c750000)
 tenured generation   total 6410868K, used 6409814K [0x00007f75870a0000, 0x00007f770e53d000, 0x00007f8adc600000)
   the space 6410868K,  99% used [0x00007f75870a0000, 0x00007f770e435a28, 0x00007f770e435c00, 0x00007f770e53d000)
 Metaspace       used 25272K, capacity 25780K, committed 25856K, reserved 26624K
}
Event: 11598.249 GC heap before
{Heap before GC invocations=17722 (full 4):
 def new generation   total 2884928K, used 2588413K [0x00007f6adc600000, 0x00007f6ba0050000, 0x00007f75870a0000)
  eden space 2564416K, 100% used [0x00007f6adc600000, 0x00007f6b78e50000, 0x00007f6b78e50000)
  from space 320512K,   7% used [0x00007f6b8c750000, 0x00007f6b8debf5c0, 0x00007f6ba0050000)
  to   space 320512K,   0% used [0x00007f6b78e50000, 0x00007f6b78e50000, 0x00007f6b8c750000)
 tenured generation   total 6410868K, used 6409814K [0x00007f75870a0000, 0x00007f770e53d000, 0x00007f8adc600000)
   the space 6410868K,  99% used [0x00007f75870a0000, 0x00007f770e435a28, 0x00007f770e435c00, 0x00007f770e53d000)
 Metaspace       used 25272K, capacity 25780K, committed 25856K, reserved 26624K
}
Event: 11598.276 GC heap after
{Heap after GC invocations=17723 (full 4):
 def new generation   total 2884928K, used 24004K [0x00007f6adc600000, 0x00007f6ba0050000, 0x00007f75870a0000)
  eden space 2564416K,   0% used [0x00007f6adc600000, 0x00007f6adc600000, 0x00007f6b78e50000)
  from space 320512K,   7% used [0x00007f6b78e50000, 0x00007f6b7a5c10f8, 0x00007f6b8c750000)
  to   space 320512K,   0% used [0x00007f6b8c750000, 0x00007f6b8c750000, 0x00007f6ba0050000)
 tenured generation   total 6411444K, used 6411423K [0x00007f75870a0000, 0x00007f770e5cd000, 0x00007f8adc600000)
   the space 6411444K,  99% used [0x00007f75870a0000, 0x00007f770e5c7ea8, 0x00007f770e5c8000, 0x00007f770e5cd000)
 Metaspace       used 25272K, capacity 25780K, committed 25856K, reserved 26624K
}
Event: 11598.276 GC heap before
{Heap before GC invocations=17723 (full 4):
 def new generation   total 2884928K, used 24004K [0x00007f6adc600000, 0x00007f6ba0050000, 0x00007f75870a0000)
  eden space 2564416K,   0% used [0x00007f6adc600000, 0x00007f6adc600000, 0x00007f6b78e50000)
  from space 320512K,   7% used [0x00007f6b78e50000, 0x00007f6b7a5c10f8, 0x00007f6b8c750000)
  to   space 320512K,   0% used [0x00007f6b8c750000, 0x00007f6b8c750000, 0x00007f6ba0050000)
 tenured generation   total 6411444K, used 6411423K [0x00007f75870a0000, 0x00007f770e5cd000, 0x00007f8adc600000)
   the space 6411444K,  99% used [0x00007f75870a0000, 0x00007f770e5c7ea8, 0x00007f770e5c8000, 0x00007f770e5cd000)
 Metaspace       used 25272K, capacity 25780K, committed 25856K, reserved 26624K
}

