# JRE version: OpenJDK Runtime Environment (13.0.7+5) (build 13.0.7+5-Ubuntu-0ubuntu120.04)
# Java VM: OpenJDK 64-Bit Server VM (13.0.7+5-Ubuntu-0ubuntu120.04, mixed mode, tiered, serial gc, linux-amd64)
Heap:
 def new generation   total 1748224K, used 105064K [0x00007f1438600000, 0x00007f14aeef0000, 0x00007f198db50000)
  eden space 1553984K,   6% used [0x00007f1438600000, 0x00007f143ec9a1b0, 0x00007f1497390000)
  from space 194240K,   0% used [0x00007f14a3140000, 0x00007f14a3140000, 0x00007f14aeef0000)
  to   space 194240K,   0% used [0x00007f1497390000, 0x00007f1497390000, 0x00007f14a3140000)
 tenured generation   total 3894892K, used 3894891K [0x00007f198db50000, 0x00007f1a7b6eb000, 0x00007f2438600000)
   the space 3894892K,  99% used [0x00007f198db50000, 0x00007f1a7b6eaff8, 0x00007f1a7b6eb000, 0x00007f1a7b6eb000)
 Metaspace       used 25058K, capacity 25493K, committed 25600K, reserved 26624K
GC Heap History (20 events):
Event: 10564.811 GC heap after
{Heap after GC invocations=18187 (full 4):
 def new generation   total 1748224K, used 105224K [0x00007f1438600000, 0x00007f14aeef0000, 0x00007f198db50000)
  eden space 1553984K,   0% used [0x00007f1438600000, 0x00007f1438600000, 0x00007f1497390000)
  from space 194240K,  54% used [0x00007f1497390000, 0x00007f149da523c0, 0x00007f14a3140000)
  to   space 194240K,   0% used [0x00007f14a3140000, 0x00007f14a3140000, 0x00007f14aeef0000)
 tenured generation   total 3884908K, used 3776439K [0x00007f198db50000, 0x00007f1a7ad2b000, 0x00007f2438600000)
   the space 3884908K,  97% used [0x00007f198db50000, 0x00007f1a7433dc28, 0x00007f1a7433de00, 0x00007f1a7ad2b000)
 Metaspace       used 25058K, capacity 25493K, committed 25600K, reserved 26624K
}
Event: 10565.660 GC heap before
{Heap before GC invocations=18187 (full 4):
 def new generation   total 1748224K, used 1659208K [0x00007f1438600000, 0x00007f14aeef0000, 0x00007f198db50000)
  eden space 1553984K, 100% used [0x00007f1438600000, 0x00007f1497390000, 0x00007f1497390000)
  from space 194240K,  54% used [0x00007f1497390000, 0x00007f149da523c0, 0x00007f14a3140000)
  to   space 194240K,   0% used [0x00007f14a3140000, 0x00007f14a3140000, 0x00007f14aeef0000)
 tenured generation   total 3884908K, used 3776439K [0x00007f198db50000, 0x00007f1a7ad2b000, 0x00007f2438600000)
   the space 3884908K,  97% used [0x00007f198db50000, 0x00007f1a7433dc28, 0x00007f1a7433de00, 0x00007f1a7ad2b000)
 Metaspace       used 25058K, capacity 25493K, committed 25600K, reserved 26624K
}
Event: 10565.811 GC heap after
{Heap after GC invocations=18188 (full 4):
 def new generation   total 1748224K, used 105234K [0x00007f1438600000, 0x00007f14aeef0000, 0x00007f198db50000)
  eden space 1553984K,   0% used [0x00007f1438600000, 0x00007f1438600000, 0x00007f1497390000)
  from space 194240K,  54% used [0x00007f14a3140000, 0x00007f14a9804b20, 0x00007f14aeef0000)
  to   space 194240K,   0% used [0x00007f1497390000, 0x00007f1497390000, 0x00007f14a3140000)
 tenured generation   total 3884908K, used 3789592K [0x00007f198db50000, 0x00007f1a7ad2b000, 0x00007f2438600000)
   the space 3884908K,  97% used [0x00007f198db50000, 0x00007f1a75016020, 0x00007f1a75016200, 0x00007f1a7ad2b000)
 Metaspace       used 25058K, capacity 25493K, committed 25600K, reserved 26624K
}
Event: 10566.669 GC heap before
{Heap before GC invocations=18188 (full 4):
 def new generation   total 1748224K, used 1659218K [0x00007f1438600000, 0x00007f14aeef0000, 0x00007f198db50000)
  eden space 1553984K, 100% used [0x00007f1438600000, 0x00007f1497390000, 0x00007f1497390000)
  from space 194240K,  54% used [0x00007f14a3140000, 0x00007f14a9804b20, 0x00007f14aeef0000)
  to   space 194240K,   0% used [0x00007f1497390000, 0x00007f1497390000, 0x00007f14a3140000)
 tenured generation   total 3884908K, used 3789592K [0x00007f198db50000, 0x00007f1a7ad2b000, 0x00007f2438600000)
   the space 3884908K,  97% used [0x00007f198db50000, 0x00007f1a75016020, 0x00007f1a75016200, 0x00007f1a7ad2b000)
 Metaspace       used 25058K, capacity 25493K, committed 25600K, reserved 26624K
}
Event: 10566.823 GC heap after
{Heap after GC invocations=18189 (full 4):
 def new generation   total 1748224K, used 105244K [0x00007f1438600000, 0x00007f14aeef0000, 0x00007f198db50000)
  eden space 1553984K,   0% used [0x00007f1438600000, 0x00007f1438600000, 0x00007f1497390000)
  from space 194240K,  54% used [0x00007f1497390000, 0x00007f149da57038, 0x00007f14a3140000)
  to   space 194240K,   0% used [0x00007f14a3140000, 0x00007f14a3140000, 0x00007f14aeef0000)
 tenured generation   total 3884908K, used 3802730K [0x00007f198db50000, 0x00007f1a7ad2b000, 0x00007f2438600000)
   the space 3884908K,  97% used [0x00007f198db50000, 0x00007f1a75ceab38, 0x00007f1a75ceac00, 0x00007f1a7ad2b000)
 Metaspace       used 25058K, capacity 25493K, committed 25600K, reserved 26624K
}
Event: 10567.673 GC heap before
{Heap before GC invocations=18189 (full 4):
 def new generation   total 1748224K, used 1659228K [0x00007f1438600000, 0x00007f14aeef0000, 0x00007f198db50000)
  eden space 1553984K, 100% used [0x00007f1438600000, 0x00007f1497390000, 0x00007f1497390000)
  from space 194240K,  54% used [0x00007f1497390000, 0x00007f149da57038, 0x00007f14a3140000)
  to   space 194240K,   0% used [0x00007f14a3140000, 0x00007f14a3140000, 0x00007f14aeef0000)
 tenured generation   total 3884908K, used 3802730K [0x00007f198db50000, 0x00007f1a7ad2b000, 0x00007f2438600000)
   the space 3884908K,  97% used [0x00007f198db50000, 0x00007f1a75ceab38, 0x00007f1a75ceac00, 0x00007f1a7ad2b000)
 Metaspace       used 25058K, capacity 25493K, committed 25600K, reserved 26624K
}
Event: 10567.825 GC heap after
{Heap after GC invocations=18190 (full 4):
 def new generation   total 1748224K, used 105249K [0x00007f1438600000, 0x00007f14aeef0000, 0x00007f198db50000)
  eden space 1553984K,   0% used [0x00007f1438600000, 0x00007f1438600000, 0x00007f1497390000)
  from space 194240K,  54% used [0x00007f14a3140000, 0x00007f14a9808670, 0x00007f14aeef0000)
  to   space 194240K,   0% used [0x00007f1497390000, 0x00007f1497390000, 0x00007f14a3140000)
 tenured generation   total 3884908K, used 3815869K [0x00007f198db50000, 0x00007f1a7ad2b000, 0x00007f2438600000)
   the space 3884908K,  98% used [0x00007f198db50000, 0x00007f1a769bf770, 0x00007f1a769bf800, 0x00007f1a7ad2b000)
 Metaspace       used 25058K, capacity 25493K, committed 25600K, reserved 26624K
}
Event: 10568.688 GC heap before
{Heap before GC invocations=18190 (full 4):
 def new generation   total 1748224K, used 1659233K [0x00007f1438600000, 0x00007f14aeef0000, 0x00007f198db50000)
  eden space 1553984K, 100% used [0x00007f1438600000, 0x00007f1497390000, 0x00007f1497390000)
  from space 194240K,  54% used [0x00007f14a3140000, 0x00007f14a9808670, 0x00007f14aeef0000)
  to   space 194240K,   0% used [0x00007f1497390000, 0x00007f1497390000, 0x00007f14a3140000)
 tenured generation   total 3884908K, used 3815869K [0x00007f198db50000, 0x00007f1a7ad2b000, 0x00007f2438600000)
   the space 3884908K,  98% used [0x00007f198db50000, 0x00007f1a769bf770, 0x00007f1a769bf800, 0x00007f1a7ad2b000)
 Metaspace       used 25058K, capacity 25493K, committed 25600K, reserved 26624K
}
Event: 10568.843 GC heap after
{Heap after GC invocations=18191 (full 4):
 def new generation   total 1748224K, used 105238K [0x00007f1438600000, 0x00007f14aeef0000, 0x00007f198db50000)
  eden space 1553984K,   0% used [0x00007f1438600000, 0x00007f1438600000, 0x00007f1497390000)
  from space 194240K,  54% used [0x00007f1497390000, 0x00007f149da55a88, 0x00007f14a3140000)
  to   space 194240K,   0% used [0x00007f14a3140000, 0x00007f14a3140000, 0x00007f14aeef0000)
 tenured generation   total 3884908K, used 3829008K [0x00007f198db50000, 0x00007f1a7ad2b000, 0x00007f2438600000)
   the space 3884908K,  98% used [0x00007f198db50000, 0x00007f1a77694288, 0x00007f1a77694400, 0x00007f1a7ad2b000)
 Metaspace       used 25058K, capacity 25493K, committed 25600K, reserved 26624K
}
Event: 10569.705 GC heap before
{Heap before GC invocations=18191 (full 4):
 def new generation   total 1748224K, used 1659222K [0x00007f1438600000, 0x00007f14aeef0000, 0x00007f198db50000)
  eden space 1553984K, 100% used [0x00007f1438600000, 0x00007f1497390000, 0x00007f1497390000)
  from space 194240K,  54% used [0x00007f1497390000, 0x00007f149da55a88, 0x00007f14a3140000)
  to   space 194240K,   0% used [0x00007f14a3140000, 0x00007f14a3140000, 0x00007f14aeef0000)
 tenured generation   total 3884908K, used 3829008K [0x00007f198db50000, 0x00007f1a7ad2b000, 0x00007f2438600000)
   the space 3884908K,  98% used [0x00007f198db50000, 0x00007f1a77694288, 0x00007f1a77694400, 0x00007f1a7ad2b000)
 Metaspace       used 25058K, capacity 25493K, committed 25600K, reserved 26624K
}
Event: 10569.857 GC heap after
{Heap after GC invocations=18192 (full 4):
 def new generation   total 1748224K, used 105243K [0x00007f1438600000, 0x00007f14aeef0000, 0x00007f198db50000)
  eden space 1553984K,   0% used [0x00007f1438600000, 0x00007f1438600000, 0x00007f1497390000)
  from space 194240K,  54% used [0x00007f14a3140000, 0x00007f14a9806da0, 0x00007f14aeef0000)
  to   space 194240K,   0% used [0x00007f1497390000, 0x00007f1497390000, 0x00007f14a3140000)
 tenured generation   total 3884908K, used 3842173K [0x00007f198db50000, 0x00007f1a7ad2b000, 0x00007f2438600000)
   the space 3884908K,  98% used [0x00007f198db50000, 0x00007f1a7836f7f0, 0x00007f1a7836f800, 0x00007f1a7ad2b000)
 Metaspace       used 25058K, capacity 25493K, committed 25600K, reserved 26624K
}
Event: 10570.702 GC heap before
{Heap before GC invocations=18192 (full 4):
 def new generation   total 1748224K, used 1659227K [0x00007f1438600000, 0x00007f14aeef0000, 0x00007f198db50000)
  eden space 1553984K, 100% used [0x00007f1438600000, 0x00007f1497390000, 0x00007f1497390000)
  from space 194240K,  54% used [0x00007f14a3140000, 0x00007f14a9806da0, 0x00007f14aeef0000)
  to   space 194240K,   0% used [0x00007f1497390000, 0x00007f1497390000, 0x00007f14a3140000)
 tenured generation   total 3884908K, used 3842173K [0x00007f198db50000, 0x00007f1a7ad2b000, 0x00007f2438600000)
   the space 3884908K,  98% used [0x00007f198db50000, 0x00007f1a7836f7f0, 0x00007f1a7836f800, 0x00007f1a7ad2b000)
 Metaspace       used 25058K, capacity 25493K, committed 25600K, reserved 26624K
}
Event: 10570.846 GC heap after
{Heap after GC invocations=18193 (full 4):
 def new generation   total 1748224K, used 105234K [0x00007f1438600000, 0x00007f14aeef0000, 0x00007f198db50000)
  eden space 1553984K,   0% used [0x00007f1438600000, 0x00007f1438600000, 0x00007f1497390000)
  from space 194240K,  54% used [0x00007f1497390000, 0x00007f149da54978, 0x00007f14a3140000)
  to   space 194240K,   0% used [0x00007f14a3140000, 0x00007f14a3140000, 0x00007f14aeef0000)
 tenured generation   total 3884908K, used 3855312K [0x00007f198db50000, 0x00007f1a7ad2b000, 0x00007f2438600000)
   the space 3884908K,  99% used [0x00007f198db50000, 0x00007f1a79044308, 0x00007f1a79044400, 0x00007f1a7ad2b000)
 Metaspace       used 25058K, capacity 25493K, committed 25600K, reserved 26624K
}
Event: 10571.737 GC heap before
{Heap before GC invocations=18193 (full 4):
 def new generation   total 1748224K, used 1659218K [0x00007f1438600000, 0x00007f14aeef0000, 0x00007f198db50000)
  eden space 1553984K, 100% used [0x00007f1438600000, 0x00007f1497390000, 0x00007f1497390000)
  from space 194240K,  54% used [0x00007f1497390000, 0x00007f149da54978, 0x00007f14a3140000)
  to   space 194240K,   0% used [0x00007f14a3140000, 0x00007f14a3140000, 0x00007f14aeef0000)
 tenured generation   total 3884908K, used 3855312K [0x00007f198db50000, 0x00007f1a7ad2b000, 0x00007f2438600000)
   the space 3884908K,  99% used [0x00007f198db50000, 0x00007f1a79044308, 0x00007f1a79044400, 0x00007f1a7ad2b000)
 Metaspace       used 25058K, capacity 25493K, committed 25600K, reserved 26624K
}
Event: 10571.867 GC heap after
{Heap after GC invocations=18194 (full 4):
 def new generation   total 1748224K, used 105224K [0x00007f1438600000, 0x00007f14aeef0000, 0x00007f198db50000)
  eden space 1553984K,   0% used [0x00007f1438600000, 0x00007f1438600000, 0x00007f1497390000)
  from space 194240K,  54% used [0x00007f14a3140000, 0x00007f14a98021b0, 0x00007f14aeef0000)
  to   space 194240K,   0% used [0x00007f1497390000, 0x00007f1497390000, 0x00007f14a3140000)
 tenured generation   total 3884908K, used 3868451K [0x00007f198db50000, 0x00007f1a7ad2b000, 0x00007f2438600000)
   the space 3884908K,  99% used [0x00007f198db50000, 0x00007f1a79d18f40, 0x00007f1a79d19000, 0x00007f1a7ad2b000)
 Metaspace       used 25058K, capacity 25493K, committed 25600K, reserved 26624K
}
Event: 10572.754 GC heap before
{Heap before GC invocations=18194 (full 4):
 def new generation   total 1748224K, used 1659208K [0x00007f1438600000, 0x00007f14aeef0000, 0x00007f198db50000)
  eden space 1553984K, 100% used [0x00007f1438600000, 0x00007f1497390000, 0x00007f1497390000)
  from space 194240K,  54% used [0x00007f14a3140000, 0x00007f14a98021b0, 0x00007f14aeef0000)
  to   space 194240K,   0% used [0x00007f1497390000, 0x00007f1497390000, 0x00007f14a3140000)
 tenured generation   total 3884908K, used 3868451K [0x00007f198db50000, 0x00007f1a7ad2b000, 0x00007f2438600000)
   the space 3884908K,  99% used [0x00007f198db50000, 0x00007f1a79d18f40, 0x00007f1a79d19000, 0x00007f1a7ad2b000)
 Metaspace       used 25058K, capacity 25493K, committed 25600K, reserved 26624K
}
Event: 10572.897 GC heap after
{Heap after GC invocations=18195 (full 4):
 def new generation   total 1748224K, used 105192K [0x00007f1438600000, 0x00007f14aeef0000, 0x00007f198db50000)
  eden space 1553984K,   0% used [0x00007f1438600000, 0x00007f1438600000, 0x00007f1497390000)
  from space 194240K,  54% used [0x00007f1497390000, 0x00007f149da4a390, 0x00007f14a3140000)
  to   space 194240K,   0% used [0x00007f14a3140000, 0x00007f14a3140000, 0x00007f14aeef0000)
 tenured generation   total 3884908K, used 3881590K [0x00007f198db50000, 0x00007f1a7ad2b000, 0x00007f2438600000)
   the space 3884908K,  99% used [0x00007f198db50000, 0x00007f1a7a9eda58, 0x00007f1a7a9edc00, 0x00007f1a7ad2b000)
 Metaspace       used 25058K, capacity 25493K, committed 25600K, reserved 26624K
}
Event: 10573.733 GC heap before
{Heap before GC invocations=18195 (full 4):
 def new generation   total 1748224K, used 1659176K [0x00007f1438600000, 0x00007f14aeef0000, 0x00007f198db50000)
  eden space 1553984K, 100% used [0x00007f1438600000, 0x00007f1497390000, 0x00007f1497390000)
  from space 194240K,  54% used [0x00007f1497390000, 0x00007f149da4a390, 0x00007f14a3140000)
  to   space 194240K,   0% used [0x00007f14a3140000, 0x00007f14a3140000, 0x00007f14aeef0000)
 tenured generation   total 3884908K, used 3881590K [0x00007f198db50000, 0x00007f1a7ad2b000, 0x00007f2438600000)
   the space 3884908K,  99% used [0x00007f198db50000, 0x00007f1a7a9eda58, 0x00007f1a7a9edc00, 0x00007f1a7ad2b000)
 Metaspace       used 25058K, capacity 25493K, committed 25600K, reserved 26624K
}
Event: 10573.885 GC heap after
{Heap after GC invocations=18196 (full 4):
 def new generation   total 1748224K, used 105200K [0x00007f1438600000, 0x00007f14aeef0000, 0x00007f198db50000)
  eden space 1553984K,   0% used [0x00007f1438600000, 0x00007f1438600000, 0x00007f1497390000)
  from space 194240K,  54% used [0x00007f14a3140000, 0x00007f14a97fc278, 0x00007f14aeef0000)
  to   space 194240K,   0% used [0x00007f1497390000, 0x00007f1497390000, 0x00007f14a3140000)
 tenured generation   total 3894892K, used 3894755K [0x00007f198db50000, 0x00007f1a7b6eb000, 0x00007f2438600000)
   the space 3894892K,  99% used [0x00007f198db50000, 0x00007f1a7b6c8f30, 0x00007f1a7b6c9000, 0x00007f1a7b6eb000)
 Metaspace       used 25058K, capacity 25493K, committed 25600K, reserved 26624K
}
Event: 10573.885 GC heap before
{Heap before GC invocations=18196 (full 4):
 def new generation   total 1748224K, used 105200K [0x00007f1438600000, 0x00007f14aeef0000, 0x00007f198db50000)
  eden space 1553984K,   0% used [0x00007f1438600000, 0x00007f1438600000, 0x00007f1497390000)
  from space 194240K,  54% used [0x00007f14a3140000, 0x00007f14a97fc278, 0x00007f14aeef0000)
  to   space 194240K,   0% used [0x00007f1497390000, 0x00007f1497390000, 0x00007f14a3140000)
 tenured generation   total 3894892K, used 3894755K [0x00007f198db50000, 0x00007f1a7b6eb000, 0x00007f2438600000)
   the space 3894892K,  99% used [0x00007f198db50000, 0x00007f1a7b6c8f30, 0x00007f1a7b6c9000, 0x00007f1a7b6eb000)
 Metaspace       used 25058K, capacity 25493K, committed 25600K, reserved 26624K
}

