# JRE version: OpenJDK Runtime Environment (13.0.7+5) (build 13.0.7+5-Ubuntu-0ubuntu120.04)
# Java VM: OpenJDK 64-Bit Server VM (13.0.7+5-Ubuntu-0ubuntu120.04, mixed mode, tiered, serial gc, linux-amd64)
Heap:
 def new generation   total 5209280K, used 578649K [0x00007fd690600000, 0x00007fd7f1a60000, 0x00007fdbe5b50000)
  eden space 4630528K,  12% used [0x00007fd690600000, 0x00007fd6b3b166c0, 0x00007fd7ab000000)
  from space 578752K,   0% used [0x00007fd7ce530000, 0x00007fd7ce530000, 0x00007fd7f1a60000)
  to   space 578752K,   0% used [0x00007fd7ab000000, 0x00007fd7ab000000, 0x00007fd7ce530000)
 tenured generation   total 13473384K, used 13473383K [0x00007fdbe5b50000, 0x00007fdf1c0ea000, 0x00007fe690600000)
   the space 13473384K,  99% used [0x00007fdbe5b50000, 0x00007fdf1c0e9f98, 0x00007fdf1c0ea000, 0x00007fdf1c0ea000)
 Metaspace       used 31673K, capacity 32124K, committed 32512K, reserved 32768K
GC Heap History (20 events):
Event: 13.182 GC heap after
{Heap after GC invocations=6 (full 2):
 def new generation   total 1155840K, used 128383K [0x00007fd690600000, 0x00007fd6dec20000, 0x00007fdbe5b50000)
  eden space 1027456K,   0% used [0x00007fd690600000, 0x00007fd690600000, 0x00007fd6cf160000)
  from space 128384K,  99% used [0x00007fd6d6ec0000, 0x00007fd6dec1fe60, 0x00007fd6dec20000)
  to   space 128384K,   0% used [0x00007fd6cf160000, 0x00007fd6cf160000, 0x00007fd6d6ec0000)
 tenured generation   total 2568320K, used 2429756K [0x00007fdbe5b50000, 0x00007fdc82770000, 0x00007fe690600000)
   the space 2568320K,  94% used [0x00007fdbe5b50000, 0x00007fdc7a01f030, 0x00007fdc7a01f200, 0x00007fdc82770000)
 Metaspace       used 31673K, capacity 32124K, committed 32512K, reserved 32768K
}
Event: 13.936 GC heap before
{Heap before GC invocations=6 (full 2):
 def new generation   total 1155840K, used 1155839K [0x00007fd690600000, 0x00007fd6dec20000, 0x00007fdbe5b50000)
  eden space 1027456K, 100% used [0x00007fd690600000, 0x00007fd6cf160000, 0x00007fd6cf160000)
  from space 128384K,  99% used [0x00007fd6d6ec0000, 0x00007fd6dec1fe60, 0x00007fd6dec20000)
  to   space 128384K,   0% used [0x00007fd6cf160000, 0x00007fd6cf160000, 0x00007fd6d6ec0000)
 tenured generation   total 2568320K, used 2429756K [0x00007fdbe5b50000, 0x00007fdc82770000, 0x00007fe690600000)
   the space 2568320K,  94% used [0x00007fdbe5b50000, 0x00007fdc7a01f030, 0x00007fdc7a01f200, 0x00007fdc82770000)
 Metaspace       used 31673K, capacity 32124K, committed 32512K, reserved 32768K
}
Event: 15.543 GC heap after
{Heap after GC invocations=7 (full 2):
 def new generation   total 1155840K, used 128383K [0x00007fd690600000, 0x00007fd6dec20000, 0x00007fdbe5b50000)
  eden space 1027456K,   0% used [0x00007fd690600000, 0x00007fd690600000, 0x00007fd6cf160000)
  from space 128384K,  99% used [0x00007fd6cf160000, 0x00007fd6d6ebfe10, 0x00007fd6d6ec0000)
  to   space 128384K,   0% used [0x00007fd6d6ec0000, 0x00007fd6d6ec0000, 0x00007fd6dec20000)
 tenured generation   total 3457280K, used 3457155K [0x00007fdbe5b50000, 0x00007fdcb8b90000, 0x00007fe690600000)
   the space 3457280K,  99% used [0x00007fdbe5b50000, 0x00007fdcb8b70c40, 0x00007fdcb8b70e00, 0x00007fdcb8b90000)
 Metaspace       used 31673K, capacity 32124K, committed 32512K, reserved 32768K
}
Event: 15.543 GC heap before
{Heap before GC invocations=7 (full 2):
 def new generation   total 1155840K, used 128383K [0x00007fd690600000, 0x00007fd6dec20000, 0x00007fdbe5b50000)
  eden space 1027456K,   0% used [0x00007fd690600000, 0x00007fd690600000, 0x00007fd6cf160000)
  from space 128384K,  99% used [0x00007fd6cf160000, 0x00007fd6d6ebfe10, 0x00007fd6d6ec0000)
  to   space 128384K,   0% used [0x00007fd6d6ec0000, 0x00007fd6d6ec0000, 0x00007fd6dec20000)
 tenured generation   total 3457280K, used 3457155K [0x00007fdbe5b50000, 0x00007fdcb8b90000, 0x00007fe690600000)
   the space 3457280K,  99% used [0x00007fdbe5b50000, 0x00007fdcb8b70c40, 0x00007fdcb8b70e00, 0x00007fdcb8b90000)
 Metaspace       used 31673K, capacity 32124K, committed 32512K, reserved 32768K
}
Event: 17.298 GC heap after
{Heap after GC invocations=7 (full 3):
 def new generation   total 2593024K, used 128258K [0x00007fd690600000, 0x00007fd740390000, 0x00007fdbe5b50000)
  eden space 2304960K,   5% used [0x00007fd690600000, 0x00007fd698340bc0, 0x00007fd71d0f0000)
  from space 288064K,   0% used [0x00007fd71d0f0000, 0x00007fd71d0f0000, 0x00007fd72ea40000)
  to   space 288064K,   0% used [0x00007fd72ea40000, 0x00007fd72ea40000, 0x00007fd740390000)
 tenured generation   total 5762136K, used 3457279K [0x00007fdbe5b50000, 0x00007fdd45666000, 0x00007fe690600000)
   the space 5762136K,  59% used [0x00007fdbe5b50000, 0x00007fdcb8b8fe90, 0x00007fdcb8b90000, 0x00007fdd45666000)
 Metaspace       used 31673K, capacity 32124K, committed 32512K, reserved 32768K
}
Event: 23.503 GC heap before
{Heap before GC invocations=7 (full 3):
 def new generation   total 2593024K, used 2304960K [0x00007fd690600000, 0x00007fd740390000, 0x00007fdbe5b50000)
  eden space 2304960K, 100% used [0x00007fd690600000, 0x00007fd71d0f0000, 0x00007fd71d0f0000)
  from space 288064K,   0% used [0x00007fd71d0f0000, 0x00007fd71d0f0000, 0x00007fd72ea40000)
  to   space 288064K,   0% used [0x00007fd72ea40000, 0x00007fd72ea40000, 0x00007fd740390000)
 tenured generation   total 5762136K, used 3457279K [0x00007fdbe5b50000, 0x00007fdd45666000, 0x00007fe690600000)
   the space 5762136K,  59% used [0x00007fdbe5b50000, 0x00007fdcb8b8fe90, 0x00007fdcb8b90000, 0x00007fdd45666000)
 Metaspace       used 31673K, capacity 32124K, committed 32512K, reserved 32768K
}
Event: 24.068 GC heap after
{Heap after GC invocations=8 (full 3):
 def new generation   total 2593024K, used 288063K [0x00007fd690600000, 0x00007fd740390000, 0x00007fdbe5b50000)
  eden space 2304960K,   0% used [0x00007fd690600000, 0x00007fd690600000, 0x00007fd71d0f0000)
  from space 288064K,  99% used [0x00007fd72ea40000, 0x00007fd74038ffe8, 0x00007fd740390000)
  to   space 288064K,   0% used [0x00007fd71d0f0000, 0x00007fd71d0f0000, 0x00007fd72ea40000)
 tenured generation   total 5762136K, used 3533525K [0x00007fdbe5b50000, 0x00007fdd45666000, 0x00007fe690600000)
   the space 5762136K,  61% used [0x00007fdbe5b50000, 0x00007fdcbd6056b8, 0x00007fdcbd605800, 0x00007fdd45666000)
 Metaspace       used 31673K, capacity 32124K, committed 32512K, reserved 32768K
}
Event: 27.088 GC heap before
{Heap before GC invocations=8 (full 3):
 def new generation   total 2593024K, used 2593023K [0x00007fd690600000, 0x00007fd740390000, 0x00007fdbe5b50000)
  eden space 2304960K, 100% used [0x00007fd690600000, 0x00007fd71d0f0000, 0x00007fd71d0f0000)
  from space 288064K,  99% used [0x00007fd72ea40000, 0x00007fd74038ffe8, 0x00007fd740390000)
  to   space 288064K,   0% used [0x00007fd71d0f0000, 0x00007fd71d0f0000, 0x00007fd72ea40000)
 tenured generation   total 5762136K, used 3533525K [0x00007fdbe5b50000, 0x00007fdd45666000, 0x00007fe690600000)
   the space 5762136K,  61% used [0x00007fdbe5b50000, 0x00007fdcbd6056b8, 0x00007fdcbd605800, 0x00007fdd45666000)
 Metaspace       used 31673K, capacity 32124K, committed 32512K, reserved 32768K
}
Event: 29.612 GC heap after
{Heap after GC invocations=9 (full 3):
 def new generation   total 2593024K, used 288063K [0x00007fd690600000, 0x00007fd740390000, 0x00007fdbe5b50000)
  eden space 2304960K,   0% used [0x00007fd690600000, 0x00007fd690600000, 0x00007fd71d0f0000)
  from space 288064K,  99% used [0x00007fd71d0f0000, 0x00007fd72ea3fed8, 0x00007fd72ea40000)
  to   space 288064K,   0% used [0x00007fd72ea40000, 0x00007fd72ea40000, 0x00007fd740390000)
 tenured generation   total 5762136K, used 5270264K [0x00007fdbe5b50000, 0x00007fdd45666000, 0x00007fe690600000)
   the space 5762136K,  91% used [0x00007fdbe5b50000, 0x00007fdd2760e058, 0x00007fdd2760e200, 0x00007fdd45666000)
 Metaspace       used 31673K, capacity 32124K, committed 32512K, reserved 32768K
}
Event: 32.722 GC heap before
{Heap before GC invocations=9 (full 3):
 def new generation   total 2593024K, used 2593023K [0x00007fd690600000, 0x00007fd740390000, 0x00007fdbe5b50000)
  eden space 2304960K, 100% used [0x00007fd690600000, 0x00007fd71d0f0000, 0x00007fd71d0f0000)
  from space 288064K,  99% used [0x00007fd71d0f0000, 0x00007fd72ea3fed8, 0x00007fd72ea40000)
  to   space 288064K,   0% used [0x00007fd72ea40000, 0x00007fd72ea40000, 0x00007fd740390000)
 tenured generation   total 5762136K, used 5270264K [0x00007fdbe5b50000, 0x00007fdd45666000, 0x00007fe690600000)
   the space 5762136K,  91% used [0x00007fdbe5b50000, 0x00007fdd2760e058, 0x00007fdd2760e200, 0x00007fdd45666000)
 Metaspace       used 31673K, capacity 32124K, committed 32512K, reserved 32768K
}
Event: 35.254 GC heap after
{Heap after GC invocations=10 (full 3):
 def new generation   total 2593024K, used 288063K [0x00007fd690600000, 0x00007fd740390000, 0x00007fdbe5b50000)
  eden space 2304960K,   0% used [0x00007fd690600000, 0x00007fd690600000, 0x00007fd71d0f0000)
  from space 288064K,  99% used [0x00007fd72ea40000, 0x00007fd74038ffa0, 0x00007fd740390000)
  to   space 288064K,   0% used [0x00007fd71d0f0000, 0x00007fd71d0f0000, 0x00007fd72ea40000)
 tenured generation   total 6945624K, used 6945493K [0x00007fdbe5b50000, 0x00007fdd8da26000, 0x00007fe690600000)
   the space 6945624K,  99% used [0x00007fdbe5b50000, 0x00007fdd8da056d0, 0x00007fdd8da05800, 0x00007fdd8da26000)
 Metaspace       used 31673K, capacity 32124K, committed 32512K, reserved 32768K
}
Event: 35.254 GC heap before
{Heap before GC invocations=10 (full 3):
 def new generation   total 2593024K, used 288063K [0x00007fd690600000, 0x00007fd740390000, 0x00007fdbe5b50000)
  eden space 2304960K,   0% used [0x00007fd690600000, 0x00007fd690600000, 0x00007fd71d0f0000)
  from space 288064K,  99% used [0x00007fd72ea40000, 0x00007fd74038ffa0, 0x00007fd740390000)
  to   space 288064K,   0% used [0x00007fd71d0f0000, 0x00007fd71d0f0000, 0x00007fd72ea40000)
 tenured generation   total 6945624K, used 6945493K [0x00007fdbe5b50000, 0x00007fdd8da26000, 0x00007fe690600000)
   the space 6945624K,  99% used [0x00007fdbe5b50000, 0x00007fdd8da056d0, 0x00007fdd8da05800, 0x00007fdd8da26000)
 Metaspace       used 31673K, capacity 32124K, committed 32512K, reserved 32768K
}
Event: 41.937 GC heap after
{Heap after GC invocations=10 (full 4):
 def new generation   total 5209280K, used 282473K [0x00007fd690600000, 0x00007fd7f1a60000, 0x00007fdbe5b50000)
  eden space 4630528K,   6% used [0x00007fd690600000, 0x00007fd6a19da648, 0x00007fd7ab000000)
  from space 578752K,   0% used [0x00007fd7ab000000, 0x00007fd7ab000000, 0x00007fd7ce530000)
  to   space 578752K,   0% used [0x00007fd7ce530000, 0x00007fd7ce530000, 0x00007fd7f1a60000)
 tenured generation   total 11576040K, used 6945623K [0x00007fdbe5b50000, 0x00007fdea840a000, 0x00007fe690600000)
   the space 11576040K,  59% used [0x00007fdbe5b50000, 0x00007fdd8da25f08, 0x00007fdd8da26000, 0x00007fdea840a000)
 Metaspace       used 31673K, capacity 32124K, committed 32512K, reserved 32768K
}
Event: 49.764 GC heap before
{Heap before GC invocations=10 (full 4):
 def new generation   total 5209280K, used 4630528K [0x00007fd690600000, 0x00007fd7f1a60000, 0x00007fdbe5b50000)
  eden space 4630528K, 100% used [0x00007fd690600000, 0x00007fd7ab000000, 0x00007fd7ab000000)
  from space 578752K,   0% used [0x00007fd7ab000000, 0x00007fd7ab000000, 0x00007fd7ce530000)
  to   space 578752K,   0% used [0x00007fd7ce530000, 0x00007fd7ce530000, 0x00007fd7f1a60000)
 tenured generation   total 11576040K, used 6945623K [0x00007fdbe5b50000, 0x00007fdea840a000, 0x00007fe690600000)
   the space 11576040K,  59% used [0x00007fdbe5b50000, 0x00007fdd8da25f08, 0x00007fdd8da26000, 0x00007fdea840a000)
 Metaspace       used 31673K, capacity 32124K, committed 32512K, reserved 32768K
}
Event: 54.193 GC heap after
{Heap after GC invocations=11 (full 4):
 def new generation   total 5209280K, used 578751K [0x00007fd690600000, 0x00007fd7f1a60000, 0x00007fdbe5b50000)
  eden space 4630528K,   0% used [0x00007fd690600000, 0x00007fd690600000, 0x00007fd7ab000000)
  from space 578752K,  99% used [0x00007fd7ce530000, 0x00007fd7f1a5fe58, 0x00007fd7f1a60000)
  to   space 578752K,   0% used [0x00007fd7ab000000, 0x00007fd7ab000000, 0x00007fd7ce530000)
 tenured generation   total 11576040K, used 9118251K [0x00007fdbe5b50000, 0x00007fdea840a000, 0x00007fe690600000)
   the space 11576040K,  78% used [0x00007fdbe5b50000, 0x00007fde123dae68, 0x00007fde123db000, 0x00007fdea840a000)
 Metaspace       used 31673K, capacity 32124K, committed 32512K, reserved 32768K
}
Event: 64.052 GC heap before
{Heap before GC invocations=11 (full 4):
 def new generation   total 5209280K, used 5209279K [0x00007fd690600000, 0x00007fd7f1a60000, 0x00007fdbe5b50000)
  eden space 4630528K, 100% used [0x00007fd690600000, 0x00007fd7ab000000, 0x00007fd7ab000000)
  from space 578752K,  99% used [0x00007fd7ce530000, 0x00007fd7f1a5fe58, 0x00007fd7f1a60000)
  to   space 578752K,   0% used [0x00007fd7ab000000, 0x00007fd7ab000000, 0x00007fd7ce530000)
 tenured generation   total 11576040K, used 9118251K [0x00007fdbe5b50000, 0x00007fdea840a000, 0x00007fe690600000)
   the space 11576040K,  78% used [0x00007fdbe5b50000, 0x00007fde123dae68, 0x00007fde123db000, 0x00007fdea840a000)
 Metaspace       used 31673K, capacity 32124K, committed 32512K, reserved 32768K
}
Event: 67.912 GC heap after
{Heap after GC invocations=12 (full 4):
 def new generation   total 5209280K, used 578751K [0x00007fd690600000, 0x00007fd7f1a60000, 0x00007fdbe5b50000)
  eden space 4630528K,   0% used [0x00007fd690600000, 0x00007fd690600000, 0x00007fd7ab000000)
  from space 578752K,  99% used [0x00007fd7ab000000, 0x00007fd7ce52fe58, 0x00007fd7ce530000)
  to   space 578752K,   0% used [0x00007fd7ce530000, 0x00007fd7ce530000, 0x00007fd7f1a60000)
 tenured generation   total 11576040K, used 11239940K [0x00007fdbe5b50000, 0x00007fdea840a000, 0x00007fe690600000)
   the space 11576040K,  97% used [0x00007fdbe5b50000, 0x00007fde93bd13d0, 0x00007fde93bd1400, 0x00007fdea840a000)
 Metaspace       used 31673K, capacity 32124K, committed 32512K, reserved 32768K
}
Event: 76.610 GC heap before
{Heap before GC invocations=12 (full 4):
 def new generation   total 5209280K, used 5209279K [0x00007fd690600000, 0x00007fd7f1a60000, 0x00007fdbe5b50000)
  eden space 4630528K, 100% used [0x00007fd690600000, 0x00007fd7ab000000, 0x00007fd7ab000000)
  from space 578752K,  99% used [0x00007fd7ab000000, 0x00007fd7ce52fe58, 0x00007fd7ce530000)
  to   space 578752K,   0% used [0x00007fd7ce530000, 0x00007fd7ce530000, 0x00007fd7f1a60000)
 tenured generation   total 11576040K, used 11239940K [0x00007fdbe5b50000, 0x00007fdea840a000, 0x00007fe690600000)
   the space 11576040K,  97% used [0x00007fdbe5b50000, 0x00007fde93bd13d0, 0x00007fde93bd1400, 0x00007fdea840a000)
 Metaspace       used 31673K, capacity 32124K, committed 32512K, reserved 32768K
}
Event: 80.309 GC heap after
{Heap after GC invocations=13 (full 4):
 def new generation   total 5209280K, used 578751K [0x00007fd690600000, 0x00007fd7f1a60000, 0x00007fdbe5b50000)
  eden space 4630528K,   0% used [0x00007fd690600000, 0x00007fd690600000, 0x00007fd7ab000000)
  from space 578752K,  99% used [0x00007fd7ce530000, 0x00007fd7f1a5ffe0, 0x00007fd7f1a60000)
  to   space 578752K,   0% used [0x00007fd7ab000000, 0x00007fd7ab000000, 0x00007fd7ce530000)
 tenured generation   total 13473384K, used 13473281K [0x00007fdbe5b50000, 0x00007fdf1c0ea000, 0x00007fe690600000)
   the space 13473384K,  99% used [0x00007fdbe5b50000, 0x00007fdf1c0d0678, 0x00007fdf1c0d0800, 0x00007fdf1c0ea000)
 Metaspace       used 31673K, capacity 32124K, committed 32512K, reserved 32768K
}
Event: 80.309 GC heap before
{Heap before GC invocations=13 (full 4):
 def new generation   total 5209280K, used 578751K [0x00007fd690600000, 0x00007fd7f1a60000, 0x00007fdbe5b50000)
  eden space 4630528K,   0% used [0x00007fd690600000, 0x00007fd690600000, 0x00007fd7ab000000)
  from space 578752K,  99% used [0x00007fd7ce530000, 0x00007fd7f1a5ffe0, 0x00007fd7f1a60000)
  to   space 578752K,   0% used [0x00007fd7ab000000, 0x00007fd7ab000000, 0x00007fd7ce530000)
 tenured generation   total 13473384K, used 13473281K [0x00007fdbe5b50000, 0x00007fdf1c0ea000, 0x00007fe690600000)
   the space 13473384K,  99% used [0x00007fdbe5b50000, 0x00007fdf1c0d0678, 0x00007fdf1c0d0800, 0x00007fdf1c0ea000)
 Metaspace       used 31673K, capacity 32124K, committed 32512K, reserved 32768K
}

