# JRE version: OpenJDK Runtime Environment (13.0.7+5) (build 13.0.7+5-Ubuntu-0ubuntu120.04)
# Java VM: OpenJDK 64-Bit Server VM (13.0.7+5-Ubuntu-0ubuntu120.04, mixed mode, tiered, serial gc, linux-amd64)
Heap:
 def new generation   total 3940224K, used 437687K [0x00007f02cc600000, 0x00007f03d7960000, 0x00007f0821b50000)
  eden space 3502464K,  12% used [0x00007f02cc600000, 0x00007f02e716dd80, 0x00007f03a2260000)
  from space 437760K,   0% used [0x00007f03a2260000, 0x00007f03a2260000, 0x00007f03bcde0000)
  to   space 437760K,   0% used [0x00007f03bcde0000, 0x00007f03bcde0000, 0x00007f03d7960000)
 tenured generation   total 9278328K, used 9278327K [0x00007f0821b50000, 0x00007f0a5802e000, 0x00007f12cc600000)
   the space 9278328K,  99% used [0x00007f0821b50000, 0x00007f0a5802dde8, 0x00007f0a5802de00, 0x00007f0a5802e000)
 Metaspace       used 31703K, capacity 32193K, committed 32512K, reserved 32768K
GC Heap History (20 events):
Event: 7.881 GC heap after
{Heap after GC invocations=5 (full 1):
 def new generation   total 629248K, used 69887K [0x00007f02cc600000, 0x00007f02f70c0000, 0x00007f0821b50000)
  eden space 559360K,   0% used [0x00007f02cc600000, 0x00007f02cc600000, 0x00007f02ee840000)
  from space 69888K,  99% used [0x00007f02ee840000, 0x00007f02f2c7fff0, 0x00007f02f2c80000)
  to   space 69888K,   0% used [0x00007f02f2c80000, 0x00007f02f2c80000, 0x00007f02f70c0000)
 tenured generation   total 1680000K, used 1679945K [0x00007f0821b50000, 0x00007f08883f0000, 0x00007f12cc600000)
   the space 1680000K,  99% used [0x00007f0821b50000, 0x00007f08883e27b8, 0x00007f08883e2800, 0x00007f08883f0000)
 Metaspace       used 31701K, capacity 32193K, committed 32512K, reserved 32768K
}
Event: 7.881 GC heap before
{Heap before GC invocations=5 (full 1):
 def new generation   total 629248K, used 69887K [0x00007f02cc600000, 0x00007f02f70c0000, 0x00007f0821b50000)
  eden space 559360K,   0% used [0x00007f02cc600000, 0x00007f02cc600000, 0x00007f02ee840000)
  from space 69888K,  99% used [0x00007f02ee840000, 0x00007f02f2c7fff0, 0x00007f02f2c80000)
  to   space 69888K,   0% used [0x00007f02f2c80000, 0x00007f02f2c80000, 0x00007f02f70c0000)
 tenured generation   total 1680000K, used 1679945K [0x00007f0821b50000, 0x00007f08883f0000, 0x00007f12cc600000)
   the space 1680000K,  99% used [0x00007f0821b50000, 0x00007f08883e27b8, 0x00007f08883e2800, 0x00007f08883f0000)
 Metaspace       used 31701K, capacity 32193K, committed 32512K, reserved 32768K
}
Event: 8.432 GC heap after
{Heap after GC invocations=5 (full 2):
 def new generation   total 1260096K, used 69834K [0x00007f02cc600000, 0x00007f0321d40000, 0x00007f0821b50000)
  eden space 1120128K,   6% used [0x00007f02cc600000, 0x00007f02d0a329e8, 0x00007f0310be0000)
  from space 139968K,   0% used [0x00007f0310be0000, 0x00007f0310be0000, 0x00007f0319490000)
  to   space 139968K,   0% used [0x00007f0319490000, 0x00007f0319490000, 0x00007f0321d40000)
 tenured generation   total 2800000K, used 1679999K [0x00007f0821b50000, 0x00007f08cc9b0000, 0x00007f12cc600000)
   the space 2800000K,  59% used [0x00007f0821b50000, 0x00007f08883efdc0, 0x00007f08883efe00, 0x00007f08cc9b0000)
 Metaspace       used 31701K, capacity 32193K, committed 32512K, reserved 32768K
}
Event: 10.631 GC heap before
{Heap before GC invocations=5 (full 2):
 def new generation   total 1260096K, used 1120128K [0x00007f02cc600000, 0x00007f0321d40000, 0x00007f0821b50000)
  eden space 1120128K, 100% used [0x00007f02cc600000, 0x00007f0310be0000, 0x00007f0310be0000)
  from space 139968K,   0% used [0x00007f0310be0000, 0x00007f0310be0000, 0x00007f0319490000)
  to   space 139968K,   0% used [0x00007f0319490000, 0x00007f0319490000, 0x00007f0321d40000)
 tenured generation   total 2800000K, used 1679999K [0x00007f0821b50000, 0x00007f08cc9b0000, 0x00007f12cc600000)
   the space 2800000K,  59% used [0x00007f0821b50000, 0x00007f08883efdc0, 0x00007f08883efe00, 0x00007f08cc9b0000)
 Metaspace       used 31703K, capacity 32193K, committed 32512K, reserved 32768K
}
Event: 11.011 GC heap after
{Heap after GC invocations=6 (full 2):
 def new generation   total 1260096K, used 139967K [0x00007f02cc600000, 0x00007f0321d40000, 0x00007f0821b50000)
  eden space 1120128K,   0% used [0x00007f02cc600000, 0x00007f02cc600000, 0x00007f0310be0000)
  from space 139968K,  99% used [0x00007f0319490000, 0x00007f0321d3fe08, 0x00007f0321d40000)
  to   space 139968K,   0% used [0x00007f0310be0000, 0x00007f0310be0000, 0x00007f0319490000)
 tenured generation   total 2800000K, used 1908582K [0x00007f0821b50000, 0x00007f08cc9b0000, 0x00007f12cc600000)
   the space 2800000K,  68% used [0x00007f0821b50000, 0x00007f08963298a0, 0x00007f0896329a00, 0x00007f08cc9b0000)
 Metaspace       used 31703K, capacity 32193K, committed 32512K, reserved 32768K
}
Event: 11.449 GC heap before
{Heap before GC invocations=6 (full 2):
 def new generation   total 1260096K, used 1260095K [0x00007f02cc600000, 0x00007f0321d40000, 0x00007f0821b50000)
  eden space 1120128K, 100% used [0x00007f02cc600000, 0x00007f0310be0000, 0x00007f0310be0000)
  from space 139968K,  99% used [0x00007f0319490000, 0x00007f0321d3fe08, 0x00007f0321d40000)
  to   space 139968K,   0% used [0x00007f0310be0000, 0x00007f0310be0000, 0x00007f0319490000)
 tenured generation   total 2800000K, used 1908582K [0x00007f0821b50000, 0x00007f08cc9b0000, 0x00007f12cc600000)
   the space 2800000K,  68% used [0x00007f0821b50000, 0x00007f08963298a0, 0x00007f0896329a00, 0x00007f08cc9b0000)
 Metaspace       used 31703K, capacity 32193K, committed 32512K, reserved 32768K
}
Event: 12.407 GC heap after
{Heap after GC invocations=7 (full 2):
 def new generation   total 1260096K, used 139967K [0x00007f02cc600000, 0x00007f0321d40000, 0x00007f0821b50000)
  eden space 1120128K,   0% used [0x00007f02cc600000, 0x00007f02cc600000, 0x00007f0310be0000)
  from space 139968K,  99% used [0x00007f0310be0000, 0x00007f031948ff78, 0x00007f0319490000)
  to   space 139968K,   0% used [0x00007f0319490000, 0x00007f0319490000, 0x00007f0321d40000)
 tenured generation   total 2978560K, used 2978442K [0x00007f0821b50000, 0x00007f08d7810000, 0x00007f12cc600000)
   the space 2978560K,  99% used [0x00007f0821b50000, 0x00007f08d77f2ad0, 0x00007f08d77f2c00, 0x00007f08d7810000)
 Metaspace       used 31703K, capacity 32193K, committed 32512K, reserved 32768K
}
Event: 12.407 GC heap before
{Heap before GC invocations=7 (full 2):
 def new generation   total 1260096K, used 139967K [0x00007f02cc600000, 0x00007f0321d40000, 0x00007f0821b50000)
  eden space 1120128K,   0% used [0x00007f02cc600000, 0x00007f02cc600000, 0x00007f0310be0000)
  from space 139968K,  99% used [0x00007f0310be0000, 0x00007f031948ff78, 0x00007f0319490000)
  to   space 139968K,   0% used [0x00007f0319490000, 0x00007f0319490000, 0x00007f0321d40000)
 tenured generation   total 2978560K, used 2978442K [0x00007f0821b50000, 0x00007f08d7810000, 0x00007f12cc600000)
   the space 2978560K,  99% used [0x00007f0821b50000, 0x00007f08d77f2ad0, 0x00007f08d77f2c00, 0x00007f08d7810000)
 Metaspace       used 31703K, capacity 32193K, committed 32512K, reserved 32768K
}
Event: 13.200 GC heap after
{Heap after GC invocations=7 (full 3):
 def new generation   total 2233984K, used 139850K [0x00007f02cc600000, 0x00007f0363e00000, 0x00007f0821b50000)
  eden space 1985792K,   7% used [0x00007f02cc600000, 0x00007f02d4e92ac0, 0x00007f0345940000)
  from space 248192K,   0% used [0x00007f0345940000, 0x00007f0345940000, 0x00007f0354ba0000)
  to   space 248192K,   0% used [0x00007f0354ba0000, 0x00007f0354ba0000, 0x00007f0363e00000)
 tenured generation   total 4964268K, used 2978559K [0x00007f0821b50000, 0x00007f0950b3b000, 0x00007f12cc600000)
   the space 4964268K,  59% used [0x00007f0821b50000, 0x00007f08d780ff88, 0x00007f08d7810000, 0x00007f0950b3b000)
 Metaspace       used 31703K, capacity 32193K, committed 32512K, reserved 32768K
}
Event: 15.486 GC heap before
{Heap before GC invocations=7 (full 3):
 def new generation   total 2233984K, used 1985792K [0x00007f02cc600000, 0x00007f0363e00000, 0x00007f0821b50000)
  eden space 1985792K, 100% used [0x00007f02cc600000, 0x00007f0345940000, 0x00007f0345940000)
  from space 248192K,   0% used [0x00007f0345940000, 0x00007f0345940000, 0x00007f0354ba0000)
  to   space 248192K,   0% used [0x00007f0354ba0000, 0x00007f0354ba0000, 0x00007f0363e00000)
 tenured generation   total 4964268K, used 2978559K [0x00007f0821b50000, 0x00007f0950b3b000, 0x00007f12cc600000)
   the space 4964268K,  59% used [0x00007f0821b50000, 0x00007f08d780ff88, 0x00007f08d7810000, 0x00007f0950b3b000)
 Metaspace       used 31703K, capacity 32193K, committed 32512K, reserved 32768K
}
Event: 17.099 GC heap after
{Heap after GC invocations=8 (full 3):
 def new generation   total 2233984K, used 248191K [0x00007f02cc600000, 0x00007f0363e00000, 0x00007f0821b50000)
  eden space 1985792K,   0% used [0x00007f02cc600000, 0x00007f02cc600000, 0x00007f0345940000)
  from space 248192K,  99% used [0x00007f0354ba0000, 0x00007f0363dffeb0, 0x00007f0363e00000)
  to   space 248192K,   0% used [0x00007f0345940000, 0x00007f0345940000, 0x00007f0354ba0000)
 tenured generation   total 4964268K, used 4019828K [0x00007f0821b50000, 0x00007f0950b3b000, 0x00007f12cc600000)
   the space 4964268K,  80% used [0x00007f0821b50000, 0x00007f09170ed2f0, 0x00007f09170ed400, 0x00007f0950b3b000)
 Metaspace       used 31703K, capacity 32193K, committed 32512K, reserved 32768K
}
Event: 19.652 GC heap before
{Heap before GC invocations=8 (full 3):
 def new generation   total 2233984K, used 2233983K [0x00007f02cc600000, 0x00007f0363e00000, 0x00007f0821b50000)
  eden space 1985792K, 100% used [0x00007f02cc600000, 0x00007f0345940000, 0x00007f0345940000)
  from space 248192K,  99% used [0x00007f0354ba0000, 0x00007f0363dffeb0, 0x00007f0363e00000)
  to   space 248192K,   0% used [0x00007f0345940000, 0x00007f0345940000, 0x00007f0354ba0000)
 tenured generation   total 4964268K, used 4019828K [0x00007f0821b50000, 0x00007f0950b3b000, 0x00007f12cc600000)
   the space 4964268K,  80% used [0x00007f0821b50000, 0x00007f09170ed2f0, 0x00007f09170ed400, 0x00007f0950b3b000)
 Metaspace       used 31703K, capacity 32193K, committed 32512K, reserved 32768K
}
Event: 20.816 GC heap after
{Heap after GC invocations=9 (full 3):
 def new generation   total 2233984K, used 248191K [0x00007f02cc600000, 0x00007f0363e00000, 0x00007f0821b50000)
  eden space 1985792K,   0% used [0x00007f02cc600000, 0x00007f02cc600000, 0x00007f0345940000)
  from space 248192K,  99% used [0x00007f0345940000, 0x00007f0354b9fe68, 0x00007f0354ba0000)
  to   space 248192K,   0% used [0x00007f0354ba0000, 0x00007f0354ba0000, 0x00007f0363e00000)
 tenured generation   total 5259180K, used 5259062K [0x00007f0821b50000, 0x00007f0962b3b000, 0x00007f12cc600000)
   the space 5259180K,  99% used [0x00007f0821b50000, 0x00007f0962b1dae8, 0x00007f0962b1dc00, 0x00007f0962b3b000)
 Metaspace       used 31703K, capacity 32193K, committed 32512K, reserved 32768K
}
Event: 20.816 GC heap before
{Heap before GC invocations=9 (full 3):
 def new generation   total 2233984K, used 248191K [0x00007f02cc600000, 0x00007f0363e00000, 0x00007f0821b50000)
  eden space 1985792K,   0% used [0x00007f02cc600000, 0x00007f02cc600000, 0x00007f0345940000)
  from space 248192K,  99% used [0x00007f0345940000, 0x00007f0354b9fe68, 0x00007f0354ba0000)
  to   space 248192K,   0% used [0x00007f0354ba0000, 0x00007f0354ba0000, 0x00007f0363e00000)
 tenured generation   total 5259180K, used 5259062K [0x00007f0821b50000, 0x00007f0962b3b000, 0x00007f12cc600000)
   the space 5259180K,  99% used [0x00007f0821b50000, 0x00007f0962b1dae8, 0x00007f0962b1dc00, 0x00007f0962b3b000)
 Metaspace       used 31703K, capacity 32193K, committed 32512K, reserved 32768K
}
Event: 23.472 GC heap after
{Heap after GC invocations=9 (full 4):
 def new generation   total 3940224K, used 248191K [0x00007f02cc600000, 0x00007f03d7960000, 0x00007f0821b50000)
  eden space 3502464K,   7% used [0x00007f02cc600000, 0x00007f02db85fe68, 0x00007f03a2260000)
  from space 437760K,   0% used [0x00007f03a2260000, 0x00007f03a2260000, 0x00007f03bcde0000)
  to   space 437760K,   0% used [0x00007f03bcde0000, 0x00007f03bcde0000, 0x00007f03d7960000)
 tenured generation   total 8755896K, used 5253537K [0x00007f0821b50000, 0x00007f0a381fe000, 0x00007f12cc600000)
   the space 8755896K,  59% used [0x00007f0821b50000, 0x00007f09625b8580, 0x00007f09625b8600, 0x00007f0a381fe000)
 Metaspace       used 31703K, capacity 32193K, committed 32512K, reserved 32768K
}
Event: 26.196 GC heap before
{Heap before GC invocations=9 (full 4):
 def new generation   total 3940224K, used 1923890K [0x00007f02cc600000, 0x00007f03d7960000, 0x00007f0821b50000)
  eden space 3502464K,  54% used [0x00007f02cc600000, 0x00007f0341cccb10, 0x00007f03a2260000)
  from space 437760K,   0% used [0x00007f03a2260000, 0x00007f03a2260000, 0x00007f03bcde0000)
  to   space 437760K,   0% used [0x00007f03bcde0000, 0x00007f03bcde0000, 0x00007f03d7960000)
 tenured generation   total 8755896K, used 5253537K [0x00007f0821b50000, 0x00007f0a381fe000, 0x00007f12cc600000)
   the space 8755896K,  59% used [0x00007f0821b50000, 0x00007f09625b8580, 0x00007f09625b8600, 0x00007f0a381fe000)
 Metaspace       used 31703K, capacity 32193K, committed 32512K, reserved 32768K
}
Event: 27.794 GC heap after
{Heap after GC invocations=10 (full 4):
 def new generation   total 3940224K, used 437759K [0x00007f02cc600000, 0x00007f03d7960000, 0x00007f0821b50000)
  eden space 3502464K,   0% used [0x00007f02cc600000, 0x00007f02cc600000, 0x00007f03a2260000)
  from space 437760K,  99% used [0x00007f03bcde0000, 0x00007f03d795ffc0, 0x00007f03d7960000)
  to   space 437760K,   0% used [0x00007f03a2260000, 0x00007f03a2260000, 0x00007f03bcde0000)
 tenured generation   total 8755896K, used 5775805K [0x00007f0821b50000, 0x00007f0a381fe000, 0x00007f12cc600000)
   the space 8755896K,  65% used [0x00007f0821b50000, 0x00007f09823bf6e0, 0x00007f09823bf800, 0x00007f0a381fe000)
 Metaspace       used 31703K, capacity 32193K, committed 32512K, reserved 32768K
}
Event: 28.571 GC heap before
{Heap before GC invocations=10 (full 4):
 def new generation   total 3940224K, used 3940223K [0x00007f02cc600000, 0x00007f03d7960000, 0x00007f0821b50000)
  eden space 3502464K, 100% used [0x00007f02cc600000, 0x00007f03a2260000, 0x00007f03a2260000)
  from space 437760K,  99% used [0x00007f03bcde0000, 0x00007f03d795ffc0, 0x00007f03d7960000)
  to   space 437760K,   0% used [0x00007f03a2260000, 0x00007f03a2260000, 0x00007f03bcde0000)
 tenured generation   total 8755896K, used 5775805K [0x00007f0821b50000, 0x00007f0a381fe000, 0x00007f12cc600000)
   the space 8755896K,  65% used [0x00007f0821b50000, 0x00007f09823bf6e0, 0x00007f09823bf800, 0x00007f0a381fe000)
 Metaspace       used 31703K, capacity 32193K, committed 32512K, reserved 32768K
}
Event: 32.713 GC heap after
{Heap after GC invocations=11 (full 4):
 def new generation   total 3940224K, used 437759K [0x00007f02cc600000, 0x00007f03d7960000, 0x00007f0821b50000)
  eden space 3502464K,   0% used [0x00007f02cc600000, 0x00007f02cc600000, 0x00007f03a2260000)
  from space 437760K,  99% used [0x00007f03a2260000, 0x00007f03bcddfc10, 0x00007f03bcde0000)
  to   space 437760K,   0% used [0x00007f03bcde0000, 0x00007f03bcde0000, 0x00007f03d7960000)
 tenured generation   total 9278328K, used 9278255K [0x00007f0821b50000, 0x00007f0a5802e000, 0x00007f12cc600000)
   the space 9278328K,  99% used [0x00007f0821b50000, 0x00007f0a5801bf58, 0x00007f0a5801c000, 0x00007f0a5802e000)
 Metaspace       used 31703K, capacity 32193K, committed 32512K, reserved 32768K
}
Event: 32.713 GC heap before
{Heap before GC invocations=11 (full 4):
 def new generation   total 3940224K, used 437759K [0x00007f02cc600000, 0x00007f03d7960000, 0x00007f0821b50000)
  eden space 3502464K,   0% used [0x00007f02cc600000, 0x00007f02cc600000, 0x00007f03a2260000)
  from space 437760K,  99% used [0x00007f03a2260000, 0x00007f03bcddfc10, 0x00007f03bcde0000)
  to   space 437760K,   0% used [0x00007f03bcde0000, 0x00007f03bcde0000, 0x00007f03d7960000)
 tenured generation   total 9278328K, used 9278255K [0x00007f0821b50000, 0x00007f0a5802e000, 0x00007f12cc600000)
   the space 9278328K,  99% used [0x00007f0821b50000, 0x00007f0a5801bf58, 0x00007f0a5801c000, 0x00007f0a5802e000)
 Metaspace       used 31703K, capacity 32193K, committed 32512K, reserved 32768K
}

