# JRE version: OpenJDK Runtime Environment (13.0.7+5) (build 13.0.7+5-Ubuntu-0ubuntu120.04)
# Java VM: OpenJDK 64-Bit Server VM (13.0.7+5-Ubuntu-0ubuntu120.04, mixed mode, tiered, serial gc, linux-amd64)
Heap:
 def new generation   total 2369024K, used 257641K [0x00007f6988600000, 0x00007f6a29080000, 0x00007f6eddb50000)
  eden space 2105856K,  12% used [0x00007f6988600000, 0x00007f699819a4b8, 0x00007f6a08e80000)
  from space 263168K,   0% used [0x00007f6a08e80000, 0x00007f6a08e80000, 0x00007f6a18f80000)
  to   space 263168K,   0% used [0x00007f6a18f80000, 0x00007f6a18f80000, 0x00007f6a29080000)
 tenured generation   total 7107136K, used 7107135K [0x00007f6eddb50000, 0x00007f708f7e0000, 0x00007f7988600000)
   the space 7107136K,  99% used [0x00007f6eddb50000, 0x00007f708f7dfd00, 0x00007f708f7dfe00, 0x00007f708f7e0000)
 Metaspace       used 31778K, capacity 32249K, committed 32512K, reserved 32768K
GC Heap History (19 events):
Event: 3.030 GC heap before
{Heap before GC invocations=0 (full 0):
 def new generation   total 629120K, used 111847K [0x00007f6988600000, 0x00007f69b30a0000, 0x00007f6eddb50000)
  eden space 559232K,  20% used [0x00007f6988600000, 0x00007f698f339fc8, 0x00007f69aa820000)
  from space 69888K,   0% used [0x00007f69aa820000, 0x00007f69aa820000, 0x00007f69aec60000)
  to   space 69888K,   0% used [0x00007f69aec60000, 0x00007f69aec60000, 0x00007f69b30a0000)
 tenured generation   total 1398144K, used 0K [0x00007f6eddb50000, 0x00007f6f330b0000, 0x00007f7988600000)
   the space 1398144K,   0% used [0x00007f6eddb50000, 0x00007f6eddb50000, 0x00007f6eddb50200, 0x00007f6f330b0000)
 Metaspace       used 20769K, capacity 21107K, committed 21248K, reserved 22528K
}
Event: 3.263 GC heap after
{Heap after GC invocations=1 (full 1):
 def new generation   total 629248K, used 0K [0x00007f6988600000, 0x00007f69b30c0000, 0x00007f6eddb50000)
  eden space 559360K,   0% used [0x00007f6988600000, 0x00007f6988600000, 0x00007f69aa840000)
  from space 69888K,   0% used [0x00007f69aa840000, 0x00007f69aa840000, 0x00007f69aec80000)
  to   space 69888K,   0% used [0x00007f69aec80000, 0x00007f69aec80000, 0x00007f69b30c0000)
 tenured generation   total 1398144K, used 13948K [0x00007f6eddb50000, 0x00007f6f330b0000, 0x00007f7988600000)
   the space 1398144K,   0% used [0x00007f6eddb50000, 0x00007f6ede8ef138, 0x00007f6ede8ef200, 0x00007f6f330b0000)
 Metaspace       used 20769K, capacity 21107K, committed 21248K, reserved 22528K
}
Event: 7.731 GC heap before
{Heap before GC invocations=1 (full 1):
 def new generation   total 629248K, used 559360K [0x00007f6988600000, 0x00007f69b30c0000, 0x00007f6eddb50000)
  eden space 559360K, 100% used [0x00007f6988600000, 0x00007f69aa840000, 0x00007f69aa840000)
  from space 69888K,   0% used [0x00007f69aa840000, 0x00007f69aa840000, 0x00007f69aec80000)
  to   space 69888K,   0% used [0x00007f69aec80000, 0x00007f69aec80000, 0x00007f69b30c0000)
 tenured generation   total 1398144K, used 13948K [0x00007f6eddb50000, 0x00007f6f330b0000, 0x00007f7988600000)
   the space 1398144K,   0% used [0x00007f6eddb50000, 0x00007f6ede8ef138, 0x00007f6ede8ef200, 0x00007f6f330b0000)
 Metaspace       used 31774K, capacity 32249K, committed 32512K, reserved 32768K
}
Event: 7.764 GC heap after
{Heap after GC invocations=2 (full 1):
 def new generation   total 629248K, used 9624K [0x00007f6988600000, 0x00007f69b30c0000, 0x00007f6eddb50000)
  eden space 559360K,   0% used [0x00007f6988600000, 0x00007f6988600000, 0x00007f69aa840000)
  from space 69888K,  13% used [0x00007f69aec80000, 0x00007f69af5e61a8, 0x00007f69b30c0000)
  to   space 69888K,   0% used [0x00007f69aa840000, 0x00007f69aa840000, 0x00007f69aec80000)
 tenured generation   total 1398144K, used 13948K [0x00007f6eddb50000, 0x00007f6f330b0000, 0x00007f7988600000)
   the space 1398144K,   0% used [0x00007f6eddb50000, 0x00007f6ede8ef138, 0x00007f6ede8ef200, 0x00007f6f330b0000)
 Metaspace       used 31774K, capacity 32249K, committed 32512K, reserved 32768K
}
Event: 9.661 GC heap before
{Heap before GC invocations=2 (full 1):
 def new generation   total 629248K, used 568984K [0x00007f6988600000, 0x00007f69b30c0000, 0x00007f6eddb50000)
  eden space 559360K, 100% used [0x00007f6988600000, 0x00007f69aa840000, 0x00007f69aa840000)
  from space 69888K,  13% used [0x00007f69aec80000, 0x00007f69af5e61a8, 0x00007f69b30c0000)
  to   space 69888K,   0% used [0x00007f69aa840000, 0x00007f69aa840000, 0x00007f69aec80000)
 tenured generation   total 1398144K, used 1062524K [0x00007f6eddb50000, 0x00007f6f330b0000, 0x00007f7988600000)
   the space 1398144K,  75% used [0x00007f6eddb50000, 0x00007f6f1e8ef150, 0x00007f6f1e8ef200, 0x00007f6f330b0000)
 Metaspace       used 31778K, capacity 32249K, committed 32512K, reserved 32768K
}
Event: 10.334 GC heap after
{Heap after GC invocations=3 (full 1):
 def new generation   total 629248K, used 69887K [0x00007f6988600000, 0x00007f69b30c0000, 0x00007f6eddb50000)
  eden space 559360K,   0% used [0x00007f6988600000, 0x00007f6988600000, 0x00007f69aa840000)
  from space 69888K,  99% used [0x00007f69aa840000, 0x00007f69aec7fff8, 0x00007f69aec80000)
  to   space 69888K,   0% used [0x00007f69aec80000, 0x00007f69aec80000, 0x00007f69b30c0000)
 tenured generation   total 1403712K, used 1403697K [0x00007f6eddb50000, 0x00007f6f33620000, 0x00007f7988600000)
   the space 1403712K,  99% used [0x00007f6eddb50000, 0x00007f6f3361c760, 0x00007f6f3361c800, 0x00007f6f33620000)
 Metaspace       used 31778K, capacity 32249K, committed 32512K, reserved 32768K
}
Event: 10.334 GC heap before
{Heap before GC invocations=3 (full 1):
 def new generation   total 629248K, used 69887K [0x00007f6988600000, 0x00007f69b30c0000, 0x00007f6eddb50000)
  eden space 559360K,   0% used [0x00007f6988600000, 0x00007f6988600000, 0x00007f69aa840000)
  from space 69888K,  99% used [0x00007f69aa840000, 0x00007f69aec7fff8, 0x00007f69aec80000)
  to   space 69888K,   0% used [0x00007f69aec80000, 0x00007f69aec80000, 0x00007f69b30c0000)
 tenured generation   total 1403712K, used 1403697K [0x00007f6eddb50000, 0x00007f6f33620000, 0x00007f7988600000)
   the space 1403712K,  99% used [0x00007f6eddb50000, 0x00007f6f3361c760, 0x00007f6f3361c800, 0x00007f6f33620000)
 Metaspace       used 31778K, capacity 32249K, committed 32512K, reserved 32768K
}
Event: 11.791 GC heap after
{Heap after GC invocations=3 (full 2):
 def new generation   total 1052864K, used 69873K [0x00007f6988600000, 0x00007f69cfc60000, 0x00007f6eddb50000)
  eden space 935936K,   7% used [0x00007f6988600000, 0x00007f698ca3c7b8, 0x00007f69c1800000)
  from space 116928K,   0% used [0x00007f69c1800000, 0x00007f69c1800000, 0x00007f69c8a30000)
  to   space 116928K,   0% used [0x00007f69c8a30000, 0x00007f69c8a30000, 0x00007f69cfc60000)
 tenured generation   total 2339520K, used 1403711K [0x00007f6eddb50000, 0x00007f6f6c800000, 0x00007f7988600000)
   the space 2339520K,  59% used [0x00007f6eddb50000, 0x00007f6f3361ffa0, 0x00007f6f33620000, 0x00007f6f6c800000)
 Metaspace       used 31778K, capacity 32249K, committed 32512K, reserved 32768K
}
Event: 12.340 GC heap before
{Heap before GC invocations=3 (full 2):
 def new generation   total 1052864K, used 935936K [0x00007f6988600000, 0x00007f69cfc60000, 0x00007f6eddb50000)
  eden space 935936K, 100% used [0x00007f6988600000, 0x00007f69c1800000, 0x00007f69c1800000)
  from space 116928K,   0% used [0x00007f69c1800000, 0x00007f69c1800000, 0x00007f69c8a30000)
  to   space 116928K,   0% used [0x00007f69c8a30000, 0x00007f69c8a30000, 0x00007f69cfc60000)
 tenured generation   total 2339520K, used 1403711K [0x00007f6eddb50000, 0x00007f6f6c800000, 0x00007f7988600000)
   the space 2339520K,  59% used [0x00007f6eddb50000, 0x00007f6f3361ffa0, 0x00007f6f33620000, 0x00007f6f6c800000)
 Metaspace       used 31778K, capacity 32249K, committed 32512K, reserved 32768K
}
Event: 14.704 GC heap after
{Heap after GC invocations=4 (full 2):
 def new generation   total 1052864K, used 116927K [0x00007f6988600000, 0x00007f69cfc60000, 0x00007f6eddb50000)
  eden space 935936K,   0% used [0x00007f6988600000, 0x00007f6988600000, 0x00007f69c1800000)
  from space 116928K,  99% used [0x00007f69c8a30000, 0x00007f69cfc5ffc0, 0x00007f69cfc60000)
  to   space 116928K,   0% used [0x00007f69c1800000, 0x00007f69c1800000, 0x00007f69c8a30000)
 tenured generation   total 2339520K, used 2222620K [0x00007f6eddb50000, 0x00007f6f6c800000, 0x00007f7988600000)
   the space 2339520K,  95% used [0x00007f6eddb50000, 0x00007f6f655d7060, 0x00007f6f655d7200, 0x00007f6f6c800000)
 Metaspace       used 31778K, capacity 32249K, committed 32512K, reserved 32768K
}
Event: 15.258 GC heap before
{Heap before GC invocations=4 (full 2):
 def new generation   total 1052864K, used 1052863K [0x00007f6988600000, 0x00007f69cfc60000, 0x00007f6eddb50000)
  eden space 935936K, 100% used [0x00007f6988600000, 0x00007f69c1800000, 0x00007f69c1800000)
  from space 116928K,  99% used [0x00007f69c8a30000, 0x00007f69cfc5ffc0, 0x00007f69cfc60000)
  to   space 116928K,   0% used [0x00007f69c1800000, 0x00007f69c1800000, 0x00007f69c8a30000)
 tenured generation   total 2339520K, used 2222620K [0x00007f6eddb50000, 0x00007f6f6c800000, 0x00007f7988600000)
   the space 2339520K,  95% used [0x00007f6eddb50000, 0x00007f6f655d7060, 0x00007f6f655d7200, 0x00007f6f6c800000)
 Metaspace       used 31778K, capacity 32249K, committed 32512K, reserved 32768K
}
Event: 17.190 GC heap after
{Heap after GC invocations=5 (full 2):
 def new generation   total 1052864K, used 116927K [0x00007f6988600000, 0x00007f69cfc60000, 0x00007f6eddb50000)
  eden space 935936K,   0% used [0x00007f6988600000, 0x00007f6988600000, 0x00007f69c1800000)
  from space 116928K,  99% used [0x00007f69c1800000, 0x00007f69c8a2fef0, 0x00007f69c8a30000)
  to   space 116928K,   0% used [0x00007f69c8a30000, 0x00007f69c8a30000, 0x00007f69cfc60000)
 tenured generation   total 3158592K, used 3158442K [0x00007f6eddb50000, 0x00007f6f9e7e0000, 0x00007f7988600000)
   the space 3158592K,  99% used [0x00007f6eddb50000, 0x00007f6f9e7ba958, 0x00007f6f9e7baa00, 0x00007f6f9e7e0000)
 Metaspace       used 31778K, capacity 32249K, committed 32512K, reserved 32768K
}
Event: 17.190 GC heap before
{Heap before GC invocations=5 (full 2):
 def new generation   total 1052864K, used 116927K [0x00007f6988600000, 0x00007f69cfc60000, 0x00007f6eddb50000)
  eden space 935936K,   0% used [0x00007f6988600000, 0x00007f6988600000, 0x00007f69c1800000)
  from space 116928K,  99% used [0x00007f69c1800000, 0x00007f69c8a2fef0, 0x00007f69c8a30000)
  to   space 116928K,   0% used [0x00007f69c8a30000, 0x00007f69c8a30000, 0x00007f69cfc60000)
 tenured generation   total 3158592K, used 3158442K [0x00007f6eddb50000, 0x00007f6f9e7e0000, 0x00007f7988600000)
   the space 3158592K,  99% used [0x00007f6eddb50000, 0x00007f6f9e7ba958, 0x00007f6f9e7baa00, 0x00007f6f9e7e0000)
 Metaspace       used 31778K, capacity 32249K, committed 32512K, reserved 32768K
}
Event: 19.332 GC heap after
{Heap after GC invocations=5 (full 3):
 def new generation   total 2369024K, used 116778K [0x00007f6988600000, 0x00007f6a29080000, 0x00007f6eddb50000)
  eden space 2105856K,   5% used [0x00007f6988600000, 0x00007f698f80a940, 0x00007f6a08e80000)
  from space 263168K,   0% used [0x00007f6a08e80000, 0x00007f6a08e80000, 0x00007f6a18f80000)
  to   space 263168K,   0% used [0x00007f6a18f80000, 0x00007f6a18f80000, 0x00007f6a29080000)
 tenured generation   total 5264320K, used 3158591K [0x00007f6eddb50000, 0x00007f701f040000, 0x00007f7988600000)
   the space 5264320K,  59% used [0x00007f6eddb50000, 0x00007f6f9e7dff08, 0x00007f6f9e7e0000, 0x00007f701f040000)
 Metaspace       used 31778K, capacity 32249K, committed 32512K, reserved 32768K
}
Event: 20.991 GC heap before
{Heap before GC invocations=5 (full 3):
 def new generation   total 2369024K, used 2105856K [0x00007f6988600000, 0x00007f6a29080000, 0x00007f6eddb50000)
  eden space 2105856K, 100% used [0x00007f6988600000, 0x00007f6a08e80000, 0x00007f6a08e80000)
  from space 263168K,   0% used [0x00007f6a08e80000, 0x00007f6a08e80000, 0x00007f6a18f80000)
  to   space 263168K,   0% used [0x00007f6a18f80000, 0x00007f6a18f80000, 0x00007f6a29080000)
 tenured generation   total 5264320K, used 3158591K [0x00007f6eddb50000, 0x00007f701f040000, 0x00007f7988600000)
   the space 5264320K,  59% used [0x00007f6eddb50000, 0x00007f6f9e7dff08, 0x00007f6f9e7e0000, 0x00007f701f040000)
 Metaspace       used 31778K, capacity 32249K, committed 32512K, reserved 32768K
}
Event: 27.161 GC heap after
{Heap after GC invocations=6 (full 3):
 def new generation   total 2369024K, used 263167K [0x00007f6988600000, 0x00007f6a29080000, 0x00007f6eddb50000)
  eden space 2105856K,   0% used [0x00007f6988600000, 0x00007f6988600000, 0x00007f6a08e80000)
  from space 263168K,  99% used [0x00007f6a18f80000, 0x00007f6a2907fef8, 0x00007f6a29080000)
  to   space 263168K,   0% used [0x00007f6a08e80000, 0x00007f6a08e80000, 0x00007f6a18f80000)
 tenured generation   total 5264320K, used 5001242K [0x00007f6eddb50000, 0x00007f701f040000, 0x00007f7988600000)
   the space 5264320K,  95% used [0x00007f6eddb50000, 0x00007f700ef56b80, 0x00007f700ef56c00, 0x00007f701f040000)
 Metaspace       used 31778K, capacity 32249K, committed 32512K, reserved 32768K
}
Event: 28.454 GC heap before
{Heap before GC invocations=6 (full 3):
 def new generation   total 2369024K, used 2369023K [0x00007f6988600000, 0x00007f6a29080000, 0x00007f6eddb50000)
  eden space 2105856K, 100% used [0x00007f6988600000, 0x00007f6a08e80000, 0x00007f6a08e80000)
  from space 263168K,  99% used [0x00007f6a18f80000, 0x00007f6a2907fef8, 0x00007f6a29080000)
  to   space 263168K,   0% used [0x00007f6a08e80000, 0x00007f6a08e80000, 0x00007f6a18f80000)
 tenured generation   total 5264320K, used 5001242K [0x00007f6eddb50000, 0x00007f701f040000, 0x00007f7988600000)
   the space 5264320K,  95% used [0x00007f6eddb50000, 0x00007f700ef56b80, 0x00007f700ef56c00, 0x00007f701f040000)
 Metaspace       used 31778K, capacity 32249K, committed 32512K, reserved 32768K
}
Event: 33.349 GC heap after
{Heap after GC invocations=7 (full 3):
 def new generation   total 2369024K, used 263167K [0x00007f6988600000, 0x00007f6a29080000, 0x00007f6eddb50000)
  eden space 2105856K,   0% used [0x00007f6988600000, 0x00007f6988600000, 0x00007f6a08e80000)
  from space 263168K,  99% used [0x00007f6a08e80000, 0x00007f6a18f7fef8, 0x00007f6a18f80000)
  to   space 263168K,   0% used [0x00007f6a18f80000, 0x00007f6a18f80000, 0x00007f6a29080000)
 tenured generation   total 7107136K, used 7107024K [0x00007f6eddb50000, 0x00007f708f7e0000, 0x00007f7988600000)
   the space 7107136K,  99% used [0x00007f6eddb50000, 0x00007f708f7c4390, 0x00007f708f7c4400, 0x00007f708f7e0000)
 Metaspace       used 31778K, capacity 32249K, committed 32512K, reserved 32768K
}
Event: 33.349 GC heap before
{Heap before GC invocations=7 (full 3):
 def new generation   total 2369024K, used 263167K [0x00007f6988600000, 0x00007f6a29080000, 0x00007f6eddb50000)
  eden space 2105856K,   0% used [0x00007f6988600000, 0x00007f6988600000, 0x00007f6a08e80000)
  from space 263168K,  99% used [0x00007f6a08e80000, 0x00007f6a18f7fef8, 0x00007f6a18f80000)
  to   space 263168K,   0% used [0x00007f6a18f80000, 0x00007f6a18f80000, 0x00007f6a29080000)
 tenured generation   total 7107136K, used 7107024K [0x00007f6eddb50000, 0x00007f708f7e0000, 0x00007f7988600000)
   the space 7107136K,  99% used [0x00007f6eddb50000, 0x00007f708f7c4390, 0x00007f708f7c4400, 0x00007f708f7e0000)
 Metaspace       used 31778K, capacity 32249K, committed 32512K, reserved 32768K
}

