# JRE version: OpenJDK Runtime Environment (13.0.7+5) (build 13.0.7+5-Ubuntu-0ubuntu120.04)
# Java VM: OpenJDK 64-Bit Server VM (13.0.7+5-Ubuntu-0ubuntu120.04, mixed mode, tiered, serial gc, linux-amd64)
Heap:
 def new generation   total 1297344K, used 144008K [0x00007ef808600000, 0x00007ef8605b0000, 0x00007efd5db50000)
  eden space 1153216K,  12% used [0x00007ef808600000, 0x00007ef8112a23a8, 0x00007ef84ec30000)
  from space 144128K,   0% used [0x00007ef84ec30000, 0x00007ef84ec30000, 0x00007ef8578f0000)
  to   space 144128K,   0% used [0x00007ef8578f0000, 0x00007ef8578f0000, 0x00007ef8605b0000)
 tenured generation   total 3880512K, used 3880511K [0x00007efd5db50000, 0x00007efe4a8e0000, 0x00007f0808600000)
   the space 3880512K,  99% used [0x00007efd5db50000, 0x00007efe4a8dfc80, 0x00007efe4a8dfe00, 0x00007efe4a8e0000)
 Metaspace       used 31877K, capacity 32318K, committed 32512K, reserved 32768K
GC Heap History (17 events):
Event: 2.651 GC heap before
{Heap before GC invocations=0 (full 0):
 def new generation   total 629120K, used 111846K [0x00007ef808600000, 0x00007ef8330a0000, 0x00007efd5db50000)
  eden space 559232K,  20% used [0x00007ef808600000, 0x00007ef80f339bf8, 0x00007ef82a820000)
  from space 69888K,   0% used [0x00007ef82a820000, 0x00007ef82a820000, 0x00007ef82ec60000)
  to   space 69888K,   0% used [0x00007ef82ec60000, 0x00007ef82ec60000, 0x00007ef8330a0000)
 tenured generation   total 1398144K, used 0K [0x00007efd5db50000, 0x00007efdb30b0000, 0x00007f0808600000)
   the space 1398144K,   0% used [0x00007efd5db50000, 0x00007efd5db50000, 0x00007efd5db50200, 0x00007efdb30b0000)
 Metaspace       used 20860K, capacity 21172K, committed 21248K, reserved 22528K
}
Event: 2.741 GC heap after
{Heap after GC invocations=1 (full 1):
 def new generation   total 629248K, used 0K [0x00007ef808600000, 0x00007ef8330c0000, 0x00007efd5db50000)
  eden space 559360K,   0% used [0x00007ef808600000, 0x00007ef808600000, 0x00007ef82a840000)
  from space 69888K,   0% used [0x00007ef82a840000, 0x00007ef82a840000, 0x00007ef82ec80000)
  to   space 69888K,   0% used [0x00007ef82ec80000, 0x00007ef82ec80000, 0x00007ef8330c0000)
 tenured generation   total 1398144K, used 14055K [0x00007efd5db50000, 0x00007efdb30b0000, 0x00007f0808600000)
   the space 1398144K,   1% used [0x00007efd5db50000, 0x00007efd5e909dc8, 0x00007efd5e909e00, 0x00007efdb30b0000)
 Metaspace       used 20860K, capacity 21172K, committed 21248K, reserved 22528K
}
Event: 6.871 GC heap before
{Heap before GC invocations=1 (full 1):
 def new generation   total 629248K, used 559360K [0x00007ef808600000, 0x00007ef8330c0000, 0x00007efd5db50000)
  eden space 559360K, 100% used [0x00007ef808600000, 0x00007ef82a840000, 0x00007ef82a840000)
  from space 69888K,   0% used [0x00007ef82a840000, 0x00007ef82a840000, 0x00007ef82ec80000)
  to   space 69888K,   0% used [0x00007ef82ec80000, 0x00007ef82ec80000, 0x00007ef8330c0000)
 tenured generation   total 1398144K, used 14055K [0x00007efd5db50000, 0x00007efdb30b0000, 0x00007f0808600000)
   the space 1398144K,   1% used [0x00007efd5db50000, 0x00007efd5e909dc8, 0x00007efd5e909e00, 0x00007efdb30b0000)
 Metaspace       used 31874K, capacity 32318K, committed 32512K, reserved 32768K
}
Event: 7.066 GC heap after
{Heap after GC invocations=2 (full 1):
 def new generation   total 629248K, used 69888K [0x00007ef808600000, 0x00007ef8330c0000, 0x00007efd5db50000)
  eden space 559360K,   0% used [0x00007ef808600000, 0x00007ef808600000, 0x00007ef82a840000)
  from space 69888K, 100% used [0x00007ef82ec80000, 0x00007ef8330c0000, 0x00007ef8330c0000)
  to   space 69888K,   0% used [0x00007ef82a840000, 0x00007ef82a840000, 0x00007ef82ec80000)
 tenured generation   total 1398144K, used 125528K [0x00007efd5db50000, 0x00007efdb30b0000, 0x00007f0808600000)
   the space 1398144K,   8% used [0x00007efd5db50000, 0x00007efd655e6330, 0x00007efd655e6400, 0x00007efdb30b0000)
 Metaspace       used 31874K, capacity 32318K, committed 32512K, reserved 32768K
}
Event: 7.443 GC heap before
{Heap before GC invocations=2 (full 1):
 def new generation   total 629248K, used 629248K [0x00007ef808600000, 0x00007ef8330c0000, 0x00007efd5db50000)
  eden space 559360K, 100% used [0x00007ef808600000, 0x00007ef82a840000, 0x00007ef82a840000)
  from space 69888K, 100% used [0x00007ef82ec80000, 0x00007ef8330c0000, 0x00007ef8330c0000)
  to   space 69888K,   0% used [0x00007ef82a840000, 0x00007ef82a840000, 0x00007ef82ec80000)
 tenured generation   total 1398144K, used 125528K [0x00007efd5db50000, 0x00007efdb30b0000, 0x00007f0808600000)
   the space 1398144K,   8% used [0x00007efd5db50000, 0x00007efd655e6330, 0x00007efd655e6400, 0x00007efdb30b0000)
 Metaspace       used 31874K, capacity 32318K, committed 32512K, reserved 32768K
}
Event: 7.767 GC heap after
{Heap after GC invocations=3 (full 1):
 def new generation   total 629248K, used 69888K [0x00007ef808600000, 0x00007ef8330c0000, 0x00007efd5db50000)
  eden space 559360K,   0% used [0x00007ef808600000, 0x00007ef808600000, 0x00007ef82a840000)
  from space 69888K, 100% used [0x00007ef82a840000, 0x00007ef82ec80000, 0x00007ef82ec80000)
  to   space 69888K,   0% used [0x00007ef82ec80000, 0x00007ef82ec80000, 0x00007ef8330c0000)
 tenured generation   total 1398144K, used 611079K [0x00007efd5db50000, 0x00007efdb30b0000, 0x00007f0808600000)
   the space 1398144K,  43% used [0x00007efd5db50000, 0x00007efd83011c30, 0x00007efd83011e00, 0x00007efdb30b0000)
 Metaspace       used 31874K, capacity 32318K, committed 32512K, reserved 32768K
}
Event: 7.891 GC heap before
{Heap before GC invocations=3 (full 1):
 def new generation   total 629248K, used 629248K [0x00007ef808600000, 0x00007ef8330c0000, 0x00007efd5db50000)
  eden space 559360K, 100% used [0x00007ef808600000, 0x00007ef82a840000, 0x00007ef82a840000)
  from space 69888K, 100% used [0x00007ef82a840000, 0x00007ef82ec80000, 0x00007ef82ec80000)
  to   space 69888K,   0% used [0x00007ef82ec80000, 0x00007ef82ec80000, 0x00007ef8330c0000)
 tenured generation   total 1398144K, used 611079K [0x00007efd5db50000, 0x00007efdb30b0000, 0x00007f0808600000)
   the space 1398144K,  43% used [0x00007efd5db50000, 0x00007efd83011c30, 0x00007efd83011e00, 0x00007efdb30b0000)
 Metaspace       used 31874K, capacity 32318K, committed 32512K, reserved 32768K
}
Event: 8.277 GC heap after
{Heap after GC invocations=4 (full 1):
 def new generation   total 629248K, used 69887K [0x00007ef808600000, 0x00007ef8330c0000, 0x00007efd5db50000)
  eden space 559360K,   0% used [0x00007ef808600000, 0x00007ef808600000, 0x00007ef82a840000)
  from space 69888K,  99% used [0x00007ef82ec80000, 0x00007ef8330bfde8, 0x00007ef8330c0000)
  to   space 69888K,   0% used [0x00007ef82a840000, 0x00007ef82a840000, 0x00007ef82ec80000)
 tenured generation   total 1398144K, used 1170371K [0x00007efd5db50000, 0x00007efdb30b0000, 0x00007f0808600000)
   the space 1398144K,  83% used [0x00007efd5db50000, 0x00007efda5240f28, 0x00007efda5241000, 0x00007efdb30b0000)
 Metaspace       used 31874K, capacity 32318K, committed 32512K, reserved 32768K
}
Event: 8.409 GC heap before
{Heap before GC invocations=4 (full 1):
 def new generation   total 629248K, used 629247K [0x00007ef808600000, 0x00007ef8330c0000, 0x00007efd5db50000)
  eden space 559360K, 100% used [0x00007ef808600000, 0x00007ef82a840000, 0x00007ef82a840000)
  from space 69888K,  99% used [0x00007ef82ec80000, 0x00007ef8330bfde8, 0x00007ef8330c0000)
  to   space 69888K,   0% used [0x00007ef82a840000, 0x00007ef82a840000, 0x00007ef82ec80000)
 tenured generation   total 1398144K, used 1170371K [0x00007efd5db50000, 0x00007efdb30b0000, 0x00007f0808600000)
   the space 1398144K,  83% used [0x00007efd5db50000, 0x00007efda5240f28, 0x00007efda5241000, 0x00007efdb30b0000)
 Metaspace       used 31874K, capacity 32318K, committed 32512K, reserved 32768K
}
Event: 8.888 GC heap after
{Heap after GC invocations=5 (full 1):
 def new generation   total 629248K, used 69887K [0x00007ef808600000, 0x00007ef8330c0000, 0x00007efd5db50000)
  eden space 559360K,   0% used [0x00007ef808600000, 0x00007ef808600000, 0x00007ef82a840000)
  from space 69888K,  99% used [0x00007ef82a840000, 0x00007ef82ec7fde8, 0x00007ef82ec80000)
  to   space 69888K,   0% used [0x00007ef82ec80000, 0x00007ef82ec80000, 0x00007ef8330c0000)
 tenured generation   total 1729728K, used 1729637K [0x00007efd5db50000, 0x00007efdc7480000, 0x00007f0808600000)
   the space 1729728K,  99% used [0x00007efd5db50000, 0x00007efdc7469598, 0x00007efdc7469600, 0x00007efdc7480000)
 Metaspace       used 31874K, capacity 32318K, committed 32512K, reserved 32768K
}
Event: 8.888 GC heap before
{Heap before GC invocations=5 (full 1):
 def new generation   total 629248K, used 69887K [0x00007ef808600000, 0x00007ef8330c0000, 0x00007efd5db50000)
  eden space 559360K,   0% used [0x00007ef808600000, 0x00007ef808600000, 0x00007ef82a840000)
  from space 69888K,  99% used [0x00007ef82a840000, 0x00007ef82ec7fde8, 0x00007ef82ec80000)
  to   space 69888K,   0% used [0x00007ef82ec80000, 0x00007ef82ec80000, 0x00007ef8330c0000)
 tenured generation   total 1729728K, used 1729637K [0x00007efd5db50000, 0x00007efdc7480000, 0x00007f0808600000)
   the space 1729728K,  99% used [0x00007efd5db50000, 0x00007efdc7469598, 0x00007efdc7469600, 0x00007efdc7480000)
 Metaspace       used 31874K, capacity 32318K, committed 32512K, reserved 32768K
}
Event: 9.246 GC heap after
{Heap after GC invocations=5 (full 2):
 def new generation   total 1297344K, used 69797K [0x00007ef808600000, 0x00007ef8605b0000, 0x00007efd5db50000)
  eden space 1153216K,   6% used [0x00007ef808600000, 0x00007ef80ca295a8, 0x00007ef84ec30000)
  from space 144128K,   0% used [0x00007ef84ec30000, 0x00007ef84ec30000, 0x00007ef8578f0000)
  to   space 144128K,   0% used [0x00007ef8578f0000, 0x00007ef8578f0000, 0x00007ef8605b0000)
 tenured generation   total 2882880K, used 1729727K [0x00007efd5db50000, 0x00007efe0daa0000, 0x00007f0808600000)
   the space 2882880K,  59% used [0x00007efd5db50000, 0x00007efdc747fdd8, 0x00007efdc747fe00, 0x00007efe0daa0000)
 Metaspace       used 31874K, capacity 32318K, committed 32512K, reserved 32768K
}
Event: 9.477 GC heap before
{Heap before GC invocations=5 (full 2):
 def new generation   total 1297344K, used 1153216K [0x00007ef808600000, 0x00007ef8605b0000, 0x00007efd5db50000)
  eden space 1153216K, 100% used [0x00007ef808600000, 0x00007ef84ec30000, 0x00007ef84ec30000)
  from space 144128K,   0% used [0x00007ef84ec30000, 0x00007ef84ec30000, 0x00007ef8578f0000)
  to   space 144128K,   0% used [0x00007ef8578f0000, 0x00007ef8578f0000, 0x00007ef8605b0000)
 tenured generation   total 2882880K, used 1729727K [0x00007efd5db50000, 0x00007efe0daa0000, 0x00007f0808600000)
   the space 2882880K,  59% used [0x00007efd5db50000, 0x00007efdc747fdd8, 0x00007efdc747fe00, 0x00007efe0daa0000)
 Metaspace       used 31877K, capacity 32318K, committed 32512K, reserved 32768K
}
Event: 10.936 GC heap after
{Heap after GC invocations=6 (full 2):
 def new generation   total 1297344K, used 144127K [0x00007ef808600000, 0x00007ef8605b0000, 0x00007efd5db50000)
  eden space 1153216K,   0% used [0x00007ef808600000, 0x00007ef808600000, 0x00007ef84ec30000)
  from space 144128K,  99% used [0x00007ef8578f0000, 0x00007ef8605afed8, 0x00007ef8605b0000)
  to   space 144128K,   0% used [0x00007ef84ec30000, 0x00007ef84ec30000, 0x00007ef8578f0000)
 tenured generation   total 2882880K, used 2727227K [0x00007efd5db50000, 0x00007efe0daa0000, 0x00007f0808600000)
   the space 2882880K,  94% used [0x00007efd5db50000, 0x00007efe0429eff0, 0x00007efe0429f000, 0x00007efe0daa0000)
 Metaspace       used 31877K, capacity 32318K, committed 32512K, reserved 32768K
}
Event: 11.208 GC heap before
{Heap before GC invocations=6 (full 2):
 def new generation   total 1297344K, used 1297343K [0x00007ef808600000, 0x00007ef8605b0000, 0x00007efd5db50000)
  eden space 1153216K, 100% used [0x00007ef808600000, 0x00007ef84ec30000, 0x00007ef84ec30000)
  from space 144128K,  99% used [0x00007ef8578f0000, 0x00007ef8605afed8, 0x00007ef8605b0000)
  to   space 144128K,   0% used [0x00007ef84ec30000, 0x00007ef84ec30000, 0x00007ef8578f0000)
 tenured generation   total 2882880K, used 2727227K [0x00007efd5db50000, 0x00007efe0daa0000, 0x00007f0808600000)
   the space 2882880K,  94% used [0x00007efd5db50000, 0x00007efe0429eff0, 0x00007efe0429f000, 0x00007efe0daa0000)
 Metaspace       used 31877K, capacity 32318K, committed 32512K, reserved 32768K
}
Event: 13.370 GC heap after
{Heap after GC invocations=7 (full 2):
 def new generation   total 1297344K, used 144127K [0x00007ef808600000, 0x00007ef8605b0000, 0x00007efd5db50000)
  eden space 1153216K,   0% used [0x00007ef808600000, 0x00007ef808600000, 0x00007ef84ec30000)
  from space 144128K,  99% used [0x00007ef84ec30000, 0x00007ef8578efe88, 0x00007ef8578f0000)
  to   space 144128K,   0% used [0x00007ef8578f0000, 0x00007ef8578f0000, 0x00007ef8605b0000)
 tenured generation   total 3880512K, used 3880392K [0x00007efd5db50000, 0x00007efe4a8e0000, 0x00007f0808600000)
   the space 3880512K,  99% used [0x00007efd5db50000, 0x00007efe4a8c21a0, 0x00007efe4a8c2200, 0x00007efe4a8e0000)
 Metaspace       used 31877K, capacity 32318K, committed 32512K, reserved 32768K
}
Event: 13.370 GC heap before
{Heap before GC invocations=7 (full 2):
 def new generation   total 1297344K, used 144127K [0x00007ef808600000, 0x00007ef8605b0000, 0x00007efd5db50000)
  eden space 1153216K,   0% used [0x00007ef808600000, 0x00007ef808600000, 0x00007ef84ec30000)
  from space 144128K,  99% used [0x00007ef84ec30000, 0x00007ef8578efe88, 0x00007ef8578f0000)
  to   space 144128K,   0% used [0x00007ef8578f0000, 0x00007ef8578f0000, 0x00007ef8605b0000)
 tenured generation   total 3880512K, used 3880392K [0x00007efd5db50000, 0x00007efe4a8e0000, 0x00007f0808600000)
   the space 3880512K,  99% used [0x00007efd5db50000, 0x00007efe4a8c21a0, 0x00007efe4a8c2200, 0x00007efe4a8e0000)
 Metaspace       used 31877K, capacity 32318K, committed 32512K, reserved 32768K
}

