# JRE version: OpenJDK Runtime Environment (13.0.7+5) (build 13.0.7+5-Ubuntu-0ubuntu120.04)
# Java VM: OpenJDK 64-Bit Server VM (13.0.7+5-Ubuntu-0ubuntu120.04, mixed mode, tiered, serial gc, linux-amd64)
Heap:
 def new generation   total 629248K, used 69697K [0x00007fb584600000, 0x00007fb5af0c0000, 0x00007fbad9b50000)
  eden space 559360K,  12% used [0x00007fb584600000, 0x00007fb588a104a0, 0x00007fb5a6840000)
  from space 69888K,   0% used [0x00007fb5aac80000, 0x00007fb5aac80000, 0x00007fb5af0c0000)
  to   space 69888K,   0% used [0x00007fb5a6840000, 0x00007fb5a6840000, 0x00007fb5aac80000)
 tenured generation   total 4999108K, used 4999107K [0x00007fbad9b50000, 0x00007fbc0ad41000, 0x00007fc584600000)
   the space 4999108K,  99% used [0x00007fbad9b50000, 0x00007fbc0ad40d88, 0x00007fbc0ad40e00, 0x00007fbc0ad41000)
 Metaspace       used 32413K, capacity 32864K, committed 33024K, reserved 34816K
GC Heap History (20 events):
Event: 14348.441 GC heap after
{Heap after GC invocations=17802 (full 1):
 def new generation   total 629248K, used 267K [0x00007fb584600000, 0x00007fb5af0c0000, 0x00007fbad9b50000)
  eden space 559360K,   0% used [0x00007fb584600000, 0x00007fb584600000, 0x00007fb5a6840000)
  from space 69888K,   0% used [0x00007fb5aac80000, 0x00007fb5aacc2f88, 0x00007fb5af0c0000)
  to   space 69888K,   0% used [0x00007fb5a6840000, 0x00007fb5a6840000, 0x00007fb5aac80000)
 tenured generation   total 1398144K, used 943073K [0x00007fbad9b50000, 0x00007fbb2f0b0000, 0x00007fc584600000)
   the space 1398144K,  67% used [0x00007fbad9b50000, 0x00007fbb13448620, 0x00007fbb13448800, 0x00007fbb2f0b0000)
 Metaspace       used 32413K, capacity 32864K, committed 33024K, reserved 34816K
}
Event: 14349.147 GC heap before
{Heap before GC invocations=17802 (full 1):
 def new generation   total 629248K, used 559627K [0x00007fb584600000, 0x00007fb5af0c0000, 0x00007fbad9b50000)
  eden space 559360K, 100% used [0x00007fb584600000, 0x00007fb5a6840000, 0x00007fb5a6840000)
  from space 69888K,   0% used [0x00007fb5aac80000, 0x00007fb5aacc2f88, 0x00007fb5af0c0000)
  to   space 69888K,   0% used [0x00007fb5a6840000, 0x00007fb5a6840000, 0x00007fb5aac80000)
 tenured generation   total 1398144K, used 943073K [0x00007fbad9b50000, 0x00007fbb2f0b0000, 0x00007fc584600000)
   the space 1398144K,  67% used [0x00007fbad9b50000, 0x00007fbb13448620, 0x00007fbb13448800, 0x00007fbb2f0b0000)
 Metaspace       used 32413K, capacity 32864K, committed 33024K, reserved 34816K
}
Event: 14349.149 GC heap after
{Heap after GC invocations=17803 (full 1):
 def new generation   total 629248K, used 299K [0x00007fb584600000, 0x00007fb5af0c0000, 0x00007fbad9b50000)
  eden space 559360K,   0% used [0x00007fb584600000, 0x00007fb584600000, 0x00007fb5a6840000)
  from space 69888K,   0% used [0x00007fb5a6840000, 0x00007fb5a688ac08, 0x00007fb5aac80000)
  to   space 69888K,   0% used [0x00007fb5aac80000, 0x00007fb5aac80000, 0x00007fb5af0c0000)
 tenured generation   total 1398144K, used 943104K [0x00007fbad9b50000, 0x00007fbb2f0b0000, 0x00007fc584600000)
   the space 1398144K,  67% used [0x00007fbad9b50000, 0x00007fbb134501d8, 0x00007fbb13450200, 0x00007fbb2f0b0000)
 Metaspace       used 32413K, capacity 32864K, committed 33024K, reserved 34816K
}
Event: 14349.595 GC heap before
{Heap before GC invocations=17803 (full 1):
 def new generation   total 629248K, used 402676K [0x00007fb584600000, 0x00007fb5af0c0000, 0x00007fbad9b50000)
  eden space 559360K,  71% used [0x00007fb584600000, 0x00007fb59cef26f0, 0x00007fb5a6840000)
  from space 69888K,   0% used [0x00007fb5a6840000, 0x00007fb5a688ac08, 0x00007fb5aac80000)
  to   space 69888K,   0% used [0x00007fb5aac80000, 0x00007fb5aac80000, 0x00007fb5af0c0000)
 tenured generation   total 1398144K, used 943104K [0x00007fbad9b50000, 0x00007fbb2f0b0000, 0x00007fc584600000)
   the space 1398144K,  67% used [0x00007fbad9b50000, 0x00007fbb134501d8, 0x00007fbb13450200, 0x00007fbb2f0b0000)
 Metaspace       used 32413K, capacity 32864K, committed 33024K, reserved 34816K
}
Event: 14349.599 GC heap after
{Heap after GC invocations=17804 (full 1):
 def new generation   total 629248K, used 161K [0x00007fb584600000, 0x00007fb5af0c0000, 0x00007fbad9b50000)
  eden space 559360K,   0% used [0x00007fb584600000, 0x00007fb584600000, 0x00007fb5a6840000)
  from space 69888K,   0% used [0x00007fb5aac80000, 0x00007fb5aaca86a8, 0x00007fb5af0c0000)
  to   space 69888K,   0% used [0x00007fb5a6840000, 0x00007fb5a6840000, 0x00007fb5aac80000)
 tenured generation   total 1398144K, used 943104K [0x00007fbad9b50000, 0x00007fbb2f0b0000, 0x00007fc584600000)
   the space 1398144K,  67% used [0x00007fbad9b50000, 0x00007fbb134501d8, 0x00007fbb13450200, 0x00007fbb2f0b0000)
 Metaspace       used 32413K, capacity 32864K, committed 33024K, reserved 34816K
}
Event: 14349.599 GC heap before
{Heap before GC invocations=17804 (full 1):
 def new generation   total 629248K, used 161K [0x00007fb584600000, 0x00007fb5af0c0000, 0x00007fbad9b50000)
  eden space 559360K,   0% used [0x00007fb584600000, 0x00007fb584600000, 0x00007fb5a6840000)
  from space 69888K,   0% used [0x00007fb5aac80000, 0x00007fb5aaca86a8, 0x00007fb5af0c0000)
  to   space 69888K,   0% used [0x00007fb5a6840000, 0x00007fb5a6840000, 0x00007fb5aac80000)
 tenured generation   total 1398144K, used 943104K [0x00007fbad9b50000, 0x00007fbb2f0b0000, 0x00007fc584600000)
   the space 1398144K,  67% used [0x00007fbad9b50000, 0x00007fbb134501d8, 0x00007fbb13450200, 0x00007fbb2f0b0000)
 Metaspace       used 32413K, capacity 32864K, committed 33024K, reserved 34816K
}
Event: 14353.664 GC heap after
{Heap after GC invocations=17804 (full 2):
 def new generation   total 629248K, used 0K [0x00007fb584600000, 0x00007fb5af0c0000, 0x00007fbad9b50000)
  eden space 559360K,   0% used [0x00007fb584600000, 0x00007fb584600000, 0x00007fb5a6840000)
  from space 69888K,   0% used [0x00007fb5aac80000, 0x00007fb5aac80000, 0x00007fb5af0c0000)
  to   space 69888K,   0% used [0x00007fb5a6840000, 0x00007fb5a6840000, 0x00007fb5aac80000)
 tenured generation   total 1398144K, used 134313K [0x00007fbad9b50000, 0x00007fbb2f0b0000, 0x00007fc584600000)
   the space 1398144K,   9% used [0x00007fbad9b50000, 0x00007fbae1e7a610, 0x00007fbae1e7a800, 0x00007fbb2f0b0000)
 Metaspace       used 32413K, capacity 32864K, committed 33024K, reserved 34816K
}
Event: 14357.593 GC heap before
{Heap before GC invocations=17804 (full 2):
 def new generation   total 629248K, used 559360K [0x00007fb584600000, 0x00007fb5af0c0000, 0x00007fbad9b50000)
  eden space 559360K, 100% used [0x00007fb584600000, 0x00007fb5a6840000, 0x00007fb5a6840000)
  from space 69888K,   0% used [0x00007fb5aac80000, 0x00007fb5aac80000, 0x00007fb5af0c0000)
  to   space 69888K,   0% used [0x00007fb5a6840000, 0x00007fb5a6840000, 0x00007fb5aac80000)
 tenured generation   total 4757380K, used 3493545K [0x00007fbad9b50000, 0x00007fbbfc131000, 0x00007fc584600000)
   the space 4757380K,  73% used [0x00007fbad9b50000, 0x00007fbbaeefa628, 0x00007fbbaeefa800, 0x00007fbbfc131000)
 Metaspace       used 32413K, capacity 32864K, committed 33024K, reserved 34816K
}
Event: 14357.610 GC heap after
{Heap after GC invocations=17805 (full 2):
 def new generation   total 629248K, used 23K [0x00007fb584600000, 0x00007fb5af0c0000, 0x00007fbad9b50000)
  eden space 559360K,   0% used [0x00007fb584600000, 0x00007fb584600000, 0x00007fb5a6840000)
  from space 69888K,   0% used [0x00007fb5a6840000, 0x00007fb5a6845c40, 0x00007fb5aac80000)
  to   space 69888K,   0% used [0x00007fb5aac80000, 0x00007fb5aac80000, 0x00007fb5af0c0000)
 tenured generation   total 4757380K, used 3493545K [0x00007fbad9b50000, 0x00007fbbfc131000, 0x00007fc584600000)
   the space 4757380K,  73% used [0x00007fbad9b50000, 0x00007fbbaeefa628, 0x00007fbbaeefa800, 0x00007fbbfc131000)
 Metaspace       used 32413K, capacity 32864K, committed 33024K, reserved 34816K
}
Event: 14358.066 GC heap before
{Heap before GC invocations=17805 (full 2):
 def new generation   total 629248K, used 559383K [0x00007fb584600000, 0x00007fb5af0c0000, 0x00007fbad9b50000)
  eden space 559360K, 100% used [0x00007fb584600000, 0x00007fb5a6840000, 0x00007fb5a6840000)
  from space 69888K,   0% used [0x00007fb5a6840000, 0x00007fb5a6845c40, 0x00007fb5aac80000)
  to   space 69888K,   0% used [0x00007fb5aac80000, 0x00007fb5aac80000, 0x00007fb5af0c0000)
 tenured generation   total 4757380K, used 3493545K [0x00007fbad9b50000, 0x00007fbbfc131000, 0x00007fc584600000)
   the space 4757380K,  73% used [0x00007fbad9b50000, 0x00007fbbaeefa628, 0x00007fbbaeefa800, 0x00007fbbfc131000)
 Metaspace       used 32413K, capacity 32864K, committed 33024K, reserved 34816K
}
Event: 14359.080 GC heap after
{Heap after GC invocations=17806 (full 2):
 def new generation   total 629248K, used 69888K [0x00007fb584600000, 0x00007fb5af0c0000, 0x00007fbad9b50000)
  eden space 559360K,   0% used [0x00007fb584600000, 0x00007fb584600000, 0x00007fb5a6840000)
  from space 69888K, 100% used [0x00007fb5aac80000, 0x00007fb5af0c0000, 0x00007fb5af0c0000)
  to   space 69888K,   0% used [0x00007fb5a6840000, 0x00007fb5a6840000, 0x00007fb5aac80000)
 tenured generation   total 4757380K, used 3736302K [0x00007fbad9b50000, 0x00007fbbfc131000, 0x00007fc584600000)
   the space 4757380K,  78% used [0x00007fbad9b50000, 0x00007fbbbdc0bb70, 0x00007fbbbdc0bc00, 0x00007fbbfc131000)
 Metaspace       used 32413K, capacity 32864K, committed 33024K, reserved 34816K
}
Event: 14359.543 GC heap before
{Heap before GC invocations=17806 (full 2):
 def new generation   total 629248K, used 629248K [0x00007fb584600000, 0x00007fb5af0c0000, 0x00007fbad9b50000)
  eden space 559360K, 100% used [0x00007fb584600000, 0x00007fb5a6840000, 0x00007fb5a6840000)
  from space 69888K, 100% used [0x00007fb5aac80000, 0x00007fb5af0c0000, 0x00007fb5af0c0000)
  to   space 69888K,   0% used [0x00007fb5a6840000, 0x00007fb5a6840000, 0x00007fb5aac80000)
 tenured generation   total 4757380K, used 3736302K [0x00007fbad9b50000, 0x00007fbbfc131000, 0x00007fc584600000)
   the space 4757380K,  78% used [0x00007fbad9b50000, 0x00007fbbbdc0bb70, 0x00007fbbbdc0bc00, 0x00007fbbfc131000)
 Metaspace       used 32413K, capacity 32864K, committed 33024K, reserved 34816K
}
Event: 14360.269 GC heap after
{Heap after GC invocations=17807 (full 2):
 def new generation   total 629248K, used 69887K [0x00007fb584600000, 0x00007fb5af0c0000, 0x00007fbad9b50000)
  eden space 559360K,   0% used [0x00007fb584600000, 0x00007fb584600000, 0x00007fb5a6840000)
  from space 69888K,  99% used [0x00007fb5a6840000, 0x00007fb5aac7fff8, 0x00007fb5aac80000)
  to   space 69888K,   0% used [0x00007fb5aac80000, 0x00007fb5aac80000, 0x00007fb5af0c0000)
 tenured generation   total 4757380K, used 4060869K [0x00007fbad9b50000, 0x00007fbbfc131000, 0x00007fc584600000)
   the space 4757380K,  85% used [0x00007fbad9b50000, 0x00007fbbd1901590, 0x00007fbbd1901600, 0x00007fbbfc131000)
 Metaspace       used 32413K, capacity 32864K, committed 33024K, reserved 34816K
}
Event: 14360.727 GC heap before
{Heap before GC invocations=17807 (full 2):
 def new generation   total 629248K, used 629247K [0x00007fb584600000, 0x00007fb5af0c0000, 0x00007fbad9b50000)
  eden space 559360K, 100% used [0x00007fb584600000, 0x00007fb5a6840000, 0x00007fb5a6840000)
  from space 69888K,  99% used [0x00007fb5a6840000, 0x00007fb5aac7fff8, 0x00007fb5aac80000)
  to   space 69888K,   0% used [0x00007fb5aac80000, 0x00007fb5aac80000, 0x00007fb5af0c0000)
 tenured generation   total 4757380K, used 4060869K [0x00007fbad9b50000, 0x00007fbbfc131000, 0x00007fc584600000)
   the space 4757380K,  85% used [0x00007fbad9b50000, 0x00007fbbd1901590, 0x00007fbbd1901600, 0x00007fbbfc131000)
 Metaspace       used 32413K, capacity 32864K, committed 33024K, reserved 34816K
}
Event: 14361.467 GC heap after
{Heap after GC invocations=17808 (full 2):
 def new generation   total 629248K, used 69888K [0x00007fb584600000, 0x00007fb5af0c0000, 0x00007fbad9b50000)
  eden space 559360K,   0% used [0x00007fb584600000, 0x00007fb584600000, 0x00007fb5a6840000)
  from space 69888K, 100% used [0x00007fb5aac80000, 0x00007fb5af0c0000, 0x00007fb5af0c0000)
  to   space 69888K,   0% used [0x00007fb5a6840000, 0x00007fb5a6840000, 0x00007fb5aac80000)
 tenured generation   total 4757380K, used 4379690K [0x00007fbad9b50000, 0x00007fbbfc131000, 0x00007fc584600000)
   the space 4757380K,  92% used [0x00007fbad9b50000, 0x00007fbbe505a840, 0x00007fbbe505aa00, 0x00007fbbfc131000)
 Metaspace       used 32413K, capacity 32864K, committed 33024K, reserved 34816K
}
Event: 14361.921 GC heap before
{Heap before GC invocations=17808 (full 2):
 def new generation   total 629248K, used 629248K [0x00007fb584600000, 0x00007fb5af0c0000, 0x00007fbad9b50000)
  eden space 559360K, 100% used [0x00007fb584600000, 0x00007fb5a6840000, 0x00007fb5a6840000)
  from space 69888K, 100% used [0x00007fb5aac80000, 0x00007fb5af0c0000, 0x00007fb5af0c0000)
  to   space 69888K,   0% used [0x00007fb5a6840000, 0x00007fb5a6840000, 0x00007fb5aac80000)
 tenured generation   total 4757380K, used 4379690K [0x00007fbad9b50000, 0x00007fbbfc131000, 0x00007fc584600000)
   the space 4757380K,  92% used [0x00007fbad9b50000, 0x00007fbbe505a840, 0x00007fbbe505aa00, 0x00007fbbfc131000)
 Metaspace       used 32413K, capacity 32864K, committed 33024K, reserved 34816K
}
Event: 14362.675 GC heap after
{Heap after GC invocations=17809 (full 2):
 def new generation   total 629248K, used 69888K [0x00007fb584600000, 0x00007fb5af0c0000, 0x00007fbad9b50000)
  eden space 559360K,   0% used [0x00007fb584600000, 0x00007fb584600000, 0x00007fb5a6840000)
  from space 69888K, 100% used [0x00007fb5a6840000, 0x00007fb5aac80000, 0x00007fb5aac80000)
  to   space 69888K,   0% used [0x00007fb5aac80000, 0x00007fb5aac80000, 0x00007fb5af0c0000)
 tenured generation   total 4757380K, used 4690905K [0x00007fbad9b50000, 0x00007fbbfc131000, 0x00007fc584600000)
   the space 4757380K,  98% used [0x00007fbad9b50000, 0x00007fbbf8046608, 0x00007fbbf8046800, 0x00007fbbfc131000)
 Metaspace       used 32413K, capacity 32864K, committed 33024K, reserved 34816K
}
Event: 14363.164 GC heap before
{Heap before GC invocations=17809 (full 2):
 def new generation   total 629248K, used 629248K [0x00007fb584600000, 0x00007fb5af0c0000, 0x00007fbad9b50000)
  eden space 559360K, 100% used [0x00007fb584600000, 0x00007fb5a6840000, 0x00007fb5a6840000)
  from space 69888K, 100% used [0x00007fb5a6840000, 0x00007fb5aac80000, 0x00007fb5aac80000)
  to   space 69888K,   0% used [0x00007fb5aac80000, 0x00007fb5aac80000, 0x00007fb5af0c0000)
 tenured generation   total 4757380K, used 4690905K [0x00007fbad9b50000, 0x00007fbbfc131000, 0x00007fc584600000)
   the space 4757380K,  98% used [0x00007fbad9b50000, 0x00007fbbf8046608, 0x00007fbbf8046800, 0x00007fbbfc131000)
 Metaspace       used 32413K, capacity 32864K, committed 33024K, reserved 34816K
}
Event: 14363.928 GC heap after
{Heap after GC invocations=17810 (full 2):
 def new generation   total 629248K, used 69887K [0x00007fb584600000, 0x00007fb5af0c0000, 0x00007fbad9b50000)
  eden space 559360K,   0% used [0x00007fb584600000, 0x00007fb584600000, 0x00007fb5a6840000)
  from space 69888K,  99% used [0x00007fb5aac80000, 0x00007fb5af0bfff8, 0x00007fb5af0c0000)
  to   space 69888K,   0% used [0x00007fb5a6840000, 0x00007fb5a6840000, 0x00007fb5aac80000)
 tenured generation   total 4999108K, used 4998920K [0x00007fbad9b50000, 0x00007fbc0ad41000, 0x00007fc584600000)
   the space 4999108K,  99% used [0x00007fbad9b50000, 0x00007fbc0ad12068, 0x00007fbc0ad12200, 0x00007fbc0ad41000)
 Metaspace       used 32413K, capacity 32864K, committed 33024K, reserved 34816K
}
Event: 14363.928 GC heap before
{Heap before GC invocations=17810 (full 2):
 def new generation   total 629248K, used 69887K [0x00007fb584600000, 0x00007fb5af0c0000, 0x00007fbad9b50000)
  eden space 559360K,   0% used [0x00007fb584600000, 0x00007fb584600000, 0x00007fb5a6840000)
  from space 69888K,  99% used [0x00007fb5aac80000, 0x00007fb5af0bfff8, 0x00007fb5af0c0000)
  to   space 69888K,   0% used [0x00007fb5a6840000, 0x00007fb5a6840000, 0x00007fb5aac80000)
 tenured generation   total 4999108K, used 4998920K [0x00007fbad9b50000, 0x00007fbc0ad41000, 0x00007fc584600000)
   the space 4999108K,  99% used [0x00007fbad9b50000, 0x00007fbc0ad12068, 0x00007fbc0ad12200, 0x00007fbc0ad41000)
 Metaspace       used 32413K, capacity 32864K, committed 33024K, reserved 34816K
}

