# JRE version: OpenJDK Runtime Environment (13.0.7+5) (build 13.0.7+5-Ubuntu-0ubuntu120.04)
# Java VM: OpenJDK 64-Bit Server VM (13.0.7+5-Ubuntu-0ubuntu120.04, mixed mode, tiered, serial gc, linux-amd64)
Heap:
 def new generation   total 3162816K, used 351359K [0x00007f33f8600000, 0x00007f34cedd0000, 0x00007f394db50000)
  eden space 2811456K,  12% used [0x00007f33f8600000, 0x00007f340dd1fe18, 0x00007f34a3f90000)
  from space 351360K,   0% used [0x00007f34b96b0000, 0x00007f34b96b0000, 0x00007f34cedd0000)
  to   space 351360K,   0% used [0x00007f34a3f90000, 0x00007f34a3f90000, 0x00007f34b96b0000)
 tenured generation   total 7845612K, used 7840045K [0x00007f394db50000, 0x00007f3b2c90b000, 0x00007f43f8600000)
   the space 7845612K,  99% used [0x00007f394db50000, 0x00007f3b2c39b6e8, 0x00007f3b2c39b800, 0x00007f3b2c90b000)
 Metaspace       used 31897K, capacity 32399K, committed 32768K, reserved 32768K
GC Heap History (20 events):
Event: 14.578 GC heap after
{Heap after GC invocations=15 (full 1):
 def new generation   total 629248K, used 69887K [0x00007f33f8600000, 0x00007f34230c0000, 0x00007f394db50000)
  eden space 559360K,   0% used [0x00007f33f8600000, 0x00007f33f8600000, 0x00007f341a840000)
  from space 69888K,  99% used [0x00007f341a840000, 0x00007f341ec7fe60, 0x00007f341ec80000)
  to   space 69888K,   0% used [0x00007f341ec80000, 0x00007f341ec80000, 0x00007f34230c0000)
 tenured generation   total 1398144K, used 755356K [0x00007f394db50000, 0x00007f39a30b0000, 0x00007f43f8600000)
   the space 1398144K,  54% used [0x00007f394db50000, 0x00007f397bcf7370, 0x00007f397bcf7400, 0x00007f39a30b0000)
 Metaspace       used 31897K, capacity 32399K, committed 32768K, reserved 32768K
}
Event: 14.998 GC heap before
{Heap before GC invocations=15 (full 1):
 def new generation   total 629248K, used 629247K [0x00007f33f8600000, 0x00007f34230c0000, 0x00007f394db50000)
  eden space 559360K, 100% used [0x00007f33f8600000, 0x00007f341a840000, 0x00007f341a840000)
  from space 69888K,  99% used [0x00007f341a840000, 0x00007f341ec7fe60, 0x00007f341ec80000)
  to   space 69888K,   0% used [0x00007f341ec80000, 0x00007f341ec80000, 0x00007f34230c0000)
 tenured generation   total 1398144K, used 755356K [0x00007f394db50000, 0x00007f39a30b0000, 0x00007f43f8600000)
   the space 1398144K,  54% used [0x00007f394db50000, 0x00007f397bcf7370, 0x00007f397bcf7400, 0x00007f39a30b0000)
 Metaspace       used 31897K, capacity 32399K, committed 32768K, reserved 32768K
}
Event: 15.715 GC heap after
{Heap after GC invocations=16 (full 1):
 def new generation   total 629248K, used 69887K [0x00007f33f8600000, 0x00007f34230c0000, 0x00007f394db50000)
  eden space 559360K,   0% used [0x00007f33f8600000, 0x00007f33f8600000, 0x00007f341a840000)
  from space 69888K,  99% used [0x00007f341ec80000, 0x00007f34230bff38, 0x00007f34230c0000)
  to   space 69888K,   0% used [0x00007f341a840000, 0x00007f341a840000, 0x00007f341ec80000)
 tenured generation   total 1398144K, used 1314678K [0x00007f394db50000, 0x00007f39a30b0000, 0x00007f43f8600000)
   the space 1398144K,  94% used [0x00007f394db50000, 0x00007f399df2dbb8, 0x00007f399df2dc00, 0x00007f39a30b0000)
 Metaspace       used 31897K, capacity 32399K, committed 32768K, reserved 32768K
}
Event: 16.146 GC heap before
{Heap before GC invocations=16 (full 1):
 def new generation   total 629248K, used 629247K [0x00007f33f8600000, 0x00007f34230c0000, 0x00007f394db50000)
  eden space 559360K, 100% used [0x00007f33f8600000, 0x00007f341a840000, 0x00007f341a840000)
  from space 69888K,  99% used [0x00007f341ec80000, 0x00007f34230bff38, 0x00007f34230c0000)
  to   space 69888K,   0% used [0x00007f341a840000, 0x00007f341a840000, 0x00007f341ec80000)
 tenured generation   total 1398144K, used 1314678K [0x00007f394db50000, 0x00007f39a30b0000, 0x00007f43f8600000)
   the space 1398144K,  94% used [0x00007f394db50000, 0x00007f399df2dbb8, 0x00007f399df2dc00, 0x00007f39a30b0000)
 Metaspace       used 31897K, capacity 32399K, committed 32768K, reserved 32768K
}
Event: 17.216 GC heap after
{Heap after GC invocations=17 (full 1):
 def new generation   total 629248K, used 69887K [0x00007f33f8600000, 0x00007f34230c0000, 0x00007f394db50000)
  eden space 559360K,   0% used [0x00007f33f8600000, 0x00007f33f8600000, 0x00007f341a840000)
  from space 69888K,  99% used [0x00007f341a840000, 0x00007f341ec7ff38, 0x00007f341ec80000)
  to   space 69888K,   0% used [0x00007f341ec80000, 0x00007f341ec80000, 0x00007f34230c0000)
 tenured generation   total 1874112K, used 1873984K [0x00007f394db50000, 0x00007f39c0180000, 0x00007f43f8600000)
   the space 1874112K,  99% used [0x00007f394db50000, 0x00007f39c01601d8, 0x00007f39c0160200, 0x00007f39c0180000)
 Metaspace       used 31897K, capacity 32399K, committed 32768K, reserved 32768K
}
Event: 17.216 GC heap before
{Heap before GC invocations=17 (full 1):
 def new generation   total 629248K, used 69887K [0x00007f33f8600000, 0x00007f34230c0000, 0x00007f394db50000)
  eden space 559360K,   0% used [0x00007f33f8600000, 0x00007f33f8600000, 0x00007f341a840000)
  from space 69888K,  99% used [0x00007f341a840000, 0x00007f341ec7ff38, 0x00007f341ec80000)
  to   space 69888K,   0% used [0x00007f341ec80000, 0x00007f341ec80000, 0x00007f34230c0000)
 tenured generation   total 1874112K, used 1873984K [0x00007f394db50000, 0x00007f39c0180000, 0x00007f43f8600000)
   the space 1874112K,  99% used [0x00007f394db50000, 0x00007f39c01601d8, 0x00007f39c0160200, 0x00007f39c0180000)
 Metaspace       used 31897K, capacity 32399K, committed 32768K, reserved 32768K
}
Event: 18.545 GC heap after
{Heap after GC invocations=17 (full 2):
 def new generation   total 1405632K, used 69760K [0x00007f33f8600000, 0x00007f3457b30000, 0x00007f394db50000)
  eden space 1249472K,   5% used [0x00007f33f8600000, 0x00007f33fca20270, 0x00007f3444a30000)
  from space 156160K,   0% used [0x00007f3444a30000, 0x00007f3444a30000, 0x00007f344e2b0000)
  to   space 156160K,   0% used [0x00007f344e2b0000, 0x00007f344e2b0000, 0x00007f3457b30000)
 tenured generation   total 3123520K, used 1874111K [0x00007f394db50000, 0x00007f3a0c5a0000, 0x00007f43f8600000)
   the space 3123520K,  59% used [0x00007f394db50000, 0x00007f39c017fea0, 0x00007f39c0180000, 0x00007f3a0c5a0000)
 Metaspace       used 31897K, capacity 32399K, committed 32768K, reserved 32768K
}
Event: 19.536 GC heap before
{Heap before GC invocations=17 (full 2):
 def new generation   total 1405632K, used 1249472K [0x00007f33f8600000, 0x00007f3457b30000, 0x00007f394db50000)
  eden space 1249472K, 100% used [0x00007f33f8600000, 0x00007f3444a30000, 0x00007f3444a30000)
  from space 156160K,   0% used [0x00007f3444a30000, 0x00007f3444a30000, 0x00007f344e2b0000)
  to   space 156160K,   0% used [0x00007f344e2b0000, 0x00007f344e2b0000, 0x00007f3457b30000)
 tenured generation   total 3123520K, used 1874111K [0x00007f394db50000, 0x00007f3a0c5a0000, 0x00007f43f8600000)
   the space 3123520K,  59% used [0x00007f394db50000, 0x00007f39c017fea0, 0x00007f39c0180000, 0x00007f3a0c5a0000)
 Metaspace       used 31897K, capacity 32399K, committed 32768K, reserved 32768K
}
Event: 21.951 GC heap after
{Heap after GC invocations=18 (full 2):
 def new generation   total 1405632K, used 156159K [0x00007f33f8600000, 0x00007f3457b30000, 0x00007f394db50000)
  eden space 1249472K,   0% used [0x00007f33f8600000, 0x00007f33f8600000, 0x00007f3444a30000)
  from space 156160K,  99% used [0x00007f344e2b0000, 0x00007f3457b2fee8, 0x00007f3457b30000)
  to   space 156160K,   0% used [0x00007f3444a30000, 0x00007f3444a30000, 0x00007f344e2b0000)
 tenured generation   total 3123520K, used 2967396K [0x00007f394db50000, 0x00007f3a0c5a0000, 0x00007f43f8600000)
   the space 3123520K,  95% used [0x00007f394db50000, 0x00007f3a02d290c8, 0x00007f3a02d29200, 0x00007f3a0c5a0000)
 Metaspace       used 31897K, capacity 32399K, committed 32768K, reserved 32768K
}
Event: 22.962 GC heap before
{Heap before GC invocations=18 (full 2):
 def new generation   total 1405632K, used 1405631K [0x00007f33f8600000, 0x00007f3457b30000, 0x00007f394db50000)
  eden space 1249472K, 100% used [0x00007f33f8600000, 0x00007f3444a30000, 0x00007f3444a30000)
  from space 156160K,  99% used [0x00007f344e2b0000, 0x00007f3457b2fee8, 0x00007f3457b30000)
  to   space 156160K,   0% used [0x00007f3444a30000, 0x00007f3444a30000, 0x00007f344e2b0000)
 tenured generation   total 3123520K, used 2967396K [0x00007f394db50000, 0x00007f3a0c5a0000, 0x00007f43f8600000)
   the space 3123520K,  95% used [0x00007f394db50000, 0x00007f3a02d290c8, 0x00007f3a02d29200, 0x00007f3a0c5a0000)
 Metaspace       used 31897K, capacity 32399K, committed 32768K, reserved 32768K
}
Event: 25.337 GC heap after
{Heap after GC invocations=19 (full 2):
 def new generation   total 1405632K, used 156159K [0x00007f33f8600000, 0x00007f3457b30000, 0x00007f394db50000)
  eden space 1249472K,   0% used [0x00007f33f8600000, 0x00007f33f8600000, 0x00007f3444a30000)
  from space 156160K,  99% used [0x00007f3444a30000, 0x00007f344e2afee8, 0x00007f344e2b0000)
  to   space 156160K,   0% used [0x00007f344e2b0000, 0x00007f344e2b0000, 0x00007f3457b30000)
 tenured generation   total 4216960K, used 4216817K [0x00007f394db50000, 0x00007f3a4f170000, 0x00007f43f8600000)
   the space 4216960K,  99% used [0x00007f394db50000, 0x00007f3a4f14c5b8, 0x00007f3a4f14c600, 0x00007f3a4f170000)
 Metaspace       used 31897K, capacity 32399K, committed 32768K, reserved 32768K
}
Event: 25.337 GC heap before
{Heap before GC invocations=19 (full 2):
 def new generation   total 1405632K, used 156159K [0x00007f33f8600000, 0x00007f3457b30000, 0x00007f394db50000)
  eden space 1249472K,   0% used [0x00007f33f8600000, 0x00007f33f8600000, 0x00007f3444a30000)
  from space 156160K,  99% used [0x00007f3444a30000, 0x00007f344e2afee8, 0x00007f344e2b0000)
  to   space 156160K,   0% used [0x00007f344e2b0000, 0x00007f344e2b0000, 0x00007f3457b30000)
 tenured generation   total 4216960K, used 4216817K [0x00007f394db50000, 0x00007f3a4f170000, 0x00007f43f8600000)
   the space 4216960K,  99% used [0x00007f394db50000, 0x00007f3a4f14c5b8, 0x00007f3a4f14c600, 0x00007f3a4f170000)
 Metaspace       used 31897K, capacity 32399K, committed 32768K, reserved 32768K
}
Event: 28.037 GC heap after
{Heap after GC invocations=19 (full 3):
 def new generation   total 3162816K, used 156017K [0x00007f33f8600000, 0x00007f34cedd0000, 0x00007f394db50000)
  eden space 2811456K,   5% used [0x00007f33f8600000, 0x00007f3401e5c568, 0x00007f34a3f90000)
  from space 351360K,   0% used [0x00007f34a3f90000, 0x00007f34a3f90000, 0x00007f34b96b0000)
  to   space 351360K,   0% used [0x00007f34b96b0000, 0x00007f34b96b0000, 0x00007f34cedd0000)
 tenured generation   total 7028268K, used 4216959K [0x00007f394db50000, 0x00007f3afaadb000, 0x00007f43f8600000)
   the space 7028268K,  59% used [0x00007f394db50000, 0x00007f3a4f16ff38, 0x00007f3a4f170000, 0x00007f3afaadb000)
 Metaspace       used 31897K, capacity 32399K, committed 32768K, reserved 32768K
}
Event: 32.284 GC heap before
{Heap before GC invocations=19 (full 3):
 def new generation   total 3162816K, used 2811456K [0x00007f33f8600000, 0x00007f34cedd0000, 0x00007f394db50000)
  eden space 2811456K, 100% used [0x00007f33f8600000, 0x00007f34a3f90000, 0x00007f34a3f90000)
  from space 351360K,   0% used [0x00007f34a3f90000, 0x00007f34a3f90000, 0x00007f34b96b0000)
  to   space 351360K,   0% used [0x00007f34b96b0000, 0x00007f34b96b0000, 0x00007f34cedd0000)
 tenured generation   total 7028268K, used 4216959K [0x00007f394db50000, 0x00007f3afaadb000, 0x00007f43f8600000)
   the space 7028268K,  59% used [0x00007f394db50000, 0x00007f3a4f16ff38, 0x00007f3a4f170000, 0x00007f3afaadb000)
 Metaspace       used 31897K, capacity 32399K, committed 32768K, reserved 32768K
}
Event: 37.197 GC heap after
{Heap after GC invocations=20 (full 3):
 def new generation   total 3162816K, used 351359K [0x00007f33f8600000, 0x00007f34cedd0000, 0x00007f394db50000)
  eden space 2811456K,   0% used [0x00007f33f8600000, 0x00007f33f8600000, 0x00007f34a3f90000)
  from space 351360K,  99% used [0x00007f34b96b0000, 0x00007f34cedcfe38, 0x00007f34cedd0000)
  to   space 351360K,   0% used [0x00007f34a3f90000, 0x00007f34a3f90000, 0x00007f34b96b0000)
 tenured generation   total 7028268K, used 6027947K [0x00007f394db50000, 0x00007f3afaadb000, 0x00007f43f8600000)
   the space 7028268K,  85% used [0x00007f394db50000, 0x00007f3abd9fad30, 0x00007f3abd9fae00, 0x00007f3afaadb000)
 Metaspace       used 31897K, capacity 32399K, committed 32768K, reserved 32768K
}
Event: 48.636 GC heap before
{Heap before GC invocations=20 (full 3):
 def new generation   total 3162816K, used 3162815K [0x00007f33f8600000, 0x00007f34cedd0000, 0x00007f394db50000)
  eden space 2811456K, 100% used [0x00007f33f8600000, 0x00007f34a3f90000, 0x00007f34a3f90000)
  from space 351360K,  99% used [0x00007f34b96b0000, 0x00007f34cedcfe38, 0x00007f34cedd0000)
  to   space 351360K,   0% used [0x00007f34a3f90000, 0x00007f34a3f90000, 0x00007f34b96b0000)
 tenured generation   total 7028268K, used 6027947K [0x00007f394db50000, 0x00007f3afaadb000, 0x00007f43f8600000)
   the space 7028268K,  85% used [0x00007f394db50000, 0x00007f3abd9fad30, 0x00007f3abd9fae00, 0x00007f3afaadb000)
 Metaspace       used 31897K, capacity 32399K, committed 32768K, reserved 32768K
}
Event: 49.196 GC heap after
{Heap after GC invocations=21 (full 3):
 def new generation   total 3162816K, used 0K [0x00007f33f8600000, 0x00007f34cedd0000, 0x00007f394db50000)
  eden space 2811456K,   0% used [0x00007f33f8600000, 0x00007f33f8600000, 0x00007f34a3f90000)
  from space 351360K,   0% used [0x00007f34a3f90000, 0x00007f34a3f90110, 0x00007f34b96b0000)
  to   space 351360K,   0% used [0x00007f34b96b0000, 0x00007f34b96b0000, 0x00007f34cedd0000)
 tenured generation   total 7028268K, used 6379306K [0x00007f394db50000, 0x00007f3afaadb000, 0x00007f43f8600000)
   the space 7028268K,  90% used [0x00007f394db50000, 0x00007f3ad311ab40, 0x00007f3ad311ac00, 0x00007f3afaadb000)
 Metaspace       used 31897K, capacity 32399K, committed 32768K, reserved 32768K
}
Event: 54.749 GC heap before
{Heap before GC invocations=21 (full 3):
 def new generation   total 3162816K, used 2811456K [0x00007f33f8600000, 0x00007f34cedd0000, 0x00007f394db50000)
  eden space 2811456K, 100% used [0x00007f33f8600000, 0x00007f34a3f90000, 0x00007f34a3f90000)
  from space 351360K,   0% used [0x00007f34a3f90000, 0x00007f34a3f90110, 0x00007f34b96b0000)
  to   space 351360K,   0% used [0x00007f34b96b0000, 0x00007f34b96b0000, 0x00007f34cedd0000)
 tenured generation   total 7028268K, used 6379306K [0x00007f394db50000, 0x00007f3afaadb000, 0x00007f43f8600000)
   the space 7028268K,  90% used [0x00007f394db50000, 0x00007f3ad311ab40, 0x00007f3ad311ac00, 0x00007f3afaadb000)
 Metaspace       used 31897K, capacity 32399K, committed 32768K, reserved 32768K
}
Event: 57.461 GC heap after
{Heap after GC invocations=22 (full 3):
 def new generation   total 3162816K, used 351359K [0x00007f33f8600000, 0x00007f34cedd0000, 0x00007f394db50000)
  eden space 2811456K,   0% used [0x00007f33f8600000, 0x00007f33f8600000, 0x00007f34a3f90000)
  from space 351360K,  99% used [0x00007f34b96b0000, 0x00007f34cedcfe18, 0x00007f34cedd0000)
  to   space 351360K,   0% used [0x00007f34a3f90000, 0x00007f34a3f90000, 0x00007f34b96b0000)
 tenured generation   total 7845612K, used 7845456K [0x00007f394db50000, 0x00007f3b2c90b000, 0x00007f43f8600000)
   the space 7845612K,  99% used [0x00007f394db50000, 0x00007f3b2c8e4348, 0x00007f3b2c8e4400, 0x00007f3b2c90b000)
 Metaspace       used 31897K, capacity 32399K, committed 32768K, reserved 32768K
}
Event: 57.461 GC heap before
{Heap before GC invocations=22 (full 3):
 def new generation   total 3162816K, used 351359K [0x00007f33f8600000, 0x00007f34cedd0000, 0x00007f394db50000)
  eden space 2811456K,   0% used [0x00007f33f8600000, 0x00007f33f8600000, 0x00007f34a3f90000)
  from space 351360K,  99% used [0x00007f34b96b0000, 0x00007f34cedcfe18, 0x00007f34cedd0000)
  to   space 351360K,   0% used [0x00007f34a3f90000, 0x00007f34a3f90000, 0x00007f34b96b0000)
 tenured generation   total 7845612K, used 7845456K [0x00007f394db50000, 0x00007f3b2c90b000, 0x00007f43f8600000)
   the space 7845612K,  99% used [0x00007f394db50000, 0x00007f3b2c8e4348, 0x00007f3b2c8e4400, 0x00007f3b2c90b000)
 Metaspace       used 31897K, capacity 32399K, committed 32768K, reserved 32768K
}

