# JRE version: OpenJDK Runtime Environment (13.0.7+5) (build 13.0.7+5-Ubuntu-0ubuntu120.04)
# Java VM: OpenJDK 64-Bit Server VM (13.0.7+5-Ubuntu-0ubuntu120.04, mixed mode, tiered, serial gc, linux-amd64)
Heap:
 def new generation   total 3033856K, used 331593K [0x00007f3528600000, 0x00007f35f61f0000, 0x00007f3a7db50000)
  eden space 2696768K,  12% used [0x00007f3528600000, 0x00007f353c9d2700, 0x00007f35ccf90000)
  from space 337088K,   0% used [0x00007f35ccf90000, 0x00007f35ccf90000, 0x00007f35e18c0000)
  to   space 337088K,   0% used [0x00007f35e18c0000, 0x00007f35e18c0000, 0x00007f35f61f0000)
 tenured generation   total 9101440K, used 9101439K [0x00007f3a7db50000, 0x00007f3ca9370000, 0x00007f4528600000)
   the space 9101440K,  99% used [0x00007f3a7db50000, 0x00007f3ca936fd50, 0x00007f3ca936fe00, 0x00007f3ca9370000)
 Metaspace       used 31755K, capacity 32193K, committed 32512K, reserved 32768K
GC Heap History (20 events):
Event: 7.656 GC heap after
{Heap after GC invocations=2 (full 1):
 def new generation   total 629248K, used 69888K [0x00007f3528600000, 0x00007f35530c0000, 0x00007f3a7db50000)
  eden space 559360K,   0% used [0x00007f3528600000, 0x00007f3528600000, 0x00007f354a840000)
  from space 69888K, 100% used [0x00007f354ec80000, 0x00007f35530c0000, 0x00007f35530c0000)
  to   space 69888K,   0% used [0x00007f354a840000, 0x00007f354a840000, 0x00007f354ec80000)
 tenured generation   total 1398144K, used 156570K [0x00007f3a7db50000, 0x00007f3ad30b0000, 0x00007f4528600000)
   the space 1398144K,  11% used [0x00007f3a7db50000, 0x00007f3a87436888, 0x00007f3a87436a00, 0x00007f3ad30b0000)
 Metaspace       used 31753K, capacity 32193K, committed 32512K, reserved 32768K
}
Event: 8.090 GC heap before
{Heap before GC invocations=2 (full 1):
 def new generation   total 629248K, used 629248K [0x00007f3528600000, 0x00007f35530c0000, 0x00007f3a7db50000)
  eden space 559360K, 100% used [0x00007f3528600000, 0x00007f354a840000, 0x00007f354a840000)
  from space 69888K, 100% used [0x00007f354ec80000, 0x00007f35530c0000, 0x00007f35530c0000)
  to   space 69888K,   0% used [0x00007f354a840000, 0x00007f354a840000, 0x00007f354ec80000)
 tenured generation   total 1398144K, used 156570K [0x00007f3a7db50000, 0x00007f3ad30b0000, 0x00007f4528600000)
   the space 1398144K,  11% used [0x00007f3a7db50000, 0x00007f3a87436888, 0x00007f3a87436a00, 0x00007f3ad30b0000)
 Metaspace       used 31753K, capacity 32193K, committed 32512K, reserved 32768K
}
Event: 8.994 GC heap after
{Heap after GC invocations=3 (full 1):
 def new generation   total 629248K, used 69886K [0x00007f3528600000, 0x00007f35530c0000, 0x00007f3a7db50000)
  eden space 559360K,   0% used [0x00007f3528600000, 0x00007f3528600000, 0x00007f354a840000)
  from space 69888K,  99% used [0x00007f354a840000, 0x00007f354ec7fbf0, 0x00007f354ec80000)
  to   space 69888K,   0% used [0x00007f354ec80000, 0x00007f354ec80000, 0x00007f35530c0000)
 tenured generation   total 1398144K, used 679023K [0x00007f3a7db50000, 0x00007f3ad30b0000, 0x00007f4528600000)
   the space 1398144K,  48% used [0x00007f3a7db50000, 0x00007f3aa726bfd0, 0x00007f3aa726c000, 0x00007f3ad30b0000)
 Metaspace       used 31753K, capacity 32193K, committed 32512K, reserved 32768K
}
Event: 9.330 GC heap before
{Heap before GC invocations=3 (full 1):
 def new generation   total 629248K, used 629246K [0x00007f3528600000, 0x00007f35530c0000, 0x00007f3a7db50000)
  eden space 559360K, 100% used [0x00007f3528600000, 0x00007f354a840000, 0x00007f354a840000)
  from space 69888K,  99% used [0x00007f354a840000, 0x00007f354ec7fbf0, 0x00007f354ec80000)
  to   space 69888K,   0% used [0x00007f354ec80000, 0x00007f354ec80000, 0x00007f35530c0000)
 tenured generation   total 1398144K, used 679023K [0x00007f3a7db50000, 0x00007f3ad30b0000, 0x00007f4528600000)
   the space 1398144K,  48% used [0x00007f3a7db50000, 0x00007f3aa726bfd0, 0x00007f3aa726c000, 0x00007f3ad30b0000)
 Metaspace       used 31753K, capacity 32193K, committed 32512K, reserved 32768K
}
Event: 10.242 GC heap after
{Heap after GC invocations=4 (full 1):
 def new generation   total 629248K, used 69887K [0x00007f3528600000, 0x00007f35530c0000, 0x00007f3a7db50000)
  eden space 559360K,   0% used [0x00007f3528600000, 0x00007f3528600000, 0x00007f354a840000)
  from space 69888K,  99% used [0x00007f354ec80000, 0x00007f35530bfde8, 0x00007f35530c0000)
  to   space 69888K,   0% used [0x00007f354a840000, 0x00007f354a840000, 0x00007f354ec80000)
 tenured generation   total 1398144K, used 1238284K [0x00007f3a7db50000, 0x00007f3ad30b0000, 0x00007f4528600000)
   the space 1398144K,  88% used [0x00007f3a7db50000, 0x00007f3ac94933e8, 0x00007f3ac9493400, 0x00007f3ad30b0000)
 Metaspace       used 31753K, capacity 32193K, committed 32512K, reserved 32768K
}
Event: 10.600 GC heap before
{Heap before GC invocations=4 (full 1):
 def new generation   total 629248K, used 629247K [0x00007f3528600000, 0x00007f35530c0000, 0x00007f3a7db50000)
  eden space 559360K, 100% used [0x00007f3528600000, 0x00007f354a840000, 0x00007f354a840000)
  from space 69888K,  99% used [0x00007f354ec80000, 0x00007f35530bfde8, 0x00007f35530c0000)
  to   space 69888K,   0% used [0x00007f354a840000, 0x00007f354a840000, 0x00007f354ec80000)
 tenured generation   total 1398144K, used 1238284K [0x00007f3a7db50000, 0x00007f3ad30b0000, 0x00007f4528600000)
   the space 1398144K,  88% used [0x00007f3a7db50000, 0x00007f3ac94933e8, 0x00007f3ac9493400, 0x00007f3ad30b0000)
 Metaspace       used 31753K, capacity 32193K, committed 32512K, reserved 32768K
}
Event: 11.681 GC heap after
{Heap after GC invocations=5 (full 1):
 def new generation   total 629248K, used 69887K [0x00007f3528600000, 0x00007f35530c0000, 0x00007f3a7db50000)
  eden space 559360K,   0% used [0x00007f3528600000, 0x00007f3528600000, 0x00007f354a840000)
  from space 69888K,  99% used [0x00007f354a840000, 0x00007f354ec7fde8, 0x00007f354ec80000)
  to   space 69888K,   0% used [0x00007f354ec80000, 0x00007f354ec80000, 0x00007f35530c0000)
 tenured generation   total 1797696K, used 1797552K [0x00007f3a7db50000, 0x00007f3aeb6e0000, 0x00007f4528600000)
   the space 1797696K,  99% used [0x00007f3a7db50000, 0x00007f3aeb6bc288, 0x00007f3aeb6bc400, 0x00007f3aeb6e0000)
 Metaspace       used 31753K, capacity 32193K, committed 32512K, reserved 32768K
}
Event: 11.681 GC heap before
{Heap before GC invocations=5 (full 1):
 def new generation   total 629248K, used 69887K [0x00007f3528600000, 0x00007f35530c0000, 0x00007f3a7db50000)
  eden space 559360K,   0% used [0x00007f3528600000, 0x00007f3528600000, 0x00007f354a840000)
  from space 69888K,  99% used [0x00007f354a840000, 0x00007f354ec7fde8, 0x00007f354ec80000)
  to   space 69888K,   0% used [0x00007f354ec80000, 0x00007f354ec80000, 0x00007f35530c0000)
 tenured generation   total 1797696K, used 1797552K [0x00007f3a7db50000, 0x00007f3aeb6e0000, 0x00007f4528600000)
   the space 1797696K,  99% used [0x00007f3a7db50000, 0x00007f3aeb6bc288, 0x00007f3aeb6bc400, 0x00007f3aeb6e0000)
 Metaspace       used 31753K, capacity 32193K, committed 32512K, reserved 32768K
}
Event: 12.510 GC heap after
{Heap after GC invocations=5 (full 2):
 def new generation   total 1348352K, used 69744K [0x00007f3528600000, 0x00007f3583d00000, 0x00007f3a7db50000)
  eden space 1198592K,   5% used [0x00007f3528600000, 0x00007f352ca1c0c8, 0x00007f3571880000)
  from space 149760K,   0% used [0x00007f3571880000, 0x00007f3571880000, 0x00007f357aac0000)
  to   space 149760K,   0% used [0x00007f357aac0000, 0x00007f357aac0000, 0x00007f3583d00000)
 tenured generation   total 2996160K, used 1797695K [0x00007f3a7db50000, 0x00007f3b34940000, 0x00007f4528600000)
   the space 2996160K,  59% used [0x00007f3a7db50000, 0x00007f3aeb6dffa8, 0x00007f3aeb6e0000, 0x00007f3b34940000)
 Metaspace       used 31753K, capacity 32193K, committed 32512K, reserved 32768K
}
Event: 13.278 GC heap before
{Heap before GC invocations=5 (full 2):
 def new generation   total 1348352K, used 1198592K [0x00007f3528600000, 0x00007f3583d00000, 0x00007f3a7db50000)
  eden space 1198592K, 100% used [0x00007f3528600000, 0x00007f3571880000, 0x00007f3571880000)
  from space 149760K,   0% used [0x00007f3571880000, 0x00007f3571880000, 0x00007f357aac0000)
  to   space 149760K,   0% used [0x00007f357aac0000, 0x00007f357aac0000, 0x00007f3583d00000)
 tenured generation   total 2996160K, used 1797695K [0x00007f3a7db50000, 0x00007f3b34940000, 0x00007f4528600000)
   the space 2996160K,  59% used [0x00007f3a7db50000, 0x00007f3aeb6dffa8, 0x00007f3aeb6e0000, 0x00007f3b34940000)
 Metaspace       used 31755K, capacity 32193K, committed 32512K, reserved 32768K
}
Event: 15.848 GC heap after
{Heap after GC invocations=6 (full 2):
 def new generation   total 1348352K, used 149759K [0x00007f3528600000, 0x00007f3583d00000, 0x00007f3a7db50000)
  eden space 1198592K,   0% used [0x00007f3528600000, 0x00007f3528600000, 0x00007f3571880000)
  from space 149760K,  99% used [0x00007f357aac0000, 0x00007f3583cffe70, 0x00007f3583d00000)
  to   space 149760K,   0% used [0x00007f3571880000, 0x00007f3571880000, 0x00007f357aac0000)
 tenured generation   total 2996160K, used 2846469K [0x00007f3a7db50000, 0x00007f3b34940000, 0x00007f4528600000)
   the space 2996160K,  95% used [0x00007f3a7db50000, 0x00007f3b2b711688, 0x00007f3b2b711800, 0x00007f3b34940000)
 Metaspace       used 31755K, capacity 32193K, committed 32512K, reserved 32768K
}
Event: 16.593 GC heap before
{Heap before GC invocations=6 (full 2):
 def new generation   total 1348352K, used 1348351K [0x00007f3528600000, 0x00007f3583d00000, 0x00007f3a7db50000)
  eden space 1198592K, 100% used [0x00007f3528600000, 0x00007f3571880000, 0x00007f3571880000)
  from space 149760K,  99% used [0x00007f357aac0000, 0x00007f3583cffe70, 0x00007f3583d00000)
  to   space 149760K,   0% used [0x00007f3571880000, 0x00007f3571880000, 0x00007f357aac0000)
 tenured generation   total 2996160K, used 2846469K [0x00007f3a7db50000, 0x00007f3b34940000, 0x00007f4528600000)
   the space 2996160K,  95% used [0x00007f3a7db50000, 0x00007f3b2b711688, 0x00007f3b2b711800, 0x00007f3b34940000)
 Metaspace       used 31755K, capacity 32193K, committed 32512K, reserved 32768K
}
Event: 18.917 GC heap after
{Heap after GC invocations=7 (full 2):
 def new generation   total 1348352K, used 149759K [0x00007f3528600000, 0x00007f3583d00000, 0x00007f3a7db50000)
  eden space 1198592K,   0% used [0x00007f3528600000, 0x00007f3528600000, 0x00007f3571880000)
  from space 149760K,  99% used [0x00007f3571880000, 0x00007f357aabfe70, 0x00007f357aac0000)
  to   space 149760K,   0% used [0x00007f357aac0000, 0x00007f357aac0000, 0x00007f3583d00000)
 tenured generation   total 4045056K, used 4045000K [0x00007f3a7db50000, 0x00007f3b74990000, 0x00007f4528600000)
   the space 4045056K,  99% used [0x00007f3a7db50000, 0x00007f3b749823a8, 0x00007f3b74982400, 0x00007f3b74990000)
 Metaspace       used 31755K, capacity 32193K, committed 32512K, reserved 32768K
}
Event: 18.917 GC heap before
{Heap before GC invocations=7 (full 2):
 def new generation   total 1348352K, used 149759K [0x00007f3528600000, 0x00007f3583d00000, 0x00007f3a7db50000)
  eden space 1198592K,   0% used [0x00007f3528600000, 0x00007f3528600000, 0x00007f3571880000)
  from space 149760K,  99% used [0x00007f3571880000, 0x00007f357aabfe70, 0x00007f357aac0000)
  to   space 149760K,   0% used [0x00007f357aac0000, 0x00007f357aac0000, 0x00007f3583d00000)
 tenured generation   total 4045056K, used 4045000K [0x00007f3a7db50000, 0x00007f3b74990000, 0x00007f4528600000)
   the space 4045056K,  99% used [0x00007f3a7db50000, 0x00007f3b749823a8, 0x00007f3b74982400, 0x00007f3b74990000)
 Metaspace       used 31755K, capacity 32193K, committed 32512K, reserved 32768K
}
Event: 20.676 GC heap after
{Heap after GC invocations=7 (full 3):
 def new generation   total 3033856K, used 149705K [0x00007f3528600000, 0x00007f35f61f0000, 0x00007f3a7db50000)
  eden space 2696768K,   5% used [0x00007f3528600000, 0x00007f3531832578, 0x00007f35ccf90000)
  from space 337088K,   0% used [0x00007f35ccf90000, 0x00007f35ccf90000, 0x00007f35e18c0000)
  to   space 337088K,   0% used [0x00007f35e18c0000, 0x00007f35e18c0000, 0x00007f35f61f0000)
 tenured generation   total 6741760K, used 4045055K [0x00007f3a7db50000, 0x00007f3c19310000, 0x00007f4528600000)
   the space 6741760K,  59% used [0x00007f3a7db50000, 0x00007f3b7498fca0, 0x00007f3b7498fe00, 0x00007f3c19310000)
 Metaspace       used 31755K, capacity 32193K, committed 32512K, reserved 32768K
}
Event: 22.668 GC heap before
{Heap before GC invocations=7 (full 3):
 def new generation   total 3033856K, used 2696768K [0x00007f3528600000, 0x00007f35f61f0000, 0x00007f3a7db50000)
  eden space 2696768K, 100% used [0x00007f3528600000, 0x00007f35ccf90000, 0x00007f35ccf90000)
  from space 337088K,   0% used [0x00007f35ccf90000, 0x00007f35ccf90000, 0x00007f35e18c0000)
  to   space 337088K,   0% used [0x00007f35e18c0000, 0x00007f35e18c0000, 0x00007f35f61f0000)
 tenured generation   total 6741760K, used 4045055K [0x00007f3a7db50000, 0x00007f3c19310000, 0x00007f4528600000)
   the space 6741760K,  59% used [0x00007f3a7db50000, 0x00007f3b7498fca0, 0x00007f3b7498fe00, 0x00007f3c19310000)
 Metaspace       used 31755K, capacity 32193K, committed 32512K, reserved 32768K
}
Event: 28.347 GC heap after
{Heap after GC invocations=8 (full 3):
 def new generation   total 3033856K, used 337087K [0x00007f3528600000, 0x00007f35f61f0000, 0x00007f3a7db50000)
  eden space 2696768K,   0% used [0x00007f3528600000, 0x00007f3528600000, 0x00007f35ccf90000)
  from space 337088K,  99% used [0x00007f35e18c0000, 0x00007f35f61efe40, 0x00007f35f61f0000)
  to   space 337088K,   0% used [0x00007f35ccf90000, 0x00007f35ccf90000, 0x00007f35e18c0000)
 tenured generation   total 6741760K, used 6404685K [0x00007f3a7db50000, 0x00007f3c19310000, 0x00007f4528600000)
   the space 6741760K,  95% used [0x00007f3a7db50000, 0x00007f3c049e35f8, 0x00007f3c049e3600, 0x00007f3c19310000)
 Metaspace       used 31755K, capacity 32193K, committed 32512K, reserved 32768K
}
Event: 30.098 GC heap before
{Heap before GC invocations=8 (full 3):
 def new generation   total 3033856K, used 3033855K [0x00007f3528600000, 0x00007f35f61f0000, 0x00007f3a7db50000)
  eden space 2696768K, 100% used [0x00007f3528600000, 0x00007f35ccf90000, 0x00007f35ccf90000)
  from space 337088K,  99% used [0x00007f35e18c0000, 0x00007f35f61efe40, 0x00007f35f61f0000)
  to   space 337088K,   0% used [0x00007f35ccf90000, 0x00007f35ccf90000, 0x00007f35e18c0000)
 tenured generation   total 6741760K, used 6404685K [0x00007f3a7db50000, 0x00007f3c19310000, 0x00007f4528600000)
   the space 6741760K,  95% used [0x00007f3a7db50000, 0x00007f3c049e35f8, 0x00007f3c049e3600, 0x00007f3c19310000)
 Metaspace       used 31755K, capacity 32193K, committed 32512K, reserved 32768K
}
Event: 36.268 GC heap after
{Heap after GC invocations=9 (full 3):
 def new generation   total 3033856K, used 337087K [0x00007f3528600000, 0x00007f35f61f0000, 0x00007f3a7db50000)
  eden space 2696768K,   0% used [0x00007f3528600000, 0x00007f3528600000, 0x00007f35ccf90000)
  from space 337088K,  99% used [0x00007f35ccf90000, 0x00007f35e18bfe40, 0x00007f35e18c0000)
  to   space 337088K,   0% used [0x00007f35e18c0000, 0x00007f35e18c0000, 0x00007f35f61f0000)
 tenured generation   total 9101440K, used 9101389K [0x00007f3a7db50000, 0x00007f3ca9370000, 0x00007f4528600000)
   the space 9101440K,  99% used [0x00007f3a7db50000, 0x00007f3ca9363440, 0x00007f3ca9363600, 0x00007f3ca9370000)
 Metaspace       used 31755K, capacity 32193K, committed 32512K, reserved 32768K
}
Event: 36.268 GC heap before
{Heap before GC invocations=9 (full 3):
 def new generation   total 3033856K, used 337087K [0x00007f3528600000, 0x00007f35f61f0000, 0x00007f3a7db50000)
  eden space 2696768K,   0% used [0x00007f3528600000, 0x00007f3528600000, 0x00007f35ccf90000)
  from space 337088K,  99% used [0x00007f35ccf90000, 0x00007f35e18bfe40, 0x00007f35e18c0000)
  to   space 337088K,   0% used [0x00007f35e18c0000, 0x00007f35e18c0000, 0x00007f35f61f0000)
 tenured generation   total 9101440K, used 9101389K [0x00007f3a7db50000, 0x00007f3ca9370000, 0x00007f4528600000)
   the space 9101440K,  99% used [0x00007f3a7db50000, 0x00007f3ca9363440, 0x00007f3ca9363600, 0x00007f3ca9370000)
 Metaspace       used 31755K, capacity 32193K, committed 32512K, reserved 32768K
}

