# JRE version: OpenJDK Runtime Environment (13.0.7+5) (build 13.0.7+5-Ubuntu-0ubuntu120.04)
# Java VM: OpenJDK 64-Bit Server VM (13.0.7+5-Ubuntu-0ubuntu120.04, mixed mode, tiered, serial gc, linux-amd64)
Heap:
 def new generation   total 5207872K, used 578623K [0x00007f8b78600000, 0x00007f8cd98e0000, 0x00007f90cdb50000)
  eden space 4629248K,  12% used [0x00007f8b78600000, 0x00007f8b9bb0ffe0, 0x00007f8c92ec0000)
  from space 578624K,   0% used [0x00007f8c92ec0000, 0x00007f8c92ec0000, 0x00007f8cb63d0000)
  to   space 578624K,   0% used [0x00007f8cb63d0000, 0x00007f8cb63d0000, 0x00007f8cd98e0000)
 tenured generation   total 13070340K, used 13070310K [0x00007f90cdb50000, 0x00007f93eb751000, 0x00007f9b78600000)
   the space 13070340K,  99% used [0x00007f90cdb50000, 0x00007f93eb749ba8, 0x00007f93eb749c00, 0x00007f93eb751000)
 Metaspace       used 31726K, capacity 32169K, committed 32512K, reserved 32768K
GC Heap History (20 events):
Event: 22.908 GC heap after
{Heap after GC invocations=9 (full 2):
 def new generation   total 1118592K, used 124287K [0x00007f8b78600000, 0x00007f8bc43c0000, 0x00007f90cdb50000)
  eden space 994304K,   0% used [0x00007f8b78600000, 0x00007f8b78600000, 0x00007f8bb5100000)
  from space 124288K,  99% used [0x00007f8bb5100000, 0x00007f8bbca5fed8, 0x00007f8bbca60000)
  to   space 124288K,   0% used [0x00007f8bbca60000, 0x00007f8bbca60000, 0x00007f8bc43c0000)
 tenured generation   total 2489952K, used 2489780K [0x00007f90cdb50000, 0x00007f9165ae8000, 0x00007f9b78600000)
   the space 2489952K,  99% used [0x00007f90cdb50000, 0x00007f9165abd190, 0x00007f9165abd200, 0x00007f9165ae8000)
 Metaspace       used 31726K, capacity 32169K, committed 32512K, reserved 32768K
}
Event: 22.908 GC heap before
{Heap before GC invocations=9 (full 2):
 def new generation   total 1118592K, used 124287K [0x00007f8b78600000, 0x00007f8bc43c0000, 0x00007f90cdb50000)
  eden space 994304K,   0% used [0x00007f8b78600000, 0x00007f8b78600000, 0x00007f8bb5100000)
  from space 124288K,  99% used [0x00007f8bb5100000, 0x00007f8bbca5fed8, 0x00007f8bbca60000)
  to   space 124288K,   0% used [0x00007f8bbca60000, 0x00007f8bbca60000, 0x00007f8bc43c0000)
 tenured generation   total 2489952K, used 2489780K [0x00007f90cdb50000, 0x00007f9165ae8000, 0x00007f9b78600000)
   the space 2489952K,  99% used [0x00007f90cdb50000, 0x00007f9165abd190, 0x00007f9165abd200, 0x00007f9165ae8000)
 Metaspace       used 31726K, capacity 32169K, committed 32512K, reserved 32768K
}
Event: 24.756 GC heap after
{Heap after GC invocations=9 (full 3):
 def new generation   total 1867456K, used 124159K [0x00007f8b78600000, 0x00007f8bf7050000, 0x00007f90cdb50000)
  eden space 1659968K,   7% used [0x00007f8b78600000, 0x00007f8b7ff3fea8, 0x00007f8bddb10000)
  from space 207488K,   0% used [0x00007f8bddb10000, 0x00007f8bddb10000, 0x00007f8bea5b0000)
  to   space 207488K,   0% used [0x00007f8bea5b0000, 0x00007f8bea5b0000, 0x00007f8bf7050000)
 tenured generation   total 4149848K, used 2489908K [0x00007f90cdb50000, 0x00007f91cafe6000, 0x00007f9b78600000)
   the space 4149848K,  59% used [0x00007f90cdb50000, 0x00007f9165add1c0, 0x00007f9165add200, 0x00007f91cafe6000)
 Metaspace       used 31726K, capacity 32169K, committed 32512K, reserved 32768K
}
Event: 26.993 GC heap before
{Heap before GC invocations=9 (full 3):
 def new generation   total 1867456K, used 1659968K [0x00007f8b78600000, 0x00007f8bf7050000, 0x00007f90cdb50000)
  eden space 1659968K, 100% used [0x00007f8b78600000, 0x00007f8bddb10000, 0x00007f8bddb10000)
  from space 207488K,   0% used [0x00007f8bddb10000, 0x00007f8bddb10000, 0x00007f8bea5b0000)
  to   space 207488K,   0% used [0x00007f8bea5b0000, 0x00007f8bea5b0000, 0x00007f8bf7050000)
 tenured generation   total 4149848K, used 2489908K [0x00007f90cdb50000, 0x00007f91cafe6000, 0x00007f9b78600000)
   the space 4149848K,  59% used [0x00007f90cdb50000, 0x00007f9165add1c0, 0x00007f9165add200, 0x00007f91cafe6000)
 Metaspace       used 31726K, capacity 32169K, committed 32512K, reserved 32768K
}
Event: 29.685 GC heap after
{Heap after GC invocations=10 (full 3):
 def new generation   total 1867456K, used 207487K [0x00007f8b78600000, 0x00007f8bf7050000, 0x00007f90cdb50000)
  eden space 1659968K,   0% used [0x00007f8b78600000, 0x00007f8b78600000, 0x00007f8bddb10000)
  from space 207488K,  99% used [0x00007f8bea5b0000, 0x00007f8bf704feb0, 0x00007f8bf7050000)
  to   space 207488K,   0% used [0x00007f8bddb10000, 0x00007f8bddb10000, 0x00007f8bea5b0000)
 tenured generation   total 4149848K, used 3247053K [0x00007f90cdb50000, 0x00007f91cafe6000, 0x00007f9b78600000)
   the space 4149848K,  78% used [0x00007f90cdb50000, 0x00007f9193e435d0, 0x00007f9193e43600, 0x00007f91cafe6000)
 Metaspace       used 31726K, capacity 32169K, committed 32512K, reserved 32768K
}
Event: 31.854 GC heap before
{Heap before GC invocations=10 (full 3):
 def new generation   total 1867456K, used 1867455K [0x00007f8b78600000, 0x00007f8bf7050000, 0x00007f90cdb50000)
  eden space 1659968K, 100% used [0x00007f8b78600000, 0x00007f8bddb10000, 0x00007f8bddb10000)
  from space 207488K,  99% used [0x00007f8bea5b0000, 0x00007f8bf704feb0, 0x00007f8bf7050000)
  to   space 207488K,   0% used [0x00007f8bddb10000, 0x00007f8bddb10000, 0x00007f8bea5b0000)
 tenured generation   total 4149848K, used 3247053K [0x00007f90cdb50000, 0x00007f91cafe6000, 0x00007f9b78600000)
   the space 4149848K,  78% used [0x00007f90cdb50000, 0x00007f9193e435d0, 0x00007f9193e43600, 0x00007f91cafe6000)
 Metaspace       used 31726K, capacity 32169K, committed 32512K, reserved 32768K
}
Event: 34.310 GC heap after
{Heap after GC invocations=11 (full 3):
 def new generation   total 1867456K, used 207487K [0x00007f8b78600000, 0x00007f8bf7050000, 0x00007f90cdb50000)
  eden space 1659968K,   0% used [0x00007f8b78600000, 0x00007f8b78600000, 0x00007f8bddb10000)
  from space 207488K,  99% used [0x00007f8bddb10000, 0x00007f8bea5aff00, 0x00007f8bea5b0000)
  to   space 207488K,   0% used [0x00007f8bea5b0000, 0x00007f8bea5b0000, 0x00007f8bf7050000)
 tenured generation   total 4158104K, used 4157934K [0x00007f90cdb50000, 0x00007f91cb7f6000, 0x00007f9b78600000)
   the space 4158104K,  99% used [0x00007f90cdb50000, 0x00007f91cb7cbb78, 0x00007f91cb7cbc00, 0x00007f91cb7f6000)
 Metaspace       used 31726K, capacity 32169K, committed 32512K, reserved 32768K
}
Event: 34.310 GC heap before
{Heap before GC invocations=11 (full 3):
 def new generation   total 1867456K, used 207487K [0x00007f8b78600000, 0x00007f8bf7050000, 0x00007f90cdb50000)
  eden space 1659968K,   0% used [0x00007f8b78600000, 0x00007f8b78600000, 0x00007f8bddb10000)
  from space 207488K,  99% used [0x00007f8bddb10000, 0x00007f8bea5aff00, 0x00007f8bea5b0000)
  to   space 207488K,   0% used [0x00007f8bea5b0000, 0x00007f8bea5b0000, 0x00007f8bf7050000)
 tenured generation   total 4158104K, used 4157934K [0x00007f90cdb50000, 0x00007f91cb7f6000, 0x00007f9b78600000)
   the space 4158104K,  99% used [0x00007f90cdb50000, 0x00007f91cb7cbb78, 0x00007f91cb7cbc00, 0x00007f91cb7f6000)
 Metaspace       used 31726K, capacity 32169K, committed 32512K, reserved 32768K
}
Event: 42.038 GC heap after
{Heap after GC invocations=11 (full 4):
 def new generation   total 3118656K, used 201853K [0x00007f8b78600000, 0x00007f8c4bdf0000, 0x00007f90cdb50000)
  eden space 2772160K,   7% used [0x00007f8b78600000, 0x00007f8b84b1f6c0, 0x00007f8c21930000)
  from space 346496K,   0% used [0x00007f8c21930000, 0x00007f8c21930000, 0x00007f8c36b90000)
  to   space 346496K,   0% used [0x00007f8c36b90000, 0x00007f8c36b90000, 0x00007f8c4bdf0000)
 tenured generation   total 6930172K, used 4158102K [0x00007f90cdb50000, 0x00007f9274b0f000, 0x00007f9b78600000)
   the space 6930172K,  59% used [0x00007f90cdb50000, 0x00007f91cb7f5b50, 0x00007f91cb7f5c00, 0x00007f9274b0f000)
 Metaspace       used 31726K, capacity 32169K, committed 32512K, reserved 32768K
}
Event: 46.145 GC heap before
{Heap before GC invocations=11 (full 4):
 def new generation   total 3118656K, used 2772160K [0x00007f8b78600000, 0x00007f8c4bdf0000, 0x00007f90cdb50000)
  eden space 2772160K, 100% used [0x00007f8b78600000, 0x00007f8c21930000, 0x00007f8c21930000)
  from space 346496K,   0% used [0x00007f8c21930000, 0x00007f8c21930000, 0x00007f8c36b90000)
  to   space 346496K,   0% used [0x00007f8c36b90000, 0x00007f8c36b90000, 0x00007f8c4bdf0000)
 tenured generation   total 6930172K, used 4158102K [0x00007f90cdb50000, 0x00007f9274b0f000, 0x00007f9b78600000)
   the space 6930172K,  59% used [0x00007f90cdb50000, 0x00007f91cb7f5b50, 0x00007f91cb7f5c00, 0x00007f9274b0f000)
 Metaspace       used 31726K, capacity 32169K, committed 32512K, reserved 32768K
}
Event: 50.091 GC heap after
{Heap after GC invocations=12 (full 4):
 def new generation   total 3118656K, used 346495K [0x00007f8b78600000, 0x00007f8c4bdf0000, 0x00007f90cdb50000)
  eden space 2772160K,   0% used [0x00007f8b78600000, 0x00007f8b78600000, 0x00007f8c21930000)
  from space 346496K,  99% used [0x00007f8c36b90000, 0x00007f8c4bdefff0, 0x00007f8c4bdf0000)
  to   space 346496K,   0% used [0x00007f8c21930000, 0x00007f8c21930000, 0x00007f8c36b90000)
 tenured generation   total 6930172K, used 5422514K [0x00007f90cdb50000, 0x00007f9274b0f000, 0x00007f9b78600000)
   the space 6930172K,  78% used [0x00007f90cdb50000, 0x00007f9218abc910, 0x00007f9218abca00, 0x00007f9274b0f000)
 Metaspace       used 31726K, capacity 32169K, committed 32512K, reserved 32768K
}
Event: 53.664 GC heap before
{Heap before GC invocations=12 (full 4):
 def new generation   total 3118656K, used 3118655K [0x00007f8b78600000, 0x00007f8c4bdf0000, 0x00007f90cdb50000)
  eden space 2772160K, 100% used [0x00007f8b78600000, 0x00007f8c21930000, 0x00007f8c21930000)
  from space 346496K,  99% used [0x00007f8c36b90000, 0x00007f8c4bdefff0, 0x00007f8c4bdf0000)
  to   space 346496K,   0% used [0x00007f8c21930000, 0x00007f8c21930000, 0x00007f8c36b90000)
 tenured generation   total 6930172K, used 5422514K [0x00007f90cdb50000, 0x00007f9274b0f000, 0x00007f9b78600000)
   the space 6930172K,  78% used [0x00007f90cdb50000, 0x00007f9218abc910, 0x00007f9218abca00, 0x00007f9274b0f000)
 Metaspace       used 31726K, capacity 32169K, committed 32512K, reserved 32768K
}
Event: 57.540 GC heap after
{Heap after GC invocations=13 (full 4):
 def new generation   total 3118656K, used 346495K [0x00007f8b78600000, 0x00007f8c4bdf0000, 0x00007f90cdb50000)
  eden space 2772160K,   0% used [0x00007f8b78600000, 0x00007f8b78600000, 0x00007f8c21930000)
  from space 346496K,  99% used [0x00007f8c21930000, 0x00007f8c36b8ffc0, 0x00007f8c36b90000)
  to   space 346496K,   0% used [0x00007f8c36b90000, 0x00007f8c36b90000, 0x00007f8c4bdf0000)
 tenured generation   total 6943804K, used 6943757K [0x00007f90cdb50000, 0x00007f927585f000, 0x00007f9b78600000)
   the space 6943804K,  99% used [0x00007f90cdb50000, 0x00007f9275853578, 0x00007f9275853600, 0x00007f927585f000)
 Metaspace       used 31726K, capacity 32169K, committed 32512K, reserved 32768K
}
Event: 57.540 GC heap before
{Heap before GC invocations=13 (full 4):
 def new generation   total 3118656K, used 346495K [0x00007f8b78600000, 0x00007f8c4bdf0000, 0x00007f90cdb50000)
  eden space 2772160K,   0% used [0x00007f8b78600000, 0x00007f8b78600000, 0x00007f8c21930000)
  from space 346496K,  99% used [0x00007f8c21930000, 0x00007f8c36b8ffc0, 0x00007f8c36b90000)
  to   space 346496K,   0% used [0x00007f8c36b90000, 0x00007f8c36b90000, 0x00007f8c4bdf0000)
 tenured generation   total 6943804K, used 6943757K [0x00007f90cdb50000, 0x00007f927585f000, 0x00007f9b78600000)
   the space 6943804K,  99% used [0x00007f90cdb50000, 0x00007f9275853578, 0x00007f9275853600, 0x00007f927585f000)
 Metaspace       used 31726K, capacity 32169K, committed 32512K, reserved 32768K
}
Event: 63.791 GC heap after
{Heap after GC invocations=13 (full 5):
 def new generation   total 5207872K, used 346495K [0x00007f8b78600000, 0x00007f8cd98e0000, 0x00007f90cdb50000)
  eden space 4629248K,   7% used [0x00007f8b78600000, 0x00007f8b8d85ffc0, 0x00007f8c92ec0000)
  from space 578624K,   0% used [0x00007f8c92ec0000, 0x00007f8c92ec0000, 0x00007f8cb63d0000)
  to   space 578624K,   0% used [0x00007f8cb63d0000, 0x00007f8cb63d0000, 0x00007f8cd98e0000)
 tenured generation   total 11572932K, used 6943757K [0x00007f90cdb50000, 0x00007f9390101000, 0x00007f9b78600000)
   the space 11572932K,  59% used [0x00007f90cdb50000, 0x00007f9275853578, 0x00007f9275853600, 0x00007f9390101000)
 Metaspace       used 31726K, capacity 32169K, committed 32512K, reserved 32768K
}
Event: 75.566 GC heap before
{Heap before GC invocations=13 (full 5):
 def new generation   total 5207872K, used 4629248K [0x00007f8b78600000, 0x00007f8cd98e0000, 0x00007f90cdb50000)
  eden space 4629248K, 100% used [0x00007f8b78600000, 0x00007f8c92ec0000, 0x00007f8c92ec0000)
  from space 578624K,   0% used [0x00007f8c92ec0000, 0x00007f8c92ec0000, 0x00007f8cb63d0000)
  to   space 578624K,   0% used [0x00007f8cb63d0000, 0x00007f8cb63d0000, 0x00007f8cd98e0000)
 tenured generation   total 11572932K, used 6943757K [0x00007f90cdb50000, 0x00007f9390101000, 0x00007f9b78600000)
   the space 11572932K,  59% used [0x00007f90cdb50000, 0x00007f9275853578, 0x00007f9275853600, 0x00007f9390101000)
 Metaspace       used 31726K, capacity 32169K, committed 32512K, reserved 32768K
}
Event: 83.172 GC heap after
{Heap after GC invocations=14 (full 5):
 def new generation   total 5207872K, used 578623K [0x00007f8b78600000, 0x00007f8cd98e0000, 0x00007f90cdb50000)
  eden space 4629248K,   0% used [0x00007f8b78600000, 0x00007f8b78600000, 0x00007f8c92ec0000)
  from space 578624K,  99% used [0x00007f8cb63d0000, 0x00007f8cd98dff70, 0x00007f8cd98e0000)
  to   space 578624K,   0% used [0x00007f8c92ec0000, 0x00007f8c92ec0000, 0x00007f8cb63d0000)
 tenured generation   total 11572932K, used 9641426K [0x00007f90cdb50000, 0x00007f9390101000, 0x00007f9b78600000)
   the space 11572932K,  83% used [0x00007f90cdb50000, 0x00007f931a2c4850, 0x00007f931a2c4a00, 0x00007f9390101000)
 Metaspace       used 31726K, capacity 32169K, committed 32512K, reserved 32768K
}
Event: 116.597 GC heap before
{Heap before GC invocations=14 (full 5):
 def new generation   total 5207872K, used 5207871K [0x00007f8b78600000, 0x00007f8cd98e0000, 0x00007f90cdb50000)
  eden space 4629248K, 100% used [0x00007f8b78600000, 0x00007f8c92ec0000, 0x00007f8c92ec0000)
  from space 578624K,  99% used [0x00007f8cb63d0000, 0x00007f8cd98dff70, 0x00007f8cd98e0000)
  to   space 578624K,   0% used [0x00007f8c92ec0000, 0x00007f8c92ec0000, 0x00007f8cb63d0000)
 tenured generation   total 11572932K, used 9641426K [0x00007f90cdb50000, 0x00007f9390101000, 0x00007f9b78600000)
   the space 11572932K,  83% used [0x00007f90cdb50000, 0x00007f931a2c4850, 0x00007f931a2c4a00, 0x00007f9390101000)
 Metaspace       used 31726K, capacity 32169K, committed 32512K, reserved 32768K
}
Event: 123.364 GC heap after
{Heap after GC invocations=15 (full 5):
 def new generation   total 5207872K, used 578623K [0x00007f8b78600000, 0x00007f8cd98e0000, 0x00007f90cdb50000)
  eden space 4629248K,   0% used [0x00007f8b78600000, 0x00007f8b78600000, 0x00007f8c92ec0000)
  from space 578624K,  99% used [0x00007f8c92ec0000, 0x00007f8cb63cfff8, 0x00007f8cb63d0000)
  to   space 578624K,   0% used [0x00007f8cb63d0000, 0x00007f8cb63d0000, 0x00007f8cd98e0000)
 tenured generation   total 13070340K, used 13070310K [0x00007f90cdb50000, 0x00007f93eb751000, 0x00007f9b78600000)
   the space 13070340K,  99% used [0x00007f90cdb50000, 0x00007f93eb749b90, 0x00007f93eb749c00, 0x00007f93eb751000)
 Metaspace       used 31726K, capacity 32169K, committed 32512K, reserved 32768K
}
Event: 123.364 GC heap before
{Heap before GC invocations=15 (full 5):
 def new generation   total 5207872K, used 578623K [0x00007f8b78600000, 0x00007f8cd98e0000, 0x00007f90cdb50000)
  eden space 4629248K,   0% used [0x00007f8b78600000, 0x00007f8b78600000, 0x00007f8c92ec0000)
  from space 578624K,  99% used [0x00007f8c92ec0000, 0x00007f8cb63cfff8, 0x00007f8cb63d0000)
  to   space 578624K,   0% used [0x00007f8cb63d0000, 0x00007f8cb63d0000, 0x00007f8cd98e0000)
 tenured generation   total 13070340K, used 13070310K [0x00007f90cdb50000, 0x00007f93eb751000, 0x00007f9b78600000)
   the space 13070340K,  99% used [0x00007f90cdb50000, 0x00007f93eb749b90, 0x00007f93eb749c00, 0x00007f93eb751000)
 Metaspace       used 31726K, capacity 32169K, committed 32512K, reserved 32768K
}

