# JRE version: OpenJDK Runtime Environment (13.0.7+5) (build 13.0.7+5-Ubuntu-0ubuntu120.04)
# Java VM: OpenJDK 64-Bit Server VM (13.0.7+5-Ubuntu-0ubuntu120.04, mixed mode, tiered, serial gc, linux-amd64)
Heap:
 def new generation   total 2513344K, used 273712K [0x00007efe88600000, 0x00007eff32d20000, 0x00007f03ddb50000)
  eden space 2234112K,  12% used [0x00007efe88600000, 0x00007efe9914c0e0, 0x00007eff10bc0000)
  from space 279232K,   0% used [0x00007eff10bc0000, 0x00007eff10bc0000, 0x00007eff21c70000)
  to   space 279232K,   0% used [0x00007eff21c70000, 0x00007eff21c70000, 0x00007eff32d20000)
 tenured generation   total 7540012K, used 7540011K [0x00007f03ddb50000, 0x00007f05a9e9b000, 0x00007f0e88600000)
   the space 7540012K,  99% used [0x00007f03ddb50000, 0x00007f05a9e9ae48, 0x00007f05a9e9b000, 0x00007f05a9e9b000)
 Metaspace       used 31798K, capacity 32244K, committed 32512K, reserved 32768K
GC Heap History (20 events):
Event: 6.850 GC heap after
{Heap after GC invocations=2 (full 1):
 def new generation   total 629248K, used 7457K [0x00007efe88600000, 0x00007efeb30c0000, 0x00007f03ddb50000)
  eden space 559360K,   0% used [0x00007efe88600000, 0x00007efe88600000, 0x00007efeaa840000)
  from space 69888K,  10% used [0x00007efeaec80000, 0x00007efeaf3c8680, 0x00007efeb30c0000)
  to   space 69888K,   0% used [0x00007efeaa840000, 0x00007efeaa840000, 0x00007efeaec80000)
 tenured generation   total 1398144K, used 13963K [0x00007f03ddb50000, 0x00007f04330b0000, 0x00007f0e88600000)
   the space 1398144K,   0% used [0x00007f03ddb50000, 0x00007f03de8f2f50, 0x00007f03de8f3000, 0x00007f04330b0000)
 Metaspace       used 31794K, capacity 32244K, committed 32512K, reserved 32768K
}
Event: 7.574 GC heap before
{Heap before GC invocations=2 (full 1):
 def new generation   total 629248K, used 566817K [0x00007efe88600000, 0x00007efeb30c0000, 0x00007f03ddb50000)
  eden space 559360K, 100% used [0x00007efe88600000, 0x00007efeaa840000, 0x00007efeaa840000)
  from space 69888K,  10% used [0x00007efeaec80000, 0x00007efeaf3c8680, 0x00007efeb30c0000)
  to   space 69888K,   0% used [0x00007efeaa840000, 0x00007efeaa840000, 0x00007efeaec80000)
 tenured generation   total 1398144K, used 13963K [0x00007f03ddb50000, 0x00007f04330b0000, 0x00007f0e88600000)
   the space 1398144K,   0% used [0x00007f03ddb50000, 0x00007f03de8f2f50, 0x00007f03de8f3000, 0x00007f04330b0000)
 Metaspace       used 31798K, capacity 32244K, committed 32512K, reserved 32768K
}
Event: 7.971 GC heap after
{Heap after GC invocations=3 (full 1):
 def new generation   total 629248K, used 69887K [0x00007efe88600000, 0x00007efeb30c0000, 0x00007f03ddb50000)
  eden space 559360K,   0% used [0x00007efe88600000, 0x00007efe88600000, 0x00007efeaa840000)
  from space 69888K,  99% used [0x00007efeaa840000, 0x00007efeaec7fff8, 0x00007efeaec80000)
  to   space 69888K,   0% used [0x00007efeaec80000, 0x00007efeaec80000, 0x00007efeb30c0000)
 tenured generation   total 1398144K, used 370622K [0x00007f03ddb50000, 0x00007f04330b0000, 0x00007f0e88600000)
   the space 1398144K,  26% used [0x00007f03ddb50000, 0x00007f03f453fa08, 0x00007f03f453fc00, 0x00007f04330b0000)
 Metaspace       used 31798K, capacity 32244K, committed 32512K, reserved 32768K
}
Event: 8.159 GC heap before
{Heap before GC invocations=3 (full 1):
 def new generation   total 629248K, used 629247K [0x00007efe88600000, 0x00007efeb30c0000, 0x00007f03ddb50000)
  eden space 559360K, 100% used [0x00007efe88600000, 0x00007efeaa840000, 0x00007efeaa840000)
  from space 69888K,  99% used [0x00007efeaa840000, 0x00007efeaec7fff8, 0x00007efeaec80000)
  to   space 69888K,   0% used [0x00007efeaec80000, 0x00007efeaec80000, 0x00007efeb30c0000)
 tenured generation   total 1398144K, used 370622K [0x00007f03ddb50000, 0x00007f04330b0000, 0x00007f0e88600000)
   the space 1398144K,  26% used [0x00007f03ddb50000, 0x00007f03f453fa08, 0x00007f03f453fc00, 0x00007f04330b0000)
 Metaspace       used 31798K, capacity 32244K, committed 32512K, reserved 32768K
}
Event: 8.693 GC heap after
{Heap after GC invocations=4 (full 1):
 def new generation   total 629248K, used 69887K [0x00007efe88600000, 0x00007efeb30c0000, 0x00007f03ddb50000)
  eden space 559360K,   0% used [0x00007efe88600000, 0x00007efe88600000, 0x00007efeaa840000)
  from space 69888K,  99% used [0x00007efeaec80000, 0x00007efeb30bfde8, 0x00007efeb30c0000)
  to   space 69888K,   0% used [0x00007efeaa840000, 0x00007efeaa840000, 0x00007efeaec80000)
 tenured generation   total 1398144K, used 929937K [0x00007f03ddb50000, 0x00007f04330b0000, 0x00007f0e88600000)
   the space 1398144K,  66% used [0x00007f03ddb50000, 0x00007f0416774708, 0x00007f0416774800, 0x00007f04330b0000)
 Metaspace       used 31798K, capacity 32244K, committed 32512K, reserved 32768K
}
Event: 8.887 GC heap before
{Heap before GC invocations=4 (full 1):
 def new generation   total 629248K, used 629247K [0x00007efe88600000, 0x00007efeb30c0000, 0x00007f03ddb50000)
  eden space 559360K, 100% used [0x00007efe88600000, 0x00007efeaa840000, 0x00007efeaa840000)
  from space 69888K,  99% used [0x00007efeaec80000, 0x00007efeb30bfde8, 0x00007efeb30c0000)
  to   space 69888K,   0% used [0x00007efeaa840000, 0x00007efeaa840000, 0x00007efeaec80000)
 tenured generation   total 1398144K, used 929937K [0x00007f03ddb50000, 0x00007f04330b0000, 0x00007f0e88600000)
   the space 1398144K,  66% used [0x00007f03ddb50000, 0x00007f0416774708, 0x00007f0416774800, 0x00007f04330b0000)
 Metaspace       used 31798K, capacity 32244K, committed 32512K, reserved 32768K
}
Event: 9.421 GC heap after
{Heap after GC invocations=5 (full 1):
 def new generation   total 629248K, used 69887K [0x00007efe88600000, 0x00007efeb30c0000, 0x00007f03ddb50000)
  eden space 559360K,   0% used [0x00007efe88600000, 0x00007efe88600000, 0x00007efeaa840000)
  from space 69888K,  99% used [0x00007efeaa840000, 0x00007efeaec7fde8, 0x00007efeaec80000)
  to   space 69888K,   0% used [0x00007efeaec80000, 0x00007efeaec80000, 0x00007efeb30c0000)
 tenured generation   total 1489344K, used 1489259K [0x00007f03ddb50000, 0x00007f04389c0000, 0x00007f0e88600000)
   the space 1489344K,  99% used [0x00007f03ddb50000, 0x00007f04389aaea0, 0x00007f04389ab000, 0x00007f04389c0000)
 Metaspace       used 31798K, capacity 32244K, committed 32512K, reserved 32768K
}
Event: 9.421 GC heap before
{Heap before GC invocations=5 (full 1):
 def new generation   total 629248K, used 69887K [0x00007efe88600000, 0x00007efeb30c0000, 0x00007f03ddb50000)
  eden space 559360K,   0% used [0x00007efe88600000, 0x00007efe88600000, 0x00007efeaa840000)
  from space 69888K,  99% used [0x00007efeaa840000, 0x00007efeaec7fde8, 0x00007efeaec80000)
  to   space 69888K,   0% used [0x00007efeaec80000, 0x00007efeaec80000, 0x00007efeb30c0000)
 tenured generation   total 1489344K, used 1489259K [0x00007f03ddb50000, 0x00007f04389c0000, 0x00007f0e88600000)
   the space 1489344K,  99% used [0x00007f03ddb50000, 0x00007f04389aaea0, 0x00007f04389ab000, 0x00007f04389c0000)
 Metaspace       used 31798K, capacity 32244K, committed 32512K, reserved 32768K
}
Event: 9.930 GC heap after
{Heap after GC invocations=5 (full 2):
 def new generation   total 1117056K, used 69803K [0x00007efe88600000, 0x00007efed4210000, 0x00007f03ddb50000)
  eden space 992960K,   7% used [0x00007efe88600000, 0x00007efe8ca2ae38, 0x00007efec4fb0000)
  from space 124096K,   0% used [0x00007efec4fb0000, 0x00007efec4fb0000, 0x00007efecc8e0000)
  to   space 124096K,   0% used [0x00007efecc8e0000, 0x00007efecc8e0000, 0x00007efed4210000)
 tenured generation   total 2482240K, used 1489343K [0x00007f03ddb50000, 0x00007f0475360000, 0x00007f0e88600000)
   the space 2482240K,  59% used [0x00007f03ddb50000, 0x00007f04389bfe50, 0x00007f04389c0000, 0x00007f0475360000)
 Metaspace       used 31798K, capacity 32244K, committed 32512K, reserved 32768K
}
Event: 10.296 GC heap before
{Heap before GC invocations=5 (full 2):
 def new generation   total 1117056K, used 992960K [0x00007efe88600000, 0x00007efed4210000, 0x00007f03ddb50000)
  eden space 992960K, 100% used [0x00007efe88600000, 0x00007efec4fb0000, 0x00007efec4fb0000)
  from space 124096K,   0% used [0x00007efec4fb0000, 0x00007efec4fb0000, 0x00007efecc8e0000)
  to   space 124096K,   0% used [0x00007efecc8e0000, 0x00007efecc8e0000, 0x00007efed4210000)
 tenured generation   total 2482240K, used 1489343K [0x00007f03ddb50000, 0x00007f0475360000, 0x00007f0e88600000)
   the space 2482240K,  59% used [0x00007f03ddb50000, 0x00007f04389bfe50, 0x00007f04389c0000, 0x00007f0475360000)
 Metaspace       used 31798K, capacity 32244K, committed 32512K, reserved 32768K
}
Event: 11.865 GC heap after
{Heap after GC invocations=6 (full 2):
 def new generation   total 1117056K, used 124095K [0x00007efe88600000, 0x00007efed4210000, 0x00007f03ddb50000)
  eden space 992960K,   0% used [0x00007efe88600000, 0x00007efe88600000, 0x00007efec4fb0000)
  from space 124096K,  99% used [0x00007efecc8e0000, 0x00007efed420ff90, 0x00007efed4210000)
  to   space 124096K,   0% used [0x00007efec4fb0000, 0x00007efec4fb0000, 0x00007efecc8e0000)
 tenured generation   total 2482240K, used 2358126K [0x00007f03ddb50000, 0x00007f0475360000, 0x00007f0e88600000)
   the space 2482240K,  94% used [0x00007f03ddb50000, 0x00007f046da2b978, 0x00007f046da2ba00, 0x00007f0475360000)
 Metaspace       used 31798K, capacity 32244K, committed 32512K, reserved 32768K
}
Event: 12.228 GC heap before
{Heap before GC invocations=6 (full 2):
 def new generation   total 1117056K, used 1117055K [0x00007efe88600000, 0x00007efed4210000, 0x00007f03ddb50000)
  eden space 992960K, 100% used [0x00007efe88600000, 0x00007efec4fb0000, 0x00007efec4fb0000)
  from space 124096K,  99% used [0x00007efecc8e0000, 0x00007efed420ff90, 0x00007efed4210000)
  to   space 124096K,   0% used [0x00007efec4fb0000, 0x00007efec4fb0000, 0x00007efecc8e0000)
 tenured generation   total 2482240K, used 2358126K [0x00007f03ddb50000, 0x00007f0475360000, 0x00007f0e88600000)
   the space 2482240K,  94% used [0x00007f03ddb50000, 0x00007f046da2b978, 0x00007f046da2ba00, 0x00007f0475360000)
 Metaspace       used 31798K, capacity 32244K, committed 32512K, reserved 32768K
}
Event: 13.686 GC heap after
{Heap after GC invocations=7 (full 2):
 def new generation   total 1117056K, used 124095K [0x00007efe88600000, 0x00007efed4210000, 0x00007f03ddb50000)
  eden space 992960K,   0% used [0x00007efe88600000, 0x00007efe88600000, 0x00007efec4fb0000)
  from space 124096K,  99% used [0x00007efec4fb0000, 0x00007efecc8dff90, 0x00007efecc8e0000)
  to   space 124096K,   0% used [0x00007efecc8e0000, 0x00007efecc8e0000, 0x00007efed4210000)
 tenured generation   total 3351040K, used 3350997K [0x00007f03ddb50000, 0x00007f04aa3d0000, 0x00007f0e88600000)
   the space 3351040K,  99% used [0x00007f03ddb50000, 0x00007f04aa3c5788, 0x00007f04aa3c5800, 0x00007f04aa3d0000)
 Metaspace       used 31798K, capacity 32244K, committed 32512K, reserved 32768K
}
Event: 13.686 GC heap before
{Heap before GC invocations=7 (full 2):
 def new generation   total 1117056K, used 124095K [0x00007efe88600000, 0x00007efed4210000, 0x00007f03ddb50000)
  eden space 992960K,   0% used [0x00007efe88600000, 0x00007efe88600000, 0x00007efec4fb0000)
  from space 124096K,  99% used [0x00007efec4fb0000, 0x00007efecc8dff90, 0x00007efecc8e0000)
  to   space 124096K,   0% used [0x00007efecc8e0000, 0x00007efecc8e0000, 0x00007efed4210000)
 tenured generation   total 3351040K, used 3350997K [0x00007f03ddb50000, 0x00007f04aa3d0000, 0x00007f0e88600000)
   the space 3351040K,  99% used [0x00007f03ddb50000, 0x00007f04aa3c5788, 0x00007f04aa3c5800, 0x00007f04aa3d0000)
 Metaspace       used 31798K, capacity 32244K, committed 32512K, reserved 32768K
}
Event: 14.794 GC heap after
{Heap after GC invocations=7 (full 3):
 def new generation   total 2513344K, used 124053K [0x00007efe88600000, 0x00007eff32d20000, 0x00007f03ddb50000)
  eden space 2234112K,   5% used [0x00007efe88600000, 0x00007efe8ff257b8, 0x00007eff10bc0000)
  from space 279232K,   0% used [0x00007eff10bc0000, 0x00007eff10bc0000, 0x00007eff21c70000)
  to   space 279232K,   0% used [0x00007eff21c70000, 0x00007eff21c70000, 0x00007eff32d20000)
 tenured generation   total 5585068K, used 3351039K [0x00007f03ddb50000, 0x00007f053297b000, 0x00007f0e88600000)
   the space 5585068K,  59% used [0x00007f03ddb50000, 0x00007f04aa3cff60, 0x00007f04aa3d0000, 0x00007f053297b000)
 Metaspace       used 31798K, capacity 32244K, committed 32512K, reserved 32768K
}
Event: 15.714 GC heap before
{Heap before GC invocations=7 (full 3):
 def new generation   total 2513344K, used 2234112K [0x00007efe88600000, 0x00007eff32d20000, 0x00007f03ddb50000)
  eden space 2234112K, 100% used [0x00007efe88600000, 0x00007eff10bc0000, 0x00007eff10bc0000)
  from space 279232K,   0% used [0x00007eff10bc0000, 0x00007eff10bc0000, 0x00007eff21c70000)
  to   space 279232K,   0% used [0x00007eff21c70000, 0x00007eff21c70000, 0x00007eff32d20000)
 tenured generation   total 5585068K, used 3351039K [0x00007f03ddb50000, 0x00007f053297b000, 0x00007f0e88600000)
   the space 5585068K,  59% used [0x00007f03ddb50000, 0x00007f04aa3cff60, 0x00007f04aa3d0000, 0x00007f053297b000)
 Metaspace       used 31798K, capacity 32244K, committed 32512K, reserved 32768K
}
Event: 19.561 GC heap after
{Heap after GC invocations=8 (full 3):
 def new generation   total 2513344K, used 279231K [0x00007efe88600000, 0x00007eff32d20000, 0x00007f03ddb50000)
  eden space 2234112K,   0% used [0x00007efe88600000, 0x00007efe88600000, 0x00007eff10bc0000)
  from space 279232K,  99% used [0x00007eff21c70000, 0x00007eff32d1fe78, 0x00007eff32d20000)
  to   space 279232K,   0% used [0x00007eff10bc0000, 0x00007eff10bc0000, 0x00007eff21c70000)
 tenured generation   total 5585068K, used 5305867K [0x00007f03ddb50000, 0x00007f053297b000, 0x00007f0e88600000)
   the space 5585068K,  95% used [0x00007f03ddb50000, 0x00007f05218d2f98, 0x00007f05218d3000, 0x00007f053297b000)
 Metaspace       used 31798K, capacity 32244K, committed 32512K, reserved 32768K
}
Event: 20.412 GC heap before
{Heap before GC invocations=8 (full 3):
 def new generation   total 2513344K, used 2513343K [0x00007efe88600000, 0x00007eff32d20000, 0x00007f03ddb50000)
  eden space 2234112K, 100% used [0x00007efe88600000, 0x00007eff10bc0000, 0x00007eff10bc0000)
  from space 279232K,  99% used [0x00007eff21c70000, 0x00007eff32d1fe78, 0x00007eff32d20000)
  to   space 279232K,   0% used [0x00007eff10bc0000, 0x00007eff10bc0000, 0x00007eff21c70000)
 tenured generation   total 5585068K, used 5305867K [0x00007f03ddb50000, 0x00007f053297b000, 0x00007f0e88600000)
   the space 5585068K,  95% used [0x00007f03ddb50000, 0x00007f05218d2f98, 0x00007f05218d3000, 0x00007f053297b000)
 Metaspace       used 31798K, capacity 32244K, committed 32512K, reserved 32768K
}
Event: 23.476 GC heap after
{Heap after GC invocations=9 (full 3):
 def new generation   total 2513344K, used 279231K [0x00007efe88600000, 0x00007eff32d20000, 0x00007f03ddb50000)
  eden space 2234112K,   0% used [0x00007efe88600000, 0x00007efe88600000, 0x00007eff10bc0000)
  from space 279232K,  99% used [0x00007eff10bc0000, 0x00007eff21c6fe78, 0x00007eff21c70000)
  to   space 279232K,   0% used [0x00007eff21c70000, 0x00007eff21c70000, 0x00007eff32d20000)
 tenured generation   total 7540012K, used 7539920K [0x00007f03ddb50000, 0x00007f05a9e9b000, 0x00007f0e88600000)
   the space 7540012K,  99% used [0x00007f03ddb50000, 0x00007f05a9e841a0, 0x00007f05a9e84200, 0x00007f05a9e9b000)
 Metaspace       used 31798K, capacity 32244K, committed 32512K, reserved 32768K
}
Event: 23.476 GC heap before
{Heap before GC invocations=9 (full 3):
 def new generation   total 2513344K, used 279231K [0x00007efe88600000, 0x00007eff32d20000, 0x00007f03ddb50000)
  eden space 2234112K,   0% used [0x00007efe88600000, 0x00007efe88600000, 0x00007eff10bc0000)
  from space 279232K,  99% used [0x00007eff10bc0000, 0x00007eff21c6fe78, 0x00007eff21c70000)
  to   space 279232K,   0% used [0x00007eff21c70000, 0x00007eff21c70000, 0x00007eff32d20000)
 tenured generation   total 7540012K, used 7539920K [0x00007f03ddb50000, 0x00007f05a9e9b000, 0x00007f0e88600000)
   the space 7540012K,  99% used [0x00007f03ddb50000, 0x00007f05a9e841a0, 0x00007f05a9e84200, 0x00007f05a9e9b000)
 Metaspace       used 31798K, capacity 32244K, committed 32512K, reserved 32768K
}

