# JRE version: OpenJDK Runtime Environment (13.0.7+5) (build 13.0.7+5-Ubuntu-0ubuntu120.04)
# Java VM: OpenJDK 64-Bit Server VM (13.0.7+5-Ubuntu-0ubuntu120.04, mixed mode, tiered, serial gc, linux-amd64)
Heap:
 def new generation   total 13338368K, used 1481892K [0x00007eff18600000, 0x00007f02a0f00000, 0x00007f046db50000)
  eden space 11856384K,  12% used [0x00007eff18600000, 0x00007eff72d29268, 0x00007f01ec080000)
  from space 1481984K,   0% used [0x00007f02467c0000, 0x00007f02467c0000, 0x00007f02a0f00000)
  to   space 1481984K,   0% used [0x00007f01ec080000, 0x00007f01ec080000, 0x00007f02467c0000)
 tenured generation   total 32537920K, used 32537919K [0x00007f046db50000, 0x00007f0c2faa0000, 0x00007f0f18600000)
   the space 32537920K,  99% used [0x00007f046db50000, 0x00007f0c2fa9ffe8, 0x00007f0c2faa0000, 0x00007f0c2faa0000)
 Metaspace       used 32256K, capacity 32740K, committed 33024K, reserved 34816K
GC Heap History (20 events):
Event: 109.797 GC heap after
{Heap after GC invocations=13 (full 4):
 def new generation   total 6705984K, used 745087K [0x00007eff18600000, 0x00007f00df270000, 0x00007f046db50000)
  eden space 5960896K,   0% used [0x00007eff18600000, 0x00007eff18600000, 0x00007f0084330000)
  from space 745088K,  99% used [0x00007f0084330000, 0x00007f00b1acff60, 0x00007f00b1ad0000)
  to   space 745088K,   0% used [0x00007f00b1ad0000, 0x00007f00b1ad0000, 0x00007f00df270000)
 tenured generation   total 14902080K, used 11823487K [0x00007f046db50000, 0x00007f07fb420000, 0x00007f0f18600000)
   the space 14902080K,  79% used [0x00007f046db50000, 0x00007f073f5afd70, 0x00007f073f5afe00, 0x00007f07fb420000)
 Metaspace       used 31789K, capacity 32264K, committed 32512K, reserved 32768K
}
Event: 115.061 GC heap before
{Heap before GC invocations=13 (full 4):
 def new generation   total 6705984K, used 6705983K [0x00007eff18600000, 0x00007f00df270000, 0x00007f046db50000)
  eden space 5960896K, 100% used [0x00007eff18600000, 0x00007f0084330000, 0x00007f0084330000)
  from space 745088K,  99% used [0x00007f0084330000, 0x00007f00b1acff60, 0x00007f00b1ad0000)
  to   space 745088K,   0% used [0x00007f00b1ad0000, 0x00007f00b1ad0000, 0x00007f00df270000)
 tenured generation   total 14902080K, used 11823487K [0x00007f046db50000, 0x00007f07fb420000, 0x00007f0f18600000)
   the space 14902080K,  79% used [0x00007f046db50000, 0x00007f073f5afd70, 0x00007f073f5afe00, 0x00007f07fb420000)
 Metaspace       used 31789K, capacity 32264K, committed 32512K, reserved 32768K
}
Event: 130.554 GC heap after
{Heap after GC invocations=14 (full 4):
 def new generation   total 6705984K, used 745087K [0x00007eff18600000, 0x00007f00df270000, 0x00007f046db50000)
  eden space 5960896K,   0% used [0x00007eff18600000, 0x00007eff18600000, 0x00007f0084330000)
  from space 745088K,  99% used [0x00007f00b1ad0000, 0x00007f00df26fe88, 0x00007f00df270000)
  to   space 745088K,   0% used [0x00007f0084330000, 0x00007f0084330000, 0x00007f00b1ad0000)
 tenured generation   total 17784384K, used 17784335K [0x00007f046db50000, 0x00007f08ab2e0000, 0x00007f0f18600000)
   the space 17784384K,  99% used [0x00007f046db50000, 0x00007f08ab2d3cc8, 0x00007f08ab2d3e00, 0x00007f08ab2e0000)
 Metaspace       used 31789K, capacity 32264K, committed 32512K, reserved 32768K
}
Event: 130.555 GC heap before
{Heap before GC invocations=14 (full 4):
 def new generation   total 6705984K, used 745087K [0x00007eff18600000, 0x00007f00df270000, 0x00007f046db50000)
  eden space 5960896K,   0% used [0x00007eff18600000, 0x00007eff18600000, 0x00007f0084330000)
  from space 745088K,  99% used [0x00007f00b1ad0000, 0x00007f00df26fe88, 0x00007f00df270000)
  to   space 745088K,   0% used [0x00007f0084330000, 0x00007f0084330000, 0x00007f00b1ad0000)
 tenured generation   total 17784384K, used 17784335K [0x00007f046db50000, 0x00007f08ab2e0000, 0x00007f0f18600000)
   the space 17784384K,  99% used [0x00007f046db50000, 0x00007f08ab2d3cc8, 0x00007f08ab2d3e00, 0x00007f08ab2e0000)
 Metaspace       used 31789K, capacity 32264K, committed 32512K, reserved 32768K
}
Event: 144.056 GC heap after
{Heap after GC invocations=14 (full 5):
 def new generation   total 13338368K, used 745038K [0x00007eff18600000, 0x00007f02a0f00000, 0x00007f046db50000)
  eden space 11856384K,   6% used [0x00007eff18600000, 0x00007eff45d93bd0, 0x00007f01ec080000)
  from space 1481984K,   0% used [0x00007f01ec080000, 0x00007f01ec080000, 0x00007f02467c0000)
  to   space 1481984K,   0% used [0x00007f02467c0000, 0x00007f02467c0000, 0x00007f02a0f00000)
 tenured generation   total 29640640K, used 17784383K [0x00007f046db50000, 0x00007f0b7ed40000, 0x00007f0f18600000)
   the space 29640640K,  59% used [0x00007f046db50000, 0x00007f08ab2dff80, 0x00007f08ab2e0000, 0x00007f0b7ed40000)
 Metaspace       used 31789K, capacity 32264K, committed 32512K, reserved 32768K
}
Event: 169.943 GC heap before
{Heap before GC invocations=14 (full 5):
 def new generation   total 13338368K, used 11856384K [0x00007eff18600000, 0x00007f02a0f00000, 0x00007f046db50000)
  eden space 11856384K, 100% used [0x00007eff18600000, 0x00007f01ec080000, 0x00007f01ec080000)
  from space 1481984K,   0% used [0x00007f01ec080000, 0x00007f01ec080000, 0x00007f02467c0000)
  to   space 1481984K,   0% used [0x00007f02467c0000, 0x00007f02467c0000, 0x00007f02a0f00000)
 tenured generation   total 29640640K, used 17784383K [0x00007f046db50000, 0x00007f0b7ed40000, 0x00007f0f18600000)
   the space 29640640K,  59% used [0x00007f046db50000, 0x00007f08ab2dff80, 0x00007f08ab2e0000, 0x00007f0b7ed40000)
 Metaspace       used 32226K, capacity 32735K, committed 33024K, reserved 34816K
}
Event: 181.126 GC heap after
{Heap after GC invocations=15 (full 5):
 def new generation   total 13338368K, used 1481984K [0x00007eff18600000, 0x00007f02a0f00000, 0x00007f046db50000)
  eden space 11856384K,   0% used [0x00007eff18600000, 0x00007eff18600000, 0x00007f01ec080000)
  from space 1481984K, 100% used [0x00007f02467c0000, 0x00007f02a0f00000, 0x00007f02a0f00000)
  to   space 1481984K,   0% used [0x00007f01ec080000, 0x00007f01ec080000, 0x00007f02467c0000)
 tenured generation   total 29640640K, used 21233666K [0x00007f046db50000, 0x00007f0b7ed40000, 0x00007f0f18600000)
   the space 29640640K,  71% used [0x00007f046db50000, 0x00007f097db50aa8, 0x00007f097db50c00, 0x00007f0b7ed40000)
 Metaspace       used 32226K, capacity 32735K, committed 33024K, reserved 34816K
}
Event: 199.761 GC heap before
{Heap before GC invocations=15 (full 5):
 def new generation   total 13338368K, used 13338368K [0x00007eff18600000, 0x00007f02a0f00000, 0x00007f046db50000)
  eden space 11856384K, 100% used [0x00007eff18600000, 0x00007f01ec080000, 0x00007f01ec080000)
  from space 1481984K, 100% used [0x00007f02467c0000, 0x00007f02a0f00000, 0x00007f02a0f00000)
  to   space 1481984K,   0% used [0x00007f01ec080000, 0x00007f01ec080000, 0x00007f02467c0000)
 tenured generation   total 29640640K, used 21233666K [0x00007f046db50000, 0x00007f0b7ed40000, 0x00007f0f18600000)
   the space 29640640K,  71% used [0x00007f046db50000, 0x00007f097db50aa8, 0x00007f097db50c00, 0x00007f0b7ed40000)
 Metaspace       used 32248K, capacity 32740K, committed 33024K, reserved 34816K
}
Event: 202.280 GC heap after
{Heap after GC invocations=16 (full 5):
 def new generation   total 13338368K, used 4589K [0x00007eff18600000, 0x00007f02a0f00000, 0x00007f046db50000)
  eden space 11856384K,   0% used [0x00007eff18600000, 0x00007eff18600000, 0x00007f01ec080000)
  from space 1481984K,   0% used [0x00007f01ec080000, 0x00007f01ec4fb450, 0x00007f02467c0000)
  to   space 1481984K,   0% used [0x00007f02467c0000, 0x00007f02467c0000, 0x00007f02a0f00000)
 tenured generation   total 29640640K, used 22715649K [0x00007f046db50000, 0x00007f0b7ed40000, 0x00007f0f18600000)
   the space 29640640K,  76% used [0x00007f046db50000, 0x00007f09d8290600, 0x00007f09d8290600, 0x00007f0b7ed40000)
 Metaspace       used 32248K, capacity 32740K, committed 33024K, reserved 34816K
}
Event: 220.600 GC heap before
{Heap before GC invocations=16 (full 5):
 def new generation   total 13338368K, used 11860973K [0x00007eff18600000, 0x00007f02a0f00000, 0x00007f046db50000)
  eden space 11856384K, 100% used [0x00007eff18600000, 0x00007f01ec080000, 0x00007f01ec080000)
  from space 1481984K,   0% used [0x00007f01ec080000, 0x00007f01ec4fb450, 0x00007f02467c0000)
  to   space 1481984K,   0% used [0x00007f02467c0000, 0x00007f02467c0000, 0x00007f02a0f00000)
 tenured generation   total 29640640K, used 22715649K [0x00007f046db50000, 0x00007f0b7ed40000, 0x00007f0f18600000)
   the space 29640640K,  76% used [0x00007f046db50000, 0x00007f09d8290600, 0x00007f09d8290600, 0x00007f0b7ed40000)
 Metaspace       used 32254K, capacity 32740K, committed 33024K, reserved 34816K
}
Event: 220.651 GC heap after
{Heap after GC invocations=17 (full 5):
 def new generation   total 13338368K, used 9171K [0x00007eff18600000, 0x00007f02a0f00000, 0x00007f046db50000)
  eden space 11856384K,   0% used [0x00007eff18600000, 0x00007eff18600000, 0x00007f01ec080000)
  from space 1481984K,   0% used [0x00007f02467c0000, 0x00007f02470b4de0, 0x00007f02a0f00000)
  to   space 1481984K,   0% used [0x00007f01ec080000, 0x00007f01ec080000, 0x00007f02467c0000)
 tenured generation   total 29640640K, used 22715649K [0x00007f046db50000, 0x00007f0b7ed40000, 0x00007f0f18600000)
   the space 29640640K,  76% used [0x00007f046db50000, 0x00007f09d8290600, 0x00007f09d8290600, 0x00007f0b7ed40000)
 Metaspace       used 32254K, capacity 32740K, committed 33024K, reserved 34816K
}
Event: 238.062 GC heap before
{Heap before GC invocations=17 (full 5):
 def new generation   total 13338368K, used 11865555K [0x00007eff18600000, 0x00007f02a0f00000, 0x00007f046db50000)
  eden space 11856384K, 100% used [0x00007eff18600000, 0x00007f01ec080000, 0x00007f01ec080000)
  from space 1481984K,   0% used [0x00007f02467c0000, 0x00007f02470b4de0, 0x00007f02a0f00000)
  to   space 1481984K,   0% used [0x00007f01ec080000, 0x00007f01ec080000, 0x00007f02467c0000)
 tenured generation   total 29640640K, used 22715649K [0x00007f046db50000, 0x00007f0b7ed40000, 0x00007f0f18600000)
   the space 29640640K,  76% used [0x00007f046db50000, 0x00007f09d8290600, 0x00007f09d8290600, 0x00007f0b7ed40000)
 Metaspace       used 32254K, capacity 32740K, committed 33024K, reserved 34816K
}
Event: 238.127 GC heap after
{Heap after GC invocations=18 (full 5):
 def new generation   total 13338368K, used 13774K [0x00007eff18600000, 0x00007f02a0f00000, 0x00007f046db50000)
  eden space 11856384K,   0% used [0x00007eff18600000, 0x00007eff18600000, 0x00007f01ec080000)
  from space 1481984K,   0% used [0x00007f01ec080000, 0x00007f01ecdf3a18, 0x00007f02467c0000)
  to   space 1481984K,   0% used [0x00007f02467c0000, 0x00007f02467c0000, 0x00007f02a0f00000)
 tenured generation   total 29640640K, used 22715649K [0x00007f046db50000, 0x00007f0b7ed40000, 0x00007f0f18600000)
   the space 29640640K,  76% used [0x00007f046db50000, 0x00007f09d8290600, 0x00007f09d8290600, 0x00007f0b7ed40000)
 Metaspace       used 32254K, capacity 32740K, committed 33024K, reserved 34816K
}
Event: 255.494 GC heap before
{Heap before GC invocations=18 (full 5):
 def new generation   total 13338368K, used 11870158K [0x00007eff18600000, 0x00007f02a0f00000, 0x00007f046db50000)
  eden space 11856384K, 100% used [0x00007eff18600000, 0x00007f01ec080000, 0x00007f01ec080000)
  from space 1481984K,   0% used [0x00007f01ec080000, 0x00007f01ecdf3a18, 0x00007f02467c0000)
  to   space 1481984K,   0% used [0x00007f02467c0000, 0x00007f02467c0000, 0x00007f02a0f00000)
 tenured generation   total 29640640K, used 22715649K [0x00007f046db50000, 0x00007f0b7ed40000, 0x00007f0f18600000)
   the space 29640640K,  76% used [0x00007f046db50000, 0x00007f09d8290600, 0x00007f09d8290600, 0x00007f0b7ed40000)
 Metaspace       used 32256K, capacity 32740K, committed 33024K, reserved 34816K
}
Event: 255.945 GC heap after
{Heap after GC invocations=19 (full 5):
 def new generation   total 13338368K, used 308907K [0x00007eff18600000, 0x00007f02a0f00000, 0x00007f046db50000)
  eden space 11856384K,   0% used [0x00007eff18600000, 0x00007eff18600000, 0x00007f01ec080000)
  from space 1481984K,  20% used [0x00007f02467c0000, 0x00007f025956ac70, 0x00007f02a0f00000)
  to   space 1481984K,   0% used [0x00007f01ec080000, 0x00007f01ec080000, 0x00007f02467c0000)
 tenured generation   total 29640640K, used 22715649K [0x00007f046db50000, 0x00007f0b7ed40000, 0x00007f0f18600000)
   the space 29640640K,  76% used [0x00007f046db50000, 0x00007f09d8290600, 0x00007f09d8290600, 0x00007f0b7ed40000)
 Metaspace       used 32256K, capacity 32740K, committed 33024K, reserved 34816K
}
Event: 266.516 GC heap before
{Heap before GC invocations=19 (full 5):
 def new generation   total 13338368K, used 12165291K [0x00007eff18600000, 0x00007f02a0f00000, 0x00007f046db50000)
  eden space 11856384K, 100% used [0x00007eff18600000, 0x00007f01ec080000, 0x00007f01ec080000)
  from space 1481984K,  20% used [0x00007f02467c0000, 0x00007f025956ac70, 0x00007f02a0f00000)
  to   space 1481984K,   0% used [0x00007f01ec080000, 0x00007f01ec080000, 0x00007f02467c0000)
 tenured generation   total 29640640K, used 22715649K [0x00007f046db50000, 0x00007f0b7ed40000, 0x00007f0f18600000)
   the space 29640640K,  76% used [0x00007f046db50000, 0x00007f09d8290600, 0x00007f09d8290600, 0x00007f0b7ed40000)
 Metaspace       used 32256K, capacity 32740K, committed 33024K, reserved 34816K
}
Event: 280.391 GC heap after
{Heap after GC invocations=20 (full 5):
 def new generation   total 13338368K, used 1481983K [0x00007eff18600000, 0x00007f02a0f00000, 0x00007f046db50000)
  eden space 11856384K,   0% used [0x00007eff18600000, 0x00007eff18600000, 0x00007f01ec080000)
  from space 1481984K,  99% used [0x00007f01ec080000, 0x00007f02467bfff8, 0x00007f02467c0000)
  to   space 1481984K,   0% used [0x00007f02467c0000, 0x00007f02467c0000, 0x00007f02a0f00000)
 tenured generation   total 29640640K, used 27405133K [0x00007f046db50000, 0x00007f0b7ed40000, 0x00007f0f18600000)
   the space 29640640K,  92% used [0x00007f046db50000, 0x00007f0af66234c0, 0x00007f0af6623600, 0x00007f0b7ed40000)
 Metaspace       used 32256K, capacity 32740K, committed 33024K, reserved 34816K
}
Event: 292.815 GC heap before
{Heap before GC invocations=20 (full 5):
 def new generation   total 13338368K, used 13338367K [0x00007eff18600000, 0x00007f02a0f00000, 0x00007f046db50000)
  eden space 11856384K, 100% used [0x00007eff18600000, 0x00007f01ec080000, 0x00007f01ec080000)
  from space 1481984K,  99% used [0x00007f01ec080000, 0x00007f02467bfff8, 0x00007f02467c0000)
  to   space 1481984K,   0% used [0x00007f02467c0000, 0x00007f02467c0000, 0x00007f02a0f00000)
 tenured generation   total 29640640K, used 27405133K [0x00007f046db50000, 0x00007f0b7ed40000, 0x00007f0f18600000)
   the space 29640640K,  92% used [0x00007f046db50000, 0x00007f0af66234c0, 0x00007f0af6623600, 0x00007f0b7ed40000)
 Metaspace       used 32256K, capacity 32740K, committed 33024K, reserved 34816K
}
Event: 306.822 GC heap after
{Heap after GC invocations=21 (full 5):
 def new generation   total 13338368K, used 1481983K [0x00007eff18600000, 0x00007f02a0f00000, 0x00007f046db50000)
  eden space 11856384K,   0% used [0x00007eff18600000, 0x00007eff18600000, 0x00007f01ec080000)
  from space 1481984K,  99% used [0x00007f02467c0000, 0x00007f02a0effe78, 0x00007f02a0f00000)
  to   space 1481984K,   0% used [0x00007f01ec080000, 0x00007f01ec080000, 0x00007f02467c0000)
 tenured generation   total 32537920K, used 32537850K [0x00007f046db50000, 0x00007f0c2faa0000, 0x00007f0f18600000)
   the space 32537920K,  99% used [0x00007f046db50000, 0x00007f0c2fa8ea98, 0x00007f0c2fa8ec00, 0x00007f0c2faa0000)
 Metaspace       used 32256K, capacity 32740K, committed 33024K, reserved 34816K
}
Event: 306.822 GC heap before
{Heap before GC invocations=21 (full 5):
 def new generation   total 13338368K, used 1481983K [0x00007eff18600000, 0x00007f02a0f00000, 0x00007f046db50000)
  eden space 11856384K,   0% used [0x00007eff18600000, 0x00007eff18600000, 0x00007f01ec080000)
  from space 1481984K,  99% used [0x00007f02467c0000, 0x00007f02a0effe78, 0x00007f02a0f00000)
  to   space 1481984K,   0% used [0x00007f01ec080000, 0x00007f01ec080000, 0x00007f02467c0000)
 tenured generation   total 32537920K, used 32537850K [0x00007f046db50000, 0x00007f0c2faa0000, 0x00007f0f18600000)
   the space 32537920K,  99% used [0x00007f046db50000, 0x00007f0c2fa8ea98, 0x00007f0c2fa8ec00, 0x00007f0c2faa0000)
 Metaspace       used 32256K, capacity 32740K, committed 33024K, reserved 34816K
}

