# JRE version: OpenJDK Runtime Environment (13.0.7+5) (build 13.0.7+5-Ubuntu-0ubuntu120.04)
# Java VM: OpenJDK 64-Bit Server VM (13.0.7+5-Ubuntu-0ubuntu120.04, mixed mode, tiered, serial gc, linux-amd64)
Heap:
 def new generation   total 1749184K, used 11115K [0x00007f1648600000, 0x00007f16beff0000, 0x00007f1b9db50000)
  eden space 1554880K,   0% used [0x00007f1648600000, 0x00007f16490daf60, 0x00007f16a7470000)
  from space 194304K,   0% used [0x00007f16b3230000, 0x00007f16b3230000, 0x00007f16beff0000)
  to   space 194304K,   0% used [0x00007f16a7470000, 0x00007f16a7470000, 0x00007f16b3230000)
 tenured generation   total 3888280K, used 3888251K [0x00007f1b9db50000, 0x00007f1c8b076000, 0x00007f2648600000)
   the space 3888280K,  99% used [0x00007f1b9db50000, 0x00007f1c8b06ed10, 0x00007f1c8b06ee00, 0x00007f1c8b076000)
 Metaspace       used 24814K, capacity 25245K, committed 25344K, reserved 26624K
GC Heap History (20 events):
Event: 1523.660 GC heap after
{Heap after GC invocations=3577 (full 3):
 def new generation   total 1749184K, used 29416K [0x00007f1648600000, 0x00007f16beff0000, 0x00007f1b9db50000)
  eden space 1554880K,   0% used [0x00007f1648600000, 0x00007f1648600000, 0x00007f16a7470000)
  from space 194304K,  15% used [0x00007f16a7470000, 0x00007f16a912a138, 0x00007f16b3230000)
  to   space 194304K,   0% used [0x00007f16b3230000, 0x00007f16b3230000, 0x00007f16beff0000)
 tenured generation   total 3886936K, used 3870720K [0x00007f1b9db50000, 0x00007f1c8af26000, 0x00007f2648600000)
   the space 3886936K,  99% used [0x00007f1b9db50000, 0x00007f1c89f503e0, 0x00007f1c89f50400, 0x00007f1c8af26000)
 Metaspace       used 24814K, capacity 25245K, committed 25344K, reserved 26624K
}
Event: 1524.405 GC heap before
{Heap before GC invocations=3577 (full 3):
 def new generation   total 1749184K, used 1584296K [0x00007f1648600000, 0x00007f16beff0000, 0x00007f1b9db50000)
  eden space 1554880K, 100% used [0x00007f1648600000, 0x00007f16a7470000, 0x00007f16a7470000)
  from space 194304K,  15% used [0x00007f16a7470000, 0x00007f16a912a138, 0x00007f16b3230000)
  to   space 194304K,   0% used [0x00007f16b3230000, 0x00007f16b3230000, 0x00007f16beff0000)
 tenured generation   total 3886936K, used 3870720K [0x00007f1b9db50000, 0x00007f1c8af26000, 0x00007f2648600000)
   the space 3886936K,  99% used [0x00007f1b9db50000, 0x00007f1c89f503e0, 0x00007f1c89f50400, 0x00007f1c8af26000)
 Metaspace       used 24814K, capacity 25245K, committed 25344K, reserved 26624K
}
Event: 1524.422 GC heap after
{Heap after GC invocations=3578 (full 3):
 def new generation   total 1749184K, used 29404K [0x00007f1648600000, 0x00007f16beff0000, 0x00007f1b9db50000)
  eden space 1554880K,   0% used [0x00007f1648600000, 0x00007f1648600000, 0x00007f16a7470000)
  from space 194304K,  15% used [0x00007f16b3230000, 0x00007f16b4ee7310, 0x00007f16beff0000)
  to   space 194304K,   0% used [0x00007f16a7470000, 0x00007f16a7470000, 0x00007f16b3230000)
 tenured generation   total 3886936K, used 3872694K [0x00007f1b9db50000, 0x00007f1c8af26000, 0x00007f2648600000)
   the space 3886936K,  99% used [0x00007f1b9db50000, 0x00007f1c8a13d870, 0x00007f1c8a13da00, 0x00007f1c8af26000)
 Metaspace       used 24814K, capacity 25245K, committed 25344K, reserved 26624K
}
Event: 1525.171 GC heap before
{Heap before GC invocations=3578 (full 3):
 def new generation   total 1749184K, used 1584284K [0x00007f1648600000, 0x00007f16beff0000, 0x00007f1b9db50000)
  eden space 1554880K, 100% used [0x00007f1648600000, 0x00007f16a7470000, 0x00007f16a7470000)
  from space 194304K,  15% used [0x00007f16b3230000, 0x00007f16b4ee7310, 0x00007f16beff0000)
  to   space 194304K,   0% used [0x00007f16a7470000, 0x00007f16a7470000, 0x00007f16b3230000)
 tenured generation   total 3886936K, used 3872694K [0x00007f1b9db50000, 0x00007f1c8af26000, 0x00007f2648600000)
   the space 3886936K,  99% used [0x00007f1b9db50000, 0x00007f1c8a13d870, 0x00007f1c8a13da00, 0x00007f1c8af26000)
 Metaspace       used 24814K, capacity 25245K, committed 25344K, reserved 26624K
}
Event: 1525.187 GC heap after
{Heap after GC invocations=3579 (full 3):
 def new generation   total 1749184K, used 29402K [0x00007f1648600000, 0x00007f16beff0000, 0x00007f1b9db50000)
  eden space 1554880K,   0% used [0x00007f1648600000, 0x00007f1648600000, 0x00007f16a7470000)
  from space 194304K,  15% used [0x00007f16a7470000, 0x00007f16a9126b70, 0x00007f16b3230000)
  to   space 194304K,   0% used [0x00007f16b3230000, 0x00007f16b3230000, 0x00007f16beff0000)
 tenured generation   total 3886936K, used 3874667K [0x00007f1b9db50000, 0x00007f1c8af26000, 0x00007f2648600000)
   the space 3886936K,  99% used [0x00007f1b9db50000, 0x00007f1c8a32ad00, 0x00007f1c8a32ae00, 0x00007f1c8af26000)
 Metaspace       used 24814K, capacity 25245K, committed 25344K, reserved 26624K
}
Event: 1525.932 GC heap before
{Heap before GC invocations=3579 (full 3):
 def new generation   total 1749184K, used 1584282K [0x00007f1648600000, 0x00007f16beff0000, 0x00007f1b9db50000)
  eden space 1554880K, 100% used [0x00007f1648600000, 0x00007f16a7470000, 0x00007f16a7470000)
  from space 194304K,  15% used [0x00007f16a7470000, 0x00007f16a9126b70, 0x00007f16b3230000)
  to   space 194304K,   0% used [0x00007f16b3230000, 0x00007f16b3230000, 0x00007f16beff0000)
 tenured generation   total 3886936K, used 3874667K [0x00007f1b9db50000, 0x00007f1c8af26000, 0x00007f2648600000)
   the space 3886936K,  99% used [0x00007f1b9db50000, 0x00007f1c8a32ad00, 0x00007f1c8a32ae00, 0x00007f1c8af26000)
 Metaspace       used 24814K, capacity 25245K, committed 25344K, reserved 26624K
}
Event: 1525.949 GC heap after
{Heap after GC invocations=3580 (full 3):
 def new generation   total 1749184K, used 29422K [0x00007f1648600000, 0x00007f16beff0000, 0x00007f1b9db50000)
  eden space 1554880K,   0% used [0x00007f1648600000, 0x00007f1648600000, 0x00007f16a7470000)
  from space 194304K,  15% used [0x00007f16b3230000, 0x00007f16b4eebbe0, 0x00007f16beff0000)
  to   space 194304K,   0% used [0x00007f16a7470000, 0x00007f16a7470000, 0x00007f16b3230000)
 tenured generation   total 3886936K, used 3876640K [0x00007f1b9db50000, 0x00007f1c8af26000, 0x00007f2648600000)
   the space 3886936K,  99% used [0x00007f1b9db50000, 0x00007f1c8a518190, 0x00007f1c8a518200, 0x00007f1c8af26000)
 Metaspace       used 24814K, capacity 25245K, committed 25344K, reserved 26624K
}
Event: 1526.696 GC heap before
{Heap before GC invocations=3580 (full 3):
 def new generation   total 1749184K, used 1584302K [0x00007f1648600000, 0x00007f16beff0000, 0x00007f1b9db50000)
  eden space 1554880K, 100% used [0x00007f1648600000, 0x00007f16a7470000, 0x00007f16a7470000)
  from space 194304K,  15% used [0x00007f16b3230000, 0x00007f16b4eebbe0, 0x00007f16beff0000)
  to   space 194304K,   0% used [0x00007f16a7470000, 0x00007f16a7470000, 0x00007f16b3230000)
 tenured generation   total 3886936K, used 3876640K [0x00007f1b9db50000, 0x00007f1c8af26000, 0x00007f2648600000)
   the space 3886936K,  99% used [0x00007f1b9db50000, 0x00007f1c8a518190, 0x00007f1c8a518200, 0x00007f1c8af26000)
 Metaspace       used 24814K, capacity 25245K, committed 25344K, reserved 26624K
}
Event: 1526.711 GC heap after
{Heap after GC invocations=3581 (full 3):
 def new generation   total 1749184K, used 29418K [0x00007f1648600000, 0x00007f16beff0000, 0x00007f1b9db50000)
  eden space 1554880K,   0% used [0x00007f1648600000, 0x00007f1648600000, 0x00007f16a7470000)
  from space 194304K,  15% used [0x00007f16a7470000, 0x00007f16a912aaa8, 0x00007f16b3230000)
  to   space 194304K,   0% used [0x00007f16b3230000, 0x00007f16b3230000, 0x00007f16beff0000)
 tenured generation   total 3886936K, used 3878617K [0x00007f1b9db50000, 0x00007f1c8af26000, 0x00007f2648600000)
   the space 3886936K,  99% used [0x00007f1b9db50000, 0x00007f1c8a706760, 0x00007f1c8a706800, 0x00007f1c8af26000)
 Metaspace       used 24814K, capacity 25245K, committed 25344K, reserved 26624K
}
Event: 1527.448 GC heap before
{Heap before GC invocations=3581 (full 3):
 def new generation   total 1749184K, used 1584298K [0x00007f1648600000, 0x00007f16beff0000, 0x00007f1b9db50000)
  eden space 1554880K, 100% used [0x00007f1648600000, 0x00007f16a7470000, 0x00007f16a7470000)
  from space 194304K,  15% used [0x00007f16a7470000, 0x00007f16a912aaa8, 0x00007f16b3230000)
  to   space 194304K,   0% used [0x00007f16b3230000, 0x00007f16b3230000, 0x00007f16beff0000)
 tenured generation   total 3886936K, used 3878617K [0x00007f1b9db50000, 0x00007f1c8af26000, 0x00007f2648600000)
   the space 3886936K,  99% used [0x00007f1b9db50000, 0x00007f1c8a706760, 0x00007f1c8a706800, 0x00007f1c8af26000)
 Metaspace       used 24814K, capacity 25245K, committed 25344K, reserved 26624K
}
Event: 1527.466 GC heap after
{Heap after GC invocations=3582 (full 3):
 def new generation   total 1749184K, used 29380K [0x00007f1648600000, 0x00007f16beff0000, 0x00007f1b9db50000)
  eden space 1554880K,   0% used [0x00007f1648600000, 0x00007f1648600000, 0x00007f16a7470000)
  from space 194304K,  15% used [0x00007f16b3230000, 0x00007f16b4ee12d0, 0x00007f16beff0000)
  to   space 194304K,   0% used [0x00007f16a7470000, 0x00007f16a7470000, 0x00007f16b3230000)
 tenured generation   total 3886936K, used 3880590K [0x00007f1b9db50000, 0x00007f1c8af26000, 0x00007f2648600000)
   the space 3886936K,  99% used [0x00007f1b9db50000, 0x00007f1c8a8f3bf0, 0x00007f1c8a8f3c00, 0x00007f1c8af26000)
 Metaspace       used 24814K, capacity 25245K, committed 25344K, reserved 26624K
}
Event: 1528.180 GC heap before
{Heap before GC invocations=3582 (full 3):
 def new generation   total 1749184K, used 1584260K [0x00007f1648600000, 0x00007f16beff0000, 0x00007f1b9db50000)
  eden space 1554880K, 100% used [0x00007f1648600000, 0x00007f16a7470000, 0x00007f16a7470000)
  from space 194304K,  15% used [0x00007f16b3230000, 0x00007f16b4ee12d0, 0x00007f16beff0000)
  to   space 194304K,   0% used [0x00007f16a7470000, 0x00007f16a7470000, 0x00007f16b3230000)
 tenured generation   total 3886936K, used 3880590K [0x00007f1b9db50000, 0x00007f1c8af26000, 0x00007f2648600000)
   the space 3886936K,  99% used [0x00007f1b9db50000, 0x00007f1c8a8f3bf0, 0x00007f1c8a8f3c00, 0x00007f1c8af26000)
 Metaspace       used 24814K, capacity 25245K, committed 25344K, reserved 26624K
}
Event: 1528.197 GC heap after
{Heap after GC invocations=3583 (full 3):
 def new generation   total 1749184K, used 29168K [0x00007f1648600000, 0x00007f16beff0000, 0x00007f1b9db50000)
  eden space 1554880K,   0% used [0x00007f1648600000, 0x00007f1648600000, 0x00007f16a7470000)
  from space 194304K,  15% used [0x00007f16a7470000, 0x00007f16a90ec230, 0x00007f16b3230000)
  to   space 194304K,   0% used [0x00007f16b3230000, 0x00007f16b3230000, 0x00007f16beff0000)
 tenured generation   total 3886936K, used 3882510K [0x00007f1b9db50000, 0x00007f1c8af26000, 0x00007f2648600000)
   the space 3886936K,  99% used [0x00007f1b9db50000, 0x00007f1c8aad3b30, 0x00007f1c8aad3c00, 0x00007f1c8af26000)
 Metaspace       used 24814K, capacity 25245K, committed 25344K, reserved 26624K
}
Event: 1528.936 GC heap before
{Heap before GC invocations=3583 (full 3):
 def new generation   total 1749184K, used 1584048K [0x00007f1648600000, 0x00007f16beff0000, 0x00007f1b9db50000)
  eden space 1554880K, 100% used [0x00007f1648600000, 0x00007f16a7470000, 0x00007f16a7470000)
  from space 194304K,  15% used [0x00007f16a7470000, 0x00007f16a90ec230, 0x00007f16b3230000)
  to   space 194304K,   0% used [0x00007f16b3230000, 0x00007f16b3230000, 0x00007f16beff0000)
 tenured generation   total 3886936K, used 3882510K [0x00007f1b9db50000, 0x00007f1c8af26000, 0x00007f2648600000)
   the space 3886936K,  99% used [0x00007f1b9db50000, 0x00007f1c8aad3b30, 0x00007f1c8aad3c00, 0x00007f1c8af26000)
 Metaspace       used 24814K, capacity 25245K, committed 25344K, reserved 26624K
}
Event: 1528.951 GC heap after
{Heap after GC invocations=3584 (full 3):
 def new generation   total 1749184K, used 29300K [0x00007f1648600000, 0x00007f16beff0000, 0x00007f1b9db50000)
  eden space 1554880K,   0% used [0x00007f1648600000, 0x00007f1648600000, 0x00007f16a7470000)
  from space 194304K,  15% used [0x00007f16b3230000, 0x00007f16b4ecd270, 0x00007f16beff0000)
  to   space 194304K,   0% used [0x00007f16a7470000, 0x00007f16a7470000, 0x00007f16b3230000)
 tenured generation   total 3886936K, used 3884324K [0x00007f1b9db50000, 0x00007f1c8af26000, 0x00007f2648600000)
   the space 3886936K,  99% used [0x00007f1b9db50000, 0x00007f1c8ac99018, 0x00007f1c8ac99200, 0x00007f1c8af26000)
 Metaspace       used 24814K, capacity 25245K, committed 25344K, reserved 26624K
}
Event: 1529.689 GC heap before
{Heap before GC invocations=3584 (full 3):
 def new generation   total 1749184K, used 1584180K [0x00007f1648600000, 0x00007f16beff0000, 0x00007f1b9db50000)
  eden space 1554880K, 100% used [0x00007f1648600000, 0x00007f16a7470000, 0x00007f16a7470000)
  from space 194304K,  15% used [0x00007f16b3230000, 0x00007f16b4ecd270, 0x00007f16beff0000)
  to   space 194304K,   0% used [0x00007f16a7470000, 0x00007f16a7470000, 0x00007f16b3230000)
 tenured generation   total 3886936K, used 3884324K [0x00007f1b9db50000, 0x00007f1c8af26000, 0x00007f2648600000)
   the space 3886936K,  99% used [0x00007f1b9db50000, 0x00007f1c8ac99018, 0x00007f1c8ac99200, 0x00007f1c8af26000)
 Metaspace       used 24814K, capacity 25245K, committed 25344K, reserved 26624K
}
Event: 1529.705 GC heap after
{Heap after GC invocations=3585 (full 3):
 def new generation   total 1749184K, used 29374K [0x00007f1648600000, 0x00007f16beff0000, 0x00007f1b9db50000)
  eden space 1554880K,   0% used [0x00007f1648600000, 0x00007f1648600000, 0x00007f16a7470000)
  from space 194304K,  15% used [0x00007f16a7470000, 0x00007f16a911f858, 0x00007f16b3230000)
  to   space 194304K,   0% used [0x00007f16b3230000, 0x00007f16b3230000, 0x00007f16beff0000)
 tenured generation   total 3886936K, used 3886189K [0x00007f1b9db50000, 0x00007f1c8af26000, 0x00007f2648600000)
   the space 3886936K,  99% used [0x00007f1b9db50000, 0x00007f1c8ae6b778, 0x00007f1c8ae6b800, 0x00007f1c8af26000)
 Metaspace       used 24814K, capacity 25245K, committed 25344K, reserved 26624K
}
Event: 1530.440 GC heap before
{Heap before GC invocations=3585 (full 3):
 def new generation   total 1749184K, used 1584254K [0x00007f1648600000, 0x00007f16beff0000, 0x00007f1b9db50000)
  eden space 1554880K, 100% used [0x00007f1648600000, 0x00007f16a7470000, 0x00007f16a7470000)
  from space 194304K,  15% used [0x00007f16a7470000, 0x00007f16a911f858, 0x00007f16b3230000)
  to   space 194304K,   0% used [0x00007f16b3230000, 0x00007f16b3230000, 0x00007f16beff0000)
 tenured generation   total 3886936K, used 3886189K [0x00007f1b9db50000, 0x00007f1c8af26000, 0x00007f2648600000)
   the space 3886936K,  99% used [0x00007f1b9db50000, 0x00007f1c8ae6b778, 0x00007f1c8ae6b800, 0x00007f1c8af26000)
 Metaspace       used 24814K, capacity 25245K, committed 25344K, reserved 26624K
}
Event: 1530.463 GC heap after
{Heap after GC invocations=3586 (full 3):
 def new generation   total 1749184K, used 29431K [0x00007f1648600000, 0x00007f16beff0000, 0x00007f1b9db50000)
  eden space 1554880K,   0% used [0x00007f1648600000, 0x00007f1648600000, 0x00007f16a7470000)
  from space 194304K,  15% used [0x00007f16b3230000, 0x00007f16b4eedf98, 0x00007f16beff0000)
  to   space 194304K,   0% used [0x00007f16a7470000, 0x00007f16a7470000, 0x00007f16b3230000)
 tenured generation   total 3888280K, used 3888109K [0x00007f1b9db50000, 0x00007f1c8b076000, 0x00007f2648600000)
   the space 3888280K,  99% used [0x00007f1b9db50000, 0x00007f1c8b04b6b8, 0x00007f1c8b04b800, 0x00007f1c8b076000)
 Metaspace       used 24814K, capacity 25245K, committed 25344K, reserved 26624K
}
Event: 1530.463 GC heap before
{Heap before GC invocations=3586 (full 3):
 def new generation   total 1749184K, used 29431K [0x00007f1648600000, 0x00007f16beff0000, 0x00007f1b9db50000)
  eden space 1554880K,   0% used [0x00007f1648600000, 0x00007f1648600000, 0x00007f16a7470000)
  from space 194304K,  15% used [0x00007f16b3230000, 0x00007f16b4eedf98, 0x00007f16beff0000)
  to   space 194304K,   0% used [0x00007f16a7470000, 0x00007f16a7470000, 0x00007f16b3230000)
 tenured generation   total 3888280K, used 3888109K [0x00007f1b9db50000, 0x00007f1c8b076000, 0x00007f2648600000)
   the space 3888280K,  99% used [0x00007f1b9db50000, 0x00007f1c8b04b6b8, 0x00007f1c8b04b800, 0x00007f1c8b076000)
 Metaspace       used 24814K, capacity 25245K, committed 25344K, reserved 26624K
}

