# JRE version: OpenJDK Runtime Environment (13.0.7+5) (build 13.0.7+5-Ubuntu-0ubuntu120.04)
# Java VM: OpenJDK 64-Bit Server VM (13.0.7+5-Ubuntu-0ubuntu120.04, mixed mode, tiered, serial gc, linux-amd64)
Heap:
 def new generation   total 1748992K, used 64403K [0x00007fd0ac600000, 0x00007fd122fc0000, 0x00007fd601b50000)
  eden space 1554688K,   4% used [0x00007fd0ac600000, 0x00007fd0b04e4c88, 0x00007fd10b440000)
  from space 194304K,   0% used [0x00007fd117200000, 0x00007fd117200000, 0x00007fd122fc0000)
  to   space 194304K,   0% used [0x00007fd10b440000, 0x00007fd10b440000, 0x00007fd117200000)
 tenured generation   total 3887048K, used 3887047K [0x00007fd601b50000, 0x00007fd6eef42000, 0x00007fe0ac600000)
   the space 3887048K,  99% used [0x00007fd601b50000, 0x00007fd6eef41ff8, 0x00007fd6eef42000, 0x00007fd6eef42000)
 Metaspace       used 24853K, capacity 25334K, committed 25600K, reserved 26624K
GC Heap History (20 events):
Event: 1140.421 GC heap after
{Heap after GC invocations=1509 (full 3):
 def new generation   total 1748992K, used 70201K [0x00007fd0ac600000, 0x00007fd122fc0000, 0x00007fd601b50000)
  eden space 1554688K,   0% used [0x00007fd0ac600000, 0x00007fd0ac600000, 0x00007fd10b440000)
  from space 194304K,  36% used [0x00007fd10b440000, 0x00007fd10f8ce798, 0x00007fd117200000)
  to   space 194304K,   0% used [0x00007fd117200000, 0x00007fd117200000, 0x00007fd122fc0000)
 tenured generation   total 3886472K, used 3844875K [0x00007fd601b50000, 0x00007fd6eeeb2000, 0x00007fe0ac600000)
   the space 3886472K,  98% used [0x00007fd601b50000, 0x00007fd6ec612d68, 0x00007fd6ec612e00, 0x00007fd6eeeb2000)
 Metaspace       used 24853K, capacity 25334K, committed 25600K, reserved 26624K
}
Event: 1141.612 GC heap before
{Heap before GC invocations=1509 (full 3):
 def new generation   total 1748992K, used 1624889K [0x00007fd0ac600000, 0x00007fd122fc0000, 0x00007fd601b50000)
  eden space 1554688K, 100% used [0x00007fd0ac600000, 0x00007fd10b440000, 0x00007fd10b440000)
  from space 194304K,  36% used [0x00007fd10b440000, 0x00007fd10f8ce798, 0x00007fd117200000)
  to   space 194304K,   0% used [0x00007fd117200000, 0x00007fd117200000, 0x00007fd122fc0000)
 tenured generation   total 3886472K, used 3844875K [0x00007fd601b50000, 0x00007fd6eeeb2000, 0x00007fe0ac600000)
   the space 3886472K,  98% used [0x00007fd601b50000, 0x00007fd6ec612d68, 0x00007fd6ec612e00, 0x00007fd6eeeb2000)
 Metaspace       used 24853K, capacity 25334K, committed 25600K, reserved 26624K
}
Event: 1141.710 GC heap after
{Heap after GC invocations=1510 (full 3):
 def new generation   total 1748992K, used 70180K [0x00007fd0ac600000, 0x00007fd122fc0000, 0x00007fd601b50000)
  eden space 1554688K,   0% used [0x00007fd0ac600000, 0x00007fd0ac600000, 0x00007fd10b440000)
  from space 194304K,  36% used [0x00007fd117200000, 0x00007fd11b689118, 0x00007fd122fc0000)
  to   space 194304K,   0% used [0x00007fd10b440000, 0x00007fd10b440000, 0x00007fd117200000)
 tenured generation   total 3886472K, used 3849595K [0x00007fd601b50000, 0x00007fd6eeeb2000, 0x00007fe0ac600000)
   the space 3886472K,  99% used [0x00007fd601b50000, 0x00007fd6ecaaee10, 0x00007fd6ecaaf000, 0x00007fd6eeeb2000)
 Metaspace       used 24853K, capacity 25334K, committed 25600K, reserved 26624K
}
Event: 1142.916 GC heap before
{Heap before GC invocations=1510 (full 3):
 def new generation   total 1748992K, used 1624868K [0x00007fd0ac600000, 0x00007fd122fc0000, 0x00007fd601b50000)
  eden space 1554688K, 100% used [0x00007fd0ac600000, 0x00007fd10b440000, 0x00007fd10b440000)
  from space 194304K,  36% used [0x00007fd117200000, 0x00007fd11b689118, 0x00007fd122fc0000)
  to   space 194304K,   0% used [0x00007fd10b440000, 0x00007fd10b440000, 0x00007fd117200000)
 tenured generation   total 3886472K, used 3849595K [0x00007fd601b50000, 0x00007fd6eeeb2000, 0x00007fe0ac600000)
   the space 3886472K,  99% used [0x00007fd601b50000, 0x00007fd6ecaaee10, 0x00007fd6ecaaf000, 0x00007fd6eeeb2000)
 Metaspace       used 24853K, capacity 25334K, committed 25600K, reserved 26624K
}
Event: 1143.016 GC heap after
{Heap after GC invocations=1511 (full 3):
 def new generation   total 1748992K, used 70083K [0x00007fd0ac600000, 0x00007fd122fc0000, 0x00007fd601b50000)
  eden space 1554688K,   0% used [0x00007fd0ac600000, 0x00007fd0ac600000, 0x00007fd10b440000)
  from space 194304K,  36% used [0x00007fd10b440000, 0x00007fd10f8b0db8, 0x00007fd117200000)
  to   space 194304K,   0% used [0x00007fd117200000, 0x00007fd117200000, 0x00007fd122fc0000)
 tenured generation   total 3886472K, used 3854266K [0x00007fd601b50000, 0x00007fd6eeeb2000, 0x00007fe0ac600000)
   the space 3886472K,  99% used [0x00007fd601b50000, 0x00007fd6ecf3e800, 0x00007fd6ecf3e800, 0x00007fd6eeeb2000)
 Metaspace       used 24853K, capacity 25334K, committed 25600K, reserved 26624K
}
Event: 1144.336 GC heap before
{Heap before GC invocations=1511 (full 3):
 def new generation   total 1748992K, used 1624771K [0x00007fd0ac600000, 0x00007fd122fc0000, 0x00007fd601b50000)
  eden space 1554688K, 100% used [0x00007fd0ac600000, 0x00007fd10b440000, 0x00007fd10b440000)
  from space 194304K,  36% used [0x00007fd10b440000, 0x00007fd10f8b0db8, 0x00007fd117200000)
  to   space 194304K,   0% used [0x00007fd117200000, 0x00007fd117200000, 0x00007fd122fc0000)
 tenured generation   total 3886472K, used 3854266K [0x00007fd601b50000, 0x00007fd6eeeb2000, 0x00007fe0ac600000)
   the space 3886472K,  99% used [0x00007fd601b50000, 0x00007fd6ecf3e800, 0x00007fd6ecf3e800, 0x00007fd6eeeb2000)
 Metaspace       used 24853K, capacity 25334K, committed 25600K, reserved 26624K
}
Event: 1144.492 GC heap after
{Heap after GC invocations=1512 (full 3):
 def new generation   total 1748992K, used 70199K [0x00007fd0ac600000, 0x00007fd122fc0000, 0x00007fd601b50000)
  eden space 1554688K,   0% used [0x00007fd0ac600000, 0x00007fd0ac600000, 0x00007fd10b440000)
  from space 194304K,  36% used [0x00007fd117200000, 0x00007fd11b68de88, 0x00007fd122fc0000)
  to   space 194304K,   0% used [0x00007fd10b440000, 0x00007fd10b440000, 0x00007fd117200000)
 tenured generation   total 3886472K, used 3858844K [0x00007fd601b50000, 0x00007fd6eeeb2000, 0x00007fe0ac600000)
   the space 3886472K,  99% used [0x00007fd601b50000, 0x00007fd6ed3b7200, 0x00007fd6ed3b7200, 0x00007fd6eeeb2000)
 Metaspace       used 24853K, capacity 25334K, committed 25600K, reserved 26624K
}
Event: 1145.724 GC heap before
{Heap before GC invocations=1512 (full 3):
 def new generation   total 1748992K, used 1624887K [0x00007fd0ac600000, 0x00007fd122fc0000, 0x00007fd601b50000)
  eden space 1554688K, 100% used [0x00007fd0ac600000, 0x00007fd10b440000, 0x00007fd10b440000)
  from space 194304K,  36% used [0x00007fd117200000, 0x00007fd11b68de88, 0x00007fd122fc0000)
  to   space 194304K,   0% used [0x00007fd10b440000, 0x00007fd10b440000, 0x00007fd117200000)
 tenured generation   total 3886472K, used 3858844K [0x00007fd601b50000, 0x00007fd6eeeb2000, 0x00007fe0ac600000)
   the space 3886472K,  99% used [0x00007fd601b50000, 0x00007fd6ed3b7200, 0x00007fd6ed3b7200, 0x00007fd6eeeb2000)
 Metaspace       used 24853K, capacity 25334K, committed 25600K, reserved 26624K
}
Event: 1145.820 GC heap after
{Heap after GC invocations=1513 (full 3):
 def new generation   total 1748992K, used 70200K [0x00007fd0ac600000, 0x00007fd122fc0000, 0x00007fd601b50000)
  eden space 1554688K,   0% used [0x00007fd0ac600000, 0x00007fd0ac600000, 0x00007fd10b440000)
  from space 194304K,  36% used [0x00007fd10b440000, 0x00007fd10f8ce110, 0x00007fd117200000)
  to   space 194304K,   0% used [0x00007fd117200000, 0x00007fd117200000, 0x00007fd122fc0000)
 tenured generation   total 3886472K, used 3863560K [0x00007fd601b50000, 0x00007fd6eeeb2000, 0x00007fe0ac600000)
   the space 3886472K,  99% used [0x00007fd601b50000, 0x00007fd6ed852318, 0x00007fd6ed852400, 0x00007fd6eeeb2000)
 Metaspace       used 24853K, capacity 25334K, committed 25600K, reserved 26624K
}
Event: 1147.042 GC heap before
{Heap before GC invocations=1513 (full 3):
 def new generation   total 1748992K, used 1624888K [0x00007fd0ac600000, 0x00007fd122fc0000, 0x00007fd601b50000)
  eden space 1554688K, 100% used [0x00007fd0ac600000, 0x00007fd10b440000, 0x00007fd10b440000)
  from space 194304K,  36% used [0x00007fd10b440000, 0x00007fd10f8ce110, 0x00007fd117200000)
  to   space 194304K,   0% used [0x00007fd117200000, 0x00007fd117200000, 0x00007fd122fc0000)
 tenured generation   total 3886472K, used 3863560K [0x00007fd601b50000, 0x00007fd6eeeb2000, 0x00007fe0ac600000)
   the space 3886472K,  99% used [0x00007fd601b50000, 0x00007fd6ed852318, 0x00007fd6ed852400, 0x00007fd6eeeb2000)
 Metaspace       used 24853K, capacity 25334K, committed 25600K, reserved 26624K
}
Event: 1147.133 GC heap after
{Heap after GC invocations=1514 (full 3):
 def new generation   total 1748992K, used 70195K [0x00007fd0ac600000, 0x00007fd122fc0000, 0x00007fd601b50000)
  eden space 1554688K,   0% used [0x00007fd0ac600000, 0x00007fd0ac600000, 0x00007fd10b440000)
  from space 194304K,  36% used [0x00007fd117200000, 0x00007fd11b68cfb8, 0x00007fd122fc0000)
  to   space 194304K,   0% used [0x00007fd10b440000, 0x00007fd10b440000, 0x00007fd117200000)
 tenured generation   total 3886472K, used 3868231K [0x00007fd601b50000, 0x00007fd6eeeb2000, 0x00007fe0ac600000)
   the space 3886472K,  99% used [0x00007fd601b50000, 0x00007fd6edce1d08, 0x00007fd6edce1e00, 0x00007fd6eeeb2000)
 Metaspace       used 24853K, capacity 25334K, committed 25600K, reserved 26624K
}
Event: 1148.360 GC heap before
{Heap before GC invocations=1514 (full 3):
 def new generation   total 1748992K, used 1624883K [0x00007fd0ac600000, 0x00007fd122fc0000, 0x00007fd601b50000)
  eden space 1554688K, 100% used [0x00007fd0ac600000, 0x00007fd10b440000, 0x00007fd10b440000)
  from space 194304K,  36% used [0x00007fd117200000, 0x00007fd11b68cfb8, 0x00007fd122fc0000)
  to   space 194304K,   0% used [0x00007fd10b440000, 0x00007fd10b440000, 0x00007fd117200000)
 tenured generation   total 3886472K, used 3868231K [0x00007fd601b50000, 0x00007fd6eeeb2000, 0x00007fe0ac600000)
   the space 3886472K,  99% used [0x00007fd601b50000, 0x00007fd6edce1d08, 0x00007fd6edce1e00, 0x00007fd6eeeb2000)
 Metaspace       used 24853K, capacity 25334K, committed 25600K, reserved 26624K
}
Event: 1148.452 GC heap after
{Heap after GC invocations=1515 (full 3):
 def new generation   total 1748992K, used 70194K [0x00007fd0ac600000, 0x00007fd122fc0000, 0x00007fd601b50000)
  eden space 1554688K,   0% used [0x00007fd0ac600000, 0x00007fd0ac600000, 0x00007fd10b440000)
  from space 194304K,  36% used [0x00007fd10b440000, 0x00007fd10f8cc910, 0x00007fd117200000)
  to   space 194304K,   0% used [0x00007fd117200000, 0x00007fd117200000, 0x00007fd122fc0000)
 tenured generation   total 3886472K, used 3872951K [0x00007fd601b50000, 0x00007fd6eeeb2000, 0x00007fe0ac600000)
   the space 3886472K,  99% used [0x00007fd601b50000, 0x00007fd6ee17df60, 0x00007fd6ee17e000, 0x00007fd6eeeb2000)
 Metaspace       used 24853K, capacity 25334K, committed 25600K, reserved 26624K
}
Event: 1149.632 GC heap before
{Heap before GC invocations=1515 (full 3):
 def new generation   total 1748992K, used 1624882K [0x00007fd0ac600000, 0x00007fd122fc0000, 0x00007fd601b50000)
  eden space 1554688K, 100% used [0x00007fd0ac600000, 0x00007fd10b440000, 0x00007fd10b440000)
  from space 194304K,  36% used [0x00007fd10b440000, 0x00007fd10f8cc910, 0x00007fd117200000)
  to   space 194304K,   0% used [0x00007fd117200000, 0x00007fd117200000, 0x00007fd122fc0000)
 tenured generation   total 3886472K, used 3872951K [0x00007fd601b50000, 0x00007fd6eeeb2000, 0x00007fe0ac600000)
   the space 3886472K,  99% used [0x00007fd601b50000, 0x00007fd6ee17df60, 0x00007fd6ee17e000, 0x00007fd6eeeb2000)
 Metaspace       used 24853K, capacity 25334K, committed 25600K, reserved 26624K
}
Event: 1149.735 GC heap after
{Heap after GC invocations=1516 (full 3):
 def new generation   total 1748992K, used 70094K [0x00007fd0ac600000, 0x00007fd122fc0000, 0x00007fd601b50000)
  eden space 1554688K,   0% used [0x00007fd0ac600000, 0x00007fd0ac600000, 0x00007fd10b440000)
  from space 194304K,  36% used [0x00007fd117200000, 0x00007fd11b6739b8, 0x00007fd122fc0000)
  to   space 194304K,   0% used [0x00007fd10b440000, 0x00007fd10b440000, 0x00007fd117200000)
 tenured generation   total 3886472K, used 3877622K [0x00007fd601b50000, 0x00007fd6eeeb2000, 0x00007fe0ac600000)
   the space 3886472K,  99% used [0x00007fd601b50000, 0x00007fd6ee60d950, 0x00007fd6ee60da00, 0x00007fd6eeeb2000)
 Metaspace       used 24853K, capacity 25334K, committed 25600K, reserved 26624K
}
Event: 1151.005 GC heap before
{Heap before GC invocations=1516 (full 3):
 def new generation   total 1748992K, used 1624782K [0x00007fd0ac600000, 0x00007fd122fc0000, 0x00007fd601b50000)
  eden space 1554688K, 100% used [0x00007fd0ac600000, 0x00007fd10b440000, 0x00007fd10b440000)
  from space 194304K,  36% used [0x00007fd117200000, 0x00007fd11b6739b8, 0x00007fd122fc0000)
  to   space 194304K,   0% used [0x00007fd10b440000, 0x00007fd10b440000, 0x00007fd117200000)
 tenured generation   total 3886472K, used 3877622K [0x00007fd601b50000, 0x00007fd6eeeb2000, 0x00007fe0ac600000)
   the space 3886472K,  99% used [0x00007fd601b50000, 0x00007fd6ee60d950, 0x00007fd6ee60da00, 0x00007fd6eeeb2000)
 Metaspace       used 24853K, capacity 25334K, committed 25600K, reserved 26624K
}
Event: 1151.096 GC heap after
{Heap after GC invocations=1517 (full 3):
 def new generation   total 1748992K, used 70191K [0x00007fd0ac600000, 0x00007fd122fc0000, 0x00007fd601b50000)
  eden space 1554688K,   0% used [0x00007fd0ac600000, 0x00007fd0ac600000, 0x00007fd10b440000)
  from space 194304K,  36% used [0x00007fd10b440000, 0x00007fd10f8cbd18, 0x00007fd117200000)
  to   space 194304K,   0% used [0x00007fd117200000, 0x00007fd117200000, 0x00007fd122fc0000)
 tenured generation   total 3886472K, used 3882200K [0x00007fd601b50000, 0x00007fd6eeeb2000, 0x00007fe0ac600000)
   the space 3886472K,  99% used [0x00007fd601b50000, 0x00007fd6eea86350, 0x00007fd6eea86400, 0x00007fd6eeeb2000)
 Metaspace       used 24853K, capacity 25334K, committed 25600K, reserved 26624K
}
Event: 1152.308 GC heap before
{Heap before GC invocations=1517 (full 3):
 def new generation   total 1748992K, used 1624879K [0x00007fd0ac600000, 0x00007fd122fc0000, 0x00007fd601b50000)
  eden space 1554688K, 100% used [0x00007fd0ac600000, 0x00007fd10b440000, 0x00007fd10b440000)
  from space 194304K,  36% used [0x00007fd10b440000, 0x00007fd10f8cbd18, 0x00007fd117200000)
  to   space 194304K,   0% used [0x00007fd117200000, 0x00007fd117200000, 0x00007fd122fc0000)
 tenured generation   total 3886472K, used 3882200K [0x00007fd601b50000, 0x00007fd6eeeb2000, 0x00007fe0ac600000)
   the space 3886472K,  99% used [0x00007fd601b50000, 0x00007fd6eea86350, 0x00007fd6eea86400, 0x00007fd6eeeb2000)
 Metaspace       used 24853K, capacity 25334K, committed 25600K, reserved 26624K
}
Event: 1152.405 GC heap after
{Heap after GC invocations=1518 (full 3):
 def new generation   total 1748992K, used 70173K [0x00007fd0ac600000, 0x00007fd122fc0000, 0x00007fd601b50000)
  eden space 1554688K,   0% used [0x00007fd0ac600000, 0x00007fd0ac600000, 0x00007fd10b440000)
  from space 194304K,  36% used [0x00007fd117200000, 0x00007fd11b6877c0, 0x00007fd122fc0000)
  to   space 194304K,   0% used [0x00007fd10b440000, 0x00007fd10b440000, 0x00007fd117200000)
 tenured generation   total 3887048K, used 3886917K [0x00007fd601b50000, 0x00007fd6eef42000, 0x00007fe0ac600000)
   the space 3887048K,  99% used [0x00007fd601b50000, 0x00007fd6eef21468, 0x00007fd6eef21600, 0x00007fd6eef42000)
 Metaspace       used 24853K, capacity 25334K, committed 25600K, reserved 26624K
}
Event: 1152.406 GC heap before
{Heap before GC invocations=1518 (full 3):
 def new generation   total 1748992K, used 70173K [0x00007fd0ac600000, 0x00007fd122fc0000, 0x00007fd601b50000)
  eden space 1554688K,   0% used [0x00007fd0ac600000, 0x00007fd0ac600000, 0x00007fd10b440000)
  from space 194304K,  36% used [0x00007fd117200000, 0x00007fd11b6877c0, 0x00007fd122fc0000)
  to   space 194304K,   0% used [0x00007fd10b440000, 0x00007fd10b440000, 0x00007fd117200000)
 tenured generation   total 3887048K, used 3886917K [0x00007fd601b50000, 0x00007fd6eef42000, 0x00007fe0ac600000)
   the space 3887048K,  99% used [0x00007fd601b50000, 0x00007fd6eef21468, 0x00007fd6eef21600, 0x00007fd6eef42000)
 Metaspace       used 24853K, capacity 25334K, committed 25600K, reserved 26624K
}

