# JRE version: OpenJDK Runtime Environment (13.0.7+5) (build 13.0.7+5-Ubuntu-0ubuntu120.04)
# Java VM: OpenJDK 64-Bit Server VM (13.0.7+5-Ubuntu-0ubuntu120.04, mixed mode, tiered, serial gc, linux-amd64)
Heap:
 def new generation   total 1050816K, used 116707K [0x00007f4064600000, 0x00007f40aba30000, 0x00007f45b9b50000)
  eden space 934080K,  12% used [0x00007f4064600000, 0x00007f406b7f8cc8, 0x00007f409d630000)
  from space 116736K,   0% used [0x00007f409d630000, 0x00007f409d630000, 0x00007f40a4830000)
  to   space 116736K,   0% used [0x00007f40a4830000, 0x00007f40a4830000, 0x00007f40aba30000)
 tenured generation   total 3152384K, used 3152383K [0x00007f45b9b50000, 0x00007f467a1d0000, 0x00007f5064600000)
   the space 3152384K,  99% used [0x00007f45b9b50000, 0x00007f467a1cff40, 0x00007f467a1d0000, 0x00007f467a1d0000)
 Metaspace       used 31698K, capacity 32141K, committed 32512K, reserved 32768K
GC Heap History (19 events):
Event: 3.730 GC heap before
{Heap before GC invocations=0 (full 0):
 def new generation   total 629120K, used 111849K [0x00007f4064600000, 0x00007f408f0a0000, 0x00007f45b9b50000)
  eden space 559232K,  20% used [0x00007f4064600000, 0x00007f406b33a408, 0x00007f4086820000)
  from space 69888K,   0% used [0x00007f4086820000, 0x00007f4086820000, 0x00007f408ac60000)
  to   space 69888K,   0% used [0x00007f408ac60000, 0x00007f408ac60000, 0x00007f408f0a0000)
 tenured generation   total 1398144K, used 0K [0x00007f45b9b50000, 0x00007f460f0b0000, 0x00007f5064600000)
   the space 1398144K,   0% used [0x00007f45b9b50000, 0x00007f45b9b50000, 0x00007f45b9b50200, 0x00007f460f0b0000)
 Metaspace       used 20792K, capacity 21113K, committed 21248K, reserved 22528K
}
Event: 3.989 GC heap after
{Heap after GC invocations=1 (full 1):
 def new generation   total 629248K, used 0K [0x00007f4064600000, 0x00007f408f0c0000, 0x00007f45b9b50000)
  eden space 559360K,   0% used [0x00007f4064600000, 0x00007f4064600000, 0x00007f4086840000)
  from space 69888K,   0% used [0x00007f4086840000, 0x00007f4086840000, 0x00007f408ac80000)
  to   space 69888K,   0% used [0x00007f408ac80000, 0x00007f408ac80000, 0x00007f408f0c0000)
 tenured generation   total 1398144K, used 13991K [0x00007f45b9b50000, 0x00007f460f0b0000, 0x00007f5064600000)
   the space 1398144K,   1% used [0x00007f45b9b50000, 0x00007f45ba8f9fa0, 0x00007f45ba8fa000, 0x00007f460f0b0000)
 Metaspace       used 20792K, capacity 21113K, committed 21248K, reserved 22528K
}
Event: 9.343 GC heap before
{Heap before GC invocations=1 (full 1):
 def new generation   total 629248K, used 559360K [0x00007f4064600000, 0x00007f408f0c0000, 0x00007f45b9b50000)
  eden space 559360K, 100% used [0x00007f4064600000, 0x00007f4086840000, 0x00007f4086840000)
  from space 69888K,   0% used [0x00007f4086840000, 0x00007f4086840000, 0x00007f408ac80000)
  to   space 69888K,   0% used [0x00007f408ac80000, 0x00007f408ac80000, 0x00007f408f0c0000)
 tenured generation   total 1398144K, used 13991K [0x00007f45b9b50000, 0x00007f460f0b0000, 0x00007f5064600000)
   the space 1398144K,   1% used [0x00007f45b9b50000, 0x00007f45ba8f9fa0, 0x00007f45ba8fa000, 0x00007f460f0b0000)
 Metaspace       used 31694K, capacity 32141K, committed 32512K, reserved 32768K
}
Event: 9.421 GC heap after
{Heap after GC invocations=2 (full 1):
 def new generation   total 629248K, used 11688K [0x00007f4064600000, 0x00007f408f0c0000, 0x00007f45b9b50000)
  eden space 559360K,   0% used [0x00007f4064600000, 0x00007f4064600000, 0x00007f4086840000)
  from space 69888K,  16% used [0x00007f408ac80000, 0x00007f408b7ea1a8, 0x00007f408f0c0000)
  to   space 69888K,   0% used [0x00007f4086840000, 0x00007f4086840000, 0x00007f408ac80000)
 tenured generation   total 1398144K, used 13991K [0x00007f45b9b50000, 0x00007f460f0b0000, 0x00007f5064600000)
   the space 1398144K,   1% used [0x00007f45b9b50000, 0x00007f45ba8f9fa0, 0x00007f45ba8fa000, 0x00007f460f0b0000)
 Metaspace       used 31694K, capacity 32141K, committed 32512K, reserved 32768K
}
Event: 10.501 GC heap before
{Heap before GC invocations=2 (full 1):
 def new generation   total 629248K, used 571048K [0x00007f4064600000, 0x00007f408f0c0000, 0x00007f45b9b50000)
  eden space 559360K, 100% used [0x00007f4064600000, 0x00007f4086840000, 0x00007f4086840000)
  from space 69888K,  16% used [0x00007f408ac80000, 0x00007f408b7ea1a8, 0x00007f408f0c0000)
  to   space 69888K,   0% used [0x00007f4086840000, 0x00007f4086840000, 0x00007f408ac80000)
 tenured generation   total 1398144K, used 13991K [0x00007f45b9b50000, 0x00007f460f0b0000, 0x00007f5064600000)
   the space 1398144K,   1% used [0x00007f45b9b50000, 0x00007f45ba8f9fa0, 0x00007f45ba8fa000, 0x00007f460f0b0000)
 Metaspace       used 31697K, capacity 32141K, committed 32512K, reserved 32768K
}
Event: 10.535 GC heap after
{Heap after GC invocations=3 (full 1):
 def new generation   total 629248K, used 11077K [0x00007f4064600000, 0x00007f408f0c0000, 0x00007f45b9b50000)
  eden space 559360K,   0% used [0x00007f4064600000, 0x00007f4064600000, 0x00007f4086840000)
  from space 69888K,  15% used [0x00007f4086840000, 0x00007f4087311588, 0x00007f408ac80000)
  to   space 69888K,   0% used [0x00007f408ac80000, 0x00007f408ac80000, 0x00007f408f0c0000)
 tenured generation   total 1398144K, used 13991K [0x00007f45b9b50000, 0x00007f460f0b0000, 0x00007f5064600000)
   the space 1398144K,   1% used [0x00007f45b9b50000, 0x00007f45ba8f9fa0, 0x00007f45ba8fa000, 0x00007f460f0b0000)
 Metaspace       used 31697K, capacity 32141K, committed 32512K, reserved 32768K
}
Event: 11.336 GC heap before
{Heap before GC invocations=3 (full 1):
 def new generation   total 629248K, used 570437K [0x00007f4064600000, 0x00007f408f0c0000, 0x00007f45b9b50000)
  eden space 559360K, 100% used [0x00007f4064600000, 0x00007f4086840000, 0x00007f4086840000)
  from space 69888K,  15% used [0x00007f4086840000, 0x00007f4087311588, 0x00007f408ac80000)
  to   space 69888K,   0% used [0x00007f408ac80000, 0x00007f408ac80000, 0x00007f408f0c0000)
 tenured generation   total 1398144K, used 13991K [0x00007f45b9b50000, 0x00007f460f0b0000, 0x00007f5064600000)
   the space 1398144K,   1% used [0x00007f45b9b50000, 0x00007f45ba8f9fa0, 0x00007f45ba8fa000, 0x00007f460f0b0000)
 Metaspace       used 31698K, capacity 32141K, committed 32512K, reserved 32768K
}
Event: 12.118 GC heap after
{Heap after GC invocations=4 (full 1):
 def new generation   total 629248K, used 69887K [0x00007f4064600000, 0x00007f408f0c0000, 0x00007f45b9b50000)
  eden space 559360K,   0% used [0x00007f4064600000, 0x00007f4064600000, 0x00007f4086840000)
  from space 69888K,  99% used [0x00007f408ac80000, 0x00007f408f0bfff8, 0x00007f408f0c0000)
  to   space 69888K,   0% used [0x00007f4086840000, 0x00007f4086840000, 0x00007f408ac80000)
 tenured generation   total 1398144K, used 282300K [0x00007f45b9b50000, 0x00007f460f0b0000, 0x00007f5064600000)
   the space 1398144K,  20% used [0x00007f45b9b50000, 0x00007f45caeff1c0, 0x00007f45caeff200, 0x00007f460f0b0000)
 Metaspace       used 31698K, capacity 32141K, committed 32512K, reserved 32768K
}
Event: 12.798 GC heap before
{Heap before GC invocations=4 (full 1):
 def new generation   total 629248K, used 629247K [0x00007f4064600000, 0x00007f408f0c0000, 0x00007f45b9b50000)
  eden space 559360K, 100% used [0x00007f4064600000, 0x00007f4086840000, 0x00007f4086840000)
  from space 69888K,  99% used [0x00007f408ac80000, 0x00007f408f0bfff8, 0x00007f408f0c0000)
  to   space 69888K,   0% used [0x00007f4086840000, 0x00007f4086840000, 0x00007f408ac80000)
 tenured generation   total 1398144K, used 282300K [0x00007f45b9b50000, 0x00007f460f0b0000, 0x00007f5064600000)
   the space 1398144K,  20% used [0x00007f45b9b50000, 0x00007f45caeff1c0, 0x00007f45caeff200, 0x00007f460f0b0000)
 Metaspace       used 31698K, capacity 32141K, committed 32512K, reserved 32768K
}
Event: 14.269 GC heap after
{Heap after GC invocations=5 (full 1):
 def new generation   total 629248K, used 69887K [0x00007f4064600000, 0x00007f408f0c0000, 0x00007f45b9b50000)
  eden space 559360K,   0% used [0x00007f4064600000, 0x00007f4064600000, 0x00007f4086840000)
  from space 69888K,  99% used [0x00007f4086840000, 0x00007f408ac7ff38, 0x00007f408ac80000)
  to   space 69888K,   0% used [0x00007f408ac80000, 0x00007f408ac80000, 0x00007f408f0c0000)
 tenured generation   total 1398144K, used 841597K [0x00007f45b9b50000, 0x00007f460f0b0000, 0x00007f5064600000)
   the space 1398144K,  60% used [0x00007f45b9b50000, 0x00007f45ed12f508, 0x00007f45ed12f600, 0x00007f460f0b0000)
 Metaspace       used 31698K, capacity 32141K, committed 32512K, reserved 32768K
}
Event: 14.861 GC heap before
{Heap before GC invocations=5 (full 1):
 def new generation   total 629248K, used 629247K [0x00007f4064600000, 0x00007f408f0c0000, 0x00007f45b9b50000)
  eden space 559360K, 100% used [0x00007f4064600000, 0x00007f4086840000, 0x00007f4086840000)
  from space 69888K,  99% used [0x00007f4086840000, 0x00007f408ac7ff38, 0x00007f408ac80000)
  to   space 69888K,   0% used [0x00007f408ac80000, 0x00007f408ac80000, 0x00007f408f0c0000)
 tenured generation   total 1398144K, used 841597K [0x00007f45b9b50000, 0x00007f460f0b0000, 0x00007f5064600000)
   the space 1398144K,  60% used [0x00007f45b9b50000, 0x00007f45ed12f508, 0x00007f45ed12f600, 0x00007f460f0b0000)
 Metaspace       used 31698K, capacity 32141K, committed 32512K, reserved 32768K
}
Event: 16.349 GC heap after
{Heap after GC invocations=6 (full 1):
 def new generation   total 629248K, used 69887K [0x00007f4064600000, 0x00007f408f0c0000, 0x00007f45b9b50000)
  eden space 559360K,   0% used [0x00007f4064600000, 0x00007f4064600000, 0x00007f4086840000)
  from space 69888K,  99% used [0x00007f408ac80000, 0x00007f408f0bff38, 0x00007f408f0c0000)
  to   space 69888K,   0% used [0x00007f4086840000, 0x00007f4086840000, 0x00007f408ac80000)
 tenured generation   total 1401024K, used 1400918K [0x00007f45b9b50000, 0x00007f460f380000, 0x00007f5064600000)
   the space 1401024K,  99% used [0x00007f45b9b50000, 0x00007f460f3659f8, 0x00007f460f365a00, 0x00007f460f380000)
 Metaspace       used 31698K, capacity 32141K, committed 32512K, reserved 32768K
}
Event: 16.349 GC heap before
{Heap before GC invocations=6 (full 1):
 def new generation   total 629248K, used 69887K [0x00007f4064600000, 0x00007f408f0c0000, 0x00007f45b9b50000)
  eden space 559360K,   0% used [0x00007f4064600000, 0x00007f4064600000, 0x00007f4086840000)
  from space 69888K,  99% used [0x00007f408ac80000, 0x00007f408f0bff38, 0x00007f408f0c0000)
  to   space 69888K,   0% used [0x00007f4086840000, 0x00007f4086840000, 0x00007f408ac80000)
 tenured generation   total 1401024K, used 1400918K [0x00007f45b9b50000, 0x00007f460f380000, 0x00007f5064600000)
   the space 1401024K,  99% used [0x00007f45b9b50000, 0x00007f460f3659f8, 0x00007f460f365a00, 0x00007f460f380000)
 Metaspace       used 31698K, capacity 32141K, committed 32512K, reserved 32768K
}
Event: 18.090 GC heap after
{Heap after GC invocations=6 (full 2):
 def new generation   total 1050816K, used 69782K [0x00007f4064600000, 0x00007f40aba30000, 0x00007f45b9b50000)
  eden space 934080K,   7% used [0x00007f4064600000, 0x00007f4068a25a60, 0x00007f409d630000)
  from space 116736K,   0% used [0x00007f409d630000, 0x00007f409d630000, 0x00007f40a4830000)
  to   space 116736K,   0% used [0x00007f40a4830000, 0x00007f40a4830000, 0x00007f40aba30000)
 tenured generation   total 2335040K, used 1401023K [0x00007f45b9b50000, 0x00007f46483a0000, 0x00007f5064600000)
   the space 2335040K,  59% used [0x00007f45b9b50000, 0x00007f460f37fed0, 0x00007f460f380000, 0x00007f46483a0000)
 Metaspace       used 31698K, capacity 32141K, committed 32512K, reserved 32768K
}
Event: 19.128 GC heap before
{Heap before GC invocations=6 (full 2):
 def new generation   total 1050816K, used 934080K [0x00007f4064600000, 0x00007f40aba30000, 0x00007f45b9b50000)
  eden space 934080K, 100% used [0x00007f4064600000, 0x00007f409d630000, 0x00007f409d630000)
  from space 116736K,   0% used [0x00007f409d630000, 0x00007f409d630000, 0x00007f40a4830000)
  to   space 116736K,   0% used [0x00007f40a4830000, 0x00007f40a4830000, 0x00007f40aba30000)
 tenured generation   total 2335040K, used 1401023K [0x00007f45b9b50000, 0x00007f46483a0000, 0x00007f5064600000)
   the space 2335040K,  59% used [0x00007f45b9b50000, 0x00007f460f37fed0, 0x00007f460f380000, 0x00007f46483a0000)
 Metaspace       used 31698K, capacity 32141K, committed 32512K, reserved 32768K
}
Event: 22.418 GC heap after
{Heap after GC invocations=7 (full 2):
 def new generation   total 1050816K, used 116735K [0x00007f4064600000, 0x00007f40aba30000, 0x00007f45b9b50000)
  eden space 934080K,   0% used [0x00007f4064600000, 0x00007f4064600000, 0x00007f409d630000)
  from space 116736K,  99% used [0x00007f40a4830000, 0x00007f40aba2fff0, 0x00007f40aba30000)
  to   space 116736K,   0% used [0x00007f409d630000, 0x00007f409d630000, 0x00007f40a4830000)
 tenured generation   total 2335040K, used 2218315K [0x00007f45b9b50000, 0x00007f46483a0000, 0x00007f5064600000)
   the space 2335040K,  95% used [0x00007f45b9b50000, 0x00007f46411a2d68, 0x00007f46411a2e00, 0x00007f46483a0000)
 Metaspace       used 31698K, capacity 32141K, committed 32512K, reserved 32768K
}
Event: 23.412 GC heap before
{Heap before GC invocations=7 (full 2):
 def new generation   total 1050816K, used 1050815K [0x00007f4064600000, 0x00007f40aba30000, 0x00007f45b9b50000)
  eden space 934080K, 100% used [0x00007f4064600000, 0x00007f409d630000, 0x00007f409d630000)
  from space 116736K,  99% used [0x00007f40a4830000, 0x00007f40aba2fff0, 0x00007f40aba30000)
  to   space 116736K,   0% used [0x00007f409d630000, 0x00007f409d630000, 0x00007f40a4830000)
 tenured generation   total 2335040K, used 2218315K [0x00007f45b9b50000, 0x00007f46483a0000, 0x00007f5064600000)
   the space 2335040K,  95% used [0x00007f45b9b50000, 0x00007f46411a2d68, 0x00007f46411a2e00, 0x00007f46483a0000)
 Metaspace       used 31698K, capacity 32141K, committed 32512K, reserved 32768K
}
Event: 26.106 GC heap after
{Heap after GC invocations=8 (full 2):
 def new generation   total 1050816K, used 116735K [0x00007f4064600000, 0x00007f40aba30000, 0x00007f45b9b50000)
  eden space 934080K,   0% used [0x00007f4064600000, 0x00007f4064600000, 0x00007f409d630000)
  from space 116736K,  99% used [0x00007f409d630000, 0x00007f40a482fff0, 0x00007f40a4830000)
  to   space 116736K,   0% used [0x00007f40a4830000, 0x00007f40a4830000, 0x00007f40aba30000)
 tenured generation   total 3152384K, used 3152355K [0x00007f45b9b50000, 0x00007f467a1d0000, 0x00007f5064600000)
   the space 3152384K,  99% used [0x00007f45b9b50000, 0x00007f467a1c8c18, 0x00007f467a1c8e00, 0x00007f467a1d0000)
 Metaspace       used 31698K, capacity 32141K, committed 32512K, reserved 32768K
}
Event: 26.106 GC heap before
{Heap before GC invocations=8 (full 2):
 def new generation   total 1050816K, used 116735K [0x00007f4064600000, 0x00007f40aba30000, 0x00007f45b9b50000)
  eden space 934080K,   0% used [0x00007f4064600000, 0x00007f4064600000, 0x00007f409d630000)
  from space 116736K,  99% used [0x00007f409d630000, 0x00007f40a482fff0, 0x00007f40a4830000)
  to   space 116736K,   0% used [0x00007f40a4830000, 0x00007f40a4830000, 0x00007f40aba30000)
 tenured generation   total 3152384K, used 3152355K [0x00007f45b9b50000, 0x00007f467a1d0000, 0x00007f5064600000)
   the space 3152384K,  99% used [0x00007f45b9b50000, 0x00007f467a1c8c18, 0x00007f467a1c8e00, 0x00007f467a1d0000)
 Metaspace       used 31698K, capacity 32141K, committed 32512K, reserved 32768K
}

