# JRE version: OpenJDK Runtime Environment (13.0.7+5) (build 13.0.7+5-Ubuntu-0ubuntu120.04)
# Java VM: OpenJDK 64-Bit Server VM (13.0.7+5-Ubuntu-0ubuntu120.04, mixed mode, tiered, serial gc, linux-amd64)
Heap:
 def new generation   total 1262656K, used 140193K [0x00007fbe24600000, 0x00007fbe7a010000, 0x00007fc379b50000)
  eden space 1122368K,  12% used [0x00007fbe24600000, 0x00007fbe2cee8758, 0x00007fbe68e10000)
  from space 140288K,   0% used [0x00007fbe68e10000, 0x00007fbe68e10000, 0x00007fbe71710000)
  to   space 140288K,   0% used [0x00007fbe71710000, 0x00007fbe71710000, 0x00007fbe7a010000)
 tenured generation   total 3776704K, used 3776703K [0x00007fc379b50000, 0x00007fc460380000, 0x00007fce24600000)
   the space 3776704K,  99% used [0x00007fc379b50000, 0x00007fc46037fe70, 0x00007fc460380000, 0x00007fc460380000)
 Metaspace       used 31556K, capacity 31991K, committed 32256K, reserved 32768K
GC Heap History (17 events):
Event: 3.192 GC heap before
{Heap before GC invocations=0 (full 0):
 def new generation   total 629120K, used 111846K [0x00007fbe24600000, 0x00007fbe4f0a0000, 0x00007fc379b50000)
  eden space 559232K,  20% used [0x00007fbe24600000, 0x00007fbe2b339ba0, 0x00007fbe46820000)
  from space 69888K,   0% used [0x00007fbe46820000, 0x00007fbe46820000, 0x00007fbe4ac60000)
  to   space 69888K,   0% used [0x00007fbe4ac60000, 0x00007fbe4ac60000, 0x00007fbe4f0a0000)
 tenured generation   total 1398144K, used 0K [0x00007fc379b50000, 0x00007fc3cf0b0000, 0x00007fce24600000)
   the space 1398144K,   0% used [0x00007fc379b50000, 0x00007fc379b50000, 0x00007fc379b50200, 0x00007fc3cf0b0000)
 Metaspace       used 20861K, capacity 21166K, committed 21248K, reserved 22528K
}
Event: 3.309 GC heap after
{Heap after GC invocations=1 (full 1):
 def new generation   total 629248K, used 0K [0x00007fbe24600000, 0x00007fbe4f0c0000, 0x00007fc379b50000)
  eden space 559360K,   0% used [0x00007fbe24600000, 0x00007fbe24600000, 0x00007fbe46840000)
  from space 69888K,   0% used [0x00007fbe46840000, 0x00007fbe46840000, 0x00007fbe4ac80000)
  to   space 69888K,   0% used [0x00007fbe4ac80000, 0x00007fbe4ac80000, 0x00007fbe4f0c0000)
 tenured generation   total 1398144K, used 13999K [0x00007fc379b50000, 0x00007fc3cf0b0000, 0x00007fce24600000)
   the space 1398144K,   1% used [0x00007fc379b50000, 0x00007fc37a8fbcf0, 0x00007fc37a8fbe00, 0x00007fc3cf0b0000)
 Metaspace       used 20861K, capacity 21166K, committed 21248K, reserved 22528K
}
Event: 7.565 GC heap before
{Heap before GC invocations=1 (full 1):
 def new generation   total 629248K, used 559360K [0x00007fbe24600000, 0x00007fbe4f0c0000, 0x00007fc379b50000)
  eden space 559360K, 100% used [0x00007fbe24600000, 0x00007fbe46840000, 0x00007fbe46840000)
  from space 69888K,   0% used [0x00007fbe46840000, 0x00007fbe46840000, 0x00007fbe4ac80000)
  to   space 69888K,   0% used [0x00007fbe4ac80000, 0x00007fbe4ac80000, 0x00007fbe4f0c0000)
 tenured generation   total 1398144K, used 13999K [0x00007fc379b50000, 0x00007fc3cf0b0000, 0x00007fce24600000)
   the space 1398144K,   1% used [0x00007fc379b50000, 0x00007fc37a8fbcf0, 0x00007fc37a8fbe00, 0x00007fc3cf0b0000)
 Metaspace       used 31553K, capacity 31991K, committed 32256K, reserved 32768K
}
Event: 7.752 GC heap after
{Heap after GC invocations=2 (full 1):
 def new generation   total 629248K, used 69888K [0x00007fbe24600000, 0x00007fbe4f0c0000, 0x00007fc379b50000)
  eden space 559360K,   0% used [0x00007fbe24600000, 0x00007fbe24600000, 0x00007fbe46840000)
  from space 69888K, 100% used [0x00007fbe4ac80000, 0x00007fbe4f0c0000, 0x00007fbe4f0c0000)
  to   space 69888K,   0% used [0x00007fbe46840000, 0x00007fbe46840000, 0x00007fbe4ac80000)
 tenured generation   total 1398144K, used 17469K [0x00007fc379b50000, 0x00007fc3cf0b0000, 0x00007fce24600000)
   the space 1398144K,   1% used [0x00007fc379b50000, 0x00007fc37ac5f6b8, 0x00007fc37ac5f800, 0x00007fc3cf0b0000)
 Metaspace       used 31553K, capacity 31991K, committed 32256K, reserved 32768K
}
Event: 8.358 GC heap before
{Heap before GC invocations=2 (full 1):
 def new generation   total 629248K, used 629248K [0x00007fbe24600000, 0x00007fbe4f0c0000, 0x00007fc379b50000)
  eden space 559360K, 100% used [0x00007fbe24600000, 0x00007fbe46840000, 0x00007fbe46840000)
  from space 69888K, 100% used [0x00007fbe4ac80000, 0x00007fbe4f0c0000, 0x00007fbe4f0c0000)
  to   space 69888K,   0% used [0x00007fbe46840000, 0x00007fbe46840000, 0x00007fbe4ac80000)
 tenured generation   total 1398144K, used 17469K [0x00007fc379b50000, 0x00007fc3cf0b0000, 0x00007fce24600000)
   the space 1398144K,   1% used [0x00007fc379b50000, 0x00007fc37ac5f6b8, 0x00007fc37ac5f800, 0x00007fc3cf0b0000)
 Metaspace       used 31553K, capacity 31991K, committed 32256K, reserved 32768K
}
Event: 9.220 GC heap after
{Heap after GC invocations=3 (full 1):
 def new generation   total 629248K, used 69887K [0x00007fbe24600000, 0x00007fbe4f0c0000, 0x00007fc379b50000)
  eden space 559360K,   0% used [0x00007fbe24600000, 0x00007fbe24600000, 0x00007fbe46840000)
  from space 69888K,  99% used [0x00007fbe46840000, 0x00007fbe4ac7ff20, 0x00007fbe4ac80000)
  to   space 69888K,   0% used [0x00007fbe4ac80000, 0x00007fbe4ac80000, 0x00007fbe4f0c0000)
 tenured generation   total 1398144K, used 564772K [0x00007fc379b50000, 0x00007fc3cf0b0000, 0x00007fce24600000)
   the space 1398144K,  40% used [0x00007fc379b50000, 0x00007fc39c2d9308, 0x00007fc39c2d9400, 0x00007fc3cf0b0000)
 Metaspace       used 31553K, capacity 31991K, committed 32256K, reserved 32768K
}
Event: 9.709 GC heap before
{Heap before GC invocations=3 (full 1):
 def new generation   total 629248K, used 629247K [0x00007fbe24600000, 0x00007fbe4f0c0000, 0x00007fc379b50000)
  eden space 559360K, 100% used [0x00007fbe24600000, 0x00007fbe46840000, 0x00007fbe46840000)
  from space 69888K,  99% used [0x00007fbe46840000, 0x00007fbe4ac7ff20, 0x00007fbe4ac80000)
  to   space 69888K,   0% used [0x00007fbe4ac80000, 0x00007fbe4ac80000, 0x00007fbe4f0c0000)
 tenured generation   total 1398144K, used 564772K [0x00007fc379b50000, 0x00007fc3cf0b0000, 0x00007fce24600000)
   the space 1398144K,  40% used [0x00007fc379b50000, 0x00007fc39c2d9308, 0x00007fc39c2d9400, 0x00007fc3cf0b0000)
 Metaspace       used 31553K, capacity 31991K, committed 32256K, reserved 32768K
}
Event: 10.594 GC heap after
{Heap after GC invocations=4 (full 1):
 def new generation   total 629248K, used 69887K [0x00007fbe24600000, 0x00007fbe4f0c0000, 0x00007fc379b50000)
  eden space 559360K,   0% used [0x00007fbe24600000, 0x00007fbe24600000, 0x00007fbe46840000)
  from space 69888K,  99% used [0x00007fbe4ac80000, 0x00007fbe4f0bff38, 0x00007fbe4f0c0000)
  to   space 69888K,   0% used [0x00007fbe46840000, 0x00007fbe46840000, 0x00007fbe4ac80000)
 tenured generation   total 1398144K, used 1124074K [0x00007fc379b50000, 0x00007fc3cf0b0000, 0x00007fce24600000)
   the space 1398144K,  80% used [0x00007fc379b50000, 0x00007fc3be50aa68, 0x00007fc3be50ac00, 0x00007fc3cf0b0000)
 Metaspace       used 31553K, capacity 31991K, committed 32256K, reserved 32768K
}
Event: 11.072 GC heap before
{Heap before GC invocations=4 (full 1):
 def new generation   total 629248K, used 629247K [0x00007fbe24600000, 0x00007fbe4f0c0000, 0x00007fc379b50000)
  eden space 559360K, 100% used [0x00007fbe24600000, 0x00007fbe46840000, 0x00007fbe46840000)
  from space 69888K,  99% used [0x00007fbe4ac80000, 0x00007fbe4f0bff38, 0x00007fbe4f0c0000)
  to   space 69888K,   0% used [0x00007fbe46840000, 0x00007fbe46840000, 0x00007fbe4ac80000)
 tenured generation   total 1398144K, used 1124074K [0x00007fc379b50000, 0x00007fc3cf0b0000, 0x00007fce24600000)
   the space 1398144K,  80% used [0x00007fc379b50000, 0x00007fc3be50aa68, 0x00007fc3be50ac00, 0x00007fc3cf0b0000)
 Metaspace       used 31553K, capacity 31991K, committed 32256K, reserved 32768K
}
Event: 12.210 GC heap after
{Heap after GC invocations=5 (full 1):
 def new generation   total 629248K, used 69887K [0x00007fbe24600000, 0x00007fbe4f0c0000, 0x00007fc379b50000)
  eden space 559360K,   0% used [0x00007fbe24600000, 0x00007fbe24600000, 0x00007fbe46840000)
  from space 69888K,  99% used [0x00007fbe46840000, 0x00007fbe4ac7ff38, 0x00007fbe4ac80000)
  to   space 69888K,   0% used [0x00007fbe4ac80000, 0x00007fbe4ac80000, 0x00007fbe4f0c0000)
 tenured generation   total 1683456K, used 1683372K [0x00007fc379b50000, 0x00007fc3e0750000, 0x00007fce24600000)
   the space 1683456K,  99% used [0x00007fc379b50000, 0x00007fc3e073b120, 0x00007fc3e073b200, 0x00007fc3e0750000)
 Metaspace       used 31553K, capacity 31991K, committed 32256K, reserved 32768K
}
Event: 12.210 GC heap before
{Heap before GC invocations=5 (full 1):
 def new generation   total 629248K, used 69887K [0x00007fbe24600000, 0x00007fbe4f0c0000, 0x00007fc379b50000)
  eden space 559360K,   0% used [0x00007fbe24600000, 0x00007fbe24600000, 0x00007fbe46840000)
  from space 69888K,  99% used [0x00007fbe46840000, 0x00007fbe4ac7ff38, 0x00007fbe4ac80000)
  to   space 69888K,   0% used [0x00007fbe4ac80000, 0x00007fbe4ac80000, 0x00007fbe4f0c0000)
 tenured generation   total 1683456K, used 1683372K [0x00007fc379b50000, 0x00007fc3e0750000, 0x00007fce24600000)
   the space 1683456K,  99% used [0x00007fc379b50000, 0x00007fc3e073b120, 0x00007fc3e073b200, 0x00007fc3e0750000)
 Metaspace       used 31553K, capacity 31991K, committed 32256K, reserved 32768K
}
Event: 13.283 GC heap after
{Heap after GC invocations=5 (full 2):
 def new generation   total 1262656K, used 69804K [0x00007fbe24600000, 0x00007fbe7a010000, 0x00007fc379b50000)
  eden space 1122368K,   6% used [0x00007fbe24600000, 0x00007fbe28a2b250, 0x00007fbe68e10000)
  from space 140288K,   0% used [0x00007fbe68e10000, 0x00007fbe68e10000, 0x00007fbe71710000)
  to   space 140288K,   0% used [0x00007fbe71710000, 0x00007fbe71710000, 0x00007fbe7a010000)
 tenured generation   total 2805760K, used 1683455K [0x00007fc379b50000, 0x00007fc424f50000, 0x00007fce24600000)
   the space 2805760K,  59% used [0x00007fc379b50000, 0x00007fc3e074fe08, 0x00007fc3e0750000, 0x00007fc424f50000)
 Metaspace       used 31553K, capacity 31991K, committed 32256K, reserved 32768K
}
Event: 14.160 GC heap before
{Heap before GC invocations=5 (full 2):
 def new generation   total 1262656K, used 1122368K [0x00007fbe24600000, 0x00007fbe7a010000, 0x00007fc379b50000)
  eden space 1122368K, 100% used [0x00007fbe24600000, 0x00007fbe68e10000, 0x00007fbe68e10000)
  from space 140288K,   0% used [0x00007fbe68e10000, 0x00007fbe68e10000, 0x00007fbe71710000)
  to   space 140288K,   0% used [0x00007fbe71710000, 0x00007fbe71710000, 0x00007fbe7a010000)
 tenured generation   total 2805760K, used 1683455K [0x00007fc379b50000, 0x00007fc424f50000, 0x00007fce24600000)
   the space 2805760K,  59% used [0x00007fc379b50000, 0x00007fc3e074fe08, 0x00007fc3e0750000, 0x00007fc424f50000)
 Metaspace       used 31556K, capacity 31991K, committed 32256K, reserved 32768K
}
Event: 16.574 GC heap after
{Heap after GC invocations=6 (full 2):
 def new generation   total 1262656K, used 140287K [0x00007fbe24600000, 0x00007fbe7a010000, 0x00007fc379b50000)
  eden space 1122368K,   0% used [0x00007fbe24600000, 0x00007fbe24600000, 0x00007fbe68e10000)
  from space 140288K,  99% used [0x00007fbe71710000, 0x00007fbe7a00fe70, 0x00007fbe7a010000)
  to   space 140288K,   0% used [0x00007fbe68e10000, 0x00007fbe68e10000, 0x00007fbe71710000)
 tenured generation   total 2805760K, used 2654277K [0x00007fc379b50000, 0x00007fc424f50000, 0x00007fce24600000)
   the space 2805760K,  94% used [0x00007fc379b50000, 0x00007fc41bb616a0, 0x00007fc41bb61800, 0x00007fc424f50000)
 Metaspace       used 31556K, capacity 31991K, committed 32256K, reserved 32768K
}
Event: 17.581 GC heap before
{Heap before GC invocations=6 (full 2):
 def new generation   total 1262656K, used 1262655K [0x00007fbe24600000, 0x00007fbe7a010000, 0x00007fc379b50000)
  eden space 1122368K, 100% used [0x00007fbe24600000, 0x00007fbe68e10000, 0x00007fbe68e10000)
  from space 140288K,  99% used [0x00007fbe71710000, 0x00007fbe7a00fe70, 0x00007fbe7a010000)
  to   space 140288K,   0% used [0x00007fbe68e10000, 0x00007fbe68e10000, 0x00007fbe71710000)
 tenured generation   total 2805760K, used 2654277K [0x00007fc379b50000, 0x00007fc424f50000, 0x00007fce24600000)
   the space 2805760K,  94% used [0x00007fc379b50000, 0x00007fc41bb616a0, 0x00007fc41bb61800, 0x00007fc424f50000)
 Metaspace       used 31556K, capacity 31991K, committed 32256K, reserved 32768K
}
Event: 19.833 GC heap after
{Heap after GC invocations=7 (full 2):
 def new generation   total 1262656K, used 140287K [0x00007fbe24600000, 0x00007fbe7a010000, 0x00007fc379b50000)
  eden space 1122368K,   0% used [0x00007fbe24600000, 0x00007fbe24600000, 0x00007fbe68e10000)
  from space 140288K,  99% used [0x00007fbe68e10000, 0x00007fbe7170fe20, 0x00007fbe71710000)
  to   space 140288K,   0% used [0x00007fbe71710000, 0x00007fbe71710000, 0x00007fbe7a010000)
 tenured generation   total 3776704K, used 3776609K [0x00007fc379b50000, 0x00007fc460380000, 0x00007fce24600000)
   the space 3776704K,  99% used [0x00007fc379b50000, 0x00007fc4603687a8, 0x00007fc460368800, 0x00007fc460380000)
 Metaspace       used 31556K, capacity 31991K, committed 32256K, reserved 32768K
}
Event: 19.833 GC heap before
{Heap before GC invocations=7 (full 2):
 def new generation   total 1262656K, used 140287K [0x00007fbe24600000, 0x00007fbe7a010000, 0x00007fc379b50000)
  eden space 1122368K,   0% used [0x00007fbe24600000, 0x00007fbe24600000, 0x00007fbe68e10000)
  from space 140288K,  99% used [0x00007fbe68e10000, 0x00007fbe7170fe20, 0x00007fbe71710000)
  to   space 140288K,   0% used [0x00007fbe71710000, 0x00007fbe71710000, 0x00007fbe7a010000)
 tenured generation   total 3776704K, used 3776609K [0x00007fc379b50000, 0x00007fc460380000, 0x00007fce24600000)
   the space 3776704K,  99% used [0x00007fc379b50000, 0x00007fc4603687a8, 0x00007fc460368800, 0x00007fc460380000)
 Metaspace       used 31556K, capacity 31991K, committed 32256K, reserved 32768K
}

