# JRE version: OpenJDK Runtime Environment (13.0.7+5) (build 13.0.7+5-Ubuntu-0ubuntu120.04)
# Java VM: OpenJDK 64-Bit Server VM (13.0.7+5-Ubuntu-0ubuntu120.04, mixed mode, tiered, serial gc, linux-amd64)
Heap:
 def new generation   total 3054528K, used 333942K [0x00007fd9bc600000, 0x00007fda8b860000, 0x00007fdf11b50000)
  eden space 2715136K,  12% used [0x00007fd9bc600000, 0x00007fd9d0c1d838, 0x00007fda62180000)
  from space 339392K,   0% used [0x00007fda62180000, 0x00007fda62180000, 0x00007fda76cf0000)
  to   space 339392K,   0% used [0x00007fda76cf0000, 0x00007fda76cf0000, 0x00007fda8b860000)
 tenured generation   total 9163352K, used 9163350K [0x00007fdf11b50000, 0x00007fe140fe6000, 0x00007fe9bc600000)
   the space 9163352K,  99% used [0x00007fdf11b50000, 0x00007fe140fe5a98, 0x00007fe140fe5c00, 0x00007fe140fe6000)
 Metaspace       used 31631K, capacity 32114K, committed 32256K, reserved 32768K
GC Heap History (20 events):
Event: 8.697 GC heap after
{Heap after GC invocations=2 (full 1):
 def new generation   total 629248K, used 69888K [0x00007fd9bc600000, 0x00007fd9e70c0000, 0x00007fdf11b50000)
  eden space 559360K,   0% used [0x00007fd9bc600000, 0x00007fd9bc600000, 0x00007fd9de840000)
  from space 69888K, 100% used [0x00007fd9e2c80000, 0x00007fd9e70c0000, 0x00007fd9e70c0000)
  to   space 69888K,   0% used [0x00007fd9de840000, 0x00007fd9de840000, 0x00007fd9e2c80000)
 tenured generation   total 1398144K, used 215061K [0x00007fdf11b50000, 0x00007fdf670b0000, 0x00007fe9bc600000)
   the space 1398144K,  15% used [0x00007fdf11b50000, 0x00007fdf1ed555b0, 0x00007fdf1ed55600, 0x00007fdf670b0000)
 Metaspace       used 31628K, capacity 32114K, committed 32256K, reserved 32768K
}
Event: 9.473 GC heap before
{Heap before GC invocations=2 (full 1):
 def new generation   total 629248K, used 629248K [0x00007fd9bc600000, 0x00007fd9e70c0000, 0x00007fdf11b50000)
  eden space 559360K, 100% used [0x00007fd9bc600000, 0x00007fd9de840000, 0x00007fd9de840000)
  from space 69888K, 100% used [0x00007fd9e2c80000, 0x00007fd9e70c0000, 0x00007fd9e70c0000)
  to   space 69888K,   0% used [0x00007fd9de840000, 0x00007fd9de840000, 0x00007fd9e2c80000)
 tenured generation   total 1398144K, used 215061K [0x00007fdf11b50000, 0x00007fdf670b0000, 0x00007fe9bc600000)
   the space 1398144K,  15% used [0x00007fdf11b50000, 0x00007fdf1ed555b0, 0x00007fdf1ed55600, 0x00007fdf670b0000)
 Metaspace       used 31628K, capacity 32114K, committed 32256K, reserved 32768K
}
Event: 10.279 GC heap after
{Heap after GC invocations=3 (full 1):
 def new generation   total 629248K, used 69887K [0x00007fd9bc600000, 0x00007fd9e70c0000, 0x00007fdf11b50000)
  eden space 559360K,   0% used [0x00007fd9bc600000, 0x00007fd9bc600000, 0x00007fd9de840000)
  from space 69888K,  99% used [0x00007fd9de840000, 0x00007fd9e2c7fff0, 0x00007fd9e2c80000)
  to   space 69888K,   0% used [0x00007fd9e2c80000, 0x00007fd9e2c80000, 0x00007fd9e70c0000)
 tenured generation   total 1398144K, used 691315K [0x00007fdf11b50000, 0x00007fdf670b0000, 0x00007fe9bc600000)
   the space 1398144K,  49% used [0x00007fdf11b50000, 0x00007fdf3be6cdf8, 0x00007fdf3be6ce00, 0x00007fdf670b0000)
 Metaspace       used 31628K, capacity 32114K, committed 32256K, reserved 32768K
}
Event: 10.688 GC heap before
{Heap before GC invocations=3 (full 1):
 def new generation   total 629248K, used 629247K [0x00007fd9bc600000, 0x00007fd9e70c0000, 0x00007fdf11b50000)
  eden space 559360K, 100% used [0x00007fd9bc600000, 0x00007fd9de840000, 0x00007fd9de840000)
  from space 69888K,  99% used [0x00007fd9de840000, 0x00007fd9e2c7fff0, 0x00007fd9e2c80000)
  to   space 69888K,   0% used [0x00007fd9e2c80000, 0x00007fd9e2c80000, 0x00007fd9e70c0000)
 tenured generation   total 1398144K, used 691315K [0x00007fdf11b50000, 0x00007fdf670b0000, 0x00007fe9bc600000)
   the space 1398144K,  49% used [0x00007fdf11b50000, 0x00007fdf3be6cdf8, 0x00007fdf3be6ce00, 0x00007fdf670b0000)
 Metaspace       used 31628K, capacity 32114K, committed 32256K, reserved 32768K
}
Event: 11.624 GC heap after
{Heap after GC invocations=4 (full 1):
 def new generation   total 629248K, used 69887K [0x00007fd9bc600000, 0x00007fd9e70c0000, 0x00007fdf11b50000)
  eden space 559360K,   0% used [0x00007fd9bc600000, 0x00007fd9bc600000, 0x00007fd9de840000)
  from space 69888K,  99% used [0x00007fd9e2c80000, 0x00007fd9e70bfe08, 0x00007fd9e70c0000)
  to   space 69888K,   0% used [0x00007fd9de840000, 0x00007fd9de840000, 0x00007fd9e2c80000)
 tenured generation   total 1398144K, used 1250565K [0x00007fdf11b50000, 0x00007fdf670b0000, 0x00007fe9bc600000)
   the space 1398144K,  89% used [0x00007fdf11b50000, 0x00007fdf5e091710, 0x00007fdf5e091800, 0x00007fdf670b0000)
 Metaspace       used 31628K, capacity 32114K, committed 32256K, reserved 32768K
}
Event: 12.013 GC heap before
{Heap before GC invocations=4 (full 1):
 def new generation   total 629248K, used 629247K [0x00007fd9bc600000, 0x00007fd9e70c0000, 0x00007fdf11b50000)
  eden space 559360K, 100% used [0x00007fd9bc600000, 0x00007fd9de840000, 0x00007fd9de840000)
  from space 69888K,  99% used [0x00007fd9e2c80000, 0x00007fd9e70bfe08, 0x00007fd9e70c0000)
  to   space 69888K,   0% used [0x00007fd9de840000, 0x00007fd9de840000, 0x00007fd9e2c80000)
 tenured generation   total 1398144K, used 1250565K [0x00007fdf11b50000, 0x00007fdf670b0000, 0x00007fe9bc600000)
   the space 1398144K,  89% used [0x00007fdf11b50000, 0x00007fdf5e091710, 0x00007fdf5e091800, 0x00007fdf670b0000)
 Metaspace       used 31628K, capacity 32114K, committed 32256K, reserved 32768K
}
Event: 12.948 GC heap after
{Heap after GC invocations=5 (full 1):
 def new generation   total 629248K, used 69887K [0x00007fd9bc600000, 0x00007fd9e70c0000, 0x00007fdf11b50000)
  eden space 559360K,   0% used [0x00007fd9bc600000, 0x00007fd9bc600000, 0x00007fd9de840000)
  from space 69888K,  99% used [0x00007fd9de840000, 0x00007fd9e2c7fe08, 0x00007fd9e2c80000)
  to   space 69888K,   0% used [0x00007fd9e2c80000, 0x00007fd9e2c80000, 0x00007fd9e70c0000)
 tenured generation   total 1809984K, used 1809862K [0x00007fdf11b50000, 0x00007fdf802e0000, 0x00007fe9bc600000)
   the space 1809984K,  99% used [0x00007fdf11b50000, 0x00007fdf802c1868, 0x00007fdf802c1a00, 0x00007fdf802e0000)
 Metaspace       used 31628K, capacity 32114K, committed 32256K, reserved 32768K
}
Event: 12.948 GC heap before
{Heap before GC invocations=5 (full 1):
 def new generation   total 629248K, used 69887K [0x00007fd9bc600000, 0x00007fd9e70c0000, 0x00007fdf11b50000)
  eden space 559360K,   0% used [0x00007fd9bc600000, 0x00007fd9bc600000, 0x00007fd9de840000)
  from space 69888K,  99% used [0x00007fd9de840000, 0x00007fd9e2c7fe08, 0x00007fd9e2c80000)
  to   space 69888K,   0% used [0x00007fd9e2c80000, 0x00007fd9e2c80000, 0x00007fd9e70c0000)
 tenured generation   total 1809984K, used 1809862K [0x00007fdf11b50000, 0x00007fdf802e0000, 0x00007fe9bc600000)
   the space 1809984K,  99% used [0x00007fdf11b50000, 0x00007fdf802c1868, 0x00007fdf802c1a00, 0x00007fdf802e0000)
 Metaspace       used 31628K, capacity 32114K, committed 32256K, reserved 32768K
}
Event: 13.500 GC heap after
{Heap after GC invocations=5 (full 2):
 def new generation   total 1357568K, used 69766K [0x00007fd9bc600000, 0x00007fda18700000, 0x00007fdf11b50000)
  eden space 1206784K,   5% used [0x00007fd9bc600000, 0x00007fd9c0a21868, 0x00007fda06080000)
  from space 150784K,   0% used [0x00007fda06080000, 0x00007fda06080000, 0x00007fda0f3c0000)
  to   space 150784K,   0% used [0x00007fda0f3c0000, 0x00007fda0f3c0000, 0x00007fda18700000)
 tenured generation   total 3016640K, used 1809983K [0x00007fdf11b50000, 0x00007fdfc9d40000, 0x00007fe9bc600000)
   the space 3016640K,  59% used [0x00007fdf11b50000, 0x00007fdf802dfe08, 0x00007fdf802e0000, 0x00007fdfc9d40000)
 Metaspace       used 31628K, capacity 32114K, committed 32256K, reserved 32768K
}
Event: 14.556 GC heap before
{Heap before GC invocations=5 (full 2):
 def new generation   total 1357568K, used 1206784K [0x00007fd9bc600000, 0x00007fda18700000, 0x00007fdf11b50000)
  eden space 1206784K, 100% used [0x00007fd9bc600000, 0x00007fda06080000, 0x00007fda06080000)
  from space 150784K,   0% used [0x00007fda06080000, 0x00007fda06080000, 0x00007fda0f3c0000)
  to   space 150784K,   0% used [0x00007fda0f3c0000, 0x00007fda0f3c0000, 0x00007fda18700000)
 tenured generation   total 3016640K, used 1809983K [0x00007fdf11b50000, 0x00007fdfc9d40000, 0x00007fe9bc600000)
   the space 3016640K,  59% used [0x00007fdf11b50000, 0x00007fdf802dfe08, 0x00007fdf802e0000, 0x00007fdfc9d40000)
 Metaspace       used 31631K, capacity 32114K, committed 32256K, reserved 32768K
}
Event: 17.174 GC heap after
{Heap after GC invocations=6 (full 2):
 def new generation   total 1357568K, used 150782K [0x00007fd9bc600000, 0x00007fda18700000, 0x00007fdf11b50000)
  eden space 1206784K,   0% used [0x00007fd9bc600000, 0x00007fd9bc600000, 0x00007fda06080000)
  from space 150784K,  99% used [0x00007fda0f3c0000, 0x00007fda186ffa10, 0x00007fda18700000)
  to   space 150784K,   0% used [0x00007fda06080000, 0x00007fda06080000, 0x00007fda0f3c0000)
 tenured generation   total 3016640K, used 2865896K [0x00007fdf11b50000, 0x00007fdfc9d40000, 0x00007fe9bc600000)
   the space 3016640K,  95% used [0x00007fdf11b50000, 0x00007fdfc0a0a0a0, 0x00007fdfc0a0a200, 0x00007fdfc9d40000)
 Metaspace       used 31631K, capacity 32114K, committed 32256K, reserved 32768K
}
Event: 18.043 GC heap before
{Heap before GC invocations=6 (full 2):
 def new generation   total 1357568K, used 1357566K [0x00007fd9bc600000, 0x00007fda18700000, 0x00007fdf11b50000)
  eden space 1206784K, 100% used [0x00007fd9bc600000, 0x00007fda06080000, 0x00007fda06080000)
  from space 150784K,  99% used [0x00007fda0f3c0000, 0x00007fda186ffa10, 0x00007fda18700000)
  to   space 150784K,   0% used [0x00007fda06080000, 0x00007fda06080000, 0x00007fda0f3c0000)
 tenured generation   total 3016640K, used 2865896K [0x00007fdf11b50000, 0x00007fdfc9d40000, 0x00007fe9bc600000)
   the space 3016640K,  95% used [0x00007fdf11b50000, 0x00007fdfc0a0a0a0, 0x00007fdfc0a0a200, 0x00007fdfc9d40000)
 Metaspace       used 31631K, capacity 32114K, committed 32256K, reserved 32768K
}
Event: 20.497 GC heap after
{Heap after GC invocations=7 (full 2):
 def new generation   total 1357568K, used 150782K [0x00007fd9bc600000, 0x00007fda18700000, 0x00007fdf11b50000)
  eden space 1206784K,   0% used [0x00007fd9bc600000, 0x00007fd9bc600000, 0x00007fda06080000)
  from space 150784K,  99% used [0x00007fda06080000, 0x00007fda0f3bfa10, 0x00007fda0f3c0000)
  to   space 150784K,   0% used [0x00007fda0f3c0000, 0x00007fda0f3c0000, 0x00007fda18700000)
 tenured generation   total 4072640K, used 4072595K [0x00007fdf11b50000, 0x00007fe00a480000, 0x00007fe9bc600000)
   the space 4072640K,  99% used [0x00007fdf11b50000, 0x00007fe00a474d78, 0x00007fe00a474e00, 0x00007fe00a480000)
 Metaspace       used 31631K, capacity 32114K, committed 32256K, reserved 32768K
}
Event: 20.497 GC heap before
{Heap before GC invocations=7 (full 2):
 def new generation   total 1357568K, used 150782K [0x00007fd9bc600000, 0x00007fda18700000, 0x00007fdf11b50000)
  eden space 1206784K,   0% used [0x00007fd9bc600000, 0x00007fd9bc600000, 0x00007fda06080000)
  from space 150784K,  99% used [0x00007fda06080000, 0x00007fda0f3bfa10, 0x00007fda0f3c0000)
  to   space 150784K,   0% used [0x00007fda0f3c0000, 0x00007fda0f3c0000, 0x00007fda18700000)
 tenured generation   total 4072640K, used 4072595K [0x00007fdf11b50000, 0x00007fe00a480000, 0x00007fe9bc600000)
   the space 4072640K,  99% used [0x00007fdf11b50000, 0x00007fe00a474d78, 0x00007fe00a474e00, 0x00007fe00a480000)
 Metaspace       used 31631K, capacity 32114K, committed 32256K, reserved 32768K
}
Event: 21.707 GC heap after
{Heap after GC invocations=7 (full 3):
 def new generation   total 3054528K, used 150738K [0x00007fd9bc600000, 0x00007fda8b860000, 0x00007fdf11b50000)
  eden space 2715136K,   5% used [0x00007fd9bc600000, 0x00007fd9c5934800, 0x00007fda62180000)
  from space 339392K,   0% used [0x00007fda62180000, 0x00007fda62180000, 0x00007fda76cf0000)
  to   space 339392K,   0% used [0x00007fda76cf0000, 0x00007fda76cf0000, 0x00007fda8b860000)
 tenured generation   total 6787736K, used 4072639K [0x00007fdf11b50000, 0x00007fe0afff6000, 0x00007fe9bc600000)
   the space 6787736K,  59% used [0x00007fdf11b50000, 0x00007fe00a47ff88, 0x00007fe00a480000, 0x00007fe0afff6000)
 Metaspace       used 31631K, capacity 32114K, committed 32256K, reserved 32768K
}
Event: 24.029 GC heap before
{Heap before GC invocations=7 (full 3):
 def new generation   total 3054528K, used 2715136K [0x00007fd9bc600000, 0x00007fda8b860000, 0x00007fdf11b50000)
  eden space 2715136K, 100% used [0x00007fd9bc600000, 0x00007fda62180000, 0x00007fda62180000)
  from space 339392K,   0% used [0x00007fda62180000, 0x00007fda62180000, 0x00007fda76cf0000)
  to   space 339392K,   0% used [0x00007fda76cf0000, 0x00007fda76cf0000, 0x00007fda8b860000)
 tenured generation   total 6787736K, used 4072639K [0x00007fdf11b50000, 0x00007fe0afff6000, 0x00007fe9bc600000)
   the space 6787736K,  59% used [0x00007fdf11b50000, 0x00007fe00a47ff88, 0x00007fe00a480000, 0x00007fe0afff6000)
 Metaspace       used 31631K, capacity 32114K, committed 32256K, reserved 32768K
}
Event: 30.140 GC heap after
{Heap after GC invocations=8 (full 3):
 def new generation   total 3054528K, used 339391K [0x00007fd9bc600000, 0x00007fda8b860000, 0x00007fdf11b50000)
  eden space 2715136K,   0% used [0x00007fd9bc600000, 0x00007fd9bc600000, 0x00007fda62180000)
  from space 339392K,  99% used [0x00007fda76cf0000, 0x00007fda8b85fcb0, 0x00007fda8b860000)
  to   space 339392K,   0% used [0x00007fda62180000, 0x00007fda62180000, 0x00007fda76cf0000)
 tenured generation   total 6787736K, used 6448256K [0x00007fdf11b50000, 0x00007fe0afff6000, 0x00007fe9bc600000)
   the space 6787736K,  94% used [0x00007fdf11b50000, 0x00007fe09b4702b8, 0x00007fe09b470400, 0x00007fe0afff6000)
 Metaspace       used 31631K, capacity 32114K, committed 32256K, reserved 32768K
}
Event: 32.123 GC heap before
{Heap before GC invocations=8 (full 3):
 def new generation   total 3054528K, used 3054527K [0x00007fd9bc600000, 0x00007fda8b860000, 0x00007fdf11b50000)
  eden space 2715136K, 100% used [0x00007fd9bc600000, 0x00007fda62180000, 0x00007fda62180000)
  from space 339392K,  99% used [0x00007fda76cf0000, 0x00007fda8b85fcb0, 0x00007fda8b860000)
  to   space 339392K,   0% used [0x00007fda62180000, 0x00007fda62180000, 0x00007fda76cf0000)
 tenured generation   total 6787736K, used 6448256K [0x00007fdf11b50000, 0x00007fe0afff6000, 0x00007fe9bc600000)
   the space 6787736K,  94% used [0x00007fdf11b50000, 0x00007fe09b4702b8, 0x00007fe09b470400, 0x00007fe0afff6000)
 Metaspace       used 31631K, capacity 32114K, committed 32256K, reserved 32768K
}
Event: 37.629 GC heap after
{Heap after GC invocations=9 (full 3):
 def new generation   total 3054528K, used 339391K [0x00007fd9bc600000, 0x00007fda8b860000, 0x00007fdf11b50000)
  eden space 2715136K,   0% used [0x00007fd9bc600000, 0x00007fd9bc600000, 0x00007fda62180000)
  from space 339392K,  99% used [0x00007fda62180000, 0x00007fda76cefcb0, 0x00007fda76cf0000)
  to   space 339392K,   0% used [0x00007fda76cf0000, 0x00007fda76cf0000, 0x00007fda8b860000)
 tenured generation   total 9163352K, used 9163343K [0x00007fdf11b50000, 0x00007fe140fe6000, 0x00007fe9bc600000)
   the space 9163352K,  99% used [0x00007fdf11b50000, 0x00007fe140fe3e40, 0x00007fe140fe4000, 0x00007fe140fe6000)
 Metaspace       used 31631K, capacity 32114K, committed 32256K, reserved 32768K
}
Event: 37.629 GC heap before
{Heap before GC invocations=9 (full 3):
 def new generation   total 3054528K, used 339391K [0x00007fd9bc600000, 0x00007fda8b860000, 0x00007fdf11b50000)
  eden space 2715136K,   0% used [0x00007fd9bc600000, 0x00007fd9bc600000, 0x00007fda62180000)
  from space 339392K,  99% used [0x00007fda62180000, 0x00007fda76cefcb0, 0x00007fda76cf0000)
  to   space 339392K,   0% used [0x00007fda76cf0000, 0x00007fda76cf0000, 0x00007fda8b860000)
 tenured generation   total 9163352K, used 9163343K [0x00007fdf11b50000, 0x00007fe140fe6000, 0x00007fe9bc600000)
   the space 9163352K,  99% used [0x00007fdf11b50000, 0x00007fe140fe3e40, 0x00007fe140fe4000, 0x00007fe140fe6000)
 Metaspace       used 31631K, capacity 32114K, committed 32256K, reserved 32768K
}

