# JRE version: OpenJDK Runtime Environment (13.0.7+5) (build 13.0.7+5-Ubuntu-0ubuntu120.04)
# Java VM: OpenJDK 64-Bit Server VM (13.0.7+5-Ubuntu-0ubuntu120.04, mixed mode, tiered, serial gc, linux-amd64)
Heap:
 def new generation   total 5520896K, used 344494K [0x00007f60dc600000, 0x00007f6252c80000, 0x00007f6631b50000)
  eden space 4907520K,   7% used [0x00007f60dc600000, 0x00007f60f166bb40, 0x00007f6207e80000)
  from space 613376K,   0% used [0x00007f6207e80000, 0x00007f6207e80000, 0x00007f622d580000)
  to   space 613376K,   0% used [0x00007f622d580000, 0x00007f622d580000, 0x00007f6252c80000)
 tenured generation   total 12268632K, used 12268542K [0x00007f6631b50000, 0x00007f691e866000, 0x00007f70dc600000)
   the space 12268632K,  99% used [0x00007f6631b50000, 0x00007f691e84fbd8, 0x00007f691e84fc00, 0x00007f691e866000)
 Metaspace       used 31535K, capacity 32003K, committed 32256K, reserved 32768K
GC Heap History (20 events):
Event: 14.574 GC heap after
{Heap after GC invocations=5 (full 2):
 def new generation   total 1367488K, used 69814K [0x00007f60dc600000, 0x00007f61391d0000, 0x00007f6631b50000)
  eden space 1215552K,   5% used [0x00007f60dc600000, 0x00007f60e0a2d800, 0x00007f6126910000)
  from space 151936K,   0% used [0x00007f6126910000, 0x00007f6126910000, 0x00007f612fd70000)
  to   space 151936K,   0% used [0x00007f612fd70000, 0x00007f612fd70000, 0x00007f61391d0000)
 tenured generation   total 3038720K, used 1823231K [0x00007f6631b50000, 0x00007f66eb2d0000, 0x00007f70dc600000)
   the space 3038720K,  59% used [0x00007f6631b50000, 0x00007f66a0fcff58, 0x00007f66a0fd0000, 0x00007f66eb2d0000)
 Metaspace       used 31533K, capacity 32003K, committed 32256K, reserved 32768K
}
Event: 15.671 GC heap before
{Heap before GC invocations=5 (full 2):
 def new generation   total 1367488K, used 1215552K [0x00007f60dc600000, 0x00007f61391d0000, 0x00007f6631b50000)
  eden space 1215552K, 100% used [0x00007f60dc600000, 0x00007f6126910000, 0x00007f6126910000)
  from space 151936K,   0% used [0x00007f6126910000, 0x00007f6126910000, 0x00007f612fd70000)
  to   space 151936K,   0% used [0x00007f612fd70000, 0x00007f612fd70000, 0x00007f61391d0000)
 tenured generation   total 3038720K, used 1823231K [0x00007f6631b50000, 0x00007f66eb2d0000, 0x00007f70dc600000)
   the space 3038720K,  59% used [0x00007f6631b50000, 0x00007f66a0fcff58, 0x00007f66a0fd0000, 0x00007f66eb2d0000)
 Metaspace       used 31535K, capacity 32003K, committed 32256K, reserved 32768K
}
Event: 18.537 GC heap after
{Heap after GC invocations=6 (full 2):
 def new generation   total 1367488K, used 151935K [0x00007f60dc600000, 0x00007f61391d0000, 0x00007f6631b50000)
  eden space 1215552K,   0% used [0x00007f60dc600000, 0x00007f60dc600000, 0x00007f6126910000)
  from space 151936K,  99% used [0x00007f612fd70000, 0x00007f61391cfea8, 0x00007f61391d0000)
  to   space 151936K,   0% used [0x00007f6126910000, 0x00007f6126910000, 0x00007f612fd70000)
 tenured generation   total 3038720K, used 2874661K [0x00007f6631b50000, 0x00007f66eb2d0000, 0x00007f70dc600000)
   the space 3038720K,  94% used [0x00007f6631b50000, 0x00007f66e1299728, 0x00007f66e1299800, 0x00007f66eb2d0000)
 Metaspace       used 31535K, capacity 32003K, committed 32256K, reserved 32768K
}
Event: 19.716 GC heap before
{Heap before GC invocations=6 (full 2):
 def new generation   total 1367488K, used 1367487K [0x00007f60dc600000, 0x00007f61391d0000, 0x00007f6631b50000)
  eden space 1215552K, 100% used [0x00007f60dc600000, 0x00007f6126910000, 0x00007f6126910000)
  from space 151936K,  99% used [0x00007f612fd70000, 0x00007f61391cfea8, 0x00007f61391d0000)
  to   space 151936K,   0% used [0x00007f6126910000, 0x00007f6126910000, 0x00007f612fd70000)
 tenured generation   total 3038720K, used 2874661K [0x00007f6631b50000, 0x00007f66eb2d0000, 0x00007f70dc600000)
   the space 3038720K,  94% used [0x00007f6631b50000, 0x00007f66e1299728, 0x00007f66e1299800, 0x00007f66eb2d0000)
 Metaspace       used 31535K, capacity 32003K, committed 32256K, reserved 32768K
}
Event: 22.593 GC heap after
{Heap after GC invocations=7 (full 2):
 def new generation   total 1367488K, used 151935K [0x00007f60dc600000, 0x00007f61391d0000, 0x00007f6631b50000)
  eden space 1215552K,   0% used [0x00007f60dc600000, 0x00007f60dc600000, 0x00007f6126910000)
  from space 151936K,  99% used [0x00007f6126910000, 0x00007f612fd6fe58, 0x00007f612fd70000)
  to   space 151936K,   0% used [0x00007f612fd70000, 0x00007f612fd70000, 0x00007f61391d0000)
 tenured generation   total 4090304K, used 4090172K [0x00007f6631b50000, 0x00007f672b5c0000, 0x00007f70dc600000)
   the space 4090304K,  99% used [0x00007f6631b50000, 0x00007f672b59f2e8, 0x00007f672b59f400, 0x00007f672b5c0000)
 Metaspace       used 31535K, capacity 32003K, committed 32256K, reserved 32768K
}
Event: 22.593 GC heap before
{Heap before GC invocations=7 (full 2):
 def new generation   total 1367488K, used 151935K [0x00007f60dc600000, 0x00007f61391d0000, 0x00007f6631b50000)
  eden space 1215552K,   0% used [0x00007f60dc600000, 0x00007f60dc600000, 0x00007f6126910000)
  from space 151936K,  99% used [0x00007f6126910000, 0x00007f612fd6fe58, 0x00007f612fd70000)
  to   space 151936K,   0% used [0x00007f612fd70000, 0x00007f612fd70000, 0x00007f61391d0000)
 tenured generation   total 4090304K, used 4090172K [0x00007f6631b50000, 0x00007f672b5c0000, 0x00007f70dc600000)
   the space 4090304K,  99% used [0x00007f6631b50000, 0x00007f672b59f2e8, 0x00007f672b59f400, 0x00007f672b5c0000)
 Metaspace       used 31535K, capacity 32003K, committed 32256K, reserved 32768K
}
Event: 25.522 GC heap after
{Heap after GC invocations=7 (full 3):
 def new generation   total 3067776K, used 151804K [0x00007f60dc600000, 0x00007f61ac6c0000, 0x00007f6631b50000)
  eden space 2726912K,   5% used [0x00007f60dc600000, 0x00007f60e5a3f2e8, 0x00007f6182d00000)
  from space 340864K,   0% used [0x00007f6182d00000, 0x00007f6182d00000, 0x00007f61979e0000)
  to   space 340864K,   0% used [0x00007f61979e0000, 0x00007f61979e0000, 0x00007f61ac6c0000)
 tenured generation   total 6817176K, used 4090303K [0x00007f6631b50000, 0x00007f67d1cb6000, 0x00007f70dc600000)
   the space 6817176K,  59% used [0x00007f6631b50000, 0x00007f672b5bfe58, 0x00007f672b5c0000, 0x00007f67d1cb6000)
 Metaspace       used 31535K, capacity 32003K, committed 32256K, reserved 32768K
}
Event: 30.157 GC heap before
{Heap before GC invocations=7 (full 3):
 def new generation   total 3067776K, used 2726912K [0x00007f60dc600000, 0x00007f61ac6c0000, 0x00007f6631b50000)
  eden space 2726912K, 100% used [0x00007f60dc600000, 0x00007f6182d00000, 0x00007f6182d00000)
  from space 340864K,   0% used [0x00007f6182d00000, 0x00007f6182d00000, 0x00007f61979e0000)
  to   space 340864K,   0% used [0x00007f61979e0000, 0x00007f61979e0000, 0x00007f61ac6c0000)
 tenured generation   total 6817176K, used 4090303K [0x00007f6631b50000, 0x00007f67d1cb6000, 0x00007f70dc600000)
   the space 6817176K,  59% used [0x00007f6631b50000, 0x00007f672b5bfe58, 0x00007f672b5c0000, 0x00007f67d1cb6000)
 Metaspace       used 31535K, capacity 32003K, committed 32256K, reserved 32768K
}
Event: 35.358 GC heap after
{Heap after GC invocations=8 (full 3):
 def new generation   total 3067776K, used 340863K [0x00007f60dc600000, 0x00007f61ac6c0000, 0x00007f6631b50000)
  eden space 2726912K,   0% used [0x00007f60dc600000, 0x00007f60dc600000, 0x00007f6182d00000)
  from space 340864K,  99% used [0x00007f61979e0000, 0x00007f61ac6bfee0, 0x00007f61ac6c0000)
  to   space 340864K,   0% used [0x00007f6182d00000, 0x00007f6182d00000, 0x00007f61979e0000)
 tenured generation   total 6817176K, used 5945976K [0x00007f6631b50000, 0x00007f67d1cb6000, 0x00007f70dc600000)
   the space 6817176K,  87% used [0x00007f6631b50000, 0x00007f679c9ee1a8, 0x00007f679c9ee200, 0x00007f67d1cb6000)
 Metaspace       used 31535K, capacity 32003K, committed 32256K, reserved 32768K
}
Event: 47.708 GC heap before
{Heap before GC invocations=8 (full 3):
 def new generation   total 3067776K, used 3067775K [0x00007f60dc600000, 0x00007f61ac6c0000, 0x00007f6631b50000)
  eden space 2726912K, 100% used [0x00007f60dc600000, 0x00007f6182d00000, 0x00007f6182d00000)
  from space 340864K,  99% used [0x00007f61979e0000, 0x00007f61ac6bfee0, 0x00007f61ac6c0000)
  to   space 340864K,   0% used [0x00007f6182d00000, 0x00007f6182d00000, 0x00007f61979e0000)
 tenured generation   total 6817176K, used 5945976K [0x00007f6631b50000, 0x00007f67d1cb6000, 0x00007f70dc600000)
   the space 6817176K,  87% used [0x00007f6631b50000, 0x00007f679c9ee1a8, 0x00007f679c9ee200, 0x00007f67d1cb6000)
 Metaspace       used 31535K, capacity 32003K, committed 32256K, reserved 32768K
}
Event: 48.497 GC heap after
{Heap after GC invocations=9 (full 3):
 def new generation   total 3067776K, used 0K [0x00007f60dc600000, 0x00007f61ac6c0000, 0x00007f6631b50000)
  eden space 2726912K,   0% used [0x00007f60dc600000, 0x00007f60dc600000, 0x00007f6182d00000)
  from space 340864K,   0% used [0x00007f6182d00000, 0x00007f6182d00110, 0x00007f61979e0000)
  to   space 340864K,   0% used [0x00007f61979e0000, 0x00007f61979e0000, 0x00007f61ac6c0000)
 tenured generation   total 6817176K, used 6286839K [0x00007f6631b50000, 0x00007f67d1cb6000, 0x00007f70dc600000)
   the space 6817176K,  92% used [0x00007f6631b50000, 0x00007f67b16cdfd8, 0x00007f67b16ce000, 0x00007f67d1cb6000)
 Metaspace       used 31535K, capacity 32003K, committed 32256K, reserved 32768K
}
Event: 56.070 GC heap before
{Heap before GC invocations=9 (full 3):
 def new generation   total 3067776K, used 2726912K [0x00007f60dc600000, 0x00007f61ac6c0000, 0x00007f6631b50000)
  eden space 2726912K, 100% used [0x00007f60dc600000, 0x00007f6182d00000, 0x00007f6182d00000)
  from space 340864K,   0% used [0x00007f6182d00000, 0x00007f6182d00110, 0x00007f61979e0000)
  to   space 340864K,   0% used [0x00007f61979e0000, 0x00007f61979e0000, 0x00007f61ac6c0000)
 tenured generation   total 6817176K, used 6286839K [0x00007f6631b50000, 0x00007f67d1cb6000, 0x00007f70dc600000)
   the space 6817176K,  92% used [0x00007f6631b50000, 0x00007f67b16cdfd8, 0x00007f67b16ce000, 0x00007f67d1cb6000)
 Metaspace       used 31535K, capacity 32003K, committed 32256K, reserved 32768K
}
Event: 59.065 GC heap after
{Heap after GC invocations=10 (full 3):
 def new generation   total 3067776K, used 340863K [0x00007f60dc600000, 0x00007f61ac6c0000, 0x00007f6631b50000)
  eden space 2726912K,   0% used [0x00007f60dc600000, 0x00007f60dc600000, 0x00007f6182d00000)
  from space 340864K,  99% used [0x00007f61979e0000, 0x00007f61ac6bff80, 0x00007f61ac6c0000)
  to   space 340864K,   0% used [0x00007f6182d00000, 0x00007f6182d00000, 0x00007f61979e0000)
 tenured generation   total 7366680K, used 7366518K [0x00007f6631b50000, 0x00007f67f3556000, 0x00007f70dc600000)
   the space 7366680K,  99% used [0x00007f6631b50000, 0x00007f67f352d910, 0x00007f67f352da00, 0x00007f67f3556000)
 Metaspace       used 31535K, capacity 32003K, committed 32256K, reserved 32768K
}
Event: 59.065 GC heap before
{Heap before GC invocations=10 (full 3):
 def new generation   total 3067776K, used 340863K [0x00007f60dc600000, 0x00007f61ac6c0000, 0x00007f6631b50000)
  eden space 2726912K,   0% used [0x00007f60dc600000, 0x00007f60dc600000, 0x00007f6182d00000)
  from space 340864K,  99% used [0x00007f61979e0000, 0x00007f61ac6bff80, 0x00007f61ac6c0000)
  to   space 340864K,   0% used [0x00007f6182d00000, 0x00007f6182d00000, 0x00007f61979e0000)
 tenured generation   total 7366680K, used 7366518K [0x00007f6631b50000, 0x00007f67f3556000, 0x00007f70dc600000)
   the space 7366680K,  99% used [0x00007f6631b50000, 0x00007f67f352d910, 0x00007f67f352da00, 0x00007f67f3556000)
 Metaspace       used 31535K, capacity 32003K, committed 32256K, reserved 32768K
}
Event: 67.905 GC heap after
{Heap after GC invocations=10 (full 4):
 def new generation   total 5520896K, used 340863K [0x00007f60dc600000, 0x00007f6252c80000, 0x00007f6631b50000)
  eden space 4907520K,   6% used [0x00007f60dc600000, 0x00007f60f12dff80, 0x00007f6207e80000)
  from space 613376K,   0% used [0x00007f6207e80000, 0x00007f6207e80000, 0x00007f622d580000)
  to   space 613376K,   0% used [0x00007f622d580000, 0x00007f622d580000, 0x00007f6252c80000)
 tenured generation   total 12268440K, used 7361062K [0x00007f6631b50000, 0x00007f691e836000, 0x00007f70dc600000)
   the space 12268440K,  59% used [0x00007f6631b50000, 0x00007f67f2fd98d0, 0x00007f67f2fd9a00, 0x00007f691e836000)
 Metaspace       used 31535K, capacity 32003K, committed 32256K, reserved 32768K
}
Event: 71.844 GC heap before
{Heap before GC invocations=10 (full 4):
 def new generation   total 5520896K, used 4907520K [0x00007f60dc600000, 0x00007f6252c80000, 0x00007f6631b50000)
  eden space 4907520K, 100% used [0x00007f60dc600000, 0x00007f6207e80000, 0x00007f6207e80000)
  from space 613376K,   0% used [0x00007f6207e80000, 0x00007f6207e80000, 0x00007f622d580000)
  to   space 613376K,   0% used [0x00007f622d580000, 0x00007f622d580000, 0x00007f6252c80000)
 tenured generation   total 12268440K, used 7361062K [0x00007f6631b50000, 0x00007f691e836000, 0x00007f70dc600000)
   the space 12268440K,  59% used [0x00007f6631b50000, 0x00007f67f2fd98d0, 0x00007f67f2fd9a00, 0x00007f691e836000)
 Metaspace       used 31535K, capacity 32003K, committed 32256K, reserved 32768K
}
Event: 82.714 GC heap after
{Heap after GC invocations=11 (full 4):
 def new generation   total 5520896K, used 613375K [0x00007f60dc600000, 0x00007f6252c80000, 0x00007f6631b50000)
  eden space 4907520K,   0% used [0x00007f60dc600000, 0x00007f60dc600000, 0x00007f6207e80000)
  from space 613376K,  99% used [0x00007f622d580000, 0x00007f6252c7ffa0, 0x00007f6252c80000)
  to   space 613376K,   0% used [0x00007f6207e80000, 0x00007f6207e80000, 0x00007f622d580000)
 tenured generation   total 12268440K, used 11655167K [0x00007f6631b50000, 0x00007f691e836000, 0x00007f70dc600000)
   the space 12268440K,  95% used [0x00007f6631b50000, 0x00007f68f914fc38, 0x00007f68f914fe00, 0x00007f691e836000)
 Metaspace       used 31535K, capacity 32003K, committed 32256K, reserved 32768K
}
Event: 107.362 GC heap before
{Heap before GC invocations=11 (full 4):
 def new generation   total 5520896K, used 5520895K [0x00007f60dc600000, 0x00007f6252c80000, 0x00007f6631b50000)
  eden space 4907520K, 100% used [0x00007f60dc600000, 0x00007f6207e80000, 0x00007f6207e80000)
  from space 613376K,  99% used [0x00007f622d580000, 0x00007f6252c7ffa0, 0x00007f6252c80000)
  to   space 613376K,   0% used [0x00007f6207e80000, 0x00007f6207e80000, 0x00007f622d580000)
 tenured generation   total 12268440K, used 11655167K [0x00007f6631b50000, 0x00007f691e836000, 0x00007f70dc600000)
   the space 12268440K,  95% used [0x00007f6631b50000, 0x00007f68f914fc38, 0x00007f68f914fe00, 0x00007f691e836000)
 Metaspace       used 31535K, capacity 32003K, committed 32256K, reserved 32768K
}
Event: 109.656 GC heap after
{Heap after GC invocations=12 (full 4):
 def new generation   total 5520896K, used 344494K [0x00007f60dc600000, 0x00007f6252c80000, 0x00007f6631b50000)
  eden space 4907520K,   0% used [0x00007f60dc600000, 0x00007f60dc600000, 0x00007f6207e80000)
  from space 613376K,  56% used [0x00007f6207e80000, 0x00007f621ceebb40, 0x00007f622d580000)
  to   space 613376K,   0% used [0x00007f622d580000, 0x00007f622d580000, 0x00007f6252c80000)
 tenured generation   total 12268632K, used 12268542K [0x00007f6631b50000, 0x00007f691e866000, 0x00007f70dc600000)
   the space 12268632K,  99% used [0x00007f6631b50000, 0x00007f691e84fbd8, 0x00007f691e84fc00, 0x00007f691e866000)
 Metaspace       used 31535K, capacity 32003K, committed 32256K, reserved 32768K
}
Event: 109.656 GC heap before
{Heap before GC invocations=12 (full 4):
 def new generation   total 5520896K, used 344494K [0x00007f60dc600000, 0x00007f6252c80000, 0x00007f6631b50000)
  eden space 4907520K,   0% used [0x00007f60dc600000, 0x00007f60dc600000, 0x00007f6207e80000)
  from space 613376K,  56% used [0x00007f6207e80000, 0x00007f621ceebb40, 0x00007f622d580000)
  to   space 613376K,   0% used [0x00007f622d580000, 0x00007f622d580000, 0x00007f6252c80000)
 tenured generation   total 12268632K, used 12268542K [0x00007f6631b50000, 0x00007f691e866000, 0x00007f70dc600000)
   the space 12268632K,  99% used [0x00007f6631b50000, 0x00007f691e84fbd8, 0x00007f691e84fc00, 0x00007f691e866000)
 Metaspace       used 31535K, capacity 32003K, committed 32256K, reserved 32768K
}

