# JRE version: OpenJDK Runtime Environment (13.0.7+5) (build 13.0.7+5-Ubuntu-0ubuntu120.04)
# Java VM: OpenJDK 64-Bit Server VM (13.0.7+5-Ubuntu-0ubuntu120.04, mixed mode, tiered, serial gc, linux-amd64)
Heap:
 def new generation   total 4506432K, used 500671K [0x00007f7620600000, 0x00007f7751fc0000, 0x00007f7b75b50000)
  eden space 4005760K,  12% used [0x00007f7620600000, 0x00007f763eeefde8, 0x00007f7714de0000)
  from space 500672K,   0% used [0x00007f7714de0000, 0x00007f7714de0000, 0x00007f77336d0000)
  to   space 500672K,   0% used [0x00007f77336d0000, 0x00007f77336d0000, 0x00007f7751fc0000)
 tenured generation   total 10828200K, used 10828030K [0x00007f7b75b50000, 0x00007f7e0a9ba000, 0x00007f8620600000)
   the space 10828200K,  99% used [0x00007f7b75b50000, 0x00007f7e0a98f9f8, 0x00007f7e0a98fa00, 0x00007f7e0a9ba000)
 Metaspace       used 31387K, capacity 31863K, committed 32000K, reserved 32768K
GC Heap History (20 events):
Event: 7.088 GC heap after
{Heap after GC invocations=4 (full 1):
 def new generation   total 629248K, used 69887K [0x00007f7620600000, 0x00007f764b0c0000, 0x00007f7b75b50000)
  eden space 559360K,   0% used [0x00007f7620600000, 0x00007f7620600000, 0x00007f7642840000)
  from space 69888K,  99% used [0x00007f7646c80000, 0x00007f764b0bfde8, 0x00007f764b0c0000)
  to   space 69888K,   0% used [0x00007f7642840000, 0x00007f7642840000, 0x00007f7646c80000)
 tenured generation   total 1456896K, used 1456776K [0x00007f7b75b50000, 0x00007f7bcea10000, 0x00007f8620600000)
   the space 1456896K,  99% used [0x00007f7b75b50000, 0x00007f7bce9f2080, 0x00007f7bce9f2200, 0x00007f7bcea10000)
 Metaspace       used 31384K, capacity 31863K, committed 32000K, reserved 32768K
}
Event: 7.088 GC heap before
{Heap before GC invocations=4 (full 1):
 def new generation   total 629248K, used 69887K [0x00007f7620600000, 0x00007f764b0c0000, 0x00007f7b75b50000)
  eden space 559360K,   0% used [0x00007f7620600000, 0x00007f7620600000, 0x00007f7642840000)
  from space 69888K,  99% used [0x00007f7646c80000, 0x00007f764b0bfde8, 0x00007f764b0c0000)
  to   space 69888K,   0% used [0x00007f7642840000, 0x00007f7642840000, 0x00007f7646c80000)
 tenured generation   total 1456896K, used 1456776K [0x00007f7b75b50000, 0x00007f7bcea10000, 0x00007f8620600000)
   the space 1456896K,  99% used [0x00007f7b75b50000, 0x00007f7bce9f2080, 0x00007f7bce9f2200, 0x00007f7bcea10000)
 Metaspace       used 31384K, capacity 31863K, committed 32000K, reserved 32768K
}
Event: 7.447 GC heap after
{Heap after GC invocations=4 (full 2):
 def new generation   total 1092736K, used 69767K [0x00007f7620600000, 0x00007f766a7b0000, 0x00007f7b75b50000)
  eden space 971328K,   7% used [0x00007f7620600000, 0x00007f7624a21ef0, 0x00007f765ba90000)
  from space 121408K,   0% used [0x00007f765ba90000, 0x00007f765ba90000, 0x00007f7663120000)
  to   space 121408K,   0% used [0x00007f7663120000, 0x00007f7663120000, 0x00007f766a7b0000)
 tenured generation   total 2428160K, used 1456895K [0x00007f7b75b50000, 0x00007f7c09e90000, 0x00007f8620600000)
   the space 2428160K,  59% used [0x00007f7b75b50000, 0x00007f7bcea0ff78, 0x00007f7bcea10000, 0x00007f7c09e90000)
 Metaspace       used 31384K, capacity 31863K, committed 32000K, reserved 32768K
}
Event: 7.852 GC heap before
{Heap before GC invocations=4 (full 2):
 def new generation   total 1092736K, used 971328K [0x00007f7620600000, 0x00007f766a7b0000, 0x00007f7b75b50000)
  eden space 971328K, 100% used [0x00007f7620600000, 0x00007f765ba90000, 0x00007f765ba90000)
  from space 121408K,   0% used [0x00007f765ba90000, 0x00007f765ba90000, 0x00007f7663120000)
  to   space 121408K,   0% used [0x00007f7663120000, 0x00007f7663120000, 0x00007f766a7b0000)
 tenured generation   total 2428160K, used 1456895K [0x00007f7b75b50000, 0x00007f7c09e90000, 0x00007f8620600000)
   the space 2428160K,  59% used [0x00007f7b75b50000, 0x00007f7bcea0ff78, 0x00007f7bcea10000, 0x00007f7c09e90000)
 Metaspace       used 31387K, capacity 31863K, committed 32000K, reserved 32768K
}
Event: 9.041 GC heap after
{Heap after GC invocations=5 (full 2):
 def new generation   total 1092736K, used 121407K [0x00007f7620600000, 0x00007f766a7b0000, 0x00007f7b75b50000)
  eden space 971328K,   0% used [0x00007f7620600000, 0x00007f7620600000, 0x00007f765ba90000)
  from space 121408K,  99% used [0x00007f7663120000, 0x00007f766a7afd98, 0x00007f766a7b0000)
  to   space 121408K,   0% used [0x00007f765ba90000, 0x00007f765ba90000, 0x00007f7663120000)
 tenured generation   total 2428160K, used 2297062K [0x00007f7b75b50000, 0x00007f7c09e90000, 0x00007f8620600000)
   the space 2428160K,  94% used [0x00007f7b75b50000, 0x00007f7c01e89948, 0x00007f7c01e89a00, 0x00007f7c09e90000)
 Metaspace       used 31387K, capacity 31863K, committed 32000K, reserved 32768K
}
Event: 9.340 GC heap before
{Heap before GC invocations=5 (full 2):
 def new generation   total 1092736K, used 1092735K [0x00007f7620600000, 0x00007f766a7b0000, 0x00007f7b75b50000)
  eden space 971328K, 100% used [0x00007f7620600000, 0x00007f765ba90000, 0x00007f765ba90000)
  from space 121408K,  99% used [0x00007f7663120000, 0x00007f766a7afd98, 0x00007f766a7b0000)
  to   space 121408K,   0% used [0x00007f765ba90000, 0x00007f765ba90000, 0x00007f7663120000)
 tenured generation   total 2428160K, used 2297062K [0x00007f7b75b50000, 0x00007f7c09e90000, 0x00007f8620600000)
   the space 2428160K,  94% used [0x00007f7b75b50000, 0x00007f7c01e89948, 0x00007f7c01e89a00, 0x00007f7c09e90000)
 Metaspace       used 31387K, capacity 31863K, committed 32000K, reserved 32768K
}
Event: 10.503 GC heap after
{Heap after GC invocations=6 (full 2):
 def new generation   total 1092736K, used 121407K [0x00007f7620600000, 0x00007f766a7b0000, 0x00007f7b75b50000)
  eden space 971328K,   0% used [0x00007f7620600000, 0x00007f7620600000, 0x00007f765ba90000)
  from space 121408K,  99% used [0x00007f765ba90000, 0x00007f766311fd48, 0x00007f7663120000)
  to   space 121408K,   0% used [0x00007f7663120000, 0x00007f7663120000, 0x00007f766a7b0000)
 tenured generation   total 3268352K, used 3268313K [0x00007f7b75b50000, 0x00007f7c3d310000, 0x00007f8620600000)
   the space 3268352K,  99% used [0x00007f7b75b50000, 0x00007f7c3d306730, 0x00007f7c3d306800, 0x00007f7c3d310000)
 Metaspace       used 31387K, capacity 31863K, committed 32000K, reserved 32768K
}
Event: 10.503 GC heap before
{Heap before GC invocations=6 (full 2):
 def new generation   total 1092736K, used 121407K [0x00007f7620600000, 0x00007f766a7b0000, 0x00007f7b75b50000)
  eden space 971328K,   0% used [0x00007f7620600000, 0x00007f7620600000, 0x00007f765ba90000)
  from space 121408K,  99% used [0x00007f765ba90000, 0x00007f766311fd48, 0x00007f7663120000)
  to   space 121408K,   0% used [0x00007f7663120000, 0x00007f7663120000, 0x00007f766a7b0000)
 tenured generation   total 3268352K, used 3268313K [0x00007f7b75b50000, 0x00007f7c3d310000, 0x00007f8620600000)
   the space 3268352K,  99% used [0x00007f7b75b50000, 0x00007f7c3d306730, 0x00007f7c3d306800, 0x00007f7c3d310000)
 Metaspace       used 31387K, capacity 31863K, committed 32000K, reserved 32768K
}
Event: 11.658 GC heap after
{Heap after GC invocations=6 (full 3):
 def new generation   total 2451328K, used 121369K [0x00007f7620600000, 0x00007f76c69d0000, 0x00007f7b75b50000)
  eden space 2179008K,   5% used [0x00007f7620600000, 0x00007f7627c865d0, 0x00007f76a55f0000)
  from space 272320K,   0% used [0x00007f76a55f0000, 0x00007f76a55f0000, 0x00007f76b5fe0000)
  to   space 272320K,   0% used [0x00007f76b5fe0000, 0x00007f76b5fe0000, 0x00007f76c69d0000)
 tenured generation   total 5447256K, used 3268351K [0x00007f7b75b50000, 0x00007f7cc22e6000, 0x00007f8620600000)
   the space 5447256K,  59% used [0x00007f7b75b50000, 0x00007f7c3d30fea8, 0x00007f7c3d310000, 0x00007f7cc22e6000)
 Metaspace       used 31387K, capacity 31863K, committed 32000K, reserved 32768K
}
Event: 16.266 GC heap before
{Heap before GC invocations=6 (full 3):
 def new generation   total 2451328K, used 2179008K [0x00007f7620600000, 0x00007f76c69d0000, 0x00007f7b75b50000)
  eden space 2179008K, 100% used [0x00007f7620600000, 0x00007f76a55f0000, 0x00007f76a55f0000)
  from space 272320K,   0% used [0x00007f76a55f0000, 0x00007f76a55f0000, 0x00007f76b5fe0000)
  to   space 272320K,   0% used [0x00007f76b5fe0000, 0x00007f76b5fe0000, 0x00007f76c69d0000)
 tenured generation   total 5447256K, used 3268351K [0x00007f7b75b50000, 0x00007f7cc22e6000, 0x00007f8620600000)
   the space 5447256K,  59% used [0x00007f7b75b50000, 0x00007f7c3d30fea8, 0x00007f7c3d310000, 0x00007f7cc22e6000)
 Metaspace       used 31387K, capacity 31863K, committed 32000K, reserved 32768K
}
Event: 17.655 GC heap after
{Heap after GC invocations=7 (full 3):
 def new generation   total 2451328K, used 272319K [0x00007f7620600000, 0x00007f76c69d0000, 0x00007f7b75b50000)
  eden space 2179008K,   0% used [0x00007f7620600000, 0x00007f7620600000, 0x00007f76a55f0000)
  from space 272320K,  99% used [0x00007f76b5fe0000, 0x00007f76c69cfc20, 0x00007f76c69d0000)
  to   space 272320K,   0% used [0x00007f76a55f0000, 0x00007f76a55f0000, 0x00007f76b5fe0000)
 tenured generation   total 5447256K, used 3829400K [0x00007f7b75b50000, 0x00007f7cc22e6000, 0x00007f8620600000)
   the space 5447256K,  70% used [0x00007f7b75b50000, 0x00007f7c5f6f6068, 0x00007f7c5f6f6200, 0x00007f7cc22e6000)
 Metaspace       used 31387K, capacity 31863K, committed 32000K, reserved 32768K
}
Event: 18.389 GC heap before
{Heap before GC invocations=7 (full 3):
 def new generation   total 2451328K, used 2451327K [0x00007f7620600000, 0x00007f76c69d0000, 0x00007f7b75b50000)
  eden space 2179008K, 100% used [0x00007f7620600000, 0x00007f76a55f0000, 0x00007f76a55f0000)
  from space 272320K,  99% used [0x00007f76b5fe0000, 0x00007f76c69cfc20, 0x00007f76c69d0000)
  to   space 272320K,   0% used [0x00007f76a55f0000, 0x00007f76a55f0000, 0x00007f76b5fe0000)
 tenured generation   total 5447256K, used 3829400K [0x00007f7b75b50000, 0x00007f7cc22e6000, 0x00007f8620600000)
   the space 5447256K,  70% used [0x00007f7b75b50000, 0x00007f7c5f6f6068, 0x00007f7c5f6f6200, 0x00007f7cc22e6000)
 Metaspace       used 31387K, capacity 31863K, committed 32000K, reserved 32768K
}
Event: 21.095 GC heap after
{Heap after GC invocations=8 (full 3):
 def new generation   total 2451328K, used 272319K [0x00007f7620600000, 0x00007f76c69d0000, 0x00007f7b75b50000)
  eden space 2179008K,   0% used [0x00007f7620600000, 0x00007f7620600000, 0x00007f76a55f0000)
  from space 272320K,  99% used [0x00007f76a55f0000, 0x00007f76b5fdfd48, 0x00007f76b5fe0000)
  to   space 272320K,   0% used [0x00007f76b5fe0000, 0x00007f76b5fe0000, 0x00007f76c69d0000)
 tenured generation   total 6008472K, used 6008362K [0x00007f7b75b50000, 0x00007f7ce46f6000, 0x00007f8620600000)
   the space 6008472K,  99% used [0x00007f7b75b50000, 0x00007f7ce46daae8, 0x00007f7ce46dac00, 0x00007f7ce46f6000)
 Metaspace       used 31387K, capacity 31863K, committed 32000K, reserved 32768K
}
Event: 21.095 GC heap before
{Heap before GC invocations=8 (full 3):
 def new generation   total 2451328K, used 272319K [0x00007f7620600000, 0x00007f76c69d0000, 0x00007f7b75b50000)
  eden space 2179008K,   0% used [0x00007f7620600000, 0x00007f7620600000, 0x00007f76a55f0000)
  from space 272320K,  99% used [0x00007f76a55f0000, 0x00007f76b5fdfd48, 0x00007f76b5fe0000)
  to   space 272320K,   0% used [0x00007f76b5fe0000, 0x00007f76b5fe0000, 0x00007f76c69d0000)
 tenured generation   total 6008472K, used 6008362K [0x00007f7b75b50000, 0x00007f7ce46f6000, 0x00007f8620600000)
   the space 6008472K,  99% used [0x00007f7b75b50000, 0x00007f7ce46daae8, 0x00007f7ce46dac00, 0x00007f7ce46f6000)
 Metaspace       used 31387K, capacity 31863K, committed 32000K, reserved 32768K
}
Event: 24.954 GC heap after
{Heap after GC invocations=8 (full 4):
 def new generation   total 4506432K, used 266724K [0x00007f7620600000, 0x00007f7751fc0000, 0x00007f7b75b50000)
  eden space 4005760K,   6% used [0x00007f7620600000, 0x00007f7630a790c0, 0x00007f7714de0000)
  from space 500672K,   0% used [0x00007f7714de0000, 0x00007f7714de0000, 0x00007f77336d0000)
  to   space 500672K,   0% used [0x00007f77336d0000, 0x00007f77336d0000, 0x00007f7751fc0000)
 tenured generation   total 10014120K, used 6008471K [0x00007f7b75b50000, 0x00007f7dd8eba000, 0x00007f8620600000)
   the space 10014120K,  59% used [0x00007f7b75b50000, 0x00007f7ce46f5cc0, 0x00007f7ce46f5e00, 0x00007f7dd8eba000)
 Metaspace       used 31387K, capacity 31863K, committed 32000K, reserved 32768K
}
Event: 30.004 GC heap before
{Heap before GC invocations=8 (full 4):
 def new generation   total 4506432K, used 4005760K [0x00007f7620600000, 0x00007f7751fc0000, 0x00007f7b75b50000)
  eden space 4005760K, 100% used [0x00007f7620600000, 0x00007f7714de0000, 0x00007f7714de0000)
  from space 500672K,   0% used [0x00007f7714de0000, 0x00007f7714de0000, 0x00007f77336d0000)
  to   space 500672K,   0% used [0x00007f77336d0000, 0x00007f77336d0000, 0x00007f7751fc0000)
 tenured generation   total 10014120K, used 6008471K [0x00007f7b75b50000, 0x00007f7dd8eba000, 0x00007f8620600000)
   the space 10014120K,  59% used [0x00007f7b75b50000, 0x00007f7ce46f5cc0, 0x00007f7ce46f5e00, 0x00007f7dd8eba000)
 Metaspace       used 31387K, capacity 31863K, committed 32000K, reserved 32768K
}
Event: 34.547 GC heap after
{Heap after GC invocations=9 (full 4):
 def new generation   total 4506432K, used 500671K [0x00007f7620600000, 0x00007f7751fc0000, 0x00007f7b75b50000)
  eden space 4005760K,   0% used [0x00007f7620600000, 0x00007f7620600000, 0x00007f7714de0000)
  from space 500672K,  99% used [0x00007f77336d0000, 0x00007f7751fbfde8, 0x00007f7751fc0000)
  to   space 500672K,   0% used [0x00007f7714de0000, 0x00007f7714de0000, 0x00007f77336d0000)
 tenured generation   total 10014120K, used 8167916K [0x00007f7b75b50000, 0x00007f7dd8eba000, 0x00007f8620600000)
   the space 10014120K,  81% used [0x00007f7b75b50000, 0x00007f7d683cb080, 0x00007f7d683cb200, 0x00007f7dd8eba000)
 Metaspace       used 31387K, capacity 31863K, committed 32000K, reserved 32768K
}
Event: 39.325 GC heap before
{Heap before GC invocations=9 (full 4):
 def new generation   total 4506432K, used 4506431K [0x00007f7620600000, 0x00007f7751fc0000, 0x00007f7b75b50000)
  eden space 4005760K, 100% used [0x00007f7620600000, 0x00007f7714de0000, 0x00007f7714de0000)
  from space 500672K,  99% used [0x00007f77336d0000, 0x00007f7751fbfde8, 0x00007f7751fc0000)
  to   space 500672K,   0% used [0x00007f7714de0000, 0x00007f7714de0000, 0x00007f77336d0000)
 tenured generation   total 10014120K, used 8167916K [0x00007f7b75b50000, 0x00007f7dd8eba000, 0x00007f8620600000)
   the space 10014120K,  81% used [0x00007f7b75b50000, 0x00007f7d683cb080, 0x00007f7d683cb200, 0x00007f7dd8eba000)
 Metaspace       used 31387K, capacity 31863K, committed 32000K, reserved 32768K
}
Event: 42.941 GC heap after
{Heap after GC invocations=10 (full 4):
 def new generation   total 4506432K, used 500671K [0x00007f7620600000, 0x00007f7751fc0000, 0x00007f7b75b50000)
  eden space 4005760K,   0% used [0x00007f7620600000, 0x00007f7620600000, 0x00007f7714de0000)
  from space 500672K,  99% used [0x00007f7714de0000, 0x00007f77336cfde8, 0x00007f77336d0000)
  to   space 500672K,   0% used [0x00007f77336d0000, 0x00007f77336d0000, 0x00007f7751fc0000)
 tenured generation   total 10828200K, used 10828030K [0x00007f7b75b50000, 0x00007f7e0a9ba000, 0x00007f8620600000)
   the space 10828200K,  99% used [0x00007f7b75b50000, 0x00007f7e0a98f9f8, 0x00007f7e0a98fa00, 0x00007f7e0a9ba000)
 Metaspace       used 31387K, capacity 31863K, committed 32000K, reserved 32768K
}
Event: 42.941 GC heap before
{Heap before GC invocations=10 (full 4):
 def new generation   total 4506432K, used 500671K [0x00007f7620600000, 0x00007f7751fc0000, 0x00007f7b75b50000)
  eden space 4005760K,   0% used [0x00007f7620600000, 0x00007f7620600000, 0x00007f7714de0000)
  from space 500672K,  99% used [0x00007f7714de0000, 0x00007f77336cfde8, 0x00007f77336d0000)
  to   space 500672K,   0% used [0x00007f77336d0000, 0x00007f77336d0000, 0x00007f7751fc0000)
 tenured generation   total 10828200K, used 10828030K [0x00007f7b75b50000, 0x00007f7e0a9ba000, 0x00007f8620600000)
   the space 10828200K,  99% used [0x00007f7b75b50000, 0x00007f7e0a98f9f8, 0x00007f7e0a98fa00, 0x00007f7e0a9ba000)
 Metaspace       used 31387K, capacity 31863K, committed 32000K, reserved 32768K
}

