# JRE version: OpenJDK Runtime Environment (13.0.7+5) (build 13.0.7+5-Ubuntu-0ubuntu120.04)
# Java VM: OpenJDK 64-Bit Server VM (13.0.7+5-Ubuntu-0ubuntu120.04, mixed mode, tiered, serial gc, linux-amd64)
Heap:
 def new generation   total 2478784K, used 211481K [0x00007f8dd8600000, 0x00007f8e807a0000, 0x00007f932db50000)
  eden space 2203392K,   9% used [0x00007f8dd8600000, 0x00007f8de5486568, 0x00007f8e5edc0000)
  from space 275392K,   0% used [0x00007f8e5edc0000, 0x00007f8e5edc0000, 0x00007f8e6fab0000)
  to   space 275392K,   0% used [0x00007f8e6fab0000, 0x00007f8e6fab0000, 0x00007f8e807a0000)
 tenured generation   total 6311244K, used 6311243K [0x00007f932db50000, 0x00007f94aeea3000, 0x00007f9dd8600000)
   the space 6311244K,  99% used [0x00007f932db50000, 0x00007f94aeea2f28, 0x00007f94aeea3000, 0x00007f94aeea3000)
 Metaspace       used 31607K, capacity 32062K, committed 32256K, reserved 32768K
GC Heap History (20 events):
Event: 35.653 GC heap after
{Heap after GC invocations=47 (full 1):
 def new generation   total 629248K, used 56K [0x00007f8dd8600000, 0x00007f8e030c0000, 0x00007f932db50000)
  eden space 559360K,   0% used [0x00007f8dd8600000, 0x00007f8dd8600000, 0x00007f8dfa840000)
  from space 69888K,   0% used [0x00007f8dfa840000, 0x00007f8dfa84e350, 0x00007f8dfec80000)
  to   space 69888K,   0% used [0x00007f8dfec80000, 0x00007f8dfec80000, 0x00007f8e030c0000)
 tenured generation   total 1398144K, used 152774K [0x00007f932db50000, 0x00007f93830b0000, 0x00007f9dd8600000)
   the space 1398144K,  10% used [0x00007f932db50000, 0x00007f9337081bd8, 0x00007f9337081c00, 0x00007f93830b0000)
 Metaspace       used 31604K, capacity 32062K, committed 32256K, reserved 32768K
}
Event: 36.278 GC heap before
{Heap before GC invocations=47 (full 1):
 def new generation   total 629248K, used 559416K [0x00007f8dd8600000, 0x00007f8e030c0000, 0x00007f932db50000)
  eden space 559360K, 100% used [0x00007f8dd8600000, 0x00007f8dfa840000, 0x00007f8dfa840000)
  from space 69888K,   0% used [0x00007f8dfa840000, 0x00007f8dfa84e350, 0x00007f8dfec80000)
  to   space 69888K,   0% used [0x00007f8dfec80000, 0x00007f8dfec80000, 0x00007f8e030c0000)
 tenured generation   total 1398144K, used 152774K [0x00007f932db50000, 0x00007f93830b0000, 0x00007f9dd8600000)
   the space 1398144K,  10% used [0x00007f932db50000, 0x00007f9337081bd8, 0x00007f9337081c00, 0x00007f93830b0000)
 Metaspace       used 31604K, capacity 32062K, committed 32256K, reserved 32768K
}
Event: 36.674 GC heap after
{Heap after GC invocations=48 (full 1):
 def new generation   total 629248K, used 69887K [0x00007f8dd8600000, 0x00007f8e030c0000, 0x00007f932db50000)
  eden space 559360K,   0% used [0x00007f8dd8600000, 0x00007f8dd8600000, 0x00007f8dfa840000)
  from space 69888K,  99% used [0x00007f8dfec80000, 0x00007f8e030bffb0, 0x00007f8e030c0000)
  to   space 69888K,   0% used [0x00007f8dfa840000, 0x00007f8dfa840000, 0x00007f8dfec80000)
 tenured generation   total 1398144K, used 357168K [0x00007f932db50000, 0x00007f93830b0000, 0x00007f9dd8600000)
   the space 1398144K,  25% used [0x00007f932db50000, 0x00007f934381c308, 0x00007f934381c400, 0x00007f93830b0000)
 Metaspace       used 31604K, capacity 32062K, committed 32256K, reserved 32768K
}
Event: 37.125 GC heap before
{Heap before GC invocations=48 (full 1):
 def new generation   total 629248K, used 629247K [0x00007f8dd8600000, 0x00007f8e030c0000, 0x00007f932db50000)
  eden space 559360K, 100% used [0x00007f8dd8600000, 0x00007f8dfa840000, 0x00007f8dfa840000)
  from space 69888K,  99% used [0x00007f8dfec80000, 0x00007f8e030bffb0, 0x00007f8e030c0000)
  to   space 69888K,   0% used [0x00007f8dfa840000, 0x00007f8dfa840000, 0x00007f8dfec80000)
 tenured generation   total 1398144K, used 357168K [0x00007f932db50000, 0x00007f93830b0000, 0x00007f9dd8600000)
   the space 1398144K,  25% used [0x00007f932db50000, 0x00007f934381c308, 0x00007f934381c400, 0x00007f93830b0000)
 Metaspace       used 31604K, capacity 32062K, committed 32256K, reserved 32768K
}
Event: 38.197 GC heap after
{Heap after GC invocations=49 (full 1):
 def new generation   total 629248K, used 69887K [0x00007f8dd8600000, 0x00007f8e030c0000, 0x00007f932db50000)
  eden space 559360K,   0% used [0x00007f8dd8600000, 0x00007f8dd8600000, 0x00007f8dfa840000)
  from space 69888K,  99% used [0x00007f8dfa840000, 0x00007f8dfec7ff38, 0x00007f8dfec80000)
  to   space 69888K,   0% used [0x00007f8dfec80000, 0x00007f8dfec80000, 0x00007f8e030c0000)
 tenured generation   total 1398144K, used 916497K [0x00007f932db50000, 0x00007f93830b0000, 0x00007f9dd8600000)
   the space 1398144K,  65% used [0x00007f932db50000, 0x00007f9365a545c0, 0x00007f9365a54600, 0x00007f93830b0000)
 Metaspace       used 31604K, capacity 32062K, committed 32256K, reserved 32768K
}
Event: 38.677 GC heap before
{Heap before GC invocations=49 (full 1):
 def new generation   total 629248K, used 629247K [0x00007f8dd8600000, 0x00007f8e030c0000, 0x00007f932db50000)
  eden space 559360K, 100% used [0x00007f8dd8600000, 0x00007f8dfa840000, 0x00007f8dfa840000)
  from space 69888K,  99% used [0x00007f8dfa840000, 0x00007f8dfec7ff38, 0x00007f8dfec80000)
  to   space 69888K,   0% used [0x00007f8dfec80000, 0x00007f8dfec80000, 0x00007f8e030c0000)
 tenured generation   total 1398144K, used 916497K [0x00007f932db50000, 0x00007f93830b0000, 0x00007f9dd8600000)
   the space 1398144K,  65% used [0x00007f932db50000, 0x00007f9365a545c0, 0x00007f9365a54600, 0x00007f93830b0000)
 Metaspace       used 31604K, capacity 32062K, committed 32256K, reserved 32768K
}
Event: 39.847 GC heap after
{Heap after GC invocations=50 (full 1):
 def new generation   total 629248K, used 69887K [0x00007f8dd8600000, 0x00007f8e030c0000, 0x00007f932db50000)
  eden space 559360K,   0% used [0x00007f8dd8600000, 0x00007f8dd8600000, 0x00007f8dfa840000)
  from space 69888K,  99% used [0x00007f8dfec80000, 0x00007f8e030bff38, 0x00007f8e030c0000)
  to   space 69888K,   0% used [0x00007f8dfa840000, 0x00007f8dfa840000, 0x00007f8dfec80000)
 tenured generation   total 1475904K, used 1475815K [0x00007f932db50000, 0x00007f9387ca0000, 0x00007f9dd8600000)
   the space 1475904K,  99% used [0x00007f932db50000, 0x00007f9387c89c08, 0x00007f9387c89e00, 0x00007f9387ca0000)
 Metaspace       used 31604K, capacity 32062K, committed 32256K, reserved 32768K
}
Event: 39.847 GC heap before
{Heap before GC invocations=50 (full 1):
 def new generation   total 629248K, used 69887K [0x00007f8dd8600000, 0x00007f8e030c0000, 0x00007f932db50000)
  eden space 559360K,   0% used [0x00007f8dd8600000, 0x00007f8dd8600000, 0x00007f8dfa840000)
  from space 69888K,  99% used [0x00007f8dfec80000, 0x00007f8e030bff38, 0x00007f8e030c0000)
  to   space 69888K,   0% used [0x00007f8dfa840000, 0x00007f8dfa840000, 0x00007f8dfec80000)
 tenured generation   total 1475904K, used 1475815K [0x00007f932db50000, 0x00007f9387ca0000, 0x00007f9dd8600000)
   the space 1475904K,  99% used [0x00007f932db50000, 0x00007f9387c89c08, 0x00007f9387c89e00, 0x00007f9387ca0000)
 Metaspace       used 31604K, capacity 32062K, committed 32256K, reserved 32768K
}
Event: 41.973 GC heap after
{Heap after GC invocations=50 (full 2):
 def new generation   total 1101632K, used 0K [0x00007f8dd8600000, 0x00007f8e23150000, 0x00007f932db50000)
  eden space 979264K,   0% used [0x00007f8dd8600000, 0x00007f8dd8600000, 0x00007f8e14250000)
  from space 122368K,   0% used [0x00007f8e14250000, 0x00007f8e14250000, 0x00007f8e1b9d0000)
  to   space 122368K,   0% used [0x00007f8e1b9d0000, 0x00007f8e1b9d0000, 0x00007f8e23150000)
 tenured generation   total 2447892K, used 1468734K [0x00007f932db50000, 0x00007f93c31d5000, 0x00007f9dd8600000)
   the space 2447892K,  59% used [0x00007f932db50000, 0x00007f938759f820, 0x00007f938759fa00, 0x00007f93c31d5000)
 Metaspace       used 31604K, capacity 32062K, committed 32256K, reserved 32768K
}
Event: 42.843 GC heap before
{Heap before GC invocations=50 (full 2):
 def new generation   total 1101632K, used 979264K [0x00007f8dd8600000, 0x00007f8e23150000, 0x00007f932db50000)
  eden space 979264K, 100% used [0x00007f8dd8600000, 0x00007f8e14250000, 0x00007f8e14250000)
  from space 122368K,   0% used [0x00007f8e14250000, 0x00007f8e14250000, 0x00007f8e1b9d0000)
  to   space 122368K,   0% used [0x00007f8e1b9d0000, 0x00007f8e1b9d0000, 0x00007f8e23150000)
 tenured generation   total 2447892K, used 1468734K [0x00007f932db50000, 0x00007f93c31d5000, 0x00007f9dd8600000)
   the space 2447892K,  59% used [0x00007f932db50000, 0x00007f938759f820, 0x00007f938759fa00, 0x00007f93c31d5000)
 Metaspace       used 31607K, capacity 32062K, committed 32256K, reserved 32768K
}
Event: 44.682 GC heap after
{Heap after GC invocations=51 (full 2):
 def new generation   total 1101632K, used 122367K [0x00007f8dd8600000, 0x00007f8e23150000, 0x00007f932db50000)
  eden space 979264K,   0% used [0x00007f8dd8600000, 0x00007f8dd8600000, 0x00007f8e14250000)
  from space 122368K,  99% used [0x00007f8e1b9d0000, 0x00007f8e2314fe98, 0x00007f8e23150000)
  to   space 122368K,   0% used [0x00007f8e14250000, 0x00007f8e14250000, 0x00007f8e1b9d0000)
 tenured generation   total 2447892K, used 2325592K [0x00007f932db50000, 0x00007f93c31d5000, 0x00007f9dd8600000)
   the space 2447892K,  95% used [0x00007f932db50000, 0x00007f93bba66360, 0x00007f93bba66400, 0x00007f93c31d5000)
 Metaspace       used 31607K, capacity 32062K, committed 32256K, reserved 32768K
}
Event: 45.509 GC heap before
{Heap before GC invocations=51 (full 2):
 def new generation   total 1101632K, used 1101631K [0x00007f8dd8600000, 0x00007f8e23150000, 0x00007f932db50000)
  eden space 979264K, 100% used [0x00007f8dd8600000, 0x00007f8e14250000, 0x00007f8e14250000)
  from space 122368K,  99% used [0x00007f8e1b9d0000, 0x00007f8e2314fe98, 0x00007f8e23150000)
  to   space 122368K,   0% used [0x00007f8e14250000, 0x00007f8e14250000, 0x00007f8e1b9d0000)
 tenured generation   total 2447892K, used 2325592K [0x00007f932db50000, 0x00007f93c31d5000, 0x00007f9dd8600000)
   the space 2447892K,  95% used [0x00007f932db50000, 0x00007f93bba66360, 0x00007f93bba66400, 0x00007f93c31d5000)
 Metaspace       used 31607K, capacity 32062K, committed 32256K, reserved 32768K
}
Event: 47.612 GC heap after
{Heap after GC invocations=52 (full 2):
 def new generation   total 1101632K, used 122367K [0x00007f8dd8600000, 0x00007f8e23150000, 0x00007f932db50000)
  eden space 979264K,   0% used [0x00007f8dd8600000, 0x00007f8dd8600000, 0x00007f8e14250000)
  from space 122368K,  99% used [0x00007f8e14250000, 0x00007f8e1b9cfe98, 0x00007f8e1b9d0000)
  to   space 122368K,   0% used [0x00007f8e1b9d0000, 0x00007f8e1b9d0000, 0x00007f8e23150000)
 tenured generation   total 3304980K, used 3304803K [0x00007f932db50000, 0x00007f93f76d5000, 0x00007f9dd8600000)
   the space 3304980K,  99% used [0x00007f932db50000, 0x00007f93f76a8c50, 0x00007f93f76a8e00, 0x00007f93f76d5000)
 Metaspace       used 31607K, capacity 32062K, committed 32256K, reserved 32768K
}
Event: 47.612 GC heap before
{Heap before GC invocations=52 (full 2):
 def new generation   total 1101632K, used 122367K [0x00007f8dd8600000, 0x00007f8e23150000, 0x00007f932db50000)
  eden space 979264K,   0% used [0x00007f8dd8600000, 0x00007f8dd8600000, 0x00007f8e14250000)
  from space 122368K,  99% used [0x00007f8e14250000, 0x00007f8e1b9cfe98, 0x00007f8e1b9d0000)
  to   space 122368K,   0% used [0x00007f8e1b9d0000, 0x00007f8e1b9d0000, 0x00007f8e23150000)
 tenured generation   total 3304980K, used 3304803K [0x00007f932db50000, 0x00007f93f76d5000, 0x00007f9dd8600000)
   the space 3304980K,  99% used [0x00007f932db50000, 0x00007f93f76a8c50, 0x00007f93f76a8e00, 0x00007f93f76d5000)
 Metaspace       used 31607K, capacity 32062K, committed 32256K, reserved 32768K
}
Event: 49.753 GC heap after
{Heap after GC invocations=52 (full 3):
 def new generation   total 2478784K, used 122190K [0x00007f8dd8600000, 0x00007f8e807a0000, 0x00007f932db50000)
  eden space 2203392K,   5% used [0x00007f8dd8600000, 0x00007f8ddfd53ae8, 0x00007f8e5edc0000)
  from space 275392K,   0% used [0x00007f8e5edc0000, 0x00007f8e5edc0000, 0x00007f8e6fab0000)
  to   space 275392K,   0% used [0x00007f8e6fab0000, 0x00007f8e6fab0000, 0x00007f8e807a0000)
 tenured generation   total 5508300K, used 3304980K [0x00007f932db50000, 0x00007f947de83000, 0x00007f9dd8600000)
   the space 5508300K,  60% used [0x00007f932db50000, 0x00007f93f76d5000, 0x00007f93f76d5000, 0x00007f947de83000)
 Metaspace       used 31607K, capacity 32062K, committed 32256K, reserved 32768K
}
Event: 51.493 GC heap before
{Heap before GC invocations=52 (full 3):
 def new generation   total 2478784K, used 2203392K [0x00007f8dd8600000, 0x00007f8e807a0000, 0x00007f932db50000)
  eden space 2203392K, 100% used [0x00007f8dd8600000, 0x00007f8e5edc0000, 0x00007f8e5edc0000)
  from space 275392K,   0% used [0x00007f8e5edc0000, 0x00007f8e5edc0000, 0x00007f8e6fab0000)
  to   space 275392K,   0% used [0x00007f8e6fab0000, 0x00007f8e6fab0000, 0x00007f8e807a0000)
 tenured generation   total 5508300K, used 3304980K [0x00007f932db50000, 0x00007f947de83000, 0x00007f9dd8600000)
   the space 5508300K,  60% used [0x00007f932db50000, 0x00007f93f76d5000, 0x00007f93f76d5000, 0x00007f947de83000)
 Metaspace       used 31607K, capacity 32062K, committed 32256K, reserved 32768K
}
Event: 55.920 GC heap after
{Heap after GC invocations=53 (full 3):
 def new generation   total 2478784K, used 275391K [0x00007f8dd8600000, 0x00007f8e807a0000, 0x00007f932db50000)
  eden space 2203392K,   0% used [0x00007f8dd8600000, 0x00007f8dd8600000, 0x00007f8e5edc0000)
  from space 275392K,  99% used [0x00007f8e6fab0000, 0x00007f8e8079fff0, 0x00007f8e807a0000)
  to   space 275392K,   0% used [0x00007f8e5edc0000, 0x00007f8e5edc0000, 0x00007f8e6fab0000)
 tenured generation   total 5508300K, used 5232933K [0x00007f932db50000, 0x00007f947de83000, 0x00007f9dd8600000)
   the space 5508300K,  95% used [0x00007f932db50000, 0x00007f946d199510, 0x00007f946d199600, 0x00007f947de83000)
 Metaspace       used 31607K, capacity 32062K, committed 32256K, reserved 32768K
}
Event: 62.281 GC heap before
{Heap before GC invocations=53 (full 3):
 def new generation   total 2478784K, used 2478783K [0x00007f8dd8600000, 0x00007f8e807a0000, 0x00007f932db50000)
  eden space 2203392K, 100% used [0x00007f8dd8600000, 0x00007f8e5edc0000, 0x00007f8e5edc0000)
  from space 275392K,  99% used [0x00007f8e6fab0000, 0x00007f8e8079fff0, 0x00007f8e807a0000)
  to   space 275392K,   0% used [0x00007f8e5edc0000, 0x00007f8e5edc0000, 0x00007f8e6fab0000)
 tenured generation   total 5508300K, used 5232933K [0x00007f932db50000, 0x00007f947de83000, 0x00007f9dd8600000)
   the space 5508300K,  95% used [0x00007f932db50000, 0x00007f946d199510, 0x00007f946d199600, 0x00007f947de83000)
 Metaspace       used 31607K, capacity 32062K, committed 32256K, reserved 32768K
}
Event: 64.929 GC heap after
{Heap after GC invocations=54 (full 3):
 def new generation   total 2478784K, used 275391K [0x00007f8dd8600000, 0x00007f8e807a0000, 0x00007f932db50000)
  eden space 2203392K,   0% used [0x00007f8dd8600000, 0x00007f8dd8600000, 0x00007f8e5edc0000)
  from space 275392K,  99% used [0x00007f8e5edc0000, 0x00007f8e6faafe60, 0x00007f8e6fab0000)
  to   space 275392K,   0% used [0x00007f8e6fab0000, 0x00007f8e6fab0000, 0x00007f8e807a0000)
 tenured generation   total 6311244K, used 6311078K [0x00007f932db50000, 0x00007f94aeea3000, 0x00007f9dd8600000)
   the space 6311244K,  99% used [0x00007f932db50000, 0x00007f94aee79bc8, 0x00007f94aee79c00, 0x00007f94aeea3000)
 Metaspace       used 31607K, capacity 32062K, committed 32256K, reserved 32768K
}
Event: 64.929 GC heap before
{Heap before GC invocations=54 (full 3):
 def new generation   total 2478784K, used 275391K [0x00007f8dd8600000, 0x00007f8e807a0000, 0x00007f932db50000)
  eden space 2203392K,   0% used [0x00007f8dd8600000, 0x00007f8dd8600000, 0x00007f8e5edc0000)
  from space 275392K,  99% used [0x00007f8e5edc0000, 0x00007f8e6faafe60, 0x00007f8e6fab0000)
  to   space 275392K,   0% used [0x00007f8e6fab0000, 0x00007f8e6fab0000, 0x00007f8e807a0000)
 tenured generation   total 6311244K, used 6311078K [0x00007f932db50000, 0x00007f94aeea3000, 0x00007f9dd8600000)
   the space 6311244K,  99% used [0x00007f932db50000, 0x00007f94aee79bc8, 0x00007f94aee79c00, 0x00007f94aeea3000)
 Metaspace       used 31607K, capacity 32062K, committed 32256K, reserved 32768K
}

