# JRE version: OpenJDK Runtime Environment (13.0.7+5) (build 13.0.7+5-Ubuntu-0ubuntu120.04)
# Java VM: OpenJDK 64-Bit Server VM (13.0.7+5-Ubuntu-0ubuntu120.04, mixed mode, tiered, serial gc, linux-amd64)
Heap:
 def new generation   total 1048960K, used 0K [0x00007faf84600000, 0x00007fafcb830000, 0x00007fb4d9b50000)
  eden space 932416K,   0% used [0x00007faf84600000, 0x00007faf84600000, 0x00007fafbd490000)
  from space 116544K,   0% used [0x00007fafc4660000, 0x00007fafc4660000, 0x00007fafcb830000)
  to   space 116544K,   0% used [0x00007fafbd490000, 0x00007fafbd490000, 0x00007fafc4660000)
 tenured generation   total 2332992K, used 2288352K [0x00007fb4d9b50000, 0x00007fb5681a0000, 0x00007fbf84600000)
   the space 2332992K,  98% used [0x00007fb4d9b50000, 0x00007fb5656083f0, 0x00007fb565608400, 0x00007fb5681a0000)
 Metaspace       used 32202K, capacity 32703K, committed 32768K, reserved 32768K
GC Heap History (20 events):
Event: 2319.179 GC heap after
{Heap after GC invocations=4815 (full 3):
 def new generation   total 1048960K, used 69528K [0x00007faf84600000, 0x00007fafcb830000, 0x00007fb4d9b50000)
  eden space 932416K,   0% used [0x00007faf84600000, 0x00007faf84600000, 0x00007fafbd490000)
  from space 116544K,  59% used [0x00007fafbd490000, 0x00007fafc1876158, 0x00007fafc4660000)
  to   space 116544K,   0% used [0x00007fafc4660000, 0x00007fafc4660000, 0x00007fafcb830000)
 tenured generation   total 2330880K, used 2228623K [0x00007fb4d9b50000, 0x00007fb567f90000, 0x00007fbf84600000)
   the space 2330880K,  95% used [0x00007fb4d9b50000, 0x00007fb561bb3da0, 0x00007fb561bb3e00, 0x00007fb567f90000)
 Metaspace       used 32202K, capacity 32703K, committed 32768K, reserved 32768K
}
Event: 2319.873 GC heap before
{Heap before GC invocations=4815 (full 3):
 def new generation   total 1048960K, used 1001944K [0x00007faf84600000, 0x00007fafcb830000, 0x00007fb4d9b50000)
  eden space 932416K, 100% used [0x00007faf84600000, 0x00007fafbd490000, 0x00007fafbd490000)
  from space 116544K,  59% used [0x00007fafbd490000, 0x00007fafc1876158, 0x00007fafc4660000)
  to   space 116544K,   0% used [0x00007fafc4660000, 0x00007fafc4660000, 0x00007fafcb830000)
 tenured generation   total 2330880K, used 2228623K [0x00007fb4d9b50000, 0x00007fb567f90000, 0x00007fbf84600000)
   the space 2330880K,  95% used [0x00007fb4d9b50000, 0x00007fb561bb3da0, 0x00007fb561bb3e00, 0x00007fb567f90000)
 Metaspace       used 32202K, capacity 32703K, committed 32768K, reserved 32768K
}
Event: 2320.063 GC heap after
{Heap after GC invocations=4816 (full 3):
 def new generation   total 1048960K, used 69533K [0x00007faf84600000, 0x00007fafcb830000, 0x00007fb4d9b50000)
  eden space 932416K,   0% used [0x00007faf84600000, 0x00007faf84600000, 0x00007fafbd490000)
  from space 116544K,  59% used [0x00007fafc4660000, 0x00007fafc8a47760, 0x00007fafcb830000)
  to   space 116544K,   0% used [0x00007fafbd490000, 0x00007fafbd490000, 0x00007fafc4660000)
 tenured generation   total 2330880K, used 2240199K [0x00007fb4d9b50000, 0x00007fb567f90000, 0x00007fbf84600000)
   the space 2330880K,  96% used [0x00007fb4d9b50000, 0x00007fb562701eb0, 0x00007fb562702000, 0x00007fb567f90000)
 Metaspace       used 32202K, capacity 32703K, committed 32768K, reserved 32768K
}
Event: 2320.749 GC heap before
{Heap before GC invocations=4816 (full 3):
 def new generation   total 1048960K, used 1001949K [0x00007faf84600000, 0x00007fafcb830000, 0x00007fb4d9b50000)
  eden space 932416K, 100% used [0x00007faf84600000, 0x00007fafbd490000, 0x00007fafbd490000)
  from space 116544K,  59% used [0x00007fafc4660000, 0x00007fafc8a47760, 0x00007fafcb830000)
  to   space 116544K,   0% used [0x00007fafbd490000, 0x00007fafbd490000, 0x00007fafc4660000)
 tenured generation   total 2330880K, used 2240199K [0x00007fb4d9b50000, 0x00007fb567f90000, 0x00007fbf84600000)
   the space 2330880K,  96% used [0x00007fb4d9b50000, 0x00007fb562701eb0, 0x00007fb562702000, 0x00007fb567f90000)
 Metaspace       used 32202K, capacity 32703K, committed 32768K, reserved 32768K
}
Event: 2320.936 GC heap after
{Heap after GC invocations=4817 (full 3):
 def new generation   total 1048960K, used 69521K [0x00007faf84600000, 0x00007fafcb830000, 0x00007fb4d9b50000)
  eden space 932416K,   0% used [0x00007faf84600000, 0x00007faf84600000, 0x00007fafbd490000)
  from space 116544K,  59% used [0x00007fafbd490000, 0x00007fafc18745d8, 0x00007fafc4660000)
  to   space 116544K,   0% used [0x00007fafc4660000, 0x00007fafc4660000, 0x00007fafcb830000)
 tenured generation   total 2330880K, used 2251794K [0x00007fb4d9b50000, 0x00007fb567f90000, 0x00007fbf84600000)
   the space 2330880K,  96% used [0x00007fb4d9b50000, 0x00007fb563254a00, 0x00007fb563254a00, 0x00007fb567f90000)
 Metaspace       used 32202K, capacity 32703K, committed 32768K, reserved 32768K
}
Event: 2321.625 GC heap before
{Heap before GC invocations=4817 (full 3):
 def new generation   total 1048960K, used 1001937K [0x00007faf84600000, 0x00007fafcb830000, 0x00007fb4d9b50000)
  eden space 932416K, 100% used [0x00007faf84600000, 0x00007fafbd490000, 0x00007fafbd490000)
  from space 116544K,  59% used [0x00007fafbd490000, 0x00007fafc18745d8, 0x00007fafc4660000)
  to   space 116544K,   0% used [0x00007fafc4660000, 0x00007fafc4660000, 0x00007fafcb830000)
 tenured generation   total 2330880K, used 2251794K [0x00007fb4d9b50000, 0x00007fb567f90000, 0x00007fbf84600000)
   the space 2330880K,  96% used [0x00007fb4d9b50000, 0x00007fb563254a00, 0x00007fb563254a00, 0x00007fb567f90000)
 Metaspace       used 32202K, capacity 32703K, committed 32768K, reserved 32768K
}
Event: 2321.819 GC heap after
{Heap after GC invocations=4818 (full 3):
 def new generation   total 1048960K, used 69525K [0x00007faf84600000, 0x00007fafcb830000, 0x00007fb4d9b50000)
  eden space 932416K,   0% used [0x00007faf84600000, 0x00007faf84600000, 0x00007fafbd490000)
  from space 116544K,  59% used [0x00007fafc4660000, 0x00007fafc8a45438, 0x00007fafcb830000)
  to   space 116544K,   0% used [0x00007fafbd490000, 0x00007fafbd490000, 0x00007fafc4660000)
 tenured generation   total 2330880K, used 2263370K [0x00007fb4d9b50000, 0x00007fb567f90000, 0x00007fbf84600000)
   the space 2330880K,  97% used [0x00007fb4d9b50000, 0x00007fb563da2b10, 0x00007fb563da2c00, 0x00007fb567f90000)
 Metaspace       used 32202K, capacity 32703K, committed 32768K, reserved 32768K
}
Event: 2322.498 GC heap before
{Heap before GC invocations=4818 (full 3):
 def new generation   total 1048960K, used 1001941K [0x00007faf84600000, 0x00007fafcb830000, 0x00007fb4d9b50000)
  eden space 932416K, 100% used [0x00007faf84600000, 0x00007fafbd490000, 0x00007fafbd490000)
  from space 116544K,  59% used [0x00007fafc4660000, 0x00007fafc8a45438, 0x00007fafcb830000)
  to   space 116544K,   0% used [0x00007fafbd490000, 0x00007fafbd490000, 0x00007fafc4660000)
 tenured generation   total 2330880K, used 2263370K [0x00007fb4d9b50000, 0x00007fb567f90000, 0x00007fbf84600000)
   the space 2330880K,  97% used [0x00007fb4d9b50000, 0x00007fb563da2b10, 0x00007fb563da2c00, 0x00007fb567f90000)
 Metaspace       used 32202K, capacity 32703K, committed 32768K, reserved 32768K
}
Event: 2322.684 GC heap after
{Heap after GC invocations=4819 (full 3):
 def new generation   total 1048960K, used 69534K [0x00007faf84600000, 0x00007fafcb830000, 0x00007fb4d9b50000)
  eden space 932416K,   0% used [0x00007faf84600000, 0x00007faf84600000, 0x00007fafbd490000)
  from space 116544K,  59% used [0x00007fafbd490000, 0x00007fafc1877b50, 0x00007fafc4660000)
  to   space 116544K,   0% used [0x00007fafc4660000, 0x00007fafc4660000, 0x00007fafcb830000)
 tenured generation   total 2330880K, used 2274950K [0x00007fb4d9b50000, 0x00007fb567f90000, 0x00007fbf84600000)
   the space 2330880K,  97% used [0x00007fb4d9b50000, 0x00007fb5648f1b48, 0x00007fb5648f1c00, 0x00007fb567f90000)
 Metaspace       used 32202K, capacity 32703K, committed 32768K, reserved 32768K
}
Event: 2323.367 GC heap before
{Heap before GC invocations=4819 (full 3):
 def new generation   total 1048960K, used 1001950K [0x00007faf84600000, 0x00007fafcb830000, 0x00007fb4d9b50000)
  eden space 932416K, 100% used [0x00007faf84600000, 0x00007fafbd490000, 0x00007fafbd490000)
  from space 116544K,  59% used [0x00007fafbd490000, 0x00007fafc1877b50, 0x00007fafc4660000)
  to   space 116544K,   0% used [0x00007fafc4660000, 0x00007fafc4660000, 0x00007fafcb830000)
 tenured generation   total 2330880K, used 2274950K [0x00007fb4d9b50000, 0x00007fb567f90000, 0x00007fbf84600000)
   the space 2330880K,  97% used [0x00007fb4d9b50000, 0x00007fb5648f1b48, 0x00007fb5648f1c00, 0x00007fb567f90000)
 Metaspace       used 32202K, capacity 32703K, committed 32768K, reserved 32768K
}
Event: 2323.534 GC heap after
{Heap after GC invocations=4820 (full 3):
 def new generation   total 1048960K, used 69543K [0x00007faf84600000, 0x00007fafcb830000, 0x00007fb4d9b50000)
  eden space 932416K,   0% used [0x00007faf84600000, 0x00007faf84600000, 0x00007fafbd490000)
  from space 116544K,  59% used [0x00007fafc4660000, 0x00007fafc8a49c28, 0x00007fafcb830000)
  to   space 116544K,   0% used [0x00007fafbd490000, 0x00007fafbd490000, 0x00007fafc4660000)
 tenured generation   total 2330880K, used 2286527K [0x00007fb4d9b50000, 0x00007fb567f90000, 0x00007fbf84600000)
   the space 2330880K,  98% used [0x00007fb4d9b50000, 0x00007fb56543fce8, 0x00007fb56543fe00, 0x00007fb567f90000)
 Metaspace       used 32202K, capacity 32703K, committed 32768K, reserved 32768K
}
Event: 2324.143 GC heap before
{Heap before GC invocations=4820 (full 3):
 def new generation   total 1048960K, used 1001959K [0x00007faf84600000, 0x00007fafcb830000, 0x00007fb4d9b50000)
  eden space 932416K, 100% used [0x00007faf84600000, 0x00007fafbd490000, 0x00007fafbd490000)
  from space 116544K,  59% used [0x00007fafc4660000, 0x00007fafc8a49c28, 0x00007fafcb830000)
  to   space 116544K,   0% used [0x00007fafbd490000, 0x00007fafbd490000, 0x00007fafc4660000)
 tenured generation   total 2330880K, used 2286527K [0x00007fb4d9b50000, 0x00007fb567f90000, 0x00007fbf84600000)
   the space 2330880K,  98% used [0x00007fb4d9b50000, 0x00007fb56543fce8, 0x00007fb56543fe00, 0x00007fb567f90000)
 Metaspace       used 32202K, capacity 32703K, committed 32768K, reserved 32768K
}
Event: 2324.332 GC heap after
{Heap after GC invocations=4821 (full 3):
 def new generation   total 1048960K, used 69527K [0x00007faf84600000, 0x00007fafcb830000, 0x00007fb4d9b50000)
  eden space 932416K,   0% used [0x00007faf84600000, 0x00007faf84600000, 0x00007fafbd490000)
  from space 116544K,  59% used [0x00007fafbd490000, 0x00007fafc1875df8, 0x00007fafc4660000)
  to   space 116544K,   0% used [0x00007fafc4660000, 0x00007fafc4660000, 0x00007fafcb830000)
 tenured generation   total 2330880K, used 2298122K [0x00007fb4d9b50000, 0x00007fb567f90000, 0x00007fbf84600000)
   the space 2330880K,  98% used [0x00007fb4d9b50000, 0x00007fb565f928c8, 0x00007fb565f92a00, 0x00007fb567f90000)
 Metaspace       used 32202K, capacity 32703K, committed 32768K, reserved 32768K
}
Event: 2325.009 GC heap before
{Heap before GC invocations=4821 (full 3):
 def new generation   total 1048960K, used 1001943K [0x00007faf84600000, 0x00007fafcb830000, 0x00007fb4d9b50000)
  eden space 932416K, 100% used [0x00007faf84600000, 0x00007fafbd490000, 0x00007fafbd490000)
  from space 116544K,  59% used [0x00007fafbd490000, 0x00007fafc1875df8, 0x00007fafc4660000)
  to   space 116544K,   0% used [0x00007fafc4660000, 0x00007fafc4660000, 0x00007fafcb830000)
 tenured generation   total 2330880K, used 2298122K [0x00007fb4d9b50000, 0x00007fb567f90000, 0x00007fbf84600000)
   the space 2330880K,  98% used [0x00007fb4d9b50000, 0x00007fb565f928c8, 0x00007fb565f92a00, 0x00007fb567f90000)
 Metaspace       used 32202K, capacity 32703K, committed 32768K, reserved 32768K
}
Event: 2325.198 GC heap after
{Heap after GC invocations=4822 (full 3):
 def new generation   total 1048960K, used 69538K [0x00007faf84600000, 0x00007fafcb830000, 0x00007fb4d9b50000)
  eden space 932416K,   0% used [0x00007faf84600000, 0x00007faf84600000, 0x00007fafbd490000)
  from space 116544K,  59% used [0x00007fafc4660000, 0x00007fafc8a48820, 0x00007fafcb830000)
  to   space 116544K,   0% used [0x00007fafbd490000, 0x00007fafbd490000, 0x00007fafc4660000)
 tenured generation   total 2330880K, used 2309698K [0x00007fb4d9b50000, 0x00007fb567f90000, 0x00007fbf84600000)
   the space 2330880K,  99% used [0x00007fb4d9b50000, 0x00007fb566ae09d8, 0x00007fb566ae0a00, 0x00007fb567f90000)
 Metaspace       used 32202K, capacity 32703K, committed 32768K, reserved 32768K
}
Event: 2325.895 GC heap before
{Heap before GC invocations=4822 (full 3):
 def new generation   total 1048960K, used 1001954K [0x00007faf84600000, 0x00007fafcb830000, 0x00007fb4d9b50000)
  eden space 932416K, 100% used [0x00007faf84600000, 0x00007fafbd490000, 0x00007fafbd490000)
  from space 116544K,  59% used [0x00007fafc4660000, 0x00007fafc8a48820, 0x00007fafcb830000)
  to   space 116544K,   0% used [0x00007fafbd490000, 0x00007fafbd490000, 0x00007fafc4660000)
 tenured generation   total 2330880K, used 2309698K [0x00007fb4d9b50000, 0x00007fb567f90000, 0x00007fbf84600000)
   the space 2330880K,  99% used [0x00007fb4d9b50000, 0x00007fb566ae09d8, 0x00007fb566ae0a00, 0x00007fb567f90000)
 Metaspace       used 32202K, capacity 32703K, committed 32768K, reserved 32768K
}
Event: 2326.084 GC heap after
{Heap after GC invocations=4823 (full 3):
 def new generation   total 1048960K, used 69537K [0x00007faf84600000, 0x00007fafcb830000, 0x00007fb4d9b50000)
  eden space 932416K,   0% used [0x00007faf84600000, 0x00007faf84600000, 0x00007fafbd490000)
  from space 116544K,  59% used [0x00007fafbd490000, 0x00007fafc1878670, 0x00007fafc4660000)
  to   space 116544K,   0% used [0x00007fafc4660000, 0x00007fafc4660000, 0x00007fafcb830000)
 tenured generation   total 2330880K, used 2321278K [0x00007fb4d9b50000, 0x00007fb567f90000, 0x00007fbf84600000)
   the space 2330880K,  99% used [0x00007fb4d9b50000, 0x00007fb56762fa10, 0x00007fb56762fc00, 0x00007fb567f90000)
 Metaspace       used 32202K, capacity 32703K, committed 32768K, reserved 32768K
}
Event: 2326.783 GC heap before
{Heap before GC invocations=4823 (full 3):
 def new generation   total 1048960K, used 1001953K [0x00007faf84600000, 0x00007fafcb830000, 0x00007fb4d9b50000)
  eden space 932416K, 100% used [0x00007faf84600000, 0x00007fafbd490000, 0x00007fafbd490000)
  from space 116544K,  59% used [0x00007fafbd490000, 0x00007fafc1878670, 0x00007fafc4660000)
  to   space 116544K,   0% used [0x00007fafc4660000, 0x00007fafc4660000, 0x00007fafcb830000)
 tenured generation   total 2330880K, used 2321278K [0x00007fb4d9b50000, 0x00007fb567f90000, 0x00007fbf84600000)
   the space 2330880K,  99% used [0x00007fb4d9b50000, 0x00007fb56762fa10, 0x00007fb56762fc00, 0x00007fb567f90000)
 Metaspace       used 32202K, capacity 32703K, committed 32768K, reserved 32768K
}
Event: 2326.980 GC heap after
{Heap after GC invocations=4824 (full 3):
 def new generation   total 1048960K, used 69521K [0x00007faf84600000, 0x00007fafcb830000, 0x00007fb4d9b50000)
  eden space 932416K,   0% used [0x00007faf84600000, 0x00007faf84600000, 0x00007fafbd490000)
  from space 116544K,  59% used [0x00007fafc4660000, 0x00007fafc8a444a0, 0x00007fafcb830000)
  to   space 116544K,   0% used [0x00007fafbd490000, 0x00007fafbd490000, 0x00007fafc4660000)
 tenured generation   total 2332992K, used 2332854K [0x00007fb4d9b50000, 0x00007fb5681a0000, 0x00007fbf84600000)
   the space 2332992K,  99% used [0x00007fb4d9b50000, 0x00007fb56817db20, 0x00007fb56817dc00, 0x00007fb5681a0000)
 Metaspace       used 32202K, capacity 32703K, committed 32768K, reserved 32768K
}
Event: 2326.980 GC heap before
{Heap before GC invocations=4824 (full 3):
 def new generation   total 1048960K, used 69521K [0x00007faf84600000, 0x00007fafcb830000, 0x00007fb4d9b50000)
  eden space 932416K,   0% used [0x00007faf84600000, 0x00007faf84600000, 0x00007fafbd490000)
  from space 116544K,  59% used [0x00007fafc4660000, 0x00007fafc8a444a0, 0x00007fafcb830000)
  to   space 116544K,   0% used [0x00007fafbd490000, 0x00007fafbd490000, 0x00007fafc4660000)
 tenured generation   total 2332992K, used 2332854K [0x00007fb4d9b50000, 0x00007fb5681a0000, 0x00007fbf84600000)
   the space 2332992K,  99% used [0x00007fb4d9b50000, 0x00007fb56817db20, 0x00007fb56817dc00, 0x00007fb5681a0000)
 Metaspace       used 32202K, capacity 32703K, committed 32768K, reserved 32768K
}

