# JRE version: OpenJDK Runtime Environment (13.0.7+5) (build 13.0.7+5-Ubuntu-0ubuntu120.04)
# Java VM: OpenJDK 64-Bit Server VM (13.0.7+5-Ubuntu-0ubuntu120.04, mixed mode, tiered, serial gc, linux-amd64)
Heap:
 def new generation   total 2795712K, used 305099K [0x00007efa3c600000, 0x00007efaf9f80000, 0x00007eff91b50000)
  eden space 2485120K,  12% used [0x00007efa3c600000, 0x00007efa4eff2c00, 0x00007efad40e0000)
  from space 310592K,   0% used [0x00007efad40e0000, 0x00007efad40e0000, 0x00007efae7030000)
  to   space 310592K,   0% used [0x00007efae7030000, 0x00007efae7030000, 0x00007efaf9f80000)
 tenured generation   total 8387072K, used 8387071K [0x00007eff91b50000, 0x00007f01919d0000, 0x00007f0a3c600000)
   the space 8387072K,  99% used [0x00007eff91b50000, 0x00007f01919cffb0, 0x00007f01919d0000, 0x00007f01919d0000)
 Metaspace       used 31888K, capacity 32327K, committed 32512K, reserved 32768K
GC Heap History (20 events):
Event: 7.800 GC heap after
{Heap after GC invocations=2 (full 1):
 def new generation   total 629248K, used 52246K [0x00007efa3c600000, 0x00007efa670c0000, 0x00007eff91b50000)
  eden space 559360K,   0% used [0x00007efa3c600000, 0x00007efa3c600000, 0x00007efa5e840000)
  from space 69888K,  74% used [0x00007efa62c80000, 0x00007efa65f85950, 0x00007efa670c0000)
  to   space 69888K,   0% used [0x00007efa5e840000, 0x00007efa5e840000, 0x00007efa62c80000)
 tenured generation   total 1398144K, used 13944K [0x00007eff91b50000, 0x00007effe70b0000, 0x00007f0a3c600000)
   the space 1398144K,   0% used [0x00007eff91b50000, 0x00007eff928ee018, 0x00007eff928ee200, 0x00007effe70b0000)
 Metaspace       used 31885K, capacity 32327K, committed 32512K, reserved 32768K
}
Event: 8.366 GC heap before
{Heap before GC invocations=2 (full 1):
 def new generation   total 629248K, used 611606K [0x00007efa3c600000, 0x00007efa670c0000, 0x00007eff91b50000)
  eden space 559360K, 100% used [0x00007efa3c600000, 0x00007efa5e840000, 0x00007efa5e840000)
  from space 69888K,  74% used [0x00007efa62c80000, 0x00007efa65f85950, 0x00007efa670c0000)
  to   space 69888K,   0% used [0x00007efa5e840000, 0x00007efa5e840000, 0x00007efa62c80000)
 tenured generation   total 1398144K, used 13944K [0x00007eff91b50000, 0x00007effe70b0000, 0x00007f0a3c600000)
   the space 1398144K,   0% used [0x00007eff91b50000, 0x00007eff928ee018, 0x00007eff928ee200, 0x00007effe70b0000)
 Metaspace       used 31888K, capacity 32327K, committed 32512K, reserved 32768K
}
Event: 9.270 GC heap after
{Heap after GC invocations=3 (full 1):
 def new generation   total 629248K, used 17599K [0x00007efa3c600000, 0x00007efa670c0000, 0x00007eff91b50000)
  eden space 559360K,   0% used [0x00007efa3c600000, 0x00007efa3c600000, 0x00007efa5e840000)
  from space 69888K,  25% used [0x00007efa5e840000, 0x00007efa5f96ff60, 0x00007efa62c80000)
  to   space 69888K,   0% used [0x00007efa62c80000, 0x00007efa62c80000, 0x00007efa670c0000)
 tenured generation   total 1398144K, used 590245K [0x00007eff91b50000, 0x00007effe70b0000, 0x00007f0a3c600000)
   the space 1398144K,  42% used [0x00007eff91b50000, 0x00007effb5bb94e8, 0x00007effb5bb9600, 0x00007effe70b0000)
 Metaspace       used 31888K, capacity 32327K, committed 32512K, reserved 32768K
}
Event: 9.561 GC heap before
{Heap before GC invocations=3 (full 1):
 def new generation   total 629248K, used 576959K [0x00007efa3c600000, 0x00007efa670c0000, 0x00007eff91b50000)
  eden space 559360K, 100% used [0x00007efa3c600000, 0x00007efa5e840000, 0x00007efa5e840000)
  from space 69888K,  25% used [0x00007efa5e840000, 0x00007efa5f96ff60, 0x00007efa62c80000)
  to   space 69888K,   0% used [0x00007efa62c80000, 0x00007efa62c80000, 0x00007efa670c0000)
 tenured generation   total 1398144K, used 590245K [0x00007eff91b50000, 0x00007effe70b0000, 0x00007f0a3c600000)
   the space 1398144K,  42% used [0x00007eff91b50000, 0x00007effb5bb94e8, 0x00007effb5bb9600, 0x00007effe70b0000)
 Metaspace       used 31888K, capacity 32327K, committed 32512K, reserved 32768K
}
Event: 10.343 GC heap after
{Heap after GC invocations=4 (full 1):
 def new generation   total 629248K, used 69887K [0x00007efa3c600000, 0x00007efa670c0000, 0x00007eff91b50000)
  eden space 559360K,   0% used [0x00007efa3c600000, 0x00007efa3c600000, 0x00007efa5e840000)
  from space 69888K,  99% used [0x00007efa62c80000, 0x00007efa670bfff0, 0x00007efa670c0000)
  to   space 69888K,   0% used [0x00007efa5e840000, 0x00007efa5e840000, 0x00007efa62c80000)
 tenured generation   total 1398144K, used 1097219K [0x00007eff91b50000, 0x00007effe70b0000, 0x00007f0a3c600000)
   the space 1398144K,  78% used [0x00007eff91b50000, 0x00007effd4ad0e80, 0x00007effd4ad1000, 0x00007effe70b0000)
 Metaspace       used 31888K, capacity 32327K, committed 32512K, reserved 32768K
}
Event: 10.684 GC heap before
{Heap before GC invocations=4 (full 1):
 def new generation   total 629248K, used 629247K [0x00007efa3c600000, 0x00007efa670c0000, 0x00007eff91b50000)
  eden space 559360K, 100% used [0x00007efa3c600000, 0x00007efa5e840000, 0x00007efa5e840000)
  from space 69888K,  99% used [0x00007efa62c80000, 0x00007efa670bfff0, 0x00007efa670c0000)
  to   space 69888K,   0% used [0x00007efa5e840000, 0x00007efa5e840000, 0x00007efa62c80000)
 tenured generation   total 1398144K, used 1097219K [0x00007eff91b50000, 0x00007effe70b0000, 0x00007f0a3c600000)
   the space 1398144K,  78% used [0x00007eff91b50000, 0x00007effd4ad0e80, 0x00007effd4ad1000, 0x00007effe70b0000)
 Metaspace       used 31888K, capacity 32327K, committed 32512K, reserved 32768K
}
Event: 11.631 GC heap after
{Heap after GC invocations=5 (full 1):
 def new generation   total 629248K, used 69887K [0x00007efa3c600000, 0x00007efa670c0000, 0x00007eff91b50000)
  eden space 559360K,   0% used [0x00007efa3c600000, 0x00007efa3c600000, 0x00007efa5e840000)
  from space 69888K,  99% used [0x00007efa5e840000, 0x00007efa62c7fde8, 0x00007efa62c80000)
  to   space 69888K,   0% used [0x00007efa62c80000, 0x00007efa62c80000, 0x00007efa670c0000)
 tenured generation   total 1656576K, used 1656481K [0x00007eff91b50000, 0x00007efff6d10000, 0x00007f0a3c600000)
   the space 1656576K,  99% used [0x00007eff91b50000, 0x00007efff6cf8698, 0x00007efff6cf8800, 0x00007efff6d10000)
 Metaspace       used 31888K, capacity 32327K, committed 32512K, reserved 32768K
}
Event: 11.631 GC heap before
{Heap before GC invocations=5 (full 1):
 def new generation   total 629248K, used 69887K [0x00007efa3c600000, 0x00007efa670c0000, 0x00007eff91b50000)
  eden space 559360K,   0% used [0x00007efa3c600000, 0x00007efa3c600000, 0x00007efa5e840000)
  from space 69888K,  99% used [0x00007efa5e840000, 0x00007efa62c7fde8, 0x00007efa62c80000)
  to   space 69888K,   0% used [0x00007efa62c80000, 0x00007efa62c80000, 0x00007efa670c0000)
 tenured generation   total 1656576K, used 1656481K [0x00007eff91b50000, 0x00007efff6d10000, 0x00007f0a3c600000)
   the space 1656576K,  99% used [0x00007eff91b50000, 0x00007efff6cf8698, 0x00007efff6cf8800, 0x00007efff6d10000)
 Metaspace       used 31888K, capacity 32327K, committed 32512K, reserved 32768K
}
Event: 12.627 GC heap after
{Heap after GC invocations=5 (full 2):
 def new generation   total 1242496K, used 69793K [0x00007efa3c600000, 0x00007efa90a30000, 0x00007eff91b50000)
  eden space 1104448K,   6% used [0x00007efa3c600000, 0x00007efa40a28548, 0x00007efa7fc90000)
  from space 138048K,   0% used [0x00007efa7fc90000, 0x00007efa7fc90000, 0x00007efa88360000)
  to   space 138048K,   0% used [0x00007efa88360000, 0x00007efa88360000, 0x00007efa90a30000)
 tenured generation   total 2760960K, used 1656575K [0x00007eff91b50000, 0x00007f003a390000, 0x00007f0a3c600000)
   the space 2760960K,  59% used [0x00007eff91b50000, 0x00007efff6d0ff38, 0x00007efff6d10000, 0x00007f003a390000)
 Metaspace       used 31888K, capacity 32327K, committed 32512K, reserved 32768K
}
Event: 13.290 GC heap before
{Heap before GC invocations=5 (full 2):
 def new generation   total 1242496K, used 1104448K [0x00007efa3c600000, 0x00007efa90a30000, 0x00007eff91b50000)
  eden space 1104448K, 100% used [0x00007efa3c600000, 0x00007efa7fc90000, 0x00007efa7fc90000)
  from space 138048K,   0% used [0x00007efa7fc90000, 0x00007efa7fc90000, 0x00007efa88360000)
  to   space 138048K,   0% used [0x00007efa88360000, 0x00007efa88360000, 0x00007efa90a30000)
 tenured generation   total 2760960K, used 1656575K [0x00007eff91b50000, 0x00007f003a390000, 0x00007f0a3c600000)
   the space 2760960K,  59% used [0x00007eff91b50000, 0x00007efff6d0ff38, 0x00007efff6d10000, 0x00007f003a390000)
 Metaspace       used 31888K, capacity 32327K, committed 32512K, reserved 32768K
}
Event: 15.392 GC heap after
{Heap after GC invocations=6 (full 2):
 def new generation   total 1242496K, used 138047K [0x00007efa3c600000, 0x00007efa90a30000, 0x00007eff91b50000)
  eden space 1104448K,   0% used [0x00007efa3c600000, 0x00007efa3c600000, 0x00007efa7fc90000)
  from space 138048K,  99% used [0x00007efa88360000, 0x00007efa90a2fd90, 0x00007efa90a30000)
  to   space 138048K,   0% used [0x00007efa7fc90000, 0x00007efa7fc90000, 0x00007efa88360000)
 tenured generation   total 2760960K, used 2622936K [0x00007eff91b50000, 0x00007f003a390000, 0x00007f0a3c600000)
   the space 2760960K,  95% used [0x00007eff91b50000, 0x00007f0031cc60c8, 0x00007f0031cc6200, 0x00007f003a390000)
 Metaspace       used 31888K, capacity 32327K, committed 32512K, reserved 32768K
}
Event: 16.029 GC heap before
{Heap before GC invocations=6 (full 2):
 def new generation   total 1242496K, used 1242495K [0x00007efa3c600000, 0x00007efa90a30000, 0x00007eff91b50000)
  eden space 1104448K, 100% used [0x00007efa3c600000, 0x00007efa7fc90000, 0x00007efa7fc90000)
  from space 138048K,  99% used [0x00007efa88360000, 0x00007efa90a2fd90, 0x00007efa90a30000)
  to   space 138048K,   0% used [0x00007efa7fc90000, 0x00007efa7fc90000, 0x00007efa88360000)
 tenured generation   total 2760960K, used 2622936K [0x00007eff91b50000, 0x00007f003a390000, 0x00007f0a3c600000)
   the space 2760960K,  95% used [0x00007eff91b50000, 0x00007f0031cc60c8, 0x00007f0031cc6200, 0x00007f003a390000)
 Metaspace       used 31888K, capacity 32327K, committed 32512K, reserved 32768K
}
Event: 17.960 GC heap after
{Heap after GC invocations=7 (full 2):
 def new generation   total 1242496K, used 138047K [0x00007efa3c600000, 0x00007efa90a30000, 0x00007eff91b50000)
  eden space 1104448K,   0% used [0x00007efa3c600000, 0x00007efa3c600000, 0x00007efa7fc90000)
  from space 138048K,  99% used [0x00007efa7fc90000, 0x00007efa8835fd90, 0x00007efa88360000)
  to   space 138048K,   0% used [0x00007efa88360000, 0x00007efa88360000, 0x00007efa90a30000)
 tenured generation   total 3727488K, used 3727328K [0x00007eff91b50000, 0x00007f0075370000, 0x00007f0a3c600000)
   the space 3727488K,  99% used [0x00007eff91b50000, 0x00007f0075348280, 0x00007f0075348400, 0x00007f0075370000)
 Metaspace       used 31888K, capacity 32327K, committed 32512K, reserved 32768K
}
Event: 17.960 GC heap before
{Heap before GC invocations=7 (full 2):
 def new generation   total 1242496K, used 138047K [0x00007efa3c600000, 0x00007efa90a30000, 0x00007eff91b50000)
  eden space 1104448K,   0% used [0x00007efa3c600000, 0x00007efa3c600000, 0x00007efa7fc90000)
  from space 138048K,  99% used [0x00007efa7fc90000, 0x00007efa8835fd90, 0x00007efa88360000)
  to   space 138048K,   0% used [0x00007efa88360000, 0x00007efa88360000, 0x00007efa90a30000)
 tenured generation   total 3727488K, used 3727328K [0x00007eff91b50000, 0x00007f0075370000, 0x00007f0a3c600000)
   the space 3727488K,  99% used [0x00007eff91b50000, 0x00007f0075348280, 0x00007f0075348400, 0x00007f0075370000)
 Metaspace       used 31888K, capacity 32327K, committed 32512K, reserved 32768K
}
Event: 20.234 GC heap after
{Heap after GC invocations=7 (full 3):
 def new generation   total 2795712K, used 137888K [0x00007efa3c600000, 0x00007efaf9f80000, 0x00007eff91b50000)
  eden space 2485120K,   5% used [0x00007efa3c600000, 0x00007efa44ca8308, 0x00007efad40e0000)
  from space 310592K,   0% used [0x00007efad40e0000, 0x00007efad40e0000, 0x00007efae7030000)
  to   space 310592K,   0% used [0x00007efae7030000, 0x00007efae7030000, 0x00007efaf9f80000)
 tenured generation   total 6212480K, used 3727487K [0x00007eff91b50000, 0x00007f010ce30000, 0x00007f0a3c600000)
   the space 6212480K,  59% used [0x00007eff91b50000, 0x00007f007536fd08, 0x00007f007536fe00, 0x00007f010ce30000)
 Metaspace       used 31888K, capacity 32327K, committed 32512K, reserved 32768K
}
Event: 21.893 GC heap before
{Heap before GC invocations=7 (full 3):
 def new generation   total 2795712K, used 2485120K [0x00007efa3c600000, 0x00007efaf9f80000, 0x00007eff91b50000)
  eden space 2485120K, 100% used [0x00007efa3c600000, 0x00007efad40e0000, 0x00007efad40e0000)
  from space 310592K,   0% used [0x00007efad40e0000, 0x00007efad40e0000, 0x00007efae7030000)
  to   space 310592K,   0% used [0x00007efae7030000, 0x00007efae7030000, 0x00007efaf9f80000)
 tenured generation   total 6212480K, used 3727487K [0x00007eff91b50000, 0x00007f010ce30000, 0x00007f0a3c600000)
   the space 6212480K,  59% used [0x00007eff91b50000, 0x00007f007536fd08, 0x00007f007536fe00, 0x00007f010ce30000)
 Metaspace       used 31888K, capacity 32327K, committed 32512K, reserved 32768K
}
Event: 28.613 GC heap after
{Heap after GC invocations=8 (full 3):
 def new generation   total 2795712K, used 310591K [0x00007efa3c600000, 0x00007efaf9f80000, 0x00007eff91b50000)
  eden space 2485120K,   0% used [0x00007efa3c600000, 0x00007efa3c600000, 0x00007efad40e0000)
  from space 310592K,  99% used [0x00007efae7030000, 0x00007efaf9f7ff28, 0x00007efaf9f80000)
  to   space 310592K,   0% used [0x00007efad40e0000, 0x00007efad40e0000, 0x00007efae7030000)
 tenured generation   total 6212480K, used 5901937K [0x00007eff91b50000, 0x00007f010ce30000, 0x00007f0a3c600000)
   the space 6212480K,  95% used [0x00007eff91b50000, 0x00007f00f9eec758, 0x00007f00f9eec800, 0x00007f010ce30000)
 Metaspace       used 31888K, capacity 32327K, committed 32512K, reserved 32768K
}
Event: 29.939 GC heap before
{Heap before GC invocations=8 (full 3):
 def new generation   total 2795712K, used 2795711K [0x00007efa3c600000, 0x00007efaf9f80000, 0x00007eff91b50000)
  eden space 2485120K, 100% used [0x00007efa3c600000, 0x00007efad40e0000, 0x00007efad40e0000)
  from space 310592K,  99% used [0x00007efae7030000, 0x00007efaf9f7ff28, 0x00007efaf9f80000)
  to   space 310592K,   0% used [0x00007efad40e0000, 0x00007efad40e0000, 0x00007efae7030000)
 tenured generation   total 6212480K, used 5901937K [0x00007eff91b50000, 0x00007f010ce30000, 0x00007f0a3c600000)
   the space 6212480K,  95% used [0x00007eff91b50000, 0x00007f00f9eec758, 0x00007f00f9eec800, 0x00007f010ce30000)
 Metaspace       used 31888K, capacity 32327K, committed 32512K, reserved 32768K
}
Event: 34.067 GC heap after
{Heap after GC invocations=9 (full 3):
 def new generation   total 2795712K, used 310591K [0x00007efa3c600000, 0x00007efaf9f80000, 0x00007eff91b50000)
  eden space 2485120K,   0% used [0x00007efa3c600000, 0x00007efa3c600000, 0x00007efad40e0000)
  from space 310592K,  99% used [0x00007efad40e0000, 0x00007efae702ff28, 0x00007efae7030000)
  to   space 310592K,   0% used [0x00007efae7030000, 0x00007efae7030000, 0x00007efaf9f80000)
 tenured generation   total 8387072K, used 8386993K [0x00007eff91b50000, 0x00007f01919d0000, 0x00007f0a3c600000)
   the space 8387072K,  99% used [0x00007eff91b50000, 0x00007f01919bc608, 0x00007f01919bc800, 0x00007f01919d0000)
 Metaspace       used 31888K, capacity 32327K, committed 32512K, reserved 32768K
}
Event: 34.067 GC heap before
{Heap before GC invocations=9 (full 3):
 def new generation   total 2795712K, used 310591K [0x00007efa3c600000, 0x00007efaf9f80000, 0x00007eff91b50000)
  eden space 2485120K,   0% used [0x00007efa3c600000, 0x00007efa3c600000, 0x00007efad40e0000)
  from space 310592K,  99% used [0x00007efad40e0000, 0x00007efae702ff28, 0x00007efae7030000)
  to   space 310592K,   0% used [0x00007efae7030000, 0x00007efae7030000, 0x00007efaf9f80000)
 tenured generation   total 8387072K, used 8386993K [0x00007eff91b50000, 0x00007f01919d0000, 0x00007f0a3c600000)
   the space 8387072K,  99% used [0x00007eff91b50000, 0x00007f01919bc608, 0x00007f01919bc800, 0x00007f01919d0000)
 Metaspace       used 31888K, capacity 32327K, committed 32512K, reserved 32768K
}

