# JRE version: OpenJDK Runtime Environment (13.0.7+5) (build 13.0.7+5-Ubuntu-0ubuntu120.04)
# Java VM: OpenJDK 64-Bit Server VM (13.0.7+5-Ubuntu-0ubuntu120.04, mixed mode, tiered, serial gc, linux-amd64)
Heap:
 def new generation   total 1748096K, used 0K [0x00007f7520600000, 0x00007f7596ec0000, 0x00007f7a75b50000)
  eden space 1553920K,   0% used [0x00007f7520600000, 0x00007f7520600000, 0x00007f757f380000)
  from space 194176K,   0% used [0x00007f757f380000, 0x00007f757f380000, 0x00007f758b120000)
  to   space 194176K,   0% used [0x00007f758b120000, 0x00007f758b120000, 0x00007f7596ec0000)
 tenured generation   total 3884712K, used 3865517K [0x00007f7a75b50000, 0x00007f7b62cfa000, 0x00007f8520600000)
   the space 3884712K,  99% used [0x00007f7a75b50000, 0x00007f7b61a3b460, 0x00007f7b61a3b600, 0x00007f7b62cfa000)
 Metaspace       used 24894K, capacity 25323K, committed 25344K, reserved 26624K
GC Heap History (20 events):
Event: 14300.910 GC heap after
{Heap after GC invocations=20366 (full 3):
 def new generation   total 1748096K, used 5317K [0x00007f7520600000, 0x00007f7596ec0000, 0x00007f7a75b50000)
  eden space 1553920K,   0% used [0x00007f7520600000, 0x00007f7520600000, 0x00007f757f380000)
  from space 194176K,   2% used [0x00007f758b120000, 0x00007f758b651588, 0x00007f7596ec0000)
  to   space 194176K,   0% used [0x00007f757f380000, 0x00007f757f380000, 0x00007f758b120000)
 tenured generation   total 3884520K, used 3881649K [0x00007f7a75b50000, 0x00007f7b62cca000, 0x00007f8520600000)
   the space 3884520K,  99% used [0x00007f7a75b50000, 0x00007f7b629fc540, 0x00007f7b629fc600, 0x00007f7b62cca000)
 Metaspace       used 24894K, capacity 25323K, committed 25344K, reserved 26624K
}
Event: 14302.131 GC heap before
{Heap before GC invocations=20366 (full 3):
 def new generation   total 1748096K, used 1559237K [0x00007f7520600000, 0x00007f7596ec0000, 0x00007f7a75b50000)
  eden space 1553920K, 100% used [0x00007f7520600000, 0x00007f757f380000, 0x00007f757f380000)
  from space 194176K,   2% used [0x00007f758b120000, 0x00007f758b651588, 0x00007f7596ec0000)
  to   space 194176K,   0% used [0x00007f757f380000, 0x00007f757f380000, 0x00007f758b120000)
 tenured generation   total 3884520K, used 3881649K [0x00007f7a75b50000, 0x00007f7b62cca000, 0x00007f8520600000)
   the space 3884520K,  99% used [0x00007f7a75b50000, 0x00007f7b629fc540, 0x00007f7b629fc600, 0x00007f7b62cca000)
 Metaspace       used 24894K, capacity 25323K, committed 25344K, reserved 26624K
}
Event: 14302.140 GC heap after
{Heap after GC invocations=20367 (full 3):
 def new generation   total 1748096K, used 5523K [0x00007f7520600000, 0x00007f7596ec0000, 0x00007f7a75b50000)
  eden space 1553920K,   0% used [0x00007f7520600000, 0x00007f7520600000, 0x00007f757f380000)
  from space 194176K,   2% used [0x00007f757f380000, 0x00007f757f8e4c10, 0x00007f758b120000)
  to   space 194176K,   0% used [0x00007f758b120000, 0x00007f758b120000, 0x00007f7596ec0000)
 tenured generation   total 3884520K, used 3881907K [0x00007f7a75b50000, 0x00007f7b62cca000, 0x00007f8520600000)
   the space 3884520K,  99% used [0x00007f7a75b50000, 0x00007f7b62a3cd90, 0x00007f7b62a3ce00, 0x00007f7b62cca000)
 Metaspace       used 24894K, capacity 25323K, committed 25344K, reserved 26624K
}
Event: 14303.378 GC heap before
{Heap before GC invocations=20367 (full 3):
 def new generation   total 1748096K, used 1559443K [0x00007f7520600000, 0x00007f7596ec0000, 0x00007f7a75b50000)
  eden space 1553920K, 100% used [0x00007f7520600000, 0x00007f757f380000, 0x00007f757f380000)
  from space 194176K,   2% used [0x00007f757f380000, 0x00007f757f8e4c10, 0x00007f758b120000)
  to   space 194176K,   0% used [0x00007f758b120000, 0x00007f758b120000, 0x00007f7596ec0000)
 tenured generation   total 3884520K, used 3881907K [0x00007f7a75b50000, 0x00007f7b62cca000, 0x00007f8520600000)
   the space 3884520K,  99% used [0x00007f7a75b50000, 0x00007f7b62a3cd90, 0x00007f7b62a3ce00, 0x00007f7b62cca000)
 Metaspace       used 24894K, capacity 25323K, committed 25344K, reserved 26624K
}
Event: 14303.392 GC heap after
{Heap after GC invocations=20368 (full 3):
 def new generation   total 1748096K, used 5316K [0x00007f7520600000, 0x00007f7596ec0000, 0x00007f7a75b50000)
  eden space 1553920K,   0% used [0x00007f7520600000, 0x00007f7520600000, 0x00007f757f380000)
  from space 194176K,   2% used [0x00007f758b120000, 0x00007f758b6510d8, 0x00007f7596ec0000)
  to   space 194176K,   0% used [0x00007f757f380000, 0x00007f757f380000, 0x00007f758b120000)
 tenured generation   total 3884520K, used 3882294K [0x00007f7a75b50000, 0x00007f7b62cca000, 0x00007f8520600000)
   the space 3884520K,  99% used [0x00007f7a75b50000, 0x00007f7b62a9da08, 0x00007f7b62a9dc00, 0x00007f7b62cca000)
 Metaspace       used 24894K, capacity 25323K, committed 25344K, reserved 26624K
}
Event: 14304.650 GC heap before
{Heap before GC invocations=20368 (full 3):
 def new generation   total 1748096K, used 1559236K [0x00007f7520600000, 0x00007f7596ec0000, 0x00007f7a75b50000)
  eden space 1553920K, 100% used [0x00007f7520600000, 0x00007f757f380000, 0x00007f757f380000)
  from space 194176K,   2% used [0x00007f758b120000, 0x00007f758b6510d8, 0x00007f7596ec0000)
  to   space 194176K,   0% used [0x00007f757f380000, 0x00007f757f380000, 0x00007f758b120000)
 tenured generation   total 3884520K, used 3882294K [0x00007f7a75b50000, 0x00007f7b62cca000, 0x00007f8520600000)
   the space 3884520K,  99% used [0x00007f7a75b50000, 0x00007f7b62a9da08, 0x00007f7b62a9dc00, 0x00007f7b62cca000)
 Metaspace       used 24894K, capacity 25323K, committed 25344K, reserved 26624K
}
Event: 14304.659 GC heap after
{Heap after GC invocations=20369 (full 3):
 def new generation   total 1748096K, used 5305K [0x00007f7520600000, 0x00007f7596ec0000, 0x00007f7a75b50000)
  eden space 1553920K,   0% used [0x00007f7520600000, 0x00007f7520600000, 0x00007f757f380000)
  from space 194176K,   2% used [0x00007f757f380000, 0x00007f757f8ae518, 0x00007f758b120000)
  to   space 194176K,   0% used [0x00007f758b120000, 0x00007f758b120000, 0x00007f7596ec0000)
 tenured generation   total 3884520K, used 3882681K [0x00007f7a75b50000, 0x00007f7b62cca000, 0x00007f8520600000)
   the space 3884520K,  99% used [0x00007f7a75b50000, 0x00007f7b62afe680, 0x00007f7b62afe800, 0x00007f7b62cca000)
 Metaspace       used 24894K, capacity 25323K, committed 25344K, reserved 26624K
}
Event: 14305.901 GC heap before
{Heap before GC invocations=20369 (full 3):
 def new generation   total 1748096K, used 1559225K [0x00007f7520600000, 0x00007f7596ec0000, 0x00007f7a75b50000)
  eden space 1553920K, 100% used [0x00007f7520600000, 0x00007f757f380000, 0x00007f757f380000)
  from space 194176K,   2% used [0x00007f757f380000, 0x00007f757f8ae518, 0x00007f758b120000)
  to   space 194176K,   0% used [0x00007f758b120000, 0x00007f758b120000, 0x00007f7596ec0000)
 tenured generation   total 3884520K, used 3882681K [0x00007f7a75b50000, 0x00007f7b62cca000, 0x00007f8520600000)
   the space 3884520K,  99% used [0x00007f7a75b50000, 0x00007f7b62afe680, 0x00007f7b62afe800, 0x00007f7b62cca000)
 Metaspace       used 24894K, capacity 25323K, committed 25344K, reserved 26624K
}
Event: 14305.907 GC heap after
{Heap after GC invocations=20370 (full 3):
 def new generation   total 1748096K, used 5404K [0x00007f7520600000, 0x00007f7596ec0000, 0x00007f7a75b50000)
  eden space 1553920K,   0% used [0x00007f7520600000, 0x00007f7520600000, 0x00007f757f380000)
  from space 194176K,   2% used [0x00007f758b120000, 0x00007f758b6670b8, 0x00007f7596ec0000)
  to   space 194176K,   0% used [0x00007f757f380000, 0x00007f757f380000, 0x00007f758b120000)
 tenured generation   total 3884520K, used 3882939K [0x00007f7a75b50000, 0x00007f7b62cca000, 0x00007f8520600000)
   the space 3884520K,  99% used [0x00007f7a75b50000, 0x00007f7b62b3eed0, 0x00007f7b62b3f000, 0x00007f7b62cca000)
 Metaspace       used 24894K, capacity 25323K, committed 25344K, reserved 26624K
}
Event: 14307.084 GC heap before
{Heap before GC invocations=20370 (full 3):
 def new generation   total 1748096K, used 1559324K [0x00007f7520600000, 0x00007f7596ec0000, 0x00007f7a75b50000)
  eden space 1553920K, 100% used [0x00007f7520600000, 0x00007f757f380000, 0x00007f757f380000)
  from space 194176K,   2% used [0x00007f758b120000, 0x00007f758b6670b8, 0x00007f7596ec0000)
  to   space 194176K,   0% used [0x00007f757f380000, 0x00007f757f380000, 0x00007f758b120000)
 tenured generation   total 3884520K, used 3882939K [0x00007f7a75b50000, 0x00007f7b62cca000, 0x00007f8520600000)
   the space 3884520K,  99% used [0x00007f7a75b50000, 0x00007f7b62b3eed0, 0x00007f7b62b3f000, 0x00007f7b62cca000)
 Metaspace       used 24894K, capacity 25323K, committed 25344K, reserved 26624K
}
Event: 14307.093 GC heap after
{Heap after GC invocations=20371 (full 3):
 def new generation   total 1748096K, used 5322K [0x00007f7520600000, 0x00007f7596ec0000, 0x00007f7a75b50000)
  eden space 1553920K,   0% used [0x00007f7520600000, 0x00007f7520600000, 0x00007f757f380000)
  from space 194176K,   2% used [0x00007f757f380000, 0x00007f757f8b2988, 0x00007f758b120000)
  to   space 194176K,   0% used [0x00007f758b120000, 0x00007f758b120000, 0x00007f7596ec0000)
 tenured generation   total 3884520K, used 3883326K [0x00007f7a75b50000, 0x00007f7b62cca000, 0x00007f8520600000)
   the space 3884520K,  99% used [0x00007f7a75b50000, 0x00007f7b62b9fb48, 0x00007f7b62b9fc00, 0x00007f7b62cca000)
 Metaspace       used 24894K, capacity 25323K, committed 25344K, reserved 26624K
}
Event: 14308.274 GC heap before
{Heap before GC invocations=20371 (full 3):
 def new generation   total 1748096K, used 1559242K [0x00007f7520600000, 0x00007f7596ec0000, 0x00007f7a75b50000)
  eden space 1553920K, 100% used [0x00007f7520600000, 0x00007f757f380000, 0x00007f757f380000)
  from space 194176K,   2% used [0x00007f757f380000, 0x00007f757f8b2988, 0x00007f758b120000)
  to   space 194176K,   0% used [0x00007f758b120000, 0x00007f758b120000, 0x00007f7596ec0000)
 tenured generation   total 3884520K, used 3883326K [0x00007f7a75b50000, 0x00007f7b62cca000, 0x00007f8520600000)
   the space 3884520K,  99% used [0x00007f7a75b50000, 0x00007f7b62b9fb48, 0x00007f7b62b9fc00, 0x00007f7b62cca000)
 Metaspace       used 24894K, capacity 25323K, committed 25344K, reserved 26624K
}
Event: 14308.284 GC heap after
{Heap after GC invocations=20372 (full 3):
 def new generation   total 1748096K, used 5443K [0x00007f7520600000, 0x00007f7596ec0000, 0x00007f7a75b50000)
  eden space 1553920K,   0% used [0x00007f7520600000, 0x00007f7520600000, 0x00007f757f380000)
  from space 194176K,   2% used [0x00007f758b120000, 0x00007f758b670e48, 0x00007f7596ec0000)
  to   space 194176K,   0% used [0x00007f757f380000, 0x00007f757f380000, 0x00007f758b120000)
 tenured generation   total 3884520K, used 3883585K [0x00007f7a75b50000, 0x00007f7b62cca000, 0x00007f8520600000)
   the space 3884520K,  99% used [0x00007f7a75b50000, 0x00007f7b62be05d8, 0x00007f7b62be0600, 0x00007f7b62cca000)
 Metaspace       used 24894K, capacity 25323K, committed 25344K, reserved 26624K
}
Event: 14309.496 GC heap before
{Heap before GC invocations=20372 (full 3):
 def new generation   total 1748096K, used 1559363K [0x00007f7520600000, 0x00007f7596ec0000, 0x00007f7a75b50000)
  eden space 1553920K, 100% used [0x00007f7520600000, 0x00007f757f380000, 0x00007f757f380000)
  from space 194176K,   2% used [0x00007f758b120000, 0x00007f758b670e48, 0x00007f7596ec0000)
  to   space 194176K,   0% used [0x00007f757f380000, 0x00007f757f380000, 0x00007f758b120000)
 tenured generation   total 3884520K, used 3883585K [0x00007f7a75b50000, 0x00007f7b62cca000, 0x00007f8520600000)
   the space 3884520K,  99% used [0x00007f7a75b50000, 0x00007f7b62be05d8, 0x00007f7b62be0600, 0x00007f7b62cca000)
 Metaspace       used 24894K, capacity 25323K, committed 25344K, reserved 26624K
}
Event: 14309.507 GC heap after
{Heap after GC invocations=20373 (full 3):
 def new generation   total 1748096K, used 5388K [0x00007f7520600000, 0x00007f7596ec0000, 0x00007f7a75b50000)
  eden space 1553920K,   0% used [0x00007f7520600000, 0x00007f7520600000, 0x00007f757f380000)
  from space 194176K,   2% used [0x00007f757f380000, 0x00007f757f8c3060, 0x00007f758b120000)
  to   space 194176K,   0% used [0x00007f758b120000, 0x00007f758b120000, 0x00007f7596ec0000)
 tenured generation   total 3884520K, used 3883972K [0x00007f7a75b50000, 0x00007f7b62cca000, 0x00007f8520600000)
   the space 3884520K,  99% used [0x00007f7a75b50000, 0x00007f7b62c41010, 0x00007f7b62c41200, 0x00007f7b62cca000)
 Metaspace       used 24894K, capacity 25323K, committed 25344K, reserved 26624K
}
Event: 14310.679 GC heap before
{Heap before GC invocations=20373 (full 3):
 def new generation   total 1748096K, used 1559308K [0x00007f7520600000, 0x00007f7596ec0000, 0x00007f7a75b50000)
  eden space 1553920K, 100% used [0x00007f7520600000, 0x00007f757f380000, 0x00007f757f380000)
  from space 194176K,   2% used [0x00007f757f380000, 0x00007f757f8c3060, 0x00007f758b120000)
  to   space 194176K,   0% used [0x00007f758b120000, 0x00007f758b120000, 0x00007f7596ec0000)
 tenured generation   total 3884520K, used 3883972K [0x00007f7a75b50000, 0x00007f7b62cca000, 0x00007f8520600000)
   the space 3884520K,  99% used [0x00007f7a75b50000, 0x00007f7b62c41010, 0x00007f7b62c41200, 0x00007f7b62cca000)
 Metaspace       used 24894K, capacity 25323K, committed 25344K, reserved 26624K
}
Event: 14310.689 GC heap after
{Heap after GC invocations=20374 (full 3):
 def new generation   total 1748096K, used 5320K [0x00007f7520600000, 0x00007f7596ec0000, 0x00007f7a75b50000)
  eden space 1553920K,   0% used [0x00007f7520600000, 0x00007f7520600000, 0x00007f757f380000)
  from space 194176K,   2% used [0x00007f758b120000, 0x00007f758b6523d0, 0x00007f7596ec0000)
  to   space 194176K,   0% used [0x00007f757f380000, 0x00007f757f380000, 0x00007f758b120000)
 tenured generation   total 3884520K, used 3884359K [0x00007f7a75b50000, 0x00007f7b62cca000, 0x00007f8520600000)
   the space 3884520K,  99% used [0x00007f7a75b50000, 0x00007f7b62ca1c88, 0x00007f7b62ca1e00, 0x00007f7b62cca000)
 Metaspace       used 24894K, capacity 25323K, committed 25344K, reserved 26624K
}
Event: 14311.857 GC heap before
{Heap before GC invocations=20374 (full 3):
 def new generation   total 1748096K, used 1559240K [0x00007f7520600000, 0x00007f7596ec0000, 0x00007f7a75b50000)
  eden space 1553920K, 100% used [0x00007f7520600000, 0x00007f757f380000, 0x00007f757f380000)
  from space 194176K,   2% used [0x00007f758b120000, 0x00007f758b6523d0, 0x00007f7596ec0000)
  to   space 194176K,   0% used [0x00007f757f380000, 0x00007f757f380000, 0x00007f758b120000)
 tenured generation   total 3884520K, used 3884359K [0x00007f7a75b50000, 0x00007f7b62cca000, 0x00007f8520600000)
   the space 3884520K,  99% used [0x00007f7a75b50000, 0x00007f7b62ca1c88, 0x00007f7b62ca1e00, 0x00007f7b62cca000)
 Metaspace       used 24894K, capacity 25323K, committed 25344K, reserved 26624K
}
Event: 14311.869 GC heap after
{Heap after GC invocations=20375 (full 3):
 def new generation   total 1748096K, used 5429K [0x00007f7520600000, 0x00007f7596ec0000, 0x00007f7a75b50000)
  eden space 1553920K,   0% used [0x00007f7520600000, 0x00007f7520600000, 0x00007f757f380000)
  from space 194176K,   2% used [0x00007f757f380000, 0x00007f757f8cd5b8, 0x00007f758b120000)
  to   space 194176K,   0% used [0x00007f758b120000, 0x00007f758b120000, 0x00007f7596ec0000)
 tenured generation   total 3884712K, used 3884617K [0x00007f7a75b50000, 0x00007f7b62cfa000, 0x00007f8520600000)
   the space 3884712K,  99% used [0x00007f7a75b50000, 0x00007f7b62ce24d8, 0x00007f7b62ce2600, 0x00007f7b62cfa000)
 Metaspace       used 24894K, capacity 25323K, committed 25344K, reserved 26624K
}
Event: 14311.869 GC heap before
{Heap before GC invocations=20375 (full 3):
 def new generation   total 1748096K, used 5429K [0x00007f7520600000, 0x00007f7596ec0000, 0x00007f7a75b50000)
  eden space 1553920K,   0% used [0x00007f7520600000, 0x00007f7520600000, 0x00007f757f380000)
  from space 194176K,   2% used [0x00007f757f380000, 0x00007f757f8cd5b8, 0x00007f758b120000)
  to   space 194176K,   0% used [0x00007f758b120000, 0x00007f758b120000, 0x00007f7596ec0000)
 tenured generation   total 3884712K, used 3884617K [0x00007f7a75b50000, 0x00007f7b62cfa000, 0x00007f8520600000)
   the space 3884712K,  99% used [0x00007f7a75b50000, 0x00007f7b62ce24d8, 0x00007f7b62ce2600, 0x00007f7b62cfa000)
 Metaspace       used 24894K, capacity 25323K, committed 25344K, reserved 26624K
}

