# JRE version: OpenJDK Runtime Environment (13.0.7+5) (build 13.0.7+5-Ubuntu-0ubuntu120.04)
# Java VM: OpenJDK 64-Bit Server VM (13.0.7+5-Ubuntu-0ubuntu120.04, mixed mode, tiered, serial gc, linux-amd64)
Heap:
 def new generation   total 1048832K, used 2421K [0x00007f0208600000, 0x00007f024f800000, 0x00007f075db50000)
  eden space 932352K,   0% used [0x00007f0208600000, 0x00007f020885d778, 0x00007f0241480000)
  from space 116480K,   0% used [0x00007f0241480000, 0x00007f0241480000, 0x00007f0248640000)
  to   space 116480K,   0% used [0x00007f0248640000, 0x00007f0248640000, 0x00007f024f800000)
 tenured generation   total 2330752K, used 2330751K [0x00007f075db50000, 0x00007f07ebf70000, 0x00007f1208600000)
   the space 2330752K,  99% used [0x00007f075db50000, 0x00007f07ebf6fce0, 0x00007f07ebf6fe00, 0x00007f07ebf70000)
 Metaspace       used 24827K, capacity 25295K, committed 25344K, reserved 26624K
GC Heap History (20 events):
Event: 7854.395 GC heap after
{Heap after GC invocations=19022 (full 2):
 def new generation   total 1048832K, used 2658K [0x00007f0208600000, 0x00007f024f800000, 0x00007f075db50000)
  eden space 932352K,   0% used [0x00007f0208600000, 0x00007f0208600000, 0x00007f0241480000)
  from space 116480K,   2% used [0x00007f0248640000, 0x00007f02488d89f0, 0x00007f024f800000)
  to   space 116480K,   0% used [0x00007f0241480000, 0x00007f0241480000, 0x00007f0248640000)
 tenured generation   total 2330560K, used 2329070K [0x00007f075db50000, 0x00007f07ebf40000, 0x00007f1208600000)
   the space 2330560K,  99% used [0x00007f075db50000, 0x00007f07ebdcb800, 0x00007f07ebdcb800, 0x00007f07ebf40000)
 Metaspace       used 24827K, capacity 25295K, committed 25344K, reserved 26624K
}
Event: 7854.981 GC heap before
{Heap before GC invocations=19022 (full 2):
 def new generation   total 1048832K, used 935010K [0x00007f0208600000, 0x00007f024f800000, 0x00007f075db50000)
  eden space 932352K, 100% used [0x00007f0208600000, 0x00007f0241480000, 0x00007f0241480000)
  from space 116480K,   2% used [0x00007f0248640000, 0x00007f02488d89f0, 0x00007f024f800000)
  to   space 116480K,   0% used [0x00007f0241480000, 0x00007f0241480000, 0x00007f0248640000)
 tenured generation   total 2330560K, used 2329070K [0x00007f075db50000, 0x00007f07ebf40000, 0x00007f1208600000)
   the space 2330560K,  99% used [0x00007f075db50000, 0x00007f07ebdcb800, 0x00007f07ebdcb800, 0x00007f07ebf40000)
 Metaspace       used 24827K, capacity 25295K, committed 25344K, reserved 26624K
}
Event: 7854.986 GC heap after
{Heap after GC invocations=19023 (full 2):
 def new generation   total 1048832K, used 2660K [0x00007f0208600000, 0x00007f024f800000, 0x00007f075db50000)
  eden space 932352K,   0% used [0x00007f0208600000, 0x00007f0208600000, 0x00007f0241480000)
  from space 116480K,   2% used [0x00007f0241480000, 0x00007f02417190d0, 0x00007f0248640000)
  to   space 116480K,   0% used [0x00007f0248640000, 0x00007f0248640000, 0x00007f024f800000)
 tenured generation   total 2330560K, used 2329237K [0x00007f075db50000, 0x00007f07ebf40000, 0x00007f1208600000)
   the space 2330560K,  99% used [0x00007f075db50000, 0x00007f07ebdf5628, 0x00007f07ebdf5800, 0x00007f07ebf40000)
 Metaspace       used 24827K, capacity 25295K, committed 25344K, reserved 26624K
}
Event: 7855.562 GC heap before
{Heap before GC invocations=19023 (full 2):
 def new generation   total 1048832K, used 935012K [0x00007f0208600000, 0x00007f024f800000, 0x00007f075db50000)
  eden space 932352K, 100% used [0x00007f0208600000, 0x00007f0241480000, 0x00007f0241480000)
  from space 116480K,   2% used [0x00007f0241480000, 0x00007f02417190d0, 0x00007f0248640000)
  to   space 116480K,   0% used [0x00007f0248640000, 0x00007f0248640000, 0x00007f024f800000)
 tenured generation   total 2330560K, used 2329237K [0x00007f075db50000, 0x00007f07ebf40000, 0x00007f1208600000)
   the space 2330560K,  99% used [0x00007f075db50000, 0x00007f07ebdf5628, 0x00007f07ebdf5800, 0x00007f07ebf40000)
 Metaspace       used 24827K, capacity 25295K, committed 25344K, reserved 26624K
}
Event: 7855.568 GC heap after
{Heap after GC invocations=19024 (full 2):
 def new generation   total 1048832K, used 2661K [0x00007f0208600000, 0x00007f024f800000, 0x00007f075db50000)
  eden space 932352K,   0% used [0x00007f0208600000, 0x00007f0208600000, 0x00007f0241480000)
  from space 116480K,   2% used [0x00007f0248640000, 0x00007f02488d9700, 0x00007f024f800000)
  to   space 116480K,   0% used [0x00007f0241480000, 0x00007f0241480000, 0x00007f0248640000)
 tenured generation   total 2330560K, used 2329405K [0x00007f075db50000, 0x00007f07ebf40000, 0x00007f1208600000)
   the space 2330560K,  99% used [0x00007f075db50000, 0x00007f07ebe1f450, 0x00007f07ebe1f600, 0x00007f07ebf40000)
 Metaspace       used 24827K, capacity 25295K, committed 25344K, reserved 26624K
}
Event: 7856.144 GC heap before
{Heap before GC invocations=19024 (full 2):
 def new generation   total 1048832K, used 935013K [0x00007f0208600000, 0x00007f024f800000, 0x00007f075db50000)
  eden space 932352K, 100% used [0x00007f0208600000, 0x00007f0241480000, 0x00007f0241480000)
  from space 116480K,   2% used [0x00007f0248640000, 0x00007f02488d9700, 0x00007f024f800000)
  to   space 116480K,   0% used [0x00007f0241480000, 0x00007f0241480000, 0x00007f0248640000)
 tenured generation   total 2330560K, used 2329405K [0x00007f075db50000, 0x00007f07ebf40000, 0x00007f1208600000)
   the space 2330560K,  99% used [0x00007f075db50000, 0x00007f07ebe1f450, 0x00007f07ebe1f600, 0x00007f07ebf40000)
 Metaspace       used 24827K, capacity 25295K, committed 25344K, reserved 26624K
}
Event: 7856.151 GC heap after
{Heap after GC invocations=19025 (full 2):
 def new generation   total 1048832K, used 2689K [0x00007f0208600000, 0x00007f024f800000, 0x00007f075db50000)
  eden space 932352K,   0% used [0x00007f0208600000, 0x00007f0208600000, 0x00007f0241480000)
  from space 116480K,   2% used [0x00007f0241480000, 0x00007f02417204e8, 0x00007f0248640000)
  to   space 116480K,   0% used [0x00007f0248640000, 0x00007f0248640000, 0x00007f024f800000)
 tenured generation   total 2330560K, used 2329572K [0x00007f075db50000, 0x00007f07ebf40000, 0x00007f1208600000)
   the space 2330560K,  99% used [0x00007f075db50000, 0x00007f07ebe49278, 0x00007f07ebe49400, 0x00007f07ebf40000)
 Metaspace       used 24827K, capacity 25295K, committed 25344K, reserved 26624K
}
Event: 7856.737 GC heap before
{Heap before GC invocations=19025 (full 2):
 def new generation   total 1048832K, used 935041K [0x00007f0208600000, 0x00007f024f800000, 0x00007f075db50000)
  eden space 932352K, 100% used [0x00007f0208600000, 0x00007f0241480000, 0x00007f0241480000)
  from space 116480K,   2% used [0x00007f0241480000, 0x00007f02417204e8, 0x00007f0248640000)
  to   space 116480K,   0% used [0x00007f0248640000, 0x00007f0248640000, 0x00007f024f800000)
 tenured generation   total 2330560K, used 2329572K [0x00007f075db50000, 0x00007f07ebf40000, 0x00007f1208600000)
   the space 2330560K,  99% used [0x00007f075db50000, 0x00007f07ebe49278, 0x00007f07ebe49400, 0x00007f07ebf40000)
 Metaspace       used 24827K, capacity 25295K, committed 25344K, reserved 26624K
}
Event: 7856.743 GC heap after
{Heap after GC invocations=19026 (full 2):
 def new generation   total 1048832K, used 2672K [0x00007f0208600000, 0x00007f024f800000, 0x00007f075db50000)
  eden space 932352K,   0% used [0x00007f0208600000, 0x00007f0208600000, 0x00007f0241480000)
  from space 116480K,   2% used [0x00007f0248640000, 0x00007f02488dc2b0, 0x00007f024f800000)
  to   space 116480K,   0% used [0x00007f0241480000, 0x00007f0241480000, 0x00007f0248640000)
 tenured generation   total 2330560K, used 2329740K [0x00007f075db50000, 0x00007f07ebf40000, 0x00007f1208600000)
   the space 2330560K,  99% used [0x00007f075db50000, 0x00007f07ebe730a0, 0x00007f07ebe73200, 0x00007f07ebf40000)
 Metaspace       used 24827K, capacity 25295K, committed 25344K, reserved 26624K
}
Event: 7857.339 GC heap before
{Heap before GC invocations=19026 (full 2):
 def new generation   total 1048832K, used 935024K [0x00007f0208600000, 0x00007f024f800000, 0x00007f075db50000)
  eden space 932352K, 100% used [0x00007f0208600000, 0x00007f0241480000, 0x00007f0241480000)
  from space 116480K,   2% used [0x00007f0248640000, 0x00007f02488dc2b0, 0x00007f024f800000)
  to   space 116480K,   0% used [0x00007f0241480000, 0x00007f0241480000, 0x00007f0248640000)
 tenured generation   total 2330560K, used 2329740K [0x00007f075db50000, 0x00007f07ebf40000, 0x00007f1208600000)
   the space 2330560K,  99% used [0x00007f075db50000, 0x00007f07ebe730a0, 0x00007f07ebe73200, 0x00007f07ebf40000)
 Metaspace       used 24827K, capacity 25295K, committed 25344K, reserved 26624K
}
Event: 7857.345 GC heap after
{Heap after GC invocations=19027 (full 2):
 def new generation   total 1048832K, used 2706K [0x00007f0208600000, 0x00007f024f800000, 0x00007f075db50000)
  eden space 932352K,   0% used [0x00007f0208600000, 0x00007f0208600000, 0x00007f0241480000)
  from space 116480K,   2% used [0x00007f0241480000, 0x00007f0241724950, 0x00007f0248640000)
  to   space 116480K,   0% used [0x00007f0248640000, 0x00007f0248640000, 0x00007f024f800000)
 tenured generation   total 2330560K, used 2329907K [0x00007f075db50000, 0x00007f07ebf40000, 0x00007f1208600000)
   the space 2330560K,  99% used [0x00007f075db50000, 0x00007f07ebe9cec8, 0x00007f07ebe9d000, 0x00007f07ebf40000)
 Metaspace       used 24827K, capacity 25295K, committed 25344K, reserved 26624K
}
Event: 7857.931 GC heap before
{Heap before GC invocations=19027 (full 2):
 def new generation   total 1048832K, used 935058K [0x00007f0208600000, 0x00007f024f800000, 0x00007f075db50000)
  eden space 932352K, 100% used [0x00007f0208600000, 0x00007f0241480000, 0x00007f0241480000)
  from space 116480K,   2% used [0x00007f0241480000, 0x00007f0241724950, 0x00007f0248640000)
  to   space 116480K,   0% used [0x00007f0248640000, 0x00007f0248640000, 0x00007f024f800000)
 tenured generation   total 2330560K, used 2329907K [0x00007f075db50000, 0x00007f07ebf40000, 0x00007f1208600000)
   the space 2330560K,  99% used [0x00007f075db50000, 0x00007f07ebe9cec8, 0x00007f07ebe9d000, 0x00007f07ebf40000)
 Metaspace       used 24827K, capacity 25295K, committed 25344K, reserved 26624K
}
Event: 7857.936 GC heap after
{Heap after GC invocations=19028 (full 2):
 def new generation   total 1048832K, used 2678K [0x00007f0208600000, 0x00007f024f800000, 0x00007f075db50000)
  eden space 932352K,   0% used [0x00007f0208600000, 0x00007f0208600000, 0x00007f0241480000)
  from space 116480K,   2% used [0x00007f0248640000, 0x00007f02488dda38, 0x00007f024f800000)
  to   space 116480K,   0% used [0x00007f0241480000, 0x00007f0241480000, 0x00007f0248640000)
 tenured generation   total 2330560K, used 2330075K [0x00007f075db50000, 0x00007f07ebf40000, 0x00007f1208600000)
   the space 2330560K,  99% used [0x00007f075db50000, 0x00007f07ebec6cf0, 0x00007f07ebec6e00, 0x00007f07ebf40000)
 Metaspace       used 24827K, capacity 25295K, committed 25344K, reserved 26624K
}
Event: 7858.506 GC heap before
{Heap before GC invocations=19028 (full 2):
 def new generation   total 1048832K, used 935030K [0x00007f0208600000, 0x00007f024f800000, 0x00007f075db50000)
  eden space 932352K, 100% used [0x00007f0208600000, 0x00007f0241480000, 0x00007f0241480000)
  from space 116480K,   2% used [0x00007f0248640000, 0x00007f02488dda38, 0x00007f024f800000)
  to   space 116480K,   0% used [0x00007f0241480000, 0x00007f0241480000, 0x00007f0248640000)
 tenured generation   total 2330560K, used 2330075K [0x00007f075db50000, 0x00007f07ebf40000, 0x00007f1208600000)
   the space 2330560K,  99% used [0x00007f075db50000, 0x00007f07ebec6cf0, 0x00007f07ebec6e00, 0x00007f07ebf40000)
 Metaspace       used 24827K, capacity 25295K, committed 25344K, reserved 26624K
}
Event: 7858.511 GC heap after
{Heap after GC invocations=19029 (full 2):
 def new generation   total 1048832K, used 2720K [0x00007f0208600000, 0x00007f024f800000, 0x00007f075db50000)
  eden space 932352K,   0% used [0x00007f0208600000, 0x00007f0208600000, 0x00007f0241480000)
  from space 116480K,   2% used [0x00007f0241480000, 0x00007f02417281b8, 0x00007f0248640000)
  to   space 116480K,   0% used [0x00007f0248640000, 0x00007f0248640000, 0x00007f024f800000)
 tenured generation   total 2330560K, used 2330242K [0x00007f075db50000, 0x00007f07ebf40000, 0x00007f1208600000)
   the space 2330560K,  99% used [0x00007f075db50000, 0x00007f07ebef0b18, 0x00007f07ebef0c00, 0x00007f07ebf40000)
 Metaspace       used 24827K, capacity 25295K, committed 25344K, reserved 26624K
}
Event: 7859.093 GC heap before
{Heap before GC invocations=19029 (full 2):
 def new generation   total 1048832K, used 935072K [0x00007f0208600000, 0x00007f024f800000, 0x00007f075db50000)
  eden space 932352K, 100% used [0x00007f0208600000, 0x00007f0241480000, 0x00007f0241480000)
  from space 116480K,   2% used [0x00007f0241480000, 0x00007f02417281b8, 0x00007f0248640000)
  to   space 116480K,   0% used [0x00007f0248640000, 0x00007f0248640000, 0x00007f024f800000)
 tenured generation   total 2330560K, used 2330242K [0x00007f075db50000, 0x00007f07ebf40000, 0x00007f1208600000)
   the space 2330560K,  99% used [0x00007f075db50000, 0x00007f07ebef0b18, 0x00007f07ebef0c00, 0x00007f07ebf40000)
 Metaspace       used 24827K, capacity 25295K, committed 25344K, reserved 26624K
}
Event: 7859.099 GC heap after
{Heap after GC invocations=19030 (full 2):
 def new generation   total 1048832K, used 2694K [0x00007f0208600000, 0x00007f024f800000, 0x00007f075db50000)
  eden space 932352K,   0% used [0x00007f0208600000, 0x00007f0208600000, 0x00007f0241480000)
  from space 116480K,   2% used [0x00007f0248640000, 0x00007f02488e1ac8, 0x00007f024f800000)
  to   space 116480K,   0% used [0x00007f0241480000, 0x00007f0241480000, 0x00007f0248640000)
 tenured generation   total 2330560K, used 2330410K [0x00007f075db50000, 0x00007f07ebf40000, 0x00007f1208600000)
   the space 2330560K,  99% used [0x00007f075db50000, 0x00007f07ebf1a940, 0x00007f07ebf1aa00, 0x00007f07ebf40000)
 Metaspace       used 24827K, capacity 25295K, committed 25344K, reserved 26624K
}
Event: 7859.683 GC heap before
{Heap before GC invocations=19030 (full 2):
 def new generation   total 1048832K, used 935046K [0x00007f0208600000, 0x00007f024f800000, 0x00007f075db50000)
  eden space 932352K, 100% used [0x00007f0208600000, 0x00007f0241480000, 0x00007f0241480000)
  from space 116480K,   2% used [0x00007f0248640000, 0x00007f02488e1ac8, 0x00007f024f800000)
  to   space 116480K,   0% used [0x00007f0241480000, 0x00007f0241480000, 0x00007f0248640000)
 tenured generation   total 2330560K, used 2330410K [0x00007f075db50000, 0x00007f07ebf40000, 0x00007f1208600000)
   the space 2330560K,  99% used [0x00007f075db50000, 0x00007f07ebf1a940, 0x00007f07ebf1aa00, 0x00007f07ebf40000)
 Metaspace       used 24827K, capacity 25295K, committed 25344K, reserved 26624K
}
Event: 7859.692 GC heap after
{Heap after GC invocations=19031 (full 2):
 def new generation   total 1048832K, used 2684K [0x00007f0208600000, 0x00007f024f800000, 0x00007f075db50000)
  eden space 932352K,   0% used [0x00007f0208600000, 0x00007f0208600000, 0x00007f0241480000)
  from space 116480K,   2% used [0x00007f0241480000, 0x00007f024171f2c8, 0x00007f0248640000)
  to   space 116480K,   0% used [0x00007f0248640000, 0x00007f0248640000, 0x00007f024f800000)
 tenured generation   total 2330752K, used 2330577K [0x00007f075db50000, 0x00007f07ebf70000, 0x00007f1208600000)
   the space 2330752K,  99% used [0x00007f075db50000, 0x00007f07ebf44768, 0x00007f07ebf44800, 0x00007f07ebf70000)
 Metaspace       used 24827K, capacity 25295K, committed 25344K, reserved 26624K
}
Event: 7859.692 GC heap before
{Heap before GC invocations=19031 (full 2):
 def new generation   total 1048832K, used 2684K [0x00007f0208600000, 0x00007f024f800000, 0x00007f075db50000)
  eden space 932352K,   0% used [0x00007f0208600000, 0x00007f0208600000, 0x00007f0241480000)
  from space 116480K,   2% used [0x00007f0241480000, 0x00007f024171f2c8, 0x00007f0248640000)
  to   space 116480K,   0% used [0x00007f0248640000, 0x00007f0248640000, 0x00007f024f800000)
 tenured generation   total 2330752K, used 2330577K [0x00007f075db50000, 0x00007f07ebf70000, 0x00007f1208600000)
   the space 2330752K,  99% used [0x00007f075db50000, 0x00007f07ebf44768, 0x00007f07ebf44800, 0x00007f07ebf70000)
 Metaspace       used 24827K, capacity 25295K, committed 25344K, reserved 26624K
}

