# JRE version: OpenJDK Runtime Environment (13.0.7+5) (build 13.0.7+5-Ubuntu-0ubuntu120.04)
# Java VM: OpenJDK 64-Bit Server VM (13.0.7+5-Ubuntu-0ubuntu120.04, mixed mode, tiered, serial gc, linux-amd64)
Heap:
 def new generation   total 2892160K, used 29197K [0x00007f9664600000, 0x00007f9728830000, 0x00007f9bb9b50000)
  eden space 2570816K,   1% used [0x00007f9664600000, 0x00007f9666283748, 0x00007f9701490000)
  from space 321344K,   0% used [0x00007f9701490000, 0x00007f9701490000, 0x00007f9714e60000)
  to   space 321344K,   0% used [0x00007f9714e60000, 0x00007f9714e60000, 0x00007f9728830000)
 tenured generation   total 6428252K, used 6428251K [0x00007f9bb9b50000, 0x00007f9d420e7000, 0x00007fa664600000)
   the space 6428252K,  99% used [0x00007f9bb9b50000, 0x00007f9d420e6ff8, 0x00007f9d420e7000, 0x00007f9d420e7000)
 Metaspace       used 25081K, capacity 25566K, committed 25856K, reserved 26624K
GC Heap History (20 events):
Event: 12537.171 GC heap after
{Heap after GC invocations=12920 (full 4):
 def new generation   total 2892160K, used 29279K [0x00007f9664600000, 0x00007f9728830000, 0x00007f9bb9b50000)
  eden space 2570816K,   0% used [0x00007f9664600000, 0x00007f9664600000, 0x00007f9701490000)
  from space 321344K,   9% used [0x00007f9714e60000, 0x00007f9716af7c48, 0x00007f9728830000)
  to   space 321344K,   0% used [0x00007f9701490000, 0x00007f9701490000, 0x00007f9714e60000)
 tenured generation   total 6426908K, used 6410690K [0x00007f9bb9b50000, 0x00007f9d41f97000, 0x00007fa664600000)
   the space 6426908K,  99% used [0x00007f9bb9b50000, 0x00007f9d40fc0b30, 0x00007f9d40fc0c00, 0x00007f9d41f97000)
 Metaspace       used 25081K, capacity 25566K, committed 25856K, reserved 26624K
}
Event: 12539.476 GC heap before
{Heap before GC invocations=12920 (full 4):
 def new generation   total 2892160K, used 2600095K [0x00007f9664600000, 0x00007f9728830000, 0x00007f9bb9b50000)
  eden space 2570816K, 100% used [0x00007f9664600000, 0x00007f9701490000, 0x00007f9701490000)
  from space 321344K,   9% used [0x00007f9714e60000, 0x00007f9716af7c48, 0x00007f9728830000)
  to   space 321344K,   0% used [0x00007f9701490000, 0x00007f9701490000, 0x00007f9714e60000)
 tenured generation   total 6426908K, used 6410690K [0x00007f9bb9b50000, 0x00007f9d41f97000, 0x00007fa664600000)
   the space 6426908K,  99% used [0x00007f9bb9b50000, 0x00007f9d40fc0b30, 0x00007f9d40fc0c00, 0x00007f9d41f97000)
 Metaspace       used 25081K, capacity 25566K, committed 25856K, reserved 26624K
}
Event: 12539.547 GC heap after
{Heap after GC invocations=12921 (full 4):
 def new generation   total 2892160K, used 29267K [0x00007f9664600000, 0x00007f9728830000, 0x00007f9bb9b50000)
  eden space 2570816K,   0% used [0x00007f9664600000, 0x00007f9664600000, 0x00007f9701490000)
  from space 321344K,   9% used [0x00007f9701490000, 0x00007f9703124ed8, 0x00007f9714e60000)
  to   space 321344K,   0% used [0x00007f9714e60000, 0x00007f9714e60000, 0x00007f9728830000)
 tenured generation   total 6426908K, used 6412673K [0x00007f9bb9b50000, 0x00007f9d41f97000, 0x00007fa664600000)
   the space 6426908K,  99% used [0x00007f9bb9b50000, 0x00007f9d411b04f0, 0x00007f9d411b0600, 0x00007f9d41f97000)
 Metaspace       used 25081K, capacity 25566K, committed 25856K, reserved 26624K
}
Event: 12541.908 GC heap before
{Heap before GC invocations=12921 (full 4):
 def new generation   total 2892160K, used 2600083K [0x00007f9664600000, 0x00007f9728830000, 0x00007f9bb9b50000)
  eden space 2570816K, 100% used [0x00007f9664600000, 0x00007f9701490000, 0x00007f9701490000)
  from space 321344K,   9% used [0x00007f9701490000, 0x00007f9703124ed8, 0x00007f9714e60000)
  to   space 321344K,   0% used [0x00007f9714e60000, 0x00007f9714e60000, 0x00007f9728830000)
 tenured generation   total 6426908K, used 6412673K [0x00007f9bb9b50000, 0x00007f9d41f97000, 0x00007fa664600000)
   the space 6426908K,  99% used [0x00007f9bb9b50000, 0x00007f9d411b04f0, 0x00007f9d411b0600, 0x00007f9d41f97000)
 Metaspace       used 25081K, capacity 25566K, committed 25856K, reserved 26624K
}
Event: 12541.990 GC heap after
{Heap after GC invocations=12922 (full 4):
 def new generation   total 2892160K, used 29287K [0x00007f9664600000, 0x00007f9728830000, 0x00007f9bb9b50000)
  eden space 2570816K,   0% used [0x00007f9664600000, 0x00007f9664600000, 0x00007f9701490000)
  from space 321344K,   9% used [0x00007f9714e60000, 0x00007f9716af9dc0, 0x00007f9728830000)
  to   space 321344K,   0% used [0x00007f9701490000, 0x00007f9701490000, 0x00007f9714e60000)
 tenured generation   total 6426908K, used 6414637K [0x00007f9bb9b50000, 0x00007f9d41f97000, 0x00007fa664600000)
   the space 6426908K,  99% used [0x00007f9bb9b50000, 0x00007f9d4139b5f0, 0x00007f9d4139b600, 0x00007f9d41f97000)
 Metaspace       used 25081K, capacity 25566K, committed 25856K, reserved 26624K
}
Event: 12544.194 GC heap before
{Heap before GC invocations=12922 (full 4):
 def new generation   total 2892160K, used 2600103K [0x00007f9664600000, 0x00007f9728830000, 0x00007f9bb9b50000)
  eden space 2570816K, 100% used [0x00007f9664600000, 0x00007f9701490000, 0x00007f9701490000)
  from space 321344K,   9% used [0x00007f9714e60000, 0x00007f9716af9dc0, 0x00007f9728830000)
  to   space 321344K,   0% used [0x00007f9701490000, 0x00007f9701490000, 0x00007f9714e60000)
 tenured generation   total 6426908K, used 6414637K [0x00007f9bb9b50000, 0x00007f9d41f97000, 0x00007fa664600000)
   the space 6426908K,  99% used [0x00007f9bb9b50000, 0x00007f9d4139b5f0, 0x00007f9d4139b600, 0x00007f9d41f97000)
 Metaspace       used 25081K, capacity 25566K, committed 25856K, reserved 26624K
}
Event: 12544.273 GC heap after
{Heap after GC invocations=12923 (full 4):
 def new generation   total 2892160K, used 29129K [0x00007f9664600000, 0x00007f9728830000, 0x00007f9bb9b50000)
  eden space 2570816K,   0% used [0x00007f9664600000, 0x00007f9664600000, 0x00007f9701490000)
  from space 321344K,   9% used [0x00007f9701490000, 0x00007f9703102588, 0x00007f9714e60000)
  to   space 321344K,   0% used [0x00007f9714e60000, 0x00007f9714e60000, 0x00007f9728830000)
 tenured generation   total 6426908K, used 6416624K [0x00007f9bb9b50000, 0x00007f9d41f97000, 0x00007fa664600000)
   the space 6426908K,  99% used [0x00007f9bb9b50000, 0x00007f9d4158c0f0, 0x00007f9d4158c200, 0x00007f9d41f97000)
 Metaspace       used 25081K, capacity 25566K, committed 25856K, reserved 26624K
}
Event: 12546.563 GC heap before
{Heap before GC invocations=12923 (full 4):
 def new generation   total 2892160K, used 2599945K [0x00007f9664600000, 0x00007f9728830000, 0x00007f9bb9b50000)
  eden space 2570816K, 100% used [0x00007f9664600000, 0x00007f9701490000, 0x00007f9701490000)
  from space 321344K,   9% used [0x00007f9701490000, 0x00007f9703102588, 0x00007f9714e60000)
  to   space 321344K,   0% used [0x00007f9714e60000, 0x00007f9714e60000, 0x00007f9728830000)
 tenured generation   total 6426908K, used 6416624K [0x00007f9bb9b50000, 0x00007f9d41f97000, 0x00007fa664600000)
   the space 6426908K,  99% used [0x00007f9bb9b50000, 0x00007f9d4158c0f0, 0x00007f9d4158c200, 0x00007f9d41f97000)
 Metaspace       used 25081K, capacity 25566K, committed 25856K, reserved 26624K
}
Event: 12546.631 GC heap after
{Heap after GC invocations=12924 (full 4):
 def new generation   total 2892160K, used 29277K [0x00007f9664600000, 0x00007f9728830000, 0x00007f9bb9b50000)
  eden space 2570816K,   0% used [0x00007f9664600000, 0x00007f9664600000, 0x00007f9701490000)
  from space 321344K,   9% used [0x00007f9714e60000, 0x00007f9716af75e8, 0x00007f9728830000)
  to   space 321344K,   0% used [0x00007f9701490000, 0x00007f9701490000, 0x00007f9714e60000)
 tenured generation   total 6426908K, used 6418442K [0x00007f9bb9b50000, 0x00007f9d41f97000, 0x00007fa664600000)
   the space 6426908K,  99% used [0x00007f9bb9b50000, 0x00007f9d41752b40, 0x00007f9d41752c00, 0x00007f9d41f97000)
 Metaspace       used 25081K, capacity 25566K, committed 25856K, reserved 26624K
}
Event: 12548.859 GC heap before
{Heap before GC invocations=12924 (full 4):
 def new generation   total 2892160K, used 2600093K [0x00007f9664600000, 0x00007f9728830000, 0x00007f9bb9b50000)
  eden space 2570816K, 100% used [0x00007f9664600000, 0x00007f9701490000, 0x00007f9701490000)
  from space 321344K,   9% used [0x00007f9714e60000, 0x00007f9716af75e8, 0x00007f9728830000)
  to   space 321344K,   0% used [0x00007f9701490000, 0x00007f9701490000, 0x00007f9714e60000)
 tenured generation   total 6426908K, used 6418442K [0x00007f9bb9b50000, 0x00007f9d41f97000, 0x00007fa664600000)
   the space 6426908K,  99% used [0x00007f9bb9b50000, 0x00007f9d41752b40, 0x00007f9d41752c00, 0x00007f9d41f97000)
 Metaspace       used 25081K, capacity 25566K, committed 25856K, reserved 26624K
}
Event: 12548.935 GC heap after
{Heap after GC invocations=12925 (full 4):
 def new generation   total 2892160K, used 29277K [0x00007f9664600000, 0x00007f9728830000, 0x00007f9bb9b50000)
  eden space 2570816K,   0% used [0x00007f9664600000, 0x00007f9664600000, 0x00007f9701490000)
  from space 321344K,   9% used [0x00007f9701490000, 0x00007f9703127678, 0x00007f9714e60000)
  to   space 321344K,   0% used [0x00007f9714e60000, 0x00007f9714e60000, 0x00007f9728830000)
 tenured generation   total 6426908K, used 6420425K [0x00007f9bb9b50000, 0x00007f9d41f97000, 0x00007fa664600000)
   the space 6426908K,  99% used [0x00007f9bb9b50000, 0x00007f9d41942500, 0x00007f9d41942600, 0x00007f9d41f97000)
 Metaspace       used 25081K, capacity 25566K, committed 25856K, reserved 26624K
}
Event: 12551.225 GC heap before
{Heap before GC invocations=12925 (full 4):
 def new generation   total 2892160K, used 2600093K [0x00007f9664600000, 0x00007f9728830000, 0x00007f9bb9b50000)
  eden space 2570816K, 100% used [0x00007f9664600000, 0x00007f9701490000, 0x00007f9701490000)
  from space 321344K,   9% used [0x00007f9701490000, 0x00007f9703127678, 0x00007f9714e60000)
  to   space 321344K,   0% used [0x00007f9714e60000, 0x00007f9714e60000, 0x00007f9728830000)
 tenured generation   total 6426908K, used 6420425K [0x00007f9bb9b50000, 0x00007f9d41f97000, 0x00007fa664600000)
   the space 6426908K,  99% used [0x00007f9bb9b50000, 0x00007f9d41942500, 0x00007f9d41942600, 0x00007f9d41f97000)
 Metaspace       used 25081K, capacity 25566K, committed 25856K, reserved 26624K
}
Event: 12551.303 GC heap after
{Heap after GC invocations=12926 (full 4):
 def new generation   total 2892160K, used 29291K [0x00007f9664600000, 0x00007f9728830000, 0x00007f9bb9b50000)
  eden space 2570816K,   0% used [0x00007f9664600000, 0x00007f9664600000, 0x00007f9701490000)
  from space 321344K,   9% used [0x00007f9714e60000, 0x00007f9716afaf70, 0x00007f9728830000)
  to   space 321344K,   0% used [0x00007f9701490000, 0x00007f9701490000, 0x00007f9714e60000)
 tenured generation   total 6426908K, used 6422389K [0x00007f9bb9b50000, 0x00007f9d41f97000, 0x00007fa664600000)
   the space 6426908K,  99% used [0x00007f9bb9b50000, 0x00007f9d41b2d600, 0x00007f9d41b2d600, 0x00007f9d41f97000)
 Metaspace       used 25081K, capacity 25566K, committed 25856K, reserved 26624K
}
Event: 12553.550 GC heap before
{Heap before GC invocations=12926 (full 4):
 def new generation   total 2892160K, used 2600107K [0x00007f9664600000, 0x00007f9728830000, 0x00007f9bb9b50000)
  eden space 2570816K, 100% used [0x00007f9664600000, 0x00007f9701490000, 0x00007f9701490000)
  from space 321344K,   9% used [0x00007f9714e60000, 0x00007f9716afaf70, 0x00007f9728830000)
  to   space 321344K,   0% used [0x00007f9701490000, 0x00007f9701490000, 0x00007f9714e60000)
 tenured generation   total 6426908K, used 6422389K [0x00007f9bb9b50000, 0x00007f9d41f97000, 0x00007fa664600000)
   the space 6426908K,  99% used [0x00007f9bb9b50000, 0x00007f9d41b2d600, 0x00007f9d41b2d600, 0x00007f9d41f97000)
 Metaspace       used 25081K, capacity 25566K, committed 25856K, reserved 26624K
}
Event: 12553.631 GC heap after
{Heap after GC invocations=12927 (full 4):
 def new generation   total 2892160K, used 29287K [0x00007f9664600000, 0x00007f9728830000, 0x00007f9bb9b50000)
  eden space 2570816K,   0% used [0x00007f9664600000, 0x00007f9664600000, 0x00007f9701490000)
  from space 321344K,   9% used [0x00007f9701490000, 0x00007f9703129fe8, 0x00007f9714e60000)
  to   space 321344K,   0% used [0x00007f9714e60000, 0x00007f9714e60000, 0x00007f9728830000)
 tenured generation   total 6426908K, used 6424376K [0x00007f9bb9b50000, 0x00007f9d41f97000, 0x00007fa664600000)
   the space 6426908K,  99% used [0x00007f9bb9b50000, 0x00007f9d41d1e100, 0x00007f9d41d1e200, 0x00007f9d41f97000)
 Metaspace       used 25081K, capacity 25566K, committed 25856K, reserved 26624K
}
Event: 12555.889 GC heap before
{Heap before GC invocations=12927 (full 4):
 def new generation   total 2892160K, used 2600103K [0x00007f9664600000, 0x00007f9728830000, 0x00007f9bb9b50000)
  eden space 2570816K, 100% used [0x00007f9664600000, 0x00007f9701490000, 0x00007f9701490000)
  from space 321344K,   9% used [0x00007f9701490000, 0x00007f9703129fe8, 0x00007f9714e60000)
  to   space 321344K,   0% used [0x00007f9714e60000, 0x00007f9714e60000, 0x00007f9728830000)
 tenured generation   total 6426908K, used 6424376K [0x00007f9bb9b50000, 0x00007f9d41f97000, 0x00007fa664600000)
   the space 6426908K,  99% used [0x00007f9bb9b50000, 0x00007f9d41d1e100, 0x00007f9d41d1e200, 0x00007f9d41f97000)
 Metaspace       used 25081K, capacity 25566K, committed 25856K, reserved 26624K
}
Event: 12555.960 GC heap after
{Heap after GC invocations=12928 (full 4):
 def new generation   total 2892160K, used 29136K [0x00007f9664600000, 0x00007f9728830000, 0x00007f9bb9b50000)
  eden space 2570816K,   0% used [0x00007f9664600000, 0x00007f9664600000, 0x00007f9701490000)
  from space 321344K,   9% used [0x00007f9714e60000, 0x00007f9716ad42b8, 0x00007f9728830000)
  to   space 321344K,   0% used [0x00007f9701490000, 0x00007f9701490000, 0x00007f9714e60000)
 tenured generation   total 6426908K, used 6426359K [0x00007f9bb9b50000, 0x00007f9d41f97000, 0x00007fa664600000)
   the space 6426908K,  99% used [0x00007f9bb9b50000, 0x00007f9d41f0dc10, 0x00007f9d41f0de00, 0x00007f9d41f97000)
 Metaspace       used 25081K, capacity 25566K, committed 25856K, reserved 26624K
}
Event: 12558.200 GC heap before
{Heap before GC invocations=12928 (full 4):
 def new generation   total 2892160K, used 2599952K [0x00007f9664600000, 0x00007f9728830000, 0x00007f9bb9b50000)
  eden space 2570816K, 100% used [0x00007f9664600000, 0x00007f9701490000, 0x00007f9701490000)
  from space 321344K,   9% used [0x00007f9714e60000, 0x00007f9716ad42b8, 0x00007f9728830000)
  to   space 321344K,   0% used [0x00007f9701490000, 0x00007f9701490000, 0x00007f9714e60000)
 tenured generation   total 6426908K, used 6426359K [0x00007f9bb9b50000, 0x00007f9d41f97000, 0x00007fa664600000)
   the space 6426908K,  99% used [0x00007f9bb9b50000, 0x00007f9d41f0dc10, 0x00007f9d41f0de00, 0x00007f9d41f97000)
 Metaspace       used 25081K, capacity 25566K, committed 25856K, reserved 26624K
}
Event: 12558.268 GC heap after
{Heap after GC invocations=12929 (full 4):
 def new generation   total 2892160K, used 29272K [0x00007f9664600000, 0x00007f9728830000, 0x00007f9bb9b50000)
  eden space 2570816K,   0% used [0x00007f9664600000, 0x00007f9664600000, 0x00007f9701490000)
  from space 321344K,   9% used [0x00007f9701490000, 0x00007f9703126230, 0x00007f9714e60000)
  to   space 321344K,   0% used [0x00007f9714e60000, 0x00007f9714e60000, 0x00007f9728830000)
 tenured generation   total 6428252K, used 6428177K [0x00007f9bb9b50000, 0x00007f9d420e7000, 0x00007fa664600000)
   the space 6428252K,  99% used [0x00007f9bb9b50000, 0x00007f9d420d4510, 0x00007f9d420d4600, 0x00007f9d420e7000)
 Metaspace       used 25081K, capacity 25566K, committed 25856K, reserved 26624K
}
Event: 12558.268 GC heap before
{Heap before GC invocations=12929 (full 4):
 def new generation   total 2892160K, used 29272K [0x00007f9664600000, 0x00007f9728830000, 0x00007f9bb9b50000)
  eden space 2570816K,   0% used [0x00007f9664600000, 0x00007f9664600000, 0x00007f9701490000)
  from space 321344K,   9% used [0x00007f9701490000, 0x00007f9703126230, 0x00007f9714e60000)
  to   space 321344K,   0% used [0x00007f9714e60000, 0x00007f9714e60000, 0x00007f9728830000)
 tenured generation   total 6428252K, used 6428177K [0x00007f9bb9b50000, 0x00007f9d420e7000, 0x00007fa664600000)
   the space 6428252K,  99% used [0x00007f9bb9b50000, 0x00007f9d420d4510, 0x00007f9d420d4600, 0x00007f9d420e7000)
 Metaspace       used 25081K, capacity 25566K, committed 25856K, reserved 26624K
}

