# JRE version: OpenJDK Runtime Environment (13.0.7+5) (build 13.0.7+5-Ubuntu-0ubuntu120.04)
# Java VM: OpenJDK 64-Bit Server VM (13.0.7+5-Ubuntu-0ubuntu120.04, mixed mode, tiered, serial gc, linux-amd64)
Heap:
 def new generation   total 2883968K, used 11953K [0x00007f3310600000, 0x00007f33d3f40000, 0x00007f3865b50000)
  eden space 2563584K,   0% used [0x00007f3310600000, 0x00007f33111ac510, 0x00007f33acd80000)
  from space 320384K,   0% used [0x00007f33acd80000, 0x00007f33acd80000, 0x00007f33c0660000)
  to   space 320384K,   0% used [0x00007f33c0660000, 0x00007f33c0660000, 0x00007f33d3f40000)
 tenured generation   total 6409176K, used 6409175K [0x00007f3865b50000, 0x00007f39ece46000, 0x00007f4310600000)
   the space 6409176K,  99% used [0x00007f3865b50000, 0x00007f39ece45fe0, 0x00007f39ece46000, 0x00007f39ece46000)
 Metaspace       used 25020K, capacity 25488K, committed 25600K, reserved 26624K
GC Heap History (20 events):
Event: 19179.398 GC heap after
{Heap after GC invocations=16395 (full 4):
 def new generation   total 2883968K, used 12107K [0x00007f3310600000, 0x00007f33d3f40000, 0x00007f3865b50000)
  eden space 2563584K,   0% used [0x00007f3310600000, 0x00007f3310600000, 0x00007f33acd80000)
  from space 320384K,   3% used [0x00007f33c0660000, 0x00007f33c1232f38, 0x00007f33d3f40000)
  to   space 320384K,   0% used [0x00007f33acd80000, 0x00007f33acd80000, 0x00007f33c0660000)
 tenured generation   total 6408600K, used 6401910K [0x00007f3865b50000, 0x00007f39ecdb6000, 0x00007f4310600000)
   the space 6408600K,  99% used [0x00007f3865b50000, 0x00007f39ec72d870, 0x00007f39ec72da00, 0x00007f39ecdb6000)
 Metaspace       used 25020K, capacity 25488K, committed 25600K, reserved 26624K
}
Event: 19181.738 GC heap before
{Heap before GC invocations=16395 (full 4):
 def new generation   total 2883968K, used 2575691K [0x00007f3310600000, 0x00007f33d3f40000, 0x00007f3865b50000)
  eden space 2563584K, 100% used [0x00007f3310600000, 0x00007f33acd80000, 0x00007f33acd80000)
  from space 320384K,   3% used [0x00007f33c0660000, 0x00007f33c1232f38, 0x00007f33d3f40000)
  to   space 320384K,   0% used [0x00007f33acd80000, 0x00007f33acd80000, 0x00007f33c0660000)
 tenured generation   total 6408600K, used 6401910K [0x00007f3865b50000, 0x00007f39ecdb6000, 0x00007f4310600000)
   the space 6408600K,  99% used [0x00007f3865b50000, 0x00007f39ec72d870, 0x00007f39ec72da00, 0x00007f39ecdb6000)
 Metaspace       used 25020K, capacity 25488K, committed 25600K, reserved 26624K
}
Event: 19181.770 GC heap after
{Heap after GC invocations=16396 (full 4):
 def new generation   total 2883968K, used 12095K [0x00007f3310600000, 0x00007f33d3f40000, 0x00007f3865b50000)
  eden space 2563584K,   0% used [0x00007f3310600000, 0x00007f3310600000, 0x00007f33acd80000)
  from space 320384K,   3% used [0x00007f33acd80000, 0x00007f33ad94fcc8, 0x00007f33c0660000)
  to   space 320384K,   0% used [0x00007f33c0660000, 0x00007f33c0660000, 0x00007f33d3f40000)
 tenured generation   total 6408600K, used 6402728K [0x00007f3865b50000, 0x00007f39ecdb6000, 0x00007f4310600000)
   the space 6408600K,  99% used [0x00007f3865b50000, 0x00007f39ec7fa0b0, 0x00007f39ec7fa200, 0x00007f39ecdb6000)
 Metaspace       used 25020K, capacity 25488K, committed 25600K, reserved 26624K
}
Event: 19184.060 GC heap before
{Heap before GC invocations=16396 (full 4):
 def new generation   total 2883968K, used 2575679K [0x00007f3310600000, 0x00007f33d3f40000, 0x00007f3865b50000)
  eden space 2563584K, 100% used [0x00007f3310600000, 0x00007f33acd80000, 0x00007f33acd80000)
  from space 320384K,   3% used [0x00007f33acd80000, 0x00007f33ad94fcc8, 0x00007f33c0660000)
  to   space 320384K,   0% used [0x00007f33c0660000, 0x00007f33c0660000, 0x00007f33d3f40000)
 tenured generation   total 6408600K, used 6402728K [0x00007f3865b50000, 0x00007f39ecdb6000, 0x00007f4310600000)
   the space 6408600K,  99% used [0x00007f3865b50000, 0x00007f39ec7fa0b0, 0x00007f39ec7fa200, 0x00007f39ecdb6000)
 Metaspace       used 25020K, capacity 25488K, committed 25600K, reserved 26624K
}
Event: 19184.090 GC heap after
{Heap after GC invocations=16397 (full 4):
 def new generation   total 2883968K, used 11912K [0x00007f3310600000, 0x00007f33d3f40000, 0x00007f3865b50000)
  eden space 2563584K,   0% used [0x00007f3310600000, 0x00007f3310600000, 0x00007f33acd80000)
  from space 320384K,   3% used [0x00007f33c0660000, 0x00007f33c1202288, 0x00007f33d3f40000)
  to   space 320384K,   0% used [0x00007f33acd80000, 0x00007f33acd80000, 0x00007f33c0660000)
 tenured generation   total 6408600K, used 6403541K [0x00007f3865b50000, 0x00007f39ecdb6000, 0x00007f4310600000)
   the space 6408600K,  99% used [0x00007f3865b50000, 0x00007f39ec8c57b0, 0x00007f39ec8c5800, 0x00007f39ecdb6000)
 Metaspace       used 25020K, capacity 25488K, committed 25600K, reserved 26624K
}
Event: 19186.498 GC heap before
{Heap before GC invocations=16397 (full 4):
 def new generation   total 2883968K, used 2575496K [0x00007f3310600000, 0x00007f33d3f40000, 0x00007f3865b50000)
  eden space 2563584K, 100% used [0x00007f3310600000, 0x00007f33acd80000, 0x00007f33acd80000)
  from space 320384K,   3% used [0x00007f33c0660000, 0x00007f33c1202288, 0x00007f33d3f40000)
  to   space 320384K,   0% used [0x00007f33acd80000, 0x00007f33acd80000, 0x00007f33c0660000)
 tenured generation   total 6408600K, used 6403541K [0x00007f3865b50000, 0x00007f39ecdb6000, 0x00007f4310600000)
   the space 6408600K,  99% used [0x00007f3865b50000, 0x00007f39ec8c57b0, 0x00007f39ec8c5800, 0x00007f39ecdb6000)
 Metaspace       used 25020K, capacity 25488K, committed 25600K, reserved 26624K
}
Event: 19186.532 GC heap after
{Heap after GC invocations=16398 (full 4):
 def new generation   total 2883968K, used 11921K [0x00007f3310600000, 0x00007f33d3f40000, 0x00007f3865b50000)
  eden space 2563584K,   0% used [0x00007f3310600000, 0x00007f3310600000, 0x00007f33acd80000)
  from space 320384K,   3% used [0x00007f33acd80000, 0x00007f33ad9245a0, 0x00007f33c0660000)
  to   space 320384K,   0% used [0x00007f33c0660000, 0x00007f33c0660000, 0x00007f33d3f40000)
 tenured generation   total 6408600K, used 6404355K [0x00007f3865b50000, 0x00007f39ecdb6000, 0x00007f4310600000)
   the space 6408600K,  99% used [0x00007f3865b50000, 0x00007f39ec990eb0, 0x00007f39ec991000, 0x00007f39ecdb6000)
 Metaspace       used 25020K, capacity 25488K, committed 25600K, reserved 26624K
}
Event: 19188.968 GC heap before
{Heap before GC invocations=16398 (full 4):
 def new generation   total 2883968K, used 2575505K [0x00007f3310600000, 0x00007f33d3f40000, 0x00007f3865b50000)
  eden space 2563584K, 100% used [0x00007f3310600000, 0x00007f33acd80000, 0x00007f33acd80000)
  from space 320384K,   3% used [0x00007f33acd80000, 0x00007f33ad9245a0, 0x00007f33c0660000)
  to   space 320384K,   0% used [0x00007f33c0660000, 0x00007f33c0660000, 0x00007f33d3f40000)
 tenured generation   total 6408600K, used 6404355K [0x00007f3865b50000, 0x00007f39ecdb6000, 0x00007f4310600000)
   the space 6408600K,  99% used [0x00007f3865b50000, 0x00007f39ec990eb0, 0x00007f39ec991000, 0x00007f39ecdb6000)
 Metaspace       used 25020K, capacity 25488K, committed 25600K, reserved 26624K
}
Event: 19189.002 GC heap after
{Heap after GC invocations=16399 (full 4):
 def new generation   total 2883968K, used 11924K [0x00007f3310600000, 0x00007f33d3f40000, 0x00007f3865b50000)
  eden space 2563584K,   0% used [0x00007f3310600000, 0x00007f3310600000, 0x00007f33acd80000)
  from space 320384K,   3% used [0x00007f33c0660000, 0x00007f33c12052c8, 0x00007f33d3f40000)
  to   space 320384K,   0% used [0x00007f33acd80000, 0x00007f33acd80000, 0x00007f33c0660000)
 tenured generation   total 6408600K, used 6405150K [0x00007f3865b50000, 0x00007f39ecdb6000, 0x00007f4310600000)
   the space 6408600K,  99% used [0x00007f3865b50000, 0x00007f39eca57b00, 0x00007f39eca57c00, 0x00007f39ecdb6000)
 Metaspace       used 25020K, capacity 25488K, committed 25600K, reserved 26624K
}
Event: 19191.397 GC heap before
{Heap before GC invocations=16399 (full 4):
 def new generation   total 2883968K, used 2575508K [0x00007f3310600000, 0x00007f33d3f40000, 0x00007f3865b50000)
  eden space 2563584K, 100% used [0x00007f3310600000, 0x00007f33acd80000, 0x00007f33acd80000)
  from space 320384K,   3% used [0x00007f33c0660000, 0x00007f33c12052c8, 0x00007f33d3f40000)
  to   space 320384K,   0% used [0x00007f33acd80000, 0x00007f33acd80000, 0x00007f33c0660000)
 tenured generation   total 6408600K, used 6405150K [0x00007f3865b50000, 0x00007f39ecdb6000, 0x00007f4310600000)
   the space 6408600K,  99% used [0x00007f3865b50000, 0x00007f39eca57b00, 0x00007f39eca57c00, 0x00007f39ecdb6000)
 Metaspace       used 25020K, capacity 25488K, committed 25600K, reserved 26624K
}
Event: 19191.422 GC heap after
{Heap after GC invocations=16400 (full 4):
 def new generation   total 2883968K, used 12090K [0x00007f3310600000, 0x00007f33d3f40000, 0x00007f3865b50000)
  eden space 2563584K,   0% used [0x00007f3310600000, 0x00007f3310600000, 0x00007f33acd80000)
  from space 320384K,   3% used [0x00007f33acd80000, 0x00007f33ad94e910, 0x00007f33c0660000)
  to   space 320384K,   0% used [0x00007f33c0660000, 0x00007f33c0660000, 0x00007f33d3f40000)
 tenured generation   total 6408600K, used 6405789K [0x00007f3865b50000, 0x00007f39ecdb6000, 0x00007f4310600000)
   the space 6408600K,  99% used [0x00007f3865b50000, 0x00007f39ecaf7458, 0x00007f39ecaf7600, 0x00007f39ecdb6000)
 Metaspace       used 25020K, capacity 25488K, committed 25600K, reserved 26624K
}
Event: 19193.846 GC heap before
{Heap before GC invocations=16400 (full 4):
 def new generation   total 2883968K, used 2575674K [0x00007f3310600000, 0x00007f33d3f40000, 0x00007f3865b50000)
  eden space 2563584K, 100% used [0x00007f3310600000, 0x00007f33acd80000, 0x00007f33acd80000)
  from space 320384K,   3% used [0x00007f33acd80000, 0x00007f33ad94e910, 0x00007f33c0660000)
  to   space 320384K,   0% used [0x00007f33c0660000, 0x00007f33c0660000, 0x00007f33d3f40000)
 tenured generation   total 6408600K, used 6405789K [0x00007f3865b50000, 0x00007f39ecdb6000, 0x00007f4310600000)
   the space 6408600K,  99% used [0x00007f3865b50000, 0x00007f39ecaf7458, 0x00007f39ecaf7600, 0x00007f39ecdb6000)
 Metaspace       used 25020K, capacity 25488K, committed 25600K, reserved 26624K
}
Event: 19193.876 GC heap after
{Heap after GC invocations=16401 (full 4):
 def new generation   total 2883968K, used 12077K [0x00007f3310600000, 0x00007f33d3f40000, 0x00007f3865b50000)
  eden space 2563584K,   0% used [0x00007f3310600000, 0x00007f3310600000, 0x00007f33acd80000)
  from space 320384K,   3% used [0x00007f33c0660000, 0x00007f33c122b658, 0x00007f33d3f40000)
  to   space 320384K,   0% used [0x00007f33acd80000, 0x00007f33acd80000, 0x00007f33c0660000)
 tenured generation   total 6408600K, used 6406602K [0x00007f3865b50000, 0x00007f39ecdb6000, 0x00007f4310600000)
   the space 6408600K,  99% used [0x00007f3865b50000, 0x00007f39ecbc2b58, 0x00007f39ecbc2c00, 0x00007f39ecdb6000)
 Metaspace       used 25020K, capacity 25488K, committed 25600K, reserved 26624K
}
Event: 19196.231 GC heap before
{Heap before GC invocations=16401 (full 4):
 def new generation   total 2883968K, used 2575661K [0x00007f3310600000, 0x00007f33d3f40000, 0x00007f3865b50000)
  eden space 2563584K, 100% used [0x00007f3310600000, 0x00007f33acd80000, 0x00007f33acd80000)
  from space 320384K,   3% used [0x00007f33c0660000, 0x00007f33c122b658, 0x00007f33d3f40000)
  to   space 320384K,   0% used [0x00007f33acd80000, 0x00007f33acd80000, 0x00007f33c0660000)
 tenured generation   total 6408600K, used 6406602K [0x00007f3865b50000, 0x00007f39ecdb6000, 0x00007f4310600000)
   the space 6408600K,  99% used [0x00007f3865b50000, 0x00007f39ecbc2b58, 0x00007f39ecbc2c00, 0x00007f39ecdb6000)
 Metaspace       used 25020K, capacity 25488K, committed 25600K, reserved 26624K
}
Event: 19196.266 GC heap after
{Heap after GC invocations=16402 (full 4):
 def new generation   total 2883968K, used 12097K [0x00007f3310600000, 0x00007f33d3f40000, 0x00007f3865b50000)
  eden space 2563584K,   0% used [0x00007f3310600000, 0x00007f3310600000, 0x00007f33acd80000)
  from space 320384K,   3% used [0x00007f33acd80000, 0x00007f33ad950488, 0x00007f33c0660000)
  to   space 320384K,   0% used [0x00007f33c0660000, 0x00007f33c0660000, 0x00007f33d3f40000)
 tenured generation   total 6408600K, used 6407416K [0x00007f3865b50000, 0x00007f39ecdb6000, 0x00007f4310600000)
   the space 6408600K,  99% used [0x00007f3865b50000, 0x00007f39ecc8e258, 0x00007f39ecc8e400, 0x00007f39ecdb6000)
 Metaspace       used 25020K, capacity 25488K, committed 25600K, reserved 26624K
}
Event: 19198.600 GC heap before
{Heap before GC invocations=16402 (full 4):
 def new generation   total 2883968K, used 2575681K [0x00007f3310600000, 0x00007f33d3f40000, 0x00007f3865b50000)
  eden space 2563584K, 100% used [0x00007f3310600000, 0x00007f33acd80000, 0x00007f33acd80000)
  from space 320384K,   3% used [0x00007f33acd80000, 0x00007f33ad950488, 0x00007f33c0660000)
  to   space 320384K,   0% used [0x00007f33c0660000, 0x00007f33c0660000, 0x00007f33d3f40000)
 tenured generation   total 6408600K, used 6407416K [0x00007f3865b50000, 0x00007f39ecdb6000, 0x00007f4310600000)
   the space 6408600K,  99% used [0x00007f3865b50000, 0x00007f39ecc8e258, 0x00007f39ecc8e400, 0x00007f39ecdb6000)
 Metaspace       used 25020K, capacity 25488K, committed 25600K, reserved 26624K
}
Event: 19198.627 GC heap after
{Heap after GC invocations=16403 (full 4):
 def new generation   total 2883968K, used 12127K [0x00007f3310600000, 0x00007f33d3f40000, 0x00007f3865b50000)
  eden space 2563584K,   0% used [0x00007f3310600000, 0x00007f3310600000, 0x00007f33acd80000)
  from space 320384K,   3% used [0x00007f33c0660000, 0x00007f33c1237c08, 0x00007f33d3f40000)
  to   space 320384K,   0% used [0x00007f33acd80000, 0x00007f33acd80000, 0x00007f33c0660000)
 tenured generation   total 6408600K, used 6408210K [0x00007f3865b50000, 0x00007f39ecdb6000, 0x00007f4310600000)
   the space 6408600K,  99% used [0x00007f3865b50000, 0x00007f39ecd54bd8, 0x00007f39ecd54c00, 0x00007f39ecdb6000)
 Metaspace       used 25020K, capacity 25488K, committed 25600K, reserved 26624K
}
Event: 19200.980 GC heap before
{Heap before GC invocations=16403 (full 4):
 def new generation   total 2883968K, used 2575711K [0x00007f3310600000, 0x00007f33d3f40000, 0x00007f3865b50000)
  eden space 2563584K, 100% used [0x00007f3310600000, 0x00007f33acd80000, 0x00007f33acd80000)
  from space 320384K,   3% used [0x00007f33c0660000, 0x00007f33c1237c08, 0x00007f33d3f40000)
  to   space 320384K,   0% used [0x00007f33acd80000, 0x00007f33acd80000, 0x00007f33c0660000)
 tenured generation   total 6408600K, used 6408210K [0x00007f3865b50000, 0x00007f39ecdb6000, 0x00007f4310600000)
   the space 6408600K,  99% used [0x00007f3865b50000, 0x00007f39ecd54bd8, 0x00007f39ecd54c00, 0x00007f39ecdb6000)
 Metaspace       used 25020K, capacity 25488K, committed 25600K, reserved 26624K
}
Event: 19201.009 GC heap after
{Heap after GC invocations=16404 (full 4):
 def new generation   total 2883968K, used 12104K [0x00007f3310600000, 0x00007f33d3f40000, 0x00007f3865b50000)
  eden space 2563584K,   0% used [0x00007f3310600000, 0x00007f3310600000, 0x00007f33acd80000)
  from space 320384K,   3% used [0x00007f33acd80000, 0x00007f33ad952218, 0x00007f33c0660000)
  to   space 320384K,   0% used [0x00007f33c0660000, 0x00007f33c0660000, 0x00007f33d3f40000)
 tenured generation   total 6409176K, used 6409024K [0x00007f3865b50000, 0x00007f39ece46000, 0x00007f4310600000)
   the space 6409176K,  99% used [0x00007f3865b50000, 0x00007f39ece202d8, 0x00007f39ece20400, 0x00007f39ece46000)
 Metaspace       used 25020K, capacity 25488K, committed 25600K, reserved 26624K
}
Event: 19201.009 GC heap before
{Heap before GC invocations=16404 (full 4):
 def new generation   total 2883968K, used 12104K [0x00007f3310600000, 0x00007f33d3f40000, 0x00007f3865b50000)
  eden space 2563584K,   0% used [0x00007f3310600000, 0x00007f3310600000, 0x00007f33acd80000)
  from space 320384K,   3% used [0x00007f33acd80000, 0x00007f33ad952218, 0x00007f33c0660000)
  to   space 320384K,   0% used [0x00007f33c0660000, 0x00007f33c0660000, 0x00007f33d3f40000)
 tenured generation   total 6409176K, used 6409024K [0x00007f3865b50000, 0x00007f39ece46000, 0x00007f4310600000)
   the space 6409176K,  99% used [0x00007f3865b50000, 0x00007f39ece202d8, 0x00007f39ece20400, 0x00007f39ece46000)
 Metaspace       used 25020K, capacity 25488K, committed 25600K, reserved 26624K
}

