# JRE version: OpenJDK Runtime Environment (13.0.7+5) (build 13.0.7+5-Ubuntu-0ubuntu120.04)
# Java VM: OpenJDK 64-Bit Server VM (13.0.7+5-Ubuntu-0ubuntu120.04, mixed mode, tiered, serial gc, linux-amd64)
Heap:
 def new generation   total 1048832K, used 2084K [0x00007fb720600000, 0x00007fb767800000, 0x00007fbc75b50000)
  eden space 932352K,   0% used [0x00007fb720600000, 0x00007fb720809040, 0x00007fb759480000)
  from space 116480K,   0% used [0x00007fb759480000, 0x00007fb759480000, 0x00007fb760640000)
  to   space 116480K,   0% used [0x00007fb760640000, 0x00007fb760640000, 0x00007fb767800000)
 tenured generation   total 2330752K, used 2330751K [0x00007fbc75b50000, 0x00007fbd03f70000, 0x00007fc720600000)
   the space 2330752K,  99% used [0x00007fbc75b50000, 0x00007fbd03f6fe68, 0x00007fbd03f70000, 0x00007fbd03f70000)
 Metaspace       used 24812K, capacity 25308K, committed 25344K, reserved 26624K
GC Heap History (20 events):
Event: 12674.631 GC heap after
{Heap after GC invocations=22017 (full 2):
 def new generation   total 1048832K, used 2250K [0x00007fb720600000, 0x00007fb767800000, 0x00007fbc75b50000)
  eden space 932352K,   0% used [0x00007fb720600000, 0x00007fb720600000, 0x00007fb759480000)
  from space 116480K,   1% used [0x00007fb760640000, 0x00007fb760872b58, 0x00007fb767800000)
  to   space 116480K,   0% used [0x00007fb759480000, 0x00007fb759480000, 0x00007fb760640000)
 tenured generation   total 2330560K, used 2329262K [0x00007fbc75b50000, 0x00007fbd03f40000, 0x00007fc720600000)
   the space 2330560K,  99% used [0x00007fbc75b50000, 0x00007fbd03dfbbe8, 0x00007fbd03dfbc00, 0x00007fbd03f40000)
 Metaspace       used 24812K, capacity 25308K, committed 25344K, reserved 26624K
}
Event: 12675.416 GC heap before
{Heap before GC invocations=22017 (full 2):
 def new generation   total 1048832K, used 934602K [0x00007fb720600000, 0x00007fb767800000, 0x00007fbc75b50000)
  eden space 932352K, 100% used [0x00007fb720600000, 0x00007fb759480000, 0x00007fb759480000)
  from space 116480K,   1% used [0x00007fb760640000, 0x00007fb760872b58, 0x00007fb767800000)
  to   space 116480K,   0% used [0x00007fb759480000, 0x00007fb759480000, 0x00007fb760640000)
 tenured generation   total 2330560K, used 2329262K [0x00007fbc75b50000, 0x00007fbd03f40000, 0x00007fc720600000)
   the space 2330560K,  99% used [0x00007fbc75b50000, 0x00007fbd03dfbbe8, 0x00007fbd03dfbc00, 0x00007fbd03f40000)
 Metaspace       used 24812K, capacity 25308K, committed 25344K, reserved 26624K
}
Event: 12675.421 GC heap after
{Heap after GC invocations=22018 (full 2):
 def new generation   total 1048832K, used 2229K [0x00007fb720600000, 0x00007fb767800000, 0x00007fbc75b50000)
  eden space 932352K,   0% used [0x00007fb720600000, 0x00007fb720600000, 0x00007fb759480000)
  from space 116480K,   1% used [0x00007fb759480000, 0x00007fb7596ad698, 0x00007fb760640000)
  to   space 116480K,   0% used [0x00007fb760640000, 0x00007fb760640000, 0x00007fb767800000)
 tenured generation   total 2330560K, used 2329439K [0x00007fbc75b50000, 0x00007fbd03f40000, 0x00007fc720600000)
   the space 2330560K,  99% used [0x00007fbc75b50000, 0x00007fbd03e27e28, 0x00007fbd03e28000, 0x00007fbd03f40000)
 Metaspace       used 24812K, capacity 25308K, committed 25344K, reserved 26624K
}
Event: 12676.215 GC heap before
{Heap before GC invocations=22018 (full 2):
 def new generation   total 1048832K, used 934581K [0x00007fb720600000, 0x00007fb767800000, 0x00007fbc75b50000)
  eden space 932352K, 100% used [0x00007fb720600000, 0x00007fb759480000, 0x00007fb759480000)
  from space 116480K,   1% used [0x00007fb759480000, 0x00007fb7596ad698, 0x00007fb760640000)
  to   space 116480K,   0% used [0x00007fb760640000, 0x00007fb760640000, 0x00007fb767800000)
 tenured generation   total 2330560K, used 2329439K [0x00007fbc75b50000, 0x00007fbd03f40000, 0x00007fc720600000)
   the space 2330560K,  99% used [0x00007fbc75b50000, 0x00007fbd03e27e28, 0x00007fbd03e28000, 0x00007fbd03f40000)
 Metaspace       used 24812K, capacity 25308K, committed 25344K, reserved 26624K
}
Event: 12676.220 GC heap after
{Heap after GC invocations=22019 (full 2):
 def new generation   total 1048832K, used 2245K [0x00007fb720600000, 0x00007fb767800000, 0x00007fbc75b50000)
  eden space 932352K,   0% used [0x00007fb720600000, 0x00007fb720600000, 0x00007fb759480000)
  from space 116480K,   1% used [0x00007fb760640000, 0x00007fb7608717a8, 0x00007fb767800000)
  to   space 116480K,   0% used [0x00007fb759480000, 0x00007fb759480000, 0x00007fb760640000)
 tenured generation   total 2330560K, used 2329580K [0x00007fbc75b50000, 0x00007fbd03f40000, 0x00007fc720600000)
   the space 2330560K,  99% used [0x00007fbc75b50000, 0x00007fbd03e4b328, 0x00007fbd03e4b400, 0x00007fbd03f40000)
 Metaspace       used 24812K, capacity 25308K, committed 25344K, reserved 26624K
}
Event: 12677.038 GC heap before
{Heap before GC invocations=22019 (full 2):
 def new generation   total 1048832K, used 934597K [0x00007fb720600000, 0x00007fb767800000, 0x00007fbc75b50000)
  eden space 932352K, 100% used [0x00007fb720600000, 0x00007fb759480000, 0x00007fb759480000)
  from space 116480K,   1% used [0x00007fb760640000, 0x00007fb7608717a8, 0x00007fb767800000)
  to   space 116480K,   0% used [0x00007fb759480000, 0x00007fb759480000, 0x00007fb760640000)
 tenured generation   total 2330560K, used 2329580K [0x00007fbc75b50000, 0x00007fbd03f40000, 0x00007fc720600000)
   the space 2330560K,  99% used [0x00007fbc75b50000, 0x00007fbd03e4b328, 0x00007fbd03e4b400, 0x00007fbd03f40000)
 Metaspace       used 24812K, capacity 25308K, committed 25344K, reserved 26624K
}
Event: 12677.044 GC heap after
{Heap after GC invocations=22020 (full 2):
 def new generation   total 1048832K, used 2251K [0x00007fb720600000, 0x00007fb767800000, 0x00007fbc75b50000)
  eden space 932352K,   0% used [0x00007fb720600000, 0x00007fb720600000, 0x00007fb759480000)
  from space 116480K,   1% used [0x00007fb759480000, 0x00007fb7596b2cf0, 0x00007fb760640000)
  to   space 116480K,   0% used [0x00007fb760640000, 0x00007fb760640000, 0x00007fb767800000)
 tenured generation   total 2330560K, used 2329722K [0x00007fbc75b50000, 0x00007fbd03f40000, 0x00007fc720600000)
   the space 2330560K,  99% used [0x00007fbc75b50000, 0x00007fbd03e6e828, 0x00007fbd03e6ea00, 0x00007fbd03f40000)
 Metaspace       used 24812K, capacity 25308K, committed 25344K, reserved 26624K
}
Event: 12677.794 GC heap before
{Heap before GC invocations=22020 (full 2):
 def new generation   total 1048832K, used 934603K [0x00007fb720600000, 0x00007fb767800000, 0x00007fbc75b50000)
  eden space 932352K, 100% used [0x00007fb720600000, 0x00007fb759480000, 0x00007fb759480000)
  from space 116480K,   1% used [0x00007fb759480000, 0x00007fb7596b2cf0, 0x00007fb760640000)
  to   space 116480K,   0% used [0x00007fb760640000, 0x00007fb760640000, 0x00007fb767800000)
 tenured generation   total 2330560K, used 2329722K [0x00007fbc75b50000, 0x00007fbd03f40000, 0x00007fc720600000)
   the space 2330560K,  99% used [0x00007fbc75b50000, 0x00007fbd03e6e828, 0x00007fbd03e6ea00, 0x00007fbd03f40000)
 Metaspace       used 24812K, capacity 25308K, committed 25344K, reserved 26624K
}
Event: 12677.800 GC heap after
{Heap after GC invocations=22021 (full 2):
 def new generation   total 1048832K, used 2250K [0x00007fb720600000, 0x00007fb767800000, 0x00007fbc75b50000)
  eden space 932352K,   0% used [0x00007fb720600000, 0x00007fb720600000, 0x00007fb759480000)
  from space 116480K,   1% used [0x00007fb760640000, 0x00007fb760872990, 0x00007fb767800000)
  to   space 116480K,   0% used [0x00007fb759480000, 0x00007fb759480000, 0x00007fb760640000)
 tenured generation   total 2330560K, used 2329863K [0x00007fbc75b50000, 0x00007fbd03f40000, 0x00007fc720600000)
   the space 2330560K,  99% used [0x00007fbc75b50000, 0x00007fbd03e91d28, 0x00007fbd03e91e00, 0x00007fbd03f40000)
 Metaspace       used 24812K, capacity 25308K, committed 25344K, reserved 26624K
}
Event: 12678.575 GC heap before
{Heap before GC invocations=22021 (full 2):
 def new generation   total 1048832K, used 934602K [0x00007fb720600000, 0x00007fb767800000, 0x00007fbc75b50000)
  eden space 932352K, 100% used [0x00007fb720600000, 0x00007fb759480000, 0x00007fb759480000)
  from space 116480K,   1% used [0x00007fb760640000, 0x00007fb760872990, 0x00007fb767800000)
  to   space 116480K,   0% used [0x00007fb759480000, 0x00007fb759480000, 0x00007fb760640000)
 tenured generation   total 2330560K, used 2329863K [0x00007fbc75b50000, 0x00007fbd03f40000, 0x00007fc720600000)
   the space 2330560K,  99% used [0x00007fbc75b50000, 0x00007fbd03e91d28, 0x00007fbd03e91e00, 0x00007fbd03f40000)
 Metaspace       used 24812K, capacity 25308K, committed 25344K, reserved 26624K
}
Event: 12678.582 GC heap after
{Heap after GC invocations=22022 (full 2):
 def new generation   total 1048832K, used 2268K [0x00007fb720600000, 0x00007fb767800000, 0x00007fbc75b50000)
  eden space 932352K,   0% used [0x00007fb720600000, 0x00007fb720600000, 0x00007fb759480000)
  from space 116480K,   1% used [0x00007fb759480000, 0x00007fb7596b7368, 0x00007fb760640000)
  to   space 116480K,   0% used [0x00007fb760640000, 0x00007fb760640000, 0x00007fb767800000)
 tenured generation   total 2330560K, used 2330004K [0x00007fbc75b50000, 0x00007fbd03f40000, 0x00007fc720600000)
   the space 2330560K,  99% used [0x00007fbc75b50000, 0x00007fbd03eb5228, 0x00007fbd03eb5400, 0x00007fbd03f40000)
 Metaspace       used 24812K, capacity 25308K, committed 25344K, reserved 26624K
}
Event: 12679.408 GC heap before
{Heap before GC invocations=22022 (full 2):
 def new generation   total 1048832K, used 934620K [0x00007fb720600000, 0x00007fb767800000, 0x00007fbc75b50000)
  eden space 932352K, 100% used [0x00007fb720600000, 0x00007fb759480000, 0x00007fb759480000)
  from space 116480K,   1% used [0x00007fb759480000, 0x00007fb7596b7368, 0x00007fb760640000)
  to   space 116480K,   0% used [0x00007fb760640000, 0x00007fb760640000, 0x00007fb767800000)
 tenured generation   total 2330560K, used 2330004K [0x00007fbc75b50000, 0x00007fbd03f40000, 0x00007fc720600000)
   the space 2330560K,  99% used [0x00007fbc75b50000, 0x00007fbd03eb5228, 0x00007fbd03eb5400, 0x00007fbd03f40000)
 Metaspace       used 24812K, capacity 25308K, committed 25344K, reserved 26624K
}
Event: 12679.413 GC heap after
{Heap after GC invocations=22023 (full 2):
 def new generation   total 1048832K, used 2302K [0x00007fb720600000, 0x00007fb767800000, 0x00007fbc75b50000)
  eden space 932352K,   0% used [0x00007fb720600000, 0x00007fb720600000, 0x00007fb759480000)
  from space 116480K,   1% used [0x00007fb760640000, 0x00007fb76087fa08, 0x00007fb767800000)
  to   space 116480K,   0% used [0x00007fb759480000, 0x00007fb759480000, 0x00007fb760640000)
 tenured generation   total 2330560K, used 2330145K [0x00007fbc75b50000, 0x00007fbd03f40000, 0x00007fc720600000)
   the space 2330560K,  99% used [0x00007fbc75b50000, 0x00007fbd03ed8728, 0x00007fbd03ed8800, 0x00007fbd03f40000)
 Metaspace       used 24812K, capacity 25308K, committed 25344K, reserved 26624K
}
Event: 12680.210 GC heap before
{Heap before GC invocations=22023 (full 2):
 def new generation   total 1048832K, used 934654K [0x00007fb720600000, 0x00007fb767800000, 0x00007fbc75b50000)
  eden space 932352K, 100% used [0x00007fb720600000, 0x00007fb759480000, 0x00007fb759480000)
  from space 116480K,   1% used [0x00007fb760640000, 0x00007fb76087fa08, 0x00007fb767800000)
  to   space 116480K,   0% used [0x00007fb759480000, 0x00007fb759480000, 0x00007fb760640000)
 tenured generation   total 2330560K, used 2330145K [0x00007fbc75b50000, 0x00007fbd03f40000, 0x00007fc720600000)
   the space 2330560K,  99% used [0x00007fbc75b50000, 0x00007fbd03ed8728, 0x00007fbd03ed8800, 0x00007fbd03f40000)
 Metaspace       used 24812K, capacity 25308K, committed 25344K, reserved 26624K
}
Event: 12680.216 GC heap after
{Heap after GC invocations=22024 (full 2):
 def new generation   total 1048832K, used 2252K [0x00007fb720600000, 0x00007fb767800000, 0x00007fbc75b50000)
  eden space 932352K,   0% used [0x00007fb720600000, 0x00007fb720600000, 0x00007fb759480000)
  from space 116480K,   1% used [0x00007fb759480000, 0x00007fb7596b3038, 0x00007fb760640000)
  to   space 116480K,   0% used [0x00007fb760640000, 0x00007fb760640000, 0x00007fb767800000)
 tenured generation   total 2330560K, used 2330287K [0x00007fbc75b50000, 0x00007fbd03f40000, 0x00007fc720600000)
   the space 2330560K,  99% used [0x00007fbc75b50000, 0x00007fbd03efbc28, 0x00007fbd03efbe00, 0x00007fbd03f40000)
 Metaspace       used 24812K, capacity 25308K, committed 25344K, reserved 26624K
}
Event: 12681.003 GC heap before
{Heap before GC invocations=22024 (full 2):
 def new generation   total 1048832K, used 934604K [0x00007fb720600000, 0x00007fb767800000, 0x00007fbc75b50000)
  eden space 932352K, 100% used [0x00007fb720600000, 0x00007fb759480000, 0x00007fb759480000)
  from space 116480K,   1% used [0x00007fb759480000, 0x00007fb7596b3038, 0x00007fb760640000)
  to   space 116480K,   0% used [0x00007fb760640000, 0x00007fb760640000, 0x00007fb767800000)
 tenured generation   total 2330560K, used 2330287K [0x00007fbc75b50000, 0x00007fbd03f40000, 0x00007fc720600000)
   the space 2330560K,  99% used [0x00007fbc75b50000, 0x00007fbd03efbc28, 0x00007fbd03efbe00, 0x00007fbd03f40000)
 Metaspace       used 24812K, capacity 25308K, committed 25344K, reserved 26624K
}
Event: 12681.011 GC heap after
{Heap after GC invocations=22025 (full 2):
 def new generation   total 1048832K, used 2235K [0x00007fb720600000, 0x00007fb767800000, 0x00007fbc75b50000)
  eden space 932352K,   0% used [0x00007fb720600000, 0x00007fb720600000, 0x00007fb759480000)
  from space 116480K,   1% used [0x00007fb760640000, 0x00007fb76086ee08, 0x00007fb767800000)
  to   space 116480K,   0% used [0x00007fb759480000, 0x00007fb759480000, 0x00007fb760640000)
 tenured generation   total 2330560K, used 2330463K [0x00007fbc75b50000, 0x00007fbd03f40000, 0x00007fc720600000)
   the space 2330560K,  99% used [0x00007fbc75b50000, 0x00007fbd03f27e68, 0x00007fbd03f28000, 0x00007fbd03f40000)
 Metaspace       used 24812K, capacity 25308K, committed 25344K, reserved 26624K
}
Event: 12681.824 GC heap before
{Heap before GC invocations=22025 (full 2):
 def new generation   total 1048832K, used 934587K [0x00007fb720600000, 0x00007fb767800000, 0x00007fbc75b50000)
  eden space 932352K, 100% used [0x00007fb720600000, 0x00007fb759480000, 0x00007fb759480000)
  from space 116480K,   1% used [0x00007fb760640000, 0x00007fb76086ee08, 0x00007fb767800000)
  to   space 116480K,   0% used [0x00007fb759480000, 0x00007fb759480000, 0x00007fb760640000)
 tenured generation   total 2330560K, used 2330463K [0x00007fbc75b50000, 0x00007fbd03f40000, 0x00007fc720600000)
   the space 2330560K,  99% used [0x00007fbc75b50000, 0x00007fbd03f27e68, 0x00007fbd03f28000, 0x00007fbd03f40000)
 Metaspace       used 24812K, capacity 25308K, committed 25344K, reserved 26624K
}
Event: 12681.833 GC heap after
{Heap after GC invocations=22026 (full 2):
 def new generation   total 1048832K, used 2230K [0x00007fb720600000, 0x00007fb767800000, 0x00007fbc75b50000)
  eden space 932352K,   0% used [0x00007fb720600000, 0x00007fb720600000, 0x00007fb759480000)
  from space 116480K,   1% used [0x00007fb759480000, 0x00007fb7596adb40, 0x00007fb760640000)
  to   space 116480K,   0% used [0x00007fb760640000, 0x00007fb760640000, 0x00007fb767800000)
 tenured generation   total 2330752K, used 2330604K [0x00007fbc75b50000, 0x00007fbd03f70000, 0x00007fc720600000)
   the space 2330752K,  99% used [0x00007fbc75b50000, 0x00007fbd03f4b368, 0x00007fbd03f4b400, 0x00007fbd03f70000)
 Metaspace       used 24812K, capacity 25308K, committed 25344K, reserved 26624K
}
Event: 12681.833 GC heap before
{Heap before GC invocations=22026 (full 2):
 def new generation   total 1048832K, used 2230K [0x00007fb720600000, 0x00007fb767800000, 0x00007fbc75b50000)
  eden space 932352K,   0% used [0x00007fb720600000, 0x00007fb720600000, 0x00007fb759480000)
  from space 116480K,   1% used [0x00007fb759480000, 0x00007fb7596adb40, 0x00007fb760640000)
  to   space 116480K,   0% used [0x00007fb760640000, 0x00007fb760640000, 0x00007fb767800000)
 tenured generation   total 2330752K, used 2330604K [0x00007fbc75b50000, 0x00007fbd03f70000, 0x00007fc720600000)
   the space 2330752K,  99% used [0x00007fbc75b50000, 0x00007fbd03f4b368, 0x00007fbd03f4b400, 0x00007fbd03f70000)
 Metaspace       used 24812K, capacity 25308K, committed 25344K, reserved 26624K
}

