# JRE version: OpenJDK Runtime Environment (13.0.7+5) (build 13.0.7+5-Ubuntu-0ubuntu120.04)
# Java VM: OpenJDK 64-Bit Server VM (13.0.7+5-Ubuntu-0ubuntu120.04, mixed mode, tiered, serial gc, linux-amd64)
Heap:
 def new generation   total 1748224K, used 14854K [0x00007fcd8c600000, 0x00007fce02ef0000, 0x00007fd2e1b50000)
  eden space 1553984K,   0% used [0x00007fcd8c600000, 0x00007fcd8d481888, 0x00007fcdeb390000)
  from space 194240K,   0% used [0x00007fcdf7140000, 0x00007fcdf7140000, 0x00007fce02ef0000)
  to   space 194240K,   0% used [0x00007fcdeb390000, 0x00007fcdeb390000, 0x00007fcdf7140000)
 tenured generation   total 3886252K, used 3886251K [0x00007fd2e1b50000, 0x00007fd3cee7b000, 0x00007fdd8c600000)
   the space 3886252K,  99% used [0x00007fd2e1b50000, 0x00007fd3cee7aff8, 0x00007fd3cee7b000, 0x00007fd3cee7b000)
 Metaspace       used 25088K, capacity 25624K, committed 25856K, reserved 26624K
GC Heap History (20 events):
Event: 4649.179 GC heap after
{Heap after GC invocations=8938 (full 3):
 def new generation   total 1748224K, used 46506K [0x00007fcd8c600000, 0x00007fce02ef0000, 0x00007fd2e1b50000)
  eden space 1553984K,   0% used [0x00007fcd8c600000, 0x00007fcd8c600000, 0x00007fcdeb390000)
  from space 194240K,  23% used [0x00007fcdeb390000, 0x00007fcdee0fa828, 0x00007fcdf7140000)
  to   space 194240K,   0% used [0x00007fcdf7140000, 0x00007fcdf7140000, 0x00007fce02ef0000)
 tenured generation   total 3884908K, used 3856846K [0x00007fd2e1b50000, 0x00007fd3ced2b000, 0x00007fdd8c600000)
   the space 3884908K,  99% used [0x00007fd2e1b50000, 0x00007fd3cd1c3860, 0x00007fd3cd1c3a00, 0x00007fd3ced2b000)
 Metaspace       used 25088K, capacity 25624K, committed 25856K, reserved 26624K
}
Event: 4650.070 GC heap before
{Heap before GC invocations=8938 (full 3):
 def new generation   total 1748224K, used 1600490K [0x00007fcd8c600000, 0x00007fce02ef0000, 0x00007fd2e1b50000)
  eden space 1553984K, 100% used [0x00007fcd8c600000, 0x00007fcdeb390000, 0x00007fcdeb390000)
  from space 194240K,  23% used [0x00007fcdeb390000, 0x00007fcdee0fa828, 0x00007fcdf7140000)
  to   space 194240K,   0% used [0x00007fcdf7140000, 0x00007fcdf7140000, 0x00007fce02ef0000)
 tenured generation   total 3884908K, used 3856846K [0x00007fd2e1b50000, 0x00007fd3ced2b000, 0x00007fdd8c600000)
   the space 3884908K,  99% used [0x00007fd2e1b50000, 0x00007fd3cd1c3860, 0x00007fd3cd1c3a00, 0x00007fd3ced2b000)
 Metaspace       used 25088K, capacity 25624K, committed 25856K, reserved 26624K
}
Event: 4650.146 GC heap after
{Heap after GC invocations=8939 (full 3):
 def new generation   total 1748224K, used 48732K [0x00007fcd8c600000, 0x00007fce02ef0000, 0x00007fd2e1b50000)
  eden space 1553984K,   0% used [0x00007fcd8c600000, 0x00007fcd8c600000, 0x00007fcdeb390000)
  from space 194240K,  25% used [0x00007fcdf7140000, 0x00007fcdfa0d7018, 0x00007fce02ef0000)
  to   space 194240K,   0% used [0x00007fcdeb390000, 0x00007fcdeb390000, 0x00007fcdf7140000)
 tenured generation   total 3884908K, used 3857631K [0x00007fd2e1b50000, 0x00007fd3ced2b000, 0x00007fdd8c600000)
   the space 3884908K,  99% used [0x00007fd2e1b50000, 0x00007fd3cd287d10, 0x00007fd3cd287e00, 0x00007fd3ced2b000)
 Metaspace       used 25088K, capacity 25624K, committed 25856K, reserved 26624K
}
Event: 4651.014 GC heap before
{Heap before GC invocations=8939 (full 3):
 def new generation   total 1748224K, used 1602716K [0x00007fcd8c600000, 0x00007fce02ef0000, 0x00007fd2e1b50000)
  eden space 1553984K, 100% used [0x00007fcd8c600000, 0x00007fcdeb390000, 0x00007fcdeb390000)
  from space 194240K,  25% used [0x00007fcdf7140000, 0x00007fcdfa0d7018, 0x00007fce02ef0000)
  to   space 194240K,   0% used [0x00007fcdeb390000, 0x00007fcdeb390000, 0x00007fcdf7140000)
 tenured generation   total 3884908K, used 3857631K [0x00007fd2e1b50000, 0x00007fd3ced2b000, 0x00007fdd8c600000)
   the space 3884908K,  99% used [0x00007fd2e1b50000, 0x00007fd3cd287d10, 0x00007fd3cd287e00, 0x00007fd3ced2b000)
 Metaspace       used 25088K, capacity 25624K, committed 25856K, reserved 26624K
}
Event: 4651.086 GC heap after
{Heap after GC invocations=8940 (full 3):
 def new generation   total 1748224K, used 50498K [0x00007fcd8c600000, 0x00007fce02ef0000, 0x00007fd2e1b50000)
  eden space 1553984K,   0% used [0x00007fcd8c600000, 0x00007fcd8c600000, 0x00007fcdeb390000)
  from space 194240K,  25% used [0x00007fcdeb390000, 0x00007fcdee4e09f8, 0x00007fcdf7140000)
  to   space 194240K,   0% used [0x00007fcdf7140000, 0x00007fcdf7140000, 0x00007fce02ef0000)
 tenured generation   total 3884908K, used 3858416K [0x00007fd2e1b50000, 0x00007fd3ced2b000, 0x00007fdd8c600000)
   the space 3884908K,  99% used [0x00007fd2e1b50000, 0x00007fd3cd34c1c0, 0x00007fd3cd34c200, 0x00007fd3ced2b000)
 Metaspace       used 25088K, capacity 25624K, committed 25856K, reserved 26624K
}
Event: 4651.978 GC heap before
{Heap before GC invocations=8940 (full 3):
 def new generation   total 1748224K, used 1604482K [0x00007fcd8c600000, 0x00007fce02ef0000, 0x00007fd2e1b50000)
  eden space 1553984K, 100% used [0x00007fcd8c600000, 0x00007fcdeb390000, 0x00007fcdeb390000)
  from space 194240K,  25% used [0x00007fcdeb390000, 0x00007fcdee4e09f8, 0x00007fcdf7140000)
  to   space 194240K,   0% used [0x00007fcdf7140000, 0x00007fcdf7140000, 0x00007fce02ef0000)
 tenured generation   total 3884908K, used 3858416K [0x00007fd2e1b50000, 0x00007fd3ced2b000, 0x00007fdd8c600000)
   the space 3884908K,  99% used [0x00007fd2e1b50000, 0x00007fd3cd34c1c0, 0x00007fd3cd34c200, 0x00007fd3ced2b000)
 Metaspace       used 25088K, capacity 25624K, committed 25856K, reserved 26624K
}
Event: 4652.046 GC heap after
{Heap after GC invocations=8941 (full 3):
 def new generation   total 1748224K, used 42974K [0x00007fcd8c600000, 0x00007fce02ef0000, 0x00007fd2e1b50000)
  eden space 1553984K,   0% used [0x00007fcd8c600000, 0x00007fcd8c600000, 0x00007fcdeb390000)
  from space 194240K,  22% used [0x00007fcdf7140000, 0x00007fcdf9b379f0, 0x00007fce02ef0000)
  to   space 194240K,   0% used [0x00007fcdeb390000, 0x00007fcdeb390000, 0x00007fcdf7140000)
 tenured generation   total 3884908K, used 3868939K [0x00007fd2e1b50000, 0x00007fd3ced2b000, 0x00007fdd8c600000)
   the space 3884908K,  99% used [0x00007fd2e1b50000, 0x00007fd3cdd92dd8, 0x00007fd3cdd92e00, 0x00007fd3ced2b000)
 Metaspace       used 25088K, capacity 25624K, committed 25856K, reserved 26624K
}
Event: 4652.946 GC heap before
{Heap before GC invocations=8941 (full 3):
 def new generation   total 1748224K, used 1596958K [0x00007fcd8c600000, 0x00007fce02ef0000, 0x00007fd2e1b50000)
  eden space 1553984K, 100% used [0x00007fcd8c600000, 0x00007fcdeb390000, 0x00007fcdeb390000)
  from space 194240K,  22% used [0x00007fcdf7140000, 0x00007fcdf9b379f0, 0x00007fce02ef0000)
  to   space 194240K,   0% used [0x00007fcdeb390000, 0x00007fcdeb390000, 0x00007fcdf7140000)
 tenured generation   total 3884908K, used 3868939K [0x00007fd2e1b50000, 0x00007fd3ced2b000, 0x00007fdd8c600000)
   the space 3884908K,  99% used [0x00007fd2e1b50000, 0x00007fd3cdd92dd8, 0x00007fd3cdd92e00, 0x00007fd3ced2b000)
 Metaspace       used 25088K, capacity 25624K, committed 25856K, reserved 26624K
}
Event: 4653.007 GC heap after
{Heap after GC invocations=8942 (full 3):
 def new generation   total 1748224K, used 43385K [0x00007fcd8c600000, 0x00007fce02ef0000, 0x00007fd2e1b50000)
  eden space 1553984K,   0% used [0x00007fcd8c600000, 0x00007fcd8c600000, 0x00007fcdeb390000)
  from space 194240K,  22% used [0x00007fcdeb390000, 0x00007fcdeddee520, 0x00007fcdf7140000)
  to   space 194240K,   0% used [0x00007fcdf7140000, 0x00007fcdf7140000, 0x00007fce02ef0000)
 tenured generation   total 3884908K, used 3871549K [0x00007fd2e1b50000, 0x00007fd3ced2b000, 0x00007fdd8c600000)
   the space 3884908K,  99% used [0x00007fd2e1b50000, 0x00007fd3ce01f688, 0x00007fd3ce01f800, 0x00007fd3ced2b000)
 Metaspace       used 25088K, capacity 25624K, committed 25856K, reserved 26624K
}
Event: 4653.876 GC heap before
{Heap before GC invocations=8942 (full 3):
 def new generation   total 1748224K, used 1597369K [0x00007fcd8c600000, 0x00007fce02ef0000, 0x00007fd2e1b50000)
  eden space 1553984K, 100% used [0x00007fcd8c600000, 0x00007fcdeb390000, 0x00007fcdeb390000)
  from space 194240K,  22% used [0x00007fcdeb390000, 0x00007fcdeddee520, 0x00007fcdf7140000)
  to   space 194240K,   0% used [0x00007fcdf7140000, 0x00007fcdf7140000, 0x00007fce02ef0000)
 tenured generation   total 3884908K, used 3871549K [0x00007fd2e1b50000, 0x00007fd3ced2b000, 0x00007fdd8c600000)
   the space 3884908K,  99% used [0x00007fd2e1b50000, 0x00007fd3ce01f688, 0x00007fd3ce01f800, 0x00007fd3ced2b000)
 Metaspace       used 25088K, capacity 25624K, committed 25856K, reserved 26624K
}
Event: 4653.939 GC heap after
{Heap after GC invocations=8943 (full 3):
 def new generation   total 1748224K, used 42875K [0x00007fcd8c600000, 0x00007fce02ef0000, 0x00007fd2e1b50000)
  eden space 1553984K,   0% used [0x00007fcd8c600000, 0x00007fcd8c600000, 0x00007fcdeb390000)
  from space 194240K,  22% used [0x00007fcdf7140000, 0x00007fcdf9b1ef38, 0x00007fce02ef0000)
  to   space 194240K,   0% used [0x00007fcdeb390000, 0x00007fcdeb390000, 0x00007fcdf7140000)
 tenured generation   total 3884908K, used 3874569K [0x00007fd2e1b50000, 0x00007fd3ced2b000, 0x00007fdd8c600000)
   the space 3884908K,  99% used [0x00007fd2e1b50000, 0x00007fd3ce3125a8, 0x00007fd3ce312600, 0x00007fd3ced2b000)
 Metaspace       used 25088K, capacity 25624K, committed 25856K, reserved 26624K
}
Event: 4654.832 GC heap before
{Heap before GC invocations=8943 (full 3):
 def new generation   total 1748224K, used 1596859K [0x00007fcd8c600000, 0x00007fce02ef0000, 0x00007fd2e1b50000)
  eden space 1553984K, 100% used [0x00007fcd8c600000, 0x00007fcdeb390000, 0x00007fcdeb390000)
  from space 194240K,  22% used [0x00007fcdf7140000, 0x00007fcdf9b1ef38, 0x00007fce02ef0000)
  to   space 194240K,   0% used [0x00007fcdeb390000, 0x00007fcdeb390000, 0x00007fcdf7140000)
 tenured generation   total 3884908K, used 3874569K [0x00007fd2e1b50000, 0x00007fd3ced2b000, 0x00007fdd8c600000)
   the space 3884908K,  99% used [0x00007fd2e1b50000, 0x00007fd3ce3125a8, 0x00007fd3ce312600, 0x00007fd3ced2b000)
 Metaspace       used 25088K, capacity 25624K, committed 25856K, reserved 26624K
}
Event: 4654.896 GC heap after
{Heap after GC invocations=8944 (full 3):
 def new generation   total 1748224K, used 42878K [0x00007fcd8c600000, 0x00007fce02ef0000, 0x00007fd2e1b50000)
  eden space 1553984K,   0% used [0x00007fcd8c600000, 0x00007fcd8c600000, 0x00007fcdeb390000)
  from space 194240K,  22% used [0x00007fcdeb390000, 0x00007fcdedd6f9c0, 0x00007fcdf7140000)
  to   space 194240K,   0% used [0x00007fcdf7140000, 0x00007fcdf7140000, 0x00007fce02ef0000)
 tenured generation   total 3884908K, used 3877593K [0x00007fd2e1b50000, 0x00007fd3ced2b000, 0x00007fdd8c600000)
   the space 3884908K,  99% used [0x00007fd2e1b50000, 0x00007fd3ce606608, 0x00007fd3ce606800, 0x00007fd3ced2b000)
 Metaspace       used 25088K, capacity 25624K, committed 25856K, reserved 26624K
}
Event: 4655.796 GC heap before
{Heap before GC invocations=8944 (full 3):
 def new generation   total 1748224K, used 1596862K [0x00007fcd8c600000, 0x00007fce02ef0000, 0x00007fd2e1b50000)
  eden space 1553984K, 100% used [0x00007fcd8c600000, 0x00007fcdeb390000, 0x00007fcdeb390000)
  from space 194240K,  22% used [0x00007fcdeb390000, 0x00007fcdedd6f9c0, 0x00007fcdf7140000)
  to   space 194240K,   0% used [0x00007fcdf7140000, 0x00007fcdf7140000, 0x00007fce02ef0000)
 tenured generation   total 3884908K, used 3877593K [0x00007fd2e1b50000, 0x00007fd3ced2b000, 0x00007fdd8c600000)
   the space 3884908K,  99% used [0x00007fd2e1b50000, 0x00007fd3ce606608, 0x00007fd3ce606800, 0x00007fd3ced2b000)
 Metaspace       used 25088K, capacity 25624K, committed 25856K, reserved 26624K
}
Event: 4655.853 GC heap after
{Heap after GC invocations=8945 (full 3):
 def new generation   total 1748224K, used 43401K [0x00007fcd8c600000, 0x00007fce02ef0000, 0x00007fd2e1b50000)
  eden space 1553984K,   0% used [0x00007fcd8c600000, 0x00007fcd8c600000, 0x00007fcdeb390000)
  from space 194240K,  22% used [0x00007fcdf7140000, 0x00007fcdf9ba2578, 0x00007fce02ef0000)
  to   space 194240K,   0% used [0x00007fcdeb390000, 0x00007fcdeb390000, 0x00007fcdf7140000)
 tenured generation   total 3884908K, used 3880111K [0x00007fd2e1b50000, 0x00007fd3ced2b000, 0x00007fdd8c600000)
   the space 3884908K,  99% used [0x00007fd2e1b50000, 0x00007fd3ce87bd98, 0x00007fd3ce87be00, 0x00007fd3ced2b000)
 Metaspace       used 25088K, capacity 25624K, committed 25856K, reserved 26624K
}
Event: 4656.716 GC heap before
{Heap before GC invocations=8945 (full 3):
 def new generation   total 1748224K, used 1597385K [0x00007fcd8c600000, 0x00007fce02ef0000, 0x00007fd2e1b50000)
  eden space 1553984K, 100% used [0x00007fcd8c600000, 0x00007fcdeb390000, 0x00007fcdeb390000)
  from space 194240K,  22% used [0x00007fcdf7140000, 0x00007fcdf9ba2578, 0x00007fce02ef0000)
  to   space 194240K,   0% used [0x00007fcdeb390000, 0x00007fcdeb390000, 0x00007fcdf7140000)
 tenured generation   total 3884908K, used 3880111K [0x00007fd2e1b50000, 0x00007fd3ced2b000, 0x00007fdd8c600000)
   the space 3884908K,  99% used [0x00007fd2e1b50000, 0x00007fd3ce87bd98, 0x00007fd3ce87be00, 0x00007fd3ced2b000)
 Metaspace       used 25088K, capacity 25624K, committed 25856K, reserved 26624K
}
Event: 4656.781 GC heap after
{Heap after GC invocations=8946 (full 3):
 def new generation   total 1748224K, used 42876K [0x00007fcd8c600000, 0x00007fce02ef0000, 0x00007fd2e1b50000)
  eden space 1553984K,   0% used [0x00007fcd8c600000, 0x00007fcd8c600000, 0x00007fcdeb390000)
  from space 194240K,  22% used [0x00007fcdeb390000, 0x00007fcdedd6f138, 0x00007fcdf7140000)
  to   space 194240K,   0% used [0x00007fcdf7140000, 0x00007fcdf7140000, 0x00007fce02ef0000)
 tenured generation   total 3884908K, used 3883131K [0x00007fd2e1b50000, 0x00007fd3ced2b000, 0x00007fdd8c600000)
   the space 3884908K,  99% used [0x00007fd2e1b50000, 0x00007fd3ceb6ecb8, 0x00007fd3ceb6ee00, 0x00007fd3ced2b000)
 Metaspace       used 25088K, capacity 25624K, committed 25856K, reserved 26624K
}
Event: 4657.678 GC heap before
{Heap before GC invocations=8946 (full 3):
 def new generation   total 1748224K, used 1596860K [0x00007fcd8c600000, 0x00007fce02ef0000, 0x00007fd2e1b50000)
  eden space 1553984K, 100% used [0x00007fcd8c600000, 0x00007fcdeb390000, 0x00007fcdeb390000)
  from space 194240K,  22% used [0x00007fcdeb390000, 0x00007fcdedd6f138, 0x00007fcdf7140000)
  to   space 194240K,   0% used [0x00007fcdf7140000, 0x00007fcdf7140000, 0x00007fce02ef0000)
 tenured generation   total 3884908K, used 3883131K [0x00007fd2e1b50000, 0x00007fd3ced2b000, 0x00007fdd8c600000)
   the space 3884908K,  99% used [0x00007fd2e1b50000, 0x00007fd3ceb6ecb8, 0x00007fd3ceb6ee00, 0x00007fd3ced2b000)
 Metaspace       used 25088K, capacity 25624K, committed 25856K, reserved 26624K
}
Event: 4657.742 GC heap after
{Heap after GC invocations=8947 (full 3):
 def new generation   total 1748224K, used 42880K [0x00007fcd8c600000, 0x00007fce02ef0000, 0x00007fd2e1b50000)
  eden space 1553984K,   0% used [0x00007fcd8c600000, 0x00007fcd8c600000, 0x00007fcdeb390000)
  from space 194240K,  22% used [0x00007fcdf7140000, 0x00007fcdf9b203d0, 0x00007fce02ef0000)
  to   space 194240K,   0% used [0x00007fcdeb390000, 0x00007fcdeb390000, 0x00007fcdf7140000)
 tenured generation   total 3886252K, used 3886155K [0x00007fd2e1b50000, 0x00007fd3cee7b000, 0x00007fdd8c600000)
   the space 3886252K,  99% used [0x00007fd2e1b50000, 0x00007fd3cee62d18, 0x00007fd3cee62e00, 0x00007fd3cee7b000)
 Metaspace       used 25088K, capacity 25624K, committed 25856K, reserved 26624K
}
Event: 4657.742 GC heap before
{Heap before GC invocations=8947 (full 3):
 def new generation   total 1748224K, used 42880K [0x00007fcd8c600000, 0x00007fce02ef0000, 0x00007fd2e1b50000)
  eden space 1553984K,   0% used [0x00007fcd8c600000, 0x00007fcd8c600000, 0x00007fcdeb390000)
  from space 194240K,  22% used [0x00007fcdf7140000, 0x00007fcdf9b203d0, 0x00007fce02ef0000)
  to   space 194240K,   0% used [0x00007fcdeb390000, 0x00007fcdeb390000, 0x00007fcdf7140000)
 tenured generation   total 3886252K, used 3886155K [0x00007fd2e1b50000, 0x00007fd3cee7b000, 0x00007fdd8c600000)
   the space 3886252K,  99% used [0x00007fd2e1b50000, 0x00007fd3cee62d18, 0x00007fd3cee62e00, 0x00007fd3cee7b000)
 Metaspace       used 25088K, capacity 25624K, committed 25856K, reserved 26624K
}

