# JRE version: OpenJDK Runtime Environment (13.0.7+5) (build 13.0.7+5-Ubuntu-0ubuntu120.04)
# Java VM: OpenJDK 64-Bit Server VM (13.0.7+5-Ubuntu-0ubuntu120.04, mixed mode, tiered, serial gc, linux-amd64)
Heap:
 def new generation   total 1048832K, used 1092K [0x00007fb0e8600000, 0x00007fb12f800000, 0x00007fb63db50000)
  eden space 932352K,   0% used [0x00007fb0e8600000, 0x00007fb0e87113c8, 0x00007fb121480000)
  from space 116480K,   0% used [0x00007fb121480000, 0x00007fb121480000, 0x00007fb128640000)
  to   space 116480K,   0% used [0x00007fb128640000, 0x00007fb128640000, 0x00007fb12f800000)
 tenured generation   total 2330752K, used 2330751K [0x00007fb63db50000, 0x00007fb6cbf70000, 0x00007fc0e8600000)
   the space 2330752K,  99% used [0x00007fb63db50000, 0x00007fb6cbf6fd88, 0x00007fb6cbf6fe00, 0x00007fb6cbf70000)
 Metaspace       used 24813K, capacity 25245K, committed 25344K, reserved 26624K
GC Heap History (20 events):
Event: 30530.637 GC heap after
{Heap after GC invocations=47462 (full 2):
 def new generation   total 1048832K, used 1572K [0x00007fb0e8600000, 0x00007fb12f800000, 0x00007fb63db50000)
  eden space 932352K,   0% used [0x00007fb0e8600000, 0x00007fb0e8600000, 0x00007fb121480000)
  from space 116480K,   1% used [0x00007fb128640000, 0x00007fb1287c9390, 0x00007fb12f800000)
  to   space 116480K,   0% used [0x00007fb121480000, 0x00007fb121480000, 0x00007fb128640000)
 tenured generation   total 2330560K, used 2329968K [0x00007fb63db50000, 0x00007fb6cbf40000, 0x00007fc0e8600000)
   the space 2330560K,  99% used [0x00007fb63db50000, 0x00007fb6cbeac228, 0x00007fb6cbeac400, 0x00007fb6cbf40000)
 Metaspace       used 24813K, capacity 25245K, committed 25344K, reserved 26624K
}
Event: 30531.537 GC heap before
{Heap before GC invocations=47462 (full 2):
 def new generation   total 1048832K, used 933924K [0x00007fb0e8600000, 0x00007fb12f800000, 0x00007fb63db50000)
  eden space 932352K, 100% used [0x00007fb0e8600000, 0x00007fb121480000, 0x00007fb121480000)
  from space 116480K,   1% used [0x00007fb128640000, 0x00007fb1287c9390, 0x00007fb12f800000)
  to   space 116480K,   0% used [0x00007fb121480000, 0x00007fb121480000, 0x00007fb128640000)
 tenured generation   total 2330560K, used 2329968K [0x00007fb63db50000, 0x00007fb6cbf40000, 0x00007fc0e8600000)
   the space 2330560K,  99% used [0x00007fb63db50000, 0x00007fb6cbeac228, 0x00007fb6cbeac400, 0x00007fb6cbf40000)
 Metaspace       used 24813K, capacity 25245K, committed 25344K, reserved 26624K
}
Event: 30531.545 GC heap after
{Heap after GC invocations=47463 (full 2):
 def new generation   total 1048832K, used 1614K [0x00007fb0e8600000, 0x00007fb12f800000, 0x00007fb63db50000)
  eden space 932352K,   0% used [0x00007fb0e8600000, 0x00007fb0e8600000, 0x00007fb121480000)
  from space 116480K,   1% used [0x00007fb121480000, 0x00007fb121613a90, 0x00007fb128640000)
  to   space 116480K,   0% used [0x00007fb128640000, 0x00007fb128640000, 0x00007fb12f800000)
 tenured generation   total 2330560K, used 2330030K [0x00007fb63db50000, 0x00007fb6cbf40000, 0x00007fc0e8600000)
   the space 2330560K,  99% used [0x00007fb63db50000, 0x00007fb6cbebbb58, 0x00007fb6cbebbc00, 0x00007fb6cbf40000)
 Metaspace       used 24813K, capacity 25245K, committed 25344K, reserved 26624K
}
Event: 30532.440 GC heap before
{Heap before GC invocations=47463 (full 2):
 def new generation   total 1048832K, used 933966K [0x00007fb0e8600000, 0x00007fb12f800000, 0x00007fb63db50000)
  eden space 932352K, 100% used [0x00007fb0e8600000, 0x00007fb121480000, 0x00007fb121480000)
  from space 116480K,   1% used [0x00007fb121480000, 0x00007fb121613a90, 0x00007fb128640000)
  to   space 116480K,   0% used [0x00007fb128640000, 0x00007fb128640000, 0x00007fb12f800000)
 tenured generation   total 2330560K, used 2330030K [0x00007fb63db50000, 0x00007fb6cbf40000, 0x00007fc0e8600000)
   the space 2330560K,  99% used [0x00007fb63db50000, 0x00007fb6cbebbb58, 0x00007fb6cbebbc00, 0x00007fb6cbf40000)
 Metaspace       used 24813K, capacity 25245K, committed 25344K, reserved 26624K
}
Event: 30532.447 GC heap after
{Heap after GC invocations=47464 (full 2):
 def new generation   total 1048832K, used 1603K [0x00007fb0e8600000, 0x00007fb12f800000, 0x00007fb63db50000)
  eden space 932352K,   0% used [0x00007fb0e8600000, 0x00007fb0e8600000, 0x00007fb121480000)
  from space 116480K,   1% used [0x00007fb128640000, 0x00007fb1287d0cd0, 0x00007fb12f800000)
  to   space 116480K,   0% used [0x00007fb121480000, 0x00007fb121480000, 0x00007fb128640000)
 tenured generation   total 2330560K, used 2330093K [0x00007fb63db50000, 0x00007fb6cbf40000, 0x00007fc0e8600000)
   the space 2330560K,  99% used [0x00007fb63db50000, 0x00007fb6cbecb488, 0x00007fb6cbecb600, 0x00007fb6cbf40000)
 Metaspace       used 24813K, capacity 25245K, committed 25344K, reserved 26624K
}
Event: 30533.318 GC heap before
{Heap before GC invocations=47464 (full 2):
 def new generation   total 1048832K, used 933954K [0x00007fb0e8600000, 0x00007fb12f800000, 0x00007fb63db50000)
  eden space 932352K,  99% used [0x00007fb0e8600000, 0x00007fb12147fea0, 0x00007fb121480000)
  from space 116480K,   1% used [0x00007fb128640000, 0x00007fb1287d0cd0, 0x00007fb12f800000)
  to   space 116480K,   0% used [0x00007fb121480000, 0x00007fb121480000, 0x00007fb128640000)
 tenured generation   total 2330560K, used 2330093K [0x00007fb63db50000, 0x00007fb6cbf40000, 0x00007fc0e8600000)
   the space 2330560K,  99% used [0x00007fb63db50000, 0x00007fb6cbecb488, 0x00007fb6cbecb600, 0x00007fb6cbf40000)
 Metaspace       used 24813K, capacity 25245K, committed 25344K, reserved 26624K
}
Event: 30533.324 GC heap after
{Heap after GC invocations=47465 (full 2):
 def new generation   total 1048832K, used 1631K [0x00007fb0e8600000, 0x00007fb12f800000, 0x00007fb63db50000)
  eden space 932352K,   0% used [0x00007fb0e8600000, 0x00007fb0e8600000, 0x00007fb121480000)
  from space 116480K,   1% used [0x00007fb121480000, 0x00007fb121617d80, 0x00007fb128640000)
  to   space 116480K,   0% used [0x00007fb128640000, 0x00007fb128640000, 0x00007fb12f800000)
 tenured generation   total 2330560K, used 2330155K [0x00007fb63db50000, 0x00007fb6cbf40000, 0x00007fc0e8600000)
   the space 2330560K,  99% used [0x00007fb63db50000, 0x00007fb6cbedadb8, 0x00007fb6cbedae00, 0x00007fb6cbf40000)
 Metaspace       used 24813K, capacity 25245K, committed 25344K, reserved 26624K
}
Event: 30534.242 GC heap before
{Heap before GC invocations=47465 (full 2):
 def new generation   total 1048832K, used 933983K [0x00007fb0e8600000, 0x00007fb12f800000, 0x00007fb63db50000)
  eden space 932352K, 100% used [0x00007fb0e8600000, 0x00007fb121480000, 0x00007fb121480000)
  from space 116480K,   1% used [0x00007fb121480000, 0x00007fb121617d80, 0x00007fb128640000)
  to   space 116480K,   0% used [0x00007fb128640000, 0x00007fb128640000, 0x00007fb12f800000)
 tenured generation   total 2330560K, used 2330155K [0x00007fb63db50000, 0x00007fb6cbf40000, 0x00007fc0e8600000)
   the space 2330560K,  99% used [0x00007fb63db50000, 0x00007fb6cbedadb8, 0x00007fb6cbedae00, 0x00007fb6cbf40000)
 Metaspace       used 24813K, capacity 25245K, committed 25344K, reserved 26624K
}
Event: 30534.249 GC heap after
{Heap after GC invocations=47466 (full 2):
 def new generation   total 1048832K, used 1626K [0x00007fb0e8600000, 0x00007fb12f800000, 0x00007fb63db50000)
  eden space 932352K,   0% used [0x00007fb0e8600000, 0x00007fb0e8600000, 0x00007fb121480000)
  from space 116480K,   1% used [0x00007fb128640000, 0x00007fb1287d68c8, 0x00007fb12f800000)
  to   space 116480K,   0% used [0x00007fb121480000, 0x00007fb121480000, 0x00007fb128640000)
 tenured generation   total 2330560K, used 2330217K [0x00007fb63db50000, 0x00007fb6cbf40000, 0x00007fc0e8600000)
   the space 2330560K,  99% used [0x00007fb63db50000, 0x00007fb6cbeea6e8, 0x00007fb6cbeea800, 0x00007fb6cbf40000)
 Metaspace       used 24813K, capacity 25245K, committed 25344K, reserved 26624K
}
Event: 30535.168 GC heap before
{Heap before GC invocations=47466 (full 2):
 def new generation   total 1048832K, used 933978K [0x00007fb0e8600000, 0x00007fb12f800000, 0x00007fb63db50000)
  eden space 932352K, 100% used [0x00007fb0e8600000, 0x00007fb121480000, 0x00007fb121480000)
  from space 116480K,   1% used [0x00007fb128640000, 0x00007fb1287d68c8, 0x00007fb12f800000)
  to   space 116480K,   0% used [0x00007fb121480000, 0x00007fb121480000, 0x00007fb128640000)
 tenured generation   total 2330560K, used 2330217K [0x00007fb63db50000, 0x00007fb6cbf40000, 0x00007fc0e8600000)
   the space 2330560K,  99% used [0x00007fb63db50000, 0x00007fb6cbeea6e8, 0x00007fb6cbeea800, 0x00007fb6cbf40000)
 Metaspace       used 24813K, capacity 25245K, committed 25344K, reserved 26624K
}
Event: 30535.176 GC heap after
{Heap after GC invocations=47467 (full 2):
 def new generation   total 1048832K, used 1650K [0x00007fb0e8600000, 0x00007fb12f800000, 0x00007fb63db50000)
  eden space 932352K,   0% used [0x00007fb0e8600000, 0x00007fb0e8600000, 0x00007fb121480000)
  from space 116480K,   1% used [0x00007fb121480000, 0x00007fb12161c800, 0x00007fb128640000)
  to   space 116480K,   0% used [0x00007fb128640000, 0x00007fb128640000, 0x00007fb12f800000)
 tenured generation   total 2330560K, used 2330280K [0x00007fb63db50000, 0x00007fb6cbf40000, 0x00007fc0e8600000)
   the space 2330560K,  99% used [0x00007fb63db50000, 0x00007fb6cbefa018, 0x00007fb6cbefa200, 0x00007fb6cbf40000)
 Metaspace       used 24813K, capacity 25245K, committed 25344K, reserved 26624K
}
Event: 30536.089 GC heap before
{Heap before GC invocations=47467 (full 2):
 def new generation   total 1048832K, used 934002K [0x00007fb0e8600000, 0x00007fb12f800000, 0x00007fb63db50000)
  eden space 932352K, 100% used [0x00007fb0e8600000, 0x00007fb121480000, 0x00007fb121480000)
  from space 116480K,   1% used [0x00007fb121480000, 0x00007fb12161c800, 0x00007fb128640000)
  to   space 116480K,   0% used [0x00007fb128640000, 0x00007fb128640000, 0x00007fb12f800000)
 tenured generation   total 2330560K, used 2330280K [0x00007fb63db50000, 0x00007fb6cbf40000, 0x00007fc0e8600000)
   the space 2330560K,  99% used [0x00007fb63db50000, 0x00007fb6cbefa018, 0x00007fb6cbefa200, 0x00007fb6cbf40000)
 Metaspace       used 24813K, capacity 25245K, committed 25344K, reserved 26624K
}
Event: 30536.097 GC heap after
{Heap after GC invocations=47468 (full 2):
 def new generation   total 1048832K, used 1710K [0x00007fb0e8600000, 0x00007fb12f800000, 0x00007fb63db50000)
  eden space 932352K,   0% used [0x00007fb0e8600000, 0x00007fb0e8600000, 0x00007fb121480000)
  from space 116480K,   1% used [0x00007fb128640000, 0x00007fb1287ebae0, 0x00007fb12f800000)
  to   space 116480K,   0% used [0x00007fb121480000, 0x00007fb121480000, 0x00007fb128640000)
 tenured generation   total 2330560K, used 2330342K [0x00007fb63db50000, 0x00007fb6cbf40000, 0x00007fc0e8600000)
   the space 2330560K,  99% used [0x00007fb63db50000, 0x00007fb6cbf09948, 0x00007fb6cbf09a00, 0x00007fb6cbf40000)
 Metaspace       used 24813K, capacity 25245K, committed 25344K, reserved 26624K
}
Event: 30536.985 GC heap before
{Heap before GC invocations=47468 (full 2):
 def new generation   total 1048832K, used 934062K [0x00007fb0e8600000, 0x00007fb12f800000, 0x00007fb63db50000)
  eden space 932352K, 100% used [0x00007fb0e8600000, 0x00007fb121480000, 0x00007fb121480000)
  from space 116480K,   1% used [0x00007fb128640000, 0x00007fb1287ebae0, 0x00007fb12f800000)
  to   space 116480K,   0% used [0x00007fb121480000, 0x00007fb121480000, 0x00007fb128640000)
 tenured generation   total 2330560K, used 2330342K [0x00007fb63db50000, 0x00007fb6cbf40000, 0x00007fc0e8600000)
   the space 2330560K,  99% used [0x00007fb63db50000, 0x00007fb6cbf09948, 0x00007fb6cbf09a00, 0x00007fb6cbf40000)
 Metaspace       used 24813K, capacity 25245K, committed 25344K, reserved 26624K
}
Event: 30536.993 GC heap after
{Heap after GC invocations=47469 (full 2):
 def new generation   total 1048832K, used 1712K [0x00007fb0e8600000, 0x00007fb12f800000, 0x00007fb63db50000)
  eden space 932352K,   0% used [0x00007fb0e8600000, 0x00007fb0e8600000, 0x00007fb121480000)
  from space 116480K,   1% used [0x00007fb121480000, 0x00007fb12162c0a8, 0x00007fb128640000)
  to   space 116480K,   0% used [0x00007fb128640000, 0x00007fb128640000, 0x00007fb12f800000)
 tenured generation   total 2330560K, used 2330404K [0x00007fb63db50000, 0x00007fb6cbf40000, 0x00007fc0e8600000)
   the space 2330560K,  99% used [0x00007fb63db50000, 0x00007fb6cbf19278, 0x00007fb6cbf19400, 0x00007fb6cbf40000)
 Metaspace       used 24813K, capacity 25245K, committed 25344K, reserved 26624K
}
Event: 30537.889 GC heap before
{Heap before GC invocations=47469 (full 2):
 def new generation   total 1048832K, used 934064K [0x00007fb0e8600000, 0x00007fb12f800000, 0x00007fb63db50000)
  eden space 932352K, 100% used [0x00007fb0e8600000, 0x00007fb121480000, 0x00007fb121480000)
  from space 116480K,   1% used [0x00007fb121480000, 0x00007fb12162c0a8, 0x00007fb128640000)
  to   space 116480K,   0% used [0x00007fb128640000, 0x00007fb128640000, 0x00007fb12f800000)
 tenured generation   total 2330560K, used 2330404K [0x00007fb63db50000, 0x00007fb6cbf40000, 0x00007fc0e8600000)
   the space 2330560K,  99% used [0x00007fb63db50000, 0x00007fb6cbf19278, 0x00007fb6cbf19400, 0x00007fb6cbf40000)
 Metaspace       used 24813K, capacity 25245K, committed 25344K, reserved 26624K
}
Event: 30537.895 GC heap after
{Heap after GC invocations=47470 (full 2):
 def new generation   total 1048832K, used 1553K [0x00007fb0e8600000, 0x00007fb12f800000, 0x00007fb63db50000)
  eden space 932352K,   0% used [0x00007fb0e8600000, 0x00007fb0e8600000, 0x00007fb121480000)
  from space 116480K,   1% used [0x00007fb128640000, 0x00007fb1287c4598, 0x00007fb12f800000)
  to   space 116480K,   0% used [0x00007fb121480000, 0x00007fb121480000, 0x00007fb128640000)
 tenured generation   total 2330560K, used 2330466K [0x00007fb63db50000, 0x00007fb6cbf40000, 0x00007fc0e8600000)
   the space 2330560K,  99% used [0x00007fb63db50000, 0x00007fb6cbf28ba8, 0x00007fb6cbf28c00, 0x00007fb6cbf40000)
 Metaspace       used 24813K, capacity 25245K, committed 25344K, reserved 26624K
}
Event: 30538.798 GC heap before
{Heap before GC invocations=47470 (full 2):
 def new generation   total 1048832K, used 933905K [0x00007fb0e8600000, 0x00007fb12f800000, 0x00007fb63db50000)
  eden space 932352K, 100% used [0x00007fb0e8600000, 0x00007fb121480000, 0x00007fb121480000)
  from space 116480K,   1% used [0x00007fb128640000, 0x00007fb1287c4598, 0x00007fb12f800000)
  to   space 116480K,   0% used [0x00007fb121480000, 0x00007fb121480000, 0x00007fb128640000)
 tenured generation   total 2330560K, used 2330466K [0x00007fb63db50000, 0x00007fb6cbf40000, 0x00007fc0e8600000)
   the space 2330560K,  99% used [0x00007fb63db50000, 0x00007fb6cbf28ba8, 0x00007fb6cbf28c00, 0x00007fb6cbf40000)
 Metaspace       used 24813K, capacity 25245K, committed 25344K, reserved 26624K
}
Event: 30538.805 GC heap after
{Heap after GC invocations=47471 (full 2):
 def new generation   total 1048832K, used 1507K [0x00007fb0e8600000, 0x00007fb12f800000, 0x00007fb63db50000)
  eden space 932352K,   0% used [0x00007fb0e8600000, 0x00007fb0e8600000, 0x00007fb121480000)
  from space 116480K,   1% used [0x00007fb121480000, 0x00007fb1215f8e88, 0x00007fb128640000)
  to   space 116480K,   0% used [0x00007fb128640000, 0x00007fb128640000, 0x00007fb12f800000)
 tenured generation   total 2330752K, used 2330591K [0x00007fb63db50000, 0x00007fb6cbf70000, 0x00007fc0e8600000)
   the space 2330752K,  99% used [0x00007fb63db50000, 0x00007fb6cbf47e08, 0x00007fb6cbf48000, 0x00007fb6cbf70000)
 Metaspace       used 24813K, capacity 25245K, committed 25344K, reserved 26624K
}
Event: 30538.805 GC heap before
{Heap before GC invocations=47471 (full 2):
 def new generation   total 1048832K, used 1507K [0x00007fb0e8600000, 0x00007fb12f800000, 0x00007fb63db50000)
  eden space 932352K,   0% used [0x00007fb0e8600000, 0x00007fb0e8600000, 0x00007fb121480000)
  from space 116480K,   1% used [0x00007fb121480000, 0x00007fb1215f8e88, 0x00007fb128640000)
  to   space 116480K,   0% used [0x00007fb128640000, 0x00007fb128640000, 0x00007fb12f800000)
 tenured generation   total 2330752K, used 2330591K [0x00007fb63db50000, 0x00007fb6cbf70000, 0x00007fc0e8600000)
   the space 2330752K,  99% used [0x00007fb63db50000, 0x00007fb6cbf47e08, 0x00007fb6cbf48000, 0x00007fb6cbf70000)
 Metaspace       used 24813K, capacity 25245K, committed 25344K, reserved 26624K
}

