# JRE version: OpenJDK Runtime Environment (13.0.7+5) (build 13.0.7+5-Ubuntu-0ubuntu120.04)
# Java VM: OpenJDK 64-Bit Server VM (13.0.7+5-Ubuntu-0ubuntu120.04, mixed mode, tiered, serial gc, linux-amd64)
Heap:
 def new generation   total 1748160K, used 0K [0x00007f5a18600000, 0x00007f5a8eed0000, 0x00007f5f6db50000)
  eden space 1553984K,   0% used [0x00007f5a18600000, 0x00007f5a18600000, 0x00007f5a77390000)
  from space 194176K,   0% used [0x00007f5a83130000, 0x00007f5a83130000, 0x00007f5a8eed0000)
  to   space 194176K,   0% used [0x00007f5a77390000, 0x00007f5a77390000, 0x00007f5a83130000)
 tenured generation   total 3884780K, used 3851364K [0x00007f5f6db50000, 0x00007f605ad0b000, 0x00007f6a18600000)
   the space 3884780K,  99% used [0x00007f5f6db50000, 0x00007f6058c69128, 0x00007f6058c69200, 0x00007f605ad0b000)
 Metaspace       used 24833K, capacity 25298K, committed 25344K, reserved 26624K
GC Heap History (20 events):
Event: 24006.083 GC heap after
{Heap after GC invocations=30570 (full 3):
 def new generation   total 1748160K, used 3511K [0x00007f5a18600000, 0x00007f5a8eed0000, 0x00007f5f6db50000)
  eden space 1553984K,   0% used [0x00007f5a18600000, 0x00007f5a18600000, 0x00007f5a77390000)
  from space 194176K,   1% used [0x00007f5a77390000, 0x00007f5a776fdfc8, 0x00007f5a83130000)
  to   space 194176K,   0% used [0x00007f5a83130000, 0x00007f5a83130000, 0x00007f5a8eed0000)
 tenured generation   total 3884588K, used 3882710K [0x00007f5f6db50000, 0x00007f605acdb000, 0x00007f6a18600000)
   the space 3884588K,  99% used [0x00007f5f6db50000, 0x00007f605ab05bc8, 0x00007f605ab05c00, 0x00007f605acdb000)
 Metaspace       used 24833K, capacity 25298K, committed 25344K, reserved 26624K
}
Event: 24007.489 GC heap before
{Heap before GC invocations=30570 (full 3):
 def new generation   total 1748160K, used 1557495K [0x00007f5a18600000, 0x00007f5a8eed0000, 0x00007f5f6db50000)
  eden space 1553984K, 100% used [0x00007f5a18600000, 0x00007f5a77390000, 0x00007f5a77390000)
  from space 194176K,   1% used [0x00007f5a77390000, 0x00007f5a776fdfc8, 0x00007f5a83130000)
  to   space 194176K,   0% used [0x00007f5a83130000, 0x00007f5a83130000, 0x00007f5a8eed0000)
 tenured generation   total 3884588K, used 3882710K [0x00007f5f6db50000, 0x00007f605acdb000, 0x00007f6a18600000)
   the space 3884588K,  99% used [0x00007f5f6db50000, 0x00007f605ab05bc8, 0x00007f605ab05c00, 0x00007f605acdb000)
 Metaspace       used 24833K, capacity 25298K, committed 25344K, reserved 26624K
}
Event: 24007.497 GC heap after
{Heap after GC invocations=30571 (full 3):
 def new generation   total 1748160K, used 3441K [0x00007f5a18600000, 0x00007f5a8eed0000, 0x00007f5f6db50000)
  eden space 1553984K,   0% used [0x00007f5a18600000, 0x00007f5a18600000, 0x00007f5a77390000)
  from space 194176K,   1% used [0x00007f5a83130000, 0x00007f5a8348c538, 0x00007f5a8eed0000)
  to   space 194176K,   0% used [0x00007f5a77390000, 0x00007f5a77390000, 0x00007f5a83130000)
 tenured generation   total 3884588K, used 3882967K [0x00007f5f6db50000, 0x00007f605acdb000, 0x00007f6a18600000)
   the space 3884588K,  99% used [0x00007f5f6db50000, 0x00007f605ab45c48, 0x00007f605ab45e00, 0x00007f605acdb000)
 Metaspace       used 24833K, capacity 25298K, committed 25344K, reserved 26624K
}
Event: 24008.853 GC heap before
{Heap before GC invocations=30571 (full 3):
 def new generation   total 1748160K, used 1557425K [0x00007f5a18600000, 0x00007f5a8eed0000, 0x00007f5f6db50000)
  eden space 1553984K, 100% used [0x00007f5a18600000, 0x00007f5a77390000, 0x00007f5a77390000)
  from space 194176K,   1% used [0x00007f5a83130000, 0x00007f5a8348c538, 0x00007f5a8eed0000)
  to   space 194176K,   0% used [0x00007f5a77390000, 0x00007f5a77390000, 0x00007f5a83130000)
 tenured generation   total 3884588K, used 3882967K [0x00007f5f6db50000, 0x00007f605acdb000, 0x00007f6a18600000)
   the space 3884588K,  99% used [0x00007f5f6db50000, 0x00007f605ab45c48, 0x00007f605ab45e00, 0x00007f605acdb000)
 Metaspace       used 24833K, capacity 25298K, committed 25344K, reserved 26624K
}
Event: 24008.863 GC heap after
{Heap after GC invocations=30572 (full 3):
 def new generation   total 1748160K, used 3467K [0x00007f5a18600000, 0x00007f5a8eed0000, 0x00007f5f6db50000)
  eden space 1553984K,   0% used [0x00007f5a18600000, 0x00007f5a18600000, 0x00007f5a77390000)
  from space 194176K,   1% used [0x00007f5a77390000, 0x00007f5a776f2d28, 0x00007f5a83130000)
  to   space 194176K,   0% used [0x00007f5a83130000, 0x00007f5a83130000, 0x00007f5a8eed0000)
 tenured generation   total 3884588K, used 3883178K [0x00007f5f6db50000, 0x00007f605acdb000, 0x00007f6a18600000)
   the space 3884588K,  99% used [0x00007f5f6db50000, 0x00007f605ab7abc8, 0x00007f605ab7ac00, 0x00007f605acdb000)
 Metaspace       used 24833K, capacity 25298K, committed 25344K, reserved 26624K
}
Event: 24010.262 GC heap before
{Heap before GC invocations=30572 (full 3):
 def new generation   total 1748160K, used 1557451K [0x00007f5a18600000, 0x00007f5a8eed0000, 0x00007f5f6db50000)
  eden space 1553984K, 100% used [0x00007f5a18600000, 0x00007f5a77390000, 0x00007f5a77390000)
  from space 194176K,   1% used [0x00007f5a77390000, 0x00007f5a776f2d28, 0x00007f5a83130000)
  to   space 194176K,   0% used [0x00007f5a83130000, 0x00007f5a83130000, 0x00007f5a8eed0000)
 tenured generation   total 3884588K, used 3883178K [0x00007f5f6db50000, 0x00007f605acdb000, 0x00007f6a18600000)
   the space 3884588K,  99% used [0x00007f5f6db50000, 0x00007f605ab7abc8, 0x00007f605ab7ac00, 0x00007f605acdb000)
 Metaspace       used 24833K, capacity 25298K, committed 25344K, reserved 26624K
}
Event: 24010.273 GC heap after
{Heap after GC invocations=30573 (full 3):
 def new generation   total 1748160K, used 3517K [0x00007f5a18600000, 0x00007f5a8eed0000, 0x00007f5f6db50000)
  eden space 1553984K,   0% used [0x00007f5a18600000, 0x00007f5a18600000, 0x00007f5a77390000)
  from space 194176K,   1% used [0x00007f5a83130000, 0x00007f5a8349f510, 0x00007f5a8eed0000)
  to   space 194176K,   0% used [0x00007f5a77390000, 0x00007f5a77390000, 0x00007f5a83130000)
 tenured generation   total 3884588K, used 3883390K [0x00007f5f6db50000, 0x00007f605acdb000, 0x00007f6a18600000)
   the space 3884588K,  99% used [0x00007f5f6db50000, 0x00007f605abafb48, 0x00007f605abafc00, 0x00007f605acdb000)
 Metaspace       used 24833K, capacity 25298K, committed 25344K, reserved 26624K
}
Event: 24011.679 GC heap before
{Heap before GC invocations=30573 (full 3):
 def new generation   total 1748160K, used 1557501K [0x00007f5a18600000, 0x00007f5a8eed0000, 0x00007f5f6db50000)
  eden space 1553984K, 100% used [0x00007f5a18600000, 0x00007f5a77390000, 0x00007f5a77390000)
  from space 194176K,   1% used [0x00007f5a83130000, 0x00007f5a8349f510, 0x00007f5a8eed0000)
  to   space 194176K,   0% used [0x00007f5a77390000, 0x00007f5a77390000, 0x00007f5a83130000)
 tenured generation   total 3884588K, used 3883390K [0x00007f5f6db50000, 0x00007f605acdb000, 0x00007f6a18600000)
   the space 3884588K,  99% used [0x00007f5f6db50000, 0x00007f605abafb48, 0x00007f605abafc00, 0x00007f605acdb000)
 Metaspace       used 24833K, capacity 25298K, committed 25344K, reserved 26624K
}
Event: 24011.689 GC heap after
{Heap after GC invocations=30574 (full 3):
 def new generation   total 1748160K, used 3447K [0x00007f5a18600000, 0x00007f5a8eed0000, 0x00007f5f6db50000)
  eden space 1553984K,   0% used [0x00007f5a18600000, 0x00007f5a18600000, 0x00007f5a77390000)
  from space 194176K,   1% used [0x00007f5a77390000, 0x00007f5a776edeb8, 0x00007f5a83130000)
  to   space 194176K,   0% used [0x00007f5a83130000, 0x00007f5a83130000, 0x00007f5a8eed0000)
 tenured generation   total 3884588K, used 3883638K [0x00007f5f6db50000, 0x00007f605acdb000, 0x00007f6a18600000)
   the space 3884588K,  99% used [0x00007f5f6db50000, 0x00007f605abed808, 0x00007f605abeda00, 0x00007f605acdb000)
 Metaspace       used 24833K, capacity 25298K, committed 25344K, reserved 26624K
}
Event: 24013.067 GC heap before
{Heap before GC invocations=30574 (full 3):
 def new generation   total 1748160K, used 1557431K [0x00007f5a18600000, 0x00007f5a8eed0000, 0x00007f5f6db50000)
  eden space 1553984K, 100% used [0x00007f5a18600000, 0x00007f5a77390000, 0x00007f5a77390000)
  from space 194176K,   1% used [0x00007f5a77390000, 0x00007f5a776edeb8, 0x00007f5a83130000)
  to   space 194176K,   0% used [0x00007f5a83130000, 0x00007f5a83130000, 0x00007f5a8eed0000)
 tenured generation   total 3884588K, used 3883638K [0x00007f5f6db50000, 0x00007f605acdb000, 0x00007f6a18600000)
   the space 3884588K,  99% used [0x00007f5f6db50000, 0x00007f605abed808, 0x00007f605abeda00, 0x00007f605acdb000)
 Metaspace       used 24833K, capacity 25298K, committed 25344K, reserved 26624K
}
Event: 24013.076 GC heap after
{Heap after GC invocations=30575 (full 3):
 def new generation   total 1748160K, used 3461K [0x00007f5a18600000, 0x00007f5a8eed0000, 0x00007f5f6db50000)
  eden space 1553984K,   0% used [0x00007f5a18600000, 0x00007f5a18600000, 0x00007f5a77390000)
  from space 194176K,   1% used [0x00007f5a83130000, 0x00007f5a83491420, 0x00007f5a8eed0000)
  to   space 194176K,   0% used [0x00007f5a77390000, 0x00007f5a77390000, 0x00007f5a83130000)
 tenured generation   total 3884588K, used 3883849K [0x00007f5f6db50000, 0x00007f605acdb000, 0x00007f6a18600000)
   the space 3884588K,  99% used [0x00007f5f6db50000, 0x00007f605ac22788, 0x00007f605ac22800, 0x00007f605acdb000)
 Metaspace       used 24833K, capacity 25298K, committed 25344K, reserved 26624K
}
Event: 24014.481 GC heap before
{Heap before GC invocations=30575 (full 3):
 def new generation   total 1748160K, used 1557445K [0x00007f5a18600000, 0x00007f5a8eed0000, 0x00007f5f6db50000)
  eden space 1553984K, 100% used [0x00007f5a18600000, 0x00007f5a77390000, 0x00007f5a77390000)
  from space 194176K,   1% used [0x00007f5a83130000, 0x00007f5a83491420, 0x00007f5a8eed0000)
  to   space 194176K,   0% used [0x00007f5a77390000, 0x00007f5a77390000, 0x00007f5a83130000)
 tenured generation   total 3884588K, used 3883849K [0x00007f5f6db50000, 0x00007f605acdb000, 0x00007f6a18600000)
   the space 3884588K,  99% used [0x00007f5f6db50000, 0x00007f605ac22788, 0x00007f605ac22800, 0x00007f605acdb000)
 Metaspace       used 24833K, capacity 25298K, committed 25344K, reserved 26624K
}
Event: 24014.490 GC heap after
{Heap after GC invocations=30576 (full 3):
 def new generation   total 1748160K, used 3443K [0x00007f5a18600000, 0x00007f5a8eed0000, 0x00007f5f6db50000)
  eden space 1553984K,   0% used [0x00007f5a18600000, 0x00007f5a18600000, 0x00007f5a77390000)
  from space 194176K,   1% used [0x00007f5a77390000, 0x00007f5a776eccd0, 0x00007f5a83130000)
  to   space 194176K,   0% used [0x00007f5a83130000, 0x00007f5a83130000, 0x00007f5a8eed0000)
 tenured generation   total 3884588K, used 3884097K [0x00007f5f6db50000, 0x00007f605acdb000, 0x00007f6a18600000)
   the space 3884588K,  99% used [0x00007f5f6db50000, 0x00007f605ac60448, 0x00007f605ac60600, 0x00007f605acdb000)
 Metaspace       used 24833K, capacity 25298K, committed 25344K, reserved 26624K
}
Event: 24015.894 GC heap before
{Heap before GC invocations=30576 (full 3):
 def new generation   total 1748160K, used 1557427K [0x00007f5a18600000, 0x00007f5a8eed0000, 0x00007f5f6db50000)
  eden space 1553984K, 100% used [0x00007f5a18600000, 0x00007f5a77390000, 0x00007f5a77390000)
  from space 194176K,   1% used [0x00007f5a77390000, 0x00007f5a776eccd0, 0x00007f5a83130000)
  to   space 194176K,   0% used [0x00007f5a83130000, 0x00007f5a83130000, 0x00007f5a8eed0000)
 tenured generation   total 3884588K, used 3884097K [0x00007f5f6db50000, 0x00007f605acdb000, 0x00007f6a18600000)
   the space 3884588K,  99% used [0x00007f5f6db50000, 0x00007f605ac60448, 0x00007f605ac60600, 0x00007f605acdb000)
 Metaspace       used 24833K, capacity 25298K, committed 25344K, reserved 26624K
}
Event: 24015.908 GC heap after
{Heap after GC invocations=30577 (full 3):
 def new generation   total 1748160K, used 3481K [0x00007f5a18600000, 0x00007f5a8eed0000, 0x00007f5f6db50000)
  eden space 1553984K,   0% used [0x00007f5a18600000, 0x00007f5a18600000, 0x00007f5a77390000)
  from space 194176K,   1% used [0x00007f5a83130000, 0x00007f5a83496460, 0x00007f5a8eed0000)
  to   space 194176K,   0% used [0x00007f5a77390000, 0x00007f5a77390000, 0x00007f5a83130000)
 tenured generation   total 3884588K, used 3884308K [0x00007f5f6db50000, 0x00007f605acdb000, 0x00007f6a18600000)
   the space 3884588K,  99% used [0x00007f5f6db50000, 0x00007f605ac953c8, 0x00007f605ac95400, 0x00007f605acdb000)
 Metaspace       used 24833K, capacity 25298K, committed 25344K, reserved 26624K
}
Event: 24017.317 GC heap before
{Heap before GC invocations=30577 (full 3):
 def new generation   total 1748160K, used 1557465K [0x00007f5a18600000, 0x00007f5a8eed0000, 0x00007f5f6db50000)
  eden space 1553984K, 100% used [0x00007f5a18600000, 0x00007f5a77390000, 0x00007f5a77390000)
  from space 194176K,   1% used [0x00007f5a83130000, 0x00007f5a83496460, 0x00007f5a8eed0000)
  to   space 194176K,   0% used [0x00007f5a77390000, 0x00007f5a77390000, 0x00007f5a83130000)
 tenured generation   total 3884588K, used 3884308K [0x00007f5f6db50000, 0x00007f605acdb000, 0x00007f6a18600000)
   the space 3884588K,  99% used [0x00007f5f6db50000, 0x00007f605ac953c8, 0x00007f605ac95400, 0x00007f605acdb000)
 Metaspace       used 24833K, capacity 25298K, committed 25344K, reserved 26624K
}
Event: 24017.329 GC heap after
{Heap after GC invocations=30578 (full 3):
 def new generation   total 1748160K, used 3435K [0x00007f5a18600000, 0x00007f5a8eed0000, 0x00007f5f6db50000)
  eden space 1553984K,   0% used [0x00007f5a18600000, 0x00007f5a18600000, 0x00007f5a77390000)
  from space 194176K,   1% used [0x00007f5a77390000, 0x00007f5a776eac88, 0x00007f5a83130000)
  to   space 194176K,   0% used [0x00007f5a83130000, 0x00007f5a83130000, 0x00007f5a8eed0000)
 tenured generation   total 3884588K, used 3884556K [0x00007f5f6db50000, 0x00007f605acdb000, 0x00007f6a18600000)
   the space 3884588K,  99% used [0x00007f5f6db50000, 0x00007f605acd3088, 0x00007f605acd3200, 0x00007f605acdb000)
 Metaspace       used 24833K, capacity 25298K, committed 25344K, reserved 26624K
}
Event: 24018.711 GC heap before
{Heap before GC invocations=30578 (full 3):
 def new generation   total 1748160K, used 1557419K [0x00007f5a18600000, 0x00007f5a8eed0000, 0x00007f5f6db50000)
  eden space 1553984K, 100% used [0x00007f5a18600000, 0x00007f5a77390000, 0x00007f5a77390000)
  from space 194176K,   1% used [0x00007f5a77390000, 0x00007f5a776eac88, 0x00007f5a83130000)
  to   space 194176K,   0% used [0x00007f5a83130000, 0x00007f5a83130000, 0x00007f5a8eed0000)
 tenured generation   total 3884588K, used 3884556K [0x00007f5f6db50000, 0x00007f605acdb000, 0x00007f6a18600000)
   the space 3884588K,  99% used [0x00007f5f6db50000, 0x00007f605acd3088, 0x00007f605acd3200, 0x00007f605acdb000)
 Metaspace       used 24833K, capacity 25298K, committed 25344K, reserved 26624K
}
Event: 24018.721 GC heap after
{Heap after GC invocations=30579 (full 3):
 def new generation   total 1748160K, used 3470K [0x00007f5a18600000, 0x00007f5a8eed0000, 0x00007f5f6db50000)
  eden space 1553984K,   0% used [0x00007f5a18600000, 0x00007f5a18600000, 0x00007f5a77390000)
  from space 194176K,   1% used [0x00007f5a83130000, 0x00007f5a83493bf0, 0x00007f5a8eed0000)
  to   space 194176K,   0% used [0x00007f5a77390000, 0x00007f5a77390000, 0x00007f5a83130000)
 tenured generation   total 3884780K, used 3884768K [0x00007f5f6db50000, 0x00007f605ad0b000, 0x00007f6a18600000)
   the space 3884780K,  99% used [0x00007f5f6db50000, 0x00007f605ad08008, 0x00007f605ad08200, 0x00007f605ad0b000)
 Metaspace       used 24833K, capacity 25298K, committed 25344K, reserved 26624K
}
Event: 24018.721 GC heap before
{Heap before GC invocations=30579 (full 3):
 def new generation   total 1748160K, used 3470K [0x00007f5a18600000, 0x00007f5a8eed0000, 0x00007f5f6db50000)
  eden space 1553984K,   0% used [0x00007f5a18600000, 0x00007f5a18600000, 0x00007f5a77390000)
  from space 194176K,   1% used [0x00007f5a83130000, 0x00007f5a83493bf0, 0x00007f5a8eed0000)
  to   space 194176K,   0% used [0x00007f5a77390000, 0x00007f5a77390000, 0x00007f5a83130000)
 tenured generation   total 3884780K, used 3884768K [0x00007f5f6db50000, 0x00007f605ad0b000, 0x00007f6a18600000)
   the space 3884780K,  99% used [0x00007f5f6db50000, 0x00007f605ad08008, 0x00007f605ad08200, 0x00007f605ad0b000)
 Metaspace       used 24833K, capacity 25298K, committed 25344K, reserved 26624K
}

