# JRE version: OpenJDK Runtime Environment (13.0.7+5) (build 13.0.7+5-Ubuntu-0ubuntu120.04)
# Java VM: OpenJDK 64-Bit Server VM (13.0.7+5-Ubuntu-0ubuntu120.04, mixed mode, tiered, serial gc, linux-amd64)
Heap:
 def new generation   total 1048832K, used 6020K [0x00007f1198600000, 0x00007f11df800000, 0x00007f16edb50000)
  eden space 932352K,   0% used [0x00007f1198600000, 0x00007f1198be13c0, 0x00007f11d1480000)
  from space 116480K,   0% used [0x00007f11d8640000, 0x00007f11d8640000, 0x00007f11df800000)
  to   space 116480K,   0% used [0x00007f11d1480000, 0x00007f11d1480000, 0x00007f11d8640000)
 tenured generation   total 2330944K, used 2330943K [0x00007f16edb50000, 0x00007f177bfa0000, 0x00007f2198600000)
   the space 2330944K,  99% used [0x00007f16edb50000, 0x00007f177bf9fff8, 0x00007f177bfa0000, 0x00007f177bfa0000)
 Metaspace       used 24840K, capacity 25297K, committed 25344K, reserved 26624K
GC Heap History (20 events):
Event: 4950.790 GC heap after
{Heap after GC invocations=8112 (full 2):
 def new generation   total 1048832K, used 6038K [0x00007f1198600000, 0x00007f11df800000, 0x00007f16edb50000)
  eden space 932352K,   0% used [0x00007f1198600000, 0x00007f1198600000, 0x00007f11d1480000)
  from space 116480K,   5% used [0x00007f11d1480000, 0x00007f11d1a65aa8, 0x00007f11d8640000)
  to   space 116480K,   0% used [0x00007f11d8640000, 0x00007f11d8640000, 0x00007f11df800000)
 tenured generation   total 2330560K, used 2327368K [0x00007f16edb50000, 0x00007f177bf40000, 0x00007f2198600000)
   the space 2330560K,  99% used [0x00007f16edb50000, 0x00007f177bc22260, 0x00007f177bc22400, 0x00007f177bf40000)
 Metaspace       used 24840K, capacity 25297K, committed 25344K, reserved 26624K
}
Event: 4951.591 GC heap before
{Heap before GC invocations=8112 (full 2):
 def new generation   total 1048832K, used 938390K [0x00007f1198600000, 0x00007f11df800000, 0x00007f16edb50000)
  eden space 932352K, 100% used [0x00007f1198600000, 0x00007f11d1480000, 0x00007f11d1480000)
  from space 116480K,   5% used [0x00007f11d1480000, 0x00007f11d1a65aa8, 0x00007f11d8640000)
  to   space 116480K,   0% used [0x00007f11d8640000, 0x00007f11d8640000, 0x00007f11df800000)
 tenured generation   total 2330560K, used 2327368K [0x00007f16edb50000, 0x00007f177bf40000, 0x00007f2198600000)
   the space 2330560K,  99% used [0x00007f16edb50000, 0x00007f177bc22260, 0x00007f177bc22400, 0x00007f177bf40000)
 Metaspace       used 24840K, capacity 25297K, committed 25344K, reserved 26624K
}
Event: 4951.605 GC heap after
{Heap after GC invocations=8113 (full 2):
 def new generation   total 1048832K, used 6045K [0x00007f1198600000, 0x00007f11df800000, 0x00007f16edb50000)
  eden space 932352K,   0% used [0x00007f1198600000, 0x00007f1198600000, 0x00007f11d1480000)
  from space 116480K,   5% used [0x00007f11d8640000, 0x00007f11d8c27720, 0x00007f11df800000)
  to   space 116480K,   0% used [0x00007f11d1480000, 0x00007f11d1480000, 0x00007f11d8640000)
 tenured generation   total 2330560K, used 2327752K [0x00007f16edb50000, 0x00007f177bf40000, 0x00007f2198600000)
   the space 2330560K,  99% used [0x00007f16edb50000, 0x00007f177bc820a0, 0x00007f177bc82200, 0x00007f177bf40000)
 Metaspace       used 24840K, capacity 25297K, committed 25344K, reserved 26624K
}
Event: 4952.409 GC heap before
{Heap before GC invocations=8113 (full 2):
 def new generation   total 1048832K, used 938397K [0x00007f1198600000, 0x00007f11df800000, 0x00007f16edb50000)
  eden space 932352K, 100% used [0x00007f1198600000, 0x00007f11d1480000, 0x00007f11d1480000)
  from space 116480K,   5% used [0x00007f11d8640000, 0x00007f11d8c27720, 0x00007f11df800000)
  to   space 116480K,   0% used [0x00007f11d1480000, 0x00007f11d1480000, 0x00007f11d8640000)
 tenured generation   total 2330560K, used 2327752K [0x00007f16edb50000, 0x00007f177bf40000, 0x00007f2198600000)
   the space 2330560K,  99% used [0x00007f16edb50000, 0x00007f177bc820a0, 0x00007f177bc82200, 0x00007f177bf40000)
 Metaspace       used 24840K, capacity 25297K, committed 25344K, reserved 26624K
}
Event: 4952.423 GC heap after
{Heap after GC invocations=8114 (full 2):
 def new generation   total 1048832K, used 6008K [0x00007f1198600000, 0x00007f11df800000, 0x00007f16edb50000)
  eden space 932352K,   0% used [0x00007f1198600000, 0x00007f1198600000, 0x00007f11d1480000)
  from space 116480K,   5% used [0x00007f11d1480000, 0x00007f11d1a5e258, 0x00007f11d8640000)
  to   space 116480K,   0% used [0x00007f11d8640000, 0x00007f11d8640000, 0x00007f11df800000)
 tenured generation   total 2330560K, used 2328158K [0x00007f16edb50000, 0x00007f177bf40000, 0x00007f2198600000)
   the space 2330560K,  99% used [0x00007f16edb50000, 0x00007f177bce7920, 0x00007f177bce7a00, 0x00007f177bf40000)
 Metaspace       used 24840K, capacity 25297K, committed 25344K, reserved 26624K
}
Event: 4953.224 GC heap before
{Heap before GC invocations=8114 (full 2):
 def new generation   total 1048832K, used 938360K [0x00007f1198600000, 0x00007f11df800000, 0x00007f16edb50000)
  eden space 932352K, 100% used [0x00007f1198600000, 0x00007f11d1480000, 0x00007f11d1480000)
  from space 116480K,   5% used [0x00007f11d1480000, 0x00007f11d1a5e258, 0x00007f11d8640000)
  to   space 116480K,   0% used [0x00007f11d8640000, 0x00007f11d8640000, 0x00007f11df800000)
 tenured generation   total 2330560K, used 2328158K [0x00007f16edb50000, 0x00007f177bf40000, 0x00007f2198600000)
   the space 2330560K,  99% used [0x00007f16edb50000, 0x00007f177bce7920, 0x00007f177bce7a00, 0x00007f177bf40000)
 Metaspace       used 24840K, capacity 25297K, committed 25344K, reserved 26624K
}
Event: 4953.239 GC heap after
{Heap after GC invocations=8115 (full 2):
 def new generation   total 1048832K, used 6042K [0x00007f1198600000, 0x00007f11df800000, 0x00007f16edb50000)
  eden space 932352K,   0% used [0x00007f1198600000, 0x00007f1198600000, 0x00007f11d1480000)
  from space 116480K,   5% used [0x00007f11d8640000, 0x00007f11d8c268a8, 0x00007f11df800000)
  to   space 116480K,   0% used [0x00007f11d1480000, 0x00007f11d1480000, 0x00007f11d8640000)
 tenured generation   total 2330560K, used 2328564K [0x00007f16edb50000, 0x00007f177bf40000, 0x00007f2198600000)
   the space 2330560K,  99% used [0x00007f16edb50000, 0x00007f177bd4d1a0, 0x00007f177bd4d200, 0x00007f177bf40000)
 Metaspace       used 24840K, capacity 25297K, committed 25344K, reserved 26624K
}
Event: 4954.066 GC heap before
{Heap before GC invocations=8115 (full 2):
 def new generation   total 1048832K, used 938394K [0x00007f1198600000, 0x00007f11df800000, 0x00007f16edb50000)
  eden space 932352K, 100% used [0x00007f1198600000, 0x00007f11d1480000, 0x00007f11d1480000)
  from space 116480K,   5% used [0x00007f11d8640000, 0x00007f11d8c268a8, 0x00007f11df800000)
  to   space 116480K,   0% used [0x00007f11d1480000, 0x00007f11d1480000, 0x00007f11d8640000)
 tenured generation   total 2330560K, used 2328564K [0x00007f16edb50000, 0x00007f177bf40000, 0x00007f2198600000)
   the space 2330560K,  99% used [0x00007f16edb50000, 0x00007f177bd4d1a0, 0x00007f177bd4d200, 0x00007f177bf40000)
 Metaspace       used 24840K, capacity 25297K, committed 25344K, reserved 26624K
}
Event: 4954.079 GC heap after
{Heap after GC invocations=8116 (full 2):
 def new generation   total 1048832K, used 6011K [0x00007f1198600000, 0x00007f11df800000, 0x00007f16edb50000)
  eden space 932352K,   0% used [0x00007f1198600000, 0x00007f1198600000, 0x00007f11d1480000)
  from space 116480K,   5% used [0x00007f11d1480000, 0x00007f11d1a5efa0, 0x00007f11d8640000)
  to   space 116480K,   0% used [0x00007f11d8640000, 0x00007f11d8640000, 0x00007f11df800000)
 tenured generation   total 2330560K, used 2328947K [0x00007f16edb50000, 0x00007f177bf40000, 0x00007f2198600000)
   the space 2330560K,  99% used [0x00007f16edb50000, 0x00007f177bdacfe0, 0x00007f177bdad000, 0x00007f177bf40000)
 Metaspace       used 24840K, capacity 25297K, committed 25344K, reserved 26624K
}
Event: 4954.875 GC heap before
{Heap before GC invocations=8116 (full 2):
 def new generation   total 1048832K, used 938363K [0x00007f1198600000, 0x00007f11df800000, 0x00007f16edb50000)
  eden space 932352K, 100% used [0x00007f1198600000, 0x00007f11d1480000, 0x00007f11d1480000)
  from space 116480K,   5% used [0x00007f11d1480000, 0x00007f11d1a5efa0, 0x00007f11d8640000)
  to   space 116480K,   0% used [0x00007f11d8640000, 0x00007f11d8640000, 0x00007f11df800000)
 tenured generation   total 2330560K, used 2328947K [0x00007f16edb50000, 0x00007f177bf40000, 0x00007f2198600000)
   the space 2330560K,  99% used [0x00007f16edb50000, 0x00007f177bdacfe0, 0x00007f177bdad000, 0x00007f177bf40000)
 Metaspace       used 24840K, capacity 25297K, committed 25344K, reserved 26624K
}
Event: 4954.889 GC heap after
{Heap after GC invocations=8117 (full 2):
 def new generation   total 1048832K, used 6007K [0x00007f1198600000, 0x00007f11df800000, 0x00007f16edb50000)
  eden space 932352K,   0% used [0x00007f1198600000, 0x00007f1198600000, 0x00007f11d1480000)
  from space 116480K,   5% used [0x00007f11d8640000, 0x00007f11d8c1ded0, 0x00007f11df800000)
  to   space 116480K,   0% used [0x00007f11d1480000, 0x00007f11d1480000, 0x00007f11d8640000)
 tenured generation   total 2330560K, used 2329354K [0x00007f16edb50000, 0x00007f177bf40000, 0x00007f2198600000)
   the space 2330560K,  99% used [0x00007f16edb50000, 0x00007f177be12860, 0x00007f177be12a00, 0x00007f177bf40000)
 Metaspace       used 24840K, capacity 25297K, committed 25344K, reserved 26624K
}
Event: 4955.711 GC heap before
{Heap before GC invocations=8117 (full 2):
 def new generation   total 1048832K, used 938359K [0x00007f1198600000, 0x00007f11df800000, 0x00007f16edb50000)
  eden space 932352K, 100% used [0x00007f1198600000, 0x00007f11d1480000, 0x00007f11d1480000)
  from space 116480K,   5% used [0x00007f11d8640000, 0x00007f11d8c1ded0, 0x00007f11df800000)
  to   space 116480K,   0% used [0x00007f11d1480000, 0x00007f11d1480000, 0x00007f11d8640000)
 tenured generation   total 2330560K, used 2329354K [0x00007f16edb50000, 0x00007f177bf40000, 0x00007f2198600000)
   the space 2330560K,  99% used [0x00007f16edb50000, 0x00007f177be12860, 0x00007f177be12a00, 0x00007f177bf40000)
 Metaspace       used 24840K, capacity 25297K, committed 25344K, reserved 26624K
}
Event: 4955.728 GC heap after
{Heap after GC invocations=8118 (full 2):
 def new generation   total 1048832K, used 6026K [0x00007f1198600000, 0x00007f11df800000, 0x00007f16edb50000)
  eden space 932352K,   0% used [0x00007f1198600000, 0x00007f1198600000, 0x00007f11d1480000)
  from space 116480K,   5% used [0x00007f11d1480000, 0x00007f11d1a629c0, 0x00007f11d8640000)
  to   space 116480K,   0% used [0x00007f11d8640000, 0x00007f11d8640000, 0x00007f11df800000)
 tenured generation   total 2330560K, used 2329738K [0x00007f16edb50000, 0x00007f177bf40000, 0x00007f2198600000)
   the space 2330560K,  99% used [0x00007f16edb50000, 0x00007f177be72970, 0x00007f177be72a00, 0x00007f177bf40000)
 Metaspace       used 24840K, capacity 25297K, committed 25344K, reserved 26624K
}
Event: 4956.614 GC heap before
{Heap before GC invocations=8118 (full 2):
 def new generation   total 1048832K, used 938378K [0x00007f1198600000, 0x00007f11df800000, 0x00007f16edb50000)
  eden space 932352K, 100% used [0x00007f1198600000, 0x00007f11d1480000, 0x00007f11d1480000)
  from space 116480K,   5% used [0x00007f11d1480000, 0x00007f11d1a629c0, 0x00007f11d8640000)
  to   space 116480K,   0% used [0x00007f11d8640000, 0x00007f11d8640000, 0x00007f11df800000)
 tenured generation   total 2330560K, used 2329738K [0x00007f16edb50000, 0x00007f177bf40000, 0x00007f2198600000)
   the space 2330560K,  99% used [0x00007f16edb50000, 0x00007f177be72970, 0x00007f177be72a00, 0x00007f177bf40000)
 Metaspace       used 24840K, capacity 25297K, committed 25344K, reserved 26624K
}
Event: 4956.629 GC heap after
{Heap after GC invocations=8119 (full 2):
 def new generation   total 1048832K, used 6024K [0x00007f1198600000, 0x00007f11df800000, 0x00007f16edb50000)
  eden space 932352K,   0% used [0x00007f1198600000, 0x00007f1198600000, 0x00007f11d1480000)
  from space 116480K,   5% used [0x00007f11d8640000, 0x00007f11d8c22030, 0x00007f11df800000)
  to   space 116480K,   0% used [0x00007f11d1480000, 0x00007f11d1480000, 0x00007f11d8640000)
 tenured generation   total 2330560K, used 2330143K [0x00007f16edb50000, 0x00007f177bf40000, 0x00007f2198600000)
   the space 2330560K,  99% used [0x00007f16edb50000, 0x00007f177bed7f20, 0x00007f177bed8000, 0x00007f177bf40000)
 Metaspace       used 24840K, capacity 25297K, committed 25344K, reserved 26624K
}
Event: 4957.461 GC heap before
{Heap before GC invocations=8119 (full 2):
 def new generation   total 1048832K, used 938376K [0x00007f1198600000, 0x00007f11df800000, 0x00007f16edb50000)
  eden space 932352K, 100% used [0x00007f1198600000, 0x00007f11d1480000, 0x00007f11d1480000)
  from space 116480K,   5% used [0x00007f11d8640000, 0x00007f11d8c22030, 0x00007f11df800000)
  to   space 116480K,   0% used [0x00007f11d1480000, 0x00007f11d1480000, 0x00007f11d8640000)
 tenured generation   total 2330560K, used 2330143K [0x00007f16edb50000, 0x00007f177bf40000, 0x00007f2198600000)
   the space 2330560K,  99% used [0x00007f16edb50000, 0x00007f177bed7f20, 0x00007f177bed8000, 0x00007f177bf40000)
 Metaspace       used 24840K, capacity 25297K, committed 25344K, reserved 26624K
}
Event: 4957.475 GC heap after
{Heap after GC invocations=8120 (full 2):
 def new generation   total 1048832K, used 6012K [0x00007f1198600000, 0x00007f11df800000, 0x00007f16edb50000)
  eden space 932352K,   0% used [0x00007f1198600000, 0x00007f1198600000, 0x00007f11d1480000)
  from space 116480K,   5% used [0x00007f11d1480000, 0x00007f11d1a5f080, 0x00007f11d8640000)
  to   space 116480K,   0% used [0x00007f11d8640000, 0x00007f11d8640000, 0x00007f11df800000)
 tenured generation   total 2330560K, used 2330549K [0x00007f16edb50000, 0x00007f177bf40000, 0x00007f2198600000)
   the space 2330560K,  99% used [0x00007f16edb50000, 0x00007f177bf3d7a0, 0x00007f177bf3d800, 0x00007f177bf40000)
 Metaspace       used 24840K, capacity 25297K, committed 25344K, reserved 26624K
}
Event: 4958.332 GC heap before
{Heap before GC invocations=8120 (full 2):
 def new generation   total 1048832K, used 938364K [0x00007f1198600000, 0x00007f11df800000, 0x00007f16edb50000)
  eden space 932352K, 100% used [0x00007f1198600000, 0x00007f11d1480000, 0x00007f11d1480000)
  from space 116480K,   5% used [0x00007f11d1480000, 0x00007f11d1a5f080, 0x00007f11d8640000)
  to   space 116480K,   0% used [0x00007f11d8640000, 0x00007f11d8640000, 0x00007f11df800000)
 tenured generation   total 2330560K, used 2330549K [0x00007f16edb50000, 0x00007f177bf40000, 0x00007f2198600000)
   the space 2330560K,  99% used [0x00007f16edb50000, 0x00007f177bf3d7a0, 0x00007f177bf3d800, 0x00007f177bf40000)
 Metaspace       used 24840K, capacity 25297K, committed 25344K, reserved 26624K
}
Event: 4958.347 GC heap after
{Heap after GC invocations=8121 (full 2):
 def new generation   total 1048832K, used 6031K [0x00007f1198600000, 0x00007f11df800000, 0x00007f16edb50000)
  eden space 932352K,   0% used [0x00007f1198600000, 0x00007f1198600000, 0x00007f11d1480000)
  from space 116480K,   5% used [0x00007f11d8640000, 0x00007f11d8c23dd8, 0x00007f11df800000)
  to   space 116480K,   0% used [0x00007f11d1480000, 0x00007f11d1480000, 0x00007f11d8640000)
 tenured generation   total 2330944K, used 2330933K [0x00007f16edb50000, 0x00007f177bfa0000, 0x00007f2198600000)
   the space 2330944K,  99% used [0x00007f16edb50000, 0x00007f177bf9d5e0, 0x00007f177bf9d600, 0x00007f177bfa0000)
 Metaspace       used 24840K, capacity 25297K, committed 25344K, reserved 26624K
}
Event: 4958.347 GC heap before
{Heap before GC invocations=8121 (full 2):
 def new generation   total 1048832K, used 6031K [0x00007f1198600000, 0x00007f11df800000, 0x00007f16edb50000)
  eden space 932352K,   0% used [0x00007f1198600000, 0x00007f1198600000, 0x00007f11d1480000)
  from space 116480K,   5% used [0x00007f11d8640000, 0x00007f11d8c23dd8, 0x00007f11df800000)
  to   space 116480K,   0% used [0x00007f11d1480000, 0x00007f11d1480000, 0x00007f11d8640000)
 tenured generation   total 2330944K, used 2330933K [0x00007f16edb50000, 0x00007f177bfa0000, 0x00007f2198600000)
   the space 2330944K,  99% used [0x00007f16edb50000, 0x00007f177bf9d5e0, 0x00007f177bf9d600, 0x00007f177bfa0000)
 Metaspace       used 24840K, capacity 25297K, committed 25344K, reserved 26624K
}

