# JRE version: OpenJDK Runtime Environment (13.0.7+5) (build 13.0.7+5-Ubuntu-0ubuntu120.04)
# Java VM: OpenJDK 64-Bit Server VM (13.0.7+5-Ubuntu-0ubuntu120.04, mixed mode, tiered, serial gc, linux-amd64)
Heap:
 def new generation   total 629248K, used 477K [0x00007f9d1c600000, 0x00007f9d470c0000, 0x00007fa271b50000)
  eden space 559360K,   0% used [0x00007f9d1c600000, 0x00007f9d1c6776d0, 0x00007f9d3e840000)
  from space 69888K,   0% used [0x00007f9d3e840000, 0x00007f9d3e840000, 0x00007f9d42c80000)
  to   space 69888K,   0% used [0x00007f9d42c80000, 0x00007f9d42c80000, 0x00007f9d470c0000)
 tenured generation   total 1398144K, used 1398143K [0x00007fa271b50000, 0x00007fa2c70b0000, 0x00007fad1c600000)
   the space 1398144K,  99% used [0x00007fa271b50000, 0x00007fa2c70affd8, 0x00007fa2c70b0000, 0x00007fa2c70b0000)
 Metaspace       used 24851K, capacity 25366K, committed 25600K, reserved 26624K
GC Heap History (20 events):
Event: 25771.128 GC heap after
{Heap after GC invocations=53700 (full 1):
 def new generation   total 629248K, used 685K [0x00007f9d1c600000, 0x00007f9d470c0000, 0x00007fa271b50000)
  eden space 559360K,   0% used [0x00007f9d1c600000, 0x00007f9d1c600000, 0x00007f9d3e840000)
  from space 69888K,   0% used [0x00007f9d42c80000, 0x00007f9d42d2b788, 0x00007f9d470c0000)
  to   space 69888K,   0% used [0x00007f9d3e840000, 0x00007f9d3e840000, 0x00007f9d42c80000)
 tenured generation   total 1398144K, used 1397889K [0x00007fa271b50000, 0x00007fa2c70b0000, 0x00007fad1c600000)
   the space 1398144K,  99% used [0x00007fa271b50000, 0x00007fa2c70704f0, 0x00007fa2c7070600, 0x00007fa2c70b0000)
 Metaspace       used 24851K, capacity 25366K, committed 25600K, reserved 26624K
}
Event: 25771.565 GC heap before
{Heap before GC invocations=53700 (full 1):
 def new generation   total 629248K, used 560045K [0x00007f9d1c600000, 0x00007f9d470c0000, 0x00007fa271b50000)
  eden space 559360K, 100% used [0x00007f9d1c600000, 0x00007f9d3e840000, 0x00007f9d3e840000)
  from space 69888K,   0% used [0x00007f9d42c80000, 0x00007f9d42d2b788, 0x00007f9d470c0000)
  to   space 69888K,   0% used [0x00007f9d3e840000, 0x00007f9d3e840000, 0x00007f9d42c80000)
 tenured generation   total 1398144K, used 1397889K [0x00007fa271b50000, 0x00007fa2c70b0000, 0x00007fad1c600000)
   the space 1398144K,  99% used [0x00007fa271b50000, 0x00007fa2c70704f0, 0x00007fa2c7070600, 0x00007fa2c70b0000)
 Metaspace       used 24851K, capacity 25366K, committed 25600K, reserved 26624K
}
Event: 25771.568 GC heap after
{Heap after GC invocations=53701 (full 1):
 def new generation   total 629248K, used 526K [0x00007f9d1c600000, 0x00007f9d470c0000, 0x00007fa271b50000)
  eden space 559360K,   0% used [0x00007f9d1c600000, 0x00007f9d1c600000, 0x00007f9d3e840000)
  from space 69888K,   0% used [0x00007f9d3e840000, 0x00007f9d3e8c3b18, 0x00007f9d42c80000)
  to   space 69888K,   0% used [0x00007f9d42c80000, 0x00007f9d42c80000, 0x00007f9d470c0000)
 tenured generation   total 1398144K, used 1397930K [0x00007fa271b50000, 0x00007fa2c70b0000, 0x00007fad1c600000)
   the space 1398144K,  99% used [0x00007fa271b50000, 0x00007fa2c707a8b0, 0x00007fa2c707aa00, 0x00007fa2c70b0000)
 Metaspace       used 24851K, capacity 25366K, committed 25600K, reserved 26624K
}
Event: 25772.013 GC heap before
{Heap before GC invocations=53701 (full 1):
 def new generation   total 629248K, used 559886K [0x00007f9d1c600000, 0x00007f9d470c0000, 0x00007fa271b50000)
  eden space 559360K, 100% used [0x00007f9d1c600000, 0x00007f9d3e840000, 0x00007f9d3e840000)
  from space 69888K,   0% used [0x00007f9d3e840000, 0x00007f9d3e8c3b18, 0x00007f9d42c80000)
  to   space 69888K,   0% used [0x00007f9d42c80000, 0x00007f9d42c80000, 0x00007f9d470c0000)
 tenured generation   total 1398144K, used 1397930K [0x00007fa271b50000, 0x00007fa2c70b0000, 0x00007fad1c600000)
   the space 1398144K,  99% used [0x00007fa271b50000, 0x00007fa2c707a8b0, 0x00007fa2c707aa00, 0x00007fa2c70b0000)
 Metaspace       used 24851K, capacity 25366K, committed 25600K, reserved 26624K
}
Event: 25772.016 GC heap after
{Heap after GC invocations=53702 (full 1):
 def new generation   total 629248K, used 771K [0x00007f9d1c600000, 0x00007f9d470c0000, 0x00007fa271b50000)
  eden space 559360K,   0% used [0x00007f9d1c600000, 0x00007f9d1c600000, 0x00007f9d3e840000)
  from space 69888K,   1% used [0x00007f9d42c80000, 0x00007f9d42d40f10, 0x00007f9d470c0000)
  to   space 69888K,   0% used [0x00007f9d3e840000, 0x00007f9d3e840000, 0x00007f9d42c80000)
 tenured generation   total 1398144K, used 1397930K [0x00007fa271b50000, 0x00007fa2c70b0000, 0x00007fad1c600000)
   the space 1398144K,  99% used [0x00007fa271b50000, 0x00007fa2c707a8b0, 0x00007fa2c707aa00, 0x00007fa2c70b0000)
 Metaspace       used 24851K, capacity 25366K, committed 25600K, reserved 26624K
}
Event: 25772.481 GC heap before
{Heap before GC invocations=53702 (full 1):
 def new generation   total 629248K, used 560131K [0x00007f9d1c600000, 0x00007f9d470c0000, 0x00007fa271b50000)
  eden space 559360K, 100% used [0x00007f9d1c600000, 0x00007f9d3e840000, 0x00007f9d3e840000)
  from space 69888K,   1% used [0x00007f9d42c80000, 0x00007f9d42d40f10, 0x00007f9d470c0000)
  to   space 69888K,   0% used [0x00007f9d3e840000, 0x00007f9d3e840000, 0x00007f9d42c80000)
 tenured generation   total 1398144K, used 1397930K [0x00007fa271b50000, 0x00007fa2c70b0000, 0x00007fad1c600000)
   the space 1398144K,  99% used [0x00007fa271b50000, 0x00007fa2c707a8b0, 0x00007fa2c707aa00, 0x00007fa2c70b0000)
 Metaspace       used 24851K, capacity 25366K, committed 25600K, reserved 26624K
}
Event: 25772.484 GC heap after
{Heap after GC invocations=53703 (full 1):
 def new generation   total 629248K, used 599K [0x00007f9d1c600000, 0x00007f9d470c0000, 0x00007fa271b50000)
  eden space 559360K,   0% used [0x00007f9d1c600000, 0x00007f9d1c600000, 0x00007f9d3e840000)
  from space 69888K,   0% used [0x00007f9d3e840000, 0x00007f9d3e8d5d78, 0x00007f9d42c80000)
  to   space 69888K,   0% used [0x00007f9d42c80000, 0x00007f9d42c80000, 0x00007f9d470c0000)
 tenured generation   total 1398144K, used 1397971K [0x00007fa271b50000, 0x00007fa2c70b0000, 0x00007fad1c600000)
   the space 1398144K,  99% used [0x00007fa271b50000, 0x00007fa2c7084c70, 0x00007fa2c7084e00, 0x00007fa2c70b0000)
 Metaspace       used 24851K, capacity 25366K, committed 25600K, reserved 26624K
}
Event: 25772.937 GC heap before
{Heap before GC invocations=53703 (full 1):
 def new generation   total 629248K, used 559959K [0x00007f9d1c600000, 0x00007f9d470c0000, 0x00007fa271b50000)
  eden space 559360K, 100% used [0x00007f9d1c600000, 0x00007f9d3e840000, 0x00007f9d3e840000)
  from space 69888K,   0% used [0x00007f9d3e840000, 0x00007f9d3e8d5d78, 0x00007f9d42c80000)
  to   space 69888K,   0% used [0x00007f9d42c80000, 0x00007f9d42c80000, 0x00007f9d470c0000)
 tenured generation   total 1398144K, used 1397971K [0x00007fa271b50000, 0x00007fa2c70b0000, 0x00007fad1c600000)
   the space 1398144K,  99% used [0x00007fa271b50000, 0x00007fa2c7084c70, 0x00007fa2c7084e00, 0x00007fa2c70b0000)
 Metaspace       used 24851K, capacity 25366K, committed 25600K, reserved 26624K
}
Event: 25772.940 GC heap after
{Heap after GC invocations=53704 (full 1):
 def new generation   total 629248K, used 464K [0x00007f9d1c600000, 0x00007f9d470c0000, 0x00007fa271b50000)
  eden space 559360K,   0% used [0x00007f9d1c600000, 0x00007f9d1c600000, 0x00007f9d3e840000)
  from space 69888K,   0% used [0x00007f9d42c80000, 0x00007f9d42cf4238, 0x00007f9d470c0000)
  to   space 69888K,   0% used [0x00007f9d3e840000, 0x00007f9d3e840000, 0x00007f9d42c80000)
 tenured generation   total 1398144K, used 1398012K [0x00007fa271b50000, 0x00007fa2c70b0000, 0x00007fad1c600000)
   the space 1398144K,  99% used [0x00007fa271b50000, 0x00007fa2c708f030, 0x00007fa2c708f200, 0x00007fa2c70b0000)
 Metaspace       used 24851K, capacity 25366K, committed 25600K, reserved 26624K
}
Event: 25773.386 GC heap before
{Heap before GC invocations=53704 (full 1):
 def new generation   total 629248K, used 559824K [0x00007f9d1c600000, 0x00007f9d470c0000, 0x00007fa271b50000)
  eden space 559360K, 100% used [0x00007f9d1c600000, 0x00007f9d3e840000, 0x00007f9d3e840000)
  from space 69888K,   0% used [0x00007f9d42c80000, 0x00007f9d42cf4238, 0x00007f9d470c0000)
  to   space 69888K,   0% used [0x00007f9d3e840000, 0x00007f9d3e840000, 0x00007f9d42c80000)
 tenured generation   total 1398144K, used 1398012K [0x00007fa271b50000, 0x00007fa2c70b0000, 0x00007fad1c600000)
   the space 1398144K,  99% used [0x00007fa271b50000, 0x00007fa2c708f030, 0x00007fa2c708f200, 0x00007fa2c70b0000)
 Metaspace       used 24851K, capacity 25366K, committed 25600K, reserved 26624K
}
Event: 25773.390 GC heap after
{Heap after GC invocations=53705 (full 1):
 def new generation   total 629248K, used 722K [0x00007f9d1c600000, 0x00007f9d470c0000, 0x00007fa271b50000)
  eden space 559360K,   0% used [0x00007f9d1c600000, 0x00007f9d1c600000, 0x00007f9d3e840000)
  from space 69888K,   1% used [0x00007f9d3e840000, 0x00007f9d3e8f48c0, 0x00007f9d42c80000)
  to   space 69888K,   0% used [0x00007f9d42c80000, 0x00007f9d42c80000, 0x00007f9d470c0000)
 tenured generation   total 1398144K, used 1398012K [0x00007fa271b50000, 0x00007fa2c70b0000, 0x00007fad1c600000)
   the space 1398144K,  99% used [0x00007fa271b50000, 0x00007fa2c708f030, 0x00007fa2c708f200, 0x00007fa2c70b0000)
 Metaspace       used 24851K, capacity 25366K, committed 25600K, reserved 26624K
}
Event: 25773.855 GC heap before
{Heap before GC invocations=53705 (full 1):
 def new generation   total 629248K, used 560082K [0x00007f9d1c600000, 0x00007f9d470c0000, 0x00007fa271b50000)
  eden space 559360K, 100% used [0x00007f9d1c600000, 0x00007f9d3e840000, 0x00007f9d3e840000)
  from space 69888K,   1% used [0x00007f9d3e840000, 0x00007f9d3e8f48c0, 0x00007f9d42c80000)
  to   space 69888K,   0% used [0x00007f9d42c80000, 0x00007f9d42c80000, 0x00007f9d470c0000)
 tenured generation   total 1398144K, used 1398012K [0x00007fa271b50000, 0x00007fa2c70b0000, 0x00007fad1c600000)
   the space 1398144K,  99% used [0x00007fa271b50000, 0x00007fa2c708f030, 0x00007fa2c708f200, 0x00007fa2c70b0000)
 Metaspace       used 24851K, capacity 25366K, committed 25600K, reserved 26624K
}
Event: 25773.858 GC heap after
{Heap after GC invocations=53706 (full 1):
 def new generation   total 629248K, used 555K [0x00007f9d1c600000, 0x00007f9d470c0000, 0x00007fa271b50000)
  eden space 559360K,   0% used [0x00007f9d1c600000, 0x00007f9d1c600000, 0x00007f9d3e840000)
  from space 69888K,   0% used [0x00007f9d42c80000, 0x00007f9d42d0ae20, 0x00007f9d470c0000)
  to   space 69888K,   0% used [0x00007f9d3e840000, 0x00007f9d3e840000, 0x00007f9d42c80000)
 tenured generation   total 1398144K, used 1398052K [0x00007fa271b50000, 0x00007fa2c70b0000, 0x00007fad1c600000)
   the space 1398144K,  99% used [0x00007fa271b50000, 0x00007fa2c70993f0, 0x00007fa2c7099400, 0x00007fa2c70b0000)
 Metaspace       used 24851K, capacity 25366K, committed 25600K, reserved 26624K
}
Event: 25774.305 GC heap before
{Heap before GC invocations=53706 (full 1):
 def new generation   total 629248K, used 559915K [0x00007f9d1c600000, 0x00007f9d470c0000, 0x00007fa271b50000)
  eden space 559360K, 100% used [0x00007f9d1c600000, 0x00007f9d3e840000, 0x00007f9d3e840000)
  from space 69888K,   0% used [0x00007f9d42c80000, 0x00007f9d42d0ae20, 0x00007f9d470c0000)
  to   space 69888K,   0% used [0x00007f9d3e840000, 0x00007f9d3e840000, 0x00007f9d42c80000)
 tenured generation   total 1398144K, used 1398052K [0x00007fa271b50000, 0x00007fa2c70b0000, 0x00007fad1c600000)
   the space 1398144K,  99% used [0x00007fa271b50000, 0x00007fa2c70993f0, 0x00007fa2c7099400, 0x00007fa2c70b0000)
 Metaspace       used 24851K, capacity 25366K, committed 25600K, reserved 26624K
}
Event: 25774.308 GC heap after
{Heap after GC invocations=53707 (full 1):
 def new generation   total 629248K, used 758K [0x00007f9d1c600000, 0x00007f9d470c0000, 0x00007fa271b50000)
  eden space 559360K,   0% used [0x00007f9d1c600000, 0x00007f9d1c600000, 0x00007f9d3e840000)
  from space 69888K,   1% used [0x00007f9d3e840000, 0x00007f9d3e8fd950, 0x00007f9d42c80000)
  to   space 69888K,   0% used [0x00007f9d42c80000, 0x00007f9d42c80000, 0x00007f9d470c0000)
 tenured generation   total 1398144K, used 1398052K [0x00007fa271b50000, 0x00007fa2c70b0000, 0x00007fad1c600000)
   the space 1398144K,  99% used [0x00007fa271b50000, 0x00007fa2c70993f0, 0x00007fa2c7099400, 0x00007fa2c70b0000)
 Metaspace       used 24851K, capacity 25366K, committed 25600K, reserved 26624K
}
Event: 25774.760 GC heap before
{Heap before GC invocations=53707 (full 1):
 def new generation   total 629248K, used 560118K [0x00007f9d1c600000, 0x00007f9d470c0000, 0x00007fa271b50000)
  eden space 559360K, 100% used [0x00007f9d1c600000, 0x00007f9d3e840000, 0x00007f9d3e840000)
  from space 69888K,   1% used [0x00007f9d3e840000, 0x00007f9d3e8fd950, 0x00007f9d42c80000)
  to   space 69888K,   0% used [0x00007f9d42c80000, 0x00007f9d42c80000, 0x00007f9d470c0000)
 tenured generation   total 1398144K, used 1398052K [0x00007fa271b50000, 0x00007fa2c70b0000, 0x00007fad1c600000)
   the space 1398144K,  99% used [0x00007fa271b50000, 0x00007fa2c70993f0, 0x00007fa2c7099400, 0x00007fa2c70b0000)
 Metaspace       used 24851K, capacity 25366K, committed 25600K, reserved 26624K
}
Event: 25774.764 GC heap after
{Heap after GC invocations=53708 (full 1):
 def new generation   total 629248K, used 607K [0x00007f9d1c600000, 0x00007f9d470c0000, 0x00007fa271b50000)
  eden space 559360K,   0% used [0x00007f9d1c600000, 0x00007f9d1c600000, 0x00007f9d3e840000)
  from space 69888K,   0% used [0x00007f9d42c80000, 0x00007f9d42d17e70, 0x00007f9d470c0000)
  to   space 69888K,   0% used [0x00007f9d3e840000, 0x00007f9d3e840000, 0x00007f9d42c80000)
 tenured generation   total 1398144K, used 1398093K [0x00007fa271b50000, 0x00007fa2c70b0000, 0x00007fad1c600000)
   the space 1398144K,  99% used [0x00007fa271b50000, 0x00007fa2c70a37b0, 0x00007fa2c70a3800, 0x00007fa2c70b0000)
 Metaspace       used 24851K, capacity 25366K, committed 25600K, reserved 26624K
}
Event: 25775.240 GC heap before
{Heap before GC invocations=53708 (full 1):
 def new generation   total 629248K, used 559967K [0x00007f9d1c600000, 0x00007f9d470c0000, 0x00007fa271b50000)
  eden space 559360K, 100% used [0x00007f9d1c600000, 0x00007f9d3e840000, 0x00007f9d3e840000)
  from space 69888K,   0% used [0x00007f9d42c80000, 0x00007f9d42d17e70, 0x00007f9d470c0000)
  to   space 69888K,   0% used [0x00007f9d3e840000, 0x00007f9d3e840000, 0x00007f9d42c80000)
 tenured generation   total 1398144K, used 1398093K [0x00007fa271b50000, 0x00007fa2c70b0000, 0x00007fad1c600000)
   the space 1398144K,  99% used [0x00007fa271b50000, 0x00007fa2c70a37b0, 0x00007fa2c70a3800, 0x00007fa2c70b0000)
 Metaspace       used 24851K, capacity 25366K, committed 25600K, reserved 26624K
}
Event: 25775.244 GC heap after
{Heap after GC invocations=53709 (full 1):
 def new generation   total 629248K, used 486K [0x00007f9d1c600000, 0x00007f9d470c0000, 0x00007fa271b50000)
  eden space 559360K,   0% used [0x00007f9d1c600000, 0x00007f9d1c600000, 0x00007f9d3e840000)
  from space 69888K,   0% used [0x00007f9d3e840000, 0x00007f9d3e8b9b38, 0x00007f9d42c80000)
  to   space 69888K,   0% used [0x00007f9d42c80000, 0x00007f9d42c80000, 0x00007f9d470c0000)
 tenured generation   total 1398144K, used 1398134K [0x00007fa271b50000, 0x00007fa2c70b0000, 0x00007fad1c600000)
   the space 1398144K,  99% used [0x00007fa271b50000, 0x00007fa2c70adb70, 0x00007fa2c70adc00, 0x00007fa2c70b0000)
 Metaspace       used 24851K, capacity 25366K, committed 25600K, reserved 26624K
}
Event: 25775.244 GC heap before
{Heap before GC invocations=53709 (full 1):
 def new generation   total 629248K, used 486K [0x00007f9d1c600000, 0x00007f9d470c0000, 0x00007fa271b50000)
  eden space 559360K,   0% used [0x00007f9d1c600000, 0x00007f9d1c600000, 0x00007f9d3e840000)
  from space 69888K,   0% used [0x00007f9d3e840000, 0x00007f9d3e8b9b38, 0x00007f9d42c80000)
  to   space 69888K,   0% used [0x00007f9d42c80000, 0x00007f9d42c80000, 0x00007f9d470c0000)
 tenured generation   total 1398144K, used 1398134K [0x00007fa271b50000, 0x00007fa2c70b0000, 0x00007fad1c600000)
   the space 1398144K,  99% used [0x00007fa271b50000, 0x00007fa2c70adb70, 0x00007fa2c70adc00, 0x00007fa2c70b0000)
 Metaspace       used 24851K, capacity 25366K, committed 25600K, reserved 26624K
}

