# JRE version: OpenJDK Runtime Environment (13.0.7+5) (build 13.0.7+5-Ubuntu-0ubuntu120.04)
# Java VM: OpenJDK 64-Bit Server VM (13.0.7+5-Ubuntu-0ubuntu120.04, mixed mode, tiered, serial gc, linux-amd64)
Heap:
 def new generation   total 2866432K, used 5968K [0x00007f0720600000, 0x00007f07e2c40000, 0x00007f0c75b50000)
  eden space 2547968K,   0% used [0x00007f0720600000, 0x00007f0720bd4140, 0x00007f07bbe40000)
  from space 318464K,   0% used [0x00007f07cf540000, 0x00007f07cf540000, 0x00007f07e2c40000)
  to   space 318464K,   0% used [0x00007f07bbe40000, 0x00007f07bbe40000, 0x00007f07cf540000)
 tenured generation   total 6369920K, used 6369919K [0x00007f0c75b50000, 0x00007f0dfa7f0000, 0x00007f1720600000)
   the space 6369920K,  99% used [0x00007f0c75b50000, 0x00007f0dfa7effd8, 0x00007f0dfa7f0000, 0x00007f0dfa7f0000)
 Metaspace       used 24978K, capacity 25447K, committed 25600K, reserved 26624K
GC Heap History (20 events):
Event: 36567.039 GC heap after
{Heap after GC invocations=56482 (full 4):
 def new generation   total 2866432K, used 6097K [0x00007f0720600000, 0x00007f07e2c40000, 0x00007f0c75b50000)
  eden space 2547968K,   0% used [0x00007f0720600000, 0x00007f0720600000, 0x00007f07bbe40000)
  from space 318464K,   1% used [0x00007f07bbe40000, 0x00007f07bc434438, 0x00007f07cf540000)
  to   space 318464K,   0% used [0x00007f07cf540000, 0x00007f07cf540000, 0x00007f07e2c40000)
 tenured generation   total 6369728K, used 6366233K [0x00007f0c75b50000, 0x00007f0dfa7c0000, 0x00007f1720600000)
   the space 6369728K,  99% used [0x00007f0c75b50000, 0x00007f0dfa4566c0, 0x00007f0dfa456800, 0x00007f0dfa7c0000)
 Metaspace       used 24978K, capacity 25447K, committed 25600K, reserved 26624K
}
Event: 36568.603 GC heap before
{Heap before GC invocations=56482 (full 4):
 def new generation   total 2866432K, used 2554065K [0x00007f0720600000, 0x00007f07e2c40000, 0x00007f0c75b50000)
  eden space 2547968K, 100% used [0x00007f0720600000, 0x00007f07bbe40000, 0x00007f07bbe40000)
  from space 318464K,   1% used [0x00007f07bbe40000, 0x00007f07bc434438, 0x00007f07cf540000)
  to   space 318464K,   0% used [0x00007f07cf540000, 0x00007f07cf540000, 0x00007f07e2c40000)
 tenured generation   total 6369728K, used 6366233K [0x00007f0c75b50000, 0x00007f0dfa7c0000, 0x00007f1720600000)
   the space 6369728K,  99% used [0x00007f0c75b50000, 0x00007f0dfa4566c0, 0x00007f0dfa456800, 0x00007f0dfa7c0000)
 Metaspace       used 24978K, capacity 25447K, committed 25600K, reserved 26624K
}
Event: 36568.616 GC heap after
{Heap after GC invocations=56483 (full 4):
 def new generation   total 2866432K, used 6091K [0x00007f0720600000, 0x00007f07e2c40000, 0x00007f0c75b50000)
  eden space 2547968K,   0% used [0x00007f0720600000, 0x00007f0720600000, 0x00007f07bbe40000)
  from space 318464K,   1% used [0x00007f07cf540000, 0x00007f07cfb32c90, 0x00007f07e2c40000)
  to   space 318464K,   0% used [0x00007f07bbe40000, 0x00007f07bbe40000, 0x00007f07cf540000)
 tenured generation   total 6369728K, used 6366633K [0x00007f0c75b50000, 0x00007f0dfa7c0000, 0x00007f1720600000)
   the space 6369728K,  99% used [0x00007f0c75b50000, 0x00007f0dfa4ba780, 0x00007f0dfa4ba800, 0x00007f0dfa7c0000)
 Metaspace       used 24978K, capacity 25447K, committed 25600K, reserved 26624K
}
Event: 36570.155 GC heap before
{Heap before GC invocations=56483 (full 4):
 def new generation   total 2866432K, used 2554059K [0x00007f0720600000, 0x00007f07e2c40000, 0x00007f0c75b50000)
  eden space 2547968K, 100% used [0x00007f0720600000, 0x00007f07bbe40000, 0x00007f07bbe40000)
  from space 318464K,   1% used [0x00007f07cf540000, 0x00007f07cfb32c90, 0x00007f07e2c40000)
  to   space 318464K,   0% used [0x00007f07bbe40000, 0x00007f07bbe40000, 0x00007f07cf540000)
 tenured generation   total 6369728K, used 6366633K [0x00007f0c75b50000, 0x00007f0dfa7c0000, 0x00007f1720600000)
   the space 6369728K,  99% used [0x00007f0c75b50000, 0x00007f0dfa4ba780, 0x00007f0dfa4ba800, 0x00007f0dfa7c0000)
 Metaspace       used 24978K, capacity 25447K, committed 25600K, reserved 26624K
}
Event: 36570.166 GC heap after
{Heap after GC invocations=56484 (full 4):
 def new generation   total 2866432K, used 6089K [0x00007f0720600000, 0x00007f07e2c40000, 0x00007f0c75b50000)
  eden space 2547968K,   0% used [0x00007f0720600000, 0x00007f0720600000, 0x00007f07bbe40000)
  from space 318464K,   1% used [0x00007f07bbe40000, 0x00007f07bc4327d8, 0x00007f07cf540000)
  to   space 318464K,   0% used [0x00007f07cf540000, 0x00007f07cf540000, 0x00007f07e2c40000)
 tenured generation   total 6369728K, used 6367034K [0x00007f0c75b50000, 0x00007f0dfa7c0000, 0x00007f1720600000)
   the space 6369728K,  99% used [0x00007f0c75b50000, 0x00007f0dfa51e840, 0x00007f0dfa51ea00, 0x00007f0dfa7c0000)
 Metaspace       used 24978K, capacity 25447K, committed 25600K, reserved 26624K
}
Event: 36571.682 GC heap before
{Heap before GC invocations=56484 (full 4):
 def new generation   total 2866432K, used 2554057K [0x00007f0720600000, 0x00007f07e2c40000, 0x00007f0c75b50000)
  eden space 2547968K, 100% used [0x00007f0720600000, 0x00007f07bbe40000, 0x00007f07bbe40000)
  from space 318464K,   1% used [0x00007f07bbe40000, 0x00007f07bc4327d8, 0x00007f07cf540000)
  to   space 318464K,   0% used [0x00007f07cf540000, 0x00007f07cf540000, 0x00007f07e2c40000)
 tenured generation   total 6369728K, used 6367034K [0x00007f0c75b50000, 0x00007f0dfa7c0000, 0x00007f1720600000)
   the space 6369728K,  99% used [0x00007f0c75b50000, 0x00007f0dfa51e840, 0x00007f0dfa51ea00, 0x00007f0dfa7c0000)
 Metaspace       used 24978K, capacity 25447K, committed 25600K, reserved 26624K
}
Event: 36571.692 GC heap after
{Heap after GC invocations=56485 (full 4):
 def new generation   total 2866432K, used 6085K [0x00007f0720600000, 0x00007f07e2c40000, 0x00007f0c75b50000)
  eden space 2547968K,   0% used [0x00007f0720600000, 0x00007f0720600000, 0x00007f07bbe40000)
  from space 318464K,   1% used [0x00007f07cf540000, 0x00007f07cfb31528, 0x00007f07e2c40000)
  to   space 318464K,   0% used [0x00007f07bbe40000, 0x00007f07bbe40000, 0x00007f07cf540000)
 tenured generation   total 6369728K, used 6367434K [0x00007f0c75b50000, 0x00007f0dfa7c0000, 0x00007f1720600000)
   the space 6369728K,  99% used [0x00007f0c75b50000, 0x00007f0dfa582900, 0x00007f0dfa582a00, 0x00007f0dfa7c0000)
 Metaspace       used 24978K, capacity 25447K, committed 25600K, reserved 26624K
}
Event: 36573.210 GC heap before
{Heap before GC invocations=56485 (full 4):
 def new generation   total 2866432K, used 2554053K [0x00007f0720600000, 0x00007f07e2c40000, 0x00007f0c75b50000)
  eden space 2547968K, 100% used [0x00007f0720600000, 0x00007f07bbe40000, 0x00007f07bbe40000)
  from space 318464K,   1% used [0x00007f07cf540000, 0x00007f07cfb31528, 0x00007f07e2c40000)
  to   space 318464K,   0% used [0x00007f07bbe40000, 0x00007f07bbe40000, 0x00007f07cf540000)
 tenured generation   total 6369728K, used 6367434K [0x00007f0c75b50000, 0x00007f0dfa7c0000, 0x00007f1720600000)
   the space 6369728K,  99% used [0x00007f0c75b50000, 0x00007f0dfa582900, 0x00007f0dfa582a00, 0x00007f0dfa7c0000)
 Metaspace       used 24978K, capacity 25447K, committed 25600K, reserved 26624K
}
Event: 36573.220 GC heap after
{Heap after GC invocations=56486 (full 4):
 def new generation   total 2866432K, used 6083K [0x00007f0720600000, 0x00007f07e2c40000, 0x00007f0c75b50000)
  eden space 2547968K,   0% used [0x00007f0720600000, 0x00007f0720600000, 0x00007f07bbe40000)
  from space 318464K,   1% used [0x00007f07bbe40000, 0x00007f07bc430d30, 0x00007f07cf540000)
  to   space 318464K,   0% used [0x00007f07cf540000, 0x00007f07cf540000, 0x00007f07e2c40000)
 tenured generation   total 6369728K, used 6367834K [0x00007f0c75b50000, 0x00007f0dfa7c0000, 0x00007f1720600000)
   the space 6369728K,  99% used [0x00007f0c75b50000, 0x00007f0dfa5e69c0, 0x00007f0dfa5e6a00, 0x00007f0dfa7c0000)
 Metaspace       used 24978K, capacity 25447K, committed 25600K, reserved 26624K
}
Event: 36574.711 GC heap before
{Heap before GC invocations=56486 (full 4):
 def new generation   total 2866432K, used 2554051K [0x00007f0720600000, 0x00007f07e2c40000, 0x00007f0c75b50000)
  eden space 2547968K, 100% used [0x00007f0720600000, 0x00007f07bbe40000, 0x00007f07bbe40000)
  from space 318464K,   1% used [0x00007f07bbe40000, 0x00007f07bc430d30, 0x00007f07cf540000)
  to   space 318464K,   0% used [0x00007f07cf540000, 0x00007f07cf540000, 0x00007f07e2c40000)
 tenured generation   total 6369728K, used 6367834K [0x00007f0c75b50000, 0x00007f0dfa7c0000, 0x00007f1720600000)
   the space 6369728K,  99% used [0x00007f0c75b50000, 0x00007f0dfa5e69c0, 0x00007f0dfa5e6a00, 0x00007f0dfa7c0000)
 Metaspace       used 24978K, capacity 25447K, committed 25600K, reserved 26624K
}
Event: 36574.721 GC heap after
{Heap after GC invocations=56487 (full 4):
 def new generation   total 2866432K, used 6122K [0x00007f0720600000, 0x00007f07e2c40000, 0x00007f0c75b50000)
  eden space 2547968K,   0% used [0x00007f0720600000, 0x00007f0720600000, 0x00007f07bbe40000)
  from space 318464K,   1% used [0x00007f07cf540000, 0x00007f07cfb3aa10, 0x00007f07e2c40000)
  to   space 318464K,   0% used [0x00007f07bbe40000, 0x00007f07bbe40000, 0x00007f07cf540000)
 tenured generation   total 6369728K, used 6368234K [0x00007f0c75b50000, 0x00007f0dfa7c0000, 0x00007f1720600000)
   the space 6369728K,  99% used [0x00007f0c75b50000, 0x00007f0dfa64aa80, 0x00007f0dfa64ac00, 0x00007f0dfa7c0000)
 Metaspace       used 24978K, capacity 25447K, committed 25600K, reserved 26624K
}
Event: 36576.152 GC heap before
{Heap before GC invocations=56487 (full 4):
 def new generation   total 2866432K, used 2554090K [0x00007f0720600000, 0x00007f07e2c40000, 0x00007f0c75b50000)
  eden space 2547968K, 100% used [0x00007f0720600000, 0x00007f07bbe40000, 0x00007f07bbe40000)
  from space 318464K,   1% used [0x00007f07cf540000, 0x00007f07cfb3aa10, 0x00007f07e2c40000)
  to   space 318464K,   0% used [0x00007f07bbe40000, 0x00007f07bbe40000, 0x00007f07cf540000)
 tenured generation   total 6369728K, used 6368234K [0x00007f0c75b50000, 0x00007f0dfa7c0000, 0x00007f1720600000)
   the space 6369728K,  99% used [0x00007f0c75b50000, 0x00007f0dfa64aa80, 0x00007f0dfa64ac00, 0x00007f0dfa7c0000)
 Metaspace       used 24978K, capacity 25447K, committed 25600K, reserved 26624K
}
Event: 36576.162 GC heap after
{Heap after GC invocations=56488 (full 4):
 def new generation   total 2866432K, used 6161K [0x00007f0720600000, 0x00007f07e2c40000, 0x00007f0c75b50000)
  eden space 2547968K,   0% used [0x00007f0720600000, 0x00007f0720600000, 0x00007f07bbe40000)
  from space 318464K,   1% used [0x00007f07bbe40000, 0x00007f07bc444770, 0x00007f07cf540000)
  to   space 318464K,   0% used [0x00007f07cf540000, 0x00007f07cf540000, 0x00007f07e2c40000)
 tenured generation   total 6369728K, used 6368634K [0x00007f0c75b50000, 0x00007f0dfa7c0000, 0x00007f1720600000)
   the space 6369728K,  99% used [0x00007f0c75b50000, 0x00007f0dfa6aeb40, 0x00007f0dfa6aec00, 0x00007f0dfa7c0000)
 Metaspace       used 24978K, capacity 25447K, committed 25600K, reserved 26624K
}
Event: 36577.678 GC heap before
{Heap before GC invocations=56488 (full 4):
 def new generation   total 2866432K, used 2554129K [0x00007f0720600000, 0x00007f07e2c40000, 0x00007f0c75b50000)
  eden space 2547968K, 100% used [0x00007f0720600000, 0x00007f07bbe40000, 0x00007f07bbe40000)
  from space 318464K,   1% used [0x00007f07bbe40000, 0x00007f07bc444770, 0x00007f07cf540000)
  to   space 318464K,   0% used [0x00007f07cf540000, 0x00007f07cf540000, 0x00007f07e2c40000)
 tenured generation   total 6369728K, used 6368634K [0x00007f0c75b50000, 0x00007f0dfa7c0000, 0x00007f1720600000)
   the space 6369728K,  99% used [0x00007f0c75b50000, 0x00007f0dfa6aeb40, 0x00007f0dfa6aec00, 0x00007f0dfa7c0000)
 Metaspace       used 24978K, capacity 25447K, committed 25600K, reserved 26624K
}
Event: 36577.689 GC heap after
{Heap after GC invocations=56489 (full 4):
 def new generation   total 2866432K, used 6161K [0x00007f0720600000, 0x00007f07e2c40000, 0x00007f0c75b50000)
  eden space 2547968K,   0% used [0x00007f0720600000, 0x00007f0720600000, 0x00007f07bbe40000)
  from space 318464K,   1% used [0x00007f07cf540000, 0x00007f07cfb44588, 0x00007f07e2c40000)
  to   space 318464K,   0% used [0x00007f07bbe40000, 0x00007f07bbe40000, 0x00007f07cf540000)
 tenured generation   total 6369728K, used 6369035K [0x00007f0c75b50000, 0x00007f0dfa7c0000, 0x00007f1720600000)
   the space 6369728K,  99% used [0x00007f0c75b50000, 0x00007f0dfa712c00, 0x00007f0dfa712c00, 0x00007f0dfa7c0000)
 Metaspace       used 24978K, capacity 25447K, committed 25600K, reserved 26624K
}
Event: 36579.185 GC heap before
{Heap before GC invocations=56489 (full 4):
 def new generation   total 2866432K, used 2554129K [0x00007f0720600000, 0x00007f07e2c40000, 0x00007f0c75b50000)
  eden space 2547968K, 100% used [0x00007f0720600000, 0x00007f07bbe40000, 0x00007f07bbe40000)
  from space 318464K,   1% used [0x00007f07cf540000, 0x00007f07cfb44588, 0x00007f07e2c40000)
  to   space 318464K,   0% used [0x00007f07bbe40000, 0x00007f07bbe40000, 0x00007f07cf540000)
 tenured generation   total 6369728K, used 6369035K [0x00007f0c75b50000, 0x00007f0dfa7c0000, 0x00007f1720600000)
   the space 6369728K,  99% used [0x00007f0c75b50000, 0x00007f0dfa712c00, 0x00007f0dfa712c00, 0x00007f0dfa7c0000)
 Metaspace       used 24978K, capacity 25447K, committed 25600K, reserved 26624K
}
Event: 36579.195 GC heap after
{Heap after GC invocations=56490 (full 4):
 def new generation   total 2866432K, used 6149K [0x00007f0720600000, 0x00007f07e2c40000, 0x00007f0c75b50000)
  eden space 2547968K,   0% used [0x00007f0720600000, 0x00007f0720600000, 0x00007f07bbe40000)
  from space 318464K,   1% used [0x00007f07bbe40000, 0x00007f07bc4415c0, 0x00007f07cf540000)
  to   space 318464K,   0% used [0x00007f07cf540000, 0x00007f07cf540000, 0x00007f07e2c40000)
 tenured generation   total 6369728K, used 6369435K [0x00007f0c75b50000, 0x00007f0dfa7c0000, 0x00007f1720600000)
   the space 6369728K,  99% used [0x00007f0c75b50000, 0x00007f0dfa776cc0, 0x00007f0dfa776e00, 0x00007f0dfa7c0000)
 Metaspace       used 24978K, capacity 25447K, committed 25600K, reserved 26624K
}
Event: 36580.729 GC heap before
{Heap before GC invocations=56490 (full 4):
 def new generation   total 2866432K, used 2554117K [0x00007f0720600000, 0x00007f07e2c40000, 0x00007f0c75b50000)
  eden space 2547968K, 100% used [0x00007f0720600000, 0x00007f07bbe40000, 0x00007f07bbe40000)
  from space 318464K,   1% used [0x00007f07bbe40000, 0x00007f07bc4415c0, 0x00007f07cf540000)
  to   space 318464K,   0% used [0x00007f07cf540000, 0x00007f07cf540000, 0x00007f07e2c40000)
 tenured generation   total 6369728K, used 6369435K [0x00007f0c75b50000, 0x00007f0dfa7c0000, 0x00007f1720600000)
   the space 6369728K,  99% used [0x00007f0c75b50000, 0x00007f0dfa776cc0, 0x00007f0dfa776e00, 0x00007f0dfa7c0000)
 Metaspace       used 24978K, capacity 25447K, committed 25600K, reserved 26624K
}
Event: 36580.742 GC heap after
{Heap after GC invocations=56491 (full 4):
 def new generation   total 2866432K, used 6150K [0x00007f0720600000, 0x00007f07e2c40000, 0x00007f0c75b50000)
  eden space 2547968K,   0% used [0x00007f0720600000, 0x00007f0720600000, 0x00007f07bbe40000)
  from space 318464K,   1% used [0x00007f07cf540000, 0x00007f07cfb418b8, 0x00007f07e2c40000)
  to   space 318464K,   0% used [0x00007f07bbe40000, 0x00007f07bbe40000, 0x00007f07cf540000)
 tenured generation   total 6369920K, used 6369835K [0x00007f0c75b50000, 0x00007f0dfa7f0000, 0x00007f1720600000)
   the space 6369920K,  99% used [0x00007f0c75b50000, 0x00007f0dfa7dad80, 0x00007f0dfa7dae00, 0x00007f0dfa7f0000)
 Metaspace       used 24978K, capacity 25447K, committed 25600K, reserved 26624K
}
Event: 36580.742 GC heap before
{Heap before GC invocations=56491 (full 4):
 def new generation   total 2866432K, used 6150K [0x00007f0720600000, 0x00007f07e2c40000, 0x00007f0c75b50000)
  eden space 2547968K,   0% used [0x00007f0720600000, 0x00007f0720600000, 0x00007f07bbe40000)
  from space 318464K,   1% used [0x00007f07cf540000, 0x00007f07cfb418b8, 0x00007f07e2c40000)
  to   space 318464K,   0% used [0x00007f07bbe40000, 0x00007f07bbe40000, 0x00007f07cf540000)
 tenured generation   total 6369920K, used 6369835K [0x00007f0c75b50000, 0x00007f0dfa7f0000, 0x00007f1720600000)
   the space 6369920K,  99% used [0x00007f0c75b50000, 0x00007f0dfa7dad80, 0x00007f0dfa7dae00, 0x00007f0dfa7f0000)
 Metaspace       used 24978K, capacity 25447K, committed 25600K, reserved 26624K
}

