# JRE version: OpenJDK Runtime Environment (13.0.7+5) (build 13.0.7+5-Ubuntu-0ubuntu120.04)
# Java VM: OpenJDK 64-Bit Server VM (13.0.7+5-Ubuntu-0ubuntu120.04, mixed mode, tiered, serial gc, linux-amd64)
Heap:
 def new generation   total 2892160K, used 31813K [0x00007f5d24600000, 0x00007f5de8830000, 0x00007f6279b50000)
  eden space 2570816K,   1% used [0x00007f5d24600000, 0x00007f5d26511558, 0x00007f5dc1490000)
  from space 321344K,   0% used [0x00007f5dc1490000, 0x00007f5dc1490000, 0x00007f5dd4e60000)
  to   space 321344K,   0% used [0x00007f5dd4e60000, 0x00007f5dd4e60000, 0x00007f5de8830000)
 tenured generation   total 6428340K, used 6428339K [0x00007f6279b50000, 0x00007f64020fd000, 0x00007f6d24600000)
   the space 6428340K,  99% used [0x00007f6279b50000, 0x00007f64020fcfe8, 0x00007f64020fd000, 0x00007f64020fd000)
 Metaspace       used 25059K, capacity 25496K, committed 25600K, reserved 26624K
GC Heap History (20 events):
Event: 15818.998 GC heap after
{Heap after GC invocations=15066 (full 4):
 def new generation   total 2892160K, used 31823K [0x00007f5d24600000, 0x00007f5de8830000, 0x00007f6279b50000)
  eden space 2570816K,   0% used [0x00007f5d24600000, 0x00007f5d24600000, 0x00007f5dc1490000)
  from space 321344K,   9% used [0x00007f5dd4e60000, 0x00007f5dd6d73cd8, 0x00007f5de8830000)
  to   space 321344K,   0% used [0x00007f5dc1490000, 0x00007f5dc1490000, 0x00007f5dd4e60000)
 tenured generation   total 6426996K, used 6409361K [0x00007f6279b50000, 0x00007f6401fad000, 0x00007f6d24600000)
   the space 6426996K,  99% used [0x00007f6279b50000, 0x00007f6400e747d0, 0x00007f6400e74800, 0x00007f6401fad000)
 Metaspace       used 25059K, capacity 25496K, committed 25600K, reserved 26624K
}
Event: 15821.589 GC heap before
{Heap before GC invocations=15066 (full 4):
 def new generation   total 2892160K, used 2602639K [0x00007f5d24600000, 0x00007f5de8830000, 0x00007f6279b50000)
  eden space 2570816K, 100% used [0x00007f5d24600000, 0x00007f5dc1490000, 0x00007f5dc1490000)
  from space 321344K,   9% used [0x00007f5dd4e60000, 0x00007f5dd6d73cd8, 0x00007f5de8830000)
  to   space 321344K,   0% used [0x00007f5dc1490000, 0x00007f5dc1490000, 0x00007f5dd4e60000)
 tenured generation   total 6426996K, used 6409361K [0x00007f6279b50000, 0x00007f6401fad000, 0x00007f6d24600000)
   the space 6426996K,  99% used [0x00007f6279b50000, 0x00007f6400e747d0, 0x00007f6400e74800, 0x00007f6401fad000)
 Metaspace       used 25059K, capacity 25496K, committed 25600K, reserved 26624K
}
Event: 15821.695 GC heap after
{Heap after GC invocations=15067 (full 4):
 def new generation   total 2892160K, used 31819K [0x00007f5d24600000, 0x00007f5de8830000, 0x00007f6279b50000)
  eden space 2570816K,   0% used [0x00007f5d24600000, 0x00007f5d24600000, 0x00007f5dc1490000)
  from space 321344K,   9% used [0x00007f5dc1490000, 0x00007f5dc33a2ff8, 0x00007f5dd4e60000)
  to   space 321344K,   0% used [0x00007f5dd4e60000, 0x00007f5dd4e60000, 0x00007f5de8830000)
 tenured generation   total 6426996K, used 6411545K [0x00007f6279b50000, 0x00007f6401fad000, 0x00007f6d24600000)
   the space 6426996K,  99% used [0x00007f6279b50000, 0x00007f6401096650, 0x00007f6401096800, 0x00007f6401fad000)
 Metaspace       used 25059K, capacity 25496K, committed 25600K, reserved 26624K
}
Event: 15824.274 GC heap before
{Heap before GC invocations=15067 (full 4):
 def new generation   total 2892160K, used 2602635K [0x00007f5d24600000, 0x00007f5de8830000, 0x00007f6279b50000)
  eden space 2570816K, 100% used [0x00007f5d24600000, 0x00007f5dc1490000, 0x00007f5dc1490000)
  from space 321344K,   9% used [0x00007f5dc1490000, 0x00007f5dc33a2ff8, 0x00007f5dd4e60000)
  to   space 321344K,   0% used [0x00007f5dd4e60000, 0x00007f5dd4e60000, 0x00007f5de8830000)
 tenured generation   total 6426996K, used 6411545K [0x00007f6279b50000, 0x00007f6401fad000, 0x00007f6d24600000)
   the space 6426996K,  99% used [0x00007f6279b50000, 0x00007f6401096650, 0x00007f6401096800, 0x00007f6401fad000)
 Metaspace       used 25059K, capacity 25496K, committed 25600K, reserved 26624K
}
Event: 15824.375 GC heap after
{Heap after GC invocations=15068 (full 4):
 def new generation   total 2892160K, used 31820K [0x00007f5d24600000, 0x00007f5de8830000, 0x00007f6279b50000)
  eden space 2570816K,   0% used [0x00007f5d24600000, 0x00007f5d24600000, 0x00007f5dc1490000)
  from space 321344K,   9% used [0x00007f5dd4e60000, 0x00007f5dd6d73250, 0x00007f5de8830000)
  to   space 321344K,   0% used [0x00007f5dc1490000, 0x00007f5dc1490000, 0x00007f5dd4e60000)
 tenured generation   total 6426996K, used 6413708K [0x00007f6279b50000, 0x00007f6401fad000, 0x00007f6d24600000)
   the space 6426996K,  99% used [0x00007f6279b50000, 0x00007f64012b33f0, 0x00007f64012b3400, 0x00007f6401fad000)
 Metaspace       used 25059K, capacity 25496K, committed 25600K, reserved 26624K
}
Event: 15826.929 GC heap before
{Heap before GC invocations=15068 (full 4):
 def new generation   total 2892160K, used 2602636K [0x00007f5d24600000, 0x00007f5de8830000, 0x00007f6279b50000)
  eden space 2570816K, 100% used [0x00007f5d24600000, 0x00007f5dc1490000, 0x00007f5dc1490000)
  from space 321344K,   9% used [0x00007f5dd4e60000, 0x00007f5dd6d73250, 0x00007f5de8830000)
  to   space 321344K,   0% used [0x00007f5dc1490000, 0x00007f5dc1490000, 0x00007f5dd4e60000)
 tenured generation   total 6426996K, used 6413708K [0x00007f6279b50000, 0x00007f6401fad000, 0x00007f6d24600000)
   the space 6426996K,  99% used [0x00007f6279b50000, 0x00007f64012b33f0, 0x00007f64012b3400, 0x00007f6401fad000)
 Metaspace       used 25059K, capacity 25496K, committed 25600K, reserved 26624K
}
Event: 15827.024 GC heap after
{Heap after GC invocations=15069 (full 4):
 def new generation   total 2892160K, used 31510K [0x00007f5d24600000, 0x00007f5de8830000, 0x00007f6279b50000)
  eden space 2570816K,   0% used [0x00007f5d24600000, 0x00007f5d24600000, 0x00007f5dc1490000)
  from space 321344K,   9% used [0x00007f5dc1490000, 0x00007f5dc3355b38, 0x00007f5dd4e60000)
  to   space 321344K,   0% used [0x00007f5dd4e60000, 0x00007f5dd4e60000, 0x00007f5de8830000)
 tenured generation   total 6426996K, used 6415896K [0x00007f6279b50000, 0x00007f6401fad000, 0x00007f6d24600000)
   the space 6426996K,  99% used [0x00007f6279b50000, 0x00007f64014d63b0, 0x00007f64014d6400, 0x00007f6401fad000)
 Metaspace       used 25059K, capacity 25496K, committed 25600K, reserved 26624K
}
Event: 15829.555 GC heap before
{Heap before GC invocations=15069 (full 4):
 def new generation   total 2892160K, used 2602326K [0x00007f5d24600000, 0x00007f5de8830000, 0x00007f6279b50000)
  eden space 2570816K, 100% used [0x00007f5d24600000, 0x00007f5dc1490000, 0x00007f5dc1490000)
  from space 321344K,   9% used [0x00007f5dc1490000, 0x00007f5dc3355b38, 0x00007f5dd4e60000)
  to   space 321344K,   0% used [0x00007f5dd4e60000, 0x00007f5dd4e60000, 0x00007f5de8830000)
 tenured generation   total 6426996K, used 6415896K [0x00007f6279b50000, 0x00007f6401fad000, 0x00007f6d24600000)
   the space 6426996K,  99% used [0x00007f6279b50000, 0x00007f64014d63b0, 0x00007f64014d6400, 0x00007f6401fad000)
 Metaspace       used 25059K, capacity 25496K, committed 25600K, reserved 26624K
}
Event: 15829.641 GC heap after
{Heap after GC invocations=15070 (full 4):
 def new generation   total 2892160K, used 31823K [0x00007f5d24600000, 0x00007f5de8830000, 0x00007f6279b50000)
  eden space 2570816K,   0% used [0x00007f5d24600000, 0x00007f5d24600000, 0x00007f5dc1490000)
  from space 321344K,   9% used [0x00007f5dd4e60000, 0x00007f5dd6d73ef8, 0x00007f5de8830000)
  to   space 321344K,   0% used [0x00007f5dc1490000, 0x00007f5dc1490000, 0x00007f5dd4e60000)
 tenured generation   total 6426996K, used 6417758K [0x00007f6279b50000, 0x00007f6401fad000, 0x00007f6d24600000)
   the space 6426996K,  99% used [0x00007f6279b50000, 0x00007f64016a7800, 0x00007f64016a7800, 0x00007f6401fad000)
 Metaspace       used 25059K, capacity 25496K, committed 25600K, reserved 26624K
}
Event: 15832.266 GC heap before
{Heap before GC invocations=15070 (full 4):
 def new generation   total 2892160K, used 2602639K [0x00007f5d24600000, 0x00007f5de8830000, 0x00007f6279b50000)
  eden space 2570816K, 100% used [0x00007f5d24600000, 0x00007f5dc1490000, 0x00007f5dc1490000)
  from space 321344K,   9% used [0x00007f5dd4e60000, 0x00007f5dd6d73ef8, 0x00007f5de8830000)
  to   space 321344K,   0% used [0x00007f5dc1490000, 0x00007f5dc1490000, 0x00007f5dd4e60000)
 tenured generation   total 6426996K, used 6417758K [0x00007f6279b50000, 0x00007f6401fad000, 0x00007f6d24600000)
   the space 6426996K,  99% used [0x00007f6279b50000, 0x00007f64016a7800, 0x00007f64016a7800, 0x00007f6401fad000)
 Metaspace       used 25059K, capacity 25496K, committed 25600K, reserved 26624K
}
Event: 15832.365 GC heap after
{Heap after GC invocations=15071 (full 4):
 def new generation   total 2892160K, used 31813K [0x00007f5d24600000, 0x00007f5de8830000, 0x00007f6279b50000)
  eden space 2570816K,   0% used [0x00007f5d24600000, 0x00007f5d24600000, 0x00007f5dc1490000)
  from space 321344K,   9% used [0x00007f5dc1490000, 0x00007f5dc33a17e8, 0x00007f5dd4e60000)
  to   space 321344K,   0% used [0x00007f5dd4e60000, 0x00007f5dd4e60000, 0x00007f5de8830000)
 tenured generation   total 6426996K, used 6419941K [0x00007f6279b50000, 0x00007f6401fad000, 0x00007f6d24600000)
   the space 6426996K,  99% used [0x00007f6279b50000, 0x00007f64018c9680, 0x00007f64018c9800, 0x00007f6401fad000)
 Metaspace       used 25059K, capacity 25496K, committed 25600K, reserved 26624K
}
Event: 15834.938 GC heap before
{Heap before GC invocations=15071 (full 4):
 def new generation   total 2892160K, used 2602629K [0x00007f5d24600000, 0x00007f5de8830000, 0x00007f6279b50000)
  eden space 2570816K, 100% used [0x00007f5d24600000, 0x00007f5dc1490000, 0x00007f5dc1490000)
  from space 321344K,   9% used [0x00007f5dc1490000, 0x00007f5dc33a17e8, 0x00007f5dd4e60000)
  to   space 321344K,   0% used [0x00007f5dd4e60000, 0x00007f5dd4e60000, 0x00007f5de8830000)
 tenured generation   total 6426996K, used 6419941K [0x00007f6279b50000, 0x00007f6401fad000, 0x00007f6d24600000)
   the space 6426996K,  99% used [0x00007f6279b50000, 0x00007f64018c9680, 0x00007f64018c9800, 0x00007f6401fad000)
 Metaspace       used 25059K, capacity 25496K, committed 25600K, reserved 26624K
}
Event: 15835.050 GC heap after
{Heap after GC invocations=15072 (full 4):
 def new generation   total 2892160K, used 31822K [0x00007f5d24600000, 0x00007f5de8830000, 0x00007f6279b50000)
  eden space 2570816K,   0% used [0x00007f5d24600000, 0x00007f5d24600000, 0x00007f5dc1490000)
  from space 321344K,   9% used [0x00007f5dd4e60000, 0x00007f5dd6d73aa0, 0x00007f5de8830000)
  to   space 321344K,   0% used [0x00007f5dc1490000, 0x00007f5dc1490000, 0x00007f5dd4e60000)
 tenured generation   total 6426996K, used 6422125K [0x00007f6279b50000, 0x00007f6401fad000, 0x00007f6d24600000)
   the space 6426996K,  99% used [0x00007f6279b50000, 0x00007f6401aeb500, 0x00007f6401aeb600, 0x00007f6401fad000)
 Metaspace       used 25059K, capacity 25496K, committed 25600K, reserved 26624K
}
Event: 15837.627 GC heap before
{Heap before GC invocations=15072 (full 4):
 def new generation   total 2892160K, used 2602638K [0x00007f5d24600000, 0x00007f5de8830000, 0x00007f6279b50000)
  eden space 2570816K, 100% used [0x00007f5d24600000, 0x00007f5dc1490000, 0x00007f5dc1490000)
  from space 321344K,   9% used [0x00007f5dd4e60000, 0x00007f5dd6d73aa0, 0x00007f5de8830000)
  to   space 321344K,   0% used [0x00007f5dc1490000, 0x00007f5dc1490000, 0x00007f5dd4e60000)
 tenured generation   total 6426996K, used 6422125K [0x00007f6279b50000, 0x00007f6401fad000, 0x00007f6d24600000)
   the space 6426996K,  99% used [0x00007f6279b50000, 0x00007f6401aeb500, 0x00007f6401aeb600, 0x00007f6401fad000)
 Metaspace       used 25059K, capacity 25496K, committed 25600K, reserved 26624K
}
Event: 15837.725 GC heap after
{Heap after GC invocations=15073 (full 4):
 def new generation   total 2892160K, used 31822K [0x00007f5d24600000, 0x00007f5de8830000, 0x00007f6279b50000)
  eden space 2570816K,   0% used [0x00007f5d24600000, 0x00007f5d24600000, 0x00007f5dc1490000)
  from space 321344K,   9% used [0x00007f5dc1490000, 0x00007f5dc33a3878, 0x00007f5dd4e60000)
  to   space 321344K,   0% used [0x00007f5dd4e60000, 0x00007f5dd4e60000, 0x00007f5de8830000)
 tenured generation   total 6426996K, used 6424292K [0x00007f6279b50000, 0x00007f6401fad000, 0x00007f6d24600000)
   the space 6426996K,  99% used [0x00007f6279b50000, 0x00007f6401d093e0, 0x00007f6401d09400, 0x00007f6401fad000)
 Metaspace       used 25059K, capacity 25496K, committed 25600K, reserved 26624K
}
Event: 15840.257 GC heap before
{Heap before GC invocations=15073 (full 4):
 def new generation   total 2892160K, used 2602638K [0x00007f5d24600000, 0x00007f5de8830000, 0x00007f6279b50000)
  eden space 2570816K, 100% used [0x00007f5d24600000, 0x00007f5dc1490000, 0x00007f5dc1490000)
  from space 321344K,   9% used [0x00007f5dc1490000, 0x00007f5dc33a3878, 0x00007f5dd4e60000)
  to   space 321344K,   0% used [0x00007f5dd4e60000, 0x00007f5dd4e60000, 0x00007f5de8830000)
 tenured generation   total 6426996K, used 6424292K [0x00007f6279b50000, 0x00007f6401fad000, 0x00007f6d24600000)
   the space 6426996K,  99% used [0x00007f6279b50000, 0x00007f6401d093e0, 0x00007f6401d09400, 0x00007f6401fad000)
 Metaspace       used 25059K, capacity 25496K, committed 25600K, reserved 26624K
}
Event: 15840.354 GC heap after
{Heap after GC invocations=15074 (full 4):
 def new generation   total 2892160K, used 31502K [0x00007f5d24600000, 0x00007f5de8830000, 0x00007f6279b50000)
  eden space 2570816K,   0% used [0x00007f5d24600000, 0x00007f5d24600000, 0x00007f5dc1490000)
  from space 321344K,   9% used [0x00007f5dd4e60000, 0x00007f5dd6d23900, 0x00007f5de8830000)
  to   space 321344K,   0% used [0x00007f5dc1490000, 0x00007f5dc1490000, 0x00007f5dd4e60000)
 tenured generation   total 6426996K, used 6426476K [0x00007f6279b50000, 0x00007f6401fad000, 0x00007f6d24600000)
   the space 6426996K,  99% used [0x00007f6279b50000, 0x00007f6401f2b260, 0x00007f6401f2b400, 0x00007f6401fad000)
 Metaspace       used 25059K, capacity 25496K, committed 25600K, reserved 26624K
}
Event: 15843.040 GC heap before
{Heap before GC invocations=15074 (full 4):
 def new generation   total 2892160K, used 2602318K [0x00007f5d24600000, 0x00007f5de8830000, 0x00007f6279b50000)
  eden space 2570816K, 100% used [0x00007f5d24600000, 0x00007f5dc1490000, 0x00007f5dc1490000)
  from space 321344K,   9% used [0x00007f5dd4e60000, 0x00007f5dd6d23900, 0x00007f5de8830000)
  to   space 321344K,   0% used [0x00007f5dc1490000, 0x00007f5dc1490000, 0x00007f5dd4e60000)
 tenured generation   total 6426996K, used 6426476K [0x00007f6279b50000, 0x00007f6401fad000, 0x00007f6d24600000)
   the space 6426996K,  99% used [0x00007f6279b50000, 0x00007f6401f2b260, 0x00007f6401f2b400, 0x00007f6401fad000)
 Metaspace       used 25059K, capacity 25496K, committed 25600K, reserved 26624K
}
Event: 15843.131 GC heap after
{Heap after GC invocations=15075 (full 4):
 def new generation   total 2892160K, used 31815K [0x00007f5d24600000, 0x00007f5de8830000, 0x00007f6279b50000)
  eden space 2570816K,   0% used [0x00007f5d24600000, 0x00007f5d24600000, 0x00007f5dc1490000)
  from space 321344K,   9% used [0x00007f5dc1490000, 0x00007f5dc33a1e90, 0x00007f5dd4e60000)
  to   space 321344K,   0% used [0x00007f5dd4e60000, 0x00007f5dd4e60000, 0x00007f5de8830000)
 tenured generation   total 6428340K, used 6428337K [0x00007f6279b50000, 0x00007f64020fd000, 0x00007f6d24600000)
   the space 6428340K,  99% used [0x00007f6279b50000, 0x00007f64020fc6b0, 0x00007f64020fc800, 0x00007f64020fd000)
 Metaspace       used 25059K, capacity 25496K, committed 25600K, reserved 26624K
}
Event: 15843.131 GC heap before
{Heap before GC invocations=15075 (full 4):
 def new generation   total 2892160K, used 31815K [0x00007f5d24600000, 0x00007f5de8830000, 0x00007f6279b50000)
  eden space 2570816K,   0% used [0x00007f5d24600000, 0x00007f5d24600000, 0x00007f5dc1490000)
  from space 321344K,   9% used [0x00007f5dc1490000, 0x00007f5dc33a1e90, 0x00007f5dd4e60000)
  to   space 321344K,   0% used [0x00007f5dd4e60000, 0x00007f5dd4e60000, 0x00007f5de8830000)
 tenured generation   total 6428340K, used 6428337K [0x00007f6279b50000, 0x00007f64020fd000, 0x00007f6d24600000)
   the space 6428340K,  99% used [0x00007f6279b50000, 0x00007f64020fc6b0, 0x00007f64020fc800, 0x00007f64020fd000)
 Metaspace       used 25059K, capacity 25496K, committed 25600K, reserved 26624K
}

