# JRE version: OpenJDK Runtime Environment (13.0.7+5) (build 13.0.7+5-Ubuntu-0ubuntu120.04)
# Java VM: OpenJDK 64-Bit Server VM (13.0.7+5-Ubuntu-0ubuntu120.04, mixed mode, tiered, serial gc, linux-amd64)
Heap:
 def new generation   total 1747968K, used 0K [0x00007f1c88600000, 0x00007f1cfeea0000, 0x00007f21ddb50000)
  eden space 1553792K,   0% used [0x00007f1c88600000, 0x00007f1c88600000, 0x00007f1ce7360000)
  from space 194176K,   0% used [0x00007f1ce7360000, 0x00007f1ce7360000, 0x00007f1cf3100000)
  to   space 194176K,   0% used [0x00007f1cf3100000, 0x00007f1cf3100000, 0x00007f1cfeea0000)
 tenured generation   total 3884460K, used 3836752K [0x00007f21ddb50000, 0x00007f22cacbb000, 0x00007f2c88600000)
   the space 3884460K,  98% used [0x00007f21ddb50000, 0x00007f22c7e241b0, 0x00007f22c7e24200, 0x00007f22cacbb000)
 Metaspace       used 24876K, capacity 25311K, committed 25344K, reserved 26624K
GC Heap History (20 events):
Event: 24143.398 GC heap after
{Heap after GC invocations=28081 (full 3):
 def new generation   total 1747968K, used 3753K [0x00007f1c88600000, 0x00007f1cfeea0000, 0x00007f21ddb50000)
  eden space 1553792K,   0% used [0x00007f1c88600000, 0x00007f1c88600000, 0x00007f1ce7360000)
  from space 194176K,   1% used [0x00007f1cf3100000, 0x00007f1cf34aa518, 0x00007f1cfeea0000)
  to   space 194176K,   0% used [0x00007f1ce7360000, 0x00007f1ce7360000, 0x00007f1cf3100000)
 tenured generation   total 3884268K, used 3882089K [0x00007f21ddb50000, 0x00007f22cac8b000, 0x00007f2c88600000)
   the space 3884268K,  99% used [0x00007f21ddb50000, 0x00007f22caa6a530, 0x00007f22caa6a600, 0x00007f22cac8b000)
 Metaspace       used 24876K, capacity 25311K, committed 25344K, reserved 26624K
}
Event: 24144.866 GC heap before
{Heap before GC invocations=28081 (full 3):
 def new generation   total 1747968K, used 1557545K [0x00007f1c88600000, 0x00007f1cfeea0000, 0x00007f21ddb50000)
  eden space 1553792K, 100% used [0x00007f1c88600000, 0x00007f1ce7360000, 0x00007f1ce7360000)
  from space 194176K,   1% used [0x00007f1cf3100000, 0x00007f1cf34aa518, 0x00007f1cfeea0000)
  to   space 194176K,   0% used [0x00007f1ce7360000, 0x00007f1ce7360000, 0x00007f1cf3100000)
 tenured generation   total 3884268K, used 3882089K [0x00007f21ddb50000, 0x00007f22cac8b000, 0x00007f2c88600000)
   the space 3884268K,  99% used [0x00007f21ddb50000, 0x00007f22caa6a530, 0x00007f22caa6a600, 0x00007f22cac8b000)
 Metaspace       used 24876K, capacity 25311K, committed 25344K, reserved 26624K
}
Event: 24144.878 GC heap after
{Heap after GC invocations=28082 (full 3):
 def new generation   total 1747968K, used 3784K [0x00007f1c88600000, 0x00007f1cfeea0000, 0x00007f21ddb50000)
  eden space 1553792K,   0% used [0x00007f1c88600000, 0x00007f1c88600000, 0x00007f1ce7360000)
  from space 194176K,   1% used [0x00007f1ce7360000, 0x00007f1ce7712378, 0x00007f1cf3100000)
  to   space 194176K,   0% used [0x00007f1cf3100000, 0x00007f1cf3100000, 0x00007f1cfeea0000)
 tenured generation   total 3884268K, used 3882347K [0x00007f21ddb50000, 0x00007f22cac8b000, 0x00007f2c88600000)
   the space 3884268K,  99% used [0x00007f21ddb50000, 0x00007f22caaaaf58, 0x00007f22caaab000, 0x00007f22cac8b000)
 Metaspace       used 24876K, capacity 25311K, committed 25344K, reserved 26624K
}
Event: 24146.217 GC heap before
{Heap before GC invocations=28082 (full 3):
 def new generation   total 1747968K, used 1557576K [0x00007f1c88600000, 0x00007f1cfeea0000, 0x00007f21ddb50000)
  eden space 1553792K, 100% used [0x00007f1c88600000, 0x00007f1ce7360000, 0x00007f1ce7360000)
  from space 194176K,   1% used [0x00007f1ce7360000, 0x00007f1ce7712378, 0x00007f1cf3100000)
  to   space 194176K,   0% used [0x00007f1cf3100000, 0x00007f1cf3100000, 0x00007f1cfeea0000)
 tenured generation   total 3884268K, used 3882347K [0x00007f21ddb50000, 0x00007f22cac8b000, 0x00007f2c88600000)
   the space 3884268K,  99% used [0x00007f21ddb50000, 0x00007f22caaaaf58, 0x00007f22caaab000, 0x00007f22cac8b000)
 Metaspace       used 24876K, capacity 25311K, committed 25344K, reserved 26624K
}
Event: 24146.228 GC heap after
{Heap after GC invocations=28083 (full 3):
 def new generation   total 1747968K, used 3762K [0x00007f1c88600000, 0x00007f1cfeea0000, 0x00007f21ddb50000)
  eden space 1553792K,   0% used [0x00007f1c88600000, 0x00007f1c88600000, 0x00007f1ce7360000)
  from space 194176K,   1% used [0x00007f1cf3100000, 0x00007f1cf34acab0, 0x00007f1cfeea0000)
  to   space 194176K,   0% used [0x00007f1ce7360000, 0x00007f1ce7360000, 0x00007f1cf3100000)
 tenured generation   total 3884268K, used 3882577K [0x00007f21ddb50000, 0x00007f22cac8b000, 0x00007f2c88600000)
   the space 3884268K,  99% used [0x00007f21ddb50000, 0x00007f22caae4698, 0x00007f22caae4800, 0x00007f22cac8b000)
 Metaspace       used 24876K, capacity 25311K, committed 25344K, reserved 26624K
}
Event: 24147.696 GC heap before
{Heap before GC invocations=28083 (full 3):
 def new generation   total 1747968K, used 1557554K [0x00007f1c88600000, 0x00007f1cfeea0000, 0x00007f21ddb50000)
  eden space 1553792K, 100% used [0x00007f1c88600000, 0x00007f1ce7360000, 0x00007f1ce7360000)
  from space 194176K,   1% used [0x00007f1cf3100000, 0x00007f1cf34acab0, 0x00007f1cfeea0000)
  to   space 194176K,   0% used [0x00007f1ce7360000, 0x00007f1ce7360000, 0x00007f1cf3100000)
 tenured generation   total 3884268K, used 3882577K [0x00007f21ddb50000, 0x00007f22cac8b000, 0x00007f2c88600000)
   the space 3884268K,  99% used [0x00007f21ddb50000, 0x00007f22caae4698, 0x00007f22caae4800, 0x00007f22cac8b000)
 Metaspace       used 24876K, capacity 25311K, committed 25344K, reserved 26624K
}
Event: 24147.705 GC heap after
{Heap after GC invocations=28084 (full 3):
 def new generation   total 1747968K, used 3698K [0x00007f1c88600000, 0x00007f1cfeea0000, 0x00007f21ddb50000)
  eden space 1553792K,   0% used [0x00007f1c88600000, 0x00007f1c88600000, 0x00007f1ce7360000)
  from space 194176K,   1% used [0x00007f1ce7360000, 0x00007f1ce76fcbf0, 0x00007f1cf3100000)
  to   space 194176K,   0% used [0x00007f1cf3100000, 0x00007f1cf3100000, 0x00007f1cfeea0000)
 tenured generation   total 3884268K, used 3882836K [0x00007f21ddb50000, 0x00007f22cac8b000, 0x00007f2c88600000)
   the space 3884268K,  99% used [0x00007f21ddb50000, 0x00007f22cab250c0, 0x00007f22cab25200, 0x00007f22cac8b000)
 Metaspace       used 24876K, capacity 25311K, committed 25344K, reserved 26624K
}
Event: 24149.055 GC heap before
{Heap before GC invocations=28084 (full 3):
 def new generation   total 1747968K, used 1557490K [0x00007f1c88600000, 0x00007f1cfeea0000, 0x00007f21ddb50000)
  eden space 1553792K, 100% used [0x00007f1c88600000, 0x00007f1ce7360000, 0x00007f1ce7360000)
  from space 194176K,   1% used [0x00007f1ce7360000, 0x00007f1ce76fcbf0, 0x00007f1cf3100000)
  to   space 194176K,   0% used [0x00007f1cf3100000, 0x00007f1cf3100000, 0x00007f1cfeea0000)
 tenured generation   total 3884268K, used 3882836K [0x00007f21ddb50000, 0x00007f22cac8b000, 0x00007f2c88600000)
   the space 3884268K,  99% used [0x00007f21ddb50000, 0x00007f22cab250c0, 0x00007f22cab25200, 0x00007f22cac8b000)
 Metaspace       used 24876K, capacity 25311K, committed 25344K, reserved 26624K
}
Event: 24149.068 GC heap after
{Heap after GC invocations=28085 (full 3):
 def new generation   total 1747968K, used 3769K [0x00007f1c88600000, 0x00007f1cfeea0000, 0x00007f21ddb50000)
  eden space 1553792K,   0% used [0x00007f1c88600000, 0x00007f1c88600000, 0x00007f1ce7360000)
  from space 194176K,   1% used [0x00007f1cf3100000, 0x00007f1cf34ae678, 0x00007f1cfeea0000)
  to   space 194176K,   0% used [0x00007f1ce7360000, 0x00007f1ce7360000, 0x00007f1cf3100000)
 tenured generation   total 3884268K, used 3883066K [0x00007f21ddb50000, 0x00007f22cac8b000, 0x00007f2c88600000)
   the space 3884268K,  99% used [0x00007f21ddb50000, 0x00007f22cab5e800, 0x00007f22cab5e800, 0x00007f22cac8b000)
 Metaspace       used 24876K, capacity 25311K, committed 25344K, reserved 26624K
}
Event: 24150.429 GC heap before
{Heap before GC invocations=28085 (full 3):
 def new generation   total 1747968K, used 1557561K [0x00007f1c88600000, 0x00007f1cfeea0000, 0x00007f21ddb50000)
  eden space 1553792K, 100% used [0x00007f1c88600000, 0x00007f1ce7360000, 0x00007f1ce7360000)
  from space 194176K,   1% used [0x00007f1cf3100000, 0x00007f1cf34ae678, 0x00007f1cfeea0000)
  to   space 194176K,   0% used [0x00007f1ce7360000, 0x00007f1ce7360000, 0x00007f1cf3100000)
 tenured generation   total 3884268K, used 3883066K [0x00007f21ddb50000, 0x00007f22cac8b000, 0x00007f2c88600000)
   the space 3884268K,  99% used [0x00007f21ddb50000, 0x00007f22cab5e800, 0x00007f22cab5e800, 0x00007f22cac8b000)
 Metaspace       used 24876K, capacity 25311K, committed 25344K, reserved 26624K
}
Event: 24150.442 GC heap after
{Heap after GC invocations=28086 (full 3):
 def new generation   total 1747968K, used 3712K [0x00007f1c88600000, 0x00007f1cfeea0000, 0x00007f21ddb50000)
  eden space 1553792K,   0% used [0x00007f1c88600000, 0x00007f1c88600000, 0x00007f1ce7360000)
  from space 194176K,   1% used [0x00007f1ce7360000, 0x00007f1ce77003f0, 0x00007f1cf3100000)
  to   space 194176K,   0% used [0x00007f1cf3100000, 0x00007f1cf3100000, 0x00007f1cfeea0000)
 tenured generation   total 3884268K, used 3883324K [0x00007f21ddb50000, 0x00007f22cac8b000, 0x00007f2c88600000)
   the space 3884268K,  99% used [0x00007f21ddb50000, 0x00007f22cab9f228, 0x00007f22cab9f400, 0x00007f22cac8b000)
 Metaspace       used 24876K, capacity 25311K, committed 25344K, reserved 26624K
}
Event: 24151.844 GC heap before
{Heap before GC invocations=28086 (full 3):
 def new generation   total 1747968K, used 1557504K [0x00007f1c88600000, 0x00007f1cfeea0000, 0x00007f21ddb50000)
  eden space 1553792K, 100% used [0x00007f1c88600000, 0x00007f1ce7360000, 0x00007f1ce7360000)
  from space 194176K,   1% used [0x00007f1ce7360000, 0x00007f1ce77003f0, 0x00007f1cf3100000)
  to   space 194176K,   0% used [0x00007f1cf3100000, 0x00007f1cf3100000, 0x00007f1cfeea0000)
 tenured generation   total 3884268K, used 3883324K [0x00007f21ddb50000, 0x00007f22cac8b000, 0x00007f2c88600000)
   the space 3884268K,  99% used [0x00007f21ddb50000, 0x00007f22cab9f228, 0x00007f22cab9f400, 0x00007f22cac8b000)
 Metaspace       used 24876K, capacity 25311K, committed 25344K, reserved 26624K
}
Event: 24151.856 GC heap after
{Heap after GC invocations=28087 (full 3):
 def new generation   total 1747968K, used 3762K [0x00007f1c88600000, 0x00007f1cfeea0000, 0x00007f21ddb50000)
  eden space 1553792K,   0% used [0x00007f1c88600000, 0x00007f1c88600000, 0x00007f1ce7360000)
  from space 194176K,   1% used [0x00007f1cf3100000, 0x00007f1cf34aca88, 0x00007f1cfeea0000)
  to   space 194176K,   0% used [0x00007f1ce7360000, 0x00007f1ce7360000, 0x00007f1cf3100000)
 tenured generation   total 3884268K, used 3883554K [0x00007f21ddb50000, 0x00007f22cac8b000, 0x00007f2c88600000)
   the space 3884268K,  99% used [0x00007f21ddb50000, 0x00007f22cabd8968, 0x00007f22cabd8a00, 0x00007f22cac8b000)
 Metaspace       used 24876K, capacity 25311K, committed 25344K, reserved 26624K
}
Event: 24153.174 GC heap before
{Heap before GC invocations=28087 (full 3):
 def new generation   total 1747968K, used 1557554K [0x00007f1c88600000, 0x00007f1cfeea0000, 0x00007f21ddb50000)
  eden space 1553792K, 100% used [0x00007f1c88600000, 0x00007f1ce7360000, 0x00007f1ce7360000)
  from space 194176K,   1% used [0x00007f1cf3100000, 0x00007f1cf34aca88, 0x00007f1cfeea0000)
  to   space 194176K,   0% used [0x00007f1ce7360000, 0x00007f1ce7360000, 0x00007f1cf3100000)
 tenured generation   total 3884268K, used 3883554K [0x00007f21ddb50000, 0x00007f22cac8b000, 0x00007f2c88600000)
   the space 3884268K,  99% used [0x00007f21ddb50000, 0x00007f22cabd8968, 0x00007f22cabd8a00, 0x00007f22cac8b000)
 Metaspace       used 24876K, capacity 25311K, committed 25344K, reserved 26624K
}
Event: 24153.187 GC heap after
{Heap after GC invocations=28088 (full 3):
 def new generation   total 1747968K, used 3711K [0x00007f1c88600000, 0x00007f1cfeea0000, 0x00007f21ddb50000)
  eden space 1553792K,   0% used [0x00007f1c88600000, 0x00007f1c88600000, 0x00007f1ce7360000)
  from space 194176K,   1% used [0x00007f1ce7360000, 0x00007f1ce76fff98, 0x00007f1cf3100000)
  to   space 194176K,   0% used [0x00007f1cf3100000, 0x00007f1cf3100000, 0x00007f1cfeea0000)
 tenured generation   total 3884268K, used 3883812K [0x00007f21ddb50000, 0x00007f22cac8b000, 0x00007f2c88600000)
   the space 3884268K,  99% used [0x00007f21ddb50000, 0x00007f22cac19390, 0x00007f22cac19400, 0x00007f22cac8b000)
 Metaspace       used 24876K, capacity 25311K, committed 25344K, reserved 26624K
}
Event: 24154.559 GC heap before
{Heap before GC invocations=28088 (full 3):
 def new generation   total 1747968K, used 1557503K [0x00007f1c88600000, 0x00007f1cfeea0000, 0x00007f21ddb50000)
  eden space 1553792K, 100% used [0x00007f1c88600000, 0x00007f1ce7360000, 0x00007f1ce7360000)
  from space 194176K,   1% used [0x00007f1ce7360000, 0x00007f1ce76fff98, 0x00007f1cf3100000)
  to   space 194176K,   0% used [0x00007f1cf3100000, 0x00007f1cf3100000, 0x00007f1cfeea0000)
 tenured generation   total 3884268K, used 3883812K [0x00007f21ddb50000, 0x00007f22cac8b000, 0x00007f2c88600000)
   the space 3884268K,  99% used [0x00007f21ddb50000, 0x00007f22cac19390, 0x00007f22cac19400, 0x00007f22cac8b000)
 Metaspace       used 24876K, capacity 25311K, committed 25344K, reserved 26624K
}
Event: 24154.569 GC heap after
{Heap after GC invocations=28089 (full 3):
 def new generation   total 1747968K, used 3766K [0x00007f1c88600000, 0x00007f1cfeea0000, 0x00007f21ddb50000)
  eden space 1553792K,   0% used [0x00007f1c88600000, 0x00007f1c88600000, 0x00007f1ce7360000)
  from space 194176K,   1% used [0x00007f1cf3100000, 0x00007f1cf34ad908, 0x00007f1cfeea0000)
  to   space 194176K,   0% used [0x00007f1ce7360000, 0x00007f1ce7360000, 0x00007f1cf3100000)
 tenured generation   total 3884268K, used 3884042K [0x00007f21ddb50000, 0x00007f22cac8b000, 0x00007f2c88600000)
   the space 3884268K,  99% used [0x00007f21ddb50000, 0x00007f22cac52ad0, 0x00007f22cac52c00, 0x00007f22cac8b000)
 Metaspace       used 24876K, capacity 25311K, committed 25344K, reserved 26624K
}
Event: 24155.937 GC heap before
{Heap before GC invocations=28089 (full 3):
 def new generation   total 1747968K, used 1557558K [0x00007f1c88600000, 0x00007f1cfeea0000, 0x00007f21ddb50000)
  eden space 1553792K, 100% used [0x00007f1c88600000, 0x00007f1ce7360000, 0x00007f1ce7360000)
  from space 194176K,   1% used [0x00007f1cf3100000, 0x00007f1cf34ad908, 0x00007f1cfeea0000)
  to   space 194176K,   0% used [0x00007f1ce7360000, 0x00007f1ce7360000, 0x00007f1cf3100000)
 tenured generation   total 3884268K, used 3884042K [0x00007f21ddb50000, 0x00007f22cac8b000, 0x00007f2c88600000)
   the space 3884268K,  99% used [0x00007f21ddb50000, 0x00007f22cac52ad0, 0x00007f22cac52c00, 0x00007f22cac8b000)
 Metaspace       used 24876K, capacity 25311K, committed 25344K, reserved 26624K
}
Event: 24155.946 GC heap after
{Heap after GC invocations=28090 (full 3):
 def new generation   total 1747968K, used 3712K [0x00007f1c88600000, 0x00007f1cfeea0000, 0x00007f21ddb50000)
  eden space 1553792K,   0% used [0x00007f1c88600000, 0x00007f1c88600000, 0x00007f1ce7360000)
  from space 194176K,   1% used [0x00007f1ce7360000, 0x00007f1ce7700228, 0x00007f1cf3100000)
  to   space 194176K,   0% used [0x00007f1cf3100000, 0x00007f1cf3100000, 0x00007f1cfeea0000)
 tenured generation   total 3884460K, used 3884301K [0x00007f21ddb50000, 0x00007f22cacbb000, 0x00007f2c88600000)
   the space 3884460K,  99% used [0x00007f21ddb50000, 0x00007f22cac934f8, 0x00007f22cac93600, 0x00007f22cacbb000)
 Metaspace       used 24876K, capacity 25311K, committed 25344K, reserved 26624K
}
Event: 24155.946 GC heap before
{Heap before GC invocations=28090 (full 3):
 def new generation   total 1747968K, used 3712K [0x00007f1c88600000, 0x00007f1cfeea0000, 0x00007f21ddb50000)
  eden space 1553792K,   0% used [0x00007f1c88600000, 0x00007f1c88600000, 0x00007f1ce7360000)
  from space 194176K,   1% used [0x00007f1ce7360000, 0x00007f1ce7700228, 0x00007f1cf3100000)
  to   space 194176K,   0% used [0x00007f1cf3100000, 0x00007f1cf3100000, 0x00007f1cfeea0000)
 tenured generation   total 3884460K, used 3884301K [0x00007f21ddb50000, 0x00007f22cacbb000, 0x00007f2c88600000)
   the space 3884460K,  99% used [0x00007f21ddb50000, 0x00007f22cac934f8, 0x00007f22cac93600, 0x00007f22cacbb000)
 Metaspace       used 24876K, capacity 25311K, committed 25344K, reserved 26624K
}

