# JRE version: OpenJDK Runtime Environment (13.0.7+5) (build 13.0.7+5-Ubuntu-0ubuntu120.04)
# Java VM: OpenJDK 64-Bit Server VM (13.0.7+5-Ubuntu-0ubuntu120.04, mixed mode, tiered, serial gc, linux-amd64)
Heap:
 def new generation   total 1747968K, used 0K [0x00007f0908600000, 0x00007f097eea0000, 0x00007f0e5db50000)
  eden space 1553792K,   0% used [0x00007f0908600000, 0x00007f0908600000, 0x00007f0967360000)
  from space 194176K,   0% used [0x00007f0973100000, 0x00007f0973100000, 0x00007f097eea0000)
  to   space 194176K,   0% used [0x00007f0967360000, 0x00007f0967360000, 0x00007f0973100000)
 tenured generation   total 3884460K, used 3765111K [0x00007f0e5db50000, 0x00007f0f4acbb000, 0x00007f1908600000)
   the space 3884460K,  96% used [0x00007f0e5db50000, 0x00007f0f4382dd98, 0x00007f0f4382de00, 0x00007f0f4acbb000)
 Metaspace       used 24742K, capacity 25186K, committed 25344K, reserved 26624K
GC Heap History (20 events):
Event: 90455.461 GC heap after
{Heap after GC invocations=189837 (full 3):
 def new generation   total 1747968K, used 1037K [0x00007f0908600000, 0x00007f097eea0000, 0x00007f0e5db50000)
  eden space 1553792K,   0% used [0x00007f0908600000, 0x00007f0908600000, 0x00007f0967360000)
  from space 194176K,   0% used [0x00007f0967360000, 0x00007f0967463430, 0x00007f0973100000)
  to   space 194176K,   0% used [0x00007f0973100000, 0x00007f0973100000, 0x00007f097eea0000)
 tenured generation   total 3884268K, used 3883978K [0x00007f0e5db50000, 0x00007f0f4ac8b000, 0x00007f1908600000)
   the space 3884268K,  99% used [0x00007f0e5db50000, 0x00007f0f4ac42ad8, 0x00007f0f4ac42c00, 0x00007f0f4ac8b000)
 Metaspace       used 24742K, capacity 25186K, committed 25344K, reserved 26624K
}
Event: 90456.312 GC heap before
{Heap before GC invocations=189837 (full 3):
 def new generation   total 1747968K, used 1554829K [0x00007f0908600000, 0x00007f097eea0000, 0x00007f0e5db50000)
  eden space 1553792K, 100% used [0x00007f0908600000, 0x00007f0967360000, 0x00007f0967360000)
  from space 194176K,   0% used [0x00007f0967360000, 0x00007f0967463430, 0x00007f0973100000)
  to   space 194176K,   0% used [0x00007f0973100000, 0x00007f0973100000, 0x00007f097eea0000)
 tenured generation   total 3884268K, used 3883978K [0x00007f0e5db50000, 0x00007f0f4ac8b000, 0x00007f1908600000)
   the space 3884268K,  99% used [0x00007f0e5db50000, 0x00007f0f4ac42ad8, 0x00007f0f4ac42c00, 0x00007f0f4ac8b000)
 Metaspace       used 24742K, capacity 25186K, committed 25344K, reserved 26624K
}
Event: 90456.315 GC heap after
{Heap after GC invocations=189838 (full 3):
 def new generation   total 1747968K, used 839K [0x00007f0908600000, 0x00007f097eea0000, 0x00007f0e5db50000)
  eden space 1553792K,   0% used [0x00007f0908600000, 0x00007f0908600000, 0x00007f0967360000)
  from space 194176K,   0% used [0x00007f0973100000, 0x00007f09731d1f68, 0x00007f097eea0000)
  to   space 194176K,   0% used [0x00007f0967360000, 0x00007f0967360000, 0x00007f0973100000)
 tenured generation   total 3884268K, used 3884030K [0x00007f0e5db50000, 0x00007f0f4ac8b000, 0x00007f1908600000)
   the space 3884268K,  99% used [0x00007f0e5db50000, 0x00007f0f4ac4fb80, 0x00007f0f4ac4fc00, 0x00007f0f4ac8b000)
 Metaspace       used 24742K, capacity 25186K, committed 25344K, reserved 26624K
}
Event: 90457.158 GC heap before
{Heap before GC invocations=189838 (full 3):
 def new generation   total 1747968K, used 1554631K [0x00007f0908600000, 0x00007f097eea0000, 0x00007f0e5db50000)
  eden space 1553792K, 100% used [0x00007f0908600000, 0x00007f0967360000, 0x00007f0967360000)
  from space 194176K,   0% used [0x00007f0973100000, 0x00007f09731d1f68, 0x00007f097eea0000)
  to   space 194176K,   0% used [0x00007f0967360000, 0x00007f0967360000, 0x00007f0973100000)
 tenured generation   total 3884268K, used 3884030K [0x00007f0e5db50000, 0x00007f0f4ac8b000, 0x00007f1908600000)
   the space 3884268K,  99% used [0x00007f0e5db50000, 0x00007f0f4ac4fb80, 0x00007f0f4ac4fc00, 0x00007f0f4ac8b000)
 Metaspace       used 24742K, capacity 25186K, committed 25344K, reserved 26624K
}
Event: 90457.160 GC heap after
{Heap after GC invocations=189839 (full 3):
 def new generation   total 1747968K, used 688K [0x00007f0908600000, 0x00007f097eea0000, 0x00007f0e5db50000)
  eden space 1553792K,   0% used [0x00007f0908600000, 0x00007f0908600000, 0x00007f0967360000)
  from space 194176K,   0% used [0x00007f0967360000, 0x00007f096740c2a0, 0x00007f0973100000)
  to   space 194176K,   0% used [0x00007f0973100000, 0x00007f0973100000, 0x00007f097eea0000)
 tenured generation   total 3884268K, used 3884030K [0x00007f0e5db50000, 0x00007f0f4ac8b000, 0x00007f1908600000)
   the space 3884268K,  99% used [0x00007f0e5db50000, 0x00007f0f4ac4fb80, 0x00007f0f4ac4fc00, 0x00007f0f4ac8b000)
 Metaspace       used 24742K, capacity 25186K, committed 25344K, reserved 26624K
}
Event: 90458.006 GC heap before
{Heap before GC invocations=189839 (full 3):
 def new generation   total 1747968K, used 1554480K [0x00007f0908600000, 0x00007f097eea0000, 0x00007f0e5db50000)
  eden space 1553792K, 100% used [0x00007f0908600000, 0x00007f0967360000, 0x00007f0967360000)
  from space 194176K,   0% used [0x00007f0967360000, 0x00007f096740c2a0, 0x00007f0973100000)
  to   space 194176K,   0% used [0x00007f0973100000, 0x00007f0973100000, 0x00007f097eea0000)
 tenured generation   total 3884268K, used 3884030K [0x00007f0e5db50000, 0x00007f0f4ac8b000, 0x00007f1908600000)
   the space 3884268K,  99% used [0x00007f0e5db50000, 0x00007f0f4ac4fb80, 0x00007f0f4ac4fc00, 0x00007f0f4ac8b000)
 Metaspace       used 24742K, capacity 25186K, committed 25344K, reserved 26624K
}
Event: 90458.010 GC heap after
{Heap after GC invocations=189840 (full 3):
 def new generation   total 1747968K, used 1053K [0x00007f0908600000, 0x00007f097eea0000, 0x00007f0e5db50000)
  eden space 1553792K,   0% used [0x00007f0908600000, 0x00007f0908600000, 0x00007f0967360000)
  from space 194176K,   0% used [0x00007f0973100000, 0x00007f0973207710, 0x00007f097eea0000)
  to   space 194176K,   0% used [0x00007f0967360000, 0x00007f0967360000, 0x00007f0973100000)
 tenured generation   total 3884268K, used 3884083K [0x00007f0e5db50000, 0x00007f0f4ac8b000, 0x00007f1908600000)
   the space 3884268K,  99% used [0x00007f0e5db50000, 0x00007f0f4ac5cc28, 0x00007f0f4ac5ce00, 0x00007f0f4ac8b000)
 Metaspace       used 24742K, capacity 25186K, committed 25344K, reserved 26624K
}
Event: 90458.855 GC heap before
{Heap before GC invocations=189840 (full 3):
 def new generation   total 1747968K, used 1554845K [0x00007f0908600000, 0x00007f097eea0000, 0x00007f0e5db50000)
  eden space 1553792K, 100% used [0x00007f0908600000, 0x00007f0967360000, 0x00007f0967360000)
  from space 194176K,   0% used [0x00007f0973100000, 0x00007f0973207710, 0x00007f097eea0000)
  to   space 194176K,   0% used [0x00007f0967360000, 0x00007f0967360000, 0x00007f0973100000)
 tenured generation   total 3884268K, used 3884083K [0x00007f0e5db50000, 0x00007f0f4ac8b000, 0x00007f1908600000)
   the space 3884268K,  99% used [0x00007f0e5db50000, 0x00007f0f4ac5cc28, 0x00007f0f4ac5ce00, 0x00007f0f4ac8b000)
 Metaspace       used 24742K, capacity 25186K, committed 25344K, reserved 26624K
}
Event: 90458.858 GC heap after
{Heap after GC invocations=189841 (full 3):
 def new generation   total 1747968K, used 888K [0x00007f0908600000, 0x00007f097eea0000, 0x00007f0e5db50000)
  eden space 1553792K,   0% used [0x00007f0908600000, 0x00007f0908600000, 0x00007f0967360000)
  from space 194176K,   0% used [0x00007f0967360000, 0x00007f096743e248, 0x00007f0973100000)
  to   space 194176K,   0% used [0x00007f0973100000, 0x00007f0973100000, 0x00007f097eea0000)
 tenured generation   total 3884268K, used 3884135K [0x00007f0e5db50000, 0x00007f0f4ac8b000, 0x00007f1908600000)
   the space 3884268K,  99% used [0x00007f0e5db50000, 0x00007f0f4ac69cd0, 0x00007f0f4ac69e00, 0x00007f0f4ac8b000)
 Metaspace       used 24742K, capacity 25186K, committed 25344K, reserved 26624K
}
Event: 90459.700 GC heap before
{Heap before GC invocations=189841 (full 3):
 def new generation   total 1747968K, used 1554680K [0x00007f0908600000, 0x00007f097eea0000, 0x00007f0e5db50000)
  eden space 1553792K, 100% used [0x00007f0908600000, 0x00007f0967360000, 0x00007f0967360000)
  from space 194176K,   0% used [0x00007f0967360000, 0x00007f096743e248, 0x00007f0973100000)
  to   space 194176K,   0% used [0x00007f0973100000, 0x00007f0973100000, 0x00007f097eea0000)
 tenured generation   total 3884268K, used 3884135K [0x00007f0e5db50000, 0x00007f0f4ac8b000, 0x00007f1908600000)
   the space 3884268K,  99% used [0x00007f0e5db50000, 0x00007f0f4ac69cd0, 0x00007f0f4ac69e00, 0x00007f0f4ac8b000)
 Metaspace       used 24742K, capacity 25186K, committed 25344K, reserved 26624K
}
Event: 90459.703 GC heap after
{Heap after GC invocations=189842 (full 3):
 def new generation   total 1747968K, used 769K [0x00007f0908600000, 0x00007f097eea0000, 0x00007f0e5db50000)
  eden space 1553792K,   0% used [0x00007f0908600000, 0x00007f0908600000, 0x00007f0967360000)
  from space 194176K,   0% used [0x00007f0973100000, 0x00007f09731c0678, 0x00007f097eea0000)
  to   space 194176K,   0% used [0x00007f0967360000, 0x00007f0967360000, 0x00007f0973100000)
 tenured generation   total 3884268K, used 3884135K [0x00007f0e5db50000, 0x00007f0f4ac8b000, 0x00007f1908600000)
   the space 3884268K,  99% used [0x00007f0e5db50000, 0x00007f0f4ac69cd0, 0x00007f0f4ac69e00, 0x00007f0f4ac8b000)
 Metaspace       used 24742K, capacity 25186K, committed 25344K, reserved 26624K
}
Event: 90460.548 GC heap before
{Heap before GC invocations=189842 (full 3):
 def new generation   total 1747968K, used 1554561K [0x00007f0908600000, 0x00007f097eea0000, 0x00007f0e5db50000)
  eden space 1553792K, 100% used [0x00007f0908600000, 0x00007f0967360000, 0x00007f0967360000)
  from space 194176K,   0% used [0x00007f0973100000, 0x00007f09731c0678, 0x00007f097eea0000)
  to   space 194176K,   0% used [0x00007f0967360000, 0x00007f0967360000, 0x00007f0973100000)
 tenured generation   total 3884268K, used 3884135K [0x00007f0e5db50000, 0x00007f0f4ac8b000, 0x00007f1908600000)
   the space 3884268K,  99% used [0x00007f0e5db50000, 0x00007f0f4ac69cd0, 0x00007f0f4ac69e00, 0x00007f0f4ac8b000)
 Metaspace       used 24742K, capacity 25186K, committed 25344K, reserved 26624K
}
Event: 90460.552 GC heap after
{Heap after GC invocations=189843 (full 3):
 def new generation   total 1747968K, used 1091K [0x00007f0908600000, 0x00007f097eea0000, 0x00007f0e5db50000)
  eden space 1553792K,   0% used [0x00007f0908600000, 0x00007f0908600000, 0x00007f0967360000)
  from space 194176K,   0% used [0x00007f0967360000, 0x00007f0967470f20, 0x00007f0973100000)
  to   space 194176K,   0% used [0x00007f0973100000, 0x00007f0973100000, 0x00007f097eea0000)
 tenured generation   total 3884268K, used 3884187K [0x00007f0e5db50000, 0x00007f0f4ac8b000, 0x00007f1908600000)
   the space 3884268K,  99% used [0x00007f0e5db50000, 0x00007f0f4ac76d78, 0x00007f0f4ac76e00, 0x00007f0f4ac8b000)
 Metaspace       used 24742K, capacity 25186K, committed 25344K, reserved 26624K
}
Event: 90461.398 GC heap before
{Heap before GC invocations=189843 (full 3):
 def new generation   total 1747968K, used 1554883K [0x00007f0908600000, 0x00007f097eea0000, 0x00007f0e5db50000)
  eden space 1553792K, 100% used [0x00007f0908600000, 0x00007f0967360000, 0x00007f0967360000)
  from space 194176K,   0% used [0x00007f0967360000, 0x00007f0967470f20, 0x00007f0973100000)
  to   space 194176K,   0% used [0x00007f0973100000, 0x00007f0973100000, 0x00007f097eea0000)
 tenured generation   total 3884268K, used 3884187K [0x00007f0e5db50000, 0x00007f0f4ac8b000, 0x00007f1908600000)
   the space 3884268K,  99% used [0x00007f0e5db50000, 0x00007f0f4ac76d78, 0x00007f0f4ac76e00, 0x00007f0f4ac8b000)
 Metaspace       used 24742K, capacity 25186K, committed 25344K, reserved 26624K
}
Event: 90461.401 GC heap after
{Heap after GC invocations=189844 (full 3):
 def new generation   total 1747968K, used 933K [0x00007f0908600000, 0x00007f097eea0000, 0x00007f0e5db50000)
  eden space 1553792K,   0% used [0x00007f0908600000, 0x00007f0908600000, 0x00007f0967360000)
  from space 194176K,   0% used [0x00007f0973100000, 0x00007f09731e9568, 0x00007f097eea0000)
  to   space 194176K,   0% used [0x00007f0967360000, 0x00007f0967360000, 0x00007f0973100000)
 tenured generation   total 3884268K, used 3884239K [0x00007f0e5db50000, 0x00007f0f4ac8b000, 0x00007f1908600000)
   the space 3884268K,  99% used [0x00007f0e5db50000, 0x00007f0f4ac83e20, 0x00007f0f4ac84000, 0x00007f0f4ac8b000)
 Metaspace       used 24742K, capacity 25186K, committed 25344K, reserved 26624K
}
Event: 90462.241 GC heap before
{Heap before GC invocations=189844 (full 3):
 def new generation   total 1747968K, used 1554725K [0x00007f0908600000, 0x00007f097eea0000, 0x00007f0e5db50000)
  eden space 1553792K, 100% used [0x00007f0908600000, 0x00007f0967360000, 0x00007f0967360000)
  from space 194176K,   0% used [0x00007f0973100000, 0x00007f09731e9568, 0x00007f097eea0000)
  to   space 194176K,   0% used [0x00007f0967360000, 0x00007f0967360000, 0x00007f0973100000)
 tenured generation   total 3884268K, used 3884239K [0x00007f0e5db50000, 0x00007f0f4ac8b000, 0x00007f1908600000)
   the space 3884268K,  99% used [0x00007f0e5db50000, 0x00007f0f4ac83e20, 0x00007f0f4ac84000, 0x00007f0f4ac8b000)
 Metaspace       used 24742K, capacity 25186K, committed 25344K, reserved 26624K
}
Event: 90462.245 GC heap after
{Heap after GC invocations=189845 (full 3):
 def new generation   total 1747968K, used 715K [0x00007f0908600000, 0x00007f097eea0000, 0x00007f0e5db50000)
  eden space 1553792K,   0% used [0x00007f0908600000, 0x00007f0908600000, 0x00007f0967360000)
  from space 194176K,   0% used [0x00007f0967360000, 0x00007f0967412cd0, 0x00007f0973100000)
  to   space 194176K,   0% used [0x00007f0973100000, 0x00007f0973100000, 0x00007f097eea0000)
 tenured generation   total 3884268K, used 3884239K [0x00007f0e5db50000, 0x00007f0f4ac8b000, 0x00007f1908600000)
   the space 3884268K,  99% used [0x00007f0e5db50000, 0x00007f0f4ac83e20, 0x00007f0f4ac84000, 0x00007f0f4ac8b000)
 Metaspace       used 24742K, capacity 25186K, committed 25344K, reserved 26624K
}
Event: 90463.093 GC heap before
{Heap before GC invocations=189845 (full 3):
 def new generation   total 1747968K, used 1554507K [0x00007f0908600000, 0x00007f097eea0000, 0x00007f0e5db50000)
  eden space 1553792K, 100% used [0x00007f0908600000, 0x00007f0967360000, 0x00007f0967360000)
  from space 194176K,   0% used [0x00007f0967360000, 0x00007f0967412cd0, 0x00007f0973100000)
  to   space 194176K,   0% used [0x00007f0973100000, 0x00007f0973100000, 0x00007f097eea0000)
 tenured generation   total 3884268K, used 3884239K [0x00007f0e5db50000, 0x00007f0f4ac8b000, 0x00007f1908600000)
   the space 3884268K,  99% used [0x00007f0e5db50000, 0x00007f0f4ac83e20, 0x00007f0f4ac84000, 0x00007f0f4ac8b000)
 Metaspace       used 24742K, capacity 25186K, committed 25344K, reserved 26624K
}
Event: 90463.097 GC heap after
{Heap after GC invocations=189846 (full 3):
 def new generation   total 1747968K, used 1131K [0x00007f0908600000, 0x00007f097eea0000, 0x00007f0e5db50000)
  eden space 1553792K,   0% used [0x00007f0908600000, 0x00007f0908600000, 0x00007f0967360000)
  from space 194176K,   0% used [0x00007f0973100000, 0x00007f097321ae58, 0x00007f097eea0000)
  to   space 194176K,   0% used [0x00007f0967360000, 0x00007f0967360000, 0x00007f0973100000)
 tenured generation   total 3884460K, used 3884291K [0x00007f0e5db50000, 0x00007f0f4acbb000, 0x00007f1908600000)
   the space 3884460K,  99% used [0x00007f0e5db50000, 0x00007f0f4ac90ec8, 0x00007f0f4ac91000, 0x00007f0f4acbb000)
 Metaspace       used 24742K, capacity 25186K, committed 25344K, reserved 26624K
}
Event: 90463.097 GC heap before
{Heap before GC invocations=189846 (full 3):
 def new generation   total 1747968K, used 1131K [0x00007f0908600000, 0x00007f097eea0000, 0x00007f0e5db50000)
  eden space 1553792K,   0% used [0x00007f0908600000, 0x00007f0908600000, 0x00007f0967360000)
  from space 194176K,   0% used [0x00007f0973100000, 0x00007f097321ae58, 0x00007f097eea0000)
  to   space 194176K,   0% used [0x00007f0967360000, 0x00007f0967360000, 0x00007f0973100000)
 tenured generation   total 3884460K, used 3884291K [0x00007f0e5db50000, 0x00007f0f4acbb000, 0x00007f1908600000)
   the space 3884460K,  99% used [0x00007f0e5db50000, 0x00007f0f4ac90ec8, 0x00007f0f4ac91000, 0x00007f0f4acbb000)
 Metaspace       used 24742K, capacity 25186K, committed 25344K, reserved 26624K
}

