# JRE version: OpenJDK Runtime Environment (13.0.7+5) (build 13.0.7+5-Ubuntu-0ubuntu120.04)
# Java VM: OpenJDK 64-Bit Server VM (13.0.7+5-Ubuntu-0ubuntu120.04, mixed mode, tiered, serial gc, linux-amd64)
Heap:
 def new generation   total 2778112K, used 1361K [0x00007f6f48600000, 0x00007f7004c70000, 0x00007f749db50000)
  eden space 2469440K,   0% used [0x00007f6f48600000, 0x00007f6f48754590, 0x00007f6fdf190000)
  from space 308672K,   0% used [0x00007f6ff1f00000, 0x00007f6ff1f00000, 0x00007f7004c70000)
  to   space 308672K,   0% used [0x00007f6fdf190000, 0x00007f6fdf190000, 0x00007f6ff1f00000)
 tenured generation   total 6173720K, used 6173719K [0x00007f749db50000, 0x00007f7616856000, 0x00007f7f48600000)
   the space 6173720K,  99% used [0x00007f749db50000, 0x00007f7616855ff8, 0x00007f7616856000, 0x00007f7616856000)
 Metaspace       used 24688K, capacity 25166K, committed 25600K, reserved 26624K
GC Heap History (20 events):
Event: 213404.878 GC heap after
{Heap after GC invocations=283801 (full 4):
 def new generation   total 2778112K, used 1081K [0x00007f6f48600000, 0x00007f7004c70000, 0x00007f749db50000)
  eden space 2469440K,   0% used [0x00007f6f48600000, 0x00007f6f48600000, 0x00007f6fdf190000)
  from space 308672K,   0% used [0x00007f6fdf190000, 0x00007f6fdf29e6a0, 0x00007f6ff1f00000)
  to   space 308672K,   0% used [0x00007f6ff1f00000, 0x00007f6ff1f00000, 0x00007f7004c70000)
 tenured generation   total 6173528K, used 6173165K [0x00007f749db50000, 0x00007f7616826000, 0x00007f7f48600000)
   the space 6173528K,  99% used [0x00007f749db50000, 0x00007f76167cb728, 0x00007f76167cb800, 0x00007f7616826000)
 Metaspace       used 24688K, capacity 25166K, committed 25600K, reserved 26624K
}
Event: 213406.493 GC heap before
{Heap before GC invocations=283801 (full 4):
 def new generation   total 2778112K, used 2470521K [0x00007f6f48600000, 0x00007f7004c70000, 0x00007f749db50000)
  eden space 2469440K, 100% used [0x00007f6f48600000, 0x00007f6fdf190000, 0x00007f6fdf190000)
  from space 308672K,   0% used [0x00007f6fdf190000, 0x00007f6fdf29e6a0, 0x00007f6ff1f00000)
  to   space 308672K,   0% used [0x00007f6ff1f00000, 0x00007f6ff1f00000, 0x00007f7004c70000)
 tenured generation   total 6173528K, used 6173165K [0x00007f749db50000, 0x00007f7616826000, 0x00007f7f48600000)
   the space 6173528K,  99% used [0x00007f749db50000, 0x00007f76167cb728, 0x00007f76167cb800, 0x00007f7616826000)
 Metaspace       used 24688K, capacity 25166K, committed 25600K, reserved 26624K
}
Event: 213406.498 GC heap after
{Heap after GC invocations=283802 (full 4):
 def new generation   total 2778112K, used 1019K [0x00007f6f48600000, 0x00007f7004c70000, 0x00007f749db50000)
  eden space 2469440K,   0% used [0x00007f6f48600000, 0x00007f6f48600000, 0x00007f6fdf190000)
  from space 308672K,   0% used [0x00007f6ff1f00000, 0x00007f6ff1ffecd8, 0x00007f7004c70000)
  to   space 308672K,   0% used [0x00007f6fdf190000, 0x00007f6fdf190000, 0x00007f6ff1f00000)
 tenured generation   total 6173528K, used 6173214K [0x00007f749db50000, 0x00007f7616826000, 0x00007f7f48600000)
   the space 6173528K,  99% used [0x00007f749db50000, 0x00007f76167d78d8, 0x00007f76167d7a00, 0x00007f7616826000)
 Metaspace       used 24688K, capacity 25166K, committed 25600K, reserved 26624K
}
Event: 213408.169 GC heap before
{Heap before GC invocations=283802 (full 4):
 def new generation   total 2778112K, used 2470459K [0x00007f6f48600000, 0x00007f7004c70000, 0x00007f749db50000)
  eden space 2469440K, 100% used [0x00007f6f48600000, 0x00007f6fdf190000, 0x00007f6fdf190000)
  from space 308672K,   0% used [0x00007f6ff1f00000, 0x00007f6ff1ffecd8, 0x00007f7004c70000)
  to   space 308672K,   0% used [0x00007f6fdf190000, 0x00007f6fdf190000, 0x00007f6ff1f00000)
 tenured generation   total 6173528K, used 6173214K [0x00007f749db50000, 0x00007f7616826000, 0x00007f7f48600000)
   the space 6173528K,  99% used [0x00007f749db50000, 0x00007f76167d78d8, 0x00007f76167d7a00, 0x00007f7616826000)
 Metaspace       used 24688K, capacity 25166K, committed 25600K, reserved 26624K
}
Event: 213408.175 GC heap after
{Heap after GC invocations=283803 (full 4):
 def new generation   total 2778112K, used 957K [0x00007f6f48600000, 0x00007f7004c70000, 0x00007f749db50000)
  eden space 2469440K,   0% used [0x00007f6f48600000, 0x00007f6f48600000, 0x00007f6fdf190000)
  from space 308672K,   0% used [0x00007f6fdf190000, 0x00007f6fdf27f508, 0x00007f6ff1f00000)
  to   space 308672K,   0% used [0x00007f6ff1f00000, 0x00007f6ff1f00000, 0x00007f7004c70000)
 tenured generation   total 6173528K, used 6173262K [0x00007f749db50000, 0x00007f7616826000, 0x00007f7f48600000)
   the space 6173528K,  99% used [0x00007f749db50000, 0x00007f76167e3a88, 0x00007f76167e3c00, 0x00007f7616826000)
 Metaspace       used 24688K, capacity 25166K, committed 25600K, reserved 26624K
}
Event: 213409.788 GC heap before
{Heap before GC invocations=283803 (full 4):
 def new generation   total 2778112K, used 2470397K [0x00007f6f48600000, 0x00007f7004c70000, 0x00007f749db50000)
  eden space 2469440K, 100% used [0x00007f6f48600000, 0x00007f6fdf190000, 0x00007f6fdf190000)
  from space 308672K,   0% used [0x00007f6fdf190000, 0x00007f6fdf27f508, 0x00007f6ff1f00000)
  to   space 308672K,   0% used [0x00007f6ff1f00000, 0x00007f6ff1f00000, 0x00007f7004c70000)
 tenured generation   total 6173528K, used 6173262K [0x00007f749db50000, 0x00007f7616826000, 0x00007f7f48600000)
   the space 6173528K,  99% used [0x00007f749db50000, 0x00007f76167e3a88, 0x00007f76167e3c00, 0x00007f7616826000)
 Metaspace       used 24688K, capacity 25166K, committed 25600K, reserved 26624K
}
Event: 213409.794 GC heap after
{Heap after GC invocations=283804 (full 4):
 def new generation   total 2778112K, used 909K [0x00007f6f48600000, 0x00007f7004c70000, 0x00007f749db50000)
  eden space 2469440K,   0% used [0x00007f6f48600000, 0x00007f6f48600000, 0x00007f6fdf190000)
  from space 308672K,   0% used [0x00007f6ff1f00000, 0x00007f6ff1fe3570, 0x00007f7004c70000)
  to   space 308672K,   0% used [0x00007f6fdf190000, 0x00007f6fdf190000, 0x00007f6ff1f00000)
 tenured generation   total 6173528K, used 6173311K [0x00007f749db50000, 0x00007f7616826000, 0x00007f7f48600000)
   the space 6173528K,  99% used [0x00007f749db50000, 0x00007f76167efc38, 0x00007f76167efe00, 0x00007f7616826000)
 Metaspace       used 24688K, capacity 25166K, committed 25600K, reserved 26624K
}
Event: 213411.407 GC heap before
{Heap before GC invocations=283804 (full 4):
 def new generation   total 2778112K, used 2470349K [0x00007f6f48600000, 0x00007f7004c70000, 0x00007f749db50000)
  eden space 2469440K, 100% used [0x00007f6f48600000, 0x00007f6fdf190000, 0x00007f6fdf190000)
  from space 308672K,   0% used [0x00007f6ff1f00000, 0x00007f6ff1fe3570, 0x00007f7004c70000)
  to   space 308672K,   0% used [0x00007f6fdf190000, 0x00007f6fdf190000, 0x00007f6ff1f00000)
 tenured generation   total 6173528K, used 6173311K [0x00007f749db50000, 0x00007f7616826000, 0x00007f7f48600000)
   the space 6173528K,  99% used [0x00007f749db50000, 0x00007f76167efc38, 0x00007f76167efe00, 0x00007f7616826000)
 Metaspace       used 24688K, capacity 25166K, committed 25600K, reserved 26624K
}
Event: 213411.412 GC heap after
{Heap after GC invocations=283805 (full 4):
 def new generation   total 2778112K, used 874K [0x00007f6f48600000, 0x00007f7004c70000, 0x00007f749db50000)
  eden space 2469440K,   0% used [0x00007f6f48600000, 0x00007f6f48600000, 0x00007f6fdf190000)
  from space 308672K,   0% used [0x00007f6fdf190000, 0x00007f6fdf26ab38, 0x00007f6ff1f00000)
  to   space 308672K,   0% used [0x00007f6ff1f00000, 0x00007f6ff1f00000, 0x00007f7004c70000)
 tenured generation   total 6173528K, used 6173359K [0x00007f749db50000, 0x00007f7616826000, 0x00007f7f48600000)
   the space 6173528K,  99% used [0x00007f749db50000, 0x00007f76167fbde8, 0x00007f76167fbe00, 0x00007f7616826000)
 Metaspace       used 24688K, capacity 25166K, committed 25600K, reserved 26624K
}
Event: 213413.031 GC heap before
{Heap before GC invocations=283805 (full 4):
 def new generation   total 2778112K, used 2470314K [0x00007f6f48600000, 0x00007f7004c70000, 0x00007f749db50000)
  eden space 2469440K, 100% used [0x00007f6f48600000, 0x00007f6fdf190000, 0x00007f6fdf190000)
  from space 308672K,   0% used [0x00007f6fdf190000, 0x00007f6fdf26ab38, 0x00007f6ff1f00000)
  to   space 308672K,   0% used [0x00007f6ff1f00000, 0x00007f6ff1f00000, 0x00007f7004c70000)
 tenured generation   total 6173528K, used 6173359K [0x00007f749db50000, 0x00007f7616826000, 0x00007f7f48600000)
   the space 6173528K,  99% used [0x00007f749db50000, 0x00007f76167fbde8, 0x00007f76167fbe00, 0x00007f7616826000)
 Metaspace       used 24688K, capacity 25166K, committed 25600K, reserved 26624K
}
Event: 213413.037 GC heap after
{Heap after GC invocations=283806 (full 4):
 def new generation   total 2778112K, used 783K [0x00007f6f48600000, 0x00007f7004c70000, 0x00007f749db50000)
  eden space 2469440K,   0% used [0x00007f6f48600000, 0x00007f6f48600000, 0x00007f6fdf190000)
  from space 308672K,   0% used [0x00007f6ff1f00000, 0x00007f6ff1fc3d50, 0x00007f7004c70000)
  to   space 308672K,   0% used [0x00007f6fdf190000, 0x00007f6fdf190000, 0x00007f6ff1f00000)
 tenured generation   total 6173528K, used 6173407K [0x00007f749db50000, 0x00007f7616826000, 0x00007f7f48600000)
   the space 6173528K,  99% used [0x00007f749db50000, 0x00007f7616807f98, 0x00007f7616808000, 0x00007f7616826000)
 Metaspace       used 24688K, capacity 25166K, committed 25600K, reserved 26624K
}
Event: 213414.626 GC heap before
{Heap before GC invocations=283806 (full 4):
 def new generation   total 2778112K, used 2470223K [0x00007f6f48600000, 0x00007f7004c70000, 0x00007f749db50000)
  eden space 2469440K, 100% used [0x00007f6f48600000, 0x00007f6fdf190000, 0x00007f6fdf190000)
  from space 308672K,   0% used [0x00007f6ff1f00000, 0x00007f6ff1fc3d50, 0x00007f7004c70000)
  to   space 308672K,   0% used [0x00007f6fdf190000, 0x00007f6fdf190000, 0x00007f6ff1f00000)
 tenured generation   total 6173528K, used 6173407K [0x00007f749db50000, 0x00007f7616826000, 0x00007f7f48600000)
   the space 6173528K,  99% used [0x00007f749db50000, 0x00007f7616807f98, 0x00007f7616808000, 0x00007f7616826000)
 Metaspace       used 24688K, capacity 25166K, committed 25600K, reserved 26624K
}
Event: 213414.634 GC heap after
{Heap after GC invocations=283807 (full 4):
 def new generation   total 2778112K, used 1749K [0x00007f6f48600000, 0x00007f7004c70000, 0x00007f749db50000)
  eden space 2469440K,   0% used [0x00007f6f48600000, 0x00007f6f48600000, 0x00007f6fdf190000)
  from space 308672K,   0% used [0x00007f6fdf190000, 0x00007f6fdf3457b0, 0x00007f6ff1f00000)
  to   space 308672K,   0% used [0x00007f6ff1f00000, 0x00007f6ff1f00000, 0x00007f7004c70000)
 tenured generation   total 6173528K, used 6173407K [0x00007f749db50000, 0x00007f7616826000, 0x00007f7f48600000)
   the space 6173528K,  99% used [0x00007f749db50000, 0x00007f7616807f98, 0x00007f7616808000, 0x00007f7616826000)
 Metaspace       used 24688K, capacity 25166K, committed 25600K, reserved 26624K
}
Event: 213416.256 GC heap before
{Heap before GC invocations=283807 (full 4):
 def new generation   total 2778112K, used 2471189K [0x00007f6f48600000, 0x00007f7004c70000, 0x00007f749db50000)
  eden space 2469440K, 100% used [0x00007f6f48600000, 0x00007f6fdf190000, 0x00007f6fdf190000)
  from space 308672K,   0% used [0x00007f6fdf190000, 0x00007f6fdf3457b0, 0x00007f6ff1f00000)
  to   space 308672K,   0% used [0x00007f6ff1f00000, 0x00007f6ff1f00000, 0x00007f7004c70000)
 tenured generation   total 6173528K, used 6173407K [0x00007f749db50000, 0x00007f7616826000, 0x00007f7f48600000)
   the space 6173528K,  99% used [0x00007f749db50000, 0x00007f7616807f98, 0x00007f7616808000, 0x00007f7616826000)
 Metaspace       used 24688K, capacity 25166K, committed 25600K, reserved 26624K
}
Event: 213416.264 GC heap after
{Heap after GC invocations=283808 (full 4):
 def new generation   total 2778112K, used 1654K [0x00007f6f48600000, 0x00007f7004c70000, 0x00007f749db50000)
  eden space 2469440K,   0% used [0x00007f6f48600000, 0x00007f6f48600000, 0x00007f6fdf190000)
  from space 308672K,   0% used [0x00007f6ff1f00000, 0x00007f6ff209d8a8, 0x00007f7004c70000)
  to   space 308672K,   0% used [0x00007f6fdf190000, 0x00007f6fdf190000, 0x00007f6ff1f00000)
 tenured generation   total 6173528K, used 6173456K [0x00007f749db50000, 0x00007f7616826000, 0x00007f7f48600000)
   the space 6173528K,  99% used [0x00007f749db50000, 0x00007f7616814148, 0x00007f7616814200, 0x00007f7616826000)
 Metaspace       used 24688K, capacity 25166K, committed 25600K, reserved 26624K
}
Event: 213417.880 GC heap before
{Heap before GC invocations=283808 (full 4):
 def new generation   total 2778112K, used 2471094K [0x00007f6f48600000, 0x00007f7004c70000, 0x00007f749db50000)
  eden space 2469440K, 100% used [0x00007f6f48600000, 0x00007f6fdf190000, 0x00007f6fdf190000)
  from space 308672K,   0% used [0x00007f6ff1f00000, 0x00007f6ff209d8a8, 0x00007f7004c70000)
  to   space 308672K,   0% used [0x00007f6fdf190000, 0x00007f6fdf190000, 0x00007f6ff1f00000)
 tenured generation   total 6173528K, used 6173456K [0x00007f749db50000, 0x00007f7616826000, 0x00007f7f48600000)
   the space 6173528K,  99% used [0x00007f749db50000, 0x00007f7616814148, 0x00007f7616814200, 0x00007f7616826000)
 Metaspace       used 24688K, capacity 25166K, committed 25600K, reserved 26624K
}
Event: 213417.887 GC heap after
{Heap after GC invocations=283809 (full 4):
 def new generation   total 2778112K, used 1589K [0x00007f6f48600000, 0x00007f7004c70000, 0x00007f749db50000)
  eden space 2469440K,   0% used [0x00007f6f48600000, 0x00007f6f48600000, 0x00007f6fdf190000)
  from space 308672K,   0% used [0x00007f6fdf190000, 0x00007f6fdf31d4a8, 0x00007f6ff1f00000)
  to   space 308672K,   0% used [0x00007f6ff1f00000, 0x00007f6ff1f00000, 0x00007f7004c70000)
 tenured generation   total 6173528K, used 6173504K [0x00007f749db50000, 0x00007f7616826000, 0x00007f7f48600000)
   the space 6173528K,  99% used [0x00007f749db50000, 0x00007f76168202f8, 0x00007f7616820400, 0x00007f7616826000)
 Metaspace       used 24688K, capacity 25166K, committed 25600K, reserved 26624K
}
Event: 213419.509 GC heap before
{Heap before GC invocations=283809 (full 4):
 def new generation   total 2778112K, used 2471029K [0x00007f6f48600000, 0x00007f7004c70000, 0x00007f749db50000)
  eden space 2469440K, 100% used [0x00007f6f48600000, 0x00007f6fdf190000, 0x00007f6fdf190000)
  from space 308672K,   0% used [0x00007f6fdf190000, 0x00007f6fdf31d4a8, 0x00007f6ff1f00000)
  to   space 308672K,   0% used [0x00007f6ff1f00000, 0x00007f6ff1f00000, 0x00007f7004c70000)
 tenured generation   total 6173528K, used 6173504K [0x00007f749db50000, 0x00007f7616826000, 0x00007f7f48600000)
   the space 6173528K,  99% used [0x00007f749db50000, 0x00007f76168202f8, 0x00007f7616820400, 0x00007f7616826000)
 Metaspace       used 24688K, capacity 25166K, committed 25600K, reserved 26624K
}
Event: 213419.517 GC heap after
{Heap after GC invocations=283810 (full 4):
 def new generation   total 2778112K, used 1528K [0x00007f6f48600000, 0x00007f7004c70000, 0x00007f749db50000)
  eden space 2469440K,   0% used [0x00007f6f48600000, 0x00007f6f48600000, 0x00007f6fdf190000)
  from space 308672K,   0% used [0x00007f6ff1f00000, 0x00007f6ff207e0e0, 0x00007f7004c70000)
  to   space 308672K,   0% used [0x00007f6fdf190000, 0x00007f6fdf190000, 0x00007f6ff1f00000)
 tenured generation   total 6173720K, used 6173553K [0x00007f749db50000, 0x00007f7616856000, 0x00007f7f48600000)
   the space 6173720K,  99% used [0x00007f749db50000, 0x00007f761682c4a8, 0x00007f761682c600, 0x00007f7616856000)
 Metaspace       used 24688K, capacity 25166K, committed 25600K, reserved 26624K
}
Event: 213419.517 GC heap before
{Heap before GC invocations=283810 (full 4):
 def new generation   total 2778112K, used 1528K [0x00007f6f48600000, 0x00007f7004c70000, 0x00007f749db50000)
  eden space 2469440K,   0% used [0x00007f6f48600000, 0x00007f6f48600000, 0x00007f6fdf190000)
  from space 308672K,   0% used [0x00007f6ff1f00000, 0x00007f6ff207e0e0, 0x00007f7004c70000)
  to   space 308672K,   0% used [0x00007f6fdf190000, 0x00007f6fdf190000, 0x00007f6ff1f00000)
 tenured generation   total 6173720K, used 6173553K [0x00007f749db50000, 0x00007f7616856000, 0x00007f7f48600000)
   the space 6173720K,  99% used [0x00007f749db50000, 0x00007f761682c4a8, 0x00007f761682c600, 0x00007f7616856000)
 Metaspace       used 24688K, capacity 25166K, committed 25600K, reserved 26624K
}

