# JRE version: OpenJDK Runtime Environment (13.0.7+5) (build 13.0.7+5-Ubuntu-0ubuntu120.04)
# Java VM: OpenJDK 64-Bit Server VM (13.0.7+5-Ubuntu-0ubuntu120.04, mixed mode, tiered, serial gc, linux-amd64)
Heap:
 def new generation   total 1048832K, used 4917K [0x00007f79cc600000, 0x00007f7a13800000, 0x00007f7f21b50000)
  eden space 932352K,   0% used [0x00007f79cc600000, 0x00007f79ccacd590, 0x00007f7a05480000)
  from space 116480K,   0% used [0x00007f7a05480000, 0x00007f7a05480000, 0x00007f7a0c640000)
  to   space 116480K,   0% used [0x00007f7a0c640000, 0x00007f7a0c640000, 0x00007f7a13800000)
 tenured generation   total 2330752K, used 2330751K [0x00007f7f21b50000, 0x00007f7faff70000, 0x00007f89cc600000)
   the space 2330752K,  99% used [0x00007f7f21b50000, 0x00007f7faff6ffe8, 0x00007f7faff70000, 0x00007f7faff70000)
 Metaspace       used 24854K, capacity 25300K, committed 25344K, reserved 26624K
GC Heap History (20 events):
Event: 4135.249 GC heap after
{Heap after GC invocations=9744 (full 2):
 def new generation   total 1048832K, used 4922K [0x00007f79cc600000, 0x00007f7a13800000, 0x00007f7f21b50000)
  eden space 932352K,   0% used [0x00007f79cc600000, 0x00007f79cc600000, 0x00007f7a05480000)
  from space 116480K,   4% used [0x00007f7a0c640000, 0x00007f7a0cb0e870, 0x00007f7a13800000)
  to   space 116480K,   0% used [0x00007f7a05480000, 0x00007f7a05480000, 0x00007f7a0c640000)
 tenured generation   total 2330560K, used 2327738K [0x00007f7f21b50000, 0x00007f7faff40000, 0x00007f89cc600000)
   the space 2330560K,  99% used [0x00007f7f21b50000, 0x00007f7fafc7eb08, 0x00007f7fafc7ec00, 0x00007f7faff40000)
 Metaspace       used 24854K, capacity 25300K, committed 25344K, reserved 26624K
}
Event: 4135.820 GC heap before
{Heap before GC invocations=9744 (full 2):
 def new generation   total 1048832K, used 937274K [0x00007f79cc600000, 0x00007f7a13800000, 0x00007f7f21b50000)
  eden space 932352K, 100% used [0x00007f79cc600000, 0x00007f7a05480000, 0x00007f7a05480000)
  from space 116480K,   4% used [0x00007f7a0c640000, 0x00007f7a0cb0e870, 0x00007f7a13800000)
  to   space 116480K,   0% used [0x00007f7a05480000, 0x00007f7a05480000, 0x00007f7a0c640000)
 tenured generation   total 2330560K, used 2327738K [0x00007f7f21b50000, 0x00007f7faff40000, 0x00007f89cc600000)
   the space 2330560K,  99% used [0x00007f7f21b50000, 0x00007f7fafc7eb08, 0x00007f7fafc7ec00, 0x00007f7faff40000)
 Metaspace       used 24854K, capacity 25300K, committed 25344K, reserved 26624K
}
Event: 4135.828 GC heap after
{Heap after GC invocations=9745 (full 2):
 def new generation   total 1048832K, used 4916K [0x00007f79cc600000, 0x00007f7a13800000, 0x00007f7f21b50000)
  eden space 932352K,   0% used [0x00007f79cc600000, 0x00007f79cc600000, 0x00007f7a05480000)
  from space 116480K,   4% used [0x00007f7a05480000, 0x00007f7a0594d040, 0x00007f7a0c640000)
  to   space 116480K,   0% used [0x00007f7a0c640000, 0x00007f7a0c640000, 0x00007f7a13800000)
 tenured generation   total 2330560K, used 2328074K [0x00007f7f21b50000, 0x00007f7faff40000, 0x00007f89cc600000)
   the space 2330560K,  99% used [0x00007f7f21b50000, 0x00007f7fafcd2980, 0x00007f7fafcd2a00, 0x00007f7faff40000)
 Metaspace       used 24854K, capacity 25300K, committed 25344K, reserved 26624K
}
Event: 4136.413 GC heap before
{Heap before GC invocations=9745 (full 2):
 def new generation   total 1048832K, used 937268K [0x00007f79cc600000, 0x00007f7a13800000, 0x00007f7f21b50000)
  eden space 932352K, 100% used [0x00007f79cc600000, 0x00007f7a05480000, 0x00007f7a05480000)
  from space 116480K,   4% used [0x00007f7a05480000, 0x00007f7a0594d040, 0x00007f7a0c640000)
  to   space 116480K,   0% used [0x00007f7a0c640000, 0x00007f7a0c640000, 0x00007f7a13800000)
 tenured generation   total 2330560K, used 2328074K [0x00007f7f21b50000, 0x00007f7faff40000, 0x00007f89cc600000)
   the space 2330560K,  99% used [0x00007f7f21b50000, 0x00007f7fafcd2980, 0x00007f7fafcd2a00, 0x00007f7faff40000)
 Metaspace       used 24854K, capacity 25300K, committed 25344K, reserved 26624K
}
Event: 4136.421 GC heap after
{Heap after GC invocations=9746 (full 2):
 def new generation   total 1048832K, used 4901K [0x00007f79cc600000, 0x00007f7a13800000, 0x00007f7f21b50000)
  eden space 932352K,   0% used [0x00007f79cc600000, 0x00007f79cc600000, 0x00007f7a05480000)
  from space 116480K,   4% used [0x00007f7a0c640000, 0x00007f7a0cb09770, 0x00007f7a13800000)
  to   space 116480K,   0% used [0x00007f7a05480000, 0x00007f7a05480000, 0x00007f7a0c640000)
 tenured generation   total 2330560K, used 2328429K [0x00007f7f21b50000, 0x00007f7faff40000, 0x00007f89cc600000)
   the space 2330560K,  99% used [0x00007f7f21b50000, 0x00007f7fafd2b440, 0x00007f7fafd2b600, 0x00007f7faff40000)
 Metaspace       used 24854K, capacity 25300K, committed 25344K, reserved 26624K
}
Event: 4136.996 GC heap before
{Heap before GC invocations=9746 (full 2):
 def new generation   total 1048832K, used 937253K [0x00007f79cc600000, 0x00007f7a13800000, 0x00007f7f21b50000)
  eden space 932352K, 100% used [0x00007f79cc600000, 0x00007f7a05480000, 0x00007f7a05480000)
  from space 116480K,   4% used [0x00007f7a0c640000, 0x00007f7a0cb09770, 0x00007f7a13800000)
  to   space 116480K,   0% used [0x00007f7a05480000, 0x00007f7a05480000, 0x00007f7a0c640000)
 tenured generation   total 2330560K, used 2328429K [0x00007f7f21b50000, 0x00007f7faff40000, 0x00007f89cc600000)
   the space 2330560K,  99% used [0x00007f7f21b50000, 0x00007f7fafd2b440, 0x00007f7fafd2b600, 0x00007f7faff40000)
 Metaspace       used 24854K, capacity 25300K, committed 25344K, reserved 26624K
}
Event: 4137.003 GC heap after
{Heap after GC invocations=9747 (full 2):
 def new generation   total 1048832K, used 5058K [0x00007f79cc600000, 0x00007f7a13800000, 0x00007f7f21b50000)
  eden space 932352K,   0% used [0x00007f79cc600000, 0x00007f79cc600000, 0x00007f7a05480000)
  from space 116480K,   4% used [0x00007f7a05480000, 0x00007f7a05970930, 0x00007f7a0c640000)
  to   space 116480K,   0% used [0x00007f7a0c640000, 0x00007f7a0c640000, 0x00007f7a13800000)
 tenured generation   total 2330560K, used 2328612K [0x00007f7f21b50000, 0x00007f7faff40000, 0x00007f89cc600000)
   the space 2330560K,  99% used [0x00007f7f21b50000, 0x00007f7fafd590f0, 0x00007f7fafd59200, 0x00007f7faff40000)
 Metaspace       used 24854K, capacity 25300K, committed 25344K, reserved 26624K
}
Event: 4137.581 GC heap before
{Heap before GC invocations=9747 (full 2):
 def new generation   total 1048832K, used 937410K [0x00007f79cc600000, 0x00007f7a13800000, 0x00007f7f21b50000)
  eden space 932352K, 100% used [0x00007f79cc600000, 0x00007f7a05480000, 0x00007f7a05480000)
  from space 116480K,   4% used [0x00007f7a05480000, 0x00007f7a05970930, 0x00007f7a0c640000)
  to   space 116480K,   0% used [0x00007f7a0c640000, 0x00007f7a0c640000, 0x00007f7a13800000)
 tenured generation   total 2330560K, used 2328612K [0x00007f7f21b50000, 0x00007f7faff40000, 0x00007f89cc600000)
   the space 2330560K,  99% used [0x00007f7f21b50000, 0x00007f7fafd590f0, 0x00007f7fafd59200, 0x00007f7faff40000)
 Metaspace       used 24854K, capacity 25300K, committed 25344K, reserved 26624K
}
Event: 4137.588 GC heap after
{Heap after GC invocations=9748 (full 2):
 def new generation   total 1048832K, used 5039K [0x00007f79cc600000, 0x00007f7a13800000, 0x00007f7f21b50000)
  eden space 932352K,   0% used [0x00007f79cc600000, 0x00007f79cc600000, 0x00007f7a05480000)
  from space 116480K,   4% used [0x00007f7a0c640000, 0x00007f7a0cb2bc20, 0x00007f7a13800000)
  to   space 116480K,   0% used [0x00007f7a05480000, 0x00007f7a05480000, 0x00007f7a0c640000)
 tenured generation   total 2330560K, used 2328947K [0x00007f7f21b50000, 0x00007f7faff40000, 0x00007f89cc600000)
   the space 2330560K,  99% used [0x00007f7f21b50000, 0x00007f7fafdacf68, 0x00007f7fafdad000, 0x00007f7faff40000)
 Metaspace       used 24854K, capacity 25300K, committed 25344K, reserved 26624K
}
Event: 4138.190 GC heap before
{Heap before GC invocations=9748 (full 2):
 def new generation   total 1048832K, used 937391K [0x00007f79cc600000, 0x00007f7a13800000, 0x00007f7f21b50000)
  eden space 932352K, 100% used [0x00007f79cc600000, 0x00007f7a05480000, 0x00007f7a05480000)
  from space 116480K,   4% used [0x00007f7a0c640000, 0x00007f7a0cb2bc20, 0x00007f7a13800000)
  to   space 116480K,   0% used [0x00007f7a05480000, 0x00007f7a05480000, 0x00007f7a0c640000)
 tenured generation   total 2330560K, used 2328947K [0x00007f7f21b50000, 0x00007f7faff40000, 0x00007f89cc600000)
   the space 2330560K,  99% used [0x00007f7f21b50000, 0x00007f7fafdacf68, 0x00007f7fafdad000, 0x00007f7faff40000)
 Metaspace       used 24854K, capacity 25300K, committed 25344K, reserved 26624K
}
Event: 4138.197 GC heap after
{Heap after GC invocations=9749 (full 2):
 def new generation   total 1048832K, used 5039K [0x00007f79cc600000, 0x00007f7a13800000, 0x00007f7f21b50000)
  eden space 932352K,   0% used [0x00007f79cc600000, 0x00007f79cc600000, 0x00007f7a05480000)
  from space 116480K,   4% used [0x00007f7a05480000, 0x00007f7a0596be68, 0x00007f7a0c640000)
  to   space 116480K,   0% used [0x00007f7a0c640000, 0x00007f7a0c640000, 0x00007f7a13800000)
 tenured generation   total 2330560K, used 2329283K [0x00007f7f21b50000, 0x00007f7faff40000, 0x00007f89cc600000)
   the space 2330560K,  99% used [0x00007f7f21b50000, 0x00007f7fafe00de0, 0x00007f7fafe00e00, 0x00007f7faff40000)
 Metaspace       used 24854K, capacity 25300K, committed 25344K, reserved 26624K
}
Event: 4138.766 GC heap before
{Heap before GC invocations=9749 (full 2):
 def new generation   total 1048832K, used 937391K [0x00007f79cc600000, 0x00007f7a13800000, 0x00007f7f21b50000)
  eden space 932352K, 100% used [0x00007f79cc600000, 0x00007f7a05480000, 0x00007f7a05480000)
  from space 116480K,   4% used [0x00007f7a05480000, 0x00007f7a0596be68, 0x00007f7a0c640000)
  to   space 116480K,   0% used [0x00007f7a0c640000, 0x00007f7a0c640000, 0x00007f7a13800000)
 tenured generation   total 2330560K, used 2329283K [0x00007f7f21b50000, 0x00007f7faff40000, 0x00007f89cc600000)
   the space 2330560K,  99% used [0x00007f7f21b50000, 0x00007f7fafe00de0, 0x00007f7fafe00e00, 0x00007f7faff40000)
 Metaspace       used 24854K, capacity 25300K, committed 25344K, reserved 26624K
}
Event: 4138.772 GC heap after
{Heap after GC invocations=9750 (full 2):
 def new generation   total 1048832K, used 5040K [0x00007f79cc600000, 0x00007f7a13800000, 0x00007f7f21b50000)
  eden space 932352K,   0% used [0x00007f79cc600000, 0x00007f79cc600000, 0x00007f7a05480000)
  from space 116480K,   4% used [0x00007f7a0c640000, 0x00007f7a0cb2c188, 0x00007f7a13800000)
  to   space 116480K,   0% used [0x00007f7a05480000, 0x00007f7a05480000, 0x00007f7a0c640000)
 tenured generation   total 2330560K, used 2329619K [0x00007f7f21b50000, 0x00007f7faff40000, 0x00007f89cc600000)
   the space 2330560K,  99% used [0x00007f7f21b50000, 0x00007f7fafe54c58, 0x00007f7fafe54e00, 0x00007f7faff40000)
 Metaspace       used 24854K, capacity 25300K, committed 25344K, reserved 26624K
}
Event: 4139.345 GC heap before
{Heap before GC invocations=9750 (full 2):
 def new generation   total 1048832K, used 937392K [0x00007f79cc600000, 0x00007f7a13800000, 0x00007f7f21b50000)
  eden space 932352K, 100% used [0x00007f79cc600000, 0x00007f7a05480000, 0x00007f7a05480000)
  from space 116480K,   4% used [0x00007f7a0c640000, 0x00007f7a0cb2c188, 0x00007f7a13800000)
  to   space 116480K,   0% used [0x00007f7a05480000, 0x00007f7a05480000, 0x00007f7a0c640000)
 tenured generation   total 2330560K, used 2329619K [0x00007f7f21b50000, 0x00007f7faff40000, 0x00007f89cc600000)
   the space 2330560K,  99% used [0x00007f7f21b50000, 0x00007f7fafe54c58, 0x00007f7fafe54e00, 0x00007f7faff40000)
 Metaspace       used 24854K, capacity 25300K, committed 25344K, reserved 26624K
}
Event: 4139.352 GC heap after
{Heap after GC invocations=9751 (full 2):
 def new generation   total 1048832K, used 5040K [0x00007f79cc600000, 0x00007f7a13800000, 0x00007f7f21b50000)
  eden space 932352K,   0% used [0x00007f79cc600000, 0x00007f79cc600000, 0x00007f7a05480000)
  from space 116480K,   4% used [0x00007f7a05480000, 0x00007f7a0596c0a8, 0x00007f7a0c640000)
  to   space 116480K,   0% used [0x00007f7a0c640000, 0x00007f7a0c640000, 0x00007f7a13800000)
 tenured generation   total 2330560K, used 2329954K [0x00007f7f21b50000, 0x00007f7faff40000, 0x00007f89cc600000)
   the space 2330560K,  99% used [0x00007f7f21b50000, 0x00007f7fafea8ad0, 0x00007f7fafea8c00, 0x00007f7faff40000)
 Metaspace       used 24854K, capacity 25300K, committed 25344K, reserved 26624K
}
Event: 4139.930 GC heap before
{Heap before GC invocations=9751 (full 2):
 def new generation   total 1048832K, used 937392K [0x00007f79cc600000, 0x00007f7a13800000, 0x00007f7f21b50000)
  eden space 932352K, 100% used [0x00007f79cc600000, 0x00007f7a05480000, 0x00007f7a05480000)
  from space 116480K,   4% used [0x00007f7a05480000, 0x00007f7a0596c0a8, 0x00007f7a0c640000)
  to   space 116480K,   0% used [0x00007f7a0c640000, 0x00007f7a0c640000, 0x00007f7a13800000)
 tenured generation   total 2330560K, used 2329954K [0x00007f7f21b50000, 0x00007f7faff40000, 0x00007f89cc600000)
   the space 2330560K,  99% used [0x00007f7f21b50000, 0x00007f7fafea8ad0, 0x00007f7fafea8c00, 0x00007f7faff40000)
 Metaspace       used 24854K, capacity 25300K, committed 25344K, reserved 26624K
}
Event: 4139.937 GC heap after
{Heap after GC invocations=9752 (full 2):
 def new generation   total 1048832K, used 5062K [0x00007f79cc600000, 0x00007f7a13800000, 0x00007f7f21b50000)
  eden space 932352K,   0% used [0x00007f79cc600000, 0x00007f79cc600000, 0x00007f7a05480000)
  from space 116480K,   4% used [0x00007f7a0c640000, 0x00007f7a0cb31a90, 0x00007f7a13800000)
  to   space 116480K,   0% used [0x00007f7a05480000, 0x00007f7a05480000, 0x00007f7a0c640000)
 tenured generation   total 2330560K, used 2330271K [0x00007f7f21b50000, 0x00007f7faff40000, 0x00007f89cc600000)
   the space 2330560K,  99% used [0x00007f7f21b50000, 0x00007f7fafef7d20, 0x00007f7fafef7e00, 0x00007f7faff40000)
 Metaspace       used 24854K, capacity 25300K, committed 25344K, reserved 26624K
}
Event: 4140.517 GC heap before
{Heap before GC invocations=9752 (full 2):
 def new generation   total 1048832K, used 937414K [0x00007f79cc600000, 0x00007f7a13800000, 0x00007f7f21b50000)
  eden space 932352K, 100% used [0x00007f79cc600000, 0x00007f7a05480000, 0x00007f7a05480000)
  from space 116480K,   4% used [0x00007f7a0c640000, 0x00007f7a0cb31a90, 0x00007f7a13800000)
  to   space 116480K,   0% used [0x00007f7a05480000, 0x00007f7a05480000, 0x00007f7a0c640000)
 tenured generation   total 2330560K, used 2330271K [0x00007f7f21b50000, 0x00007f7faff40000, 0x00007f89cc600000)
   the space 2330560K,  99% used [0x00007f7f21b50000, 0x00007f7fafef7d20, 0x00007f7fafef7e00, 0x00007f7faff40000)
 Metaspace       used 24854K, capacity 25300K, committed 25344K, reserved 26624K
}
Event: 4140.524 GC heap after
{Heap after GC invocations=9753 (full 2):
 def new generation   total 1048832K, used 5063K [0x00007f79cc600000, 0x00007f7a13800000, 0x00007f7f21b50000)
  eden space 932352K,   0% used [0x00007f79cc600000, 0x00007f79cc600000, 0x00007f7a05480000)
  from space 116480K,   4% used [0x00007f7a05480000, 0x00007f7a05971cb0, 0x00007f7a0c640000)
  to   space 116480K,   0% used [0x00007f7a0c640000, 0x00007f7a0c640000, 0x00007f7a13800000)
 tenured generation   total 2330752K, used 2330606K [0x00007f7f21b50000, 0x00007f7faff70000, 0x00007f89cc600000)
   the space 2330752K,  99% used [0x00007f7f21b50000, 0x00007f7faff4b8c8, 0x00007f7faff4ba00, 0x00007f7faff70000)
 Metaspace       used 24854K, capacity 25300K, committed 25344K, reserved 26624K
}
Event: 4140.524 GC heap before
{Heap before GC invocations=9753 (full 2):
 def new generation   total 1048832K, used 5063K [0x00007f79cc600000, 0x00007f7a13800000, 0x00007f7f21b50000)
  eden space 932352K,   0% used [0x00007f79cc600000, 0x00007f79cc600000, 0x00007f7a05480000)
  from space 116480K,   4% used [0x00007f7a05480000, 0x00007f7a05971cb0, 0x00007f7a0c640000)
  to   space 116480K,   0% used [0x00007f7a0c640000, 0x00007f7a0c640000, 0x00007f7a13800000)
 tenured generation   total 2330752K, used 2330606K [0x00007f7f21b50000, 0x00007f7faff70000, 0x00007f89cc600000)
   the space 2330752K,  99% used [0x00007f7f21b50000, 0x00007f7faff4b8c8, 0x00007f7faff4ba00, 0x00007f7faff70000)
 Metaspace       used 24854K, capacity 25300K, committed 25344K, reserved 26624K
}

