# JRE version: OpenJDK Runtime Environment (13.0.7+5) (build 13.0.7+5-Ubuntu-0ubuntu120.04)
# Java VM: OpenJDK 64-Bit Server VM (13.0.7+5-Ubuntu-0ubuntu120.04, mixed mode, tiered, serial gc, linux-amd64)
Heap:
 def new generation   total 1747904K, used 0K [0x00007ef7d8600000, 0x00007ef84ee90000, 0x00007efd2db50000)
  eden space 1553728K,   0% used [0x00007ef7d8600000, 0x00007ef7d8600000, 0x00007ef837350000)
  from space 194176K,   0% used [0x00007ef8430f0000, 0x00007ef8430f0000, 0x00007ef84ee90000)
  to   space 194176K,   0% used [0x00007ef837350000, 0x00007ef837350000, 0x00007ef8430f0000)
 tenured generation   total 3884440K, used 3830075K [0x00007efd2db50000, 0x00007efe1acb6000, 0x00007f07d8600000)
   the space 3884440K,  98% used [0x00007efd2db50000, 0x00007efe1779ed28, 0x00007efe1779ee00, 0x00007efe1acb6000)
 Metaspace       used 24882K, capacity 25367K, committed 25600K, reserved 26624K
GC Heap History (20 events):
Event: 22543.661 GC heap after
{Heap after GC invocations=29648 (full 3):
 def new generation   total 1747904K, used 3557K [0x00007ef7d8600000, 0x00007ef84ee90000, 0x00007efd2db50000)
  eden space 1553728K,   0% used [0x00007ef7d8600000, 0x00007ef7d8600000, 0x00007ef837350000)
  from space 194176K,   1% used [0x00007ef837350000, 0x00007ef8376c9540, 0x00007ef8430f0000)
  to   space 194176K,   0% used [0x00007ef8430f0000, 0x00007ef8430f0000, 0x00007ef84ee90000)
 tenured generation   total 3884056K, used 3882165K [0x00007efd2db50000, 0x00007efe1ac56000, 0x00007f07d8600000)
   the space 3884056K,  99% used [0x00007efd2db50000, 0x00007efe1aa7d6d8, 0x00007efe1aa7d800, 0x00007efe1ac56000)
 Metaspace       used 24882K, capacity 25367K, committed 25600K, reserved 26624K
}
Event: 22545.009 GC heap before
{Heap before GC invocations=29648 (full 3):
 def new generation   total 1747904K, used 1557285K [0x00007ef7d8600000, 0x00007ef84ee90000, 0x00007efd2db50000)
  eden space 1553728K, 100% used [0x00007ef7d8600000, 0x00007ef837350000, 0x00007ef837350000)
  from space 194176K,   1% used [0x00007ef837350000, 0x00007ef8376c9540, 0x00007ef8430f0000)
  to   space 194176K,   0% used [0x00007ef8430f0000, 0x00007ef8430f0000, 0x00007ef84ee90000)
 tenured generation   total 3884056K, used 3882165K [0x00007efd2db50000, 0x00007efe1ac56000, 0x00007f07d8600000)
   the space 3884056K,  99% used [0x00007efd2db50000, 0x00007efe1aa7d6d8, 0x00007efe1aa7d800, 0x00007efe1ac56000)
 Metaspace       used 24882K, capacity 25367K, committed 25600K, reserved 26624K
}
Event: 22545.017 GC heap after
{Heap after GC invocations=29649 (full 3):
 def new generation   total 1747904K, used 3583K [0x00007ef7d8600000, 0x00007ef84ee90000, 0x00007efd2db50000)
  eden space 1553728K,   0% used [0x00007ef7d8600000, 0x00007ef7d8600000, 0x00007ef837350000)
  from space 194176K,   1% used [0x00007ef8430f0000, 0x00007ef84346fc10, 0x00007ef84ee90000)
  to   space 194176K,   0% used [0x00007ef837350000, 0x00007ef837350000, 0x00007ef8430f0000)
 tenured generation   total 3884056K, used 3882394K [0x00007efd2db50000, 0x00007efe1ac56000, 0x00007f07d8600000)
   the space 3884056K,  99% used [0x00007efd2db50000, 0x00007efe1aab6ae0, 0x00007efe1aab6c00, 0x00007efe1ac56000)
 Metaspace       used 24882K, capacity 25367K, committed 25600K, reserved 26624K
}
Event: 22546.323 GC heap before
{Heap before GC invocations=29649 (full 3):
 def new generation   total 1747904K, used 1557311K [0x00007ef7d8600000, 0x00007ef84ee90000, 0x00007efd2db50000)
  eden space 1553728K, 100% used [0x00007ef7d8600000, 0x00007ef837350000, 0x00007ef837350000)
  from space 194176K,   1% used [0x00007ef8430f0000, 0x00007ef84346fc10, 0x00007ef84ee90000)
  to   space 194176K,   0% used [0x00007ef837350000, 0x00007ef837350000, 0x00007ef8430f0000)
 tenured generation   total 3884056K, used 3882394K [0x00007efd2db50000, 0x00007efe1ac56000, 0x00007f07d8600000)
   the space 3884056K,  99% used [0x00007efd2db50000, 0x00007efe1aab6ae0, 0x00007efe1aab6c00, 0x00007efe1ac56000)
 Metaspace       used 24882K, capacity 25367K, committed 25600K, reserved 26624K
}
Event: 22546.337 GC heap after
{Heap after GC invocations=29650 (full 3):
 def new generation   total 1747904K, used 3597K [0x00007ef7d8600000, 0x00007ef84ee90000, 0x00007efd2db50000)
  eden space 1553728K,   0% used [0x00007ef7d8600000, 0x00007ef7d8600000, 0x00007ef837350000)
  from space 194176K,   1% used [0x00007ef837350000, 0x00007ef8376d3438, 0x00007ef8430f0000)
  to   space 194176K,   0% used [0x00007ef8430f0000, 0x00007ef8430f0000, 0x00007ef84ee90000)
 tenured generation   total 3884056K, used 3882623K [0x00007efd2db50000, 0x00007efe1ac56000, 0x00007f07d8600000)
   the space 3884056K,  99% used [0x00007efd2db50000, 0x00007efe1aaefee8, 0x00007efe1aaf0000, 0x00007efe1ac56000)
 Metaspace       used 24882K, capacity 25367K, committed 25600K, reserved 26624K
}
Event: 22547.612 GC heap before
{Heap before GC invocations=29650 (full 3):
 def new generation   total 1747904K, used 1557325K [0x00007ef7d8600000, 0x00007ef84ee90000, 0x00007efd2db50000)
  eden space 1553728K, 100% used [0x00007ef7d8600000, 0x00007ef837350000, 0x00007ef837350000)
  from space 194176K,   1% used [0x00007ef837350000, 0x00007ef8376d3438, 0x00007ef8430f0000)
  to   space 194176K,   0% used [0x00007ef8430f0000, 0x00007ef8430f0000, 0x00007ef84ee90000)
 tenured generation   total 3884056K, used 3882623K [0x00007efd2db50000, 0x00007efe1ac56000, 0x00007f07d8600000)
   the space 3884056K,  99% used [0x00007efd2db50000, 0x00007efe1aaefee8, 0x00007efe1aaf0000, 0x00007efe1ac56000)
 Metaspace       used 24882K, capacity 25367K, committed 25600K, reserved 26624K
}
Event: 22547.624 GC heap after
{Heap after GC invocations=29651 (full 3):
 def new generation   total 1747904K, used 3572K [0x00007ef7d8600000, 0x00007ef84ee90000, 0x00007efd2db50000)
  eden space 1553728K,   0% used [0x00007ef7d8600000, 0x00007ef7d8600000, 0x00007ef837350000)
  from space 194176K,   1% used [0x00007ef8430f0000, 0x00007ef84346d288, 0x00007ef84ee90000)
  to   space 194176K,   0% used [0x00007ef837350000, 0x00007ef837350000, 0x00007ef8430f0000)
 tenured generation   total 3884056K, used 3882878K [0x00007efd2db50000, 0x00007efe1ac56000, 0x00007f07d8600000)
   the space 3884056K,  99% used [0x00007efd2db50000, 0x00007efe1ab2f8b8, 0x00007efe1ab2fa00, 0x00007efe1ac56000)
 Metaspace       used 24882K, capacity 25367K, committed 25600K, reserved 26624K
}
Event: 22548.934 GC heap before
{Heap before GC invocations=29651 (full 3):
 def new generation   total 1747904K, used 1557300K [0x00007ef7d8600000, 0x00007ef84ee90000, 0x00007efd2db50000)
  eden space 1553728K, 100% used [0x00007ef7d8600000, 0x00007ef837350000, 0x00007ef837350000)
  from space 194176K,   1% used [0x00007ef8430f0000, 0x00007ef84346d288, 0x00007ef84ee90000)
  to   space 194176K,   0% used [0x00007ef837350000, 0x00007ef837350000, 0x00007ef8430f0000)
 tenured generation   total 3884056K, used 3882878K [0x00007efd2db50000, 0x00007efe1ac56000, 0x00007f07d8600000)
   the space 3884056K,  99% used [0x00007efd2db50000, 0x00007efe1ab2f8b8, 0x00007efe1ab2fa00, 0x00007efe1ac56000)
 Metaspace       used 24882K, capacity 25367K, committed 25600K, reserved 26624K
}
Event: 22548.948 GC heap after
{Heap after GC invocations=29652 (full 3):
 def new generation   total 1747904K, used 3553K [0x00007ef7d8600000, 0x00007ef84ee90000, 0x00007efd2db50000)
  eden space 1553728K,   0% used [0x00007ef7d8600000, 0x00007ef7d8600000, 0x00007ef837350000)
  from space 194176K,   1% used [0x00007ef837350000, 0x00007ef8376c8470, 0x00007ef8430f0000)
  to   space 194176K,   0% used [0x00007ef8430f0000, 0x00007ef8430f0000, 0x00007ef84ee90000)
 tenured generation   total 3884056K, used 3883107K [0x00007efd2db50000, 0x00007efe1ac56000, 0x00007f07d8600000)
   the space 3884056K,  99% used [0x00007efd2db50000, 0x00007efe1ab68cc0, 0x00007efe1ab68e00, 0x00007efe1ac56000)
 Metaspace       used 24882K, capacity 25367K, committed 25600K, reserved 26624K
}
Event: 22550.144 GC heap before
{Heap before GC invocations=29652 (full 3):
 def new generation   total 1747904K, used 1557281K [0x00007ef7d8600000, 0x00007ef84ee90000, 0x00007efd2db50000)
  eden space 1553728K, 100% used [0x00007ef7d8600000, 0x00007ef837350000, 0x00007ef837350000)
  from space 194176K,   1% used [0x00007ef837350000, 0x00007ef8376c8470, 0x00007ef8430f0000)
  to   space 194176K,   0% used [0x00007ef8430f0000, 0x00007ef8430f0000, 0x00007ef84ee90000)
 tenured generation   total 3884056K, used 3883107K [0x00007efd2db50000, 0x00007efe1ac56000, 0x00007f07d8600000)
   the space 3884056K,  99% used [0x00007efd2db50000, 0x00007efe1ab68cc0, 0x00007efe1ab68e00, 0x00007efe1ac56000)
 Metaspace       used 24882K, capacity 25367K, committed 25600K, reserved 26624K
}
Event: 22550.156 GC heap after
{Heap after GC invocations=29653 (full 3):
 def new generation   total 1747904K, used 3578K [0x00007ef7d8600000, 0x00007ef84ee90000, 0x00007efd2db50000)
  eden space 1553728K,   0% used [0x00007ef7d8600000, 0x00007ef7d8600000, 0x00007ef837350000)
  from space 194176K,   1% used [0x00007ef8430f0000, 0x00007ef84346eba0, 0x00007ef84ee90000)
  to   space 194176K,   0% used [0x00007ef837350000, 0x00007ef837350000, 0x00007ef8430f0000)
 tenured generation   total 3884056K, used 3883340K [0x00007efd2db50000, 0x00007efe1ac56000, 0x00007f07d8600000)
   the space 3884056K,  99% used [0x00007efd2db50000, 0x00007efe1aba3208, 0x00007efe1aba3400, 0x00007efe1ac56000)
 Metaspace       used 24882K, capacity 25367K, committed 25600K, reserved 26624K
}
Event: 22551.335 GC heap before
{Heap before GC invocations=29653 (full 3):
 def new generation   total 1747904K, used 1557306K [0x00007ef7d8600000, 0x00007ef84ee90000, 0x00007efd2db50000)
  eden space 1553728K, 100% used [0x00007ef7d8600000, 0x00007ef837350000, 0x00007ef837350000)
  from space 194176K,   1% used [0x00007ef8430f0000, 0x00007ef84346eba0, 0x00007ef84ee90000)
  to   space 194176K,   0% used [0x00007ef837350000, 0x00007ef837350000, 0x00007ef8430f0000)
 tenured generation   total 3884056K, used 3883340K [0x00007efd2db50000, 0x00007efe1ac56000, 0x00007f07d8600000)
   the space 3884056K,  99% used [0x00007efd2db50000, 0x00007efe1aba3208, 0x00007efe1aba3400, 0x00007efe1ac56000)
 Metaspace       used 24882K, capacity 25367K, committed 25600K, reserved 26624K
}
Event: 22551.348 GC heap after
{Heap after GC invocations=29654 (full 3):
 def new generation   total 1747904K, used 3634K [0x00007ef7d8600000, 0x00007ef84ee90000, 0x00007efd2db50000)
  eden space 1553728K,   0% used [0x00007ef7d8600000, 0x00007ef7d8600000, 0x00007ef837350000)
  from space 194176K,   1% used [0x00007ef837350000, 0x00007ef8376dcb10, 0x00007ef8430f0000)
  to   space 194176K,   0% used [0x00007ef8430f0000, 0x00007ef8430f0000, 0x00007ef84ee90000)
 tenured generation   total 3884056K, used 3883569K [0x00007efd2db50000, 0x00007efe1ac56000, 0x00007f07d8600000)
   the space 3884056K,  99% used [0x00007efd2db50000, 0x00007efe1abdc610, 0x00007efe1abdc800, 0x00007efe1ac56000)
 Metaspace       used 24882K, capacity 25367K, committed 25600K, reserved 26624K
}
Event: 22552.669 GC heap before
{Heap before GC invocations=29654 (full 3):
 def new generation   total 1747904K, used 1557362K [0x00007ef7d8600000, 0x00007ef84ee90000, 0x00007efd2db50000)
  eden space 1553728K, 100% used [0x00007ef7d8600000, 0x00007ef837350000, 0x00007ef837350000)
  from space 194176K,   1% used [0x00007ef837350000, 0x00007ef8376dcb10, 0x00007ef8430f0000)
  to   space 194176K,   0% used [0x00007ef8430f0000, 0x00007ef8430f0000, 0x00007ef84ee90000)
 tenured generation   total 3884056K, used 3883569K [0x00007efd2db50000, 0x00007efe1ac56000, 0x00007f07d8600000)
   the space 3884056K,  99% used [0x00007efd2db50000, 0x00007efe1abdc610, 0x00007efe1abdc800, 0x00007efe1ac56000)
 Metaspace       used 24882K, capacity 25367K, committed 25600K, reserved 26624K
}
Event: 22552.684 GC heap after
{Heap after GC invocations=29655 (full 3):
 def new generation   total 1747904K, used 3675K [0x00007ef7d8600000, 0x00007ef84ee90000, 0x00007efd2db50000)
  eden space 1553728K,   0% used [0x00007ef7d8600000, 0x00007ef7d8600000, 0x00007ef837350000)
  from space 194176K,   1% used [0x00007ef8430f0000, 0x00007ef843486c48, 0x00007ef84ee90000)
  to   space 194176K,   0% used [0x00007ef837350000, 0x00007ef837350000, 0x00007ef8430f0000)
 tenured generation   total 3884056K, used 3883798K [0x00007efd2db50000, 0x00007efe1ac56000, 0x00007f07d8600000)
   the space 3884056K,  99% used [0x00007efd2db50000, 0x00007efe1ac15a18, 0x00007efe1ac15c00, 0x00007efe1ac56000)
 Metaspace       used 24882K, capacity 25367K, committed 25600K, reserved 26624K
}
Event: 22553.994 GC heap before
{Heap before GC invocations=29655 (full 3):
 def new generation   total 1747904K, used 1557403K [0x00007ef7d8600000, 0x00007ef84ee90000, 0x00007efd2db50000)
  eden space 1553728K, 100% used [0x00007ef7d8600000, 0x00007ef837350000, 0x00007ef837350000)
  from space 194176K,   1% used [0x00007ef8430f0000, 0x00007ef843486c48, 0x00007ef84ee90000)
  to   space 194176K,   0% used [0x00007ef837350000, 0x00007ef837350000, 0x00007ef8430f0000)
 tenured generation   total 3884056K, used 3883798K [0x00007efd2db50000, 0x00007efe1ac56000, 0x00007f07d8600000)
   the space 3884056K,  99% used [0x00007efd2db50000, 0x00007efe1ac15a18, 0x00007efe1ac15c00, 0x00007efe1ac56000)
 Metaspace       used 24882K, capacity 25367K, committed 25600K, reserved 26624K
}
Event: 22554.004 GC heap after
{Heap after GC invocations=29656 (full 3):
 def new generation   total 1747904K, used 3589K [0x00007ef7d8600000, 0x00007ef84ee90000, 0x00007efd2db50000)
  eden space 1553728K,   0% used [0x00007ef7d8600000, 0x00007ef7d8600000, 0x00007ef837350000)
  from space 194176K,   1% used [0x00007ef837350000, 0x00007ef8376d1558, 0x00007ef8430f0000)
  to   space 194176K,   0% used [0x00007ef8430f0000, 0x00007ef8430f0000, 0x00007ef84ee90000)
 tenured generation   total 3884056K, used 3884027K [0x00007efd2db50000, 0x00007efe1ac56000, 0x00007f07d8600000)
   the space 3884056K,  99% used [0x00007efd2db50000, 0x00007efe1ac4ee20, 0x00007efe1ac4f000, 0x00007efe1ac56000)
 Metaspace       used 24882K, capacity 25367K, committed 25600K, reserved 26624K
}
Event: 22555.311 GC heap before
{Heap before GC invocations=29656 (full 3):
 def new generation   total 1747904K, used 1557317K [0x00007ef7d8600000, 0x00007ef84ee90000, 0x00007efd2db50000)
  eden space 1553728K, 100% used [0x00007ef7d8600000, 0x00007ef837350000, 0x00007ef837350000)
  from space 194176K,   1% used [0x00007ef837350000, 0x00007ef8376d1558, 0x00007ef8430f0000)
  to   space 194176K,   0% used [0x00007ef8430f0000, 0x00007ef8430f0000, 0x00007ef84ee90000)
 tenured generation   total 3884056K, used 3884027K [0x00007efd2db50000, 0x00007efe1ac56000, 0x00007f07d8600000)
   the space 3884056K,  99% used [0x00007efd2db50000, 0x00007efe1ac4ee20, 0x00007efe1ac4f000, 0x00007efe1ac56000)
 Metaspace       used 24882K, capacity 25367K, committed 25600K, reserved 26624K
}
Event: 22555.326 GC heap after
{Heap after GC invocations=29657 (full 3):
 def new generation   total 1747904K, used 3597K [0x00007ef7d8600000, 0x00007ef84ee90000, 0x00007efd2db50000)
  eden space 1553728K,   0% used [0x00007ef7d8600000, 0x00007ef7d8600000, 0x00007ef837350000)
  from space 194176K,   1% used [0x00007ef8430f0000, 0x00007ef843473600, 0x00007ef84ee90000)
  to   space 194176K,   0% used [0x00007ef837350000, 0x00007ef837350000, 0x00007ef8430f0000)
 tenured generation   total 3884440K, used 3884256K [0x00007efd2db50000, 0x00007efe1acb6000, 0x00007f07d8600000)
   the space 3884440K,  99% used [0x00007efd2db50000, 0x00007efe1ac88228, 0x00007efe1ac88400, 0x00007efe1acb6000)
 Metaspace       used 24882K, capacity 25367K, committed 25600K, reserved 26624K
}
Event: 22555.326 GC heap before
{Heap before GC invocations=29657 (full 3):
 def new generation   total 1747904K, used 3597K [0x00007ef7d8600000, 0x00007ef84ee90000, 0x00007efd2db50000)
  eden space 1553728K,   0% used [0x00007ef7d8600000, 0x00007ef7d8600000, 0x00007ef837350000)
  from space 194176K,   1% used [0x00007ef8430f0000, 0x00007ef843473600, 0x00007ef84ee90000)
  to   space 194176K,   0% used [0x00007ef837350000, 0x00007ef837350000, 0x00007ef8430f0000)
 tenured generation   total 3884440K, used 3884256K [0x00007efd2db50000, 0x00007efe1acb6000, 0x00007f07d8600000)
   the space 3884440K,  99% used [0x00007efd2db50000, 0x00007efe1ac88228, 0x00007efe1ac88400, 0x00007efe1acb6000)
 Metaspace       used 24882K, capacity 25367K, committed 25600K, reserved 26624K
}

