# JRE version: OpenJDK Runtime Environment (13.0.7+5) (build 13.0.7+5-Ubuntu-0ubuntu120.04)
# Java VM: OpenJDK 64-Bit Server VM (13.0.7+5-Ubuntu-0ubuntu120.04, mixed mode, tiered, serial gc, linux-amd64)
Heap:
 def new generation   total 2879168K, used 9814K [0x00007fd814600000, 0x00007fd8d7a10000, 0x00007fdd69b50000)
  eden space 2559296K,   0% used [0x00007fd814600000, 0x00007fd814f95908, 0x00007fd8b0950000)
  from space 319872K,   0% used [0x00007fd8c41b0000, 0x00007fd8c41b0000, 0x00007fd8d7a10000)
  to   space 319872K,   0% used [0x00007fd8b0950000, 0x00007fd8b0950000, 0x00007fd8c41b0000)
 tenured generation   total 6398548K, used 6398547K [0x00007fdd69b50000, 0x00007fdef03e5000, 0x00007fe814600000)
   the space 6398548K,  99% used [0x00007fdd69b50000, 0x00007fdef03e4f58, 0x00007fdef03e5000, 0x00007fdef03e5000)
 Metaspace       used 25079K, capacity 25544K, committed 25600K, reserved 26624K
GC Heap History (20 events):
Event: 26487.793 GC heap after
{Heap after GC invocations=38468 (full 4):
 def new generation   total 2879168K, used 9904K [0x00007fd814600000, 0x00007fd8d7a10000, 0x00007fdd69b50000)
  eden space 2559296K,   0% used [0x00007fd814600000, 0x00007fd814600000, 0x00007fd8b0950000)
  from space 319872K,   3% used [0x00007fd8b0950000, 0x00007fd8b12fc0b8, 0x00007fd8c41b0000)
  to   space 319872K,   0% used [0x00007fd8c41b0000, 0x00007fd8c41b0000, 0x00007fd8d7a10000)
 tenured generation   total 6397972K, used 6392591K [0x00007fdd69b50000, 0x00007fdef0355000, 0x00007fe814600000)
   the space 6397972K,  99% used [0x00007fdd69b50000, 0x00007fdeefe13fa0, 0x00007fdeefe14000, 0x00007fdef0355000)
 Metaspace       used 25079K, capacity 25544K, committed 25600K, reserved 26624K
}
Event: 26489.529 GC heap before
{Heap before GC invocations=38468 (full 4):
 def new generation   total 2879168K, used 2569200K [0x00007fd814600000, 0x00007fd8d7a10000, 0x00007fdd69b50000)
  eden space 2559296K, 100% used [0x00007fd814600000, 0x00007fd8b0950000, 0x00007fd8b0950000)
  from space 319872K,   3% used [0x00007fd8b0950000, 0x00007fd8b12fc0b8, 0x00007fd8c41b0000)
  to   space 319872K,   0% used [0x00007fd8c41b0000, 0x00007fd8c41b0000, 0x00007fd8d7a10000)
 tenured generation   total 6397972K, used 6392591K [0x00007fdd69b50000, 0x00007fdef0355000, 0x00007fe814600000)
   the space 6397972K,  99% used [0x00007fdd69b50000, 0x00007fdeefe13fa0, 0x00007fdeefe14000, 0x00007fdef0355000)
 Metaspace       used 25079K, capacity 25544K, committed 25600K, reserved 26624K
}
Event: 26489.547 GC heap after
{Heap after GC invocations=38469 (full 4):
 def new generation   total 2879168K, used 9892K [0x00007fd814600000, 0x00007fd8d7a10000, 0x00007fdd69b50000)
  eden space 2559296K,   0% used [0x00007fd814600000, 0x00007fd814600000, 0x00007fd8b0950000)
  from space 319872K,   3% used [0x00007fd8c41b0000, 0x00007fd8c4b59220, 0x00007fd8d7a10000)
  to   space 319872K,   0% used [0x00007fd8b0950000, 0x00007fd8b0950000, 0x00007fd8c41b0000)
 tenured generation   total 6397972K, used 6393249K [0x00007fdd69b50000, 0x00007fdef0355000, 0x00007fe814600000)
   the space 6397972K,  99% used [0x00007fdd69b50000, 0x00007fdeefeb87b8, 0x00007fdeefeb8800, 0x00007fdef0355000)
 Metaspace       used 25079K, capacity 25544K, committed 25600K, reserved 26624K
}
Event: 26491.302 GC heap before
{Heap before GC invocations=38469 (full 4):
 def new generation   total 2879168K, used 2569188K [0x00007fd814600000, 0x00007fd8d7a10000, 0x00007fdd69b50000)
  eden space 2559296K, 100% used [0x00007fd814600000, 0x00007fd8b0950000, 0x00007fd8b0950000)
  from space 319872K,   3% used [0x00007fd8c41b0000, 0x00007fd8c4b59220, 0x00007fd8d7a10000)
  to   space 319872K,   0% used [0x00007fd8b0950000, 0x00007fd8b0950000, 0x00007fd8c41b0000)
 tenured generation   total 6397972K, used 6393249K [0x00007fdd69b50000, 0x00007fdef0355000, 0x00007fe814600000)
   the space 6397972K,  99% used [0x00007fdd69b50000, 0x00007fdeefeb87b8, 0x00007fdeefeb8800, 0x00007fdef0355000)
 Metaspace       used 25079K, capacity 25544K, committed 25600K, reserved 26624K
}
Event: 26491.317 GC heap after
{Heap after GC invocations=38470 (full 4):
 def new generation   total 2879168K, used 9898K [0x00007fd814600000, 0x00007fd8d7a10000, 0x00007fdd69b50000)
  eden space 2559296K,   0% used [0x00007fd814600000, 0x00007fd814600000, 0x00007fd8b0950000)
  from space 319872K,   3% used [0x00007fd8b0950000, 0x00007fd8b12fa910, 0x00007fd8c41b0000)
  to   space 319872K,   0% used [0x00007fd8c41b0000, 0x00007fd8c41b0000, 0x00007fd8d7a10000)
 tenured generation   total 6397972K, used 6393907K [0x00007fdd69b50000, 0x00007fdef0355000, 0x00007fe814600000)
   the space 6397972K,  99% used [0x00007fdd69b50000, 0x00007fdeeff5cfd0, 0x00007fdeeff5d000, 0x00007fdef0355000)
 Metaspace       used 25079K, capacity 25544K, committed 25600K, reserved 26624K
}
Event: 26493.050 GC heap before
{Heap before GC invocations=38470 (full 4):
 def new generation   total 2879168K, used 2569194K [0x00007fd814600000, 0x00007fd8d7a10000, 0x00007fdd69b50000)
  eden space 2559296K, 100% used [0x00007fd814600000, 0x00007fd8b0950000, 0x00007fd8b0950000)
  from space 319872K,   3% used [0x00007fd8b0950000, 0x00007fd8b12fa910, 0x00007fd8c41b0000)
  to   space 319872K,   0% used [0x00007fd8c41b0000, 0x00007fd8c41b0000, 0x00007fd8d7a10000)
 tenured generation   total 6397972K, used 6393907K [0x00007fdd69b50000, 0x00007fdef0355000, 0x00007fe814600000)
   the space 6397972K,  99% used [0x00007fdd69b50000, 0x00007fdeeff5cfd0, 0x00007fdeeff5d000, 0x00007fdef0355000)
 Metaspace       used 25079K, capacity 25544K, committed 25600K, reserved 26624K
}
Event: 26493.069 GC heap after
{Heap after GC invocations=38471 (full 4):
 def new generation   total 2879168K, used 9902K [0x00007fd814600000, 0x00007fd8d7a10000, 0x00007fdd69b50000)
  eden space 2559296K,   0% used [0x00007fd814600000, 0x00007fd814600000, 0x00007fd8b0950000)
  from space 319872K,   3% used [0x00007fd8c41b0000, 0x00007fd8c4b5bb18, 0x00007fd8d7a10000)
  to   space 319872K,   0% used [0x00007fd8b0950000, 0x00007fd8b0950000, 0x00007fd8c41b0000)
 tenured generation   total 6397972K, used 6394565K [0x00007fdd69b50000, 0x00007fdef0355000, 0x00007fe814600000)
   the space 6397972K,  99% used [0x00007fdd69b50000, 0x00007fdef00017e8, 0x00007fdef0001800, 0x00007fdef0355000)
 Metaspace       used 25079K, capacity 25544K, committed 25600K, reserved 26624K
}
Event: 26494.853 GC heap before
{Heap before GC invocations=38471 (full 4):
 def new generation   total 2879168K, used 2569198K [0x00007fd814600000, 0x00007fd8d7a10000, 0x00007fdd69b50000)
  eden space 2559296K, 100% used [0x00007fd814600000, 0x00007fd8b0950000, 0x00007fd8b0950000)
  from space 319872K,   3% used [0x00007fd8c41b0000, 0x00007fd8c4b5bb18, 0x00007fd8d7a10000)
  to   space 319872K,   0% used [0x00007fd8b0950000, 0x00007fd8b0950000, 0x00007fd8c41b0000)
 tenured generation   total 6397972K, used 6394565K [0x00007fdd69b50000, 0x00007fdef0355000, 0x00007fe814600000)
   the space 6397972K,  99% used [0x00007fdd69b50000, 0x00007fdef00017e8, 0x00007fdef0001800, 0x00007fdef0355000)
 Metaspace       used 25079K, capacity 25544K, committed 25600K, reserved 26624K
}
Event: 26494.874 GC heap after
{Heap after GC invocations=38472 (full 4):
 def new generation   total 2879168K, used 9914K [0x00007fd814600000, 0x00007fd8d7a10000, 0x00007fdd69b50000)
  eden space 2559296K,   0% used [0x00007fd814600000, 0x00007fd814600000, 0x00007fd8b0950000)
  from space 319872K,   3% used [0x00007fd8b0950000, 0x00007fd8b12feb80, 0x00007fd8c41b0000)
  to   space 319872K,   0% used [0x00007fd8c41b0000, 0x00007fd8c41b0000, 0x00007fd8d7a10000)
 tenured generation   total 6397972K, used 6395224K [0x00007fdd69b50000, 0x00007fdef0355000, 0x00007fe814600000)
   the space 6397972K,  99% used [0x00007fdd69b50000, 0x00007fdef00a6000, 0x00007fdef00a6000, 0x00007fdef0355000)
 Metaspace       used 25079K, capacity 25544K, committed 25600K, reserved 26624K
}
Event: 26496.593 GC heap before
{Heap before GC invocations=38472 (full 4):
 def new generation   total 2879168K, used 2569210K [0x00007fd814600000, 0x00007fd8d7a10000, 0x00007fdd69b50000)
  eden space 2559296K, 100% used [0x00007fd814600000, 0x00007fd8b0950000, 0x00007fd8b0950000)
  from space 319872K,   3% used [0x00007fd8b0950000, 0x00007fd8b12feb80, 0x00007fd8c41b0000)
  to   space 319872K,   0% used [0x00007fd8c41b0000, 0x00007fd8c41b0000, 0x00007fd8d7a10000)
 tenured generation   total 6397972K, used 6395224K [0x00007fdd69b50000, 0x00007fdef0355000, 0x00007fe814600000)
   the space 6397972K,  99% used [0x00007fdd69b50000, 0x00007fdef00a6000, 0x00007fdef00a6000, 0x00007fdef0355000)
 Metaspace       used 25079K, capacity 25544K, committed 25600K, reserved 26624K
}
Event: 26496.612 GC heap after
{Heap after GC invocations=38473 (full 4):
 def new generation   total 2879168K, used 9901K [0x00007fd814600000, 0x00007fd8d7a10000, 0x00007fdd69b50000)
  eden space 2559296K,   0% used [0x00007fd814600000, 0x00007fd814600000, 0x00007fd8b0950000)
  from space 319872K,   3% used [0x00007fd8c41b0000, 0x00007fd8c4b5b640, 0x00007fd8d7a10000)
  to   space 319872K,   0% used [0x00007fd8b0950000, 0x00007fd8b0950000, 0x00007fd8c41b0000)
 tenured generation   total 6397972K, used 6395882K [0x00007fdd69b50000, 0x00007fdef0355000, 0x00007fe814600000)
   the space 6397972K,  99% used [0x00007fdd69b50000, 0x00007fdef014a818, 0x00007fdef014aa00, 0x00007fdef0355000)
 Metaspace       used 25079K, capacity 25544K, committed 25600K, reserved 26624K
}
Event: 26498.334 GC heap before
{Heap before GC invocations=38473 (full 4):
 def new generation   total 2879168K, used 2569197K [0x00007fd814600000, 0x00007fd8d7a10000, 0x00007fdd69b50000)
  eden space 2559296K, 100% used [0x00007fd814600000, 0x00007fd8b0950000, 0x00007fd8b0950000)
  from space 319872K,   3% used [0x00007fd8c41b0000, 0x00007fd8c4b5b640, 0x00007fd8d7a10000)
  to   space 319872K,   0% used [0x00007fd8b0950000, 0x00007fd8b0950000, 0x00007fd8c41b0000)
 tenured generation   total 6397972K, used 6395882K [0x00007fdd69b50000, 0x00007fdef0355000, 0x00007fe814600000)
   the space 6397972K,  99% used [0x00007fdd69b50000, 0x00007fdef014a818, 0x00007fdef014aa00, 0x00007fdef0355000)
 Metaspace       used 25079K, capacity 25544K, committed 25600K, reserved 26624K
}
Event: 26498.350 GC heap after
{Heap after GC invocations=38474 (full 4):
 def new generation   total 2879168K, used 9949K [0x00007fd814600000, 0x00007fd8d7a10000, 0x00007fdd69b50000)
  eden space 2559296K,   0% used [0x00007fd814600000, 0x00007fd814600000, 0x00007fd8b0950000)
  from space 319872K,   3% used [0x00007fd8b0950000, 0x00007fd8b13077b8, 0x00007fd8c41b0000)
  to   space 319872K,   0% used [0x00007fd8c41b0000, 0x00007fd8c41b0000, 0x00007fd8d7a10000)
 tenured generation   total 6397972K, used 6396519K [0x00007fdd69b50000, 0x00007fdef0355000, 0x00007fe814600000)
   the space 6397972K,  99% used [0x00007fdd69b50000, 0x00007fdef01e9c68, 0x00007fdef01e9e00, 0x00007fdef0355000)
 Metaspace       used 25079K, capacity 25544K, committed 25600K, reserved 26624K
}
Event: 26500.097 GC heap before
{Heap before GC invocations=38474 (full 4):
 def new generation   total 2879168K, used 2569245K [0x00007fd814600000, 0x00007fd8d7a10000, 0x00007fdd69b50000)
  eden space 2559296K, 100% used [0x00007fd814600000, 0x00007fd8b0950000, 0x00007fd8b0950000)
  from space 319872K,   3% used [0x00007fd8b0950000, 0x00007fd8b13077b8, 0x00007fd8c41b0000)
  to   space 319872K,   0% used [0x00007fd8c41b0000, 0x00007fd8c41b0000, 0x00007fd8d7a10000)
 tenured generation   total 6397972K, used 6396519K [0x00007fdd69b50000, 0x00007fdef0355000, 0x00007fe814600000)
   the space 6397972K,  99% used [0x00007fdd69b50000, 0x00007fdef01e9c68, 0x00007fdef01e9e00, 0x00007fdef0355000)
 Metaspace       used 25079K, capacity 25544K, committed 25600K, reserved 26624K
}
Event: 26500.113 GC heap after
{Heap after GC invocations=38475 (full 4):
 def new generation   total 2879168K, used 9911K [0x00007fd814600000, 0x00007fd8d7a10000, 0x00007fdd69b50000)
  eden space 2559296K,   0% used [0x00007fd814600000, 0x00007fd814600000, 0x00007fd8b0950000)
  from space 319872K,   3% used [0x00007fd8c41b0000, 0x00007fd8c4b5ddd8, 0x00007fd8d7a10000)
  to   space 319872K,   0% used [0x00007fd8b0950000, 0x00007fd8b0950000, 0x00007fd8c41b0000)
 tenured generation   total 6397972K, used 6397181K [0x00007fdd69b50000, 0x00007fdef0355000, 0x00007fe814600000)
   the space 6397972K,  99% used [0x00007fdd69b50000, 0x00007fdef028f4a0, 0x00007fdef028f600, 0x00007fdef0355000)
 Metaspace       used 25079K, capacity 25544K, committed 25600K, reserved 26624K
}
Event: 26501.793 GC heap before
{Heap before GC invocations=38475 (full 4):
 def new generation   total 2879168K, used 2569207K [0x00007fd814600000, 0x00007fd8d7a10000, 0x00007fdd69b50000)
  eden space 2559296K, 100% used [0x00007fd814600000, 0x00007fd8b0950000, 0x00007fd8b0950000)
  from space 319872K,   3% used [0x00007fd8c41b0000, 0x00007fd8c4b5ddd8, 0x00007fd8d7a10000)
  to   space 319872K,   0% used [0x00007fd8b0950000, 0x00007fd8b0950000, 0x00007fd8c41b0000)
 tenured generation   total 6397972K, used 6397181K [0x00007fdd69b50000, 0x00007fdef0355000, 0x00007fe814600000)
   the space 6397972K,  99% used [0x00007fdd69b50000, 0x00007fdef028f4a0, 0x00007fdef028f600, 0x00007fdef0355000)
 Metaspace       used 25079K, capacity 25544K, committed 25600K, reserved 26624K
}
Event: 26501.814 GC heap after
{Heap after GC invocations=38476 (full 4):
 def new generation   total 2879168K, used 9937K [0x00007fd814600000, 0x00007fd8d7a10000, 0x00007fdd69b50000)
  eden space 2559296K,   0% used [0x00007fd814600000, 0x00007fd814600000, 0x00007fd8b0950000)
  from space 319872K,   3% used [0x00007fd8b0950000, 0x00007fd8b1304748, 0x00007fd8c41b0000)
  to   space 319872K,   0% used [0x00007fd8c41b0000, 0x00007fd8c41b0000, 0x00007fd8d7a10000)
 tenured generation   total 6397972K, used 6397839K [0x00007fdd69b50000, 0x00007fdef0355000, 0x00007fe814600000)
   the space 6397972K,  99% used [0x00007fdd69b50000, 0x00007fdef0333cb8, 0x00007fdef0333e00, 0x00007fdef0355000)
 Metaspace       used 25079K, capacity 25544K, committed 25600K, reserved 26624K
}
Event: 26503.587 GC heap before
{Heap before GC invocations=38476 (full 4):
 def new generation   total 2879168K, used 2569233K [0x00007fd814600000, 0x00007fd8d7a10000, 0x00007fdd69b50000)
  eden space 2559296K, 100% used [0x00007fd814600000, 0x00007fd8b0950000, 0x00007fd8b0950000)
  from space 319872K,   3% used [0x00007fd8b0950000, 0x00007fd8b1304748, 0x00007fd8c41b0000)
  to   space 319872K,   0% used [0x00007fd8c41b0000, 0x00007fd8c41b0000, 0x00007fd8d7a10000)
 tenured generation   total 6397972K, used 6397839K [0x00007fdd69b50000, 0x00007fdef0355000, 0x00007fe814600000)
   the space 6397972K,  99% used [0x00007fdd69b50000, 0x00007fdef0333cb8, 0x00007fdef0333e00, 0x00007fdef0355000)
 Metaspace       used 25079K, capacity 25544K, committed 25600K, reserved 26624K
}
Event: 26503.609 GC heap after
{Heap after GC invocations=38477 (full 4):
 def new generation   total 2879168K, used 9915K [0x00007fd814600000, 0x00007fd8d7a10000, 0x00007fdd69b50000)
  eden space 2559296K,   0% used [0x00007fd814600000, 0x00007fd814600000, 0x00007fd8b0950000)
  from space 319872K,   3% used [0x00007fd8c41b0000, 0x00007fd8c4b5eda8, 0x00007fd8d7a10000)
  to   space 319872K,   0% used [0x00007fd8b0950000, 0x00007fd8b0950000, 0x00007fd8c41b0000)
 tenured generation   total 6398548K, used 6398497K [0x00007fdd69b50000, 0x00007fdef03e5000, 0x00007fe814600000)
   the space 6398548K,  99% used [0x00007fdd69b50000, 0x00007fdef03d84d0, 0x00007fdef03d8600, 0x00007fdef03e5000)
 Metaspace       used 25079K, capacity 25544K, committed 25600K, reserved 26624K
}
Event: 26503.609 GC heap before
{Heap before GC invocations=38477 (full 4):
 def new generation   total 2879168K, used 9915K [0x00007fd814600000, 0x00007fd8d7a10000, 0x00007fdd69b50000)
  eden space 2559296K,   0% used [0x00007fd814600000, 0x00007fd814600000, 0x00007fd8b0950000)
  from space 319872K,   3% used [0x00007fd8c41b0000, 0x00007fd8c4b5eda8, 0x00007fd8d7a10000)
  to   space 319872K,   0% used [0x00007fd8b0950000, 0x00007fd8b0950000, 0x00007fd8c41b0000)
 tenured generation   total 6398548K, used 6398497K [0x00007fdd69b50000, 0x00007fdef03e5000, 0x00007fe814600000)
   the space 6398548K,  99% used [0x00007fdd69b50000, 0x00007fdef03d84d0, 0x00007fdef03d8600, 0x00007fdef03e5000)
 Metaspace       used 25079K, capacity 25544K, committed 25600K, reserved 26624K
}

