# JRE version: OpenJDK Runtime Environment (13.0.7+5) (build 13.0.7+5-Ubuntu-0ubuntu120.04)
# Java VM: OpenJDK 64-Bit Server VM (13.0.7+5-Ubuntu-0ubuntu120.04, mixed mode, tiered, serial gc, linux-amd64)
Heap:
 def new generation   total 1748160K, used 0K [0x00007f34fc600000, 0x00007f3572ed0000, 0x00007f3a51b50000)
  eden space 1553984K,   0% used [0x00007f34fc600000, 0x00007f34fc600000, 0x00007f355b390000)
  from space 194176K,   0% used [0x00007f355b390000, 0x00007f355b390000, 0x00007f3567130000)
  to   space 194176K,   0% used [0x00007f3567130000, 0x00007f3567130000, 0x00007f3572ed0000)
 tenured generation   total 3884780K, used 3838651K [0x00007f3a51b50000, 0x00007f3b3ed0b000, 0x00007f44fc600000)
   the space 3884780K,  98% used [0x00007f3a51b50000, 0x00007f3b3bffee40, 0x00007f3b3bfff000, 0x00007f3b3ed0b000)
 Metaspace       used 24842K, capacity 25298K, committed 25344K, reserved 26624K
GC Heap History (20 events):
Event: 23961.504 GC heap after
{Heap after GC invocations=27323 (full 3):
 def new generation   total 1748160K, used 3827K [0x00007f34fc600000, 0x00007f3572ed0000, 0x00007f3a51b50000)
  eden space 1553984K,   0% used [0x00007f34fc600000, 0x00007f34fc600000, 0x00007f355b390000)
  from space 194176K,   1% used [0x00007f3567130000, 0x00007f35674ecdc0, 0x00007f3572ed0000)
  to   space 194176K,   0% used [0x00007f355b390000, 0x00007f355b390000, 0x00007f3567130000)
 tenured generation   total 3884588K, used 3882315K [0x00007f3a51b50000, 0x00007f3b3ecdb000, 0x00007f44fc600000)
   the space 3884588K,  99% used [0x00007f3a51b50000, 0x00007f3b3eaa2f10, 0x00007f3b3eaa3000, 0x00007f3b3ecdb000)
 Metaspace       used 24842K, capacity 25298K, committed 25344K, reserved 26624K
}
Event: 23963.026 GC heap before
{Heap before GC invocations=27323 (full 3):
 def new generation   total 1748160K, used 1557811K [0x00007f34fc600000, 0x00007f3572ed0000, 0x00007f3a51b50000)
  eden space 1553984K, 100% used [0x00007f34fc600000, 0x00007f355b390000, 0x00007f355b390000)
  from space 194176K,   1% used [0x00007f3567130000, 0x00007f35674ecdc0, 0x00007f3572ed0000)
  to   space 194176K,   0% used [0x00007f355b390000, 0x00007f355b390000, 0x00007f3567130000)
 tenured generation   total 3884588K, used 3882315K [0x00007f3a51b50000, 0x00007f3b3ecdb000, 0x00007f44fc600000)
   the space 3884588K,  99% used [0x00007f3a51b50000, 0x00007f3b3eaa2f10, 0x00007f3b3eaa3000, 0x00007f3b3ecdb000)
 Metaspace       used 24842K, capacity 25298K, committed 25344K, reserved 26624K
}
Event: 23963.043 GC heap after
{Heap after GC invocations=27324 (full 3):
 def new generation   total 1748160K, used 3870K [0x00007f34fc600000, 0x00007f3572ed0000, 0x00007f3a51b50000)
  eden space 1553984K,   0% used [0x00007f34fc600000, 0x00007f34fc600000, 0x00007f355b390000)
  from space 194176K,   1% used [0x00007f355b390000, 0x00007f355b757810, 0x00007f3567130000)
  to   space 194176K,   0% used [0x00007f3567130000, 0x00007f3567130000, 0x00007f3572ed0000)
 tenured generation   total 3884588K, used 3882574K [0x00007f3a51b50000, 0x00007f3b3ecdb000, 0x00007f44fc600000)
   the space 3884588K,  99% used [0x00007f3a51b50000, 0x00007f3b3eae3938, 0x00007f3b3eae3a00, 0x00007f3b3ecdb000)
 Metaspace       used 24842K, capacity 25298K, committed 25344K, reserved 26624K
}
Event: 23964.552 GC heap before
{Heap before GC invocations=27324 (full 3):
 def new generation   total 1748160K, used 1557854K [0x00007f34fc600000, 0x00007f3572ed0000, 0x00007f3a51b50000)
  eden space 1553984K, 100% used [0x00007f34fc600000, 0x00007f355b390000, 0x00007f355b390000)
  from space 194176K,   1% used [0x00007f355b390000, 0x00007f355b757810, 0x00007f3567130000)
  to   space 194176K,   0% used [0x00007f3567130000, 0x00007f3567130000, 0x00007f3572ed0000)
 tenured generation   total 3884588K, used 3882574K [0x00007f3a51b50000, 0x00007f3b3ecdb000, 0x00007f44fc600000)
   the space 3884588K,  99% used [0x00007f3a51b50000, 0x00007f3b3eae3938, 0x00007f3b3eae3a00, 0x00007f3b3ecdb000)
 Metaspace       used 24842K, capacity 25298K, committed 25344K, reserved 26624K
}
Event: 23964.566 GC heap after
{Heap after GC invocations=27325 (full 3):
 def new generation   total 1748160K, used 3849K [0x00007f34fc600000, 0x00007f3572ed0000, 0x00007f3a51b50000)
  eden space 1553984K,   0% used [0x00007f34fc600000, 0x00007f34fc600000, 0x00007f355b390000)
  from space 194176K,   1% used [0x00007f3567130000, 0x00007f35674f2768, 0x00007f3572ed0000)
  to   space 194176K,   0% used [0x00007f355b390000, 0x00007f355b390000, 0x00007f3567130000)
 tenured generation   total 3884588K, used 3882832K [0x00007f3a51b50000, 0x00007f3b3ecdb000, 0x00007f44fc600000)
   the space 3884588K,  99% used [0x00007f3a51b50000, 0x00007f3b3eb24360, 0x00007f3b3eb24400, 0x00007f3b3ecdb000)
 Metaspace       used 24842K, capacity 25298K, committed 25344K, reserved 26624K
}
Event: 23966.131 GC heap before
{Heap before GC invocations=27325 (full 3):
 def new generation   total 1748160K, used 1557833K [0x00007f34fc600000, 0x00007f3572ed0000, 0x00007f3a51b50000)
  eden space 1553984K, 100% used [0x00007f34fc600000, 0x00007f355b390000, 0x00007f355b390000)
  from space 194176K,   1% used [0x00007f3567130000, 0x00007f35674f2768, 0x00007f3572ed0000)
  to   space 194176K,   0% used [0x00007f355b390000, 0x00007f355b390000, 0x00007f3567130000)
 tenured generation   total 3884588K, used 3882832K [0x00007f3a51b50000, 0x00007f3b3ecdb000, 0x00007f44fc600000)
   the space 3884588K,  99% used [0x00007f3a51b50000, 0x00007f3b3eb24360, 0x00007f3b3eb24400, 0x00007f3b3ecdb000)
 Metaspace       used 24842K, capacity 25298K, committed 25344K, reserved 26624K
}
Event: 23966.141 GC heap after
{Heap after GC invocations=27326 (full 3):
 def new generation   total 1748160K, used 3827K [0x00007f34fc600000, 0x00007f3572ed0000, 0x00007f3a51b50000)
  eden space 1553984K,   0% used [0x00007f34fc600000, 0x00007f34fc600000, 0x00007f355b390000)
  from space 194176K,   1% used [0x00007f355b390000, 0x00007f355b74cf38, 0x00007f3567130000)
  to   space 194176K,   0% used [0x00007f3567130000, 0x00007f3567130000, 0x00007f3572ed0000)
 tenured generation   total 3884588K, used 3883091K [0x00007f3a51b50000, 0x00007f3b3ecdb000, 0x00007f44fc600000)
   the space 3884588K,  99% used [0x00007f3a51b50000, 0x00007f3b3eb64d88, 0x00007f3b3eb64e00, 0x00007f3b3ecdb000)
 Metaspace       used 24842K, capacity 25298K, committed 25344K, reserved 26624K
}
Event: 23967.690 GC heap before
{Heap before GC invocations=27326 (full 3):
 def new generation   total 1748160K, used 1557811K [0x00007f34fc600000, 0x00007f3572ed0000, 0x00007f3a51b50000)
  eden space 1553984K, 100% used [0x00007f34fc600000, 0x00007f355b390000, 0x00007f355b390000)
  from space 194176K,   1% used [0x00007f355b390000, 0x00007f355b74cf38, 0x00007f3567130000)
  to   space 194176K,   0% used [0x00007f3567130000, 0x00007f3567130000, 0x00007f3572ed0000)
 tenured generation   total 3884588K, used 3883091K [0x00007f3a51b50000, 0x00007f3b3ecdb000, 0x00007f44fc600000)
   the space 3884588K,  99% used [0x00007f3a51b50000, 0x00007f3b3eb64d88, 0x00007f3b3eb64e00, 0x00007f3b3ecdb000)
 Metaspace       used 24842K, capacity 25298K, committed 25344K, reserved 26624K
}
Event: 23967.705 GC heap after
{Heap after GC invocations=27327 (full 3):
 def new generation   total 1748160K, used 3828K [0x00007f34fc600000, 0x00007f3572ed0000, 0x00007f3a51b50000)
  eden space 1553984K,   0% used [0x00007f34fc600000, 0x00007f34fc600000, 0x00007f355b390000)
  from space 194176K,   1% used [0x00007f3567130000, 0x00007f35674ed0d8, 0x00007f3572ed0000)
  to   space 194176K,   0% used [0x00007f355b390000, 0x00007f355b390000, 0x00007f3567130000)
 tenured generation   total 3884588K, used 3883321K [0x00007f3a51b50000, 0x00007f3b3ecdb000, 0x00007f44fc600000)
   the space 3884588K,  99% used [0x00007f3a51b50000, 0x00007f3b3eb9e4c8, 0x00007f3b3eb9e600, 0x00007f3b3ecdb000)
 Metaspace       used 24842K, capacity 25298K, committed 25344K, reserved 26624K
}
Event: 23969.212 GC heap before
{Heap before GC invocations=27327 (full 3):
 def new generation   total 1748160K, used 1557812K [0x00007f34fc600000, 0x00007f3572ed0000, 0x00007f3a51b50000)
  eden space 1553984K, 100% used [0x00007f34fc600000, 0x00007f355b390000, 0x00007f355b390000)
  from space 194176K,   1% used [0x00007f3567130000, 0x00007f35674ed0d8, 0x00007f3572ed0000)
  to   space 194176K,   0% used [0x00007f355b390000, 0x00007f355b390000, 0x00007f3567130000)
 tenured generation   total 3884588K, used 3883321K [0x00007f3a51b50000, 0x00007f3b3ecdb000, 0x00007f44fc600000)
   the space 3884588K,  99% used [0x00007f3a51b50000, 0x00007f3b3eb9e4c8, 0x00007f3b3eb9e600, 0x00007f3b3ecdb000)
 Metaspace       used 24842K, capacity 25298K, committed 25344K, reserved 26624K
}
Event: 23969.230 GC heap after
{Heap after GC invocations=27328 (full 3):
 def new generation   total 1748160K, used 3868K [0x00007f34fc600000, 0x00007f3572ed0000, 0x00007f3a51b50000)
  eden space 1553984K,   0% used [0x00007f34fc600000, 0x00007f34fc600000, 0x00007f355b390000)
  from space 194176K,   1% used [0x00007f355b390000, 0x00007f355b757260, 0x00007f3567130000)
  to   space 194176K,   0% used [0x00007f3567130000, 0x00007f3567130000, 0x00007f3572ed0000)
 tenured generation   total 3884588K, used 3883579K [0x00007f3a51b50000, 0x00007f3b3ecdb000, 0x00007f44fc600000)
   the space 3884588K,  99% used [0x00007f3a51b50000, 0x00007f3b3ebdeef0, 0x00007f3b3ebdf000, 0x00007f3b3ecdb000)
 Metaspace       used 24842K, capacity 25298K, committed 25344K, reserved 26624K
}
Event: 23970.804 GC heap before
{Heap before GC invocations=27328 (full 3):
 def new generation   total 1748160K, used 1557852K [0x00007f34fc600000, 0x00007f3572ed0000, 0x00007f3a51b50000)
  eden space 1553984K, 100% used [0x00007f34fc600000, 0x00007f355b390000, 0x00007f355b390000)
  from space 194176K,   1% used [0x00007f355b390000, 0x00007f355b757260, 0x00007f3567130000)
  to   space 194176K,   0% used [0x00007f3567130000, 0x00007f3567130000, 0x00007f3572ed0000)
 tenured generation   total 3884588K, used 3883579K [0x00007f3a51b50000, 0x00007f3b3ecdb000, 0x00007f44fc600000)
   the space 3884588K,  99% used [0x00007f3a51b50000, 0x00007f3b3ebdeef0, 0x00007f3b3ebdf000, 0x00007f3b3ecdb000)
 Metaspace       used 24842K, capacity 25298K, committed 25344K, reserved 26624K
}
Event: 23970.818 GC heap after
{Heap after GC invocations=27329 (full 3):
 def new generation   total 1748160K, used 3846K [0x00007f34fc600000, 0x00007f3572ed0000, 0x00007f3a51b50000)
  eden space 1553984K,   0% used [0x00007f34fc600000, 0x00007f34fc600000, 0x00007f355b390000)
  from space 194176K,   1% used [0x00007f3567130000, 0x00007f35674f1a80, 0x00007f3572ed0000)
  to   space 194176K,   0% used [0x00007f355b390000, 0x00007f355b390000, 0x00007f3567130000)
 tenured generation   total 3884588K, used 3883838K [0x00007f3a51b50000, 0x00007f3b3ecdb000, 0x00007f44fc600000)
   the space 3884588K,  99% used [0x00007f3a51b50000, 0x00007f3b3ec1f918, 0x00007f3b3ec1fa00, 0x00007f3b3ecdb000)
 Metaspace       used 24842K, capacity 25298K, committed 25344K, reserved 26624K
}
Event: 23972.198 GC heap before
{Heap before GC invocations=27329 (full 3):
 def new generation   total 1748160K, used 1557830K [0x00007f34fc600000, 0x00007f3572ed0000, 0x00007f3a51b50000)
  eden space 1553984K, 100% used [0x00007f34fc600000, 0x00007f355b390000, 0x00007f355b390000)
  from space 194176K,   1% used [0x00007f3567130000, 0x00007f35674f1a80, 0x00007f3572ed0000)
  to   space 194176K,   0% used [0x00007f355b390000, 0x00007f355b390000, 0x00007f3567130000)
 tenured generation   total 3884588K, used 3883838K [0x00007f3a51b50000, 0x00007f3b3ecdb000, 0x00007f44fc600000)
   the space 3884588K,  99% used [0x00007f3a51b50000, 0x00007f3b3ec1f918, 0x00007f3b3ec1fa00, 0x00007f3b3ecdb000)
 Metaspace       used 24842K, capacity 25298K, committed 25344K, reserved 26624K
}
Event: 23972.212 GC heap after
{Heap after GC invocations=27330 (full 3):
 def new generation   total 1748160K, used 3868K [0x00007f34fc600000, 0x00007f3572ed0000, 0x00007f3a51b50000)
  eden space 1553984K,   0% used [0x00007f34fc600000, 0x00007f34fc600000, 0x00007f355b390000)
  from space 194176K,   1% used [0x00007f355b390000, 0x00007f355b757068, 0x00007f3567130000)
  to   space 194176K,   0% used [0x00007f3567130000, 0x00007f3567130000, 0x00007f3572ed0000)
 tenured generation   total 3884588K, used 3884101K [0x00007f3a51b50000, 0x00007f3b3ecdb000, 0x00007f44fc600000)
   the space 3884588K,  99% used [0x00007f3a51b50000, 0x00007f3b3ec61480, 0x00007f3b3ec61600, 0x00007f3b3ecdb000)
 Metaspace       used 24842K, capacity 25298K, committed 25344K, reserved 26624K
}
Event: 23973.712 GC heap before
{Heap before GC invocations=27330 (full 3):
 def new generation   total 1748160K, used 1557852K [0x00007f34fc600000, 0x00007f3572ed0000, 0x00007f3a51b50000)
  eden space 1553984K, 100% used [0x00007f34fc600000, 0x00007f355b390000, 0x00007f355b390000)
  from space 194176K,   1% used [0x00007f355b390000, 0x00007f355b757068, 0x00007f3567130000)
  to   space 194176K,   0% used [0x00007f3567130000, 0x00007f3567130000, 0x00007f3572ed0000)
 tenured generation   total 3884588K, used 3884101K [0x00007f3a51b50000, 0x00007f3b3ecdb000, 0x00007f44fc600000)
   the space 3884588K,  99% used [0x00007f3a51b50000, 0x00007f3b3ec61480, 0x00007f3b3ec61600, 0x00007f3b3ecdb000)
 Metaspace       used 24842K, capacity 25298K, committed 25344K, reserved 26624K
}
Event: 23973.728 GC heap after
{Heap after GC invocations=27331 (full 3):
 def new generation   total 1748160K, used 3995K [0x00007f34fc600000, 0x00007f3572ed0000, 0x00007f3a51b50000)
  eden space 1553984K,   0% used [0x00007f34fc600000, 0x00007f34fc600000, 0x00007f355b390000)
  from space 194176K,   2% used [0x00007f3567130000, 0x00007f3567516e50, 0x00007f3572ed0000)
  to   space 194176K,   0% used [0x00007f355b390000, 0x00007f355b390000, 0x00007f3567130000)
 tenured generation   total 3884588K, used 3884330K [0x00007f3a51b50000, 0x00007f3b3ecdb000, 0x00007f44fc600000)
   the space 3884588K,  99% used [0x00007f3a51b50000, 0x00007f3b3ec9abc0, 0x00007f3b3ec9ac00, 0x00007f3b3ecdb000)
 Metaspace       used 24842K, capacity 25298K, committed 25344K, reserved 26624K
}
Event: 23975.271 GC heap before
{Heap before GC invocations=27331 (full 3):
 def new generation   total 1748160K, used 1557979K [0x00007f34fc600000, 0x00007f3572ed0000, 0x00007f3a51b50000)
  eden space 1553984K, 100% used [0x00007f34fc600000, 0x00007f355b390000, 0x00007f355b390000)
  from space 194176K,   2% used [0x00007f3567130000, 0x00007f3567516e50, 0x00007f3572ed0000)
  to   space 194176K,   0% used [0x00007f355b390000, 0x00007f355b390000, 0x00007f3567130000)
 tenured generation   total 3884588K, used 3884330K [0x00007f3a51b50000, 0x00007f3b3ecdb000, 0x00007f44fc600000)
   the space 3884588K,  99% used [0x00007f3a51b50000, 0x00007f3b3ec9abc0, 0x00007f3b3ec9ac00, 0x00007f3b3ecdb000)
 Metaspace       used 24842K, capacity 25298K, committed 25344K, reserved 26624K
}
Event: 23975.289 GC heap after
{Heap after GC invocations=27332 (full 3):
 def new generation   total 1748160K, used 3965K [0x00007f34fc600000, 0x00007f3572ed0000, 0x00007f3a51b50000)
  eden space 1553984K,   0% used [0x00007f34fc600000, 0x00007f34fc600000, 0x00007f355b390000)
  from space 194176K,   2% used [0x00007f355b390000, 0x00007f355b76f7c8, 0x00007f3567130000)
  to   space 194176K,   0% used [0x00007f3567130000, 0x00007f3567130000, 0x00007f3572ed0000)
 tenured generation   total 3884780K, used 3884589K [0x00007f3a51b50000, 0x00007f3b3ed0b000, 0x00007f44fc600000)
   the space 3884780K,  99% used [0x00007f3a51b50000, 0x00007f3b3ecdb5e8, 0x00007f3b3ecdb600, 0x00007f3b3ed0b000)
 Metaspace       used 24842K, capacity 25298K, committed 25344K, reserved 26624K
}
Event: 23975.289 GC heap before
{Heap before GC invocations=27332 (full 3):
 def new generation   total 1748160K, used 3965K [0x00007f34fc600000, 0x00007f3572ed0000, 0x00007f3a51b50000)
  eden space 1553984K,   0% used [0x00007f34fc600000, 0x00007f34fc600000, 0x00007f355b390000)
  from space 194176K,   2% used [0x00007f355b390000, 0x00007f355b76f7c8, 0x00007f3567130000)
  to   space 194176K,   0% used [0x00007f3567130000, 0x00007f3567130000, 0x00007f3572ed0000)
 tenured generation   total 3884780K, used 3884589K [0x00007f3a51b50000, 0x00007f3b3ed0b000, 0x00007f44fc600000)
   the space 3884780K,  99% used [0x00007f3a51b50000, 0x00007f3b3ecdb5e8, 0x00007f3b3ecdb600, 0x00007f3b3ed0b000)
 Metaspace       used 24842K, capacity 25298K, committed 25344K, reserved 26624K
}

