# JRE version: OpenJDK Runtime Environment (13.0.7+5) (build 13.0.7+5-Ubuntu-0ubuntu120.04)
# Java VM: OpenJDK 64-Bit Server VM (13.0.7+5-Ubuntu-0ubuntu120.04, mixed mode, tiered, serial gc, linux-amd64)
Heap:
 def new generation   total 1748160K, used 0K [0x00007fa190600000, 0x00007fa206ed0000, 0x00007fa6e5b50000)
  eden space 1553984K,   0% used [0x00007fa190600000, 0x00007fa190600000, 0x00007fa1ef390000)
  from space 194176K,   0% used [0x00007fa1ef390000, 0x00007fa1ef390000, 0x00007fa1fb130000)
  to   space 194176K,   0% used [0x00007fa1fb130000, 0x00007fa1fb130000, 0x00007fa206ed0000)
 tenured generation   total 3884780K, used 3785412K [0x00007fa6e5b50000, 0x00007fa7d2d0b000, 0x00007fb190600000)
   the space 3884780K,  97% used [0x00007fa6e5b50000, 0x00007fa7ccc01178, 0x00007fa7ccc01200, 0x00007fa7d2d0b000)
 Metaspace       used 24800K, capacity 25256K, committed 25344K, reserved 26624K
GC Heap History (20 events):
Event: 78345.194 GC heap after
{Heap after GC invocations=89770 (full 3):
 def new generation   total 1748160K, used 1302K [0x00007fa190600000, 0x00007fa206ed0000, 0x00007fa6e5b50000)
  eden space 1553984K,   0% used [0x00007fa190600000, 0x00007fa190600000, 0x00007fa1ef390000)
  from space 194176K,   0% used [0x00007fa1fb130000, 0x00007fa1fb2759b8, 0x00007fa206ed0000)
  to   space 194176K,   0% used [0x00007fa1ef390000, 0x00007fa1ef390000, 0x00007fa1fb130000)
 tenured generation   total 3884588K, used 3883959K [0x00007fa6e5b50000, 0x00007fa7d2cdb000, 0x00007fb190600000)
   the space 3884588K,  99% used [0x00007fa6e5b50000, 0x00007fa7d2c3ddf8, 0x00007fa7d2c3de00, 0x00007fa7d2cdb000)
 Metaspace       used 24800K, capacity 25256K, committed 25344K, reserved 26624K
}
Event: 78346.720 GC heap before
{Heap before GC invocations=89770 (full 3):
 def new generation   total 1748160K, used 1555286K [0x00007fa190600000, 0x00007fa206ed0000, 0x00007fa6e5b50000)
  eden space 1553984K, 100% used [0x00007fa190600000, 0x00007fa1ef390000, 0x00007fa1ef390000)
  from space 194176K,   0% used [0x00007fa1fb130000, 0x00007fa1fb2759b8, 0x00007fa206ed0000)
  to   space 194176K,   0% used [0x00007fa1ef390000, 0x00007fa1ef390000, 0x00007fa1fb130000)
 tenured generation   total 3884588K, used 3883959K [0x00007fa6e5b50000, 0x00007fa7d2cdb000, 0x00007fb190600000)
   the space 3884588K,  99% used [0x00007fa6e5b50000, 0x00007fa7d2c3ddf8, 0x00007fa7d2c3de00, 0x00007fa7d2cdb000)
 Metaspace       used 24800K, capacity 25256K, committed 25344K, reserved 26624K
}
Event: 78346.724 GC heap after
{Heap after GC invocations=89771 (full 3):
 def new generation   total 1748160K, used 1242K [0x00007fa190600000, 0x00007fa206ed0000, 0x00007fa6e5b50000)
  eden space 1553984K,   0% used [0x00007fa190600000, 0x00007fa190600000, 0x00007fa1ef390000)
  from space 194176K,   0% used [0x00007fa1ef390000, 0x00007fa1ef4c69e8, 0x00007fa1fb130000)
  to   space 194176K,   0% used [0x00007fa1fb130000, 0x00007fa1fb130000, 0x00007fa206ed0000)
 tenured generation   total 3884588K, used 3884002K [0x00007fa6e5b50000, 0x00007fa7d2cdb000, 0x00007fb190600000)
   the space 3884588K,  99% used [0x00007fa6e5b50000, 0x00007fa7d2c48b00, 0x00007fa7d2c48c00, 0x00007fa7d2cdb000)
 Metaspace       used 24800K, capacity 25256K, committed 25344K, reserved 26624K
}
Event: 78348.211 GC heap before
{Heap before GC invocations=89771 (full 3):
 def new generation   total 1748160K, used 1555226K [0x00007fa190600000, 0x00007fa206ed0000, 0x00007fa6e5b50000)
  eden space 1553984K, 100% used [0x00007fa190600000, 0x00007fa1ef390000, 0x00007fa1ef390000)
  from space 194176K,   0% used [0x00007fa1ef390000, 0x00007fa1ef4c69e8, 0x00007fa1fb130000)
  to   space 194176K,   0% used [0x00007fa1fb130000, 0x00007fa1fb130000, 0x00007fa206ed0000)
 tenured generation   total 3884588K, used 3884002K [0x00007fa6e5b50000, 0x00007fa7d2cdb000, 0x00007fb190600000)
   the space 3884588K,  99% used [0x00007fa6e5b50000, 0x00007fa7d2c48b00, 0x00007fa7d2c48c00, 0x00007fa7d2cdb000)
 Metaspace       used 24800K, capacity 25256K, committed 25344K, reserved 26624K
}
Event: 78348.220 GC heap after
{Heap after GC invocations=89772 (full 3):
 def new generation   total 1748160K, used 1511K [0x00007fa190600000, 0x00007fa206ed0000, 0x00007fa6e5b50000)
  eden space 1553984K,   0% used [0x00007fa190600000, 0x00007fa190600000, 0x00007fa1ef390000)
  from space 194176K,   0% used [0x00007fa1fb130000, 0x00007fa1fb2a9e88, 0x00007fa206ed0000)
  to   space 194176K,   0% used [0x00007fa1ef390000, 0x00007fa1ef390000, 0x00007fa1fb130000)
 tenured generation   total 3884588K, used 3884089K [0x00007fa6e5b50000, 0x00007fa7d2cdb000, 0x00007fb190600000)
   the space 3884588K,  99% used [0x00007fa6e5b50000, 0x00007fa7d2c5e510, 0x00007fa7d2c5e600, 0x00007fa7d2cdb000)
 Metaspace       used 24800K, capacity 25256K, committed 25344K, reserved 26624K
}
Event: 78349.757 GC heap before
{Heap before GC invocations=89772 (full 3):
 def new generation   total 1748160K, used 1555495K [0x00007fa190600000, 0x00007fa206ed0000, 0x00007fa6e5b50000)
  eden space 1553984K, 100% used [0x00007fa190600000, 0x00007fa1ef390000, 0x00007fa1ef390000)
  from space 194176K,   0% used [0x00007fa1fb130000, 0x00007fa1fb2a9e88, 0x00007fa206ed0000)
  to   space 194176K,   0% used [0x00007fa1ef390000, 0x00007fa1ef390000, 0x00007fa1fb130000)
 tenured generation   total 3884588K, used 3884089K [0x00007fa6e5b50000, 0x00007fa7d2cdb000, 0x00007fb190600000)
   the space 3884588K,  99% used [0x00007fa6e5b50000, 0x00007fa7d2c5e510, 0x00007fa7d2c5e600, 0x00007fa7d2cdb000)
 Metaspace       used 24800K, capacity 25256K, committed 25344K, reserved 26624K
}
Event: 78349.765 GC heap after
{Heap after GC invocations=89773 (full 3):
 def new generation   total 1748160K, used 1393K [0x00007fa190600000, 0x00007fa206ed0000, 0x00007fa6e5b50000)
  eden space 1553984K,   0% used [0x00007fa190600000, 0x00007fa190600000, 0x00007fa1ef390000)
  from space 194176K,   0% used [0x00007fa1ef390000, 0x00007fa1ef4ec7b8, 0x00007fa1fb130000)
  to   space 194176K,   0% used [0x00007fa1fb130000, 0x00007fa1fb130000, 0x00007fa206ed0000)
 tenured generation   total 3884588K, used 3884175K [0x00007fa6e5b50000, 0x00007fa7d2cdb000, 0x00007fb190600000)
   the space 3884588K,  99% used [0x00007fa6e5b50000, 0x00007fa7d2c73f20, 0x00007fa7d2c74000, 0x00007fa7d2cdb000)
 Metaspace       used 24800K, capacity 25256K, committed 25344K, reserved 26624K
}
Event: 78351.342 GC heap before
{Heap before GC invocations=89773 (full 3):
 def new generation   total 1748160K, used 1555377K [0x00007fa190600000, 0x00007fa206ed0000, 0x00007fa6e5b50000)
  eden space 1553984K, 100% used [0x00007fa190600000, 0x00007fa1ef390000, 0x00007fa1ef390000)
  from space 194176K,   0% used [0x00007fa1ef390000, 0x00007fa1ef4ec7b8, 0x00007fa1fb130000)
  to   space 194176K,   0% used [0x00007fa1fb130000, 0x00007fa1fb130000, 0x00007fa206ed0000)
 tenured generation   total 3884588K, used 3884175K [0x00007fa6e5b50000, 0x00007fa7d2cdb000, 0x00007fb190600000)
   the space 3884588K,  99% used [0x00007fa6e5b50000, 0x00007fa7d2c73f20, 0x00007fa7d2c74000, 0x00007fa7d2cdb000)
 Metaspace       used 24800K, capacity 25256K, committed 25344K, reserved 26624K
}
Event: 78351.349 GC heap after
{Heap after GC invocations=89774 (full 3):
 def new generation   total 1748160K, used 1280K [0x00007fa190600000, 0x00007fa206ed0000, 0x00007fa6e5b50000)
  eden space 1553984K,   0% used [0x00007fa190600000, 0x00007fa190600000, 0x00007fa1ef390000)
  from space 194176K,   0% used [0x00007fa1fb130000, 0x00007fa1fb270028, 0x00007fa206ed0000)
  to   space 194176K,   0% used [0x00007fa1ef390000, 0x00007fa1ef390000, 0x00007fa1fb130000)
 tenured generation   total 3884588K, used 3884262K [0x00007fa6e5b50000, 0x00007fa7d2cdb000, 0x00007fb190600000)
   the space 3884588K,  99% used [0x00007fa6e5b50000, 0x00007fa7d2c89930, 0x00007fa7d2c89a00, 0x00007fa7d2cdb000)
 Metaspace       used 24800K, capacity 25256K, committed 25344K, reserved 26624K
}
Event: 78352.855 GC heap before
{Heap before GC invocations=89774 (full 3):
 def new generation   total 1748160K, used 1555264K [0x00007fa190600000, 0x00007fa206ed0000, 0x00007fa6e5b50000)
  eden space 1553984K, 100% used [0x00007fa190600000, 0x00007fa1ef390000, 0x00007fa1ef390000)
  from space 194176K,   0% used [0x00007fa1fb130000, 0x00007fa1fb270028, 0x00007fa206ed0000)
  to   space 194176K,   0% used [0x00007fa1ef390000, 0x00007fa1ef390000, 0x00007fa1fb130000)
 tenured generation   total 3884588K, used 3884262K [0x00007fa6e5b50000, 0x00007fa7d2cdb000, 0x00007fb190600000)
   the space 3884588K,  99% used [0x00007fa6e5b50000, 0x00007fa7d2c89930, 0x00007fa7d2c89a00, 0x00007fa7d2cdb000)
 Metaspace       used 24800K, capacity 25256K, committed 25344K, reserved 26624K
}
Event: 78352.862 GC heap after
{Heap after GC invocations=89775 (full 3):
 def new generation   total 1748160K, used 1227K [0x00007fa190600000, 0x00007fa206ed0000, 0x00007fa6e5b50000)
  eden space 1553984K,   0% used [0x00007fa190600000, 0x00007fa190600000, 0x00007fa1ef390000)
  from space 194176K,   0% used [0x00007fa1ef390000, 0x00007fa1ef4c2d58, 0x00007fa1fb130000)
  to   space 194176K,   0% used [0x00007fa1fb130000, 0x00007fa1fb130000, 0x00007fa206ed0000)
 tenured generation   total 3884588K, used 3884305K [0x00007fa6e5b50000, 0x00007fa7d2cdb000, 0x00007fb190600000)
   the space 3884588K,  99% used [0x00007fa6e5b50000, 0x00007fa7d2c94638, 0x00007fa7d2c94800, 0x00007fa7d2cdb000)
 Metaspace       used 24800K, capacity 25256K, committed 25344K, reserved 26624K
}
Event: 78354.417 GC heap before
{Heap before GC invocations=89775 (full 3):
 def new generation   total 1748160K, used 1555211K [0x00007fa190600000, 0x00007fa206ed0000, 0x00007fa6e5b50000)
  eden space 1553984K, 100% used [0x00007fa190600000, 0x00007fa1ef390000, 0x00007fa1ef390000)
  from space 194176K,   0% used [0x00007fa1ef390000, 0x00007fa1ef4c2d58, 0x00007fa1fb130000)
  to   space 194176K,   0% used [0x00007fa1fb130000, 0x00007fa1fb130000, 0x00007fa206ed0000)
 tenured generation   total 3884588K, used 3884305K [0x00007fa6e5b50000, 0x00007fa7d2cdb000, 0x00007fb190600000)
   the space 3884588K,  99% used [0x00007fa6e5b50000, 0x00007fa7d2c94638, 0x00007fa7d2c94800, 0x00007fa7d2cdb000)
 Metaspace       used 24800K, capacity 25256K, committed 25344K, reserved 26624K
}
Event: 78354.423 GC heap after
{Heap after GC invocations=89776 (full 3):
 def new generation   total 1748160K, used 1557K [0x00007fa190600000, 0x00007fa206ed0000, 0x00007fa6e5b50000)
  eden space 1553984K,   0% used [0x00007fa190600000, 0x00007fa190600000, 0x00007fa1ef390000)
  from space 194176K,   0% used [0x00007fa1fb130000, 0x00007fa1fb2b5610, 0x00007fa206ed0000)
  to   space 194176K,   0% used [0x00007fa1ef390000, 0x00007fa1ef390000, 0x00007fa1fb130000)
 tenured generation   total 3884588K, used 3884392K [0x00007fa6e5b50000, 0x00007fa7d2cdb000, 0x00007fb190600000)
   the space 3884588K,  99% used [0x00007fa6e5b50000, 0x00007fa7d2caa048, 0x00007fa7d2caa200, 0x00007fa7d2cdb000)
 Metaspace       used 24800K, capacity 25256K, committed 25344K, reserved 26624K
}
Event: 78355.936 GC heap before
{Heap before GC invocations=89776 (full 3):
 def new generation   total 1748160K, used 1555541K [0x00007fa190600000, 0x00007fa206ed0000, 0x00007fa6e5b50000)
  eden space 1553984K, 100% used [0x00007fa190600000, 0x00007fa1ef390000, 0x00007fa1ef390000)
  from space 194176K,   0% used [0x00007fa1fb130000, 0x00007fa1fb2b5610, 0x00007fa206ed0000)
  to   space 194176K,   0% used [0x00007fa1ef390000, 0x00007fa1ef390000, 0x00007fa1fb130000)
 tenured generation   total 3884588K, used 3884392K [0x00007fa6e5b50000, 0x00007fa7d2cdb000, 0x00007fb190600000)
   the space 3884588K,  99% used [0x00007fa6e5b50000, 0x00007fa7d2caa048, 0x00007fa7d2caa200, 0x00007fa7d2cdb000)
 Metaspace       used 24800K, capacity 25256K, committed 25344K, reserved 26624K
}
Event: 78355.946 GC heap after
{Heap after GC invocations=89777 (full 3):
 def new generation   total 1748160K, used 1435K [0x00007fa190600000, 0x00007fa206ed0000, 0x00007fa6e5b50000)
  eden space 1553984K,   0% used [0x00007fa190600000, 0x00007fa190600000, 0x00007fa1ef390000)
  from space 194176K,   0% used [0x00007fa1ef390000, 0x00007fa1ef4f6f20, 0x00007fa1fb130000)
  to   space 194176K,   0% used [0x00007fa1fb130000, 0x00007fa1fb130000, 0x00007fa206ed0000)
 tenured generation   total 3884588K, used 3884478K [0x00007fa6e5b50000, 0x00007fa7d2cdb000, 0x00007fb190600000)
   the space 3884588K,  99% used [0x00007fa6e5b50000, 0x00007fa7d2cbfa58, 0x00007fa7d2cbfc00, 0x00007fa7d2cdb000)
 Metaspace       used 24800K, capacity 25256K, committed 25344K, reserved 26624K
}
Event: 78357.459 GC heap before
{Heap before GC invocations=89777 (full 3):
 def new generation   total 1748160K, used 1555419K [0x00007fa190600000, 0x00007fa206ed0000, 0x00007fa6e5b50000)
  eden space 1553984K, 100% used [0x00007fa190600000, 0x00007fa1ef390000, 0x00007fa1ef390000)
  from space 194176K,   0% used [0x00007fa1ef390000, 0x00007fa1ef4f6f20, 0x00007fa1fb130000)
  to   space 194176K,   0% used [0x00007fa1fb130000, 0x00007fa1fb130000, 0x00007fa206ed0000)
 tenured generation   total 3884588K, used 3884478K [0x00007fa6e5b50000, 0x00007fa7d2cdb000, 0x00007fb190600000)
   the space 3884588K,  99% used [0x00007fa6e5b50000, 0x00007fa7d2cbfa58, 0x00007fa7d2cbfc00, 0x00007fa7d2cdb000)
 Metaspace       used 24800K, capacity 25256K, committed 25344K, reserved 26624K
}
Event: 78357.466 GC heap after
{Heap after GC invocations=89778 (full 3):
 def new generation   total 1748160K, used 1270K [0x00007fa190600000, 0x00007fa206ed0000, 0x00007fa6e5b50000)
  eden space 1553984K,   0% used [0x00007fa190600000, 0x00007fa190600000, 0x00007fa1ef390000)
  from space 194176K,   0% used [0x00007fa1fb130000, 0x00007fa1fb26dae0, 0x00007fa206ed0000)
  to   space 194176K,   0% used [0x00007fa1ef390000, 0x00007fa1ef390000, 0x00007fa1fb130000)
 tenured generation   total 3884588K, used 3884565K [0x00007fa6e5b50000, 0x00007fa7d2cdb000, 0x00007fb190600000)
   the space 3884588K,  99% used [0x00007fa6e5b50000, 0x00007fa7d2cd5468, 0x00007fa7d2cd5600, 0x00007fa7d2cdb000)
 Metaspace       used 24800K, capacity 25256K, committed 25344K, reserved 26624K
}
Event: 78358.995 GC heap before
{Heap before GC invocations=89778 (full 3):
 def new generation   total 1748160K, used 1555254K [0x00007fa190600000, 0x00007fa206ed0000, 0x00007fa6e5b50000)
  eden space 1553984K, 100% used [0x00007fa190600000, 0x00007fa1ef390000, 0x00007fa1ef390000)
  from space 194176K,   0% used [0x00007fa1fb130000, 0x00007fa1fb26dae0, 0x00007fa206ed0000)
  to   space 194176K,   0% used [0x00007fa1ef390000, 0x00007fa1ef390000, 0x00007fa1fb130000)
 tenured generation   total 3884588K, used 3884565K [0x00007fa6e5b50000, 0x00007fa7d2cdb000, 0x00007fb190600000)
   the space 3884588K,  99% used [0x00007fa6e5b50000, 0x00007fa7d2cd5468, 0x00007fa7d2cd5600, 0x00007fa7d2cdb000)
 Metaspace       used 24800K, capacity 25256K, committed 25344K, reserved 26624K
}
Event: 78359.008 GC heap after
{Heap after GC invocations=89779 (full 3):
 def new generation   total 1748160K, used 1210K [0x00007fa190600000, 0x00007fa206ed0000, 0x00007fa6e5b50000)
  eden space 1553984K,   0% used [0x00007fa190600000, 0x00007fa190600000, 0x00007fa1ef390000)
  from space 194176K,   0% used [0x00007fa1ef390000, 0x00007fa1ef4be9e8, 0x00007fa1fb130000)
  to   space 194176K,   0% used [0x00007fa1fb130000, 0x00007fa1fb130000, 0x00007fa206ed0000)
 tenured generation   total 3884780K, used 3884608K [0x00007fa6e5b50000, 0x00007fa7d2d0b000, 0x00007fb190600000)
   the space 3884780K,  99% used [0x00007fa6e5b50000, 0x00007fa7d2ce0170, 0x00007fa7d2ce0200, 0x00007fa7d2d0b000)
 Metaspace       used 24800K, capacity 25256K, committed 25344K, reserved 26624K
}
Event: 78359.008 GC heap before
{Heap before GC invocations=89779 (full 3):
 def new generation   total 1748160K, used 1210K [0x00007fa190600000, 0x00007fa206ed0000, 0x00007fa6e5b50000)
  eden space 1553984K,   0% used [0x00007fa190600000, 0x00007fa190600000, 0x00007fa1ef390000)
  from space 194176K,   0% used [0x00007fa1ef390000, 0x00007fa1ef4be9e8, 0x00007fa1fb130000)
  to   space 194176K,   0% used [0x00007fa1fb130000, 0x00007fa1fb130000, 0x00007fa206ed0000)
 tenured generation   total 3884780K, used 3884608K [0x00007fa6e5b50000, 0x00007fa7d2d0b000, 0x00007fb190600000)
   the space 3884780K,  99% used [0x00007fa6e5b50000, 0x00007fa7d2ce0170, 0x00007fa7d2ce0200, 0x00007fa7d2d0b000)
 Metaspace       used 24800K, capacity 25256K, committed 25344K, reserved 26624K
}

