# JRE version: OpenJDK Runtime Environment (13.0.7+5) (build 13.0.7+5-Ubuntu-0ubuntu120.04)
# Java VM: OpenJDK 64-Bit Server VM (13.0.7+5-Ubuntu-0ubuntu120.04, mixed mode, tiered, serial gc, linux-amd64)
Heap:
 def new generation   total 2882944K, used 10712K [0x00007f55fc600000, 0x00007f56bfe30000, 0x00007f5b51b50000)
  eden space 2562624K,   0% used [0x00007f55fc600000, 0x00007f55fd076138, 0x00007f5698c90000)
  from space 320320K,   0% used [0x00007f56ac560000, 0x00007f56ac560000, 0x00007f56bfe30000)
  to   space 320320K,   0% used [0x00007f5698c90000, 0x00007f5698c90000, 0x00007f56ac560000)
 tenured generation   total 6407160K, used 6407159K [0x00007f5b51b50000, 0x00007f5cd8c4e000, 0x00007f65fc600000)
   the space 6407160K,  99% used [0x00007f5b51b50000, 0x00007f5cd8c4dfd8, 0x00007f5cd8c4e000, 0x00007f5cd8c4e000)
 Metaspace       used 25018K, capacity 25494K, committed 25600K, reserved 26624K
GC Heap History (20 events):
Event: 21673.546 GC heap after
{Heap after GC invocations=33121 (full 4):
 def new generation   total 2882944K, used 10733K [0x00007f55fc600000, 0x00007f56bfe30000, 0x00007f5b51b50000)
  eden space 2562624K,   0% used [0x00007f55fc600000, 0x00007f55fc600000, 0x00007f5698c90000)
  from space 320320K,   3% used [0x00007f5698c90000, 0x00007f569970b7d8, 0x00007f56ac560000)
  to   space 320320K,   0% used [0x00007f56ac560000, 0x00007f56ac560000, 0x00007f56bfe30000)
 tenured generation   total 6406392K, used 6400628K [0x00007f5b51b50000, 0x00007f5cd8b8e000, 0x00007f65fc600000)
   the space 6406392K,  99% used [0x00007f5b51b50000, 0x00007f5cd85ed280, 0x00007f5cd85ed400, 0x00007f5cd8b8e000)
 Metaspace       used 25018K, capacity 25494K, committed 25600K, reserved 26624K
}
Event: 21675.169 GC heap before
{Heap before GC invocations=33121 (full 4):
 def new generation   total 2882944K, used 2573357K [0x00007f55fc600000, 0x00007f56bfe30000, 0x00007f5b51b50000)
  eden space 2562624K, 100% used [0x00007f55fc600000, 0x00007f5698c90000, 0x00007f5698c90000)
  from space 320320K,   3% used [0x00007f5698c90000, 0x00007f569970b7d8, 0x00007f56ac560000)
  to   space 320320K,   0% used [0x00007f56ac560000, 0x00007f56ac560000, 0x00007f56bfe30000)
 tenured generation   total 6406392K, used 6400628K [0x00007f5b51b50000, 0x00007f5cd8b8e000, 0x00007f65fc600000)
   the space 6406392K,  99% used [0x00007f5b51b50000, 0x00007f5cd85ed280, 0x00007f5cd85ed400, 0x00007f5cd8b8e000)
 Metaspace       used 25018K, capacity 25494K, committed 25600K, reserved 26624K
}
Event: 21675.185 GC heap after
{Heap after GC invocations=33122 (full 4):
 def new generation   total 2882944K, used 10774K [0x00007f55fc600000, 0x00007f56bfe30000, 0x00007f5b51b50000)
  eden space 2562624K,   0% used [0x00007f55fc600000, 0x00007f55fc600000, 0x00007f5698c90000)
  from space 320320K,   3% used [0x00007f56ac560000, 0x00007f56acfe58f0, 0x00007f56bfe30000)
  to   space 320320K,   0% used [0x00007f5698c90000, 0x00007f5698c90000, 0x00007f56ac560000)
 tenured generation   total 6406392K, used 6401354K [0x00007f5b51b50000, 0x00007f5cd8b8e000, 0x00007f65fc600000)
   the space 6406392K,  99% used [0x00007f5b51b50000, 0x00007f5cd86a29d8, 0x00007f5cd86a2a00, 0x00007f5cd8b8e000)
 Metaspace       used 25018K, capacity 25494K, committed 25600K, reserved 26624K
}
Event: 21676.770 GC heap before
{Heap before GC invocations=33122 (full 4):
 def new generation   total 2882944K, used 2573398K [0x00007f55fc600000, 0x00007f56bfe30000, 0x00007f5b51b50000)
  eden space 2562624K, 100% used [0x00007f55fc600000, 0x00007f5698c90000, 0x00007f5698c90000)
  from space 320320K,   3% used [0x00007f56ac560000, 0x00007f56acfe58f0, 0x00007f56bfe30000)
  to   space 320320K,   0% used [0x00007f5698c90000, 0x00007f5698c90000, 0x00007f56ac560000)
 tenured generation   total 6406392K, used 6401354K [0x00007f5b51b50000, 0x00007f5cd8b8e000, 0x00007f65fc600000)
   the space 6406392K,  99% used [0x00007f5b51b50000, 0x00007f5cd86a29d8, 0x00007f5cd86a2a00, 0x00007f5cd8b8e000)
 Metaspace       used 25018K, capacity 25494K, committed 25600K, reserved 26624K
}
Event: 21676.783 GC heap after
{Heap after GC invocations=33123 (full 4):
 def new generation   total 2882944K, used 10810K [0x00007f55fc600000, 0x00007f56bfe30000, 0x00007f5b51b50000)
  eden space 2562624K,   0% used [0x00007f55fc600000, 0x00007f55fc600000, 0x00007f5698c90000)
  from space 320320K,   3% used [0x00007f5698c90000, 0x00007f569971eb78, 0x00007f56ac560000)
  to   space 320320K,   0% used [0x00007f56ac560000, 0x00007f56ac560000, 0x00007f56bfe30000)
 tenured generation   total 6406392K, used 6402021K [0x00007f5b51b50000, 0x00007f5cd8b8e000, 0x00007f65fc600000)
   the space 6406392K,  99% used [0x00007f5b51b50000, 0x00007f5cd8749470, 0x00007f5cd8749600, 0x00007f5cd8b8e000)
 Metaspace       used 25018K, capacity 25494K, committed 25600K, reserved 26624K
}
Event: 21678.382 GC heap before
{Heap before GC invocations=33123 (full 4):
 def new generation   total 2882944K, used 2573434K [0x00007f55fc600000, 0x00007f56bfe30000, 0x00007f5b51b50000)
  eden space 2562624K, 100% used [0x00007f55fc600000, 0x00007f5698c90000, 0x00007f5698c90000)
  from space 320320K,   3% used [0x00007f5698c90000, 0x00007f569971eb78, 0x00007f56ac560000)
  to   space 320320K,   0% used [0x00007f56ac560000, 0x00007f56ac560000, 0x00007f56bfe30000)
 tenured generation   total 6406392K, used 6402021K [0x00007f5b51b50000, 0x00007f5cd8b8e000, 0x00007f65fc600000)
   the space 6406392K,  99% used [0x00007f5b51b50000, 0x00007f5cd8749470, 0x00007f5cd8749600, 0x00007f5cd8b8e000)
 Metaspace       used 25018K, capacity 25494K, committed 25600K, reserved 26624K
}
Event: 21678.397 GC heap after
{Heap after GC invocations=33124 (full 4):
 def new generation   total 2882944K, used 10819K [0x00007f55fc600000, 0x00007f56bfe30000, 0x00007f5b51b50000)
  eden space 2562624K,   0% used [0x00007f55fc600000, 0x00007f55fc600000, 0x00007f5698c90000)
  from space 320320K,   3% used [0x00007f56ac560000, 0x00007f56acff0df8, 0x00007f56bfe30000)
  to   space 320320K,   0% used [0x00007f5698c90000, 0x00007f5698c90000, 0x00007f56ac560000)
 tenured generation   total 6406392K, used 6402746K [0x00007f5b51b50000, 0x00007f5cd8b8e000, 0x00007f65fc600000)
   the space 6406392K,  99% used [0x00007f5b51b50000, 0x00007f5cd87febc8, 0x00007f5cd87fec00, 0x00007f5cd8b8e000)
 Metaspace       used 25018K, capacity 25494K, committed 25600K, reserved 26624K
}
Event: 21680.000 GC heap before
{Heap before GC invocations=33124 (full 4):
 def new generation   total 2882944K, used 2573443K [0x00007f55fc600000, 0x00007f56bfe30000, 0x00007f5b51b50000)
  eden space 2562624K, 100% used [0x00007f55fc600000, 0x00007f5698c90000, 0x00007f5698c90000)
  from space 320320K,   3% used [0x00007f56ac560000, 0x00007f56acff0df8, 0x00007f56bfe30000)
  to   space 320320K,   0% used [0x00007f5698c90000, 0x00007f5698c90000, 0x00007f56ac560000)
 tenured generation   total 6406392K, used 6402746K [0x00007f5b51b50000, 0x00007f5cd8b8e000, 0x00007f65fc600000)
   the space 6406392K,  99% used [0x00007f5b51b50000, 0x00007f5cd87febc8, 0x00007f5cd87fec00, 0x00007f5cd8b8e000)
 Metaspace       used 25018K, capacity 25494K, committed 25600K, reserved 26624K
}
Event: 21680.015 GC heap after
{Heap after GC invocations=33125 (full 4):
 def new generation   total 2882944K, used 10807K [0x00007f55fc600000, 0x00007f56bfe30000, 0x00007f5b51b50000)
  eden space 2562624K,   0% used [0x00007f55fc600000, 0x00007f55fc600000, 0x00007f5698c90000)
  from space 320320K,   3% used [0x00007f5698c90000, 0x00007f569971dd68, 0x00007f56ac560000)
  to   space 320320K,   0% used [0x00007f56ac560000, 0x00007f56ac560000, 0x00007f56bfe30000)
 tenured generation   total 6406392K, used 6403472K [0x00007f5b51b50000, 0x00007f5cd8b8e000, 0x00007f65fc600000)
   the space 6406392K,  99% used [0x00007f5b51b50000, 0x00007f5cd88b4320, 0x00007f5cd88b4400, 0x00007f5cd8b8e000)
 Metaspace       used 25018K, capacity 25494K, committed 25600K, reserved 26624K
}
Event: 21681.531 GC heap before
{Heap before GC invocations=33125 (full 4):
 def new generation   total 2882944K, used 2573431K [0x00007f55fc600000, 0x00007f56bfe30000, 0x00007f5b51b50000)
  eden space 2562624K, 100% used [0x00007f55fc600000, 0x00007f5698c90000, 0x00007f5698c90000)
  from space 320320K,   3% used [0x00007f5698c90000, 0x00007f569971dd68, 0x00007f56ac560000)
  to   space 320320K,   0% used [0x00007f56ac560000, 0x00007f56ac560000, 0x00007f56bfe30000)
 tenured generation   total 6406392K, used 6403472K [0x00007f5b51b50000, 0x00007f5cd8b8e000, 0x00007f65fc600000)
   the space 6406392K,  99% used [0x00007f5b51b50000, 0x00007f5cd88b4320, 0x00007f5cd88b4400, 0x00007f5cd8b8e000)
 Metaspace       used 25018K, capacity 25494K, committed 25600K, reserved 26624K
}
Event: 21681.545 GC heap after
{Heap after GC invocations=33126 (full 4):
 def new generation   total 2882944K, used 10834K [0x00007f55fc600000, 0x00007f56bfe30000, 0x00007f5b51b50000)
  eden space 2562624K,   0% used [0x00007f55fc600000, 0x00007f55fc600000, 0x00007f5698c90000)
  from space 320320K,   3% used [0x00007f56ac560000, 0x00007f56acff4aa8, 0x00007f56bfe30000)
  to   space 320320K,   0% used [0x00007f5698c90000, 0x00007f5698c90000, 0x00007f56ac560000)
 tenured generation   total 6406392K, used 6404179K [0x00007f5b51b50000, 0x00007f5cd8b8e000, 0x00007f65fc600000)
   the space 6406392K,  99% used [0x00007f5b51b50000, 0x00007f5cd8964c00, 0x00007f5cd8964c00, 0x00007f5cd8b8e000)
 Metaspace       used 25018K, capacity 25494K, committed 25600K, reserved 26624K
}
Event: 21683.083 GC heap before
{Heap before GC invocations=33126 (full 4):
 def new generation   total 2882944K, used 2573458K [0x00007f55fc600000, 0x00007f56bfe30000, 0x00007f5b51b50000)
  eden space 2562624K, 100% used [0x00007f55fc600000, 0x00007f5698c90000, 0x00007f5698c90000)
  from space 320320K,   3% used [0x00007f56ac560000, 0x00007f56acff4aa8, 0x00007f56bfe30000)
  to   space 320320K,   0% used [0x00007f5698c90000, 0x00007f5698c90000, 0x00007f56ac560000)
 tenured generation   total 6406392K, used 6404179K [0x00007f5b51b50000, 0x00007f5cd8b8e000, 0x00007f65fc600000)
   the space 6406392K,  99% used [0x00007f5b51b50000, 0x00007f5cd8964c00, 0x00007f5cd8964c00, 0x00007f5cd8b8e000)
 Metaspace       used 25018K, capacity 25494K, committed 25600K, reserved 26624K
}
Event: 21683.101 GC heap after
{Heap after GC invocations=33127 (full 4):
 def new generation   total 2882944K, used 10815K [0x00007f55fc600000, 0x00007f56bfe30000, 0x00007f5b51b50000)
  eden space 2562624K,   0% used [0x00007f55fc600000, 0x00007f55fc600000, 0x00007f5698c90000)
  from space 320320K,   3% used [0x00007f5698c90000, 0x00007f569971fd08, 0x00007f56ac560000)
  to   space 320320K,   0% used [0x00007f56ac560000, 0x00007f56ac560000, 0x00007f56bfe30000)
 tenured generation   total 6406392K, used 6404904K [0x00007f5b51b50000, 0x00007f5cd8b8e000, 0x00007f65fc600000)
   the space 6406392K,  99% used [0x00007f5b51b50000, 0x00007f5cd8a1a358, 0x00007f5cd8a1a400, 0x00007f5cd8b8e000)
 Metaspace       used 25018K, capacity 25494K, committed 25600K, reserved 26624K
}
Event: 21684.613 GC heap before
{Heap before GC invocations=33127 (full 4):
 def new generation   total 2882944K, used 2573439K [0x00007f55fc600000, 0x00007f56bfe30000, 0x00007f5b51b50000)
  eden space 2562624K, 100% used [0x00007f55fc600000, 0x00007f5698c90000, 0x00007f5698c90000)
  from space 320320K,   3% used [0x00007f5698c90000, 0x00007f569971fd08, 0x00007f56ac560000)
  to   space 320320K,   0% used [0x00007f56ac560000, 0x00007f56ac560000, 0x00007f56bfe30000)
 tenured generation   total 6406392K, used 6404904K [0x00007f5b51b50000, 0x00007f5cd8b8e000, 0x00007f65fc600000)
   the space 6406392K,  99% used [0x00007f5b51b50000, 0x00007f5cd8a1a358, 0x00007f5cd8a1a400, 0x00007f5cd8b8e000)
 Metaspace       used 25018K, capacity 25494K, committed 25600K, reserved 26624K
}
Event: 21684.631 GC heap after
{Heap after GC invocations=33128 (full 4):
 def new generation   total 2882944K, used 10801K [0x00007f55fc600000, 0x00007f56bfe30000, 0x00007f5b51b50000)
  eden space 2562624K,   0% used [0x00007f55fc600000, 0x00007f55fc600000, 0x00007f5698c90000)
  from space 320320K,   3% used [0x00007f56ac560000, 0x00007f56acfec528, 0x00007f56bfe30000)
  to   space 320320K,   0% used [0x00007f5698c90000, 0x00007f5698c90000, 0x00007f56ac560000)
 tenured generation   total 6406392K, used 6405630K [0x00007f5b51b50000, 0x00007f5cd8b8e000, 0x00007f65fc600000)
   the space 6406392K,  99% used [0x00007f5b51b50000, 0x00007f5cd8acfab0, 0x00007f5cd8acfc00, 0x00007f5cd8b8e000)
 Metaspace       used 25018K, capacity 25494K, committed 25600K, reserved 26624K
}
Event: 21686.139 GC heap before
{Heap before GC invocations=33128 (full 4):
 def new generation   total 2882944K, used 2573425K [0x00007f55fc600000, 0x00007f56bfe30000, 0x00007f5b51b50000)
  eden space 2562624K, 100% used [0x00007f55fc600000, 0x00007f5698c90000, 0x00007f5698c90000)
  from space 320320K,   3% used [0x00007f56ac560000, 0x00007f56acfec528, 0x00007f56bfe30000)
  to   space 320320K,   0% used [0x00007f5698c90000, 0x00007f5698c90000, 0x00007f56ac560000)
 tenured generation   total 6406392K, used 6405630K [0x00007f5b51b50000, 0x00007f5cd8b8e000, 0x00007f65fc600000)
   the space 6406392K,  99% used [0x00007f5b51b50000, 0x00007f5cd8acfab0, 0x00007f5cd8acfc00, 0x00007f5cd8b8e000)
 Metaspace       used 25018K, capacity 25494K, committed 25600K, reserved 26624K
}
Event: 21686.155 GC heap after
{Heap after GC invocations=33129 (full 4):
 def new generation   total 2882944K, used 10823K [0x00007f55fc600000, 0x00007f56bfe30000, 0x00007f5b51b50000)
  eden space 2562624K,   0% used [0x00007f55fc600000, 0x00007f55fc600000, 0x00007f5698c90000)
  from space 320320K,   3% used [0x00007f5698c90000, 0x00007f5699721d20, 0x00007f56ac560000)
  to   space 320320K,   0% used [0x00007f56ac560000, 0x00007f56ac560000, 0x00007f56bfe30000)
 tenured generation   total 6406392K, used 6406336K [0x00007f5b51b50000, 0x00007f5cd8b8e000, 0x00007f65fc600000)
   the space 6406392K,  99% used [0x00007f5b51b50000, 0x00007f5cd8b80390, 0x00007f5cd8b80400, 0x00007f5cd8b8e000)
 Metaspace       used 25018K, capacity 25494K, committed 25600K, reserved 26624K
}
Event: 21687.737 GC heap before
{Heap before GC invocations=33129 (full 4):
 def new generation   total 2882944K, used 2573447K [0x00007f55fc600000, 0x00007f56bfe30000, 0x00007f5b51b50000)
  eden space 2562624K, 100% used [0x00007f55fc600000, 0x00007f5698c90000, 0x00007f5698c90000)
  from space 320320K,   3% used [0x00007f5698c90000, 0x00007f5699721d20, 0x00007f56ac560000)
  to   space 320320K,   0% used [0x00007f56ac560000, 0x00007f56ac560000, 0x00007f56bfe30000)
 tenured generation   total 6406392K, used 6406336K [0x00007f5b51b50000, 0x00007f5cd8b8e000, 0x00007f65fc600000)
   the space 6406392K,  99% used [0x00007f5b51b50000, 0x00007f5cd8b80390, 0x00007f5cd8b80400, 0x00007f5cd8b8e000)
 Metaspace       used 25018K, capacity 25494K, committed 25600K, reserved 26624K
}
Event: 21687.755 GC heap after
{Heap after GC invocations=33130 (full 4):
 def new generation   total 2882944K, used 10809K [0x00007f55fc600000, 0x00007f56bfe30000, 0x00007f5b51b50000)
  eden space 2562624K,   0% used [0x00007f55fc600000, 0x00007f55fc600000, 0x00007f5698c90000)
  from space 320320K,   3% used [0x00007f56ac560000, 0x00007f56acfee628, 0x00007f56bfe30000)
  to   space 320320K,   0% used [0x00007f5698c90000, 0x00007f5698c90000, 0x00007f56ac560000)
 tenured generation   total 6407160K, used 6407062K [0x00007f5b51b50000, 0x00007f5cd8c4e000, 0x00007f65fc600000)
   the space 6407160K,  99% used [0x00007f5b51b50000, 0x00007f5cd8c35ae8, 0x00007f5cd8c35c00, 0x00007f5cd8c4e000)
 Metaspace       used 25018K, capacity 25494K, committed 25600K, reserved 26624K
}
Event: 21687.755 GC heap before
{Heap before GC invocations=33130 (full 4):
 def new generation   total 2882944K, used 10809K [0x00007f55fc600000, 0x00007f56bfe30000, 0x00007f5b51b50000)
  eden space 2562624K,   0% used [0x00007f55fc600000, 0x00007f55fc600000, 0x00007f5698c90000)
  from space 320320K,   3% used [0x00007f56ac560000, 0x00007f56acfee628, 0x00007f56bfe30000)
  to   space 320320K,   0% used [0x00007f5698c90000, 0x00007f5698c90000, 0x00007f56ac560000)
 tenured generation   total 6407160K, used 6407062K [0x00007f5b51b50000, 0x00007f5cd8c4e000, 0x00007f65fc600000)
   the space 6407160K,  99% used [0x00007f5b51b50000, 0x00007f5cd8c35ae8, 0x00007f5cd8c35c00, 0x00007f5cd8c4e000)
 Metaspace       used 25018K, capacity 25494K, committed 25600K, reserved 26624K
}

