# JRE version: OpenJDK Runtime Environment (13.0.7+5) (build 13.0.7+5-Ubuntu-0ubuntu120.04)
# Java VM: OpenJDK 64-Bit Server VM (13.0.7+5-Ubuntu-0ubuntu120.04, mixed mode, tiered, serial gc, linux-amd64)
Heap:
 def new generation   total 1747904K, used 0K [0x00007ef1b8600000, 0x00007ef22ee90000, 0x00007ef70db50000)
  eden space 1553728K,   0% used [0x00007ef1b8600000, 0x00007ef1b8600000, 0x00007ef217350000)
  from space 194176K,   0% used [0x00007ef2230f0000, 0x00007ef2230f0000, 0x00007ef22ee90000)
  to   space 194176K,   0% used [0x00007ef217350000, 0x00007ef217350000, 0x00007ef2230f0000)
 tenured generation   total 3884440K, used 3851775K [0x00007ef70db50000, 0x00007ef7facb6000, 0x00007f01b8600000)
   the space 3884440K,  99% used [0x00007ef70db50000, 0x00007ef7f8ccfd20, 0x00007ef7f8ccfe00, 0x00007ef7facb6000)
 Metaspace       used 24797K, capacity 25227K, committed 25344K, reserved 26624K
GC Heap History (20 events):
Event: 12657.818 GC heap after
{Heap after GC invocations=24005 (full 3):
 def new generation   total 1747904K, used 4463K [0x00007ef1b8600000, 0x00007ef22ee90000, 0x00007ef70db50000)
  eden space 1553728K,   0% used [0x00007ef1b8600000, 0x00007ef1b8600000, 0x00007ef217350000)
  from space 194176K,   2% used [0x00007ef217350000, 0x00007ef2177abf60, 0x00007ef2230f0000)
  to   space 194176K,   0% used [0x00007ef2230f0000, 0x00007ef2230f0000, 0x00007ef22ee90000)
 tenured generation   total 3884056K, used 3881611K [0x00007ef70db50000, 0x00007ef7fac56000, 0x00007f01b8600000)
   the space 3884056K,  99% used [0x00007ef70db50000, 0x00007ef7fa9f2cc8, 0x00007ef7fa9f2e00, 0x00007ef7fac56000)
 Metaspace       used 24797K, capacity 25227K, committed 25344K, reserved 26624K
}
Event: 12658.753 GC heap before
{Heap before GC invocations=24005 (full 3):
 def new generation   total 1747904K, used 1558191K [0x00007ef1b8600000, 0x00007ef22ee90000, 0x00007ef70db50000)
  eden space 1553728K, 100% used [0x00007ef1b8600000, 0x00007ef217350000, 0x00007ef217350000)
  from space 194176K,   2% used [0x00007ef217350000, 0x00007ef2177abf60, 0x00007ef2230f0000)
  to   space 194176K,   0% used [0x00007ef2230f0000, 0x00007ef2230f0000, 0x00007ef22ee90000)
 tenured generation   total 3884056K, used 3881611K [0x00007ef70db50000, 0x00007ef7fac56000, 0x00007f01b8600000)
   the space 3884056K,  99% used [0x00007ef70db50000, 0x00007ef7fa9f2cc8, 0x00007ef7fa9f2e00, 0x00007ef7fac56000)
 Metaspace       used 24797K, capacity 25227K, committed 25344K, reserved 26624K
}
Event: 12658.761 GC heap after
{Heap after GC invocations=24006 (full 3):
 def new generation   total 1747904K, used 4517K [0x00007ef1b8600000, 0x00007ef22ee90000, 0x00007ef70db50000)
  eden space 1553728K,   0% used [0x00007ef1b8600000, 0x00007ef1b8600000, 0x00007ef217350000)
  from space 194176K,   2% used [0x00007ef2230f0000, 0x00007ef223559688, 0x00007ef22ee90000)
  to   space 194176K,   0% used [0x00007ef217350000, 0x00007ef217350000, 0x00007ef2230f0000)
 tenured generation   total 3884056K, used 3881882K [0x00007ef70db50000, 0x00007ef7fac56000, 0x00007f01b8600000)
   the space 3884056K,  99% used [0x00007ef70db50000, 0x00007ef7faa36aa8, 0x00007ef7faa36c00, 0x00007ef7fac56000)
 Metaspace       used 24797K, capacity 25227K, committed 25344K, reserved 26624K
}
Event: 12659.698 GC heap before
{Heap before GC invocations=24006 (full 3):
 def new generation   total 1747904K, used 1558245K [0x00007ef1b8600000, 0x00007ef22ee90000, 0x00007ef70db50000)
  eden space 1553728K, 100% used [0x00007ef1b8600000, 0x00007ef217350000, 0x00007ef217350000)
  from space 194176K,   2% used [0x00007ef2230f0000, 0x00007ef223559688, 0x00007ef22ee90000)
  to   space 194176K,   0% used [0x00007ef217350000, 0x00007ef217350000, 0x00007ef2230f0000)
 tenured generation   total 3884056K, used 3881882K [0x00007ef70db50000, 0x00007ef7fac56000, 0x00007f01b8600000)
   the space 3884056K,  99% used [0x00007ef70db50000, 0x00007ef7faa36aa8, 0x00007ef7faa36c00, 0x00007ef7fac56000)
 Metaspace       used 24797K, capacity 25227K, committed 25344K, reserved 26624K
}
Event: 12659.705 GC heap after
{Heap after GC invocations=24007 (full 3):
 def new generation   total 1747904K, used 4478K [0x00007ef1b8600000, 0x00007ef22ee90000, 0x00007ef70db50000)
  eden space 1553728K,   0% used [0x00007ef1b8600000, 0x00007ef1b8600000, 0x00007ef217350000)
  from space 194176K,   2% used [0x00007ef217350000, 0x00007ef2177af9c0, 0x00007ef2230f0000)
  to   space 194176K,   0% used [0x00007ef2230f0000, 0x00007ef2230f0000, 0x00007ef22ee90000)
 tenured generation   total 3884056K, used 3882192K [0x00007ef70db50000, 0x00007ef7fac56000, 0x00007f01b8600000)
   the space 3884056K,  99% used [0x00007ef70db50000, 0x00007ef7faa843a8, 0x00007ef7faa84400, 0x00007ef7fac56000)
 Metaspace       used 24797K, capacity 25227K, committed 25344K, reserved 26624K
}
Event: 12660.644 GC heap before
{Heap before GC invocations=24007 (full 3):
 def new generation   total 1747904K, used 1558206K [0x00007ef1b8600000, 0x00007ef22ee90000, 0x00007ef70db50000)
  eden space 1553728K, 100% used [0x00007ef1b8600000, 0x00007ef217350000, 0x00007ef217350000)
  from space 194176K,   2% used [0x00007ef217350000, 0x00007ef2177af9c0, 0x00007ef2230f0000)
  to   space 194176K,   0% used [0x00007ef2230f0000, 0x00007ef2230f0000, 0x00007ef22ee90000)
 tenured generation   total 3884056K, used 3882192K [0x00007ef70db50000, 0x00007ef7fac56000, 0x00007f01b8600000)
   the space 3884056K,  99% used [0x00007ef70db50000, 0x00007ef7faa843a8, 0x00007ef7faa84400, 0x00007ef7fac56000)
 Metaspace       used 24797K, capacity 25227K, committed 25344K, reserved 26624K
}
Event: 12660.652 GC heap after
{Heap after GC invocations=24008 (full 3):
 def new generation   total 1747904K, used 4487K [0x00007ef1b8600000, 0x00007ef22ee90000, 0x00007ef70db50000)
  eden space 1553728K,   0% used [0x00007ef1b8600000, 0x00007ef1b8600000, 0x00007ef217350000)
  from space 194176K,   2% used [0x00007ef2230f0000, 0x00007ef223551ea0, 0x00007ef22ee90000)
  to   space 194176K,   0% used [0x00007ef217350000, 0x00007ef217350000, 0x00007ef2230f0000)
 tenured generation   total 3884056K, used 3882503K [0x00007ef70db50000, 0x00007ef7fac56000, 0x00007f01b8600000)
   the space 3884056K,  99% used [0x00007ef70db50000, 0x00007ef7faad1ca8, 0x00007ef7faad1e00, 0x00007ef7fac56000)
 Metaspace       used 24797K, capacity 25227K, committed 25344K, reserved 26624K
}
Event: 12661.578 GC heap before
{Heap before GC invocations=24008 (full 3):
 def new generation   total 1747904K, used 1558215K [0x00007ef1b8600000, 0x00007ef22ee90000, 0x00007ef70db50000)
  eden space 1553728K, 100% used [0x00007ef1b8600000, 0x00007ef217350000, 0x00007ef217350000)
  from space 194176K,   2% used [0x00007ef2230f0000, 0x00007ef223551ea0, 0x00007ef22ee90000)
  to   space 194176K,   0% used [0x00007ef217350000, 0x00007ef217350000, 0x00007ef2230f0000)
 tenured generation   total 3884056K, used 3882503K [0x00007ef70db50000, 0x00007ef7fac56000, 0x00007f01b8600000)
   the space 3884056K,  99% used [0x00007ef70db50000, 0x00007ef7faad1ca8, 0x00007ef7faad1e00, 0x00007ef7fac56000)
 Metaspace       used 24797K, capacity 25227K, committed 25344K, reserved 26624K
}
Event: 12661.584 GC heap after
{Heap after GC invocations=24009 (full 3):
 def new generation   total 1747904K, used 4483K [0x00007ef1b8600000, 0x00007ef22ee90000, 0x00007ef70db50000)
  eden space 1553728K,   0% used [0x00007ef1b8600000, 0x00007ef1b8600000, 0x00007ef217350000)
  from space 194176K,   2% used [0x00007ef217350000, 0x00007ef2177b0de8, 0x00007ef2230f0000)
  to   space 194176K,   0% used [0x00007ef2230f0000, 0x00007ef2230f0000, 0x00007ef22ee90000)
 tenured generation   total 3884056K, used 3882774K [0x00007ef70db50000, 0x00007ef7fac56000, 0x00007f01b8600000)
   the space 3884056K,  99% used [0x00007ef70db50000, 0x00007ef7fab15a88, 0x00007ef7fab15c00, 0x00007ef7fac56000)
 Metaspace       used 24797K, capacity 25227K, committed 25344K, reserved 26624K
}
Event: 12662.525 GC heap before
{Heap before GC invocations=24009 (full 3):
 def new generation   total 1747904K, used 1558211K [0x00007ef1b8600000, 0x00007ef22ee90000, 0x00007ef70db50000)
  eden space 1553728K, 100% used [0x00007ef1b8600000, 0x00007ef217350000, 0x00007ef217350000)
  from space 194176K,   2% used [0x00007ef217350000, 0x00007ef2177b0de8, 0x00007ef2230f0000)
  to   space 194176K,   0% used [0x00007ef2230f0000, 0x00007ef2230f0000, 0x00007ef22ee90000)
 tenured generation   total 3884056K, used 3882774K [0x00007ef70db50000, 0x00007ef7fac56000, 0x00007f01b8600000)
   the space 3884056K,  99% used [0x00007ef70db50000, 0x00007ef7fab15a88, 0x00007ef7fab15c00, 0x00007ef7fac56000)
 Metaspace       used 24797K, capacity 25227K, committed 25344K, reserved 26624K
}
Event: 12662.532 GC heap after
{Heap after GC invocations=24010 (full 3):
 def new generation   total 1747904K, used 4465K [0x00007ef1b8600000, 0x00007ef22ee90000, 0x00007ef70db50000)
  eden space 1553728K,   0% used [0x00007ef1b8600000, 0x00007ef1b8600000, 0x00007ef217350000)
  from space 194176K,   2% used [0x00007ef2230f0000, 0x00007ef22354c560, 0x00007ef22ee90000)
  to   space 194176K,   0% used [0x00007ef217350000, 0x00007ef217350000, 0x00007ef2230f0000)
 tenured generation   total 3884056K, used 3883084K [0x00007ef70db50000, 0x00007ef7fac56000, 0x00007f01b8600000)
   the space 3884056K,  99% used [0x00007ef70db50000, 0x00007ef7fab63388, 0x00007ef7fab63400, 0x00007ef7fac56000)
 Metaspace       used 24797K, capacity 25227K, committed 25344K, reserved 26624K
}
Event: 12663.475 GC heap before
{Heap before GC invocations=24010 (full 3):
 def new generation   total 1747904K, used 1558193K [0x00007ef1b8600000, 0x00007ef22ee90000, 0x00007ef70db50000)
  eden space 1553728K, 100% used [0x00007ef1b8600000, 0x00007ef217350000, 0x00007ef217350000)
  from space 194176K,   2% used [0x00007ef2230f0000, 0x00007ef22354c560, 0x00007ef22ee90000)
  to   space 194176K,   0% used [0x00007ef217350000, 0x00007ef217350000, 0x00007ef2230f0000)
 tenured generation   total 3884056K, used 3883084K [0x00007ef70db50000, 0x00007ef7fac56000, 0x00007f01b8600000)
   the space 3884056K,  99% used [0x00007ef70db50000, 0x00007ef7fab63388, 0x00007ef7fab63400, 0x00007ef7fac56000)
 Metaspace       used 24797K, capacity 25227K, committed 25344K, reserved 26624K
}
Event: 12663.482 GC heap after
{Heap after GC invocations=24011 (full 3):
 def new generation   total 1747904K, used 4496K [0x00007ef1b8600000, 0x00007ef22ee90000, 0x00007ef70db50000)
  eden space 1553728K,   0% used [0x00007ef1b8600000, 0x00007ef1b8600000, 0x00007ef217350000)
  from space 194176K,   2% used [0x00007ef217350000, 0x00007ef2177b4348, 0x00007ef2230f0000)
  to   space 194176K,   0% used [0x00007ef2230f0000, 0x00007ef2230f0000, 0x00007ef22ee90000)
 tenured generation   total 3884056K, used 3883356K [0x00007ef70db50000, 0x00007ef7fac56000, 0x00007f01b8600000)
   the space 3884056K,  99% used [0x00007ef70db50000, 0x00007ef7faba7168, 0x00007ef7faba7200, 0x00007ef7fac56000)
 Metaspace       used 24797K, capacity 25227K, committed 25344K, reserved 26624K
}
Event: 12664.427 GC heap before
{Heap before GC invocations=24011 (full 3):
 def new generation   total 1747904K, used 1558224K [0x00007ef1b8600000, 0x00007ef22ee90000, 0x00007ef70db50000)
  eden space 1553728K, 100% used [0x00007ef1b8600000, 0x00007ef217350000, 0x00007ef217350000)
  from space 194176K,   2% used [0x00007ef217350000, 0x00007ef2177b4348, 0x00007ef2230f0000)
  to   space 194176K,   0% used [0x00007ef2230f0000, 0x00007ef2230f0000, 0x00007ef22ee90000)
 tenured generation   total 3884056K, used 3883356K [0x00007ef70db50000, 0x00007ef7fac56000, 0x00007f01b8600000)
   the space 3884056K,  99% used [0x00007ef70db50000, 0x00007ef7faba7168, 0x00007ef7faba7200, 0x00007ef7fac56000)
 Metaspace       used 24797K, capacity 25227K, committed 25344K, reserved 26624K
}
Event: 12664.434 GC heap after
{Heap after GC invocations=24012 (full 3):
 def new generation   total 1747904K, used 4491K [0x00007ef1b8600000, 0x00007ef22ee90000, 0x00007ef70db50000)
  eden space 1553728K,   0% used [0x00007ef1b8600000, 0x00007ef1b8600000, 0x00007ef217350000)
  from space 194176K,   2% used [0x00007ef2230f0000, 0x00007ef223552c98, 0x00007ef22ee90000)
  to   space 194176K,   0% used [0x00007ef217350000, 0x00007ef217350000, 0x00007ef2230f0000)
 tenured generation   total 3884056K, used 3883666K [0x00007ef70db50000, 0x00007ef7fac56000, 0x00007f01b8600000)
   the space 3884056K,  99% used [0x00007ef70db50000, 0x00007ef7fabf4a68, 0x00007ef7fabf4c00, 0x00007ef7fac56000)
 Metaspace       used 24797K, capacity 25227K, committed 25344K, reserved 26624K
}
Event: 12665.371 GC heap before
{Heap before GC invocations=24012 (full 3):
 def new generation   total 1747904K, used 1558219K [0x00007ef1b8600000, 0x00007ef22ee90000, 0x00007ef70db50000)
  eden space 1553728K, 100% used [0x00007ef1b8600000, 0x00007ef217350000, 0x00007ef217350000)
  from space 194176K,   2% used [0x00007ef2230f0000, 0x00007ef223552c98, 0x00007ef22ee90000)
  to   space 194176K,   0% used [0x00007ef217350000, 0x00007ef217350000, 0x00007ef2230f0000)
 tenured generation   total 3884056K, used 3883666K [0x00007ef70db50000, 0x00007ef7fac56000, 0x00007f01b8600000)
   the space 3884056K,  99% used [0x00007ef70db50000, 0x00007ef7fabf4a68, 0x00007ef7fabf4c00, 0x00007ef7fac56000)
 Metaspace       used 24797K, capacity 25227K, committed 25344K, reserved 26624K
}
Event: 12665.378 GC heap after
{Heap after GC invocations=24013 (full 3):
 def new generation   total 1747904K, used 4507K [0x00007ef1b8600000, 0x00007ef22ee90000, 0x00007ef70db50000)
  eden space 1553728K,   0% used [0x00007ef1b8600000, 0x00007ef1b8600000, 0x00007ef217350000)
  from space 194176K,   2% used [0x00007ef217350000, 0x00007ef2177b6cd8, 0x00007ef2230f0000)
  to   space 194176K,   0% used [0x00007ef2230f0000, 0x00007ef2230f0000, 0x00007ef22ee90000)
 tenured generation   total 3884056K, used 3883942K [0x00007ef70db50000, 0x00007ef7fac56000, 0x00007f01b8600000)
   the space 3884056K,  99% used [0x00007ef70db50000, 0x00007ef7fac39988, 0x00007ef7fac39a00, 0x00007ef7fac56000)
 Metaspace       used 24797K, capacity 25227K, committed 25344K, reserved 26624K
}
Event: 12666.318 GC heap before
{Heap before GC invocations=24013 (full 3):
 def new generation   total 1747904K, used 1558235K [0x00007ef1b8600000, 0x00007ef22ee90000, 0x00007ef70db50000)
  eden space 1553728K, 100% used [0x00007ef1b8600000, 0x00007ef217350000, 0x00007ef217350000)
  from space 194176K,   2% used [0x00007ef217350000, 0x00007ef2177b6cd8, 0x00007ef2230f0000)
  to   space 194176K,   0% used [0x00007ef2230f0000, 0x00007ef2230f0000, 0x00007ef22ee90000)
 tenured generation   total 3884056K, used 3883942K [0x00007ef70db50000, 0x00007ef7fac56000, 0x00007f01b8600000)
   the space 3884056K,  99% used [0x00007ef70db50000, 0x00007ef7fac39988, 0x00007ef7fac39a00, 0x00007ef7fac56000)
 Metaspace       used 24797K, capacity 25227K, committed 25344K, reserved 26624K
}
Event: 12666.325 GC heap after
{Heap after GC invocations=24014 (full 3):
 def new generation   total 1747904K, used 4494K [0x00007ef1b8600000, 0x00007ef22ee90000, 0x00007ef70db50000)
  eden space 1553728K,   0% used [0x00007ef1b8600000, 0x00007ef1b8600000, 0x00007ef217350000)
  from space 194176K,   2% used [0x00007ef2230f0000, 0x00007ef223553ac0, 0x00007ef22ee90000)
  to   space 194176K,   0% used [0x00007ef217350000, 0x00007ef217350000, 0x00007ef2230f0000)
 tenured generation   total 3884440K, used 3884252K [0x00007ef70db50000, 0x00007ef7facb6000, 0x00007f01b8600000)
   the space 3884440K,  99% used [0x00007ef70db50000, 0x00007ef7fac87288, 0x00007ef7fac87400, 0x00007ef7facb6000)
 Metaspace       used 24797K, capacity 25227K, committed 25344K, reserved 26624K
}
Event: 12666.325 GC heap before
{Heap before GC invocations=24014 (full 3):
 def new generation   total 1747904K, used 4494K [0x00007ef1b8600000, 0x00007ef22ee90000, 0x00007ef70db50000)
  eden space 1553728K,   0% used [0x00007ef1b8600000, 0x00007ef1b8600000, 0x00007ef217350000)
  from space 194176K,   2% used [0x00007ef2230f0000, 0x00007ef223553ac0, 0x00007ef22ee90000)
  to   space 194176K,   0% used [0x00007ef217350000, 0x00007ef217350000, 0x00007ef2230f0000)
 tenured generation   total 3884440K, used 3884252K [0x00007ef70db50000, 0x00007ef7facb6000, 0x00007f01b8600000)
   the space 3884440K,  99% used [0x00007ef70db50000, 0x00007ef7fac87288, 0x00007ef7fac87400, 0x00007ef7facb6000)
 Metaspace       used 24797K, capacity 25227K, committed 25344K, reserved 26624K
}

