# JRE version: OpenJDK Runtime Environment (13.0.7+5) (build 13.0.7+5-Ubuntu-0ubuntu120.04)
# Java VM: OpenJDK 64-Bit Server VM (13.0.7+5-Ubuntu-0ubuntu120.04, mixed mode, tiered, serial gc, linux-amd64)
Heap:
 def new generation   total 4758272K, used 7160K [0x00007f0080400000, 0x00007f01c2f00000, 0x00007f05d5950000)
  eden space 4229632K,   0% used [0x00007f0080400000, 0x00007f0080afe1a0, 0x00007f0182680000)
  from space 528640K,   0% used [0x00007f01a2ac0000, 0x00007f01a2ac0000, 0x00007f01c2f00000)
  to   space 528640K,   0% used [0x00007f0182680000, 0x00007f0182680000, 0x00007f01a2ac0000)
 tenured generation   total 10573928K, used 10573927K [0x00007f05d5950000, 0x00007f085af6a000, 0x00007f1080400000)
   the space 10573928K,  99% used [0x00007f05d5950000, 0x00007f085af69ff8, 0x00007f085af6a000, 0x00007f085af6a000)
 Metaspace       used 24917K, capacity 25344K, committed 25600K, reserved 26624K
GC Heap History (20 events):
Event: 96775.359 GC heap after
{Heap after GC invocations=95665 (full 5):
 def new generation   total 4758272K, used 7170K [0x00007f0080400000, 0x00007f01c2f00000, 0x00007f05d5950000)
  eden space 4229632K,   0% used [0x00007f0080400000, 0x00007f0080400000, 0x00007f0182680000)
  from space 528640K,   1% used [0x00007f0182680000, 0x00007f0182d80988, 0x00007f01a2ac0000)
  to   space 528640K,   0% used [0x00007f01a2ac0000, 0x00007f01a2ac0000, 0x00007f01c2f00000)
 tenured generation   total 10573736K, used 10569599K [0x00007f05d5950000, 0x00007f085af3a000, 0x00007f1080400000)
   the space 10573736K,  99% used [0x00007f05d5950000, 0x00007f085ab2fe48, 0x00007f085ab30000, 0x00007f085af3a000)
 Metaspace       used 24917K, capacity 25344K, committed 25600K, reserved 26624K
}
Event: 96778.086 GC heap before
{Heap before GC invocations=95665 (full 5):
 def new generation   total 4758272K, used 4236802K [0x00007f0080400000, 0x00007f01c2f00000, 0x00007f05d5950000)
  eden space 4229632K, 100% used [0x00007f0080400000, 0x00007f0182680000, 0x00007f0182680000)
  from space 528640K,   1% used [0x00007f0182680000, 0x00007f0182d80988, 0x00007f01a2ac0000)
  to   space 528640K,   0% used [0x00007f01a2ac0000, 0x00007f01a2ac0000, 0x00007f01c2f00000)
 tenured generation   total 10573736K, used 10569599K [0x00007f05d5950000, 0x00007f085af3a000, 0x00007f1080400000)
   the space 10573736K,  99% used [0x00007f05d5950000, 0x00007f085ab2fe48, 0x00007f085ab30000, 0x00007f085af3a000)
 Metaspace       used 24917K, capacity 25344K, committed 25600K, reserved 26624K
}
Event: 96778.102 GC heap after
{Heap after GC invocations=95666 (full 5):
 def new generation   total 4758272K, used 7191K [0x00007f0080400000, 0x00007f01c2f00000, 0x00007f05d5950000)
  eden space 4229632K,   0% used [0x00007f0080400000, 0x00007f0080400000, 0x00007f0182680000)
  from space 528640K,   1% used [0x00007f01a2ac0000, 0x00007f01a31c5c50, 0x00007f01c2f00000)
  to   space 528640K,   0% used [0x00007f0182680000, 0x00007f0182680000, 0x00007f01a2ac0000)
 tenured generation   total 10573736K, used 10570067K [0x00007f05d5950000, 0x00007f085af3a000, 0x00007f1080400000)
   the space 10573736K,  99% used [0x00007f05d5950000, 0x00007f085aba4fe0, 0x00007f085aba5000, 0x00007f085af3a000)
 Metaspace       used 24917K, capacity 25344K, committed 25600K, reserved 26624K
}
Event: 96780.826 GC heap before
{Heap before GC invocations=95666 (full 5):
 def new generation   total 4758272K, used 4236823K [0x00007f0080400000, 0x00007f01c2f00000, 0x00007f05d5950000)
  eden space 4229632K, 100% used [0x00007f0080400000, 0x00007f0182680000, 0x00007f0182680000)
  from space 528640K,   1% used [0x00007f01a2ac0000, 0x00007f01a31c5c50, 0x00007f01c2f00000)
  to   space 528640K,   0% used [0x00007f0182680000, 0x00007f0182680000, 0x00007f01a2ac0000)
 tenured generation   total 10573736K, used 10570067K [0x00007f05d5950000, 0x00007f085af3a000, 0x00007f1080400000)
   the space 10573736K,  99% used [0x00007f05d5950000, 0x00007f085aba4fe0, 0x00007f085aba5000, 0x00007f085af3a000)
 Metaspace       used 24917K, capacity 25344K, committed 25600K, reserved 26624K
}
Event: 96780.839 GC heap after
{Heap after GC invocations=95667 (full 5):
 def new generation   total 4758272K, used 7197K [0x00007f0080400000, 0x00007f01c2f00000, 0x00007f05d5950000)
  eden space 4229632K,   0% used [0x00007f0080400000, 0x00007f0080400000, 0x00007f0182680000)
  from space 528640K,   1% used [0x00007f0182680000, 0x00007f0182d877f8, 0x00007f01a2ac0000)
  to   space 528640K,   0% used [0x00007f01a2ac0000, 0x00007f01a2ac0000, 0x00007f01c2f00000)
 tenured generation   total 10573736K, used 10570536K [0x00007f05d5950000, 0x00007f085af3a000, 0x00007f1080400000)
   the space 10573736K,  99% used [0x00007f05d5950000, 0x00007f085ac1a178, 0x00007f085ac1a200, 0x00007f085af3a000)
 Metaspace       used 24917K, capacity 25344K, committed 25600K, reserved 26624K
}
Event: 96783.617 GC heap before
{Heap before GC invocations=95667 (full 5):
 def new generation   total 4758272K, used 4236829K [0x00007f0080400000, 0x00007f01c2f00000, 0x00007f05d5950000)
  eden space 4229632K, 100% used [0x00007f0080400000, 0x00007f0182680000, 0x00007f0182680000)
  from space 528640K,   1% used [0x00007f0182680000, 0x00007f0182d877f8, 0x00007f01a2ac0000)
  to   space 528640K,   0% used [0x00007f01a2ac0000, 0x00007f01a2ac0000, 0x00007f01c2f00000)
 tenured generation   total 10573736K, used 10570536K [0x00007f05d5950000, 0x00007f085af3a000, 0x00007f1080400000)
   the space 10573736K,  99% used [0x00007f05d5950000, 0x00007f085ac1a178, 0x00007f085ac1a200, 0x00007f085af3a000)
 Metaspace       used 24917K, capacity 25344K, committed 25600K, reserved 26624K
}
Event: 96783.631 GC heap after
{Heap after GC invocations=95668 (full 5):
 def new generation   total 4758272K, used 7235K [0x00007f0080400000, 0x00007f01c2f00000, 0x00007f05d5950000)
  eden space 4229632K,   0% used [0x00007f0080400000, 0x00007f0080400000, 0x00007f0182680000)
  from space 528640K,   1% used [0x00007f01a2ac0000, 0x00007f01a31d0cc0, 0x00007f01c2f00000)
  to   space 528640K,   0% used [0x00007f0182680000, 0x00007f0182680000, 0x00007f01a2ac0000)
 tenured generation   total 10573736K, used 10571004K [0x00007f05d5950000, 0x00007f085af3a000, 0x00007f1080400000)
   the space 10573736K,  99% used [0x00007f05d5950000, 0x00007f085ac8f310, 0x00007f085ac8f400, 0x00007f085af3a000)
 Metaspace       used 24917K, capacity 25344K, committed 25600K, reserved 26624K
}
Event: 96786.382 GC heap before
{Heap before GC invocations=95668 (full 5):
 def new generation   total 4758272K, used 4236867K [0x00007f0080400000, 0x00007f01c2f00000, 0x00007f05d5950000)
  eden space 4229632K, 100% used [0x00007f0080400000, 0x00007f0182680000, 0x00007f0182680000)
  from space 528640K,   1% used [0x00007f01a2ac0000, 0x00007f01a31d0cc0, 0x00007f01c2f00000)
  to   space 528640K,   0% used [0x00007f0182680000, 0x00007f0182680000, 0x00007f01a2ac0000)
 tenured generation   total 10573736K, used 10571004K [0x00007f05d5950000, 0x00007f085af3a000, 0x00007f1080400000)
   the space 10573736K,  99% used [0x00007f05d5950000, 0x00007f085ac8f310, 0x00007f085ac8f400, 0x00007f085af3a000)
 Metaspace       used 24917K, capacity 25344K, committed 25600K, reserved 26624K
}
Event: 96786.395 GC heap after
{Heap after GC invocations=95669 (full 5):
 def new generation   total 4758272K, used 7216K [0x00007f0080400000, 0x00007f01c2f00000, 0x00007f05d5950000)
  eden space 4229632K,   0% used [0x00007f0080400000, 0x00007f0080400000, 0x00007f0182680000)
  from space 528640K,   1% used [0x00007f0182680000, 0x00007f0182d8c020, 0x00007f01a2ac0000)
  to   space 528640K,   0% used [0x00007f01a2ac0000, 0x00007f01a2ac0000, 0x00007f01c2f00000)
 tenured generation   total 10573736K, used 10571504K [0x00007f05d5950000, 0x00007f085af3a000, 0x00007f1080400000)
   the space 10573736K,  99% used [0x00007f05d5950000, 0x00007f085ad0c190, 0x00007f085ad0c200, 0x00007f085af3a000)
 Metaspace       used 24917K, capacity 25344K, committed 25600K, reserved 26624K
}
Event: 96789.144 GC heap before
{Heap before GC invocations=95669 (full 5):
 def new generation   total 4758272K, used 4236848K [0x00007f0080400000, 0x00007f01c2f00000, 0x00007f05d5950000)
  eden space 4229632K, 100% used [0x00007f0080400000, 0x00007f0182680000, 0x00007f0182680000)
  from space 528640K,   1% used [0x00007f0182680000, 0x00007f0182d8c020, 0x00007f01a2ac0000)
  to   space 528640K,   0% used [0x00007f01a2ac0000, 0x00007f01a2ac0000, 0x00007f01c2f00000)
 tenured generation   total 10573736K, used 10571504K [0x00007f05d5950000, 0x00007f085af3a000, 0x00007f1080400000)
   the space 10573736K,  99% used [0x00007f05d5950000, 0x00007f085ad0c190, 0x00007f085ad0c200, 0x00007f085af3a000)
 Metaspace       used 24917K, capacity 25344K, committed 25600K, reserved 26624K
}
Event: 96789.162 GC heap after
{Heap after GC invocations=95670 (full 5):
 def new generation   total 4758272K, used 7256K [0x00007f0080400000, 0x00007f01c2f00000, 0x00007f05d5950000)
  eden space 4229632K,   0% used [0x00007f0080400000, 0x00007f0080400000, 0x00007f0182680000)
  from space 528640K,   1% used [0x00007f01a2ac0000, 0x00007f01a31d63b8, 0x00007f01c2f00000)
  to   space 528640K,   0% used [0x00007f0182680000, 0x00007f0182680000, 0x00007f01a2ac0000)
 tenured generation   total 10573736K, used 10571972K [0x00007f05d5950000, 0x00007f085af3a000, 0x00007f1080400000)
   the space 10573736K,  99% used [0x00007f05d5950000, 0x00007f085ad81328, 0x00007f085ad81400, 0x00007f085af3a000)
 Metaspace       used 24917K, capacity 25344K, committed 25600K, reserved 26624K
}
Event: 96791.906 GC heap before
{Heap before GC invocations=95670 (full 5):
 def new generation   total 4758272K, used 4236888K [0x00007f0080400000, 0x00007f01c2f00000, 0x00007f05d5950000)
  eden space 4229632K, 100% used [0x00007f0080400000, 0x00007f0182680000, 0x00007f0182680000)
  from space 528640K,   1% used [0x00007f01a2ac0000, 0x00007f01a31d63b8, 0x00007f01c2f00000)
  to   space 528640K,   0% used [0x00007f0182680000, 0x00007f0182680000, 0x00007f01a2ac0000)
 tenured generation   total 10573736K, used 10571972K [0x00007f05d5950000, 0x00007f085af3a000, 0x00007f1080400000)
   the space 10573736K,  99% used [0x00007f05d5950000, 0x00007f085ad81328, 0x00007f085ad81400, 0x00007f085af3a000)
 Metaspace       used 24917K, capacity 25344K, committed 25600K, reserved 26624K
}
Event: 96791.920 GC heap after
{Heap after GC invocations=95671 (full 5):
 def new generation   total 4758272K, used 7293K [0x00007f0080400000, 0x00007f01c2f00000, 0x00007f05d5950000)
  eden space 4229632K,   0% used [0x00007f0080400000, 0x00007f0080400000, 0x00007f0182680000)
  from space 528640K,   1% used [0x00007f0182680000, 0x00007f0182d9f7f8, 0x00007f01a2ac0000)
  to   space 528640K,   0% used [0x00007f01a2ac0000, 0x00007f01a2ac0000, 0x00007f01c2f00000)
 tenured generation   total 10573736K, used 10572441K [0x00007f05d5950000, 0x00007f085af3a000, 0x00007f1080400000)
   the space 10573736K,  99% used [0x00007f05d5950000, 0x00007f085adf64c0, 0x00007f085adf6600, 0x00007f085af3a000)
 Metaspace       used 24917K, capacity 25344K, committed 25600K, reserved 26624K
}
Event: 96794.644 GC heap before
{Heap before GC invocations=95671 (full 5):
 def new generation   total 4758272K, used 4236925K [0x00007f0080400000, 0x00007f01c2f00000, 0x00007f05d5950000)
  eden space 4229632K, 100% used [0x00007f0080400000, 0x00007f0182680000, 0x00007f0182680000)
  from space 528640K,   1% used [0x00007f0182680000, 0x00007f0182d9f7f8, 0x00007f01a2ac0000)
  to   space 528640K,   0% used [0x00007f01a2ac0000, 0x00007f01a2ac0000, 0x00007f01c2f00000)
 tenured generation   total 10573736K, used 10572441K [0x00007f05d5950000, 0x00007f085af3a000, 0x00007f1080400000)
   the space 10573736K,  99% used [0x00007f05d5950000, 0x00007f085adf64c0, 0x00007f085adf6600, 0x00007f085af3a000)
 Metaspace       used 24917K, capacity 25344K, committed 25600K, reserved 26624K
}
Event: 96794.659 GC heap after
{Heap after GC invocations=95672 (full 5):
 def new generation   total 4758272K, used 7291K [0x00007f0080400000, 0x00007f01c2f00000, 0x00007f05d5950000)
  eden space 4229632K,   0% used [0x00007f0080400000, 0x00007f0080400000, 0x00007f0182680000)
  from space 528640K,   1% used [0x00007f01a2ac0000, 0x00007f01a31decd8, 0x00007f01c2f00000)
  to   space 528640K,   0% used [0x00007f0182680000, 0x00007f0182680000, 0x00007f01a2ac0000)
 tenured generation   total 10573736K, used 10572909K [0x00007f05d5950000, 0x00007f085af3a000, 0x00007f1080400000)
   the space 10573736K,  99% used [0x00007f05d5950000, 0x00007f085ae6b658, 0x00007f085ae6b800, 0x00007f085af3a000)
 Metaspace       used 24917K, capacity 25344K, committed 25600K, reserved 26624K
}
Event: 96797.538 GC heap before
{Heap before GC invocations=95672 (full 5):
 def new generation   total 4758272K, used 4236923K [0x00007f0080400000, 0x00007f01c2f00000, 0x00007f05d5950000)
  eden space 4229632K, 100% used [0x00007f0080400000, 0x00007f0182680000, 0x00007f0182680000)
  from space 528640K,   1% used [0x00007f01a2ac0000, 0x00007f01a31decd8, 0x00007f01c2f00000)
  to   space 528640K,   0% used [0x00007f0182680000, 0x00007f0182680000, 0x00007f01a2ac0000)
 tenured generation   total 10573736K, used 10572909K [0x00007f05d5950000, 0x00007f085af3a000, 0x00007f1080400000)
   the space 10573736K,  99% used [0x00007f05d5950000, 0x00007f085ae6b658, 0x00007f085ae6b800, 0x00007f085af3a000)
 Metaspace       used 24917K, capacity 25344K, committed 25600K, reserved 26624K
}
Event: 96797.552 GC heap after
{Heap after GC invocations=95673 (full 5):
 def new generation   total 4758272K, used 7399K [0x00007f0080400000, 0x00007f01c2f00000, 0x00007f05d5950000)
  eden space 4229632K,   0% used [0x00007f0080400000, 0x00007f0080400000, 0x00007f0182680000)
  from space 528640K,   1% used [0x00007f0182680000, 0x00007f0182db9c88, 0x00007f01a2ac0000)
  to   space 528640K,   0% used [0x00007f01a2ac0000, 0x00007f01a2ac0000, 0x00007f01c2f00000)
 tenured generation   total 10573736K, used 10573377K [0x00007f05d5950000, 0x00007f085af3a000, 0x00007f1080400000)
   the space 10573736K,  99% used [0x00007f05d5950000, 0x00007f085aee07f0, 0x00007f085aee0800, 0x00007f085af3a000)
 Metaspace       used 24917K, capacity 25344K, committed 25600K, reserved 26624K
}
Event: 96800.466 GC heap before
{Heap before GC invocations=95673 (full 5):
 def new generation   total 4758272K, used 4237031K [0x00007f0080400000, 0x00007f01c2f00000, 0x00007f05d5950000)
  eden space 4229632K, 100% used [0x00007f0080400000, 0x00007f0182680000, 0x00007f0182680000)
  from space 528640K,   1% used [0x00007f0182680000, 0x00007f0182db9c88, 0x00007f01a2ac0000)
  to   space 528640K,   0% used [0x00007f01a2ac0000, 0x00007f01a2ac0000, 0x00007f01c2f00000)
 tenured generation   total 10573736K, used 10573377K [0x00007f05d5950000, 0x00007f085af3a000, 0x00007f1080400000)
   the space 10573736K,  99% used [0x00007f05d5950000, 0x00007f085aee07f0, 0x00007f085aee0800, 0x00007f085af3a000)
 Metaspace       used 24917K, capacity 25344K, committed 25600K, reserved 26624K
}
Event: 96800.482 GC heap after
{Heap after GC invocations=95674 (full 5):
 def new generation   total 4758272K, used 7443K [0x00007f0080400000, 0x00007f01c2f00000, 0x00007f05d5950000)
  eden space 4229632K,   0% used [0x00007f0080400000, 0x00007f0080400000, 0x00007f0182680000)
  from space 528640K,   1% used [0x00007f01a2ac0000, 0x00007f01a3204cf8, 0x00007f01c2f00000)
  to   space 528640K,   0% used [0x00007f0182680000, 0x00007f0182680000, 0x00007f01a2ac0000)
 tenured generation   total 10573928K, used 10573846K [0x00007f05d5950000, 0x00007f085af6a000, 0x00007f1080400000)
   the space 10573928K,  99% used [0x00007f05d5950000, 0x00007f085af55988, 0x00007f085af55a00, 0x00007f085af6a000)
 Metaspace       used 24917K, capacity 25344K, committed 25600K, reserved 26624K
}
Event: 96800.482 GC heap before
{Heap before GC invocations=95674 (full 5):
 def new generation   total 4758272K, used 7443K [0x00007f0080400000, 0x00007f01c2f00000, 0x00007f05d5950000)
  eden space 4229632K,   0% used [0x00007f0080400000, 0x00007f0080400000, 0x00007f0182680000)
  from space 528640K,   1% used [0x00007f01a2ac0000, 0x00007f01a3204cf8, 0x00007f01c2f00000)
  to   space 528640K,   0% used [0x00007f0182680000, 0x00007f0182680000, 0x00007f01a2ac0000)
 tenured generation   total 10573928K, used 10573846K [0x00007f05d5950000, 0x00007f085af6a000, 0x00007f1080400000)
   the space 10573928K,  99% used [0x00007f05d5950000, 0x00007f085af55988, 0x00007f085af55a00, 0x00007f085af6a000)
 Metaspace       used 24917K, capacity 25344K, committed 25600K, reserved 26624K
}

