# JRE version: OpenJDK Runtime Environment (13.0.7+5) (build 13.0.7+5-Ubuntu-0ubuntu120.04)
# Java VM: OpenJDK 64-Bit Server VM (13.0.7+5-Ubuntu-0ubuntu120.04, mixed mode, tiered, serial gc, linux-amd64)
Heap:
 def new generation   total 2857408K, used 3329K [0x00007f50d8400000, 0x00007f519a070000, 0x00007f562d950000)
  eden space 2539968K,   0% used [0x00007f50d8400000, 0x00007f50d87407a0, 0x00007f5173470000)
  from space 317440K,   0% used [0x00007f5186a70000, 0x00007f5186a70000, 0x00007f519a070000)
  to   space 317440K,   0% used [0x00007f5173470000, 0x00007f5173470000, 0x00007f5186a70000)
 tenured generation   total 6349832K, used 6349831K [0x00007f562d950000, 0x00007f57b1252000, 0x00007f60d8400000)
   the space 6349832K,  99% used [0x00007f562d950000, 0x00007f57b1251fe8, 0x00007f57b1252000, 0x00007f57b1252000)
 Metaspace       used 25074K, capacity 25484K, committed 25600K, reserved 26624K
GC Heap History (20 events):
Event: 77513.387 GC heap after
{Heap after GC invocations=105567 (full 4):
 def new generation   total 2857408K, used 3505K [0x00007f50d8400000, 0x00007f519a070000, 0x00007f562d950000)
  eden space 2539968K,   0% used [0x00007f50d8400000, 0x00007f50d8400000, 0x00007f5173470000)
  from space 317440K,   1% used [0x00007f5173470000, 0x00007f51737dc6b0, 0x00007f5186a70000)
  to   space 317440K,   0% used [0x00007f5186a70000, 0x00007f5186a70000, 0x00007f519a070000)
 tenured generation   total 6349640K, used 6347602K [0x00007f562d950000, 0x00007f57b1222000, 0x00007f60d8400000)
   the space 6349640K,  99% used [0x00007f562d950000, 0x00007f57b1024840, 0x00007f57b1024a00, 0x00007f57b1222000)
 Metaspace       used 25074K, capacity 25484K, committed 25600K, reserved 26624K
}
Event: 77515.088 GC heap before
{Heap before GC invocations=105567 (full 4):
 def new generation   total 2857408K, used 2543473K [0x00007f50d8400000, 0x00007f519a070000, 0x00007f562d950000)
  eden space 2539968K, 100% used [0x00007f50d8400000, 0x00007f5173470000, 0x00007f5173470000)
  from space 317440K,   1% used [0x00007f5173470000, 0x00007f51737dc6b0, 0x00007f5186a70000)
  to   space 317440K,   0% used [0x00007f5186a70000, 0x00007f5186a70000, 0x00007f519a070000)
 tenured generation   total 6349640K, used 6347602K [0x00007f562d950000, 0x00007f57b1222000, 0x00007f60d8400000)
   the space 6349640K,  99% used [0x00007f562d950000, 0x00007f57b1024840, 0x00007f57b1024a00, 0x00007f57b1222000)
 Metaspace       used 25074K, capacity 25484K, committed 25600K, reserved 26624K
}
Event: 77515.099 GC heap after
{Heap after GC invocations=105568 (full 4):
 def new generation   total 2857408K, used 3535K [0x00007f50d8400000, 0x00007f519a070000, 0x00007f562d950000)
  eden space 2539968K,   0% used [0x00007f50d8400000, 0x00007f50d8400000, 0x00007f5173470000)
  from space 317440K,   1% used [0x00007f5186a70000, 0x00007f5186de3d10, 0x00007f519a070000)
  to   space 317440K,   0% used [0x00007f5173470000, 0x00007f5173470000, 0x00007f5186a70000)
 tenured generation   total 6349640K, used 6347826K [0x00007f562d950000, 0x00007f57b1222000, 0x00007f60d8400000)
   the space 6349640K,  99% used [0x00007f562d950000, 0x00007f57b105cb20, 0x00007f57b105cc00, 0x00007f57b1222000)
 Metaspace       used 25074K, capacity 25484K, committed 25600K, reserved 26624K
}
Event: 77516.903 GC heap before
{Heap before GC invocations=105568 (full 4):
 def new generation   total 2857408K, used 2543503K [0x00007f50d8400000, 0x00007f519a070000, 0x00007f562d950000)
  eden space 2539968K, 100% used [0x00007f50d8400000, 0x00007f5173470000, 0x00007f5173470000)
  from space 317440K,   1% used [0x00007f5186a70000, 0x00007f5186de3d10, 0x00007f519a070000)
  to   space 317440K,   0% used [0x00007f5173470000, 0x00007f5173470000, 0x00007f5186a70000)
 tenured generation   total 6349640K, used 6347826K [0x00007f562d950000, 0x00007f57b1222000, 0x00007f60d8400000)
   the space 6349640K,  99% used [0x00007f562d950000, 0x00007f57b105cb20, 0x00007f57b105cc00, 0x00007f57b1222000)
 Metaspace       used 25074K, capacity 25484K, committed 25600K, reserved 26624K
}
Event: 77516.912 GC heap after
{Heap after GC invocations=105569 (full 4):
 def new generation   total 2857408K, used 3545K [0x00007f50d8400000, 0x00007f519a070000, 0x00007f562d950000)
  eden space 2539968K,   0% used [0x00007f50d8400000, 0x00007f50d8400000, 0x00007f5173470000)
  from space 317440K,   1% used [0x00007f5173470000, 0x00007f51737e6538, 0x00007f5186a70000)
  to   space 317440K,   0% used [0x00007f5186a70000, 0x00007f5186a70000, 0x00007f519a070000)
 tenured generation   total 6349640K, used 6348051K [0x00007f562d950000, 0x00007f57b1222000, 0x00007f60d8400000)
   the space 6349640K,  99% used [0x00007f562d950000, 0x00007f57b1094e00, 0x00007f57b1094e00, 0x00007f57b1222000)
 Metaspace       used 25074K, capacity 25484K, committed 25600K, reserved 26624K
}
Event: 77518.670 GC heap before
{Heap before GC invocations=105569 (full 4):
 def new generation   total 2857408K, used 2543513K [0x00007f50d8400000, 0x00007f519a070000, 0x00007f562d950000)
  eden space 2539968K, 100% used [0x00007f50d8400000, 0x00007f5173470000, 0x00007f5173470000)
  from space 317440K,   1% used [0x00007f5173470000, 0x00007f51737e6538, 0x00007f5186a70000)
  to   space 317440K,   0% used [0x00007f5186a70000, 0x00007f5186a70000, 0x00007f519a070000)
 tenured generation   total 6349640K, used 6348051K [0x00007f562d950000, 0x00007f57b1222000, 0x00007f60d8400000)
   the space 6349640K,  99% used [0x00007f562d950000, 0x00007f57b1094e00, 0x00007f57b1094e00, 0x00007f57b1222000)
 Metaspace       used 25074K, capacity 25484K, committed 25600K, reserved 26624K
}
Event: 77518.679 GC heap after
{Heap after GC invocations=105570 (full 4):
 def new generation   total 2857408K, used 3543K [0x00007f50d8400000, 0x00007f519a070000, 0x00007f562d950000)
  eden space 2539968K,   0% used [0x00007f50d8400000, 0x00007f50d8400000, 0x00007f5173470000)
  from space 317440K,   1% used [0x00007f5186a70000, 0x00007f5186de5dc8, 0x00007f519a070000)
  to   space 317440K,   0% used [0x00007f5173470000, 0x00007f5173470000, 0x00007f5186a70000)
 tenured generation   total 6349640K, used 6348301K [0x00007f562d950000, 0x00007f57b1222000, 0x00007f60d8400000)
   the space 6349640K,  99% used [0x00007f562d950000, 0x00007f57b10d34c0, 0x00007f57b10d3600, 0x00007f57b1222000)
 Metaspace       used 25074K, capacity 25484K, committed 25600K, reserved 26624K
}
Event: 77520.471 GC heap before
{Heap before GC invocations=105570 (full 4):
 def new generation   total 2857408K, used 2543511K [0x00007f50d8400000, 0x00007f519a070000, 0x00007f562d950000)
  eden space 2539968K, 100% used [0x00007f50d8400000, 0x00007f5173470000, 0x00007f5173470000)
  from space 317440K,   1% used [0x00007f5186a70000, 0x00007f5186de5dc8, 0x00007f519a070000)
  to   space 317440K,   0% used [0x00007f5173470000, 0x00007f5173470000, 0x00007f5186a70000)
 tenured generation   total 6349640K, used 6348301K [0x00007f562d950000, 0x00007f57b1222000, 0x00007f60d8400000)
   the space 6349640K,  99% used [0x00007f562d950000, 0x00007f57b10d34c0, 0x00007f57b10d3600, 0x00007f57b1222000)
 Metaspace       used 25074K, capacity 25484K, committed 25600K, reserved 26624K
}
Event: 77520.480 GC heap after
{Heap after GC invocations=105571 (full 4):
 def new generation   total 2857408K, used 3559K [0x00007f50d8400000, 0x00007f519a070000, 0x00007f562d950000)
  eden space 2539968K,   0% used [0x00007f50d8400000, 0x00007f50d8400000, 0x00007f5173470000)
  from space 317440K,   1% used [0x00007f5173470000, 0x00007f51737e9f48, 0x00007f5186a70000)
  to   space 317440K,   0% used [0x00007f5186a70000, 0x00007f5186a70000, 0x00007f519a070000)
 tenured generation   total 6349640K, used 6348525K [0x00007f562d950000, 0x00007f57b1222000, 0x00007f60d8400000)
   the space 6349640K,  99% used [0x00007f562d950000, 0x00007f57b110b7a0, 0x00007f57b110b800, 0x00007f57b1222000)
 Metaspace       used 25074K, capacity 25484K, committed 25600K, reserved 26624K
}
Event: 77522.249 GC heap before
{Heap before GC invocations=105571 (full 4):
 def new generation   total 2857408K, used 2543527K [0x00007f50d8400000, 0x00007f519a070000, 0x00007f562d950000)
  eden space 2539968K, 100% used [0x00007f50d8400000, 0x00007f5173470000, 0x00007f5173470000)
  from space 317440K,   1% used [0x00007f5173470000, 0x00007f51737e9f48, 0x00007f5186a70000)
  to   space 317440K,   0% used [0x00007f5186a70000, 0x00007f5186a70000, 0x00007f519a070000)
 tenured generation   total 6349640K, used 6348525K [0x00007f562d950000, 0x00007f57b1222000, 0x00007f60d8400000)
   the space 6349640K,  99% used [0x00007f562d950000, 0x00007f57b110b7a0, 0x00007f57b110b800, 0x00007f57b1222000)
 Metaspace       used 25074K, capacity 25484K, committed 25600K, reserved 26624K
}
Event: 77522.258 GC heap after
{Heap after GC invocations=105572 (full 4):
 def new generation   total 2857408K, used 3453K [0x00007f50d8400000, 0x00007f519a070000, 0x00007f562d950000)
  eden space 2539968K,   0% used [0x00007f50d8400000, 0x00007f50d8400000, 0x00007f5173470000)
  from space 317440K,   1% used [0x00007f5186a70000, 0x00007f5186dcf798, 0x00007f519a070000)
  to   space 317440K,   0% used [0x00007f5173470000, 0x00007f5173470000, 0x00007f5186a70000)
 tenured generation   total 6349640K, used 6348750K [0x00007f562d950000, 0x00007f57b1222000, 0x00007f60d8400000)
   the space 6349640K,  99% used [0x00007f562d950000, 0x00007f57b1143a80, 0x00007f57b1143c00, 0x00007f57b1222000)
 Metaspace       used 25074K, capacity 25484K, committed 25600K, reserved 26624K
}
Event: 77524.039 GC heap before
{Heap before GC invocations=105572 (full 4):
 def new generation   total 2857408K, used 2543421K [0x00007f50d8400000, 0x00007f519a070000, 0x00007f562d950000)
  eden space 2539968K, 100% used [0x00007f50d8400000, 0x00007f5173470000, 0x00007f5173470000)
  from space 317440K,   1% used [0x00007f5186a70000, 0x00007f5186dcf798, 0x00007f519a070000)
  to   space 317440K,   0% used [0x00007f5173470000, 0x00007f5173470000, 0x00007f5186a70000)
 tenured generation   total 6349640K, used 6348750K [0x00007f562d950000, 0x00007f57b1222000, 0x00007f60d8400000)
   the space 6349640K,  99% used [0x00007f562d950000, 0x00007f57b1143a80, 0x00007f57b1143c00, 0x00007f57b1222000)
 Metaspace       used 25074K, capacity 25484K, committed 25600K, reserved 26624K
}
Event: 77524.047 GC heap after
{Heap after GC invocations=105573 (full 4):
 def new generation   total 2857408K, used 3467K [0x00007f50d8400000, 0x00007f519a070000, 0x00007f562d950000)
  eden space 2539968K,   0% used [0x00007f50d8400000, 0x00007f50d8400000, 0x00007f5173470000)
  from space 317440K,   1% used [0x00007f5173470000, 0x00007f51737d2f88, 0x00007f5186a70000)
  to   space 317440K,   0% used [0x00007f5186a70000, 0x00007f5186a70000, 0x00007f519a070000)
 tenured generation   total 6349640K, used 6348975K [0x00007f562d950000, 0x00007f57b1222000, 0x00007f60d8400000)
   the space 6349640K,  99% used [0x00007f562d950000, 0x00007f57b117bd60, 0x00007f57b117be00, 0x00007f57b1222000)
 Metaspace       used 25074K, capacity 25484K, committed 25600K, reserved 26624K
}
Event: 77525.762 GC heap before
{Heap before GC invocations=105573 (full 4):
 def new generation   total 2857408K, used 2543435K [0x00007f50d8400000, 0x00007f519a070000, 0x00007f562d950000)
  eden space 2539968K, 100% used [0x00007f50d8400000, 0x00007f5173470000, 0x00007f5173470000)
  from space 317440K,   1% used [0x00007f5173470000, 0x00007f51737d2f88, 0x00007f5186a70000)
  to   space 317440K,   0% used [0x00007f5186a70000, 0x00007f5186a70000, 0x00007f519a070000)
 tenured generation   total 6349640K, used 6348975K [0x00007f562d950000, 0x00007f57b1222000, 0x00007f60d8400000)
   the space 6349640K,  99% used [0x00007f562d950000, 0x00007f57b117bd60, 0x00007f57b117be00, 0x00007f57b1222000)
 Metaspace       used 25074K, capacity 25484K, committed 25600K, reserved 26624K
}
Event: 77525.772 GC heap after
{Heap after GC invocations=105574 (full 4):
 def new generation   total 2857408K, used 3487K [0x00007f50d8400000, 0x00007f519a070000, 0x00007f562d950000)
  eden space 2539968K,   0% used [0x00007f50d8400000, 0x00007f50d8400000, 0x00007f5173470000)
  from space 317440K,   1% used [0x00007f5186a70000, 0x00007f5186dd7d70, 0x00007f519a070000)
  to   space 317440K,   0% used [0x00007f5173470000, 0x00007f5173470000, 0x00007f5186a70000)
 tenured generation   total 6349640K, used 6349200K [0x00007f562d950000, 0x00007f57b1222000, 0x00007f60d8400000)
   the space 6349640K,  99% used [0x00007f562d950000, 0x00007f57b11b4040, 0x00007f57b11b4200, 0x00007f57b1222000)
 Metaspace       used 25074K, capacity 25484K, committed 25600K, reserved 26624K
}
Event: 77527.466 GC heap before
{Heap before GC invocations=105574 (full 4):
 def new generation   total 2857408K, used 2543455K [0x00007f50d8400000, 0x00007f519a070000, 0x00007f562d950000)
  eden space 2539968K, 100% used [0x00007f50d8400000, 0x00007f5173470000, 0x00007f5173470000)
  from space 317440K,   1% used [0x00007f5186a70000, 0x00007f5186dd7d70, 0x00007f519a070000)
  to   space 317440K,   0% used [0x00007f5173470000, 0x00007f5173470000, 0x00007f5186a70000)
 tenured generation   total 6349640K, used 6349200K [0x00007f562d950000, 0x00007f57b1222000, 0x00007f60d8400000)
   the space 6349640K,  99% used [0x00007f562d950000, 0x00007f57b11b4040, 0x00007f57b11b4200, 0x00007f57b1222000)
 Metaspace       used 25074K, capacity 25484K, committed 25600K, reserved 26624K
}
Event: 77527.477 GC heap after
{Heap after GC invocations=105575 (full 4):
 def new generation   total 2857408K, used 3513K [0x00007f50d8400000, 0x00007f519a070000, 0x00007f562d950000)
  eden space 2539968K,   0% used [0x00007f50d8400000, 0x00007f50d8400000, 0x00007f5173470000)
  from space 317440K,   1% used [0x00007f5173470000, 0x00007f51737de628, 0x00007f5186a70000)
  to   space 317440K,   0% used [0x00007f5186a70000, 0x00007f5186a70000, 0x00007f519a070000)
 tenured generation   total 6349640K, used 6349424K [0x00007f562d950000, 0x00007f57b1222000, 0x00007f60d8400000)
   the space 6349640K,  99% used [0x00007f562d950000, 0x00007f57b11ec320, 0x00007f57b11ec400, 0x00007f57b1222000)
 Metaspace       used 25074K, capacity 25484K, committed 25600K, reserved 26624K
}
Event: 77529.182 GC heap before
{Heap before GC invocations=105575 (full 4):
 def new generation   total 2857408K, used 2543481K [0x00007f50d8400000, 0x00007f519a070000, 0x00007f562d950000)
  eden space 2539968K, 100% used [0x00007f50d8400000, 0x00007f5173470000, 0x00007f5173470000)
  from space 317440K,   1% used [0x00007f5173470000, 0x00007f51737de628, 0x00007f5186a70000)
  to   space 317440K,   0% used [0x00007f5186a70000, 0x00007f5186a70000, 0x00007f519a070000)
 tenured generation   total 6349640K, used 6349424K [0x00007f562d950000, 0x00007f57b1222000, 0x00007f60d8400000)
   the space 6349640K,  99% used [0x00007f562d950000, 0x00007f57b11ec320, 0x00007f57b11ec400, 0x00007f57b1222000)
 Metaspace       used 25074K, capacity 25484K, committed 25600K, reserved 26624K
}
Event: 77529.191 GC heap after
{Heap after GC invocations=105576 (full 4):
 def new generation   total 2857408K, used 3512K [0x00007f50d8400000, 0x00007f519a070000, 0x00007f562d950000)
  eden space 2539968K,   0% used [0x00007f50d8400000, 0x00007f50d8400000, 0x00007f5173470000)
  from space 317440K,   1% used [0x00007f5186a70000, 0x00007f5186dde188, 0x00007f519a070000)
  to   space 317440K,   0% used [0x00007f5173470000, 0x00007f5173470000, 0x00007f5186a70000)
 tenured generation   total 6349832K, used 6349649K [0x00007f562d950000, 0x00007f57b1252000, 0x00007f60d8400000)
   the space 6349832K,  99% used [0x00007f562d950000, 0x00007f57b1224600, 0x00007f57b1224600, 0x00007f57b1252000)
 Metaspace       used 25074K, capacity 25484K, committed 25600K, reserved 26624K
}
Event: 77529.191 GC heap before
{Heap before GC invocations=105576 (full 4):
 def new generation   total 2857408K, used 3512K [0x00007f50d8400000, 0x00007f519a070000, 0x00007f562d950000)
  eden space 2539968K,   0% used [0x00007f50d8400000, 0x00007f50d8400000, 0x00007f5173470000)
  from space 317440K,   1% used [0x00007f5186a70000, 0x00007f5186dde188, 0x00007f519a070000)
  to   space 317440K,   0% used [0x00007f5173470000, 0x00007f5173470000, 0x00007f5186a70000)
 tenured generation   total 6349832K, used 6349649K [0x00007f562d950000, 0x00007f57b1252000, 0x00007f60d8400000)
   the space 6349832K,  99% used [0x00007f562d950000, 0x00007f57b1224600, 0x00007f57b1224600, 0x00007f57b1252000)
 Metaspace       used 25074K, capacity 25484K, committed 25600K, reserved 26624K
}

