# JRE version: OpenJDK Runtime Environment (13.0.7+5) (build 13.0.7+5-Ubuntu-0ubuntu120.04)
# Java VM: OpenJDK 64-Bit Server VM (13.0.7+5-Ubuntu-0ubuntu120.04, mixed mode, tiered, serial gc, linux-amd64)
Heap:
 def new generation   total 1747904K, used 0K [0x00007f9ae8600000, 0x00007f9b5ee90000, 0x00007fa03db50000)
  eden space 1553728K,   0% used [0x00007f9ae8600000, 0x00007f9ae8600000, 0x00007f9b47350000)
  from space 194176K,   0% used [0x00007f9b530f0000, 0x00007f9b530f0000, 0x00007f9b5ee90000)
  to   space 194176K,   0% used [0x00007f9b47350000, 0x00007f9b47350000, 0x00007f9b530f0000)
 tenured generation   total 3884056K, used 3804383K [0x00007fa03db50000, 0x00007fa12ac56000, 0x00007faae8600000)
   the space 3884056K,  97% used [0x00007fa03db50000, 0x00007fa125e87c88, 0x00007fa125e87e00, 0x00007fa12ac56000)
 Metaspace       used 24877K, capacity 25365K, committed 25600K, reserved 26624K
GC Heap History (20 events):
Event: 54592.480 GC heap after
{Heap after GC invocations=70302 (full 3):
 def new generation   total 1747904K, used 1928K [0x00007f9ae8600000, 0x00007f9b5ee90000, 0x00007fa03db50000)
  eden space 1553728K,   0% used [0x00007f9ae8600000, 0x00007f9ae8600000, 0x00007f9b47350000)
  from space 194176K,   0% used [0x00007f9b47350000, 0x00007f9b47532128, 0x00007f9b530f0000)
  to   space 194176K,   0% used [0x00007f9b530f0000, 0x00007f9b530f0000, 0x00007f9b5ee90000)
 tenured generation   total 3884056K, used 3882845K [0x00007fa03db50000, 0x00007fa12ac56000, 0x00007faae8600000)
   the space 3884056K,  99% used [0x00007fa03db50000, 0x00007fa12ab274b0, 0x00007fa12ab27600, 0x00007fa12ac56000)
 Metaspace       used 24877K, capacity 25365K, committed 25600K, reserved 26624K
}
Event: 54593.832 GC heap before
{Heap before GC invocations=70302 (full 3):
 def new generation   total 1747904K, used 1555656K [0x00007f9ae8600000, 0x00007f9b5ee90000, 0x00007fa03db50000)
  eden space 1553728K, 100% used [0x00007f9ae8600000, 0x00007f9b47350000, 0x00007f9b47350000)
  from space 194176K,   0% used [0x00007f9b47350000, 0x00007f9b47532128, 0x00007f9b530f0000)
  to   space 194176K,   0% used [0x00007f9b530f0000, 0x00007f9b530f0000, 0x00007f9b5ee90000)
 tenured generation   total 3884056K, used 3882845K [0x00007fa03db50000, 0x00007fa12ac56000, 0x00007faae8600000)
   the space 3884056K,  99% used [0x00007fa03db50000, 0x00007fa12ab274b0, 0x00007fa12ab27600, 0x00007fa12ac56000)
 Metaspace       used 24877K, capacity 25365K, committed 25600K, reserved 26624K
}
Event: 54593.840 GC heap after
{Heap after GC invocations=70303 (full 3):
 def new generation   total 1747904K, used 2018K [0x00007f9ae8600000, 0x00007f9b5ee90000, 0x00007fa03db50000)
  eden space 1553728K,   0% used [0x00007f9ae8600000, 0x00007f9ae8600000, 0x00007f9b47350000)
  from space 194176K,   1% used [0x00007f9b530f0000, 0x00007f9b532e8868, 0x00007f9b5ee90000)
  to   space 194176K,   0% used [0x00007f9b47350000, 0x00007f9b47350000, 0x00007f9b530f0000)
 tenured generation   total 3884056K, used 3882955K [0x00007fa03db50000, 0x00007fa12ac56000, 0x00007faae8600000)
   the space 3884056K,  99% used [0x00007fa03db50000, 0x00007fa12ab42dc8, 0x00007fa12ab42e00, 0x00007fa12ac56000)
 Metaspace       used 24877K, capacity 25365K, committed 25600K, reserved 26624K
}
Event: 54595.202 GC heap before
{Heap before GC invocations=70303 (full 3):
 def new generation   total 1747904K, used 1555746K [0x00007f9ae8600000, 0x00007f9b5ee90000, 0x00007fa03db50000)
  eden space 1553728K, 100% used [0x00007f9ae8600000, 0x00007f9b47350000, 0x00007f9b47350000)
  from space 194176K,   1% used [0x00007f9b530f0000, 0x00007f9b532e8868, 0x00007f9b5ee90000)
  to   space 194176K,   0% used [0x00007f9b47350000, 0x00007f9b47350000, 0x00007f9b530f0000)
 tenured generation   total 3884056K, used 3882955K [0x00007fa03db50000, 0x00007fa12ac56000, 0x00007faae8600000)
   the space 3884056K,  99% used [0x00007fa03db50000, 0x00007fa12ab42dc8, 0x00007fa12ab42e00, 0x00007fa12ac56000)
 Metaspace       used 24877K, capacity 25365K, committed 25600K, reserved 26624K
}
Event: 54595.210 GC heap after
{Heap after GC invocations=70304 (full 3):
 def new generation   total 1747904K, used 1976K [0x00007f9ae8600000, 0x00007f9b5ee90000, 0x00007fa03db50000)
  eden space 1553728K,   0% used [0x00007f9ae8600000, 0x00007f9ae8600000, 0x00007f9b47350000)
  from space 194176K,   1% used [0x00007f9b47350000, 0x00007f9b4753e1d0, 0x00007f9b530f0000)
  to   space 194176K,   0% used [0x00007f9b530f0000, 0x00007f9b530f0000, 0x00007f9b5ee90000)
 tenured generation   total 3884056K, used 3883028K [0x00007fa03db50000, 0x00007fa12ac56000, 0x00007faae8600000)
   the space 3884056K,  99% used [0x00007fa03db50000, 0x00007fa12ab553d8, 0x00007fa12ab55400, 0x00007fa12ac56000)
 Metaspace       used 24877K, capacity 25365K, committed 25600K, reserved 26624K
}
Event: 54596.600 GC heap before
{Heap before GC invocations=70304 (full 3):
 def new generation   total 1747904K, used 1555704K [0x00007f9ae8600000, 0x00007f9b5ee90000, 0x00007fa03db50000)
  eden space 1553728K, 100% used [0x00007f9ae8600000, 0x00007f9b47350000, 0x00007f9b47350000)
  from space 194176K,   1% used [0x00007f9b47350000, 0x00007f9b4753e1d0, 0x00007f9b530f0000)
  to   space 194176K,   0% used [0x00007f9b530f0000, 0x00007f9b530f0000, 0x00007f9b5ee90000)
 tenured generation   total 3884056K, used 3883028K [0x00007fa03db50000, 0x00007fa12ac56000, 0x00007faae8600000)
   the space 3884056K,  99% used [0x00007fa03db50000, 0x00007fa12ab553d8, 0x00007fa12ab55400, 0x00007fa12ac56000)
 Metaspace       used 24877K, capacity 25365K, committed 25600K, reserved 26624K
}
Event: 54596.607 GC heap after
{Heap after GC invocations=70305 (full 3):
 def new generation   total 1747904K, used 1854K [0x00007f9ae8600000, 0x00007f9b5ee90000, 0x00007fa03db50000)
  eden space 1553728K,   0% used [0x00007f9ae8600000, 0x00007f9ae8600000, 0x00007f9b47350000)
  from space 194176K,   0% used [0x00007f9b530f0000, 0x00007f9b532bfa30, 0x00007f9b5ee90000)
  to   space 194176K,   0% used [0x00007f9b47350000, 0x00007f9b47350000, 0x00007f9b530f0000)
 tenured generation   total 3884056K, used 3883139K [0x00007fa03db50000, 0x00007fa12ac56000, 0x00007faae8600000)
   the space 3884056K,  99% used [0x00007fa03db50000, 0x00007fa12ab70cf0, 0x00007fa12ab70e00, 0x00007fa12ac56000)
 Metaspace       used 24877K, capacity 25365K, committed 25600K, reserved 26624K
}
Event: 54597.991 GC heap before
{Heap before GC invocations=70305 (full 3):
 def new generation   total 1747904K, used 1555582K [0x00007f9ae8600000, 0x00007f9b5ee90000, 0x00007fa03db50000)
  eden space 1553728K, 100% used [0x00007f9ae8600000, 0x00007f9b47350000, 0x00007f9b47350000)
  from space 194176K,   0% used [0x00007f9b530f0000, 0x00007f9b532bfa30, 0x00007f9b5ee90000)
  to   space 194176K,   0% used [0x00007f9b47350000, 0x00007f9b47350000, 0x00007f9b530f0000)
 tenured generation   total 3884056K, used 3883139K [0x00007fa03db50000, 0x00007fa12ac56000, 0x00007faae8600000)
   the space 3884056K,  99% used [0x00007fa03db50000, 0x00007fa12ab70cf0, 0x00007fa12ab70e00, 0x00007fa12ac56000)
 Metaspace       used 24877K, capacity 25365K, committed 25600K, reserved 26624K
}
Event: 54598.000 GC heap after
{Heap after GC invocations=70306 (full 3):
 def new generation   total 1747904K, used 1698K [0x00007f9ae8600000, 0x00007f9b5ee90000, 0x00007fa03db50000)
  eden space 1553728K,   0% used [0x00007f9ae8600000, 0x00007f9ae8600000, 0x00007f9b47350000)
  from space 194176K,   0% used [0x00007f9b47350000, 0x00007f9b474f8958, 0x00007f9b530f0000)
  to   space 194176K,   0% used [0x00007f9b530f0000, 0x00007f9b530f0000, 0x00007f9b5ee90000)
 tenured generation   total 3884056K, used 3883566K [0x00007fa03db50000, 0x00007fa12ac56000, 0x00007faae8600000)
   the space 3884056K,  99% used [0x00007fa03db50000, 0x00007fa12abdb9b0, 0x00007fa12abdba00, 0x00007fa12ac56000)
 Metaspace       used 24877K, capacity 25365K, committed 25600K, reserved 26624K
}
Event: 54599.356 GC heap before
{Heap before GC invocations=70306 (full 3):
 def new generation   total 1747904K, used 1555426K [0x00007f9ae8600000, 0x00007f9b5ee90000, 0x00007fa03db50000)
  eden space 1553728K, 100% used [0x00007f9ae8600000, 0x00007f9b47350000, 0x00007f9b47350000)
  from space 194176K,   0% used [0x00007f9b47350000, 0x00007f9b474f8958, 0x00007f9b530f0000)
  to   space 194176K,   0% used [0x00007f9b530f0000, 0x00007f9b530f0000, 0x00007f9b5ee90000)
 tenured generation   total 3884056K, used 3883566K [0x00007fa03db50000, 0x00007fa12ac56000, 0x00007faae8600000)
   the space 3884056K,  99% used [0x00007fa03db50000, 0x00007fa12abdb9b0, 0x00007fa12abdba00, 0x00007fa12ac56000)
 Metaspace       used 24877K, capacity 25365K, committed 25600K, reserved 26624K
}
Event: 54599.364 GC heap after
{Heap after GC invocations=70307 (full 3):
 def new generation   total 1747904K, used 1599K [0x00007f9ae8600000, 0x00007f9b5ee90000, 0x00007fa03db50000)
  eden space 1553728K,   0% used [0x00007f9ae8600000, 0x00007f9ae8600000, 0x00007f9b47350000)
  from space 194176K,   0% used [0x00007f9b530f0000, 0x00007f9b5327fc08, 0x00007f9b5ee90000)
  to   space 194176K,   0% used [0x00007f9b47350000, 0x00007f9b47350000, 0x00007f9b530f0000)
 tenured generation   total 3884056K, used 3883650K [0x00007fa03db50000, 0x00007fa12ac56000, 0x00007faae8600000)
   the space 3884056K,  99% used [0x00007fa03db50000, 0x00007fa12abf0940, 0x00007fa12abf0a00, 0x00007fa12ac56000)
 Metaspace       used 24877K, capacity 25365K, committed 25600K, reserved 26624K
}
Event: 54600.708 GC heap before
{Heap before GC invocations=70307 (full 3):
 def new generation   total 1747904K, used 1555327K [0x00007f9ae8600000, 0x00007f9b5ee90000, 0x00007fa03db50000)
  eden space 1553728K, 100% used [0x00007f9ae8600000, 0x00007f9b47350000, 0x00007f9b47350000)
  from space 194176K,   0% used [0x00007f9b530f0000, 0x00007f9b5327fc08, 0x00007f9b5ee90000)
  to   space 194176K,   0% used [0x00007f9b47350000, 0x00007f9b47350000, 0x00007f9b530f0000)
 tenured generation   total 3884056K, used 3883650K [0x00007fa03db50000, 0x00007fa12ac56000, 0x00007faae8600000)
   the space 3884056K,  99% used [0x00007fa03db50000, 0x00007fa12abf0940, 0x00007fa12abf0a00, 0x00007fa12ac56000)
 Metaspace       used 24877K, capacity 25365K, committed 25600K, reserved 26624K
}
Event: 54600.719 GC heap after
{Heap after GC invocations=70308 (full 3):
 def new generation   total 1747904K, used 1750K [0x00007f9ae8600000, 0x00007f9b5ee90000, 0x00007fa03db50000)
  eden space 1553728K,   0% used [0x00007f9ae8600000, 0x00007f9ae8600000, 0x00007f9b47350000)
  from space 194176K,   0% used [0x00007f9b47350000, 0x00007f9b47505b60, 0x00007f9b530f0000)
  to   space 194176K,   0% used [0x00007f9b530f0000, 0x00007f9b530f0000, 0x00007f9b5ee90000)
 tenured generation   total 3884056K, used 3883760K [0x00007fa03db50000, 0x00007fa12ac56000, 0x00007faae8600000)
   the space 3884056K,  99% used [0x00007fa03db50000, 0x00007fa12ac0c2a0, 0x00007fa12ac0c400, 0x00007fa12ac56000)
 Metaspace       used 24877K, capacity 25365K, committed 25600K, reserved 26624K
}
Event: 54602.078 GC heap before
{Heap before GC invocations=70308 (full 3):
 def new generation   total 1747904K, used 1555478K [0x00007f9ae8600000, 0x00007f9b5ee90000, 0x00007fa03db50000)
  eden space 1553728K, 100% used [0x00007f9ae8600000, 0x00007f9b47350000, 0x00007f9b47350000)
  from space 194176K,   0% used [0x00007f9b47350000, 0x00007f9b47505b60, 0x00007f9b530f0000)
  to   space 194176K,   0% used [0x00007f9b530f0000, 0x00007f9b530f0000, 0x00007f9b5ee90000)
 tenured generation   total 3884056K, used 3883760K [0x00007fa03db50000, 0x00007fa12ac56000, 0x00007faae8600000)
   the space 3884056K,  99% used [0x00007fa03db50000, 0x00007fa12ac0c2a0, 0x00007fa12ac0c400, 0x00007fa12ac56000)
 Metaspace       used 24877K, capacity 25365K, committed 25600K, reserved 26624K
}
Event: 54602.086 GC heap after
{Heap after GC invocations=70309 (full 3):
 def new generation   total 1747904K, used 1639K [0x00007f9ae8600000, 0x00007f9b5ee90000, 0x00007fa03db50000)
  eden space 1553728K,   0% used [0x00007f9ae8600000, 0x00007f9ae8600000, 0x00007f9b47350000)
  from space 194176K,   0% used [0x00007f9b530f0000, 0x00007f9b53289d90, 0x00007f9b5ee90000)
  to   space 194176K,   0% used [0x00007f9b47350000, 0x00007f9b47350000, 0x00007f9b530f0000)
 tenured generation   total 3884056K, used 3883870K [0x00007fa03db50000, 0x00007fa12ac56000, 0x00007faae8600000)
   the space 3884056K,  99% used [0x00007fa03db50000, 0x00007fa12ac27bb8, 0x00007fa12ac27c00, 0x00007fa12ac56000)
 Metaspace       used 24877K, capacity 25365K, committed 25600K, reserved 26624K
}
Event: 54603.438 GC heap before
{Heap before GC invocations=70309 (full 3):
 def new generation   total 1747904K, used 1555367K [0x00007f9ae8600000, 0x00007f9b5ee90000, 0x00007fa03db50000)
  eden space 1553728K, 100% used [0x00007f9ae8600000, 0x00007f9b47350000, 0x00007f9b47350000)
  from space 194176K,   0% used [0x00007f9b530f0000, 0x00007f9b53289d90, 0x00007f9b5ee90000)
  to   space 194176K,   0% used [0x00007f9b47350000, 0x00007f9b47350000, 0x00007f9b530f0000)
 tenured generation   total 3884056K, used 3883870K [0x00007fa03db50000, 0x00007fa12ac56000, 0x00007faae8600000)
   the space 3884056K,  99% used [0x00007fa03db50000, 0x00007fa12ac27bb8, 0x00007fa12ac27c00, 0x00007fa12ac56000)
 Metaspace       used 24877K, capacity 25365K, committed 25600K, reserved 26624K
}
Event: 54603.446 GC heap after
{Heap after GC invocations=70310 (full 3):
 def new generation   total 1747904K, used 1595K [0x00007f9ae8600000, 0x00007f9b5ee90000, 0x00007fa03db50000)
  eden space 1553728K,   0% used [0x00007f9ae8600000, 0x00007f9ae8600000, 0x00007f9b47350000)
  from space 194176K,   0% used [0x00007f9b47350000, 0x00007f9b474dee88, 0x00007f9b530f0000)
  to   space 194176K,   0% used [0x00007f9b530f0000, 0x00007f9b530f0000, 0x00007f9b5ee90000)
 tenured generation   total 3884056K, used 3883944K [0x00007fa03db50000, 0x00007fa12ac56000, 0x00007faae8600000)
   the space 3884056K,  99% used [0x00007fa03db50000, 0x00007fa12ac3a1c8, 0x00007fa12ac3a200, 0x00007fa12ac56000)
 Metaspace       used 24877K, capacity 25365K, committed 25600K, reserved 26624K
}
Event: 54604.798 GC heap before
{Heap before GC invocations=70310 (full 3):
 def new generation   total 1747904K, used 1555323K [0x00007f9ae8600000, 0x00007f9b5ee90000, 0x00007fa03db50000)
  eden space 1553728K, 100% used [0x00007f9ae8600000, 0x00007f9b47350000, 0x00007f9b47350000)
  from space 194176K,   0% used [0x00007f9b47350000, 0x00007f9b474dee88, 0x00007f9b530f0000)
  to   space 194176K,   0% used [0x00007f9b530f0000, 0x00007f9b530f0000, 0x00007f9b5ee90000)
 tenured generation   total 3884056K, used 3883944K [0x00007fa03db50000, 0x00007fa12ac56000, 0x00007faae8600000)
   the space 3884056K,  99% used [0x00007fa03db50000, 0x00007fa12ac3a1c8, 0x00007fa12ac3a200, 0x00007fa12ac56000)
 Metaspace       used 24877K, capacity 25365K, committed 25600K, reserved 26624K
}
Event: 54604.807 GC heap after
{Heap after GC invocations=70311 (full 3):
 def new generation   total 1747904K, used 1711K [0x00007f9ae8600000, 0x00007f9b5ee90000, 0x00007fa03db50000)
  eden space 1553728K,   0% used [0x00007f9ae8600000, 0x00007f9ae8600000, 0x00007f9b47350000)
  from space 194176K,   0% used [0x00007f9b530f0000, 0x00007f9b5329bfe0, 0x00007f9b5ee90000)
  to   space 194176K,   0% used [0x00007f9b47350000, 0x00007f9b47350000, 0x00007f9b530f0000)
 tenured generation   total 3884056K, used 3884054K [0x00007fa03db50000, 0x00007fa12ac56000, 0x00007faae8600000)
   the space 3884056K,  99% used [0x00007fa03db50000, 0x00007fa12ac55ae0, 0x00007fa12ac55c00, 0x00007fa12ac56000)
 Metaspace       used 24877K, capacity 25365K, committed 25600K, reserved 26624K
}
Event: 54604.807 GC heap before
{Heap before GC invocations=70311 (full 3):
 def new generation   total 1747904K, used 1711K [0x00007f9ae8600000, 0x00007f9b5ee90000, 0x00007fa03db50000)
  eden space 1553728K,   0% used [0x00007f9ae8600000, 0x00007f9ae8600000, 0x00007f9b47350000)
  from space 194176K,   0% used [0x00007f9b530f0000, 0x00007f9b5329bfe0, 0x00007f9b5ee90000)
  to   space 194176K,   0% used [0x00007f9b47350000, 0x00007f9b47350000, 0x00007f9b530f0000)
 tenured generation   total 3884056K, used 3884054K [0x00007fa03db50000, 0x00007fa12ac56000, 0x00007faae8600000)
   the space 3884056K,  99% used [0x00007fa03db50000, 0x00007fa12ac55ae0, 0x00007fa12ac55c00, 0x00007fa12ac56000)
 Metaspace       used 24877K, capacity 25365K, committed 25600K, reserved 26624K
}

