# JRE version: OpenJDK Runtime Environment (13.0.7+5) (build 13.0.7+5-Ubuntu-0ubuntu120.04)
# Java VM: OpenJDK 64-Bit Server VM (13.0.7+5-Ubuntu-0ubuntu120.04, mixed mode, tiered, serial gc, linux-amd64)
Heap:
 def new generation   total 2870208K, used 7257K [0x00007fd604600000, 0x00007fd6c7050000, 0x00007fdb59b50000)
  eden space 2551360K,   0% used [0x00007fd604600000, 0x00007fd604d16760, 0x00007fd6a0190000)
  from space 318848K,   0% used [0x00007fd6b38f0000, 0x00007fd6b38f0000, 0x00007fd6c7050000)
  to   space 318848K,   0% used [0x00007fd6a0190000, 0x00007fd6a0190000, 0x00007fd6b38f0000)
 tenured generation   total 6378628K, used 6378627K [0x00007fdb59b50000, 0x00007fdcdf071000, 0x00007fe604600000)
   the space 6378628K,  99% used [0x00007fdb59b50000, 0x00007fdcdf070ff0, 0x00007fdcdf071000, 0x00007fdcdf071000)
 Metaspace       used 25067K, capacity 25499K, committed 25600K, reserved 26624K
GC Heap History (20 events):
Event: 53343.535 GC heap after
{Heap after GC invocations=49709 (full 4):
 def new generation   total 2870208K, used 7541K [0x00007fd604600000, 0x00007fd6c7050000, 0x00007fdb59b50000)
  eden space 2551360K,   0% used [0x00007fd604600000, 0x00007fd604600000, 0x00007fd6a0190000)
  from space 318848K,   2% used [0x00007fd6a0190000, 0x00007fd6a08ed660, 0x00007fd6b38f0000)
  to   space 318848K,   0% used [0x00007fd6b38f0000, 0x00007fd6b38f0000, 0x00007fd6c7050000)
 tenured generation   total 6378052K, used 6374052K [0x00007fdb59b50000, 0x00007fdcdefe1000, 0x00007fe604600000)
   the space 6378052K,  99% used [0x00007fdb59b50000, 0x00007fdcdebf91a0, 0x00007fdcdebf9200, 0x00007fdcdefe1000)
 Metaspace       used 25067K, capacity 25499K, committed 25600K, reserved 26624K
}
Event: 53346.126 GC heap before
{Heap before GC invocations=49709 (full 4):
 def new generation   total 2870208K, used 2558901K [0x00007fd604600000, 0x00007fd6c7050000, 0x00007fdb59b50000)
  eden space 2551360K, 100% used [0x00007fd604600000, 0x00007fd6a0190000, 0x00007fd6a0190000)
  from space 318848K,   2% used [0x00007fd6a0190000, 0x00007fd6a08ed660, 0x00007fd6b38f0000)
  to   space 318848K,   0% used [0x00007fd6b38f0000, 0x00007fd6b38f0000, 0x00007fd6c7050000)
 tenured generation   total 6378052K, used 6374052K [0x00007fdb59b50000, 0x00007fdcdefe1000, 0x00007fe604600000)
   the space 6378052K,  99% used [0x00007fdb59b50000, 0x00007fdcdebf91a0, 0x00007fdcdebf9200, 0x00007fdcdefe1000)
 Metaspace       used 25067K, capacity 25499K, committed 25600K, reserved 26624K
}
Event: 53346.147 GC heap after
{Heap after GC invocations=49710 (full 4):
 def new generation   total 2870208K, used 7511K [0x00007fd604600000, 0x00007fd6c7050000, 0x00007fdb59b50000)
  eden space 2551360K,   0% used [0x00007fd604600000, 0x00007fd604600000, 0x00007fd6a0190000)
  from space 318848K,   2% used [0x00007fd6b38f0000, 0x00007fd6b4045e68, 0x00007fd6c7050000)
  to   space 318848K,   0% used [0x00007fd6a0190000, 0x00007fd6a0190000, 0x00007fd6b38f0000)
 tenured generation   total 6378052K, used 6374547K [0x00007fdb59b50000, 0x00007fdcdefe1000, 0x00007fe604600000)
   the space 6378052K,  99% used [0x00007fdb59b50000, 0x00007fdcdec74da0, 0x00007fdcdec74e00, 0x00007fdcdefe1000)
 Metaspace       used 25067K, capacity 25499K, committed 25600K, reserved 26624K
}
Event: 53348.636 GC heap before
{Heap before GC invocations=49710 (full 4):
 def new generation   total 2870208K, used 2558871K [0x00007fd604600000, 0x00007fd6c7050000, 0x00007fdb59b50000)
  eden space 2551360K, 100% used [0x00007fd604600000, 0x00007fd6a0190000, 0x00007fd6a0190000)
  from space 318848K,   2% used [0x00007fd6b38f0000, 0x00007fd6b4045e68, 0x00007fd6c7050000)
  to   space 318848K,   0% used [0x00007fd6a0190000, 0x00007fd6a0190000, 0x00007fd6b38f0000)
 tenured generation   total 6378052K, used 6374547K [0x00007fdb59b50000, 0x00007fdcdefe1000, 0x00007fe604600000)
   the space 6378052K,  99% used [0x00007fdb59b50000, 0x00007fdcdec74da0, 0x00007fdcdec74e00, 0x00007fdcdefe1000)
 Metaspace       used 25067K, capacity 25499K, committed 25600K, reserved 26624K
}
Event: 53348.663 GC heap after
{Heap after GC invocations=49711 (full 4):
 def new generation   total 2870208K, used 7487K [0x00007fd604600000, 0x00007fd6c7050000, 0x00007fdb59b50000)
  eden space 2551360K,   0% used [0x00007fd604600000, 0x00007fd604600000, 0x00007fd6a0190000)
  from space 318848K,   2% used [0x00007fd6a0190000, 0x00007fd6a08dfe50, 0x00007fd6b38f0000)
  to   space 318848K,   0% used [0x00007fd6b38f0000, 0x00007fd6b38f0000, 0x00007fd6c7050000)
 tenured generation   total 6378052K, used 6375042K [0x00007fdb59b50000, 0x00007fdcdefe1000, 0x00007fe604600000)
   the space 6378052K,  99% used [0x00007fdb59b50000, 0x00007fdcdecf09a0, 0x00007fdcdecf0a00, 0x00007fdcdefe1000)
 Metaspace       used 25067K, capacity 25499K, committed 25600K, reserved 26624K
}
Event: 53351.173 GC heap before
{Heap before GC invocations=49711 (full 4):
 def new generation   total 2870208K, used 2558847K [0x00007fd604600000, 0x00007fd6c7050000, 0x00007fdb59b50000)
  eden space 2551360K, 100% used [0x00007fd604600000, 0x00007fd6a0190000, 0x00007fd6a0190000)
  from space 318848K,   2% used [0x00007fd6a0190000, 0x00007fd6a08dfe50, 0x00007fd6b38f0000)
  to   space 318848K,   0% used [0x00007fd6b38f0000, 0x00007fd6b38f0000, 0x00007fd6c7050000)
 tenured generation   total 6378052K, used 6375042K [0x00007fdb59b50000, 0x00007fdcdefe1000, 0x00007fe604600000)
   the space 6378052K,  99% used [0x00007fdb59b50000, 0x00007fdcdecf09a0, 0x00007fdcdecf0a00, 0x00007fdcdefe1000)
 Metaspace       used 25067K, capacity 25499K, committed 25600K, reserved 26624K
}
Event: 53351.195 GC heap after
{Heap after GC invocations=49712 (full 4):
 def new generation   total 2870208K, used 7484K [0x00007fd604600000, 0x00007fd6c7050000, 0x00007fdb59b50000)
  eden space 2551360K,   0% used [0x00007fd604600000, 0x00007fd604600000, 0x00007fd6a0190000)
  from space 318848K,   2% used [0x00007fd6b38f0000, 0x00007fd6b403f270, 0x00007fd6c7050000)
  to   space 318848K,   0% used [0x00007fd6a0190000, 0x00007fd6a0190000, 0x00007fd6b38f0000)
 tenured generation   total 6378052K, used 6375537K [0x00007fdb59b50000, 0x00007fdcdefe1000, 0x00007fe604600000)
   the space 6378052K,  99% used [0x00007fdb59b50000, 0x00007fdcded6c5a0, 0x00007fdcded6c600, 0x00007fdcdefe1000)
 Metaspace       used 25067K, capacity 25499K, committed 25600K, reserved 26624K
}
Event: 53353.727 GC heap before
{Heap before GC invocations=49712 (full 4):
 def new generation   total 2870208K, used 2558844K [0x00007fd604600000, 0x00007fd6c7050000, 0x00007fdb59b50000)
  eden space 2551360K, 100% used [0x00007fd604600000, 0x00007fd6a0190000, 0x00007fd6a0190000)
  from space 318848K,   2% used [0x00007fd6b38f0000, 0x00007fd6b403f270, 0x00007fd6c7050000)
  to   space 318848K,   0% used [0x00007fd6a0190000, 0x00007fd6a0190000, 0x00007fd6b38f0000)
 tenured generation   total 6378052K, used 6375537K [0x00007fdb59b50000, 0x00007fdcdefe1000, 0x00007fe604600000)
   the space 6378052K,  99% used [0x00007fdb59b50000, 0x00007fdcded6c5a0, 0x00007fdcded6c600, 0x00007fdcdefe1000)
 Metaspace       used 25067K, capacity 25499K, committed 25600K, reserved 26624K
}
Event: 53353.751 GC heap after
{Heap after GC invocations=49713 (full 4):
 def new generation   total 2870208K, used 7533K [0x00007fd604600000, 0x00007fd6c7050000, 0x00007fdb59b50000)
  eden space 2551360K,   0% used [0x00007fd604600000, 0x00007fd604600000, 0x00007fd6a0190000)
  from space 318848K,   2% used [0x00007fd6a0190000, 0x00007fd6a08eb4f8, 0x00007fd6b38f0000)
  to   space 318848K,   0% used [0x00007fd6b38f0000, 0x00007fd6b38f0000, 0x00007fd6c7050000)
 tenured generation   total 6378052K, used 6376009K [0x00007fdb59b50000, 0x00007fdcdefe1000, 0x00007fe604600000)
   the space 6378052K,  99% used [0x00007fdb59b50000, 0x00007fdcdede27a0, 0x00007fdcdede2800, 0x00007fdcdefe1000)
 Metaspace       used 25067K, capacity 25499K, committed 25600K, reserved 26624K
}
Event: 53356.251 GC heap before
{Heap before GC invocations=49713 (full 4):
 def new generation   total 2870208K, used 2558893K [0x00007fd604600000, 0x00007fd6c7050000, 0x00007fdb59b50000)
  eden space 2551360K, 100% used [0x00007fd604600000, 0x00007fd6a0190000, 0x00007fd6a0190000)
  from space 318848K,   2% used [0x00007fd6a0190000, 0x00007fd6a08eb4f8, 0x00007fd6b38f0000)
  to   space 318848K,   0% used [0x00007fd6b38f0000, 0x00007fd6b38f0000, 0x00007fd6c7050000)
 tenured generation   total 6378052K, used 6376009K [0x00007fdb59b50000, 0x00007fdcdefe1000, 0x00007fe604600000)
   the space 6378052K,  99% used [0x00007fdb59b50000, 0x00007fdcdede27a0, 0x00007fdcdede2800, 0x00007fdcdefe1000)
 Metaspace       used 25067K, capacity 25499K, committed 25600K, reserved 26624K
}
Event: 53356.275 GC heap after
{Heap after GC invocations=49714 (full 4):
 def new generation   total 2870208K, used 7495K [0x00007fd604600000, 0x00007fd6c7050000, 0x00007fdb59b50000)
  eden space 2551360K,   0% used [0x00007fd604600000, 0x00007fd604600000, 0x00007fd6a0190000)
  from space 318848K,   2% used [0x00007fd6b38f0000, 0x00007fd6b4041cf8, 0x00007fd6c7050000)
  to   space 318848K,   0% used [0x00007fd6a0190000, 0x00007fd6a0190000, 0x00007fd6b38f0000)
 tenured generation   total 6378052K, used 6376509K [0x00007fdb59b50000, 0x00007fdcdefe1000, 0x00007fe604600000)
   the space 6378052K,  99% used [0x00007fdb59b50000, 0x00007fdcdee5f4e0, 0x00007fdcdee5f600, 0x00007fdcdefe1000)
 Metaspace       used 25067K, capacity 25499K, committed 25600K, reserved 26624K
}
Event: 53358.778 GC heap before
{Heap before GC invocations=49714 (full 4):
 def new generation   total 2870208K, used 2558855K [0x00007fd604600000, 0x00007fd6c7050000, 0x00007fdb59b50000)
  eden space 2551360K, 100% used [0x00007fd604600000, 0x00007fd6a0190000, 0x00007fd6a0190000)
  from space 318848K,   2% used [0x00007fd6b38f0000, 0x00007fd6b4041cf8, 0x00007fd6c7050000)
  to   space 318848K,   0% used [0x00007fd6a0190000, 0x00007fd6a0190000, 0x00007fd6b38f0000)
 tenured generation   total 6378052K, used 6376509K [0x00007fdb59b50000, 0x00007fdcdefe1000, 0x00007fe604600000)
   the space 6378052K,  99% used [0x00007fdb59b50000, 0x00007fdcdee5f4e0, 0x00007fdcdee5f600, 0x00007fdcdefe1000)
 Metaspace       used 25067K, capacity 25499K, committed 25600K, reserved 26624K
}
Event: 53358.801 GC heap after
{Heap after GC invocations=49715 (full 4):
 def new generation   total 2870208K, used 7499K [0x00007fd604600000, 0x00007fd6c7050000, 0x00007fdb59b50000)
  eden space 2551360K,   0% used [0x00007fd604600000, 0x00007fd604600000, 0x00007fd6a0190000)
  from space 318848K,   2% used [0x00007fd6a0190000, 0x00007fd6a08e2c78, 0x00007fd6b38f0000)
  to   space 318848K,   0% used [0x00007fd6b38f0000, 0x00007fd6b38f0000, 0x00007fd6c7050000)
 tenured generation   total 6378052K, used 6377004K [0x00007fdb59b50000, 0x00007fdcdefe1000, 0x00007fe604600000)
   the space 6378052K,  99% used [0x00007fdb59b50000, 0x00007fdcdeedb0e0, 0x00007fdcdeedb200, 0x00007fdcdefe1000)
 Metaspace       used 25067K, capacity 25499K, committed 25600K, reserved 26624K
}
Event: 53361.298 GC heap before
{Heap before GC invocations=49715 (full 4):
 def new generation   total 2870208K, used 2558859K [0x00007fd604600000, 0x00007fd6c7050000, 0x00007fdb59b50000)
  eden space 2551360K, 100% used [0x00007fd604600000, 0x00007fd6a0190000, 0x00007fd6a0190000)
  from space 318848K,   2% used [0x00007fd6a0190000, 0x00007fd6a08e2c78, 0x00007fd6b38f0000)
  to   space 318848K,   0% used [0x00007fd6b38f0000, 0x00007fd6b38f0000, 0x00007fd6c7050000)
 tenured generation   total 6378052K, used 6377004K [0x00007fdb59b50000, 0x00007fdcdefe1000, 0x00007fe604600000)
   the space 6378052K,  99% used [0x00007fdb59b50000, 0x00007fdcdeedb0e0, 0x00007fdcdeedb200, 0x00007fdcdefe1000)
 Metaspace       used 25067K, capacity 25499K, committed 25600K, reserved 26624K
}
Event: 53361.326 GC heap after
{Heap after GC invocations=49716 (full 4):
 def new generation   total 2870208K, used 7470K [0x00007fd604600000, 0x00007fd6c7050000, 0x00007fdb59b50000)
  eden space 2551360K,   0% used [0x00007fd604600000, 0x00007fd604600000, 0x00007fd6a0190000)
  from space 318848K,   2% used [0x00007fd6b38f0000, 0x00007fd6b403bbb0, 0x00007fd6c7050000)
  to   space 318848K,   0% used [0x00007fd6a0190000, 0x00007fd6a0190000, 0x00007fd6b38f0000)
 tenured generation   total 6378052K, used 6377499K [0x00007fdb59b50000, 0x00007fdcdefe1000, 0x00007fe604600000)
   the space 6378052K,  99% used [0x00007fdb59b50000, 0x00007fdcdef56ce0, 0x00007fdcdef56e00, 0x00007fdcdefe1000)
 Metaspace       used 25067K, capacity 25499K, committed 25600K, reserved 26624K
}
Event: 53363.783 GC heap before
{Heap before GC invocations=49716 (full 4):
 def new generation   total 2870208K, used 2558830K [0x00007fd604600000, 0x00007fd6c7050000, 0x00007fdb59b50000)
  eden space 2551360K, 100% used [0x00007fd604600000, 0x00007fd6a0190000, 0x00007fd6a0190000)
  from space 318848K,   2% used [0x00007fd6b38f0000, 0x00007fd6b403bbb0, 0x00007fd6c7050000)
  to   space 318848K,   0% used [0x00007fd6a0190000, 0x00007fd6a0190000, 0x00007fd6b38f0000)
 tenured generation   total 6378052K, used 6377499K [0x00007fdb59b50000, 0x00007fdcdefe1000, 0x00007fe604600000)
   the space 6378052K,  99% used [0x00007fdb59b50000, 0x00007fdcdef56ce0, 0x00007fdcdef56e00, 0x00007fdcdefe1000)
 Metaspace       used 25067K, capacity 25499K, committed 25600K, reserved 26624K
}
Event: 53363.809 GC heap after
{Heap after GC invocations=49717 (full 4):
 def new generation   total 2870208K, used 7535K [0x00007fd604600000, 0x00007fd6c7050000, 0x00007fdb59b50000)
  eden space 2551360K,   0% used [0x00007fd604600000, 0x00007fd604600000, 0x00007fd6a0190000)
  from space 318848K,   2% used [0x00007fd6a0190000, 0x00007fd6a08ebeb0, 0x00007fd6b38f0000)
  to   space 318848K,   0% used [0x00007fd6b38f0000, 0x00007fd6b38f0000, 0x00007fd6c7050000)
 tenured generation   total 6378052K, used 6377971K [0x00007fdb59b50000, 0x00007fdcdefe1000, 0x00007fe604600000)
   the space 6378052K,  99% used [0x00007fdb59b50000, 0x00007fdcdefccee0, 0x00007fdcdefcd000, 0x00007fdcdefe1000)
 Metaspace       used 25067K, capacity 25499K, committed 25600K, reserved 26624K
}
Event: 53366.314 GC heap before
{Heap before GC invocations=49717 (full 4):
 def new generation   total 2870208K, used 2558895K [0x00007fd604600000, 0x00007fd6c7050000, 0x00007fdb59b50000)
  eden space 2551360K, 100% used [0x00007fd604600000, 0x00007fd6a0190000, 0x00007fd6a0190000)
  from space 318848K,   2% used [0x00007fd6a0190000, 0x00007fd6a08ebeb0, 0x00007fd6b38f0000)
  to   space 318848K,   0% used [0x00007fd6b38f0000, 0x00007fd6b38f0000, 0x00007fd6c7050000)
 tenured generation   total 6378052K, used 6377971K [0x00007fdb59b50000, 0x00007fdcdefe1000, 0x00007fe604600000)
   the space 6378052K,  99% used [0x00007fdb59b50000, 0x00007fdcdefccee0, 0x00007fdcdefcd000, 0x00007fdcdefe1000)
 Metaspace       used 25067K, capacity 25499K, committed 25600K, reserved 26624K
}
Event: 53366.336 GC heap after
{Heap after GC invocations=49718 (full 4):
 def new generation   total 2870208K, used 7502K [0x00007fd604600000, 0x00007fd6c7050000, 0x00007fdb59b50000)
  eden space 2551360K,   0% used [0x00007fd604600000, 0x00007fd604600000, 0x00007fd6a0190000)
  from space 318848K,   2% used [0x00007fd6b38f0000, 0x00007fd6b4043868, 0x00007fd6c7050000)
  to   space 318848K,   0% used [0x00007fd6a0190000, 0x00007fd6a0190000, 0x00007fd6b38f0000)
 tenured generation   total 6378628K, used 6378466K [0x00007fdb59b50000, 0x00007fdcdf071000, 0x00007fe604600000)
   the space 6378628K,  99% used [0x00007fdb59b50000, 0x00007fdcdf048ae0, 0x00007fdcdf048c00, 0x00007fdcdf071000)
 Metaspace       used 25067K, capacity 25499K, committed 25600K, reserved 26624K
}
Event: 53366.336 GC heap before
{Heap before GC invocations=49718 (full 4):
 def new generation   total 2870208K, used 7502K [0x00007fd604600000, 0x00007fd6c7050000, 0x00007fdb59b50000)
  eden space 2551360K,   0% used [0x00007fd604600000, 0x00007fd604600000, 0x00007fd6a0190000)
  from space 318848K,   2% used [0x00007fd6b38f0000, 0x00007fd6b4043868, 0x00007fd6c7050000)
  to   space 318848K,   0% used [0x00007fd6a0190000, 0x00007fd6a0190000, 0x00007fd6b38f0000)
 tenured generation   total 6378628K, used 6378466K [0x00007fdb59b50000, 0x00007fdcdf071000, 0x00007fe604600000)
   the space 6378628K,  99% used [0x00007fdb59b50000, 0x00007fdcdf048ae0, 0x00007fdcdf048c00, 0x00007fdcdf071000)
 Metaspace       used 25067K, capacity 25499K, committed 25600K, reserved 26624K
}

