# JRE version: OpenJDK Runtime Environment (13.0.7+5) (build 13.0.7+5-Ubuntu-0ubuntu120.04)
# Java VM: OpenJDK 64-Bit Server VM (13.0.7+5-Ubuntu-0ubuntu120.04, mixed mode, tiered, serial gc, linux-amd64)
Heap:
 def new generation   total 1048704K, used 1229K [0x00007fb6d8600000, 0x00007fb71f7e0000, 0x00007fbc2db50000)
  eden space 932224K,   0% used [0x00007fb6d8600000, 0x00007fb6d8733620, 0x00007fb711460000)
  from space 116480K,   0% used [0x00007fb718620000, 0x00007fb718620000, 0x00007fb71f7e0000)
  to   space 116480K,   0% used [0x00007fb711460000, 0x00007fb711460000, 0x00007fb718620000)
 tenured generation   total 2330432K, used 2330431K [0x00007fbc2db50000, 0x00007fbcbbf20000, 0x00007fc6d8600000)
   the space 2330432K,  99% used [0x00007fbc2db50000, 0x00007fbcbbf1fff0, 0x00007fbcbbf20000, 0x00007fbcbbf20000)
 Metaspace       used 24833K, capacity 25358K, committed 25600K, reserved 26624K
GC Heap History (20 events):
Event: 23197.188 GC heap after
{Heap after GC invocations=37908 (full 2):
 def new generation   total 1048704K, used 1334K [0x00007fb6d8600000, 0x00007fb71f7e0000, 0x00007fbc2db50000)
  eden space 932224K,   0% used [0x00007fb6d8600000, 0x00007fb6d8600000, 0x00007fb711460000)
  from space 116480K,   1% used [0x00007fb711460000, 0x00007fb7115ad8c8, 0x00007fb718620000)
  to   space 116480K,   0% used [0x00007fb718620000, 0x00007fb718620000, 0x00007fb71f7e0000)
 tenured generation   total 2330240K, used 2329484K [0x00007fbc2db50000, 0x00007fbcbbef0000, 0x00007fc6d8600000)
   the space 2330240K,  99% used [0x00007fbc2db50000, 0x00007fbcbbe33178, 0x00007fbcbbe33200, 0x00007fbcbbef0000)
 Metaspace       used 24833K, capacity 25358K, committed 25600K, reserved 26624K
}
Event: 23198.088 GC heap before
{Heap before GC invocations=37908 (full 2):
 def new generation   total 1048704K, used 933558K [0x00007fb6d8600000, 0x00007fb71f7e0000, 0x00007fbc2db50000)
  eden space 932224K, 100% used [0x00007fb6d8600000, 0x00007fb711460000, 0x00007fb711460000)
  from space 116480K,   1% used [0x00007fb711460000, 0x00007fb7115ad8c8, 0x00007fb718620000)
  to   space 116480K,   0% used [0x00007fb718620000, 0x00007fb718620000, 0x00007fb71f7e0000)
 tenured generation   total 2330240K, used 2329484K [0x00007fbc2db50000, 0x00007fbcbbef0000, 0x00007fc6d8600000)
   the space 2330240K,  99% used [0x00007fbc2db50000, 0x00007fbcbbe33178, 0x00007fbcbbe33200, 0x00007fbcbbef0000)
 Metaspace       used 24833K, capacity 25358K, committed 25600K, reserved 26624K
}
Event: 23198.095 GC heap after
{Heap after GC invocations=37909 (full 2):
 def new generation   total 1048704K, used 1356K [0x00007fb6d8600000, 0x00007fb71f7e0000, 0x00007fbc2db50000)
  eden space 932224K,   0% used [0x00007fb6d8600000, 0x00007fb6d8600000, 0x00007fb711460000)
  from space 116480K,   1% used [0x00007fb718620000, 0x00007fb718773258, 0x00007fb71f7e0000)
  to   space 116480K,   0% used [0x00007fb711460000, 0x00007fb711460000, 0x00007fb718620000)
 tenured generation   total 2330240K, used 2329565K [0x00007fbc2db50000, 0x00007fbcbbef0000, 0x00007fc6d8600000)
   the space 2330240K,  99% used [0x00007fbc2db50000, 0x00007fbcbbe47458, 0x00007fbcbbe47600, 0x00007fbcbbef0000)
 Metaspace       used 24833K, capacity 25358K, committed 25600K, reserved 26624K
}
Event: 23198.990 GC heap before
{Heap before GC invocations=37909 (full 2):
 def new generation   total 1048704K, used 933580K [0x00007fb6d8600000, 0x00007fb71f7e0000, 0x00007fbc2db50000)
  eden space 932224K, 100% used [0x00007fb6d8600000, 0x00007fb711460000, 0x00007fb711460000)
  from space 116480K,   1% used [0x00007fb718620000, 0x00007fb718773258, 0x00007fb71f7e0000)
  to   space 116480K,   0% used [0x00007fb711460000, 0x00007fb711460000, 0x00007fb718620000)
 tenured generation   total 2330240K, used 2329565K [0x00007fbc2db50000, 0x00007fbcbbef0000, 0x00007fc6d8600000)
   the space 2330240K,  99% used [0x00007fbc2db50000, 0x00007fbcbbe47458, 0x00007fbcbbe47600, 0x00007fbcbbef0000)
 Metaspace       used 24833K, capacity 25358K, committed 25600K, reserved 26624K
}
Event: 23198.996 GC heap after
{Heap after GC invocations=37910 (full 2):
 def new generation   total 1048704K, used 1372K [0x00007fb6d8600000, 0x00007fb71f7e0000, 0x00007fbc2db50000)
  eden space 932224K,   0% used [0x00007fb6d8600000, 0x00007fb6d8600000, 0x00007fb711460000)
  from space 116480K,   1% used [0x00007fb711460000, 0x00007fb7115b7040, 0x00007fb718620000)
  to   space 116480K,   0% used [0x00007fb718620000, 0x00007fb718620000, 0x00007fb71f7e0000)
 tenured generation   total 2330240K, used 2329645K [0x00007fbc2db50000, 0x00007fbcbbef0000, 0x00007fc6d8600000)
   the space 2330240K,  99% used [0x00007fbc2db50000, 0x00007fbcbbe5b738, 0x00007fbcbbe5b800, 0x00007fbcbbef0000)
 Metaspace       used 24833K, capacity 25358K, committed 25600K, reserved 26624K
}
Event: 23199.901 GC heap before
{Heap before GC invocations=37910 (full 2):
 def new generation   total 1048704K, used 933596K [0x00007fb6d8600000, 0x00007fb71f7e0000, 0x00007fbc2db50000)
  eden space 932224K, 100% used [0x00007fb6d8600000, 0x00007fb711460000, 0x00007fb711460000)
  from space 116480K,   1% used [0x00007fb711460000, 0x00007fb7115b7040, 0x00007fb718620000)
  to   space 116480K,   0% used [0x00007fb718620000, 0x00007fb718620000, 0x00007fb71f7e0000)
 tenured generation   total 2330240K, used 2329645K [0x00007fbc2db50000, 0x00007fbcbbef0000, 0x00007fc6d8600000)
   the space 2330240K,  99% used [0x00007fbc2db50000, 0x00007fbcbbe5b738, 0x00007fbcbbe5b800, 0x00007fbcbbef0000)
 Metaspace       used 24833K, capacity 25358K, committed 25600K, reserved 26624K
}
Event: 23199.907 GC heap after
{Heap after GC invocations=37911 (full 2):
 def new generation   total 1048704K, used 1332K [0x00007fb6d8600000, 0x00007fb71f7e0000, 0x00007fbc2db50000)
  eden space 932224K,   0% used [0x00007fb6d8600000, 0x00007fb6d8600000, 0x00007fb711460000)
  from space 116480K,   1% used [0x00007fb718620000, 0x00007fb71876d2d0, 0x00007fb71f7e0000)
  to   space 116480K,   0% used [0x00007fb711460000, 0x00007fb711460000, 0x00007fb718620000)
 tenured generation   total 2330240K, used 2329766K [0x00007fbc2db50000, 0x00007fbcbbef0000, 0x00007fc6d8600000)
   the space 2330240K,  99% used [0x00007fbc2db50000, 0x00007fbcbbe79b88, 0x00007fbcbbe79c00, 0x00007fbcbbef0000)
 Metaspace       used 24833K, capacity 25358K, committed 25600K, reserved 26624K
}
Event: 23200.860 GC heap before
{Heap before GC invocations=37911 (full 2):
 def new generation   total 1048704K, used 933556K [0x00007fb6d8600000, 0x00007fb71f7e0000, 0x00007fbc2db50000)
  eden space 932224K, 100% used [0x00007fb6d8600000, 0x00007fb711460000, 0x00007fb711460000)
  from space 116480K,   1% used [0x00007fb718620000, 0x00007fb71876d2d0, 0x00007fb71f7e0000)
  to   space 116480K,   0% used [0x00007fb711460000, 0x00007fb711460000, 0x00007fb718620000)
 tenured generation   total 2330240K, used 2329766K [0x00007fbc2db50000, 0x00007fbcbbef0000, 0x00007fc6d8600000)
   the space 2330240K,  99% used [0x00007fbc2db50000, 0x00007fbcbbe79b88, 0x00007fbcbbe79c00, 0x00007fbcbbef0000)
 Metaspace       used 24833K, capacity 25358K, committed 25600K, reserved 26624K
}
Event: 23200.865 GC heap after
{Heap after GC invocations=37912 (full 2):
 def new generation   total 1048704K, used 1350K [0x00007fb6d8600000, 0x00007fb71f7e0000, 0x00007fbc2db50000)
  eden space 932224K,   0% used [0x00007fb6d8600000, 0x00007fb6d8600000, 0x00007fb711460000)
  from space 116480K,   1% used [0x00007fb711460000, 0x00007fb7115b1ba0, 0x00007fb718620000)
  to   space 116480K,   0% used [0x00007fb718620000, 0x00007fb718620000, 0x00007fb71f7e0000)
 tenured generation   total 2330240K, used 2329847K [0x00007fbc2db50000, 0x00007fbcbbef0000, 0x00007fc6d8600000)
   the space 2330240K,  99% used [0x00007fbc2db50000, 0x00007fbcbbe8de68, 0x00007fbcbbe8e000, 0x00007fbcbbef0000)
 Metaspace       used 24833K, capacity 25358K, committed 25600K, reserved 26624K
}
Event: 23201.796 GC heap before
{Heap before GC invocations=37912 (full 2):
 def new generation   total 1048704K, used 933574K [0x00007fb6d8600000, 0x00007fb71f7e0000, 0x00007fbc2db50000)
  eden space 932224K, 100% used [0x00007fb6d8600000, 0x00007fb711460000, 0x00007fb711460000)
  from space 116480K,   1% used [0x00007fb711460000, 0x00007fb7115b1ba0, 0x00007fb718620000)
  to   space 116480K,   0% used [0x00007fb718620000, 0x00007fb718620000, 0x00007fb71f7e0000)
 tenured generation   total 2330240K, used 2329847K [0x00007fbc2db50000, 0x00007fbcbbef0000, 0x00007fc6d8600000)
   the space 2330240K,  99% used [0x00007fbc2db50000, 0x00007fbcbbe8de68, 0x00007fbcbbe8e000, 0x00007fbcbbef0000)
 Metaspace       used 24833K, capacity 25358K, committed 25600K, reserved 26624K
}
Event: 23201.803 GC heap after
{Heap after GC invocations=37913 (full 2):
 def new generation   total 1048704K, used 1385K [0x00007fb6d8600000, 0x00007fb71f7e0000, 0x00007fbc2db50000)
  eden space 932224K,   0% used [0x00007fb6d8600000, 0x00007fb6d8600000, 0x00007fb711460000)
  from space 116480K,   1% used [0x00007fb718620000, 0x00007fb71877a508, 0x00007fb71f7e0000)
  to   space 116480K,   0% used [0x00007fb711460000, 0x00007fb711460000, 0x00007fb718620000)
 tenured generation   total 2330240K, used 2329928K [0x00007fbc2db50000, 0x00007fbcbbef0000, 0x00007fc6d8600000)
   the space 2330240K,  99% used [0x00007fbc2db50000, 0x00007fbcbbea2148, 0x00007fbcbbea2200, 0x00007fbcbbef0000)
 Metaspace       used 24833K, capacity 25358K, committed 25600K, reserved 26624K
}
Event: 23202.761 GC heap before
{Heap before GC invocations=37913 (full 2):
 def new generation   total 1048704K, used 933609K [0x00007fb6d8600000, 0x00007fb71f7e0000, 0x00007fbc2db50000)
  eden space 932224K, 100% used [0x00007fb6d8600000, 0x00007fb711460000, 0x00007fb711460000)
  from space 116480K,   1% used [0x00007fb718620000, 0x00007fb71877a508, 0x00007fb71f7e0000)
  to   space 116480K,   0% used [0x00007fb711460000, 0x00007fb711460000, 0x00007fb718620000)
 tenured generation   total 2330240K, used 2329928K [0x00007fbc2db50000, 0x00007fbcbbef0000, 0x00007fc6d8600000)
   the space 2330240K,  99% used [0x00007fbc2db50000, 0x00007fbcbbea2148, 0x00007fbcbbea2200, 0x00007fbcbbef0000)
 Metaspace       used 24833K, capacity 25358K, committed 25600K, reserved 26624K
}
Event: 23202.768 GC heap after
{Heap after GC invocations=37914 (full 2):
 def new generation   total 1048704K, used 1385K [0x00007fb6d8600000, 0x00007fb71f7e0000, 0x00007fbc2db50000)
  eden space 932224K,   0% used [0x00007fb6d8600000, 0x00007fb6d8600000, 0x00007fb711460000)
  from space 116480K,   1% used [0x00007fb711460000, 0x00007fb7115ba428, 0x00007fb718620000)
  to   space 116480K,   0% used [0x00007fb718620000, 0x00007fb718620000, 0x00007fb71f7e0000)
 tenured generation   total 2330240K, used 2330009K [0x00007fbc2db50000, 0x00007fbcbbef0000, 0x00007fc6d8600000)
   the space 2330240K,  99% used [0x00007fbc2db50000, 0x00007fbcbbeb6428, 0x00007fbcbbeb6600, 0x00007fbcbbef0000)
 Metaspace       used 24833K, capacity 25358K, committed 25600K, reserved 26624K
}
Event: 23203.725 GC heap before
{Heap before GC invocations=37914 (full 2):
 def new generation   total 1048704K, used 933609K [0x00007fb6d8600000, 0x00007fb71f7e0000, 0x00007fbc2db50000)
  eden space 932224K, 100% used [0x00007fb6d8600000, 0x00007fb711460000, 0x00007fb711460000)
  from space 116480K,   1% used [0x00007fb711460000, 0x00007fb7115ba428, 0x00007fb718620000)
  to   space 116480K,   0% used [0x00007fb718620000, 0x00007fb718620000, 0x00007fb71f7e0000)
 tenured generation   total 2330240K, used 2330009K [0x00007fbc2db50000, 0x00007fbcbbef0000, 0x00007fc6d8600000)
   the space 2330240K,  99% used [0x00007fbc2db50000, 0x00007fbcbbeb6428, 0x00007fbcbbeb6600, 0x00007fbcbbef0000)
 Metaspace       used 24833K, capacity 25358K, committed 25600K, reserved 26624K
}
Event: 23203.732 GC heap after
{Heap after GC invocations=37915 (full 2):
 def new generation   total 1048704K, used 1400K [0x00007fb6d8600000, 0x00007fb71f7e0000, 0x00007fbc2db50000)
  eden space 932224K,   0% used [0x00007fb6d8600000, 0x00007fb6d8600000, 0x00007fb711460000)
  from space 116480K,   1% used [0x00007fb718620000, 0x00007fb71877e3c8, 0x00007fb71f7e0000)
  to   space 116480K,   0% used [0x00007fb711460000, 0x00007fb711460000, 0x00007fb718620000)
 tenured generation   total 2330240K, used 2330089K [0x00007fbc2db50000, 0x00007fbcbbef0000, 0x00007fc6d8600000)
   the space 2330240K,  99% used [0x00007fbc2db50000, 0x00007fbcbbeca708, 0x00007fbcbbeca800, 0x00007fbcbbef0000)
 Metaspace       used 24833K, capacity 25358K, committed 25600K, reserved 26624K
}
Event: 23204.646 GC heap before
{Heap before GC invocations=37915 (full 2):
 def new generation   total 1048704K, used 933624K [0x00007fb6d8600000, 0x00007fb71f7e0000, 0x00007fbc2db50000)
  eden space 932224K, 100% used [0x00007fb6d8600000, 0x00007fb711460000, 0x00007fb711460000)
  from space 116480K,   1% used [0x00007fb718620000, 0x00007fb71877e3c8, 0x00007fb71f7e0000)
  to   space 116480K,   0% used [0x00007fb711460000, 0x00007fb711460000, 0x00007fb718620000)
 tenured generation   total 2330240K, used 2330089K [0x00007fbc2db50000, 0x00007fbcbbef0000, 0x00007fc6d8600000)
   the space 2330240K,  99% used [0x00007fbc2db50000, 0x00007fbcbbeca708, 0x00007fbcbbeca800, 0x00007fbcbbef0000)
 Metaspace       used 24833K, capacity 25358K, committed 25600K, reserved 26624K
}
Event: 23204.653 GC heap after
{Heap after GC invocations=37916 (full 2):
 def new generation   total 1048704K, used 1414K [0x00007fb6d8600000, 0x00007fb71f7e0000, 0x00007fbc2db50000)
  eden space 932224K,   0% used [0x00007fb6d8600000, 0x00007fb6d8600000, 0x00007fb711460000)
  from space 116480K,   1% used [0x00007fb711460000, 0x00007fb7115c1a00, 0x00007fb718620000)
  to   space 116480K,   0% used [0x00007fb718620000, 0x00007fb718620000, 0x00007fb71f7e0000)
 tenured generation   total 2330240K, used 2330170K [0x00007fbc2db50000, 0x00007fbcbbef0000, 0x00007fc6d8600000)
   the space 2330240K,  99% used [0x00007fbc2db50000, 0x00007fbcbbede9e8, 0x00007fbcbbedea00, 0x00007fbcbbef0000)
 Metaspace       used 24833K, capacity 25358K, committed 25600K, reserved 26624K
}
Event: 23205.535 GC heap before
{Heap before GC invocations=37916 (full 2):
 def new generation   total 1048704K, used 933638K [0x00007fb6d8600000, 0x00007fb71f7e0000, 0x00007fbc2db50000)
  eden space 932224K, 100% used [0x00007fb6d8600000, 0x00007fb711460000, 0x00007fb711460000)
  from space 116480K,   1% used [0x00007fb711460000, 0x00007fb7115c1a00, 0x00007fb718620000)
  to   space 116480K,   0% used [0x00007fb718620000, 0x00007fb718620000, 0x00007fb71f7e0000)
 tenured generation   total 2330240K, used 2330170K [0x00007fbc2db50000, 0x00007fbcbbef0000, 0x00007fc6d8600000)
   the space 2330240K,  99% used [0x00007fbc2db50000, 0x00007fbcbbede9e8, 0x00007fbcbbedea00, 0x00007fbcbbef0000)
 Metaspace       used 24833K, capacity 25358K, committed 25600K, reserved 26624K
}
Event: 23205.543 GC heap after
{Heap after GC invocations=37917 (full 2):
 def new generation   total 1048704K, used 1410K [0x00007fb6d8600000, 0x00007fb71f7e0000, 0x00007fbc2db50000)
  eden space 932224K,   0% used [0x00007fb6d8600000, 0x00007fb6d8600000, 0x00007fb711460000)
  from space 116480K,   1% used [0x00007fb718620000, 0x00007fb718780948, 0x00007fb71f7e0000)
  to   space 116480K,   0% used [0x00007fb711460000, 0x00007fb711460000, 0x00007fb718620000)
 tenured generation   total 2330432K, used 2330251K [0x00007fbc2db50000, 0x00007fbcbbf20000, 0x00007fc6d8600000)
   the space 2330432K,  99% used [0x00007fbc2db50000, 0x00007fbcbbef2cc8, 0x00007fbcbbef2e00, 0x00007fbcbbf20000)
 Metaspace       used 24833K, capacity 25358K, committed 25600K, reserved 26624K
}
Event: 23205.543 GC heap before
{Heap before GC invocations=37917 (full 2):
 def new generation   total 1048704K, used 1410K [0x00007fb6d8600000, 0x00007fb71f7e0000, 0x00007fbc2db50000)
  eden space 932224K,   0% used [0x00007fb6d8600000, 0x00007fb6d8600000, 0x00007fb711460000)
  from space 116480K,   1% used [0x00007fb718620000, 0x00007fb718780948, 0x00007fb71f7e0000)
  to   space 116480K,   0% used [0x00007fb711460000, 0x00007fb711460000, 0x00007fb718620000)
 tenured generation   total 2330432K, used 2330251K [0x00007fbc2db50000, 0x00007fbcbbf20000, 0x00007fc6d8600000)
   the space 2330432K,  99% used [0x00007fbc2db50000, 0x00007fbcbbef2cc8, 0x00007fbcbbef2e00, 0x00007fbcbbf20000)
 Metaspace       used 24833K, capacity 25358K, committed 25600K, reserved 26624K
}

