# JRE version: OpenJDK Runtime Environment (13.0.7+5) (build 13.0.7+5-Ubuntu-0ubuntu120.04)
# Java VM: OpenJDK 64-Bit Server VM (13.0.7+5-Ubuntu-0ubuntu120.04, mixed mode, tiered, serial gc, linux-amd64)
Heap:
 def new generation   total 2865152K, used 6305K [0x00007f367c600000, 0x00007f373eae0000, 0x00007f3bd1b50000)
  eden space 2546816K,   0% used [0x00007f367c600000, 0x00007f367cc287a8, 0x00007f3717d20000)
  from space 318336K,   0% used [0x00007f372b400000, 0x00007f372b400000, 0x00007f373eae0000)
  to   space 318336K,   0% used [0x00007f3717d20000, 0x00007f3717d20000, 0x00007f372b400000)
 tenured generation   total 6367288K, used 6367287K [0x00007f3bd1b50000, 0x00007f3d5655e000, 0x00007f467c600000)
   the space 6367288K,  99% used [0x00007f3bd1b50000, 0x00007f3d5655dfc0, 0x00007f3d5655e000, 0x00007f3d5655e000)
 Metaspace       used 25080K, capacity 25562K, committed 25600K, reserved 26624K
GC Heap History (20 events):
Event: 57959.108 GC heap after
{Heap after GC invocations=55571 (full 4):
 def new generation   total 2865152K, used 6422K [0x00007f367c600000, 0x00007f373eae0000, 0x00007f3bd1b50000)
  eden space 2546816K,   0% used [0x00007f367c600000, 0x00007f367c600000, 0x00007f3717d20000)
  from space 318336K,   2% used [0x00007f3717d20000, 0x00007f3718365930, 0x00007f372b400000)
  to   space 318336K,   0% used [0x00007f372b400000, 0x00007f372b400000, 0x00007f373eae0000)
 tenured generation   total 6366904K, used 6363297K [0x00007f3bd1b50000, 0x00007f3d564fe000, 0x00007f467c600000)
   the space 6366904K,  99% used [0x00007f3bd1b50000, 0x00007f3d56178580, 0x00007f3d56178600, 0x00007f3d564fe000)
 Metaspace       used 25080K, capacity 25562K, committed 25600K, reserved 26624K
}
Event: 57961.523 GC heap before
{Heap before GC invocations=55571 (full 4):
 def new generation   total 2865152K, used 2553238K [0x00007f367c600000, 0x00007f373eae0000, 0x00007f3bd1b50000)
  eden space 2546816K, 100% used [0x00007f367c600000, 0x00007f3717d20000, 0x00007f3717d20000)
  from space 318336K,   2% used [0x00007f3717d20000, 0x00007f3718365930, 0x00007f372b400000)
  to   space 318336K,   0% used [0x00007f372b400000, 0x00007f372b400000, 0x00007f373eae0000)
 tenured generation   total 6366904K, used 6363297K [0x00007f3bd1b50000, 0x00007f3d564fe000, 0x00007f467c600000)
   the space 6366904K,  99% used [0x00007f3bd1b50000, 0x00007f3d56178580, 0x00007f3d56178600, 0x00007f3d564fe000)
 Metaspace       used 25080K, capacity 25562K, committed 25600K, reserved 26624K
}
Event: 57961.552 GC heap after
{Heap after GC invocations=55572 (full 4):
 def new generation   total 2865152K, used 6514K [0x00007f367c600000, 0x00007f373eae0000, 0x00007f3bd1b50000)
  eden space 2546816K,   0% used [0x00007f367c600000, 0x00007f367c600000, 0x00007f3717d20000)
  from space 318336K,   2% used [0x00007f372b400000, 0x00007f372ba5c918, 0x00007f373eae0000)
  to   space 318336K,   0% used [0x00007f3717d20000, 0x00007f3717d20000, 0x00007f372b400000)
 tenured generation   total 6366904K, used 6363724K [0x00007f3bd1b50000, 0x00007f3d564fe000, 0x00007f467c600000)
   the space 6366904K,  99% used [0x00007f3bd1b50000, 0x00007f3d561e3308, 0x00007f3d561e3400, 0x00007f3d564fe000)
 Metaspace       used 25080K, capacity 25562K, committed 25600K, reserved 26624K
}
Event: 57963.930 GC heap before
{Heap before GC invocations=55572 (full 4):
 def new generation   total 2865152K, used 2553330K [0x00007f367c600000, 0x00007f373eae0000, 0x00007f3bd1b50000)
  eden space 2546816K, 100% used [0x00007f367c600000, 0x00007f3717d20000, 0x00007f3717d20000)
  from space 318336K,   2% used [0x00007f372b400000, 0x00007f372ba5c918, 0x00007f373eae0000)
  to   space 318336K,   0% used [0x00007f3717d20000, 0x00007f3717d20000, 0x00007f372b400000)
 tenured generation   total 6366904K, used 6363724K [0x00007f3bd1b50000, 0x00007f3d564fe000, 0x00007f467c600000)
   the space 6366904K,  99% used [0x00007f3bd1b50000, 0x00007f3d561e3308, 0x00007f3d561e3400, 0x00007f3d564fe000)
 Metaspace       used 25080K, capacity 25562K, committed 25600K, reserved 26624K
}
Event: 57963.949 GC heap after
{Heap after GC invocations=55573 (full 4):
 def new generation   total 2865152K, used 6583K [0x00007f367c600000, 0x00007f373eae0000, 0x00007f3bd1b50000)
  eden space 2546816K,   0% used [0x00007f367c600000, 0x00007f367c600000, 0x00007f3717d20000)
  from space 318336K,   2% used [0x00007f3717d20000, 0x00007f371838dde0, 0x00007f372b400000)
  to   space 318336K,   0% used [0x00007f372b400000, 0x00007f372b400000, 0x00007f373eae0000)
 tenured generation   total 6366904K, used 6364152K [0x00007f3bd1b50000, 0x00007f3d564fe000, 0x00007f467c600000)
   the space 6366904K,  99% used [0x00007f3bd1b50000, 0x00007f3d5624e090, 0x00007f3d5624e200, 0x00007f3d564fe000)
 Metaspace       used 25080K, capacity 25562K, committed 25600K, reserved 26624K
}
Event: 57966.436 GC heap before
{Heap before GC invocations=55573 (full 4):
 def new generation   total 2865152K, used 2553399K [0x00007f367c600000, 0x00007f373eae0000, 0x00007f3bd1b50000)
  eden space 2546816K, 100% used [0x00007f367c600000, 0x00007f3717d20000, 0x00007f3717d20000)
  from space 318336K,   2% used [0x00007f3717d20000, 0x00007f371838dde0, 0x00007f372b400000)
  to   space 318336K,   0% used [0x00007f372b400000, 0x00007f372b400000, 0x00007f373eae0000)
 tenured generation   total 6366904K, used 6364152K [0x00007f3bd1b50000, 0x00007f3d564fe000, 0x00007f467c600000)
   the space 6366904K,  99% used [0x00007f3bd1b50000, 0x00007f3d5624e090, 0x00007f3d5624e200, 0x00007f3d564fe000)
 Metaspace       used 25080K, capacity 25562K, committed 25600K, reserved 26624K
}
Event: 57966.458 GC heap after
{Heap after GC invocations=55574 (full 4):
 def new generation   total 2865152K, used 6569K [0x00007f367c600000, 0x00007f373eae0000, 0x00007f3bd1b50000)
  eden space 2546816K,   0% used [0x00007f367c600000, 0x00007f367c600000, 0x00007f3717d20000)
  from space 318336K,   2% used [0x00007f372b400000, 0x00007f372ba6a5c0, 0x00007f373eae0000)
  to   space 318336K,   0% used [0x00007f3717d20000, 0x00007f3717d20000, 0x00007f372b400000)
 tenured generation   total 6366904K, used 6364579K [0x00007f3bd1b50000, 0x00007f3d564fe000, 0x00007f467c600000)
   the space 6366904K,  99% used [0x00007f3bd1b50000, 0x00007f3d562b8e18, 0x00007f3d562b9000, 0x00007f3d564fe000)
 Metaspace       used 25080K, capacity 25562K, committed 25600K, reserved 26624K
}
Event: 57968.975 GC heap before
{Heap before GC invocations=55574 (full 4):
 def new generation   total 2865152K, used 2553385K [0x00007f367c600000, 0x00007f373eae0000, 0x00007f3bd1b50000)
  eden space 2546816K, 100% used [0x00007f367c600000, 0x00007f3717d20000, 0x00007f3717d20000)
  from space 318336K,   2% used [0x00007f372b400000, 0x00007f372ba6a5c0, 0x00007f373eae0000)
  to   space 318336K,   0% used [0x00007f3717d20000, 0x00007f3717d20000, 0x00007f372b400000)
 tenured generation   total 6366904K, used 6364579K [0x00007f3bd1b50000, 0x00007f3d564fe000, 0x00007f467c600000)
   the space 6366904K,  99% used [0x00007f3bd1b50000, 0x00007f3d562b8e18, 0x00007f3d562b9000, 0x00007f3d564fe000)
 Metaspace       used 25080K, capacity 25562K, committed 25600K, reserved 26624K
}
Event: 57968.994 GC heap after
{Heap after GC invocations=55575 (full 4):
 def new generation   total 2865152K, used 6569K [0x00007f367c600000, 0x00007f373eae0000, 0x00007f3bd1b50000)
  eden space 2546816K,   0% used [0x00007f367c600000, 0x00007f367c600000, 0x00007f3717d20000)
  from space 318336K,   2% used [0x00007f3717d20000, 0x00007f371838a658, 0x00007f372b400000)
  to   space 318336K,   0% used [0x00007f372b400000, 0x00007f372b400000, 0x00007f373eae0000)
 tenured generation   total 6366904K, used 6364986K [0x00007f3bd1b50000, 0x00007f3d564fe000, 0x00007f467c600000)
   the space 6366904K,  99% used [0x00007f3bd1b50000, 0x00007f3d5631ea38, 0x00007f3d5631ec00, 0x00007f3d564fe000)
 Metaspace       used 25080K, capacity 25562K, committed 25600K, reserved 26624K
}
Event: 57971.607 GC heap before
{Heap before GC invocations=55575 (full 4):
 def new generation   total 2865152K, used 2553385K [0x00007f367c600000, 0x00007f373eae0000, 0x00007f3bd1b50000)
  eden space 2546816K, 100% used [0x00007f367c600000, 0x00007f3717d20000, 0x00007f3717d20000)
  from space 318336K,   2% used [0x00007f3717d20000, 0x00007f371838a658, 0x00007f372b400000)
  to   space 318336K,   0% used [0x00007f372b400000, 0x00007f372b400000, 0x00007f373eae0000)
 tenured generation   total 6366904K, used 6364986K [0x00007f3bd1b50000, 0x00007f3d564fe000, 0x00007f467c600000)
   the space 6366904K,  99% used [0x00007f3bd1b50000, 0x00007f3d5631ea38, 0x00007f3d5631ec00, 0x00007f3d564fe000)
 Metaspace       used 25080K, capacity 25562K, committed 25600K, reserved 26624K
}
Event: 57971.626 GC heap after
{Heap after GC invocations=55576 (full 4):
 def new generation   total 2865152K, used 6569K [0x00007f367c600000, 0x00007f373eae0000, 0x00007f3bd1b50000)
  eden space 2546816K,   0% used [0x00007f367c600000, 0x00007f367c600000, 0x00007f3717d20000)
  from space 318336K,   2% used [0x00007f372b400000, 0x00007f372ba6a670, 0x00007f373eae0000)
  to   space 318336K,   0% used [0x00007f3717d20000, 0x00007f3717d20000, 0x00007f372b400000)
 tenured generation   total 6366904K, used 6365413K [0x00007f3bd1b50000, 0x00007f3d564fe000, 0x00007f467c600000)
   the space 6366904K,  99% used [0x00007f3bd1b50000, 0x00007f3d563897c0, 0x00007f3d56389800, 0x00007f3d564fe000)
 Metaspace       used 25080K, capacity 25562K, committed 25600K, reserved 26624K
}
Event: 57974.071 GC heap before
{Heap before GC invocations=55576 (full 4):
 def new generation   total 2865152K, used 2553385K [0x00007f367c600000, 0x00007f373eae0000, 0x00007f3bd1b50000)
  eden space 2546816K, 100% used [0x00007f367c600000, 0x00007f3717d20000, 0x00007f3717d20000)
  from space 318336K,   2% used [0x00007f372b400000, 0x00007f372ba6a670, 0x00007f373eae0000)
  to   space 318336K,   0% used [0x00007f3717d20000, 0x00007f3717d20000, 0x00007f372b400000)
 tenured generation   total 6366904K, used 6365413K [0x00007f3bd1b50000, 0x00007f3d564fe000, 0x00007f467c600000)
   the space 6366904K,  99% used [0x00007f3bd1b50000, 0x00007f3d563897c0, 0x00007f3d56389800, 0x00007f3d564fe000)
 Metaspace       used 25080K, capacity 25562K, committed 25600K, reserved 26624K
}
Event: 57974.093 GC heap after
{Heap after GC invocations=55577 (full 4):
 def new generation   total 2865152K, used 6580K [0x00007f367c600000, 0x00007f373eae0000, 0x00007f3bd1b50000)
  eden space 2546816K,   0% used [0x00007f367c600000, 0x00007f367c600000, 0x00007f3717d20000)
  from space 318336K,   2% used [0x00007f3717d20000, 0x00007f371838d328, 0x00007f372b400000)
  to   space 318336K,   0% used [0x00007f372b400000, 0x00007f372b400000, 0x00007f373eae0000)
 tenured generation   total 6366904K, used 6365841K [0x00007f3bd1b50000, 0x00007f3d564fe000, 0x00007f467c600000)
   the space 6366904K,  99% used [0x00007f3bd1b50000, 0x00007f3d563f4548, 0x00007f3d563f4600, 0x00007f3d564fe000)
 Metaspace       used 25080K, capacity 25562K, committed 25600K, reserved 26624K
}
Event: 57976.539 GC heap before
{Heap before GC invocations=55577 (full 4):
 def new generation   total 2865152K, used 2553396K [0x00007f367c600000, 0x00007f373eae0000, 0x00007f3bd1b50000)
  eden space 2546816K, 100% used [0x00007f367c600000, 0x00007f3717d20000, 0x00007f3717d20000)
  from space 318336K,   2% used [0x00007f3717d20000, 0x00007f371838d328, 0x00007f372b400000)
  to   space 318336K,   0% used [0x00007f372b400000, 0x00007f372b400000, 0x00007f373eae0000)
 tenured generation   total 6366904K, used 6365841K [0x00007f3bd1b50000, 0x00007f3d564fe000, 0x00007f467c600000)
   the space 6366904K,  99% used [0x00007f3bd1b50000, 0x00007f3d563f4548, 0x00007f3d563f4600, 0x00007f3d564fe000)
 Metaspace       used 25080K, capacity 25562K, committed 25600K, reserved 26624K
}
Event: 57976.564 GC heap after
{Heap after GC invocations=55578 (full 4):
 def new generation   total 2865152K, used 6556K [0x00007f367c600000, 0x00007f373eae0000, 0x00007f3bd1b50000)
  eden space 2546816K,   0% used [0x00007f367c600000, 0x00007f367c600000, 0x00007f3717d20000)
  from space 318336K,   2% used [0x00007f372b400000, 0x00007f372ba673e8, 0x00007f373eae0000)
  to   space 318336K,   0% used [0x00007f3717d20000, 0x00007f3717d20000, 0x00007f372b400000)
 tenured generation   total 6366904K, used 6366268K [0x00007f3bd1b50000, 0x00007f3d564fe000, 0x00007f467c600000)
   the space 6366904K,  99% used [0x00007f3bd1b50000, 0x00007f3d5645f2d0, 0x00007f3d5645f400, 0x00007f3d564fe000)
 Metaspace       used 25080K, capacity 25562K, committed 25600K, reserved 26624K
}
Event: 57979.009 GC heap before
{Heap before GC invocations=55578 (full 4):
 def new generation   total 2865152K, used 2553372K [0x00007f367c600000, 0x00007f373eae0000, 0x00007f3bd1b50000)
  eden space 2546816K, 100% used [0x00007f367c600000, 0x00007f3717d20000, 0x00007f3717d20000)
  from space 318336K,   2% used [0x00007f372b400000, 0x00007f372ba673e8, 0x00007f373eae0000)
  to   space 318336K,   0% used [0x00007f3717d20000, 0x00007f3717d20000, 0x00007f372b400000)
 tenured generation   total 6366904K, used 6366268K [0x00007f3bd1b50000, 0x00007f3d564fe000, 0x00007f467c600000)
   the space 6366904K,  99% used [0x00007f3bd1b50000, 0x00007f3d5645f2d0, 0x00007f3d5645f400, 0x00007f3d564fe000)
 Metaspace       used 25080K, capacity 25562K, committed 25600K, reserved 26624K
}
Event: 57979.026 GC heap after
{Heap after GC invocations=55579 (full 4):
 def new generation   total 2865152K, used 6568K [0x00007f367c600000, 0x00007f373eae0000, 0x00007f3bd1b50000)
  eden space 2546816K,   0% used [0x00007f367c600000, 0x00007f367c600000, 0x00007f3717d20000)
  from space 318336K,   2% used [0x00007f3717d20000, 0x00007f371838a3c8, 0x00007f372b400000)
  to   space 318336K,   0% used [0x00007f372b400000, 0x00007f372b400000, 0x00007f373eae0000)
 tenured generation   total 6366904K, used 6366696K [0x00007f3bd1b50000, 0x00007f3d564fe000, 0x00007f467c600000)
   the space 6366904K,  99% used [0x00007f3bd1b50000, 0x00007f3d564ca058, 0x00007f3d564ca200, 0x00007f3d564fe000)
 Metaspace       used 25080K, capacity 25562K, committed 25600K, reserved 26624K
}
Event: 57981.442 GC heap before
{Heap before GC invocations=55579 (full 4):
 def new generation   total 2865152K, used 2553384K [0x00007f367c600000, 0x00007f373eae0000, 0x00007f3bd1b50000)
  eden space 2546816K, 100% used [0x00007f367c600000, 0x00007f3717d20000, 0x00007f3717d20000)
  from space 318336K,   2% used [0x00007f3717d20000, 0x00007f371838a3c8, 0x00007f372b400000)
  to   space 318336K,   0% used [0x00007f372b400000, 0x00007f372b400000, 0x00007f373eae0000)
 tenured generation   total 6366904K, used 6366696K [0x00007f3bd1b50000, 0x00007f3d564fe000, 0x00007f467c600000)
   the space 6366904K,  99% used [0x00007f3bd1b50000, 0x00007f3d564ca058, 0x00007f3d564ca200, 0x00007f3d564fe000)
 Metaspace       used 25080K, capacity 25562K, committed 25600K, reserved 26624K
}
Event: 57981.463 GC heap after
{Heap after GC invocations=55580 (full 4):
 def new generation   total 2865152K, used 6552K [0x00007f367c600000, 0x00007f373eae0000, 0x00007f3bd1b50000)
  eden space 2546816K,   0% used [0x00007f367c600000, 0x00007f367c600000, 0x00007f3717d20000)
  from space 318336K,   2% used [0x00007f372b400000, 0x00007f372ba661e8, 0x00007f373eae0000)
  to   space 318336K,   0% used [0x00007f3717d20000, 0x00007f3717d20000, 0x00007f372b400000)
 tenured generation   total 6367288K, used 6367123K [0x00007f3bd1b50000, 0x00007f3d5655e000, 0x00007f467c600000)
   the space 6367288K,  99% used [0x00007f3bd1b50000, 0x00007f3d56534de0, 0x00007f3d56534e00, 0x00007f3d5655e000)
 Metaspace       used 25080K, capacity 25562K, committed 25600K, reserved 26624K
}
Event: 57981.463 GC heap before
{Heap before GC invocations=55580 (full 4):
 def new generation   total 2865152K, used 6552K [0x00007f367c600000, 0x00007f373eae0000, 0x00007f3bd1b50000)
  eden space 2546816K,   0% used [0x00007f367c600000, 0x00007f367c600000, 0x00007f3717d20000)
  from space 318336K,   2% used [0x00007f372b400000, 0x00007f372ba661e8, 0x00007f373eae0000)
  to   space 318336K,   0% used [0x00007f3717d20000, 0x00007f3717d20000, 0x00007f372b400000)
 tenured generation   total 6367288K, used 6367123K [0x00007f3bd1b50000, 0x00007f3d5655e000, 0x00007f467c600000)
   the space 6367288K,  99% used [0x00007f3bd1b50000, 0x00007f3d56534de0, 0x00007f3d56534e00, 0x00007f3d5655e000)
 Metaspace       used 25080K, capacity 25562K, committed 25600K, reserved 26624K
}

