# JRE version: OpenJDK Runtime Environment (13.0.7+5) (build 13.0.7+5-Ubuntu-0ubuntu120.04)
# Java VM: OpenJDK 64-Bit Server VM (13.0.7+5-Ubuntu-0ubuntu120.04, mixed mode, tiered, serial gc, linux-amd64)
Heap:
 def new generation   total 2881984K, used 9930K [0x00007f958c600000, 0x00007f964fd20000, 0x00007f9ae1b50000)
  eden space 2561792K,   0% used [0x00007f958c600000, 0x00007f958cfb2a28, 0x00007f9628bc0000)
  from space 320192K,   0% used [0x00007f9628bc0000, 0x00007f9628bc0000, 0x00007f963c470000)
  to   space 320192K,   0% used [0x00007f963c470000, 0x00007f963c470000, 0x00007f964fd20000)
 tenured generation   total 6404872K, used 6404871K [0x00007f9ae1b50000, 0x00007f9c68a12000, 0x00007fa58c600000)
   the space 6404872K,  99% used [0x00007f9ae1b50000, 0x00007f9c68a11fc0, 0x00007f9c68a12000, 0x00007f9c68a12000)
 Metaspace       used 25097K, capacity 25634K, committed 25856K, reserved 26624K
GC Heap History (20 events):
Event: 41646.657 GC heap after
{Heap after GC invocations=35833 (full 4):
 def new generation   total 2881984K, used 10162K [0x00007f958c600000, 0x00007f964fd20000, 0x00007f9ae1b50000)
  eden space 2561792K,   0% used [0x00007f958c600000, 0x00007f958c600000, 0x00007f9628bc0000)
  from space 320192K,   3% used [0x00007f963c470000, 0x00007f963ce5cb98, 0x00007f964fd20000)
  to   space 320192K,   0% used [0x00007f9628bc0000, 0x00007f9628bc0000, 0x00007f963c470000)
 tenured generation   total 6404296K, used 6398730K [0x00007f9ae1b50000, 0x00007f9c68982000, 0x00007fa58c600000)
   the space 6404296K,  99% used [0x00007f9ae1b50000, 0x00007f9c684128b0, 0x00007f9c68412a00, 0x00007f9c68982000)
 Metaspace       used 25097K, capacity 25634K, committed 25856K, reserved 26624K
}
Event: 41649.275 GC heap before
{Heap before GC invocations=35833 (full 4):
 def new generation   total 2881984K, used 2571954K [0x00007f958c600000, 0x00007f964fd20000, 0x00007f9ae1b50000)
  eden space 2561792K, 100% used [0x00007f958c600000, 0x00007f9628bc0000, 0x00007f9628bc0000)
  from space 320192K,   3% used [0x00007f963c470000, 0x00007f963ce5cb98, 0x00007f964fd20000)
  to   space 320192K,   0% used [0x00007f9628bc0000, 0x00007f9628bc0000, 0x00007f963c470000)
 tenured generation   total 6404296K, used 6398730K [0x00007f9ae1b50000, 0x00007f9c68982000, 0x00007fa58c600000)
   the space 6404296K,  99% used [0x00007f9ae1b50000, 0x00007f9c684128b0, 0x00007f9c68412a00, 0x00007f9c68982000)
 Metaspace       used 25097K, capacity 25634K, committed 25856K, reserved 26624K
}
Event: 41649.304 GC heap after
{Heap after GC invocations=35834 (full 4):
 def new generation   total 2881984K, used 10127K [0x00007f958c600000, 0x00007f964fd20000, 0x00007f9ae1b50000)
  eden space 2561792K,   0% used [0x00007f958c600000, 0x00007f958c600000, 0x00007f9628bc0000)
  from space 320192K,   3% used [0x00007f9628bc0000, 0x00007f96295a3f40, 0x00007f963c470000)
  to   space 320192K,   0% used [0x00007f963c470000, 0x00007f963c470000, 0x00007f964fd20000)
 tenured generation   total 6404296K, used 6399416K [0x00007f9ae1b50000, 0x00007f9c68982000, 0x00007fa58c600000)
   the space 6404296K,  99% used [0x00007f9ae1b50000, 0x00007f9c684be2a0, 0x00007f9c684be400, 0x00007f9c68982000)
 Metaspace       used 25097K, capacity 25634K, committed 25856K, reserved 26624K
}
Event: 41651.889 GC heap before
{Heap before GC invocations=35834 (full 4):
 def new generation   total 2881984K, used 2571919K [0x00007f958c600000, 0x00007f964fd20000, 0x00007f9ae1b50000)
  eden space 2561792K, 100% used [0x00007f958c600000, 0x00007f9628bc0000, 0x00007f9628bc0000)
  from space 320192K,   3% used [0x00007f9628bc0000, 0x00007f96295a3f40, 0x00007f963c470000)
  to   space 320192K,   0% used [0x00007f963c470000, 0x00007f963c470000, 0x00007f964fd20000)
 tenured generation   total 6404296K, used 6399416K [0x00007f9ae1b50000, 0x00007f9c68982000, 0x00007fa58c600000)
   the space 6404296K,  99% used [0x00007f9ae1b50000, 0x00007f9c684be2a0, 0x00007f9c684be400, 0x00007f9c68982000)
 Metaspace       used 25097K, capacity 25634K, committed 25856K, reserved 26624K
}
Event: 41651.914 GC heap after
{Heap after GC invocations=35835 (full 4):
 def new generation   total 2881984K, used 10098K [0x00007f958c600000, 0x00007f964fd20000, 0x00007f9ae1b50000)
  eden space 2561792K,   0% used [0x00007f958c600000, 0x00007f958c600000, 0x00007f9628bc0000)
  from space 320192K,   3% used [0x00007f963c470000, 0x00007f963ce4ca48, 0x00007f964fd20000)
  to   space 320192K,   0% used [0x00007f9628bc0000, 0x00007f9628bc0000, 0x00007f963c470000)
 tenured generation   total 6404296K, used 6400080K [0x00007f9ae1b50000, 0x00007f9c68982000, 0x00007fa58c600000)
   the space 6404296K,  99% used [0x00007f9ae1b50000, 0x00007f9c68564108, 0x00007f9c68564200, 0x00007f9c68982000)
 Metaspace       used 25097K, capacity 25634K, committed 25856K, reserved 26624K
}
Event: 41654.515 GC heap before
{Heap before GC invocations=35835 (full 4):
 def new generation   total 2881984K, used 2571890K [0x00007f958c600000, 0x00007f964fd20000, 0x00007f9ae1b50000)
  eden space 2561792K, 100% used [0x00007f958c600000, 0x00007f9628bc0000, 0x00007f9628bc0000)
  from space 320192K,   3% used [0x00007f963c470000, 0x00007f963ce4ca48, 0x00007f964fd20000)
  to   space 320192K,   0% used [0x00007f9628bc0000, 0x00007f9628bc0000, 0x00007f963c470000)
 tenured generation   total 6404296K, used 6400080K [0x00007f9ae1b50000, 0x00007f9c68982000, 0x00007fa58c600000)
   the space 6404296K,  99% used [0x00007f9ae1b50000, 0x00007f9c68564108, 0x00007f9c68564200, 0x00007f9c68982000)
 Metaspace       used 25097K, capacity 25634K, committed 25856K, reserved 26624K
}
Event: 41654.540 GC heap after
{Heap after GC invocations=35836 (full 4):
 def new generation   total 2881984K, used 10109K [0x00007f958c600000, 0x00007f964fd20000, 0x00007f9ae1b50000)
  eden space 2561792K,   0% used [0x00007f958c600000, 0x00007f958c600000, 0x00007f9628bc0000)
  from space 320192K,   3% used [0x00007f9628bc0000, 0x00007f962959f428, 0x00007f963c470000)
  to   space 320192K,   0% used [0x00007f963c470000, 0x00007f963c470000, 0x00007f964fd20000)
 tenured generation   total 6404296K, used 6400743K [0x00007f9ae1b50000, 0x00007f9c68982000, 0x00007fa58c600000)
   the space 6404296K,  99% used [0x00007f9ae1b50000, 0x00007f9c68609f70, 0x00007f9c6860a000, 0x00007f9c68982000)
 Metaspace       used 25097K, capacity 25634K, committed 25856K, reserved 26624K
}
Event: 41657.049 GC heap before
{Heap before GC invocations=35836 (full 4):
 def new generation   total 2881984K, used 2571901K [0x00007f958c600000, 0x00007f964fd20000, 0x00007f9ae1b50000)
  eden space 2561792K, 100% used [0x00007f958c600000, 0x00007f9628bc0000, 0x00007f9628bc0000)
  from space 320192K,   3% used [0x00007f9628bc0000, 0x00007f962959f428, 0x00007f963c470000)
  to   space 320192K,   0% used [0x00007f963c470000, 0x00007f963c470000, 0x00007f964fd20000)
 tenured generation   total 6404296K, used 6400743K [0x00007f9ae1b50000, 0x00007f9c68982000, 0x00007fa58c600000)
   the space 6404296K,  99% used [0x00007f9ae1b50000, 0x00007f9c68609f70, 0x00007f9c6860a000, 0x00007f9c68982000)
 Metaspace       used 25097K, capacity 25634K, committed 25856K, reserved 26624K
}
Event: 41657.073 GC heap after
{Heap after GC invocations=35837 (full 4):
 def new generation   total 2881984K, used 10112K [0x00007f958c600000, 0x00007f964fd20000, 0x00007f9ae1b50000)
  eden space 2561792K,   0% used [0x00007f958c600000, 0x00007f958c600000, 0x00007f9628bc0000)
  from space 320192K,   3% used [0x00007f963c470000, 0x00007f963ce50310, 0x00007f964fd20000)
  to   space 320192K,   0% used [0x00007f9628bc0000, 0x00007f9628bc0000, 0x00007f963c470000)
 tenured generation   total 6404296K, used 6401407K [0x00007f9ae1b50000, 0x00007f9c68982000, 0x00007fa58c600000)
   the space 6404296K,  99% used [0x00007f9ae1b50000, 0x00007f9c686afdd8, 0x00007f9c686afe00, 0x00007f9c68982000)
 Metaspace       used 25097K, capacity 25634K, committed 25856K, reserved 26624K
}
Event: 41659.437 GC heap before
{Heap before GC invocations=35837 (full 4):
 def new generation   total 2881984K, used 2571904K [0x00007f958c600000, 0x00007f964fd20000, 0x00007f9ae1b50000)
  eden space 2561792K, 100% used [0x00007f958c600000, 0x00007f9628bc0000, 0x00007f9628bc0000)
  from space 320192K,   3% used [0x00007f963c470000, 0x00007f963ce50310, 0x00007f964fd20000)
  to   space 320192K,   0% used [0x00007f9628bc0000, 0x00007f9628bc0000, 0x00007f963c470000)
 tenured generation   total 6404296K, used 6401407K [0x00007f9ae1b50000, 0x00007f9c68982000, 0x00007fa58c600000)
   the space 6404296K,  99% used [0x00007f9ae1b50000, 0x00007f9c686afdd8, 0x00007f9c686afe00, 0x00007f9c68982000)
 Metaspace       used 25097K, capacity 25634K, committed 25856K, reserved 26624K
}
Event: 41659.465 GC heap after
{Heap after GC invocations=35838 (full 4):
 def new generation   total 2881984K, used 10132K [0x00007f958c600000, 0x00007f964fd20000, 0x00007f9ae1b50000)
  eden space 2561792K,   0% used [0x00007f958c600000, 0x00007f958c600000, 0x00007f9628bc0000)
  from space 320192K,   3% used [0x00007f9628bc0000, 0x00007f96295a53f8, 0x00007f963c470000)
  to   space 320192K,   0% used [0x00007f963c470000, 0x00007f963c470000, 0x00007f964fd20000)
 tenured generation   total 6404296K, used 6402071K [0x00007f9ae1b50000, 0x00007f9c68982000, 0x00007fa58c600000)
   the space 6404296K,  99% used [0x00007f9ae1b50000, 0x00007f9c68755c40, 0x00007f9c68755e00, 0x00007f9c68982000)
 Metaspace       used 25097K, capacity 25634K, committed 25856K, reserved 26624K
}
Event: 41661.895 GC heap before
{Heap before GC invocations=35838 (full 4):
 def new generation   total 2881984K, used 2571924K [0x00007f958c600000, 0x00007f964fd20000, 0x00007f9ae1b50000)
  eden space 2561792K, 100% used [0x00007f958c600000, 0x00007f9628bc0000, 0x00007f9628bc0000)
  from space 320192K,   3% used [0x00007f9628bc0000, 0x00007f96295a53f8, 0x00007f963c470000)
  to   space 320192K,   0% used [0x00007f963c470000, 0x00007f963c470000, 0x00007f964fd20000)
 tenured generation   total 6404296K, used 6402071K [0x00007f9ae1b50000, 0x00007f9c68982000, 0x00007fa58c600000)
   the space 6404296K,  99% used [0x00007f9ae1b50000, 0x00007f9c68755c40, 0x00007f9c68755e00, 0x00007f9c68982000)
 Metaspace       used 25097K, capacity 25634K, committed 25856K, reserved 26624K
}
Event: 41661.925 GC heap after
{Heap after GC invocations=35839 (full 4):
 def new generation   total 2881984K, used 10141K [0x00007f958c600000, 0x00007f964fd20000, 0x00007f9ae1b50000)
  eden space 2561792K,   0% used [0x00007f958c600000, 0x00007f958c600000, 0x00007f9628bc0000)
  from space 320192K,   3% used [0x00007f963c470000, 0x00007f963ce576f8, 0x00007f964fd20000)
  to   space 320192K,   0% used [0x00007f9628bc0000, 0x00007f9628bc0000, 0x00007f963c470000)
 tenured generation   total 6404296K, used 6402734K [0x00007f9ae1b50000, 0x00007f9c68982000, 0x00007fa58c600000)
   the space 6404296K,  99% used [0x00007f9ae1b50000, 0x00007f9c687fbaa8, 0x00007f9c687fbc00, 0x00007f9c68982000)
 Metaspace       used 25097K, capacity 25634K, committed 25856K, reserved 26624K
}
Event: 41664.447 GC heap before
{Heap before GC invocations=35839 (full 4):
 def new generation   total 2881984K, used 2571933K [0x00007f958c600000, 0x00007f964fd20000, 0x00007f9ae1b50000)
  eden space 2561792K, 100% used [0x00007f958c600000, 0x00007f9628bc0000, 0x00007f9628bc0000)
  from space 320192K,   3% used [0x00007f963c470000, 0x00007f963ce576f8, 0x00007f964fd20000)
  to   space 320192K,   0% used [0x00007f9628bc0000, 0x00007f9628bc0000, 0x00007f963c470000)
 tenured generation   total 6404296K, used 6402734K [0x00007f9ae1b50000, 0x00007f9c68982000, 0x00007fa58c600000)
   the space 6404296K,  99% used [0x00007f9ae1b50000, 0x00007f9c687fbaa8, 0x00007f9c687fbc00, 0x00007f9c68982000)
 Metaspace       used 25097K, capacity 25634K, committed 25856K, reserved 26624K
}
Event: 41664.478 GC heap after
{Heap after GC invocations=35840 (full 4):
 def new generation   total 2881984K, used 10118K [0x00007f958c600000, 0x00007f964fd20000, 0x00007f9ae1b50000)
  eden space 2561792K,   0% used [0x00007f958c600000, 0x00007f958c600000, 0x00007f9628bc0000)
  from space 320192K,   3% used [0x00007f9628bc0000, 0x00007f96295a1b80, 0x00007f963c470000)
  to   space 320192K,   0% used [0x00007f963c470000, 0x00007f963c470000, 0x00007f964fd20000)
 tenured generation   total 6404296K, used 6403421K [0x00007f9ae1b50000, 0x00007f9c68982000, 0x00007fa58c600000)
   the space 6404296K,  99% used [0x00007f9ae1b50000, 0x00007f9c688a7498, 0x00007f9c688a7600, 0x00007f9c68982000)
 Metaspace       used 25097K, capacity 25634K, committed 25856K, reserved 26624K
}
Event: 41667.098 GC heap before
{Heap before GC invocations=35840 (full 4):
 def new generation   total 2881984K, used 2571910K [0x00007f958c600000, 0x00007f964fd20000, 0x00007f9ae1b50000)
  eden space 2561792K, 100% used [0x00007f958c600000, 0x00007f9628bc0000, 0x00007f9628bc0000)
  from space 320192K,   3% used [0x00007f9628bc0000, 0x00007f96295a1b80, 0x00007f963c470000)
  to   space 320192K,   0% used [0x00007f963c470000, 0x00007f963c470000, 0x00007f964fd20000)
 tenured generation   total 6404296K, used 6403421K [0x00007f9ae1b50000, 0x00007f9c68982000, 0x00007fa58c600000)
   the space 6404296K,  99% used [0x00007f9ae1b50000, 0x00007f9c688a7498, 0x00007f9c688a7600, 0x00007f9c68982000)
 Metaspace       used 25097K, capacity 25634K, committed 25856K, reserved 26624K
}
Event: 41667.125 GC heap after
{Heap after GC invocations=35841 (full 4):
 def new generation   total 2881984K, used 10106K [0x00007f958c600000, 0x00007f964fd20000, 0x00007f9ae1b50000)
  eden space 2561792K,   0% used [0x00007f958c600000, 0x00007f958c600000, 0x00007f9628bc0000)
  from space 320192K,   3% used [0x00007f963c470000, 0x00007f963ce4eab0, 0x00007f964fd20000)
  to   space 320192K,   0% used [0x00007f9628bc0000, 0x00007f9628bc0000, 0x00007f963c470000)
 tenured generation   total 6404296K, used 6404084K [0x00007f9ae1b50000, 0x00007f9c68982000, 0x00007fa58c600000)
   the space 6404296K,  99% used [0x00007f9ae1b50000, 0x00007f9c6894d300, 0x00007f9c6894d400, 0x00007f9c68982000)
 Metaspace       used 25097K, capacity 25634K, committed 25856K, reserved 26624K
}
Event: 41669.658 GC heap before
{Heap before GC invocations=35841 (full 4):
 def new generation   total 2881984K, used 2571898K [0x00007f958c600000, 0x00007f964fd20000, 0x00007f9ae1b50000)
  eden space 2561792K, 100% used [0x00007f958c600000, 0x00007f9628bc0000, 0x00007f9628bc0000)
  from space 320192K,   3% used [0x00007f963c470000, 0x00007f963ce4eab0, 0x00007f964fd20000)
  to   space 320192K,   0% used [0x00007f9628bc0000, 0x00007f9628bc0000, 0x00007f963c470000)
 tenured generation   total 6404296K, used 6404084K [0x00007f9ae1b50000, 0x00007f9c68982000, 0x00007fa58c600000)
   the space 6404296K,  99% used [0x00007f9ae1b50000, 0x00007f9c6894d300, 0x00007f9c6894d400, 0x00007f9c68982000)
 Metaspace       used 25097K, capacity 25634K, committed 25856K, reserved 26624K
}
Event: 41669.682 GC heap after
{Heap after GC invocations=35842 (full 4):
 def new generation   total 2881984K, used 10109K [0x00007f958c600000, 0x00007f964fd20000, 0x00007f9ae1b50000)
  eden space 2561792K,   0% used [0x00007f958c600000, 0x00007f958c600000, 0x00007f9628bc0000)
  from space 320192K,   3% used [0x00007f9628bc0000, 0x00007f962959f468, 0x00007f963c470000)
  to   space 320192K,   0% used [0x00007f963c470000, 0x00007f963c470000, 0x00007f964fd20000)
 tenured generation   total 6404872K, used 6404748K [0x00007f9ae1b50000, 0x00007f9c68a12000, 0x00007fa58c600000)
   the space 6404872K,  99% used [0x00007f9ae1b50000, 0x00007f9c689f3168, 0x00007f9c689f3200, 0x00007f9c68a12000)
 Metaspace       used 25097K, capacity 25634K, committed 25856K, reserved 26624K
}
Event: 41669.682 GC heap before
{Heap before GC invocations=35842 (full 4):
 def new generation   total 2881984K, used 10109K [0x00007f958c600000, 0x00007f964fd20000, 0x00007f9ae1b50000)
  eden space 2561792K,   0% used [0x00007f958c600000, 0x00007f958c600000, 0x00007f9628bc0000)
  from space 320192K,   3% used [0x00007f9628bc0000, 0x00007f962959f468, 0x00007f963c470000)
  to   space 320192K,   0% used [0x00007f963c470000, 0x00007f963c470000, 0x00007f964fd20000)
 tenured generation   total 6404872K, used 6404748K [0x00007f9ae1b50000, 0x00007f9c68a12000, 0x00007fa58c600000)
   the space 6404872K,  99% used [0x00007f9ae1b50000, 0x00007f9c689f3168, 0x00007f9c689f3200, 0x00007f9c68a12000)
 Metaspace       used 25097K, capacity 25634K, committed 25856K, reserved 26624K
}

