# JRE version: OpenJDK Runtime Environment (13.0.7+5) (build 13.0.7+5-Ubuntu-0ubuntu120.04)
# Java VM: OpenJDK 64-Bit Server VM (13.0.7+5-Ubuntu-0ubuntu120.04, mixed mode, tiered, serial gc, linux-amd64)
Heap:
 def new generation   total 1048960K, used 2800K [0x00007fea98600000, 0x00007feadf830000, 0x00007fefedb50000)
  eden space 932416K,   0% used [0x00007fea98600000, 0x00007fea988bc218, 0x00007fead1490000)
  from space 116544K,   0% used [0x00007fead1490000, 0x00007fead1490000, 0x00007fead8660000)
  to   space 116544K,   0% used [0x00007fead8660000, 0x00007fead8660000, 0x00007feadf830000)
 tenured generation   total 2331072K, used 2331071K [0x00007fefedb50000, 0x00007ff07bfc0000, 0x00007ffa98600000)
   the space 2331072K,  99% used [0x00007fefedb50000, 0x00007ff07bfbff60, 0x00007ff07bfc0000, 0x00007ff07bfc0000)
 Metaspace       used 24861K, capacity 25297K, committed 25344K, reserved 26624K
GC Heap History (20 events):
Event: 7508.747 GC heap after
{Heap after GC invocations=16928 (full 2):
 def new generation   total 1048960K, used 2996K [0x00007fea98600000, 0x00007feadf830000, 0x00007fefedb50000)
  eden space 932416K,   0% used [0x00007fea98600000, 0x00007fea98600000, 0x00007fead1490000)
  from space 116544K,   2% used [0x00007fead8660000, 0x00007fead894d038, 0x00007feadf830000)
  to   space 116544K,   0% used [0x00007fead1490000, 0x00007fead1490000, 0x00007fead8660000)
 tenured generation   total 2330880K, used 2329152K [0x00007fefedb50000, 0x00007ff07bf90000, 0x00007ffa98600000)
   the space 2330880K,  99% used [0x00007fefedb50000, 0x00007ff07bde0288, 0x00007ff07bde0400, 0x00007ff07bf90000)
 Metaspace       used 24861K, capacity 25297K, committed 25344K, reserved 26624K
}
Event: 7509.371 GC heap before
{Heap before GC invocations=16928 (full 2):
 def new generation   total 1048960K, used 935412K [0x00007fea98600000, 0x00007feadf830000, 0x00007fefedb50000)
  eden space 932416K, 100% used [0x00007fea98600000, 0x00007fead1490000, 0x00007fead1490000)
  from space 116544K,   2% used [0x00007fead8660000, 0x00007fead894d038, 0x00007feadf830000)
  to   space 116544K,   0% used [0x00007fead1490000, 0x00007fead1490000, 0x00007fead8660000)
 tenured generation   total 2330880K, used 2329152K [0x00007fefedb50000, 0x00007ff07bf90000, 0x00007ffa98600000)
   the space 2330880K,  99% used [0x00007fefedb50000, 0x00007ff07bde0288, 0x00007ff07bde0400, 0x00007ff07bf90000)
 Metaspace       used 24861K, capacity 25297K, committed 25344K, reserved 26624K
}
Event: 7509.375 GC heap after
{Heap after GC invocations=16929 (full 2):
 def new generation   total 1048960K, used 2961K [0x00007fea98600000, 0x00007feadf830000, 0x00007fefedb50000)
  eden space 932416K,   0% used [0x00007fea98600000, 0x00007fea98600000, 0x00007fead1490000)
  from space 116544K,   2% used [0x00007fead1490000, 0x00007fead1774788, 0x00007fead8660000)
  to   space 116544K,   0% used [0x00007fead8660000, 0x00007fead8660000, 0x00007feadf830000)
 tenured generation   total 2330880K, used 2329336K [0x00007fefedb50000, 0x00007ff07bf90000, 0x00007ffa98600000)
   the space 2330880K,  99% used [0x00007fefedb50000, 0x00007ff07be0e1b0, 0x00007ff07be0e200, 0x00007ff07bf90000)
 Metaspace       used 24861K, capacity 25297K, committed 25344K, reserved 26624K
}
Event: 7509.974 GC heap before
{Heap before GC invocations=16929 (full 2):
 def new generation   total 1048960K, used 935377K [0x00007fea98600000, 0x00007feadf830000, 0x00007fefedb50000)
  eden space 932416K, 100% used [0x00007fea98600000, 0x00007fead1490000, 0x00007fead1490000)
  from space 116544K,   2% used [0x00007fead1490000, 0x00007fead1774788, 0x00007fead8660000)
  to   space 116544K,   0% used [0x00007fead8660000, 0x00007fead8660000, 0x00007feadf830000)
 tenured generation   total 2330880K, used 2329336K [0x00007fefedb50000, 0x00007ff07bf90000, 0x00007ffa98600000)
   the space 2330880K,  99% used [0x00007fefedb50000, 0x00007ff07be0e1b0, 0x00007ff07be0e200, 0x00007ff07bf90000)
 Metaspace       used 24861K, capacity 25297K, committed 25344K, reserved 26624K
}
Event: 7509.980 GC heap after
{Heap after GC invocations=16930 (full 2):
 def new generation   total 1048960K, used 2976K [0x00007fea98600000, 0x00007feadf830000, 0x00007fefedb50000)
  eden space 932416K,   0% used [0x00007fea98600000, 0x00007fea98600000, 0x00007fead1490000)
  from space 116544K,   2% used [0x00007fead8660000, 0x00007fead8948260, 0x00007feadf830000)
  to   space 116544K,   0% used [0x00007fead1490000, 0x00007fead1490000, 0x00007fead8660000)
 tenured generation   total 2330880K, used 2329556K [0x00007fefedb50000, 0x00007ff07bf90000, 0x00007ffa98600000)
   the space 2330880K,  99% used [0x00007fefedb50000, 0x00007ff07be453e0, 0x00007ff07be45400, 0x00007ff07bf90000)
 Metaspace       used 24861K, capacity 25297K, committed 25344K, reserved 26624K
}
Event: 7510.594 GC heap before
{Heap before GC invocations=16930 (full 2):
 def new generation   total 1048960K, used 935392K [0x00007fea98600000, 0x00007feadf830000, 0x00007fefedb50000)
  eden space 932416K, 100% used [0x00007fea98600000, 0x00007fead1490000, 0x00007fead1490000)
  from space 116544K,   2% used [0x00007fead8660000, 0x00007fead8948260, 0x00007feadf830000)
  to   space 116544K,   0% used [0x00007fead1490000, 0x00007fead1490000, 0x00007fead8660000)
 tenured generation   total 2330880K, used 2329556K [0x00007fefedb50000, 0x00007ff07bf90000, 0x00007ffa98600000)
   the space 2330880K,  99% used [0x00007fefedb50000, 0x00007ff07be453e0, 0x00007ff07be45400, 0x00007ff07bf90000)
 Metaspace       used 24861K, capacity 25297K, committed 25344K, reserved 26624K
}
Event: 7510.601 GC heap after
{Heap after GC invocations=16931 (full 2):
 def new generation   total 1048960K, used 2937K [0x00007fea98600000, 0x00007feadf830000, 0x00007fefedb50000)
  eden space 932416K,   0% used [0x00007fea98600000, 0x00007fea98600000, 0x00007fead1490000)
  from space 116544K,   2% used [0x00007fead1490000, 0x00007fead176e5e8, 0x00007fead8660000)
  to   space 116544K,   0% used [0x00007fead8660000, 0x00007fead8660000, 0x00007feadf830000)
 tenured generation   total 2330880K, used 2329740K [0x00007fefedb50000, 0x00007ff07bf90000, 0x00007ffa98600000)
   the space 2330880K,  99% used [0x00007fefedb50000, 0x00007ff07be73308, 0x00007ff07be73400, 0x00007ff07bf90000)
 Metaspace       used 24861K, capacity 25297K, committed 25344K, reserved 26624K
}
Event: 7511.197 GC heap before
{Heap before GC invocations=16931 (full 2):
 def new generation   total 1048960K, used 935353K [0x00007fea98600000, 0x00007feadf830000, 0x00007fefedb50000)
  eden space 932416K, 100% used [0x00007fea98600000, 0x00007fead1490000, 0x00007fead1490000)
  from space 116544K,   2% used [0x00007fead1490000, 0x00007fead176e5e8, 0x00007fead8660000)
  to   space 116544K,   0% used [0x00007fead8660000, 0x00007fead8660000, 0x00007feadf830000)
 tenured generation   total 2330880K, used 2329740K [0x00007fefedb50000, 0x00007ff07bf90000, 0x00007ffa98600000)
   the space 2330880K,  99% used [0x00007fefedb50000, 0x00007ff07be73308, 0x00007ff07be73400, 0x00007ff07bf90000)
 Metaspace       used 24861K, capacity 25297K, committed 25344K, reserved 26624K
}
Event: 7511.203 GC heap after
{Heap after GC invocations=16932 (full 2):
 def new generation   total 1048960K, used 2962K [0x00007fea98600000, 0x00007feadf830000, 0x00007fefedb50000)
  eden space 932416K,   0% used [0x00007fea98600000, 0x00007fea98600000, 0x00007fead1490000)
  from space 116544K,   2% used [0x00007fead8660000, 0x00007fead8944bb8, 0x00007feadf830000)
  to   space 116544K,   0% used [0x00007fead1490000, 0x00007fead1490000, 0x00007fead8660000)
 tenured generation   total 2330880K, used 2329924K [0x00007fefedb50000, 0x00007ff07bf90000, 0x00007ffa98600000)
   the space 2330880K,  99% used [0x00007fefedb50000, 0x00007ff07bea1230, 0x00007ff07bea1400, 0x00007ff07bf90000)
 Metaspace       used 24861K, capacity 25297K, committed 25344K, reserved 26624K
}
Event: 7511.818 GC heap before
{Heap before GC invocations=16932 (full 2):
 def new generation   total 1048960K, used 935378K [0x00007fea98600000, 0x00007feadf830000, 0x00007fefedb50000)
  eden space 932416K, 100% used [0x00007fea98600000, 0x00007fead1490000, 0x00007fead1490000)
  from space 116544K,   2% used [0x00007fead8660000, 0x00007fead8944bb8, 0x00007feadf830000)
  to   space 116544K,   0% used [0x00007fead1490000, 0x00007fead1490000, 0x00007fead8660000)
 tenured generation   total 2330880K, used 2329924K [0x00007fefedb50000, 0x00007ff07bf90000, 0x00007ffa98600000)
   the space 2330880K,  99% used [0x00007fefedb50000, 0x00007ff07bea1230, 0x00007ff07bea1400, 0x00007ff07bf90000)
 Metaspace       used 24861K, capacity 25297K, committed 25344K, reserved 26624K
}
Event: 7511.823 GC heap after
{Heap after GC invocations=16933 (full 2):
 def new generation   total 1048960K, used 2981K [0x00007fea98600000, 0x00007feadf830000, 0x00007fefedb50000)
  eden space 932416K,   0% used [0x00007fea98600000, 0x00007fea98600000, 0x00007fead1490000)
  from space 116544K,   2% used [0x00007fead1490000, 0x00007fead1779568, 0x00007fead8660000)
  to   space 116544K,   0% used [0x00007fead8660000, 0x00007fead8660000, 0x00007feadf830000)
 tenured generation   total 2330880K, used 2330108K [0x00007fefedb50000, 0x00007ff07bf90000, 0x00007ffa98600000)
   the space 2330880K,  99% used [0x00007fefedb50000, 0x00007ff07becf158, 0x00007ff07becf200, 0x00007ff07bf90000)
 Metaspace       used 24861K, capacity 25297K, committed 25344K, reserved 26624K
}
Event: 7512.439 GC heap before
{Heap before GC invocations=16933 (full 2):
 def new generation   total 1048960K, used 935397K [0x00007fea98600000, 0x00007feadf830000, 0x00007fefedb50000)
  eden space 932416K, 100% used [0x00007fea98600000, 0x00007fead1490000, 0x00007fead1490000)
  from space 116544K,   2% used [0x00007fead1490000, 0x00007fead1779568, 0x00007fead8660000)
  to   space 116544K,   0% used [0x00007fead8660000, 0x00007fead8660000, 0x00007feadf830000)
 tenured generation   total 2330880K, used 2330108K [0x00007fefedb50000, 0x00007ff07bf90000, 0x00007ffa98600000)
   the space 2330880K,  99% used [0x00007fefedb50000, 0x00007ff07becf158, 0x00007ff07becf200, 0x00007ff07bf90000)
 Metaspace       used 24861K, capacity 25297K, committed 25344K, reserved 26624K
}
Event: 7512.444 GC heap after
{Heap after GC invocations=16934 (full 2):
 def new generation   total 1048960K, used 2944K [0x00007fea98600000, 0x00007feadf830000, 0x00007fefedb50000)
  eden space 932416K,   0% used [0x00007fea98600000, 0x00007fea98600000, 0x00007fead1490000)
  from space 116544K,   2% used [0x00007fead8660000, 0x00007fead8940008, 0x00007feadf830000)
  to   space 116544K,   0% used [0x00007fead1490000, 0x00007fead1490000, 0x00007fead8660000)
 tenured generation   total 2330880K, used 2330328K [0x00007fefedb50000, 0x00007ff07bf90000, 0x00007ffa98600000)
   the space 2330880K,  99% used [0x00007fefedb50000, 0x00007ff07bf06388, 0x00007ff07bf06400, 0x00007ff07bf90000)
 Metaspace       used 24861K, capacity 25297K, committed 25344K, reserved 26624K
}
Event: 7513.073 GC heap before
{Heap before GC invocations=16934 (full 2):
 def new generation   total 1048960K, used 935360K [0x00007fea98600000, 0x00007feadf830000, 0x00007fefedb50000)
  eden space 932416K, 100% used [0x00007fea98600000, 0x00007fead1490000, 0x00007fead1490000)
  from space 116544K,   2% used [0x00007fead8660000, 0x00007fead8940008, 0x00007feadf830000)
  to   space 116544K,   0% used [0x00007fead1490000, 0x00007fead1490000, 0x00007fead8660000)
 tenured generation   total 2330880K, used 2330328K [0x00007fefedb50000, 0x00007ff07bf90000, 0x00007ffa98600000)
   the space 2330880K,  99% used [0x00007fefedb50000, 0x00007ff07bf06388, 0x00007ff07bf06400, 0x00007ff07bf90000)
 Metaspace       used 24861K, capacity 25297K, committed 25344K, reserved 26624K
}
Event: 7513.079 GC heap after
{Heap after GC invocations=16935 (full 2):
 def new generation   total 1048960K, used 2936K [0x00007fea98600000, 0x00007feadf830000, 0x00007fefedb50000)
  eden space 932416K,   0% used [0x00007fea98600000, 0x00007fea98600000, 0x00007fead1490000)
  from space 116544K,   2% used [0x00007fead1490000, 0x00007fead176e208, 0x00007fead8660000)
  to   space 116544K,   0% used [0x00007fead8660000, 0x00007fead8660000, 0x00007feadf830000)
 tenured generation   total 2330880K, used 2330512K [0x00007fefedb50000, 0x00007ff07bf90000, 0x00007ffa98600000)
   the space 2330880K,  99% used [0x00007fefedb50000, 0x00007ff07bf342b0, 0x00007ff07bf34400, 0x00007ff07bf90000)
 Metaspace       used 24861K, capacity 25297K, committed 25344K, reserved 26624K
}
Event: 7513.701 GC heap before
{Heap before GC invocations=16935 (full 2):
 def new generation   total 1048960K, used 935352K [0x00007fea98600000, 0x00007feadf830000, 0x00007fefedb50000)
  eden space 932416K, 100% used [0x00007fea98600000, 0x00007fead1490000, 0x00007fead1490000)
  from space 116544K,   2% used [0x00007fead1490000, 0x00007fead176e208, 0x00007fead8660000)
  to   space 116544K,   0% used [0x00007fead8660000, 0x00007fead8660000, 0x00007feadf830000)
 tenured generation   total 2330880K, used 2330512K [0x00007fefedb50000, 0x00007ff07bf90000, 0x00007ffa98600000)
   the space 2330880K,  99% used [0x00007fefedb50000, 0x00007ff07bf342b0, 0x00007ff07bf34400, 0x00007ff07bf90000)
 Metaspace       used 24861K, capacity 25297K, committed 25344K, reserved 26624K
}
Event: 7513.707 GC heap after
{Heap after GC invocations=16936 (full 2):
 def new generation   total 1048960K, used 2964K [0x00007fea98600000, 0x00007feadf830000, 0x00007fefedb50000)
  eden space 932416K,   0% used [0x00007fea98600000, 0x00007fea98600000, 0x00007fead1490000)
  from space 116544K,   2% used [0x00007fead8660000, 0x00007fead8945220, 0x00007feadf830000)
  to   space 116544K,   0% used [0x00007fead1490000, 0x00007fead1490000, 0x00007fead8660000)
 tenured generation   total 2330880K, used 2330696K [0x00007fefedb50000, 0x00007ff07bf90000, 0x00007ffa98600000)
   the space 2330880K,  99% used [0x00007fefedb50000, 0x00007ff07bf621d8, 0x00007ff07bf62200, 0x00007ff07bf90000)
 Metaspace       used 24861K, capacity 25297K, committed 25344K, reserved 26624K
}
Event: 7514.308 GC heap before
{Heap before GC invocations=16936 (full 2):
 def new generation   total 1048960K, used 935380K [0x00007fea98600000, 0x00007feadf830000, 0x00007fefedb50000)
  eden space 932416K, 100% used [0x00007fea98600000, 0x00007fead1490000, 0x00007fead1490000)
  from space 116544K,   2% used [0x00007fead8660000, 0x00007fead8945220, 0x00007feadf830000)
  to   space 116544K,   0% used [0x00007fead1490000, 0x00007fead1490000, 0x00007fead8660000)
 tenured generation   total 2330880K, used 2330696K [0x00007fefedb50000, 0x00007ff07bf90000, 0x00007ffa98600000)
   the space 2330880K,  99% used [0x00007fefedb50000, 0x00007ff07bf621d8, 0x00007ff07bf62200, 0x00007ff07bf90000)
 Metaspace       used 24861K, capacity 25297K, committed 25344K, reserved 26624K
}
Event: 7514.316 GC heap after
{Heap after GC invocations=16937 (full 2):
 def new generation   total 1048960K, used 2992K [0x00007fea98600000, 0x00007feadf830000, 0x00007fefedb50000)
  eden space 932416K,   0% used [0x00007fea98600000, 0x00007fea98600000, 0x00007fead1490000)
  from space 116544K,   2% used [0x00007fead1490000, 0x00007fead177c078, 0x00007fead8660000)
  to   space 116544K,   0% used [0x00007fead8660000, 0x00007fead8660000, 0x00007feadf830000)
 tenured generation   total 2331072K, used 2330880K [0x00007fefedb50000, 0x00007ff07bfc0000, 0x00007ffa98600000)
   the space 2331072K,  99% used [0x00007fefedb50000, 0x00007ff07bf90100, 0x00007ff07bf90200, 0x00007ff07bfc0000)
 Metaspace       used 24861K, capacity 25297K, committed 25344K, reserved 26624K
}
Event: 7514.316 GC heap before
{Heap before GC invocations=16937 (full 2):
 def new generation   total 1048960K, used 2992K [0x00007fea98600000, 0x00007feadf830000, 0x00007fefedb50000)
  eden space 932416K,   0% used [0x00007fea98600000, 0x00007fea98600000, 0x00007fead1490000)
  from space 116544K,   2% used [0x00007fead1490000, 0x00007fead177c078, 0x00007fead8660000)
  to   space 116544K,   0% used [0x00007fead8660000, 0x00007fead8660000, 0x00007feadf830000)
 tenured generation   total 2331072K, used 2330880K [0x00007fefedb50000, 0x00007ff07bfc0000, 0x00007ffa98600000)
   the space 2331072K,  99% used [0x00007fefedb50000, 0x00007ff07bf90100, 0x00007ff07bf90200, 0x00007ff07bfc0000)
 Metaspace       used 24861K, capacity 25297K, committed 25344K, reserved 26624K
}

