# JRE version: OpenJDK Runtime Environment (13.0.7+5) (build 13.0.7+5-Ubuntu-0ubuntu120.04)
# Java VM: OpenJDK 64-Bit Server VM (13.0.7+5-Ubuntu-0ubuntu120.04, mixed mode, tiered, serial gc, linux-amd64)
Heap:
 def new generation   total 2877632K, used 8998K [0x00007fb32c600000, 0x00007fb3ef860000, 0x00007fb881b50000)
  eden space 2557952K,   0% used [0x00007fb32c600000, 0x00007fb32cec9990, 0x00007fb3c8800000)
  from space 319680K,   0% used [0x00007fb3dc030000, 0x00007fb3dc030000, 0x00007fb3ef860000)
  to   space 319680K,   0% used [0x00007fb3c8800000, 0x00007fb3c8800000, 0x00007fb3dc030000)
 tenured generation   total 6394796K, used 6394774K [0x00007fb881b50000, 0x00007fba0803b000, 0x00007fc32c600000)
   the space 6394796K,  99% used [0x00007fb881b50000, 0x00007fba080358b0, 0x00007fba08035a00, 0x00007fba0803b000)
 Metaspace       used 25090K, capacity 25632K, committed 25856K, reserved 26624K
GC Heap History (20 events):
Event: 27965.551 GC heap after
{Heap after GC invocations=40456 (full 4):
 def new generation   total 2877632K, used 9079K [0x00007fb32c600000, 0x00007fb3ef860000, 0x00007fb881b50000)
  eden space 2557952K,   0% used [0x00007fb32c600000, 0x00007fb32c600000, 0x00007fb3c8800000)
  from space 319680K,   2% used [0x00007fb3c8800000, 0x00007fb3c90ddc80, 0x00007fb3dc030000)
  to   space 319680K,   0% used [0x00007fb3dc030000, 0x00007fb3dc030000, 0x00007fb3ef860000)
 tenured generation   total 6394604K, used 6389355K [0x00007fb881b50000, 0x00007fba0800b000, 0x00007fc32c600000)
   the space 6394604K,  99% used [0x00007fb881b50000, 0x00007fba07aeadd8, 0x00007fba07aeae00, 0x00007fba0800b000)
 Metaspace       used 25090K, capacity 25632K, committed 25856K, reserved 26624K
}
Event: 27967.390 GC heap before
{Heap before GC invocations=40456 (full 4):
 def new generation   total 2877632K, used 2567031K [0x00007fb32c600000, 0x00007fb3ef860000, 0x00007fb881b50000)
  eden space 2557952K, 100% used [0x00007fb32c600000, 0x00007fb3c8800000, 0x00007fb3c8800000)
  from space 319680K,   2% used [0x00007fb3c8800000, 0x00007fb3c90ddc80, 0x00007fb3dc030000)
  to   space 319680K,   0% used [0x00007fb3dc030000, 0x00007fb3dc030000, 0x00007fb3ef860000)
 tenured generation   total 6394604K, used 6389355K [0x00007fb881b50000, 0x00007fba0800b000, 0x00007fc32c600000)
   the space 6394604K,  99% used [0x00007fb881b50000, 0x00007fba07aeadd8, 0x00007fba07aeae00, 0x00007fba0800b000)
 Metaspace       used 25090K, capacity 25632K, committed 25856K, reserved 26624K
}
Event: 27967.419 GC heap after
{Heap after GC invocations=40457 (full 4):
 def new generation   total 2877632K, used 9059K [0x00007fb32c600000, 0x00007fb3ef860000, 0x00007fb881b50000)
  eden space 2557952K,   0% used [0x00007fb32c600000, 0x00007fb32c600000, 0x00007fb3c8800000)
  from space 319680K,   2% used [0x00007fb3dc030000, 0x00007fb3dc908c60, 0x00007fb3ef860000)
  to   space 319680K,   0% used [0x00007fb3c8800000, 0x00007fb3c8800000, 0x00007fb3dc030000)
 tenured generation   total 6394604K, used 6389949K [0x00007fb881b50000, 0x00007fba0800b000, 0x00007fc32c600000)
   the space 6394604K,  99% used [0x00007fb881b50000, 0x00007fba07b7f738, 0x00007fba07b7f800, 0x00007fba0800b000)
 Metaspace       used 25090K, capacity 25632K, committed 25856K, reserved 26624K
}
Event: 27969.342 GC heap before
{Heap before GC invocations=40457 (full 4):
 def new generation   total 2877632K, used 2567011K [0x00007fb32c600000, 0x00007fb3ef860000, 0x00007fb881b50000)
  eden space 2557952K, 100% used [0x00007fb32c600000, 0x00007fb3c8800000, 0x00007fb3c8800000)
  from space 319680K,   2% used [0x00007fb3dc030000, 0x00007fb3dc908c60, 0x00007fb3ef860000)
  to   space 319680K,   0% used [0x00007fb3c8800000, 0x00007fb3c8800000, 0x00007fb3dc030000)
 tenured generation   total 6394604K, used 6389949K [0x00007fb881b50000, 0x00007fba0800b000, 0x00007fc32c600000)
   the space 6394604K,  99% used [0x00007fb881b50000, 0x00007fba07b7f738, 0x00007fba07b7f800, 0x00007fba0800b000)
 Metaspace       used 25090K, capacity 25632K, committed 25856K, reserved 26624K
}
Event: 27969.357 GC heap after
{Heap after GC invocations=40458 (full 4):
 def new generation   total 2877632K, used 9043K [0x00007fb32c600000, 0x00007fb3ef860000, 0x00007fb881b50000)
  eden space 2557952K,   0% used [0x00007fb32c600000, 0x00007fb32c600000, 0x00007fb3c8800000)
  from space 319680K,   2% used [0x00007fb3c8800000, 0x00007fb3c90d4fe8, 0x00007fb3dc030000)
  to   space 319680K,   0% used [0x00007fb3dc030000, 0x00007fb3dc030000, 0x00007fb3ef860000)
 tenured generation   total 6394604K, used 6390564K [0x00007fb881b50000, 0x00007fba0800b000, 0x00007fc32c600000)
   the space 6394604K,  99% used [0x00007fb881b50000, 0x00007fba07c190a0, 0x00007fba07c19200, 0x00007fba0800b000)
 Metaspace       used 25090K, capacity 25632K, committed 25856K, reserved 26624K
}
Event: 27971.141 GC heap before
{Heap before GC invocations=40458 (full 4):
 def new generation   total 2877632K, used 2566995K [0x00007fb32c600000, 0x00007fb3ef860000, 0x00007fb881b50000)
  eden space 2557952K, 100% used [0x00007fb32c600000, 0x00007fb3c8800000, 0x00007fb3c8800000)
  from space 319680K,   2% used [0x00007fb3c8800000, 0x00007fb3c90d4fe8, 0x00007fb3dc030000)
  to   space 319680K,   0% used [0x00007fb3dc030000, 0x00007fb3dc030000, 0x00007fb3ef860000)
 tenured generation   total 6394604K, used 6390564K [0x00007fb881b50000, 0x00007fba0800b000, 0x00007fc32c600000)
   the space 6394604K,  99% used [0x00007fb881b50000, 0x00007fba07c190a0, 0x00007fba07c19200, 0x00007fba0800b000)
 Metaspace       used 25090K, capacity 25632K, committed 25856K, reserved 26624K
}
Event: 27971.158 GC heap after
{Heap after GC invocations=40459 (full 4):
 def new generation   total 2877632K, used 9068K [0x00007fb32c600000, 0x00007fb3ef860000, 0x00007fb881b50000)
  eden space 2557952K,   0% used [0x00007fb32c600000, 0x00007fb32c600000, 0x00007fb3c8800000)
  from space 319680K,   2% used [0x00007fb3dc030000, 0x00007fb3dc90b2b0, 0x00007fb3ef860000)
  to   space 319680K,   0% used [0x00007fb3c8800000, 0x00007fb3c8800000, 0x00007fb3dc030000)
 tenured generation   total 6394604K, used 6391179K [0x00007fb881b50000, 0x00007fba0800b000, 0x00007fc32c600000)
   the space 6394604K,  99% used [0x00007fb881b50000, 0x00007fba07cb2ee8, 0x00007fba07cb3000, 0x00007fba0800b000)
 Metaspace       used 25090K, capacity 25632K, committed 25856K, reserved 26624K
}
Event: 27973.166 GC heap before
{Heap before GC invocations=40459 (full 4):
 def new generation   total 2877632K, used 2567020K [0x00007fb32c600000, 0x00007fb3ef860000, 0x00007fb881b50000)
  eden space 2557952K, 100% used [0x00007fb32c600000, 0x00007fb3c8800000, 0x00007fb3c8800000)
  from space 319680K,   2% used [0x00007fb3dc030000, 0x00007fb3dc90b2b0, 0x00007fb3ef860000)
  to   space 319680K,   0% used [0x00007fb3c8800000, 0x00007fb3c8800000, 0x00007fb3dc030000)
 tenured generation   total 6394604K, used 6391179K [0x00007fb881b50000, 0x00007fba0800b000, 0x00007fc32c600000)
   the space 6394604K,  99% used [0x00007fb881b50000, 0x00007fba07cb2ee8, 0x00007fba07cb3000, 0x00007fba0800b000)
 Metaspace       used 25090K, capacity 25632K, committed 25856K, reserved 26624K
}
Event: 27973.185 GC heap after
{Heap after GC invocations=40460 (full 4):
 def new generation   total 2877632K, used 9052K [0x00007fb32c600000, 0x00007fb3ef860000, 0x00007fb881b50000)
  eden space 2557952K,   0% used [0x00007fb32c600000, 0x00007fb32c600000, 0x00007fb3c8800000)
  from space 319680K,   2% used [0x00007fb3c8800000, 0x00007fb3c90d72c8, 0x00007fb3dc030000)
  to   space 319680K,   0% used [0x00007fb3dc030000, 0x00007fb3dc030000, 0x00007fb3ef860000)
 tenured generation   total 6394604K, used 6391774K [0x00007fb881b50000, 0x00007fba0800b000, 0x00007fc32c600000)
   the space 6394604K,  99% used [0x00007fb881b50000, 0x00007fba07d47848, 0x00007fba07d47a00, 0x00007fba0800b000)
 Metaspace       used 25090K, capacity 25632K, committed 25856K, reserved 26624K
}
Event: 27974.931 GC heap before
{Heap before GC invocations=40460 (full 4):
 def new generation   total 2877632K, used 2567004K [0x00007fb32c600000, 0x00007fb3ef860000, 0x00007fb881b50000)
  eden space 2557952K, 100% used [0x00007fb32c600000, 0x00007fb3c8800000, 0x00007fb3c8800000)
  from space 319680K,   2% used [0x00007fb3c8800000, 0x00007fb3c90d72c8, 0x00007fb3dc030000)
  to   space 319680K,   0% used [0x00007fb3dc030000, 0x00007fb3dc030000, 0x00007fb3ef860000)
 tenured generation   total 6394604K, used 6391774K [0x00007fb881b50000, 0x00007fba0800b000, 0x00007fc32c600000)
   the space 6394604K,  99% used [0x00007fb881b50000, 0x00007fba07d47848, 0x00007fba07d47a00, 0x00007fba0800b000)
 Metaspace       used 25090K, capacity 25632K, committed 25856K, reserved 26624K
}
Event: 27974.948 GC heap after
{Heap after GC invocations=40461 (full 4):
 def new generation   total 2877632K, used 9066K [0x00007fb32c600000, 0x00007fb3ef860000, 0x00007fb881b50000)
  eden space 2557952K,   0% used [0x00007fb32c600000, 0x00007fb32c600000, 0x00007fb3c8800000)
  from space 319680K,   2% used [0x00007fb3dc030000, 0x00007fb3dc90abe0, 0x00007fb3ef860000)
  to   space 319680K,   0% used [0x00007fb3c8800000, 0x00007fb3c8800000, 0x00007fb3dc030000)
 tenured generation   total 6394604K, used 6392368K [0x00007fb881b50000, 0x00007fba0800b000, 0x00007fc32c600000)
   the space 6394604K,  99% used [0x00007fb881b50000, 0x00007fba07ddc1a8, 0x00007fba07ddc200, 0x00007fba0800b000)
 Metaspace       used 25090K, capacity 25632K, committed 25856K, reserved 26624K
}
Event: 27976.892 GC heap before
{Heap before GC invocations=40461 (full 4):
 def new generation   total 2877632K, used 2567018K [0x00007fb32c600000, 0x00007fb3ef860000, 0x00007fb881b50000)
  eden space 2557952K, 100% used [0x00007fb32c600000, 0x00007fb3c8800000, 0x00007fb3c8800000)
  from space 319680K,   2% used [0x00007fb3dc030000, 0x00007fb3dc90abe0, 0x00007fb3ef860000)
  to   space 319680K,   0% used [0x00007fb3c8800000, 0x00007fb3c8800000, 0x00007fb3dc030000)
 tenured generation   total 6394604K, used 6392368K [0x00007fb881b50000, 0x00007fba0800b000, 0x00007fc32c600000)
   the space 6394604K,  99% used [0x00007fb881b50000, 0x00007fba07ddc1a8, 0x00007fba07ddc200, 0x00007fba0800b000)
 Metaspace       used 25090K, capacity 25632K, committed 25856K, reserved 26624K
}
Event: 27976.912 GC heap after
{Heap after GC invocations=40462 (full 4):
 def new generation   total 2877632K, used 9066K [0x00007fb32c600000, 0x00007fb3ef860000, 0x00007fb881b50000)
  eden space 2557952K,   0% used [0x00007fb32c600000, 0x00007fb32c600000, 0x00007fb3c8800000)
  from space 319680K,   2% used [0x00007fb3c8800000, 0x00007fb3c90daa90, 0x00007fb3dc030000)
  to   space 319680K,   0% used [0x00007fb3dc030000, 0x00007fb3dc030000, 0x00007fb3ef860000)
 tenured generation   total 6394604K, used 6392962K [0x00007fb881b50000, 0x00007fba0800b000, 0x00007fc32c600000)
   the space 6394604K,  99% used [0x00007fb881b50000, 0x00007fba07e70b08, 0x00007fba07e70c00, 0x00007fba0800b000)
 Metaspace       used 25090K, capacity 25632K, committed 25856K, reserved 26624K
}
Event: 27978.724 GC heap before
{Heap before GC invocations=40462 (full 4):
 def new generation   total 2877632K, used 2567018K [0x00007fb32c600000, 0x00007fb3ef860000, 0x00007fb881b50000)
  eden space 2557952K, 100% used [0x00007fb32c600000, 0x00007fb3c8800000, 0x00007fb3c8800000)
  from space 319680K,   2% used [0x00007fb3c8800000, 0x00007fb3c90daa90, 0x00007fb3dc030000)
  to   space 319680K,   0% used [0x00007fb3dc030000, 0x00007fb3dc030000, 0x00007fb3ef860000)
 tenured generation   total 6394604K, used 6392962K [0x00007fb881b50000, 0x00007fba0800b000, 0x00007fc32c600000)
   the space 6394604K,  99% used [0x00007fb881b50000, 0x00007fba07e70b08, 0x00007fba07e70c00, 0x00007fba0800b000)
 Metaspace       used 25090K, capacity 25632K, committed 25856K, reserved 26624K
}
Event: 27978.742 GC heap after
{Heap after GC invocations=40463 (full 4):
 def new generation   total 2877632K, used 9035K [0x00007fb32c600000, 0x00007fb3ef860000, 0x00007fb881b50000)
  eden space 2557952K,   0% used [0x00007fb32c600000, 0x00007fb32c600000, 0x00007fb3c8800000)
  from space 319680K,   2% used [0x00007fb3dc030000, 0x00007fb3dc902fb8, 0x00007fb3ef860000)
  to   space 319680K,   0% used [0x00007fb3c8800000, 0x00007fb3c8800000, 0x00007fb3dc030000)
 tenured generation   total 6394604K, used 6393578K [0x00007fb881b50000, 0x00007fba0800b000, 0x00007fc32c600000)
   the space 6394604K,  99% used [0x00007fb881b50000, 0x00007fba07f0a950, 0x00007fba07f0aa00, 0x00007fba0800b000)
 Metaspace       used 25090K, capacity 25632K, committed 25856K, reserved 26624K
}
Event: 27980.649 GC heap before
{Heap before GC invocations=40463 (full 4):
 def new generation   total 2877632K, used 2566987K [0x00007fb32c600000, 0x00007fb3ef860000, 0x00007fb881b50000)
  eden space 2557952K, 100% used [0x00007fb32c600000, 0x00007fb3c8800000, 0x00007fb3c8800000)
  from space 319680K,   2% used [0x00007fb3dc030000, 0x00007fb3dc902fb8, 0x00007fb3ef860000)
  to   space 319680K,   0% used [0x00007fb3c8800000, 0x00007fb3c8800000, 0x00007fb3dc030000)
 tenured generation   total 6394604K, used 6393578K [0x00007fb881b50000, 0x00007fba0800b000, 0x00007fc32c600000)
   the space 6394604K,  99% used [0x00007fb881b50000, 0x00007fba07f0a950, 0x00007fba07f0aa00, 0x00007fba0800b000)
 Metaspace       used 25090K, capacity 25632K, committed 25856K, reserved 26624K
}
Event: 27980.667 GC heap after
{Heap after GC invocations=40464 (full 4):
 def new generation   total 2877632K, used 9049K [0x00007fb32c600000, 0x00007fb3ef860000, 0x00007fb881b50000)
  eden space 2557952K,   0% used [0x00007fb32c600000, 0x00007fb32c600000, 0x00007fb3c8800000)
  from space 319680K,   2% used [0x00007fb3c8800000, 0x00007fb3c90d66c8, 0x00007fb3dc030000)
  to   space 319680K,   0% used [0x00007fb3dc030000, 0x00007fb3dc030000, 0x00007fb3ef860000)
 tenured generation   total 6394604K, used 6394172K [0x00007fb881b50000, 0x00007fba0800b000, 0x00007fc32c600000)
   the space 6394604K,  99% used [0x00007fb881b50000, 0x00007fba07f9f2b0, 0x00007fba07f9f400, 0x00007fba0800b000)
 Metaspace       used 25090K, capacity 25632K, committed 25856K, reserved 26624K
}
Event: 27982.443 GC heap before
{Heap before GC invocations=40464 (full 4):
 def new generation   total 2877632K, used 2567001K [0x00007fb32c600000, 0x00007fb3ef860000, 0x00007fb881b50000)
  eden space 2557952K, 100% used [0x00007fb32c600000, 0x00007fb3c8800000, 0x00007fb3c8800000)
  from space 319680K,   2% used [0x00007fb3c8800000, 0x00007fb3c90d66c8, 0x00007fb3dc030000)
  to   space 319680K,   0% used [0x00007fb3dc030000, 0x00007fb3dc030000, 0x00007fb3ef860000)
 tenured generation   total 6394604K, used 6394172K [0x00007fb881b50000, 0x00007fba0800b000, 0x00007fc32c600000)
   the space 6394604K,  99% used [0x00007fb881b50000, 0x00007fba07f9f2b0, 0x00007fba07f9f400, 0x00007fba0800b000)
 Metaspace       used 25090K, capacity 25632K, committed 25856K, reserved 26624K
}
Event: 27982.465 GC heap after
{Heap after GC invocations=40465 (full 4):
 def new generation   total 2877632K, used 9062K [0x00007fb32c600000, 0x00007fb3ef860000, 0x00007fb881b50000)
  eden space 2557952K,   0% used [0x00007fb32c600000, 0x00007fb32c600000, 0x00007fb3c8800000)
  from space 319680K,   2% used [0x00007fb3dc030000, 0x00007fb3dc909848, 0x00007fb3ef860000)
  to   space 319680K,   0% used [0x00007fb3c8800000, 0x00007fb3c8800000, 0x00007fb3dc030000)
 tenured generation   total 6394796K, used 6394767K [0x00007fb881b50000, 0x00007fba0803b000, 0x00007fc32c600000)
   the space 6394796K,  99% used [0x00007fb881b50000, 0x00007fba08033c10, 0x00007fba08033e00, 0x00007fba0803b000)
 Metaspace       used 25090K, capacity 25632K, committed 25856K, reserved 26624K
}
Event: 27982.465 GC heap before
{Heap before GC invocations=40465 (full 4):
 def new generation   total 2877632K, used 9062K [0x00007fb32c600000, 0x00007fb3ef860000, 0x00007fb881b50000)
  eden space 2557952K,   0% used [0x00007fb32c600000, 0x00007fb32c600000, 0x00007fb3c8800000)
  from space 319680K,   2% used [0x00007fb3dc030000, 0x00007fb3dc909848, 0x00007fb3ef860000)
  to   space 319680K,   0% used [0x00007fb3c8800000, 0x00007fb3c8800000, 0x00007fb3dc030000)
 tenured generation   total 6394796K, used 6394767K [0x00007fb881b50000, 0x00007fba0803b000, 0x00007fc32c600000)
   the space 6394796K,  99% used [0x00007fb881b50000, 0x00007fba08033c10, 0x00007fba08033e00, 0x00007fba0803b000)
 Metaspace       used 25090K, capacity 25632K, committed 25856K, reserved 26624K
}

