# JRE version: OpenJDK Runtime Environment (13.0.7+5) (build 13.0.7+5-Ubuntu-0ubuntu120.04)
# Java VM: OpenJDK 64-Bit Server VM (13.0.7+5-Ubuntu-0ubuntu120.04, mixed mode, tiered, serial gc, linux-amd64)
Heap:
 def new generation   total 2884928K, used 12037K [0x00007eebf4600000, 0x00007eecb8050000, 0x00007ef149b50000)
  eden space 2564416K,   0% used [0x00007eebf4600000, 0x00007eebf51c14e8, 0x00007eec90e50000)
  from space 320512K,   0% used [0x00007eeca4750000, 0x00007eeca4750000, 0x00007eecb8050000)
  to   space 320512K,   0% used [0x00007eec90e50000, 0x00007eec90e50000, 0x00007eeca4750000)
 tenured generation   total 6411532K, used 6411531K [0x00007ef149b50000, 0x00007ef2d1093000, 0x00007efbf4600000)
   the space 6411532K,  99% used [0x00007ef149b50000, 0x00007ef2d1092ff8, 0x00007ef2d1093000, 0x00007ef2d1093000)
 Metaspace       used 25097K, capacity 25609K, committed 25856K, reserved 26624K
GC Heap History (20 events):
Event: 30640.287 GC heap after
{Heap after GC invocations=31236 (full 4):
 def new generation   total 2884928K, used 12199K [0x00007eebf4600000, 0x00007eecb8050000, 0x00007ef149b50000)
  eden space 2564416K,   0% used [0x00007eebf4600000, 0x00007eebf4600000, 0x00007eec90e50000)
  from space 320512K,   3% used [0x00007eec90e50000, 0x00007eec91a39e00, 0x00007eeca4750000)
  to   space 320512K,   0% used [0x00007eeca4750000, 0x00007eeca4750000, 0x00007eecb8050000)
 tenured generation   total 6410764K, used 6404128K [0x00007ef149b50000, 0x00007ef2d0fd3000, 0x00007efbf4600000)
   the space 6410764K,  99% used [0x00007ef149b50000, 0x00007ef2d09582b0, 0x00007ef2d0958400, 0x00007ef2d0fd3000)
 Metaspace       used 25097K, capacity 25609K, committed 25856K, reserved 26624K
}
Event: 30642.479 GC heap before
{Heap before GC invocations=31236 (full 4):
 def new generation   total 2884928K, used 2576615K [0x00007eebf4600000, 0x00007eecb8050000, 0x00007ef149b50000)
  eden space 2564416K, 100% used [0x00007eebf4600000, 0x00007eec90e50000, 0x00007eec90e50000)
  from space 320512K,   3% used [0x00007eec90e50000, 0x00007eec91a39e00, 0x00007eeca4750000)
  to   space 320512K,   0% used [0x00007eeca4750000, 0x00007eeca4750000, 0x00007eecb8050000)
 tenured generation   total 6410764K, used 6404128K [0x00007ef149b50000, 0x00007ef2d0fd3000, 0x00007efbf4600000)
   the space 6410764K,  99% used [0x00007ef149b50000, 0x00007ef2d09582b0, 0x00007ef2d0958400, 0x00007ef2d0fd3000)
 Metaspace       used 25097K, capacity 25609K, committed 25856K, reserved 26624K
}
Event: 30642.512 GC heap after
{Heap after GC invocations=31237 (full 4):
 def new generation   total 2884928K, used 12214K [0x00007eebf4600000, 0x00007eecb8050000, 0x00007ef149b50000)
  eden space 2564416K,   0% used [0x00007eebf4600000, 0x00007eebf4600000, 0x00007eec90e50000)
  from space 320512K,   3% used [0x00007eeca4750000, 0x00007eeca533db28, 0x00007eecb8050000)
  to   space 320512K,   0% used [0x00007eec90e50000, 0x00007eec90e50000, 0x00007eeca4750000)
 tenured generation   total 6410764K, used 6404933K [0x00007ef149b50000, 0x00007ef2d0fd3000, 0x00007efbf4600000)
   the space 6410764K,  99% used [0x00007ef149b50000, 0x00007ef2d0a21430, 0x00007ef2d0a21600, 0x00007ef2d0fd3000)
 Metaspace       used 25097K, capacity 25609K, committed 25856K, reserved 26624K
}
Event: 30644.663 GC heap before
{Heap before GC invocations=31237 (full 4):
 def new generation   total 2884928K, used 2576630K [0x00007eebf4600000, 0x00007eecb8050000, 0x00007ef149b50000)
  eden space 2564416K, 100% used [0x00007eebf4600000, 0x00007eec90e50000, 0x00007eec90e50000)
  from space 320512K,   3% used [0x00007eeca4750000, 0x00007eeca533db28, 0x00007eecb8050000)
  to   space 320512K,   0% used [0x00007eec90e50000, 0x00007eec90e50000, 0x00007eeca4750000)
 tenured generation   total 6410764K, used 6404933K [0x00007ef149b50000, 0x00007ef2d0fd3000, 0x00007efbf4600000)
   the space 6410764K,  99% used [0x00007ef149b50000, 0x00007ef2d0a21430, 0x00007ef2d0a21600, 0x00007ef2d0fd3000)
 Metaspace       used 25097K, capacity 25609K, committed 25856K, reserved 26624K
}
Event: 30644.691 GC heap after
{Heap after GC invocations=31238 (full 4):
 def new generation   total 2884928K, used 12195K [0x00007eebf4600000, 0x00007eecb8050000, 0x00007ef149b50000)
  eden space 2564416K,   0% used [0x00007eebf4600000, 0x00007eebf4600000, 0x00007eec90e50000)
  from space 320512K,   3% used [0x00007eec90e50000, 0x00007eec91a38e30, 0x00007eeca4750000)
  to   space 320512K,   0% used [0x00007eeca4750000, 0x00007eeca4750000, 0x00007eecb8050000)
 tenured generation   total 6410764K, used 6405757K [0x00007ef149b50000, 0x00007ef2d0fd3000, 0x00007efbf4600000)
   the space 6410764K,  99% used [0x00007ef149b50000, 0x00007ef2d0aef620, 0x00007ef2d0aef800, 0x00007ef2d0fd3000)
 Metaspace       used 25097K, capacity 25609K, committed 25856K, reserved 26624K
}
Event: 30646.898 GC heap before
{Heap before GC invocations=31238 (full 4):
 def new generation   total 2884928K, used 2576611K [0x00007eebf4600000, 0x00007eecb8050000, 0x00007ef149b50000)
  eden space 2564416K, 100% used [0x00007eebf4600000, 0x00007eec90e50000, 0x00007eec90e50000)
  from space 320512K,   3% used [0x00007eec90e50000, 0x00007eec91a38e30, 0x00007eeca4750000)
  to   space 320512K,   0% used [0x00007eeca4750000, 0x00007eeca4750000, 0x00007eecb8050000)
 tenured generation   total 6410764K, used 6405757K [0x00007ef149b50000, 0x00007ef2d0fd3000, 0x00007efbf4600000)
   the space 6410764K,  99% used [0x00007ef149b50000, 0x00007ef2d0aef620, 0x00007ef2d0aef800, 0x00007ef2d0fd3000)
 Metaspace       used 25097K, capacity 25609K, committed 25856K, reserved 26624K
}
Event: 30646.926 GC heap after
{Heap after GC invocations=31239 (full 4):
 def new generation   total 2884928K, used 12204K [0x00007eebf4600000, 0x00007eecb8050000, 0x00007ef149b50000)
  eden space 2564416K,   0% used [0x00007eebf4600000, 0x00007eebf4600000, 0x00007eec90e50000)
  from space 320512K,   3% used [0x00007eeca4750000, 0x00007eeca533b380, 0x00007eecb8050000)
  to   space 320512K,   0% used [0x00007eec90e50000, 0x00007eec90e50000, 0x00007eeca4750000)
 tenured generation   total 6410764K, used 6406561K [0x00007ef149b50000, 0x00007ef2d0fd3000, 0x00007efbf4600000)
   the space 6410764K,  99% used [0x00007ef149b50000, 0x00007ef2d0bb87a0, 0x00007ef2d0bb8800, 0x00007ef2d0fd3000)
 Metaspace       used 25097K, capacity 25609K, committed 25856K, reserved 26624K
}
Event: 30649.141 GC heap before
{Heap before GC invocations=31239 (full 4):
 def new generation   total 2884928K, used 2576620K [0x00007eebf4600000, 0x00007eecb8050000, 0x00007ef149b50000)
  eden space 2564416K, 100% used [0x00007eebf4600000, 0x00007eec90e50000, 0x00007eec90e50000)
  from space 320512K,   3% used [0x00007eeca4750000, 0x00007eeca533b380, 0x00007eecb8050000)
  to   space 320512K,   0% used [0x00007eec90e50000, 0x00007eec90e50000, 0x00007eeca4750000)
 tenured generation   total 6410764K, used 6406561K [0x00007ef149b50000, 0x00007ef2d0fd3000, 0x00007efbf4600000)
   the space 6410764K,  99% used [0x00007ef149b50000, 0x00007ef2d0bb87a0, 0x00007ef2d0bb8800, 0x00007ef2d0fd3000)
 Metaspace       used 25097K, capacity 25609K, committed 25856K, reserved 26624K
}
Event: 30649.167 GC heap after
{Heap after GC invocations=31240 (full 4):
 def new generation   total 2884928K, used 12188K [0x00007eebf4600000, 0x00007eecb8050000, 0x00007ef149b50000)
  eden space 2564416K,   0% used [0x00007eebf4600000, 0x00007eebf4600000, 0x00007eec90e50000)
  from space 320512K,   3% used [0x00007eec90e50000, 0x00007eec91a37220, 0x00007eeca4750000)
  to   space 320512K,   0% used [0x00007eeca4750000, 0x00007eeca4750000, 0x00007eecb8050000)
 tenured generation   total 6410764K, used 6407386K [0x00007ef149b50000, 0x00007ef2d0fd3000, 0x00007efbf4600000)
   the space 6410764K,  99% used [0x00007ef149b50000, 0x00007ef2d0c86990, 0x00007ef2d0c86a00, 0x00007ef2d0fd3000)
 Metaspace       used 25097K, capacity 25609K, committed 25856K, reserved 26624K
}
Event: 30651.412 GC heap before
{Heap before GC invocations=31240 (full 4):
 def new generation   total 2884928K, used 2576604K [0x00007eebf4600000, 0x00007eecb8050000, 0x00007ef149b50000)
  eden space 2564416K, 100% used [0x00007eebf4600000, 0x00007eec90e50000, 0x00007eec90e50000)
  from space 320512K,   3% used [0x00007eec90e50000, 0x00007eec91a37220, 0x00007eeca4750000)
  to   space 320512K,   0% used [0x00007eeca4750000, 0x00007eeca4750000, 0x00007eecb8050000)
 tenured generation   total 6410764K, used 6407386K [0x00007ef149b50000, 0x00007ef2d0fd3000, 0x00007efbf4600000)
   the space 6410764K,  99% used [0x00007ef149b50000, 0x00007ef2d0c86990, 0x00007ef2d0c86a00, 0x00007ef2d0fd3000)
 Metaspace       used 25097K, capacity 25609K, committed 25856K, reserved 26624K
}
Event: 30651.442 GC heap after
{Heap after GC invocations=31241 (full 4):
 def new generation   total 2884928K, used 12198K [0x00007eebf4600000, 0x00007eecb8050000, 0x00007ef149b50000)
  eden space 2564416K,   0% used [0x00007eebf4600000, 0x00007eebf4600000, 0x00007eec90e50000)
  from space 320512K,   3% used [0x00007eeca4750000, 0x00007eeca5339a70, 0x00007eecb8050000)
  to   space 320512K,   0% used [0x00007eec90e50000, 0x00007eec90e50000, 0x00007eeca4750000)
 tenured generation   total 6410764K, used 6408190K [0x00007ef149b50000, 0x00007ef2d0fd3000, 0x00007efbf4600000)
   the space 6410764K,  99% used [0x00007ef149b50000, 0x00007ef2d0d4fb10, 0x00007ef2d0d4fc00, 0x00007ef2d0fd3000)
 Metaspace       used 25097K, capacity 25609K, committed 25856K, reserved 26624K
}
Event: 30653.542 GC heap before
{Heap before GC invocations=31241 (full 4):
 def new generation   total 2884928K, used 2576614K [0x00007eebf4600000, 0x00007eecb8050000, 0x00007ef149b50000)
  eden space 2564416K, 100% used [0x00007eebf4600000, 0x00007eec90e50000, 0x00007eec90e50000)
  from space 320512K,   3% used [0x00007eeca4750000, 0x00007eeca5339a70, 0x00007eecb8050000)
  to   space 320512K,   0% used [0x00007eec90e50000, 0x00007eec90e50000, 0x00007eeca4750000)
 tenured generation   total 6410764K, used 6408190K [0x00007ef149b50000, 0x00007ef2d0fd3000, 0x00007efbf4600000)
   the space 6410764K,  99% used [0x00007ef149b50000, 0x00007ef2d0d4fb10, 0x00007ef2d0d4fc00, 0x00007ef2d0fd3000)
 Metaspace       used 25097K, capacity 25609K, committed 25856K, reserved 26624K
}
Event: 30653.572 GC heap after
{Heap after GC invocations=31242 (full 4):
 def new generation   total 2884928K, used 12108K [0x00007eebf4600000, 0x00007eecb8050000, 0x00007ef149b50000)
  eden space 2564416K,   0% used [0x00007eebf4600000, 0x00007eebf4600000, 0x00007eec90e50000)
  from space 320512K,   3% used [0x00007eec90e50000, 0x00007eec91a23068, 0x00007eeca4750000)
  to   space 320512K,   0% used [0x00007eeca4750000, 0x00007eeca4750000, 0x00007eecb8050000)
 tenured generation   total 6410764K, used 6409019K [0x00007ef149b50000, 0x00007ef2d0fd3000, 0x00007efbf4600000)
   the space 6410764K,  99% used [0x00007ef149b50000, 0x00007ef2d0e1ee40, 0x00007ef2d0e1f000, 0x00007ef2d0fd3000)
 Metaspace       used 25097K, capacity 25609K, committed 25856K, reserved 26624K
}
Event: 30655.772 GC heap before
{Heap before GC invocations=31242 (full 4):
 def new generation   total 2884928K, used 2576524K [0x00007eebf4600000, 0x00007eecb8050000, 0x00007ef149b50000)
  eden space 2564416K, 100% used [0x00007eebf4600000, 0x00007eec90e50000, 0x00007eec90e50000)
  from space 320512K,   3% used [0x00007eec90e50000, 0x00007eec91a23068, 0x00007eeca4750000)
  to   space 320512K,   0% used [0x00007eeca4750000, 0x00007eeca4750000, 0x00007eecb8050000)
 tenured generation   total 6410764K, used 6409019K [0x00007ef149b50000, 0x00007ef2d0fd3000, 0x00007efbf4600000)
   the space 6410764K,  99% used [0x00007ef149b50000, 0x00007ef2d0e1ee40, 0x00007ef2d0e1f000, 0x00007ef2d0fd3000)
 Metaspace       used 25097K, capacity 25609K, committed 25856K, reserved 26624K
}
Event: 30655.801 GC heap after
{Heap after GC invocations=31243 (full 4):
 def new generation   total 2884928K, used 12122K [0x00007eebf4600000, 0x00007eecb8050000, 0x00007ef149b50000)
  eden space 2564416K,   0% used [0x00007eebf4600000, 0x00007eebf4600000, 0x00007eec90e50000)
  from space 320512K,   3% used [0x00007eeca4750000, 0x00007eeca5326bf8, 0x00007eecb8050000)
  to   space 320512K,   0% used [0x00007eec90e50000, 0x00007eec90e50000, 0x00007eeca4750000)
 tenured generation   total 6410764K, used 6409823K [0x00007ef149b50000, 0x00007ef2d0fd3000, 0x00007efbf4600000)
   the space 6410764K,  99% used [0x00007ef149b50000, 0x00007ef2d0ee7fc0, 0x00007ef2d0ee8000, 0x00007ef2d0fd3000)
 Metaspace       used 25097K, capacity 25609K, committed 25856K, reserved 26624K
}
Event: 30657.929 GC heap before
{Heap before GC invocations=31243 (full 4):
 def new generation   total 2884928K, used 2576538K [0x00007eebf4600000, 0x00007eecb8050000, 0x00007ef149b50000)
  eden space 2564416K, 100% used [0x00007eebf4600000, 0x00007eec90e50000, 0x00007eec90e50000)
  from space 320512K,   3% used [0x00007eeca4750000, 0x00007eeca5326bf8, 0x00007eecb8050000)
  to   space 320512K,   0% used [0x00007eec90e50000, 0x00007eec90e50000, 0x00007eeca4750000)
 tenured generation   total 6410764K, used 6409823K [0x00007ef149b50000, 0x00007ef2d0fd3000, 0x00007efbf4600000)
   the space 6410764K,  99% used [0x00007ef149b50000, 0x00007ef2d0ee7fc0, 0x00007ef2d0ee8000, 0x00007ef2d0fd3000)
 Metaspace       used 25097K, capacity 25609K, committed 25856K, reserved 26624K
}
Event: 30657.953 GC heap after
{Heap after GC invocations=31244 (full 4):
 def new generation   total 2884928K, used 12144K [0x00007eebf4600000, 0x00007eecb8050000, 0x00007ef149b50000)
  eden space 2564416K,   0% used [0x00007eebf4600000, 0x00007eebf4600000, 0x00007eec90e50000)
  from space 320512K,   3% used [0x00007eec90e50000, 0x00007eec91a2c270, 0x00007eeca4750000)
  to   space 320512K,   0% used [0x00007eeca4750000, 0x00007eeca4750000, 0x00007eecb8050000)
 tenured generation   total 6410764K, used 6410628K [0x00007ef149b50000, 0x00007ef2d0fd3000, 0x00007efbf4600000)
   the space 6410764K,  99% used [0x00007ef149b50000, 0x00007ef2d0fb1140, 0x00007ef2d0fb1200, 0x00007ef2d0fd3000)
 Metaspace       used 25097K, capacity 25609K, committed 25856K, reserved 26624K
}
Event: 30660.168 GC heap before
{Heap before GC invocations=31244 (full 4):
 def new generation   total 2884928K, used 2576560K [0x00007eebf4600000, 0x00007eecb8050000, 0x00007ef149b50000)
  eden space 2564416K, 100% used [0x00007eebf4600000, 0x00007eec90e50000, 0x00007eec90e50000)
  from space 320512K,   3% used [0x00007eec90e50000, 0x00007eec91a2c270, 0x00007eeca4750000)
  to   space 320512K,   0% used [0x00007eeca4750000, 0x00007eeca4750000, 0x00007eecb8050000)
 tenured generation   total 6410764K, used 6410628K [0x00007ef149b50000, 0x00007ef2d0fd3000, 0x00007efbf4600000)
   the space 6410764K,  99% used [0x00007ef149b50000, 0x00007ef2d0fb1140, 0x00007ef2d0fb1200, 0x00007ef2d0fd3000)
 Metaspace       used 25097K, capacity 25609K, committed 25856K, reserved 26624K
}
Event: 30660.198 GC heap after
{Heap after GC invocations=31245 (full 4):
 def new generation   total 2884928K, used 12197K [0x00007eebf4600000, 0x00007eecb8050000, 0x00007ef149b50000)
  eden space 2564416K,   0% used [0x00007eebf4600000, 0x00007eebf4600000, 0x00007eec90e50000)
  from space 320512K,   3% used [0x00007eeca4750000, 0x00007eeca5339408, 0x00007eecb8050000)
  to   space 320512K,   0% used [0x00007eec90e50000, 0x00007eec90e50000, 0x00007eeca4750000)
 tenured generation   total 6411532K, used 6411372K [0x00007ef149b50000, 0x00007ef2d1093000, 0x00007efbf4600000)
   the space 6411532K,  99% used [0x00007ef149b50000, 0x00007ef2d106b0d8, 0x00007ef2d106b200, 0x00007ef2d1093000)
 Metaspace       used 25097K, capacity 25609K, committed 25856K, reserved 26624K
}
Event: 30660.198 GC heap before
{Heap before GC invocations=31245 (full 4):
 def new generation   total 2884928K, used 12197K [0x00007eebf4600000, 0x00007eecb8050000, 0x00007ef149b50000)
  eden space 2564416K,   0% used [0x00007eebf4600000, 0x00007eebf4600000, 0x00007eec90e50000)
  from space 320512K,   3% used [0x00007eeca4750000, 0x00007eeca5339408, 0x00007eecb8050000)
  to   space 320512K,   0% used [0x00007eec90e50000, 0x00007eec90e50000, 0x00007eeca4750000)
 tenured generation   total 6411532K, used 6411372K [0x00007ef149b50000, 0x00007ef2d1093000, 0x00007efbf4600000)
   the space 6411532K,  99% used [0x00007ef149b50000, 0x00007ef2d106b0d8, 0x00007ef2d106b200, 0x00007ef2d1093000)
 Metaspace       used 25097K, capacity 25609K, committed 25856K, reserved 26624K
}

