# JRE version: OpenJDK Runtime Environment (13.0.7+5) (build 13.0.7+5-Ubuntu-0ubuntu120.04)
# Java VM: OpenJDK 64-Bit Server VM (13.0.7+5-Ubuntu-0ubuntu120.04, mixed mode, tiered, serial gc, linux-amd64)
Heap:
 def new generation   total 629248K, used 581K [0x00007ef458600000, 0x00007ef4830c0000, 0x00007ef9adb50000)
  eden space 559360K,   0% used [0x00007ef458600000, 0x00007ef4586917b0, 0x00007ef47a840000)
  from space 69888K,   0% used [0x00007ef47a840000, 0x00007ef47a840000, 0x00007ef47ec80000)
  to   space 69888K,   0% used [0x00007ef47ec80000, 0x00007ef47ec80000, 0x00007ef4830c0000)
 tenured generation   total 1398336K, used 1398335K [0x00007ef9adb50000, 0x00007efa030e0000, 0x00007f0458600000)
   the space 1398336K,  99% used [0x00007ef9adb50000, 0x00007efa030dffe8, 0x00007efa030e0000, 0x00007efa030e0000)
 Metaspace       used 24801K, capacity 25308K, committed 25344K, reserved 26624K
GC Heap History (20 events):
Event: 12796.610 GC heap after
{Heap after GC invocations=35746 (full 1):
 def new generation   total 629248K, used 750K [0x00007ef458600000, 0x00007ef4830c0000, 0x00007ef9adb50000)
  eden space 559360K,   0% used [0x00007ef458600000, 0x00007ef458600000, 0x00007ef47a840000)
  from space 69888K,   1% used [0x00007ef47ec80000, 0x00007ef47ed3bb78, 0x00007ef4830c0000)
  to   space 69888K,   0% used [0x00007ef47a840000, 0x00007ef47a840000, 0x00007ef47ec80000)
 tenured generation   total 1398144K, used 1397851K [0x00007ef9adb50000, 0x00007efa030b0000, 0x00007f0458600000)
   the space 1398144K,  99% used [0x00007ef9adb50000, 0x00007efa03066ee8, 0x00007efa03067000, 0x00007efa030b0000)
 Metaspace       used 24801K, capacity 25308K, committed 25344K, reserved 26624K
}
Event: 12796.958 GC heap before
{Heap before GC invocations=35746 (full 1):
 def new generation   total 629248K, used 560110K [0x00007ef458600000, 0x00007ef4830c0000, 0x00007ef9adb50000)
  eden space 559360K, 100% used [0x00007ef458600000, 0x00007ef47a840000, 0x00007ef47a840000)
  from space 69888K,   1% used [0x00007ef47ec80000, 0x00007ef47ed3bb78, 0x00007ef4830c0000)
  to   space 69888K,   0% used [0x00007ef47a840000, 0x00007ef47a840000, 0x00007ef47ec80000)
 tenured generation   total 1398144K, used 1397851K [0x00007ef9adb50000, 0x00007efa030b0000, 0x00007f0458600000)
   the space 1398144K,  99% used [0x00007ef9adb50000, 0x00007efa03066ee8, 0x00007efa03067000, 0x00007efa030b0000)
 Metaspace       used 24801K, capacity 25308K, committed 25344K, reserved 26624K
}
Event: 12796.961 GC heap after
{Heap after GC invocations=35747 (full 1):
 def new generation   total 629248K, used 727K [0x00007ef458600000, 0x00007ef4830c0000, 0x00007ef9adb50000)
  eden space 559360K,   0% used [0x00007ef458600000, 0x00007ef458600000, 0x00007ef47a840000)
  from space 69888K,   1% used [0x00007ef47a840000, 0x00007ef47a8f5e38, 0x00007ef47ec80000)
  to   space 69888K,   0% used [0x00007ef47ec80000, 0x00007ef47ec80000, 0x00007ef4830c0000)
 tenured generation   total 1398144K, used 1397890K [0x00007ef9adb50000, 0x00007efa030b0000, 0x00007f0458600000)
   the space 1398144K,  99% used [0x00007ef9adb50000, 0x00007efa03070880, 0x00007efa03070a00, 0x00007efa030b0000)
 Metaspace       used 24801K, capacity 25308K, committed 25344K, reserved 26624K
}
Event: 12797.311 GC heap before
{Heap before GC invocations=35747 (full 1):
 def new generation   total 629248K, used 560087K [0x00007ef458600000, 0x00007ef4830c0000, 0x00007ef9adb50000)
  eden space 559360K, 100% used [0x00007ef458600000, 0x00007ef47a840000, 0x00007ef47a840000)
  from space 69888K,   1% used [0x00007ef47a840000, 0x00007ef47a8f5e38, 0x00007ef47ec80000)
  to   space 69888K,   0% used [0x00007ef47ec80000, 0x00007ef47ec80000, 0x00007ef4830c0000)
 tenured generation   total 1398144K, used 1397890K [0x00007ef9adb50000, 0x00007efa030b0000, 0x00007f0458600000)
   the space 1398144K,  99% used [0x00007ef9adb50000, 0x00007efa03070880, 0x00007efa03070a00, 0x00007efa030b0000)
 Metaspace       used 24801K, capacity 25308K, committed 25344K, reserved 26624K
}
Event: 12797.313 GC heap after
{Heap after GC invocations=35748 (full 1):
 def new generation   total 629248K, used 747K [0x00007ef458600000, 0x00007ef4830c0000, 0x00007ef9adb50000)
  eden space 559360K,   0% used [0x00007ef458600000, 0x00007ef458600000, 0x00007ef47a840000)
  from space 69888K,   1% used [0x00007ef47ec80000, 0x00007ef47ed3acf8, 0x00007ef4830c0000)
  to   space 69888K,   0% used [0x00007ef47a840000, 0x00007ef47a840000, 0x00007ef47ec80000)
 tenured generation   total 1398144K, used 1397928K [0x00007ef9adb50000, 0x00007efa030b0000, 0x00007f0458600000)
   the space 1398144K,  99% used [0x00007ef9adb50000, 0x00007efa0307a218, 0x00007efa0307a400, 0x00007efa030b0000)
 Metaspace       used 24801K, capacity 25308K, committed 25344K, reserved 26624K
}
Event: 12797.668 GC heap before
{Heap before GC invocations=35748 (full 1):
 def new generation   total 629248K, used 560107K [0x00007ef458600000, 0x00007ef4830c0000, 0x00007ef9adb50000)
  eden space 559360K, 100% used [0x00007ef458600000, 0x00007ef47a840000, 0x00007ef47a840000)
  from space 69888K,   1% used [0x00007ef47ec80000, 0x00007ef47ed3acf8, 0x00007ef4830c0000)
  to   space 69888K,   0% used [0x00007ef47a840000, 0x00007ef47a840000, 0x00007ef47ec80000)
 tenured generation   total 1398144K, used 1397928K [0x00007ef9adb50000, 0x00007efa030b0000, 0x00007f0458600000)
   the space 1398144K,  99% used [0x00007ef9adb50000, 0x00007efa0307a218, 0x00007efa0307a400, 0x00007efa030b0000)
 Metaspace       used 24801K, capacity 25308K, committed 25344K, reserved 26624K
}
Event: 12797.671 GC heap after
{Heap after GC invocations=35749 (full 1):
 def new generation   total 629248K, used 730K [0x00007ef458600000, 0x00007ef4830c0000, 0x00007ef9adb50000)
  eden space 559360K,   0% used [0x00007ef458600000, 0x00007ef458600000, 0x00007ef47a840000)
  from space 69888K,   1% used [0x00007ef47a840000, 0x00007ef47a8f6b10, 0x00007ef47ec80000)
  to   space 69888K,   0% used [0x00007ef47ec80000, 0x00007ef47ec80000, 0x00007ef4830c0000)
 tenured generation   total 1398144K, used 1397966K [0x00007ef9adb50000, 0x00007efa030b0000, 0x00007f0458600000)
   the space 1398144K,  99% used [0x00007ef9adb50000, 0x00007efa03083bb0, 0x00007efa03083c00, 0x00007efa030b0000)
 Metaspace       used 24801K, capacity 25308K, committed 25344K, reserved 26624K
}
Event: 12798.025 GC heap before
{Heap before GC invocations=35749 (full 1):
 def new generation   total 629248K, used 560090K [0x00007ef458600000, 0x00007ef4830c0000, 0x00007ef9adb50000)
  eden space 559360K, 100% used [0x00007ef458600000, 0x00007ef47a840000, 0x00007ef47a840000)
  from space 69888K,   1% used [0x00007ef47a840000, 0x00007ef47a8f6b10, 0x00007ef47ec80000)
  to   space 69888K,   0% used [0x00007ef47ec80000, 0x00007ef47ec80000, 0x00007ef4830c0000)
 tenured generation   total 1398144K, used 1397966K [0x00007ef9adb50000, 0x00007efa030b0000, 0x00007f0458600000)
   the space 1398144K,  99% used [0x00007ef9adb50000, 0x00007efa03083bb0, 0x00007efa03083c00, 0x00007efa030b0000)
 Metaspace       used 24801K, capacity 25308K, committed 25344K, reserved 26624K
}
Event: 12798.028 GC heap after
{Heap after GC invocations=35750 (full 1):
 def new generation   total 629248K, used 743K [0x00007ef458600000, 0x00007ef4830c0000, 0x00007ef9adb50000)
  eden space 559360K,   0% used [0x00007ef458600000, 0x00007ef458600000, 0x00007ef47a840000)
  from space 69888K,   1% used [0x00007ef47ec80000, 0x00007ef47ed39fa8, 0x00007ef4830c0000)
  to   space 69888K,   0% used [0x00007ef47a840000, 0x00007ef47a840000, 0x00007ef47ec80000)
 tenured generation   total 1398144K, used 1398005K [0x00007ef9adb50000, 0x00007efa030b0000, 0x00007f0458600000)
   the space 1398144K,  99% used [0x00007ef9adb50000, 0x00007efa0308d548, 0x00007efa0308d600, 0x00007efa030b0000)
 Metaspace       used 24801K, capacity 25308K, committed 25344K, reserved 26624K
}
Event: 12798.382 GC heap before
{Heap before GC invocations=35750 (full 1):
 def new generation   total 629248K, used 560103K [0x00007ef458600000, 0x00007ef4830c0000, 0x00007ef9adb50000)
  eden space 559360K, 100% used [0x00007ef458600000, 0x00007ef47a840000, 0x00007ef47a840000)
  from space 69888K,   1% used [0x00007ef47ec80000, 0x00007ef47ed39fa8, 0x00007ef4830c0000)
  to   space 69888K,   0% used [0x00007ef47a840000, 0x00007ef47a840000, 0x00007ef47ec80000)
 tenured generation   total 1398144K, used 1398005K [0x00007ef9adb50000, 0x00007efa030b0000, 0x00007f0458600000)
   the space 1398144K,  99% used [0x00007ef9adb50000, 0x00007efa0308d548, 0x00007efa0308d600, 0x00007efa030b0000)
 Metaspace       used 24801K, capacity 25308K, committed 25344K, reserved 26624K
}
Event: 12798.384 GC heap after
{Heap after GC invocations=35751 (full 1):
 def new generation   total 629248K, used 727K [0x00007ef458600000, 0x00007ef4830c0000, 0x00007ef9adb50000)
  eden space 559360K,   0% used [0x00007ef458600000, 0x00007ef458600000, 0x00007ef47a840000)
  from space 69888K,   1% used [0x00007ef47a840000, 0x00007ef47a8f5c50, 0x00007ef47ec80000)
  to   space 69888K,   0% used [0x00007ef47ec80000, 0x00007ef47ec80000, 0x00007ef4830c0000)
 tenured generation   total 1398144K, used 1398043K [0x00007ef9adb50000, 0x00007efa030b0000, 0x00007f0458600000)
   the space 1398144K,  99% used [0x00007ef9adb50000, 0x00007efa03096ee0, 0x00007efa03097000, 0x00007efa030b0000)
 Metaspace       used 24801K, capacity 25308K, committed 25344K, reserved 26624K
}
Event: 12798.738 GC heap before
{Heap before GC invocations=35751 (full 1):
 def new generation   total 629248K, used 560087K [0x00007ef458600000, 0x00007ef4830c0000, 0x00007ef9adb50000)
  eden space 559360K, 100% used [0x00007ef458600000, 0x00007ef47a840000, 0x00007ef47a840000)
  from space 69888K,   1% used [0x00007ef47a840000, 0x00007ef47a8f5c50, 0x00007ef47ec80000)
  to   space 69888K,   0% used [0x00007ef47ec80000, 0x00007ef47ec80000, 0x00007ef4830c0000)
 tenured generation   total 1398144K, used 1398043K [0x00007ef9adb50000, 0x00007efa030b0000, 0x00007f0458600000)
   the space 1398144K,  99% used [0x00007ef9adb50000, 0x00007efa03096ee0, 0x00007efa03097000, 0x00007efa030b0000)
 Metaspace       used 24801K, capacity 25308K, committed 25344K, reserved 26624K
}
Event: 12798.740 GC heap after
{Heap after GC invocations=35752 (full 1):
 def new generation   total 629248K, used 716K [0x00007ef458600000, 0x00007ef4830c0000, 0x00007ef9adb50000)
  eden space 559360K,   0% used [0x00007ef458600000, 0x00007ef458600000, 0x00007ef47a840000)
  from space 69888K,   1% used [0x00007ef47ec80000, 0x00007ef47ed331a0, 0x00007ef4830c0000)
  to   space 69888K,   0% used [0x00007ef47a840000, 0x00007ef47a840000, 0x00007ef47ec80000)
 tenured generation   total 1398144K, used 1398082K [0x00007ef9adb50000, 0x00007efa030b0000, 0x00007f0458600000)
   the space 1398144K,  99% used [0x00007ef9adb50000, 0x00007efa030a0878, 0x00007efa030a0a00, 0x00007efa030b0000)
 Metaspace       used 24801K, capacity 25308K, committed 25344K, reserved 26624K
}
Event: 12799.089 GC heap before
{Heap before GC invocations=35752 (full 1):
 def new generation   total 629248K, used 560076K [0x00007ef458600000, 0x00007ef4830c0000, 0x00007ef9adb50000)
  eden space 559360K, 100% used [0x00007ef458600000, 0x00007ef47a840000, 0x00007ef47a840000)
  from space 69888K,   1% used [0x00007ef47ec80000, 0x00007ef47ed331a0, 0x00007ef4830c0000)
  to   space 69888K,   0% used [0x00007ef47a840000, 0x00007ef47a840000, 0x00007ef47ec80000)
 tenured generation   total 1398144K, used 1398082K [0x00007ef9adb50000, 0x00007efa030b0000, 0x00007f0458600000)
   the space 1398144K,  99% used [0x00007ef9adb50000, 0x00007efa030a0878, 0x00007efa030a0a00, 0x00007efa030b0000)
 Metaspace       used 24801K, capacity 25308K, committed 25344K, reserved 26624K
}
Event: 12799.092 GC heap after
{Heap after GC invocations=35753 (full 1):
 def new generation   total 629248K, used 762K [0x00007ef458600000, 0x00007ef4830c0000, 0x00007ef9adb50000)
  eden space 559360K,   0% used [0x00007ef458600000, 0x00007ef458600000, 0x00007ef47a840000)
  from space 69888K,   1% used [0x00007ef47a840000, 0x00007ef47a8fe8e0, 0x00007ef47ec80000)
  to   space 69888K,   0% used [0x00007ef47ec80000, 0x00007ef47ec80000, 0x00007ef4830c0000)
 tenured generation   total 1398144K, used 1398082K [0x00007ef9adb50000, 0x00007efa030b0000, 0x00007f0458600000)
   the space 1398144K,  99% used [0x00007ef9adb50000, 0x00007efa030a0ab8, 0x00007efa030a0c00, 0x00007efa030b0000)
 Metaspace       used 24801K, capacity 25308K, committed 25344K, reserved 26624K
}
Event: 12799.444 GC heap before
{Heap before GC invocations=35753 (full 1):
 def new generation   total 629248K, used 560122K [0x00007ef458600000, 0x00007ef4830c0000, 0x00007ef9adb50000)
  eden space 559360K, 100% used [0x00007ef458600000, 0x00007ef47a840000, 0x00007ef47a840000)
  from space 69888K,   1% used [0x00007ef47a840000, 0x00007ef47a8fe8e0, 0x00007ef47ec80000)
  to   space 69888K,   0% used [0x00007ef47ec80000, 0x00007ef47ec80000, 0x00007ef4830c0000)
 tenured generation   total 1398144K, used 1398082K [0x00007ef9adb50000, 0x00007efa030b0000, 0x00007f0458600000)
   the space 1398144K,  99% used [0x00007ef9adb50000, 0x00007efa030a0ab8, 0x00007efa030a0c00, 0x00007efa030b0000)
 Metaspace       used 24801K, capacity 25308K, committed 25344K, reserved 26624K
}
Event: 12799.446 GC heap after
{Heap after GC invocations=35754 (full 1):
 def new generation   total 629248K, used 770K [0x00007ef458600000, 0x00007ef4830c0000, 0x00007ef9adb50000)
  eden space 559360K,   0% used [0x00007ef458600000, 0x00007ef458600000, 0x00007ef47a840000)
  from space 69888K,   1% used [0x00007ef47ec80000, 0x00007ef47ed409b8, 0x00007ef4830c0000)
  to   space 69888K,   0% used [0x00007ef47a840000, 0x00007ef47a840000, 0x00007ef47ec80000)
 tenured generation   total 1398144K, used 1398120K [0x00007ef9adb50000, 0x00007efa030b0000, 0x00007f0458600000)
   the space 1398144K,  99% used [0x00007ef9adb50000, 0x00007efa030aa210, 0x00007efa030aa400, 0x00007efa030b0000)
 Metaspace       used 24801K, capacity 25308K, committed 25344K, reserved 26624K
}
Event: 12799.795 GC heap before
{Heap before GC invocations=35754 (full 1):
 def new generation   total 629248K, used 560130K [0x00007ef458600000, 0x00007ef4830c0000, 0x00007ef9adb50000)
  eden space 559360K, 100% used [0x00007ef458600000, 0x00007ef47a840000, 0x00007ef47a840000)
  from space 69888K,   1% used [0x00007ef47ec80000, 0x00007ef47ed409b8, 0x00007ef4830c0000)
  to   space 69888K,   0% used [0x00007ef47a840000, 0x00007ef47a840000, 0x00007ef47ec80000)
 tenured generation   total 1398144K, used 1398120K [0x00007ef9adb50000, 0x00007efa030b0000, 0x00007f0458600000)
   the space 1398144K,  99% used [0x00007ef9adb50000, 0x00007efa030aa210, 0x00007efa030aa400, 0x00007efa030b0000)
 Metaspace       used 24801K, capacity 25308K, committed 25344K, reserved 26624K
}
Event: 12799.797 GC heap after
{Heap after GC invocations=35755 (full 1):
 def new generation   total 629248K, used 758K [0x00007ef458600000, 0x00007ef4830c0000, 0x00007ef9adb50000)
  eden space 559360K,   0% used [0x00007ef458600000, 0x00007ef458600000, 0x00007ef47a840000)
  from space 69888K,   1% used [0x00007ef47a840000, 0x00007ef47a8fdbf0, 0x00007ef47ec80000)
  to   space 69888K,   0% used [0x00007ef47ec80000, 0x00007ef47ec80000, 0x00007ef4830c0000)
 tenured generation   total 1398336K, used 1398158K [0x00007ef9adb50000, 0x00007efa030e0000, 0x00007f0458600000)
   the space 1398336K,  99% used [0x00007ef9adb50000, 0x00007efa030b3ba8, 0x00007efa030b3c00, 0x00007efa030e0000)
 Metaspace       used 24801K, capacity 25308K, committed 25344K, reserved 26624K
}
Event: 12799.797 GC heap before
{Heap before GC invocations=35755 (full 1):
 def new generation   total 629248K, used 758K [0x00007ef458600000, 0x00007ef4830c0000, 0x00007ef9adb50000)
  eden space 559360K,   0% used [0x00007ef458600000, 0x00007ef458600000, 0x00007ef47a840000)
  from space 69888K,   1% used [0x00007ef47a840000, 0x00007ef47a8fdbf0, 0x00007ef47ec80000)
  to   space 69888K,   0% used [0x00007ef47ec80000, 0x00007ef47ec80000, 0x00007ef4830c0000)
 tenured generation   total 1398336K, used 1398158K [0x00007ef9adb50000, 0x00007efa030e0000, 0x00007f0458600000)
   the space 1398336K,  99% used [0x00007ef9adb50000, 0x00007efa030b3ba8, 0x00007efa030b3c00, 0x00007efa030e0000)
 Metaspace       used 24801K, capacity 25308K, committed 25344K, reserved 26624K
}

