# JRE version: OpenJDK Runtime Environment (13.0.7+5) (build 13.0.7+5-Ubuntu-0ubuntu120.04)
# Java VM: OpenJDK 64-Bit Server VM (13.0.7+5-Ubuntu-0ubuntu120.04, mixed mode, tiered, serial gc, linux-amd64)
Heap:
 def new generation   total 1748160K, used 0K [0x00007f3534600000, 0x00007f35aaed0000, 0x00007f3a89b50000)
  eden space 1553984K,   0% used [0x00007f3534600000, 0x00007f3534600000, 0x00007f3593390000)
  from space 194176K,   0% used [0x00007f359f130000, 0x00007f359f130000, 0x00007f35aaed0000)
  to   space 194176K,   0% used [0x00007f3593390000, 0x00007f3593390000, 0x00007f359f130000)
 tenured generation   total 3884780K, used 3819991K [0x00007f3a89b50000, 0x00007f3b76d0b000, 0x00007f4534600000)
   the space 3884780K,  98% used [0x00007f3a89b50000, 0x00007f3b72dc5fb0, 0x00007f3b72dc6000, 0x00007f3b76d0b000)
 Metaspace       used 24750K, capacity 25248K, committed 25344K, reserved 26624K
GC Heap History (20 events):
Event: 34587.489 GC heap after
{Heap after GC invocations=45624 (full 3):
 def new generation   total 1748160K, used 2324K [0x00007f3534600000, 0x00007f35aaed0000, 0x00007f3a89b50000)
  eden space 1553984K,   0% used [0x00007f3534600000, 0x00007f3534600000, 0x00007f3593390000)
  from space 194176K,   1% used [0x00007f3593390000, 0x00007f35935d50f8, 0x00007f359f130000)
  to   space 194176K,   0% used [0x00007f359f130000, 0x00007f359f130000, 0x00007f35aaed0000)
 tenured generation   total 3884588K, used 3883295K [0x00007f3a89b50000, 0x00007f3b76cdb000, 0x00007f4534600000)
   the space 3884588K,  99% used [0x00007f3a89b50000, 0x00007f3b76b97e08, 0x00007f3b76b98000, 0x00007f3b76cdb000)
 Metaspace       used 24750K, capacity 25248K, committed 25344K, reserved 26624K
}
Event: 34588.669 GC heap before
{Heap before GC invocations=45624 (full 3):
 def new generation   total 1748160K, used 1556308K [0x00007f3534600000, 0x00007f35aaed0000, 0x00007f3a89b50000)
  eden space 1553984K, 100% used [0x00007f3534600000, 0x00007f3593390000, 0x00007f3593390000)
  from space 194176K,   1% used [0x00007f3593390000, 0x00007f35935d50f8, 0x00007f359f130000)
  to   space 194176K,   0% used [0x00007f359f130000, 0x00007f359f130000, 0x00007f35aaed0000)
 tenured generation   total 3884588K, used 3883295K [0x00007f3a89b50000, 0x00007f3b76cdb000, 0x00007f4534600000)
   the space 3884588K,  99% used [0x00007f3a89b50000, 0x00007f3b76b97e08, 0x00007f3b76b98000, 0x00007f3b76cdb000)
 Metaspace       used 24750K, capacity 25248K, committed 25344K, reserved 26624K
}
Event: 34588.676 GC heap after
{Heap after GC invocations=45625 (full 3):
 def new generation   total 1748160K, used 2330K [0x00007f3534600000, 0x00007f35aaed0000, 0x00007f3a89b50000)
  eden space 1553984K,   0% used [0x00007f3534600000, 0x00007f3534600000, 0x00007f3593390000)
  from space 194176K,   1% used [0x00007f359f130000, 0x00007f359f376948, 0x00007f35aaed0000)
  to   space 194176K,   0% used [0x00007f3593390000, 0x00007f3593390000, 0x00007f359f130000)
 tenured generation   total 3884588K, used 3883445K [0x00007f3a89b50000, 0x00007f3b76cdb000, 0x00007f4534600000)
   the space 3884588K,  99% used [0x00007f3a89b50000, 0x00007f3b76bbd448, 0x00007f3b76bbd600, 0x00007f3b76cdb000)
 Metaspace       used 24750K, capacity 25248K, committed 25344K, reserved 26624K
}
Event: 34590.064 GC heap before
{Heap before GC invocations=45625 (full 3):
 def new generation   total 1748160K, used 1556314K [0x00007f3534600000, 0x00007f35aaed0000, 0x00007f3a89b50000)
  eden space 1553984K, 100% used [0x00007f3534600000, 0x00007f3593390000, 0x00007f3593390000)
  from space 194176K,   1% used [0x00007f359f130000, 0x00007f359f376948, 0x00007f35aaed0000)
  to   space 194176K,   0% used [0x00007f3593390000, 0x00007f3593390000, 0x00007f359f130000)
 tenured generation   total 3884588K, used 3883445K [0x00007f3a89b50000, 0x00007f3b76cdb000, 0x00007f4534600000)
   the space 3884588K,  99% used [0x00007f3a89b50000, 0x00007f3b76bbd448, 0x00007f3b76bbd600, 0x00007f3b76cdb000)
 Metaspace       used 24750K, capacity 25248K, committed 25344K, reserved 26624K
}
Event: 34590.075 GC heap after
{Heap after GC invocations=45626 (full 3):
 def new generation   total 1748160K, used 2338K [0x00007f3534600000, 0x00007f35aaed0000, 0x00007f3a89b50000)
  eden space 1553984K,   0% used [0x00007f3534600000, 0x00007f3534600000, 0x00007f3593390000)
  from space 194176K,   1% used [0x00007f3593390000, 0x00007f35935d8bc0, 0x00007f359f130000)
  to   space 194176K,   0% used [0x00007f359f130000, 0x00007f359f130000, 0x00007f35aaed0000)
 tenured generation   total 3884588K, used 3883594K [0x00007f3a89b50000, 0x00007f3b76cdb000, 0x00007f4534600000)
   the space 3884588K,  99% used [0x00007f3a89b50000, 0x00007f3b76be2a88, 0x00007f3b76be2c00, 0x00007f3b76cdb000)
 Metaspace       used 24750K, capacity 25248K, committed 25344K, reserved 26624K
}
Event: 34591.511 GC heap before
{Heap before GC invocations=45626 (full 3):
 def new generation   total 1748160K, used 1556322K [0x00007f3534600000, 0x00007f35aaed0000, 0x00007f3a89b50000)
  eden space 1553984K, 100% used [0x00007f3534600000, 0x00007f3593390000, 0x00007f3593390000)
  from space 194176K,   1% used [0x00007f3593390000, 0x00007f35935d8bc0, 0x00007f359f130000)
  to   space 194176K,   0% used [0x00007f359f130000, 0x00007f359f130000, 0x00007f35aaed0000)
 tenured generation   total 3884588K, used 3883594K [0x00007f3a89b50000, 0x00007f3b76cdb000, 0x00007f4534600000)
   the space 3884588K,  99% used [0x00007f3a89b50000, 0x00007f3b76be2a88, 0x00007f3b76be2c00, 0x00007f3b76cdb000)
 Metaspace       used 24750K, capacity 25248K, committed 25344K, reserved 26624K
}
Event: 34591.521 GC heap after
{Heap after GC invocations=45627 (full 3):
 def new generation   total 1748160K, used 2333K [0x00007f3534600000, 0x00007f35aaed0000, 0x00007f3a89b50000)
  eden space 1553984K,   0% used [0x00007f3534600000, 0x00007f3534600000, 0x00007f3593390000)
  from space 194176K,   1% used [0x00007f359f130000, 0x00007f359f377728, 0x00007f35aaed0000)
  to   space 194176K,   0% used [0x00007f3593390000, 0x00007f3593390000, 0x00007f359f130000)
 tenured generation   total 3884588K, used 3883744K [0x00007f3a89b50000, 0x00007f3b76cdb000, 0x00007f4534600000)
   the space 3884588K,  99% used [0x00007f3a89b50000, 0x00007f3b76c080c8, 0x00007f3b76c08200, 0x00007f3b76cdb000)
 Metaspace       used 24750K, capacity 25248K, committed 25344K, reserved 26624K
}
Event: 34592.923 GC heap before
{Heap before GC invocations=45627 (full 3):
 def new generation   total 1748160K, used 1556317K [0x00007f3534600000, 0x00007f35aaed0000, 0x00007f3a89b50000)
  eden space 1553984K, 100% used [0x00007f3534600000, 0x00007f3593390000, 0x00007f3593390000)
  from space 194176K,   1% used [0x00007f359f130000, 0x00007f359f377728, 0x00007f35aaed0000)
  to   space 194176K,   0% used [0x00007f3593390000, 0x00007f3593390000, 0x00007f359f130000)
 tenured generation   total 3884588K, used 3883744K [0x00007f3a89b50000, 0x00007f3b76cdb000, 0x00007f4534600000)
   the space 3884588K,  99% used [0x00007f3a89b50000, 0x00007f3b76c080c8, 0x00007f3b76c08200, 0x00007f3b76cdb000)
 Metaspace       used 24750K, capacity 25248K, committed 25344K, reserved 26624K
}
Event: 34592.937 GC heap after
{Heap after GC invocations=45628 (full 3):
 def new generation   total 1748160K, used 2349K [0x00007f3534600000, 0x00007f35aaed0000, 0x00007f3a89b50000)
  eden space 1553984K,   0% used [0x00007f3534600000, 0x00007f3534600000, 0x00007f3593390000)
  from space 194176K,   1% used [0x00007f3593390000, 0x00007f35935db770, 0x00007f359f130000)
  to   space 194176K,   0% used [0x00007f359f130000, 0x00007f359f130000, 0x00007f35aaed0000)
 tenured generation   total 3884588K, used 3883893K [0x00007f3a89b50000, 0x00007f3b76cdb000, 0x00007f4534600000)
   the space 3884588K,  99% used [0x00007f3a89b50000, 0x00007f3b76c2d708, 0x00007f3b76c2d800, 0x00007f3b76cdb000)
 Metaspace       used 24750K, capacity 25248K, committed 25344K, reserved 26624K
}
Event: 34594.322 GC heap before
{Heap before GC invocations=45628 (full 3):
 def new generation   total 1748160K, used 1556333K [0x00007f3534600000, 0x00007f35aaed0000, 0x00007f3a89b50000)
  eden space 1553984K, 100% used [0x00007f3534600000, 0x00007f3593390000, 0x00007f3593390000)
  from space 194176K,   1% used [0x00007f3593390000, 0x00007f35935db770, 0x00007f359f130000)
  to   space 194176K,   0% used [0x00007f359f130000, 0x00007f359f130000, 0x00007f35aaed0000)
 tenured generation   total 3884588K, used 3883893K [0x00007f3a89b50000, 0x00007f3b76cdb000, 0x00007f4534600000)
   the space 3884588K,  99% used [0x00007f3a89b50000, 0x00007f3b76c2d708, 0x00007f3b76c2d800, 0x00007f3b76cdb000)
 Metaspace       used 24750K, capacity 25248K, committed 25344K, reserved 26624K
}
Event: 34594.332 GC heap after
{Heap after GC invocations=45629 (full 3):
 def new generation   total 1748160K, used 2381K [0x00007f3534600000, 0x00007f35aaed0000, 0x00007f3a89b50000)
  eden space 1553984K,   0% used [0x00007f3534600000, 0x00007f3534600000, 0x00007f3593390000)
  from space 194176K,   1% used [0x00007f359f130000, 0x00007f359f383750, 0x00007f35aaed0000)
  to   space 194176K,   0% used [0x00007f3593390000, 0x00007f3593390000, 0x00007f359f130000)
 tenured generation   total 3884588K, used 3884043K [0x00007f3a89b50000, 0x00007f3b76cdb000, 0x00007f4534600000)
   the space 3884588K,  99% used [0x00007f3a89b50000, 0x00007f3b76c52d48, 0x00007f3b76c52e00, 0x00007f3b76cdb000)
 Metaspace       used 24750K, capacity 25248K, committed 25344K, reserved 26624K
}
Event: 34595.669 GC heap before
{Heap before GC invocations=45629 (full 3):
 def new generation   total 1748160K, used 1556365K [0x00007f3534600000, 0x00007f35aaed0000, 0x00007f3a89b50000)
  eden space 1553984K, 100% used [0x00007f3534600000, 0x00007f3593390000, 0x00007f3593390000)
  from space 194176K,   1% used [0x00007f359f130000, 0x00007f359f383750, 0x00007f35aaed0000)
  to   space 194176K,   0% used [0x00007f3593390000, 0x00007f3593390000, 0x00007f359f130000)
 tenured generation   total 3884588K, used 3884043K [0x00007f3a89b50000, 0x00007f3b76cdb000, 0x00007f4534600000)
   the space 3884588K,  99% used [0x00007f3a89b50000, 0x00007f3b76c52d48, 0x00007f3b76c52e00, 0x00007f3b76cdb000)
 Metaspace       used 24750K, capacity 25248K, committed 25344K, reserved 26624K
}
Event: 34595.680 GC heap after
{Heap after GC invocations=45630 (full 3):
 def new generation   total 1748160K, used 2387K [0x00007f3534600000, 0x00007f35aaed0000, 0x00007f3a89b50000)
  eden space 1553984K,   0% used [0x00007f3534600000, 0x00007f3534600000, 0x00007f3593390000)
  from space 194176K,   1% used [0x00007f3593390000, 0x00007f35935e4e20, 0x00007f359f130000)
  to   space 194176K,   0% used [0x00007f359f130000, 0x00007f359f130000, 0x00007f35aaed0000)
 tenured generation   total 3884588K, used 3884192K [0x00007f3a89b50000, 0x00007f3b76cdb000, 0x00007f4534600000)
   the space 3884588K,  99% used [0x00007f3a89b50000, 0x00007f3b76c78388, 0x00007f3b76c78400, 0x00007f3b76cdb000)
 Metaspace       used 24750K, capacity 25248K, committed 25344K, reserved 26624K
}
Event: 34597.065 GC heap before
{Heap before GC invocations=45630 (full 3):
 def new generation   total 1748160K, used 1556371K [0x00007f3534600000, 0x00007f35aaed0000, 0x00007f3a89b50000)
  eden space 1553984K, 100% used [0x00007f3534600000, 0x00007f3593390000, 0x00007f3593390000)
  from space 194176K,   1% used [0x00007f3593390000, 0x00007f35935e4e20, 0x00007f359f130000)
  to   space 194176K,   0% used [0x00007f359f130000, 0x00007f359f130000, 0x00007f35aaed0000)
 tenured generation   total 3884588K, used 3884192K [0x00007f3a89b50000, 0x00007f3b76cdb000, 0x00007f4534600000)
   the space 3884588K,  99% used [0x00007f3a89b50000, 0x00007f3b76c78388, 0x00007f3b76c78400, 0x00007f3b76cdb000)
 Metaspace       used 24750K, capacity 25248K, committed 25344K, reserved 26624K
}
Event: 34597.074 GC heap after
{Heap after GC invocations=45631 (full 3):
 def new generation   total 1748160K, used 2363K [0x00007f3534600000, 0x00007f35aaed0000, 0x00007f3a89b50000)
  eden space 1553984K,   0% used [0x00007f3534600000, 0x00007f3534600000, 0x00007f3593390000)
  from space 194176K,   1% used [0x00007f359f130000, 0x00007f359f37ed90, 0x00007f35aaed0000)
  to   space 194176K,   0% used [0x00007f3593390000, 0x00007f3593390000, 0x00007f359f130000)
 tenured generation   total 3884588K, used 3884342K [0x00007f3a89b50000, 0x00007f3b76cdb000, 0x00007f4534600000)
   the space 3884588K,  99% used [0x00007f3a89b50000, 0x00007f3b76c9d9c8, 0x00007f3b76c9da00, 0x00007f3b76cdb000)
 Metaspace       used 24750K, capacity 25248K, committed 25344K, reserved 26624K
}
Event: 34598.443 GC heap before
{Heap before GC invocations=45631 (full 3):
 def new generation   total 1748160K, used 1556347K [0x00007f3534600000, 0x00007f35aaed0000, 0x00007f3a89b50000)
  eden space 1553984K, 100% used [0x00007f3534600000, 0x00007f3593390000, 0x00007f3593390000)
  from space 194176K,   1% used [0x00007f359f130000, 0x00007f359f37ed90, 0x00007f35aaed0000)
  to   space 194176K,   0% used [0x00007f3593390000, 0x00007f3593390000, 0x00007f359f130000)
 tenured generation   total 3884588K, used 3884342K [0x00007f3a89b50000, 0x00007f3b76cdb000, 0x00007f4534600000)
   the space 3884588K,  99% used [0x00007f3a89b50000, 0x00007f3b76c9d9c8, 0x00007f3b76c9da00, 0x00007f3b76cdb000)
 Metaspace       used 24750K, capacity 25248K, committed 25344K, reserved 26624K
}
Event: 34598.451 GC heap after
{Heap after GC invocations=45632 (full 3):
 def new generation   total 1748160K, used 2361K [0x00007f3534600000, 0x00007f35aaed0000, 0x00007f3a89b50000)
  eden space 1553984K,   0% used [0x00007f3534600000, 0x00007f3534600000, 0x00007f3593390000)
  from space 194176K,   1% used [0x00007f3593390000, 0x00007f35935de788, 0x00007f359f130000)
  to   space 194176K,   0% used [0x00007f359f130000, 0x00007f359f130000, 0x00007f35aaed0000)
 tenured generation   total 3884588K, used 3884492K [0x00007f3a89b50000, 0x00007f3b76cdb000, 0x00007f4534600000)
   the space 3884588K,  99% used [0x00007f3a89b50000, 0x00007f3b76cc3008, 0x00007f3b76cc3200, 0x00007f3b76cdb000)
 Metaspace       used 24750K, capacity 25248K, committed 25344K, reserved 26624K
}
Event: 34599.821 GC heap before
{Heap before GC invocations=45632 (full 3):
 def new generation   total 1748160K, used 1556345K [0x00007f3534600000, 0x00007f35aaed0000, 0x00007f3a89b50000)
  eden space 1553984K, 100% used [0x00007f3534600000, 0x00007f3593390000, 0x00007f3593390000)
  from space 194176K,   1% used [0x00007f3593390000, 0x00007f35935de788, 0x00007f359f130000)
  to   space 194176K,   0% used [0x00007f359f130000, 0x00007f359f130000, 0x00007f35aaed0000)
 tenured generation   total 3884588K, used 3884492K [0x00007f3a89b50000, 0x00007f3b76cdb000, 0x00007f4534600000)
   the space 3884588K,  99% used [0x00007f3a89b50000, 0x00007f3b76cc3008, 0x00007f3b76cc3200, 0x00007f3b76cdb000)
 Metaspace       used 24750K, capacity 25248K, committed 25344K, reserved 26624K
}
Event: 34599.832 GC heap after
{Heap after GC invocations=45633 (full 3):
 def new generation   total 1748160K, used 2371K [0x00007f3534600000, 0x00007f35aaed0000, 0x00007f3a89b50000)
  eden space 1553984K,   0% used [0x00007f3534600000, 0x00007f3534600000, 0x00007f3593390000)
  from space 194176K,   1% used [0x00007f359f130000, 0x00007f359f380f18, 0x00007f35aaed0000)
  to   space 194176K,   0% used [0x00007f3593390000, 0x00007f3593390000, 0x00007f359f130000)
 tenured generation   total 3884780K, used 3884641K [0x00007f3a89b50000, 0x00007f3b76d0b000, 0x00007f4534600000)
   the space 3884780K,  99% used [0x00007f3a89b50000, 0x00007f3b76ce8648, 0x00007f3b76ce8800, 0x00007f3b76d0b000)
 Metaspace       used 24750K, capacity 25248K, committed 25344K, reserved 26624K
}
Event: 34599.832 GC heap before
{Heap before GC invocations=45633 (full 3):
 def new generation   total 1748160K, used 2371K [0x00007f3534600000, 0x00007f35aaed0000, 0x00007f3a89b50000)
  eden space 1553984K,   0% used [0x00007f3534600000, 0x00007f3534600000, 0x00007f3593390000)
  from space 194176K,   1% used [0x00007f359f130000, 0x00007f359f380f18, 0x00007f35aaed0000)
  to   space 194176K,   0% used [0x00007f3593390000, 0x00007f3593390000, 0x00007f359f130000)
 tenured generation   total 3884780K, used 3884641K [0x00007f3a89b50000, 0x00007f3b76d0b000, 0x00007f4534600000)
   the space 3884780K,  99% used [0x00007f3a89b50000, 0x00007f3b76ce8648, 0x00007f3b76ce8800, 0x00007f3b76d0b000)
 Metaspace       used 24750K, capacity 25248K, committed 25344K, reserved 26624K
}

